<?xml version="1.0" encoding="UTF-8"?>
<testsuite xmlns:xsi="http://www.w3.org/2001/XMLSchema-instance" xsi:noNamespaceSchemaLocation="https://maven.apache.org/surefire/maven-surefire-plugin/xsd/surefire-test-report-3.0.xsd" version="3.0" name="org.apache.hadoop.ozone.client.rpc.TestWatchForCommit" time="47.858" tests="1" errors="0" skipped="0" failures="0">
  <properties>
    <property name="java.specification.version" value="17"/>
    <property name="sun.jnu.encoding" value="UTF-8"/>
    <property name="gradle.enterprise.listener.surefire.forkId" value="1"/>
    <property name="java.class.path" value="/home/runner/work/ozone/ozone/hadoop-ozone/integration-test/target/test-classes:/home/runner/work/ozone/ozone/hadoop-ozone/integration-test/target/classes:/home/runner/work/ozone/ozone/hadoop-ozone/common/target/classes:/home/runner/.m2/repository/io/grpc/grpc-netty/1.58.0/grpc-netty-1.58.0.jar:/home/runner/.m2/repository/io/grpc/grpc-core/1.58.0/grpc-core-1.58.0.jar:/home/runner/.m2/repository/com/google/android/annotations/4.1.1.4/annotations-4.1.1.4.jar:/home/runner/.m2/repository/org/codehaus/mojo/animal-sniffer-annotations/1.23/animal-sniffer-annotations-1.23.jar:/home/runner/.m2/repository/io/grpc/grpc-context/1.58.0/grpc-context-1.58.0.jar:/home/runner/.m2/repository/io/grpc/grpc-util/1.58.0/grpc-util-1.58.0.jar:/home/runner/.m2/repository/com/google/errorprone/error_prone_annotations/2.2.0/error_prone_annotations-2.2.0.jar:/home/runner/.m2/repository/io/perfmark/perfmark-api/0.26.0/perfmark-api-0.26.0.jar:/home/runner/.m2/repository/io/netty/netty-codec-http2/4.1.100.Final/netty-codec-http2-4.1.100.Final.jar:/home/runner/.m2/repository/io/netty/netty-common/4.1.100.Final/netty-common-4.1.100.Final.jar:/home/runner/.m2/repository/io/netty/netty-buffer/4.1.100.Final/netty-buffer-4.1.100.Final.jar:/home/runner/.m2/repository/io/netty/netty-codec-http/4.1.100.Final/netty-codec-http-4.1.100.Final.jar:/home/runner/.m2/repository/io/netty/netty-handler-proxy/4.1.100.Final/netty-handler-proxy-4.1.100.Final.jar:/home/runner/.m2/repository/io/netty/netty-codec-socks/4.1.100.Final/netty-codec-socks-4.1.100.Final.jar:/home/runner/.m2/repository/io/netty/netty-tcnative-boringssl-static/2.0.61.Final/netty-tcnative-boringssl-static-2.0.61.Final.jar:/home/runner/.m2/repository/io/netty/netty-tcnative-classes/2.0.61.Final/netty-tcnative-classes-2.0.61.Final.jar:/home/runner/.m2/repository/io/netty/netty-tcnative-boringssl-static/2.0.61.Final/netty-tcnative-boringssl-static-2.0.61.Final-linux-x86_64.jar:/home/runner/.m2/repository/io/netty/netty-tcnative-boringssl-static/2.0.61.Final/netty-tcnative-boringssl-static-2.0.61.Final-linux-aarch_64.jar:/home/runner/.m2/repository/io/netty/netty-tcnative-boringssl-static/2.0.61.Final/netty-tcnative-boringssl-static-2.0.61.Final-osx-x86_64.jar:/home/runner/.m2/repository/io/netty/netty-tcnative-boringssl-static/2.0.61.Final/netty-tcnative-boringssl-static-2.0.61.Final-osx-aarch_64.jar:/home/runner/.m2/repository/io/netty/netty-tcnative-boringssl-static/2.0.61.Final/netty-tcnative-boringssl-static-2.0.61.Final-windows-x86_64.jar:/home/runner/.m2/repository/org/apache/commons/commons-compress/1.26.0/commons-compress-1.26.0.jar:/home/runner/work/ozone/ozone/hadoop-hdds/common/target/classes:/home/runner/work/ozone/ozone/hadoop-hdds/client/target/classes:/home/runner/work/ozone/ozone/hadoop-ozone/interface-client/target/classes:/home/runner/.m2/repository/org/apache/hadoop/hadoop-hdfs-client/3.3.6/hadoop-hdfs-client-3.3.6.jar:/home/runner/.m2/repository/com/squareup/okhttp3/okhttp/4.12.0/okhttp-4.12.0.jar:/home/runner/.m2/repository/com/squareup/okio/okio/3.6.0/okio-3.6.0.jar:/home/runner/.m2/repository/com/squareup/okio/okio-jvm/3.6.0/okio-jvm-3.6.0.jar:/home/runner/.m2/repository/org/jetbrains/kotlin/kotlin-stdlib-jdk8/1.9.22/kotlin-stdlib-jdk8-1.9.22.jar:/home/runner/.m2/repository/org/jetbrains/kotlin/kotlin-stdlib-jdk7/1.9.22/kotlin-stdlib-jdk7-1.9.22.jar:/home/runner/.m2/repository/org/jetbrains/kotlin/kotlin-stdlib-common/1.9.22/kotlin-stdlib-common-1.9.22.jar:/home/runner/work/ozone/ozone/hadoop-hdds/test-utils/target/classes:/home/runner/.m2/repository/org/assertj/assertj-core/3.12.2/assertj-core-3.12.2.jar:/home/runner/.m2/repository/com/google/guava/guava/32.0.0-jre/guava-32.0.0-jre.jar:/home/runner/.m2/repository/com/google/guava/failureaccess/1.0.1/failureaccess-1.0.1.jar:/home/runner/.m2/repository/com/google/guava/listenablefuture/9999.0-empty-to-avoid-conflict-with-guava/listenablefuture-9999.0-empty-to-avoid-conflict-with-guava.jar:/home/runner/.m2/repository/org/checkerframework/checker-qual/3.33.0/checker-qual-3.33.0.jar:/home/runner/.m2/repository/com/google/j2objc/j2objc-annotations/2.8/j2objc-annotations-2.8.jar:/home/runner/.m2/repository/commons-io/commons-io/2.16.1/commons-io-2.16.1.jar:/home/runner/.m2/repository/commons-logging/commons-logging/1.2/commons-logging-1.2.jar:/home/runner/.m2/repository/org/junit/jupiter/junit-jupiter-api/5.10.2/junit-jupiter-api-5.10.2.jar:/home/runner/.m2/repository/org/opentest4j/opentest4j/1.3.0/opentest4j-1.3.0.jar:/home/runner/.m2/repository/org/junit/platform/junit-platform-commons/1.10.2/junit-platform-commons-1.10.2.jar:/home/runner/.m2/repository/ch/qos/reload4j/reload4j/1.2.25/reload4j-1.2.25.jar:/home/runner/.m2/repository/jakarta/annotation/jakarta.annotation-api/2.1.1/jakarta.annotation-api-2.1.1.jar:/home/runner/.m2/repository/org/slf4j/slf4j-api/2.0.12/slf4j-api-2.0.12.jar:/home/runner/.m2/repository/org/apache/logging/log4j/log4j-api/2.17.1/log4j-api-2.17.1.jar:/home/runner/work/ozone/ozone/hadoop-hdds/server-scm/target/classes:/home/runner/.m2/repository/com/google/protobuf/protobuf-java/2.5.0/protobuf-java-2.5.0.jar:/home/runner/work/ozone/ozone/hadoop-hdds/container-service/target/classes:/home/runner/work/ozone/ozone/hadoop-hdds/hadoop-dependency-server/target/classes:/home/runner/.m2/repository/com/nimbusds/nimbus-jose-jwt/9.37.2/nimbus-jose-jwt-9.37.2.jar:/home/runner/.m2/repository/com/github/stephenc/jcip/jcip-annotations/1.0-1/jcip-annotations-1.0-1.jar:/home/runner/.m2/repository/org/apache/hadoop/hadoop-hdfs/3.3.6/hadoop-hdfs-3.3.6.jar:/home/runner/.m2/repository/commons-daemon/commons-daemon/1.3.4/commons-daemon-1.3.4.jar:/home/runner/.m2/repository/org/xerial/snappy/snappy-java/1.1.10.5/snappy-java-1.1.10.5.jar:/home/runner/work/ozone/ozone/hadoop-hdds/framework/target/classes:/home/runner/.m2/repository/org/bouncycastle/bcprov-jdk18on/1.77/bcprov-jdk18on-1.77.jar:/home/runner/.m2/repository/io/dropwizard/metrics/metrics-core/3.2.4/metrics-core-3.2.4.jar:/home/runner/.m2/repository/org/apache/commons/commons-text/1.11.0/commons-text-1.11.0.jar:/home/runner/work/ozone/ozone/hadoop-hdds/framework/target/test-classes:/home/runner/work/ozone/ozone/hadoop-hdds/interface-server/target/classes:/home/runner/work/ozone/ozone/hadoop-hdds/interface-admin/target/classes:/home/runner/work/ozone/ozone/hadoop-hdds/managed-rocksdb/target/classes:/home/runner/.m2/repository/org/rocksdb/rocksdbjni/7.7.3/rocksdbjni-7.7.3.jar:/home/runner/.m2/repository/org/slf4j/slf4j-reload4j/2.0.12/slf4j-reload4j-2.0.12.jar:/home/runner/.m2/repository/org/apache/commons/commons-configuration2/2.10.1/commons-configuration2-2.10.1.jar:/home/runner/.m2/repository/commons-fileupload/commons-fileupload/1.5/commons-fileupload-1.5.jar:/home/runner/.m2/repository/org/apache/logging/log4j/log4j-core/2.17.1/log4j-core-2.17.1.jar:/home/runner/.m2/repository/com/lmax/disruptor/3.4.4/disruptor-3.4.4.jar:/home/runner/.m2/repository/org/eclipse/jetty/jetty-util/9.4.53.v20231009/jetty-util-9.4.53.v20231009.jar:/home/runner/.m2/repository/org/eclipse/jetty/jetty-server/9.4.53.v20231009/jetty-server-9.4.53.v20231009.jar:/home/runner/.m2/repository/org/eclipse/jetty/jetty-http/9.4.53.v20231009/jetty-http-9.4.53.v20231009.jar:/home/runner/.m2/repository/org/eclipse/jetty/jetty-io/9.4.53.v20231009/jetty-io-9.4.53.v20231009.jar:/home/runner/.m2/repository/org/eclipse/jetty/jetty-servlet/9.4.53.v20231009/jetty-servlet-9.4.53.v20231009.jar:/home/runner/.m2/repository/org/eclipse/jetty/jetty-security/9.4.53.v20231009/jetty-security-9.4.53.v20231009.jar:/home/runner/.m2/repository/org/eclipse/jetty/jetty-util-ajax/9.4.53.v20231009/jetty-util-ajax-9.4.53.v20231009.jar:/home/runner/.m2/repository/org/eclipse/jetty/jetty-webapp/9.4.53.v20231009/jetty-webapp-9.4.53.v20231009.jar:/home/runner/.m2/repository/org/eclipse/jetty/jetty-xml/9.4.53.v20231009/jetty-xml-9.4.53.v20231009.jar:/home/runner/.m2/repository/org/apache/ratis/ratis-server/3.0.1/ratis-server-3.0.1.jar:/home/runner/.m2/repository/org/apache/ratis/ratis-thirdparty-misc/1.0.5/ratis-thirdparty-misc-1.0.5.jar:/home/runner/.m2/repository/org/apache/ratis/ratis-proto/3.0.1/ratis-proto-3.0.1.jar:/home/runner/.m2/repository/org/apache/ratis/ratis-common/3.0.1/ratis-common-3.0.1.jar:/home/runner/.m2/repository/org/apache/ratis/ratis-client/3.0.1/ratis-client-3.0.1.jar:/home/runner/.m2/repository/org/apache/ratis/ratis-server-api/3.0.1/ratis-server-api-3.0.1.jar:/home/runner/.m2/repository/org/apache/ratis/ratis-metrics-api/3.0.1/ratis-metrics-api-3.0.1.jar:/home/runner/.m2/repository/org/apache/ratis/ratis-metrics-dropwizard3/3.0.1/ratis-metrics-dropwizard3-3.0.1.jar:/home/runner/.m2/repository/io/prometheus/simpleclient_dropwizard/0.16.0/simpleclient_dropwizard-0.16.0.jar:/home/runner/.m2/repository/io/prometheus/simpleclient/0.16.0/simpleclient-0.16.0.jar:/home/runner/.m2/repository/io/prometheus/simpleclient_common/0.16.0/simpleclient_common-0.16.0.jar:/home/runner/.m2/repository/com/fasterxml/jackson/datatype/jackson-datatype-jsr310/2.16.1/jackson-datatype-jsr310-2.16.1.jar:/home/runner/.m2/repository/com/fasterxml/jackson/core/jackson-core/2.16.1/jackson-core-2.16.1.jar:/home/runner/work/ozone/ozone/hadoop-hdds/rocksdb-checkpoint-differ/target/classes:/home/runner/.m2/repository/org/jgrapht/jgrapht-core/1.4.0/jgrapht-core-1.4.0.jar:/home/runner/.m2/repository/org/jheaps/jheaps/0.11/jheaps-0.11.jar:/home/runner/.m2/repository/org/jgrapht/jgrapht-ext/1.4.0/jgrapht-ext-1.4.0.jar:/home/runner/.m2/repository/com/github/vlsi/mxgraph/jgraphx/3.9.8.1/jgraphx-3.9.8.1.jar:/home/runner/work/ozone/ozone/hadoop-ozone/ozone-manager/target/classes:/home/runner/.m2/repository/org/aspectj/aspectjrt/1.9.7/aspectjrt-1.9.7.jar:/home/runner/.m2/repository/org/aspectj/aspectjweaver/1.9.7/aspectjweaver-1.9.7.jar:/home/runner/work/ozone/ozone/hadoop-hdds/interface-client/target/classes:/home/runner/.m2/repository/org/apache/hadoop/thirdparty/hadoop-shaded-protobuf_3_7/1.1.1/hadoop-shaded-protobuf_3_7-1.1.1.jar:/home/runner/work/ozone/ozone/hadoop-ozone/interface-storage/target/classes:/home/runner/.m2/repository/org/reflections/reflections/0.10.2/reflections-0.10.2.jar:/home/runner/.m2/repository/com/sun/jersey/jersey-client/1.19.4/jersey-client-1.19.4.jar:/home/runner/.m2/repository/org/codehaus/jackson/jackson-core-asl/1.9.13/jackson-core-asl-1.9.13.jar:/home/runner/.m2/repository/org/codehaus/jackson/jackson-mapper-asl/1.9.13/jackson-mapper-asl-1.9.13.jar:/home/runner/.m2/repository/org/codehaus/jackson/jackson-jaxrs/1.9.13/jackson-jaxrs-1.9.13.jar:/home/runner/.m2/repository/org/apache/ranger/ranger-intg/2.3.0/ranger-intg-2.3.0.jar:/home/runner/.m2/repository/org/apache/ranger/ranger-plugins-common/2.3.0/ranger-plugins-common-2.3.0.jar:/home/runner/.m2/repository/commons-lang/commons-lang/2.6/commons-lang-2.6.jar:/home/runner/.m2/repository/org/apache/ranger/ranger-plugins-cred/2.3.0/ranger-plugins-cred-2.3.0.jar:/home/runner/.m2/repository/org/apache/ranger/ranger-plugins-audit/2.3.0/ranger-plugins-audit-2.3.0.jar:/home/runner/.m2/repository/org/eclipse/jetty/jetty-client/9.4.53.v20231009/jetty-client-9.4.53.v20231009.jar:/home/runner/.m2/repository/org/apache/httpcomponents/httpmime/4.5.6/httpmime-4.5.6.jar:/home/runner/.m2/repository/org/apache/httpcomponents/httpcore-nio/4.4.16/httpcore-nio-4.4.16.jar:/home/runner/.m2/repository/org/apache/httpcomponents/httpasyncclient/4.1.3/httpasyncclient-4.1.3.jar:/home/runner/.m2/repository/com/carrotsearch/hppc/0.8.0/hppc-0.8.0.jar:/home/runner/.m2/repository/org/apache/orc/orc-core/1.5.8/orc-core-1.5.8.jar:/home/runner/.m2/repository/net/java/dev/jna/jna/5.2.0/jna-5.2.0.jar:/home/runner/.m2/repository/net/java/dev/jna/jna-platform/5.2.0/jna-platform-5.2.0.jar:/home/runner/.m2/repository/com/kstruct/gethostname4j/0.0.2/gethostname4j-0.0.2.jar:/home/runner/.m2/repository/org/apache/ranger/ranger-plugin-classloader/2.3.0/ranger-plugin-classloader-2.3.0.jar:/home/runner/work/ozone/ozone/hadoop-hdds/rocks-native/target/classes:/home/runner/.m2/repository/org/apache/hadoop/hadoop-minikdc/3.3.6/hadoop-minikdc-3.3.6.jar:/home/runner/.m2/repository/org/apache/kerby/kerb-simplekdc/1.0.1/kerb-simplekdc-1.0.1.jar:/home/runner/.m2/repository/org/apache/kerby/kerb-client/1.0.1/kerb-client-1.0.1.jar:/home/runner/.m2/repository/org/apache/kerby/kerby-config/1.0.1/kerby-config-1.0.1.jar:/home/runner/.m2/repository/org/apache/kerby/kerb-common/1.0.1/kerb-common-1.0.1.jar:/home/runner/.m2/repository/org/apache/kerby/kerb-crypto/1.0.1/kerb-crypto-1.0.1.jar:/home/runner/.m2/repository/org/apache/kerby/kerb-util/1.0.1/kerb-util-1.0.1.jar:/home/runner/.m2/repository/org/apache/kerby/token-provider/1.0.1/token-provider-1.0.1.jar:/home/runner/.m2/repository/org/apache/kerby/kerb-admin/1.0.1/kerb-admin-1.0.1.jar:/home/runner/.m2/repository/org/apache/kerby/kerb-server/1.0.1/kerb-server-1.0.1.jar:/home/runner/.m2/repository/org/apache/kerby/kerb-identity/1.0.1/kerb-identity-1.0.1.jar:/home/runner/.m2/repository/org/apache/kerby/kerby-xdr/1.0.1/kerby-xdr-1.0.1.jar:/home/runner/.m2/repository/junit/junit/4.13.2/junit-4.13.2.jar:/home/runner/.m2/repository/org/hamcrest/hamcrest-core/1.3/hamcrest-core-1.3.jar:/home/runner/work/ozone/ozone/hadoop-ozone/s3gateway/target/classes:/home/runner/.m2/repository/org/javassist/javassist/3.30.2-GA/javassist-3.30.2-GA.jar:/home/runner/.m2/repository/org/jboss/weld/servlet/weld-servlet-shaded/3.1.9.Final/weld-servlet-shaded-3.1.9.Final.jar:/home/runner/.m2/repository/org/glassfish/jersey/containers/jersey-container-servlet-core/2.42/jersey-container-servlet-core-2.42.jar:/home/runner/.m2/repository/org/glassfish/hk2/external/jakarta.inject/2.6.1/jakarta.inject-2.6.1.jar:/home/runner/.m2/repository/org/glassfish/jersey/core/jersey-common/2.42/jersey-common-2.42.jar:/home/runner/.m2/repository/jakarta/ws/rs/jakarta.ws.rs-api/2.1.6/jakarta.ws.rs-api-2.1.6.jar:/home/runner/.m2/repository/org/glassfish/jersey/ext/cdi/jersey-cdi1x/2.42/jersey-cdi1x-2.42.jar:/home/runner/.m2/repository/org/glassfish/jersey/inject/jersey-hk2/2.42/jersey-hk2-2.42.jar:/home/runner/.m2/repository/org/glassfish/hk2/hk2-locator/2.6.1/hk2-locator-2.6.1.jar:/home/runner/.m2/repository/org/glassfish/jersey/media/jersey-media-jaxb/2.42/jersey-media-jaxb-2.42.jar:/home/runner/.m2/repository/org/glassfish/hk2/osgi-resource-locator/1.0.3/osgi-resource-locator-1.0.3.jar:/home/runner/.m2/repository/org/glassfish/hk2/hk2-api/2.6.1/hk2-api-2.6.1.jar:/home/runner/.m2/repository/org/glassfish/hk2/hk2-utils/2.6.1/hk2-utils-2.6.1.jar:/home/runner/.m2/repository/org/glassfish/hk2/external/aopalliance-repackaged/2.6.1/aopalliance-repackaged-2.6.1.jar:/home/runner/.m2/repository/com/fasterxml/jackson/dataformat/jackson-dataformat-xml/2.16.1/jackson-dataformat-xml-2.16.1.jar:/home/runner/.m2/repository/org/codehaus/woodstox/stax2-api/4.2.2/stax2-api-4.2.2.jar:/home/runner/.m2/repository/com/fasterxml/woodstox/woodstox-core/5.4.0/woodstox-core-5.4.0.jar:/home/runner/.m2/repository/com/fasterxml/jackson/module/jackson-module-jaxb-annotations/2.16.1/jackson-module-jaxb-annotations-2.16.1.jar:/home/runner/.m2/repository/javax/enterprise/cdi-api/2.0/cdi-api-2.0.jar:/home/runner/.m2/repository/javax/el/javax.el-api/3.0.0/javax.el-api-3.0.0.jar:/home/runner/.m2/repository/javax/interceptor/javax.interceptor-api/1.2/javax.interceptor-api-1.2.jar:/home/runner/.m2/repository/javax/inject/javax.inject/1/javax.inject-1.jar:/home/runner/.m2/repository/jakarta/xml/bind/jakarta.xml.bind-api/2.3.3/jakarta.xml.bind-api-2.3.3.jar:/home/runner/.m2/repository/org/glassfish/jaxb/jaxb-runtime/2.3.9/jaxb-runtime-2.3.9.jar:/home/runner/.m2/repository/org/glassfish/jaxb/txw2/2.3.9/txw2-2.3.9.jar:/home/runner/.m2/repository/com/sun/istack/istack-commons-runtime/3.0.12/istack-commons-runtime-3.0.12.jar:/home/runner/.m2/repository/com/sun/activation/jakarta.activation/1.2.2/jakarta.activation-1.2.2.jar:/home/runner/.m2/repository/jakarta/activation/jakarta.activation-api/1.2.2/jakarta.activation-api-1.2.2.jar:/home/runner/.m2/repository/io/grpc/grpc-protobuf/1.58.0/grpc-protobuf-1.58.0.jar:/home/runner/.m2/repository/com/google/api/grpc/proto-google-common-protos/2.22.0/proto-google-common-protos-2.22.0.jar:/home/runner/.m2/repository/io/grpc/grpc-protobuf-lite/1.58.0/grpc-protobuf-lite-1.58.0.jar:/home/runner/.m2/repository/io/grpc/grpc-stub/1.58.0/grpc-stub-1.58.0.jar:/home/runner/.m2/repository/io/netty/netty-transport/4.1.100.Final/netty-transport-4.1.100.Final.jar:/home/runner/.m2/repository/io/netty/netty-resolver/4.1.100.Final/netty-resolver-4.1.100.Final.jar:/home/runner/work/ozone/ozone/hadoop-ozone/csi/target/classes:/home/runner/.m2/repository/com/google/protobuf/protobuf-java-util/3.19.6/protobuf-java-util-3.19.6.jar:/home/runner/.m2/repository/com/google/code/gson/gson/2.10.1/gson-2.10.1.jar:/home/runner/work/ozone/ozone/hadoop-hdds/config/target/classes:/home/runner/.m2/repository/io/netty/netty-transport-native-epoll/4.1.100.Final/netty-transport-native-epoll-4.1.100.Final-linux-x86_64.jar:/home/runner/.m2/repository/io/netty/netty-transport-classes-epoll/4.1.100.Final/netty-transport-classes-epoll-4.1.100.Final.jar:/home/runner/.m2/repository/io/netty/netty-transport-native-unix-common/4.1.100.Final/netty-transport-native-unix-common-4.1.100.Final.jar:/home/runner/work/ozone/ozone/hadoop-ozone/recon/target/classes:/home/runner/work/ozone/ozone/hadoop-ozone/recon-codegen/target/classes:/home/runner/.m2/repository/com/google/inject/guice/6.0.0/guice-6.0.0.jar:/home/runner/.m2/repository/jakarta/inject/jakarta.inject-api/2.0.1/jakarta.inject-api-2.0.1.jar:/home/runner/.m2/repository/aopalliance/aopalliance/1.0/aopalliance-1.0.jar:/home/runner/.m2/repository/com/google/inject/extensions/guice-assistedinject/6.0.0/guice-assistedinject-6.0.0.jar:/home/runner/.m2/repository/com/google/inject/extensions/guice-servlet/6.0.0/guice-servlet-6.0.0.jar:/home/runner/.m2/repository/org/glassfish/jersey/containers/jersey-container-servlet/2.42/jersey-container-servlet-2.42.jar:/home/runner/.m2/repository/org/glassfish/hk2/guice-bridge/2.6.1/guice-bridge-2.6.1.jar:/home/runner/.m2/repository/org/glassfish/jersey/core/jersey-server/2.42/jersey-server-2.42.jar:/home/runner/.m2/repository/org/glassfish/jersey/core/jersey-client/2.42/jersey-client-2.42.jar:/home/runner/.m2/repository/jakarta/validation/jakarta.validation-api/2.0.2/jakarta.validation-api-2.0.2.jar:/home/runner/.m2/repository/org/glassfish/jersey/media/jersey-media-json-jackson/2.42/jersey-media-json-jackson-2.42.jar:/home/runner/.m2/repository/org/glassfish/jersey/ext/jersey-entity-filtering/2.42/jersey-entity-filtering-2.42.jar:/home/runner/.m2/repository/org/jooq/jooq/3.11.10/jooq-3.11.10.jar:/home/runner/.m2/repository/org/jooq/jooq-meta/3.11.10/jooq-meta-3.11.10.jar:/home/runner/.m2/repository/org/jooq/jooq-codegen/3.11.10/jooq-codegen-3.11.10.jar:/home/runner/.m2/repository/com/jolbox/bonecp/0.8.0.RELEASE/bonecp-0.8.0.RELEASE.jar:/home/runner/.m2/repository/org/apache/derby/derby/10.14.2.0/derby-10.14.2.0.jar:/home/runner/.m2/repository/org/xerial/sqlite-jdbc/3.44.1.0/sqlite-jdbc-3.44.1.0.jar:/home/runner/.m2/repository/org/springframework/spring-jdbc/5.3.27/spring-jdbc-5.3.27.jar:/home/runner/.m2/repository/org/springframework/spring-beans/5.3.27/spring-beans-5.3.27.jar:/home/runner/.m2/repository/org/springframework/spring-core/5.3.27/spring-core-5.3.27.jar:/home/runner/.m2/repository/org/springframework/spring-tx/5.3.27/spring-tx-5.3.27.jar:/home/runner/work/ozone/ozone/hadoop-ozone/client/target/classes:/home/runner/work/ozone/ozone/hadoop-hdds/erasurecode/target/classes:/home/runner/work/ozone/ozone/hadoop-ozone/ozonefs/target/classes:/home/runner/work/ozone/ozone/hadoop-ozone/ozonefs-common/target/classes:/home/runner/work/ozone/ozone/hadoop-ozone/tools/target/classes:/home/runner/.m2/repository/com/amazonaws/aws-java-sdk-core/1.12.661/aws-java-sdk-core-1.12.661.jar:/home/runner/.m2/repository/org/apache/httpcomponents/httpclient/4.5.14/httpclient-4.5.14.jar:/home/runner/.m2/repository/org/apache/httpcomponents/httpcore/4.4.16/httpcore-4.4.16.jar:/home/runner/.m2/repository/com/fasterxml/jackson/dataformat/jackson-dataformat-cbor/2.16.1/jackson-dataformat-cbor-2.16.1.jar:/home/runner/.m2/repository/joda-time/joda-time/2.12.7/joda-time-2.12.7.jar:/home/runner/.m2/repository/com/amazonaws/aws-java-sdk-s3/1.12.661/aws-java-sdk-s3-1.12.661.jar:/home/runner/.m2/repository/com/amazonaws/aws-java-sdk-kms/1.12.661/aws-java-sdk-kms-1.12.661.jar:/home/runner/.m2/repository/com/amazonaws/jmespath-java/1.12.661/jmespath-java-1.12.661.jar:/home/runner/.m2/repository/org/kohsuke/metainf-services/metainf-services/1.11/metainf-services-1.11.jar:/home/runner/work/ozone/ozone/hadoop-hdds/tools/target/classes:/home/runner/.m2/repository/org/apache/ratis/ratis-tools/3.0.1/ratis-tools-3.0.1.jar:/home/runner/.m2/repository/commons-cli/commons-cli/1.6.0/commons-cli-1.6.0.jar:/home/runner/.m2/repository/org/apache/commons/commons-lang3/3.14.0/commons-lang3-3.14.0.jar:/home/runner/work/ozone/ozone/hadoop-ozone/ozone-manager/target/test-classes:/home/runner/work/ozone/ozone/hadoop-hdds/common/target/test-classes:/home/runner/work/ozone/ozone/hadoop-hdds/hadoop-dependency-client/target/classes:/home/runner/.m2/repository/info/picocli/picocli/4.7.5/picocli-4.7.5.jar:/home/runner/.m2/repository/com/fasterxml/jackson/core/jackson-annotations/2.16.1/jackson-annotations-2.16.1.jar:/home/runner/work/ozone/ozone/hadoop-hdds/annotations/target/classes:/home/runner/.m2/repository/javax/annotation/javax.annotation-api/1.3.2/javax.annotation-api-1.3.2.jar:/home/runner/.m2/repository/org/apache/ratis/ratis-netty/3.0.1/ratis-netty-3.0.1.jar:/home/runner/.m2/repository/org/apache/ratis/ratis-grpc/3.0.1/ratis-grpc-3.0.1.jar:/home/runner/.m2/repository/org/bouncycastle/bcpkix-jdk18on/1.77/bcpkix-jdk18on-1.77.jar:/home/runner/.m2/repository/org/bouncycastle/bcutil-jdk18on/1.77/bcutil-jdk18on-1.77.jar:/home/runner/.m2/repository/commons-validator/commons-validator/1.6/commons-validator-1.6.jar:/home/runner/.m2/repository/commons-beanutils/commons-beanutils/1.9.4/commons-beanutils-1.9.4.jar:/home/runner/.m2/repository/commons-digester/commons-digester/1.8.1/commons-digester-1.8.1.jar:/home/runner/.m2/repository/commons-collections/commons-collections/3.2.2/commons-collections-3.2.2.jar:/home/runner/.m2/repository/io/jaegertracing/jaeger-client/1.8.1/jaeger-client-1.8.1.jar:/home/runner/.m2/repository/io/jaegertracing/jaeger-thrift/1.8.1/jaeger-thrift-1.8.1.jar:/home/runner/.m2/repository/org/apache/thrift/libthrift/0.15.0/libthrift-0.15.0.jar:/home/runner/.m2/repository/io/jaegertracing/jaeger-core/1.8.1/jaeger-core-1.8.1.jar:/home/runner/.m2/repository/io/jaegertracing/jaeger-tracerresolver/1.8.1/jaeger-tracerresolver-1.8.1.jar:/home/runner/.m2/repository/io/opentracing/contrib/opentracing-tracerresolver/0.1.8/opentracing-tracerresolver-0.1.8.jar:/home/runner/.m2/repository/org/jetbrains/kotlin/kotlin-stdlib/1.9.22/kotlin-stdlib-1.9.22.jar:/home/runner/.m2/repository/org/jetbrains/annotations/13.0/annotations-13.0.jar:/home/runner/.m2/repository/io/opentracing/opentracing-util/0.33.0/opentracing-util-0.33.0.jar:/home/runner/.m2/repository/io/opentracing/opentracing-api/0.33.0/opentracing-api-0.33.0.jar:/home/runner/.m2/repository/io/opentracing/opentracing-noop/0.33.0/opentracing-noop-0.33.0.jar:/home/runner/.m2/repository/org/yaml/snakeyaml/2.0/snakeyaml-2.0.jar:/home/runner/.m2/repository/io/grpc/grpc-api/1.58.0/grpc-api-1.58.0.jar:/home/runner/.m2/repository/org/junit/platform/junit-platform-launcher/1.10.2/junit-platform-launcher-1.10.2.jar:/home/runner/.m2/repository/org/junit/platform/junit-platform-engine/1.10.2/junit-platform-engine-1.10.2.jar:/home/runner/.m2/repository/org/apiguardian/apiguardian-api/1.1.2/apiguardian-api-1.1.2.jar:/home/runner/.m2/repository/org/apache/hadoop/hadoop-kms/3.3.6/hadoop-kms-3.3.6.jar:/home/runner/.m2/repository/org/apache/hadoop/hadoop-auth/3.3.6/hadoop-auth-3.3.6.jar:/home/runner/.m2/repository/org/apache/zookeeper/zookeeper/3.8.4/zookeeper-3.8.4.jar:/home/runner/.m2/repository/org/apache/zookeeper/zookeeper-jute/3.8.4/zookeeper-jute-3.8.4.jar:/home/runner/.m2/repository/org/apache/yetus/audience-annotations/0.12.0/audience-annotations-0.12.0.jar:/home/runner/.m2/repository/org/apache/curator/curator-framework/4.2.0/curator-framework-4.2.0.jar:/home/runner/.m2/repository/org/apache/hadoop/thirdparty/hadoop-shaded-guava/1.2.0/hadoop-shaded-guava-1.2.0.jar:/home/runner/.m2/repository/com/sun/jersey/jersey-core/1.19.4/jersey-core-1.19.4.jar:/home/runner/.m2/repository/javax/ws/rs/jsr311-api/1.1.1/jsr311-api-1.1.1.jar:/home/runner/.m2/repository/com/sun/jersey/jersey-server/1.19.4/jersey-server-1.19.4.jar:/home/runner/.m2/repository/javax/servlet/javax.servlet-api/3.1.0/javax.servlet-api-3.1.0.jar:/home/runner/.m2/repository/org/apache/hadoop/hadoop-common/3.3.6/hadoop-common-3.3.6.jar:/home/runner/.m2/repository/org/apache/commons/commons-math3/3.6.1/commons-math3-3.6.1.jar:/home/runner/.m2/repository/commons-net/commons-net/3.10.0/commons-net-3.10.0.jar:/home/runner/.m2/repository/com/sun/jersey/jersey-servlet/1.19.4/jersey-servlet-1.19.4.jar:/home/runner/.m2/repository/com/github/pjfanning/jersey-json/1.20/jersey-json-1.20.jar:/home/runner/.m2/repository/org/codehaus/jettison/jettison/1.1/jettison-1.1.jar:/home/runner/.m2/repository/com/sun/xml/bind/jaxb-impl/2.2.3-1/jaxb-impl-2.2.3-1.jar:/home/runner/.m2/repository/com/google/re2j/re2j/1.7/re2j-1.7.jar:/home/runner/.m2/repository/com/jcraft/jsch/0.1.55/jsch-0.1.55.jar:/home/runner/.m2/repository/org/apache/curator/curator-client/4.2.0/curator-client-4.2.0.jar:/home/runner/.m2/repository/org/apache/curator/curator-recipes/5.2.0/curator-recipes-5.2.0.jar:/home/runner/.m2/repository/com/google/code/findbugs/jsr305/3.0.2/jsr305-3.0.2.jar:/home/runner/.m2/repository/org/apache/kerby/kerb-core/1.0.1/kerb-core-1.0.1.jar:/home/runner/.m2/repository/org/apache/kerby/kerby-pkix/1.0.1/kerby-pkix-1.0.1.jar:/home/runner/.m2/repository/org/apache/kerby/kerby-asn1/1.0.1/kerby-asn1-1.0.1.jar:/home/runner/.m2/repository/org/apache/kerby/kerby-util/1.0.1/kerby-util-1.0.1.jar:/home/runner/.m2/repository/dnsjava/dnsjava/2.1.7/dnsjava-2.1.7.jar:/home/runner/.m2/repository/com/fasterxml/jackson/core/jackson-databind/2.16.1/jackson-databind-2.16.1.jar:/home/runner/.m2/repository/org/apache/hadoop/hadoop-kms/3.3.6/hadoop-kms-3.3.6-tests.jar:/home/runner/work/ozone/ozone/hadoop-hdds/server-scm/target/test-classes:/home/runner/work/ozone/ozone/hadoop-hdds/container-service/target/test-classes:/home/runner/.m2/repository/com/github/luben/zstd-jni/1.5.6-2/zstd-jni-1.5.6-2.jar:/home/runner/.m2/repository/commons-codec/commons-codec/1.15/commons-codec-1.15.jar:/home/runner/.m2/repository/io/netty/netty-codec/4.1.100.Final/netty-codec-4.1.100.Final.jar:/home/runner/.m2/repository/io/netty/netty-handler/4.1.100.Final/netty-handler-4.1.100.Final.jar:/home/runner/work/ozone/ozone/hadoop-hdds/hadoop-dependency-test/target/classes:/home/runner/.m2/repository/org/apache/hadoop/hadoop-common/3.3.6/hadoop-common-3.3.6-tests.jar:/home/runner/.m2/repository/org/apache/hadoop/hadoop-hdfs/3.3.6/hadoop-hdfs-3.3.6-tests.jar:/home/runner/.m2/repository/org/junit/jupiter/junit-jupiter-engine/5.10.2/junit-jupiter-engine-5.10.2.jar:/home/runner/.m2/repository/org/junit/jupiter/junit-jupiter-params/5.10.2/junit-jupiter-params-5.10.2.jar:/home/runner/.m2/repository/org/mockito/mockito-core/4.11.0/mockito-core-4.11.0.jar:/home/runner/.m2/repository/net/bytebuddy/byte-buddy/1.12.19/byte-buddy-1.12.19.jar:/home/runner/.m2/repository/net/bytebuddy/byte-buddy-agent/1.12.19/byte-buddy-agent-1.12.19.jar:/home/runner/.m2/repository/org/objenesis/objenesis/3.3/objenesis-3.3.jar:/home/runner/.m2/repository/org/mockito/mockito-inline/4.11.0/mockito-inline-4.11.0.jar:/home/runner/.m2/repository/org/mockito/mockito-junit-jupiter/4.11.0/mockito-junit-jupiter-4.11.0.jar:/home/runner/.m2/repository/org/apache/hadoop/hadoop-distcp/3.3.6/hadoop-distcp-3.3.6.jar:/home/runner/.m2/repository/org/apache/hadoop/hadoop-mapreduce-client-jobclient/3.3.6/hadoop-mapreduce-client-jobclient-3.3.6.jar:/home/runner/.m2/repository/org/apache/hadoop/hadoop-mapreduce-client-common/3.3.6/hadoop-mapreduce-client-common-3.3.6.jar:/home/runner/.m2/repository/org/apache/hadoop/hadoop-yarn-common/3.3.6/hadoop-yarn-common-3.3.6.jar:/home/runner/.m2/repository/org/apache/hadoop/hadoop-yarn-api/3.3.6/hadoop-yarn-api-3.3.6.jar:/home/runner/.m2/repository/javax/xml/bind/jaxb-api/2.2.11/jaxb-api-2.2.11.jar:/home/runner/.m2/repository/com/sun/jersey/contribs/jersey-guice/1.19.4/jersey-guice-1.19.4.jar:/home/runner/.m2/repository/com/fasterxml/jackson/jaxrs/jackson-jaxrs-json-provider/2.16.1/jackson-jaxrs-json-provider-2.16.1.jar:/home/runner/.m2/repository/com/fasterxml/jackson/jaxrs/jackson-jaxrs-base/2.16.1/jackson-jaxrs-base-2.16.1.jar:/home/runner/.m2/repository/org/apache/hadoop/hadoop-yarn-client/3.3.6/hadoop-yarn-client-3.3.6.jar:/home/runner/.m2/repository/org/eclipse/jetty/websocket/websocket-client/9.4.51.v20230217/websocket-client-9.4.51.v20230217.jar:/home/runner/.m2/repository/org/eclipse/jetty/websocket/websocket-common/9.4.51.v20230217/websocket-common-9.4.51.v20230217.jar:/home/runner/.m2/repository/org/eclipse/jetty/websocket/websocket-api/9.4.51.v20230217/websocket-api-9.4.51.v20230217.jar:/home/runner/.m2/repository/org/jline/jline/3.9.0/jline-3.9.0.jar:/home/runner/.m2/repository/org/apache/hadoop/hadoop-mapreduce-client-core/3.3.6/hadoop-mapreduce-client-core-3.3.6.jar:/home/runner/.m2/repository/org/apache/avro/avro/1.7.7/avro-1.7.7.jar:/home/runner/.m2/repository/com/thoughtworks/paranamer/paranamer/2.3/paranamer-2.3.jar:/home/runner/.m2/repository/org/apache/hadoop/hadoop-annotations/3.3.6/hadoop-annotations-3.3.6.jar:/home/runner/.m2/repository/io/netty/netty/3.10.6.Final/netty-3.10.6.Final.jar:/home/runner/.m2/repository/org/apache/hadoop/hadoop-distcp/3.3.6/hadoop-distcp-3.3.6-tests.jar:/home/runner/.m2/repository/org/hamcrest/hamcrest/2.2/hamcrest-2.2.jar:/home/runner/.m2/repository/org/slf4j/jul-to-slf4j/2.0.12/jul-to-slf4j-2.0.12.jar:/home/runner/work/ozone/ozone/hadoop-ozone/integration-test/target/gradle-enterprise/test-listeners.jar:"/>
    <property name="java.vm.vendor" value="Eclipse Adoptium"/>
    <property name="sun.arch.data.model" value="64"/>
    <property name="test.build.dir" value="/home/runner/work/ozone/ozone/hadoop-ozone/integration-test/target/test-dir"/>
    <property name="test.cache.data" value=""/>
    <property name="java.vendor.url" value="https://adoptium.net/"/>
    <property name="user.timezone" value="Etc/UTC"/>
    <property name="maven-surefire-plugin.argLineAccessArgs" value=" --add-opens java.management/com.sun.jmx.mbeanserver=ALL-UNNAMED --add-exports java.management/com.sun.jmx.mbeanserver=ALL-UNNAMED --add-opens java.base/java.nio=ALL-UNNAMED --add-opens java.base/java.lang=ALL-UNNAMED --add-opens java.base/java.lang.reflect=ALL-UNNAMED"/>
    <property name="java.vm.specification.version" value="17"/>
    <property name="os.name" value="Linux"/>
    <property name="test.build.data" value="/home/runner/work/ozone/ozone/hadoop-ozone/integration-test/target/test-dir"/>
    <property name="sun.java.launcher" value="SUN_STANDARD"/>
    <property name="sun.boot.library.path" value="/usr/lib/jvm/temurin-17-jdk-amd64/lib"/>
    <property name="sun.java.command" value="/home/runner/work/ozone/ozone/hadoop-ozone/integration-test/target/surefire/surefirebooter15612126574818829416.jar /home/runner/work/ozone/ozone/hadoop-ozone/integration-test/target/surefire 2024-04-26T07-35-19_919-jvmRun1 surefire6443673297510239294tmp surefire_514433153109813629550tmp"/>
    <property name="jdk.debug" value="release"/>
    <property name="native.lib.tmp.dir" value="/tmp"/>
    <property name="surefire.test.class.path" value="/home/runner/work/ozone/ozone/hadoop-ozone/integration-test/target/test-classes:/home/runner/work/ozone/ozone/hadoop-ozone/integration-test/target/classes:/home/runner/work/ozone/ozone/hadoop-ozone/common/target/classes:/home/runner/.m2/repository/io/grpc/grpc-netty/1.58.0/grpc-netty-1.58.0.jar:/home/runner/.m2/repository/io/grpc/grpc-core/1.58.0/grpc-core-1.58.0.jar:/home/runner/.m2/repository/com/google/android/annotations/4.1.1.4/annotations-4.1.1.4.jar:/home/runner/.m2/repository/org/codehaus/mojo/animal-sniffer-annotations/1.23/animal-sniffer-annotations-1.23.jar:/home/runner/.m2/repository/io/grpc/grpc-context/1.58.0/grpc-context-1.58.0.jar:/home/runner/.m2/repository/io/grpc/grpc-util/1.58.0/grpc-util-1.58.0.jar:/home/runner/.m2/repository/com/google/errorprone/error_prone_annotations/2.2.0/error_prone_annotations-2.2.0.jar:/home/runner/.m2/repository/io/perfmark/perfmark-api/0.26.0/perfmark-api-0.26.0.jar:/home/runner/.m2/repository/io/netty/netty-codec-http2/4.1.100.Final/netty-codec-http2-4.1.100.Final.jar:/home/runner/.m2/repository/io/netty/netty-common/4.1.100.Final/netty-common-4.1.100.Final.jar:/home/runner/.m2/repository/io/netty/netty-buffer/4.1.100.Final/netty-buffer-4.1.100.Final.jar:/home/runner/.m2/repository/io/netty/netty-codec-http/4.1.100.Final/netty-codec-http-4.1.100.Final.jar:/home/runner/.m2/repository/io/netty/netty-handler-proxy/4.1.100.Final/netty-handler-proxy-4.1.100.Final.jar:/home/runner/.m2/repository/io/netty/netty-codec-socks/4.1.100.Final/netty-codec-socks-4.1.100.Final.jar:/home/runner/.m2/repository/io/netty/netty-tcnative-boringssl-static/2.0.61.Final/netty-tcnative-boringssl-static-2.0.61.Final.jar:/home/runner/.m2/repository/io/netty/netty-tcnative-classes/2.0.61.Final/netty-tcnative-classes-2.0.61.Final.jar:/home/runner/.m2/repository/io/netty/netty-tcnative-boringssl-static/2.0.61.Final/netty-tcnative-boringssl-static-2.0.61.Final-linux-x86_64.jar:/home/runner/.m2/repository/io/netty/netty-tcnative-boringssl-static/2.0.61.Final/netty-tcnative-boringssl-static-2.0.61.Final-linux-aarch_64.jar:/home/runner/.m2/repository/io/netty/netty-tcnative-boringssl-static/2.0.61.Final/netty-tcnative-boringssl-static-2.0.61.Final-osx-x86_64.jar:/home/runner/.m2/repository/io/netty/netty-tcnative-boringssl-static/2.0.61.Final/netty-tcnative-boringssl-static-2.0.61.Final-osx-aarch_64.jar:/home/runner/.m2/repository/io/netty/netty-tcnative-boringssl-static/2.0.61.Final/netty-tcnative-boringssl-static-2.0.61.Final-windows-x86_64.jar:/home/runner/.m2/repository/org/apache/commons/commons-compress/1.26.0/commons-compress-1.26.0.jar:/home/runner/work/ozone/ozone/hadoop-hdds/common/target/classes:/home/runner/work/ozone/ozone/hadoop-hdds/client/target/classes:/home/runner/work/ozone/ozone/hadoop-ozone/interface-client/target/classes:/home/runner/.m2/repository/org/apache/hadoop/hadoop-hdfs-client/3.3.6/hadoop-hdfs-client-3.3.6.jar:/home/runner/.m2/repository/com/squareup/okhttp3/okhttp/4.12.0/okhttp-4.12.0.jar:/home/runner/.m2/repository/com/squareup/okio/okio/3.6.0/okio-3.6.0.jar:/home/runner/.m2/repository/com/squareup/okio/okio-jvm/3.6.0/okio-jvm-3.6.0.jar:/home/runner/.m2/repository/org/jetbrains/kotlin/kotlin-stdlib-jdk8/1.9.22/kotlin-stdlib-jdk8-1.9.22.jar:/home/runner/.m2/repository/org/jetbrains/kotlin/kotlin-stdlib-jdk7/1.9.22/kotlin-stdlib-jdk7-1.9.22.jar:/home/runner/.m2/repository/org/jetbrains/kotlin/kotlin-stdlib-common/1.9.22/kotlin-stdlib-common-1.9.22.jar:/home/runner/work/ozone/ozone/hadoop-hdds/test-utils/target/classes:/home/runner/.m2/repository/org/assertj/assertj-core/3.12.2/assertj-core-3.12.2.jar:/home/runner/.m2/repository/com/google/guava/guava/32.0.0-jre/guava-32.0.0-jre.jar:/home/runner/.m2/repository/com/google/guava/failureaccess/1.0.1/failureaccess-1.0.1.jar:/home/runner/.m2/repository/com/google/guava/listenablefuture/9999.0-empty-to-avoid-conflict-with-guava/listenablefuture-9999.0-empty-to-avoid-conflict-with-guava.jar:/home/runner/.m2/repository/org/checkerframework/checker-qual/3.33.0/checker-qual-3.33.0.jar:/home/runner/.m2/repository/com/google/j2objc/j2objc-annotations/2.8/j2objc-annotations-2.8.jar:/home/runner/.m2/repository/commons-io/commons-io/2.16.1/commons-io-2.16.1.jar:/home/runner/.m2/repository/commons-logging/commons-logging/1.2/commons-logging-1.2.jar:/home/runner/.m2/repository/org/junit/jupiter/junit-jupiter-api/5.10.2/junit-jupiter-api-5.10.2.jar:/home/runner/.m2/repository/org/opentest4j/opentest4j/1.3.0/opentest4j-1.3.0.jar:/home/runner/.m2/repository/org/junit/platform/junit-platform-commons/1.10.2/junit-platform-commons-1.10.2.jar:/home/runner/.m2/repository/ch/qos/reload4j/reload4j/1.2.25/reload4j-1.2.25.jar:/home/runner/.m2/repository/jakarta/annotation/jakarta.annotation-api/2.1.1/jakarta.annotation-api-2.1.1.jar:/home/runner/.m2/repository/org/slf4j/slf4j-api/2.0.12/slf4j-api-2.0.12.jar:/home/runner/.m2/repository/org/apache/logging/log4j/log4j-api/2.17.1/log4j-api-2.17.1.jar:/home/runner/work/ozone/ozone/hadoop-hdds/server-scm/target/classes:/home/runner/.m2/repository/com/google/protobuf/protobuf-java/2.5.0/protobuf-java-2.5.0.jar:/home/runner/work/ozone/ozone/hadoop-hdds/container-service/target/classes:/home/runner/work/ozone/ozone/hadoop-hdds/hadoop-dependency-server/target/classes:/home/runner/.m2/repository/com/nimbusds/nimbus-jose-jwt/9.37.2/nimbus-jose-jwt-9.37.2.jar:/home/runner/.m2/repository/com/github/stephenc/jcip/jcip-annotations/1.0-1/jcip-annotations-1.0-1.jar:/home/runner/.m2/repository/org/apache/hadoop/hadoop-hdfs/3.3.6/hadoop-hdfs-3.3.6.jar:/home/runner/.m2/repository/commons-daemon/commons-daemon/1.3.4/commons-daemon-1.3.4.jar:/home/runner/.m2/repository/org/xerial/snappy/snappy-java/1.1.10.5/snappy-java-1.1.10.5.jar:/home/runner/work/ozone/ozone/hadoop-hdds/framework/target/classes:/home/runner/.m2/repository/org/bouncycastle/bcprov-jdk18on/1.77/bcprov-jdk18on-1.77.jar:/home/runner/.m2/repository/io/dropwizard/metrics/metrics-core/3.2.4/metrics-core-3.2.4.jar:/home/runner/.m2/repository/org/apache/commons/commons-text/1.11.0/commons-text-1.11.0.jar:/home/runner/work/ozone/ozone/hadoop-hdds/framework/target/test-classes:/home/runner/work/ozone/ozone/hadoop-hdds/interface-server/target/classes:/home/runner/work/ozone/ozone/hadoop-hdds/interface-admin/target/classes:/home/runner/work/ozone/ozone/hadoop-hdds/managed-rocksdb/target/classes:/home/runner/.m2/repository/org/rocksdb/rocksdbjni/7.7.3/rocksdbjni-7.7.3.jar:/home/runner/.m2/repository/org/slf4j/slf4j-reload4j/2.0.12/slf4j-reload4j-2.0.12.jar:/home/runner/.m2/repository/org/apache/commons/commons-configuration2/2.10.1/commons-configuration2-2.10.1.jar:/home/runner/.m2/repository/commons-fileupload/commons-fileupload/1.5/commons-fileupload-1.5.jar:/home/runner/.m2/repository/org/apache/logging/log4j/log4j-core/2.17.1/log4j-core-2.17.1.jar:/home/runner/.m2/repository/com/lmax/disruptor/3.4.4/disruptor-3.4.4.jar:/home/runner/.m2/repository/org/eclipse/jetty/jetty-util/9.4.53.v20231009/jetty-util-9.4.53.v20231009.jar:/home/runner/.m2/repository/org/eclipse/jetty/jetty-server/9.4.53.v20231009/jetty-server-9.4.53.v20231009.jar:/home/runner/.m2/repository/org/eclipse/jetty/jetty-http/9.4.53.v20231009/jetty-http-9.4.53.v20231009.jar:/home/runner/.m2/repository/org/eclipse/jetty/jetty-io/9.4.53.v20231009/jetty-io-9.4.53.v20231009.jar:/home/runner/.m2/repository/org/eclipse/jetty/jetty-servlet/9.4.53.v20231009/jetty-servlet-9.4.53.v20231009.jar:/home/runner/.m2/repository/org/eclipse/jetty/jetty-security/9.4.53.v20231009/jetty-security-9.4.53.v20231009.jar:/home/runner/.m2/repository/org/eclipse/jetty/jetty-util-ajax/9.4.53.v20231009/jetty-util-ajax-9.4.53.v20231009.jar:/home/runner/.m2/repository/org/eclipse/jetty/jetty-webapp/9.4.53.v20231009/jetty-webapp-9.4.53.v20231009.jar:/home/runner/.m2/repository/org/eclipse/jetty/jetty-xml/9.4.53.v20231009/jetty-xml-9.4.53.v20231009.jar:/home/runner/.m2/repository/org/apache/ratis/ratis-server/3.0.1/ratis-server-3.0.1.jar:/home/runner/.m2/repository/org/apache/ratis/ratis-thirdparty-misc/1.0.5/ratis-thirdparty-misc-1.0.5.jar:/home/runner/.m2/repository/org/apache/ratis/ratis-proto/3.0.1/ratis-proto-3.0.1.jar:/home/runner/.m2/repository/org/apache/ratis/ratis-common/3.0.1/ratis-common-3.0.1.jar:/home/runner/.m2/repository/org/apache/ratis/ratis-client/3.0.1/ratis-client-3.0.1.jar:/home/runner/.m2/repository/org/apache/ratis/ratis-server-api/3.0.1/ratis-server-api-3.0.1.jar:/home/runner/.m2/repository/org/apache/ratis/ratis-metrics-api/3.0.1/ratis-metrics-api-3.0.1.jar:/home/runner/.m2/repository/org/apache/ratis/ratis-metrics-dropwizard3/3.0.1/ratis-metrics-dropwizard3-3.0.1.jar:/home/runner/.m2/repository/io/prometheus/simpleclient_dropwizard/0.16.0/simpleclient_dropwizard-0.16.0.jar:/home/runner/.m2/repository/io/prometheus/simpleclient/0.16.0/simpleclient-0.16.0.jar:/home/runner/.m2/repository/io/prometheus/simpleclient_common/0.16.0/simpleclient_common-0.16.0.jar:/home/runner/.m2/repository/com/fasterxml/jackson/datatype/jackson-datatype-jsr310/2.16.1/jackson-datatype-jsr310-2.16.1.jar:/home/runner/.m2/repository/com/fasterxml/jackson/core/jackson-core/2.16.1/jackson-core-2.16.1.jar:/home/runner/work/ozone/ozone/hadoop-hdds/rocksdb-checkpoint-differ/target/classes:/home/runner/.m2/repository/org/jgrapht/jgrapht-core/1.4.0/jgrapht-core-1.4.0.jar:/home/runner/.m2/repository/org/jheaps/jheaps/0.11/jheaps-0.11.jar:/home/runner/.m2/repository/org/jgrapht/jgrapht-ext/1.4.0/jgrapht-ext-1.4.0.jar:/home/runner/.m2/repository/com/github/vlsi/mxgraph/jgraphx/3.9.8.1/jgraphx-3.9.8.1.jar:/home/runner/work/ozone/ozone/hadoop-ozone/ozone-manager/target/classes:/home/runner/.m2/repository/org/aspectj/aspectjrt/1.9.7/aspectjrt-1.9.7.jar:/home/runner/.m2/repository/org/aspectj/aspectjweaver/1.9.7/aspectjweaver-1.9.7.jar:/home/runner/work/ozone/ozone/hadoop-hdds/interface-client/target/classes:/home/runner/.m2/repository/org/apache/hadoop/thirdparty/hadoop-shaded-protobuf_3_7/1.1.1/hadoop-shaded-protobuf_3_7-1.1.1.jar:/home/runner/work/ozone/ozone/hadoop-ozone/interface-storage/target/classes:/home/runner/.m2/repository/org/reflections/reflections/0.10.2/reflections-0.10.2.jar:/home/runner/.m2/repository/com/sun/jersey/jersey-client/1.19.4/jersey-client-1.19.4.jar:/home/runner/.m2/repository/org/codehaus/jackson/jackson-core-asl/1.9.13/jackson-core-asl-1.9.13.jar:/home/runner/.m2/repository/org/codehaus/jackson/jackson-mapper-asl/1.9.13/jackson-mapper-asl-1.9.13.jar:/home/runner/.m2/repository/org/codehaus/jackson/jackson-jaxrs/1.9.13/jackson-jaxrs-1.9.13.jar:/home/runner/.m2/repository/org/apache/ranger/ranger-intg/2.3.0/ranger-intg-2.3.0.jar:/home/runner/.m2/repository/org/apache/ranger/ranger-plugins-common/2.3.0/ranger-plugins-common-2.3.0.jar:/home/runner/.m2/repository/commons-lang/commons-lang/2.6/commons-lang-2.6.jar:/home/runner/.m2/repository/org/apache/ranger/ranger-plugins-cred/2.3.0/ranger-plugins-cred-2.3.0.jar:/home/runner/.m2/repository/org/apache/ranger/ranger-plugins-audit/2.3.0/ranger-plugins-audit-2.3.0.jar:/home/runner/.m2/repository/org/eclipse/jetty/jetty-client/9.4.53.v20231009/jetty-client-9.4.53.v20231009.jar:/home/runner/.m2/repository/org/apache/httpcomponents/httpmime/4.5.6/httpmime-4.5.6.jar:/home/runner/.m2/repository/org/apache/httpcomponents/httpcore-nio/4.4.16/httpcore-nio-4.4.16.jar:/home/runner/.m2/repository/org/apache/httpcomponents/httpasyncclient/4.1.3/httpasyncclient-4.1.3.jar:/home/runner/.m2/repository/com/carrotsearch/hppc/0.8.0/hppc-0.8.0.jar:/home/runner/.m2/repository/org/apache/orc/orc-core/1.5.8/orc-core-1.5.8.jar:/home/runner/.m2/repository/net/java/dev/jna/jna/5.2.0/jna-5.2.0.jar:/home/runner/.m2/repository/net/java/dev/jna/jna-platform/5.2.0/jna-platform-5.2.0.jar:/home/runner/.m2/repository/com/kstruct/gethostname4j/0.0.2/gethostname4j-0.0.2.jar:/home/runner/.m2/repository/org/apache/ranger/ranger-plugin-classloader/2.3.0/ranger-plugin-classloader-2.3.0.jar:/home/runner/work/ozone/ozone/hadoop-hdds/rocks-native/target/classes:/home/runner/.m2/repository/org/apache/hadoop/hadoop-minikdc/3.3.6/hadoop-minikdc-3.3.6.jar:/home/runner/.m2/repository/org/apache/kerby/kerb-simplekdc/1.0.1/kerb-simplekdc-1.0.1.jar:/home/runner/.m2/repository/org/apache/kerby/kerb-client/1.0.1/kerb-client-1.0.1.jar:/home/runner/.m2/repository/org/apache/kerby/kerby-config/1.0.1/kerby-config-1.0.1.jar:/home/runner/.m2/repository/org/apache/kerby/kerb-common/1.0.1/kerb-common-1.0.1.jar:/home/runner/.m2/repository/org/apache/kerby/kerb-crypto/1.0.1/kerb-crypto-1.0.1.jar:/home/runner/.m2/repository/org/apache/kerby/kerb-util/1.0.1/kerb-util-1.0.1.jar:/home/runner/.m2/repository/org/apache/kerby/token-provider/1.0.1/token-provider-1.0.1.jar:/home/runner/.m2/repository/org/apache/kerby/kerb-admin/1.0.1/kerb-admin-1.0.1.jar:/home/runner/.m2/repository/org/apache/kerby/kerb-server/1.0.1/kerb-server-1.0.1.jar:/home/runner/.m2/repository/org/apache/kerby/kerb-identity/1.0.1/kerb-identity-1.0.1.jar:/home/runner/.m2/repository/org/apache/kerby/kerby-xdr/1.0.1/kerby-xdr-1.0.1.jar:/home/runner/.m2/repository/junit/junit/4.13.2/junit-4.13.2.jar:/home/runner/.m2/repository/org/hamcrest/hamcrest-core/1.3/hamcrest-core-1.3.jar:/home/runner/work/ozone/ozone/hadoop-ozone/s3gateway/target/classes:/home/runner/.m2/repository/org/javassist/javassist/3.30.2-GA/javassist-3.30.2-GA.jar:/home/runner/.m2/repository/org/jboss/weld/servlet/weld-servlet-shaded/3.1.9.Final/weld-servlet-shaded-3.1.9.Final.jar:/home/runner/.m2/repository/org/glassfish/jersey/containers/jersey-container-servlet-core/2.42/jersey-container-servlet-core-2.42.jar:/home/runner/.m2/repository/org/glassfish/hk2/external/jakarta.inject/2.6.1/jakarta.inject-2.6.1.jar:/home/runner/.m2/repository/org/glassfish/jersey/core/jersey-common/2.42/jersey-common-2.42.jar:/home/runner/.m2/repository/jakarta/ws/rs/jakarta.ws.rs-api/2.1.6/jakarta.ws.rs-api-2.1.6.jar:/home/runner/.m2/repository/org/glassfish/jersey/ext/cdi/jersey-cdi1x/2.42/jersey-cdi1x-2.42.jar:/home/runner/.m2/repository/org/glassfish/jersey/inject/jersey-hk2/2.42/jersey-hk2-2.42.jar:/home/runner/.m2/repository/org/glassfish/hk2/hk2-locator/2.6.1/hk2-locator-2.6.1.jar:/home/runner/.m2/repository/org/glassfish/jersey/media/jersey-media-jaxb/2.42/jersey-media-jaxb-2.42.jar:/home/runner/.m2/repository/org/glassfish/hk2/osgi-resource-locator/1.0.3/osgi-resource-locator-1.0.3.jar:/home/runner/.m2/repository/org/glassfish/hk2/hk2-api/2.6.1/hk2-api-2.6.1.jar:/home/runner/.m2/repository/org/glassfish/hk2/hk2-utils/2.6.1/hk2-utils-2.6.1.jar:/home/runner/.m2/repository/org/glassfish/hk2/external/aopalliance-repackaged/2.6.1/aopalliance-repackaged-2.6.1.jar:/home/runner/.m2/repository/com/fasterxml/jackson/dataformat/jackson-dataformat-xml/2.16.1/jackson-dataformat-xml-2.16.1.jar:/home/runner/.m2/repository/org/codehaus/woodstox/stax2-api/4.2.2/stax2-api-4.2.2.jar:/home/runner/.m2/repository/com/fasterxml/woodstox/woodstox-core/5.4.0/woodstox-core-5.4.0.jar:/home/runner/.m2/repository/com/fasterxml/jackson/module/jackson-module-jaxb-annotations/2.16.1/jackson-module-jaxb-annotations-2.16.1.jar:/home/runner/.m2/repository/javax/enterprise/cdi-api/2.0/cdi-api-2.0.jar:/home/runner/.m2/repository/javax/el/javax.el-api/3.0.0/javax.el-api-3.0.0.jar:/home/runner/.m2/repository/javax/interceptor/javax.interceptor-api/1.2/javax.interceptor-api-1.2.jar:/home/runner/.m2/repository/javax/inject/javax.inject/1/javax.inject-1.jar:/home/runner/.m2/repository/jakarta/xml/bind/jakarta.xml.bind-api/2.3.3/jakarta.xml.bind-api-2.3.3.jar:/home/runner/.m2/repository/org/glassfish/jaxb/jaxb-runtime/2.3.9/jaxb-runtime-2.3.9.jar:/home/runner/.m2/repository/org/glassfish/jaxb/txw2/2.3.9/txw2-2.3.9.jar:/home/runner/.m2/repository/com/sun/istack/istack-commons-runtime/3.0.12/istack-commons-runtime-3.0.12.jar:/home/runner/.m2/repository/com/sun/activation/jakarta.activation/1.2.2/jakarta.activation-1.2.2.jar:/home/runner/.m2/repository/jakarta/activation/jakarta.activation-api/1.2.2/jakarta.activation-api-1.2.2.jar:/home/runner/.m2/repository/io/grpc/grpc-protobuf/1.58.0/grpc-protobuf-1.58.0.jar:/home/runner/.m2/repository/com/google/api/grpc/proto-google-common-protos/2.22.0/proto-google-common-protos-2.22.0.jar:/home/runner/.m2/repository/io/grpc/grpc-protobuf-lite/1.58.0/grpc-protobuf-lite-1.58.0.jar:/home/runner/.m2/repository/io/grpc/grpc-stub/1.58.0/grpc-stub-1.58.0.jar:/home/runner/.m2/repository/io/netty/netty-transport/4.1.100.Final/netty-transport-4.1.100.Final.jar:/home/runner/.m2/repository/io/netty/netty-resolver/4.1.100.Final/netty-resolver-4.1.100.Final.jar:/home/runner/work/ozone/ozone/hadoop-ozone/csi/target/classes:/home/runner/.m2/repository/com/google/protobuf/protobuf-java-util/3.19.6/protobuf-java-util-3.19.6.jar:/home/runner/.m2/repository/com/google/code/gson/gson/2.10.1/gson-2.10.1.jar:/home/runner/work/ozone/ozone/hadoop-hdds/config/target/classes:/home/runner/.m2/repository/io/netty/netty-transport-native-epoll/4.1.100.Final/netty-transport-native-epoll-4.1.100.Final-linux-x86_64.jar:/home/runner/.m2/repository/io/netty/netty-transport-classes-epoll/4.1.100.Final/netty-transport-classes-epoll-4.1.100.Final.jar:/home/runner/.m2/repository/io/netty/netty-transport-native-unix-common/4.1.100.Final/netty-transport-native-unix-common-4.1.100.Final.jar:/home/runner/work/ozone/ozone/hadoop-ozone/recon/target/classes:/home/runner/work/ozone/ozone/hadoop-ozone/recon-codegen/target/classes:/home/runner/.m2/repository/com/google/inject/guice/6.0.0/guice-6.0.0.jar:/home/runner/.m2/repository/jakarta/inject/jakarta.inject-api/2.0.1/jakarta.inject-api-2.0.1.jar:/home/runner/.m2/repository/aopalliance/aopalliance/1.0/aopalliance-1.0.jar:/home/runner/.m2/repository/com/google/inject/extensions/guice-assistedinject/6.0.0/guice-assistedinject-6.0.0.jar:/home/runner/.m2/repository/com/google/inject/extensions/guice-servlet/6.0.0/guice-servlet-6.0.0.jar:/home/runner/.m2/repository/org/glassfish/jersey/containers/jersey-container-servlet/2.42/jersey-container-servlet-2.42.jar:/home/runner/.m2/repository/org/glassfish/hk2/guice-bridge/2.6.1/guice-bridge-2.6.1.jar:/home/runner/.m2/repository/org/glassfish/jersey/core/jersey-server/2.42/jersey-server-2.42.jar:/home/runner/.m2/repository/org/glassfish/jersey/core/jersey-client/2.42/jersey-client-2.42.jar:/home/runner/.m2/repository/jakarta/validation/jakarta.validation-api/2.0.2/jakarta.validation-api-2.0.2.jar:/home/runner/.m2/repository/org/glassfish/jersey/media/jersey-media-json-jackson/2.42/jersey-media-json-jackson-2.42.jar:/home/runner/.m2/repository/org/glassfish/jersey/ext/jersey-entity-filtering/2.42/jersey-entity-filtering-2.42.jar:/home/runner/.m2/repository/org/jooq/jooq/3.11.10/jooq-3.11.10.jar:/home/runner/.m2/repository/org/jooq/jooq-meta/3.11.10/jooq-meta-3.11.10.jar:/home/runner/.m2/repository/org/jooq/jooq-codegen/3.11.10/jooq-codegen-3.11.10.jar:/home/runner/.m2/repository/com/jolbox/bonecp/0.8.0.RELEASE/bonecp-0.8.0.RELEASE.jar:/home/runner/.m2/repository/org/apache/derby/derby/10.14.2.0/derby-10.14.2.0.jar:/home/runner/.m2/repository/org/xerial/sqlite-jdbc/3.44.1.0/sqlite-jdbc-3.44.1.0.jar:/home/runner/.m2/repository/org/springframework/spring-jdbc/5.3.27/spring-jdbc-5.3.27.jar:/home/runner/.m2/repository/org/springframework/spring-beans/5.3.27/spring-beans-5.3.27.jar:/home/runner/.m2/repository/org/springframework/spring-core/5.3.27/spring-core-5.3.27.jar:/home/runner/.m2/repository/org/springframework/spring-tx/5.3.27/spring-tx-5.3.27.jar:/home/runner/work/ozone/ozone/hadoop-ozone/client/target/classes:/home/runner/work/ozone/ozone/hadoop-hdds/erasurecode/target/classes:/home/runner/work/ozone/ozone/hadoop-ozone/ozonefs/target/classes:/home/runner/work/ozone/ozone/hadoop-ozone/ozonefs-common/target/classes:/home/runner/work/ozone/ozone/hadoop-ozone/tools/target/classes:/home/runner/.m2/repository/com/amazonaws/aws-java-sdk-core/1.12.661/aws-java-sdk-core-1.12.661.jar:/home/runner/.m2/repository/org/apache/httpcomponents/httpclient/4.5.14/httpclient-4.5.14.jar:/home/runner/.m2/repository/org/apache/httpcomponents/httpcore/4.4.16/httpcore-4.4.16.jar:/home/runner/.m2/repository/com/fasterxml/jackson/dataformat/jackson-dataformat-cbor/2.16.1/jackson-dataformat-cbor-2.16.1.jar:/home/runner/.m2/repository/joda-time/joda-time/2.12.7/joda-time-2.12.7.jar:/home/runner/.m2/repository/com/amazonaws/aws-java-sdk-s3/1.12.661/aws-java-sdk-s3-1.12.661.jar:/home/runner/.m2/repository/com/amazonaws/aws-java-sdk-kms/1.12.661/aws-java-sdk-kms-1.12.661.jar:/home/runner/.m2/repository/com/amazonaws/jmespath-java/1.12.661/jmespath-java-1.12.661.jar:/home/runner/.m2/repository/org/kohsuke/metainf-services/metainf-services/1.11/metainf-services-1.11.jar:/home/runner/work/ozone/ozone/hadoop-hdds/tools/target/classes:/home/runner/.m2/repository/org/apache/ratis/ratis-tools/3.0.1/ratis-tools-3.0.1.jar:/home/runner/.m2/repository/commons-cli/commons-cli/1.6.0/commons-cli-1.6.0.jar:/home/runner/.m2/repository/org/apache/commons/commons-lang3/3.14.0/commons-lang3-3.14.0.jar:/home/runner/work/ozone/ozone/hadoop-ozone/ozone-manager/target/test-classes:/home/runner/work/ozone/ozone/hadoop-hdds/common/target/test-classes:/home/runner/work/ozone/ozone/hadoop-hdds/hadoop-dependency-client/target/classes:/home/runner/.m2/repository/info/picocli/picocli/4.7.5/picocli-4.7.5.jar:/home/runner/.m2/repository/com/fasterxml/jackson/core/jackson-annotations/2.16.1/jackson-annotations-2.16.1.jar:/home/runner/work/ozone/ozone/hadoop-hdds/annotations/target/classes:/home/runner/.m2/repository/javax/annotation/javax.annotation-api/1.3.2/javax.annotation-api-1.3.2.jar:/home/runner/.m2/repository/org/apache/ratis/ratis-netty/3.0.1/ratis-netty-3.0.1.jar:/home/runner/.m2/repository/org/apache/ratis/ratis-grpc/3.0.1/ratis-grpc-3.0.1.jar:/home/runner/.m2/repository/org/bouncycastle/bcpkix-jdk18on/1.77/bcpkix-jdk18on-1.77.jar:/home/runner/.m2/repository/org/bouncycastle/bcutil-jdk18on/1.77/bcutil-jdk18on-1.77.jar:/home/runner/.m2/repository/commons-validator/commons-validator/1.6/commons-validator-1.6.jar:/home/runner/.m2/repository/commons-beanutils/commons-beanutils/1.9.4/commons-beanutils-1.9.4.jar:/home/runner/.m2/repository/commons-digester/commons-digester/1.8.1/commons-digester-1.8.1.jar:/home/runner/.m2/repository/commons-collections/commons-collections/3.2.2/commons-collections-3.2.2.jar:/home/runner/.m2/repository/io/jaegertracing/jaeger-client/1.8.1/jaeger-client-1.8.1.jar:/home/runner/.m2/repository/io/jaegertracing/jaeger-thrift/1.8.1/jaeger-thrift-1.8.1.jar:/home/runner/.m2/repository/org/apache/thrift/libthrift/0.15.0/libthrift-0.15.0.jar:/home/runner/.m2/repository/io/jaegertracing/jaeger-core/1.8.1/jaeger-core-1.8.1.jar:/home/runner/.m2/repository/io/jaegertracing/jaeger-tracerresolver/1.8.1/jaeger-tracerresolver-1.8.1.jar:/home/runner/.m2/repository/io/opentracing/contrib/opentracing-tracerresolver/0.1.8/opentracing-tracerresolver-0.1.8.jar:/home/runner/.m2/repository/org/jetbrains/kotlin/kotlin-stdlib/1.9.22/kotlin-stdlib-1.9.22.jar:/home/runner/.m2/repository/org/jetbrains/annotations/13.0/annotations-13.0.jar:/home/runner/.m2/repository/io/opentracing/opentracing-util/0.33.0/opentracing-util-0.33.0.jar:/home/runner/.m2/repository/io/opentracing/opentracing-api/0.33.0/opentracing-api-0.33.0.jar:/home/runner/.m2/repository/io/opentracing/opentracing-noop/0.33.0/opentracing-noop-0.33.0.jar:/home/runner/.m2/repository/org/yaml/snakeyaml/2.0/snakeyaml-2.0.jar:/home/runner/.m2/repository/io/grpc/grpc-api/1.58.0/grpc-api-1.58.0.jar:/home/runner/.m2/repository/org/junit/platform/junit-platform-launcher/1.10.2/junit-platform-launcher-1.10.2.jar:/home/runner/.m2/repository/org/junit/platform/junit-platform-engine/1.10.2/junit-platform-engine-1.10.2.jar:/home/runner/.m2/repository/org/apiguardian/apiguardian-api/1.1.2/apiguardian-api-1.1.2.jar:/home/runner/.m2/repository/org/apache/hadoop/hadoop-kms/3.3.6/hadoop-kms-3.3.6.jar:/home/runner/.m2/repository/org/apache/hadoop/hadoop-auth/3.3.6/hadoop-auth-3.3.6.jar:/home/runner/.m2/repository/org/apache/zookeeper/zookeeper/3.8.4/zookeeper-3.8.4.jar:/home/runner/.m2/repository/org/apache/zookeeper/zookeeper-jute/3.8.4/zookeeper-jute-3.8.4.jar:/home/runner/.m2/repository/org/apache/yetus/audience-annotations/0.12.0/audience-annotations-0.12.0.jar:/home/runner/.m2/repository/org/apache/curator/curator-framework/4.2.0/curator-framework-4.2.0.jar:/home/runner/.m2/repository/org/apache/hadoop/thirdparty/hadoop-shaded-guava/1.2.0/hadoop-shaded-guava-1.2.0.jar:/home/runner/.m2/repository/com/sun/jersey/jersey-core/1.19.4/jersey-core-1.19.4.jar:/home/runner/.m2/repository/javax/ws/rs/jsr311-api/1.1.1/jsr311-api-1.1.1.jar:/home/runner/.m2/repository/com/sun/jersey/jersey-server/1.19.4/jersey-server-1.19.4.jar:/home/runner/.m2/repository/javax/servlet/javax.servlet-api/3.1.0/javax.servlet-api-3.1.0.jar:/home/runner/.m2/repository/org/apache/hadoop/hadoop-common/3.3.6/hadoop-common-3.3.6.jar:/home/runner/.m2/repository/org/apache/commons/commons-math3/3.6.1/commons-math3-3.6.1.jar:/home/runner/.m2/repository/commons-net/commons-net/3.10.0/commons-net-3.10.0.jar:/home/runner/.m2/repository/com/sun/jersey/jersey-servlet/1.19.4/jersey-servlet-1.19.4.jar:/home/runner/.m2/repository/com/github/pjfanning/jersey-json/1.20/jersey-json-1.20.jar:/home/runner/.m2/repository/org/codehaus/jettison/jettison/1.1/jettison-1.1.jar:/home/runner/.m2/repository/com/sun/xml/bind/jaxb-impl/2.2.3-1/jaxb-impl-2.2.3-1.jar:/home/runner/.m2/repository/com/google/re2j/re2j/1.7/re2j-1.7.jar:/home/runner/.m2/repository/com/jcraft/jsch/0.1.55/jsch-0.1.55.jar:/home/runner/.m2/repository/org/apache/curator/curator-client/4.2.0/curator-client-4.2.0.jar:/home/runner/.m2/repository/org/apache/curator/curator-recipes/5.2.0/curator-recipes-5.2.0.jar:/home/runner/.m2/repository/com/google/code/findbugs/jsr305/3.0.2/jsr305-3.0.2.jar:/home/runner/.m2/repository/org/apache/kerby/kerb-core/1.0.1/kerb-core-1.0.1.jar:/home/runner/.m2/repository/org/apache/kerby/kerby-pkix/1.0.1/kerby-pkix-1.0.1.jar:/home/runner/.m2/repository/org/apache/kerby/kerby-asn1/1.0.1/kerby-asn1-1.0.1.jar:/home/runner/.m2/repository/org/apache/kerby/kerby-util/1.0.1/kerby-util-1.0.1.jar:/home/runner/.m2/repository/dnsjava/dnsjava/2.1.7/dnsjava-2.1.7.jar:/home/runner/.m2/repository/com/fasterxml/jackson/core/jackson-databind/2.16.1/jackson-databind-2.16.1.jar:/home/runner/.m2/repository/org/apache/hadoop/hadoop-kms/3.3.6/hadoop-kms-3.3.6-tests.jar:/home/runner/work/ozone/ozone/hadoop-hdds/server-scm/target/test-classes:/home/runner/work/ozone/ozone/hadoop-hdds/container-service/target/test-classes:/home/runner/.m2/repository/com/github/luben/zstd-jni/1.5.6-2/zstd-jni-1.5.6-2.jar:/home/runner/.m2/repository/commons-codec/commons-codec/1.15/commons-codec-1.15.jar:/home/runner/.m2/repository/io/netty/netty-codec/4.1.100.Final/netty-codec-4.1.100.Final.jar:/home/runner/.m2/repository/io/netty/netty-handler/4.1.100.Final/netty-handler-4.1.100.Final.jar:/home/runner/work/ozone/ozone/hadoop-hdds/hadoop-dependency-test/target/classes:/home/runner/.m2/repository/org/apache/hadoop/hadoop-common/3.3.6/hadoop-common-3.3.6-tests.jar:/home/runner/.m2/repository/org/apache/hadoop/hadoop-hdfs/3.3.6/hadoop-hdfs-3.3.6-tests.jar:/home/runner/.m2/repository/org/junit/jupiter/junit-jupiter-engine/5.10.2/junit-jupiter-engine-5.10.2.jar:/home/runner/.m2/repository/org/junit/jupiter/junit-jupiter-params/5.10.2/junit-jupiter-params-5.10.2.jar:/home/runner/.m2/repository/org/mockito/mockito-core/4.11.0/mockito-core-4.11.0.jar:/home/runner/.m2/repository/net/bytebuddy/byte-buddy/1.12.19/byte-buddy-1.12.19.jar:/home/runner/.m2/repository/net/bytebuddy/byte-buddy-agent/1.12.19/byte-buddy-agent-1.12.19.jar:/home/runner/.m2/repository/org/objenesis/objenesis/3.3/objenesis-3.3.jar:/home/runner/.m2/repository/org/mockito/mockito-inline/4.11.0/mockito-inline-4.11.0.jar:/home/runner/.m2/repository/org/mockito/mockito-junit-jupiter/4.11.0/mockito-junit-jupiter-4.11.0.jar:/home/runner/.m2/repository/org/apache/hadoop/hadoop-distcp/3.3.6/hadoop-distcp-3.3.6.jar:/home/runner/.m2/repository/org/apache/hadoop/hadoop-mapreduce-client-jobclient/3.3.6/hadoop-mapreduce-client-jobclient-3.3.6.jar:/home/runner/.m2/repository/org/apache/hadoop/hadoop-mapreduce-client-common/3.3.6/hadoop-mapreduce-client-common-3.3.6.jar:/home/runner/.m2/repository/org/apache/hadoop/hadoop-yarn-common/3.3.6/hadoop-yarn-common-3.3.6.jar:/home/runner/.m2/repository/org/apache/hadoop/hadoop-yarn-api/3.3.6/hadoop-yarn-api-3.3.6.jar:/home/runner/.m2/repository/javax/xml/bind/jaxb-api/2.2.11/jaxb-api-2.2.11.jar:/home/runner/.m2/repository/com/sun/jersey/contribs/jersey-guice/1.19.4/jersey-guice-1.19.4.jar:/home/runner/.m2/repository/com/fasterxml/jackson/jaxrs/jackson-jaxrs-json-provider/2.16.1/jackson-jaxrs-json-provider-2.16.1.jar:/home/runner/.m2/repository/com/fasterxml/jackson/jaxrs/jackson-jaxrs-base/2.16.1/jackson-jaxrs-base-2.16.1.jar:/home/runner/.m2/repository/org/apache/hadoop/hadoop-yarn-client/3.3.6/hadoop-yarn-client-3.3.6.jar:/home/runner/.m2/repository/org/eclipse/jetty/websocket/websocket-client/9.4.51.v20230217/websocket-client-9.4.51.v20230217.jar:/home/runner/.m2/repository/org/eclipse/jetty/websocket/websocket-common/9.4.51.v20230217/websocket-common-9.4.51.v20230217.jar:/home/runner/.m2/repository/org/eclipse/jetty/websocket/websocket-api/9.4.51.v20230217/websocket-api-9.4.51.v20230217.jar:/home/runner/.m2/repository/org/jline/jline/3.9.0/jline-3.9.0.jar:/home/runner/.m2/repository/org/apache/hadoop/hadoop-mapreduce-client-core/3.3.6/hadoop-mapreduce-client-core-3.3.6.jar:/home/runner/.m2/repository/org/apache/avro/avro/1.7.7/avro-1.7.7.jar:/home/runner/.m2/repository/com/thoughtworks/paranamer/paranamer/2.3/paranamer-2.3.jar:/home/runner/.m2/repository/org/apache/hadoop/hadoop-annotations/3.3.6/hadoop-annotations-3.3.6.jar:/home/runner/.m2/repository/io/netty/netty/3.10.6.Final/netty-3.10.6.Final.jar:/home/runner/.m2/repository/org/apache/hadoop/hadoop-distcp/3.3.6/hadoop-distcp-3.3.6-tests.jar:/home/runner/.m2/repository/org/hamcrest/hamcrest/2.2/hamcrest-2.2.jar:/home/runner/.m2/repository/org/slf4j/jul-to-slf4j/2.0.12/jul-to-slf4j-2.0.12.jar:/home/runner/work/ozone/ozone/hadoop-ozone/integration-test/target/gradle-enterprise/test-listeners.jar:"/>
    <property name="sun.cpu.endian" value="little"/>
    <property name="user.home" value="/home/runner"/>
    <property name="user.language" value="en"/>
    <property name="java.specification.vendor" value="Oracle Corporation"/>
    <property name="java.version.date" value="2024-01-16"/>
    <property name="java.home" value="/usr/lib/jvm/temurin-17-jdk-amd64"/>
    <property name="java.security.krb5.conf" value="/home/runner/work/ozone/ozone/hadoop-ozone/integration-test/target/test-classes/krb5.conf"/>
    <property name="file.separator" value="/"/>
    <property name="basedir" value="/home/runner/work/ozone/ozone/hadoop-ozone/integration-test"/>
    <property name="java.vm.compressedOopsMode" value="Zero based"/>
    <property name="line.separator" value="&#10;"/>
    <property name="java.vm.specification.vendor" value="Oracle Corporation"/>
    <property name="java.specification.name" value="Java Platform API Specification"/>
    <property name="skip.installnpx" value="true"/>
    <property name="surefire.fork.timeout" value="3600"/>
    <property name="surefire.real.class.path" value="/home/runner/work/ozone/ozone/hadoop-ozone/integration-test/target/surefire/surefirebooter15612126574818829416.jar"/>
    <property name="hadoop.log.dir" value="/home/runner/work/ozone/ozone/hadoop-ozone/integration-test/target/log"/>
    <property name="sun.management.compiler" value="HotSpot 64-Bit Tiered Compilers"/>
    <property name="java.runtime.version" value="17.0.10+7"/>
    <property name="skip.npx" value="true"/>
    <property name="user.name" value="runner"/>
    <property name="java.net.preferIPv4Stack" value="true"/>
    <property name="path.separator" value=":"/>
    <property name="java.security.egd" value="file:///dev/urandom"/>
    <property name="os.version" value="5.15.0-1061-azure"/>
    <property name="java.runtime.name" value="OpenJDK Runtime Environment"/>
    <property name="com.gradle.maven.scan.extension.test.listener.junitplatform.NestedExecutionSafeDelegatingTestExecutionListener" value="36f2bb92"/>
    <property name="file.encoding" value="UTF-8"/>
    <property name="java.vm.name" value="OpenJDK 64-Bit Server VM"/>
    <property name="java.vendor.version" value="Temurin-17.0.10+7"/>
    <property name="test.build.webapps" value=""/>
    <property name="gradle.enterprise.listener.port" value="39105"/>
    <property name="localRepository" value="/home/runner/.m2/repository"/>
    <property name="java.vendor.url.bug" value="https://github.com/adoptium/adoptium-support/issues"/>
    <property name="jetty.git.hash" value="27bde00a0b95a1d5bbee0eae7984f891d2d0f8c9"/>
    <property name="java.io.tmpdir" value="/tmp"/>
    <property name="require.test.libhadoop" value=""/>
    <property name="java.version" value="17.0.10"/>
    <property name="surefire.rerunFailingTestsCount" value="5"/>
    <property name="user.dir" value="/home/runner/work/ozone/ozone/hadoop-ozone/integration-test"/>
    <property name="os.arch" value="amd64"/>
    <property name="java.vm.specification.name" value="Java Virtual Machine Specification"/>
    <property name="test.build.classes" value="/home/runner/work/ozone/ozone/hadoop-ozone/integration-test/target/test-classes"/>
    <property name="org.apache.ratis.thirdparty.io.netty.allocator.useCacheForAllThreads" value="false"/>
    <property name="native.encoding" value="UTF-8"/>
    <property name="hadoop.tmp.dir" value="/home/runner/work/ozone/ozone/hadoop-ozone/integration-test/target/tmp"/>
    <property name="java.library.path" value="/usr/java/packages/lib:/usr/lib64:/lib64:/lib:/usr/lib"/>
    <property name="java.vm.info" value="mixed mode, sharing"/>
    <property name="java.vendor" value="Eclipse Adoptium"/>
    <property name="java.vm.version" value="17.0.10+7"/>
    <property name="sun.io.unicode.encoding" value="UnicodeLittle"/>
    <property name="java.class.version" value="61.0"/>
  </properties>
  <testcase name="testWatchForCommitWithKeyWrite" classname="org.apache.hadoop.ozone.client.rpc.TestWatchForCommit" time="43.073"/>
  <testcase name="testWatchForCommitForRetryfailure" classname="org.apache.hadoop.ozone.client.rpc.TestWatchForCommit" time="47.858">
    <flakyFailure type="java.lang.AssertionError">
      <stackTrace><![CDATA[java.lang.AssertionError: 

Expecting:
 <"org.apache.ratis.protocol.exceptions.RaftRetryFailureException: Failed RaftClientRequest:client-E8FF138AEEDC->2f58e8cd-28e0-414a-bc84-31490c64287f@group-8681D727A52F, cid=47, seq=null, Watch-MAJORITY_COMMITTED(20), null for 3 attempts with RequestTypeDependentRetryPolicy{WRITE->ExceptionDependentRetry(maxAttempts=2147483647; defaultPolicy=MultipleLinearRandomRetry[5x5s, 5x10s, 5x15s, 5x20s, 5x25s, 10x60s]; map={org.apache.ratis.protocol.exceptions.GroupMismatchException->NoRetry, org.apache.ratis.protocol.exceptions.NotReplicatedException->NoRetry, org.apache.ratis.protocol.exceptions.ResourceUnavailableException->org.apache.ratis.retry.ExponentialBackoffRetry@3794e565, org.apache.ratis.protocol.exceptions.StateMachineException->NoRetry, org.apache.ratis.protocol.exceptions.TimeoutIOException->org.apache.ratis.retry.ExponentialBackoffRetry@3794e565}), WATCH->ExceptionDependentRetry(maxAttempts=2147483647; defaultPolicy=MultipleLinearRandomRetry[5x5s, 5x10s, 5x15s, 5x20s, 5x25s, 10x60s]; map={org.apache.ratis.protocol.exceptions.GroupMismatchException->NoRetry, org.apache.ratis.protocol.exceptions.NotReplicatedException->NoRetry, org.apache.ratis.protocol.exceptions.ResourceUnavailableException->org.apache.ratis.retry.ExponentialBackoffRetry@3794e565, org.apache.ratis.protocol.exceptions.StateMachineException->NoRetry, org.apache.ratis.protocol.exceptions.TimeoutIOException->NoRetry})}">
not to contain:
 <"Watch-MAJORITY_COMMITTED">

	at org.apache.hadoop.ozone.client.rpc.TestWatchForCommit.testWatchForCommitForRetryfailure(TestWatchForCommit.java:295)
	at java.base/java.lang.reflect.Method.invoke(Method.java:568)
	at java.base/java.util.ArrayList.forEach(ArrayList.java:1511)
	at java.base/java.util.ArrayList.forEach(ArrayList.java:1511)
]]></stackTrace>
      <system-out><![CDATA[2024-04-26 07:43:40,283 [main] WARN  server.ServerUtils (ServerUtils.java:getScmDbDir(143)) - ozone.scm.db.dirs is not configured. We recommend adding this setting. Falling back to ozone.metadata.dirs instead.
2024-04-26 07:43:40,286 [main] WARN  server.ServerUtils (ServerUtils.java:getScmDbDir(143)) - ozone.scm.db.dirs is not configured. We recommend adding this setting. Falling back to ozone.metadata.dirs instead.
2024-04-26 07:43:40,286 [main] INFO  ha.SCMHANodeDetails (SCMHANodeDetails.java:loadSCMHAConfig(207)) - ServiceID for StorageContainerManager is null
2024-04-26 07:43:40,286 [main] INFO  ha.SCMHANodeDetails (SCMHANodeDetails.java:loadSCMHAConfig(212)) - ozone.scm.default.service.id is not defined, falling back to ozone.scm.service.ids to find serviceID for StorageContainerManager if it is HA enabled cluster
2024-04-26 07:43:40,287 [main] WARN  utils.HAUtils (HAUtils.java:getMetaDir(339)) - ozone.scm.db.dirs is not configured. We recommend adding this setting. Falling back to ozone.metadata.dirs instead.
2024-04-26 07:43:40,288 [main] WARN  db.DBStoreBuilder (DBStoreBuilder.java:applyDBDefinition(171)) - ozone.scm.db.dirs is not configured. We recommend adding this setting. Falling back to ozone.metadata.dirs instead.
2024-04-26 07:43:40,380 [main] INFO  net.NodeSchemaLoader (NodeSchemaLoader.java:loadSchemaFromFile(129)) - Loading schema from [file:/home/runner/work/ozone/ozone/hadoop-hdds/common/target/classes/network-topology-default.xml]
2024-04-26 07:43:40,380 [main] INFO  net.NodeSchemaLoader (NodeSchemaLoader.java:loadSchema(176)) - Loading network topology layer schema file
2024-04-26 07:43:40,384 [main] INFO  upgrade.AbstractLayoutVersionManager (AbstractLayoutVersionManager.java:init(83)) - Initializing Layout version manager with metadata layout = HADOOP_PRC_PORTS_IN_DATANODEDETAILS (version = 7), software layout = HADOOP_PRC_PORTS_IN_DATANODEDETAILS (version = 7)
2024-04-26 07:43:40,385 [main] INFO  ha.SequenceIdGenerator (SequenceIdGenerator.java:upgradeToSequenceId(370)) - upgrade localId to 113750153625600000
2024-04-26 07:43:40,386 [main] INFO  ha.SequenceIdGenerator (SequenceIdGenerator.java:upgradeToSequenceId(380)) - upgrade delTxnId to 0
2024-04-26 07:43:40,387 [main] INFO  ha.SequenceIdGenerator (SequenceIdGenerator.java:upgradeToSequenceId(397)) - upgrade containerId to 0
2024-04-26 07:43:40,388 [main] INFO  ha.SequenceIdGenerator (SequenceIdGenerator.java:upgradeToCertificateSequenceId(444)) - upgrade CertificateId to 2
2024-04-26 07:43:40,388 [main] INFO  ha.SequenceIdGenerator (SequenceIdGenerator.java:<init>(241)) - Init the HA SequenceIdGenerator.
2024-04-26 07:43:40,390 [main] INFO  node.SCMNodeManager (SCMNodeManager.java:<init>(177)) - Entering startup safe mode.
2024-04-26 07:43:40,391 [main] INFO  algorithms.ContainerPlacementPolicyFactory (ContainerPlacementPolicyFactory.java:getPolicyInternal(86)) - Create container placement policy of type org.apache.hadoop.hdds.scm.container.placement.algorithms.SCMContainerPlacementRackAware
2024-04-26 07:43:40,391 [main] INFO  algorithms.ContainerPlacementPolicyFactory (ContainerPlacementPolicyFactory.java:getPolicyInternal(86)) - Create container placement policy of type org.apache.hadoop.hdds.scm.container.placement.algorithms.SCMContainerPlacementRackScatter
2024-04-26 07:43:40,391 [main] INFO  pipeline.PipelineStateManagerImpl (PipelineStateManagerImpl.java:initialize(78)) - No pipeline exists in current db
2024-04-26 07:43:40,391 [main] INFO  algorithms.LeaderChoosePolicyFactory (LeaderChoosePolicyFactory.java:getPolicy(57)) - Create leader choose policy of type org.apache.hadoop.hdds.scm.pipeline.leader.choose.algorithms.MinLeaderCountChoosePolicy
2024-04-26 07:43:40,391 [main] INFO  algorithms.ContainerPlacementPolicyFactory (ContainerPlacementPolicyFactory.java:getPolicyInternal(86)) - Create container placement policy of type org.apache.hadoop.hdds.scm.container.placement.algorithms.SCMContainerPlacementRackScatter
2024-04-26 07:43:40,391 [main] INFO  ha.SCMServiceManager (SCMServiceManager.java:register(42)) - Registering service BackgroundPipelineCreator.
2024-04-26 07:43:40,392 [main] INFO  pipeline.BackgroundPipelineCreator (BackgroundPipelineCreator.java:start(127)) - Starting RatisPipelineUtilsThread.
2024-04-26 07:43:40,392 [main] INFO  BackgroundPipelineScrubber (BackgroundSCMService.java:start(65)) - Starting BackgroundPipelineScrubber Service.
2024-04-26 07:43:40,396 [main] INFO  ha.SCMServiceManager (SCMServiceManager.java:register(42)) - Registering service BackgroundPipelineScrubber.
2024-04-26 07:43:40,397 [main] INFO  ExpiredContainerReplicaOpScrubber (BackgroundSCMService.java:start(65)) - Starting ExpiredContainerReplicaOpScrubber Service.
2024-04-26 07:43:40,400 [main] INFO  ha.SCMServiceManager (SCMServiceManager.java:register(42)) - Registering service ExpiredContainerReplicaOpScrubber.
2024-04-26 07:43:40,401 [main] INFO  algorithms.PipelineChoosePolicyFactory (PipelineChoosePolicyFactory.java:createPipelineChoosePolicyFromClass(80)) - Create pipeline choose policy of type org.apache.hadoop.hdds.scm.pipeline.choose.algorithms.RandomPipelineChoosePolicy
2024-04-26 07:43:40,402 [main] INFO  algorithms.PipelineChoosePolicyFactory (PipelineChoosePolicyFactory.java:createPipelineChoosePolicyFromClass(80)) - Create pipeline choose policy of type org.apache.hadoop.hdds.scm.pipeline.choose.algorithms.RandomPipelineChoosePolicy
2024-04-26 07:43:40,402 [main] INFO  ha.SCMServiceManager (SCMServiceManager.java:register(42)) - Registering service SCMBlockDeletingService.
2024-04-26 07:43:40,403 [main] INFO  replication.ReplicationManager (ReplicationManager.java:start(295)) - Starting Replication Monitor Thread.
2024-04-26 07:43:40,405 [main] INFO  ha.SCMServiceManager (SCMServiceManager.java:register(42)) - Registering service ReplicationManager.
2024-04-26 07:43:40,405 [main] INFO  safemode.ContainerSafeModeRule (ContainerSafeModeRule.java:<init>(91)) - containers with one replica threshold count 0
2024-04-26 07:43:40,405 [main] INFO  safemode.HealthyPipelineSafeModeRule (HealthyPipelineSafeModeRule.java:initializeRule(176)) - Total pipeline count is 0, healthy pipeline threshold count is 1
2024-04-26 07:43:40,405 [main] INFO  safemode.OneReplicaPipelineSafeModeRule (OneReplicaPipelineSafeModeRule.java:initializeRule(193)) - Total pipeline count is 0, pipeline's with at least one datanode reported threshold count is 0
2024-04-26 07:43:40,406 [ReplicationMonitor] INFO  replication.ReplicationManager (ReplicationManager.java:processAll(371)) - Replication Manager is not ready to run until 3000ms after safemode exit
2024-04-26 07:43:40,406 [main] INFO  server.StorageContainerManager (StorageContainerManager.java:<init>(440)) - SCM start with adminUsers: [runner]
2024-04-26 07:43:40,406 [main] INFO  ipc.CallQueueManager (CallQueueManager.java:<init>(90)) - Using callQueue: class java.util.concurrent.LinkedBlockingQueue, queueCapacity: 10000, scheduler: class org.apache.hadoop.ipc.DefaultRpcScheduler, ipcBackoff: false.
2024-04-26 07:43:40,407 [main] INFO  ipc.Server (Server.java:<init>(1287)) - Listener at 0.0.0.0:15091
2024-04-26 07:43:40,407 [Socket Reader #1 for port 15091] INFO  ipc.Server (Server.java:run(1323)) - Starting Socket Reader #1 for port 15091
2024-04-26 07:43:40,408 [main] INFO  ipc.CallQueueManager (CallQueueManager.java:<init>(90)) - Using callQueue: class java.util.concurrent.LinkedBlockingQueue, queueCapacity: 10000, scheduler: class org.apache.hadoop.ipc.DefaultRpcScheduler, ipcBackoff: false.
2024-04-26 07:43:40,408 [main] INFO  ipc.Server (Server.java:<init>(1287)) - Listener at 0.0.0.0:15090
2024-04-26 07:43:40,408 [Socket Reader #1 for port 15090] INFO  ipc.Server (Server.java:run(1323)) - Starting Socket Reader #1 for port 15090
2024-04-26 07:43:40,410 [main] INFO  ipc.CallQueueManager (CallQueueManager.java:<init>(90)) - Using callQueue: class java.util.concurrent.LinkedBlockingQueue, queueCapacity: 10000, scheduler: class org.apache.hadoop.ipc.DefaultRpcScheduler, ipcBackoff: false.
2024-04-26 07:43:40,410 [main] INFO  ipc.Server (Server.java:<init>(1287)) - Listener at 0.0.0.0:15089
2024-04-26 07:43:40,410 [Socket Reader #1 for port 15089] INFO  ipc.Server (Server.java:run(1323)) - Starting Socket Reader #1 for port 15089
2024-04-26 07:43:40,419 [main] INFO  ha.SCMServiceManager (SCMServiceManager.java:register(42)) - Registering service ContainerBalancer.
2024-04-26 07:43:40,420 [main] INFO  ha.SCMContext (SCMContext.java:updateSafeModeStatus(225)) - Update SafeModeStatus from SafeModeStatus{safeModeStatus=true, preCheckPassed=false} to SafeModeStatus{safeModeStatus=true, preCheckPassed=false}.
2024-04-26 07:43:40,420 [main] INFO  server.StorageContainerManager (StorageContainerManager.java:start(1545)) - StorageContainerLocationProtocol RPC server is listening at /0.0.0.0:15089
2024-04-26 07:43:40,422 [main] WARN  impl.MetricsConfig (MetricsConfig.java:loadFirst(136)) - Cannot locate configuration: tried hadoop-metrics2-storagecontainermanager.properties,hadoop-metrics2.properties
2024-04-26 07:43:40,423 [main] INFO  impl.MetricsSystemImpl (MetricsSystemImpl.java:startTimer(378)) - Scheduled Metric snapshot period at 10 second(s).
2024-04-26 07:43:40,423 [main] INFO  impl.MetricsSystemImpl (MetricsSystemImpl.java:start(191)) - StorageContainerManager metrics system started
2024-04-26 07:43:40,428 [main] INFO  impl.MetricsSinkAdapter (MetricsSinkAdapter.java:start(204)) - Sink prometheus started
2024-04-26 07:43:40,429 [main] INFO  impl.MetricsSystemImpl (MetricsSystemImpl.java:registerSink(305)) - Registered sink prometheus
2024-04-26 07:43:40,452 [main] INFO  server.SCMClientProtocolServer (SCMClientProtocolServer.java:start(204)) - RPC server for Client  is listening at /0.0.0.0:15089
2024-04-26 07:43:40,453 [IPC Server Responder] INFO  ipc.Server (Server.java:run(1562)) - IPC Server Responder: starting
2024-04-26 07:43:40,457 [IPC Server listener on 15089] INFO  ipc.Server (Server.java:run(1402)) - IPC Server listener on 15089: starting
2024-04-26 07:43:40,482 [main] INFO  server.StorageContainerManager (StorageContainerManager.java:start(1558)) - ScmBlockLocationProtocol RPC server is listening at /0.0.0.0:15090
2024-04-26 07:43:40,482 [main] INFO  server.SCMBlockProtocolServer (SCMBlockProtocolServer.java:start(162)) - RPC server for Block Protocol is listening at /0.0.0.0:15090
2024-04-26 07:43:40,483 [IPC Server Responder] INFO  ipc.Server (Server.java:run(1562)) - IPC Server Responder: starting
2024-04-26 07:43:40,483 [IPC Server listener on 15090] INFO  ipc.Server (Server.java:run(1402)) - IPC Server listener on 15090: starting
2024-04-26 07:43:40,491 [main] INFO  server.SCMDatanodeProtocolServer (SCMDatanodeProtocolServer.java:start(194)) - ScmDatanodeProtocol RPC server for DataNodes is listening at /0.0.0.0:15091
2024-04-26 07:43:40,492 [IPC Server Responder] INFO  ipc.Server (Server.java:run(1562)) - IPC Server Responder: starting
2024-04-26 07:43:40,492 [IPC Server listener on 15091] INFO  ipc.Server (Server.java:run(1402)) - IPC Server listener on 15091: starting
2024-04-26 07:43:40,501 [JvmPauseMonitor11] INFO  util.JvmPauseMonitor (JvmPauseMonitor.java:run(146)) - JvmPauseMonitor-d9d5fd8b-77cd-4310-9c06-5a000016974c: Started
2024-04-26 07:43:40,501 [main] INFO  http.BaseHttpServer (BaseHttpServer.java:newHttpServer2BuilderForOzone(223)) - Starting Web-server for scm at: http://0.0.0.0:15092
2024-04-26 07:43:40,501 [main] INFO  http.BaseHttpServer (BaseHttpServer.java:<init>(110)) - Hadoop Security Enabled: false Ozone Security Enabled: false Ozone HTTP Security Enabled: false 
2024-04-26 07:43:40,503 [main] WARN  server.AuthenticationFilter (AuthenticationFilter.java:constructSecretProvider(240)) - Unable to initialize FileSignerSecretProvider, falling back to use random secrets. Reason: Could not read signature secret file: /home/runner/hadoop-http-auth-signature-secret
2024-04-26 07:43:40,503 [main] INFO  http.HttpRequestLog (HttpRequestLog.java:getRequestLog(86)) - Http request log for http.requests.scm is not defined
2024-04-26 07:43:40,505 [main] INFO  http.HttpServer2 (HttpServer2.java:addGlobalFilter(1036)) - Added global filter 'safety' (class=org.apache.hadoop.hdds.server.http.HttpServer2$QuotingInputFilter)
2024-04-26 07:43:40,505 [main] INFO  http.HttpServer2 (HttpServer2.java:addFilter(1012)) - Added filter static_user_filter (class=org.apache.hadoop.http.lib.StaticUserWebFilter$StaticUserFilter) to context scm
2024-04-26 07:43:40,505 [main] INFO  http.HttpServer2 (HttpServer2.java:addFilter(1020)) - Added filter static_user_filter (class=org.apache.hadoop.http.lib.StaticUserWebFilter$StaticUserFilter) to context static
2024-04-26 07:43:40,505 [main] INFO  http.HttpServer2 (HttpServer2.java:addFilter(1020)) - Added filter static_user_filter (class=org.apache.hadoop.http.lib.StaticUserWebFilter$StaticUserFilter) to context logs
2024-04-26 07:43:40,506 [main] INFO  http.BaseHttpServer (BaseHttpServer.java:<init>(189)) - HTTP server of scm uses base directory /home/runner/work/ozone/ozone/hadoop-ozone/integration-test/target/test-dir/MiniOzoneClusterImpl-a56b3a23-5bf6-4b5b-a0fe-007206924a4e/ozone-meta/webserver
2024-04-26 07:43:40,506 [main] INFO  http.HttpServer2 (HttpServer2.java:bindListener(1236)) - Jetty bound to port 15092
2024-04-26 07:43:40,506 [main] INFO  server.Server (Server.java:doStart(375)) - jetty-9.4.53.v20231009; built: 2023-10-09T12:29:09.265Z; git: 27bde00a0b95a1d5bbee0eae7984f891d2d0f8c9; jvm 17.0.10+7
2024-04-26 07:43:40,507 [main] INFO  server.session (DefaultSessionIdManager.java:doStart(334)) - DefaultSessionIdManager workerName=node0
2024-04-26 07:43:40,507 [main] INFO  server.session (DefaultSessionIdManager.java:doStart(339)) - No SessionScavenger set, using defaults
2024-04-26 07:43:40,507 [main] INFO  server.session (HouseKeeper.java:startScavenging(132)) - node0 Scavenging every 600000ms
2024-04-26 07:43:40,508 [main] INFO  handler.ContextHandler (ContextHandler.java:doStart(921)) - Started o.e.j.s.ServletContextHandler@35ca8ec3{logs,/logs,file:///home/runner/work/ozone/ozone/hadoop-ozone/integration-test/target/log,AVAILABLE}
2024-04-26 07:43:40,508 [main] INFO  handler.ContextHandler (ContextHandler.java:doStart(921)) - Started o.e.j.s.ServletContextHandler@1d0868dc{static,/static,file:///home/runner/work/ozone/ozone/hadoop-ozone/integration-test/target/test-classes/webapps/static,AVAILABLE}
2024-04-26 07:43:40,513 [main] INFO  handler.ContextHandler (ContextHandler.java:doStart(921)) - Started o.e.j.w.WebAppContext@604c9f59{scm,/,file:///home/runner/work/ozone/ozone/hadoop-ozone/integration-test/target/test-classes/webapps/scm/,AVAILABLE}{file:/home/runner/work/ozone/ozone/hadoop-ozone/integration-test/target/test-classes/webapps/scm}
2024-04-26 07:43:40,514 [main] INFO  server.AbstractConnector (AbstractConnector.java:doStart(333)) - Started ServerConnector@6ec8fa57{HTTP/1.1, (http/1.1)}{0.0.0.0:15092}
2024-04-26 07:43:40,514 [main] INFO  server.Server (Server.java:doStart(415)) - Started @44223ms
2024-04-26 07:43:40,514 [main] WARN  impl.MetricsSystemImpl (MetricsSystemImpl.java:register(279)) - Sink prometheus already exists!
2024-04-26 07:43:40,515 [main] INFO  http.BaseHttpServer (BaseHttpServer.java:updateConnectorAddress(354)) - HTTP server of scm listening at http://0.0.0.0:15092
2024-04-26 07:43:40,515 [main] WARN  server.ServerUtils (ServerUtils.java:getDBPath(299)) - ozone.om.db.dirs is not configured. We recommend adding this setting. Falling back to ozone.metadata.dirs instead.
2024-04-26 07:43:40,517 [main] INFO  ha.OMHANodeDetails (OMHANodeDetails.java:loadOMHAConfig(115)) - ozone.om.internal.service.id is not defined, falling back to ozone.om.service.ids to find serviceID for OzoneManager if it is HA enabled cluster
2024-04-26 07:43:40,517 [main] INFO  ha.OMHANodeDetails (OMHANodeDetails.java:loadOMHAConfig(226)) - Configuration does not have ozone.om.address set. Falling back to the default OM address /127.0.0.1:15093
2024-04-26 07:43:40,517 [main] INFO  ha.OMHANodeDetails (OMHANodeDetails.java:getOMNodeDetailsForNonHA(254)) - OM Service ID is not set. Setting it to the default ID: omServiceIdDefault
2024-04-26 07:43:40,517 [main] INFO  ha.OMHANodeDetails (OMHANodeDetails.java:getOMNodeDetailsForNonHA(261)) - OM Node ID is not set. Setting it to the default ID: om1
2024-04-26 07:43:40,517 [main] WARN  server.ServerUtils (ServerUtils.java:getDBPath(299)) - ozone.om.db.dirs is not configured. We recommend adding this setting. Falling back to ozone.metadata.dirs instead.
2024-04-26 07:43:40,518 [main] INFO  upgrade.AbstractLayoutVersionManager (AbstractLayoutVersionManager.java:init(83)) - Initializing Layout version manager with metadata layout = QUOTA (version = 6), software layout = QUOTA (version = 6)
2024-04-26 07:43:40,558 [main] INFO  reflections.Reflections (Reflections.java:scan(219)) - Reflections took 40 ms to scan 2 urls, producing 188 keys and 545 values
2024-04-26 07:43:40,558 [main] INFO  upgrade.OMLayoutVersionManager (OMLayoutVersionManager.java:lambda$0(113)) - Skipping Upgrade Action QuotaRepairUpgradeAction since it has been finalized.
2024-04-26 07:43:40,559 [main] INFO  upgrade.OMLayoutVersionManager (OMLayoutVersionManager.java:lambda$0(113)) - Skipping Upgrade Action MockOmUpgradeAction since it has been finalized.
2024-04-26 07:43:40,559 [main] WARN  server.ServerUtils (ServerUtils.java:getDBPath(299)) - ozone.om.db.dirs is not configured. We recommend adding this setting. Falling back to ozone.metadata.dirs instead.
2024-04-26 07:43:40,560 [main] INFO  proxy.SCMBlockLocationFailoverProxyProvider (SCMBlockLocationFailoverProxyProvider.java:<init>(115)) - Created block location fail-over proxy with 1 nodes: [nodeId=scmNodeId,nodeAddress=/0.0.0.0:15090]
2024-04-26 07:43:40,561 [main] INFO  proxy.SCMBlockLocationFailoverProxyProvider (SCMBlockLocationFailoverProxyProvider.java:<init>(115)) - Created block location fail-over proxy with 1 nodes: [nodeId=scmNodeId,nodeAddress=/0.0.0.0:15090]
2024-04-26 07:43:40,566 [main] INFO  om.OzoneManager (OzoneManager.java:<init>(677)) - OM start with adminUsers: [runner]
2024-04-26 07:43:40,567 [main] WARN  server.ServerUtils (ServerUtils.java:getDBPath(299)) - ozone.om.db.dirs is not configured. We recommend adding this setting. Falling back to ozone.metadata.dirs instead.
2024-04-26 07:43:40,567 [main] INFO  helpers.OmKeyInfo (OmKeyInfo.java:getCodec(72)) - OmKeyInfo.getCodec ignorePipeline = true
2024-04-26 07:43:40,725 [main] INFO  om.OzoneManager (OzoneManager.java:instantiateServices(811)) - S3 Multi-Tenancy is disabled
2024-04-26 07:43:40,726 [main] INFO  om.OmSnapshotManager (OmSnapshotManager.java:<init>(179)) - Ozone filesystem snapshot feature is enabled.
2024-04-26 07:43:40,726 [main] WARN  server.ServerUtils (ServerUtils.java:getDBPath(299)) - ozone.om.snapshot.diff.db.dir is not configured. We recommend adding this setting. Falling back to ozone.metadata.dirs instead.
2024-04-26 07:43:40,738 [main] INFO  utils.NativeLibraryLoader (NativeLibraryLoader.java:loadLibrary(111)) - Loading Library: ozone_rocksdb_tools
2024-04-26 07:43:40,739 [main] ERROR snapshot.SnapshotDiffManager (SnapshotDiffManager.java:initNativeLibraryForEfficientDiff(287)) - Native Library for raw sst file reading loading failed.
org.apache.hadoop.hdds.utils.NativeLibraryNotLoadedException: Unable to load library ozone_rocksdb_tools from both java.library.path & resource file libozone_rocksdb_tools.so from jar.
	at org.apache.hadoop.hdds.utils.db.managed.ManagedRawSSTFileReader.loadLibrary(ManagedRawSSTFileReader.java:40)
	at org.apache.hadoop.ozone.om.snapshot.SnapshotDiffManager.initNativeLibraryForEfficientDiff(SnapshotDiffManager.java:285)
	at org.apache.hadoop.ozone.om.snapshot.SnapshotDiffManager.<init>(SnapshotDiffManager.java:259)
	at org.apache.hadoop.ozone.om.OmSnapshotManager.<init>(OmSnapshotManager.java:286)
	at org.apache.hadoop.ozone.om.OzoneManager.instantiateServices(OzoneManager.java:863)
	at org.apache.hadoop.ozone.om.OzoneManager.<init>(OzoneManager.java:687)
	at org.apache.hadoop.ozone.om.OzoneManager.createOm(OzoneManager.java:774)
	at org.apache.hadoop.ozone.MiniOzoneClusterImpl$Builder.createOM(MiniOzoneClusterImpl.java:689)
	at org.apache.hadoop.ozone.MiniOzoneClusterImpl$Builder.createAndStartSingleOM(MiniOzoneClusterImpl.java:673)
	at org.apache.hadoop.ozone.MiniOzoneClusterImpl$Builder.build(MiniOzoneClusterImpl.java:535)
	at org.apache.hadoop.ozone.client.rpc.TestWatchForCommit.init(TestWatchForCommit.java:154)
	at java.base/jdk.internal.reflect.NativeMethodAccessorImpl.invoke0(Native Method)
	at java.base/jdk.internal.reflect.NativeMethodAccessorImpl.invoke(NativeMethodAccessorImpl.java:77)
	at java.base/jdk.internal.reflect.DelegatingMethodAccessorImpl.invoke(DelegatingMethodAccessorImpl.java:43)
	at java.base/java.lang.reflect.Method.invoke(Method.java:568)
	at org.junit.platform.commons.util.ReflectionUtils.invokeMethod(ReflectionUtils.java:728)
	at org.junit.jupiter.engine.execution.MethodInvocation.proceed(MethodInvocation.java:60)
	at org.junit.jupiter.engine.execution.InvocationInterceptorChain$ValidatingInvocation.proceed(InvocationInterceptorChain.java:131)
	at org.junit.jupiter.engine.extension.TimeoutExtension.intercept(TimeoutExtension.java:156)
	at org.junit.jupiter.engine.extension.TimeoutExtension.interceptLifecycleMethod(TimeoutExtension.java:128)
	at org.junit.jupiter.engine.extension.TimeoutExtension.interceptBeforeEachMethod(TimeoutExtension.java:78)
	at org.junit.jupiter.engine.execution.InterceptingExecutableInvoker$ReflectiveInterceptorCall.lambda$ofVoidMethod$0(InterceptingExecutableInvoker.java:103)
	at org.junit.jupiter.engine.execution.InterceptingExecutableInvoker.lambda$invoke$0(InterceptingExecutableInvoker.java:93)
	at org.junit.jupiter.engine.execution.InvocationInterceptorChain$InterceptedInvocation.proceed(InvocationInterceptorChain.java:106)
	at org.junit.jupiter.engine.execution.InvocationInterceptorChain.proceed(InvocationInterceptorChain.java:64)
	at org.junit.jupiter.engine.execution.InvocationInterceptorChain.chainAndInvoke(InvocationInterceptorChain.java:45)
	at org.junit.jupiter.engine.execution.InvocationInterceptorChain.invoke(InvocationInterceptorChain.java:37)
	at org.junit.jupiter.engine.execution.InterceptingExecutableInvoker.invoke(InterceptingExecutableInvoker.java:92)
	at org.junit.jupiter.engine.execution.InterceptingExecutableInvoker.invoke(InterceptingExecutableInvoker.java:86)
	at org.junit.jupiter.engine.descriptor.ClassBasedTestDescriptor.invokeMethodInExtensionContext(ClassBasedTestDescriptor.java:521)
	at org.junit.jupiter.engine.descriptor.ClassBasedTestDescriptor.lambda$synthesizeBeforeEachMethodAdapter$23(ClassBasedTestDescriptor.java:506)
	at org.junit.jupiter.engine.descriptor.TestMethodTestDescriptor.lambda$invokeBeforeEachMethods$3(TestMethodTestDescriptor.java:175)
	at org.junit.jupiter.engine.descriptor.TestMethodTestDescriptor.lambda$invokeBeforeMethodsOrCallbacksUntilExceptionOccurs$6(TestMethodTestDescriptor.java:203)
	at org.junit.platform.engine.support.hierarchical.ThrowableCollector.execute(ThrowableCollector.java:73)
	at org.junit.jupiter.engine.descriptor.TestMethodTestDescriptor.invokeBeforeMethodsOrCallbacksUntilExceptionOccurs(TestMethodTestDescriptor.java:203)
	at org.junit.jupiter.engine.descriptor.TestMethodTestDescriptor.invokeBeforeEachMethods(TestMethodTestDescriptor.java:172)
	at org.junit.jupiter.engine.descriptor.TestMethodTestDescriptor.execute(TestMethodTestDescriptor.java:135)
	at org.junit.jupiter.engine.descriptor.TestMethodTestDescriptor.execute(TestMethodTestDescriptor.java:69)
	at org.junit.platform.engine.support.hierarchical.NodeTestTask.lambda$executeRecursively$6(NodeTestTask.java:151)
	at org.junit.platform.engine.support.hierarchical.ThrowableCollector.execute(ThrowableCollector.java:73)
	at org.junit.platform.engine.support.hierarchical.NodeTestTask.lambda$executeRecursively$8(NodeTestTask.java:141)
	at org.junit.platform.engine.support.hierarchical.Node.around(Node.java:137)
	at org.junit.platform.engine.support.hierarchical.NodeTestTask.lambda$executeRecursively$9(NodeTestTask.java:139)
	at org.junit.platform.engine.support.hierarchical.ThrowableCollector.execute(ThrowableCollector.java:73)
	at org.junit.platform.engine.support.hierarchical.NodeTestTask.executeRecursively(NodeTestTask.java:138)
	at org.junit.platform.engine.support.hierarchical.NodeTestTask.execute(NodeTestTask.java:95)
	at java.base/java.util.ArrayList.forEach(ArrayList.java:1511)
	at org.junit.platform.engine.support.hierarchical.SameThreadHierarchicalTestExecutorService.invokeAll(SameThreadHierarchicalTestExecutorService.java:41)
	at org.junit.platform.engine.support.hierarchical.NodeTestTask.lambda$executeRecursively$6(NodeTestTask.java:155)
	at org.junit.platform.engine.support.hierarchical.ThrowableCollector.execute(ThrowableCollector.java:73)
	at org.junit.platform.engine.support.hierarchical.NodeTestTask.lambda$executeRecursively$8(NodeTestTask.java:141)
	at org.junit.platform.engine.support.hierarchical.Node.around(Node.java:137)
	at org.junit.platform.engine.support.hierarchical.NodeTestTask.lambda$executeRecursively$9(NodeTestTask.java:139)
	at org.junit.platform.engine.support.hierarchical.ThrowableCollector.execute(ThrowableCollector.java:73)
	at org.junit.platform.engine.support.hierarchical.NodeTestTask.executeRecursively(NodeTestTask.java:138)
	at org.junit.platform.engine.support.hierarchical.NodeTestTask.execute(NodeTestTask.java:95)
	at java.base/java.util.ArrayList.forEach(ArrayList.java:1511)
	at org.junit.platform.engine.support.hierarchical.SameThreadHierarchicalTestExecutorService.invokeAll(SameThreadHierarchicalTestExecutorService.java:41)
	at org.junit.platform.engine.support.hierarchical.NodeTestTask.lambda$executeRecursively$6(NodeTestTask.java:155)
	at org.junit.platform.engine.support.hierarchical.ThrowableCollector.execute(ThrowableCollector.java:73)
	at org.junit.platform.engine.support.hierarchical.NodeTestTask.lambda$executeRecursively$8(NodeTestTask.java:141)
	at org.junit.platform.engine.support.hierarchical.Node.around(Node.java:137)
	at org.junit.platform.engine.support.hierarchical.NodeTestTask.lambda$executeRecursively$9(NodeTestTask.java:139)
	at org.junit.platform.engine.support.hierarchical.ThrowableCollector.execute(ThrowableCollector.java:73)
	at org.junit.platform.engine.support.hierarchical.NodeTestTask.executeRecursively(NodeTestTask.java:138)
	at org.junit.platform.engine.support.hierarchical.NodeTestTask.execute(NodeTestTask.java:95)
	at org.junit.platform.engine.support.hierarchical.SameThreadHierarchicalTestExecutorService.submit(SameThreadHierarchicalTestExecutorService.java:35)
	at org.junit.platform.engine.support.hierarchical.HierarchicalTestExecutor.execute(HierarchicalTestExecutor.java:57)
	at org.junit.platform.engine.support.hierarchical.HierarchicalTestEngine.execute(HierarchicalTestEngine.java:54)
	at org.junit.platform.launcher.core.EngineExecutionOrchestrator.execute(EngineExecutionOrchestrator.java:198)
	at org.junit.platform.launcher.core.EngineExecutionOrchestrator.execute(EngineExecutionOrchestrator.java:169)
	at org.junit.platform.launcher.core.EngineExecutionOrchestrator.execute(EngineExecutionOrchestrator.java:93)
	at org.junit.platform.launcher.core.EngineExecutionOrchestrator.lambda$execute$0(EngineExecutionOrchestrator.java:58)
	at org.junit.platform.launcher.core.EngineExecutionOrchestrator.withInterceptedStreams(EngineExecutionOrchestrator.java:141)
	at org.junit.platform.launcher.core.EngineExecutionOrchestrator.execute(EngineExecutionOrchestrator.java:57)
	at org.junit.platform.launcher.core.DefaultLauncher.execute(DefaultLauncher.java:103)
	at org.junit.platform.launcher.core.DefaultLauncher.execute(DefaultLauncher.java:85)
	at org.junit.platform.launcher.core.DelegatingLauncher.execute(DelegatingLauncher.java:47)
	at org.junit.platform.launcher.core.SessionPerRequestLauncher.execute(SessionPerRequestLauncher.java:63)
	at org.apache.maven.surefire.junitplatform.JUnitPlatformProvider.invokeAllTests(JUnitPlatformProvider.java:154)
	at org.apache.maven.surefire.junitplatform.JUnitPlatformProvider.invoke(JUnitPlatformProvider.java:123)
	at org.apache.maven.surefire.booter.ForkedBooter.runSuitesInProcess(ForkedBooter.java:377)
	at org.apache.maven.surefire.booter.ForkedBooter.execute(ForkedBooter.java:138)
	at org.apache.maven.surefire.booter.ForkedBooter.run(ForkedBooter.java:465)
	at org.apache.maven.surefire.booter.ForkedBooter.main(ForkedBooter.java:451)
2024-04-26 07:43:40,744 [main] INFO  om.OzoneManager (OzoneManager.java:addS3GVolumeToDB(4463)) - Created Volume s3v With Owner runner required for S3Gateway operations.
2024-04-26 07:43:40,744 [main] WARN  server.ServerUtils (ServerUtils.java:getDefaultRatisDirectory(311)) - Storage directory for Ratis is not configured. It is a good idea to map this to an SSD disk. Falling back to ozone.metadata.dirs
2024-04-26 07:43:40,745 [main] WARN  utils.OzoneManagerRatisUtils (OzoneManagerRatisUtils.java:getOMRatisSnapshotDirectory(476)) - ozone.om.ratis.snapshot.dir is not configured. Falling back to ozone.metadata.dirs config
2024-04-26 07:43:40,745 [main] WARN  server.ServerUtils (ServerUtils.java:getDefaultRatisDirectory(311)) - Storage directory for Ratis is not configured. It is a good idea to map this to an SSD disk. Falling back to ozone.metadata.dirs
2024-04-26 07:43:40,746 [main] INFO  ratis.OzoneManagerRatisServer (OzoneManagerRatisServer.java:<init>(167)) - Instantiating OM Ratis server with groupID: omServiceIdDefault and peers: localhost:15096
2024-04-26 07:43:40,746 [main] INFO  ratis.OzoneManagerStateMachine (OzoneManagerStateMachine.java:loadSnapshotInfoFromDB(589)) - TransactionInfo not found in OM DB.
2024-04-26 07:43:40,747 [main] INFO  server.RaftServer (ConfUtils.java:logGet(46)) - raft.rpc.type = GRPC (default)
2024-04-26 07:43:40,747 [main] INFO  grpc.GrpcConfigKeys (ConfUtils.java:logFallback(53)) - raft.grpc.admin.host = null (fallback to raft.grpc.server.host)
2024-04-26 07:43:40,747 [main] INFO  grpc.GrpcConfigKeys (ConfUtils.java:logFallback(53)) - raft.grpc.admin.port = 15096 (fallback to raft.grpc.server.port)
2024-04-26 07:43:40,747 [main] INFO  grpc.GrpcConfigKeys (ConfUtils.java:logFallback(53)) - raft.grpc.client.host = null (fallback to raft.grpc.server.host)
2024-04-26 07:43:40,747 [main] INFO  grpc.GrpcConfigKeys (ConfUtils.java:logFallback(53)) - raft.grpc.client.port = 15096 (fallback to raft.grpc.server.port)
2024-04-26 07:43:40,747 [main] INFO  grpc.GrpcConfigKeys (ConfUtils.java:logGet(46)) - raft.grpc.server.host = null (default)
2024-04-26 07:43:40,747 [main] INFO  grpc.GrpcConfigKeys (ConfUtils.java:logGet(46)) - raft.grpc.server.port = 15096 (custom)
2024-04-26 07:43:40,747 [main] INFO  server.GrpcService (ConfUtils.java:logGet(46)) - raft.grpc.message.size.max = 4194304 (custom)
2024-04-26 07:43:40,748 [main] INFO  server.RaftServerConfigKeys (ConfUtils.java:logGet(46)) - raft.server.log.appender.buffer.byte-limit = 4194304 (custom)
2024-04-26 07:43:40,748 [main] INFO  server.GrpcService (ConfUtils.java:logGet(46)) - raft.grpc.flow.control.window = 1MB (=1048576) (default)
2024-04-26 07:43:40,748 [main] INFO  server.RaftServerConfigKeys (ConfUtils.java:logGet(46)) - raft.server.rpc.request.timeout = 3000ms (default)
2024-04-26 07:43:40,748 [main] INFO  grpc.GrpcConfigKeys (ConfUtils.java:logGet(46)) - raft.grpc.server.heartbeat.channel = true (default)
2024-04-26 07:43:40,748 [main] INFO  grpc.GrpcConfigKeys (ConfUtils.java:logGet(46)) - raft.grpc.server.async.request.thread.pool.cached = true (default)
2024-04-26 07:43:40,748 [main] INFO  grpc.GrpcConfigKeys (ConfUtils.java:logGet(46)) - raft.grpc.server.async.request.thread.pool.size = 32 (default)
2024-04-26 07:43:40,749 [main] INFO  impl.DataStreamServerImpl (ConfUtils.java:logGet(46)) - raft.datastream.type = DISABLED (default)
2024-04-26 07:43:40,750 [main] INFO  server.RaftServerConfigKeys (ConfUtils.java:logGet(46)) - raft.server.sleep.deviation.threshold = 300ms (default)
2024-04-26 07:43:40,750 [main] INFO  server.RaftServerConfigKeys (ConfUtils.java:logGet(46)) - raft.server.close.threshold = 60s (default)
2024-04-26 07:43:40,750 [main] INFO  server.RaftServerConfigKeys (ConfUtils.java:logGet(46)) - raft.server.leaderelection.leader.step-down.wait-time = 10s (default)
2024-04-26 07:43:40,750 [main] INFO  server.RaftServerConfigKeys (ConfUtils.java:logGet(46)) - raft.server.storage.dir = [/home/runner/work/ozone/ozone/hadoop-ozone/integration-test/target/test-dir/MiniOzoneClusterImpl-a56b3a23-5bf6-4b5b-a0fe-007206924a4e/ozone-meta/ratis] (custom)
2024-04-26 07:43:40,750 [main] INFO  server.RaftServerConfigKeys (ConfUtils.java:logGet(46)) - raft.server.threadpool.proxy.cached = true (default)
2024-04-26 07:43:40,750 [main] INFO  server.RaftServerConfigKeys (ConfUtils.java:logGet(46)) - raft.server.threadpool.proxy.size = 0 (default)
2024-04-26 07:43:40,751 [main] INFO  server.RaftServer (RaftServerProxy.java:addNew(100)) - om1: addNew group-C5BA1605619E:[om1|localhost:15096] returns group-C5BA1605619E:java.util.concurrent.CompletableFuture@2667d4fe[Not completed]
2024-04-26 07:43:40,751 [om1-groupManagement] INFO  server.RaftServer$Division (RaftServerImpl.java:<init>(256)) - om1: new RaftServerImpl for group-C5BA1605619E:[om1|localhost:15096] with OzoneManagerStateMachine:uninitialized
2024-04-26 07:43:40,751 [main] INFO  om.OzoneManager (OzoneManager.java:initializeRatisServer(2168)) - OzoneManager Ratis server initialized at port 15096
2024-04-26 07:43:40,751 [om1-groupManagement] INFO  server.RaftServerConfigKeys (ConfUtils.java:logGet(46)) - raft.server.rpc.timeout.min = 1s (custom)
2024-04-26 07:43:40,751 [main] INFO  om.OzoneManager (OzoneManager.java:getRpcServer(1227)) - Creating RPC Server
2024-04-26 07:43:40,751 [om1-groupManagement] INFO  server.RaftServerConfigKeys (ConfUtils.java:logGet(46)) - raft.server.rpc.timeout.max = 1200ms (custom)
2024-04-26 07:43:40,752 [om1-groupManagement] INFO  server.RaftServerConfigKeys (ConfUtils.java:logGet(46)) - raft.server.rpc.sleep.time = 25ms (default)
2024-04-26 07:43:40,752 [om1-groupManagement] INFO  server.RaftServerConfigKeys (ConfUtils.java:logGet(46)) - raft.server.rpc.slowness.timeout = 120s (custom)
2024-04-26 07:43:40,752 [om1-groupManagement] INFO  server.RaftServerConfigKeys (ConfUtils.java:logGet(46)) - raft.server.leaderelection.leader.step-down.wait-time = 10s (default)
2024-04-26 07:43:40,752 [om1-groupManagement] INFO  server.RaftServerConfigKeys (ConfUtils.java:logGet(46)) - raft.server.leaderelection.member.majority-add = false (default)
2024-04-26 07:43:40,752 [om1-groupManagement] INFO  server.RaftServerConfigKeys (ConfUtils.java:logGet(46)) - raft.server.sleep.deviation.threshold = 300ms (default)
2024-04-26 07:43:40,752 [om1-groupManagement] INFO  server.RaftServer$Division (ServerState.java:<init>(113)) - om1@group-C5BA1605619E: ConfigurationManager, init=-1: peers:[om1|localhost:15096]|listeners:[], old=null, confs=<EMPTY_MAP>
2024-04-26 07:43:40,752 [om1-groupManagement] INFO  server.RaftServerConfigKeys (ConfUtils.java:logGet(46)) - raft.server.notification.no-leader.timeout = 120s (custom)
2024-04-26 07:43:40,752 [om1-groupManagement] INFO  server.RaftServerConfigKeys (ConfUtils.java:logGet(46)) - raft.server.read.timeout = 10s (default)
2024-04-26 07:43:40,752 [om1-groupManagement] INFO  server.RaftServerConfigKeys (ConfUtils.java:logGet(46)) - raft.server.retrycache.expirytime = 300s (custom)
2024-04-26 07:43:40,752 [om1-groupManagement] INFO  server.RaftServerConfigKeys (ConfUtils.java:logGet(46)) - raft.server.retrycache.statistics.expirytime = 100ms (default)
2024-04-26 07:43:40,752 [om1-groupManagement] INFO  server.RaftServerConfigKeys (ConfUtils.java:logGet(46)) - raft.server.read.option = DEFAULT (default)
2024-04-26 07:43:40,752 [om1-groupManagement] INFO  server.RaftServerConfigKeys (ConfUtils.java:logGet(46)) - raft.server.read.read-after-write-consistent.write-index-cache.expiry-time = 60s (default)
2024-04-26 07:43:40,753 [om1-groupManagement] INFO  server.RaftServerConfigKeys (ConfUtils.java:logGet(46)) - raft.server.rpc.request.timeout = 3000ms (default)
2024-04-26 07:43:40,754 [om1-groupManagement] INFO  server.RaftServerConfigKeys (ConfUtils.java:logGet(46)) - raft.server.log.appender.install.snapshot.enabled = false (custom)
2024-04-26 07:43:40,754 [om1-groupManagement] INFO  server.RaftServerConfigKeys (ConfUtils.java:logGet(46)) - raft.server.threadpool.server.cached = true (default)
2024-04-26 07:43:40,754 [om1-groupManagement] INFO  server.RaftServerConfigKeys (ConfUtils.java:logGet(46)) - raft.server.threadpool.server.size = 0 (default)
2024-04-26 07:43:40,754 [om1-groupManagement] INFO  server.RaftServerConfigKeys (ConfUtils.java:logGet(46)) - raft.server.threadpool.client.cached = true (default)
2024-04-26 07:43:40,754 [om1-groupManagement] INFO  server.RaftServerConfigKeys (ConfUtils.java:logGet(46)) - raft.server.threadpool.client.size = 0 (default)
2024-04-26 07:43:41,161 [main] INFO  reflections.Reflections (Reflections.java:scan(219)) - Reflections took 409 ms to scan 20 urls, producing 58 keys and 6545 values
2024-04-26 07:43:41,163 [main] INFO  ipc.CallQueueManager (CallQueueManager.java:<init>(90)) - Using callQueue: class java.util.concurrent.LinkedBlockingQueue, queueCapacity: 2000, scheduler: class org.apache.hadoop.ipc.DefaultRpcScheduler, ipcBackoff: false.
2024-04-26 07:43:41,163 [main] INFO  ipc.Server (Server.java:<init>(1287)) - Listener at 127.0.0.1:15093
2024-04-26 07:43:41,164 [Socket Reader #1 for port 15093] INFO  ipc.Server (Server.java:run(1323)) - Starting Socket Reader #1 for port 15093
2024-04-26 07:43:41,182 [main] INFO  impl.MetricsSystemImpl (MetricsSystemImpl.java:init(158)) - OzoneManager metrics system started (again)
2024-04-26 07:43:41,197 [main] INFO  om.OzoneManager (OzoneManager.java:start(1649)) - OzoneManager RPC server is listening at localhost/127.0.0.1:15093
2024-04-26 07:43:41,197 [main] INFO  ratis.OzoneManagerRatisServer (OzoneManagerRatisServer.java:start(588)) - Starting OzoneManagerRatisServer om1 at port 15096
2024-04-26 07:43:41,198 [om1-impl-thread1] INFO  server.RaftServerConfigKeys (ConfUtils.java:logGet(46)) - raft.server.storage.free-space.min = 0MB (=0) (default)
2024-04-26 07:43:41,198 [om1-impl-thread1] INFO  server.RaftServerConfigKeys (ConfUtils.java:logGet(46)) - raft.server.log.corruption.policy = EXCEPTION (default)
2024-04-26 07:43:41,198 [om1-impl-thread1] INFO  server.RaftServerConfigKeys (ConfUtils.java:logGet(46)) - raft.server.storage.dir = [/home/runner/work/ozone/ozone/hadoop-ozone/integration-test/target/test-dir/MiniOzoneClusterImpl-a56b3a23-5bf6-4b5b-a0fe-007206924a4e/ozone-meta/ratis] (custom)
2024-04-26 07:43:41,198 [om1-impl-thread1] INFO  storage.RaftStorageDirectory (RaftStorageDirectoryImpl.java:analyzeStorage(138)) - The storage directory /home/runner/work/ozone/ozone/hadoop-ozone/integration-test/target/test-dir/MiniOzoneClusterImpl-a56b3a23-5bf6-4b5b-a0fe-007206924a4e/ozone-meta/ratis/bf265839-605b-3f16-9796-c5ba1605619e does not exist. Creating ...
2024-04-26 07:43:41,199 [om1-impl-thread1] INFO  storage.RaftStorageDirectory (RaftStorageDirectoryImpl.java:tryLock(228)) - Lock on /home/runner/work/ozone/ozone/hadoop-ozone/integration-test/target/test-dir/MiniOzoneClusterImpl-a56b3a23-5bf6-4b5b-a0fe-007206924a4e/ozone-meta/ratis/bf265839-605b-3f16-9796-c5ba1605619e/in_use.lock acquired by nodename 21422@fv-az1107-628
2024-04-26 07:43:41,200 [om1-impl-thread1] INFO  storage.RaftStorage (RaftStorageImpl.java:format(99)) - Storage directory /home/runner/work/ozone/ozone/hadoop-ozone/integration-test/target/test-dir/MiniOzoneClusterImpl-a56b3a23-5bf6-4b5b-a0fe-007206924a4e/ozone-meta/ratis/bf265839-605b-3f16-9796-c5ba1605619e has been successfully formatted.
2024-04-26 07:43:41,201 [om1-impl-thread1] WARN  util.FileUtils (LogUtils.java:supplyAndLog(63)) - Failed to Files.newInputStream /home/runner/work/ozone/ozone/hadoop-ozone/integration-test/target/test-dir/MiniOzoneClusterImpl-a56b3a23-5bf6-4b5b-a0fe-007206924a4e/ozone-meta/ratis/bf265839-605b-3f16-9796-c5ba1605619e/current/raft-meta.conf with options []: java.nio.file.NoSuchFileException: /home/runner/work/ozone/ozone/hadoop-ozone/integration-test/target/test-dir/MiniOzoneClusterImpl-a56b3a23-5bf6-4b5b-a0fe-007206924a4e/ozone-meta/ratis/bf265839-605b-3f16-9796-c5ba1605619e/current/raft-meta.conf
2024-04-26 07:43:41,201 [om1-impl-thread1] INFO  server.RaftServerConfigKeys (ConfUtils.java:logGet(46)) - raft.server.log.use.memory = false (default)
2024-04-26 07:43:41,201 [om1-impl-thread1] INFO  server.RaftServerConfigKeys (ConfUtils.java:logGet(46)) - raft.server.log.purge.gap = 1000000 (custom)
2024-04-26 07:43:41,201 [om1-impl-thread1] INFO  server.RaftServerConfigKeys (ConfUtils.java:logGet(46)) - raft.server.log.appender.buffer.byte-limit = 4194304 (custom)
2024-04-26 07:43:41,201 [om1-impl-thread1] INFO  server.RaftServerConfigKeys (ConfUtils.java:logGet(46)) - raft.server.log.statemachine.data.read.timeout = 1000ms (default)
2024-04-26 07:43:41,201 [om1-impl-thread1] INFO  server.RaftServerConfigKeys (ConfUtils.java:logGet(46)) - raft.server.log.purge.preservation.log.num = 0 (default)
2024-04-26 07:43:41,201 [om1-impl-thread1] INFO  server.RaftServerConfigKeys (ConfUtils.java:logGet(46)) - raft.server.log.segment.size.max = 4194304 (custom)
2024-04-26 07:43:41,202 [om1-impl-thread1] INFO  server.RaftServerConfigKeys (ConfUtils.java:logGet(46)) - raft.server.log.segment.cache.num.max = 2 (custom)
2024-04-26 07:43:41,202 [om1-impl-thread1] INFO  server.RaftServerConfigKeys (ConfUtils.java:logGet(46)) - raft.server.log.segment.cache.size.max = 200MB (=209715200) (default)
2024-04-26 07:43:41,202 [om1-impl-thread1] INFO  server.RaftServerConfigKeys (ConfUtils.java:logGet(46)) - raft.server.log.appender.buffer.byte-limit = 4194304 (custom)
2024-04-26 07:43:41,202 [om1-impl-thread1] INFO  util.AwaitToRun (AwaitToRun.java:start(81)) - Thread[om1@group-C5BA1605619E-cacheEviction-AwaitToRun,5,main] started
2024-04-26 07:43:41,202 [om1-impl-thread1] INFO  segmented.SegmentedRaftLogWorker (SegmentedRaftLogWorker.java:<init>(182)) - new om1@group-C5BA1605619E-SegmentedRaftLogWorker for RaftStorageImpl:Storage Directory /home/runner/work/ozone/ozone/hadoop-ozone/integration-test/target/test-dir/MiniOzoneClusterImpl-a56b3a23-5bf6-4b5b-a0fe-007206924a4e/ozone-meta/ratis/bf265839-605b-3f16-9796-c5ba1605619e
2024-04-26 07:43:41,202 [om1-impl-thread1] INFO  server.RaftServerConfigKeys (ConfUtils.java:logGet(46)) - raft.server.log.queue.byte-limit = 64MB (=67108864) (default)
2024-04-26 07:43:41,202 [om1-impl-thread1] INFO  server.RaftServerConfigKeys (ConfUtils.java:logGet(46)) - raft.server.log.queue.element-limit = 4096 (default)
2024-04-26 07:43:41,203 [om1-impl-thread1] INFO  server.RaftServerConfigKeys (ConfUtils.java:logGet(46)) - raft.server.log.segment.size.max = 4194304 (custom)
2024-04-26 07:43:41,203 [om1-impl-thread1] INFO  server.RaftServerConfigKeys (ConfUtils.java:logGet(46)) - raft.server.log.preallocated.size = 4194304 (custom)
2024-04-26 07:43:41,203 [om1-impl-thread1] INFO  server.RaftServerConfigKeys (ConfUtils.java:logGet(46)) - raft.server.log.force.sync.num = 128 (default)
2024-04-26 07:43:41,203 [om1-impl-thread1] INFO  server.RaftServerConfigKeys (ConfUtils.java:logGet(46)) - raft.server.log.statemachine.data.sync = true (default)
2024-04-26 07:43:41,203 [om1-impl-thread1] INFO  server.RaftServerConfigKeys (ConfUtils.java:logGet(46)) - raft.server.log.statemachine.data.sync.timeout = 10s (default)
2024-04-26 07:43:41,203 [om1-impl-thread1] INFO  server.RaftServerConfigKeys (ConfUtils.java:logGet(46)) - raft.server.log.statemachine.data.sync.timeout.retry = -1 (default)
2024-04-26 07:43:41,203 [om1-impl-thread1] INFO  server.RaftServerConfigKeys (ConfUtils.java:logGet(46)) - raft.server.log.write.buffer.size = 4194312 (custom)
2024-04-26 07:43:41,205 [om1-impl-thread1] INFO  server.RaftServerConfigKeys (ConfUtils.java:logGet(46)) - raft.server.log.appender.buffer.byte-limit = 4194304 (custom)
2024-04-26 07:43:41,205 [om1-impl-thread1] INFO  server.RaftServerConfigKeys (ConfUtils.java:logGet(46)) - raft.server.log.unsafe-flush.enabled = false (default)
2024-04-26 07:43:41,205 [om1-impl-thread1] INFO  server.RaftServerConfigKeys (ConfUtils.java:logGet(46)) - raft.server.log.async-flush.enabled = false (default)
2024-04-26 07:43:41,206 [om1-impl-thread1] INFO  server.RaftServerConfigKeys (ConfUtils.java:logGet(46)) - raft.server.log.statemachine.data.caching.enabled = false (default)
2024-04-26 07:43:41,206 [om1-impl-thread1] INFO  segmented.SegmentedRaftLogWorker (SegmentedRaftLogWorker.java:lambda$new$0(134)) - om1@group-C5BA1605619E-SegmentedRaftLogWorker: flushIndex: setUnconditionally 0 -> -1
2024-04-26 07:43:41,207 [om1-impl-thread1] INFO  segmented.SegmentedRaftLogWorker (SegmentedRaftLogWorker.java:lambda$new$0(134)) - om1@group-C5BA1605619E-SegmentedRaftLogWorker: safeCacheEvictIndex: setUnconditionally 0 -> -1
2024-04-26 07:43:41,207 [om1-impl-thread1] INFO  server.RaftServer$Division (RaftServerImpl.java:start(396)) - om1@group-C5BA1605619E: start as a follower, conf=-1: peers:[om1|localhost:15096]|listeners:[], old=null
2024-04-26 07:43:41,207 [om1-impl-thread1] INFO  server.RaftServer$Division (RaftServerImpl.java:setRole(383)) - om1@group-C5BA1605619E: changes role from      null to FOLLOWER at term 0 for startAsFollower
2024-04-26 07:43:41,208 [om1-impl-thread1] INFO  impl.RoleInfo (RoleInfo.java:updateAndGet(139)) - om1: start om1@group-C5BA1605619E-FollowerState
2024-04-26 07:43:41,208 [om1-impl-thread1] INFO  util.JmxRegister (JmxRegister.java:tryRegister(44)) - Successfully registered JMX Bean with object name Ratis:service=RaftServer,group=group-C5BA1605619E,id=om1
2024-04-26 07:43:41,209 [om1@group-C5BA1605619E-FollowerState] INFO  server.RaftServerConfigKeys (ConfUtils.java:logFallback(53)) - raft.server.rpc.first-election.timeout.min = 1s (fallback to raft.server.rpc.timeout.min)
2024-04-26 07:43:41,209 [om1@group-C5BA1605619E-FollowerState] INFO  server.RaftServerConfigKeys (ConfUtils.java:logFallback(53)) - raft.server.rpc.first-election.timeout.max = 1200ms (fallback to raft.server.rpc.timeout.max)
2024-04-26 07:43:41,209 [om1-impl-thread1] INFO  server.RaftServerConfigKeys (ConfUtils.java:logGet(46)) - raft.server.snapshot.trigger-when-stop.enabled = true (default)
2024-04-26 07:43:41,210 [om1-impl-thread1] INFO  server.RaftServerConfigKeys (ConfUtils.java:logGet(46)) - raft.server.snapshot.auto.trigger.enabled = true (custom)
2024-04-26 07:43:41,210 [om1-impl-thread1] INFO  server.RaftServerConfigKeys (ConfUtils.java:logGet(46)) - raft.server.snapshot.auto.trigger.threshold = 400000 (default)
2024-04-26 07:43:41,210 [om1-impl-thread1] INFO  server.RaftServerConfigKeys (ConfUtils.java:logGet(46)) - raft.server.snapshot.retention.file.num = -1 (default)
2024-04-26 07:43:41,211 [om1-impl-thread1] INFO  server.RaftServerConfigKeys (ConfUtils.java:logGet(46)) - raft.server.log.purge.upto.snapshot.index = true (custom)
2024-04-26 07:43:41,211 [main] INFO  server.RaftServer (RaftServerProxy.java:startImpl(406)) - om1: start RPC server
2024-04-26 07:43:41,213 [main] INFO  server.GrpcService (GrpcService.java:startImpl(302)) - om1: GrpcService started, listening on 15096
2024-04-26 07:43:41,217 [main] INFO  om.OzoneManager (OzoneManager.java:start(1665)) - Version File has different layout version (6) than OM DB (null). That is expected if this OM has never been finalized to a newer layout version.
2024-04-26 07:43:41,218 [JvmPauseMonitor12] INFO  util.JvmPauseMonitor (JvmPauseMonitor.java:run(146)) - JvmPauseMonitor-om1: Started
2024-04-26 07:43:41,226 [main] INFO  client.ScmTopologyClient (ScmTopologyClient.java:start(72)) - Initial network topology fetched from SCM: /.
2024-04-26 07:43:41,226 [main] INFO  net.NodeSchemaLoader (NodeSchemaLoader.java:loadSchemaFromFile(129)) - Loading schema from [file:/home/runner/work/ozone/ozone/hadoop-hdds/common/target/classes/network-topology-default.xml]
2024-04-26 07:43:41,227 [main] INFO  net.NodeSchemaLoader (NodeSchemaLoader.java:loadSchema(176)) - Loading network topology layer schema file
2024-04-26 07:43:41,240 [main] INFO  http.BaseHttpServer (BaseHttpServer.java:newHttpServer2BuilderForOzone(223)) - Starting Web-server for ozoneManager at: http://0.0.0.0:15094
2024-04-26 07:43:41,240 [main] INFO  http.BaseHttpServer (BaseHttpServer.java:<init>(110)) - Hadoop Security Enabled: false Ozone Security Enabled: false Ozone HTTP Security Enabled: false 
2024-04-26 07:43:41,241 [main] WARN  server.AuthenticationFilter (AuthenticationFilter.java:constructSecretProvider(240)) - Unable to initialize FileSignerSecretProvider, falling back to use random secrets. Reason: Could not read signature secret file: /home/runner/hadoop-http-auth-signature-secret
2024-04-26 07:43:41,242 [main] INFO  http.HttpRequestLog (HttpRequestLog.java:getRequestLog(86)) - Http request log for http.requests.ozoneManager is not defined
2024-04-26 07:43:41,243 [main] INFO  http.HttpServer2 (HttpServer2.java:addGlobalFilter(1036)) - Added global filter 'safety' (class=org.apache.hadoop.hdds.server.http.HttpServer2$QuotingInputFilter)
2024-04-26 07:43:41,244 [main] INFO  http.HttpServer2 (HttpServer2.java:addFilter(1012)) - Added filter static_user_filter (class=org.apache.hadoop.http.lib.StaticUserWebFilter$StaticUserFilter) to context ozoneManager
2024-04-26 07:43:41,244 [main] INFO  http.HttpServer2 (HttpServer2.java:addFilter(1020)) - Added filter static_user_filter (class=org.apache.hadoop.http.lib.StaticUserWebFilter$StaticUserFilter) to context static
2024-04-26 07:43:41,244 [main] INFO  http.HttpServer2 (HttpServer2.java:addFilter(1020)) - Added filter static_user_filter (class=org.apache.hadoop.http.lib.StaticUserWebFilter$StaticUserFilter) to context logs
2024-04-26 07:43:41,244 [main] INFO  http.BaseHttpServer (BaseHttpServer.java:<init>(189)) - HTTP server of ozoneManager uses base directory /home/runner/work/ozone/ozone/hadoop-ozone/integration-test/target/test-dir/MiniOzoneClusterImpl-a56b3a23-5bf6-4b5b-a0fe-007206924a4e/ozone-meta/webserver
2024-04-26 07:43:41,245 [main] INFO  http.HttpServer2 (HttpServer2.java:bindListener(1236)) - Jetty bound to port 15094
2024-04-26 07:43:41,245 [main] INFO  server.Server (Server.java:doStart(375)) - jetty-9.4.53.v20231009; built: 2023-10-09T12:29:09.265Z; git: 27bde00a0b95a1d5bbee0eae7984f891d2d0f8c9; jvm 17.0.10+7
2024-04-26 07:43:41,248 [main] INFO  server.session (DefaultSessionIdManager.java:doStart(334)) - DefaultSessionIdManager workerName=node0
2024-04-26 07:43:41,249 [main] INFO  server.session (DefaultSessionIdManager.java:doStart(339)) - No SessionScavenger set, using defaults
2024-04-26 07:43:41,249 [main] INFO  server.session (HouseKeeper.java:startScavenging(132)) - node0 Scavenging every 600000ms
2024-04-26 07:43:41,252 [main] INFO  handler.ContextHandler (ContextHandler.java:doStart(921)) - Started o.e.j.s.ServletContextHandler@148fc881{logs,/logs,file:///home/runner/work/ozone/ozone/hadoop-ozone/integration-test/target/log,AVAILABLE}
2024-04-26 07:43:41,252 [main] INFO  handler.ContextHandler (ContextHandler.java:doStart(921)) - Started o.e.j.s.ServletContextHandler@43a22aa2{static,/static,file:///home/runner/work/ozone/ozone/hadoop-ozone/integration-test/target/test-classes/webapps/static,AVAILABLE}
2024-04-26 07:43:41,255 [main] INFO  handler.ContextHandler (ContextHandler.java:doStart(921)) - Started o.e.j.w.WebAppContext@6d9f3b1f{ozoneManager,/,file:///home/runner/work/ozone/ozone/hadoop-ozone/integration-test/target/test-classes/webapps/ozoneManager/,AVAILABLE}{file:/home/runner/work/ozone/ozone/hadoop-ozone/integration-test/target/test-classes/webapps/ozoneManager}
2024-04-26 07:43:41,256 [main] INFO  server.AbstractConnector (AbstractConnector.java:doStart(333)) - Started ServerConnector@15774e00{HTTP/1.1, (http/1.1)}{0.0.0.0:15094}
2024-04-26 07:43:41,256 [main] INFO  server.Server (Server.java:doStart(415)) - Started @44965ms
2024-04-26 07:43:41,256 [main] WARN  impl.MetricsSystemImpl (MetricsSystemImpl.java:register(279)) - Sink prometheus already exists!
2024-04-26 07:43:41,256 [main] INFO  http.BaseHttpServer (BaseHttpServer.java:updateConnectorAddress(354)) - HTTP server of ozoneManager listening at http://0.0.0.0:15094
2024-04-26 07:43:41,257 [IPC Server Responder] INFO  ipc.Server (Server.java:run(1562)) - IPC Server Responder: starting
2024-04-26 07:43:41,257 [IPC Server listener on 15093] INFO  ipc.Server (Server.java:run(1402)) - IPC Server listener on 15093: starting
2024-04-26 07:43:41,259 [main] INFO  om.OzoneManager (OzoneManager.java:startTrashEmptier(2121)) - Trash Interval set to 0. Files deleted won't move to trash
2024-04-26 07:43:41,277 [main] WARN  dropwizard3.Dm3MetricRegistriesImpl (Dm3MetricRegistriesImpl.java:addReporterRegistration(113)) - New reporters are added after registries were created. Some metrics will be missing from the reporter. Please add reporter before adding any new registry.
2024-04-26 07:43:41,278 [main] WARN  dropwizard3.Dm3MetricRegistriesImpl (Dm3MetricRegistriesImpl.java:addReporterRegistration(113)) - New reporters are added after registries were created. Some metrics will be missing from the reporter. Please add reporter before adding any new registry.
2024-04-26 07:43:41,278 [main] INFO  impl.MetricsSystemImpl (MetricsSystemImpl.java:init(158)) - HddsDatanode metrics system started (again)
2024-04-26 07:43:41,291 [main] INFO  ozone.HddsDatanodeService (HddsDatanodeService.java:start(240)) - HddsDatanodeService host:fv-az1107-628.5an5qfagtveezn4vzio0gr3jze.ex.internal.cloudapp.net ip:10.1.0.12
2024-04-26 07:43:41,306 [main] INFO  upgrade.AbstractLayoutVersionManager (AbstractLayoutVersionManager.java:init(83)) - Initializing Layout version manager with metadata layout = HADOOP_PRC_PORTS_IN_DATANODEDETAILS (version = 7), software layout = HADOOP_PRC_PORTS_IN_DATANODEDETAILS (version = 7)
2024-04-26 07:43:41,306 [main] INFO  statemachine.DatanodeStateMachine (DatanodeStateMachine.java:getEndPointTaskThreadPoolSize(299)) - Datanode State Machine Task Thread Pool size 2
2024-04-26 07:43:41,308 [main] INFO  volume.HddsVolume (HddsVolume.java:<init>(126)) - Creating HddsVolume: /home/runner/work/ozone/ozone/hadoop-ozone/integration-test/target/test-dir/MiniOzoneClusterImpl-a56b3a23-5bf6-4b5b-a0fe-007206924a4e/ozone-meta/datanode-1/data-0/hdds of storage type : DISK capacity : 9223372036854775807
2024-04-26 07:43:41,309 [main] INFO  volume.MutableVolumeSet (MutableVolumeSet.java:initializeVolumeSet(173)) - Added Volume : /home/runner/work/ozone/ozone/hadoop-ozone/integration-test/target/test-dir/MiniOzoneClusterImpl-a56b3a23-5bf6-4b5b-a0fe-007206924a4e/ozone-meta/datanode-1/data-0/hdds to VolumeSet
2024-04-26 07:43:41,309 [main] INFO  volume.MutableVolumeSet (MutableVolumeSet.java:initializeVolumeSet(173)) - Added Volume : /home/runner/work/ozone/ozone/hadoop-ozone/integration-test/target/test-dir/MiniOzoneClusterImpl-a56b3a23-5bf6-4b5b-a0fe-007206924a4e/ozone-meta/datanode-1/ratis to VolumeSet
2024-04-26 07:43:41,310 [main] INFO  ozoneimpl.OzoneContainer (HddsVolumeUtil.java:loadAllHddsVolumeDbStore(103)) - Load 1 volumes DbStore cost: 0ms
2024-04-26 07:43:41,313 [main] INFO  server.RaftServer (ConfUtils.java:logGet(46)) - raft.rpc.type = GRPC (default)
2024-04-26 07:43:41,313 [main] INFO  grpc.GrpcConfigKeys (ConfUtils.java:logFallback(53)) - raft.grpc.admin.host = null (fallback to raft.grpc.server.host)
2024-04-26 07:43:41,314 [main] INFO  grpc.GrpcConfigKeys (ConfUtils.java:logGet(46)) - raft.grpc.admin.port = 15102 (custom)
2024-04-26 07:43:41,314 [main] INFO  grpc.GrpcConfigKeys (ConfUtils.java:logFallback(53)) - raft.grpc.client.host = null (fallback to raft.grpc.server.host)
2024-04-26 07:43:41,314 [main] INFO  grpc.GrpcConfigKeys (ConfUtils.java:logGet(46)) - raft.grpc.client.port = 15101 (custom)
2024-04-26 07:43:41,315 [main] INFO  grpc.GrpcConfigKeys (ConfUtils.java:logGet(46)) - raft.grpc.server.host = null (default)
2024-04-26 07:43:41,315 [main] INFO  grpc.GrpcConfigKeys (ConfUtils.java:logGet(46)) - raft.grpc.server.port = 15103 (custom)
2024-04-26 07:43:41,316 [main] INFO  server.GrpcService (ConfUtils.java:logGet(46)) - raft.grpc.message.size.max = 32MB (=33554432) (custom)
2024-04-26 07:43:41,316 [main] INFO  server.RaftServerConfigKeys (ConfUtils.java:logGet(46)) - raft.server.log.appender.buffer.byte-limit = 8388608 (custom)
2024-04-26 07:43:41,316 [main] INFO  server.GrpcService (ConfUtils.java:logGet(46)) - raft.grpc.flow.control.window = 5MB (=5242880) (custom)
2024-04-26 07:43:41,317 [main] INFO  server.RaftServerConfigKeys (ConfUtils.java:logGet(46)) - raft.server.rpc.request.timeout = 3000ms (default)
2024-04-26 07:43:41,317 [main] INFO  grpc.GrpcConfigKeys (ConfUtils.java:logGet(46)) - raft.grpc.server.heartbeat.channel = true (default)
2024-04-26 07:43:41,318 [main] INFO  grpc.GrpcConfigKeys (ConfUtils.java:logGet(46)) - raft.grpc.server.async.request.thread.pool.cached = true (default)
2024-04-26 07:43:41,318 [main] INFO  grpc.GrpcConfigKeys (ConfUtils.java:logGet(46)) - raft.grpc.server.async.request.thread.pool.size = 32 (default)
2024-04-26 07:43:41,321 [main] INFO  impl.DataStreamServerImpl (ConfUtils.java:logGet(46)) - raft.datastream.type = NETTY (custom)
2024-04-26 07:43:41,321 [main] INFO  server.RaftServerConfigKeys (ConfUtils.java:logGet(46)) - raft.server.data-stream.async.request.thread.pool.cached = false (default)
2024-04-26 07:43:41,322 [main] INFO  server.RaftServerConfigKeys (ConfUtils.java:logGet(46)) - raft.server.data-stream.async.request.thread.pool.size = 20 (custom)
2024-04-26 07:43:41,322 [main] INFO  server.RaftServerConfigKeys (ConfUtils.java:logGet(46)) - raft.server.data-stream.async.write.thread.pool.size = 16 (default)
2024-04-26 07:43:41,322 [main] INFO  netty.NettyConfigKeys$DataStream (ConfUtils.java:logGet(46)) - raft.netty.dataStream.server.channel.inactive.grace-period = 10min (default)
2024-04-26 07:43:41,323 [main] INFO  server.RaftServerConfigKeys (ConfUtils.java:logGet(46)) - raft.server.data-stream.client.pool.size = 10 (default)
2024-04-26 07:43:41,323 [main] INFO  netty.NettyConfigKeys$DataStream (ConfUtils.java:logGet(46)) - raft.netty.dataStream.server.use-epoll = true (default)
2024-04-26 07:43:41,323 [main] INFO  netty.NettyConfigKeys$DataStream (ConfUtils.java:logGet(46)) - raft.netty.dataStream.server.boss-group.size = 0 (default)
2024-04-26 07:43:41,324 [main] INFO  netty.NettyUtils (NettyUtils.java:newEventLoopGroup(69)) - Create EpollEventLoopGroup for d591b026-01eb-4928-a28c-f8365e0687e2-NettyServerStreamRpc-bossGroup; Thread size is 0.
2024-04-26 07:43:41,324 [main] INFO  netty.NettyConfigKeys$DataStream (ConfUtils.java:logGet(46)) - raft.netty.dataStream.server.worker-group.size = 0 (default)
2024-04-26 07:43:41,325 [main] INFO  netty.NettyUtils (NettyUtils.java:newEventLoopGroup(69)) - Create EpollEventLoopGroup for d591b026-01eb-4928-a28c-f8365e0687e2-NettyServerStreamRpc-workerGroup; Thread size is 0.
2024-04-26 07:43:41,326 [main] INFO  netty.NettyConfigKeys$DataStream (ConfUtils.java:logGet(46)) - raft.netty.dataStream.server.tls.conf = null (default)
2024-04-26 07:43:41,326 [main] INFO  netty.NettyConfigKeys$DataStream (ConfUtils.java:logGet(46)) - raft.netty.dataStream.host = null (default)
2024-04-26 07:43:41,326 [main] INFO  netty.NettyConfigKeys$DataStream (ConfUtils.java:logGet(46)) - raft.netty.dataStream.port = 15104 (custom)
2024-04-26 07:43:41,327 [main] INFO  server.RaftServerConfigKeys (ConfUtils.java:logGet(46)) - raft.server.sleep.deviation.threshold = 300ms (default)
2024-04-26 07:43:41,327 [d591b026-01eb-4928-a28c-f8365e0687e2-NettyServerStreamRpc-bossGroup--thread1] INFO  logging.LoggingHandler (AbstractInternalLogger.java:log(148)) - [id: 0xed10a7bb] REGISTERED
2024-04-26 07:43:41,327 [d591b026-01eb-4928-a28c-f8365e0687e2-NettyServerStreamRpc-bossGroup--thread1] INFO  logging.LoggingHandler (AbstractInternalLogger.java:log(148)) - [id: 0xed10a7bb] BIND: 0.0.0.0/0.0.0.0:15104
2024-04-26 07:43:41,327 [d591b026-01eb-4928-a28c-f8365e0687e2-NettyServerStreamRpc-bossGroup--thread1] INFO  logging.LoggingHandler (AbstractInternalLogger.java:log(148)) - [id: 0xed10a7bb, L:/0.0.0.0:15104] ACTIVE
2024-04-26 07:43:41,327 [main] INFO  server.RaftServerConfigKeys (ConfUtils.java:logGet(46)) - raft.server.close.threshold = 60s (default)
2024-04-26 07:43:41,328 [main] INFO  server.RaftServerConfigKeys (ConfUtils.java:logGet(46)) - raft.server.leaderelection.leader.step-down.wait-time = 10s (default)
2024-04-26 07:43:41,328 [main] INFO  server.RaftServerConfigKeys (ConfUtils.java:logGet(46)) - raft.server.storage.dir = [/home/runner/work/ozone/ozone/hadoop-ozone/integration-test/target/test-dir/MiniOzoneClusterImpl-a56b3a23-5bf6-4b5b-a0fe-007206924a4e/ozone-meta/datanode-1/ratis] (custom)
2024-04-26 07:43:41,328 [main] INFO  server.RaftServerConfigKeys (ConfUtils.java:logGet(46)) - raft.server.threadpool.proxy.cached = true (default)
2024-04-26 07:43:41,328 [main] INFO  server.RaftServerConfigKeys (ConfUtils.java:logGet(46)) - raft.server.threadpool.proxy.size = 0 (default)
2024-04-26 07:43:41,329 [d591b026-01eb-4928-a28c-f8365e0687e2-impl-thread1] INFO  server.RaftServer (RaftServerProxy.java:initGroupDir(264)) - d591b026-01eb-4928-a28c-f8365e0687e2: found a subdirectory /home/runner/work/ozone/ozone/hadoop-ozone/integration-test/target/test-dir/MiniOzoneClusterImpl-a56b3a23-5bf6-4b5b-a0fe-007206924a4e/ozone-meta/datanode-1/ratis/tmp
2024-04-26 07:43:41,329 [d591b026-01eb-4928-a28c-f8365e0687e2-impl-thread1] INFO  server.RaftServer (RaftServerProxy.java:initGroupDir(269)) - d591b026-01eb-4928-a28c-f8365e0687e2: The directory /home/runner/work/ozone/ozone/hadoop-ozone/integration-test/target/test-dir/MiniOzoneClusterImpl-a56b3a23-5bf6-4b5b-a0fe-007206924a4e/ozone-meta/datanode-1/ratis/tmp is not a group directory; ignoring it. 
2024-04-26 07:43:41,329 [main] INFO  replication.ReplicationServer (ReplicationServer.java:<init>(86)) - Initializing replication server with thread count = 10 queue length = 4096
2024-04-26 07:43:41,330 [main] INFO  server.XceiverServerGrpc (XceiverServerGrpc.java:<init>(141)) - GrpcServer channel type EpollServerSocketChannel
2024-04-26 07:43:41,332 [main] INFO  replication.ReplicationSupervisor (ReplicationSupervisor.java:build(157)) - Initializing replication supervisor with thread count = 10
2024-04-26 07:43:41,332 [main] INFO  replication.ReplicationSupervisor (ReplicationSupervisor.java:nodeStateUpdated(312)) - Node state updated to IN_SERVICE, scaling executor pool size to 10
2024-04-26 07:43:41,334 [main] INFO  http.BaseHttpServer (BaseHttpServer.java:newHttpServer2BuilderForOzone(223)) - Starting Web-server for hddsDatanode at: http://0.0.0.0:15098
2024-04-26 07:43:41,334 [main] INFO  http.BaseHttpServer (BaseHttpServer.java:<init>(110)) - Hadoop Security Enabled: false Ozone Security Enabled: false Ozone HTTP Security Enabled: false 
2024-04-26 07:43:41,335 [main] WARN  server.AuthenticationFilter (AuthenticationFilter.java:constructSecretProvider(240)) - Unable to initialize FileSignerSecretProvider, falling back to use random secrets. Reason: Could not read signature secret file: /home/runner/hadoop-http-auth-signature-secret
2024-04-26 07:43:41,336 [main] INFO  http.HttpRequestLog (HttpRequestLog.java:getRequestLog(86)) - Http request log for http.requests.hddsDatanode is not defined
2024-04-26 07:43:41,337 [main] INFO  http.HttpServer2 (HttpServer2.java:addGlobalFilter(1036)) - Added global filter 'safety' (class=org.apache.hadoop.hdds.server.http.HttpServer2$QuotingInputFilter)
2024-04-26 07:43:41,338 [main] INFO  http.HttpServer2 (HttpServer2.java:addFilter(1012)) - Added filter static_user_filter (class=org.apache.hadoop.http.lib.StaticUserWebFilter$StaticUserFilter) to context hddsDatanode
2024-04-26 07:43:41,338 [main] INFO  http.HttpServer2 (HttpServer2.java:addFilter(1020)) - Added filter static_user_filter (class=org.apache.hadoop.http.lib.StaticUserWebFilter$StaticUserFilter) to context logs
2024-04-26 07:43:41,338 [main] INFO  http.HttpServer2 (HttpServer2.java:addFilter(1020)) - Added filter static_user_filter (class=org.apache.hadoop.http.lib.StaticUserWebFilter$StaticUserFilter) to context static
2024-04-26 07:43:41,338 [main] INFO  http.BaseHttpServer (BaseHttpServer.java:<init>(189)) - HTTP server of hddsDatanode uses base directory /home/runner/work/ozone/ozone/hadoop-ozone/integration-test/target/test-dir/MiniOzoneClusterImpl-a56b3a23-5bf6-4b5b-a0fe-007206924a4e/ozone-meta/datanode-1/meta/webserver
2024-04-26 07:43:41,339 [main] INFO  http.HttpServer2 (HttpServer2.java:bindListener(1236)) - Jetty bound to port 15098
2024-04-26 07:43:41,339 [main] INFO  server.Server (Server.java:doStart(375)) - jetty-9.4.53.v20231009; built: 2023-10-09T12:29:09.265Z; git: 27bde00a0b95a1d5bbee0eae7984f891d2d0f8c9; jvm 17.0.10+7
2024-04-26 07:43:41,344 [main] INFO  server.session (DefaultSessionIdManager.java:doStart(334)) - DefaultSessionIdManager workerName=node0
2024-04-26 07:43:41,344 [main] INFO  server.session (DefaultSessionIdManager.java:doStart(339)) - No SessionScavenger set, using defaults
2024-04-26 07:43:41,344 [main] INFO  server.session (HouseKeeper.java:startScavenging(132)) - node0 Scavenging every 660000ms
2024-04-26 07:43:41,345 [main] INFO  handler.ContextHandler (ContextHandler.java:doStart(921)) - Started o.e.j.s.ServletContextHandler@1c66e404{logs,/logs,file:///home/runner/work/ozone/ozone/hadoop-ozone/integration-test/target/log,AVAILABLE}
2024-04-26 07:43:41,345 [main] INFO  handler.ContextHandler (ContextHandler.java:doStart(921)) - Started o.e.j.s.ServletContextHandler@56482084{static,/static,file:///home/runner/work/ozone/ozone/hadoop-hdds/container-service/target/classes/webapps/static,AVAILABLE}
2024-04-26 07:43:41,349 [main] INFO  handler.ContextHandler (ContextHandler.java:doStart(921)) - Started o.e.j.w.WebAppContext@65e0d9de{hddsDatanode,/,file:///home/runner/work/ozone/ozone/hadoop-hdds/container-service/target/classes/webapps/hddsDatanode/,AVAILABLE}{file:/home/runner/work/ozone/ozone/hadoop-hdds/container-service/target/classes/webapps/hddsDatanode}
2024-04-26 07:43:41,350 [main] INFO  server.AbstractConnector (AbstractConnector.java:doStart(333)) - Started ServerConnector@42334d07{HTTP/1.1, (http/1.1)}{0.0.0.0:15098}
2024-04-26 07:43:41,350 [main] INFO  server.Server (Server.java:doStart(415)) - Started @45059ms
2024-04-26 07:43:41,350 [main] WARN  impl.MetricsSystemImpl (MetricsSystemImpl.java:register(279)) - Sink prometheus already exists!
2024-04-26 07:43:41,351 [main] INFO  http.BaseHttpServer (BaseHttpServer.java:updateConnectorAddress(354)) - HTTP server of hddsDatanode listening at http://0.0.0.0:15098
2024-04-26 07:43:41,351 [main] INFO  ipc.CallQueueManager (CallQueueManager.java:<init>(90)) - Using callQueue: class java.util.concurrent.LinkedBlockingQueue, queueCapacity: 100, scheduler: class org.apache.hadoop.ipc.DefaultRpcScheduler, ipcBackoff: false.
2024-04-26 07:43:41,351 [main] INFO  ipc.Server (Server.java:<init>(1287)) - Listener at 0.0.0.0:15099
2024-04-26 07:43:41,352 [Socket Reader #1 for port 15099] INFO  ipc.Server (Server.java:run(1323)) - Starting Socket Reader #1 for port 15099
2024-04-26 07:43:41,357 [main] INFO  ozone.HddsDatanodeService (HddsDatanodeService.java:start(327)) - Datanode start with admins: [runner]
2024-04-26 07:43:41,357 [main] INFO  ozone.HddsDatanodeClientProtocolServer (HddsDatanodeClientProtocolServer.java:start(77)) - RPC server for Client /0.0.0.0:15099
2024-04-26 07:43:41,358 [IPC Server Responder] INFO  ipc.Server (Server.java:run(1562)) - IPC Server Responder: starting
2024-04-26 07:43:41,358 [IPC Server listener on 15099] INFO  ipc.Server (Server.java:run(1402)) - IPC Server listener on 15099: starting
2024-04-26 07:43:41,358 [d591b026-01eb-4928-a28c-f8365e0687e2-DatanodeStateMachineDaemonThread] INFO  statemachine.DatanodeStateMachine (DatanodeStateMachine.java:lambda$startDaemon$1(555)) - Ozone container server started.
2024-04-26 07:43:41,358 [main] WARN  dropwizard3.Dm3MetricRegistriesImpl (Dm3MetricRegistriesImpl.java:addReporterRegistration(113)) - New reporters are added after registries were created. Some metrics will be missing from the reporter. Please add reporter before adding any new registry.
2024-04-26 07:43:41,358 [main] WARN  dropwizard3.Dm3MetricRegistriesImpl (Dm3MetricRegistriesImpl.java:addReporterRegistration(113)) - New reporters are added after registries were created. Some metrics will be missing from the reporter. Please add reporter before adding any new registry.
2024-04-26 07:43:41,358 [main] INFO  impl.MetricsSystemImpl (MetricsSystemImpl.java:init(158)) - HddsDatanode metrics system started (again)
2024-04-26 07:43:41,362 [d591b026-01eb-4928-a28c-f8365e0687e2-DatanodeStateMachineTaskThread-0] INFO  datanode.InitDatanodeState (InitDatanodeState.java:persistContainerDatanodeDetails(139)) - DatanodeDetails is persisted to /home/runner/work/ozone/ozone/hadoop-ozone/integration-test/target/test-dir/MiniOzoneClusterImpl-a56b3a23-5bf6-4b5b-a0fe-007206924a4e/ozone-meta/datanode-1/meta/datanode.id
2024-04-26 07:43:41,369 [main] INFO  ozone.HddsDatanodeService (HddsDatanodeService.java:start(240)) - HddsDatanodeService host:fv-az1107-628.5an5qfagtveezn4vzio0gr3jze.ex.internal.cloudapp.net ip:10.1.0.12
2024-04-26 07:43:41,384 [main] INFO  upgrade.AbstractLayoutVersionManager (AbstractLayoutVersionManager.java:init(83)) - Initializing Layout version manager with metadata layout = HADOOP_PRC_PORTS_IN_DATANODEDETAILS (version = 7), software layout = HADOOP_PRC_PORTS_IN_DATANODEDETAILS (version = 7)
2024-04-26 07:43:41,385 [main] INFO  statemachine.DatanodeStateMachine (DatanodeStateMachine.java:getEndPointTaskThreadPoolSize(299)) - Datanode State Machine Task Thread Pool size 2
2024-04-26 07:43:41,386 [main] INFO  volume.HddsVolume (HddsVolume.java:<init>(126)) - Creating HddsVolume: /home/runner/work/ozone/ozone/hadoop-ozone/integration-test/target/test-dir/MiniOzoneClusterImpl-a56b3a23-5bf6-4b5b-a0fe-007206924a4e/ozone-meta/datanode-2/data-0/hdds of storage type : DISK capacity : 9223372036854775807
2024-04-26 07:43:41,386 [main] INFO  volume.MutableVolumeSet (MutableVolumeSet.java:initializeVolumeSet(173)) - Added Volume : /home/runner/work/ozone/ozone/hadoop-ozone/integration-test/target/test-dir/MiniOzoneClusterImpl-a56b3a23-5bf6-4b5b-a0fe-007206924a4e/ozone-meta/datanode-2/data-0/hdds to VolumeSet
2024-04-26 07:43:41,387 [main] INFO  volume.MutableVolumeSet (MutableVolumeSet.java:initializeVolumeSet(173)) - Added Volume : /home/runner/work/ozone/ozone/hadoop-ozone/integration-test/target/test-dir/MiniOzoneClusterImpl-a56b3a23-5bf6-4b5b-a0fe-007206924a4e/ozone-meta/datanode-2/ratis to VolumeSet
2024-04-26 07:43:41,387 [main] INFO  ozoneimpl.OzoneContainer (HddsVolumeUtil.java:loadAllHddsVolumeDbStore(103)) - Load 1 volumes DbStore cost: 0ms
2024-04-26 07:43:41,389 [main] INFO  server.RaftServer (ConfUtils.java:logGet(46)) - raft.rpc.type = GRPC (default)
2024-04-26 07:43:41,389 [main] INFO  grpc.GrpcConfigKeys (ConfUtils.java:logFallback(53)) - raft.grpc.admin.host = null (fallback to raft.grpc.server.host)
2024-04-26 07:43:41,390 [main] INFO  grpc.GrpcConfigKeys (ConfUtils.java:logGet(46)) - raft.grpc.admin.port = 15111 (custom)
2024-04-26 07:43:41,390 [main] INFO  grpc.GrpcConfigKeys (ConfUtils.java:logFallback(53)) - raft.grpc.client.host = null (fallback to raft.grpc.server.host)
2024-04-26 07:43:41,390 [main] INFO  grpc.GrpcConfigKeys (ConfUtils.java:logGet(46)) - raft.grpc.client.port = 15110 (custom)
2024-04-26 07:43:41,390 [main] INFO  grpc.GrpcConfigKeys (ConfUtils.java:logGet(46)) - raft.grpc.server.host = null (default)
2024-04-26 07:43:41,390 [main] INFO  grpc.GrpcConfigKeys (ConfUtils.java:logGet(46)) - raft.grpc.server.port = 15112 (custom)
2024-04-26 07:43:41,390 [main] INFO  server.GrpcService (ConfUtils.java:logGet(46)) - raft.grpc.message.size.max = 32MB (=33554432) (custom)
2024-04-26 07:43:41,390 [main] INFO  server.RaftServerConfigKeys (ConfUtils.java:logGet(46)) - raft.server.log.appender.buffer.byte-limit = 8388608 (custom)
2024-04-26 07:43:41,391 [main] INFO  server.GrpcService (ConfUtils.java:logGet(46)) - raft.grpc.flow.control.window = 5MB (=5242880) (custom)
2024-04-26 07:43:41,391 [main] INFO  server.RaftServerConfigKeys (ConfUtils.java:logGet(46)) - raft.server.rpc.request.timeout = 3000ms (default)
2024-04-26 07:43:41,391 [main] INFO  grpc.GrpcConfigKeys (ConfUtils.java:logGet(46)) - raft.grpc.server.heartbeat.channel = true (default)
2024-04-26 07:43:41,391 [main] INFO  grpc.GrpcConfigKeys (ConfUtils.java:logGet(46)) - raft.grpc.server.async.request.thread.pool.cached = true (default)
2024-04-26 07:43:41,391 [main] INFO  grpc.GrpcConfigKeys (ConfUtils.java:logGet(46)) - raft.grpc.server.async.request.thread.pool.size = 32 (default)
2024-04-26 07:43:41,393 [main] INFO  impl.DataStreamServerImpl (ConfUtils.java:logGet(46)) - raft.datastream.type = NETTY (custom)
2024-04-26 07:43:41,393 [main] INFO  server.RaftServerConfigKeys (ConfUtils.java:logGet(46)) - raft.server.data-stream.async.request.thread.pool.cached = false (default)
2024-04-26 07:43:41,393 [main] INFO  server.RaftServerConfigKeys (ConfUtils.java:logGet(46)) - raft.server.data-stream.async.request.thread.pool.size = 20 (custom)
2024-04-26 07:43:41,393 [main] INFO  server.RaftServerConfigKeys (ConfUtils.java:logGet(46)) - raft.server.data-stream.async.write.thread.pool.size = 16 (default)
2024-04-26 07:43:41,393 [main] INFO  netty.NettyConfigKeys$DataStream (ConfUtils.java:logGet(46)) - raft.netty.dataStream.server.channel.inactive.grace-period = 10min (default)
2024-04-26 07:43:41,394 [main] INFO  server.RaftServerConfigKeys (ConfUtils.java:logGet(46)) - raft.server.data-stream.client.pool.size = 10 (default)
2024-04-26 07:43:41,394 [main] INFO  netty.NettyConfigKeys$DataStream (ConfUtils.java:logGet(46)) - raft.netty.dataStream.server.use-epoll = true (default)
2024-04-26 07:43:41,394 [main] INFO  netty.NettyConfigKeys$DataStream (ConfUtils.java:logGet(46)) - raft.netty.dataStream.server.boss-group.size = 0 (default)
2024-04-26 07:43:41,394 [main] INFO  netty.NettyUtils (NettyUtils.java:newEventLoopGroup(69)) - Create EpollEventLoopGroup for dd21079d-84ac-4ee5-bea1-aaabc97992ac-NettyServerStreamRpc-bossGroup; Thread size is 0.
2024-04-26 07:43:41,394 [main] INFO  netty.NettyConfigKeys$DataStream (ConfUtils.java:logGet(46)) - raft.netty.dataStream.server.worker-group.size = 0 (default)
2024-04-26 07:43:41,394 [main] INFO  netty.NettyUtils (NettyUtils.java:newEventLoopGroup(69)) - Create EpollEventLoopGroup for dd21079d-84ac-4ee5-bea1-aaabc97992ac-NettyServerStreamRpc-workerGroup; Thread size is 0.
2024-04-26 07:43:41,395 [main] INFO  netty.NettyConfigKeys$DataStream (ConfUtils.java:logGet(46)) - raft.netty.dataStream.server.tls.conf = null (default)
2024-04-26 07:43:41,395 [main] INFO  netty.NettyConfigKeys$DataStream (ConfUtils.java:logGet(46)) - raft.netty.dataStream.host = null (default)
2024-04-26 07:43:41,395 [main] INFO  netty.NettyConfigKeys$DataStream (ConfUtils.java:logGet(46)) - raft.netty.dataStream.port = 15113 (custom)
2024-04-26 07:43:41,395 [main] INFO  server.RaftServerConfigKeys (ConfUtils.java:logGet(46)) - raft.server.sleep.deviation.threshold = 300ms (default)
2024-04-26 07:43:41,395 [main] INFO  server.RaftServerConfigKeys (ConfUtils.java:logGet(46)) - raft.server.close.threshold = 60s (default)
2024-04-26 07:43:41,395 [main] INFO  server.RaftServerConfigKeys (ConfUtils.java:logGet(46)) - raft.server.leaderelection.leader.step-down.wait-time = 10s (default)
2024-04-26 07:43:41,395 [dd21079d-84ac-4ee5-bea1-aaabc97992ac-NettyServerStreamRpc-bossGroup--thread1] INFO  logging.LoggingHandler (AbstractInternalLogger.java:log(148)) - [id: 0x63b36d2e] REGISTERED
2024-04-26 07:43:41,395 [main] INFO  server.RaftServerConfigKeys (ConfUtils.java:logGet(46)) - raft.server.storage.dir = [/home/runner/work/ozone/ozone/hadoop-ozone/integration-test/target/test-dir/MiniOzoneClusterImpl-a56b3a23-5bf6-4b5b-a0fe-007206924a4e/ozone-meta/datanode-2/ratis] (custom)
2024-04-26 07:43:41,396 [main] INFO  server.RaftServerConfigKeys (ConfUtils.java:logGet(46)) - raft.server.threadpool.proxy.cached = true (default)
2024-04-26 07:43:41,396 [main] INFO  server.RaftServerConfigKeys (ConfUtils.java:logGet(46)) - raft.server.threadpool.proxy.size = 0 (default)
2024-04-26 07:43:41,404 [dd21079d-84ac-4ee5-bea1-aaabc97992ac-NettyServerStreamRpc-bossGroup--thread1] INFO  logging.LoggingHandler (AbstractInternalLogger.java:log(148)) - [id: 0x63b36d2e] BIND: 0.0.0.0/0.0.0.0:15113
2024-04-26 07:43:41,404 [dd21079d-84ac-4ee5-bea1-aaabc97992ac-NettyServerStreamRpc-bossGroup--thread1] INFO  logging.LoggingHandler (AbstractInternalLogger.java:log(148)) - [id: 0x63b36d2e, L:/0.0.0.0:15113] ACTIVE
2024-04-26 07:43:41,405 [dd21079d-84ac-4ee5-bea1-aaabc97992ac-impl-thread1] INFO  server.RaftServer (RaftServerProxy.java:initGroupDir(264)) - dd21079d-84ac-4ee5-bea1-aaabc97992ac: found a subdirectory /home/runner/work/ozone/ozone/hadoop-ozone/integration-test/target/test-dir/MiniOzoneClusterImpl-a56b3a23-5bf6-4b5b-a0fe-007206924a4e/ozone-meta/datanode-2/ratis/tmp
2024-04-26 07:43:41,405 [dd21079d-84ac-4ee5-bea1-aaabc97992ac-impl-thread1] INFO  server.RaftServer (RaftServerProxy.java:initGroupDir(269)) - dd21079d-84ac-4ee5-bea1-aaabc97992ac: The directory /home/runner/work/ozone/ozone/hadoop-ozone/integration-test/target/test-dir/MiniOzoneClusterImpl-a56b3a23-5bf6-4b5b-a0fe-007206924a4e/ozone-meta/datanode-2/ratis/tmp is not a group directory; ignoring it. 
2024-04-26 07:43:41,405 [main] INFO  replication.ReplicationServer (ReplicationServer.java:<init>(86)) - Initializing replication server with thread count = 10 queue length = 4096
2024-04-26 07:43:41,406 [main] INFO  server.XceiverServerGrpc (XceiverServerGrpc.java:<init>(141)) - GrpcServer channel type EpollServerSocketChannel
2024-04-26 07:43:41,408 [main] INFO  replication.ReplicationSupervisor (ReplicationSupervisor.java:build(157)) - Initializing replication supervisor with thread count = 10
2024-04-26 07:43:41,408 [main] INFO  replication.ReplicationSupervisor (ReplicationSupervisor.java:nodeStateUpdated(312)) - Node state updated to IN_SERVICE, scaling executor pool size to 10
2024-04-26 07:43:41,413 [main] INFO  http.BaseHttpServer (BaseHttpServer.java:newHttpServer2BuilderForOzone(223)) - Starting Web-server for hddsDatanode at: http://0.0.0.0:15107
2024-04-26 07:43:41,413 [main] INFO  http.BaseHttpServer (BaseHttpServer.java:<init>(110)) - Hadoop Security Enabled: false Ozone Security Enabled: false Ozone HTTP Security Enabled: false 
2024-04-26 07:43:41,415 [main] WARN  server.AuthenticationFilter (AuthenticationFilter.java:constructSecretProvider(240)) - Unable to initialize FileSignerSecretProvider, falling back to use random secrets. Reason: Could not read signature secret file: /home/runner/hadoop-http-auth-signature-secret
2024-04-26 07:43:41,416 [main] INFO  http.HttpRequestLog (HttpRequestLog.java:getRequestLog(86)) - Http request log for http.requests.hddsDatanode is not defined
2024-04-26 07:43:41,417 [main] INFO  http.HttpServer2 (HttpServer2.java:addGlobalFilter(1036)) - Added global filter 'safety' (class=org.apache.hadoop.hdds.server.http.HttpServer2$QuotingInputFilter)
2024-04-26 07:43:41,418 [main] INFO  http.HttpServer2 (HttpServer2.java:addFilter(1012)) - Added filter static_user_filter (class=org.apache.hadoop.http.lib.StaticUserWebFilter$StaticUserFilter) to context hddsDatanode
2024-04-26 07:43:41,418 [main] INFO  http.HttpServer2 (HttpServer2.java:addFilter(1020)) - Added filter static_user_filter (class=org.apache.hadoop.http.lib.StaticUserWebFilter$StaticUserFilter) to context static
2024-04-26 07:43:41,418 [main] INFO  http.HttpServer2 (HttpServer2.java:addFilter(1020)) - Added filter static_user_filter (class=org.apache.hadoop.http.lib.StaticUserWebFilter$StaticUserFilter) to context logs
2024-04-26 07:43:41,419 [main] INFO  http.BaseHttpServer (BaseHttpServer.java:<init>(189)) - HTTP server of hddsDatanode uses base directory /home/runner/work/ozone/ozone/hadoop-ozone/integration-test/target/test-dir/MiniOzoneClusterImpl-a56b3a23-5bf6-4b5b-a0fe-007206924a4e/ozone-meta/datanode-2/meta/webserver
2024-04-26 07:43:41,419 [main] INFO  http.HttpServer2 (HttpServer2.java:bindListener(1236)) - Jetty bound to port 15107
2024-04-26 07:43:41,419 [main] INFO  server.Server (Server.java:doStart(375)) - jetty-9.4.53.v20231009; built: 2023-10-09T12:29:09.265Z; git: 27bde00a0b95a1d5bbee0eae7984f891d2d0f8c9; jvm 17.0.10+7
2024-04-26 07:43:41,425 [main] INFO  server.session (DefaultSessionIdManager.java:doStart(334)) - DefaultSessionIdManager workerName=node0
2024-04-26 07:43:41,425 [main] INFO  server.session (DefaultSessionIdManager.java:doStart(339)) - No SessionScavenger set, using defaults
2024-04-26 07:43:41,425 [main] INFO  server.session (HouseKeeper.java:startScavenging(132)) - node0 Scavenging every 600000ms
2024-04-26 07:43:41,426 [main] INFO  handler.ContextHandler (ContextHandler.java:doStart(921)) - Started o.e.j.s.ServletContextHandler@30c716ce{logs,/logs,file:///home/runner/work/ozone/ozone/hadoop-ozone/integration-test/target/log,AVAILABLE}
2024-04-26 07:43:41,426 [main] INFO  handler.ContextHandler (ContextHandler.java:doStart(921)) - Started o.e.j.s.ServletContextHandler@2a8953aa{static,/static,file:///home/runner/work/ozone/ozone/hadoop-hdds/container-service/target/classes/webapps/static,AVAILABLE}
2024-04-26 07:43:41,430 [main] INFO  handler.ContextHandler (ContextHandler.java:doStart(921)) - Started o.e.j.w.WebAppContext@3ec75472{hddsDatanode,/,file:///home/runner/work/ozone/ozone/hadoop-hdds/container-service/target/classes/webapps/hddsDatanode/,AVAILABLE}{file:/home/runner/work/ozone/ozone/hadoop-hdds/container-service/target/classes/webapps/hddsDatanode}
2024-04-26 07:43:41,431 [main] INFO  server.AbstractConnector (AbstractConnector.java:doStart(333)) - Started ServerConnector@66f73411{HTTP/1.1, (http/1.1)}{0.0.0.0:15107}
2024-04-26 07:43:41,431 [main] INFO  server.Server (Server.java:doStart(415)) - Started @45140ms
2024-04-26 07:43:41,431 [main] WARN  impl.MetricsSystemImpl (MetricsSystemImpl.java:register(279)) - Sink prometheus already exists!
2024-04-26 07:43:41,432 [main] INFO  http.BaseHttpServer (BaseHttpServer.java:updateConnectorAddress(354)) - HTTP server of hddsDatanode listening at http://0.0.0.0:15107
2024-04-26 07:43:41,432 [main] INFO  ipc.CallQueueManager (CallQueueManager.java:<init>(90)) - Using callQueue: class java.util.concurrent.LinkedBlockingQueue, queueCapacity: 100, scheduler: class org.apache.hadoop.ipc.DefaultRpcScheduler, ipcBackoff: false.
2024-04-26 07:43:41,432 [main] INFO  ipc.Server (Server.java:<init>(1287)) - Listener at 0.0.0.0:15108
2024-04-26 07:43:41,432 [Socket Reader #1 for port 15108] INFO  ipc.Server (Server.java:run(1323)) - Starting Socket Reader #1 for port 15108
2024-04-26 07:43:41,434 [main] INFO  ozone.HddsDatanodeService (HddsDatanodeService.java:start(327)) - Datanode start with admins: [runner]
2024-04-26 07:43:41,434 [main] INFO  ozone.HddsDatanodeClientProtocolServer (HddsDatanodeClientProtocolServer.java:start(77)) - RPC server for Client /0.0.0.0:15108
2024-04-26 07:43:41,434 [IPC Server Responder] INFO  ipc.Server (Server.java:run(1562)) - IPC Server Responder: starting
2024-04-26 07:43:41,434 [IPC Server listener on 15108] INFO  ipc.Server (Server.java:run(1402)) - IPC Server listener on 15108: starting
2024-04-26 07:43:41,434 [dd21079d-84ac-4ee5-bea1-aaabc97992ac-DatanodeStateMachineDaemonThread] INFO  statemachine.DatanodeStateMachine (DatanodeStateMachine.java:lambda$startDaemon$1(555)) - Ozone container server started.
2024-04-26 07:43:41,435 [main] WARN  dropwizard3.Dm3MetricRegistriesImpl (Dm3MetricRegistriesImpl.java:addReporterRegistration(113)) - New reporters are added after registries were created. Some metrics will be missing from the reporter. Please add reporter before adding any new registry.
2024-04-26 07:43:41,435 [main] WARN  dropwizard3.Dm3MetricRegistriesImpl (Dm3MetricRegistriesImpl.java:addReporterRegistration(113)) - New reporters are added after registries were created. Some metrics will be missing from the reporter. Please add reporter before adding any new registry.
2024-04-26 07:43:41,435 [main] INFO  impl.MetricsSystemImpl (MetricsSystemImpl.java:init(158)) - HddsDatanode metrics system started (again)
2024-04-26 07:43:41,437 [dd21079d-84ac-4ee5-bea1-aaabc97992ac-DatanodeStateMachineTaskThread-0] INFO  datanode.InitDatanodeState (InitDatanodeState.java:persistContainerDatanodeDetails(139)) - DatanodeDetails is persisted to /home/runner/work/ozone/ozone/hadoop-ozone/integration-test/target/test-dir/MiniOzoneClusterImpl-a56b3a23-5bf6-4b5b-a0fe-007206924a4e/ozone-meta/datanode-2/meta/datanode.id
2024-04-26 07:43:41,445 [main] INFO  ozone.HddsDatanodeService (HddsDatanodeService.java:start(240)) - HddsDatanodeService host:fv-az1107-628.5an5qfagtveezn4vzio0gr3jze.ex.internal.cloudapp.net ip:10.1.0.12
2024-04-26 07:43:41,458 [main] INFO  upgrade.AbstractLayoutVersionManager (AbstractLayoutVersionManager.java:init(83)) - Initializing Layout version manager with metadata layout = HADOOP_PRC_PORTS_IN_DATANODEDETAILS (version = 7), software layout = HADOOP_PRC_PORTS_IN_DATANODEDETAILS (version = 7)
2024-04-26 07:43:41,459 [main] INFO  statemachine.DatanodeStateMachine (DatanodeStateMachine.java:getEndPointTaskThreadPoolSize(299)) - Datanode State Machine Task Thread Pool size 2
2024-04-26 07:43:41,460 [main] INFO  volume.HddsVolume (HddsVolume.java:<init>(126)) - Creating HddsVolume: /home/runner/work/ozone/ozone/hadoop-ozone/integration-test/target/test-dir/MiniOzoneClusterImpl-a56b3a23-5bf6-4b5b-a0fe-007206924a4e/ozone-meta/datanode-3/data-0/hdds of storage type : DISK capacity : 9223372036854775807
2024-04-26 07:43:41,460 [main] INFO  volume.MutableVolumeSet (MutableVolumeSet.java:initializeVolumeSet(173)) - Added Volume : /home/runner/work/ozone/ozone/hadoop-ozone/integration-test/target/test-dir/MiniOzoneClusterImpl-a56b3a23-5bf6-4b5b-a0fe-007206924a4e/ozone-meta/datanode-3/data-0/hdds to VolumeSet
2024-04-26 07:43:41,461 [main] INFO  volume.MutableVolumeSet (MutableVolumeSet.java:initializeVolumeSet(173)) - Added Volume : /home/runner/work/ozone/ozone/hadoop-ozone/integration-test/target/test-dir/MiniOzoneClusterImpl-a56b3a23-5bf6-4b5b-a0fe-007206924a4e/ozone-meta/datanode-3/ratis to VolumeSet
2024-04-26 07:43:41,464 [main] INFO  ozoneimpl.OzoneContainer (HddsVolumeUtil.java:loadAllHddsVolumeDbStore(103)) - Load 1 volumes DbStore cost: 3ms
2024-04-26 07:43:41,466 [main] INFO  server.RaftServer (ConfUtils.java:logGet(46)) - raft.rpc.type = GRPC (default)
2024-04-26 07:43:41,466 [main] INFO  grpc.GrpcConfigKeys (ConfUtils.java:logFallback(53)) - raft.grpc.admin.host = null (fallback to raft.grpc.server.host)
2024-04-26 07:43:41,466 [main] INFO  grpc.GrpcConfigKeys (ConfUtils.java:logGet(46)) - raft.grpc.admin.port = 15120 (custom)
2024-04-26 07:43:41,466 [main] INFO  grpc.GrpcConfigKeys (ConfUtils.java:logFallback(53)) - raft.grpc.client.host = null (fallback to raft.grpc.server.host)
2024-04-26 07:43:41,466 [main] INFO  grpc.GrpcConfigKeys (ConfUtils.java:logGet(46)) - raft.grpc.client.port = 15119 (custom)
2024-04-26 07:43:41,466 [main] INFO  grpc.GrpcConfigKeys (ConfUtils.java:logGet(46)) - raft.grpc.server.host = null (default)
2024-04-26 07:43:41,467 [main] INFO  grpc.GrpcConfigKeys (ConfUtils.java:logGet(46)) - raft.grpc.server.port = 15121 (custom)
2024-04-26 07:43:41,467 [main] INFO  server.GrpcService (ConfUtils.java:logGet(46)) - raft.grpc.message.size.max = 32MB (=33554432) (custom)
2024-04-26 07:43:41,467 [main] INFO  server.RaftServerConfigKeys (ConfUtils.java:logGet(46)) - raft.server.log.appender.buffer.byte-limit = 8388608 (custom)
2024-04-26 07:43:41,467 [main] INFO  server.GrpcService (ConfUtils.java:logGet(46)) - raft.grpc.flow.control.window = 5MB (=5242880) (custom)
2024-04-26 07:43:41,467 [main] INFO  server.RaftServerConfigKeys (ConfUtils.java:logGet(46)) - raft.server.rpc.request.timeout = 3000ms (default)
2024-04-26 07:43:41,467 [main] INFO  grpc.GrpcConfigKeys (ConfUtils.java:logGet(46)) - raft.grpc.server.heartbeat.channel = true (default)
2024-04-26 07:43:41,467 [main] INFO  grpc.GrpcConfigKeys (ConfUtils.java:logGet(46)) - raft.grpc.server.async.request.thread.pool.cached = true (default)
2024-04-26 07:43:41,467 [main] INFO  grpc.GrpcConfigKeys (ConfUtils.java:logGet(46)) - raft.grpc.server.async.request.thread.pool.size = 32 (default)
2024-04-26 07:43:41,469 [main] INFO  impl.DataStreamServerImpl (ConfUtils.java:logGet(46)) - raft.datastream.type = NETTY (custom)
2024-04-26 07:43:41,469 [main] INFO  server.RaftServerConfigKeys (ConfUtils.java:logGet(46)) - raft.server.data-stream.async.request.thread.pool.cached = false (default)
2024-04-26 07:43:41,470 [main] INFO  server.RaftServerConfigKeys (ConfUtils.java:logGet(46)) - raft.server.data-stream.async.request.thread.pool.size = 20 (custom)
2024-04-26 07:43:41,470 [main] INFO  server.RaftServerConfigKeys (ConfUtils.java:logGet(46)) - raft.server.data-stream.async.write.thread.pool.size = 16 (default)
2024-04-26 07:43:41,470 [main] INFO  netty.NettyConfigKeys$DataStream (ConfUtils.java:logGet(46)) - raft.netty.dataStream.server.channel.inactive.grace-period = 10min (default)
2024-04-26 07:43:41,470 [main] INFO  server.RaftServerConfigKeys (ConfUtils.java:logGet(46)) - raft.server.data-stream.client.pool.size = 10 (default)
2024-04-26 07:43:41,470 [main] INFO  netty.NettyConfigKeys$DataStream (ConfUtils.java:logGet(46)) - raft.netty.dataStream.server.use-epoll = true (default)
2024-04-26 07:43:41,470 [main] INFO  netty.NettyConfigKeys$DataStream (ConfUtils.java:logGet(46)) - raft.netty.dataStream.server.boss-group.size = 0 (default)
2024-04-26 07:43:41,470 [main] INFO  netty.NettyUtils (NettyUtils.java:newEventLoopGroup(69)) - Create EpollEventLoopGroup for 6344c76b-c160-4957-8ee9-5bf4783825fc-NettyServerStreamRpc-bossGroup; Thread size is 0.
2024-04-26 07:43:41,471 [main] INFO  netty.NettyConfigKeys$DataStream (ConfUtils.java:logGet(46)) - raft.netty.dataStream.server.worker-group.size = 0 (default)
2024-04-26 07:43:41,471 [main] INFO  netty.NettyUtils (NettyUtils.java:newEventLoopGroup(69)) - Create EpollEventLoopGroup for 6344c76b-c160-4957-8ee9-5bf4783825fc-NettyServerStreamRpc-workerGroup; Thread size is 0.
2024-04-26 07:43:41,471 [main] INFO  netty.NettyConfigKeys$DataStream (ConfUtils.java:logGet(46)) - raft.netty.dataStream.server.tls.conf = null (default)
2024-04-26 07:43:41,471 [main] INFO  netty.NettyConfigKeys$DataStream (ConfUtils.java:logGet(46)) - raft.netty.dataStream.host = null (default)
2024-04-26 07:43:41,471 [main] INFO  netty.NettyConfigKeys$DataStream (ConfUtils.java:logGet(46)) - raft.netty.dataStream.port = 15122 (custom)
2024-04-26 07:43:41,472 [main] INFO  server.RaftServerConfigKeys (ConfUtils.java:logGet(46)) - raft.server.sleep.deviation.threshold = 300ms (default)
2024-04-26 07:43:41,472 [main] INFO  server.RaftServerConfigKeys (ConfUtils.java:logGet(46)) - raft.server.close.threshold = 60s (default)
2024-04-26 07:43:41,472 [main] INFO  server.RaftServerConfigKeys (ConfUtils.java:logGet(46)) - raft.server.leaderelection.leader.step-down.wait-time = 10s (default)
2024-04-26 07:43:41,472 [6344c76b-c160-4957-8ee9-5bf4783825fc-NettyServerStreamRpc-bossGroup--thread1] INFO  logging.LoggingHandler (AbstractInternalLogger.java:log(148)) - [id: 0x4de89987] REGISTERED
2024-04-26 07:43:41,472 [main] INFO  server.RaftServerConfigKeys (ConfUtils.java:logGet(46)) - raft.server.storage.dir = [/home/runner/work/ozone/ozone/hadoop-ozone/integration-test/target/test-dir/MiniOzoneClusterImpl-a56b3a23-5bf6-4b5b-a0fe-007206924a4e/ozone-meta/datanode-3/ratis] (custom)
2024-04-26 07:43:41,472 [main] INFO  server.RaftServerConfigKeys (ConfUtils.java:logGet(46)) - raft.server.threadpool.proxy.cached = true (default)
2024-04-26 07:43:41,473 [main] INFO  server.RaftServerConfigKeys (ConfUtils.java:logGet(46)) - raft.server.threadpool.proxy.size = 0 (default)
2024-04-26 07:43:41,472 [6344c76b-c160-4957-8ee9-5bf4783825fc-NettyServerStreamRpc-bossGroup--thread1] INFO  logging.LoggingHandler (AbstractInternalLogger.java:log(148)) - [id: 0x4de89987] BIND: 0.0.0.0/0.0.0.0:15122
2024-04-26 07:43:41,473 [6344c76b-c160-4957-8ee9-5bf4783825fc-NettyServerStreamRpc-bossGroup--thread1] INFO  logging.LoggingHandler (AbstractInternalLogger.java:log(148)) - [id: 0x4de89987, L:/0.0.0.0:15122] ACTIVE
2024-04-26 07:43:41,474 [6344c76b-c160-4957-8ee9-5bf4783825fc-impl-thread1] INFO  server.RaftServer (RaftServerProxy.java:initGroupDir(264)) - 6344c76b-c160-4957-8ee9-5bf4783825fc: found a subdirectory /home/runner/work/ozone/ozone/hadoop-ozone/integration-test/target/test-dir/MiniOzoneClusterImpl-a56b3a23-5bf6-4b5b-a0fe-007206924a4e/ozone-meta/datanode-3/ratis/tmp
2024-04-26 07:43:41,474 [6344c76b-c160-4957-8ee9-5bf4783825fc-impl-thread1] INFO  server.RaftServer (RaftServerProxy.java:initGroupDir(269)) - 6344c76b-c160-4957-8ee9-5bf4783825fc: The directory /home/runner/work/ozone/ozone/hadoop-ozone/integration-test/target/test-dir/MiniOzoneClusterImpl-a56b3a23-5bf6-4b5b-a0fe-007206924a4e/ozone-meta/datanode-3/ratis/tmp is not a group directory; ignoring it. 
2024-04-26 07:43:41,475 [main] INFO  replication.ReplicationServer (ReplicationServer.java:<init>(86)) - Initializing replication server with thread count = 10 queue length = 4096
2024-04-26 07:43:41,475 [main] INFO  server.XceiverServerGrpc (XceiverServerGrpc.java:<init>(141)) - GrpcServer channel type EpollServerSocketChannel
2024-04-26 07:43:41,477 [main] INFO  replication.ReplicationSupervisor (ReplicationSupervisor.java:build(157)) - Initializing replication supervisor with thread count = 10
2024-04-26 07:43:41,477 [main] INFO  replication.ReplicationSupervisor (ReplicationSupervisor.java:nodeStateUpdated(312)) - Node state updated to IN_SERVICE, scaling executor pool size to 10
2024-04-26 07:43:41,481 [main] INFO  http.BaseHttpServer (BaseHttpServer.java:newHttpServer2BuilderForOzone(223)) - Starting Web-server for hddsDatanode at: http://0.0.0.0:15116
2024-04-26 07:43:41,481 [main] INFO  http.BaseHttpServer (BaseHttpServer.java:<init>(110)) - Hadoop Security Enabled: false Ozone Security Enabled: false Ozone HTTP Security Enabled: false 
2024-04-26 07:43:41,485 [main] WARN  server.AuthenticationFilter (AuthenticationFilter.java:constructSecretProvider(240)) - Unable to initialize FileSignerSecretProvider, falling back to use random secrets. Reason: Could not read signature secret file: /home/runner/hadoop-http-auth-signature-secret
2024-04-26 07:43:41,485 [main] INFO  http.HttpRequestLog (HttpRequestLog.java:getRequestLog(86)) - Http request log for http.requests.hddsDatanode is not defined
2024-04-26 07:43:41,487 [main] INFO  http.HttpServer2 (HttpServer2.java:addGlobalFilter(1036)) - Added global filter 'safety' (class=org.apache.hadoop.hdds.server.http.HttpServer2$QuotingInputFilter)
2024-04-26 07:43:41,491 [main] INFO  http.HttpServer2 (HttpServer2.java:addFilter(1012)) - Added filter static_user_filter (class=org.apache.hadoop.http.lib.StaticUserWebFilter$StaticUserFilter) to context hddsDatanode
2024-04-26 07:43:41,491 [main] INFO  http.HttpServer2 (HttpServer2.java:addFilter(1020)) - Added filter static_user_filter (class=org.apache.hadoop.http.lib.StaticUserWebFilter$StaticUserFilter) to context logs
2024-04-26 07:43:41,492 [main] INFO  http.HttpServer2 (HttpServer2.java:addFilter(1020)) - Added filter static_user_filter (class=org.apache.hadoop.http.lib.StaticUserWebFilter$StaticUserFilter) to context static
2024-04-26 07:43:41,493 [main] INFO  http.BaseHttpServer (BaseHttpServer.java:<init>(189)) - HTTP server of hddsDatanode uses base directory /home/runner/work/ozone/ozone/hadoop-ozone/integration-test/target/test-dir/MiniOzoneClusterImpl-a56b3a23-5bf6-4b5b-a0fe-007206924a4e/ozone-meta/datanode-3/meta/webserver
2024-04-26 07:43:41,493 [main] INFO  http.HttpServer2 (HttpServer2.java:bindListener(1236)) - Jetty bound to port 15116
2024-04-26 07:43:41,494 [main] INFO  server.Server (Server.java:doStart(375)) - jetty-9.4.53.v20231009; built: 2023-10-09T12:29:09.265Z; git: 27bde00a0b95a1d5bbee0eae7984f891d2d0f8c9; jvm 17.0.10+7
2024-04-26 07:43:41,495 [main] INFO  server.session (DefaultSessionIdManager.java:doStart(334)) - DefaultSessionIdManager workerName=node0
2024-04-26 07:43:41,495 [main] INFO  server.session (DefaultSessionIdManager.java:doStart(339)) - No SessionScavenger set, using defaults
2024-04-26 07:43:41,495 [main] INFO  server.session (HouseKeeper.java:startScavenging(132)) - node0 Scavenging every 600000ms
2024-04-26 07:43:41,496 [main] INFO  handler.ContextHandler (ContextHandler.java:doStart(921)) - Started o.e.j.s.ServletContextHandler@2c27e36{logs,/logs,file:///home/runner/work/ozone/ozone/hadoop-ozone/integration-test/target/log,AVAILABLE}
2024-04-26 07:43:41,496 [main] INFO  handler.ContextHandler (ContextHandler.java:doStart(921)) - Started o.e.j.s.ServletContextHandler@4eb870be{static,/static,file:///home/runner/work/ozone/ozone/hadoop-hdds/container-service/target/classes/webapps/static,AVAILABLE}
2024-04-26 07:43:41,507 [main] INFO  handler.ContextHandler (ContextHandler.java:doStart(921)) - Started o.e.j.w.WebAppContext@34e10162{hddsDatanode,/,file:///home/runner/work/ozone/ozone/hadoop-hdds/container-service/target/classes/webapps/hddsDatanode/,AVAILABLE}{file:/home/runner/work/ozone/ozone/hadoop-hdds/container-service/target/classes/webapps/hddsDatanode}
2024-04-26 07:43:41,508 [main] INFO  server.AbstractConnector (AbstractConnector.java:doStart(333)) - Started ServerConnector@6be4686b{HTTP/1.1, (http/1.1)}{0.0.0.0:15116}
2024-04-26 07:43:41,508 [main] INFO  server.Server (Server.java:doStart(415)) - Started @45217ms
2024-04-26 07:43:41,508 [main] WARN  impl.MetricsSystemImpl (MetricsSystemImpl.java:register(279)) - Sink prometheus already exists!
2024-04-26 07:43:41,509 [main] INFO  http.BaseHttpServer (BaseHttpServer.java:updateConnectorAddress(354)) - HTTP server of hddsDatanode listening at http://0.0.0.0:15116
2024-04-26 07:43:41,509 [main] INFO  ipc.CallQueueManager (CallQueueManager.java:<init>(90)) - Using callQueue: class java.util.concurrent.LinkedBlockingQueue, queueCapacity: 100, scheduler: class org.apache.hadoop.ipc.DefaultRpcScheduler, ipcBackoff: false.
2024-04-26 07:43:41,509 [main] INFO  ipc.Server (Server.java:<init>(1287)) - Listener at 0.0.0.0:15117
2024-04-26 07:43:41,510 [Socket Reader #1 for port 15117] INFO  ipc.Server (Server.java:run(1323)) - Starting Socket Reader #1 for port 15117
2024-04-26 07:43:41,511 [main] INFO  ozone.HddsDatanodeService (HddsDatanodeService.java:start(327)) - Datanode start with admins: [runner]
2024-04-26 07:43:41,512 [main] INFO  ozone.HddsDatanodeClientProtocolServer (HddsDatanodeClientProtocolServer.java:start(77)) - RPC server for Client /0.0.0.0:15117
2024-04-26 07:43:41,512 [IPC Server Responder] INFO  ipc.Server (Server.java:run(1562)) - IPC Server Responder: starting
2024-04-26 07:43:41,512 [IPC Server listener on 15117] INFO  ipc.Server (Server.java:run(1402)) - IPC Server listener on 15117: starting
2024-04-26 07:43:41,513 [6344c76b-c160-4957-8ee9-5bf4783825fc-DatanodeStateMachineDaemonThread] INFO  statemachine.DatanodeStateMachine (DatanodeStateMachine.java:lambda$startDaemon$1(555)) - Ozone container server started.
2024-04-26 07:43:41,514 [main] WARN  dropwizard3.Dm3MetricRegistriesImpl (Dm3MetricRegistriesImpl.java:addReporterRegistration(113)) - New reporters are added after registries were created. Some metrics will be missing from the reporter. Please add reporter before adding any new registry.
2024-04-26 07:43:41,514 [main] WARN  dropwizard3.Dm3MetricRegistriesImpl (Dm3MetricRegistriesImpl.java:addReporterRegistration(113)) - New reporters are added after registries were created. Some metrics will be missing from the reporter. Please add reporter before adding any new registry.
2024-04-26 07:43:41,514 [main] INFO  impl.MetricsSystemImpl (MetricsSystemImpl.java:init(158)) - HddsDatanode metrics system started (again)
2024-04-26 07:43:41,517 [6344c76b-c160-4957-8ee9-5bf4783825fc-DatanodeStateMachineTaskThread-0] INFO  datanode.InitDatanodeState (InitDatanodeState.java:persistContainerDatanodeDetails(139)) - DatanodeDetails is persisted to /home/runner/work/ozone/ozone/hadoop-ozone/integration-test/target/test-dir/MiniOzoneClusterImpl-a56b3a23-5bf6-4b5b-a0fe-007206924a4e/ozone-meta/datanode-3/meta/datanode.id
2024-04-26 07:43:41,527 [main] INFO  ozone.HddsDatanodeService (HddsDatanodeService.java:start(240)) - HddsDatanodeService host:fv-az1107-628.5an5qfagtveezn4vzio0gr3jze.ex.internal.cloudapp.net ip:10.1.0.12
2024-04-26 07:43:41,547 [main] INFO  upgrade.AbstractLayoutVersionManager (AbstractLayoutVersionManager.java:init(83)) - Initializing Layout version manager with metadata layout = HADOOP_PRC_PORTS_IN_DATANODEDETAILS (version = 7), software layout = HADOOP_PRC_PORTS_IN_DATANODEDETAILS (version = 7)
2024-04-26 07:43:41,547 [main] INFO  statemachine.DatanodeStateMachine (DatanodeStateMachine.java:getEndPointTaskThreadPoolSize(299)) - Datanode State Machine Task Thread Pool size 2
2024-04-26 07:43:41,551 [main] INFO  volume.HddsVolume (HddsVolume.java:<init>(126)) - Creating HddsVolume: /home/runner/work/ozone/ozone/hadoop-ozone/integration-test/target/test-dir/MiniOzoneClusterImpl-a56b3a23-5bf6-4b5b-a0fe-007206924a4e/ozone-meta/datanode-4/data-0/hdds of storage type : DISK capacity : 9223372036854775807
2024-04-26 07:43:41,551 [main] INFO  volume.MutableVolumeSet (MutableVolumeSet.java:initializeVolumeSet(173)) - Added Volume : /home/runner/work/ozone/ozone/hadoop-ozone/integration-test/target/test-dir/MiniOzoneClusterImpl-a56b3a23-5bf6-4b5b-a0fe-007206924a4e/ozone-meta/datanode-4/data-0/hdds to VolumeSet
2024-04-26 07:43:41,552 [main] INFO  volume.MutableVolumeSet (MutableVolumeSet.java:initializeVolumeSet(173)) - Added Volume : /home/runner/work/ozone/ozone/hadoop-ozone/integration-test/target/test-dir/MiniOzoneClusterImpl-a56b3a23-5bf6-4b5b-a0fe-007206924a4e/ozone-meta/datanode-4/ratis to VolumeSet
2024-04-26 07:43:41,553 [main] INFO  ozoneimpl.OzoneContainer (HddsVolumeUtil.java:loadAllHddsVolumeDbStore(103)) - Load 1 volumes DbStore cost: 0ms
2024-04-26 07:43:41,556 [main] INFO  server.RaftServer (ConfUtils.java:logGet(46)) - raft.rpc.type = GRPC (default)
2024-04-26 07:43:41,556 [main] INFO  grpc.GrpcConfigKeys (ConfUtils.java:logFallback(53)) - raft.grpc.admin.host = null (fallback to raft.grpc.server.host)
2024-04-26 07:43:41,556 [main] INFO  grpc.GrpcConfigKeys (ConfUtils.java:logGet(46)) - raft.grpc.admin.port = 15129 (custom)
2024-04-26 07:43:41,557 [main] INFO  grpc.GrpcConfigKeys (ConfUtils.java:logFallback(53)) - raft.grpc.client.host = null (fallback to raft.grpc.server.host)
2024-04-26 07:43:41,557 [main] INFO  grpc.GrpcConfigKeys (ConfUtils.java:logGet(46)) - raft.grpc.client.port = 15128 (custom)
2024-04-26 07:43:41,557 [main] INFO  grpc.GrpcConfigKeys (ConfUtils.java:logGet(46)) - raft.grpc.server.host = null (default)
2024-04-26 07:43:41,558 [main] INFO  grpc.GrpcConfigKeys (ConfUtils.java:logGet(46)) - raft.grpc.server.port = 15130 (custom)
2024-04-26 07:43:41,558 [main] INFO  server.GrpcService (ConfUtils.java:logGet(46)) - raft.grpc.message.size.max = 32MB (=33554432) (custom)
2024-04-26 07:43:41,558 [main] INFO  server.RaftServerConfigKeys (ConfUtils.java:logGet(46)) - raft.server.log.appender.buffer.byte-limit = 8388608 (custom)
2024-04-26 07:43:41,559 [main] INFO  server.GrpcService (ConfUtils.java:logGet(46)) - raft.grpc.flow.control.window = 5MB (=5242880) (custom)
2024-04-26 07:43:41,559 [main] INFO  server.RaftServerConfigKeys (ConfUtils.java:logGet(46)) - raft.server.rpc.request.timeout = 3000ms (default)
2024-04-26 07:43:41,559 [main] INFO  grpc.GrpcConfigKeys (ConfUtils.java:logGet(46)) - raft.grpc.server.heartbeat.channel = true (default)
2024-04-26 07:43:41,560 [main] INFO  grpc.GrpcConfigKeys (ConfUtils.java:logGet(46)) - raft.grpc.server.async.request.thread.pool.cached = true (default)
2024-04-26 07:43:41,560 [main] INFO  grpc.GrpcConfigKeys (ConfUtils.java:logGet(46)) - raft.grpc.server.async.request.thread.pool.size = 32 (default)
2024-04-26 07:43:41,562 [main] INFO  impl.DataStreamServerImpl (ConfUtils.java:logGet(46)) - raft.datastream.type = NETTY (custom)
2024-04-26 07:43:41,563 [main] INFO  server.RaftServerConfigKeys (ConfUtils.java:logGet(46)) - raft.server.data-stream.async.request.thread.pool.cached = false (default)
2024-04-26 07:43:41,563 [main] INFO  server.RaftServerConfigKeys (ConfUtils.java:logGet(46)) - raft.server.data-stream.async.request.thread.pool.size = 20 (custom)
2024-04-26 07:43:41,563 [main] INFO  server.RaftServerConfigKeys (ConfUtils.java:logGet(46)) - raft.server.data-stream.async.write.thread.pool.size = 16 (default)
2024-04-26 07:43:41,564 [main] INFO  netty.NettyConfigKeys$DataStream (ConfUtils.java:logGet(46)) - raft.netty.dataStream.server.channel.inactive.grace-period = 10min (default)
2024-04-26 07:43:41,564 [main] INFO  server.RaftServerConfigKeys (ConfUtils.java:logGet(46)) - raft.server.data-stream.client.pool.size = 10 (default)
2024-04-26 07:43:41,565 [main] INFO  netty.NettyConfigKeys$DataStream (ConfUtils.java:logGet(46)) - raft.netty.dataStream.server.use-epoll = true (default)
2024-04-26 07:43:41,565 [main] INFO  netty.NettyConfigKeys$DataStream (ConfUtils.java:logGet(46)) - raft.netty.dataStream.server.boss-group.size = 0 (default)
2024-04-26 07:43:41,565 [main] INFO  netty.NettyUtils (NettyUtils.java:newEventLoopGroup(69)) - Create EpollEventLoopGroup for 84e7e7d6-61bf-4ff4-b705-307942077190-NettyServerStreamRpc-bossGroup; Thread size is 0.
2024-04-26 07:43:41,566 [main] INFO  netty.NettyConfigKeys$DataStream (ConfUtils.java:logGet(46)) - raft.netty.dataStream.server.worker-group.size = 0 (default)
2024-04-26 07:43:41,566 [main] INFO  netty.NettyUtils (NettyUtils.java:newEventLoopGroup(69)) - Create EpollEventLoopGroup for 84e7e7d6-61bf-4ff4-b705-307942077190-NettyServerStreamRpc-workerGroup; Thread size is 0.
2024-04-26 07:43:41,566 [main] INFO  netty.NettyConfigKeys$DataStream (ConfUtils.java:logGet(46)) - raft.netty.dataStream.server.tls.conf = null (default)
2024-04-26 07:43:41,567 [main] INFO  netty.NettyConfigKeys$DataStream (ConfUtils.java:logGet(46)) - raft.netty.dataStream.host = null (default)
2024-04-26 07:43:41,567 [main] INFO  netty.NettyConfigKeys$DataStream (ConfUtils.java:logGet(46)) - raft.netty.dataStream.port = 15131 (custom)
2024-04-26 07:43:41,568 [main] INFO  server.RaftServerConfigKeys (ConfUtils.java:logGet(46)) - raft.server.sleep.deviation.threshold = 300ms (default)
2024-04-26 07:43:41,568 [84e7e7d6-61bf-4ff4-b705-307942077190-NettyServerStreamRpc-bossGroup--thread1] INFO  logging.LoggingHandler (AbstractInternalLogger.java:log(148)) - [id: 0xcfe565e3] REGISTERED
2024-04-26 07:43:41,569 [84e7e7d6-61bf-4ff4-b705-307942077190-NettyServerStreamRpc-bossGroup--thread1] INFO  logging.LoggingHandler (AbstractInternalLogger.java:log(148)) - [id: 0xcfe565e3] BIND: 0.0.0.0/0.0.0.0:15131
2024-04-26 07:43:41,569 [84e7e7d6-61bf-4ff4-b705-307942077190-NettyServerStreamRpc-bossGroup--thread1] INFO  logging.LoggingHandler (AbstractInternalLogger.java:log(148)) - [id: 0xcfe565e3, L:/0.0.0.0:15131] ACTIVE
2024-04-26 07:43:41,568 [main] INFO  server.RaftServerConfigKeys (ConfUtils.java:logGet(46)) - raft.server.close.threshold = 60s (default)
2024-04-26 07:43:41,569 [main] INFO  server.RaftServerConfigKeys (ConfUtils.java:logGet(46)) - raft.server.leaderelection.leader.step-down.wait-time = 10s (default)
2024-04-26 07:43:41,570 [main] INFO  server.RaftServerConfigKeys (ConfUtils.java:logGet(46)) - raft.server.storage.dir = [/home/runner/work/ozone/ozone/hadoop-ozone/integration-test/target/test-dir/MiniOzoneClusterImpl-a56b3a23-5bf6-4b5b-a0fe-007206924a4e/ozone-meta/datanode-4/ratis] (custom)
2024-04-26 07:43:41,570 [main] INFO  server.RaftServerConfigKeys (ConfUtils.java:logGet(46)) - raft.server.threadpool.proxy.cached = true (default)
2024-04-26 07:43:41,570 [main] INFO  server.RaftServerConfigKeys (ConfUtils.java:logGet(46)) - raft.server.threadpool.proxy.size = 0 (default)
2024-04-26 07:43:41,571 [84e7e7d6-61bf-4ff4-b705-307942077190-impl-thread1] INFO  server.RaftServer (RaftServerProxy.java:initGroupDir(264)) - 84e7e7d6-61bf-4ff4-b705-307942077190: found a subdirectory /home/runner/work/ozone/ozone/hadoop-ozone/integration-test/target/test-dir/MiniOzoneClusterImpl-a56b3a23-5bf6-4b5b-a0fe-007206924a4e/ozone-meta/datanode-4/ratis/tmp
2024-04-26 07:43:41,571 [84e7e7d6-61bf-4ff4-b705-307942077190-impl-thread1] INFO  server.RaftServer (RaftServerProxy.java:initGroupDir(269)) - 84e7e7d6-61bf-4ff4-b705-307942077190: The directory /home/runner/work/ozone/ozone/hadoop-ozone/integration-test/target/test-dir/MiniOzoneClusterImpl-a56b3a23-5bf6-4b5b-a0fe-007206924a4e/ozone-meta/datanode-4/ratis/tmp is not a group directory; ignoring it. 
2024-04-26 07:43:41,572 [main] INFO  replication.ReplicationServer (ReplicationServer.java:<init>(86)) - Initializing replication server with thread count = 10 queue length = 4096
2024-04-26 07:43:41,573 [main] INFO  server.XceiverServerGrpc (XceiverServerGrpc.java:<init>(141)) - GrpcServer channel type EpollServerSocketChannel
2024-04-26 07:43:41,575 [main] INFO  replication.ReplicationSupervisor (ReplicationSupervisor.java:build(157)) - Initializing replication supervisor with thread count = 10
2024-04-26 07:43:41,575 [main] INFO  replication.ReplicationSupervisor (ReplicationSupervisor.java:nodeStateUpdated(312)) - Node state updated to IN_SERVICE, scaling executor pool size to 10
2024-04-26 07:43:41,577 [main] INFO  http.BaseHttpServer (BaseHttpServer.java:newHttpServer2BuilderForOzone(223)) - Starting Web-server for hddsDatanode at: http://0.0.0.0:15125
2024-04-26 07:43:41,577 [main] INFO  http.BaseHttpServer (BaseHttpServer.java:<init>(110)) - Hadoop Security Enabled: false Ozone Security Enabled: false Ozone HTTP Security Enabled: false 
2024-04-26 07:43:41,578 [main] WARN  server.AuthenticationFilter (AuthenticationFilter.java:constructSecretProvider(240)) - Unable to initialize FileSignerSecretProvider, falling back to use random secrets. Reason: Could not read signature secret file: /home/runner/hadoop-http-auth-signature-secret
2024-04-26 07:43:41,579 [main] INFO  http.HttpRequestLog (HttpRequestLog.java:getRequestLog(86)) - Http request log for http.requests.hddsDatanode is not defined
2024-04-26 07:43:41,581 [main] INFO  http.HttpServer2 (HttpServer2.java:addGlobalFilter(1036)) - Added global filter 'safety' (class=org.apache.hadoop.hdds.server.http.HttpServer2$QuotingInputFilter)
2024-04-26 07:43:41,581 [main] INFO  http.HttpServer2 (HttpServer2.java:addFilter(1012)) - Added filter static_user_filter (class=org.apache.hadoop.http.lib.StaticUserWebFilter$StaticUserFilter) to context hddsDatanode
2024-04-26 07:43:41,582 [main] INFO  http.HttpServer2 (HttpServer2.java:addFilter(1020)) - Added filter static_user_filter (class=org.apache.hadoop.http.lib.StaticUserWebFilter$StaticUserFilter) to context static
2024-04-26 07:43:41,582 [main] INFO  http.HttpServer2 (HttpServer2.java:addFilter(1020)) - Added filter static_user_filter (class=org.apache.hadoop.http.lib.StaticUserWebFilter$StaticUserFilter) to context logs
2024-04-26 07:43:41,583 [main] INFO  http.BaseHttpServer (BaseHttpServer.java:<init>(189)) - HTTP server of hddsDatanode uses base directory /home/runner/work/ozone/ozone/hadoop-ozone/integration-test/target/test-dir/MiniOzoneClusterImpl-a56b3a23-5bf6-4b5b-a0fe-007206924a4e/ozone-meta/datanode-4/meta/webserver
2024-04-26 07:43:41,583 [main] INFO  http.HttpServer2 (HttpServer2.java:bindListener(1236)) - Jetty bound to port 15125
2024-04-26 07:43:41,584 [main] INFO  server.Server (Server.java:doStart(375)) - jetty-9.4.53.v20231009; built: 2023-10-09T12:29:09.265Z; git: 27bde00a0b95a1d5bbee0eae7984f891d2d0f8c9; jvm 17.0.10+7
2024-04-26 07:43:41,589 [main] INFO  server.session (DefaultSessionIdManager.java:doStart(334)) - DefaultSessionIdManager workerName=node0
2024-04-26 07:43:41,589 [main] INFO  server.session (DefaultSessionIdManager.java:doStart(339)) - No SessionScavenger set, using defaults
2024-04-26 07:43:41,589 [main] INFO  server.session (HouseKeeper.java:startScavenging(132)) - node0 Scavenging every 600000ms
2024-04-26 07:43:41,593 [main] INFO  handler.ContextHandler (ContextHandler.java:doStart(921)) - Started o.e.j.s.ServletContextHandler@58292496{logs,/logs,file:///home/runner/work/ozone/ozone/hadoop-ozone/integration-test/target/log,AVAILABLE}
2024-04-26 07:43:41,593 [main] INFO  handler.ContextHandler (ContextHandler.java:doStart(921)) - Started o.e.j.s.ServletContextHandler@476dda8b{static,/static,file:///home/runner/work/ozone/ozone/hadoop-hdds/container-service/target/classes/webapps/static,AVAILABLE}
2024-04-26 07:43:41,597 [main] INFO  handler.ContextHandler (ContextHandler.java:doStart(921)) - Started o.e.j.w.WebAppContext@7d72f5a9{hddsDatanode,/,file:///home/runner/work/ozone/ozone/hadoop-hdds/container-service/target/classes/webapps/hddsDatanode/,AVAILABLE}{file:/home/runner/work/ozone/ozone/hadoop-hdds/container-service/target/classes/webapps/hddsDatanode}
2024-04-26 07:43:41,598 [main] INFO  server.AbstractConnector (AbstractConnector.java:doStart(333)) - Started ServerConnector@40dcd875{HTTP/1.1, (http/1.1)}{0.0.0.0:15125}
2024-04-26 07:43:41,598 [main] INFO  server.Server (Server.java:doStart(415)) - Started @45307ms
2024-04-26 07:43:41,598 [main] WARN  impl.MetricsSystemImpl (MetricsSystemImpl.java:register(279)) - Sink prometheus already exists!
2024-04-26 07:43:41,599 [main] INFO  http.BaseHttpServer (BaseHttpServer.java:updateConnectorAddress(354)) - HTTP server of hddsDatanode listening at http://0.0.0.0:15125
2024-04-26 07:43:41,599 [main] INFO  ipc.CallQueueManager (CallQueueManager.java:<init>(90)) - Using callQueue: class java.util.concurrent.LinkedBlockingQueue, queueCapacity: 100, scheduler: class org.apache.hadoop.ipc.DefaultRpcScheduler, ipcBackoff: false.
2024-04-26 07:43:41,599 [main] INFO  ipc.Server (Server.java:<init>(1287)) - Listener at 0.0.0.0:15126
2024-04-26 07:43:41,600 [Socket Reader #1 for port 15126] INFO  ipc.Server (Server.java:run(1323)) - Starting Socket Reader #1 for port 15126
2024-04-26 07:43:41,602 [main] INFO  ozone.HddsDatanodeService (HddsDatanodeService.java:start(327)) - Datanode start with admins: [runner]
2024-04-26 07:43:41,602 [main] INFO  ozone.HddsDatanodeClientProtocolServer (HddsDatanodeClientProtocolServer.java:start(77)) - RPC server for Client /0.0.0.0:15126
2024-04-26 07:43:41,604 [IPC Server Responder] INFO  ipc.Server (Server.java:run(1562)) - IPC Server Responder: starting
2024-04-26 07:43:41,605 [IPC Server listener on 15126] INFO  ipc.Server (Server.java:run(1402)) - IPC Server listener on 15126: starting
2024-04-26 07:43:41,609 [84e7e7d6-61bf-4ff4-b705-307942077190-DatanodeStateMachineDaemonThread] INFO  statemachine.DatanodeStateMachine (DatanodeStateMachine.java:lambda$startDaemon$1(555)) - Ozone container server started.
2024-04-26 07:43:41,609 [main] WARN  dropwizard3.Dm3MetricRegistriesImpl (Dm3MetricRegistriesImpl.java:addReporterRegistration(113)) - New reporters are added after registries were created. Some metrics will be missing from the reporter. Please add reporter before adding any new registry.
2024-04-26 07:43:41,609 [main] WARN  dropwizard3.Dm3MetricRegistriesImpl (Dm3MetricRegistriesImpl.java:addReporterRegistration(113)) - New reporters are added after registries were created. Some metrics will be missing from the reporter. Please add reporter before adding any new registry.
2024-04-26 07:43:41,609 [main] INFO  impl.MetricsSystemImpl (MetricsSystemImpl.java:init(158)) - HddsDatanode metrics system started (again)
2024-04-26 07:43:41,622 [main] INFO  ozone.HddsDatanodeService (HddsDatanodeService.java:start(240)) - HddsDatanodeService host:fv-az1107-628.5an5qfagtveezn4vzio0gr3jze.ex.internal.cloudapp.net ip:10.1.0.12
2024-04-26 07:43:41,623 [84e7e7d6-61bf-4ff4-b705-307942077190-DatanodeStateMachineTaskThread-0] INFO  datanode.InitDatanodeState (InitDatanodeState.java:persistContainerDatanodeDetails(139)) - DatanodeDetails is persisted to /home/runner/work/ozone/ozone/hadoop-ozone/integration-test/target/test-dir/MiniOzoneClusterImpl-a56b3a23-5bf6-4b5b-a0fe-007206924a4e/ozone-meta/datanode-4/meta/datanode.id
2024-04-26 07:43:41,642 [main] INFO  upgrade.AbstractLayoutVersionManager (AbstractLayoutVersionManager.java:init(83)) - Initializing Layout version manager with metadata layout = HADOOP_PRC_PORTS_IN_DATANODEDETAILS (version = 7), software layout = HADOOP_PRC_PORTS_IN_DATANODEDETAILS (version = 7)
2024-04-26 07:43:41,643 [main] INFO  statemachine.DatanodeStateMachine (DatanodeStateMachine.java:getEndPointTaskThreadPoolSize(299)) - Datanode State Machine Task Thread Pool size 2
2024-04-26 07:43:41,645 [main] INFO  volume.HddsVolume (HddsVolume.java:<init>(126)) - Creating HddsVolume: /home/runner/work/ozone/ozone/hadoop-ozone/integration-test/target/test-dir/MiniOzoneClusterImpl-a56b3a23-5bf6-4b5b-a0fe-007206924a4e/ozone-meta/datanode-5/data-0/hdds of storage type : DISK capacity : 9223372036854775807
2024-04-26 07:43:41,645 [main] INFO  volume.MutableVolumeSet (MutableVolumeSet.java:initializeVolumeSet(173)) - Added Volume : /home/runner/work/ozone/ozone/hadoop-ozone/integration-test/target/test-dir/MiniOzoneClusterImpl-a56b3a23-5bf6-4b5b-a0fe-007206924a4e/ozone-meta/datanode-5/data-0/hdds to VolumeSet
2024-04-26 07:43:41,646 [main] INFO  volume.MutableVolumeSet (MutableVolumeSet.java:initializeVolumeSet(173)) - Added Volume : /home/runner/work/ozone/ozone/hadoop-ozone/integration-test/target/test-dir/MiniOzoneClusterImpl-a56b3a23-5bf6-4b5b-a0fe-007206924a4e/ozone-meta/datanode-5/ratis to VolumeSet
2024-04-26 07:43:41,647 [main] INFO  ozoneimpl.OzoneContainer (HddsVolumeUtil.java:loadAllHddsVolumeDbStore(103)) - Load 1 volumes DbStore cost: 0ms
2024-04-26 07:43:41,650 [main] INFO  server.RaftServer (ConfUtils.java:logGet(46)) - raft.rpc.type = GRPC (default)
2024-04-26 07:43:41,650 [main] INFO  grpc.GrpcConfigKeys (ConfUtils.java:logFallback(53)) - raft.grpc.admin.host = null (fallback to raft.grpc.server.host)
2024-04-26 07:43:41,651 [main] INFO  grpc.GrpcConfigKeys (ConfUtils.java:logGet(46)) - raft.grpc.admin.port = 15138 (custom)
2024-04-26 07:43:41,651 [main] INFO  grpc.GrpcConfigKeys (ConfUtils.java:logFallback(53)) - raft.grpc.client.host = null (fallback to raft.grpc.server.host)
2024-04-26 07:43:41,652 [main] INFO  grpc.GrpcConfigKeys (ConfUtils.java:logGet(46)) - raft.grpc.client.port = 15137 (custom)
2024-04-26 07:43:41,652 [main] INFO  grpc.GrpcConfigKeys (ConfUtils.java:logGet(46)) - raft.grpc.server.host = null (default)
2024-04-26 07:43:41,652 [main] INFO  grpc.GrpcConfigKeys (ConfUtils.java:logGet(46)) - raft.grpc.server.port = 15139 (custom)
2024-04-26 07:43:41,653 [main] INFO  server.GrpcService (ConfUtils.java:logGet(46)) - raft.grpc.message.size.max = 32MB (=33554432) (custom)
2024-04-26 07:43:41,653 [main] INFO  server.RaftServerConfigKeys (ConfUtils.java:logGet(46)) - raft.server.log.appender.buffer.byte-limit = 8388608 (custom)
2024-04-26 07:43:41,653 [main] INFO  server.GrpcService (ConfUtils.java:logGet(46)) - raft.grpc.flow.control.window = 5MB (=5242880) (custom)
2024-04-26 07:43:41,653 [main] INFO  server.RaftServerConfigKeys (ConfUtils.java:logGet(46)) - raft.server.rpc.request.timeout = 3000ms (default)
2024-04-26 07:43:41,654 [main] INFO  grpc.GrpcConfigKeys (ConfUtils.java:logGet(46)) - raft.grpc.server.heartbeat.channel = true (default)
2024-04-26 07:43:41,654 [main] INFO  grpc.GrpcConfigKeys (ConfUtils.java:logGet(46)) - raft.grpc.server.async.request.thread.pool.cached = true (default)
2024-04-26 07:43:41,654 [main] INFO  grpc.GrpcConfigKeys (ConfUtils.java:logGet(46)) - raft.grpc.server.async.request.thread.pool.size = 32 (default)
2024-04-26 07:43:41,656 [main] INFO  impl.DataStreamServerImpl (ConfUtils.java:logGet(46)) - raft.datastream.type = NETTY (custom)
2024-04-26 07:43:41,657 [main] INFO  server.RaftServerConfigKeys (ConfUtils.java:logGet(46)) - raft.server.data-stream.async.request.thread.pool.cached = false (default)
2024-04-26 07:43:41,657 [main] INFO  server.RaftServerConfigKeys (ConfUtils.java:logGet(46)) - raft.server.data-stream.async.request.thread.pool.size = 20 (custom)
2024-04-26 07:43:41,657 [main] INFO  server.RaftServerConfigKeys (ConfUtils.java:logGet(46)) - raft.server.data-stream.async.write.thread.pool.size = 16 (default)
2024-04-26 07:43:41,657 [main] INFO  netty.NettyConfigKeys$DataStream (ConfUtils.java:logGet(46)) - raft.netty.dataStream.server.channel.inactive.grace-period = 10min (default)
2024-04-26 07:43:41,657 [main] INFO  server.RaftServerConfigKeys (ConfUtils.java:logGet(46)) - raft.server.data-stream.client.pool.size = 10 (default)
2024-04-26 07:43:41,658 [main] INFO  netty.NettyConfigKeys$DataStream (ConfUtils.java:logGet(46)) - raft.netty.dataStream.server.use-epoll = true (default)
2024-04-26 07:43:41,658 [main] INFO  netty.NettyConfigKeys$DataStream (ConfUtils.java:logGet(46)) - raft.netty.dataStream.server.boss-group.size = 0 (default)
2024-04-26 07:43:41,658 [main] INFO  netty.NettyUtils (NettyUtils.java:newEventLoopGroup(69)) - Create EpollEventLoopGroup for 14d9c642-7495-4fc5-a0b1-a63fd7fd9772-NettyServerStreamRpc-bossGroup; Thread size is 0.
2024-04-26 07:43:41,658 [main] INFO  netty.NettyConfigKeys$DataStream (ConfUtils.java:logGet(46)) - raft.netty.dataStream.server.worker-group.size = 0 (default)
2024-04-26 07:43:41,658 [main] INFO  netty.NettyUtils (NettyUtils.java:newEventLoopGroup(69)) - Create EpollEventLoopGroup for 14d9c642-7495-4fc5-a0b1-a63fd7fd9772-NettyServerStreamRpc-workerGroup; Thread size is 0.
2024-04-26 07:43:41,659 [main] INFO  netty.NettyConfigKeys$DataStream (ConfUtils.java:logGet(46)) - raft.netty.dataStream.server.tls.conf = null (default)
2024-04-26 07:43:41,659 [main] INFO  netty.NettyConfigKeys$DataStream (ConfUtils.java:logGet(46)) - raft.netty.dataStream.host = null (default)
2024-04-26 07:43:41,659 [main] INFO  netty.NettyConfigKeys$DataStream (ConfUtils.java:logGet(46)) - raft.netty.dataStream.port = 15140 (custom)
2024-04-26 07:43:41,659 [main] INFO  server.RaftServerConfigKeys (ConfUtils.java:logGet(46)) - raft.server.sleep.deviation.threshold = 300ms (default)
2024-04-26 07:43:41,659 [main] INFO  server.RaftServerConfigKeys (ConfUtils.java:logGet(46)) - raft.server.close.threshold = 60s (default)
2024-04-26 07:43:41,660 [main] INFO  server.RaftServerConfigKeys (ConfUtils.java:logGet(46)) - raft.server.leaderelection.leader.step-down.wait-time = 10s (default)
2024-04-26 07:43:41,660 [main] INFO  server.RaftServerConfigKeys (ConfUtils.java:logGet(46)) - raft.server.storage.dir = [/home/runner/work/ozone/ozone/hadoop-ozone/integration-test/target/test-dir/MiniOzoneClusterImpl-a56b3a23-5bf6-4b5b-a0fe-007206924a4e/ozone-meta/datanode-5/ratis] (custom)
2024-04-26 07:43:41,660 [main] INFO  server.RaftServerConfigKeys (ConfUtils.java:logGet(46)) - raft.server.threadpool.proxy.cached = true (default)
2024-04-26 07:43:41,660 [main] INFO  server.RaftServerConfigKeys (ConfUtils.java:logGet(46)) - raft.server.threadpool.proxy.size = 0 (default)
2024-04-26 07:43:41,660 [14d9c642-7495-4fc5-a0b1-a63fd7fd9772-NettyServerStreamRpc-bossGroup--thread1] INFO  logging.LoggingHandler (AbstractInternalLogger.java:log(148)) - [id: 0xefd2f5c2] REGISTERED
2024-04-26 07:43:41,660 [14d9c642-7495-4fc5-a0b1-a63fd7fd9772-impl-thread1] INFO  server.RaftServer (RaftServerProxy.java:initGroupDir(264)) - 14d9c642-7495-4fc5-a0b1-a63fd7fd9772: found a subdirectory /home/runner/work/ozone/ozone/hadoop-ozone/integration-test/target/test-dir/MiniOzoneClusterImpl-a56b3a23-5bf6-4b5b-a0fe-007206924a4e/ozone-meta/datanode-5/ratis/tmp
2024-04-26 07:43:41,660 [14d9c642-7495-4fc5-a0b1-a63fd7fd9772-impl-thread1] INFO  server.RaftServer (RaftServerProxy.java:initGroupDir(269)) - 14d9c642-7495-4fc5-a0b1-a63fd7fd9772: The directory /home/runner/work/ozone/ozone/hadoop-ozone/integration-test/target/test-dir/MiniOzoneClusterImpl-a56b3a23-5bf6-4b5b-a0fe-007206924a4e/ozone-meta/datanode-5/ratis/tmp is not a group directory; ignoring it. 
2024-04-26 07:43:41,661 [14d9c642-7495-4fc5-a0b1-a63fd7fd9772-NettyServerStreamRpc-bossGroup--thread1] INFO  logging.LoggingHandler (AbstractInternalLogger.java:log(148)) - [id: 0xefd2f5c2] BIND: 0.0.0.0/0.0.0.0:15140
2024-04-26 07:43:41,661 [main] INFO  replication.ReplicationServer (ReplicationServer.java:<init>(86)) - Initializing replication server with thread count = 10 queue length = 4096
2024-04-26 07:43:41,661 [14d9c642-7495-4fc5-a0b1-a63fd7fd9772-NettyServerStreamRpc-bossGroup--thread1] INFO  logging.LoggingHandler (AbstractInternalLogger.java:log(148)) - [id: 0xefd2f5c2, L:/0.0.0.0:15140] ACTIVE
2024-04-26 07:43:41,662 [main] INFO  server.XceiverServerGrpc (XceiverServerGrpc.java:<init>(141)) - GrpcServer channel type EpollServerSocketChannel
2024-04-26 07:43:41,663 [main] INFO  replication.ReplicationSupervisor (ReplicationSupervisor.java:build(157)) - Initializing replication supervisor with thread count = 10
2024-04-26 07:43:41,663 [main] INFO  replication.ReplicationSupervisor (ReplicationSupervisor.java:nodeStateUpdated(312)) - Node state updated to IN_SERVICE, scaling executor pool size to 10
2024-04-26 07:43:41,664 [main] INFO  http.BaseHttpServer (BaseHttpServer.java:newHttpServer2BuilderForOzone(223)) - Starting Web-server for hddsDatanode at: http://0.0.0.0:15134
2024-04-26 07:43:41,664 [main] INFO  http.BaseHttpServer (BaseHttpServer.java:<init>(110)) - Hadoop Security Enabled: false Ozone Security Enabled: false Ozone HTTP Security Enabled: false 
2024-04-26 07:43:41,665 [main] WARN  server.AuthenticationFilter (AuthenticationFilter.java:constructSecretProvider(240)) - Unable to initialize FileSignerSecretProvider, falling back to use random secrets. Reason: Could not read signature secret file: /home/runner/hadoop-http-auth-signature-secret
2024-04-26 07:43:41,666 [main] INFO  http.HttpRequestLog (HttpRequestLog.java:getRequestLog(86)) - Http request log for http.requests.hddsDatanode is not defined
2024-04-26 07:43:41,667 [main] INFO  http.HttpServer2 (HttpServer2.java:addGlobalFilter(1036)) - Added global filter 'safety' (class=org.apache.hadoop.hdds.server.http.HttpServer2$QuotingInputFilter)
2024-04-26 07:43:41,668 [main] INFO  http.HttpServer2 (HttpServer2.java:addFilter(1012)) - Added filter static_user_filter (class=org.apache.hadoop.http.lib.StaticUserWebFilter$StaticUserFilter) to context hddsDatanode
2024-04-26 07:43:41,668 [main] INFO  http.HttpServer2 (HttpServer2.java:addFilter(1020)) - Added filter static_user_filter (class=org.apache.hadoop.http.lib.StaticUserWebFilter$StaticUserFilter) to context static
2024-04-26 07:43:41,668 [main] INFO  http.HttpServer2 (HttpServer2.java:addFilter(1020)) - Added filter static_user_filter (class=org.apache.hadoop.http.lib.StaticUserWebFilter$StaticUserFilter) to context logs
2024-04-26 07:43:41,668 [main] INFO  http.BaseHttpServer (BaseHttpServer.java:<init>(189)) - HTTP server of hddsDatanode uses base directory /home/runner/work/ozone/ozone/hadoop-ozone/integration-test/target/test-dir/MiniOzoneClusterImpl-a56b3a23-5bf6-4b5b-a0fe-007206924a4e/ozone-meta/datanode-5/meta/webserver
2024-04-26 07:43:41,669 [main] INFO  http.HttpServer2 (HttpServer2.java:bindListener(1236)) - Jetty bound to port 15134
2024-04-26 07:43:41,669 [main] INFO  server.Server (Server.java:doStart(375)) - jetty-9.4.53.v20231009; built: 2023-10-09T12:29:09.265Z; git: 27bde00a0b95a1d5bbee0eae7984f891d2d0f8c9; jvm 17.0.10+7
2024-04-26 07:43:41,674 [main] INFO  server.session (DefaultSessionIdManager.java:doStart(334)) - DefaultSessionIdManager workerName=node0
2024-04-26 07:43:41,674 [main] INFO  server.session (DefaultSessionIdManager.java:doStart(339)) - No SessionScavenger set, using defaults
2024-04-26 07:43:41,674 [main] INFO  server.session (HouseKeeper.java:startScavenging(132)) - node0 Scavenging every 660000ms
2024-04-26 07:43:41,677 [main] INFO  handler.ContextHandler (ContextHandler.java:doStart(921)) - Started o.e.j.s.ServletContextHandler@2fce34e4{logs,/logs,file:///home/runner/work/ozone/ozone/hadoop-ozone/integration-test/target/log,AVAILABLE}
2024-04-26 07:43:41,677 [main] INFO  handler.ContextHandler (ContextHandler.java:doStart(921)) - Started o.e.j.s.ServletContextHandler@677f0c19{static,/static,file:///home/runner/work/ozone/ozone/hadoop-hdds/container-service/target/classes/webapps/static,AVAILABLE}
2024-04-26 07:43:41,682 [main] INFO  handler.ContextHandler (ContextHandler.java:doStart(921)) - Started o.e.j.w.WebAppContext@5e583af4{hddsDatanode,/,file:///home/runner/work/ozone/ozone/hadoop-hdds/container-service/target/classes/webapps/hddsDatanode/,AVAILABLE}{file:/home/runner/work/ozone/ozone/hadoop-hdds/container-service/target/classes/webapps/hddsDatanode}
2024-04-26 07:43:41,682 [main] INFO  server.AbstractConnector (AbstractConnector.java:doStart(333)) - Started ServerConnector@2f357394{HTTP/1.1, (http/1.1)}{0.0.0.0:15134}
2024-04-26 07:43:41,682 [main] INFO  server.Server (Server.java:doStart(415)) - Started @45391ms
2024-04-26 07:43:41,682 [main] WARN  impl.MetricsSystemImpl (MetricsSystemImpl.java:register(279)) - Sink prometheus already exists!
2024-04-26 07:43:41,683 [main] INFO  http.BaseHttpServer (BaseHttpServer.java:updateConnectorAddress(354)) - HTTP server of hddsDatanode listening at http://0.0.0.0:15134
2024-04-26 07:43:41,684 [main] INFO  ipc.CallQueueManager (CallQueueManager.java:<init>(90)) - Using callQueue: class java.util.concurrent.LinkedBlockingQueue, queueCapacity: 100, scheduler: class org.apache.hadoop.ipc.DefaultRpcScheduler, ipcBackoff: false.
2024-04-26 07:43:41,690 [main] INFO  ipc.Server (Server.java:<init>(1287)) - Listener at 0.0.0.0:15135
2024-04-26 07:43:41,693 [Socket Reader #1 for port 15135] INFO  ipc.Server (Server.java:run(1323)) - Starting Socket Reader #1 for port 15135
2024-04-26 07:43:41,694 [main] INFO  ozone.HddsDatanodeService (HddsDatanodeService.java:start(327)) - Datanode start with admins: [runner]
2024-04-26 07:43:41,694 [main] INFO  ozone.HddsDatanodeClientProtocolServer (HddsDatanodeClientProtocolServer.java:start(77)) - RPC server for Client /0.0.0.0:15135
2024-04-26 07:43:41,694 [IPC Server Responder] INFO  ipc.Server (Server.java:run(1562)) - IPC Server Responder: starting
2024-04-26 07:43:41,694 [IPC Server listener on 15135] INFO  ipc.Server (Server.java:run(1402)) - IPC Server listener on 15135: starting
2024-04-26 07:43:41,697 [14d9c642-7495-4fc5-a0b1-a63fd7fd9772-DatanodeStateMachineDaemonThread] INFO  statemachine.DatanodeStateMachine (DatanodeStateMachine.java:lambda$startDaemon$1(555)) - Ozone container server started.
2024-04-26 07:43:41,697 [main] WARN  dropwizard3.Dm3MetricRegistriesImpl (Dm3MetricRegistriesImpl.java:addReporterRegistration(113)) - New reporters are added after registries were created. Some metrics will be missing from the reporter. Please add reporter before adding any new registry.
2024-04-26 07:43:41,697 [main] WARN  dropwizard3.Dm3MetricRegistriesImpl (Dm3MetricRegistriesImpl.java:addReporterRegistration(113)) - New reporters are added after registries were created. Some metrics will be missing from the reporter. Please add reporter before adding any new registry.
2024-04-26 07:43:41,697 [main] INFO  impl.MetricsSystemImpl (MetricsSystemImpl.java:init(158)) - HddsDatanode metrics system started (again)
2024-04-26 07:43:41,700 [14d9c642-7495-4fc5-a0b1-a63fd7fd9772-DatanodeStateMachineTaskThread-0] INFO  datanode.InitDatanodeState (InitDatanodeState.java:persistContainerDatanodeDetails(139)) - DatanodeDetails is persisted to /home/runner/work/ozone/ozone/hadoop-ozone/integration-test/target/test-dir/MiniOzoneClusterImpl-a56b3a23-5bf6-4b5b-a0fe-007206924a4e/ozone-meta/datanode-5/meta/datanode.id
2024-04-26 07:43:41,711 [main] INFO  ozone.HddsDatanodeService (HddsDatanodeService.java:start(240)) - HddsDatanodeService host:fv-az1107-628.5an5qfagtveezn4vzio0gr3jze.ex.internal.cloudapp.net ip:10.1.0.12
2024-04-26 07:43:41,725 [main] INFO  upgrade.AbstractLayoutVersionManager (AbstractLayoutVersionManager.java:init(83)) - Initializing Layout version manager with metadata layout = HADOOP_PRC_PORTS_IN_DATANODEDETAILS (version = 7), software layout = HADOOP_PRC_PORTS_IN_DATANODEDETAILS (version = 7)
2024-04-26 07:43:41,725 [main] INFO  statemachine.DatanodeStateMachine (DatanodeStateMachine.java:getEndPointTaskThreadPoolSize(299)) - Datanode State Machine Task Thread Pool size 2
2024-04-26 07:43:41,727 [main] INFO  volume.HddsVolume (HddsVolume.java:<init>(126)) - Creating HddsVolume: /home/runner/work/ozone/ozone/hadoop-ozone/integration-test/target/test-dir/MiniOzoneClusterImpl-a56b3a23-5bf6-4b5b-a0fe-007206924a4e/ozone-meta/datanode-6/data-0/hdds of storage type : DISK capacity : 9223372036854775807
2024-04-26 07:43:41,727 [main] INFO  volume.MutableVolumeSet (MutableVolumeSet.java:initializeVolumeSet(173)) - Added Volume : /home/runner/work/ozone/ozone/hadoop-ozone/integration-test/target/test-dir/MiniOzoneClusterImpl-a56b3a23-5bf6-4b5b-a0fe-007206924a4e/ozone-meta/datanode-6/data-0/hdds to VolumeSet
2024-04-26 07:43:41,728 [main] INFO  volume.MutableVolumeSet (MutableVolumeSet.java:initializeVolumeSet(173)) - Added Volume : /home/runner/work/ozone/ozone/hadoop-ozone/integration-test/target/test-dir/MiniOzoneClusterImpl-a56b3a23-5bf6-4b5b-a0fe-007206924a4e/ozone-meta/datanode-6/ratis to VolumeSet
2024-04-26 07:43:41,728 [main] INFO  ozoneimpl.OzoneContainer (HddsVolumeUtil.java:loadAllHddsVolumeDbStore(103)) - Load 1 volumes DbStore cost: 0ms
2024-04-26 07:43:41,731 [main] INFO  server.RaftServer (ConfUtils.java:logGet(46)) - raft.rpc.type = GRPC (default)
2024-04-26 07:43:41,732 [main] INFO  grpc.GrpcConfigKeys (ConfUtils.java:logFallback(53)) - raft.grpc.admin.host = null (fallback to raft.grpc.server.host)
2024-04-26 07:43:41,732 [main] INFO  grpc.GrpcConfigKeys (ConfUtils.java:logGet(46)) - raft.grpc.admin.port = 15147 (custom)
2024-04-26 07:43:41,733 [main] INFO  grpc.GrpcConfigKeys (ConfUtils.java:logFallback(53)) - raft.grpc.client.host = null (fallback to raft.grpc.server.host)
2024-04-26 07:43:41,733 [main] INFO  grpc.GrpcConfigKeys (ConfUtils.java:logGet(46)) - raft.grpc.client.port = 15146 (custom)
2024-04-26 07:43:41,734 [main] INFO  grpc.GrpcConfigKeys (ConfUtils.java:logGet(46)) - raft.grpc.server.host = null (default)
2024-04-26 07:43:41,734 [main] INFO  grpc.GrpcConfigKeys (ConfUtils.java:logGet(46)) - raft.grpc.server.port = 15148 (custom)
2024-04-26 07:43:41,734 [main] INFO  server.GrpcService (ConfUtils.java:logGet(46)) - raft.grpc.message.size.max = 32MB (=33554432) (custom)
2024-04-26 07:43:41,735 [main] INFO  server.RaftServerConfigKeys (ConfUtils.java:logGet(46)) - raft.server.log.appender.buffer.byte-limit = 8388608 (custom)
2024-04-26 07:43:41,735 [main] INFO  server.GrpcService (ConfUtils.java:logGet(46)) - raft.grpc.flow.control.window = 5MB (=5242880) (custom)
2024-04-26 07:43:41,736 [main] INFO  server.RaftServerConfigKeys (ConfUtils.java:logGet(46)) - raft.server.rpc.request.timeout = 3000ms (default)
2024-04-26 07:43:41,736 [main] INFO  grpc.GrpcConfigKeys (ConfUtils.java:logGet(46)) - raft.grpc.server.heartbeat.channel = true (default)
2024-04-26 07:43:41,736 [main] INFO  grpc.GrpcConfigKeys (ConfUtils.java:logGet(46)) - raft.grpc.server.async.request.thread.pool.cached = true (default)
2024-04-26 07:43:41,737 [main] INFO  grpc.GrpcConfigKeys (ConfUtils.java:logGet(46)) - raft.grpc.server.async.request.thread.pool.size = 32 (default)
2024-04-26 07:43:41,739 [main] INFO  impl.DataStreamServerImpl (ConfUtils.java:logGet(46)) - raft.datastream.type = NETTY (custom)
2024-04-26 07:43:41,740 [main] INFO  server.RaftServerConfigKeys (ConfUtils.java:logGet(46)) - raft.server.data-stream.async.request.thread.pool.cached = false (default)
2024-04-26 07:43:41,740 [main] INFO  server.RaftServerConfigKeys (ConfUtils.java:logGet(46)) - raft.server.data-stream.async.request.thread.pool.size = 20 (custom)
2024-04-26 07:43:41,741 [main] INFO  server.RaftServerConfigKeys (ConfUtils.java:logGet(46)) - raft.server.data-stream.async.write.thread.pool.size = 16 (default)
2024-04-26 07:43:41,741 [main] INFO  netty.NettyConfigKeys$DataStream (ConfUtils.java:logGet(46)) - raft.netty.dataStream.server.channel.inactive.grace-period = 10min (default)
2024-04-26 07:43:41,741 [main] INFO  server.RaftServerConfigKeys (ConfUtils.java:logGet(46)) - raft.server.data-stream.client.pool.size = 10 (default)
2024-04-26 07:43:41,741 [main] INFO  netty.NettyConfigKeys$DataStream (ConfUtils.java:logGet(46)) - raft.netty.dataStream.server.use-epoll = true (default)
2024-04-26 07:43:41,741 [main] INFO  netty.NettyConfigKeys$DataStream (ConfUtils.java:logGet(46)) - raft.netty.dataStream.server.boss-group.size = 0 (default)
2024-04-26 07:43:41,741 [main] INFO  netty.NettyUtils (NettyUtils.java:newEventLoopGroup(69)) - Create EpollEventLoopGroup for 2f58e8cd-28e0-414a-bc84-31490c64287f-NettyServerStreamRpc-bossGroup; Thread size is 0.
2024-04-26 07:43:41,742 [main] INFO  netty.NettyConfigKeys$DataStream (ConfUtils.java:logGet(46)) - raft.netty.dataStream.server.worker-group.size = 0 (default)
2024-04-26 07:43:41,742 [main] INFO  netty.NettyUtils (NettyUtils.java:newEventLoopGroup(69)) - Create EpollEventLoopGroup for 2f58e8cd-28e0-414a-bc84-31490c64287f-NettyServerStreamRpc-workerGroup; Thread size is 0.
2024-04-26 07:43:41,742 [main] INFO  netty.NettyConfigKeys$DataStream (ConfUtils.java:logGet(46)) - raft.netty.dataStream.server.tls.conf = null (default)
2024-04-26 07:43:41,742 [main] INFO  netty.NettyConfigKeys$DataStream (ConfUtils.java:logGet(46)) - raft.netty.dataStream.host = null (default)
2024-04-26 07:43:41,742 [main] INFO  netty.NettyConfigKeys$DataStream (ConfUtils.java:logGet(46)) - raft.netty.dataStream.port = 15149 (custom)
2024-04-26 07:43:41,743 [main] INFO  server.RaftServerConfigKeys (ConfUtils.java:logGet(46)) - raft.server.sleep.deviation.threshold = 300ms (default)
2024-04-26 07:43:41,743 [main] INFO  server.RaftServerConfigKeys (ConfUtils.java:logGet(46)) - raft.server.close.threshold = 60s (default)
2024-04-26 07:43:41,743 [main] INFO  server.RaftServerConfigKeys (ConfUtils.java:logGet(46)) - raft.server.leaderelection.leader.step-down.wait-time = 10s (default)
2024-04-26 07:43:41,744 [main] INFO  server.RaftServerConfigKeys (ConfUtils.java:logGet(46)) - raft.server.storage.dir = [/home/runner/work/ozone/ozone/hadoop-ozone/integration-test/target/test-dir/MiniOzoneClusterImpl-a56b3a23-5bf6-4b5b-a0fe-007206924a4e/ozone-meta/datanode-6/ratis] (custom)
2024-04-26 07:43:41,744 [main] INFO  server.RaftServerConfigKeys (ConfUtils.java:logGet(46)) - raft.server.threadpool.proxy.cached = true (default)
2024-04-26 07:43:41,744 [main] INFO  server.RaftServerConfigKeys (ConfUtils.java:logGet(46)) - raft.server.threadpool.proxy.size = 0 (default)
2024-04-26 07:43:41,744 [2f58e8cd-28e0-414a-bc84-31490c64287f-NettyServerStreamRpc-bossGroup--thread1] INFO  logging.LoggingHandler (AbstractInternalLogger.java:log(148)) - [id: 0xd31f4e9d] REGISTERED
2024-04-26 07:43:41,745 [2f58e8cd-28e0-414a-bc84-31490c64287f-NettyServerStreamRpc-bossGroup--thread1] INFO  logging.LoggingHandler (AbstractInternalLogger.java:log(148)) - [id: 0xd31f4e9d] BIND: 0.0.0.0/0.0.0.0:15149
2024-04-26 07:43:41,745 [2f58e8cd-28e0-414a-bc84-31490c64287f-NettyServerStreamRpc-bossGroup--thread1] INFO  logging.LoggingHandler (AbstractInternalLogger.java:log(148)) - [id: 0xd31f4e9d, L:/0.0.0.0:15149] ACTIVE
2024-04-26 07:43:41,749 [2f58e8cd-28e0-414a-bc84-31490c64287f-impl-thread1] INFO  server.RaftServer (RaftServerProxy.java:initGroupDir(264)) - 2f58e8cd-28e0-414a-bc84-31490c64287f: found a subdirectory /home/runner/work/ozone/ozone/hadoop-ozone/integration-test/target/test-dir/MiniOzoneClusterImpl-a56b3a23-5bf6-4b5b-a0fe-007206924a4e/ozone-meta/datanode-6/ratis/tmp
2024-04-26 07:43:41,749 [2f58e8cd-28e0-414a-bc84-31490c64287f-impl-thread1] INFO  server.RaftServer (RaftServerProxy.java:initGroupDir(269)) - 2f58e8cd-28e0-414a-bc84-31490c64287f: The directory /home/runner/work/ozone/ozone/hadoop-ozone/integration-test/target/test-dir/MiniOzoneClusterImpl-a56b3a23-5bf6-4b5b-a0fe-007206924a4e/ozone-meta/datanode-6/ratis/tmp is not a group directory; ignoring it. 
2024-04-26 07:43:41,749 [main] INFO  replication.ReplicationServer (ReplicationServer.java:<init>(86)) - Initializing replication server with thread count = 10 queue length = 4096
2024-04-26 07:43:41,750 [main] INFO  server.XceiverServerGrpc (XceiverServerGrpc.java:<init>(141)) - GrpcServer channel type EpollServerSocketChannel
2024-04-26 07:43:41,752 [main] INFO  replication.ReplicationSupervisor (ReplicationSupervisor.java:build(157)) - Initializing replication supervisor with thread count = 10
2024-04-26 07:43:41,752 [main] INFO  replication.ReplicationSupervisor (ReplicationSupervisor.java:nodeStateUpdated(312)) - Node state updated to IN_SERVICE, scaling executor pool size to 10
2024-04-26 07:43:41,757 [main] INFO  http.BaseHttpServer (BaseHttpServer.java:newHttpServer2BuilderForOzone(223)) - Starting Web-server for hddsDatanode at: http://0.0.0.0:15143
2024-04-26 07:43:41,758 [main] INFO  http.BaseHttpServer (BaseHttpServer.java:<init>(110)) - Hadoop Security Enabled: false Ozone Security Enabled: false Ozone HTTP Security Enabled: false 
2024-04-26 07:43:41,759 [main] WARN  server.AuthenticationFilter (AuthenticationFilter.java:constructSecretProvider(240)) - Unable to initialize FileSignerSecretProvider, falling back to use random secrets. Reason: Could not read signature secret file: /home/runner/hadoop-http-auth-signature-secret
2024-04-26 07:43:41,759 [main] INFO  http.HttpRequestLog (HttpRequestLog.java:getRequestLog(86)) - Http request log for http.requests.hddsDatanode is not defined
2024-04-26 07:43:41,761 [main] INFO  http.HttpServer2 (HttpServer2.java:addGlobalFilter(1036)) - Added global filter 'safety' (class=org.apache.hadoop.hdds.server.http.HttpServer2$QuotingInputFilter)
2024-04-26 07:43:41,761 [main] INFO  http.HttpServer2 (HttpServer2.java:addFilter(1012)) - Added filter static_user_filter (class=org.apache.hadoop.http.lib.StaticUserWebFilter$StaticUserFilter) to context hddsDatanode
2024-04-26 07:43:41,761 [main] INFO  http.HttpServer2 (HttpServer2.java:addFilter(1020)) - Added filter static_user_filter (class=org.apache.hadoop.http.lib.StaticUserWebFilter$StaticUserFilter) to context logs
2024-04-26 07:43:41,761 [main] INFO  http.HttpServer2 (HttpServer2.java:addFilter(1020)) - Added filter static_user_filter (class=org.apache.hadoop.http.lib.StaticUserWebFilter$StaticUserFilter) to context static
2024-04-26 07:43:41,762 [main] INFO  http.BaseHttpServer (BaseHttpServer.java:<init>(189)) - HTTP server of hddsDatanode uses base directory /home/runner/work/ozone/ozone/hadoop-ozone/integration-test/target/test-dir/MiniOzoneClusterImpl-a56b3a23-5bf6-4b5b-a0fe-007206924a4e/ozone-meta/datanode-6/meta/webserver
2024-04-26 07:43:41,762 [main] INFO  http.HttpServer2 (HttpServer2.java:bindListener(1236)) - Jetty bound to port 15143
2024-04-26 07:43:41,762 [main] INFO  server.Server (Server.java:doStart(375)) - jetty-9.4.53.v20231009; built: 2023-10-09T12:29:09.265Z; git: 27bde00a0b95a1d5bbee0eae7984f891d2d0f8c9; jvm 17.0.10+7
2024-04-26 07:43:41,781 [main] INFO  server.session (DefaultSessionIdManager.java:doStart(334)) - DefaultSessionIdManager workerName=node0
2024-04-26 07:43:41,781 [main] INFO  server.session (DefaultSessionIdManager.java:doStart(339)) - No SessionScavenger set, using defaults
2024-04-26 07:43:41,781 [main] INFO  server.session (HouseKeeper.java:startScavenging(132)) - node0 Scavenging every 600000ms
2024-04-26 07:43:41,784 [main] INFO  handler.ContextHandler (ContextHandler.java:doStart(921)) - Started o.e.j.s.ServletContextHandler@36d476c2{logs,/logs,file:///home/runner/work/ozone/ozone/hadoop-ozone/integration-test/target/log,AVAILABLE}
2024-04-26 07:43:41,785 [main] INFO  handler.ContextHandler (ContextHandler.java:doStart(921)) - Started o.e.j.s.ServletContextHandler@768cfd06{static,/static,file:///home/runner/work/ozone/ozone/hadoop-hdds/container-service/target/classes/webapps/static,AVAILABLE}
2024-04-26 07:43:41,789 [main] INFO  handler.ContextHandler (ContextHandler.java:doStart(921)) - Started o.e.j.w.WebAppContext@196f7dfd{hddsDatanode,/,file:///home/runner/work/ozone/ozone/hadoop-hdds/container-service/target/classes/webapps/hddsDatanode/,AVAILABLE}{file:/home/runner/work/ozone/ozone/hadoop-hdds/container-service/target/classes/webapps/hddsDatanode}
2024-04-26 07:43:41,790 [main] INFO  server.AbstractConnector (AbstractConnector.java:doStart(333)) - Started ServerConnector@221f7bf5{HTTP/1.1, (http/1.1)}{0.0.0.0:15143}
2024-04-26 07:43:41,791 [main] INFO  server.Server (Server.java:doStart(415)) - Started @45499ms
2024-04-26 07:43:41,791 [main] WARN  impl.MetricsSystemImpl (MetricsSystemImpl.java:register(279)) - Sink prometheus already exists!
2024-04-26 07:43:41,792 [main] INFO  http.BaseHttpServer (BaseHttpServer.java:updateConnectorAddress(354)) - HTTP server of hddsDatanode listening at http://0.0.0.0:15143
2024-04-26 07:43:41,793 [main] INFO  ipc.CallQueueManager (CallQueueManager.java:<init>(90)) - Using callQueue: class java.util.concurrent.LinkedBlockingQueue, queueCapacity: 100, scheduler: class org.apache.hadoop.ipc.DefaultRpcScheduler, ipcBackoff: false.
2024-04-26 07:43:41,793 [main] INFO  ipc.Server (Server.java:<init>(1287)) - Listener at 0.0.0.0:15144
2024-04-26 07:43:41,794 [Socket Reader #1 for port 15144] INFO  ipc.Server (Server.java:run(1323)) - Starting Socket Reader #1 for port 15144
2024-04-26 07:43:41,797 [main] INFO  ozone.HddsDatanodeService (HddsDatanodeService.java:start(327)) - Datanode start with admins: [runner]
2024-04-26 07:43:41,797 [main] INFO  ozone.HddsDatanodeClientProtocolServer (HddsDatanodeClientProtocolServer.java:start(77)) - RPC server for Client /0.0.0.0:15144
2024-04-26 07:43:41,798 [IPC Server listener on 15144] INFO  ipc.Server (Server.java:run(1402)) - IPC Server listener on 15144: starting
2024-04-26 07:43:41,798 [IPC Server Responder] INFO  ipc.Server (Server.java:run(1562)) - IPC Server Responder: starting
2024-04-26 07:43:41,799 [main] WARN  dropwizard3.Dm3MetricRegistriesImpl (Dm3MetricRegistriesImpl.java:addReporterRegistration(113)) - New reporters are added after registries were created. Some metrics will be missing from the reporter. Please add reporter before adding any new registry.
2024-04-26 07:43:41,799 [main] WARN  dropwizard3.Dm3MetricRegistriesImpl (Dm3MetricRegistriesImpl.java:addReporterRegistration(113)) - New reporters are added after registries were created. Some metrics will be missing from the reporter. Please add reporter before adding any new registry.
2024-04-26 07:43:41,799 [main] INFO  impl.MetricsSystemImpl (MetricsSystemImpl.java:init(158)) - HddsDatanode metrics system started (again)
2024-04-26 07:43:41,800 [2f58e8cd-28e0-414a-bc84-31490c64287f-DatanodeStateMachineDaemonThread] INFO  statemachine.DatanodeStateMachine (DatanodeStateMachine.java:lambda$startDaemon$1(555)) - Ozone container server started.
2024-04-26 07:43:41,808 [main] INFO  ozone.HddsDatanodeService (HddsDatanodeService.java:start(240)) - HddsDatanodeService host:fv-az1107-628.5an5qfagtveezn4vzio0gr3jze.ex.internal.cloudapp.net ip:10.1.0.12
2024-04-26 07:43:41,809 [2f58e8cd-28e0-414a-bc84-31490c64287f-DatanodeStateMachineTaskThread-0] INFO  datanode.InitDatanodeState (InitDatanodeState.java:persistContainerDatanodeDetails(139)) - DatanodeDetails is persisted to /home/runner/work/ozone/ozone/hadoop-ozone/integration-test/target/test-dir/MiniOzoneClusterImpl-a56b3a23-5bf6-4b5b-a0fe-007206924a4e/ozone-meta/datanode-6/meta/datanode.id
2024-04-26 07:43:41,823 [main] INFO  upgrade.AbstractLayoutVersionManager (AbstractLayoutVersionManager.java:init(83)) - Initializing Layout version manager with metadata layout = HADOOP_PRC_PORTS_IN_DATANODEDETAILS (version = 7), software layout = HADOOP_PRC_PORTS_IN_DATANODEDETAILS (version = 7)
2024-04-26 07:43:41,823 [main] INFO  statemachine.DatanodeStateMachine (DatanodeStateMachine.java:getEndPointTaskThreadPoolSize(299)) - Datanode State Machine Task Thread Pool size 2
2024-04-26 07:43:41,824 [main] INFO  volume.HddsVolume (HddsVolume.java:<init>(126)) - Creating HddsVolume: /home/runner/work/ozone/ozone/hadoop-ozone/integration-test/target/test-dir/MiniOzoneClusterImpl-a56b3a23-5bf6-4b5b-a0fe-007206924a4e/ozone-meta/datanode-7/data-0/hdds of storage type : DISK capacity : 9223372036854775807
2024-04-26 07:43:41,824 [main] INFO  volume.MutableVolumeSet (MutableVolumeSet.java:initializeVolumeSet(173)) - Added Volume : /home/runner/work/ozone/ozone/hadoop-ozone/integration-test/target/test-dir/MiniOzoneClusterImpl-a56b3a23-5bf6-4b5b-a0fe-007206924a4e/ozone-meta/datanode-7/data-0/hdds to VolumeSet
2024-04-26 07:43:41,825 [main] INFO  volume.MutableVolumeSet (MutableVolumeSet.java:initializeVolumeSet(173)) - Added Volume : /home/runner/work/ozone/ozone/hadoop-ozone/integration-test/target/test-dir/MiniOzoneClusterImpl-a56b3a23-5bf6-4b5b-a0fe-007206924a4e/ozone-meta/datanode-7/ratis to VolumeSet
2024-04-26 07:43:41,825 [main] INFO  ozoneimpl.OzoneContainer (HddsVolumeUtil.java:loadAllHddsVolumeDbStore(103)) - Load 1 volumes DbStore cost: 0ms
2024-04-26 07:43:41,827 [main] INFO  server.RaftServer (ConfUtils.java:logGet(46)) - raft.rpc.type = GRPC (default)
2024-04-26 07:43:41,827 [main] INFO  grpc.GrpcConfigKeys (ConfUtils.java:logFallback(53)) - raft.grpc.admin.host = null (fallback to raft.grpc.server.host)
2024-04-26 07:43:41,827 [main] INFO  grpc.GrpcConfigKeys (ConfUtils.java:logGet(46)) - raft.grpc.admin.port = 15156 (custom)
2024-04-26 07:43:41,828 [main] INFO  grpc.GrpcConfigKeys (ConfUtils.java:logFallback(53)) - raft.grpc.client.host = null (fallback to raft.grpc.server.host)
2024-04-26 07:43:41,828 [main] INFO  grpc.GrpcConfigKeys (ConfUtils.java:logGet(46)) - raft.grpc.client.port = 15155 (custom)
2024-04-26 07:43:41,828 [main] INFO  grpc.GrpcConfigKeys (ConfUtils.java:logGet(46)) - raft.grpc.server.host = null (default)
2024-04-26 07:43:41,828 [main] INFO  grpc.GrpcConfigKeys (ConfUtils.java:logGet(46)) - raft.grpc.server.port = 15157 (custom)
2024-04-26 07:43:41,828 [main] INFO  server.GrpcService (ConfUtils.java:logGet(46)) - raft.grpc.message.size.max = 32MB (=33554432) (custom)
2024-04-26 07:43:41,828 [main] INFO  server.RaftServerConfigKeys (ConfUtils.java:logGet(46)) - raft.server.log.appender.buffer.byte-limit = 8388608 (custom)
2024-04-26 07:43:41,828 [main] INFO  server.GrpcService (ConfUtils.java:logGet(46)) - raft.grpc.flow.control.window = 5MB (=5242880) (custom)
2024-04-26 07:43:41,828 [main] INFO  server.RaftServerConfigKeys (ConfUtils.java:logGet(46)) - raft.server.rpc.request.timeout = 3000ms (default)
2024-04-26 07:43:41,828 [main] INFO  grpc.GrpcConfigKeys (ConfUtils.java:logGet(46)) - raft.grpc.server.heartbeat.channel = true (default)
2024-04-26 07:43:41,828 [main] INFO  grpc.GrpcConfigKeys (ConfUtils.java:logGet(46)) - raft.grpc.server.async.request.thread.pool.cached = true (default)
2024-04-26 07:43:41,829 [main] INFO  grpc.GrpcConfigKeys (ConfUtils.java:logGet(46)) - raft.grpc.server.async.request.thread.pool.size = 32 (default)
2024-04-26 07:43:41,830 [main] INFO  impl.DataStreamServerImpl (ConfUtils.java:logGet(46)) - raft.datastream.type = NETTY (custom)
2024-04-26 07:43:41,831 [main] INFO  server.RaftServerConfigKeys (ConfUtils.java:logGet(46)) - raft.server.data-stream.async.request.thread.pool.cached = false (default)
2024-04-26 07:43:41,831 [main] INFO  server.RaftServerConfigKeys (ConfUtils.java:logGet(46)) - raft.server.data-stream.async.request.thread.pool.size = 20 (custom)
2024-04-26 07:43:41,831 [main] INFO  server.RaftServerConfigKeys (ConfUtils.java:logGet(46)) - raft.server.data-stream.async.write.thread.pool.size = 16 (default)
2024-04-26 07:43:41,831 [main] INFO  netty.NettyConfigKeys$DataStream (ConfUtils.java:logGet(46)) - raft.netty.dataStream.server.channel.inactive.grace-period = 10min (default)
2024-04-26 07:43:41,831 [main] INFO  server.RaftServerConfigKeys (ConfUtils.java:logGet(46)) - raft.server.data-stream.client.pool.size = 10 (default)
2024-04-26 07:43:41,831 [main] INFO  netty.NettyConfigKeys$DataStream (ConfUtils.java:logGet(46)) - raft.netty.dataStream.server.use-epoll = true (default)
2024-04-26 07:43:41,831 [main] INFO  netty.NettyConfigKeys$DataStream (ConfUtils.java:logGet(46)) - raft.netty.dataStream.server.boss-group.size = 0 (default)
2024-04-26 07:43:41,831 [main] INFO  netty.NettyUtils (NettyUtils.java:newEventLoopGroup(69)) - Create EpollEventLoopGroup for a0a780bc-4285-4c1f-be2a-f222fe59f73a-NettyServerStreamRpc-bossGroup; Thread size is 0.
2024-04-26 07:43:41,832 [main] INFO  netty.NettyConfigKeys$DataStream (ConfUtils.java:logGet(46)) - raft.netty.dataStream.server.worker-group.size = 0 (default)
2024-04-26 07:43:41,832 [main] INFO  netty.NettyUtils (NettyUtils.java:newEventLoopGroup(69)) - Create EpollEventLoopGroup for a0a780bc-4285-4c1f-be2a-f222fe59f73a-NettyServerStreamRpc-workerGroup; Thread size is 0.
2024-04-26 07:43:41,832 [main] INFO  netty.NettyConfigKeys$DataStream (ConfUtils.java:logGet(46)) - raft.netty.dataStream.server.tls.conf = null (default)
2024-04-26 07:43:41,832 [main] INFO  netty.NettyConfigKeys$DataStream (ConfUtils.java:logGet(46)) - raft.netty.dataStream.host = null (default)
2024-04-26 07:43:41,832 [main] INFO  netty.NettyConfigKeys$DataStream (ConfUtils.java:logGet(46)) - raft.netty.dataStream.port = 15158 (custom)
2024-04-26 07:43:41,833 [main] INFO  server.RaftServerConfigKeys (ConfUtils.java:logGet(46)) - raft.server.sleep.deviation.threshold = 300ms (default)
2024-04-26 07:43:41,833 [main] INFO  server.RaftServerConfigKeys (ConfUtils.java:logGet(46)) - raft.server.close.threshold = 60s (default)
2024-04-26 07:43:41,833 [main] INFO  server.RaftServerConfigKeys (ConfUtils.java:logGet(46)) - raft.server.leaderelection.leader.step-down.wait-time = 10s (default)
2024-04-26 07:43:41,833 [main] INFO  server.RaftServerConfigKeys (ConfUtils.java:logGet(46)) - raft.server.storage.dir = [/home/runner/work/ozone/ozone/hadoop-ozone/integration-test/target/test-dir/MiniOzoneClusterImpl-a56b3a23-5bf6-4b5b-a0fe-007206924a4e/ozone-meta/datanode-7/ratis] (custom)
2024-04-26 07:43:41,834 [main] INFO  server.RaftServerConfigKeys (ConfUtils.java:logGet(46)) - raft.server.threadpool.proxy.cached = true (default)
2024-04-26 07:43:41,834 [main] INFO  server.RaftServerConfigKeys (ConfUtils.java:logGet(46)) - raft.server.threadpool.proxy.size = 0 (default)
2024-04-26 07:43:41,834 [a0a780bc-4285-4c1f-be2a-f222fe59f73a-NettyServerStreamRpc-bossGroup--thread1] INFO  logging.LoggingHandler (AbstractInternalLogger.java:log(148)) - [id: 0x0ea22d93] REGISTERED
2024-04-26 07:43:41,834 [a0a780bc-4285-4c1f-be2a-f222fe59f73a-NettyServerStreamRpc-bossGroup--thread1] INFO  logging.LoggingHandler (AbstractInternalLogger.java:log(148)) - [id: 0x0ea22d93] BIND: 0.0.0.0/0.0.0.0:15158
2024-04-26 07:43:41,835 [a0a780bc-4285-4c1f-be2a-f222fe59f73a-NettyServerStreamRpc-bossGroup--thread1] INFO  logging.LoggingHandler (AbstractInternalLogger.java:log(148)) - [id: 0x0ea22d93, L:/0.0.0.0:15158] ACTIVE
2024-04-26 07:43:41,836 [a0a780bc-4285-4c1f-be2a-f222fe59f73a-impl-thread1] INFO  server.RaftServer (RaftServerProxy.java:initGroupDir(264)) - a0a780bc-4285-4c1f-be2a-f222fe59f73a: found a subdirectory /home/runner/work/ozone/ozone/hadoop-ozone/integration-test/target/test-dir/MiniOzoneClusterImpl-a56b3a23-5bf6-4b5b-a0fe-007206924a4e/ozone-meta/datanode-7/ratis/tmp
2024-04-26 07:43:41,837 [a0a780bc-4285-4c1f-be2a-f222fe59f73a-impl-thread1] INFO  server.RaftServer (RaftServerProxy.java:initGroupDir(269)) - a0a780bc-4285-4c1f-be2a-f222fe59f73a: The directory /home/runner/work/ozone/ozone/hadoop-ozone/integration-test/target/test-dir/MiniOzoneClusterImpl-a56b3a23-5bf6-4b5b-a0fe-007206924a4e/ozone-meta/datanode-7/ratis/tmp is not a group directory; ignoring it. 
2024-04-26 07:43:41,837 [main] INFO  replication.ReplicationServer (ReplicationServer.java:<init>(86)) - Initializing replication server with thread count = 10 queue length = 4096
2024-04-26 07:43:41,838 [main] INFO  server.XceiverServerGrpc (XceiverServerGrpc.java:<init>(141)) - GrpcServer channel type EpollServerSocketChannel
2024-04-26 07:43:41,839 [main] INFO  replication.ReplicationSupervisor (ReplicationSupervisor.java:build(157)) - Initializing replication supervisor with thread count = 10
2024-04-26 07:43:41,839 [main] INFO  replication.ReplicationSupervisor (ReplicationSupervisor.java:nodeStateUpdated(312)) - Node state updated to IN_SERVICE, scaling executor pool size to 10
2024-04-26 07:43:41,841 [main] INFO  http.BaseHttpServer (BaseHttpServer.java:newHttpServer2BuilderForOzone(223)) - Starting Web-server for hddsDatanode at: http://0.0.0.0:15152
2024-04-26 07:43:41,842 [main] INFO  http.BaseHttpServer (BaseHttpServer.java:<init>(110)) - Hadoop Security Enabled: false Ozone Security Enabled: false Ozone HTTP Security Enabled: false 
2024-04-26 07:43:41,842 [main] WARN  server.AuthenticationFilter (AuthenticationFilter.java:constructSecretProvider(240)) - Unable to initialize FileSignerSecretProvider, falling back to use random secrets. Reason: Could not read signature secret file: /home/runner/hadoop-http-auth-signature-secret
2024-04-26 07:43:41,843 [main] INFO  http.HttpRequestLog (HttpRequestLog.java:getRequestLog(86)) - Http request log for http.requests.hddsDatanode is not defined
2024-04-26 07:43:41,844 [main] INFO  http.HttpServer2 (HttpServer2.java:addGlobalFilter(1036)) - Added global filter 'safety' (class=org.apache.hadoop.hdds.server.http.HttpServer2$QuotingInputFilter)
2024-04-26 07:43:41,844 [main] INFO  http.HttpServer2 (HttpServer2.java:addFilter(1012)) - Added filter static_user_filter (class=org.apache.hadoop.http.lib.StaticUserWebFilter$StaticUserFilter) to context hddsDatanode
2024-04-26 07:43:41,845 [main] INFO  http.HttpServer2 (HttpServer2.java:addFilter(1020)) - Added filter static_user_filter (class=org.apache.hadoop.http.lib.StaticUserWebFilter$StaticUserFilter) to context logs
2024-04-26 07:43:41,845 [main] INFO  http.HttpServer2 (HttpServer2.java:addFilter(1020)) - Added filter static_user_filter (class=org.apache.hadoop.http.lib.StaticUserWebFilter$StaticUserFilter) to context static
2024-04-26 07:43:41,845 [main] INFO  http.BaseHttpServer (BaseHttpServer.java:<init>(189)) - HTTP server of hddsDatanode uses base directory /home/runner/work/ozone/ozone/hadoop-ozone/integration-test/target/test-dir/MiniOzoneClusterImpl-a56b3a23-5bf6-4b5b-a0fe-007206924a4e/ozone-meta/datanode-7/meta/webserver
2024-04-26 07:43:41,845 [main] INFO  http.HttpServer2 (HttpServer2.java:bindListener(1236)) - Jetty bound to port 15152
2024-04-26 07:43:41,846 [main] INFO  server.Server (Server.java:doStart(375)) - jetty-9.4.53.v20231009; built: 2023-10-09T12:29:09.265Z; git: 27bde00a0b95a1d5bbee0eae7984f891d2d0f8c9; jvm 17.0.10+7
2024-04-26 07:43:41,847 [main] INFO  server.session (DefaultSessionIdManager.java:doStart(334)) - DefaultSessionIdManager workerName=node0
2024-04-26 07:43:41,847 [main] INFO  server.session (DefaultSessionIdManager.java:doStart(339)) - No SessionScavenger set, using defaults
2024-04-26 07:43:41,847 [main] INFO  server.session (HouseKeeper.java:startScavenging(132)) - node0 Scavenging every 600000ms
2024-04-26 07:43:41,848 [main] INFO  handler.ContextHandler (ContextHandler.java:doStart(921)) - Started o.e.j.s.ServletContextHandler@3868468e{logs,/logs,file:///home/runner/work/ozone/ozone/hadoop-ozone/integration-test/target/log,AVAILABLE}
2024-04-26 07:43:41,848 [main] INFO  handler.ContextHandler (ContextHandler.java:doStart(921)) - Started o.e.j.s.ServletContextHandler@4f20ec7d{static,/static,file:///home/runner/work/ozone/ozone/hadoop-hdds/container-service/target/classes/webapps/static,AVAILABLE}
2024-04-26 07:43:41,852 [main] INFO  handler.ContextHandler (ContextHandler.java:doStart(921)) - Started o.e.j.w.WebAppContext@7382ec67{hddsDatanode,/,file:///home/runner/work/ozone/ozone/hadoop-hdds/container-service/target/classes/webapps/hddsDatanode/,AVAILABLE}{file:/home/runner/work/ozone/ozone/hadoop-hdds/container-service/target/classes/webapps/hddsDatanode}
2024-04-26 07:43:41,857 [main] INFO  server.AbstractConnector (AbstractConnector.java:doStart(333)) - Started ServerConnector@4d1f1b98{HTTP/1.1, (http/1.1)}{0.0.0.0:15152}
2024-04-26 07:43:41,857 [main] INFO  server.Server (Server.java:doStart(415)) - Started @45566ms
2024-04-26 07:43:41,857 [main] WARN  impl.MetricsSystemImpl (MetricsSystemImpl.java:register(279)) - Sink prometheus already exists!
2024-04-26 07:43:41,858 [main] INFO  http.BaseHttpServer (BaseHttpServer.java:updateConnectorAddress(354)) - HTTP server of hddsDatanode listening at http://0.0.0.0:15152
2024-04-26 07:43:41,858 [main] INFO  ipc.CallQueueManager (CallQueueManager.java:<init>(90)) - Using callQueue: class java.util.concurrent.LinkedBlockingQueue, queueCapacity: 100, scheduler: class org.apache.hadoop.ipc.DefaultRpcScheduler, ipcBackoff: false.
2024-04-26 07:43:41,859 [main] INFO  ipc.Server (Server.java:<init>(1287)) - Listener at 0.0.0.0:15153
2024-04-26 07:43:41,859 [Socket Reader #1 for port 15153] INFO  ipc.Server (Server.java:run(1323)) - Starting Socket Reader #1 for port 15153
2024-04-26 07:43:41,861 [main] INFO  ozone.HddsDatanodeService (HddsDatanodeService.java:start(327)) - Datanode start with admins: [runner]
2024-04-26 07:43:41,861 [main] INFO  ozone.HddsDatanodeClientProtocolServer (HddsDatanodeClientProtocolServer.java:start(77)) - RPC server for Client /0.0.0.0:15153
2024-04-26 07:43:41,861 [IPC Server Responder] INFO  ipc.Server (Server.java:run(1562)) - IPC Server Responder: starting
2024-04-26 07:43:41,861 [IPC Server listener on 15153] INFO  ipc.Server (Server.java:run(1402)) - IPC Server listener on 15153: starting
2024-04-26 07:43:41,862 [main] WARN  dropwizard3.Dm3MetricRegistriesImpl (Dm3MetricRegistriesImpl.java:addReporterRegistration(113)) - New reporters are added after registries were created. Some metrics will be missing from the reporter. Please add reporter before adding any new registry.
2024-04-26 07:43:41,862 [main] WARN  dropwizard3.Dm3MetricRegistriesImpl (Dm3MetricRegistriesImpl.java:addReporterRegistration(113)) - New reporters are added after registries were created. Some metrics will be missing from the reporter. Please add reporter before adding any new registry.
2024-04-26 07:43:41,862 [main] INFO  impl.MetricsSystemImpl (MetricsSystemImpl.java:init(158)) - HddsDatanode metrics system started (again)
2024-04-26 07:43:41,864 [a0a780bc-4285-4c1f-be2a-f222fe59f73a-DatanodeStateMachineDaemonThread] INFO  statemachine.DatanodeStateMachine (DatanodeStateMachine.java:lambda$startDaemon$1(555)) - Ozone container server started.
2024-04-26 07:43:41,871 [main] INFO  ozone.HddsDatanodeService (HddsDatanodeService.java:start(240)) - HddsDatanodeService host:fv-az1107-628.5an5qfagtveezn4vzio0gr3jze.ex.internal.cloudapp.net ip:10.1.0.12
2024-04-26 07:43:41,878 [a0a780bc-4285-4c1f-be2a-f222fe59f73a-DatanodeStateMachineTaskThread-0] INFO  datanode.InitDatanodeState (InitDatanodeState.java:persistContainerDatanodeDetails(139)) - DatanodeDetails is persisted to /home/runner/work/ozone/ozone/hadoop-ozone/integration-test/target/test-dir/MiniOzoneClusterImpl-a56b3a23-5bf6-4b5b-a0fe-007206924a4e/ozone-meta/datanode-7/meta/datanode.id
2024-04-26 07:43:41,888 [main] INFO  upgrade.AbstractLayoutVersionManager (AbstractLayoutVersionManager.java:init(83)) - Initializing Layout version manager with metadata layout = HADOOP_PRC_PORTS_IN_DATANODEDETAILS (version = 7), software layout = HADOOP_PRC_PORTS_IN_DATANODEDETAILS (version = 7)
2024-04-26 07:43:41,889 [main] INFO  statemachine.DatanodeStateMachine (DatanodeStateMachine.java:getEndPointTaskThreadPoolSize(299)) - Datanode State Machine Task Thread Pool size 2
2024-04-26 07:43:41,890 [main] INFO  volume.HddsVolume (HddsVolume.java:<init>(126)) - Creating HddsVolume: /home/runner/work/ozone/ozone/hadoop-ozone/integration-test/target/test-dir/MiniOzoneClusterImpl-a56b3a23-5bf6-4b5b-a0fe-007206924a4e/ozone-meta/datanode-8/data-0/hdds of storage type : DISK capacity : 9223372036854775807
2024-04-26 07:43:41,890 [main] INFO  volume.MutableVolumeSet (MutableVolumeSet.java:initializeVolumeSet(173)) - Added Volume : /home/runner/work/ozone/ozone/hadoop-ozone/integration-test/target/test-dir/MiniOzoneClusterImpl-a56b3a23-5bf6-4b5b-a0fe-007206924a4e/ozone-meta/datanode-8/data-0/hdds to VolumeSet
2024-04-26 07:43:41,891 [main] INFO  volume.MutableVolumeSet (MutableVolumeSet.java:initializeVolumeSet(173)) - Added Volume : /home/runner/work/ozone/ozone/hadoop-ozone/integration-test/target/test-dir/MiniOzoneClusterImpl-a56b3a23-5bf6-4b5b-a0fe-007206924a4e/ozone-meta/datanode-8/ratis to VolumeSet
2024-04-26 07:43:41,891 [main] INFO  ozoneimpl.OzoneContainer (HddsVolumeUtil.java:loadAllHddsVolumeDbStore(103)) - Load 1 volumes DbStore cost: 0ms
2024-04-26 07:43:41,893 [main] INFO  server.RaftServer (ConfUtils.java:logGet(46)) - raft.rpc.type = GRPC (default)
2024-04-26 07:43:41,894 [main] INFO  grpc.GrpcConfigKeys (ConfUtils.java:logFallback(53)) - raft.grpc.admin.host = null (fallback to raft.grpc.server.host)
2024-04-26 07:43:41,894 [main] INFO  grpc.GrpcConfigKeys (ConfUtils.java:logGet(46)) - raft.grpc.admin.port = 15165 (custom)
2024-04-26 07:43:41,894 [main] INFO  grpc.GrpcConfigKeys (ConfUtils.java:logFallback(53)) - raft.grpc.client.host = null (fallback to raft.grpc.server.host)
2024-04-26 07:43:41,894 [main] INFO  grpc.GrpcConfigKeys (ConfUtils.java:logGet(46)) - raft.grpc.client.port = 15164 (custom)
2024-04-26 07:43:41,894 [main] INFO  grpc.GrpcConfigKeys (ConfUtils.java:logGet(46)) - raft.grpc.server.host = null (default)
2024-04-26 07:43:41,894 [main] INFO  grpc.GrpcConfigKeys (ConfUtils.java:logGet(46)) - raft.grpc.server.port = 15166 (custom)
2024-04-26 07:43:41,894 [main] INFO  server.GrpcService (ConfUtils.java:logGet(46)) - raft.grpc.message.size.max = 32MB (=33554432) (custom)
2024-04-26 07:43:41,894 [main] INFO  server.RaftServerConfigKeys (ConfUtils.java:logGet(46)) - raft.server.log.appender.buffer.byte-limit = 8388608 (custom)
2024-04-26 07:43:41,894 [main] INFO  server.GrpcService (ConfUtils.java:logGet(46)) - raft.grpc.flow.control.window = 5MB (=5242880) (custom)
2024-04-26 07:43:41,895 [main] INFO  server.RaftServerConfigKeys (ConfUtils.java:logGet(46)) - raft.server.rpc.request.timeout = 3000ms (default)
2024-04-26 07:43:41,895 [main] INFO  grpc.GrpcConfigKeys (ConfUtils.java:logGet(46)) - raft.grpc.server.heartbeat.channel = true (default)
2024-04-26 07:43:41,895 [main] INFO  grpc.GrpcConfigKeys (ConfUtils.java:logGet(46)) - raft.grpc.server.async.request.thread.pool.cached = true (default)
2024-04-26 07:43:41,895 [main] INFO  grpc.GrpcConfigKeys (ConfUtils.java:logGet(46)) - raft.grpc.server.async.request.thread.pool.size = 32 (default)
2024-04-26 07:43:41,896 [main] INFO  impl.DataStreamServerImpl (ConfUtils.java:logGet(46)) - raft.datastream.type = NETTY (custom)
2024-04-26 07:43:41,897 [main] INFO  server.RaftServerConfigKeys (ConfUtils.java:logGet(46)) - raft.server.data-stream.async.request.thread.pool.cached = false (default)
2024-04-26 07:43:41,897 [main] INFO  server.RaftServerConfigKeys (ConfUtils.java:logGet(46)) - raft.server.data-stream.async.request.thread.pool.size = 20 (custom)
2024-04-26 07:43:41,897 [main] INFO  server.RaftServerConfigKeys (ConfUtils.java:logGet(46)) - raft.server.data-stream.async.write.thread.pool.size = 16 (default)
2024-04-26 07:43:41,897 [main] INFO  netty.NettyConfigKeys$DataStream (ConfUtils.java:logGet(46)) - raft.netty.dataStream.server.channel.inactive.grace-period = 10min (default)
2024-04-26 07:43:41,897 [main] INFO  server.RaftServerConfigKeys (ConfUtils.java:logGet(46)) - raft.server.data-stream.client.pool.size = 10 (default)
2024-04-26 07:43:41,897 [main] INFO  netty.NettyConfigKeys$DataStream (ConfUtils.java:logGet(46)) - raft.netty.dataStream.server.use-epoll = true (default)
2024-04-26 07:43:41,897 [main] INFO  netty.NettyConfigKeys$DataStream (ConfUtils.java:logGet(46)) - raft.netty.dataStream.server.boss-group.size = 0 (default)
2024-04-26 07:43:41,897 [main] INFO  netty.NettyUtils (NettyUtils.java:newEventLoopGroup(69)) - Create EpollEventLoopGroup for fc9979d5-d948-4828-9511-0e4a1771ac5f-NettyServerStreamRpc-bossGroup; Thread size is 0.
2024-04-26 07:43:41,898 [main] INFO  netty.NettyConfigKeys$DataStream (ConfUtils.java:logGet(46)) - raft.netty.dataStream.server.worker-group.size = 0 (default)
2024-04-26 07:43:41,898 [main] INFO  netty.NettyUtils (NettyUtils.java:newEventLoopGroup(69)) - Create EpollEventLoopGroup for fc9979d5-d948-4828-9511-0e4a1771ac5f-NettyServerStreamRpc-workerGroup; Thread size is 0.
2024-04-26 07:43:41,898 [main] INFO  netty.NettyConfigKeys$DataStream (ConfUtils.java:logGet(46)) - raft.netty.dataStream.server.tls.conf = null (default)
2024-04-26 07:43:41,898 [main] INFO  netty.NettyConfigKeys$DataStream (ConfUtils.java:logGet(46)) - raft.netty.dataStream.host = null (default)
2024-04-26 07:43:41,898 [main] INFO  netty.NettyConfigKeys$DataStream (ConfUtils.java:logGet(46)) - raft.netty.dataStream.port = 15167 (custom)
2024-04-26 07:43:41,899 [main] INFO  server.RaftServerConfigKeys (ConfUtils.java:logGet(46)) - raft.server.sleep.deviation.threshold = 300ms (default)
2024-04-26 07:43:41,899 [main] INFO  server.RaftServerConfigKeys (ConfUtils.java:logGet(46)) - raft.server.close.threshold = 60s (default)
2024-04-26 07:43:41,899 [main] INFO  server.RaftServerConfigKeys (ConfUtils.java:logGet(46)) - raft.server.leaderelection.leader.step-down.wait-time = 10s (default)
2024-04-26 07:43:41,899 [fc9979d5-d948-4828-9511-0e4a1771ac5f-NettyServerStreamRpc-bossGroup--thread1] INFO  logging.LoggingHandler (AbstractInternalLogger.java:log(148)) - [id: 0x64f6bd8f] REGISTERED
2024-04-26 07:43:41,899 [main] INFO  server.RaftServerConfigKeys (ConfUtils.java:logGet(46)) - raft.server.storage.dir = [/home/runner/work/ozone/ozone/hadoop-ozone/integration-test/target/test-dir/MiniOzoneClusterImpl-a56b3a23-5bf6-4b5b-a0fe-007206924a4e/ozone-meta/datanode-8/ratis] (custom)
2024-04-26 07:43:41,900 [fc9979d5-d948-4828-9511-0e4a1771ac5f-NettyServerStreamRpc-bossGroup--thread1] INFO  logging.LoggingHandler (AbstractInternalLogger.java:log(148)) - [id: 0x64f6bd8f] BIND: 0.0.0.0/0.0.0.0:15167
2024-04-26 07:43:41,900 [fc9979d5-d948-4828-9511-0e4a1771ac5f-NettyServerStreamRpc-bossGroup--thread1] INFO  logging.LoggingHandler (AbstractInternalLogger.java:log(148)) - [id: 0x64f6bd8f, L:/0.0.0.0:15167] ACTIVE
2024-04-26 07:43:41,900 [main] INFO  server.RaftServerConfigKeys (ConfUtils.java:logGet(46)) - raft.server.threadpool.proxy.cached = true (default)
2024-04-26 07:43:41,901 [main] INFO  server.RaftServerConfigKeys (ConfUtils.java:logGet(46)) - raft.server.threadpool.proxy.size = 0 (default)
2024-04-26 07:43:41,901 [fc9979d5-d948-4828-9511-0e4a1771ac5f-impl-thread1] INFO  server.RaftServer (RaftServerProxy.java:initGroupDir(264)) - fc9979d5-d948-4828-9511-0e4a1771ac5f: found a subdirectory /home/runner/work/ozone/ozone/hadoop-ozone/integration-test/target/test-dir/MiniOzoneClusterImpl-a56b3a23-5bf6-4b5b-a0fe-007206924a4e/ozone-meta/datanode-8/ratis/tmp
2024-04-26 07:43:41,901 [fc9979d5-d948-4828-9511-0e4a1771ac5f-impl-thread1] INFO  server.RaftServer (RaftServerProxy.java:initGroupDir(269)) - fc9979d5-d948-4828-9511-0e4a1771ac5f: The directory /home/runner/work/ozone/ozone/hadoop-ozone/integration-test/target/test-dir/MiniOzoneClusterImpl-a56b3a23-5bf6-4b5b-a0fe-007206924a4e/ozone-meta/datanode-8/ratis/tmp is not a group directory; ignoring it. 
2024-04-26 07:43:41,901 [main] INFO  replication.ReplicationServer (ReplicationServer.java:<init>(86)) - Initializing replication server with thread count = 10 queue length = 4096
2024-04-26 07:43:41,902 [main] INFO  server.XceiverServerGrpc (XceiverServerGrpc.java:<init>(141)) - GrpcServer channel type EpollServerSocketChannel
2024-04-26 07:43:41,904 [main] INFO  replication.ReplicationSupervisor (ReplicationSupervisor.java:build(157)) - Initializing replication supervisor with thread count = 10
2024-04-26 07:43:41,904 [main] INFO  replication.ReplicationSupervisor (ReplicationSupervisor.java:nodeStateUpdated(312)) - Node state updated to IN_SERVICE, scaling executor pool size to 10
2024-04-26 07:43:41,905 [main] INFO  http.BaseHttpServer (BaseHttpServer.java:newHttpServer2BuilderForOzone(223)) - Starting Web-server for hddsDatanode at: http://0.0.0.0:15161
2024-04-26 07:43:41,905 [main] INFO  http.BaseHttpServer (BaseHttpServer.java:<init>(110)) - Hadoop Security Enabled: false Ozone Security Enabled: false Ozone HTTP Security Enabled: false 
2024-04-26 07:43:41,907 [main] WARN  server.AuthenticationFilter (AuthenticationFilter.java:constructSecretProvider(240)) - Unable to initialize FileSignerSecretProvider, falling back to use random secrets. Reason: Could not read signature secret file: /home/runner/hadoop-http-auth-signature-secret
2024-04-26 07:43:41,907 [main] INFO  http.HttpRequestLog (HttpRequestLog.java:getRequestLog(86)) - Http request log for http.requests.hddsDatanode is not defined
2024-04-26 07:43:41,909 [main] INFO  http.HttpServer2 (HttpServer2.java:addGlobalFilter(1036)) - Added global filter 'safety' (class=org.apache.hadoop.hdds.server.http.HttpServer2$QuotingInputFilter)
2024-04-26 07:43:41,910 [main] INFO  http.HttpServer2 (HttpServer2.java:addFilter(1012)) - Added filter static_user_filter (class=org.apache.hadoop.http.lib.StaticUserWebFilter$StaticUserFilter) to context hddsDatanode
2024-04-26 07:43:41,910 [main] INFO  http.HttpServer2 (HttpServer2.java:addFilter(1020)) - Added filter static_user_filter (class=org.apache.hadoop.http.lib.StaticUserWebFilter$StaticUserFilter) to context static
2024-04-26 07:43:41,910 [main] INFO  http.HttpServer2 (HttpServer2.java:addFilter(1020)) - Added filter static_user_filter (class=org.apache.hadoop.http.lib.StaticUserWebFilter$StaticUserFilter) to context logs
2024-04-26 07:43:41,911 [main] INFO  http.BaseHttpServer (BaseHttpServer.java:<init>(189)) - HTTP server of hddsDatanode uses base directory /home/runner/work/ozone/ozone/hadoop-ozone/integration-test/target/test-dir/MiniOzoneClusterImpl-a56b3a23-5bf6-4b5b-a0fe-007206924a4e/ozone-meta/datanode-8/meta/webserver
2024-04-26 07:43:41,911 [main] INFO  http.HttpServer2 (HttpServer2.java:bindListener(1236)) - Jetty bound to port 15161
2024-04-26 07:43:41,911 [main] INFO  server.Server (Server.java:doStart(375)) - jetty-9.4.53.v20231009; built: 2023-10-09T12:29:09.265Z; git: 27bde00a0b95a1d5bbee0eae7984f891d2d0f8c9; jvm 17.0.10+7
2024-04-26 07:43:41,912 [main] INFO  server.session (DefaultSessionIdManager.java:doStart(334)) - DefaultSessionIdManager workerName=node0
2024-04-26 07:43:41,912 [main] INFO  server.session (DefaultSessionIdManager.java:doStart(339)) - No SessionScavenger set, using defaults
2024-04-26 07:43:41,913 [main] INFO  server.session (HouseKeeper.java:startScavenging(132)) - node0 Scavenging every 600000ms
2024-04-26 07:43:41,913 [main] INFO  handler.ContextHandler (ContextHandler.java:doStart(921)) - Started o.e.j.s.ServletContextHandler@448f656{logs,/logs,file:///home/runner/work/ozone/ozone/hadoop-ozone/integration-test/target/log,AVAILABLE}
2024-04-26 07:43:41,914 [main] INFO  handler.ContextHandler (ContextHandler.java:doStart(921)) - Started o.e.j.s.ServletContextHandler@1ac7ec0e{static,/static,file:///home/runner/work/ozone/ozone/hadoop-hdds/container-service/target/classes/webapps/static,AVAILABLE}
2024-04-26 07:43:41,918 [main] INFO  handler.ContextHandler (ContextHandler.java:doStart(921)) - Started o.e.j.w.WebAppContext@912756d{hddsDatanode,/,file:///home/runner/work/ozone/ozone/hadoop-hdds/container-service/target/classes/webapps/hddsDatanode/,AVAILABLE}{file:/home/runner/work/ozone/ozone/hadoop-hdds/container-service/target/classes/webapps/hddsDatanode}
2024-04-26 07:43:41,919 [main] INFO  server.AbstractConnector (AbstractConnector.java:doStart(333)) - Started ServerConnector@6561629{HTTP/1.1, (http/1.1)}{0.0.0.0:15161}
2024-04-26 07:43:41,919 [main] INFO  server.Server (Server.java:doStart(415)) - Started @45628ms
2024-04-26 07:43:41,919 [main] WARN  impl.MetricsSystemImpl (MetricsSystemImpl.java:register(279)) - Sink prometheus already exists!
2024-04-26 07:43:41,920 [main] INFO  http.BaseHttpServer (BaseHttpServer.java:updateConnectorAddress(354)) - HTTP server of hddsDatanode listening at http://0.0.0.0:15161
2024-04-26 07:43:41,921 [main] INFO  ipc.CallQueueManager (CallQueueManager.java:<init>(90)) - Using callQueue: class java.util.concurrent.LinkedBlockingQueue, queueCapacity: 100, scheduler: class org.apache.hadoop.ipc.DefaultRpcScheduler, ipcBackoff: false.
2024-04-26 07:43:41,921 [main] INFO  ipc.Server (Server.java:<init>(1287)) - Listener at 0.0.0.0:15162
2024-04-26 07:43:41,922 [Socket Reader #1 for port 15162] INFO  ipc.Server (Server.java:run(1323)) - Starting Socket Reader #1 for port 15162
2024-04-26 07:43:41,923 [main] INFO  ozone.HddsDatanodeService (HddsDatanodeService.java:start(327)) - Datanode start with admins: [runner]
2024-04-26 07:43:41,923 [main] INFO  ozone.HddsDatanodeClientProtocolServer (HddsDatanodeClientProtocolServer.java:start(77)) - RPC server for Client /0.0.0.0:15162
2024-04-26 07:43:41,924 [IPC Server Responder] INFO  ipc.Server (Server.java:run(1562)) - IPC Server Responder: starting
2024-04-26 07:43:41,924 [IPC Server listener on 15162] INFO  ipc.Server (Server.java:run(1402)) - IPC Server listener on 15162: starting
2024-04-26 07:43:41,924 [fc9979d5-d948-4828-9511-0e4a1771ac5f-DatanodeStateMachineDaemonThread] INFO  statemachine.DatanodeStateMachine (DatanodeStateMachine.java:lambda$startDaemon$1(555)) - Ozone container server started.
2024-04-26 07:43:41,925 [main] WARN  dropwizard3.Dm3MetricRegistriesImpl (Dm3MetricRegistriesImpl.java:addReporterRegistration(113)) - New reporters are added after registries were created. Some metrics will be missing from the reporter. Please add reporter before adding any new registry.
2024-04-26 07:43:41,925 [main] WARN  dropwizard3.Dm3MetricRegistriesImpl (Dm3MetricRegistriesImpl.java:addReporterRegistration(113)) - New reporters are added after registries were created. Some metrics will be missing from the reporter. Please add reporter before adding any new registry.
2024-04-26 07:43:41,925 [main] INFO  impl.MetricsSystemImpl (MetricsSystemImpl.java:init(158)) - HddsDatanode metrics system started (again)
2024-04-26 07:43:41,928 [fc9979d5-d948-4828-9511-0e4a1771ac5f-DatanodeStateMachineTaskThread-0] INFO  datanode.InitDatanodeState (InitDatanodeState.java:persistContainerDatanodeDetails(139)) - DatanodeDetails is persisted to /home/runner/work/ozone/ozone/hadoop-ozone/integration-test/target/test-dir/MiniOzoneClusterImpl-a56b3a23-5bf6-4b5b-a0fe-007206924a4e/ozone-meta/datanode-8/meta/datanode.id
2024-04-26 07:43:41,934 [main] INFO  ozone.HddsDatanodeService (HddsDatanodeService.java:start(240)) - HddsDatanodeService host:fv-az1107-628.5an5qfagtveezn4vzio0gr3jze.ex.internal.cloudapp.net ip:10.1.0.12
2024-04-26 07:43:41,948 [main] INFO  upgrade.AbstractLayoutVersionManager (AbstractLayoutVersionManager.java:init(83)) - Initializing Layout version manager with metadata layout = HADOOP_PRC_PORTS_IN_DATANODEDETAILS (version = 7), software layout = HADOOP_PRC_PORTS_IN_DATANODEDETAILS (version = 7)
2024-04-26 07:43:41,949 [main] INFO  statemachine.DatanodeStateMachine (DatanodeStateMachine.java:getEndPointTaskThreadPoolSize(299)) - Datanode State Machine Task Thread Pool size 2
2024-04-26 07:43:41,950 [main] INFO  volume.HddsVolume (HddsVolume.java:<init>(126)) - Creating HddsVolume: /home/runner/work/ozone/ozone/hadoop-ozone/integration-test/target/test-dir/MiniOzoneClusterImpl-a56b3a23-5bf6-4b5b-a0fe-007206924a4e/ozone-meta/datanode-9/data-0/hdds of storage type : DISK capacity : 9223372036854775807
2024-04-26 07:43:41,950 [main] INFO  volume.MutableVolumeSet (MutableVolumeSet.java:initializeVolumeSet(173)) - Added Volume : /home/runner/work/ozone/ozone/hadoop-ozone/integration-test/target/test-dir/MiniOzoneClusterImpl-a56b3a23-5bf6-4b5b-a0fe-007206924a4e/ozone-meta/datanode-9/data-0/hdds to VolumeSet
2024-04-26 07:43:41,951 [main] INFO  volume.MutableVolumeSet (MutableVolumeSet.java:initializeVolumeSet(173)) - Added Volume : /home/runner/work/ozone/ozone/hadoop-ozone/integration-test/target/test-dir/MiniOzoneClusterImpl-a56b3a23-5bf6-4b5b-a0fe-007206924a4e/ozone-meta/datanode-9/ratis to VolumeSet
2024-04-26 07:43:41,952 [main] INFO  ozoneimpl.OzoneContainer (HddsVolumeUtil.java:loadAllHddsVolumeDbStore(103)) - Load 1 volumes DbStore cost: 0ms
2024-04-26 07:43:41,954 [main] INFO  server.RaftServer (ConfUtils.java:logGet(46)) - raft.rpc.type = GRPC (default)
2024-04-26 07:43:41,955 [main] INFO  grpc.GrpcConfigKeys (ConfUtils.java:logFallback(53)) - raft.grpc.admin.host = null (fallback to raft.grpc.server.host)
2024-04-26 07:43:41,955 [main] INFO  grpc.GrpcConfigKeys (ConfUtils.java:logGet(46)) - raft.grpc.admin.port = 15174 (custom)
2024-04-26 07:43:41,955 [main] INFO  grpc.GrpcConfigKeys (ConfUtils.java:logFallback(53)) - raft.grpc.client.host = null (fallback to raft.grpc.server.host)
2024-04-26 07:43:41,956 [main] INFO  grpc.GrpcConfigKeys (ConfUtils.java:logGet(46)) - raft.grpc.client.port = 15173 (custom)
2024-04-26 07:43:41,956 [main] INFO  grpc.GrpcConfigKeys (ConfUtils.java:logGet(46)) - raft.grpc.server.host = null (default)
2024-04-26 07:43:41,957 [main] INFO  grpc.GrpcConfigKeys (ConfUtils.java:logGet(46)) - raft.grpc.server.port = 15175 (custom)
2024-04-26 07:43:41,957 [main] INFO  server.GrpcService (ConfUtils.java:logGet(46)) - raft.grpc.message.size.max = 32MB (=33554432) (custom)
2024-04-26 07:43:41,957 [main] INFO  server.RaftServerConfigKeys (ConfUtils.java:logGet(46)) - raft.server.log.appender.buffer.byte-limit = 8388608 (custom)
2024-04-26 07:43:41,958 [main] INFO  server.GrpcService (ConfUtils.java:logGet(46)) - raft.grpc.flow.control.window = 5MB (=5242880) (custom)
2024-04-26 07:43:41,958 [main] INFO  server.RaftServerConfigKeys (ConfUtils.java:logGet(46)) - raft.server.rpc.request.timeout = 3000ms (default)
2024-04-26 07:43:41,959 [main] INFO  grpc.GrpcConfigKeys (ConfUtils.java:logGet(46)) - raft.grpc.server.heartbeat.channel = true (default)
2024-04-26 07:43:41,959 [main] INFO  grpc.GrpcConfigKeys (ConfUtils.java:logGet(46)) - raft.grpc.server.async.request.thread.pool.cached = true (default)
2024-04-26 07:43:41,959 [main] INFO  grpc.GrpcConfigKeys (ConfUtils.java:logGet(46)) - raft.grpc.server.async.request.thread.pool.size = 32 (default)
2024-04-26 07:43:41,962 [main] INFO  impl.DataStreamServerImpl (ConfUtils.java:logGet(46)) - raft.datastream.type = NETTY (custom)
2024-04-26 07:43:41,963 [main] INFO  server.RaftServerConfigKeys (ConfUtils.java:logGet(46)) - raft.server.data-stream.async.request.thread.pool.cached = false (default)
2024-04-26 07:43:41,963 [main] INFO  server.RaftServerConfigKeys (ConfUtils.java:logGet(46)) - raft.server.data-stream.async.request.thread.pool.size = 20 (custom)
2024-04-26 07:43:41,964 [main] INFO  server.RaftServerConfigKeys (ConfUtils.java:logGet(46)) - raft.server.data-stream.async.write.thread.pool.size = 16 (default)
2024-04-26 07:43:41,964 [main] INFO  netty.NettyConfigKeys$DataStream (ConfUtils.java:logGet(46)) - raft.netty.dataStream.server.channel.inactive.grace-period = 10min (default)
2024-04-26 07:43:41,964 [main] INFO  server.RaftServerConfigKeys (ConfUtils.java:logGet(46)) - raft.server.data-stream.client.pool.size = 10 (default)
2024-04-26 07:43:41,965 [main] INFO  netty.NettyConfigKeys$DataStream (ConfUtils.java:logGet(46)) - raft.netty.dataStream.server.use-epoll = true (default)
2024-04-26 07:43:41,965 [main] INFO  netty.NettyConfigKeys$DataStream (ConfUtils.java:logGet(46)) - raft.netty.dataStream.server.boss-group.size = 0 (default)
2024-04-26 07:43:41,966 [main] INFO  netty.NettyUtils (NettyUtils.java:newEventLoopGroup(69)) - Create EpollEventLoopGroup for 78187b2a-fdcc-4f64-b78e-e48d2135caff-NettyServerStreamRpc-bossGroup; Thread size is 0.
2024-04-26 07:43:41,966 [main] INFO  netty.NettyConfigKeys$DataStream (ConfUtils.java:logGet(46)) - raft.netty.dataStream.server.worker-group.size = 0 (default)
2024-04-26 07:43:41,966 [main] INFO  netty.NettyUtils (NettyUtils.java:newEventLoopGroup(69)) - Create EpollEventLoopGroup for 78187b2a-fdcc-4f64-b78e-e48d2135caff-NettyServerStreamRpc-workerGroup; Thread size is 0.
2024-04-26 07:43:41,967 [main] INFO  netty.NettyConfigKeys$DataStream (ConfUtils.java:logGet(46)) - raft.netty.dataStream.server.tls.conf = null (default)
2024-04-26 07:43:41,967 [main] INFO  netty.NettyConfigKeys$DataStream (ConfUtils.java:logGet(46)) - raft.netty.dataStream.host = null (default)
2024-04-26 07:43:41,968 [main] INFO  netty.NettyConfigKeys$DataStream (ConfUtils.java:logGet(46)) - raft.netty.dataStream.port = 15176 (custom)
2024-04-26 07:43:41,969 [main] INFO  server.RaftServerConfigKeys (ConfUtils.java:logGet(46)) - raft.server.sleep.deviation.threshold = 300ms (default)
2024-04-26 07:43:41,969 [main] INFO  server.RaftServerConfigKeys (ConfUtils.java:logGet(46)) - raft.server.close.threshold = 60s (default)
2024-04-26 07:43:41,969 [main] INFO  server.RaftServerConfigKeys (ConfUtils.java:logGet(46)) - raft.server.leaderelection.leader.step-down.wait-time = 10s (default)
2024-04-26 07:43:41,969 [78187b2a-fdcc-4f64-b78e-e48d2135caff-NettyServerStreamRpc-bossGroup--thread1] INFO  logging.LoggingHandler (AbstractInternalLogger.java:log(148)) - [id: 0xcab1ec9b] REGISTERED
2024-04-26 07:43:41,970 [78187b2a-fdcc-4f64-b78e-e48d2135caff-NettyServerStreamRpc-bossGroup--thread1] INFO  logging.LoggingHandler (AbstractInternalLogger.java:log(148)) - [id: 0xcab1ec9b] BIND: 0.0.0.0/0.0.0.0:15176
2024-04-26 07:43:41,970 [78187b2a-fdcc-4f64-b78e-e48d2135caff-NettyServerStreamRpc-bossGroup--thread1] INFO  logging.LoggingHandler (AbstractInternalLogger.java:log(148)) - [id: 0xcab1ec9b, L:/0.0.0.0:15176] ACTIVE
2024-04-26 07:43:41,970 [main] INFO  server.RaftServerConfigKeys (ConfUtils.java:logGet(46)) - raft.server.storage.dir = [/home/runner/work/ozone/ozone/hadoop-ozone/integration-test/target/test-dir/MiniOzoneClusterImpl-a56b3a23-5bf6-4b5b-a0fe-007206924a4e/ozone-meta/datanode-9/ratis] (custom)
2024-04-26 07:43:41,971 [main] INFO  server.RaftServerConfigKeys (ConfUtils.java:logGet(46)) - raft.server.threadpool.proxy.cached = true (default)
2024-04-26 07:43:41,971 [main] INFO  server.RaftServerConfigKeys (ConfUtils.java:logGet(46)) - raft.server.threadpool.proxy.size = 0 (default)
2024-04-26 07:43:41,972 [78187b2a-fdcc-4f64-b78e-e48d2135caff-impl-thread1] INFO  server.RaftServer (RaftServerProxy.java:initGroupDir(264)) - 78187b2a-fdcc-4f64-b78e-e48d2135caff: found a subdirectory /home/runner/work/ozone/ozone/hadoop-ozone/integration-test/target/test-dir/MiniOzoneClusterImpl-a56b3a23-5bf6-4b5b-a0fe-007206924a4e/ozone-meta/datanode-9/ratis/tmp
2024-04-26 07:43:41,972 [78187b2a-fdcc-4f64-b78e-e48d2135caff-impl-thread1] INFO  server.RaftServer (RaftServerProxy.java:initGroupDir(269)) - 78187b2a-fdcc-4f64-b78e-e48d2135caff: The directory /home/runner/work/ozone/ozone/hadoop-ozone/integration-test/target/test-dir/MiniOzoneClusterImpl-a56b3a23-5bf6-4b5b-a0fe-007206924a4e/ozone-meta/datanode-9/ratis/tmp is not a group directory; ignoring it. 
2024-04-26 07:43:41,972 [main] INFO  replication.ReplicationServer (ReplicationServer.java:<init>(86)) - Initializing replication server with thread count = 10 queue length = 4096
2024-04-26 07:43:41,974 [main] INFO  server.XceiverServerGrpc (XceiverServerGrpc.java:<init>(141)) - GrpcServer channel type EpollServerSocketChannel
2024-04-26 07:43:41,975 [main] INFO  replication.ReplicationSupervisor (ReplicationSupervisor.java:build(157)) - Initializing replication supervisor with thread count = 10
2024-04-26 07:43:41,976 [main] INFO  replication.ReplicationSupervisor (ReplicationSupervisor.java:nodeStateUpdated(312)) - Node state updated to IN_SERVICE, scaling executor pool size to 10
2024-04-26 07:43:41,977 [main] INFO  http.BaseHttpServer (BaseHttpServer.java:newHttpServer2BuilderForOzone(223)) - Starting Web-server for hddsDatanode at: http://0.0.0.0:15170
2024-04-26 07:43:41,978 [main] INFO  http.BaseHttpServer (BaseHttpServer.java:<init>(110)) - Hadoop Security Enabled: false Ozone Security Enabled: false Ozone HTTP Security Enabled: false 
2024-04-26 07:43:41,979 [main] WARN  server.AuthenticationFilter (AuthenticationFilter.java:constructSecretProvider(240)) - Unable to initialize FileSignerSecretProvider, falling back to use random secrets. Reason: Could not read signature secret file: /home/runner/hadoop-http-auth-signature-secret
2024-04-26 07:43:41,984 [main] INFO  http.HttpRequestLog (HttpRequestLog.java:getRequestLog(86)) - Http request log for http.requests.hddsDatanode is not defined
2024-04-26 07:43:41,985 [main] INFO  http.HttpServer2 (HttpServer2.java:addGlobalFilter(1036)) - Added global filter 'safety' (class=org.apache.hadoop.hdds.server.http.HttpServer2$QuotingInputFilter)
2024-04-26 07:43:41,986 [main] INFO  http.HttpServer2 (HttpServer2.java:addFilter(1012)) - Added filter static_user_filter (class=org.apache.hadoop.http.lib.StaticUserWebFilter$StaticUserFilter) to context hddsDatanode
2024-04-26 07:43:41,986 [main] INFO  http.HttpServer2 (HttpServer2.java:addFilter(1020)) - Added filter static_user_filter (class=org.apache.hadoop.http.lib.StaticUserWebFilter$StaticUserFilter) to context logs
2024-04-26 07:43:41,986 [main] INFO  http.HttpServer2 (HttpServer2.java:addFilter(1020)) - Added filter static_user_filter (class=org.apache.hadoop.http.lib.StaticUserWebFilter$StaticUserFilter) to context static
2024-04-26 07:43:41,986 [main] INFO  http.BaseHttpServer (BaseHttpServer.java:<init>(189)) - HTTP server of hddsDatanode uses base directory /home/runner/work/ozone/ozone/hadoop-ozone/integration-test/target/test-dir/MiniOzoneClusterImpl-a56b3a23-5bf6-4b5b-a0fe-007206924a4e/ozone-meta/datanode-9/meta/webserver
2024-04-26 07:43:41,987 [main] INFO  http.HttpServer2 (HttpServer2.java:bindListener(1236)) - Jetty bound to port 15170
2024-04-26 07:43:41,987 [main] INFO  server.Server (Server.java:doStart(375)) - jetty-9.4.53.v20231009; built: 2023-10-09T12:29:09.265Z; git: 27bde00a0b95a1d5bbee0eae7984f891d2d0f8c9; jvm 17.0.10+7
2024-04-26 07:43:41,988 [main] INFO  server.session (DefaultSessionIdManager.java:doStart(334)) - DefaultSessionIdManager workerName=node0
2024-04-26 07:43:41,988 [main] INFO  server.session (DefaultSessionIdManager.java:doStart(339)) - No SessionScavenger set, using defaults
2024-04-26 07:43:41,988 [main] INFO  server.session (HouseKeeper.java:startScavenging(132)) - node0 Scavenging every 660000ms
2024-04-26 07:43:41,989 [main] INFO  handler.ContextHandler (ContextHandler.java:doStart(921)) - Started o.e.j.s.ServletContextHandler@1ddf5237{logs,/logs,file:///home/runner/work/ozone/ozone/hadoop-ozone/integration-test/target/log,AVAILABLE}
2024-04-26 07:43:41,989 [main] INFO  handler.ContextHandler (ContextHandler.java:doStart(921)) - Started o.e.j.s.ServletContextHandler@c14943c{static,/static,file:///home/runner/work/ozone/ozone/hadoop-hdds/container-service/target/classes/webapps/static,AVAILABLE}
2024-04-26 07:43:41,994 [main] INFO  handler.ContextHandler (ContextHandler.java:doStart(921)) - Started o.e.j.w.WebAppContext@785b187e{hddsDatanode,/,file:///home/runner/work/ozone/ozone/hadoop-hdds/container-service/target/classes/webapps/hddsDatanode/,AVAILABLE}{file:/home/runner/work/ozone/ozone/hadoop-hdds/container-service/target/classes/webapps/hddsDatanode}
2024-04-26 07:43:41,994 [main] INFO  server.AbstractConnector (AbstractConnector.java:doStart(333)) - Started ServerConnector@1d3aad20{HTTP/1.1, (http/1.1)}{0.0.0.0:15170}
2024-04-26 07:43:41,994 [main] INFO  server.Server (Server.java:doStart(415)) - Started @45703ms
2024-04-26 07:43:41,994 [main] WARN  impl.MetricsSystemImpl (MetricsSystemImpl.java:register(279)) - Sink prometheus already exists!
2024-04-26 07:43:41,995 [main] INFO  http.BaseHttpServer (BaseHttpServer.java:updateConnectorAddress(354)) - HTTP server of hddsDatanode listening at http://0.0.0.0:15170
2024-04-26 07:43:41,995 [main] INFO  ipc.CallQueueManager (CallQueueManager.java:<init>(90)) - Using callQueue: class java.util.concurrent.LinkedBlockingQueue, queueCapacity: 100, scheduler: class org.apache.hadoop.ipc.DefaultRpcScheduler, ipcBackoff: false.
2024-04-26 07:43:41,995 [main] INFO  ipc.Server (Server.java:<init>(1287)) - Listener at 0.0.0.0:15171
2024-04-26 07:43:41,996 [Socket Reader #1 for port 15171] INFO  ipc.Server (Server.java:run(1323)) - Starting Socket Reader #1 for port 15171
2024-04-26 07:43:41,997 [main] INFO  ozone.HddsDatanodeService (HddsDatanodeService.java:start(327)) - Datanode start with admins: [runner]
2024-04-26 07:43:41,997 [main] INFO  ozone.HddsDatanodeClientProtocolServer (HddsDatanodeClientProtocolServer.java:start(77)) - RPC server for Client /0.0.0.0:15171
2024-04-26 07:43:41,998 [IPC Server Responder] INFO  ipc.Server (Server.java:run(1562)) - IPC Server Responder: starting
2024-04-26 07:43:41,998 [78187b2a-fdcc-4f64-b78e-e48d2135caff-DatanodeStateMachineDaemonThread] INFO  statemachine.DatanodeStateMachine (DatanodeStateMachine.java:lambda$startDaemon$1(555)) - Ozone container server started.
2024-04-26 07:43:41,998 [IPC Server listener on 15171] INFO  ipc.Server (Server.java:run(1402)) - IPC Server listener on 15171: starting
2024-04-26 07:43:41,999 [main] INFO  ozone.MiniOzoneClusterImpl (MiniOzoneClusterImpl.java:lambda$waitForClusterToBeReady$0(194)) - Waiting for nodes to be ready. Got 0 of 9 DN Heartbeats.
2024-04-26 07:43:41,999 [main] INFO  ozone.MiniOzoneClusterImpl (MiniOzoneClusterImpl.java:lambda$waitForClusterToBeReady$0(197)) - Waiting for cluster to exit safe mode
2024-04-26 07:43:41,999 [main] INFO  ozone.MiniOzoneClusterImpl (MiniOzoneClusterImpl.java:lambda$waitForClusterToBeReady$0(199)) - SCM became leader
2024-04-26 07:43:42,001 [78187b2a-fdcc-4f64-b78e-e48d2135caff-DatanodeStateMachineTaskThread-0] INFO  datanode.InitDatanodeState (InitDatanodeState.java:persistContainerDatanodeDetails(139)) - DatanodeDetails is persisted to /home/runner/work/ozone/ozone/hadoop-ozone/integration-test/target/test-dir/MiniOzoneClusterImpl-a56b3a23-5bf6-4b5b-a0fe-007206924a4e/ozone-meta/datanode-9/meta/datanode.id
2024-04-26 07:43:42,153 [timer6] WARN  server.GrpcLogAppender (LogUtils.java:warn(121)) - 16c70d5b-25e3-4dcd-9bff-77a1bd08187f@group-01314949B5C6->4716f5ee-4c4e-4ad8-a08f-b126a9e7d93e-AppendLogResponseHandler: Failed appendEntries (Repeated 2 times in the last 4.999s): org.apache.ratis.thirdparty.io.grpc.StatusRuntimeException: CANCELLED: RST_STREAM closed stream. HTTP/2 error code: CANCEL
2024-04-26 07:43:42,154 [timer7] WARN  server.GrpcLogAppender (GrpcLogAppender.java:lambda$resetClient$1(217)) - 16c70d5b-25e3-4dcd-9bff-77a1bd08187f@group-01314949B5C6->4716f5ee-4c4e-4ad8-a08f-b126a9e7d93e-GrpcLogAppender: Follower failed (request=null, errorCount=2); keep nextIndex (1) unchanged and retry. (Repeated 2 times in the last 5.000s)
2024-04-26 07:43:42,373 [om1@group-C5BA1605619E-FollowerState] INFO  impl.FollowerState (FollowerState.java:run(143)) - om1@group-C5BA1605619E-FollowerState: change to CANDIDATE, lastRpcElapsedTime:1165369855ns, electionTimeout:1164ms
2024-04-26 07:43:42,373 [om1@group-C5BA1605619E-FollowerState] INFO  impl.RoleInfo (RoleInfo.java:shutdownFollowerState(110)) - om1: shutdown om1@group-C5BA1605619E-FollowerState
2024-04-26 07:43:42,373 [om1@group-C5BA1605619E-FollowerState] INFO  server.RaftServer$Division (RaftServerImpl.java:setRole(383)) - om1@group-C5BA1605619E: changes role from  FOLLOWER to CANDIDATE at term 0 for changeToCandidate
2024-04-26 07:43:42,374 [om1@group-C5BA1605619E-FollowerState] INFO  server.RaftServerConfigKeys (ConfUtils.java:logGet(46)) - raft.server.leaderelection.pre-vote = true (default)
2024-04-26 07:43:42,374 [om1@group-C5BA1605619E-FollowerState] INFO  impl.RoleInfo (RoleInfo.java:updateAndGet(139)) - om1: start om1@group-C5BA1605619E-LeaderElection16
2024-04-26 07:43:42,374 [om1@group-C5BA1605619E-LeaderElection16] INFO  impl.LeaderElection (LeaderElection.java:askForVotes(321)) - om1@group-C5BA1605619E-LeaderElection16 PRE_VOTE round 0: submit vote requests at term 0 for -1: peers:[om1|localhost:15096]|listeners:[], old=null
2024-04-26 07:43:42,374 [om1@group-C5BA1605619E-LeaderElection16] INFO  impl.LeaderElection (LeaderElection.java:askForVotes(323)) - om1@group-C5BA1605619E-LeaderElection16 PRE_VOTE round 0: result PASSED (term=0)
2024-04-26 07:43:42,375 [om1@group-C5BA1605619E-LeaderElection16] INFO  impl.LeaderElection (LeaderElection.java:askForVotes(321)) - om1@group-C5BA1605619E-LeaderElection16 ELECTION round 0: submit vote requests at term 1 for -1: peers:[om1|localhost:15096]|listeners:[], old=null
2024-04-26 07:43:42,376 [om1@group-C5BA1605619E-LeaderElection16] INFO  impl.LeaderElection (LeaderElection.java:askForVotes(323)) - om1@group-C5BA1605619E-LeaderElection16 ELECTION round 0: result PASSED (term=1)
2024-04-26 07:43:42,376 [om1@group-C5BA1605619E-LeaderElection16] INFO  impl.RoleInfo (RoleInfo.java:shutdownLeaderElection(130)) - om1: shutdown om1@group-C5BA1605619E-LeaderElection16
2024-04-26 07:43:42,376 [om1@group-C5BA1605619E-LeaderElection16] INFO  server.RaftServer$Division (RaftServerImpl.java:setRole(383)) - om1@group-C5BA1605619E: changes role from CANDIDATE to LEADER at term 1 for changeToLeader
2024-04-26 07:43:42,376 [om1@group-C5BA1605619E-LeaderElection16] INFO  server.RaftServerConfigKeys (ConfUtils.java:logGet(46)) - raft.server.staging.catchup.gap = 1000 (default)
2024-04-26 07:43:42,376 [om1@group-C5BA1605619E-LeaderElection16] INFO  server.RaftServerConfigKeys (ConfUtils.java:logGet(46)) - raft.server.write.element-limit = 4096 (default)
2024-04-26 07:43:42,376 [om1@group-C5BA1605619E-LeaderElection16] INFO  server.RaftServerConfigKeys (ConfUtils.java:logGet(46)) - raft.server.write.byte-limit = 64MB (=67108864) (default)
2024-04-26 07:43:42,376 [om1@group-C5BA1605619E-LeaderElection16] INFO  server.RaftServerConfigKeys (ConfUtils.java:logGet(46)) - raft.server.watch.timeout = 10s (default)
2024-04-26 07:43:42,376 [om1@group-C5BA1605619E-LeaderElection16] INFO  server.RaftServerConfigKeys (ConfUtils.java:logGet(46)) - raft.server.watch.timeout.denomination = 1s (default)
2024-04-26 07:43:42,376 [om1@group-C5BA1605619E-LeaderElection16] INFO  server.RaftServerConfigKeys (ConfUtils.java:logGet(46)) - raft.server.watch.element-limit = 65536 (default)
2024-04-26 07:43:42,377 [om1@group-C5BA1605619E-LeaderElection16] INFO  server.RaftServerConfigKeys (ConfUtils.java:logGet(46)) - raft.server.read.leader.lease.enabled = false (default)
2024-04-26 07:43:42,377 [om1@group-C5BA1605619E-LeaderElection16] INFO  server.RaftServerConfigKeys (ConfUtils.java:logGet(46)) - raft.server.read.leader.lease.timeout.ratio = 0.9 (default)
2024-04-26 07:43:42,377 [om1@group-C5BA1605619E-LeaderElection16] INFO  server.RaftServerConfigKeys (ConfUtils.java:logGet(46)) - raft.server.rpc.timeout.min = 1s (custom)
2024-04-26 07:43:42,377 [om1@group-C5BA1605619E-LeaderElection16] INFO  server.RaftServerConfigKeys (ConfUtils.java:logGet(46)) - raft.server.write.element-limit = 4096 (default)
2024-04-26 07:43:42,377 [om1@group-C5BA1605619E-LeaderElection16] INFO  server.RaftServerConfigKeys (ConfUtils.java:logGet(46)) - raft.server.write.follower.gap.ratio.max = -1.0 (default)
2024-04-26 07:43:42,377 [om1@group-C5BA1605619E-LeaderElection16] INFO  impl.RoleInfo (RoleInfo.java:updateAndGet(139)) - om1: start om1@group-C5BA1605619E-LeaderStateImpl
2024-04-26 07:43:42,377 [om1@group-C5BA1605619E-LeaderElection16] INFO  server.RaftServer$Division (RaftServerImpl.java:setFirstElection(574)) - om1@group-C5BA1605619E: set firstElectionSinceStartup to false for becomeLeader
2024-04-26 07:43:42,377 [om1@group-C5BA1605619E-LeaderElection16] INFO  server.RaftServer$Division (ServerState.java:setLeader(269)) - om1@group-C5BA1605619E: change Leader from null to om1 at term 1 for becomeLeader, leader elected after 1625ms
2024-04-26 07:43:42,377 [om1@group-C5BA1605619E-LeaderElection16] INFO  segmented.SegmentedRaftLogWorker (SegmentedRaftLogWorker.java:startLogSegment(430)) - om1@group-C5BA1605619E-SegmentedRaftLogWorker: Starting segment from index:0
2024-04-26 07:43:42,378 [om1@group-C5BA1605619E-SegmentedRaftLogWorker] INFO  segmented.BufferedWriteChannel (BufferedWriteChannel.java:open(62)) - open log_inprogress_0 at position 0
2024-04-26 07:43:42,378 [om1@group-C5BA1605619E-LeaderElection16] INFO  server.RaftServer$Division (ServerState.java:setRaftConf(386)) - om1@group-C5BA1605619E: set configuration 0: peers:[om1|localhost:15096]|listeners:[], old=null
2024-04-26 07:43:42,385 [om1@group-C5BA1605619E-SegmentedRaftLogWorker] INFO  segmented.SegmentedRaftLogWorker (SegmentedRaftLogWorker.java:execute(634)) - om1@group-C5BA1605619E-SegmentedRaftLogWorker: created new log segment /home/runner/work/ozone/ozone/hadoop-ozone/integration-test/target/test-dir/MiniOzoneClusterImpl-a56b3a23-5bf6-4b5b-a0fe-007206924a4e/ozone-meta/ratis/bf265839-605b-3f16-9796-c5ba1605619e/current/log_inprogress_0
2024-04-26 07:43:42,387 [om1@group-C5BA1605619E-StateMachineUpdater] INFO  ratis.OzoneManagerStateMachine (OzoneManagerStateMachine.java:notifyConfigurationChanged(212)) - Received Configuration change notification from Ratis. New Peer list:
[id: "om1"
address: "localhost:15096"
startupRole: FOLLOWER
]
2024-04-26 07:43:42,387 [om1@group-C5BA1605619E-StateMachineUpdater] INFO  server.RaftServer$Division (LeaderStateImpl.java:isApplied(320)) - leader is ready since appliedIndex == 0 >= startIndex == 0
2024-04-26 07:43:42,999 [main] INFO  ozone.MiniOzoneClusterImpl (MiniOzoneClusterImpl.java:lambda$waitForClusterToBeReady$0(194)) - Waiting for nodes to be ready. Got 0 of 9 DN Heartbeats.
2024-04-26 07:43:43,000 [main] INFO  ozone.MiniOzoneClusterImpl (MiniOzoneClusterImpl.java:lambda$waitForClusterToBeReady$0(197)) - Waiting for cluster to exit safe mode
2024-04-26 07:43:43,000 [main] INFO  ozone.MiniOzoneClusterImpl (MiniOzoneClusterImpl.java:lambda$waitForClusterToBeReady$0(199)) - SCM became leader
2024-04-26 07:43:43,378 [d591b026-01eb-4928-a28c-f8365e0687e2-EndpointStateMachineTaskThread-/0.0.0.0:15091-0 ] INFO  utils.DatanodeStoreCache (DatanodeStoreCache.java:addDB(72)) - Added db /home/runner/work/ozone/ozone/hadoop-ozone/integration-test/target/test-dir/MiniOzoneClusterImpl-a56b3a23-5bf6-4b5b-a0fe-007206924a4e/ozone-meta/datanode-1/data-0/hdds/a56b3a23-5bf6-4b5b-a0fe-007206924a4e/DS-bd8de19f-071a-4b98-91c5-133c871fd36f/container.db to cache
2024-04-26 07:43:43,378 [d591b026-01eb-4928-a28c-f8365e0687e2-EndpointStateMachineTaskThread-/0.0.0.0:15091-0 ] INFO  volume.HddsVolume (HddsVolume.java:createDbStore(437)) - SchemaV3 db is created and loaded at /home/runner/work/ozone/ozone/hadoop-ozone/integration-test/target/test-dir/MiniOzoneClusterImpl-a56b3a23-5bf6-4b5b-a0fe-007206924a4e/ozone-meta/datanode-1/data-0/hdds/a56b3a23-5bf6-4b5b-a0fe-007206924a4e/DS-bd8de19f-071a-4b98-91c5-133c871fd36f/container.db for volume DS-bd8de19f-071a-4b98-91c5-133c871fd36f
2024-04-26 07:43:43,380 [d591b026-01eb-4928-a28c-f8365e0687e2-ContainerReader-0] INFO  ozoneimpl.ContainerReader (ContainerReader.java:readVolume(148)) - Start to verify containers on volume /home/runner/work/ozone/ozone/hadoop-ozone/integration-test/target/test-dir/MiniOzoneClusterImpl-a56b3a23-5bf6-4b5b-a0fe-007206924a4e/ozone-meta/datanode-1/data-0/hdds
2024-04-26 07:43:43,380 [d591b026-01eb-4928-a28c-f8365e0687e2-ContainerReader-0] INFO  ozoneimpl.ContainerReader (ContainerReader.java:readVolume(178)) - Finish verifying containers on volume /home/runner/work/ozone/ozone/hadoop-ozone/integration-test/target/test-dir/MiniOzoneClusterImpl-a56b3a23-5bf6-4b5b-a0fe-007206924a4e/ozone-meta/datanode-1/data-0/hdds
2024-04-26 07:43:43,380 [d591b026-01eb-4928-a28c-f8365e0687e2-EndpointStateMachineTaskThread-/0.0.0.0:15091-0 ] INFO  ozoneimpl.OzoneContainer (OzoneContainer.java:buildContainerSet(328)) - Build ContainerSet costs 0s
2024-04-26 07:43:43,380 [d591b026-01eb-4928-a28c-f8365e0687e2-EndpointStateMachineTaskThread-/0.0.0.0:15091-0 ] INFO  volume.ThrottledAsyncChecker (ThrottledAsyncChecker.java:schedule(141)) - Scheduling a check for /home/runner/work/ozone/ozone/hadoop-ozone/integration-test/target/test-dir/MiniOzoneClusterImpl-a56b3a23-5bf6-4b5b-a0fe-007206924a4e/ozone-meta/datanode-1/data-0/hdds
2024-04-26 07:43:43,380 [d591b026-01eb-4928-a28c-f8365e0687e2-EndpointStateMachineTaskThread-/0.0.0.0:15091-0 ] INFO  volume.StorageVolumeChecker (StorageVolumeChecker.java:checkAllVolumes(218)) - Scheduled health check for volume /home/runner/work/ozone/ozone/hadoop-ozone/integration-test/target/test-dir/MiniOzoneClusterImpl-a56b3a23-5bf6-4b5b-a0fe-007206924a4e/ozone-meta/datanode-1/data-0/hdds
2024-04-26 07:43:43,381 [d591b026-01eb-4928-a28c-f8365e0687e2-EndpointStateMachineTaskThread-/0.0.0.0:15091-0 ] INFO  volume.ThrottledAsyncChecker (ThrottledAsyncChecker.java:schedule(141)) - Scheduling a check for /home/runner/work/ozone/ozone/hadoop-ozone/integration-test/target/test-dir/MiniOzoneClusterImpl-a56b3a23-5bf6-4b5b-a0fe-007206924a4e/ozone-meta/datanode-1/ratis
2024-04-26 07:43:43,381 [d591b026-01eb-4928-a28c-f8365e0687e2-EndpointStateMachineTaskThread-/0.0.0.0:15091-0 ] INFO  volume.StorageVolumeChecker (StorageVolumeChecker.java:checkAllVolumes(218)) - Scheduled health check for volume /home/runner/work/ozone/ozone/hadoop-ozone/integration-test/target/test-dir/MiniOzoneClusterImpl-a56b3a23-5bf6-4b5b-a0fe-007206924a4e/ozone-meta/datanode-1/ratis
2024-04-26 07:43:43,382 [d591b026-01eb-4928-a28c-f8365e0687e2-EndpointStateMachineTaskThread-/0.0.0.0:15091-0 ] INFO  ozoneimpl.OzoneContainer (OzoneContainer.java:start(459)) - Attempting to start container services.
2024-04-26 07:43:43,382 [ContainerMetadataScanner] INFO  ozoneimpl.AbstractBackgroundContainerScanner (AbstractBackgroundContainerScanner.java:runIteration(87)) - Completed an iteration in 0 minutes. Number of iterations (since the data-node restart) : 1, Number of containers scanned in this iteration : 0, Number of unhealthy containers found in this iteration : 0
2024-04-26 07:43:43,383 [d591b026-01eb-4928-a28c-f8365e0687e2-EndpointStateMachineTaskThread-/0.0.0.0:15091-0 ] INFO  replication.ReplicationServer (ReplicationServer.java:start(142)) - ReplicationServer is started using port 15105
2024-04-26 07:43:43,383 [ContainerDataScanner(/home/runner/work/ozone/ozone/hadoop-ozone/integration-test/target/test-dir/MiniOzoneClusterImpl-a56b3a23-5bf6-4b5b-a0fe-007206924a4e/ozone-meta/datanode-1/data-0/hdds)] INFO  ozoneimpl.AbstractBackgroundContainerScanner (AbstractBackgroundContainerScanner.java:runIteration(87)) - Completed an iteration in 0 minutes. Number of iterations (since the data-node restart) : 1, Number of containers scanned in this iteration : 0, Number of unhealthy containers found in this iteration : 0
2024-04-26 07:43:43,383 [d591b026-01eb-4928-a28c-f8365e0687e2-EndpointStateMachineTaskThread-/0.0.0.0:15091-0 ] INFO  ratis.XceiverServerRatis (XceiverServerRatis.java:start(566)) - Starting XceiverServerRatis d591b026-01eb-4928-a28c-f8365e0687e2
2024-04-26 07:43:43,384 [d591b026-01eb-4928-a28c-f8365e0687e2-EndpointStateMachineTaskThread-/0.0.0.0:15091-0 ] INFO  server.RaftServer (RaftServerProxy.java:startImpl(406)) - d591b026-01eb-4928-a28c-f8365e0687e2: start RPC server
2024-04-26 07:43:43,385 [d591b026-01eb-4928-a28c-f8365e0687e2-EndpointStateMachineTaskThread-/0.0.0.0:15091-0 ] INFO  server.GrpcService (GrpcService.java:startImpl(302)) - d591b026-01eb-4928-a28c-f8365e0687e2: GrpcService started, listening on 15101
2024-04-26 07:43:43,385 [d591b026-01eb-4928-a28c-f8365e0687e2-EndpointStateMachineTaskThread-/0.0.0.0:15091-0 ] INFO  server.GrpcService (GrpcService.java:startImpl(302)) - d591b026-01eb-4928-a28c-f8365e0687e2: GrpcService started, listening on 15103
2024-04-26 07:43:43,385 [d591b026-01eb-4928-a28c-f8365e0687e2-EndpointStateMachineTaskThread-/0.0.0.0:15091-0 ] INFO  server.GrpcService (GrpcService.java:startImpl(302)) - d591b026-01eb-4928-a28c-f8365e0687e2: GrpcService started, listening on 15102
2024-04-26 07:43:43,385 [d591b026-01eb-4928-a28c-f8365e0687e2-EndpointStateMachineTaskThread-/0.0.0.0:15091-0 ] INFO  ratis.XceiverServerRatis (XceiverServerRatis.java:getRealPort(592)) - XceiverServerRatis d591b026-01eb-4928-a28c-f8365e0687e2 is started using port 15101 for RATIS
2024-04-26 07:43:43,385 [d591b026-01eb-4928-a28c-f8365e0687e2-EndpointStateMachineTaskThread-/0.0.0.0:15091-0 ] INFO  ratis.XceiverServerRatis (XceiverServerRatis.java:getRealPort(592)) - XceiverServerRatis d591b026-01eb-4928-a28c-f8365e0687e2 is started using port 15102 for RATIS_ADMIN
2024-04-26 07:43:43,385 [d591b026-01eb-4928-a28c-f8365e0687e2-EndpointStateMachineTaskThread-/0.0.0.0:15091-0 ] INFO  ratis.XceiverServerRatis (XceiverServerRatis.java:getRealPort(592)) - XceiverServerRatis d591b026-01eb-4928-a28c-f8365e0687e2 is started using port 15103 for RATIS_SERVER
2024-04-26 07:43:43,385 [d591b026-01eb-4928-a28c-f8365e0687e2-EndpointStateMachineTaskThread-/0.0.0.0:15091-0 ] INFO  ratis.XceiverServerRatis (XceiverServerRatis.java:getRealPort(592)) - XceiverServerRatis d591b026-01eb-4928-a28c-f8365e0687e2 is started using port 15104 for RATIS_DATASTREAM
2024-04-26 07:43:43,385 [JvmPauseMonitor13] INFO  util.JvmPauseMonitor (JvmPauseMonitor.java:run(146)) - JvmPauseMonitor-d591b026-01eb-4928-a28c-f8365e0687e2: Started
2024-04-26 07:43:43,387 [d591b026-01eb-4928-a28c-f8365e0687e2-BlockDeletingService#0] INFO  interfaces.ContainerDeletionChoosingPolicyTemplate (ContainerDeletionChoosingPolicyTemplate.java:chooseContainerForBlockDeletion(85)) - Chosen 0/5000 blocks from 0 candidate containers.
2024-04-26 07:43:43,453 [dd21079d-84ac-4ee5-bea1-aaabc97992ac-EndpointStateMachineTaskThread-/0.0.0.0:15091-0 ] INFO  utils.DatanodeStoreCache (DatanodeStoreCache.java:addDB(72)) - Added db /home/runner/work/ozone/ozone/hadoop-ozone/integration-test/target/test-dir/MiniOzoneClusterImpl-a56b3a23-5bf6-4b5b-a0fe-007206924a4e/ozone-meta/datanode-2/data-0/hdds/a56b3a23-5bf6-4b5b-a0fe-007206924a4e/DS-35ec13d3-b314-440f-bc9f-bd2c1a4807f7/container.db to cache
2024-04-26 07:43:43,453 [dd21079d-84ac-4ee5-bea1-aaabc97992ac-EndpointStateMachineTaskThread-/0.0.0.0:15091-0 ] INFO  volume.HddsVolume (HddsVolume.java:createDbStore(437)) - SchemaV3 db is created and loaded at /home/runner/work/ozone/ozone/hadoop-ozone/integration-test/target/test-dir/MiniOzoneClusterImpl-a56b3a23-5bf6-4b5b-a0fe-007206924a4e/ozone-meta/datanode-2/data-0/hdds/a56b3a23-5bf6-4b5b-a0fe-007206924a4e/DS-35ec13d3-b314-440f-bc9f-bd2c1a4807f7/container.db for volume DS-35ec13d3-b314-440f-bc9f-bd2c1a4807f7
2024-04-26 07:43:43,455 [dd21079d-84ac-4ee5-bea1-aaabc97992ac-ContainerReader-0] INFO  ozoneimpl.ContainerReader (ContainerReader.java:readVolume(148)) - Start to verify containers on volume /home/runner/work/ozone/ozone/hadoop-ozone/integration-test/target/test-dir/MiniOzoneClusterImpl-a56b3a23-5bf6-4b5b-a0fe-007206924a4e/ozone-meta/datanode-2/data-0/hdds
2024-04-26 07:43:43,455 [dd21079d-84ac-4ee5-bea1-aaabc97992ac-ContainerReader-0] INFO  ozoneimpl.ContainerReader (ContainerReader.java:readVolume(178)) - Finish verifying containers on volume /home/runner/work/ozone/ozone/hadoop-ozone/integration-test/target/test-dir/MiniOzoneClusterImpl-a56b3a23-5bf6-4b5b-a0fe-007206924a4e/ozone-meta/datanode-2/data-0/hdds
2024-04-26 07:43:43,455 [dd21079d-84ac-4ee5-bea1-aaabc97992ac-EndpointStateMachineTaskThread-/0.0.0.0:15091-0 ] INFO  ozoneimpl.OzoneContainer (OzoneContainer.java:buildContainerSet(328)) - Build ContainerSet costs 0s
2024-04-26 07:43:43,455 [dd21079d-84ac-4ee5-bea1-aaabc97992ac-EndpointStateMachineTaskThread-/0.0.0.0:15091-0 ] INFO  volume.ThrottledAsyncChecker (ThrottledAsyncChecker.java:schedule(141)) - Scheduling a check for /home/runner/work/ozone/ozone/hadoop-ozone/integration-test/target/test-dir/MiniOzoneClusterImpl-a56b3a23-5bf6-4b5b-a0fe-007206924a4e/ozone-meta/datanode-2/data-0/hdds
2024-04-26 07:43:43,455 [dd21079d-84ac-4ee5-bea1-aaabc97992ac-EndpointStateMachineTaskThread-/0.0.0.0:15091-0 ] INFO  volume.StorageVolumeChecker (StorageVolumeChecker.java:checkAllVolumes(218)) - Scheduled health check for volume /home/runner/work/ozone/ozone/hadoop-ozone/integration-test/target/test-dir/MiniOzoneClusterImpl-a56b3a23-5bf6-4b5b-a0fe-007206924a4e/ozone-meta/datanode-2/data-0/hdds
2024-04-26 07:43:43,456 [dd21079d-84ac-4ee5-bea1-aaabc97992ac-EndpointStateMachineTaskThread-/0.0.0.0:15091-0 ] INFO  volume.ThrottledAsyncChecker (ThrottledAsyncChecker.java:schedule(141)) - Scheduling a check for /home/runner/work/ozone/ozone/hadoop-ozone/integration-test/target/test-dir/MiniOzoneClusterImpl-a56b3a23-5bf6-4b5b-a0fe-007206924a4e/ozone-meta/datanode-2/ratis
2024-04-26 07:43:43,456 [dd21079d-84ac-4ee5-bea1-aaabc97992ac-EndpointStateMachineTaskThread-/0.0.0.0:15091-0 ] INFO  volume.StorageVolumeChecker (StorageVolumeChecker.java:checkAllVolumes(218)) - Scheduled health check for volume /home/runner/work/ozone/ozone/hadoop-ozone/integration-test/target/test-dir/MiniOzoneClusterImpl-a56b3a23-5bf6-4b5b-a0fe-007206924a4e/ozone-meta/datanode-2/ratis
2024-04-26 07:43:43,457 [dd21079d-84ac-4ee5-bea1-aaabc97992ac-EndpointStateMachineTaskThread-/0.0.0.0:15091-0 ] INFO  ozoneimpl.OzoneContainer (OzoneContainer.java:start(459)) - Attempting to start container services.
2024-04-26 07:43:43,457 [dd21079d-84ac-4ee5-bea1-aaabc97992ac-EndpointStateMachineTaskThread-/0.0.0.0:15091-0 ] WARN  ozoneimpl.OnDemandContainerDataScanner (OnDemandContainerDataScanner.java:init(75)) - Trying to initialize on demand scanner a second time on a datanode.
2024-04-26 07:43:43,458 [ContainerMetadataScanner] INFO  ozoneimpl.AbstractBackgroundContainerScanner (AbstractBackgroundContainerScanner.java:runIteration(87)) - Completed an iteration in 0 minutes. Number of iterations (since the data-node restart) : 1, Number of containers scanned in this iteration : 0, Number of unhealthy containers found in this iteration : 0
2024-04-26 07:43:43,458 [ContainerDataScanner(/home/runner/work/ozone/ozone/hadoop-ozone/integration-test/target/test-dir/MiniOzoneClusterImpl-a56b3a23-5bf6-4b5b-a0fe-007206924a4e/ozone-meta/datanode-2/data-0/hdds)] INFO  ozoneimpl.AbstractBackgroundContainerScanner (AbstractBackgroundContainerScanner.java:runIteration(87)) - Completed an iteration in 0 minutes. Number of iterations (since the data-node restart) : 1, Number of containers scanned in this iteration : 0, Number of unhealthy containers found in this iteration : 0
2024-04-26 07:43:43,458 [dd21079d-84ac-4ee5-bea1-aaabc97992ac-EndpointStateMachineTaskThread-/0.0.0.0:15091-0 ] INFO  replication.ReplicationServer (ReplicationServer.java:start(142)) - ReplicationServer is started using port 15114
2024-04-26 07:43:43,458 [dd21079d-84ac-4ee5-bea1-aaabc97992ac-EndpointStateMachineTaskThread-/0.0.0.0:15091-0 ] INFO  ratis.XceiverServerRatis (XceiverServerRatis.java:start(566)) - Starting XceiverServerRatis dd21079d-84ac-4ee5-bea1-aaabc97992ac
2024-04-26 07:43:43,459 [dd21079d-84ac-4ee5-bea1-aaabc97992ac-EndpointStateMachineTaskThread-/0.0.0.0:15091-0 ] INFO  server.RaftServer (RaftServerProxy.java:startImpl(406)) - dd21079d-84ac-4ee5-bea1-aaabc97992ac: start RPC server
2024-04-26 07:43:43,459 [dd21079d-84ac-4ee5-bea1-aaabc97992ac-EndpointStateMachineTaskThread-/0.0.0.0:15091-0 ] INFO  server.GrpcService (GrpcService.java:startImpl(302)) - dd21079d-84ac-4ee5-bea1-aaabc97992ac: GrpcService started, listening on 15110
2024-04-26 07:43:43,459 [dd21079d-84ac-4ee5-bea1-aaabc97992ac-EndpointStateMachineTaskThread-/0.0.0.0:15091-0 ] INFO  server.GrpcService (GrpcService.java:startImpl(302)) - dd21079d-84ac-4ee5-bea1-aaabc97992ac: GrpcService started, listening on 15112
2024-04-26 07:43:43,460 [dd21079d-84ac-4ee5-bea1-aaabc97992ac-EndpointStateMachineTaskThread-/0.0.0.0:15091-0 ] INFO  server.GrpcService (GrpcService.java:startImpl(302)) - dd21079d-84ac-4ee5-bea1-aaabc97992ac: GrpcService started, listening on 15111
2024-04-26 07:43:43,460 [dd21079d-84ac-4ee5-bea1-aaabc97992ac-EndpointStateMachineTaskThread-/0.0.0.0:15091-0 ] INFO  ratis.XceiverServerRatis (XceiverServerRatis.java:getRealPort(592)) - XceiverServerRatis dd21079d-84ac-4ee5-bea1-aaabc97992ac is started using port 15110 for RATIS
2024-04-26 07:43:43,460 [dd21079d-84ac-4ee5-bea1-aaabc97992ac-EndpointStateMachineTaskThread-/0.0.0.0:15091-0 ] INFO  ratis.XceiverServerRatis (XceiverServerRatis.java:getRealPort(592)) - XceiverServerRatis dd21079d-84ac-4ee5-bea1-aaabc97992ac is started using port 15111 for RATIS_ADMIN
2024-04-26 07:43:43,460 [dd21079d-84ac-4ee5-bea1-aaabc97992ac-EndpointStateMachineTaskThread-/0.0.0.0:15091-0 ] INFO  ratis.XceiverServerRatis (XceiverServerRatis.java:getRealPort(592)) - XceiverServerRatis dd21079d-84ac-4ee5-bea1-aaabc97992ac is started using port 15112 for RATIS_SERVER
2024-04-26 07:43:43,460 [JvmPauseMonitor14] INFO  util.JvmPauseMonitor (JvmPauseMonitor.java:run(146)) - JvmPauseMonitor-dd21079d-84ac-4ee5-bea1-aaabc97992ac: Started
2024-04-26 07:43:43,460 [dd21079d-84ac-4ee5-bea1-aaabc97992ac-EndpointStateMachineTaskThread-/0.0.0.0:15091-0 ] INFO  ratis.XceiverServerRatis (XceiverServerRatis.java:getRealPort(592)) - XceiverServerRatis dd21079d-84ac-4ee5-bea1-aaabc97992ac is started using port 15113 for RATIS_DATASTREAM
2024-04-26 07:43:43,461 [dd21079d-84ac-4ee5-bea1-aaabc97992ac-BlockDeletingService#0] INFO  interfaces.ContainerDeletionChoosingPolicyTemplate (ContainerDeletionChoosingPolicyTemplate.java:chooseContainerForBlockDeletion(85)) - Chosen 0/5000 blocks from 0 candidate containers.
2024-04-26 07:43:43,530 [6344c76b-c160-4957-8ee9-5bf4783825fc-EndpointStateMachineTaskThread-/0.0.0.0:15091-0 ] INFO  utils.DatanodeStoreCache (DatanodeStoreCache.java:addDB(72)) - Added db /home/runner/work/ozone/ozone/hadoop-ozone/integration-test/target/test-dir/MiniOzoneClusterImpl-a56b3a23-5bf6-4b5b-a0fe-007206924a4e/ozone-meta/datanode-3/data-0/hdds/a56b3a23-5bf6-4b5b-a0fe-007206924a4e/DS-a67a27f3-cf83-4d8b-a3d7-4389387b4a7c/container.db to cache
2024-04-26 07:43:43,530 [6344c76b-c160-4957-8ee9-5bf4783825fc-EndpointStateMachineTaskThread-/0.0.0.0:15091-0 ] INFO  volume.HddsVolume (HddsVolume.java:createDbStore(437)) - SchemaV3 db is created and loaded at /home/runner/work/ozone/ozone/hadoop-ozone/integration-test/target/test-dir/MiniOzoneClusterImpl-a56b3a23-5bf6-4b5b-a0fe-007206924a4e/ozone-meta/datanode-3/data-0/hdds/a56b3a23-5bf6-4b5b-a0fe-007206924a4e/DS-a67a27f3-cf83-4d8b-a3d7-4389387b4a7c/container.db for volume DS-a67a27f3-cf83-4d8b-a3d7-4389387b4a7c
2024-04-26 07:43:43,532 [6344c76b-c160-4957-8ee9-5bf4783825fc-ContainerReader-0] INFO  ozoneimpl.ContainerReader (ContainerReader.java:readVolume(148)) - Start to verify containers on volume /home/runner/work/ozone/ozone/hadoop-ozone/integration-test/target/test-dir/MiniOzoneClusterImpl-a56b3a23-5bf6-4b5b-a0fe-007206924a4e/ozone-meta/datanode-3/data-0/hdds
2024-04-26 07:43:43,532 [6344c76b-c160-4957-8ee9-5bf4783825fc-ContainerReader-0] INFO  ozoneimpl.ContainerReader (ContainerReader.java:readVolume(178)) - Finish verifying containers on volume /home/runner/work/ozone/ozone/hadoop-ozone/integration-test/target/test-dir/MiniOzoneClusterImpl-a56b3a23-5bf6-4b5b-a0fe-007206924a4e/ozone-meta/datanode-3/data-0/hdds
2024-04-26 07:43:43,532 [6344c76b-c160-4957-8ee9-5bf4783825fc-EndpointStateMachineTaskThread-/0.0.0.0:15091-0 ] INFO  ozoneimpl.OzoneContainer (OzoneContainer.java:buildContainerSet(328)) - Build ContainerSet costs 0s
2024-04-26 07:43:43,532 [6344c76b-c160-4957-8ee9-5bf4783825fc-EndpointStateMachineTaskThread-/0.0.0.0:15091-0 ] INFO  volume.ThrottledAsyncChecker (ThrottledAsyncChecker.java:schedule(141)) - Scheduling a check for /home/runner/work/ozone/ozone/hadoop-ozone/integration-test/target/test-dir/MiniOzoneClusterImpl-a56b3a23-5bf6-4b5b-a0fe-007206924a4e/ozone-meta/datanode-3/data-0/hdds
2024-04-26 07:43:43,533 [6344c76b-c160-4957-8ee9-5bf4783825fc-EndpointStateMachineTaskThread-/0.0.0.0:15091-0 ] INFO  volume.StorageVolumeChecker (StorageVolumeChecker.java:checkAllVolumes(218)) - Scheduled health check for volume /home/runner/work/ozone/ozone/hadoop-ozone/integration-test/target/test-dir/MiniOzoneClusterImpl-a56b3a23-5bf6-4b5b-a0fe-007206924a4e/ozone-meta/datanode-3/data-0/hdds
2024-04-26 07:43:43,533 [6344c76b-c160-4957-8ee9-5bf4783825fc-EndpointStateMachineTaskThread-/0.0.0.0:15091-0 ] INFO  volume.ThrottledAsyncChecker (ThrottledAsyncChecker.java:schedule(141)) - Scheduling a check for /home/runner/work/ozone/ozone/hadoop-ozone/integration-test/target/test-dir/MiniOzoneClusterImpl-a56b3a23-5bf6-4b5b-a0fe-007206924a4e/ozone-meta/datanode-3/ratis
2024-04-26 07:43:43,533 [6344c76b-c160-4957-8ee9-5bf4783825fc-EndpointStateMachineTaskThread-/0.0.0.0:15091-0 ] INFO  volume.StorageVolumeChecker (StorageVolumeChecker.java:checkAllVolumes(218)) - Scheduled health check for volume /home/runner/work/ozone/ozone/hadoop-ozone/integration-test/target/test-dir/MiniOzoneClusterImpl-a56b3a23-5bf6-4b5b-a0fe-007206924a4e/ozone-meta/datanode-3/ratis
2024-04-26 07:43:43,534 [6344c76b-c160-4957-8ee9-5bf4783825fc-EndpointStateMachineTaskThread-/0.0.0.0:15091-0 ] INFO  ozoneimpl.OzoneContainer (OzoneContainer.java:start(459)) - Attempting to start container services.
2024-04-26 07:43:43,534 [6344c76b-c160-4957-8ee9-5bf4783825fc-EndpointStateMachineTaskThread-/0.0.0.0:15091-0 ] WARN  ozoneimpl.OnDemandContainerDataScanner (OnDemandContainerDataScanner.java:init(75)) - Trying to initialize on demand scanner a second time on a datanode.
2024-04-26 07:43:43,535 [ContainerMetadataScanner] INFO  ozoneimpl.AbstractBackgroundContainerScanner (AbstractBackgroundContainerScanner.java:runIteration(87)) - Completed an iteration in 0 minutes. Number of iterations (since the data-node restart) : 1, Number of containers scanned in this iteration : 0, Number of unhealthy containers found in this iteration : 0
2024-04-26 07:43:43,535 [6344c76b-c160-4957-8ee9-5bf4783825fc-EndpointStateMachineTaskThread-/0.0.0.0:15091-0 ] INFO  replication.ReplicationServer (ReplicationServer.java:start(142)) - ReplicationServer is started using port 15123
2024-04-26 07:43:43,535 [6344c76b-c160-4957-8ee9-5bf4783825fc-EndpointStateMachineTaskThread-/0.0.0.0:15091-0 ] INFO  ratis.XceiverServerRatis (XceiverServerRatis.java:start(566)) - Starting XceiverServerRatis 6344c76b-c160-4957-8ee9-5bf4783825fc
2024-04-26 07:43:43,535 [ContainerDataScanner(/home/runner/work/ozone/ozone/hadoop-ozone/integration-test/target/test-dir/MiniOzoneClusterImpl-a56b3a23-5bf6-4b5b-a0fe-007206924a4e/ozone-meta/datanode-3/data-0/hdds)] INFO  ozoneimpl.AbstractBackgroundContainerScanner (AbstractBackgroundContainerScanner.java:runIteration(87)) - Completed an iteration in 0 minutes. Number of iterations (since the data-node restart) : 1, Number of containers scanned in this iteration : 0, Number of unhealthy containers found in this iteration : 0
2024-04-26 07:43:43,540 [6344c76b-c160-4957-8ee9-5bf4783825fc-EndpointStateMachineTaskThread-/0.0.0.0:15091-0 ] INFO  server.RaftServer (RaftServerProxy.java:startImpl(406)) - 6344c76b-c160-4957-8ee9-5bf4783825fc: start RPC server
2024-04-26 07:43:43,541 [6344c76b-c160-4957-8ee9-5bf4783825fc-EndpointStateMachineTaskThread-/0.0.0.0:15091-0 ] INFO  server.GrpcService (GrpcService.java:startImpl(302)) - 6344c76b-c160-4957-8ee9-5bf4783825fc: GrpcService started, listening on 15119
2024-04-26 07:43:43,541 [6344c76b-c160-4957-8ee9-5bf4783825fc-EndpointStateMachineTaskThread-/0.0.0.0:15091-0 ] INFO  server.GrpcService (GrpcService.java:startImpl(302)) - 6344c76b-c160-4957-8ee9-5bf4783825fc: GrpcService started, listening on 15121
2024-04-26 07:43:43,541 [6344c76b-c160-4957-8ee9-5bf4783825fc-EndpointStateMachineTaskThread-/0.0.0.0:15091-0 ] INFO  server.GrpcService (GrpcService.java:startImpl(302)) - 6344c76b-c160-4957-8ee9-5bf4783825fc: GrpcService started, listening on 15120
2024-04-26 07:43:43,541 [6344c76b-c160-4957-8ee9-5bf4783825fc-EndpointStateMachineTaskThread-/0.0.0.0:15091-0 ] INFO  ratis.XceiverServerRatis (XceiverServerRatis.java:getRealPort(592)) - XceiverServerRatis 6344c76b-c160-4957-8ee9-5bf4783825fc is started using port 15119 for RATIS
2024-04-26 07:43:43,541 [JvmPauseMonitor15] INFO  util.JvmPauseMonitor (JvmPauseMonitor.java:run(146)) - JvmPauseMonitor-6344c76b-c160-4957-8ee9-5bf4783825fc: Started
2024-04-26 07:43:43,541 [6344c76b-c160-4957-8ee9-5bf4783825fc-EndpointStateMachineTaskThread-/0.0.0.0:15091-0 ] INFO  ratis.XceiverServerRatis (XceiverServerRatis.java:getRealPort(592)) - XceiverServerRatis 6344c76b-c160-4957-8ee9-5bf4783825fc is started using port 15120 for RATIS_ADMIN
2024-04-26 07:43:43,541 [6344c76b-c160-4957-8ee9-5bf4783825fc-EndpointStateMachineTaskThread-/0.0.0.0:15091-0 ] INFO  ratis.XceiverServerRatis (XceiverServerRatis.java:getRealPort(592)) - XceiverServerRatis 6344c76b-c160-4957-8ee9-5bf4783825fc is started using port 15121 for RATIS_SERVER
2024-04-26 07:43:43,541 [6344c76b-c160-4957-8ee9-5bf4783825fc-EndpointStateMachineTaskThread-/0.0.0.0:15091-0 ] INFO  ratis.XceiverServerRatis (XceiverServerRatis.java:getRealPort(592)) - XceiverServerRatis 6344c76b-c160-4957-8ee9-5bf4783825fc is started using port 15122 for RATIS_DATASTREAM
2024-04-26 07:43:43,542 [6344c76b-c160-4957-8ee9-5bf4783825fc-BlockDeletingService#0] INFO  interfaces.ContainerDeletionChoosingPolicyTemplate (ContainerDeletionChoosingPolicyTemplate.java:chooseContainerForBlockDeletion(85)) - Chosen 0/5000 blocks from 0 candidate containers.
2024-04-26 07:43:43,636 [84e7e7d6-61bf-4ff4-b705-307942077190-EndpointStateMachineTaskThread-/0.0.0.0:15091-0 ] INFO  utils.DatanodeStoreCache (DatanodeStoreCache.java:addDB(72)) - Added db /home/runner/work/ozone/ozone/hadoop-ozone/integration-test/target/test-dir/MiniOzoneClusterImpl-a56b3a23-5bf6-4b5b-a0fe-007206924a4e/ozone-meta/datanode-4/data-0/hdds/a56b3a23-5bf6-4b5b-a0fe-007206924a4e/DS-68d4e605-c967-4b7c-891f-f2ea2600d1ab/container.db to cache
2024-04-26 07:43:43,636 [84e7e7d6-61bf-4ff4-b705-307942077190-EndpointStateMachineTaskThread-/0.0.0.0:15091-0 ] INFO  volume.HddsVolume (HddsVolume.java:createDbStore(437)) - SchemaV3 db is created and loaded at /home/runner/work/ozone/ozone/hadoop-ozone/integration-test/target/test-dir/MiniOzoneClusterImpl-a56b3a23-5bf6-4b5b-a0fe-007206924a4e/ozone-meta/datanode-4/data-0/hdds/a56b3a23-5bf6-4b5b-a0fe-007206924a4e/DS-68d4e605-c967-4b7c-891f-f2ea2600d1ab/container.db for volume DS-68d4e605-c967-4b7c-891f-f2ea2600d1ab
2024-04-26 07:43:43,637 [84e7e7d6-61bf-4ff4-b705-307942077190-ContainerReader-0] INFO  ozoneimpl.ContainerReader (ContainerReader.java:readVolume(148)) - Start to verify containers on volume /home/runner/work/ozone/ozone/hadoop-ozone/integration-test/target/test-dir/MiniOzoneClusterImpl-a56b3a23-5bf6-4b5b-a0fe-007206924a4e/ozone-meta/datanode-4/data-0/hdds
2024-04-26 07:43:43,638 [84e7e7d6-61bf-4ff4-b705-307942077190-ContainerReader-0] INFO  ozoneimpl.ContainerReader (ContainerReader.java:readVolume(178)) - Finish verifying containers on volume /home/runner/work/ozone/ozone/hadoop-ozone/integration-test/target/test-dir/MiniOzoneClusterImpl-a56b3a23-5bf6-4b5b-a0fe-007206924a4e/ozone-meta/datanode-4/data-0/hdds
2024-04-26 07:43:43,638 [84e7e7d6-61bf-4ff4-b705-307942077190-EndpointStateMachineTaskThread-/0.0.0.0:15091-0 ] INFO  ozoneimpl.OzoneContainer (OzoneContainer.java:buildContainerSet(328)) - Build ContainerSet costs 0s
2024-04-26 07:43:43,638 [84e7e7d6-61bf-4ff4-b705-307942077190-EndpointStateMachineTaskThread-/0.0.0.0:15091-0 ] INFO  volume.ThrottledAsyncChecker (ThrottledAsyncChecker.java:schedule(141)) - Scheduling a check for /home/runner/work/ozone/ozone/hadoop-ozone/integration-test/target/test-dir/MiniOzoneClusterImpl-a56b3a23-5bf6-4b5b-a0fe-007206924a4e/ozone-meta/datanode-4/data-0/hdds
2024-04-26 07:43:43,639 [84e7e7d6-61bf-4ff4-b705-307942077190-EndpointStateMachineTaskThread-/0.0.0.0:15091-0 ] INFO  volume.StorageVolumeChecker (StorageVolumeChecker.java:checkAllVolumes(218)) - Scheduled health check for volume /home/runner/work/ozone/ozone/hadoop-ozone/integration-test/target/test-dir/MiniOzoneClusterImpl-a56b3a23-5bf6-4b5b-a0fe-007206924a4e/ozone-meta/datanode-4/data-0/hdds
2024-04-26 07:43:43,639 [84e7e7d6-61bf-4ff4-b705-307942077190-EndpointStateMachineTaskThread-/0.0.0.0:15091-0 ] INFO  volume.ThrottledAsyncChecker (ThrottledAsyncChecker.java:schedule(141)) - Scheduling a check for /home/runner/work/ozone/ozone/hadoop-ozone/integration-test/target/test-dir/MiniOzoneClusterImpl-a56b3a23-5bf6-4b5b-a0fe-007206924a4e/ozone-meta/datanode-4/ratis
2024-04-26 07:43:43,639 [84e7e7d6-61bf-4ff4-b705-307942077190-EndpointStateMachineTaskThread-/0.0.0.0:15091-0 ] INFO  volume.StorageVolumeChecker (StorageVolumeChecker.java:checkAllVolumes(218)) - Scheduled health check for volume /home/runner/work/ozone/ozone/hadoop-ozone/integration-test/target/test-dir/MiniOzoneClusterImpl-a56b3a23-5bf6-4b5b-a0fe-007206924a4e/ozone-meta/datanode-4/ratis
2024-04-26 07:43:43,640 [84e7e7d6-61bf-4ff4-b705-307942077190-EndpointStateMachineTaskThread-/0.0.0.0:15091-0 ] INFO  ozoneimpl.OzoneContainer (OzoneContainer.java:start(459)) - Attempting to start container services.
2024-04-26 07:43:43,640 [84e7e7d6-61bf-4ff4-b705-307942077190-EndpointStateMachineTaskThread-/0.0.0.0:15091-0 ] WARN  ozoneimpl.OnDemandContainerDataScanner (OnDemandContainerDataScanner.java:init(75)) - Trying to initialize on demand scanner a second time on a datanode.
2024-04-26 07:43:43,640 [ContainerMetadataScanner] INFO  ozoneimpl.AbstractBackgroundContainerScanner (AbstractBackgroundContainerScanner.java:runIteration(87)) - Completed an iteration in 0 minutes. Number of iterations (since the data-node restart) : 1, Number of containers scanned in this iteration : 0, Number of unhealthy containers found in this iteration : 0
2024-04-26 07:43:43,641 [ContainerDataScanner(/home/runner/work/ozone/ozone/hadoop-ozone/integration-test/target/test-dir/MiniOzoneClusterImpl-a56b3a23-5bf6-4b5b-a0fe-007206924a4e/ozone-meta/datanode-4/data-0/hdds)] INFO  ozoneimpl.AbstractBackgroundContainerScanner (AbstractBackgroundContainerScanner.java:runIteration(87)) - Completed an iteration in 0 minutes. Number of iterations (since the data-node restart) : 1, Number of containers scanned in this iteration : 0, Number of unhealthy containers found in this iteration : 0
2024-04-26 07:43:43,641 [84e7e7d6-61bf-4ff4-b705-307942077190-EndpointStateMachineTaskThread-/0.0.0.0:15091-0 ] INFO  replication.ReplicationServer (ReplicationServer.java:start(142)) - ReplicationServer is started using port 15132
2024-04-26 07:43:43,641 [84e7e7d6-61bf-4ff4-b705-307942077190-EndpointStateMachineTaskThread-/0.0.0.0:15091-0 ] INFO  ratis.XceiverServerRatis (XceiverServerRatis.java:start(566)) - Starting XceiverServerRatis 84e7e7d6-61bf-4ff4-b705-307942077190
2024-04-26 07:43:43,641 [84e7e7d6-61bf-4ff4-b705-307942077190-EndpointStateMachineTaskThread-/0.0.0.0:15091-0 ] INFO  server.RaftServer (RaftServerProxy.java:startImpl(406)) - 84e7e7d6-61bf-4ff4-b705-307942077190: start RPC server
2024-04-26 07:43:43,642 [84e7e7d6-61bf-4ff4-b705-307942077190-EndpointStateMachineTaskThread-/0.0.0.0:15091-0 ] INFO  server.GrpcService (GrpcService.java:startImpl(302)) - 84e7e7d6-61bf-4ff4-b705-307942077190: GrpcService started, listening on 15128
2024-04-26 07:43:43,642 [84e7e7d6-61bf-4ff4-b705-307942077190-EndpointStateMachineTaskThread-/0.0.0.0:15091-0 ] INFO  server.GrpcService (GrpcService.java:startImpl(302)) - 84e7e7d6-61bf-4ff4-b705-307942077190: GrpcService started, listening on 15130
2024-04-26 07:43:43,642 [84e7e7d6-61bf-4ff4-b705-307942077190-EndpointStateMachineTaskThread-/0.0.0.0:15091-0 ] INFO  server.GrpcService (GrpcService.java:startImpl(302)) - 84e7e7d6-61bf-4ff4-b705-307942077190: GrpcService started, listening on 15129
2024-04-26 07:43:43,642 [84e7e7d6-61bf-4ff4-b705-307942077190-EndpointStateMachineTaskThread-/0.0.0.0:15091-0 ] INFO  ratis.XceiverServerRatis (XceiverServerRatis.java:getRealPort(592)) - XceiverServerRatis 84e7e7d6-61bf-4ff4-b705-307942077190 is started using port 15128 for RATIS
2024-04-26 07:43:43,642 [84e7e7d6-61bf-4ff4-b705-307942077190-EndpointStateMachineTaskThread-/0.0.0.0:15091-0 ] INFO  ratis.XceiverServerRatis (XceiverServerRatis.java:getRealPort(592)) - XceiverServerRatis 84e7e7d6-61bf-4ff4-b705-307942077190 is started using port 15129 for RATIS_ADMIN
2024-04-26 07:43:43,642 [84e7e7d6-61bf-4ff4-b705-307942077190-EndpointStateMachineTaskThread-/0.0.0.0:15091-0 ] INFO  ratis.XceiverServerRatis (XceiverServerRatis.java:getRealPort(592)) - XceiverServerRatis 84e7e7d6-61bf-4ff4-b705-307942077190 is started using port 15130 for RATIS_SERVER
2024-04-26 07:43:43,643 [84e7e7d6-61bf-4ff4-b705-307942077190-EndpointStateMachineTaskThread-/0.0.0.0:15091-0 ] INFO  ratis.XceiverServerRatis (XceiverServerRatis.java:getRealPort(592)) - XceiverServerRatis 84e7e7d6-61bf-4ff4-b705-307942077190 is started using port 15131 for RATIS_DATASTREAM
2024-04-26 07:43:43,642 [JvmPauseMonitor16] INFO  util.JvmPauseMonitor (JvmPauseMonitor.java:run(146)) - JvmPauseMonitor-84e7e7d6-61bf-4ff4-b705-307942077190: Started
2024-04-26 07:43:43,644 [84e7e7d6-61bf-4ff4-b705-307942077190-BlockDeletingService#0] INFO  interfaces.ContainerDeletionChoosingPolicyTemplate (ContainerDeletionChoosingPolicyTemplate.java:chooseContainerForBlockDeletion(85)) - Chosen 0/5000 blocks from 0 candidate containers.
2024-04-26 07:43:43,715 [14d9c642-7495-4fc5-a0b1-a63fd7fd9772-EndpointStateMachineTaskThread-/0.0.0.0:15091-0 ] INFO  utils.DatanodeStoreCache (DatanodeStoreCache.java:addDB(72)) - Added db /home/runner/work/ozone/ozone/hadoop-ozone/integration-test/target/test-dir/MiniOzoneClusterImpl-a56b3a23-5bf6-4b5b-a0fe-007206924a4e/ozone-meta/datanode-5/data-0/hdds/a56b3a23-5bf6-4b5b-a0fe-007206924a4e/DS-bd12a281-37bf-46f1-b888-9edb751ed84d/container.db to cache
2024-04-26 07:43:43,715 [14d9c642-7495-4fc5-a0b1-a63fd7fd9772-EndpointStateMachineTaskThread-/0.0.0.0:15091-0 ] INFO  volume.HddsVolume (HddsVolume.java:createDbStore(437)) - SchemaV3 db is created and loaded at /home/runner/work/ozone/ozone/hadoop-ozone/integration-test/target/test-dir/MiniOzoneClusterImpl-a56b3a23-5bf6-4b5b-a0fe-007206924a4e/ozone-meta/datanode-5/data-0/hdds/a56b3a23-5bf6-4b5b-a0fe-007206924a4e/DS-bd12a281-37bf-46f1-b888-9edb751ed84d/container.db for volume DS-bd12a281-37bf-46f1-b888-9edb751ed84d
2024-04-26 07:43:43,716 [14d9c642-7495-4fc5-a0b1-a63fd7fd9772-ContainerReader-0] INFO  ozoneimpl.ContainerReader (ContainerReader.java:readVolume(148)) - Start to verify containers on volume /home/runner/work/ozone/ozone/hadoop-ozone/integration-test/target/test-dir/MiniOzoneClusterImpl-a56b3a23-5bf6-4b5b-a0fe-007206924a4e/ozone-meta/datanode-5/data-0/hdds
2024-04-26 07:43:43,716 [14d9c642-7495-4fc5-a0b1-a63fd7fd9772-ContainerReader-0] INFO  ozoneimpl.ContainerReader (ContainerReader.java:readVolume(178)) - Finish verifying containers on volume /home/runner/work/ozone/ozone/hadoop-ozone/integration-test/target/test-dir/MiniOzoneClusterImpl-a56b3a23-5bf6-4b5b-a0fe-007206924a4e/ozone-meta/datanode-5/data-0/hdds
2024-04-26 07:43:43,717 [14d9c642-7495-4fc5-a0b1-a63fd7fd9772-EndpointStateMachineTaskThread-/0.0.0.0:15091-0 ] INFO  ozoneimpl.OzoneContainer (OzoneContainer.java:buildContainerSet(328)) - Build ContainerSet costs 0s
2024-04-26 07:43:43,717 [14d9c642-7495-4fc5-a0b1-a63fd7fd9772-EndpointStateMachineTaskThread-/0.0.0.0:15091-0 ] INFO  volume.ThrottledAsyncChecker (ThrottledAsyncChecker.java:schedule(141)) - Scheduling a check for /home/runner/work/ozone/ozone/hadoop-ozone/integration-test/target/test-dir/MiniOzoneClusterImpl-a56b3a23-5bf6-4b5b-a0fe-007206924a4e/ozone-meta/datanode-5/data-0/hdds
2024-04-26 07:43:43,717 [14d9c642-7495-4fc5-a0b1-a63fd7fd9772-EndpointStateMachineTaskThread-/0.0.0.0:15091-0 ] INFO  volume.StorageVolumeChecker (StorageVolumeChecker.java:checkAllVolumes(218)) - Scheduled health check for volume /home/runner/work/ozone/ozone/hadoop-ozone/integration-test/target/test-dir/MiniOzoneClusterImpl-a56b3a23-5bf6-4b5b-a0fe-007206924a4e/ozone-meta/datanode-5/data-0/hdds
2024-04-26 07:43:43,718 [14d9c642-7495-4fc5-a0b1-a63fd7fd9772-EndpointStateMachineTaskThread-/0.0.0.0:15091-0 ] INFO  volume.ThrottledAsyncChecker (ThrottledAsyncChecker.java:schedule(141)) - Scheduling a check for /home/runner/work/ozone/ozone/hadoop-ozone/integration-test/target/test-dir/MiniOzoneClusterImpl-a56b3a23-5bf6-4b5b-a0fe-007206924a4e/ozone-meta/datanode-5/ratis
2024-04-26 07:43:43,718 [14d9c642-7495-4fc5-a0b1-a63fd7fd9772-EndpointStateMachineTaskThread-/0.0.0.0:15091-0 ] INFO  volume.StorageVolumeChecker (StorageVolumeChecker.java:checkAllVolumes(218)) - Scheduled health check for volume /home/runner/work/ozone/ozone/hadoop-ozone/integration-test/target/test-dir/MiniOzoneClusterImpl-a56b3a23-5bf6-4b5b-a0fe-007206924a4e/ozone-meta/datanode-5/ratis
2024-04-26 07:43:43,718 [14d9c642-7495-4fc5-a0b1-a63fd7fd9772-EndpointStateMachineTaskThread-/0.0.0.0:15091-0 ] INFO  ozoneimpl.OzoneContainer (OzoneContainer.java:start(459)) - Attempting to start container services.
2024-04-26 07:43:43,718 [14d9c642-7495-4fc5-a0b1-a63fd7fd9772-EndpointStateMachineTaskThread-/0.0.0.0:15091-0 ] WARN  ozoneimpl.OnDemandContainerDataScanner (OnDemandContainerDataScanner.java:init(75)) - Trying to initialize on demand scanner a second time on a datanode.
2024-04-26 07:43:43,719 [ContainerMetadataScanner] INFO  ozoneimpl.AbstractBackgroundContainerScanner (AbstractBackgroundContainerScanner.java:runIteration(87)) - Completed an iteration in 0 minutes. Number of iterations (since the data-node restart) : 1, Number of containers scanned in this iteration : 0, Number of unhealthy containers found in this iteration : 0
2024-04-26 07:43:43,719 [ContainerDataScanner(/home/runner/work/ozone/ozone/hadoop-ozone/integration-test/target/test-dir/MiniOzoneClusterImpl-a56b3a23-5bf6-4b5b-a0fe-007206924a4e/ozone-meta/datanode-5/data-0/hdds)] INFO  ozoneimpl.AbstractBackgroundContainerScanner (AbstractBackgroundContainerScanner.java:runIteration(87)) - Completed an iteration in 0 minutes. Number of iterations (since the data-node restart) : 1, Number of containers scanned in this iteration : 0, Number of unhealthy containers found in this iteration : 0
2024-04-26 07:43:43,719 [14d9c642-7495-4fc5-a0b1-a63fd7fd9772-EndpointStateMachineTaskThread-/0.0.0.0:15091-0 ] INFO  replication.ReplicationServer (ReplicationServer.java:start(142)) - ReplicationServer is started using port 15141
2024-04-26 07:43:43,719 [14d9c642-7495-4fc5-a0b1-a63fd7fd9772-EndpointStateMachineTaskThread-/0.0.0.0:15091-0 ] INFO  ratis.XceiverServerRatis (XceiverServerRatis.java:start(566)) - Starting XceiverServerRatis 14d9c642-7495-4fc5-a0b1-a63fd7fd9772
2024-04-26 07:43:43,720 [14d9c642-7495-4fc5-a0b1-a63fd7fd9772-EndpointStateMachineTaskThread-/0.0.0.0:15091-0 ] INFO  server.RaftServer (RaftServerProxy.java:startImpl(406)) - 14d9c642-7495-4fc5-a0b1-a63fd7fd9772: start RPC server
2024-04-26 07:43:43,720 [14d9c642-7495-4fc5-a0b1-a63fd7fd9772-EndpointStateMachineTaskThread-/0.0.0.0:15091-0 ] INFO  server.GrpcService (GrpcService.java:startImpl(302)) - 14d9c642-7495-4fc5-a0b1-a63fd7fd9772: GrpcService started, listening on 15137
2024-04-26 07:43:43,721 [14d9c642-7495-4fc5-a0b1-a63fd7fd9772-EndpointStateMachineTaskThread-/0.0.0.0:15091-0 ] INFO  server.GrpcService (GrpcService.java:startImpl(302)) - 14d9c642-7495-4fc5-a0b1-a63fd7fd9772: GrpcService started, listening on 15139
2024-04-26 07:43:43,721 [14d9c642-7495-4fc5-a0b1-a63fd7fd9772-EndpointStateMachineTaskThread-/0.0.0.0:15091-0 ] INFO  server.GrpcService (GrpcService.java:startImpl(302)) - 14d9c642-7495-4fc5-a0b1-a63fd7fd9772: GrpcService started, listening on 15138
2024-04-26 07:43:43,722 [14d9c642-7495-4fc5-a0b1-a63fd7fd9772-EndpointStateMachineTaskThread-/0.0.0.0:15091-0 ] INFO  ratis.XceiverServerRatis (XceiverServerRatis.java:getRealPort(592)) - XceiverServerRatis 14d9c642-7495-4fc5-a0b1-a63fd7fd9772 is started using port 15137 for RATIS
2024-04-26 07:43:43,722 [14d9c642-7495-4fc5-a0b1-a63fd7fd9772-EndpointStateMachineTaskThread-/0.0.0.0:15091-0 ] INFO  ratis.XceiverServerRatis (XceiverServerRatis.java:getRealPort(592)) - XceiverServerRatis 14d9c642-7495-4fc5-a0b1-a63fd7fd9772 is started using port 15138 for RATIS_ADMIN
2024-04-26 07:43:43,722 [14d9c642-7495-4fc5-a0b1-a63fd7fd9772-EndpointStateMachineTaskThread-/0.0.0.0:15091-0 ] INFO  ratis.XceiverServerRatis (XceiverServerRatis.java:getRealPort(592)) - XceiverServerRatis 14d9c642-7495-4fc5-a0b1-a63fd7fd9772 is started using port 15139 for RATIS_SERVER
2024-04-26 07:43:43,722 [14d9c642-7495-4fc5-a0b1-a63fd7fd9772-EndpointStateMachineTaskThread-/0.0.0.0:15091-0 ] INFO  ratis.XceiverServerRatis (XceiverServerRatis.java:getRealPort(592)) - XceiverServerRatis 14d9c642-7495-4fc5-a0b1-a63fd7fd9772 is started using port 15140 for RATIS_DATASTREAM
2024-04-26 07:43:43,722 [JvmPauseMonitor17] INFO  util.JvmPauseMonitor (JvmPauseMonitor.java:run(146)) - JvmPauseMonitor-14d9c642-7495-4fc5-a0b1-a63fd7fd9772: Started
2024-04-26 07:43:43,723 [14d9c642-7495-4fc5-a0b1-a63fd7fd9772-BlockDeletingService#0] INFO  interfaces.ContainerDeletionChoosingPolicyTemplate (ContainerDeletionChoosingPolicyTemplate.java:chooseContainerForBlockDeletion(85)) - Chosen 0/5000 blocks from 0 candidate containers.
2024-04-26 07:43:43,821 [2f58e8cd-28e0-414a-bc84-31490c64287f-EndpointStateMachineTaskThread-/0.0.0.0:15091-0 ] INFO  utils.DatanodeStoreCache (DatanodeStoreCache.java:addDB(72)) - Added db /home/runner/work/ozone/ozone/hadoop-ozone/integration-test/target/test-dir/MiniOzoneClusterImpl-a56b3a23-5bf6-4b5b-a0fe-007206924a4e/ozone-meta/datanode-6/data-0/hdds/a56b3a23-5bf6-4b5b-a0fe-007206924a4e/DS-53d68d21-bc9c-4216-9ada-45309f7e6785/container.db to cache
2024-04-26 07:43:43,822 [2f58e8cd-28e0-414a-bc84-31490c64287f-EndpointStateMachineTaskThread-/0.0.0.0:15091-0 ] INFO  volume.HddsVolume (HddsVolume.java:createDbStore(437)) - SchemaV3 db is created and loaded at /home/runner/work/ozone/ozone/hadoop-ozone/integration-test/target/test-dir/MiniOzoneClusterImpl-a56b3a23-5bf6-4b5b-a0fe-007206924a4e/ozone-meta/datanode-6/data-0/hdds/a56b3a23-5bf6-4b5b-a0fe-007206924a4e/DS-53d68d21-bc9c-4216-9ada-45309f7e6785/container.db for volume DS-53d68d21-bc9c-4216-9ada-45309f7e6785
2024-04-26 07:43:43,823 [2f58e8cd-28e0-414a-bc84-31490c64287f-ContainerReader-0] INFO  ozoneimpl.ContainerReader (ContainerReader.java:readVolume(148)) - Start to verify containers on volume /home/runner/work/ozone/ozone/hadoop-ozone/integration-test/target/test-dir/MiniOzoneClusterImpl-a56b3a23-5bf6-4b5b-a0fe-007206924a4e/ozone-meta/datanode-6/data-0/hdds
2024-04-26 07:43:43,823 [2f58e8cd-28e0-414a-bc84-31490c64287f-ContainerReader-0] INFO  ozoneimpl.ContainerReader (ContainerReader.java:readVolume(178)) - Finish verifying containers on volume /home/runner/work/ozone/ozone/hadoop-ozone/integration-test/target/test-dir/MiniOzoneClusterImpl-a56b3a23-5bf6-4b5b-a0fe-007206924a4e/ozone-meta/datanode-6/data-0/hdds
2024-04-26 07:43:43,823 [2f58e8cd-28e0-414a-bc84-31490c64287f-EndpointStateMachineTaskThread-/0.0.0.0:15091-0 ] INFO  ozoneimpl.OzoneContainer (OzoneContainer.java:buildContainerSet(328)) - Build ContainerSet costs 0s
2024-04-26 07:43:43,823 [2f58e8cd-28e0-414a-bc84-31490c64287f-EndpointStateMachineTaskThread-/0.0.0.0:15091-0 ] INFO  volume.ThrottledAsyncChecker (ThrottledAsyncChecker.java:schedule(141)) - Scheduling a check for /home/runner/work/ozone/ozone/hadoop-ozone/integration-test/target/test-dir/MiniOzoneClusterImpl-a56b3a23-5bf6-4b5b-a0fe-007206924a4e/ozone-meta/datanode-6/data-0/hdds
2024-04-26 07:43:43,824 [2f58e8cd-28e0-414a-bc84-31490c64287f-EndpointStateMachineTaskThread-/0.0.0.0:15091-0 ] INFO  volume.StorageVolumeChecker (StorageVolumeChecker.java:checkAllVolumes(218)) - Scheduled health check for volume /home/runner/work/ozone/ozone/hadoop-ozone/integration-test/target/test-dir/MiniOzoneClusterImpl-a56b3a23-5bf6-4b5b-a0fe-007206924a4e/ozone-meta/datanode-6/data-0/hdds
2024-04-26 07:43:43,825 [2f58e8cd-28e0-414a-bc84-31490c64287f-EndpointStateMachineTaskThread-/0.0.0.0:15091-0 ] INFO  volume.ThrottledAsyncChecker (ThrottledAsyncChecker.java:schedule(141)) - Scheduling a check for /home/runner/work/ozone/ozone/hadoop-ozone/integration-test/target/test-dir/MiniOzoneClusterImpl-a56b3a23-5bf6-4b5b-a0fe-007206924a4e/ozone-meta/datanode-6/ratis
2024-04-26 07:43:43,825 [2f58e8cd-28e0-414a-bc84-31490c64287f-EndpointStateMachineTaskThread-/0.0.0.0:15091-0 ] INFO  volume.StorageVolumeChecker (StorageVolumeChecker.java:checkAllVolumes(218)) - Scheduled health check for volume /home/runner/work/ozone/ozone/hadoop-ozone/integration-test/target/test-dir/MiniOzoneClusterImpl-a56b3a23-5bf6-4b5b-a0fe-007206924a4e/ozone-meta/datanode-6/ratis
2024-04-26 07:43:43,825 [2f58e8cd-28e0-414a-bc84-31490c64287f-EndpointStateMachineTaskThread-/0.0.0.0:15091-0 ] INFO  ozoneimpl.OzoneContainer (OzoneContainer.java:start(459)) - Attempting to start container services.
2024-04-26 07:43:43,825 [2f58e8cd-28e0-414a-bc84-31490c64287f-EndpointStateMachineTaskThread-/0.0.0.0:15091-0 ] WARN  ozoneimpl.OnDemandContainerDataScanner (OnDemandContainerDataScanner.java:init(75)) - Trying to initialize on demand scanner a second time on a datanode.
2024-04-26 07:43:43,826 [ContainerMetadataScanner] INFO  ozoneimpl.AbstractBackgroundContainerScanner (AbstractBackgroundContainerScanner.java:runIteration(87)) - Completed an iteration in 0 minutes. Number of iterations (since the data-node restart) : 1, Number of containers scanned in this iteration : 0, Number of unhealthy containers found in this iteration : 0
2024-04-26 07:43:43,826 [ContainerDataScanner(/home/runner/work/ozone/ozone/hadoop-ozone/integration-test/target/test-dir/MiniOzoneClusterImpl-a56b3a23-5bf6-4b5b-a0fe-007206924a4e/ozone-meta/datanode-6/data-0/hdds)] INFO  ozoneimpl.AbstractBackgroundContainerScanner (AbstractBackgroundContainerScanner.java:runIteration(87)) - Completed an iteration in 0 minutes. Number of iterations (since the data-node restart) : 1, Number of containers scanned in this iteration : 0, Number of unhealthy containers found in this iteration : 0
2024-04-26 07:43:43,827 [2f58e8cd-28e0-414a-bc84-31490c64287f-EndpointStateMachineTaskThread-/0.0.0.0:15091-0 ] INFO  replication.ReplicationServer (ReplicationServer.java:start(142)) - ReplicationServer is started using port 15150
2024-04-26 07:43:43,827 [2f58e8cd-28e0-414a-bc84-31490c64287f-EndpointStateMachineTaskThread-/0.0.0.0:15091-0 ] INFO  ratis.XceiverServerRatis (XceiverServerRatis.java:start(566)) - Starting XceiverServerRatis 2f58e8cd-28e0-414a-bc84-31490c64287f
2024-04-26 07:43:43,827 [2f58e8cd-28e0-414a-bc84-31490c64287f-EndpointStateMachineTaskThread-/0.0.0.0:15091-0 ] INFO  server.RaftServer (RaftServerProxy.java:startImpl(406)) - 2f58e8cd-28e0-414a-bc84-31490c64287f: start RPC server
2024-04-26 07:43:43,827 [2f58e8cd-28e0-414a-bc84-31490c64287f-EndpointStateMachineTaskThread-/0.0.0.0:15091-0 ] INFO  server.GrpcService (GrpcService.java:startImpl(302)) - 2f58e8cd-28e0-414a-bc84-31490c64287f: GrpcService started, listening on 15146
2024-04-26 07:43:43,828 [2f58e8cd-28e0-414a-bc84-31490c64287f-EndpointStateMachineTaskThread-/0.0.0.0:15091-0 ] INFO  server.GrpcService (GrpcService.java:startImpl(302)) - 2f58e8cd-28e0-414a-bc84-31490c64287f: GrpcService started, listening on 15148
2024-04-26 07:43:43,828 [2f58e8cd-28e0-414a-bc84-31490c64287f-EndpointStateMachineTaskThread-/0.0.0.0:15091-0 ] INFO  server.GrpcService (GrpcService.java:startImpl(302)) - 2f58e8cd-28e0-414a-bc84-31490c64287f: GrpcService started, listening on 15147
2024-04-26 07:43:43,828 [2f58e8cd-28e0-414a-bc84-31490c64287f-EndpointStateMachineTaskThread-/0.0.0.0:15091-0 ] INFO  ratis.XceiverServerRatis (XceiverServerRatis.java:getRealPort(592)) - XceiverServerRatis 2f58e8cd-28e0-414a-bc84-31490c64287f is started using port 15146 for RATIS
2024-04-26 07:43:43,828 [JvmPauseMonitor18] INFO  util.JvmPauseMonitor (JvmPauseMonitor.java:run(146)) - JvmPauseMonitor-2f58e8cd-28e0-414a-bc84-31490c64287f: Started
2024-04-26 07:43:43,828 [2f58e8cd-28e0-414a-bc84-31490c64287f-EndpointStateMachineTaskThread-/0.0.0.0:15091-0 ] INFO  ratis.XceiverServerRatis (XceiverServerRatis.java:getRealPort(592)) - XceiverServerRatis 2f58e8cd-28e0-414a-bc84-31490c64287f is started using port 15147 for RATIS_ADMIN
2024-04-26 07:43:43,828 [2f58e8cd-28e0-414a-bc84-31490c64287f-EndpointStateMachineTaskThread-/0.0.0.0:15091-0 ] INFO  ratis.XceiverServerRatis (XceiverServerRatis.java:getRealPort(592)) - XceiverServerRatis 2f58e8cd-28e0-414a-bc84-31490c64287f is started using port 15148 for RATIS_SERVER
2024-04-26 07:43:43,828 [2f58e8cd-28e0-414a-bc84-31490c64287f-EndpointStateMachineTaskThread-/0.0.0.0:15091-0 ] INFO  ratis.XceiverServerRatis (XceiverServerRatis.java:getRealPort(592)) - XceiverServerRatis 2f58e8cd-28e0-414a-bc84-31490c64287f is started using port 15149 for RATIS_DATASTREAM
2024-04-26 07:43:43,829 [2f58e8cd-28e0-414a-bc84-31490c64287f-BlockDeletingService#0] INFO  interfaces.ContainerDeletionChoosingPolicyTemplate (ContainerDeletionChoosingPolicyTemplate.java:chooseContainerForBlockDeletion(85)) - Chosen 0/5000 blocks from 0 candidate containers.
2024-04-26 07:43:43,890 [a0a780bc-4285-4c1f-be2a-f222fe59f73a-EndpointStateMachineTaskThread-/0.0.0.0:15091-0 ] INFO  utils.DatanodeStoreCache (DatanodeStoreCache.java:addDB(72)) - Added db /home/runner/work/ozone/ozone/hadoop-ozone/integration-test/target/test-dir/MiniOzoneClusterImpl-a56b3a23-5bf6-4b5b-a0fe-007206924a4e/ozone-meta/datanode-7/data-0/hdds/a56b3a23-5bf6-4b5b-a0fe-007206924a4e/DS-03ccbcc1-b9ae-4b33-bcd8-36d27a4f7bc0/container.db to cache
2024-04-26 07:43:43,890 [a0a780bc-4285-4c1f-be2a-f222fe59f73a-EndpointStateMachineTaskThread-/0.0.0.0:15091-0 ] INFO  volume.HddsVolume (HddsVolume.java:createDbStore(437)) - SchemaV3 db is created and loaded at /home/runner/work/ozone/ozone/hadoop-ozone/integration-test/target/test-dir/MiniOzoneClusterImpl-a56b3a23-5bf6-4b5b-a0fe-007206924a4e/ozone-meta/datanode-7/data-0/hdds/a56b3a23-5bf6-4b5b-a0fe-007206924a4e/DS-03ccbcc1-b9ae-4b33-bcd8-36d27a4f7bc0/container.db for volume DS-03ccbcc1-b9ae-4b33-bcd8-36d27a4f7bc0
2024-04-26 07:43:43,892 [a0a780bc-4285-4c1f-be2a-f222fe59f73a-ContainerReader-0] INFO  ozoneimpl.ContainerReader (ContainerReader.java:readVolume(148)) - Start to verify containers on volume /home/runner/work/ozone/ozone/hadoop-ozone/integration-test/target/test-dir/MiniOzoneClusterImpl-a56b3a23-5bf6-4b5b-a0fe-007206924a4e/ozone-meta/datanode-7/data-0/hdds
2024-04-26 07:43:43,892 [a0a780bc-4285-4c1f-be2a-f222fe59f73a-ContainerReader-0] INFO  ozoneimpl.ContainerReader (ContainerReader.java:readVolume(178)) - Finish verifying containers on volume /home/runner/work/ozone/ozone/hadoop-ozone/integration-test/target/test-dir/MiniOzoneClusterImpl-a56b3a23-5bf6-4b5b-a0fe-007206924a4e/ozone-meta/datanode-7/data-0/hdds
2024-04-26 07:43:43,892 [a0a780bc-4285-4c1f-be2a-f222fe59f73a-EndpointStateMachineTaskThread-/0.0.0.0:15091-0 ] INFO  ozoneimpl.OzoneContainer (OzoneContainer.java:buildContainerSet(328)) - Build ContainerSet costs 0s
2024-04-26 07:43:43,892 [a0a780bc-4285-4c1f-be2a-f222fe59f73a-EndpointStateMachineTaskThread-/0.0.0.0:15091-0 ] INFO  volume.ThrottledAsyncChecker (ThrottledAsyncChecker.java:schedule(141)) - Scheduling a check for /home/runner/work/ozone/ozone/hadoop-ozone/integration-test/target/test-dir/MiniOzoneClusterImpl-a56b3a23-5bf6-4b5b-a0fe-007206924a4e/ozone-meta/datanode-7/data-0/hdds
2024-04-26 07:43:43,893 [a0a780bc-4285-4c1f-be2a-f222fe59f73a-EndpointStateMachineTaskThread-/0.0.0.0:15091-0 ] INFO  volume.StorageVolumeChecker (StorageVolumeChecker.java:checkAllVolumes(218)) - Scheduled health check for volume /home/runner/work/ozone/ozone/hadoop-ozone/integration-test/target/test-dir/MiniOzoneClusterImpl-a56b3a23-5bf6-4b5b-a0fe-007206924a4e/ozone-meta/datanode-7/data-0/hdds
2024-04-26 07:43:43,894 [a0a780bc-4285-4c1f-be2a-f222fe59f73a-EndpointStateMachineTaskThread-/0.0.0.0:15091-0 ] INFO  volume.ThrottledAsyncChecker (ThrottledAsyncChecker.java:schedule(141)) - Scheduling a check for /home/runner/work/ozone/ozone/hadoop-ozone/integration-test/target/test-dir/MiniOzoneClusterImpl-a56b3a23-5bf6-4b5b-a0fe-007206924a4e/ozone-meta/datanode-7/ratis
2024-04-26 07:43:43,894 [a0a780bc-4285-4c1f-be2a-f222fe59f73a-EndpointStateMachineTaskThread-/0.0.0.0:15091-0 ] INFO  volume.StorageVolumeChecker (StorageVolumeChecker.java:checkAllVolumes(218)) - Scheduled health check for volume /home/runner/work/ozone/ozone/hadoop-ozone/integration-test/target/test-dir/MiniOzoneClusterImpl-a56b3a23-5bf6-4b5b-a0fe-007206924a4e/ozone-meta/datanode-7/ratis
2024-04-26 07:43:43,895 [a0a780bc-4285-4c1f-be2a-f222fe59f73a-EndpointStateMachineTaskThread-/0.0.0.0:15091-0 ] INFO  ozoneimpl.OzoneContainer (OzoneContainer.java:start(459)) - Attempting to start container services.
2024-04-26 07:43:43,895 [a0a780bc-4285-4c1f-be2a-f222fe59f73a-EndpointStateMachineTaskThread-/0.0.0.0:15091-0 ] WARN  ozoneimpl.OnDemandContainerDataScanner (OnDemandContainerDataScanner.java:init(75)) - Trying to initialize on demand scanner a second time on a datanode.
2024-04-26 07:43:43,895 [ContainerMetadataScanner] INFO  ozoneimpl.AbstractBackgroundContainerScanner (AbstractBackgroundContainerScanner.java:runIteration(87)) - Completed an iteration in 0 minutes. Number of iterations (since the data-node restart) : 1, Number of containers scanned in this iteration : 0, Number of unhealthy containers found in this iteration : 0
2024-04-26 07:43:43,896 [ContainerDataScanner(/home/runner/work/ozone/ozone/hadoop-ozone/integration-test/target/test-dir/MiniOzoneClusterImpl-a56b3a23-5bf6-4b5b-a0fe-007206924a4e/ozone-meta/datanode-7/data-0/hdds)] INFO  ozoneimpl.AbstractBackgroundContainerScanner (AbstractBackgroundContainerScanner.java:runIteration(87)) - Completed an iteration in 0 minutes. Number of iterations (since the data-node restart) : 1, Number of containers scanned in this iteration : 0, Number of unhealthy containers found in this iteration : 0
2024-04-26 07:43:43,896 [a0a780bc-4285-4c1f-be2a-f222fe59f73a-EndpointStateMachineTaskThread-/0.0.0.0:15091-0 ] INFO  replication.ReplicationServer (ReplicationServer.java:start(142)) - ReplicationServer is started using port 15159
2024-04-26 07:43:43,896 [a0a780bc-4285-4c1f-be2a-f222fe59f73a-EndpointStateMachineTaskThread-/0.0.0.0:15091-0 ] INFO  ratis.XceiverServerRatis (XceiverServerRatis.java:start(566)) - Starting XceiverServerRatis a0a780bc-4285-4c1f-be2a-f222fe59f73a
2024-04-26 07:43:43,896 [a0a780bc-4285-4c1f-be2a-f222fe59f73a-EndpointStateMachineTaskThread-/0.0.0.0:15091-0 ] INFO  server.RaftServer (RaftServerProxy.java:startImpl(406)) - a0a780bc-4285-4c1f-be2a-f222fe59f73a: start RPC server
2024-04-26 07:43:43,897 [a0a780bc-4285-4c1f-be2a-f222fe59f73a-EndpointStateMachineTaskThread-/0.0.0.0:15091-0 ] INFO  server.GrpcService (GrpcService.java:startImpl(302)) - a0a780bc-4285-4c1f-be2a-f222fe59f73a: GrpcService started, listening on 15155
2024-04-26 07:43:43,897 [a0a780bc-4285-4c1f-be2a-f222fe59f73a-EndpointStateMachineTaskThread-/0.0.0.0:15091-0 ] INFO  server.GrpcService (GrpcService.java:startImpl(302)) - a0a780bc-4285-4c1f-be2a-f222fe59f73a: GrpcService started, listening on 15157
2024-04-26 07:43:43,897 [a0a780bc-4285-4c1f-be2a-f222fe59f73a-EndpointStateMachineTaskThread-/0.0.0.0:15091-0 ] INFO  server.GrpcService (GrpcService.java:startImpl(302)) - a0a780bc-4285-4c1f-be2a-f222fe59f73a: GrpcService started, listening on 15156
2024-04-26 07:43:43,898 [a0a780bc-4285-4c1f-be2a-f222fe59f73a-EndpointStateMachineTaskThread-/0.0.0.0:15091-0 ] INFO  ratis.XceiverServerRatis (XceiverServerRatis.java:getRealPort(592)) - XceiverServerRatis a0a780bc-4285-4c1f-be2a-f222fe59f73a is started using port 15155 for RATIS
2024-04-26 07:43:43,898 [a0a780bc-4285-4c1f-be2a-f222fe59f73a-EndpointStateMachineTaskThread-/0.0.0.0:15091-0 ] INFO  ratis.XceiverServerRatis (XceiverServerRatis.java:getRealPort(592)) - XceiverServerRatis a0a780bc-4285-4c1f-be2a-f222fe59f73a is started using port 15156 for RATIS_ADMIN
2024-04-26 07:43:43,898 [a0a780bc-4285-4c1f-be2a-f222fe59f73a-EndpointStateMachineTaskThread-/0.0.0.0:15091-0 ] INFO  ratis.XceiverServerRatis (XceiverServerRatis.java:getRealPort(592)) - XceiverServerRatis a0a780bc-4285-4c1f-be2a-f222fe59f73a is started using port 15157 for RATIS_SERVER
2024-04-26 07:43:43,898 [a0a780bc-4285-4c1f-be2a-f222fe59f73a-EndpointStateMachineTaskThread-/0.0.0.0:15091-0 ] INFO  ratis.XceiverServerRatis (XceiverServerRatis.java:getRealPort(592)) - XceiverServerRatis a0a780bc-4285-4c1f-be2a-f222fe59f73a is started using port 15158 for RATIS_DATASTREAM
2024-04-26 07:43:43,898 [JvmPauseMonitor19] INFO  util.JvmPauseMonitor (JvmPauseMonitor.java:run(146)) - JvmPauseMonitor-a0a780bc-4285-4c1f-be2a-f222fe59f73a: Started
2024-04-26 07:43:43,901 [a0a780bc-4285-4c1f-be2a-f222fe59f73a-BlockDeletingService#0] INFO  interfaces.ContainerDeletionChoosingPolicyTemplate (ContainerDeletionChoosingPolicyTemplate.java:chooseContainerForBlockDeletion(85)) - Chosen 0/5000 blocks from 0 candidate containers.
2024-04-26 07:43:43,944 [fc9979d5-d948-4828-9511-0e4a1771ac5f-EndpointStateMachineTaskThread-/0.0.0.0:15091-0 ] INFO  utils.DatanodeStoreCache (DatanodeStoreCache.java:addDB(72)) - Added db /home/runner/work/ozone/ozone/hadoop-ozone/integration-test/target/test-dir/MiniOzoneClusterImpl-a56b3a23-5bf6-4b5b-a0fe-007206924a4e/ozone-meta/datanode-8/data-0/hdds/a56b3a23-5bf6-4b5b-a0fe-007206924a4e/DS-ed68a511-7640-4ae6-9c68-e2452552bb7a/container.db to cache
2024-04-26 07:43:43,944 [fc9979d5-d948-4828-9511-0e4a1771ac5f-EndpointStateMachineTaskThread-/0.0.0.0:15091-0 ] INFO  volume.HddsVolume (HddsVolume.java:createDbStore(437)) - SchemaV3 db is created and loaded at /home/runner/work/ozone/ozone/hadoop-ozone/integration-test/target/test-dir/MiniOzoneClusterImpl-a56b3a23-5bf6-4b5b-a0fe-007206924a4e/ozone-meta/datanode-8/data-0/hdds/a56b3a23-5bf6-4b5b-a0fe-007206924a4e/DS-ed68a511-7640-4ae6-9c68-e2452552bb7a/container.db for volume DS-ed68a511-7640-4ae6-9c68-e2452552bb7a
2024-04-26 07:43:43,947 [fc9979d5-d948-4828-9511-0e4a1771ac5f-ContainerReader-0] INFO  ozoneimpl.ContainerReader (ContainerReader.java:readVolume(148)) - Start to verify containers on volume /home/runner/work/ozone/ozone/hadoop-ozone/integration-test/target/test-dir/MiniOzoneClusterImpl-a56b3a23-5bf6-4b5b-a0fe-007206924a4e/ozone-meta/datanode-8/data-0/hdds
2024-04-26 07:43:43,947 [fc9979d5-d948-4828-9511-0e4a1771ac5f-ContainerReader-0] INFO  ozoneimpl.ContainerReader (ContainerReader.java:readVolume(178)) - Finish verifying containers on volume /home/runner/work/ozone/ozone/hadoop-ozone/integration-test/target/test-dir/MiniOzoneClusterImpl-a56b3a23-5bf6-4b5b-a0fe-007206924a4e/ozone-meta/datanode-8/data-0/hdds
2024-04-26 07:43:43,947 [fc9979d5-d948-4828-9511-0e4a1771ac5f-EndpointStateMachineTaskThread-/0.0.0.0:15091-0 ] INFO  ozoneimpl.OzoneContainer (OzoneContainer.java:buildContainerSet(328)) - Build ContainerSet costs 0s
2024-04-26 07:43:43,947 [fc9979d5-d948-4828-9511-0e4a1771ac5f-EndpointStateMachineTaskThread-/0.0.0.0:15091-0 ] INFO  volume.ThrottledAsyncChecker (ThrottledAsyncChecker.java:schedule(141)) - Scheduling a check for /home/runner/work/ozone/ozone/hadoop-ozone/integration-test/target/test-dir/MiniOzoneClusterImpl-a56b3a23-5bf6-4b5b-a0fe-007206924a4e/ozone-meta/datanode-8/data-0/hdds
2024-04-26 07:43:43,947 [fc9979d5-d948-4828-9511-0e4a1771ac5f-EndpointStateMachineTaskThread-/0.0.0.0:15091-0 ] INFO  volume.StorageVolumeChecker (StorageVolumeChecker.java:checkAllVolumes(218)) - Scheduled health check for volume /home/runner/work/ozone/ozone/hadoop-ozone/integration-test/target/test-dir/MiniOzoneClusterImpl-a56b3a23-5bf6-4b5b-a0fe-007206924a4e/ozone-meta/datanode-8/data-0/hdds
2024-04-26 07:43:43,948 [fc9979d5-d948-4828-9511-0e4a1771ac5f-EndpointStateMachineTaskThread-/0.0.0.0:15091-0 ] INFO  volume.ThrottledAsyncChecker (ThrottledAsyncChecker.java:schedule(141)) - Scheduling a check for /home/runner/work/ozone/ozone/hadoop-ozone/integration-test/target/test-dir/MiniOzoneClusterImpl-a56b3a23-5bf6-4b5b-a0fe-007206924a4e/ozone-meta/datanode-8/ratis
2024-04-26 07:43:43,948 [fc9979d5-d948-4828-9511-0e4a1771ac5f-EndpointStateMachineTaskThread-/0.0.0.0:15091-0 ] INFO  volume.StorageVolumeChecker (StorageVolumeChecker.java:checkAllVolumes(218)) - Scheduled health check for volume /home/runner/work/ozone/ozone/hadoop-ozone/integration-test/target/test-dir/MiniOzoneClusterImpl-a56b3a23-5bf6-4b5b-a0fe-007206924a4e/ozone-meta/datanode-8/ratis
2024-04-26 07:43:43,949 [fc9979d5-d948-4828-9511-0e4a1771ac5f-EndpointStateMachineTaskThread-/0.0.0.0:15091-0 ] INFO  ozoneimpl.OzoneContainer (OzoneContainer.java:start(459)) - Attempting to start container services.
2024-04-26 07:43:43,949 [fc9979d5-d948-4828-9511-0e4a1771ac5f-EndpointStateMachineTaskThread-/0.0.0.0:15091-0 ] WARN  ozoneimpl.OnDemandContainerDataScanner (OnDemandContainerDataScanner.java:init(75)) - Trying to initialize on demand scanner a second time on a datanode.
2024-04-26 07:43:43,949 [ContainerMetadataScanner] INFO  ozoneimpl.AbstractBackgroundContainerScanner (AbstractBackgroundContainerScanner.java:runIteration(87)) - Completed an iteration in 0 minutes. Number of iterations (since the data-node restart) : 1, Number of containers scanned in this iteration : 0, Number of unhealthy containers found in this iteration : 0
2024-04-26 07:43:43,950 [ContainerDataScanner(/home/runner/work/ozone/ozone/hadoop-ozone/integration-test/target/test-dir/MiniOzoneClusterImpl-a56b3a23-5bf6-4b5b-a0fe-007206924a4e/ozone-meta/datanode-8/data-0/hdds)] INFO  ozoneimpl.AbstractBackgroundContainerScanner (AbstractBackgroundContainerScanner.java:runIteration(87)) - Completed an iteration in 0 minutes. Number of iterations (since the data-node restart) : 1, Number of containers scanned in this iteration : 0, Number of unhealthy containers found in this iteration : 0
2024-04-26 07:43:43,950 [fc9979d5-d948-4828-9511-0e4a1771ac5f-EndpointStateMachineTaskThread-/0.0.0.0:15091-0 ] INFO  replication.ReplicationServer (ReplicationServer.java:start(142)) - ReplicationServer is started using port 15168
2024-04-26 07:43:43,950 [fc9979d5-d948-4828-9511-0e4a1771ac5f-EndpointStateMachineTaskThread-/0.0.0.0:15091-0 ] INFO  ratis.XceiverServerRatis (XceiverServerRatis.java:start(566)) - Starting XceiverServerRatis fc9979d5-d948-4828-9511-0e4a1771ac5f
2024-04-26 07:43:43,951 [fc9979d5-d948-4828-9511-0e4a1771ac5f-EndpointStateMachineTaskThread-/0.0.0.0:15091-0 ] INFO  server.RaftServer (RaftServerProxy.java:startImpl(406)) - fc9979d5-d948-4828-9511-0e4a1771ac5f: start RPC server
2024-04-26 07:43:43,951 [fc9979d5-d948-4828-9511-0e4a1771ac5f-EndpointStateMachineTaskThread-/0.0.0.0:15091-0 ] INFO  server.GrpcService (GrpcService.java:startImpl(302)) - fc9979d5-d948-4828-9511-0e4a1771ac5f: GrpcService started, listening on 15164
2024-04-26 07:43:43,951 [fc9979d5-d948-4828-9511-0e4a1771ac5f-EndpointStateMachineTaskThread-/0.0.0.0:15091-0 ] INFO  server.GrpcService (GrpcService.java:startImpl(302)) - fc9979d5-d948-4828-9511-0e4a1771ac5f: GrpcService started, listening on 15166
2024-04-26 07:43:43,951 [fc9979d5-d948-4828-9511-0e4a1771ac5f-EndpointStateMachineTaskThread-/0.0.0.0:15091-0 ] INFO  server.GrpcService (GrpcService.java:startImpl(302)) - fc9979d5-d948-4828-9511-0e4a1771ac5f: GrpcService started, listening on 15165
2024-04-26 07:43:43,952 [fc9979d5-d948-4828-9511-0e4a1771ac5f-EndpointStateMachineTaskThread-/0.0.0.0:15091-0 ] INFO  ratis.XceiverServerRatis (XceiverServerRatis.java:getRealPort(592)) - XceiverServerRatis fc9979d5-d948-4828-9511-0e4a1771ac5f is started using port 15164 for RATIS
2024-04-26 07:43:43,952 [fc9979d5-d948-4828-9511-0e4a1771ac5f-EndpointStateMachineTaskThread-/0.0.0.0:15091-0 ] INFO  ratis.XceiverServerRatis (XceiverServerRatis.java:getRealPort(592)) - XceiverServerRatis fc9979d5-d948-4828-9511-0e4a1771ac5f is started using port 15165 for RATIS_ADMIN
2024-04-26 07:43:43,952 [fc9979d5-d948-4828-9511-0e4a1771ac5f-EndpointStateMachineTaskThread-/0.0.0.0:15091-0 ] INFO  ratis.XceiverServerRatis (XceiverServerRatis.java:getRealPort(592)) - XceiverServerRatis fc9979d5-d948-4828-9511-0e4a1771ac5f is started using port 15166 for RATIS_SERVER
2024-04-26 07:43:43,952 [fc9979d5-d948-4828-9511-0e4a1771ac5f-EndpointStateMachineTaskThread-/0.0.0.0:15091-0 ] INFO  ratis.XceiverServerRatis (XceiverServerRatis.java:getRealPort(592)) - XceiverServerRatis fc9979d5-d948-4828-9511-0e4a1771ac5f is started using port 15167 for RATIS_DATASTREAM
2024-04-26 07:43:43,952 [JvmPauseMonitor20] INFO  util.JvmPauseMonitor (JvmPauseMonitor.java:run(146)) - JvmPauseMonitor-fc9979d5-d948-4828-9511-0e4a1771ac5f: Started
2024-04-26 07:43:43,953 [fc9979d5-d948-4828-9511-0e4a1771ac5f-BlockDeletingService#0] INFO  interfaces.ContainerDeletionChoosingPolicyTemplate (ContainerDeletionChoosingPolicyTemplate.java:chooseContainerForBlockDeletion(85)) - Chosen 0/5000 blocks from 0 candidate containers.
2024-04-26 07:43:44,000 [main] INFO  ozone.MiniOzoneClusterImpl (MiniOzoneClusterImpl.java:lambda$waitForClusterToBeReady$0(194)) - Waiting for nodes to be ready. Got 0 of 9 DN Heartbeats.
2024-04-26 07:43:44,000 [main] INFO  ozone.MiniOzoneClusterImpl (MiniOzoneClusterImpl.java:lambda$waitForClusterToBeReady$0(197)) - Waiting for cluster to exit safe mode
2024-04-26 07:43:44,000 [main] INFO  ozone.MiniOzoneClusterImpl (MiniOzoneClusterImpl.java:lambda$waitForClusterToBeReady$0(199)) - SCM became leader
2024-04-26 07:43:44,017 [78187b2a-fdcc-4f64-b78e-e48d2135caff-EndpointStateMachineTaskThread-/0.0.0.0:15091-0 ] INFO  utils.DatanodeStoreCache (DatanodeStoreCache.java:addDB(72)) - Added db /home/runner/work/ozone/ozone/hadoop-ozone/integration-test/target/test-dir/MiniOzoneClusterImpl-a56b3a23-5bf6-4b5b-a0fe-007206924a4e/ozone-meta/datanode-9/data-0/hdds/a56b3a23-5bf6-4b5b-a0fe-007206924a4e/DS-040326c2-e965-4d08-84c4-4820c3fae4f0/container.db to cache
2024-04-26 07:43:44,017 [78187b2a-fdcc-4f64-b78e-e48d2135caff-EndpointStateMachineTaskThread-/0.0.0.0:15091-0 ] INFO  volume.HddsVolume (HddsVolume.java:createDbStore(437)) - SchemaV3 db is created and loaded at /home/runner/work/ozone/ozone/hadoop-ozone/integration-test/target/test-dir/MiniOzoneClusterImpl-a56b3a23-5bf6-4b5b-a0fe-007206924a4e/ozone-meta/datanode-9/data-0/hdds/a56b3a23-5bf6-4b5b-a0fe-007206924a4e/DS-040326c2-e965-4d08-84c4-4820c3fae4f0/container.db for volume DS-040326c2-e965-4d08-84c4-4820c3fae4f0
2024-04-26 07:43:44,018 [78187b2a-fdcc-4f64-b78e-e48d2135caff-ContainerReader-0] INFO  ozoneimpl.ContainerReader (ContainerReader.java:readVolume(148)) - Start to verify containers on volume /home/runner/work/ozone/ozone/hadoop-ozone/integration-test/target/test-dir/MiniOzoneClusterImpl-a56b3a23-5bf6-4b5b-a0fe-007206924a4e/ozone-meta/datanode-9/data-0/hdds
2024-04-26 07:43:44,018 [78187b2a-fdcc-4f64-b78e-e48d2135caff-ContainerReader-0] INFO  ozoneimpl.ContainerReader (ContainerReader.java:readVolume(178)) - Finish verifying containers on volume /home/runner/work/ozone/ozone/hadoop-ozone/integration-test/target/test-dir/MiniOzoneClusterImpl-a56b3a23-5bf6-4b5b-a0fe-007206924a4e/ozone-meta/datanode-9/data-0/hdds
2024-04-26 07:43:44,018 [78187b2a-fdcc-4f64-b78e-e48d2135caff-EndpointStateMachineTaskThread-/0.0.0.0:15091-0 ] INFO  ozoneimpl.OzoneContainer (OzoneContainer.java:buildContainerSet(328)) - Build ContainerSet costs 0s
2024-04-26 07:43:44,018 [78187b2a-fdcc-4f64-b78e-e48d2135caff-EndpointStateMachineTaskThread-/0.0.0.0:15091-0 ] INFO  volume.ThrottledAsyncChecker (ThrottledAsyncChecker.java:schedule(141)) - Scheduling a check for /home/runner/work/ozone/ozone/hadoop-ozone/integration-test/target/test-dir/MiniOzoneClusterImpl-a56b3a23-5bf6-4b5b-a0fe-007206924a4e/ozone-meta/datanode-9/data-0/hdds
2024-04-26 07:43:44,018 [78187b2a-fdcc-4f64-b78e-e48d2135caff-EndpointStateMachineTaskThread-/0.0.0.0:15091-0 ] INFO  volume.StorageVolumeChecker (StorageVolumeChecker.java:checkAllVolumes(218)) - Scheduled health check for volume /home/runner/work/ozone/ozone/hadoop-ozone/integration-test/target/test-dir/MiniOzoneClusterImpl-a56b3a23-5bf6-4b5b-a0fe-007206924a4e/ozone-meta/datanode-9/data-0/hdds
2024-04-26 07:43:44,019 [78187b2a-fdcc-4f64-b78e-e48d2135caff-EndpointStateMachineTaskThread-/0.0.0.0:15091-0 ] INFO  volume.ThrottledAsyncChecker (ThrottledAsyncChecker.java:schedule(141)) - Scheduling a check for /home/runner/work/ozone/ozone/hadoop-ozone/integration-test/target/test-dir/MiniOzoneClusterImpl-a56b3a23-5bf6-4b5b-a0fe-007206924a4e/ozone-meta/datanode-9/ratis
2024-04-26 07:43:44,019 [78187b2a-fdcc-4f64-b78e-e48d2135caff-EndpointStateMachineTaskThread-/0.0.0.0:15091-0 ] INFO  volume.StorageVolumeChecker (StorageVolumeChecker.java:checkAllVolumes(218)) - Scheduled health check for volume /home/runner/work/ozone/ozone/hadoop-ozone/integration-test/target/test-dir/MiniOzoneClusterImpl-a56b3a23-5bf6-4b5b-a0fe-007206924a4e/ozone-meta/datanode-9/ratis
2024-04-26 07:43:44,020 [78187b2a-fdcc-4f64-b78e-e48d2135caff-EndpointStateMachineTaskThread-/0.0.0.0:15091-0 ] INFO  ozoneimpl.OzoneContainer (OzoneContainer.java:start(459)) - Attempting to start container services.
2024-04-26 07:43:44,020 [78187b2a-fdcc-4f64-b78e-e48d2135caff-EndpointStateMachineTaskThread-/0.0.0.0:15091-0 ] WARN  ozoneimpl.OnDemandContainerDataScanner (OnDemandContainerDataScanner.java:init(75)) - Trying to initialize on demand scanner a second time on a datanode.
2024-04-26 07:43:44,021 [ContainerMetadataScanner] INFO  ozoneimpl.AbstractBackgroundContainerScanner (AbstractBackgroundContainerScanner.java:runIteration(87)) - Completed an iteration in 0 minutes. Number of iterations (since the data-node restart) : 1, Number of containers scanned in this iteration : 0, Number of unhealthy containers found in this iteration : 0
2024-04-26 07:43:44,021 [ContainerDataScanner(/home/runner/work/ozone/ozone/hadoop-ozone/integration-test/target/test-dir/MiniOzoneClusterImpl-a56b3a23-5bf6-4b5b-a0fe-007206924a4e/ozone-meta/datanode-9/data-0/hdds)] INFO  ozoneimpl.AbstractBackgroundContainerScanner (AbstractBackgroundContainerScanner.java:runIteration(87)) - Completed an iteration in 0 minutes. Number of iterations (since the data-node restart) : 1, Number of containers scanned in this iteration : 0, Number of unhealthy containers found in this iteration : 0
2024-04-26 07:43:44,021 [78187b2a-fdcc-4f64-b78e-e48d2135caff-EndpointStateMachineTaskThread-/0.0.0.0:15091-0 ] INFO  replication.ReplicationServer (ReplicationServer.java:start(142)) - ReplicationServer is started using port 15177
2024-04-26 07:43:44,021 [78187b2a-fdcc-4f64-b78e-e48d2135caff-EndpointStateMachineTaskThread-/0.0.0.0:15091-0 ] INFO  ratis.XceiverServerRatis (XceiverServerRatis.java:start(566)) - Starting XceiverServerRatis 78187b2a-fdcc-4f64-b78e-e48d2135caff
2024-04-26 07:43:44,022 [78187b2a-fdcc-4f64-b78e-e48d2135caff-EndpointStateMachineTaskThread-/0.0.0.0:15091-0 ] INFO  server.RaftServer (RaftServerProxy.java:startImpl(406)) - 78187b2a-fdcc-4f64-b78e-e48d2135caff: start RPC server
2024-04-26 07:43:44,022 [78187b2a-fdcc-4f64-b78e-e48d2135caff-EndpointStateMachineTaskThread-/0.0.0.0:15091-0 ] INFO  server.GrpcService (GrpcService.java:startImpl(302)) - 78187b2a-fdcc-4f64-b78e-e48d2135caff: GrpcService started, listening on 15173
2024-04-26 07:43:44,022 [78187b2a-fdcc-4f64-b78e-e48d2135caff-EndpointStateMachineTaskThread-/0.0.0.0:15091-0 ] INFO  server.GrpcService (GrpcService.java:startImpl(302)) - 78187b2a-fdcc-4f64-b78e-e48d2135caff: GrpcService started, listening on 15175
2024-04-26 07:43:44,022 [78187b2a-fdcc-4f64-b78e-e48d2135caff-EndpointStateMachineTaskThread-/0.0.0.0:15091-0 ] INFO  server.GrpcService (GrpcService.java:startImpl(302)) - 78187b2a-fdcc-4f64-b78e-e48d2135caff: GrpcService started, listening on 15174
2024-04-26 07:43:44,023 [78187b2a-fdcc-4f64-b78e-e48d2135caff-EndpointStateMachineTaskThread-/0.0.0.0:15091-0 ] INFO  ratis.XceiverServerRatis (XceiverServerRatis.java:getRealPort(592)) - XceiverServerRatis 78187b2a-fdcc-4f64-b78e-e48d2135caff is started using port 15173 for RATIS
2024-04-26 07:43:44,023 [78187b2a-fdcc-4f64-b78e-e48d2135caff-EndpointStateMachineTaskThread-/0.0.0.0:15091-0 ] INFO  ratis.XceiverServerRatis (XceiverServerRatis.java:getRealPort(592)) - XceiverServerRatis 78187b2a-fdcc-4f64-b78e-e48d2135caff is started using port 15174 for RATIS_ADMIN
2024-04-26 07:43:44,023 [78187b2a-fdcc-4f64-b78e-e48d2135caff-EndpointStateMachineTaskThread-/0.0.0.0:15091-0 ] INFO  ratis.XceiverServerRatis (XceiverServerRatis.java:getRealPort(592)) - XceiverServerRatis 78187b2a-fdcc-4f64-b78e-e48d2135caff is started using port 15175 for RATIS_SERVER
2024-04-26 07:43:44,023 [78187b2a-fdcc-4f64-b78e-e48d2135caff-EndpointStateMachineTaskThread-/0.0.0.0:15091-0 ] INFO  ratis.XceiverServerRatis (XceiverServerRatis.java:getRealPort(592)) - XceiverServerRatis 78187b2a-fdcc-4f64-b78e-e48d2135caff is started using port 15176 for RATIS_DATASTREAM
2024-04-26 07:43:44,023 [JvmPauseMonitor21] INFO  util.JvmPauseMonitor (JvmPauseMonitor.java:run(146)) - JvmPauseMonitor-78187b2a-fdcc-4f64-b78e-e48d2135caff: Started
2024-04-26 07:43:44,024 [78187b2a-fdcc-4f64-b78e-e48d2135caff-BlockDeletingService#0] INFO  interfaces.ContainerDeletionChoosingPolicyTemplate (ContainerDeletionChoosingPolicyTemplate.java:chooseContainerForBlockDeletion(85)) - Chosen 0/5000 blocks from 0 candidate containers.
2024-04-26 07:43:45,000 [main] INFO  ozone.MiniOzoneClusterImpl (MiniOzoneClusterImpl.java:lambda$waitForClusterToBeReady$0(194)) - Waiting for nodes to be ready. Got 0 of 9 DN Heartbeats.
2024-04-26 07:43:45,000 [main] INFO  ozone.MiniOzoneClusterImpl (MiniOzoneClusterImpl.java:lambda$waitForClusterToBeReady$0(197)) - Waiting for cluster to exit safe mode
2024-04-26 07:43:45,001 [main] INFO  ozone.MiniOzoneClusterImpl (MiniOzoneClusterImpl.java:lambda$waitForClusterToBeReady$0(199)) - SCM became leader
2024-04-26 07:43:45,361 [IPC Server handler 7 on default port 15091] INFO  net.NetworkTopologyImpl (NetworkTopologyImpl.java:add(134)) - Added a new node: /default-rack/d591b026-01eb-4928-a28c-f8365e0687e2
2024-04-26 07:43:45,361 [IPC Server handler 7 on default port 15091] INFO  node.SCMNodeManager (SCMNodeManager.java:register(421)) - Registered datanode: d591b026-01eb-4928-a28c-f8365e0687e2{ip: 127.0.0.1, host: localhost, ports: [HTTP=15098, CLIENT_RPC=15099, REPLICATION=15105, RATIS=15101, RATIS_ADMIN=15102, RATIS_SERVER=15103, RATIS_DATASTREAM=15104, STANDALONE=15100], networkLocation: /default-rack, certSerialId: null, persistedOpState: null, persistedOpStateExpiryEpochSec: 0}
2024-04-26 07:43:45,361 [EventQueue-NewNodeForNewNodeHandler] INFO  pipeline.BackgroundPipelineCreator (BackgroundPipelineCreator.java:notifyEventTriggered(280)) - trigger a one-shot run on RatisPipelineUtilsThread.
2024-04-26 07:43:45,362 [EventQueue-NodeRegistrationContainerReportForDataNodeSafeModeRule] INFO  safemode.SCMSafeModeManager (DataNodeSafeModeRule.java:process(71)) - SCM in safe mode. 1 DataNodes registered, 3 required.
2024-04-26 07:43:45,362 [RatisPipelineUtilsThread-0] INFO  pipeline.RatisPipelineProvider (RatisPipelineProvider.java:lambda$create$0(205)) - Sending CreatePipelineCommand for pipeline:PipelineID=9ad9a9a9-6390-4eea-8ab0-6be76eecae25 to datanode:d591b026-01eb-4928-a28c-f8365e0687e2
2024-04-26 07:43:45,362 [EventQueue-NodeRegistrationContainerReportForContainerSafeModeRule] INFO  safemode.SCMSafeModeManager (SCMSafeModeManager.java:validateSafeModeExitRules(203)) - ContainerSafeModeRule rule is successfully validated
2024-04-26 07:43:45,363 [EventQueue-PipelineReportForOneReplicaPipelineSafeModeRule] INFO  safemode.SCMSafeModeManager (SCMSafeModeManager.java:validateSafeModeExitRules(203)) - AtleastOneDatanodeReportedRule rule is successfully validated
2024-04-26 07:43:45,363 [RatisPipelineUtilsThread-0] INFO  pipeline.BackgroundPipelineCreator (BackgroundPipelineCreator.java:createPipelines(236)) - Created new pipeline Pipeline[ Id: 9ad9a9a9-6390-4eea-8ab0-6be76eecae25, Nodes: d591b026-01eb-4928-a28c-f8365e0687e2(localhost/127.0.0.1), ReplicationConfig: RATIS/ONE, State:ALLOCATED, leaderId:, CreationTimestamp2024-04-26T07:43:45.362327188Z[Etc/UTC]]
2024-04-26 07:43:45,436 [IPC Server handler 8 on default port 15091] INFO  net.NetworkTopologyImpl (NetworkTopologyImpl.java:add(134)) - Added a new node: /default-rack/dd21079d-84ac-4ee5-bea1-aaabc97992ac
2024-04-26 07:43:45,436 [IPC Server handler 8 on default port 15091] INFO  node.SCMNodeManager (SCMNodeManager.java:register(421)) - Registered datanode: dd21079d-84ac-4ee5-bea1-aaabc97992ac{ip: 127.0.0.1, host: localhost, ports: [HTTP=15107, CLIENT_RPC=15108, REPLICATION=15114, RATIS=15110, RATIS_ADMIN=15111, RATIS_SERVER=15112, RATIS_DATASTREAM=15113, STANDALONE=15109], networkLocation: /default-rack, certSerialId: null, persistedOpState: null, persistedOpStateExpiryEpochSec: 0}
2024-04-26 07:43:45,436 [EventQueue-NodeRegistrationContainerReportForDataNodeSafeModeRule] INFO  safemode.SCMSafeModeManager (DataNodeSafeModeRule.java:process(71)) - SCM in safe mode. 2 DataNodes registered, 3 required.
2024-04-26 07:43:45,437 [EventQueue-NewNodeForNewNodeHandler] INFO  pipeline.BackgroundPipelineCreator (BackgroundPipelineCreator.java:notifyEventTriggered(280)) - trigger a one-shot run on RatisPipelineUtilsThread.
2024-04-26 07:43:45,438 [RatisPipelineUtilsThread-0] INFO  pipeline.RatisPipelineProvider (RatisPipelineProvider.java:lambda$create$0(205)) - Sending CreatePipelineCommand for pipeline:PipelineID=6f111b34-3185-4af9-9cd2-43f1cf3ab2ee to datanode:dd21079d-84ac-4ee5-bea1-aaabc97992ac
2024-04-26 07:43:45,438 [RatisPipelineUtilsThread-0] INFO  pipeline.BackgroundPipelineCreator (BackgroundPipelineCreator.java:createPipelines(236)) - Created new pipeline Pipeline[ Id: 6f111b34-3185-4af9-9cd2-43f1cf3ab2ee, Nodes: dd21079d-84ac-4ee5-bea1-aaabc97992ac(localhost/127.0.0.1), ReplicationConfig: RATIS/ONE, State:ALLOCATED, leaderId:, CreationTimestamp2024-04-26T07:43:45.438401573Z[Etc/UTC]]
2024-04-26 07:43:45,515 [IPC Server handler 0 on default port 15091] INFO  net.NetworkTopologyImpl (NetworkTopologyImpl.java:add(134)) - Added a new node: /default-rack/6344c76b-c160-4957-8ee9-5bf4783825fc
2024-04-26 07:43:45,515 [IPC Server handler 0 on default port 15091] INFO  node.SCMNodeManager (SCMNodeManager.java:register(421)) - Registered datanode: 6344c76b-c160-4957-8ee9-5bf4783825fc{ip: 127.0.0.1, host: localhost, ports: [HTTP=15116, CLIENT_RPC=15117, REPLICATION=15123, RATIS=15119, RATIS_ADMIN=15120, RATIS_SERVER=15121, RATIS_DATASTREAM=15122, STANDALONE=15118], networkLocation: /default-rack, certSerialId: null, persistedOpState: null, persistedOpStateExpiryEpochSec: 0}
2024-04-26 07:43:45,515 [EventQueue-NewNodeForNewNodeHandler] INFO  pipeline.BackgroundPipelineCreator (BackgroundPipelineCreator.java:notifyEventTriggered(280)) - trigger a one-shot run on RatisPipelineUtilsThread.
2024-04-26 07:43:45,515 [EventQueue-NodeRegistrationContainerReportForDataNodeSafeModeRule] INFO  safemode.SCMSafeModeManager (DataNodeSafeModeRule.java:process(71)) - SCM in safe mode. 3 DataNodes registered, 3 required.
2024-04-26 07:43:45,516 [EventQueue-NodeRegistrationContainerReportForDataNodeSafeModeRule] INFO  safemode.SCMSafeModeManager (SCMSafeModeManager.java:validateSafeModeExitRules(203)) - DataNodeSafeModeRule rule is successfully validated
2024-04-26 07:43:45,516 [EventQueue-NodeRegistrationContainerReportForDataNodeSafeModeRule] INFO  safemode.SCMSafeModeManager (SCMSafeModeManager.java:completePreCheck(232)) - All SCM safe mode pre check rules have passed
2024-04-26 07:43:45,516 [EventQueue-NodeRegistrationContainerReportForDataNodeSafeModeRule] INFO  ha.SCMContext (SCMContext.java:updateSafeModeStatus(225)) - Update SafeModeStatus from SafeModeStatus{safeModeStatus=true, preCheckPassed=false} to SafeModeStatus{safeModeStatus=true, preCheckPassed=true}.
2024-04-26 07:43:45,516 [EventQueue-NodeRegistrationContainerReportForDataNodeSafeModeRule] INFO  pipeline.BackgroundPipelineCreator (BackgroundPipelineCreator.java:notifyEventTriggered(280)) - trigger a one-shot run on RatisPipelineUtilsThread.
2024-04-26 07:43:45,516 [RatisPipelineUtilsThread-0] INFO  pipeline.RatisPipelineProvider (RatisPipelineProvider.java:lambda$create$0(205)) - Sending CreatePipelineCommand for pipeline:PipelineID=786a2490-9877-48c9-9849-cea1f2070717 to datanode:6344c76b-c160-4957-8ee9-5bf4783825fc
2024-04-26 07:43:45,516 [RatisPipelineUtilsThread-0] INFO  pipeline.BackgroundPipelineCreator (BackgroundPipelineCreator.java:createPipelines(236)) - Created new pipeline Pipeline[ Id: 786a2490-9877-48c9-9849-cea1f2070717, Nodes: 6344c76b-c160-4957-8ee9-5bf4783825fc(localhost/127.0.0.1), ReplicationConfig: RATIS/ONE, State:ALLOCATED, leaderId:, CreationTimestamp2024-04-26T07:43:45.516283557Z[Etc/UTC]]
2024-04-26 07:43:45,517 [RatisPipelineUtilsThread-0] INFO  pipeline.RatisPipelineProvider (RatisPipelineProvider.java:lambda$create$0(205)) - Sending CreatePipelineCommand for pipeline:PipelineID=bed83b25-9cb5-4226-b5f4-1d6cabf8a42a to datanode:d591b026-01eb-4928-a28c-f8365e0687e2
2024-04-26 07:43:45,517 [RatisPipelineUtilsThread-0] INFO  pipeline.RatisPipelineProvider (RatisPipelineProvider.java:lambda$create$0(205)) - Sending CreatePipelineCommand for pipeline:PipelineID=bed83b25-9cb5-4226-b5f4-1d6cabf8a42a to datanode:6344c76b-c160-4957-8ee9-5bf4783825fc
2024-04-26 07:43:45,517 [RatisPipelineUtilsThread-0] INFO  pipeline.RatisPipelineProvider (RatisPipelineProvider.java:lambda$create$0(205)) - Sending CreatePipelineCommand for pipeline:PipelineID=bed83b25-9cb5-4226-b5f4-1d6cabf8a42a to datanode:dd21079d-84ac-4ee5-bea1-aaabc97992ac
2024-04-26 07:43:45,518 [RatisPipelineUtilsThread-0] INFO  pipeline.BackgroundPipelineCreator (BackgroundPipelineCreator.java:createPipelines(236)) - Created new pipeline Pipeline[ Id: bed83b25-9cb5-4226-b5f4-1d6cabf8a42a, Nodes: d591b026-01eb-4928-a28c-f8365e0687e2(localhost/127.0.0.1)6344c76b-c160-4957-8ee9-5bf4783825fc(localhost/127.0.0.1)dd21079d-84ac-4ee5-bea1-aaabc97992ac(localhost/127.0.0.1), ReplicationConfig: RATIS/THREE, State:ALLOCATED, leaderId:, CreationTimestamp2024-04-26T07:43:45.517411517Z[Etc/UTC]]
2024-04-26 07:43:45,618 [IPC Server handler 1 on default port 15091] INFO  net.NetworkTopologyImpl (NetworkTopologyImpl.java:add(134)) - Added a new node: /default-rack/84e7e7d6-61bf-4ff4-b705-307942077190
2024-04-26 07:43:45,618 [IPC Server handler 1 on default port 15091] INFO  node.SCMNodeManager (SCMNodeManager.java:register(421)) - Registered datanode: 84e7e7d6-61bf-4ff4-b705-307942077190{ip: 127.0.0.1, host: localhost, ports: [HTTP=15125, CLIENT_RPC=15126, REPLICATION=15132, RATIS=15128, RATIS_ADMIN=15129, RATIS_SERVER=15130, RATIS_DATASTREAM=15131, STANDALONE=15127], networkLocation: /default-rack, certSerialId: null, persistedOpState: null, persistedOpStateExpiryEpochSec: 0}
2024-04-26 07:43:45,618 [EventQueue-NewNodeForNewNodeHandler] INFO  pipeline.BackgroundPipelineCreator (BackgroundPipelineCreator.java:notifyEventTriggered(280)) - trigger a one-shot run on RatisPipelineUtilsThread.
2024-04-26 07:43:45,618 [RatisPipelineUtilsThread-0] INFO  pipeline.RatisPipelineProvider (RatisPipelineProvider.java:lambda$create$0(205)) - Sending CreatePipelineCommand for pipeline:PipelineID=1f4cbd4f-c3f0-44d0-950f-d3cd2f4db571 to datanode:84e7e7d6-61bf-4ff4-b705-307942077190
2024-04-26 07:43:45,619 [RatisPipelineUtilsThread-0] INFO  pipeline.BackgroundPipelineCreator (BackgroundPipelineCreator.java:createPipelines(236)) - Created new pipeline Pipeline[ Id: 1f4cbd4f-c3f0-44d0-950f-d3cd2f4db571, Nodes: 84e7e7d6-61bf-4ff4-b705-307942077190(localhost/127.0.0.1), ReplicationConfig: RATIS/ONE, State:ALLOCATED, leaderId:, CreationTimestamp2024-04-26T07:43:45.618978239Z[Etc/UTC]]
2024-04-26 07:43:45,699 [IPC Server handler 2 on default port 15091] INFO  net.NetworkTopologyImpl (NetworkTopologyImpl.java:add(134)) - Added a new node: /default-rack/14d9c642-7495-4fc5-a0b1-a63fd7fd9772
2024-04-26 07:43:45,699 [IPC Server handler 2 on default port 15091] INFO  node.SCMNodeManager (SCMNodeManager.java:register(421)) - Registered datanode: 14d9c642-7495-4fc5-a0b1-a63fd7fd9772{ip: 127.0.0.1, host: localhost, ports: [HTTP=15134, CLIENT_RPC=15135, REPLICATION=15141, RATIS=15137, RATIS_ADMIN=15138, RATIS_SERVER=15139, RATIS_DATASTREAM=15140, STANDALONE=15136], networkLocation: /default-rack, certSerialId: null, persistedOpState: null, persistedOpStateExpiryEpochSec: 0}
2024-04-26 07:43:45,699 [EventQueue-NewNodeForNewNodeHandler] INFO  pipeline.BackgroundPipelineCreator (BackgroundPipelineCreator.java:notifyEventTriggered(280)) - trigger a one-shot run on RatisPipelineUtilsThread.
2024-04-26 07:43:45,699 [RatisPipelineUtilsThread-0] INFO  pipeline.RatisPipelineProvider (RatisPipelineProvider.java:lambda$create$0(205)) - Sending CreatePipelineCommand for pipeline:PipelineID=403c005a-4e0b-4773-b31c-92b9c4cb7a94 to datanode:14d9c642-7495-4fc5-a0b1-a63fd7fd9772
2024-04-26 07:43:45,700 [RatisPipelineUtilsThread-0] INFO  pipeline.BackgroundPipelineCreator (BackgroundPipelineCreator.java:createPipelines(236)) - Created new pipeline Pipeline[ Id: 403c005a-4e0b-4773-b31c-92b9c4cb7a94, Nodes: 14d9c642-7495-4fc5-a0b1-a63fd7fd9772(localhost/127.0.0.1), ReplicationConfig: RATIS/ONE, State:ALLOCATED, leaderId:, CreationTimestamp2024-04-26T07:43:45.699861604Z[Etc/UTC]]
2024-04-26 07:43:45,804 [IPC Server handler 3 on default port 15091] INFO  net.NetworkTopologyImpl (NetworkTopologyImpl.java:add(134)) - Added a new node: /default-rack/2f58e8cd-28e0-414a-bc84-31490c64287f
2024-04-26 07:43:45,804 [IPC Server handler 3 on default port 15091] INFO  node.SCMNodeManager (SCMNodeManager.java:register(421)) - Registered datanode: 2f58e8cd-28e0-414a-bc84-31490c64287f{ip: 127.0.0.1, host: localhost, ports: [HTTP=15143, CLIENT_RPC=15144, REPLICATION=15150, RATIS=15146, RATIS_ADMIN=15147, RATIS_SERVER=15148, RATIS_DATASTREAM=15149, STANDALONE=15145], networkLocation: /default-rack, certSerialId: null, persistedOpState: null, persistedOpStateExpiryEpochSec: 0}
2024-04-26 07:43:45,804 [EventQueue-NewNodeForNewNodeHandler] INFO  pipeline.BackgroundPipelineCreator (BackgroundPipelineCreator.java:notifyEventTriggered(280)) - trigger a one-shot run on RatisPipelineUtilsThread.
2024-04-26 07:43:45,805 [RatisPipelineUtilsThread-0] INFO  pipeline.RatisPipelineProvider (RatisPipelineProvider.java:lambda$create$0(205)) - Sending CreatePipelineCommand for pipeline:PipelineID=6bf02e47-75b5-4427-a481-04f35ef3d096 to datanode:2f58e8cd-28e0-414a-bc84-31490c64287f
2024-04-26 07:43:45,805 [RatisPipelineUtilsThread-0] INFO  pipeline.BackgroundPipelineCreator (BackgroundPipelineCreator.java:createPipelines(236)) - Created new pipeline Pipeline[ Id: 6bf02e47-75b5-4427-a481-04f35ef3d096, Nodes: 2f58e8cd-28e0-414a-bc84-31490c64287f(localhost/127.0.0.1), ReplicationConfig: RATIS/ONE, State:ALLOCATED, leaderId:, CreationTimestamp2024-04-26T07:43:45.805200790Z[Etc/UTC]]
2024-04-26 07:43:45,806 [RatisPipelineUtilsThread-0] INFO  pipeline.RatisPipelineProvider (RatisPipelineProvider.java:lambda$create$0(205)) - Sending CreatePipelineCommand for pipeline:PipelineID=06776fe5-cc01-4eb7-ac51-8681d727a52f to datanode:14d9c642-7495-4fc5-a0b1-a63fd7fd9772
2024-04-26 07:43:45,806 [RatisPipelineUtilsThread-0] INFO  pipeline.RatisPipelineProvider (RatisPipelineProvider.java:lambda$create$0(205)) - Sending CreatePipelineCommand for pipeline:PipelineID=06776fe5-cc01-4eb7-ac51-8681d727a52f to datanode:2f58e8cd-28e0-414a-bc84-31490c64287f
2024-04-26 07:43:45,806 [RatisPipelineUtilsThread-0] INFO  pipeline.RatisPipelineProvider (RatisPipelineProvider.java:lambda$create$0(205)) - Sending CreatePipelineCommand for pipeline:PipelineID=06776fe5-cc01-4eb7-ac51-8681d727a52f to datanode:84e7e7d6-61bf-4ff4-b705-307942077190
2024-04-26 07:43:45,806 [RatisPipelineUtilsThread-0] INFO  pipeline.BackgroundPipelineCreator (BackgroundPipelineCreator.java:createPipelines(236)) - Created new pipeline Pipeline[ Id: 06776fe5-cc01-4eb7-ac51-8681d727a52f, Nodes: 14d9c642-7495-4fc5-a0b1-a63fd7fd9772(localhost/127.0.0.1)2f58e8cd-28e0-414a-bc84-31490c64287f(localhost/127.0.0.1)84e7e7d6-61bf-4ff4-b705-307942077190(localhost/127.0.0.1), ReplicationConfig: RATIS/THREE, State:ALLOCATED, leaderId:, CreationTimestamp2024-04-26T07:43:45.806149296Z[Etc/UTC]]
2024-04-26 07:43:45,873 [IPC Server handler 4 on default port 15091] INFO  net.NetworkTopologyImpl (NetworkTopologyImpl.java:add(134)) - Added a new node: /default-rack/a0a780bc-4285-4c1f-be2a-f222fe59f73a
2024-04-26 07:43:45,873 [IPC Server handler 4 on default port 15091] INFO  node.SCMNodeManager (SCMNodeManager.java:register(421)) - Registered datanode: a0a780bc-4285-4c1f-be2a-f222fe59f73a{ip: 127.0.0.1, host: localhost, ports: [HTTP=15152, CLIENT_RPC=15153, REPLICATION=15159, RATIS=15155, RATIS_ADMIN=15156, RATIS_SERVER=15157, RATIS_DATASTREAM=15158, STANDALONE=15154], networkLocation: /default-rack, certSerialId: null, persistedOpState: null, persistedOpStateExpiryEpochSec: 0}
2024-04-26 07:43:45,873 [EventQueue-NewNodeForNewNodeHandler] INFO  pipeline.BackgroundPipelineCreator (BackgroundPipelineCreator.java:notifyEventTriggered(280)) - trigger a one-shot run on RatisPipelineUtilsThread.
2024-04-26 07:43:45,874 [RatisPipelineUtilsThread-0] INFO  pipeline.RatisPipelineProvider (RatisPipelineProvider.java:lambda$create$0(205)) - Sending CreatePipelineCommand for pipeline:PipelineID=caf84b76-dddd-41f9-87e8-6061531ea8d4 to datanode:a0a780bc-4285-4c1f-be2a-f222fe59f73a
2024-04-26 07:43:45,875 [RatisPipelineUtilsThread-0] INFO  pipeline.BackgroundPipelineCreator (BackgroundPipelineCreator.java:createPipelines(236)) - Created new pipeline Pipeline[ Id: caf84b76-dddd-41f9-87e8-6061531ea8d4, Nodes: a0a780bc-4285-4c1f-be2a-f222fe59f73a(localhost/127.0.0.1), ReplicationConfig: RATIS/ONE, State:ALLOCATED, leaderId:, CreationTimestamp2024-04-26T07:43:45.874244933Z[Etc/UTC]]
2024-04-26 07:43:45,926 [IPC Server handler 5 on default port 15091] INFO  net.NetworkTopologyImpl (NetworkTopologyImpl.java:add(134)) - Added a new node: /default-rack/fc9979d5-d948-4828-9511-0e4a1771ac5f
2024-04-26 07:43:45,926 [IPC Server handler 5 on default port 15091] INFO  node.SCMNodeManager (SCMNodeManager.java:register(421)) - Registered datanode: fc9979d5-d948-4828-9511-0e4a1771ac5f{ip: 127.0.0.1, host: localhost, ports: [HTTP=15161, CLIENT_RPC=15162, REPLICATION=15168, RATIS=15164, RATIS_ADMIN=15165, RATIS_SERVER=15166, RATIS_DATASTREAM=15167, STANDALONE=15163], networkLocation: /default-rack, certSerialId: null, persistedOpState: null, persistedOpStateExpiryEpochSec: 0}
2024-04-26 07:43:45,926 [EventQueue-NewNodeForNewNodeHandler] INFO  pipeline.BackgroundPipelineCreator (BackgroundPipelineCreator.java:notifyEventTriggered(280)) - trigger a one-shot run on RatisPipelineUtilsThread.
2024-04-26 07:43:45,927 [RatisPipelineUtilsThread-0] INFO  pipeline.RatisPipelineProvider (RatisPipelineProvider.java:lambda$create$0(205)) - Sending CreatePipelineCommand for pipeline:PipelineID=227e7f5a-d10b-4c80-95c4-e360d5cf0d9d to datanode:fc9979d5-d948-4828-9511-0e4a1771ac5f
2024-04-26 07:43:45,927 [RatisPipelineUtilsThread-0] INFO  pipeline.BackgroundPipelineCreator (BackgroundPipelineCreator.java:createPipelines(236)) - Created new pipeline Pipeline[ Id: 227e7f5a-d10b-4c80-95c4-e360d5cf0d9d, Nodes: fc9979d5-d948-4828-9511-0e4a1771ac5f(localhost/127.0.0.1), ReplicationConfig: RATIS/ONE, State:ALLOCATED, leaderId:, CreationTimestamp2024-04-26T07:43:45.927135756Z[Etc/UTC]]
2024-04-26 07:43:46,001 [IPC Server handler 6 on default port 15091] INFO  net.NetworkTopologyImpl (NetworkTopologyImpl.java:add(134)) - Added a new node: /default-rack/78187b2a-fdcc-4f64-b78e-e48d2135caff
2024-04-26 07:43:46,001 [main] INFO  ozone.MiniOzoneClusterImpl (MiniOzoneClusterImpl.java:lambda$waitForClusterToBeReady$0(194)) - Waiting for nodes to be ready. Got 8 of 9 DN Heartbeats.
2024-04-26 07:43:46,001 [main] INFO  ozone.MiniOzoneClusterImpl (MiniOzoneClusterImpl.java:lambda$waitForClusterToBeReady$0(197)) - Waiting for cluster to exit safe mode
2024-04-26 07:43:46,001 [main] INFO  ozone.MiniOzoneClusterImpl (MiniOzoneClusterImpl.java:lambda$waitForClusterToBeReady$0(199)) - SCM became leader
2024-04-26 07:43:46,001 [IPC Server handler 6 on default port 15091] INFO  node.SCMNodeManager (SCMNodeManager.java:register(421)) - Registered datanode: 78187b2a-fdcc-4f64-b78e-e48d2135caff{ip: 127.0.0.1, host: localhost, ports: [HTTP=15170, CLIENT_RPC=15171, REPLICATION=15177, RATIS=15173, RATIS_ADMIN=15174, RATIS_SERVER=15175, RATIS_DATASTREAM=15176, STANDALONE=15172], networkLocation: /default-rack, certSerialId: null, persistedOpState: null, persistedOpStateExpiryEpochSec: 0}
2024-04-26 07:43:46,001 [EventQueue-NewNodeForNewNodeHandler] INFO  pipeline.BackgroundPipelineCreator (BackgroundPipelineCreator.java:notifyEventTriggered(280)) - trigger a one-shot run on RatisPipelineUtilsThread.
2024-04-26 07:43:46,002 [RatisPipelineUtilsThread-0] INFO  pipeline.RatisPipelineProvider (RatisPipelineProvider.java:lambda$create$0(205)) - Sending CreatePipelineCommand for pipeline:PipelineID=b15d20e7-19ba-465e-a4d1-69bc410565a2 to datanode:78187b2a-fdcc-4f64-b78e-e48d2135caff
2024-04-26 07:43:46,003 [RatisPipelineUtilsThread-0] INFO  pipeline.BackgroundPipelineCreator (BackgroundPipelineCreator.java:createPipelines(236)) - Created new pipeline Pipeline[ Id: b15d20e7-19ba-465e-a4d1-69bc410565a2, Nodes: 78187b2a-fdcc-4f64-b78e-e48d2135caff(localhost/127.0.0.1), ReplicationConfig: RATIS/ONE, State:ALLOCATED, leaderId:, CreationTimestamp2024-04-26T07:43:46.002334888Z[Etc/UTC]]
2024-04-26 07:43:46,003 [RatisPipelineUtilsThread-0] INFO  pipeline.RatisPipelineProvider (RatisPipelineProvider.java:lambda$create$0(205)) - Sending CreatePipelineCommand for pipeline:PipelineID=6848d74c-0497-49b3-84ff-58785c267393 to datanode:a0a780bc-4285-4c1f-be2a-f222fe59f73a
2024-04-26 07:43:46,003 [RatisPipelineUtilsThread-0] INFO  pipeline.RatisPipelineProvider (RatisPipelineProvider.java:lambda$create$0(205)) - Sending CreatePipelineCommand for pipeline:PipelineID=6848d74c-0497-49b3-84ff-58785c267393 to datanode:fc9979d5-d948-4828-9511-0e4a1771ac5f
2024-04-26 07:43:46,003 [RatisPipelineUtilsThread-0] INFO  pipeline.RatisPipelineProvider (RatisPipelineProvider.java:lambda$create$0(205)) - Sending CreatePipelineCommand for pipeline:PipelineID=6848d74c-0497-49b3-84ff-58785c267393 to datanode:78187b2a-fdcc-4f64-b78e-e48d2135caff
2024-04-26 07:43:46,004 [RatisPipelineUtilsThread-0] INFO  pipeline.BackgroundPipelineCreator (BackgroundPipelineCreator.java:createPipelines(236)) - Created new pipeline Pipeline[ Id: 6848d74c-0497-49b3-84ff-58785c267393, Nodes: a0a780bc-4285-4c1f-be2a-f222fe59f73a(localhost/127.0.0.1)fc9979d5-d948-4828-9511-0e4a1771ac5f(localhost/127.0.0.1)78187b2a-fdcc-4f64-b78e-e48d2135caff(localhost/127.0.0.1), ReplicationConfig: RATIS/THREE, State:ALLOCATED, leaderId:, CreationTimestamp2024-04-26T07:43:46.003454923Z[Etc/UTC]]
2024-04-26 07:43:47,001 [main] INFO  ozone.MiniOzoneClusterImpl (MiniOzoneClusterImpl.java:lambda$waitForClusterToBeReady$0(194)) - Nodes are ready. Got 9 of 9 DN Heartbeats.
2024-04-26 07:43:47,002 [main] INFO  ozone.MiniOzoneClusterImpl (MiniOzoneClusterImpl.java:lambda$waitForClusterToBeReady$0(197)) - Waiting for cluster to exit safe mode
2024-04-26 07:43:47,002 [main] INFO  ozone.MiniOzoneClusterImpl (MiniOzoneClusterImpl.java:lambda$waitForClusterToBeReady$0(199)) - SCM became leader
2024-04-26 07:43:48,002 [main] INFO  ozone.MiniOzoneClusterImpl (MiniOzoneClusterImpl.java:lambda$waitForClusterToBeReady$0(194)) - Nodes are ready. Got 9 of 9 DN Heartbeats.
2024-04-26 07:43:48,002 [main] INFO  ozone.MiniOzoneClusterImpl (MiniOzoneClusterImpl.java:lambda$waitForClusterToBeReady$0(197)) - Waiting for cluster to exit safe mode
2024-04-26 07:43:48,002 [main] INFO  ozone.MiniOzoneClusterImpl (MiniOzoneClusterImpl.java:lambda$waitForClusterToBeReady$0(199)) - SCM became leader
2024-04-26 07:43:48,361 [d591b026-01eb-4928-a28c-f8365e0687e2-PipelineCommandHandlerThread-0] INFO  server.RaftServer (RaftServerProxy.java:addNew(100)) - d591b026-01eb-4928-a28c-f8365e0687e2: addNew group-6BE76EECAE25:[d591b026-01eb-4928-a28c-f8365e0687e2|127.0.0.1:15103] returns group-6BE76EECAE25:java.util.concurrent.CompletableFuture@608725ba[Not completed]
2024-04-26 07:43:48,361 [d591b026-01eb-4928-a28c-f8365e0687e2-groupManagement] INFO  server.RaftServer$Division (RaftServerImpl.java:<init>(256)) - d591b026-01eb-4928-a28c-f8365e0687e2: new RaftServerImpl for group-6BE76EECAE25:[d591b026-01eb-4928-a28c-f8365e0687e2|127.0.0.1:15103] with ContainerStateMachine:uninitialized
2024-04-26 07:43:48,361 [d591b026-01eb-4928-a28c-f8365e0687e2-groupManagement] INFO  server.RaftServerConfigKeys (ConfUtils.java:logGet(46)) - raft.server.rpc.timeout.min = 5s (custom)
2024-04-26 07:43:48,362 [d591b026-01eb-4928-a28c-f8365e0687e2-groupManagement] INFO  server.RaftServerConfigKeys (ConfUtils.java:logGet(46)) - raft.server.rpc.timeout.max = 5200ms (custom)
2024-04-26 07:43:48,362 [d591b026-01eb-4928-a28c-f8365e0687e2-groupManagement] INFO  server.RaftServerConfigKeys (ConfUtils.java:logGet(46)) - raft.server.rpc.sleep.time = 25ms (default)
2024-04-26 07:43:48,362 [d591b026-01eb-4928-a28c-f8365e0687e2-groupManagement] INFO  server.RaftServerConfigKeys (ConfUtils.java:logGet(46)) - raft.server.rpc.slowness.timeout = 300000ms (custom)
2024-04-26 07:43:48,362 [d591b026-01eb-4928-a28c-f8365e0687e2-groupManagement] INFO  server.RaftServerConfigKeys (ConfUtils.java:logGet(46)) - raft.server.leaderelection.leader.step-down.wait-time = 10s (default)
2024-04-26 07:43:48,362 [d591b026-01eb-4928-a28c-f8365e0687e2-groupManagement] INFO  server.RaftServerConfigKeys (ConfUtils.java:logGet(46)) - raft.server.leaderelection.member.majority-add = false (default)
2024-04-26 07:43:48,362 [d591b026-01eb-4928-a28c-f8365e0687e2-groupManagement] INFO  server.RaftServerConfigKeys (ConfUtils.java:logGet(46)) - raft.server.sleep.deviation.threshold = 300ms (default)
2024-04-26 07:43:48,362 [d591b026-01eb-4928-a28c-f8365e0687e2-groupManagement] INFO  server.RaftServer$Division (ServerState.java:<init>(113)) - d591b026-01eb-4928-a28c-f8365e0687e2@group-6BE76EECAE25: ConfigurationManager, init=-1: peers:[d591b026-01eb-4928-a28c-f8365e0687e2|127.0.0.1:15103]|listeners:[], old=null, confs=<EMPTY_MAP>
2024-04-26 07:43:48,362 [d591b026-01eb-4928-a28c-f8365e0687e2-groupManagement] INFO  server.RaftServerConfigKeys (ConfUtils.java:logGet(46)) - raft.server.notification.no-leader.timeout = 300000ms (custom)
2024-04-26 07:43:48,362 [d591b026-01eb-4928-a28c-f8365e0687e2-groupManagement] INFO  server.RaftServerConfigKeys (ConfUtils.java:logGet(46)) - raft.server.read.timeout = 10s (default)
2024-04-26 07:43:48,362 [d591b026-01eb-4928-a28c-f8365e0687e2-groupManagement] INFO  server.RaftServerConfigKeys (ConfUtils.java:logGet(46)) - raft.server.retrycache.expirytime = 600000ms (custom)
2024-04-26 07:43:48,362 [d591b026-01eb-4928-a28c-f8365e0687e2-groupManagement] INFO  server.RaftServerConfigKeys (ConfUtils.java:logGet(46)) - raft.server.retrycache.statistics.expirytime = 100ms (default)
2024-04-26 07:43:48,362 [d591b026-01eb-4928-a28c-f8365e0687e2-groupManagement] INFO  server.RaftServerConfigKeys (ConfUtils.java:logGet(46)) - raft.server.read.option = DEFAULT (default)
2024-04-26 07:43:48,362 [d591b026-01eb-4928-a28c-f8365e0687e2-groupManagement] INFO  server.RaftServerConfigKeys (ConfUtils.java:logGet(46)) - raft.server.read.read-after-write-consistent.write-index-cache.expiry-time = 60s (default)
2024-04-26 07:43:48,365 [d591b026-01eb-4928-a28c-f8365e0687e2-groupManagement] INFO  server.RaftServerConfigKeys (ConfUtils.java:logGet(46)) - raft.server.rpc.request.timeout = 3000ms (default)
2024-04-26 07:43:48,365 [d591b026-01eb-4928-a28c-f8365e0687e2-groupManagement] INFO  server.RaftServerConfigKeys (ConfUtils.java:logGet(46)) - raft.server.log.appender.install.snapshot.enabled = false (custom)
2024-04-26 07:43:48,366 [d591b026-01eb-4928-a28c-f8365e0687e2-groupManagement] INFO  server.RaftServerConfigKeys (ConfUtils.java:logGet(46)) - raft.server.threadpool.server.cached = true (default)
2024-04-26 07:43:48,366 [d591b026-01eb-4928-a28c-f8365e0687e2-groupManagement] INFO  server.RaftServerConfigKeys (ConfUtils.java:logGet(46)) - raft.server.threadpool.server.size = 0 (default)
2024-04-26 07:43:48,366 [d591b026-01eb-4928-a28c-f8365e0687e2-groupManagement] INFO  server.RaftServerConfigKeys (ConfUtils.java:logGet(46)) - raft.server.threadpool.client.cached = true (default)
2024-04-26 07:43:48,366 [d591b026-01eb-4928-a28c-f8365e0687e2-groupManagement] INFO  server.RaftServerConfigKeys (ConfUtils.java:logGet(46)) - raft.server.threadpool.client.size = 0 (default)
2024-04-26 07:43:48,366 [d591b026-01eb-4928-a28c-f8365e0687e2-groupManagement] INFO  server.RaftServerConfigKeys (ConfUtils.java:logGet(46)) - raft.server.storage.free-space.min = 0MB (=0) (default)
2024-04-26 07:43:48,366 [d591b026-01eb-4928-a28c-f8365e0687e2-groupManagement] INFO  server.RaftServerConfigKeys (ConfUtils.java:logGet(46)) - raft.server.log.corruption.policy = EXCEPTION (default)
2024-04-26 07:43:48,366 [d591b026-01eb-4928-a28c-f8365e0687e2-groupManagement] INFO  server.RaftServerConfigKeys (ConfUtils.java:logGet(46)) - raft.server.storage.dir = [/home/runner/work/ozone/ozone/hadoop-ozone/integration-test/target/test-dir/MiniOzoneClusterImpl-a56b3a23-5bf6-4b5b-a0fe-007206924a4e/ozone-meta/datanode-1/ratis] (custom)
2024-04-26 07:43:48,366 [d591b026-01eb-4928-a28c-f8365e0687e2-groupManagement] INFO  storage.RaftStorageDirectory (RaftStorageDirectoryImpl.java:analyzeStorage(138)) - The storage directory /home/runner/work/ozone/ozone/hadoop-ozone/integration-test/target/test-dir/MiniOzoneClusterImpl-a56b3a23-5bf6-4b5b-a0fe-007206924a4e/ozone-meta/datanode-1/ratis/9ad9a9a9-6390-4eea-8ab0-6be76eecae25 does not exist. Creating ...
2024-04-26 07:43:48,367 [d591b026-01eb-4928-a28c-f8365e0687e2-groupManagement] INFO  storage.RaftStorageDirectory (RaftStorageDirectoryImpl.java:tryLock(228)) - Lock on /home/runner/work/ozone/ozone/hadoop-ozone/integration-test/target/test-dir/MiniOzoneClusterImpl-a56b3a23-5bf6-4b5b-a0fe-007206924a4e/ozone-meta/datanode-1/ratis/9ad9a9a9-6390-4eea-8ab0-6be76eecae25/in_use.lock acquired by nodename 21422@fv-az1107-628
2024-04-26 07:43:48,368 [d591b026-01eb-4928-a28c-f8365e0687e2-groupManagement] INFO  storage.RaftStorage (RaftStorageImpl.java:format(99)) - Storage directory /home/runner/work/ozone/ozone/hadoop-ozone/integration-test/target/test-dir/MiniOzoneClusterImpl-a56b3a23-5bf6-4b5b-a0fe-007206924a4e/ozone-meta/datanode-1/ratis/9ad9a9a9-6390-4eea-8ab0-6be76eecae25 has been successfully formatted.
2024-04-26 07:43:48,369 [d591b026-01eb-4928-a28c-f8365e0687e2-groupManagement] WARN  util.FileUtils (LogUtils.java:supplyAndLog(63)) - Failed to Files.newInputStream /home/runner/work/ozone/ozone/hadoop-ozone/integration-test/target/test-dir/MiniOzoneClusterImpl-a56b3a23-5bf6-4b5b-a0fe-007206924a4e/ozone-meta/datanode-1/ratis/9ad9a9a9-6390-4eea-8ab0-6be76eecae25/current/raft-meta.conf with options []: java.nio.file.NoSuchFileException: /home/runner/work/ozone/ozone/hadoop-ozone/integration-test/target/test-dir/MiniOzoneClusterImpl-a56b3a23-5bf6-4b5b-a0fe-007206924a4e/ozone-meta/datanode-1/ratis/9ad9a9a9-6390-4eea-8ab0-6be76eecae25/current/raft-meta.conf
2024-04-26 07:43:48,369 [d591b026-01eb-4928-a28c-f8365e0687e2-groupManagement] INFO  ratis.ContainerStateMachine (ContainerStateMachine.java:loadSnapshot(287)) - group-6BE76EECAE25: The snapshot info is null. Setting the last applied index to:(t:0, i:~)
2024-04-26 07:43:48,369 [d591b026-01eb-4928-a28c-f8365e0687e2-groupManagement] INFO  server.RaftServerConfigKeys (ConfUtils.java:logGet(46)) - raft.server.log.use.memory = false (default)
2024-04-26 07:43:48,369 [d591b026-01eb-4928-a28c-f8365e0687e2-groupManagement] INFO  server.RaftServerConfigKeys (ConfUtils.java:logGet(46)) - raft.server.log.purge.gap = 1000000 (custom)
2024-04-26 07:43:48,369 [d591b026-01eb-4928-a28c-f8365e0687e2-groupManagement] INFO  server.RaftServerConfigKeys (ConfUtils.java:logGet(46)) - raft.server.log.appender.buffer.byte-limit = 8388608 (custom)
2024-04-26 07:43:48,369 [d591b026-01eb-4928-a28c-f8365e0687e2-groupManagement] INFO  server.RaftServerConfigKeys (ConfUtils.java:logGet(46)) - raft.server.log.statemachine.data.read.timeout = 1000ms (default)
2024-04-26 07:43:48,369 [d591b026-01eb-4928-a28c-f8365e0687e2-groupManagement] INFO  server.RaftServerConfigKeys (ConfUtils.java:logGet(46)) - raft.server.log.purge.preservation.log.num = 0 (default)
2024-04-26 07:43:48,370 [EventQueue-PipelineReportForPipelineReportHandler] INFO  pipeline.PipelineReportHandler (PipelineReportHandler.java:processPipelineReport(136)) - Opened pipeline PipelineID=9ad9a9a9-6390-4eea-8ab0-6be76eecae25
2024-04-26 07:43:48,371 [d591b026-01eb-4928-a28c-f8365e0687e2-groupManagement] INFO  server.RaftServerConfigKeys (ConfUtils.java:logGet(46)) - raft.server.log.segment.size.max = 67108864 (custom)
2024-04-26 07:43:48,371 [EventQueue-OpenPipelineForHealthyPipelineSafeModeRule] INFO  safemode.SCMSafeModeManager (HealthyPipelineSafeModeRule.java:process(140)) - SCM in safe mode. Healthy pipelines reported count is 0, required healthy pipeline reported count is 1
2024-04-26 07:43:48,371 [d591b026-01eb-4928-a28c-f8365e0687e2-groupManagement] INFO  server.RaftServerConfigKeys (ConfUtils.java:logGet(46)) - raft.server.log.segment.cache.num.max = 2 (custom)
2024-04-26 07:43:48,371 [d591b026-01eb-4928-a28c-f8365e0687e2-groupManagement] INFO  server.RaftServerConfigKeys (ConfUtils.java:logGet(46)) - raft.server.log.segment.cache.size.max = 200MB (=209715200) (default)
2024-04-26 07:43:48,371 [d591b026-01eb-4928-a28c-f8365e0687e2-groupManagement] INFO  server.RaftServerConfigKeys (ConfUtils.java:logGet(46)) - raft.server.log.appender.buffer.byte-limit = 8388608 (custom)
2024-04-26 07:43:48,372 [d591b026-01eb-4928-a28c-f8365e0687e2-groupManagement] INFO  util.AwaitToRun (AwaitToRun.java:start(81)) - Thread[d591b026-01eb-4928-a28c-f8365e0687e2@group-6BE76EECAE25-cacheEviction-AwaitToRun,5,main] started
2024-04-26 07:43:48,372 [d591b026-01eb-4928-a28c-f8365e0687e2-groupManagement] INFO  segmented.SegmentedRaftLogWorker (SegmentedRaftLogWorker.java:<init>(182)) - new d591b026-01eb-4928-a28c-f8365e0687e2@group-6BE76EECAE25-SegmentedRaftLogWorker for RaftStorageImpl:Storage Directory /home/runner/work/ozone/ozone/hadoop-ozone/integration-test/target/test-dir/MiniOzoneClusterImpl-a56b3a23-5bf6-4b5b-a0fe-007206924a4e/ozone-meta/datanode-1/ratis/9ad9a9a9-6390-4eea-8ab0-6be76eecae25
2024-04-26 07:43:48,372 [d591b026-01eb-4928-a28c-f8365e0687e2-groupManagement] INFO  server.RaftServerConfigKeys (ConfUtils.java:logGet(46)) - raft.server.log.queue.byte-limit = 4294967296 (custom)
2024-04-26 07:43:48,372 [d591b026-01eb-4928-a28c-f8365e0687e2-groupManagement] INFO  server.RaftServerConfigKeys (ConfUtils.java:logGet(46)) - raft.server.log.queue.element-limit = 1024 (custom)
2024-04-26 07:43:48,372 [d591b026-01eb-4928-a28c-f8365e0687e2-groupManagement] INFO  server.RaftServerConfigKeys (ConfUtils.java:logGet(46)) - raft.server.log.segment.size.max = 67108864 (custom)
2024-04-26 07:43:48,372 [d591b026-01eb-4928-a28c-f8365e0687e2-groupManagement] INFO  server.RaftServerConfigKeys (ConfUtils.java:logGet(46)) - raft.server.log.preallocated.size = 4194304 (custom)
2024-04-26 07:43:48,372 [d591b026-01eb-4928-a28c-f8365e0687e2-groupManagement] INFO  server.RaftServerConfigKeys (ConfUtils.java:logGet(46)) - raft.server.log.force.sync.num = 128 (default)
2024-04-26 07:43:48,372 [d591b026-01eb-4928-a28c-f8365e0687e2-groupManagement] INFO  server.RaftServerConfigKeys (ConfUtils.java:logGet(46)) - raft.server.log.statemachine.data.sync = true (default)
2024-04-26 07:43:48,372 [d591b026-01eb-4928-a28c-f8365e0687e2-groupManagement] INFO  server.RaftServerConfigKeys (ConfUtils.java:logGet(46)) - raft.server.log.statemachine.data.sync.timeout = 10s (default)
2024-04-26 07:43:48,372 [d591b026-01eb-4928-a28c-f8365e0687e2-groupManagement] INFO  server.RaftServerConfigKeys (ConfUtils.java:logGet(46)) - raft.server.log.statemachine.data.sync.timeout.retry = 30 (custom)
2024-04-26 07:43:48,373 [d591b026-01eb-4928-a28c-f8365e0687e2-groupManagement] INFO  server.RaftServerConfigKeys (ConfUtils.java:logGet(46)) - raft.server.log.write.buffer.size = 8388616 (custom)
2024-04-26 07:43:48,374 [d591b026-01eb-4928-a28c-f8365e0687e2-groupManagement] INFO  server.RaftServerConfigKeys (ConfUtils.java:logGet(46)) - raft.server.log.appender.buffer.byte-limit = 8388608 (custom)
2024-04-26 07:43:48,374 [d591b026-01eb-4928-a28c-f8365e0687e2-groupManagement] INFO  server.RaftServerConfigKeys (ConfUtils.java:logGet(46)) - raft.server.log.unsafe-flush.enabled = false (default)
2024-04-26 07:43:48,374 [d591b026-01eb-4928-a28c-f8365e0687e2-groupManagement] INFO  server.RaftServerConfigKeys (ConfUtils.java:logGet(46)) - raft.server.log.async-flush.enabled = false (default)
2024-04-26 07:43:48,375 [d591b026-01eb-4928-a28c-f8365e0687e2-groupManagement] INFO  server.RaftServerConfigKeys (ConfUtils.java:logGet(46)) - raft.server.log.statemachine.data.caching.enabled = true (custom)
2024-04-26 07:43:48,375 [d591b026-01eb-4928-a28c-f8365e0687e2-groupManagement] INFO  segmented.SegmentedRaftLogWorker (SegmentedRaftLogWorker.java:lambda$new$0(134)) - d591b026-01eb-4928-a28c-f8365e0687e2@group-6BE76EECAE25-SegmentedRaftLogWorker: flushIndex: setUnconditionally 0 -> -1
2024-04-26 07:43:48,375 [d591b026-01eb-4928-a28c-f8365e0687e2-groupManagement] INFO  segmented.SegmentedRaftLogWorker (SegmentedRaftLogWorker.java:lambda$new$0(134)) - d591b026-01eb-4928-a28c-f8365e0687e2@group-6BE76EECAE25-SegmentedRaftLogWorker: safeCacheEvictIndex: setUnconditionally 0 -> -1
2024-04-26 07:43:48,375 [d591b026-01eb-4928-a28c-f8365e0687e2-groupManagement] INFO  server.RaftServer$Division (RaftServerImpl.java:start(396)) - d591b026-01eb-4928-a28c-f8365e0687e2@group-6BE76EECAE25: start as a follower, conf=-1: peers:[d591b026-01eb-4928-a28c-f8365e0687e2|127.0.0.1:15103]|listeners:[], old=null
2024-04-26 07:43:48,375 [d591b026-01eb-4928-a28c-f8365e0687e2-groupManagement] INFO  server.RaftServer$Division (RaftServerImpl.java:setRole(383)) - d591b026-01eb-4928-a28c-f8365e0687e2@group-6BE76EECAE25: changes role from      null to FOLLOWER at term 0 for startAsFollower
2024-04-26 07:43:48,375 [d591b026-01eb-4928-a28c-f8365e0687e2-groupManagement] INFO  impl.RoleInfo (RoleInfo.java:updateAndGet(139)) - d591b026-01eb-4928-a28c-f8365e0687e2: start d591b026-01eb-4928-a28c-f8365e0687e2@group-6BE76EECAE25-FollowerState
2024-04-26 07:43:48,375 [d591b026-01eb-4928-a28c-f8365e0687e2@group-6BE76EECAE25-FollowerState] INFO  server.RaftServerConfigKeys (ConfUtils.java:logFallback(53)) - raft.server.rpc.first-election.timeout.min = 5s (fallback to raft.server.rpc.timeout.min)
2024-04-26 07:43:48,376 [d591b026-01eb-4928-a28c-f8365e0687e2@group-6BE76EECAE25-FollowerState] INFO  server.RaftServerConfigKeys (ConfUtils.java:logFallback(53)) - raft.server.rpc.first-election.timeout.max = 5200ms (fallback to raft.server.rpc.timeout.max)
2024-04-26 07:43:48,375 [d591b026-01eb-4928-a28c-f8365e0687e2-groupManagement] INFO  util.JmxRegister (JmxRegister.java:tryRegister(44)) - Successfully registered JMX Bean with object name Ratis:service=RaftServer,group=group-6BE76EECAE25,id=d591b026-01eb-4928-a28c-f8365e0687e2
2024-04-26 07:43:48,376 [d591b026-01eb-4928-a28c-f8365e0687e2-groupManagement] INFO  server.RaftServerConfigKeys (ConfUtils.java:logGet(46)) - raft.server.snapshot.trigger-when-stop.enabled = true (default)
2024-04-26 07:43:48,376 [d591b026-01eb-4928-a28c-f8365e0687e2-groupManagement] INFO  server.RaftServerConfigKeys (ConfUtils.java:logGet(46)) - raft.server.snapshot.auto.trigger.enabled = true (custom)
2024-04-26 07:43:48,376 [d591b026-01eb-4928-a28c-f8365e0687e2-groupManagement] INFO  server.RaftServerConfigKeys (ConfUtils.java:logGet(46)) - raft.server.snapshot.auto.trigger.threshold = 10000 (custom)
2024-04-26 07:43:48,376 [d591b026-01eb-4928-a28c-f8365e0687e2-groupManagement] INFO  server.RaftServerConfigKeys (ConfUtils.java:logGet(46)) - raft.server.snapshot.retention.file.num = 5 (custom)
2024-04-26 07:43:48,376 [d591b026-01eb-4928-a28c-f8365e0687e2-groupManagement] INFO  server.RaftServerConfigKeys (ConfUtils.java:logGet(46)) - raft.server.log.purge.upto.snapshot.index = false (default)
2024-04-26 07:43:48,377 [d591b026-01eb-4928-a28c-f8365e0687e2-PipelineCommandHandlerThread-0] INFO  ratis.XceiverServerRatis (XceiverServerRatis.java:addGroup(864)) - Created group PipelineID=9ad9a9a9-6390-4eea-8ab0-6be76eecae25
2024-04-26 07:43:48,377 [d591b026-01eb-4928-a28c-f8365e0687e2-PipelineCommandHandlerThread-0] INFO  commandhandler.CreatePipelineCommandHandler (CreatePipelineCommandHandler.java:lambda$handle$2(124)) - Created Pipeline RATIS ONE PipelineID=9ad9a9a9-6390-4eea-8ab0-6be76eecae25.
2024-04-26 07:43:48,377 [d591b026-01eb-4928-a28c-f8365e0687e2-PipelineCommandHandlerThread-0] INFO  server.RaftServer (RaftServerProxy.java:addNew(100)) - d591b026-01eb-4928-a28c-f8365e0687e2: addNew group-1D6CABF8A42A:[d591b026-01eb-4928-a28c-f8365e0687e2|127.0.0.1:15103, dd21079d-84ac-4ee5-bea1-aaabc97992ac|127.0.0.1:15112, 6344c76b-c160-4957-8ee9-5bf4783825fc|127.0.0.1:15121] returns group-1D6CABF8A42A:java.util.concurrent.CompletableFuture@64b8ad72[Not completed]
2024-04-26 07:43:48,378 [d591b026-01eb-4928-a28c-f8365e0687e2-groupManagement] INFO  server.RaftServer$Division (RaftServerImpl.java:<init>(256)) - d591b026-01eb-4928-a28c-f8365e0687e2: new RaftServerImpl for group-1D6CABF8A42A:[d591b026-01eb-4928-a28c-f8365e0687e2|127.0.0.1:15103, dd21079d-84ac-4ee5-bea1-aaabc97992ac|127.0.0.1:15112, 6344c76b-c160-4957-8ee9-5bf4783825fc|127.0.0.1:15121] with ContainerStateMachine:uninitialized
2024-04-26 07:43:48,378 [d591b026-01eb-4928-a28c-f8365e0687e2-groupManagement] INFO  server.RaftServerConfigKeys (ConfUtils.java:logGet(46)) - raft.server.rpc.timeout.min = 5s (custom)
2024-04-26 07:43:48,378 [d591b026-01eb-4928-a28c-f8365e0687e2-groupManagement] INFO  server.RaftServerConfigKeys (ConfUtils.java:logGet(46)) - raft.server.rpc.timeout.max = 5200ms (custom)
2024-04-26 07:43:48,378 [d591b026-01eb-4928-a28c-f8365e0687e2-groupManagement] INFO  server.RaftServerConfigKeys (ConfUtils.java:logGet(46)) - raft.server.rpc.sleep.time = 25ms (default)
2024-04-26 07:43:48,378 [d591b026-01eb-4928-a28c-f8365e0687e2-groupManagement] INFO  server.RaftServerConfigKeys (ConfUtils.java:logGet(46)) - raft.server.rpc.slowness.timeout = 300000ms (custom)
2024-04-26 07:43:48,378 [d591b026-01eb-4928-a28c-f8365e0687e2-groupManagement] INFO  server.RaftServerConfigKeys (ConfUtils.java:logGet(46)) - raft.server.leaderelection.leader.step-down.wait-time = 10s (default)
2024-04-26 07:43:48,378 [d591b026-01eb-4928-a28c-f8365e0687e2-groupManagement] INFO  server.RaftServerConfigKeys (ConfUtils.java:logGet(46)) - raft.server.leaderelection.member.majority-add = false (default)
2024-04-26 07:43:48,378 [d591b026-01eb-4928-a28c-f8365e0687e2-groupManagement] INFO  server.RaftServerConfigKeys (ConfUtils.java:logGet(46)) - raft.server.sleep.deviation.threshold = 300ms (default)
2024-04-26 07:43:48,378 [d591b026-01eb-4928-a28c-f8365e0687e2-groupManagement] INFO  server.RaftServer$Division (ServerState.java:<init>(113)) - d591b026-01eb-4928-a28c-f8365e0687e2@group-1D6CABF8A42A: ConfigurationManager, init=-1: peers:[d591b026-01eb-4928-a28c-f8365e0687e2|127.0.0.1:15103, dd21079d-84ac-4ee5-bea1-aaabc97992ac|127.0.0.1:15112, 6344c76b-c160-4957-8ee9-5bf4783825fc|127.0.0.1:15121]|listeners:[], old=null, confs=<EMPTY_MAP>
2024-04-26 07:43:48,378 [d591b026-01eb-4928-a28c-f8365e0687e2-groupManagement] INFO  server.RaftServerConfigKeys (ConfUtils.java:logGet(46)) - raft.server.notification.no-leader.timeout = 300000ms (custom)
2024-04-26 07:43:48,378 [d591b026-01eb-4928-a28c-f8365e0687e2-groupManagement] INFO  server.RaftServerConfigKeys (ConfUtils.java:logGet(46)) - raft.server.read.timeout = 10s (default)
2024-04-26 07:43:48,378 [d591b026-01eb-4928-a28c-f8365e0687e2-groupManagement] INFO  server.RaftServerConfigKeys (ConfUtils.java:logGet(46)) - raft.server.retrycache.expirytime = 600000ms (custom)
2024-04-26 07:43:48,379 [d591b026-01eb-4928-a28c-f8365e0687e2-groupManagement] INFO  server.RaftServerConfigKeys (ConfUtils.java:logGet(46)) - raft.server.retrycache.statistics.expirytime = 100ms (default)
2024-04-26 07:43:48,379 [d591b026-01eb-4928-a28c-f8365e0687e2-groupManagement] INFO  server.RaftServerConfigKeys (ConfUtils.java:logGet(46)) - raft.server.read.option = DEFAULT (default)
2024-04-26 07:43:48,379 [d591b026-01eb-4928-a28c-f8365e0687e2-groupManagement] INFO  server.RaftServerConfigKeys (ConfUtils.java:logGet(46)) - raft.server.read.read-after-write-consistent.write-index-cache.expiry-time = 60s (default)
2024-04-26 07:43:48,381 [d591b026-01eb-4928-a28c-f8365e0687e2-groupManagement] INFO  server.RaftServerConfigKeys (ConfUtils.java:logGet(46)) - raft.server.rpc.request.timeout = 3000ms (default)
2024-04-26 07:43:48,381 [d591b026-01eb-4928-a28c-f8365e0687e2-groupManagement] INFO  server.RaftServerConfigKeys (ConfUtils.java:logGet(46)) - raft.server.log.appender.install.snapshot.enabled = false (custom)
2024-04-26 07:43:48,382 [d591b026-01eb-4928-a28c-f8365e0687e2-groupManagement] INFO  server.RaftServerConfigKeys (ConfUtils.java:logGet(46)) - raft.server.threadpool.server.cached = true (default)
2024-04-26 07:43:48,382 [d591b026-01eb-4928-a28c-f8365e0687e2-groupManagement] INFO  server.RaftServerConfigKeys (ConfUtils.java:logGet(46)) - raft.server.threadpool.server.size = 0 (default)
2024-04-26 07:43:48,382 [d591b026-01eb-4928-a28c-f8365e0687e2-groupManagement] INFO  server.RaftServerConfigKeys (ConfUtils.java:logGet(46)) - raft.server.threadpool.client.cached = true (default)
2024-04-26 07:43:48,382 [d591b026-01eb-4928-a28c-f8365e0687e2-groupManagement] INFO  server.RaftServerConfigKeys (ConfUtils.java:logGet(46)) - raft.server.threadpool.client.size = 0 (default)
2024-04-26 07:43:48,382 [d591b026-01eb-4928-a28c-f8365e0687e2-groupManagement] INFO  server.RaftServerConfigKeys (ConfUtils.java:logGet(46)) - raft.server.storage.free-space.min = 0MB (=0) (default)
2024-04-26 07:43:48,382 [d591b026-01eb-4928-a28c-f8365e0687e2-groupManagement] INFO  server.RaftServerConfigKeys (ConfUtils.java:logGet(46)) - raft.server.log.corruption.policy = EXCEPTION (default)
2024-04-26 07:43:48,382 [d591b026-01eb-4928-a28c-f8365e0687e2-groupManagement] INFO  server.RaftServerConfigKeys (ConfUtils.java:logGet(46)) - raft.server.storage.dir = [/home/runner/work/ozone/ozone/hadoop-ozone/integration-test/target/test-dir/MiniOzoneClusterImpl-a56b3a23-5bf6-4b5b-a0fe-007206924a4e/ozone-meta/datanode-1/ratis] (custom)
2024-04-26 07:43:48,382 [d591b026-01eb-4928-a28c-f8365e0687e2-groupManagement] INFO  storage.RaftStorageDirectory (RaftStorageDirectoryImpl.java:analyzeStorage(138)) - The storage directory /home/runner/work/ozone/ozone/hadoop-ozone/integration-test/target/test-dir/MiniOzoneClusterImpl-a56b3a23-5bf6-4b5b-a0fe-007206924a4e/ozone-meta/datanode-1/ratis/bed83b25-9cb5-4226-b5f4-1d6cabf8a42a does not exist. Creating ...
2024-04-26 07:43:48,383 [d591b026-01eb-4928-a28c-f8365e0687e2-groupManagement] INFO  storage.RaftStorageDirectory (RaftStorageDirectoryImpl.java:tryLock(228)) - Lock on /home/runner/work/ozone/ozone/hadoop-ozone/integration-test/target/test-dir/MiniOzoneClusterImpl-a56b3a23-5bf6-4b5b-a0fe-007206924a4e/ozone-meta/datanode-1/ratis/bed83b25-9cb5-4226-b5f4-1d6cabf8a42a/in_use.lock acquired by nodename 21422@fv-az1107-628
2024-04-26 07:43:48,384 [d591b026-01eb-4928-a28c-f8365e0687e2-groupManagement] INFO  storage.RaftStorage (RaftStorageImpl.java:format(99)) - Storage directory /home/runner/work/ozone/ozone/hadoop-ozone/integration-test/target/test-dir/MiniOzoneClusterImpl-a56b3a23-5bf6-4b5b-a0fe-007206924a4e/ozone-meta/datanode-1/ratis/bed83b25-9cb5-4226-b5f4-1d6cabf8a42a has been successfully formatted.
2024-04-26 07:43:48,384 [d591b026-01eb-4928-a28c-f8365e0687e2-groupManagement] WARN  util.FileUtils (LogUtils.java:supplyAndLog(63)) - Failed to Files.newInputStream /home/runner/work/ozone/ozone/hadoop-ozone/integration-test/target/test-dir/MiniOzoneClusterImpl-a56b3a23-5bf6-4b5b-a0fe-007206924a4e/ozone-meta/datanode-1/ratis/bed83b25-9cb5-4226-b5f4-1d6cabf8a42a/current/raft-meta.conf with options []: java.nio.file.NoSuchFileException: /home/runner/work/ozone/ozone/hadoop-ozone/integration-test/target/test-dir/MiniOzoneClusterImpl-a56b3a23-5bf6-4b5b-a0fe-007206924a4e/ozone-meta/datanode-1/ratis/bed83b25-9cb5-4226-b5f4-1d6cabf8a42a/current/raft-meta.conf
2024-04-26 07:43:48,384 [d591b026-01eb-4928-a28c-f8365e0687e2-groupManagement] INFO  ratis.ContainerStateMachine (ContainerStateMachine.java:loadSnapshot(287)) - group-1D6CABF8A42A: The snapshot info is null. Setting the last applied index to:(t:0, i:~)
2024-04-26 07:43:48,384 [d591b026-01eb-4928-a28c-f8365e0687e2-groupManagement] INFO  server.RaftServerConfigKeys (ConfUtils.java:logGet(46)) - raft.server.log.use.memory = false (default)
2024-04-26 07:43:48,385 [d591b026-01eb-4928-a28c-f8365e0687e2-groupManagement] INFO  server.RaftServerConfigKeys (ConfUtils.java:logGet(46)) - raft.server.log.purge.gap = 1000000 (custom)
2024-04-26 07:43:48,385 [d591b026-01eb-4928-a28c-f8365e0687e2-groupManagement] INFO  server.RaftServerConfigKeys (ConfUtils.java:logGet(46)) - raft.server.log.appender.buffer.byte-limit = 8388608 (custom)
2024-04-26 07:43:48,385 [d591b026-01eb-4928-a28c-f8365e0687e2-groupManagement] INFO  server.RaftServerConfigKeys (ConfUtils.java:logGet(46)) - raft.server.log.statemachine.data.read.timeout = 1000ms (default)
2024-04-26 07:43:48,385 [d591b026-01eb-4928-a28c-f8365e0687e2-groupManagement] INFO  server.RaftServerConfigKeys (ConfUtils.java:logGet(46)) - raft.server.log.purge.preservation.log.num = 0 (default)
2024-04-26 07:43:48,386 [EventQueue-OpenPipelineForHealthyPipelineSafeModeRule] INFO  safemode.SCMSafeModeManager (HealthyPipelineSafeModeRule.java:process(140)) - SCM in safe mode. Healthy pipelines reported count is 0, required healthy pipeline reported count is 1
2024-04-26 07:43:48,386 [d591b026-01eb-4928-a28c-f8365e0687e2-groupManagement] INFO  server.RaftServerConfigKeys (ConfUtils.java:logGet(46)) - raft.server.log.segment.size.max = 67108864 (custom)
2024-04-26 07:43:48,387 [d591b026-01eb-4928-a28c-f8365e0687e2-groupManagement] INFO  server.RaftServerConfigKeys (ConfUtils.java:logGet(46)) - raft.server.log.segment.cache.num.max = 2 (custom)
2024-04-26 07:43:48,387 [d591b026-01eb-4928-a28c-f8365e0687e2-groupManagement] INFO  server.RaftServerConfigKeys (ConfUtils.java:logGet(46)) - raft.server.log.segment.cache.size.max = 200MB (=209715200) (default)
2024-04-26 07:43:48,387 [d591b026-01eb-4928-a28c-f8365e0687e2-groupManagement] INFO  server.RaftServerConfigKeys (ConfUtils.java:logGet(46)) - raft.server.log.appender.buffer.byte-limit = 8388608 (custom)
2024-04-26 07:43:48,387 [d591b026-01eb-4928-a28c-f8365e0687e2-groupManagement] INFO  util.AwaitToRun (AwaitToRun.java:start(81)) - Thread[d591b026-01eb-4928-a28c-f8365e0687e2@group-1D6CABF8A42A-cacheEviction-AwaitToRun,5,main] started
2024-04-26 07:43:48,387 [d591b026-01eb-4928-a28c-f8365e0687e2-groupManagement] INFO  segmented.SegmentedRaftLogWorker (SegmentedRaftLogWorker.java:<init>(182)) - new d591b026-01eb-4928-a28c-f8365e0687e2@group-1D6CABF8A42A-SegmentedRaftLogWorker for RaftStorageImpl:Storage Directory /home/runner/work/ozone/ozone/hadoop-ozone/integration-test/target/test-dir/MiniOzoneClusterImpl-a56b3a23-5bf6-4b5b-a0fe-007206924a4e/ozone-meta/datanode-1/ratis/bed83b25-9cb5-4226-b5f4-1d6cabf8a42a
2024-04-26 07:43:48,387 [d591b026-01eb-4928-a28c-f8365e0687e2-groupManagement] INFO  server.RaftServerConfigKeys (ConfUtils.java:logGet(46)) - raft.server.log.queue.byte-limit = 4294967296 (custom)
2024-04-26 07:43:48,387 [d591b026-01eb-4928-a28c-f8365e0687e2-groupManagement] INFO  server.RaftServerConfigKeys (ConfUtils.java:logGet(46)) - raft.server.log.queue.element-limit = 1024 (custom)
2024-04-26 07:43:48,387 [d591b026-01eb-4928-a28c-f8365e0687e2-groupManagement] INFO  server.RaftServerConfigKeys (ConfUtils.java:logGet(46)) - raft.server.log.segment.size.max = 67108864 (custom)
2024-04-26 07:43:48,387 [d591b026-01eb-4928-a28c-f8365e0687e2-groupManagement] INFO  server.RaftServerConfigKeys (ConfUtils.java:logGet(46)) - raft.server.log.preallocated.size = 4194304 (custom)
2024-04-26 07:43:48,387 [d591b026-01eb-4928-a28c-f8365e0687e2-groupManagement] INFO  server.RaftServerConfigKeys (ConfUtils.java:logGet(46)) - raft.server.log.force.sync.num = 128 (default)
2024-04-26 07:43:48,387 [d591b026-01eb-4928-a28c-f8365e0687e2-groupManagement] INFO  server.RaftServerConfigKeys (ConfUtils.java:logGet(46)) - raft.server.log.statemachine.data.sync = true (default)
2024-04-26 07:43:48,387 [d591b026-01eb-4928-a28c-f8365e0687e2-groupManagement] INFO  server.RaftServerConfigKeys (ConfUtils.java:logGet(46)) - raft.server.log.statemachine.data.sync.timeout = 10s (default)
2024-04-26 07:43:48,388 [d591b026-01eb-4928-a28c-f8365e0687e2-groupManagement] INFO  server.RaftServerConfigKeys (ConfUtils.java:logGet(46)) - raft.server.log.statemachine.data.sync.timeout.retry = 30 (custom)
2024-04-26 07:43:48,388 [d591b026-01eb-4928-a28c-f8365e0687e2-groupManagement] INFO  server.RaftServerConfigKeys (ConfUtils.java:logGet(46)) - raft.server.log.write.buffer.size = 8388616 (custom)
2024-04-26 07:43:48,389 [d591b026-01eb-4928-a28c-f8365e0687e2-groupManagement] INFO  server.RaftServerConfigKeys (ConfUtils.java:logGet(46)) - raft.server.log.appender.buffer.byte-limit = 8388608 (custom)
2024-04-26 07:43:48,390 [d591b026-01eb-4928-a28c-f8365e0687e2-groupManagement] INFO  server.RaftServerConfigKeys (ConfUtils.java:logGet(46)) - raft.server.log.unsafe-flush.enabled = false (default)
2024-04-26 07:43:48,390 [d591b026-01eb-4928-a28c-f8365e0687e2-groupManagement] INFO  server.RaftServerConfigKeys (ConfUtils.java:logGet(46)) - raft.server.log.async-flush.enabled = false (default)
2024-04-26 07:43:48,390 [d591b026-01eb-4928-a28c-f8365e0687e2-groupManagement] INFO  server.RaftServerConfigKeys (ConfUtils.java:logGet(46)) - raft.server.log.statemachine.data.caching.enabled = true (custom)
2024-04-26 07:43:48,390 [d591b026-01eb-4928-a28c-f8365e0687e2-groupManagement] INFO  segmented.SegmentedRaftLogWorker (SegmentedRaftLogWorker.java:lambda$new$0(134)) - d591b026-01eb-4928-a28c-f8365e0687e2@group-1D6CABF8A42A-SegmentedRaftLogWorker: flushIndex: setUnconditionally 0 -> -1
2024-04-26 07:43:48,390 [d591b026-01eb-4928-a28c-f8365e0687e2-groupManagement] INFO  segmented.SegmentedRaftLogWorker (SegmentedRaftLogWorker.java:lambda$new$0(134)) - d591b026-01eb-4928-a28c-f8365e0687e2@group-1D6CABF8A42A-SegmentedRaftLogWorker: safeCacheEvictIndex: setUnconditionally 0 -> -1
2024-04-26 07:43:48,390 [d591b026-01eb-4928-a28c-f8365e0687e2-groupManagement] INFO  server.RaftServer$Division (RaftServerImpl.java:start(396)) - d591b026-01eb-4928-a28c-f8365e0687e2@group-1D6CABF8A42A: start as a follower, conf=-1: peers:[d591b026-01eb-4928-a28c-f8365e0687e2|127.0.0.1:15103, dd21079d-84ac-4ee5-bea1-aaabc97992ac|127.0.0.1:15112, 6344c76b-c160-4957-8ee9-5bf4783825fc|127.0.0.1:15121]|listeners:[], old=null
2024-04-26 07:43:48,390 [d591b026-01eb-4928-a28c-f8365e0687e2-groupManagement] INFO  server.RaftServer$Division (RaftServerImpl.java:setRole(383)) - d591b026-01eb-4928-a28c-f8365e0687e2@group-1D6CABF8A42A: changes role from      null to FOLLOWER at term 0 for startAsFollower
2024-04-26 07:43:48,390 [d591b026-01eb-4928-a28c-f8365e0687e2-groupManagement] INFO  impl.RoleInfo (RoleInfo.java:updateAndGet(139)) - d591b026-01eb-4928-a28c-f8365e0687e2: start d591b026-01eb-4928-a28c-f8365e0687e2@group-1D6CABF8A42A-FollowerState
2024-04-26 07:43:48,392 [d591b026-01eb-4928-a28c-f8365e0687e2@group-1D6CABF8A42A-FollowerState] INFO  server.RaftServerConfigKeys (ConfUtils.java:logFallback(53)) - raft.server.rpc.first-election.timeout.min = 5s (fallback to raft.server.rpc.timeout.min)
2024-04-26 07:43:48,393 [d591b026-01eb-4928-a28c-f8365e0687e2@group-1D6CABF8A42A-FollowerState] INFO  server.RaftServerConfigKeys (ConfUtils.java:logFallback(53)) - raft.server.rpc.first-election.timeout.max = 5200ms (fallback to raft.server.rpc.timeout.max)
2024-04-26 07:43:48,392 [d591b026-01eb-4928-a28c-f8365e0687e2-groupManagement] INFO  util.JmxRegister (JmxRegister.java:tryRegister(44)) - Successfully registered JMX Bean with object name Ratis:service=RaftServer,group=group-1D6CABF8A42A,id=d591b026-01eb-4928-a28c-f8365e0687e2
2024-04-26 07:43:48,393 [d591b026-01eb-4928-a28c-f8365e0687e2-groupManagement] INFO  server.RaftServerConfigKeys (ConfUtils.java:logGet(46)) - raft.server.snapshot.trigger-when-stop.enabled = true (default)
2024-04-26 07:43:48,393 [d591b026-01eb-4928-a28c-f8365e0687e2-groupManagement] INFO  server.RaftServerConfigKeys (ConfUtils.java:logGet(46)) - raft.server.snapshot.auto.trigger.enabled = true (custom)
2024-04-26 07:43:48,393 [d591b026-01eb-4928-a28c-f8365e0687e2-groupManagement] INFO  server.RaftServerConfigKeys (ConfUtils.java:logGet(46)) - raft.server.snapshot.auto.trigger.threshold = 10000 (custom)
2024-04-26 07:43:48,393 [d591b026-01eb-4928-a28c-f8365e0687e2-groupManagement] INFO  server.RaftServerConfigKeys (ConfUtils.java:logGet(46)) - raft.server.snapshot.retention.file.num = 5 (custom)
2024-04-26 07:43:48,394 [d591b026-01eb-4928-a28c-f8365e0687e2-groupManagement] INFO  server.RaftServerConfigKeys (ConfUtils.java:logGet(46)) - raft.server.log.purge.upto.snapshot.index = false (default)
2024-04-26 07:43:48,395 [d591b026-01eb-4928-a28c-f8365e0687e2-PipelineCommandHandlerThread-0] INFO  ratis.XceiverServerRatis (XceiverServerRatis.java:addGroup(864)) - Created group PipelineID=bed83b25-9cb5-4226-b5f4-1d6cabf8a42a
2024-04-26 07:43:48,405 [grpc-default-executor-0] INFO  server.RaftServer (RaftServerProxy.java:addNew(100)) - 6344c76b-c160-4957-8ee9-5bf4783825fc: addNew group-1D6CABF8A42A:[d591b026-01eb-4928-a28c-f8365e0687e2|127.0.0.1:15103, dd21079d-84ac-4ee5-bea1-aaabc97992ac|127.0.0.1:15112, 6344c76b-c160-4957-8ee9-5bf4783825fc|127.0.0.1:15121] returns group-1D6CABF8A42A:java.util.concurrent.CompletableFuture@5afb52a5[Not completed]
2024-04-26 07:43:48,406 [6344c76b-c160-4957-8ee9-5bf4783825fc-groupManagement] INFO  server.RaftServer$Division (RaftServerImpl.java:<init>(256)) - 6344c76b-c160-4957-8ee9-5bf4783825fc: new RaftServerImpl for group-1D6CABF8A42A:[d591b026-01eb-4928-a28c-f8365e0687e2|127.0.0.1:15103, dd21079d-84ac-4ee5-bea1-aaabc97992ac|127.0.0.1:15112, 6344c76b-c160-4957-8ee9-5bf4783825fc|127.0.0.1:15121] with ContainerStateMachine:uninitialized
2024-04-26 07:43:48,406 [6344c76b-c160-4957-8ee9-5bf4783825fc-groupManagement] INFO  server.RaftServerConfigKeys (ConfUtils.java:logGet(46)) - raft.server.rpc.timeout.min = 5s (custom)
2024-04-26 07:43:48,406 [6344c76b-c160-4957-8ee9-5bf4783825fc-groupManagement] INFO  server.RaftServerConfigKeys (ConfUtils.java:logGet(46)) - raft.server.rpc.timeout.max = 5200ms (custom)
2024-04-26 07:43:48,406 [6344c76b-c160-4957-8ee9-5bf4783825fc-groupManagement] INFO  server.RaftServerConfigKeys (ConfUtils.java:logGet(46)) - raft.server.rpc.sleep.time = 25ms (default)
2024-04-26 07:43:48,406 [6344c76b-c160-4957-8ee9-5bf4783825fc-groupManagement] INFO  server.RaftServerConfigKeys (ConfUtils.java:logGet(46)) - raft.server.rpc.slowness.timeout = 300000ms (custom)
2024-04-26 07:43:48,406 [6344c76b-c160-4957-8ee9-5bf4783825fc-groupManagement] INFO  server.RaftServerConfigKeys (ConfUtils.java:logGet(46)) - raft.server.leaderelection.leader.step-down.wait-time = 10s (default)
2024-04-26 07:43:48,406 [6344c76b-c160-4957-8ee9-5bf4783825fc-groupManagement] INFO  server.RaftServerConfigKeys (ConfUtils.java:logGet(46)) - raft.server.leaderelection.member.majority-add = false (default)
2024-04-26 07:43:48,406 [6344c76b-c160-4957-8ee9-5bf4783825fc-groupManagement] INFO  server.RaftServerConfigKeys (ConfUtils.java:logGet(46)) - raft.server.sleep.deviation.threshold = 300ms (default)
2024-04-26 07:43:48,406 [6344c76b-c160-4957-8ee9-5bf4783825fc-groupManagement] INFO  server.RaftServer$Division (ServerState.java:<init>(113)) - 6344c76b-c160-4957-8ee9-5bf4783825fc@group-1D6CABF8A42A: ConfigurationManager, init=-1: peers:[d591b026-01eb-4928-a28c-f8365e0687e2|127.0.0.1:15103, dd21079d-84ac-4ee5-bea1-aaabc97992ac|127.0.0.1:15112, 6344c76b-c160-4957-8ee9-5bf4783825fc|127.0.0.1:15121]|listeners:[], old=null, confs=<EMPTY_MAP>
2024-04-26 07:43:48,406 [6344c76b-c160-4957-8ee9-5bf4783825fc-groupManagement] INFO  server.RaftServerConfigKeys (ConfUtils.java:logGet(46)) - raft.server.notification.no-leader.timeout = 300000ms (custom)
2024-04-26 07:43:48,406 [6344c76b-c160-4957-8ee9-5bf4783825fc-groupManagement] INFO  server.RaftServerConfigKeys (ConfUtils.java:logGet(46)) - raft.server.read.timeout = 10s (default)
2024-04-26 07:43:48,406 [6344c76b-c160-4957-8ee9-5bf4783825fc-groupManagement] INFO  server.RaftServerConfigKeys (ConfUtils.java:logGet(46)) - raft.server.retrycache.expirytime = 600000ms (custom)
2024-04-26 07:43:48,406 [6344c76b-c160-4957-8ee9-5bf4783825fc-groupManagement] INFO  server.RaftServerConfigKeys (ConfUtils.java:logGet(46)) - raft.server.retrycache.statistics.expirytime = 100ms (default)
2024-04-26 07:43:48,406 [6344c76b-c160-4957-8ee9-5bf4783825fc-groupManagement] INFO  server.RaftServerConfigKeys (ConfUtils.java:logGet(46)) - raft.server.read.option = DEFAULT (default)
2024-04-26 07:43:48,406 [6344c76b-c160-4957-8ee9-5bf4783825fc-groupManagement] INFO  server.RaftServerConfigKeys (ConfUtils.java:logGet(46)) - raft.server.read.read-after-write-consistent.write-index-cache.expiry-time = 60s (default)
2024-04-26 07:43:48,409 [6344c76b-c160-4957-8ee9-5bf4783825fc-groupManagement] INFO  server.RaftServerConfigKeys (ConfUtils.java:logGet(46)) - raft.server.rpc.request.timeout = 3000ms (default)
2024-04-26 07:43:48,409 [6344c76b-c160-4957-8ee9-5bf4783825fc-groupManagement] INFO  server.RaftServerConfigKeys (ConfUtils.java:logGet(46)) - raft.server.log.appender.install.snapshot.enabled = false (custom)
2024-04-26 07:43:48,409 [6344c76b-c160-4957-8ee9-5bf4783825fc-groupManagement] INFO  server.RaftServerConfigKeys (ConfUtils.java:logGet(46)) - raft.server.threadpool.server.cached = true (default)
2024-04-26 07:43:48,409 [6344c76b-c160-4957-8ee9-5bf4783825fc-groupManagement] INFO  server.RaftServerConfigKeys (ConfUtils.java:logGet(46)) - raft.server.threadpool.server.size = 0 (default)
2024-04-26 07:43:48,409 [6344c76b-c160-4957-8ee9-5bf4783825fc-groupManagement] INFO  server.RaftServerConfigKeys (ConfUtils.java:logGet(46)) - raft.server.threadpool.client.cached = true (default)
2024-04-26 07:43:48,409 [6344c76b-c160-4957-8ee9-5bf4783825fc-groupManagement] INFO  server.RaftServerConfigKeys (ConfUtils.java:logGet(46)) - raft.server.threadpool.client.size = 0 (default)
2024-04-26 07:43:48,409 [6344c76b-c160-4957-8ee9-5bf4783825fc-groupManagement] INFO  server.RaftServerConfigKeys (ConfUtils.java:logGet(46)) - raft.server.storage.free-space.min = 0MB (=0) (default)
2024-04-26 07:43:48,409 [6344c76b-c160-4957-8ee9-5bf4783825fc-groupManagement] INFO  server.RaftServerConfigKeys (ConfUtils.java:logGet(46)) - raft.server.log.corruption.policy = EXCEPTION (default)
2024-04-26 07:43:48,409 [6344c76b-c160-4957-8ee9-5bf4783825fc-groupManagement] INFO  server.RaftServerConfigKeys (ConfUtils.java:logGet(46)) - raft.server.storage.dir = [/home/runner/work/ozone/ozone/hadoop-ozone/integration-test/target/test-dir/MiniOzoneClusterImpl-a56b3a23-5bf6-4b5b-a0fe-007206924a4e/ozone-meta/datanode-3/ratis] (custom)
2024-04-26 07:43:48,409 [6344c76b-c160-4957-8ee9-5bf4783825fc-groupManagement] INFO  storage.RaftStorageDirectory (RaftStorageDirectoryImpl.java:analyzeStorage(138)) - The storage directory /home/runner/work/ozone/ozone/hadoop-ozone/integration-test/target/test-dir/MiniOzoneClusterImpl-a56b3a23-5bf6-4b5b-a0fe-007206924a4e/ozone-meta/datanode-3/ratis/bed83b25-9cb5-4226-b5f4-1d6cabf8a42a does not exist. Creating ...
2024-04-26 07:43:48,410 [6344c76b-c160-4957-8ee9-5bf4783825fc-groupManagement] INFO  storage.RaftStorageDirectory (RaftStorageDirectoryImpl.java:tryLock(228)) - Lock on /home/runner/work/ozone/ozone/hadoop-ozone/integration-test/target/test-dir/MiniOzoneClusterImpl-a56b3a23-5bf6-4b5b-a0fe-007206924a4e/ozone-meta/datanode-3/ratis/bed83b25-9cb5-4226-b5f4-1d6cabf8a42a/in_use.lock acquired by nodename 21422@fv-az1107-628
2024-04-26 07:43:48,411 [6344c76b-c160-4957-8ee9-5bf4783825fc-groupManagement] INFO  storage.RaftStorage (RaftStorageImpl.java:format(99)) - Storage directory /home/runner/work/ozone/ozone/hadoop-ozone/integration-test/target/test-dir/MiniOzoneClusterImpl-a56b3a23-5bf6-4b5b-a0fe-007206924a4e/ozone-meta/datanode-3/ratis/bed83b25-9cb5-4226-b5f4-1d6cabf8a42a has been successfully formatted.
2024-04-26 07:43:48,411 [6344c76b-c160-4957-8ee9-5bf4783825fc-groupManagement] WARN  util.FileUtils (LogUtils.java:supplyAndLog(63)) - Failed to Files.newInputStream /home/runner/work/ozone/ozone/hadoop-ozone/integration-test/target/test-dir/MiniOzoneClusterImpl-a56b3a23-5bf6-4b5b-a0fe-007206924a4e/ozone-meta/datanode-3/ratis/bed83b25-9cb5-4226-b5f4-1d6cabf8a42a/current/raft-meta.conf with options []: java.nio.file.NoSuchFileException: /home/runner/work/ozone/ozone/hadoop-ozone/integration-test/target/test-dir/MiniOzoneClusterImpl-a56b3a23-5bf6-4b5b-a0fe-007206924a4e/ozone-meta/datanode-3/ratis/bed83b25-9cb5-4226-b5f4-1d6cabf8a42a/current/raft-meta.conf
2024-04-26 07:43:48,411 [6344c76b-c160-4957-8ee9-5bf4783825fc-groupManagement] INFO  ratis.ContainerStateMachine (ContainerStateMachine.java:loadSnapshot(287)) - group-1D6CABF8A42A: The snapshot info is null. Setting the last applied index to:(t:0, i:~)
2024-04-26 07:43:48,412 [6344c76b-c160-4957-8ee9-5bf4783825fc-groupManagement] INFO  server.RaftServerConfigKeys (ConfUtils.java:logGet(46)) - raft.server.log.use.memory = false (default)
2024-04-26 07:43:48,412 [6344c76b-c160-4957-8ee9-5bf4783825fc-groupManagement] INFO  server.RaftServerConfigKeys (ConfUtils.java:logGet(46)) - raft.server.log.purge.gap = 1000000 (custom)
2024-04-26 07:43:48,412 [6344c76b-c160-4957-8ee9-5bf4783825fc-groupManagement] INFO  server.RaftServerConfigKeys (ConfUtils.java:logGet(46)) - raft.server.log.appender.buffer.byte-limit = 8388608 (custom)
2024-04-26 07:43:48,412 [6344c76b-c160-4957-8ee9-5bf4783825fc-groupManagement] INFO  server.RaftServerConfigKeys (ConfUtils.java:logGet(46)) - raft.server.log.statemachine.data.read.timeout = 1000ms (default)
2024-04-26 07:43:48,412 [6344c76b-c160-4957-8ee9-5bf4783825fc-groupManagement] INFO  server.RaftServerConfigKeys (ConfUtils.java:logGet(46)) - raft.server.log.purge.preservation.log.num = 0 (default)
2024-04-26 07:43:48,414 [6344c76b-c160-4957-8ee9-5bf4783825fc-groupManagement] INFO  server.RaftServerConfigKeys (ConfUtils.java:logGet(46)) - raft.server.log.segment.size.max = 67108864 (custom)
2024-04-26 07:43:48,414 [6344c76b-c160-4957-8ee9-5bf4783825fc-groupManagement] INFO  server.RaftServerConfigKeys (ConfUtils.java:logGet(46)) - raft.server.log.segment.cache.num.max = 2 (custom)
2024-04-26 07:43:48,414 [6344c76b-c160-4957-8ee9-5bf4783825fc-groupManagement] INFO  server.RaftServerConfigKeys (ConfUtils.java:logGet(46)) - raft.server.log.segment.cache.size.max = 200MB (=209715200) (default)
2024-04-26 07:43:48,414 [6344c76b-c160-4957-8ee9-5bf4783825fc-groupManagement] INFO  server.RaftServerConfigKeys (ConfUtils.java:logGet(46)) - raft.server.log.appender.buffer.byte-limit = 8388608 (custom)
2024-04-26 07:43:48,416 [6344c76b-c160-4957-8ee9-5bf4783825fc-groupManagement] INFO  util.AwaitToRun (AwaitToRun.java:start(81)) - Thread[6344c76b-c160-4957-8ee9-5bf4783825fc@group-1D6CABF8A42A-cacheEviction-AwaitToRun,5,main] started
2024-04-26 07:43:48,416 [6344c76b-c160-4957-8ee9-5bf4783825fc-groupManagement] INFO  segmented.SegmentedRaftLogWorker (SegmentedRaftLogWorker.java:<init>(182)) - new 6344c76b-c160-4957-8ee9-5bf4783825fc@group-1D6CABF8A42A-SegmentedRaftLogWorker for RaftStorageImpl:Storage Directory /home/runner/work/ozone/ozone/hadoop-ozone/integration-test/target/test-dir/MiniOzoneClusterImpl-a56b3a23-5bf6-4b5b-a0fe-007206924a4e/ozone-meta/datanode-3/ratis/bed83b25-9cb5-4226-b5f4-1d6cabf8a42a
2024-04-26 07:43:48,417 [6344c76b-c160-4957-8ee9-5bf4783825fc-groupManagement] INFO  server.RaftServerConfigKeys (ConfUtils.java:logGet(46)) - raft.server.log.queue.byte-limit = 4294967296 (custom)
2024-04-26 07:43:48,417 [6344c76b-c160-4957-8ee9-5bf4783825fc-groupManagement] INFO  server.RaftServerConfigKeys (ConfUtils.java:logGet(46)) - raft.server.log.queue.element-limit = 1024 (custom)
2024-04-26 07:43:48,417 [6344c76b-c160-4957-8ee9-5bf4783825fc-groupManagement] INFO  server.RaftServerConfigKeys (ConfUtils.java:logGet(46)) - raft.server.log.segment.size.max = 67108864 (custom)
2024-04-26 07:43:48,417 [6344c76b-c160-4957-8ee9-5bf4783825fc-groupManagement] INFO  server.RaftServerConfigKeys (ConfUtils.java:logGet(46)) - raft.server.log.preallocated.size = 4194304 (custom)
2024-04-26 07:43:48,417 [6344c76b-c160-4957-8ee9-5bf4783825fc-groupManagement] INFO  server.RaftServerConfigKeys (ConfUtils.java:logGet(46)) - raft.server.log.force.sync.num = 128 (default)
2024-04-26 07:43:48,417 [6344c76b-c160-4957-8ee9-5bf4783825fc-groupManagement] INFO  server.RaftServerConfigKeys (ConfUtils.java:logGet(46)) - raft.server.log.statemachine.data.sync = true (default)
2024-04-26 07:43:48,417 [6344c76b-c160-4957-8ee9-5bf4783825fc-groupManagement] INFO  server.RaftServerConfigKeys (ConfUtils.java:logGet(46)) - raft.server.log.statemachine.data.sync.timeout = 10s (default)
2024-04-26 07:43:48,417 [6344c76b-c160-4957-8ee9-5bf4783825fc-groupManagement] INFO  server.RaftServerConfigKeys (ConfUtils.java:logGet(46)) - raft.server.log.statemachine.data.sync.timeout.retry = 30 (custom)
2024-04-26 07:43:48,417 [6344c76b-c160-4957-8ee9-5bf4783825fc-groupManagement] INFO  server.RaftServerConfigKeys (ConfUtils.java:logGet(46)) - raft.server.log.write.buffer.size = 8388616 (custom)
2024-04-26 07:43:48,419 [6344c76b-c160-4957-8ee9-5bf4783825fc-groupManagement] INFO  server.RaftServerConfigKeys (ConfUtils.java:logGet(46)) - raft.server.log.appender.buffer.byte-limit = 8388608 (custom)
2024-04-26 07:43:48,419 [6344c76b-c160-4957-8ee9-5bf4783825fc-groupManagement] INFO  server.RaftServerConfigKeys (ConfUtils.java:logGet(46)) - raft.server.log.unsafe-flush.enabled = false (default)
2024-04-26 07:43:48,419 [6344c76b-c160-4957-8ee9-5bf4783825fc-groupManagement] INFO  server.RaftServerConfigKeys (ConfUtils.java:logGet(46)) - raft.server.log.async-flush.enabled = false (default)
2024-04-26 07:43:48,419 [6344c76b-c160-4957-8ee9-5bf4783825fc-groupManagement] INFO  server.RaftServerConfigKeys (ConfUtils.java:logGet(46)) - raft.server.log.statemachine.data.caching.enabled = true (custom)
2024-04-26 07:43:48,419 [6344c76b-c160-4957-8ee9-5bf4783825fc-groupManagement] INFO  segmented.SegmentedRaftLogWorker (SegmentedRaftLogWorker.java:lambda$new$0(134)) - 6344c76b-c160-4957-8ee9-5bf4783825fc@group-1D6CABF8A42A-SegmentedRaftLogWorker: flushIndex: setUnconditionally 0 -> -1
2024-04-26 07:43:48,419 [6344c76b-c160-4957-8ee9-5bf4783825fc-groupManagement] INFO  segmented.SegmentedRaftLogWorker (SegmentedRaftLogWorker.java:lambda$new$0(134)) - 6344c76b-c160-4957-8ee9-5bf4783825fc@group-1D6CABF8A42A-SegmentedRaftLogWorker: safeCacheEvictIndex: setUnconditionally 0 -> -1
2024-04-26 07:43:48,423 [6344c76b-c160-4957-8ee9-5bf4783825fc-groupManagement] INFO  server.RaftServer$Division (RaftServerImpl.java:start(396)) - 6344c76b-c160-4957-8ee9-5bf4783825fc@group-1D6CABF8A42A: start as a follower, conf=-1: peers:[d591b026-01eb-4928-a28c-f8365e0687e2|127.0.0.1:15103, dd21079d-84ac-4ee5-bea1-aaabc97992ac|127.0.0.1:15112, 6344c76b-c160-4957-8ee9-5bf4783825fc|127.0.0.1:15121]|listeners:[], old=null
2024-04-26 07:43:48,423 [6344c76b-c160-4957-8ee9-5bf4783825fc-groupManagement] INFO  server.RaftServer$Division (RaftServerImpl.java:setRole(383)) - 6344c76b-c160-4957-8ee9-5bf4783825fc@group-1D6CABF8A42A: changes role from      null to FOLLOWER at term 0 for startAsFollower
2024-04-26 07:43:48,423 [6344c76b-c160-4957-8ee9-5bf4783825fc-groupManagement] INFO  impl.RoleInfo (RoleInfo.java:updateAndGet(139)) - 6344c76b-c160-4957-8ee9-5bf4783825fc: start 6344c76b-c160-4957-8ee9-5bf4783825fc@group-1D6CABF8A42A-FollowerState
2024-04-26 07:43:48,423 [6344c76b-c160-4957-8ee9-5bf4783825fc-groupManagement] INFO  util.JmxRegister (JmxRegister.java:tryRegister(44)) - Successfully registered JMX Bean with object name Ratis:service=RaftServer,group=group-1D6CABF8A42A,id=6344c76b-c160-4957-8ee9-5bf4783825fc
2024-04-26 07:43:48,423 [6344c76b-c160-4957-8ee9-5bf4783825fc-groupManagement] INFO  server.RaftServerConfigKeys (ConfUtils.java:logGet(46)) - raft.server.snapshot.trigger-when-stop.enabled = true (default)
2024-04-26 07:43:48,423 [6344c76b-c160-4957-8ee9-5bf4783825fc-groupManagement] INFO  server.RaftServerConfigKeys (ConfUtils.java:logGet(46)) - raft.server.snapshot.auto.trigger.enabled = true (custom)
2024-04-26 07:43:48,424 [6344c76b-c160-4957-8ee9-5bf4783825fc-groupManagement] INFO  server.RaftServerConfigKeys (ConfUtils.java:logGet(46)) - raft.server.snapshot.auto.trigger.threshold = 10000 (custom)
2024-04-26 07:43:48,424 [6344c76b-c160-4957-8ee9-5bf4783825fc-groupManagement] INFO  server.RaftServerConfigKeys (ConfUtils.java:logGet(46)) - raft.server.snapshot.retention.file.num = 5 (custom)
2024-04-26 07:43:48,424 [6344c76b-c160-4957-8ee9-5bf4783825fc-groupManagement] INFO  server.RaftServerConfigKeys (ConfUtils.java:logGet(46)) - raft.server.log.purge.upto.snapshot.index = false (default)
2024-04-26 07:43:48,425 [6344c76b-c160-4957-8ee9-5bf4783825fc@group-1D6CABF8A42A-FollowerState] INFO  server.RaftServerConfigKeys (ConfUtils.java:logFallback(53)) - raft.server.rpc.first-election.timeout.min = 5s (fallback to raft.server.rpc.timeout.min)
2024-04-26 07:43:48,425 [6344c76b-c160-4957-8ee9-5bf4783825fc@group-1D6CABF8A42A-FollowerState] INFO  server.RaftServerConfigKeys (ConfUtils.java:logFallback(53)) - raft.server.rpc.first-election.timeout.max = 5200ms (fallback to raft.server.rpc.timeout.max)
2024-04-26 07:43:48,435 [grpc-default-executor-0] INFO  server.RaftServer (RaftServerProxy.java:addNew(100)) - dd21079d-84ac-4ee5-bea1-aaabc97992ac: addNew group-1D6CABF8A42A:[d591b026-01eb-4928-a28c-f8365e0687e2|127.0.0.1:15103, dd21079d-84ac-4ee5-bea1-aaabc97992ac|127.0.0.1:15112, 6344c76b-c160-4957-8ee9-5bf4783825fc|127.0.0.1:15121] returns group-1D6CABF8A42A:java.util.concurrent.CompletableFuture@72f631b3[Not completed]
2024-04-26 07:43:48,436 [dd21079d-84ac-4ee5-bea1-aaabc97992ac-groupManagement] INFO  server.RaftServer$Division (RaftServerImpl.java:<init>(256)) - dd21079d-84ac-4ee5-bea1-aaabc97992ac: new RaftServerImpl for group-1D6CABF8A42A:[d591b026-01eb-4928-a28c-f8365e0687e2|127.0.0.1:15103, dd21079d-84ac-4ee5-bea1-aaabc97992ac|127.0.0.1:15112, 6344c76b-c160-4957-8ee9-5bf4783825fc|127.0.0.1:15121] with ContainerStateMachine:uninitialized
2024-04-26 07:43:48,436 [dd21079d-84ac-4ee5-bea1-aaabc97992ac-groupManagement] INFO  server.RaftServerConfigKeys (ConfUtils.java:logGet(46)) - raft.server.rpc.timeout.min = 5s (custom)
2024-04-26 07:43:48,437 [dd21079d-84ac-4ee5-bea1-aaabc97992ac-groupManagement] INFO  server.RaftServerConfigKeys (ConfUtils.java:logGet(46)) - raft.server.rpc.timeout.max = 5200ms (custom)
2024-04-26 07:43:48,437 [dd21079d-84ac-4ee5-bea1-aaabc97992ac-groupManagement] INFO  server.RaftServerConfigKeys (ConfUtils.java:logGet(46)) - raft.server.rpc.sleep.time = 25ms (default)
2024-04-26 07:43:48,437 [dd21079d-84ac-4ee5-bea1-aaabc97992ac-groupManagement] INFO  server.RaftServerConfigKeys (ConfUtils.java:logGet(46)) - raft.server.rpc.slowness.timeout = 300000ms (custom)
2024-04-26 07:43:48,437 [dd21079d-84ac-4ee5-bea1-aaabc97992ac-groupManagement] INFO  server.RaftServerConfigKeys (ConfUtils.java:logGet(46)) - raft.server.leaderelection.leader.step-down.wait-time = 10s (default)
2024-04-26 07:43:48,437 [dd21079d-84ac-4ee5-bea1-aaabc97992ac-groupManagement] INFO  server.RaftServerConfigKeys (ConfUtils.java:logGet(46)) - raft.server.leaderelection.member.majority-add = false (default)
2024-04-26 07:43:48,437 [dd21079d-84ac-4ee5-bea1-aaabc97992ac-groupManagement] INFO  server.RaftServerConfigKeys (ConfUtils.java:logGet(46)) - raft.server.sleep.deviation.threshold = 300ms (default)
2024-04-26 07:43:48,437 [dd21079d-84ac-4ee5-bea1-aaabc97992ac-groupManagement] INFO  server.RaftServer$Division (ServerState.java:<init>(113)) - dd21079d-84ac-4ee5-bea1-aaabc97992ac@group-1D6CABF8A42A: ConfigurationManager, init=-1: peers:[d591b026-01eb-4928-a28c-f8365e0687e2|127.0.0.1:15103, dd21079d-84ac-4ee5-bea1-aaabc97992ac|127.0.0.1:15112, 6344c76b-c160-4957-8ee9-5bf4783825fc|127.0.0.1:15121]|listeners:[], old=null, confs=<EMPTY_MAP>
2024-04-26 07:43:48,437 [dd21079d-84ac-4ee5-bea1-aaabc97992ac-groupManagement] INFO  server.RaftServerConfigKeys (ConfUtils.java:logGet(46)) - raft.server.notification.no-leader.timeout = 300000ms (custom)
2024-04-26 07:43:48,437 [dd21079d-84ac-4ee5-bea1-aaabc97992ac-groupManagement] INFO  server.RaftServerConfigKeys (ConfUtils.java:logGet(46)) - raft.server.read.timeout = 10s (default)
2024-04-26 07:43:48,437 [dd21079d-84ac-4ee5-bea1-aaabc97992ac-groupManagement] INFO  server.RaftServerConfigKeys (ConfUtils.java:logGet(46)) - raft.server.retrycache.expirytime = 600000ms (custom)
2024-04-26 07:43:48,437 [dd21079d-84ac-4ee5-bea1-aaabc97992ac-groupManagement] INFO  server.RaftServerConfigKeys (ConfUtils.java:logGet(46)) - raft.server.retrycache.statistics.expirytime = 100ms (default)
2024-04-26 07:43:48,437 [dd21079d-84ac-4ee5-bea1-aaabc97992ac-groupManagement] INFO  server.RaftServerConfigKeys (ConfUtils.java:logGet(46)) - raft.server.read.option = DEFAULT (default)
2024-04-26 07:43:48,437 [dd21079d-84ac-4ee5-bea1-aaabc97992ac-groupManagement] INFO  server.RaftServerConfigKeys (ConfUtils.java:logGet(46)) - raft.server.read.read-after-write-consistent.write-index-cache.expiry-time = 60s (default)
2024-04-26 07:43:48,440 [dd21079d-84ac-4ee5-bea1-aaabc97992ac-groupManagement] INFO  server.RaftServerConfigKeys (ConfUtils.java:logGet(46)) - raft.server.rpc.request.timeout = 3000ms (default)
2024-04-26 07:43:48,440 [dd21079d-84ac-4ee5-bea1-aaabc97992ac-groupManagement] INFO  server.RaftServerConfigKeys (ConfUtils.java:logGet(46)) - raft.server.log.appender.install.snapshot.enabled = false (custom)
2024-04-26 07:43:48,440 [dd21079d-84ac-4ee5-bea1-aaabc97992ac-groupManagement] INFO  server.RaftServerConfigKeys (ConfUtils.java:logGet(46)) - raft.server.threadpool.server.cached = true (default)
2024-04-26 07:43:48,440 [dd21079d-84ac-4ee5-bea1-aaabc97992ac-groupManagement] INFO  server.RaftServerConfigKeys (ConfUtils.java:logGet(46)) - raft.server.threadpool.server.size = 0 (default)
2024-04-26 07:43:48,440 [dd21079d-84ac-4ee5-bea1-aaabc97992ac-groupManagement] INFO  server.RaftServerConfigKeys (ConfUtils.java:logGet(46)) - raft.server.threadpool.client.cached = true (default)
2024-04-26 07:43:48,440 [dd21079d-84ac-4ee5-bea1-aaabc97992ac-groupManagement] INFO  server.RaftServerConfigKeys (ConfUtils.java:logGet(46)) - raft.server.threadpool.client.size = 0 (default)
2024-04-26 07:43:48,440 [dd21079d-84ac-4ee5-bea1-aaabc97992ac-groupManagement] INFO  server.RaftServerConfigKeys (ConfUtils.java:logGet(46)) - raft.server.storage.free-space.min = 0MB (=0) (default)
2024-04-26 07:43:48,440 [dd21079d-84ac-4ee5-bea1-aaabc97992ac-groupManagement] INFO  server.RaftServerConfigKeys (ConfUtils.java:logGet(46)) - raft.server.log.corruption.policy = EXCEPTION (default)
2024-04-26 07:43:48,440 [dd21079d-84ac-4ee5-bea1-aaabc97992ac-groupManagement] INFO  server.RaftServerConfigKeys (ConfUtils.java:logGet(46)) - raft.server.storage.dir = [/home/runner/work/ozone/ozone/hadoop-ozone/integration-test/target/test-dir/MiniOzoneClusterImpl-a56b3a23-5bf6-4b5b-a0fe-007206924a4e/ozone-meta/datanode-2/ratis] (custom)
2024-04-26 07:43:48,441 [dd21079d-84ac-4ee5-bea1-aaabc97992ac-groupManagement] INFO  storage.RaftStorageDirectory (RaftStorageDirectoryImpl.java:analyzeStorage(138)) - The storage directory /home/runner/work/ozone/ozone/hadoop-ozone/integration-test/target/test-dir/MiniOzoneClusterImpl-a56b3a23-5bf6-4b5b-a0fe-007206924a4e/ozone-meta/datanode-2/ratis/bed83b25-9cb5-4226-b5f4-1d6cabf8a42a does not exist. Creating ...
2024-04-26 07:43:48,441 [dd21079d-84ac-4ee5-bea1-aaabc97992ac-PipelineCommandHandlerThread-0] INFO  server.RaftServer (RaftServerProxy.java:addNew(100)) - dd21079d-84ac-4ee5-bea1-aaabc97992ac: addNew group-43F1CF3AB2EE:[dd21079d-84ac-4ee5-bea1-aaabc97992ac|127.0.0.1:15112] returns group-43F1CF3AB2EE:java.util.concurrent.CompletableFuture@4b08fc11[Not completed]
2024-04-26 07:43:48,442 [dd21079d-84ac-4ee5-bea1-aaabc97992ac-groupManagement] INFO  storage.RaftStorageDirectory (RaftStorageDirectoryImpl.java:tryLock(228)) - Lock on /home/runner/work/ozone/ozone/hadoop-ozone/integration-test/target/test-dir/MiniOzoneClusterImpl-a56b3a23-5bf6-4b5b-a0fe-007206924a4e/ozone-meta/datanode-2/ratis/bed83b25-9cb5-4226-b5f4-1d6cabf8a42a/in_use.lock acquired by nodename 21422@fv-az1107-628
2024-04-26 07:43:48,443 [dd21079d-84ac-4ee5-bea1-aaabc97992ac-groupManagement] INFO  storage.RaftStorage (RaftStorageImpl.java:format(99)) - Storage directory /home/runner/work/ozone/ozone/hadoop-ozone/integration-test/target/test-dir/MiniOzoneClusterImpl-a56b3a23-5bf6-4b5b-a0fe-007206924a4e/ozone-meta/datanode-2/ratis/bed83b25-9cb5-4226-b5f4-1d6cabf8a42a has been successfully formatted.
2024-04-26 07:43:48,443 [dd21079d-84ac-4ee5-bea1-aaabc97992ac-groupManagement] WARN  util.FileUtils (LogUtils.java:supplyAndLog(63)) - Failed to Files.newInputStream /home/runner/work/ozone/ozone/hadoop-ozone/integration-test/target/test-dir/MiniOzoneClusterImpl-a56b3a23-5bf6-4b5b-a0fe-007206924a4e/ozone-meta/datanode-2/ratis/bed83b25-9cb5-4226-b5f4-1d6cabf8a42a/current/raft-meta.conf with options []: java.nio.file.NoSuchFileException: /home/runner/work/ozone/ozone/hadoop-ozone/integration-test/target/test-dir/MiniOzoneClusterImpl-a56b3a23-5bf6-4b5b-a0fe-007206924a4e/ozone-meta/datanode-2/ratis/bed83b25-9cb5-4226-b5f4-1d6cabf8a42a/current/raft-meta.conf
2024-04-26 07:43:48,443 [dd21079d-84ac-4ee5-bea1-aaabc97992ac-groupManagement] INFO  ratis.ContainerStateMachine (ContainerStateMachine.java:loadSnapshot(287)) - group-1D6CABF8A42A: The snapshot info is null. Setting the last applied index to:(t:0, i:~)
2024-04-26 07:43:48,443 [dd21079d-84ac-4ee5-bea1-aaabc97992ac-groupManagement] INFO  server.RaftServerConfigKeys (ConfUtils.java:logGet(46)) - raft.server.log.use.memory = false (default)
2024-04-26 07:43:48,443 [dd21079d-84ac-4ee5-bea1-aaabc97992ac-groupManagement] INFO  server.RaftServerConfigKeys (ConfUtils.java:logGet(46)) - raft.server.log.purge.gap = 1000000 (custom)
2024-04-26 07:43:48,443 [dd21079d-84ac-4ee5-bea1-aaabc97992ac-groupManagement] INFO  server.RaftServerConfigKeys (ConfUtils.java:logGet(46)) - raft.server.log.appender.buffer.byte-limit = 8388608 (custom)
2024-04-26 07:43:48,443 [dd21079d-84ac-4ee5-bea1-aaabc97992ac-groupManagement] INFO  server.RaftServerConfigKeys (ConfUtils.java:logGet(46)) - raft.server.log.statemachine.data.read.timeout = 1000ms (default)
2024-04-26 07:43:48,443 [dd21079d-84ac-4ee5-bea1-aaabc97992ac-groupManagement] INFO  server.RaftServerConfigKeys (ConfUtils.java:logGet(46)) - raft.server.log.purge.preservation.log.num = 0 (default)
2024-04-26 07:43:48,444 [EventQueue-PipelineReportForPipelineReportHandler] INFO  pipeline.PipelineReportHandler (PipelineReportHandler.java:processPipelineReport(136)) - Opened pipeline PipelineID=6f111b34-3185-4af9-9cd2-43f1cf3ab2ee
2024-04-26 07:43:48,444 [EventQueue-OpenPipelineForHealthyPipelineSafeModeRule] INFO  safemode.SCMSafeModeManager (HealthyPipelineSafeModeRule.java:process(140)) - SCM in safe mode. Healthy pipelines reported count is 0, required healthy pipeline reported count is 1
2024-04-26 07:43:48,445 [dd21079d-84ac-4ee5-bea1-aaabc97992ac-groupManagement] INFO  server.RaftServerConfigKeys (ConfUtils.java:logGet(46)) - raft.server.log.segment.size.max = 67108864 (custom)
2024-04-26 07:43:48,446 [dd21079d-84ac-4ee5-bea1-aaabc97992ac-groupManagement] INFO  server.RaftServerConfigKeys (ConfUtils.java:logGet(46)) - raft.server.log.segment.cache.num.max = 2 (custom)
2024-04-26 07:43:48,446 [dd21079d-84ac-4ee5-bea1-aaabc97992ac-groupManagement] INFO  server.RaftServerConfigKeys (ConfUtils.java:logGet(46)) - raft.server.log.segment.cache.size.max = 200MB (=209715200) (default)
2024-04-26 07:43:48,446 [dd21079d-84ac-4ee5-bea1-aaabc97992ac-groupManagement] INFO  server.RaftServerConfigKeys (ConfUtils.java:logGet(46)) - raft.server.log.appender.buffer.byte-limit = 8388608 (custom)
2024-04-26 07:43:48,448 [dd21079d-84ac-4ee5-bea1-aaabc97992ac-groupManagement] INFO  util.AwaitToRun (AwaitToRun.java:start(81)) - Thread[dd21079d-84ac-4ee5-bea1-aaabc97992ac@group-1D6CABF8A42A-cacheEviction-AwaitToRun,5,main] started
2024-04-26 07:43:48,448 [dd21079d-84ac-4ee5-bea1-aaabc97992ac-groupManagement] INFO  segmented.SegmentedRaftLogWorker (SegmentedRaftLogWorker.java:<init>(182)) - new dd21079d-84ac-4ee5-bea1-aaabc97992ac@group-1D6CABF8A42A-SegmentedRaftLogWorker for RaftStorageImpl:Storage Directory /home/runner/work/ozone/ozone/hadoop-ozone/integration-test/target/test-dir/MiniOzoneClusterImpl-a56b3a23-5bf6-4b5b-a0fe-007206924a4e/ozone-meta/datanode-2/ratis/bed83b25-9cb5-4226-b5f4-1d6cabf8a42a
2024-04-26 07:43:48,449 [dd21079d-84ac-4ee5-bea1-aaabc97992ac-groupManagement] INFO  server.RaftServerConfigKeys (ConfUtils.java:logGet(46)) - raft.server.log.queue.byte-limit = 4294967296 (custom)
2024-04-26 07:43:48,449 [dd21079d-84ac-4ee5-bea1-aaabc97992ac-groupManagement] INFO  server.RaftServerConfigKeys (ConfUtils.java:logGet(46)) - raft.server.log.queue.element-limit = 1024 (custom)
2024-04-26 07:43:48,449 [dd21079d-84ac-4ee5-bea1-aaabc97992ac-groupManagement] INFO  server.RaftServerConfigKeys (ConfUtils.java:logGet(46)) - raft.server.log.segment.size.max = 67108864 (custom)
2024-04-26 07:43:48,449 [dd21079d-84ac-4ee5-bea1-aaabc97992ac-groupManagement] INFO  server.RaftServerConfigKeys (ConfUtils.java:logGet(46)) - raft.server.log.preallocated.size = 4194304 (custom)
2024-04-26 07:43:48,449 [dd21079d-84ac-4ee5-bea1-aaabc97992ac-groupManagement] INFO  server.RaftServerConfigKeys (ConfUtils.java:logGet(46)) - raft.server.log.force.sync.num = 128 (default)
2024-04-26 07:43:48,449 [dd21079d-84ac-4ee5-bea1-aaabc97992ac-groupManagement] INFO  server.RaftServerConfigKeys (ConfUtils.java:logGet(46)) - raft.server.log.statemachine.data.sync = true (default)
2024-04-26 07:43:48,449 [dd21079d-84ac-4ee5-bea1-aaabc97992ac-groupManagement] INFO  server.RaftServerConfigKeys (ConfUtils.java:logGet(46)) - raft.server.log.statemachine.data.sync.timeout = 10s (default)
2024-04-26 07:43:48,449 [dd21079d-84ac-4ee5-bea1-aaabc97992ac-groupManagement] INFO  server.RaftServerConfigKeys (ConfUtils.java:logGet(46)) - raft.server.log.statemachine.data.sync.timeout.retry = 30 (custom)
2024-04-26 07:43:48,449 [dd21079d-84ac-4ee5-bea1-aaabc97992ac-groupManagement] INFO  server.RaftServerConfigKeys (ConfUtils.java:logGet(46)) - raft.server.log.write.buffer.size = 8388616 (custom)
2024-04-26 07:43:48,451 [dd21079d-84ac-4ee5-bea1-aaabc97992ac-groupManagement] INFO  server.RaftServerConfigKeys (ConfUtils.java:logGet(46)) - raft.server.log.appender.buffer.byte-limit = 8388608 (custom)
2024-04-26 07:43:48,451 [dd21079d-84ac-4ee5-bea1-aaabc97992ac-groupManagement] INFO  server.RaftServerConfigKeys (ConfUtils.java:logGet(46)) - raft.server.log.unsafe-flush.enabled = false (default)
2024-04-26 07:43:48,451 [dd21079d-84ac-4ee5-bea1-aaabc97992ac-groupManagement] INFO  server.RaftServerConfigKeys (ConfUtils.java:logGet(46)) - raft.server.log.async-flush.enabled = false (default)
2024-04-26 07:43:48,451 [dd21079d-84ac-4ee5-bea1-aaabc97992ac-groupManagement] INFO  server.RaftServerConfigKeys (ConfUtils.java:logGet(46)) - raft.server.log.statemachine.data.caching.enabled = true (custom)
2024-04-26 07:43:48,451 [dd21079d-84ac-4ee5-bea1-aaabc97992ac-groupManagement] INFO  segmented.SegmentedRaftLogWorker (SegmentedRaftLogWorker.java:lambda$new$0(134)) - dd21079d-84ac-4ee5-bea1-aaabc97992ac@group-1D6CABF8A42A-SegmentedRaftLogWorker: flushIndex: setUnconditionally 0 -> -1
2024-04-26 07:43:48,451 [dd21079d-84ac-4ee5-bea1-aaabc97992ac-groupManagement] INFO  segmented.SegmentedRaftLogWorker (SegmentedRaftLogWorker.java:lambda$new$0(134)) - dd21079d-84ac-4ee5-bea1-aaabc97992ac@group-1D6CABF8A42A-SegmentedRaftLogWorker: safeCacheEvictIndex: setUnconditionally 0 -> -1
2024-04-26 07:43:48,451 [dd21079d-84ac-4ee5-bea1-aaabc97992ac-groupManagement] INFO  server.RaftServer$Division (RaftServerImpl.java:start(396)) - dd21079d-84ac-4ee5-bea1-aaabc97992ac@group-1D6CABF8A42A: start as a follower, conf=-1: peers:[d591b026-01eb-4928-a28c-f8365e0687e2|127.0.0.1:15103, dd21079d-84ac-4ee5-bea1-aaabc97992ac|127.0.0.1:15112, 6344c76b-c160-4957-8ee9-5bf4783825fc|127.0.0.1:15121]|listeners:[], old=null
2024-04-26 07:43:48,451 [dd21079d-84ac-4ee5-bea1-aaabc97992ac-groupManagement] INFO  server.RaftServer$Division (RaftServerImpl.java:setRole(383)) - dd21079d-84ac-4ee5-bea1-aaabc97992ac@group-1D6CABF8A42A: changes role from      null to FOLLOWER at term 0 for startAsFollower
2024-04-26 07:43:48,452 [dd21079d-84ac-4ee5-bea1-aaabc97992ac-groupManagement] INFO  impl.RoleInfo (RoleInfo.java:updateAndGet(139)) - dd21079d-84ac-4ee5-bea1-aaabc97992ac: start dd21079d-84ac-4ee5-bea1-aaabc97992ac@group-1D6CABF8A42A-FollowerState
2024-04-26 07:43:48,452 [dd21079d-84ac-4ee5-bea1-aaabc97992ac-groupManagement] INFO  util.JmxRegister (JmxRegister.java:tryRegister(44)) - Successfully registered JMX Bean with object name Ratis:service=RaftServer,group=group-1D6CABF8A42A,id=dd21079d-84ac-4ee5-bea1-aaabc97992ac
2024-04-26 07:43:48,452 [dd21079d-84ac-4ee5-bea1-aaabc97992ac-groupManagement] INFO  server.RaftServerConfigKeys (ConfUtils.java:logGet(46)) - raft.server.snapshot.trigger-when-stop.enabled = true (default)
2024-04-26 07:43:48,452 [dd21079d-84ac-4ee5-bea1-aaabc97992ac-groupManagement] INFO  server.RaftServerConfigKeys (ConfUtils.java:logGet(46)) - raft.server.snapshot.auto.trigger.enabled = true (custom)
2024-04-26 07:43:48,452 [dd21079d-84ac-4ee5-bea1-aaabc97992ac-groupManagement] INFO  server.RaftServerConfigKeys (ConfUtils.java:logGet(46)) - raft.server.snapshot.auto.trigger.threshold = 10000 (custom)
2024-04-26 07:43:48,452 [dd21079d-84ac-4ee5-bea1-aaabc97992ac-groupManagement] INFO  server.RaftServerConfigKeys (ConfUtils.java:logGet(46)) - raft.server.snapshot.retention.file.num = 5 (custom)
2024-04-26 07:43:48,452 [dd21079d-84ac-4ee5-bea1-aaabc97992ac-groupManagement] INFO  server.RaftServerConfigKeys (ConfUtils.java:logGet(46)) - raft.server.log.purge.upto.snapshot.index = false (default)
2024-04-26 07:43:48,452 [dd21079d-84ac-4ee5-bea1-aaabc97992ac@group-1D6CABF8A42A-FollowerState] INFO  server.RaftServerConfigKeys (ConfUtils.java:logFallback(53)) - raft.server.rpc.first-election.timeout.min = 5s (fallback to raft.server.rpc.timeout.min)
2024-04-26 07:43:48,452 [dd21079d-84ac-4ee5-bea1-aaabc97992ac@group-1D6CABF8A42A-FollowerState] INFO  server.RaftServerConfigKeys (ConfUtils.java:logFallback(53)) - raft.server.rpc.first-election.timeout.max = 5200ms (fallback to raft.server.rpc.timeout.max)
2024-04-26 07:43:48,454 [dd21079d-84ac-4ee5-bea1-aaabc97992ac-groupManagement] INFO  server.RaftServer$Division (RaftServerImpl.java:<init>(256)) - dd21079d-84ac-4ee5-bea1-aaabc97992ac: new RaftServerImpl for group-43F1CF3AB2EE:[dd21079d-84ac-4ee5-bea1-aaabc97992ac|127.0.0.1:15112] with ContainerStateMachine:uninitialized
2024-04-26 07:43:48,454 [dd21079d-84ac-4ee5-bea1-aaabc97992ac-groupManagement] INFO  server.RaftServerConfigKeys (ConfUtils.java:logGet(46)) - raft.server.rpc.timeout.min = 5s (custom)
2024-04-26 07:43:48,454 [dd21079d-84ac-4ee5-bea1-aaabc97992ac-groupManagement] INFO  server.RaftServerConfigKeys (ConfUtils.java:logGet(46)) - raft.server.rpc.timeout.max = 5200ms (custom)
2024-04-26 07:43:48,455 [dd21079d-84ac-4ee5-bea1-aaabc97992ac-groupManagement] INFO  server.RaftServerConfigKeys (ConfUtils.java:logGet(46)) - raft.server.rpc.sleep.time = 25ms (default)
2024-04-26 07:43:48,455 [dd21079d-84ac-4ee5-bea1-aaabc97992ac-groupManagement] INFO  server.RaftServerConfigKeys (ConfUtils.java:logGet(46)) - raft.server.rpc.slowness.timeout = 300000ms (custom)
2024-04-26 07:43:48,455 [dd21079d-84ac-4ee5-bea1-aaabc97992ac-groupManagement] INFO  server.RaftServerConfigKeys (ConfUtils.java:logGet(46)) - raft.server.leaderelection.leader.step-down.wait-time = 10s (default)
2024-04-26 07:43:48,455 [dd21079d-84ac-4ee5-bea1-aaabc97992ac-groupManagement] INFO  server.RaftServerConfigKeys (ConfUtils.java:logGet(46)) - raft.server.leaderelection.member.majority-add = false (default)
2024-04-26 07:43:48,455 [dd21079d-84ac-4ee5-bea1-aaabc97992ac-groupManagement] INFO  server.RaftServerConfigKeys (ConfUtils.java:logGet(46)) - raft.server.sleep.deviation.threshold = 300ms (default)
2024-04-26 07:43:48,455 [dd21079d-84ac-4ee5-bea1-aaabc97992ac-groupManagement] INFO  server.RaftServer$Division (ServerState.java:<init>(113)) - dd21079d-84ac-4ee5-bea1-aaabc97992ac@group-43F1CF3AB2EE: ConfigurationManager, init=-1: peers:[dd21079d-84ac-4ee5-bea1-aaabc97992ac|127.0.0.1:15112]|listeners:[], old=null, confs=<EMPTY_MAP>
2024-04-26 07:43:48,455 [dd21079d-84ac-4ee5-bea1-aaabc97992ac-groupManagement] INFO  server.RaftServerConfigKeys (ConfUtils.java:logGet(46)) - raft.server.notification.no-leader.timeout = 300000ms (custom)
2024-04-26 07:43:48,455 [dd21079d-84ac-4ee5-bea1-aaabc97992ac-groupManagement] INFO  server.RaftServerConfigKeys (ConfUtils.java:logGet(46)) - raft.server.read.timeout = 10s (default)
2024-04-26 07:43:48,455 [dd21079d-84ac-4ee5-bea1-aaabc97992ac-groupManagement] INFO  server.RaftServerConfigKeys (ConfUtils.java:logGet(46)) - raft.server.retrycache.expirytime = 600000ms (custom)
2024-04-26 07:43:48,455 [dd21079d-84ac-4ee5-bea1-aaabc97992ac-groupManagement] INFO  server.RaftServerConfigKeys (ConfUtils.java:logGet(46)) - raft.server.retrycache.statistics.expirytime = 100ms (default)
2024-04-26 07:43:48,455 [dd21079d-84ac-4ee5-bea1-aaabc97992ac-groupManagement] INFO  server.RaftServerConfigKeys (ConfUtils.java:logGet(46)) - raft.server.read.option = DEFAULT (default)
2024-04-26 07:43:48,455 [dd21079d-84ac-4ee5-bea1-aaabc97992ac-groupManagement] INFO  server.RaftServerConfigKeys (ConfUtils.java:logGet(46)) - raft.server.read.read-after-write-consistent.write-index-cache.expiry-time = 60s (default)
2024-04-26 07:43:48,456 [d591b026-01eb-4928-a28c-f8365e0687e2-PipelineCommandHandlerThread-0] INFO  commandhandler.CreatePipelineCommandHandler (CreatePipelineCommandHandler.java:lambda$handle$2(124)) - Created Pipeline RATIS THREE PipelineID=bed83b25-9cb5-4226-b5f4-1d6cabf8a42a.
2024-04-26 07:43:48,458 [dd21079d-84ac-4ee5-bea1-aaabc97992ac-groupManagement] INFO  server.RaftServerConfigKeys (ConfUtils.java:logGet(46)) - raft.server.rpc.request.timeout = 3000ms (default)
2024-04-26 07:43:48,458 [dd21079d-84ac-4ee5-bea1-aaabc97992ac-groupManagement] INFO  server.RaftServerConfigKeys (ConfUtils.java:logGet(46)) - raft.server.log.appender.install.snapshot.enabled = false (custom)
2024-04-26 07:43:48,458 [dd21079d-84ac-4ee5-bea1-aaabc97992ac-groupManagement] INFO  server.RaftServerConfigKeys (ConfUtils.java:logGet(46)) - raft.server.threadpool.server.cached = true (default)
2024-04-26 07:43:48,458 [dd21079d-84ac-4ee5-bea1-aaabc97992ac-groupManagement] INFO  server.RaftServerConfigKeys (ConfUtils.java:logGet(46)) - raft.server.threadpool.server.size = 0 (default)
2024-04-26 07:43:48,458 [dd21079d-84ac-4ee5-bea1-aaabc97992ac-groupManagement] INFO  server.RaftServerConfigKeys (ConfUtils.java:logGet(46)) - raft.server.threadpool.client.cached = true (default)
2024-04-26 07:43:48,458 [dd21079d-84ac-4ee5-bea1-aaabc97992ac-groupManagement] INFO  server.RaftServerConfigKeys (ConfUtils.java:logGet(46)) - raft.server.threadpool.client.size = 0 (default)
2024-04-26 07:43:48,458 [dd21079d-84ac-4ee5-bea1-aaabc97992ac-groupManagement] INFO  server.RaftServerConfigKeys (ConfUtils.java:logGet(46)) - raft.server.storage.free-space.min = 0MB (=0) (default)
2024-04-26 07:43:48,458 [dd21079d-84ac-4ee5-bea1-aaabc97992ac-groupManagement] INFO  server.RaftServerConfigKeys (ConfUtils.java:logGet(46)) - raft.server.log.corruption.policy = EXCEPTION (default)
2024-04-26 07:43:48,458 [dd21079d-84ac-4ee5-bea1-aaabc97992ac-groupManagement] INFO  server.RaftServerConfigKeys (ConfUtils.java:logGet(46)) - raft.server.storage.dir = [/home/runner/work/ozone/ozone/hadoop-ozone/integration-test/target/test-dir/MiniOzoneClusterImpl-a56b3a23-5bf6-4b5b-a0fe-007206924a4e/ozone-meta/datanode-2/ratis] (custom)
2024-04-26 07:43:48,458 [dd21079d-84ac-4ee5-bea1-aaabc97992ac-groupManagement] INFO  storage.RaftStorageDirectory (RaftStorageDirectoryImpl.java:analyzeStorage(138)) - The storage directory /home/runner/work/ozone/ozone/hadoop-ozone/integration-test/target/test-dir/MiniOzoneClusterImpl-a56b3a23-5bf6-4b5b-a0fe-007206924a4e/ozone-meta/datanode-2/ratis/6f111b34-3185-4af9-9cd2-43f1cf3ab2ee does not exist. Creating ...
2024-04-26 07:43:48,459 [dd21079d-84ac-4ee5-bea1-aaabc97992ac-groupManagement] INFO  storage.RaftStorageDirectory (RaftStorageDirectoryImpl.java:tryLock(228)) - Lock on /home/runner/work/ozone/ozone/hadoop-ozone/integration-test/target/test-dir/MiniOzoneClusterImpl-a56b3a23-5bf6-4b5b-a0fe-007206924a4e/ozone-meta/datanode-2/ratis/6f111b34-3185-4af9-9cd2-43f1cf3ab2ee/in_use.lock acquired by nodename 21422@fv-az1107-628
2024-04-26 07:43:48,460 [dd21079d-84ac-4ee5-bea1-aaabc97992ac-groupManagement] INFO  storage.RaftStorage (RaftStorageImpl.java:format(99)) - Storage directory /home/runner/work/ozone/ozone/hadoop-ozone/integration-test/target/test-dir/MiniOzoneClusterImpl-a56b3a23-5bf6-4b5b-a0fe-007206924a4e/ozone-meta/datanode-2/ratis/6f111b34-3185-4af9-9cd2-43f1cf3ab2ee has been successfully formatted.
2024-04-26 07:43:48,460 [dd21079d-84ac-4ee5-bea1-aaabc97992ac-groupManagement] WARN  util.FileUtils (LogUtils.java:supplyAndLog(63)) - Failed to Files.newInputStream /home/runner/work/ozone/ozone/hadoop-ozone/integration-test/target/test-dir/MiniOzoneClusterImpl-a56b3a23-5bf6-4b5b-a0fe-007206924a4e/ozone-meta/datanode-2/ratis/6f111b34-3185-4af9-9cd2-43f1cf3ab2ee/current/raft-meta.conf with options []: java.nio.file.NoSuchFileException: /home/runner/work/ozone/ozone/hadoop-ozone/integration-test/target/test-dir/MiniOzoneClusterImpl-a56b3a23-5bf6-4b5b-a0fe-007206924a4e/ozone-meta/datanode-2/ratis/6f111b34-3185-4af9-9cd2-43f1cf3ab2ee/current/raft-meta.conf
2024-04-26 07:43:48,461 [dd21079d-84ac-4ee5-bea1-aaabc97992ac-groupManagement] INFO  ratis.ContainerStateMachine (ContainerStateMachine.java:loadSnapshot(287)) - group-43F1CF3AB2EE: The snapshot info is null. Setting the last applied index to:(t:0, i:~)
2024-04-26 07:43:48,461 [dd21079d-84ac-4ee5-bea1-aaabc97992ac-groupManagement] INFO  server.RaftServerConfigKeys (ConfUtils.java:logGet(46)) - raft.server.log.use.memory = false (default)
2024-04-26 07:43:48,461 [dd21079d-84ac-4ee5-bea1-aaabc97992ac-groupManagement] INFO  server.RaftServerConfigKeys (ConfUtils.java:logGet(46)) - raft.server.log.purge.gap = 1000000 (custom)
2024-04-26 07:43:48,461 [dd21079d-84ac-4ee5-bea1-aaabc97992ac-groupManagement] INFO  server.RaftServerConfigKeys (ConfUtils.java:logGet(46)) - raft.server.log.appender.buffer.byte-limit = 8388608 (custom)
2024-04-26 07:43:48,461 [dd21079d-84ac-4ee5-bea1-aaabc97992ac-groupManagement] INFO  server.RaftServerConfigKeys (ConfUtils.java:logGet(46)) - raft.server.log.statemachine.data.read.timeout = 1000ms (default)
2024-04-26 07:43:48,461 [dd21079d-84ac-4ee5-bea1-aaabc97992ac-groupManagement] INFO  server.RaftServerConfigKeys (ConfUtils.java:logGet(46)) - raft.server.log.purge.preservation.log.num = 0 (default)
2024-04-26 07:43:48,462 [EventQueue-OpenPipelineForHealthyPipelineSafeModeRule] INFO  safemode.SCMSafeModeManager (HealthyPipelineSafeModeRule.java:process(140)) - SCM in safe mode. Healthy pipelines reported count is 0, required healthy pipeline reported count is 1
2024-04-26 07:43:48,463 [dd21079d-84ac-4ee5-bea1-aaabc97992ac-groupManagement] INFO  server.RaftServerConfigKeys (ConfUtils.java:logGet(46)) - raft.server.log.segment.size.max = 67108864 (custom)
2024-04-26 07:43:48,463 [dd21079d-84ac-4ee5-bea1-aaabc97992ac-groupManagement] INFO  server.RaftServerConfigKeys (ConfUtils.java:logGet(46)) - raft.server.log.segment.cache.num.max = 2 (custom)
2024-04-26 07:43:48,464 [dd21079d-84ac-4ee5-bea1-aaabc97992ac-groupManagement] INFO  server.RaftServerConfigKeys (ConfUtils.java:logGet(46)) - raft.server.log.segment.cache.size.max = 200MB (=209715200) (default)
2024-04-26 07:43:48,464 [dd21079d-84ac-4ee5-bea1-aaabc97992ac-groupManagement] INFO  server.RaftServerConfigKeys (ConfUtils.java:logGet(46)) - raft.server.log.appender.buffer.byte-limit = 8388608 (custom)
2024-04-26 07:43:48,464 [dd21079d-84ac-4ee5-bea1-aaabc97992ac-groupManagement] INFO  util.AwaitToRun (AwaitToRun.java:start(81)) - Thread[dd21079d-84ac-4ee5-bea1-aaabc97992ac@group-43F1CF3AB2EE-cacheEviction-AwaitToRun,5,main] started
2024-04-26 07:43:48,465 [dd21079d-84ac-4ee5-bea1-aaabc97992ac-groupManagement] INFO  segmented.SegmentedRaftLogWorker (SegmentedRaftLogWorker.java:<init>(182)) - new dd21079d-84ac-4ee5-bea1-aaabc97992ac@group-43F1CF3AB2EE-SegmentedRaftLogWorker for RaftStorageImpl:Storage Directory /home/runner/work/ozone/ozone/hadoop-ozone/integration-test/target/test-dir/MiniOzoneClusterImpl-a56b3a23-5bf6-4b5b-a0fe-007206924a4e/ozone-meta/datanode-2/ratis/6f111b34-3185-4af9-9cd2-43f1cf3ab2ee
2024-04-26 07:43:48,465 [dd21079d-84ac-4ee5-bea1-aaabc97992ac-groupManagement] INFO  server.RaftServerConfigKeys (ConfUtils.java:logGet(46)) - raft.server.log.queue.byte-limit = 4294967296 (custom)
2024-04-26 07:43:48,465 [dd21079d-84ac-4ee5-bea1-aaabc97992ac-groupManagement] INFO  server.RaftServerConfigKeys (ConfUtils.java:logGet(46)) - raft.server.log.queue.element-limit = 1024 (custom)
2024-04-26 07:43:48,465 [dd21079d-84ac-4ee5-bea1-aaabc97992ac-groupManagement] INFO  server.RaftServerConfigKeys (ConfUtils.java:logGet(46)) - raft.server.log.segment.size.max = 67108864 (custom)
2024-04-26 07:43:48,465 [dd21079d-84ac-4ee5-bea1-aaabc97992ac-groupManagement] INFO  server.RaftServerConfigKeys (ConfUtils.java:logGet(46)) - raft.server.log.preallocated.size = 4194304 (custom)
2024-04-26 07:43:48,465 [dd21079d-84ac-4ee5-bea1-aaabc97992ac-groupManagement] INFO  server.RaftServerConfigKeys (ConfUtils.java:logGet(46)) - raft.server.log.force.sync.num = 128 (default)
2024-04-26 07:43:48,465 [dd21079d-84ac-4ee5-bea1-aaabc97992ac-groupManagement] INFO  server.RaftServerConfigKeys (ConfUtils.java:logGet(46)) - raft.server.log.statemachine.data.sync = true (default)
2024-04-26 07:43:48,465 [dd21079d-84ac-4ee5-bea1-aaabc97992ac-groupManagement] INFO  server.RaftServerConfigKeys (ConfUtils.java:logGet(46)) - raft.server.log.statemachine.data.sync.timeout = 10s (default)
2024-04-26 07:43:48,465 [dd21079d-84ac-4ee5-bea1-aaabc97992ac-groupManagement] INFO  server.RaftServerConfigKeys (ConfUtils.java:logGet(46)) - raft.server.log.statemachine.data.sync.timeout.retry = 30 (custom)
2024-04-26 07:43:48,466 [dd21079d-84ac-4ee5-bea1-aaabc97992ac-groupManagement] INFO  server.RaftServerConfigKeys (ConfUtils.java:logGet(46)) - raft.server.log.write.buffer.size = 8388616 (custom)
2024-04-26 07:43:48,467 [dd21079d-84ac-4ee5-bea1-aaabc97992ac-groupManagement] INFO  server.RaftServerConfigKeys (ConfUtils.java:logGet(46)) - raft.server.log.appender.buffer.byte-limit = 8388608 (custom)
2024-04-26 07:43:48,467 [dd21079d-84ac-4ee5-bea1-aaabc97992ac-groupManagement] INFO  server.RaftServerConfigKeys (ConfUtils.java:logGet(46)) - raft.server.log.unsafe-flush.enabled = false (default)
2024-04-26 07:43:48,467 [dd21079d-84ac-4ee5-bea1-aaabc97992ac-groupManagement] INFO  server.RaftServerConfigKeys (ConfUtils.java:logGet(46)) - raft.server.log.async-flush.enabled = false (default)
2024-04-26 07:43:48,468 [dd21079d-84ac-4ee5-bea1-aaabc97992ac-groupManagement] INFO  server.RaftServerConfigKeys (ConfUtils.java:logGet(46)) - raft.server.log.statemachine.data.caching.enabled = true (custom)
2024-04-26 07:43:48,468 [dd21079d-84ac-4ee5-bea1-aaabc97992ac-groupManagement] INFO  segmented.SegmentedRaftLogWorker (SegmentedRaftLogWorker.java:lambda$new$0(134)) - dd21079d-84ac-4ee5-bea1-aaabc97992ac@group-43F1CF3AB2EE-SegmentedRaftLogWorker: flushIndex: setUnconditionally 0 -> -1
2024-04-26 07:43:48,468 [dd21079d-84ac-4ee5-bea1-aaabc97992ac-groupManagement] INFO  segmented.SegmentedRaftLogWorker (SegmentedRaftLogWorker.java:lambda$new$0(134)) - dd21079d-84ac-4ee5-bea1-aaabc97992ac@group-43F1CF3AB2EE-SegmentedRaftLogWorker: safeCacheEvictIndex: setUnconditionally 0 -> -1
2024-04-26 07:43:48,468 [dd21079d-84ac-4ee5-bea1-aaabc97992ac-groupManagement] INFO  server.RaftServer$Division (RaftServerImpl.java:start(396)) - dd21079d-84ac-4ee5-bea1-aaabc97992ac@group-43F1CF3AB2EE: start as a follower, conf=-1: peers:[dd21079d-84ac-4ee5-bea1-aaabc97992ac|127.0.0.1:15112]|listeners:[], old=null
2024-04-26 07:43:48,468 [dd21079d-84ac-4ee5-bea1-aaabc97992ac-groupManagement] INFO  server.RaftServer$Division (RaftServerImpl.java:setRole(383)) - dd21079d-84ac-4ee5-bea1-aaabc97992ac@group-43F1CF3AB2EE: changes role from      null to FOLLOWER at term 0 for startAsFollower
2024-04-26 07:43:48,468 [dd21079d-84ac-4ee5-bea1-aaabc97992ac-groupManagement] INFO  impl.RoleInfo (RoleInfo.java:updateAndGet(139)) - dd21079d-84ac-4ee5-bea1-aaabc97992ac: start dd21079d-84ac-4ee5-bea1-aaabc97992ac@group-43F1CF3AB2EE-FollowerState
2024-04-26 07:43:48,469 [dd21079d-84ac-4ee5-bea1-aaabc97992ac-groupManagement] INFO  util.JmxRegister (JmxRegister.java:tryRegister(44)) - Successfully registered JMX Bean with object name Ratis:service=RaftServer,group=group-43F1CF3AB2EE,id=dd21079d-84ac-4ee5-bea1-aaabc97992ac
2024-04-26 07:43:48,469 [dd21079d-84ac-4ee5-bea1-aaabc97992ac@group-43F1CF3AB2EE-FollowerState] INFO  server.RaftServerConfigKeys (ConfUtils.java:logFallback(53)) - raft.server.rpc.first-election.timeout.min = 5s (fallback to raft.server.rpc.timeout.min)
2024-04-26 07:43:48,469 [dd21079d-84ac-4ee5-bea1-aaabc97992ac@group-43F1CF3AB2EE-FollowerState] INFO  server.RaftServerConfigKeys (ConfUtils.java:logFallback(53)) - raft.server.rpc.first-election.timeout.max = 5200ms (fallback to raft.server.rpc.timeout.max)
2024-04-26 07:43:48,469 [dd21079d-84ac-4ee5-bea1-aaabc97992ac-groupManagement] INFO  server.RaftServerConfigKeys (ConfUtils.java:logGet(46)) - raft.server.snapshot.trigger-when-stop.enabled = true (default)
2024-04-26 07:43:48,469 [dd21079d-84ac-4ee5-bea1-aaabc97992ac-groupManagement] INFO  server.RaftServerConfigKeys (ConfUtils.java:logGet(46)) - raft.server.snapshot.auto.trigger.enabled = true (custom)
2024-04-26 07:43:48,469 [dd21079d-84ac-4ee5-bea1-aaabc97992ac-groupManagement] INFO  server.RaftServerConfigKeys (ConfUtils.java:logGet(46)) - raft.server.snapshot.auto.trigger.threshold = 10000 (custom)
2024-04-26 07:43:48,469 [dd21079d-84ac-4ee5-bea1-aaabc97992ac-groupManagement] INFO  server.RaftServerConfigKeys (ConfUtils.java:logGet(46)) - raft.server.snapshot.retention.file.num = 5 (custom)
2024-04-26 07:43:48,469 [dd21079d-84ac-4ee5-bea1-aaabc97992ac-groupManagement] INFO  server.RaftServerConfigKeys (ConfUtils.java:logGet(46)) - raft.server.log.purge.upto.snapshot.index = false (default)
2024-04-26 07:43:48,470 [dd21079d-84ac-4ee5-bea1-aaabc97992ac-PipelineCommandHandlerThread-0] INFO  ratis.XceiverServerRatis (XceiverServerRatis.java:addGroup(864)) - Created group PipelineID=6f111b34-3185-4af9-9cd2-43f1cf3ab2ee
2024-04-26 07:43:48,470 [dd21079d-84ac-4ee5-bea1-aaabc97992ac-PipelineCommandHandlerThread-0] INFO  commandhandler.CreatePipelineCommandHandler (CreatePipelineCommandHandler.java:lambda$handle$2(124)) - Created Pipeline RATIS ONE PipelineID=6f111b34-3185-4af9-9cd2-43f1cf3ab2ee.
2024-04-26 07:43:48,515 [6344c76b-c160-4957-8ee9-5bf4783825fc-PipelineCommandHandlerThread-0] INFO  server.RaftServer (RaftServerProxy.java:addNew(100)) - 6344c76b-c160-4957-8ee9-5bf4783825fc: addNew group-CEA1F2070717:[6344c76b-c160-4957-8ee9-5bf4783825fc|127.0.0.1:15121] returns group-CEA1F2070717:java.util.concurrent.CompletableFuture@6dc27c3c[Not completed]
2024-04-26 07:43:48,516 [6344c76b-c160-4957-8ee9-5bf4783825fc-groupManagement] INFO  server.RaftServer$Division (RaftServerImpl.java:<init>(256)) - 6344c76b-c160-4957-8ee9-5bf4783825fc: new RaftServerImpl for group-CEA1F2070717:[6344c76b-c160-4957-8ee9-5bf4783825fc|127.0.0.1:15121] with ContainerStateMachine:uninitialized
2024-04-26 07:43:48,516 [6344c76b-c160-4957-8ee9-5bf4783825fc-groupManagement] INFO  server.RaftServerConfigKeys (ConfUtils.java:logGet(46)) - raft.server.rpc.timeout.min = 5s (custom)
2024-04-26 07:43:48,516 [6344c76b-c160-4957-8ee9-5bf4783825fc-groupManagement] INFO  server.RaftServerConfigKeys (ConfUtils.java:logGet(46)) - raft.server.rpc.timeout.max = 5200ms (custom)
2024-04-26 07:43:48,516 [6344c76b-c160-4957-8ee9-5bf4783825fc-groupManagement] INFO  server.RaftServerConfigKeys (ConfUtils.java:logGet(46)) - raft.server.rpc.sleep.time = 25ms (default)
2024-04-26 07:43:48,516 [6344c76b-c160-4957-8ee9-5bf4783825fc-groupManagement] INFO  server.RaftServerConfigKeys (ConfUtils.java:logGet(46)) - raft.server.rpc.slowness.timeout = 300000ms (custom)
2024-04-26 07:43:48,516 [6344c76b-c160-4957-8ee9-5bf4783825fc-groupManagement] INFO  server.RaftServerConfigKeys (ConfUtils.java:logGet(46)) - raft.server.leaderelection.leader.step-down.wait-time = 10s (default)
2024-04-26 07:43:48,516 [6344c76b-c160-4957-8ee9-5bf4783825fc-groupManagement] INFO  server.RaftServerConfigKeys (ConfUtils.java:logGet(46)) - raft.server.leaderelection.member.majority-add = false (default)
2024-04-26 07:43:48,516 [6344c76b-c160-4957-8ee9-5bf4783825fc-groupManagement] INFO  server.RaftServerConfigKeys (ConfUtils.java:logGet(46)) - raft.server.sleep.deviation.threshold = 300ms (default)
2024-04-26 07:43:48,516 [6344c76b-c160-4957-8ee9-5bf4783825fc-groupManagement] INFO  server.RaftServer$Division (ServerState.java:<init>(113)) - 6344c76b-c160-4957-8ee9-5bf4783825fc@group-CEA1F2070717: ConfigurationManager, init=-1: peers:[6344c76b-c160-4957-8ee9-5bf4783825fc|127.0.0.1:15121]|listeners:[], old=null, confs=<EMPTY_MAP>
2024-04-26 07:43:48,516 [6344c76b-c160-4957-8ee9-5bf4783825fc-groupManagement] INFO  server.RaftServerConfigKeys (ConfUtils.java:logGet(46)) - raft.server.notification.no-leader.timeout = 300000ms (custom)
2024-04-26 07:43:48,516 [6344c76b-c160-4957-8ee9-5bf4783825fc-groupManagement] INFO  server.RaftServerConfigKeys (ConfUtils.java:logGet(46)) - raft.server.read.timeout = 10s (default)
2024-04-26 07:43:48,516 [6344c76b-c160-4957-8ee9-5bf4783825fc-groupManagement] INFO  server.RaftServerConfigKeys (ConfUtils.java:logGet(46)) - raft.server.retrycache.expirytime = 600000ms (custom)
2024-04-26 07:43:48,516 [6344c76b-c160-4957-8ee9-5bf4783825fc-groupManagement] INFO  server.RaftServerConfigKeys (ConfUtils.java:logGet(46)) - raft.server.retrycache.statistics.expirytime = 100ms (default)
2024-04-26 07:43:48,516 [6344c76b-c160-4957-8ee9-5bf4783825fc-groupManagement] INFO  server.RaftServerConfigKeys (ConfUtils.java:logGet(46)) - raft.server.read.option = DEFAULT (default)
2024-04-26 07:43:48,516 [6344c76b-c160-4957-8ee9-5bf4783825fc-groupManagement] INFO  server.RaftServerConfigKeys (ConfUtils.java:logGet(46)) - raft.server.read.read-after-write-consistent.write-index-cache.expiry-time = 60s (default)
2024-04-26 07:43:48,518 [6344c76b-c160-4957-8ee9-5bf4783825fc-groupManagement] INFO  server.RaftServerConfigKeys (ConfUtils.java:logGet(46)) - raft.server.rpc.request.timeout = 3000ms (default)
2024-04-26 07:43:48,518 [6344c76b-c160-4957-8ee9-5bf4783825fc-groupManagement] INFO  server.RaftServerConfigKeys (ConfUtils.java:logGet(46)) - raft.server.log.appender.install.snapshot.enabled = false (custom)
2024-04-26 07:43:48,518 [6344c76b-c160-4957-8ee9-5bf4783825fc-groupManagement] INFO  server.RaftServerConfigKeys (ConfUtils.java:logGet(46)) - raft.server.threadpool.server.cached = true (default)
2024-04-26 07:43:48,518 [6344c76b-c160-4957-8ee9-5bf4783825fc-groupManagement] INFO  server.RaftServerConfigKeys (ConfUtils.java:logGet(46)) - raft.server.threadpool.server.size = 0 (default)
2024-04-26 07:43:48,518 [6344c76b-c160-4957-8ee9-5bf4783825fc-groupManagement] INFO  server.RaftServerConfigKeys (ConfUtils.java:logGet(46)) - raft.server.threadpool.client.cached = true (default)
2024-04-26 07:43:48,518 [6344c76b-c160-4957-8ee9-5bf4783825fc-groupManagement] INFO  server.RaftServerConfigKeys (ConfUtils.java:logGet(46)) - raft.server.threadpool.client.size = 0 (default)
2024-04-26 07:43:48,519 [6344c76b-c160-4957-8ee9-5bf4783825fc-groupManagement] INFO  server.RaftServerConfigKeys (ConfUtils.java:logGet(46)) - raft.server.storage.free-space.min = 0MB (=0) (default)
2024-04-26 07:43:48,519 [6344c76b-c160-4957-8ee9-5bf4783825fc-groupManagement] INFO  server.RaftServerConfigKeys (ConfUtils.java:logGet(46)) - raft.server.log.corruption.policy = EXCEPTION (default)
2024-04-26 07:43:48,519 [6344c76b-c160-4957-8ee9-5bf4783825fc-groupManagement] INFO  server.RaftServerConfigKeys (ConfUtils.java:logGet(46)) - raft.server.storage.dir = [/home/runner/work/ozone/ozone/hadoop-ozone/integration-test/target/test-dir/MiniOzoneClusterImpl-a56b3a23-5bf6-4b5b-a0fe-007206924a4e/ozone-meta/datanode-3/ratis] (custom)
2024-04-26 07:43:48,519 [6344c76b-c160-4957-8ee9-5bf4783825fc-groupManagement] INFO  storage.RaftStorageDirectory (RaftStorageDirectoryImpl.java:analyzeStorage(138)) - The storage directory /home/runner/work/ozone/ozone/hadoop-ozone/integration-test/target/test-dir/MiniOzoneClusterImpl-a56b3a23-5bf6-4b5b-a0fe-007206924a4e/ozone-meta/datanode-3/ratis/786a2490-9877-48c9-9849-cea1f2070717 does not exist. Creating ...
2024-04-26 07:43:48,520 [6344c76b-c160-4957-8ee9-5bf4783825fc-groupManagement] INFO  storage.RaftStorageDirectory (RaftStorageDirectoryImpl.java:tryLock(228)) - Lock on /home/runner/work/ozone/ozone/hadoop-ozone/integration-test/target/test-dir/MiniOzoneClusterImpl-a56b3a23-5bf6-4b5b-a0fe-007206924a4e/ozone-meta/datanode-3/ratis/786a2490-9877-48c9-9849-cea1f2070717/in_use.lock acquired by nodename 21422@fv-az1107-628
2024-04-26 07:43:48,521 [6344c76b-c160-4957-8ee9-5bf4783825fc-groupManagement] INFO  storage.RaftStorage (RaftStorageImpl.java:format(99)) - Storage directory /home/runner/work/ozone/ozone/hadoop-ozone/integration-test/target/test-dir/MiniOzoneClusterImpl-a56b3a23-5bf6-4b5b-a0fe-007206924a4e/ozone-meta/datanode-3/ratis/786a2490-9877-48c9-9849-cea1f2070717 has been successfully formatted.
2024-04-26 07:43:48,521 [6344c76b-c160-4957-8ee9-5bf4783825fc-groupManagement] WARN  util.FileUtils (LogUtils.java:supplyAndLog(63)) - Failed to Files.newInputStream /home/runner/work/ozone/ozone/hadoop-ozone/integration-test/target/test-dir/MiniOzoneClusterImpl-a56b3a23-5bf6-4b5b-a0fe-007206924a4e/ozone-meta/datanode-3/ratis/786a2490-9877-48c9-9849-cea1f2070717/current/raft-meta.conf with options []: java.nio.file.NoSuchFileException: /home/runner/work/ozone/ozone/hadoop-ozone/integration-test/target/test-dir/MiniOzoneClusterImpl-a56b3a23-5bf6-4b5b-a0fe-007206924a4e/ozone-meta/datanode-3/ratis/786a2490-9877-48c9-9849-cea1f2070717/current/raft-meta.conf
2024-04-26 07:43:48,521 [6344c76b-c160-4957-8ee9-5bf4783825fc-groupManagement] INFO  ratis.ContainerStateMachine (ContainerStateMachine.java:loadSnapshot(287)) - group-CEA1F2070717: The snapshot info is null. Setting the last applied index to:(t:0, i:~)
2024-04-26 07:43:48,521 [6344c76b-c160-4957-8ee9-5bf4783825fc-groupManagement] INFO  server.RaftServerConfigKeys (ConfUtils.java:logGet(46)) - raft.server.log.use.memory = false (default)
2024-04-26 07:43:48,521 [6344c76b-c160-4957-8ee9-5bf4783825fc-groupManagement] INFO  server.RaftServerConfigKeys (ConfUtils.java:logGet(46)) - raft.server.log.purge.gap = 1000000 (custom)
2024-04-26 07:43:48,521 [6344c76b-c160-4957-8ee9-5bf4783825fc-groupManagement] INFO  server.RaftServerConfigKeys (ConfUtils.java:logGet(46)) - raft.server.log.appender.buffer.byte-limit = 8388608 (custom)
2024-04-26 07:43:48,521 [6344c76b-c160-4957-8ee9-5bf4783825fc-groupManagement] INFO  server.RaftServerConfigKeys (ConfUtils.java:logGet(46)) - raft.server.log.statemachine.data.read.timeout = 1000ms (default)
2024-04-26 07:43:48,521 [6344c76b-c160-4957-8ee9-5bf4783825fc-groupManagement] INFO  server.RaftServerConfigKeys (ConfUtils.java:logGet(46)) - raft.server.log.purge.preservation.log.num = 0 (default)
2024-04-26 07:43:48,523 [EventQueue-PipelineReportForPipelineReportHandler] INFO  pipeline.PipelineReportHandler (PipelineReportHandler.java:processPipelineReport(136)) - Opened pipeline PipelineID=786a2490-9877-48c9-9849-cea1f2070717
2024-04-26 07:43:48,523 [EventQueue-OpenPipelineForHealthyPipelineSafeModeRule] INFO  safemode.SCMSafeModeManager (HealthyPipelineSafeModeRule.java:process(140)) - SCM in safe mode. Healthy pipelines reported count is 0, required healthy pipeline reported count is 1
2024-04-26 07:43:48,523 [6344c76b-c160-4957-8ee9-5bf4783825fc-groupManagement] INFO  server.RaftServerConfigKeys (ConfUtils.java:logGet(46)) - raft.server.log.segment.size.max = 67108864 (custom)
2024-04-26 07:43:48,524 [6344c76b-c160-4957-8ee9-5bf4783825fc-groupManagement] INFO  server.RaftServerConfigKeys (ConfUtils.java:logGet(46)) - raft.server.log.segment.cache.num.max = 2 (custom)
2024-04-26 07:43:48,524 [6344c76b-c160-4957-8ee9-5bf4783825fc-groupManagement] INFO  server.RaftServerConfigKeys (ConfUtils.java:logGet(46)) - raft.server.log.segment.cache.size.max = 200MB (=209715200) (default)
2024-04-26 07:43:48,524 [6344c76b-c160-4957-8ee9-5bf4783825fc-groupManagement] INFO  server.RaftServerConfigKeys (ConfUtils.java:logGet(46)) - raft.server.log.appender.buffer.byte-limit = 8388608 (custom)
2024-04-26 07:43:48,524 [6344c76b-c160-4957-8ee9-5bf4783825fc-groupManagement] INFO  util.AwaitToRun (AwaitToRun.java:start(81)) - Thread[6344c76b-c160-4957-8ee9-5bf4783825fc@group-CEA1F2070717-cacheEviction-AwaitToRun,5,main] started
2024-04-26 07:43:48,524 [6344c76b-c160-4957-8ee9-5bf4783825fc-groupManagement] INFO  segmented.SegmentedRaftLogWorker (SegmentedRaftLogWorker.java:<init>(182)) - new 6344c76b-c160-4957-8ee9-5bf4783825fc@group-CEA1F2070717-SegmentedRaftLogWorker for RaftStorageImpl:Storage Directory /home/runner/work/ozone/ozone/hadoop-ozone/integration-test/target/test-dir/MiniOzoneClusterImpl-a56b3a23-5bf6-4b5b-a0fe-007206924a4e/ozone-meta/datanode-3/ratis/786a2490-9877-48c9-9849-cea1f2070717
2024-04-26 07:43:48,524 [6344c76b-c160-4957-8ee9-5bf4783825fc-groupManagement] INFO  server.RaftServerConfigKeys (ConfUtils.java:logGet(46)) - raft.server.log.queue.byte-limit = 4294967296 (custom)
2024-04-26 07:43:48,524 [6344c76b-c160-4957-8ee9-5bf4783825fc-groupManagement] INFO  server.RaftServerConfigKeys (ConfUtils.java:logGet(46)) - raft.server.log.queue.element-limit = 1024 (custom)
2024-04-26 07:43:48,524 [6344c76b-c160-4957-8ee9-5bf4783825fc-groupManagement] INFO  server.RaftServerConfigKeys (ConfUtils.java:logGet(46)) - raft.server.log.segment.size.max = 67108864 (custom)
2024-04-26 07:43:48,524 [6344c76b-c160-4957-8ee9-5bf4783825fc-groupManagement] INFO  server.RaftServerConfigKeys (ConfUtils.java:logGet(46)) - raft.server.log.preallocated.size = 4194304 (custom)
2024-04-26 07:43:48,524 [6344c76b-c160-4957-8ee9-5bf4783825fc-groupManagement] INFO  server.RaftServerConfigKeys (ConfUtils.java:logGet(46)) - raft.server.log.force.sync.num = 128 (default)
2024-04-26 07:43:48,524 [6344c76b-c160-4957-8ee9-5bf4783825fc-groupManagement] INFO  server.RaftServerConfigKeys (ConfUtils.java:logGet(46)) - raft.server.log.statemachine.data.sync = true (default)
2024-04-26 07:43:48,524 [6344c76b-c160-4957-8ee9-5bf4783825fc-groupManagement] INFO  server.RaftServerConfigKeys (ConfUtils.java:logGet(46)) - raft.server.log.statemachine.data.sync.timeout = 10s (default)
2024-04-26 07:43:48,524 [6344c76b-c160-4957-8ee9-5bf4783825fc-groupManagement] INFO  server.RaftServerConfigKeys (ConfUtils.java:logGet(46)) - raft.server.log.statemachine.data.sync.timeout.retry = 30 (custom)
2024-04-26 07:43:48,525 [6344c76b-c160-4957-8ee9-5bf4783825fc-groupManagement] INFO  server.RaftServerConfigKeys (ConfUtils.java:logGet(46)) - raft.server.log.write.buffer.size = 8388616 (custom)
2024-04-26 07:43:48,526 [6344c76b-c160-4957-8ee9-5bf4783825fc-groupManagement] INFO  server.RaftServerConfigKeys (ConfUtils.java:logGet(46)) - raft.server.log.appender.buffer.byte-limit = 8388608 (custom)
2024-04-26 07:43:48,526 [6344c76b-c160-4957-8ee9-5bf4783825fc-groupManagement] INFO  server.RaftServerConfigKeys (ConfUtils.java:logGet(46)) - raft.server.log.unsafe-flush.enabled = false (default)
2024-04-26 07:43:48,526 [6344c76b-c160-4957-8ee9-5bf4783825fc-groupManagement] INFO  server.RaftServerConfigKeys (ConfUtils.java:logGet(46)) - raft.server.log.async-flush.enabled = false (default)
2024-04-26 07:43:48,526 [6344c76b-c160-4957-8ee9-5bf4783825fc-groupManagement] INFO  server.RaftServerConfigKeys (ConfUtils.java:logGet(46)) - raft.server.log.statemachine.data.caching.enabled = true (custom)
2024-04-26 07:43:48,527 [6344c76b-c160-4957-8ee9-5bf4783825fc-groupManagement] INFO  segmented.SegmentedRaftLogWorker (SegmentedRaftLogWorker.java:lambda$new$0(134)) - 6344c76b-c160-4957-8ee9-5bf4783825fc@group-CEA1F2070717-SegmentedRaftLogWorker: flushIndex: setUnconditionally 0 -> -1
2024-04-26 07:43:48,527 [6344c76b-c160-4957-8ee9-5bf4783825fc-groupManagement] INFO  segmented.SegmentedRaftLogWorker (SegmentedRaftLogWorker.java:lambda$new$0(134)) - 6344c76b-c160-4957-8ee9-5bf4783825fc@group-CEA1F2070717-SegmentedRaftLogWorker: safeCacheEvictIndex: setUnconditionally 0 -> -1
2024-04-26 07:43:48,527 [6344c76b-c160-4957-8ee9-5bf4783825fc-groupManagement] INFO  server.RaftServer$Division (RaftServerImpl.java:start(396)) - 6344c76b-c160-4957-8ee9-5bf4783825fc@group-CEA1F2070717: start as a follower, conf=-1: peers:[6344c76b-c160-4957-8ee9-5bf4783825fc|127.0.0.1:15121]|listeners:[], old=null
2024-04-26 07:43:48,527 [6344c76b-c160-4957-8ee9-5bf4783825fc-groupManagement] INFO  server.RaftServer$Division (RaftServerImpl.java:setRole(383)) - 6344c76b-c160-4957-8ee9-5bf4783825fc@group-CEA1F2070717: changes role from      null to FOLLOWER at term 0 for startAsFollower
2024-04-26 07:43:48,527 [6344c76b-c160-4957-8ee9-5bf4783825fc-groupManagement] INFO  impl.RoleInfo (RoleInfo.java:updateAndGet(139)) - 6344c76b-c160-4957-8ee9-5bf4783825fc: start 6344c76b-c160-4957-8ee9-5bf4783825fc@group-CEA1F2070717-FollowerState
2024-04-26 07:43:48,527 [6344c76b-c160-4957-8ee9-5bf4783825fc-groupManagement] INFO  util.JmxRegister (JmxRegister.java:tryRegister(44)) - Successfully registered JMX Bean with object name Ratis:service=RaftServer,group=group-CEA1F2070717,id=6344c76b-c160-4957-8ee9-5bf4783825fc
2024-04-26 07:43:48,527 [6344c76b-c160-4957-8ee9-5bf4783825fc-groupManagement] INFO  server.RaftServerConfigKeys (ConfUtils.java:logGet(46)) - raft.server.snapshot.trigger-when-stop.enabled = true (default)
2024-04-26 07:43:48,527 [6344c76b-c160-4957-8ee9-5bf4783825fc-groupManagement] INFO  server.RaftServerConfigKeys (ConfUtils.java:logGet(46)) - raft.server.snapshot.auto.trigger.enabled = true (custom)
2024-04-26 07:43:48,527 [6344c76b-c160-4957-8ee9-5bf4783825fc@group-CEA1F2070717-FollowerState] INFO  server.RaftServerConfigKeys (ConfUtils.java:logFallback(53)) - raft.server.rpc.first-election.timeout.min = 5s (fallback to raft.server.rpc.timeout.min)
2024-04-26 07:43:48,527 [6344c76b-c160-4957-8ee9-5bf4783825fc@group-CEA1F2070717-FollowerState] INFO  server.RaftServerConfigKeys (ConfUtils.java:logFallback(53)) - raft.server.rpc.first-election.timeout.max = 5200ms (fallback to raft.server.rpc.timeout.max)
2024-04-26 07:43:48,527 [6344c76b-c160-4957-8ee9-5bf4783825fc-groupManagement] INFO  server.RaftServerConfigKeys (ConfUtils.java:logGet(46)) - raft.server.snapshot.auto.trigger.threshold = 10000 (custom)
2024-04-26 07:43:48,528 [6344c76b-c160-4957-8ee9-5bf4783825fc-groupManagement] INFO  server.RaftServerConfigKeys (ConfUtils.java:logGet(46)) - raft.server.snapshot.retention.file.num = 5 (custom)
2024-04-26 07:43:48,528 [6344c76b-c160-4957-8ee9-5bf4783825fc-groupManagement] INFO  server.RaftServerConfigKeys (ConfUtils.java:logGet(46)) - raft.server.log.purge.upto.snapshot.index = false (default)
2024-04-26 07:43:48,528 [6344c76b-c160-4957-8ee9-5bf4783825fc-PipelineCommandHandlerThread-0] INFO  ratis.XceiverServerRatis (XceiverServerRatis.java:addGroup(864)) - Created group PipelineID=786a2490-9877-48c9-9849-cea1f2070717
2024-04-26 07:43:48,528 [6344c76b-c160-4957-8ee9-5bf4783825fc-PipelineCommandHandlerThread-0] INFO  commandhandler.CreatePipelineCommandHandler (CreatePipelineCommandHandler.java:lambda$handle$2(124)) - Created Pipeline RATIS ONE PipelineID=786a2490-9877-48c9-9849-cea1f2070717.
2024-04-26 07:43:48,618 [84e7e7d6-61bf-4ff4-b705-307942077190-PipelineCommandHandlerThread-0] INFO  server.RaftServer (RaftServerProxy.java:addNew(100)) - 84e7e7d6-61bf-4ff4-b705-307942077190: addNew group-D3CD2F4DB571:[84e7e7d6-61bf-4ff4-b705-307942077190|127.0.0.1:15130] returns group-D3CD2F4DB571:java.util.concurrent.CompletableFuture@4733851[Not completed]
2024-04-26 07:43:48,618 [84e7e7d6-61bf-4ff4-b705-307942077190-groupManagement] INFO  server.RaftServer$Division (RaftServerImpl.java:<init>(256)) - 84e7e7d6-61bf-4ff4-b705-307942077190: new RaftServerImpl for group-D3CD2F4DB571:[84e7e7d6-61bf-4ff4-b705-307942077190|127.0.0.1:15130] with ContainerStateMachine:uninitialized
2024-04-26 07:43:48,619 [84e7e7d6-61bf-4ff4-b705-307942077190-groupManagement] INFO  server.RaftServerConfigKeys (ConfUtils.java:logGet(46)) - raft.server.rpc.timeout.min = 5s (custom)
2024-04-26 07:43:48,619 [84e7e7d6-61bf-4ff4-b705-307942077190-groupManagement] INFO  server.RaftServerConfigKeys (ConfUtils.java:logGet(46)) - raft.server.rpc.timeout.max = 5200ms (custom)
2024-04-26 07:43:48,619 [84e7e7d6-61bf-4ff4-b705-307942077190-groupManagement] INFO  server.RaftServerConfigKeys (ConfUtils.java:logGet(46)) - raft.server.rpc.sleep.time = 25ms (default)
2024-04-26 07:43:48,619 [84e7e7d6-61bf-4ff4-b705-307942077190-groupManagement] INFO  server.RaftServerConfigKeys (ConfUtils.java:logGet(46)) - raft.server.rpc.slowness.timeout = 300000ms (custom)
2024-04-26 07:43:48,619 [84e7e7d6-61bf-4ff4-b705-307942077190-groupManagement] INFO  server.RaftServerConfigKeys (ConfUtils.java:logGet(46)) - raft.server.leaderelection.leader.step-down.wait-time = 10s (default)
2024-04-26 07:43:48,619 [84e7e7d6-61bf-4ff4-b705-307942077190-groupManagement] INFO  server.RaftServerConfigKeys (ConfUtils.java:logGet(46)) - raft.server.leaderelection.member.majority-add = false (default)
2024-04-26 07:43:48,619 [84e7e7d6-61bf-4ff4-b705-307942077190-groupManagement] INFO  server.RaftServerConfigKeys (ConfUtils.java:logGet(46)) - raft.server.sleep.deviation.threshold = 300ms (default)
2024-04-26 07:43:48,619 [84e7e7d6-61bf-4ff4-b705-307942077190-groupManagement] INFO  server.RaftServer$Division (ServerState.java:<init>(113)) - 84e7e7d6-61bf-4ff4-b705-307942077190@group-D3CD2F4DB571: ConfigurationManager, init=-1: peers:[84e7e7d6-61bf-4ff4-b705-307942077190|127.0.0.1:15130]|listeners:[], old=null, confs=<EMPTY_MAP>
2024-04-26 07:43:48,619 [84e7e7d6-61bf-4ff4-b705-307942077190-groupManagement] INFO  server.RaftServerConfigKeys (ConfUtils.java:logGet(46)) - raft.server.notification.no-leader.timeout = 300000ms (custom)
2024-04-26 07:43:48,619 [84e7e7d6-61bf-4ff4-b705-307942077190-groupManagement] INFO  server.RaftServerConfigKeys (ConfUtils.java:logGet(46)) - raft.server.read.timeout = 10s (default)
2024-04-26 07:43:48,619 [84e7e7d6-61bf-4ff4-b705-307942077190-groupManagement] INFO  server.RaftServerConfigKeys (ConfUtils.java:logGet(46)) - raft.server.retrycache.expirytime = 600000ms (custom)
2024-04-26 07:43:48,619 [84e7e7d6-61bf-4ff4-b705-307942077190-groupManagement] INFO  server.RaftServerConfigKeys (ConfUtils.java:logGet(46)) - raft.server.retrycache.statistics.expirytime = 100ms (default)
2024-04-26 07:43:48,619 [84e7e7d6-61bf-4ff4-b705-307942077190-groupManagement] INFO  server.RaftServerConfigKeys (ConfUtils.java:logGet(46)) - raft.server.read.option = DEFAULT (default)
2024-04-26 07:43:48,619 [84e7e7d6-61bf-4ff4-b705-307942077190-groupManagement] INFO  server.RaftServerConfigKeys (ConfUtils.java:logGet(46)) - raft.server.read.read-after-write-consistent.write-index-cache.expiry-time = 60s (default)
2024-04-26 07:43:48,621 [84e7e7d6-61bf-4ff4-b705-307942077190-groupManagement] INFO  server.RaftServerConfigKeys (ConfUtils.java:logGet(46)) - raft.server.rpc.request.timeout = 3000ms (default)
2024-04-26 07:43:48,621 [84e7e7d6-61bf-4ff4-b705-307942077190-groupManagement] INFO  server.RaftServerConfigKeys (ConfUtils.java:logGet(46)) - raft.server.log.appender.install.snapshot.enabled = false (custom)
2024-04-26 07:43:48,621 [84e7e7d6-61bf-4ff4-b705-307942077190-groupManagement] INFO  server.RaftServerConfigKeys (ConfUtils.java:logGet(46)) - raft.server.threadpool.server.cached = true (default)
2024-04-26 07:43:48,621 [84e7e7d6-61bf-4ff4-b705-307942077190-groupManagement] INFO  server.RaftServerConfigKeys (ConfUtils.java:logGet(46)) - raft.server.threadpool.server.size = 0 (default)
2024-04-26 07:43:48,621 [84e7e7d6-61bf-4ff4-b705-307942077190-groupManagement] INFO  server.RaftServerConfigKeys (ConfUtils.java:logGet(46)) - raft.server.threadpool.client.cached = true (default)
2024-04-26 07:43:48,621 [84e7e7d6-61bf-4ff4-b705-307942077190-groupManagement] INFO  server.RaftServerConfigKeys (ConfUtils.java:logGet(46)) - raft.server.threadpool.client.size = 0 (default)
2024-04-26 07:43:48,621 [84e7e7d6-61bf-4ff4-b705-307942077190-groupManagement] INFO  server.RaftServerConfigKeys (ConfUtils.java:logGet(46)) - raft.server.storage.free-space.min = 0MB (=0) (default)
2024-04-26 07:43:48,621 [84e7e7d6-61bf-4ff4-b705-307942077190-groupManagement] INFO  server.RaftServerConfigKeys (ConfUtils.java:logGet(46)) - raft.server.log.corruption.policy = EXCEPTION (default)
2024-04-26 07:43:48,621 [84e7e7d6-61bf-4ff4-b705-307942077190-groupManagement] INFO  server.RaftServerConfigKeys (ConfUtils.java:logGet(46)) - raft.server.storage.dir = [/home/runner/work/ozone/ozone/hadoop-ozone/integration-test/target/test-dir/MiniOzoneClusterImpl-a56b3a23-5bf6-4b5b-a0fe-007206924a4e/ozone-meta/datanode-4/ratis] (custom)
2024-04-26 07:43:48,622 [84e7e7d6-61bf-4ff4-b705-307942077190-groupManagement] INFO  storage.RaftStorageDirectory (RaftStorageDirectoryImpl.java:analyzeStorage(138)) - The storage directory /home/runner/work/ozone/ozone/hadoop-ozone/integration-test/target/test-dir/MiniOzoneClusterImpl-a56b3a23-5bf6-4b5b-a0fe-007206924a4e/ozone-meta/datanode-4/ratis/1f4cbd4f-c3f0-44d0-950f-d3cd2f4db571 does not exist. Creating ...
2024-04-26 07:43:48,622 [84e7e7d6-61bf-4ff4-b705-307942077190-groupManagement] INFO  storage.RaftStorageDirectory (RaftStorageDirectoryImpl.java:tryLock(228)) - Lock on /home/runner/work/ozone/ozone/hadoop-ozone/integration-test/target/test-dir/MiniOzoneClusterImpl-a56b3a23-5bf6-4b5b-a0fe-007206924a4e/ozone-meta/datanode-4/ratis/1f4cbd4f-c3f0-44d0-950f-d3cd2f4db571/in_use.lock acquired by nodename 21422@fv-az1107-628
2024-04-26 07:43:48,623 [84e7e7d6-61bf-4ff4-b705-307942077190-groupManagement] INFO  storage.RaftStorage (RaftStorageImpl.java:format(99)) - Storage directory /home/runner/work/ozone/ozone/hadoop-ozone/integration-test/target/test-dir/MiniOzoneClusterImpl-a56b3a23-5bf6-4b5b-a0fe-007206924a4e/ozone-meta/datanode-4/ratis/1f4cbd4f-c3f0-44d0-950f-d3cd2f4db571 has been successfully formatted.
2024-04-26 07:43:48,623 [84e7e7d6-61bf-4ff4-b705-307942077190-groupManagement] WARN  util.FileUtils (LogUtils.java:supplyAndLog(63)) - Failed to Files.newInputStream /home/runner/work/ozone/ozone/hadoop-ozone/integration-test/target/test-dir/MiniOzoneClusterImpl-a56b3a23-5bf6-4b5b-a0fe-007206924a4e/ozone-meta/datanode-4/ratis/1f4cbd4f-c3f0-44d0-950f-d3cd2f4db571/current/raft-meta.conf with options []: java.nio.file.NoSuchFileException: /home/runner/work/ozone/ozone/hadoop-ozone/integration-test/target/test-dir/MiniOzoneClusterImpl-a56b3a23-5bf6-4b5b-a0fe-007206924a4e/ozone-meta/datanode-4/ratis/1f4cbd4f-c3f0-44d0-950f-d3cd2f4db571/current/raft-meta.conf
2024-04-26 07:43:48,623 [84e7e7d6-61bf-4ff4-b705-307942077190-groupManagement] INFO  ratis.ContainerStateMachine (ContainerStateMachine.java:loadSnapshot(287)) - group-D3CD2F4DB571: The snapshot info is null. Setting the last applied index to:(t:0, i:~)
2024-04-26 07:43:48,624 [84e7e7d6-61bf-4ff4-b705-307942077190-groupManagement] INFO  server.RaftServerConfigKeys (ConfUtils.java:logGet(46)) - raft.server.log.use.memory = false (default)
2024-04-26 07:43:48,624 [84e7e7d6-61bf-4ff4-b705-307942077190-groupManagement] INFO  server.RaftServerConfigKeys (ConfUtils.java:logGet(46)) - raft.server.log.purge.gap = 1000000 (custom)
2024-04-26 07:43:48,624 [84e7e7d6-61bf-4ff4-b705-307942077190-groupManagement] INFO  server.RaftServerConfigKeys (ConfUtils.java:logGet(46)) - raft.server.log.appender.buffer.byte-limit = 8388608 (custom)
2024-04-26 07:43:48,624 [84e7e7d6-61bf-4ff4-b705-307942077190-groupManagement] INFO  server.RaftServerConfigKeys (ConfUtils.java:logGet(46)) - raft.server.log.statemachine.data.read.timeout = 1000ms (default)
2024-04-26 07:43:48,624 [84e7e7d6-61bf-4ff4-b705-307942077190-groupManagement] INFO  server.RaftServerConfigKeys (ConfUtils.java:logGet(46)) - raft.server.log.purge.preservation.log.num = 0 (default)
2024-04-26 07:43:48,625 [EventQueue-PipelineReportForPipelineReportHandler] INFO  pipeline.PipelineReportHandler (PipelineReportHandler.java:processPipelineReport(136)) - Opened pipeline PipelineID=1f4cbd4f-c3f0-44d0-950f-d3cd2f4db571
2024-04-26 07:43:48,625 [EventQueue-OpenPipelineForHealthyPipelineSafeModeRule] INFO  safemode.SCMSafeModeManager (HealthyPipelineSafeModeRule.java:process(140)) - SCM in safe mode. Healthy pipelines reported count is 0, required healthy pipeline reported count is 1
2024-04-26 07:43:48,625 [84e7e7d6-61bf-4ff4-b705-307942077190-groupManagement] INFO  server.RaftServerConfigKeys (ConfUtils.java:logGet(46)) - raft.server.log.segment.size.max = 67108864 (custom)
2024-04-26 07:43:48,626 [84e7e7d6-61bf-4ff4-b705-307942077190-groupManagement] INFO  server.RaftServerConfigKeys (ConfUtils.java:logGet(46)) - raft.server.log.segment.cache.num.max = 2 (custom)
2024-04-26 07:43:48,626 [84e7e7d6-61bf-4ff4-b705-307942077190-groupManagement] INFO  server.RaftServerConfigKeys (ConfUtils.java:logGet(46)) - raft.server.log.segment.cache.size.max = 200MB (=209715200) (default)
2024-04-26 07:43:48,626 [84e7e7d6-61bf-4ff4-b705-307942077190-groupManagement] INFO  server.RaftServerConfigKeys (ConfUtils.java:logGet(46)) - raft.server.log.appender.buffer.byte-limit = 8388608 (custom)
2024-04-26 07:43:48,626 [84e7e7d6-61bf-4ff4-b705-307942077190-groupManagement] INFO  util.AwaitToRun (AwaitToRun.java:start(81)) - Thread[84e7e7d6-61bf-4ff4-b705-307942077190@group-D3CD2F4DB571-cacheEviction-AwaitToRun,5,main] started
2024-04-26 07:43:48,626 [84e7e7d6-61bf-4ff4-b705-307942077190-groupManagement] INFO  segmented.SegmentedRaftLogWorker (SegmentedRaftLogWorker.java:<init>(182)) - new 84e7e7d6-61bf-4ff4-b705-307942077190@group-D3CD2F4DB571-SegmentedRaftLogWorker for RaftStorageImpl:Storage Directory /home/runner/work/ozone/ozone/hadoop-ozone/integration-test/target/test-dir/MiniOzoneClusterImpl-a56b3a23-5bf6-4b5b-a0fe-007206924a4e/ozone-meta/datanode-4/ratis/1f4cbd4f-c3f0-44d0-950f-d3cd2f4db571
2024-04-26 07:43:48,626 [84e7e7d6-61bf-4ff4-b705-307942077190-groupManagement] INFO  server.RaftServerConfigKeys (ConfUtils.java:logGet(46)) - raft.server.log.queue.byte-limit = 4294967296 (custom)
2024-04-26 07:43:48,626 [84e7e7d6-61bf-4ff4-b705-307942077190-groupManagement] INFO  server.RaftServerConfigKeys (ConfUtils.java:logGet(46)) - raft.server.log.queue.element-limit = 1024 (custom)
2024-04-26 07:43:48,626 [84e7e7d6-61bf-4ff4-b705-307942077190-groupManagement] INFO  server.RaftServerConfigKeys (ConfUtils.java:logGet(46)) - raft.server.log.segment.size.max = 67108864 (custom)
2024-04-26 07:43:48,626 [84e7e7d6-61bf-4ff4-b705-307942077190-groupManagement] INFO  server.RaftServerConfigKeys (ConfUtils.java:logGet(46)) - raft.server.log.preallocated.size = 4194304 (custom)
2024-04-26 07:43:48,626 [84e7e7d6-61bf-4ff4-b705-307942077190-groupManagement] INFO  server.RaftServerConfigKeys (ConfUtils.java:logGet(46)) - raft.server.log.force.sync.num = 128 (default)
2024-04-26 07:43:48,626 [84e7e7d6-61bf-4ff4-b705-307942077190-groupManagement] INFO  server.RaftServerConfigKeys (ConfUtils.java:logGet(46)) - raft.server.log.statemachine.data.sync = true (default)
2024-04-26 07:43:48,626 [84e7e7d6-61bf-4ff4-b705-307942077190-groupManagement] INFO  server.RaftServerConfigKeys (ConfUtils.java:logGet(46)) - raft.server.log.statemachine.data.sync.timeout = 10s (default)
2024-04-26 07:43:48,627 [84e7e7d6-61bf-4ff4-b705-307942077190-groupManagement] INFO  server.RaftServerConfigKeys (ConfUtils.java:logGet(46)) - raft.server.log.statemachine.data.sync.timeout.retry = 30 (custom)
2024-04-26 07:43:48,627 [84e7e7d6-61bf-4ff4-b705-307942077190-groupManagement] INFO  server.RaftServerConfigKeys (ConfUtils.java:logGet(46)) - raft.server.log.write.buffer.size = 8388616 (custom)
2024-04-26 07:43:48,628 [84e7e7d6-61bf-4ff4-b705-307942077190-groupManagement] INFO  server.RaftServerConfigKeys (ConfUtils.java:logGet(46)) - raft.server.log.appender.buffer.byte-limit = 8388608 (custom)
2024-04-26 07:43:48,628 [84e7e7d6-61bf-4ff4-b705-307942077190-groupManagement] INFO  server.RaftServerConfigKeys (ConfUtils.java:logGet(46)) - raft.server.log.unsafe-flush.enabled = false (default)
2024-04-26 07:43:48,628 [84e7e7d6-61bf-4ff4-b705-307942077190-groupManagement] INFO  server.RaftServerConfigKeys (ConfUtils.java:logGet(46)) - raft.server.log.async-flush.enabled = false (default)
2024-04-26 07:43:48,628 [84e7e7d6-61bf-4ff4-b705-307942077190-groupManagement] INFO  server.RaftServerConfigKeys (ConfUtils.java:logGet(46)) - raft.server.log.statemachine.data.caching.enabled = true (custom)
2024-04-26 07:43:48,629 [84e7e7d6-61bf-4ff4-b705-307942077190-groupManagement] INFO  segmented.SegmentedRaftLogWorker (SegmentedRaftLogWorker.java:lambda$new$0(134)) - 84e7e7d6-61bf-4ff4-b705-307942077190@group-D3CD2F4DB571-SegmentedRaftLogWorker: flushIndex: setUnconditionally 0 -> -1
2024-04-26 07:43:48,629 [84e7e7d6-61bf-4ff4-b705-307942077190-groupManagement] INFO  segmented.SegmentedRaftLogWorker (SegmentedRaftLogWorker.java:lambda$new$0(134)) - 84e7e7d6-61bf-4ff4-b705-307942077190@group-D3CD2F4DB571-SegmentedRaftLogWorker: safeCacheEvictIndex: setUnconditionally 0 -> -1
2024-04-26 07:43:48,629 [84e7e7d6-61bf-4ff4-b705-307942077190-groupManagement] INFO  server.RaftServer$Division (RaftServerImpl.java:start(396)) - 84e7e7d6-61bf-4ff4-b705-307942077190@group-D3CD2F4DB571: start as a follower, conf=-1: peers:[84e7e7d6-61bf-4ff4-b705-307942077190|127.0.0.1:15130]|listeners:[], old=null
2024-04-26 07:43:48,629 [84e7e7d6-61bf-4ff4-b705-307942077190-groupManagement] INFO  server.RaftServer$Division (RaftServerImpl.java:setRole(383)) - 84e7e7d6-61bf-4ff4-b705-307942077190@group-D3CD2F4DB571: changes role from      null to FOLLOWER at term 0 for startAsFollower
2024-04-26 07:43:48,629 [84e7e7d6-61bf-4ff4-b705-307942077190-groupManagement] INFO  impl.RoleInfo (RoleInfo.java:updateAndGet(139)) - 84e7e7d6-61bf-4ff4-b705-307942077190: start 84e7e7d6-61bf-4ff4-b705-307942077190@group-D3CD2F4DB571-FollowerState
2024-04-26 07:43:48,629 [84e7e7d6-61bf-4ff4-b705-307942077190@group-D3CD2F4DB571-FollowerState] INFO  server.RaftServerConfigKeys (ConfUtils.java:logFallback(53)) - raft.server.rpc.first-election.timeout.min = 5s (fallback to raft.server.rpc.timeout.min)
2024-04-26 07:43:48,629 [84e7e7d6-61bf-4ff4-b705-307942077190@group-D3CD2F4DB571-FollowerState] INFO  server.RaftServerConfigKeys (ConfUtils.java:logFallback(53)) - raft.server.rpc.first-election.timeout.max = 5200ms (fallback to raft.server.rpc.timeout.max)
2024-04-26 07:43:48,629 [84e7e7d6-61bf-4ff4-b705-307942077190-groupManagement] INFO  util.JmxRegister (JmxRegister.java:tryRegister(44)) - Successfully registered JMX Bean with object name Ratis:service=RaftServer,group=group-D3CD2F4DB571,id=84e7e7d6-61bf-4ff4-b705-307942077190
2024-04-26 07:43:48,629 [84e7e7d6-61bf-4ff4-b705-307942077190-groupManagement] INFO  server.RaftServerConfigKeys (ConfUtils.java:logGet(46)) - raft.server.snapshot.trigger-when-stop.enabled = true (default)
2024-04-26 07:43:48,630 [84e7e7d6-61bf-4ff4-b705-307942077190-groupManagement] INFO  server.RaftServerConfigKeys (ConfUtils.java:logGet(46)) - raft.server.snapshot.auto.trigger.enabled = true (custom)
2024-04-26 07:43:48,630 [84e7e7d6-61bf-4ff4-b705-307942077190-groupManagement] INFO  server.RaftServerConfigKeys (ConfUtils.java:logGet(46)) - raft.server.snapshot.auto.trigger.threshold = 10000 (custom)
2024-04-26 07:43:48,630 [84e7e7d6-61bf-4ff4-b705-307942077190-groupManagement] INFO  server.RaftServerConfigKeys (ConfUtils.java:logGet(46)) - raft.server.snapshot.retention.file.num = 5 (custom)
2024-04-26 07:43:48,630 [84e7e7d6-61bf-4ff4-b705-307942077190-groupManagement] INFO  server.RaftServerConfigKeys (ConfUtils.java:logGet(46)) - raft.server.log.purge.upto.snapshot.index = false (default)
2024-04-26 07:43:48,630 [84e7e7d6-61bf-4ff4-b705-307942077190-PipelineCommandHandlerThread-0] INFO  ratis.XceiverServerRatis (XceiverServerRatis.java:addGroup(864)) - Created group PipelineID=1f4cbd4f-c3f0-44d0-950f-d3cd2f4db571
2024-04-26 07:43:48,630 [84e7e7d6-61bf-4ff4-b705-307942077190-PipelineCommandHandlerThread-0] INFO  commandhandler.CreatePipelineCommandHandler (CreatePipelineCommandHandler.java:lambda$handle$2(124)) - Created Pipeline RATIS ONE PipelineID=1f4cbd4f-c3f0-44d0-950f-d3cd2f4db571.
2024-04-26 07:43:48,631 [84e7e7d6-61bf-4ff4-b705-307942077190-PipelineCommandHandlerThread-0] INFO  server.RaftServer (RaftServerProxy.java:addNew(100)) - 84e7e7d6-61bf-4ff4-b705-307942077190: addNew group-8681D727A52F:[84e7e7d6-61bf-4ff4-b705-307942077190|127.0.0.1:15130, 14d9c642-7495-4fc5-a0b1-a63fd7fd9772|127.0.0.1:15139, 2f58e8cd-28e0-414a-bc84-31490c64287f|127.0.0.1:15148] returns group-8681D727A52F:java.util.concurrent.CompletableFuture@4cac07[Not completed]
2024-04-26 07:43:48,631 [84e7e7d6-61bf-4ff4-b705-307942077190-groupManagement] INFO  server.RaftServer$Division (RaftServerImpl.java:<init>(256)) - 84e7e7d6-61bf-4ff4-b705-307942077190: new RaftServerImpl for group-8681D727A52F:[84e7e7d6-61bf-4ff4-b705-307942077190|127.0.0.1:15130, 14d9c642-7495-4fc5-a0b1-a63fd7fd9772|127.0.0.1:15139, 2f58e8cd-28e0-414a-bc84-31490c64287f|127.0.0.1:15148] with ContainerStateMachine:uninitialized
2024-04-26 07:43:48,631 [84e7e7d6-61bf-4ff4-b705-307942077190-groupManagement] INFO  server.RaftServerConfigKeys (ConfUtils.java:logGet(46)) - raft.server.rpc.timeout.min = 5s (custom)
2024-04-26 07:43:48,631 [84e7e7d6-61bf-4ff4-b705-307942077190-groupManagement] INFO  server.RaftServerConfigKeys (ConfUtils.java:logGet(46)) - raft.server.rpc.timeout.max = 5200ms (custom)
2024-04-26 07:43:48,631 [84e7e7d6-61bf-4ff4-b705-307942077190-groupManagement] INFO  server.RaftServerConfigKeys (ConfUtils.java:logGet(46)) - raft.server.rpc.sleep.time = 25ms (default)
2024-04-26 07:43:48,632 [84e7e7d6-61bf-4ff4-b705-307942077190-groupManagement] INFO  server.RaftServerConfigKeys (ConfUtils.java:logGet(46)) - raft.server.rpc.slowness.timeout = 300000ms (custom)
2024-04-26 07:43:48,632 [84e7e7d6-61bf-4ff4-b705-307942077190-groupManagement] INFO  server.RaftServerConfigKeys (ConfUtils.java:logGet(46)) - raft.server.leaderelection.leader.step-down.wait-time = 10s (default)
2024-04-26 07:43:48,632 [84e7e7d6-61bf-4ff4-b705-307942077190-groupManagement] INFO  server.RaftServerConfigKeys (ConfUtils.java:logGet(46)) - raft.server.leaderelection.member.majority-add = false (default)
2024-04-26 07:43:48,632 [84e7e7d6-61bf-4ff4-b705-307942077190-groupManagement] INFO  server.RaftServerConfigKeys (ConfUtils.java:logGet(46)) - raft.server.sleep.deviation.threshold = 300ms (default)
2024-04-26 07:43:48,632 [84e7e7d6-61bf-4ff4-b705-307942077190-groupManagement] INFO  server.RaftServer$Division (ServerState.java:<init>(113)) - 84e7e7d6-61bf-4ff4-b705-307942077190@group-8681D727A52F: ConfigurationManager, init=-1: peers:[84e7e7d6-61bf-4ff4-b705-307942077190|127.0.0.1:15130, 14d9c642-7495-4fc5-a0b1-a63fd7fd9772|127.0.0.1:15139, 2f58e8cd-28e0-414a-bc84-31490c64287f|127.0.0.1:15148]|listeners:[], old=null, confs=<EMPTY_MAP>
2024-04-26 07:43:48,632 [84e7e7d6-61bf-4ff4-b705-307942077190-groupManagement] INFO  server.RaftServerConfigKeys (ConfUtils.java:logGet(46)) - raft.server.notification.no-leader.timeout = 300000ms (custom)
2024-04-26 07:43:48,632 [84e7e7d6-61bf-4ff4-b705-307942077190-groupManagement] INFO  server.RaftServerConfigKeys (ConfUtils.java:logGet(46)) - raft.server.read.timeout = 10s (default)
2024-04-26 07:43:48,632 [84e7e7d6-61bf-4ff4-b705-307942077190-groupManagement] INFO  server.RaftServerConfigKeys (ConfUtils.java:logGet(46)) - raft.server.retrycache.expirytime = 600000ms (custom)
2024-04-26 07:43:48,632 [84e7e7d6-61bf-4ff4-b705-307942077190-groupManagement] INFO  server.RaftServerConfigKeys (ConfUtils.java:logGet(46)) - raft.server.retrycache.statistics.expirytime = 100ms (default)
2024-04-26 07:43:48,632 [84e7e7d6-61bf-4ff4-b705-307942077190-groupManagement] INFO  server.RaftServerConfigKeys (ConfUtils.java:logGet(46)) - raft.server.read.option = DEFAULT (default)
2024-04-26 07:43:48,632 [84e7e7d6-61bf-4ff4-b705-307942077190-groupManagement] INFO  server.RaftServerConfigKeys (ConfUtils.java:logGet(46)) - raft.server.read.read-after-write-consistent.write-index-cache.expiry-time = 60s (default)
2024-04-26 07:43:48,634 [84e7e7d6-61bf-4ff4-b705-307942077190-groupManagement] INFO  server.RaftServerConfigKeys (ConfUtils.java:logGet(46)) - raft.server.rpc.request.timeout = 3000ms (default)
2024-04-26 07:43:48,634 [84e7e7d6-61bf-4ff4-b705-307942077190-groupManagement] INFO  server.RaftServerConfigKeys (ConfUtils.java:logGet(46)) - raft.server.log.appender.install.snapshot.enabled = false (custom)
2024-04-26 07:43:48,634 [84e7e7d6-61bf-4ff4-b705-307942077190-groupManagement] INFO  server.RaftServerConfigKeys (ConfUtils.java:logGet(46)) - raft.server.threadpool.server.cached = true (default)
2024-04-26 07:43:48,634 [84e7e7d6-61bf-4ff4-b705-307942077190-groupManagement] INFO  server.RaftServerConfigKeys (ConfUtils.java:logGet(46)) - raft.server.threadpool.server.size = 0 (default)
2024-04-26 07:43:48,634 [84e7e7d6-61bf-4ff4-b705-307942077190-groupManagement] INFO  server.RaftServerConfigKeys (ConfUtils.java:logGet(46)) - raft.server.threadpool.client.cached = true (default)
2024-04-26 07:43:48,634 [84e7e7d6-61bf-4ff4-b705-307942077190-groupManagement] INFO  server.RaftServerConfigKeys (ConfUtils.java:logGet(46)) - raft.server.threadpool.client.size = 0 (default)
2024-04-26 07:43:48,634 [84e7e7d6-61bf-4ff4-b705-307942077190-groupManagement] INFO  server.RaftServerConfigKeys (ConfUtils.java:logGet(46)) - raft.server.storage.free-space.min = 0MB (=0) (default)
2024-04-26 07:43:48,634 [84e7e7d6-61bf-4ff4-b705-307942077190-groupManagement] INFO  server.RaftServerConfigKeys (ConfUtils.java:logGet(46)) - raft.server.log.corruption.policy = EXCEPTION (default)
2024-04-26 07:43:48,634 [84e7e7d6-61bf-4ff4-b705-307942077190-groupManagement] INFO  server.RaftServerConfigKeys (ConfUtils.java:logGet(46)) - raft.server.storage.dir = [/home/runner/work/ozone/ozone/hadoop-ozone/integration-test/target/test-dir/MiniOzoneClusterImpl-a56b3a23-5bf6-4b5b-a0fe-007206924a4e/ozone-meta/datanode-4/ratis] (custom)
2024-04-26 07:43:48,634 [84e7e7d6-61bf-4ff4-b705-307942077190-groupManagement] INFO  storage.RaftStorageDirectory (RaftStorageDirectoryImpl.java:analyzeStorage(138)) - The storage directory /home/runner/work/ozone/ozone/hadoop-ozone/integration-test/target/test-dir/MiniOzoneClusterImpl-a56b3a23-5bf6-4b5b-a0fe-007206924a4e/ozone-meta/datanode-4/ratis/06776fe5-cc01-4eb7-ac51-8681d727a52f does not exist. Creating ...
2024-04-26 07:43:48,635 [84e7e7d6-61bf-4ff4-b705-307942077190-groupManagement] INFO  storage.RaftStorageDirectory (RaftStorageDirectoryImpl.java:tryLock(228)) - Lock on /home/runner/work/ozone/ozone/hadoop-ozone/integration-test/target/test-dir/MiniOzoneClusterImpl-a56b3a23-5bf6-4b5b-a0fe-007206924a4e/ozone-meta/datanode-4/ratis/06776fe5-cc01-4eb7-ac51-8681d727a52f/in_use.lock acquired by nodename 21422@fv-az1107-628
2024-04-26 07:43:48,636 [84e7e7d6-61bf-4ff4-b705-307942077190-groupManagement] INFO  storage.RaftStorage (RaftStorageImpl.java:format(99)) - Storage directory /home/runner/work/ozone/ozone/hadoop-ozone/integration-test/target/test-dir/MiniOzoneClusterImpl-a56b3a23-5bf6-4b5b-a0fe-007206924a4e/ozone-meta/datanode-4/ratis/06776fe5-cc01-4eb7-ac51-8681d727a52f has been successfully formatted.
2024-04-26 07:43:48,636 [84e7e7d6-61bf-4ff4-b705-307942077190-groupManagement] WARN  util.FileUtils (LogUtils.java:supplyAndLog(63)) - Failed to Files.newInputStream /home/runner/work/ozone/ozone/hadoop-ozone/integration-test/target/test-dir/MiniOzoneClusterImpl-a56b3a23-5bf6-4b5b-a0fe-007206924a4e/ozone-meta/datanode-4/ratis/06776fe5-cc01-4eb7-ac51-8681d727a52f/current/raft-meta.conf with options []: java.nio.file.NoSuchFileException: /home/runner/work/ozone/ozone/hadoop-ozone/integration-test/target/test-dir/MiniOzoneClusterImpl-a56b3a23-5bf6-4b5b-a0fe-007206924a4e/ozone-meta/datanode-4/ratis/06776fe5-cc01-4eb7-ac51-8681d727a52f/current/raft-meta.conf
2024-04-26 07:43:48,636 [84e7e7d6-61bf-4ff4-b705-307942077190-groupManagement] INFO  ratis.ContainerStateMachine (ContainerStateMachine.java:loadSnapshot(287)) - group-8681D727A52F: The snapshot info is null. Setting the last applied index to:(t:0, i:~)
2024-04-26 07:43:48,636 [84e7e7d6-61bf-4ff4-b705-307942077190-groupManagement] INFO  server.RaftServerConfigKeys (ConfUtils.java:logGet(46)) - raft.server.log.use.memory = false (default)
2024-04-26 07:43:48,636 [84e7e7d6-61bf-4ff4-b705-307942077190-groupManagement] INFO  server.RaftServerConfigKeys (ConfUtils.java:logGet(46)) - raft.server.log.purge.gap = 1000000 (custom)
2024-04-26 07:43:48,636 [84e7e7d6-61bf-4ff4-b705-307942077190-groupManagement] INFO  server.RaftServerConfigKeys (ConfUtils.java:logGet(46)) - raft.server.log.appender.buffer.byte-limit = 8388608 (custom)
2024-04-26 07:43:48,636 [84e7e7d6-61bf-4ff4-b705-307942077190-groupManagement] INFO  server.RaftServerConfigKeys (ConfUtils.java:logGet(46)) - raft.server.log.statemachine.data.read.timeout = 1000ms (default)
2024-04-26 07:43:48,636 [84e7e7d6-61bf-4ff4-b705-307942077190-groupManagement] INFO  server.RaftServerConfigKeys (ConfUtils.java:logGet(46)) - raft.server.log.purge.preservation.log.num = 0 (default)
2024-04-26 07:43:48,637 [EventQueue-OpenPipelineForHealthyPipelineSafeModeRule] INFO  safemode.SCMSafeModeManager (HealthyPipelineSafeModeRule.java:process(140)) - SCM in safe mode. Healthy pipelines reported count is 0, required healthy pipeline reported count is 1
2024-04-26 07:43:48,638 [84e7e7d6-61bf-4ff4-b705-307942077190-groupManagement] INFO  server.RaftServerConfigKeys (ConfUtils.java:logGet(46)) - raft.server.log.segment.size.max = 67108864 (custom)
2024-04-26 07:43:48,638 [84e7e7d6-61bf-4ff4-b705-307942077190-groupManagement] INFO  server.RaftServerConfigKeys (ConfUtils.java:logGet(46)) - raft.server.log.segment.cache.num.max = 2 (custom)
2024-04-26 07:43:48,638 [84e7e7d6-61bf-4ff4-b705-307942077190-groupManagement] INFO  server.RaftServerConfigKeys (ConfUtils.java:logGet(46)) - raft.server.log.segment.cache.size.max = 200MB (=209715200) (default)
2024-04-26 07:43:48,638 [84e7e7d6-61bf-4ff4-b705-307942077190-groupManagement] INFO  server.RaftServerConfigKeys (ConfUtils.java:logGet(46)) - raft.server.log.appender.buffer.byte-limit = 8388608 (custom)
2024-04-26 07:43:48,638 [84e7e7d6-61bf-4ff4-b705-307942077190-groupManagement] INFO  util.AwaitToRun (AwaitToRun.java:start(81)) - Thread[84e7e7d6-61bf-4ff4-b705-307942077190@group-8681D727A52F-cacheEviction-AwaitToRun,5,main] started
2024-04-26 07:43:48,638 [84e7e7d6-61bf-4ff4-b705-307942077190-groupManagement] INFO  segmented.SegmentedRaftLogWorker (SegmentedRaftLogWorker.java:<init>(182)) - new 84e7e7d6-61bf-4ff4-b705-307942077190@group-8681D727A52F-SegmentedRaftLogWorker for RaftStorageImpl:Storage Directory /home/runner/work/ozone/ozone/hadoop-ozone/integration-test/target/test-dir/MiniOzoneClusterImpl-a56b3a23-5bf6-4b5b-a0fe-007206924a4e/ozone-meta/datanode-4/ratis/06776fe5-cc01-4eb7-ac51-8681d727a52f
2024-04-26 07:43:48,638 [84e7e7d6-61bf-4ff4-b705-307942077190-groupManagement] INFO  server.RaftServerConfigKeys (ConfUtils.java:logGet(46)) - raft.server.log.queue.byte-limit = 4294967296 (custom)
2024-04-26 07:43:48,638 [84e7e7d6-61bf-4ff4-b705-307942077190-groupManagement] INFO  server.RaftServerConfigKeys (ConfUtils.java:logGet(46)) - raft.server.log.queue.element-limit = 1024 (custom)
2024-04-26 07:43:48,638 [84e7e7d6-61bf-4ff4-b705-307942077190-groupManagement] INFO  server.RaftServerConfigKeys (ConfUtils.java:logGet(46)) - raft.server.log.segment.size.max = 67108864 (custom)
2024-04-26 07:43:48,639 [84e7e7d6-61bf-4ff4-b705-307942077190-groupManagement] INFO  server.RaftServerConfigKeys (ConfUtils.java:logGet(46)) - raft.server.log.preallocated.size = 4194304 (custom)
2024-04-26 07:43:48,639 [84e7e7d6-61bf-4ff4-b705-307942077190-groupManagement] INFO  server.RaftServerConfigKeys (ConfUtils.java:logGet(46)) - raft.server.log.force.sync.num = 128 (default)
2024-04-26 07:43:48,639 [84e7e7d6-61bf-4ff4-b705-307942077190-groupManagement] INFO  server.RaftServerConfigKeys (ConfUtils.java:logGet(46)) - raft.server.log.statemachine.data.sync = true (default)
2024-04-26 07:43:48,639 [84e7e7d6-61bf-4ff4-b705-307942077190-groupManagement] INFO  server.RaftServerConfigKeys (ConfUtils.java:logGet(46)) - raft.server.log.statemachine.data.sync.timeout = 10s (default)
2024-04-26 07:43:48,639 [84e7e7d6-61bf-4ff4-b705-307942077190-groupManagement] INFO  server.RaftServerConfigKeys (ConfUtils.java:logGet(46)) - raft.server.log.statemachine.data.sync.timeout.retry = 30 (custom)
2024-04-26 07:43:48,639 [84e7e7d6-61bf-4ff4-b705-307942077190-groupManagement] INFO  server.RaftServerConfigKeys (ConfUtils.java:logGet(46)) - raft.server.log.write.buffer.size = 8388616 (custom)
2024-04-26 07:43:48,640 [84e7e7d6-61bf-4ff4-b705-307942077190-groupManagement] INFO  server.RaftServerConfigKeys (ConfUtils.java:logGet(46)) - raft.server.log.appender.buffer.byte-limit = 8388608 (custom)
2024-04-26 07:43:48,640 [84e7e7d6-61bf-4ff4-b705-307942077190-groupManagement] INFO  server.RaftServerConfigKeys (ConfUtils.java:logGet(46)) - raft.server.log.unsafe-flush.enabled = false (default)
2024-04-26 07:43:48,640 [84e7e7d6-61bf-4ff4-b705-307942077190-groupManagement] INFO  server.RaftServerConfigKeys (ConfUtils.java:logGet(46)) - raft.server.log.async-flush.enabled = false (default)
2024-04-26 07:43:48,640 [84e7e7d6-61bf-4ff4-b705-307942077190-groupManagement] INFO  server.RaftServerConfigKeys (ConfUtils.java:logGet(46)) - raft.server.log.statemachine.data.caching.enabled = true (custom)
2024-04-26 07:43:48,640 [84e7e7d6-61bf-4ff4-b705-307942077190-groupManagement] INFO  segmented.SegmentedRaftLogWorker (SegmentedRaftLogWorker.java:lambda$new$0(134)) - 84e7e7d6-61bf-4ff4-b705-307942077190@group-8681D727A52F-SegmentedRaftLogWorker: flushIndex: setUnconditionally 0 -> -1
2024-04-26 07:43:48,640 [84e7e7d6-61bf-4ff4-b705-307942077190-groupManagement] INFO  segmented.SegmentedRaftLogWorker (SegmentedRaftLogWorker.java:lambda$new$0(134)) - 84e7e7d6-61bf-4ff4-b705-307942077190@group-8681D727A52F-SegmentedRaftLogWorker: safeCacheEvictIndex: setUnconditionally 0 -> -1
2024-04-26 07:43:48,641 [84e7e7d6-61bf-4ff4-b705-307942077190-groupManagement] INFO  server.RaftServer$Division (RaftServerImpl.java:start(396)) - 84e7e7d6-61bf-4ff4-b705-307942077190@group-8681D727A52F: start as a follower, conf=-1: peers:[84e7e7d6-61bf-4ff4-b705-307942077190|127.0.0.1:15130, 14d9c642-7495-4fc5-a0b1-a63fd7fd9772|127.0.0.1:15139, 2f58e8cd-28e0-414a-bc84-31490c64287f|127.0.0.1:15148]|listeners:[], old=null
2024-04-26 07:43:48,641 [84e7e7d6-61bf-4ff4-b705-307942077190-groupManagement] INFO  server.RaftServer$Division (RaftServerImpl.java:setRole(383)) - 84e7e7d6-61bf-4ff4-b705-307942077190@group-8681D727A52F: changes role from      null to FOLLOWER at term 0 for startAsFollower
2024-04-26 07:43:48,641 [84e7e7d6-61bf-4ff4-b705-307942077190-groupManagement] INFO  impl.RoleInfo (RoleInfo.java:updateAndGet(139)) - 84e7e7d6-61bf-4ff4-b705-307942077190: start 84e7e7d6-61bf-4ff4-b705-307942077190@group-8681D727A52F-FollowerState
2024-04-26 07:43:48,641 [84e7e7d6-61bf-4ff4-b705-307942077190-groupManagement] INFO  util.JmxRegister (JmxRegister.java:tryRegister(44)) - Successfully registered JMX Bean with object name Ratis:service=RaftServer,group=group-8681D727A52F,id=84e7e7d6-61bf-4ff4-b705-307942077190
2024-04-26 07:43:48,641 [84e7e7d6-61bf-4ff4-b705-307942077190@group-8681D727A52F-FollowerState] INFO  server.RaftServerConfigKeys (ConfUtils.java:logFallback(53)) - raft.server.rpc.first-election.timeout.min = 5s (fallback to raft.server.rpc.timeout.min)
2024-04-26 07:43:48,641 [84e7e7d6-61bf-4ff4-b705-307942077190@group-8681D727A52F-FollowerState] INFO  server.RaftServerConfigKeys (ConfUtils.java:logFallback(53)) - raft.server.rpc.first-election.timeout.max = 5200ms (fallback to raft.server.rpc.timeout.max)
2024-04-26 07:43:48,641 [84e7e7d6-61bf-4ff4-b705-307942077190-groupManagement] INFO  server.RaftServerConfigKeys (ConfUtils.java:logGet(46)) - raft.server.snapshot.trigger-when-stop.enabled = true (default)
2024-04-26 07:43:48,641 [84e7e7d6-61bf-4ff4-b705-307942077190-groupManagement] INFO  server.RaftServerConfigKeys (ConfUtils.java:logGet(46)) - raft.server.snapshot.auto.trigger.enabled = true (custom)
2024-04-26 07:43:48,641 [84e7e7d6-61bf-4ff4-b705-307942077190-groupManagement] INFO  server.RaftServerConfigKeys (ConfUtils.java:logGet(46)) - raft.server.snapshot.auto.trigger.threshold = 10000 (custom)
2024-04-26 07:43:48,641 [84e7e7d6-61bf-4ff4-b705-307942077190-groupManagement] INFO  server.RaftServerConfigKeys (ConfUtils.java:logGet(46)) - raft.server.snapshot.retention.file.num = 5 (custom)
2024-04-26 07:43:48,641 [84e7e7d6-61bf-4ff4-b705-307942077190-groupManagement] INFO  server.RaftServerConfigKeys (ConfUtils.java:logGet(46)) - raft.server.log.purge.upto.snapshot.index = false (default)
2024-04-26 07:43:48,642 [84e7e7d6-61bf-4ff4-b705-307942077190-PipelineCommandHandlerThread-0] INFO  ratis.XceiverServerRatis (XceiverServerRatis.java:addGroup(864)) - Created group PipelineID=06776fe5-cc01-4eb7-ac51-8681d727a52f
2024-04-26 07:43:48,647 [grpc-default-executor-0] INFO  server.RaftServer (RaftServerProxy.java:addNew(100)) - 14d9c642-7495-4fc5-a0b1-a63fd7fd9772: addNew group-8681D727A52F:[84e7e7d6-61bf-4ff4-b705-307942077190|127.0.0.1:15130, 14d9c642-7495-4fc5-a0b1-a63fd7fd9772|127.0.0.1:15139, 2f58e8cd-28e0-414a-bc84-31490c64287f|127.0.0.1:15148] returns group-8681D727A52F:java.util.concurrent.CompletableFuture@702d50e0[Not completed]
2024-04-26 07:43:48,648 [14d9c642-7495-4fc5-a0b1-a63fd7fd9772-groupManagement] INFO  server.RaftServer$Division (RaftServerImpl.java:<init>(256)) - 14d9c642-7495-4fc5-a0b1-a63fd7fd9772: new RaftServerImpl for group-8681D727A52F:[84e7e7d6-61bf-4ff4-b705-307942077190|127.0.0.1:15130, 14d9c642-7495-4fc5-a0b1-a63fd7fd9772|127.0.0.1:15139, 2f58e8cd-28e0-414a-bc84-31490c64287f|127.0.0.1:15148] with ContainerStateMachine:uninitialized
2024-04-26 07:43:48,648 [14d9c642-7495-4fc5-a0b1-a63fd7fd9772-groupManagement] INFO  server.RaftServerConfigKeys (ConfUtils.java:logGet(46)) - raft.server.rpc.timeout.min = 5s (custom)
2024-04-26 07:43:48,648 [14d9c642-7495-4fc5-a0b1-a63fd7fd9772-groupManagement] INFO  server.RaftServerConfigKeys (ConfUtils.java:logGet(46)) - raft.server.rpc.timeout.max = 5200ms (custom)
2024-04-26 07:43:48,648 [14d9c642-7495-4fc5-a0b1-a63fd7fd9772-groupManagement] INFO  server.RaftServerConfigKeys (ConfUtils.java:logGet(46)) - raft.server.rpc.sleep.time = 25ms (default)
2024-04-26 07:43:48,648 [14d9c642-7495-4fc5-a0b1-a63fd7fd9772-groupManagement] INFO  server.RaftServerConfigKeys (ConfUtils.java:logGet(46)) - raft.server.rpc.slowness.timeout = 300000ms (custom)
2024-04-26 07:43:48,648 [14d9c642-7495-4fc5-a0b1-a63fd7fd9772-groupManagement] INFO  server.RaftServerConfigKeys (ConfUtils.java:logGet(46)) - raft.server.leaderelection.leader.step-down.wait-time = 10s (default)
2024-04-26 07:43:48,648 [14d9c642-7495-4fc5-a0b1-a63fd7fd9772-groupManagement] INFO  server.RaftServerConfigKeys (ConfUtils.java:logGet(46)) - raft.server.leaderelection.member.majority-add = false (default)
2024-04-26 07:43:48,648 [14d9c642-7495-4fc5-a0b1-a63fd7fd9772-groupManagement] INFO  server.RaftServerConfigKeys (ConfUtils.java:logGet(46)) - raft.server.sleep.deviation.threshold = 300ms (default)
2024-04-26 07:43:48,648 [14d9c642-7495-4fc5-a0b1-a63fd7fd9772-groupManagement] INFO  server.RaftServer$Division (ServerState.java:<init>(113)) - 14d9c642-7495-4fc5-a0b1-a63fd7fd9772@group-8681D727A52F: ConfigurationManager, init=-1: peers:[84e7e7d6-61bf-4ff4-b705-307942077190|127.0.0.1:15130, 14d9c642-7495-4fc5-a0b1-a63fd7fd9772|127.0.0.1:15139, 2f58e8cd-28e0-414a-bc84-31490c64287f|127.0.0.1:15148]|listeners:[], old=null, confs=<EMPTY_MAP>
2024-04-26 07:43:48,648 [14d9c642-7495-4fc5-a0b1-a63fd7fd9772-groupManagement] INFO  server.RaftServerConfigKeys (ConfUtils.java:logGet(46)) - raft.server.notification.no-leader.timeout = 300000ms (custom)
2024-04-26 07:43:48,648 [14d9c642-7495-4fc5-a0b1-a63fd7fd9772-groupManagement] INFO  server.RaftServerConfigKeys (ConfUtils.java:logGet(46)) - raft.server.read.timeout = 10s (default)
2024-04-26 07:43:48,648 [14d9c642-7495-4fc5-a0b1-a63fd7fd9772-groupManagement] INFO  server.RaftServerConfigKeys (ConfUtils.java:logGet(46)) - raft.server.retrycache.expirytime = 600000ms (custom)
2024-04-26 07:43:48,648 [14d9c642-7495-4fc5-a0b1-a63fd7fd9772-groupManagement] INFO  server.RaftServerConfigKeys (ConfUtils.java:logGet(46)) - raft.server.retrycache.statistics.expirytime = 100ms (default)
2024-04-26 07:43:48,649 [14d9c642-7495-4fc5-a0b1-a63fd7fd9772-groupManagement] INFO  server.RaftServerConfigKeys (ConfUtils.java:logGet(46)) - raft.server.read.option = DEFAULT (default)
2024-04-26 07:43:48,649 [14d9c642-7495-4fc5-a0b1-a63fd7fd9772-groupManagement] INFO  server.RaftServerConfigKeys (ConfUtils.java:logGet(46)) - raft.server.read.read-after-write-consistent.write-index-cache.expiry-time = 60s (default)
2024-04-26 07:43:48,650 [14d9c642-7495-4fc5-a0b1-a63fd7fd9772-groupManagement] INFO  server.RaftServerConfigKeys (ConfUtils.java:logGet(46)) - raft.server.rpc.request.timeout = 3000ms (default)
2024-04-26 07:43:48,650 [14d9c642-7495-4fc5-a0b1-a63fd7fd9772-groupManagement] INFO  server.RaftServerConfigKeys (ConfUtils.java:logGet(46)) - raft.server.log.appender.install.snapshot.enabled = false (custom)
2024-04-26 07:43:48,650 [14d9c642-7495-4fc5-a0b1-a63fd7fd9772-groupManagement] INFO  server.RaftServerConfigKeys (ConfUtils.java:logGet(46)) - raft.server.threadpool.server.cached = true (default)
2024-04-26 07:43:48,650 [14d9c642-7495-4fc5-a0b1-a63fd7fd9772-groupManagement] INFO  server.RaftServerConfigKeys (ConfUtils.java:logGet(46)) - raft.server.threadpool.server.size = 0 (default)
2024-04-26 07:43:48,650 [14d9c642-7495-4fc5-a0b1-a63fd7fd9772-groupManagement] INFO  server.RaftServerConfigKeys (ConfUtils.java:logGet(46)) - raft.server.threadpool.client.cached = true (default)
2024-04-26 07:43:48,650 [14d9c642-7495-4fc5-a0b1-a63fd7fd9772-groupManagement] INFO  server.RaftServerConfigKeys (ConfUtils.java:logGet(46)) - raft.server.threadpool.client.size = 0 (default)
2024-04-26 07:43:48,650 [14d9c642-7495-4fc5-a0b1-a63fd7fd9772-groupManagement] INFO  server.RaftServerConfigKeys (ConfUtils.java:logGet(46)) - raft.server.storage.free-space.min = 0MB (=0) (default)
2024-04-26 07:43:48,651 [14d9c642-7495-4fc5-a0b1-a63fd7fd9772-groupManagement] INFO  server.RaftServerConfigKeys (ConfUtils.java:logGet(46)) - raft.server.log.corruption.policy = EXCEPTION (default)
2024-04-26 07:43:48,651 [14d9c642-7495-4fc5-a0b1-a63fd7fd9772-groupManagement] INFO  server.RaftServerConfigKeys (ConfUtils.java:logGet(46)) - raft.server.storage.dir = [/home/runner/work/ozone/ozone/hadoop-ozone/integration-test/target/test-dir/MiniOzoneClusterImpl-a56b3a23-5bf6-4b5b-a0fe-007206924a4e/ozone-meta/datanode-5/ratis] (custom)
2024-04-26 07:43:48,651 [14d9c642-7495-4fc5-a0b1-a63fd7fd9772-groupManagement] INFO  storage.RaftStorageDirectory (RaftStorageDirectoryImpl.java:analyzeStorage(138)) - The storage directory /home/runner/work/ozone/ozone/hadoop-ozone/integration-test/target/test-dir/MiniOzoneClusterImpl-a56b3a23-5bf6-4b5b-a0fe-007206924a4e/ozone-meta/datanode-5/ratis/06776fe5-cc01-4eb7-ac51-8681d727a52f does not exist. Creating ...
2024-04-26 07:43:48,651 [14d9c642-7495-4fc5-a0b1-a63fd7fd9772-groupManagement] INFO  storage.RaftStorageDirectory (RaftStorageDirectoryImpl.java:tryLock(228)) - Lock on /home/runner/work/ozone/ozone/hadoop-ozone/integration-test/target/test-dir/MiniOzoneClusterImpl-a56b3a23-5bf6-4b5b-a0fe-007206924a4e/ozone-meta/datanode-5/ratis/06776fe5-cc01-4eb7-ac51-8681d727a52f/in_use.lock acquired by nodename 21422@fv-az1107-628
2024-04-26 07:43:48,652 [14d9c642-7495-4fc5-a0b1-a63fd7fd9772-groupManagement] INFO  storage.RaftStorage (RaftStorageImpl.java:format(99)) - Storage directory /home/runner/work/ozone/ozone/hadoop-ozone/integration-test/target/test-dir/MiniOzoneClusterImpl-a56b3a23-5bf6-4b5b-a0fe-007206924a4e/ozone-meta/datanode-5/ratis/06776fe5-cc01-4eb7-ac51-8681d727a52f has been successfully formatted.
2024-04-26 07:43:48,652 [14d9c642-7495-4fc5-a0b1-a63fd7fd9772-groupManagement] WARN  util.FileUtils (LogUtils.java:supplyAndLog(63)) - Failed to Files.newInputStream /home/runner/work/ozone/ozone/hadoop-ozone/integration-test/target/test-dir/MiniOzoneClusterImpl-a56b3a23-5bf6-4b5b-a0fe-007206924a4e/ozone-meta/datanode-5/ratis/06776fe5-cc01-4eb7-ac51-8681d727a52f/current/raft-meta.conf with options []: java.nio.file.NoSuchFileException: /home/runner/work/ozone/ozone/hadoop-ozone/integration-test/target/test-dir/MiniOzoneClusterImpl-a56b3a23-5bf6-4b5b-a0fe-007206924a4e/ozone-meta/datanode-5/ratis/06776fe5-cc01-4eb7-ac51-8681d727a52f/current/raft-meta.conf
2024-04-26 07:43:48,653 [14d9c642-7495-4fc5-a0b1-a63fd7fd9772-groupManagement] INFO  ratis.ContainerStateMachine (ContainerStateMachine.java:loadSnapshot(287)) - group-8681D727A52F: The snapshot info is null. Setting the last applied index to:(t:0, i:~)
2024-04-26 07:43:48,653 [14d9c642-7495-4fc5-a0b1-a63fd7fd9772-groupManagement] INFO  server.RaftServerConfigKeys (ConfUtils.java:logGet(46)) - raft.server.log.use.memory = false (default)
2024-04-26 07:43:48,653 [14d9c642-7495-4fc5-a0b1-a63fd7fd9772-groupManagement] INFO  server.RaftServerConfigKeys (ConfUtils.java:logGet(46)) - raft.server.log.purge.gap = 1000000 (custom)
2024-04-26 07:43:48,653 [14d9c642-7495-4fc5-a0b1-a63fd7fd9772-groupManagement] INFO  server.RaftServerConfigKeys (ConfUtils.java:logGet(46)) - raft.server.log.appender.buffer.byte-limit = 8388608 (custom)
2024-04-26 07:43:48,653 [14d9c642-7495-4fc5-a0b1-a63fd7fd9772-groupManagement] INFO  server.RaftServerConfigKeys (ConfUtils.java:logGet(46)) - raft.server.log.statemachine.data.read.timeout = 1000ms (default)
2024-04-26 07:43:48,653 [14d9c642-7495-4fc5-a0b1-a63fd7fd9772-groupManagement] INFO  server.RaftServerConfigKeys (ConfUtils.java:logGet(46)) - raft.server.log.purge.preservation.log.num = 0 (default)
2024-04-26 07:43:48,655 [14d9c642-7495-4fc5-a0b1-a63fd7fd9772-groupManagement] INFO  server.RaftServerConfigKeys (ConfUtils.java:logGet(46)) - raft.server.log.segment.size.max = 67108864 (custom)
2024-04-26 07:43:48,655 [14d9c642-7495-4fc5-a0b1-a63fd7fd9772-groupManagement] INFO  server.RaftServerConfigKeys (ConfUtils.java:logGet(46)) - raft.server.log.segment.cache.num.max = 2 (custom)
2024-04-26 07:43:48,655 [14d9c642-7495-4fc5-a0b1-a63fd7fd9772-groupManagement] INFO  server.RaftServerConfigKeys (ConfUtils.java:logGet(46)) - raft.server.log.segment.cache.size.max = 200MB (=209715200) (default)
2024-04-26 07:43:48,655 [14d9c642-7495-4fc5-a0b1-a63fd7fd9772-groupManagement] INFO  server.RaftServerConfigKeys (ConfUtils.java:logGet(46)) - raft.server.log.appender.buffer.byte-limit = 8388608 (custom)
2024-04-26 07:43:48,655 [14d9c642-7495-4fc5-a0b1-a63fd7fd9772-groupManagement] INFO  util.AwaitToRun (AwaitToRun.java:start(81)) - Thread[14d9c642-7495-4fc5-a0b1-a63fd7fd9772@group-8681D727A52F-cacheEviction-AwaitToRun,5,main] started
2024-04-26 07:43:48,655 [14d9c642-7495-4fc5-a0b1-a63fd7fd9772-groupManagement] INFO  segmented.SegmentedRaftLogWorker (SegmentedRaftLogWorker.java:<init>(182)) - new 14d9c642-7495-4fc5-a0b1-a63fd7fd9772@group-8681D727A52F-SegmentedRaftLogWorker for RaftStorageImpl:Storage Directory /home/runner/work/ozone/ozone/hadoop-ozone/integration-test/target/test-dir/MiniOzoneClusterImpl-a56b3a23-5bf6-4b5b-a0fe-007206924a4e/ozone-meta/datanode-5/ratis/06776fe5-cc01-4eb7-ac51-8681d727a52f
2024-04-26 07:43:48,656 [14d9c642-7495-4fc5-a0b1-a63fd7fd9772-groupManagement] INFO  server.RaftServerConfigKeys (ConfUtils.java:logGet(46)) - raft.server.log.queue.byte-limit = 4294967296 (custom)
2024-04-26 07:43:48,656 [14d9c642-7495-4fc5-a0b1-a63fd7fd9772-groupManagement] INFO  server.RaftServerConfigKeys (ConfUtils.java:logGet(46)) - raft.server.log.queue.element-limit = 1024 (custom)
2024-04-26 07:43:48,656 [14d9c642-7495-4fc5-a0b1-a63fd7fd9772-groupManagement] INFO  server.RaftServerConfigKeys (ConfUtils.java:logGet(46)) - raft.server.log.segment.size.max = 67108864 (custom)
2024-04-26 07:43:48,656 [14d9c642-7495-4fc5-a0b1-a63fd7fd9772-groupManagement] INFO  server.RaftServerConfigKeys (ConfUtils.java:logGet(46)) - raft.server.log.preallocated.size = 4194304 (custom)
2024-04-26 07:43:48,656 [14d9c642-7495-4fc5-a0b1-a63fd7fd9772-groupManagement] INFO  server.RaftServerConfigKeys (ConfUtils.java:logGet(46)) - raft.server.log.force.sync.num = 128 (default)
2024-04-26 07:43:48,656 [14d9c642-7495-4fc5-a0b1-a63fd7fd9772-groupManagement] INFO  server.RaftServerConfigKeys (ConfUtils.java:logGet(46)) - raft.server.log.statemachine.data.sync = true (default)
2024-04-26 07:43:48,656 [14d9c642-7495-4fc5-a0b1-a63fd7fd9772-groupManagement] INFO  server.RaftServerConfigKeys (ConfUtils.java:logGet(46)) - raft.server.log.statemachine.data.sync.timeout = 10s (default)
2024-04-26 07:43:48,656 [14d9c642-7495-4fc5-a0b1-a63fd7fd9772-groupManagement] INFO  server.RaftServerConfigKeys (ConfUtils.java:logGet(46)) - raft.server.log.statemachine.data.sync.timeout.retry = 30 (custom)
2024-04-26 07:43:48,656 [14d9c642-7495-4fc5-a0b1-a63fd7fd9772-groupManagement] INFO  server.RaftServerConfigKeys (ConfUtils.java:logGet(46)) - raft.server.log.write.buffer.size = 8388616 (custom)
2024-04-26 07:43:48,657 [14d9c642-7495-4fc5-a0b1-a63fd7fd9772-groupManagement] INFO  server.RaftServerConfigKeys (ConfUtils.java:logGet(46)) - raft.server.log.appender.buffer.byte-limit = 8388608 (custom)
2024-04-26 07:43:48,657 [14d9c642-7495-4fc5-a0b1-a63fd7fd9772-groupManagement] INFO  server.RaftServerConfigKeys (ConfUtils.java:logGet(46)) - raft.server.log.unsafe-flush.enabled = false (default)
2024-04-26 07:43:48,657 [14d9c642-7495-4fc5-a0b1-a63fd7fd9772-groupManagement] INFO  server.RaftServerConfigKeys (ConfUtils.java:logGet(46)) - raft.server.log.async-flush.enabled = false (default)
2024-04-26 07:43:48,657 [14d9c642-7495-4fc5-a0b1-a63fd7fd9772-groupManagement] INFO  server.RaftServerConfigKeys (ConfUtils.java:logGet(46)) - raft.server.log.statemachine.data.caching.enabled = true (custom)
2024-04-26 07:43:48,657 [14d9c642-7495-4fc5-a0b1-a63fd7fd9772-groupManagement] INFO  segmented.SegmentedRaftLogWorker (SegmentedRaftLogWorker.java:lambda$new$0(134)) - 14d9c642-7495-4fc5-a0b1-a63fd7fd9772@group-8681D727A52F-SegmentedRaftLogWorker: flushIndex: setUnconditionally 0 -> -1
2024-04-26 07:43:48,657 [14d9c642-7495-4fc5-a0b1-a63fd7fd9772-groupManagement] INFO  segmented.SegmentedRaftLogWorker (SegmentedRaftLogWorker.java:lambda$new$0(134)) - 14d9c642-7495-4fc5-a0b1-a63fd7fd9772@group-8681D727A52F-SegmentedRaftLogWorker: safeCacheEvictIndex: setUnconditionally 0 -> -1
2024-04-26 07:43:48,657 [14d9c642-7495-4fc5-a0b1-a63fd7fd9772-groupManagement] INFO  server.RaftServer$Division (RaftServerImpl.java:start(396)) - 14d9c642-7495-4fc5-a0b1-a63fd7fd9772@group-8681D727A52F: start as a follower, conf=-1: peers:[84e7e7d6-61bf-4ff4-b705-307942077190|127.0.0.1:15130, 14d9c642-7495-4fc5-a0b1-a63fd7fd9772|127.0.0.1:15139, 2f58e8cd-28e0-414a-bc84-31490c64287f|127.0.0.1:15148]|listeners:[], old=null
2024-04-26 07:43:48,658 [14d9c642-7495-4fc5-a0b1-a63fd7fd9772-groupManagement] INFO  server.RaftServer$Division (RaftServerImpl.java:setRole(383)) - 14d9c642-7495-4fc5-a0b1-a63fd7fd9772@group-8681D727A52F: changes role from      null to FOLLOWER at term 0 for startAsFollower
2024-04-26 07:43:48,658 [14d9c642-7495-4fc5-a0b1-a63fd7fd9772-groupManagement] INFO  impl.RoleInfo (RoleInfo.java:updateAndGet(139)) - 14d9c642-7495-4fc5-a0b1-a63fd7fd9772: start 14d9c642-7495-4fc5-a0b1-a63fd7fd9772@group-8681D727A52F-FollowerState
2024-04-26 07:43:48,658 [14d9c642-7495-4fc5-a0b1-a63fd7fd9772@group-8681D727A52F-FollowerState] INFO  server.RaftServerConfigKeys (ConfUtils.java:logFallback(53)) - raft.server.rpc.first-election.timeout.min = 5s (fallback to raft.server.rpc.timeout.min)
2024-04-26 07:43:48,658 [14d9c642-7495-4fc5-a0b1-a63fd7fd9772-groupManagement] INFO  util.JmxRegister (JmxRegister.java:tryRegister(44)) - Successfully registered JMX Bean with object name Ratis:service=RaftServer,group=group-8681D727A52F,id=14d9c642-7495-4fc5-a0b1-a63fd7fd9772
2024-04-26 07:43:48,658 [14d9c642-7495-4fc5-a0b1-a63fd7fd9772@group-8681D727A52F-FollowerState] INFO  server.RaftServerConfigKeys (ConfUtils.java:logFallback(53)) - raft.server.rpc.first-election.timeout.max = 5200ms (fallback to raft.server.rpc.timeout.max)
2024-04-26 07:43:48,658 [14d9c642-7495-4fc5-a0b1-a63fd7fd9772-groupManagement] INFO  server.RaftServerConfigKeys (ConfUtils.java:logGet(46)) - raft.server.snapshot.trigger-when-stop.enabled = true (default)
2024-04-26 07:43:48,658 [14d9c642-7495-4fc5-a0b1-a63fd7fd9772-groupManagement] INFO  server.RaftServerConfigKeys (ConfUtils.java:logGet(46)) - raft.server.snapshot.auto.trigger.enabled = true (custom)
2024-04-26 07:43:48,658 [14d9c642-7495-4fc5-a0b1-a63fd7fd9772-groupManagement] INFO  server.RaftServerConfigKeys (ConfUtils.java:logGet(46)) - raft.server.snapshot.auto.trigger.threshold = 10000 (custom)
2024-04-26 07:43:48,658 [14d9c642-7495-4fc5-a0b1-a63fd7fd9772-groupManagement] INFO  server.RaftServerConfigKeys (ConfUtils.java:logGet(46)) - raft.server.snapshot.retention.file.num = 5 (custom)
2024-04-26 07:43:48,658 [14d9c642-7495-4fc5-a0b1-a63fd7fd9772-groupManagement] INFO  server.RaftServerConfigKeys (ConfUtils.java:logGet(46)) - raft.server.log.purge.upto.snapshot.index = false (default)
2024-04-26 07:43:48,670 [grpc-default-executor-0] INFO  server.RaftServer (RaftServerProxy.java:addNew(100)) - 2f58e8cd-28e0-414a-bc84-31490c64287f: addNew group-8681D727A52F:[84e7e7d6-61bf-4ff4-b705-307942077190|127.0.0.1:15130, 14d9c642-7495-4fc5-a0b1-a63fd7fd9772|127.0.0.1:15139, 2f58e8cd-28e0-414a-bc84-31490c64287f|127.0.0.1:15148] returns group-8681D727A52F:java.util.concurrent.CompletableFuture@45da895a[Not completed]
2024-04-26 07:43:48,671 [2f58e8cd-28e0-414a-bc84-31490c64287f-groupManagement] INFO  server.RaftServer$Division (RaftServerImpl.java:<init>(256)) - 2f58e8cd-28e0-414a-bc84-31490c64287f: new RaftServerImpl for group-8681D727A52F:[84e7e7d6-61bf-4ff4-b705-307942077190|127.0.0.1:15130, 14d9c642-7495-4fc5-a0b1-a63fd7fd9772|127.0.0.1:15139, 2f58e8cd-28e0-414a-bc84-31490c64287f|127.0.0.1:15148] with ContainerStateMachine:uninitialized
2024-04-26 07:43:48,671 [2f58e8cd-28e0-414a-bc84-31490c64287f-groupManagement] INFO  server.RaftServerConfigKeys (ConfUtils.java:logGet(46)) - raft.server.rpc.timeout.min = 5s (custom)
2024-04-26 07:43:48,672 [2f58e8cd-28e0-414a-bc84-31490c64287f-groupManagement] INFO  server.RaftServerConfigKeys (ConfUtils.java:logGet(46)) - raft.server.rpc.timeout.max = 5200ms (custom)
2024-04-26 07:43:48,672 [2f58e8cd-28e0-414a-bc84-31490c64287f-groupManagement] INFO  server.RaftServerConfigKeys (ConfUtils.java:logGet(46)) - raft.server.rpc.sleep.time = 25ms (default)
2024-04-26 07:43:48,672 [2f58e8cd-28e0-414a-bc84-31490c64287f-groupManagement] INFO  server.RaftServerConfigKeys (ConfUtils.java:logGet(46)) - raft.server.rpc.slowness.timeout = 300000ms (custom)
2024-04-26 07:43:48,672 [2f58e8cd-28e0-414a-bc84-31490c64287f-groupManagement] INFO  server.RaftServerConfigKeys (ConfUtils.java:logGet(46)) - raft.server.leaderelection.leader.step-down.wait-time = 10s (default)
2024-04-26 07:43:48,672 [2f58e8cd-28e0-414a-bc84-31490c64287f-groupManagement] INFO  server.RaftServerConfigKeys (ConfUtils.java:logGet(46)) - raft.server.leaderelection.member.majority-add = false (default)
2024-04-26 07:43:48,672 [2f58e8cd-28e0-414a-bc84-31490c64287f-groupManagement] INFO  server.RaftServerConfigKeys (ConfUtils.java:logGet(46)) - raft.server.sleep.deviation.threshold = 300ms (default)
2024-04-26 07:43:48,672 [2f58e8cd-28e0-414a-bc84-31490c64287f-groupManagement] INFO  server.RaftServer$Division (ServerState.java:<init>(113)) - 2f58e8cd-28e0-414a-bc84-31490c64287f@group-8681D727A52F: ConfigurationManager, init=-1: peers:[84e7e7d6-61bf-4ff4-b705-307942077190|127.0.0.1:15130, 14d9c642-7495-4fc5-a0b1-a63fd7fd9772|127.0.0.1:15139, 2f58e8cd-28e0-414a-bc84-31490c64287f|127.0.0.1:15148]|listeners:[], old=null, confs=<EMPTY_MAP>
2024-04-26 07:43:48,673 [2f58e8cd-28e0-414a-bc84-31490c64287f-groupManagement] INFO  server.RaftServerConfigKeys (ConfUtils.java:logGet(46)) - raft.server.notification.no-leader.timeout = 300000ms (custom)
2024-04-26 07:43:48,673 [2f58e8cd-28e0-414a-bc84-31490c64287f-groupManagement] INFO  server.RaftServerConfigKeys (ConfUtils.java:logGet(46)) - raft.server.read.timeout = 10s (default)
2024-04-26 07:43:48,673 [2f58e8cd-28e0-414a-bc84-31490c64287f-groupManagement] INFO  server.RaftServerConfigKeys (ConfUtils.java:logGet(46)) - raft.server.retrycache.expirytime = 600000ms (custom)
2024-04-26 07:43:48,673 [2f58e8cd-28e0-414a-bc84-31490c64287f-groupManagement] INFO  server.RaftServerConfigKeys (ConfUtils.java:logGet(46)) - raft.server.retrycache.statistics.expirytime = 100ms (default)
2024-04-26 07:43:48,673 [2f58e8cd-28e0-414a-bc84-31490c64287f-groupManagement] INFO  server.RaftServerConfigKeys (ConfUtils.java:logGet(46)) - raft.server.read.option = DEFAULT (default)
2024-04-26 07:43:48,673 [2f58e8cd-28e0-414a-bc84-31490c64287f-groupManagement] INFO  server.RaftServerConfigKeys (ConfUtils.java:logGet(46)) - raft.server.read.read-after-write-consistent.write-index-cache.expiry-time = 60s (default)
2024-04-26 07:43:48,676 [2f58e8cd-28e0-414a-bc84-31490c64287f-groupManagement] INFO  server.RaftServerConfigKeys (ConfUtils.java:logGet(46)) - raft.server.rpc.request.timeout = 3000ms (default)
2024-04-26 07:43:48,676 [2f58e8cd-28e0-414a-bc84-31490c64287f-groupManagement] INFO  server.RaftServerConfigKeys (ConfUtils.java:logGet(46)) - raft.server.log.appender.install.snapshot.enabled = false (custom)
2024-04-26 07:43:48,676 [2f58e8cd-28e0-414a-bc84-31490c64287f-groupManagement] INFO  server.RaftServerConfigKeys (ConfUtils.java:logGet(46)) - raft.server.threadpool.server.cached = true (default)
2024-04-26 07:43:48,676 [2f58e8cd-28e0-414a-bc84-31490c64287f-groupManagement] INFO  server.RaftServerConfigKeys (ConfUtils.java:logGet(46)) - raft.server.threadpool.server.size = 0 (default)
2024-04-26 07:43:48,677 [2f58e8cd-28e0-414a-bc84-31490c64287f-groupManagement] INFO  server.RaftServerConfigKeys (ConfUtils.java:logGet(46)) - raft.server.threadpool.client.cached = true (default)
2024-04-26 07:43:48,677 [2f58e8cd-28e0-414a-bc84-31490c64287f-groupManagement] INFO  server.RaftServerConfigKeys (ConfUtils.java:logGet(46)) - raft.server.threadpool.client.size = 0 (default)
2024-04-26 07:43:48,677 [2f58e8cd-28e0-414a-bc84-31490c64287f-groupManagement] INFO  server.RaftServerConfigKeys (ConfUtils.java:logGet(46)) - raft.server.storage.free-space.min = 0MB (=0) (default)
2024-04-26 07:43:48,677 [2f58e8cd-28e0-414a-bc84-31490c64287f-groupManagement] INFO  server.RaftServerConfigKeys (ConfUtils.java:logGet(46)) - raft.server.log.corruption.policy = EXCEPTION (default)
2024-04-26 07:43:48,677 [2f58e8cd-28e0-414a-bc84-31490c64287f-groupManagement] INFO  server.RaftServerConfigKeys (ConfUtils.java:logGet(46)) - raft.server.storage.dir = [/home/runner/work/ozone/ozone/hadoop-ozone/integration-test/target/test-dir/MiniOzoneClusterImpl-a56b3a23-5bf6-4b5b-a0fe-007206924a4e/ozone-meta/datanode-6/ratis] (custom)
2024-04-26 07:43:48,677 [2f58e8cd-28e0-414a-bc84-31490c64287f-groupManagement] INFO  storage.RaftStorageDirectory (RaftStorageDirectoryImpl.java:analyzeStorage(138)) - The storage directory /home/runner/work/ozone/ozone/hadoop-ozone/integration-test/target/test-dir/MiniOzoneClusterImpl-a56b3a23-5bf6-4b5b-a0fe-007206924a4e/ozone-meta/datanode-6/ratis/06776fe5-cc01-4eb7-ac51-8681d727a52f does not exist. Creating ...
2024-04-26 07:43:48,678 [2f58e8cd-28e0-414a-bc84-31490c64287f-groupManagement] INFO  storage.RaftStorageDirectory (RaftStorageDirectoryImpl.java:tryLock(228)) - Lock on /home/runner/work/ozone/ozone/hadoop-ozone/integration-test/target/test-dir/MiniOzoneClusterImpl-a56b3a23-5bf6-4b5b-a0fe-007206924a4e/ozone-meta/datanode-6/ratis/06776fe5-cc01-4eb7-ac51-8681d727a52f/in_use.lock acquired by nodename 21422@fv-az1107-628
2024-04-26 07:43:48,679 [2f58e8cd-28e0-414a-bc84-31490c64287f-groupManagement] INFO  storage.RaftStorage (RaftStorageImpl.java:format(99)) - Storage directory /home/runner/work/ozone/ozone/hadoop-ozone/integration-test/target/test-dir/MiniOzoneClusterImpl-a56b3a23-5bf6-4b5b-a0fe-007206924a4e/ozone-meta/datanode-6/ratis/06776fe5-cc01-4eb7-ac51-8681d727a52f has been successfully formatted.
2024-04-26 07:43:48,680 [2f58e8cd-28e0-414a-bc84-31490c64287f-groupManagement] WARN  util.FileUtils (LogUtils.java:supplyAndLog(63)) - Failed to Files.newInputStream /home/runner/work/ozone/ozone/hadoop-ozone/integration-test/target/test-dir/MiniOzoneClusterImpl-a56b3a23-5bf6-4b5b-a0fe-007206924a4e/ozone-meta/datanode-6/ratis/06776fe5-cc01-4eb7-ac51-8681d727a52f/current/raft-meta.conf with options []: java.nio.file.NoSuchFileException: /home/runner/work/ozone/ozone/hadoop-ozone/integration-test/target/test-dir/MiniOzoneClusterImpl-a56b3a23-5bf6-4b5b-a0fe-007206924a4e/ozone-meta/datanode-6/ratis/06776fe5-cc01-4eb7-ac51-8681d727a52f/current/raft-meta.conf
2024-04-26 07:43:48,680 [2f58e8cd-28e0-414a-bc84-31490c64287f-groupManagement] INFO  ratis.ContainerStateMachine (ContainerStateMachine.java:loadSnapshot(287)) - group-8681D727A52F: The snapshot info is null. Setting the last applied index to:(t:0, i:~)
2024-04-26 07:43:48,680 [2f58e8cd-28e0-414a-bc84-31490c64287f-groupManagement] INFO  server.RaftServerConfigKeys (ConfUtils.java:logGet(46)) - raft.server.log.use.memory = false (default)
2024-04-26 07:43:48,680 [2f58e8cd-28e0-414a-bc84-31490c64287f-groupManagement] INFO  server.RaftServerConfigKeys (ConfUtils.java:logGet(46)) - raft.server.log.purge.gap = 1000000 (custom)
2024-04-26 07:43:48,680 [2f58e8cd-28e0-414a-bc84-31490c64287f-groupManagement] INFO  server.RaftServerConfigKeys (ConfUtils.java:logGet(46)) - raft.server.log.appender.buffer.byte-limit = 8388608 (custom)
2024-04-26 07:43:48,681 [2f58e8cd-28e0-414a-bc84-31490c64287f-groupManagement] INFO  server.RaftServerConfigKeys (ConfUtils.java:logGet(46)) - raft.server.log.statemachine.data.read.timeout = 1000ms (default)
2024-04-26 07:43:48,681 [2f58e8cd-28e0-414a-bc84-31490c64287f-groupManagement] INFO  server.RaftServerConfigKeys (ConfUtils.java:logGet(46)) - raft.server.log.purge.preservation.log.num = 0 (default)
2024-04-26 07:43:48,682 [2f58e8cd-28e0-414a-bc84-31490c64287f-groupManagement] INFO  server.RaftServerConfigKeys (ConfUtils.java:logGet(46)) - raft.server.log.segment.size.max = 67108864 (custom)
2024-04-26 07:43:48,683 [2f58e8cd-28e0-414a-bc84-31490c64287f-groupManagement] INFO  server.RaftServerConfigKeys (ConfUtils.java:logGet(46)) - raft.server.log.segment.cache.num.max = 2 (custom)
2024-04-26 07:43:48,683 [2f58e8cd-28e0-414a-bc84-31490c64287f-groupManagement] INFO  server.RaftServerConfigKeys (ConfUtils.java:logGet(46)) - raft.server.log.segment.cache.size.max = 200MB (=209715200) (default)
2024-04-26 07:43:48,683 [2f58e8cd-28e0-414a-bc84-31490c64287f-groupManagement] INFO  server.RaftServerConfigKeys (ConfUtils.java:logGet(46)) - raft.server.log.appender.buffer.byte-limit = 8388608 (custom)
2024-04-26 07:43:48,683 [2f58e8cd-28e0-414a-bc84-31490c64287f-groupManagement] INFO  util.AwaitToRun (AwaitToRun.java:start(81)) - Thread[2f58e8cd-28e0-414a-bc84-31490c64287f@group-8681D727A52F-cacheEviction-AwaitToRun,5,main] started
2024-04-26 07:43:48,683 [2f58e8cd-28e0-414a-bc84-31490c64287f-groupManagement] INFO  segmented.SegmentedRaftLogWorker (SegmentedRaftLogWorker.java:<init>(182)) - new 2f58e8cd-28e0-414a-bc84-31490c64287f@group-8681D727A52F-SegmentedRaftLogWorker for RaftStorageImpl:Storage Directory /home/runner/work/ozone/ozone/hadoop-ozone/integration-test/target/test-dir/MiniOzoneClusterImpl-a56b3a23-5bf6-4b5b-a0fe-007206924a4e/ozone-meta/datanode-6/ratis/06776fe5-cc01-4eb7-ac51-8681d727a52f
2024-04-26 07:43:48,683 [2f58e8cd-28e0-414a-bc84-31490c64287f-groupManagement] INFO  server.RaftServerConfigKeys (ConfUtils.java:logGet(46)) - raft.server.log.queue.byte-limit = 4294967296 (custom)
2024-04-26 07:43:48,683 [2f58e8cd-28e0-414a-bc84-31490c64287f-groupManagement] INFO  server.RaftServerConfigKeys (ConfUtils.java:logGet(46)) - raft.server.log.queue.element-limit = 1024 (custom)
2024-04-26 07:43:48,684 [2f58e8cd-28e0-414a-bc84-31490c64287f-groupManagement] INFO  server.RaftServerConfigKeys (ConfUtils.java:logGet(46)) - raft.server.log.segment.size.max = 67108864 (custom)
2024-04-26 07:43:48,684 [2f58e8cd-28e0-414a-bc84-31490c64287f-groupManagement] INFO  server.RaftServerConfigKeys (ConfUtils.java:logGet(46)) - raft.server.log.preallocated.size = 4194304 (custom)
2024-04-26 07:43:48,684 [2f58e8cd-28e0-414a-bc84-31490c64287f-groupManagement] INFO  server.RaftServerConfigKeys (ConfUtils.java:logGet(46)) - raft.server.log.force.sync.num = 128 (default)
2024-04-26 07:43:48,684 [2f58e8cd-28e0-414a-bc84-31490c64287f-groupManagement] INFO  server.RaftServerConfigKeys (ConfUtils.java:logGet(46)) - raft.server.log.statemachine.data.sync = true (default)
2024-04-26 07:43:48,684 [2f58e8cd-28e0-414a-bc84-31490c64287f-groupManagement] INFO  server.RaftServerConfigKeys (ConfUtils.java:logGet(46)) - raft.server.log.statemachine.data.sync.timeout = 10s (default)
2024-04-26 07:43:48,684 [2f58e8cd-28e0-414a-bc84-31490c64287f-groupManagement] INFO  server.RaftServerConfigKeys (ConfUtils.java:logGet(46)) - raft.server.log.statemachine.data.sync.timeout.retry = 30 (custom)
2024-04-26 07:43:48,684 [2f58e8cd-28e0-414a-bc84-31490c64287f-groupManagement] INFO  server.RaftServerConfigKeys (ConfUtils.java:logGet(46)) - raft.server.log.write.buffer.size = 8388616 (custom)
2024-04-26 07:43:48,686 [2f58e8cd-28e0-414a-bc84-31490c64287f-groupManagement] INFO  server.RaftServerConfigKeys (ConfUtils.java:logGet(46)) - raft.server.log.appender.buffer.byte-limit = 8388608 (custom)
2024-04-26 07:43:48,686 [2f58e8cd-28e0-414a-bc84-31490c64287f-groupManagement] INFO  server.RaftServerConfigKeys (ConfUtils.java:logGet(46)) - raft.server.log.unsafe-flush.enabled = false (default)
2024-04-26 07:43:48,686 [2f58e8cd-28e0-414a-bc84-31490c64287f-groupManagement] INFO  server.RaftServerConfigKeys (ConfUtils.java:logGet(46)) - raft.server.log.async-flush.enabled = false (default)
2024-04-26 07:43:48,686 [2f58e8cd-28e0-414a-bc84-31490c64287f-groupManagement] INFO  server.RaftServerConfigKeys (ConfUtils.java:logGet(46)) - raft.server.log.statemachine.data.caching.enabled = true (custom)
2024-04-26 07:43:48,687 [2f58e8cd-28e0-414a-bc84-31490c64287f-groupManagement] INFO  segmented.SegmentedRaftLogWorker (SegmentedRaftLogWorker.java:lambda$new$0(134)) - 2f58e8cd-28e0-414a-bc84-31490c64287f@group-8681D727A52F-SegmentedRaftLogWorker: flushIndex: setUnconditionally 0 -> -1
2024-04-26 07:43:48,687 [2f58e8cd-28e0-414a-bc84-31490c64287f-groupManagement] INFO  segmented.SegmentedRaftLogWorker (SegmentedRaftLogWorker.java:lambda$new$0(134)) - 2f58e8cd-28e0-414a-bc84-31490c64287f@group-8681D727A52F-SegmentedRaftLogWorker: safeCacheEvictIndex: setUnconditionally 0 -> -1
2024-04-26 07:43:48,687 [2f58e8cd-28e0-414a-bc84-31490c64287f-groupManagement] INFO  server.RaftServer$Division (RaftServerImpl.java:start(396)) - 2f58e8cd-28e0-414a-bc84-31490c64287f@group-8681D727A52F: start as a follower, conf=-1: peers:[84e7e7d6-61bf-4ff4-b705-307942077190|127.0.0.1:15130, 14d9c642-7495-4fc5-a0b1-a63fd7fd9772|127.0.0.1:15139, 2f58e8cd-28e0-414a-bc84-31490c64287f|127.0.0.1:15148]|listeners:[], old=null
2024-04-26 07:43:48,687 [2f58e8cd-28e0-414a-bc84-31490c64287f-groupManagement] INFO  server.RaftServer$Division (RaftServerImpl.java:setRole(383)) - 2f58e8cd-28e0-414a-bc84-31490c64287f@group-8681D727A52F: changes role from      null to FOLLOWER at term 0 for startAsFollower
2024-04-26 07:43:48,687 [2f58e8cd-28e0-414a-bc84-31490c64287f-groupManagement] INFO  impl.RoleInfo (RoleInfo.java:updateAndGet(139)) - 2f58e8cd-28e0-414a-bc84-31490c64287f: start 2f58e8cd-28e0-414a-bc84-31490c64287f@group-8681D727A52F-FollowerState
2024-04-26 07:43:48,688 [2f58e8cd-28e0-414a-bc84-31490c64287f@group-8681D727A52F-FollowerState] INFO  server.RaftServerConfigKeys (ConfUtils.java:logFallback(53)) - raft.server.rpc.first-election.timeout.min = 5s (fallback to raft.server.rpc.timeout.min)
2024-04-26 07:43:48,688 [2f58e8cd-28e0-414a-bc84-31490c64287f@group-8681D727A52F-FollowerState] INFO  server.RaftServerConfigKeys (ConfUtils.java:logFallback(53)) - raft.server.rpc.first-election.timeout.max = 5200ms (fallback to raft.server.rpc.timeout.max)
2024-04-26 07:43:48,688 [2f58e8cd-28e0-414a-bc84-31490c64287f-groupManagement] INFO  util.JmxRegister (JmxRegister.java:tryRegister(44)) - Successfully registered JMX Bean with object name Ratis:service=RaftServer,group=group-8681D727A52F,id=2f58e8cd-28e0-414a-bc84-31490c64287f
2024-04-26 07:43:48,688 [2f58e8cd-28e0-414a-bc84-31490c64287f-groupManagement] INFO  server.RaftServerConfigKeys (ConfUtils.java:logGet(46)) - raft.server.snapshot.trigger-when-stop.enabled = true (default)
2024-04-26 07:43:48,688 [2f58e8cd-28e0-414a-bc84-31490c64287f-groupManagement] INFO  server.RaftServerConfigKeys (ConfUtils.java:logGet(46)) - raft.server.snapshot.auto.trigger.enabled = true (custom)
2024-04-26 07:43:48,688 [2f58e8cd-28e0-414a-bc84-31490c64287f-groupManagement] INFO  server.RaftServerConfigKeys (ConfUtils.java:logGet(46)) - raft.server.snapshot.auto.trigger.threshold = 10000 (custom)
2024-04-26 07:43:48,688 [2f58e8cd-28e0-414a-bc84-31490c64287f-groupManagement] INFO  server.RaftServerConfigKeys (ConfUtils.java:logGet(46)) - raft.server.snapshot.retention.file.num = 5 (custom)
2024-04-26 07:43:48,688 [2f58e8cd-28e0-414a-bc84-31490c64287f-groupManagement] INFO  server.RaftServerConfigKeys (ConfUtils.java:logGet(46)) - raft.server.log.purge.upto.snapshot.index = false (default)
2024-04-26 07:43:48,694 [84e7e7d6-61bf-4ff4-b705-307942077190-PipelineCommandHandlerThread-0] INFO  commandhandler.CreatePipelineCommandHandler (CreatePipelineCommandHandler.java:lambda$handle$2(124)) - Created Pipeline RATIS THREE PipelineID=06776fe5-cc01-4eb7-ac51-8681d727a52f.
2024-04-26 07:43:48,699 [14d9c642-7495-4fc5-a0b1-a63fd7fd9772-PipelineCommandHandlerThread-0] INFO  server.RaftServer (RaftServerProxy.java:addNew(100)) - 14d9c642-7495-4fc5-a0b1-a63fd7fd9772: addNew group-92B9C4CB7A94:[14d9c642-7495-4fc5-a0b1-a63fd7fd9772|127.0.0.1:15139] returns group-92B9C4CB7A94:java.util.concurrent.CompletableFuture@6b1f7d46[Not completed]
2024-04-26 07:43:48,699 [14d9c642-7495-4fc5-a0b1-a63fd7fd9772-groupManagement] INFO  server.RaftServer$Division (RaftServerImpl.java:<init>(256)) - 14d9c642-7495-4fc5-a0b1-a63fd7fd9772: new RaftServerImpl for group-92B9C4CB7A94:[14d9c642-7495-4fc5-a0b1-a63fd7fd9772|127.0.0.1:15139] with ContainerStateMachine:uninitialized
2024-04-26 07:43:48,699 [14d9c642-7495-4fc5-a0b1-a63fd7fd9772-groupManagement] INFO  server.RaftServerConfigKeys (ConfUtils.java:logGet(46)) - raft.server.rpc.timeout.min = 5s (custom)
2024-04-26 07:43:48,700 [14d9c642-7495-4fc5-a0b1-a63fd7fd9772-groupManagement] INFO  server.RaftServerConfigKeys (ConfUtils.java:logGet(46)) - raft.server.rpc.timeout.max = 5200ms (custom)
2024-04-26 07:43:48,700 [14d9c642-7495-4fc5-a0b1-a63fd7fd9772-groupManagement] INFO  server.RaftServerConfigKeys (ConfUtils.java:logGet(46)) - raft.server.rpc.sleep.time = 25ms (default)
2024-04-26 07:43:48,700 [14d9c642-7495-4fc5-a0b1-a63fd7fd9772-groupManagement] INFO  server.RaftServerConfigKeys (ConfUtils.java:logGet(46)) - raft.server.rpc.slowness.timeout = 300000ms (custom)
2024-04-26 07:43:48,700 [14d9c642-7495-4fc5-a0b1-a63fd7fd9772-groupManagement] INFO  server.RaftServerConfigKeys (ConfUtils.java:logGet(46)) - raft.server.leaderelection.leader.step-down.wait-time = 10s (default)
2024-04-26 07:43:48,700 [14d9c642-7495-4fc5-a0b1-a63fd7fd9772-groupManagement] INFO  server.RaftServerConfigKeys (ConfUtils.java:logGet(46)) - raft.server.leaderelection.member.majority-add = false (default)
2024-04-26 07:43:48,700 [14d9c642-7495-4fc5-a0b1-a63fd7fd9772-groupManagement] INFO  server.RaftServerConfigKeys (ConfUtils.java:logGet(46)) - raft.server.sleep.deviation.threshold = 300ms (default)
2024-04-26 07:43:48,700 [14d9c642-7495-4fc5-a0b1-a63fd7fd9772-groupManagement] INFO  server.RaftServer$Division (ServerState.java:<init>(113)) - 14d9c642-7495-4fc5-a0b1-a63fd7fd9772@group-92B9C4CB7A94: ConfigurationManager, init=-1: peers:[14d9c642-7495-4fc5-a0b1-a63fd7fd9772|127.0.0.1:15139]|listeners:[], old=null, confs=<EMPTY_MAP>
2024-04-26 07:43:48,700 [14d9c642-7495-4fc5-a0b1-a63fd7fd9772-groupManagement] INFO  server.RaftServerConfigKeys (ConfUtils.java:logGet(46)) - raft.server.notification.no-leader.timeout = 300000ms (custom)
2024-04-26 07:43:48,700 [14d9c642-7495-4fc5-a0b1-a63fd7fd9772-groupManagement] INFO  server.RaftServerConfigKeys (ConfUtils.java:logGet(46)) - raft.server.read.timeout = 10s (default)
2024-04-26 07:43:48,700 [14d9c642-7495-4fc5-a0b1-a63fd7fd9772-groupManagement] INFO  server.RaftServerConfigKeys (ConfUtils.java:logGet(46)) - raft.server.retrycache.expirytime = 600000ms (custom)
2024-04-26 07:43:48,700 [14d9c642-7495-4fc5-a0b1-a63fd7fd9772-groupManagement] INFO  server.RaftServerConfigKeys (ConfUtils.java:logGet(46)) - raft.server.retrycache.statistics.expirytime = 100ms (default)
2024-04-26 07:43:48,700 [14d9c642-7495-4fc5-a0b1-a63fd7fd9772-groupManagement] INFO  server.RaftServerConfigKeys (ConfUtils.java:logGet(46)) - raft.server.read.option = DEFAULT (default)
2024-04-26 07:43:48,700 [14d9c642-7495-4fc5-a0b1-a63fd7fd9772-groupManagement] INFO  server.RaftServerConfigKeys (ConfUtils.java:logGet(46)) - raft.server.read.read-after-write-consistent.write-index-cache.expiry-time = 60s (default)
2024-04-26 07:43:48,702 [14d9c642-7495-4fc5-a0b1-a63fd7fd9772-groupManagement] INFO  server.RaftServerConfigKeys (ConfUtils.java:logGet(46)) - raft.server.rpc.request.timeout = 3000ms (default)
2024-04-26 07:43:48,702 [14d9c642-7495-4fc5-a0b1-a63fd7fd9772-groupManagement] INFO  server.RaftServerConfigKeys (ConfUtils.java:logGet(46)) - raft.server.log.appender.install.snapshot.enabled = false (custom)
2024-04-26 07:43:48,702 [14d9c642-7495-4fc5-a0b1-a63fd7fd9772-groupManagement] INFO  server.RaftServerConfigKeys (ConfUtils.java:logGet(46)) - raft.server.threadpool.server.cached = true (default)
2024-04-26 07:43:48,703 [14d9c642-7495-4fc5-a0b1-a63fd7fd9772-groupManagement] INFO  server.RaftServerConfigKeys (ConfUtils.java:logGet(46)) - raft.server.threadpool.server.size = 0 (default)
2024-04-26 07:43:48,703 [14d9c642-7495-4fc5-a0b1-a63fd7fd9772-groupManagement] INFO  server.RaftServerConfigKeys (ConfUtils.java:logGet(46)) - raft.server.threadpool.client.cached = true (default)
2024-04-26 07:43:48,703 [14d9c642-7495-4fc5-a0b1-a63fd7fd9772-groupManagement] INFO  server.RaftServerConfigKeys (ConfUtils.java:logGet(46)) - raft.server.threadpool.client.size = 0 (default)
2024-04-26 07:43:48,703 [14d9c642-7495-4fc5-a0b1-a63fd7fd9772-groupManagement] INFO  server.RaftServerConfigKeys (ConfUtils.java:logGet(46)) - raft.server.storage.free-space.min = 0MB (=0) (default)
2024-04-26 07:43:48,703 [14d9c642-7495-4fc5-a0b1-a63fd7fd9772-groupManagement] INFO  server.RaftServerConfigKeys (ConfUtils.java:logGet(46)) - raft.server.log.corruption.policy = EXCEPTION (default)
2024-04-26 07:43:48,703 [14d9c642-7495-4fc5-a0b1-a63fd7fd9772-groupManagement] INFO  server.RaftServerConfigKeys (ConfUtils.java:logGet(46)) - raft.server.storage.dir = [/home/runner/work/ozone/ozone/hadoop-ozone/integration-test/target/test-dir/MiniOzoneClusterImpl-a56b3a23-5bf6-4b5b-a0fe-007206924a4e/ozone-meta/datanode-5/ratis] (custom)
2024-04-26 07:43:48,703 [14d9c642-7495-4fc5-a0b1-a63fd7fd9772-groupManagement] INFO  storage.RaftStorageDirectory (RaftStorageDirectoryImpl.java:analyzeStorage(138)) - The storage directory /home/runner/work/ozone/ozone/hadoop-ozone/integration-test/target/test-dir/MiniOzoneClusterImpl-a56b3a23-5bf6-4b5b-a0fe-007206924a4e/ozone-meta/datanode-5/ratis/403c005a-4e0b-4773-b31c-92b9c4cb7a94 does not exist. Creating ...
2024-04-26 07:43:48,704 [14d9c642-7495-4fc5-a0b1-a63fd7fd9772-groupManagement] INFO  storage.RaftStorageDirectory (RaftStorageDirectoryImpl.java:tryLock(228)) - Lock on /home/runner/work/ozone/ozone/hadoop-ozone/integration-test/target/test-dir/MiniOzoneClusterImpl-a56b3a23-5bf6-4b5b-a0fe-007206924a4e/ozone-meta/datanode-5/ratis/403c005a-4e0b-4773-b31c-92b9c4cb7a94/in_use.lock acquired by nodename 21422@fv-az1107-628
2024-04-26 07:43:48,705 [14d9c642-7495-4fc5-a0b1-a63fd7fd9772-groupManagement] INFO  storage.RaftStorage (RaftStorageImpl.java:format(99)) - Storage directory /home/runner/work/ozone/ozone/hadoop-ozone/integration-test/target/test-dir/MiniOzoneClusterImpl-a56b3a23-5bf6-4b5b-a0fe-007206924a4e/ozone-meta/datanode-5/ratis/403c005a-4e0b-4773-b31c-92b9c4cb7a94 has been successfully formatted.
2024-04-26 07:43:48,705 [14d9c642-7495-4fc5-a0b1-a63fd7fd9772-groupManagement] WARN  util.FileUtils (LogUtils.java:supplyAndLog(63)) - Failed to Files.newInputStream /home/runner/work/ozone/ozone/hadoop-ozone/integration-test/target/test-dir/MiniOzoneClusterImpl-a56b3a23-5bf6-4b5b-a0fe-007206924a4e/ozone-meta/datanode-5/ratis/403c005a-4e0b-4773-b31c-92b9c4cb7a94/current/raft-meta.conf with options []: java.nio.file.NoSuchFileException: /home/runner/work/ozone/ozone/hadoop-ozone/integration-test/target/test-dir/MiniOzoneClusterImpl-a56b3a23-5bf6-4b5b-a0fe-007206924a4e/ozone-meta/datanode-5/ratis/403c005a-4e0b-4773-b31c-92b9c4cb7a94/current/raft-meta.conf
2024-04-26 07:43:48,705 [14d9c642-7495-4fc5-a0b1-a63fd7fd9772-groupManagement] INFO  ratis.ContainerStateMachine (ContainerStateMachine.java:loadSnapshot(287)) - group-92B9C4CB7A94: The snapshot info is null. Setting the last applied index to:(t:0, i:~)
2024-04-26 07:43:48,705 [14d9c642-7495-4fc5-a0b1-a63fd7fd9772-groupManagement] INFO  server.RaftServerConfigKeys (ConfUtils.java:logGet(46)) - raft.server.log.use.memory = false (default)
2024-04-26 07:43:48,705 [14d9c642-7495-4fc5-a0b1-a63fd7fd9772-groupManagement] INFO  server.RaftServerConfigKeys (ConfUtils.java:logGet(46)) - raft.server.log.purge.gap = 1000000 (custom)
2024-04-26 07:43:48,705 [14d9c642-7495-4fc5-a0b1-a63fd7fd9772-groupManagement] INFO  server.RaftServerConfigKeys (ConfUtils.java:logGet(46)) - raft.server.log.appender.buffer.byte-limit = 8388608 (custom)
2024-04-26 07:43:48,705 [14d9c642-7495-4fc5-a0b1-a63fd7fd9772-groupManagement] INFO  server.RaftServerConfigKeys (ConfUtils.java:logGet(46)) - raft.server.log.statemachine.data.read.timeout = 1000ms (default)
2024-04-26 07:43:48,705 [14d9c642-7495-4fc5-a0b1-a63fd7fd9772-groupManagement] INFO  server.RaftServerConfigKeys (ConfUtils.java:logGet(46)) - raft.server.log.purge.preservation.log.num = 0 (default)
2024-04-26 07:43:48,707 [EventQueue-PipelineReportForPipelineReportHandler] INFO  pipeline.PipelineReportHandler (PipelineReportHandler.java:processPipelineReport(136)) - Opened pipeline PipelineID=403c005a-4e0b-4773-b31c-92b9c4cb7a94
2024-04-26 07:43:48,707 [EventQueue-OpenPipelineForHealthyPipelineSafeModeRule] INFO  safemode.SCMSafeModeManager (HealthyPipelineSafeModeRule.java:process(140)) - SCM in safe mode. Healthy pipelines reported count is 0, required healthy pipeline reported count is 1
2024-04-26 07:43:48,707 [14d9c642-7495-4fc5-a0b1-a63fd7fd9772-groupManagement] INFO  server.RaftServerConfigKeys (ConfUtils.java:logGet(46)) - raft.server.log.segment.size.max = 67108864 (custom)
2024-04-26 07:43:48,708 [14d9c642-7495-4fc5-a0b1-a63fd7fd9772-groupManagement] INFO  server.RaftServerConfigKeys (ConfUtils.java:logGet(46)) - raft.server.log.segment.cache.num.max = 2 (custom)
2024-04-26 07:43:48,708 [14d9c642-7495-4fc5-a0b1-a63fd7fd9772-groupManagement] INFO  server.RaftServerConfigKeys (ConfUtils.java:logGet(46)) - raft.server.log.segment.cache.size.max = 200MB (=209715200) (default)
2024-04-26 07:43:48,708 [14d9c642-7495-4fc5-a0b1-a63fd7fd9772-groupManagement] INFO  server.RaftServerConfigKeys (ConfUtils.java:logGet(46)) - raft.server.log.appender.buffer.byte-limit = 8388608 (custom)
2024-04-26 07:43:48,708 [14d9c642-7495-4fc5-a0b1-a63fd7fd9772-groupManagement] INFO  util.AwaitToRun (AwaitToRun.java:start(81)) - Thread[14d9c642-7495-4fc5-a0b1-a63fd7fd9772@group-92B9C4CB7A94-cacheEviction-AwaitToRun,5,main] started
2024-04-26 07:43:48,708 [14d9c642-7495-4fc5-a0b1-a63fd7fd9772-groupManagement] INFO  segmented.SegmentedRaftLogWorker (SegmentedRaftLogWorker.java:<init>(182)) - new 14d9c642-7495-4fc5-a0b1-a63fd7fd9772@group-92B9C4CB7A94-SegmentedRaftLogWorker for RaftStorageImpl:Storage Directory /home/runner/work/ozone/ozone/hadoop-ozone/integration-test/target/test-dir/MiniOzoneClusterImpl-a56b3a23-5bf6-4b5b-a0fe-007206924a4e/ozone-meta/datanode-5/ratis/403c005a-4e0b-4773-b31c-92b9c4cb7a94
2024-04-26 07:43:48,708 [14d9c642-7495-4fc5-a0b1-a63fd7fd9772-groupManagement] INFO  server.RaftServerConfigKeys (ConfUtils.java:logGet(46)) - raft.server.log.queue.byte-limit = 4294967296 (custom)
2024-04-26 07:43:48,708 [14d9c642-7495-4fc5-a0b1-a63fd7fd9772-groupManagement] INFO  server.RaftServerConfigKeys (ConfUtils.java:logGet(46)) - raft.server.log.queue.element-limit = 1024 (custom)
2024-04-26 07:43:48,708 [14d9c642-7495-4fc5-a0b1-a63fd7fd9772-groupManagement] INFO  server.RaftServerConfigKeys (ConfUtils.java:logGet(46)) - raft.server.log.segment.size.max = 67108864 (custom)
2024-04-26 07:43:48,708 [14d9c642-7495-4fc5-a0b1-a63fd7fd9772-groupManagement] INFO  server.RaftServerConfigKeys (ConfUtils.java:logGet(46)) - raft.server.log.preallocated.size = 4194304 (custom)
2024-04-26 07:43:48,708 [14d9c642-7495-4fc5-a0b1-a63fd7fd9772-groupManagement] INFO  server.RaftServerConfigKeys (ConfUtils.java:logGet(46)) - raft.server.log.force.sync.num = 128 (default)
2024-04-26 07:43:48,708 [14d9c642-7495-4fc5-a0b1-a63fd7fd9772-groupManagement] INFO  server.RaftServerConfigKeys (ConfUtils.java:logGet(46)) - raft.server.log.statemachine.data.sync = true (default)
2024-04-26 07:43:48,708 [14d9c642-7495-4fc5-a0b1-a63fd7fd9772-groupManagement] INFO  server.RaftServerConfigKeys (ConfUtils.java:logGet(46)) - raft.server.log.statemachine.data.sync.timeout = 10s (default)
2024-04-26 07:43:48,708 [14d9c642-7495-4fc5-a0b1-a63fd7fd9772-groupManagement] INFO  server.RaftServerConfigKeys (ConfUtils.java:logGet(46)) - raft.server.log.statemachine.data.sync.timeout.retry = 30 (custom)
2024-04-26 07:43:48,709 [14d9c642-7495-4fc5-a0b1-a63fd7fd9772-groupManagement] INFO  server.RaftServerConfigKeys (ConfUtils.java:logGet(46)) - raft.server.log.write.buffer.size = 8388616 (custom)
2024-04-26 07:43:48,710 [14d9c642-7495-4fc5-a0b1-a63fd7fd9772-groupManagement] INFO  server.RaftServerConfigKeys (ConfUtils.java:logGet(46)) - raft.server.log.appender.buffer.byte-limit = 8388608 (custom)
2024-04-26 07:43:48,710 [14d9c642-7495-4fc5-a0b1-a63fd7fd9772-groupManagement] INFO  server.RaftServerConfigKeys (ConfUtils.java:logGet(46)) - raft.server.log.unsafe-flush.enabled = false (default)
2024-04-26 07:43:48,710 [14d9c642-7495-4fc5-a0b1-a63fd7fd9772-groupManagement] INFO  server.RaftServerConfigKeys (ConfUtils.java:logGet(46)) - raft.server.log.async-flush.enabled = false (default)
2024-04-26 07:43:48,710 [14d9c642-7495-4fc5-a0b1-a63fd7fd9772-groupManagement] INFO  server.RaftServerConfigKeys (ConfUtils.java:logGet(46)) - raft.server.log.statemachine.data.caching.enabled = true (custom)
2024-04-26 07:43:48,710 [14d9c642-7495-4fc5-a0b1-a63fd7fd9772-groupManagement] INFO  segmented.SegmentedRaftLogWorker (SegmentedRaftLogWorker.java:lambda$new$0(134)) - 14d9c642-7495-4fc5-a0b1-a63fd7fd9772@group-92B9C4CB7A94-SegmentedRaftLogWorker: flushIndex: setUnconditionally 0 -> -1
2024-04-26 07:43:48,710 [14d9c642-7495-4fc5-a0b1-a63fd7fd9772-groupManagement] INFO  segmented.SegmentedRaftLogWorker (SegmentedRaftLogWorker.java:lambda$new$0(134)) - 14d9c642-7495-4fc5-a0b1-a63fd7fd9772@group-92B9C4CB7A94-SegmentedRaftLogWorker: safeCacheEvictIndex: setUnconditionally 0 -> -1
2024-04-26 07:43:48,711 [14d9c642-7495-4fc5-a0b1-a63fd7fd9772-groupManagement] INFO  server.RaftServer$Division (RaftServerImpl.java:start(396)) - 14d9c642-7495-4fc5-a0b1-a63fd7fd9772@group-92B9C4CB7A94: start as a follower, conf=-1: peers:[14d9c642-7495-4fc5-a0b1-a63fd7fd9772|127.0.0.1:15139]|listeners:[], old=null
2024-04-26 07:43:48,711 [14d9c642-7495-4fc5-a0b1-a63fd7fd9772-groupManagement] INFO  server.RaftServer$Division (RaftServerImpl.java:setRole(383)) - 14d9c642-7495-4fc5-a0b1-a63fd7fd9772@group-92B9C4CB7A94: changes role from      null to FOLLOWER at term 0 for startAsFollower
2024-04-26 07:43:48,711 [14d9c642-7495-4fc5-a0b1-a63fd7fd9772-groupManagement] INFO  impl.RoleInfo (RoleInfo.java:updateAndGet(139)) - 14d9c642-7495-4fc5-a0b1-a63fd7fd9772: start 14d9c642-7495-4fc5-a0b1-a63fd7fd9772@group-92B9C4CB7A94-FollowerState
2024-04-26 07:43:48,711 [14d9c642-7495-4fc5-a0b1-a63fd7fd9772-groupManagement] INFO  util.JmxRegister (JmxRegister.java:tryRegister(44)) - Successfully registered JMX Bean with object name Ratis:service=RaftServer,group=group-92B9C4CB7A94,id=14d9c642-7495-4fc5-a0b1-a63fd7fd9772
2024-04-26 07:43:48,711 [14d9c642-7495-4fc5-a0b1-a63fd7fd9772-groupManagement] INFO  server.RaftServerConfigKeys (ConfUtils.java:logGet(46)) - raft.server.snapshot.trigger-when-stop.enabled = true (default)
2024-04-26 07:43:48,711 [14d9c642-7495-4fc5-a0b1-a63fd7fd9772-groupManagement] INFO  server.RaftServerConfigKeys (ConfUtils.java:logGet(46)) - raft.server.snapshot.auto.trigger.enabled = true (custom)
2024-04-26 07:43:48,711 [14d9c642-7495-4fc5-a0b1-a63fd7fd9772-groupManagement] INFO  server.RaftServerConfigKeys (ConfUtils.java:logGet(46)) - raft.server.snapshot.auto.trigger.threshold = 10000 (custom)
2024-04-26 07:43:48,711 [14d9c642-7495-4fc5-a0b1-a63fd7fd9772-groupManagement] INFO  server.RaftServerConfigKeys (ConfUtils.java:logGet(46)) - raft.server.snapshot.retention.file.num = 5 (custom)
2024-04-26 07:43:48,711 [14d9c642-7495-4fc5-a0b1-a63fd7fd9772-groupManagement] INFO  server.RaftServerConfigKeys (ConfUtils.java:logGet(46)) - raft.server.log.purge.upto.snapshot.index = false (default)
2024-04-26 07:43:48,712 [14d9c642-7495-4fc5-a0b1-a63fd7fd9772-PipelineCommandHandlerThread-0] INFO  ratis.XceiverServerRatis (XceiverServerRatis.java:addGroup(864)) - Created group PipelineID=403c005a-4e0b-4773-b31c-92b9c4cb7a94
2024-04-26 07:43:48,712 [14d9c642-7495-4fc5-a0b1-a63fd7fd9772-PipelineCommandHandlerThread-0] INFO  commandhandler.CreatePipelineCommandHandler (CreatePipelineCommandHandler.java:lambda$handle$2(124)) - Created Pipeline RATIS ONE PipelineID=403c005a-4e0b-4773-b31c-92b9c4cb7a94.
2024-04-26 07:43:48,711 [14d9c642-7495-4fc5-a0b1-a63fd7fd9772@group-92B9C4CB7A94-FollowerState] INFO  server.RaftServerConfigKeys (ConfUtils.java:logFallback(53)) - raft.server.rpc.first-election.timeout.min = 5s (fallback to raft.server.rpc.timeout.min)
2024-04-26 07:43:48,712 [14d9c642-7495-4fc5-a0b1-a63fd7fd9772@group-92B9C4CB7A94-FollowerState] INFO  server.RaftServerConfigKeys (ConfUtils.java:logFallback(53)) - raft.server.rpc.first-election.timeout.max = 5200ms (fallback to raft.server.rpc.timeout.max)
2024-04-26 07:43:48,804 [2f58e8cd-28e0-414a-bc84-31490c64287f-PipelineCommandHandlerThread-0] INFO  server.RaftServer (RaftServerProxy.java:addNew(100)) - 2f58e8cd-28e0-414a-bc84-31490c64287f: addNew group-04F35EF3D096:[2f58e8cd-28e0-414a-bc84-31490c64287f|127.0.0.1:15148] returns group-04F35EF3D096:java.util.concurrent.CompletableFuture@55b52e3b[Not completed]
2024-04-26 07:43:48,804 [2f58e8cd-28e0-414a-bc84-31490c64287f-groupManagement] INFO  server.RaftServer$Division (RaftServerImpl.java:<init>(256)) - 2f58e8cd-28e0-414a-bc84-31490c64287f: new RaftServerImpl for group-04F35EF3D096:[2f58e8cd-28e0-414a-bc84-31490c64287f|127.0.0.1:15148] with ContainerStateMachine:uninitialized
2024-04-26 07:43:48,804 [2f58e8cd-28e0-414a-bc84-31490c64287f-groupManagement] INFO  server.RaftServerConfigKeys (ConfUtils.java:logGet(46)) - raft.server.rpc.timeout.min = 5s (custom)
2024-04-26 07:43:48,804 [2f58e8cd-28e0-414a-bc84-31490c64287f-groupManagement] INFO  server.RaftServerConfigKeys (ConfUtils.java:logGet(46)) - raft.server.rpc.timeout.max = 5200ms (custom)
2024-04-26 07:43:48,804 [2f58e8cd-28e0-414a-bc84-31490c64287f-groupManagement] INFO  server.RaftServerConfigKeys (ConfUtils.java:logGet(46)) - raft.server.rpc.sleep.time = 25ms (default)
2024-04-26 07:43:48,804 [2f58e8cd-28e0-414a-bc84-31490c64287f-groupManagement] INFO  server.RaftServerConfigKeys (ConfUtils.java:logGet(46)) - raft.server.rpc.slowness.timeout = 300000ms (custom)
2024-04-26 07:43:48,805 [2f58e8cd-28e0-414a-bc84-31490c64287f-groupManagement] INFO  server.RaftServerConfigKeys (ConfUtils.java:logGet(46)) - raft.server.leaderelection.leader.step-down.wait-time = 10s (default)
2024-04-26 07:43:48,805 [2f58e8cd-28e0-414a-bc84-31490c64287f-groupManagement] INFO  server.RaftServerConfigKeys (ConfUtils.java:logGet(46)) - raft.server.leaderelection.member.majority-add = false (default)
2024-04-26 07:43:48,805 [2f58e8cd-28e0-414a-bc84-31490c64287f-groupManagement] INFO  server.RaftServerConfigKeys (ConfUtils.java:logGet(46)) - raft.server.sleep.deviation.threshold = 300ms (default)
2024-04-26 07:43:48,805 [2f58e8cd-28e0-414a-bc84-31490c64287f-groupManagement] INFO  server.RaftServer$Division (ServerState.java:<init>(113)) - 2f58e8cd-28e0-414a-bc84-31490c64287f@group-04F35EF3D096: ConfigurationManager, init=-1: peers:[2f58e8cd-28e0-414a-bc84-31490c64287f|127.0.0.1:15148]|listeners:[], old=null, confs=<EMPTY_MAP>
2024-04-26 07:43:48,805 [2f58e8cd-28e0-414a-bc84-31490c64287f-groupManagement] INFO  server.RaftServerConfigKeys (ConfUtils.java:logGet(46)) - raft.server.notification.no-leader.timeout = 300000ms (custom)
2024-04-26 07:43:48,805 [2f58e8cd-28e0-414a-bc84-31490c64287f-groupManagement] INFO  server.RaftServerConfigKeys (ConfUtils.java:logGet(46)) - raft.server.read.timeout = 10s (default)
2024-04-26 07:43:48,805 [2f58e8cd-28e0-414a-bc84-31490c64287f-groupManagement] INFO  server.RaftServerConfigKeys (ConfUtils.java:logGet(46)) - raft.server.retrycache.expirytime = 600000ms (custom)
2024-04-26 07:43:48,805 [2f58e8cd-28e0-414a-bc84-31490c64287f-groupManagement] INFO  server.RaftServerConfigKeys (ConfUtils.java:logGet(46)) - raft.server.retrycache.statistics.expirytime = 100ms (default)
2024-04-26 07:43:48,805 [2f58e8cd-28e0-414a-bc84-31490c64287f-groupManagement] INFO  server.RaftServerConfigKeys (ConfUtils.java:logGet(46)) - raft.server.read.option = DEFAULT (default)
2024-04-26 07:43:48,805 [2f58e8cd-28e0-414a-bc84-31490c64287f-groupManagement] INFO  server.RaftServerConfigKeys (ConfUtils.java:logGet(46)) - raft.server.read.read-after-write-consistent.write-index-cache.expiry-time = 60s (default)
2024-04-26 07:43:48,807 [2f58e8cd-28e0-414a-bc84-31490c64287f-groupManagement] INFO  server.RaftServerConfigKeys (ConfUtils.java:logGet(46)) - raft.server.rpc.request.timeout = 3000ms (default)
2024-04-26 07:43:48,807 [2f58e8cd-28e0-414a-bc84-31490c64287f-groupManagement] INFO  server.RaftServerConfigKeys (ConfUtils.java:logGet(46)) - raft.server.log.appender.install.snapshot.enabled = false (custom)
2024-04-26 07:43:48,807 [2f58e8cd-28e0-414a-bc84-31490c64287f-groupManagement] INFO  server.RaftServerConfigKeys (ConfUtils.java:logGet(46)) - raft.server.threadpool.server.cached = true (default)
2024-04-26 07:43:48,807 [2f58e8cd-28e0-414a-bc84-31490c64287f-groupManagement] INFO  server.RaftServerConfigKeys (ConfUtils.java:logGet(46)) - raft.server.threadpool.server.size = 0 (default)
2024-04-26 07:43:48,807 [2f58e8cd-28e0-414a-bc84-31490c64287f-groupManagement] INFO  server.RaftServerConfigKeys (ConfUtils.java:logGet(46)) - raft.server.threadpool.client.cached = true (default)
2024-04-26 07:43:48,807 [2f58e8cd-28e0-414a-bc84-31490c64287f-groupManagement] INFO  server.RaftServerConfigKeys (ConfUtils.java:logGet(46)) - raft.server.threadpool.client.size = 0 (default)
2024-04-26 07:43:48,807 [2f58e8cd-28e0-414a-bc84-31490c64287f-groupManagement] INFO  server.RaftServerConfigKeys (ConfUtils.java:logGet(46)) - raft.server.storage.free-space.min = 0MB (=0) (default)
2024-04-26 07:43:48,807 [2f58e8cd-28e0-414a-bc84-31490c64287f-groupManagement] INFO  server.RaftServerConfigKeys (ConfUtils.java:logGet(46)) - raft.server.log.corruption.policy = EXCEPTION (default)
2024-04-26 07:43:48,807 [2f58e8cd-28e0-414a-bc84-31490c64287f-groupManagement] INFO  server.RaftServerConfigKeys (ConfUtils.java:logGet(46)) - raft.server.storage.dir = [/home/runner/work/ozone/ozone/hadoop-ozone/integration-test/target/test-dir/MiniOzoneClusterImpl-a56b3a23-5bf6-4b5b-a0fe-007206924a4e/ozone-meta/datanode-6/ratis] (custom)
2024-04-26 07:43:48,807 [2f58e8cd-28e0-414a-bc84-31490c64287f-groupManagement] INFO  storage.RaftStorageDirectory (RaftStorageDirectoryImpl.java:analyzeStorage(138)) - The storage directory /home/runner/work/ozone/ozone/hadoop-ozone/integration-test/target/test-dir/MiniOzoneClusterImpl-a56b3a23-5bf6-4b5b-a0fe-007206924a4e/ozone-meta/datanode-6/ratis/6bf02e47-75b5-4427-a481-04f35ef3d096 does not exist. Creating ...
2024-04-26 07:43:48,809 [2f58e8cd-28e0-414a-bc84-31490c64287f-groupManagement] INFO  storage.RaftStorageDirectory (RaftStorageDirectoryImpl.java:tryLock(228)) - Lock on /home/runner/work/ozone/ozone/hadoop-ozone/integration-test/target/test-dir/MiniOzoneClusterImpl-a56b3a23-5bf6-4b5b-a0fe-007206924a4e/ozone-meta/datanode-6/ratis/6bf02e47-75b5-4427-a481-04f35ef3d096/in_use.lock acquired by nodename 21422@fv-az1107-628
2024-04-26 07:43:48,810 [2f58e8cd-28e0-414a-bc84-31490c64287f-groupManagement] INFO  storage.RaftStorage (RaftStorageImpl.java:format(99)) - Storage directory /home/runner/work/ozone/ozone/hadoop-ozone/integration-test/target/test-dir/MiniOzoneClusterImpl-a56b3a23-5bf6-4b5b-a0fe-007206924a4e/ozone-meta/datanode-6/ratis/6bf02e47-75b5-4427-a481-04f35ef3d096 has been successfully formatted.
2024-04-26 07:43:48,810 [2f58e8cd-28e0-414a-bc84-31490c64287f-groupManagement] WARN  util.FileUtils (LogUtils.java:supplyAndLog(63)) - Failed to Files.newInputStream /home/runner/work/ozone/ozone/hadoop-ozone/integration-test/target/test-dir/MiniOzoneClusterImpl-a56b3a23-5bf6-4b5b-a0fe-007206924a4e/ozone-meta/datanode-6/ratis/6bf02e47-75b5-4427-a481-04f35ef3d096/current/raft-meta.conf with options []: java.nio.file.NoSuchFileException: /home/runner/work/ozone/ozone/hadoop-ozone/integration-test/target/test-dir/MiniOzoneClusterImpl-a56b3a23-5bf6-4b5b-a0fe-007206924a4e/ozone-meta/datanode-6/ratis/6bf02e47-75b5-4427-a481-04f35ef3d096/current/raft-meta.conf
2024-04-26 07:43:48,810 [2f58e8cd-28e0-414a-bc84-31490c64287f-groupManagement] INFO  ratis.ContainerStateMachine (ContainerStateMachine.java:loadSnapshot(287)) - group-04F35EF3D096: The snapshot info is null. Setting the last applied index to:(t:0, i:~)
2024-04-26 07:43:48,810 [2f58e8cd-28e0-414a-bc84-31490c64287f-groupManagement] INFO  server.RaftServerConfigKeys (ConfUtils.java:logGet(46)) - raft.server.log.use.memory = false (default)
2024-04-26 07:43:48,810 [2f58e8cd-28e0-414a-bc84-31490c64287f-groupManagement] INFO  server.RaftServerConfigKeys (ConfUtils.java:logGet(46)) - raft.server.log.purge.gap = 1000000 (custom)
2024-04-26 07:43:48,810 [2f58e8cd-28e0-414a-bc84-31490c64287f-groupManagement] INFO  server.RaftServerConfigKeys (ConfUtils.java:logGet(46)) - raft.server.log.appender.buffer.byte-limit = 8388608 (custom)
2024-04-26 07:43:48,810 [2f58e8cd-28e0-414a-bc84-31490c64287f-groupManagement] INFO  server.RaftServerConfigKeys (ConfUtils.java:logGet(46)) - raft.server.log.statemachine.data.read.timeout = 1000ms (default)
2024-04-26 07:43:48,810 [2f58e8cd-28e0-414a-bc84-31490c64287f-groupManagement] INFO  server.RaftServerConfigKeys (ConfUtils.java:logGet(46)) - raft.server.log.purge.preservation.log.num = 0 (default)
2024-04-26 07:43:48,812 [2f58e8cd-28e0-414a-bc84-31490c64287f-groupManagement] INFO  server.RaftServerConfigKeys (ConfUtils.java:logGet(46)) - raft.server.log.segment.size.max = 67108864 (custom)
2024-04-26 07:43:48,812 [EventQueue-PipelineReportForPipelineReportHandler] INFO  pipeline.PipelineReportHandler (PipelineReportHandler.java:processPipelineReport(136)) - Opened pipeline PipelineID=6bf02e47-75b5-4427-a481-04f35ef3d096
2024-04-26 07:43:48,812 [2f58e8cd-28e0-414a-bc84-31490c64287f-groupManagement] INFO  server.RaftServerConfigKeys (ConfUtils.java:logGet(46)) - raft.server.log.segment.cache.num.max = 2 (custom)
2024-04-26 07:43:48,812 [2f58e8cd-28e0-414a-bc84-31490c64287f-groupManagement] INFO  server.RaftServerConfigKeys (ConfUtils.java:logGet(46)) - raft.server.log.segment.cache.size.max = 200MB (=209715200) (default)
2024-04-26 07:43:48,812 [2f58e8cd-28e0-414a-bc84-31490c64287f-groupManagement] INFO  server.RaftServerConfigKeys (ConfUtils.java:logGet(46)) - raft.server.log.appender.buffer.byte-limit = 8388608 (custom)
2024-04-26 07:43:48,812 [EventQueue-OpenPipelineForHealthyPipelineSafeModeRule] INFO  safemode.SCMSafeModeManager (HealthyPipelineSafeModeRule.java:process(140)) - SCM in safe mode. Healthy pipelines reported count is 0, required healthy pipeline reported count is 1
2024-04-26 07:43:48,813 [2f58e8cd-28e0-414a-bc84-31490c64287f-groupManagement] INFO  util.AwaitToRun (AwaitToRun.java:start(81)) - Thread[2f58e8cd-28e0-414a-bc84-31490c64287f@group-04F35EF3D096-cacheEviction-AwaitToRun,5,main] started
2024-04-26 07:43:48,813 [2f58e8cd-28e0-414a-bc84-31490c64287f-groupManagement] INFO  segmented.SegmentedRaftLogWorker (SegmentedRaftLogWorker.java:<init>(182)) - new 2f58e8cd-28e0-414a-bc84-31490c64287f@group-04F35EF3D096-SegmentedRaftLogWorker for RaftStorageImpl:Storage Directory /home/runner/work/ozone/ozone/hadoop-ozone/integration-test/target/test-dir/MiniOzoneClusterImpl-a56b3a23-5bf6-4b5b-a0fe-007206924a4e/ozone-meta/datanode-6/ratis/6bf02e47-75b5-4427-a481-04f35ef3d096
2024-04-26 07:43:48,813 [2f58e8cd-28e0-414a-bc84-31490c64287f-groupManagement] INFO  server.RaftServerConfigKeys (ConfUtils.java:logGet(46)) - raft.server.log.queue.byte-limit = 4294967296 (custom)
2024-04-26 07:43:48,813 [2f58e8cd-28e0-414a-bc84-31490c64287f-groupManagement] INFO  server.RaftServerConfigKeys (ConfUtils.java:logGet(46)) - raft.server.log.queue.element-limit = 1024 (custom)
2024-04-26 07:43:48,813 [2f58e8cd-28e0-414a-bc84-31490c64287f-groupManagement] INFO  server.RaftServerConfigKeys (ConfUtils.java:logGet(46)) - raft.server.log.segment.size.max = 67108864 (custom)
2024-04-26 07:43:48,813 [2f58e8cd-28e0-414a-bc84-31490c64287f-groupManagement] INFO  server.RaftServerConfigKeys (ConfUtils.java:logGet(46)) - raft.server.log.preallocated.size = 4194304 (custom)
2024-04-26 07:43:48,813 [2f58e8cd-28e0-414a-bc84-31490c64287f-groupManagement] INFO  server.RaftServerConfigKeys (ConfUtils.java:logGet(46)) - raft.server.log.force.sync.num = 128 (default)
2024-04-26 07:43:48,813 [2f58e8cd-28e0-414a-bc84-31490c64287f-groupManagement] INFO  server.RaftServerConfigKeys (ConfUtils.java:logGet(46)) - raft.server.log.statemachine.data.sync = true (default)
2024-04-26 07:43:48,813 [2f58e8cd-28e0-414a-bc84-31490c64287f-groupManagement] INFO  server.RaftServerConfigKeys (ConfUtils.java:logGet(46)) - raft.server.log.statemachine.data.sync.timeout = 10s (default)
2024-04-26 07:43:48,813 [2f58e8cd-28e0-414a-bc84-31490c64287f-groupManagement] INFO  server.RaftServerConfigKeys (ConfUtils.java:logGet(46)) - raft.server.log.statemachine.data.sync.timeout.retry = 30 (custom)
2024-04-26 07:43:48,813 [2f58e8cd-28e0-414a-bc84-31490c64287f-groupManagement] INFO  server.RaftServerConfigKeys (ConfUtils.java:logGet(46)) - raft.server.log.write.buffer.size = 8388616 (custom)
2024-04-26 07:43:48,815 [2f58e8cd-28e0-414a-bc84-31490c64287f-groupManagement] INFO  server.RaftServerConfigKeys (ConfUtils.java:logGet(46)) - raft.server.log.appender.buffer.byte-limit = 8388608 (custom)
2024-04-26 07:43:48,815 [2f58e8cd-28e0-414a-bc84-31490c64287f-groupManagement] INFO  server.RaftServerConfigKeys (ConfUtils.java:logGet(46)) - raft.server.log.unsafe-flush.enabled = false (default)
2024-04-26 07:43:48,815 [2f58e8cd-28e0-414a-bc84-31490c64287f-groupManagement] INFO  server.RaftServerConfigKeys (ConfUtils.java:logGet(46)) - raft.server.log.async-flush.enabled = false (default)
2024-04-26 07:43:48,815 [2f58e8cd-28e0-414a-bc84-31490c64287f-groupManagement] INFO  server.RaftServerConfigKeys (ConfUtils.java:logGet(46)) - raft.server.log.statemachine.data.caching.enabled = true (custom)
2024-04-26 07:43:48,815 [2f58e8cd-28e0-414a-bc84-31490c64287f-groupManagement] INFO  segmented.SegmentedRaftLogWorker (SegmentedRaftLogWorker.java:lambda$new$0(134)) - 2f58e8cd-28e0-414a-bc84-31490c64287f@group-04F35EF3D096-SegmentedRaftLogWorker: flushIndex: setUnconditionally 0 -> -1
2024-04-26 07:43:48,815 [2f58e8cd-28e0-414a-bc84-31490c64287f-groupManagement] INFO  segmented.SegmentedRaftLogWorker (SegmentedRaftLogWorker.java:lambda$new$0(134)) - 2f58e8cd-28e0-414a-bc84-31490c64287f@group-04F35EF3D096-SegmentedRaftLogWorker: safeCacheEvictIndex: setUnconditionally 0 -> -1
2024-04-26 07:43:48,815 [2f58e8cd-28e0-414a-bc84-31490c64287f-groupManagement] INFO  server.RaftServer$Division (RaftServerImpl.java:start(396)) - 2f58e8cd-28e0-414a-bc84-31490c64287f@group-04F35EF3D096: start as a follower, conf=-1: peers:[2f58e8cd-28e0-414a-bc84-31490c64287f|127.0.0.1:15148]|listeners:[], old=null
2024-04-26 07:43:48,815 [2f58e8cd-28e0-414a-bc84-31490c64287f-groupManagement] INFO  server.RaftServer$Division (RaftServerImpl.java:setRole(383)) - 2f58e8cd-28e0-414a-bc84-31490c64287f@group-04F35EF3D096: changes role from      null to FOLLOWER at term 0 for startAsFollower
2024-04-26 07:43:48,815 [2f58e8cd-28e0-414a-bc84-31490c64287f-groupManagement] INFO  impl.RoleInfo (RoleInfo.java:updateAndGet(139)) - 2f58e8cd-28e0-414a-bc84-31490c64287f: start 2f58e8cd-28e0-414a-bc84-31490c64287f@group-04F35EF3D096-FollowerState
2024-04-26 07:43:48,815 [2f58e8cd-28e0-414a-bc84-31490c64287f@group-04F35EF3D096-FollowerState] INFO  server.RaftServerConfigKeys (ConfUtils.java:logFallback(53)) - raft.server.rpc.first-election.timeout.min = 5s (fallback to raft.server.rpc.timeout.min)
2024-04-26 07:43:48,815 [2f58e8cd-28e0-414a-bc84-31490c64287f-groupManagement] INFO  util.JmxRegister (JmxRegister.java:tryRegister(44)) - Successfully registered JMX Bean with object name Ratis:service=RaftServer,group=group-04F35EF3D096,id=2f58e8cd-28e0-414a-bc84-31490c64287f
2024-04-26 07:43:48,816 [2f58e8cd-28e0-414a-bc84-31490c64287f-groupManagement] INFO  server.RaftServerConfigKeys (ConfUtils.java:logGet(46)) - raft.server.snapshot.trigger-when-stop.enabled = true (default)
2024-04-26 07:43:48,816 [2f58e8cd-28e0-414a-bc84-31490c64287f-groupManagement] INFO  server.RaftServerConfigKeys (ConfUtils.java:logGet(46)) - raft.server.snapshot.auto.trigger.enabled = true (custom)
2024-04-26 07:43:48,816 [2f58e8cd-28e0-414a-bc84-31490c64287f-groupManagement] INFO  server.RaftServerConfigKeys (ConfUtils.java:logGet(46)) - raft.server.snapshot.auto.trigger.threshold = 10000 (custom)
2024-04-26 07:43:48,816 [2f58e8cd-28e0-414a-bc84-31490c64287f-groupManagement] INFO  server.RaftServerConfigKeys (ConfUtils.java:logGet(46)) - raft.server.snapshot.retention.file.num = 5 (custom)
2024-04-26 07:43:48,816 [2f58e8cd-28e0-414a-bc84-31490c64287f-groupManagement] INFO  server.RaftServerConfigKeys (ConfUtils.java:logGet(46)) - raft.server.log.purge.upto.snapshot.index = false (default)
2024-04-26 07:43:48,816 [2f58e8cd-28e0-414a-bc84-31490c64287f@group-04F35EF3D096-FollowerState] INFO  server.RaftServerConfigKeys (ConfUtils.java:logFallback(53)) - raft.server.rpc.first-election.timeout.max = 5200ms (fallback to raft.server.rpc.timeout.max)
2024-04-26 07:43:48,816 [2f58e8cd-28e0-414a-bc84-31490c64287f-PipelineCommandHandlerThread-0] INFO  ratis.XceiverServerRatis (XceiverServerRatis.java:addGroup(864)) - Created group PipelineID=6bf02e47-75b5-4427-a481-04f35ef3d096
2024-04-26 07:43:48,816 [2f58e8cd-28e0-414a-bc84-31490c64287f-PipelineCommandHandlerThread-0] INFO  commandhandler.CreatePipelineCommandHandler (CreatePipelineCommandHandler.java:lambda$handle$2(124)) - Created Pipeline RATIS ONE PipelineID=6bf02e47-75b5-4427-a481-04f35ef3d096.
2024-04-26 07:43:48,873 [a0a780bc-4285-4c1f-be2a-f222fe59f73a-PipelineCommandHandlerThread-0] INFO  server.RaftServer (RaftServerProxy.java:addNew(100)) - a0a780bc-4285-4c1f-be2a-f222fe59f73a: addNew group-6061531EA8D4:[a0a780bc-4285-4c1f-be2a-f222fe59f73a|127.0.0.1:15157] returns group-6061531EA8D4:java.util.concurrent.CompletableFuture@38386ec1[Not completed]
2024-04-26 07:43:48,874 [a0a780bc-4285-4c1f-be2a-f222fe59f73a-groupManagement] INFO  server.RaftServer$Division (RaftServerImpl.java:<init>(256)) - a0a780bc-4285-4c1f-be2a-f222fe59f73a: new RaftServerImpl for group-6061531EA8D4:[a0a780bc-4285-4c1f-be2a-f222fe59f73a|127.0.0.1:15157] with ContainerStateMachine:uninitialized
2024-04-26 07:43:48,874 [a0a780bc-4285-4c1f-be2a-f222fe59f73a-groupManagement] INFO  server.RaftServerConfigKeys (ConfUtils.java:logGet(46)) - raft.server.rpc.timeout.min = 5s (custom)
2024-04-26 07:43:48,874 [a0a780bc-4285-4c1f-be2a-f222fe59f73a-groupManagement] INFO  server.RaftServerConfigKeys (ConfUtils.java:logGet(46)) - raft.server.rpc.timeout.max = 5200ms (custom)
2024-04-26 07:43:48,874 [a0a780bc-4285-4c1f-be2a-f222fe59f73a-groupManagement] INFO  server.RaftServerConfigKeys (ConfUtils.java:logGet(46)) - raft.server.rpc.sleep.time = 25ms (default)
2024-04-26 07:43:48,874 [a0a780bc-4285-4c1f-be2a-f222fe59f73a-groupManagement] INFO  server.RaftServerConfigKeys (ConfUtils.java:logGet(46)) - raft.server.rpc.slowness.timeout = 300000ms (custom)
2024-04-26 07:43:48,874 [a0a780bc-4285-4c1f-be2a-f222fe59f73a-groupManagement] INFO  server.RaftServerConfigKeys (ConfUtils.java:logGet(46)) - raft.server.leaderelection.leader.step-down.wait-time = 10s (default)
2024-04-26 07:43:48,874 [a0a780bc-4285-4c1f-be2a-f222fe59f73a-groupManagement] INFO  server.RaftServerConfigKeys (ConfUtils.java:logGet(46)) - raft.server.leaderelection.member.majority-add = false (default)
2024-04-26 07:43:48,874 [a0a780bc-4285-4c1f-be2a-f222fe59f73a-groupManagement] INFO  server.RaftServerConfigKeys (ConfUtils.java:logGet(46)) - raft.server.sleep.deviation.threshold = 300ms (default)
2024-04-26 07:43:48,874 [a0a780bc-4285-4c1f-be2a-f222fe59f73a-groupManagement] INFO  server.RaftServer$Division (ServerState.java:<init>(113)) - a0a780bc-4285-4c1f-be2a-f222fe59f73a@group-6061531EA8D4: ConfigurationManager, init=-1: peers:[a0a780bc-4285-4c1f-be2a-f222fe59f73a|127.0.0.1:15157]|listeners:[], old=null, confs=<EMPTY_MAP>
2024-04-26 07:43:48,874 [a0a780bc-4285-4c1f-be2a-f222fe59f73a-groupManagement] INFO  server.RaftServerConfigKeys (ConfUtils.java:logGet(46)) - raft.server.notification.no-leader.timeout = 300000ms (custom)
2024-04-26 07:43:48,875 [a0a780bc-4285-4c1f-be2a-f222fe59f73a-groupManagement] INFO  server.RaftServerConfigKeys (ConfUtils.java:logGet(46)) - raft.server.read.timeout = 10s (default)
2024-04-26 07:43:48,875 [a0a780bc-4285-4c1f-be2a-f222fe59f73a-groupManagement] INFO  server.RaftServerConfigKeys (ConfUtils.java:logGet(46)) - raft.server.retrycache.expirytime = 600000ms (custom)
2024-04-26 07:43:48,875 [a0a780bc-4285-4c1f-be2a-f222fe59f73a-groupManagement] INFO  server.RaftServerConfigKeys (ConfUtils.java:logGet(46)) - raft.server.retrycache.statistics.expirytime = 100ms (default)
2024-04-26 07:43:48,875 [a0a780bc-4285-4c1f-be2a-f222fe59f73a-groupManagement] INFO  server.RaftServerConfigKeys (ConfUtils.java:logGet(46)) - raft.server.read.option = DEFAULT (default)
2024-04-26 07:43:48,875 [a0a780bc-4285-4c1f-be2a-f222fe59f73a-groupManagement] INFO  server.RaftServerConfigKeys (ConfUtils.java:logGet(46)) - raft.server.read.read-after-write-consistent.write-index-cache.expiry-time = 60s (default)
2024-04-26 07:43:48,876 [a0a780bc-4285-4c1f-be2a-f222fe59f73a-groupManagement] INFO  server.RaftServerConfigKeys (ConfUtils.java:logGet(46)) - raft.server.rpc.request.timeout = 3000ms (default)
2024-04-26 07:43:48,876 [a0a780bc-4285-4c1f-be2a-f222fe59f73a-groupManagement] INFO  server.RaftServerConfigKeys (ConfUtils.java:logGet(46)) - raft.server.log.appender.install.snapshot.enabled = false (custom)
2024-04-26 07:43:48,877 [a0a780bc-4285-4c1f-be2a-f222fe59f73a-groupManagement] INFO  server.RaftServerConfigKeys (ConfUtils.java:logGet(46)) - raft.server.threadpool.server.cached = true (default)
2024-04-26 07:43:48,877 [a0a780bc-4285-4c1f-be2a-f222fe59f73a-groupManagement] INFO  server.RaftServerConfigKeys (ConfUtils.java:logGet(46)) - raft.server.threadpool.server.size = 0 (default)
2024-04-26 07:43:48,877 [a0a780bc-4285-4c1f-be2a-f222fe59f73a-groupManagement] INFO  server.RaftServerConfigKeys (ConfUtils.java:logGet(46)) - raft.server.threadpool.client.cached = true (default)
2024-04-26 07:43:48,877 [a0a780bc-4285-4c1f-be2a-f222fe59f73a-groupManagement] INFO  server.RaftServerConfigKeys (ConfUtils.java:logGet(46)) - raft.server.threadpool.client.size = 0 (default)
2024-04-26 07:43:48,877 [a0a780bc-4285-4c1f-be2a-f222fe59f73a-groupManagement] INFO  server.RaftServerConfigKeys (ConfUtils.java:logGet(46)) - raft.server.storage.free-space.min = 0MB (=0) (default)
2024-04-26 07:43:48,877 [a0a780bc-4285-4c1f-be2a-f222fe59f73a-groupManagement] INFO  server.RaftServerConfigKeys (ConfUtils.java:logGet(46)) - raft.server.log.corruption.policy = EXCEPTION (default)
2024-04-26 07:43:48,877 [a0a780bc-4285-4c1f-be2a-f222fe59f73a-groupManagement] INFO  server.RaftServerConfigKeys (ConfUtils.java:logGet(46)) - raft.server.storage.dir = [/home/runner/work/ozone/ozone/hadoop-ozone/integration-test/target/test-dir/MiniOzoneClusterImpl-a56b3a23-5bf6-4b5b-a0fe-007206924a4e/ozone-meta/datanode-7/ratis] (custom)
2024-04-26 07:43:48,877 [a0a780bc-4285-4c1f-be2a-f222fe59f73a-groupManagement] INFO  storage.RaftStorageDirectory (RaftStorageDirectoryImpl.java:analyzeStorage(138)) - The storage directory /home/runner/work/ozone/ozone/hadoop-ozone/integration-test/target/test-dir/MiniOzoneClusterImpl-a56b3a23-5bf6-4b5b-a0fe-007206924a4e/ozone-meta/datanode-7/ratis/caf84b76-dddd-41f9-87e8-6061531ea8d4 does not exist. Creating ...
2024-04-26 07:43:48,878 [a0a780bc-4285-4c1f-be2a-f222fe59f73a-groupManagement] INFO  storage.RaftStorageDirectory (RaftStorageDirectoryImpl.java:tryLock(228)) - Lock on /home/runner/work/ozone/ozone/hadoop-ozone/integration-test/target/test-dir/MiniOzoneClusterImpl-a56b3a23-5bf6-4b5b-a0fe-007206924a4e/ozone-meta/datanode-7/ratis/caf84b76-dddd-41f9-87e8-6061531ea8d4/in_use.lock acquired by nodename 21422@fv-az1107-628
2024-04-26 07:43:48,879 [a0a780bc-4285-4c1f-be2a-f222fe59f73a-groupManagement] INFO  storage.RaftStorage (RaftStorageImpl.java:format(99)) - Storage directory /home/runner/work/ozone/ozone/hadoop-ozone/integration-test/target/test-dir/MiniOzoneClusterImpl-a56b3a23-5bf6-4b5b-a0fe-007206924a4e/ozone-meta/datanode-7/ratis/caf84b76-dddd-41f9-87e8-6061531ea8d4 has been successfully formatted.
2024-04-26 07:43:48,879 [a0a780bc-4285-4c1f-be2a-f222fe59f73a-groupManagement] WARN  util.FileUtils (LogUtils.java:supplyAndLog(63)) - Failed to Files.newInputStream /home/runner/work/ozone/ozone/hadoop-ozone/integration-test/target/test-dir/MiniOzoneClusterImpl-a56b3a23-5bf6-4b5b-a0fe-007206924a4e/ozone-meta/datanode-7/ratis/caf84b76-dddd-41f9-87e8-6061531ea8d4/current/raft-meta.conf with options []: java.nio.file.NoSuchFileException: /home/runner/work/ozone/ozone/hadoop-ozone/integration-test/target/test-dir/MiniOzoneClusterImpl-a56b3a23-5bf6-4b5b-a0fe-007206924a4e/ozone-meta/datanode-7/ratis/caf84b76-dddd-41f9-87e8-6061531ea8d4/current/raft-meta.conf
2024-04-26 07:43:48,879 [a0a780bc-4285-4c1f-be2a-f222fe59f73a-groupManagement] INFO  ratis.ContainerStateMachine (ContainerStateMachine.java:loadSnapshot(287)) - group-6061531EA8D4: The snapshot info is null. Setting the last applied index to:(t:0, i:~)
2024-04-26 07:43:48,879 [a0a780bc-4285-4c1f-be2a-f222fe59f73a-groupManagement] INFO  server.RaftServerConfigKeys (ConfUtils.java:logGet(46)) - raft.server.log.use.memory = false (default)
2024-04-26 07:43:48,880 [a0a780bc-4285-4c1f-be2a-f222fe59f73a-groupManagement] INFO  server.RaftServerConfigKeys (ConfUtils.java:logGet(46)) - raft.server.log.purge.gap = 1000000 (custom)
2024-04-26 07:43:48,880 [a0a780bc-4285-4c1f-be2a-f222fe59f73a-groupManagement] INFO  server.RaftServerConfigKeys (ConfUtils.java:logGet(46)) - raft.server.log.appender.buffer.byte-limit = 8388608 (custom)
2024-04-26 07:43:48,880 [a0a780bc-4285-4c1f-be2a-f222fe59f73a-groupManagement] INFO  server.RaftServerConfigKeys (ConfUtils.java:logGet(46)) - raft.server.log.statemachine.data.read.timeout = 1000ms (default)
2024-04-26 07:43:48,880 [a0a780bc-4285-4c1f-be2a-f222fe59f73a-groupManagement] INFO  server.RaftServerConfigKeys (ConfUtils.java:logGet(46)) - raft.server.log.purge.preservation.log.num = 0 (default)
2024-04-26 07:43:48,881 [EventQueue-PipelineReportForPipelineReportHandler] INFO  pipeline.PipelineReportHandler (PipelineReportHandler.java:processPipelineReport(136)) - Opened pipeline PipelineID=caf84b76-dddd-41f9-87e8-6061531ea8d4
2024-04-26 07:43:48,881 [EventQueue-OpenPipelineForHealthyPipelineSafeModeRule] INFO  safemode.SCMSafeModeManager (HealthyPipelineSafeModeRule.java:process(140)) - SCM in safe mode. Healthy pipelines reported count is 0, required healthy pipeline reported count is 1
2024-04-26 07:43:48,881 [a0a780bc-4285-4c1f-be2a-f222fe59f73a-groupManagement] INFO  server.RaftServerConfigKeys (ConfUtils.java:logGet(46)) - raft.server.log.segment.size.max = 67108864 (custom)
2024-04-26 07:43:48,881 [a0a780bc-4285-4c1f-be2a-f222fe59f73a-groupManagement] INFO  server.RaftServerConfigKeys (ConfUtils.java:logGet(46)) - raft.server.log.segment.cache.num.max = 2 (custom)
2024-04-26 07:43:48,881 [a0a780bc-4285-4c1f-be2a-f222fe59f73a-groupManagement] INFO  server.RaftServerConfigKeys (ConfUtils.java:logGet(46)) - raft.server.log.segment.cache.size.max = 200MB (=209715200) (default)
2024-04-26 07:43:48,881 [a0a780bc-4285-4c1f-be2a-f222fe59f73a-groupManagement] INFO  server.RaftServerConfigKeys (ConfUtils.java:logGet(46)) - raft.server.log.appender.buffer.byte-limit = 8388608 (custom)
2024-04-26 07:43:48,882 [a0a780bc-4285-4c1f-be2a-f222fe59f73a-groupManagement] INFO  util.AwaitToRun (AwaitToRun.java:start(81)) - Thread[a0a780bc-4285-4c1f-be2a-f222fe59f73a@group-6061531EA8D4-cacheEviction-AwaitToRun,5,main] started
2024-04-26 07:43:48,882 [a0a780bc-4285-4c1f-be2a-f222fe59f73a-groupManagement] INFO  segmented.SegmentedRaftLogWorker (SegmentedRaftLogWorker.java:<init>(182)) - new a0a780bc-4285-4c1f-be2a-f222fe59f73a@group-6061531EA8D4-SegmentedRaftLogWorker for RaftStorageImpl:Storage Directory /home/runner/work/ozone/ozone/hadoop-ozone/integration-test/target/test-dir/MiniOzoneClusterImpl-a56b3a23-5bf6-4b5b-a0fe-007206924a4e/ozone-meta/datanode-7/ratis/caf84b76-dddd-41f9-87e8-6061531ea8d4
2024-04-26 07:43:48,882 [a0a780bc-4285-4c1f-be2a-f222fe59f73a-groupManagement] INFO  server.RaftServerConfigKeys (ConfUtils.java:logGet(46)) - raft.server.log.queue.byte-limit = 4294967296 (custom)
2024-04-26 07:43:48,882 [a0a780bc-4285-4c1f-be2a-f222fe59f73a-groupManagement] INFO  server.RaftServerConfigKeys (ConfUtils.java:logGet(46)) - raft.server.log.queue.element-limit = 1024 (custom)
2024-04-26 07:43:48,882 [a0a780bc-4285-4c1f-be2a-f222fe59f73a-groupManagement] INFO  server.RaftServerConfigKeys (ConfUtils.java:logGet(46)) - raft.server.log.segment.size.max = 67108864 (custom)
2024-04-26 07:43:48,882 [a0a780bc-4285-4c1f-be2a-f222fe59f73a-groupManagement] INFO  server.RaftServerConfigKeys (ConfUtils.java:logGet(46)) - raft.server.log.preallocated.size = 4194304 (custom)
2024-04-26 07:43:48,882 [a0a780bc-4285-4c1f-be2a-f222fe59f73a-groupManagement] INFO  server.RaftServerConfigKeys (ConfUtils.java:logGet(46)) - raft.server.log.force.sync.num = 128 (default)
2024-04-26 07:43:48,882 [a0a780bc-4285-4c1f-be2a-f222fe59f73a-groupManagement] INFO  server.RaftServerConfigKeys (ConfUtils.java:logGet(46)) - raft.server.log.statemachine.data.sync = true (default)
2024-04-26 07:43:48,882 [a0a780bc-4285-4c1f-be2a-f222fe59f73a-groupManagement] INFO  server.RaftServerConfigKeys (ConfUtils.java:logGet(46)) - raft.server.log.statemachine.data.sync.timeout = 10s (default)
2024-04-26 07:43:48,882 [a0a780bc-4285-4c1f-be2a-f222fe59f73a-groupManagement] INFO  server.RaftServerConfigKeys (ConfUtils.java:logGet(46)) - raft.server.log.statemachine.data.sync.timeout.retry = 30 (custom)
2024-04-26 07:43:48,882 [a0a780bc-4285-4c1f-be2a-f222fe59f73a-groupManagement] INFO  server.RaftServerConfigKeys (ConfUtils.java:logGet(46)) - raft.server.log.write.buffer.size = 8388616 (custom)
2024-04-26 07:43:48,884 [a0a780bc-4285-4c1f-be2a-f222fe59f73a-groupManagement] INFO  server.RaftServerConfigKeys (ConfUtils.java:logGet(46)) - raft.server.log.appender.buffer.byte-limit = 8388608 (custom)
2024-04-26 07:43:48,884 [a0a780bc-4285-4c1f-be2a-f222fe59f73a-groupManagement] INFO  server.RaftServerConfigKeys (ConfUtils.java:logGet(46)) - raft.server.log.unsafe-flush.enabled = false (default)
2024-04-26 07:43:48,884 [a0a780bc-4285-4c1f-be2a-f222fe59f73a-groupManagement] INFO  server.RaftServerConfigKeys (ConfUtils.java:logGet(46)) - raft.server.log.async-flush.enabled = false (default)
2024-04-26 07:43:48,884 [a0a780bc-4285-4c1f-be2a-f222fe59f73a-groupManagement] INFO  server.RaftServerConfigKeys (ConfUtils.java:logGet(46)) - raft.server.log.statemachine.data.caching.enabled = true (custom)
2024-04-26 07:43:48,884 [a0a780bc-4285-4c1f-be2a-f222fe59f73a-groupManagement] INFO  segmented.SegmentedRaftLogWorker (SegmentedRaftLogWorker.java:lambda$new$0(134)) - a0a780bc-4285-4c1f-be2a-f222fe59f73a@group-6061531EA8D4-SegmentedRaftLogWorker: flushIndex: setUnconditionally 0 -> -1
2024-04-26 07:43:48,884 [a0a780bc-4285-4c1f-be2a-f222fe59f73a-groupManagement] INFO  segmented.SegmentedRaftLogWorker (SegmentedRaftLogWorker.java:lambda$new$0(134)) - a0a780bc-4285-4c1f-be2a-f222fe59f73a@group-6061531EA8D4-SegmentedRaftLogWorker: safeCacheEvictIndex: setUnconditionally 0 -> -1
2024-04-26 07:43:48,884 [a0a780bc-4285-4c1f-be2a-f222fe59f73a-groupManagement] INFO  server.RaftServer$Division (RaftServerImpl.java:start(396)) - a0a780bc-4285-4c1f-be2a-f222fe59f73a@group-6061531EA8D4: start as a follower, conf=-1: peers:[a0a780bc-4285-4c1f-be2a-f222fe59f73a|127.0.0.1:15157]|listeners:[], old=null
2024-04-26 07:43:48,884 [a0a780bc-4285-4c1f-be2a-f222fe59f73a-groupManagement] INFO  server.RaftServer$Division (RaftServerImpl.java:setRole(383)) - a0a780bc-4285-4c1f-be2a-f222fe59f73a@group-6061531EA8D4: changes role from      null to FOLLOWER at term 0 for startAsFollower
2024-04-26 07:43:48,884 [a0a780bc-4285-4c1f-be2a-f222fe59f73a-groupManagement] INFO  impl.RoleInfo (RoleInfo.java:updateAndGet(139)) - a0a780bc-4285-4c1f-be2a-f222fe59f73a: start a0a780bc-4285-4c1f-be2a-f222fe59f73a@group-6061531EA8D4-FollowerState
2024-04-26 07:43:48,884 [a0a780bc-4285-4c1f-be2a-f222fe59f73a@group-6061531EA8D4-FollowerState] INFO  server.RaftServerConfigKeys (ConfUtils.java:logFallback(53)) - raft.server.rpc.first-election.timeout.min = 5s (fallback to raft.server.rpc.timeout.min)
2024-04-26 07:43:48,884 [a0a780bc-4285-4c1f-be2a-f222fe59f73a-groupManagement] INFO  util.JmxRegister (JmxRegister.java:tryRegister(44)) - Successfully registered JMX Bean with object name Ratis:service=RaftServer,group=group-6061531EA8D4,id=a0a780bc-4285-4c1f-be2a-f222fe59f73a
2024-04-26 07:43:48,885 [a0a780bc-4285-4c1f-be2a-f222fe59f73a-groupManagement] INFO  server.RaftServerConfigKeys (ConfUtils.java:logGet(46)) - raft.server.snapshot.trigger-when-stop.enabled = true (default)
2024-04-26 07:43:48,885 [a0a780bc-4285-4c1f-be2a-f222fe59f73a-groupManagement] INFO  server.RaftServerConfigKeys (ConfUtils.java:logGet(46)) - raft.server.snapshot.auto.trigger.enabled = true (custom)
2024-04-26 07:43:48,885 [a0a780bc-4285-4c1f-be2a-f222fe59f73a-groupManagement] INFO  server.RaftServerConfigKeys (ConfUtils.java:logGet(46)) - raft.server.snapshot.auto.trigger.threshold = 10000 (custom)
2024-04-26 07:43:48,885 [a0a780bc-4285-4c1f-be2a-f222fe59f73a-groupManagement] INFO  server.RaftServerConfigKeys (ConfUtils.java:logGet(46)) - raft.server.snapshot.retention.file.num = 5 (custom)
2024-04-26 07:43:48,885 [a0a780bc-4285-4c1f-be2a-f222fe59f73a-groupManagement] INFO  server.RaftServerConfigKeys (ConfUtils.java:logGet(46)) - raft.server.log.purge.upto.snapshot.index = false (default)
2024-04-26 07:43:48,885 [a0a780bc-4285-4c1f-be2a-f222fe59f73a@group-6061531EA8D4-FollowerState] INFO  server.RaftServerConfigKeys (ConfUtils.java:logFallback(53)) - raft.server.rpc.first-election.timeout.max = 5200ms (fallback to raft.server.rpc.timeout.max)
2024-04-26 07:43:48,885 [a0a780bc-4285-4c1f-be2a-f222fe59f73a-PipelineCommandHandlerThread-0] INFO  ratis.XceiverServerRatis (XceiverServerRatis.java:addGroup(864)) - Created group PipelineID=caf84b76-dddd-41f9-87e8-6061531ea8d4
2024-04-26 07:43:48,885 [a0a780bc-4285-4c1f-be2a-f222fe59f73a-PipelineCommandHandlerThread-0] INFO  commandhandler.CreatePipelineCommandHandler (CreatePipelineCommandHandler.java:lambda$handle$2(124)) - Created Pipeline RATIS ONE PipelineID=caf84b76-dddd-41f9-87e8-6061531ea8d4.
2024-04-26 07:43:48,886 [a0a780bc-4285-4c1f-be2a-f222fe59f73a-PipelineCommandHandlerThread-0] INFO  server.RaftServer (RaftServerProxy.java:addNew(100)) - a0a780bc-4285-4c1f-be2a-f222fe59f73a: addNew group-58785C267393:[fc9979d5-d948-4828-9511-0e4a1771ac5f|127.0.0.1:15166, 78187b2a-fdcc-4f64-b78e-e48d2135caff|127.0.0.1:15175, a0a780bc-4285-4c1f-be2a-f222fe59f73a|127.0.0.1:15157] returns group-58785C267393:java.util.concurrent.CompletableFuture@3c07fd1e[Not completed]
2024-04-26 07:43:48,886 [a0a780bc-4285-4c1f-be2a-f222fe59f73a-groupManagement] INFO  server.RaftServer$Division (RaftServerImpl.java:<init>(256)) - a0a780bc-4285-4c1f-be2a-f222fe59f73a: new RaftServerImpl for group-58785C267393:[fc9979d5-d948-4828-9511-0e4a1771ac5f|127.0.0.1:15166, 78187b2a-fdcc-4f64-b78e-e48d2135caff|127.0.0.1:15175, a0a780bc-4285-4c1f-be2a-f222fe59f73a|127.0.0.1:15157] with ContainerStateMachine:uninitialized
2024-04-26 07:43:48,886 [a0a780bc-4285-4c1f-be2a-f222fe59f73a-groupManagement] INFO  server.RaftServerConfigKeys (ConfUtils.java:logGet(46)) - raft.server.rpc.timeout.min = 5s (custom)
2024-04-26 07:43:48,886 [a0a780bc-4285-4c1f-be2a-f222fe59f73a-groupManagement] INFO  server.RaftServerConfigKeys (ConfUtils.java:logGet(46)) - raft.server.rpc.timeout.max = 5200ms (custom)
2024-04-26 07:43:48,886 [a0a780bc-4285-4c1f-be2a-f222fe59f73a-groupManagement] INFO  server.RaftServerConfigKeys (ConfUtils.java:logGet(46)) - raft.server.rpc.sleep.time = 25ms (default)
2024-04-26 07:43:48,886 [a0a780bc-4285-4c1f-be2a-f222fe59f73a-groupManagement] INFO  server.RaftServerConfigKeys (ConfUtils.java:logGet(46)) - raft.server.rpc.slowness.timeout = 300000ms (custom)
2024-04-26 07:43:48,886 [a0a780bc-4285-4c1f-be2a-f222fe59f73a-groupManagement] INFO  server.RaftServerConfigKeys (ConfUtils.java:logGet(46)) - raft.server.leaderelection.leader.step-down.wait-time = 10s (default)
2024-04-26 07:43:48,886 [a0a780bc-4285-4c1f-be2a-f222fe59f73a-groupManagement] INFO  server.RaftServerConfigKeys (ConfUtils.java:logGet(46)) - raft.server.leaderelection.member.majority-add = false (default)
2024-04-26 07:43:48,887 [a0a780bc-4285-4c1f-be2a-f222fe59f73a-groupManagement] INFO  server.RaftServerConfigKeys (ConfUtils.java:logGet(46)) - raft.server.sleep.deviation.threshold = 300ms (default)
2024-04-26 07:43:48,887 [a0a780bc-4285-4c1f-be2a-f222fe59f73a-groupManagement] INFO  server.RaftServer$Division (ServerState.java:<init>(113)) - a0a780bc-4285-4c1f-be2a-f222fe59f73a@group-58785C267393: ConfigurationManager, init=-1: peers:[fc9979d5-d948-4828-9511-0e4a1771ac5f|127.0.0.1:15166, 78187b2a-fdcc-4f64-b78e-e48d2135caff|127.0.0.1:15175, a0a780bc-4285-4c1f-be2a-f222fe59f73a|127.0.0.1:15157]|listeners:[], old=null, confs=<EMPTY_MAP>
2024-04-26 07:43:48,887 [a0a780bc-4285-4c1f-be2a-f222fe59f73a-groupManagement] INFO  server.RaftServerConfigKeys (ConfUtils.java:logGet(46)) - raft.server.notification.no-leader.timeout = 300000ms (custom)
2024-04-26 07:43:48,887 [a0a780bc-4285-4c1f-be2a-f222fe59f73a-groupManagement] INFO  server.RaftServerConfigKeys (ConfUtils.java:logGet(46)) - raft.server.read.timeout = 10s (default)
2024-04-26 07:43:48,887 [a0a780bc-4285-4c1f-be2a-f222fe59f73a-groupManagement] INFO  server.RaftServerConfigKeys (ConfUtils.java:logGet(46)) - raft.server.retrycache.expirytime = 600000ms (custom)
2024-04-26 07:43:48,887 [a0a780bc-4285-4c1f-be2a-f222fe59f73a-groupManagement] INFO  server.RaftServerConfigKeys (ConfUtils.java:logGet(46)) - raft.server.retrycache.statistics.expirytime = 100ms (default)
2024-04-26 07:43:48,887 [a0a780bc-4285-4c1f-be2a-f222fe59f73a-groupManagement] INFO  server.RaftServerConfigKeys (ConfUtils.java:logGet(46)) - raft.server.read.option = DEFAULT (default)
2024-04-26 07:43:48,887 [a0a780bc-4285-4c1f-be2a-f222fe59f73a-groupManagement] INFO  server.RaftServerConfigKeys (ConfUtils.java:logGet(46)) - raft.server.read.read-after-write-consistent.write-index-cache.expiry-time = 60s (default)
2024-04-26 07:43:48,888 [a0a780bc-4285-4c1f-be2a-f222fe59f73a-groupManagement] INFO  server.RaftServerConfigKeys (ConfUtils.java:logGet(46)) - raft.server.rpc.request.timeout = 3000ms (default)
2024-04-26 07:43:48,889 [a0a780bc-4285-4c1f-be2a-f222fe59f73a-groupManagement] INFO  server.RaftServerConfigKeys (ConfUtils.java:logGet(46)) - raft.server.log.appender.install.snapshot.enabled = false (custom)
2024-04-26 07:43:48,889 [a0a780bc-4285-4c1f-be2a-f222fe59f73a-groupManagement] INFO  server.RaftServerConfigKeys (ConfUtils.java:logGet(46)) - raft.server.threadpool.server.cached = true (default)
2024-04-26 07:43:48,889 [a0a780bc-4285-4c1f-be2a-f222fe59f73a-groupManagement] INFO  server.RaftServerConfigKeys (ConfUtils.java:logGet(46)) - raft.server.threadpool.server.size = 0 (default)
2024-04-26 07:43:48,889 [a0a780bc-4285-4c1f-be2a-f222fe59f73a-groupManagement] INFO  server.RaftServerConfigKeys (ConfUtils.java:logGet(46)) - raft.server.threadpool.client.cached = true (default)
2024-04-26 07:43:48,889 [a0a780bc-4285-4c1f-be2a-f222fe59f73a-groupManagement] INFO  server.RaftServerConfigKeys (ConfUtils.java:logGet(46)) - raft.server.threadpool.client.size = 0 (default)
2024-04-26 07:43:48,889 [a0a780bc-4285-4c1f-be2a-f222fe59f73a-groupManagement] INFO  server.RaftServerConfigKeys (ConfUtils.java:logGet(46)) - raft.server.storage.free-space.min = 0MB (=0) (default)
2024-04-26 07:43:48,889 [a0a780bc-4285-4c1f-be2a-f222fe59f73a-groupManagement] INFO  server.RaftServerConfigKeys (ConfUtils.java:logGet(46)) - raft.server.log.corruption.policy = EXCEPTION (default)
2024-04-26 07:43:48,889 [a0a780bc-4285-4c1f-be2a-f222fe59f73a-groupManagement] INFO  server.RaftServerConfigKeys (ConfUtils.java:logGet(46)) - raft.server.storage.dir = [/home/runner/work/ozone/ozone/hadoop-ozone/integration-test/target/test-dir/MiniOzoneClusterImpl-a56b3a23-5bf6-4b5b-a0fe-007206924a4e/ozone-meta/datanode-7/ratis] (custom)
2024-04-26 07:43:48,889 [a0a780bc-4285-4c1f-be2a-f222fe59f73a-groupManagement] INFO  storage.RaftStorageDirectory (RaftStorageDirectoryImpl.java:analyzeStorage(138)) - The storage directory /home/runner/work/ozone/ozone/hadoop-ozone/integration-test/target/test-dir/MiniOzoneClusterImpl-a56b3a23-5bf6-4b5b-a0fe-007206924a4e/ozone-meta/datanode-7/ratis/6848d74c-0497-49b3-84ff-58785c267393 does not exist. Creating ...
2024-04-26 07:43:48,890 [a0a780bc-4285-4c1f-be2a-f222fe59f73a-groupManagement] INFO  storage.RaftStorageDirectory (RaftStorageDirectoryImpl.java:tryLock(228)) - Lock on /home/runner/work/ozone/ozone/hadoop-ozone/integration-test/target/test-dir/MiniOzoneClusterImpl-a56b3a23-5bf6-4b5b-a0fe-007206924a4e/ozone-meta/datanode-7/ratis/6848d74c-0497-49b3-84ff-58785c267393/in_use.lock acquired by nodename 21422@fv-az1107-628
2024-04-26 07:43:48,891 [a0a780bc-4285-4c1f-be2a-f222fe59f73a-groupManagement] INFO  storage.RaftStorage (RaftStorageImpl.java:format(99)) - Storage directory /home/runner/work/ozone/ozone/hadoop-ozone/integration-test/target/test-dir/MiniOzoneClusterImpl-a56b3a23-5bf6-4b5b-a0fe-007206924a4e/ozone-meta/datanode-7/ratis/6848d74c-0497-49b3-84ff-58785c267393 has been successfully formatted.
2024-04-26 07:43:48,891 [a0a780bc-4285-4c1f-be2a-f222fe59f73a-groupManagement] WARN  util.FileUtils (LogUtils.java:supplyAndLog(63)) - Failed to Files.newInputStream /home/runner/work/ozone/ozone/hadoop-ozone/integration-test/target/test-dir/MiniOzoneClusterImpl-a56b3a23-5bf6-4b5b-a0fe-007206924a4e/ozone-meta/datanode-7/ratis/6848d74c-0497-49b3-84ff-58785c267393/current/raft-meta.conf with options []: java.nio.file.NoSuchFileException: /home/runner/work/ozone/ozone/hadoop-ozone/integration-test/target/test-dir/MiniOzoneClusterImpl-a56b3a23-5bf6-4b5b-a0fe-007206924a4e/ozone-meta/datanode-7/ratis/6848d74c-0497-49b3-84ff-58785c267393/current/raft-meta.conf
2024-04-26 07:43:48,891 [a0a780bc-4285-4c1f-be2a-f222fe59f73a-groupManagement] INFO  ratis.ContainerStateMachine (ContainerStateMachine.java:loadSnapshot(287)) - group-58785C267393: The snapshot info is null. Setting the last applied index to:(t:0, i:~)
2024-04-26 07:43:48,891 [a0a780bc-4285-4c1f-be2a-f222fe59f73a-groupManagement] INFO  server.RaftServerConfigKeys (ConfUtils.java:logGet(46)) - raft.server.log.use.memory = false (default)
2024-04-26 07:43:48,891 [a0a780bc-4285-4c1f-be2a-f222fe59f73a-groupManagement] INFO  server.RaftServerConfigKeys (ConfUtils.java:logGet(46)) - raft.server.log.purge.gap = 1000000 (custom)
2024-04-26 07:43:48,892 [a0a780bc-4285-4c1f-be2a-f222fe59f73a-groupManagement] INFO  server.RaftServerConfigKeys (ConfUtils.java:logGet(46)) - raft.server.log.appender.buffer.byte-limit = 8388608 (custom)
2024-04-26 07:43:48,892 [a0a780bc-4285-4c1f-be2a-f222fe59f73a-groupManagement] INFO  server.RaftServerConfigKeys (ConfUtils.java:logGet(46)) - raft.server.log.statemachine.data.read.timeout = 1000ms (default)
2024-04-26 07:43:48,892 [a0a780bc-4285-4c1f-be2a-f222fe59f73a-groupManagement] INFO  server.RaftServerConfigKeys (ConfUtils.java:logGet(46)) - raft.server.log.purge.preservation.log.num = 0 (default)
2024-04-26 07:43:48,892 [EventQueue-OpenPipelineForHealthyPipelineSafeModeRule] INFO  safemode.SCMSafeModeManager (HealthyPipelineSafeModeRule.java:process(140)) - SCM in safe mode. Healthy pipelines reported count is 0, required healthy pipeline reported count is 1
2024-04-26 07:43:48,893 [a0a780bc-4285-4c1f-be2a-f222fe59f73a-groupManagement] INFO  server.RaftServerConfigKeys (ConfUtils.java:logGet(46)) - raft.server.log.segment.size.max = 67108864 (custom)
2024-04-26 07:43:48,893 [a0a780bc-4285-4c1f-be2a-f222fe59f73a-groupManagement] INFO  server.RaftServerConfigKeys (ConfUtils.java:logGet(46)) - raft.server.log.segment.cache.num.max = 2 (custom)
2024-04-26 07:43:48,893 [a0a780bc-4285-4c1f-be2a-f222fe59f73a-groupManagement] INFO  server.RaftServerConfigKeys (ConfUtils.java:logGet(46)) - raft.server.log.segment.cache.size.max = 200MB (=209715200) (default)
2024-04-26 07:43:48,894 [a0a780bc-4285-4c1f-be2a-f222fe59f73a-groupManagement] INFO  server.RaftServerConfigKeys (ConfUtils.java:logGet(46)) - raft.server.log.appender.buffer.byte-limit = 8388608 (custom)
2024-04-26 07:43:48,894 [a0a780bc-4285-4c1f-be2a-f222fe59f73a-groupManagement] INFO  util.AwaitToRun (AwaitToRun.java:start(81)) - Thread[a0a780bc-4285-4c1f-be2a-f222fe59f73a@group-58785C267393-cacheEviction-AwaitToRun,5,main] started
2024-04-26 07:43:48,894 [a0a780bc-4285-4c1f-be2a-f222fe59f73a-groupManagement] INFO  segmented.SegmentedRaftLogWorker (SegmentedRaftLogWorker.java:<init>(182)) - new a0a780bc-4285-4c1f-be2a-f222fe59f73a@group-58785C267393-SegmentedRaftLogWorker for RaftStorageImpl:Storage Directory /home/runner/work/ozone/ozone/hadoop-ozone/integration-test/target/test-dir/MiniOzoneClusterImpl-a56b3a23-5bf6-4b5b-a0fe-007206924a4e/ozone-meta/datanode-7/ratis/6848d74c-0497-49b3-84ff-58785c267393
2024-04-26 07:43:48,894 [a0a780bc-4285-4c1f-be2a-f222fe59f73a-groupManagement] INFO  server.RaftServerConfigKeys (ConfUtils.java:logGet(46)) - raft.server.log.queue.byte-limit = 4294967296 (custom)
2024-04-26 07:43:48,894 [a0a780bc-4285-4c1f-be2a-f222fe59f73a-groupManagement] INFO  server.RaftServerConfigKeys (ConfUtils.java:logGet(46)) - raft.server.log.queue.element-limit = 1024 (custom)
2024-04-26 07:43:48,894 [a0a780bc-4285-4c1f-be2a-f222fe59f73a-groupManagement] INFO  server.RaftServerConfigKeys (ConfUtils.java:logGet(46)) - raft.server.log.segment.size.max = 67108864 (custom)
2024-04-26 07:43:48,894 [a0a780bc-4285-4c1f-be2a-f222fe59f73a-groupManagement] INFO  server.RaftServerConfigKeys (ConfUtils.java:logGet(46)) - raft.server.log.preallocated.size = 4194304 (custom)
2024-04-26 07:43:48,894 [a0a780bc-4285-4c1f-be2a-f222fe59f73a-groupManagement] INFO  server.RaftServerConfigKeys (ConfUtils.java:logGet(46)) - raft.server.log.force.sync.num = 128 (default)
2024-04-26 07:43:48,894 [a0a780bc-4285-4c1f-be2a-f222fe59f73a-groupManagement] INFO  server.RaftServerConfigKeys (ConfUtils.java:logGet(46)) - raft.server.log.statemachine.data.sync = true (default)
2024-04-26 07:43:48,894 [a0a780bc-4285-4c1f-be2a-f222fe59f73a-groupManagement] INFO  server.RaftServerConfigKeys (ConfUtils.java:logGet(46)) - raft.server.log.statemachine.data.sync.timeout = 10s (default)
2024-04-26 07:43:48,894 [a0a780bc-4285-4c1f-be2a-f222fe59f73a-groupManagement] INFO  server.RaftServerConfigKeys (ConfUtils.java:logGet(46)) - raft.server.log.statemachine.data.sync.timeout.retry = 30 (custom)
2024-04-26 07:43:48,894 [a0a780bc-4285-4c1f-be2a-f222fe59f73a-groupManagement] INFO  server.RaftServerConfigKeys (ConfUtils.java:logGet(46)) - raft.server.log.write.buffer.size = 8388616 (custom)
2024-04-26 07:43:48,895 [a0a780bc-4285-4c1f-be2a-f222fe59f73a-groupManagement] INFO  server.RaftServerConfigKeys (ConfUtils.java:logGet(46)) - raft.server.log.appender.buffer.byte-limit = 8388608 (custom)
2024-04-26 07:43:48,895 [a0a780bc-4285-4c1f-be2a-f222fe59f73a-groupManagement] INFO  server.RaftServerConfigKeys (ConfUtils.java:logGet(46)) - raft.server.log.unsafe-flush.enabled = false (default)
2024-04-26 07:43:48,895 [a0a780bc-4285-4c1f-be2a-f222fe59f73a-groupManagement] INFO  server.RaftServerConfigKeys (ConfUtils.java:logGet(46)) - raft.server.log.async-flush.enabled = false (default)
2024-04-26 07:43:48,895 [a0a780bc-4285-4c1f-be2a-f222fe59f73a-groupManagement] INFO  server.RaftServerConfigKeys (ConfUtils.java:logGet(46)) - raft.server.log.statemachine.data.caching.enabled = true (custom)
2024-04-26 07:43:48,896 [a0a780bc-4285-4c1f-be2a-f222fe59f73a-groupManagement] INFO  segmented.SegmentedRaftLogWorker (SegmentedRaftLogWorker.java:lambda$new$0(134)) - a0a780bc-4285-4c1f-be2a-f222fe59f73a@group-58785C267393-SegmentedRaftLogWorker: flushIndex: setUnconditionally 0 -> -1
2024-04-26 07:43:48,896 [a0a780bc-4285-4c1f-be2a-f222fe59f73a-groupManagement] INFO  segmented.SegmentedRaftLogWorker (SegmentedRaftLogWorker.java:lambda$new$0(134)) - a0a780bc-4285-4c1f-be2a-f222fe59f73a@group-58785C267393-SegmentedRaftLogWorker: safeCacheEvictIndex: setUnconditionally 0 -> -1
2024-04-26 07:43:48,896 [a0a780bc-4285-4c1f-be2a-f222fe59f73a-groupManagement] INFO  server.RaftServer$Division (RaftServerImpl.java:start(396)) - a0a780bc-4285-4c1f-be2a-f222fe59f73a@group-58785C267393: start as a follower, conf=-1: peers:[fc9979d5-d948-4828-9511-0e4a1771ac5f|127.0.0.1:15166, 78187b2a-fdcc-4f64-b78e-e48d2135caff|127.0.0.1:15175, a0a780bc-4285-4c1f-be2a-f222fe59f73a|127.0.0.1:15157]|listeners:[], old=null
2024-04-26 07:43:48,896 [a0a780bc-4285-4c1f-be2a-f222fe59f73a-groupManagement] INFO  server.RaftServer$Division (RaftServerImpl.java:setRole(383)) - a0a780bc-4285-4c1f-be2a-f222fe59f73a@group-58785C267393: changes role from      null to FOLLOWER at term 0 for startAsFollower
2024-04-26 07:43:48,896 [a0a780bc-4285-4c1f-be2a-f222fe59f73a-groupManagement] INFO  impl.RoleInfo (RoleInfo.java:updateAndGet(139)) - a0a780bc-4285-4c1f-be2a-f222fe59f73a: start a0a780bc-4285-4c1f-be2a-f222fe59f73a@group-58785C267393-FollowerState
2024-04-26 07:43:48,896 [a0a780bc-4285-4c1f-be2a-f222fe59f73a-groupManagement] INFO  util.JmxRegister (JmxRegister.java:tryRegister(44)) - Successfully registered JMX Bean with object name Ratis:service=RaftServer,group=group-58785C267393,id=a0a780bc-4285-4c1f-be2a-f222fe59f73a
2024-04-26 07:43:48,896 [a0a780bc-4285-4c1f-be2a-f222fe59f73a-groupManagement] INFO  server.RaftServerConfigKeys (ConfUtils.java:logGet(46)) - raft.server.snapshot.trigger-when-stop.enabled = true (default)
2024-04-26 07:43:48,896 [a0a780bc-4285-4c1f-be2a-f222fe59f73a-groupManagement] INFO  server.RaftServerConfigKeys (ConfUtils.java:logGet(46)) - raft.server.snapshot.auto.trigger.enabled = true (custom)
2024-04-26 07:43:48,896 [a0a780bc-4285-4c1f-be2a-f222fe59f73a-groupManagement] INFO  server.RaftServerConfigKeys (ConfUtils.java:logGet(46)) - raft.server.snapshot.auto.trigger.threshold = 10000 (custom)
2024-04-26 07:43:48,896 [a0a780bc-4285-4c1f-be2a-f222fe59f73a-groupManagement] INFO  server.RaftServerConfigKeys (ConfUtils.java:logGet(46)) - raft.server.snapshot.retention.file.num = 5 (custom)
2024-04-26 07:43:48,896 [a0a780bc-4285-4c1f-be2a-f222fe59f73a-groupManagement] INFO  server.RaftServerConfigKeys (ConfUtils.java:logGet(46)) - raft.server.log.purge.upto.snapshot.index = false (default)
2024-04-26 07:43:48,897 [a0a780bc-4285-4c1f-be2a-f222fe59f73a@group-58785C267393-FollowerState] INFO  server.RaftServerConfigKeys (ConfUtils.java:logFallback(53)) - raft.server.rpc.first-election.timeout.min = 5s (fallback to raft.server.rpc.timeout.min)
2024-04-26 07:43:48,897 [a0a780bc-4285-4c1f-be2a-f222fe59f73a@group-58785C267393-FollowerState] INFO  server.RaftServerConfigKeys (ConfUtils.java:logFallback(53)) - raft.server.rpc.first-election.timeout.max = 5200ms (fallback to raft.server.rpc.timeout.max)
2024-04-26 07:43:48,897 [a0a780bc-4285-4c1f-be2a-f222fe59f73a-PipelineCommandHandlerThread-0] INFO  ratis.XceiverServerRatis (XceiverServerRatis.java:addGroup(864)) - Created group PipelineID=6848d74c-0497-49b3-84ff-58785c267393
2024-04-26 07:43:48,902 [grpc-default-executor-0] INFO  server.RaftServer (RaftServerProxy.java:addNew(100)) - fc9979d5-d948-4828-9511-0e4a1771ac5f: addNew group-58785C267393:[fc9979d5-d948-4828-9511-0e4a1771ac5f|127.0.0.1:15166, 78187b2a-fdcc-4f64-b78e-e48d2135caff|127.0.0.1:15175, a0a780bc-4285-4c1f-be2a-f222fe59f73a|127.0.0.1:15157] returns group-58785C267393:java.util.concurrent.CompletableFuture@109ee54f[Not completed]
2024-04-26 07:43:48,903 [fc9979d5-d948-4828-9511-0e4a1771ac5f-groupManagement] INFO  server.RaftServer$Division (RaftServerImpl.java:<init>(256)) - fc9979d5-d948-4828-9511-0e4a1771ac5f: new RaftServerImpl for group-58785C267393:[fc9979d5-d948-4828-9511-0e4a1771ac5f|127.0.0.1:15166, 78187b2a-fdcc-4f64-b78e-e48d2135caff|127.0.0.1:15175, a0a780bc-4285-4c1f-be2a-f222fe59f73a|127.0.0.1:15157] with ContainerStateMachine:uninitialized
2024-04-26 07:43:48,903 [fc9979d5-d948-4828-9511-0e4a1771ac5f-groupManagement] INFO  server.RaftServerConfigKeys (ConfUtils.java:logGet(46)) - raft.server.rpc.timeout.min = 5s (custom)
2024-04-26 07:43:48,903 [fc9979d5-d948-4828-9511-0e4a1771ac5f-groupManagement] INFO  server.RaftServerConfigKeys (ConfUtils.java:logGet(46)) - raft.server.rpc.timeout.max = 5200ms (custom)
2024-04-26 07:43:48,903 [fc9979d5-d948-4828-9511-0e4a1771ac5f-groupManagement] INFO  server.RaftServerConfigKeys (ConfUtils.java:logGet(46)) - raft.server.rpc.sleep.time = 25ms (default)
2024-04-26 07:43:48,903 [fc9979d5-d948-4828-9511-0e4a1771ac5f-groupManagement] INFO  server.RaftServerConfigKeys (ConfUtils.java:logGet(46)) - raft.server.rpc.slowness.timeout = 300000ms (custom)
2024-04-26 07:43:48,903 [fc9979d5-d948-4828-9511-0e4a1771ac5f-groupManagement] INFO  server.RaftServerConfigKeys (ConfUtils.java:logGet(46)) - raft.server.leaderelection.leader.step-down.wait-time = 10s (default)
2024-04-26 07:43:48,903 [fc9979d5-d948-4828-9511-0e4a1771ac5f-groupManagement] INFO  server.RaftServerConfigKeys (ConfUtils.java:logGet(46)) - raft.server.leaderelection.member.majority-add = false (default)
2024-04-26 07:43:48,903 [fc9979d5-d948-4828-9511-0e4a1771ac5f-groupManagement] INFO  server.RaftServerConfigKeys (ConfUtils.java:logGet(46)) - raft.server.sleep.deviation.threshold = 300ms (default)
2024-04-26 07:43:48,903 [fc9979d5-d948-4828-9511-0e4a1771ac5f-groupManagement] INFO  server.RaftServer$Division (ServerState.java:<init>(113)) - fc9979d5-d948-4828-9511-0e4a1771ac5f@group-58785C267393: ConfigurationManager, init=-1: peers:[fc9979d5-d948-4828-9511-0e4a1771ac5f|127.0.0.1:15166, 78187b2a-fdcc-4f64-b78e-e48d2135caff|127.0.0.1:15175, a0a780bc-4285-4c1f-be2a-f222fe59f73a|127.0.0.1:15157]|listeners:[], old=null, confs=<EMPTY_MAP>
2024-04-26 07:43:48,903 [fc9979d5-d948-4828-9511-0e4a1771ac5f-groupManagement] INFO  server.RaftServerConfigKeys (ConfUtils.java:logGet(46)) - raft.server.notification.no-leader.timeout = 300000ms (custom)
2024-04-26 07:43:48,903 [fc9979d5-d948-4828-9511-0e4a1771ac5f-groupManagement] INFO  server.RaftServerConfigKeys (ConfUtils.java:logGet(46)) - raft.server.read.timeout = 10s (default)
2024-04-26 07:43:48,903 [fc9979d5-d948-4828-9511-0e4a1771ac5f-groupManagement] INFO  server.RaftServerConfigKeys (ConfUtils.java:logGet(46)) - raft.server.retrycache.expirytime = 600000ms (custom)
2024-04-26 07:43:48,903 [fc9979d5-d948-4828-9511-0e4a1771ac5f-groupManagement] INFO  server.RaftServerConfigKeys (ConfUtils.java:logGet(46)) - raft.server.retrycache.statistics.expirytime = 100ms (default)
2024-04-26 07:43:48,903 [fc9979d5-d948-4828-9511-0e4a1771ac5f-groupManagement] INFO  server.RaftServerConfigKeys (ConfUtils.java:logGet(46)) - raft.server.read.option = DEFAULT (default)
2024-04-26 07:43:48,904 [fc9979d5-d948-4828-9511-0e4a1771ac5f-groupManagement] INFO  server.RaftServerConfigKeys (ConfUtils.java:logGet(46)) - raft.server.read.read-after-write-consistent.write-index-cache.expiry-time = 60s (default)
2024-04-26 07:43:48,905 [fc9979d5-d948-4828-9511-0e4a1771ac5f-groupManagement] INFO  server.RaftServerConfigKeys (ConfUtils.java:logGet(46)) - raft.server.rpc.request.timeout = 3000ms (default)
2024-04-26 07:43:48,905 [fc9979d5-d948-4828-9511-0e4a1771ac5f-groupManagement] INFO  server.RaftServerConfigKeys (ConfUtils.java:logGet(46)) - raft.server.log.appender.install.snapshot.enabled = false (custom)
2024-04-26 07:43:48,905 [fc9979d5-d948-4828-9511-0e4a1771ac5f-groupManagement] INFO  server.RaftServerConfigKeys (ConfUtils.java:logGet(46)) - raft.server.threadpool.server.cached = true (default)
2024-04-26 07:43:48,905 [fc9979d5-d948-4828-9511-0e4a1771ac5f-groupManagement] INFO  server.RaftServerConfigKeys (ConfUtils.java:logGet(46)) - raft.server.threadpool.server.size = 0 (default)
2024-04-26 07:43:48,906 [fc9979d5-d948-4828-9511-0e4a1771ac5f-groupManagement] INFO  server.RaftServerConfigKeys (ConfUtils.java:logGet(46)) - raft.server.threadpool.client.cached = true (default)
2024-04-26 07:43:48,906 [fc9979d5-d948-4828-9511-0e4a1771ac5f-groupManagement] INFO  server.RaftServerConfigKeys (ConfUtils.java:logGet(46)) - raft.server.threadpool.client.size = 0 (default)
2024-04-26 07:43:48,906 [fc9979d5-d948-4828-9511-0e4a1771ac5f-groupManagement] INFO  server.RaftServerConfigKeys (ConfUtils.java:logGet(46)) - raft.server.storage.free-space.min = 0MB (=0) (default)
2024-04-26 07:43:48,906 [fc9979d5-d948-4828-9511-0e4a1771ac5f-groupManagement] INFO  server.RaftServerConfigKeys (ConfUtils.java:logGet(46)) - raft.server.log.corruption.policy = EXCEPTION (default)
2024-04-26 07:43:48,906 [fc9979d5-d948-4828-9511-0e4a1771ac5f-groupManagement] INFO  server.RaftServerConfigKeys (ConfUtils.java:logGet(46)) - raft.server.storage.dir = [/home/runner/work/ozone/ozone/hadoop-ozone/integration-test/target/test-dir/MiniOzoneClusterImpl-a56b3a23-5bf6-4b5b-a0fe-007206924a4e/ozone-meta/datanode-8/ratis] (custom)
2024-04-26 07:43:48,906 [fc9979d5-d948-4828-9511-0e4a1771ac5f-groupManagement] INFO  storage.RaftStorageDirectory (RaftStorageDirectoryImpl.java:analyzeStorage(138)) - The storage directory /home/runner/work/ozone/ozone/hadoop-ozone/integration-test/target/test-dir/MiniOzoneClusterImpl-a56b3a23-5bf6-4b5b-a0fe-007206924a4e/ozone-meta/datanode-8/ratis/6848d74c-0497-49b3-84ff-58785c267393 does not exist. Creating ...
2024-04-26 07:43:48,907 [fc9979d5-d948-4828-9511-0e4a1771ac5f-groupManagement] INFO  storage.RaftStorageDirectory (RaftStorageDirectoryImpl.java:tryLock(228)) - Lock on /home/runner/work/ozone/ozone/hadoop-ozone/integration-test/target/test-dir/MiniOzoneClusterImpl-a56b3a23-5bf6-4b5b-a0fe-007206924a4e/ozone-meta/datanode-8/ratis/6848d74c-0497-49b3-84ff-58785c267393/in_use.lock acquired by nodename 21422@fv-az1107-628
2024-04-26 07:43:48,908 [fc9979d5-d948-4828-9511-0e4a1771ac5f-groupManagement] INFO  storage.RaftStorage (RaftStorageImpl.java:format(99)) - Storage directory /home/runner/work/ozone/ozone/hadoop-ozone/integration-test/target/test-dir/MiniOzoneClusterImpl-a56b3a23-5bf6-4b5b-a0fe-007206924a4e/ozone-meta/datanode-8/ratis/6848d74c-0497-49b3-84ff-58785c267393 has been successfully formatted.
2024-04-26 07:43:48,908 [fc9979d5-d948-4828-9511-0e4a1771ac5f-groupManagement] WARN  util.FileUtils (LogUtils.java:supplyAndLog(63)) - Failed to Files.newInputStream /home/runner/work/ozone/ozone/hadoop-ozone/integration-test/target/test-dir/MiniOzoneClusterImpl-a56b3a23-5bf6-4b5b-a0fe-007206924a4e/ozone-meta/datanode-8/ratis/6848d74c-0497-49b3-84ff-58785c267393/current/raft-meta.conf with options []: java.nio.file.NoSuchFileException: /home/runner/work/ozone/ozone/hadoop-ozone/integration-test/target/test-dir/MiniOzoneClusterImpl-a56b3a23-5bf6-4b5b-a0fe-007206924a4e/ozone-meta/datanode-8/ratis/6848d74c-0497-49b3-84ff-58785c267393/current/raft-meta.conf
2024-04-26 07:43:48,908 [fc9979d5-d948-4828-9511-0e4a1771ac5f-groupManagement] INFO  ratis.ContainerStateMachine (ContainerStateMachine.java:loadSnapshot(287)) - group-58785C267393: The snapshot info is null. Setting the last applied index to:(t:0, i:~)
2024-04-26 07:43:48,908 [fc9979d5-d948-4828-9511-0e4a1771ac5f-groupManagement] INFO  server.RaftServerConfigKeys (ConfUtils.java:logGet(46)) - raft.server.log.use.memory = false (default)
2024-04-26 07:43:48,908 [fc9979d5-d948-4828-9511-0e4a1771ac5f-groupManagement] INFO  server.RaftServerConfigKeys (ConfUtils.java:logGet(46)) - raft.server.log.purge.gap = 1000000 (custom)
2024-04-26 07:43:48,908 [fc9979d5-d948-4828-9511-0e4a1771ac5f-groupManagement] INFO  server.RaftServerConfigKeys (ConfUtils.java:logGet(46)) - raft.server.log.appender.buffer.byte-limit = 8388608 (custom)
2024-04-26 07:43:48,908 [fc9979d5-d948-4828-9511-0e4a1771ac5f-groupManagement] INFO  server.RaftServerConfigKeys (ConfUtils.java:logGet(46)) - raft.server.log.statemachine.data.read.timeout = 1000ms (default)
2024-04-26 07:43:48,908 [fc9979d5-d948-4828-9511-0e4a1771ac5f-groupManagement] INFO  server.RaftServerConfigKeys (ConfUtils.java:logGet(46)) - raft.server.log.purge.preservation.log.num = 0 (default)
2024-04-26 07:43:48,909 [fc9979d5-d948-4828-9511-0e4a1771ac5f-groupManagement] INFO  server.RaftServerConfigKeys (ConfUtils.java:logGet(46)) - raft.server.log.segment.size.max = 67108864 (custom)
2024-04-26 07:43:48,910 [fc9979d5-d948-4828-9511-0e4a1771ac5f-groupManagement] INFO  server.RaftServerConfigKeys (ConfUtils.java:logGet(46)) - raft.server.log.segment.cache.num.max = 2 (custom)
2024-04-26 07:43:48,910 [fc9979d5-d948-4828-9511-0e4a1771ac5f-groupManagement] INFO  server.RaftServerConfigKeys (ConfUtils.java:logGet(46)) - raft.server.log.segment.cache.size.max = 200MB (=209715200) (default)
2024-04-26 07:43:48,910 [fc9979d5-d948-4828-9511-0e4a1771ac5f-groupManagement] INFO  server.RaftServerConfigKeys (ConfUtils.java:logGet(46)) - raft.server.log.appender.buffer.byte-limit = 8388608 (custom)
2024-04-26 07:43:48,910 [fc9979d5-d948-4828-9511-0e4a1771ac5f-groupManagement] INFO  util.AwaitToRun (AwaitToRun.java:start(81)) - Thread[fc9979d5-d948-4828-9511-0e4a1771ac5f@group-58785C267393-cacheEviction-AwaitToRun,5,main] started
2024-04-26 07:43:48,910 [fc9979d5-d948-4828-9511-0e4a1771ac5f-groupManagement] INFO  segmented.SegmentedRaftLogWorker (SegmentedRaftLogWorker.java:<init>(182)) - new fc9979d5-d948-4828-9511-0e4a1771ac5f@group-58785C267393-SegmentedRaftLogWorker for RaftStorageImpl:Storage Directory /home/runner/work/ozone/ozone/hadoop-ozone/integration-test/target/test-dir/MiniOzoneClusterImpl-a56b3a23-5bf6-4b5b-a0fe-007206924a4e/ozone-meta/datanode-8/ratis/6848d74c-0497-49b3-84ff-58785c267393
2024-04-26 07:43:48,910 [fc9979d5-d948-4828-9511-0e4a1771ac5f-groupManagement] INFO  server.RaftServerConfigKeys (ConfUtils.java:logGet(46)) - raft.server.log.queue.byte-limit = 4294967296 (custom)
2024-04-26 07:43:48,910 [fc9979d5-d948-4828-9511-0e4a1771ac5f-groupManagement] INFO  server.RaftServerConfigKeys (ConfUtils.java:logGet(46)) - raft.server.log.queue.element-limit = 1024 (custom)
2024-04-26 07:43:48,910 [fc9979d5-d948-4828-9511-0e4a1771ac5f-groupManagement] INFO  server.RaftServerConfigKeys (ConfUtils.java:logGet(46)) - raft.server.log.segment.size.max = 67108864 (custom)
2024-04-26 07:43:48,910 [fc9979d5-d948-4828-9511-0e4a1771ac5f-groupManagement] INFO  server.RaftServerConfigKeys (ConfUtils.java:logGet(46)) - raft.server.log.preallocated.size = 4194304 (custom)
2024-04-26 07:43:48,910 [fc9979d5-d948-4828-9511-0e4a1771ac5f-groupManagement] INFO  server.RaftServerConfigKeys (ConfUtils.java:logGet(46)) - raft.server.log.force.sync.num = 128 (default)
2024-04-26 07:43:48,910 [fc9979d5-d948-4828-9511-0e4a1771ac5f-groupManagement] INFO  server.RaftServerConfigKeys (ConfUtils.java:logGet(46)) - raft.server.log.statemachine.data.sync = true (default)
2024-04-26 07:43:48,910 [fc9979d5-d948-4828-9511-0e4a1771ac5f-groupManagement] INFO  server.RaftServerConfigKeys (ConfUtils.java:logGet(46)) - raft.server.log.statemachine.data.sync.timeout = 10s (default)
2024-04-26 07:43:48,910 [fc9979d5-d948-4828-9511-0e4a1771ac5f-groupManagement] INFO  server.RaftServerConfigKeys (ConfUtils.java:logGet(46)) - raft.server.log.statemachine.data.sync.timeout.retry = 30 (custom)
2024-04-26 07:43:48,910 [fc9979d5-d948-4828-9511-0e4a1771ac5f-groupManagement] INFO  server.RaftServerConfigKeys (ConfUtils.java:logGet(46)) - raft.server.log.write.buffer.size = 8388616 (custom)
2024-04-26 07:43:48,911 [fc9979d5-d948-4828-9511-0e4a1771ac5f-groupManagement] INFO  server.RaftServerConfigKeys (ConfUtils.java:logGet(46)) - raft.server.log.appender.buffer.byte-limit = 8388608 (custom)
2024-04-26 07:43:48,911 [fc9979d5-d948-4828-9511-0e4a1771ac5f-groupManagement] INFO  server.RaftServerConfigKeys (ConfUtils.java:logGet(46)) - raft.server.log.unsafe-flush.enabled = false (default)
2024-04-26 07:43:48,911 [fc9979d5-d948-4828-9511-0e4a1771ac5f-groupManagement] INFO  server.RaftServerConfigKeys (ConfUtils.java:logGet(46)) - raft.server.log.async-flush.enabled = false (default)
2024-04-26 07:43:48,911 [fc9979d5-d948-4828-9511-0e4a1771ac5f-groupManagement] INFO  server.RaftServerConfigKeys (ConfUtils.java:logGet(46)) - raft.server.log.statemachine.data.caching.enabled = true (custom)
2024-04-26 07:43:48,912 [fc9979d5-d948-4828-9511-0e4a1771ac5f-groupManagement] INFO  segmented.SegmentedRaftLogWorker (SegmentedRaftLogWorker.java:lambda$new$0(134)) - fc9979d5-d948-4828-9511-0e4a1771ac5f@group-58785C267393-SegmentedRaftLogWorker: flushIndex: setUnconditionally 0 -> -1
2024-04-26 07:43:48,912 [fc9979d5-d948-4828-9511-0e4a1771ac5f-groupManagement] INFO  segmented.SegmentedRaftLogWorker (SegmentedRaftLogWorker.java:lambda$new$0(134)) - fc9979d5-d948-4828-9511-0e4a1771ac5f@group-58785C267393-SegmentedRaftLogWorker: safeCacheEvictIndex: setUnconditionally 0 -> -1
2024-04-26 07:43:48,912 [fc9979d5-d948-4828-9511-0e4a1771ac5f-groupManagement] INFO  server.RaftServer$Division (RaftServerImpl.java:start(396)) - fc9979d5-d948-4828-9511-0e4a1771ac5f@group-58785C267393: start as a follower, conf=-1: peers:[fc9979d5-d948-4828-9511-0e4a1771ac5f|127.0.0.1:15166, 78187b2a-fdcc-4f64-b78e-e48d2135caff|127.0.0.1:15175, a0a780bc-4285-4c1f-be2a-f222fe59f73a|127.0.0.1:15157]|listeners:[], old=null
2024-04-26 07:43:48,912 [fc9979d5-d948-4828-9511-0e4a1771ac5f-groupManagement] INFO  server.RaftServer$Division (RaftServerImpl.java:setRole(383)) - fc9979d5-d948-4828-9511-0e4a1771ac5f@group-58785C267393: changes role from      null to FOLLOWER at term 0 for startAsFollower
2024-04-26 07:43:48,912 [fc9979d5-d948-4828-9511-0e4a1771ac5f-groupManagement] INFO  impl.RoleInfo (RoleInfo.java:updateAndGet(139)) - fc9979d5-d948-4828-9511-0e4a1771ac5f: start fc9979d5-d948-4828-9511-0e4a1771ac5f@group-58785C267393-FollowerState
2024-04-26 07:43:48,912 [fc9979d5-d948-4828-9511-0e4a1771ac5f@group-58785C267393-FollowerState] INFO  server.RaftServerConfigKeys (ConfUtils.java:logFallback(53)) - raft.server.rpc.first-election.timeout.min = 5s (fallback to raft.server.rpc.timeout.min)
2024-04-26 07:43:48,912 [fc9979d5-d948-4828-9511-0e4a1771ac5f-groupManagement] INFO  util.JmxRegister (JmxRegister.java:tryRegister(44)) - Successfully registered JMX Bean with object name Ratis:service=RaftServer,group=group-58785C267393,id=fc9979d5-d948-4828-9511-0e4a1771ac5f
2024-04-26 07:43:48,912 [fc9979d5-d948-4828-9511-0e4a1771ac5f-groupManagement] INFO  server.RaftServerConfigKeys (ConfUtils.java:logGet(46)) - raft.server.snapshot.trigger-when-stop.enabled = true (default)
2024-04-26 07:43:48,912 [fc9979d5-d948-4828-9511-0e4a1771ac5f-groupManagement] INFO  server.RaftServerConfigKeys (ConfUtils.java:logGet(46)) - raft.server.snapshot.auto.trigger.enabled = true (custom)
2024-04-26 07:43:48,912 [fc9979d5-d948-4828-9511-0e4a1771ac5f-groupManagement] INFO  server.RaftServerConfigKeys (ConfUtils.java:logGet(46)) - raft.server.snapshot.auto.trigger.threshold = 10000 (custom)
2024-04-26 07:43:48,912 [fc9979d5-d948-4828-9511-0e4a1771ac5f-groupManagement] INFO  server.RaftServerConfigKeys (ConfUtils.java:logGet(46)) - raft.server.snapshot.retention.file.num = 5 (custom)
2024-04-26 07:43:48,912 [fc9979d5-d948-4828-9511-0e4a1771ac5f-groupManagement] INFO  server.RaftServerConfigKeys (ConfUtils.java:logGet(46)) - raft.server.log.purge.upto.snapshot.index = false (default)
2024-04-26 07:43:48,914 [fc9979d5-d948-4828-9511-0e4a1771ac5f@group-58785C267393-FollowerState] INFO  server.RaftServerConfigKeys (ConfUtils.java:logFallback(53)) - raft.server.rpc.first-election.timeout.max = 5200ms (fallback to raft.server.rpc.timeout.max)
2024-04-26 07:43:48,920 [grpc-default-executor-0] INFO  server.RaftServer (RaftServerProxy.java:addNew(100)) - 78187b2a-fdcc-4f64-b78e-e48d2135caff: addNew group-58785C267393:[fc9979d5-d948-4828-9511-0e4a1771ac5f|127.0.0.1:15166, 78187b2a-fdcc-4f64-b78e-e48d2135caff|127.0.0.1:15175, a0a780bc-4285-4c1f-be2a-f222fe59f73a|127.0.0.1:15157] returns group-58785C267393:java.util.concurrent.CompletableFuture@47237746[Not completed]
2024-04-26 07:43:48,921 [78187b2a-fdcc-4f64-b78e-e48d2135caff-groupManagement] INFO  server.RaftServer$Division (RaftServerImpl.java:<init>(256)) - 78187b2a-fdcc-4f64-b78e-e48d2135caff: new RaftServerImpl for group-58785C267393:[fc9979d5-d948-4828-9511-0e4a1771ac5f|127.0.0.1:15166, 78187b2a-fdcc-4f64-b78e-e48d2135caff|127.0.0.1:15175, a0a780bc-4285-4c1f-be2a-f222fe59f73a|127.0.0.1:15157] with ContainerStateMachine:uninitialized
2024-04-26 07:43:48,921 [78187b2a-fdcc-4f64-b78e-e48d2135caff-groupManagement] INFO  server.RaftServerConfigKeys (ConfUtils.java:logGet(46)) - raft.server.rpc.timeout.min = 5s (custom)
2024-04-26 07:43:48,921 [78187b2a-fdcc-4f64-b78e-e48d2135caff-groupManagement] INFO  server.RaftServerConfigKeys (ConfUtils.java:logGet(46)) - raft.server.rpc.timeout.max = 5200ms (custom)
2024-04-26 07:43:48,921 [78187b2a-fdcc-4f64-b78e-e48d2135caff-groupManagement] INFO  server.RaftServerConfigKeys (ConfUtils.java:logGet(46)) - raft.server.rpc.sleep.time = 25ms (default)
2024-04-26 07:43:48,921 [78187b2a-fdcc-4f64-b78e-e48d2135caff-groupManagement] INFO  server.RaftServerConfigKeys (ConfUtils.java:logGet(46)) - raft.server.rpc.slowness.timeout = 300000ms (custom)
2024-04-26 07:43:48,921 [78187b2a-fdcc-4f64-b78e-e48d2135caff-groupManagement] INFO  server.RaftServerConfigKeys (ConfUtils.java:logGet(46)) - raft.server.leaderelection.leader.step-down.wait-time = 10s (default)
2024-04-26 07:43:48,921 [78187b2a-fdcc-4f64-b78e-e48d2135caff-groupManagement] INFO  server.RaftServerConfigKeys (ConfUtils.java:logGet(46)) - raft.server.leaderelection.member.majority-add = false (default)
2024-04-26 07:43:48,921 [78187b2a-fdcc-4f64-b78e-e48d2135caff-groupManagement] INFO  server.RaftServerConfigKeys (ConfUtils.java:logGet(46)) - raft.server.sleep.deviation.threshold = 300ms (default)
2024-04-26 07:43:48,921 [78187b2a-fdcc-4f64-b78e-e48d2135caff-groupManagement] INFO  server.RaftServer$Division (ServerState.java:<init>(113)) - 78187b2a-fdcc-4f64-b78e-e48d2135caff@group-58785C267393: ConfigurationManager, init=-1: peers:[fc9979d5-d948-4828-9511-0e4a1771ac5f|127.0.0.1:15166, 78187b2a-fdcc-4f64-b78e-e48d2135caff|127.0.0.1:15175, a0a780bc-4285-4c1f-be2a-f222fe59f73a|127.0.0.1:15157]|listeners:[], old=null, confs=<EMPTY_MAP>
2024-04-26 07:43:48,921 [78187b2a-fdcc-4f64-b78e-e48d2135caff-groupManagement] INFO  server.RaftServerConfigKeys (ConfUtils.java:logGet(46)) - raft.server.notification.no-leader.timeout = 300000ms (custom)
2024-04-26 07:43:48,921 [78187b2a-fdcc-4f64-b78e-e48d2135caff-groupManagement] INFO  server.RaftServerConfigKeys (ConfUtils.java:logGet(46)) - raft.server.read.timeout = 10s (default)
2024-04-26 07:43:48,921 [78187b2a-fdcc-4f64-b78e-e48d2135caff-groupManagement] INFO  server.RaftServerConfigKeys (ConfUtils.java:logGet(46)) - raft.server.retrycache.expirytime = 600000ms (custom)
2024-04-26 07:43:48,921 [78187b2a-fdcc-4f64-b78e-e48d2135caff-groupManagement] INFO  server.RaftServerConfigKeys (ConfUtils.java:logGet(46)) - raft.server.retrycache.statistics.expirytime = 100ms (default)
2024-04-26 07:43:48,921 [78187b2a-fdcc-4f64-b78e-e48d2135caff-groupManagement] INFO  server.RaftServerConfigKeys (ConfUtils.java:logGet(46)) - raft.server.read.option = DEFAULT (default)
2024-04-26 07:43:48,921 [78187b2a-fdcc-4f64-b78e-e48d2135caff-groupManagement] INFO  server.RaftServerConfigKeys (ConfUtils.java:logGet(46)) - raft.server.read.read-after-write-consistent.write-index-cache.expiry-time = 60s (default)
2024-04-26 07:43:48,923 [78187b2a-fdcc-4f64-b78e-e48d2135caff-groupManagement] INFO  server.RaftServerConfigKeys (ConfUtils.java:logGet(46)) - raft.server.rpc.request.timeout = 3000ms (default)
2024-04-26 07:43:48,923 [78187b2a-fdcc-4f64-b78e-e48d2135caff-groupManagement] INFO  server.RaftServerConfigKeys (ConfUtils.java:logGet(46)) - raft.server.log.appender.install.snapshot.enabled = false (custom)
2024-04-26 07:43:48,923 [78187b2a-fdcc-4f64-b78e-e48d2135caff-groupManagement] INFO  server.RaftServerConfigKeys (ConfUtils.java:logGet(46)) - raft.server.threadpool.server.cached = true (default)
2024-04-26 07:43:48,923 [78187b2a-fdcc-4f64-b78e-e48d2135caff-groupManagement] INFO  server.RaftServerConfigKeys (ConfUtils.java:logGet(46)) - raft.server.threadpool.server.size = 0 (default)
2024-04-26 07:43:48,923 [78187b2a-fdcc-4f64-b78e-e48d2135caff-groupManagement] INFO  server.RaftServerConfigKeys (ConfUtils.java:logGet(46)) - raft.server.threadpool.client.cached = true (default)
2024-04-26 07:43:48,923 [78187b2a-fdcc-4f64-b78e-e48d2135caff-groupManagement] INFO  server.RaftServerConfigKeys (ConfUtils.java:logGet(46)) - raft.server.threadpool.client.size = 0 (default)
2024-04-26 07:43:48,923 [78187b2a-fdcc-4f64-b78e-e48d2135caff-groupManagement] INFO  server.RaftServerConfigKeys (ConfUtils.java:logGet(46)) - raft.server.storage.free-space.min = 0MB (=0) (default)
2024-04-26 07:43:48,923 [78187b2a-fdcc-4f64-b78e-e48d2135caff-groupManagement] INFO  server.RaftServerConfigKeys (ConfUtils.java:logGet(46)) - raft.server.log.corruption.policy = EXCEPTION (default)
2024-04-26 07:43:48,923 [78187b2a-fdcc-4f64-b78e-e48d2135caff-groupManagement] INFO  server.RaftServerConfigKeys (ConfUtils.java:logGet(46)) - raft.server.storage.dir = [/home/runner/work/ozone/ozone/hadoop-ozone/integration-test/target/test-dir/MiniOzoneClusterImpl-a56b3a23-5bf6-4b5b-a0fe-007206924a4e/ozone-meta/datanode-9/ratis] (custom)
2024-04-26 07:43:48,923 [78187b2a-fdcc-4f64-b78e-e48d2135caff-groupManagement] INFO  storage.RaftStorageDirectory (RaftStorageDirectoryImpl.java:analyzeStorage(138)) - The storage directory /home/runner/work/ozone/ozone/hadoop-ozone/integration-test/target/test-dir/MiniOzoneClusterImpl-a56b3a23-5bf6-4b5b-a0fe-007206924a4e/ozone-meta/datanode-9/ratis/6848d74c-0497-49b3-84ff-58785c267393 does not exist. Creating ...
2024-04-26 07:43:48,924 [78187b2a-fdcc-4f64-b78e-e48d2135caff-groupManagement] INFO  storage.RaftStorageDirectory (RaftStorageDirectoryImpl.java:tryLock(228)) - Lock on /home/runner/work/ozone/ozone/hadoop-ozone/integration-test/target/test-dir/MiniOzoneClusterImpl-a56b3a23-5bf6-4b5b-a0fe-007206924a4e/ozone-meta/datanode-9/ratis/6848d74c-0497-49b3-84ff-58785c267393/in_use.lock acquired by nodename 21422@fv-az1107-628
2024-04-26 07:43:48,925 [fc9979d5-d948-4828-9511-0e4a1771ac5f-PipelineCommandHandlerThread-0] INFO  server.RaftServer (RaftServerProxy.java:addNew(100)) - fc9979d5-d948-4828-9511-0e4a1771ac5f: addNew group-E360D5CF0D9D:[fc9979d5-d948-4828-9511-0e4a1771ac5f|127.0.0.1:15166] returns group-E360D5CF0D9D:java.util.concurrent.CompletableFuture@2243e8bc[Not completed]
2024-04-26 07:43:48,925 [78187b2a-fdcc-4f64-b78e-e48d2135caff-groupManagement] INFO  storage.RaftStorage (RaftStorageImpl.java:format(99)) - Storage directory /home/runner/work/ozone/ozone/hadoop-ozone/integration-test/target/test-dir/MiniOzoneClusterImpl-a56b3a23-5bf6-4b5b-a0fe-007206924a4e/ozone-meta/datanode-9/ratis/6848d74c-0497-49b3-84ff-58785c267393 has been successfully formatted.
2024-04-26 07:43:48,925 [78187b2a-fdcc-4f64-b78e-e48d2135caff-groupManagement] WARN  util.FileUtils (LogUtils.java:supplyAndLog(63)) - Failed to Files.newInputStream /home/runner/work/ozone/ozone/hadoop-ozone/integration-test/target/test-dir/MiniOzoneClusterImpl-a56b3a23-5bf6-4b5b-a0fe-007206924a4e/ozone-meta/datanode-9/ratis/6848d74c-0497-49b3-84ff-58785c267393/current/raft-meta.conf with options []: java.nio.file.NoSuchFileException: /home/runner/work/ozone/ozone/hadoop-ozone/integration-test/target/test-dir/MiniOzoneClusterImpl-a56b3a23-5bf6-4b5b-a0fe-007206924a4e/ozone-meta/datanode-9/ratis/6848d74c-0497-49b3-84ff-58785c267393/current/raft-meta.conf
2024-04-26 07:43:48,925 [78187b2a-fdcc-4f64-b78e-e48d2135caff-groupManagement] INFO  ratis.ContainerStateMachine (ContainerStateMachine.java:loadSnapshot(287)) - group-58785C267393: The snapshot info is null. Setting the last applied index to:(t:0, i:~)
2024-04-26 07:43:48,925 [78187b2a-fdcc-4f64-b78e-e48d2135caff-groupManagement] INFO  server.RaftServerConfigKeys (ConfUtils.java:logGet(46)) - raft.server.log.use.memory = false (default)
2024-04-26 07:43:48,925 [fc9979d5-d948-4828-9511-0e4a1771ac5f-groupManagement] INFO  server.RaftServer$Division (RaftServerImpl.java:<init>(256)) - fc9979d5-d948-4828-9511-0e4a1771ac5f: new RaftServerImpl for group-E360D5CF0D9D:[fc9979d5-d948-4828-9511-0e4a1771ac5f|127.0.0.1:15166] with ContainerStateMachine:uninitialized
2024-04-26 07:43:48,925 [78187b2a-fdcc-4f64-b78e-e48d2135caff-groupManagement] INFO  server.RaftServerConfigKeys (ConfUtils.java:logGet(46)) - raft.server.log.purge.gap = 1000000 (custom)
2024-04-26 07:43:48,925 [78187b2a-fdcc-4f64-b78e-e48d2135caff-groupManagement] INFO  server.RaftServerConfigKeys (ConfUtils.java:logGet(46)) - raft.server.log.appender.buffer.byte-limit = 8388608 (custom)
2024-04-26 07:43:48,926 [78187b2a-fdcc-4f64-b78e-e48d2135caff-groupManagement] INFO  server.RaftServerConfigKeys (ConfUtils.java:logGet(46)) - raft.server.log.statemachine.data.read.timeout = 1000ms (default)
2024-04-26 07:43:48,926 [78187b2a-fdcc-4f64-b78e-e48d2135caff-groupManagement] INFO  server.RaftServerConfigKeys (ConfUtils.java:logGet(46)) - raft.server.log.purge.preservation.log.num = 0 (default)
2024-04-26 07:43:48,927 [78187b2a-fdcc-4f64-b78e-e48d2135caff-groupManagement] INFO  server.RaftServerConfigKeys (ConfUtils.java:logGet(46)) - raft.server.log.segment.size.max = 67108864 (custom)
2024-04-26 07:43:48,927 [78187b2a-fdcc-4f64-b78e-e48d2135caff-groupManagement] INFO  server.RaftServerConfigKeys (ConfUtils.java:logGet(46)) - raft.server.log.segment.cache.num.max = 2 (custom)
2024-04-26 07:43:48,927 [78187b2a-fdcc-4f64-b78e-e48d2135caff-groupManagement] INFO  server.RaftServerConfigKeys (ConfUtils.java:logGet(46)) - raft.server.log.segment.cache.size.max = 200MB (=209715200) (default)
2024-04-26 07:43:48,927 [78187b2a-fdcc-4f64-b78e-e48d2135caff-groupManagement] INFO  server.RaftServerConfigKeys (ConfUtils.java:logGet(46)) - raft.server.log.appender.buffer.byte-limit = 8388608 (custom)
2024-04-26 07:43:48,927 [78187b2a-fdcc-4f64-b78e-e48d2135caff-groupManagement] INFO  util.AwaitToRun (AwaitToRun.java:start(81)) - Thread[78187b2a-fdcc-4f64-b78e-e48d2135caff@group-58785C267393-cacheEviction-AwaitToRun,5,main] started
2024-04-26 07:43:48,927 [78187b2a-fdcc-4f64-b78e-e48d2135caff-groupManagement] INFO  segmented.SegmentedRaftLogWorker (SegmentedRaftLogWorker.java:<init>(182)) - new 78187b2a-fdcc-4f64-b78e-e48d2135caff@group-58785C267393-SegmentedRaftLogWorker for RaftStorageImpl:Storage Directory /home/runner/work/ozone/ozone/hadoop-ozone/integration-test/target/test-dir/MiniOzoneClusterImpl-a56b3a23-5bf6-4b5b-a0fe-007206924a4e/ozone-meta/datanode-9/ratis/6848d74c-0497-49b3-84ff-58785c267393
2024-04-26 07:43:48,927 [78187b2a-fdcc-4f64-b78e-e48d2135caff-groupManagement] INFO  server.RaftServerConfigKeys (ConfUtils.java:logGet(46)) - raft.server.log.queue.byte-limit = 4294967296 (custom)
2024-04-26 07:43:48,927 [78187b2a-fdcc-4f64-b78e-e48d2135caff-groupManagement] INFO  server.RaftServerConfigKeys (ConfUtils.java:logGet(46)) - raft.server.log.queue.element-limit = 1024 (custom)
2024-04-26 07:43:48,928 [78187b2a-fdcc-4f64-b78e-e48d2135caff-groupManagement] INFO  server.RaftServerConfigKeys (ConfUtils.java:logGet(46)) - raft.server.log.segment.size.max = 67108864 (custom)
2024-04-26 07:43:48,928 [78187b2a-fdcc-4f64-b78e-e48d2135caff-groupManagement] INFO  server.RaftServerConfigKeys (ConfUtils.java:logGet(46)) - raft.server.log.preallocated.size = 4194304 (custom)
2024-04-26 07:43:48,928 [78187b2a-fdcc-4f64-b78e-e48d2135caff-groupManagement] INFO  server.RaftServerConfigKeys (ConfUtils.java:logGet(46)) - raft.server.log.force.sync.num = 128 (default)
2024-04-26 07:43:48,928 [78187b2a-fdcc-4f64-b78e-e48d2135caff-groupManagement] INFO  server.RaftServerConfigKeys (ConfUtils.java:logGet(46)) - raft.server.log.statemachine.data.sync = true (default)
2024-04-26 07:43:48,928 [78187b2a-fdcc-4f64-b78e-e48d2135caff-groupManagement] INFO  server.RaftServerConfigKeys (ConfUtils.java:logGet(46)) - raft.server.log.statemachine.data.sync.timeout = 10s (default)
2024-04-26 07:43:48,928 [78187b2a-fdcc-4f64-b78e-e48d2135caff-groupManagement] INFO  server.RaftServerConfigKeys (ConfUtils.java:logGet(46)) - raft.server.log.statemachine.data.sync.timeout.retry = 30 (custom)
2024-04-26 07:43:48,928 [78187b2a-fdcc-4f64-b78e-e48d2135caff-groupManagement] INFO  server.RaftServerConfigKeys (ConfUtils.java:logGet(46)) - raft.server.log.write.buffer.size = 8388616 (custom)
2024-04-26 07:43:48,929 [78187b2a-fdcc-4f64-b78e-e48d2135caff-groupManagement] INFO  server.RaftServerConfigKeys (ConfUtils.java:logGet(46)) - raft.server.log.appender.buffer.byte-limit = 8388608 (custom)
2024-04-26 07:43:48,929 [78187b2a-fdcc-4f64-b78e-e48d2135caff-groupManagement] INFO  server.RaftServerConfigKeys (ConfUtils.java:logGet(46)) - raft.server.log.unsafe-flush.enabled = false (default)
2024-04-26 07:43:48,929 [78187b2a-fdcc-4f64-b78e-e48d2135caff-groupManagement] INFO  server.RaftServerConfigKeys (ConfUtils.java:logGet(46)) - raft.server.log.async-flush.enabled = false (default)
2024-04-26 07:43:48,929 [78187b2a-fdcc-4f64-b78e-e48d2135caff-groupManagement] INFO  server.RaftServerConfigKeys (ConfUtils.java:logGet(46)) - raft.server.log.statemachine.data.caching.enabled = true (custom)
2024-04-26 07:43:48,929 [78187b2a-fdcc-4f64-b78e-e48d2135caff-groupManagement] INFO  segmented.SegmentedRaftLogWorker (SegmentedRaftLogWorker.java:lambda$new$0(134)) - 78187b2a-fdcc-4f64-b78e-e48d2135caff@group-58785C267393-SegmentedRaftLogWorker: flushIndex: setUnconditionally 0 -> -1
2024-04-26 07:43:48,929 [78187b2a-fdcc-4f64-b78e-e48d2135caff-groupManagement] INFO  segmented.SegmentedRaftLogWorker (SegmentedRaftLogWorker.java:lambda$new$0(134)) - 78187b2a-fdcc-4f64-b78e-e48d2135caff@group-58785C267393-SegmentedRaftLogWorker: safeCacheEvictIndex: setUnconditionally 0 -> -1
2024-04-26 07:43:48,930 [78187b2a-fdcc-4f64-b78e-e48d2135caff-groupManagement] INFO  server.RaftServer$Division (RaftServerImpl.java:start(396)) - 78187b2a-fdcc-4f64-b78e-e48d2135caff@group-58785C267393: start as a follower, conf=-1: peers:[fc9979d5-d948-4828-9511-0e4a1771ac5f|127.0.0.1:15166, 78187b2a-fdcc-4f64-b78e-e48d2135caff|127.0.0.1:15175, a0a780bc-4285-4c1f-be2a-f222fe59f73a|127.0.0.1:15157]|listeners:[], old=null
2024-04-26 07:43:48,930 [78187b2a-fdcc-4f64-b78e-e48d2135caff-groupManagement] INFO  server.RaftServer$Division (RaftServerImpl.java:setRole(383)) - 78187b2a-fdcc-4f64-b78e-e48d2135caff@group-58785C267393: changes role from      null to FOLLOWER at term 0 for startAsFollower
2024-04-26 07:43:48,930 [78187b2a-fdcc-4f64-b78e-e48d2135caff-groupManagement] INFO  impl.RoleInfo (RoleInfo.java:updateAndGet(139)) - 78187b2a-fdcc-4f64-b78e-e48d2135caff: start 78187b2a-fdcc-4f64-b78e-e48d2135caff@group-58785C267393-FollowerState
2024-04-26 07:43:48,930 [78187b2a-fdcc-4f64-b78e-e48d2135caff@group-58785C267393-FollowerState] INFO  server.RaftServerConfigKeys (ConfUtils.java:logFallback(53)) - raft.server.rpc.first-election.timeout.min = 5s (fallback to raft.server.rpc.timeout.min)
2024-04-26 07:43:48,930 [78187b2a-fdcc-4f64-b78e-e48d2135caff@group-58785C267393-FollowerState] INFO  server.RaftServerConfigKeys (ConfUtils.java:logFallback(53)) - raft.server.rpc.first-election.timeout.max = 5200ms (fallback to raft.server.rpc.timeout.max)
2024-04-26 07:43:48,925 [fc9979d5-d948-4828-9511-0e4a1771ac5f-groupManagement] INFO  server.RaftServerConfigKeys (ConfUtils.java:logGet(46)) - raft.server.rpc.timeout.min = 5s (custom)
2024-04-26 07:43:48,930 [78187b2a-fdcc-4f64-b78e-e48d2135caff-groupManagement] INFO  util.JmxRegister (JmxRegister.java:tryRegister(44)) - Successfully registered JMX Bean with object name Ratis:service=RaftServer,group=group-58785C267393,id=78187b2a-fdcc-4f64-b78e-e48d2135caff
2024-04-26 07:43:48,932 [fc9979d5-d948-4828-9511-0e4a1771ac5f-groupManagement] INFO  server.RaftServerConfigKeys (ConfUtils.java:logGet(46)) - raft.server.rpc.timeout.max = 5200ms (custom)
2024-04-26 07:43:48,933 [fc9979d5-d948-4828-9511-0e4a1771ac5f-groupManagement] INFO  server.RaftServerConfigKeys (ConfUtils.java:logGet(46)) - raft.server.rpc.sleep.time = 25ms (default)
2024-04-26 07:43:48,933 [fc9979d5-d948-4828-9511-0e4a1771ac5f-groupManagement] INFO  server.RaftServerConfigKeys (ConfUtils.java:logGet(46)) - raft.server.rpc.slowness.timeout = 300000ms (custom)
2024-04-26 07:43:48,933 [fc9979d5-d948-4828-9511-0e4a1771ac5f-groupManagement] INFO  server.RaftServerConfigKeys (ConfUtils.java:logGet(46)) - raft.server.leaderelection.leader.step-down.wait-time = 10s (default)
2024-04-26 07:43:48,933 [fc9979d5-d948-4828-9511-0e4a1771ac5f-groupManagement] INFO  server.RaftServerConfigKeys (ConfUtils.java:logGet(46)) - raft.server.leaderelection.member.majority-add = false (default)
2024-04-26 07:43:48,933 [fc9979d5-d948-4828-9511-0e4a1771ac5f-groupManagement] INFO  server.RaftServerConfigKeys (ConfUtils.java:logGet(46)) - raft.server.sleep.deviation.threshold = 300ms (default)
2024-04-26 07:43:48,933 [fc9979d5-d948-4828-9511-0e4a1771ac5f-groupManagement] INFO  server.RaftServer$Division (ServerState.java:<init>(113)) - fc9979d5-d948-4828-9511-0e4a1771ac5f@group-E360D5CF0D9D: ConfigurationManager, init=-1: peers:[fc9979d5-d948-4828-9511-0e4a1771ac5f|127.0.0.1:15166]|listeners:[], old=null, confs=<EMPTY_MAP>
2024-04-26 07:43:48,933 [fc9979d5-d948-4828-9511-0e4a1771ac5f-groupManagement] INFO  server.RaftServerConfigKeys (ConfUtils.java:logGet(46)) - raft.server.notification.no-leader.timeout = 300000ms (custom)
2024-04-26 07:43:48,933 [fc9979d5-d948-4828-9511-0e4a1771ac5f-groupManagement] INFO  server.RaftServerConfigKeys (ConfUtils.java:logGet(46)) - raft.server.read.timeout = 10s (default)
2024-04-26 07:43:48,933 [fc9979d5-d948-4828-9511-0e4a1771ac5f-groupManagement] INFO  server.RaftServerConfigKeys (ConfUtils.java:logGet(46)) - raft.server.retrycache.expirytime = 600000ms (custom)
2024-04-26 07:43:48,933 [fc9979d5-d948-4828-9511-0e4a1771ac5f-groupManagement] INFO  server.RaftServerConfigKeys (ConfUtils.java:logGet(46)) - raft.server.retrycache.statistics.expirytime = 100ms (default)
2024-04-26 07:43:48,933 [fc9979d5-d948-4828-9511-0e4a1771ac5f-groupManagement] INFO  server.RaftServerConfigKeys (ConfUtils.java:logGet(46)) - raft.server.read.option = DEFAULT (default)
2024-04-26 07:43:48,933 [fc9979d5-d948-4828-9511-0e4a1771ac5f-groupManagement] INFO  server.RaftServerConfigKeys (ConfUtils.java:logGet(46)) - raft.server.read.read-after-write-consistent.write-index-cache.expiry-time = 60s (default)
2024-04-26 07:43:48,934 [fc9979d5-d948-4828-9511-0e4a1771ac5f-groupManagement] INFO  server.RaftServerConfigKeys (ConfUtils.java:logGet(46)) - raft.server.rpc.request.timeout = 3000ms (default)
2024-04-26 07:43:48,934 [fc9979d5-d948-4828-9511-0e4a1771ac5f-groupManagement] INFO  server.RaftServerConfigKeys (ConfUtils.java:logGet(46)) - raft.server.log.appender.install.snapshot.enabled = false (custom)
2024-04-26 07:43:48,935 [fc9979d5-d948-4828-9511-0e4a1771ac5f-groupManagement] INFO  server.RaftServerConfigKeys (ConfUtils.java:logGet(46)) - raft.server.threadpool.server.cached = true (default)
2024-04-26 07:43:48,935 [fc9979d5-d948-4828-9511-0e4a1771ac5f-groupManagement] INFO  server.RaftServerConfigKeys (ConfUtils.java:logGet(46)) - raft.server.threadpool.server.size = 0 (default)
2024-04-26 07:43:48,935 [fc9979d5-d948-4828-9511-0e4a1771ac5f-groupManagement] INFO  server.RaftServerConfigKeys (ConfUtils.java:logGet(46)) - raft.server.threadpool.client.cached = true (default)
2024-04-26 07:43:48,935 [fc9979d5-d948-4828-9511-0e4a1771ac5f-groupManagement] INFO  server.RaftServerConfigKeys (ConfUtils.java:logGet(46)) - raft.server.threadpool.client.size = 0 (default)
2024-04-26 07:43:48,935 [fc9979d5-d948-4828-9511-0e4a1771ac5f-groupManagement] INFO  server.RaftServerConfigKeys (ConfUtils.java:logGet(46)) - raft.server.storage.free-space.min = 0MB (=0) (default)
2024-04-26 07:43:48,935 [fc9979d5-d948-4828-9511-0e4a1771ac5f-groupManagement] INFO  server.RaftServerConfigKeys (ConfUtils.java:logGet(46)) - raft.server.log.corruption.policy = EXCEPTION (default)
2024-04-26 07:43:48,935 [fc9979d5-d948-4828-9511-0e4a1771ac5f-groupManagement] INFO  server.RaftServerConfigKeys (ConfUtils.java:logGet(46)) - raft.server.storage.dir = [/home/runner/work/ozone/ozone/hadoop-ozone/integration-test/target/test-dir/MiniOzoneClusterImpl-a56b3a23-5bf6-4b5b-a0fe-007206924a4e/ozone-meta/datanode-8/ratis] (custom)
2024-04-26 07:43:48,935 [fc9979d5-d948-4828-9511-0e4a1771ac5f-groupManagement] INFO  storage.RaftStorageDirectory (RaftStorageDirectoryImpl.java:analyzeStorage(138)) - The storage directory /home/runner/work/ozone/ozone/hadoop-ozone/integration-test/target/test-dir/MiniOzoneClusterImpl-a56b3a23-5bf6-4b5b-a0fe-007206924a4e/ozone-meta/datanode-8/ratis/227e7f5a-d10b-4c80-95c4-e360d5cf0d9d does not exist. Creating ...
2024-04-26 07:43:48,935 [78187b2a-fdcc-4f64-b78e-e48d2135caff-groupManagement] INFO  server.RaftServerConfigKeys (ConfUtils.java:logGet(46)) - raft.server.snapshot.trigger-when-stop.enabled = true (default)
2024-04-26 07:43:48,935 [78187b2a-fdcc-4f64-b78e-e48d2135caff-groupManagement] INFO  server.RaftServerConfigKeys (ConfUtils.java:logGet(46)) - raft.server.snapshot.auto.trigger.enabled = true (custom)
2024-04-26 07:43:48,935 [78187b2a-fdcc-4f64-b78e-e48d2135caff-groupManagement] INFO  server.RaftServerConfigKeys (ConfUtils.java:logGet(46)) - raft.server.snapshot.auto.trigger.threshold = 10000 (custom)
2024-04-26 07:43:48,935 [78187b2a-fdcc-4f64-b78e-e48d2135caff-groupManagement] INFO  server.RaftServerConfigKeys (ConfUtils.java:logGet(46)) - raft.server.snapshot.retention.file.num = 5 (custom)
2024-04-26 07:43:48,935 [78187b2a-fdcc-4f64-b78e-e48d2135caff-groupManagement] INFO  server.RaftServerConfigKeys (ConfUtils.java:logGet(46)) - raft.server.log.purge.upto.snapshot.index = false (default)
2024-04-26 07:43:48,936 [fc9979d5-d948-4828-9511-0e4a1771ac5f-groupManagement] INFO  storage.RaftStorageDirectory (RaftStorageDirectoryImpl.java:tryLock(228)) - Lock on /home/runner/work/ozone/ozone/hadoop-ozone/integration-test/target/test-dir/MiniOzoneClusterImpl-a56b3a23-5bf6-4b5b-a0fe-007206924a4e/ozone-meta/datanode-8/ratis/227e7f5a-d10b-4c80-95c4-e360d5cf0d9d/in_use.lock acquired by nodename 21422@fv-az1107-628
2024-04-26 07:43:48,937 [fc9979d5-d948-4828-9511-0e4a1771ac5f-groupManagement] INFO  storage.RaftStorage (RaftStorageImpl.java:format(99)) - Storage directory /home/runner/work/ozone/ozone/hadoop-ozone/integration-test/target/test-dir/MiniOzoneClusterImpl-a56b3a23-5bf6-4b5b-a0fe-007206924a4e/ozone-meta/datanode-8/ratis/227e7f5a-d10b-4c80-95c4-e360d5cf0d9d has been successfully formatted.
2024-04-26 07:43:48,937 [fc9979d5-d948-4828-9511-0e4a1771ac5f-groupManagement] WARN  util.FileUtils (LogUtils.java:supplyAndLog(63)) - Failed to Files.newInputStream /home/runner/work/ozone/ozone/hadoop-ozone/integration-test/target/test-dir/MiniOzoneClusterImpl-a56b3a23-5bf6-4b5b-a0fe-007206924a4e/ozone-meta/datanode-8/ratis/227e7f5a-d10b-4c80-95c4-e360d5cf0d9d/current/raft-meta.conf with options []: java.nio.file.NoSuchFileException: /home/runner/work/ozone/ozone/hadoop-ozone/integration-test/target/test-dir/MiniOzoneClusterImpl-a56b3a23-5bf6-4b5b-a0fe-007206924a4e/ozone-meta/datanode-8/ratis/227e7f5a-d10b-4c80-95c4-e360d5cf0d9d/current/raft-meta.conf
2024-04-26 07:43:48,938 [fc9979d5-d948-4828-9511-0e4a1771ac5f-groupManagement] INFO  ratis.ContainerStateMachine (ContainerStateMachine.java:loadSnapshot(287)) - group-E360D5CF0D9D: The snapshot info is null. Setting the last applied index to:(t:0, i:~)
2024-04-26 07:43:48,938 [fc9979d5-d948-4828-9511-0e4a1771ac5f-groupManagement] INFO  server.RaftServerConfigKeys (ConfUtils.java:logGet(46)) - raft.server.log.use.memory = false (default)
2024-04-26 07:43:48,938 [fc9979d5-d948-4828-9511-0e4a1771ac5f-groupManagement] INFO  server.RaftServerConfigKeys (ConfUtils.java:logGet(46)) - raft.server.log.purge.gap = 1000000 (custom)
2024-04-26 07:43:48,938 [fc9979d5-d948-4828-9511-0e4a1771ac5f-groupManagement] INFO  server.RaftServerConfigKeys (ConfUtils.java:logGet(46)) - raft.server.log.appender.buffer.byte-limit = 8388608 (custom)
2024-04-26 07:43:48,939 [EventQueue-PipelineReportForPipelineReportHandler] INFO  pipeline.PipelineReportHandler (PipelineReportHandler.java:processPipelineReport(136)) - Opened pipeline PipelineID=227e7f5a-d10b-4c80-95c4-e360d5cf0d9d
2024-04-26 07:43:48,939 [EventQueue-OpenPipelineForHealthyPipelineSafeModeRule] INFO  safemode.SCMSafeModeManager (HealthyPipelineSafeModeRule.java:process(140)) - SCM in safe mode. Healthy pipelines reported count is 0, required healthy pipeline reported count is 1
2024-04-26 07:43:48,939 [fc9979d5-d948-4828-9511-0e4a1771ac5f-groupManagement] INFO  server.RaftServerConfigKeys (ConfUtils.java:logGet(46)) - raft.server.log.statemachine.data.read.timeout = 1000ms (default)
2024-04-26 07:43:48,939 [fc9979d5-d948-4828-9511-0e4a1771ac5f-groupManagement] INFO  server.RaftServerConfigKeys (ConfUtils.java:logGet(46)) - raft.server.log.purge.preservation.log.num = 0 (default)
2024-04-26 07:43:48,940 [fc9979d5-d948-4828-9511-0e4a1771ac5f-groupManagement] INFO  server.RaftServerConfigKeys (ConfUtils.java:logGet(46)) - raft.server.log.segment.size.max = 67108864 (custom)
2024-04-26 07:43:48,940 [fc9979d5-d948-4828-9511-0e4a1771ac5f-groupManagement] INFO  server.RaftServerConfigKeys (ConfUtils.java:logGet(46)) - raft.server.log.segment.cache.num.max = 2 (custom)
2024-04-26 07:43:48,940 [fc9979d5-d948-4828-9511-0e4a1771ac5f-groupManagement] INFO  server.RaftServerConfigKeys (ConfUtils.java:logGet(46)) - raft.server.log.segment.cache.size.max = 200MB (=209715200) (default)
2024-04-26 07:43:48,940 [fc9979d5-d948-4828-9511-0e4a1771ac5f-groupManagement] INFO  server.RaftServerConfigKeys (ConfUtils.java:logGet(46)) - raft.server.log.appender.buffer.byte-limit = 8388608 (custom)
2024-04-26 07:43:48,945 [fc9979d5-d948-4828-9511-0e4a1771ac5f-groupManagement] INFO  util.AwaitToRun (AwaitToRun.java:start(81)) - Thread[fc9979d5-d948-4828-9511-0e4a1771ac5f@group-E360D5CF0D9D-cacheEviction-AwaitToRun,5,main] started
2024-04-26 07:43:48,945 [fc9979d5-d948-4828-9511-0e4a1771ac5f-groupManagement] INFO  segmented.SegmentedRaftLogWorker (SegmentedRaftLogWorker.java:<init>(182)) - new fc9979d5-d948-4828-9511-0e4a1771ac5f@group-E360D5CF0D9D-SegmentedRaftLogWorker for RaftStorageImpl:Storage Directory /home/runner/work/ozone/ozone/hadoop-ozone/integration-test/target/test-dir/MiniOzoneClusterImpl-a56b3a23-5bf6-4b5b-a0fe-007206924a4e/ozone-meta/datanode-8/ratis/227e7f5a-d10b-4c80-95c4-e360d5cf0d9d
2024-04-26 07:43:48,945 [fc9979d5-d948-4828-9511-0e4a1771ac5f-groupManagement] INFO  server.RaftServerConfigKeys (ConfUtils.java:logGet(46)) - raft.server.log.queue.byte-limit = 4294967296 (custom)
2024-04-26 07:43:48,945 [fc9979d5-d948-4828-9511-0e4a1771ac5f-groupManagement] INFO  server.RaftServerConfigKeys (ConfUtils.java:logGet(46)) - raft.server.log.queue.element-limit = 1024 (custom)
2024-04-26 07:43:48,945 [fc9979d5-d948-4828-9511-0e4a1771ac5f-groupManagement] INFO  server.RaftServerConfigKeys (ConfUtils.java:logGet(46)) - raft.server.log.segment.size.max = 67108864 (custom)
2024-04-26 07:43:48,945 [fc9979d5-d948-4828-9511-0e4a1771ac5f-groupManagement] INFO  server.RaftServerConfigKeys (ConfUtils.java:logGet(46)) - raft.server.log.preallocated.size = 4194304 (custom)
2024-04-26 07:43:48,946 [fc9979d5-d948-4828-9511-0e4a1771ac5f-groupManagement] INFO  server.RaftServerConfigKeys (ConfUtils.java:logGet(46)) - raft.server.log.force.sync.num = 128 (default)
2024-04-26 07:43:48,946 [fc9979d5-d948-4828-9511-0e4a1771ac5f-groupManagement] INFO  server.RaftServerConfigKeys (ConfUtils.java:logGet(46)) - raft.server.log.statemachine.data.sync = true (default)
2024-04-26 07:43:48,946 [fc9979d5-d948-4828-9511-0e4a1771ac5f-groupManagement] INFO  server.RaftServerConfigKeys (ConfUtils.java:logGet(46)) - raft.server.log.statemachine.data.sync.timeout = 10s (default)
2024-04-26 07:43:48,946 [fc9979d5-d948-4828-9511-0e4a1771ac5f-groupManagement] INFO  server.RaftServerConfigKeys (ConfUtils.java:logGet(46)) - raft.server.log.statemachine.data.sync.timeout.retry = 30 (custom)
2024-04-26 07:43:48,946 [fc9979d5-d948-4828-9511-0e4a1771ac5f-groupManagement] INFO  server.RaftServerConfigKeys (ConfUtils.java:logGet(46)) - raft.server.log.write.buffer.size = 8388616 (custom)
2024-04-26 07:43:48,947 [fc9979d5-d948-4828-9511-0e4a1771ac5f-groupManagement] INFO  server.RaftServerConfigKeys (ConfUtils.java:logGet(46)) - raft.server.log.appender.buffer.byte-limit = 8388608 (custom)
2024-04-26 07:43:48,947 [fc9979d5-d948-4828-9511-0e4a1771ac5f-groupManagement] INFO  server.RaftServerConfigKeys (ConfUtils.java:logGet(46)) - raft.server.log.unsafe-flush.enabled = false (default)
2024-04-26 07:43:48,948 [fc9979d5-d948-4828-9511-0e4a1771ac5f-groupManagement] INFO  server.RaftServerConfigKeys (ConfUtils.java:logGet(46)) - raft.server.log.async-flush.enabled = false (default)
2024-04-26 07:43:48,948 [fc9979d5-d948-4828-9511-0e4a1771ac5f-groupManagement] INFO  server.RaftServerConfigKeys (ConfUtils.java:logGet(46)) - raft.server.log.statemachine.data.caching.enabled = true (custom)
2024-04-26 07:43:48,948 [fc9979d5-d948-4828-9511-0e4a1771ac5f-groupManagement] INFO  segmented.SegmentedRaftLogWorker (SegmentedRaftLogWorker.java:lambda$new$0(134)) - fc9979d5-d948-4828-9511-0e4a1771ac5f@group-E360D5CF0D9D-SegmentedRaftLogWorker: flushIndex: setUnconditionally 0 -> -1
2024-04-26 07:43:48,948 [fc9979d5-d948-4828-9511-0e4a1771ac5f-groupManagement] INFO  segmented.SegmentedRaftLogWorker (SegmentedRaftLogWorker.java:lambda$new$0(134)) - fc9979d5-d948-4828-9511-0e4a1771ac5f@group-E360D5CF0D9D-SegmentedRaftLogWorker: safeCacheEvictIndex: setUnconditionally 0 -> -1
2024-04-26 07:43:48,949 [fc9979d5-d948-4828-9511-0e4a1771ac5f-groupManagement] INFO  server.RaftServer$Division (RaftServerImpl.java:start(396)) - fc9979d5-d948-4828-9511-0e4a1771ac5f@group-E360D5CF0D9D: start as a follower, conf=-1: peers:[fc9979d5-d948-4828-9511-0e4a1771ac5f|127.0.0.1:15166]|listeners:[], old=null
2024-04-26 07:43:48,949 [fc9979d5-d948-4828-9511-0e4a1771ac5f-groupManagement] INFO  server.RaftServer$Division (RaftServerImpl.java:setRole(383)) - fc9979d5-d948-4828-9511-0e4a1771ac5f@group-E360D5CF0D9D: changes role from      null to FOLLOWER at term 0 for startAsFollower
2024-04-26 07:43:48,949 [fc9979d5-d948-4828-9511-0e4a1771ac5f-groupManagement] INFO  impl.RoleInfo (RoleInfo.java:updateAndGet(139)) - fc9979d5-d948-4828-9511-0e4a1771ac5f: start fc9979d5-d948-4828-9511-0e4a1771ac5f@group-E360D5CF0D9D-FollowerState
2024-04-26 07:43:48,952 [a0a780bc-4285-4c1f-be2a-f222fe59f73a-PipelineCommandHandlerThread-0] INFO  commandhandler.CreatePipelineCommandHandler (CreatePipelineCommandHandler.java:lambda$handle$2(124)) - Created Pipeline RATIS THREE PipelineID=6848d74c-0497-49b3-84ff-58785c267393.
2024-04-26 07:43:48,953 [fc9979d5-d948-4828-9511-0e4a1771ac5f-groupManagement] INFO  util.JmxRegister (JmxRegister.java:tryRegister(44)) - Successfully registered JMX Bean with object name Ratis:service=RaftServer,group=group-E360D5CF0D9D,id=fc9979d5-d948-4828-9511-0e4a1771ac5f
2024-04-26 07:43:48,953 [fc9979d5-d948-4828-9511-0e4a1771ac5f-groupManagement] INFO  server.RaftServerConfigKeys (ConfUtils.java:logGet(46)) - raft.server.snapshot.trigger-when-stop.enabled = true (default)
2024-04-26 07:43:48,953 [fc9979d5-d948-4828-9511-0e4a1771ac5f-groupManagement] INFO  server.RaftServerConfigKeys (ConfUtils.java:logGet(46)) - raft.server.snapshot.auto.trigger.enabled = true (custom)
2024-04-26 07:43:48,953 [fc9979d5-d948-4828-9511-0e4a1771ac5f-groupManagement] INFO  server.RaftServerConfigKeys (ConfUtils.java:logGet(46)) - raft.server.snapshot.auto.trigger.threshold = 10000 (custom)
2024-04-26 07:43:48,953 [fc9979d5-d948-4828-9511-0e4a1771ac5f-groupManagement] INFO  server.RaftServerConfigKeys (ConfUtils.java:logGet(46)) - raft.server.snapshot.retention.file.num = 5 (custom)
2024-04-26 07:43:48,953 [fc9979d5-d948-4828-9511-0e4a1771ac5f-groupManagement] INFO  server.RaftServerConfigKeys (ConfUtils.java:logGet(46)) - raft.server.log.purge.upto.snapshot.index = false (default)
2024-04-26 07:43:48,953 [fc9979d5-d948-4828-9511-0e4a1771ac5f@group-E360D5CF0D9D-FollowerState] INFO  server.RaftServerConfigKeys (ConfUtils.java:logFallback(53)) - raft.server.rpc.first-election.timeout.min = 5s (fallback to raft.server.rpc.timeout.min)
2024-04-26 07:43:48,954 [fc9979d5-d948-4828-9511-0e4a1771ac5f@group-E360D5CF0D9D-FollowerState] INFO  server.RaftServerConfigKeys (ConfUtils.java:logFallback(53)) - raft.server.rpc.first-election.timeout.max = 5200ms (fallback to raft.server.rpc.timeout.max)
2024-04-26 07:43:48,957 [fc9979d5-d948-4828-9511-0e4a1771ac5f-PipelineCommandHandlerThread-0] INFO  ratis.XceiverServerRatis (XceiverServerRatis.java:addGroup(864)) - Created group PipelineID=227e7f5a-d10b-4c80-95c4-e360d5cf0d9d
2024-04-26 07:43:48,957 [fc9979d5-d948-4828-9511-0e4a1771ac5f-PipelineCommandHandlerThread-0] INFO  commandhandler.CreatePipelineCommandHandler (CreatePipelineCommandHandler.java:lambda$handle$2(124)) - Created Pipeline RATIS ONE PipelineID=227e7f5a-d10b-4c80-95c4-e360d5cf0d9d.
2024-04-26 07:43:49,000 [78187b2a-fdcc-4f64-b78e-e48d2135caff-PipelineCommandHandlerThread-0] INFO  server.RaftServer (RaftServerProxy.java:addNew(100)) - 78187b2a-fdcc-4f64-b78e-e48d2135caff: addNew group-69BC410565A2:[78187b2a-fdcc-4f64-b78e-e48d2135caff|127.0.0.1:15175] returns group-69BC410565A2:java.util.concurrent.CompletableFuture@269013d1[Not completed]
2024-04-26 07:43:49,001 [78187b2a-fdcc-4f64-b78e-e48d2135caff-groupManagement] INFO  server.RaftServer$Division (RaftServerImpl.java:<init>(256)) - 78187b2a-fdcc-4f64-b78e-e48d2135caff: new RaftServerImpl for group-69BC410565A2:[78187b2a-fdcc-4f64-b78e-e48d2135caff|127.0.0.1:15175] with ContainerStateMachine:uninitialized
2024-04-26 07:43:49,001 [78187b2a-fdcc-4f64-b78e-e48d2135caff-groupManagement] INFO  server.RaftServerConfigKeys (ConfUtils.java:logGet(46)) - raft.server.rpc.timeout.min = 5s (custom)
2024-04-26 07:43:49,001 [78187b2a-fdcc-4f64-b78e-e48d2135caff-groupManagement] INFO  server.RaftServerConfigKeys (ConfUtils.java:logGet(46)) - raft.server.rpc.timeout.max = 5200ms (custom)
2024-04-26 07:43:49,001 [78187b2a-fdcc-4f64-b78e-e48d2135caff-groupManagement] INFO  server.RaftServerConfigKeys (ConfUtils.java:logGet(46)) - raft.server.rpc.sleep.time = 25ms (default)
2024-04-26 07:43:49,001 [78187b2a-fdcc-4f64-b78e-e48d2135caff-groupManagement] INFO  server.RaftServerConfigKeys (ConfUtils.java:logGet(46)) - raft.server.rpc.slowness.timeout = 300000ms (custom)
2024-04-26 07:43:49,001 [78187b2a-fdcc-4f64-b78e-e48d2135caff-groupManagement] INFO  server.RaftServerConfigKeys (ConfUtils.java:logGet(46)) - raft.server.leaderelection.leader.step-down.wait-time = 10s (default)
2024-04-26 07:43:49,002 [78187b2a-fdcc-4f64-b78e-e48d2135caff-groupManagement] INFO  server.RaftServerConfigKeys (ConfUtils.java:logGet(46)) - raft.server.leaderelection.member.majority-add = false (default)
2024-04-26 07:43:49,002 [78187b2a-fdcc-4f64-b78e-e48d2135caff-groupManagement] INFO  server.RaftServerConfigKeys (ConfUtils.java:logGet(46)) - raft.server.sleep.deviation.threshold = 300ms (default)
2024-04-26 07:43:49,002 [78187b2a-fdcc-4f64-b78e-e48d2135caff-groupManagement] INFO  server.RaftServer$Division (ServerState.java:<init>(113)) - 78187b2a-fdcc-4f64-b78e-e48d2135caff@group-69BC410565A2: ConfigurationManager, init=-1: peers:[78187b2a-fdcc-4f64-b78e-e48d2135caff|127.0.0.1:15175]|listeners:[], old=null, confs=<EMPTY_MAP>
2024-04-26 07:43:49,002 [78187b2a-fdcc-4f64-b78e-e48d2135caff-groupManagement] INFO  server.RaftServerConfigKeys (ConfUtils.java:logGet(46)) - raft.server.notification.no-leader.timeout = 300000ms (custom)
2024-04-26 07:43:49,002 [78187b2a-fdcc-4f64-b78e-e48d2135caff-groupManagement] INFO  server.RaftServerConfigKeys (ConfUtils.java:logGet(46)) - raft.server.read.timeout = 10s (default)
2024-04-26 07:43:49,002 [78187b2a-fdcc-4f64-b78e-e48d2135caff-groupManagement] INFO  server.RaftServerConfigKeys (ConfUtils.java:logGet(46)) - raft.server.retrycache.expirytime = 600000ms (custom)
2024-04-26 07:43:49,002 [78187b2a-fdcc-4f64-b78e-e48d2135caff-groupManagement] INFO  server.RaftServerConfigKeys (ConfUtils.java:logGet(46)) - raft.server.retrycache.statistics.expirytime = 100ms (default)
2024-04-26 07:43:49,002 [78187b2a-fdcc-4f64-b78e-e48d2135caff-groupManagement] INFO  server.RaftServerConfigKeys (ConfUtils.java:logGet(46)) - raft.server.read.option = DEFAULT (default)
2024-04-26 07:43:49,002 [78187b2a-fdcc-4f64-b78e-e48d2135caff-groupManagement] INFO  server.RaftServerConfigKeys (ConfUtils.java:logGet(46)) - raft.server.read.read-after-write-consistent.write-index-cache.expiry-time = 60s (default)
2024-04-26 07:43:49,002 [main] INFO  ozone.MiniOzoneClusterImpl (MiniOzoneClusterImpl.java:lambda$waitForClusterToBeReady$0(194)) - Nodes are ready. Got 9 of 9 DN Heartbeats.
2024-04-26 07:43:49,002 [main] INFO  ozone.MiniOzoneClusterImpl (MiniOzoneClusterImpl.java:lambda$waitForClusterToBeReady$0(197)) - Waiting for cluster to exit safe mode
2024-04-26 07:43:49,003 [main] INFO  ozone.MiniOzoneClusterImpl (MiniOzoneClusterImpl.java:lambda$waitForClusterToBeReady$0(199)) - SCM became leader
2024-04-26 07:43:49,004 [78187b2a-fdcc-4f64-b78e-e48d2135caff-groupManagement] INFO  server.RaftServerConfigKeys (ConfUtils.java:logGet(46)) - raft.server.rpc.request.timeout = 3000ms (default)
2024-04-26 07:43:49,004 [78187b2a-fdcc-4f64-b78e-e48d2135caff-groupManagement] INFO  server.RaftServerConfigKeys (ConfUtils.java:logGet(46)) - raft.server.log.appender.install.snapshot.enabled = false (custom)
2024-04-26 07:43:49,004 [78187b2a-fdcc-4f64-b78e-e48d2135caff-groupManagement] INFO  server.RaftServerConfigKeys (ConfUtils.java:logGet(46)) - raft.server.threadpool.server.cached = true (default)
2024-04-26 07:43:49,004 [78187b2a-fdcc-4f64-b78e-e48d2135caff-groupManagement] INFO  server.RaftServerConfigKeys (ConfUtils.java:logGet(46)) - raft.server.threadpool.server.size = 0 (default)
2024-04-26 07:43:49,004 [78187b2a-fdcc-4f64-b78e-e48d2135caff-groupManagement] INFO  server.RaftServerConfigKeys (ConfUtils.java:logGet(46)) - raft.server.threadpool.client.cached = true (default)
2024-04-26 07:43:49,004 [78187b2a-fdcc-4f64-b78e-e48d2135caff-groupManagement] INFO  server.RaftServerConfigKeys (ConfUtils.java:logGet(46)) - raft.server.threadpool.client.size = 0 (default)
2024-04-26 07:43:49,005 [78187b2a-fdcc-4f64-b78e-e48d2135caff-groupManagement] INFO  server.RaftServerConfigKeys (ConfUtils.java:logGet(46)) - raft.server.storage.free-space.min = 0MB (=0) (default)
2024-04-26 07:43:49,005 [78187b2a-fdcc-4f64-b78e-e48d2135caff-groupManagement] INFO  server.RaftServerConfigKeys (ConfUtils.java:logGet(46)) - raft.server.log.corruption.policy = EXCEPTION (default)
2024-04-26 07:43:49,005 [78187b2a-fdcc-4f64-b78e-e48d2135caff-groupManagement] INFO  server.RaftServerConfigKeys (ConfUtils.java:logGet(46)) - raft.server.storage.dir = [/home/runner/work/ozone/ozone/hadoop-ozone/integration-test/target/test-dir/MiniOzoneClusterImpl-a56b3a23-5bf6-4b5b-a0fe-007206924a4e/ozone-meta/datanode-9/ratis] (custom)
2024-04-26 07:43:49,005 [78187b2a-fdcc-4f64-b78e-e48d2135caff-groupManagement] INFO  storage.RaftStorageDirectory (RaftStorageDirectoryImpl.java:analyzeStorage(138)) - The storage directory /home/runner/work/ozone/ozone/hadoop-ozone/integration-test/target/test-dir/MiniOzoneClusterImpl-a56b3a23-5bf6-4b5b-a0fe-007206924a4e/ozone-meta/datanode-9/ratis/b15d20e7-19ba-465e-a4d1-69bc410565a2 does not exist. Creating ...
2024-04-26 07:43:49,006 [78187b2a-fdcc-4f64-b78e-e48d2135caff-groupManagement] INFO  storage.RaftStorageDirectory (RaftStorageDirectoryImpl.java:tryLock(228)) - Lock on /home/runner/work/ozone/ozone/hadoop-ozone/integration-test/target/test-dir/MiniOzoneClusterImpl-a56b3a23-5bf6-4b5b-a0fe-007206924a4e/ozone-meta/datanode-9/ratis/b15d20e7-19ba-465e-a4d1-69bc410565a2/in_use.lock acquired by nodename 21422@fv-az1107-628
2024-04-26 07:43:49,007 [78187b2a-fdcc-4f64-b78e-e48d2135caff-groupManagement] INFO  storage.RaftStorage (RaftStorageImpl.java:format(99)) - Storage directory /home/runner/work/ozone/ozone/hadoop-ozone/integration-test/target/test-dir/MiniOzoneClusterImpl-a56b3a23-5bf6-4b5b-a0fe-007206924a4e/ozone-meta/datanode-9/ratis/b15d20e7-19ba-465e-a4d1-69bc410565a2 has been successfully formatted.
2024-04-26 07:43:49,007 [78187b2a-fdcc-4f64-b78e-e48d2135caff-groupManagement] WARN  util.FileUtils (LogUtils.java:supplyAndLog(63)) - Failed to Files.newInputStream /home/runner/work/ozone/ozone/hadoop-ozone/integration-test/target/test-dir/MiniOzoneClusterImpl-a56b3a23-5bf6-4b5b-a0fe-007206924a4e/ozone-meta/datanode-9/ratis/b15d20e7-19ba-465e-a4d1-69bc410565a2/current/raft-meta.conf with options []: java.nio.file.NoSuchFileException: /home/runner/work/ozone/ozone/hadoop-ozone/integration-test/target/test-dir/MiniOzoneClusterImpl-a56b3a23-5bf6-4b5b-a0fe-007206924a4e/ozone-meta/datanode-9/ratis/b15d20e7-19ba-465e-a4d1-69bc410565a2/current/raft-meta.conf
2024-04-26 07:43:49,007 [78187b2a-fdcc-4f64-b78e-e48d2135caff-groupManagement] INFO  ratis.ContainerStateMachine (ContainerStateMachine.java:loadSnapshot(287)) - group-69BC410565A2: The snapshot info is null. Setting the last applied index to:(t:0, i:~)
2024-04-26 07:43:49,007 [78187b2a-fdcc-4f64-b78e-e48d2135caff-groupManagement] INFO  server.RaftServerConfigKeys (ConfUtils.java:logGet(46)) - raft.server.log.use.memory = false (default)
2024-04-26 07:43:49,007 [78187b2a-fdcc-4f64-b78e-e48d2135caff-groupManagement] INFO  server.RaftServerConfigKeys (ConfUtils.java:logGet(46)) - raft.server.log.purge.gap = 1000000 (custom)
2024-04-26 07:43:49,008 [78187b2a-fdcc-4f64-b78e-e48d2135caff-groupManagement] INFO  server.RaftServerConfigKeys (ConfUtils.java:logGet(46)) - raft.server.log.appender.buffer.byte-limit = 8388608 (custom)
2024-04-26 07:43:49,008 [78187b2a-fdcc-4f64-b78e-e48d2135caff-groupManagement] INFO  server.RaftServerConfigKeys (ConfUtils.java:logGet(46)) - raft.server.log.statemachine.data.read.timeout = 1000ms (default)
2024-04-26 07:43:49,008 [78187b2a-fdcc-4f64-b78e-e48d2135caff-groupManagement] INFO  server.RaftServerConfigKeys (ConfUtils.java:logGet(46)) - raft.server.log.purge.preservation.log.num = 0 (default)
2024-04-26 07:43:49,009 [EventQueue-PipelineReportForPipelineReportHandler] INFO  pipeline.PipelineReportHandler (PipelineReportHandler.java:processPipelineReport(136)) - Opened pipeline PipelineID=b15d20e7-19ba-465e-a4d1-69bc410565a2
2024-04-26 07:43:49,009 [EventQueue-OpenPipelineForHealthyPipelineSafeModeRule] INFO  safemode.SCMSafeModeManager (HealthyPipelineSafeModeRule.java:process(140)) - SCM in safe mode. Healthy pipelines reported count is 0, required healthy pipeline reported count is 1
2024-04-26 07:43:49,009 [78187b2a-fdcc-4f64-b78e-e48d2135caff-groupManagement] INFO  server.RaftServerConfigKeys (ConfUtils.java:logGet(46)) - raft.server.log.segment.size.max = 67108864 (custom)
2024-04-26 07:43:49,009 [78187b2a-fdcc-4f64-b78e-e48d2135caff-groupManagement] INFO  server.RaftServerConfigKeys (ConfUtils.java:logGet(46)) - raft.server.log.segment.cache.num.max = 2 (custom)
2024-04-26 07:43:49,010 [78187b2a-fdcc-4f64-b78e-e48d2135caff-groupManagement] INFO  server.RaftServerConfigKeys (ConfUtils.java:logGet(46)) - raft.server.log.segment.cache.size.max = 200MB (=209715200) (default)
2024-04-26 07:43:49,010 [78187b2a-fdcc-4f64-b78e-e48d2135caff-groupManagement] INFO  server.RaftServerConfigKeys (ConfUtils.java:logGet(46)) - raft.server.log.appender.buffer.byte-limit = 8388608 (custom)
2024-04-26 07:43:49,010 [78187b2a-fdcc-4f64-b78e-e48d2135caff-groupManagement] INFO  util.AwaitToRun (AwaitToRun.java:start(81)) - Thread[78187b2a-fdcc-4f64-b78e-e48d2135caff@group-69BC410565A2-cacheEviction-AwaitToRun,5,main] started
2024-04-26 07:43:49,010 [78187b2a-fdcc-4f64-b78e-e48d2135caff-groupManagement] INFO  segmented.SegmentedRaftLogWorker (SegmentedRaftLogWorker.java:<init>(182)) - new 78187b2a-fdcc-4f64-b78e-e48d2135caff@group-69BC410565A2-SegmentedRaftLogWorker for RaftStorageImpl:Storage Directory /home/runner/work/ozone/ozone/hadoop-ozone/integration-test/target/test-dir/MiniOzoneClusterImpl-a56b3a23-5bf6-4b5b-a0fe-007206924a4e/ozone-meta/datanode-9/ratis/b15d20e7-19ba-465e-a4d1-69bc410565a2
2024-04-26 07:43:49,010 [78187b2a-fdcc-4f64-b78e-e48d2135caff-groupManagement] INFO  server.RaftServerConfigKeys (ConfUtils.java:logGet(46)) - raft.server.log.queue.byte-limit = 4294967296 (custom)
2024-04-26 07:43:49,010 [78187b2a-fdcc-4f64-b78e-e48d2135caff-groupManagement] INFO  server.RaftServerConfigKeys (ConfUtils.java:logGet(46)) - raft.server.log.queue.element-limit = 1024 (custom)
2024-04-26 07:43:49,010 [78187b2a-fdcc-4f64-b78e-e48d2135caff-groupManagement] INFO  server.RaftServerConfigKeys (ConfUtils.java:logGet(46)) - raft.server.log.segment.size.max = 67108864 (custom)
2024-04-26 07:43:49,010 [78187b2a-fdcc-4f64-b78e-e48d2135caff-groupManagement] INFO  server.RaftServerConfigKeys (ConfUtils.java:logGet(46)) - raft.server.log.preallocated.size = 4194304 (custom)
2024-04-26 07:43:49,010 [78187b2a-fdcc-4f64-b78e-e48d2135caff-groupManagement] INFO  server.RaftServerConfigKeys (ConfUtils.java:logGet(46)) - raft.server.log.force.sync.num = 128 (default)
2024-04-26 07:43:49,010 [78187b2a-fdcc-4f64-b78e-e48d2135caff-groupManagement] INFO  server.RaftServerConfigKeys (ConfUtils.java:logGet(46)) - raft.server.log.statemachine.data.sync = true (default)
2024-04-26 07:43:49,010 [78187b2a-fdcc-4f64-b78e-e48d2135caff-groupManagement] INFO  server.RaftServerConfigKeys (ConfUtils.java:logGet(46)) - raft.server.log.statemachine.data.sync.timeout = 10s (default)
2024-04-26 07:43:49,010 [78187b2a-fdcc-4f64-b78e-e48d2135caff-groupManagement] INFO  server.RaftServerConfigKeys (ConfUtils.java:logGet(46)) - raft.server.log.statemachine.data.sync.timeout.retry = 30 (custom)
2024-04-26 07:43:49,011 [78187b2a-fdcc-4f64-b78e-e48d2135caff-groupManagement] INFO  server.RaftServerConfigKeys (ConfUtils.java:logGet(46)) - raft.server.log.write.buffer.size = 8388616 (custom)
2024-04-26 07:43:49,012 [78187b2a-fdcc-4f64-b78e-e48d2135caff-groupManagement] INFO  server.RaftServerConfigKeys (ConfUtils.java:logGet(46)) - raft.server.log.appender.buffer.byte-limit = 8388608 (custom)
2024-04-26 07:43:49,012 [78187b2a-fdcc-4f64-b78e-e48d2135caff-groupManagement] INFO  server.RaftServerConfigKeys (ConfUtils.java:logGet(46)) - raft.server.log.unsafe-flush.enabled = false (default)
2024-04-26 07:43:49,012 [78187b2a-fdcc-4f64-b78e-e48d2135caff-groupManagement] INFO  server.RaftServerConfigKeys (ConfUtils.java:logGet(46)) - raft.server.log.async-flush.enabled = false (default)
2024-04-26 07:43:49,012 [78187b2a-fdcc-4f64-b78e-e48d2135caff-groupManagement] INFO  server.RaftServerConfigKeys (ConfUtils.java:logGet(46)) - raft.server.log.statemachine.data.caching.enabled = true (custom)
2024-04-26 07:43:49,012 [78187b2a-fdcc-4f64-b78e-e48d2135caff-groupManagement] INFO  segmented.SegmentedRaftLogWorker (SegmentedRaftLogWorker.java:lambda$new$0(134)) - 78187b2a-fdcc-4f64-b78e-e48d2135caff@group-69BC410565A2-SegmentedRaftLogWorker: flushIndex: setUnconditionally 0 -> -1
2024-04-26 07:43:49,012 [78187b2a-fdcc-4f64-b78e-e48d2135caff-groupManagement] INFO  segmented.SegmentedRaftLogWorker (SegmentedRaftLogWorker.java:lambda$new$0(134)) - 78187b2a-fdcc-4f64-b78e-e48d2135caff@group-69BC410565A2-SegmentedRaftLogWorker: safeCacheEvictIndex: setUnconditionally 0 -> -1
2024-04-26 07:43:49,013 [78187b2a-fdcc-4f64-b78e-e48d2135caff-groupManagement] INFO  server.RaftServer$Division (RaftServerImpl.java:start(396)) - 78187b2a-fdcc-4f64-b78e-e48d2135caff@group-69BC410565A2: start as a follower, conf=-1: peers:[78187b2a-fdcc-4f64-b78e-e48d2135caff|127.0.0.1:15175]|listeners:[], old=null
2024-04-26 07:43:49,013 [78187b2a-fdcc-4f64-b78e-e48d2135caff-groupManagement] INFO  server.RaftServer$Division (RaftServerImpl.java:setRole(383)) - 78187b2a-fdcc-4f64-b78e-e48d2135caff@group-69BC410565A2: changes role from      null to FOLLOWER at term 0 for startAsFollower
2024-04-26 07:43:49,013 [78187b2a-fdcc-4f64-b78e-e48d2135caff-groupManagement] INFO  impl.RoleInfo (RoleInfo.java:updateAndGet(139)) - 78187b2a-fdcc-4f64-b78e-e48d2135caff: start 78187b2a-fdcc-4f64-b78e-e48d2135caff@group-69BC410565A2-FollowerState
2024-04-26 07:43:49,013 [78187b2a-fdcc-4f64-b78e-e48d2135caff-groupManagement] INFO  util.JmxRegister (JmxRegister.java:tryRegister(44)) - Successfully registered JMX Bean with object name Ratis:service=RaftServer,group=group-69BC410565A2,id=78187b2a-fdcc-4f64-b78e-e48d2135caff
2024-04-26 07:43:49,013 [78187b2a-fdcc-4f64-b78e-e48d2135caff-groupManagement] INFO  server.RaftServerConfigKeys (ConfUtils.java:logGet(46)) - raft.server.snapshot.trigger-when-stop.enabled = true (default)
2024-04-26 07:43:49,013 [78187b2a-fdcc-4f64-b78e-e48d2135caff-groupManagement] INFO  server.RaftServerConfigKeys (ConfUtils.java:logGet(46)) - raft.server.snapshot.auto.trigger.enabled = true (custom)
2024-04-26 07:43:49,013 [78187b2a-fdcc-4f64-b78e-e48d2135caff-groupManagement] INFO  server.RaftServerConfigKeys (ConfUtils.java:logGet(46)) - raft.server.snapshot.auto.trigger.threshold = 10000 (custom)
2024-04-26 07:43:49,013 [78187b2a-fdcc-4f64-b78e-e48d2135caff-groupManagement] INFO  server.RaftServerConfigKeys (ConfUtils.java:logGet(46)) - raft.server.snapshot.retention.file.num = 5 (custom)
2024-04-26 07:43:49,013 [78187b2a-fdcc-4f64-b78e-e48d2135caff-groupManagement] INFO  server.RaftServerConfigKeys (ConfUtils.java:logGet(46)) - raft.server.log.purge.upto.snapshot.index = false (default)
2024-04-26 07:43:49,014 [78187b2a-fdcc-4f64-b78e-e48d2135caff@group-69BC410565A2-FollowerState] INFO  server.RaftServerConfigKeys (ConfUtils.java:logFallback(53)) - raft.server.rpc.first-election.timeout.min = 5s (fallback to raft.server.rpc.timeout.min)
2024-04-26 07:43:49,014 [78187b2a-fdcc-4f64-b78e-e48d2135caff@group-69BC410565A2-FollowerState] INFO  server.RaftServerConfigKeys (ConfUtils.java:logFallback(53)) - raft.server.rpc.first-election.timeout.max = 5200ms (fallback to raft.server.rpc.timeout.max)
2024-04-26 07:43:49,014 [78187b2a-fdcc-4f64-b78e-e48d2135caff-PipelineCommandHandlerThread-0] INFO  ratis.XceiverServerRatis (XceiverServerRatis.java:addGroup(864)) - Created group PipelineID=b15d20e7-19ba-465e-a4d1-69bc410565a2
2024-04-26 07:43:49,014 [78187b2a-fdcc-4f64-b78e-e48d2135caff-PipelineCommandHandlerThread-0] INFO  commandhandler.CreatePipelineCommandHandler (CreatePipelineCommandHandler.java:lambda$handle$2(124)) - Created Pipeline RATIS ONE PipelineID=b15d20e7-19ba-465e-a4d1-69bc410565a2.
2024-04-26 07:43:50,003 [main] INFO  ozone.MiniOzoneClusterImpl (MiniOzoneClusterImpl.java:lambda$waitForClusterToBeReady$0(194)) - Nodes are ready. Got 9 of 9 DN Heartbeats.
2024-04-26 07:43:50,003 [main] INFO  ozone.MiniOzoneClusterImpl (MiniOzoneClusterImpl.java:lambda$waitForClusterToBeReady$0(197)) - Waiting for cluster to exit safe mode
2024-04-26 07:43:50,003 [main] INFO  ozone.MiniOzoneClusterImpl (MiniOzoneClusterImpl.java:lambda$waitForClusterToBeReady$0(199)) - SCM became leader
2024-04-26 07:43:51,003 [main] INFO  ozone.MiniOzoneClusterImpl (MiniOzoneClusterImpl.java:lambda$waitForClusterToBeReady$0(194)) - Nodes are ready. Got 9 of 9 DN Heartbeats.
2024-04-26 07:43:51,003 [main] INFO  ozone.MiniOzoneClusterImpl (MiniOzoneClusterImpl.java:lambda$waitForClusterToBeReady$0(197)) - Waiting for cluster to exit safe mode
2024-04-26 07:43:51,003 [main] INFO  ozone.MiniOzoneClusterImpl (MiniOzoneClusterImpl.java:lambda$waitForClusterToBeReady$0(199)) - SCM became leader
2024-04-26 07:43:52,004 [main] INFO  ozone.MiniOzoneClusterImpl (MiniOzoneClusterImpl.java:lambda$waitForClusterToBeReady$0(194)) - Nodes are ready. Got 9 of 9 DN Heartbeats.
2024-04-26 07:43:52,004 [main] INFO  ozone.MiniOzoneClusterImpl (MiniOzoneClusterImpl.java:lambda$waitForClusterToBeReady$0(197)) - Waiting for cluster to exit safe mode
2024-04-26 07:43:52,004 [main] INFO  ozone.MiniOzoneClusterImpl (MiniOzoneClusterImpl.java:lambda$waitForClusterToBeReady$0(199)) - SCM became leader
2024-04-26 07:43:53,004 [main] INFO  ozone.MiniOzoneClusterImpl (MiniOzoneClusterImpl.java:lambda$waitForClusterToBeReady$0(194)) - Nodes are ready. Got 9 of 9 DN Heartbeats.
2024-04-26 07:43:53,004 [main] INFO  ozone.MiniOzoneClusterImpl (MiniOzoneClusterImpl.java:lambda$waitForClusterToBeReady$0(197)) - Waiting for cluster to exit safe mode
2024-04-26 07:43:53,004 [main] INFO  ozone.MiniOzoneClusterImpl (MiniOzoneClusterImpl.java:lambda$waitForClusterToBeReady$0(199)) - SCM became leader
2024-04-26 07:43:53,448 [d591b026-01eb-4928-a28c-f8365e0687e2@group-1D6CABF8A42A-FollowerState] INFO  impl.FollowerState (FollowerState.java:run(143)) - d591b026-01eb-4928-a28c-f8365e0687e2@group-1D6CABF8A42A-FollowerState: change to CANDIDATE, lastRpcElapsedTime:5057417326ns, electionTimeout:5055ms
2024-04-26 07:43:53,448 [d591b026-01eb-4928-a28c-f8365e0687e2@group-1D6CABF8A42A-FollowerState] INFO  impl.RoleInfo (RoleInfo.java:shutdownFollowerState(110)) - d591b026-01eb-4928-a28c-f8365e0687e2: shutdown d591b026-01eb-4928-a28c-f8365e0687e2@group-1D6CABF8A42A-FollowerState
2024-04-26 07:43:53,448 [d591b026-01eb-4928-a28c-f8365e0687e2@group-1D6CABF8A42A-FollowerState] INFO  server.RaftServer$Division (RaftServerImpl.java:setRole(383)) - d591b026-01eb-4928-a28c-f8365e0687e2@group-1D6CABF8A42A: changes role from  FOLLOWER to CANDIDATE at term 0 for changeToCandidate
2024-04-26 07:43:53,448 [d591b026-01eb-4928-a28c-f8365e0687e2@group-1D6CABF8A42A-FollowerState] INFO  server.RaftServerConfigKeys (ConfUtils.java:logGet(46)) - raft.server.leaderelection.pre-vote = true (default)
2024-04-26 07:43:53,448 [d591b026-01eb-4928-a28c-f8365e0687e2@group-1D6CABF8A42A-FollowerState] INFO  impl.RoleInfo (RoleInfo.java:updateAndGet(139)) - d591b026-01eb-4928-a28c-f8365e0687e2: start d591b026-01eb-4928-a28c-f8365e0687e2@group-1D6CABF8A42A-LeaderElection17
2024-04-26 07:43:53,448 [d591b026-01eb-4928-a28c-f8365e0687e2@group-1D6CABF8A42A-LeaderElection17] INFO  impl.LeaderElection (LeaderElection.java:askForVotes(321)) - d591b026-01eb-4928-a28c-f8365e0687e2@group-1D6CABF8A42A-LeaderElection17 PRE_VOTE round 0: submit vote requests at term 0 for -1: peers:[d591b026-01eb-4928-a28c-f8365e0687e2|127.0.0.1:15103, dd21079d-84ac-4ee5-bea1-aaabc97992ac|127.0.0.1:15112, 6344c76b-c160-4957-8ee9-5bf4783825fc|127.0.0.1:15121]|listeners:[], old=null
2024-04-26 07:43:53,449 [d591b026-01eb-4928-a28c-f8365e0687e2@group-1D6CABF8A42A-LeaderElection17-1] INFO  server.GrpcServerProtocolClient (GrpcServerProtocolClient.java:<init>(65)) - Build channel for dd21079d-84ac-4ee5-bea1-aaabc97992ac|127.0.0.1:15112
2024-04-26 07:43:53,449 [d591b026-01eb-4928-a28c-f8365e0687e2@group-1D6CABF8A42A-LeaderElection17-2] INFO  server.GrpcServerProtocolClient (GrpcServerProtocolClient.java:<init>(65)) - Build channel for 6344c76b-c160-4957-8ee9-5bf4783825fc|127.0.0.1:15121
2024-04-26 07:43:53,449 [d591b026-01eb-4928-a28c-f8365e0687e2@group-1D6CABF8A42A-LeaderElection17] INFO  server.RaftServerConfigKeys (ConfUtils.java:logFallback(53)) - raft.server.rpc.first-election.timeout.min = 5s (fallback to raft.server.rpc.timeout.min)
2024-04-26 07:43:53,449 [d591b026-01eb-4928-a28c-f8365e0687e2@group-1D6CABF8A42A-LeaderElection17] INFO  server.RaftServerConfigKeys (ConfUtils.java:logFallback(53)) - raft.server.rpc.first-election.timeout.max = 5200ms (fallback to raft.server.rpc.timeout.max)
2024-04-26 07:43:53,453 [grpc-default-executor-1] INFO  server.RaftServer$Division (RaftServerImpl.java:requestVote(1389)) - 6344c76b-c160-4957-8ee9-5bf4783825fc@group-1D6CABF8A42A: receive requestVote(PRE_VOTE, d591b026-01eb-4928-a28c-f8365e0687e2, group-1D6CABF8A42A, 0, (t:0, i:0))
2024-04-26 07:43:53,453 [grpc-default-executor-0] INFO  server.RaftServer$Division (RaftServerImpl.java:requestVote(1389)) - dd21079d-84ac-4ee5-bea1-aaabc97992ac@group-1D6CABF8A42A: receive requestVote(PRE_VOTE, d591b026-01eb-4928-a28c-f8365e0687e2, group-1D6CABF8A42A, 0, (t:0, i:0))
2024-04-26 07:43:53,454 [grpc-default-executor-0] INFO  impl.VoteContext (VoteContext.java:log(49)) - dd21079d-84ac-4ee5-bea1-aaabc97992ac@group-1D6CABF8A42A-FOLLOWER: accept PRE_VOTE from d591b026-01eb-4928-a28c-f8365e0687e2: our priority 0 <= candidate's priority 0
2024-04-26 07:43:53,454 [grpc-default-executor-0] INFO  server.RaftServer$Division (RaftServerImpl.java:requestVote(1422)) - dd21079d-84ac-4ee5-bea1-aaabc97992ac@group-1D6CABF8A42A replies to PRE_VOTE vote request: d591b026-01eb-4928-a28c-f8365e0687e2<-dd21079d-84ac-4ee5-bea1-aaabc97992ac#0:OK-t0. Peer's state: dd21079d-84ac-4ee5-bea1-aaabc97992ac@group-1D6CABF8A42A:t0, leader=null, voted=, raftlog=Memoized:dd21079d-84ac-4ee5-bea1-aaabc97992ac@group-1D6CABF8A42A-SegmentedRaftLog:OPENED:c-1, conf=-1: peers:[d591b026-01eb-4928-a28c-f8365e0687e2|127.0.0.1:15103, dd21079d-84ac-4ee5-bea1-aaabc97992ac|127.0.0.1:15112, 6344c76b-c160-4957-8ee9-5bf4783825fc|127.0.0.1:15121]|listeners:[], old=null
2024-04-26 07:43:53,454 [grpc-default-executor-1] INFO  impl.VoteContext (VoteContext.java:log(49)) - 6344c76b-c160-4957-8ee9-5bf4783825fc@group-1D6CABF8A42A-FOLLOWER: reject PRE_VOTE from d591b026-01eb-4928-a28c-f8365e0687e2: our priority 1 > candidate's priority 0
2024-04-26 07:43:53,454 [grpc-default-executor-1] INFO  server.RaftServer$Division (RaftServerImpl.java:requestVote(1422)) - 6344c76b-c160-4957-8ee9-5bf4783825fc@group-1D6CABF8A42A replies to PRE_VOTE vote request: d591b026-01eb-4928-a28c-f8365e0687e2<-6344c76b-c160-4957-8ee9-5bf4783825fc#0:FAIL-t0. Peer's state: 6344c76b-c160-4957-8ee9-5bf4783825fc@group-1D6CABF8A42A:t0, leader=null, voted=, raftlog=Memoized:6344c76b-c160-4957-8ee9-5bf4783825fc@group-1D6CABF8A42A-SegmentedRaftLog:OPENED:c-1, conf=-1: peers:[d591b026-01eb-4928-a28c-f8365e0687e2|127.0.0.1:15103, dd21079d-84ac-4ee5-bea1-aaabc97992ac|127.0.0.1:15112, 6344c76b-c160-4957-8ee9-5bf4783825fc|127.0.0.1:15121]|listeners:[], old=null
2024-04-26 07:43:53,455 [d591b026-01eb-4928-a28c-f8365e0687e2@group-1D6CABF8A42A-LeaderElection17] INFO  impl.LeaderElection (LeaderElection.java:logAndReturn(89)) - d591b026-01eb-4928-a28c-f8365e0687e2@group-1D6CABF8A42A-LeaderElection17: PRE_VOTE REJECTED received 1 response(s) and 0 exception(s):
2024-04-26 07:43:53,455 [d591b026-01eb-4928-a28c-f8365e0687e2@group-1D6CABF8A42A-LeaderElection17] INFO  impl.LeaderElection (LeaderElection.java:logAndReturn(93)) -   Response 0: d591b026-01eb-4928-a28c-f8365e0687e2<-6344c76b-c160-4957-8ee9-5bf4783825fc#0:FAIL-t0
2024-04-26 07:43:53,455 [d591b026-01eb-4928-a28c-f8365e0687e2@group-1D6CABF8A42A-LeaderElection17] INFO  impl.LeaderElection (LeaderElection.java:askForVotes(323)) - d591b026-01eb-4928-a28c-f8365e0687e2@group-1D6CABF8A42A-LeaderElection17 PRE_VOTE round 0: result REJECTED
2024-04-26 07:43:53,455 [d591b026-01eb-4928-a28c-f8365e0687e2@group-1D6CABF8A42A-LeaderElection17] INFO  server.RaftServer$Division (RaftServerImpl.java:setRole(383)) - d591b026-01eb-4928-a28c-f8365e0687e2@group-1D6CABF8A42A: changes role from CANDIDATE to FOLLOWER at term 0 for REJECTED
2024-04-26 07:43:53,456 [d591b026-01eb-4928-a28c-f8365e0687e2@group-1D6CABF8A42A-LeaderElection17] INFO  impl.RoleInfo (RoleInfo.java:shutdownLeaderElection(130)) - d591b026-01eb-4928-a28c-f8365e0687e2: shutdown d591b026-01eb-4928-a28c-f8365e0687e2@group-1D6CABF8A42A-LeaderElection17
2024-04-26 07:43:53,456 [d591b026-01eb-4928-a28c-f8365e0687e2@group-1D6CABF8A42A-LeaderElection17] INFO  impl.RoleInfo (RoleInfo.java:updateAndGet(139)) - d591b026-01eb-4928-a28c-f8365e0687e2: start d591b026-01eb-4928-a28c-f8365e0687e2@group-1D6CABF8A42A-FollowerState
2024-04-26 07:43:53,456 [d591b026-01eb-4928-a28c-f8365e0687e2@group-1D6CABF8A42A-LeaderElection17] INFO  server.RaftServer$Division (RaftServerImpl.java:setFirstElection(574)) - d591b026-01eb-4928-a28c-f8365e0687e2@group-1D6CABF8A42A: set firstElectionSinceStartup to false for REJECTED
2024-04-26 07:43:53,472 [d591b026-01eb-4928-a28c-f8365e0687e2@group-6BE76EECAE25-FollowerState] INFO  impl.FollowerState (FollowerState.java:run(143)) - d591b026-01eb-4928-a28c-f8365e0687e2@group-6BE76EECAE25-FollowerState: change to CANDIDATE, lastRpcElapsedTime:5096475673ns, electionTimeout:5096ms
2024-04-26 07:43:53,472 [d591b026-01eb-4928-a28c-f8365e0687e2@group-6BE76EECAE25-FollowerState] INFO  impl.RoleInfo (RoleInfo.java:shutdownFollowerState(110)) - d591b026-01eb-4928-a28c-f8365e0687e2: shutdown d591b026-01eb-4928-a28c-f8365e0687e2@group-6BE76EECAE25-FollowerState
2024-04-26 07:43:53,472 [d591b026-01eb-4928-a28c-f8365e0687e2@group-6BE76EECAE25-FollowerState] INFO  server.RaftServer$Division (RaftServerImpl.java:setRole(383)) - d591b026-01eb-4928-a28c-f8365e0687e2@group-6BE76EECAE25: changes role from  FOLLOWER to CANDIDATE at term 0 for changeToCandidate
2024-04-26 07:43:53,472 [d591b026-01eb-4928-a28c-f8365e0687e2@group-6BE76EECAE25-FollowerState] INFO  server.RaftServerConfigKeys (ConfUtils.java:logGet(46)) - raft.server.leaderelection.pre-vote = true (default)
2024-04-26 07:43:53,472 [d591b026-01eb-4928-a28c-f8365e0687e2@group-6BE76EECAE25-FollowerState] INFO  impl.RoleInfo (RoleInfo.java:updateAndGet(139)) - d591b026-01eb-4928-a28c-f8365e0687e2: start d591b026-01eb-4928-a28c-f8365e0687e2@group-6BE76EECAE25-LeaderElection18
2024-04-26 07:43:53,472 [d591b026-01eb-4928-a28c-f8365e0687e2@group-6BE76EECAE25-LeaderElection18] INFO  impl.LeaderElection (LeaderElection.java:askForVotes(321)) - d591b026-01eb-4928-a28c-f8365e0687e2@group-6BE76EECAE25-LeaderElection18 PRE_VOTE round 0: submit vote requests at term 0 for -1: peers:[d591b026-01eb-4928-a28c-f8365e0687e2|127.0.0.1:15103]|listeners:[], old=null
2024-04-26 07:43:53,472 [d591b026-01eb-4928-a28c-f8365e0687e2@group-6BE76EECAE25-LeaderElection18] INFO  impl.LeaderElection (LeaderElection.java:askForVotes(323)) - d591b026-01eb-4928-a28c-f8365e0687e2@group-6BE76EECAE25-LeaderElection18 PRE_VOTE round 0: result PASSED (term=0)
2024-04-26 07:43:53,473 [d591b026-01eb-4928-a28c-f8365e0687e2@group-6BE76EECAE25-LeaderElection18] INFO  impl.LeaderElection (LeaderElection.java:askForVotes(321)) - d591b026-01eb-4928-a28c-f8365e0687e2@group-6BE76EECAE25-LeaderElection18 ELECTION round 0: submit vote requests at term 1 for -1: peers:[d591b026-01eb-4928-a28c-f8365e0687e2|127.0.0.1:15103]|listeners:[], old=null
2024-04-26 07:43:53,473 [d591b026-01eb-4928-a28c-f8365e0687e2@group-6BE76EECAE25-LeaderElection18] INFO  impl.LeaderElection (LeaderElection.java:askForVotes(323)) - d591b026-01eb-4928-a28c-f8365e0687e2@group-6BE76EECAE25-LeaderElection18 ELECTION round 0: result PASSED (term=1)
2024-04-26 07:43:53,473 [d591b026-01eb-4928-a28c-f8365e0687e2@group-6BE76EECAE25-LeaderElection18] INFO  impl.RoleInfo (RoleInfo.java:shutdownLeaderElection(130)) - d591b026-01eb-4928-a28c-f8365e0687e2: shutdown d591b026-01eb-4928-a28c-f8365e0687e2@group-6BE76EECAE25-LeaderElection18
2024-04-26 07:43:53,473 [d591b026-01eb-4928-a28c-f8365e0687e2@group-6BE76EECAE25-LeaderElection18] INFO  server.RaftServer$Division (RaftServerImpl.java:setRole(383)) - d591b026-01eb-4928-a28c-f8365e0687e2@group-6BE76EECAE25: changes role from CANDIDATE to LEADER at term 1 for changeToLeader
2024-04-26 07:43:53,474 [d591b026-01eb-4928-a28c-f8365e0687e2@group-6BE76EECAE25-LeaderElection18] INFO  server.RaftServerConfigKeys (ConfUtils.java:logGet(46)) - raft.server.staging.catchup.gap = 1000 (default)
2024-04-26 07:43:53,474 [d591b026-01eb-4928-a28c-f8365e0687e2@group-6BE76EECAE25-LeaderElection18] INFO  server.RaftServerConfigKeys (ConfUtils.java:logGet(46)) - raft.server.write.element-limit = 1024 (custom)
2024-04-26 07:43:53,474 [d591b026-01eb-4928-a28c-f8365e0687e2@group-6BE76EECAE25-LeaderElection18] INFO  server.RaftServerConfigKeys (ConfUtils.java:logGet(46)) - raft.server.write.byte-limit = 1024 M (=1073741824) (custom)
2024-04-26 07:43:53,474 [d591b026-01eb-4928-a28c-f8365e0687e2@group-6BE76EECAE25-LeaderElection18] INFO  server.RaftServerConfigKeys (ConfUtils.java:logGet(46)) - raft.server.watch.timeout = 3000ms (custom)
2024-04-26 07:43:53,474 [d591b026-01eb-4928-a28c-f8365e0687e2@group-6BE76EECAE25-LeaderElection18] INFO  server.RaftServerConfigKeys (ConfUtils.java:logGet(46)) - raft.server.watch.timeout.denomination = 1s (default)
2024-04-26 07:43:53,474 [d591b026-01eb-4928-a28c-f8365e0687e2@group-6BE76EECAE25-LeaderElection18] INFO  server.RaftServerConfigKeys (ConfUtils.java:logGet(46)) - raft.server.watch.element-limit = 65536 (default)
2024-04-26 07:43:53,474 [d591b026-01eb-4928-a28c-f8365e0687e2@group-6BE76EECAE25-LeaderElection18] INFO  server.RaftServerConfigKeys (ConfUtils.java:logGet(46)) - raft.server.read.leader.lease.enabled = false (default)
2024-04-26 07:43:53,474 [d591b026-01eb-4928-a28c-f8365e0687e2@group-6BE76EECAE25-LeaderElection18] INFO  server.RaftServerConfigKeys (ConfUtils.java:logGet(46)) - raft.server.read.leader.lease.timeout.ratio = 0.9 (default)
2024-04-26 07:43:53,474 [d591b026-01eb-4928-a28c-f8365e0687e2@group-6BE76EECAE25-LeaderElection18] INFO  server.RaftServerConfigKeys (ConfUtils.java:logGet(46)) - raft.server.rpc.timeout.min = 5s (custom)
2024-04-26 07:43:53,474 [d591b026-01eb-4928-a28c-f8365e0687e2@group-6BE76EECAE25-LeaderElection18] INFO  server.RaftServerConfigKeys (ConfUtils.java:logGet(46)) - raft.server.write.element-limit = 1024 (custom)
2024-04-26 07:43:53,474 [d591b026-01eb-4928-a28c-f8365e0687e2@group-6BE76EECAE25-LeaderElection18] INFO  server.RaftServerConfigKeys (ConfUtils.java:logGet(46)) - raft.server.write.follower.gap.ratio.max = -1.0 (default)
2024-04-26 07:43:53,474 [d591b026-01eb-4928-a28c-f8365e0687e2@group-6BE76EECAE25-LeaderElection18] INFO  impl.RoleInfo (RoleInfo.java:updateAndGet(139)) - d591b026-01eb-4928-a28c-f8365e0687e2: start d591b026-01eb-4928-a28c-f8365e0687e2@group-6BE76EECAE25-LeaderStateImpl
2024-04-26 07:43:53,475 [d591b026-01eb-4928-a28c-f8365e0687e2@group-6BE76EECAE25-LeaderElection18] INFO  server.RaftServer$Division (RaftServerImpl.java:setFirstElection(574)) - d591b026-01eb-4928-a28c-f8365e0687e2@group-6BE76EECAE25: set firstElectionSinceStartup to false for becomeLeader
2024-04-26 07:43:53,475 [d591b026-01eb-4928-a28c-f8365e0687e2@group-6BE76EECAE25-LeaderElection18] INFO  ratis.XceiverServerRatis (XceiverServerRatis.java:handleLeaderChangedNotification(966)) - Leader change notification received for group: group-6BE76EECAE25 with new leaderId: d591b026-01eb-4928-a28c-f8365e0687e2
2024-04-26 07:43:53,475 [d591b026-01eb-4928-a28c-f8365e0687e2@group-6BE76EECAE25-LeaderElection18] INFO  server.RaftServer$Division (ServerState.java:setLeader(269)) - d591b026-01eb-4928-a28c-f8365e0687e2@group-6BE76EECAE25: change Leader from null to d591b026-01eb-4928-a28c-f8365e0687e2 at term 1 for becomeLeader, leader elected after 5112ms
2024-04-26 07:43:53,475 [d591b026-01eb-4928-a28c-f8365e0687e2@group-6BE76EECAE25-LeaderElection18] INFO  segmented.SegmentedRaftLogWorker (SegmentedRaftLogWorker.java:startLogSegment(430)) - d591b026-01eb-4928-a28c-f8365e0687e2@group-6BE76EECAE25-SegmentedRaftLogWorker: Starting segment from index:0
2024-04-26 07:43:53,475 [d591b026-01eb-4928-a28c-f8365e0687e2@group-6BE76EECAE25-LeaderElection18] INFO  server.RaftServer$Division (ServerState.java:setRaftConf(386)) - d591b026-01eb-4928-a28c-f8365e0687e2@group-6BE76EECAE25: set configuration 0: peers:[d591b026-01eb-4928-a28c-f8365e0687e2|127.0.0.1:15103]|listeners:[], old=null
2024-04-26 07:43:53,475 [d591b026-01eb-4928-a28c-f8365e0687e2@group-6BE76EECAE25-SegmentedRaftLogWorker] INFO  segmented.BufferedWriteChannel (BufferedWriteChannel.java:open(62)) - open log_inprogress_0 at position 0
2024-04-26 07:43:53,481 [EventQueue-OpenPipelineForHealthyPipelineSafeModeRule] INFO  safemode.SCMSafeModeManager (HealthyPipelineSafeModeRule.java:process(140)) - SCM in safe mode. Healthy pipelines reported count is 0, required healthy pipeline reported count is 1
2024-04-26 07:43:53,482 [d591b026-01eb-4928-a28c-f8365e0687e2@group-6BE76EECAE25-SegmentedRaftLogWorker] INFO  segmented.SegmentedRaftLogWorker (SegmentedRaftLogWorker.java:execute(634)) - d591b026-01eb-4928-a28c-f8365e0687e2@group-6BE76EECAE25-SegmentedRaftLogWorker: created new log segment /home/runner/work/ozone/ozone/hadoop-ozone/integration-test/target/test-dir/MiniOzoneClusterImpl-a56b3a23-5bf6-4b5b-a0fe-007206924a4e/ozone-meta/datanode-1/ratis/9ad9a9a9-6390-4eea-8ab0-6be76eecae25/current/log_inprogress_0
2024-04-26 07:43:53,484 [d591b026-01eb-4928-a28c-f8365e0687e2@group-6BE76EECAE25-StateMachineUpdater] INFO  server.RaftServer$Division (LeaderStateImpl.java:isApplied(320)) - leader is ready since appliedIndex == 0 >= startIndex == 0
2024-04-26 07:43:53,529 [6344c76b-c160-4957-8ee9-5bf4783825fc@group-1D6CABF8A42A-FollowerState] INFO  impl.FollowerState (FollowerState.java:run(143)) - 6344c76b-c160-4957-8ee9-5bf4783825fc@group-1D6CABF8A42A-FollowerState: change to CANDIDATE, lastRpcElapsedTime:5105881031ns, electionTimeout:5104ms
2024-04-26 07:43:53,529 [6344c76b-c160-4957-8ee9-5bf4783825fc@group-1D6CABF8A42A-FollowerState] INFO  impl.RoleInfo (RoleInfo.java:shutdownFollowerState(110)) - 6344c76b-c160-4957-8ee9-5bf4783825fc: shutdown 6344c76b-c160-4957-8ee9-5bf4783825fc@group-1D6CABF8A42A-FollowerState
2024-04-26 07:43:53,529 [6344c76b-c160-4957-8ee9-5bf4783825fc@group-1D6CABF8A42A-FollowerState] INFO  server.RaftServer$Division (RaftServerImpl.java:setRole(383)) - 6344c76b-c160-4957-8ee9-5bf4783825fc@group-1D6CABF8A42A: changes role from  FOLLOWER to CANDIDATE at term 0 for changeToCandidate
2024-04-26 07:43:53,529 [6344c76b-c160-4957-8ee9-5bf4783825fc@group-1D6CABF8A42A-FollowerState] INFO  server.RaftServerConfigKeys (ConfUtils.java:logGet(46)) - raft.server.leaderelection.pre-vote = true (default)
2024-04-26 07:43:53,529 [6344c76b-c160-4957-8ee9-5bf4783825fc@group-1D6CABF8A42A-FollowerState] INFO  impl.RoleInfo (RoleInfo.java:updateAndGet(139)) - 6344c76b-c160-4957-8ee9-5bf4783825fc: start 6344c76b-c160-4957-8ee9-5bf4783825fc@group-1D6CABF8A42A-LeaderElection19
2024-04-26 07:43:53,530 [6344c76b-c160-4957-8ee9-5bf4783825fc@group-1D6CABF8A42A-LeaderElection19] INFO  impl.LeaderElection (LeaderElection.java:askForVotes(321)) - 6344c76b-c160-4957-8ee9-5bf4783825fc@group-1D6CABF8A42A-LeaderElection19 PRE_VOTE round 0: submit vote requests at term 0 for -1: peers:[d591b026-01eb-4928-a28c-f8365e0687e2|127.0.0.1:15103, dd21079d-84ac-4ee5-bea1-aaabc97992ac|127.0.0.1:15112, 6344c76b-c160-4957-8ee9-5bf4783825fc|127.0.0.1:15121]|listeners:[], old=null
2024-04-26 07:43:53,530 [6344c76b-c160-4957-8ee9-5bf4783825fc@group-1D6CABF8A42A-LeaderElection19-1] INFO  server.GrpcServerProtocolClient (GrpcServerProtocolClient.java:<init>(65)) - Build channel for d591b026-01eb-4928-a28c-f8365e0687e2|127.0.0.1:15103
2024-04-26 07:43:53,530 [6344c76b-c160-4957-8ee9-5bf4783825fc@group-1D6CABF8A42A-LeaderElection19] INFO  server.RaftServerConfigKeys (ConfUtils.java:logFallback(53)) - raft.server.rpc.first-election.timeout.min = 5s (fallback to raft.server.rpc.timeout.min)
2024-04-26 07:43:53,530 [6344c76b-c160-4957-8ee9-5bf4783825fc@group-1D6CABF8A42A-LeaderElection19] INFO  server.RaftServerConfigKeys (ConfUtils.java:logFallback(53)) - raft.server.rpc.first-election.timeout.max = 5200ms (fallback to raft.server.rpc.timeout.max)
2024-04-26 07:43:53,530 [6344c76b-c160-4957-8ee9-5bf4783825fc@group-1D6CABF8A42A-LeaderElection19-2] INFO  server.GrpcServerProtocolClient (GrpcServerProtocolClient.java:<init>(65)) - Build channel for dd21079d-84ac-4ee5-bea1-aaabc97992ac|127.0.0.1:15112
2024-04-26 07:43:53,534 [grpc-default-executor-0] INFO  server.RaftServer$Division (RaftServerImpl.java:requestVote(1389)) - d591b026-01eb-4928-a28c-f8365e0687e2@group-1D6CABF8A42A: receive requestVote(PRE_VOTE, 6344c76b-c160-4957-8ee9-5bf4783825fc, group-1D6CABF8A42A, 0, (t:0, i:0))
2024-04-26 07:43:53,535 [grpc-default-executor-0] INFO  impl.VoteContext (VoteContext.java:log(49)) - d591b026-01eb-4928-a28c-f8365e0687e2@group-1D6CABF8A42A-FOLLOWER: accept PRE_VOTE from 6344c76b-c160-4957-8ee9-5bf4783825fc: our priority 0 <= candidate's priority 1
2024-04-26 07:43:53,535 [grpc-default-executor-0] INFO  server.RaftServer$Division (RaftServerImpl.java:requestVote(1422)) - d591b026-01eb-4928-a28c-f8365e0687e2@group-1D6CABF8A42A replies to PRE_VOTE vote request: 6344c76b-c160-4957-8ee9-5bf4783825fc<-d591b026-01eb-4928-a28c-f8365e0687e2#0:OK-t0. Peer's state: d591b026-01eb-4928-a28c-f8365e0687e2@group-1D6CABF8A42A:t0, leader=null, voted=, raftlog=Memoized:d591b026-01eb-4928-a28c-f8365e0687e2@group-1D6CABF8A42A-SegmentedRaftLog:OPENED:c-1, conf=-1: peers:[d591b026-01eb-4928-a28c-f8365e0687e2|127.0.0.1:15103, dd21079d-84ac-4ee5-bea1-aaabc97992ac|127.0.0.1:15112, 6344c76b-c160-4957-8ee9-5bf4783825fc|127.0.0.1:15121]|listeners:[], old=null
2024-04-26 07:43:53,535 [grpc-default-executor-0] INFO  server.RaftServer$Division (RaftServerImpl.java:requestVote(1389)) - dd21079d-84ac-4ee5-bea1-aaabc97992ac@group-1D6CABF8A42A: receive requestVote(PRE_VOTE, 6344c76b-c160-4957-8ee9-5bf4783825fc, group-1D6CABF8A42A, 0, (t:0, i:0))
2024-04-26 07:43:53,535 [grpc-default-executor-0] INFO  impl.VoteContext (VoteContext.java:log(49)) - dd21079d-84ac-4ee5-bea1-aaabc97992ac@group-1D6CABF8A42A-FOLLOWER: accept PRE_VOTE from 6344c76b-c160-4957-8ee9-5bf4783825fc: our priority 0 <= candidate's priority 1
2024-04-26 07:43:53,535 [grpc-default-executor-0] INFO  server.RaftServer$Division (RaftServerImpl.java:requestVote(1422)) - dd21079d-84ac-4ee5-bea1-aaabc97992ac@group-1D6CABF8A42A replies to PRE_VOTE vote request: 6344c76b-c160-4957-8ee9-5bf4783825fc<-dd21079d-84ac-4ee5-bea1-aaabc97992ac#0:OK-t0. Peer's state: dd21079d-84ac-4ee5-bea1-aaabc97992ac@group-1D6CABF8A42A:t0, leader=null, voted=, raftlog=Memoized:dd21079d-84ac-4ee5-bea1-aaabc97992ac@group-1D6CABF8A42A-SegmentedRaftLog:OPENED:c-1, conf=-1: peers:[d591b026-01eb-4928-a28c-f8365e0687e2|127.0.0.1:15103, dd21079d-84ac-4ee5-bea1-aaabc97992ac|127.0.0.1:15112, 6344c76b-c160-4957-8ee9-5bf4783825fc|127.0.0.1:15121]|listeners:[], old=null
2024-04-26 07:43:53,536 [6344c76b-c160-4957-8ee9-5bf4783825fc@group-1D6CABF8A42A-LeaderElection19] INFO  impl.LeaderElection (LeaderElection.java:logAndReturn(89)) - 6344c76b-c160-4957-8ee9-5bf4783825fc@group-1D6CABF8A42A-LeaderElection19: PRE_VOTE PASSED received 1 response(s) and 0 exception(s):
2024-04-26 07:43:53,536 [6344c76b-c160-4957-8ee9-5bf4783825fc@group-1D6CABF8A42A-LeaderElection19] INFO  impl.LeaderElection (LeaderElection.java:logAndReturn(93)) -   Response 0: 6344c76b-c160-4957-8ee9-5bf4783825fc<-d591b026-01eb-4928-a28c-f8365e0687e2#0:OK-t0
2024-04-26 07:43:53,537 [6344c76b-c160-4957-8ee9-5bf4783825fc@group-1D6CABF8A42A-LeaderElection19] INFO  impl.LeaderElection (LeaderElection.java:askForVotes(323)) - 6344c76b-c160-4957-8ee9-5bf4783825fc@group-1D6CABF8A42A-LeaderElection19 PRE_VOTE round 0: result PASSED
2024-04-26 07:43:53,538 [6344c76b-c160-4957-8ee9-5bf4783825fc@group-1D6CABF8A42A-LeaderElection19] INFO  impl.LeaderElection (LeaderElection.java:askForVotes(321)) - 6344c76b-c160-4957-8ee9-5bf4783825fc@group-1D6CABF8A42A-LeaderElection19 ELECTION round 0: submit vote requests at term 1 for -1: peers:[d591b026-01eb-4928-a28c-f8365e0687e2|127.0.0.1:15103, dd21079d-84ac-4ee5-bea1-aaabc97992ac|127.0.0.1:15112, 6344c76b-c160-4957-8ee9-5bf4783825fc|127.0.0.1:15121]|listeners:[], old=null
2024-04-26 07:43:53,538 [6344c76b-c160-4957-8ee9-5bf4783825fc@group-1D6CABF8A42A-LeaderElection19] INFO  server.RaftServerConfigKeys (ConfUtils.java:logFallback(53)) - raft.server.rpc.first-election.timeout.min = 5s (fallback to raft.server.rpc.timeout.min)
2024-04-26 07:43:53,538 [6344c76b-c160-4957-8ee9-5bf4783825fc@group-1D6CABF8A42A-LeaderElection19] INFO  server.RaftServerConfigKeys (ConfUtils.java:logFallback(53)) - raft.server.rpc.first-election.timeout.max = 5200ms (fallback to raft.server.rpc.timeout.max)
2024-04-26 07:43:53,539 [grpc-default-executor-0] INFO  server.RaftServer$Division (RaftServerImpl.java:requestVote(1389)) - d591b026-01eb-4928-a28c-f8365e0687e2@group-1D6CABF8A42A: receive requestVote(ELECTION, 6344c76b-c160-4957-8ee9-5bf4783825fc, group-1D6CABF8A42A, 1, (t:0, i:0))
2024-04-26 07:43:53,539 [grpc-default-executor-1] INFO  server.RaftServer$Division (RaftServerImpl.java:requestVote(1389)) - dd21079d-84ac-4ee5-bea1-aaabc97992ac@group-1D6CABF8A42A: receive requestVote(ELECTION, 6344c76b-c160-4957-8ee9-5bf4783825fc, group-1D6CABF8A42A, 1, (t:0, i:0))
2024-04-26 07:43:53,539 [grpc-default-executor-0] INFO  impl.VoteContext (VoteContext.java:log(49)) - d591b026-01eb-4928-a28c-f8365e0687e2@group-1D6CABF8A42A-FOLLOWER: accept ELECTION from 6344c76b-c160-4957-8ee9-5bf4783825fc: our priority 0 <= candidate's priority 1
2024-04-26 07:43:53,539 [grpc-default-executor-0] INFO  server.RaftServer$Division (RaftServerImpl.java:setRole(383)) - d591b026-01eb-4928-a28c-f8365e0687e2@group-1D6CABF8A42A: changes role from  FOLLOWER to FOLLOWER at term 1 for candidate:6344c76b-c160-4957-8ee9-5bf4783825fc
2024-04-26 07:43:53,539 [grpc-default-executor-0] INFO  impl.RoleInfo (RoleInfo.java:shutdownFollowerState(110)) - d591b026-01eb-4928-a28c-f8365e0687e2: shutdown d591b026-01eb-4928-a28c-f8365e0687e2@group-1D6CABF8A42A-FollowerState
2024-04-26 07:43:53,539 [grpc-default-executor-0] INFO  impl.RoleInfo (RoleInfo.java:updateAndGet(139)) - d591b026-01eb-4928-a28c-f8365e0687e2: start d591b026-01eb-4928-a28c-f8365e0687e2@group-1D6CABF8A42A-FollowerState
2024-04-26 07:43:53,539 [grpc-default-executor-1] INFO  impl.VoteContext (VoteContext.java:log(49)) - dd21079d-84ac-4ee5-bea1-aaabc97992ac@group-1D6CABF8A42A-FOLLOWER: accept ELECTION from 6344c76b-c160-4957-8ee9-5bf4783825fc: our priority 0 <= candidate's priority 1
2024-04-26 07:43:53,539 [d591b026-01eb-4928-a28c-f8365e0687e2@group-1D6CABF8A42A-FollowerState] INFO  impl.FollowerState (FollowerState.java:run(152)) - d591b026-01eb-4928-a28c-f8365e0687e2@group-1D6CABF8A42A-FollowerState was interrupted
2024-04-26 07:43:53,539 [grpc-default-executor-1] INFO  server.RaftServer$Division (RaftServerImpl.java:setRole(383)) - dd21079d-84ac-4ee5-bea1-aaabc97992ac@group-1D6CABF8A42A: changes role from  FOLLOWER to FOLLOWER at term 1 for candidate:6344c76b-c160-4957-8ee9-5bf4783825fc
2024-04-26 07:43:53,539 [grpc-default-executor-1] INFO  impl.RoleInfo (RoleInfo.java:shutdownFollowerState(110)) - dd21079d-84ac-4ee5-bea1-aaabc97992ac: shutdown dd21079d-84ac-4ee5-bea1-aaabc97992ac@group-1D6CABF8A42A-FollowerState
2024-04-26 07:43:53,540 [grpc-default-executor-1] INFO  impl.RoleInfo (RoleInfo.java:updateAndGet(139)) - dd21079d-84ac-4ee5-bea1-aaabc97992ac: start dd21079d-84ac-4ee5-bea1-aaabc97992ac@group-1D6CABF8A42A-FollowerState
2024-04-26 07:43:53,540 [dd21079d-84ac-4ee5-bea1-aaabc97992ac@group-1D6CABF8A42A-FollowerState] INFO  impl.FollowerState (FollowerState.java:run(152)) - dd21079d-84ac-4ee5-bea1-aaabc97992ac@group-1D6CABF8A42A-FollowerState was interrupted
2024-04-26 07:43:53,540 [grpc-default-executor-1] INFO  server.RaftServer$Division (RaftServerImpl.java:setFirstElection(574)) - dd21079d-84ac-4ee5-bea1-aaabc97992ac@group-1D6CABF8A42A: set firstElectionSinceStartup to false for candidate:6344c76b-c160-4957-8ee9-5bf4783825fc
2024-04-26 07:43:53,540 [grpc-default-executor-0] INFO  server.RaftServer$Division (RaftServerImpl.java:requestVote(1422)) - d591b026-01eb-4928-a28c-f8365e0687e2@group-1D6CABF8A42A replies to ELECTION vote request: 6344c76b-c160-4957-8ee9-5bf4783825fc<-d591b026-01eb-4928-a28c-f8365e0687e2#0:OK-t1. Peer's state: d591b026-01eb-4928-a28c-f8365e0687e2@group-1D6CABF8A42A:t1, leader=null, voted=6344c76b-c160-4957-8ee9-5bf4783825fc, raftlog=Memoized:d591b026-01eb-4928-a28c-f8365e0687e2@group-1D6CABF8A42A-SegmentedRaftLog:OPENED:c-1, conf=-1: peers:[d591b026-01eb-4928-a28c-f8365e0687e2|127.0.0.1:15103, dd21079d-84ac-4ee5-bea1-aaabc97992ac|127.0.0.1:15112, 6344c76b-c160-4957-8ee9-5bf4783825fc|127.0.0.1:15121]|listeners:[], old=null
2024-04-26 07:43:53,541 [grpc-default-executor-1] INFO  server.RaftServer$Division (RaftServerImpl.java:requestVote(1422)) - dd21079d-84ac-4ee5-bea1-aaabc97992ac@group-1D6CABF8A42A replies to ELECTION vote request: 6344c76b-c160-4957-8ee9-5bf4783825fc<-dd21079d-84ac-4ee5-bea1-aaabc97992ac#0:OK-t1. Peer's state: dd21079d-84ac-4ee5-bea1-aaabc97992ac@group-1D6CABF8A42A:t1, leader=null, voted=6344c76b-c160-4957-8ee9-5bf4783825fc, raftlog=Memoized:dd21079d-84ac-4ee5-bea1-aaabc97992ac@group-1D6CABF8A42A-SegmentedRaftLog:OPENED:c-1, conf=-1: peers:[d591b026-01eb-4928-a28c-f8365e0687e2|127.0.0.1:15103, dd21079d-84ac-4ee5-bea1-aaabc97992ac|127.0.0.1:15112, 6344c76b-c160-4957-8ee9-5bf4783825fc|127.0.0.1:15121]|listeners:[], old=null
2024-04-26 07:43:53,542 [6344c76b-c160-4957-8ee9-5bf4783825fc@group-1D6CABF8A42A-LeaderElection19] INFO  impl.LeaderElection (LeaderElection.java:logAndReturn(89)) - 6344c76b-c160-4957-8ee9-5bf4783825fc@group-1D6CABF8A42A-LeaderElection19: ELECTION PASSED received 1 response(s) and 0 exception(s):
2024-04-26 07:43:53,542 [6344c76b-c160-4957-8ee9-5bf4783825fc@group-1D6CABF8A42A-LeaderElection19] INFO  impl.LeaderElection (LeaderElection.java:logAndReturn(93)) -   Response 0: 6344c76b-c160-4957-8ee9-5bf4783825fc<-d591b026-01eb-4928-a28c-f8365e0687e2#0:OK-t1
2024-04-26 07:43:53,542 [6344c76b-c160-4957-8ee9-5bf4783825fc@group-1D6CABF8A42A-LeaderElection19] INFO  impl.LeaderElection (LeaderElection.java:askForVotes(323)) - 6344c76b-c160-4957-8ee9-5bf4783825fc@group-1D6CABF8A42A-LeaderElection19 ELECTION round 0: result PASSED
2024-04-26 07:43:53,542 [6344c76b-c160-4957-8ee9-5bf4783825fc@group-1D6CABF8A42A-LeaderElection19] INFO  impl.RoleInfo (RoleInfo.java:shutdownLeaderElection(130)) - 6344c76b-c160-4957-8ee9-5bf4783825fc: shutdown 6344c76b-c160-4957-8ee9-5bf4783825fc@group-1D6CABF8A42A-LeaderElection19
2024-04-26 07:43:53,542 [6344c76b-c160-4957-8ee9-5bf4783825fc@group-1D6CABF8A42A-LeaderElection19] INFO  server.RaftServer$Division (RaftServerImpl.java:setRole(383)) - 6344c76b-c160-4957-8ee9-5bf4783825fc@group-1D6CABF8A42A: changes role from CANDIDATE to LEADER at term 1 for changeToLeader
2024-04-26 07:43:53,542 [6344c76b-c160-4957-8ee9-5bf4783825fc@group-1D6CABF8A42A-LeaderElection19] INFO  server.RaftServerConfigKeys (ConfUtils.java:logGet(46)) - raft.server.staging.catchup.gap = 1000 (default)
2024-04-26 07:43:53,542 [6344c76b-c160-4957-8ee9-5bf4783825fc@group-1D6CABF8A42A-LeaderElection19] INFO  server.RaftServerConfigKeys (ConfUtils.java:logGet(46)) - raft.server.write.element-limit = 1024 (custom)
2024-04-26 07:43:53,543 [6344c76b-c160-4957-8ee9-5bf4783825fc@group-1D6CABF8A42A-LeaderElection19] INFO  server.RaftServerConfigKeys (ConfUtils.java:logGet(46)) - raft.server.write.byte-limit = 1024 M (=1073741824) (custom)
2024-04-26 07:43:53,543 [6344c76b-c160-4957-8ee9-5bf4783825fc@group-1D6CABF8A42A-LeaderElection19] INFO  server.RaftServerConfigKeys (ConfUtils.java:logGet(46)) - raft.server.watch.timeout = 3000ms (custom)
2024-04-26 07:43:53,543 [6344c76b-c160-4957-8ee9-5bf4783825fc@group-1D6CABF8A42A-LeaderElection19] INFO  server.RaftServerConfigKeys (ConfUtils.java:logGet(46)) - raft.server.watch.timeout.denomination = 1s (default)
2024-04-26 07:43:53,543 [6344c76b-c160-4957-8ee9-5bf4783825fc@group-1D6CABF8A42A-LeaderElection19] INFO  server.RaftServerConfigKeys (ConfUtils.java:logGet(46)) - raft.server.watch.element-limit = 65536 (default)
2024-04-26 07:43:53,543 [6344c76b-c160-4957-8ee9-5bf4783825fc@group-1D6CABF8A42A-LeaderElection19] INFO  server.RaftServerConfigKeys (ConfUtils.java:logGet(46)) - raft.server.read.leader.lease.enabled = false (default)
2024-04-26 07:43:53,543 [6344c76b-c160-4957-8ee9-5bf4783825fc@group-1D6CABF8A42A-LeaderElection19] INFO  server.RaftServerConfigKeys (ConfUtils.java:logGet(46)) - raft.server.read.leader.lease.timeout.ratio = 0.9 (default)
2024-04-26 07:43:53,543 [6344c76b-c160-4957-8ee9-5bf4783825fc@group-1D6CABF8A42A-LeaderElection19] INFO  server.RaftServerConfigKeys (ConfUtils.java:logGet(46)) - raft.server.rpc.timeout.min = 5s (custom)
2024-04-26 07:43:53,543 [6344c76b-c160-4957-8ee9-5bf4783825fc@group-1D6CABF8A42A-LeaderElection19] INFO  server.RaftServerConfigKeys (ConfUtils.java:logGet(46)) - raft.server.write.element-limit = 1024 (custom)
2024-04-26 07:43:53,543 [6344c76b-c160-4957-8ee9-5bf4783825fc@group-1D6CABF8A42A-LeaderElection19] INFO  server.RaftServerConfigKeys (ConfUtils.java:logGet(46)) - raft.server.write.follower.gap.ratio.max = -1.0 (default)
2024-04-26 07:43:53,544 [6344c76b-c160-4957-8ee9-5bf4783825fc@group-1D6CABF8A42A-LeaderElection19] INFO  server.RaftServerConfigKeys (ConfUtils.java:logGet(46)) - raft.server.log.appender.snapshot.chunk.size.max = 16MB (=16777216) (default)
2024-04-26 07:43:53,544 [6344c76b-c160-4957-8ee9-5bf4783825fc@group-1D6CABF8A42A-LeaderElection19] INFO  server.RaftServerConfigKeys (ConfUtils.java:logGet(46)) - raft.server.log.appender.buffer.byte-limit = 8388608 (custom)
2024-04-26 07:43:53,544 [6344c76b-c160-4957-8ee9-5bf4783825fc@group-1D6CABF8A42A-LeaderElection19] INFO  server.RaftServerConfigKeys (ConfUtils.java:logGet(46)) - raft.server.log.appender.buffer.element-limit = 1 (custom)
2024-04-26 07:43:53,544 [6344c76b-c160-4957-8ee9-5bf4783825fc@group-1D6CABF8A42A-LeaderElection19] INFO  server.RaftServerConfigKeys (ConfUtils.java:logGet(46)) - raft.server.log.appender.wait-time.min = 0ms (custom)
2024-04-26 07:43:53,544 [6344c76b-c160-4957-8ee9-5bf4783825fc@group-1D6CABF8A42A-LeaderElection19] INFO  grpc.GrpcConfigKeys (ConfUtils.java:logGet(46)) - raft.grpc.server.leader.outstanding.appends.max = 8 (default)
2024-04-26 07:43:53,544 [6344c76b-c160-4957-8ee9-5bf4783825fc@group-1D6CABF8A42A-LeaderElection19] INFO  server.RaftServerConfigKeys (ConfUtils.java:logGet(46)) - raft.server.rpc.request.timeout = 3000ms (default)
2024-04-26 07:43:53,544 [6344c76b-c160-4957-8ee9-5bf4783825fc@group-1D6CABF8A42A-LeaderElection19] INFO  grpc.GrpcConfigKeys (ConfUtils.java:logGet(46)) - raft.grpc.server.install_snapshot.request.element-limit = 8 (default)
2024-04-26 07:43:53,544 [6344c76b-c160-4957-8ee9-5bf4783825fc@group-1D6CABF8A42A-LeaderElection19] INFO  grpc.GrpcConfigKeys (ConfUtils.java:logGet(46)) - raft.grpc.server.install_snapshot.request.timeout = 3000ms (default)
2024-04-26 07:43:53,544 [6344c76b-c160-4957-8ee9-5bf4783825fc@group-1D6CABF8A42A-LeaderElection19] INFO  grpc.GrpcConfigKeys (ConfUtils.java:logGet(46)) - raft.grpc.server.log-message.batch.duration = 5s (default)
2024-04-26 07:43:53,545 [6344c76b-c160-4957-8ee9-5bf4783825fc@group-1D6CABF8A42A-LeaderElection19] INFO  server.RaftServerConfigKeys (ConfUtils.java:logGet(46)) - raft.server.log.appender.install.snapshot.enabled = false (custom)
2024-04-26 07:43:53,545 [6344c76b-c160-4957-8ee9-5bf4783825fc@group-1D6CABF8A42A-LeaderElection19] INFO  grpc.GrpcConfigKeys (ConfUtils.java:logGet(46)) - raft.grpc.server.heartbeat.channel = true (default)
2024-04-26 07:43:53,546 [6344c76b-c160-4957-8ee9-5bf4783825fc@group-1D6CABF8A42A-LeaderElection19] INFO  server.RaftServerConfigKeys (ConfUtils.java:logGet(46)) - raft.server.log.appender.snapshot.chunk.size.max = 16MB (=16777216) (default)
2024-04-26 07:43:53,546 [6344c76b-c160-4957-8ee9-5bf4783825fc@group-1D6CABF8A42A-LeaderElection19] INFO  server.RaftServerConfigKeys (ConfUtils.java:logGet(46)) - raft.server.log.appender.buffer.byte-limit = 8388608 (custom)
2024-04-26 07:43:53,546 [6344c76b-c160-4957-8ee9-5bf4783825fc@group-1D6CABF8A42A-LeaderElection19] INFO  server.RaftServerConfigKeys (ConfUtils.java:logGet(46)) - raft.server.log.appender.buffer.element-limit = 1 (custom)
2024-04-26 07:43:53,546 [6344c76b-c160-4957-8ee9-5bf4783825fc@group-1D6CABF8A42A-LeaderElection19] INFO  server.RaftServerConfigKeys (ConfUtils.java:logGet(46)) - raft.server.log.appender.wait-time.min = 0ms (custom)
2024-04-26 07:43:53,546 [6344c76b-c160-4957-8ee9-5bf4783825fc@group-1D6CABF8A42A-LeaderElection19] INFO  grpc.GrpcConfigKeys (ConfUtils.java:logGet(46)) - raft.grpc.server.leader.outstanding.appends.max = 8 (default)
2024-04-26 07:43:53,546 [6344c76b-c160-4957-8ee9-5bf4783825fc@group-1D6CABF8A42A-LeaderElection19] INFO  server.RaftServerConfigKeys (ConfUtils.java:logGet(46)) - raft.server.rpc.request.timeout = 3000ms (default)
2024-04-26 07:43:53,546 [6344c76b-c160-4957-8ee9-5bf4783825fc@group-1D6CABF8A42A-LeaderElection19] INFO  grpc.GrpcConfigKeys (ConfUtils.java:logGet(46)) - raft.grpc.server.install_snapshot.request.element-limit = 8 (default)
2024-04-26 07:43:53,546 [6344c76b-c160-4957-8ee9-5bf4783825fc@group-1D6CABF8A42A-LeaderElection19] INFO  grpc.GrpcConfigKeys (ConfUtils.java:logGet(46)) - raft.grpc.server.install_snapshot.request.timeout = 3000ms (default)
2024-04-26 07:43:53,546 [6344c76b-c160-4957-8ee9-5bf4783825fc@group-1D6CABF8A42A-LeaderElection19] INFO  grpc.GrpcConfigKeys (ConfUtils.java:logGet(46)) - raft.grpc.server.log-message.batch.duration = 5s (default)
2024-04-26 07:43:53,546 [6344c76b-c160-4957-8ee9-5bf4783825fc@group-1D6CABF8A42A-LeaderElection19] INFO  server.RaftServerConfigKeys (ConfUtils.java:logGet(46)) - raft.server.log.appender.install.snapshot.enabled = false (custom)
2024-04-26 07:43:53,546 [6344c76b-c160-4957-8ee9-5bf4783825fc@group-1D6CABF8A42A-LeaderElection19] INFO  grpc.GrpcConfigKeys (ConfUtils.java:logGet(46)) - raft.grpc.server.heartbeat.channel = true (default)
2024-04-26 07:43:53,546 [6344c76b-c160-4957-8ee9-5bf4783825fc@group-1D6CABF8A42A-LeaderElection19] INFO  impl.RoleInfo (RoleInfo.java:updateAndGet(139)) - 6344c76b-c160-4957-8ee9-5bf4783825fc: start 6344c76b-c160-4957-8ee9-5bf4783825fc@group-1D6CABF8A42A-LeaderStateImpl
2024-04-26 07:43:53,546 [6344c76b-c160-4957-8ee9-5bf4783825fc@group-1D6CABF8A42A-LeaderElection19] INFO  server.RaftServer$Division (RaftServerImpl.java:setFirstElection(574)) - 6344c76b-c160-4957-8ee9-5bf4783825fc@group-1D6CABF8A42A: set firstElectionSinceStartup to false for becomeLeader
2024-04-26 07:43:53,547 [6344c76b-c160-4957-8ee9-5bf4783825fc@group-1D6CABF8A42A-LeaderElection19] INFO  ratis.XceiverServerRatis (XceiverServerRatis.java:handleLeaderChangedNotification(966)) - Leader change notification received for group: group-1D6CABF8A42A with new leaderId: 6344c76b-c160-4957-8ee9-5bf4783825fc
2024-04-26 07:43:53,547 [6344c76b-c160-4957-8ee9-5bf4783825fc@group-CEA1F2070717-FollowerState] INFO  impl.FollowerState (FollowerState.java:run(143)) - 6344c76b-c160-4957-8ee9-5bf4783825fc@group-CEA1F2070717-FollowerState: change to CANDIDATE, lastRpcElapsedTime:5019646818ns, electionTimeout:5019ms
2024-04-26 07:43:53,547 [6344c76b-c160-4957-8ee9-5bf4783825fc@group-1D6CABF8A42A-LeaderElection19] INFO  server.RaftServer$Division (ServerState.java:setLeader(269)) - 6344c76b-c160-4957-8ee9-5bf4783825fc@group-1D6CABF8A42A: change Leader from null to 6344c76b-c160-4957-8ee9-5bf4783825fc at term 1 for becomeLeader, leader elected after 5140ms
2024-04-26 07:43:53,547 [6344c76b-c160-4957-8ee9-5bf4783825fc@group-1D6CABF8A42A-LeaderElection19] INFO  segmented.SegmentedRaftLogWorker (SegmentedRaftLogWorker.java:startLogSegment(430)) - 6344c76b-c160-4957-8ee9-5bf4783825fc@group-1D6CABF8A42A-SegmentedRaftLogWorker: Starting segment from index:0
2024-04-26 07:43:53,547 [6344c76b-c160-4957-8ee9-5bf4783825fc@group-1D6CABF8A42A-LeaderElection19] INFO  server.RaftServer$Division (ServerState.java:setRaftConf(386)) - 6344c76b-c160-4957-8ee9-5bf4783825fc@group-1D6CABF8A42A: set configuration 0: peers:[d591b026-01eb-4928-a28c-f8365e0687e2|127.0.0.1:15103, dd21079d-84ac-4ee5-bea1-aaabc97992ac|127.0.0.1:15112, 6344c76b-c160-4957-8ee9-5bf4783825fc|127.0.0.1:15121]|listeners:[], old=null
2024-04-26 07:43:53,547 [6344c76b-c160-4957-8ee9-5bf4783825fc@group-1D6CABF8A42A-SegmentedRaftLogWorker] INFO  segmented.BufferedWriteChannel (BufferedWriteChannel.java:open(62)) - open log_inprogress_0 at position 0
2024-04-26 07:43:53,547 [6344c76b-c160-4957-8ee9-5bf4783825fc@group-CEA1F2070717-FollowerState] INFO  impl.RoleInfo (RoleInfo.java:shutdownFollowerState(110)) - 6344c76b-c160-4957-8ee9-5bf4783825fc: shutdown 6344c76b-c160-4957-8ee9-5bf4783825fc@group-CEA1F2070717-FollowerState
2024-04-26 07:43:53,547 [6344c76b-c160-4957-8ee9-5bf4783825fc@group-CEA1F2070717-FollowerState] INFO  server.RaftServer$Division (RaftServerImpl.java:setRole(383)) - 6344c76b-c160-4957-8ee9-5bf4783825fc@group-CEA1F2070717: changes role from  FOLLOWER to CANDIDATE at term 0 for changeToCandidate
2024-04-26 07:43:53,547 [6344c76b-c160-4957-8ee9-5bf4783825fc@group-CEA1F2070717-FollowerState] INFO  server.RaftServerConfigKeys (ConfUtils.java:logGet(46)) - raft.server.leaderelection.pre-vote = true (default)
2024-04-26 07:43:53,547 [6344c76b-c160-4957-8ee9-5bf4783825fc@group-CEA1F2070717-FollowerState] INFO  impl.RoleInfo (RoleInfo.java:updateAndGet(139)) - 6344c76b-c160-4957-8ee9-5bf4783825fc: start 6344c76b-c160-4957-8ee9-5bf4783825fc@group-CEA1F2070717-LeaderElection20
2024-04-26 07:43:53,548 [EventQueue-PipelineReportForPipelineReportHandler] INFO  pipeline.PipelineReportHandler (PipelineReportHandler.java:processPipelineReport(136)) - Opened pipeline PipelineID=bed83b25-9cb5-4226-b5f4-1d6cabf8a42a
2024-04-26 07:43:53,548 [EventQueue-OpenPipelineForHealthyPipelineSafeModeRule] INFO  safemode.SCMSafeModeManager (HealthyPipelineSafeModeRule.java:process(140)) - SCM in safe mode. Healthy pipelines reported count is 1, required healthy pipeline reported count is 1
2024-04-26 07:43:53,548 [EventQueue-OpenPipelineForHealthyPipelineSafeModeRule] INFO  safemode.SCMSafeModeManager (SCMSafeModeManager.java:validateSafeModeExitRules(203)) - HealthyPipelineSafeModeRule rule is successfully validated
2024-04-26 07:43:53,548 [EventQueue-OpenPipelineForHealthyPipelineSafeModeRule] INFO  safemode.SCMSafeModeManager (SCMSafeModeManager.java:validateSafeModeExitRules(218)) - ScmSafeModeManager, all rules are successfully validated
2024-04-26 07:43:53,548 [EventQueue-OpenPipelineForHealthyPipelineSafeModeRule] INFO  safemode.SCMSafeModeManager (SCMSafeModeManager.java:exitSafeMode(248)) - SCM exiting safe mode.
2024-04-26 07:43:53,548 [EventQueue-OpenPipelineForHealthyPipelineSafeModeRule] INFO  ha.SCMContext (SCMContext.java:updateSafeModeStatus(225)) - Update SafeModeStatus from SafeModeStatus{safeModeStatus=true, preCheckPassed=true} to SafeModeStatus{safeModeStatus=false, preCheckPassed=true}.
2024-04-26 07:43:53,548 [EventQueue-OpenPipelineForHealthyPipelineSafeModeRule] INFO  pipeline.BackgroundPipelineCreator (BackgroundPipelineCreator.java:notifyStatusChanged(258)) - Service BackgroundPipelineCreator transitions to RUNNING.
2024-04-26 07:43:53,549 [EventQueue-OpenPipelineForHealthyPipelineSafeModeRule] INFO  BackgroundPipelineScrubber (BackgroundSCMService.java:notifyStatusChanged(79)) - Service BackgroundPipelineScrubber transitions to RUNNING.
2024-04-26 07:43:53,549 [EventQueue-OpenPipelineForHealthyPipelineSafeModeRule] INFO  ExpiredContainerReplicaOpScrubber (BackgroundSCMService.java:notifyStatusChanged(79)) - Service ExpiredContainerReplicaOpScrubber transitions to RUNNING.
2024-04-26 07:43:53,549 [EventQueue-OpenPipelineForHealthyPipelineSafeModeRule] INFO  block.SCMBlockDeletingService (SCMBlockDeletingService.java:notifyStatusChanged(247)) - notifyStatusChanged:RUNNING
2024-04-26 07:43:53,549 [EventQueue-OpenPipelineForHealthyPipelineSafeModeRule] INFO  replication.ReplicationManager (ReplicationManager.java:notifyStatusChanged(1403)) - Service ReplicationManager transitions to RUNNING.
2024-04-26 07:43:53,549 [EventQueue-OpenPipelineForHealthyPipelineSafeModeRule] WARN  balancer.ContainerBalancer (ContainerBalancer.java:shouldRun(134)) - Could not find persisted configuration for ContainerBalancer when checking if ContainerBalancer should run. ContainerBalancer should not run now.
2024-04-26 07:43:53,552 [6344c76b-c160-4957-8ee9-5bf4783825fc@group-CEA1F2070717-LeaderElection20] INFO  impl.LeaderElection (LeaderElection.java:askForVotes(321)) - 6344c76b-c160-4957-8ee9-5bf4783825fc@group-CEA1F2070717-LeaderElection20 PRE_VOTE round 0: submit vote requests at term 0 for -1: peers:[6344c76b-c160-4957-8ee9-5bf4783825fc|127.0.0.1:15121]|listeners:[], old=null
2024-04-26 07:43:53,552 [6344c76b-c160-4957-8ee9-5bf4783825fc@group-CEA1F2070717-LeaderElection20] INFO  impl.LeaderElection (LeaderElection.java:askForVotes(323)) - 6344c76b-c160-4957-8ee9-5bf4783825fc@group-CEA1F2070717-LeaderElection20 PRE_VOTE round 0: result PASSED (term=0)
2024-04-26 07:43:53,555 [6344c76b-c160-4957-8ee9-5bf4783825fc@group-CEA1F2070717-LeaderElection20] INFO  impl.LeaderElection (LeaderElection.java:askForVotes(321)) - 6344c76b-c160-4957-8ee9-5bf4783825fc@group-CEA1F2070717-LeaderElection20 ELECTION round 0: submit vote requests at term 1 for -1: peers:[6344c76b-c160-4957-8ee9-5bf4783825fc|127.0.0.1:15121]|listeners:[], old=null
2024-04-26 07:43:53,555 [6344c76b-c160-4957-8ee9-5bf4783825fc@group-CEA1F2070717-LeaderElection20] INFO  impl.LeaderElection (LeaderElection.java:askForVotes(323)) - 6344c76b-c160-4957-8ee9-5bf4783825fc@group-CEA1F2070717-LeaderElection20 ELECTION round 0: result PASSED (term=1)
2024-04-26 07:43:53,555 [6344c76b-c160-4957-8ee9-5bf4783825fc@group-CEA1F2070717-LeaderElection20] INFO  impl.RoleInfo (RoleInfo.java:shutdownLeaderElection(130)) - 6344c76b-c160-4957-8ee9-5bf4783825fc: shutdown 6344c76b-c160-4957-8ee9-5bf4783825fc@group-CEA1F2070717-LeaderElection20
2024-04-26 07:43:53,555 [6344c76b-c160-4957-8ee9-5bf4783825fc@group-CEA1F2070717-LeaderElection20] INFO  server.RaftServer$Division (RaftServerImpl.java:setRole(383)) - 6344c76b-c160-4957-8ee9-5bf4783825fc@group-CEA1F2070717: changes role from CANDIDATE to LEADER at term 1 for changeToLeader
2024-04-26 07:43:53,555 [6344c76b-c160-4957-8ee9-5bf4783825fc@group-CEA1F2070717-LeaderElection20] INFO  server.RaftServerConfigKeys (ConfUtils.java:logGet(46)) - raft.server.staging.catchup.gap = 1000 (default)
2024-04-26 07:43:53,555 [6344c76b-c160-4957-8ee9-5bf4783825fc@group-1D6CABF8A42A-SegmentedRaftLogWorker] INFO  segmented.SegmentedRaftLogWorker (SegmentedRaftLogWorker.java:execute(634)) - 6344c76b-c160-4957-8ee9-5bf4783825fc@group-1D6CABF8A42A-SegmentedRaftLogWorker: created new log segment /home/runner/work/ozone/ozone/hadoop-ozone/integration-test/target/test-dir/MiniOzoneClusterImpl-a56b3a23-5bf6-4b5b-a0fe-007206924a4e/ozone-meta/datanode-3/ratis/bed83b25-9cb5-4226-b5f4-1d6cabf8a42a/current/log_inprogress_0
2024-04-26 07:43:53,555 [6344c76b-c160-4957-8ee9-5bf4783825fc@group-CEA1F2070717-LeaderElection20] INFO  server.RaftServerConfigKeys (ConfUtils.java:logGet(46)) - raft.server.write.element-limit = 1024 (custom)
2024-04-26 07:43:53,555 [6344c76b-c160-4957-8ee9-5bf4783825fc@group-CEA1F2070717-LeaderElection20] INFO  server.RaftServerConfigKeys (ConfUtils.java:logGet(46)) - raft.server.write.byte-limit = 1024 M (=1073741824) (custom)
2024-04-26 07:43:53,555 [6344c76b-c160-4957-8ee9-5bf4783825fc@group-CEA1F2070717-LeaderElection20] INFO  server.RaftServerConfigKeys (ConfUtils.java:logGet(46)) - raft.server.watch.timeout = 3000ms (custom)
2024-04-26 07:43:53,555 [6344c76b-c160-4957-8ee9-5bf4783825fc@group-CEA1F2070717-LeaderElection20] INFO  server.RaftServerConfigKeys (ConfUtils.java:logGet(46)) - raft.server.watch.timeout.denomination = 1s (default)
2024-04-26 07:43:53,556 [6344c76b-c160-4957-8ee9-5bf4783825fc@group-CEA1F2070717-LeaderElection20] INFO  server.RaftServerConfigKeys (ConfUtils.java:logGet(46)) - raft.server.watch.element-limit = 65536 (default)
2024-04-26 07:43:53,556 [6344c76b-c160-4957-8ee9-5bf4783825fc@group-CEA1F2070717-LeaderElection20] INFO  server.RaftServerConfigKeys (ConfUtils.java:logGet(46)) - raft.server.read.leader.lease.enabled = false (default)
2024-04-26 07:43:53,556 [6344c76b-c160-4957-8ee9-5bf4783825fc@group-CEA1F2070717-LeaderElection20] INFO  server.RaftServerConfigKeys (ConfUtils.java:logGet(46)) - raft.server.read.leader.lease.timeout.ratio = 0.9 (default)
2024-04-26 07:43:53,556 [6344c76b-c160-4957-8ee9-5bf4783825fc@group-CEA1F2070717-LeaderElection20] INFO  server.RaftServerConfigKeys (ConfUtils.java:logGet(46)) - raft.server.rpc.timeout.min = 5s (custom)
2024-04-26 07:43:53,556 [6344c76b-c160-4957-8ee9-5bf4783825fc@group-CEA1F2070717-LeaderElection20] INFO  server.RaftServerConfigKeys (ConfUtils.java:logGet(46)) - raft.server.write.element-limit = 1024 (custom)
2024-04-26 07:43:53,556 [6344c76b-c160-4957-8ee9-5bf4783825fc@group-CEA1F2070717-LeaderElection20] INFO  server.RaftServerConfigKeys (ConfUtils.java:logGet(46)) - raft.server.write.follower.gap.ratio.max = -1.0 (default)
2024-04-26 07:43:53,556 [6344c76b-c160-4957-8ee9-5bf4783825fc@group-CEA1F2070717-LeaderElection20] INFO  impl.RoleInfo (RoleInfo.java:updateAndGet(139)) - 6344c76b-c160-4957-8ee9-5bf4783825fc: start 6344c76b-c160-4957-8ee9-5bf4783825fc@group-CEA1F2070717-LeaderStateImpl
2024-04-26 07:43:53,556 [6344c76b-c160-4957-8ee9-5bf4783825fc@group-CEA1F2070717-LeaderElection20] INFO  server.RaftServer$Division (RaftServerImpl.java:setFirstElection(574)) - 6344c76b-c160-4957-8ee9-5bf4783825fc@group-CEA1F2070717: set firstElectionSinceStartup to false for becomeLeader
2024-04-26 07:43:53,556 [6344c76b-c160-4957-8ee9-5bf4783825fc@group-CEA1F2070717-LeaderElection20] INFO  ratis.XceiverServerRatis (XceiverServerRatis.java:handleLeaderChangedNotification(966)) - Leader change notification received for group: group-CEA1F2070717 with new leaderId: 6344c76b-c160-4957-8ee9-5bf4783825fc
2024-04-26 07:43:53,556 [6344c76b-c160-4957-8ee9-5bf4783825fc@group-CEA1F2070717-LeaderElection20] INFO  server.RaftServer$Division (ServerState.java:setLeader(269)) - 6344c76b-c160-4957-8ee9-5bf4783825fc@group-CEA1F2070717: change Leader from null to 6344c76b-c160-4957-8ee9-5bf4783825fc at term 1 for becomeLeader, leader elected after 5039ms
2024-04-26 07:43:53,556 [6344c76b-c160-4957-8ee9-5bf4783825fc@group-CEA1F2070717-LeaderElection20] INFO  segmented.SegmentedRaftLogWorker (SegmentedRaftLogWorker.java:startLogSegment(430)) - 6344c76b-c160-4957-8ee9-5bf4783825fc@group-CEA1F2070717-SegmentedRaftLogWorker: Starting segment from index:0
2024-04-26 07:43:53,557 [6344c76b-c160-4957-8ee9-5bf4783825fc@group-CEA1F2070717-LeaderElection20] INFO  server.RaftServer$Division (ServerState.java:setRaftConf(386)) - 6344c76b-c160-4957-8ee9-5bf4783825fc@group-CEA1F2070717: set configuration 0: peers:[6344c76b-c160-4957-8ee9-5bf4783825fc|127.0.0.1:15121]|listeners:[], old=null
2024-04-26 07:43:53,557 [6344c76b-c160-4957-8ee9-5bf4783825fc@group-CEA1F2070717-SegmentedRaftLogWorker] INFO  segmented.BufferedWriteChannel (BufferedWriteChannel.java:open(62)) - open log_inprogress_0 at position 0
2024-04-26 07:43:53,557 [dd21079d-84ac-4ee5-bea1-aaabc97992ac@group-43F1CF3AB2EE-FollowerState] INFO  impl.FollowerState (FollowerState.java:run(143)) - dd21079d-84ac-4ee5-bea1-aaabc97992ac@group-43F1CF3AB2EE-FollowerState: change to CANDIDATE, lastRpcElapsedTime:5088685869ns, electionTimeout:5088ms
2024-04-26 07:43:53,557 [dd21079d-84ac-4ee5-bea1-aaabc97992ac@group-43F1CF3AB2EE-FollowerState] INFO  impl.RoleInfo (RoleInfo.java:shutdownFollowerState(110)) - dd21079d-84ac-4ee5-bea1-aaabc97992ac: shutdown dd21079d-84ac-4ee5-bea1-aaabc97992ac@group-43F1CF3AB2EE-FollowerState
2024-04-26 07:43:53,557 [dd21079d-84ac-4ee5-bea1-aaabc97992ac@group-43F1CF3AB2EE-FollowerState] INFO  server.RaftServer$Division (RaftServerImpl.java:setRole(383)) - dd21079d-84ac-4ee5-bea1-aaabc97992ac@group-43F1CF3AB2EE: changes role from  FOLLOWER to CANDIDATE at term 0 for changeToCandidate
2024-04-26 07:43:53,557 [dd21079d-84ac-4ee5-bea1-aaabc97992ac@group-43F1CF3AB2EE-FollowerState] INFO  server.RaftServerConfigKeys (ConfUtils.java:logGet(46)) - raft.server.leaderelection.pre-vote = true (default)
2024-04-26 07:43:53,557 [dd21079d-84ac-4ee5-bea1-aaabc97992ac@group-43F1CF3AB2EE-FollowerState] INFO  impl.RoleInfo (RoleInfo.java:updateAndGet(139)) - dd21079d-84ac-4ee5-bea1-aaabc97992ac: start dd21079d-84ac-4ee5-bea1-aaabc97992ac@group-43F1CF3AB2EE-LeaderElection21
2024-04-26 07:43:53,565 [6344c76b-c160-4957-8ee9-5bf4783825fc@group-CEA1F2070717-SegmentedRaftLogWorker] INFO  segmented.SegmentedRaftLogWorker (SegmentedRaftLogWorker.java:execute(634)) - 6344c76b-c160-4957-8ee9-5bf4783825fc@group-CEA1F2070717-SegmentedRaftLogWorker: created new log segment /home/runner/work/ozone/ozone/hadoop-ozone/integration-test/target/test-dir/MiniOzoneClusterImpl-a56b3a23-5bf6-4b5b-a0fe-007206924a4e/ozone-meta/datanode-3/ratis/786a2490-9877-48c9-9849-cea1f2070717/current/log_inprogress_0
2024-04-26 07:43:53,569 [6344c76b-c160-4957-8ee9-5bf4783825fc@group-CEA1F2070717-StateMachineUpdater] INFO  server.RaftServer$Division (LeaderStateImpl.java:isApplied(320)) - leader is ready since appliedIndex == 0 >= startIndex == 0
2024-04-26 07:43:53,572 [dd21079d-84ac-4ee5-bea1-aaabc97992ac@group-43F1CF3AB2EE-LeaderElection21] INFO  impl.LeaderElection (LeaderElection.java:askForVotes(321)) - dd21079d-84ac-4ee5-bea1-aaabc97992ac@group-43F1CF3AB2EE-LeaderElection21 PRE_VOTE round 0: submit vote requests at term 0 for -1: peers:[dd21079d-84ac-4ee5-bea1-aaabc97992ac|127.0.0.1:15112]|listeners:[], old=null
2024-04-26 07:43:53,573 [dd21079d-84ac-4ee5-bea1-aaabc97992ac@group-43F1CF3AB2EE-LeaderElection21] INFO  impl.LeaderElection (LeaderElection.java:askForVotes(323)) - dd21079d-84ac-4ee5-bea1-aaabc97992ac@group-43F1CF3AB2EE-LeaderElection21 PRE_VOTE round 0: result PASSED (term=0)
2024-04-26 07:43:53,573 [dd21079d-84ac-4ee5-bea1-aaabc97992ac@group-43F1CF3AB2EE-LeaderElection21] INFO  impl.LeaderElection (LeaderElection.java:askForVotes(321)) - dd21079d-84ac-4ee5-bea1-aaabc97992ac@group-43F1CF3AB2EE-LeaderElection21 ELECTION round 0: submit vote requests at term 1 for -1: peers:[dd21079d-84ac-4ee5-bea1-aaabc97992ac|127.0.0.1:15112]|listeners:[], old=null
2024-04-26 07:43:53,574 [dd21079d-84ac-4ee5-bea1-aaabc97992ac@group-43F1CF3AB2EE-LeaderElection21] INFO  impl.LeaderElection (LeaderElection.java:askForVotes(323)) - dd21079d-84ac-4ee5-bea1-aaabc97992ac@group-43F1CF3AB2EE-LeaderElection21 ELECTION round 0: result PASSED (term=1)
2024-04-26 07:43:53,574 [dd21079d-84ac-4ee5-bea1-aaabc97992ac@group-43F1CF3AB2EE-LeaderElection21] INFO  impl.RoleInfo (RoleInfo.java:shutdownLeaderElection(130)) - dd21079d-84ac-4ee5-bea1-aaabc97992ac: shutdown dd21079d-84ac-4ee5-bea1-aaabc97992ac@group-43F1CF3AB2EE-LeaderElection21
2024-04-26 07:43:53,574 [dd21079d-84ac-4ee5-bea1-aaabc97992ac@group-43F1CF3AB2EE-LeaderElection21] INFO  server.RaftServer$Division (RaftServerImpl.java:setRole(383)) - dd21079d-84ac-4ee5-bea1-aaabc97992ac@group-43F1CF3AB2EE: changes role from CANDIDATE to LEADER at term 1 for changeToLeader
2024-04-26 07:43:53,574 [dd21079d-84ac-4ee5-bea1-aaabc97992ac@group-43F1CF3AB2EE-LeaderElection21] INFO  server.RaftServerConfigKeys (ConfUtils.java:logGet(46)) - raft.server.staging.catchup.gap = 1000 (default)
2024-04-26 07:43:53,575 [dd21079d-84ac-4ee5-bea1-aaabc97992ac@group-43F1CF3AB2EE-LeaderElection21] INFO  server.RaftServerConfigKeys (ConfUtils.java:logGet(46)) - raft.server.write.element-limit = 1024 (custom)
2024-04-26 07:43:53,575 [dd21079d-84ac-4ee5-bea1-aaabc97992ac@group-43F1CF3AB2EE-LeaderElection21] INFO  server.RaftServerConfigKeys (ConfUtils.java:logGet(46)) - raft.server.write.byte-limit = 1024 M (=1073741824) (custom)
2024-04-26 07:43:53,575 [dd21079d-84ac-4ee5-bea1-aaabc97992ac@group-43F1CF3AB2EE-LeaderElection21] INFO  server.RaftServerConfigKeys (ConfUtils.java:logGet(46)) - raft.server.watch.timeout = 3000ms (custom)
2024-04-26 07:43:53,575 [dd21079d-84ac-4ee5-bea1-aaabc97992ac@group-43F1CF3AB2EE-LeaderElection21] INFO  server.RaftServerConfigKeys (ConfUtils.java:logGet(46)) - raft.server.watch.timeout.denomination = 1s (default)
2024-04-26 07:43:53,575 [dd21079d-84ac-4ee5-bea1-aaabc97992ac@group-43F1CF3AB2EE-LeaderElection21] INFO  server.RaftServerConfigKeys (ConfUtils.java:logGet(46)) - raft.server.watch.element-limit = 65536 (default)
2024-04-26 07:43:53,576 [dd21079d-84ac-4ee5-bea1-aaabc97992ac@group-43F1CF3AB2EE-LeaderElection21] INFO  server.RaftServerConfigKeys (ConfUtils.java:logGet(46)) - raft.server.read.leader.lease.enabled = false (default)
2024-04-26 07:43:53,576 [dd21079d-84ac-4ee5-bea1-aaabc97992ac@group-43F1CF3AB2EE-LeaderElection21] INFO  server.RaftServerConfigKeys (ConfUtils.java:logGet(46)) - raft.server.read.leader.lease.timeout.ratio = 0.9 (default)
2024-04-26 07:43:53,576 [dd21079d-84ac-4ee5-bea1-aaabc97992ac@group-43F1CF3AB2EE-LeaderElection21] INFO  server.RaftServerConfigKeys (ConfUtils.java:logGet(46)) - raft.server.rpc.timeout.min = 5s (custom)
2024-04-26 07:43:53,577 [dd21079d-84ac-4ee5-bea1-aaabc97992ac@group-43F1CF3AB2EE-LeaderElection21] INFO  server.RaftServerConfigKeys (ConfUtils.java:logGet(46)) - raft.server.write.element-limit = 1024 (custom)
2024-04-26 07:43:53,577 [dd21079d-84ac-4ee5-bea1-aaabc97992ac@group-43F1CF3AB2EE-LeaderElection21] INFO  server.RaftServerConfigKeys (ConfUtils.java:logGet(46)) - raft.server.write.follower.gap.ratio.max = -1.0 (default)
2024-04-26 07:43:53,577 [dd21079d-84ac-4ee5-bea1-aaabc97992ac@group-43F1CF3AB2EE-LeaderElection21] INFO  impl.RoleInfo (RoleInfo.java:updateAndGet(139)) - dd21079d-84ac-4ee5-bea1-aaabc97992ac: start dd21079d-84ac-4ee5-bea1-aaabc97992ac@group-43F1CF3AB2EE-LeaderStateImpl
2024-04-26 07:43:53,577 [dd21079d-84ac-4ee5-bea1-aaabc97992ac@group-43F1CF3AB2EE-LeaderElection21] INFO  server.RaftServer$Division (RaftServerImpl.java:setFirstElection(574)) - dd21079d-84ac-4ee5-bea1-aaabc97992ac@group-43F1CF3AB2EE: set firstElectionSinceStartup to false for becomeLeader
2024-04-26 07:43:53,577 [dd21079d-84ac-4ee5-bea1-aaabc97992ac@group-43F1CF3AB2EE-LeaderElection21] INFO  ratis.XceiverServerRatis (XceiverServerRatis.java:handleLeaderChangedNotification(966)) - Leader change notification received for group: group-43F1CF3AB2EE with new leaderId: dd21079d-84ac-4ee5-bea1-aaabc97992ac
2024-04-26 07:43:53,578 [dd21079d-84ac-4ee5-bea1-aaabc97992ac@group-43F1CF3AB2EE-LeaderElection21] INFO  server.RaftServer$Division (ServerState.java:setLeader(269)) - dd21079d-84ac-4ee5-bea1-aaabc97992ac@group-43F1CF3AB2EE: change Leader from null to dd21079d-84ac-4ee5-bea1-aaabc97992ac at term 1 for becomeLeader, leader elected after 5122ms
2024-04-26 07:43:53,580 [dd21079d-84ac-4ee5-bea1-aaabc97992ac@group-43F1CF3AB2EE-LeaderElection21] INFO  segmented.SegmentedRaftLogWorker (SegmentedRaftLogWorker.java:startLogSegment(430)) - dd21079d-84ac-4ee5-bea1-aaabc97992ac@group-43F1CF3AB2EE-SegmentedRaftLogWorker: Starting segment from index:0
2024-04-26 07:43:53,581 [dd21079d-84ac-4ee5-bea1-aaabc97992ac@group-43F1CF3AB2EE-LeaderElection21] INFO  server.RaftServer$Division (ServerState.java:setRaftConf(386)) - dd21079d-84ac-4ee5-bea1-aaabc97992ac@group-43F1CF3AB2EE: set configuration 0: peers:[dd21079d-84ac-4ee5-bea1-aaabc97992ac|127.0.0.1:15112]|listeners:[], old=null
2024-04-26 07:43:53,581 [dd21079d-84ac-4ee5-bea1-aaabc97992ac@group-43F1CF3AB2EE-SegmentedRaftLogWorker] INFO  segmented.BufferedWriteChannel (BufferedWriteChannel.java:open(62)) - open log_inprogress_0 at position 0
2024-04-26 07:43:53,585 [d591b026-01eb-4928-a28c-f8365e0687e2-server-thread1] INFO  ratis.XceiverServerRatis (XceiverServerRatis.java:handleLeaderChangedNotification(966)) - Leader change notification received for group: group-1D6CABF8A42A with new leaderId: 6344c76b-c160-4957-8ee9-5bf4783825fc
2024-04-26 07:43:53,585 [dd21079d-84ac-4ee5-bea1-aaabc97992ac-server-thread1] INFO  ratis.XceiverServerRatis (XceiverServerRatis.java:handleLeaderChangedNotification(966)) - Leader change notification received for group: group-1D6CABF8A42A with new leaderId: 6344c76b-c160-4957-8ee9-5bf4783825fc
2024-04-26 07:43:53,585 [dd21079d-84ac-4ee5-bea1-aaabc97992ac-server-thread1] INFO  server.RaftServer$Division (ServerState.java:setLeader(269)) - dd21079d-84ac-4ee5-bea1-aaabc97992ac@group-1D6CABF8A42A: change Leader from null to 6344c76b-c160-4957-8ee9-5bf4783825fc at term 1 for appendEntries, leader elected after 5147ms
2024-04-26 07:43:53,585 [d591b026-01eb-4928-a28c-f8365e0687e2-server-thread1] INFO  server.RaftServer$Division (ServerState.java:setLeader(269)) - d591b026-01eb-4928-a28c-f8365e0687e2@group-1D6CABF8A42A: change Leader from null to 6344c76b-c160-4957-8ee9-5bf4783825fc at term 1 for appendEntries, leader elected after 5206ms
2024-04-26 07:43:53,585 [dd21079d-84ac-4ee5-bea1-aaabc97992ac-server-thread1] INFO  server.RaftServer$Division (ServerState.java:setRaftConf(386)) - dd21079d-84ac-4ee5-bea1-aaabc97992ac@group-1D6CABF8A42A: set configuration 0: peers:[d591b026-01eb-4928-a28c-f8365e0687e2|127.0.0.1:15103, dd21079d-84ac-4ee5-bea1-aaabc97992ac|127.0.0.1:15112, 6344c76b-c160-4957-8ee9-5bf4783825fc|127.0.0.1:15121]|listeners:[], old=null
2024-04-26 07:43:53,585 [dd21079d-84ac-4ee5-bea1-aaabc97992ac-server-thread1] INFO  segmented.SegmentedRaftLogWorker (SegmentedRaftLogWorker.java:startLogSegment(430)) - dd21079d-84ac-4ee5-bea1-aaabc97992ac@group-1D6CABF8A42A-SegmentedRaftLogWorker: Starting segment from index:0
2024-04-26 07:43:53,585 [d591b026-01eb-4928-a28c-f8365e0687e2-server-thread2] INFO  server.RaftServer$Division (ServerState.java:setRaftConf(386)) - d591b026-01eb-4928-a28c-f8365e0687e2@group-1D6CABF8A42A: set configuration 0: peers:[d591b026-01eb-4928-a28c-f8365e0687e2|127.0.0.1:15103, dd21079d-84ac-4ee5-bea1-aaabc97992ac|127.0.0.1:15112, 6344c76b-c160-4957-8ee9-5bf4783825fc|127.0.0.1:15121]|listeners:[], old=null
2024-04-26 07:43:53,585 [d591b026-01eb-4928-a28c-f8365e0687e2-server-thread2] INFO  segmented.SegmentedRaftLogWorker (SegmentedRaftLogWorker.java:startLogSegment(430)) - d591b026-01eb-4928-a28c-f8365e0687e2@group-1D6CABF8A42A-SegmentedRaftLogWorker: Starting segment from index:0
2024-04-26 07:43:53,585 [dd21079d-84ac-4ee5-bea1-aaabc97992ac@group-1D6CABF8A42A-SegmentedRaftLogWorker] INFO  segmented.BufferedWriteChannel (BufferedWriteChannel.java:open(62)) - open log_inprogress_0 at position 0
2024-04-26 07:43:53,585 [d591b026-01eb-4928-a28c-f8365e0687e2@group-1D6CABF8A42A-SegmentedRaftLogWorker] INFO  segmented.BufferedWriteChannel (BufferedWriteChannel.java:open(62)) - open log_inprogress_0 at position 0
2024-04-26 07:43:53,588 [dd21079d-84ac-4ee5-bea1-aaabc97992ac@group-43F1CF3AB2EE-SegmentedRaftLogWorker] INFO  segmented.SegmentedRaftLogWorker (SegmentedRaftLogWorker.java:execute(634)) - dd21079d-84ac-4ee5-bea1-aaabc97992ac@group-43F1CF3AB2EE-SegmentedRaftLogWorker: created new log segment /home/runner/work/ozone/ozone/hadoop-ozone/integration-test/target/test-dir/MiniOzoneClusterImpl-a56b3a23-5bf6-4b5b-a0fe-007206924a4e/ozone-meta/datanode-2/ratis/6f111b34-3185-4af9-9cd2-43f1cf3ab2ee/current/log_inprogress_0
2024-04-26 07:43:53,595 [dd21079d-84ac-4ee5-bea1-aaabc97992ac@group-1D6CABF8A42A-SegmentedRaftLogWorker] INFO  segmented.SegmentedRaftLogWorker (SegmentedRaftLogWorker.java:execute(634)) - dd21079d-84ac-4ee5-bea1-aaabc97992ac@group-1D6CABF8A42A-SegmentedRaftLogWorker: created new log segment /home/runner/work/ozone/ozone/hadoop-ozone/integration-test/target/test-dir/MiniOzoneClusterImpl-a56b3a23-5bf6-4b5b-a0fe-007206924a4e/ozone-meta/datanode-2/ratis/bed83b25-9cb5-4226-b5f4-1d6cabf8a42a/current/log_inprogress_0
2024-04-26 07:43:53,596 [d591b026-01eb-4928-a28c-f8365e0687e2@group-1D6CABF8A42A-SegmentedRaftLogWorker] INFO  segmented.SegmentedRaftLogWorker (SegmentedRaftLogWorker.java:execute(634)) - d591b026-01eb-4928-a28c-f8365e0687e2@group-1D6CABF8A42A-SegmentedRaftLogWorker: created new log segment /home/runner/work/ozone/ozone/hadoop-ozone/integration-test/target/test-dir/MiniOzoneClusterImpl-a56b3a23-5bf6-4b5b-a0fe-007206924a4e/ozone-meta/datanode-1/ratis/bed83b25-9cb5-4226-b5f4-1d6cabf8a42a/current/log_inprogress_0
2024-04-26 07:43:53,598 [6344c76b-c160-4957-8ee9-5bf4783825fc@group-1D6CABF8A42A-StateMachineUpdater] INFO  server.RaftServer$Division (LeaderStateImpl.java:isApplied(320)) - leader is ready since appliedIndex == 0 >= startIndex == 0
2024-04-26 07:43:53,599 [dd21079d-84ac-4ee5-bea1-aaabc97992ac@group-43F1CF3AB2EE-StateMachineUpdater] INFO  server.RaftServer$Division (LeaderStateImpl.java:isApplied(320)) - leader is ready since appliedIndex == 0 >= startIndex == 0
2024-04-26 07:43:53,655 [84e7e7d6-61bf-4ff4-b705-307942077190@group-D3CD2F4DB571-FollowerState] INFO  impl.FollowerState (FollowerState.java:run(143)) - 84e7e7d6-61bf-4ff4-b705-307942077190@group-D3CD2F4DB571-FollowerState: change to CANDIDATE, lastRpcElapsedTime:5026395199ns, electionTimeout:5026ms
2024-04-26 07:43:53,656 [84e7e7d6-61bf-4ff4-b705-307942077190@group-D3CD2F4DB571-FollowerState] INFO  impl.RoleInfo (RoleInfo.java:shutdownFollowerState(110)) - 84e7e7d6-61bf-4ff4-b705-307942077190: shutdown 84e7e7d6-61bf-4ff4-b705-307942077190@group-D3CD2F4DB571-FollowerState
2024-04-26 07:43:53,656 [84e7e7d6-61bf-4ff4-b705-307942077190@group-D3CD2F4DB571-FollowerState] INFO  server.RaftServer$Division (RaftServerImpl.java:setRole(383)) - 84e7e7d6-61bf-4ff4-b705-307942077190@group-D3CD2F4DB571: changes role from  FOLLOWER to CANDIDATE at term 0 for changeToCandidate
2024-04-26 07:43:53,656 [84e7e7d6-61bf-4ff4-b705-307942077190@group-D3CD2F4DB571-FollowerState] INFO  server.RaftServerConfigKeys (ConfUtils.java:logGet(46)) - raft.server.leaderelection.pre-vote = true (default)
2024-04-26 07:43:53,656 [84e7e7d6-61bf-4ff4-b705-307942077190@group-D3CD2F4DB571-FollowerState] INFO  impl.RoleInfo (RoleInfo.java:updateAndGet(139)) - 84e7e7d6-61bf-4ff4-b705-307942077190: start 84e7e7d6-61bf-4ff4-b705-307942077190@group-D3CD2F4DB571-LeaderElection22
2024-04-26 07:43:53,656 [84e7e7d6-61bf-4ff4-b705-307942077190@group-D3CD2F4DB571-LeaderElection22] INFO  impl.LeaderElection (LeaderElection.java:askForVotes(321)) - 84e7e7d6-61bf-4ff4-b705-307942077190@group-D3CD2F4DB571-LeaderElection22 PRE_VOTE round 0: submit vote requests at term 0 for -1: peers:[84e7e7d6-61bf-4ff4-b705-307942077190|127.0.0.1:15130]|listeners:[], old=null
2024-04-26 07:43:53,656 [84e7e7d6-61bf-4ff4-b705-307942077190@group-D3CD2F4DB571-LeaderElection22] INFO  impl.LeaderElection (LeaderElection.java:askForVotes(323)) - 84e7e7d6-61bf-4ff4-b705-307942077190@group-D3CD2F4DB571-LeaderElection22 PRE_VOTE round 0: result PASSED (term=0)
2024-04-26 07:43:53,657 [84e7e7d6-61bf-4ff4-b705-307942077190@group-D3CD2F4DB571-LeaderElection22] INFO  impl.LeaderElection (LeaderElection.java:askForVotes(321)) - 84e7e7d6-61bf-4ff4-b705-307942077190@group-D3CD2F4DB571-LeaderElection22 ELECTION round 0: submit vote requests at term 1 for -1: peers:[84e7e7d6-61bf-4ff4-b705-307942077190|127.0.0.1:15130]|listeners:[], old=null
2024-04-26 07:43:53,657 [84e7e7d6-61bf-4ff4-b705-307942077190@group-D3CD2F4DB571-LeaderElection22] INFO  impl.LeaderElection (LeaderElection.java:askForVotes(323)) - 84e7e7d6-61bf-4ff4-b705-307942077190@group-D3CD2F4DB571-LeaderElection22 ELECTION round 0: result PASSED (term=1)
2024-04-26 07:43:53,657 [84e7e7d6-61bf-4ff4-b705-307942077190@group-D3CD2F4DB571-LeaderElection22] INFO  impl.RoleInfo (RoleInfo.java:shutdownLeaderElection(130)) - 84e7e7d6-61bf-4ff4-b705-307942077190: shutdown 84e7e7d6-61bf-4ff4-b705-307942077190@group-D3CD2F4DB571-LeaderElection22
2024-04-26 07:43:53,657 [84e7e7d6-61bf-4ff4-b705-307942077190@group-D3CD2F4DB571-LeaderElection22] INFO  server.RaftServer$Division (RaftServerImpl.java:setRole(383)) - 84e7e7d6-61bf-4ff4-b705-307942077190@group-D3CD2F4DB571: changes role from CANDIDATE to LEADER at term 1 for changeToLeader
2024-04-26 07:43:53,657 [84e7e7d6-61bf-4ff4-b705-307942077190@group-D3CD2F4DB571-LeaderElection22] INFO  server.RaftServerConfigKeys (ConfUtils.java:logGet(46)) - raft.server.staging.catchup.gap = 1000 (default)
2024-04-26 07:43:53,657 [84e7e7d6-61bf-4ff4-b705-307942077190@group-D3CD2F4DB571-LeaderElection22] INFO  server.RaftServerConfigKeys (ConfUtils.java:logGet(46)) - raft.server.write.element-limit = 1024 (custom)
2024-04-26 07:43:53,657 [84e7e7d6-61bf-4ff4-b705-307942077190@group-D3CD2F4DB571-LeaderElection22] INFO  server.RaftServerConfigKeys (ConfUtils.java:logGet(46)) - raft.server.write.byte-limit = 1024 M (=1073741824) (custom)
2024-04-26 07:43:53,658 [84e7e7d6-61bf-4ff4-b705-307942077190@group-D3CD2F4DB571-LeaderElection22] INFO  server.RaftServerConfigKeys (ConfUtils.java:logGet(46)) - raft.server.watch.timeout = 3000ms (custom)
2024-04-26 07:43:53,658 [84e7e7d6-61bf-4ff4-b705-307942077190@group-D3CD2F4DB571-LeaderElection22] INFO  server.RaftServerConfigKeys (ConfUtils.java:logGet(46)) - raft.server.watch.timeout.denomination = 1s (default)
2024-04-26 07:43:53,658 [84e7e7d6-61bf-4ff4-b705-307942077190@group-D3CD2F4DB571-LeaderElection22] INFO  server.RaftServerConfigKeys (ConfUtils.java:logGet(46)) - raft.server.watch.element-limit = 65536 (default)
2024-04-26 07:43:53,658 [84e7e7d6-61bf-4ff4-b705-307942077190@group-D3CD2F4DB571-LeaderElection22] INFO  server.RaftServerConfigKeys (ConfUtils.java:logGet(46)) - raft.server.read.leader.lease.enabled = false (default)
2024-04-26 07:43:53,658 [84e7e7d6-61bf-4ff4-b705-307942077190@group-D3CD2F4DB571-LeaderElection22] INFO  server.RaftServerConfigKeys (ConfUtils.java:logGet(46)) - raft.server.read.leader.lease.timeout.ratio = 0.9 (default)
2024-04-26 07:43:53,658 [84e7e7d6-61bf-4ff4-b705-307942077190@group-D3CD2F4DB571-LeaderElection22] INFO  server.RaftServerConfigKeys (ConfUtils.java:logGet(46)) - raft.server.rpc.timeout.min = 5s (custom)
2024-04-26 07:43:53,658 [84e7e7d6-61bf-4ff4-b705-307942077190@group-D3CD2F4DB571-LeaderElection22] INFO  server.RaftServerConfigKeys (ConfUtils.java:logGet(46)) - raft.server.write.element-limit = 1024 (custom)
2024-04-26 07:43:53,658 [84e7e7d6-61bf-4ff4-b705-307942077190@group-D3CD2F4DB571-LeaderElection22] INFO  server.RaftServerConfigKeys (ConfUtils.java:logGet(46)) - raft.server.write.follower.gap.ratio.max = -1.0 (default)
2024-04-26 07:43:53,658 [84e7e7d6-61bf-4ff4-b705-307942077190@group-D3CD2F4DB571-LeaderElection22] INFO  impl.RoleInfo (RoleInfo.java:updateAndGet(139)) - 84e7e7d6-61bf-4ff4-b705-307942077190: start 84e7e7d6-61bf-4ff4-b705-307942077190@group-D3CD2F4DB571-LeaderStateImpl
2024-04-26 07:43:53,658 [84e7e7d6-61bf-4ff4-b705-307942077190@group-D3CD2F4DB571-LeaderElection22] INFO  server.RaftServer$Division (RaftServerImpl.java:setFirstElection(574)) - 84e7e7d6-61bf-4ff4-b705-307942077190@group-D3CD2F4DB571: set firstElectionSinceStartup to false for becomeLeader
2024-04-26 07:43:53,658 [84e7e7d6-61bf-4ff4-b705-307942077190@group-D3CD2F4DB571-LeaderElection22] INFO  ratis.XceiverServerRatis (XceiverServerRatis.java:handleLeaderChangedNotification(966)) - Leader change notification received for group: group-D3CD2F4DB571 with new leaderId: 84e7e7d6-61bf-4ff4-b705-307942077190
2024-04-26 07:43:53,658 [84e7e7d6-61bf-4ff4-b705-307942077190@group-D3CD2F4DB571-LeaderElection22] INFO  server.RaftServer$Division (ServerState.java:setLeader(269)) - 84e7e7d6-61bf-4ff4-b705-307942077190@group-D3CD2F4DB571: change Leader from null to 84e7e7d6-61bf-4ff4-b705-307942077190 at term 1 for becomeLeader, leader elected after 5039ms
2024-04-26 07:43:53,658 [84e7e7d6-61bf-4ff4-b705-307942077190@group-D3CD2F4DB571-LeaderElection22] INFO  segmented.SegmentedRaftLogWorker (SegmentedRaftLogWorker.java:startLogSegment(430)) - 84e7e7d6-61bf-4ff4-b705-307942077190@group-D3CD2F4DB571-SegmentedRaftLogWorker: Starting segment from index:0
2024-04-26 07:43:53,659 [84e7e7d6-61bf-4ff4-b705-307942077190@group-D3CD2F4DB571-LeaderElection22] INFO  server.RaftServer$Division (ServerState.java:setRaftConf(386)) - 84e7e7d6-61bf-4ff4-b705-307942077190@group-D3CD2F4DB571: set configuration 0: peers:[84e7e7d6-61bf-4ff4-b705-307942077190|127.0.0.1:15130]|listeners:[], old=null
2024-04-26 07:43:53,659 [84e7e7d6-61bf-4ff4-b705-307942077190@group-D3CD2F4DB571-SegmentedRaftLogWorker] INFO  segmented.BufferedWriteChannel (BufferedWriteChannel.java:open(62)) - open log_inprogress_0 at position 0
2024-04-26 07:43:53,666 [84e7e7d6-61bf-4ff4-b705-307942077190@group-D3CD2F4DB571-SegmentedRaftLogWorker] INFO  segmented.SegmentedRaftLogWorker (SegmentedRaftLogWorker.java:execute(634)) - 84e7e7d6-61bf-4ff4-b705-307942077190@group-D3CD2F4DB571-SegmentedRaftLogWorker: created new log segment /home/runner/work/ozone/ozone/hadoop-ozone/integration-test/target/test-dir/MiniOzoneClusterImpl-a56b3a23-5bf6-4b5b-a0fe-007206924a4e/ozone-meta/datanode-4/ratis/1f4cbd4f-c3f0-44d0-950f-d3cd2f4db571/current/log_inprogress_0
2024-04-26 07:43:53,668 [84e7e7d6-61bf-4ff4-b705-307942077190@group-D3CD2F4DB571-StateMachineUpdater] INFO  server.RaftServer$Division (LeaderStateImpl.java:isApplied(320)) - leader is ready since appliedIndex == 0 >= startIndex == 0
2024-04-26 07:43:53,671 [84e7e7d6-61bf-4ff4-b705-307942077190@group-8681D727A52F-FollowerState] INFO  impl.FollowerState (FollowerState.java:run(143)) - 84e7e7d6-61bf-4ff4-b705-307942077190@group-8681D727A52F-FollowerState: change to CANDIDATE, lastRpcElapsedTime:5030512165ns, electionTimeout:5030ms
2024-04-26 07:43:53,671 [84e7e7d6-61bf-4ff4-b705-307942077190@group-8681D727A52F-FollowerState] INFO  impl.RoleInfo (RoleInfo.java:shutdownFollowerState(110)) - 84e7e7d6-61bf-4ff4-b705-307942077190: shutdown 84e7e7d6-61bf-4ff4-b705-307942077190@group-8681D727A52F-FollowerState
2024-04-26 07:43:53,671 [84e7e7d6-61bf-4ff4-b705-307942077190@group-8681D727A52F-FollowerState] INFO  server.RaftServer$Division (RaftServerImpl.java:setRole(383)) - 84e7e7d6-61bf-4ff4-b705-307942077190@group-8681D727A52F: changes role from  FOLLOWER to CANDIDATE at term 0 for changeToCandidate
2024-04-26 07:43:53,672 [84e7e7d6-61bf-4ff4-b705-307942077190@group-8681D727A52F-FollowerState] INFO  server.RaftServerConfigKeys (ConfUtils.java:logGet(46)) - raft.server.leaderelection.pre-vote = true (default)
2024-04-26 07:43:53,672 [84e7e7d6-61bf-4ff4-b705-307942077190@group-8681D727A52F-FollowerState] INFO  impl.RoleInfo (RoleInfo.java:updateAndGet(139)) - 84e7e7d6-61bf-4ff4-b705-307942077190: start 84e7e7d6-61bf-4ff4-b705-307942077190@group-8681D727A52F-LeaderElection23
2024-04-26 07:43:53,672 [84e7e7d6-61bf-4ff4-b705-307942077190@group-8681D727A52F-LeaderElection23] INFO  impl.LeaderElection (LeaderElection.java:askForVotes(321)) - 84e7e7d6-61bf-4ff4-b705-307942077190@group-8681D727A52F-LeaderElection23 PRE_VOTE round 0: submit vote requests at term 0 for -1: peers:[84e7e7d6-61bf-4ff4-b705-307942077190|127.0.0.1:15130, 14d9c642-7495-4fc5-a0b1-a63fd7fd9772|127.0.0.1:15139, 2f58e8cd-28e0-414a-bc84-31490c64287f|127.0.0.1:15148]|listeners:[], old=null
2024-04-26 07:43:53,672 [84e7e7d6-61bf-4ff4-b705-307942077190@group-8681D727A52F-LeaderElection23-1] INFO  server.GrpcServerProtocolClient (GrpcServerProtocolClient.java:<init>(65)) - Build channel for 14d9c642-7495-4fc5-a0b1-a63fd7fd9772|127.0.0.1:15139
2024-04-26 07:43:53,672 [84e7e7d6-61bf-4ff4-b705-307942077190@group-8681D727A52F-LeaderElection23-2] INFO  server.GrpcServerProtocolClient (GrpcServerProtocolClient.java:<init>(65)) - Build channel for 2f58e8cd-28e0-414a-bc84-31490c64287f|127.0.0.1:15148
2024-04-26 07:43:53,672 [84e7e7d6-61bf-4ff4-b705-307942077190@group-8681D727A52F-LeaderElection23] INFO  server.RaftServerConfigKeys (ConfUtils.java:logFallback(53)) - raft.server.rpc.first-election.timeout.min = 5s (fallback to raft.server.rpc.timeout.min)
2024-04-26 07:43:53,672 [84e7e7d6-61bf-4ff4-b705-307942077190@group-8681D727A52F-LeaderElection23] INFO  server.RaftServerConfigKeys (ConfUtils.java:logFallback(53)) - raft.server.rpc.first-election.timeout.max = 5200ms (fallback to raft.server.rpc.timeout.max)
2024-04-26 07:43:53,676 [grpc-default-executor-3] INFO  server.RaftServer$Division (RaftServerImpl.java:requestVote(1389)) - 2f58e8cd-28e0-414a-bc84-31490c64287f@group-8681D727A52F: receive requestVote(PRE_VOTE, 84e7e7d6-61bf-4ff4-b705-307942077190, group-8681D727A52F, 0, (t:0, i:0))
2024-04-26 07:43:53,676 [grpc-default-executor-3] INFO  impl.VoteContext (VoteContext.java:log(49)) - 2f58e8cd-28e0-414a-bc84-31490c64287f@group-8681D727A52F-FOLLOWER: accept PRE_VOTE from 84e7e7d6-61bf-4ff4-b705-307942077190: our priority 0 <= candidate's priority 1
2024-04-26 07:43:53,676 [grpc-default-executor-3] INFO  server.RaftServer$Division (RaftServerImpl.java:requestVote(1422)) - 2f58e8cd-28e0-414a-bc84-31490c64287f@group-8681D727A52F replies to PRE_VOTE vote request: 84e7e7d6-61bf-4ff4-b705-307942077190<-2f58e8cd-28e0-414a-bc84-31490c64287f#0:OK-t0. Peer's state: 2f58e8cd-28e0-414a-bc84-31490c64287f@group-8681D727A52F:t0, leader=null, voted=, raftlog=Memoized:2f58e8cd-28e0-414a-bc84-31490c64287f@group-8681D727A52F-SegmentedRaftLog:OPENED:c-1, conf=-1: peers:[84e7e7d6-61bf-4ff4-b705-307942077190|127.0.0.1:15130, 14d9c642-7495-4fc5-a0b1-a63fd7fd9772|127.0.0.1:15139, 2f58e8cd-28e0-414a-bc84-31490c64287f|127.0.0.1:15148]|listeners:[], old=null
2024-04-26 07:43:53,677 [84e7e7d6-61bf-4ff4-b705-307942077190@group-8681D727A52F-LeaderElection23] INFO  impl.LeaderElection (LeaderElection.java:logAndReturn(89)) - 84e7e7d6-61bf-4ff4-b705-307942077190@group-8681D727A52F-LeaderElection23: PRE_VOTE PASSED received 1 response(s) and 0 exception(s):
2024-04-26 07:43:53,677 [84e7e7d6-61bf-4ff4-b705-307942077190@group-8681D727A52F-LeaderElection23] INFO  impl.LeaderElection (LeaderElection.java:logAndReturn(93)) -   Response 0: 84e7e7d6-61bf-4ff4-b705-307942077190<-2f58e8cd-28e0-414a-bc84-31490c64287f#0:OK-t0
2024-04-26 07:43:53,677 [84e7e7d6-61bf-4ff4-b705-307942077190@group-8681D727A52F-LeaderElection23] INFO  impl.LeaderElection (LeaderElection.java:askForVotes(323)) - 84e7e7d6-61bf-4ff4-b705-307942077190@group-8681D727A52F-LeaderElection23 PRE_VOTE round 0: result PASSED
2024-04-26 07:43:53,678 [84e7e7d6-61bf-4ff4-b705-307942077190@group-8681D727A52F-LeaderElection23] INFO  impl.LeaderElection (LeaderElection.java:askForVotes(321)) - 84e7e7d6-61bf-4ff4-b705-307942077190@group-8681D727A52F-LeaderElection23 ELECTION round 0: submit vote requests at term 1 for -1: peers:[84e7e7d6-61bf-4ff4-b705-307942077190|127.0.0.1:15130, 14d9c642-7495-4fc5-a0b1-a63fd7fd9772|127.0.0.1:15139, 2f58e8cd-28e0-414a-bc84-31490c64287f|127.0.0.1:15148]|listeners:[], old=null
2024-04-26 07:43:53,679 [grpc-default-executor-3] INFO  server.RaftServer$Division (RaftServerImpl.java:requestVote(1389)) - 14d9c642-7495-4fc5-a0b1-a63fd7fd9772@group-8681D727A52F: receive requestVote(PRE_VOTE, 84e7e7d6-61bf-4ff4-b705-307942077190, group-8681D727A52F, 0, (t:0, i:0))
2024-04-26 07:43:53,679 [84e7e7d6-61bf-4ff4-b705-307942077190@group-8681D727A52F-LeaderElection23] INFO  server.RaftServerConfigKeys (ConfUtils.java:logFallback(53)) - raft.server.rpc.first-election.timeout.min = 5s (fallback to raft.server.rpc.timeout.min)
2024-04-26 07:43:53,679 [84e7e7d6-61bf-4ff4-b705-307942077190@group-8681D727A52F-LeaderElection23] INFO  server.RaftServerConfigKeys (ConfUtils.java:logFallback(53)) - raft.server.rpc.first-election.timeout.max = 5200ms (fallback to raft.server.rpc.timeout.max)
2024-04-26 07:43:53,679 [grpc-default-executor-3] INFO  impl.VoteContext (VoteContext.java:log(49)) - 14d9c642-7495-4fc5-a0b1-a63fd7fd9772@group-8681D727A52F-FOLLOWER: accept PRE_VOTE from 84e7e7d6-61bf-4ff4-b705-307942077190: our priority 0 <= candidate's priority 1
2024-04-26 07:43:53,679 [grpc-default-executor-3] INFO  server.RaftServer$Division (RaftServerImpl.java:requestVote(1422)) - 14d9c642-7495-4fc5-a0b1-a63fd7fd9772@group-8681D727A52F replies to PRE_VOTE vote request: 84e7e7d6-61bf-4ff4-b705-307942077190<-14d9c642-7495-4fc5-a0b1-a63fd7fd9772#0:OK-t0. Peer's state: 14d9c642-7495-4fc5-a0b1-a63fd7fd9772@group-8681D727A52F:t0, leader=null, voted=, raftlog=Memoized:14d9c642-7495-4fc5-a0b1-a63fd7fd9772@group-8681D727A52F-SegmentedRaftLog:OPENED:c-1, conf=-1: peers:[84e7e7d6-61bf-4ff4-b705-307942077190|127.0.0.1:15130, 14d9c642-7495-4fc5-a0b1-a63fd7fd9772|127.0.0.1:15139, 2f58e8cd-28e0-414a-bc84-31490c64287f|127.0.0.1:15148]|listeners:[], old=null
2024-04-26 07:43:53,680 [grpc-default-executor-3] INFO  server.RaftServer$Division (RaftServerImpl.java:requestVote(1389)) - 2f58e8cd-28e0-414a-bc84-31490c64287f@group-8681D727A52F: receive requestVote(ELECTION, 84e7e7d6-61bf-4ff4-b705-307942077190, group-8681D727A52F, 1, (t:0, i:0))
2024-04-26 07:43:53,680 [grpc-default-executor-3] INFO  impl.VoteContext (VoteContext.java:log(49)) - 2f58e8cd-28e0-414a-bc84-31490c64287f@group-8681D727A52F-FOLLOWER: accept ELECTION from 84e7e7d6-61bf-4ff4-b705-307942077190: our priority 0 <= candidate's priority 1
2024-04-26 07:43:53,680 [grpc-default-executor-3] INFO  server.RaftServer$Division (RaftServerImpl.java:setRole(383)) - 2f58e8cd-28e0-414a-bc84-31490c64287f@group-8681D727A52F: changes role from  FOLLOWER to FOLLOWER at term 1 for candidate:84e7e7d6-61bf-4ff4-b705-307942077190
2024-04-26 07:43:53,680 [grpc-default-executor-3] INFO  impl.RoleInfo (RoleInfo.java:shutdownFollowerState(110)) - 2f58e8cd-28e0-414a-bc84-31490c64287f: shutdown 2f58e8cd-28e0-414a-bc84-31490c64287f@group-8681D727A52F-FollowerState
2024-04-26 07:43:53,681 [grpc-default-executor-3] INFO  impl.RoleInfo (RoleInfo.java:updateAndGet(139)) - 2f58e8cd-28e0-414a-bc84-31490c64287f: start 2f58e8cd-28e0-414a-bc84-31490c64287f@group-8681D727A52F-FollowerState
2024-04-26 07:43:53,681 [2f58e8cd-28e0-414a-bc84-31490c64287f@group-8681D727A52F-FollowerState] INFO  impl.FollowerState (FollowerState.java:run(152)) - 2f58e8cd-28e0-414a-bc84-31490c64287f@group-8681D727A52F-FollowerState was interrupted
2024-04-26 07:43:53,681 [grpc-default-executor-3] INFO  server.RaftServer$Division (RaftServerImpl.java:setFirstElection(574)) - 2f58e8cd-28e0-414a-bc84-31490c64287f@group-8681D727A52F: set firstElectionSinceStartup to false for candidate:84e7e7d6-61bf-4ff4-b705-307942077190
2024-04-26 07:43:53,681 [grpc-default-executor-1] INFO  server.RaftServer$Division (RaftServerImpl.java:requestVote(1389)) - 14d9c642-7495-4fc5-a0b1-a63fd7fd9772@group-8681D727A52F: receive requestVote(ELECTION, 84e7e7d6-61bf-4ff4-b705-307942077190, group-8681D727A52F, 1, (t:0, i:0))
2024-04-26 07:43:53,681 [grpc-default-executor-1] INFO  impl.VoteContext (VoteContext.java:log(49)) - 14d9c642-7495-4fc5-a0b1-a63fd7fd9772@group-8681D727A52F-FOLLOWER: accept ELECTION from 84e7e7d6-61bf-4ff4-b705-307942077190: our priority 0 <= candidate's priority 1
2024-04-26 07:43:53,681 [grpc-default-executor-1] INFO  server.RaftServer$Division (RaftServerImpl.java:setRole(383)) - 14d9c642-7495-4fc5-a0b1-a63fd7fd9772@group-8681D727A52F: changes role from  FOLLOWER to FOLLOWER at term 1 for candidate:84e7e7d6-61bf-4ff4-b705-307942077190
2024-04-26 07:43:53,682 [grpc-default-executor-1] INFO  impl.RoleInfo (RoleInfo.java:shutdownFollowerState(110)) - 14d9c642-7495-4fc5-a0b1-a63fd7fd9772: shutdown 14d9c642-7495-4fc5-a0b1-a63fd7fd9772@group-8681D727A52F-FollowerState
2024-04-26 07:43:53,682 [grpc-default-executor-1] INFO  impl.RoleInfo (RoleInfo.java:updateAndGet(139)) - 14d9c642-7495-4fc5-a0b1-a63fd7fd9772: start 14d9c642-7495-4fc5-a0b1-a63fd7fd9772@group-8681D727A52F-FollowerState
2024-04-26 07:43:53,682 [14d9c642-7495-4fc5-a0b1-a63fd7fd9772@group-8681D727A52F-FollowerState] INFO  impl.FollowerState (FollowerState.java:run(152)) - 14d9c642-7495-4fc5-a0b1-a63fd7fd9772@group-8681D727A52F-FollowerState was interrupted
2024-04-26 07:43:53,682 [grpc-default-executor-1] INFO  server.RaftServer$Division (RaftServerImpl.java:setFirstElection(574)) - 14d9c642-7495-4fc5-a0b1-a63fd7fd9772@group-8681D727A52F: set firstElectionSinceStartup to false for candidate:84e7e7d6-61bf-4ff4-b705-307942077190
2024-04-26 07:43:53,682 [grpc-default-executor-3] INFO  server.RaftServer$Division (RaftServerImpl.java:requestVote(1422)) - 2f58e8cd-28e0-414a-bc84-31490c64287f@group-8681D727A52F replies to ELECTION vote request: 84e7e7d6-61bf-4ff4-b705-307942077190<-2f58e8cd-28e0-414a-bc84-31490c64287f#0:OK-t1. Peer's state: 2f58e8cd-28e0-414a-bc84-31490c64287f@group-8681D727A52F:t1, leader=null, voted=84e7e7d6-61bf-4ff4-b705-307942077190, raftlog=Memoized:2f58e8cd-28e0-414a-bc84-31490c64287f@group-8681D727A52F-SegmentedRaftLog:OPENED:c-1, conf=-1: peers:[84e7e7d6-61bf-4ff4-b705-307942077190|127.0.0.1:15130, 14d9c642-7495-4fc5-a0b1-a63fd7fd9772|127.0.0.1:15139, 2f58e8cd-28e0-414a-bc84-31490c64287f|127.0.0.1:15148]|listeners:[], old=null
2024-04-26 07:43:53,683 [grpc-default-executor-1] INFO  server.RaftServer$Division (RaftServerImpl.java:requestVote(1422)) - 14d9c642-7495-4fc5-a0b1-a63fd7fd9772@group-8681D727A52F replies to ELECTION vote request: 84e7e7d6-61bf-4ff4-b705-307942077190<-14d9c642-7495-4fc5-a0b1-a63fd7fd9772#0:OK-t1. Peer's state: 14d9c642-7495-4fc5-a0b1-a63fd7fd9772@group-8681D727A52F:t1, leader=null, voted=84e7e7d6-61bf-4ff4-b705-307942077190, raftlog=Memoized:14d9c642-7495-4fc5-a0b1-a63fd7fd9772@group-8681D727A52F-SegmentedRaftLog:OPENED:c-1, conf=-1: peers:[84e7e7d6-61bf-4ff4-b705-307942077190|127.0.0.1:15130, 14d9c642-7495-4fc5-a0b1-a63fd7fd9772|127.0.0.1:15139, 2f58e8cd-28e0-414a-bc84-31490c64287f|127.0.0.1:15148]|listeners:[], old=null
2024-04-26 07:43:53,683 [84e7e7d6-61bf-4ff4-b705-307942077190@group-8681D727A52F-LeaderElection23] INFO  impl.LeaderElection (LeaderElection.java:logAndReturn(89)) - 84e7e7d6-61bf-4ff4-b705-307942077190@group-8681D727A52F-LeaderElection23: ELECTION PASSED received 1 response(s) and 0 exception(s):
2024-04-26 07:43:53,683 [84e7e7d6-61bf-4ff4-b705-307942077190@group-8681D727A52F-LeaderElection23] INFO  impl.LeaderElection (LeaderElection.java:logAndReturn(93)) -   Response 0: 84e7e7d6-61bf-4ff4-b705-307942077190<-2f58e8cd-28e0-414a-bc84-31490c64287f#0:OK-t1
2024-04-26 07:43:53,683 [84e7e7d6-61bf-4ff4-b705-307942077190@group-8681D727A52F-LeaderElection23] INFO  impl.LeaderElection (LeaderElection.java:askForVotes(323)) - 84e7e7d6-61bf-4ff4-b705-307942077190@group-8681D727A52F-LeaderElection23 ELECTION round 0: result PASSED
2024-04-26 07:43:53,683 [84e7e7d6-61bf-4ff4-b705-307942077190@group-8681D727A52F-LeaderElection23] INFO  impl.RoleInfo (RoleInfo.java:shutdownLeaderElection(130)) - 84e7e7d6-61bf-4ff4-b705-307942077190: shutdown 84e7e7d6-61bf-4ff4-b705-307942077190@group-8681D727A52F-LeaderElection23
2024-04-26 07:43:53,683 [84e7e7d6-61bf-4ff4-b705-307942077190@group-8681D727A52F-LeaderElection23] INFO  server.RaftServer$Division (RaftServerImpl.java:setRole(383)) - 84e7e7d6-61bf-4ff4-b705-307942077190@group-8681D727A52F: changes role from CANDIDATE to LEADER at term 1 for changeToLeader
2024-04-26 07:43:53,683 [84e7e7d6-61bf-4ff4-b705-307942077190@group-8681D727A52F-LeaderElection23] INFO  server.RaftServerConfigKeys (ConfUtils.java:logGet(46)) - raft.server.staging.catchup.gap = 1000 (default)
2024-04-26 07:43:53,684 [84e7e7d6-61bf-4ff4-b705-307942077190@group-8681D727A52F-LeaderElection23] INFO  server.RaftServerConfigKeys (ConfUtils.java:logGet(46)) - raft.server.write.element-limit = 1024 (custom)
2024-04-26 07:43:53,684 [84e7e7d6-61bf-4ff4-b705-307942077190@group-8681D727A52F-LeaderElection23] INFO  server.RaftServerConfigKeys (ConfUtils.java:logGet(46)) - raft.server.write.byte-limit = 1024 M (=1073741824) (custom)
2024-04-26 07:43:53,684 [84e7e7d6-61bf-4ff4-b705-307942077190@group-8681D727A52F-LeaderElection23] INFO  server.RaftServerConfigKeys (ConfUtils.java:logGet(46)) - raft.server.watch.timeout = 3000ms (custom)
2024-04-26 07:43:53,684 [84e7e7d6-61bf-4ff4-b705-307942077190@group-8681D727A52F-LeaderElection23] INFO  server.RaftServerConfigKeys (ConfUtils.java:logGet(46)) - raft.server.watch.timeout.denomination = 1s (default)
2024-04-26 07:43:53,684 [84e7e7d6-61bf-4ff4-b705-307942077190@group-8681D727A52F-LeaderElection23] INFO  server.RaftServerConfigKeys (ConfUtils.java:logGet(46)) - raft.server.watch.element-limit = 65536 (default)
2024-04-26 07:43:53,684 [84e7e7d6-61bf-4ff4-b705-307942077190@group-8681D727A52F-LeaderElection23] INFO  server.RaftServerConfigKeys (ConfUtils.java:logGet(46)) - raft.server.read.leader.lease.enabled = false (default)
2024-04-26 07:43:53,684 [84e7e7d6-61bf-4ff4-b705-307942077190@group-8681D727A52F-LeaderElection23] INFO  server.RaftServerConfigKeys (ConfUtils.java:logGet(46)) - raft.server.read.leader.lease.timeout.ratio = 0.9 (default)
2024-04-26 07:43:53,684 [84e7e7d6-61bf-4ff4-b705-307942077190@group-8681D727A52F-LeaderElection23] INFO  server.RaftServerConfigKeys (ConfUtils.java:logGet(46)) - raft.server.rpc.timeout.min = 5s (custom)
2024-04-26 07:43:53,684 [84e7e7d6-61bf-4ff4-b705-307942077190@group-8681D727A52F-LeaderElection23] INFO  server.RaftServerConfigKeys (ConfUtils.java:logGet(46)) - raft.server.write.element-limit = 1024 (custom)
2024-04-26 07:43:53,684 [84e7e7d6-61bf-4ff4-b705-307942077190@group-8681D727A52F-LeaderElection23] INFO  server.RaftServerConfigKeys (ConfUtils.java:logGet(46)) - raft.server.write.follower.gap.ratio.max = -1.0 (default)
2024-04-26 07:43:53,685 [84e7e7d6-61bf-4ff4-b705-307942077190@group-8681D727A52F-LeaderElection23] INFO  server.RaftServerConfigKeys (ConfUtils.java:logGet(46)) - raft.server.log.appender.snapshot.chunk.size.max = 16MB (=16777216) (default)
2024-04-26 07:43:53,685 [84e7e7d6-61bf-4ff4-b705-307942077190@group-8681D727A52F-LeaderElection23] INFO  server.RaftServerConfigKeys (ConfUtils.java:logGet(46)) - raft.server.log.appender.buffer.byte-limit = 8388608 (custom)
2024-04-26 07:43:53,685 [84e7e7d6-61bf-4ff4-b705-307942077190@group-8681D727A52F-LeaderElection23] INFO  server.RaftServerConfigKeys (ConfUtils.java:logGet(46)) - raft.server.log.appender.buffer.element-limit = 1 (custom)
2024-04-26 07:43:53,685 [84e7e7d6-61bf-4ff4-b705-307942077190@group-8681D727A52F-LeaderElection23] INFO  server.RaftServerConfigKeys (ConfUtils.java:logGet(46)) - raft.server.log.appender.wait-time.min = 0ms (custom)
2024-04-26 07:43:53,685 [84e7e7d6-61bf-4ff4-b705-307942077190@group-8681D727A52F-LeaderElection23] INFO  grpc.GrpcConfigKeys (ConfUtils.java:logGet(46)) - raft.grpc.server.leader.outstanding.appends.max = 8 (default)
2024-04-26 07:43:53,685 [84e7e7d6-61bf-4ff4-b705-307942077190@group-8681D727A52F-LeaderElection23] INFO  server.RaftServerConfigKeys (ConfUtils.java:logGet(46)) - raft.server.rpc.request.timeout = 3000ms (default)
2024-04-26 07:43:53,685 [84e7e7d6-61bf-4ff4-b705-307942077190@group-8681D727A52F-LeaderElection23] INFO  grpc.GrpcConfigKeys (ConfUtils.java:logGet(46)) - raft.grpc.server.install_snapshot.request.element-limit = 8 (default)
2024-04-26 07:43:53,685 [84e7e7d6-61bf-4ff4-b705-307942077190@group-8681D727A52F-LeaderElection23] INFO  grpc.GrpcConfigKeys (ConfUtils.java:logGet(46)) - raft.grpc.server.install_snapshot.request.timeout = 3000ms (default)
2024-04-26 07:43:53,685 [84e7e7d6-61bf-4ff4-b705-307942077190@group-8681D727A52F-LeaderElection23] INFO  grpc.GrpcConfigKeys (ConfUtils.java:logGet(46)) - raft.grpc.server.log-message.batch.duration = 5s (default)
2024-04-26 07:43:53,685 [84e7e7d6-61bf-4ff4-b705-307942077190@group-8681D727A52F-LeaderElection23] INFO  server.RaftServerConfigKeys (ConfUtils.java:logGet(46)) - raft.server.log.appender.install.snapshot.enabled = false (custom)
2024-04-26 07:43:53,685 [84e7e7d6-61bf-4ff4-b705-307942077190@group-8681D727A52F-LeaderElection23] INFO  grpc.GrpcConfigKeys (ConfUtils.java:logGet(46)) - raft.grpc.server.heartbeat.channel = true (default)
2024-04-26 07:43:53,686 [84e7e7d6-61bf-4ff4-b705-307942077190@group-8681D727A52F-LeaderElection23] INFO  server.RaftServerConfigKeys (ConfUtils.java:logGet(46)) - raft.server.log.appender.snapshot.chunk.size.max = 16MB (=16777216) (default)
2024-04-26 07:43:53,686 [84e7e7d6-61bf-4ff4-b705-307942077190@group-8681D727A52F-LeaderElection23] INFO  server.RaftServerConfigKeys (ConfUtils.java:logGet(46)) - raft.server.log.appender.buffer.byte-limit = 8388608 (custom)
2024-04-26 07:43:53,686 [84e7e7d6-61bf-4ff4-b705-307942077190@group-8681D727A52F-LeaderElection23] INFO  server.RaftServerConfigKeys (ConfUtils.java:logGet(46)) - raft.server.log.appender.buffer.element-limit = 1 (custom)
2024-04-26 07:43:53,686 [84e7e7d6-61bf-4ff4-b705-307942077190@group-8681D727A52F-LeaderElection23] INFO  server.RaftServerConfigKeys (ConfUtils.java:logGet(46)) - raft.server.log.appender.wait-time.min = 0ms (custom)
2024-04-26 07:43:53,686 [84e7e7d6-61bf-4ff4-b705-307942077190@group-8681D727A52F-LeaderElection23] INFO  grpc.GrpcConfigKeys (ConfUtils.java:logGet(46)) - raft.grpc.server.leader.outstanding.appends.max = 8 (default)
2024-04-26 07:43:53,686 [84e7e7d6-61bf-4ff4-b705-307942077190@group-8681D727A52F-LeaderElection23] INFO  server.RaftServerConfigKeys (ConfUtils.java:logGet(46)) - raft.server.rpc.request.timeout = 3000ms (default)
2024-04-26 07:43:53,686 [84e7e7d6-61bf-4ff4-b705-307942077190@group-8681D727A52F-LeaderElection23] INFO  grpc.GrpcConfigKeys (ConfUtils.java:logGet(46)) - raft.grpc.server.install_snapshot.request.element-limit = 8 (default)
2024-04-26 07:43:53,686 [84e7e7d6-61bf-4ff4-b705-307942077190@group-8681D727A52F-LeaderElection23] INFO  grpc.GrpcConfigKeys (ConfUtils.java:logGet(46)) - raft.grpc.server.install_snapshot.request.timeout = 3000ms (default)
2024-04-26 07:43:53,686 [84e7e7d6-61bf-4ff4-b705-307942077190@group-8681D727A52F-LeaderElection23] INFO  grpc.GrpcConfigKeys (ConfUtils.java:logGet(46)) - raft.grpc.server.log-message.batch.duration = 5s (default)
2024-04-26 07:43:53,686 [84e7e7d6-61bf-4ff4-b705-307942077190@group-8681D727A52F-LeaderElection23] INFO  server.RaftServerConfigKeys (ConfUtils.java:logGet(46)) - raft.server.log.appender.install.snapshot.enabled = false (custom)
2024-04-26 07:43:53,686 [84e7e7d6-61bf-4ff4-b705-307942077190@group-8681D727A52F-LeaderElection23] INFO  grpc.GrpcConfigKeys (ConfUtils.java:logGet(46)) - raft.grpc.server.heartbeat.channel = true (default)
2024-04-26 07:43:53,687 [84e7e7d6-61bf-4ff4-b705-307942077190@group-8681D727A52F-LeaderElection23] INFO  impl.RoleInfo (RoleInfo.java:updateAndGet(139)) - 84e7e7d6-61bf-4ff4-b705-307942077190: start 84e7e7d6-61bf-4ff4-b705-307942077190@group-8681D727A52F-LeaderStateImpl
2024-04-26 07:43:53,687 [84e7e7d6-61bf-4ff4-b705-307942077190@group-8681D727A52F-LeaderElection23] INFO  server.RaftServer$Division (RaftServerImpl.java:setFirstElection(574)) - 84e7e7d6-61bf-4ff4-b705-307942077190@group-8681D727A52F: set firstElectionSinceStartup to false for becomeLeader
2024-04-26 07:43:53,687 [84e7e7d6-61bf-4ff4-b705-307942077190@group-8681D727A52F-LeaderElection23] INFO  ratis.XceiverServerRatis (XceiverServerRatis.java:handleLeaderChangedNotification(966)) - Leader change notification received for group: group-8681D727A52F with new leaderId: 84e7e7d6-61bf-4ff4-b705-307942077190
2024-04-26 07:43:53,687 [84e7e7d6-61bf-4ff4-b705-307942077190@group-8681D727A52F-LeaderElection23] INFO  server.RaftServer$Division (ServerState.java:setLeader(269)) - 84e7e7d6-61bf-4ff4-b705-307942077190@group-8681D727A52F: change Leader from null to 84e7e7d6-61bf-4ff4-b705-307942077190 at term 1 for becomeLeader, leader elected after 5054ms
2024-04-26 07:43:53,687 [84e7e7d6-61bf-4ff4-b705-307942077190@group-8681D727A52F-LeaderElection23] INFO  segmented.SegmentedRaftLogWorker (SegmentedRaftLogWorker.java:startLogSegment(430)) - 84e7e7d6-61bf-4ff4-b705-307942077190@group-8681D727A52F-SegmentedRaftLogWorker: Starting segment from index:0
2024-04-26 07:43:53,687 [84e7e7d6-61bf-4ff4-b705-307942077190@group-8681D727A52F-LeaderElection23] INFO  server.RaftServer$Division (ServerState.java:setRaftConf(386)) - 84e7e7d6-61bf-4ff4-b705-307942077190@group-8681D727A52F: set configuration 0: peers:[84e7e7d6-61bf-4ff4-b705-307942077190|127.0.0.1:15130, 14d9c642-7495-4fc5-a0b1-a63fd7fd9772|127.0.0.1:15139, 2f58e8cd-28e0-414a-bc84-31490c64287f|127.0.0.1:15148]|listeners:[], old=null
2024-04-26 07:43:53,687 [84e7e7d6-61bf-4ff4-b705-307942077190@group-8681D727A52F-SegmentedRaftLogWorker] INFO  segmented.BufferedWriteChannel (BufferedWriteChannel.java:open(62)) - open log_inprogress_0 at position 0
2024-04-26 07:43:53,691 [14d9c642-7495-4fc5-a0b1-a63fd7fd9772-server-thread1] INFO  ratis.XceiverServerRatis (XceiverServerRatis.java:handleLeaderChangedNotification(966)) - Leader change notification received for group: group-8681D727A52F with new leaderId: 84e7e7d6-61bf-4ff4-b705-307942077190
2024-04-26 07:43:53,691 [14d9c642-7495-4fc5-a0b1-a63fd7fd9772-server-thread1] INFO  server.RaftServer$Division (ServerState.java:setLeader(269)) - 14d9c642-7495-4fc5-a0b1-a63fd7fd9772@group-8681D727A52F: change Leader from null to 84e7e7d6-61bf-4ff4-b705-307942077190 at term 1 for appendEntries, leader elected after 5042ms
2024-04-26 07:43:53,691 [2f58e8cd-28e0-414a-bc84-31490c64287f-server-thread1] INFO  ratis.XceiverServerRatis (XceiverServerRatis.java:handleLeaderChangedNotification(966)) - Leader change notification received for group: group-8681D727A52F with new leaderId: 84e7e7d6-61bf-4ff4-b705-307942077190
2024-04-26 07:43:53,691 [2f58e8cd-28e0-414a-bc84-31490c64287f-server-thread1] INFO  server.RaftServer$Division (ServerState.java:setLeader(269)) - 2f58e8cd-28e0-414a-bc84-31490c64287f@group-8681D727A52F: change Leader from null to 84e7e7d6-61bf-4ff4-b705-307942077190 at term 1 for appendEntries, leader elected after 5018ms
2024-04-26 07:43:53,692 [EventQueue-PipelineReportForPipelineReportHandler] INFO  pipeline.PipelineReportHandler (PipelineReportHandler.java:processPipelineReport(136)) - Opened pipeline PipelineID=06776fe5-cc01-4eb7-ac51-8681d727a52f
2024-04-26 07:43:53,696 [14d9c642-7495-4fc5-a0b1-a63fd7fd9772-server-thread3] INFO  server.RaftServer$Division (ServerState.java:setRaftConf(386)) - 14d9c642-7495-4fc5-a0b1-a63fd7fd9772@group-8681D727A52F: set configuration 0: peers:[84e7e7d6-61bf-4ff4-b705-307942077190|127.0.0.1:15130, 14d9c642-7495-4fc5-a0b1-a63fd7fd9772|127.0.0.1:15139, 2f58e8cd-28e0-414a-bc84-31490c64287f|127.0.0.1:15148]|listeners:[], old=null
2024-04-26 07:43:53,696 [84e7e7d6-61bf-4ff4-b705-307942077190@group-8681D727A52F-SegmentedRaftLogWorker] INFO  segmented.SegmentedRaftLogWorker (SegmentedRaftLogWorker.java:execute(634)) - 84e7e7d6-61bf-4ff4-b705-307942077190@group-8681D727A52F-SegmentedRaftLogWorker: created new log segment /home/runner/work/ozone/ozone/hadoop-ozone/integration-test/target/test-dir/MiniOzoneClusterImpl-a56b3a23-5bf6-4b5b-a0fe-007206924a4e/ozone-meta/datanode-4/ratis/06776fe5-cc01-4eb7-ac51-8681d727a52f/current/log_inprogress_0
2024-04-26 07:43:53,696 [14d9c642-7495-4fc5-a0b1-a63fd7fd9772-server-thread3] INFO  segmented.SegmentedRaftLogWorker (SegmentedRaftLogWorker.java:startLogSegment(430)) - 14d9c642-7495-4fc5-a0b1-a63fd7fd9772@group-8681D727A52F-SegmentedRaftLogWorker: Starting segment from index:0
2024-04-26 07:43:53,697 [14d9c642-7495-4fc5-a0b1-a63fd7fd9772@group-8681D727A52F-SegmentedRaftLogWorker] INFO  segmented.BufferedWriteChannel (BufferedWriteChannel.java:open(62)) - open log_inprogress_0 at position 0
2024-04-26 07:43:53,697 [2f58e8cd-28e0-414a-bc84-31490c64287f-server-thread3] INFO  server.RaftServer$Division (ServerState.java:setRaftConf(386)) - 2f58e8cd-28e0-414a-bc84-31490c64287f@group-8681D727A52F: set configuration 0: peers:[84e7e7d6-61bf-4ff4-b705-307942077190|127.0.0.1:15130, 14d9c642-7495-4fc5-a0b1-a63fd7fd9772|127.0.0.1:15139, 2f58e8cd-28e0-414a-bc84-31490c64287f|127.0.0.1:15148]|listeners:[], old=null
2024-04-26 07:43:53,697 [2f58e8cd-28e0-414a-bc84-31490c64287f-server-thread3] INFO  segmented.SegmentedRaftLogWorker (SegmentedRaftLogWorker.java:startLogSegment(430)) - 2f58e8cd-28e0-414a-bc84-31490c64287f@group-8681D727A52F-SegmentedRaftLogWorker: Starting segment from index:0
2024-04-26 07:43:53,697 [2f58e8cd-28e0-414a-bc84-31490c64287f@group-8681D727A52F-SegmentedRaftLogWorker] INFO  segmented.BufferedWriteChannel (BufferedWriteChannel.java:open(62)) - open log_inprogress_0 at position 0
2024-04-26 07:43:53,708 [14d9c642-7495-4fc5-a0b1-a63fd7fd9772@group-8681D727A52F-SegmentedRaftLogWorker] INFO  segmented.SegmentedRaftLogWorker (SegmentedRaftLogWorker.java:execute(634)) - 14d9c642-7495-4fc5-a0b1-a63fd7fd9772@group-8681D727A52F-SegmentedRaftLogWorker: created new log segment /home/runner/work/ozone/ozone/hadoop-ozone/integration-test/target/test-dir/MiniOzoneClusterImpl-a56b3a23-5bf6-4b5b-a0fe-007206924a4e/ozone-meta/datanode-5/ratis/06776fe5-cc01-4eb7-ac51-8681d727a52f/current/log_inprogress_0
2024-04-26 07:43:53,708 [2f58e8cd-28e0-414a-bc84-31490c64287f@group-8681D727A52F-SegmentedRaftLogWorker] INFO  segmented.SegmentedRaftLogWorker (SegmentedRaftLogWorker.java:execute(634)) - 2f58e8cd-28e0-414a-bc84-31490c64287f@group-8681D727A52F-SegmentedRaftLogWorker: created new log segment /home/runner/work/ozone/ozone/hadoop-ozone/integration-test/target/test-dir/MiniOzoneClusterImpl-a56b3a23-5bf6-4b5b-a0fe-007206924a4e/ozone-meta/datanode-6/ratis/06776fe5-cc01-4eb7-ac51-8681d727a52f/current/log_inprogress_0
2024-04-26 07:43:53,710 [84e7e7d6-61bf-4ff4-b705-307942077190@group-8681D727A52F-StateMachineUpdater] INFO  server.RaftServer$Division (LeaderStateImpl.java:isApplied(320)) - leader is ready since appliedIndex == 0 >= startIndex == 0
2024-04-26 07:43:53,793 [14d9c642-7495-4fc5-a0b1-a63fd7fd9772@group-92B9C4CB7A94-FollowerState] INFO  impl.FollowerState (FollowerState.java:run(143)) - 14d9c642-7495-4fc5-a0b1-a63fd7fd9772@group-92B9C4CB7A94-FollowerState: change to CANDIDATE, lastRpcElapsedTime:5082482242ns, electionTimeout:5081ms
2024-04-26 07:43:53,793 [14d9c642-7495-4fc5-a0b1-a63fd7fd9772@group-92B9C4CB7A94-FollowerState] INFO  impl.RoleInfo (RoleInfo.java:shutdownFollowerState(110)) - 14d9c642-7495-4fc5-a0b1-a63fd7fd9772: shutdown 14d9c642-7495-4fc5-a0b1-a63fd7fd9772@group-92B9C4CB7A94-FollowerState
2024-04-26 07:43:53,793 [14d9c642-7495-4fc5-a0b1-a63fd7fd9772@group-92B9C4CB7A94-FollowerState] INFO  server.RaftServer$Division (RaftServerImpl.java:setRole(383)) - 14d9c642-7495-4fc5-a0b1-a63fd7fd9772@group-92B9C4CB7A94: changes role from  FOLLOWER to CANDIDATE at term 0 for changeToCandidate
2024-04-26 07:43:53,794 [14d9c642-7495-4fc5-a0b1-a63fd7fd9772@group-92B9C4CB7A94-FollowerState] INFO  server.RaftServerConfigKeys (ConfUtils.java:logGet(46)) - raft.server.leaderelection.pre-vote = true (default)
2024-04-26 07:43:53,794 [14d9c642-7495-4fc5-a0b1-a63fd7fd9772@group-92B9C4CB7A94-FollowerState] INFO  impl.RoleInfo (RoleInfo.java:updateAndGet(139)) - 14d9c642-7495-4fc5-a0b1-a63fd7fd9772: start 14d9c642-7495-4fc5-a0b1-a63fd7fd9772@group-92B9C4CB7A94-LeaderElection24
2024-04-26 07:43:53,794 [14d9c642-7495-4fc5-a0b1-a63fd7fd9772@group-92B9C4CB7A94-LeaderElection24] INFO  impl.LeaderElection (LeaderElection.java:askForVotes(321)) - 14d9c642-7495-4fc5-a0b1-a63fd7fd9772@group-92B9C4CB7A94-LeaderElection24 PRE_VOTE round 0: submit vote requests at term 0 for -1: peers:[14d9c642-7495-4fc5-a0b1-a63fd7fd9772|127.0.0.1:15139]|listeners:[], old=null
2024-04-26 07:43:53,794 [14d9c642-7495-4fc5-a0b1-a63fd7fd9772@group-92B9C4CB7A94-LeaderElection24] INFO  impl.LeaderElection (LeaderElection.java:askForVotes(323)) - 14d9c642-7495-4fc5-a0b1-a63fd7fd9772@group-92B9C4CB7A94-LeaderElection24 PRE_VOTE round 0: result PASSED (term=0)
2024-04-26 07:43:53,795 [14d9c642-7495-4fc5-a0b1-a63fd7fd9772@group-92B9C4CB7A94-LeaderElection24] INFO  impl.LeaderElection (LeaderElection.java:askForVotes(321)) - 14d9c642-7495-4fc5-a0b1-a63fd7fd9772@group-92B9C4CB7A94-LeaderElection24 ELECTION round 0: submit vote requests at term 1 for -1: peers:[14d9c642-7495-4fc5-a0b1-a63fd7fd9772|127.0.0.1:15139]|listeners:[], old=null
2024-04-26 07:43:53,795 [14d9c642-7495-4fc5-a0b1-a63fd7fd9772@group-92B9C4CB7A94-LeaderElection24] INFO  impl.LeaderElection (LeaderElection.java:askForVotes(323)) - 14d9c642-7495-4fc5-a0b1-a63fd7fd9772@group-92B9C4CB7A94-LeaderElection24 ELECTION round 0: result PASSED (term=1)
2024-04-26 07:43:53,795 [14d9c642-7495-4fc5-a0b1-a63fd7fd9772@group-92B9C4CB7A94-LeaderElection24] INFO  impl.RoleInfo (RoleInfo.java:shutdownLeaderElection(130)) - 14d9c642-7495-4fc5-a0b1-a63fd7fd9772: shutdown 14d9c642-7495-4fc5-a0b1-a63fd7fd9772@group-92B9C4CB7A94-LeaderElection24
2024-04-26 07:43:53,795 [14d9c642-7495-4fc5-a0b1-a63fd7fd9772@group-92B9C4CB7A94-LeaderElection24] INFO  server.RaftServer$Division (RaftServerImpl.java:setRole(383)) - 14d9c642-7495-4fc5-a0b1-a63fd7fd9772@group-92B9C4CB7A94: changes role from CANDIDATE to LEADER at term 1 for changeToLeader
2024-04-26 07:43:53,795 [14d9c642-7495-4fc5-a0b1-a63fd7fd9772@group-92B9C4CB7A94-LeaderElection24] INFO  server.RaftServerConfigKeys (ConfUtils.java:logGet(46)) - raft.server.staging.catchup.gap = 1000 (default)
2024-04-26 07:43:53,795 [14d9c642-7495-4fc5-a0b1-a63fd7fd9772@group-92B9C4CB7A94-LeaderElection24] INFO  server.RaftServerConfigKeys (ConfUtils.java:logGet(46)) - raft.server.write.element-limit = 1024 (custom)
2024-04-26 07:43:53,796 [14d9c642-7495-4fc5-a0b1-a63fd7fd9772@group-92B9C4CB7A94-LeaderElection24] INFO  server.RaftServerConfigKeys (ConfUtils.java:logGet(46)) - raft.server.write.byte-limit = 1024 M (=1073741824) (custom)
2024-04-26 07:43:53,796 [14d9c642-7495-4fc5-a0b1-a63fd7fd9772@group-92B9C4CB7A94-LeaderElection24] INFO  server.RaftServerConfigKeys (ConfUtils.java:logGet(46)) - raft.server.watch.timeout = 3000ms (custom)
2024-04-26 07:43:53,796 [14d9c642-7495-4fc5-a0b1-a63fd7fd9772@group-92B9C4CB7A94-LeaderElection24] INFO  server.RaftServerConfigKeys (ConfUtils.java:logGet(46)) - raft.server.watch.timeout.denomination = 1s (default)
2024-04-26 07:43:53,796 [14d9c642-7495-4fc5-a0b1-a63fd7fd9772@group-92B9C4CB7A94-LeaderElection24] INFO  server.RaftServerConfigKeys (ConfUtils.java:logGet(46)) - raft.server.watch.element-limit = 65536 (default)
2024-04-26 07:43:53,796 [14d9c642-7495-4fc5-a0b1-a63fd7fd9772@group-92B9C4CB7A94-LeaderElection24] INFO  server.RaftServerConfigKeys (ConfUtils.java:logGet(46)) - raft.server.read.leader.lease.enabled = false (default)
2024-04-26 07:43:53,796 [14d9c642-7495-4fc5-a0b1-a63fd7fd9772@group-92B9C4CB7A94-LeaderElection24] INFO  server.RaftServerConfigKeys (ConfUtils.java:logGet(46)) - raft.server.read.leader.lease.timeout.ratio = 0.9 (default)
2024-04-26 07:43:53,796 [14d9c642-7495-4fc5-a0b1-a63fd7fd9772@group-92B9C4CB7A94-LeaderElection24] INFO  server.RaftServerConfigKeys (ConfUtils.java:logGet(46)) - raft.server.rpc.timeout.min = 5s (custom)
2024-04-26 07:43:53,796 [14d9c642-7495-4fc5-a0b1-a63fd7fd9772@group-92B9C4CB7A94-LeaderElection24] INFO  server.RaftServerConfigKeys (ConfUtils.java:logGet(46)) - raft.server.write.element-limit = 1024 (custom)
2024-04-26 07:43:53,796 [14d9c642-7495-4fc5-a0b1-a63fd7fd9772@group-92B9C4CB7A94-LeaderElection24] INFO  server.RaftServerConfigKeys (ConfUtils.java:logGet(46)) - raft.server.write.follower.gap.ratio.max = -1.0 (default)
2024-04-26 07:43:53,796 [14d9c642-7495-4fc5-a0b1-a63fd7fd9772@group-92B9C4CB7A94-LeaderElection24] INFO  impl.RoleInfo (RoleInfo.java:updateAndGet(139)) - 14d9c642-7495-4fc5-a0b1-a63fd7fd9772: start 14d9c642-7495-4fc5-a0b1-a63fd7fd9772@group-92B9C4CB7A94-LeaderStateImpl
2024-04-26 07:43:53,796 [14d9c642-7495-4fc5-a0b1-a63fd7fd9772@group-92B9C4CB7A94-LeaderElection24] INFO  server.RaftServer$Division (RaftServerImpl.java:setFirstElection(574)) - 14d9c642-7495-4fc5-a0b1-a63fd7fd9772@group-92B9C4CB7A94: set firstElectionSinceStartup to false for becomeLeader
2024-04-26 07:43:53,796 [14d9c642-7495-4fc5-a0b1-a63fd7fd9772@group-92B9C4CB7A94-LeaderElection24] INFO  ratis.XceiverServerRatis (XceiverServerRatis.java:handleLeaderChangedNotification(966)) - Leader change notification received for group: group-92B9C4CB7A94 with new leaderId: 14d9c642-7495-4fc5-a0b1-a63fd7fd9772
2024-04-26 07:43:53,797 [14d9c642-7495-4fc5-a0b1-a63fd7fd9772@group-92B9C4CB7A94-LeaderElection24] INFO  server.RaftServer$Division (ServerState.java:setLeader(269)) - 14d9c642-7495-4fc5-a0b1-a63fd7fd9772@group-92B9C4CB7A94: change Leader from null to 14d9c642-7495-4fc5-a0b1-a63fd7fd9772 at term 1 for becomeLeader, leader elected after 5096ms
2024-04-26 07:43:53,797 [14d9c642-7495-4fc5-a0b1-a63fd7fd9772@group-92B9C4CB7A94-LeaderElection24] INFO  segmented.SegmentedRaftLogWorker (SegmentedRaftLogWorker.java:startLogSegment(430)) - 14d9c642-7495-4fc5-a0b1-a63fd7fd9772@group-92B9C4CB7A94-SegmentedRaftLogWorker: Starting segment from index:0
2024-04-26 07:43:53,797 [14d9c642-7495-4fc5-a0b1-a63fd7fd9772@group-92B9C4CB7A94-LeaderElection24] INFO  server.RaftServer$Division (ServerState.java:setRaftConf(386)) - 14d9c642-7495-4fc5-a0b1-a63fd7fd9772@group-92B9C4CB7A94: set configuration 0: peers:[14d9c642-7495-4fc5-a0b1-a63fd7fd9772|127.0.0.1:15139]|listeners:[], old=null
2024-04-26 07:43:53,797 [14d9c642-7495-4fc5-a0b1-a63fd7fd9772@group-92B9C4CB7A94-SegmentedRaftLogWorker] INFO  segmented.BufferedWriteChannel (BufferedWriteChannel.java:open(62)) - open log_inprogress_0 at position 0
2024-04-26 07:43:53,804 [14d9c642-7495-4fc5-a0b1-a63fd7fd9772@group-92B9C4CB7A94-SegmentedRaftLogWorker] INFO  segmented.SegmentedRaftLogWorker (SegmentedRaftLogWorker.java:execute(634)) - 14d9c642-7495-4fc5-a0b1-a63fd7fd9772@group-92B9C4CB7A94-SegmentedRaftLogWorker: created new log segment /home/runner/work/ozone/ozone/hadoop-ozone/integration-test/target/test-dir/MiniOzoneClusterImpl-a56b3a23-5bf6-4b5b-a0fe-007206924a4e/ozone-meta/datanode-5/ratis/403c005a-4e0b-4773-b31c-92b9c4cb7a94/current/log_inprogress_0
2024-04-26 07:43:53,805 [14d9c642-7495-4fc5-a0b1-a63fd7fd9772@group-92B9C4CB7A94-StateMachineUpdater] INFO  server.RaftServer$Division (LeaderStateImpl.java:isApplied(320)) - leader is ready since appliedIndex == 0 >= startIndex == 0
2024-04-26 07:43:53,928 [2f58e8cd-28e0-414a-bc84-31490c64287f@group-04F35EF3D096-FollowerState] INFO  impl.FollowerState (FollowerState.java:run(143)) - 2f58e8cd-28e0-414a-bc84-31490c64287f@group-04F35EF3D096-FollowerState: change to CANDIDATE, lastRpcElapsedTime:5113025656ns, electionTimeout:5112ms
2024-04-26 07:43:53,928 [2f58e8cd-28e0-414a-bc84-31490c64287f@group-04F35EF3D096-FollowerState] INFO  impl.RoleInfo (RoleInfo.java:shutdownFollowerState(110)) - 2f58e8cd-28e0-414a-bc84-31490c64287f: shutdown 2f58e8cd-28e0-414a-bc84-31490c64287f@group-04F35EF3D096-FollowerState
2024-04-26 07:43:53,928 [2f58e8cd-28e0-414a-bc84-31490c64287f@group-04F35EF3D096-FollowerState] INFO  server.RaftServer$Division (RaftServerImpl.java:setRole(383)) - 2f58e8cd-28e0-414a-bc84-31490c64287f@group-04F35EF3D096: changes role from  FOLLOWER to CANDIDATE at term 0 for changeToCandidate
2024-04-26 07:43:53,929 [2f58e8cd-28e0-414a-bc84-31490c64287f@group-04F35EF3D096-FollowerState] INFO  server.RaftServerConfigKeys (ConfUtils.java:logGet(46)) - raft.server.leaderelection.pre-vote = true (default)
2024-04-26 07:43:53,929 [2f58e8cd-28e0-414a-bc84-31490c64287f@group-04F35EF3D096-FollowerState] INFO  impl.RoleInfo (RoleInfo.java:updateAndGet(139)) - 2f58e8cd-28e0-414a-bc84-31490c64287f: start 2f58e8cd-28e0-414a-bc84-31490c64287f@group-04F35EF3D096-LeaderElection25
2024-04-26 07:43:53,929 [2f58e8cd-28e0-414a-bc84-31490c64287f@group-04F35EF3D096-LeaderElection25] INFO  impl.LeaderElection (LeaderElection.java:askForVotes(321)) - 2f58e8cd-28e0-414a-bc84-31490c64287f@group-04F35EF3D096-LeaderElection25 PRE_VOTE round 0: submit vote requests at term 0 for -1: peers:[2f58e8cd-28e0-414a-bc84-31490c64287f|127.0.0.1:15148]|listeners:[], old=null
2024-04-26 07:43:53,929 [2f58e8cd-28e0-414a-bc84-31490c64287f@group-04F35EF3D096-LeaderElection25] INFO  impl.LeaderElection (LeaderElection.java:askForVotes(323)) - 2f58e8cd-28e0-414a-bc84-31490c64287f@group-04F35EF3D096-LeaderElection25 PRE_VOTE round 0: result PASSED (term=0)
2024-04-26 07:43:53,930 [2f58e8cd-28e0-414a-bc84-31490c64287f@group-04F35EF3D096-LeaderElection25] INFO  impl.LeaderElection (LeaderElection.java:askForVotes(321)) - 2f58e8cd-28e0-414a-bc84-31490c64287f@group-04F35EF3D096-LeaderElection25 ELECTION round 0: submit vote requests at term 1 for -1: peers:[2f58e8cd-28e0-414a-bc84-31490c64287f|127.0.0.1:15148]|listeners:[], old=null
2024-04-26 07:43:53,930 [2f58e8cd-28e0-414a-bc84-31490c64287f@group-04F35EF3D096-LeaderElection25] INFO  impl.LeaderElection (LeaderElection.java:askForVotes(323)) - 2f58e8cd-28e0-414a-bc84-31490c64287f@group-04F35EF3D096-LeaderElection25 ELECTION round 0: result PASSED (term=1)
2024-04-26 07:43:53,930 [2f58e8cd-28e0-414a-bc84-31490c64287f@group-04F35EF3D096-LeaderElection25] INFO  impl.RoleInfo (RoleInfo.java:shutdownLeaderElection(130)) - 2f58e8cd-28e0-414a-bc84-31490c64287f: shutdown 2f58e8cd-28e0-414a-bc84-31490c64287f@group-04F35EF3D096-LeaderElection25
2024-04-26 07:43:53,930 [2f58e8cd-28e0-414a-bc84-31490c64287f@group-04F35EF3D096-LeaderElection25] INFO  server.RaftServer$Division (RaftServerImpl.java:setRole(383)) - 2f58e8cd-28e0-414a-bc84-31490c64287f@group-04F35EF3D096: changes role from CANDIDATE to LEADER at term 1 for changeToLeader
2024-04-26 07:43:53,930 [2f58e8cd-28e0-414a-bc84-31490c64287f@group-04F35EF3D096-LeaderElection25] INFO  server.RaftServerConfigKeys (ConfUtils.java:logGet(46)) - raft.server.staging.catchup.gap = 1000 (default)
2024-04-26 07:43:53,930 [2f58e8cd-28e0-414a-bc84-31490c64287f@group-04F35EF3D096-LeaderElection25] INFO  server.RaftServerConfigKeys (ConfUtils.java:logGet(46)) - raft.server.write.element-limit = 1024 (custom)
2024-04-26 07:43:53,930 [2f58e8cd-28e0-414a-bc84-31490c64287f@group-04F35EF3D096-LeaderElection25] INFO  server.RaftServerConfigKeys (ConfUtils.java:logGet(46)) - raft.server.write.byte-limit = 1024 M (=1073741824) (custom)
2024-04-26 07:43:53,931 [2f58e8cd-28e0-414a-bc84-31490c64287f@group-04F35EF3D096-LeaderElection25] INFO  server.RaftServerConfigKeys (ConfUtils.java:logGet(46)) - raft.server.watch.timeout = 3000ms (custom)
2024-04-26 07:43:53,931 [2f58e8cd-28e0-414a-bc84-31490c64287f@group-04F35EF3D096-LeaderElection25] INFO  server.RaftServerConfigKeys (ConfUtils.java:logGet(46)) - raft.server.watch.timeout.denomination = 1s (default)
2024-04-26 07:43:53,931 [2f58e8cd-28e0-414a-bc84-31490c64287f@group-04F35EF3D096-LeaderElection25] INFO  server.RaftServerConfigKeys (ConfUtils.java:logGet(46)) - raft.server.watch.element-limit = 65536 (default)
2024-04-26 07:43:53,931 [2f58e8cd-28e0-414a-bc84-31490c64287f@group-04F35EF3D096-LeaderElection25] INFO  server.RaftServerConfigKeys (ConfUtils.java:logGet(46)) - raft.server.read.leader.lease.enabled = false (default)
2024-04-26 07:43:53,931 [2f58e8cd-28e0-414a-bc84-31490c64287f@group-04F35EF3D096-LeaderElection25] INFO  server.RaftServerConfigKeys (ConfUtils.java:logGet(46)) - raft.server.read.leader.lease.timeout.ratio = 0.9 (default)
2024-04-26 07:43:53,931 [2f58e8cd-28e0-414a-bc84-31490c64287f@group-04F35EF3D096-LeaderElection25] INFO  server.RaftServerConfigKeys (ConfUtils.java:logGet(46)) - raft.server.rpc.timeout.min = 5s (custom)
2024-04-26 07:43:53,931 [2f58e8cd-28e0-414a-bc84-31490c64287f@group-04F35EF3D096-LeaderElection25] INFO  server.RaftServerConfigKeys (ConfUtils.java:logGet(46)) - raft.server.write.element-limit = 1024 (custom)
2024-04-26 07:43:53,931 [2f58e8cd-28e0-414a-bc84-31490c64287f@group-04F35EF3D096-LeaderElection25] INFO  server.RaftServerConfigKeys (ConfUtils.java:logGet(46)) - raft.server.write.follower.gap.ratio.max = -1.0 (default)
2024-04-26 07:43:53,931 [2f58e8cd-28e0-414a-bc84-31490c64287f@group-04F35EF3D096-LeaderElection25] INFO  impl.RoleInfo (RoleInfo.java:updateAndGet(139)) - 2f58e8cd-28e0-414a-bc84-31490c64287f: start 2f58e8cd-28e0-414a-bc84-31490c64287f@group-04F35EF3D096-LeaderStateImpl
2024-04-26 07:43:53,931 [2f58e8cd-28e0-414a-bc84-31490c64287f@group-04F35EF3D096-LeaderElection25] INFO  server.RaftServer$Division (RaftServerImpl.java:setFirstElection(574)) - 2f58e8cd-28e0-414a-bc84-31490c64287f@group-04F35EF3D096: set firstElectionSinceStartup to false for becomeLeader
2024-04-26 07:43:53,931 [2f58e8cd-28e0-414a-bc84-31490c64287f@group-04F35EF3D096-LeaderElection25] INFO  ratis.XceiverServerRatis (XceiverServerRatis.java:handleLeaderChangedNotification(966)) - Leader change notification received for group: group-04F35EF3D096 with new leaderId: 2f58e8cd-28e0-414a-bc84-31490c64287f
2024-04-26 07:43:53,931 [2f58e8cd-28e0-414a-bc84-31490c64287f@group-04F35EF3D096-LeaderElection25] INFO  server.RaftServer$Division (ServerState.java:setLeader(269)) - 2f58e8cd-28e0-414a-bc84-31490c64287f@group-04F35EF3D096: change Leader from null to 2f58e8cd-28e0-414a-bc84-31490c64287f at term 1 for becomeLeader, leader elected after 5126ms
2024-04-26 07:43:53,931 [2f58e8cd-28e0-414a-bc84-31490c64287f@group-04F35EF3D096-LeaderElection25] INFO  segmented.SegmentedRaftLogWorker (SegmentedRaftLogWorker.java:startLogSegment(430)) - 2f58e8cd-28e0-414a-bc84-31490c64287f@group-04F35EF3D096-SegmentedRaftLogWorker: Starting segment from index:0
2024-04-26 07:43:53,932 [2f58e8cd-28e0-414a-bc84-31490c64287f@group-04F35EF3D096-SegmentedRaftLogWorker] INFO  segmented.BufferedWriteChannel (BufferedWriteChannel.java:open(62)) - open log_inprogress_0 at position 0
2024-04-26 07:43:53,935 [a0a780bc-4285-4c1f-be2a-f222fe59f73a@group-6061531EA8D4-FollowerState] INFO  impl.FollowerState (FollowerState.java:run(143)) - a0a780bc-4285-4c1f-be2a-f222fe59f73a@group-6061531EA8D4-FollowerState: change to CANDIDATE, lastRpcElapsedTime:5051163215ns, electionTimeout:5050ms
2024-04-26 07:43:53,935 [a0a780bc-4285-4c1f-be2a-f222fe59f73a@group-6061531EA8D4-FollowerState] INFO  impl.RoleInfo (RoleInfo.java:shutdownFollowerState(110)) - a0a780bc-4285-4c1f-be2a-f222fe59f73a: shutdown a0a780bc-4285-4c1f-be2a-f222fe59f73a@group-6061531EA8D4-FollowerState
2024-04-26 07:43:53,936 [2f58e8cd-28e0-414a-bc84-31490c64287f@group-04F35EF3D096-LeaderElection25] INFO  server.RaftServer$Division (ServerState.java:setRaftConf(386)) - 2f58e8cd-28e0-414a-bc84-31490c64287f@group-04F35EF3D096: set configuration 0: peers:[2f58e8cd-28e0-414a-bc84-31490c64287f|127.0.0.1:15148]|listeners:[], old=null
2024-04-26 07:43:53,936 [a0a780bc-4285-4c1f-be2a-f222fe59f73a@group-6061531EA8D4-FollowerState] INFO  server.RaftServer$Division (RaftServerImpl.java:setRole(383)) - a0a780bc-4285-4c1f-be2a-f222fe59f73a@group-6061531EA8D4: changes role from  FOLLOWER to CANDIDATE at term 0 for changeToCandidate
2024-04-26 07:43:53,936 [a0a780bc-4285-4c1f-be2a-f222fe59f73a@group-6061531EA8D4-FollowerState] INFO  server.RaftServerConfigKeys (ConfUtils.java:logGet(46)) - raft.server.leaderelection.pre-vote = true (default)
2024-04-26 07:43:53,936 [a0a780bc-4285-4c1f-be2a-f222fe59f73a@group-6061531EA8D4-FollowerState] INFO  impl.RoleInfo (RoleInfo.java:updateAndGet(139)) - a0a780bc-4285-4c1f-be2a-f222fe59f73a: start a0a780bc-4285-4c1f-be2a-f222fe59f73a@group-6061531EA8D4-LeaderElection26
2024-04-26 07:43:53,936 [a0a780bc-4285-4c1f-be2a-f222fe59f73a@group-6061531EA8D4-LeaderElection26] INFO  impl.LeaderElection (LeaderElection.java:askForVotes(321)) - a0a780bc-4285-4c1f-be2a-f222fe59f73a@group-6061531EA8D4-LeaderElection26 PRE_VOTE round 0: submit vote requests at term 0 for -1: peers:[a0a780bc-4285-4c1f-be2a-f222fe59f73a|127.0.0.1:15157]|listeners:[], old=null
2024-04-26 07:43:53,936 [a0a780bc-4285-4c1f-be2a-f222fe59f73a@group-6061531EA8D4-LeaderElection26] INFO  impl.LeaderElection (LeaderElection.java:askForVotes(323)) - a0a780bc-4285-4c1f-be2a-f222fe59f73a@group-6061531EA8D4-LeaderElection26 PRE_VOTE round 0: result PASSED (term=0)
2024-04-26 07:43:53,940 [a0a780bc-4285-4c1f-be2a-f222fe59f73a@group-6061531EA8D4-LeaderElection26] INFO  impl.LeaderElection (LeaderElection.java:askForVotes(321)) - a0a780bc-4285-4c1f-be2a-f222fe59f73a@group-6061531EA8D4-LeaderElection26 ELECTION round 0: submit vote requests at term 1 for -1: peers:[a0a780bc-4285-4c1f-be2a-f222fe59f73a|127.0.0.1:15157]|listeners:[], old=null
2024-04-26 07:43:53,940 [a0a780bc-4285-4c1f-be2a-f222fe59f73a@group-6061531EA8D4-LeaderElection26] INFO  impl.LeaderElection (LeaderElection.java:askForVotes(323)) - a0a780bc-4285-4c1f-be2a-f222fe59f73a@group-6061531EA8D4-LeaderElection26 ELECTION round 0: result PASSED (term=1)
2024-04-26 07:43:53,940 [a0a780bc-4285-4c1f-be2a-f222fe59f73a@group-6061531EA8D4-LeaderElection26] INFO  impl.RoleInfo (RoleInfo.java:shutdownLeaderElection(130)) - a0a780bc-4285-4c1f-be2a-f222fe59f73a: shutdown a0a780bc-4285-4c1f-be2a-f222fe59f73a@group-6061531EA8D4-LeaderElection26
2024-04-26 07:43:53,940 [2f58e8cd-28e0-414a-bc84-31490c64287f@group-04F35EF3D096-SegmentedRaftLogWorker] INFO  segmented.SegmentedRaftLogWorker (SegmentedRaftLogWorker.java:execute(634)) - 2f58e8cd-28e0-414a-bc84-31490c64287f@group-04F35EF3D096-SegmentedRaftLogWorker: created new log segment /home/runner/work/ozone/ozone/hadoop-ozone/integration-test/target/test-dir/MiniOzoneClusterImpl-a56b3a23-5bf6-4b5b-a0fe-007206924a4e/ozone-meta/datanode-6/ratis/6bf02e47-75b5-4427-a481-04f35ef3d096/current/log_inprogress_0
2024-04-26 07:43:53,940 [a0a780bc-4285-4c1f-be2a-f222fe59f73a@group-6061531EA8D4-LeaderElection26] INFO  server.RaftServer$Division (RaftServerImpl.java:setRole(383)) - a0a780bc-4285-4c1f-be2a-f222fe59f73a@group-6061531EA8D4: changes role from CANDIDATE to LEADER at term 1 for changeToLeader
2024-04-26 07:43:53,940 [a0a780bc-4285-4c1f-be2a-f222fe59f73a@group-6061531EA8D4-LeaderElection26] INFO  server.RaftServerConfigKeys (ConfUtils.java:logGet(46)) - raft.server.staging.catchup.gap = 1000 (default)
2024-04-26 07:43:53,940 [a0a780bc-4285-4c1f-be2a-f222fe59f73a@group-6061531EA8D4-LeaderElection26] INFO  server.RaftServerConfigKeys (ConfUtils.java:logGet(46)) - raft.server.write.element-limit = 1024 (custom)
2024-04-26 07:43:53,940 [a0a780bc-4285-4c1f-be2a-f222fe59f73a@group-6061531EA8D4-LeaderElection26] INFO  server.RaftServerConfigKeys (ConfUtils.java:logGet(46)) - raft.server.write.byte-limit = 1024 M (=1073741824) (custom)
2024-04-26 07:43:53,940 [a0a780bc-4285-4c1f-be2a-f222fe59f73a@group-6061531EA8D4-LeaderElection26] INFO  server.RaftServerConfigKeys (ConfUtils.java:logGet(46)) - raft.server.watch.timeout = 3000ms (custom)
2024-04-26 07:43:53,940 [a0a780bc-4285-4c1f-be2a-f222fe59f73a@group-6061531EA8D4-LeaderElection26] INFO  server.RaftServerConfigKeys (ConfUtils.java:logGet(46)) - raft.server.watch.timeout.denomination = 1s (default)
2024-04-26 07:43:53,940 [a0a780bc-4285-4c1f-be2a-f222fe59f73a@group-6061531EA8D4-LeaderElection26] INFO  server.RaftServerConfigKeys (ConfUtils.java:logGet(46)) - raft.server.watch.element-limit = 65536 (default)
2024-04-26 07:43:53,940 [a0a780bc-4285-4c1f-be2a-f222fe59f73a@group-6061531EA8D4-LeaderElection26] INFO  server.RaftServerConfigKeys (ConfUtils.java:logGet(46)) - raft.server.read.leader.lease.enabled = false (default)
2024-04-26 07:43:53,941 [a0a780bc-4285-4c1f-be2a-f222fe59f73a@group-6061531EA8D4-LeaderElection26] INFO  server.RaftServerConfigKeys (ConfUtils.java:logGet(46)) - raft.server.read.leader.lease.timeout.ratio = 0.9 (default)
2024-04-26 07:43:53,941 [a0a780bc-4285-4c1f-be2a-f222fe59f73a@group-6061531EA8D4-LeaderElection26] INFO  server.RaftServerConfigKeys (ConfUtils.java:logGet(46)) - raft.server.rpc.timeout.min = 5s (custom)
2024-04-26 07:43:53,941 [a0a780bc-4285-4c1f-be2a-f222fe59f73a@group-6061531EA8D4-LeaderElection26] INFO  server.RaftServerConfigKeys (ConfUtils.java:logGet(46)) - raft.server.write.element-limit = 1024 (custom)
2024-04-26 07:43:53,941 [a0a780bc-4285-4c1f-be2a-f222fe59f73a@group-6061531EA8D4-LeaderElection26] INFO  server.RaftServerConfigKeys (ConfUtils.java:logGet(46)) - raft.server.write.follower.gap.ratio.max = -1.0 (default)
2024-04-26 07:43:53,941 [a0a780bc-4285-4c1f-be2a-f222fe59f73a@group-6061531EA8D4-LeaderElection26] INFO  impl.RoleInfo (RoleInfo.java:updateAndGet(139)) - a0a780bc-4285-4c1f-be2a-f222fe59f73a: start a0a780bc-4285-4c1f-be2a-f222fe59f73a@group-6061531EA8D4-LeaderStateImpl
2024-04-26 07:43:53,941 [a0a780bc-4285-4c1f-be2a-f222fe59f73a@group-6061531EA8D4-LeaderElection26] INFO  server.RaftServer$Division (RaftServerImpl.java:setFirstElection(574)) - a0a780bc-4285-4c1f-be2a-f222fe59f73a@group-6061531EA8D4: set firstElectionSinceStartup to false for becomeLeader
2024-04-26 07:43:53,941 [a0a780bc-4285-4c1f-be2a-f222fe59f73a@group-6061531EA8D4-LeaderElection26] INFO  ratis.XceiverServerRatis (XceiverServerRatis.java:handleLeaderChangedNotification(966)) - Leader change notification received for group: group-6061531EA8D4 with new leaderId: a0a780bc-4285-4c1f-be2a-f222fe59f73a
2024-04-26 07:43:53,941 [a0a780bc-4285-4c1f-be2a-f222fe59f73a@group-6061531EA8D4-LeaderElection26] INFO  server.RaftServer$Division (ServerState.java:setLeader(269)) - a0a780bc-4285-4c1f-be2a-f222fe59f73a@group-6061531EA8D4: change Leader from null to a0a780bc-4285-4c1f-be2a-f222fe59f73a at term 1 for becomeLeader, leader elected after 5066ms
2024-04-26 07:43:53,941 [a0a780bc-4285-4c1f-be2a-f222fe59f73a@group-6061531EA8D4-LeaderElection26] INFO  segmented.SegmentedRaftLogWorker (SegmentedRaftLogWorker.java:startLogSegment(430)) - a0a780bc-4285-4c1f-be2a-f222fe59f73a@group-6061531EA8D4-SegmentedRaftLogWorker: Starting segment from index:0
2024-04-26 07:43:53,941 [2f58e8cd-28e0-414a-bc84-31490c64287f@group-04F35EF3D096-StateMachineUpdater] INFO  server.RaftServer$Division (LeaderStateImpl.java:isApplied(320)) - leader is ready since appliedIndex == 0 >= startIndex == 0
2024-04-26 07:43:53,941 [a0a780bc-4285-4c1f-be2a-f222fe59f73a@group-6061531EA8D4-SegmentedRaftLogWorker] INFO  segmented.BufferedWriteChannel (BufferedWriteChannel.java:open(62)) - open log_inprogress_0 at position 0
2024-04-26 07:43:53,941 [a0a780bc-4285-4c1f-be2a-f222fe59f73a@group-6061531EA8D4-LeaderElection26] INFO  server.RaftServer$Division (ServerState.java:setRaftConf(386)) - a0a780bc-4285-4c1f-be2a-f222fe59f73a@group-6061531EA8D4: set configuration 0: peers:[a0a780bc-4285-4c1f-be2a-f222fe59f73a|127.0.0.1:15157]|listeners:[], old=null
2024-04-26 07:43:53,948 [a0a780bc-4285-4c1f-be2a-f222fe59f73a@group-6061531EA8D4-SegmentedRaftLogWorker] INFO  segmented.SegmentedRaftLogWorker (SegmentedRaftLogWorker.java:execute(634)) - a0a780bc-4285-4c1f-be2a-f222fe59f73a@group-6061531EA8D4-SegmentedRaftLogWorker: created new log segment /home/runner/work/ozone/ozone/hadoop-ozone/integration-test/target/test-dir/MiniOzoneClusterImpl-a56b3a23-5bf6-4b5b-a0fe-007206924a4e/ozone-meta/datanode-7/ratis/caf84b76-dddd-41f9-87e8-6061531ea8d4/current/log_inprogress_0
2024-04-26 07:43:53,949 [a0a780bc-4285-4c1f-be2a-f222fe59f73a@group-6061531EA8D4-StateMachineUpdater] INFO  server.RaftServer$Division (LeaderStateImpl.java:isApplied(320)) - leader is ready since appliedIndex == 0 >= startIndex == 0
2024-04-26 07:43:53,982 [fc9979d5-d948-4828-9511-0e4a1771ac5f@group-58785C267393-FollowerState] INFO  impl.FollowerState (FollowerState.java:run(143)) - fc9979d5-d948-4828-9511-0e4a1771ac5f@group-58785C267393-FollowerState: change to CANDIDATE, lastRpcElapsedTime:5070289902ns, electionTimeout:5068ms
2024-04-26 07:43:53,982 [fc9979d5-d948-4828-9511-0e4a1771ac5f@group-58785C267393-FollowerState] INFO  impl.RoleInfo (RoleInfo.java:shutdownFollowerState(110)) - fc9979d5-d948-4828-9511-0e4a1771ac5f: shutdown fc9979d5-d948-4828-9511-0e4a1771ac5f@group-58785C267393-FollowerState
2024-04-26 07:43:53,982 [fc9979d5-d948-4828-9511-0e4a1771ac5f@group-58785C267393-FollowerState] INFO  server.RaftServer$Division (RaftServerImpl.java:setRole(383)) - fc9979d5-d948-4828-9511-0e4a1771ac5f@group-58785C267393: changes role from  FOLLOWER to CANDIDATE at term 0 for changeToCandidate
2024-04-26 07:43:53,982 [fc9979d5-d948-4828-9511-0e4a1771ac5f@group-58785C267393-FollowerState] INFO  server.RaftServerConfigKeys (ConfUtils.java:logGet(46)) - raft.server.leaderelection.pre-vote = true (default)
2024-04-26 07:43:53,982 [fc9979d5-d948-4828-9511-0e4a1771ac5f@group-58785C267393-FollowerState] INFO  impl.RoleInfo (RoleInfo.java:updateAndGet(139)) - fc9979d5-d948-4828-9511-0e4a1771ac5f: start fc9979d5-d948-4828-9511-0e4a1771ac5f@group-58785C267393-LeaderElection27
2024-04-26 07:43:53,983 [fc9979d5-d948-4828-9511-0e4a1771ac5f@group-58785C267393-LeaderElection27] INFO  impl.LeaderElection (LeaderElection.java:askForVotes(321)) - fc9979d5-d948-4828-9511-0e4a1771ac5f@group-58785C267393-LeaderElection27 PRE_VOTE round 0: submit vote requests at term 0 for -1: peers:[fc9979d5-d948-4828-9511-0e4a1771ac5f|127.0.0.1:15166, 78187b2a-fdcc-4f64-b78e-e48d2135caff|127.0.0.1:15175, a0a780bc-4285-4c1f-be2a-f222fe59f73a|127.0.0.1:15157]|listeners:[], old=null
2024-04-26 07:43:53,983 [fc9979d5-d948-4828-9511-0e4a1771ac5f@group-58785C267393-LeaderElection27] INFO  server.RaftServerConfigKeys (ConfUtils.java:logFallback(53)) - raft.server.rpc.first-election.timeout.min = 5s (fallback to raft.server.rpc.timeout.min)
2024-04-26 07:43:53,983 [fc9979d5-d948-4828-9511-0e4a1771ac5f@group-58785C267393-LeaderElection27-2] INFO  server.GrpcServerProtocolClient (GrpcServerProtocolClient.java:<init>(65)) - Build channel for a0a780bc-4285-4c1f-be2a-f222fe59f73a|127.0.0.1:15157
2024-04-26 07:43:53,983 [fc9979d5-d948-4828-9511-0e4a1771ac5f@group-58785C267393-LeaderElection27] INFO  server.RaftServerConfigKeys (ConfUtils.java:logFallback(53)) - raft.server.rpc.first-election.timeout.max = 5200ms (fallback to raft.server.rpc.timeout.max)
2024-04-26 07:43:53,984 [fc9979d5-d948-4828-9511-0e4a1771ac5f@group-58785C267393-LeaderElection27-1] INFO  server.GrpcServerProtocolClient (GrpcServerProtocolClient.java:<init>(65)) - Build channel for 78187b2a-fdcc-4f64-b78e-e48d2135caff|127.0.0.1:15175
2024-04-26 07:43:53,987 [grpc-default-executor-4] INFO  server.RaftServer$Division (RaftServerImpl.java:requestVote(1389)) - 78187b2a-fdcc-4f64-b78e-e48d2135caff@group-58785C267393: receive requestVote(PRE_VOTE, fc9979d5-d948-4828-9511-0e4a1771ac5f, group-58785C267393, 0, (t:0, i:0))
2024-04-26 07:43:53,988 [grpc-default-executor-4] INFO  impl.VoteContext (VoteContext.java:log(49)) - 78187b2a-fdcc-4f64-b78e-e48d2135caff@group-58785C267393-FOLLOWER: reject PRE_VOTE from fc9979d5-d948-4828-9511-0e4a1771ac5f: our priority 1 > candidate's priority 0
2024-04-26 07:43:53,988 [grpc-default-executor-4] INFO  server.RaftServer$Division (RaftServerImpl.java:requestVote(1422)) - 78187b2a-fdcc-4f64-b78e-e48d2135caff@group-58785C267393 replies to PRE_VOTE vote request: fc9979d5-d948-4828-9511-0e4a1771ac5f<-78187b2a-fdcc-4f64-b78e-e48d2135caff#0:FAIL-t0. Peer's state: 78187b2a-fdcc-4f64-b78e-e48d2135caff@group-58785C267393:t0, leader=null, voted=, raftlog=Memoized:78187b2a-fdcc-4f64-b78e-e48d2135caff@group-58785C267393-SegmentedRaftLog:OPENED:c-1, conf=-1: peers:[fc9979d5-d948-4828-9511-0e4a1771ac5f|127.0.0.1:15166, 78187b2a-fdcc-4f64-b78e-e48d2135caff|127.0.0.1:15175, a0a780bc-4285-4c1f-be2a-f222fe59f73a|127.0.0.1:15157]|listeners:[], old=null
2024-04-26 07:43:53,988 [grpc-default-executor-4] INFO  server.RaftServer$Division (RaftServerImpl.java:requestVote(1389)) - a0a780bc-4285-4c1f-be2a-f222fe59f73a@group-58785C267393: receive requestVote(PRE_VOTE, fc9979d5-d948-4828-9511-0e4a1771ac5f, group-58785C267393, 0, (t:0, i:0))
2024-04-26 07:43:53,989 [grpc-default-executor-4] INFO  impl.VoteContext (VoteContext.java:log(49)) - a0a780bc-4285-4c1f-be2a-f222fe59f73a@group-58785C267393-FOLLOWER: accept PRE_VOTE from fc9979d5-d948-4828-9511-0e4a1771ac5f: our priority 0 <= candidate's priority 0
2024-04-26 07:43:53,989 [grpc-default-executor-4] INFO  server.RaftServer$Division (RaftServerImpl.java:requestVote(1422)) - a0a780bc-4285-4c1f-be2a-f222fe59f73a@group-58785C267393 replies to PRE_VOTE vote request: fc9979d5-d948-4828-9511-0e4a1771ac5f<-a0a780bc-4285-4c1f-be2a-f222fe59f73a#0:OK-t0. Peer's state: a0a780bc-4285-4c1f-be2a-f222fe59f73a@group-58785C267393:t0, leader=null, voted=, raftlog=Memoized:a0a780bc-4285-4c1f-be2a-f222fe59f73a@group-58785C267393-SegmentedRaftLog:OPENED:c-1, conf=-1: peers:[fc9979d5-d948-4828-9511-0e4a1771ac5f|127.0.0.1:15166, 78187b2a-fdcc-4f64-b78e-e48d2135caff|127.0.0.1:15175, a0a780bc-4285-4c1f-be2a-f222fe59f73a|127.0.0.1:15157]|listeners:[], old=null
2024-04-26 07:43:53,989 [fc9979d5-d948-4828-9511-0e4a1771ac5f@group-58785C267393-LeaderElection27] INFO  impl.LeaderElection (LeaderElection.java:logAndReturn(89)) - fc9979d5-d948-4828-9511-0e4a1771ac5f@group-58785C267393-LeaderElection27: PRE_VOTE REJECTED received 1 response(s) and 0 exception(s):
2024-04-26 07:43:53,989 [fc9979d5-d948-4828-9511-0e4a1771ac5f@group-58785C267393-LeaderElection27] INFO  impl.LeaderElection (LeaderElection.java:logAndReturn(93)) -   Response 0: fc9979d5-d948-4828-9511-0e4a1771ac5f<-78187b2a-fdcc-4f64-b78e-e48d2135caff#0:FAIL-t0
2024-04-26 07:43:53,989 [fc9979d5-d948-4828-9511-0e4a1771ac5f@group-58785C267393-LeaderElection27] INFO  impl.LeaderElection (LeaderElection.java:askForVotes(323)) - fc9979d5-d948-4828-9511-0e4a1771ac5f@group-58785C267393-LeaderElection27 PRE_VOTE round 0: result REJECTED
2024-04-26 07:43:53,989 [fc9979d5-d948-4828-9511-0e4a1771ac5f@group-58785C267393-LeaderElection27] INFO  server.RaftServer$Division (RaftServerImpl.java:setRole(383)) - fc9979d5-d948-4828-9511-0e4a1771ac5f@group-58785C267393: changes role from CANDIDATE to FOLLOWER at term 0 for REJECTED
2024-04-26 07:43:53,989 [fc9979d5-d948-4828-9511-0e4a1771ac5f@group-58785C267393-LeaderElection27] INFO  impl.RoleInfo (RoleInfo.java:shutdownLeaderElection(130)) - fc9979d5-d948-4828-9511-0e4a1771ac5f: shutdown fc9979d5-d948-4828-9511-0e4a1771ac5f@group-58785C267393-LeaderElection27
2024-04-26 07:43:53,989 [fc9979d5-d948-4828-9511-0e4a1771ac5f@group-58785C267393-LeaderElection27] INFO  impl.RoleInfo (RoleInfo.java:updateAndGet(139)) - fc9979d5-d948-4828-9511-0e4a1771ac5f: start fc9979d5-d948-4828-9511-0e4a1771ac5f@group-58785C267393-FollowerState
2024-04-26 07:43:53,989 [fc9979d5-d948-4828-9511-0e4a1771ac5f@group-58785C267393-LeaderElection27] INFO  server.RaftServer$Division (RaftServerImpl.java:setFirstElection(574)) - fc9979d5-d948-4828-9511-0e4a1771ac5f@group-58785C267393: set firstElectionSinceStartup to false for REJECTED
2024-04-26 07:43:54,005 [main] INFO  ozone.MiniOzoneClusterImpl (MiniOzoneClusterImpl.java:lambda$waitForClusterToBeReady$0(194)) - Nodes are ready. Got 9 of 9 DN Heartbeats.
2024-04-26 07:43:54,005 [main] INFO  ozone.MiniOzoneClusterImpl (MiniOzoneClusterImpl.java:lambda$waitForClusterToBeReady$0(197)) - Cluster exits safe mode
2024-04-26 07:43:54,005 [main] INFO  ozone.MiniOzoneClusterImpl (MiniOzoneClusterImpl.java:lambda$waitForClusterToBeReady$0(199)) - SCM became leader
2024-04-26 07:43:54,005 [main] INFO  protocolPB.OmTransportFactory (OmTransportFactory.java:createFactory(62)) - Loading OM transport implementation org.apache.hadoop.ozone.om.protocolPB.Hadoop3OmTransportFactory as specified by configuration.
2024-04-26 07:43:54,009 [main] INFO  rpc.RpcClient (RpcClient.java:createVolume(466)) - Creating Volume: watchforcommithandlingtest, with runner as owner and space quota set to -1 bytes, counts quota set to -1
2024-04-26 07:43:54,012 [om1-OMStateMachineApplyTransactionThread - 0] INFO  volume.OMVolumeCreateRequest (OMVolumeCreateRequest.java:validateAndUpdateCache(198)) - created volume:watchforcommithandlingtest for user:runner
2024-04-26 07:43:54,014 [main] INFO  rpc.RpcClient (RpcClient.java:createBucket(692)) - Creating Bucket: watchforcommithandlingtest/watchforcommithandlingtest, with server-side default bucket layout, runner as owner, Versioning false, Storage Type set to DISK and Encryption set to false, Replication Type set to server-side default replication type, Namespace Quota set to -1, Space Quota set to -1 
2024-04-26 07:43:54,016 [om1-OMStateMachineApplyTransactionThread - 0] INFO  bucket.OMBucketCreateRequest (OMBucketCreateRequest.java:validateAndUpdateCache(293)) - created bucket: watchforcommithandlingtest of layout FILE_SYSTEM_OPTIMIZED in volume: watchforcommithandlingtest
2024-04-26 07:43:54,022 [IPC Server handler 0 on default port 15089] INFO  ha.SequenceIdGenerator (SequenceIdGenerator.java:getNextId(145)) - Allocate a batch for containerId, change lastId from 0 to 1000.
2024-04-26 07:43:54,044 [14d9c642-7495-4fc5-a0b1-a63fd7fd9772-DatanodeStateMachineDaemonThread] WARN  statemachine.StateContext (StateContext.java:setState(262)) - Ignore disallowed transition from SHUTDOWN to RUNNING
2024-04-26 07:43:54,045 [main] INFO  ozoneimpl.OzoneContainer (OzoneContainer.java:stop(481)) - Attempting to stop container services.
2024-04-26 07:43:54,046 [ContainerMetadataScanner] WARN  ozoneimpl.AbstractBackgroundContainerScanner (AbstractBackgroundContainerScanner.java:handleRemainingSleep(134)) - Background container scan was interrupted.
2024-04-26 07:43:54,046 [ContainerMetadataScanner] INFO  ozoneimpl.AbstractBackgroundContainerScanner (AbstractBackgroundContainerScanner.java:run(61)) - Thread[ContainerMetadataScanner,5,main] exiting.
2024-04-26 07:43:54,046 [main] INFO  ozoneimpl.BackgroundContainerDataScanner (BackgroundContainerDataScanner.java:shutdown(141)) - ContainerDataScanner(/home/runner/work/ozone/ozone/hadoop-ozone/integration-test/target/test-dir/MiniOzoneClusterImpl-a56b3a23-5bf6-4b5b-a0fe-007206924a4e/ozone-meta/datanode-5/data-0/hdds) is shutting down. 
2024-04-26 07:43:54,047 [ContainerDataScanner(/home/runner/work/ozone/ozone/hadoop-ozone/integration-test/target/test-dir/MiniOzoneClusterImpl-a56b3a23-5bf6-4b5b-a0fe-007206924a4e/ozone-meta/datanode-5/data-0/hdds)] WARN  ozoneimpl.AbstractBackgroundContainerScanner (AbstractBackgroundContainerScanner.java:handleRemainingSleep(134)) - Background container scan was interrupted.
2024-04-26 07:43:54,047 [ContainerDataScanner(/home/runner/work/ozone/ozone/hadoop-ozone/integration-test/target/test-dir/MiniOzoneClusterImpl-a56b3a23-5bf6-4b5b-a0fe-007206924a4e/ozone-meta/datanode-5/data-0/hdds)] INFO  ozoneimpl.AbstractBackgroundContainerScanner (AbstractBackgroundContainerScanner.java:run(61)) - ContainerDataScanner(/home/runner/work/ozone/ozone/hadoop-ozone/integration-test/target/test-dir/MiniOzoneClusterImpl-a56b3a23-5bf6-4b5b-a0fe-007206924a4e/ozone-meta/datanode-5/data-0/hdds, DS-bd12a281-37bf-46f1-b888-9edb751ed84d) exiting.
2024-04-26 07:43:54,047 [main] INFO  ozoneimpl.OnDemandContainerDataScanner (OnDemandContainerDataScanner.java:shutdownScanner(206)) - On-demand container scanner is shutting down.
2024-04-26 07:43:54,048 [main] INFO  server.RaftServer (RaftServerProxy.java:lambda$close$9(416)) - 14d9c642-7495-4fc5-a0b1-a63fd7fd9772: close
2024-04-26 07:43:54,048 [main] INFO  server.GrpcService (GrpcService.java:closeImpl(311)) - 14d9c642-7495-4fc5-a0b1-a63fd7fd9772: shutdown server org.apache.ratis.grpc.server.GrpcClientProtocolService now
2024-04-26 07:43:54,048 [14d9c642-7495-4fc5-a0b1-a63fd7fd9772-impl-thread1] INFO  server.RaftServer$Division (RaftServerImpl.java:lambda$close$3(526)) - 14d9c642-7495-4fc5-a0b1-a63fd7fd9772@group-92B9C4CB7A94: shutdown
2024-04-26 07:43:54,048 [14d9c642-7495-4fc5-a0b1-a63fd7fd9772-impl-thread1] INFO  util.JmxRegister (JmxRegister.java:unregister(73)) - Successfully un-registered JMX Bean with object name Ratis:service=RaftServer,group=group-92B9C4CB7A94,id=14d9c642-7495-4fc5-a0b1-a63fd7fd9772
2024-04-26 07:43:54,048 [14d9c642-7495-4fc5-a0b1-a63fd7fd9772-impl-thread1] INFO  impl.RoleInfo (RoleInfo.java:shutdownLeaderState(94)) - 14d9c642-7495-4fc5-a0b1-a63fd7fd9772: shutdown 14d9c642-7495-4fc5-a0b1-a63fd7fd9772@group-92B9C4CB7A94-LeaderStateImpl
2024-04-26 07:43:54,048 [14d9c642-7495-4fc5-a0b1-a63fd7fd9772-impl-thread1] INFO  impl.PendingRequests (PendingRequests.java:sendNotLeaderResponses(289)) - 14d9c642-7495-4fc5-a0b1-a63fd7fd9772@group-92B9C4CB7A94-PendingRequests: sendNotLeaderResponses
2024-04-26 07:43:54,048 [14d9c642-7495-4fc5-a0b1-a63fd7fd9772-impl-thread2] INFO  server.RaftServer$Division (RaftServerImpl.java:lambda$close$3(526)) - 14d9c642-7495-4fc5-a0b1-a63fd7fd9772@group-8681D727A52F: shutdown
2024-04-26 07:43:54,049 [14d9c642-7495-4fc5-a0b1-a63fd7fd9772-impl-thread2] INFO  util.JmxRegister (JmxRegister.java:unregister(73)) - Successfully un-registered JMX Bean with object name Ratis:service=RaftServer,group=group-8681D727A52F,id=14d9c642-7495-4fc5-a0b1-a63fd7fd9772
2024-04-26 07:43:54,049 [14d9c642-7495-4fc5-a0b1-a63fd7fd9772@group-92B9C4CB7A94-StateMachineUpdater] INFO  ratis.ContainerStateMachine (ContainerStateMachine.java:takeSnapshot(355)) - group-92B9C4CB7A94: Taking a snapshot at:(t:1, i:0) file /home/runner/work/ozone/ozone/hadoop-ozone/integration-test/target/test-dir/MiniOzoneClusterImpl-a56b3a23-5bf6-4b5b-a0fe-007206924a4e/ozone-meta/datanode-5/ratis/403c005a-4e0b-4773-b31c-92b9c4cb7a94/sm/snapshot.1_0
2024-04-26 07:43:54,049 [14d9c642-7495-4fc5-a0b1-a63fd7fd9772-impl-thread2] INFO  impl.RoleInfo (RoleInfo.java:shutdownFollowerState(110)) - 14d9c642-7495-4fc5-a0b1-a63fd7fd9772: shutdown 14d9c642-7495-4fc5-a0b1-a63fd7fd9772@group-8681D727A52F-FollowerState
2024-04-26 07:43:54,049 [14d9c642-7495-4fc5-a0b1-a63fd7fd9772@group-8681D727A52F-StateMachineUpdater] INFO  ratis.ContainerStateMachine (ContainerStateMachine.java:takeSnapshot(355)) - group-8681D727A52F: Taking a snapshot at:(t:1, i:1) file /home/runner/work/ozone/ozone/hadoop-ozone/integration-test/target/test-dir/MiniOzoneClusterImpl-a56b3a23-5bf6-4b5b-a0fe-007206924a4e/ozone-meta/datanode-5/ratis/06776fe5-cc01-4eb7-ac51-8681d727a52f/sm/snapshot.1_1
2024-04-26 07:43:54,049 [14d9c642-7495-4fc5-a0b1-a63fd7fd9772@group-92B9C4CB7A94-StateMachineUpdater] INFO  ratis.ContainerStateMachine (ContainerStateMachine.java:takeSnapshot(366)) - group-92B9C4CB7A94: Finished taking a snapshot at:(t:1, i:0) file:/home/runner/work/ozone/ozone/hadoop-ozone/integration-test/target/test-dir/MiniOzoneClusterImpl-a56b3a23-5bf6-4b5b-a0fe-007206924a4e/ozone-meta/datanode-5/ratis/403c005a-4e0b-4773-b31c-92b9c4cb7a94/sm/snapshot.1_0 took: 1 ms
2024-04-26 07:43:54,050 [14d9c642-7495-4fc5-a0b1-a63fd7fd9772@group-92B9C4CB7A94-StateMachineUpdater] INFO  impl.StateMachineUpdater (StateMachineUpdater.java:takeSnapshot(295)) - 14d9c642-7495-4fc5-a0b1-a63fd7fd9772@group-92B9C4CB7A94-StateMachineUpdater: Took a snapshot at index 0
2024-04-26 07:43:54,050 [14d9c642-7495-4fc5-a0b1-a63fd7fd9772@group-92B9C4CB7A94-StateMachineUpdater] INFO  impl.StateMachineUpdater (StateMachineUpdater.java:lambda$new$0(98)) - 14d9c642-7495-4fc5-a0b1-a63fd7fd9772@group-92B9C4CB7A94-StateMachineUpdater: snapshotIndex: updateIncreasingly -1 -> 0
2024-04-26 07:43:54,049 [14d9c642-7495-4fc5-a0b1-a63fd7fd9772-impl-thread1] INFO  impl.StateMachineUpdater (StateMachineUpdater.java:stopAndJoin(157)) - 14d9c642-7495-4fc5-a0b1-a63fd7fd9772@group-92B9C4CB7A94-StateMachineUpdater: set stopIndex = 0
2024-04-26 07:43:54,049 [14d9c642-7495-4fc5-a0b1-a63fd7fd9772@group-8681D727A52F-FollowerState] INFO  impl.FollowerState (FollowerState.java:run(152)) - 14d9c642-7495-4fc5-a0b1-a63fd7fd9772@group-8681D727A52F-FollowerState was interrupted
2024-04-26 07:43:54,050 [14d9c642-7495-4fc5-a0b1-a63fd7fd9772-impl-thread1] INFO  server.RaftServer$Division (ServerState.java:close(427)) - 14d9c642-7495-4fc5-a0b1-a63fd7fd9772@group-92B9C4CB7A94: applyIndex: 0
2024-04-26 07:43:54,050 [14d9c642-7495-4fc5-a0b1-a63fd7fd9772@group-92B9C4CB7A94-cacheEviction-AwaitToRun] INFO  util.AwaitToRun (AwaitToRun.java:run(49)) - 14d9c642-7495-4fc5-a0b1-a63fd7fd9772@group-92B9C4CB7A94-cacheEviction-AwaitToRun-AwaitForSignal is interrupted
2024-04-26 07:43:54,050 [14d9c642-7495-4fc5-a0b1-a63fd7fd9772-impl-thread2] INFO  impl.StateMachineUpdater (StateMachineUpdater.java:stopAndJoin(157)) - 14d9c642-7495-4fc5-a0b1-a63fd7fd9772@group-8681D727A52F-StateMachineUpdater: set stopIndex = 1
2024-04-26 07:43:54,050 [14d9c642-7495-4fc5-a0b1-a63fd7fd9772@group-8681D727A52F-StateMachineUpdater] INFO  ratis.ContainerStateMachine (ContainerStateMachine.java:takeSnapshot(366)) - group-8681D727A52F: Finished taking a snapshot at:(t:1, i:1) file:/home/runner/work/ozone/ozone/hadoop-ozone/integration-test/target/test-dir/MiniOzoneClusterImpl-a56b3a23-5bf6-4b5b-a0fe-007206924a4e/ozone-meta/datanode-5/ratis/06776fe5-cc01-4eb7-ac51-8681d727a52f/sm/snapshot.1_1 took: 2 ms
2024-04-26 07:43:54,050 [main] INFO  server.GrpcService (GrpcService.java:closeImpl(320)) - 14d9c642-7495-4fc5-a0b1-a63fd7fd9772: shutdown server org.apache.ratis.grpc.server.GrpcClientProtocolService successfully
2024-04-26 07:43:54,050 [14d9c642-7495-4fc5-a0b1-a63fd7fd9772@group-8681D727A52F-StateMachineUpdater] INFO  impl.StateMachineUpdater (StateMachineUpdater.java:takeSnapshot(295)) - 14d9c642-7495-4fc5-a0b1-a63fd7fd9772@group-8681D727A52F-StateMachineUpdater: Took a snapshot at index 1
2024-04-26 07:43:54,051 [14d9c642-7495-4fc5-a0b1-a63fd7fd9772@group-8681D727A52F-StateMachineUpdater] INFO  impl.StateMachineUpdater (StateMachineUpdater.java:lambda$new$0(98)) - 14d9c642-7495-4fc5-a0b1-a63fd7fd9772@group-8681D727A52F-StateMachineUpdater: snapshotIndex: updateIncreasingly -1 -> 1
2024-04-26 07:43:54,051 [main] INFO  server.GrpcService (GrpcService.java:closeImpl(311)) - 14d9c642-7495-4fc5-a0b1-a63fd7fd9772: shutdown server GrpcServerProtocolService now
2024-04-26 07:43:54,051 [grpc-default-executor-3] WARN  server.GrpcServerProtocolService (LogUtils.java:warn(121)) - 14d9c642-7495-4fc5-a0b1-a63fd7fd9772: APPEND_ENTRIES onError, lastRequest: null: org.apache.ratis.thirdparty.io.grpc.StatusRuntimeException: CANCELLED: client cancelled
2024-04-26 07:43:54,051 [grpc-default-executor-2] WARN  server.GrpcServerProtocolService (LogUtils.java:warn(121)) - 14d9c642-7495-4fc5-a0b1-a63fd7fd9772: APPEND_ENTRIES onError, lastRequest: 84e7e7d6-61bf-4ff4-b705-307942077190->14d9c642-7495-4fc5-a0b1-a63fd7fd9772#5-t1,previous=(t:1, i:1),leaderCommit=1,initializing? false,entries: size=1, first=(t:1, i:2), METADATAENTRY(c:1): org.apache.ratis.thirdparty.io.grpc.StatusRuntimeException: CANCELLED: client cancelled
2024-04-26 07:43:54,052 [grpc-default-executor-3] WARN  server.GrpcLogAppender (LogUtils.java:warn(121)) - 84e7e7d6-61bf-4ff4-b705-307942077190@group-8681D727A52F->14d9c642-7495-4fc5-a0b1-a63fd7fd9772-AppendLogResponseHandler: Failed appendEntries: org.apache.ratis.thirdparty.io.grpc.StatusRuntimeException: CANCELLED: RST_STREAM closed stream. HTTP/2 error code: CANCEL
2024-04-26 07:43:54,052 [grpc-default-executor-1] WARN  server.GrpcLogAppender (GrpcLogAppender.java:lambda$resetClient$1(217)) - 84e7e7d6-61bf-4ff4-b705-307942077190@group-8681D727A52F->14d9c642-7495-4fc5-a0b1-a63fd7fd9772-GrpcLogAppender: Follower failed (request=null, errorCount=1); keep nextIndex (3) unchanged and retry.
2024-04-26 07:43:54,052 [14d9c642-7495-4fc5-a0b1-a63fd7fd9772-impl-thread2] INFO  server.RaftServer$Division (ServerState.java:close(427)) - 14d9c642-7495-4fc5-a0b1-a63fd7fd9772@group-8681D727A52F: applyIndex: 1
2024-04-26 07:43:54,052 [14d9c642-7495-4fc5-a0b1-a63fd7fd9772@group-8681D727A52F-cacheEviction-AwaitToRun] INFO  util.AwaitToRun (AwaitToRun.java:run(49)) - 14d9c642-7495-4fc5-a0b1-a63fd7fd9772@group-8681D727A52F-cacheEviction-AwaitToRun-AwaitForSignal is interrupted
2024-04-26 07:43:54,057 [main] INFO  server.GrpcService (GrpcService.java:closeImpl(320)) - 14d9c642-7495-4fc5-a0b1-a63fd7fd9772: shutdown server GrpcServerProtocolService successfully
2024-04-26 07:43:54,057 [main] INFO  server.GrpcService (GrpcService.java:closeImpl(311)) - 14d9c642-7495-4fc5-a0b1-a63fd7fd9772: shutdown server org.apache.ratis.grpc.server.GrpcAdminProtocolService now
2024-04-26 07:43:54,058 [main] INFO  server.GrpcService (GrpcService.java:closeImpl(320)) - 14d9c642-7495-4fc5-a0b1-a63fd7fd9772: shutdown server org.apache.ratis.grpc.server.GrpcAdminProtocolService successfully
2024-04-26 07:43:54,064 [78187b2a-fdcc-4f64-b78e-e48d2135caff@group-69BC410565A2-FollowerState] INFO  impl.FollowerState (FollowerState.java:run(143)) - 78187b2a-fdcc-4f64-b78e-e48d2135caff@group-69BC410565A2-FollowerState: change to CANDIDATE, lastRpcElapsedTime:5051239316ns, electionTimeout:5050ms
2024-04-26 07:43:54,064 [78187b2a-fdcc-4f64-b78e-e48d2135caff@group-69BC410565A2-FollowerState] INFO  impl.RoleInfo (RoleInfo.java:shutdownFollowerState(110)) - 78187b2a-fdcc-4f64-b78e-e48d2135caff: shutdown 78187b2a-fdcc-4f64-b78e-e48d2135caff@group-69BC410565A2-FollowerState
2024-04-26 07:43:54,064 [78187b2a-fdcc-4f64-b78e-e48d2135caff@group-69BC410565A2-FollowerState] INFO  server.RaftServer$Division (RaftServerImpl.java:setRole(383)) - 78187b2a-fdcc-4f64-b78e-e48d2135caff@group-69BC410565A2: changes role from  FOLLOWER to CANDIDATE at term 0 for changeToCandidate
2024-04-26 07:43:54,064 [78187b2a-fdcc-4f64-b78e-e48d2135caff@group-69BC410565A2-FollowerState] INFO  server.RaftServerConfigKeys (ConfUtils.java:logGet(46)) - raft.server.leaderelection.pre-vote = true (default)
2024-04-26 07:43:54,064 [78187b2a-fdcc-4f64-b78e-e48d2135caff@group-69BC410565A2-FollowerState] INFO  impl.RoleInfo (RoleInfo.java:updateAndGet(139)) - 78187b2a-fdcc-4f64-b78e-e48d2135caff: start 78187b2a-fdcc-4f64-b78e-e48d2135caff@group-69BC410565A2-LeaderElection28
2024-04-26 07:43:54,065 [78187b2a-fdcc-4f64-b78e-e48d2135caff@group-69BC410565A2-LeaderElection28] INFO  impl.LeaderElection (LeaderElection.java:askForVotes(321)) - 78187b2a-fdcc-4f64-b78e-e48d2135caff@group-69BC410565A2-LeaderElection28 PRE_VOTE round 0: submit vote requests at term 0 for -1: peers:[78187b2a-fdcc-4f64-b78e-e48d2135caff|127.0.0.1:15175]|listeners:[], old=null
2024-04-26 07:43:54,066 [78187b2a-fdcc-4f64-b78e-e48d2135caff@group-69BC410565A2-LeaderElection28] INFO  impl.LeaderElection (LeaderElection.java:askForVotes(323)) - 78187b2a-fdcc-4f64-b78e-e48d2135caff@group-69BC410565A2-LeaderElection28 PRE_VOTE round 0: result PASSED (term=0)
2024-04-26 07:43:54,067 [78187b2a-fdcc-4f64-b78e-e48d2135caff@group-69BC410565A2-LeaderElection28] INFO  impl.LeaderElection (LeaderElection.java:askForVotes(321)) - 78187b2a-fdcc-4f64-b78e-e48d2135caff@group-69BC410565A2-LeaderElection28 ELECTION round 0: submit vote requests at term 1 for -1: peers:[78187b2a-fdcc-4f64-b78e-e48d2135caff|127.0.0.1:15175]|listeners:[], old=null
2024-04-26 07:43:54,067 [78187b2a-fdcc-4f64-b78e-e48d2135caff@group-69BC410565A2-LeaderElection28] INFO  impl.LeaderElection (LeaderElection.java:askForVotes(323)) - 78187b2a-fdcc-4f64-b78e-e48d2135caff@group-69BC410565A2-LeaderElection28 ELECTION round 0: result PASSED (term=1)
2024-04-26 07:43:54,067 [78187b2a-fdcc-4f64-b78e-e48d2135caff@group-69BC410565A2-LeaderElection28] INFO  impl.RoleInfo (RoleInfo.java:shutdownLeaderElection(130)) - 78187b2a-fdcc-4f64-b78e-e48d2135caff: shutdown 78187b2a-fdcc-4f64-b78e-e48d2135caff@group-69BC410565A2-LeaderElection28
2024-04-26 07:43:54,067 [78187b2a-fdcc-4f64-b78e-e48d2135caff@group-69BC410565A2-LeaderElection28] INFO  server.RaftServer$Division (RaftServerImpl.java:setRole(383)) - 78187b2a-fdcc-4f64-b78e-e48d2135caff@group-69BC410565A2: changes role from CANDIDATE to LEADER at term 1 for changeToLeader
2024-04-26 07:43:54,067 [78187b2a-fdcc-4f64-b78e-e48d2135caff@group-69BC410565A2-LeaderElection28] INFO  server.RaftServerConfigKeys (ConfUtils.java:logGet(46)) - raft.server.staging.catchup.gap = 1000 (default)
2024-04-26 07:43:54,067 [78187b2a-fdcc-4f64-b78e-e48d2135caff@group-69BC410565A2-LeaderElection28] INFO  server.RaftServerConfigKeys (ConfUtils.java:logGet(46)) - raft.server.write.element-limit = 1024 (custom)
2024-04-26 07:43:54,067 [78187b2a-fdcc-4f64-b78e-e48d2135caff@group-69BC410565A2-LeaderElection28] INFO  server.RaftServerConfigKeys (ConfUtils.java:logGet(46)) - raft.server.write.byte-limit = 1024 M (=1073741824) (custom)
2024-04-26 07:43:54,068 [78187b2a-fdcc-4f64-b78e-e48d2135caff@group-69BC410565A2-LeaderElection28] INFO  server.RaftServerConfigKeys (ConfUtils.java:logGet(46)) - raft.server.watch.timeout = 3000ms (custom)
2024-04-26 07:43:54,068 [78187b2a-fdcc-4f64-b78e-e48d2135caff@group-69BC410565A2-LeaderElection28] INFO  server.RaftServerConfigKeys (ConfUtils.java:logGet(46)) - raft.server.watch.timeout.denomination = 1s (default)
2024-04-26 07:43:54,068 [78187b2a-fdcc-4f64-b78e-e48d2135caff@group-69BC410565A2-LeaderElection28] INFO  server.RaftServerConfigKeys (ConfUtils.java:logGet(46)) - raft.server.watch.element-limit = 65536 (default)
2024-04-26 07:43:54,068 [78187b2a-fdcc-4f64-b78e-e48d2135caff@group-69BC410565A2-LeaderElection28] INFO  server.RaftServerConfigKeys (ConfUtils.java:logGet(46)) - raft.server.read.leader.lease.enabled = false (default)
2024-04-26 07:43:54,068 [78187b2a-fdcc-4f64-b78e-e48d2135caff@group-69BC410565A2-LeaderElection28] INFO  server.RaftServerConfigKeys (ConfUtils.java:logGet(46)) - raft.server.read.leader.lease.timeout.ratio = 0.9 (default)
2024-04-26 07:43:54,068 [78187b2a-fdcc-4f64-b78e-e48d2135caff@group-69BC410565A2-LeaderElection28] INFO  server.RaftServerConfigKeys (ConfUtils.java:logGet(46)) - raft.server.rpc.timeout.min = 5s (custom)
2024-04-26 07:43:54,068 [78187b2a-fdcc-4f64-b78e-e48d2135caff@group-69BC410565A2-LeaderElection28] INFO  server.RaftServerConfigKeys (ConfUtils.java:logGet(46)) - raft.server.write.element-limit = 1024 (custom)
2024-04-26 07:43:54,068 [78187b2a-fdcc-4f64-b78e-e48d2135caff@group-69BC410565A2-LeaderElection28] INFO  server.RaftServerConfigKeys (ConfUtils.java:logGet(46)) - raft.server.write.follower.gap.ratio.max = -1.0 (default)
2024-04-26 07:43:54,068 [78187b2a-fdcc-4f64-b78e-e48d2135caff@group-69BC410565A2-LeaderElection28] INFO  impl.RoleInfo (RoleInfo.java:updateAndGet(139)) - 78187b2a-fdcc-4f64-b78e-e48d2135caff: start 78187b2a-fdcc-4f64-b78e-e48d2135caff@group-69BC410565A2-LeaderStateImpl
2024-04-26 07:43:54,068 [78187b2a-fdcc-4f64-b78e-e48d2135caff@group-69BC410565A2-LeaderElection28] INFO  server.RaftServer$Division (RaftServerImpl.java:setFirstElection(574)) - 78187b2a-fdcc-4f64-b78e-e48d2135caff@group-69BC410565A2: set firstElectionSinceStartup to false for becomeLeader
2024-04-26 07:43:54,069 [78187b2a-fdcc-4f64-b78e-e48d2135caff@group-69BC410565A2-LeaderElection28] INFO  ratis.XceiverServerRatis (XceiverServerRatis.java:handleLeaderChangedNotification(966)) - Leader change notification received for group: group-69BC410565A2 with new leaderId: 78187b2a-fdcc-4f64-b78e-e48d2135caff
2024-04-26 07:43:54,069 [78187b2a-fdcc-4f64-b78e-e48d2135caff@group-69BC410565A2-LeaderElection28] INFO  server.RaftServer$Division (ServerState.java:setLeader(269)) - 78187b2a-fdcc-4f64-b78e-e48d2135caff@group-69BC410565A2: change Leader from null to 78187b2a-fdcc-4f64-b78e-e48d2135caff at term 1 for becomeLeader, leader elected after 5066ms
2024-04-26 07:43:54,069 [78187b2a-fdcc-4f64-b78e-e48d2135caff@group-69BC410565A2-LeaderElection28] INFO  segmented.SegmentedRaftLogWorker (SegmentedRaftLogWorker.java:startLogSegment(430)) - 78187b2a-fdcc-4f64-b78e-e48d2135caff@group-69BC410565A2-SegmentedRaftLogWorker: Starting segment from index:0
2024-04-26 07:43:54,069 [78187b2a-fdcc-4f64-b78e-e48d2135caff@group-69BC410565A2-SegmentedRaftLogWorker] INFO  segmented.BufferedWriteChannel (BufferedWriteChannel.java:open(62)) - open log_inprogress_0 at position 0
2024-04-26 07:43:54,073 [78187b2a-fdcc-4f64-b78e-e48d2135caff@group-69BC410565A2-LeaderElection28] INFO  server.RaftServer$Division (ServerState.java:setRaftConf(386)) - 78187b2a-fdcc-4f64-b78e-e48d2135caff@group-69BC410565A2: set configuration 0: peers:[78187b2a-fdcc-4f64-b78e-e48d2135caff|127.0.0.1:15175]|listeners:[], old=null
2024-04-26 07:43:54,076 [14d9c642-7495-4fc5-a0b1-a63fd7fd9772-NettyServerStreamRpc-bossGroup--thread1] INFO  logging.LoggingHandler (AbstractInternalLogger.java:log(148)) - [id: 0xefd2f5c2, L:/0.0.0.0:15140] CLOSE
2024-04-26 07:43:54,076 [14d9c642-7495-4fc5-a0b1-a63fd7fd9772-NettyServerStreamRpc-bossGroup--thread1] INFO  logging.LoggingHandler (AbstractInternalLogger.java:log(148)) - [id: 0xefd2f5c2, L:/0.0.0.0:15140] INACTIVE
2024-04-26 07:43:54,076 [14d9c642-7495-4fc5-a0b1-a63fd7fd9772-NettyServerStreamRpc-bossGroup--thread1] INFO  logging.LoggingHandler (AbstractInternalLogger.java:log(148)) - [id: 0xefd2f5c2, L:/0.0.0.0:15140] UNREGISTERED
2024-04-26 07:43:54,077 [78187b2a-fdcc-4f64-b78e-e48d2135caff@group-69BC410565A2-SegmentedRaftLogWorker] INFO  segmented.SegmentedRaftLogWorker (SegmentedRaftLogWorker.java:execute(634)) - 78187b2a-fdcc-4f64-b78e-e48d2135caff@group-69BC410565A2-SegmentedRaftLogWorker: created new log segment /home/runner/work/ozone/ozone/hadoop-ozone/integration-test/target/test-dir/MiniOzoneClusterImpl-a56b3a23-5bf6-4b5b-a0fe-007206924a4e/ozone-meta/datanode-9/ratis/b15d20e7-19ba-465e-a4d1-69bc410565a2/current/log_inprogress_0
2024-04-26 07:43:54,081 [78187b2a-fdcc-4f64-b78e-e48d2135caff@group-69BC410565A2-StateMachineUpdater] INFO  server.RaftServer$Division (LeaderStateImpl.java:isApplied(320)) - leader is ready since appliedIndex == 0 >= startIndex == 0
2024-04-26 07:43:54,093 [a0a780bc-4285-4c1f-be2a-f222fe59f73a@group-58785C267393-FollowerState] INFO  server.RaftServerConfigKeys (ConfUtils.java:logFallback(53)) - raft.server.rpc.first-election.timeout.min = 5s (fallback to raft.server.rpc.timeout.min)
2024-04-26 07:43:54,093 [a0a780bc-4285-4c1f-be2a-f222fe59f73a@group-58785C267393-FollowerState] INFO  server.RaftServerConfigKeys (ConfUtils.java:logFallback(53)) - raft.server.rpc.first-election.timeout.max = 5200ms (fallback to raft.server.rpc.timeout.max)
2024-04-26 07:43:54,110 [78187b2a-fdcc-4f64-b78e-e48d2135caff@group-58785C267393-FollowerState] INFO  impl.FollowerState (FollowerState.java:run(143)) - 78187b2a-fdcc-4f64-b78e-e48d2135caff@group-58785C267393-FollowerState: change to CANDIDATE, lastRpcElapsedTime:5180347802ns, electionTimeout:5180ms
2024-04-26 07:43:54,110 [78187b2a-fdcc-4f64-b78e-e48d2135caff@group-58785C267393-FollowerState] INFO  impl.RoleInfo (RoleInfo.java:shutdownFollowerState(110)) - 78187b2a-fdcc-4f64-b78e-e48d2135caff: shutdown 78187b2a-fdcc-4f64-b78e-e48d2135caff@group-58785C267393-FollowerState
2024-04-26 07:43:54,110 [78187b2a-fdcc-4f64-b78e-e48d2135caff@group-58785C267393-FollowerState] INFO  server.RaftServer$Division (RaftServerImpl.java:setRole(383)) - 78187b2a-fdcc-4f64-b78e-e48d2135caff@group-58785C267393: changes role from  FOLLOWER to CANDIDATE at term 0 for changeToCandidate
2024-04-26 07:43:54,110 [78187b2a-fdcc-4f64-b78e-e48d2135caff@group-58785C267393-FollowerState] INFO  server.RaftServerConfigKeys (ConfUtils.java:logGet(46)) - raft.server.leaderelection.pre-vote = true (default)
2024-04-26 07:43:54,110 [78187b2a-fdcc-4f64-b78e-e48d2135caff@group-58785C267393-FollowerState] INFO  impl.RoleInfo (RoleInfo.java:updateAndGet(139)) - 78187b2a-fdcc-4f64-b78e-e48d2135caff: start 78187b2a-fdcc-4f64-b78e-e48d2135caff@group-58785C267393-LeaderElection29
2024-04-26 07:43:54,111 [78187b2a-fdcc-4f64-b78e-e48d2135caff@group-58785C267393-LeaderElection29] INFO  impl.LeaderElection (LeaderElection.java:askForVotes(321)) - 78187b2a-fdcc-4f64-b78e-e48d2135caff@group-58785C267393-LeaderElection29 PRE_VOTE round 0: submit vote requests at term 0 for -1: peers:[fc9979d5-d948-4828-9511-0e4a1771ac5f|127.0.0.1:15166, 78187b2a-fdcc-4f64-b78e-e48d2135caff|127.0.0.1:15175, a0a780bc-4285-4c1f-be2a-f222fe59f73a|127.0.0.1:15157]|listeners:[], old=null
2024-04-26 07:43:54,111 [78187b2a-fdcc-4f64-b78e-e48d2135caff@group-58785C267393-LeaderElection29-1] INFO  server.GrpcServerProtocolClient (GrpcServerProtocolClient.java:<init>(65)) - Build channel for fc9979d5-d948-4828-9511-0e4a1771ac5f|127.0.0.1:15166
2024-04-26 07:43:54,111 [78187b2a-fdcc-4f64-b78e-e48d2135caff@group-58785C267393-LeaderElection29] INFO  server.RaftServerConfigKeys (ConfUtils.java:logFallback(53)) - raft.server.rpc.first-election.timeout.min = 5s (fallback to raft.server.rpc.timeout.min)
2024-04-26 07:43:54,111 [78187b2a-fdcc-4f64-b78e-e48d2135caff@group-58785C267393-LeaderElection29] INFO  server.RaftServerConfigKeys (ConfUtils.java:logFallback(53)) - raft.server.rpc.first-election.timeout.max = 5200ms (fallback to raft.server.rpc.timeout.max)
2024-04-26 07:43:54,111 [78187b2a-fdcc-4f64-b78e-e48d2135caff@group-58785C267393-LeaderElection29-2] INFO  server.GrpcServerProtocolClient (GrpcServerProtocolClient.java:<init>(65)) - Build channel for a0a780bc-4285-4c1f-be2a-f222fe59f73a|127.0.0.1:15157
2024-04-26 07:43:54,115 [fc9979d5-d948-4828-9511-0e4a1771ac5f@group-E360D5CF0D9D-FollowerState] INFO  impl.FollowerState (FollowerState.java:run(143)) - fc9979d5-d948-4828-9511-0e4a1771ac5f@group-E360D5CF0D9D-FollowerState: change to CANDIDATE, lastRpcElapsedTime:5165550529ns, electionTimeout:5161ms
2024-04-26 07:43:54,115 [fc9979d5-d948-4828-9511-0e4a1771ac5f@group-E360D5CF0D9D-FollowerState] INFO  impl.RoleInfo (RoleInfo.java:shutdownFollowerState(110)) - fc9979d5-d948-4828-9511-0e4a1771ac5f: shutdown fc9979d5-d948-4828-9511-0e4a1771ac5f@group-E360D5CF0D9D-FollowerState
2024-04-26 07:43:54,115 [fc9979d5-d948-4828-9511-0e4a1771ac5f@group-E360D5CF0D9D-FollowerState] INFO  server.RaftServer$Division (RaftServerImpl.java:setRole(383)) - fc9979d5-d948-4828-9511-0e4a1771ac5f@group-E360D5CF0D9D: changes role from  FOLLOWER to CANDIDATE at term 0 for changeToCandidate
2024-04-26 07:43:54,115 [fc9979d5-d948-4828-9511-0e4a1771ac5f@group-E360D5CF0D9D-FollowerState] INFO  server.RaftServerConfigKeys (ConfUtils.java:logGet(46)) - raft.server.leaderelection.pre-vote = true (default)
2024-04-26 07:43:54,115 [fc9979d5-d948-4828-9511-0e4a1771ac5f@group-E360D5CF0D9D-FollowerState] INFO  impl.RoleInfo (RoleInfo.java:updateAndGet(139)) - fc9979d5-d948-4828-9511-0e4a1771ac5f: start fc9979d5-d948-4828-9511-0e4a1771ac5f@group-E360D5CF0D9D-LeaderElection30
2024-04-26 07:43:54,117 [grpc-default-executor-1] INFO  server.RaftServer$Division (RaftServerImpl.java:requestVote(1389)) - a0a780bc-4285-4c1f-be2a-f222fe59f73a@group-58785C267393: receive requestVote(PRE_VOTE, 78187b2a-fdcc-4f64-b78e-e48d2135caff, group-58785C267393, 0, (t:0, i:0))
2024-04-26 07:43:54,117 [grpc-default-executor-1] INFO  impl.VoteContext (VoteContext.java:log(49)) - a0a780bc-4285-4c1f-be2a-f222fe59f73a@group-58785C267393-FOLLOWER: accept PRE_VOTE from 78187b2a-fdcc-4f64-b78e-e48d2135caff: our priority 0 <= candidate's priority 1
2024-04-26 07:43:54,117 [fc9979d5-d948-4828-9511-0e4a1771ac5f@group-E360D5CF0D9D-LeaderElection30] INFO  impl.LeaderElection (LeaderElection.java:askForVotes(321)) - fc9979d5-d948-4828-9511-0e4a1771ac5f@group-E360D5CF0D9D-LeaderElection30 PRE_VOTE round 0: submit vote requests at term 0 for -1: peers:[fc9979d5-d948-4828-9511-0e4a1771ac5f|127.0.0.1:15166]|listeners:[], old=null
2024-04-26 07:43:54,117 [grpc-default-executor-1] INFO  server.RaftServer$Division (RaftServerImpl.java:requestVote(1422)) - a0a780bc-4285-4c1f-be2a-f222fe59f73a@group-58785C267393 replies to PRE_VOTE vote request: 78187b2a-fdcc-4f64-b78e-e48d2135caff<-a0a780bc-4285-4c1f-be2a-f222fe59f73a#0:OK-t0. Peer's state: a0a780bc-4285-4c1f-be2a-f222fe59f73a@group-58785C267393:t0, leader=null, voted=, raftlog=Memoized:a0a780bc-4285-4c1f-be2a-f222fe59f73a@group-58785C267393-SegmentedRaftLog:OPENED:c-1, conf=-1: peers:[fc9979d5-d948-4828-9511-0e4a1771ac5f|127.0.0.1:15166, 78187b2a-fdcc-4f64-b78e-e48d2135caff|127.0.0.1:15175, a0a780bc-4285-4c1f-be2a-f222fe59f73a|127.0.0.1:15157]|listeners:[], old=null
2024-04-26 07:43:54,117 [fc9979d5-d948-4828-9511-0e4a1771ac5f@group-E360D5CF0D9D-LeaderElection30] INFO  impl.LeaderElection (LeaderElection.java:askForVotes(323)) - fc9979d5-d948-4828-9511-0e4a1771ac5f@group-E360D5CF0D9D-LeaderElection30 PRE_VOTE round 0: result PASSED (term=0)
2024-04-26 07:43:54,119 [fc9979d5-d948-4828-9511-0e4a1771ac5f@group-E360D5CF0D9D-LeaderElection30] INFO  impl.LeaderElection (LeaderElection.java:askForVotes(321)) - fc9979d5-d948-4828-9511-0e4a1771ac5f@group-E360D5CF0D9D-LeaderElection30 ELECTION round 0: submit vote requests at term 1 for -1: peers:[fc9979d5-d948-4828-9511-0e4a1771ac5f|127.0.0.1:15166]|listeners:[], old=null
2024-04-26 07:43:54,119 [fc9979d5-d948-4828-9511-0e4a1771ac5f@group-E360D5CF0D9D-LeaderElection30] INFO  impl.LeaderElection (LeaderElection.java:askForVotes(323)) - fc9979d5-d948-4828-9511-0e4a1771ac5f@group-E360D5CF0D9D-LeaderElection30 ELECTION round 0: result PASSED (term=1)
2024-04-26 07:43:54,119 [fc9979d5-d948-4828-9511-0e4a1771ac5f@group-E360D5CF0D9D-LeaderElection30] INFO  impl.RoleInfo (RoleInfo.java:shutdownLeaderElection(130)) - fc9979d5-d948-4828-9511-0e4a1771ac5f: shutdown fc9979d5-d948-4828-9511-0e4a1771ac5f@group-E360D5CF0D9D-LeaderElection30
2024-04-26 07:43:54,119 [fc9979d5-d948-4828-9511-0e4a1771ac5f@group-E360D5CF0D9D-LeaderElection30] INFO  server.RaftServer$Division (RaftServerImpl.java:setRole(383)) - fc9979d5-d948-4828-9511-0e4a1771ac5f@group-E360D5CF0D9D: changes role from CANDIDATE to LEADER at term 1 for changeToLeader
2024-04-26 07:43:54,119 [grpc-default-executor-1] INFO  server.RaftServer$Division (RaftServerImpl.java:requestVote(1389)) - fc9979d5-d948-4828-9511-0e4a1771ac5f@group-58785C267393: receive requestVote(PRE_VOTE, 78187b2a-fdcc-4f64-b78e-e48d2135caff, group-58785C267393, 0, (t:0, i:0))
2024-04-26 07:43:54,119 [grpc-default-executor-1] INFO  impl.VoteContext (VoteContext.java:log(49)) - fc9979d5-d948-4828-9511-0e4a1771ac5f@group-58785C267393-FOLLOWER: accept PRE_VOTE from 78187b2a-fdcc-4f64-b78e-e48d2135caff: our priority 0 <= candidate's priority 1
2024-04-26 07:43:54,119 [grpc-default-executor-1] INFO  server.RaftServer$Division (RaftServerImpl.java:requestVote(1422)) - fc9979d5-d948-4828-9511-0e4a1771ac5f@group-58785C267393 replies to PRE_VOTE vote request: 78187b2a-fdcc-4f64-b78e-e48d2135caff<-fc9979d5-d948-4828-9511-0e4a1771ac5f#0:OK-t0. Peer's state: fc9979d5-d948-4828-9511-0e4a1771ac5f@group-58785C267393:t0, leader=null, voted=, raftlog=Memoized:fc9979d5-d948-4828-9511-0e4a1771ac5f@group-58785C267393-SegmentedRaftLog:OPENED:c-1, conf=-1: peers:[fc9979d5-d948-4828-9511-0e4a1771ac5f|127.0.0.1:15166, 78187b2a-fdcc-4f64-b78e-e48d2135caff|127.0.0.1:15175, a0a780bc-4285-4c1f-be2a-f222fe59f73a|127.0.0.1:15157]|listeners:[], old=null
2024-04-26 07:43:54,119 [fc9979d5-d948-4828-9511-0e4a1771ac5f@group-E360D5CF0D9D-LeaderElection30] INFO  server.RaftServerConfigKeys (ConfUtils.java:logGet(46)) - raft.server.staging.catchup.gap = 1000 (default)
2024-04-26 07:43:54,120 [fc9979d5-d948-4828-9511-0e4a1771ac5f@group-E360D5CF0D9D-LeaderElection30] INFO  server.RaftServerConfigKeys (ConfUtils.java:logGet(46)) - raft.server.write.element-limit = 1024 (custom)
2024-04-26 07:43:54,120 [fc9979d5-d948-4828-9511-0e4a1771ac5f@group-E360D5CF0D9D-LeaderElection30] INFO  server.RaftServerConfigKeys (ConfUtils.java:logGet(46)) - raft.server.write.byte-limit = 1024 M (=1073741824) (custom)
2024-04-26 07:43:54,120 [78187b2a-fdcc-4f64-b78e-e48d2135caff@group-58785C267393-LeaderElection29] INFO  impl.LeaderElection (LeaderElection.java:logAndReturn(89)) - 78187b2a-fdcc-4f64-b78e-e48d2135caff@group-58785C267393-LeaderElection29: PRE_VOTE PASSED received 1 response(s) and 0 exception(s):
2024-04-26 07:43:54,120 [78187b2a-fdcc-4f64-b78e-e48d2135caff@group-58785C267393-LeaderElection29] INFO  impl.LeaderElection (LeaderElection.java:logAndReturn(93)) -   Response 0: 78187b2a-fdcc-4f64-b78e-e48d2135caff<-fc9979d5-d948-4828-9511-0e4a1771ac5f#0:OK-t0
2024-04-26 07:43:54,120 [78187b2a-fdcc-4f64-b78e-e48d2135caff@group-58785C267393-LeaderElection29] INFO  impl.LeaderElection (LeaderElection.java:askForVotes(323)) - 78187b2a-fdcc-4f64-b78e-e48d2135caff@group-58785C267393-LeaderElection29 PRE_VOTE round 0: result PASSED
2024-04-26 07:43:54,120 [fc9979d5-d948-4828-9511-0e4a1771ac5f@group-E360D5CF0D9D-LeaderElection30] INFO  server.RaftServerConfigKeys (ConfUtils.java:logGet(46)) - raft.server.watch.timeout = 3000ms (custom)
2024-04-26 07:43:54,120 [fc9979d5-d948-4828-9511-0e4a1771ac5f@group-E360D5CF0D9D-LeaderElection30] INFO  server.RaftServerConfigKeys (ConfUtils.java:logGet(46)) - raft.server.watch.timeout.denomination = 1s (default)
2024-04-26 07:43:54,120 [fc9979d5-d948-4828-9511-0e4a1771ac5f@group-E360D5CF0D9D-LeaderElection30] INFO  server.RaftServerConfigKeys (ConfUtils.java:logGet(46)) - raft.server.watch.element-limit = 65536 (default)
2024-04-26 07:43:54,121 [fc9979d5-d948-4828-9511-0e4a1771ac5f@group-E360D5CF0D9D-LeaderElection30] INFO  server.RaftServerConfigKeys (ConfUtils.java:logGet(46)) - raft.server.read.leader.lease.enabled = false (default)
2024-04-26 07:43:54,121 [fc9979d5-d948-4828-9511-0e4a1771ac5f@group-E360D5CF0D9D-LeaderElection30] INFO  server.RaftServerConfigKeys (ConfUtils.java:logGet(46)) - raft.server.read.leader.lease.timeout.ratio = 0.9 (default)
2024-04-26 07:43:54,121 [fc9979d5-d948-4828-9511-0e4a1771ac5f@group-E360D5CF0D9D-LeaderElection30] INFO  server.RaftServerConfigKeys (ConfUtils.java:logGet(46)) - raft.server.rpc.timeout.min = 5s (custom)
2024-04-26 07:43:54,121 [fc9979d5-d948-4828-9511-0e4a1771ac5f@group-E360D5CF0D9D-LeaderElection30] INFO  server.RaftServerConfigKeys (ConfUtils.java:logGet(46)) - raft.server.write.element-limit = 1024 (custom)
2024-04-26 07:43:54,121 [78187b2a-fdcc-4f64-b78e-e48d2135caff@group-58785C267393-LeaderElection29] INFO  impl.LeaderElection (LeaderElection.java:askForVotes(321)) - 78187b2a-fdcc-4f64-b78e-e48d2135caff@group-58785C267393-LeaderElection29 ELECTION round 0: submit vote requests at term 1 for -1: peers:[fc9979d5-d948-4828-9511-0e4a1771ac5f|127.0.0.1:15166, 78187b2a-fdcc-4f64-b78e-e48d2135caff|127.0.0.1:15175, a0a780bc-4285-4c1f-be2a-f222fe59f73a|127.0.0.1:15157]|listeners:[], old=null
2024-04-26 07:43:54,121 [fc9979d5-d948-4828-9511-0e4a1771ac5f@group-E360D5CF0D9D-LeaderElection30] INFO  server.RaftServerConfigKeys (ConfUtils.java:logGet(46)) - raft.server.write.follower.gap.ratio.max = -1.0 (default)
2024-04-26 07:43:54,121 [fc9979d5-d948-4828-9511-0e4a1771ac5f@group-E360D5CF0D9D-LeaderElection30] INFO  impl.RoleInfo (RoleInfo.java:updateAndGet(139)) - fc9979d5-d948-4828-9511-0e4a1771ac5f: start fc9979d5-d948-4828-9511-0e4a1771ac5f@group-E360D5CF0D9D-LeaderStateImpl
2024-04-26 07:43:54,121 [fc9979d5-d948-4828-9511-0e4a1771ac5f@group-E360D5CF0D9D-LeaderElection30] INFO  server.RaftServer$Division (RaftServerImpl.java:setFirstElection(574)) - fc9979d5-d948-4828-9511-0e4a1771ac5f@group-E360D5CF0D9D: set firstElectionSinceStartup to false for becomeLeader
2024-04-26 07:43:54,122 [fc9979d5-d948-4828-9511-0e4a1771ac5f@group-E360D5CF0D9D-LeaderElection30] INFO  ratis.XceiverServerRatis (XceiverServerRatis.java:handleLeaderChangedNotification(966)) - Leader change notification received for group: group-E360D5CF0D9D with new leaderId: fc9979d5-d948-4828-9511-0e4a1771ac5f
2024-04-26 07:43:54,122 [78187b2a-fdcc-4f64-b78e-e48d2135caff@group-58785C267393-LeaderElection29] INFO  server.RaftServerConfigKeys (ConfUtils.java:logFallback(53)) - raft.server.rpc.first-election.timeout.min = 5s (fallback to raft.server.rpc.timeout.min)
2024-04-26 07:43:54,122 [78187b2a-fdcc-4f64-b78e-e48d2135caff@group-58785C267393-LeaderElection29] INFO  server.RaftServerConfigKeys (ConfUtils.java:logFallback(53)) - raft.server.rpc.first-election.timeout.max = 5200ms (fallback to raft.server.rpc.timeout.max)
2024-04-26 07:43:54,122 [fc9979d5-d948-4828-9511-0e4a1771ac5f@group-E360D5CF0D9D-LeaderElection30] INFO  server.RaftServer$Division (ServerState.java:setLeader(269)) - fc9979d5-d948-4828-9511-0e4a1771ac5f@group-E360D5CF0D9D: change Leader from null to fc9979d5-d948-4828-9511-0e4a1771ac5f at term 1 for becomeLeader, leader elected after 5188ms
2024-04-26 07:43:54,122 [fc9979d5-d948-4828-9511-0e4a1771ac5f@group-E360D5CF0D9D-LeaderElection30] INFO  segmented.SegmentedRaftLogWorker (SegmentedRaftLogWorker.java:startLogSegment(430)) - fc9979d5-d948-4828-9511-0e4a1771ac5f@group-E360D5CF0D9D-SegmentedRaftLogWorker: Starting segment from index:0
2024-04-26 07:43:54,122 [fc9979d5-d948-4828-9511-0e4a1771ac5f@group-E360D5CF0D9D-LeaderElection30] INFO  server.RaftServer$Division (ServerState.java:setRaftConf(386)) - fc9979d5-d948-4828-9511-0e4a1771ac5f@group-E360D5CF0D9D: set configuration 0: peers:[fc9979d5-d948-4828-9511-0e4a1771ac5f|127.0.0.1:15166]|listeners:[], old=null
2024-04-26 07:43:54,122 [fc9979d5-d948-4828-9511-0e4a1771ac5f@group-E360D5CF0D9D-SegmentedRaftLogWorker] INFO  segmented.BufferedWriteChannel (BufferedWriteChannel.java:open(62)) - open log_inprogress_0 at position 0
2024-04-26 07:43:54,123 [grpc-default-executor-1] INFO  server.RaftServer$Division (RaftServerImpl.java:requestVote(1389)) - fc9979d5-d948-4828-9511-0e4a1771ac5f@group-58785C267393: receive requestVote(ELECTION, 78187b2a-fdcc-4f64-b78e-e48d2135caff, group-58785C267393, 1, (t:0, i:0))
2024-04-26 07:43:54,123 [grpc-default-executor-1] INFO  impl.VoteContext (VoteContext.java:log(49)) - fc9979d5-d948-4828-9511-0e4a1771ac5f@group-58785C267393-FOLLOWER: accept ELECTION from 78187b2a-fdcc-4f64-b78e-e48d2135caff: our priority 0 <= candidate's priority 1
2024-04-26 07:43:54,123 [grpc-default-executor-1] INFO  server.RaftServer$Division (RaftServerImpl.java:setRole(383)) - fc9979d5-d948-4828-9511-0e4a1771ac5f@group-58785C267393: changes role from  FOLLOWER to FOLLOWER at term 1 for candidate:78187b2a-fdcc-4f64-b78e-e48d2135caff
2024-04-26 07:43:54,124 [grpc-default-executor-1] INFO  impl.RoleInfo (RoleInfo.java:shutdownFollowerState(110)) - fc9979d5-d948-4828-9511-0e4a1771ac5f: shutdown fc9979d5-d948-4828-9511-0e4a1771ac5f@group-58785C267393-FollowerState
2024-04-26 07:43:54,124 [grpc-default-executor-1] INFO  impl.RoleInfo (RoleInfo.java:updateAndGet(139)) - fc9979d5-d948-4828-9511-0e4a1771ac5f: start fc9979d5-d948-4828-9511-0e4a1771ac5f@group-58785C267393-FollowerState
2024-04-26 07:43:54,124 [fc9979d5-d948-4828-9511-0e4a1771ac5f@group-58785C267393-FollowerState] INFO  impl.FollowerState (FollowerState.java:run(152)) - fc9979d5-d948-4828-9511-0e4a1771ac5f@group-58785C267393-FollowerState was interrupted
2024-04-26 07:43:54,129 [grpc-default-executor-3] INFO  server.RaftServer$Division (RaftServerImpl.java:requestVote(1389)) - a0a780bc-4285-4c1f-be2a-f222fe59f73a@group-58785C267393: receive requestVote(ELECTION, 78187b2a-fdcc-4f64-b78e-e48d2135caff, group-58785C267393, 1, (t:0, i:0))
2024-04-26 07:43:54,129 [grpc-default-executor-3] INFO  impl.VoteContext (VoteContext.java:log(49)) - a0a780bc-4285-4c1f-be2a-f222fe59f73a@group-58785C267393-FOLLOWER: accept ELECTION from 78187b2a-fdcc-4f64-b78e-e48d2135caff: our priority 0 <= candidate's priority 1
2024-04-26 07:43:54,129 [grpc-default-executor-3] INFO  server.RaftServer$Division (RaftServerImpl.java:setRole(383)) - a0a780bc-4285-4c1f-be2a-f222fe59f73a@group-58785C267393: changes role from  FOLLOWER to FOLLOWER at term 1 for candidate:78187b2a-fdcc-4f64-b78e-e48d2135caff
2024-04-26 07:43:54,129 [grpc-default-executor-3] INFO  impl.RoleInfo (RoleInfo.java:shutdownFollowerState(110)) - a0a780bc-4285-4c1f-be2a-f222fe59f73a: shutdown a0a780bc-4285-4c1f-be2a-f222fe59f73a@group-58785C267393-FollowerState
2024-04-26 07:43:54,129 [grpc-default-executor-3] INFO  impl.RoleInfo (RoleInfo.java:updateAndGet(139)) - a0a780bc-4285-4c1f-be2a-f222fe59f73a: start a0a780bc-4285-4c1f-be2a-f222fe59f73a@group-58785C267393-FollowerState
2024-04-26 07:43:54,130 [a0a780bc-4285-4c1f-be2a-f222fe59f73a@group-58785C267393-FollowerState] INFO  impl.FollowerState (FollowerState.java:run(152)) - a0a780bc-4285-4c1f-be2a-f222fe59f73a@group-58785C267393-FollowerState was interrupted
2024-04-26 07:43:54,131 [grpc-default-executor-1] INFO  server.RaftServer$Division (RaftServerImpl.java:requestVote(1422)) - fc9979d5-d948-4828-9511-0e4a1771ac5f@group-58785C267393 replies to ELECTION vote request: 78187b2a-fdcc-4f64-b78e-e48d2135caff<-fc9979d5-d948-4828-9511-0e4a1771ac5f#0:OK-t1. Peer's state: fc9979d5-d948-4828-9511-0e4a1771ac5f@group-58785C267393:t1, leader=null, voted=78187b2a-fdcc-4f64-b78e-e48d2135caff, raftlog=Memoized:fc9979d5-d948-4828-9511-0e4a1771ac5f@group-58785C267393-SegmentedRaftLog:OPENED:c-1, conf=-1: peers:[fc9979d5-d948-4828-9511-0e4a1771ac5f|127.0.0.1:15166, 78187b2a-fdcc-4f64-b78e-e48d2135caff|127.0.0.1:15175, a0a780bc-4285-4c1f-be2a-f222fe59f73a|127.0.0.1:15157]|listeners:[], old=null
2024-04-26 07:43:54,131 [fc9979d5-d948-4828-9511-0e4a1771ac5f@group-E360D5CF0D9D-SegmentedRaftLogWorker] INFO  segmented.SegmentedRaftLogWorker (SegmentedRaftLogWorker.java:execute(634)) - fc9979d5-d948-4828-9511-0e4a1771ac5f@group-E360D5CF0D9D-SegmentedRaftLogWorker: created new log segment /home/runner/work/ozone/ozone/hadoop-ozone/integration-test/target/test-dir/MiniOzoneClusterImpl-a56b3a23-5bf6-4b5b-a0fe-007206924a4e/ozone-meta/datanode-8/ratis/227e7f5a-d10b-4c80-95c4-e360d5cf0d9d/current/log_inprogress_0
2024-04-26 07:43:54,132 [78187b2a-fdcc-4f64-b78e-e48d2135caff@group-58785C267393-LeaderElection29] INFO  impl.LeaderElection (LeaderElection.java:logAndReturn(89)) - 78187b2a-fdcc-4f64-b78e-e48d2135caff@group-58785C267393-LeaderElection29: ELECTION PASSED received 1 response(s) and 0 exception(s):
2024-04-26 07:43:54,132 [78187b2a-fdcc-4f64-b78e-e48d2135caff@group-58785C267393-LeaderElection29] INFO  impl.LeaderElection (LeaderElection.java:logAndReturn(93)) -   Response 0: 78187b2a-fdcc-4f64-b78e-e48d2135caff<-fc9979d5-d948-4828-9511-0e4a1771ac5f#0:OK-t1
2024-04-26 07:43:54,132 [78187b2a-fdcc-4f64-b78e-e48d2135caff@group-58785C267393-LeaderElection29] INFO  impl.LeaderElection (LeaderElection.java:askForVotes(323)) - 78187b2a-fdcc-4f64-b78e-e48d2135caff@group-58785C267393-LeaderElection29 ELECTION round 0: result PASSED
2024-04-26 07:43:54,132 [78187b2a-fdcc-4f64-b78e-e48d2135caff@group-58785C267393-LeaderElection29] INFO  impl.RoleInfo (RoleInfo.java:shutdownLeaderElection(130)) - 78187b2a-fdcc-4f64-b78e-e48d2135caff: shutdown 78187b2a-fdcc-4f64-b78e-e48d2135caff@group-58785C267393-LeaderElection29
2024-04-26 07:43:54,132 [78187b2a-fdcc-4f64-b78e-e48d2135caff@group-58785C267393-LeaderElection29] INFO  server.RaftServer$Division (RaftServerImpl.java:setRole(383)) - 78187b2a-fdcc-4f64-b78e-e48d2135caff@group-58785C267393: changes role from CANDIDATE to LEADER at term 1 for changeToLeader
2024-04-26 07:43:54,132 [78187b2a-fdcc-4f64-b78e-e48d2135caff@group-58785C267393-LeaderElection29] INFO  server.RaftServerConfigKeys (ConfUtils.java:logGet(46)) - raft.server.staging.catchup.gap = 1000 (default)
2024-04-26 07:43:54,132 [78187b2a-fdcc-4f64-b78e-e48d2135caff@group-58785C267393-LeaderElection29] INFO  server.RaftServerConfigKeys (ConfUtils.java:logGet(46)) - raft.server.write.element-limit = 1024 (custom)
2024-04-26 07:43:54,132 [78187b2a-fdcc-4f64-b78e-e48d2135caff@group-58785C267393-LeaderElection29] INFO  server.RaftServerConfigKeys (ConfUtils.java:logGet(46)) - raft.server.write.byte-limit = 1024 M (=1073741824) (custom)
2024-04-26 07:43:54,132 [grpc-default-executor-3] INFO  server.RaftServer$Division (RaftServerImpl.java:setFirstElection(574)) - a0a780bc-4285-4c1f-be2a-f222fe59f73a@group-58785C267393: set firstElectionSinceStartup to false for candidate:78187b2a-fdcc-4f64-b78e-e48d2135caff
2024-04-26 07:43:54,133 [78187b2a-fdcc-4f64-b78e-e48d2135caff@group-58785C267393-LeaderElection29] INFO  server.RaftServerConfigKeys (ConfUtils.java:logGet(46)) - raft.server.watch.timeout = 3000ms (custom)
2024-04-26 07:43:54,133 [78187b2a-fdcc-4f64-b78e-e48d2135caff@group-58785C267393-LeaderElection29] INFO  server.RaftServerConfigKeys (ConfUtils.java:logGet(46)) - raft.server.watch.timeout.denomination = 1s (default)
2024-04-26 07:43:54,133 [78187b2a-fdcc-4f64-b78e-e48d2135caff@group-58785C267393-LeaderElection29] INFO  server.RaftServerConfigKeys (ConfUtils.java:logGet(46)) - raft.server.watch.element-limit = 65536 (default)
2024-04-26 07:43:54,133 [78187b2a-fdcc-4f64-b78e-e48d2135caff@group-58785C267393-LeaderElection29] INFO  server.RaftServerConfigKeys (ConfUtils.java:logGet(46)) - raft.server.read.leader.lease.enabled = false (default)
2024-04-26 07:43:54,133 [78187b2a-fdcc-4f64-b78e-e48d2135caff@group-58785C267393-LeaderElection29] INFO  server.RaftServerConfigKeys (ConfUtils.java:logGet(46)) - raft.server.read.leader.lease.timeout.ratio = 0.9 (default)
2024-04-26 07:43:54,133 [78187b2a-fdcc-4f64-b78e-e48d2135caff@group-58785C267393-LeaderElection29] INFO  server.RaftServerConfigKeys (ConfUtils.java:logGet(46)) - raft.server.rpc.timeout.min = 5s (custom)
2024-04-26 07:43:54,133 [78187b2a-fdcc-4f64-b78e-e48d2135caff@group-58785C267393-LeaderElection29] INFO  server.RaftServerConfigKeys (ConfUtils.java:logGet(46)) - raft.server.write.element-limit = 1024 (custom)
2024-04-26 07:43:54,133 [78187b2a-fdcc-4f64-b78e-e48d2135caff@group-58785C267393-LeaderElection29] INFO  server.RaftServerConfigKeys (ConfUtils.java:logGet(46)) - raft.server.write.follower.gap.ratio.max = -1.0 (default)
2024-04-26 07:43:54,133 [grpc-default-executor-3] INFO  server.RaftServer$Division (RaftServerImpl.java:requestVote(1422)) - a0a780bc-4285-4c1f-be2a-f222fe59f73a@group-58785C267393 replies to ELECTION vote request: 78187b2a-fdcc-4f64-b78e-e48d2135caff<-a0a780bc-4285-4c1f-be2a-f222fe59f73a#0:OK-t1. Peer's state: a0a780bc-4285-4c1f-be2a-f222fe59f73a@group-58785C267393:t1, leader=null, voted=78187b2a-fdcc-4f64-b78e-e48d2135caff, raftlog=Memoized:a0a780bc-4285-4c1f-be2a-f222fe59f73a@group-58785C267393-SegmentedRaftLog:OPENED:c-1, conf=-1: peers:[fc9979d5-d948-4828-9511-0e4a1771ac5f|127.0.0.1:15166, 78187b2a-fdcc-4f64-b78e-e48d2135caff|127.0.0.1:15175, a0a780bc-4285-4c1f-be2a-f222fe59f73a|127.0.0.1:15157]|listeners:[], old=null
2024-04-26 07:43:54,133 [78187b2a-fdcc-4f64-b78e-e48d2135caff@group-58785C267393-LeaderElection29] INFO  server.RaftServerConfigKeys (ConfUtils.java:logGet(46)) - raft.server.log.appender.snapshot.chunk.size.max = 16MB (=16777216) (default)
2024-04-26 07:43:54,134 [78187b2a-fdcc-4f64-b78e-e48d2135caff@group-58785C267393-LeaderElection29] INFO  server.RaftServerConfigKeys (ConfUtils.java:logGet(46)) - raft.server.log.appender.buffer.byte-limit = 8388608 (custom)
2024-04-26 07:43:54,134 [78187b2a-fdcc-4f64-b78e-e48d2135caff@group-58785C267393-LeaderElection29] INFO  server.RaftServerConfigKeys (ConfUtils.java:logGet(46)) - raft.server.log.appender.buffer.element-limit = 1 (custom)
2024-04-26 07:43:54,134 [78187b2a-fdcc-4f64-b78e-e48d2135caff@group-58785C267393-LeaderElection29] INFO  server.RaftServerConfigKeys (ConfUtils.java:logGet(46)) - raft.server.log.appender.wait-time.min = 0ms (custom)
2024-04-26 07:43:54,134 [78187b2a-fdcc-4f64-b78e-e48d2135caff@group-58785C267393-LeaderElection29] INFO  grpc.GrpcConfigKeys (ConfUtils.java:logGet(46)) - raft.grpc.server.leader.outstanding.appends.max = 8 (default)
2024-04-26 07:43:54,134 [78187b2a-fdcc-4f64-b78e-e48d2135caff@group-58785C267393-LeaderElection29] INFO  server.RaftServerConfigKeys (ConfUtils.java:logGet(46)) - raft.server.rpc.request.timeout = 3000ms (default)
2024-04-26 07:43:54,134 [78187b2a-fdcc-4f64-b78e-e48d2135caff@group-58785C267393-LeaderElection29] INFO  grpc.GrpcConfigKeys (ConfUtils.java:logGet(46)) - raft.grpc.server.install_snapshot.request.element-limit = 8 (default)
2024-04-26 07:43:54,134 [78187b2a-fdcc-4f64-b78e-e48d2135caff@group-58785C267393-LeaderElection29] INFO  grpc.GrpcConfigKeys (ConfUtils.java:logGet(46)) - raft.grpc.server.install_snapshot.request.timeout = 3000ms (default)
2024-04-26 07:43:54,134 [78187b2a-fdcc-4f64-b78e-e48d2135caff@group-58785C267393-LeaderElection29] INFO  grpc.GrpcConfigKeys (ConfUtils.java:logGet(46)) - raft.grpc.server.log-message.batch.duration = 5s (default)
2024-04-26 07:43:54,134 [78187b2a-fdcc-4f64-b78e-e48d2135caff@group-58785C267393-LeaderElection29] INFO  server.RaftServerConfigKeys (ConfUtils.java:logGet(46)) - raft.server.log.appender.install.snapshot.enabled = false (custom)
2024-04-26 07:43:54,134 [78187b2a-fdcc-4f64-b78e-e48d2135caff@group-58785C267393-LeaderElection29] INFO  grpc.GrpcConfigKeys (ConfUtils.java:logGet(46)) - raft.grpc.server.heartbeat.channel = true (default)
2024-04-26 07:43:54,135 [78187b2a-fdcc-4f64-b78e-e48d2135caff@group-58785C267393-LeaderElection29] INFO  server.RaftServerConfigKeys (ConfUtils.java:logGet(46)) - raft.server.log.appender.snapshot.chunk.size.max = 16MB (=16777216) (default)
2024-04-26 07:43:54,135 [78187b2a-fdcc-4f64-b78e-e48d2135caff@group-58785C267393-LeaderElection29] INFO  server.RaftServerConfigKeys (ConfUtils.java:logGet(46)) - raft.server.log.appender.buffer.byte-limit = 8388608 (custom)
2024-04-26 07:43:54,135 [78187b2a-fdcc-4f64-b78e-e48d2135caff@group-58785C267393-LeaderElection29] INFO  server.RaftServerConfigKeys (ConfUtils.java:logGet(46)) - raft.server.log.appender.buffer.element-limit = 1 (custom)
2024-04-26 07:43:54,135 [78187b2a-fdcc-4f64-b78e-e48d2135caff@group-58785C267393-LeaderElection29] INFO  server.RaftServerConfigKeys (ConfUtils.java:logGet(46)) - raft.server.log.appender.wait-time.min = 0ms (custom)
2024-04-26 07:43:54,135 [78187b2a-fdcc-4f64-b78e-e48d2135caff@group-58785C267393-LeaderElection29] INFO  grpc.GrpcConfigKeys (ConfUtils.java:logGet(46)) - raft.grpc.server.leader.outstanding.appends.max = 8 (default)
2024-04-26 07:43:54,135 [78187b2a-fdcc-4f64-b78e-e48d2135caff@group-58785C267393-LeaderElection29] INFO  server.RaftServerConfigKeys (ConfUtils.java:logGet(46)) - raft.server.rpc.request.timeout = 3000ms (default)
2024-04-26 07:43:54,135 [78187b2a-fdcc-4f64-b78e-e48d2135caff@group-58785C267393-LeaderElection29] INFO  grpc.GrpcConfigKeys (ConfUtils.java:logGet(46)) - raft.grpc.server.install_snapshot.request.element-limit = 8 (default)
2024-04-26 07:43:54,135 [78187b2a-fdcc-4f64-b78e-e48d2135caff@group-58785C267393-LeaderElection29] INFO  grpc.GrpcConfigKeys (ConfUtils.java:logGet(46)) - raft.grpc.server.install_snapshot.request.timeout = 3000ms (default)
2024-04-26 07:43:54,136 [78187b2a-fdcc-4f64-b78e-e48d2135caff@group-58785C267393-LeaderElection29] INFO  grpc.GrpcConfigKeys (ConfUtils.java:logGet(46)) - raft.grpc.server.log-message.batch.duration = 5s (default)
2024-04-26 07:43:54,136 [78187b2a-fdcc-4f64-b78e-e48d2135caff@group-58785C267393-LeaderElection29] INFO  server.RaftServerConfigKeys (ConfUtils.java:logGet(46)) - raft.server.log.appender.install.snapshot.enabled = false (custom)
2024-04-26 07:43:54,136 [78187b2a-fdcc-4f64-b78e-e48d2135caff@group-58785C267393-LeaderElection29] INFO  grpc.GrpcConfigKeys (ConfUtils.java:logGet(46)) - raft.grpc.server.heartbeat.channel = true (default)
2024-04-26 07:43:54,136 [78187b2a-fdcc-4f64-b78e-e48d2135caff@group-58785C267393-LeaderElection29] INFO  impl.RoleInfo (RoleInfo.java:updateAndGet(139)) - 78187b2a-fdcc-4f64-b78e-e48d2135caff: start 78187b2a-fdcc-4f64-b78e-e48d2135caff@group-58785C267393-LeaderStateImpl
2024-04-26 07:43:54,136 [78187b2a-fdcc-4f64-b78e-e48d2135caff@group-58785C267393-LeaderElection29] INFO  server.RaftServer$Division (RaftServerImpl.java:setFirstElection(574)) - 78187b2a-fdcc-4f64-b78e-e48d2135caff@group-58785C267393: set firstElectionSinceStartup to false for becomeLeader
2024-04-26 07:43:54,136 [78187b2a-fdcc-4f64-b78e-e48d2135caff@group-58785C267393-LeaderElection29] INFO  ratis.XceiverServerRatis (XceiverServerRatis.java:handleLeaderChangedNotification(966)) - Leader change notification received for group: group-58785C267393 with new leaderId: 78187b2a-fdcc-4f64-b78e-e48d2135caff
2024-04-26 07:43:54,136 [fc9979d5-d948-4828-9511-0e4a1771ac5f@group-E360D5CF0D9D-StateMachineUpdater] INFO  server.RaftServer$Division (LeaderStateImpl.java:isApplied(320)) - leader is ready since appliedIndex == 0 >= startIndex == 0
2024-04-26 07:43:54,136 [78187b2a-fdcc-4f64-b78e-e48d2135caff@group-58785C267393-LeaderElection29] INFO  server.RaftServer$Division (ServerState.java:setLeader(269)) - 78187b2a-fdcc-4f64-b78e-e48d2135caff@group-58785C267393: change Leader from null to 78187b2a-fdcc-4f64-b78e-e48d2135caff at term 1 for becomeLeader, leader elected after 5214ms
2024-04-26 07:43:54,136 [78187b2a-fdcc-4f64-b78e-e48d2135caff@group-58785C267393-LeaderElection29] INFO  segmented.SegmentedRaftLogWorker (SegmentedRaftLogWorker.java:startLogSegment(430)) - 78187b2a-fdcc-4f64-b78e-e48d2135caff@group-58785C267393-SegmentedRaftLogWorker: Starting segment from index:0
2024-04-26 07:43:54,137 [78187b2a-fdcc-4f64-b78e-e48d2135caff@group-58785C267393-SegmentedRaftLogWorker] INFO  segmented.BufferedWriteChannel (BufferedWriteChannel.java:open(62)) - open log_inprogress_0 at position 0
2024-04-26 07:43:54,140 [EventQueue-PipelineReportForPipelineReportHandler] INFO  pipeline.PipelineReportHandler (PipelineReportHandler.java:processPipelineReport(136)) - Opened pipeline PipelineID=6848d74c-0497-49b3-84ff-58785c267393
2024-04-26 07:43:54,140 [78187b2a-fdcc-4f64-b78e-e48d2135caff@group-58785C267393-LeaderElection29] INFO  server.RaftServer$Division (ServerState.java:setRaftConf(386)) - 78187b2a-fdcc-4f64-b78e-e48d2135caff@group-58785C267393: set configuration 0: peers:[fc9979d5-d948-4828-9511-0e4a1771ac5f|127.0.0.1:15166, 78187b2a-fdcc-4f64-b78e-e48d2135caff|127.0.0.1:15175, a0a780bc-4285-4c1f-be2a-f222fe59f73a|127.0.0.1:15157]|listeners:[], old=null
2024-04-26 07:43:54,144 [78187b2a-fdcc-4f64-b78e-e48d2135caff@group-58785C267393-SegmentedRaftLogWorker] INFO  segmented.SegmentedRaftLogWorker (SegmentedRaftLogWorker.java:execute(634)) - 78187b2a-fdcc-4f64-b78e-e48d2135caff@group-58785C267393-SegmentedRaftLogWorker: created new log segment /home/runner/work/ozone/ozone/hadoop-ozone/integration-test/target/test-dir/MiniOzoneClusterImpl-a56b3a23-5bf6-4b5b-a0fe-007206924a4e/ozone-meta/datanode-9/ratis/6848d74c-0497-49b3-84ff-58785c267393/current/log_inprogress_0
2024-04-26 07:43:54,144 [fc9979d5-d948-4828-9511-0e4a1771ac5f-server-thread1] INFO  ratis.XceiverServerRatis (XceiverServerRatis.java:handleLeaderChangedNotification(966)) - Leader change notification received for group: group-58785C267393 with new leaderId: 78187b2a-fdcc-4f64-b78e-e48d2135caff
2024-04-26 07:43:54,144 [fc9979d5-d948-4828-9511-0e4a1771ac5f-server-thread1] INFO  server.RaftServer$Division (ServerState.java:setLeader(269)) - fc9979d5-d948-4828-9511-0e4a1771ac5f@group-58785C267393: change Leader from null to 78187b2a-fdcc-4f64-b78e-e48d2135caff at term 1 for appendEntries, leader elected after 5240ms
2024-04-26 07:43:54,144 [a0a780bc-4285-4c1f-be2a-f222fe59f73a-server-thread1] INFO  ratis.XceiverServerRatis (XceiverServerRatis.java:handleLeaderChangedNotification(966)) - Leader change notification received for group: group-58785C267393 with new leaderId: 78187b2a-fdcc-4f64-b78e-e48d2135caff
2024-04-26 07:43:54,146 [a0a780bc-4285-4c1f-be2a-f222fe59f73a-server-thread1] INFO  server.RaftServer$Division (ServerState.java:setLeader(269)) - a0a780bc-4285-4c1f-be2a-f222fe59f73a@group-58785C267393: change Leader from null to 78187b2a-fdcc-4f64-b78e-e48d2135caff at term 1 for appendEntries, leader elected after 5257ms
2024-04-26 07:43:54,148 [fc9979d5-d948-4828-9511-0e4a1771ac5f-server-thread3] INFO  server.RaftServer$Division (ServerState.java:setRaftConf(386)) - fc9979d5-d948-4828-9511-0e4a1771ac5f@group-58785C267393: set configuration 0: peers:[fc9979d5-d948-4828-9511-0e4a1771ac5f|127.0.0.1:15166, 78187b2a-fdcc-4f64-b78e-e48d2135caff|127.0.0.1:15175, a0a780bc-4285-4c1f-be2a-f222fe59f73a|127.0.0.1:15157]|listeners:[], old=null
2024-04-26 07:43:54,148 [fc9979d5-d948-4828-9511-0e4a1771ac5f-server-thread3] INFO  segmented.SegmentedRaftLogWorker (SegmentedRaftLogWorker.java:startLogSegment(430)) - fc9979d5-d948-4828-9511-0e4a1771ac5f@group-58785C267393-SegmentedRaftLogWorker: Starting segment from index:0
2024-04-26 07:43:54,149 [fc9979d5-d948-4828-9511-0e4a1771ac5f@group-58785C267393-SegmentedRaftLogWorker] INFO  segmented.BufferedWriteChannel (BufferedWriteChannel.java:open(62)) - open log_inprogress_0 at position 0
2024-04-26 07:43:54,150 [a0a780bc-4285-4c1f-be2a-f222fe59f73a-server-thread2] INFO  server.RaftServer$Division (ServerState.java:setRaftConf(386)) - a0a780bc-4285-4c1f-be2a-f222fe59f73a@group-58785C267393: set configuration 0: peers:[fc9979d5-d948-4828-9511-0e4a1771ac5f|127.0.0.1:15166, 78187b2a-fdcc-4f64-b78e-e48d2135caff|127.0.0.1:15175, a0a780bc-4285-4c1f-be2a-f222fe59f73a|127.0.0.1:15157]|listeners:[], old=null
2024-04-26 07:43:54,150 [a0a780bc-4285-4c1f-be2a-f222fe59f73a-server-thread2] INFO  segmented.SegmentedRaftLogWorker (SegmentedRaftLogWorker.java:startLogSegment(430)) - a0a780bc-4285-4c1f-be2a-f222fe59f73a@group-58785C267393-SegmentedRaftLogWorker: Starting segment from index:0
2024-04-26 07:43:54,150 [a0a780bc-4285-4c1f-be2a-f222fe59f73a@group-58785C267393-SegmentedRaftLogWorker] INFO  segmented.BufferedWriteChannel (BufferedWriteChannel.java:open(62)) - open log_inprogress_0 at position 0
2024-04-26 07:43:54,160 [fc9979d5-d948-4828-9511-0e4a1771ac5f@group-58785C267393-SegmentedRaftLogWorker] INFO  segmented.SegmentedRaftLogWorker (SegmentedRaftLogWorker.java:execute(634)) - fc9979d5-d948-4828-9511-0e4a1771ac5f@group-58785C267393-SegmentedRaftLogWorker: created new log segment /home/runner/work/ozone/ozone/hadoop-ozone/integration-test/target/test-dir/MiniOzoneClusterImpl-a56b3a23-5bf6-4b5b-a0fe-007206924a4e/ozone-meta/datanode-8/ratis/6848d74c-0497-49b3-84ff-58785c267393/current/log_inprogress_0
2024-04-26 07:43:54,160 [a0a780bc-4285-4c1f-be2a-f222fe59f73a@group-58785C267393-SegmentedRaftLogWorker] INFO  segmented.SegmentedRaftLogWorker (SegmentedRaftLogWorker.java:execute(634)) - a0a780bc-4285-4c1f-be2a-f222fe59f73a@group-58785C267393-SegmentedRaftLogWorker: created new log segment /home/runner/work/ozone/ozone/hadoop-ozone/integration-test/target/test-dir/MiniOzoneClusterImpl-a56b3a23-5bf6-4b5b-a0fe-007206924a4e/ozone-meta/datanode-7/ratis/6848d74c-0497-49b3-84ff-58785c267393/current/log_inprogress_0
2024-04-26 07:43:54,162 [78187b2a-fdcc-4f64-b78e-e48d2135caff@group-58785C267393-StateMachineUpdater] INFO  server.RaftServer$Division (LeaderStateImpl.java:isApplied(320)) - leader is ready since appliedIndex == 0 >= startIndex == 0
2024-04-26 07:43:54,805 [14d9c642-7495-4fc5-a0b1-a63fd7fd9772-impl-thread1] INFO  segmented.SegmentedRaftLogWorker (SegmentedRaftLogWorker.java:close(245)) - 14d9c642-7495-4fc5-a0b1-a63fd7fd9772@group-92B9C4CB7A94-SegmentedRaftLogWorker close()
2024-04-26 07:43:55,036 [14d9c642-7495-4fc5-a0b1-a63fd7fd9772-impl-thread2] INFO  segmented.SegmentedRaftLogWorker (SegmentedRaftLogWorker.java:close(245)) - 14d9c642-7495-4fc5-a0b1-a63fd7fd9772@group-8681D727A52F-SegmentedRaftLogWorker close()
2024-04-26 07:43:55,037 [JvmPauseMonitor17] INFO  util.JvmPauseMonitor (JvmPauseMonitor.java:run(152)) - JvmPauseMonitor-14d9c642-7495-4fc5-a0b1-a63fd7fd9772: Stopped
2024-04-26 07:43:57,039 [main] INFO  utils.DatanodeStoreCache (DatanodeStoreCache.java:shutdownCache(116)) - Skip clearing cache in mini cluster mode. Entries left: [/home/runner/work/ozone/ozone/hadoop-ozone/integration-test/target/test-dir/MiniOzoneClusterImpl-a56b3a23-5bf6-4b5b-a0fe-007206924a4e/ozone-meta/datanode-1/data-0/hdds/a56b3a23-5bf6-4b5b-a0fe-007206924a4e/DS-bd8de19f-071a-4b98-91c5-133c871fd36f/container.db, /home/runner/work/ozone/ozone/hadoop-ozone/integration-test/target/test-dir/MiniOzoneClusterImpl-a56b3a23-5bf6-4b5b-a0fe-007206924a4e/ozone-meta/datanode-2/data-0/hdds/a56b3a23-5bf6-4b5b-a0fe-007206924a4e/DS-35ec13d3-b314-440f-bc9f-bd2c1a4807f7/container.db, /home/runner/work/ozone/ozone/hadoop-ozone/integration-test/target/test-dir/MiniOzoneClusterImpl-a56b3a23-5bf6-4b5b-a0fe-007206924a4e/ozone-meta/datanode-3/data-0/hdds/a56b3a23-5bf6-4b5b-a0fe-007206924a4e/DS-a67a27f3-cf83-4d8b-a3d7-4389387b4a7c/container.db, /home/runner/work/ozone/ozone/hadoop-ozone/integration-test/target/test-dir/MiniOzoneClusterImpl-a56b3a23-5bf6-4b5b-a0fe-007206924a4e/ozone-meta/datanode-4/data-0/hdds/a56b3a23-5bf6-4b5b-a0fe-007206924a4e/DS-68d4e605-c967-4b7c-891f-f2ea2600d1ab/container.db, /home/runner/work/ozone/ozone/hadoop-ozone/integration-test/target/test-dir/MiniOzoneClusterImpl-a56b3a23-5bf6-4b5b-a0fe-007206924a4e/ozone-meta/datanode-5/data-0/hdds/a56b3a23-5bf6-4b5b-a0fe-007206924a4e/DS-bd12a281-37bf-46f1-b888-9edb751ed84d/container.db, /home/runner/work/ozone/ozone/hadoop-ozone/integration-test/target/test-dir/MiniOzoneClusterImpl-a56b3a23-5bf6-4b5b-a0fe-007206924a4e/ozone-meta/datanode-6/data-0/hdds/a56b3a23-5bf6-4b5b-a0fe-007206924a4e/DS-53d68d21-bc9c-4216-9ada-45309f7e6785/container.db, /home/runner/work/ozone/ozone/hadoop-ozone/integration-test/target/test-dir/MiniOzoneClusterImpl-a56b3a23-5bf6-4b5b-a0fe-007206924a4e/ozone-meta/datanode-7/data-0/hdds/a56b3a23-5bf6-4b5b-a0fe-007206924a4e/DS-03ccbcc1-b9ae-4b33-bcd8-36d27a4f7bc0/container.db, /home/runner/work/ozone/ozone/hadoop-ozone/integration-test/target/test-dir/MiniOzoneClusterImpl-a56b3a23-5bf6-4b5b-a0fe-007206924a4e/ozone-meta/datanode-8/data-0/hdds/a56b3a23-5bf6-4b5b-a0fe-007206924a4e/DS-ed68a511-7640-4ae6-9c68-e2452552bb7a/container.db, /home/runner/work/ozone/ozone/hadoop-ozone/integration-test/target/test-dir/MiniOzoneClusterImpl-a56b3a23-5bf6-4b5b-a0fe-007206924a4e/ozone-meta/datanode-9/data-0/hdds/a56b3a23-5bf6-4b5b-a0fe-007206924a4e/DS-040326c2-e965-4d08-84c4-4820c3fae4f0/container.db]
2024-04-26 07:43:57,040 [main] INFO  utils.DatanodeStoreCache (DatanodeStoreCache.java:removeDB(110)) - Removed db /home/runner/work/ozone/ozone/hadoop-ozone/integration-test/target/test-dir/MiniOzoneClusterImpl-a56b3a23-5bf6-4b5b-a0fe-007206924a4e/ozone-meta/datanode-5/data-0/hdds/a56b3a23-5bf6-4b5b-a0fe-007206924a4e/DS-bd12a281-37bf-46f1-b888-9edb751ed84d/container.db from cache
2024-04-26 07:43:57,040 [main] INFO  volume.HddsVolume (HddsVolume.java:closeDbStore(470)) - SchemaV3 db is stopped at /home/runner/work/ozone/ozone/hadoop-ozone/integration-test/target/test-dir/MiniOzoneClusterImpl-a56b3a23-5bf6-4b5b-a0fe-007206924a4e/ozone-meta/datanode-5/data-0/hdds/a56b3a23-5bf6-4b5b-a0fe-007206924a4e/DS-bd12a281-37bf-46f1-b888-9edb751ed84d/container.db for volume DS-bd12a281-37bf-46f1-b888-9edb751ed84d
2024-04-26 07:43:57,040 [main] INFO  utils.BackgroundService (BackgroundService.java:shutdown(160)) - Shutting down service BlockDeletingService
2024-04-26 07:43:57,041 [main] INFO  utils.BackgroundService (BackgroundService.java:shutdown(160)) - Shutting down service StaleRecoveringContainerScrubbingService
2024-04-26 07:43:57,041 [main] INFO  statemachine.DatanodeStateMachine (DatanodeStateMachine.java:stopDaemon(638)) - Ozone container server stopped.
2024-04-26 07:43:57,041 [main] INFO  handler.ContextHandler (ContextHandler.java:doStop(1159)) - Stopped o.e.j.w.WebAppContext@5e583af4{hddsDatanode,/,null,STOPPED}{file:/home/runner/work/ozone/ozone/hadoop-hdds/container-service/target/classes/webapps/hddsDatanode}
2024-04-26 07:43:57,042 [main] INFO  server.AbstractConnector (AbstractConnector.java:doStop(383)) - Stopped ServerConnector@2f357394{HTTP/1.1, (http/1.1)}{0.0.0.0:15134}
2024-04-26 07:43:57,042 [main] INFO  server.session (HouseKeeper.java:stopScavenging(149)) - node0 Stopped scavenging
2024-04-26 07:43:57,042 [main] INFO  handler.ContextHandler (ContextHandler.java:doStop(1159)) - Stopped o.e.j.s.ServletContextHandler@677f0c19{static,/static,file:///home/runner/work/ozone/ozone/hadoop-hdds/container-service/target/classes/webapps/static,STOPPED}
2024-04-26 07:43:57,042 [main] INFO  handler.ContextHandler (ContextHandler.java:doStop(1159)) - Stopped o.e.j.s.ServletContextHandler@2fce34e4{logs,/logs,file:///home/runner/work/ozone/ozone/hadoop-ozone/integration-test/target/log,STOPPED}
2024-04-26 07:43:57,044 [main] INFO  ozone.HddsDatanodeClientProtocolServer (HddsDatanodeClientProtocolServer.java:stop(83)) - Stopping the RPC server for Client Protocol
2024-04-26 07:43:57,044 [main] INFO  ipc.Server (Server.java:stop(3523)) - Stopping server on 15135
2024-04-26 07:43:57,044 [IPC Server listener on 15135] INFO  ipc.Server (Server.java:run(1434)) - Stopping IPC Server listener on 15135
2024-04-26 07:43:57,044 [IPC Server Responder] INFO  ipc.Server (Server.java:run(1567)) - Stopping IPC Server Responder
2024-04-26 07:43:57,045 [main] INFO  ozoneimpl.OzoneContainer (OzoneContainer.java:stop(481)) - Attempting to stop container services.
2024-04-26 07:43:57,046 [ContainerMetadataScanner] WARN  ozoneimpl.AbstractBackgroundContainerScanner (AbstractBackgroundContainerScanner.java:handleRemainingSleep(134)) - Background container scan was interrupted.
2024-04-26 07:43:57,046 [ContainerMetadataScanner] INFO  ozoneimpl.AbstractBackgroundContainerScanner (AbstractBackgroundContainerScanner.java:run(61)) - Thread[ContainerMetadataScanner,5,main] exiting.
2024-04-26 07:43:57,046 [main] INFO  ozoneimpl.BackgroundContainerDataScanner (BackgroundContainerDataScanner.java:shutdown(141)) - ContainerDataScanner(/home/runner/work/ozone/ozone/hadoop-ozone/integration-test/target/test-dir/MiniOzoneClusterImpl-a56b3a23-5bf6-4b5b-a0fe-007206924a4e/ozone-meta/datanode-6/data-0/hdds) is shutting down. 
2024-04-26 07:43:57,046 [ContainerDataScanner(/home/runner/work/ozone/ozone/hadoop-ozone/integration-test/target/test-dir/MiniOzoneClusterImpl-a56b3a23-5bf6-4b5b-a0fe-007206924a4e/ozone-meta/datanode-6/data-0/hdds)] WARN  ozoneimpl.AbstractBackgroundContainerScanner (AbstractBackgroundContainerScanner.java:handleRemainingSleep(134)) - Background container scan was interrupted.
2024-04-26 07:43:57,046 [ContainerDataScanner(/home/runner/work/ozone/ozone/hadoop-ozone/integration-test/target/test-dir/MiniOzoneClusterImpl-a56b3a23-5bf6-4b5b-a0fe-007206924a4e/ozone-meta/datanode-6/data-0/hdds)] INFO  ozoneimpl.AbstractBackgroundContainerScanner (AbstractBackgroundContainerScanner.java:run(61)) - ContainerDataScanner(/home/runner/work/ozone/ozone/hadoop-ozone/integration-test/target/test-dir/MiniOzoneClusterImpl-a56b3a23-5bf6-4b5b-a0fe-007206924a4e/ozone-meta/datanode-6/data-0/hdds, DS-53d68d21-bc9c-4216-9ada-45309f7e6785) exiting.
2024-04-26 07:43:57,046 [main] INFO  server.RaftServer (RaftServerProxy.java:lambda$close$9(416)) - 2f58e8cd-28e0-414a-bc84-31490c64287f: close
2024-04-26 07:43:57,046 [2f58e8cd-28e0-414a-bc84-31490c64287f-impl-thread1] INFO  server.RaftServer$Division (RaftServerImpl.java:lambda$close$3(526)) - 2f58e8cd-28e0-414a-bc84-31490c64287f@group-04F35EF3D096: shutdown
2024-04-26 07:43:57,046 [2f58e8cd-28e0-414a-bc84-31490c64287f-impl-thread1] INFO  util.JmxRegister (JmxRegister.java:unregister(73)) - Successfully un-registered JMX Bean with object name Ratis:service=RaftServer,group=group-04F35EF3D096,id=2f58e8cd-28e0-414a-bc84-31490c64287f
2024-04-26 07:43:57,047 [main] INFO  server.GrpcService (GrpcService.java:closeImpl(311)) - 2f58e8cd-28e0-414a-bc84-31490c64287f: shutdown server org.apache.ratis.grpc.server.GrpcClientProtocolService now
2024-04-26 07:43:57,047 [2f58e8cd-28e0-414a-bc84-31490c64287f-impl-thread2] INFO  server.RaftServer$Division (RaftServerImpl.java:lambda$close$3(526)) - 2f58e8cd-28e0-414a-bc84-31490c64287f@group-8681D727A52F: shutdown
2024-04-26 07:43:57,047 [2f58e8cd-28e0-414a-bc84-31490c64287f-impl-thread2] INFO  util.JmxRegister (JmxRegister.java:unregister(73)) - Successfully un-registered JMX Bean with object name Ratis:service=RaftServer,group=group-8681D727A52F,id=2f58e8cd-28e0-414a-bc84-31490c64287f
2024-04-26 07:43:57,047 [2f58e8cd-28e0-414a-bc84-31490c64287f-impl-thread2] INFO  impl.RoleInfo (RoleInfo.java:shutdownFollowerState(110)) - 2f58e8cd-28e0-414a-bc84-31490c64287f: shutdown 2f58e8cd-28e0-414a-bc84-31490c64287f@group-8681D727A52F-FollowerState
2024-04-26 07:43:57,047 [2f58e8cd-28e0-414a-bc84-31490c64287f-impl-thread2] INFO  impl.StateMachineUpdater (StateMachineUpdater.java:stopAndJoin(157)) - 2f58e8cd-28e0-414a-bc84-31490c64287f@group-8681D727A52F-StateMachineUpdater: set stopIndex = 2
2024-04-26 07:43:57,047 [2f58e8cd-28e0-414a-bc84-31490c64287f-impl-thread1] INFO  impl.RoleInfo (RoleInfo.java:shutdownLeaderState(94)) - 2f58e8cd-28e0-414a-bc84-31490c64287f: shutdown 2f58e8cd-28e0-414a-bc84-31490c64287f@group-04F35EF3D096-LeaderStateImpl
2024-04-26 07:43:57,047 [2f58e8cd-28e0-414a-bc84-31490c64287f-impl-thread1] INFO  impl.PendingRequests (PendingRequests.java:sendNotLeaderResponses(289)) - 2f58e8cd-28e0-414a-bc84-31490c64287f@group-04F35EF3D096-PendingRequests: sendNotLeaderResponses
2024-04-26 07:43:57,047 [main] INFO  server.GrpcService (GrpcService.java:closeImpl(320)) - 2f58e8cd-28e0-414a-bc84-31490c64287f: shutdown server org.apache.ratis.grpc.server.GrpcClientProtocolService successfully
2024-04-26 07:43:57,047 [main] INFO  server.GrpcService (GrpcService.java:closeImpl(311)) - 2f58e8cd-28e0-414a-bc84-31490c64287f: shutdown server GrpcServerProtocolService now
2024-04-26 07:43:57,048 [2f58e8cd-28e0-414a-bc84-31490c64287f-impl-thread1] INFO  impl.StateMachineUpdater (StateMachineUpdater.java:stopAndJoin(157)) - 2f58e8cd-28e0-414a-bc84-31490c64287f@group-04F35EF3D096-StateMachineUpdater: set stopIndex = 0
2024-04-26 07:43:57,048 [2f58e8cd-28e0-414a-bc84-31490c64287f@group-04F35EF3D096-StateMachineUpdater] INFO  ratis.ContainerStateMachine (ContainerStateMachine.java:takeSnapshot(355)) - group-04F35EF3D096: Taking a snapshot at:(t:1, i:0) file /home/runner/work/ozone/ozone/hadoop-ozone/integration-test/target/test-dir/MiniOzoneClusterImpl-a56b3a23-5bf6-4b5b-a0fe-007206924a4e/ozone-meta/datanode-6/ratis/6bf02e47-75b5-4427-a481-04f35ef3d096/sm/snapshot.1_0
2024-04-26 07:43:57,047 [2f58e8cd-28e0-414a-bc84-31490c64287f@group-8681D727A52F-StateMachineUpdater] INFO  ratis.ContainerStateMachine (ContainerStateMachine.java:takeSnapshot(355)) - group-8681D727A52F: Taking a snapshot at:(t:1, i:2) file /home/runner/work/ozone/ozone/hadoop-ozone/integration-test/target/test-dir/MiniOzoneClusterImpl-a56b3a23-5bf6-4b5b-a0fe-007206924a4e/ozone-meta/datanode-6/ratis/06776fe5-cc01-4eb7-ac51-8681d727a52f/sm/snapshot.1_2
2024-04-26 07:43:57,047 [2f58e8cd-28e0-414a-bc84-31490c64287f@group-8681D727A52F-FollowerState] INFO  impl.FollowerState (FollowerState.java:run(152)) - 2f58e8cd-28e0-414a-bc84-31490c64287f@group-8681D727A52F-FollowerState was interrupted
2024-04-26 07:43:57,048 [grpc-default-executor-4] WARN  server.GrpcServerProtocolService (LogUtils.java:warn(121)) - 2f58e8cd-28e0-414a-bc84-31490c64287f: APPEND_ENTRIES onError, lastRequest: null: org.apache.ratis.thirdparty.io.grpc.StatusRuntimeException: CANCELLED: client cancelled
2024-04-26 07:43:57,049 [2f58e8cd-28e0-414a-bc84-31490c64287f@group-04F35EF3D096-StateMachineUpdater] INFO  ratis.ContainerStateMachine (ContainerStateMachine.java:takeSnapshot(366)) - group-04F35EF3D096: Finished taking a snapshot at:(t:1, i:0) file:/home/runner/work/ozone/ozone/hadoop-ozone/integration-test/target/test-dir/MiniOzoneClusterImpl-a56b3a23-5bf6-4b5b-a0fe-007206924a4e/ozone-meta/datanode-6/ratis/6bf02e47-75b5-4427-a481-04f35ef3d096/sm/snapshot.1_0 took: 1 ms
2024-04-26 07:43:57,049 [grpc-default-executor-2] WARN  server.GrpcServerProtocolService (LogUtils.java:warn(121)) - 2f58e8cd-28e0-414a-bc84-31490c64287f: APPEND_ENTRIES onError, lastRequest: 84e7e7d6-61bf-4ff4-b705-307942077190->2f58e8cd-28e0-414a-bc84-31490c64287f#4-t1,previous=(t:1, i:1),leaderCommit=1,initializing? false,entries: size=1, first=(t:1, i:2), METADATAENTRY(c:1): org.apache.ratis.thirdparty.io.grpc.StatusRuntimeException: CANCELLED: client cancelled
2024-04-26 07:43:57,049 [2f58e8cd-28e0-414a-bc84-31490c64287f@group-8681D727A52F-StateMachineUpdater] INFO  ratis.ContainerStateMachine (ContainerStateMachine.java:takeSnapshot(366)) - group-8681D727A52F: Finished taking a snapshot at:(t:1, i:2) file:/home/runner/work/ozone/ozone/hadoop-ozone/integration-test/target/test-dir/MiniOzoneClusterImpl-a56b3a23-5bf6-4b5b-a0fe-007206924a4e/ozone-meta/datanode-6/ratis/06776fe5-cc01-4eb7-ac51-8681d727a52f/sm/snapshot.1_2 took: 3 ms
2024-04-26 07:43:57,050 [2f58e8cd-28e0-414a-bc84-31490c64287f@group-8681D727A52F-StateMachineUpdater] INFO  impl.StateMachineUpdater (StateMachineUpdater.java:takeSnapshot(295)) - 2f58e8cd-28e0-414a-bc84-31490c64287f@group-8681D727A52F-StateMachineUpdater: Took a snapshot at index 2
2024-04-26 07:43:57,050 [grpc-default-executor-2] WARN  server.GrpcLogAppender (LogUtils.java:warn(121)) - 84e7e7d6-61bf-4ff4-b705-307942077190@group-8681D727A52F->2f58e8cd-28e0-414a-bc84-31490c64287f-AppendLogResponseHandler: Failed appendEntries: org.apache.ratis.thirdparty.io.grpc.StatusRuntimeException: CANCELLED: RST_STREAM closed stream. HTTP/2 error code: CANCEL
2024-04-26 07:43:57,050 [main] INFO  server.GrpcService (GrpcService.java:closeImpl(320)) - 2f58e8cd-28e0-414a-bc84-31490c64287f: shutdown server GrpcServerProtocolService successfully
2024-04-26 07:43:57,050 [grpc-default-executor-2] WARN  server.GrpcLogAppender (GrpcLogAppender.java:lambda$resetClient$1(217)) - 84e7e7d6-61bf-4ff4-b705-307942077190@group-8681D727A52F->2f58e8cd-28e0-414a-bc84-31490c64287f-GrpcLogAppender: Follower failed (request=null, errorCount=1); keep nextIndex (3) unchanged and retry.
2024-04-26 07:43:57,050 [2f58e8cd-28e0-414a-bc84-31490c64287f@group-04F35EF3D096-StateMachineUpdater] INFO  impl.StateMachineUpdater (StateMachineUpdater.java:takeSnapshot(295)) - 2f58e8cd-28e0-414a-bc84-31490c64287f@group-04F35EF3D096-StateMachineUpdater: Took a snapshot at index 0
2024-04-26 07:43:57,050 [2f58e8cd-28e0-414a-bc84-31490c64287f@group-04F35EF3D096-StateMachineUpdater] INFO  impl.StateMachineUpdater (StateMachineUpdater.java:lambda$new$0(98)) - 2f58e8cd-28e0-414a-bc84-31490c64287f@group-04F35EF3D096-StateMachineUpdater: snapshotIndex: updateIncreasingly -1 -> 0
2024-04-26 07:43:57,050 [2f58e8cd-28e0-414a-bc84-31490c64287f@group-8681D727A52F-StateMachineUpdater] INFO  impl.StateMachineUpdater (StateMachineUpdater.java:lambda$new$0(98)) - 2f58e8cd-28e0-414a-bc84-31490c64287f@group-8681D727A52F-StateMachineUpdater: snapshotIndex: updateIncreasingly -1 -> 2
2024-04-26 07:43:57,050 [2f58e8cd-28e0-414a-bc84-31490c64287f-impl-thread1] INFO  server.RaftServer$Division (ServerState.java:close(427)) - 2f58e8cd-28e0-414a-bc84-31490c64287f@group-04F35EF3D096: applyIndex: 0
2024-04-26 07:43:57,050 [main] INFO  server.GrpcService (GrpcService.java:closeImpl(311)) - 2f58e8cd-28e0-414a-bc84-31490c64287f: shutdown server org.apache.ratis.grpc.server.GrpcAdminProtocolService now
2024-04-26 07:43:57,050 [2f58e8cd-28e0-414a-bc84-31490c64287f-impl-thread2] INFO  server.RaftServer$Division (ServerState.java:close(427)) - 2f58e8cd-28e0-414a-bc84-31490c64287f@group-8681D727A52F: applyIndex: 2
2024-04-26 07:43:57,050 [2f58e8cd-28e0-414a-bc84-31490c64287f@group-04F35EF3D096-cacheEviction-AwaitToRun] INFO  util.AwaitToRun (AwaitToRun.java:run(49)) - 2f58e8cd-28e0-414a-bc84-31490c64287f@group-04F35EF3D096-cacheEviction-AwaitToRun-AwaitForSignal is interrupted
2024-04-26 07:43:57,051 [2f58e8cd-28e0-414a-bc84-31490c64287f@group-8681D727A52F-cacheEviction-AwaitToRun] INFO  util.AwaitToRun (AwaitToRun.java:run(49)) - 2f58e8cd-28e0-414a-bc84-31490c64287f@group-8681D727A52F-cacheEviction-AwaitToRun-AwaitForSignal is interrupted
2024-04-26 07:43:57,051 [main] INFO  server.GrpcService (GrpcService.java:closeImpl(320)) - 2f58e8cd-28e0-414a-bc84-31490c64287f: shutdown server org.apache.ratis.grpc.server.GrpcAdminProtocolService successfully
2024-04-26 07:43:57,054 [2f58e8cd-28e0-414a-bc84-31490c64287f-NettyServerStreamRpc-bossGroup--thread1] INFO  logging.LoggingHandler (AbstractInternalLogger.java:log(148)) - [id: 0xd31f4e9d, L:/0.0.0.0:15149] CLOSE
2024-04-26 07:43:57,054 [2f58e8cd-28e0-414a-bc84-31490c64287f-NettyServerStreamRpc-bossGroup--thread1] INFO  logging.LoggingHandler (AbstractInternalLogger.java:log(148)) - [id: 0xd31f4e9d, L:/0.0.0.0:15149] INACTIVE
2024-04-26 07:43:57,054 [2f58e8cd-28e0-414a-bc84-31490c64287f-NettyServerStreamRpc-bossGroup--thread1] INFO  logging.LoggingHandler (AbstractInternalLogger.java:log(148)) - [id: 0xd31f4e9d, L:/0.0.0.0:15149] UNREGISTERED
2024-04-26 07:43:57,941 [2f58e8cd-28e0-414a-bc84-31490c64287f-impl-thread1] INFO  segmented.SegmentedRaftLogWorker (SegmentedRaftLogWorker.java:close(245)) - 2f58e8cd-28e0-414a-bc84-31490c64287f@group-04F35EF3D096-SegmentedRaftLogWorker close()
2024-04-26 07:43:58,038 [2f58e8cd-28e0-414a-bc84-31490c64287f-impl-thread2] INFO  segmented.SegmentedRaftLogWorker (SegmentedRaftLogWorker.java:close(245)) - 2f58e8cd-28e0-414a-bc84-31490c64287f@group-8681D727A52F-SegmentedRaftLogWorker close()
2024-04-26 07:43:58,038 [JvmPauseMonitor18] INFO  util.JvmPauseMonitor (JvmPauseMonitor.java:run(152)) - JvmPauseMonitor-2f58e8cd-28e0-414a-bc84-31490c64287f: Stopped
2024-04-26 07:43:59,052 [timer7] WARN  server.GrpcLogAppender (LogUtils.java:warn(121)) - 84e7e7d6-61bf-4ff4-b705-307942077190@group-8681D727A52F->14d9c642-7495-4fc5-a0b1-a63fd7fd9772-AppendLogResponseHandler: Failed appendEntries (Repeated 10 times in the last 5.001s): org.apache.ratis.thirdparty.io.grpc.StatusRuntimeException: UNAVAILABLE: io exception
2024-04-26 07:43:59,053 [timer0] WARN  server.GrpcLogAppender (GrpcLogAppender.java:lambda$resetClient$1(217)) - 84e7e7d6-61bf-4ff4-b705-307942077190@group-8681D727A52F->14d9c642-7495-4fc5-a0b1-a63fd7fd9772-GrpcLogAppender: Follower failed (request=null, errorCount=10); keep nextIndex (3) unchanged and retry. (Repeated 10 times in the last 5.001s)
2024-04-26 07:44:00,041 [main] INFO  utils.DatanodeStoreCache (DatanodeStoreCache.java:shutdownCache(116)) - Skip clearing cache in mini cluster mode. Entries left: [/home/runner/work/ozone/ozone/hadoop-ozone/integration-test/target/test-dir/MiniOzoneClusterImpl-a56b3a23-5bf6-4b5b-a0fe-007206924a4e/ozone-meta/datanode-1/data-0/hdds/a56b3a23-5bf6-4b5b-a0fe-007206924a4e/DS-bd8de19f-071a-4b98-91c5-133c871fd36f/container.db, /home/runner/work/ozone/ozone/hadoop-ozone/integration-test/target/test-dir/MiniOzoneClusterImpl-a56b3a23-5bf6-4b5b-a0fe-007206924a4e/ozone-meta/datanode-2/data-0/hdds/a56b3a23-5bf6-4b5b-a0fe-007206924a4e/DS-35ec13d3-b314-440f-bc9f-bd2c1a4807f7/container.db, /home/runner/work/ozone/ozone/hadoop-ozone/integration-test/target/test-dir/MiniOzoneClusterImpl-a56b3a23-5bf6-4b5b-a0fe-007206924a4e/ozone-meta/datanode-3/data-0/hdds/a56b3a23-5bf6-4b5b-a0fe-007206924a4e/DS-a67a27f3-cf83-4d8b-a3d7-4389387b4a7c/container.db, /home/runner/work/ozone/ozone/hadoop-ozone/integration-test/target/test-dir/MiniOzoneClusterImpl-a56b3a23-5bf6-4b5b-a0fe-007206924a4e/ozone-meta/datanode-4/data-0/hdds/a56b3a23-5bf6-4b5b-a0fe-007206924a4e/DS-68d4e605-c967-4b7c-891f-f2ea2600d1ab/container.db, /home/runner/work/ozone/ozone/hadoop-ozone/integration-test/target/test-dir/MiniOzoneClusterImpl-a56b3a23-5bf6-4b5b-a0fe-007206924a4e/ozone-meta/datanode-6/data-0/hdds/a56b3a23-5bf6-4b5b-a0fe-007206924a4e/DS-53d68d21-bc9c-4216-9ada-45309f7e6785/container.db, /home/runner/work/ozone/ozone/hadoop-ozone/integration-test/target/test-dir/MiniOzoneClusterImpl-a56b3a23-5bf6-4b5b-a0fe-007206924a4e/ozone-meta/datanode-7/data-0/hdds/a56b3a23-5bf6-4b5b-a0fe-007206924a4e/DS-03ccbcc1-b9ae-4b33-bcd8-36d27a4f7bc0/container.db, /home/runner/work/ozone/ozone/hadoop-ozone/integration-test/target/test-dir/MiniOzoneClusterImpl-a56b3a23-5bf6-4b5b-a0fe-007206924a4e/ozone-meta/datanode-8/data-0/hdds/a56b3a23-5bf6-4b5b-a0fe-007206924a4e/DS-ed68a511-7640-4ae6-9c68-e2452552bb7a/container.db, /home/runner/work/ozone/ozone/hadoop-ozone/integration-test/target/test-dir/MiniOzoneClusterImpl-a56b3a23-5bf6-4b5b-a0fe-007206924a4e/ozone-meta/datanode-9/data-0/hdds/a56b3a23-5bf6-4b5b-a0fe-007206924a4e/DS-040326c2-e965-4d08-84c4-4820c3fae4f0/container.db]
2024-04-26 07:44:00,042 [main] INFO  utils.DatanodeStoreCache (DatanodeStoreCache.java:removeDB(110)) - Removed db /home/runner/work/ozone/ozone/hadoop-ozone/integration-test/target/test-dir/MiniOzoneClusterImpl-a56b3a23-5bf6-4b5b-a0fe-007206924a4e/ozone-meta/datanode-6/data-0/hdds/a56b3a23-5bf6-4b5b-a0fe-007206924a4e/DS-53d68d21-bc9c-4216-9ada-45309f7e6785/container.db from cache
2024-04-26 07:44:00,042 [main] INFO  volume.HddsVolume (HddsVolume.java:closeDbStore(470)) - SchemaV3 db is stopped at /home/runner/work/ozone/ozone/hadoop-ozone/integration-test/target/test-dir/MiniOzoneClusterImpl-a56b3a23-5bf6-4b5b-a0fe-007206924a4e/ozone-meta/datanode-6/data-0/hdds/a56b3a23-5bf6-4b5b-a0fe-007206924a4e/DS-53d68d21-bc9c-4216-9ada-45309f7e6785/container.db for volume DS-53d68d21-bc9c-4216-9ada-45309f7e6785
2024-04-26 07:44:00,042 [main] INFO  utils.BackgroundService (BackgroundService.java:shutdown(160)) - Shutting down service BlockDeletingService
2024-04-26 07:44:00,042 [main] INFO  utils.BackgroundService (BackgroundService.java:shutdown(160)) - Shutting down service StaleRecoveringContainerScrubbingService
2024-04-26 07:44:00,043 [main] INFO  statemachine.DatanodeStateMachine (DatanodeStateMachine.java:stopDaemon(638)) - Ozone container server stopped.
2024-04-26 07:44:00,043 [main] INFO  handler.ContextHandler (ContextHandler.java:doStop(1159)) - Stopped o.e.j.w.WebAppContext@196f7dfd{hddsDatanode,/,null,STOPPED}{file:/home/runner/work/ozone/ozone/hadoop-hdds/container-service/target/classes/webapps/hddsDatanode}
2024-04-26 07:44:00,044 [main] INFO  server.AbstractConnector (AbstractConnector.java:doStop(383)) - Stopped ServerConnector@221f7bf5{HTTP/1.1, (http/1.1)}{0.0.0.0:15143}
2024-04-26 07:44:00,044 [main] INFO  server.session (HouseKeeper.java:stopScavenging(149)) - node0 Stopped scavenging
2024-04-26 07:44:00,044 [main] INFO  handler.ContextHandler (ContextHandler.java:doStop(1159)) - Stopped o.e.j.s.ServletContextHandler@768cfd06{static,/static,file:///home/runner/work/ozone/ozone/hadoop-hdds/container-service/target/classes/webapps/static,STOPPED}
2024-04-26 07:44:00,044 [main] INFO  handler.ContextHandler (ContextHandler.java:doStop(1159)) - Stopped o.e.j.s.ServletContextHandler@36d476c2{logs,/logs,file:///home/runner/work/ozone/ozone/hadoop-ozone/integration-test/target/log,STOPPED}
2024-04-26 07:44:00,045 [main] INFO  ozone.HddsDatanodeClientProtocolServer (HddsDatanodeClientProtocolServer.java:stop(83)) - Stopping the RPC server for Client Protocol
2024-04-26 07:44:00,045 [main] INFO  ipc.Server (Server.java:stop(3523)) - Stopping server on 15144
2024-04-26 07:44:00,045 [IPC Server listener on 15144] INFO  ipc.Server (Server.java:run(1434)) - Stopping IPC Server listener on 15144
2024-04-26 07:44:00,046 [IPC Server Responder] INFO  ipc.Server (Server.java:run(1567)) - Stopping IPC Server Responder
2024-04-26 07:44:00,049 [main] INFO  pipeline.PipelineManagerImpl (PipelineManagerImpl.java:closeContainersForPipeline(484)) - Container #1 closed for pipeline=PipelineID=06776fe5-cc01-4eb7-ac51-8681d727a52f
2024-04-26 07:44:00,049 [EventQueue-CloseContainerForCloseContainerEventHandler] INFO  container.CloseContainerEventHandler (CloseContainerEventHandler.java:onMessage(88)) - Close container Event triggered for container : #1, current state: CLOSING
2024-04-26 07:44:00,049 [main] INFO  pipeline.PipelineManagerImpl (PipelineManagerImpl.java:closePipeline(518)) - Pipeline PipelineID=06776fe5-cc01-4eb7-ac51-8681d727a52f moved to CLOSED state
2024-04-26 07:44:00,296 [grpc-default-executor-2] WARN  server.GrpcLogAppender (LogUtils.java:warn(121)) - 84e7e7d6-61bf-4ff4-b705-307942077190@group-8681D727A52F->14d9c642-7495-4fc5-a0b1-a63fd7fd9772-AppendLogResponseHandler: Failed appendEntries: org.apache.ratis.thirdparty.io.grpc.StatusRuntimeException: UNAVAILABLE: io exception
2024-04-26 07:44:00,296 [grpc-default-executor-1] WARN  server.GrpcLogAppender (GrpcLogAppender.java:lambda$resetClient$1(217)) - 84e7e7d6-61bf-4ff4-b705-307942077190@group-8681D727A52F->14d9c642-7495-4fc5-a0b1-a63fd7fd9772-GrpcLogAppender: Follower failed (request=null, errorCount=11); keep nextIndex (3) unchanged and retry.
2024-04-26 07:44:02,050 [timer7] WARN  server.GrpcLogAppender (GrpcLogAppender.java:lambda$resetClient$1(217)) - 84e7e7d6-61bf-4ff4-b705-307942077190@group-8681D727A52F->2f58e8cd-28e0-414a-bc84-31490c64287f-GrpcLogAppender: Follower failed (request=null, errorCount=8); keep nextIndex (3) unchanged and retry. (Repeated 8 times in the last 5.000s)
2024-04-26 07:44:02,050 [timer6] WARN  server.GrpcLogAppender (LogUtils.java:warn(121)) - 84e7e7d6-61bf-4ff4-b705-307942077190@group-8681D727A52F->2f58e8cd-28e0-414a-bc84-31490c64287f-AppendLogResponseHandler: Failed appendEntries (Repeated 8 times in the last 5.000s): org.apache.ratis.thirdparty.io.grpc.StatusRuntimeException: UNAVAILABLE: io exception
2024-04-26 07:44:02,798 [grpc-default-executor-1] WARN  server.GrpcLogAppender (LogUtils.java:warn(121)) - 84e7e7d6-61bf-4ff4-b705-307942077190@group-8681D727A52F->2f58e8cd-28e0-414a-bc84-31490c64287f-AppendLogResponseHandler: Failed appendEntries: org.apache.ratis.thirdparty.io.grpc.StatusRuntimeException: UNAVAILABLE: io exception
2024-04-26 07:44:02,798 [grpc-default-executor-2] WARN  server.GrpcLogAppender (GrpcLogAppender.java:lambda$resetClient$1(217)) - 84e7e7d6-61bf-4ff4-b705-307942077190@group-8681D727A52F->2f58e8cd-28e0-414a-bc84-31490c64287f-GrpcLogAppender: Follower failed (request=null, errorCount=9); keep nextIndex (3) unchanged and retry.
2024-04-26 07:44:03,075 [null-request--thread1] INFO  server.GrpcClientProtocolService (GrpcClientProtocolService.java:lambda$processClientRequest$0(284)) - Failed RaftClientRequest:client-E8FF138AEEDC->84e7e7d6-61bf-4ff4-b705-307942077190@group-8681D727A52F, cid=46, seq=null, Watch-ALL_COMMITTED(20), Message:<EMPTY>, reply=RaftClientReply:client-E8FF138AEEDC->84e7e7d6-61bf-4ff4-b705-307942077190@group-8681D727A52F, cid=46, FAILED org.apache.ratis.protocol.exceptions.NotReplicatedException: Request with call Id 46 and log index 20 is not yet replicated to ALL_COMMITTED, logIndex=20, commits[84e7e7d6-61bf-4ff4-b705-307942077190:c2, 14d9c642-7495-4fc5-a0b1-a63fd7fd9772:c1, 2f58e8cd-28e0-414a-bc84-31490c64287f:c2]
2024-04-26 07:44:03,077 [main] WARN  scm.XceiverClientRatis (XceiverClientRatis.java:watchForCommit(284)) - 3 way commit failed on pipeline Pipeline[ Id: 06776fe5-cc01-4eb7-ac51-8681d727a52f, Nodes: 14d9c642-7495-4fc5-a0b1-a63fd7fd9772(localhost/127.0.0.1)2f58e8cd-28e0-414a-bc84-31490c64287f(localhost/127.0.0.1)84e7e7d6-61bf-4ff4-b705-307942077190(localhost/127.0.0.1), ReplicationConfig: RATIS/THREE, State:OPEN, leaderId:84e7e7d6-61bf-4ff4-b705-307942077190, CreationTimestamp2024-04-26T07:43:45.806Z[Etc/UTC]]
java.util.concurrent.ExecutionException: org.apache.ratis.protocol.exceptions.NotReplicatedException: Request with call Id 46 and log index 20 is not yet replicated to ALL_COMMITTED
	at java.base/java.util.concurrent.CompletableFuture.reportGet(CompletableFuture.java:396)
	at java.base/java.util.concurrent.CompletableFuture.get(CompletableFuture.java:2073)
	at org.apache.hadoop.hdds.scm.XceiverClientRatis.watchForCommit(XceiverClientRatis.java:279)
	at org.apache.hadoop.ozone.client.rpc.TestWatchForCommit.lambda$testWatchForCommitForRetryfailure$0(TestWatchForCommit.java:286)
	at org.junit.jupiter.api.AssertThrows.assertThrows(AssertThrows.java:53)
	at org.junit.jupiter.api.AssertThrows.assertThrows(AssertThrows.java:35)
	at org.junit.jupiter.api.Assertions.assertThrows(Assertions.java:3115)
	at org.apache.hadoop.ozone.client.rpc.TestWatchForCommit.testWatchForCommitForRetryfailure(TestWatchForCommit.java:285)
	at java.base/jdk.internal.reflect.NativeMethodAccessorImpl.invoke0(Native Method)
	at java.base/jdk.internal.reflect.NativeMethodAccessorImpl.invoke(NativeMethodAccessorImpl.java:77)
	at java.base/jdk.internal.reflect.DelegatingMethodAccessorImpl.invoke(DelegatingMethodAccessorImpl.java:43)
	at java.base/java.lang.reflect.Method.invoke(Method.java:568)
	at org.junit.platform.commons.util.ReflectionUtils.invokeMethod(ReflectionUtils.java:728)
	at org.junit.jupiter.engine.execution.MethodInvocation.proceed(MethodInvocation.java:60)
	at org.junit.jupiter.engine.execution.InvocationInterceptorChain$ValidatingInvocation.proceed(InvocationInterceptorChain.java:131)
	at org.junit.jupiter.engine.extension.TimeoutExtension.intercept(TimeoutExtension.java:156)
	at org.junit.jupiter.engine.extension.TimeoutExtension.interceptTestableMethod(TimeoutExtension.java:147)
	at org.junit.jupiter.engine.extension.TimeoutExtension.interceptTestMethod(TimeoutExtension.java:86)
	at org.junit.jupiter.engine.execution.InterceptingExecutableInvoker$ReflectiveInterceptorCall.lambda$ofVoidMethod$0(InterceptingExecutableInvoker.java:103)
	at org.junit.jupiter.engine.execution.InterceptingExecutableInvoker.lambda$invoke$0(InterceptingExecutableInvoker.java:93)
	at org.junit.jupiter.engine.execution.InvocationInterceptorChain$InterceptedInvocation.proceed(InvocationInterceptorChain.java:106)
	at org.junit.jupiter.engine.execution.InvocationInterceptorChain.proceed(InvocationInterceptorChain.java:64)
	at org.junit.jupiter.engine.execution.InvocationInterceptorChain.chainAndInvoke(InvocationInterceptorChain.java:45)
	at org.junit.jupiter.engine.execution.InvocationInterceptorChain.invoke(InvocationInterceptorChain.java:37)
	at org.junit.jupiter.engine.execution.InterceptingExecutableInvoker.invoke(InterceptingExecutableInvoker.java:92)
	at org.junit.jupiter.engine.execution.InterceptingExecutableInvoker.invoke(InterceptingExecutableInvoker.java:86)
	at org.junit.jupiter.engine.descriptor.TestMethodTestDescriptor.lambda$invokeTestMethod$7(TestMethodTestDescriptor.java:218)
	at org.junit.platform.engine.support.hierarchical.ThrowableCollector.execute(ThrowableCollector.java:73)
	at org.junit.jupiter.engine.descriptor.TestMethodTestDescriptor.invokeTestMethod(TestMethodTestDescriptor.java:214)
	at org.junit.jupiter.engine.descriptor.TestMethodTestDescriptor.execute(TestMethodTestDescriptor.java:139)
	at org.junit.jupiter.engine.descriptor.TestMethodTestDescriptor.execute(TestMethodTestDescriptor.java:69)
	at org.junit.platform.engine.support.hierarchical.NodeTestTask.lambda$executeRecursively$6(NodeTestTask.java:151)
	at org.junit.platform.engine.support.hierarchical.ThrowableCollector.execute(ThrowableCollector.java:73)
	at org.junit.platform.engine.support.hierarchical.NodeTestTask.lambda$executeRecursively$8(NodeTestTask.java:141)
	at org.junit.platform.engine.support.hierarchical.Node.around(Node.java:137)
	at org.junit.platform.engine.support.hierarchical.NodeTestTask.lambda$executeRecursively$9(NodeTestTask.java:139)
	at org.junit.platform.engine.support.hierarchical.ThrowableCollector.execute(ThrowableCollector.java:73)
	at org.junit.platform.engine.support.hierarchical.NodeTestTask.executeRecursively(NodeTestTask.java:138)
	at org.junit.platform.engine.support.hierarchical.NodeTestTask.execute(NodeTestTask.java:95)
	at java.base/java.util.ArrayList.forEach(ArrayList.java:1511)
	at org.junit.platform.engine.support.hierarchical.SameThreadHierarchicalTestExecutorService.invokeAll(SameThreadHierarchicalTestExecutorService.java:41)
	at org.junit.platform.engine.support.hierarchical.NodeTestTask.lambda$executeRecursively$6(NodeTestTask.java:155)
	at org.junit.platform.engine.support.hierarchical.ThrowableCollector.execute(ThrowableCollector.java:73)
	at org.junit.platform.engine.support.hierarchical.NodeTestTask.lambda$executeRecursively$8(NodeTestTask.java:141)
	at org.junit.platform.engine.support.hierarchical.Node.around(Node.java:137)
	at org.junit.platform.engine.support.hierarchical.NodeTestTask.lambda$executeRecursively$9(NodeTestTask.java:139)
	at org.junit.platform.engine.support.hierarchical.ThrowableCollector.execute(ThrowableCollector.java:73)
	at org.junit.platform.engine.support.hierarchical.NodeTestTask.executeRecursively(NodeTestTask.java:138)
	at org.junit.platform.engine.support.hierarchical.NodeTestTask.execute(NodeTestTask.java:95)
	at java.base/java.util.ArrayList.forEach(ArrayList.java:1511)
	at org.junit.platform.engine.support.hierarchical.SameThreadHierarchicalTestExecutorService.invokeAll(SameThreadHierarchicalTestExecutorService.java:41)
	at org.junit.platform.engine.support.hierarchical.NodeTestTask.lambda$executeRecursively$6(NodeTestTask.java:155)
	at org.junit.platform.engine.support.hierarchical.ThrowableCollector.execute(ThrowableCollector.java:73)
	at org.junit.platform.engine.support.hierarchical.NodeTestTask.lambda$executeRecursively$8(NodeTestTask.java:141)
	at org.junit.platform.engine.support.hierarchical.Node.around(Node.java:137)
	at org.junit.platform.engine.support.hierarchical.NodeTestTask.lambda$executeRecursively$9(NodeTestTask.java:139)
	at org.junit.platform.engine.support.hierarchical.ThrowableCollector.execute(ThrowableCollector.java:73)
	at org.junit.platform.engine.support.hierarchical.NodeTestTask.executeRecursively(NodeTestTask.java:138)
	at org.junit.platform.engine.support.hierarchical.NodeTestTask.execute(NodeTestTask.java:95)
	at org.junit.platform.engine.support.hierarchical.SameThreadHierarchicalTestExecutorService.submit(SameThreadHierarchicalTestExecutorService.java:35)
	at org.junit.platform.engine.support.hierarchical.HierarchicalTestExecutor.execute(HierarchicalTestExecutor.java:57)
	at org.junit.platform.engine.support.hierarchical.HierarchicalTestEngine.execute(HierarchicalTestEngine.java:54)
	at org.junit.platform.launcher.core.EngineExecutionOrchestrator.execute(EngineExecutionOrchestrator.java:198)
	at org.junit.platform.launcher.core.EngineExecutionOrchestrator.execute(EngineExecutionOrchestrator.java:169)
	at org.junit.platform.launcher.core.EngineExecutionOrchestrator.execute(EngineExecutionOrchestrator.java:93)
	at org.junit.platform.launcher.core.EngineExecutionOrchestrator.lambda$execute$0(EngineExecutionOrchestrator.java:58)
	at org.junit.platform.launcher.core.EngineExecutionOrchestrator.withInterceptedStreams(EngineExecutionOrchestrator.java:141)
	at org.junit.platform.launcher.core.EngineExecutionOrchestrator.execute(EngineExecutionOrchestrator.java:57)
	at org.junit.platform.launcher.core.DefaultLauncher.execute(DefaultLauncher.java:103)
	at org.junit.platform.launcher.core.DefaultLauncher.execute(DefaultLauncher.java:85)
	at org.junit.platform.launcher.core.DelegatingLauncher.execute(DelegatingLauncher.java:47)
	at org.junit.platform.launcher.core.SessionPerRequestLauncher.execute(SessionPerRequestLauncher.java:63)
	at org.apache.maven.surefire.junitplatform.JUnitPlatformProvider.invokeAllTests(JUnitPlatformProvider.java:154)
	at org.apache.maven.surefire.junitplatform.JUnitPlatformProvider.invoke(JUnitPlatformProvider.java:123)
	at org.apache.maven.surefire.booter.ForkedBooter.runSuitesInProcess(ForkedBooter.java:377)
	at org.apache.maven.surefire.booter.ForkedBooter.execute(ForkedBooter.java:138)
	at org.apache.maven.surefire.booter.ForkedBooter.run(ForkedBooter.java:465)
	at org.apache.maven.surefire.booter.ForkedBooter.main(ForkedBooter.java:451)
Caused by: org.apache.ratis.protocol.exceptions.NotReplicatedException: Request with call Id 46 and log index 20 is not yet replicated to ALL_COMMITTED
	at org.apache.ratis.client.impl.ClientProtoUtils.toRaftClientReply(ClientProtoUtils.java:400)
	at org.apache.ratis.grpc.client.GrpcClientProtocolClient$AsyncStreamObservers$1.onNext(GrpcClientProtocolClient.java:310)
	at org.apache.ratis.grpc.client.GrpcClientProtocolClient$AsyncStreamObservers$1.onNext(GrpcClientProtocolClient.java:305)
	at org.apache.ratis.thirdparty.io.grpc.stub.ClientCalls$StreamObserverToCallListenerAdapter.onMessage(ClientCalls.java:468)
	at org.apache.ratis.thirdparty.io.grpc.ForwardingClientCallListener.onMessage(ForwardingClientCallListener.java:33)
	at org.apache.ratis.thirdparty.io.grpc.internal.ClientCallImpl$ClientStreamListenerImpl$1MessagesAvailable.runInternal(ClientCallImpl.java:660)
	at org.apache.ratis.thirdparty.io.grpc.internal.ClientCallImpl$ClientStreamListenerImpl$1MessagesAvailable.runInContext(ClientCallImpl.java:647)
	at org.apache.ratis.thirdparty.io.grpc.internal.ContextRunnable.run(ContextRunnable.java:37)
	at org.apache.ratis.thirdparty.io.grpc.internal.SerializingExecutor.run(SerializingExecutor.java:133)
	at java.base/java.util.concurrent.ThreadPoolExecutor.runWorker(ThreadPoolExecutor.java:1136)
	at java.base/java.util.concurrent.ThreadPoolExecutor$Worker.run(ThreadPoolExecutor.java:635)
	at java.base/java.lang.Thread.run(Thread.java:840)
2024-04-26 07:44:04,438 [84e7e7d6-61bf-4ff4-b705-307942077190@group-8681D727A52F-LeaderStateImpl] WARN  server.RaftServer$Division (LeaderStateImpl.java:checkLeadership(1107)) - 84e7e7d6-61bf-4ff4-b705-307942077190@group-8681D727A52F-LeaderStateImpl: Lost leadership on term: 1. Election timeout: 5200ms. In charge for: 10754ms. Conf: 0: peers:[84e7e7d6-61bf-4ff4-b705-307942077190|127.0.0.1:15130, 14d9c642-7495-4fc5-a0b1-a63fd7fd9772|127.0.0.1:15139, 2f58e8cd-28e0-414a-bc84-31490c64287f|127.0.0.1:15148]|listeners:[], old=null
2024-04-26 07:44:04,438 [84e7e7d6-61bf-4ff4-b705-307942077190@group-8681D727A52F-LeaderStateImpl] WARN  server.RaftServer$Division (LeaderStateImpl.java:lambda$checkLeadership$21(1111)) - Follower 84e7e7d6-61bf-4ff4-b705-307942077190@group-8681D727A52F->14d9c642-7495-4fc5-a0b1-a63fd7fd9772(c1,m2,n3, caughtUp=true, lastRpcSendTime=901, lastRpcResponseTime=10402)
2024-04-26 07:44:04,438 [84e7e7d6-61bf-4ff4-b705-307942077190@group-8681D727A52F-LeaderStateImpl] WARN  server.RaftServer$Division (LeaderStateImpl.java:lambda$checkLeadership$21(1111)) - Follower 84e7e7d6-61bf-4ff4-b705-307942077190@group-8681D727A52F->2f58e8cd-28e0-414a-bc84-31490c64287f(c2,m2,n3, caughtUp=true, lastRpcSendTime=387, lastRpcResponseTime=7897)
2024-04-26 07:44:04,438 [84e7e7d6-61bf-4ff4-b705-307942077190@group-8681D727A52F-LeaderStateImpl] INFO  server.RaftServer$Division (RaftServerImpl.java:setRole(383)) - 84e7e7d6-61bf-4ff4-b705-307942077190@group-8681D727A52F: changes role from    LEADER to FOLLOWER at term 1 for StepDownReason:LOST_MAJORITY_HEARTBEATS
2024-04-26 07:44:04,438 [84e7e7d6-61bf-4ff4-b705-307942077190@group-8681D727A52F-LeaderStateImpl] INFO  impl.RoleInfo (RoleInfo.java:shutdownLeaderState(94)) - 84e7e7d6-61bf-4ff4-b705-307942077190: shutdown 84e7e7d6-61bf-4ff4-b705-307942077190@group-8681D727A52F-LeaderStateImpl
2024-04-26 07:44:04,439 [84e7e7d6-61bf-4ff4-b705-307942077190@group-8681D727A52F->14d9c642-7495-4fc5-a0b1-a63fd7fd9772-GrpcLogAppender-LogAppenderDaemon] WARN  server.GrpcLogAppender (GrpcLogAppender.java:mayWait(289)) - 84e7e7d6-61bf-4ff4-b705-307942077190@group-8681D727A52F->14d9c642-7495-4fc5-a0b1-a63fd7fd9772-GrpcLogAppender: Wait interrupted by java.lang.InterruptedException
2024-04-26 07:44:04,439 [84e7e7d6-61bf-4ff4-b705-307942077190@group-8681D727A52F-LeaderStateImpl] INFO  impl.PendingRequests (PendingRequests.java:sendNotLeaderResponses(289)) - 84e7e7d6-61bf-4ff4-b705-307942077190@group-8681D727A52F-PendingRequests: sendNotLeaderResponses
2024-04-26 07:44:04,439 [84e7e7d6-61bf-4ff4-b705-307942077190@group-8681D727A52F->2f58e8cd-28e0-414a-bc84-31490c64287f-GrpcLogAppender-LogAppenderDaemon] WARN  server.GrpcLogAppender (GrpcLogAppender.java:mayWait(289)) - 84e7e7d6-61bf-4ff4-b705-307942077190@group-8681D727A52F->2f58e8cd-28e0-414a-bc84-31490c64287f-GrpcLogAppender: Wait interrupted by java.lang.InterruptedException
2024-04-26 07:44:04,439 [null-request--thread1] INFO  server.GrpcClientProtocolService (GrpcClientProtocolService.java:lambda$processClientRequest$0(284)) - Failed RaftClientRequest:client-E8FF138AEEDC->84e7e7d6-61bf-4ff4-b705-307942077190@group-8681D727A52F, cid=47, seq=null, Watch-MAJORITY_COMMITTED(20), Message:<EMPTY>, reply=RaftClientReply:client-E8FF138AEEDC->84e7e7d6-61bf-4ff4-b705-307942077190@group-8681D727A52F, cid=47, FAILED org.apache.ratis.protocol.exceptions.NotLeaderException: Server 84e7e7d6-61bf-4ff4-b705-307942077190@group-8681D727A52F is not the leader, logIndex=0, commits[84e7e7d6-61bf-4ff4-b705-307942077190:c2, 14d9c642-7495-4fc5-a0b1-a63fd7fd9772:c1, 2f58e8cd-28e0-414a-bc84-31490c64287f:c2]
2024-04-26 07:44:04,439 [84e7e7d6-61bf-4ff4-b705-307942077190@group-8681D727A52F-LeaderStateImpl] INFO  server.RaftServer$Division (ServerState.java:setLeader(269)) - 84e7e7d6-61bf-4ff4-b705-307942077190@group-8681D727A52F: change Leader from 84e7e7d6-61bf-4ff4-b705-307942077190 to null at term 1 for StepDownReason:LOST_MAJORITY_HEARTBEATS
2024-04-26 07:44:04,440 [84e7e7d6-61bf-4ff4-b705-307942077190@group-8681D727A52F-LeaderStateImpl] INFO  impl.RoleInfo (RoleInfo.java:updateAndGet(139)) - 84e7e7d6-61bf-4ff4-b705-307942077190: start 84e7e7d6-61bf-4ff4-b705-307942077190@group-8681D727A52F-FollowerState
2024-04-26 07:44:05,044 [84e7e7d6-61bf-4ff4-b705-307942077190-CloseContainerThread-0] INFO  commandhandler.CloseContainerCommandHandler (CloseContainerCommandHandler.java:lambda$handle$0(154)) - Follower cannot close container #1.
2024-04-26 07:44:05,296 [timer7] WARN  server.GrpcLogAppender (GrpcLogAppender.java:lambda$resetClient$1(217)) - 84e7e7d6-61bf-4ff4-b705-307942077190@group-8681D727A52F->14d9c642-7495-4fc5-a0b1-a63fd7fd9772-GrpcLogAppender: Follower failed (request=null, errorCount=16); keep nextIndex (3) unchanged and retry. (Repeated 6 times in the last 5.000s)
2024-04-26 07:44:05,296 [timer6] WARN  server.GrpcLogAppender (LogUtils.java:warn(121)) - 84e7e7d6-61bf-4ff4-b705-307942077190@group-8681D727A52F->14d9c642-7495-4fc5-a0b1-a63fd7fd9772-AppendLogResponseHandler: Failed appendEntries (Repeated 6 times in the last 5.000s): org.apache.ratis.thirdparty.io.grpc.StatusRuntimeException: UNAVAILABLE: io exception
2024-04-26 07:44:06,398 [BackgroundPipelineScrubber] INFO  pipeline.PipelineManagerImpl (PipelineManagerImpl.java:scrubPipelines(610)) - Scrubbing pipeline: id: PipelineID=06776fe5-cc01-4eb7-ac51-8681d727a52f since it stays at CLOSED stage.
2024-04-26 07:44:06,398 [BackgroundPipelineScrubber] INFO  pipeline.RatisPipelineProvider (RatisPipelineProvider.java:lambda$close$4(270)) - Send pipeline:PipelineID=06776fe5-cc01-4eb7-ac51-8681d727a52f close command to datanode 14d9c642-7495-4fc5-a0b1-a63fd7fd9772
2024-04-26 07:44:06,399 [BackgroundPipelineScrubber] INFO  pipeline.RatisPipelineProvider (RatisPipelineProvider.java:lambda$close$4(270)) - Send pipeline:PipelineID=06776fe5-cc01-4eb7-ac51-8681d727a52f close command to datanode 2f58e8cd-28e0-414a-bc84-31490c64287f
2024-04-26 07:44:06,399 [BackgroundPipelineScrubber] INFO  pipeline.RatisPipelineProvider (RatisPipelineProvider.java:lambda$close$4(270)) - Send pipeline:PipelineID=06776fe5-cc01-4eb7-ac51-8681d727a52f close command to datanode 84e7e7d6-61bf-4ff4-b705-307942077190
2024-04-26 07:44:06,399 [BackgroundPipelineScrubber] INFO  pipeline.PipelineManagerImpl (PipelineManagerImpl.java:removePipeline(459)) - Pipeline Pipeline[ Id: 06776fe5-cc01-4eb7-ac51-8681d727a52f, Nodes: 14d9c642-7495-4fc5-a0b1-a63fd7fd9772(localhost/127.0.0.1)2f58e8cd-28e0-414a-bc84-31490c64287f(localhost/127.0.0.1)84e7e7d6-61bf-4ff4-b705-307942077190(localhost/127.0.0.1), ReplicationConfig: RATIS/THREE, State:CLOSED, leaderId:84e7e7d6-61bf-4ff4-b705-307942077190, CreationTimestamp2024-04-26T07:43:45.806Z[Etc/UTC]] removed.
2024-04-26 07:44:07,798 [timer7] WARN  server.GrpcLogAppender (GrpcLogAppender.java:lambda$resetClient$1(217)) - 84e7e7d6-61bf-4ff4-b705-307942077190@group-8681D727A52F->2f58e8cd-28e0-414a-bc84-31490c64287f-GrpcLogAppender: Follower failed (request=null, errorCount=12); keep nextIndex (3) unchanged and retry. (Repeated 4 times in the last 5.000s)
2024-04-26 07:44:07,799 [timer6] WARN  server.GrpcLogAppender (LogUtils.java:warn(121)) - 84e7e7d6-61bf-4ff4-b705-307942077190@group-8681D727A52F->2f58e8cd-28e0-414a-bc84-31490c64287f-AppendLogResponseHandler: Failed appendEntries (Repeated 4 times in the last 5.001s): org.apache.ratis.thirdparty.io.grpc.StatusRuntimeException: UNAVAILABLE: io exception
2024-04-26 07:44:09,043 [84e7e7d6-61bf-4ff4-b705-307942077190-PipelineCommandHandlerThread-0] INFO  server.RaftServer (RaftServerProxy.java:remove(111)) - 84e7e7d6-61bf-4ff4-b705-307942077190: remove  FOLLOWER 84e7e7d6-61bf-4ff4-b705-307942077190@group-8681D727A52F:t1, leader=null, voted=84e7e7d6-61bf-4ff4-b705-307942077190, raftlog=Memoized:84e7e7d6-61bf-4ff4-b705-307942077190@group-8681D727A52F-SegmentedRaftLog:OPENED:c2, conf=0: peers:[84e7e7d6-61bf-4ff4-b705-307942077190|127.0.0.1:15130, 14d9c642-7495-4fc5-a0b1-a63fd7fd9772|127.0.0.1:15139, 2f58e8cd-28e0-414a-bc84-31490c64287f|127.0.0.1:15148]|listeners:[], old=null RUNNING
2024-04-26 07:44:09,044 [84e7e7d6-61bf-4ff4-b705-307942077190-PipelineCommandHandlerThread-0] INFO  server.RaftServer$Division (RaftServerImpl.java:lambda$close$3(526)) - 84e7e7d6-61bf-4ff4-b705-307942077190@group-8681D727A52F: shutdown
2024-04-26 07:44:09,044 [84e7e7d6-61bf-4ff4-b705-307942077190-PipelineCommandHandlerThread-0] INFO  util.JmxRegister (JmxRegister.java:unregister(73)) - Successfully un-registered JMX Bean with object name Ratis:service=RaftServer,group=group-8681D727A52F,id=84e7e7d6-61bf-4ff4-b705-307942077190
2024-04-26 07:44:09,044 [84e7e7d6-61bf-4ff4-b705-307942077190-PipelineCommandHandlerThread-0] INFO  impl.RoleInfo (RoleInfo.java:shutdownFollowerState(110)) - 84e7e7d6-61bf-4ff4-b705-307942077190: shutdown 84e7e7d6-61bf-4ff4-b705-307942077190@group-8681D727A52F-FollowerState
2024-04-26 07:44:09,044 [84e7e7d6-61bf-4ff4-b705-307942077190-PipelineCommandHandlerThread-0] INFO  impl.StateMachineUpdater (StateMachineUpdater.java:stopAndJoin(157)) - 84e7e7d6-61bf-4ff4-b705-307942077190@group-8681D727A52F-StateMachineUpdater: set stopIndex = 2
2024-04-26 07:44:09,044 [84e7e7d6-61bf-4ff4-b705-307942077190@group-8681D727A52F-FollowerState] INFO  impl.FollowerState (FollowerState.java:run(152)) - 84e7e7d6-61bf-4ff4-b705-307942077190@group-8681D727A52F-FollowerState was interrupted
2024-04-26 07:44:09,045 [84e7e7d6-61bf-4ff4-b705-307942077190@group-8681D727A52F-StateMachineUpdater] INFO  ratis.ContainerStateMachine (ContainerStateMachine.java:takeSnapshot(355)) - group-8681D727A52F: Taking a snapshot at:(t:1, i:2) file /home/runner/work/ozone/ozone/hadoop-ozone/integration-test/target/test-dir/MiniOzoneClusterImpl-a56b3a23-5bf6-4b5b-a0fe-007206924a4e/ozone-meta/datanode-4/ratis/06776fe5-cc01-4eb7-ac51-8681d727a52f/sm/snapshot.1_2
2024-04-26 07:44:09,046 [84e7e7d6-61bf-4ff4-b705-307942077190@group-8681D727A52F-StateMachineUpdater] INFO  ratis.ContainerStateMachine (ContainerStateMachine.java:takeSnapshot(366)) - group-8681D727A52F: Finished taking a snapshot at:(t:1, i:2) file:/home/runner/work/ozone/ozone/hadoop-ozone/integration-test/target/test-dir/MiniOzoneClusterImpl-a56b3a23-5bf6-4b5b-a0fe-007206924a4e/ozone-meta/datanode-4/ratis/06776fe5-cc01-4eb7-ac51-8681d727a52f/sm/snapshot.1_2 took: 1 ms
2024-04-26 07:44:09,046 [84e7e7d6-61bf-4ff4-b705-307942077190@group-8681D727A52F-StateMachineUpdater] INFO  impl.StateMachineUpdater (StateMachineUpdater.java:takeSnapshot(295)) - 84e7e7d6-61bf-4ff4-b705-307942077190@group-8681D727A52F-StateMachineUpdater: Took a snapshot at index 2
2024-04-26 07:44:09,046 [84e7e7d6-61bf-4ff4-b705-307942077190@group-8681D727A52F-StateMachineUpdater] INFO  impl.StateMachineUpdater (StateMachineUpdater.java:lambda$new$0(98)) - 84e7e7d6-61bf-4ff4-b705-307942077190@group-8681D727A52F-StateMachineUpdater: snapshotIndex: updateIncreasingly -1 -> 2
2024-04-26 07:44:09,046 [84e7e7d6-61bf-4ff4-b705-307942077190-PipelineCommandHandlerThread-0] INFO  server.RaftServer$Division (ServerState.java:close(427)) - 84e7e7d6-61bf-4ff4-b705-307942077190@group-8681D727A52F: applyIndex: 2
2024-04-26 07:44:09,047 [84e7e7d6-61bf-4ff4-b705-307942077190@group-8681D727A52F-cacheEviction-AwaitToRun] INFO  util.AwaitToRun (AwaitToRun.java:run(49)) - 84e7e7d6-61bf-4ff4-b705-307942077190@group-8681D727A52F-cacheEviction-AwaitToRun-AwaitForSignal is interrupted
2024-04-26 07:44:10,036 [84e7e7d6-61bf-4ff4-b705-307942077190-PipelineCommandHandlerThread-0] INFO  segmented.SegmentedRaftLogWorker (SegmentedRaftLogWorker.java:close(245)) - 84e7e7d6-61bf-4ff4-b705-307942077190@group-8681D727A52F-SegmentedRaftLogWorker close()
2024-04-26 07:44:10,037 [84e7e7d6-61bf-4ff4-b705-307942077190-PipelineCommandHandlerThread-0] INFO  keyvalue.KeyValueContainer (KeyValueContainer.java:flushAndSyncDB(522)) - Container 1 is synced with bcsId 0.
2024-04-26 07:44:10,037 [84e7e7d6-61bf-4ff4-b705-307942077190-PipelineCommandHandlerThread-0] INFO  keyvalue.KeyValueContainer (KeyValueContainer.java:flushAndSyncDB(522)) - Container 1 is synced with bcsId 0.
2024-04-26 07:44:10,040 [84e7e7d6-61bf-4ff4-b705-307942077190-PipelineCommandHandlerThread-0] INFO  server.RaftServer$Division (RaftServerImpl.java:groupRemove(496)) - 84e7e7d6-61bf-4ff4-b705-307942077190@group-8681D727A52F: Succeed to remove RaftStorageDirectory Storage Directory /home/runner/work/ozone/ozone/hadoop-ozone/integration-test/target/test-dir/MiniOzoneClusterImpl-a56b3a23-5bf6-4b5b-a0fe-007206924a4e/ozone-meta/datanode-4/ratis/06776fe5-cc01-4eb7-ac51-8681d727a52f
2024-04-26 07:44:10,041 [84e7e7d6-61bf-4ff4-b705-307942077190-PipelineCommandHandlerThread-0] ERROR commandhandler.ClosePipelineCommandHandler (ClosePipelineCommandHandler.java:lambda$handle$2(137)) - Can't close pipeline PipelineID=06776fe5-cc01-4eb7-ac51-8681d727a52f
org.apache.ratis.protocol.exceptions.GroupMismatchException: 84e7e7d6-61bf-4ff4-b705-307942077190: group-8681D727A52F not found.
	at org.apache.ratis.server.impl.RaftServerProxy$ImplMap.get(RaftServerProxy.java:154)
	at org.apache.ratis.server.impl.RaftServerProxy.getImplFuture(RaftServerProxy.java:364)
	at org.apache.ratis.server.impl.RaftServerProxy.getImpl(RaftServerProxy.java:373)
	at org.apache.ratis.server.impl.RaftServerProxy.getDivision(RaftServerProxy.java:386)
	at org.apache.hadoop.ozone.container.common.transport.server.ratis.XceiverServerRatis.getRaftPeersInPipeline(XceiverServerRatis.java:951)
	at org.apache.hadoop.ozone.container.common.statemachine.commandhandler.ClosePipelineCommandHandler.lambda$handle$2(ClosePipelineCommandHandler.java:114)
	at java.base/java.util.concurrent.CompletableFuture$AsyncRun.run(CompletableFuture.java:1804)
	at java.base/java.util.concurrent.ThreadPoolExecutor.runWorker(ThreadPoolExecutor.java:1136)
	at java.base/java.util.concurrent.ThreadPoolExecutor$Worker.run(ThreadPoolExecutor.java:635)
	at java.base/java.lang.Thread.run(Thread.java:840)
2024-04-26 07:44:10,045 [FixedThreadPoolWithAffinityExecutor-9-0] INFO  container.IncrementalContainerReportHandler (AbstractContainerReportHandler.java:updateContainerState(287)) - Moving container #1 to QUASI_CLOSED state, datanode 84e7e7d6-61bf-4ff4-b705-307942077190(localhost/127.0.0.1) reported QUASI_CLOSED replica.
2024-04-26 07:44:13,831 [main] INFO  ozone.MiniOzoneClusterImpl (MiniOzoneClusterImpl.java:shutdown(396)) - Shutting down the Mini Ozone Cluster
2024-04-26 07:44:13,831 [main] INFO  db.CodecTestUtil (CodecTestUtil.java:gc(50)) - gc 0
2024-04-26 07:44:13,998 [main] INFO  ozone.MiniOzoneClusterImpl (MiniOzoneClusterImpl.java:stop(412)) - Stopping the Mini Ozone Cluster
2024-04-26 07:44:13,998 [main] INFO  om.OzoneManager (OzoneManager.java:stop(2232)) - om1[localhost:15093]: Stopping Ozone Manager
2024-04-26 07:44:13,998 [main] INFO  ipc.Server (Server.java:stop(3523)) - Stopping server on 15093
2024-04-26 07:44:13,999 [IPC Server Responder] INFO  ipc.Server (Server.java:run(1567)) - Stopping IPC Server Responder
2024-04-26 07:44:13,999 [IPC Server listener on 15093] INFO  ipc.Server (Server.java:run(1434)) - Stopping IPC Server listener on 15093
2024-04-26 07:44:13,999 [main] INFO  ratis.OzoneManagerRatisServer (OzoneManagerRatisServer.java:stop(594)) - Stopping org.apache.hadoop.ozone.om.ratis.OzoneManagerRatisServer@5f6da867 at port 15096
2024-04-26 07:44:13,999 [main] INFO  server.RaftServer (RaftServerProxy.java:lambda$close$9(416)) - om1: close
2024-04-26 07:44:14,000 [om1-impl-thread1] INFO  server.RaftServer$Division (RaftServerImpl.java:lambda$close$3(526)) - om1@group-C5BA1605619E: shutdown
2024-04-26 07:44:14,000 [main] INFO  server.GrpcService (GrpcService.java:closeImpl(311)) - om1: shutdown server GrpcServerProtocolService now
2024-04-26 07:44:14,000 [om1-impl-thread1] INFO  util.JmxRegister (JmxRegister.java:unregister(73)) - Successfully un-registered JMX Bean with object name Ratis:service=RaftServer,group=group-C5BA1605619E,id=om1
2024-04-26 07:44:14,000 [om1-impl-thread1] INFO  impl.RoleInfo (RoleInfo.java:shutdownLeaderState(94)) - om1: shutdown om1@group-C5BA1605619E-LeaderStateImpl
2024-04-26 07:44:14,000 [om1-impl-thread1] INFO  impl.PendingRequests (PendingRequests.java:sendNotLeaderResponses(289)) - om1@group-C5BA1605619E-PendingRequests: sendNotLeaderResponses
2024-04-26 07:44:14,000 [om1-impl-thread1] INFO  impl.StateMachineUpdater (StateMachineUpdater.java:stopAndJoin(157)) - om1@group-C5BA1605619E-StateMachineUpdater: set stopIndex = 4
2024-04-26 07:44:14,000 [om1@group-C5BA1605619E-StateMachineUpdater] INFO  ratis.OzoneManagerStateMachine (OzoneManagerStateMachine.java:takeSnapshotImpl(481)) -  applied = (t:1, i:3)
2024-04-26 07:44:14,000 [om1@group-C5BA1605619E-StateMachineUpdater] INFO  ratis.OzoneManagerStateMachine (OzoneManagerStateMachine.java:takeSnapshotImpl(482)) -  skipped = 3
2024-04-26 07:44:14,001 [om1@group-C5BA1605619E-StateMachineUpdater] INFO  ratis.OzoneManagerStateMachine (OzoneManagerStateMachine.java:takeSnapshotImpl(483)) - notified = (t:1, i:4)
2024-04-26 07:44:14,001 [om1@group-C5BA1605619E-StateMachineUpdater] INFO  ratis.OzoneManagerStateMachine (OzoneManagerStateMachine.java:takeSnapshotImpl(484)) - snapshot = (t:1, i:4)
2024-04-26 07:44:14,001 [main] INFO  server.GrpcService (GrpcService.java:closeImpl(320)) - om1: shutdown server GrpcServerProtocolService successfully
2024-04-26 07:44:14,010 [om1@group-C5BA1605619E-StateMachineUpdater] INFO  impl.StateMachineUpdater (StateMachineUpdater.java:takeSnapshot(295)) - om1@group-C5BA1605619E-StateMachineUpdater: Took a snapshot at index 4
2024-04-26 07:44:14,011 [om1@group-C5BA1605619E-StateMachineUpdater] INFO  impl.StateMachineUpdater (StateMachineUpdater.java:lambda$new$0(98)) - om1@group-C5BA1605619E-StateMachineUpdater: snapshotIndex: updateIncreasingly -1 -> 4
2024-04-26 07:44:14,011 [om1@group-C5BA1605619E-StateMachineUpdater] INFO  ratis.OzoneManagerStateMachine (OzoneManagerStateMachine.java:close(527)) - Stopping OzoneManagerStateMachine:om1:group-C5BA1605619E.
2024-04-26 07:44:14,011 [om1@group-C5BA1605619E-StateMachineUpdater] INFO  ratis.OzoneManagerDoubleBuffer (OzoneManagerDoubleBuffer.java:stopDaemon(517)) - Stopping OMDoubleBuffer flush thread
2024-04-26 07:44:14,011 [om1-OMDoubleBufferFlushThread] INFO  ratis.OzoneManagerDoubleBuffer (OzoneManagerDoubleBuffer.java:canFlush(581)) - OMDoubleBuffer flush thread om1-OMDoubleBufferFlushThread is interrupted and will exit.
2024-04-26 07:44:14,011 [om1-impl-thread1] INFO  server.RaftServer$Division (ServerState.java:close(427)) - om1@group-C5BA1605619E: applyIndex: 3
2024-04-26 07:44:14,011 [om1@group-C5BA1605619E-cacheEviction-AwaitToRun] INFO  util.AwaitToRun (AwaitToRun.java:run(49)) - om1@group-C5BA1605619E-cacheEviction-AwaitToRun-AwaitForSignal is interrupted
2024-04-26 07:44:14,018 [om1-impl-thread1] INFO  segmented.SegmentedRaftLogWorker (SegmentedRaftLogWorker.java:close(245)) - om1@group-C5BA1605619E-SegmentedRaftLogWorker close()
2024-04-26 07:44:14,018 [JvmPauseMonitor12] INFO  util.JvmPauseMonitor (JvmPauseMonitor.java:run(152)) - JvmPauseMonitor-om1: Stopped
2024-04-26 07:44:14,018 [main] INFO  utils.BackgroundService (BackgroundService.java:shutdown(160)) - Shutting down service KeyDeletingService
2024-04-26 07:44:14,019 [main] INFO  utils.BackgroundService (BackgroundService.java:shutdown(160)) - Shutting down service DirectoryDeletingService
2024-04-26 07:44:14,019 [main] INFO  utils.BackgroundService (BackgroundService.java:shutdown(160)) - Shutting down service OpenKeyCleanupService
2024-04-26 07:44:14,019 [main] INFO  utils.BackgroundService (BackgroundService.java:shutdown(160)) - Shutting down service SstFilteringService
2024-04-26 07:44:14,019 [main] INFO  utils.BackgroundService (BackgroundService.java:shutdown(160)) - Shutting down service SnapshotDeletingService
2024-04-26 07:44:14,020 [main] INFO  utils.BackgroundService (BackgroundService.java:shutdown(160)) - Shutting down service MultipartUploadCleanupService
2024-04-26 07:44:14,020 [main] INFO  utils.BackgroundService (BackgroundService.java:shutdown(160)) - Shutting down service SnapshotDirectoryCleaningService
2024-04-26 07:44:14,020 [main] INFO  handler.ContextHandler (ContextHandler.java:doStop(1159)) - Stopped o.e.j.w.WebAppContext@6d9f3b1f{ozoneManager,/,null,STOPPED}{file:/home/runner/work/ozone/ozone/hadoop-ozone/integration-test/target/test-classes/webapps/ozoneManager}
2024-04-26 07:44:14,021 [main] INFO  server.AbstractConnector (AbstractConnector.java:doStop(383)) - Stopped ServerConnector@15774e00{HTTP/1.1, (http/1.1)}{0.0.0.0:15094}
2024-04-26 07:44:14,021 [main] INFO  server.session (HouseKeeper.java:stopScavenging(149)) - node0 Stopped scavenging
2024-04-26 07:44:14,021 [main] INFO  handler.ContextHandler (ContextHandler.java:doStop(1159)) - Stopped o.e.j.s.ServletContextHandler@43a22aa2{static,/static,file:///home/runner/work/ozone/ozone/hadoop-ozone/integration-test/target/test-classes/webapps/static,STOPPED}
2024-04-26 07:44:14,021 [main] INFO  handler.ContextHandler (ContextHandler.java:doStop(1159)) - Stopped o.e.j.s.ServletContextHandler@148fc881{logs,/logs,file:///home/runner/work/ozone/ozone/hadoop-ozone/integration-test/target/log,STOPPED}
2024-04-26 07:44:14,021 [main] INFO  rocksdiff.RocksDBCheckpointDiffer (RocksDBCheckpointDiffer.java:close(310)) - Shutting down CompactionDagPruningService.
2024-04-26 07:44:14,023 [main] INFO  snapshot.SnapshotDiffManager (SnapshotDiffManager.java:closeExecutorService(1657)) - Shutting down executorService: 'SnapDiffExecutor'
2024-04-26 07:44:14,023 [main] INFO  utils.BackgroundService (BackgroundService.java:shutdown(160)) - Shutting down service SnapshotDiffCleanupService
2024-04-26 07:44:14,023 [main] INFO  ozone.MiniOzoneClusterImpl (MiniOzoneClusterImpl.java:stopDatanodes(471)) - Stopping the HddsDatanodes
2024-04-26 07:44:14,026 [ForkJoinPool.commonPool-worker-3] INFO  ozoneimpl.OzoneContainer (OzoneContainer.java:stop(481)) - Attempting to stop container services.
2024-04-26 07:44:14,027 [ForkJoinPool.commonPool-worker-1] INFO  ozoneimpl.OzoneContainer (OzoneContainer.java:stop(481)) - Attempting to stop container services.
2024-04-26 07:44:14,026 [ForkJoinPool.commonPool-worker-2] INFO  ozoneimpl.OzoneContainer (OzoneContainer.java:stop(481)) - Attempting to stop container services.
2024-04-26 07:44:14,027 [ContainerMetadataScanner] WARN  ozoneimpl.AbstractBackgroundContainerScanner (AbstractBackgroundContainerScanner.java:handleRemainingSleep(134)) - Background container scan was interrupted.
2024-04-26 07:44:14,027 [ContainerMetadataScanner] INFO  ozoneimpl.AbstractBackgroundContainerScanner (AbstractBackgroundContainerScanner.java:run(61)) - Thread[ContainerMetadataScanner,5,main] exiting.
2024-04-26 07:44:14,027 [ContainerMetadataScanner] WARN  ozoneimpl.AbstractBackgroundContainerScanner (AbstractBackgroundContainerScanner.java:handleRemainingSleep(134)) - Background container scan was interrupted.
2024-04-26 07:44:14,027 [ContainerMetadataScanner] INFO  ozoneimpl.AbstractBackgroundContainerScanner (AbstractBackgroundContainerScanner.java:run(61)) - Thread[ContainerMetadataScanner,5,main] exiting.
2024-04-26 07:44:14,027 [ForkJoinPool.commonPool-worker-3] INFO  ozoneimpl.BackgroundContainerDataScanner (BackgroundContainerDataScanner.java:shutdown(141)) - ContainerDataScanner(/home/runner/work/ozone/ozone/hadoop-ozone/integration-test/target/test-dir/MiniOzoneClusterImpl-a56b3a23-5bf6-4b5b-a0fe-007206924a4e/ozone-meta/datanode-7/data-0/hdds) is shutting down. 
2024-04-26 07:44:14,028 [ContainerDataScanner(/home/runner/work/ozone/ozone/hadoop-ozone/integration-test/target/test-dir/MiniOzoneClusterImpl-a56b3a23-5bf6-4b5b-a0fe-007206924a4e/ozone-meta/datanode-7/data-0/hdds)] WARN  ozoneimpl.AbstractBackgroundContainerScanner (AbstractBackgroundContainerScanner.java:handleRemainingSleep(134)) - Background container scan was interrupted.
2024-04-26 07:44:14,027 [ContainerMetadataScanner] WARN  ozoneimpl.AbstractBackgroundContainerScanner (AbstractBackgroundContainerScanner.java:handleRemainingSleep(134)) - Background container scan was interrupted.
2024-04-26 07:44:14,028 [ContainerMetadataScanner] INFO  ozoneimpl.AbstractBackgroundContainerScanner (AbstractBackgroundContainerScanner.java:run(61)) - Thread[ContainerMetadataScanner,5,main] exiting.
2024-04-26 07:44:14,028 [ForkJoinPool.commonPool-worker-2] INFO  ozoneimpl.BackgroundContainerDataScanner (BackgroundContainerDataScanner.java:shutdown(141)) - ContainerDataScanner(/home/runner/work/ozone/ozone/hadoop-ozone/integration-test/target/test-dir/MiniOzoneClusterImpl-a56b3a23-5bf6-4b5b-a0fe-007206924a4e/ozone-meta/datanode-2/data-0/hdds) is shutting down. 
2024-04-26 07:44:14,028 [ForkJoinPool.commonPool-worker-1] INFO  ozoneimpl.BackgroundContainerDataScanner (BackgroundContainerDataScanner.java:shutdown(141)) - ContainerDataScanner(/home/runner/work/ozone/ozone/hadoop-ozone/integration-test/target/test-dir/MiniOzoneClusterImpl-a56b3a23-5bf6-4b5b-a0fe-007206924a4e/ozone-meta/datanode-3/data-0/hdds) is shutting down. 
2024-04-26 07:44:14,028 [ContainerDataScanner(/home/runner/work/ozone/ozone/hadoop-ozone/integration-test/target/test-dir/MiniOzoneClusterImpl-a56b3a23-5bf6-4b5b-a0fe-007206924a4e/ozone-meta/datanode-2/data-0/hdds)] WARN  ozoneimpl.AbstractBackgroundContainerScanner (AbstractBackgroundContainerScanner.java:handleRemainingSleep(134)) - Background container scan was interrupted.
2024-04-26 07:44:14,028 [ContainerDataScanner(/home/runner/work/ozone/ozone/hadoop-ozone/integration-test/target/test-dir/MiniOzoneClusterImpl-a56b3a23-5bf6-4b5b-a0fe-007206924a4e/ozone-meta/datanode-2/data-0/hdds)] INFO  ozoneimpl.AbstractBackgroundContainerScanner (AbstractBackgroundContainerScanner.java:run(61)) - ContainerDataScanner(/home/runner/work/ozone/ozone/hadoop-ozone/integration-test/target/test-dir/MiniOzoneClusterImpl-a56b3a23-5bf6-4b5b-a0fe-007206924a4e/ozone-meta/datanode-2/data-0/hdds, DS-35ec13d3-b314-440f-bc9f-bd2c1a4807f7) exiting.
2024-04-26 07:44:14,028 [ContainerDataScanner(/home/runner/work/ozone/ozone/hadoop-ozone/integration-test/target/test-dir/MiniOzoneClusterImpl-a56b3a23-5bf6-4b5b-a0fe-007206924a4e/ozone-meta/datanode-3/data-0/hdds)] WARN  ozoneimpl.AbstractBackgroundContainerScanner (AbstractBackgroundContainerScanner.java:handleRemainingSleep(134)) - Background container scan was interrupted.
2024-04-26 07:44:14,028 [ContainerDataScanner(/home/runner/work/ozone/ozone/hadoop-ozone/integration-test/target/test-dir/MiniOzoneClusterImpl-a56b3a23-5bf6-4b5b-a0fe-007206924a4e/ozone-meta/datanode-3/data-0/hdds)] INFO  ozoneimpl.AbstractBackgroundContainerScanner (AbstractBackgroundContainerScanner.java:run(61)) - ContainerDataScanner(/home/runner/work/ozone/ozone/hadoop-ozone/integration-test/target/test-dir/MiniOzoneClusterImpl-a56b3a23-5bf6-4b5b-a0fe-007206924a4e/ozone-meta/datanode-3/data-0/hdds, DS-a67a27f3-cf83-4d8b-a3d7-4389387b4a7c) exiting.
2024-04-26 07:44:14,028 [ContainerDataScanner(/home/runner/work/ozone/ozone/hadoop-ozone/integration-test/target/test-dir/MiniOzoneClusterImpl-a56b3a23-5bf6-4b5b-a0fe-007206924a4e/ozone-meta/datanode-7/data-0/hdds)] INFO  ozoneimpl.AbstractBackgroundContainerScanner (AbstractBackgroundContainerScanner.java:run(61)) - ContainerDataScanner(/home/runner/work/ozone/ozone/hadoop-ozone/integration-test/target/test-dir/MiniOzoneClusterImpl-a56b3a23-5bf6-4b5b-a0fe-007206924a4e/ozone-meta/datanode-7/data-0/hdds, DS-03ccbcc1-b9ae-4b33-bcd8-36d27a4f7bc0) exiting.
2024-04-26 07:44:14,029 [ForkJoinPool.commonPool-worker-2] INFO  server.RaftServer (RaftServerProxy.java:lambda$close$9(416)) - dd21079d-84ac-4ee5-bea1-aaabc97992ac: close
2024-04-26 07:44:14,029 [dd21079d-84ac-4ee5-bea1-aaabc97992ac-impl-thread1] INFO  server.RaftServer$Division (RaftServerImpl.java:lambda$close$3(526)) - dd21079d-84ac-4ee5-bea1-aaabc97992ac@group-1D6CABF8A42A: shutdown
2024-04-26 07:44:14,029 [ForkJoinPool.commonPool-worker-1] INFO  server.RaftServer (RaftServerProxy.java:lambda$close$9(416)) - 6344c76b-c160-4957-8ee9-5bf4783825fc: close
2024-04-26 07:44:14,029 [ForkJoinPool.commonPool-worker-3] INFO  server.RaftServer (RaftServerProxy.java:lambda$close$9(416)) - a0a780bc-4285-4c1f-be2a-f222fe59f73a: close
2024-04-26 07:44:14,029 [dd21079d-84ac-4ee5-bea1-aaabc97992ac-impl-thread1] INFO  util.JmxRegister (JmxRegister.java:unregister(73)) - Successfully un-registered JMX Bean with object name Ratis:service=RaftServer,group=group-1D6CABF8A42A,id=dd21079d-84ac-4ee5-bea1-aaabc97992ac
2024-04-26 07:44:14,029 [dd21079d-84ac-4ee5-bea1-aaabc97992ac-impl-thread1] INFO  impl.RoleInfo (RoleInfo.java:shutdownFollowerState(110)) - dd21079d-84ac-4ee5-bea1-aaabc97992ac: shutdown dd21079d-84ac-4ee5-bea1-aaabc97992ac@group-1D6CABF8A42A-FollowerState
2024-04-26 07:44:14,029 [dd21079d-84ac-4ee5-bea1-aaabc97992ac-impl-thread1] INFO  impl.StateMachineUpdater (StateMachineUpdater.java:stopAndJoin(157)) - dd21079d-84ac-4ee5-bea1-aaabc97992ac@group-1D6CABF8A42A-StateMachineUpdater: set stopIndex = 0
2024-04-26 07:44:14,029 [dd21079d-84ac-4ee5-bea1-aaabc97992ac@group-1D6CABF8A42A-StateMachineUpdater] INFO  ratis.ContainerStateMachine (ContainerStateMachine.java:takeSnapshot(355)) - group-1D6CABF8A42A: Taking a snapshot at:(t:1, i:0) file /home/runner/work/ozone/ozone/hadoop-ozone/integration-test/target/test-dir/MiniOzoneClusterImpl-a56b3a23-5bf6-4b5b-a0fe-007206924a4e/ozone-meta/datanode-2/ratis/bed83b25-9cb5-4226-b5f4-1d6cabf8a42a/sm/snapshot.1_0
2024-04-26 07:44:14,029 [dd21079d-84ac-4ee5-bea1-aaabc97992ac@group-1D6CABF8A42A-FollowerState] INFO  impl.FollowerState (FollowerState.java:run(152)) - dd21079d-84ac-4ee5-bea1-aaabc97992ac@group-1D6CABF8A42A-FollowerState was interrupted
2024-04-26 07:44:14,029 [a0a780bc-4285-4c1f-be2a-f222fe59f73a-impl-thread1] INFO  server.RaftServer$Division (RaftServerImpl.java:lambda$close$3(526)) - a0a780bc-4285-4c1f-be2a-f222fe59f73a@group-58785C267393: shutdown
2024-04-26 07:44:14,029 [a0a780bc-4285-4c1f-be2a-f222fe59f73a-impl-thread1] INFO  util.JmxRegister (JmxRegister.java:unregister(73)) - Successfully un-registered JMX Bean with object name Ratis:service=RaftServer,group=group-58785C267393,id=a0a780bc-4285-4c1f-be2a-f222fe59f73a
2024-04-26 07:44:14,029 [a0a780bc-4285-4c1f-be2a-f222fe59f73a-impl-thread1] INFO  impl.RoleInfo (RoleInfo.java:shutdownFollowerState(110)) - a0a780bc-4285-4c1f-be2a-f222fe59f73a: shutdown a0a780bc-4285-4c1f-be2a-f222fe59f73a@group-58785C267393-FollowerState
2024-04-26 07:44:14,030 [a0a780bc-4285-4c1f-be2a-f222fe59f73a-impl-thread1] INFO  impl.StateMachineUpdater (StateMachineUpdater.java:stopAndJoin(157)) - a0a780bc-4285-4c1f-be2a-f222fe59f73a@group-58785C267393-StateMachineUpdater: set stopIndex = 0
2024-04-26 07:44:14,030 [a0a780bc-4285-4c1f-be2a-f222fe59f73a@group-58785C267393-StateMachineUpdater] INFO  ratis.ContainerStateMachine (ContainerStateMachine.java:takeSnapshot(355)) - group-58785C267393: Taking a snapshot at:(t:1, i:0) file /home/runner/work/ozone/ozone/hadoop-ozone/integration-test/target/test-dir/MiniOzoneClusterImpl-a56b3a23-5bf6-4b5b-a0fe-007206924a4e/ozone-meta/datanode-7/ratis/6848d74c-0497-49b3-84ff-58785c267393/sm/snapshot.1_0
2024-04-26 07:44:14,029 [6344c76b-c160-4957-8ee9-5bf4783825fc-impl-thread1] INFO  server.RaftServer$Division (RaftServerImpl.java:lambda$close$3(526)) - 6344c76b-c160-4957-8ee9-5bf4783825fc@group-1D6CABF8A42A: shutdown
2024-04-26 07:44:14,030 [6344c76b-c160-4957-8ee9-5bf4783825fc-impl-thread1] INFO  util.JmxRegister (JmxRegister.java:unregister(73)) - Successfully un-registered JMX Bean with object name Ratis:service=RaftServer,group=group-1D6CABF8A42A,id=6344c76b-c160-4957-8ee9-5bf4783825fc
2024-04-26 07:44:14,030 [6344c76b-c160-4957-8ee9-5bf4783825fc-impl-thread1] INFO  impl.RoleInfo (RoleInfo.java:shutdownLeaderState(94)) - 6344c76b-c160-4957-8ee9-5bf4783825fc: shutdown 6344c76b-c160-4957-8ee9-5bf4783825fc@group-1D6CABF8A42A-LeaderStateImpl
2024-04-26 07:44:14,030 [dd21079d-84ac-4ee5-bea1-aaabc97992ac@group-1D6CABF8A42A-StateMachineUpdater] INFO  ratis.ContainerStateMachine (ContainerStateMachine.java:takeSnapshot(366)) - group-1D6CABF8A42A: Finished taking a snapshot at:(t:1, i:0) file:/home/runner/work/ozone/ozone/hadoop-ozone/integration-test/target/test-dir/MiniOzoneClusterImpl-a56b3a23-5bf6-4b5b-a0fe-007206924a4e/ozone-meta/datanode-2/ratis/bed83b25-9cb5-4226-b5f4-1d6cabf8a42a/sm/snapshot.1_0 took: 1 ms
2024-04-26 07:44:14,030 [a0a780bc-4285-4c1f-be2a-f222fe59f73a@group-58785C267393-FollowerState] INFO  impl.FollowerState (FollowerState.java:run(152)) - a0a780bc-4285-4c1f-be2a-f222fe59f73a@group-58785C267393-FollowerState was interrupted
2024-04-26 07:44:14,030 [6344c76b-c160-4957-8ee9-5bf4783825fc@group-1D6CABF8A42A->d591b026-01eb-4928-a28c-f8365e0687e2-GrpcLogAppender-LogAppenderDaemon] WARN  server.GrpcLogAppender (GrpcLogAppender.java:mayWait(289)) - 6344c76b-c160-4957-8ee9-5bf4783825fc@group-1D6CABF8A42A->d591b026-01eb-4928-a28c-f8365e0687e2-GrpcLogAppender: Wait interrupted by java.lang.InterruptedException
2024-04-26 07:44:14,030 [6344c76b-c160-4957-8ee9-5bf4783825fc@group-1D6CABF8A42A->dd21079d-84ac-4ee5-bea1-aaabc97992ac-GrpcLogAppender-LogAppenderDaemon] WARN  server.GrpcLogAppender (GrpcLogAppender.java:mayWait(289)) - 6344c76b-c160-4957-8ee9-5bf4783825fc@group-1D6CABF8A42A->dd21079d-84ac-4ee5-bea1-aaabc97992ac-GrpcLogAppender: Wait interrupted by java.lang.InterruptedException
2024-04-26 07:44:14,030 [6344c76b-c160-4957-8ee9-5bf4783825fc-impl-thread1] INFO  impl.PendingRequests (PendingRequests.java:sendNotLeaderResponses(289)) - 6344c76b-c160-4957-8ee9-5bf4783825fc@group-1D6CABF8A42A-PendingRequests: sendNotLeaderResponses
2024-04-26 07:44:14,030 [dd21079d-84ac-4ee5-bea1-aaabc97992ac@group-1D6CABF8A42A-StateMachineUpdater] INFO  impl.StateMachineUpdater (StateMachineUpdater.java:takeSnapshot(295)) - dd21079d-84ac-4ee5-bea1-aaabc97992ac@group-1D6CABF8A42A-StateMachineUpdater: Took a snapshot at index 0
2024-04-26 07:44:14,031 [dd21079d-84ac-4ee5-bea1-aaabc97992ac@group-1D6CABF8A42A-StateMachineUpdater] INFO  impl.StateMachineUpdater (StateMachineUpdater.java:lambda$new$0(98)) - dd21079d-84ac-4ee5-bea1-aaabc97992ac@group-1D6CABF8A42A-StateMachineUpdater: snapshotIndex: updateIncreasingly -1 -> 0
2024-04-26 07:44:14,031 [dd21079d-84ac-4ee5-bea1-aaabc97992ac-impl-thread1] INFO  server.RaftServer$Division (ServerState.java:close(427)) - dd21079d-84ac-4ee5-bea1-aaabc97992ac@group-1D6CABF8A42A: applyIndex: 0
2024-04-26 07:44:14,031 [dd21079d-84ac-4ee5-bea1-aaabc97992ac@group-1D6CABF8A42A-cacheEviction-AwaitToRun] INFO  util.AwaitToRun (AwaitToRun.java:run(49)) - dd21079d-84ac-4ee5-bea1-aaabc97992ac@group-1D6CABF8A42A-cacheEviction-AwaitToRun-AwaitForSignal is interrupted
2024-04-26 07:44:14,031 [main] INFO  ozoneimpl.OzoneContainer (OzoneContainer.java:stop(481)) - Attempting to stop container services.
2024-04-26 07:44:14,031 [ContainerMetadataScanner] WARN  ozoneimpl.AbstractBackgroundContainerScanner (AbstractBackgroundContainerScanner.java:handleRemainingSleep(134)) - Background container scan was interrupted.
2024-04-26 07:44:14,031 [ContainerMetadataScanner] INFO  ozoneimpl.AbstractBackgroundContainerScanner (AbstractBackgroundContainerScanner.java:run(61)) - Thread[ContainerMetadataScanner,5,main] exiting.
2024-04-26 07:44:14,031 [grpc-default-executor-1] INFO  server.GrpcServerProtocolService (GrpcServerProtocolService.java:onCompleted(157)) - d591b026-01eb-4928-a28c-f8365e0687e2: Completed APPEND_ENTRIES, lastRequest: 6344c76b-c160-4957-8ee9-5bf4783825fc->d591b026-01eb-4928-a28c-f8365e0687e2#1-t1,previous=(t:0, i:0),leaderCommit=-1,initializing? false,entries: size=1, first=(t:1, i:0), CONFIGURATIONENTRY(current:id: "d591b026-01eb-4928-a28c-f8365e0687e2"
address: "127.0.0.1:15103"
dataStreamAddress: "127.0.0.1:15104"
clientAddress: "127.0.0.1:15101"
adminAddress: "127.0.0.1:15102"
startupRole: FOLLOWER
,id: "dd21079d-84ac-4ee5-bea1-aaabc97992ac"
address: "127.0.0.1:15112"
dataStreamAddress: "127.0.0.1:15113"
clientAddress: "127.0.0.1:15110"
adminAddress: "127.0.0.1:15111"
startupRole: FOLLOWER
,id: "6344c76b-c160-4957-8ee9-5bf4783825fc"
address: "127.0.0.1:15121"
priority: 1
dataStreamAddress: "127.0.0.1:15122"
clientAddress: "127.0.0.1:15119"
adminAddress: "127.0.0.1:15120"
startupRole: FOLLOWER
, old:)
2024-04-26 07:44:14,031 [main] INFO  ozoneimpl.BackgroundContainerDataScanner (BackgroundContainerDataScanner.java:shutdown(141)) - ContainerDataScanner(/home/runner/work/ozone/ozone/hadoop-ozone/integration-test/target/test-dir/MiniOzoneClusterImpl-a56b3a23-5bf6-4b5b-a0fe-007206924a4e/ozone-meta/datanode-8/data-0/hdds) is shutting down. 
2024-04-26 07:44:14,032 [grpc-default-executor-1] INFO  server.GrpcServerProtocolService (GrpcServerProtocolService.java:lambda$onCompleted$5(159)) - d591b026-01eb-4928-a28c-f8365e0687e2: Completed APPEND_ENTRIES, lastReply: null
2024-04-26 07:44:14,032 [ContainerDataScanner(/home/runner/work/ozone/ozone/hadoop-ozone/integration-test/target/test-dir/MiniOzoneClusterImpl-a56b3a23-5bf6-4b5b-a0fe-007206924a4e/ozone-meta/datanode-8/data-0/hdds)] WARN  ozoneimpl.AbstractBackgroundContainerScanner (AbstractBackgroundContainerScanner.java:handleRemainingSleep(134)) - Background container scan was interrupted.
2024-04-26 07:44:14,032 [ContainerDataScanner(/home/runner/work/ozone/ozone/hadoop-ozone/integration-test/target/test-dir/MiniOzoneClusterImpl-a56b3a23-5bf6-4b5b-a0fe-007206924a4e/ozone-meta/datanode-8/data-0/hdds)] INFO  ozoneimpl.AbstractBackgroundContainerScanner (AbstractBackgroundContainerScanner.java:run(61)) - ContainerDataScanner(/home/runner/work/ozone/ozone/hadoop-ozone/integration-test/target/test-dir/MiniOzoneClusterImpl-a56b3a23-5bf6-4b5b-a0fe-007206924a4e/ozone-meta/datanode-8/data-0/hdds, DS-ed68a511-7640-4ae6-9c68-e2452552bb7a) exiting.
2024-04-26 07:44:14,032 [main] INFO  server.RaftServer (RaftServerProxy.java:lambda$close$9(416)) - fc9979d5-d948-4828-9511-0e4a1771ac5f: close
2024-04-26 07:44:14,032 [a0a780bc-4285-4c1f-be2a-f222fe59f73a@group-58785C267393-StateMachineUpdater] INFO  ratis.ContainerStateMachine (ContainerStateMachine.java:takeSnapshot(366)) - group-58785C267393: Finished taking a snapshot at:(t:1, i:0) file:/home/runner/work/ozone/ozone/hadoop-ozone/integration-test/target/test-dir/MiniOzoneClusterImpl-a56b3a23-5bf6-4b5b-a0fe-007206924a4e/ozone-meta/datanode-7/ratis/6848d74c-0497-49b3-84ff-58785c267393/sm/snapshot.1_0 took: 2 ms
2024-04-26 07:44:14,032 [fc9979d5-d948-4828-9511-0e4a1771ac5f-impl-thread1] INFO  server.RaftServer$Division (RaftServerImpl.java:lambda$close$3(526)) - fc9979d5-d948-4828-9511-0e4a1771ac5f@group-58785C267393: shutdown
2024-04-26 07:44:14,032 [a0a780bc-4285-4c1f-be2a-f222fe59f73a@group-58785C267393-StateMachineUpdater] INFO  impl.StateMachineUpdater (StateMachineUpdater.java:takeSnapshot(295)) - a0a780bc-4285-4c1f-be2a-f222fe59f73a@group-58785C267393-StateMachineUpdater: Took a snapshot at index 0
2024-04-26 07:44:14,032 [fc9979d5-d948-4828-9511-0e4a1771ac5f-impl-thread1] INFO  util.JmxRegister (JmxRegister.java:unregister(73)) - Successfully un-registered JMX Bean with object name Ratis:service=RaftServer,group=group-58785C267393,id=fc9979d5-d948-4828-9511-0e4a1771ac5f
2024-04-26 07:44:14,032 [fc9979d5-d948-4828-9511-0e4a1771ac5f-impl-thread1] INFO  impl.RoleInfo (RoleInfo.java:shutdownFollowerState(110)) - fc9979d5-d948-4828-9511-0e4a1771ac5f: shutdown fc9979d5-d948-4828-9511-0e4a1771ac5f@group-58785C267393-FollowerState
2024-04-26 07:44:14,032 [fc9979d5-d948-4828-9511-0e4a1771ac5f-impl-thread1] INFO  impl.StateMachineUpdater (StateMachineUpdater.java:stopAndJoin(157)) - fc9979d5-d948-4828-9511-0e4a1771ac5f@group-58785C267393-StateMachineUpdater: set stopIndex = 0
2024-04-26 07:44:14,032 [fc9979d5-d948-4828-9511-0e4a1771ac5f@group-58785C267393-StateMachineUpdater] INFO  ratis.ContainerStateMachine (ContainerStateMachine.java:takeSnapshot(355)) - group-58785C267393: Taking a snapshot at:(t:1, i:0) file /home/runner/work/ozone/ozone/hadoop-ozone/integration-test/target/test-dir/MiniOzoneClusterImpl-a56b3a23-5bf6-4b5b-a0fe-007206924a4e/ozone-meta/datanode-8/ratis/6848d74c-0497-49b3-84ff-58785c267393/sm/snapshot.1_0
2024-04-26 07:44:14,033 [6344c76b-c160-4957-8ee9-5bf4783825fc-impl-thread1] INFO  impl.StateMachineUpdater (StateMachineUpdater.java:stopAndJoin(157)) - 6344c76b-c160-4957-8ee9-5bf4783825fc@group-1D6CABF8A42A-StateMachineUpdater: set stopIndex = 0
2024-04-26 07:44:14,033 [grpc-default-executor-2] INFO  server.GrpcServerProtocolService (GrpcServerProtocolService.java:onCompleted(157)) - d591b026-01eb-4928-a28c-f8365e0687e2: Completed APPEND_ENTRIES, lastRequest: null
2024-04-26 07:44:14,033 [grpc-default-executor-5] INFO  server.GrpcServerProtocolService (GrpcServerProtocolService.java:onCompleted(157)) - dd21079d-84ac-4ee5-bea1-aaabc97992ac: Completed APPEND_ENTRIES, lastRequest: null
2024-04-26 07:44:14,032 [a0a780bc-4285-4c1f-be2a-f222fe59f73a@group-58785C267393-StateMachineUpdater] INFO  impl.StateMachineUpdater (StateMachineUpdater.java:lambda$new$0(98)) - a0a780bc-4285-4c1f-be2a-f222fe59f73a@group-58785C267393-StateMachineUpdater: snapshotIndex: updateIncreasingly -1 -> 0
2024-04-26 07:44:14,033 [fc9979d5-d948-4828-9511-0e4a1771ac5f@group-58785C267393-StateMachineUpdater] INFO  ratis.ContainerStateMachine (ContainerStateMachine.java:takeSnapshot(366)) - group-58785C267393: Finished taking a snapshot at:(t:1, i:0) file:/home/runner/work/ozone/ozone/hadoop-ozone/integration-test/target/test-dir/MiniOzoneClusterImpl-a56b3a23-5bf6-4b5b-a0fe-007206924a4e/ozone-meta/datanode-8/ratis/6848d74c-0497-49b3-84ff-58785c267393/sm/snapshot.1_0 took: 0 ms
2024-04-26 07:44:14,033 [fc9979d5-d948-4828-9511-0e4a1771ac5f@group-58785C267393-StateMachineUpdater] INFO  impl.StateMachineUpdater (StateMachineUpdater.java:takeSnapshot(295)) - fc9979d5-d948-4828-9511-0e4a1771ac5f@group-58785C267393-StateMachineUpdater: Took a snapshot at index 0
2024-04-26 07:44:14,033 [fc9979d5-d948-4828-9511-0e4a1771ac5f@group-58785C267393-StateMachineUpdater] INFO  impl.StateMachineUpdater (StateMachineUpdater.java:lambda$new$0(98)) - fc9979d5-d948-4828-9511-0e4a1771ac5f@group-58785C267393-StateMachineUpdater: snapshotIndex: updateIncreasingly -1 -> 0
2024-04-26 07:44:14,033 [grpc-default-executor-4] INFO  server.GrpcServerProtocolService (GrpcServerProtocolService.java:onCompleted(157)) - dd21079d-84ac-4ee5-bea1-aaabc97992ac: Completed APPEND_ENTRIES, lastRequest: 6344c76b-c160-4957-8ee9-5bf4783825fc->dd21079d-84ac-4ee5-bea1-aaabc97992ac#1-t1,previous=(t:0, i:0),leaderCommit=-1,initializing? false,entries: size=1, first=(t:1, i:0), CONFIGURATIONENTRY(current:id: "d591b026-01eb-4928-a28c-f8365e0687e2"
address: "127.0.0.1:15103"
dataStreamAddress: "127.0.0.1:15104"
clientAddress: "127.0.0.1:15101"
adminAddress: "127.0.0.1:15102"
startupRole: FOLLOWER
,id: "dd21079d-84ac-4ee5-bea1-aaabc97992ac"
address: "127.0.0.1:15112"
dataStreamAddress: "127.0.0.1:15113"
clientAddress: "127.0.0.1:15110"
adminAddress: "127.0.0.1:15111"
startupRole: FOLLOWER
,id: "6344c76b-c160-4957-8ee9-5bf4783825fc"
address: "127.0.0.1:15121"
priority: 1
dataStreamAddress: "127.0.0.1:15122"
clientAddress: "127.0.0.1:15119"
adminAddress: "127.0.0.1:15120"
startupRole: FOLLOWER
, old:)
2024-04-26 07:44:14,033 [grpc-default-executor-4] INFO  server.GrpcServerProtocolService (GrpcServerProtocolService.java:lambda$onCompleted$5(159)) - dd21079d-84ac-4ee5-bea1-aaabc97992ac: Completed APPEND_ENTRIES, lastReply: null
2024-04-26 07:44:14,033 [fc9979d5-d948-4828-9511-0e4a1771ac5f-impl-thread1] INFO  server.RaftServer$Division (ServerState.java:close(427)) - fc9979d5-d948-4828-9511-0e4a1771ac5f@group-58785C267393: applyIndex: 0
2024-04-26 07:44:14,033 [6344c76b-c160-4957-8ee9-5bf4783825fc@group-1D6CABF8A42A-StateMachineUpdater] INFO  ratis.ContainerStateMachine (ContainerStateMachine.java:takeSnapshot(355)) - group-1D6CABF8A42A: Taking a snapshot at:(t:1, i:0) file /home/runner/work/ozone/ozone/hadoop-ozone/integration-test/target/test-dir/MiniOzoneClusterImpl-a56b3a23-5bf6-4b5b-a0fe-007206924a4e/ozone-meta/datanode-3/ratis/bed83b25-9cb5-4226-b5f4-1d6cabf8a42a/sm/snapshot.1_0
2024-04-26 07:44:14,034 [a0a780bc-4285-4c1f-be2a-f222fe59f73a-impl-thread1] INFO  server.RaftServer$Division (ServerState.java:close(427)) - a0a780bc-4285-4c1f-be2a-f222fe59f73a@group-58785C267393: applyIndex: 0
2024-04-26 07:44:14,034 [a0a780bc-4285-4c1f-be2a-f222fe59f73a@group-58785C267393-cacheEviction-AwaitToRun] INFO  util.AwaitToRun (AwaitToRun.java:run(49)) - a0a780bc-4285-4c1f-be2a-f222fe59f73a@group-58785C267393-cacheEviction-AwaitToRun-AwaitForSignal is interrupted
2024-04-26 07:44:14,034 [6344c76b-c160-4957-8ee9-5bf4783825fc@group-1D6CABF8A42A-StateMachineUpdater] INFO  ratis.ContainerStateMachine (ContainerStateMachine.java:takeSnapshot(366)) - group-1D6CABF8A42A: Finished taking a snapshot at:(t:1, i:0) file:/home/runner/work/ozone/ozone/hadoop-ozone/integration-test/target/test-dir/MiniOzoneClusterImpl-a56b3a23-5bf6-4b5b-a0fe-007206924a4e/ozone-meta/datanode-3/ratis/bed83b25-9cb5-4226-b5f4-1d6cabf8a42a/sm/snapshot.1_0 took: 1 ms
2024-04-26 07:44:14,034 [6344c76b-c160-4957-8ee9-5bf4783825fc@group-1D6CABF8A42A-StateMachineUpdater] INFO  impl.StateMachineUpdater (StateMachineUpdater.java:takeSnapshot(295)) - 6344c76b-c160-4957-8ee9-5bf4783825fc@group-1D6CABF8A42A-StateMachineUpdater: Took a snapshot at index 0
2024-04-26 07:44:14,034 [6344c76b-c160-4957-8ee9-5bf4783825fc@group-1D6CABF8A42A-StateMachineUpdater] INFO  impl.StateMachineUpdater (StateMachineUpdater.java:lambda$new$0(98)) - 6344c76b-c160-4957-8ee9-5bf4783825fc@group-1D6CABF8A42A-StateMachineUpdater: snapshotIndex: updateIncreasingly -1 -> 0
2024-04-26 07:44:14,034 [grpc-default-executor-2] INFO  server.GrpcServerProtocolService (GrpcServerProtocolService.java:lambda$onCompleted$5(159)) - d591b026-01eb-4928-a28c-f8365e0687e2: Completed APPEND_ENTRIES, lastReply: serverReply {
  requestorId: "6344c76b-c160-4957-8ee9-5bf4783825fc"
  replyId: "d591b026-01eb-4928-a28c-f8365e0687e2"
  raftGroupId {
    id: "\276\330;%\234\265B&\265\364\035l\253\370\244*"
  }
  callId: 11
  success: true
}
term: 1
nextIndex: 1
matchIndex: 18446744073709551615
isHearbeat: true

2024-04-26 07:44:14,034 [6344c76b-c160-4957-8ee9-5bf4783825fc-impl-thread1] INFO  server.RaftServer$Division (ServerState.java:close(427)) - 6344c76b-c160-4957-8ee9-5bf4783825fc@group-1D6CABF8A42A: applyIndex: 0
2024-04-26 07:44:14,032 [fc9979d5-d948-4828-9511-0e4a1771ac5f@group-58785C267393-FollowerState] INFO  impl.FollowerState (FollowerState.java:run(152)) - fc9979d5-d948-4828-9511-0e4a1771ac5f@group-58785C267393-FollowerState was interrupted
2024-04-26 07:44:14,034 [grpc-default-executor-4] INFO  server.GrpcLogAppender (GrpcLogAppender.java:onCompleted(546)) - 6344c76b-c160-4957-8ee9-5bf4783825fc@group-1D6CABF8A42A->dd21079d-84ac-4ee5-bea1-aaabc97992ac-AppendLogResponseHandler: follower responses appendEntries COMPLETED
2024-04-26 07:44:14,034 [grpc-default-executor-0] INFO  server.GrpcLogAppender (GrpcLogAppender.java:onCompleted(546)) - 6344c76b-c160-4957-8ee9-5bf4783825fc@group-1D6CABF8A42A->d591b026-01eb-4928-a28c-f8365e0687e2-AppendLogResponseHandler: follower responses appendEntries COMPLETED
2024-04-26 07:44:14,034 [ForkJoinPool.commonPool-worker-2] INFO  server.GrpcService (GrpcService.java:closeImpl(311)) - dd21079d-84ac-4ee5-bea1-aaabc97992ac: shutdown server org.apache.ratis.grpc.server.GrpcClientProtocolService now
2024-04-26 07:44:14,035 [dd21079d-84ac-4ee5-bea1-aaabc97992ac-impl-thread2] INFO  server.RaftServer$Division (RaftServerImpl.java:lambda$close$3(526)) - dd21079d-84ac-4ee5-bea1-aaabc97992ac@group-43F1CF3AB2EE: shutdown
2024-04-26 07:44:14,035 [dd21079d-84ac-4ee5-bea1-aaabc97992ac-impl-thread2] INFO  util.JmxRegister (JmxRegister.java:unregister(73)) - Successfully un-registered JMX Bean with object name Ratis:service=RaftServer,group=group-43F1CF3AB2EE,id=dd21079d-84ac-4ee5-bea1-aaabc97992ac
2024-04-26 07:44:14,035 [dd21079d-84ac-4ee5-bea1-aaabc97992ac-impl-thread2] INFO  impl.RoleInfo (RoleInfo.java:shutdownLeaderState(94)) - dd21079d-84ac-4ee5-bea1-aaabc97992ac: shutdown dd21079d-84ac-4ee5-bea1-aaabc97992ac@group-43F1CF3AB2EE-LeaderStateImpl
2024-04-26 07:44:14,035 [dd21079d-84ac-4ee5-bea1-aaabc97992ac-impl-thread2] INFO  impl.PendingRequests (PendingRequests.java:sendNotLeaderResponses(289)) - dd21079d-84ac-4ee5-bea1-aaabc97992ac@group-43F1CF3AB2EE-PendingRequests: sendNotLeaderResponses
2024-04-26 07:44:14,034 [grpc-default-executor-5] INFO  server.GrpcServerProtocolService (GrpcServerProtocolService.java:lambda$onCompleted$5(159)) - dd21079d-84ac-4ee5-bea1-aaabc97992ac: Completed APPEND_ENTRIES, lastReply: serverReply {
  requestorId: "6344c76b-c160-4957-8ee9-5bf4783825fc"
  replyId: "dd21079d-84ac-4ee5-bea1-aaabc97992ac"
  raftGroupId {
    id: "\276\330;%\234\265B&\265\364\035l\253\370\244*"
  }
  callId: 10
  success: true
}
term: 1
nextIndex: 1
matchIndex: 18446744073709551615
isHearbeat: true

2024-04-26 07:44:14,033 [grpc-default-executor-3] INFO  server.GrpcLogAppender (GrpcLogAppender.java:onCompleted(546)) - 6344c76b-c160-4957-8ee9-5bf4783825fc@group-1D6CABF8A42A->d591b026-01eb-4928-a28c-f8365e0687e2-AppendLogResponseHandler: follower responses appendEntries COMPLETED
2024-04-26 07:44:14,033 [fc9979d5-d948-4828-9511-0e4a1771ac5f@group-58785C267393-cacheEviction-AwaitToRun] INFO  util.AwaitToRun (AwaitToRun.java:run(49)) - fc9979d5-d948-4828-9511-0e4a1771ac5f@group-58785C267393-cacheEviction-AwaitToRun-AwaitForSignal is interrupted
2024-04-26 07:44:14,034 [6344c76b-c160-4957-8ee9-5bf4783825fc@group-1D6CABF8A42A-cacheEviction-AwaitToRun] INFO  util.AwaitToRun (AwaitToRun.java:run(49)) - 6344c76b-c160-4957-8ee9-5bf4783825fc@group-1D6CABF8A42A-cacheEviction-AwaitToRun-AwaitForSignal is interrupted
2024-04-26 07:44:14,035 [grpc-default-executor-3] INFO  server.GrpcLogAppender (GrpcLogAppender.java:onCompleted(546)) - 6344c76b-c160-4957-8ee9-5bf4783825fc@group-1D6CABF8A42A->dd21079d-84ac-4ee5-bea1-aaabc97992ac-AppendLogResponseHandler: follower responses appendEntries COMPLETED
2024-04-26 07:44:14,036 [ForkJoinPool.commonPool-worker-2] INFO  server.GrpcService (GrpcService.java:closeImpl(320)) - dd21079d-84ac-4ee5-bea1-aaabc97992ac: shutdown server org.apache.ratis.grpc.server.GrpcClientProtocolService successfully
2024-04-26 07:44:14,036 [ForkJoinPool.commonPool-worker-2] INFO  server.GrpcService (GrpcService.java:closeImpl(311)) - dd21079d-84ac-4ee5-bea1-aaabc97992ac: shutdown server GrpcServerProtocolService now
2024-04-26 07:44:14,036 [dd21079d-84ac-4ee5-bea1-aaabc97992ac-impl-thread2] INFO  impl.StateMachineUpdater (StateMachineUpdater.java:stopAndJoin(157)) - dd21079d-84ac-4ee5-bea1-aaabc97992ac@group-43F1CF3AB2EE-StateMachineUpdater: set stopIndex = 0
2024-04-26 07:44:14,036 [dd21079d-84ac-4ee5-bea1-aaabc97992ac@group-43F1CF3AB2EE-StateMachineUpdater] INFO  ratis.ContainerStateMachine (ContainerStateMachine.java:takeSnapshot(355)) - group-43F1CF3AB2EE: Taking a snapshot at:(t:1, i:0) file /home/runner/work/ozone/ozone/hadoop-ozone/integration-test/target/test-dir/MiniOzoneClusterImpl-a56b3a23-5bf6-4b5b-a0fe-007206924a4e/ozone-meta/datanode-2/ratis/6f111b34-3185-4af9-9cd2-43f1cf3ab2ee/sm/snapshot.1_0
2024-04-26 07:44:14,037 [dd21079d-84ac-4ee5-bea1-aaabc97992ac@group-43F1CF3AB2EE-StateMachineUpdater] INFO  ratis.ContainerStateMachine (ContainerStateMachine.java:takeSnapshot(366)) - group-43F1CF3AB2EE: Finished taking a snapshot at:(t:1, i:0) file:/home/runner/work/ozone/ozone/hadoop-ozone/integration-test/target/test-dir/MiniOzoneClusterImpl-a56b3a23-5bf6-4b5b-a0fe-007206924a4e/ozone-meta/datanode-2/ratis/6f111b34-3185-4af9-9cd2-43f1cf3ab2ee/sm/snapshot.1_0 took: 1 ms
2024-04-26 07:44:14,037 [dd21079d-84ac-4ee5-bea1-aaabc97992ac@group-43F1CF3AB2EE-StateMachineUpdater] INFO  impl.StateMachineUpdater (StateMachineUpdater.java:takeSnapshot(295)) - dd21079d-84ac-4ee5-bea1-aaabc97992ac@group-43F1CF3AB2EE-StateMachineUpdater: Took a snapshot at index 0
2024-04-26 07:44:14,037 [dd21079d-84ac-4ee5-bea1-aaabc97992ac@group-43F1CF3AB2EE-StateMachineUpdater] INFO  impl.StateMachineUpdater (StateMachineUpdater.java:lambda$new$0(98)) - dd21079d-84ac-4ee5-bea1-aaabc97992ac@group-43F1CF3AB2EE-StateMachineUpdater: snapshotIndex: updateIncreasingly -1 -> 0
2024-04-26 07:44:14,037 [dd21079d-84ac-4ee5-bea1-aaabc97992ac-impl-thread2] INFO  server.RaftServer$Division (ServerState.java:close(427)) - dd21079d-84ac-4ee5-bea1-aaabc97992ac@group-43F1CF3AB2EE: applyIndex: 0
2024-04-26 07:44:14,038 [dd21079d-84ac-4ee5-bea1-aaabc97992ac@group-43F1CF3AB2EE-cacheEviction-AwaitToRun] INFO  util.AwaitToRun (AwaitToRun.java:run(49)) - dd21079d-84ac-4ee5-bea1-aaabc97992ac@group-43F1CF3AB2EE-cacheEviction-AwaitToRun-AwaitForSignal is interrupted
2024-04-26 07:44:14,038 [main] INFO  server.GrpcService (GrpcService.java:closeImpl(311)) - fc9979d5-d948-4828-9511-0e4a1771ac5f: shutdown server org.apache.ratis.grpc.server.GrpcClientProtocolService now
2024-04-26 07:44:14,038 [fc9979d5-d948-4828-9511-0e4a1771ac5f-impl-thread2] INFO  server.RaftServer$Division (RaftServerImpl.java:lambda$close$3(526)) - fc9979d5-d948-4828-9511-0e4a1771ac5f@group-E360D5CF0D9D: shutdown
2024-04-26 07:44:14,038 [fc9979d5-d948-4828-9511-0e4a1771ac5f-impl-thread2] INFO  util.JmxRegister (JmxRegister.java:unregister(73)) - Successfully un-registered JMX Bean with object name Ratis:service=RaftServer,group=group-E360D5CF0D9D,id=fc9979d5-d948-4828-9511-0e4a1771ac5f
2024-04-26 07:44:14,038 [fc9979d5-d948-4828-9511-0e4a1771ac5f-impl-thread2] INFO  impl.RoleInfo (RoleInfo.java:shutdownLeaderState(94)) - fc9979d5-d948-4828-9511-0e4a1771ac5f: shutdown fc9979d5-d948-4828-9511-0e4a1771ac5f@group-E360D5CF0D9D-LeaderStateImpl
2024-04-26 07:44:14,038 [fc9979d5-d948-4828-9511-0e4a1771ac5f-impl-thread2] INFO  impl.PendingRequests (PendingRequests.java:sendNotLeaderResponses(289)) - fc9979d5-d948-4828-9511-0e4a1771ac5f@group-E360D5CF0D9D-PendingRequests: sendNotLeaderResponses
2024-04-26 07:44:14,039 [fc9979d5-d948-4828-9511-0e4a1771ac5f-impl-thread2] INFO  impl.StateMachineUpdater (StateMachineUpdater.java:stopAndJoin(157)) - fc9979d5-d948-4828-9511-0e4a1771ac5f@group-E360D5CF0D9D-StateMachineUpdater: set stopIndex = 0
2024-04-26 07:44:14,039 [fc9979d5-d948-4828-9511-0e4a1771ac5f@group-E360D5CF0D9D-StateMachineUpdater] INFO  ratis.ContainerStateMachine (ContainerStateMachine.java:takeSnapshot(355)) - group-E360D5CF0D9D: Taking a snapshot at:(t:1, i:0) file /home/runner/work/ozone/ozone/hadoop-ozone/integration-test/target/test-dir/MiniOzoneClusterImpl-a56b3a23-5bf6-4b5b-a0fe-007206924a4e/ozone-meta/datanode-8/ratis/227e7f5a-d10b-4c80-95c4-e360d5cf0d9d/sm/snapshot.1_0
2024-04-26 07:44:14,039 [fc9979d5-d948-4828-9511-0e4a1771ac5f@group-E360D5CF0D9D-StateMachineUpdater] INFO  ratis.ContainerStateMachine (ContainerStateMachine.java:takeSnapshot(366)) - group-E360D5CF0D9D: Finished taking a snapshot at:(t:1, i:0) file:/home/runner/work/ozone/ozone/hadoop-ozone/integration-test/target/test-dir/MiniOzoneClusterImpl-a56b3a23-5bf6-4b5b-a0fe-007206924a4e/ozone-meta/datanode-8/ratis/227e7f5a-d10b-4c80-95c4-e360d5cf0d9d/sm/snapshot.1_0 took: 0 ms
2024-04-26 07:44:14,039 [fc9979d5-d948-4828-9511-0e4a1771ac5f@group-E360D5CF0D9D-StateMachineUpdater] INFO  impl.StateMachineUpdater (StateMachineUpdater.java:takeSnapshot(295)) - fc9979d5-d948-4828-9511-0e4a1771ac5f@group-E360D5CF0D9D-StateMachineUpdater: Took a snapshot at index 0
2024-04-26 07:44:14,039 [fc9979d5-d948-4828-9511-0e4a1771ac5f@group-E360D5CF0D9D-StateMachineUpdater] INFO  impl.StateMachineUpdater (StateMachineUpdater.java:lambda$new$0(98)) - fc9979d5-d948-4828-9511-0e4a1771ac5f@group-E360D5CF0D9D-StateMachineUpdater: snapshotIndex: updateIncreasingly -1 -> 0
2024-04-26 07:44:14,039 [fc9979d5-d948-4828-9511-0e4a1771ac5f-impl-thread2] INFO  server.RaftServer$Division (ServerState.java:close(427)) - fc9979d5-d948-4828-9511-0e4a1771ac5f@group-E360D5CF0D9D: applyIndex: 0
2024-04-26 07:44:14,039 [fc9979d5-d948-4828-9511-0e4a1771ac5f@group-E360D5CF0D9D-cacheEviction-AwaitToRun] INFO  util.AwaitToRun (AwaitToRun.java:run(49)) - fc9979d5-d948-4828-9511-0e4a1771ac5f@group-E360D5CF0D9D-cacheEviction-AwaitToRun-AwaitForSignal is interrupted
2024-04-26 07:44:14,041 [Thread-2219] INFO  server.GrpcServerProtocolClient (GrpcServerProtocolClient.java:close(103)) - a0a780bc-4285-4c1f-be2a-f222fe59f73a Close channels
2024-04-26 07:44:14,041 [ForkJoinPool.commonPool-worker-3] INFO  server.GrpcService (GrpcService.java:closeImpl(311)) - a0a780bc-4285-4c1f-be2a-f222fe59f73a: shutdown server org.apache.ratis.grpc.server.GrpcClientProtocolService now
2024-04-26 07:44:14,041 [a0a780bc-4285-4c1f-be2a-f222fe59f73a-impl-thread2] INFO  server.RaftServer$Division (RaftServerImpl.java:lambda$close$3(526)) - a0a780bc-4285-4c1f-be2a-f222fe59f73a@group-6061531EA8D4: shutdown
2024-04-26 07:44:14,041 [a0a780bc-4285-4c1f-be2a-f222fe59f73a-impl-thread2] INFO  util.JmxRegister (JmxRegister.java:unregister(73)) - Successfully un-registered JMX Bean with object name Ratis:service=RaftServer,group=group-6061531EA8D4,id=a0a780bc-4285-4c1f-be2a-f222fe59f73a
2024-04-26 07:44:14,042 [a0a780bc-4285-4c1f-be2a-f222fe59f73a-impl-thread2] INFO  impl.RoleInfo (RoleInfo.java:shutdownLeaderState(94)) - a0a780bc-4285-4c1f-be2a-f222fe59f73a: shutdown a0a780bc-4285-4c1f-be2a-f222fe59f73a@group-6061531EA8D4-LeaderStateImpl
2024-04-26 07:44:14,042 [a0a780bc-4285-4c1f-be2a-f222fe59f73a-impl-thread2] INFO  impl.PendingRequests (PendingRequests.java:sendNotLeaderResponses(289)) - a0a780bc-4285-4c1f-be2a-f222fe59f73a@group-6061531EA8D4-PendingRequests: sendNotLeaderResponses
2024-04-26 07:44:14,042 [a0a780bc-4285-4c1f-be2a-f222fe59f73a-impl-thread2] INFO  impl.StateMachineUpdater (StateMachineUpdater.java:stopAndJoin(157)) - a0a780bc-4285-4c1f-be2a-f222fe59f73a@group-6061531EA8D4-StateMachineUpdater: set stopIndex = 0
2024-04-26 07:44:14,042 [a0a780bc-4285-4c1f-be2a-f222fe59f73a@group-6061531EA8D4-StateMachineUpdater] INFO  ratis.ContainerStateMachine (ContainerStateMachine.java:takeSnapshot(355)) - group-6061531EA8D4: Taking a snapshot at:(t:1, i:0) file /home/runner/work/ozone/ozone/hadoop-ozone/integration-test/target/test-dir/MiniOzoneClusterImpl-a56b3a23-5bf6-4b5b-a0fe-007206924a4e/ozone-meta/datanode-7/ratis/caf84b76-dddd-41f9-87e8-6061531ea8d4/sm/snapshot.1_0
2024-04-26 07:44:14,042 [ForkJoinPool.commonPool-worker-2] INFO  server.GrpcService (GrpcService.java:closeImpl(320)) - dd21079d-84ac-4ee5-bea1-aaabc97992ac: shutdown server GrpcServerProtocolService successfully
2024-04-26 07:44:14,042 [ForkJoinPool.commonPool-worker-2] INFO  server.GrpcService (GrpcService.java:closeImpl(311)) - dd21079d-84ac-4ee5-bea1-aaabc97992ac: shutdown server org.apache.ratis.grpc.server.GrpcAdminProtocolService now
2024-04-26 07:44:14,042 [a0a780bc-4285-4c1f-be2a-f222fe59f73a@group-6061531EA8D4-StateMachineUpdater] INFO  ratis.ContainerStateMachine (ContainerStateMachine.java:takeSnapshot(366)) - group-6061531EA8D4: Finished taking a snapshot at:(t:1, i:0) file:/home/runner/work/ozone/ozone/hadoop-ozone/integration-test/target/test-dir/MiniOzoneClusterImpl-a56b3a23-5bf6-4b5b-a0fe-007206924a4e/ozone-meta/datanode-7/ratis/caf84b76-dddd-41f9-87e8-6061531ea8d4/sm/snapshot.1_0 took: 1 ms
2024-04-26 07:44:14,042 [a0a780bc-4285-4c1f-be2a-f222fe59f73a@group-6061531EA8D4-StateMachineUpdater] INFO  impl.StateMachineUpdater (StateMachineUpdater.java:takeSnapshot(295)) - a0a780bc-4285-4c1f-be2a-f222fe59f73a@group-6061531EA8D4-StateMachineUpdater: Took a snapshot at index 0
2024-04-26 07:44:14,043 [a0a780bc-4285-4c1f-be2a-f222fe59f73a@group-6061531EA8D4-StateMachineUpdater] INFO  impl.StateMachineUpdater (StateMachineUpdater.java:lambda$new$0(98)) - a0a780bc-4285-4c1f-be2a-f222fe59f73a@group-6061531EA8D4-StateMachineUpdater: snapshotIndex: updateIncreasingly -1 -> 0
2024-04-26 07:44:14,043 [a0a780bc-4285-4c1f-be2a-f222fe59f73a-impl-thread2] INFO  server.RaftServer$Division (ServerState.java:close(427)) - a0a780bc-4285-4c1f-be2a-f222fe59f73a@group-6061531EA8D4: applyIndex: 0
2024-04-26 07:44:14,043 [a0a780bc-4285-4c1f-be2a-f222fe59f73a@group-6061531EA8D4-cacheEviction-AwaitToRun] INFO  util.AwaitToRun (AwaitToRun.java:run(49)) - a0a780bc-4285-4c1f-be2a-f222fe59f73a@group-6061531EA8D4-cacheEviction-AwaitToRun-AwaitForSignal is interrupted
2024-04-26 07:44:14,044 [Thread-2218] INFO  server.GrpcServerProtocolClient (GrpcServerProtocolClient.java:close(103)) - 78187b2a-fdcc-4f64-b78e-e48d2135caff Close channels
2024-04-26 07:44:14,045 [main] INFO  server.GrpcService (GrpcService.java:closeImpl(320)) - fc9979d5-d948-4828-9511-0e4a1771ac5f: shutdown server org.apache.ratis.grpc.server.GrpcClientProtocolService successfully
2024-04-26 07:44:14,045 [main] INFO  server.GrpcService (GrpcService.java:closeImpl(311)) - fc9979d5-d948-4828-9511-0e4a1771ac5f: shutdown server GrpcServerProtocolService now
2024-04-26 07:44:14,044 [ForkJoinPool.commonPool-worker-1] INFO  server.GrpcService (GrpcService.java:closeImpl(311)) - 6344c76b-c160-4957-8ee9-5bf4783825fc: shutdown server org.apache.ratis.grpc.server.GrpcClientProtocolService now
2024-04-26 07:44:14,046 [grpc-default-executor-1] WARN  server.GrpcLogAppender (LogUtils.java:warn(121)) - 78187b2a-fdcc-4f64-b78e-e48d2135caff@group-58785C267393->fc9979d5-d948-4828-9511-0e4a1771ac5f-AppendLogResponseHandler: Failed appendEntries: org.apache.ratis.thirdparty.io.grpc.StatusRuntimeException: CANCELLED: RST_STREAM closed stream. HTTP/2 error code: CANCEL
2024-04-26 07:44:14,046 [grpc-default-executor-1] WARN  server.GrpcLogAppender (GrpcLogAppender.java:lambda$resetClient$1(217)) - 78187b2a-fdcc-4f64-b78e-e48d2135caff@group-58785C267393->fc9979d5-d948-4828-9511-0e4a1771ac5f-GrpcLogAppender: Follower failed (request=null, errorCount=1); keep nextIndex (1) unchanged and retry.
2024-04-26 07:44:14,046 [grpc-default-executor-5] WARN  server.GrpcServerProtocolService (LogUtils.java:warn(121)) - fc9979d5-d948-4828-9511-0e4a1771ac5f: APPEND_ENTRIES onError, lastRequest: null: org.apache.ratis.thirdparty.io.grpc.StatusRuntimeException: CANCELLED: client cancelled
2024-04-26 07:44:14,046 [grpc-default-executor-3] WARN  server.GrpcServerProtocolService (LogUtils.java:warn(121)) - fc9979d5-d948-4828-9511-0e4a1771ac5f: APPEND_ENTRIES onError, lastRequest: 78187b2a-fdcc-4f64-b78e-e48d2135caff->fc9979d5-d948-4828-9511-0e4a1771ac5f#1-t1,previous=(t:0, i:0),leaderCommit=-1,initializing? false,entries: size=1, first=(t:1, i:0), CONFIGURATIONENTRY(current:id: "fc9979d5-d948-4828-9511-0e4a1771ac5f"
address: "127.0.0.1:15166"
dataStreamAddress: "127.0.0.1:15167"
clientAddress: "127.0.0.1:15164"
adminAddress: "127.0.0.1:15165"
startupRole: FOLLOWER
,id: "78187b2a-fdcc-4f64-b78e-e48d2135caff"
address: "127.0.0.1:15175"
priority: 1
dataStreamAddress: "127.0.0.1:15176"
clientAddress: "127.0.0.1:15173"
adminAddress: "127.0.0.1:15174"
startupRole: FOLLOWER
,id: "a0a780bc-4285-4c1f-be2a-f222fe59f73a"
address: "127.0.0.1:15157"
dataStreamAddress: "127.0.0.1:15158"
clientAddress: "127.0.0.1:15155"
adminAddress: "127.0.0.1:15156"
startupRole: FOLLOWER
, old:): org.apache.ratis.thirdparty.io.grpc.StatusRuntimeException: CANCELLED: client cancelled
2024-04-26 07:44:14,047 [6344c76b-c160-4957-8ee9-5bf4783825fc-impl-thread2] INFO  server.RaftServer$Division (RaftServerImpl.java:lambda$close$3(526)) - 6344c76b-c160-4957-8ee9-5bf4783825fc@group-CEA1F2070717: shutdown
2024-04-26 07:44:14,047 [6344c76b-c160-4957-8ee9-5bf4783825fc-impl-thread2] INFO  util.JmxRegister (JmxRegister.java:unregister(73)) - Successfully un-registered JMX Bean with object name Ratis:service=RaftServer,group=group-CEA1F2070717,id=6344c76b-c160-4957-8ee9-5bf4783825fc
2024-04-26 07:44:14,047 [6344c76b-c160-4957-8ee9-5bf4783825fc-impl-thread2] INFO  impl.RoleInfo (RoleInfo.java:shutdownLeaderState(94)) - 6344c76b-c160-4957-8ee9-5bf4783825fc: shutdown 6344c76b-c160-4957-8ee9-5bf4783825fc@group-CEA1F2070717-LeaderStateImpl
2024-04-26 07:44:14,047 [6344c76b-c160-4957-8ee9-5bf4783825fc-impl-thread2] INFO  impl.PendingRequests (PendingRequests.java:sendNotLeaderResponses(289)) - 6344c76b-c160-4957-8ee9-5bf4783825fc@group-CEA1F2070717-PendingRequests: sendNotLeaderResponses
2024-04-26 07:44:14,048 [6344c76b-c160-4957-8ee9-5bf4783825fc-impl-thread2] INFO  impl.StateMachineUpdater (StateMachineUpdater.java:stopAndJoin(157)) - 6344c76b-c160-4957-8ee9-5bf4783825fc@group-CEA1F2070717-StateMachineUpdater: set stopIndex = 0
2024-04-26 07:44:14,048 [6344c76b-c160-4957-8ee9-5bf4783825fc@group-CEA1F2070717-StateMachineUpdater] INFO  ratis.ContainerStateMachine (ContainerStateMachine.java:takeSnapshot(355)) - group-CEA1F2070717: Taking a snapshot at:(t:1, i:0) file /home/runner/work/ozone/ozone/hadoop-ozone/integration-test/target/test-dir/MiniOzoneClusterImpl-a56b3a23-5bf6-4b5b-a0fe-007206924a4e/ozone-meta/datanode-3/ratis/786a2490-9877-48c9-9849-cea1f2070717/sm/snapshot.1_0
2024-04-26 07:44:14,048 [6344c76b-c160-4957-8ee9-5bf4783825fc@group-CEA1F2070717-StateMachineUpdater] INFO  ratis.ContainerStateMachine (ContainerStateMachine.java:takeSnapshot(366)) - group-CEA1F2070717: Finished taking a snapshot at:(t:1, i:0) file:/home/runner/work/ozone/ozone/hadoop-ozone/integration-test/target/test-dir/MiniOzoneClusterImpl-a56b3a23-5bf6-4b5b-a0fe-007206924a4e/ozone-meta/datanode-3/ratis/786a2490-9877-48c9-9849-cea1f2070717/sm/snapshot.1_0 took: 0 ms
2024-04-26 07:44:14,048 [6344c76b-c160-4957-8ee9-5bf4783825fc@group-CEA1F2070717-StateMachineUpdater] INFO  impl.StateMachineUpdater (StateMachineUpdater.java:takeSnapshot(295)) - 6344c76b-c160-4957-8ee9-5bf4783825fc@group-CEA1F2070717-StateMachineUpdater: Took a snapshot at index 0
2024-04-26 07:44:14,048 [6344c76b-c160-4957-8ee9-5bf4783825fc@group-CEA1F2070717-StateMachineUpdater] INFO  impl.StateMachineUpdater (StateMachineUpdater.java:lambda$new$0(98)) - 6344c76b-c160-4957-8ee9-5bf4783825fc@group-CEA1F2070717-StateMachineUpdater: snapshotIndex: updateIncreasingly -1 -> 0
2024-04-26 07:44:14,049 [6344c76b-c160-4957-8ee9-5bf4783825fc-impl-thread2] INFO  server.RaftServer$Division (ServerState.java:close(427)) - 6344c76b-c160-4957-8ee9-5bf4783825fc@group-CEA1F2070717: applyIndex: 0
2024-04-26 07:44:14,049 [6344c76b-c160-4957-8ee9-5bf4783825fc@group-CEA1F2070717-cacheEviction-AwaitToRun] INFO  util.AwaitToRun (AwaitToRun.java:run(49)) - 6344c76b-c160-4957-8ee9-5bf4783825fc@group-CEA1F2070717-cacheEviction-AwaitToRun-AwaitForSignal is interrupted
2024-04-26 07:44:14,052 [ForkJoinPool.commonPool-worker-3] INFO  server.GrpcService (GrpcService.java:closeImpl(320)) - a0a780bc-4285-4c1f-be2a-f222fe59f73a: shutdown server org.apache.ratis.grpc.server.GrpcClientProtocolService successfully
2024-04-26 07:44:14,053 [ForkJoinPool.commonPool-worker-3] INFO  server.GrpcService (GrpcService.java:closeImpl(311)) - a0a780bc-4285-4c1f-be2a-f222fe59f73a: shutdown server GrpcServerProtocolService now
2024-04-26 07:44:14,053 [grpc-default-executor-2] WARN  server.GrpcLogAppender (LogUtils.java:warn(121)) - 78187b2a-fdcc-4f64-b78e-e48d2135caff@group-58785C267393->a0a780bc-4285-4c1f-be2a-f222fe59f73a-AppendLogResponseHandler: Failed appendEntries: org.apache.ratis.thirdparty.io.grpc.StatusRuntimeException: CANCELLED: RST_STREAM closed stream. HTTP/2 error code: CANCEL
2024-04-26 07:44:14,053 [grpc-default-executor-2] WARN  server.GrpcLogAppender (GrpcLogAppender.java:lambda$resetClient$1(217)) - 78187b2a-fdcc-4f64-b78e-e48d2135caff@group-58785C267393->a0a780bc-4285-4c1f-be2a-f222fe59f73a-GrpcLogAppender: Follower failed (request=null, errorCount=1); keep nextIndex (1) unchanged and retry.
2024-04-26 07:44:14,053 [grpc-default-executor-5] WARN  server.GrpcServerProtocolService (LogUtils.java:warn(121)) - a0a780bc-4285-4c1f-be2a-f222fe59f73a: APPEND_ENTRIES onError, lastRequest: 78187b2a-fdcc-4f64-b78e-e48d2135caff->a0a780bc-4285-4c1f-be2a-f222fe59f73a#1-t1,previous=(t:0, i:0),leaderCommit=-1,initializing? false,entries: size=1, first=(t:1, i:0), CONFIGURATIONENTRY(current:id: "fc9979d5-d948-4828-9511-0e4a1771ac5f"
address: "127.0.0.1:15166"
dataStreamAddress: "127.0.0.1:15167"
clientAddress: "127.0.0.1:15164"
adminAddress: "127.0.0.1:15165"
startupRole: FOLLOWER
,id: "78187b2a-fdcc-4f64-b78e-e48d2135caff"
address: "127.0.0.1:15175"
priority: 1
dataStreamAddress: "127.0.0.1:15176"
clientAddress: "127.0.0.1:15173"
adminAddress: "127.0.0.1:15174"
startupRole: FOLLOWER
,id: "a0a780bc-4285-4c1f-be2a-f222fe59f73a"
address: "127.0.0.1:15157"
dataStreamAddress: "127.0.0.1:15158"
clientAddress: "127.0.0.1:15155"
adminAddress: "127.0.0.1:15156"
startupRole: FOLLOWER
, old:): org.apache.ratis.thirdparty.io.grpc.StatusRuntimeException: CANCELLED: client cancelled
2024-04-26 07:44:14,053 [grpc-default-executor-1] WARN  server.GrpcServerProtocolService (LogUtils.java:warn(121)) - a0a780bc-4285-4c1f-be2a-f222fe59f73a: APPEND_ENTRIES onError, lastRequest: null: org.apache.ratis.thirdparty.io.grpc.StatusRuntimeException: CANCELLED: client cancelled
2024-04-26 07:44:14,058 [ForkJoinPool.commonPool-worker-2] INFO  server.GrpcService (GrpcService.java:closeImpl(320)) - dd21079d-84ac-4ee5-bea1-aaabc97992ac: shutdown server org.apache.ratis.grpc.server.GrpcAdminProtocolService successfully
2024-04-26 07:44:14,060 [Thread-2226] INFO  server.GrpcServerProtocolClient (GrpcServerProtocolClient.java:close(103)) - d591b026-01eb-4928-a28c-f8365e0687e2 Close channels
2024-04-26 07:44:14,061 [Thread-2234] INFO  server.GrpcServerProtocolClient (GrpcServerProtocolClient.java:close(103)) - dd21079d-84ac-4ee5-bea1-aaabc97992ac Close channels
2024-04-26 07:44:14,065 [ForkJoinPool.commonPool-worker-1] INFO  server.GrpcService (GrpcService.java:closeImpl(320)) - 6344c76b-c160-4957-8ee9-5bf4783825fc: shutdown server org.apache.ratis.grpc.server.GrpcClientProtocolService successfully
2024-04-26 07:44:14,065 [ForkJoinPool.commonPool-worker-1] INFO  server.GrpcService (GrpcService.java:closeImpl(311)) - 6344c76b-c160-4957-8ee9-5bf4783825fc: shutdown server GrpcServerProtocolService now
2024-04-26 07:44:14,066 [ForkJoinPool.commonPool-worker-3] INFO  server.GrpcService (GrpcService.java:closeImpl(320)) - a0a780bc-4285-4c1f-be2a-f222fe59f73a: shutdown server GrpcServerProtocolService successfully
2024-04-26 07:44:14,067 [ForkJoinPool.commonPool-worker-3] INFO  server.GrpcService (GrpcService.java:closeImpl(311)) - a0a780bc-4285-4c1f-be2a-f222fe59f73a: shutdown server org.apache.ratis.grpc.server.GrpcAdminProtocolService now
2024-04-26 07:44:14,067 [main] INFO  server.GrpcService (GrpcService.java:closeImpl(320)) - fc9979d5-d948-4828-9511-0e4a1771ac5f: shutdown server GrpcServerProtocolService successfully
2024-04-26 07:44:14,067 [main] INFO  server.GrpcService (GrpcService.java:closeImpl(311)) - fc9979d5-d948-4828-9511-0e4a1771ac5f: shutdown server org.apache.ratis.grpc.server.GrpcAdminProtocolService now
2024-04-26 07:44:14,069 [ForkJoinPool.commonPool-worker-3] INFO  server.GrpcService (GrpcService.java:closeImpl(320)) - a0a780bc-4285-4c1f-be2a-f222fe59f73a: shutdown server org.apache.ratis.grpc.server.GrpcAdminProtocolService successfully
2024-04-26 07:44:14,070 [ForkJoinPool.commonPool-worker-4] INFO  ozoneimpl.OzoneContainer (OzoneContainer.java:stop(481)) - Attempting to stop container services.
2024-04-26 07:44:14,070 [ContainerMetadataScanner] WARN  ozoneimpl.AbstractBackgroundContainerScanner (AbstractBackgroundContainerScanner.java:handleRemainingSleep(134)) - Background container scan was interrupted.
2024-04-26 07:44:14,070 [ContainerMetadataScanner] INFO  ozoneimpl.AbstractBackgroundContainerScanner (AbstractBackgroundContainerScanner.java:run(61)) - Thread[ContainerMetadataScanner,5,main] exiting.
2024-04-26 07:44:14,071 [ForkJoinPool.commonPool-worker-4] INFO  ozoneimpl.BackgroundContainerDataScanner (BackgroundContainerDataScanner.java:shutdown(141)) - ContainerDataScanner(/home/runner/work/ozone/ozone/hadoop-ozone/integration-test/target/test-dir/MiniOzoneClusterImpl-a56b3a23-5bf6-4b5b-a0fe-007206924a4e/ozone-meta/datanode-9/data-0/hdds) is shutting down. 
2024-04-26 07:44:14,071 [ContainerDataScanner(/home/runner/work/ozone/ozone/hadoop-ozone/integration-test/target/test-dir/MiniOzoneClusterImpl-a56b3a23-5bf6-4b5b-a0fe-007206924a4e/ozone-meta/datanode-9/data-0/hdds)] WARN  ozoneimpl.AbstractBackgroundContainerScanner (AbstractBackgroundContainerScanner.java:handleRemainingSleep(134)) - Background container scan was interrupted.
2024-04-26 07:44:14,071 [ContainerDataScanner(/home/runner/work/ozone/ozone/hadoop-ozone/integration-test/target/test-dir/MiniOzoneClusterImpl-a56b3a23-5bf6-4b5b-a0fe-007206924a4e/ozone-meta/datanode-9/data-0/hdds)] INFO  ozoneimpl.AbstractBackgroundContainerScanner (AbstractBackgroundContainerScanner.java:run(61)) - ContainerDataScanner(/home/runner/work/ozone/ozone/hadoop-ozone/integration-test/target/test-dir/MiniOzoneClusterImpl-a56b3a23-5bf6-4b5b-a0fe-007206924a4e/ozone-meta/datanode-9/data-0/hdds, DS-040326c2-e965-4d08-84c4-4820c3fae4f0) exiting.
2024-04-26 07:44:14,071 [ForkJoinPool.commonPool-worker-4] INFO  server.RaftServer (RaftServerProxy.java:lambda$close$9(416)) - 78187b2a-fdcc-4f64-b78e-e48d2135caff: close
2024-04-26 07:44:14,071 [78187b2a-fdcc-4f64-b78e-e48d2135caff-impl-thread1] INFO  server.RaftServer$Division (RaftServerImpl.java:lambda$close$3(526)) - 78187b2a-fdcc-4f64-b78e-e48d2135caff@group-58785C267393: shutdown
2024-04-26 07:44:14,071 [78187b2a-fdcc-4f64-b78e-e48d2135caff-impl-thread1] INFO  util.JmxRegister (JmxRegister.java:unregister(73)) - Successfully un-registered JMX Bean with object name Ratis:service=RaftServer,group=group-58785C267393,id=78187b2a-fdcc-4f64-b78e-e48d2135caff
2024-04-26 07:44:14,071 [78187b2a-fdcc-4f64-b78e-e48d2135caff-impl-thread1] INFO  impl.RoleInfo (RoleInfo.java:shutdownLeaderState(94)) - 78187b2a-fdcc-4f64-b78e-e48d2135caff: shutdown 78187b2a-fdcc-4f64-b78e-e48d2135caff@group-58785C267393-LeaderStateImpl
2024-04-26 07:44:14,071 [78187b2a-fdcc-4f64-b78e-e48d2135caff@group-58785C267393->fc9979d5-d948-4828-9511-0e4a1771ac5f-GrpcLogAppender-LogAppenderDaemon] WARN  server.GrpcLogAppender (GrpcLogAppender.java:mayWait(289)) - 78187b2a-fdcc-4f64-b78e-e48d2135caff@group-58785C267393->fc9979d5-d948-4828-9511-0e4a1771ac5f-GrpcLogAppender: Wait interrupted by java.lang.InterruptedException
2024-04-26 07:44:14,071 [78187b2a-fdcc-4f64-b78e-e48d2135caff@group-58785C267393->a0a780bc-4285-4c1f-be2a-f222fe59f73a-GrpcLogAppender-LogAppenderDaemon] WARN  server.GrpcLogAppender (GrpcLogAppender.java:mayWait(289)) - 78187b2a-fdcc-4f64-b78e-e48d2135caff@group-58785C267393->a0a780bc-4285-4c1f-be2a-f222fe59f73a-GrpcLogAppender: Wait interrupted by java.lang.InterruptedException
2024-04-26 07:44:14,071 [78187b2a-fdcc-4f64-b78e-e48d2135caff-impl-thread1] INFO  impl.PendingRequests (PendingRequests.java:sendNotLeaderResponses(289)) - 78187b2a-fdcc-4f64-b78e-e48d2135caff@group-58785C267393-PendingRequests: sendNotLeaderResponses
2024-04-26 07:44:14,071 [78187b2a-fdcc-4f64-b78e-e48d2135caff-impl-thread1] INFO  impl.StateMachineUpdater (StateMachineUpdater.java:stopAndJoin(157)) - 78187b2a-fdcc-4f64-b78e-e48d2135caff@group-58785C267393-StateMachineUpdater: set stopIndex = 0
2024-04-26 07:44:14,072 [78187b2a-fdcc-4f64-b78e-e48d2135caff@group-58785C267393-StateMachineUpdater] INFO  ratis.ContainerStateMachine (ContainerStateMachine.java:takeSnapshot(355)) - group-58785C267393: Taking a snapshot at:(t:1, i:0) file /home/runner/work/ozone/ozone/hadoop-ozone/integration-test/target/test-dir/MiniOzoneClusterImpl-a56b3a23-5bf6-4b5b-a0fe-007206924a4e/ozone-meta/datanode-9/ratis/6848d74c-0497-49b3-84ff-58785c267393/sm/snapshot.1_0
2024-04-26 07:44:14,072 [78187b2a-fdcc-4f64-b78e-e48d2135caff@group-58785C267393-StateMachineUpdater] INFO  ratis.ContainerStateMachine (ContainerStateMachine.java:takeSnapshot(366)) - group-58785C267393: Finished taking a snapshot at:(t:1, i:0) file:/home/runner/work/ozone/ozone/hadoop-ozone/integration-test/target/test-dir/MiniOzoneClusterImpl-a56b3a23-5bf6-4b5b-a0fe-007206924a4e/ozone-meta/datanode-9/ratis/6848d74c-0497-49b3-84ff-58785c267393/sm/snapshot.1_0 took: 0 ms
2024-04-26 07:44:14,072 [78187b2a-fdcc-4f64-b78e-e48d2135caff@group-58785C267393-StateMachineUpdater] INFO  impl.StateMachineUpdater (StateMachineUpdater.java:takeSnapshot(295)) - 78187b2a-fdcc-4f64-b78e-e48d2135caff@group-58785C267393-StateMachineUpdater: Took a snapshot at index 0
2024-04-26 07:44:14,072 [78187b2a-fdcc-4f64-b78e-e48d2135caff@group-58785C267393-StateMachineUpdater] INFO  impl.StateMachineUpdater (StateMachineUpdater.java:lambda$new$0(98)) - 78187b2a-fdcc-4f64-b78e-e48d2135caff@group-58785C267393-StateMachineUpdater: snapshotIndex: updateIncreasingly -1 -> 0
2024-04-26 07:44:14,072 [78187b2a-fdcc-4f64-b78e-e48d2135caff-impl-thread1] INFO  server.RaftServer$Division (ServerState.java:close(427)) - 78187b2a-fdcc-4f64-b78e-e48d2135caff@group-58785C267393: applyIndex: 0
2024-04-26 07:44:14,072 [78187b2a-fdcc-4f64-b78e-e48d2135caff@group-58785C267393-cacheEviction-AwaitToRun] INFO  util.AwaitToRun (AwaitToRun.java:run(49)) - 78187b2a-fdcc-4f64-b78e-e48d2135caff@group-58785C267393-cacheEviction-AwaitToRun-AwaitForSignal is interrupted
2024-04-26 07:44:14,078 [main] INFO  server.GrpcService (GrpcService.java:closeImpl(320)) - fc9979d5-d948-4828-9511-0e4a1771ac5f: shutdown server org.apache.ratis.grpc.server.GrpcAdminProtocolService successfully
2024-04-26 07:44:14,084 [ForkJoinPool.commonPool-worker-1] INFO  server.GrpcService (GrpcService.java:closeImpl(320)) - 6344c76b-c160-4957-8ee9-5bf4783825fc: shutdown server GrpcServerProtocolService successfully
2024-04-26 07:44:14,085 [78187b2a-fdcc-4f64-b78e-e48d2135caff-impl-thread2] INFO  server.RaftServer$Division (RaftServerImpl.java:lambda$close$3(526)) - 78187b2a-fdcc-4f64-b78e-e48d2135caff@group-69BC410565A2: shutdown
2024-04-26 07:44:14,084 [ForkJoinPool.commonPool-worker-4] INFO  server.GrpcService (GrpcService.java:closeImpl(311)) - 78187b2a-fdcc-4f64-b78e-e48d2135caff: shutdown server org.apache.ratis.grpc.server.GrpcClientProtocolService now
2024-04-26 07:44:14,085 [78187b2a-fdcc-4f64-b78e-e48d2135caff-impl-thread2] INFO  util.JmxRegister (JmxRegister.java:unregister(73)) - Successfully un-registered JMX Bean with object name Ratis:service=RaftServer,group=group-69BC410565A2,id=78187b2a-fdcc-4f64-b78e-e48d2135caff
2024-04-26 07:44:14,085 [ForkJoinPool.commonPool-worker-1] INFO  server.GrpcService (GrpcService.java:closeImpl(311)) - 6344c76b-c160-4957-8ee9-5bf4783825fc: shutdown server org.apache.ratis.grpc.server.GrpcAdminProtocolService now
2024-04-26 07:44:14,085 [78187b2a-fdcc-4f64-b78e-e48d2135caff-impl-thread2] INFO  impl.RoleInfo (RoleInfo.java:shutdownLeaderState(94)) - 78187b2a-fdcc-4f64-b78e-e48d2135caff: shutdown 78187b2a-fdcc-4f64-b78e-e48d2135caff@group-69BC410565A2-LeaderStateImpl
2024-04-26 07:44:14,085 [78187b2a-fdcc-4f64-b78e-e48d2135caff-impl-thread2] INFO  impl.PendingRequests (PendingRequests.java:sendNotLeaderResponses(289)) - 78187b2a-fdcc-4f64-b78e-e48d2135caff@group-69BC410565A2-PendingRequests: sendNotLeaderResponses
2024-04-26 07:44:14,086 [78187b2a-fdcc-4f64-b78e-e48d2135caff-impl-thread2] INFO  impl.StateMachineUpdater (StateMachineUpdater.java:stopAndJoin(157)) - 78187b2a-fdcc-4f64-b78e-e48d2135caff@group-69BC410565A2-StateMachineUpdater: set stopIndex = 0
2024-04-26 07:44:14,086 [78187b2a-fdcc-4f64-b78e-e48d2135caff@group-69BC410565A2-StateMachineUpdater] INFO  ratis.ContainerStateMachine (ContainerStateMachine.java:takeSnapshot(355)) - group-69BC410565A2: Taking a snapshot at:(t:1, i:0) file /home/runner/work/ozone/ozone/hadoop-ozone/integration-test/target/test-dir/MiniOzoneClusterImpl-a56b3a23-5bf6-4b5b-a0fe-007206924a4e/ozone-meta/datanode-9/ratis/b15d20e7-19ba-465e-a4d1-69bc410565a2/sm/snapshot.1_0
2024-04-26 07:44:14,086 [ForkJoinPool.commonPool-worker-1] INFO  server.GrpcService (GrpcService.java:closeImpl(320)) - 6344c76b-c160-4957-8ee9-5bf4783825fc: shutdown server org.apache.ratis.grpc.server.GrpcAdminProtocolService successfully
2024-04-26 07:44:14,086 [78187b2a-fdcc-4f64-b78e-e48d2135caff@group-69BC410565A2-StateMachineUpdater] INFO  ratis.ContainerStateMachine (ContainerStateMachine.java:takeSnapshot(366)) - group-69BC410565A2: Finished taking a snapshot at:(t:1, i:0) file:/home/runner/work/ozone/ozone/hadoop-ozone/integration-test/target/test-dir/MiniOzoneClusterImpl-a56b3a23-5bf6-4b5b-a0fe-007206924a4e/ozone-meta/datanode-9/ratis/b15d20e7-19ba-465e-a4d1-69bc410565a2/sm/snapshot.1_0 took: 0 ms
2024-04-26 07:44:14,086 [78187b2a-fdcc-4f64-b78e-e48d2135caff@group-69BC410565A2-StateMachineUpdater] INFO  impl.StateMachineUpdater (StateMachineUpdater.java:takeSnapshot(295)) - 78187b2a-fdcc-4f64-b78e-e48d2135caff@group-69BC410565A2-StateMachineUpdater: Took a snapshot at index 0
2024-04-26 07:44:14,086 [78187b2a-fdcc-4f64-b78e-e48d2135caff@group-69BC410565A2-StateMachineUpdater] INFO  impl.StateMachineUpdater (StateMachineUpdater.java:lambda$new$0(98)) - 78187b2a-fdcc-4f64-b78e-e48d2135caff@group-69BC410565A2-StateMachineUpdater: snapshotIndex: updateIncreasingly -1 -> 0
2024-04-26 07:44:14,086 [78187b2a-fdcc-4f64-b78e-e48d2135caff-impl-thread2] INFO  server.RaftServer$Division (ServerState.java:close(427)) - 78187b2a-fdcc-4f64-b78e-e48d2135caff@group-69BC410565A2: applyIndex: 0
2024-04-26 07:44:14,086 [78187b2a-fdcc-4f64-b78e-e48d2135caff@group-69BC410565A2-cacheEviction-AwaitToRun] INFO  util.AwaitToRun (AwaitToRun.java:run(49)) - 78187b2a-fdcc-4f64-b78e-e48d2135caff@group-69BC410565A2-cacheEviction-AwaitToRun-AwaitForSignal is interrupted
2024-04-26 07:44:14,089 [Thread-2262] INFO  server.GrpcServerProtocolClient (GrpcServerProtocolClient.java:close(103)) - fc9979d5-d948-4828-9511-0e4a1771ac5f Close channels
2024-04-26 07:44:14,094 [Thread-2285] INFO  server.GrpcServerProtocolClient (GrpcServerProtocolClient.java:close(103)) - a0a780bc-4285-4c1f-be2a-f222fe59f73a Close channels
2024-04-26 07:44:14,094 [ForkJoinPool.commonPool-worker-4] INFO  server.GrpcService (GrpcService.java:closeImpl(320)) - 78187b2a-fdcc-4f64-b78e-e48d2135caff: shutdown server org.apache.ratis.grpc.server.GrpcClientProtocolService successfully
2024-04-26 07:44:14,094 [ForkJoinPool.commonPool-worker-4] INFO  server.GrpcService (GrpcService.java:closeImpl(311)) - 78187b2a-fdcc-4f64-b78e-e48d2135caff: shutdown server GrpcServerProtocolService now
2024-04-26 07:44:14,104 [dd21079d-84ac-4ee5-bea1-aaabc97992ac-NettyServerStreamRpc-bossGroup--thread1] INFO  logging.LoggingHandler (AbstractInternalLogger.java:log(148)) - [id: 0x63b36d2e, L:/0.0.0.0:15113] CLOSE
2024-04-26 07:44:14,104 [dd21079d-84ac-4ee5-bea1-aaabc97992ac-NettyServerStreamRpc-bossGroup--thread1] INFO  logging.LoggingHandler (AbstractInternalLogger.java:log(148)) - [id: 0x63b36d2e, L:/0.0.0.0:15113] INACTIVE
2024-04-26 07:44:14,105 [dd21079d-84ac-4ee5-bea1-aaabc97992ac-NettyServerStreamRpc-bossGroup--thread1] INFO  logging.LoggingHandler (AbstractInternalLogger.java:log(148)) - [id: 0x63b36d2e, L:/0.0.0.0:15113] UNREGISTERED
2024-04-26 07:44:14,106 [ForkJoinPool.commonPool-worker-4] INFO  server.GrpcService (GrpcService.java:closeImpl(320)) - 78187b2a-fdcc-4f64-b78e-e48d2135caff: shutdown server GrpcServerProtocolService successfully
2024-04-26 07:44:14,106 [ForkJoinPool.commonPool-worker-4] INFO  server.GrpcService (GrpcService.java:closeImpl(311)) - 78187b2a-fdcc-4f64-b78e-e48d2135caff: shutdown server org.apache.ratis.grpc.server.GrpcAdminProtocolService now
2024-04-26 07:44:14,111 [ForkJoinPool.commonPool-worker-4] INFO  server.GrpcService (GrpcService.java:closeImpl(320)) - 78187b2a-fdcc-4f64-b78e-e48d2135caff: shutdown server org.apache.ratis.grpc.server.GrpcAdminProtocolService successfully
2024-04-26 07:44:14,114 [a0a780bc-4285-4c1f-be2a-f222fe59f73a-NettyServerStreamRpc-bossGroup--thread1] INFO  logging.LoggingHandler (AbstractInternalLogger.java:log(148)) - [id: 0x0ea22d93, L:/0.0.0.0:15158] CLOSE
2024-04-26 07:44:14,114 [a0a780bc-4285-4c1f-be2a-f222fe59f73a-NettyServerStreamRpc-bossGroup--thread1] INFO  logging.LoggingHandler (AbstractInternalLogger.java:log(148)) - [id: 0x0ea22d93, L:/0.0.0.0:15158] INACTIVE
2024-04-26 07:44:14,114 [a0a780bc-4285-4c1f-be2a-f222fe59f73a-NettyServerStreamRpc-bossGroup--thread1] INFO  logging.LoggingHandler (AbstractInternalLogger.java:log(148)) - [id: 0x0ea22d93, L:/0.0.0.0:15158] UNREGISTERED
2024-04-26 07:44:14,116 [6344c76b-c160-4957-8ee9-5bf4783825fc-NettyServerStreamRpc-bossGroup--thread1] INFO  logging.LoggingHandler (AbstractInternalLogger.java:log(148)) - [id: 0x4de89987, L:/0.0.0.0:15122] CLOSE
2024-04-26 07:44:14,116 [6344c76b-c160-4957-8ee9-5bf4783825fc-NettyServerStreamRpc-bossGroup--thread1] INFO  logging.LoggingHandler (AbstractInternalLogger.java:log(148)) - [id: 0x4de89987, L:/0.0.0.0:15122] INACTIVE
2024-04-26 07:44:14,117 [6344c76b-c160-4957-8ee9-5bf4783825fc-NettyServerStreamRpc-bossGroup--thread1] INFO  logging.LoggingHandler (AbstractInternalLogger.java:log(148)) - [id: 0x4de89987, L:/0.0.0.0:15122] UNREGISTERED
2024-04-26 07:44:14,120 [fc9979d5-d948-4828-9511-0e4a1771ac5f-NettyServerStreamRpc-bossGroup--thread1] INFO  logging.LoggingHandler (AbstractInternalLogger.java:log(148)) - [id: 0x64f6bd8f, L:/0.0.0.0:15167] CLOSE
2024-04-26 07:44:14,120 [fc9979d5-d948-4828-9511-0e4a1771ac5f-NettyServerStreamRpc-bossGroup--thread1] INFO  logging.LoggingHandler (AbstractInternalLogger.java:log(148)) - [id: 0x64f6bd8f, L:/0.0.0.0:15167] INACTIVE
2024-04-26 07:44:14,121 [fc9979d5-d948-4828-9511-0e4a1771ac5f-NettyServerStreamRpc-bossGroup--thread1] INFO  logging.LoggingHandler (AbstractInternalLogger.java:log(148)) - [id: 0x64f6bd8f, L:/0.0.0.0:15167] UNREGISTERED
2024-04-26 07:44:14,126 [78187b2a-fdcc-4f64-b78e-e48d2135caff-NettyServerStreamRpc-bossGroup--thread1] INFO  logging.LoggingHandler (AbstractInternalLogger.java:log(148)) - [id: 0xcab1ec9b, L:/0.0.0.0:15176] CLOSE
2024-04-26 07:44:14,126 [78187b2a-fdcc-4f64-b78e-e48d2135caff-NettyServerStreamRpc-bossGroup--thread1] INFO  logging.LoggingHandler (AbstractInternalLogger.java:log(148)) - [id: 0xcab1ec9b, L:/0.0.0.0:15176] INACTIVE
2024-04-26 07:44:14,126 [78187b2a-fdcc-4f64-b78e-e48d2135caff-NettyServerStreamRpc-bossGroup--thread1] INFO  logging.LoggingHandler (AbstractInternalLogger.java:log(148)) - [id: 0xcab1ec9b, L:/0.0.0.0:15176] UNREGISTERED
2024-04-26 07:44:14,134 [fc9979d5-d948-4828-9511-0e4a1771ac5f-impl-thread2] INFO  segmented.SegmentedRaftLogWorker (SegmentedRaftLogWorker.java:close(245)) - fc9979d5-d948-4828-9511-0e4a1771ac5f@group-E360D5CF0D9D-SegmentedRaftLogWorker close()
2024-04-26 07:44:14,146 [78187b2a-fdcc-4f64-b78e-e48d2135caff-impl-thread1] INFO  segmented.SegmentedRaftLogWorker (SegmentedRaftLogWorker.java:close(245)) - 78187b2a-fdcc-4f64-b78e-e48d2135caff@group-58785C267393-SegmentedRaftLogWorker close()
2024-04-26 07:44:14,162 [a0a780bc-4285-4c1f-be2a-f222fe59f73a-impl-thread1] INFO  segmented.SegmentedRaftLogWorker (SegmentedRaftLogWorker.java:close(245)) - a0a780bc-4285-4c1f-be2a-f222fe59f73a@group-58785C267393-SegmentedRaftLogWorker close()
2024-04-26 07:44:14,162 [fc9979d5-d948-4828-9511-0e4a1771ac5f-impl-thread1] INFO  segmented.SegmentedRaftLogWorker (SegmentedRaftLogWorker.java:close(245)) - fc9979d5-d948-4828-9511-0e4a1771ac5f@group-58785C267393-SegmentedRaftLogWorker close()
2024-04-26 07:44:14,163 [JvmPauseMonitor20] INFO  util.JvmPauseMonitor (JvmPauseMonitor.java:run(152)) - JvmPauseMonitor-fc9979d5-d948-4828-9511-0e4a1771ac5f: Stopped
2024-04-26 07:44:14,558 [6344c76b-c160-4957-8ee9-5bf4783825fc-impl-thread1] INFO  segmented.SegmentedRaftLogWorker (SegmentedRaftLogWorker.java:close(245)) - 6344c76b-c160-4957-8ee9-5bf4783825fc@group-1D6CABF8A42A-SegmentedRaftLogWorker close()
2024-04-26 07:44:14,567 [6344c76b-c160-4957-8ee9-5bf4783825fc-impl-thread2] INFO  segmented.SegmentedRaftLogWorker (SegmentedRaftLogWorker.java:close(245)) - 6344c76b-c160-4957-8ee9-5bf4783825fc@group-CEA1F2070717-SegmentedRaftLogWorker close()
2024-04-26 07:44:14,567 [JvmPauseMonitor15] INFO  util.JvmPauseMonitor (JvmPauseMonitor.java:run(152)) - JvmPauseMonitor-6344c76b-c160-4957-8ee9-5bf4783825fc: Stopped
2024-04-26 07:44:14,590 [dd21079d-84ac-4ee5-bea1-aaabc97992ac-impl-thread2] INFO  segmented.SegmentedRaftLogWorker (SegmentedRaftLogWorker.java:close(245)) - dd21079d-84ac-4ee5-bea1-aaabc97992ac@group-43F1CF3AB2EE-SegmentedRaftLogWorker close()
2024-04-26 07:44:14,598 [dd21079d-84ac-4ee5-bea1-aaabc97992ac-impl-thread1] INFO  segmented.SegmentedRaftLogWorker (SegmentedRaftLogWorker.java:close(245)) - dd21079d-84ac-4ee5-bea1-aaabc97992ac@group-1D6CABF8A42A-SegmentedRaftLogWorker close()
2024-04-26 07:44:14,598 [JvmPauseMonitor14] INFO  util.JvmPauseMonitor (JvmPauseMonitor.java:run(152)) - JvmPauseMonitor-dd21079d-84ac-4ee5-bea1-aaabc97992ac: Stopped
2024-04-26 07:44:14,950 [a0a780bc-4285-4c1f-be2a-f222fe59f73a-impl-thread2] INFO  segmented.SegmentedRaftLogWorker (SegmentedRaftLogWorker.java:close(245)) - a0a780bc-4285-4c1f-be2a-f222fe59f73a@group-6061531EA8D4-SegmentedRaftLogWorker close()
2024-04-26 07:44:14,950 [JvmPauseMonitor19] INFO  util.JvmPauseMonitor (JvmPauseMonitor.java:run(152)) - JvmPauseMonitor-a0a780bc-4285-4c1f-be2a-f222fe59f73a: Stopped
2024-04-26 07:44:15,080 [78187b2a-fdcc-4f64-b78e-e48d2135caff-impl-thread2] INFO  segmented.SegmentedRaftLogWorker (SegmentedRaftLogWorker.java:close(245)) - 78187b2a-fdcc-4f64-b78e-e48d2135caff@group-69BC410565A2-SegmentedRaftLogWorker close()
2024-04-26 07:44:15,080 [JvmPauseMonitor21] INFO  util.JvmPauseMonitor (JvmPauseMonitor.java:run(152)) - JvmPauseMonitor-78187b2a-fdcc-4f64-b78e-e48d2135caff: Stopped
2024-04-26 07:44:16,165 [main] INFO  utils.DatanodeStoreCache (DatanodeStoreCache.java:shutdownCache(116)) - Skip clearing cache in mini cluster mode. Entries left: [/home/runner/work/ozone/ozone/hadoop-ozone/integration-test/target/test-dir/MiniOzoneClusterImpl-a56b3a23-5bf6-4b5b-a0fe-007206924a4e/ozone-meta/datanode-1/data-0/hdds/a56b3a23-5bf6-4b5b-a0fe-007206924a4e/DS-bd8de19f-071a-4b98-91c5-133c871fd36f/container.db, /home/runner/work/ozone/ozone/hadoop-ozone/integration-test/target/test-dir/MiniOzoneClusterImpl-a56b3a23-5bf6-4b5b-a0fe-007206924a4e/ozone-meta/datanode-2/data-0/hdds/a56b3a23-5bf6-4b5b-a0fe-007206924a4e/DS-35ec13d3-b314-440f-bc9f-bd2c1a4807f7/container.db, /home/runner/work/ozone/ozone/hadoop-ozone/integration-test/target/test-dir/MiniOzoneClusterImpl-a56b3a23-5bf6-4b5b-a0fe-007206924a4e/ozone-meta/datanode-3/data-0/hdds/a56b3a23-5bf6-4b5b-a0fe-007206924a4e/DS-a67a27f3-cf83-4d8b-a3d7-4389387b4a7c/container.db, /home/runner/work/ozone/ozone/hadoop-ozone/integration-test/target/test-dir/MiniOzoneClusterImpl-a56b3a23-5bf6-4b5b-a0fe-007206924a4e/ozone-meta/datanode-4/data-0/hdds/a56b3a23-5bf6-4b5b-a0fe-007206924a4e/DS-68d4e605-c967-4b7c-891f-f2ea2600d1ab/container.db, /home/runner/work/ozone/ozone/hadoop-ozone/integration-test/target/test-dir/MiniOzoneClusterImpl-a56b3a23-5bf6-4b5b-a0fe-007206924a4e/ozone-meta/datanode-7/data-0/hdds/a56b3a23-5bf6-4b5b-a0fe-007206924a4e/DS-03ccbcc1-b9ae-4b33-bcd8-36d27a4f7bc0/container.db, /home/runner/work/ozone/ozone/hadoop-ozone/integration-test/target/test-dir/MiniOzoneClusterImpl-a56b3a23-5bf6-4b5b-a0fe-007206924a4e/ozone-meta/datanode-8/data-0/hdds/a56b3a23-5bf6-4b5b-a0fe-007206924a4e/DS-ed68a511-7640-4ae6-9c68-e2452552bb7a/container.db, /home/runner/work/ozone/ozone/hadoop-ozone/integration-test/target/test-dir/MiniOzoneClusterImpl-a56b3a23-5bf6-4b5b-a0fe-007206924a4e/ozone-meta/datanode-9/data-0/hdds/a56b3a23-5bf6-4b5b-a0fe-007206924a4e/DS-040326c2-e965-4d08-84c4-4820c3fae4f0/container.db]
2024-04-26 07:44:16,166 [main] INFO  utils.DatanodeStoreCache (DatanodeStoreCache.java:removeDB(110)) - Removed db /home/runner/work/ozone/ozone/hadoop-ozone/integration-test/target/test-dir/MiniOzoneClusterImpl-a56b3a23-5bf6-4b5b-a0fe-007206924a4e/ozone-meta/datanode-8/data-0/hdds/a56b3a23-5bf6-4b5b-a0fe-007206924a4e/DS-ed68a511-7640-4ae6-9c68-e2452552bb7a/container.db from cache
2024-04-26 07:44:16,166 [main] INFO  volume.HddsVolume (HddsVolume.java:closeDbStore(470)) - SchemaV3 db is stopped at /home/runner/work/ozone/ozone/hadoop-ozone/integration-test/target/test-dir/MiniOzoneClusterImpl-a56b3a23-5bf6-4b5b-a0fe-007206924a4e/ozone-meta/datanode-8/data-0/hdds/a56b3a23-5bf6-4b5b-a0fe-007206924a4e/DS-ed68a511-7640-4ae6-9c68-e2452552bb7a/container.db for volume DS-ed68a511-7640-4ae6-9c68-e2452552bb7a
2024-04-26 07:44:16,166 [main] INFO  utils.BackgroundService (BackgroundService.java:shutdown(160)) - Shutting down service BlockDeletingService
2024-04-26 07:44:16,166 [main] INFO  utils.BackgroundService (BackgroundService.java:shutdown(160)) - Shutting down service StaleRecoveringContainerScrubbingService
2024-04-26 07:44:16,167 [main] INFO  statemachine.DatanodeStateMachine (DatanodeStateMachine.java:stopDaemon(638)) - Ozone container server stopped.
2024-04-26 07:44:16,167 [main] INFO  handler.ContextHandler (ContextHandler.java:doStop(1159)) - Stopped o.e.j.w.WebAppContext@912756d{hddsDatanode,/,null,STOPPED}{file:/home/runner/work/ozone/ozone/hadoop-hdds/container-service/target/classes/webapps/hddsDatanode}
2024-04-26 07:44:16,168 [main] INFO  server.AbstractConnector (AbstractConnector.java:doStop(383)) - Stopped ServerConnector@6561629{HTTP/1.1, (http/1.1)}{0.0.0.0:15161}
2024-04-26 07:44:16,168 [main] INFO  server.session (HouseKeeper.java:stopScavenging(149)) - node0 Stopped scavenging
2024-04-26 07:44:16,168 [main] INFO  handler.ContextHandler (ContextHandler.java:doStop(1159)) - Stopped o.e.j.s.ServletContextHandler@1ac7ec0e{static,/static,file:///home/runner/work/ozone/ozone/hadoop-hdds/container-service/target/classes/webapps/static,STOPPED}
2024-04-26 07:44:16,169 [main] INFO  handler.ContextHandler (ContextHandler.java:doStop(1159)) - Stopped o.e.j.s.ServletContextHandler@448f656{logs,/logs,file:///home/runner/work/ozone/ozone/hadoop-ozone/integration-test/target/log,STOPPED}
2024-04-26 07:44:16,169 [main] INFO  ozone.HddsDatanodeClientProtocolServer (HddsDatanodeClientProtocolServer.java:stop(83)) - Stopping the RPC server for Client Protocol
2024-04-26 07:44:16,169 [main] INFO  ipc.Server (Server.java:stop(3523)) - Stopping server on 15162
2024-04-26 07:44:16,170 [IPC Server listener on 15162] INFO  ipc.Server (Server.java:run(1434)) - Stopping IPC Server listener on 15162
2024-04-26 07:44:16,170 [IPC Server Responder] INFO  ipc.Server (Server.java:run(1567)) - Stopping IPC Server Responder
2024-04-26 07:44:16,171 [main] INFO  ozoneimpl.OzoneContainer (OzoneContainer.java:stop(481)) - Attempting to stop container services.
2024-04-26 07:44:16,171 [ContainerMetadataScanner] WARN  ozoneimpl.AbstractBackgroundContainerScanner (AbstractBackgroundContainerScanner.java:handleRemainingSleep(134)) - Background container scan was interrupted.
2024-04-26 07:44:16,171 [ContainerMetadataScanner] INFO  ozoneimpl.AbstractBackgroundContainerScanner (AbstractBackgroundContainerScanner.java:run(61)) - Thread[ContainerMetadataScanner,5,main] exiting.
2024-04-26 07:44:16,172 [main] INFO  ozoneimpl.BackgroundContainerDataScanner (BackgroundContainerDataScanner.java:shutdown(141)) - ContainerDataScanner(/home/runner/work/ozone/ozone/hadoop-ozone/integration-test/target/test-dir/MiniOzoneClusterImpl-a56b3a23-5bf6-4b5b-a0fe-007206924a4e/ozone-meta/datanode-4/data-0/hdds) is shutting down. 
2024-04-26 07:44:16,172 [ContainerDataScanner(/home/runner/work/ozone/ozone/hadoop-ozone/integration-test/target/test-dir/MiniOzoneClusterImpl-a56b3a23-5bf6-4b5b-a0fe-007206924a4e/ozone-meta/datanode-4/data-0/hdds)] WARN  ozoneimpl.AbstractBackgroundContainerScanner (AbstractBackgroundContainerScanner.java:handleRemainingSleep(134)) - Background container scan was interrupted.
2024-04-26 07:44:16,172 [ContainerDataScanner(/home/runner/work/ozone/ozone/hadoop-ozone/integration-test/target/test-dir/MiniOzoneClusterImpl-a56b3a23-5bf6-4b5b-a0fe-007206924a4e/ozone-meta/datanode-4/data-0/hdds)] INFO  ozoneimpl.AbstractBackgroundContainerScanner (AbstractBackgroundContainerScanner.java:run(61)) - ContainerDataScanner(/home/runner/work/ozone/ozone/hadoop-ozone/integration-test/target/test-dir/MiniOzoneClusterImpl-a56b3a23-5bf6-4b5b-a0fe-007206924a4e/ozone-meta/datanode-4/data-0/hdds, DS-68d4e605-c967-4b7c-891f-f2ea2600d1ab) exiting.
2024-04-26 07:44:16,172 [main] INFO  server.RaftServer (RaftServerProxy.java:lambda$close$9(416)) - 84e7e7d6-61bf-4ff4-b705-307942077190: close
2024-04-26 07:44:16,172 [main] INFO  server.GrpcService (GrpcService.java:closeImpl(311)) - 84e7e7d6-61bf-4ff4-b705-307942077190: shutdown server org.apache.ratis.grpc.server.GrpcClientProtocolService now
2024-04-26 07:44:16,172 [84e7e7d6-61bf-4ff4-b705-307942077190-impl-thread1] INFO  server.RaftServer$Division (RaftServerImpl.java:lambda$close$3(526)) - 84e7e7d6-61bf-4ff4-b705-307942077190@group-D3CD2F4DB571: shutdown
2024-04-26 07:44:16,172 [84e7e7d6-61bf-4ff4-b705-307942077190-impl-thread1] INFO  util.JmxRegister (JmxRegister.java:unregister(73)) - Successfully un-registered JMX Bean with object name Ratis:service=RaftServer,group=group-D3CD2F4DB571,id=84e7e7d6-61bf-4ff4-b705-307942077190
2024-04-26 07:44:16,172 [84e7e7d6-61bf-4ff4-b705-307942077190-impl-thread1] INFO  impl.RoleInfo (RoleInfo.java:shutdownLeaderState(94)) - 84e7e7d6-61bf-4ff4-b705-307942077190: shutdown 84e7e7d6-61bf-4ff4-b705-307942077190@group-D3CD2F4DB571-LeaderStateImpl
2024-04-26 07:44:16,173 [84e7e7d6-61bf-4ff4-b705-307942077190-impl-thread1] INFO  impl.PendingRequests (PendingRequests.java:sendNotLeaderResponses(289)) - 84e7e7d6-61bf-4ff4-b705-307942077190@group-D3CD2F4DB571-PendingRequests: sendNotLeaderResponses
2024-04-26 07:44:16,173 [84e7e7d6-61bf-4ff4-b705-307942077190-impl-thread1] INFO  impl.StateMachineUpdater (StateMachineUpdater.java:stopAndJoin(157)) - 84e7e7d6-61bf-4ff4-b705-307942077190@group-D3CD2F4DB571-StateMachineUpdater: set stopIndex = 0
2024-04-26 07:44:16,173 [84e7e7d6-61bf-4ff4-b705-307942077190@group-D3CD2F4DB571-StateMachineUpdater] INFO  ratis.ContainerStateMachine (ContainerStateMachine.java:takeSnapshot(355)) - group-D3CD2F4DB571: Taking a snapshot at:(t:1, i:0) file /home/runner/work/ozone/ozone/hadoop-ozone/integration-test/target/test-dir/MiniOzoneClusterImpl-a56b3a23-5bf6-4b5b-a0fe-007206924a4e/ozone-meta/datanode-4/ratis/1f4cbd4f-c3f0-44d0-950f-d3cd2f4db571/sm/snapshot.1_0
2024-04-26 07:44:16,174 [84e7e7d6-61bf-4ff4-b705-307942077190@group-D3CD2F4DB571-StateMachineUpdater] INFO  ratis.ContainerStateMachine (ContainerStateMachine.java:takeSnapshot(366)) - group-D3CD2F4DB571: Finished taking a snapshot at:(t:1, i:0) file:/home/runner/work/ozone/ozone/hadoop-ozone/integration-test/target/test-dir/MiniOzoneClusterImpl-a56b3a23-5bf6-4b5b-a0fe-007206924a4e/ozone-meta/datanode-4/ratis/1f4cbd4f-c3f0-44d0-950f-d3cd2f4db571/sm/snapshot.1_0 took: 1 ms
2024-04-26 07:44:16,174 [84e7e7d6-61bf-4ff4-b705-307942077190@group-D3CD2F4DB571-StateMachineUpdater] INFO  impl.StateMachineUpdater (StateMachineUpdater.java:takeSnapshot(295)) - 84e7e7d6-61bf-4ff4-b705-307942077190@group-D3CD2F4DB571-StateMachineUpdater: Took a snapshot at index 0
2024-04-26 07:44:16,174 [84e7e7d6-61bf-4ff4-b705-307942077190@group-D3CD2F4DB571-StateMachineUpdater] INFO  impl.StateMachineUpdater (StateMachineUpdater.java:lambda$new$0(98)) - 84e7e7d6-61bf-4ff4-b705-307942077190@group-D3CD2F4DB571-StateMachineUpdater: snapshotIndex: updateIncreasingly -1 -> 0
2024-04-26 07:44:16,174 [84e7e7d6-61bf-4ff4-b705-307942077190-impl-thread1] INFO  server.RaftServer$Division (ServerState.java:close(427)) - 84e7e7d6-61bf-4ff4-b705-307942077190@group-D3CD2F4DB571: applyIndex: 0
2024-04-26 07:44:16,174 [84e7e7d6-61bf-4ff4-b705-307942077190@group-D3CD2F4DB571-cacheEviction-AwaitToRun] INFO  util.AwaitToRun (AwaitToRun.java:run(49)) - 84e7e7d6-61bf-4ff4-b705-307942077190@group-D3CD2F4DB571-cacheEviction-AwaitToRun-AwaitForSignal is interrupted
2024-04-26 07:44:16,177 [Thread-2435] INFO  server.GrpcServerProtocolClient (GrpcServerProtocolClient.java:close(103)) - 14d9c642-7495-4fc5-a0b1-a63fd7fd9772 Close channels
2024-04-26 07:44:16,177 [Thread-2436] INFO  server.GrpcServerProtocolClient (GrpcServerProtocolClient.java:close(103)) - 2f58e8cd-28e0-414a-bc84-31490c64287f Close channels
2024-04-26 07:44:16,177 [main] INFO  server.GrpcService (GrpcService.java:closeImpl(320)) - 84e7e7d6-61bf-4ff4-b705-307942077190: shutdown server org.apache.ratis.grpc.server.GrpcClientProtocolService successfully
2024-04-26 07:44:16,177 [main] INFO  server.GrpcService (GrpcService.java:closeImpl(311)) - 84e7e7d6-61bf-4ff4-b705-307942077190: shutdown server GrpcServerProtocolService now
2024-04-26 07:44:16,179 [main] INFO  server.GrpcService (GrpcService.java:closeImpl(320)) - 84e7e7d6-61bf-4ff4-b705-307942077190: shutdown server GrpcServerProtocolService successfully
2024-04-26 07:44:16,179 [main] INFO  server.GrpcService (GrpcService.java:closeImpl(311)) - 84e7e7d6-61bf-4ff4-b705-307942077190: shutdown server org.apache.ratis.grpc.server.GrpcAdminProtocolService now
2024-04-26 07:44:16,180 [main] INFO  server.GrpcService (GrpcService.java:closeImpl(320)) - 84e7e7d6-61bf-4ff4-b705-307942077190: shutdown server org.apache.ratis.grpc.server.GrpcAdminProtocolService successfully
2024-04-26 07:44:16,195 [84e7e7d6-61bf-4ff4-b705-307942077190-NettyServerStreamRpc-bossGroup--thread1] INFO  logging.LoggingHandler (AbstractInternalLogger.java:log(148)) - [id: 0xcfe565e3, L:/0.0.0.0:15131] CLOSE
2024-04-26 07:44:16,195 [84e7e7d6-61bf-4ff4-b705-307942077190-NettyServerStreamRpc-bossGroup--thread1] INFO  logging.LoggingHandler (AbstractInternalLogger.java:log(148)) - [id: 0xcfe565e3, L:/0.0.0.0:15131] INACTIVE
2024-04-26 07:44:16,195 [84e7e7d6-61bf-4ff4-b705-307942077190-NettyServerStreamRpc-bossGroup--thread1] INFO  logging.LoggingHandler (AbstractInternalLogger.java:log(148)) - [id: 0xcfe565e3, L:/0.0.0.0:15131] UNREGISTERED
2024-04-26 07:44:16,569 [ForkJoinPool.commonPool-worker-1] INFO  utils.DatanodeStoreCache (DatanodeStoreCache.java:shutdownCache(116)) - Skip clearing cache in mini cluster mode. Entries left: [/home/runner/work/ozone/ozone/hadoop-ozone/integration-test/target/test-dir/MiniOzoneClusterImpl-a56b3a23-5bf6-4b5b-a0fe-007206924a4e/ozone-meta/datanode-1/data-0/hdds/a56b3a23-5bf6-4b5b-a0fe-007206924a4e/DS-bd8de19f-071a-4b98-91c5-133c871fd36f/container.db, /home/runner/work/ozone/ozone/hadoop-ozone/integration-test/target/test-dir/MiniOzoneClusterImpl-a56b3a23-5bf6-4b5b-a0fe-007206924a4e/ozone-meta/datanode-2/data-0/hdds/a56b3a23-5bf6-4b5b-a0fe-007206924a4e/DS-35ec13d3-b314-440f-bc9f-bd2c1a4807f7/container.db, /home/runner/work/ozone/ozone/hadoop-ozone/integration-test/target/test-dir/MiniOzoneClusterImpl-a56b3a23-5bf6-4b5b-a0fe-007206924a4e/ozone-meta/datanode-3/data-0/hdds/a56b3a23-5bf6-4b5b-a0fe-007206924a4e/DS-a67a27f3-cf83-4d8b-a3d7-4389387b4a7c/container.db, /home/runner/work/ozone/ozone/hadoop-ozone/integration-test/target/test-dir/MiniOzoneClusterImpl-a56b3a23-5bf6-4b5b-a0fe-007206924a4e/ozone-meta/datanode-4/data-0/hdds/a56b3a23-5bf6-4b5b-a0fe-007206924a4e/DS-68d4e605-c967-4b7c-891f-f2ea2600d1ab/container.db, /home/runner/work/ozone/ozone/hadoop-ozone/integration-test/target/test-dir/MiniOzoneClusterImpl-a56b3a23-5bf6-4b5b-a0fe-007206924a4e/ozone-meta/datanode-7/data-0/hdds/a56b3a23-5bf6-4b5b-a0fe-007206924a4e/DS-03ccbcc1-b9ae-4b33-bcd8-36d27a4f7bc0/container.db, /home/runner/work/ozone/ozone/hadoop-ozone/integration-test/target/test-dir/MiniOzoneClusterImpl-a56b3a23-5bf6-4b5b-a0fe-007206924a4e/ozone-meta/datanode-9/data-0/hdds/a56b3a23-5bf6-4b5b-a0fe-007206924a4e/DS-040326c2-e965-4d08-84c4-4820c3fae4f0/container.db]
2024-04-26 07:44:16,570 [ForkJoinPool.commonPool-worker-1] INFO  utils.DatanodeStoreCache (DatanodeStoreCache.java:removeDB(110)) - Removed db /home/runner/work/ozone/ozone/hadoop-ozone/integration-test/target/test-dir/MiniOzoneClusterImpl-a56b3a23-5bf6-4b5b-a0fe-007206924a4e/ozone-meta/datanode-3/data-0/hdds/a56b3a23-5bf6-4b5b-a0fe-007206924a4e/DS-a67a27f3-cf83-4d8b-a3d7-4389387b4a7c/container.db from cache
2024-04-26 07:44:16,570 [ForkJoinPool.commonPool-worker-1] INFO  volume.HddsVolume (HddsVolume.java:closeDbStore(470)) - SchemaV3 db is stopped at /home/runner/work/ozone/ozone/hadoop-ozone/integration-test/target/test-dir/MiniOzoneClusterImpl-a56b3a23-5bf6-4b5b-a0fe-007206924a4e/ozone-meta/datanode-3/data-0/hdds/a56b3a23-5bf6-4b5b-a0fe-007206924a4e/DS-a67a27f3-cf83-4d8b-a3d7-4389387b4a7c/container.db for volume DS-a67a27f3-cf83-4d8b-a3d7-4389387b4a7c
2024-04-26 07:44:16,570 [ForkJoinPool.commonPool-worker-1] INFO  utils.BackgroundService (BackgroundService.java:shutdown(160)) - Shutting down service BlockDeletingService
2024-04-26 07:44:16,570 [ForkJoinPool.commonPool-worker-1] INFO  utils.BackgroundService (BackgroundService.java:shutdown(160)) - Shutting down service StaleRecoveringContainerScrubbingService
2024-04-26 07:44:16,570 [ForkJoinPool.commonPool-worker-1] INFO  statemachine.DatanodeStateMachine (DatanodeStateMachine.java:stopDaemon(638)) - Ozone container server stopped.
2024-04-26 07:44:16,571 [ForkJoinPool.commonPool-worker-1] INFO  handler.ContextHandler (ContextHandler.java:doStop(1159)) - Stopped o.e.j.w.WebAppContext@34e10162{hddsDatanode,/,null,STOPPED}{file:/home/runner/work/ozone/ozone/hadoop-hdds/container-service/target/classes/webapps/hddsDatanode}
2024-04-26 07:44:16,571 [ForkJoinPool.commonPool-worker-1] INFO  server.AbstractConnector (AbstractConnector.java:doStop(383)) - Stopped ServerConnector@6be4686b{HTTP/1.1, (http/1.1)}{0.0.0.0:15116}
2024-04-26 07:44:16,571 [ForkJoinPool.commonPool-worker-1] INFO  server.session (HouseKeeper.java:stopScavenging(149)) - node0 Stopped scavenging
2024-04-26 07:44:16,571 [ForkJoinPool.commonPool-worker-1] INFO  handler.ContextHandler (ContextHandler.java:doStop(1159)) - Stopped o.e.j.s.ServletContextHandler@4eb870be{static,/static,file:///home/runner/work/ozone/ozone/hadoop-hdds/container-service/target/classes/webapps/static,STOPPED}
2024-04-26 07:44:16,571 [ForkJoinPool.commonPool-worker-1] INFO  handler.ContextHandler (ContextHandler.java:doStop(1159)) - Stopped o.e.j.s.ServletContextHandler@2c27e36{logs,/logs,file:///home/runner/work/ozone/ozone/hadoop-ozone/integration-test/target/log,STOPPED}
2024-04-26 07:44:16,572 [ForkJoinPool.commonPool-worker-1] INFO  ozone.HddsDatanodeClientProtocolServer (HddsDatanodeClientProtocolServer.java:stop(83)) - Stopping the RPC server for Client Protocol
2024-04-26 07:44:16,572 [ForkJoinPool.commonPool-worker-1] INFO  ipc.Server (Server.java:stop(3523)) - Stopping server on 15117
2024-04-26 07:44:16,572 [IPC Server listener on 15117] INFO  ipc.Server (Server.java:run(1434)) - Stopping IPC Server listener on 15117
2024-04-26 07:44:16,572 [IPC Server Responder] INFO  ipc.Server (Server.java:run(1567)) - Stopping IPC Server Responder
2024-04-26 07:44:16,574 [ForkJoinPool.commonPool-worker-1] INFO  ozoneimpl.OzoneContainer (OzoneContainer.java:stop(481)) - Attempting to stop container services.
2024-04-26 07:44:16,574 [ContainerMetadataScanner] WARN  ozoneimpl.AbstractBackgroundContainerScanner (AbstractBackgroundContainerScanner.java:handleRemainingSleep(134)) - Background container scan was interrupted.
2024-04-26 07:44:16,574 [ContainerMetadataScanner] INFO  ozoneimpl.AbstractBackgroundContainerScanner (AbstractBackgroundContainerScanner.java:run(61)) - Thread[ContainerMetadataScanner,5,main] exiting.
2024-04-26 07:44:16,574 [ForkJoinPool.commonPool-worker-1] INFO  ozoneimpl.BackgroundContainerDataScanner (BackgroundContainerDataScanner.java:shutdown(141)) - ContainerDataScanner(/home/runner/work/ozone/ozone/hadoop-ozone/integration-test/target/test-dir/MiniOzoneClusterImpl-a56b3a23-5bf6-4b5b-a0fe-007206924a4e/ozone-meta/datanode-1/data-0/hdds) is shutting down. 
2024-04-26 07:44:16,574 [ContainerDataScanner(/home/runner/work/ozone/ozone/hadoop-ozone/integration-test/target/test-dir/MiniOzoneClusterImpl-a56b3a23-5bf6-4b5b-a0fe-007206924a4e/ozone-meta/datanode-1/data-0/hdds)] WARN  ozoneimpl.AbstractBackgroundContainerScanner (AbstractBackgroundContainerScanner.java:handleRemainingSleep(134)) - Background container scan was interrupted.
2024-04-26 07:44:16,574 [ContainerDataScanner(/home/runner/work/ozone/ozone/hadoop-ozone/integration-test/target/test-dir/MiniOzoneClusterImpl-a56b3a23-5bf6-4b5b-a0fe-007206924a4e/ozone-meta/datanode-1/data-0/hdds)] INFO  ozoneimpl.AbstractBackgroundContainerScanner (AbstractBackgroundContainerScanner.java:run(61)) - ContainerDataScanner(/home/runner/work/ozone/ozone/hadoop-ozone/integration-test/target/test-dir/MiniOzoneClusterImpl-a56b3a23-5bf6-4b5b-a0fe-007206924a4e/ozone-meta/datanode-1/data-0/hdds, DS-bd8de19f-071a-4b98-91c5-133c871fd36f) exiting.
2024-04-26 07:44:16,575 [ForkJoinPool.commonPool-worker-1] INFO  server.RaftServer (RaftServerProxy.java:lambda$close$9(416)) - d591b026-01eb-4928-a28c-f8365e0687e2: close
2024-04-26 07:44:16,575 [d591b026-01eb-4928-a28c-f8365e0687e2-impl-thread1] INFO  server.RaftServer$Division (RaftServerImpl.java:lambda$close$3(526)) - d591b026-01eb-4928-a28c-f8365e0687e2@group-6BE76EECAE25: shutdown
2024-04-26 07:44:16,575 [d591b026-01eb-4928-a28c-f8365e0687e2-impl-thread1] INFO  util.JmxRegister (JmxRegister.java:unregister(73)) - Successfully un-registered JMX Bean with object name Ratis:service=RaftServer,group=group-6BE76EECAE25,id=d591b026-01eb-4928-a28c-f8365e0687e2
2024-04-26 07:44:16,575 [d591b026-01eb-4928-a28c-f8365e0687e2-impl-thread1] INFO  impl.RoleInfo (RoleInfo.java:shutdownLeaderState(94)) - d591b026-01eb-4928-a28c-f8365e0687e2: shutdown d591b026-01eb-4928-a28c-f8365e0687e2@group-6BE76EECAE25-LeaderStateImpl
2024-04-26 07:44:16,575 [d591b026-01eb-4928-a28c-f8365e0687e2-impl-thread1] INFO  impl.PendingRequests (PendingRequests.java:sendNotLeaderResponses(289)) - d591b026-01eb-4928-a28c-f8365e0687e2@group-6BE76EECAE25-PendingRequests: sendNotLeaderResponses
2024-04-26 07:44:16,575 [ForkJoinPool.commonPool-worker-1] INFO  server.GrpcService (GrpcService.java:closeImpl(311)) - d591b026-01eb-4928-a28c-f8365e0687e2: shutdown server org.apache.ratis.grpc.server.GrpcClientProtocolService now
2024-04-26 07:44:16,575 [d591b026-01eb-4928-a28c-f8365e0687e2-impl-thread2] INFO  server.RaftServer$Division (RaftServerImpl.java:lambda$close$3(526)) - d591b026-01eb-4928-a28c-f8365e0687e2@group-1D6CABF8A42A: shutdown
2024-04-26 07:44:16,575 [d591b026-01eb-4928-a28c-f8365e0687e2-impl-thread2] INFO  util.JmxRegister (JmxRegister.java:unregister(73)) - Successfully un-registered JMX Bean with object name Ratis:service=RaftServer,group=group-1D6CABF8A42A,id=d591b026-01eb-4928-a28c-f8365e0687e2
2024-04-26 07:44:16,575 [d591b026-01eb-4928-a28c-f8365e0687e2-impl-thread2] INFO  impl.RoleInfo (RoleInfo.java:shutdownFollowerState(110)) - d591b026-01eb-4928-a28c-f8365e0687e2: shutdown d591b026-01eb-4928-a28c-f8365e0687e2@group-1D6CABF8A42A-FollowerState
2024-04-26 07:44:16,575 [d591b026-01eb-4928-a28c-f8365e0687e2-impl-thread2] INFO  impl.StateMachineUpdater (StateMachineUpdater.java:stopAndJoin(157)) - d591b026-01eb-4928-a28c-f8365e0687e2@group-1D6CABF8A42A-StateMachineUpdater: set stopIndex = 0
2024-04-26 07:44:16,575 [d591b026-01eb-4928-a28c-f8365e0687e2@group-1D6CABF8A42A-StateMachineUpdater] INFO  ratis.ContainerStateMachine (ContainerStateMachine.java:takeSnapshot(355)) - group-1D6CABF8A42A: Taking a snapshot at:(t:1, i:0) file /home/runner/work/ozone/ozone/hadoop-ozone/integration-test/target/test-dir/MiniOzoneClusterImpl-a56b3a23-5bf6-4b5b-a0fe-007206924a4e/ozone-meta/datanode-1/ratis/bed83b25-9cb5-4226-b5f4-1d6cabf8a42a/sm/snapshot.1_0
2024-04-26 07:44:16,575 [d591b026-01eb-4928-a28c-f8365e0687e2-impl-thread1] INFO  impl.StateMachineUpdater (StateMachineUpdater.java:stopAndJoin(157)) - d591b026-01eb-4928-a28c-f8365e0687e2@group-6BE76EECAE25-StateMachineUpdater: set stopIndex = 0
2024-04-26 07:44:16,575 [d591b026-01eb-4928-a28c-f8365e0687e2@group-6BE76EECAE25-StateMachineUpdater] INFO  ratis.ContainerStateMachine (ContainerStateMachine.java:takeSnapshot(355)) - group-6BE76EECAE25: Taking a snapshot at:(t:1, i:0) file /home/runner/work/ozone/ozone/hadoop-ozone/integration-test/target/test-dir/MiniOzoneClusterImpl-a56b3a23-5bf6-4b5b-a0fe-007206924a4e/ozone-meta/datanode-1/ratis/9ad9a9a9-6390-4eea-8ab0-6be76eecae25/sm/snapshot.1_0
2024-04-26 07:44:16,576 [d591b026-01eb-4928-a28c-f8365e0687e2@group-1D6CABF8A42A-FollowerState] INFO  impl.FollowerState (FollowerState.java:run(152)) - d591b026-01eb-4928-a28c-f8365e0687e2@group-1D6CABF8A42A-FollowerState was interrupted
2024-04-26 07:44:16,576 [d591b026-01eb-4928-a28c-f8365e0687e2@group-1D6CABF8A42A-StateMachineUpdater] INFO  ratis.ContainerStateMachine (ContainerStateMachine.java:takeSnapshot(366)) - group-1D6CABF8A42A: Finished taking a snapshot at:(t:1, i:0) file:/home/runner/work/ozone/ozone/hadoop-ozone/integration-test/target/test-dir/MiniOzoneClusterImpl-a56b3a23-5bf6-4b5b-a0fe-007206924a4e/ozone-meta/datanode-1/ratis/bed83b25-9cb5-4226-b5f4-1d6cabf8a42a/sm/snapshot.1_0 took: 1 ms
2024-04-26 07:44:16,576 [Thread-2480] INFO  server.GrpcServerProtocolClient (GrpcServerProtocolClient.java:close(103)) - dd21079d-84ac-4ee5-bea1-aaabc97992ac Close channels
2024-04-26 07:44:16,576 [d591b026-01eb-4928-a28c-f8365e0687e2@group-1D6CABF8A42A-StateMachineUpdater] INFO  impl.StateMachineUpdater (StateMachineUpdater.java:takeSnapshot(295)) - d591b026-01eb-4928-a28c-f8365e0687e2@group-1D6CABF8A42A-StateMachineUpdater: Took a snapshot at index 0
2024-04-26 07:44:16,576 [d591b026-01eb-4928-a28c-f8365e0687e2@group-6BE76EECAE25-StateMachineUpdater] INFO  ratis.ContainerStateMachine (ContainerStateMachine.java:takeSnapshot(366)) - group-6BE76EECAE25: Finished taking a snapshot at:(t:1, i:0) file:/home/runner/work/ozone/ozone/hadoop-ozone/integration-test/target/test-dir/MiniOzoneClusterImpl-a56b3a23-5bf6-4b5b-a0fe-007206924a4e/ozone-meta/datanode-1/ratis/9ad9a9a9-6390-4eea-8ab0-6be76eecae25/sm/snapshot.1_0 took: 0 ms
2024-04-26 07:44:16,576 [d591b026-01eb-4928-a28c-f8365e0687e2@group-1D6CABF8A42A-StateMachineUpdater] INFO  impl.StateMachineUpdater (StateMachineUpdater.java:lambda$new$0(98)) - d591b026-01eb-4928-a28c-f8365e0687e2@group-1D6CABF8A42A-StateMachineUpdater: snapshotIndex: updateIncreasingly -1 -> 0
2024-04-26 07:44:16,576 [d591b026-01eb-4928-a28c-f8365e0687e2@group-6BE76EECAE25-StateMachineUpdater] INFO  impl.StateMachineUpdater (StateMachineUpdater.java:takeSnapshot(295)) - d591b026-01eb-4928-a28c-f8365e0687e2@group-6BE76EECAE25-StateMachineUpdater: Took a snapshot at index 0
2024-04-26 07:44:16,576 [d591b026-01eb-4928-a28c-f8365e0687e2@group-6BE76EECAE25-StateMachineUpdater] INFO  impl.StateMachineUpdater (StateMachineUpdater.java:lambda$new$0(98)) - d591b026-01eb-4928-a28c-f8365e0687e2@group-6BE76EECAE25-StateMachineUpdater: snapshotIndex: updateIncreasingly -1 -> 0
2024-04-26 07:44:16,576 [Thread-2481] INFO  server.GrpcServerProtocolClient (GrpcServerProtocolClient.java:close(103)) - 6344c76b-c160-4957-8ee9-5bf4783825fc Close channels
2024-04-26 07:44:16,577 [d591b026-01eb-4928-a28c-f8365e0687e2-impl-thread1] INFO  server.RaftServer$Division (ServerState.java:close(427)) - d591b026-01eb-4928-a28c-f8365e0687e2@group-6BE76EECAE25: applyIndex: 0
2024-04-26 07:44:16,577 [ForkJoinPool.commonPool-worker-1] INFO  server.GrpcService (GrpcService.java:closeImpl(320)) - d591b026-01eb-4928-a28c-f8365e0687e2: shutdown server org.apache.ratis.grpc.server.GrpcClientProtocolService successfully
2024-04-26 07:44:16,577 [ForkJoinPool.commonPool-worker-1] INFO  server.GrpcService (GrpcService.java:closeImpl(311)) - d591b026-01eb-4928-a28c-f8365e0687e2: shutdown server GrpcServerProtocolService now
2024-04-26 07:44:16,577 [d591b026-01eb-4928-a28c-f8365e0687e2-impl-thread2] INFO  server.RaftServer$Division (ServerState.java:close(427)) - d591b026-01eb-4928-a28c-f8365e0687e2@group-1D6CABF8A42A: applyIndex: 0
2024-04-26 07:44:16,577 [d591b026-01eb-4928-a28c-f8365e0687e2@group-1D6CABF8A42A-cacheEviction-AwaitToRun] INFO  util.AwaitToRun (AwaitToRun.java:run(49)) - d591b026-01eb-4928-a28c-f8365e0687e2@group-1D6CABF8A42A-cacheEviction-AwaitToRun-AwaitForSignal is interrupted
2024-04-26 07:44:16,577 [d591b026-01eb-4928-a28c-f8365e0687e2@group-6BE76EECAE25-cacheEviction-AwaitToRun] INFO  util.AwaitToRun (AwaitToRun.java:run(49)) - d591b026-01eb-4928-a28c-f8365e0687e2@group-6BE76EECAE25-cacheEviction-AwaitToRun-AwaitForSignal is interrupted
2024-04-26 07:44:16,578 [ForkJoinPool.commonPool-worker-1] INFO  server.GrpcService (GrpcService.java:closeImpl(320)) - d591b026-01eb-4928-a28c-f8365e0687e2: shutdown server GrpcServerProtocolService successfully
2024-04-26 07:44:16,578 [ForkJoinPool.commonPool-worker-1] INFO  server.GrpcService (GrpcService.java:closeImpl(311)) - d591b026-01eb-4928-a28c-f8365e0687e2: shutdown server org.apache.ratis.grpc.server.GrpcAdminProtocolService now
2024-04-26 07:44:16,578 [ForkJoinPool.commonPool-worker-1] INFO  server.GrpcService (GrpcService.java:closeImpl(320)) - d591b026-01eb-4928-a28c-f8365e0687e2: shutdown server org.apache.ratis.grpc.server.GrpcAdminProtocolService successfully
2024-04-26 07:44:16,581 [d591b026-01eb-4928-a28c-f8365e0687e2-NettyServerStreamRpc-bossGroup--thread1] INFO  logging.LoggingHandler (AbstractInternalLogger.java:log(148)) - [id: 0xed10a7bb, L:/0.0.0.0:15104] CLOSE
2024-04-26 07:44:16,581 [d591b026-01eb-4928-a28c-f8365e0687e2-NettyServerStreamRpc-bossGroup--thread1] INFO  logging.LoggingHandler (AbstractInternalLogger.java:log(148)) - [id: 0xed10a7bb, L:/0.0.0.0:15104] INACTIVE
2024-04-26 07:44:16,581 [d591b026-01eb-4928-a28c-f8365e0687e2-NettyServerStreamRpc-bossGroup--thread1] INFO  logging.LoggingHandler (AbstractInternalLogger.java:log(148)) - [id: 0xed10a7bb, L:/0.0.0.0:15104] UNREGISTERED
2024-04-26 07:44:16,598 [d591b026-01eb-4928-a28c-f8365e0687e2-impl-thread2] INFO  segmented.SegmentedRaftLogWorker (SegmentedRaftLogWorker.java:close(245)) - d591b026-01eb-4928-a28c-f8365e0687e2@group-1D6CABF8A42A-SegmentedRaftLogWorker close()
2024-04-26 07:44:16,600 [ForkJoinPool.commonPool-worker-2] INFO  utils.DatanodeStoreCache (DatanodeStoreCache.java:shutdownCache(116)) - Skip clearing cache in mini cluster mode. Entries left: [/home/runner/work/ozone/ozone/hadoop-ozone/integration-test/target/test-dir/MiniOzoneClusterImpl-a56b3a23-5bf6-4b5b-a0fe-007206924a4e/ozone-meta/datanode-1/data-0/hdds/a56b3a23-5bf6-4b5b-a0fe-007206924a4e/DS-bd8de19f-071a-4b98-91c5-133c871fd36f/container.db, /home/runner/work/ozone/ozone/hadoop-ozone/integration-test/target/test-dir/MiniOzoneClusterImpl-a56b3a23-5bf6-4b5b-a0fe-007206924a4e/ozone-meta/datanode-2/data-0/hdds/a56b3a23-5bf6-4b5b-a0fe-007206924a4e/DS-35ec13d3-b314-440f-bc9f-bd2c1a4807f7/container.db, /home/runner/work/ozone/ozone/hadoop-ozone/integration-test/target/test-dir/MiniOzoneClusterImpl-a56b3a23-5bf6-4b5b-a0fe-007206924a4e/ozone-meta/datanode-4/data-0/hdds/a56b3a23-5bf6-4b5b-a0fe-007206924a4e/DS-68d4e605-c967-4b7c-891f-f2ea2600d1ab/container.db, /home/runner/work/ozone/ozone/hadoop-ozone/integration-test/target/test-dir/MiniOzoneClusterImpl-a56b3a23-5bf6-4b5b-a0fe-007206924a4e/ozone-meta/datanode-7/data-0/hdds/a56b3a23-5bf6-4b5b-a0fe-007206924a4e/DS-03ccbcc1-b9ae-4b33-bcd8-36d27a4f7bc0/container.db, /home/runner/work/ozone/ozone/hadoop-ozone/integration-test/target/test-dir/MiniOzoneClusterImpl-a56b3a23-5bf6-4b5b-a0fe-007206924a4e/ozone-meta/datanode-9/data-0/hdds/a56b3a23-5bf6-4b5b-a0fe-007206924a4e/DS-040326c2-e965-4d08-84c4-4820c3fae4f0/container.db]
2024-04-26 07:44:16,601 [ForkJoinPool.commonPool-worker-2] INFO  utils.DatanodeStoreCache (DatanodeStoreCache.java:removeDB(110)) - Removed db /home/runner/work/ozone/ozone/hadoop-ozone/integration-test/target/test-dir/MiniOzoneClusterImpl-a56b3a23-5bf6-4b5b-a0fe-007206924a4e/ozone-meta/datanode-2/data-0/hdds/a56b3a23-5bf6-4b5b-a0fe-007206924a4e/DS-35ec13d3-b314-440f-bc9f-bd2c1a4807f7/container.db from cache
2024-04-26 07:44:16,601 [ForkJoinPool.commonPool-worker-2] INFO  volume.HddsVolume (HddsVolume.java:closeDbStore(470)) - SchemaV3 db is stopped at /home/runner/work/ozone/ozone/hadoop-ozone/integration-test/target/test-dir/MiniOzoneClusterImpl-a56b3a23-5bf6-4b5b-a0fe-007206924a4e/ozone-meta/datanode-2/data-0/hdds/a56b3a23-5bf6-4b5b-a0fe-007206924a4e/DS-35ec13d3-b314-440f-bc9f-bd2c1a4807f7/container.db for volume DS-35ec13d3-b314-440f-bc9f-bd2c1a4807f7
2024-04-26 07:44:16,601 [ForkJoinPool.commonPool-worker-2] INFO  utils.BackgroundService (BackgroundService.java:shutdown(160)) - Shutting down service BlockDeletingService
2024-04-26 07:44:16,601 [ForkJoinPool.commonPool-worker-2] INFO  utils.BackgroundService (BackgroundService.java:shutdown(160)) - Shutting down service StaleRecoveringContainerScrubbingService
2024-04-26 07:44:16,601 [ForkJoinPool.commonPool-worker-2] INFO  statemachine.DatanodeStateMachine (DatanodeStateMachine.java:stopDaemon(638)) - Ozone container server stopped.
2024-04-26 07:44:16,601 [ForkJoinPool.commonPool-worker-2] INFO  handler.ContextHandler (ContextHandler.java:doStop(1159)) - Stopped o.e.j.w.WebAppContext@3ec75472{hddsDatanode,/,null,STOPPED}{file:/home/runner/work/ozone/ozone/hadoop-hdds/container-service/target/classes/webapps/hddsDatanode}
2024-04-26 07:44:16,602 [ForkJoinPool.commonPool-worker-2] INFO  server.AbstractConnector (AbstractConnector.java:doStop(383)) - Stopped ServerConnector@66f73411{HTTP/1.1, (http/1.1)}{0.0.0.0:15107}
2024-04-26 07:44:16,602 [ForkJoinPool.commonPool-worker-2] INFO  server.session (HouseKeeper.java:stopScavenging(149)) - node0 Stopped scavenging
2024-04-26 07:44:16,602 [ForkJoinPool.commonPool-worker-2] INFO  handler.ContextHandler (ContextHandler.java:doStop(1159)) - Stopped o.e.j.s.ServletContextHandler@2a8953aa{static,/static,file:///home/runner/work/ozone/ozone/hadoop-hdds/container-service/target/classes/webapps/static,STOPPED}
2024-04-26 07:44:16,602 [ForkJoinPool.commonPool-worker-2] INFO  handler.ContextHandler (ContextHandler.java:doStop(1159)) - Stopped o.e.j.s.ServletContextHandler@30c716ce{logs,/logs,file:///home/runner/work/ozone/ozone/hadoop-ozone/integration-test/target/log,STOPPED}
2024-04-26 07:44:16,604 [ForkJoinPool.commonPool-worker-2] INFO  ozone.HddsDatanodeClientProtocolServer (HddsDatanodeClientProtocolServer.java:stop(83)) - Stopping the RPC server for Client Protocol
2024-04-26 07:44:16,604 [ForkJoinPool.commonPool-worker-2] INFO  ipc.Server (Server.java:stop(3523)) - Stopping server on 15108
2024-04-26 07:44:16,604 [IPC Server Responder] INFO  ipc.Server (Server.java:run(1567)) - Stopping IPC Server Responder
2024-04-26 07:44:16,604 [IPC Server listener on 15108] INFO  ipc.Server (Server.java:run(1434)) - Stopping IPC Server listener on 15108
2024-04-26 07:44:16,669 [84e7e7d6-61bf-4ff4-b705-307942077190-impl-thread1] INFO  segmented.SegmentedRaftLogWorker (SegmentedRaftLogWorker.java:close(245)) - 84e7e7d6-61bf-4ff4-b705-307942077190@group-D3CD2F4DB571-SegmentedRaftLogWorker close()
2024-04-26 07:44:16,669 [JvmPauseMonitor16] INFO  util.JvmPauseMonitor (JvmPauseMonitor.java:run(152)) - JvmPauseMonitor-84e7e7d6-61bf-4ff4-b705-307942077190: Stopped
2024-04-26 07:44:16,953 [ForkJoinPool.commonPool-worker-3] INFO  utils.DatanodeStoreCache (DatanodeStoreCache.java:shutdownCache(116)) - Skip clearing cache in mini cluster mode. Entries left: [/home/runner/work/ozone/ozone/hadoop-ozone/integration-test/target/test-dir/MiniOzoneClusterImpl-a56b3a23-5bf6-4b5b-a0fe-007206924a4e/ozone-meta/datanode-1/data-0/hdds/a56b3a23-5bf6-4b5b-a0fe-007206924a4e/DS-bd8de19f-071a-4b98-91c5-133c871fd36f/container.db, /home/runner/work/ozone/ozone/hadoop-ozone/integration-test/target/test-dir/MiniOzoneClusterImpl-a56b3a23-5bf6-4b5b-a0fe-007206924a4e/ozone-meta/datanode-4/data-0/hdds/a56b3a23-5bf6-4b5b-a0fe-007206924a4e/DS-68d4e605-c967-4b7c-891f-f2ea2600d1ab/container.db, /home/runner/work/ozone/ozone/hadoop-ozone/integration-test/target/test-dir/MiniOzoneClusterImpl-a56b3a23-5bf6-4b5b-a0fe-007206924a4e/ozone-meta/datanode-7/data-0/hdds/a56b3a23-5bf6-4b5b-a0fe-007206924a4e/DS-03ccbcc1-b9ae-4b33-bcd8-36d27a4f7bc0/container.db, /home/runner/work/ozone/ozone/hadoop-ozone/integration-test/target/test-dir/MiniOzoneClusterImpl-a56b3a23-5bf6-4b5b-a0fe-007206924a4e/ozone-meta/datanode-9/data-0/hdds/a56b3a23-5bf6-4b5b-a0fe-007206924a4e/DS-040326c2-e965-4d08-84c4-4820c3fae4f0/container.db]
2024-04-26 07:44:16,953 [ForkJoinPool.commonPool-worker-3] INFO  utils.DatanodeStoreCache (DatanodeStoreCache.java:removeDB(110)) - Removed db /home/runner/work/ozone/ozone/hadoop-ozone/integration-test/target/test-dir/MiniOzoneClusterImpl-a56b3a23-5bf6-4b5b-a0fe-007206924a4e/ozone-meta/datanode-7/data-0/hdds/a56b3a23-5bf6-4b5b-a0fe-007206924a4e/DS-03ccbcc1-b9ae-4b33-bcd8-36d27a4f7bc0/container.db from cache
2024-04-26 07:44:16,953 [ForkJoinPool.commonPool-worker-3] INFO  volume.HddsVolume (HddsVolume.java:closeDbStore(470)) - SchemaV3 db is stopped at /home/runner/work/ozone/ozone/hadoop-ozone/integration-test/target/test-dir/MiniOzoneClusterImpl-a56b3a23-5bf6-4b5b-a0fe-007206924a4e/ozone-meta/datanode-7/data-0/hdds/a56b3a23-5bf6-4b5b-a0fe-007206924a4e/DS-03ccbcc1-b9ae-4b33-bcd8-36d27a4f7bc0/container.db for volume DS-03ccbcc1-b9ae-4b33-bcd8-36d27a4f7bc0
2024-04-26 07:44:16,954 [ForkJoinPool.commonPool-worker-3] INFO  utils.BackgroundService (BackgroundService.java:shutdown(160)) - Shutting down service BlockDeletingService
2024-04-26 07:44:16,954 [ForkJoinPool.commonPool-worker-3] INFO  utils.BackgroundService (BackgroundService.java:shutdown(160)) - Shutting down service StaleRecoveringContainerScrubbingService
2024-04-26 07:44:16,954 [ForkJoinPool.commonPool-worker-3] INFO  statemachine.DatanodeStateMachine (DatanodeStateMachine.java:stopDaemon(638)) - Ozone container server stopped.
2024-04-26 07:44:16,954 [ForkJoinPool.commonPool-worker-3] INFO  handler.ContextHandler (ContextHandler.java:doStop(1159)) - Stopped o.e.j.w.WebAppContext@7382ec67{hddsDatanode,/,null,STOPPED}{file:/home/runner/work/ozone/ozone/hadoop-hdds/container-service/target/classes/webapps/hddsDatanode}
2024-04-26 07:44:16,955 [ForkJoinPool.commonPool-worker-3] INFO  server.AbstractConnector (AbstractConnector.java:doStop(383)) - Stopped ServerConnector@4d1f1b98{HTTP/1.1, (http/1.1)}{0.0.0.0:15152}
2024-04-26 07:44:16,955 [ForkJoinPool.commonPool-worker-3] INFO  server.session (HouseKeeper.java:stopScavenging(149)) - node0 Stopped scavenging
2024-04-26 07:44:16,955 [ForkJoinPool.commonPool-worker-3] INFO  handler.ContextHandler (ContextHandler.java:doStop(1159)) - Stopped o.e.j.s.ServletContextHandler@4f20ec7d{static,/static,file:///home/runner/work/ozone/ozone/hadoop-hdds/container-service/target/classes/webapps/static,STOPPED}
2024-04-26 07:44:16,955 [ForkJoinPool.commonPool-worker-3] INFO  handler.ContextHandler (ContextHandler.java:doStop(1159)) - Stopped o.e.j.s.ServletContextHandler@3868468e{logs,/logs,file:///home/runner/work/ozone/ozone/hadoop-ozone/integration-test/target/log,STOPPED}
2024-04-26 07:44:16,956 [ForkJoinPool.commonPool-worker-3] INFO  ozone.HddsDatanodeClientProtocolServer (HddsDatanodeClientProtocolServer.java:stop(83)) - Stopping the RPC server for Client Protocol
2024-04-26 07:44:16,956 [ForkJoinPool.commonPool-worker-3] INFO  ipc.Server (Server.java:stop(3523)) - Stopping server on 15153
2024-04-26 07:44:16,956 [IPC Server listener on 15153] INFO  ipc.Server (Server.java:run(1434)) - Stopping IPC Server listener on 15153
2024-04-26 07:44:16,956 [IPC Server Responder] INFO  ipc.Server (Server.java:run(1567)) - Stopping IPC Server Responder
2024-04-26 07:44:17,082 [ForkJoinPool.commonPool-worker-4] INFO  utils.DatanodeStoreCache (DatanodeStoreCache.java:shutdownCache(116)) - Skip clearing cache in mini cluster mode. Entries left: [/home/runner/work/ozone/ozone/hadoop-ozone/integration-test/target/test-dir/MiniOzoneClusterImpl-a56b3a23-5bf6-4b5b-a0fe-007206924a4e/ozone-meta/datanode-1/data-0/hdds/a56b3a23-5bf6-4b5b-a0fe-007206924a4e/DS-bd8de19f-071a-4b98-91c5-133c871fd36f/container.db, /home/runner/work/ozone/ozone/hadoop-ozone/integration-test/target/test-dir/MiniOzoneClusterImpl-a56b3a23-5bf6-4b5b-a0fe-007206924a4e/ozone-meta/datanode-4/data-0/hdds/a56b3a23-5bf6-4b5b-a0fe-007206924a4e/DS-68d4e605-c967-4b7c-891f-f2ea2600d1ab/container.db, /home/runner/work/ozone/ozone/hadoop-ozone/integration-test/target/test-dir/MiniOzoneClusterImpl-a56b3a23-5bf6-4b5b-a0fe-007206924a4e/ozone-meta/datanode-9/data-0/hdds/a56b3a23-5bf6-4b5b-a0fe-007206924a4e/DS-040326c2-e965-4d08-84c4-4820c3fae4f0/container.db]
2024-04-26 07:44:17,083 [ForkJoinPool.commonPool-worker-4] INFO  utils.DatanodeStoreCache (DatanodeStoreCache.java:removeDB(110)) - Removed db /home/runner/work/ozone/ozone/hadoop-ozone/integration-test/target/test-dir/MiniOzoneClusterImpl-a56b3a23-5bf6-4b5b-a0fe-007206924a4e/ozone-meta/datanode-9/data-0/hdds/a56b3a23-5bf6-4b5b-a0fe-007206924a4e/DS-040326c2-e965-4d08-84c4-4820c3fae4f0/container.db from cache
2024-04-26 07:44:17,083 [ForkJoinPool.commonPool-worker-4] INFO  volume.HddsVolume (HddsVolume.java:closeDbStore(470)) - SchemaV3 db is stopped at /home/runner/work/ozone/ozone/hadoop-ozone/integration-test/target/test-dir/MiniOzoneClusterImpl-a56b3a23-5bf6-4b5b-a0fe-007206924a4e/ozone-meta/datanode-9/data-0/hdds/a56b3a23-5bf6-4b5b-a0fe-007206924a4e/DS-040326c2-e965-4d08-84c4-4820c3fae4f0/container.db for volume DS-040326c2-e965-4d08-84c4-4820c3fae4f0
2024-04-26 07:44:17,083 [ForkJoinPool.commonPool-worker-4] INFO  utils.BackgroundService (BackgroundService.java:shutdown(160)) - Shutting down service BlockDeletingService
2024-04-26 07:44:17,083 [ForkJoinPool.commonPool-worker-4] INFO  utils.BackgroundService (BackgroundService.java:shutdown(160)) - Shutting down service StaleRecoveringContainerScrubbingService
2024-04-26 07:44:17,083 [ForkJoinPool.commonPool-worker-4] INFO  statemachine.DatanodeStateMachine (DatanodeStateMachine.java:stopDaemon(638)) - Ozone container server stopped.
2024-04-26 07:44:17,084 [ForkJoinPool.commonPool-worker-4] INFO  handler.ContextHandler (ContextHandler.java:doStop(1159)) - Stopped o.e.j.w.WebAppContext@785b187e{hddsDatanode,/,null,STOPPED}{file:/home/runner/work/ozone/ozone/hadoop-hdds/container-service/target/classes/webapps/hddsDatanode}
2024-04-26 07:44:17,084 [ForkJoinPool.commonPool-worker-4] INFO  server.AbstractConnector (AbstractConnector.java:doStop(383)) - Stopped ServerConnector@1d3aad20{HTTP/1.1, (http/1.1)}{0.0.0.0:15170}
2024-04-26 07:44:17,084 [ForkJoinPool.commonPool-worker-4] INFO  server.session (HouseKeeper.java:stopScavenging(149)) - node0 Stopped scavenging
2024-04-26 07:44:17,084 [ForkJoinPool.commonPool-worker-4] INFO  handler.ContextHandler (ContextHandler.java:doStop(1159)) - Stopped o.e.j.s.ServletContextHandler@c14943c{static,/static,file:///home/runner/work/ozone/ozone/hadoop-hdds/container-service/target/classes/webapps/static,STOPPED}
2024-04-26 07:44:17,084 [ForkJoinPool.commonPool-worker-4] INFO  handler.ContextHandler (ContextHandler.java:doStop(1159)) - Stopped o.e.j.s.ServletContextHandler@1ddf5237{logs,/logs,file:///home/runner/work/ozone/ozone/hadoop-ozone/integration-test/target/log,STOPPED}
2024-04-26 07:44:17,085 [ForkJoinPool.commonPool-worker-4] INFO  ozone.HddsDatanodeClientProtocolServer (HddsDatanodeClientProtocolServer.java:stop(83)) - Stopping the RPC server for Client Protocol
2024-04-26 07:44:17,085 [ForkJoinPool.commonPool-worker-4] INFO  ipc.Server (Server.java:stop(3523)) - Stopping server on 15171
2024-04-26 07:44:17,085 [IPC Server listener on 15171] INFO  ipc.Server (Server.java:run(1434)) - Stopping IPC Server listener on 15171
2024-04-26 07:44:17,085 [IPC Server Responder] INFO  ipc.Server (Server.java:run(1567)) - Stopping IPC Server Responder
2024-04-26 07:44:17,485 [d591b026-01eb-4928-a28c-f8365e0687e2-impl-thread1] INFO  segmented.SegmentedRaftLogWorker (SegmentedRaftLogWorker.java:close(245)) - d591b026-01eb-4928-a28c-f8365e0687e2@group-6BE76EECAE25-SegmentedRaftLogWorker close()
2024-04-26 07:44:17,486 [JvmPauseMonitor13] INFO  util.JvmPauseMonitor (JvmPauseMonitor.java:run(152)) - JvmPauseMonitor-d591b026-01eb-4928-a28c-f8365e0687e2: Stopped
2024-04-26 07:44:18,671 [main] INFO  utils.DatanodeStoreCache (DatanodeStoreCache.java:shutdownCache(116)) - Skip clearing cache in mini cluster mode. Entries left: [/home/runner/work/ozone/ozone/hadoop-ozone/integration-test/target/test-dir/MiniOzoneClusterImpl-a56b3a23-5bf6-4b5b-a0fe-007206924a4e/ozone-meta/datanode-1/data-0/hdds/a56b3a23-5bf6-4b5b-a0fe-007206924a4e/DS-bd8de19f-071a-4b98-91c5-133c871fd36f/container.db, /home/runner/work/ozone/ozone/hadoop-ozone/integration-test/target/test-dir/MiniOzoneClusterImpl-a56b3a23-5bf6-4b5b-a0fe-007206924a4e/ozone-meta/datanode-4/data-0/hdds/a56b3a23-5bf6-4b5b-a0fe-007206924a4e/DS-68d4e605-c967-4b7c-891f-f2ea2600d1ab/container.db]
2024-04-26 07:44:18,673 [main] INFO  utils.DatanodeStoreCache (DatanodeStoreCache.java:removeDB(110)) - Removed db /home/runner/work/ozone/ozone/hadoop-ozone/integration-test/target/test-dir/MiniOzoneClusterImpl-a56b3a23-5bf6-4b5b-a0fe-007206924a4e/ozone-meta/datanode-4/data-0/hdds/a56b3a23-5bf6-4b5b-a0fe-007206924a4e/DS-68d4e605-c967-4b7c-891f-f2ea2600d1ab/container.db from cache
2024-04-26 07:44:18,673 [main] INFO  volume.HddsVolume (HddsVolume.java:closeDbStore(470)) - SchemaV3 db is stopped at /home/runner/work/ozone/ozone/hadoop-ozone/integration-test/target/test-dir/MiniOzoneClusterImpl-a56b3a23-5bf6-4b5b-a0fe-007206924a4e/ozone-meta/datanode-4/data-0/hdds/a56b3a23-5bf6-4b5b-a0fe-007206924a4e/DS-68d4e605-c967-4b7c-891f-f2ea2600d1ab/container.db for volume DS-68d4e605-c967-4b7c-891f-f2ea2600d1ab
2024-04-26 07:44:18,673 [main] INFO  utils.BackgroundService (BackgroundService.java:shutdown(160)) - Shutting down service BlockDeletingService
2024-04-26 07:44:18,673 [main] INFO  utils.BackgroundService (BackgroundService.java:shutdown(160)) - Shutting down service StaleRecoveringContainerScrubbingService
2024-04-26 07:44:18,674 [main] INFO  statemachine.DatanodeStateMachine (DatanodeStateMachine.java:stopDaemon(638)) - Ozone container server stopped.
2024-04-26 07:44:18,675 [main] INFO  handler.ContextHandler (ContextHandler.java:doStop(1159)) - Stopped o.e.j.w.WebAppContext@7d72f5a9{hddsDatanode,/,null,STOPPED}{file:/home/runner/work/ozone/ozone/hadoop-hdds/container-service/target/classes/webapps/hddsDatanode}
2024-04-26 07:44:18,675 [main] INFO  server.AbstractConnector (AbstractConnector.java:doStop(383)) - Stopped ServerConnector@40dcd875{HTTP/1.1, (http/1.1)}{0.0.0.0:15125}
2024-04-26 07:44:18,675 [main] INFO  server.session (HouseKeeper.java:stopScavenging(149)) - node0 Stopped scavenging
2024-04-26 07:44:18,676 [main] INFO  handler.ContextHandler (ContextHandler.java:doStop(1159)) - Stopped o.e.j.s.ServletContextHandler@476dda8b{static,/static,file:///home/runner/work/ozone/ozone/hadoop-hdds/container-service/target/classes/webapps/static,STOPPED}
2024-04-26 07:44:18,676 [main] INFO  handler.ContextHandler (ContextHandler.java:doStop(1159)) - Stopped o.e.j.s.ServletContextHandler@58292496{logs,/logs,file:///home/runner/work/ozone/ozone/hadoop-ozone/integration-test/target/log,STOPPED}
2024-04-26 07:44:18,676 [main] INFO  ozone.HddsDatanodeClientProtocolServer (HddsDatanodeClientProtocolServer.java:stop(83)) - Stopping the RPC server for Client Protocol
2024-04-26 07:44:18,676 [main] INFO  ipc.Server (Server.java:stop(3523)) - Stopping server on 15126
2024-04-26 07:44:18,677 [IPC Server listener on 15126] INFO  ipc.Server (Server.java:run(1434)) - Stopping IPC Server listener on 15126
2024-04-26 07:44:18,677 [IPC Server Responder] INFO  ipc.Server (Server.java:run(1567)) - Stopping IPC Server Responder
2024-04-26 07:44:19,046 [timer2] WARN  server.GrpcLogAppender (GrpcLogAppender.java:lambda$resetClient$1(217)) - 78187b2a-fdcc-4f64-b78e-e48d2135caff@group-58785C267393->fc9979d5-d948-4828-9511-0e4a1771ac5f-GrpcLogAppender: Follower failed (request=null, errorCount=2); keep nextIndex (1) unchanged and retry. (Repeated 2 times in the last 5.000s)
2024-04-26 07:44:19,046 [timer1] WARN  server.GrpcLogAppender (LogUtils.java:warn(121)) - 78187b2a-fdcc-4f64-b78e-e48d2135caff@group-58785C267393->fc9979d5-d948-4828-9511-0e4a1771ac5f-AppendLogResponseHandler: Failed appendEntries (Repeated 2 times in the last 5.000s): org.apache.ratis.thirdparty.io.grpc.StatusRuntimeException: CANCELLED: RST_STREAM closed stream. HTTP/2 error code: CANCEL
2024-04-26 07:44:19,053 [timer4] WARN  server.GrpcLogAppender (GrpcLogAppender.java:lambda$resetClient$1(217)) - 78187b2a-fdcc-4f64-b78e-e48d2135caff@group-58785C267393->a0a780bc-4285-4c1f-be2a-f222fe59f73a-GrpcLogAppender: Follower failed (request=null, errorCount=2); keep nextIndex (1) unchanged and retry. (Repeated 2 times in the last 5.000s)
2024-04-26 07:44:19,054 [timer3] WARN  server.GrpcLogAppender (LogUtils.java:warn(121)) - 78187b2a-fdcc-4f64-b78e-e48d2135caff@group-58785C267393->a0a780bc-4285-4c1f-be2a-f222fe59f73a-AppendLogResponseHandler: Failed appendEntries (Repeated 2 times in the last 5.000s): org.apache.ratis.thirdparty.io.grpc.StatusRuntimeException: CANCELLED: RST_STREAM closed stream. HTTP/2 error code: CANCEL
2024-04-26 07:44:19,488 [ForkJoinPool.commonPool-worker-1] INFO  utils.DatanodeStoreCache (DatanodeStoreCache.java:shutdownCache(116)) - Skip clearing cache in mini cluster mode. Entries left: [/home/runner/work/ozone/ozone/hadoop-ozone/integration-test/target/test-dir/MiniOzoneClusterImpl-a56b3a23-5bf6-4b5b-a0fe-007206924a4e/ozone-meta/datanode-1/data-0/hdds/a56b3a23-5bf6-4b5b-a0fe-007206924a4e/DS-bd8de19f-071a-4b98-91c5-133c871fd36f/container.db]
2024-04-26 07:44:19,489 [ForkJoinPool.commonPool-worker-1] INFO  utils.DatanodeStoreCache (DatanodeStoreCache.java:removeDB(110)) - Removed db /home/runner/work/ozone/ozone/hadoop-ozone/integration-test/target/test-dir/MiniOzoneClusterImpl-a56b3a23-5bf6-4b5b-a0fe-007206924a4e/ozone-meta/datanode-1/data-0/hdds/a56b3a23-5bf6-4b5b-a0fe-007206924a4e/DS-bd8de19f-071a-4b98-91c5-133c871fd36f/container.db from cache
2024-04-26 07:44:19,489 [ForkJoinPool.commonPool-worker-1] INFO  volume.HddsVolume (HddsVolume.java:closeDbStore(470)) - SchemaV3 db is stopped at /home/runner/work/ozone/ozone/hadoop-ozone/integration-test/target/test-dir/MiniOzoneClusterImpl-a56b3a23-5bf6-4b5b-a0fe-007206924a4e/ozone-meta/datanode-1/data-0/hdds/a56b3a23-5bf6-4b5b-a0fe-007206924a4e/DS-bd8de19f-071a-4b98-91c5-133c871fd36f/container.db for volume DS-bd8de19f-071a-4b98-91c5-133c871fd36f
2024-04-26 07:44:19,489 [ForkJoinPool.commonPool-worker-1] INFO  utils.BackgroundService (BackgroundService.java:shutdown(160)) - Shutting down service BlockDeletingService
2024-04-26 07:44:19,489 [ForkJoinPool.commonPool-worker-1] INFO  utils.BackgroundService (BackgroundService.java:shutdown(160)) - Shutting down service StaleRecoveringContainerScrubbingService
2024-04-26 07:44:19,489 [ForkJoinPool.commonPool-worker-1] INFO  statemachine.DatanodeStateMachine (DatanodeStateMachine.java:stopDaemon(638)) - Ozone container server stopped.
2024-04-26 07:44:19,490 [ForkJoinPool.commonPool-worker-1] INFO  handler.ContextHandler (ContextHandler.java:doStop(1159)) - Stopped o.e.j.w.WebAppContext@65e0d9de{hddsDatanode,/,null,STOPPED}{file:/home/runner/work/ozone/ozone/hadoop-hdds/container-service/target/classes/webapps/hddsDatanode}
2024-04-26 07:44:19,490 [ForkJoinPool.commonPool-worker-1] INFO  server.AbstractConnector (AbstractConnector.java:doStop(383)) - Stopped ServerConnector@42334d07{HTTP/1.1, (http/1.1)}{0.0.0.0:15098}
2024-04-26 07:44:19,490 [ForkJoinPool.commonPool-worker-1] INFO  server.session (HouseKeeper.java:stopScavenging(149)) - node0 Stopped scavenging
2024-04-26 07:44:19,490 [ForkJoinPool.commonPool-worker-1] INFO  handler.ContextHandler (ContextHandler.java:doStop(1159)) - Stopped o.e.j.s.ServletContextHandler@56482084{static,/static,file:///home/runner/work/ozone/ozone/hadoop-hdds/container-service/target/classes/webapps/static,STOPPED}
2024-04-26 07:44:19,490 [ForkJoinPool.commonPool-worker-1] INFO  handler.ContextHandler (ContextHandler.java:doStop(1159)) - Stopped o.e.j.s.ServletContextHandler@1c66e404{logs,/logs,file:///home/runner/work/ozone/ozone/hadoop-ozone/integration-test/target/log,STOPPED}
2024-04-26 07:44:19,491 [ForkJoinPool.commonPool-worker-1] INFO  ozone.HddsDatanodeClientProtocolServer (HddsDatanodeClientProtocolServer.java:stop(83)) - Stopping the RPC server for Client Protocol
2024-04-26 07:44:19,491 [ForkJoinPool.commonPool-worker-1] INFO  ipc.Server (Server.java:stop(3523)) - Stopping server on 15099
2024-04-26 07:44:19,491 [IPC Server listener on 15099] INFO  ipc.Server (Server.java:run(1434)) - Stopping IPC Server listener on 15099
2024-04-26 07:44:19,491 [IPC Server Responder] INFO  ipc.Server (Server.java:run(1567)) - Stopping IPC Server Responder
2024-04-26 07:44:19,492 [main] INFO  ozone.MiniOzoneClusterImpl (MiniOzoneClusterImpl.java:stopSCM(486)) - Stopping the StorageContainerManager
2024-04-26 07:44:19,492 [main] INFO  server.StorageContainerManager (StorageContainerManager.java:stop(1653)) - Container Balancer is not running.
2024-04-26 07:44:19,492 [main] INFO  server.StorageContainerManager (StorageContainerManager.java:stopReplicationManager(1786)) - Stopping Replication Manager Service.
2024-04-26 07:44:19,492 [main] INFO  replication.ReplicationManager (ReplicationManager.java:stop(328)) - Stopping Replication Monitor Thread.
2024-04-26 07:44:19,492 [main] INFO  server.StorageContainerManager (StorageContainerManager.java:stop(1662)) - Stopping the Datanode Admin Monitor.
2024-04-26 07:44:19,492 [OverReplicatedProcessor] WARN  replication.UnhealthyReplicationProcessor (UnhealthyReplicationProcessor.java:run(180)) - OverReplicatedProcessor interrupted. Exiting...
2024-04-26 07:44:19,492 [ReplicationMonitor] INFO  replication.ReplicationManager (ReplicationManager.java:run(935)) - Replication Monitor Thread is stopped
2024-04-26 07:44:19,492 [UnderReplicatedProcessor] WARN  replication.UnhealthyReplicationProcessor (UnhealthyReplicationProcessor.java:run(180)) - UnderReplicatedProcessor interrupted. Exiting...
2024-04-26 07:44:19,492 [main] INFO  server.StorageContainerManager (StorageContainerManager.java:stop(1669)) - Stopping datanode service RPC server
2024-04-26 07:44:19,494 [main] INFO  server.SCMDatanodeProtocolServer (SCMDatanodeProtocolServer.java:stop(425)) - Stopping the RPC server for DataNodes
2024-04-26 07:44:19,494 [main] INFO  ipc.Server (Server.java:stop(3523)) - Stopping server on 15091
2024-04-26 07:44:19,497 [IPC Server listener on 15091] INFO  ipc.Server (Server.java:run(1434)) - Stopping IPC Server listener on 15091
2024-04-26 07:44:19,497 [IPC Server Responder] INFO  ipc.Server (Server.java:run(1567)) - Stopping IPC Server Responder
2024-04-26 07:44:19,525 [SCMHeartbeatProcessor-0] WARN  node.NodeStateManager (NodeStateManager.java:scheduleNextHealthCheck(878)) - Current Thread is interrupted, shutting down HB processing thread for Node Manager.
2024-04-26 07:44:19,525 [main] INFO  server.StorageContainerManager (StorageContainerManager.java:stop(1677)) - Stopping block service RPC server
2024-04-26 07:44:19,525 [main] INFO  server.SCMBlockProtocolServer (SCMBlockProtocolServer.java:stop(171)) - Stopping the RPC server for Block Protocol
2024-04-26 07:44:19,525 [main] INFO  ipc.Server (Server.java:stop(3523)) - Stopping server on 15090
2024-04-26 07:44:19,527 [IPC Server listener on 15090] INFO  ipc.Server (Server.java:run(1434)) - Stopping IPC Server listener on 15090
2024-04-26 07:44:19,528 [IPC Server Responder] INFO  ipc.Server (Server.java:run(1567)) - Stopping IPC Server Responder
2024-04-26 07:44:19,528 [main] INFO  server.StorageContainerManager (StorageContainerManager.java:stop(1684)) - Stopping the StorageContainerLocationProtocol RPC server
2024-04-26 07:44:19,528 [main] INFO  server.SCMClientProtocolServer (SCMClientProtocolServer.java:stop(213)) - Stopping the RPC server for Client Protocol
2024-04-26 07:44:19,528 [main] INFO  ipc.Server (Server.java:stop(3523)) - Stopping server on 15089
2024-04-26 07:44:19,531 [IPC Server listener on 15089] INFO  ipc.Server (Server.java:run(1434)) - Stopping IPC Server listener on 15089
2024-04-26 07:44:19,531 [IPC Server Responder] INFO  ipc.Server (Server.java:run(1567)) - Stopping IPC Server Responder
2024-04-26 07:44:19,532 [main] INFO  server.StorageContainerManager (StorageContainerManager.java:stop(1691)) - Stopping Storage Container Manager HTTP server.
2024-04-26 07:44:19,533 [main] INFO  handler.ContextHandler (ContextHandler.java:doStop(1159)) - Stopped o.e.j.w.WebAppContext@604c9f59{scm,/,null,STOPPED}{file:/home/runner/work/ozone/ozone/hadoop-ozone/integration-test/target/test-classes/webapps/scm}
2024-04-26 07:44:19,534 [main] INFO  server.AbstractConnector (AbstractConnector.java:doStop(383)) - Stopped ServerConnector@6ec8fa57{HTTP/1.1, (http/1.1)}{0.0.0.0:15092}
2024-04-26 07:44:19,534 [main] INFO  server.session (HouseKeeper.java:stopScavenging(149)) - node0 Stopped scavenging
2024-04-26 07:44:19,535 [main] INFO  handler.ContextHandler (ContextHandler.java:doStop(1159)) - Stopped o.e.j.s.ServletContextHandler@1d0868dc{static,/static,file:///home/runner/work/ozone/ozone/hadoop-ozone/integration-test/target/test-classes/webapps/static,STOPPED}
2024-04-26 07:44:19,535 [main] INFO  handler.ContextHandler (ContextHandler.java:doStop(1159)) - Stopped o.e.j.s.ServletContextHandler@35ca8ec3{logs,/logs,file:///home/runner/work/ozone/ozone/hadoop-ozone/integration-test/target/log,STOPPED}
2024-04-26 07:44:19,535 [main] INFO  server.StorageContainerManager (StorageContainerManager.java:stop(1699)) - Stopping SCM LayoutVersionManager Service.
2024-04-26 07:44:19,535 [main] INFO  server.StorageContainerManager (StorageContainerManager.java:stop(1711)) - Stopping Block Manager Service.
2024-04-26 07:44:19,536 [main] INFO  utils.BackgroundService (BackgroundService.java:shutdown(160)) - Shutting down service SCMBlockDeletingService
2024-04-26 07:44:19,536 [main] INFO  utils.BackgroundService (BackgroundService.java:shutdown(160)) - Shutting down service SCMBlockDeletingService
2024-04-26 07:44:19,536 [main] INFO  server.StorageContainerManager (StorageContainerManager.java:stop(1731)) - Stopping SCM Event Queue.
2024-04-26 07:44:19,537 [JvmPauseMonitor11] INFO  util.JvmPauseMonitor (JvmPauseMonitor.java:run(152)) - JvmPauseMonitor-d9d5fd8b-77cd-4310-9c06-5a000016974c: Stopped
2024-04-26 07:44:19,537 [main] INFO  server.StorageContainerManager (StorageContainerManager.java:stop(1742)) - Stopping SCM HA services.
2024-04-26 07:44:19,537 [main] INFO  pipeline.BackgroundPipelineCreator (BackgroundPipelineCreator.java:stop(152)) - Stopping RatisPipelineUtilsThread.
2024-04-26 07:44:19,537 [RatisPipelineUtilsThread-0] WARN  pipeline.BackgroundPipelineCreator (BackgroundPipelineCreator.java:run(183)) - RatisPipelineUtilsThread is interrupted.
2024-04-26 07:44:19,537 [main] INFO  BackgroundPipelineScrubber (BackgroundSCMService.java:stop(128)) - Stopping BackgroundPipelineScrubber Service.
2024-04-26 07:44:19,537 [BackgroundPipelineScrubber] WARN  BackgroundPipelineScrubber (BackgroundSCMService.java:run(112)) - BackgroundPipelineScrubber is interrupted, exit
2024-04-26 07:44:19,538 [main] INFO  impl.MetricsSystemImpl (MetricsSystemImpl.java:stop(210)) - Stopping HddsDatanode metrics system...
2024-04-26 07:44:19,539 [prometheus] INFO  impl.MetricsSinkAdapter (MetricsSinkAdapter.java:publishMetricsFromQueue(141)) - prometheus thread interrupted.
2024-04-26 07:44:19,539 [main] INFO  impl.MetricsSystemImpl (MetricsSystemImpl.java:stop(216)) - HddsDatanode metrics system stopped.
2024-04-26 07:44:19,539 [main] WARN  pipeline.BackgroundPipelineCreator (BackgroundPipelineCreator.java:stop(148)) - RatisPipelineUtilsThread is not running, just ignore.
2024-04-26 07:44:19,539 [main] INFO  BackgroundPipelineScrubber (BackgroundSCMService.java:stop(123)) - BackgroundPipelineScrubber Service is not running, skip stop.
2024-04-26 07:44:19,539 [main] INFO  ExpiredContainerReplicaOpScrubber (BackgroundSCMService.java:stop(128)) - Stopping ExpiredContainerReplicaOpScrubber Service.
2024-04-26 07:44:19,539 [ExpiredContainerReplicaOpScrubber] WARN  ExpiredContainerReplicaOpScrubber (BackgroundSCMService.java:run(112)) - ExpiredContainerReplicaOpScrubber is interrupted, exit
2024-04-26 07:44:19,540 [main] INFO  utils.BackgroundService (BackgroundService.java:shutdown(160)) - Shutting down service SCMBlockDeletingService
2024-04-26 07:44:19,540 [main] INFO  replication.ReplicationManager (ReplicationManager.java:stop(338)) - Replication Monitor Thread is not running.
2024-04-26 07:44:19,540 [main] WARN  balancer.ContainerBalancer (ContainerBalancer.java:stop(327)) - Cannot stop Container Balancer because it's not running or stopping
2024-04-26 07:44:19,540 [LeaseManager#LeaseMonitor] WARN  lease.LeaseManager (LeaseManager.java:run(287)) - Lease manager is interrupted. Shutting down...
java.lang.InterruptedException
	at java.base/java.util.concurrent.locks.AbstractQueuedSynchronizer.tryAcquireSharedNanos(AbstractQueuedSynchronizer.java:1081)
	at java.base/java.util.concurrent.Semaphore.tryAcquire(Semaphore.java:415)
	at org.apache.hadoop.ozone.lease.LeaseManager$LeaseMonitor.run(LeaseManager.java:285)
	at java.base/java.lang.Thread.run(Thread.java:840)
2024-04-26 07:44:19,540 [main] INFO  server.StorageContainerManager (StorageContainerManager.java:stop(1777)) - Stopping SCM MetadataStore.
]]></system-out>
    </flakyFailure>
    <flakyFailure type="java.lang.AssertionError">
      <stackTrace><![CDATA[java.lang.AssertionError: 

Expecting:
 <"org.apache.ratis.protocol.exceptions.RaftRetryFailureException: Failed RaftClientRequest:client-F1E7B1ED0AFD->f684478f-b568-4af5-8d70-73cde96e1eae@group-E8836541D941, cid=79, seq=null, Watch-MAJORITY_COMMITTED(73), null for 3 attempts with RequestTypeDependentRetryPolicy{WRITE->ExceptionDependentRetry(maxAttempts=2147483647; defaultPolicy=MultipleLinearRandomRetry[5x5s, 5x10s, 5x15s, 5x20s, 5x25s, 10x60s]; map={org.apache.ratis.protocol.exceptions.GroupMismatchException->NoRetry, org.apache.ratis.protocol.exceptions.NotReplicatedException->NoRetry, org.apache.ratis.protocol.exceptions.ResourceUnavailableException->org.apache.ratis.retry.ExponentialBackoffRetry@3bc9aa61, org.apache.ratis.protocol.exceptions.StateMachineException->NoRetry, org.apache.ratis.protocol.exceptions.TimeoutIOException->org.apache.ratis.retry.ExponentialBackoffRetry@3bc9aa61}), WATCH->ExceptionDependentRetry(maxAttempts=2147483647; defaultPolicy=MultipleLinearRandomRetry[5x5s, 5x10s, 5x15s, 5x20s, 5x25s, 10x60s]; map={org.apache.ratis.protocol.exceptions.GroupMismatchException->NoRetry, org.apache.ratis.protocol.exceptions.NotReplicatedException->NoRetry, org.apache.ratis.protocol.exceptions.ResourceUnavailableException->org.apache.ratis.retry.ExponentialBackoffRetry@3bc9aa61, org.apache.ratis.protocol.exceptions.StateMachineException->NoRetry, org.apache.ratis.protocol.exceptions.TimeoutIOException->NoRetry})}">
not to contain:
 <"Watch-MAJORITY_COMMITTED">

	at org.apache.hadoop.ozone.client.rpc.TestWatchForCommit.testWatchForCommitForRetryfailure(TestWatchForCommit.java:295)
	at java.base/java.lang.reflect.Method.invoke(Method.java:568)
	at java.base/java.util.ArrayList.forEach(ArrayList.java:1511)
	at java.base/java.util.ArrayList.forEach(ArrayList.java:1511)
]]></stackTrace>
      <system-out><![CDATA[2024-04-26 07:45:15,340 [main] WARN  server.ServerUtils (ServerUtils.java:getScmDbDir(143)) - ozone.scm.db.dirs is not configured. We recommend adding this setting. Falling back to ozone.metadata.dirs instead.
2024-04-26 07:45:15,343 [main] WARN  server.ServerUtils (ServerUtils.java:getScmDbDir(143)) - ozone.scm.db.dirs is not configured. We recommend adding this setting. Falling back to ozone.metadata.dirs instead.
2024-04-26 07:45:15,343 [main] INFO  ha.SCMHANodeDetails (SCMHANodeDetails.java:loadSCMHAConfig(207)) - ServiceID for StorageContainerManager is null
2024-04-26 07:45:15,343 [main] INFO  ha.SCMHANodeDetails (SCMHANodeDetails.java:loadSCMHAConfig(212)) - ozone.scm.default.service.id is not defined, falling back to ozone.scm.service.ids to find serviceID for StorageContainerManager if it is HA enabled cluster
2024-04-26 07:45:15,346 [main] WARN  utils.HAUtils (HAUtils.java:getMetaDir(339)) - ozone.scm.db.dirs is not configured. We recommend adding this setting. Falling back to ozone.metadata.dirs instead.
2024-04-26 07:45:15,347 [main] WARN  db.DBStoreBuilder (DBStoreBuilder.java:applyDBDefinition(171)) - ozone.scm.db.dirs is not configured. We recommend adding this setting. Falling back to ozone.metadata.dirs instead.
2024-04-26 07:45:15,419 [main] INFO  net.NodeSchemaLoader (NodeSchemaLoader.java:loadSchemaFromFile(129)) - Loading schema from [file:/home/runner/work/ozone/ozone/hadoop-hdds/common/target/classes/network-topology-default.xml]
2024-04-26 07:45:15,419 [main] INFO  net.NodeSchemaLoader (NodeSchemaLoader.java:loadSchema(176)) - Loading network topology layer schema file
2024-04-26 07:45:15,422 [main] INFO  upgrade.AbstractLayoutVersionManager (AbstractLayoutVersionManager.java:init(83)) - Initializing Layout version manager with metadata layout = HADOOP_PRC_PORTS_IN_DATANODEDETAILS (version = 7), software layout = HADOOP_PRC_PORTS_IN_DATANODEDETAILS (version = 7)
2024-04-26 07:45:15,423 [main] INFO  ha.SequenceIdGenerator (SequenceIdGenerator.java:upgradeToSequenceId(370)) - upgrade localId to 113750153625600000
2024-04-26 07:45:15,423 [main] INFO  ha.SequenceIdGenerator (SequenceIdGenerator.java:upgradeToSequenceId(380)) - upgrade delTxnId to 0
2024-04-26 07:45:15,424 [main] INFO  ha.SequenceIdGenerator (SequenceIdGenerator.java:upgradeToSequenceId(397)) - upgrade containerId to 0
2024-04-26 07:45:15,424 [main] INFO  ha.SequenceIdGenerator (SequenceIdGenerator.java:upgradeToCertificateSequenceId(444)) - upgrade CertificateId to 2
2024-04-26 07:45:15,425 [main] INFO  ha.SequenceIdGenerator (SequenceIdGenerator.java:<init>(241)) - Init the HA SequenceIdGenerator.
2024-04-26 07:45:15,425 [main] INFO  node.SCMNodeManager (SCMNodeManager.java:<init>(177)) - Entering startup safe mode.
2024-04-26 07:45:15,425 [main] INFO  algorithms.ContainerPlacementPolicyFactory (ContainerPlacementPolicyFactory.java:getPolicyInternal(86)) - Create container placement policy of type org.apache.hadoop.hdds.scm.container.placement.algorithms.SCMContainerPlacementRackAware
2024-04-26 07:45:15,426 [main] INFO  algorithms.ContainerPlacementPolicyFactory (ContainerPlacementPolicyFactory.java:getPolicyInternal(86)) - Create container placement policy of type org.apache.hadoop.hdds.scm.container.placement.algorithms.SCMContainerPlacementRackScatter
2024-04-26 07:45:15,426 [main] INFO  pipeline.PipelineStateManagerImpl (PipelineStateManagerImpl.java:initialize(78)) - No pipeline exists in current db
2024-04-26 07:45:15,426 [main] INFO  algorithms.LeaderChoosePolicyFactory (LeaderChoosePolicyFactory.java:getPolicy(57)) - Create leader choose policy of type org.apache.hadoop.hdds.scm.pipeline.leader.choose.algorithms.MinLeaderCountChoosePolicy
2024-04-26 07:45:15,426 [main] INFO  algorithms.ContainerPlacementPolicyFactory (ContainerPlacementPolicyFactory.java:getPolicyInternal(86)) - Create container placement policy of type org.apache.hadoop.hdds.scm.container.placement.algorithms.SCMContainerPlacementRackScatter
2024-04-26 07:45:15,426 [main] INFO  ha.SCMServiceManager (SCMServiceManager.java:register(42)) - Registering service BackgroundPipelineCreator.
2024-04-26 07:45:15,426 [main] INFO  pipeline.BackgroundPipelineCreator (BackgroundPipelineCreator.java:start(127)) - Starting RatisPipelineUtilsThread.
2024-04-26 07:45:15,427 [main] INFO  BackgroundPipelineScrubber (BackgroundSCMService.java:start(65)) - Starting BackgroundPipelineScrubber Service.
2024-04-26 07:45:15,427 [main] INFO  ha.SCMServiceManager (SCMServiceManager.java:register(42)) - Registering service BackgroundPipelineScrubber.
2024-04-26 07:45:15,427 [main] INFO  ExpiredContainerReplicaOpScrubber (BackgroundSCMService.java:start(65)) - Starting ExpiredContainerReplicaOpScrubber Service.
2024-04-26 07:45:15,427 [main] INFO  ha.SCMServiceManager (SCMServiceManager.java:register(42)) - Registering service ExpiredContainerReplicaOpScrubber.
2024-04-26 07:45:15,428 [main] INFO  algorithms.PipelineChoosePolicyFactory (PipelineChoosePolicyFactory.java:createPipelineChoosePolicyFromClass(80)) - Create pipeline choose policy of type org.apache.hadoop.hdds.scm.pipeline.choose.algorithms.RandomPipelineChoosePolicy
2024-04-26 07:45:15,428 [main] INFO  algorithms.PipelineChoosePolicyFactory (PipelineChoosePolicyFactory.java:createPipelineChoosePolicyFromClass(80)) - Create pipeline choose policy of type org.apache.hadoop.hdds.scm.pipeline.choose.algorithms.RandomPipelineChoosePolicy
2024-04-26 07:45:15,428 [main] INFO  ha.SCMServiceManager (SCMServiceManager.java:register(42)) - Registering service SCMBlockDeletingService.
2024-04-26 07:45:15,429 [main] INFO  replication.ReplicationManager (ReplicationManager.java:start(295)) - Starting Replication Monitor Thread.
2024-04-26 07:45:15,432 [ReplicationMonitor] INFO  replication.ReplicationManager (ReplicationManager.java:processAll(371)) - Replication Manager is not ready to run until 3000ms after safemode exit
2024-04-26 07:45:15,432 [main] INFO  ha.SCMServiceManager (SCMServiceManager.java:register(42)) - Registering service ReplicationManager.
2024-04-26 07:45:15,433 [main] INFO  safemode.ContainerSafeModeRule (ContainerSafeModeRule.java:<init>(91)) - containers with one replica threshold count 0
2024-04-26 07:45:15,433 [main] INFO  safemode.HealthyPipelineSafeModeRule (HealthyPipelineSafeModeRule.java:initializeRule(176)) - Total pipeline count is 0, healthy pipeline threshold count is 1
2024-04-26 07:45:15,433 [main] INFO  safemode.OneReplicaPipelineSafeModeRule (OneReplicaPipelineSafeModeRule.java:initializeRule(193)) - Total pipeline count is 0, pipeline's with at least one datanode reported threshold count is 0
2024-04-26 07:45:15,434 [main] INFO  server.StorageContainerManager (StorageContainerManager.java:<init>(440)) - SCM start with adminUsers: [runner]
2024-04-26 07:45:15,434 [main] INFO  ipc.CallQueueManager (CallQueueManager.java:<init>(90)) - Using callQueue: class java.util.concurrent.LinkedBlockingQueue, queueCapacity: 10000, scheduler: class org.apache.hadoop.ipc.DefaultRpcScheduler, ipcBackoff: false.
2024-04-26 07:45:15,434 [main] INFO  ipc.Server (Server.java:<init>(1287)) - Listener at 0.0.0.0:15358
2024-04-26 07:45:15,434 [Socket Reader #1 for port 15358] INFO  ipc.Server (Server.java:run(1323)) - Starting Socket Reader #1 for port 15358
2024-04-26 07:45:15,437 [main] INFO  ipc.CallQueueManager (CallQueueManager.java:<init>(90)) - Using callQueue: class java.util.concurrent.LinkedBlockingQueue, queueCapacity: 10000, scheduler: class org.apache.hadoop.ipc.DefaultRpcScheduler, ipcBackoff: false.
2024-04-26 07:45:15,437 [main] INFO  ipc.Server (Server.java:<init>(1287)) - Listener at 0.0.0.0:15357
2024-04-26 07:45:15,439 [main] INFO  ipc.CallQueueManager (CallQueueManager.java:<init>(90)) - Using callQueue: class java.util.concurrent.LinkedBlockingQueue, queueCapacity: 10000, scheduler: class org.apache.hadoop.ipc.DefaultRpcScheduler, ipcBackoff: false.
2024-04-26 07:45:15,439 [main] INFO  ipc.Server (Server.java:<init>(1287)) - Listener at 0.0.0.0:15356
2024-04-26 07:45:15,439 [Socket Reader #1 for port 15356] INFO  ipc.Server (Server.java:run(1323)) - Starting Socket Reader #1 for port 15356
2024-04-26 07:45:15,440 [Socket Reader #1 for port 15357] INFO  ipc.Server (Server.java:run(1323)) - Starting Socket Reader #1 for port 15357
2024-04-26 07:45:15,445 [main] INFO  ha.SCMServiceManager (SCMServiceManager.java:register(42)) - Registering service ContainerBalancer.
2024-04-26 07:45:15,446 [main] INFO  ha.SCMContext (SCMContext.java:updateSafeModeStatus(225)) - Update SafeModeStatus from SafeModeStatus{safeModeStatus=true, preCheckPassed=false} to SafeModeStatus{safeModeStatus=true, preCheckPassed=false}.
2024-04-26 07:45:15,446 [main] INFO  server.StorageContainerManager (StorageContainerManager.java:start(1545)) - StorageContainerLocationProtocol RPC server is listening at /0.0.0.0:15356
2024-04-26 07:45:15,447 [main] WARN  impl.MetricsConfig (MetricsConfig.java:loadFirst(136)) - Cannot locate configuration: tried hadoop-metrics2-storagecontainermanager.properties,hadoop-metrics2.properties
2024-04-26 07:45:15,447 [main] INFO  impl.MetricsSystemImpl (MetricsSystemImpl.java:startTimer(378)) - Scheduled Metric snapshot period at 10 second(s).
2024-04-26 07:45:15,447 [main] INFO  impl.MetricsSystemImpl (MetricsSystemImpl.java:start(191)) - StorageContainerManager metrics system started
2024-04-26 07:45:15,460 [main] INFO  impl.MetricsSinkAdapter (MetricsSinkAdapter.java:start(204)) - Sink prometheus started
2024-04-26 07:45:15,460 [main] INFO  impl.MetricsSystemImpl (MetricsSystemImpl.java:registerSink(305)) - Registered sink prometheus
2024-04-26 07:45:15,473 [main] INFO  server.SCMClientProtocolServer (SCMClientProtocolServer.java:start(204)) - RPC server for Client  is listening at /0.0.0.0:15356
2024-04-26 07:45:15,473 [IPC Server Responder] INFO  ipc.Server (Server.java:run(1562)) - IPC Server Responder: starting
2024-04-26 07:45:15,473 [IPC Server listener on 15356] INFO  ipc.Server (Server.java:run(1402)) - IPC Server listener on 15356: starting
2024-04-26 07:45:15,479 [main] INFO  server.StorageContainerManager (StorageContainerManager.java:start(1558)) - ScmBlockLocationProtocol RPC server is listening at /0.0.0.0:15357
2024-04-26 07:45:15,479 [main] INFO  server.SCMBlockProtocolServer (SCMBlockProtocolServer.java:start(162)) - RPC server for Block Protocol is listening at /0.0.0.0:15357
2024-04-26 07:45:15,480 [IPC Server Responder] INFO  ipc.Server (Server.java:run(1562)) - IPC Server Responder: starting
2024-04-26 07:45:15,480 [IPC Server listener on 15357] INFO  ipc.Server (Server.java:run(1402)) - IPC Server listener on 15357: starting
2024-04-26 07:45:15,486 [main] INFO  server.SCMDatanodeProtocolServer (SCMDatanodeProtocolServer.java:start(194)) - ScmDatanodeProtocol RPC server for DataNodes is listening at /0.0.0.0:15358
2024-04-26 07:45:15,486 [IPC Server Responder] INFO  ipc.Server (Server.java:run(1562)) - IPC Server Responder: starting
2024-04-26 07:45:15,487 [IPC Server listener on 15358] INFO  ipc.Server (Server.java:run(1402)) - IPC Server listener on 15358: starting
2024-04-26 07:45:15,493 [JvmPauseMonitor44] INFO  util.JvmPauseMonitor (JvmPauseMonitor.java:run(146)) - JvmPauseMonitor-c0f9fbd6-0178-4394-b141-903e092d6251: Started
2024-04-26 07:45:15,494 [main] INFO  http.BaseHttpServer (BaseHttpServer.java:newHttpServer2BuilderForOzone(223)) - Starting Web-server for scm at: http://0.0.0.0:15359
2024-04-26 07:45:15,494 [main] INFO  http.BaseHttpServer (BaseHttpServer.java:<init>(110)) - Hadoop Security Enabled: false Ozone Security Enabled: false Ozone HTTP Security Enabled: false 
2024-04-26 07:45:15,495 [main] WARN  server.AuthenticationFilter (AuthenticationFilter.java:constructSecretProvider(240)) - Unable to initialize FileSignerSecretProvider, falling back to use random secrets. Reason: Could not read signature secret file: /home/runner/hadoop-http-auth-signature-secret
2024-04-26 07:45:15,495 [main] INFO  http.HttpRequestLog (HttpRequestLog.java:getRequestLog(86)) - Http request log for http.requests.scm is not defined
2024-04-26 07:45:15,496 [main] INFO  http.HttpServer2 (HttpServer2.java:addGlobalFilter(1036)) - Added global filter 'safety' (class=org.apache.hadoop.hdds.server.http.HttpServer2$QuotingInputFilter)
2024-04-26 07:45:15,496 [main] INFO  http.HttpServer2 (HttpServer2.java:addFilter(1012)) - Added filter static_user_filter (class=org.apache.hadoop.http.lib.StaticUserWebFilter$StaticUserFilter) to context scm
2024-04-26 07:45:15,497 [main] INFO  http.HttpServer2 (HttpServer2.java:addFilter(1020)) - Added filter static_user_filter (class=org.apache.hadoop.http.lib.StaticUserWebFilter$StaticUserFilter) to context static
2024-04-26 07:45:15,497 [main] INFO  http.HttpServer2 (HttpServer2.java:addFilter(1020)) - Added filter static_user_filter (class=org.apache.hadoop.http.lib.StaticUserWebFilter$StaticUserFilter) to context logs
2024-04-26 07:45:15,497 [main] INFO  http.BaseHttpServer (BaseHttpServer.java:<init>(189)) - HTTP server of scm uses base directory /home/runner/work/ozone/ozone/hadoop-ozone/integration-test/target/test-dir/MiniOzoneClusterImpl-f8a85056-d908-4111-b8ec-0d6f55fc62ea/ozone-meta/webserver
2024-04-26 07:45:15,497 [main] INFO  http.HttpServer2 (HttpServer2.java:bindListener(1236)) - Jetty bound to port 15359
2024-04-26 07:45:15,497 [main] INFO  server.Server (Server.java:doStart(375)) - jetty-9.4.53.v20231009; built: 2023-10-09T12:29:09.265Z; git: 27bde00a0b95a1d5bbee0eae7984f891d2d0f8c9; jvm 17.0.10+7
2024-04-26 07:45:15,498 [main] INFO  server.session (DefaultSessionIdManager.java:doStart(334)) - DefaultSessionIdManager workerName=node0
2024-04-26 07:45:15,498 [main] INFO  server.session (DefaultSessionIdManager.java:doStart(339)) - No SessionScavenger set, using defaults
2024-04-26 07:45:15,498 [main] INFO  server.session (HouseKeeper.java:startScavenging(132)) - node0 Scavenging every 660000ms
2024-04-26 07:45:15,499 [main] INFO  handler.ContextHandler (ContextHandler.java:doStart(921)) - Started o.e.j.s.ServletContextHandler@11619ade{logs,/logs,file:///home/runner/work/ozone/ozone/hadoop-ozone/integration-test/target/log,AVAILABLE}
2024-04-26 07:45:15,499 [main] INFO  handler.ContextHandler (ContextHandler.java:doStart(921)) - Started o.e.j.s.ServletContextHandler@48673a8f{static,/static,file:///home/runner/work/ozone/ozone/hadoop-ozone/integration-test/target/test-classes/webapps/static,AVAILABLE}
2024-04-26 07:45:15,503 [main] INFO  handler.ContextHandler (ContextHandler.java:doStart(921)) - Started o.e.j.w.WebAppContext@c334f3b{scm,/,file:///home/runner/work/ozone/ozone/hadoop-ozone/integration-test/target/test-classes/webapps/scm/,AVAILABLE}{file:/home/runner/work/ozone/ozone/hadoop-ozone/integration-test/target/test-classes/webapps/scm}
2024-04-26 07:45:15,503 [main] INFO  server.AbstractConnector (AbstractConnector.java:doStart(333)) - Started ServerConnector@680f4ae7{HTTP/1.1, (http/1.1)}{0.0.0.0:15359}
2024-04-26 07:45:15,503 [main] INFO  server.Server (Server.java:doStart(415)) - Started @139212ms
2024-04-26 07:45:15,503 [main] WARN  impl.MetricsSystemImpl (MetricsSystemImpl.java:register(279)) - Sink prometheus already exists!
2024-04-26 07:45:15,504 [main] INFO  http.BaseHttpServer (BaseHttpServer.java:updateConnectorAddress(354)) - HTTP server of scm listening at http://0.0.0.0:15359
2024-04-26 07:45:15,504 [main] WARN  server.ServerUtils (ServerUtils.java:getDBPath(299)) - ozone.om.db.dirs is not configured. We recommend adding this setting. Falling back to ozone.metadata.dirs instead.
2024-04-26 07:45:15,505 [main] INFO  ha.OMHANodeDetails (OMHANodeDetails.java:loadOMHAConfig(115)) - ozone.om.internal.service.id is not defined, falling back to ozone.om.service.ids to find serviceID for OzoneManager if it is HA enabled cluster
2024-04-26 07:45:15,505 [main] INFO  ha.OMHANodeDetails (OMHANodeDetails.java:loadOMHAConfig(226)) - Configuration does not have ozone.om.address set. Falling back to the default OM address /127.0.0.1:15360
2024-04-26 07:45:15,506 [main] INFO  ha.OMHANodeDetails (OMHANodeDetails.java:getOMNodeDetailsForNonHA(254)) - OM Service ID is not set. Setting it to the default ID: omServiceIdDefault
2024-04-26 07:45:15,506 [main] INFO  ha.OMHANodeDetails (OMHANodeDetails.java:getOMNodeDetailsForNonHA(261)) - OM Node ID is not set. Setting it to the default ID: om1
2024-04-26 07:45:15,506 [main] WARN  server.ServerUtils (ServerUtils.java:getDBPath(299)) - ozone.om.db.dirs is not configured. We recommend adding this setting. Falling back to ozone.metadata.dirs instead.
2024-04-26 07:45:15,507 [main] INFO  upgrade.AbstractLayoutVersionManager (AbstractLayoutVersionManager.java:init(83)) - Initializing Layout version manager with metadata layout = QUOTA (version = 6), software layout = QUOTA (version = 6)
2024-04-26 07:45:15,532 [main] INFO  reflections.Reflections (Reflections.java:scan(219)) - Reflections took 25 ms to scan 2 urls, producing 188 keys and 545 values
2024-04-26 07:45:15,533 [main] INFO  upgrade.OMLayoutVersionManager (OMLayoutVersionManager.java:lambda$0(113)) - Skipping Upgrade Action QuotaRepairUpgradeAction since it has been finalized.
2024-04-26 07:45:15,533 [main] INFO  upgrade.OMLayoutVersionManager (OMLayoutVersionManager.java:lambda$0(113)) - Skipping Upgrade Action MockOmUpgradeAction since it has been finalized.
2024-04-26 07:45:15,533 [main] WARN  server.ServerUtils (ServerUtils.java:getDBPath(299)) - ozone.om.db.dirs is not configured. We recommend adding this setting. Falling back to ozone.metadata.dirs instead.
2024-04-26 07:45:15,533 [main] INFO  proxy.SCMBlockLocationFailoverProxyProvider (SCMBlockLocationFailoverProxyProvider.java:<init>(115)) - Created block location fail-over proxy with 1 nodes: [nodeId=scmNodeId,nodeAddress=/0.0.0.0:15357]
2024-04-26 07:45:15,534 [main] INFO  proxy.SCMBlockLocationFailoverProxyProvider (SCMBlockLocationFailoverProxyProvider.java:<init>(115)) - Created block location fail-over proxy with 1 nodes: [nodeId=scmNodeId,nodeAddress=/0.0.0.0:15357]
2024-04-26 07:45:15,537 [main] INFO  om.OzoneManager (OzoneManager.java:<init>(677)) - OM start with adminUsers: [runner]
2024-04-26 07:45:15,537 [main] WARN  server.ServerUtils (ServerUtils.java:getDBPath(299)) - ozone.om.db.dirs is not configured. We recommend adding this setting. Falling back to ozone.metadata.dirs instead.
2024-04-26 07:45:15,537 [main] INFO  helpers.OmKeyInfo (OmKeyInfo.java:getCodec(72)) - OmKeyInfo.getCodec ignorePipeline = true
2024-04-26 07:45:15,669 [main] INFO  om.OzoneManager (OzoneManager.java:instantiateServices(811)) - S3 Multi-Tenancy is disabled
2024-04-26 07:45:15,669 [main] INFO  om.OmSnapshotManager (OmSnapshotManager.java:<init>(179)) - Ozone filesystem snapshot feature is enabled.
2024-04-26 07:45:15,670 [main] WARN  server.ServerUtils (ServerUtils.java:getDBPath(299)) - ozone.om.snapshot.diff.db.dir is not configured. We recommend adding this setting. Falling back to ozone.metadata.dirs instead.
2024-04-26 07:45:15,683 [main] INFO  utils.NativeLibraryLoader (NativeLibraryLoader.java:loadLibrary(111)) - Loading Library: ozone_rocksdb_tools
2024-04-26 07:45:15,684 [main] ERROR snapshot.SnapshotDiffManager (SnapshotDiffManager.java:initNativeLibraryForEfficientDiff(287)) - Native Library for raw sst file reading loading failed.
org.apache.hadoop.hdds.utils.NativeLibraryNotLoadedException: Unable to load library ozone_rocksdb_tools from both java.library.path & resource file libozone_rocksdb_tools.so from jar.
	at org.apache.hadoop.hdds.utils.db.managed.ManagedRawSSTFileReader.loadLibrary(ManagedRawSSTFileReader.java:40)
	at org.apache.hadoop.ozone.om.snapshot.SnapshotDiffManager.initNativeLibraryForEfficientDiff(SnapshotDiffManager.java:285)
	at org.apache.hadoop.ozone.om.snapshot.SnapshotDiffManager.<init>(SnapshotDiffManager.java:259)
	at org.apache.hadoop.ozone.om.OmSnapshotManager.<init>(OmSnapshotManager.java:286)
	at org.apache.hadoop.ozone.om.OzoneManager.instantiateServices(OzoneManager.java:863)
	at org.apache.hadoop.ozone.om.OzoneManager.<init>(OzoneManager.java:687)
	at org.apache.hadoop.ozone.om.OzoneManager.createOm(OzoneManager.java:774)
	at org.apache.hadoop.ozone.MiniOzoneClusterImpl$Builder.createOM(MiniOzoneClusterImpl.java:689)
	at org.apache.hadoop.ozone.MiniOzoneClusterImpl$Builder.createAndStartSingleOM(MiniOzoneClusterImpl.java:673)
	at org.apache.hadoop.ozone.MiniOzoneClusterImpl$Builder.build(MiniOzoneClusterImpl.java:535)
	at org.apache.hadoop.ozone.client.rpc.TestWatchForCommit.init(TestWatchForCommit.java:154)
	at java.base/jdk.internal.reflect.NativeMethodAccessorImpl.invoke0(Native Method)
	at java.base/jdk.internal.reflect.NativeMethodAccessorImpl.invoke(NativeMethodAccessorImpl.java:77)
	at java.base/jdk.internal.reflect.DelegatingMethodAccessorImpl.invoke(DelegatingMethodAccessorImpl.java:43)
	at java.base/java.lang.reflect.Method.invoke(Method.java:568)
	at org.junit.platform.commons.util.ReflectionUtils.invokeMethod(ReflectionUtils.java:728)
	at org.junit.jupiter.engine.execution.MethodInvocation.proceed(MethodInvocation.java:60)
	at org.junit.jupiter.engine.execution.InvocationInterceptorChain$ValidatingInvocation.proceed(InvocationInterceptorChain.java:131)
	at org.junit.jupiter.engine.extension.TimeoutExtension.intercept(TimeoutExtension.java:156)
	at org.junit.jupiter.engine.extension.TimeoutExtension.interceptLifecycleMethod(TimeoutExtension.java:128)
	at org.junit.jupiter.engine.extension.TimeoutExtension.interceptBeforeEachMethod(TimeoutExtension.java:78)
	at org.junit.jupiter.engine.execution.InterceptingExecutableInvoker$ReflectiveInterceptorCall.lambda$ofVoidMethod$0(InterceptingExecutableInvoker.java:103)
	at org.junit.jupiter.engine.execution.InterceptingExecutableInvoker.lambda$invoke$0(InterceptingExecutableInvoker.java:93)
	at org.junit.jupiter.engine.execution.InvocationInterceptorChain$InterceptedInvocation.proceed(InvocationInterceptorChain.java:106)
	at org.junit.jupiter.engine.execution.InvocationInterceptorChain.proceed(InvocationInterceptorChain.java:64)
	at org.junit.jupiter.engine.execution.InvocationInterceptorChain.chainAndInvoke(InvocationInterceptorChain.java:45)
	at org.junit.jupiter.engine.execution.InvocationInterceptorChain.invoke(InvocationInterceptorChain.java:37)
	at org.junit.jupiter.engine.execution.InterceptingExecutableInvoker.invoke(InterceptingExecutableInvoker.java:92)
	at org.junit.jupiter.engine.execution.InterceptingExecutableInvoker.invoke(InterceptingExecutableInvoker.java:86)
	at org.junit.jupiter.engine.descriptor.ClassBasedTestDescriptor.invokeMethodInExtensionContext(ClassBasedTestDescriptor.java:521)
	at org.junit.jupiter.engine.descriptor.ClassBasedTestDescriptor.lambda$synthesizeBeforeEachMethodAdapter$23(ClassBasedTestDescriptor.java:506)
	at org.junit.jupiter.engine.descriptor.TestMethodTestDescriptor.lambda$invokeBeforeEachMethods$3(TestMethodTestDescriptor.java:175)
	at org.junit.jupiter.engine.descriptor.TestMethodTestDescriptor.lambda$invokeBeforeMethodsOrCallbacksUntilExceptionOccurs$6(TestMethodTestDescriptor.java:203)
	at org.junit.platform.engine.support.hierarchical.ThrowableCollector.execute(ThrowableCollector.java:73)
	at org.junit.jupiter.engine.descriptor.TestMethodTestDescriptor.invokeBeforeMethodsOrCallbacksUntilExceptionOccurs(TestMethodTestDescriptor.java:203)
	at org.junit.jupiter.engine.descriptor.TestMethodTestDescriptor.invokeBeforeEachMethods(TestMethodTestDescriptor.java:172)
	at org.junit.jupiter.engine.descriptor.TestMethodTestDescriptor.execute(TestMethodTestDescriptor.java:135)
	at org.junit.jupiter.engine.descriptor.TestMethodTestDescriptor.execute(TestMethodTestDescriptor.java:69)
	at org.junit.platform.engine.support.hierarchical.NodeTestTask.lambda$executeRecursively$6(NodeTestTask.java:151)
	at org.junit.platform.engine.support.hierarchical.ThrowableCollector.execute(ThrowableCollector.java:73)
	at org.junit.platform.engine.support.hierarchical.NodeTestTask.lambda$executeRecursively$8(NodeTestTask.java:141)
	at org.junit.platform.engine.support.hierarchical.Node.around(Node.java:137)
	at org.junit.platform.engine.support.hierarchical.NodeTestTask.lambda$executeRecursively$9(NodeTestTask.java:139)
	at org.junit.platform.engine.support.hierarchical.ThrowableCollector.execute(ThrowableCollector.java:73)
	at org.junit.platform.engine.support.hierarchical.NodeTestTask.executeRecursively(NodeTestTask.java:138)
	at org.junit.platform.engine.support.hierarchical.NodeTestTask.execute(NodeTestTask.java:95)
	at java.base/java.util.ArrayList.forEach(ArrayList.java:1511)
	at org.junit.platform.engine.support.hierarchical.SameThreadHierarchicalTestExecutorService.invokeAll(SameThreadHierarchicalTestExecutorService.java:41)
	at org.junit.platform.engine.support.hierarchical.NodeTestTask.lambda$executeRecursively$6(NodeTestTask.java:155)
	at org.junit.platform.engine.support.hierarchical.ThrowableCollector.execute(ThrowableCollector.java:73)
	at org.junit.platform.engine.support.hierarchical.NodeTestTask.lambda$executeRecursively$8(NodeTestTask.java:141)
	at org.junit.platform.engine.support.hierarchical.Node.around(Node.java:137)
	at org.junit.platform.engine.support.hierarchical.NodeTestTask.lambda$executeRecursively$9(NodeTestTask.java:139)
	at org.junit.platform.engine.support.hierarchical.ThrowableCollector.execute(ThrowableCollector.java:73)
	at org.junit.platform.engine.support.hierarchical.NodeTestTask.executeRecursively(NodeTestTask.java:138)
	at org.junit.platform.engine.support.hierarchical.NodeTestTask.execute(NodeTestTask.java:95)
	at java.base/java.util.ArrayList.forEach(ArrayList.java:1511)
	at org.junit.platform.engine.support.hierarchical.SameThreadHierarchicalTestExecutorService.invokeAll(SameThreadHierarchicalTestExecutorService.java:41)
	at org.junit.platform.engine.support.hierarchical.NodeTestTask.lambda$executeRecursively$6(NodeTestTask.java:155)
	at org.junit.platform.engine.support.hierarchical.ThrowableCollector.execute(ThrowableCollector.java:73)
	at org.junit.platform.engine.support.hierarchical.NodeTestTask.lambda$executeRecursively$8(NodeTestTask.java:141)
	at org.junit.platform.engine.support.hierarchical.Node.around(Node.java:137)
	at org.junit.platform.engine.support.hierarchical.NodeTestTask.lambda$executeRecursively$9(NodeTestTask.java:139)
	at org.junit.platform.engine.support.hierarchical.ThrowableCollector.execute(ThrowableCollector.java:73)
	at org.junit.platform.engine.support.hierarchical.NodeTestTask.executeRecursively(NodeTestTask.java:138)
	at org.junit.platform.engine.support.hierarchical.NodeTestTask.execute(NodeTestTask.java:95)
	at org.junit.platform.engine.support.hierarchical.SameThreadHierarchicalTestExecutorService.submit(SameThreadHierarchicalTestExecutorService.java:35)
	at org.junit.platform.engine.support.hierarchical.HierarchicalTestExecutor.execute(HierarchicalTestExecutor.java:57)
	at org.junit.platform.engine.support.hierarchical.HierarchicalTestEngine.execute(HierarchicalTestEngine.java:54)
	at org.junit.platform.launcher.core.EngineExecutionOrchestrator.execute(EngineExecutionOrchestrator.java:198)
	at org.junit.platform.launcher.core.EngineExecutionOrchestrator.execute(EngineExecutionOrchestrator.java:169)
	at org.junit.platform.launcher.core.EngineExecutionOrchestrator.execute(EngineExecutionOrchestrator.java:93)
	at org.junit.platform.launcher.core.EngineExecutionOrchestrator.lambda$execute$0(EngineExecutionOrchestrator.java:58)
	at org.junit.platform.launcher.core.EngineExecutionOrchestrator.withInterceptedStreams(EngineExecutionOrchestrator.java:141)
	at org.junit.platform.launcher.core.EngineExecutionOrchestrator.execute(EngineExecutionOrchestrator.java:57)
	at org.junit.platform.launcher.core.DefaultLauncher.execute(DefaultLauncher.java:103)
	at org.junit.platform.launcher.core.DefaultLauncher.execute(DefaultLauncher.java:85)
	at org.junit.platform.launcher.core.DelegatingLauncher.execute(DelegatingLauncher.java:47)
	at org.junit.platform.launcher.core.SessionPerRequestLauncher.execute(SessionPerRequestLauncher.java:63)
	at org.apache.maven.surefire.junitplatform.JUnitPlatformProvider.invokeAllTests(JUnitPlatformProvider.java:165)
	at org.apache.maven.surefire.junitplatform.JUnitPlatformProvider.invoke(JUnitPlatformProvider.java:123)
	at org.apache.maven.surefire.booter.ForkedBooter.runSuitesInProcess(ForkedBooter.java:377)
	at org.apache.maven.surefire.booter.ForkedBooter.execute(ForkedBooter.java:138)
	at org.apache.maven.surefire.booter.ForkedBooter.run(ForkedBooter.java:465)
	at org.apache.maven.surefire.booter.ForkedBooter.main(ForkedBooter.java:451)
2024-04-26 07:45:15,685 [main] INFO  om.OzoneManager (OzoneManager.java:addS3GVolumeToDB(4463)) - Created Volume s3v With Owner runner required for S3Gateway operations.
2024-04-26 07:45:15,685 [main] WARN  server.ServerUtils (ServerUtils.java:getDefaultRatisDirectory(311)) - Storage directory for Ratis is not configured. It is a good idea to map this to an SSD disk. Falling back to ozone.metadata.dirs
2024-04-26 07:45:15,686 [main] WARN  utils.OzoneManagerRatisUtils (OzoneManagerRatisUtils.java:getOMRatisSnapshotDirectory(476)) - ozone.om.ratis.snapshot.dir is not configured. Falling back to ozone.metadata.dirs config
2024-04-26 07:45:15,686 [main] WARN  server.ServerUtils (ServerUtils.java:getDefaultRatisDirectory(311)) - Storage directory for Ratis is not configured. It is a good idea to map this to an SSD disk. Falling back to ozone.metadata.dirs
2024-04-26 07:45:15,687 [main] INFO  ratis.OzoneManagerRatisServer (OzoneManagerRatisServer.java:<init>(167)) - Instantiating OM Ratis server with groupID: omServiceIdDefault and peers: localhost:15363
2024-04-26 07:45:15,687 [main] INFO  ratis.OzoneManagerStateMachine (OzoneManagerStateMachine.java:loadSnapshotInfoFromDB(589)) - TransactionInfo not found in OM DB.
2024-04-26 07:45:15,687 [main] INFO  server.RaftServer (ConfUtils.java:logGet(46)) - raft.rpc.type = GRPC (default)
2024-04-26 07:45:15,687 [main] INFO  grpc.GrpcConfigKeys (ConfUtils.java:logFallback(53)) - raft.grpc.admin.host = null (fallback to raft.grpc.server.host)
2024-04-26 07:45:15,688 [main] INFO  grpc.GrpcConfigKeys (ConfUtils.java:logFallback(53)) - raft.grpc.admin.port = 15363 (fallback to raft.grpc.server.port)
2024-04-26 07:45:15,688 [main] INFO  grpc.GrpcConfigKeys (ConfUtils.java:logFallback(53)) - raft.grpc.client.host = null (fallback to raft.grpc.server.host)
2024-04-26 07:45:15,688 [main] INFO  grpc.GrpcConfigKeys (ConfUtils.java:logFallback(53)) - raft.grpc.client.port = 15363 (fallback to raft.grpc.server.port)
2024-04-26 07:45:15,688 [main] INFO  grpc.GrpcConfigKeys (ConfUtils.java:logGet(46)) - raft.grpc.server.host = null (default)
2024-04-26 07:45:15,688 [main] INFO  grpc.GrpcConfigKeys (ConfUtils.java:logGet(46)) - raft.grpc.server.port = 15363 (custom)
2024-04-26 07:45:15,688 [main] INFO  server.GrpcService (ConfUtils.java:logGet(46)) - raft.grpc.message.size.max = 4194304 (custom)
2024-04-26 07:45:15,688 [main] INFO  server.RaftServerConfigKeys (ConfUtils.java:logGet(46)) - raft.server.log.appender.buffer.byte-limit = 4194304 (custom)
2024-04-26 07:45:15,688 [main] INFO  server.GrpcService (ConfUtils.java:logGet(46)) - raft.grpc.flow.control.window = 1MB (=1048576) (default)
2024-04-26 07:45:15,688 [main] INFO  server.RaftServerConfigKeys (ConfUtils.java:logGet(46)) - raft.server.rpc.request.timeout = 3000ms (default)
2024-04-26 07:45:15,689 [main] INFO  grpc.GrpcConfigKeys (ConfUtils.java:logGet(46)) - raft.grpc.server.heartbeat.channel = true (default)
2024-04-26 07:45:15,689 [main] INFO  grpc.GrpcConfigKeys (ConfUtils.java:logGet(46)) - raft.grpc.server.async.request.thread.pool.cached = true (default)
2024-04-26 07:45:15,689 [main] INFO  grpc.GrpcConfigKeys (ConfUtils.java:logGet(46)) - raft.grpc.server.async.request.thread.pool.size = 32 (default)
2024-04-26 07:45:15,690 [main] INFO  impl.DataStreamServerImpl (ConfUtils.java:logGet(46)) - raft.datastream.type = DISABLED (default)
2024-04-26 07:45:15,690 [main] INFO  server.RaftServerConfigKeys (ConfUtils.java:logGet(46)) - raft.server.sleep.deviation.threshold = 300ms (default)
2024-04-26 07:45:15,690 [main] INFO  server.RaftServerConfigKeys (ConfUtils.java:logGet(46)) - raft.server.close.threshold = 60s (default)
2024-04-26 07:45:15,690 [main] INFO  server.RaftServerConfigKeys (ConfUtils.java:logGet(46)) - raft.server.leaderelection.leader.step-down.wait-time = 10s (default)
2024-04-26 07:45:15,690 [main] INFO  server.RaftServerConfigKeys (ConfUtils.java:logGet(46)) - raft.server.storage.dir = [/home/runner/work/ozone/ozone/hadoop-ozone/integration-test/target/test-dir/MiniOzoneClusterImpl-f8a85056-d908-4111-b8ec-0d6f55fc62ea/ozone-meta/ratis] (custom)
2024-04-26 07:45:15,690 [main] INFO  server.RaftServerConfigKeys (ConfUtils.java:logGet(46)) - raft.server.threadpool.proxy.cached = true (default)
2024-04-26 07:45:15,690 [main] INFO  server.RaftServerConfigKeys (ConfUtils.java:logGet(46)) - raft.server.threadpool.proxy.size = 0 (default)
2024-04-26 07:45:15,691 [main] INFO  server.RaftServer (RaftServerProxy.java:addNew(100)) - om1: addNew group-C5BA1605619E:[om1|localhost:15363] returns group-C5BA1605619E:java.util.concurrent.CompletableFuture@5a21825d[Not completed]
2024-04-26 07:45:15,691 [main] INFO  om.OzoneManager (OzoneManager.java:initializeRatisServer(2168)) - OzoneManager Ratis server initialized at port 15363
2024-04-26 07:45:15,691 [om1-groupManagement] INFO  server.RaftServer$Division (RaftServerImpl.java:<init>(256)) - om1: new RaftServerImpl for group-C5BA1605619E:[om1|localhost:15363] with OzoneManagerStateMachine:uninitialized
2024-04-26 07:45:15,691 [main] INFO  om.OzoneManager (OzoneManager.java:getRpcServer(1227)) - Creating RPC Server
2024-04-26 07:45:15,691 [om1-groupManagement] INFO  server.RaftServerConfigKeys (ConfUtils.java:logGet(46)) - raft.server.rpc.timeout.min = 1s (custom)
2024-04-26 07:45:15,691 [om1-groupManagement] INFO  server.RaftServerConfigKeys (ConfUtils.java:logGet(46)) - raft.server.rpc.timeout.max = 1200ms (custom)
2024-04-26 07:45:15,691 [om1-groupManagement] INFO  server.RaftServerConfigKeys (ConfUtils.java:logGet(46)) - raft.server.rpc.sleep.time = 25ms (default)
2024-04-26 07:45:15,691 [om1-groupManagement] INFO  server.RaftServerConfigKeys (ConfUtils.java:logGet(46)) - raft.server.rpc.slowness.timeout = 120s (custom)
2024-04-26 07:45:15,691 [om1-groupManagement] INFO  server.RaftServerConfigKeys (ConfUtils.java:logGet(46)) - raft.server.leaderelection.leader.step-down.wait-time = 10s (default)
2024-04-26 07:45:15,691 [om1-groupManagement] INFO  server.RaftServerConfigKeys (ConfUtils.java:logGet(46)) - raft.server.leaderelection.member.majority-add = false (default)
2024-04-26 07:45:15,691 [om1-groupManagement] INFO  server.RaftServerConfigKeys (ConfUtils.java:logGet(46)) - raft.server.sleep.deviation.threshold = 300ms (default)
2024-04-26 07:45:15,691 [om1-groupManagement] INFO  server.RaftServer$Division (ServerState.java:<init>(113)) - om1@group-C5BA1605619E: ConfigurationManager, init=-1: peers:[om1|localhost:15363]|listeners:[], old=null, confs=<EMPTY_MAP>
2024-04-26 07:45:15,691 [om1-groupManagement] INFO  server.RaftServerConfigKeys (ConfUtils.java:logGet(46)) - raft.server.notification.no-leader.timeout = 120s (custom)
2024-04-26 07:45:15,691 [om1-groupManagement] INFO  server.RaftServerConfigKeys (ConfUtils.java:logGet(46)) - raft.server.read.timeout = 10s (default)
2024-04-26 07:45:15,691 [om1-groupManagement] INFO  server.RaftServerConfigKeys (ConfUtils.java:logGet(46)) - raft.server.retrycache.expirytime = 300s (custom)
2024-04-26 07:45:15,691 [om1-groupManagement] INFO  server.RaftServerConfigKeys (ConfUtils.java:logGet(46)) - raft.server.retrycache.statistics.expirytime = 100ms (default)
2024-04-26 07:45:15,692 [om1-groupManagement] INFO  server.RaftServerConfigKeys (ConfUtils.java:logGet(46)) - raft.server.read.option = DEFAULT (default)
2024-04-26 07:45:15,692 [om1-groupManagement] INFO  server.RaftServerConfigKeys (ConfUtils.java:logGet(46)) - raft.server.read.read-after-write-consistent.write-index-cache.expiry-time = 60s (default)
2024-04-26 07:45:15,692 [om1-groupManagement] INFO  server.RaftServerConfigKeys (ConfUtils.java:logGet(46)) - raft.server.rpc.request.timeout = 3000ms (default)
2024-04-26 07:45:15,693 [om1-groupManagement] INFO  server.RaftServerConfigKeys (ConfUtils.java:logGet(46)) - raft.server.log.appender.install.snapshot.enabled = false (custom)
2024-04-26 07:45:15,693 [om1-groupManagement] INFO  server.RaftServerConfigKeys (ConfUtils.java:logGet(46)) - raft.server.threadpool.server.cached = true (default)
2024-04-26 07:45:15,693 [om1-groupManagement] INFO  server.RaftServerConfigKeys (ConfUtils.java:logGet(46)) - raft.server.threadpool.server.size = 0 (default)
2024-04-26 07:45:15,693 [om1-groupManagement] INFO  server.RaftServerConfigKeys (ConfUtils.java:logGet(46)) - raft.server.threadpool.client.cached = true (default)
2024-04-26 07:45:15,693 [om1-groupManagement] INFO  server.RaftServerConfigKeys (ConfUtils.java:logGet(46)) - raft.server.threadpool.client.size = 0 (default)
2024-04-26 07:45:15,915 [main] INFO  reflections.Reflections (Reflections.java:scan(219)) - Reflections took 223 ms to scan 20 urls, producing 58 keys and 6545 values
2024-04-26 07:45:15,917 [main] INFO  ipc.CallQueueManager (CallQueueManager.java:<init>(90)) - Using callQueue: class java.util.concurrent.LinkedBlockingQueue, queueCapacity: 2000, scheduler: class org.apache.hadoop.ipc.DefaultRpcScheduler, ipcBackoff: false.
2024-04-26 07:45:15,917 [main] INFO  ipc.Server (Server.java:<init>(1287)) - Listener at 127.0.0.1:15360
2024-04-26 07:45:15,919 [Socket Reader #1 for port 15360] INFO  ipc.Server (Server.java:run(1323)) - Starting Socket Reader #1 for port 15360
2024-04-26 07:45:15,932 [main] INFO  impl.MetricsSystemImpl (MetricsSystemImpl.java:init(158)) - OzoneManager metrics system started (again)
2024-04-26 07:45:15,939 [main] INFO  om.OzoneManager (OzoneManager.java:start(1649)) - OzoneManager RPC server is listening at localhost/127.0.0.1:15360
2024-04-26 07:45:15,940 [main] INFO  ratis.OzoneManagerRatisServer (OzoneManagerRatisServer.java:start(588)) - Starting OzoneManagerRatisServer om1 at port 15363
2024-04-26 07:45:15,940 [om1-impl-thread1] INFO  server.RaftServerConfigKeys (ConfUtils.java:logGet(46)) - raft.server.storage.free-space.min = 0MB (=0) (default)
2024-04-26 07:45:15,940 [om1-impl-thread1] INFO  server.RaftServerConfigKeys (ConfUtils.java:logGet(46)) - raft.server.log.corruption.policy = EXCEPTION (default)
2024-04-26 07:45:15,940 [om1-impl-thread1] INFO  server.RaftServerConfigKeys (ConfUtils.java:logGet(46)) - raft.server.storage.dir = [/home/runner/work/ozone/ozone/hadoop-ozone/integration-test/target/test-dir/MiniOzoneClusterImpl-f8a85056-d908-4111-b8ec-0d6f55fc62ea/ozone-meta/ratis] (custom)
2024-04-26 07:45:15,940 [om1-impl-thread1] INFO  storage.RaftStorageDirectory (RaftStorageDirectoryImpl.java:analyzeStorage(138)) - The storage directory /home/runner/work/ozone/ozone/hadoop-ozone/integration-test/target/test-dir/MiniOzoneClusterImpl-f8a85056-d908-4111-b8ec-0d6f55fc62ea/ozone-meta/ratis/bf265839-605b-3f16-9796-c5ba1605619e does not exist. Creating ...
2024-04-26 07:45:15,941 [om1-impl-thread1] INFO  storage.RaftStorageDirectory (RaftStorageDirectoryImpl.java:tryLock(228)) - Lock on /home/runner/work/ozone/ozone/hadoop-ozone/integration-test/target/test-dir/MiniOzoneClusterImpl-f8a85056-d908-4111-b8ec-0d6f55fc62ea/ozone-meta/ratis/bf265839-605b-3f16-9796-c5ba1605619e/in_use.lock acquired by nodename 21422@fv-az1107-628
2024-04-26 07:45:15,942 [om1-impl-thread1] INFO  storage.RaftStorage (RaftStorageImpl.java:format(99)) - Storage directory /home/runner/work/ozone/ozone/hadoop-ozone/integration-test/target/test-dir/MiniOzoneClusterImpl-f8a85056-d908-4111-b8ec-0d6f55fc62ea/ozone-meta/ratis/bf265839-605b-3f16-9796-c5ba1605619e has been successfully formatted.
2024-04-26 07:45:15,942 [om1-impl-thread1] WARN  util.FileUtils (LogUtils.java:supplyAndLog(63)) - Failed to Files.newInputStream /home/runner/work/ozone/ozone/hadoop-ozone/integration-test/target/test-dir/MiniOzoneClusterImpl-f8a85056-d908-4111-b8ec-0d6f55fc62ea/ozone-meta/ratis/bf265839-605b-3f16-9796-c5ba1605619e/current/raft-meta.conf with options []: java.nio.file.NoSuchFileException: /home/runner/work/ozone/ozone/hadoop-ozone/integration-test/target/test-dir/MiniOzoneClusterImpl-f8a85056-d908-4111-b8ec-0d6f55fc62ea/ozone-meta/ratis/bf265839-605b-3f16-9796-c5ba1605619e/current/raft-meta.conf
2024-04-26 07:45:15,942 [om1-impl-thread1] INFO  server.RaftServerConfigKeys (ConfUtils.java:logGet(46)) - raft.server.log.use.memory = false (default)
2024-04-26 07:45:15,942 [om1-impl-thread1] INFO  server.RaftServerConfigKeys (ConfUtils.java:logGet(46)) - raft.server.log.purge.gap = 1000000 (custom)
2024-04-26 07:45:15,943 [om1-impl-thread1] INFO  server.RaftServerConfigKeys (ConfUtils.java:logGet(46)) - raft.server.log.appender.buffer.byte-limit = 4194304 (custom)
2024-04-26 07:45:15,943 [om1-impl-thread1] INFO  server.RaftServerConfigKeys (ConfUtils.java:logGet(46)) - raft.server.log.statemachine.data.read.timeout = 1000ms (default)
2024-04-26 07:45:15,943 [om1-impl-thread1] INFO  server.RaftServerConfigKeys (ConfUtils.java:logGet(46)) - raft.server.log.purge.preservation.log.num = 0 (default)
2024-04-26 07:45:15,943 [om1-impl-thread1] INFO  server.RaftServerConfigKeys (ConfUtils.java:logGet(46)) - raft.server.log.segment.size.max = 4194304 (custom)
2024-04-26 07:45:15,943 [om1-impl-thread1] INFO  server.RaftServerConfigKeys (ConfUtils.java:logGet(46)) - raft.server.log.segment.cache.num.max = 2 (custom)
2024-04-26 07:45:15,943 [om1-impl-thread1] INFO  server.RaftServerConfigKeys (ConfUtils.java:logGet(46)) - raft.server.log.segment.cache.size.max = 200MB (=209715200) (default)
2024-04-26 07:45:15,943 [om1-impl-thread1] INFO  server.RaftServerConfigKeys (ConfUtils.java:logGet(46)) - raft.server.log.appender.buffer.byte-limit = 4194304 (custom)
2024-04-26 07:45:15,943 [om1-impl-thread1] INFO  util.AwaitToRun (AwaitToRun.java:start(81)) - Thread[om1@group-C5BA1605619E-cacheEviction-AwaitToRun,5,main] started
2024-04-26 07:45:15,944 [om1-impl-thread1] INFO  segmented.SegmentedRaftLogWorker (SegmentedRaftLogWorker.java:<init>(182)) - new om1@group-C5BA1605619E-SegmentedRaftLogWorker for RaftStorageImpl:Storage Directory /home/runner/work/ozone/ozone/hadoop-ozone/integration-test/target/test-dir/MiniOzoneClusterImpl-f8a85056-d908-4111-b8ec-0d6f55fc62ea/ozone-meta/ratis/bf265839-605b-3f16-9796-c5ba1605619e
2024-04-26 07:45:15,944 [om1-impl-thread1] INFO  server.RaftServerConfigKeys (ConfUtils.java:logGet(46)) - raft.server.log.queue.byte-limit = 64MB (=67108864) (default)
2024-04-26 07:45:15,944 [om1-impl-thread1] INFO  server.RaftServerConfigKeys (ConfUtils.java:logGet(46)) - raft.server.log.queue.element-limit = 4096 (default)
2024-04-26 07:45:15,944 [om1-impl-thread1] INFO  server.RaftServerConfigKeys (ConfUtils.java:logGet(46)) - raft.server.log.segment.size.max = 4194304 (custom)
2024-04-26 07:45:15,944 [om1-impl-thread1] INFO  server.RaftServerConfigKeys (ConfUtils.java:logGet(46)) - raft.server.log.preallocated.size = 4194304 (custom)
2024-04-26 07:45:15,944 [om1-impl-thread1] INFO  server.RaftServerConfigKeys (ConfUtils.java:logGet(46)) - raft.server.log.force.sync.num = 128 (default)
2024-04-26 07:45:15,944 [om1-impl-thread1] INFO  server.RaftServerConfigKeys (ConfUtils.java:logGet(46)) - raft.server.log.statemachine.data.sync = true (default)
2024-04-26 07:45:15,944 [om1-impl-thread1] INFO  server.RaftServerConfigKeys (ConfUtils.java:logGet(46)) - raft.server.log.statemachine.data.sync.timeout = 10s (default)
2024-04-26 07:45:15,944 [om1-impl-thread1] INFO  server.RaftServerConfigKeys (ConfUtils.java:logGet(46)) - raft.server.log.statemachine.data.sync.timeout.retry = -1 (default)
2024-04-26 07:45:15,944 [om1-impl-thread1] INFO  server.RaftServerConfigKeys (ConfUtils.java:logGet(46)) - raft.server.log.write.buffer.size = 4194312 (custom)
2024-04-26 07:45:15,945 [om1-impl-thread1] INFO  server.RaftServerConfigKeys (ConfUtils.java:logGet(46)) - raft.server.log.appender.buffer.byte-limit = 4194304 (custom)
2024-04-26 07:45:15,945 [om1-impl-thread1] INFO  server.RaftServerConfigKeys (ConfUtils.java:logGet(46)) - raft.server.log.unsafe-flush.enabled = false (default)
2024-04-26 07:45:15,945 [om1-impl-thread1] INFO  server.RaftServerConfigKeys (ConfUtils.java:logGet(46)) - raft.server.log.async-flush.enabled = false (default)
2024-04-26 07:45:15,945 [om1-impl-thread1] INFO  server.RaftServerConfigKeys (ConfUtils.java:logGet(46)) - raft.server.log.statemachine.data.caching.enabled = false (default)
2024-04-26 07:45:15,945 [om1-impl-thread1] INFO  segmented.SegmentedRaftLogWorker (SegmentedRaftLogWorker.java:lambda$new$0(134)) - om1@group-C5BA1605619E-SegmentedRaftLogWorker: flushIndex: setUnconditionally 0 -> -1
2024-04-26 07:45:15,945 [om1-impl-thread1] INFO  segmented.SegmentedRaftLogWorker (SegmentedRaftLogWorker.java:lambda$new$0(134)) - om1@group-C5BA1605619E-SegmentedRaftLogWorker: safeCacheEvictIndex: setUnconditionally 0 -> -1
2024-04-26 07:45:15,945 [om1-impl-thread1] INFO  server.RaftServer$Division (RaftServerImpl.java:start(396)) - om1@group-C5BA1605619E: start as a follower, conf=-1: peers:[om1|localhost:15363]|listeners:[], old=null
2024-04-26 07:45:15,945 [om1-impl-thread1] INFO  server.RaftServer$Division (RaftServerImpl.java:setRole(383)) - om1@group-C5BA1605619E: changes role from      null to FOLLOWER at term 0 for startAsFollower
2024-04-26 07:45:15,945 [om1-impl-thread1] INFO  impl.RoleInfo (RoleInfo.java:updateAndGet(139)) - om1: start om1@group-C5BA1605619E-FollowerState
2024-04-26 07:45:15,945 [om1-impl-thread1] INFO  util.JmxRegister (JmxRegister.java:tryRegister(44)) - Successfully registered JMX Bean with object name Ratis:service=RaftServer,group=group-C5BA1605619E,id=om1
2024-04-26 07:45:15,945 [om1@group-C5BA1605619E-FollowerState] INFO  server.RaftServerConfigKeys (ConfUtils.java:logFallback(53)) - raft.server.rpc.first-election.timeout.min = 1s (fallback to raft.server.rpc.timeout.min)
2024-04-26 07:45:15,946 [om1-impl-thread1] INFO  server.RaftServerConfigKeys (ConfUtils.java:logGet(46)) - raft.server.snapshot.trigger-when-stop.enabled = true (default)
2024-04-26 07:45:15,946 [om1@group-C5BA1605619E-FollowerState] INFO  server.RaftServerConfigKeys (ConfUtils.java:logFallback(53)) - raft.server.rpc.first-election.timeout.max = 1200ms (fallback to raft.server.rpc.timeout.max)
2024-04-26 07:45:15,946 [om1-impl-thread1] INFO  server.RaftServerConfigKeys (ConfUtils.java:logGet(46)) - raft.server.snapshot.auto.trigger.enabled = true (custom)
2024-04-26 07:45:15,946 [om1-impl-thread1] INFO  server.RaftServerConfigKeys (ConfUtils.java:logGet(46)) - raft.server.snapshot.auto.trigger.threshold = 400000 (default)
2024-04-26 07:45:15,946 [om1-impl-thread1] INFO  server.RaftServerConfigKeys (ConfUtils.java:logGet(46)) - raft.server.snapshot.retention.file.num = -1 (default)
2024-04-26 07:45:15,946 [om1-impl-thread1] INFO  server.RaftServerConfigKeys (ConfUtils.java:logGet(46)) - raft.server.log.purge.upto.snapshot.index = true (custom)
2024-04-26 07:45:15,946 [main] INFO  server.RaftServer (RaftServerProxy.java:startImpl(406)) - om1: start RPC server
2024-04-26 07:45:15,947 [main] INFO  server.GrpcService (GrpcService.java:startImpl(302)) - om1: GrpcService started, listening on 15363
2024-04-26 07:45:15,947 [JvmPauseMonitor45] INFO  util.JvmPauseMonitor (JvmPauseMonitor.java:run(146)) - JvmPauseMonitor-om1: Started
2024-04-26 07:45:15,947 [main] INFO  om.OzoneManager (OzoneManager.java:start(1665)) - Version File has different layout version (6) than OM DB (null). That is expected if this OM has never been finalized to a newer layout version.
2024-04-26 07:45:15,950 [main] INFO  client.ScmTopologyClient (ScmTopologyClient.java:start(72)) - Initial network topology fetched from SCM: /.
2024-04-26 07:45:15,950 [main] INFO  net.NodeSchemaLoader (NodeSchemaLoader.java:loadSchemaFromFile(129)) - Loading schema from [file:/home/runner/work/ozone/ozone/hadoop-hdds/common/target/classes/network-topology-default.xml]
2024-04-26 07:45:15,950 [main] INFO  net.NodeSchemaLoader (NodeSchemaLoader.java:loadSchema(176)) - Loading network topology layer schema file
2024-04-26 07:45:15,958 [main] INFO  http.BaseHttpServer (BaseHttpServer.java:newHttpServer2BuilderForOzone(223)) - Starting Web-server for ozoneManager at: http://0.0.0.0:15361
2024-04-26 07:45:15,958 [main] INFO  http.BaseHttpServer (BaseHttpServer.java:<init>(110)) - Hadoop Security Enabled: false Ozone Security Enabled: false Ozone HTTP Security Enabled: false 
2024-04-26 07:45:15,959 [main] WARN  server.AuthenticationFilter (AuthenticationFilter.java:constructSecretProvider(240)) - Unable to initialize FileSignerSecretProvider, falling back to use random secrets. Reason: Could not read signature secret file: /home/runner/hadoop-http-auth-signature-secret
2024-04-26 07:45:15,959 [main] INFO  http.HttpRequestLog (HttpRequestLog.java:getRequestLog(86)) - Http request log for http.requests.ozoneManager is not defined
2024-04-26 07:45:15,960 [main] INFO  http.HttpServer2 (HttpServer2.java:addGlobalFilter(1036)) - Added global filter 'safety' (class=org.apache.hadoop.hdds.server.http.HttpServer2$QuotingInputFilter)
2024-04-26 07:45:15,960 [main] INFO  http.HttpServer2 (HttpServer2.java:addFilter(1012)) - Added filter static_user_filter (class=org.apache.hadoop.http.lib.StaticUserWebFilter$StaticUserFilter) to context ozoneManager
2024-04-26 07:45:15,961 [main] INFO  http.HttpServer2 (HttpServer2.java:addFilter(1020)) - Added filter static_user_filter (class=org.apache.hadoop.http.lib.StaticUserWebFilter$StaticUserFilter) to context static
2024-04-26 07:45:15,961 [main] INFO  http.HttpServer2 (HttpServer2.java:addFilter(1020)) - Added filter static_user_filter (class=org.apache.hadoop.http.lib.StaticUserWebFilter$StaticUserFilter) to context logs
2024-04-26 07:45:15,961 [main] INFO  http.BaseHttpServer (BaseHttpServer.java:<init>(189)) - HTTP server of ozoneManager uses base directory /home/runner/work/ozone/ozone/hadoop-ozone/integration-test/target/test-dir/MiniOzoneClusterImpl-f8a85056-d908-4111-b8ec-0d6f55fc62ea/ozone-meta/webserver
2024-04-26 07:45:15,961 [main] INFO  http.HttpServer2 (HttpServer2.java:bindListener(1236)) - Jetty bound to port 15361
2024-04-26 07:45:15,961 [main] INFO  server.Server (Server.java:doStart(375)) - jetty-9.4.53.v20231009; built: 2023-10-09T12:29:09.265Z; git: 27bde00a0b95a1d5bbee0eae7984f891d2d0f8c9; jvm 17.0.10+7
2024-04-26 07:45:15,962 [main] INFO  server.session (DefaultSessionIdManager.java:doStart(334)) - DefaultSessionIdManager workerName=node0
2024-04-26 07:45:15,962 [main] INFO  server.session (DefaultSessionIdManager.java:doStart(339)) - No SessionScavenger set, using defaults
2024-04-26 07:45:15,962 [main] INFO  server.session (HouseKeeper.java:startScavenging(132)) - node0 Scavenging every 660000ms
2024-04-26 07:45:15,963 [main] INFO  handler.ContextHandler (ContextHandler.java:doStart(921)) - Started o.e.j.s.ServletContextHandler@125490ea{logs,/logs,file:///home/runner/work/ozone/ozone/hadoop-ozone/integration-test/target/log,AVAILABLE}
2024-04-26 07:45:15,963 [main] INFO  handler.ContextHandler (ContextHandler.java:doStart(921)) - Started o.e.j.s.ServletContextHandler@28e04625{static,/static,file:///home/runner/work/ozone/ozone/hadoop-ozone/integration-test/target/test-classes/webapps/static,AVAILABLE}
2024-04-26 07:45:15,966 [main] INFO  handler.ContextHandler (ContextHandler.java:doStart(921)) - Started o.e.j.w.WebAppContext@f233eb6{ozoneManager,/,file:///home/runner/work/ozone/ozone/hadoop-ozone/integration-test/target/test-classes/webapps/ozoneManager/,AVAILABLE}{file:/home/runner/work/ozone/ozone/hadoop-ozone/integration-test/target/test-classes/webapps/ozoneManager}
2024-04-26 07:45:15,966 [main] INFO  server.AbstractConnector (AbstractConnector.java:doStart(333)) - Started ServerConnector@3c31c0c8{HTTP/1.1, (http/1.1)}{0.0.0.0:15361}
2024-04-26 07:45:15,966 [main] INFO  server.Server (Server.java:doStart(415)) - Started @139675ms
2024-04-26 07:45:15,966 [main] WARN  impl.MetricsSystemImpl (MetricsSystemImpl.java:register(279)) - Sink prometheus already exists!
2024-04-26 07:45:15,967 [main] INFO  http.BaseHttpServer (BaseHttpServer.java:updateConnectorAddress(354)) - HTTP server of ozoneManager listening at http://0.0.0.0:15361
2024-04-26 07:45:15,967 [IPC Server Responder] INFO  ipc.Server (Server.java:run(1562)) - IPC Server Responder: starting
2024-04-26 07:45:15,968 [IPC Server listener on 15360] INFO  ipc.Server (Server.java:run(1402)) - IPC Server listener on 15360: starting
2024-04-26 07:45:15,974 [main] INFO  om.OzoneManager (OzoneManager.java:startTrashEmptier(2121)) - Trash Interval set to 0. Files deleted won't move to trash
2024-04-26 07:45:15,986 [main] WARN  dropwizard3.Dm3MetricRegistriesImpl (Dm3MetricRegistriesImpl.java:addReporterRegistration(113)) - New reporters are added after registries were created. Some metrics will be missing from the reporter. Please add reporter before adding any new registry.
2024-04-26 07:45:15,986 [main] WARN  dropwizard3.Dm3MetricRegistriesImpl (Dm3MetricRegistriesImpl.java:addReporterRegistration(113)) - New reporters are added after registries were created. Some metrics will be missing from the reporter. Please add reporter before adding any new registry.
2024-04-26 07:45:15,986 [main] INFO  impl.MetricsSystemImpl (MetricsSystemImpl.java:init(158)) - HddsDatanode metrics system started (again)
2024-04-26 07:45:15,994 [main] INFO  ozone.HddsDatanodeService (HddsDatanodeService.java:start(240)) - HddsDatanodeService host:fv-az1107-628.5an5qfagtveezn4vzio0gr3jze.ex.internal.cloudapp.net ip:10.1.0.12
2024-04-26 07:45:16,009 [main] INFO  upgrade.AbstractLayoutVersionManager (AbstractLayoutVersionManager.java:init(83)) - Initializing Layout version manager with metadata layout = HADOOP_PRC_PORTS_IN_DATANODEDETAILS (version = 7), software layout = HADOOP_PRC_PORTS_IN_DATANODEDETAILS (version = 7)
2024-04-26 07:45:16,009 [main] INFO  statemachine.DatanodeStateMachine (DatanodeStateMachine.java:getEndPointTaskThreadPoolSize(299)) - Datanode State Machine Task Thread Pool size 2
2024-04-26 07:45:16,010 [main] INFO  volume.HddsVolume (HddsVolume.java:<init>(126)) - Creating HddsVolume: /home/runner/work/ozone/ozone/hadoop-ozone/integration-test/target/test-dir/MiniOzoneClusterImpl-f8a85056-d908-4111-b8ec-0d6f55fc62ea/ozone-meta/datanode-1/data-0/hdds of storage type : DISK capacity : 9223372036854775807
2024-04-26 07:45:16,010 [main] INFO  volume.MutableVolumeSet (MutableVolumeSet.java:initializeVolumeSet(173)) - Added Volume : /home/runner/work/ozone/ozone/hadoop-ozone/integration-test/target/test-dir/MiniOzoneClusterImpl-f8a85056-d908-4111-b8ec-0d6f55fc62ea/ozone-meta/datanode-1/data-0/hdds to VolumeSet
2024-04-26 07:45:16,011 [main] INFO  volume.MutableVolumeSet (MutableVolumeSet.java:initializeVolumeSet(173)) - Added Volume : /home/runner/work/ozone/ozone/hadoop-ozone/integration-test/target/test-dir/MiniOzoneClusterImpl-f8a85056-d908-4111-b8ec-0d6f55fc62ea/ozone-meta/datanode-1/ratis to VolumeSet
2024-04-26 07:45:16,011 [main] INFO  ozoneimpl.OzoneContainer (HddsVolumeUtil.java:loadAllHddsVolumeDbStore(103)) - Load 1 volumes DbStore cost: 0ms
2024-04-26 07:45:16,012 [main] INFO  server.RaftServer (ConfUtils.java:logGet(46)) - raft.rpc.type = GRPC (default)
2024-04-26 07:45:16,013 [main] INFO  grpc.GrpcConfigKeys (ConfUtils.java:logFallback(53)) - raft.grpc.admin.host = null (fallback to raft.grpc.server.host)
2024-04-26 07:45:16,013 [main] INFO  grpc.GrpcConfigKeys (ConfUtils.java:logGet(46)) - raft.grpc.admin.port = 15369 (custom)
2024-04-26 07:45:16,013 [main] INFO  grpc.GrpcConfigKeys (ConfUtils.java:logFallback(53)) - raft.grpc.client.host = null (fallback to raft.grpc.server.host)
2024-04-26 07:45:16,013 [main] INFO  grpc.GrpcConfigKeys (ConfUtils.java:logGet(46)) - raft.grpc.client.port = 15368 (custom)
2024-04-26 07:45:16,013 [main] INFO  grpc.GrpcConfigKeys (ConfUtils.java:logGet(46)) - raft.grpc.server.host = null (default)
2024-04-26 07:45:16,013 [main] INFO  grpc.GrpcConfigKeys (ConfUtils.java:logGet(46)) - raft.grpc.server.port = 15370 (custom)
2024-04-26 07:45:16,013 [main] INFO  server.GrpcService (ConfUtils.java:logGet(46)) - raft.grpc.message.size.max = 32MB (=33554432) (custom)
2024-04-26 07:45:16,013 [main] INFO  server.RaftServerConfigKeys (ConfUtils.java:logGet(46)) - raft.server.log.appender.buffer.byte-limit = 8388608 (custom)
2024-04-26 07:45:16,013 [main] INFO  server.GrpcService (ConfUtils.java:logGet(46)) - raft.grpc.flow.control.window = 5MB (=5242880) (custom)
2024-04-26 07:45:16,013 [main] INFO  server.RaftServerConfigKeys (ConfUtils.java:logGet(46)) - raft.server.rpc.request.timeout = 3000ms (default)
2024-04-26 07:45:16,013 [main] INFO  grpc.GrpcConfigKeys (ConfUtils.java:logGet(46)) - raft.grpc.server.heartbeat.channel = true (default)
2024-04-26 07:45:16,014 [main] INFO  grpc.GrpcConfigKeys (ConfUtils.java:logGet(46)) - raft.grpc.server.async.request.thread.pool.cached = true (default)
2024-04-26 07:45:16,014 [main] INFO  grpc.GrpcConfigKeys (ConfUtils.java:logGet(46)) - raft.grpc.server.async.request.thread.pool.size = 32 (default)
2024-04-26 07:45:16,015 [main] INFO  impl.DataStreamServerImpl (ConfUtils.java:logGet(46)) - raft.datastream.type = NETTY (custom)
2024-04-26 07:45:16,015 [main] INFO  server.RaftServerConfigKeys (ConfUtils.java:logGet(46)) - raft.server.data-stream.async.request.thread.pool.cached = false (default)
2024-04-26 07:45:16,015 [main] INFO  server.RaftServerConfigKeys (ConfUtils.java:logGet(46)) - raft.server.data-stream.async.request.thread.pool.size = 20 (custom)
2024-04-26 07:45:16,015 [main] INFO  server.RaftServerConfigKeys (ConfUtils.java:logGet(46)) - raft.server.data-stream.async.write.thread.pool.size = 16 (default)
2024-04-26 07:45:16,016 [main] INFO  netty.NettyConfigKeys$DataStream (ConfUtils.java:logGet(46)) - raft.netty.dataStream.server.channel.inactive.grace-period = 10min (default)
2024-04-26 07:45:16,016 [main] INFO  server.RaftServerConfigKeys (ConfUtils.java:logGet(46)) - raft.server.data-stream.client.pool.size = 10 (default)
2024-04-26 07:45:16,016 [main] INFO  netty.NettyConfigKeys$DataStream (ConfUtils.java:logGet(46)) - raft.netty.dataStream.server.use-epoll = true (default)
2024-04-26 07:45:16,016 [main] INFO  netty.NettyConfigKeys$DataStream (ConfUtils.java:logGet(46)) - raft.netty.dataStream.server.boss-group.size = 0 (default)
2024-04-26 07:45:16,016 [main] INFO  netty.NettyUtils (NettyUtils.java:newEventLoopGroup(69)) - Create EpollEventLoopGroup for f684478f-b568-4af5-8d70-73cde96e1eae-NettyServerStreamRpc-bossGroup; Thread size is 0.
2024-04-26 07:45:16,016 [main] INFO  netty.NettyConfigKeys$DataStream (ConfUtils.java:logGet(46)) - raft.netty.dataStream.server.worker-group.size = 0 (default)
2024-04-26 07:45:16,016 [main] INFO  netty.NettyUtils (NettyUtils.java:newEventLoopGroup(69)) - Create EpollEventLoopGroup for f684478f-b568-4af5-8d70-73cde96e1eae-NettyServerStreamRpc-workerGroup; Thread size is 0.
2024-04-26 07:45:16,016 [main] INFO  netty.NettyConfigKeys$DataStream (ConfUtils.java:logGet(46)) - raft.netty.dataStream.server.tls.conf = null (default)
2024-04-26 07:45:16,017 [main] INFO  netty.NettyConfigKeys$DataStream (ConfUtils.java:logGet(46)) - raft.netty.dataStream.host = null (default)
2024-04-26 07:45:16,017 [main] INFO  netty.NettyConfigKeys$DataStream (ConfUtils.java:logGet(46)) - raft.netty.dataStream.port = 15371 (custom)
2024-04-26 07:45:16,017 [main] INFO  server.RaftServerConfigKeys (ConfUtils.java:logGet(46)) - raft.server.sleep.deviation.threshold = 300ms (default)
2024-04-26 07:45:16,017 [main] INFO  server.RaftServerConfigKeys (ConfUtils.java:logGet(46)) - raft.server.close.threshold = 60s (default)
2024-04-26 07:45:16,017 [main] INFO  server.RaftServerConfigKeys (ConfUtils.java:logGet(46)) - raft.server.leaderelection.leader.step-down.wait-time = 10s (default)
2024-04-26 07:45:16,017 [f684478f-b568-4af5-8d70-73cde96e1eae-NettyServerStreamRpc-bossGroup--thread1] INFO  logging.LoggingHandler (AbstractInternalLogger.java:log(148)) - [id: 0x870178ef] REGISTERED
2024-04-26 07:45:16,017 [main] INFO  server.RaftServerConfigKeys (ConfUtils.java:logGet(46)) - raft.server.storage.dir = [/home/runner/work/ozone/ozone/hadoop-ozone/integration-test/target/test-dir/MiniOzoneClusterImpl-f8a85056-d908-4111-b8ec-0d6f55fc62ea/ozone-meta/datanode-1/ratis] (custom)
2024-04-26 07:45:16,018 [main] INFO  server.RaftServerConfigKeys (ConfUtils.java:logGet(46)) - raft.server.threadpool.proxy.cached = true (default)
2024-04-26 07:45:16,018 [main] INFO  server.RaftServerConfigKeys (ConfUtils.java:logGet(46)) - raft.server.threadpool.proxy.size = 0 (default)
2024-04-26 07:45:16,018 [f684478f-b568-4af5-8d70-73cde96e1eae-NettyServerStreamRpc-bossGroup--thread1] INFO  logging.LoggingHandler (AbstractInternalLogger.java:log(148)) - [id: 0x870178ef] BIND: 0.0.0.0/0.0.0.0:15371
2024-04-26 07:45:16,018 [f684478f-b568-4af5-8d70-73cde96e1eae-NettyServerStreamRpc-bossGroup--thread1] INFO  logging.LoggingHandler (AbstractInternalLogger.java:log(148)) - [id: 0x870178ef, L:/0.0.0.0:15371] ACTIVE
2024-04-26 07:45:16,021 [f684478f-b568-4af5-8d70-73cde96e1eae-impl-thread1] INFO  server.RaftServer (RaftServerProxy.java:initGroupDir(264)) - f684478f-b568-4af5-8d70-73cde96e1eae: found a subdirectory /home/runner/work/ozone/ozone/hadoop-ozone/integration-test/target/test-dir/MiniOzoneClusterImpl-f8a85056-d908-4111-b8ec-0d6f55fc62ea/ozone-meta/datanode-1/ratis/tmp
2024-04-26 07:45:16,021 [f684478f-b568-4af5-8d70-73cde96e1eae-impl-thread1] INFO  server.RaftServer (RaftServerProxy.java:initGroupDir(269)) - f684478f-b568-4af5-8d70-73cde96e1eae: The directory /home/runner/work/ozone/ozone/hadoop-ozone/integration-test/target/test-dir/MiniOzoneClusterImpl-f8a85056-d908-4111-b8ec-0d6f55fc62ea/ozone-meta/datanode-1/ratis/tmp is not a group directory; ignoring it. 
2024-04-26 07:45:16,021 [main] INFO  replication.ReplicationServer (ReplicationServer.java:<init>(86)) - Initializing replication server with thread count = 10 queue length = 4096
2024-04-26 07:45:16,022 [main] INFO  server.XceiverServerGrpc (XceiverServerGrpc.java:<init>(141)) - GrpcServer channel type EpollServerSocketChannel
2024-04-26 07:45:16,022 [main] INFO  replication.ReplicationSupervisor (ReplicationSupervisor.java:build(157)) - Initializing replication supervisor with thread count = 10
2024-04-26 07:45:16,023 [main] INFO  replication.ReplicationSupervisor (ReplicationSupervisor.java:nodeStateUpdated(312)) - Node state updated to IN_SERVICE, scaling executor pool size to 10
2024-04-26 07:45:16,024 [main] INFO  http.BaseHttpServer (BaseHttpServer.java:newHttpServer2BuilderForOzone(223)) - Starting Web-server for hddsDatanode at: http://0.0.0.0:15365
2024-04-26 07:45:16,024 [main] INFO  http.BaseHttpServer (BaseHttpServer.java:<init>(110)) - Hadoop Security Enabled: false Ozone Security Enabled: false Ozone HTTP Security Enabled: false 
2024-04-26 07:45:16,025 [main] WARN  server.AuthenticationFilter (AuthenticationFilter.java:constructSecretProvider(240)) - Unable to initialize FileSignerSecretProvider, falling back to use random secrets. Reason: Could not read signature secret file: /home/runner/hadoop-http-auth-signature-secret
2024-04-26 07:45:16,028 [main] INFO  http.HttpRequestLog (HttpRequestLog.java:getRequestLog(86)) - Http request log for http.requests.hddsDatanode is not defined
2024-04-26 07:45:16,029 [main] INFO  http.HttpServer2 (HttpServer2.java:addGlobalFilter(1036)) - Added global filter 'safety' (class=org.apache.hadoop.hdds.server.http.HttpServer2$QuotingInputFilter)
2024-04-26 07:45:16,030 [main] INFO  http.HttpServer2 (HttpServer2.java:addFilter(1012)) - Added filter static_user_filter (class=org.apache.hadoop.http.lib.StaticUserWebFilter$StaticUserFilter) to context hddsDatanode
2024-04-26 07:45:16,030 [main] INFO  http.HttpServer2 (HttpServer2.java:addFilter(1020)) - Added filter static_user_filter (class=org.apache.hadoop.http.lib.StaticUserWebFilter$StaticUserFilter) to context static
2024-04-26 07:45:16,030 [main] INFO  http.HttpServer2 (HttpServer2.java:addFilter(1020)) - Added filter static_user_filter (class=org.apache.hadoop.http.lib.StaticUserWebFilter$StaticUserFilter) to context logs
2024-04-26 07:45:16,030 [main] INFO  http.BaseHttpServer (BaseHttpServer.java:<init>(189)) - HTTP server of hddsDatanode uses base directory /home/runner/work/ozone/ozone/hadoop-ozone/integration-test/target/test-dir/MiniOzoneClusterImpl-f8a85056-d908-4111-b8ec-0d6f55fc62ea/ozone-meta/datanode-1/meta/webserver
2024-04-26 07:45:16,030 [main] INFO  http.HttpServer2 (HttpServer2.java:bindListener(1236)) - Jetty bound to port 15365
2024-04-26 07:45:16,031 [main] INFO  server.Server (Server.java:doStart(375)) - jetty-9.4.53.v20231009; built: 2023-10-09T12:29:09.265Z; git: 27bde00a0b95a1d5bbee0eae7984f891d2d0f8c9; jvm 17.0.10+7
2024-04-26 07:45:16,031 [main] INFO  server.session (DefaultSessionIdManager.java:doStart(334)) - DefaultSessionIdManager workerName=node0
2024-04-26 07:45:16,032 [main] INFO  server.session (DefaultSessionIdManager.java:doStart(339)) - No SessionScavenger set, using defaults
2024-04-26 07:45:16,032 [main] INFO  server.session (HouseKeeper.java:startScavenging(132)) - node0 Scavenging every 660000ms
2024-04-26 07:45:16,032 [main] INFO  handler.ContextHandler (ContextHandler.java:doStart(921)) - Started o.e.j.s.ServletContextHandler@4f3db580{logs,/logs,file:///home/runner/work/ozone/ozone/hadoop-ozone/integration-test/target/log,AVAILABLE}
2024-04-26 07:45:16,032 [main] INFO  handler.ContextHandler (ContextHandler.java:doStart(921)) - Started o.e.j.s.ServletContextHandler@45153059{static,/static,file:///home/runner/work/ozone/ozone/hadoop-hdds/container-service/target/classes/webapps/static,AVAILABLE}
2024-04-26 07:45:16,035 [main] INFO  handler.ContextHandler (ContextHandler.java:doStart(921)) - Started o.e.j.w.WebAppContext@668d9b0{hddsDatanode,/,file:///home/runner/work/ozone/ozone/hadoop-hdds/container-service/target/classes/webapps/hddsDatanode/,AVAILABLE}{file:/home/runner/work/ozone/ozone/hadoop-hdds/container-service/target/classes/webapps/hddsDatanode}
2024-04-26 07:45:16,035 [main] INFO  server.AbstractConnector (AbstractConnector.java:doStart(333)) - Started ServerConnector@5c38ab84{HTTP/1.1, (http/1.1)}{0.0.0.0:15365}
2024-04-26 07:45:16,036 [main] INFO  server.Server (Server.java:doStart(415)) - Started @139744ms
2024-04-26 07:45:16,036 [main] WARN  impl.MetricsSystemImpl (MetricsSystemImpl.java:register(279)) - Sink prometheus already exists!
2024-04-26 07:45:16,036 [main] INFO  http.BaseHttpServer (BaseHttpServer.java:updateConnectorAddress(354)) - HTTP server of hddsDatanode listening at http://0.0.0.0:15365
2024-04-26 07:45:16,036 [main] INFO  ipc.CallQueueManager (CallQueueManager.java:<init>(90)) - Using callQueue: class java.util.concurrent.LinkedBlockingQueue, queueCapacity: 100, scheduler: class org.apache.hadoop.ipc.DefaultRpcScheduler, ipcBackoff: false.
2024-04-26 07:45:16,037 [main] INFO  ipc.Server (Server.java:<init>(1287)) - Listener at 0.0.0.0:15366
2024-04-26 07:45:16,037 [Socket Reader #1 for port 15366] INFO  ipc.Server (Server.java:run(1323)) - Starting Socket Reader #1 for port 15366
2024-04-26 07:45:16,041 [main] INFO  ozone.HddsDatanodeService (HddsDatanodeService.java:start(327)) - Datanode start with admins: [runner]
2024-04-26 07:45:16,041 [main] INFO  ozone.HddsDatanodeClientProtocolServer (HddsDatanodeClientProtocolServer.java:start(77)) - RPC server for Client /0.0.0.0:15366
2024-04-26 07:45:16,042 [IPC Server Responder] INFO  ipc.Server (Server.java:run(1562)) - IPC Server Responder: starting
2024-04-26 07:45:16,042 [IPC Server listener on 15366] INFO  ipc.Server (Server.java:run(1402)) - IPC Server listener on 15366: starting
2024-04-26 07:45:16,042 [f684478f-b568-4af5-8d70-73cde96e1eae-DatanodeStateMachineDaemonThread] INFO  statemachine.DatanodeStateMachine (DatanodeStateMachine.java:lambda$startDaemon$1(555)) - Ozone container server started.
2024-04-26 07:45:16,042 [main] WARN  dropwizard3.Dm3MetricRegistriesImpl (Dm3MetricRegistriesImpl.java:addReporterRegistration(113)) - New reporters are added after registries were created. Some metrics will be missing from the reporter. Please add reporter before adding any new registry.
2024-04-26 07:45:16,045 [main] WARN  dropwizard3.Dm3MetricRegistriesImpl (Dm3MetricRegistriesImpl.java:addReporterRegistration(113)) - New reporters are added after registries were created. Some metrics will be missing from the reporter. Please add reporter before adding any new registry.
2024-04-26 07:45:16,045 [main] INFO  impl.MetricsSystemImpl (MetricsSystemImpl.java:init(158)) - HddsDatanode metrics system started (again)
2024-04-26 07:45:16,053 [main] INFO  ozone.HddsDatanodeService (HddsDatanodeService.java:start(240)) - HddsDatanodeService host:fv-az1107-628.5an5qfagtveezn4vzio0gr3jze.ex.internal.cloudapp.net ip:10.1.0.12
2024-04-26 07:45:16,058 [f684478f-b568-4af5-8d70-73cde96e1eae-DatanodeStateMachineTaskThread-0] INFO  datanode.InitDatanodeState (InitDatanodeState.java:persistContainerDatanodeDetails(139)) - DatanodeDetails is persisted to /home/runner/work/ozone/ozone/hadoop-ozone/integration-test/target/test-dir/MiniOzoneClusterImpl-f8a85056-d908-4111-b8ec-0d6f55fc62ea/ozone-meta/datanode-1/meta/datanode.id
2024-04-26 07:45:16,073 [main] INFO  upgrade.AbstractLayoutVersionManager (AbstractLayoutVersionManager.java:init(83)) - Initializing Layout version manager with metadata layout = HADOOP_PRC_PORTS_IN_DATANODEDETAILS (version = 7), software layout = HADOOP_PRC_PORTS_IN_DATANODEDETAILS (version = 7)
2024-04-26 07:45:16,073 [main] INFO  statemachine.DatanodeStateMachine (DatanodeStateMachine.java:getEndPointTaskThreadPoolSize(299)) - Datanode State Machine Task Thread Pool size 2
2024-04-26 07:45:16,074 [main] INFO  volume.HddsVolume (HddsVolume.java:<init>(126)) - Creating HddsVolume: /home/runner/work/ozone/ozone/hadoop-ozone/integration-test/target/test-dir/MiniOzoneClusterImpl-f8a85056-d908-4111-b8ec-0d6f55fc62ea/ozone-meta/datanode-2/data-0/hdds of storage type : DISK capacity : 9223372036854775807
2024-04-26 07:45:16,074 [main] INFO  volume.MutableVolumeSet (MutableVolumeSet.java:initializeVolumeSet(173)) - Added Volume : /home/runner/work/ozone/ozone/hadoop-ozone/integration-test/target/test-dir/MiniOzoneClusterImpl-f8a85056-d908-4111-b8ec-0d6f55fc62ea/ozone-meta/datanode-2/data-0/hdds to VolumeSet
2024-04-26 07:45:16,075 [main] INFO  volume.MutableVolumeSet (MutableVolumeSet.java:initializeVolumeSet(173)) - Added Volume : /home/runner/work/ozone/ozone/hadoop-ozone/integration-test/target/test-dir/MiniOzoneClusterImpl-f8a85056-d908-4111-b8ec-0d6f55fc62ea/ozone-meta/datanode-2/ratis to VolumeSet
2024-04-26 07:45:16,075 [main] INFO  ozoneimpl.OzoneContainer (HddsVolumeUtil.java:loadAllHddsVolumeDbStore(103)) - Load 1 volumes DbStore cost: 0ms
2024-04-26 07:45:16,077 [main] INFO  server.RaftServer (ConfUtils.java:logGet(46)) - raft.rpc.type = GRPC (default)
2024-04-26 07:45:16,077 [main] INFO  grpc.GrpcConfigKeys (ConfUtils.java:logFallback(53)) - raft.grpc.admin.host = null (fallback to raft.grpc.server.host)
2024-04-26 07:45:16,077 [main] INFO  grpc.GrpcConfigKeys (ConfUtils.java:logGet(46)) - raft.grpc.admin.port = 15378 (custom)
2024-04-26 07:45:16,077 [main] INFO  grpc.GrpcConfigKeys (ConfUtils.java:logFallback(53)) - raft.grpc.client.host = null (fallback to raft.grpc.server.host)
2024-04-26 07:45:16,077 [main] INFO  grpc.GrpcConfigKeys (ConfUtils.java:logGet(46)) - raft.grpc.client.port = 15377 (custom)
2024-04-26 07:45:16,077 [main] INFO  grpc.GrpcConfigKeys (ConfUtils.java:logGet(46)) - raft.grpc.server.host = null (default)
2024-04-26 07:45:16,077 [main] INFO  grpc.GrpcConfigKeys (ConfUtils.java:logGet(46)) - raft.grpc.server.port = 15379 (custom)
2024-04-26 07:45:16,078 [main] INFO  server.GrpcService (ConfUtils.java:logGet(46)) - raft.grpc.message.size.max = 32MB (=33554432) (custom)
2024-04-26 07:45:16,078 [main] INFO  server.RaftServerConfigKeys (ConfUtils.java:logGet(46)) - raft.server.log.appender.buffer.byte-limit = 8388608 (custom)
2024-04-26 07:45:16,078 [main] INFO  server.GrpcService (ConfUtils.java:logGet(46)) - raft.grpc.flow.control.window = 5MB (=5242880) (custom)
2024-04-26 07:45:16,078 [main] INFO  server.RaftServerConfigKeys (ConfUtils.java:logGet(46)) - raft.server.rpc.request.timeout = 3000ms (default)
2024-04-26 07:45:16,078 [main] INFO  grpc.GrpcConfigKeys (ConfUtils.java:logGet(46)) - raft.grpc.server.heartbeat.channel = true (default)
2024-04-26 07:45:16,078 [main] INFO  grpc.GrpcConfigKeys (ConfUtils.java:logGet(46)) - raft.grpc.server.async.request.thread.pool.cached = true (default)
2024-04-26 07:45:16,078 [main] INFO  grpc.GrpcConfigKeys (ConfUtils.java:logGet(46)) - raft.grpc.server.async.request.thread.pool.size = 32 (default)
2024-04-26 07:45:16,080 [main] INFO  impl.DataStreamServerImpl (ConfUtils.java:logGet(46)) - raft.datastream.type = NETTY (custom)
2024-04-26 07:45:16,080 [main] INFO  server.RaftServerConfigKeys (ConfUtils.java:logGet(46)) - raft.server.data-stream.async.request.thread.pool.cached = false (default)
2024-04-26 07:45:16,080 [main] INFO  server.RaftServerConfigKeys (ConfUtils.java:logGet(46)) - raft.server.data-stream.async.request.thread.pool.size = 20 (custom)
2024-04-26 07:45:16,080 [main] INFO  server.RaftServerConfigKeys (ConfUtils.java:logGet(46)) - raft.server.data-stream.async.write.thread.pool.size = 16 (default)
2024-04-26 07:45:16,080 [main] INFO  netty.NettyConfigKeys$DataStream (ConfUtils.java:logGet(46)) - raft.netty.dataStream.server.channel.inactive.grace-period = 10min (default)
2024-04-26 07:45:16,080 [main] INFO  server.RaftServerConfigKeys (ConfUtils.java:logGet(46)) - raft.server.data-stream.client.pool.size = 10 (default)
2024-04-26 07:45:16,080 [main] INFO  netty.NettyConfigKeys$DataStream (ConfUtils.java:logGet(46)) - raft.netty.dataStream.server.use-epoll = true (default)
2024-04-26 07:45:16,080 [main] INFO  netty.NettyConfigKeys$DataStream (ConfUtils.java:logGet(46)) - raft.netty.dataStream.server.boss-group.size = 0 (default)
2024-04-26 07:45:16,081 [main] INFO  netty.NettyUtils (NettyUtils.java:newEventLoopGroup(69)) - Create EpollEventLoopGroup for 69327c76-d33b-4896-9f65-b4e7feed79ae-NettyServerStreamRpc-bossGroup; Thread size is 0.
2024-04-26 07:45:16,081 [main] INFO  netty.NettyConfigKeys$DataStream (ConfUtils.java:logGet(46)) - raft.netty.dataStream.server.worker-group.size = 0 (default)
2024-04-26 07:45:16,081 [main] INFO  netty.NettyUtils (NettyUtils.java:newEventLoopGroup(69)) - Create EpollEventLoopGroup for 69327c76-d33b-4896-9f65-b4e7feed79ae-NettyServerStreamRpc-workerGroup; Thread size is 0.
2024-04-26 07:45:16,081 [main] INFO  netty.NettyConfigKeys$DataStream (ConfUtils.java:logGet(46)) - raft.netty.dataStream.server.tls.conf = null (default)
2024-04-26 07:45:16,081 [main] INFO  netty.NettyConfigKeys$DataStream (ConfUtils.java:logGet(46)) - raft.netty.dataStream.host = null (default)
2024-04-26 07:45:16,081 [main] INFO  netty.NettyConfigKeys$DataStream (ConfUtils.java:logGet(46)) - raft.netty.dataStream.port = 15380 (custom)
2024-04-26 07:45:16,082 [main] INFO  server.RaftServerConfigKeys (ConfUtils.java:logGet(46)) - raft.server.sleep.deviation.threshold = 300ms (default)
2024-04-26 07:45:16,082 [main] INFO  server.RaftServerConfigKeys (ConfUtils.java:logGet(46)) - raft.server.close.threshold = 60s (default)
2024-04-26 07:45:16,082 [main] INFO  server.RaftServerConfigKeys (ConfUtils.java:logGet(46)) - raft.server.leaderelection.leader.step-down.wait-time = 10s (default)
2024-04-26 07:45:16,082 [main] INFO  server.RaftServerConfigKeys (ConfUtils.java:logGet(46)) - raft.server.storage.dir = [/home/runner/work/ozone/ozone/hadoop-ozone/integration-test/target/test-dir/MiniOzoneClusterImpl-f8a85056-d908-4111-b8ec-0d6f55fc62ea/ozone-meta/datanode-2/ratis] (custom)
2024-04-26 07:45:16,082 [main] INFO  server.RaftServerConfigKeys (ConfUtils.java:logGet(46)) - raft.server.threadpool.proxy.cached = true (default)
2024-04-26 07:45:16,082 [main] INFO  server.RaftServerConfigKeys (ConfUtils.java:logGet(46)) - raft.server.threadpool.proxy.size = 0 (default)
2024-04-26 07:45:16,082 [69327c76-d33b-4896-9f65-b4e7feed79ae-NettyServerStreamRpc-bossGroup--thread1] INFO  logging.LoggingHandler (AbstractInternalLogger.java:log(148)) - [id: 0xe8ccd4ae] REGISTERED
2024-04-26 07:45:16,082 [69327c76-d33b-4896-9f65-b4e7feed79ae-NettyServerStreamRpc-bossGroup--thread1] INFO  logging.LoggingHandler (AbstractInternalLogger.java:log(148)) - [id: 0xe8ccd4ae] BIND: 0.0.0.0/0.0.0.0:15380
2024-04-26 07:45:16,083 [69327c76-d33b-4896-9f65-b4e7feed79ae-NettyServerStreamRpc-bossGroup--thread1] INFO  logging.LoggingHandler (AbstractInternalLogger.java:log(148)) - [id: 0xe8ccd4ae, L:/0.0.0.0:15380] ACTIVE
2024-04-26 07:45:16,083 [69327c76-d33b-4896-9f65-b4e7feed79ae-impl-thread1] INFO  server.RaftServer (RaftServerProxy.java:initGroupDir(264)) - 69327c76-d33b-4896-9f65-b4e7feed79ae: found a subdirectory /home/runner/work/ozone/ozone/hadoop-ozone/integration-test/target/test-dir/MiniOzoneClusterImpl-f8a85056-d908-4111-b8ec-0d6f55fc62ea/ozone-meta/datanode-2/ratis/tmp
2024-04-26 07:45:16,083 [69327c76-d33b-4896-9f65-b4e7feed79ae-impl-thread1] INFO  server.RaftServer (RaftServerProxy.java:initGroupDir(269)) - 69327c76-d33b-4896-9f65-b4e7feed79ae: The directory /home/runner/work/ozone/ozone/hadoop-ozone/integration-test/target/test-dir/MiniOzoneClusterImpl-f8a85056-d908-4111-b8ec-0d6f55fc62ea/ozone-meta/datanode-2/ratis/tmp is not a group directory; ignoring it. 
2024-04-26 07:45:16,083 [main] INFO  replication.ReplicationServer (ReplicationServer.java:<init>(86)) - Initializing replication server with thread count = 10 queue length = 4096
2024-04-26 07:45:16,084 [main] INFO  server.XceiverServerGrpc (XceiverServerGrpc.java:<init>(141)) - GrpcServer channel type EpollServerSocketChannel
2024-04-26 07:45:16,085 [main] INFO  replication.ReplicationSupervisor (ReplicationSupervisor.java:build(157)) - Initializing replication supervisor with thread count = 10
2024-04-26 07:45:16,085 [main] INFO  replication.ReplicationSupervisor (ReplicationSupervisor.java:nodeStateUpdated(312)) - Node state updated to IN_SERVICE, scaling executor pool size to 10
2024-04-26 07:45:16,086 [main] INFO  http.BaseHttpServer (BaseHttpServer.java:newHttpServer2BuilderForOzone(223)) - Starting Web-server for hddsDatanode at: http://0.0.0.0:15374
2024-04-26 07:45:16,086 [main] INFO  http.BaseHttpServer (BaseHttpServer.java:<init>(110)) - Hadoop Security Enabled: false Ozone Security Enabled: false Ozone HTTP Security Enabled: false 
2024-04-26 07:45:16,087 [main] WARN  server.AuthenticationFilter (AuthenticationFilter.java:constructSecretProvider(240)) - Unable to initialize FileSignerSecretProvider, falling back to use random secrets. Reason: Could not read signature secret file: /home/runner/hadoop-http-auth-signature-secret
2024-04-26 07:45:16,087 [main] INFO  http.HttpRequestLog (HttpRequestLog.java:getRequestLog(86)) - Http request log for http.requests.hddsDatanode is not defined
2024-04-26 07:45:16,088 [main] INFO  http.HttpServer2 (HttpServer2.java:addGlobalFilter(1036)) - Added global filter 'safety' (class=org.apache.hadoop.hdds.server.http.HttpServer2$QuotingInputFilter)
2024-04-26 07:45:16,088 [main] INFO  http.HttpServer2 (HttpServer2.java:addFilter(1012)) - Added filter static_user_filter (class=org.apache.hadoop.http.lib.StaticUserWebFilter$StaticUserFilter) to context hddsDatanode
2024-04-26 07:45:16,088 [main] INFO  http.HttpServer2 (HttpServer2.java:addFilter(1020)) - Added filter static_user_filter (class=org.apache.hadoop.http.lib.StaticUserWebFilter$StaticUserFilter) to context logs
2024-04-26 07:45:16,088 [main] INFO  http.HttpServer2 (HttpServer2.java:addFilter(1020)) - Added filter static_user_filter (class=org.apache.hadoop.http.lib.StaticUserWebFilter$StaticUserFilter) to context static
2024-04-26 07:45:16,088 [main] INFO  http.BaseHttpServer (BaseHttpServer.java:<init>(189)) - HTTP server of hddsDatanode uses base directory /home/runner/work/ozone/ozone/hadoop-ozone/integration-test/target/test-dir/MiniOzoneClusterImpl-f8a85056-d908-4111-b8ec-0d6f55fc62ea/ozone-meta/datanode-2/meta/webserver
2024-04-26 07:45:16,089 [main] INFO  http.HttpServer2 (HttpServer2.java:bindListener(1236)) - Jetty bound to port 15374
2024-04-26 07:45:16,089 [main] INFO  server.Server (Server.java:doStart(375)) - jetty-9.4.53.v20231009; built: 2023-10-09T12:29:09.265Z; git: 27bde00a0b95a1d5bbee0eae7984f891d2d0f8c9; jvm 17.0.10+7
2024-04-26 07:45:16,090 [main] INFO  server.session (DefaultSessionIdManager.java:doStart(334)) - DefaultSessionIdManager workerName=node0
2024-04-26 07:45:16,090 [main] INFO  server.session (DefaultSessionIdManager.java:doStart(339)) - No SessionScavenger set, using defaults
2024-04-26 07:45:16,090 [main] INFO  server.session (HouseKeeper.java:startScavenging(132)) - node0 Scavenging every 660000ms
2024-04-26 07:45:16,090 [main] INFO  handler.ContextHandler (ContextHandler.java:doStart(921)) - Started o.e.j.s.ServletContextHandler@62b67ba{logs,/logs,file:///home/runner/work/ozone/ozone/hadoop-ozone/integration-test/target/log,AVAILABLE}
2024-04-26 07:45:16,090 [main] INFO  handler.ContextHandler (ContextHandler.java:doStart(921)) - Started o.e.j.s.ServletContextHandler@30c6c629{static,/static,file:///home/runner/work/ozone/ozone/hadoop-hdds/container-service/target/classes/webapps/static,AVAILABLE}
2024-04-26 07:45:16,093 [main] INFO  handler.ContextHandler (ContextHandler.java:doStart(921)) - Started o.e.j.w.WebAppContext@7edba571{hddsDatanode,/,file:///home/runner/work/ozone/ozone/hadoop-hdds/container-service/target/classes/webapps/hddsDatanode/,AVAILABLE}{file:/home/runner/work/ozone/ozone/hadoop-hdds/container-service/target/classes/webapps/hddsDatanode}
2024-04-26 07:45:16,093 [main] INFO  server.AbstractConnector (AbstractConnector.java:doStart(333)) - Started ServerConnector@65f345ee{HTTP/1.1, (http/1.1)}{0.0.0.0:15374}
2024-04-26 07:45:16,094 [main] INFO  server.Server (Server.java:doStart(415)) - Started @139802ms
2024-04-26 07:45:16,094 [main] WARN  impl.MetricsSystemImpl (MetricsSystemImpl.java:register(279)) - Sink prometheus already exists!
2024-04-26 07:45:16,094 [main] INFO  http.BaseHttpServer (BaseHttpServer.java:updateConnectorAddress(354)) - HTTP server of hddsDatanode listening at http://0.0.0.0:15374
2024-04-26 07:45:16,094 [main] INFO  ipc.CallQueueManager (CallQueueManager.java:<init>(90)) - Using callQueue: class java.util.concurrent.LinkedBlockingQueue, queueCapacity: 100, scheduler: class org.apache.hadoop.ipc.DefaultRpcScheduler, ipcBackoff: false.
2024-04-26 07:45:16,094 [main] INFO  ipc.Server (Server.java:<init>(1287)) - Listener at 0.0.0.0:15375
2024-04-26 07:45:16,095 [Socket Reader #1 for port 15375] INFO  ipc.Server (Server.java:run(1323)) - Starting Socket Reader #1 for port 15375
2024-04-26 07:45:16,096 [main] INFO  ozone.HddsDatanodeService (HddsDatanodeService.java:start(327)) - Datanode start with admins: [runner]
2024-04-26 07:45:16,096 [main] INFO  ozone.HddsDatanodeClientProtocolServer (HddsDatanodeClientProtocolServer.java:start(77)) - RPC server for Client /0.0.0.0:15375
2024-04-26 07:45:16,096 [IPC Server Responder] INFO  ipc.Server (Server.java:run(1562)) - IPC Server Responder: starting
2024-04-26 07:45:16,096 [IPC Server listener on 15375] INFO  ipc.Server (Server.java:run(1402)) - IPC Server listener on 15375: starting
2024-04-26 07:45:16,096 [69327c76-d33b-4896-9f65-b4e7feed79ae-DatanodeStateMachineDaemonThread] INFO  statemachine.DatanodeStateMachine (DatanodeStateMachine.java:lambda$startDaemon$1(555)) - Ozone container server started.
2024-04-26 07:45:16,096 [main] WARN  dropwizard3.Dm3MetricRegistriesImpl (Dm3MetricRegistriesImpl.java:addReporterRegistration(113)) - New reporters are added after registries were created. Some metrics will be missing from the reporter. Please add reporter before adding any new registry.
2024-04-26 07:45:16,096 [main] WARN  dropwizard3.Dm3MetricRegistriesImpl (Dm3MetricRegistriesImpl.java:addReporterRegistration(113)) - New reporters are added after registries were created. Some metrics will be missing from the reporter. Please add reporter before adding any new registry.
2024-04-26 07:45:16,096 [main] INFO  impl.MetricsSystemImpl (MetricsSystemImpl.java:init(158)) - HddsDatanode metrics system started (again)
2024-04-26 07:45:16,098 [69327c76-d33b-4896-9f65-b4e7feed79ae-DatanodeStateMachineTaskThread-0] INFO  datanode.InitDatanodeState (InitDatanodeState.java:persistContainerDatanodeDetails(139)) - DatanodeDetails is persisted to /home/runner/work/ozone/ozone/hadoop-ozone/integration-test/target/test-dir/MiniOzoneClusterImpl-f8a85056-d908-4111-b8ec-0d6f55fc62ea/ozone-meta/datanode-2/meta/datanode.id
2024-04-26 07:45:16,105 [main] INFO  ozone.HddsDatanodeService (HddsDatanodeService.java:start(240)) - HddsDatanodeService host:fv-az1107-628.5an5qfagtveezn4vzio0gr3jze.ex.internal.cloudapp.net ip:10.1.0.12
2024-04-26 07:45:16,119 [main] INFO  upgrade.AbstractLayoutVersionManager (AbstractLayoutVersionManager.java:init(83)) - Initializing Layout version manager with metadata layout = HADOOP_PRC_PORTS_IN_DATANODEDETAILS (version = 7), software layout = HADOOP_PRC_PORTS_IN_DATANODEDETAILS (version = 7)
2024-04-26 07:45:16,119 [main] INFO  statemachine.DatanodeStateMachine (DatanodeStateMachine.java:getEndPointTaskThreadPoolSize(299)) - Datanode State Machine Task Thread Pool size 2
2024-04-26 07:45:16,120 [main] INFO  volume.HddsVolume (HddsVolume.java:<init>(126)) - Creating HddsVolume: /home/runner/work/ozone/ozone/hadoop-ozone/integration-test/target/test-dir/MiniOzoneClusterImpl-f8a85056-d908-4111-b8ec-0d6f55fc62ea/ozone-meta/datanode-3/data-0/hdds of storage type : DISK capacity : 9223372036854775807
2024-04-26 07:45:16,120 [main] INFO  volume.MutableVolumeSet (MutableVolumeSet.java:initializeVolumeSet(173)) - Added Volume : /home/runner/work/ozone/ozone/hadoop-ozone/integration-test/target/test-dir/MiniOzoneClusterImpl-f8a85056-d908-4111-b8ec-0d6f55fc62ea/ozone-meta/datanode-3/data-0/hdds to VolumeSet
2024-04-26 07:45:16,120 [main] INFO  volume.MutableVolumeSet (MutableVolumeSet.java:initializeVolumeSet(173)) - Added Volume : /home/runner/work/ozone/ozone/hadoop-ozone/integration-test/target/test-dir/MiniOzoneClusterImpl-f8a85056-d908-4111-b8ec-0d6f55fc62ea/ozone-meta/datanode-3/ratis to VolumeSet
2024-04-26 07:45:16,121 [main] INFO  ozoneimpl.OzoneContainer (HddsVolumeUtil.java:loadAllHddsVolumeDbStore(103)) - Load 1 volumes DbStore cost: 0ms
2024-04-26 07:45:16,122 [main] INFO  server.RaftServer (ConfUtils.java:logGet(46)) - raft.rpc.type = GRPC (default)
2024-04-26 07:45:16,122 [main] INFO  grpc.GrpcConfigKeys (ConfUtils.java:logFallback(53)) - raft.grpc.admin.host = null (fallback to raft.grpc.server.host)
2024-04-26 07:45:16,122 [main] INFO  grpc.GrpcConfigKeys (ConfUtils.java:logGet(46)) - raft.grpc.admin.port = 15387 (custom)
2024-04-26 07:45:16,122 [main] INFO  grpc.GrpcConfigKeys (ConfUtils.java:logFallback(53)) - raft.grpc.client.host = null (fallback to raft.grpc.server.host)
2024-04-26 07:45:16,122 [main] INFO  grpc.GrpcConfigKeys (ConfUtils.java:logGet(46)) - raft.grpc.client.port = 15386 (custom)
2024-04-26 07:45:16,122 [main] INFO  grpc.GrpcConfigKeys (ConfUtils.java:logGet(46)) - raft.grpc.server.host = null (default)
2024-04-26 07:45:16,122 [main] INFO  grpc.GrpcConfigKeys (ConfUtils.java:logGet(46)) - raft.grpc.server.port = 15388 (custom)
2024-04-26 07:45:16,123 [main] INFO  server.GrpcService (ConfUtils.java:logGet(46)) - raft.grpc.message.size.max = 32MB (=33554432) (custom)
2024-04-26 07:45:16,123 [main] INFO  server.RaftServerConfigKeys (ConfUtils.java:logGet(46)) - raft.server.log.appender.buffer.byte-limit = 8388608 (custom)
2024-04-26 07:45:16,123 [main] INFO  server.GrpcService (ConfUtils.java:logGet(46)) - raft.grpc.flow.control.window = 5MB (=5242880) (custom)
2024-04-26 07:45:16,123 [main] INFO  server.RaftServerConfigKeys (ConfUtils.java:logGet(46)) - raft.server.rpc.request.timeout = 3000ms (default)
2024-04-26 07:45:16,123 [main] INFO  grpc.GrpcConfigKeys (ConfUtils.java:logGet(46)) - raft.grpc.server.heartbeat.channel = true (default)
2024-04-26 07:45:16,123 [main] INFO  grpc.GrpcConfigKeys (ConfUtils.java:logGet(46)) - raft.grpc.server.async.request.thread.pool.cached = true (default)
2024-04-26 07:45:16,123 [main] INFO  grpc.GrpcConfigKeys (ConfUtils.java:logGet(46)) - raft.grpc.server.async.request.thread.pool.size = 32 (default)
2024-04-26 07:45:16,124 [main] INFO  impl.DataStreamServerImpl (ConfUtils.java:logGet(46)) - raft.datastream.type = NETTY (custom)
2024-04-26 07:45:16,125 [main] INFO  server.RaftServerConfigKeys (ConfUtils.java:logGet(46)) - raft.server.data-stream.async.request.thread.pool.cached = false (default)
2024-04-26 07:45:16,125 [main] INFO  server.RaftServerConfigKeys (ConfUtils.java:logGet(46)) - raft.server.data-stream.async.request.thread.pool.size = 20 (custom)
2024-04-26 07:45:16,125 [main] INFO  server.RaftServerConfigKeys (ConfUtils.java:logGet(46)) - raft.server.data-stream.async.write.thread.pool.size = 16 (default)
2024-04-26 07:45:16,125 [main] INFO  netty.NettyConfigKeys$DataStream (ConfUtils.java:logGet(46)) - raft.netty.dataStream.server.channel.inactive.grace-period = 10min (default)
2024-04-26 07:45:16,125 [main] INFO  server.RaftServerConfigKeys (ConfUtils.java:logGet(46)) - raft.server.data-stream.client.pool.size = 10 (default)
2024-04-26 07:45:16,125 [main] INFO  netty.NettyConfigKeys$DataStream (ConfUtils.java:logGet(46)) - raft.netty.dataStream.server.use-epoll = true (default)
2024-04-26 07:45:16,125 [main] INFO  netty.NettyConfigKeys$DataStream (ConfUtils.java:logGet(46)) - raft.netty.dataStream.server.boss-group.size = 0 (default)
2024-04-26 07:45:16,125 [main] INFO  netty.NettyUtils (NettyUtils.java:newEventLoopGroup(69)) - Create EpollEventLoopGroup for cad2128f-a1ed-4156-bd3d-e0bb4df6aa32-NettyServerStreamRpc-bossGroup; Thread size is 0.
2024-04-26 07:45:16,125 [main] INFO  netty.NettyConfigKeys$DataStream (ConfUtils.java:logGet(46)) - raft.netty.dataStream.server.worker-group.size = 0 (default)
2024-04-26 07:45:16,125 [main] INFO  netty.NettyUtils (NettyUtils.java:newEventLoopGroup(69)) - Create EpollEventLoopGroup for cad2128f-a1ed-4156-bd3d-e0bb4df6aa32-NettyServerStreamRpc-workerGroup; Thread size is 0.
2024-04-26 07:45:16,126 [main] INFO  netty.NettyConfigKeys$DataStream (ConfUtils.java:logGet(46)) - raft.netty.dataStream.server.tls.conf = null (default)
2024-04-26 07:45:16,126 [main] INFO  netty.NettyConfigKeys$DataStream (ConfUtils.java:logGet(46)) - raft.netty.dataStream.host = null (default)
2024-04-26 07:45:16,126 [main] INFO  netty.NettyConfigKeys$DataStream (ConfUtils.java:logGet(46)) - raft.netty.dataStream.port = 15389 (custom)
2024-04-26 07:45:16,126 [main] INFO  server.RaftServerConfigKeys (ConfUtils.java:logGet(46)) - raft.server.sleep.deviation.threshold = 300ms (default)
2024-04-26 07:45:16,126 [main] INFO  server.RaftServerConfigKeys (ConfUtils.java:logGet(46)) - raft.server.close.threshold = 60s (default)
2024-04-26 07:45:16,126 [main] INFO  server.RaftServerConfigKeys (ConfUtils.java:logGet(46)) - raft.server.leaderelection.leader.step-down.wait-time = 10s (default)
2024-04-26 07:45:16,126 [cad2128f-a1ed-4156-bd3d-e0bb4df6aa32-NettyServerStreamRpc-bossGroup--thread1] INFO  logging.LoggingHandler (AbstractInternalLogger.java:log(148)) - [id: 0x176b2802] REGISTERED
2024-04-26 07:45:16,126 [main] INFO  server.RaftServerConfigKeys (ConfUtils.java:logGet(46)) - raft.server.storage.dir = [/home/runner/work/ozone/ozone/hadoop-ozone/integration-test/target/test-dir/MiniOzoneClusterImpl-f8a85056-d908-4111-b8ec-0d6f55fc62ea/ozone-meta/datanode-3/ratis] (custom)
2024-04-26 07:45:16,127 [main] INFO  server.RaftServerConfigKeys (ConfUtils.java:logGet(46)) - raft.server.threadpool.proxy.cached = true (default)
2024-04-26 07:45:16,127 [cad2128f-a1ed-4156-bd3d-e0bb4df6aa32-NettyServerStreamRpc-bossGroup--thread1] INFO  logging.LoggingHandler (AbstractInternalLogger.java:log(148)) - [id: 0x176b2802] BIND: 0.0.0.0/0.0.0.0:15389
2024-04-26 07:45:16,127 [main] INFO  server.RaftServerConfigKeys (ConfUtils.java:logGet(46)) - raft.server.threadpool.proxy.size = 0 (default)
2024-04-26 07:45:16,127 [cad2128f-a1ed-4156-bd3d-e0bb4df6aa32-NettyServerStreamRpc-bossGroup--thread1] INFO  logging.LoggingHandler (AbstractInternalLogger.java:log(148)) - [id: 0x176b2802, L:/0.0.0.0:15389] ACTIVE
2024-04-26 07:45:16,127 [cad2128f-a1ed-4156-bd3d-e0bb4df6aa32-impl-thread1] INFO  server.RaftServer (RaftServerProxy.java:initGroupDir(264)) - cad2128f-a1ed-4156-bd3d-e0bb4df6aa32: found a subdirectory /home/runner/work/ozone/ozone/hadoop-ozone/integration-test/target/test-dir/MiniOzoneClusterImpl-f8a85056-d908-4111-b8ec-0d6f55fc62ea/ozone-meta/datanode-3/ratis/tmp
2024-04-26 07:45:16,127 [cad2128f-a1ed-4156-bd3d-e0bb4df6aa32-impl-thread1] INFO  server.RaftServer (RaftServerProxy.java:initGroupDir(269)) - cad2128f-a1ed-4156-bd3d-e0bb4df6aa32: The directory /home/runner/work/ozone/ozone/hadoop-ozone/integration-test/target/test-dir/MiniOzoneClusterImpl-f8a85056-d908-4111-b8ec-0d6f55fc62ea/ozone-meta/datanode-3/ratis/tmp is not a group directory; ignoring it. 
2024-04-26 07:45:16,127 [main] INFO  replication.ReplicationServer (ReplicationServer.java:<init>(86)) - Initializing replication server with thread count = 10 queue length = 4096
2024-04-26 07:45:16,128 [main] INFO  server.XceiverServerGrpc (XceiverServerGrpc.java:<init>(141)) - GrpcServer channel type EpollServerSocketChannel
2024-04-26 07:45:16,129 [main] INFO  replication.ReplicationSupervisor (ReplicationSupervisor.java:build(157)) - Initializing replication supervisor with thread count = 10
2024-04-26 07:45:16,129 [main] INFO  replication.ReplicationSupervisor (ReplicationSupervisor.java:nodeStateUpdated(312)) - Node state updated to IN_SERVICE, scaling executor pool size to 10
2024-04-26 07:45:16,130 [main] INFO  http.BaseHttpServer (BaseHttpServer.java:newHttpServer2BuilderForOzone(223)) - Starting Web-server for hddsDatanode at: http://0.0.0.0:15383
2024-04-26 07:45:16,130 [main] INFO  http.BaseHttpServer (BaseHttpServer.java:<init>(110)) - Hadoop Security Enabled: false Ozone Security Enabled: false Ozone HTTP Security Enabled: false 
2024-04-26 07:45:16,131 [main] WARN  server.AuthenticationFilter (AuthenticationFilter.java:constructSecretProvider(240)) - Unable to initialize FileSignerSecretProvider, falling back to use random secrets. Reason: Could not read signature secret file: /home/runner/hadoop-http-auth-signature-secret
2024-04-26 07:45:16,131 [main] INFO  http.HttpRequestLog (HttpRequestLog.java:getRequestLog(86)) - Http request log for http.requests.hddsDatanode is not defined
2024-04-26 07:45:16,132 [main] INFO  http.HttpServer2 (HttpServer2.java:addGlobalFilter(1036)) - Added global filter 'safety' (class=org.apache.hadoop.hdds.server.http.HttpServer2$QuotingInputFilter)
2024-04-26 07:45:16,132 [main] INFO  http.HttpServer2 (HttpServer2.java:addFilter(1012)) - Added filter static_user_filter (class=org.apache.hadoop.http.lib.StaticUserWebFilter$StaticUserFilter) to context hddsDatanode
2024-04-26 07:45:16,132 [main] INFO  http.HttpServer2 (HttpServer2.java:addFilter(1020)) - Added filter static_user_filter (class=org.apache.hadoop.http.lib.StaticUserWebFilter$StaticUserFilter) to context logs
2024-04-26 07:45:16,132 [main] INFO  http.HttpServer2 (HttpServer2.java:addFilter(1020)) - Added filter static_user_filter (class=org.apache.hadoop.http.lib.StaticUserWebFilter$StaticUserFilter) to context static
2024-04-26 07:45:16,133 [main] INFO  http.BaseHttpServer (BaseHttpServer.java:<init>(189)) - HTTP server of hddsDatanode uses base directory /home/runner/work/ozone/ozone/hadoop-ozone/integration-test/target/test-dir/MiniOzoneClusterImpl-f8a85056-d908-4111-b8ec-0d6f55fc62ea/ozone-meta/datanode-3/meta/webserver
2024-04-26 07:45:16,133 [main] INFO  http.HttpServer2 (HttpServer2.java:bindListener(1236)) - Jetty bound to port 15383
2024-04-26 07:45:16,133 [main] INFO  server.Server (Server.java:doStart(375)) - jetty-9.4.53.v20231009; built: 2023-10-09T12:29:09.265Z; git: 27bde00a0b95a1d5bbee0eae7984f891d2d0f8c9; jvm 17.0.10+7
2024-04-26 07:45:16,134 [main] INFO  server.session (DefaultSessionIdManager.java:doStart(334)) - DefaultSessionIdManager workerName=node0
2024-04-26 07:45:16,134 [main] INFO  server.session (DefaultSessionIdManager.java:doStart(339)) - No SessionScavenger set, using defaults
2024-04-26 07:45:16,134 [main] INFO  server.session (HouseKeeper.java:startScavenging(132)) - node0 Scavenging every 660000ms
2024-04-26 07:45:16,134 [main] INFO  handler.ContextHandler (ContextHandler.java:doStart(921)) - Started o.e.j.s.ServletContextHandler@742d5736{logs,/logs,file:///home/runner/work/ozone/ozone/hadoop-ozone/integration-test/target/log,AVAILABLE}
2024-04-26 07:45:16,135 [main] INFO  handler.ContextHandler (ContextHandler.java:doStart(921)) - Started o.e.j.s.ServletContextHandler@1f489987{static,/static,file:///home/runner/work/ozone/ozone/hadoop-hdds/container-service/target/classes/webapps/static,AVAILABLE}
2024-04-26 07:45:16,137 [main] INFO  handler.ContextHandler (ContextHandler.java:doStart(921)) - Started o.e.j.w.WebAppContext@75723fe1{hddsDatanode,/,file:///home/runner/work/ozone/ozone/hadoop-hdds/container-service/target/classes/webapps/hddsDatanode/,AVAILABLE}{file:/home/runner/work/ozone/ozone/hadoop-hdds/container-service/target/classes/webapps/hddsDatanode}
2024-04-26 07:45:16,138 [main] INFO  server.AbstractConnector (AbstractConnector.java:doStart(333)) - Started ServerConnector@63d9cd59{HTTP/1.1, (http/1.1)}{0.0.0.0:15383}
2024-04-26 07:45:16,138 [main] INFO  server.Server (Server.java:doStart(415)) - Started @139846ms
2024-04-26 07:45:16,138 [main] WARN  impl.MetricsSystemImpl (MetricsSystemImpl.java:register(279)) - Sink prometheus already exists!
2024-04-26 07:45:16,138 [main] INFO  http.BaseHttpServer (BaseHttpServer.java:updateConnectorAddress(354)) - HTTP server of hddsDatanode listening at http://0.0.0.0:15383
2024-04-26 07:45:16,138 [main] INFO  ipc.CallQueueManager (CallQueueManager.java:<init>(90)) - Using callQueue: class java.util.concurrent.LinkedBlockingQueue, queueCapacity: 100, scheduler: class org.apache.hadoop.ipc.DefaultRpcScheduler, ipcBackoff: false.
2024-04-26 07:45:16,139 [main] INFO  ipc.Server (Server.java:<init>(1287)) - Listener at 0.0.0.0:15384
2024-04-26 07:45:16,139 [Socket Reader #1 for port 15384] INFO  ipc.Server (Server.java:run(1323)) - Starting Socket Reader #1 for port 15384
2024-04-26 07:45:16,140 [main] INFO  ozone.HddsDatanodeService (HddsDatanodeService.java:start(327)) - Datanode start with admins: [runner]
2024-04-26 07:45:16,140 [main] INFO  ozone.HddsDatanodeClientProtocolServer (HddsDatanodeClientProtocolServer.java:start(77)) - RPC server for Client /0.0.0.0:15384
2024-04-26 07:45:16,140 [IPC Server Responder] INFO  ipc.Server (Server.java:run(1562)) - IPC Server Responder: starting
2024-04-26 07:45:16,144 [IPC Server listener on 15384] INFO  ipc.Server (Server.java:run(1402)) - IPC Server listener on 15384: starting
2024-04-26 07:45:16,145 [cad2128f-a1ed-4156-bd3d-e0bb4df6aa32-DatanodeStateMachineDaemonThread] INFO  statemachine.DatanodeStateMachine (DatanodeStateMachine.java:lambda$startDaemon$1(555)) - Ozone container server started.
2024-04-26 07:45:16,145 [main] WARN  dropwizard3.Dm3MetricRegistriesImpl (Dm3MetricRegistriesImpl.java:addReporterRegistration(113)) - New reporters are added after registries were created. Some metrics will be missing from the reporter. Please add reporter before adding any new registry.
2024-04-26 07:45:16,145 [main] WARN  dropwizard3.Dm3MetricRegistriesImpl (Dm3MetricRegistriesImpl.java:addReporterRegistration(113)) - New reporters are added after registries were created. Some metrics will be missing from the reporter. Please add reporter before adding any new registry.
2024-04-26 07:45:16,145 [main] INFO  impl.MetricsSystemImpl (MetricsSystemImpl.java:init(158)) - HddsDatanode metrics system started (again)
2024-04-26 07:45:16,154 [main] INFO  ozone.HddsDatanodeService (HddsDatanodeService.java:start(240)) - HddsDatanodeService host:fv-az1107-628.5an5qfagtveezn4vzio0gr3jze.ex.internal.cloudapp.net ip:10.1.0.12
2024-04-26 07:45:16,154 [cad2128f-a1ed-4156-bd3d-e0bb4df6aa32-DatanodeStateMachineTaskThread-0] INFO  datanode.InitDatanodeState (InitDatanodeState.java:persistContainerDatanodeDetails(139)) - DatanodeDetails is persisted to /home/runner/work/ozone/ozone/hadoop-ozone/integration-test/target/test-dir/MiniOzoneClusterImpl-f8a85056-d908-4111-b8ec-0d6f55fc62ea/ozone-meta/datanode-3/meta/datanode.id
2024-04-26 07:45:16,168 [main] INFO  upgrade.AbstractLayoutVersionManager (AbstractLayoutVersionManager.java:init(83)) - Initializing Layout version manager with metadata layout = HADOOP_PRC_PORTS_IN_DATANODEDETAILS (version = 7), software layout = HADOOP_PRC_PORTS_IN_DATANODEDETAILS (version = 7)
2024-04-26 07:45:16,168 [main] INFO  statemachine.DatanodeStateMachine (DatanodeStateMachine.java:getEndPointTaskThreadPoolSize(299)) - Datanode State Machine Task Thread Pool size 2
2024-04-26 07:45:16,169 [main] INFO  volume.HddsVolume (HddsVolume.java:<init>(126)) - Creating HddsVolume: /home/runner/work/ozone/ozone/hadoop-ozone/integration-test/target/test-dir/MiniOzoneClusterImpl-f8a85056-d908-4111-b8ec-0d6f55fc62ea/ozone-meta/datanode-4/data-0/hdds of storage type : DISK capacity : 9223372036854775807
2024-04-26 07:45:16,170 [main] INFO  volume.MutableVolumeSet (MutableVolumeSet.java:initializeVolumeSet(173)) - Added Volume : /home/runner/work/ozone/ozone/hadoop-ozone/integration-test/target/test-dir/MiniOzoneClusterImpl-f8a85056-d908-4111-b8ec-0d6f55fc62ea/ozone-meta/datanode-4/data-0/hdds to VolumeSet
2024-04-26 07:45:16,170 [main] INFO  volume.MutableVolumeSet (MutableVolumeSet.java:initializeVolumeSet(173)) - Added Volume : /home/runner/work/ozone/ozone/hadoop-ozone/integration-test/target/test-dir/MiniOzoneClusterImpl-f8a85056-d908-4111-b8ec-0d6f55fc62ea/ozone-meta/datanode-4/ratis to VolumeSet
2024-04-26 07:45:16,171 [main] INFO  ozoneimpl.OzoneContainer (HddsVolumeUtil.java:loadAllHddsVolumeDbStore(103)) - Load 1 volumes DbStore cost: 0ms
2024-04-26 07:45:16,172 [main] INFO  server.RaftServer (ConfUtils.java:logGet(46)) - raft.rpc.type = GRPC (default)
2024-04-26 07:45:16,173 [main] INFO  grpc.GrpcConfigKeys (ConfUtils.java:logFallback(53)) - raft.grpc.admin.host = null (fallback to raft.grpc.server.host)
2024-04-26 07:45:16,173 [main] INFO  grpc.GrpcConfigKeys (ConfUtils.java:logGet(46)) - raft.grpc.admin.port = 15396 (custom)
2024-04-26 07:45:16,173 [main] INFO  grpc.GrpcConfigKeys (ConfUtils.java:logFallback(53)) - raft.grpc.client.host = null (fallback to raft.grpc.server.host)
2024-04-26 07:45:16,173 [main] INFO  grpc.GrpcConfigKeys (ConfUtils.java:logGet(46)) - raft.grpc.client.port = 15395 (custom)
2024-04-26 07:45:16,173 [main] INFO  grpc.GrpcConfigKeys (ConfUtils.java:logGet(46)) - raft.grpc.server.host = null (default)
2024-04-26 07:45:16,173 [main] INFO  grpc.GrpcConfigKeys (ConfUtils.java:logGet(46)) - raft.grpc.server.port = 15397 (custom)
2024-04-26 07:45:16,173 [main] INFO  server.GrpcService (ConfUtils.java:logGet(46)) - raft.grpc.message.size.max = 32MB (=33554432) (custom)
2024-04-26 07:45:16,173 [main] INFO  server.RaftServerConfigKeys (ConfUtils.java:logGet(46)) - raft.server.log.appender.buffer.byte-limit = 8388608 (custom)
2024-04-26 07:45:16,173 [main] INFO  server.GrpcService (ConfUtils.java:logGet(46)) - raft.grpc.flow.control.window = 5MB (=5242880) (custom)
2024-04-26 07:45:16,173 [main] INFO  server.RaftServerConfigKeys (ConfUtils.java:logGet(46)) - raft.server.rpc.request.timeout = 3000ms (default)
2024-04-26 07:45:16,174 [main] INFO  grpc.GrpcConfigKeys (ConfUtils.java:logGet(46)) - raft.grpc.server.heartbeat.channel = true (default)
2024-04-26 07:45:16,174 [main] INFO  grpc.GrpcConfigKeys (ConfUtils.java:logGet(46)) - raft.grpc.server.async.request.thread.pool.cached = true (default)
2024-04-26 07:45:16,174 [main] INFO  grpc.GrpcConfigKeys (ConfUtils.java:logGet(46)) - raft.grpc.server.async.request.thread.pool.size = 32 (default)
2024-04-26 07:45:16,175 [main] INFO  impl.DataStreamServerImpl (ConfUtils.java:logGet(46)) - raft.datastream.type = NETTY (custom)
2024-04-26 07:45:16,176 [main] INFO  server.RaftServerConfigKeys (ConfUtils.java:logGet(46)) - raft.server.data-stream.async.request.thread.pool.cached = false (default)
2024-04-26 07:45:16,176 [main] INFO  server.RaftServerConfigKeys (ConfUtils.java:logGet(46)) - raft.server.data-stream.async.request.thread.pool.size = 20 (custom)
2024-04-26 07:45:16,176 [main] INFO  server.RaftServerConfigKeys (ConfUtils.java:logGet(46)) - raft.server.data-stream.async.write.thread.pool.size = 16 (default)
2024-04-26 07:45:16,176 [main] INFO  netty.NettyConfigKeys$DataStream (ConfUtils.java:logGet(46)) - raft.netty.dataStream.server.channel.inactive.grace-period = 10min (default)
2024-04-26 07:45:16,176 [main] INFO  server.RaftServerConfigKeys (ConfUtils.java:logGet(46)) - raft.server.data-stream.client.pool.size = 10 (default)
2024-04-26 07:45:16,176 [main] INFO  netty.NettyConfigKeys$DataStream (ConfUtils.java:logGet(46)) - raft.netty.dataStream.server.use-epoll = true (default)
2024-04-26 07:45:16,176 [main] INFO  netty.NettyConfigKeys$DataStream (ConfUtils.java:logGet(46)) - raft.netty.dataStream.server.boss-group.size = 0 (default)
2024-04-26 07:45:16,176 [main] INFO  netty.NettyUtils (NettyUtils.java:newEventLoopGroup(69)) - Create EpollEventLoopGroup for 007259ab-dd98-41c4-869b-5f1f47ad54d0-NettyServerStreamRpc-bossGroup; Thread size is 0.
2024-04-26 07:45:16,177 [main] INFO  netty.NettyConfigKeys$DataStream (ConfUtils.java:logGet(46)) - raft.netty.dataStream.server.worker-group.size = 0 (default)
2024-04-26 07:45:16,177 [main] INFO  netty.NettyUtils (NettyUtils.java:newEventLoopGroup(69)) - Create EpollEventLoopGroup for 007259ab-dd98-41c4-869b-5f1f47ad54d0-NettyServerStreamRpc-workerGroup; Thread size is 0.
2024-04-26 07:45:16,177 [main] INFO  netty.NettyConfigKeys$DataStream (ConfUtils.java:logGet(46)) - raft.netty.dataStream.server.tls.conf = null (default)
2024-04-26 07:45:16,177 [main] INFO  netty.NettyConfigKeys$DataStream (ConfUtils.java:logGet(46)) - raft.netty.dataStream.host = null (default)
2024-04-26 07:45:16,177 [main] INFO  netty.NettyConfigKeys$DataStream (ConfUtils.java:logGet(46)) - raft.netty.dataStream.port = 15398 (custom)
2024-04-26 07:45:16,177 [main] INFO  server.RaftServerConfigKeys (ConfUtils.java:logGet(46)) - raft.server.sleep.deviation.threshold = 300ms (default)
2024-04-26 07:45:16,178 [main] INFO  server.RaftServerConfigKeys (ConfUtils.java:logGet(46)) - raft.server.close.threshold = 60s (default)
2024-04-26 07:45:16,178 [main] INFO  server.RaftServerConfigKeys (ConfUtils.java:logGet(46)) - raft.server.leaderelection.leader.step-down.wait-time = 10s (default)
2024-04-26 07:45:16,178 [007259ab-dd98-41c4-869b-5f1f47ad54d0-NettyServerStreamRpc-bossGroup--thread1] INFO  logging.LoggingHandler (AbstractInternalLogger.java:log(148)) - [id: 0x1f32987a] REGISTERED
2024-04-26 07:45:16,178 [main] INFO  server.RaftServerConfigKeys (ConfUtils.java:logGet(46)) - raft.server.storage.dir = [/home/runner/work/ozone/ozone/hadoop-ozone/integration-test/target/test-dir/MiniOzoneClusterImpl-f8a85056-d908-4111-b8ec-0d6f55fc62ea/ozone-meta/datanode-4/ratis] (custom)
2024-04-26 07:45:16,178 [main] INFO  server.RaftServerConfigKeys (ConfUtils.java:logGet(46)) - raft.server.threadpool.proxy.cached = true (default)
2024-04-26 07:45:16,178 [main] INFO  server.RaftServerConfigKeys (ConfUtils.java:logGet(46)) - raft.server.threadpool.proxy.size = 0 (default)
2024-04-26 07:45:16,178 [007259ab-dd98-41c4-869b-5f1f47ad54d0-NettyServerStreamRpc-bossGroup--thread1] INFO  logging.LoggingHandler (AbstractInternalLogger.java:log(148)) - [id: 0x1f32987a] BIND: 0.0.0.0/0.0.0.0:15398
2024-04-26 07:45:16,179 [007259ab-dd98-41c4-869b-5f1f47ad54d0-NettyServerStreamRpc-bossGroup--thread1] INFO  logging.LoggingHandler (AbstractInternalLogger.java:log(148)) - [id: 0x1f32987a, L:/0.0.0.0:15398] ACTIVE
2024-04-26 07:45:16,179 [007259ab-dd98-41c4-869b-5f1f47ad54d0-impl-thread1] INFO  server.RaftServer (RaftServerProxy.java:initGroupDir(264)) - 007259ab-dd98-41c4-869b-5f1f47ad54d0: found a subdirectory /home/runner/work/ozone/ozone/hadoop-ozone/integration-test/target/test-dir/MiniOzoneClusterImpl-f8a85056-d908-4111-b8ec-0d6f55fc62ea/ozone-meta/datanode-4/ratis/tmp
2024-04-26 07:45:16,179 [007259ab-dd98-41c4-869b-5f1f47ad54d0-impl-thread1] INFO  server.RaftServer (RaftServerProxy.java:initGroupDir(269)) - 007259ab-dd98-41c4-869b-5f1f47ad54d0: The directory /home/runner/work/ozone/ozone/hadoop-ozone/integration-test/target/test-dir/MiniOzoneClusterImpl-f8a85056-d908-4111-b8ec-0d6f55fc62ea/ozone-meta/datanode-4/ratis/tmp is not a group directory; ignoring it. 
2024-04-26 07:45:16,179 [main] INFO  replication.ReplicationServer (ReplicationServer.java:<init>(86)) - Initializing replication server with thread count = 10 queue length = 4096
2024-04-26 07:45:16,180 [main] INFO  server.XceiverServerGrpc (XceiverServerGrpc.java:<init>(141)) - GrpcServer channel type EpollServerSocketChannel
2024-04-26 07:45:16,181 [main] INFO  replication.ReplicationSupervisor (ReplicationSupervisor.java:build(157)) - Initializing replication supervisor with thread count = 10
2024-04-26 07:45:16,181 [main] INFO  replication.ReplicationSupervisor (ReplicationSupervisor.java:nodeStateUpdated(312)) - Node state updated to IN_SERVICE, scaling executor pool size to 10
2024-04-26 07:45:16,182 [main] INFO  http.BaseHttpServer (BaseHttpServer.java:newHttpServer2BuilderForOzone(223)) - Starting Web-server for hddsDatanode at: http://0.0.0.0:15392
2024-04-26 07:45:16,183 [main] INFO  http.BaseHttpServer (BaseHttpServer.java:<init>(110)) - Hadoop Security Enabled: false Ozone Security Enabled: false Ozone HTTP Security Enabled: false 
2024-04-26 07:45:16,183 [main] WARN  server.AuthenticationFilter (AuthenticationFilter.java:constructSecretProvider(240)) - Unable to initialize FileSignerSecretProvider, falling back to use random secrets. Reason: Could not read signature secret file: /home/runner/hadoop-http-auth-signature-secret
2024-04-26 07:45:16,184 [main] INFO  http.HttpRequestLog (HttpRequestLog.java:getRequestLog(86)) - Http request log for http.requests.hddsDatanode is not defined
2024-04-26 07:45:16,184 [main] INFO  http.HttpServer2 (HttpServer2.java:addGlobalFilter(1036)) - Added global filter 'safety' (class=org.apache.hadoop.hdds.server.http.HttpServer2$QuotingInputFilter)
2024-04-26 07:45:16,185 [main] INFO  http.HttpServer2 (HttpServer2.java:addFilter(1012)) - Added filter static_user_filter (class=org.apache.hadoop.http.lib.StaticUserWebFilter$StaticUserFilter) to context hddsDatanode
2024-04-26 07:45:16,185 [main] INFO  http.HttpServer2 (HttpServer2.java:addFilter(1020)) - Added filter static_user_filter (class=org.apache.hadoop.http.lib.StaticUserWebFilter$StaticUserFilter) to context logs
2024-04-26 07:45:16,185 [main] INFO  http.HttpServer2 (HttpServer2.java:addFilter(1020)) - Added filter static_user_filter (class=org.apache.hadoop.http.lib.StaticUserWebFilter$StaticUserFilter) to context static
2024-04-26 07:45:16,185 [main] INFO  http.BaseHttpServer (BaseHttpServer.java:<init>(189)) - HTTP server of hddsDatanode uses base directory /home/runner/work/ozone/ozone/hadoop-ozone/integration-test/target/test-dir/MiniOzoneClusterImpl-f8a85056-d908-4111-b8ec-0d6f55fc62ea/ozone-meta/datanode-4/meta/webserver
2024-04-26 07:45:16,185 [main] INFO  http.HttpServer2 (HttpServer2.java:bindListener(1236)) - Jetty bound to port 15392
2024-04-26 07:45:16,185 [main] INFO  server.Server (Server.java:doStart(375)) - jetty-9.4.53.v20231009; built: 2023-10-09T12:29:09.265Z; git: 27bde00a0b95a1d5bbee0eae7984f891d2d0f8c9; jvm 17.0.10+7
2024-04-26 07:45:16,186 [main] INFO  server.session (DefaultSessionIdManager.java:doStart(334)) - DefaultSessionIdManager workerName=node0
2024-04-26 07:45:16,186 [main] INFO  server.session (DefaultSessionIdManager.java:doStart(339)) - No SessionScavenger set, using defaults
2024-04-26 07:45:16,187 [main] INFO  server.session (HouseKeeper.java:startScavenging(132)) - node0 Scavenging every 600000ms
2024-04-26 07:45:16,187 [main] INFO  handler.ContextHandler (ContextHandler.java:doStart(921)) - Started o.e.j.s.ServletContextHandler@7839cd7{logs,/logs,file:///home/runner/work/ozone/ozone/hadoop-ozone/integration-test/target/log,AVAILABLE}
2024-04-26 07:45:16,187 [main] INFO  handler.ContextHandler (ContextHandler.java:doStart(921)) - Started o.e.j.s.ServletContextHandler@4ac5bbc8{static,/static,file:///home/runner/work/ozone/ozone/hadoop-hdds/container-service/target/classes/webapps/static,AVAILABLE}
2024-04-26 07:45:16,190 [main] INFO  handler.ContextHandler (ContextHandler.java:doStart(921)) - Started o.e.j.w.WebAppContext@707f68e0{hddsDatanode,/,file:///home/runner/work/ozone/ozone/hadoop-hdds/container-service/target/classes/webapps/hddsDatanode/,AVAILABLE}{file:/home/runner/work/ozone/ozone/hadoop-hdds/container-service/target/classes/webapps/hddsDatanode}
2024-04-26 07:45:16,190 [main] INFO  server.AbstractConnector (AbstractConnector.java:doStart(333)) - Started ServerConnector@539a6ada{HTTP/1.1, (http/1.1)}{0.0.0.0:15392}
2024-04-26 07:45:16,190 [main] INFO  server.Server (Server.java:doStart(415)) - Started @139899ms
2024-04-26 07:45:16,191 [main] WARN  impl.MetricsSystemImpl (MetricsSystemImpl.java:register(279)) - Sink prometheus already exists!
2024-04-26 07:45:16,191 [main] INFO  http.BaseHttpServer (BaseHttpServer.java:updateConnectorAddress(354)) - HTTP server of hddsDatanode listening at http://0.0.0.0:15392
2024-04-26 07:45:16,191 [main] INFO  ipc.CallQueueManager (CallQueueManager.java:<init>(90)) - Using callQueue: class java.util.concurrent.LinkedBlockingQueue, queueCapacity: 100, scheduler: class org.apache.hadoop.ipc.DefaultRpcScheduler, ipcBackoff: false.
2024-04-26 07:45:16,191 [main] INFO  ipc.Server (Server.java:<init>(1287)) - Listener at 0.0.0.0:15393
2024-04-26 07:45:16,192 [Socket Reader #1 for port 15393] INFO  ipc.Server (Server.java:run(1323)) - Starting Socket Reader #1 for port 15393
2024-04-26 07:45:16,193 [main] INFO  ozone.HddsDatanodeService (HddsDatanodeService.java:start(327)) - Datanode start with admins: [runner]
2024-04-26 07:45:16,193 [main] INFO  ozone.HddsDatanodeClientProtocolServer (HddsDatanodeClientProtocolServer.java:start(77)) - RPC server for Client /0.0.0.0:15393
2024-04-26 07:45:16,193 [IPC Server Responder] INFO  ipc.Server (Server.java:run(1562)) - IPC Server Responder: starting
2024-04-26 07:45:16,196 [IPC Server listener on 15393] INFO  ipc.Server (Server.java:run(1402)) - IPC Server listener on 15393: starting
2024-04-26 07:45:16,197 [main] WARN  dropwizard3.Dm3MetricRegistriesImpl (Dm3MetricRegistriesImpl.java:addReporterRegistration(113)) - New reporters are added after registries were created. Some metrics will be missing from the reporter. Please add reporter before adding any new registry.
2024-04-26 07:45:16,197 [main] WARN  dropwizard3.Dm3MetricRegistriesImpl (Dm3MetricRegistriesImpl.java:addReporterRegistration(113)) - New reporters are added after registries were created. Some metrics will be missing from the reporter. Please add reporter before adding any new registry.
2024-04-26 07:45:16,197 [main] INFO  impl.MetricsSystemImpl (MetricsSystemImpl.java:init(158)) - HddsDatanode metrics system started (again)
2024-04-26 07:45:16,197 [007259ab-dd98-41c4-869b-5f1f47ad54d0-DatanodeStateMachineDaemonThread] INFO  statemachine.DatanodeStateMachine (DatanodeStateMachine.java:lambda$startDaemon$1(555)) - Ozone container server started.
2024-04-26 07:45:16,203 [007259ab-dd98-41c4-869b-5f1f47ad54d0-DatanodeStateMachineTaskThread-0] INFO  datanode.InitDatanodeState (InitDatanodeState.java:persistContainerDatanodeDetails(139)) - DatanodeDetails is persisted to /home/runner/work/ozone/ozone/hadoop-ozone/integration-test/target/test-dir/MiniOzoneClusterImpl-f8a85056-d908-4111-b8ec-0d6f55fc62ea/ozone-meta/datanode-4/meta/datanode.id
2024-04-26 07:45:16,207 [main] INFO  ozone.HddsDatanodeService (HddsDatanodeService.java:start(240)) - HddsDatanodeService host:fv-az1107-628.5an5qfagtveezn4vzio0gr3jze.ex.internal.cloudapp.net ip:10.1.0.12
2024-04-26 07:45:16,221 [main] INFO  upgrade.AbstractLayoutVersionManager (AbstractLayoutVersionManager.java:init(83)) - Initializing Layout version manager with metadata layout = HADOOP_PRC_PORTS_IN_DATANODEDETAILS (version = 7), software layout = HADOOP_PRC_PORTS_IN_DATANODEDETAILS (version = 7)
2024-04-26 07:45:16,222 [main] INFO  statemachine.DatanodeStateMachine (DatanodeStateMachine.java:getEndPointTaskThreadPoolSize(299)) - Datanode State Machine Task Thread Pool size 2
2024-04-26 07:45:16,223 [main] INFO  volume.HddsVolume (HddsVolume.java:<init>(126)) - Creating HddsVolume: /home/runner/work/ozone/ozone/hadoop-ozone/integration-test/target/test-dir/MiniOzoneClusterImpl-f8a85056-d908-4111-b8ec-0d6f55fc62ea/ozone-meta/datanode-5/data-0/hdds of storage type : DISK capacity : 9223372036854775807
2024-04-26 07:45:16,223 [main] INFO  volume.MutableVolumeSet (MutableVolumeSet.java:initializeVolumeSet(173)) - Added Volume : /home/runner/work/ozone/ozone/hadoop-ozone/integration-test/target/test-dir/MiniOzoneClusterImpl-f8a85056-d908-4111-b8ec-0d6f55fc62ea/ozone-meta/datanode-5/data-0/hdds to VolumeSet
2024-04-26 07:45:16,223 [main] INFO  volume.MutableVolumeSet (MutableVolumeSet.java:initializeVolumeSet(173)) - Added Volume : /home/runner/work/ozone/ozone/hadoop-ozone/integration-test/target/test-dir/MiniOzoneClusterImpl-f8a85056-d908-4111-b8ec-0d6f55fc62ea/ozone-meta/datanode-5/ratis to VolumeSet
2024-04-26 07:45:16,223 [main] INFO  ozoneimpl.OzoneContainer (HddsVolumeUtil.java:loadAllHddsVolumeDbStore(103)) - Load 1 volumes DbStore cost: 0ms
2024-04-26 07:45:16,225 [main] INFO  server.RaftServer (ConfUtils.java:logGet(46)) - raft.rpc.type = GRPC (default)
2024-04-26 07:45:16,225 [main] INFO  grpc.GrpcConfigKeys (ConfUtils.java:logFallback(53)) - raft.grpc.admin.host = null (fallback to raft.grpc.server.host)
2024-04-26 07:45:16,225 [main] INFO  grpc.GrpcConfigKeys (ConfUtils.java:logGet(46)) - raft.grpc.admin.port = 15405 (custom)
2024-04-26 07:45:16,225 [main] INFO  grpc.GrpcConfigKeys (ConfUtils.java:logFallback(53)) - raft.grpc.client.host = null (fallback to raft.grpc.server.host)
2024-04-26 07:45:16,225 [main] INFO  grpc.GrpcConfigKeys (ConfUtils.java:logGet(46)) - raft.grpc.client.port = 15404 (custom)
2024-04-26 07:45:16,225 [main] INFO  grpc.GrpcConfigKeys (ConfUtils.java:logGet(46)) - raft.grpc.server.host = null (default)
2024-04-26 07:45:16,226 [main] INFO  grpc.GrpcConfigKeys (ConfUtils.java:logGet(46)) - raft.grpc.server.port = 15406 (custom)
2024-04-26 07:45:16,226 [main] INFO  server.GrpcService (ConfUtils.java:logGet(46)) - raft.grpc.message.size.max = 32MB (=33554432) (custom)
2024-04-26 07:45:16,226 [main] INFO  server.RaftServerConfigKeys (ConfUtils.java:logGet(46)) - raft.server.log.appender.buffer.byte-limit = 8388608 (custom)
2024-04-26 07:45:16,226 [main] INFO  server.GrpcService (ConfUtils.java:logGet(46)) - raft.grpc.flow.control.window = 5MB (=5242880) (custom)
2024-04-26 07:45:16,226 [main] INFO  server.RaftServerConfigKeys (ConfUtils.java:logGet(46)) - raft.server.rpc.request.timeout = 3000ms (default)
2024-04-26 07:45:16,226 [main] INFO  grpc.GrpcConfigKeys (ConfUtils.java:logGet(46)) - raft.grpc.server.heartbeat.channel = true (default)
2024-04-26 07:45:16,226 [main] INFO  grpc.GrpcConfigKeys (ConfUtils.java:logGet(46)) - raft.grpc.server.async.request.thread.pool.cached = true (default)
2024-04-26 07:45:16,226 [main] INFO  grpc.GrpcConfigKeys (ConfUtils.java:logGet(46)) - raft.grpc.server.async.request.thread.pool.size = 32 (default)
2024-04-26 07:45:16,228 [main] INFO  impl.DataStreamServerImpl (ConfUtils.java:logGet(46)) - raft.datastream.type = NETTY (custom)
2024-04-26 07:45:16,228 [main] INFO  server.RaftServerConfigKeys (ConfUtils.java:logGet(46)) - raft.server.data-stream.async.request.thread.pool.cached = false (default)
2024-04-26 07:45:16,228 [main] INFO  server.RaftServerConfigKeys (ConfUtils.java:logGet(46)) - raft.server.data-stream.async.request.thread.pool.size = 20 (custom)
2024-04-26 07:45:16,228 [main] INFO  server.RaftServerConfigKeys (ConfUtils.java:logGet(46)) - raft.server.data-stream.async.write.thread.pool.size = 16 (default)
2024-04-26 07:45:16,228 [main] INFO  netty.NettyConfigKeys$DataStream (ConfUtils.java:logGet(46)) - raft.netty.dataStream.server.channel.inactive.grace-period = 10min (default)
2024-04-26 07:45:16,228 [main] INFO  server.RaftServerConfigKeys (ConfUtils.java:logGet(46)) - raft.server.data-stream.client.pool.size = 10 (default)
2024-04-26 07:45:16,228 [main] INFO  netty.NettyConfigKeys$DataStream (ConfUtils.java:logGet(46)) - raft.netty.dataStream.server.use-epoll = true (default)
2024-04-26 07:45:16,228 [main] INFO  netty.NettyConfigKeys$DataStream (ConfUtils.java:logGet(46)) - raft.netty.dataStream.server.boss-group.size = 0 (default)
2024-04-26 07:45:16,229 [main] INFO  netty.NettyUtils (NettyUtils.java:newEventLoopGroup(69)) - Create EpollEventLoopGroup for 3adbcf3a-f954-449d-af41-94271594c360-NettyServerStreamRpc-bossGroup; Thread size is 0.
2024-04-26 07:45:16,229 [main] INFO  netty.NettyConfigKeys$DataStream (ConfUtils.java:logGet(46)) - raft.netty.dataStream.server.worker-group.size = 0 (default)
2024-04-26 07:45:16,229 [main] INFO  netty.NettyUtils (NettyUtils.java:newEventLoopGroup(69)) - Create EpollEventLoopGroup for 3adbcf3a-f954-449d-af41-94271594c360-NettyServerStreamRpc-workerGroup; Thread size is 0.
2024-04-26 07:45:16,229 [main] INFO  netty.NettyConfigKeys$DataStream (ConfUtils.java:logGet(46)) - raft.netty.dataStream.server.tls.conf = null (default)
2024-04-26 07:45:16,229 [main] INFO  netty.NettyConfigKeys$DataStream (ConfUtils.java:logGet(46)) - raft.netty.dataStream.host = null (default)
2024-04-26 07:45:16,229 [main] INFO  netty.NettyConfigKeys$DataStream (ConfUtils.java:logGet(46)) - raft.netty.dataStream.port = 15407 (custom)
2024-04-26 07:45:16,229 [main] INFO  server.RaftServerConfigKeys (ConfUtils.java:logGet(46)) - raft.server.sleep.deviation.threshold = 300ms (default)
2024-04-26 07:45:16,230 [main] INFO  server.RaftServerConfigKeys (ConfUtils.java:logGet(46)) - raft.server.close.threshold = 60s (default)
2024-04-26 07:45:16,230 [main] INFO  server.RaftServerConfigKeys (ConfUtils.java:logGet(46)) - raft.server.leaderelection.leader.step-down.wait-time = 10s (default)
2024-04-26 07:45:16,230 [main] INFO  server.RaftServerConfigKeys (ConfUtils.java:logGet(46)) - raft.server.storage.dir = [/home/runner/work/ozone/ozone/hadoop-ozone/integration-test/target/test-dir/MiniOzoneClusterImpl-f8a85056-d908-4111-b8ec-0d6f55fc62ea/ozone-meta/datanode-5/ratis] (custom)
2024-04-26 07:45:16,230 [main] INFO  server.RaftServerConfigKeys (ConfUtils.java:logGet(46)) - raft.server.threadpool.proxy.cached = true (default)
2024-04-26 07:45:16,230 [main] INFO  server.RaftServerConfigKeys (ConfUtils.java:logGet(46)) - raft.server.threadpool.proxy.size = 0 (default)
2024-04-26 07:45:16,230 [3adbcf3a-f954-449d-af41-94271594c360-NettyServerStreamRpc-bossGroup--thread1] INFO  logging.LoggingHandler (AbstractInternalLogger.java:log(148)) - [id: 0x61572a6f] REGISTERED
2024-04-26 07:45:16,230 [3adbcf3a-f954-449d-af41-94271594c360-NettyServerStreamRpc-bossGroup--thread1] INFO  logging.LoggingHandler (AbstractInternalLogger.java:log(148)) - [id: 0x61572a6f] BIND: 0.0.0.0/0.0.0.0:15407
2024-04-26 07:45:16,230 [3adbcf3a-f954-449d-af41-94271594c360-NettyServerStreamRpc-bossGroup--thread1] INFO  logging.LoggingHandler (AbstractInternalLogger.java:log(148)) - [id: 0x61572a6f, L:/0.0.0.0:15407] ACTIVE
2024-04-26 07:45:16,231 [3adbcf3a-f954-449d-af41-94271594c360-impl-thread1] INFO  server.RaftServer (RaftServerProxy.java:initGroupDir(264)) - 3adbcf3a-f954-449d-af41-94271594c360: found a subdirectory /home/runner/work/ozone/ozone/hadoop-ozone/integration-test/target/test-dir/MiniOzoneClusterImpl-f8a85056-d908-4111-b8ec-0d6f55fc62ea/ozone-meta/datanode-5/ratis/tmp
2024-04-26 07:45:16,231 [3adbcf3a-f954-449d-af41-94271594c360-impl-thread1] INFO  server.RaftServer (RaftServerProxy.java:initGroupDir(269)) - 3adbcf3a-f954-449d-af41-94271594c360: The directory /home/runner/work/ozone/ozone/hadoop-ozone/integration-test/target/test-dir/MiniOzoneClusterImpl-f8a85056-d908-4111-b8ec-0d6f55fc62ea/ozone-meta/datanode-5/ratis/tmp is not a group directory; ignoring it. 
2024-04-26 07:45:16,231 [main] INFO  replication.ReplicationServer (ReplicationServer.java:<init>(86)) - Initializing replication server with thread count = 10 queue length = 4096
2024-04-26 07:45:16,231 [main] INFO  server.XceiverServerGrpc (XceiverServerGrpc.java:<init>(141)) - GrpcServer channel type EpollServerSocketChannel
2024-04-26 07:45:16,232 [main] INFO  replication.ReplicationSupervisor (ReplicationSupervisor.java:build(157)) - Initializing replication supervisor with thread count = 10
2024-04-26 07:45:16,232 [main] INFO  replication.ReplicationSupervisor (ReplicationSupervisor.java:nodeStateUpdated(312)) - Node state updated to IN_SERVICE, scaling executor pool size to 10
2024-04-26 07:45:16,233 [main] INFO  http.BaseHttpServer (BaseHttpServer.java:newHttpServer2BuilderForOzone(223)) - Starting Web-server for hddsDatanode at: http://0.0.0.0:15401
2024-04-26 07:45:16,233 [main] INFO  http.BaseHttpServer (BaseHttpServer.java:<init>(110)) - Hadoop Security Enabled: false Ozone Security Enabled: false Ozone HTTP Security Enabled: false 
2024-04-26 07:45:16,234 [main] WARN  server.AuthenticationFilter (AuthenticationFilter.java:constructSecretProvider(240)) - Unable to initialize FileSignerSecretProvider, falling back to use random secrets. Reason: Could not read signature secret file: /home/runner/hadoop-http-auth-signature-secret
2024-04-26 07:45:16,234 [main] INFO  http.HttpRequestLog (HttpRequestLog.java:getRequestLog(86)) - Http request log for http.requests.hddsDatanode is not defined
2024-04-26 07:45:16,235 [main] INFO  http.HttpServer2 (HttpServer2.java:addGlobalFilter(1036)) - Added global filter 'safety' (class=org.apache.hadoop.hdds.server.http.HttpServer2$QuotingInputFilter)
2024-04-26 07:45:16,235 [main] INFO  http.HttpServer2 (HttpServer2.java:addFilter(1012)) - Added filter static_user_filter (class=org.apache.hadoop.http.lib.StaticUserWebFilter$StaticUserFilter) to context hddsDatanode
2024-04-26 07:45:16,235 [main] INFO  http.HttpServer2 (HttpServer2.java:addFilter(1020)) - Added filter static_user_filter (class=org.apache.hadoop.http.lib.StaticUserWebFilter$StaticUserFilter) to context static
2024-04-26 07:45:16,236 [main] INFO  http.HttpServer2 (HttpServer2.java:addFilter(1020)) - Added filter static_user_filter (class=org.apache.hadoop.http.lib.StaticUserWebFilter$StaticUserFilter) to context logs
2024-04-26 07:45:16,236 [main] INFO  http.BaseHttpServer (BaseHttpServer.java:<init>(189)) - HTTP server of hddsDatanode uses base directory /home/runner/work/ozone/ozone/hadoop-ozone/integration-test/target/test-dir/MiniOzoneClusterImpl-f8a85056-d908-4111-b8ec-0d6f55fc62ea/ozone-meta/datanode-5/meta/webserver
2024-04-26 07:45:16,236 [main] INFO  http.HttpServer2 (HttpServer2.java:bindListener(1236)) - Jetty bound to port 15401
2024-04-26 07:45:16,236 [main] INFO  server.Server (Server.java:doStart(375)) - jetty-9.4.53.v20231009; built: 2023-10-09T12:29:09.265Z; git: 27bde00a0b95a1d5bbee0eae7984f891d2d0f8c9; jvm 17.0.10+7
2024-04-26 07:45:16,237 [main] INFO  server.session (DefaultSessionIdManager.java:doStart(334)) - DefaultSessionIdManager workerName=node0
2024-04-26 07:45:16,237 [main] INFO  server.session (DefaultSessionIdManager.java:doStart(339)) - No SessionScavenger set, using defaults
2024-04-26 07:45:16,237 [main] INFO  server.session (HouseKeeper.java:startScavenging(132)) - node0 Scavenging every 600000ms
2024-04-26 07:45:16,237 [main] INFO  handler.ContextHandler (ContextHandler.java:doStart(921)) - Started o.e.j.s.ServletContextHandler@3b858ed8{logs,/logs,file:///home/runner/work/ozone/ozone/hadoop-ozone/integration-test/target/log,AVAILABLE}
2024-04-26 07:45:16,238 [main] INFO  handler.ContextHandler (ContextHandler.java:doStart(921)) - Started o.e.j.s.ServletContextHandler@5df0e5f0{static,/static,file:///home/runner/work/ozone/ozone/hadoop-hdds/container-service/target/classes/webapps/static,AVAILABLE}
2024-04-26 07:45:16,240 [main] INFO  handler.ContextHandler (ContextHandler.java:doStart(921)) - Started o.e.j.w.WebAppContext@24b57f0b{hddsDatanode,/,file:///home/runner/work/ozone/ozone/hadoop-hdds/container-service/target/classes/webapps/hddsDatanode/,AVAILABLE}{file:/home/runner/work/ozone/ozone/hadoop-hdds/container-service/target/classes/webapps/hddsDatanode}
2024-04-26 07:45:16,240 [main] INFO  server.AbstractConnector (AbstractConnector.java:doStart(333)) - Started ServerConnector@71529154{HTTP/1.1, (http/1.1)}{0.0.0.0:15401}
2024-04-26 07:45:16,241 [main] INFO  server.Server (Server.java:doStart(415)) - Started @139949ms
2024-04-26 07:45:16,241 [main] WARN  impl.MetricsSystemImpl (MetricsSystemImpl.java:register(279)) - Sink prometheus already exists!
2024-04-26 07:45:16,241 [main] INFO  http.BaseHttpServer (BaseHttpServer.java:updateConnectorAddress(354)) - HTTP server of hddsDatanode listening at http://0.0.0.0:15401
2024-04-26 07:45:16,241 [main] INFO  ipc.CallQueueManager (CallQueueManager.java:<init>(90)) - Using callQueue: class java.util.concurrent.LinkedBlockingQueue, queueCapacity: 100, scheduler: class org.apache.hadoop.ipc.DefaultRpcScheduler, ipcBackoff: false.
2024-04-26 07:45:16,241 [main] INFO  ipc.Server (Server.java:<init>(1287)) - Listener at 0.0.0.0:15402
2024-04-26 07:45:16,242 [Socket Reader #1 for port 15402] INFO  ipc.Server (Server.java:run(1323)) - Starting Socket Reader #1 for port 15402
2024-04-26 07:45:16,243 [main] INFO  ozone.HddsDatanodeService (HddsDatanodeService.java:start(327)) - Datanode start with admins: [runner]
2024-04-26 07:45:16,243 [main] INFO  ozone.HddsDatanodeClientProtocolServer (HddsDatanodeClientProtocolServer.java:start(77)) - RPC server for Client /0.0.0.0:15402
2024-04-26 07:45:16,243 [IPC Server Responder] INFO  ipc.Server (Server.java:run(1562)) - IPC Server Responder: starting
2024-04-26 07:45:16,243 [IPC Server listener on 15402] INFO  ipc.Server (Server.java:run(1402)) - IPC Server listener on 15402: starting
2024-04-26 07:45:16,244 [3adbcf3a-f954-449d-af41-94271594c360-DatanodeStateMachineDaemonThread] INFO  statemachine.DatanodeStateMachine (DatanodeStateMachine.java:lambda$startDaemon$1(555)) - Ozone container server started.
2024-04-26 07:45:16,244 [main] WARN  dropwizard3.Dm3MetricRegistriesImpl (Dm3MetricRegistriesImpl.java:addReporterRegistration(113)) - New reporters are added after registries were created. Some metrics will be missing from the reporter. Please add reporter before adding any new registry.
2024-04-26 07:45:16,244 [main] WARN  dropwizard3.Dm3MetricRegistriesImpl (Dm3MetricRegistriesImpl.java:addReporterRegistration(113)) - New reporters are added after registries were created. Some metrics will be missing from the reporter. Please add reporter before adding any new registry.
2024-04-26 07:45:16,244 [main] INFO  impl.MetricsSystemImpl (MetricsSystemImpl.java:init(158)) - HddsDatanode metrics system started (again)
2024-04-26 07:45:16,246 [3adbcf3a-f954-449d-af41-94271594c360-DatanodeStateMachineTaskThread-0] INFO  datanode.InitDatanodeState (InitDatanodeState.java:persistContainerDatanodeDetails(139)) - DatanodeDetails is persisted to /home/runner/work/ozone/ozone/hadoop-ozone/integration-test/target/test-dir/MiniOzoneClusterImpl-f8a85056-d908-4111-b8ec-0d6f55fc62ea/ozone-meta/datanode-5/meta/datanode.id
2024-04-26 07:45:16,253 [main] INFO  ozone.HddsDatanodeService (HddsDatanodeService.java:start(240)) - HddsDatanodeService host:fv-az1107-628.5an5qfagtveezn4vzio0gr3jze.ex.internal.cloudapp.net ip:10.1.0.12
2024-04-26 07:45:16,266 [main] INFO  upgrade.AbstractLayoutVersionManager (AbstractLayoutVersionManager.java:init(83)) - Initializing Layout version manager with metadata layout = HADOOP_PRC_PORTS_IN_DATANODEDETAILS (version = 7), software layout = HADOOP_PRC_PORTS_IN_DATANODEDETAILS (version = 7)
2024-04-26 07:45:16,267 [main] INFO  statemachine.DatanodeStateMachine (DatanodeStateMachine.java:getEndPointTaskThreadPoolSize(299)) - Datanode State Machine Task Thread Pool size 2
2024-04-26 07:45:16,267 [main] INFO  volume.HddsVolume (HddsVolume.java:<init>(126)) - Creating HddsVolume: /home/runner/work/ozone/ozone/hadoop-ozone/integration-test/target/test-dir/MiniOzoneClusterImpl-f8a85056-d908-4111-b8ec-0d6f55fc62ea/ozone-meta/datanode-6/data-0/hdds of storage type : DISK capacity : 9223372036854775807
2024-04-26 07:45:16,268 [main] INFO  volume.MutableVolumeSet (MutableVolumeSet.java:initializeVolumeSet(173)) - Added Volume : /home/runner/work/ozone/ozone/hadoop-ozone/integration-test/target/test-dir/MiniOzoneClusterImpl-f8a85056-d908-4111-b8ec-0d6f55fc62ea/ozone-meta/datanode-6/data-0/hdds to VolumeSet
2024-04-26 07:45:16,268 [main] INFO  volume.MutableVolumeSet (MutableVolumeSet.java:initializeVolumeSet(173)) - Added Volume : /home/runner/work/ozone/ozone/hadoop-ozone/integration-test/target/test-dir/MiniOzoneClusterImpl-f8a85056-d908-4111-b8ec-0d6f55fc62ea/ozone-meta/datanode-6/ratis to VolumeSet
2024-04-26 07:45:16,268 [main] INFO  ozoneimpl.OzoneContainer (HddsVolumeUtil.java:loadAllHddsVolumeDbStore(103)) - Load 1 volumes DbStore cost: 0ms
2024-04-26 07:45:16,270 [main] INFO  server.RaftServer (ConfUtils.java:logGet(46)) - raft.rpc.type = GRPC (default)
2024-04-26 07:45:16,270 [main] INFO  grpc.GrpcConfigKeys (ConfUtils.java:logFallback(53)) - raft.grpc.admin.host = null (fallback to raft.grpc.server.host)
2024-04-26 07:45:16,270 [main] INFO  grpc.GrpcConfigKeys (ConfUtils.java:logGet(46)) - raft.grpc.admin.port = 15414 (custom)
2024-04-26 07:45:16,270 [main] INFO  grpc.GrpcConfigKeys (ConfUtils.java:logFallback(53)) - raft.grpc.client.host = null (fallback to raft.grpc.server.host)
2024-04-26 07:45:16,270 [main] INFO  grpc.GrpcConfigKeys (ConfUtils.java:logGet(46)) - raft.grpc.client.port = 15413 (custom)
2024-04-26 07:45:16,270 [main] INFO  grpc.GrpcConfigKeys (ConfUtils.java:logGet(46)) - raft.grpc.server.host = null (default)
2024-04-26 07:45:16,270 [main] INFO  grpc.GrpcConfigKeys (ConfUtils.java:logGet(46)) - raft.grpc.server.port = 15415 (custom)
2024-04-26 07:45:16,270 [main] INFO  server.GrpcService (ConfUtils.java:logGet(46)) - raft.grpc.message.size.max = 32MB (=33554432) (custom)
2024-04-26 07:45:16,270 [main] INFO  server.RaftServerConfigKeys (ConfUtils.java:logGet(46)) - raft.server.log.appender.buffer.byte-limit = 8388608 (custom)
2024-04-26 07:45:16,271 [main] INFO  server.GrpcService (ConfUtils.java:logGet(46)) - raft.grpc.flow.control.window = 5MB (=5242880) (custom)
2024-04-26 07:45:16,271 [main] INFO  server.RaftServerConfigKeys (ConfUtils.java:logGet(46)) - raft.server.rpc.request.timeout = 3000ms (default)
2024-04-26 07:45:16,271 [main] INFO  grpc.GrpcConfigKeys (ConfUtils.java:logGet(46)) - raft.grpc.server.heartbeat.channel = true (default)
2024-04-26 07:45:16,271 [main] INFO  grpc.GrpcConfigKeys (ConfUtils.java:logGet(46)) - raft.grpc.server.async.request.thread.pool.cached = true (default)
2024-04-26 07:45:16,271 [main] INFO  grpc.GrpcConfigKeys (ConfUtils.java:logGet(46)) - raft.grpc.server.async.request.thread.pool.size = 32 (default)
2024-04-26 07:45:16,272 [main] INFO  impl.DataStreamServerImpl (ConfUtils.java:logGet(46)) - raft.datastream.type = NETTY (custom)
2024-04-26 07:45:16,273 [main] INFO  server.RaftServerConfigKeys (ConfUtils.java:logGet(46)) - raft.server.data-stream.async.request.thread.pool.cached = false (default)
2024-04-26 07:45:16,273 [main] INFO  server.RaftServerConfigKeys (ConfUtils.java:logGet(46)) - raft.server.data-stream.async.request.thread.pool.size = 20 (custom)
2024-04-26 07:45:16,273 [main] INFO  server.RaftServerConfigKeys (ConfUtils.java:logGet(46)) - raft.server.data-stream.async.write.thread.pool.size = 16 (default)
2024-04-26 07:45:16,273 [main] INFO  netty.NettyConfigKeys$DataStream (ConfUtils.java:logGet(46)) - raft.netty.dataStream.server.channel.inactive.grace-period = 10min (default)
2024-04-26 07:45:16,273 [main] INFO  server.RaftServerConfigKeys (ConfUtils.java:logGet(46)) - raft.server.data-stream.client.pool.size = 10 (default)
2024-04-26 07:45:16,273 [main] INFO  netty.NettyConfigKeys$DataStream (ConfUtils.java:logGet(46)) - raft.netty.dataStream.server.use-epoll = true (default)
2024-04-26 07:45:16,273 [main] INFO  netty.NettyConfigKeys$DataStream (ConfUtils.java:logGet(46)) - raft.netty.dataStream.server.boss-group.size = 0 (default)
2024-04-26 07:45:16,273 [main] INFO  netty.NettyUtils (NettyUtils.java:newEventLoopGroup(69)) - Create EpollEventLoopGroup for 66bce337-27b9-4953-b5f8-11fc3ae630c2-NettyServerStreamRpc-bossGroup; Thread size is 0.
2024-04-26 07:45:16,274 [main] INFO  netty.NettyConfigKeys$DataStream (ConfUtils.java:logGet(46)) - raft.netty.dataStream.server.worker-group.size = 0 (default)
2024-04-26 07:45:16,274 [main] INFO  netty.NettyUtils (NettyUtils.java:newEventLoopGroup(69)) - Create EpollEventLoopGroup for 66bce337-27b9-4953-b5f8-11fc3ae630c2-NettyServerStreamRpc-workerGroup; Thread size is 0.
2024-04-26 07:45:16,274 [main] INFO  netty.NettyConfigKeys$DataStream (ConfUtils.java:logGet(46)) - raft.netty.dataStream.server.tls.conf = null (default)
2024-04-26 07:45:16,274 [main] INFO  netty.NettyConfigKeys$DataStream (ConfUtils.java:logGet(46)) - raft.netty.dataStream.host = null (default)
2024-04-26 07:45:16,274 [main] INFO  netty.NettyConfigKeys$DataStream (ConfUtils.java:logGet(46)) - raft.netty.dataStream.port = 15416 (custom)
2024-04-26 07:45:16,274 [main] INFO  server.RaftServerConfigKeys (ConfUtils.java:logGet(46)) - raft.server.sleep.deviation.threshold = 300ms (default)
2024-04-26 07:45:16,275 [main] INFO  server.RaftServerConfigKeys (ConfUtils.java:logGet(46)) - raft.server.close.threshold = 60s (default)
2024-04-26 07:45:16,275 [main] INFO  server.RaftServerConfigKeys (ConfUtils.java:logGet(46)) - raft.server.leaderelection.leader.step-down.wait-time = 10s (default)
2024-04-26 07:45:16,275 [66bce337-27b9-4953-b5f8-11fc3ae630c2-NettyServerStreamRpc-bossGroup--thread1] INFO  logging.LoggingHandler (AbstractInternalLogger.java:log(148)) - [id: 0x355ed774] REGISTERED
2024-04-26 07:45:16,275 [main] INFO  server.RaftServerConfigKeys (ConfUtils.java:logGet(46)) - raft.server.storage.dir = [/home/runner/work/ozone/ozone/hadoop-ozone/integration-test/target/test-dir/MiniOzoneClusterImpl-f8a85056-d908-4111-b8ec-0d6f55fc62ea/ozone-meta/datanode-6/ratis] (custom)
2024-04-26 07:45:16,275 [main] INFO  server.RaftServerConfigKeys (ConfUtils.java:logGet(46)) - raft.server.threadpool.proxy.cached = true (default)
2024-04-26 07:45:16,275 [66bce337-27b9-4953-b5f8-11fc3ae630c2-NettyServerStreamRpc-bossGroup--thread1] INFO  logging.LoggingHandler (AbstractInternalLogger.java:log(148)) - [id: 0x355ed774] BIND: 0.0.0.0/0.0.0.0:15416
2024-04-26 07:45:16,275 [main] INFO  server.RaftServerConfigKeys (ConfUtils.java:logGet(46)) - raft.server.threadpool.proxy.size = 0 (default)
2024-04-26 07:45:16,275 [66bce337-27b9-4953-b5f8-11fc3ae630c2-NettyServerStreamRpc-bossGroup--thread1] INFO  logging.LoggingHandler (AbstractInternalLogger.java:log(148)) - [id: 0x355ed774, L:/0.0.0.0:15416] ACTIVE
2024-04-26 07:45:16,275 [66bce337-27b9-4953-b5f8-11fc3ae630c2-impl-thread1] INFO  server.RaftServer (RaftServerProxy.java:initGroupDir(264)) - 66bce337-27b9-4953-b5f8-11fc3ae630c2: found a subdirectory /home/runner/work/ozone/ozone/hadoop-ozone/integration-test/target/test-dir/MiniOzoneClusterImpl-f8a85056-d908-4111-b8ec-0d6f55fc62ea/ozone-meta/datanode-6/ratis/tmp
2024-04-26 07:45:16,276 [66bce337-27b9-4953-b5f8-11fc3ae630c2-impl-thread1] INFO  server.RaftServer (RaftServerProxy.java:initGroupDir(269)) - 66bce337-27b9-4953-b5f8-11fc3ae630c2: The directory /home/runner/work/ozone/ozone/hadoop-ozone/integration-test/target/test-dir/MiniOzoneClusterImpl-f8a85056-d908-4111-b8ec-0d6f55fc62ea/ozone-meta/datanode-6/ratis/tmp is not a group directory; ignoring it. 
2024-04-26 07:45:16,276 [main] INFO  replication.ReplicationServer (ReplicationServer.java:<init>(86)) - Initializing replication server with thread count = 10 queue length = 4096
2024-04-26 07:45:16,277 [main] INFO  server.XceiverServerGrpc (XceiverServerGrpc.java:<init>(141)) - GrpcServer channel type EpollServerSocketChannel
2024-04-26 07:45:16,277 [main] INFO  replication.ReplicationSupervisor (ReplicationSupervisor.java:build(157)) - Initializing replication supervisor with thread count = 10
2024-04-26 07:45:16,278 [main] INFO  replication.ReplicationSupervisor (ReplicationSupervisor.java:nodeStateUpdated(312)) - Node state updated to IN_SERVICE, scaling executor pool size to 10
2024-04-26 07:45:16,279 [main] INFO  http.BaseHttpServer (BaseHttpServer.java:newHttpServer2BuilderForOzone(223)) - Starting Web-server for hddsDatanode at: http://0.0.0.0:15410
2024-04-26 07:45:16,279 [main] INFO  http.BaseHttpServer (BaseHttpServer.java:<init>(110)) - Hadoop Security Enabled: false Ozone Security Enabled: false Ozone HTTP Security Enabled: false 
2024-04-26 07:45:16,280 [main] WARN  server.AuthenticationFilter (AuthenticationFilter.java:constructSecretProvider(240)) - Unable to initialize FileSignerSecretProvider, falling back to use random secrets. Reason: Could not read signature secret file: /home/runner/hadoop-http-auth-signature-secret
2024-04-26 07:45:16,280 [main] INFO  http.HttpRequestLog (HttpRequestLog.java:getRequestLog(86)) - Http request log for http.requests.hddsDatanode is not defined
2024-04-26 07:45:16,281 [main] INFO  http.HttpServer2 (HttpServer2.java:addGlobalFilter(1036)) - Added global filter 'safety' (class=org.apache.hadoop.hdds.server.http.HttpServer2$QuotingInputFilter)
2024-04-26 07:45:16,281 [main] INFO  http.HttpServer2 (HttpServer2.java:addFilter(1012)) - Added filter static_user_filter (class=org.apache.hadoop.http.lib.StaticUserWebFilter$StaticUserFilter) to context hddsDatanode
2024-04-26 07:45:16,281 [main] INFO  http.HttpServer2 (HttpServer2.java:addFilter(1020)) - Added filter static_user_filter (class=org.apache.hadoop.http.lib.StaticUserWebFilter$StaticUserFilter) to context logs
2024-04-26 07:45:16,281 [main] INFO  http.HttpServer2 (HttpServer2.java:addFilter(1020)) - Added filter static_user_filter (class=org.apache.hadoop.http.lib.StaticUserWebFilter$StaticUserFilter) to context static
2024-04-26 07:45:16,282 [main] INFO  http.BaseHttpServer (BaseHttpServer.java:<init>(189)) - HTTP server of hddsDatanode uses base directory /home/runner/work/ozone/ozone/hadoop-ozone/integration-test/target/test-dir/MiniOzoneClusterImpl-f8a85056-d908-4111-b8ec-0d6f55fc62ea/ozone-meta/datanode-6/meta/webserver
2024-04-26 07:45:16,282 [main] INFO  http.HttpServer2 (HttpServer2.java:bindListener(1236)) - Jetty bound to port 15410
2024-04-26 07:45:16,282 [main] INFO  server.Server (Server.java:doStart(375)) - jetty-9.4.53.v20231009; built: 2023-10-09T12:29:09.265Z; git: 27bde00a0b95a1d5bbee0eae7984f891d2d0f8c9; jvm 17.0.10+7
2024-04-26 07:45:16,283 [main] INFO  server.session (DefaultSessionIdManager.java:doStart(334)) - DefaultSessionIdManager workerName=node0
2024-04-26 07:45:16,283 [main] INFO  server.session (DefaultSessionIdManager.java:doStart(339)) - No SessionScavenger set, using defaults
2024-04-26 07:45:16,283 [main] INFO  server.session (HouseKeeper.java:startScavenging(132)) - node0 Scavenging every 600000ms
2024-04-26 07:45:16,284 [main] INFO  handler.ContextHandler (ContextHandler.java:doStart(921)) - Started o.e.j.s.ServletContextHandler@1d27d981{logs,/logs,file:///home/runner/work/ozone/ozone/hadoop-ozone/integration-test/target/log,AVAILABLE}
2024-04-26 07:45:16,284 [main] INFO  handler.ContextHandler (ContextHandler.java:doStart(921)) - Started o.e.j.s.ServletContextHandler@545df2c5{static,/static,file:///home/runner/work/ozone/ozone/hadoop-hdds/container-service/target/classes/webapps/static,AVAILABLE}
2024-04-26 07:45:16,286 [main] INFO  handler.ContextHandler (ContextHandler.java:doStart(921)) - Started o.e.j.w.WebAppContext@43cd2f26{hddsDatanode,/,file:///home/runner/work/ozone/ozone/hadoop-hdds/container-service/target/classes/webapps/hddsDatanode/,AVAILABLE}{file:/home/runner/work/ozone/ozone/hadoop-hdds/container-service/target/classes/webapps/hddsDatanode}
2024-04-26 07:45:16,287 [main] INFO  server.AbstractConnector (AbstractConnector.java:doStart(333)) - Started ServerConnector@1c2cf47f{HTTP/1.1, (http/1.1)}{0.0.0.0:15410}
2024-04-26 07:45:16,287 [main] INFO  server.Server (Server.java:doStart(415)) - Started @139996ms
2024-04-26 07:45:16,287 [main] WARN  impl.MetricsSystemImpl (MetricsSystemImpl.java:register(279)) - Sink prometheus already exists!
2024-04-26 07:45:16,288 [main] INFO  http.BaseHttpServer (BaseHttpServer.java:updateConnectorAddress(354)) - HTTP server of hddsDatanode listening at http://0.0.0.0:15410
2024-04-26 07:45:16,288 [main] INFO  ipc.CallQueueManager (CallQueueManager.java:<init>(90)) - Using callQueue: class java.util.concurrent.LinkedBlockingQueue, queueCapacity: 100, scheduler: class org.apache.hadoop.ipc.DefaultRpcScheduler, ipcBackoff: false.
2024-04-26 07:45:16,288 [main] INFO  ipc.Server (Server.java:<init>(1287)) - Listener at 0.0.0.0:15411
2024-04-26 07:45:16,288 [Socket Reader #1 for port 15411] INFO  ipc.Server (Server.java:run(1323)) - Starting Socket Reader #1 for port 15411
2024-04-26 07:45:16,289 [main] INFO  ozone.HddsDatanodeService (HddsDatanodeService.java:start(327)) - Datanode start with admins: [runner]
2024-04-26 07:45:16,289 [main] INFO  ozone.HddsDatanodeClientProtocolServer (HddsDatanodeClientProtocolServer.java:start(77)) - RPC server for Client /0.0.0.0:15411
2024-04-26 07:45:16,291 [IPC Server Responder] INFO  ipc.Server (Server.java:run(1562)) - IPC Server Responder: starting
2024-04-26 07:45:16,291 [IPC Server listener on 15411] INFO  ipc.Server (Server.java:run(1402)) - IPC Server listener on 15411: starting
2024-04-26 07:45:16,292 [main] WARN  dropwizard3.Dm3MetricRegistriesImpl (Dm3MetricRegistriesImpl.java:addReporterRegistration(113)) - New reporters are added after registries were created. Some metrics will be missing from the reporter. Please add reporter before adding any new registry.
2024-04-26 07:45:16,292 [main] WARN  dropwizard3.Dm3MetricRegistriesImpl (Dm3MetricRegistriesImpl.java:addReporterRegistration(113)) - New reporters are added after registries were created. Some metrics will be missing from the reporter. Please add reporter before adding any new registry.
2024-04-26 07:45:16,292 [66bce337-27b9-4953-b5f8-11fc3ae630c2-DatanodeStateMachineDaemonThread] INFO  statemachine.DatanodeStateMachine (DatanodeStateMachine.java:lambda$startDaemon$1(555)) - Ozone container server started.
2024-04-26 07:45:16,292 [main] INFO  impl.MetricsSystemImpl (MetricsSystemImpl.java:init(158)) - HddsDatanode metrics system started (again)
2024-04-26 07:45:16,294 [66bce337-27b9-4953-b5f8-11fc3ae630c2-DatanodeStateMachineTaskThread-0] INFO  datanode.InitDatanodeState (InitDatanodeState.java:persistContainerDatanodeDetails(139)) - DatanodeDetails is persisted to /home/runner/work/ozone/ozone/hadoop-ozone/integration-test/target/test-dir/MiniOzoneClusterImpl-f8a85056-d908-4111-b8ec-0d6f55fc62ea/ozone-meta/datanode-6/meta/datanode.id
2024-04-26 07:45:16,300 [main] INFO  ozone.HddsDatanodeService (HddsDatanodeService.java:start(240)) - HddsDatanodeService host:fv-az1107-628.5an5qfagtveezn4vzio0gr3jze.ex.internal.cloudapp.net ip:10.1.0.12
2024-04-26 07:45:16,314 [main] INFO  upgrade.AbstractLayoutVersionManager (AbstractLayoutVersionManager.java:init(83)) - Initializing Layout version manager with metadata layout = HADOOP_PRC_PORTS_IN_DATANODEDETAILS (version = 7), software layout = HADOOP_PRC_PORTS_IN_DATANODEDETAILS (version = 7)
2024-04-26 07:45:16,315 [main] INFO  statemachine.DatanodeStateMachine (DatanodeStateMachine.java:getEndPointTaskThreadPoolSize(299)) - Datanode State Machine Task Thread Pool size 2
2024-04-26 07:45:16,315 [main] INFO  volume.HddsVolume (HddsVolume.java:<init>(126)) - Creating HddsVolume: /home/runner/work/ozone/ozone/hadoop-ozone/integration-test/target/test-dir/MiniOzoneClusterImpl-f8a85056-d908-4111-b8ec-0d6f55fc62ea/ozone-meta/datanode-7/data-0/hdds of storage type : DISK capacity : 9223372036854775807
2024-04-26 07:45:16,316 [main] INFO  volume.MutableVolumeSet (MutableVolumeSet.java:initializeVolumeSet(173)) - Added Volume : /home/runner/work/ozone/ozone/hadoop-ozone/integration-test/target/test-dir/MiniOzoneClusterImpl-f8a85056-d908-4111-b8ec-0d6f55fc62ea/ozone-meta/datanode-7/data-0/hdds to VolumeSet
2024-04-26 07:45:16,316 [main] INFO  volume.MutableVolumeSet (MutableVolumeSet.java:initializeVolumeSet(173)) - Added Volume : /home/runner/work/ozone/ozone/hadoop-ozone/integration-test/target/test-dir/MiniOzoneClusterImpl-f8a85056-d908-4111-b8ec-0d6f55fc62ea/ozone-meta/datanode-7/ratis to VolumeSet
2024-04-26 07:45:16,316 [main] INFO  ozoneimpl.OzoneContainer (HddsVolumeUtil.java:loadAllHddsVolumeDbStore(103)) - Load 1 volumes DbStore cost: 0ms
2024-04-26 07:45:16,318 [main] INFO  server.RaftServer (ConfUtils.java:logGet(46)) - raft.rpc.type = GRPC (default)
2024-04-26 07:45:16,318 [main] INFO  grpc.GrpcConfigKeys (ConfUtils.java:logFallback(53)) - raft.grpc.admin.host = null (fallback to raft.grpc.server.host)
2024-04-26 07:45:16,318 [main] INFO  grpc.GrpcConfigKeys (ConfUtils.java:logGet(46)) - raft.grpc.admin.port = 15423 (custom)
2024-04-26 07:45:16,318 [main] INFO  grpc.GrpcConfigKeys (ConfUtils.java:logFallback(53)) - raft.grpc.client.host = null (fallback to raft.grpc.server.host)
2024-04-26 07:45:16,318 [main] INFO  grpc.GrpcConfigKeys (ConfUtils.java:logGet(46)) - raft.grpc.client.port = 15422 (custom)
2024-04-26 07:45:16,318 [main] INFO  grpc.GrpcConfigKeys (ConfUtils.java:logGet(46)) - raft.grpc.server.host = null (default)
2024-04-26 07:45:16,318 [main] INFO  grpc.GrpcConfigKeys (ConfUtils.java:logGet(46)) - raft.grpc.server.port = 15424 (custom)
2024-04-26 07:45:16,318 [main] INFO  server.GrpcService (ConfUtils.java:logGet(46)) - raft.grpc.message.size.max = 32MB (=33554432) (custom)
2024-04-26 07:45:16,319 [main] INFO  server.RaftServerConfigKeys (ConfUtils.java:logGet(46)) - raft.server.log.appender.buffer.byte-limit = 8388608 (custom)
2024-04-26 07:45:16,319 [main] INFO  server.GrpcService (ConfUtils.java:logGet(46)) - raft.grpc.flow.control.window = 5MB (=5242880) (custom)
2024-04-26 07:45:16,319 [main] INFO  server.RaftServerConfigKeys (ConfUtils.java:logGet(46)) - raft.server.rpc.request.timeout = 3000ms (default)
2024-04-26 07:45:16,319 [main] INFO  grpc.GrpcConfigKeys (ConfUtils.java:logGet(46)) - raft.grpc.server.heartbeat.channel = true (default)
2024-04-26 07:45:16,319 [main] INFO  grpc.GrpcConfigKeys (ConfUtils.java:logGet(46)) - raft.grpc.server.async.request.thread.pool.cached = true (default)
2024-04-26 07:45:16,319 [main] INFO  grpc.GrpcConfigKeys (ConfUtils.java:logGet(46)) - raft.grpc.server.async.request.thread.pool.size = 32 (default)
2024-04-26 07:45:16,321 [main] INFO  impl.DataStreamServerImpl (ConfUtils.java:logGet(46)) - raft.datastream.type = NETTY (custom)
2024-04-26 07:45:16,321 [main] INFO  server.RaftServerConfigKeys (ConfUtils.java:logGet(46)) - raft.server.data-stream.async.request.thread.pool.cached = false (default)
2024-04-26 07:45:16,321 [main] INFO  server.RaftServerConfigKeys (ConfUtils.java:logGet(46)) - raft.server.data-stream.async.request.thread.pool.size = 20 (custom)
2024-04-26 07:45:16,321 [main] INFO  server.RaftServerConfigKeys (ConfUtils.java:logGet(46)) - raft.server.data-stream.async.write.thread.pool.size = 16 (default)
2024-04-26 07:45:16,321 [main] INFO  netty.NettyConfigKeys$DataStream (ConfUtils.java:logGet(46)) - raft.netty.dataStream.server.channel.inactive.grace-period = 10min (default)
2024-04-26 07:45:16,321 [main] INFO  server.RaftServerConfigKeys (ConfUtils.java:logGet(46)) - raft.server.data-stream.client.pool.size = 10 (default)
2024-04-26 07:45:16,321 [main] INFO  netty.NettyConfigKeys$DataStream (ConfUtils.java:logGet(46)) - raft.netty.dataStream.server.use-epoll = true (default)
2024-04-26 07:45:16,321 [main] INFO  netty.NettyConfigKeys$DataStream (ConfUtils.java:logGet(46)) - raft.netty.dataStream.server.boss-group.size = 0 (default)
2024-04-26 07:45:16,321 [main] INFO  netty.NettyUtils (NettyUtils.java:newEventLoopGroup(69)) - Create EpollEventLoopGroup for 00cfc371-235c-47c8-bc9b-47247119d947-NettyServerStreamRpc-bossGroup; Thread size is 0.
2024-04-26 07:45:16,322 [main] INFO  netty.NettyConfigKeys$DataStream (ConfUtils.java:logGet(46)) - raft.netty.dataStream.server.worker-group.size = 0 (default)
2024-04-26 07:45:16,322 [main] INFO  netty.NettyUtils (NettyUtils.java:newEventLoopGroup(69)) - Create EpollEventLoopGroup for 00cfc371-235c-47c8-bc9b-47247119d947-NettyServerStreamRpc-workerGroup; Thread size is 0.
2024-04-26 07:45:16,322 [main] INFO  netty.NettyConfigKeys$DataStream (ConfUtils.java:logGet(46)) - raft.netty.dataStream.server.tls.conf = null (default)
2024-04-26 07:45:16,322 [main] INFO  netty.NettyConfigKeys$DataStream (ConfUtils.java:logGet(46)) - raft.netty.dataStream.host = null (default)
2024-04-26 07:45:16,322 [main] INFO  netty.NettyConfigKeys$DataStream (ConfUtils.java:logGet(46)) - raft.netty.dataStream.port = 15425 (custom)
2024-04-26 07:45:16,323 [main] INFO  server.RaftServerConfigKeys (ConfUtils.java:logGet(46)) - raft.server.sleep.deviation.threshold = 300ms (default)
2024-04-26 07:45:16,323 [main] INFO  server.RaftServerConfigKeys (ConfUtils.java:logGet(46)) - raft.server.close.threshold = 60s (default)
2024-04-26 07:45:16,323 [main] INFO  server.RaftServerConfigKeys (ConfUtils.java:logGet(46)) - raft.server.leaderelection.leader.step-down.wait-time = 10s (default)
2024-04-26 07:45:16,323 [main] INFO  server.RaftServerConfigKeys (ConfUtils.java:logGet(46)) - raft.server.storage.dir = [/home/runner/work/ozone/ozone/hadoop-ozone/integration-test/target/test-dir/MiniOzoneClusterImpl-f8a85056-d908-4111-b8ec-0d6f55fc62ea/ozone-meta/datanode-7/ratis] (custom)
2024-04-26 07:45:16,323 [main] INFO  server.RaftServerConfigKeys (ConfUtils.java:logGet(46)) - raft.server.threadpool.proxy.cached = true (default)
2024-04-26 07:45:16,323 [main] INFO  server.RaftServerConfigKeys (ConfUtils.java:logGet(46)) - raft.server.threadpool.proxy.size = 0 (default)
2024-04-26 07:45:16,324 [00cfc371-235c-47c8-bc9b-47247119d947-impl-thread1] INFO  server.RaftServer (RaftServerProxy.java:initGroupDir(264)) - 00cfc371-235c-47c8-bc9b-47247119d947: found a subdirectory /home/runner/work/ozone/ozone/hadoop-ozone/integration-test/target/test-dir/MiniOzoneClusterImpl-f8a85056-d908-4111-b8ec-0d6f55fc62ea/ozone-meta/datanode-7/ratis/tmp
2024-04-26 07:45:16,324 [00cfc371-235c-47c8-bc9b-47247119d947-impl-thread1] INFO  server.RaftServer (RaftServerProxy.java:initGroupDir(269)) - 00cfc371-235c-47c8-bc9b-47247119d947: The directory /home/runner/work/ozone/ozone/hadoop-ozone/integration-test/target/test-dir/MiniOzoneClusterImpl-f8a85056-d908-4111-b8ec-0d6f55fc62ea/ozone-meta/datanode-7/ratis/tmp is not a group directory; ignoring it. 
2024-04-26 07:45:16,324 [00cfc371-235c-47c8-bc9b-47247119d947-NettyServerStreamRpc-bossGroup--thread1] INFO  logging.LoggingHandler (AbstractInternalLogger.java:log(148)) - [id: 0x8ef7805d] REGISTERED
2024-04-26 07:45:16,324 [main] INFO  replication.ReplicationServer (ReplicationServer.java:<init>(86)) - Initializing replication server with thread count = 10 queue length = 4096
2024-04-26 07:45:16,325 [main] INFO  server.XceiverServerGrpc (XceiverServerGrpc.java:<init>(141)) - GrpcServer channel type EpollServerSocketChannel
2024-04-26 07:45:16,325 [00cfc371-235c-47c8-bc9b-47247119d947-NettyServerStreamRpc-bossGroup--thread1] INFO  logging.LoggingHandler (AbstractInternalLogger.java:log(148)) - [id: 0x8ef7805d] BIND: 0.0.0.0/0.0.0.0:15425
2024-04-26 07:45:16,326 [00cfc371-235c-47c8-bc9b-47247119d947-NettyServerStreamRpc-bossGroup--thread1] INFO  logging.LoggingHandler (AbstractInternalLogger.java:log(148)) - [id: 0x8ef7805d, L:/0.0.0.0:15425] ACTIVE
2024-04-26 07:45:16,327 [main] INFO  replication.ReplicationSupervisor (ReplicationSupervisor.java:build(157)) - Initializing replication supervisor with thread count = 10
2024-04-26 07:45:16,327 [main] INFO  replication.ReplicationSupervisor (ReplicationSupervisor.java:nodeStateUpdated(312)) - Node state updated to IN_SERVICE, scaling executor pool size to 10
2024-04-26 07:45:16,328 [main] INFO  http.BaseHttpServer (BaseHttpServer.java:newHttpServer2BuilderForOzone(223)) - Starting Web-server for hddsDatanode at: http://0.0.0.0:15419
2024-04-26 07:45:16,328 [main] INFO  http.BaseHttpServer (BaseHttpServer.java:<init>(110)) - Hadoop Security Enabled: false Ozone Security Enabled: false Ozone HTTP Security Enabled: false 
2024-04-26 07:45:16,329 [main] WARN  server.AuthenticationFilter (AuthenticationFilter.java:constructSecretProvider(240)) - Unable to initialize FileSignerSecretProvider, falling back to use random secrets. Reason: Could not read signature secret file: /home/runner/hadoop-http-auth-signature-secret
2024-04-26 07:45:16,329 [main] INFO  http.HttpRequestLog (HttpRequestLog.java:getRequestLog(86)) - Http request log for http.requests.hddsDatanode is not defined
2024-04-26 07:45:16,330 [main] INFO  http.HttpServer2 (HttpServer2.java:addGlobalFilter(1036)) - Added global filter 'safety' (class=org.apache.hadoop.hdds.server.http.HttpServer2$QuotingInputFilter)
2024-04-26 07:45:16,330 [main] INFO  http.HttpServer2 (HttpServer2.java:addFilter(1012)) - Added filter static_user_filter (class=org.apache.hadoop.http.lib.StaticUserWebFilter$StaticUserFilter) to context hddsDatanode
2024-04-26 07:45:16,330 [main] INFO  http.HttpServer2 (HttpServer2.java:addFilter(1020)) - Added filter static_user_filter (class=org.apache.hadoop.http.lib.StaticUserWebFilter$StaticUserFilter) to context static
2024-04-26 07:45:16,331 [main] INFO  http.HttpServer2 (HttpServer2.java:addFilter(1020)) - Added filter static_user_filter (class=org.apache.hadoop.http.lib.StaticUserWebFilter$StaticUserFilter) to context logs
2024-04-26 07:45:16,331 [main] INFO  http.BaseHttpServer (BaseHttpServer.java:<init>(189)) - HTTP server of hddsDatanode uses base directory /home/runner/work/ozone/ozone/hadoop-ozone/integration-test/target/test-dir/MiniOzoneClusterImpl-f8a85056-d908-4111-b8ec-0d6f55fc62ea/ozone-meta/datanode-7/meta/webserver
2024-04-26 07:45:16,331 [main] INFO  http.HttpServer2 (HttpServer2.java:bindListener(1236)) - Jetty bound to port 15419
2024-04-26 07:45:16,331 [main] INFO  server.Server (Server.java:doStart(375)) - jetty-9.4.53.v20231009; built: 2023-10-09T12:29:09.265Z; git: 27bde00a0b95a1d5bbee0eae7984f891d2d0f8c9; jvm 17.0.10+7
2024-04-26 07:45:16,332 [main] INFO  server.session (DefaultSessionIdManager.java:doStart(334)) - DefaultSessionIdManager workerName=node0
2024-04-26 07:45:16,332 [main] INFO  server.session (DefaultSessionIdManager.java:doStart(339)) - No SessionScavenger set, using defaults
2024-04-26 07:45:16,332 [main] INFO  server.session (HouseKeeper.java:startScavenging(132)) - node0 Scavenging every 660000ms
2024-04-26 07:45:16,333 [main] INFO  handler.ContextHandler (ContextHandler.java:doStart(921)) - Started o.e.j.s.ServletContextHandler@4bb1d848{logs,/logs,file:///home/runner/work/ozone/ozone/hadoop-ozone/integration-test/target/log,AVAILABLE}
2024-04-26 07:45:16,333 [main] INFO  handler.ContextHandler (ContextHandler.java:doStart(921)) - Started o.e.j.s.ServletContextHandler@5ccf13a9{static,/static,file:///home/runner/work/ozone/ozone/hadoop-hdds/container-service/target/classes/webapps/static,AVAILABLE}
2024-04-26 07:45:16,336 [main] INFO  handler.ContextHandler (ContextHandler.java:doStart(921)) - Started o.e.j.w.WebAppContext@6ac7e58e{hddsDatanode,/,file:///home/runner/work/ozone/ozone/hadoop-hdds/container-service/target/classes/webapps/hddsDatanode/,AVAILABLE}{file:/home/runner/work/ozone/ozone/hadoop-hdds/container-service/target/classes/webapps/hddsDatanode}
2024-04-26 07:45:16,336 [main] INFO  server.AbstractConnector (AbstractConnector.java:doStart(333)) - Started ServerConnector@57ab8f82{HTTP/1.1, (http/1.1)}{0.0.0.0:15419}
2024-04-26 07:45:16,336 [main] INFO  server.Server (Server.java:doStart(415)) - Started @140045ms
2024-04-26 07:45:16,336 [main] WARN  impl.MetricsSystemImpl (MetricsSystemImpl.java:register(279)) - Sink prometheus already exists!
2024-04-26 07:45:16,337 [main] INFO  http.BaseHttpServer (BaseHttpServer.java:updateConnectorAddress(354)) - HTTP server of hddsDatanode listening at http://0.0.0.0:15419
2024-04-26 07:45:16,337 [main] INFO  ipc.CallQueueManager (CallQueueManager.java:<init>(90)) - Using callQueue: class java.util.concurrent.LinkedBlockingQueue, queueCapacity: 100, scheduler: class org.apache.hadoop.ipc.DefaultRpcScheduler, ipcBackoff: false.
2024-04-26 07:45:16,337 [main] INFO  ipc.Server (Server.java:<init>(1287)) - Listener at 0.0.0.0:15420
2024-04-26 07:45:16,338 [Socket Reader #1 for port 15420] INFO  ipc.Server (Server.java:run(1323)) - Starting Socket Reader #1 for port 15420
2024-04-26 07:45:16,339 [main] INFO  ozone.HddsDatanodeService (HddsDatanodeService.java:start(327)) - Datanode start with admins: [runner]
2024-04-26 07:45:16,339 [main] INFO  ozone.HddsDatanodeClientProtocolServer (HddsDatanodeClientProtocolServer.java:start(77)) - RPC server for Client /0.0.0.0:15420
2024-04-26 07:45:16,339 [IPC Server Responder] INFO  ipc.Server (Server.java:run(1562)) - IPC Server Responder: starting
2024-04-26 07:45:16,340 [IPC Server listener on 15420] INFO  ipc.Server (Server.java:run(1402)) - IPC Server listener on 15420: starting
2024-04-26 07:45:16,340 [main] WARN  dropwizard3.Dm3MetricRegistriesImpl (Dm3MetricRegistriesImpl.java:addReporterRegistration(113)) - New reporters are added after registries were created. Some metrics will be missing from the reporter. Please add reporter before adding any new registry.
2024-04-26 07:45:16,340 [main] WARN  dropwizard3.Dm3MetricRegistriesImpl (Dm3MetricRegistriesImpl.java:addReporterRegistration(113)) - New reporters are added after registries were created. Some metrics will be missing from the reporter. Please add reporter before adding any new registry.
2024-04-26 07:45:16,340 [main] INFO  impl.MetricsSystemImpl (MetricsSystemImpl.java:init(158)) - HddsDatanode metrics system started (again)
2024-04-26 07:45:16,342 [00cfc371-235c-47c8-bc9b-47247119d947-DatanodeStateMachineDaemonThread] INFO  statemachine.DatanodeStateMachine (DatanodeStateMachine.java:lambda$startDaemon$1(555)) - Ozone container server started.
2024-04-26 07:45:16,345 [00cfc371-235c-47c8-bc9b-47247119d947-DatanodeStateMachineTaskThread-0] INFO  datanode.InitDatanodeState (InitDatanodeState.java:persistContainerDatanodeDetails(139)) - DatanodeDetails is persisted to /home/runner/work/ozone/ozone/hadoop-ozone/integration-test/target/test-dir/MiniOzoneClusterImpl-f8a85056-d908-4111-b8ec-0d6f55fc62ea/ozone-meta/datanode-7/meta/datanode.id
2024-04-26 07:45:16,349 [main] INFO  ozone.HddsDatanodeService (HddsDatanodeService.java:start(240)) - HddsDatanodeService host:fv-az1107-628.5an5qfagtveezn4vzio0gr3jze.ex.internal.cloudapp.net ip:10.1.0.12
2024-04-26 07:45:16,372 [main] INFO  upgrade.AbstractLayoutVersionManager (AbstractLayoutVersionManager.java:init(83)) - Initializing Layout version manager with metadata layout = HADOOP_PRC_PORTS_IN_DATANODEDETAILS (version = 7), software layout = HADOOP_PRC_PORTS_IN_DATANODEDETAILS (version = 7)
2024-04-26 07:45:16,372 [main] INFO  statemachine.DatanodeStateMachine (DatanodeStateMachine.java:getEndPointTaskThreadPoolSize(299)) - Datanode State Machine Task Thread Pool size 2
2024-04-26 07:45:16,373 [main] INFO  volume.HddsVolume (HddsVolume.java:<init>(126)) - Creating HddsVolume: /home/runner/work/ozone/ozone/hadoop-ozone/integration-test/target/test-dir/MiniOzoneClusterImpl-f8a85056-d908-4111-b8ec-0d6f55fc62ea/ozone-meta/datanode-8/data-0/hdds of storage type : DISK capacity : 9223372036854775807
2024-04-26 07:45:16,374 [main] INFO  volume.MutableVolumeSet (MutableVolumeSet.java:initializeVolumeSet(173)) - Added Volume : /home/runner/work/ozone/ozone/hadoop-ozone/integration-test/target/test-dir/MiniOzoneClusterImpl-f8a85056-d908-4111-b8ec-0d6f55fc62ea/ozone-meta/datanode-8/data-0/hdds to VolumeSet
2024-04-26 07:45:16,374 [main] INFO  volume.MutableVolumeSet (MutableVolumeSet.java:initializeVolumeSet(173)) - Added Volume : /home/runner/work/ozone/ozone/hadoop-ozone/integration-test/target/test-dir/MiniOzoneClusterImpl-f8a85056-d908-4111-b8ec-0d6f55fc62ea/ozone-meta/datanode-8/ratis to VolumeSet
2024-04-26 07:45:16,374 [main] INFO  ozoneimpl.OzoneContainer (HddsVolumeUtil.java:loadAllHddsVolumeDbStore(103)) - Load 1 volumes DbStore cost: 0ms
2024-04-26 07:45:16,376 [main] INFO  server.RaftServer (ConfUtils.java:logGet(46)) - raft.rpc.type = GRPC (default)
2024-04-26 07:45:16,376 [main] INFO  grpc.GrpcConfigKeys (ConfUtils.java:logFallback(53)) - raft.grpc.admin.host = null (fallback to raft.grpc.server.host)
2024-04-26 07:45:16,376 [main] INFO  grpc.GrpcConfigKeys (ConfUtils.java:logGet(46)) - raft.grpc.admin.port = 15432 (custom)
2024-04-26 07:45:16,376 [main] INFO  grpc.GrpcConfigKeys (ConfUtils.java:logFallback(53)) - raft.grpc.client.host = null (fallback to raft.grpc.server.host)
2024-04-26 07:45:16,376 [main] INFO  grpc.GrpcConfigKeys (ConfUtils.java:logGet(46)) - raft.grpc.client.port = 15431 (custom)
2024-04-26 07:45:16,376 [main] INFO  grpc.GrpcConfigKeys (ConfUtils.java:logGet(46)) - raft.grpc.server.host = null (default)
2024-04-26 07:45:16,377 [main] INFO  grpc.GrpcConfigKeys (ConfUtils.java:logGet(46)) - raft.grpc.server.port = 15433 (custom)
2024-04-26 07:45:16,377 [main] INFO  server.GrpcService (ConfUtils.java:logGet(46)) - raft.grpc.message.size.max = 32MB (=33554432) (custom)
2024-04-26 07:45:16,377 [main] INFO  server.RaftServerConfigKeys (ConfUtils.java:logGet(46)) - raft.server.log.appender.buffer.byte-limit = 8388608 (custom)
2024-04-26 07:45:16,377 [main] INFO  server.GrpcService (ConfUtils.java:logGet(46)) - raft.grpc.flow.control.window = 5MB (=5242880) (custom)
2024-04-26 07:45:16,377 [main] INFO  server.RaftServerConfigKeys (ConfUtils.java:logGet(46)) - raft.server.rpc.request.timeout = 3000ms (default)
2024-04-26 07:45:16,377 [main] INFO  grpc.GrpcConfigKeys (ConfUtils.java:logGet(46)) - raft.grpc.server.heartbeat.channel = true (default)
2024-04-26 07:45:16,377 [main] INFO  grpc.GrpcConfigKeys (ConfUtils.java:logGet(46)) - raft.grpc.server.async.request.thread.pool.cached = true (default)
2024-04-26 07:45:16,377 [main] INFO  grpc.GrpcConfigKeys (ConfUtils.java:logGet(46)) - raft.grpc.server.async.request.thread.pool.size = 32 (default)
2024-04-26 07:45:16,379 [main] INFO  impl.DataStreamServerImpl (ConfUtils.java:logGet(46)) - raft.datastream.type = NETTY (custom)
2024-04-26 07:45:16,379 [main] INFO  server.RaftServerConfigKeys (ConfUtils.java:logGet(46)) - raft.server.data-stream.async.request.thread.pool.cached = false (default)
2024-04-26 07:45:16,379 [main] INFO  server.RaftServerConfigKeys (ConfUtils.java:logGet(46)) - raft.server.data-stream.async.request.thread.pool.size = 20 (custom)
2024-04-26 07:45:16,379 [main] INFO  server.RaftServerConfigKeys (ConfUtils.java:logGet(46)) - raft.server.data-stream.async.write.thread.pool.size = 16 (default)
2024-04-26 07:45:16,379 [main] INFO  netty.NettyConfigKeys$DataStream (ConfUtils.java:logGet(46)) - raft.netty.dataStream.server.channel.inactive.grace-period = 10min (default)
2024-04-26 07:45:16,380 [main] INFO  server.RaftServerConfigKeys (ConfUtils.java:logGet(46)) - raft.server.data-stream.client.pool.size = 10 (default)
2024-04-26 07:45:16,380 [main] INFO  netty.NettyConfigKeys$DataStream (ConfUtils.java:logGet(46)) - raft.netty.dataStream.server.use-epoll = true (default)
2024-04-26 07:45:16,380 [main] INFO  netty.NettyConfigKeys$DataStream (ConfUtils.java:logGet(46)) - raft.netty.dataStream.server.boss-group.size = 0 (default)
2024-04-26 07:45:16,380 [main] INFO  netty.NettyUtils (NettyUtils.java:newEventLoopGroup(69)) - Create EpollEventLoopGroup for 80986ccd-c217-439b-b85b-0b259797a488-NettyServerStreamRpc-bossGroup; Thread size is 0.
2024-04-26 07:45:16,380 [main] INFO  netty.NettyConfigKeys$DataStream (ConfUtils.java:logGet(46)) - raft.netty.dataStream.server.worker-group.size = 0 (default)
2024-04-26 07:45:16,380 [main] INFO  netty.NettyUtils (NettyUtils.java:newEventLoopGroup(69)) - Create EpollEventLoopGroup for 80986ccd-c217-439b-b85b-0b259797a488-NettyServerStreamRpc-workerGroup; Thread size is 0.
2024-04-26 07:45:16,381 [main] INFO  netty.NettyConfigKeys$DataStream (ConfUtils.java:logGet(46)) - raft.netty.dataStream.server.tls.conf = null (default)
2024-04-26 07:45:16,381 [main] INFO  netty.NettyConfigKeys$DataStream (ConfUtils.java:logGet(46)) - raft.netty.dataStream.host = null (default)
2024-04-26 07:45:16,381 [main] INFO  netty.NettyConfigKeys$DataStream (ConfUtils.java:logGet(46)) - raft.netty.dataStream.port = 15434 (custom)
2024-04-26 07:45:16,381 [main] INFO  server.RaftServerConfigKeys (ConfUtils.java:logGet(46)) - raft.server.sleep.deviation.threshold = 300ms (default)
2024-04-26 07:45:16,381 [main] INFO  server.RaftServerConfigKeys (ConfUtils.java:logGet(46)) - raft.server.close.threshold = 60s (default)
2024-04-26 07:45:16,382 [main] INFO  server.RaftServerConfigKeys (ConfUtils.java:logGet(46)) - raft.server.leaderelection.leader.step-down.wait-time = 10s (default)
2024-04-26 07:45:16,382 [main] INFO  server.RaftServerConfigKeys (ConfUtils.java:logGet(46)) - raft.server.storage.dir = [/home/runner/work/ozone/ozone/hadoop-ozone/integration-test/target/test-dir/MiniOzoneClusterImpl-f8a85056-d908-4111-b8ec-0d6f55fc62ea/ozone-meta/datanode-8/ratis] (custom)
2024-04-26 07:45:16,382 [main] INFO  server.RaftServerConfigKeys (ConfUtils.java:logGet(46)) - raft.server.threadpool.proxy.cached = true (default)
2024-04-26 07:45:16,382 [main] INFO  server.RaftServerConfigKeys (ConfUtils.java:logGet(46)) - raft.server.threadpool.proxy.size = 0 (default)
2024-04-26 07:45:16,382 [80986ccd-c217-439b-b85b-0b259797a488-NettyServerStreamRpc-bossGroup--thread1] INFO  logging.LoggingHandler (AbstractInternalLogger.java:log(148)) - [id: 0x347b0b47] REGISTERED
2024-04-26 07:45:16,382 [80986ccd-c217-439b-b85b-0b259797a488-NettyServerStreamRpc-bossGroup--thread1] INFO  logging.LoggingHandler (AbstractInternalLogger.java:log(148)) - [id: 0x347b0b47] BIND: 0.0.0.0/0.0.0.0:15434
2024-04-26 07:45:16,382 [80986ccd-c217-439b-b85b-0b259797a488-NettyServerStreamRpc-bossGroup--thread1] INFO  logging.LoggingHandler (AbstractInternalLogger.java:log(148)) - [id: 0x347b0b47, L:/0.0.0.0:15434] ACTIVE
2024-04-26 07:45:16,383 [80986ccd-c217-439b-b85b-0b259797a488-impl-thread1] INFO  server.RaftServer (RaftServerProxy.java:initGroupDir(264)) - 80986ccd-c217-439b-b85b-0b259797a488: found a subdirectory /home/runner/work/ozone/ozone/hadoop-ozone/integration-test/target/test-dir/MiniOzoneClusterImpl-f8a85056-d908-4111-b8ec-0d6f55fc62ea/ozone-meta/datanode-8/ratis/tmp
2024-04-26 07:45:16,383 [80986ccd-c217-439b-b85b-0b259797a488-impl-thread1] INFO  server.RaftServer (RaftServerProxy.java:initGroupDir(269)) - 80986ccd-c217-439b-b85b-0b259797a488: The directory /home/runner/work/ozone/ozone/hadoop-ozone/integration-test/target/test-dir/MiniOzoneClusterImpl-f8a85056-d908-4111-b8ec-0d6f55fc62ea/ozone-meta/datanode-8/ratis/tmp is not a group directory; ignoring it. 
2024-04-26 07:45:16,383 [main] INFO  replication.ReplicationServer (ReplicationServer.java:<init>(86)) - Initializing replication server with thread count = 10 queue length = 4096
2024-04-26 07:45:16,384 [main] INFO  server.XceiverServerGrpc (XceiverServerGrpc.java:<init>(141)) - GrpcServer channel type EpollServerSocketChannel
2024-04-26 07:45:16,385 [main] INFO  replication.ReplicationSupervisor (ReplicationSupervisor.java:build(157)) - Initializing replication supervisor with thread count = 10
2024-04-26 07:45:16,385 [main] INFO  replication.ReplicationSupervisor (ReplicationSupervisor.java:nodeStateUpdated(312)) - Node state updated to IN_SERVICE, scaling executor pool size to 10
2024-04-26 07:45:16,386 [main] INFO  http.BaseHttpServer (BaseHttpServer.java:newHttpServer2BuilderForOzone(223)) - Starting Web-server for hddsDatanode at: http://0.0.0.0:15428
2024-04-26 07:45:16,386 [main] INFO  http.BaseHttpServer (BaseHttpServer.java:<init>(110)) - Hadoop Security Enabled: false Ozone Security Enabled: false Ozone HTTP Security Enabled: false 
2024-04-26 07:45:16,387 [main] WARN  server.AuthenticationFilter (AuthenticationFilter.java:constructSecretProvider(240)) - Unable to initialize FileSignerSecretProvider, falling back to use random secrets. Reason: Could not read signature secret file: /home/runner/hadoop-http-auth-signature-secret
2024-04-26 07:45:16,388 [main] INFO  http.HttpRequestLog (HttpRequestLog.java:getRequestLog(86)) - Http request log for http.requests.hddsDatanode is not defined
2024-04-26 07:45:16,388 [main] INFO  http.HttpServer2 (HttpServer2.java:addGlobalFilter(1036)) - Added global filter 'safety' (class=org.apache.hadoop.hdds.server.http.HttpServer2$QuotingInputFilter)
2024-04-26 07:45:16,389 [main] INFO  http.HttpServer2 (HttpServer2.java:addFilter(1012)) - Added filter static_user_filter (class=org.apache.hadoop.http.lib.StaticUserWebFilter$StaticUserFilter) to context hddsDatanode
2024-04-26 07:45:16,389 [main] INFO  http.HttpServer2 (HttpServer2.java:addFilter(1020)) - Added filter static_user_filter (class=org.apache.hadoop.http.lib.StaticUserWebFilter$StaticUserFilter) to context logs
2024-04-26 07:45:16,389 [main] INFO  http.HttpServer2 (HttpServer2.java:addFilter(1020)) - Added filter static_user_filter (class=org.apache.hadoop.http.lib.StaticUserWebFilter$StaticUserFilter) to context static
2024-04-26 07:45:16,389 [main] INFO  http.BaseHttpServer (BaseHttpServer.java:<init>(189)) - HTTP server of hddsDatanode uses base directory /home/runner/work/ozone/ozone/hadoop-ozone/integration-test/target/test-dir/MiniOzoneClusterImpl-f8a85056-d908-4111-b8ec-0d6f55fc62ea/ozone-meta/datanode-8/meta/webserver
2024-04-26 07:45:16,390 [main] INFO  http.HttpServer2 (HttpServer2.java:bindListener(1236)) - Jetty bound to port 15428
2024-04-26 07:45:16,390 [main] INFO  server.Server (Server.java:doStart(375)) - jetty-9.4.53.v20231009; built: 2023-10-09T12:29:09.265Z; git: 27bde00a0b95a1d5bbee0eae7984f891d2d0f8c9; jvm 17.0.10+7
2024-04-26 07:45:16,391 [main] INFO  server.session (DefaultSessionIdManager.java:doStart(334)) - DefaultSessionIdManager workerName=node0
2024-04-26 07:45:16,391 [main] INFO  server.session (DefaultSessionIdManager.java:doStart(339)) - No SessionScavenger set, using defaults
2024-04-26 07:45:16,391 [main] INFO  server.session (HouseKeeper.java:startScavenging(132)) - node0 Scavenging every 600000ms
2024-04-26 07:45:16,392 [main] INFO  handler.ContextHandler (ContextHandler.java:doStart(921)) - Started o.e.j.s.ServletContextHandler@1b5b656b{logs,/logs,file:///home/runner/work/ozone/ozone/hadoop-ozone/integration-test/target/log,AVAILABLE}
2024-04-26 07:45:16,392 [main] INFO  handler.ContextHandler (ContextHandler.java:doStart(921)) - Started o.e.j.s.ServletContextHandler@6a2affb6{static,/static,file:///home/runner/work/ozone/ozone/hadoop-hdds/container-service/target/classes/webapps/static,AVAILABLE}
2024-04-26 07:45:16,394 [main] INFO  handler.ContextHandler (ContextHandler.java:doStart(921)) - Started o.e.j.w.WebAppContext@7b3556d7{hddsDatanode,/,file:///home/runner/work/ozone/ozone/hadoop-hdds/container-service/target/classes/webapps/hddsDatanode/,AVAILABLE}{file:/home/runner/work/ozone/ozone/hadoop-hdds/container-service/target/classes/webapps/hddsDatanode}
2024-04-26 07:45:16,395 [main] INFO  server.AbstractConnector (AbstractConnector.java:doStart(333)) - Started ServerConnector@5c6d8a40{HTTP/1.1, (http/1.1)}{0.0.0.0:15428}
2024-04-26 07:45:16,395 [main] INFO  server.Server (Server.java:doStart(415)) - Started @140104ms
2024-04-26 07:45:16,395 [main] WARN  impl.MetricsSystemImpl (MetricsSystemImpl.java:register(279)) - Sink prometheus already exists!
2024-04-26 07:45:16,396 [main] INFO  http.BaseHttpServer (BaseHttpServer.java:updateConnectorAddress(354)) - HTTP server of hddsDatanode listening at http://0.0.0.0:15428
2024-04-26 07:45:16,396 [main] INFO  ipc.CallQueueManager (CallQueueManager.java:<init>(90)) - Using callQueue: class java.util.concurrent.LinkedBlockingQueue, queueCapacity: 100, scheduler: class org.apache.hadoop.ipc.DefaultRpcScheduler, ipcBackoff: false.
2024-04-26 07:45:16,396 [main] INFO  ipc.Server (Server.java:<init>(1287)) - Listener at 0.0.0.0:15429
2024-04-26 07:45:16,397 [Socket Reader #1 for port 15429] INFO  ipc.Server (Server.java:run(1323)) - Starting Socket Reader #1 for port 15429
2024-04-26 07:45:16,398 [main] INFO  ozone.HddsDatanodeService (HddsDatanodeService.java:start(327)) - Datanode start with admins: [runner]
2024-04-26 07:45:16,398 [main] INFO  ozone.HddsDatanodeClientProtocolServer (HddsDatanodeClientProtocolServer.java:start(77)) - RPC server for Client /0.0.0.0:15429
2024-04-26 07:45:16,398 [IPC Server Responder] INFO  ipc.Server (Server.java:run(1562)) - IPC Server Responder: starting
2024-04-26 07:45:16,398 [IPC Server listener on 15429] INFO  ipc.Server (Server.java:run(1402)) - IPC Server listener on 15429: starting
2024-04-26 07:45:16,398 [80986ccd-c217-439b-b85b-0b259797a488-DatanodeStateMachineDaemonThread] INFO  statemachine.DatanodeStateMachine (DatanodeStateMachine.java:lambda$startDaemon$1(555)) - Ozone container server started.
2024-04-26 07:45:16,399 [main] WARN  dropwizard3.Dm3MetricRegistriesImpl (Dm3MetricRegistriesImpl.java:addReporterRegistration(113)) - New reporters are added after registries were created. Some metrics will be missing from the reporter. Please add reporter before adding any new registry.
2024-04-26 07:45:16,399 [main] WARN  dropwizard3.Dm3MetricRegistriesImpl (Dm3MetricRegistriesImpl.java:addReporterRegistration(113)) - New reporters are added after registries were created. Some metrics will be missing from the reporter. Please add reporter before adding any new registry.
2024-04-26 07:45:16,399 [main] INFO  impl.MetricsSystemImpl (MetricsSystemImpl.java:init(158)) - HddsDatanode metrics system started (again)
2024-04-26 07:45:16,400 [80986ccd-c217-439b-b85b-0b259797a488-DatanodeStateMachineTaskThread-0] INFO  datanode.InitDatanodeState (InitDatanodeState.java:persistContainerDatanodeDetails(139)) - DatanodeDetails is persisted to /home/runner/work/ozone/ozone/hadoop-ozone/integration-test/target/test-dir/MiniOzoneClusterImpl-f8a85056-d908-4111-b8ec-0d6f55fc62ea/ozone-meta/datanode-8/meta/datanode.id
2024-04-26 07:45:16,413 [main] INFO  ozone.HddsDatanodeService (HddsDatanodeService.java:start(240)) - HddsDatanodeService host:fv-az1107-628.5an5qfagtveezn4vzio0gr3jze.ex.internal.cloudapp.net ip:10.1.0.12
2024-04-26 07:45:16,426 [main] INFO  upgrade.AbstractLayoutVersionManager (AbstractLayoutVersionManager.java:init(83)) - Initializing Layout version manager with metadata layout = HADOOP_PRC_PORTS_IN_DATANODEDETAILS (version = 7), software layout = HADOOP_PRC_PORTS_IN_DATANODEDETAILS (version = 7)
2024-04-26 07:45:16,427 [main] INFO  statemachine.DatanodeStateMachine (DatanodeStateMachine.java:getEndPointTaskThreadPoolSize(299)) - Datanode State Machine Task Thread Pool size 2
2024-04-26 07:45:16,427 [main] INFO  volume.HddsVolume (HddsVolume.java:<init>(126)) - Creating HddsVolume: /home/runner/work/ozone/ozone/hadoop-ozone/integration-test/target/test-dir/MiniOzoneClusterImpl-f8a85056-d908-4111-b8ec-0d6f55fc62ea/ozone-meta/datanode-9/data-0/hdds of storage type : DISK capacity : 9223372036854775807
2024-04-26 07:45:16,428 [main] INFO  volume.MutableVolumeSet (MutableVolumeSet.java:initializeVolumeSet(173)) - Added Volume : /home/runner/work/ozone/ozone/hadoop-ozone/integration-test/target/test-dir/MiniOzoneClusterImpl-f8a85056-d908-4111-b8ec-0d6f55fc62ea/ozone-meta/datanode-9/data-0/hdds to VolumeSet
2024-04-26 07:45:16,428 [main] INFO  volume.MutableVolumeSet (MutableVolumeSet.java:initializeVolumeSet(173)) - Added Volume : /home/runner/work/ozone/ozone/hadoop-ozone/integration-test/target/test-dir/MiniOzoneClusterImpl-f8a85056-d908-4111-b8ec-0d6f55fc62ea/ozone-meta/datanode-9/ratis to VolumeSet
2024-04-26 07:45:16,428 [main] INFO  ozoneimpl.OzoneContainer (HddsVolumeUtil.java:loadAllHddsVolumeDbStore(103)) - Load 1 volumes DbStore cost: 0ms
2024-04-26 07:45:16,430 [main] INFO  server.RaftServer (ConfUtils.java:logGet(46)) - raft.rpc.type = GRPC (default)
2024-04-26 07:45:16,430 [main] INFO  grpc.GrpcConfigKeys (ConfUtils.java:logFallback(53)) - raft.grpc.admin.host = null (fallback to raft.grpc.server.host)
2024-04-26 07:45:16,430 [main] INFO  grpc.GrpcConfigKeys (ConfUtils.java:logGet(46)) - raft.grpc.admin.port = 15441 (custom)
2024-04-26 07:45:16,430 [main] INFO  grpc.GrpcConfigKeys (ConfUtils.java:logFallback(53)) - raft.grpc.client.host = null (fallback to raft.grpc.server.host)
2024-04-26 07:45:16,430 [main] INFO  grpc.GrpcConfigKeys (ConfUtils.java:logGet(46)) - raft.grpc.client.port = 15440 (custom)
2024-04-26 07:45:16,430 [main] INFO  grpc.GrpcConfigKeys (ConfUtils.java:logGet(46)) - raft.grpc.server.host = null (default)
2024-04-26 07:45:16,431 [main] INFO  grpc.GrpcConfigKeys (ConfUtils.java:logGet(46)) - raft.grpc.server.port = 15442 (custom)
2024-04-26 07:45:16,431 [main] INFO  server.GrpcService (ConfUtils.java:logGet(46)) - raft.grpc.message.size.max = 32MB (=33554432) (custom)
2024-04-26 07:45:16,431 [main] INFO  server.RaftServerConfigKeys (ConfUtils.java:logGet(46)) - raft.server.log.appender.buffer.byte-limit = 8388608 (custom)
2024-04-26 07:45:16,431 [main] INFO  server.GrpcService (ConfUtils.java:logGet(46)) - raft.grpc.flow.control.window = 5MB (=5242880) (custom)
2024-04-26 07:45:16,431 [main] INFO  server.RaftServerConfigKeys (ConfUtils.java:logGet(46)) - raft.server.rpc.request.timeout = 3000ms (default)
2024-04-26 07:45:16,431 [main] INFO  grpc.GrpcConfigKeys (ConfUtils.java:logGet(46)) - raft.grpc.server.heartbeat.channel = true (default)
2024-04-26 07:45:16,431 [main] INFO  grpc.GrpcConfigKeys (ConfUtils.java:logGet(46)) - raft.grpc.server.async.request.thread.pool.cached = true (default)
2024-04-26 07:45:16,431 [main] INFO  grpc.GrpcConfigKeys (ConfUtils.java:logGet(46)) - raft.grpc.server.async.request.thread.pool.size = 32 (default)
2024-04-26 07:45:16,433 [main] INFO  impl.DataStreamServerImpl (ConfUtils.java:logGet(46)) - raft.datastream.type = NETTY (custom)
2024-04-26 07:45:16,433 [main] INFO  server.RaftServerConfigKeys (ConfUtils.java:logGet(46)) - raft.server.data-stream.async.request.thread.pool.cached = false (default)
2024-04-26 07:45:16,434 [main] INFO  server.RaftServerConfigKeys (ConfUtils.java:logGet(46)) - raft.server.data-stream.async.request.thread.pool.size = 20 (custom)
2024-04-26 07:45:16,434 [main] INFO  server.RaftServerConfigKeys (ConfUtils.java:logGet(46)) - raft.server.data-stream.async.write.thread.pool.size = 16 (default)
2024-04-26 07:45:16,434 [main] INFO  netty.NettyConfigKeys$DataStream (ConfUtils.java:logGet(46)) - raft.netty.dataStream.server.channel.inactive.grace-period = 10min (default)
2024-04-26 07:45:16,434 [main] INFO  server.RaftServerConfigKeys (ConfUtils.java:logGet(46)) - raft.server.data-stream.client.pool.size = 10 (default)
2024-04-26 07:45:16,434 [main] INFO  netty.NettyConfigKeys$DataStream (ConfUtils.java:logGet(46)) - raft.netty.dataStream.server.use-epoll = true (default)
2024-04-26 07:45:16,435 [main] INFO  netty.NettyConfigKeys$DataStream (ConfUtils.java:logGet(46)) - raft.netty.dataStream.server.boss-group.size = 0 (default)
2024-04-26 07:45:16,435 [main] INFO  netty.NettyUtils (NettyUtils.java:newEventLoopGroup(69)) - Create EpollEventLoopGroup for ac5950e9-78e7-4600-acb8-d4807d98be63-NettyServerStreamRpc-bossGroup; Thread size is 0.
2024-04-26 07:45:16,435 [main] INFO  netty.NettyConfigKeys$DataStream (ConfUtils.java:logGet(46)) - raft.netty.dataStream.server.worker-group.size = 0 (default)
2024-04-26 07:45:16,435 [main] INFO  netty.NettyUtils (NettyUtils.java:newEventLoopGroup(69)) - Create EpollEventLoopGroup for ac5950e9-78e7-4600-acb8-d4807d98be63-NettyServerStreamRpc-workerGroup; Thread size is 0.
2024-04-26 07:45:16,436 [main] INFO  netty.NettyConfigKeys$DataStream (ConfUtils.java:logGet(46)) - raft.netty.dataStream.server.tls.conf = null (default)
2024-04-26 07:45:16,436 [main] INFO  netty.NettyConfigKeys$DataStream (ConfUtils.java:logGet(46)) - raft.netty.dataStream.host = null (default)
2024-04-26 07:45:16,436 [main] INFO  netty.NettyConfigKeys$DataStream (ConfUtils.java:logGet(46)) - raft.netty.dataStream.port = 15443 (custom)
2024-04-26 07:45:16,437 [main] INFO  server.RaftServerConfigKeys (ConfUtils.java:logGet(46)) - raft.server.sleep.deviation.threshold = 300ms (default)
2024-04-26 07:45:16,437 [main] INFO  server.RaftServerConfigKeys (ConfUtils.java:logGet(46)) - raft.server.close.threshold = 60s (default)
2024-04-26 07:45:16,437 [main] INFO  server.RaftServerConfigKeys (ConfUtils.java:logGet(46)) - raft.server.leaderelection.leader.step-down.wait-time = 10s (default)
2024-04-26 07:45:16,437 [main] INFO  server.RaftServerConfigKeys (ConfUtils.java:logGet(46)) - raft.server.storage.dir = [/home/runner/work/ozone/ozone/hadoop-ozone/integration-test/target/test-dir/MiniOzoneClusterImpl-f8a85056-d908-4111-b8ec-0d6f55fc62ea/ozone-meta/datanode-9/ratis] (custom)
2024-04-26 07:45:16,437 [main] INFO  server.RaftServerConfigKeys (ConfUtils.java:logGet(46)) - raft.server.threadpool.proxy.cached = true (default)
2024-04-26 07:45:16,437 [main] INFO  server.RaftServerConfigKeys (ConfUtils.java:logGet(46)) - raft.server.threadpool.proxy.size = 0 (default)
2024-04-26 07:45:16,438 [ac5950e9-78e7-4600-acb8-d4807d98be63-impl-thread1] INFO  server.RaftServer (RaftServerProxy.java:initGroupDir(264)) - ac5950e9-78e7-4600-acb8-d4807d98be63: found a subdirectory /home/runner/work/ozone/ozone/hadoop-ozone/integration-test/target/test-dir/MiniOzoneClusterImpl-f8a85056-d908-4111-b8ec-0d6f55fc62ea/ozone-meta/datanode-9/ratis/tmp
2024-04-26 07:45:16,438 [ac5950e9-78e7-4600-acb8-d4807d98be63-impl-thread1] INFO  server.RaftServer (RaftServerProxy.java:initGroupDir(269)) - ac5950e9-78e7-4600-acb8-d4807d98be63: The directory /home/runner/work/ozone/ozone/hadoop-ozone/integration-test/target/test-dir/MiniOzoneClusterImpl-f8a85056-d908-4111-b8ec-0d6f55fc62ea/ozone-meta/datanode-9/ratis/tmp is not a group directory; ignoring it. 
2024-04-26 07:45:16,438 [ac5950e9-78e7-4600-acb8-d4807d98be63-NettyServerStreamRpc-bossGroup--thread1] INFO  logging.LoggingHandler (AbstractInternalLogger.java:log(148)) - [id: 0xd4e760df] REGISTERED
2024-04-26 07:45:16,438 [main] INFO  replication.ReplicationServer (ReplicationServer.java:<init>(86)) - Initializing replication server with thread count = 10 queue length = 4096
2024-04-26 07:45:16,439 [main] INFO  server.XceiverServerGrpc (XceiverServerGrpc.java:<init>(141)) - GrpcServer channel type EpollServerSocketChannel
2024-04-26 07:45:16,439 [ac5950e9-78e7-4600-acb8-d4807d98be63-NettyServerStreamRpc-bossGroup--thread1] INFO  logging.LoggingHandler (AbstractInternalLogger.java:log(148)) - [id: 0xd4e760df] BIND: 0.0.0.0/0.0.0.0:15443
2024-04-26 07:45:16,439 [ac5950e9-78e7-4600-acb8-d4807d98be63-NettyServerStreamRpc-bossGroup--thread1] INFO  logging.LoggingHandler (AbstractInternalLogger.java:log(148)) - [id: 0xd4e760df, L:/0.0.0.0:15443] ACTIVE
2024-04-26 07:45:16,440 [main] INFO  replication.ReplicationSupervisor (ReplicationSupervisor.java:build(157)) - Initializing replication supervisor with thread count = 10
2024-04-26 07:45:16,440 [main] INFO  replication.ReplicationSupervisor (ReplicationSupervisor.java:nodeStateUpdated(312)) - Node state updated to IN_SERVICE, scaling executor pool size to 10
2024-04-26 07:45:16,442 [main] INFO  http.BaseHttpServer (BaseHttpServer.java:newHttpServer2BuilderForOzone(223)) - Starting Web-server for hddsDatanode at: http://0.0.0.0:15437
2024-04-26 07:45:16,442 [main] INFO  http.BaseHttpServer (BaseHttpServer.java:<init>(110)) - Hadoop Security Enabled: false Ozone Security Enabled: false Ozone HTTP Security Enabled: false 
2024-04-26 07:45:16,442 [main] WARN  server.AuthenticationFilter (AuthenticationFilter.java:constructSecretProvider(240)) - Unable to initialize FileSignerSecretProvider, falling back to use random secrets. Reason: Could not read signature secret file: /home/runner/hadoop-http-auth-signature-secret
2024-04-26 07:45:16,444 [main] INFO  http.HttpRequestLog (HttpRequestLog.java:getRequestLog(86)) - Http request log for http.requests.hddsDatanode is not defined
2024-04-26 07:45:16,445 [main] INFO  http.HttpServer2 (HttpServer2.java:addGlobalFilter(1036)) - Added global filter 'safety' (class=org.apache.hadoop.hdds.server.http.HttpServer2$QuotingInputFilter)
2024-04-26 07:45:16,446 [main] INFO  http.HttpServer2 (HttpServer2.java:addFilter(1012)) - Added filter static_user_filter (class=org.apache.hadoop.http.lib.StaticUserWebFilter$StaticUserFilter) to context hddsDatanode
2024-04-26 07:45:16,446 [main] INFO  http.HttpServer2 (HttpServer2.java:addFilter(1020)) - Added filter static_user_filter (class=org.apache.hadoop.http.lib.StaticUserWebFilter$StaticUserFilter) to context logs
2024-04-26 07:45:16,446 [main] INFO  http.HttpServer2 (HttpServer2.java:addFilter(1020)) - Added filter static_user_filter (class=org.apache.hadoop.http.lib.StaticUserWebFilter$StaticUserFilter) to context static
2024-04-26 07:45:16,446 [main] INFO  http.BaseHttpServer (BaseHttpServer.java:<init>(189)) - HTTP server of hddsDatanode uses base directory /home/runner/work/ozone/ozone/hadoop-ozone/integration-test/target/test-dir/MiniOzoneClusterImpl-f8a85056-d908-4111-b8ec-0d6f55fc62ea/ozone-meta/datanode-9/meta/webserver
2024-04-26 07:45:16,446 [main] INFO  http.HttpServer2 (HttpServer2.java:bindListener(1236)) - Jetty bound to port 15437
2024-04-26 07:45:16,446 [main] INFO  server.Server (Server.java:doStart(375)) - jetty-9.4.53.v20231009; built: 2023-10-09T12:29:09.265Z; git: 27bde00a0b95a1d5bbee0eae7984f891d2d0f8c9; jvm 17.0.10+7
2024-04-26 07:45:16,447 [main] INFO  server.session (DefaultSessionIdManager.java:doStart(334)) - DefaultSessionIdManager workerName=node0
2024-04-26 07:45:16,447 [main] INFO  server.session (DefaultSessionIdManager.java:doStart(339)) - No SessionScavenger set, using defaults
2024-04-26 07:45:16,448 [main] INFO  server.session (HouseKeeper.java:startScavenging(132)) - node0 Scavenging every 660000ms
2024-04-26 07:45:16,448 [main] INFO  handler.ContextHandler (ContextHandler.java:doStart(921)) - Started o.e.j.s.ServletContextHandler@484bd339{logs,/logs,file:///home/runner/work/ozone/ozone/hadoop-ozone/integration-test/target/log,AVAILABLE}
2024-04-26 07:45:16,448 [main] INFO  handler.ContextHandler (ContextHandler.java:doStart(921)) - Started o.e.j.s.ServletContextHandler@272c18a1{static,/static,file:///home/runner/work/ozone/ozone/hadoop-hdds/container-service/target/classes/webapps/static,AVAILABLE}
2024-04-26 07:45:16,451 [main] INFO  handler.ContextHandler (ContextHandler.java:doStart(921)) - Started o.e.j.w.WebAppContext@561f276a{hddsDatanode,/,file:///home/runner/work/ozone/ozone/hadoop-hdds/container-service/target/classes/webapps/hddsDatanode/,AVAILABLE}{file:/home/runner/work/ozone/ozone/hadoop-hdds/container-service/target/classes/webapps/hddsDatanode}
2024-04-26 07:45:16,451 [main] INFO  server.AbstractConnector (AbstractConnector.java:doStart(333)) - Started ServerConnector@9cc7cda{HTTP/1.1, (http/1.1)}{0.0.0.0:15437}
2024-04-26 07:45:16,451 [main] INFO  server.Server (Server.java:doStart(415)) - Started @140160ms
2024-04-26 07:45:16,451 [main] WARN  impl.MetricsSystemImpl (MetricsSystemImpl.java:register(279)) - Sink prometheus already exists!
2024-04-26 07:45:16,452 [main] INFO  http.BaseHttpServer (BaseHttpServer.java:updateConnectorAddress(354)) - HTTP server of hddsDatanode listening at http://0.0.0.0:15437
2024-04-26 07:45:16,452 [main] INFO  ipc.CallQueueManager (CallQueueManager.java:<init>(90)) - Using callQueue: class java.util.concurrent.LinkedBlockingQueue, queueCapacity: 100, scheduler: class org.apache.hadoop.ipc.DefaultRpcScheduler, ipcBackoff: false.
2024-04-26 07:45:16,452 [main] INFO  ipc.Server (Server.java:<init>(1287)) - Listener at 0.0.0.0:15438
2024-04-26 07:45:16,453 [Socket Reader #1 for port 15438] INFO  ipc.Server (Server.java:run(1323)) - Starting Socket Reader #1 for port 15438
2024-04-26 07:45:16,457 [main] INFO  ozone.HddsDatanodeService (HddsDatanodeService.java:start(327)) - Datanode start with admins: [runner]
2024-04-26 07:45:16,457 [main] INFO  ozone.HddsDatanodeClientProtocolServer (HddsDatanodeClientProtocolServer.java:start(77)) - RPC server for Client /0.0.0.0:15438
2024-04-26 07:45:16,458 [IPC Server Responder] INFO  ipc.Server (Server.java:run(1562)) - IPC Server Responder: starting
2024-04-26 07:45:16,458 [IPC Server listener on 15438] INFO  ipc.Server (Server.java:run(1402)) - IPC Server listener on 15438: starting
2024-04-26 07:45:16,460 [ac5950e9-78e7-4600-acb8-d4807d98be63-DatanodeStateMachineDaemonThread] INFO  statemachine.DatanodeStateMachine (DatanodeStateMachine.java:lambda$startDaemon$1(555)) - Ozone container server started.
2024-04-26 07:45:16,461 [main] INFO  ozone.MiniOzoneClusterImpl (MiniOzoneClusterImpl.java:lambda$waitForClusterToBeReady$0(194)) - Waiting for nodes to be ready. Got 0 of 9 DN Heartbeats.
2024-04-26 07:45:16,461 [main] INFO  ozone.MiniOzoneClusterImpl (MiniOzoneClusterImpl.java:lambda$waitForClusterToBeReady$0(197)) - Waiting for cluster to exit safe mode
2024-04-26 07:45:16,461 [main] INFO  ozone.MiniOzoneClusterImpl (MiniOzoneClusterImpl.java:lambda$waitForClusterToBeReady$0(199)) - SCM became leader
2024-04-26 07:45:16,462 [ac5950e9-78e7-4600-acb8-d4807d98be63-DatanodeStateMachineTaskThread-0] INFO  datanode.InitDatanodeState (InitDatanodeState.java:persistContainerDatanodeDetails(139)) - DatanodeDetails is persisted to /home/runner/work/ozone/ozone/hadoop-ozone/integration-test/target/test-dir/MiniOzoneClusterImpl-f8a85056-d908-4111-b8ec-0d6f55fc62ea/ozone-meta/datanode-9/meta/datanode.id
2024-04-26 07:45:17,002 [om1@group-C5BA1605619E-FollowerState] INFO  impl.FollowerState (FollowerState.java:run(143)) - om1@group-C5BA1605619E-FollowerState: change to CANDIDATE, lastRpcElapsedTime:1056535591ns, electionTimeout:1056ms
2024-04-26 07:45:17,002 [om1@group-C5BA1605619E-FollowerState] INFO  impl.RoleInfo (RoleInfo.java:shutdownFollowerState(110)) - om1: shutdown om1@group-C5BA1605619E-FollowerState
2024-04-26 07:45:17,002 [om1@group-C5BA1605619E-FollowerState] INFO  server.RaftServer$Division (RaftServerImpl.java:setRole(383)) - om1@group-C5BA1605619E: changes role from  FOLLOWER to CANDIDATE at term 0 for changeToCandidate
2024-04-26 07:45:17,002 [om1@group-C5BA1605619E-FollowerState] INFO  server.RaftServerConfigKeys (ConfUtils.java:logGet(46)) - raft.server.leaderelection.pre-vote = true (default)
2024-04-26 07:45:17,002 [om1@group-C5BA1605619E-FollowerState] INFO  impl.RoleInfo (RoleInfo.java:updateAndGet(139)) - om1: start om1@group-C5BA1605619E-LeaderElection60
2024-04-26 07:45:17,003 [om1@group-C5BA1605619E-LeaderElection60] INFO  impl.LeaderElection (LeaderElection.java:askForVotes(321)) - om1@group-C5BA1605619E-LeaderElection60 PRE_VOTE round 0: submit vote requests at term 0 for -1: peers:[om1|localhost:15363]|listeners:[], old=null
2024-04-26 07:45:17,003 [om1@group-C5BA1605619E-LeaderElection60] INFO  impl.LeaderElection (LeaderElection.java:askForVotes(323)) - om1@group-C5BA1605619E-LeaderElection60 PRE_VOTE round 0: result PASSED (term=0)
2024-04-26 07:45:17,005 [om1@group-C5BA1605619E-LeaderElection60] INFO  impl.LeaderElection (LeaderElection.java:askForVotes(321)) - om1@group-C5BA1605619E-LeaderElection60 ELECTION round 0: submit vote requests at term 1 for -1: peers:[om1|localhost:15363]|listeners:[], old=null
2024-04-26 07:45:17,005 [om1@group-C5BA1605619E-LeaderElection60] INFO  impl.LeaderElection (LeaderElection.java:askForVotes(323)) - om1@group-C5BA1605619E-LeaderElection60 ELECTION round 0: result PASSED (term=1)
2024-04-26 07:45:17,005 [om1@group-C5BA1605619E-LeaderElection60] INFO  impl.RoleInfo (RoleInfo.java:shutdownLeaderElection(130)) - om1: shutdown om1@group-C5BA1605619E-LeaderElection60
2024-04-26 07:45:17,005 [om1@group-C5BA1605619E-LeaderElection60] INFO  server.RaftServer$Division (RaftServerImpl.java:setRole(383)) - om1@group-C5BA1605619E: changes role from CANDIDATE to LEADER at term 1 for changeToLeader
2024-04-26 07:45:17,005 [om1@group-C5BA1605619E-LeaderElection60] INFO  server.RaftServerConfigKeys (ConfUtils.java:logGet(46)) - raft.server.staging.catchup.gap = 1000 (default)
2024-04-26 07:45:17,005 [om1@group-C5BA1605619E-LeaderElection60] INFO  server.RaftServerConfigKeys (ConfUtils.java:logGet(46)) - raft.server.write.element-limit = 4096 (default)
2024-04-26 07:45:17,005 [om1@group-C5BA1605619E-LeaderElection60] INFO  server.RaftServerConfigKeys (ConfUtils.java:logGet(46)) - raft.server.write.byte-limit = 64MB (=67108864) (default)
2024-04-26 07:45:17,005 [om1@group-C5BA1605619E-LeaderElection60] INFO  server.RaftServerConfigKeys (ConfUtils.java:logGet(46)) - raft.server.watch.timeout = 10s (default)
2024-04-26 07:45:17,005 [om1@group-C5BA1605619E-LeaderElection60] INFO  server.RaftServerConfigKeys (ConfUtils.java:logGet(46)) - raft.server.watch.timeout.denomination = 1s (default)
2024-04-26 07:45:17,005 [om1@group-C5BA1605619E-LeaderElection60] INFO  server.RaftServerConfigKeys (ConfUtils.java:logGet(46)) - raft.server.watch.element-limit = 65536 (default)
2024-04-26 07:45:17,005 [om1@group-C5BA1605619E-LeaderElection60] INFO  server.RaftServerConfigKeys (ConfUtils.java:logGet(46)) - raft.server.read.leader.lease.enabled = false (default)
2024-04-26 07:45:17,005 [om1@group-C5BA1605619E-LeaderElection60] INFO  server.RaftServerConfigKeys (ConfUtils.java:logGet(46)) - raft.server.read.leader.lease.timeout.ratio = 0.9 (default)
2024-04-26 07:45:17,006 [om1@group-C5BA1605619E-LeaderElection60] INFO  server.RaftServerConfigKeys (ConfUtils.java:logGet(46)) - raft.server.rpc.timeout.min = 1s (custom)
2024-04-26 07:45:17,006 [om1@group-C5BA1605619E-LeaderElection60] INFO  server.RaftServerConfigKeys (ConfUtils.java:logGet(46)) - raft.server.write.element-limit = 4096 (default)
2024-04-26 07:45:17,006 [om1@group-C5BA1605619E-LeaderElection60] INFO  server.RaftServerConfigKeys (ConfUtils.java:logGet(46)) - raft.server.write.follower.gap.ratio.max = -1.0 (default)
2024-04-26 07:45:17,006 [om1@group-C5BA1605619E-LeaderElection60] INFO  impl.RoleInfo (RoleInfo.java:updateAndGet(139)) - om1: start om1@group-C5BA1605619E-LeaderStateImpl
2024-04-26 07:45:17,006 [om1@group-C5BA1605619E-LeaderElection60] INFO  server.RaftServer$Division (RaftServerImpl.java:setFirstElection(574)) - om1@group-C5BA1605619E: set firstElectionSinceStartup to false for becomeLeader
2024-04-26 07:45:17,006 [om1@group-C5BA1605619E-LeaderElection60] INFO  server.RaftServer$Division (ServerState.java:setLeader(269)) - om1@group-C5BA1605619E: change Leader from null to om1 at term 1 for becomeLeader, leader elected after 1314ms
2024-04-26 07:45:17,006 [om1@group-C5BA1605619E-LeaderElection60] INFO  segmented.SegmentedRaftLogWorker (SegmentedRaftLogWorker.java:startLogSegment(430)) - om1@group-C5BA1605619E-SegmentedRaftLogWorker: Starting segment from index:0
2024-04-26 07:45:17,006 [om1@group-C5BA1605619E-LeaderElection60] INFO  server.RaftServer$Division (ServerState.java:setRaftConf(386)) - om1@group-C5BA1605619E: set configuration 0: peers:[om1|localhost:15363]|listeners:[], old=null
2024-04-26 07:45:17,006 [om1@group-C5BA1605619E-SegmentedRaftLogWorker] INFO  segmented.BufferedWriteChannel (BufferedWriteChannel.java:open(62)) - open log_inprogress_0 at position 0
2024-04-26 07:45:17,013 [om1@group-C5BA1605619E-SegmentedRaftLogWorker] INFO  segmented.SegmentedRaftLogWorker (SegmentedRaftLogWorker.java:execute(634)) - om1@group-C5BA1605619E-SegmentedRaftLogWorker: created new log segment /home/runner/work/ozone/ozone/hadoop-ozone/integration-test/target/test-dir/MiniOzoneClusterImpl-f8a85056-d908-4111-b8ec-0d6f55fc62ea/ozone-meta/ratis/bf265839-605b-3f16-9796-c5ba1605619e/current/log_inprogress_0
2024-04-26 07:45:17,014 [om1@group-C5BA1605619E-StateMachineUpdater] INFO  ratis.OzoneManagerStateMachine (OzoneManagerStateMachine.java:notifyConfigurationChanged(212)) - Received Configuration change notification from Ratis. New Peer list:
[id: "om1"
address: "localhost:15363"
startupRole: FOLLOWER
]
2024-04-26 07:45:17,014 [om1@group-C5BA1605619E-StateMachineUpdater] INFO  server.RaftServer$Division (LeaderStateImpl.java:isApplied(320)) - leader is ready since appliedIndex == 0 >= startIndex == 0
2024-04-26 07:45:17,461 [main] INFO  ozone.MiniOzoneClusterImpl (MiniOzoneClusterImpl.java:lambda$waitForClusterToBeReady$0(194)) - Waiting for nodes to be ready. Got 0 of 9 DN Heartbeats.
2024-04-26 07:45:17,461 [main] INFO  ozone.MiniOzoneClusterImpl (MiniOzoneClusterImpl.java:lambda$waitForClusterToBeReady$0(197)) - Waiting for cluster to exit safe mode
2024-04-26 07:45:17,461 [main] INFO  ozone.MiniOzoneClusterImpl (MiniOzoneClusterImpl.java:lambda$waitForClusterToBeReady$0(199)) - SCM became leader
2024-04-26 07:45:18,071 [f684478f-b568-4af5-8d70-73cde96e1eae-EndpointStateMachineTaskThread-/0.0.0.0:15358-0 ] INFO  utils.DatanodeStoreCache (DatanodeStoreCache.java:addDB(72)) - Added db /home/runner/work/ozone/ozone/hadoop-ozone/integration-test/target/test-dir/MiniOzoneClusterImpl-f8a85056-d908-4111-b8ec-0d6f55fc62ea/ozone-meta/datanode-1/data-0/hdds/f8a85056-d908-4111-b8ec-0d6f55fc62ea/DS-b20b88e9-e064-4f19-a99b-5884fe352358/container.db to cache
2024-04-26 07:45:18,071 [f684478f-b568-4af5-8d70-73cde96e1eae-EndpointStateMachineTaskThread-/0.0.0.0:15358-0 ] INFO  volume.HddsVolume (HddsVolume.java:createDbStore(437)) - SchemaV3 db is created and loaded at /home/runner/work/ozone/ozone/hadoop-ozone/integration-test/target/test-dir/MiniOzoneClusterImpl-f8a85056-d908-4111-b8ec-0d6f55fc62ea/ozone-meta/datanode-1/data-0/hdds/f8a85056-d908-4111-b8ec-0d6f55fc62ea/DS-b20b88e9-e064-4f19-a99b-5884fe352358/container.db for volume DS-b20b88e9-e064-4f19-a99b-5884fe352358
2024-04-26 07:45:18,072 [f684478f-b568-4af5-8d70-73cde96e1eae-ContainerReader-0] INFO  ozoneimpl.ContainerReader (ContainerReader.java:readVolume(148)) - Start to verify containers on volume /home/runner/work/ozone/ozone/hadoop-ozone/integration-test/target/test-dir/MiniOzoneClusterImpl-f8a85056-d908-4111-b8ec-0d6f55fc62ea/ozone-meta/datanode-1/data-0/hdds
2024-04-26 07:45:18,072 [f684478f-b568-4af5-8d70-73cde96e1eae-ContainerReader-0] INFO  ozoneimpl.ContainerReader (ContainerReader.java:readVolume(178)) - Finish verifying containers on volume /home/runner/work/ozone/ozone/hadoop-ozone/integration-test/target/test-dir/MiniOzoneClusterImpl-f8a85056-d908-4111-b8ec-0d6f55fc62ea/ozone-meta/datanode-1/data-0/hdds
2024-04-26 07:45:18,072 [f684478f-b568-4af5-8d70-73cde96e1eae-EndpointStateMachineTaskThread-/0.0.0.0:15358-0 ] INFO  ozoneimpl.OzoneContainer (OzoneContainer.java:buildContainerSet(328)) - Build ContainerSet costs 0s
2024-04-26 07:45:18,072 [f684478f-b568-4af5-8d70-73cde96e1eae-EndpointStateMachineTaskThread-/0.0.0.0:15358-0 ] INFO  volume.ThrottledAsyncChecker (ThrottledAsyncChecker.java:schedule(141)) - Scheduling a check for /home/runner/work/ozone/ozone/hadoop-ozone/integration-test/target/test-dir/MiniOzoneClusterImpl-f8a85056-d908-4111-b8ec-0d6f55fc62ea/ozone-meta/datanode-1/data-0/hdds
2024-04-26 07:45:18,073 [f684478f-b568-4af5-8d70-73cde96e1eae-EndpointStateMachineTaskThread-/0.0.0.0:15358-0 ] INFO  volume.StorageVolumeChecker (StorageVolumeChecker.java:checkAllVolumes(218)) - Scheduled health check for volume /home/runner/work/ozone/ozone/hadoop-ozone/integration-test/target/test-dir/MiniOzoneClusterImpl-f8a85056-d908-4111-b8ec-0d6f55fc62ea/ozone-meta/datanode-1/data-0/hdds
2024-04-26 07:45:18,073 [f684478f-b568-4af5-8d70-73cde96e1eae-EndpointStateMachineTaskThread-/0.0.0.0:15358-0 ] INFO  volume.ThrottledAsyncChecker (ThrottledAsyncChecker.java:schedule(141)) - Scheduling a check for /home/runner/work/ozone/ozone/hadoop-ozone/integration-test/target/test-dir/MiniOzoneClusterImpl-f8a85056-d908-4111-b8ec-0d6f55fc62ea/ozone-meta/datanode-1/ratis
2024-04-26 07:45:18,073 [f684478f-b568-4af5-8d70-73cde96e1eae-EndpointStateMachineTaskThread-/0.0.0.0:15358-0 ] INFO  volume.StorageVolumeChecker (StorageVolumeChecker.java:checkAllVolumes(218)) - Scheduled health check for volume /home/runner/work/ozone/ozone/hadoop-ozone/integration-test/target/test-dir/MiniOzoneClusterImpl-f8a85056-d908-4111-b8ec-0d6f55fc62ea/ozone-meta/datanode-1/ratis
2024-04-26 07:45:18,074 [f684478f-b568-4af5-8d70-73cde96e1eae-EndpointStateMachineTaskThread-/0.0.0.0:15358-0 ] INFO  ozoneimpl.OzoneContainer (OzoneContainer.java:start(459)) - Attempting to start container services.
2024-04-26 07:45:18,074 [ContainerMetadataScanner] INFO  ozoneimpl.AbstractBackgroundContainerScanner (AbstractBackgroundContainerScanner.java:runIteration(87)) - Completed an iteration in 0 minutes. Number of iterations (since the data-node restart) : 1, Number of containers scanned in this iteration : 0, Number of unhealthy containers found in this iteration : 0
2024-04-26 07:45:18,075 [f684478f-b568-4af5-8d70-73cde96e1eae-EndpointStateMachineTaskThread-/0.0.0.0:15358-0 ] INFO  replication.ReplicationServer (ReplicationServer.java:start(142)) - ReplicationServer is started using port 15372
2024-04-26 07:45:18,075 [ContainerDataScanner(/home/runner/work/ozone/ozone/hadoop-ozone/integration-test/target/test-dir/MiniOzoneClusterImpl-f8a85056-d908-4111-b8ec-0d6f55fc62ea/ozone-meta/datanode-1/data-0/hdds)] INFO  ozoneimpl.AbstractBackgroundContainerScanner (AbstractBackgroundContainerScanner.java:runIteration(87)) - Completed an iteration in 0 minutes. Number of iterations (since the data-node restart) : 1, Number of containers scanned in this iteration : 0, Number of unhealthy containers found in this iteration : 0
2024-04-26 07:45:18,075 [f684478f-b568-4af5-8d70-73cde96e1eae-EndpointStateMachineTaskThread-/0.0.0.0:15358-0 ] INFO  ratis.XceiverServerRatis (XceiverServerRatis.java:start(566)) - Starting XceiverServerRatis f684478f-b568-4af5-8d70-73cde96e1eae
2024-04-26 07:45:18,075 [f684478f-b568-4af5-8d70-73cde96e1eae-EndpointStateMachineTaskThread-/0.0.0.0:15358-0 ] INFO  server.RaftServer (RaftServerProxy.java:startImpl(406)) - f684478f-b568-4af5-8d70-73cde96e1eae: start RPC server
2024-04-26 07:45:18,076 [f684478f-b568-4af5-8d70-73cde96e1eae-EndpointStateMachineTaskThread-/0.0.0.0:15358-0 ] INFO  server.GrpcService (GrpcService.java:startImpl(302)) - f684478f-b568-4af5-8d70-73cde96e1eae: GrpcService started, listening on 15368
2024-04-26 07:45:18,076 [f684478f-b568-4af5-8d70-73cde96e1eae-EndpointStateMachineTaskThread-/0.0.0.0:15358-0 ] INFO  server.GrpcService (GrpcService.java:startImpl(302)) - f684478f-b568-4af5-8d70-73cde96e1eae: GrpcService started, listening on 15370
2024-04-26 07:45:18,076 [f684478f-b568-4af5-8d70-73cde96e1eae-EndpointStateMachineTaskThread-/0.0.0.0:15358-0 ] INFO  server.GrpcService (GrpcService.java:startImpl(302)) - f684478f-b568-4af5-8d70-73cde96e1eae: GrpcService started, listening on 15369
2024-04-26 07:45:18,076 [f684478f-b568-4af5-8d70-73cde96e1eae-EndpointStateMachineTaskThread-/0.0.0.0:15358-0 ] INFO  ratis.XceiverServerRatis (XceiverServerRatis.java:getRealPort(592)) - XceiverServerRatis f684478f-b568-4af5-8d70-73cde96e1eae is started using port 15368 for RATIS
2024-04-26 07:45:18,076 [JvmPauseMonitor46] INFO  util.JvmPauseMonitor (JvmPauseMonitor.java:run(146)) - JvmPauseMonitor-f684478f-b568-4af5-8d70-73cde96e1eae: Started
2024-04-26 07:45:18,076 [f684478f-b568-4af5-8d70-73cde96e1eae-EndpointStateMachineTaskThread-/0.0.0.0:15358-0 ] INFO  ratis.XceiverServerRatis (XceiverServerRatis.java:getRealPort(592)) - XceiverServerRatis f684478f-b568-4af5-8d70-73cde96e1eae is started using port 15369 for RATIS_ADMIN
2024-04-26 07:45:18,076 [f684478f-b568-4af5-8d70-73cde96e1eae-EndpointStateMachineTaskThread-/0.0.0.0:15358-0 ] INFO  ratis.XceiverServerRatis (XceiverServerRatis.java:getRealPort(592)) - XceiverServerRatis f684478f-b568-4af5-8d70-73cde96e1eae is started using port 15370 for RATIS_SERVER
2024-04-26 07:45:18,076 [f684478f-b568-4af5-8d70-73cde96e1eae-EndpointStateMachineTaskThread-/0.0.0.0:15358-0 ] INFO  ratis.XceiverServerRatis (XceiverServerRatis.java:getRealPort(592)) - XceiverServerRatis f684478f-b568-4af5-8d70-73cde96e1eae is started using port 15371 for RATIS_DATASTREAM
2024-04-26 07:45:18,077 [f684478f-b568-4af5-8d70-73cde96e1eae-BlockDeletingService#0] INFO  interfaces.ContainerDeletionChoosingPolicyTemplate (ContainerDeletionChoosingPolicyTemplate.java:chooseContainerForBlockDeletion(85)) - Chosen 0/5000 blocks from 0 candidate containers.
2024-04-26 07:45:18,113 [69327c76-d33b-4896-9f65-b4e7feed79ae-EndpointStateMachineTaskThread-/0.0.0.0:15358-0 ] INFO  utils.DatanodeStoreCache (DatanodeStoreCache.java:addDB(72)) - Added db /home/runner/work/ozone/ozone/hadoop-ozone/integration-test/target/test-dir/MiniOzoneClusterImpl-f8a85056-d908-4111-b8ec-0d6f55fc62ea/ozone-meta/datanode-2/data-0/hdds/f8a85056-d908-4111-b8ec-0d6f55fc62ea/DS-25c28106-cc3f-4ca0-bb5e-4a2fa8dfde20/container.db to cache
2024-04-26 07:45:18,113 [69327c76-d33b-4896-9f65-b4e7feed79ae-EndpointStateMachineTaskThread-/0.0.0.0:15358-0 ] INFO  volume.HddsVolume (HddsVolume.java:createDbStore(437)) - SchemaV3 db is created and loaded at /home/runner/work/ozone/ozone/hadoop-ozone/integration-test/target/test-dir/MiniOzoneClusterImpl-f8a85056-d908-4111-b8ec-0d6f55fc62ea/ozone-meta/datanode-2/data-0/hdds/f8a85056-d908-4111-b8ec-0d6f55fc62ea/DS-25c28106-cc3f-4ca0-bb5e-4a2fa8dfde20/container.db for volume DS-25c28106-cc3f-4ca0-bb5e-4a2fa8dfde20
2024-04-26 07:45:18,114 [69327c76-d33b-4896-9f65-b4e7feed79ae-ContainerReader-0] INFO  ozoneimpl.ContainerReader (ContainerReader.java:readVolume(148)) - Start to verify containers on volume /home/runner/work/ozone/ozone/hadoop-ozone/integration-test/target/test-dir/MiniOzoneClusterImpl-f8a85056-d908-4111-b8ec-0d6f55fc62ea/ozone-meta/datanode-2/data-0/hdds
2024-04-26 07:45:18,114 [69327c76-d33b-4896-9f65-b4e7feed79ae-ContainerReader-0] INFO  ozoneimpl.ContainerReader (ContainerReader.java:readVolume(178)) - Finish verifying containers on volume /home/runner/work/ozone/ozone/hadoop-ozone/integration-test/target/test-dir/MiniOzoneClusterImpl-f8a85056-d908-4111-b8ec-0d6f55fc62ea/ozone-meta/datanode-2/data-0/hdds
2024-04-26 07:45:18,115 [69327c76-d33b-4896-9f65-b4e7feed79ae-EndpointStateMachineTaskThread-/0.0.0.0:15358-0 ] INFO  ozoneimpl.OzoneContainer (OzoneContainer.java:buildContainerSet(328)) - Build ContainerSet costs 0s
2024-04-26 07:45:18,115 [69327c76-d33b-4896-9f65-b4e7feed79ae-EndpointStateMachineTaskThread-/0.0.0.0:15358-0 ] INFO  volume.ThrottledAsyncChecker (ThrottledAsyncChecker.java:schedule(141)) - Scheduling a check for /home/runner/work/ozone/ozone/hadoop-ozone/integration-test/target/test-dir/MiniOzoneClusterImpl-f8a85056-d908-4111-b8ec-0d6f55fc62ea/ozone-meta/datanode-2/data-0/hdds
2024-04-26 07:45:18,115 [69327c76-d33b-4896-9f65-b4e7feed79ae-EndpointStateMachineTaskThread-/0.0.0.0:15358-0 ] INFO  volume.StorageVolumeChecker (StorageVolumeChecker.java:checkAllVolumes(218)) - Scheduled health check for volume /home/runner/work/ozone/ozone/hadoop-ozone/integration-test/target/test-dir/MiniOzoneClusterImpl-f8a85056-d908-4111-b8ec-0d6f55fc62ea/ozone-meta/datanode-2/data-0/hdds
2024-04-26 07:45:18,116 [69327c76-d33b-4896-9f65-b4e7feed79ae-EndpointStateMachineTaskThread-/0.0.0.0:15358-0 ] INFO  volume.ThrottledAsyncChecker (ThrottledAsyncChecker.java:schedule(141)) - Scheduling a check for /home/runner/work/ozone/ozone/hadoop-ozone/integration-test/target/test-dir/MiniOzoneClusterImpl-f8a85056-d908-4111-b8ec-0d6f55fc62ea/ozone-meta/datanode-2/ratis
2024-04-26 07:45:18,116 [69327c76-d33b-4896-9f65-b4e7feed79ae-EndpointStateMachineTaskThread-/0.0.0.0:15358-0 ] INFO  volume.StorageVolumeChecker (StorageVolumeChecker.java:checkAllVolumes(218)) - Scheduled health check for volume /home/runner/work/ozone/ozone/hadoop-ozone/integration-test/target/test-dir/MiniOzoneClusterImpl-f8a85056-d908-4111-b8ec-0d6f55fc62ea/ozone-meta/datanode-2/ratis
2024-04-26 07:45:18,116 [69327c76-d33b-4896-9f65-b4e7feed79ae-EndpointStateMachineTaskThread-/0.0.0.0:15358-0 ] INFO  ozoneimpl.OzoneContainer (OzoneContainer.java:start(459)) - Attempting to start container services.
2024-04-26 07:45:18,116 [69327c76-d33b-4896-9f65-b4e7feed79ae-EndpointStateMachineTaskThread-/0.0.0.0:15358-0 ] WARN  ozoneimpl.OnDemandContainerDataScanner (OnDemandContainerDataScanner.java:init(75)) - Trying to initialize on demand scanner a second time on a datanode.
2024-04-26 07:45:18,117 [ContainerMetadataScanner] INFO  ozoneimpl.AbstractBackgroundContainerScanner (AbstractBackgroundContainerScanner.java:runIteration(87)) - Completed an iteration in 0 minutes. Number of iterations (since the data-node restart) : 1, Number of containers scanned in this iteration : 0, Number of unhealthy containers found in this iteration : 0
2024-04-26 07:45:18,117 [ContainerDataScanner(/home/runner/work/ozone/ozone/hadoop-ozone/integration-test/target/test-dir/MiniOzoneClusterImpl-f8a85056-d908-4111-b8ec-0d6f55fc62ea/ozone-meta/datanode-2/data-0/hdds)] INFO  ozoneimpl.AbstractBackgroundContainerScanner (AbstractBackgroundContainerScanner.java:runIteration(87)) - Completed an iteration in 0 minutes. Number of iterations (since the data-node restart) : 1, Number of containers scanned in this iteration : 0, Number of unhealthy containers found in this iteration : 0
2024-04-26 07:45:18,117 [69327c76-d33b-4896-9f65-b4e7feed79ae-EndpointStateMachineTaskThread-/0.0.0.0:15358-0 ] INFO  replication.ReplicationServer (ReplicationServer.java:start(142)) - ReplicationServer is started using port 15381
2024-04-26 07:45:18,117 [69327c76-d33b-4896-9f65-b4e7feed79ae-EndpointStateMachineTaskThread-/0.0.0.0:15358-0 ] INFO  ratis.XceiverServerRatis (XceiverServerRatis.java:start(566)) - Starting XceiverServerRatis 69327c76-d33b-4896-9f65-b4e7feed79ae
2024-04-26 07:45:18,121 [69327c76-d33b-4896-9f65-b4e7feed79ae-EndpointStateMachineTaskThread-/0.0.0.0:15358-0 ] INFO  server.RaftServer (RaftServerProxy.java:startImpl(406)) - 69327c76-d33b-4896-9f65-b4e7feed79ae: start RPC server
2024-04-26 07:45:18,121 [69327c76-d33b-4896-9f65-b4e7feed79ae-EndpointStateMachineTaskThread-/0.0.0.0:15358-0 ] INFO  server.GrpcService (GrpcService.java:startImpl(302)) - 69327c76-d33b-4896-9f65-b4e7feed79ae: GrpcService started, listening on 15377
2024-04-26 07:45:18,121 [69327c76-d33b-4896-9f65-b4e7feed79ae-EndpointStateMachineTaskThread-/0.0.0.0:15358-0 ] INFO  server.GrpcService (GrpcService.java:startImpl(302)) - 69327c76-d33b-4896-9f65-b4e7feed79ae: GrpcService started, listening on 15379
2024-04-26 07:45:18,121 [69327c76-d33b-4896-9f65-b4e7feed79ae-EndpointStateMachineTaskThread-/0.0.0.0:15358-0 ] INFO  server.GrpcService (GrpcService.java:startImpl(302)) - 69327c76-d33b-4896-9f65-b4e7feed79ae: GrpcService started, listening on 15378
2024-04-26 07:45:18,121 [69327c76-d33b-4896-9f65-b4e7feed79ae-EndpointStateMachineTaskThread-/0.0.0.0:15358-0 ] INFO  ratis.XceiverServerRatis (XceiverServerRatis.java:getRealPort(592)) - XceiverServerRatis 69327c76-d33b-4896-9f65-b4e7feed79ae is started using port 15377 for RATIS
2024-04-26 07:45:18,121 [69327c76-d33b-4896-9f65-b4e7feed79ae-EndpointStateMachineTaskThread-/0.0.0.0:15358-0 ] INFO  ratis.XceiverServerRatis (XceiverServerRatis.java:getRealPort(592)) - XceiverServerRatis 69327c76-d33b-4896-9f65-b4e7feed79ae is started using port 15378 for RATIS_ADMIN
2024-04-26 07:45:18,121 [69327c76-d33b-4896-9f65-b4e7feed79ae-EndpointStateMachineTaskThread-/0.0.0.0:15358-0 ] INFO  ratis.XceiverServerRatis (XceiverServerRatis.java:getRealPort(592)) - XceiverServerRatis 69327c76-d33b-4896-9f65-b4e7feed79ae is started using port 15379 for RATIS_SERVER
2024-04-26 07:45:18,122 [69327c76-d33b-4896-9f65-b4e7feed79ae-EndpointStateMachineTaskThread-/0.0.0.0:15358-0 ] INFO  ratis.XceiverServerRatis (XceiverServerRatis.java:getRealPort(592)) - XceiverServerRatis 69327c76-d33b-4896-9f65-b4e7feed79ae is started using port 15380 for RATIS_DATASTREAM
2024-04-26 07:45:18,121 [JvmPauseMonitor47] INFO  util.JvmPauseMonitor (JvmPauseMonitor.java:run(146)) - JvmPauseMonitor-69327c76-d33b-4896-9f65-b4e7feed79ae: Started
2024-04-26 07:45:18,125 [69327c76-d33b-4896-9f65-b4e7feed79ae-BlockDeletingService#0] INFO  interfaces.ContainerDeletionChoosingPolicyTemplate (ContainerDeletionChoosingPolicyTemplate.java:chooseContainerForBlockDeletion(85)) - Chosen 0/5000 blocks from 0 candidate containers.
2024-04-26 07:45:18,170 [cad2128f-a1ed-4156-bd3d-e0bb4df6aa32-EndpointStateMachineTaskThread-/0.0.0.0:15358-0 ] INFO  utils.DatanodeStoreCache (DatanodeStoreCache.java:addDB(72)) - Added db /home/runner/work/ozone/ozone/hadoop-ozone/integration-test/target/test-dir/MiniOzoneClusterImpl-f8a85056-d908-4111-b8ec-0d6f55fc62ea/ozone-meta/datanode-3/data-0/hdds/f8a85056-d908-4111-b8ec-0d6f55fc62ea/DS-b240e260-4d7f-429f-9351-2c7cefcaac83/container.db to cache
2024-04-26 07:45:18,170 [cad2128f-a1ed-4156-bd3d-e0bb4df6aa32-EndpointStateMachineTaskThread-/0.0.0.0:15358-0 ] INFO  volume.HddsVolume (HddsVolume.java:createDbStore(437)) - SchemaV3 db is created and loaded at /home/runner/work/ozone/ozone/hadoop-ozone/integration-test/target/test-dir/MiniOzoneClusterImpl-f8a85056-d908-4111-b8ec-0d6f55fc62ea/ozone-meta/datanode-3/data-0/hdds/f8a85056-d908-4111-b8ec-0d6f55fc62ea/DS-b240e260-4d7f-429f-9351-2c7cefcaac83/container.db for volume DS-b240e260-4d7f-429f-9351-2c7cefcaac83
2024-04-26 07:45:18,172 [cad2128f-a1ed-4156-bd3d-e0bb4df6aa32-ContainerReader-0] INFO  ozoneimpl.ContainerReader (ContainerReader.java:readVolume(148)) - Start to verify containers on volume /home/runner/work/ozone/ozone/hadoop-ozone/integration-test/target/test-dir/MiniOzoneClusterImpl-f8a85056-d908-4111-b8ec-0d6f55fc62ea/ozone-meta/datanode-3/data-0/hdds
2024-04-26 07:45:18,172 [cad2128f-a1ed-4156-bd3d-e0bb4df6aa32-ContainerReader-0] INFO  ozoneimpl.ContainerReader (ContainerReader.java:readVolume(178)) - Finish verifying containers on volume /home/runner/work/ozone/ozone/hadoop-ozone/integration-test/target/test-dir/MiniOzoneClusterImpl-f8a85056-d908-4111-b8ec-0d6f55fc62ea/ozone-meta/datanode-3/data-0/hdds
2024-04-26 07:45:18,172 [cad2128f-a1ed-4156-bd3d-e0bb4df6aa32-EndpointStateMachineTaskThread-/0.0.0.0:15358-0 ] INFO  ozoneimpl.OzoneContainer (OzoneContainer.java:buildContainerSet(328)) - Build ContainerSet costs 0s
2024-04-26 07:45:18,172 [cad2128f-a1ed-4156-bd3d-e0bb4df6aa32-EndpointStateMachineTaskThread-/0.0.0.0:15358-0 ] INFO  volume.ThrottledAsyncChecker (ThrottledAsyncChecker.java:schedule(141)) - Scheduling a check for /home/runner/work/ozone/ozone/hadoop-ozone/integration-test/target/test-dir/MiniOzoneClusterImpl-f8a85056-d908-4111-b8ec-0d6f55fc62ea/ozone-meta/datanode-3/data-0/hdds
2024-04-26 07:45:18,172 [cad2128f-a1ed-4156-bd3d-e0bb4df6aa32-EndpointStateMachineTaskThread-/0.0.0.0:15358-0 ] INFO  volume.StorageVolumeChecker (StorageVolumeChecker.java:checkAllVolumes(218)) - Scheduled health check for volume /home/runner/work/ozone/ozone/hadoop-ozone/integration-test/target/test-dir/MiniOzoneClusterImpl-f8a85056-d908-4111-b8ec-0d6f55fc62ea/ozone-meta/datanode-3/data-0/hdds
2024-04-26 07:45:18,173 [cad2128f-a1ed-4156-bd3d-e0bb4df6aa32-EndpointStateMachineTaskThread-/0.0.0.0:15358-0 ] INFO  volume.ThrottledAsyncChecker (ThrottledAsyncChecker.java:schedule(141)) - Scheduling a check for /home/runner/work/ozone/ozone/hadoop-ozone/integration-test/target/test-dir/MiniOzoneClusterImpl-f8a85056-d908-4111-b8ec-0d6f55fc62ea/ozone-meta/datanode-3/ratis
2024-04-26 07:45:18,173 [cad2128f-a1ed-4156-bd3d-e0bb4df6aa32-EndpointStateMachineTaskThread-/0.0.0.0:15358-0 ] INFO  volume.StorageVolumeChecker (StorageVolumeChecker.java:checkAllVolumes(218)) - Scheduled health check for volume /home/runner/work/ozone/ozone/hadoop-ozone/integration-test/target/test-dir/MiniOzoneClusterImpl-f8a85056-d908-4111-b8ec-0d6f55fc62ea/ozone-meta/datanode-3/ratis
2024-04-26 07:45:18,173 [cad2128f-a1ed-4156-bd3d-e0bb4df6aa32-EndpointStateMachineTaskThread-/0.0.0.0:15358-0 ] INFO  ozoneimpl.OzoneContainer (OzoneContainer.java:start(459)) - Attempting to start container services.
2024-04-26 07:45:18,174 [cad2128f-a1ed-4156-bd3d-e0bb4df6aa32-EndpointStateMachineTaskThread-/0.0.0.0:15358-0 ] WARN  ozoneimpl.OnDemandContainerDataScanner (OnDemandContainerDataScanner.java:init(75)) - Trying to initialize on demand scanner a second time on a datanode.
2024-04-26 07:45:18,174 [ContainerMetadataScanner] INFO  ozoneimpl.AbstractBackgroundContainerScanner (AbstractBackgroundContainerScanner.java:runIteration(87)) - Completed an iteration in 0 minutes. Number of iterations (since the data-node restart) : 1, Number of containers scanned in this iteration : 0, Number of unhealthy containers found in this iteration : 0
2024-04-26 07:45:18,174 [ContainerDataScanner(/home/runner/work/ozone/ozone/hadoop-ozone/integration-test/target/test-dir/MiniOzoneClusterImpl-f8a85056-d908-4111-b8ec-0d6f55fc62ea/ozone-meta/datanode-3/data-0/hdds)] INFO  ozoneimpl.AbstractBackgroundContainerScanner (AbstractBackgroundContainerScanner.java:runIteration(87)) - Completed an iteration in 0 minutes. Number of iterations (since the data-node restart) : 1, Number of containers scanned in this iteration : 0, Number of unhealthy containers found in this iteration : 0
2024-04-26 07:45:18,174 [cad2128f-a1ed-4156-bd3d-e0bb4df6aa32-EndpointStateMachineTaskThread-/0.0.0.0:15358-0 ] INFO  replication.ReplicationServer (ReplicationServer.java:start(142)) - ReplicationServer is started using port 15390
2024-04-26 07:45:18,174 [cad2128f-a1ed-4156-bd3d-e0bb4df6aa32-EndpointStateMachineTaskThread-/0.0.0.0:15358-0 ] INFO  ratis.XceiverServerRatis (XceiverServerRatis.java:start(566)) - Starting XceiverServerRatis cad2128f-a1ed-4156-bd3d-e0bb4df6aa32
2024-04-26 07:45:18,175 [cad2128f-a1ed-4156-bd3d-e0bb4df6aa32-EndpointStateMachineTaskThread-/0.0.0.0:15358-0 ] INFO  server.RaftServer (RaftServerProxy.java:startImpl(406)) - cad2128f-a1ed-4156-bd3d-e0bb4df6aa32: start RPC server
2024-04-26 07:45:18,175 [cad2128f-a1ed-4156-bd3d-e0bb4df6aa32-EndpointStateMachineTaskThread-/0.0.0.0:15358-0 ] INFO  server.GrpcService (GrpcService.java:startImpl(302)) - cad2128f-a1ed-4156-bd3d-e0bb4df6aa32: GrpcService started, listening on 15386
2024-04-26 07:45:18,175 [cad2128f-a1ed-4156-bd3d-e0bb4df6aa32-EndpointStateMachineTaskThread-/0.0.0.0:15358-0 ] INFO  server.GrpcService (GrpcService.java:startImpl(302)) - cad2128f-a1ed-4156-bd3d-e0bb4df6aa32: GrpcService started, listening on 15388
2024-04-26 07:45:18,175 [cad2128f-a1ed-4156-bd3d-e0bb4df6aa32-EndpointStateMachineTaskThread-/0.0.0.0:15358-0 ] INFO  server.GrpcService (GrpcService.java:startImpl(302)) - cad2128f-a1ed-4156-bd3d-e0bb4df6aa32: GrpcService started, listening on 15387
2024-04-26 07:45:18,175 [cad2128f-a1ed-4156-bd3d-e0bb4df6aa32-EndpointStateMachineTaskThread-/0.0.0.0:15358-0 ] INFO  ratis.XceiverServerRatis (XceiverServerRatis.java:getRealPort(592)) - XceiverServerRatis cad2128f-a1ed-4156-bd3d-e0bb4df6aa32 is started using port 15386 for RATIS
2024-04-26 07:45:18,175 [cad2128f-a1ed-4156-bd3d-e0bb4df6aa32-EndpointStateMachineTaskThread-/0.0.0.0:15358-0 ] INFO  ratis.XceiverServerRatis (XceiverServerRatis.java:getRealPort(592)) - XceiverServerRatis cad2128f-a1ed-4156-bd3d-e0bb4df6aa32 is started using port 15387 for RATIS_ADMIN
2024-04-26 07:45:18,176 [cad2128f-a1ed-4156-bd3d-e0bb4df6aa32-EndpointStateMachineTaskThread-/0.0.0.0:15358-0 ] INFO  ratis.XceiverServerRatis (XceiverServerRatis.java:getRealPort(592)) - XceiverServerRatis cad2128f-a1ed-4156-bd3d-e0bb4df6aa32 is started using port 15388 for RATIS_SERVER
2024-04-26 07:45:18,176 [cad2128f-a1ed-4156-bd3d-e0bb4df6aa32-EndpointStateMachineTaskThread-/0.0.0.0:15358-0 ] INFO  ratis.XceiverServerRatis (XceiverServerRatis.java:getRealPort(592)) - XceiverServerRatis cad2128f-a1ed-4156-bd3d-e0bb4df6aa32 is started using port 15389 for RATIS_DATASTREAM
2024-04-26 07:45:18,175 [JvmPauseMonitor48] INFO  util.JvmPauseMonitor (JvmPauseMonitor.java:run(146)) - JvmPauseMonitor-cad2128f-a1ed-4156-bd3d-e0bb4df6aa32: Started
2024-04-26 07:45:18,176 [cad2128f-a1ed-4156-bd3d-e0bb4df6aa32-BlockDeletingService#0] INFO  interfaces.ContainerDeletionChoosingPolicyTemplate (ContainerDeletionChoosingPolicyTemplate.java:chooseContainerForBlockDeletion(85)) - Chosen 0/5000 blocks from 0 candidate containers.
2024-04-26 07:45:18,218 [007259ab-dd98-41c4-869b-5f1f47ad54d0-EndpointStateMachineTaskThread-/0.0.0.0:15358-0 ] INFO  utils.DatanodeStoreCache (DatanodeStoreCache.java:addDB(72)) - Added db /home/runner/work/ozone/ozone/hadoop-ozone/integration-test/target/test-dir/MiniOzoneClusterImpl-f8a85056-d908-4111-b8ec-0d6f55fc62ea/ozone-meta/datanode-4/data-0/hdds/f8a85056-d908-4111-b8ec-0d6f55fc62ea/DS-2a67be2f-0356-419a-a9bb-6e2af2d0ce8e/container.db to cache
2024-04-26 07:45:18,218 [007259ab-dd98-41c4-869b-5f1f47ad54d0-EndpointStateMachineTaskThread-/0.0.0.0:15358-0 ] INFO  volume.HddsVolume (HddsVolume.java:createDbStore(437)) - SchemaV3 db is created and loaded at /home/runner/work/ozone/ozone/hadoop-ozone/integration-test/target/test-dir/MiniOzoneClusterImpl-f8a85056-d908-4111-b8ec-0d6f55fc62ea/ozone-meta/datanode-4/data-0/hdds/f8a85056-d908-4111-b8ec-0d6f55fc62ea/DS-2a67be2f-0356-419a-a9bb-6e2af2d0ce8e/container.db for volume DS-2a67be2f-0356-419a-a9bb-6e2af2d0ce8e
2024-04-26 07:45:18,220 [007259ab-dd98-41c4-869b-5f1f47ad54d0-ContainerReader-0] INFO  ozoneimpl.ContainerReader (ContainerReader.java:readVolume(148)) - Start to verify containers on volume /home/runner/work/ozone/ozone/hadoop-ozone/integration-test/target/test-dir/MiniOzoneClusterImpl-f8a85056-d908-4111-b8ec-0d6f55fc62ea/ozone-meta/datanode-4/data-0/hdds
2024-04-26 07:45:18,220 [007259ab-dd98-41c4-869b-5f1f47ad54d0-ContainerReader-0] INFO  ozoneimpl.ContainerReader (ContainerReader.java:readVolume(178)) - Finish verifying containers on volume /home/runner/work/ozone/ozone/hadoop-ozone/integration-test/target/test-dir/MiniOzoneClusterImpl-f8a85056-d908-4111-b8ec-0d6f55fc62ea/ozone-meta/datanode-4/data-0/hdds
2024-04-26 07:45:18,220 [007259ab-dd98-41c4-869b-5f1f47ad54d0-EndpointStateMachineTaskThread-/0.0.0.0:15358-0 ] INFO  ozoneimpl.OzoneContainer (OzoneContainer.java:buildContainerSet(328)) - Build ContainerSet costs 0s
2024-04-26 07:45:18,220 [007259ab-dd98-41c4-869b-5f1f47ad54d0-EndpointStateMachineTaskThread-/0.0.0.0:15358-0 ] INFO  volume.ThrottledAsyncChecker (ThrottledAsyncChecker.java:schedule(141)) - Scheduling a check for /home/runner/work/ozone/ozone/hadoop-ozone/integration-test/target/test-dir/MiniOzoneClusterImpl-f8a85056-d908-4111-b8ec-0d6f55fc62ea/ozone-meta/datanode-4/data-0/hdds
2024-04-26 07:45:18,220 [007259ab-dd98-41c4-869b-5f1f47ad54d0-EndpointStateMachineTaskThread-/0.0.0.0:15358-0 ] INFO  volume.StorageVolumeChecker (StorageVolumeChecker.java:checkAllVolumes(218)) - Scheduled health check for volume /home/runner/work/ozone/ozone/hadoop-ozone/integration-test/target/test-dir/MiniOzoneClusterImpl-f8a85056-d908-4111-b8ec-0d6f55fc62ea/ozone-meta/datanode-4/data-0/hdds
2024-04-26 07:45:18,224 [007259ab-dd98-41c4-869b-5f1f47ad54d0-EndpointStateMachineTaskThread-/0.0.0.0:15358-0 ] INFO  volume.ThrottledAsyncChecker (ThrottledAsyncChecker.java:schedule(141)) - Scheduling a check for /home/runner/work/ozone/ozone/hadoop-ozone/integration-test/target/test-dir/MiniOzoneClusterImpl-f8a85056-d908-4111-b8ec-0d6f55fc62ea/ozone-meta/datanode-4/ratis
2024-04-26 07:45:18,225 [007259ab-dd98-41c4-869b-5f1f47ad54d0-EndpointStateMachineTaskThread-/0.0.0.0:15358-0 ] INFO  volume.StorageVolumeChecker (StorageVolumeChecker.java:checkAllVolumes(218)) - Scheduled health check for volume /home/runner/work/ozone/ozone/hadoop-ozone/integration-test/target/test-dir/MiniOzoneClusterImpl-f8a85056-d908-4111-b8ec-0d6f55fc62ea/ozone-meta/datanode-4/ratis
2024-04-26 07:45:18,225 [007259ab-dd98-41c4-869b-5f1f47ad54d0-EndpointStateMachineTaskThread-/0.0.0.0:15358-0 ] INFO  ozoneimpl.OzoneContainer (OzoneContainer.java:start(459)) - Attempting to start container services.
2024-04-26 07:45:18,225 [007259ab-dd98-41c4-869b-5f1f47ad54d0-EndpointStateMachineTaskThread-/0.0.0.0:15358-0 ] WARN  ozoneimpl.OnDemandContainerDataScanner (OnDemandContainerDataScanner.java:init(75)) - Trying to initialize on demand scanner a second time on a datanode.
2024-04-26 07:45:18,225 [ContainerMetadataScanner] INFO  ozoneimpl.AbstractBackgroundContainerScanner (AbstractBackgroundContainerScanner.java:runIteration(87)) - Completed an iteration in 0 minutes. Number of iterations (since the data-node restart) : 1, Number of containers scanned in this iteration : 0, Number of unhealthy containers found in this iteration : 0
2024-04-26 07:45:18,226 [007259ab-dd98-41c4-869b-5f1f47ad54d0-EndpointStateMachineTaskThread-/0.0.0.0:15358-0 ] INFO  replication.ReplicationServer (ReplicationServer.java:start(142)) - ReplicationServer is started using port 15399
2024-04-26 07:45:18,226 [ContainerDataScanner(/home/runner/work/ozone/ozone/hadoop-ozone/integration-test/target/test-dir/MiniOzoneClusterImpl-f8a85056-d908-4111-b8ec-0d6f55fc62ea/ozone-meta/datanode-4/data-0/hdds)] INFO  ozoneimpl.AbstractBackgroundContainerScanner (AbstractBackgroundContainerScanner.java:runIteration(87)) - Completed an iteration in 0 minutes. Number of iterations (since the data-node restart) : 1, Number of containers scanned in this iteration : 0, Number of unhealthy containers found in this iteration : 0
2024-04-26 07:45:18,226 [007259ab-dd98-41c4-869b-5f1f47ad54d0-EndpointStateMachineTaskThread-/0.0.0.0:15358-0 ] INFO  ratis.XceiverServerRatis (XceiverServerRatis.java:start(566)) - Starting XceiverServerRatis 007259ab-dd98-41c4-869b-5f1f47ad54d0
2024-04-26 07:45:18,227 [007259ab-dd98-41c4-869b-5f1f47ad54d0-EndpointStateMachineTaskThread-/0.0.0.0:15358-0 ] INFO  server.RaftServer (RaftServerProxy.java:startImpl(406)) - 007259ab-dd98-41c4-869b-5f1f47ad54d0: start RPC server
2024-04-26 07:45:18,227 [007259ab-dd98-41c4-869b-5f1f47ad54d0-EndpointStateMachineTaskThread-/0.0.0.0:15358-0 ] INFO  server.GrpcService (GrpcService.java:startImpl(302)) - 007259ab-dd98-41c4-869b-5f1f47ad54d0: GrpcService started, listening on 15395
2024-04-26 07:45:18,227 [007259ab-dd98-41c4-869b-5f1f47ad54d0-EndpointStateMachineTaskThread-/0.0.0.0:15358-0 ] INFO  server.GrpcService (GrpcService.java:startImpl(302)) - 007259ab-dd98-41c4-869b-5f1f47ad54d0: GrpcService started, listening on 15397
2024-04-26 07:45:18,227 [007259ab-dd98-41c4-869b-5f1f47ad54d0-EndpointStateMachineTaskThread-/0.0.0.0:15358-0 ] INFO  server.GrpcService (GrpcService.java:startImpl(302)) - 007259ab-dd98-41c4-869b-5f1f47ad54d0: GrpcService started, listening on 15396
2024-04-26 07:45:18,227 [007259ab-dd98-41c4-869b-5f1f47ad54d0-EndpointStateMachineTaskThread-/0.0.0.0:15358-0 ] INFO  ratis.XceiverServerRatis (XceiverServerRatis.java:getRealPort(592)) - XceiverServerRatis 007259ab-dd98-41c4-869b-5f1f47ad54d0 is started using port 15395 for RATIS
2024-04-26 07:45:18,227 [JvmPauseMonitor49] INFO  util.JvmPauseMonitor (JvmPauseMonitor.java:run(146)) - JvmPauseMonitor-007259ab-dd98-41c4-869b-5f1f47ad54d0: Started
2024-04-26 07:45:18,227 [007259ab-dd98-41c4-869b-5f1f47ad54d0-EndpointStateMachineTaskThread-/0.0.0.0:15358-0 ] INFO  ratis.XceiverServerRatis (XceiverServerRatis.java:getRealPort(592)) - XceiverServerRatis 007259ab-dd98-41c4-869b-5f1f47ad54d0 is started using port 15396 for RATIS_ADMIN
2024-04-26 07:45:18,227 [007259ab-dd98-41c4-869b-5f1f47ad54d0-EndpointStateMachineTaskThread-/0.0.0.0:15358-0 ] INFO  ratis.XceiverServerRatis (XceiverServerRatis.java:getRealPort(592)) - XceiverServerRatis 007259ab-dd98-41c4-869b-5f1f47ad54d0 is started using port 15397 for RATIS_SERVER
2024-04-26 07:45:18,228 [007259ab-dd98-41c4-869b-5f1f47ad54d0-EndpointStateMachineTaskThread-/0.0.0.0:15358-0 ] INFO  ratis.XceiverServerRatis (XceiverServerRatis.java:getRealPort(592)) - XceiverServerRatis 007259ab-dd98-41c4-869b-5f1f47ad54d0 is started using port 15398 for RATIS_DATASTREAM
2024-04-26 07:45:18,228 [007259ab-dd98-41c4-869b-5f1f47ad54d0-BlockDeletingService#0] INFO  interfaces.ContainerDeletionChoosingPolicyTemplate (ContainerDeletionChoosingPolicyTemplate.java:chooseContainerForBlockDeletion(85)) - Chosen 0/5000 blocks from 0 candidate containers.
2024-04-26 07:45:18,260 [3adbcf3a-f954-449d-af41-94271594c360-EndpointStateMachineTaskThread-/0.0.0.0:15358-0 ] INFO  utils.DatanodeStoreCache (DatanodeStoreCache.java:addDB(72)) - Added db /home/runner/work/ozone/ozone/hadoop-ozone/integration-test/target/test-dir/MiniOzoneClusterImpl-f8a85056-d908-4111-b8ec-0d6f55fc62ea/ozone-meta/datanode-5/data-0/hdds/f8a85056-d908-4111-b8ec-0d6f55fc62ea/DS-2742f0e9-a36b-4457-9c36-83cbc206f1cd/container.db to cache
2024-04-26 07:45:18,260 [3adbcf3a-f954-449d-af41-94271594c360-EndpointStateMachineTaskThread-/0.0.0.0:15358-0 ] INFO  volume.HddsVolume (HddsVolume.java:createDbStore(437)) - SchemaV3 db is created and loaded at /home/runner/work/ozone/ozone/hadoop-ozone/integration-test/target/test-dir/MiniOzoneClusterImpl-f8a85056-d908-4111-b8ec-0d6f55fc62ea/ozone-meta/datanode-5/data-0/hdds/f8a85056-d908-4111-b8ec-0d6f55fc62ea/DS-2742f0e9-a36b-4457-9c36-83cbc206f1cd/container.db for volume DS-2742f0e9-a36b-4457-9c36-83cbc206f1cd
2024-04-26 07:45:18,261 [3adbcf3a-f954-449d-af41-94271594c360-ContainerReader-0] INFO  ozoneimpl.ContainerReader (ContainerReader.java:readVolume(148)) - Start to verify containers on volume /home/runner/work/ozone/ozone/hadoop-ozone/integration-test/target/test-dir/MiniOzoneClusterImpl-f8a85056-d908-4111-b8ec-0d6f55fc62ea/ozone-meta/datanode-5/data-0/hdds
2024-04-26 07:45:18,262 [3adbcf3a-f954-449d-af41-94271594c360-ContainerReader-0] INFO  ozoneimpl.ContainerReader (ContainerReader.java:readVolume(178)) - Finish verifying containers on volume /home/runner/work/ozone/ozone/hadoop-ozone/integration-test/target/test-dir/MiniOzoneClusterImpl-f8a85056-d908-4111-b8ec-0d6f55fc62ea/ozone-meta/datanode-5/data-0/hdds
2024-04-26 07:45:18,262 [3adbcf3a-f954-449d-af41-94271594c360-EndpointStateMachineTaskThread-/0.0.0.0:15358-0 ] INFO  ozoneimpl.OzoneContainer (OzoneContainer.java:buildContainerSet(328)) - Build ContainerSet costs 0s
2024-04-26 07:45:18,262 [3adbcf3a-f954-449d-af41-94271594c360-EndpointStateMachineTaskThread-/0.0.0.0:15358-0 ] INFO  volume.ThrottledAsyncChecker (ThrottledAsyncChecker.java:schedule(141)) - Scheduling a check for /home/runner/work/ozone/ozone/hadoop-ozone/integration-test/target/test-dir/MiniOzoneClusterImpl-f8a85056-d908-4111-b8ec-0d6f55fc62ea/ozone-meta/datanode-5/data-0/hdds
2024-04-26 07:45:18,262 [3adbcf3a-f954-449d-af41-94271594c360-EndpointStateMachineTaskThread-/0.0.0.0:15358-0 ] INFO  volume.StorageVolumeChecker (StorageVolumeChecker.java:checkAllVolumes(218)) - Scheduled health check for volume /home/runner/work/ozone/ozone/hadoop-ozone/integration-test/target/test-dir/MiniOzoneClusterImpl-f8a85056-d908-4111-b8ec-0d6f55fc62ea/ozone-meta/datanode-5/data-0/hdds
2024-04-26 07:45:18,263 [3adbcf3a-f954-449d-af41-94271594c360-EndpointStateMachineTaskThread-/0.0.0.0:15358-0 ] INFO  volume.ThrottledAsyncChecker (ThrottledAsyncChecker.java:schedule(141)) - Scheduling a check for /home/runner/work/ozone/ozone/hadoop-ozone/integration-test/target/test-dir/MiniOzoneClusterImpl-f8a85056-d908-4111-b8ec-0d6f55fc62ea/ozone-meta/datanode-5/ratis
2024-04-26 07:45:18,263 [3adbcf3a-f954-449d-af41-94271594c360-EndpointStateMachineTaskThread-/0.0.0.0:15358-0 ] INFO  volume.StorageVolumeChecker (StorageVolumeChecker.java:checkAllVolumes(218)) - Scheduled health check for volume /home/runner/work/ozone/ozone/hadoop-ozone/integration-test/target/test-dir/MiniOzoneClusterImpl-f8a85056-d908-4111-b8ec-0d6f55fc62ea/ozone-meta/datanode-5/ratis
2024-04-26 07:45:18,264 [3adbcf3a-f954-449d-af41-94271594c360-EndpointStateMachineTaskThread-/0.0.0.0:15358-0 ] INFO  ozoneimpl.OzoneContainer (OzoneContainer.java:start(459)) - Attempting to start container services.
2024-04-26 07:45:18,264 [3adbcf3a-f954-449d-af41-94271594c360-EndpointStateMachineTaskThread-/0.0.0.0:15358-0 ] WARN  ozoneimpl.OnDemandContainerDataScanner (OnDemandContainerDataScanner.java:init(75)) - Trying to initialize on demand scanner a second time on a datanode.
2024-04-26 07:45:18,264 [ContainerMetadataScanner] INFO  ozoneimpl.AbstractBackgroundContainerScanner (AbstractBackgroundContainerScanner.java:runIteration(87)) - Completed an iteration in 0 minutes. Number of iterations (since the data-node restart) : 1, Number of containers scanned in this iteration : 0, Number of unhealthy containers found in this iteration : 0
2024-04-26 07:45:18,264 [ContainerDataScanner(/home/runner/work/ozone/ozone/hadoop-ozone/integration-test/target/test-dir/MiniOzoneClusterImpl-f8a85056-d908-4111-b8ec-0d6f55fc62ea/ozone-meta/datanode-5/data-0/hdds)] INFO  ozoneimpl.AbstractBackgroundContainerScanner (AbstractBackgroundContainerScanner.java:runIteration(87)) - Completed an iteration in 0 minutes. Number of iterations (since the data-node restart) : 1, Number of containers scanned in this iteration : 0, Number of unhealthy containers found in this iteration : 0
2024-04-26 07:45:18,264 [3adbcf3a-f954-449d-af41-94271594c360-EndpointStateMachineTaskThread-/0.0.0.0:15358-0 ] INFO  replication.ReplicationServer (ReplicationServer.java:start(142)) - ReplicationServer is started using port 15408
2024-04-26 07:45:18,264 [3adbcf3a-f954-449d-af41-94271594c360-EndpointStateMachineTaskThread-/0.0.0.0:15358-0 ] INFO  ratis.XceiverServerRatis (XceiverServerRatis.java:start(566)) - Starting XceiverServerRatis 3adbcf3a-f954-449d-af41-94271594c360
2024-04-26 07:45:18,265 [3adbcf3a-f954-449d-af41-94271594c360-EndpointStateMachineTaskThread-/0.0.0.0:15358-0 ] INFO  server.RaftServer (RaftServerProxy.java:startImpl(406)) - 3adbcf3a-f954-449d-af41-94271594c360: start RPC server
2024-04-26 07:45:18,265 [3adbcf3a-f954-449d-af41-94271594c360-EndpointStateMachineTaskThread-/0.0.0.0:15358-0 ] INFO  server.GrpcService (GrpcService.java:startImpl(302)) - 3adbcf3a-f954-449d-af41-94271594c360: GrpcService started, listening on 15404
2024-04-26 07:45:18,265 [3adbcf3a-f954-449d-af41-94271594c360-EndpointStateMachineTaskThread-/0.0.0.0:15358-0 ] INFO  server.GrpcService (GrpcService.java:startImpl(302)) - 3adbcf3a-f954-449d-af41-94271594c360: GrpcService started, listening on 15406
2024-04-26 07:45:18,265 [3adbcf3a-f954-449d-af41-94271594c360-EndpointStateMachineTaskThread-/0.0.0.0:15358-0 ] INFO  server.GrpcService (GrpcService.java:startImpl(302)) - 3adbcf3a-f954-449d-af41-94271594c360: GrpcService started, listening on 15405
2024-04-26 07:45:18,266 [3adbcf3a-f954-449d-af41-94271594c360-EndpointStateMachineTaskThread-/0.0.0.0:15358-0 ] INFO  ratis.XceiverServerRatis (XceiverServerRatis.java:getRealPort(592)) - XceiverServerRatis 3adbcf3a-f954-449d-af41-94271594c360 is started using port 15404 for RATIS
2024-04-26 07:45:18,266 [JvmPauseMonitor50] INFO  util.JvmPauseMonitor (JvmPauseMonitor.java:run(146)) - JvmPauseMonitor-3adbcf3a-f954-449d-af41-94271594c360: Started
2024-04-26 07:45:18,266 [3adbcf3a-f954-449d-af41-94271594c360-EndpointStateMachineTaskThread-/0.0.0.0:15358-0 ] INFO  ratis.XceiverServerRatis (XceiverServerRatis.java:getRealPort(592)) - XceiverServerRatis 3adbcf3a-f954-449d-af41-94271594c360 is started using port 15405 for RATIS_ADMIN
2024-04-26 07:45:18,266 [3adbcf3a-f954-449d-af41-94271594c360-EndpointStateMachineTaskThread-/0.0.0.0:15358-0 ] INFO  ratis.XceiverServerRatis (XceiverServerRatis.java:getRealPort(592)) - XceiverServerRatis 3adbcf3a-f954-449d-af41-94271594c360 is started using port 15406 for RATIS_SERVER
2024-04-26 07:45:18,266 [3adbcf3a-f954-449d-af41-94271594c360-EndpointStateMachineTaskThread-/0.0.0.0:15358-0 ] INFO  ratis.XceiverServerRatis (XceiverServerRatis.java:getRealPort(592)) - XceiverServerRatis 3adbcf3a-f954-449d-af41-94271594c360 is started using port 15407 for RATIS_DATASTREAM
2024-04-26 07:45:18,266 [3adbcf3a-f954-449d-af41-94271594c360-BlockDeletingService#0] INFO  interfaces.ContainerDeletionChoosingPolicyTemplate (ContainerDeletionChoosingPolicyTemplate.java:chooseContainerForBlockDeletion(85)) - Chosen 0/5000 blocks from 0 candidate containers.
2024-04-26 07:45:18,308 [66bce337-27b9-4953-b5f8-11fc3ae630c2-EndpointStateMachineTaskThread-/0.0.0.0:15358-0 ] INFO  utils.DatanodeStoreCache (DatanodeStoreCache.java:addDB(72)) - Added db /home/runner/work/ozone/ozone/hadoop-ozone/integration-test/target/test-dir/MiniOzoneClusterImpl-f8a85056-d908-4111-b8ec-0d6f55fc62ea/ozone-meta/datanode-6/data-0/hdds/f8a85056-d908-4111-b8ec-0d6f55fc62ea/DS-771a7fcf-6bd4-4a05-b03a-07b10e325a5d/container.db to cache
2024-04-26 07:45:18,308 [66bce337-27b9-4953-b5f8-11fc3ae630c2-EndpointStateMachineTaskThread-/0.0.0.0:15358-0 ] INFO  volume.HddsVolume (HddsVolume.java:createDbStore(437)) - SchemaV3 db is created and loaded at /home/runner/work/ozone/ozone/hadoop-ozone/integration-test/target/test-dir/MiniOzoneClusterImpl-f8a85056-d908-4111-b8ec-0d6f55fc62ea/ozone-meta/datanode-6/data-0/hdds/f8a85056-d908-4111-b8ec-0d6f55fc62ea/DS-771a7fcf-6bd4-4a05-b03a-07b10e325a5d/container.db for volume DS-771a7fcf-6bd4-4a05-b03a-07b10e325a5d
2024-04-26 07:45:18,309 [66bce337-27b9-4953-b5f8-11fc3ae630c2-ContainerReader-0] INFO  ozoneimpl.ContainerReader (ContainerReader.java:readVolume(148)) - Start to verify containers on volume /home/runner/work/ozone/ozone/hadoop-ozone/integration-test/target/test-dir/MiniOzoneClusterImpl-f8a85056-d908-4111-b8ec-0d6f55fc62ea/ozone-meta/datanode-6/data-0/hdds
2024-04-26 07:45:18,310 [66bce337-27b9-4953-b5f8-11fc3ae630c2-ContainerReader-0] INFO  ozoneimpl.ContainerReader (ContainerReader.java:readVolume(178)) - Finish verifying containers on volume /home/runner/work/ozone/ozone/hadoop-ozone/integration-test/target/test-dir/MiniOzoneClusterImpl-f8a85056-d908-4111-b8ec-0d6f55fc62ea/ozone-meta/datanode-6/data-0/hdds
2024-04-26 07:45:18,310 [66bce337-27b9-4953-b5f8-11fc3ae630c2-EndpointStateMachineTaskThread-/0.0.0.0:15358-0 ] INFO  ozoneimpl.OzoneContainer (OzoneContainer.java:buildContainerSet(328)) - Build ContainerSet costs 0s
2024-04-26 07:45:18,310 [66bce337-27b9-4953-b5f8-11fc3ae630c2-EndpointStateMachineTaskThread-/0.0.0.0:15358-0 ] INFO  volume.ThrottledAsyncChecker (ThrottledAsyncChecker.java:schedule(141)) - Scheduling a check for /home/runner/work/ozone/ozone/hadoop-ozone/integration-test/target/test-dir/MiniOzoneClusterImpl-f8a85056-d908-4111-b8ec-0d6f55fc62ea/ozone-meta/datanode-6/data-0/hdds
2024-04-26 07:45:18,310 [66bce337-27b9-4953-b5f8-11fc3ae630c2-EndpointStateMachineTaskThread-/0.0.0.0:15358-0 ] INFO  volume.StorageVolumeChecker (StorageVolumeChecker.java:checkAllVolumes(218)) - Scheduled health check for volume /home/runner/work/ozone/ozone/hadoop-ozone/integration-test/target/test-dir/MiniOzoneClusterImpl-f8a85056-d908-4111-b8ec-0d6f55fc62ea/ozone-meta/datanode-6/data-0/hdds
2024-04-26 07:45:18,311 [66bce337-27b9-4953-b5f8-11fc3ae630c2-EndpointStateMachineTaskThread-/0.0.0.0:15358-0 ] INFO  volume.ThrottledAsyncChecker (ThrottledAsyncChecker.java:schedule(141)) - Scheduling a check for /home/runner/work/ozone/ozone/hadoop-ozone/integration-test/target/test-dir/MiniOzoneClusterImpl-f8a85056-d908-4111-b8ec-0d6f55fc62ea/ozone-meta/datanode-6/ratis
2024-04-26 07:45:18,311 [66bce337-27b9-4953-b5f8-11fc3ae630c2-EndpointStateMachineTaskThread-/0.0.0.0:15358-0 ] INFO  volume.StorageVolumeChecker (StorageVolumeChecker.java:checkAllVolumes(218)) - Scheduled health check for volume /home/runner/work/ozone/ozone/hadoop-ozone/integration-test/target/test-dir/MiniOzoneClusterImpl-f8a85056-d908-4111-b8ec-0d6f55fc62ea/ozone-meta/datanode-6/ratis
2024-04-26 07:45:18,311 [66bce337-27b9-4953-b5f8-11fc3ae630c2-EndpointStateMachineTaskThread-/0.0.0.0:15358-0 ] INFO  ozoneimpl.OzoneContainer (OzoneContainer.java:start(459)) - Attempting to start container services.
2024-04-26 07:45:18,311 [66bce337-27b9-4953-b5f8-11fc3ae630c2-EndpointStateMachineTaskThread-/0.0.0.0:15358-0 ] WARN  ozoneimpl.OnDemandContainerDataScanner (OnDemandContainerDataScanner.java:init(75)) - Trying to initialize on demand scanner a second time on a datanode.
2024-04-26 07:45:18,312 [ContainerMetadataScanner] INFO  ozoneimpl.AbstractBackgroundContainerScanner (AbstractBackgroundContainerScanner.java:runIteration(87)) - Completed an iteration in 0 minutes. Number of iterations (since the data-node restart) : 1, Number of containers scanned in this iteration : 0, Number of unhealthy containers found in this iteration : 0
2024-04-26 07:45:18,312 [ContainerDataScanner(/home/runner/work/ozone/ozone/hadoop-ozone/integration-test/target/test-dir/MiniOzoneClusterImpl-f8a85056-d908-4111-b8ec-0d6f55fc62ea/ozone-meta/datanode-6/data-0/hdds)] INFO  ozoneimpl.AbstractBackgroundContainerScanner (AbstractBackgroundContainerScanner.java:runIteration(87)) - Completed an iteration in 0 minutes. Number of iterations (since the data-node restart) : 1, Number of containers scanned in this iteration : 0, Number of unhealthy containers found in this iteration : 0
2024-04-26 07:45:18,313 [66bce337-27b9-4953-b5f8-11fc3ae630c2-EndpointStateMachineTaskThread-/0.0.0.0:15358-0 ] INFO  replication.ReplicationServer (ReplicationServer.java:start(142)) - ReplicationServer is started using port 15417
2024-04-26 07:45:18,313 [66bce337-27b9-4953-b5f8-11fc3ae630c2-EndpointStateMachineTaskThread-/0.0.0.0:15358-0 ] INFO  ratis.XceiverServerRatis (XceiverServerRatis.java:start(566)) - Starting XceiverServerRatis 66bce337-27b9-4953-b5f8-11fc3ae630c2
2024-04-26 07:45:18,314 [66bce337-27b9-4953-b5f8-11fc3ae630c2-EndpointStateMachineTaskThread-/0.0.0.0:15358-0 ] INFO  server.RaftServer (RaftServerProxy.java:startImpl(406)) - 66bce337-27b9-4953-b5f8-11fc3ae630c2: start RPC server
2024-04-26 07:45:18,314 [66bce337-27b9-4953-b5f8-11fc3ae630c2-EndpointStateMachineTaskThread-/0.0.0.0:15358-0 ] INFO  server.GrpcService (GrpcService.java:startImpl(302)) - 66bce337-27b9-4953-b5f8-11fc3ae630c2: GrpcService started, listening on 15413
2024-04-26 07:45:18,314 [66bce337-27b9-4953-b5f8-11fc3ae630c2-EndpointStateMachineTaskThread-/0.0.0.0:15358-0 ] INFO  server.GrpcService (GrpcService.java:startImpl(302)) - 66bce337-27b9-4953-b5f8-11fc3ae630c2: GrpcService started, listening on 15415
2024-04-26 07:45:18,315 [66bce337-27b9-4953-b5f8-11fc3ae630c2-EndpointStateMachineTaskThread-/0.0.0.0:15358-0 ] INFO  server.GrpcService (GrpcService.java:startImpl(302)) - 66bce337-27b9-4953-b5f8-11fc3ae630c2: GrpcService started, listening on 15414
2024-04-26 07:45:18,315 [66bce337-27b9-4953-b5f8-11fc3ae630c2-EndpointStateMachineTaskThread-/0.0.0.0:15358-0 ] INFO  ratis.XceiverServerRatis (XceiverServerRatis.java:getRealPort(592)) - XceiverServerRatis 66bce337-27b9-4953-b5f8-11fc3ae630c2 is started using port 15413 for RATIS
2024-04-26 07:45:18,315 [66bce337-27b9-4953-b5f8-11fc3ae630c2-EndpointStateMachineTaskThread-/0.0.0.0:15358-0 ] INFO  ratis.XceiverServerRatis (XceiverServerRatis.java:getRealPort(592)) - XceiverServerRatis 66bce337-27b9-4953-b5f8-11fc3ae630c2 is started using port 15414 for RATIS_ADMIN
2024-04-26 07:45:18,315 [66bce337-27b9-4953-b5f8-11fc3ae630c2-EndpointStateMachineTaskThread-/0.0.0.0:15358-0 ] INFO  ratis.XceiverServerRatis (XceiverServerRatis.java:getRealPort(592)) - XceiverServerRatis 66bce337-27b9-4953-b5f8-11fc3ae630c2 is started using port 15415 for RATIS_SERVER
2024-04-26 07:45:18,315 [66bce337-27b9-4953-b5f8-11fc3ae630c2-EndpointStateMachineTaskThread-/0.0.0.0:15358-0 ] INFO  ratis.XceiverServerRatis (XceiverServerRatis.java:getRealPort(592)) - XceiverServerRatis 66bce337-27b9-4953-b5f8-11fc3ae630c2 is started using port 15416 for RATIS_DATASTREAM
2024-04-26 07:45:18,315 [JvmPauseMonitor51] INFO  util.JvmPauseMonitor (JvmPauseMonitor.java:run(146)) - JvmPauseMonitor-66bce337-27b9-4953-b5f8-11fc3ae630c2: Started
2024-04-26 07:45:18,316 [66bce337-27b9-4953-b5f8-11fc3ae630c2-BlockDeletingService#0] INFO  interfaces.ContainerDeletionChoosingPolicyTemplate (ContainerDeletionChoosingPolicyTemplate.java:chooseContainerForBlockDeletion(85)) - Chosen 0/5000 blocks from 0 candidate containers.
2024-04-26 07:45:18,359 [00cfc371-235c-47c8-bc9b-47247119d947-EndpointStateMachineTaskThread-/0.0.0.0:15358-0 ] INFO  utils.DatanodeStoreCache (DatanodeStoreCache.java:addDB(72)) - Added db /home/runner/work/ozone/ozone/hadoop-ozone/integration-test/target/test-dir/MiniOzoneClusterImpl-f8a85056-d908-4111-b8ec-0d6f55fc62ea/ozone-meta/datanode-7/data-0/hdds/f8a85056-d908-4111-b8ec-0d6f55fc62ea/DS-fb01df69-0a33-4bba-b28b-1c8143c77ac8/container.db to cache
2024-04-26 07:45:18,360 [00cfc371-235c-47c8-bc9b-47247119d947-EndpointStateMachineTaskThread-/0.0.0.0:15358-0 ] INFO  volume.HddsVolume (HddsVolume.java:createDbStore(437)) - SchemaV3 db is created and loaded at /home/runner/work/ozone/ozone/hadoop-ozone/integration-test/target/test-dir/MiniOzoneClusterImpl-f8a85056-d908-4111-b8ec-0d6f55fc62ea/ozone-meta/datanode-7/data-0/hdds/f8a85056-d908-4111-b8ec-0d6f55fc62ea/DS-fb01df69-0a33-4bba-b28b-1c8143c77ac8/container.db for volume DS-fb01df69-0a33-4bba-b28b-1c8143c77ac8
2024-04-26 07:45:18,361 [00cfc371-235c-47c8-bc9b-47247119d947-ContainerReader-0] INFO  ozoneimpl.ContainerReader (ContainerReader.java:readVolume(148)) - Start to verify containers on volume /home/runner/work/ozone/ozone/hadoop-ozone/integration-test/target/test-dir/MiniOzoneClusterImpl-f8a85056-d908-4111-b8ec-0d6f55fc62ea/ozone-meta/datanode-7/data-0/hdds
2024-04-26 07:45:18,361 [00cfc371-235c-47c8-bc9b-47247119d947-ContainerReader-0] INFO  ozoneimpl.ContainerReader (ContainerReader.java:readVolume(178)) - Finish verifying containers on volume /home/runner/work/ozone/ozone/hadoop-ozone/integration-test/target/test-dir/MiniOzoneClusterImpl-f8a85056-d908-4111-b8ec-0d6f55fc62ea/ozone-meta/datanode-7/data-0/hdds
2024-04-26 07:45:18,361 [00cfc371-235c-47c8-bc9b-47247119d947-EndpointStateMachineTaskThread-/0.0.0.0:15358-0 ] INFO  ozoneimpl.OzoneContainer (OzoneContainer.java:buildContainerSet(328)) - Build ContainerSet costs 0s
2024-04-26 07:45:18,361 [00cfc371-235c-47c8-bc9b-47247119d947-EndpointStateMachineTaskThread-/0.0.0.0:15358-0 ] INFO  volume.ThrottledAsyncChecker (ThrottledAsyncChecker.java:schedule(141)) - Scheduling a check for /home/runner/work/ozone/ozone/hadoop-ozone/integration-test/target/test-dir/MiniOzoneClusterImpl-f8a85056-d908-4111-b8ec-0d6f55fc62ea/ozone-meta/datanode-7/data-0/hdds
2024-04-26 07:45:18,362 [00cfc371-235c-47c8-bc9b-47247119d947-EndpointStateMachineTaskThread-/0.0.0.0:15358-0 ] INFO  volume.StorageVolumeChecker (StorageVolumeChecker.java:checkAllVolumes(218)) - Scheduled health check for volume /home/runner/work/ozone/ozone/hadoop-ozone/integration-test/target/test-dir/MiniOzoneClusterImpl-f8a85056-d908-4111-b8ec-0d6f55fc62ea/ozone-meta/datanode-7/data-0/hdds
2024-04-26 07:45:18,363 [00cfc371-235c-47c8-bc9b-47247119d947-EndpointStateMachineTaskThread-/0.0.0.0:15358-0 ] INFO  volume.ThrottledAsyncChecker (ThrottledAsyncChecker.java:schedule(141)) - Scheduling a check for /home/runner/work/ozone/ozone/hadoop-ozone/integration-test/target/test-dir/MiniOzoneClusterImpl-f8a85056-d908-4111-b8ec-0d6f55fc62ea/ozone-meta/datanode-7/ratis
2024-04-26 07:45:18,363 [00cfc371-235c-47c8-bc9b-47247119d947-EndpointStateMachineTaskThread-/0.0.0.0:15358-0 ] INFO  volume.StorageVolumeChecker (StorageVolumeChecker.java:checkAllVolumes(218)) - Scheduled health check for volume /home/runner/work/ozone/ozone/hadoop-ozone/integration-test/target/test-dir/MiniOzoneClusterImpl-f8a85056-d908-4111-b8ec-0d6f55fc62ea/ozone-meta/datanode-7/ratis
2024-04-26 07:45:18,363 [00cfc371-235c-47c8-bc9b-47247119d947-EndpointStateMachineTaskThread-/0.0.0.0:15358-0 ] INFO  ozoneimpl.OzoneContainer (OzoneContainer.java:start(459)) - Attempting to start container services.
2024-04-26 07:45:18,363 [00cfc371-235c-47c8-bc9b-47247119d947-EndpointStateMachineTaskThread-/0.0.0.0:15358-0 ] WARN  ozoneimpl.OnDemandContainerDataScanner (OnDemandContainerDataScanner.java:init(75)) - Trying to initialize on demand scanner a second time on a datanode.
2024-04-26 07:45:18,364 [ContainerMetadataScanner] INFO  ozoneimpl.AbstractBackgroundContainerScanner (AbstractBackgroundContainerScanner.java:runIteration(87)) - Completed an iteration in 0 minutes. Number of iterations (since the data-node restart) : 1, Number of containers scanned in this iteration : 0, Number of unhealthy containers found in this iteration : 0
2024-04-26 07:45:18,364 [ContainerDataScanner(/home/runner/work/ozone/ozone/hadoop-ozone/integration-test/target/test-dir/MiniOzoneClusterImpl-f8a85056-d908-4111-b8ec-0d6f55fc62ea/ozone-meta/datanode-7/data-0/hdds)] INFO  ozoneimpl.AbstractBackgroundContainerScanner (AbstractBackgroundContainerScanner.java:runIteration(87)) - Completed an iteration in 0 minutes. Number of iterations (since the data-node restart) : 1, Number of containers scanned in this iteration : 0, Number of unhealthy containers found in this iteration : 0
2024-04-26 07:45:18,364 [00cfc371-235c-47c8-bc9b-47247119d947-EndpointStateMachineTaskThread-/0.0.0.0:15358-0 ] INFO  replication.ReplicationServer (ReplicationServer.java:start(142)) - ReplicationServer is started using port 15426
2024-04-26 07:45:18,364 [00cfc371-235c-47c8-bc9b-47247119d947-EndpointStateMachineTaskThread-/0.0.0.0:15358-0 ] INFO  ratis.XceiverServerRatis (XceiverServerRatis.java:start(566)) - Starting XceiverServerRatis 00cfc371-235c-47c8-bc9b-47247119d947
2024-04-26 07:45:18,365 [00cfc371-235c-47c8-bc9b-47247119d947-EndpointStateMachineTaskThread-/0.0.0.0:15358-0 ] INFO  server.RaftServer (RaftServerProxy.java:startImpl(406)) - 00cfc371-235c-47c8-bc9b-47247119d947: start RPC server
2024-04-26 07:45:18,365 [00cfc371-235c-47c8-bc9b-47247119d947-EndpointStateMachineTaskThread-/0.0.0.0:15358-0 ] INFO  server.GrpcService (GrpcService.java:startImpl(302)) - 00cfc371-235c-47c8-bc9b-47247119d947: GrpcService started, listening on 15422
2024-04-26 07:45:18,365 [00cfc371-235c-47c8-bc9b-47247119d947-EndpointStateMachineTaskThread-/0.0.0.0:15358-0 ] INFO  server.GrpcService (GrpcService.java:startImpl(302)) - 00cfc371-235c-47c8-bc9b-47247119d947: GrpcService started, listening on 15424
2024-04-26 07:45:18,366 [00cfc371-235c-47c8-bc9b-47247119d947-EndpointStateMachineTaskThread-/0.0.0.0:15358-0 ] INFO  server.GrpcService (GrpcService.java:startImpl(302)) - 00cfc371-235c-47c8-bc9b-47247119d947: GrpcService started, listening on 15423
2024-04-26 07:45:18,366 [00cfc371-235c-47c8-bc9b-47247119d947-EndpointStateMachineTaskThread-/0.0.0.0:15358-0 ] INFO  ratis.XceiverServerRatis (XceiverServerRatis.java:getRealPort(592)) - XceiverServerRatis 00cfc371-235c-47c8-bc9b-47247119d947 is started using port 15422 for RATIS
2024-04-26 07:45:18,366 [00cfc371-235c-47c8-bc9b-47247119d947-EndpointStateMachineTaskThread-/0.0.0.0:15358-0 ] INFO  ratis.XceiverServerRatis (XceiverServerRatis.java:getRealPort(592)) - XceiverServerRatis 00cfc371-235c-47c8-bc9b-47247119d947 is started using port 15423 for RATIS_ADMIN
2024-04-26 07:45:18,366 [00cfc371-235c-47c8-bc9b-47247119d947-EndpointStateMachineTaskThread-/0.0.0.0:15358-0 ] INFO  ratis.XceiverServerRatis (XceiverServerRatis.java:getRealPort(592)) - XceiverServerRatis 00cfc371-235c-47c8-bc9b-47247119d947 is started using port 15424 for RATIS_SERVER
2024-04-26 07:45:18,366 [00cfc371-235c-47c8-bc9b-47247119d947-EndpointStateMachineTaskThread-/0.0.0.0:15358-0 ] INFO  ratis.XceiverServerRatis (XceiverServerRatis.java:getRealPort(592)) - XceiverServerRatis 00cfc371-235c-47c8-bc9b-47247119d947 is started using port 15425 for RATIS_DATASTREAM
2024-04-26 07:45:18,366 [JvmPauseMonitor52] INFO  util.JvmPauseMonitor (JvmPauseMonitor.java:run(146)) - JvmPauseMonitor-00cfc371-235c-47c8-bc9b-47247119d947: Started
2024-04-26 07:45:18,367 [00cfc371-235c-47c8-bc9b-47247119d947-BlockDeletingService#0] INFO  interfaces.ContainerDeletionChoosingPolicyTemplate (ContainerDeletionChoosingPolicyTemplate.java:chooseContainerForBlockDeletion(85)) - Chosen 0/5000 blocks from 0 candidate containers.
2024-04-26 07:45:18,416 [80986ccd-c217-439b-b85b-0b259797a488-EndpointStateMachineTaskThread-/0.0.0.0:15358-0 ] INFO  utils.DatanodeStoreCache (DatanodeStoreCache.java:addDB(72)) - Added db /home/runner/work/ozone/ozone/hadoop-ozone/integration-test/target/test-dir/MiniOzoneClusterImpl-f8a85056-d908-4111-b8ec-0d6f55fc62ea/ozone-meta/datanode-8/data-0/hdds/f8a85056-d908-4111-b8ec-0d6f55fc62ea/DS-564951b7-19db-4f97-a36b-f1002b138242/container.db to cache
2024-04-26 07:45:18,416 [80986ccd-c217-439b-b85b-0b259797a488-EndpointStateMachineTaskThread-/0.0.0.0:15358-0 ] INFO  volume.HddsVolume (HddsVolume.java:createDbStore(437)) - SchemaV3 db is created and loaded at /home/runner/work/ozone/ozone/hadoop-ozone/integration-test/target/test-dir/MiniOzoneClusterImpl-f8a85056-d908-4111-b8ec-0d6f55fc62ea/ozone-meta/datanode-8/data-0/hdds/f8a85056-d908-4111-b8ec-0d6f55fc62ea/DS-564951b7-19db-4f97-a36b-f1002b138242/container.db for volume DS-564951b7-19db-4f97-a36b-f1002b138242
2024-04-26 07:45:18,417 [80986ccd-c217-439b-b85b-0b259797a488-ContainerReader-0] INFO  ozoneimpl.ContainerReader (ContainerReader.java:readVolume(148)) - Start to verify containers on volume /home/runner/work/ozone/ozone/hadoop-ozone/integration-test/target/test-dir/MiniOzoneClusterImpl-f8a85056-d908-4111-b8ec-0d6f55fc62ea/ozone-meta/datanode-8/data-0/hdds
2024-04-26 07:45:18,417 [80986ccd-c217-439b-b85b-0b259797a488-ContainerReader-0] INFO  ozoneimpl.ContainerReader (ContainerReader.java:readVolume(178)) - Finish verifying containers on volume /home/runner/work/ozone/ozone/hadoop-ozone/integration-test/target/test-dir/MiniOzoneClusterImpl-f8a85056-d908-4111-b8ec-0d6f55fc62ea/ozone-meta/datanode-8/data-0/hdds
2024-04-26 07:45:18,417 [80986ccd-c217-439b-b85b-0b259797a488-EndpointStateMachineTaskThread-/0.0.0.0:15358-0 ] INFO  ozoneimpl.OzoneContainer (OzoneContainer.java:buildContainerSet(328)) - Build ContainerSet costs 0s
2024-04-26 07:45:18,418 [80986ccd-c217-439b-b85b-0b259797a488-EndpointStateMachineTaskThread-/0.0.0.0:15358-0 ] INFO  volume.ThrottledAsyncChecker (ThrottledAsyncChecker.java:schedule(141)) - Scheduling a check for /home/runner/work/ozone/ozone/hadoop-ozone/integration-test/target/test-dir/MiniOzoneClusterImpl-f8a85056-d908-4111-b8ec-0d6f55fc62ea/ozone-meta/datanode-8/data-0/hdds
2024-04-26 07:45:18,418 [80986ccd-c217-439b-b85b-0b259797a488-EndpointStateMachineTaskThread-/0.0.0.0:15358-0 ] INFO  volume.StorageVolumeChecker (StorageVolumeChecker.java:checkAllVolumes(218)) - Scheduled health check for volume /home/runner/work/ozone/ozone/hadoop-ozone/integration-test/target/test-dir/MiniOzoneClusterImpl-f8a85056-d908-4111-b8ec-0d6f55fc62ea/ozone-meta/datanode-8/data-0/hdds
2024-04-26 07:45:18,419 [80986ccd-c217-439b-b85b-0b259797a488-EndpointStateMachineTaskThread-/0.0.0.0:15358-0 ] INFO  volume.ThrottledAsyncChecker (ThrottledAsyncChecker.java:schedule(141)) - Scheduling a check for /home/runner/work/ozone/ozone/hadoop-ozone/integration-test/target/test-dir/MiniOzoneClusterImpl-f8a85056-d908-4111-b8ec-0d6f55fc62ea/ozone-meta/datanode-8/ratis
2024-04-26 07:45:18,419 [80986ccd-c217-439b-b85b-0b259797a488-EndpointStateMachineTaskThread-/0.0.0.0:15358-0 ] INFO  volume.StorageVolumeChecker (StorageVolumeChecker.java:checkAllVolumes(218)) - Scheduled health check for volume /home/runner/work/ozone/ozone/hadoop-ozone/integration-test/target/test-dir/MiniOzoneClusterImpl-f8a85056-d908-4111-b8ec-0d6f55fc62ea/ozone-meta/datanode-8/ratis
2024-04-26 07:45:18,419 [80986ccd-c217-439b-b85b-0b259797a488-EndpointStateMachineTaskThread-/0.0.0.0:15358-0 ] INFO  ozoneimpl.OzoneContainer (OzoneContainer.java:start(459)) - Attempting to start container services.
2024-04-26 07:45:18,419 [80986ccd-c217-439b-b85b-0b259797a488-EndpointStateMachineTaskThread-/0.0.0.0:15358-0 ] WARN  ozoneimpl.OnDemandContainerDataScanner (OnDemandContainerDataScanner.java:init(75)) - Trying to initialize on demand scanner a second time on a datanode.
2024-04-26 07:45:18,420 [ContainerMetadataScanner] INFO  ozoneimpl.AbstractBackgroundContainerScanner (AbstractBackgroundContainerScanner.java:runIteration(87)) - Completed an iteration in 0 minutes. Number of iterations (since the data-node restart) : 1, Number of containers scanned in this iteration : 0, Number of unhealthy containers found in this iteration : 0
2024-04-26 07:45:18,420 [ContainerDataScanner(/home/runner/work/ozone/ozone/hadoop-ozone/integration-test/target/test-dir/MiniOzoneClusterImpl-f8a85056-d908-4111-b8ec-0d6f55fc62ea/ozone-meta/datanode-8/data-0/hdds)] INFO  ozoneimpl.AbstractBackgroundContainerScanner (AbstractBackgroundContainerScanner.java:runIteration(87)) - Completed an iteration in 0 minutes. Number of iterations (since the data-node restart) : 1, Number of containers scanned in this iteration : 0, Number of unhealthy containers found in this iteration : 0
2024-04-26 07:45:18,420 [80986ccd-c217-439b-b85b-0b259797a488-EndpointStateMachineTaskThread-/0.0.0.0:15358-0 ] INFO  replication.ReplicationServer (ReplicationServer.java:start(142)) - ReplicationServer is started using port 15435
2024-04-26 07:45:18,420 [80986ccd-c217-439b-b85b-0b259797a488-EndpointStateMachineTaskThread-/0.0.0.0:15358-0 ] INFO  ratis.XceiverServerRatis (XceiverServerRatis.java:start(566)) - Starting XceiverServerRatis 80986ccd-c217-439b-b85b-0b259797a488
2024-04-26 07:45:18,425 [80986ccd-c217-439b-b85b-0b259797a488-EndpointStateMachineTaskThread-/0.0.0.0:15358-0 ] INFO  server.RaftServer (RaftServerProxy.java:startImpl(406)) - 80986ccd-c217-439b-b85b-0b259797a488: start RPC server
2024-04-26 07:45:18,425 [80986ccd-c217-439b-b85b-0b259797a488-EndpointStateMachineTaskThread-/0.0.0.0:15358-0 ] INFO  server.GrpcService (GrpcService.java:startImpl(302)) - 80986ccd-c217-439b-b85b-0b259797a488: GrpcService started, listening on 15431
2024-04-26 07:45:18,425 [80986ccd-c217-439b-b85b-0b259797a488-EndpointStateMachineTaskThread-/0.0.0.0:15358-0 ] INFO  server.GrpcService (GrpcService.java:startImpl(302)) - 80986ccd-c217-439b-b85b-0b259797a488: GrpcService started, listening on 15433
2024-04-26 07:45:18,425 [80986ccd-c217-439b-b85b-0b259797a488-EndpointStateMachineTaskThread-/0.0.0.0:15358-0 ] INFO  server.GrpcService (GrpcService.java:startImpl(302)) - 80986ccd-c217-439b-b85b-0b259797a488: GrpcService started, listening on 15432
2024-04-26 07:45:18,426 [80986ccd-c217-439b-b85b-0b259797a488-EndpointStateMachineTaskThread-/0.0.0.0:15358-0 ] INFO  ratis.XceiverServerRatis (XceiverServerRatis.java:getRealPort(592)) - XceiverServerRatis 80986ccd-c217-439b-b85b-0b259797a488 is started using port 15431 for RATIS
2024-04-26 07:45:18,426 [JvmPauseMonitor53] INFO  util.JvmPauseMonitor (JvmPauseMonitor.java:run(146)) - JvmPauseMonitor-80986ccd-c217-439b-b85b-0b259797a488: Started
2024-04-26 07:45:18,426 [80986ccd-c217-439b-b85b-0b259797a488-EndpointStateMachineTaskThread-/0.0.0.0:15358-0 ] INFO  ratis.XceiverServerRatis (XceiverServerRatis.java:getRealPort(592)) - XceiverServerRatis 80986ccd-c217-439b-b85b-0b259797a488 is started using port 15432 for RATIS_ADMIN
2024-04-26 07:45:18,426 [80986ccd-c217-439b-b85b-0b259797a488-EndpointStateMachineTaskThread-/0.0.0.0:15358-0 ] INFO  ratis.XceiverServerRatis (XceiverServerRatis.java:getRealPort(592)) - XceiverServerRatis 80986ccd-c217-439b-b85b-0b259797a488 is started using port 15433 for RATIS_SERVER
2024-04-26 07:45:18,426 [80986ccd-c217-439b-b85b-0b259797a488-EndpointStateMachineTaskThread-/0.0.0.0:15358-0 ] INFO  ratis.XceiverServerRatis (XceiverServerRatis.java:getRealPort(592)) - XceiverServerRatis 80986ccd-c217-439b-b85b-0b259797a488 is started using port 15434 for RATIS_DATASTREAM
2024-04-26 07:45:18,427 [80986ccd-c217-439b-b85b-0b259797a488-BlockDeletingService#0] INFO  interfaces.ContainerDeletionChoosingPolicyTemplate (ContainerDeletionChoosingPolicyTemplate.java:chooseContainerForBlockDeletion(85)) - Chosen 0/5000 blocks from 0 candidate containers.
2024-04-26 07:45:18,461 [main] INFO  ozone.MiniOzoneClusterImpl (MiniOzoneClusterImpl.java:lambda$waitForClusterToBeReady$0(194)) - Waiting for nodes to be ready. Got 0 of 9 DN Heartbeats.
2024-04-26 07:45:18,462 [main] INFO  ozone.MiniOzoneClusterImpl (MiniOzoneClusterImpl.java:lambda$waitForClusterToBeReady$0(197)) - Waiting for cluster to exit safe mode
2024-04-26 07:45:18,462 [main] INFO  ozone.MiniOzoneClusterImpl (MiniOzoneClusterImpl.java:lambda$waitForClusterToBeReady$0(199)) - SCM became leader
2024-04-26 07:45:18,477 [ac5950e9-78e7-4600-acb8-d4807d98be63-EndpointStateMachineTaskThread-/0.0.0.0:15358-0 ] INFO  utils.DatanodeStoreCache (DatanodeStoreCache.java:addDB(72)) - Added db /home/runner/work/ozone/ozone/hadoop-ozone/integration-test/target/test-dir/MiniOzoneClusterImpl-f8a85056-d908-4111-b8ec-0d6f55fc62ea/ozone-meta/datanode-9/data-0/hdds/f8a85056-d908-4111-b8ec-0d6f55fc62ea/DS-c4e9fcb4-c279-4420-8508-c74261f095c0/container.db to cache
2024-04-26 07:45:18,477 [ac5950e9-78e7-4600-acb8-d4807d98be63-EndpointStateMachineTaskThread-/0.0.0.0:15358-0 ] INFO  volume.HddsVolume (HddsVolume.java:createDbStore(437)) - SchemaV3 db is created and loaded at /home/runner/work/ozone/ozone/hadoop-ozone/integration-test/target/test-dir/MiniOzoneClusterImpl-f8a85056-d908-4111-b8ec-0d6f55fc62ea/ozone-meta/datanode-9/data-0/hdds/f8a85056-d908-4111-b8ec-0d6f55fc62ea/DS-c4e9fcb4-c279-4420-8508-c74261f095c0/container.db for volume DS-c4e9fcb4-c279-4420-8508-c74261f095c0
2024-04-26 07:45:18,479 [ac5950e9-78e7-4600-acb8-d4807d98be63-ContainerReader-0] INFO  ozoneimpl.ContainerReader (ContainerReader.java:readVolume(148)) - Start to verify containers on volume /home/runner/work/ozone/ozone/hadoop-ozone/integration-test/target/test-dir/MiniOzoneClusterImpl-f8a85056-d908-4111-b8ec-0d6f55fc62ea/ozone-meta/datanode-9/data-0/hdds
2024-04-26 07:45:18,479 [ac5950e9-78e7-4600-acb8-d4807d98be63-ContainerReader-0] INFO  ozoneimpl.ContainerReader (ContainerReader.java:readVolume(178)) - Finish verifying containers on volume /home/runner/work/ozone/ozone/hadoop-ozone/integration-test/target/test-dir/MiniOzoneClusterImpl-f8a85056-d908-4111-b8ec-0d6f55fc62ea/ozone-meta/datanode-9/data-0/hdds
2024-04-26 07:45:18,479 [ac5950e9-78e7-4600-acb8-d4807d98be63-EndpointStateMachineTaskThread-/0.0.0.0:15358-0 ] INFO  ozoneimpl.OzoneContainer (OzoneContainer.java:buildContainerSet(328)) - Build ContainerSet costs 0s
2024-04-26 07:45:18,479 [ac5950e9-78e7-4600-acb8-d4807d98be63-EndpointStateMachineTaskThread-/0.0.0.0:15358-0 ] INFO  volume.ThrottledAsyncChecker (ThrottledAsyncChecker.java:schedule(141)) - Scheduling a check for /home/runner/work/ozone/ozone/hadoop-ozone/integration-test/target/test-dir/MiniOzoneClusterImpl-f8a85056-d908-4111-b8ec-0d6f55fc62ea/ozone-meta/datanode-9/data-0/hdds
2024-04-26 07:45:18,480 [ac5950e9-78e7-4600-acb8-d4807d98be63-EndpointStateMachineTaskThread-/0.0.0.0:15358-0 ] INFO  volume.StorageVolumeChecker (StorageVolumeChecker.java:checkAllVolumes(218)) - Scheduled health check for volume /home/runner/work/ozone/ozone/hadoop-ozone/integration-test/target/test-dir/MiniOzoneClusterImpl-f8a85056-d908-4111-b8ec-0d6f55fc62ea/ozone-meta/datanode-9/data-0/hdds
2024-04-26 07:45:18,480 [ac5950e9-78e7-4600-acb8-d4807d98be63-EndpointStateMachineTaskThread-/0.0.0.0:15358-0 ] INFO  volume.ThrottledAsyncChecker (ThrottledAsyncChecker.java:schedule(141)) - Scheduling a check for /home/runner/work/ozone/ozone/hadoop-ozone/integration-test/target/test-dir/MiniOzoneClusterImpl-f8a85056-d908-4111-b8ec-0d6f55fc62ea/ozone-meta/datanode-9/ratis
2024-04-26 07:45:18,480 [ac5950e9-78e7-4600-acb8-d4807d98be63-EndpointStateMachineTaskThread-/0.0.0.0:15358-0 ] INFO  volume.StorageVolumeChecker (StorageVolumeChecker.java:checkAllVolumes(218)) - Scheduled health check for volume /home/runner/work/ozone/ozone/hadoop-ozone/integration-test/target/test-dir/MiniOzoneClusterImpl-f8a85056-d908-4111-b8ec-0d6f55fc62ea/ozone-meta/datanode-9/ratis
2024-04-26 07:45:18,481 [ac5950e9-78e7-4600-acb8-d4807d98be63-EndpointStateMachineTaskThread-/0.0.0.0:15358-0 ] INFO  ozoneimpl.OzoneContainer (OzoneContainer.java:start(459)) - Attempting to start container services.
2024-04-26 07:45:18,481 [ac5950e9-78e7-4600-acb8-d4807d98be63-EndpointStateMachineTaskThread-/0.0.0.0:15358-0 ] WARN  ozoneimpl.OnDemandContainerDataScanner (OnDemandContainerDataScanner.java:init(75)) - Trying to initialize on demand scanner a second time on a datanode.
2024-04-26 07:45:18,481 [ContainerMetadataScanner] INFO  ozoneimpl.AbstractBackgroundContainerScanner (AbstractBackgroundContainerScanner.java:runIteration(87)) - Completed an iteration in 0 minutes. Number of iterations (since the data-node restart) : 1, Number of containers scanned in this iteration : 0, Number of unhealthy containers found in this iteration : 0
2024-04-26 07:45:18,482 [ContainerDataScanner(/home/runner/work/ozone/ozone/hadoop-ozone/integration-test/target/test-dir/MiniOzoneClusterImpl-f8a85056-d908-4111-b8ec-0d6f55fc62ea/ozone-meta/datanode-9/data-0/hdds)] INFO  ozoneimpl.AbstractBackgroundContainerScanner (AbstractBackgroundContainerScanner.java:runIteration(87)) - Completed an iteration in 0 minutes. Number of iterations (since the data-node restart) : 1, Number of containers scanned in this iteration : 0, Number of unhealthy containers found in this iteration : 0
2024-04-26 07:45:18,482 [ac5950e9-78e7-4600-acb8-d4807d98be63-EndpointStateMachineTaskThread-/0.0.0.0:15358-0 ] INFO  replication.ReplicationServer (ReplicationServer.java:start(142)) - ReplicationServer is started using port 15444
2024-04-26 07:45:18,482 [ac5950e9-78e7-4600-acb8-d4807d98be63-EndpointStateMachineTaskThread-/0.0.0.0:15358-0 ] INFO  ratis.XceiverServerRatis (XceiverServerRatis.java:start(566)) - Starting XceiverServerRatis ac5950e9-78e7-4600-acb8-d4807d98be63
2024-04-26 07:45:18,483 [ac5950e9-78e7-4600-acb8-d4807d98be63-EndpointStateMachineTaskThread-/0.0.0.0:15358-0 ] INFO  server.RaftServer (RaftServerProxy.java:startImpl(406)) - ac5950e9-78e7-4600-acb8-d4807d98be63: start RPC server
2024-04-26 07:45:18,483 [ac5950e9-78e7-4600-acb8-d4807d98be63-EndpointStateMachineTaskThread-/0.0.0.0:15358-0 ] INFO  server.GrpcService (GrpcService.java:startImpl(302)) - ac5950e9-78e7-4600-acb8-d4807d98be63: GrpcService started, listening on 15440
2024-04-26 07:45:18,483 [ac5950e9-78e7-4600-acb8-d4807d98be63-EndpointStateMachineTaskThread-/0.0.0.0:15358-0 ] INFO  server.GrpcService (GrpcService.java:startImpl(302)) - ac5950e9-78e7-4600-acb8-d4807d98be63: GrpcService started, listening on 15442
2024-04-26 07:45:18,483 [ac5950e9-78e7-4600-acb8-d4807d98be63-EndpointStateMachineTaskThread-/0.0.0.0:15358-0 ] INFO  server.GrpcService (GrpcService.java:startImpl(302)) - ac5950e9-78e7-4600-acb8-d4807d98be63: GrpcService started, listening on 15441
2024-04-26 07:45:18,483 [ac5950e9-78e7-4600-acb8-d4807d98be63-EndpointStateMachineTaskThread-/0.0.0.0:15358-0 ] INFO  ratis.XceiverServerRatis (XceiverServerRatis.java:getRealPort(592)) - XceiverServerRatis ac5950e9-78e7-4600-acb8-d4807d98be63 is started using port 15440 for RATIS
2024-04-26 07:45:18,483 [ac5950e9-78e7-4600-acb8-d4807d98be63-EndpointStateMachineTaskThread-/0.0.0.0:15358-0 ] INFO  ratis.XceiverServerRatis (XceiverServerRatis.java:getRealPort(592)) - XceiverServerRatis ac5950e9-78e7-4600-acb8-d4807d98be63 is started using port 15441 for RATIS_ADMIN
2024-04-26 07:45:18,483 [ac5950e9-78e7-4600-acb8-d4807d98be63-EndpointStateMachineTaskThread-/0.0.0.0:15358-0 ] INFO  ratis.XceiverServerRatis (XceiverServerRatis.java:getRealPort(592)) - XceiverServerRatis ac5950e9-78e7-4600-acb8-d4807d98be63 is started using port 15442 for RATIS_SERVER
2024-04-26 07:45:18,483 [JvmPauseMonitor54] INFO  util.JvmPauseMonitor (JvmPauseMonitor.java:run(146)) - JvmPauseMonitor-ac5950e9-78e7-4600-acb8-d4807d98be63: Started
2024-04-26 07:45:18,484 [ac5950e9-78e7-4600-acb8-d4807d98be63-EndpointStateMachineTaskThread-/0.0.0.0:15358-0 ] INFO  ratis.XceiverServerRatis (XceiverServerRatis.java:getRealPort(592)) - XceiverServerRatis ac5950e9-78e7-4600-acb8-d4807d98be63 is started using port 15443 for RATIS_DATASTREAM
2024-04-26 07:45:18,484 [ac5950e9-78e7-4600-acb8-d4807d98be63-BlockDeletingService#0] INFO  interfaces.ContainerDeletionChoosingPolicyTemplate (ContainerDeletionChoosingPolicyTemplate.java:chooseContainerForBlockDeletion(85)) - Chosen 0/5000 blocks from 0 candidate containers.
2024-04-26 07:45:19,462 [main] INFO  ozone.MiniOzoneClusterImpl (MiniOzoneClusterImpl.java:lambda$waitForClusterToBeReady$0(194)) - Waiting for nodes to be ready. Got 0 of 9 DN Heartbeats.
2024-04-26 07:45:19,462 [main] INFO  ozone.MiniOzoneClusterImpl (MiniOzoneClusterImpl.java:lambda$waitForClusterToBeReady$0(197)) - Waiting for cluster to exit safe mode
2024-04-26 07:45:19,462 [main] INFO  ozone.MiniOzoneClusterImpl (MiniOzoneClusterImpl.java:lambda$waitForClusterToBeReady$0(199)) - SCM became leader
2024-04-26 07:45:20,055 [IPC Server handler 0 on default port 15358] INFO  net.NetworkTopologyImpl (NetworkTopologyImpl.java:add(134)) - Added a new node: /default-rack/f684478f-b568-4af5-8d70-73cde96e1eae
2024-04-26 07:45:20,055 [IPC Server handler 0 on default port 15358] INFO  node.SCMNodeManager (SCMNodeManager.java:register(421)) - Registered datanode: f684478f-b568-4af5-8d70-73cde96e1eae{ip: 127.0.0.1, host: localhost, ports: [HTTP=15365, CLIENT_RPC=15366, REPLICATION=15372, RATIS=15368, RATIS_ADMIN=15369, RATIS_SERVER=15370, RATIS_DATASTREAM=15371, STANDALONE=15367], networkLocation: /default-rack, certSerialId: null, persistedOpState: null, persistedOpStateExpiryEpochSec: 0}
2024-04-26 07:45:20,056 [EventQueue-NewNodeForNewNodeHandler] INFO  pipeline.BackgroundPipelineCreator (BackgroundPipelineCreator.java:notifyEventTriggered(280)) - trigger a one-shot run on RatisPipelineUtilsThread.
2024-04-26 07:45:20,056 [RatisPipelineUtilsThread-0] INFO  pipeline.RatisPipelineProvider (RatisPipelineProvider.java:lambda$create$0(205)) - Sending CreatePipelineCommand for pipeline:PipelineID=15d9835e-c1b5-4dbb-aa01-c54612e089be to datanode:f684478f-b568-4af5-8d70-73cde96e1eae
2024-04-26 07:45:20,056 [EventQueue-NodeRegistrationContainerReportForContainerSafeModeRule] INFO  safemode.SCMSafeModeManager (SCMSafeModeManager.java:validateSafeModeExitRules(203)) - ContainerSafeModeRule rule is successfully validated
2024-04-26 07:45:20,056 [EventQueue-PipelineReportForOneReplicaPipelineSafeModeRule] INFO  safemode.SCMSafeModeManager (SCMSafeModeManager.java:validateSafeModeExitRules(203)) - AtleastOneDatanodeReportedRule rule is successfully validated
2024-04-26 07:45:20,057 [EventQueue-NodeRegistrationContainerReportForDataNodeSafeModeRule] INFO  safemode.SCMSafeModeManager (DataNodeSafeModeRule.java:process(71)) - SCM in safe mode. 1 DataNodes registered, 3 required.
2024-04-26 07:45:20,058 [RatisPipelineUtilsThread-0] INFO  pipeline.BackgroundPipelineCreator (BackgroundPipelineCreator.java:createPipelines(236)) - Created new pipeline Pipeline[ Id: 15d9835e-c1b5-4dbb-aa01-c54612e089be, Nodes: f684478f-b568-4af5-8d70-73cde96e1eae(localhost/127.0.0.1), ReplicationConfig: RATIS/ONE, State:ALLOCATED, leaderId:, CreationTimestamp2024-04-26T07:45:20.056610843Z[Etc/UTC]]
2024-04-26 07:45:20,097 [IPC Server handler 1 on default port 15358] INFO  net.NetworkTopologyImpl (NetworkTopologyImpl.java:add(134)) - Added a new node: /default-rack/69327c76-d33b-4896-9f65-b4e7feed79ae
2024-04-26 07:45:20,098 [IPC Server handler 1 on default port 15358] INFO  node.SCMNodeManager (SCMNodeManager.java:register(421)) - Registered datanode: 69327c76-d33b-4896-9f65-b4e7feed79ae{ip: 127.0.0.1, host: localhost, ports: [HTTP=15374, CLIENT_RPC=15375, REPLICATION=15381, RATIS=15377, RATIS_ADMIN=15378, RATIS_SERVER=15379, RATIS_DATASTREAM=15380, STANDALONE=15376], networkLocation: /default-rack, certSerialId: null, persistedOpState: null, persistedOpStateExpiryEpochSec: 0}
2024-04-26 07:45:20,098 [EventQueue-NewNodeForNewNodeHandler] INFO  pipeline.BackgroundPipelineCreator (BackgroundPipelineCreator.java:notifyEventTriggered(280)) - trigger a one-shot run on RatisPipelineUtilsThread.
2024-04-26 07:45:20,098 [EventQueue-NodeRegistrationContainerReportForDataNodeSafeModeRule] INFO  safemode.SCMSafeModeManager (DataNodeSafeModeRule.java:process(71)) - SCM in safe mode. 2 DataNodes registered, 3 required.
2024-04-26 07:45:20,098 [RatisPipelineUtilsThread-0] INFO  pipeline.RatisPipelineProvider (RatisPipelineProvider.java:lambda$create$0(205)) - Sending CreatePipelineCommand for pipeline:PipelineID=a672c8d4-b10a-47b5-bd0d-797088f29111 to datanode:69327c76-d33b-4896-9f65-b4e7feed79ae
2024-04-26 07:45:20,098 [RatisPipelineUtilsThread-0] INFO  pipeline.BackgroundPipelineCreator (BackgroundPipelineCreator.java:createPipelines(236)) - Created new pipeline Pipeline[ Id: a672c8d4-b10a-47b5-bd0d-797088f29111, Nodes: 69327c76-d33b-4896-9f65-b4e7feed79ae(localhost/127.0.0.1), ReplicationConfig: RATIS/ONE, State:ALLOCATED, leaderId:, CreationTimestamp2024-04-26T07:45:20.098520918Z[Etc/UTC]]
2024-04-26 07:45:20,153 [IPC Server handler 2 on default port 15358] INFO  net.NetworkTopologyImpl (NetworkTopologyImpl.java:add(134)) - Added a new node: /default-rack/cad2128f-a1ed-4156-bd3d-e0bb4df6aa32
2024-04-26 07:45:20,153 [IPC Server handler 2 on default port 15358] INFO  node.SCMNodeManager (SCMNodeManager.java:register(421)) - Registered datanode: cad2128f-a1ed-4156-bd3d-e0bb4df6aa32{ip: 127.0.0.1, host: localhost, ports: [HTTP=15383, CLIENT_RPC=15384, REPLICATION=15390, RATIS=15386, RATIS_ADMIN=15387, RATIS_SERVER=15388, RATIS_DATASTREAM=15389, STANDALONE=15385], networkLocation: /default-rack, certSerialId: null, persistedOpState: null, persistedOpStateExpiryEpochSec: 0}
2024-04-26 07:45:20,153 [EventQueue-NodeRegistrationContainerReportForDataNodeSafeModeRule] INFO  safemode.SCMSafeModeManager (DataNodeSafeModeRule.java:process(71)) - SCM in safe mode. 3 DataNodes registered, 3 required.
2024-04-26 07:45:20,153 [EventQueue-NodeRegistrationContainerReportForDataNodeSafeModeRule] INFO  safemode.SCMSafeModeManager (SCMSafeModeManager.java:validateSafeModeExitRules(203)) - DataNodeSafeModeRule rule is successfully validated
2024-04-26 07:45:20,153 [EventQueue-NodeRegistrationContainerReportForDataNodeSafeModeRule] INFO  safemode.SCMSafeModeManager (SCMSafeModeManager.java:completePreCheck(232)) - All SCM safe mode pre check rules have passed
2024-04-26 07:45:20,153 [EventQueue-NodeRegistrationContainerReportForDataNodeSafeModeRule] INFO  ha.SCMContext (SCMContext.java:updateSafeModeStatus(225)) - Update SafeModeStatus from SafeModeStatus{safeModeStatus=true, preCheckPassed=false} to SafeModeStatus{safeModeStatus=true, preCheckPassed=true}.
2024-04-26 07:45:20,153 [EventQueue-NewNodeForNewNodeHandler] INFO  pipeline.BackgroundPipelineCreator (BackgroundPipelineCreator.java:notifyEventTriggered(280)) - trigger a one-shot run on RatisPipelineUtilsThread.
2024-04-26 07:45:20,154 [EventQueue-NodeRegistrationContainerReportForDataNodeSafeModeRule] INFO  pipeline.BackgroundPipelineCreator (BackgroundPipelineCreator.java:notifyEventTriggered(280)) - trigger a one-shot run on RatisPipelineUtilsThread.
2024-04-26 07:45:20,154 [RatisPipelineUtilsThread-0] INFO  pipeline.RatisPipelineProvider (RatisPipelineProvider.java:lambda$create$0(205)) - Sending CreatePipelineCommand for pipeline:PipelineID=ca173b33-85ae-4baa-a536-344275f2e69f to datanode:cad2128f-a1ed-4156-bd3d-e0bb4df6aa32
2024-04-26 07:45:20,154 [RatisPipelineUtilsThread-0] INFO  pipeline.BackgroundPipelineCreator (BackgroundPipelineCreator.java:createPipelines(236)) - Created new pipeline Pipeline[ Id: ca173b33-85ae-4baa-a536-344275f2e69f, Nodes: cad2128f-a1ed-4156-bd3d-e0bb4df6aa32(localhost/127.0.0.1), ReplicationConfig: RATIS/ONE, State:ALLOCATED, leaderId:, CreationTimestamp2024-04-26T07:45:20.154152574Z[Etc/UTC]]
2024-04-26 07:45:20,154 [RatisPipelineUtilsThread-0] INFO  pipeline.RatisPipelineProvider (RatisPipelineProvider.java:lambda$create$0(205)) - Sending CreatePipelineCommand for pipeline:PipelineID=1970a824-ca16-4cb8-816d-e8836541d941 to datanode:69327c76-d33b-4896-9f65-b4e7feed79ae
2024-04-26 07:45:20,154 [RatisPipelineUtilsThread-0] INFO  pipeline.RatisPipelineProvider (RatisPipelineProvider.java:lambda$create$0(205)) - Sending CreatePipelineCommand for pipeline:PipelineID=1970a824-ca16-4cb8-816d-e8836541d941 to datanode:f684478f-b568-4af5-8d70-73cde96e1eae
2024-04-26 07:45:20,154 [RatisPipelineUtilsThread-0] INFO  pipeline.RatisPipelineProvider (RatisPipelineProvider.java:lambda$create$0(205)) - Sending CreatePipelineCommand for pipeline:PipelineID=1970a824-ca16-4cb8-816d-e8836541d941 to datanode:cad2128f-a1ed-4156-bd3d-e0bb4df6aa32
2024-04-26 07:45:20,155 [RatisPipelineUtilsThread-0] INFO  pipeline.BackgroundPipelineCreator (BackgroundPipelineCreator.java:createPipelines(236)) - Created new pipeline Pipeline[ Id: 1970a824-ca16-4cb8-816d-e8836541d941, Nodes: 69327c76-d33b-4896-9f65-b4e7feed79ae(localhost/127.0.0.1)f684478f-b568-4af5-8d70-73cde96e1eae(localhost/127.0.0.1)cad2128f-a1ed-4156-bd3d-e0bb4df6aa32(localhost/127.0.0.1), ReplicationConfig: RATIS/THREE, State:ALLOCATED, leaderId:, CreationTimestamp2024-04-26T07:45:20.154698861Z[Etc/UTC]]
2024-04-26 07:45:20,203 [IPC Server handler 3 on default port 15358] INFO  net.NetworkTopologyImpl (NetworkTopologyImpl.java:add(134)) - Added a new node: /default-rack/007259ab-dd98-41c4-869b-5f1f47ad54d0
2024-04-26 07:45:20,203 [IPC Server handler 3 on default port 15358] INFO  node.SCMNodeManager (SCMNodeManager.java:register(421)) - Registered datanode: 007259ab-dd98-41c4-869b-5f1f47ad54d0{ip: 127.0.0.1, host: localhost, ports: [HTTP=15392, CLIENT_RPC=15393, REPLICATION=15399, RATIS=15395, RATIS_ADMIN=15396, RATIS_SERVER=15397, RATIS_DATASTREAM=15398, STANDALONE=15394], networkLocation: /default-rack, certSerialId: null, persistedOpState: null, persistedOpStateExpiryEpochSec: 0}
2024-04-26 07:45:20,203 [EventQueue-NewNodeForNewNodeHandler] INFO  pipeline.BackgroundPipelineCreator (BackgroundPipelineCreator.java:notifyEventTriggered(280)) - trigger a one-shot run on RatisPipelineUtilsThread.
2024-04-26 07:45:20,203 [RatisPipelineUtilsThread-0] INFO  pipeline.RatisPipelineProvider (RatisPipelineProvider.java:lambda$create$0(205)) - Sending CreatePipelineCommand for pipeline:PipelineID=2ead501a-c731-4c4e-9db9-8df680f5d577 to datanode:007259ab-dd98-41c4-869b-5f1f47ad54d0
2024-04-26 07:45:20,204 [RatisPipelineUtilsThread-0] INFO  pipeline.BackgroundPipelineCreator (BackgroundPipelineCreator.java:createPipelines(236)) - Created new pipeline Pipeline[ Id: 2ead501a-c731-4c4e-9db9-8df680f5d577, Nodes: 007259ab-dd98-41c4-869b-5f1f47ad54d0(localhost/127.0.0.1), ReplicationConfig: RATIS/ONE, State:ALLOCATED, leaderId:, CreationTimestamp2024-04-26T07:45:20.203959402Z[Etc/UTC]]
2024-04-26 07:45:20,245 [IPC Server handler 4 on default port 15358] INFO  net.NetworkTopologyImpl (NetworkTopologyImpl.java:add(134)) - Added a new node: /default-rack/3adbcf3a-f954-449d-af41-94271594c360
2024-04-26 07:45:20,245 [IPC Server handler 4 on default port 15358] INFO  node.SCMNodeManager (SCMNodeManager.java:register(421)) - Registered datanode: 3adbcf3a-f954-449d-af41-94271594c360{ip: 127.0.0.1, host: localhost, ports: [HTTP=15401, CLIENT_RPC=15402, REPLICATION=15408, RATIS=15404, RATIS_ADMIN=15405, RATIS_SERVER=15406, RATIS_DATASTREAM=15407, STANDALONE=15403], networkLocation: /default-rack, certSerialId: null, persistedOpState: null, persistedOpStateExpiryEpochSec: 0}
2024-04-26 07:45:20,245 [EventQueue-NewNodeForNewNodeHandler] INFO  pipeline.BackgroundPipelineCreator (BackgroundPipelineCreator.java:notifyEventTriggered(280)) - trigger a one-shot run on RatisPipelineUtilsThread.
2024-04-26 07:45:20,246 [RatisPipelineUtilsThread-0] INFO  pipeline.RatisPipelineProvider (RatisPipelineProvider.java:lambda$create$0(205)) - Sending CreatePipelineCommand for pipeline:PipelineID=7734e440-7eab-4653-801e-87ed2c8cf722 to datanode:3adbcf3a-f954-449d-af41-94271594c360
2024-04-26 07:45:20,246 [RatisPipelineUtilsThread-0] INFO  pipeline.BackgroundPipelineCreator (BackgroundPipelineCreator.java:createPipelines(236)) - Created new pipeline Pipeline[ Id: 7734e440-7eab-4653-801e-87ed2c8cf722, Nodes: 3adbcf3a-f954-449d-af41-94271594c360(localhost/127.0.0.1), ReplicationConfig: RATIS/ONE, State:ALLOCATED, leaderId:, CreationTimestamp2024-04-26T07:45:20.246047498Z[Etc/UTC]]
2024-04-26 07:45:20,293 [IPC Server handler 5 on default port 15358] INFO  net.NetworkTopologyImpl (NetworkTopologyImpl.java:add(134)) - Added a new node: /default-rack/66bce337-27b9-4953-b5f8-11fc3ae630c2
2024-04-26 07:45:20,293 [IPC Server handler 5 on default port 15358] INFO  node.SCMNodeManager (SCMNodeManager.java:register(421)) - Registered datanode: 66bce337-27b9-4953-b5f8-11fc3ae630c2{ip: 127.0.0.1, host: localhost, ports: [HTTP=15410, CLIENT_RPC=15411, REPLICATION=15417, RATIS=15413, RATIS_ADMIN=15414, RATIS_SERVER=15415, RATIS_DATASTREAM=15416, STANDALONE=15412], networkLocation: /default-rack, certSerialId: null, persistedOpState: null, persistedOpStateExpiryEpochSec: 0}
2024-04-26 07:45:20,294 [EventQueue-NewNodeForNewNodeHandler] INFO  pipeline.BackgroundPipelineCreator (BackgroundPipelineCreator.java:notifyEventTriggered(280)) - trigger a one-shot run on RatisPipelineUtilsThread.
2024-04-26 07:45:20,294 [RatisPipelineUtilsThread-0] INFO  pipeline.RatisPipelineProvider (RatisPipelineProvider.java:lambda$create$0(205)) - Sending CreatePipelineCommand for pipeline:PipelineID=92024e04-02b9-4e5a-81bf-a271859f91b2 to datanode:66bce337-27b9-4953-b5f8-11fc3ae630c2
2024-04-26 07:45:20,294 [RatisPipelineUtilsThread-0] INFO  pipeline.BackgroundPipelineCreator (BackgroundPipelineCreator.java:createPipelines(236)) - Created new pipeline Pipeline[ Id: 92024e04-02b9-4e5a-81bf-a271859f91b2, Nodes: 66bce337-27b9-4953-b5f8-11fc3ae630c2(localhost/127.0.0.1), ReplicationConfig: RATIS/ONE, State:ALLOCATED, leaderId:, CreationTimestamp2024-04-26T07:45:20.294404504Z[Etc/UTC]]
2024-04-26 07:45:20,295 [RatisPipelineUtilsThread-0] INFO  pipeline.RatisPipelineProvider (RatisPipelineProvider.java:lambda$create$0(205)) - Sending CreatePipelineCommand for pipeline:PipelineID=85b95419-6240-4eec-a6b9-8af491e1d12d to datanode:007259ab-dd98-41c4-869b-5f1f47ad54d0
2024-04-26 07:45:20,295 [RatisPipelineUtilsThread-0] INFO  pipeline.RatisPipelineProvider (RatisPipelineProvider.java:lambda$create$0(205)) - Sending CreatePipelineCommand for pipeline:PipelineID=85b95419-6240-4eec-a6b9-8af491e1d12d to datanode:3adbcf3a-f954-449d-af41-94271594c360
2024-04-26 07:45:20,295 [RatisPipelineUtilsThread-0] INFO  pipeline.RatisPipelineProvider (RatisPipelineProvider.java:lambda$create$0(205)) - Sending CreatePipelineCommand for pipeline:PipelineID=85b95419-6240-4eec-a6b9-8af491e1d12d to datanode:66bce337-27b9-4953-b5f8-11fc3ae630c2
2024-04-26 07:45:20,295 [RatisPipelineUtilsThread-0] INFO  pipeline.BackgroundPipelineCreator (BackgroundPipelineCreator.java:createPipelines(236)) - Created new pipeline Pipeline[ Id: 85b95419-6240-4eec-a6b9-8af491e1d12d, Nodes: 007259ab-dd98-41c4-869b-5f1f47ad54d0(localhost/127.0.0.1)3adbcf3a-f954-449d-af41-94271594c360(localhost/127.0.0.1)66bce337-27b9-4953-b5f8-11fc3ae630c2(localhost/127.0.0.1), ReplicationConfig: RATIS/THREE, State:ALLOCATED, leaderId:, CreationTimestamp2024-04-26T07:45:20.295060305Z[Etc/UTC]]
2024-04-26 07:45:20,344 [IPC Server handler 6 on default port 15358] INFO  net.NetworkTopologyImpl (NetworkTopologyImpl.java:add(134)) - Added a new node: /default-rack/00cfc371-235c-47c8-bc9b-47247119d947
2024-04-26 07:45:20,344 [IPC Server handler 6 on default port 15358] INFO  node.SCMNodeManager (SCMNodeManager.java:register(421)) - Registered datanode: 00cfc371-235c-47c8-bc9b-47247119d947{ip: 127.0.0.1, host: localhost, ports: [HTTP=15419, CLIENT_RPC=15420, REPLICATION=15426, RATIS=15422, RATIS_ADMIN=15423, RATIS_SERVER=15424, RATIS_DATASTREAM=15425, STANDALONE=15421], networkLocation: /default-rack, certSerialId: null, persistedOpState: null, persistedOpStateExpiryEpochSec: 0}
2024-04-26 07:45:20,344 [EventQueue-NewNodeForNewNodeHandler] INFO  pipeline.BackgroundPipelineCreator (BackgroundPipelineCreator.java:notifyEventTriggered(280)) - trigger a one-shot run on RatisPipelineUtilsThread.
2024-04-26 07:45:20,345 [RatisPipelineUtilsThread-0] INFO  pipeline.RatisPipelineProvider (RatisPipelineProvider.java:lambda$create$0(205)) - Sending CreatePipelineCommand for pipeline:PipelineID=09ceb4e8-76c7-4aae-9c6f-7632d0142551 to datanode:00cfc371-235c-47c8-bc9b-47247119d947
2024-04-26 07:45:20,345 [RatisPipelineUtilsThread-0] INFO  pipeline.BackgroundPipelineCreator (BackgroundPipelineCreator.java:createPipelines(236)) - Created new pipeline Pipeline[ Id: 09ceb4e8-76c7-4aae-9c6f-7632d0142551, Nodes: 00cfc371-235c-47c8-bc9b-47247119d947(localhost/127.0.0.1), ReplicationConfig: RATIS/ONE, State:ALLOCATED, leaderId:, CreationTimestamp2024-04-26T07:45:20.345158440Z[Etc/UTC]]
2024-04-26 07:45:20,400 [IPC Server handler 7 on default port 15358] INFO  net.NetworkTopologyImpl (NetworkTopologyImpl.java:add(134)) - Added a new node: /default-rack/80986ccd-c217-439b-b85b-0b259797a488
2024-04-26 07:45:20,401 [IPC Server handler 7 on default port 15358] INFO  node.SCMNodeManager (SCMNodeManager.java:register(421)) - Registered datanode: 80986ccd-c217-439b-b85b-0b259797a488{ip: 127.0.0.1, host: localhost, ports: [HTTP=15428, CLIENT_RPC=15429, REPLICATION=15435, RATIS=15431, RATIS_ADMIN=15432, RATIS_SERVER=15433, RATIS_DATASTREAM=15434, STANDALONE=15430], networkLocation: /default-rack, certSerialId: null, persistedOpState: null, persistedOpStateExpiryEpochSec: 0}
2024-04-26 07:45:20,401 [EventQueue-NewNodeForNewNodeHandler] INFO  pipeline.BackgroundPipelineCreator (BackgroundPipelineCreator.java:notifyEventTriggered(280)) - trigger a one-shot run on RatisPipelineUtilsThread.
2024-04-26 07:45:20,401 [RatisPipelineUtilsThread-0] INFO  pipeline.RatisPipelineProvider (RatisPipelineProvider.java:lambda$create$0(205)) - Sending CreatePipelineCommand for pipeline:PipelineID=a8217075-1133-4cf1-83f1-70705423efd3 to datanode:80986ccd-c217-439b-b85b-0b259797a488
2024-04-26 07:45:20,402 [RatisPipelineUtilsThread-0] INFO  pipeline.BackgroundPipelineCreator (BackgroundPipelineCreator.java:createPipelines(236)) - Created new pipeline Pipeline[ Id: a8217075-1133-4cf1-83f1-70705423efd3, Nodes: 80986ccd-c217-439b-b85b-0b259797a488(localhost/127.0.0.1), ReplicationConfig: RATIS/ONE, State:ALLOCATED, leaderId:, CreationTimestamp2024-04-26T07:45:20.401603641Z[Etc/UTC]]
2024-04-26 07:45:20,461 [IPC Server handler 8 on default port 15358] INFO  net.NetworkTopologyImpl (NetworkTopologyImpl.java:add(134)) - Added a new node: /default-rack/ac5950e9-78e7-4600-acb8-d4807d98be63
2024-04-26 07:45:20,461 [IPC Server handler 8 on default port 15358] INFO  node.SCMNodeManager (SCMNodeManager.java:register(421)) - Registered datanode: ac5950e9-78e7-4600-acb8-d4807d98be63{ip: 127.0.0.1, host: localhost, ports: [HTTP=15437, CLIENT_RPC=15438, REPLICATION=15444, RATIS=15440, RATIS_ADMIN=15441, RATIS_SERVER=15442, RATIS_DATASTREAM=15443, STANDALONE=15439], networkLocation: /default-rack, certSerialId: null, persistedOpState: null, persistedOpStateExpiryEpochSec: 0}
2024-04-26 07:45:20,461 [EventQueue-NewNodeForNewNodeHandler] INFO  pipeline.BackgroundPipelineCreator (BackgroundPipelineCreator.java:notifyEventTriggered(280)) - trigger a one-shot run on RatisPipelineUtilsThread.
2024-04-26 07:45:20,462 [RatisPipelineUtilsThread-0] INFO  pipeline.RatisPipelineProvider (RatisPipelineProvider.java:lambda$create$0(205)) - Sending CreatePipelineCommand for pipeline:PipelineID=0eeb85e4-39f8-46f2-9a5c-266f61e7352e to datanode:ac5950e9-78e7-4600-acb8-d4807d98be63
2024-04-26 07:45:20,462 [main] INFO  ozone.MiniOzoneClusterImpl (MiniOzoneClusterImpl.java:lambda$waitForClusterToBeReady$0(194)) - Nodes are ready. Got 9 of 9 DN Heartbeats.
2024-04-26 07:45:20,462 [main] INFO  ozone.MiniOzoneClusterImpl (MiniOzoneClusterImpl.java:lambda$waitForClusterToBeReady$0(197)) - Waiting for cluster to exit safe mode
2024-04-26 07:45:20,462 [main] INFO  ozone.MiniOzoneClusterImpl (MiniOzoneClusterImpl.java:lambda$waitForClusterToBeReady$0(199)) - SCM became leader
2024-04-26 07:45:20,462 [RatisPipelineUtilsThread-0] INFO  pipeline.BackgroundPipelineCreator (BackgroundPipelineCreator.java:createPipelines(236)) - Created new pipeline Pipeline[ Id: 0eeb85e4-39f8-46f2-9a5c-266f61e7352e, Nodes: ac5950e9-78e7-4600-acb8-d4807d98be63(localhost/127.0.0.1), ReplicationConfig: RATIS/ONE, State:ALLOCATED, leaderId:, CreationTimestamp2024-04-26T07:45:20.462409744Z[Etc/UTC]]
2024-04-26 07:45:20,463 [RatisPipelineUtilsThread-0] INFO  pipeline.RatisPipelineProvider (RatisPipelineProvider.java:lambda$create$0(205)) - Sending CreatePipelineCommand for pipeline:PipelineID=88fe2527-0b70-47e4-af82-ac1f55c45f87 to datanode:ac5950e9-78e7-4600-acb8-d4807d98be63
2024-04-26 07:45:20,463 [RatisPipelineUtilsThread-0] INFO  pipeline.RatisPipelineProvider (RatisPipelineProvider.java:lambda$create$0(205)) - Sending CreatePipelineCommand for pipeline:PipelineID=88fe2527-0b70-47e4-af82-ac1f55c45f87 to datanode:00cfc371-235c-47c8-bc9b-47247119d947
2024-04-26 07:45:20,463 [RatisPipelineUtilsThread-0] INFO  pipeline.RatisPipelineProvider (RatisPipelineProvider.java:lambda$create$0(205)) - Sending CreatePipelineCommand for pipeline:PipelineID=88fe2527-0b70-47e4-af82-ac1f55c45f87 to datanode:80986ccd-c217-439b-b85b-0b259797a488
2024-04-26 07:45:20,463 [RatisPipelineUtilsThread-0] INFO  pipeline.BackgroundPipelineCreator (BackgroundPipelineCreator.java:createPipelines(236)) - Created new pipeline Pipeline[ Id: 88fe2527-0b70-47e4-af82-ac1f55c45f87, Nodes: ac5950e9-78e7-4600-acb8-d4807d98be63(localhost/127.0.0.1)00cfc371-235c-47c8-bc9b-47247119d947(localhost/127.0.0.1)80986ccd-c217-439b-b85b-0b259797a488(localhost/127.0.0.1), ReplicationConfig: RATIS/THREE, State:ALLOCATED, leaderId:, CreationTimestamp2024-04-26T07:45:20.463408533Z[Etc/UTC]]
2024-04-26 07:45:21,463 [main] INFO  ozone.MiniOzoneClusterImpl (MiniOzoneClusterImpl.java:lambda$waitForClusterToBeReady$0(194)) - Nodes are ready. Got 9 of 9 DN Heartbeats.
2024-04-26 07:45:21,463 [main] INFO  ozone.MiniOzoneClusterImpl (MiniOzoneClusterImpl.java:lambda$waitForClusterToBeReady$0(197)) - Waiting for cluster to exit safe mode
2024-04-26 07:45:21,463 [main] INFO  ozone.MiniOzoneClusterImpl (MiniOzoneClusterImpl.java:lambda$waitForClusterToBeReady$0(199)) - SCM became leader
2024-04-26 07:45:22,463 [main] INFO  ozone.MiniOzoneClusterImpl (MiniOzoneClusterImpl.java:lambda$waitForClusterToBeReady$0(194)) - Nodes are ready. Got 9 of 9 DN Heartbeats.
2024-04-26 07:45:22,463 [main] INFO  ozone.MiniOzoneClusterImpl (MiniOzoneClusterImpl.java:lambda$waitForClusterToBeReady$0(197)) - Waiting for cluster to exit safe mode
2024-04-26 07:45:22,463 [main] INFO  ozone.MiniOzoneClusterImpl (MiniOzoneClusterImpl.java:lambda$waitForClusterToBeReady$0(199)) - SCM became leader
2024-04-26 07:45:23,054 [f684478f-b568-4af5-8d70-73cde96e1eae-PipelineCommandHandlerThread-0] INFO  server.RaftServer (RaftServerProxy.java:addNew(100)) - f684478f-b568-4af5-8d70-73cde96e1eae: addNew group-C54612E089BE:[f684478f-b568-4af5-8d70-73cde96e1eae|127.0.0.1:15370] returns group-C54612E089BE:java.util.concurrent.CompletableFuture@7d2578fd[Not completed]
2024-04-26 07:45:23,055 [f684478f-b568-4af5-8d70-73cde96e1eae-groupManagement] INFO  server.RaftServer$Division (RaftServerImpl.java:<init>(256)) - f684478f-b568-4af5-8d70-73cde96e1eae: new RaftServerImpl for group-C54612E089BE:[f684478f-b568-4af5-8d70-73cde96e1eae|127.0.0.1:15370] with ContainerStateMachine:uninitialized
2024-04-26 07:45:23,055 [f684478f-b568-4af5-8d70-73cde96e1eae-groupManagement] INFO  server.RaftServerConfigKeys (ConfUtils.java:logGet(46)) - raft.server.rpc.timeout.min = 5s (custom)
2024-04-26 07:45:23,055 [f684478f-b568-4af5-8d70-73cde96e1eae-groupManagement] INFO  server.RaftServerConfigKeys (ConfUtils.java:logGet(46)) - raft.server.rpc.timeout.max = 5200ms (custom)
2024-04-26 07:45:23,055 [f684478f-b568-4af5-8d70-73cde96e1eae-groupManagement] INFO  server.RaftServerConfigKeys (ConfUtils.java:logGet(46)) - raft.server.rpc.sleep.time = 25ms (default)
2024-04-26 07:45:23,055 [f684478f-b568-4af5-8d70-73cde96e1eae-groupManagement] INFO  server.RaftServerConfigKeys (ConfUtils.java:logGet(46)) - raft.server.rpc.slowness.timeout = 300000ms (custom)
2024-04-26 07:45:23,055 [f684478f-b568-4af5-8d70-73cde96e1eae-groupManagement] INFO  server.RaftServerConfigKeys (ConfUtils.java:logGet(46)) - raft.server.leaderelection.leader.step-down.wait-time = 10s (default)
2024-04-26 07:45:23,055 [f684478f-b568-4af5-8d70-73cde96e1eae-groupManagement] INFO  server.RaftServerConfigKeys (ConfUtils.java:logGet(46)) - raft.server.leaderelection.member.majority-add = false (default)
2024-04-26 07:45:23,055 [f684478f-b568-4af5-8d70-73cde96e1eae-groupManagement] INFO  server.RaftServerConfigKeys (ConfUtils.java:logGet(46)) - raft.server.sleep.deviation.threshold = 300ms (default)
2024-04-26 07:45:23,055 [f684478f-b568-4af5-8d70-73cde96e1eae-groupManagement] INFO  server.RaftServer$Division (ServerState.java:<init>(113)) - f684478f-b568-4af5-8d70-73cde96e1eae@group-C54612E089BE: ConfigurationManager, init=-1: peers:[f684478f-b568-4af5-8d70-73cde96e1eae|127.0.0.1:15370]|listeners:[], old=null, confs=<EMPTY_MAP>
2024-04-26 07:45:23,055 [f684478f-b568-4af5-8d70-73cde96e1eae-groupManagement] INFO  server.RaftServerConfigKeys (ConfUtils.java:logGet(46)) - raft.server.notification.no-leader.timeout = 300000ms (custom)
2024-04-26 07:45:23,056 [f684478f-b568-4af5-8d70-73cde96e1eae-groupManagement] INFO  server.RaftServerConfigKeys (ConfUtils.java:logGet(46)) - raft.server.read.timeout = 10s (default)
2024-04-26 07:45:23,056 [f684478f-b568-4af5-8d70-73cde96e1eae-groupManagement] INFO  server.RaftServerConfigKeys (ConfUtils.java:logGet(46)) - raft.server.retrycache.expirytime = 600000ms (custom)
2024-04-26 07:45:23,056 [f684478f-b568-4af5-8d70-73cde96e1eae-groupManagement] INFO  server.RaftServerConfigKeys (ConfUtils.java:logGet(46)) - raft.server.retrycache.statistics.expirytime = 100ms (default)
2024-04-26 07:45:23,056 [f684478f-b568-4af5-8d70-73cde96e1eae-groupManagement] INFO  server.RaftServerConfigKeys (ConfUtils.java:logGet(46)) - raft.server.read.option = DEFAULT (default)
2024-04-26 07:45:23,056 [f684478f-b568-4af5-8d70-73cde96e1eae-groupManagement] INFO  server.RaftServerConfigKeys (ConfUtils.java:logGet(46)) - raft.server.read.read-after-write-consistent.write-index-cache.expiry-time = 60s (default)
2024-04-26 07:45:23,058 [f684478f-b568-4af5-8d70-73cde96e1eae-groupManagement] INFO  server.RaftServerConfigKeys (ConfUtils.java:logGet(46)) - raft.server.rpc.request.timeout = 3000ms (default)
2024-04-26 07:45:23,058 [f684478f-b568-4af5-8d70-73cde96e1eae-groupManagement] INFO  server.RaftServerConfigKeys (ConfUtils.java:logGet(46)) - raft.server.log.appender.install.snapshot.enabled = false (custom)
2024-04-26 07:45:23,058 [f684478f-b568-4af5-8d70-73cde96e1eae-groupManagement] INFO  server.RaftServerConfigKeys (ConfUtils.java:logGet(46)) - raft.server.threadpool.server.cached = true (default)
2024-04-26 07:45:23,058 [f684478f-b568-4af5-8d70-73cde96e1eae-groupManagement] INFO  server.RaftServerConfigKeys (ConfUtils.java:logGet(46)) - raft.server.threadpool.server.size = 0 (default)
2024-04-26 07:45:23,058 [f684478f-b568-4af5-8d70-73cde96e1eae-groupManagement] INFO  server.RaftServerConfigKeys (ConfUtils.java:logGet(46)) - raft.server.threadpool.client.cached = true (default)
2024-04-26 07:45:23,058 [f684478f-b568-4af5-8d70-73cde96e1eae-groupManagement] INFO  server.RaftServerConfigKeys (ConfUtils.java:logGet(46)) - raft.server.threadpool.client.size = 0 (default)
2024-04-26 07:45:23,058 [f684478f-b568-4af5-8d70-73cde96e1eae-groupManagement] INFO  server.RaftServerConfigKeys (ConfUtils.java:logGet(46)) - raft.server.storage.free-space.min = 0MB (=0) (default)
2024-04-26 07:45:23,058 [f684478f-b568-4af5-8d70-73cde96e1eae-groupManagement] INFO  server.RaftServerConfigKeys (ConfUtils.java:logGet(46)) - raft.server.log.corruption.policy = EXCEPTION (default)
2024-04-26 07:45:23,058 [f684478f-b568-4af5-8d70-73cde96e1eae-groupManagement] INFO  server.RaftServerConfigKeys (ConfUtils.java:logGet(46)) - raft.server.storage.dir = [/home/runner/work/ozone/ozone/hadoop-ozone/integration-test/target/test-dir/MiniOzoneClusterImpl-f8a85056-d908-4111-b8ec-0d6f55fc62ea/ozone-meta/datanode-1/ratis] (custom)
2024-04-26 07:45:23,059 [f684478f-b568-4af5-8d70-73cde96e1eae-groupManagement] INFO  storage.RaftStorageDirectory (RaftStorageDirectoryImpl.java:analyzeStorage(138)) - The storage directory /home/runner/work/ozone/ozone/hadoop-ozone/integration-test/target/test-dir/MiniOzoneClusterImpl-f8a85056-d908-4111-b8ec-0d6f55fc62ea/ozone-meta/datanode-1/ratis/15d9835e-c1b5-4dbb-aa01-c54612e089be does not exist. Creating ...
2024-04-26 07:45:23,059 [f684478f-b568-4af5-8d70-73cde96e1eae-groupManagement] INFO  storage.RaftStorageDirectory (RaftStorageDirectoryImpl.java:tryLock(228)) - Lock on /home/runner/work/ozone/ozone/hadoop-ozone/integration-test/target/test-dir/MiniOzoneClusterImpl-f8a85056-d908-4111-b8ec-0d6f55fc62ea/ozone-meta/datanode-1/ratis/15d9835e-c1b5-4dbb-aa01-c54612e089be/in_use.lock acquired by nodename 21422@fv-az1107-628
2024-04-26 07:45:23,060 [f684478f-b568-4af5-8d70-73cde96e1eae-groupManagement] INFO  storage.RaftStorage (RaftStorageImpl.java:format(99)) - Storage directory /home/runner/work/ozone/ozone/hadoop-ozone/integration-test/target/test-dir/MiniOzoneClusterImpl-f8a85056-d908-4111-b8ec-0d6f55fc62ea/ozone-meta/datanode-1/ratis/15d9835e-c1b5-4dbb-aa01-c54612e089be has been successfully formatted.
2024-04-26 07:45:23,060 [f684478f-b568-4af5-8d70-73cde96e1eae-groupManagement] WARN  util.FileUtils (LogUtils.java:supplyAndLog(63)) - Failed to Files.newInputStream /home/runner/work/ozone/ozone/hadoop-ozone/integration-test/target/test-dir/MiniOzoneClusterImpl-f8a85056-d908-4111-b8ec-0d6f55fc62ea/ozone-meta/datanode-1/ratis/15d9835e-c1b5-4dbb-aa01-c54612e089be/current/raft-meta.conf with options []: java.nio.file.NoSuchFileException: /home/runner/work/ozone/ozone/hadoop-ozone/integration-test/target/test-dir/MiniOzoneClusterImpl-f8a85056-d908-4111-b8ec-0d6f55fc62ea/ozone-meta/datanode-1/ratis/15d9835e-c1b5-4dbb-aa01-c54612e089be/current/raft-meta.conf
2024-04-26 07:45:23,061 [f684478f-b568-4af5-8d70-73cde96e1eae-groupManagement] INFO  ratis.ContainerStateMachine (ContainerStateMachine.java:loadSnapshot(287)) - group-C54612E089BE: The snapshot info is null. Setting the last applied index to:(t:0, i:~)
2024-04-26 07:45:23,061 [f684478f-b568-4af5-8d70-73cde96e1eae-groupManagement] INFO  server.RaftServerConfigKeys (ConfUtils.java:logGet(46)) - raft.server.log.use.memory = false (default)
2024-04-26 07:45:23,061 [f684478f-b568-4af5-8d70-73cde96e1eae-groupManagement] INFO  server.RaftServerConfigKeys (ConfUtils.java:logGet(46)) - raft.server.log.purge.gap = 1000000 (custom)
2024-04-26 07:45:23,061 [f684478f-b568-4af5-8d70-73cde96e1eae-groupManagement] INFO  server.RaftServerConfigKeys (ConfUtils.java:logGet(46)) - raft.server.log.appender.buffer.byte-limit = 8388608 (custom)
2024-04-26 07:45:23,061 [f684478f-b568-4af5-8d70-73cde96e1eae-groupManagement] INFO  server.RaftServerConfigKeys (ConfUtils.java:logGet(46)) - raft.server.log.statemachine.data.read.timeout = 1000ms (default)
2024-04-26 07:45:23,061 [f684478f-b568-4af5-8d70-73cde96e1eae-groupManagement] INFO  server.RaftServerConfigKeys (ConfUtils.java:logGet(46)) - raft.server.log.purge.preservation.log.num = 0 (default)
2024-04-26 07:45:23,062 [EventQueue-PipelineReportForPipelineReportHandler] INFO  pipeline.PipelineReportHandler (PipelineReportHandler.java:processPipelineReport(136)) - Opened pipeline PipelineID=15d9835e-c1b5-4dbb-aa01-c54612e089be
2024-04-26 07:45:23,062 [EventQueue-OpenPipelineForHealthyPipelineSafeModeRule] INFO  safemode.SCMSafeModeManager (HealthyPipelineSafeModeRule.java:process(140)) - SCM in safe mode. Healthy pipelines reported count is 0, required healthy pipeline reported count is 1
2024-04-26 07:45:23,062 [f684478f-b568-4af5-8d70-73cde96e1eae-groupManagement] INFO  server.RaftServerConfigKeys (ConfUtils.java:logGet(46)) - raft.server.log.segment.size.max = 67108864 (custom)
2024-04-26 07:45:23,063 [f684478f-b568-4af5-8d70-73cde96e1eae-groupManagement] INFO  server.RaftServerConfigKeys (ConfUtils.java:logGet(46)) - raft.server.log.segment.cache.num.max = 2 (custom)
2024-04-26 07:45:23,063 [f684478f-b568-4af5-8d70-73cde96e1eae-groupManagement] INFO  server.RaftServerConfigKeys (ConfUtils.java:logGet(46)) - raft.server.log.segment.cache.size.max = 200MB (=209715200) (default)
2024-04-26 07:45:23,063 [f684478f-b568-4af5-8d70-73cde96e1eae-groupManagement] INFO  server.RaftServerConfigKeys (ConfUtils.java:logGet(46)) - raft.server.log.appender.buffer.byte-limit = 8388608 (custom)
2024-04-26 07:45:23,063 [f684478f-b568-4af5-8d70-73cde96e1eae-groupManagement] INFO  util.AwaitToRun (AwaitToRun.java:start(81)) - Thread[f684478f-b568-4af5-8d70-73cde96e1eae@group-C54612E089BE-cacheEviction-AwaitToRun,5,main] started
2024-04-26 07:45:23,063 [f684478f-b568-4af5-8d70-73cde96e1eae-groupManagement] INFO  segmented.SegmentedRaftLogWorker (SegmentedRaftLogWorker.java:<init>(182)) - new f684478f-b568-4af5-8d70-73cde96e1eae@group-C54612E089BE-SegmentedRaftLogWorker for RaftStorageImpl:Storage Directory /home/runner/work/ozone/ozone/hadoop-ozone/integration-test/target/test-dir/MiniOzoneClusterImpl-f8a85056-d908-4111-b8ec-0d6f55fc62ea/ozone-meta/datanode-1/ratis/15d9835e-c1b5-4dbb-aa01-c54612e089be
2024-04-26 07:45:23,063 [f684478f-b568-4af5-8d70-73cde96e1eae-groupManagement] INFO  server.RaftServerConfigKeys (ConfUtils.java:logGet(46)) - raft.server.log.queue.byte-limit = 4294967296 (custom)
2024-04-26 07:45:23,063 [f684478f-b568-4af5-8d70-73cde96e1eae-groupManagement] INFO  server.RaftServerConfigKeys (ConfUtils.java:logGet(46)) - raft.server.log.queue.element-limit = 1024 (custom)
2024-04-26 07:45:23,063 [f684478f-b568-4af5-8d70-73cde96e1eae-groupManagement] INFO  server.RaftServerConfigKeys (ConfUtils.java:logGet(46)) - raft.server.log.segment.size.max = 67108864 (custom)
2024-04-26 07:45:23,063 [f684478f-b568-4af5-8d70-73cde96e1eae-groupManagement] INFO  server.RaftServerConfigKeys (ConfUtils.java:logGet(46)) - raft.server.log.preallocated.size = 4194304 (custom)
2024-04-26 07:45:23,063 [f684478f-b568-4af5-8d70-73cde96e1eae-groupManagement] INFO  server.RaftServerConfigKeys (ConfUtils.java:logGet(46)) - raft.server.log.force.sync.num = 128 (default)
2024-04-26 07:45:23,063 [f684478f-b568-4af5-8d70-73cde96e1eae-groupManagement] INFO  server.RaftServerConfigKeys (ConfUtils.java:logGet(46)) - raft.server.log.statemachine.data.sync = true (default)
2024-04-26 07:45:23,063 [f684478f-b568-4af5-8d70-73cde96e1eae-groupManagement] INFO  server.RaftServerConfigKeys (ConfUtils.java:logGet(46)) - raft.server.log.statemachine.data.sync.timeout = 10s (default)
2024-04-26 07:45:23,064 [f684478f-b568-4af5-8d70-73cde96e1eae-groupManagement] INFO  server.RaftServerConfigKeys (ConfUtils.java:logGet(46)) - raft.server.log.statemachine.data.sync.timeout.retry = 30 (custom)
2024-04-26 07:45:23,064 [f684478f-b568-4af5-8d70-73cde96e1eae-groupManagement] INFO  server.RaftServerConfigKeys (ConfUtils.java:logGet(46)) - raft.server.log.write.buffer.size = 8388616 (custom)
2024-04-26 07:45:23,065 [f684478f-b568-4af5-8d70-73cde96e1eae-groupManagement] INFO  server.RaftServerConfigKeys (ConfUtils.java:logGet(46)) - raft.server.log.appender.buffer.byte-limit = 8388608 (custom)
2024-04-26 07:45:23,065 [f684478f-b568-4af5-8d70-73cde96e1eae-groupManagement] INFO  server.RaftServerConfigKeys (ConfUtils.java:logGet(46)) - raft.server.log.unsafe-flush.enabled = false (default)
2024-04-26 07:45:23,065 [f684478f-b568-4af5-8d70-73cde96e1eae-groupManagement] INFO  server.RaftServerConfigKeys (ConfUtils.java:logGet(46)) - raft.server.log.async-flush.enabled = false (default)
2024-04-26 07:45:23,065 [f684478f-b568-4af5-8d70-73cde96e1eae-groupManagement] INFO  server.RaftServerConfigKeys (ConfUtils.java:logGet(46)) - raft.server.log.statemachine.data.caching.enabled = true (custom)
2024-04-26 07:45:23,065 [f684478f-b568-4af5-8d70-73cde96e1eae-groupManagement] INFO  segmented.SegmentedRaftLogWorker (SegmentedRaftLogWorker.java:lambda$new$0(134)) - f684478f-b568-4af5-8d70-73cde96e1eae@group-C54612E089BE-SegmentedRaftLogWorker: flushIndex: setUnconditionally 0 -> -1
2024-04-26 07:45:23,065 [f684478f-b568-4af5-8d70-73cde96e1eae-groupManagement] INFO  segmented.SegmentedRaftLogWorker (SegmentedRaftLogWorker.java:lambda$new$0(134)) - f684478f-b568-4af5-8d70-73cde96e1eae@group-C54612E089BE-SegmentedRaftLogWorker: safeCacheEvictIndex: setUnconditionally 0 -> -1
2024-04-26 07:45:23,065 [f684478f-b568-4af5-8d70-73cde96e1eae-groupManagement] INFO  server.RaftServer$Division (RaftServerImpl.java:start(396)) - f684478f-b568-4af5-8d70-73cde96e1eae@group-C54612E089BE: start as a follower, conf=-1: peers:[f684478f-b568-4af5-8d70-73cde96e1eae|127.0.0.1:15370]|listeners:[], old=null
2024-04-26 07:45:23,066 [f684478f-b568-4af5-8d70-73cde96e1eae-groupManagement] INFO  server.RaftServer$Division (RaftServerImpl.java:setRole(383)) - f684478f-b568-4af5-8d70-73cde96e1eae@group-C54612E089BE: changes role from      null to FOLLOWER at term 0 for startAsFollower
2024-04-26 07:45:23,066 [f684478f-b568-4af5-8d70-73cde96e1eae-groupManagement] INFO  impl.RoleInfo (RoleInfo.java:updateAndGet(139)) - f684478f-b568-4af5-8d70-73cde96e1eae: start f684478f-b568-4af5-8d70-73cde96e1eae@group-C54612E089BE-FollowerState
2024-04-26 07:45:23,066 [f684478f-b568-4af5-8d70-73cde96e1eae@group-C54612E089BE-FollowerState] INFO  server.RaftServerConfigKeys (ConfUtils.java:logFallback(53)) - raft.server.rpc.first-election.timeout.min = 5s (fallback to raft.server.rpc.timeout.min)
2024-04-26 07:45:23,066 [f684478f-b568-4af5-8d70-73cde96e1eae-groupManagement] INFO  util.JmxRegister (JmxRegister.java:tryRegister(44)) - Successfully registered JMX Bean with object name Ratis:service=RaftServer,group=group-C54612E089BE,id=f684478f-b568-4af5-8d70-73cde96e1eae
2024-04-26 07:45:23,066 [f684478f-b568-4af5-8d70-73cde96e1eae-groupManagement] INFO  server.RaftServerConfigKeys (ConfUtils.java:logGet(46)) - raft.server.snapshot.trigger-when-stop.enabled = true (default)
2024-04-26 07:45:23,066 [f684478f-b568-4af5-8d70-73cde96e1eae-groupManagement] INFO  server.RaftServerConfigKeys (ConfUtils.java:logGet(46)) - raft.server.snapshot.auto.trigger.enabled = true (custom)
2024-04-26 07:45:23,066 [f684478f-b568-4af5-8d70-73cde96e1eae-groupManagement] INFO  server.RaftServerConfigKeys (ConfUtils.java:logGet(46)) - raft.server.snapshot.auto.trigger.threshold = 10000 (custom)
2024-04-26 07:45:23,066 [f684478f-b568-4af5-8d70-73cde96e1eae-groupManagement] INFO  server.RaftServerConfigKeys (ConfUtils.java:logGet(46)) - raft.server.snapshot.retention.file.num = 5 (custom)
2024-04-26 07:45:23,066 [f684478f-b568-4af5-8d70-73cde96e1eae-groupManagement] INFO  server.RaftServerConfigKeys (ConfUtils.java:logGet(46)) - raft.server.log.purge.upto.snapshot.index = false (default)
2024-04-26 07:45:23,067 [f684478f-b568-4af5-8d70-73cde96e1eae@group-C54612E089BE-FollowerState] INFO  server.RaftServerConfigKeys (ConfUtils.java:logFallback(53)) - raft.server.rpc.first-election.timeout.max = 5200ms (fallback to raft.server.rpc.timeout.max)
2024-04-26 07:45:23,067 [f684478f-b568-4af5-8d70-73cde96e1eae-PipelineCommandHandlerThread-0] INFO  ratis.XceiverServerRatis (XceiverServerRatis.java:addGroup(864)) - Created group PipelineID=15d9835e-c1b5-4dbb-aa01-c54612e089be
2024-04-26 07:45:23,067 [f684478f-b568-4af5-8d70-73cde96e1eae-PipelineCommandHandlerThread-0] INFO  commandhandler.CreatePipelineCommandHandler (CreatePipelineCommandHandler.java:lambda$handle$2(124)) - Created Pipeline RATIS ONE PipelineID=15d9835e-c1b5-4dbb-aa01-c54612e089be.
2024-04-26 07:45:23,068 [f684478f-b568-4af5-8d70-73cde96e1eae-groupManagement] INFO  server.RaftServer$Division (RaftServerImpl.java:<init>(256)) - f684478f-b568-4af5-8d70-73cde96e1eae: new RaftServerImpl for group-E8836541D941:[cad2128f-a1ed-4156-bd3d-e0bb4df6aa32|127.0.0.1:15388, 69327c76-d33b-4896-9f65-b4e7feed79ae|127.0.0.1:15379, f684478f-b568-4af5-8d70-73cde96e1eae|127.0.0.1:15370] with ContainerStateMachine:uninitialized
2024-04-26 07:45:23,068 [f684478f-b568-4af5-8d70-73cde96e1eae-groupManagement] INFO  server.RaftServerConfigKeys (ConfUtils.java:logGet(46)) - raft.server.rpc.timeout.min = 5s (custom)
2024-04-26 07:45:23,068 [f684478f-b568-4af5-8d70-73cde96e1eae-groupManagement] INFO  server.RaftServerConfigKeys (ConfUtils.java:logGet(46)) - raft.server.rpc.timeout.max = 5200ms (custom)
2024-04-26 07:45:23,068 [f684478f-b568-4af5-8d70-73cde96e1eae-groupManagement] INFO  server.RaftServerConfigKeys (ConfUtils.java:logGet(46)) - raft.server.rpc.sleep.time = 25ms (default)
2024-04-26 07:45:23,068 [f684478f-b568-4af5-8d70-73cde96e1eae-groupManagement] INFO  server.RaftServerConfigKeys (ConfUtils.java:logGet(46)) - raft.server.rpc.slowness.timeout = 300000ms (custom)
2024-04-26 07:45:23,068 [f684478f-b568-4af5-8d70-73cde96e1eae-groupManagement] INFO  server.RaftServerConfigKeys (ConfUtils.java:logGet(46)) - raft.server.leaderelection.leader.step-down.wait-time = 10s (default)
2024-04-26 07:45:23,068 [f684478f-b568-4af5-8d70-73cde96e1eae-groupManagement] INFO  server.RaftServerConfigKeys (ConfUtils.java:logGet(46)) - raft.server.leaderelection.member.majority-add = false (default)
2024-04-26 07:45:23,068 [f684478f-b568-4af5-8d70-73cde96e1eae-groupManagement] INFO  server.RaftServerConfigKeys (ConfUtils.java:logGet(46)) - raft.server.sleep.deviation.threshold = 300ms (default)
2024-04-26 07:45:23,068 [f684478f-b568-4af5-8d70-73cde96e1eae-groupManagement] INFO  server.RaftServer$Division (ServerState.java:<init>(113)) - f684478f-b568-4af5-8d70-73cde96e1eae@group-E8836541D941: ConfigurationManager, init=-1: peers:[cad2128f-a1ed-4156-bd3d-e0bb4df6aa32|127.0.0.1:15388, 69327c76-d33b-4896-9f65-b4e7feed79ae|127.0.0.1:15379, f684478f-b568-4af5-8d70-73cde96e1eae|127.0.0.1:15370]|listeners:[], old=null, confs=<EMPTY_MAP>
2024-04-26 07:45:23,068 [f684478f-b568-4af5-8d70-73cde96e1eae-groupManagement] INFO  server.RaftServerConfigKeys (ConfUtils.java:logGet(46)) - raft.server.notification.no-leader.timeout = 300000ms (custom)
2024-04-26 07:45:23,068 [f684478f-b568-4af5-8d70-73cde96e1eae-groupManagement] INFO  server.RaftServerConfigKeys (ConfUtils.java:logGet(46)) - raft.server.read.timeout = 10s (default)
2024-04-26 07:45:23,068 [f684478f-b568-4af5-8d70-73cde96e1eae-groupManagement] INFO  server.RaftServerConfigKeys (ConfUtils.java:logGet(46)) - raft.server.retrycache.expirytime = 600000ms (custom)
2024-04-26 07:45:23,068 [f684478f-b568-4af5-8d70-73cde96e1eae-groupManagement] INFO  server.RaftServerConfigKeys (ConfUtils.java:logGet(46)) - raft.server.retrycache.statistics.expirytime = 100ms (default)
2024-04-26 07:45:23,068 [f684478f-b568-4af5-8d70-73cde96e1eae-groupManagement] INFO  server.RaftServerConfigKeys (ConfUtils.java:logGet(46)) - raft.server.read.option = DEFAULT (default)
2024-04-26 07:45:23,068 [f684478f-b568-4af5-8d70-73cde96e1eae-groupManagement] INFO  server.RaftServerConfigKeys (ConfUtils.java:logGet(46)) - raft.server.read.read-after-write-consistent.write-index-cache.expiry-time = 60s (default)
2024-04-26 07:45:23,070 [f684478f-b568-4af5-8d70-73cde96e1eae-groupManagement] INFO  server.RaftServerConfigKeys (ConfUtils.java:logGet(46)) - raft.server.rpc.request.timeout = 3000ms (default)
2024-04-26 07:45:23,070 [f684478f-b568-4af5-8d70-73cde96e1eae-groupManagement] INFO  server.RaftServerConfigKeys (ConfUtils.java:logGet(46)) - raft.server.log.appender.install.snapshot.enabled = false (custom)
2024-04-26 07:45:23,070 [f684478f-b568-4af5-8d70-73cde96e1eae-groupManagement] INFO  server.RaftServerConfigKeys (ConfUtils.java:logGet(46)) - raft.server.threadpool.server.cached = true (default)
2024-04-26 07:45:23,070 [f684478f-b568-4af5-8d70-73cde96e1eae-groupManagement] INFO  server.RaftServerConfigKeys (ConfUtils.java:logGet(46)) - raft.server.threadpool.server.size = 0 (default)
2024-04-26 07:45:23,070 [f684478f-b568-4af5-8d70-73cde96e1eae-groupManagement] INFO  server.RaftServerConfigKeys (ConfUtils.java:logGet(46)) - raft.server.threadpool.client.cached = true (default)
2024-04-26 07:45:23,070 [f684478f-b568-4af5-8d70-73cde96e1eae-groupManagement] INFO  server.RaftServerConfigKeys (ConfUtils.java:logGet(46)) - raft.server.threadpool.client.size = 0 (default)
2024-04-26 07:45:23,071 [f684478f-b568-4af5-8d70-73cde96e1eae-PipelineCommandHandlerThread-0] INFO  server.RaftServer (RaftServerProxy.java:addNew(100)) - f684478f-b568-4af5-8d70-73cde96e1eae: addNew group-E8836541D941:[cad2128f-a1ed-4156-bd3d-e0bb4df6aa32|127.0.0.1:15388, 69327c76-d33b-4896-9f65-b4e7feed79ae|127.0.0.1:15379, f684478f-b568-4af5-8d70-73cde96e1eae|127.0.0.1:15370] returns      null f684478f-b568-4af5-8d70-73cde96e1eae@group-E8836541D941:t0, leader=null, voted=null, raftlog=UNINITIALIZED, conf=-1: peers:[cad2128f-a1ed-4156-bd3d-e0bb4df6aa32|127.0.0.1:15388, 69327c76-d33b-4896-9f65-b4e7feed79ae|127.0.0.1:15379, f684478f-b568-4af5-8d70-73cde96e1eae|127.0.0.1:15370]|listeners:[], old=null NEW
2024-04-26 07:45:23,071 [f684478f-b568-4af5-8d70-73cde96e1eae-groupManagement] INFO  server.RaftServerConfigKeys (ConfUtils.java:logGet(46)) - raft.server.storage.free-space.min = 0MB (=0) (default)
2024-04-26 07:45:23,071 [f684478f-b568-4af5-8d70-73cde96e1eae-groupManagement] INFO  server.RaftServerConfigKeys (ConfUtils.java:logGet(46)) - raft.server.log.corruption.policy = EXCEPTION (default)
2024-04-26 07:45:23,071 [f684478f-b568-4af5-8d70-73cde96e1eae-groupManagement] INFO  server.RaftServerConfigKeys (ConfUtils.java:logGet(46)) - raft.server.storage.dir = [/home/runner/work/ozone/ozone/hadoop-ozone/integration-test/target/test-dir/MiniOzoneClusterImpl-f8a85056-d908-4111-b8ec-0d6f55fc62ea/ozone-meta/datanode-1/ratis] (custom)
2024-04-26 07:45:23,071 [f684478f-b568-4af5-8d70-73cde96e1eae-groupManagement] INFO  storage.RaftStorageDirectory (RaftStorageDirectoryImpl.java:analyzeStorage(138)) - The storage directory /home/runner/work/ozone/ozone/hadoop-ozone/integration-test/target/test-dir/MiniOzoneClusterImpl-f8a85056-d908-4111-b8ec-0d6f55fc62ea/ozone-meta/datanode-1/ratis/1970a824-ca16-4cb8-816d-e8836541d941 does not exist. Creating ...
2024-04-26 07:45:23,072 [f684478f-b568-4af5-8d70-73cde96e1eae-groupManagement] INFO  storage.RaftStorageDirectory (RaftStorageDirectoryImpl.java:tryLock(228)) - Lock on /home/runner/work/ozone/ozone/hadoop-ozone/integration-test/target/test-dir/MiniOzoneClusterImpl-f8a85056-d908-4111-b8ec-0d6f55fc62ea/ozone-meta/datanode-1/ratis/1970a824-ca16-4cb8-816d-e8836541d941/in_use.lock acquired by nodename 21422@fv-az1107-628
2024-04-26 07:45:23,072 [f684478f-b568-4af5-8d70-73cde96e1eae-groupManagement] INFO  storage.RaftStorage (RaftStorageImpl.java:format(99)) - Storage directory /home/runner/work/ozone/ozone/hadoop-ozone/integration-test/target/test-dir/MiniOzoneClusterImpl-f8a85056-d908-4111-b8ec-0d6f55fc62ea/ozone-meta/datanode-1/ratis/1970a824-ca16-4cb8-816d-e8836541d941 has been successfully formatted.
2024-04-26 07:45:23,073 [f684478f-b568-4af5-8d70-73cde96e1eae-groupManagement] WARN  util.FileUtils (LogUtils.java:supplyAndLog(63)) - Failed to Files.newInputStream /home/runner/work/ozone/ozone/hadoop-ozone/integration-test/target/test-dir/MiniOzoneClusterImpl-f8a85056-d908-4111-b8ec-0d6f55fc62ea/ozone-meta/datanode-1/ratis/1970a824-ca16-4cb8-816d-e8836541d941/current/raft-meta.conf with options []: java.nio.file.NoSuchFileException: /home/runner/work/ozone/ozone/hadoop-ozone/integration-test/target/test-dir/MiniOzoneClusterImpl-f8a85056-d908-4111-b8ec-0d6f55fc62ea/ozone-meta/datanode-1/ratis/1970a824-ca16-4cb8-816d-e8836541d941/current/raft-meta.conf
2024-04-26 07:45:23,073 [f684478f-b568-4af5-8d70-73cde96e1eae-groupManagement] INFO  ratis.ContainerStateMachine (ContainerStateMachine.java:loadSnapshot(287)) - group-E8836541D941: The snapshot info is null. Setting the last applied index to:(t:0, i:~)
2024-04-26 07:45:23,073 [f684478f-b568-4af5-8d70-73cde96e1eae-groupManagement] INFO  server.RaftServerConfigKeys (ConfUtils.java:logGet(46)) - raft.server.log.use.memory = false (default)
2024-04-26 07:45:23,073 [f684478f-b568-4af5-8d70-73cde96e1eae-groupManagement] INFO  server.RaftServerConfigKeys (ConfUtils.java:logGet(46)) - raft.server.log.purge.gap = 1000000 (custom)
2024-04-26 07:45:23,073 [f684478f-b568-4af5-8d70-73cde96e1eae-groupManagement] INFO  server.RaftServerConfigKeys (ConfUtils.java:logGet(46)) - raft.server.log.appender.buffer.byte-limit = 8388608 (custom)
2024-04-26 07:45:23,073 [f684478f-b568-4af5-8d70-73cde96e1eae-groupManagement] INFO  server.RaftServerConfigKeys (ConfUtils.java:logGet(46)) - raft.server.log.statemachine.data.read.timeout = 1000ms (default)
2024-04-26 07:45:23,073 [f684478f-b568-4af5-8d70-73cde96e1eae-groupManagement] INFO  server.RaftServerConfigKeys (ConfUtils.java:logGet(46)) - raft.server.log.purge.preservation.log.num = 0 (default)
2024-04-26 07:45:23,073 [EventQueue-OpenPipelineForHealthyPipelineSafeModeRule] INFO  safemode.SCMSafeModeManager (HealthyPipelineSafeModeRule.java:process(140)) - SCM in safe mode. Healthy pipelines reported count is 0, required healthy pipeline reported count is 1
2024-04-26 07:45:23,074 [f684478f-b568-4af5-8d70-73cde96e1eae-groupManagement] INFO  server.RaftServerConfigKeys (ConfUtils.java:logGet(46)) - raft.server.log.segment.size.max = 67108864 (custom)
2024-04-26 07:45:23,075 [f684478f-b568-4af5-8d70-73cde96e1eae-groupManagement] INFO  server.RaftServerConfigKeys (ConfUtils.java:logGet(46)) - raft.server.log.segment.cache.num.max = 2 (custom)
2024-04-26 07:45:23,075 [f684478f-b568-4af5-8d70-73cde96e1eae-groupManagement] INFO  server.RaftServerConfigKeys (ConfUtils.java:logGet(46)) - raft.server.log.segment.cache.size.max = 200MB (=209715200) (default)
2024-04-26 07:45:23,075 [f684478f-b568-4af5-8d70-73cde96e1eae-groupManagement] INFO  server.RaftServerConfigKeys (ConfUtils.java:logGet(46)) - raft.server.log.appender.buffer.byte-limit = 8388608 (custom)
2024-04-26 07:45:23,075 [f684478f-b568-4af5-8d70-73cde96e1eae-groupManagement] INFO  util.AwaitToRun (AwaitToRun.java:start(81)) - Thread[f684478f-b568-4af5-8d70-73cde96e1eae@group-E8836541D941-cacheEviction-AwaitToRun,5,main] started
2024-04-26 07:45:23,075 [f684478f-b568-4af5-8d70-73cde96e1eae-groupManagement] INFO  segmented.SegmentedRaftLogWorker (SegmentedRaftLogWorker.java:<init>(182)) - new f684478f-b568-4af5-8d70-73cde96e1eae@group-E8836541D941-SegmentedRaftLogWorker for RaftStorageImpl:Storage Directory /home/runner/work/ozone/ozone/hadoop-ozone/integration-test/target/test-dir/MiniOzoneClusterImpl-f8a85056-d908-4111-b8ec-0d6f55fc62ea/ozone-meta/datanode-1/ratis/1970a824-ca16-4cb8-816d-e8836541d941
2024-04-26 07:45:23,075 [f684478f-b568-4af5-8d70-73cde96e1eae-groupManagement] INFO  server.RaftServerConfigKeys (ConfUtils.java:logGet(46)) - raft.server.log.queue.byte-limit = 4294967296 (custom)
2024-04-26 07:45:23,075 [f684478f-b568-4af5-8d70-73cde96e1eae-groupManagement] INFO  server.RaftServerConfigKeys (ConfUtils.java:logGet(46)) - raft.server.log.queue.element-limit = 1024 (custom)
2024-04-26 07:45:23,075 [f684478f-b568-4af5-8d70-73cde96e1eae-groupManagement] INFO  server.RaftServerConfigKeys (ConfUtils.java:logGet(46)) - raft.server.log.segment.size.max = 67108864 (custom)
2024-04-26 07:45:23,075 [f684478f-b568-4af5-8d70-73cde96e1eae-groupManagement] INFO  server.RaftServerConfigKeys (ConfUtils.java:logGet(46)) - raft.server.log.preallocated.size = 4194304 (custom)
2024-04-26 07:45:23,075 [f684478f-b568-4af5-8d70-73cde96e1eae-groupManagement] INFO  server.RaftServerConfigKeys (ConfUtils.java:logGet(46)) - raft.server.log.force.sync.num = 128 (default)
2024-04-26 07:45:23,075 [f684478f-b568-4af5-8d70-73cde96e1eae-groupManagement] INFO  server.RaftServerConfigKeys (ConfUtils.java:logGet(46)) - raft.server.log.statemachine.data.sync = true (default)
2024-04-26 07:45:23,075 [f684478f-b568-4af5-8d70-73cde96e1eae-groupManagement] INFO  server.RaftServerConfigKeys (ConfUtils.java:logGet(46)) - raft.server.log.statemachine.data.sync.timeout = 10s (default)
2024-04-26 07:45:23,075 [f684478f-b568-4af5-8d70-73cde96e1eae-groupManagement] INFO  server.RaftServerConfigKeys (ConfUtils.java:logGet(46)) - raft.server.log.statemachine.data.sync.timeout.retry = 30 (custom)
2024-04-26 07:45:23,076 [f684478f-b568-4af5-8d70-73cde96e1eae-groupManagement] INFO  server.RaftServerConfigKeys (ConfUtils.java:logGet(46)) - raft.server.log.write.buffer.size = 8388616 (custom)
2024-04-26 07:45:23,077 [f684478f-b568-4af5-8d70-73cde96e1eae-groupManagement] INFO  server.RaftServerConfigKeys (ConfUtils.java:logGet(46)) - raft.server.log.appender.buffer.byte-limit = 8388608 (custom)
2024-04-26 07:45:23,077 [f684478f-b568-4af5-8d70-73cde96e1eae-groupManagement] INFO  server.RaftServerConfigKeys (ConfUtils.java:logGet(46)) - raft.server.log.unsafe-flush.enabled = false (default)
2024-04-26 07:45:23,077 [f684478f-b568-4af5-8d70-73cde96e1eae-groupManagement] INFO  server.RaftServerConfigKeys (ConfUtils.java:logGet(46)) - raft.server.log.async-flush.enabled = false (default)
2024-04-26 07:45:23,077 [f684478f-b568-4af5-8d70-73cde96e1eae-groupManagement] INFO  server.RaftServerConfigKeys (ConfUtils.java:logGet(46)) - raft.server.log.statemachine.data.caching.enabled = true (custom)
2024-04-26 07:45:23,077 [f684478f-b568-4af5-8d70-73cde96e1eae-groupManagement] INFO  segmented.SegmentedRaftLogWorker (SegmentedRaftLogWorker.java:lambda$new$0(134)) - f684478f-b568-4af5-8d70-73cde96e1eae@group-E8836541D941-SegmentedRaftLogWorker: flushIndex: setUnconditionally 0 -> -1
2024-04-26 07:45:23,078 [f684478f-b568-4af5-8d70-73cde96e1eae-groupManagement] INFO  segmented.SegmentedRaftLogWorker (SegmentedRaftLogWorker.java:lambda$new$0(134)) - f684478f-b568-4af5-8d70-73cde96e1eae@group-E8836541D941-SegmentedRaftLogWorker: safeCacheEvictIndex: setUnconditionally 0 -> -1
2024-04-26 07:45:23,078 [f684478f-b568-4af5-8d70-73cde96e1eae-groupManagement] INFO  server.RaftServer$Division (RaftServerImpl.java:start(396)) - f684478f-b568-4af5-8d70-73cde96e1eae@group-E8836541D941: start as a follower, conf=-1: peers:[cad2128f-a1ed-4156-bd3d-e0bb4df6aa32|127.0.0.1:15388, 69327c76-d33b-4896-9f65-b4e7feed79ae|127.0.0.1:15379, f684478f-b568-4af5-8d70-73cde96e1eae|127.0.0.1:15370]|listeners:[], old=null
2024-04-26 07:45:23,078 [f684478f-b568-4af5-8d70-73cde96e1eae-groupManagement] INFO  server.RaftServer$Division (RaftServerImpl.java:setRole(383)) - f684478f-b568-4af5-8d70-73cde96e1eae@group-E8836541D941: changes role from      null to FOLLOWER at term 0 for startAsFollower
2024-04-26 07:45:23,078 [f684478f-b568-4af5-8d70-73cde96e1eae-groupManagement] INFO  impl.RoleInfo (RoleInfo.java:updateAndGet(139)) - f684478f-b568-4af5-8d70-73cde96e1eae: start f684478f-b568-4af5-8d70-73cde96e1eae@group-E8836541D941-FollowerState
2024-04-26 07:45:23,078 [f684478f-b568-4af5-8d70-73cde96e1eae-groupManagement] INFO  util.JmxRegister (JmxRegister.java:tryRegister(44)) - Successfully registered JMX Bean with object name Ratis:service=RaftServer,group=group-E8836541D941,id=f684478f-b568-4af5-8d70-73cde96e1eae
2024-04-26 07:45:23,078 [f684478f-b568-4af5-8d70-73cde96e1eae-groupManagement] INFO  server.RaftServerConfigKeys (ConfUtils.java:logGet(46)) - raft.server.snapshot.trigger-when-stop.enabled = true (default)
2024-04-26 07:45:23,078 [f684478f-b568-4af5-8d70-73cde96e1eae-groupManagement] INFO  server.RaftServerConfigKeys (ConfUtils.java:logGet(46)) - raft.server.snapshot.auto.trigger.enabled = true (custom)
2024-04-26 07:45:23,078 [f684478f-b568-4af5-8d70-73cde96e1eae-groupManagement] INFO  server.RaftServerConfigKeys (ConfUtils.java:logGet(46)) - raft.server.snapshot.auto.trigger.threshold = 10000 (custom)
2024-04-26 07:45:23,078 [f684478f-b568-4af5-8d70-73cde96e1eae-groupManagement] INFO  server.RaftServerConfigKeys (ConfUtils.java:logGet(46)) - raft.server.snapshot.retention.file.num = 5 (custom)
2024-04-26 07:45:23,078 [f684478f-b568-4af5-8d70-73cde96e1eae-groupManagement] INFO  server.RaftServerConfigKeys (ConfUtils.java:logGet(46)) - raft.server.log.purge.upto.snapshot.index = false (default)
2024-04-26 07:45:23,078 [f684478f-b568-4af5-8d70-73cde96e1eae@group-E8836541D941-FollowerState] INFO  server.RaftServerConfigKeys (ConfUtils.java:logFallback(53)) - raft.server.rpc.first-election.timeout.min = 5s (fallback to raft.server.rpc.timeout.min)
2024-04-26 07:45:23,079 [f684478f-b568-4af5-8d70-73cde96e1eae@group-E8836541D941-FollowerState] INFO  server.RaftServerConfigKeys (ConfUtils.java:logFallback(53)) - raft.server.rpc.first-election.timeout.max = 5200ms (fallback to raft.server.rpc.timeout.max)
2024-04-26 07:45:23,079 [f684478f-b568-4af5-8d70-73cde96e1eae-PipelineCommandHandlerThread-0] INFO  ratis.XceiverServerRatis (XceiverServerRatis.java:addGroup(864)) - Created group PipelineID=1970a824-ca16-4cb8-816d-e8836541d941
2024-04-26 07:45:23,084 [grpc-default-executor-2] INFO  server.RaftServer (RaftServerProxy.java:addNew(100)) - 69327c76-d33b-4896-9f65-b4e7feed79ae: addNew group-E8836541D941:[cad2128f-a1ed-4156-bd3d-e0bb4df6aa32|127.0.0.1:15388, 69327c76-d33b-4896-9f65-b4e7feed79ae|127.0.0.1:15379, f684478f-b568-4af5-8d70-73cde96e1eae|127.0.0.1:15370] returns group-E8836541D941:java.util.concurrent.CompletableFuture@44a1417d[Not completed]
2024-04-26 07:45:23,084 [69327c76-d33b-4896-9f65-b4e7feed79ae-groupManagement] INFO  server.RaftServer$Division (RaftServerImpl.java:<init>(256)) - 69327c76-d33b-4896-9f65-b4e7feed79ae: new RaftServerImpl for group-E8836541D941:[cad2128f-a1ed-4156-bd3d-e0bb4df6aa32|127.0.0.1:15388, 69327c76-d33b-4896-9f65-b4e7feed79ae|127.0.0.1:15379, f684478f-b568-4af5-8d70-73cde96e1eae|127.0.0.1:15370] with ContainerStateMachine:uninitialized
2024-04-26 07:45:23,084 [69327c76-d33b-4896-9f65-b4e7feed79ae-groupManagement] INFO  server.RaftServerConfigKeys (ConfUtils.java:logGet(46)) - raft.server.rpc.timeout.min = 5s (custom)
2024-04-26 07:45:23,084 [69327c76-d33b-4896-9f65-b4e7feed79ae-groupManagement] INFO  server.RaftServerConfigKeys (ConfUtils.java:logGet(46)) - raft.server.rpc.timeout.max = 5200ms (custom)
2024-04-26 07:45:23,085 [69327c76-d33b-4896-9f65-b4e7feed79ae-groupManagement] INFO  server.RaftServerConfigKeys (ConfUtils.java:logGet(46)) - raft.server.rpc.sleep.time = 25ms (default)
2024-04-26 07:45:23,085 [69327c76-d33b-4896-9f65-b4e7feed79ae-groupManagement] INFO  server.RaftServerConfigKeys (ConfUtils.java:logGet(46)) - raft.server.rpc.slowness.timeout = 300000ms (custom)
2024-04-26 07:45:23,085 [69327c76-d33b-4896-9f65-b4e7feed79ae-groupManagement] INFO  server.RaftServerConfigKeys (ConfUtils.java:logGet(46)) - raft.server.leaderelection.leader.step-down.wait-time = 10s (default)
2024-04-26 07:45:23,085 [69327c76-d33b-4896-9f65-b4e7feed79ae-groupManagement] INFO  server.RaftServerConfigKeys (ConfUtils.java:logGet(46)) - raft.server.leaderelection.member.majority-add = false (default)
2024-04-26 07:45:23,085 [69327c76-d33b-4896-9f65-b4e7feed79ae-groupManagement] INFO  server.RaftServerConfigKeys (ConfUtils.java:logGet(46)) - raft.server.sleep.deviation.threshold = 300ms (default)
2024-04-26 07:45:23,085 [69327c76-d33b-4896-9f65-b4e7feed79ae-groupManagement] INFO  server.RaftServer$Division (ServerState.java:<init>(113)) - 69327c76-d33b-4896-9f65-b4e7feed79ae@group-E8836541D941: ConfigurationManager, init=-1: peers:[cad2128f-a1ed-4156-bd3d-e0bb4df6aa32|127.0.0.1:15388, 69327c76-d33b-4896-9f65-b4e7feed79ae|127.0.0.1:15379, f684478f-b568-4af5-8d70-73cde96e1eae|127.0.0.1:15370]|listeners:[], old=null, confs=<EMPTY_MAP>
2024-04-26 07:45:23,085 [69327c76-d33b-4896-9f65-b4e7feed79ae-groupManagement] INFO  server.RaftServerConfigKeys (ConfUtils.java:logGet(46)) - raft.server.notification.no-leader.timeout = 300000ms (custom)
2024-04-26 07:45:23,085 [69327c76-d33b-4896-9f65-b4e7feed79ae-groupManagement] INFO  server.RaftServerConfigKeys (ConfUtils.java:logGet(46)) - raft.server.read.timeout = 10s (default)
2024-04-26 07:45:23,085 [69327c76-d33b-4896-9f65-b4e7feed79ae-groupManagement] INFO  server.RaftServerConfigKeys (ConfUtils.java:logGet(46)) - raft.server.retrycache.expirytime = 600000ms (custom)
2024-04-26 07:45:23,085 [69327c76-d33b-4896-9f65-b4e7feed79ae-groupManagement] INFO  server.RaftServerConfigKeys (ConfUtils.java:logGet(46)) - raft.server.retrycache.statistics.expirytime = 100ms (default)
2024-04-26 07:45:23,085 [69327c76-d33b-4896-9f65-b4e7feed79ae-groupManagement] INFO  server.RaftServerConfigKeys (ConfUtils.java:logGet(46)) - raft.server.read.option = DEFAULT (default)
2024-04-26 07:45:23,085 [69327c76-d33b-4896-9f65-b4e7feed79ae-groupManagement] INFO  server.RaftServerConfigKeys (ConfUtils.java:logGet(46)) - raft.server.read.read-after-write-consistent.write-index-cache.expiry-time = 60s (default)
2024-04-26 07:45:23,086 [69327c76-d33b-4896-9f65-b4e7feed79ae-groupManagement] INFO  server.RaftServerConfigKeys (ConfUtils.java:logGet(46)) - raft.server.rpc.request.timeout = 3000ms (default)
2024-04-26 07:45:23,086 [69327c76-d33b-4896-9f65-b4e7feed79ae-groupManagement] INFO  server.RaftServerConfigKeys (ConfUtils.java:logGet(46)) - raft.server.log.appender.install.snapshot.enabled = false (custom)
2024-04-26 07:45:23,086 [69327c76-d33b-4896-9f65-b4e7feed79ae-groupManagement] INFO  server.RaftServerConfigKeys (ConfUtils.java:logGet(46)) - raft.server.threadpool.server.cached = true (default)
2024-04-26 07:45:23,086 [69327c76-d33b-4896-9f65-b4e7feed79ae-groupManagement] INFO  server.RaftServerConfigKeys (ConfUtils.java:logGet(46)) - raft.server.threadpool.server.size = 0 (default)
2024-04-26 07:45:23,086 [69327c76-d33b-4896-9f65-b4e7feed79ae-groupManagement] INFO  server.RaftServerConfigKeys (ConfUtils.java:logGet(46)) - raft.server.threadpool.client.cached = true (default)
2024-04-26 07:45:23,087 [69327c76-d33b-4896-9f65-b4e7feed79ae-groupManagement] INFO  server.RaftServerConfigKeys (ConfUtils.java:logGet(46)) - raft.server.threadpool.client.size = 0 (default)
2024-04-26 07:45:23,087 [69327c76-d33b-4896-9f65-b4e7feed79ae-groupManagement] INFO  server.RaftServerConfigKeys (ConfUtils.java:logGet(46)) - raft.server.storage.free-space.min = 0MB (=0) (default)
2024-04-26 07:45:23,087 [69327c76-d33b-4896-9f65-b4e7feed79ae-groupManagement] INFO  server.RaftServerConfigKeys (ConfUtils.java:logGet(46)) - raft.server.log.corruption.policy = EXCEPTION (default)
2024-04-26 07:45:23,087 [69327c76-d33b-4896-9f65-b4e7feed79ae-groupManagement] INFO  server.RaftServerConfigKeys (ConfUtils.java:logGet(46)) - raft.server.storage.dir = [/home/runner/work/ozone/ozone/hadoop-ozone/integration-test/target/test-dir/MiniOzoneClusterImpl-f8a85056-d908-4111-b8ec-0d6f55fc62ea/ozone-meta/datanode-2/ratis] (custom)
2024-04-26 07:45:23,087 [69327c76-d33b-4896-9f65-b4e7feed79ae-groupManagement] INFO  storage.RaftStorageDirectory (RaftStorageDirectoryImpl.java:analyzeStorage(138)) - The storage directory /home/runner/work/ozone/ozone/hadoop-ozone/integration-test/target/test-dir/MiniOzoneClusterImpl-f8a85056-d908-4111-b8ec-0d6f55fc62ea/ozone-meta/datanode-2/ratis/1970a824-ca16-4cb8-816d-e8836541d941 does not exist. Creating ...
2024-04-26 07:45:23,087 [69327c76-d33b-4896-9f65-b4e7feed79ae-groupManagement] INFO  storage.RaftStorageDirectory (RaftStorageDirectoryImpl.java:tryLock(228)) - Lock on /home/runner/work/ozone/ozone/hadoop-ozone/integration-test/target/test-dir/MiniOzoneClusterImpl-f8a85056-d908-4111-b8ec-0d6f55fc62ea/ozone-meta/datanode-2/ratis/1970a824-ca16-4cb8-816d-e8836541d941/in_use.lock acquired by nodename 21422@fv-az1107-628
2024-04-26 07:45:23,088 [69327c76-d33b-4896-9f65-b4e7feed79ae-groupManagement] INFO  storage.RaftStorage (RaftStorageImpl.java:format(99)) - Storage directory /home/runner/work/ozone/ozone/hadoop-ozone/integration-test/target/test-dir/MiniOzoneClusterImpl-f8a85056-d908-4111-b8ec-0d6f55fc62ea/ozone-meta/datanode-2/ratis/1970a824-ca16-4cb8-816d-e8836541d941 has been successfully formatted.
2024-04-26 07:45:23,088 [69327c76-d33b-4896-9f65-b4e7feed79ae-groupManagement] WARN  util.FileUtils (LogUtils.java:supplyAndLog(63)) - Failed to Files.newInputStream /home/runner/work/ozone/ozone/hadoop-ozone/integration-test/target/test-dir/MiniOzoneClusterImpl-f8a85056-d908-4111-b8ec-0d6f55fc62ea/ozone-meta/datanode-2/ratis/1970a824-ca16-4cb8-816d-e8836541d941/current/raft-meta.conf with options []: java.nio.file.NoSuchFileException: /home/runner/work/ozone/ozone/hadoop-ozone/integration-test/target/test-dir/MiniOzoneClusterImpl-f8a85056-d908-4111-b8ec-0d6f55fc62ea/ozone-meta/datanode-2/ratis/1970a824-ca16-4cb8-816d-e8836541d941/current/raft-meta.conf
2024-04-26 07:45:23,089 [69327c76-d33b-4896-9f65-b4e7feed79ae-groupManagement] INFO  ratis.ContainerStateMachine (ContainerStateMachine.java:loadSnapshot(287)) - group-E8836541D941: The snapshot info is null. Setting the last applied index to:(t:0, i:~)
2024-04-26 07:45:23,089 [69327c76-d33b-4896-9f65-b4e7feed79ae-groupManagement] INFO  server.RaftServerConfigKeys (ConfUtils.java:logGet(46)) - raft.server.log.use.memory = false (default)
2024-04-26 07:45:23,089 [69327c76-d33b-4896-9f65-b4e7feed79ae-groupManagement] INFO  server.RaftServerConfigKeys (ConfUtils.java:logGet(46)) - raft.server.log.purge.gap = 1000000 (custom)
2024-04-26 07:45:23,089 [69327c76-d33b-4896-9f65-b4e7feed79ae-groupManagement] INFO  server.RaftServerConfigKeys (ConfUtils.java:logGet(46)) - raft.server.log.appender.buffer.byte-limit = 8388608 (custom)
2024-04-26 07:45:23,089 [69327c76-d33b-4896-9f65-b4e7feed79ae-groupManagement] INFO  server.RaftServerConfigKeys (ConfUtils.java:logGet(46)) - raft.server.log.statemachine.data.read.timeout = 1000ms (default)
2024-04-26 07:45:23,089 [69327c76-d33b-4896-9f65-b4e7feed79ae-groupManagement] INFO  server.RaftServerConfigKeys (ConfUtils.java:logGet(46)) - raft.server.log.purge.preservation.log.num = 0 (default)
2024-04-26 07:45:23,090 [69327c76-d33b-4896-9f65-b4e7feed79ae-groupManagement] INFO  server.RaftServerConfigKeys (ConfUtils.java:logGet(46)) - raft.server.log.segment.size.max = 67108864 (custom)
2024-04-26 07:45:23,090 [69327c76-d33b-4896-9f65-b4e7feed79ae-groupManagement] INFO  server.RaftServerConfigKeys (ConfUtils.java:logGet(46)) - raft.server.log.segment.cache.num.max = 2 (custom)
2024-04-26 07:45:23,090 [69327c76-d33b-4896-9f65-b4e7feed79ae-groupManagement] INFO  server.RaftServerConfigKeys (ConfUtils.java:logGet(46)) - raft.server.log.segment.cache.size.max = 200MB (=209715200) (default)
2024-04-26 07:45:23,090 [69327c76-d33b-4896-9f65-b4e7feed79ae-groupManagement] INFO  server.RaftServerConfigKeys (ConfUtils.java:logGet(46)) - raft.server.log.appender.buffer.byte-limit = 8388608 (custom)
2024-04-26 07:45:23,090 [69327c76-d33b-4896-9f65-b4e7feed79ae-groupManagement] INFO  util.AwaitToRun (AwaitToRun.java:start(81)) - Thread[69327c76-d33b-4896-9f65-b4e7feed79ae@group-E8836541D941-cacheEviction-AwaitToRun,5,main] started
2024-04-26 07:45:23,090 [69327c76-d33b-4896-9f65-b4e7feed79ae-groupManagement] INFO  segmented.SegmentedRaftLogWorker (SegmentedRaftLogWorker.java:<init>(182)) - new 69327c76-d33b-4896-9f65-b4e7feed79ae@group-E8836541D941-SegmentedRaftLogWorker for RaftStorageImpl:Storage Directory /home/runner/work/ozone/ozone/hadoop-ozone/integration-test/target/test-dir/MiniOzoneClusterImpl-f8a85056-d908-4111-b8ec-0d6f55fc62ea/ozone-meta/datanode-2/ratis/1970a824-ca16-4cb8-816d-e8836541d941
2024-04-26 07:45:23,090 [69327c76-d33b-4896-9f65-b4e7feed79ae-groupManagement] INFO  server.RaftServerConfigKeys (ConfUtils.java:logGet(46)) - raft.server.log.queue.byte-limit = 4294967296 (custom)
2024-04-26 07:45:23,090 [69327c76-d33b-4896-9f65-b4e7feed79ae-groupManagement] INFO  server.RaftServerConfigKeys (ConfUtils.java:logGet(46)) - raft.server.log.queue.element-limit = 1024 (custom)
2024-04-26 07:45:23,090 [69327c76-d33b-4896-9f65-b4e7feed79ae-groupManagement] INFO  server.RaftServerConfigKeys (ConfUtils.java:logGet(46)) - raft.server.log.segment.size.max = 67108864 (custom)
2024-04-26 07:45:23,091 [69327c76-d33b-4896-9f65-b4e7feed79ae-groupManagement] INFO  server.RaftServerConfigKeys (ConfUtils.java:logGet(46)) - raft.server.log.preallocated.size = 4194304 (custom)
2024-04-26 07:45:23,091 [69327c76-d33b-4896-9f65-b4e7feed79ae-groupManagement] INFO  server.RaftServerConfigKeys (ConfUtils.java:logGet(46)) - raft.server.log.force.sync.num = 128 (default)
2024-04-26 07:45:23,091 [69327c76-d33b-4896-9f65-b4e7feed79ae-groupManagement] INFO  server.RaftServerConfigKeys (ConfUtils.java:logGet(46)) - raft.server.log.statemachine.data.sync = true (default)
2024-04-26 07:45:23,091 [69327c76-d33b-4896-9f65-b4e7feed79ae-groupManagement] INFO  server.RaftServerConfigKeys (ConfUtils.java:logGet(46)) - raft.server.log.statemachine.data.sync.timeout = 10s (default)
2024-04-26 07:45:23,091 [69327c76-d33b-4896-9f65-b4e7feed79ae-groupManagement] INFO  server.RaftServerConfigKeys (ConfUtils.java:logGet(46)) - raft.server.log.statemachine.data.sync.timeout.retry = 30 (custom)
2024-04-26 07:45:23,091 [69327c76-d33b-4896-9f65-b4e7feed79ae-groupManagement] INFO  server.RaftServerConfigKeys (ConfUtils.java:logGet(46)) - raft.server.log.write.buffer.size = 8388616 (custom)
2024-04-26 07:45:23,092 [69327c76-d33b-4896-9f65-b4e7feed79ae-groupManagement] INFO  server.RaftServerConfigKeys (ConfUtils.java:logGet(46)) - raft.server.log.appender.buffer.byte-limit = 8388608 (custom)
2024-04-26 07:45:23,092 [69327c76-d33b-4896-9f65-b4e7feed79ae-groupManagement] INFO  server.RaftServerConfigKeys (ConfUtils.java:logGet(46)) - raft.server.log.unsafe-flush.enabled = false (default)
2024-04-26 07:45:23,092 [69327c76-d33b-4896-9f65-b4e7feed79ae-groupManagement] INFO  server.RaftServerConfigKeys (ConfUtils.java:logGet(46)) - raft.server.log.async-flush.enabled = false (default)
2024-04-26 07:45:23,092 [69327c76-d33b-4896-9f65-b4e7feed79ae-groupManagement] INFO  server.RaftServerConfigKeys (ConfUtils.java:logGet(46)) - raft.server.log.statemachine.data.caching.enabled = true (custom)
2024-04-26 07:45:23,092 [69327c76-d33b-4896-9f65-b4e7feed79ae-groupManagement] INFO  segmented.SegmentedRaftLogWorker (SegmentedRaftLogWorker.java:lambda$new$0(134)) - 69327c76-d33b-4896-9f65-b4e7feed79ae@group-E8836541D941-SegmentedRaftLogWorker: flushIndex: setUnconditionally 0 -> -1
2024-04-26 07:45:23,092 [69327c76-d33b-4896-9f65-b4e7feed79ae-groupManagement] INFO  segmented.SegmentedRaftLogWorker (SegmentedRaftLogWorker.java:lambda$new$0(134)) - 69327c76-d33b-4896-9f65-b4e7feed79ae@group-E8836541D941-SegmentedRaftLogWorker: safeCacheEvictIndex: setUnconditionally 0 -> -1
2024-04-26 07:45:23,092 [69327c76-d33b-4896-9f65-b4e7feed79ae-groupManagement] INFO  server.RaftServer$Division (RaftServerImpl.java:start(396)) - 69327c76-d33b-4896-9f65-b4e7feed79ae@group-E8836541D941: start as a follower, conf=-1: peers:[cad2128f-a1ed-4156-bd3d-e0bb4df6aa32|127.0.0.1:15388, 69327c76-d33b-4896-9f65-b4e7feed79ae|127.0.0.1:15379, f684478f-b568-4af5-8d70-73cde96e1eae|127.0.0.1:15370]|listeners:[], old=null
2024-04-26 07:45:23,093 [69327c76-d33b-4896-9f65-b4e7feed79ae-groupManagement] INFO  server.RaftServer$Division (RaftServerImpl.java:setRole(383)) - 69327c76-d33b-4896-9f65-b4e7feed79ae@group-E8836541D941: changes role from      null to FOLLOWER at term 0 for startAsFollower
2024-04-26 07:45:23,093 [69327c76-d33b-4896-9f65-b4e7feed79ae-groupManagement] INFO  impl.RoleInfo (RoleInfo.java:updateAndGet(139)) - 69327c76-d33b-4896-9f65-b4e7feed79ae: start 69327c76-d33b-4896-9f65-b4e7feed79ae@group-E8836541D941-FollowerState
2024-04-26 07:45:23,093 [69327c76-d33b-4896-9f65-b4e7feed79ae-groupManagement] INFO  util.JmxRegister (JmxRegister.java:tryRegister(44)) - Successfully registered JMX Bean with object name Ratis:service=RaftServer,group=group-E8836541D941,id=69327c76-d33b-4896-9f65-b4e7feed79ae
2024-04-26 07:45:23,093 [69327c76-d33b-4896-9f65-b4e7feed79ae@group-E8836541D941-FollowerState] INFO  server.RaftServerConfigKeys (ConfUtils.java:logFallback(53)) - raft.server.rpc.first-election.timeout.min = 5s (fallback to raft.server.rpc.timeout.min)
2024-04-26 07:45:23,093 [69327c76-d33b-4896-9f65-b4e7feed79ae@group-E8836541D941-FollowerState] INFO  server.RaftServerConfigKeys (ConfUtils.java:logFallback(53)) - raft.server.rpc.first-election.timeout.max = 5200ms (fallback to raft.server.rpc.timeout.max)
2024-04-26 07:45:23,093 [69327c76-d33b-4896-9f65-b4e7feed79ae-groupManagement] INFO  server.RaftServerConfigKeys (ConfUtils.java:logGet(46)) - raft.server.snapshot.trigger-when-stop.enabled = true (default)
2024-04-26 07:45:23,093 [69327c76-d33b-4896-9f65-b4e7feed79ae-groupManagement] INFO  server.RaftServerConfigKeys (ConfUtils.java:logGet(46)) - raft.server.snapshot.auto.trigger.enabled = true (custom)
2024-04-26 07:45:23,093 [69327c76-d33b-4896-9f65-b4e7feed79ae-groupManagement] INFO  server.RaftServerConfigKeys (ConfUtils.java:logGet(46)) - raft.server.snapshot.auto.trigger.threshold = 10000 (custom)
2024-04-26 07:45:23,093 [69327c76-d33b-4896-9f65-b4e7feed79ae-groupManagement] INFO  server.RaftServerConfigKeys (ConfUtils.java:logGet(46)) - raft.server.snapshot.retention.file.num = 5 (custom)
2024-04-26 07:45:23,093 [69327c76-d33b-4896-9f65-b4e7feed79ae-groupManagement] INFO  server.RaftServerConfigKeys (ConfUtils.java:logGet(46)) - raft.server.log.purge.upto.snapshot.index = false (default)
2024-04-26 07:45:23,100 [69327c76-d33b-4896-9f65-b4e7feed79ae-PipelineCommandHandlerThread-0] INFO  server.RaftServer (RaftServerProxy.java:addNew(100)) - 69327c76-d33b-4896-9f65-b4e7feed79ae: addNew group-797088F29111:[69327c76-d33b-4896-9f65-b4e7feed79ae|127.0.0.1:15379] returns group-797088F29111:java.util.concurrent.CompletableFuture@38ef889d[Not completed]
2024-04-26 07:45:23,100 [69327c76-d33b-4896-9f65-b4e7feed79ae-groupManagement] INFO  server.RaftServer$Division (RaftServerImpl.java:<init>(256)) - 69327c76-d33b-4896-9f65-b4e7feed79ae: new RaftServerImpl for group-797088F29111:[69327c76-d33b-4896-9f65-b4e7feed79ae|127.0.0.1:15379] with ContainerStateMachine:uninitialized
2024-04-26 07:45:23,100 [69327c76-d33b-4896-9f65-b4e7feed79ae-groupManagement] INFO  server.RaftServerConfigKeys (ConfUtils.java:logGet(46)) - raft.server.rpc.timeout.min = 5s (custom)
2024-04-26 07:45:23,101 [69327c76-d33b-4896-9f65-b4e7feed79ae-groupManagement] INFO  server.RaftServerConfigKeys (ConfUtils.java:logGet(46)) - raft.server.rpc.timeout.max = 5200ms (custom)
2024-04-26 07:45:23,101 [69327c76-d33b-4896-9f65-b4e7feed79ae-groupManagement] INFO  server.RaftServerConfigKeys (ConfUtils.java:logGet(46)) - raft.server.rpc.sleep.time = 25ms (default)
2024-04-26 07:45:23,101 [grpc-default-executor-2] INFO  server.RaftServer (RaftServerProxy.java:addNew(100)) - cad2128f-a1ed-4156-bd3d-e0bb4df6aa32: addNew group-E8836541D941:[cad2128f-a1ed-4156-bd3d-e0bb4df6aa32|127.0.0.1:15388, 69327c76-d33b-4896-9f65-b4e7feed79ae|127.0.0.1:15379, f684478f-b568-4af5-8d70-73cde96e1eae|127.0.0.1:15370] returns group-E8836541D941:java.util.concurrent.CompletableFuture@1d1dee12[Not completed]
2024-04-26 07:45:23,101 [cad2128f-a1ed-4156-bd3d-e0bb4df6aa32-groupManagement] INFO  server.RaftServer$Division (RaftServerImpl.java:<init>(256)) - cad2128f-a1ed-4156-bd3d-e0bb4df6aa32: new RaftServerImpl for group-E8836541D941:[cad2128f-a1ed-4156-bd3d-e0bb4df6aa32|127.0.0.1:15388, 69327c76-d33b-4896-9f65-b4e7feed79ae|127.0.0.1:15379, f684478f-b568-4af5-8d70-73cde96e1eae|127.0.0.1:15370] with ContainerStateMachine:uninitialized
2024-04-26 07:45:23,101 [cad2128f-a1ed-4156-bd3d-e0bb4df6aa32-groupManagement] INFO  server.RaftServerConfigKeys (ConfUtils.java:logGet(46)) - raft.server.rpc.timeout.min = 5s (custom)
2024-04-26 07:45:23,101 [cad2128f-a1ed-4156-bd3d-e0bb4df6aa32-groupManagement] INFO  server.RaftServerConfigKeys (ConfUtils.java:logGet(46)) - raft.server.rpc.timeout.max = 5200ms (custom)
2024-04-26 07:45:23,101 [cad2128f-a1ed-4156-bd3d-e0bb4df6aa32-groupManagement] INFO  server.RaftServerConfigKeys (ConfUtils.java:logGet(46)) - raft.server.rpc.sleep.time = 25ms (default)
2024-04-26 07:45:23,101 [cad2128f-a1ed-4156-bd3d-e0bb4df6aa32-groupManagement] INFO  server.RaftServerConfigKeys (ConfUtils.java:logGet(46)) - raft.server.rpc.slowness.timeout = 300000ms (custom)
2024-04-26 07:45:23,101 [cad2128f-a1ed-4156-bd3d-e0bb4df6aa32-groupManagement] INFO  server.RaftServerConfigKeys (ConfUtils.java:logGet(46)) - raft.server.leaderelection.leader.step-down.wait-time = 10s (default)
2024-04-26 07:45:23,101 [cad2128f-a1ed-4156-bd3d-e0bb4df6aa32-groupManagement] INFO  server.RaftServerConfigKeys (ConfUtils.java:logGet(46)) - raft.server.leaderelection.member.majority-add = false (default)
2024-04-26 07:45:23,101 [cad2128f-a1ed-4156-bd3d-e0bb4df6aa32-groupManagement] INFO  server.RaftServerConfigKeys (ConfUtils.java:logGet(46)) - raft.server.sleep.deviation.threshold = 300ms (default)
2024-04-26 07:45:23,101 [cad2128f-a1ed-4156-bd3d-e0bb4df6aa32-groupManagement] INFO  server.RaftServer$Division (ServerState.java:<init>(113)) - cad2128f-a1ed-4156-bd3d-e0bb4df6aa32@group-E8836541D941: ConfigurationManager, init=-1: peers:[cad2128f-a1ed-4156-bd3d-e0bb4df6aa32|127.0.0.1:15388, 69327c76-d33b-4896-9f65-b4e7feed79ae|127.0.0.1:15379, f684478f-b568-4af5-8d70-73cde96e1eae|127.0.0.1:15370]|listeners:[], old=null, confs=<EMPTY_MAP>
2024-04-26 07:45:23,101 [cad2128f-a1ed-4156-bd3d-e0bb4df6aa32-groupManagement] INFO  server.RaftServerConfigKeys (ConfUtils.java:logGet(46)) - raft.server.notification.no-leader.timeout = 300000ms (custom)
2024-04-26 07:45:23,102 [cad2128f-a1ed-4156-bd3d-e0bb4df6aa32-groupManagement] INFO  server.RaftServerConfigKeys (ConfUtils.java:logGet(46)) - raft.server.read.timeout = 10s (default)
2024-04-26 07:45:23,102 [cad2128f-a1ed-4156-bd3d-e0bb4df6aa32-groupManagement] INFO  server.RaftServerConfigKeys (ConfUtils.java:logGet(46)) - raft.server.retrycache.expirytime = 600000ms (custom)
2024-04-26 07:45:23,102 [cad2128f-a1ed-4156-bd3d-e0bb4df6aa32-groupManagement] INFO  server.RaftServerConfigKeys (ConfUtils.java:logGet(46)) - raft.server.retrycache.statistics.expirytime = 100ms (default)
2024-04-26 07:45:23,102 [cad2128f-a1ed-4156-bd3d-e0bb4df6aa32-groupManagement] INFO  server.RaftServerConfigKeys (ConfUtils.java:logGet(46)) - raft.server.read.option = DEFAULT (default)
2024-04-26 07:45:23,102 [cad2128f-a1ed-4156-bd3d-e0bb4df6aa32-groupManagement] INFO  server.RaftServerConfigKeys (ConfUtils.java:logGet(46)) - raft.server.read.read-after-write-consistent.write-index-cache.expiry-time = 60s (default)
2024-04-26 07:45:23,101 [69327c76-d33b-4896-9f65-b4e7feed79ae-groupManagement] INFO  server.RaftServerConfigKeys (ConfUtils.java:logGet(46)) - raft.server.rpc.slowness.timeout = 300000ms (custom)
2024-04-26 07:45:23,103 [69327c76-d33b-4896-9f65-b4e7feed79ae-groupManagement] INFO  server.RaftServerConfigKeys (ConfUtils.java:logGet(46)) - raft.server.leaderelection.leader.step-down.wait-time = 10s (default)
2024-04-26 07:45:23,103 [69327c76-d33b-4896-9f65-b4e7feed79ae-groupManagement] INFO  server.RaftServerConfigKeys (ConfUtils.java:logGet(46)) - raft.server.leaderelection.member.majority-add = false (default)
2024-04-26 07:45:23,103 [69327c76-d33b-4896-9f65-b4e7feed79ae-groupManagement] INFO  server.RaftServerConfigKeys (ConfUtils.java:logGet(46)) - raft.server.sleep.deviation.threshold = 300ms (default)
2024-04-26 07:45:23,103 [69327c76-d33b-4896-9f65-b4e7feed79ae-groupManagement] INFO  server.RaftServer$Division (ServerState.java:<init>(113)) - 69327c76-d33b-4896-9f65-b4e7feed79ae@group-797088F29111: ConfigurationManager, init=-1: peers:[69327c76-d33b-4896-9f65-b4e7feed79ae|127.0.0.1:15379]|listeners:[], old=null, confs=<EMPTY_MAP>
2024-04-26 07:45:23,103 [69327c76-d33b-4896-9f65-b4e7feed79ae-groupManagement] INFO  server.RaftServerConfigKeys (ConfUtils.java:logGet(46)) - raft.server.notification.no-leader.timeout = 300000ms (custom)
2024-04-26 07:45:23,103 [69327c76-d33b-4896-9f65-b4e7feed79ae-groupManagement] INFO  server.RaftServerConfigKeys (ConfUtils.java:logGet(46)) - raft.server.read.timeout = 10s (default)
2024-04-26 07:45:23,103 [69327c76-d33b-4896-9f65-b4e7feed79ae-groupManagement] INFO  server.RaftServerConfigKeys (ConfUtils.java:logGet(46)) - raft.server.retrycache.expirytime = 600000ms (custom)
2024-04-26 07:45:23,103 [69327c76-d33b-4896-9f65-b4e7feed79ae-groupManagement] INFO  server.RaftServerConfigKeys (ConfUtils.java:logGet(46)) - raft.server.retrycache.statistics.expirytime = 100ms (default)
2024-04-26 07:45:23,103 [69327c76-d33b-4896-9f65-b4e7feed79ae-groupManagement] INFO  server.RaftServerConfigKeys (ConfUtils.java:logGet(46)) - raft.server.read.option = DEFAULT (default)
2024-04-26 07:45:23,103 [69327c76-d33b-4896-9f65-b4e7feed79ae-groupManagement] INFO  server.RaftServerConfigKeys (ConfUtils.java:logGet(46)) - raft.server.read.read-after-write-consistent.write-index-cache.expiry-time = 60s (default)
2024-04-26 07:45:23,108 [cad2128f-a1ed-4156-bd3d-e0bb4df6aa32-groupManagement] INFO  server.RaftServerConfigKeys (ConfUtils.java:logGet(46)) - raft.server.rpc.request.timeout = 3000ms (default)
2024-04-26 07:45:23,108 [cad2128f-a1ed-4156-bd3d-e0bb4df6aa32-groupManagement] INFO  server.RaftServerConfigKeys (ConfUtils.java:logGet(46)) - raft.server.log.appender.install.snapshot.enabled = false (custom)
2024-04-26 07:45:23,108 [cad2128f-a1ed-4156-bd3d-e0bb4df6aa32-groupManagement] INFO  server.RaftServerConfigKeys (ConfUtils.java:logGet(46)) - raft.server.threadpool.server.cached = true (default)
2024-04-26 07:45:23,108 [cad2128f-a1ed-4156-bd3d-e0bb4df6aa32-groupManagement] INFO  server.RaftServerConfigKeys (ConfUtils.java:logGet(46)) - raft.server.threadpool.server.size = 0 (default)
2024-04-26 07:45:23,108 [cad2128f-a1ed-4156-bd3d-e0bb4df6aa32-groupManagement] INFO  server.RaftServerConfigKeys (ConfUtils.java:logGet(46)) - raft.server.threadpool.client.cached = true (default)
2024-04-26 07:45:23,108 [cad2128f-a1ed-4156-bd3d-e0bb4df6aa32-groupManagement] INFO  server.RaftServerConfigKeys (ConfUtils.java:logGet(46)) - raft.server.threadpool.client.size = 0 (default)
2024-04-26 07:45:23,108 [cad2128f-a1ed-4156-bd3d-e0bb4df6aa32-groupManagement] INFO  server.RaftServerConfigKeys (ConfUtils.java:logGet(46)) - raft.server.storage.free-space.min = 0MB (=0) (default)
2024-04-26 07:45:23,108 [cad2128f-a1ed-4156-bd3d-e0bb4df6aa32-groupManagement] INFO  server.RaftServerConfigKeys (ConfUtils.java:logGet(46)) - raft.server.log.corruption.policy = EXCEPTION (default)
2024-04-26 07:45:23,108 [cad2128f-a1ed-4156-bd3d-e0bb4df6aa32-groupManagement] INFO  server.RaftServerConfigKeys (ConfUtils.java:logGet(46)) - raft.server.storage.dir = [/home/runner/work/ozone/ozone/hadoop-ozone/integration-test/target/test-dir/MiniOzoneClusterImpl-f8a85056-d908-4111-b8ec-0d6f55fc62ea/ozone-meta/datanode-3/ratis] (custom)
2024-04-26 07:45:23,108 [cad2128f-a1ed-4156-bd3d-e0bb4df6aa32-groupManagement] INFO  storage.RaftStorageDirectory (RaftStorageDirectoryImpl.java:analyzeStorage(138)) - The storage directory /home/runner/work/ozone/ozone/hadoop-ozone/integration-test/target/test-dir/MiniOzoneClusterImpl-f8a85056-d908-4111-b8ec-0d6f55fc62ea/ozone-meta/datanode-3/ratis/1970a824-ca16-4cb8-816d-e8836541d941 does not exist. Creating ...
2024-04-26 07:45:23,109 [cad2128f-a1ed-4156-bd3d-e0bb4df6aa32-groupManagement] INFO  storage.RaftStorageDirectory (RaftStorageDirectoryImpl.java:tryLock(228)) - Lock on /home/runner/work/ozone/ozone/hadoop-ozone/integration-test/target/test-dir/MiniOzoneClusterImpl-f8a85056-d908-4111-b8ec-0d6f55fc62ea/ozone-meta/datanode-3/ratis/1970a824-ca16-4cb8-816d-e8836541d941/in_use.lock acquired by nodename 21422@fv-az1107-628
2024-04-26 07:45:23,110 [cad2128f-a1ed-4156-bd3d-e0bb4df6aa32-groupManagement] INFO  storage.RaftStorage (RaftStorageImpl.java:format(99)) - Storage directory /home/runner/work/ozone/ozone/hadoop-ozone/integration-test/target/test-dir/MiniOzoneClusterImpl-f8a85056-d908-4111-b8ec-0d6f55fc62ea/ozone-meta/datanode-3/ratis/1970a824-ca16-4cb8-816d-e8836541d941 has been successfully formatted.
2024-04-26 07:45:23,110 [cad2128f-a1ed-4156-bd3d-e0bb4df6aa32-groupManagement] WARN  util.FileUtils (LogUtils.java:supplyAndLog(63)) - Failed to Files.newInputStream /home/runner/work/ozone/ozone/hadoop-ozone/integration-test/target/test-dir/MiniOzoneClusterImpl-f8a85056-d908-4111-b8ec-0d6f55fc62ea/ozone-meta/datanode-3/ratis/1970a824-ca16-4cb8-816d-e8836541d941/current/raft-meta.conf with options []: java.nio.file.NoSuchFileException: /home/runner/work/ozone/ozone/hadoop-ozone/integration-test/target/test-dir/MiniOzoneClusterImpl-f8a85056-d908-4111-b8ec-0d6f55fc62ea/ozone-meta/datanode-3/ratis/1970a824-ca16-4cb8-816d-e8836541d941/current/raft-meta.conf
2024-04-26 07:45:23,110 [cad2128f-a1ed-4156-bd3d-e0bb4df6aa32-groupManagement] INFO  ratis.ContainerStateMachine (ContainerStateMachine.java:loadSnapshot(287)) - group-E8836541D941: The snapshot info is null. Setting the last applied index to:(t:0, i:~)
2024-04-26 07:45:23,110 [cad2128f-a1ed-4156-bd3d-e0bb4df6aa32-groupManagement] INFO  server.RaftServerConfigKeys (ConfUtils.java:logGet(46)) - raft.server.log.use.memory = false (default)
2024-04-26 07:45:23,110 [cad2128f-a1ed-4156-bd3d-e0bb4df6aa32-groupManagement] INFO  server.RaftServerConfigKeys (ConfUtils.java:logGet(46)) - raft.server.log.purge.gap = 1000000 (custom)
2024-04-26 07:45:23,110 [cad2128f-a1ed-4156-bd3d-e0bb4df6aa32-groupManagement] INFO  server.RaftServerConfigKeys (ConfUtils.java:logGet(46)) - raft.server.log.appender.buffer.byte-limit = 8388608 (custom)
2024-04-26 07:45:23,111 [cad2128f-a1ed-4156-bd3d-e0bb4df6aa32-groupManagement] INFO  server.RaftServerConfigKeys (ConfUtils.java:logGet(46)) - raft.server.log.statemachine.data.read.timeout = 1000ms (default)
2024-04-26 07:45:23,111 [cad2128f-a1ed-4156-bd3d-e0bb4df6aa32-groupManagement] INFO  server.RaftServerConfigKeys (ConfUtils.java:logGet(46)) - raft.server.log.purge.preservation.log.num = 0 (default)
2024-04-26 07:45:23,112 [cad2128f-a1ed-4156-bd3d-e0bb4df6aa32-groupManagement] INFO  server.RaftServerConfigKeys (ConfUtils.java:logGet(46)) - raft.server.log.segment.size.max = 67108864 (custom)
2024-04-26 07:45:23,112 [cad2128f-a1ed-4156-bd3d-e0bb4df6aa32-groupManagement] INFO  server.RaftServerConfigKeys (ConfUtils.java:logGet(46)) - raft.server.log.segment.cache.num.max = 2 (custom)
2024-04-26 07:45:23,112 [cad2128f-a1ed-4156-bd3d-e0bb4df6aa32-groupManagement] INFO  server.RaftServerConfigKeys (ConfUtils.java:logGet(46)) - raft.server.log.segment.cache.size.max = 200MB (=209715200) (default)
2024-04-26 07:45:23,112 [cad2128f-a1ed-4156-bd3d-e0bb4df6aa32-groupManagement] INFO  server.RaftServerConfigKeys (ConfUtils.java:logGet(46)) - raft.server.log.appender.buffer.byte-limit = 8388608 (custom)
2024-04-26 07:45:23,112 [cad2128f-a1ed-4156-bd3d-e0bb4df6aa32-groupManagement] INFO  util.AwaitToRun (AwaitToRun.java:start(81)) - Thread[cad2128f-a1ed-4156-bd3d-e0bb4df6aa32@group-E8836541D941-cacheEviction-AwaitToRun,5,main] started
2024-04-26 07:45:23,112 [cad2128f-a1ed-4156-bd3d-e0bb4df6aa32-groupManagement] INFO  segmented.SegmentedRaftLogWorker (SegmentedRaftLogWorker.java:<init>(182)) - new cad2128f-a1ed-4156-bd3d-e0bb4df6aa32@group-E8836541D941-SegmentedRaftLogWorker for RaftStorageImpl:Storage Directory /home/runner/work/ozone/ozone/hadoop-ozone/integration-test/target/test-dir/MiniOzoneClusterImpl-f8a85056-d908-4111-b8ec-0d6f55fc62ea/ozone-meta/datanode-3/ratis/1970a824-ca16-4cb8-816d-e8836541d941
2024-04-26 07:45:23,112 [cad2128f-a1ed-4156-bd3d-e0bb4df6aa32-groupManagement] INFO  server.RaftServerConfigKeys (ConfUtils.java:logGet(46)) - raft.server.log.queue.byte-limit = 4294967296 (custom)
2024-04-26 07:45:23,112 [cad2128f-a1ed-4156-bd3d-e0bb4df6aa32-groupManagement] INFO  server.RaftServerConfigKeys (ConfUtils.java:logGet(46)) - raft.server.log.queue.element-limit = 1024 (custom)
2024-04-26 07:45:23,112 [cad2128f-a1ed-4156-bd3d-e0bb4df6aa32-groupManagement] INFO  server.RaftServerConfigKeys (ConfUtils.java:logGet(46)) - raft.server.log.segment.size.max = 67108864 (custom)
2024-04-26 07:45:23,112 [cad2128f-a1ed-4156-bd3d-e0bb4df6aa32-groupManagement] INFO  server.RaftServerConfigKeys (ConfUtils.java:logGet(46)) - raft.server.log.preallocated.size = 4194304 (custom)
2024-04-26 07:45:23,112 [cad2128f-a1ed-4156-bd3d-e0bb4df6aa32-groupManagement] INFO  server.RaftServerConfigKeys (ConfUtils.java:logGet(46)) - raft.server.log.force.sync.num = 128 (default)
2024-04-26 07:45:23,112 [cad2128f-a1ed-4156-bd3d-e0bb4df6aa32-groupManagement] INFO  server.RaftServerConfigKeys (ConfUtils.java:logGet(46)) - raft.server.log.statemachine.data.sync = true (default)
2024-04-26 07:45:23,112 [cad2128f-a1ed-4156-bd3d-e0bb4df6aa32-groupManagement] INFO  server.RaftServerConfigKeys (ConfUtils.java:logGet(46)) - raft.server.log.statemachine.data.sync.timeout = 10s (default)
2024-04-26 07:45:23,112 [cad2128f-a1ed-4156-bd3d-e0bb4df6aa32-groupManagement] INFO  server.RaftServerConfigKeys (ConfUtils.java:logGet(46)) - raft.server.log.statemachine.data.sync.timeout.retry = 30 (custom)
2024-04-26 07:45:23,113 [cad2128f-a1ed-4156-bd3d-e0bb4df6aa32-groupManagement] INFO  server.RaftServerConfigKeys (ConfUtils.java:logGet(46)) - raft.server.log.write.buffer.size = 8388616 (custom)
2024-04-26 07:45:23,114 [cad2128f-a1ed-4156-bd3d-e0bb4df6aa32-groupManagement] INFO  server.RaftServerConfigKeys (ConfUtils.java:logGet(46)) - raft.server.log.appender.buffer.byte-limit = 8388608 (custom)
2024-04-26 07:45:23,114 [cad2128f-a1ed-4156-bd3d-e0bb4df6aa32-groupManagement] INFO  server.RaftServerConfigKeys (ConfUtils.java:logGet(46)) - raft.server.log.unsafe-flush.enabled = false (default)
2024-04-26 07:45:23,114 [cad2128f-a1ed-4156-bd3d-e0bb4df6aa32-groupManagement] INFO  server.RaftServerConfigKeys (ConfUtils.java:logGet(46)) - raft.server.log.async-flush.enabled = false (default)
2024-04-26 07:45:23,114 [cad2128f-a1ed-4156-bd3d-e0bb4df6aa32-groupManagement] INFO  server.RaftServerConfigKeys (ConfUtils.java:logGet(46)) - raft.server.log.statemachine.data.caching.enabled = true (custom)
2024-04-26 07:45:23,114 [cad2128f-a1ed-4156-bd3d-e0bb4df6aa32-groupManagement] INFO  segmented.SegmentedRaftLogWorker (SegmentedRaftLogWorker.java:lambda$new$0(134)) - cad2128f-a1ed-4156-bd3d-e0bb4df6aa32@group-E8836541D941-SegmentedRaftLogWorker: flushIndex: setUnconditionally 0 -> -1
2024-04-26 07:45:23,114 [cad2128f-a1ed-4156-bd3d-e0bb4df6aa32-groupManagement] INFO  segmented.SegmentedRaftLogWorker (SegmentedRaftLogWorker.java:lambda$new$0(134)) - cad2128f-a1ed-4156-bd3d-e0bb4df6aa32@group-E8836541D941-SegmentedRaftLogWorker: safeCacheEvictIndex: setUnconditionally 0 -> -1
2024-04-26 07:45:23,114 [cad2128f-a1ed-4156-bd3d-e0bb4df6aa32-groupManagement] INFO  server.RaftServer$Division (RaftServerImpl.java:start(396)) - cad2128f-a1ed-4156-bd3d-e0bb4df6aa32@group-E8836541D941: start as a follower, conf=-1: peers:[cad2128f-a1ed-4156-bd3d-e0bb4df6aa32|127.0.0.1:15388, 69327c76-d33b-4896-9f65-b4e7feed79ae|127.0.0.1:15379, f684478f-b568-4af5-8d70-73cde96e1eae|127.0.0.1:15370]|listeners:[], old=null
2024-04-26 07:45:23,114 [cad2128f-a1ed-4156-bd3d-e0bb4df6aa32-groupManagement] INFO  server.RaftServer$Division (RaftServerImpl.java:setRole(383)) - cad2128f-a1ed-4156-bd3d-e0bb4df6aa32@group-E8836541D941: changes role from      null to FOLLOWER at term 0 for startAsFollower
2024-04-26 07:45:23,114 [cad2128f-a1ed-4156-bd3d-e0bb4df6aa32-groupManagement] INFO  impl.RoleInfo (RoleInfo.java:updateAndGet(139)) - cad2128f-a1ed-4156-bd3d-e0bb4df6aa32: start cad2128f-a1ed-4156-bd3d-e0bb4df6aa32@group-E8836541D941-FollowerState
2024-04-26 07:45:23,115 [69327c76-d33b-4896-9f65-b4e7feed79ae-groupManagement] INFO  server.RaftServerConfigKeys (ConfUtils.java:logGet(46)) - raft.server.rpc.request.timeout = 3000ms (default)
2024-04-26 07:45:23,115 [69327c76-d33b-4896-9f65-b4e7feed79ae-groupManagement] INFO  server.RaftServerConfigKeys (ConfUtils.java:logGet(46)) - raft.server.log.appender.install.snapshot.enabled = false (custom)
2024-04-26 07:45:23,115 [69327c76-d33b-4896-9f65-b4e7feed79ae-groupManagement] INFO  server.RaftServerConfigKeys (ConfUtils.java:logGet(46)) - raft.server.threadpool.server.cached = true (default)
2024-04-26 07:45:23,115 [69327c76-d33b-4896-9f65-b4e7feed79ae-groupManagement] INFO  server.RaftServerConfigKeys (ConfUtils.java:logGet(46)) - raft.server.threadpool.server.size = 0 (default)
2024-04-26 07:45:23,115 [69327c76-d33b-4896-9f65-b4e7feed79ae-groupManagement] INFO  server.RaftServerConfigKeys (ConfUtils.java:logGet(46)) - raft.server.threadpool.client.cached = true (default)
2024-04-26 07:45:23,115 [69327c76-d33b-4896-9f65-b4e7feed79ae-groupManagement] INFO  server.RaftServerConfigKeys (ConfUtils.java:logGet(46)) - raft.server.threadpool.client.size = 0 (default)
2024-04-26 07:45:23,115 [69327c76-d33b-4896-9f65-b4e7feed79ae-groupManagement] INFO  server.RaftServerConfigKeys (ConfUtils.java:logGet(46)) - raft.server.storage.free-space.min = 0MB (=0) (default)
2024-04-26 07:45:23,115 [69327c76-d33b-4896-9f65-b4e7feed79ae-groupManagement] INFO  server.RaftServerConfigKeys (ConfUtils.java:logGet(46)) - raft.server.log.corruption.policy = EXCEPTION (default)
2024-04-26 07:45:23,115 [69327c76-d33b-4896-9f65-b4e7feed79ae-groupManagement] INFO  server.RaftServerConfigKeys (ConfUtils.java:logGet(46)) - raft.server.storage.dir = [/home/runner/work/ozone/ozone/hadoop-ozone/integration-test/target/test-dir/MiniOzoneClusterImpl-f8a85056-d908-4111-b8ec-0d6f55fc62ea/ozone-meta/datanode-2/ratis] (custom)
2024-04-26 07:45:23,115 [69327c76-d33b-4896-9f65-b4e7feed79ae-groupManagement] INFO  storage.RaftStorageDirectory (RaftStorageDirectoryImpl.java:analyzeStorage(138)) - The storage directory /home/runner/work/ozone/ozone/hadoop-ozone/integration-test/target/test-dir/MiniOzoneClusterImpl-f8a85056-d908-4111-b8ec-0d6f55fc62ea/ozone-meta/datanode-2/ratis/a672c8d4-b10a-47b5-bd0d-797088f29111 does not exist. Creating ...
2024-04-26 07:45:23,116 [69327c76-d33b-4896-9f65-b4e7feed79ae-groupManagement] INFO  storage.RaftStorageDirectory (RaftStorageDirectoryImpl.java:tryLock(228)) - Lock on /home/runner/work/ozone/ozone/hadoop-ozone/integration-test/target/test-dir/MiniOzoneClusterImpl-f8a85056-d908-4111-b8ec-0d6f55fc62ea/ozone-meta/datanode-2/ratis/a672c8d4-b10a-47b5-bd0d-797088f29111/in_use.lock acquired by nodename 21422@fv-az1107-628
2024-04-26 07:45:23,116 [cad2128f-a1ed-4156-bd3d-e0bb4df6aa32-groupManagement] INFO  util.JmxRegister (JmxRegister.java:tryRegister(44)) - Successfully registered JMX Bean with object name Ratis:service=RaftServer,group=group-E8836541D941,id=cad2128f-a1ed-4156-bd3d-e0bb4df6aa32
2024-04-26 07:45:23,117 [cad2128f-a1ed-4156-bd3d-e0bb4df6aa32-groupManagement] INFO  server.RaftServerConfigKeys (ConfUtils.java:logGet(46)) - raft.server.snapshot.trigger-when-stop.enabled = true (default)
2024-04-26 07:45:23,117 [cad2128f-a1ed-4156-bd3d-e0bb4df6aa32-groupManagement] INFO  server.RaftServerConfigKeys (ConfUtils.java:logGet(46)) - raft.server.snapshot.auto.trigger.enabled = true (custom)
2024-04-26 07:45:23,117 [cad2128f-a1ed-4156-bd3d-e0bb4df6aa32-groupManagement] INFO  server.RaftServerConfigKeys (ConfUtils.java:logGet(46)) - raft.server.snapshot.auto.trigger.threshold = 10000 (custom)
2024-04-26 07:45:23,117 [cad2128f-a1ed-4156-bd3d-e0bb4df6aa32-groupManagement] INFO  server.RaftServerConfigKeys (ConfUtils.java:logGet(46)) - raft.server.snapshot.retention.file.num = 5 (custom)
2024-04-26 07:45:23,117 [cad2128f-a1ed-4156-bd3d-e0bb4df6aa32-groupManagement] INFO  server.RaftServerConfigKeys (ConfUtils.java:logGet(46)) - raft.server.log.purge.upto.snapshot.index = false (default)
2024-04-26 07:45:23,117 [69327c76-d33b-4896-9f65-b4e7feed79ae-groupManagement] INFO  storage.RaftStorage (RaftStorageImpl.java:format(99)) - Storage directory /home/runner/work/ozone/ozone/hadoop-ozone/integration-test/target/test-dir/MiniOzoneClusterImpl-f8a85056-d908-4111-b8ec-0d6f55fc62ea/ozone-meta/datanode-2/ratis/a672c8d4-b10a-47b5-bd0d-797088f29111 has been successfully formatted.
2024-04-26 07:45:23,117 [cad2128f-a1ed-4156-bd3d-e0bb4df6aa32@group-E8836541D941-FollowerState] INFO  server.RaftServerConfigKeys (ConfUtils.java:logFallback(53)) - raft.server.rpc.first-election.timeout.min = 5s (fallback to raft.server.rpc.timeout.min)
2024-04-26 07:45:23,117 [cad2128f-a1ed-4156-bd3d-e0bb4df6aa32@group-E8836541D941-FollowerState] INFO  server.RaftServerConfigKeys (ConfUtils.java:logFallback(53)) - raft.server.rpc.first-election.timeout.max = 5200ms (fallback to raft.server.rpc.timeout.max)
2024-04-26 07:45:23,117 [69327c76-d33b-4896-9f65-b4e7feed79ae-groupManagement] WARN  util.FileUtils (LogUtils.java:supplyAndLog(63)) - Failed to Files.newInputStream /home/runner/work/ozone/ozone/hadoop-ozone/integration-test/target/test-dir/MiniOzoneClusterImpl-f8a85056-d908-4111-b8ec-0d6f55fc62ea/ozone-meta/datanode-2/ratis/a672c8d4-b10a-47b5-bd0d-797088f29111/current/raft-meta.conf with options []: java.nio.file.NoSuchFileException: /home/runner/work/ozone/ozone/hadoop-ozone/integration-test/target/test-dir/MiniOzoneClusterImpl-f8a85056-d908-4111-b8ec-0d6f55fc62ea/ozone-meta/datanode-2/ratis/a672c8d4-b10a-47b5-bd0d-797088f29111/current/raft-meta.conf
2024-04-26 07:45:23,118 [69327c76-d33b-4896-9f65-b4e7feed79ae-groupManagement] INFO  ratis.ContainerStateMachine (ContainerStateMachine.java:loadSnapshot(287)) - group-797088F29111: The snapshot info is null. Setting the last applied index to:(t:0, i:~)
2024-04-26 07:45:23,118 [69327c76-d33b-4896-9f65-b4e7feed79ae-groupManagement] INFO  server.RaftServerConfigKeys (ConfUtils.java:logGet(46)) - raft.server.log.use.memory = false (default)
2024-04-26 07:45:23,118 [69327c76-d33b-4896-9f65-b4e7feed79ae-groupManagement] INFO  server.RaftServerConfigKeys (ConfUtils.java:logGet(46)) - raft.server.log.purge.gap = 1000000 (custom)
2024-04-26 07:45:23,118 [69327c76-d33b-4896-9f65-b4e7feed79ae-groupManagement] INFO  server.RaftServerConfigKeys (ConfUtils.java:logGet(46)) - raft.server.log.appender.buffer.byte-limit = 8388608 (custom)
2024-04-26 07:45:23,118 [69327c76-d33b-4896-9f65-b4e7feed79ae-groupManagement] INFO  server.RaftServerConfigKeys (ConfUtils.java:logGet(46)) - raft.server.log.statemachine.data.read.timeout = 1000ms (default)
2024-04-26 07:45:23,118 [69327c76-d33b-4896-9f65-b4e7feed79ae-groupManagement] INFO  server.RaftServerConfigKeys (ConfUtils.java:logGet(46)) - raft.server.log.purge.preservation.log.num = 0 (default)
2024-04-26 07:45:23,118 [EventQueue-PipelineReportForPipelineReportHandler] INFO  pipeline.PipelineReportHandler (PipelineReportHandler.java:processPipelineReport(136)) - Opened pipeline PipelineID=a672c8d4-b10a-47b5-bd0d-797088f29111
2024-04-26 07:45:23,119 [EventQueue-OpenPipelineForHealthyPipelineSafeModeRule] INFO  safemode.SCMSafeModeManager (HealthyPipelineSafeModeRule.java:process(140)) - SCM in safe mode. Healthy pipelines reported count is 0, required healthy pipeline reported count is 1
2024-04-26 07:45:23,120 [69327c76-d33b-4896-9f65-b4e7feed79ae-groupManagement] INFO  server.RaftServerConfigKeys (ConfUtils.java:logGet(46)) - raft.server.log.segment.size.max = 67108864 (custom)
2024-04-26 07:45:23,120 [69327c76-d33b-4896-9f65-b4e7feed79ae-groupManagement] INFO  server.RaftServerConfigKeys (ConfUtils.java:logGet(46)) - raft.server.log.segment.cache.num.max = 2 (custom)
2024-04-26 07:45:23,120 [69327c76-d33b-4896-9f65-b4e7feed79ae-groupManagement] INFO  server.RaftServerConfigKeys (ConfUtils.java:logGet(46)) - raft.server.log.segment.cache.size.max = 200MB (=209715200) (default)
2024-04-26 07:45:23,120 [69327c76-d33b-4896-9f65-b4e7feed79ae-groupManagement] INFO  server.RaftServerConfigKeys (ConfUtils.java:logGet(46)) - raft.server.log.appender.buffer.byte-limit = 8388608 (custom)
2024-04-26 07:45:23,125 [69327c76-d33b-4896-9f65-b4e7feed79ae-groupManagement] INFO  util.AwaitToRun (AwaitToRun.java:start(81)) - Thread[69327c76-d33b-4896-9f65-b4e7feed79ae@group-797088F29111-cacheEviction-AwaitToRun,5,main] started
2024-04-26 07:45:23,125 [69327c76-d33b-4896-9f65-b4e7feed79ae-groupManagement] INFO  segmented.SegmentedRaftLogWorker (SegmentedRaftLogWorker.java:<init>(182)) - new 69327c76-d33b-4896-9f65-b4e7feed79ae@group-797088F29111-SegmentedRaftLogWorker for RaftStorageImpl:Storage Directory /home/runner/work/ozone/ozone/hadoop-ozone/integration-test/target/test-dir/MiniOzoneClusterImpl-f8a85056-d908-4111-b8ec-0d6f55fc62ea/ozone-meta/datanode-2/ratis/a672c8d4-b10a-47b5-bd0d-797088f29111
2024-04-26 07:45:23,125 [69327c76-d33b-4896-9f65-b4e7feed79ae-groupManagement] INFO  server.RaftServerConfigKeys (ConfUtils.java:logGet(46)) - raft.server.log.queue.byte-limit = 4294967296 (custom)
2024-04-26 07:45:23,125 [69327c76-d33b-4896-9f65-b4e7feed79ae-groupManagement] INFO  server.RaftServerConfigKeys (ConfUtils.java:logGet(46)) - raft.server.log.queue.element-limit = 1024 (custom)
2024-04-26 07:45:23,125 [69327c76-d33b-4896-9f65-b4e7feed79ae-groupManagement] INFO  server.RaftServerConfigKeys (ConfUtils.java:logGet(46)) - raft.server.log.segment.size.max = 67108864 (custom)
2024-04-26 07:45:23,125 [69327c76-d33b-4896-9f65-b4e7feed79ae-groupManagement] INFO  server.RaftServerConfigKeys (ConfUtils.java:logGet(46)) - raft.server.log.preallocated.size = 4194304 (custom)
2024-04-26 07:45:23,125 [69327c76-d33b-4896-9f65-b4e7feed79ae-groupManagement] INFO  server.RaftServerConfigKeys (ConfUtils.java:logGet(46)) - raft.server.log.force.sync.num = 128 (default)
2024-04-26 07:45:23,125 [69327c76-d33b-4896-9f65-b4e7feed79ae-groupManagement] INFO  server.RaftServerConfigKeys (ConfUtils.java:logGet(46)) - raft.server.log.statemachine.data.sync = true (default)
2024-04-26 07:45:23,125 [69327c76-d33b-4896-9f65-b4e7feed79ae-groupManagement] INFO  server.RaftServerConfigKeys (ConfUtils.java:logGet(46)) - raft.server.log.statemachine.data.sync.timeout = 10s (default)
2024-04-26 07:45:23,125 [69327c76-d33b-4896-9f65-b4e7feed79ae-groupManagement] INFO  server.RaftServerConfigKeys (ConfUtils.java:logGet(46)) - raft.server.log.statemachine.data.sync.timeout.retry = 30 (custom)
2024-04-26 07:45:23,126 [69327c76-d33b-4896-9f65-b4e7feed79ae-groupManagement] INFO  server.RaftServerConfigKeys (ConfUtils.java:logGet(46)) - raft.server.log.write.buffer.size = 8388616 (custom)
2024-04-26 07:45:23,127 [69327c76-d33b-4896-9f65-b4e7feed79ae-groupManagement] INFO  server.RaftServerConfigKeys (ConfUtils.java:logGet(46)) - raft.server.log.appender.buffer.byte-limit = 8388608 (custom)
2024-04-26 07:45:23,127 [69327c76-d33b-4896-9f65-b4e7feed79ae-groupManagement] INFO  server.RaftServerConfigKeys (ConfUtils.java:logGet(46)) - raft.server.log.unsafe-flush.enabled = false (default)
2024-04-26 07:45:23,127 [69327c76-d33b-4896-9f65-b4e7feed79ae-groupManagement] INFO  server.RaftServerConfigKeys (ConfUtils.java:logGet(46)) - raft.server.log.async-flush.enabled = false (default)
2024-04-26 07:45:23,127 [69327c76-d33b-4896-9f65-b4e7feed79ae-groupManagement] INFO  server.RaftServerConfigKeys (ConfUtils.java:logGet(46)) - raft.server.log.statemachine.data.caching.enabled = true (custom)
2024-04-26 07:45:23,127 [69327c76-d33b-4896-9f65-b4e7feed79ae-groupManagement] INFO  segmented.SegmentedRaftLogWorker (SegmentedRaftLogWorker.java:lambda$new$0(134)) - 69327c76-d33b-4896-9f65-b4e7feed79ae@group-797088F29111-SegmentedRaftLogWorker: flushIndex: setUnconditionally 0 -> -1
2024-04-26 07:45:23,127 [69327c76-d33b-4896-9f65-b4e7feed79ae-groupManagement] INFO  segmented.SegmentedRaftLogWorker (SegmentedRaftLogWorker.java:lambda$new$0(134)) - 69327c76-d33b-4896-9f65-b4e7feed79ae@group-797088F29111-SegmentedRaftLogWorker: safeCacheEvictIndex: setUnconditionally 0 -> -1
2024-04-26 07:45:23,128 [69327c76-d33b-4896-9f65-b4e7feed79ae-groupManagement] INFO  server.RaftServer$Division (RaftServerImpl.java:start(396)) - 69327c76-d33b-4896-9f65-b4e7feed79ae@group-797088F29111: start as a follower, conf=-1: peers:[69327c76-d33b-4896-9f65-b4e7feed79ae|127.0.0.1:15379]|listeners:[], old=null
2024-04-26 07:45:23,128 [69327c76-d33b-4896-9f65-b4e7feed79ae-groupManagement] INFO  server.RaftServer$Division (RaftServerImpl.java:setRole(383)) - 69327c76-d33b-4896-9f65-b4e7feed79ae@group-797088F29111: changes role from      null to FOLLOWER at term 0 for startAsFollower
2024-04-26 07:45:23,128 [69327c76-d33b-4896-9f65-b4e7feed79ae-groupManagement] INFO  impl.RoleInfo (RoleInfo.java:updateAndGet(139)) - 69327c76-d33b-4896-9f65-b4e7feed79ae: start 69327c76-d33b-4896-9f65-b4e7feed79ae@group-797088F29111-FollowerState
2024-04-26 07:45:23,128 [69327c76-d33b-4896-9f65-b4e7feed79ae-groupManagement] INFO  util.JmxRegister (JmxRegister.java:tryRegister(44)) - Successfully registered JMX Bean with object name Ratis:service=RaftServer,group=group-797088F29111,id=69327c76-d33b-4896-9f65-b4e7feed79ae
2024-04-26 07:45:23,128 [69327c76-d33b-4896-9f65-b4e7feed79ae-groupManagement] INFO  server.RaftServerConfigKeys (ConfUtils.java:logGet(46)) - raft.server.snapshot.trigger-when-stop.enabled = true (default)
2024-04-26 07:45:23,128 [69327c76-d33b-4896-9f65-b4e7feed79ae-groupManagement] INFO  server.RaftServerConfigKeys (ConfUtils.java:logGet(46)) - raft.server.snapshot.auto.trigger.enabled = true (custom)
2024-04-26 07:45:23,129 [f684478f-b568-4af5-8d70-73cde96e1eae-PipelineCommandHandlerThread-0] INFO  commandhandler.CreatePipelineCommandHandler (CreatePipelineCommandHandler.java:lambda$handle$2(124)) - Created Pipeline RATIS THREE PipelineID=1970a824-ca16-4cb8-816d-e8836541d941.
2024-04-26 07:45:23,128 [69327c76-d33b-4896-9f65-b4e7feed79ae@group-797088F29111-FollowerState] INFO  server.RaftServerConfigKeys (ConfUtils.java:logFallback(53)) - raft.server.rpc.first-election.timeout.min = 5s (fallback to raft.server.rpc.timeout.min)
2024-04-26 07:45:23,129 [69327c76-d33b-4896-9f65-b4e7feed79ae-groupManagement] INFO  server.RaftServerConfigKeys (ConfUtils.java:logGet(46)) - raft.server.snapshot.auto.trigger.threshold = 10000 (custom)
2024-04-26 07:45:23,129 [69327c76-d33b-4896-9f65-b4e7feed79ae-groupManagement] INFO  server.RaftServerConfigKeys (ConfUtils.java:logGet(46)) - raft.server.snapshot.retention.file.num = 5 (custom)
2024-04-26 07:45:23,129 [69327c76-d33b-4896-9f65-b4e7feed79ae-groupManagement] INFO  server.RaftServerConfigKeys (ConfUtils.java:logGet(46)) - raft.server.log.purge.upto.snapshot.index = false (default)
2024-04-26 07:45:23,129 [69327c76-d33b-4896-9f65-b4e7feed79ae@group-797088F29111-FollowerState] INFO  server.RaftServerConfigKeys (ConfUtils.java:logFallback(53)) - raft.server.rpc.first-election.timeout.max = 5200ms (fallback to raft.server.rpc.timeout.max)
2024-04-26 07:45:23,129 [69327c76-d33b-4896-9f65-b4e7feed79ae-PipelineCommandHandlerThread-0] INFO  ratis.XceiverServerRatis (XceiverServerRatis.java:addGroup(864)) - Created group PipelineID=a672c8d4-b10a-47b5-bd0d-797088f29111
2024-04-26 07:45:23,129 [69327c76-d33b-4896-9f65-b4e7feed79ae-PipelineCommandHandlerThread-0] INFO  commandhandler.CreatePipelineCommandHandler (CreatePipelineCommandHandler.java:lambda$handle$2(124)) - Created Pipeline RATIS ONE PipelineID=a672c8d4-b10a-47b5-bd0d-797088f29111.
2024-04-26 07:45:23,153 [cad2128f-a1ed-4156-bd3d-e0bb4df6aa32-PipelineCommandHandlerThread-0] INFO  server.RaftServer (RaftServerProxy.java:addNew(100)) - cad2128f-a1ed-4156-bd3d-e0bb4df6aa32: addNew group-344275F2E69F:[cad2128f-a1ed-4156-bd3d-e0bb4df6aa32|127.0.0.1:15388] returns group-344275F2E69F:java.util.concurrent.CompletableFuture@884814a[Not completed]
2024-04-26 07:45:23,154 [cad2128f-a1ed-4156-bd3d-e0bb4df6aa32-groupManagement] INFO  server.RaftServer$Division (RaftServerImpl.java:<init>(256)) - cad2128f-a1ed-4156-bd3d-e0bb4df6aa32: new RaftServerImpl for group-344275F2E69F:[cad2128f-a1ed-4156-bd3d-e0bb4df6aa32|127.0.0.1:15388] with ContainerStateMachine:uninitialized
2024-04-26 07:45:23,154 [cad2128f-a1ed-4156-bd3d-e0bb4df6aa32-groupManagement] INFO  server.RaftServerConfigKeys (ConfUtils.java:logGet(46)) - raft.server.rpc.timeout.min = 5s (custom)
2024-04-26 07:45:23,154 [cad2128f-a1ed-4156-bd3d-e0bb4df6aa32-groupManagement] INFO  server.RaftServerConfigKeys (ConfUtils.java:logGet(46)) - raft.server.rpc.timeout.max = 5200ms (custom)
2024-04-26 07:45:23,154 [cad2128f-a1ed-4156-bd3d-e0bb4df6aa32-groupManagement] INFO  server.RaftServerConfigKeys (ConfUtils.java:logGet(46)) - raft.server.rpc.sleep.time = 25ms (default)
2024-04-26 07:45:23,154 [cad2128f-a1ed-4156-bd3d-e0bb4df6aa32-groupManagement] INFO  server.RaftServerConfigKeys (ConfUtils.java:logGet(46)) - raft.server.rpc.slowness.timeout = 300000ms (custom)
2024-04-26 07:45:23,154 [cad2128f-a1ed-4156-bd3d-e0bb4df6aa32-groupManagement] INFO  server.RaftServerConfigKeys (ConfUtils.java:logGet(46)) - raft.server.leaderelection.leader.step-down.wait-time = 10s (default)
2024-04-26 07:45:23,154 [cad2128f-a1ed-4156-bd3d-e0bb4df6aa32-groupManagement] INFO  server.RaftServerConfigKeys (ConfUtils.java:logGet(46)) - raft.server.leaderelection.member.majority-add = false (default)
2024-04-26 07:45:23,154 [cad2128f-a1ed-4156-bd3d-e0bb4df6aa32-groupManagement] INFO  server.RaftServerConfigKeys (ConfUtils.java:logGet(46)) - raft.server.sleep.deviation.threshold = 300ms (default)
2024-04-26 07:45:23,154 [cad2128f-a1ed-4156-bd3d-e0bb4df6aa32-groupManagement] INFO  server.RaftServer$Division (ServerState.java:<init>(113)) - cad2128f-a1ed-4156-bd3d-e0bb4df6aa32@group-344275F2E69F: ConfigurationManager, init=-1: peers:[cad2128f-a1ed-4156-bd3d-e0bb4df6aa32|127.0.0.1:15388]|listeners:[], old=null, confs=<EMPTY_MAP>
2024-04-26 07:45:23,154 [cad2128f-a1ed-4156-bd3d-e0bb4df6aa32-groupManagement] INFO  server.RaftServerConfigKeys (ConfUtils.java:logGet(46)) - raft.server.notification.no-leader.timeout = 300000ms (custom)
2024-04-26 07:45:23,154 [cad2128f-a1ed-4156-bd3d-e0bb4df6aa32-groupManagement] INFO  server.RaftServerConfigKeys (ConfUtils.java:logGet(46)) - raft.server.read.timeout = 10s (default)
2024-04-26 07:45:23,154 [cad2128f-a1ed-4156-bd3d-e0bb4df6aa32-groupManagement] INFO  server.RaftServerConfigKeys (ConfUtils.java:logGet(46)) - raft.server.retrycache.expirytime = 600000ms (custom)
2024-04-26 07:45:23,154 [cad2128f-a1ed-4156-bd3d-e0bb4df6aa32-groupManagement] INFO  server.RaftServerConfigKeys (ConfUtils.java:logGet(46)) - raft.server.retrycache.statistics.expirytime = 100ms (default)
2024-04-26 07:45:23,154 [cad2128f-a1ed-4156-bd3d-e0bb4df6aa32-groupManagement] INFO  server.RaftServerConfigKeys (ConfUtils.java:logGet(46)) - raft.server.read.option = DEFAULT (default)
2024-04-26 07:45:23,154 [cad2128f-a1ed-4156-bd3d-e0bb4df6aa32-groupManagement] INFO  server.RaftServerConfigKeys (ConfUtils.java:logGet(46)) - raft.server.read.read-after-write-consistent.write-index-cache.expiry-time = 60s (default)
2024-04-26 07:45:23,156 [cad2128f-a1ed-4156-bd3d-e0bb4df6aa32-groupManagement] INFO  server.RaftServerConfigKeys (ConfUtils.java:logGet(46)) - raft.server.rpc.request.timeout = 3000ms (default)
2024-04-26 07:45:23,156 [cad2128f-a1ed-4156-bd3d-e0bb4df6aa32-groupManagement] INFO  server.RaftServerConfigKeys (ConfUtils.java:logGet(46)) - raft.server.log.appender.install.snapshot.enabled = false (custom)
2024-04-26 07:45:23,156 [cad2128f-a1ed-4156-bd3d-e0bb4df6aa32-groupManagement] INFO  server.RaftServerConfigKeys (ConfUtils.java:logGet(46)) - raft.server.threadpool.server.cached = true (default)
2024-04-26 07:45:23,156 [cad2128f-a1ed-4156-bd3d-e0bb4df6aa32-groupManagement] INFO  server.RaftServerConfigKeys (ConfUtils.java:logGet(46)) - raft.server.threadpool.server.size = 0 (default)
2024-04-26 07:45:23,156 [cad2128f-a1ed-4156-bd3d-e0bb4df6aa32-groupManagement] INFO  server.RaftServerConfigKeys (ConfUtils.java:logGet(46)) - raft.server.threadpool.client.cached = true (default)
2024-04-26 07:45:23,156 [cad2128f-a1ed-4156-bd3d-e0bb4df6aa32-groupManagement] INFO  server.RaftServerConfigKeys (ConfUtils.java:logGet(46)) - raft.server.threadpool.client.size = 0 (default)
2024-04-26 07:45:23,156 [cad2128f-a1ed-4156-bd3d-e0bb4df6aa32-groupManagement] INFO  server.RaftServerConfigKeys (ConfUtils.java:logGet(46)) - raft.server.storage.free-space.min = 0MB (=0) (default)
2024-04-26 07:45:23,157 [cad2128f-a1ed-4156-bd3d-e0bb4df6aa32-groupManagement] INFO  server.RaftServerConfigKeys (ConfUtils.java:logGet(46)) - raft.server.log.corruption.policy = EXCEPTION (default)
2024-04-26 07:45:23,157 [cad2128f-a1ed-4156-bd3d-e0bb4df6aa32-groupManagement] INFO  server.RaftServerConfigKeys (ConfUtils.java:logGet(46)) - raft.server.storage.dir = [/home/runner/work/ozone/ozone/hadoop-ozone/integration-test/target/test-dir/MiniOzoneClusterImpl-f8a85056-d908-4111-b8ec-0d6f55fc62ea/ozone-meta/datanode-3/ratis] (custom)
2024-04-26 07:45:23,157 [cad2128f-a1ed-4156-bd3d-e0bb4df6aa32-groupManagement] INFO  storage.RaftStorageDirectory (RaftStorageDirectoryImpl.java:analyzeStorage(138)) - The storage directory /home/runner/work/ozone/ozone/hadoop-ozone/integration-test/target/test-dir/MiniOzoneClusterImpl-f8a85056-d908-4111-b8ec-0d6f55fc62ea/ozone-meta/datanode-3/ratis/ca173b33-85ae-4baa-a536-344275f2e69f does not exist. Creating ...
2024-04-26 07:45:23,157 [cad2128f-a1ed-4156-bd3d-e0bb4df6aa32-groupManagement] INFO  storage.RaftStorageDirectory (RaftStorageDirectoryImpl.java:tryLock(228)) - Lock on /home/runner/work/ozone/ozone/hadoop-ozone/integration-test/target/test-dir/MiniOzoneClusterImpl-f8a85056-d908-4111-b8ec-0d6f55fc62ea/ozone-meta/datanode-3/ratis/ca173b33-85ae-4baa-a536-344275f2e69f/in_use.lock acquired by nodename 21422@fv-az1107-628
2024-04-26 07:45:23,158 [cad2128f-a1ed-4156-bd3d-e0bb4df6aa32-groupManagement] INFO  storage.RaftStorage (RaftStorageImpl.java:format(99)) - Storage directory /home/runner/work/ozone/ozone/hadoop-ozone/integration-test/target/test-dir/MiniOzoneClusterImpl-f8a85056-d908-4111-b8ec-0d6f55fc62ea/ozone-meta/datanode-3/ratis/ca173b33-85ae-4baa-a536-344275f2e69f has been successfully formatted.
2024-04-26 07:45:23,158 [cad2128f-a1ed-4156-bd3d-e0bb4df6aa32-groupManagement] WARN  util.FileUtils (LogUtils.java:supplyAndLog(63)) - Failed to Files.newInputStream /home/runner/work/ozone/ozone/hadoop-ozone/integration-test/target/test-dir/MiniOzoneClusterImpl-f8a85056-d908-4111-b8ec-0d6f55fc62ea/ozone-meta/datanode-3/ratis/ca173b33-85ae-4baa-a536-344275f2e69f/current/raft-meta.conf with options []: java.nio.file.NoSuchFileException: /home/runner/work/ozone/ozone/hadoop-ozone/integration-test/target/test-dir/MiniOzoneClusterImpl-f8a85056-d908-4111-b8ec-0d6f55fc62ea/ozone-meta/datanode-3/ratis/ca173b33-85ae-4baa-a536-344275f2e69f/current/raft-meta.conf
2024-04-26 07:45:23,158 [cad2128f-a1ed-4156-bd3d-e0bb4df6aa32-groupManagement] INFO  ratis.ContainerStateMachine (ContainerStateMachine.java:loadSnapshot(287)) - group-344275F2E69F: The snapshot info is null. Setting the last applied index to:(t:0, i:~)
2024-04-26 07:45:23,159 [cad2128f-a1ed-4156-bd3d-e0bb4df6aa32-groupManagement] INFO  server.RaftServerConfigKeys (ConfUtils.java:logGet(46)) - raft.server.log.use.memory = false (default)
2024-04-26 07:45:23,159 [cad2128f-a1ed-4156-bd3d-e0bb4df6aa32-groupManagement] INFO  server.RaftServerConfigKeys (ConfUtils.java:logGet(46)) - raft.server.log.purge.gap = 1000000 (custom)
2024-04-26 07:45:23,159 [cad2128f-a1ed-4156-bd3d-e0bb4df6aa32-groupManagement] INFO  server.RaftServerConfigKeys (ConfUtils.java:logGet(46)) - raft.server.log.appender.buffer.byte-limit = 8388608 (custom)
2024-04-26 07:45:23,159 [cad2128f-a1ed-4156-bd3d-e0bb4df6aa32-groupManagement] INFO  server.RaftServerConfigKeys (ConfUtils.java:logGet(46)) - raft.server.log.statemachine.data.read.timeout = 1000ms (default)
2024-04-26 07:45:23,159 [cad2128f-a1ed-4156-bd3d-e0bb4df6aa32-groupManagement] INFO  server.RaftServerConfigKeys (ConfUtils.java:logGet(46)) - raft.server.log.purge.preservation.log.num = 0 (default)
2024-04-26 07:45:23,160 [EventQueue-PipelineReportForPipelineReportHandler] INFO  pipeline.PipelineReportHandler (PipelineReportHandler.java:processPipelineReport(136)) - Opened pipeline PipelineID=ca173b33-85ae-4baa-a536-344275f2e69f
2024-04-26 07:45:23,160 [EventQueue-OpenPipelineForHealthyPipelineSafeModeRule] INFO  safemode.SCMSafeModeManager (HealthyPipelineSafeModeRule.java:process(140)) - SCM in safe mode. Healthy pipelines reported count is 0, required healthy pipeline reported count is 1
2024-04-26 07:45:23,160 [cad2128f-a1ed-4156-bd3d-e0bb4df6aa32-groupManagement] INFO  server.RaftServerConfigKeys (ConfUtils.java:logGet(46)) - raft.server.log.segment.size.max = 67108864 (custom)
2024-04-26 07:45:23,160 [cad2128f-a1ed-4156-bd3d-e0bb4df6aa32-groupManagement] INFO  server.RaftServerConfigKeys (ConfUtils.java:logGet(46)) - raft.server.log.segment.cache.num.max = 2 (custom)
2024-04-26 07:45:23,160 [cad2128f-a1ed-4156-bd3d-e0bb4df6aa32-groupManagement] INFO  server.RaftServerConfigKeys (ConfUtils.java:logGet(46)) - raft.server.log.segment.cache.size.max = 200MB (=209715200) (default)
2024-04-26 07:45:23,161 [cad2128f-a1ed-4156-bd3d-e0bb4df6aa32-groupManagement] INFO  server.RaftServerConfigKeys (ConfUtils.java:logGet(46)) - raft.server.log.appender.buffer.byte-limit = 8388608 (custom)
2024-04-26 07:45:23,161 [cad2128f-a1ed-4156-bd3d-e0bb4df6aa32-groupManagement] INFO  util.AwaitToRun (AwaitToRun.java:start(81)) - Thread[cad2128f-a1ed-4156-bd3d-e0bb4df6aa32@group-344275F2E69F-cacheEviction-AwaitToRun,5,main] started
2024-04-26 07:45:23,161 [cad2128f-a1ed-4156-bd3d-e0bb4df6aa32-groupManagement] INFO  segmented.SegmentedRaftLogWorker (SegmentedRaftLogWorker.java:<init>(182)) - new cad2128f-a1ed-4156-bd3d-e0bb4df6aa32@group-344275F2E69F-SegmentedRaftLogWorker for RaftStorageImpl:Storage Directory /home/runner/work/ozone/ozone/hadoop-ozone/integration-test/target/test-dir/MiniOzoneClusterImpl-f8a85056-d908-4111-b8ec-0d6f55fc62ea/ozone-meta/datanode-3/ratis/ca173b33-85ae-4baa-a536-344275f2e69f
2024-04-26 07:45:23,161 [cad2128f-a1ed-4156-bd3d-e0bb4df6aa32-groupManagement] INFO  server.RaftServerConfigKeys (ConfUtils.java:logGet(46)) - raft.server.log.queue.byte-limit = 4294967296 (custom)
2024-04-26 07:45:23,161 [cad2128f-a1ed-4156-bd3d-e0bb4df6aa32-groupManagement] INFO  server.RaftServerConfigKeys (ConfUtils.java:logGet(46)) - raft.server.log.queue.element-limit = 1024 (custom)
2024-04-26 07:45:23,161 [cad2128f-a1ed-4156-bd3d-e0bb4df6aa32-groupManagement] INFO  server.RaftServerConfigKeys (ConfUtils.java:logGet(46)) - raft.server.log.segment.size.max = 67108864 (custom)
2024-04-26 07:45:23,161 [cad2128f-a1ed-4156-bd3d-e0bb4df6aa32-groupManagement] INFO  server.RaftServerConfigKeys (ConfUtils.java:logGet(46)) - raft.server.log.preallocated.size = 4194304 (custom)
2024-04-26 07:45:23,161 [cad2128f-a1ed-4156-bd3d-e0bb4df6aa32-groupManagement] INFO  server.RaftServerConfigKeys (ConfUtils.java:logGet(46)) - raft.server.log.force.sync.num = 128 (default)
2024-04-26 07:45:23,161 [cad2128f-a1ed-4156-bd3d-e0bb4df6aa32-groupManagement] INFO  server.RaftServerConfigKeys (ConfUtils.java:logGet(46)) - raft.server.log.statemachine.data.sync = true (default)
2024-04-26 07:45:23,161 [cad2128f-a1ed-4156-bd3d-e0bb4df6aa32-groupManagement] INFO  server.RaftServerConfigKeys (ConfUtils.java:logGet(46)) - raft.server.log.statemachine.data.sync.timeout = 10s (default)
2024-04-26 07:45:23,161 [cad2128f-a1ed-4156-bd3d-e0bb4df6aa32-groupManagement] INFO  server.RaftServerConfigKeys (ConfUtils.java:logGet(46)) - raft.server.log.statemachine.data.sync.timeout.retry = 30 (custom)
2024-04-26 07:45:23,161 [cad2128f-a1ed-4156-bd3d-e0bb4df6aa32-groupManagement] INFO  server.RaftServerConfigKeys (ConfUtils.java:logGet(46)) - raft.server.log.write.buffer.size = 8388616 (custom)
2024-04-26 07:45:23,162 [cad2128f-a1ed-4156-bd3d-e0bb4df6aa32-groupManagement] INFO  server.RaftServerConfigKeys (ConfUtils.java:logGet(46)) - raft.server.log.appender.buffer.byte-limit = 8388608 (custom)
2024-04-26 07:45:23,162 [cad2128f-a1ed-4156-bd3d-e0bb4df6aa32-groupManagement] INFO  server.RaftServerConfigKeys (ConfUtils.java:logGet(46)) - raft.server.log.unsafe-flush.enabled = false (default)
2024-04-26 07:45:23,162 [cad2128f-a1ed-4156-bd3d-e0bb4df6aa32-groupManagement] INFO  server.RaftServerConfigKeys (ConfUtils.java:logGet(46)) - raft.server.log.async-flush.enabled = false (default)
2024-04-26 07:45:23,162 [cad2128f-a1ed-4156-bd3d-e0bb4df6aa32-groupManagement] INFO  server.RaftServerConfigKeys (ConfUtils.java:logGet(46)) - raft.server.log.statemachine.data.caching.enabled = true (custom)
2024-04-26 07:45:23,163 [cad2128f-a1ed-4156-bd3d-e0bb4df6aa32-groupManagement] INFO  segmented.SegmentedRaftLogWorker (SegmentedRaftLogWorker.java:lambda$new$0(134)) - cad2128f-a1ed-4156-bd3d-e0bb4df6aa32@group-344275F2E69F-SegmentedRaftLogWorker: flushIndex: setUnconditionally 0 -> -1
2024-04-26 07:45:23,163 [cad2128f-a1ed-4156-bd3d-e0bb4df6aa32-groupManagement] INFO  segmented.SegmentedRaftLogWorker (SegmentedRaftLogWorker.java:lambda$new$0(134)) - cad2128f-a1ed-4156-bd3d-e0bb4df6aa32@group-344275F2E69F-SegmentedRaftLogWorker: safeCacheEvictIndex: setUnconditionally 0 -> -1
2024-04-26 07:45:23,163 [cad2128f-a1ed-4156-bd3d-e0bb4df6aa32-groupManagement] INFO  server.RaftServer$Division (RaftServerImpl.java:start(396)) - cad2128f-a1ed-4156-bd3d-e0bb4df6aa32@group-344275F2E69F: start as a follower, conf=-1: peers:[cad2128f-a1ed-4156-bd3d-e0bb4df6aa32|127.0.0.1:15388]|listeners:[], old=null
2024-04-26 07:45:23,163 [cad2128f-a1ed-4156-bd3d-e0bb4df6aa32-groupManagement] INFO  server.RaftServer$Division (RaftServerImpl.java:setRole(383)) - cad2128f-a1ed-4156-bd3d-e0bb4df6aa32@group-344275F2E69F: changes role from      null to FOLLOWER at term 0 for startAsFollower
2024-04-26 07:45:23,163 [cad2128f-a1ed-4156-bd3d-e0bb4df6aa32-groupManagement] INFO  impl.RoleInfo (RoleInfo.java:updateAndGet(139)) - cad2128f-a1ed-4156-bd3d-e0bb4df6aa32: start cad2128f-a1ed-4156-bd3d-e0bb4df6aa32@group-344275F2E69F-FollowerState
2024-04-26 07:45:23,163 [cad2128f-a1ed-4156-bd3d-e0bb4df6aa32@group-344275F2E69F-FollowerState] INFO  server.RaftServerConfigKeys (ConfUtils.java:logFallback(53)) - raft.server.rpc.first-election.timeout.min = 5s (fallback to raft.server.rpc.timeout.min)
2024-04-26 07:45:23,163 [cad2128f-a1ed-4156-bd3d-e0bb4df6aa32@group-344275F2E69F-FollowerState] INFO  server.RaftServerConfigKeys (ConfUtils.java:logFallback(53)) - raft.server.rpc.first-election.timeout.max = 5200ms (fallback to raft.server.rpc.timeout.max)
2024-04-26 07:45:23,163 [cad2128f-a1ed-4156-bd3d-e0bb4df6aa32-groupManagement] INFO  util.JmxRegister (JmxRegister.java:tryRegister(44)) - Successfully registered JMX Bean with object name Ratis:service=RaftServer,group=group-344275F2E69F,id=cad2128f-a1ed-4156-bd3d-e0bb4df6aa32
2024-04-26 07:45:23,163 [cad2128f-a1ed-4156-bd3d-e0bb4df6aa32-groupManagement] INFO  server.RaftServerConfigKeys (ConfUtils.java:logGet(46)) - raft.server.snapshot.trigger-when-stop.enabled = true (default)
2024-04-26 07:45:23,163 [cad2128f-a1ed-4156-bd3d-e0bb4df6aa32-groupManagement] INFO  server.RaftServerConfigKeys (ConfUtils.java:logGet(46)) - raft.server.snapshot.auto.trigger.enabled = true (custom)
2024-04-26 07:45:23,163 [cad2128f-a1ed-4156-bd3d-e0bb4df6aa32-groupManagement] INFO  server.RaftServerConfigKeys (ConfUtils.java:logGet(46)) - raft.server.snapshot.auto.trigger.threshold = 10000 (custom)
2024-04-26 07:45:23,163 [cad2128f-a1ed-4156-bd3d-e0bb4df6aa32-groupManagement] INFO  server.RaftServerConfigKeys (ConfUtils.java:logGet(46)) - raft.server.snapshot.retention.file.num = 5 (custom)
2024-04-26 07:45:23,163 [cad2128f-a1ed-4156-bd3d-e0bb4df6aa32-groupManagement] INFO  server.RaftServerConfigKeys (ConfUtils.java:logGet(46)) - raft.server.log.purge.upto.snapshot.index = false (default)
2024-04-26 07:45:23,164 [cad2128f-a1ed-4156-bd3d-e0bb4df6aa32-PipelineCommandHandlerThread-0] INFO  ratis.XceiverServerRatis (XceiverServerRatis.java:addGroup(864)) - Created group PipelineID=ca173b33-85ae-4baa-a536-344275f2e69f
2024-04-26 07:45:23,164 [cad2128f-a1ed-4156-bd3d-e0bb4df6aa32-PipelineCommandHandlerThread-0] INFO  commandhandler.CreatePipelineCommandHandler (CreatePipelineCommandHandler.java:lambda$handle$2(124)) - Created Pipeline RATIS ONE PipelineID=ca173b33-85ae-4baa-a536-344275f2e69f.
2024-04-26 07:45:23,203 [007259ab-dd98-41c4-869b-5f1f47ad54d0-PipelineCommandHandlerThread-0] INFO  server.RaftServer (RaftServerProxy.java:addNew(100)) - 007259ab-dd98-41c4-869b-5f1f47ad54d0: addNew group-8DF680F5D577:[007259ab-dd98-41c4-869b-5f1f47ad54d0|127.0.0.1:15397] returns group-8DF680F5D577:java.util.concurrent.CompletableFuture@878f29f[Not completed]
2024-04-26 07:45:23,203 [007259ab-dd98-41c4-869b-5f1f47ad54d0-groupManagement] INFO  server.RaftServer$Division (RaftServerImpl.java:<init>(256)) - 007259ab-dd98-41c4-869b-5f1f47ad54d0: new RaftServerImpl for group-8DF680F5D577:[007259ab-dd98-41c4-869b-5f1f47ad54d0|127.0.0.1:15397] with ContainerStateMachine:uninitialized
2024-04-26 07:45:23,203 [007259ab-dd98-41c4-869b-5f1f47ad54d0-groupManagement] INFO  server.RaftServerConfigKeys (ConfUtils.java:logGet(46)) - raft.server.rpc.timeout.min = 5s (custom)
2024-04-26 07:45:23,203 [007259ab-dd98-41c4-869b-5f1f47ad54d0-groupManagement] INFO  server.RaftServerConfigKeys (ConfUtils.java:logGet(46)) - raft.server.rpc.timeout.max = 5200ms (custom)
2024-04-26 07:45:23,203 [007259ab-dd98-41c4-869b-5f1f47ad54d0-groupManagement] INFO  server.RaftServerConfigKeys (ConfUtils.java:logGet(46)) - raft.server.rpc.sleep.time = 25ms (default)
2024-04-26 07:45:23,203 [007259ab-dd98-41c4-869b-5f1f47ad54d0-groupManagement] INFO  server.RaftServerConfigKeys (ConfUtils.java:logGet(46)) - raft.server.rpc.slowness.timeout = 300000ms (custom)
2024-04-26 07:45:23,204 [007259ab-dd98-41c4-869b-5f1f47ad54d0-groupManagement] INFO  server.RaftServerConfigKeys (ConfUtils.java:logGet(46)) - raft.server.leaderelection.leader.step-down.wait-time = 10s (default)
2024-04-26 07:45:23,204 [007259ab-dd98-41c4-869b-5f1f47ad54d0-groupManagement] INFO  server.RaftServerConfigKeys (ConfUtils.java:logGet(46)) - raft.server.leaderelection.member.majority-add = false (default)
2024-04-26 07:45:23,204 [007259ab-dd98-41c4-869b-5f1f47ad54d0-groupManagement] INFO  server.RaftServerConfigKeys (ConfUtils.java:logGet(46)) - raft.server.sleep.deviation.threshold = 300ms (default)
2024-04-26 07:45:23,204 [007259ab-dd98-41c4-869b-5f1f47ad54d0-groupManagement] INFO  server.RaftServer$Division (ServerState.java:<init>(113)) - 007259ab-dd98-41c4-869b-5f1f47ad54d0@group-8DF680F5D577: ConfigurationManager, init=-1: peers:[007259ab-dd98-41c4-869b-5f1f47ad54d0|127.0.0.1:15397]|listeners:[], old=null, confs=<EMPTY_MAP>
2024-04-26 07:45:23,204 [007259ab-dd98-41c4-869b-5f1f47ad54d0-groupManagement] INFO  server.RaftServerConfigKeys (ConfUtils.java:logGet(46)) - raft.server.notification.no-leader.timeout = 300000ms (custom)
2024-04-26 07:45:23,204 [007259ab-dd98-41c4-869b-5f1f47ad54d0-groupManagement] INFO  server.RaftServerConfigKeys (ConfUtils.java:logGet(46)) - raft.server.read.timeout = 10s (default)
2024-04-26 07:45:23,204 [007259ab-dd98-41c4-869b-5f1f47ad54d0-groupManagement] INFO  server.RaftServerConfigKeys (ConfUtils.java:logGet(46)) - raft.server.retrycache.expirytime = 600000ms (custom)
2024-04-26 07:45:23,204 [007259ab-dd98-41c4-869b-5f1f47ad54d0-groupManagement] INFO  server.RaftServerConfigKeys (ConfUtils.java:logGet(46)) - raft.server.retrycache.statistics.expirytime = 100ms (default)
2024-04-26 07:45:23,204 [007259ab-dd98-41c4-869b-5f1f47ad54d0-groupManagement] INFO  server.RaftServerConfigKeys (ConfUtils.java:logGet(46)) - raft.server.read.option = DEFAULT (default)
2024-04-26 07:45:23,204 [007259ab-dd98-41c4-869b-5f1f47ad54d0-groupManagement] INFO  server.RaftServerConfigKeys (ConfUtils.java:logGet(46)) - raft.server.read.read-after-write-consistent.write-index-cache.expiry-time = 60s (default)
2024-04-26 07:45:23,206 [007259ab-dd98-41c4-869b-5f1f47ad54d0-groupManagement] INFO  server.RaftServerConfigKeys (ConfUtils.java:logGet(46)) - raft.server.rpc.request.timeout = 3000ms (default)
2024-04-26 07:45:23,206 [007259ab-dd98-41c4-869b-5f1f47ad54d0-groupManagement] INFO  server.RaftServerConfigKeys (ConfUtils.java:logGet(46)) - raft.server.log.appender.install.snapshot.enabled = false (custom)
2024-04-26 07:45:23,206 [007259ab-dd98-41c4-869b-5f1f47ad54d0-groupManagement] INFO  server.RaftServerConfigKeys (ConfUtils.java:logGet(46)) - raft.server.threadpool.server.cached = true (default)
2024-04-26 07:45:23,206 [007259ab-dd98-41c4-869b-5f1f47ad54d0-groupManagement] INFO  server.RaftServerConfigKeys (ConfUtils.java:logGet(46)) - raft.server.threadpool.server.size = 0 (default)
2024-04-26 07:45:23,206 [007259ab-dd98-41c4-869b-5f1f47ad54d0-groupManagement] INFO  server.RaftServerConfigKeys (ConfUtils.java:logGet(46)) - raft.server.threadpool.client.cached = true (default)
2024-04-26 07:45:23,206 [007259ab-dd98-41c4-869b-5f1f47ad54d0-groupManagement] INFO  server.RaftServerConfigKeys (ConfUtils.java:logGet(46)) - raft.server.threadpool.client.size = 0 (default)
2024-04-26 07:45:23,206 [007259ab-dd98-41c4-869b-5f1f47ad54d0-groupManagement] INFO  server.RaftServerConfigKeys (ConfUtils.java:logGet(46)) - raft.server.storage.free-space.min = 0MB (=0) (default)
2024-04-26 07:45:23,206 [007259ab-dd98-41c4-869b-5f1f47ad54d0-groupManagement] INFO  server.RaftServerConfigKeys (ConfUtils.java:logGet(46)) - raft.server.log.corruption.policy = EXCEPTION (default)
2024-04-26 07:45:23,206 [007259ab-dd98-41c4-869b-5f1f47ad54d0-groupManagement] INFO  server.RaftServerConfigKeys (ConfUtils.java:logGet(46)) - raft.server.storage.dir = [/home/runner/work/ozone/ozone/hadoop-ozone/integration-test/target/test-dir/MiniOzoneClusterImpl-f8a85056-d908-4111-b8ec-0d6f55fc62ea/ozone-meta/datanode-4/ratis] (custom)
2024-04-26 07:45:23,206 [007259ab-dd98-41c4-869b-5f1f47ad54d0-groupManagement] INFO  storage.RaftStorageDirectory (RaftStorageDirectoryImpl.java:analyzeStorage(138)) - The storage directory /home/runner/work/ozone/ozone/hadoop-ozone/integration-test/target/test-dir/MiniOzoneClusterImpl-f8a85056-d908-4111-b8ec-0d6f55fc62ea/ozone-meta/datanode-4/ratis/2ead501a-c731-4c4e-9db9-8df680f5d577 does not exist. Creating ...
2024-04-26 07:45:23,207 [007259ab-dd98-41c4-869b-5f1f47ad54d0-groupManagement] INFO  storage.RaftStorageDirectory (RaftStorageDirectoryImpl.java:tryLock(228)) - Lock on /home/runner/work/ozone/ozone/hadoop-ozone/integration-test/target/test-dir/MiniOzoneClusterImpl-f8a85056-d908-4111-b8ec-0d6f55fc62ea/ozone-meta/datanode-4/ratis/2ead501a-c731-4c4e-9db9-8df680f5d577/in_use.lock acquired by nodename 21422@fv-az1107-628
2024-04-26 07:45:23,208 [007259ab-dd98-41c4-869b-5f1f47ad54d0-groupManagement] INFO  storage.RaftStorage (RaftStorageImpl.java:format(99)) - Storage directory /home/runner/work/ozone/ozone/hadoop-ozone/integration-test/target/test-dir/MiniOzoneClusterImpl-f8a85056-d908-4111-b8ec-0d6f55fc62ea/ozone-meta/datanode-4/ratis/2ead501a-c731-4c4e-9db9-8df680f5d577 has been successfully formatted.
2024-04-26 07:45:23,208 [007259ab-dd98-41c4-869b-5f1f47ad54d0-groupManagement] WARN  util.FileUtils (LogUtils.java:supplyAndLog(63)) - Failed to Files.newInputStream /home/runner/work/ozone/ozone/hadoop-ozone/integration-test/target/test-dir/MiniOzoneClusterImpl-f8a85056-d908-4111-b8ec-0d6f55fc62ea/ozone-meta/datanode-4/ratis/2ead501a-c731-4c4e-9db9-8df680f5d577/current/raft-meta.conf with options []: java.nio.file.NoSuchFileException: /home/runner/work/ozone/ozone/hadoop-ozone/integration-test/target/test-dir/MiniOzoneClusterImpl-f8a85056-d908-4111-b8ec-0d6f55fc62ea/ozone-meta/datanode-4/ratis/2ead501a-c731-4c4e-9db9-8df680f5d577/current/raft-meta.conf
2024-04-26 07:45:23,208 [007259ab-dd98-41c4-869b-5f1f47ad54d0-groupManagement] INFO  ratis.ContainerStateMachine (ContainerStateMachine.java:loadSnapshot(287)) - group-8DF680F5D577: The snapshot info is null. Setting the last applied index to:(t:0, i:~)
2024-04-26 07:45:23,208 [007259ab-dd98-41c4-869b-5f1f47ad54d0-groupManagement] INFO  server.RaftServerConfigKeys (ConfUtils.java:logGet(46)) - raft.server.log.use.memory = false (default)
2024-04-26 07:45:23,208 [007259ab-dd98-41c4-869b-5f1f47ad54d0-groupManagement] INFO  server.RaftServerConfigKeys (ConfUtils.java:logGet(46)) - raft.server.log.purge.gap = 1000000 (custom)
2024-04-26 07:45:23,208 [007259ab-dd98-41c4-869b-5f1f47ad54d0-groupManagement] INFO  server.RaftServerConfigKeys (ConfUtils.java:logGet(46)) - raft.server.log.appender.buffer.byte-limit = 8388608 (custom)
2024-04-26 07:45:23,208 [007259ab-dd98-41c4-869b-5f1f47ad54d0-groupManagement] INFO  server.RaftServerConfigKeys (ConfUtils.java:logGet(46)) - raft.server.log.statemachine.data.read.timeout = 1000ms (default)
2024-04-26 07:45:23,209 [007259ab-dd98-41c4-869b-5f1f47ad54d0-groupManagement] INFO  server.RaftServerConfigKeys (ConfUtils.java:logGet(46)) - raft.server.log.purge.preservation.log.num = 0 (default)
2024-04-26 07:45:23,209 [EventQueue-PipelineReportForPipelineReportHandler] INFO  pipeline.PipelineReportHandler (PipelineReportHandler.java:processPipelineReport(136)) - Opened pipeline PipelineID=2ead501a-c731-4c4e-9db9-8df680f5d577
2024-04-26 07:45:23,209 [EventQueue-OpenPipelineForHealthyPipelineSafeModeRule] INFO  safemode.SCMSafeModeManager (HealthyPipelineSafeModeRule.java:process(140)) - SCM in safe mode. Healthy pipelines reported count is 0, required healthy pipeline reported count is 1
2024-04-26 07:45:23,210 [007259ab-dd98-41c4-869b-5f1f47ad54d0-groupManagement] INFO  server.RaftServerConfigKeys (ConfUtils.java:logGet(46)) - raft.server.log.segment.size.max = 67108864 (custom)
2024-04-26 07:45:23,211 [007259ab-dd98-41c4-869b-5f1f47ad54d0-groupManagement] INFO  server.RaftServerConfigKeys (ConfUtils.java:logGet(46)) - raft.server.log.segment.cache.num.max = 2 (custom)
2024-04-26 07:45:23,211 [007259ab-dd98-41c4-869b-5f1f47ad54d0-groupManagement] INFO  server.RaftServerConfigKeys (ConfUtils.java:logGet(46)) - raft.server.log.segment.cache.size.max = 200MB (=209715200) (default)
2024-04-26 07:45:23,211 [007259ab-dd98-41c4-869b-5f1f47ad54d0-groupManagement] INFO  server.RaftServerConfigKeys (ConfUtils.java:logGet(46)) - raft.server.log.appender.buffer.byte-limit = 8388608 (custom)
2024-04-26 07:45:23,211 [007259ab-dd98-41c4-869b-5f1f47ad54d0-groupManagement] INFO  util.AwaitToRun (AwaitToRun.java:start(81)) - Thread[007259ab-dd98-41c4-869b-5f1f47ad54d0@group-8DF680F5D577-cacheEviction-AwaitToRun,5,main] started
2024-04-26 07:45:23,211 [007259ab-dd98-41c4-869b-5f1f47ad54d0-groupManagement] INFO  segmented.SegmentedRaftLogWorker (SegmentedRaftLogWorker.java:<init>(182)) - new 007259ab-dd98-41c4-869b-5f1f47ad54d0@group-8DF680F5D577-SegmentedRaftLogWorker for RaftStorageImpl:Storage Directory /home/runner/work/ozone/ozone/hadoop-ozone/integration-test/target/test-dir/MiniOzoneClusterImpl-f8a85056-d908-4111-b8ec-0d6f55fc62ea/ozone-meta/datanode-4/ratis/2ead501a-c731-4c4e-9db9-8df680f5d577
2024-04-26 07:45:23,211 [007259ab-dd98-41c4-869b-5f1f47ad54d0-groupManagement] INFO  server.RaftServerConfigKeys (ConfUtils.java:logGet(46)) - raft.server.log.queue.byte-limit = 4294967296 (custom)
2024-04-26 07:45:23,211 [007259ab-dd98-41c4-869b-5f1f47ad54d0-groupManagement] INFO  server.RaftServerConfigKeys (ConfUtils.java:logGet(46)) - raft.server.log.queue.element-limit = 1024 (custom)
2024-04-26 07:45:23,211 [007259ab-dd98-41c4-869b-5f1f47ad54d0-groupManagement] INFO  server.RaftServerConfigKeys (ConfUtils.java:logGet(46)) - raft.server.log.segment.size.max = 67108864 (custom)
2024-04-26 07:45:23,211 [007259ab-dd98-41c4-869b-5f1f47ad54d0-groupManagement] INFO  server.RaftServerConfigKeys (ConfUtils.java:logGet(46)) - raft.server.log.preallocated.size = 4194304 (custom)
2024-04-26 07:45:23,211 [007259ab-dd98-41c4-869b-5f1f47ad54d0-groupManagement] INFO  server.RaftServerConfigKeys (ConfUtils.java:logGet(46)) - raft.server.log.force.sync.num = 128 (default)
2024-04-26 07:45:23,211 [007259ab-dd98-41c4-869b-5f1f47ad54d0-groupManagement] INFO  server.RaftServerConfigKeys (ConfUtils.java:logGet(46)) - raft.server.log.statemachine.data.sync = true (default)
2024-04-26 07:45:23,211 [007259ab-dd98-41c4-869b-5f1f47ad54d0-groupManagement] INFO  server.RaftServerConfigKeys (ConfUtils.java:logGet(46)) - raft.server.log.statemachine.data.sync.timeout = 10s (default)
2024-04-26 07:45:23,211 [007259ab-dd98-41c4-869b-5f1f47ad54d0-groupManagement] INFO  server.RaftServerConfigKeys (ConfUtils.java:logGet(46)) - raft.server.log.statemachine.data.sync.timeout.retry = 30 (custom)
2024-04-26 07:45:23,212 [007259ab-dd98-41c4-869b-5f1f47ad54d0-groupManagement] INFO  server.RaftServerConfigKeys (ConfUtils.java:logGet(46)) - raft.server.log.write.buffer.size = 8388616 (custom)
2024-04-26 07:45:23,213 [007259ab-dd98-41c4-869b-5f1f47ad54d0-groupManagement] INFO  server.RaftServerConfigKeys (ConfUtils.java:logGet(46)) - raft.server.log.appender.buffer.byte-limit = 8388608 (custom)
2024-04-26 07:45:23,213 [007259ab-dd98-41c4-869b-5f1f47ad54d0-groupManagement] INFO  server.RaftServerConfigKeys (ConfUtils.java:logGet(46)) - raft.server.log.unsafe-flush.enabled = false (default)
2024-04-26 07:45:23,213 [007259ab-dd98-41c4-869b-5f1f47ad54d0-groupManagement] INFO  server.RaftServerConfigKeys (ConfUtils.java:logGet(46)) - raft.server.log.async-flush.enabled = false (default)
2024-04-26 07:45:23,213 [007259ab-dd98-41c4-869b-5f1f47ad54d0-groupManagement] INFO  server.RaftServerConfigKeys (ConfUtils.java:logGet(46)) - raft.server.log.statemachine.data.caching.enabled = true (custom)
2024-04-26 07:45:23,213 [007259ab-dd98-41c4-869b-5f1f47ad54d0-groupManagement] INFO  segmented.SegmentedRaftLogWorker (SegmentedRaftLogWorker.java:lambda$new$0(134)) - 007259ab-dd98-41c4-869b-5f1f47ad54d0@group-8DF680F5D577-SegmentedRaftLogWorker: flushIndex: setUnconditionally 0 -> -1
2024-04-26 07:45:23,213 [007259ab-dd98-41c4-869b-5f1f47ad54d0-groupManagement] INFO  segmented.SegmentedRaftLogWorker (SegmentedRaftLogWorker.java:lambda$new$0(134)) - 007259ab-dd98-41c4-869b-5f1f47ad54d0@group-8DF680F5D577-SegmentedRaftLogWorker: safeCacheEvictIndex: setUnconditionally 0 -> -1
2024-04-26 07:45:23,213 [007259ab-dd98-41c4-869b-5f1f47ad54d0-groupManagement] INFO  server.RaftServer$Division (RaftServerImpl.java:start(396)) - 007259ab-dd98-41c4-869b-5f1f47ad54d0@group-8DF680F5D577: start as a follower, conf=-1: peers:[007259ab-dd98-41c4-869b-5f1f47ad54d0|127.0.0.1:15397]|listeners:[], old=null
2024-04-26 07:45:23,213 [007259ab-dd98-41c4-869b-5f1f47ad54d0-groupManagement] INFO  server.RaftServer$Division (RaftServerImpl.java:setRole(383)) - 007259ab-dd98-41c4-869b-5f1f47ad54d0@group-8DF680F5D577: changes role from      null to FOLLOWER at term 0 for startAsFollower
2024-04-26 07:45:23,213 [007259ab-dd98-41c4-869b-5f1f47ad54d0-groupManagement] INFO  impl.RoleInfo (RoleInfo.java:updateAndGet(139)) - 007259ab-dd98-41c4-869b-5f1f47ad54d0: start 007259ab-dd98-41c4-869b-5f1f47ad54d0@group-8DF680F5D577-FollowerState
2024-04-26 07:45:23,214 [007259ab-dd98-41c4-869b-5f1f47ad54d0-groupManagement] INFO  util.JmxRegister (JmxRegister.java:tryRegister(44)) - Successfully registered JMX Bean with object name Ratis:service=RaftServer,group=group-8DF680F5D577,id=007259ab-dd98-41c4-869b-5f1f47ad54d0
2024-04-26 07:45:23,214 [007259ab-dd98-41c4-869b-5f1f47ad54d0-groupManagement] INFO  server.RaftServerConfigKeys (ConfUtils.java:logGet(46)) - raft.server.snapshot.trigger-when-stop.enabled = true (default)
2024-04-26 07:45:23,214 [007259ab-dd98-41c4-869b-5f1f47ad54d0-groupManagement] INFO  server.RaftServerConfigKeys (ConfUtils.java:logGet(46)) - raft.server.snapshot.auto.trigger.enabled = true (custom)
2024-04-26 07:45:23,214 [007259ab-dd98-41c4-869b-5f1f47ad54d0-groupManagement] INFO  server.RaftServerConfigKeys (ConfUtils.java:logGet(46)) - raft.server.snapshot.auto.trigger.threshold = 10000 (custom)
2024-04-26 07:45:23,214 [007259ab-dd98-41c4-869b-5f1f47ad54d0-groupManagement] INFO  server.RaftServerConfigKeys (ConfUtils.java:logGet(46)) - raft.server.snapshot.retention.file.num = 5 (custom)
2024-04-26 07:45:23,214 [007259ab-dd98-41c4-869b-5f1f47ad54d0-groupManagement] INFO  server.RaftServerConfigKeys (ConfUtils.java:logGet(46)) - raft.server.log.purge.upto.snapshot.index = false (default)
2024-04-26 07:45:23,214 [007259ab-dd98-41c4-869b-5f1f47ad54d0@group-8DF680F5D577-FollowerState] INFO  server.RaftServerConfigKeys (ConfUtils.java:logFallback(53)) - raft.server.rpc.first-election.timeout.min = 5s (fallback to raft.server.rpc.timeout.min)
2024-04-26 07:45:23,214 [007259ab-dd98-41c4-869b-5f1f47ad54d0@group-8DF680F5D577-FollowerState] INFO  server.RaftServerConfigKeys (ConfUtils.java:logFallback(53)) - raft.server.rpc.first-election.timeout.max = 5200ms (fallback to raft.server.rpc.timeout.max)
2024-04-26 07:45:23,214 [007259ab-dd98-41c4-869b-5f1f47ad54d0-PipelineCommandHandlerThread-0] INFO  ratis.XceiverServerRatis (XceiverServerRatis.java:addGroup(864)) - Created group PipelineID=2ead501a-c731-4c4e-9db9-8df680f5d577
2024-04-26 07:45:23,215 [007259ab-dd98-41c4-869b-5f1f47ad54d0-PipelineCommandHandlerThread-0] INFO  commandhandler.CreatePipelineCommandHandler (CreatePipelineCommandHandler.java:lambda$handle$2(124)) - Created Pipeline RATIS ONE PipelineID=2ead501a-c731-4c4e-9db9-8df680f5d577.
2024-04-26 07:45:23,215 [007259ab-dd98-41c4-869b-5f1f47ad54d0-PipelineCommandHandlerThread-0] INFO  server.RaftServer (RaftServerProxy.java:addNew(100)) - 007259ab-dd98-41c4-869b-5f1f47ad54d0: addNew group-8AF491E1D12D:[3adbcf3a-f954-449d-af41-94271594c360|127.0.0.1:15406, 66bce337-27b9-4953-b5f8-11fc3ae630c2|127.0.0.1:15415, 007259ab-dd98-41c4-869b-5f1f47ad54d0|127.0.0.1:15397] returns group-8AF491E1D12D:java.util.concurrent.CompletableFuture@c476748[Not completed]
2024-04-26 07:45:23,215 [007259ab-dd98-41c4-869b-5f1f47ad54d0-groupManagement] INFO  server.RaftServer$Division (RaftServerImpl.java:<init>(256)) - 007259ab-dd98-41c4-869b-5f1f47ad54d0: new RaftServerImpl for group-8AF491E1D12D:[3adbcf3a-f954-449d-af41-94271594c360|127.0.0.1:15406, 66bce337-27b9-4953-b5f8-11fc3ae630c2|127.0.0.1:15415, 007259ab-dd98-41c4-869b-5f1f47ad54d0|127.0.0.1:15397] with ContainerStateMachine:uninitialized
2024-04-26 07:45:23,215 [007259ab-dd98-41c4-869b-5f1f47ad54d0-groupManagement] INFO  server.RaftServerConfigKeys (ConfUtils.java:logGet(46)) - raft.server.rpc.timeout.min = 5s (custom)
2024-04-26 07:45:23,215 [007259ab-dd98-41c4-869b-5f1f47ad54d0-groupManagement] INFO  server.RaftServerConfigKeys (ConfUtils.java:logGet(46)) - raft.server.rpc.timeout.max = 5200ms (custom)
2024-04-26 07:45:23,215 [007259ab-dd98-41c4-869b-5f1f47ad54d0-groupManagement] INFO  server.RaftServerConfigKeys (ConfUtils.java:logGet(46)) - raft.server.rpc.sleep.time = 25ms (default)
2024-04-26 07:45:23,215 [007259ab-dd98-41c4-869b-5f1f47ad54d0-groupManagement] INFO  server.RaftServerConfigKeys (ConfUtils.java:logGet(46)) - raft.server.rpc.slowness.timeout = 300000ms (custom)
2024-04-26 07:45:23,216 [007259ab-dd98-41c4-869b-5f1f47ad54d0-groupManagement] INFO  server.RaftServerConfigKeys (ConfUtils.java:logGet(46)) - raft.server.leaderelection.leader.step-down.wait-time = 10s (default)
2024-04-26 07:45:23,216 [007259ab-dd98-41c4-869b-5f1f47ad54d0-groupManagement] INFO  server.RaftServerConfigKeys (ConfUtils.java:logGet(46)) - raft.server.leaderelection.member.majority-add = false (default)
2024-04-26 07:45:23,216 [007259ab-dd98-41c4-869b-5f1f47ad54d0-groupManagement] INFO  server.RaftServerConfigKeys (ConfUtils.java:logGet(46)) - raft.server.sleep.deviation.threshold = 300ms (default)
2024-04-26 07:45:23,216 [007259ab-dd98-41c4-869b-5f1f47ad54d0-groupManagement] INFO  server.RaftServer$Division (ServerState.java:<init>(113)) - 007259ab-dd98-41c4-869b-5f1f47ad54d0@group-8AF491E1D12D: ConfigurationManager, init=-1: peers:[3adbcf3a-f954-449d-af41-94271594c360|127.0.0.1:15406, 66bce337-27b9-4953-b5f8-11fc3ae630c2|127.0.0.1:15415, 007259ab-dd98-41c4-869b-5f1f47ad54d0|127.0.0.1:15397]|listeners:[], old=null, confs=<EMPTY_MAP>
2024-04-26 07:45:23,216 [007259ab-dd98-41c4-869b-5f1f47ad54d0-groupManagement] INFO  server.RaftServerConfigKeys (ConfUtils.java:logGet(46)) - raft.server.notification.no-leader.timeout = 300000ms (custom)
2024-04-26 07:45:23,216 [007259ab-dd98-41c4-869b-5f1f47ad54d0-groupManagement] INFO  server.RaftServerConfigKeys (ConfUtils.java:logGet(46)) - raft.server.read.timeout = 10s (default)
2024-04-26 07:45:23,216 [007259ab-dd98-41c4-869b-5f1f47ad54d0-groupManagement] INFO  server.RaftServerConfigKeys (ConfUtils.java:logGet(46)) - raft.server.retrycache.expirytime = 600000ms (custom)
2024-04-26 07:45:23,216 [007259ab-dd98-41c4-869b-5f1f47ad54d0-groupManagement] INFO  server.RaftServerConfigKeys (ConfUtils.java:logGet(46)) - raft.server.retrycache.statistics.expirytime = 100ms (default)
2024-04-26 07:45:23,216 [007259ab-dd98-41c4-869b-5f1f47ad54d0-groupManagement] INFO  server.RaftServerConfigKeys (ConfUtils.java:logGet(46)) - raft.server.read.option = DEFAULT (default)
2024-04-26 07:45:23,216 [007259ab-dd98-41c4-869b-5f1f47ad54d0-groupManagement] INFO  server.RaftServerConfigKeys (ConfUtils.java:logGet(46)) - raft.server.read.read-after-write-consistent.write-index-cache.expiry-time = 60s (default)
2024-04-26 07:45:23,218 [007259ab-dd98-41c4-869b-5f1f47ad54d0-groupManagement] INFO  server.RaftServerConfigKeys (ConfUtils.java:logGet(46)) - raft.server.rpc.request.timeout = 3000ms (default)
2024-04-26 07:45:23,218 [007259ab-dd98-41c4-869b-5f1f47ad54d0-groupManagement] INFO  server.RaftServerConfigKeys (ConfUtils.java:logGet(46)) - raft.server.log.appender.install.snapshot.enabled = false (custom)
2024-04-26 07:45:23,218 [007259ab-dd98-41c4-869b-5f1f47ad54d0-groupManagement] INFO  server.RaftServerConfigKeys (ConfUtils.java:logGet(46)) - raft.server.threadpool.server.cached = true (default)
2024-04-26 07:45:23,218 [007259ab-dd98-41c4-869b-5f1f47ad54d0-groupManagement] INFO  server.RaftServerConfigKeys (ConfUtils.java:logGet(46)) - raft.server.threadpool.server.size = 0 (default)
2024-04-26 07:45:23,218 [007259ab-dd98-41c4-869b-5f1f47ad54d0-groupManagement] INFO  server.RaftServerConfigKeys (ConfUtils.java:logGet(46)) - raft.server.threadpool.client.cached = true (default)
2024-04-26 07:45:23,218 [007259ab-dd98-41c4-869b-5f1f47ad54d0-groupManagement] INFO  server.RaftServerConfigKeys (ConfUtils.java:logGet(46)) - raft.server.threadpool.client.size = 0 (default)
2024-04-26 07:45:23,218 [007259ab-dd98-41c4-869b-5f1f47ad54d0-groupManagement] INFO  server.RaftServerConfigKeys (ConfUtils.java:logGet(46)) - raft.server.storage.free-space.min = 0MB (=0) (default)
2024-04-26 07:45:23,218 [007259ab-dd98-41c4-869b-5f1f47ad54d0-groupManagement] INFO  server.RaftServerConfigKeys (ConfUtils.java:logGet(46)) - raft.server.log.corruption.policy = EXCEPTION (default)
2024-04-26 07:45:23,218 [007259ab-dd98-41c4-869b-5f1f47ad54d0-groupManagement] INFO  server.RaftServerConfigKeys (ConfUtils.java:logGet(46)) - raft.server.storage.dir = [/home/runner/work/ozone/ozone/hadoop-ozone/integration-test/target/test-dir/MiniOzoneClusterImpl-f8a85056-d908-4111-b8ec-0d6f55fc62ea/ozone-meta/datanode-4/ratis] (custom)
2024-04-26 07:45:23,218 [007259ab-dd98-41c4-869b-5f1f47ad54d0-groupManagement] INFO  storage.RaftStorageDirectory (RaftStorageDirectoryImpl.java:analyzeStorage(138)) - The storage directory /home/runner/work/ozone/ozone/hadoop-ozone/integration-test/target/test-dir/MiniOzoneClusterImpl-f8a85056-d908-4111-b8ec-0d6f55fc62ea/ozone-meta/datanode-4/ratis/85b95419-6240-4eec-a6b9-8af491e1d12d does not exist. Creating ...
2024-04-26 07:45:23,219 [007259ab-dd98-41c4-869b-5f1f47ad54d0-groupManagement] INFO  storage.RaftStorageDirectory (RaftStorageDirectoryImpl.java:tryLock(228)) - Lock on /home/runner/work/ozone/ozone/hadoop-ozone/integration-test/target/test-dir/MiniOzoneClusterImpl-f8a85056-d908-4111-b8ec-0d6f55fc62ea/ozone-meta/datanode-4/ratis/85b95419-6240-4eec-a6b9-8af491e1d12d/in_use.lock acquired by nodename 21422@fv-az1107-628
2024-04-26 07:45:23,220 [007259ab-dd98-41c4-869b-5f1f47ad54d0-groupManagement] INFO  storage.RaftStorage (RaftStorageImpl.java:format(99)) - Storage directory /home/runner/work/ozone/ozone/hadoop-ozone/integration-test/target/test-dir/MiniOzoneClusterImpl-f8a85056-d908-4111-b8ec-0d6f55fc62ea/ozone-meta/datanode-4/ratis/85b95419-6240-4eec-a6b9-8af491e1d12d has been successfully formatted.
2024-04-26 07:45:23,220 [007259ab-dd98-41c4-869b-5f1f47ad54d0-groupManagement] WARN  util.FileUtils (LogUtils.java:supplyAndLog(63)) - Failed to Files.newInputStream /home/runner/work/ozone/ozone/hadoop-ozone/integration-test/target/test-dir/MiniOzoneClusterImpl-f8a85056-d908-4111-b8ec-0d6f55fc62ea/ozone-meta/datanode-4/ratis/85b95419-6240-4eec-a6b9-8af491e1d12d/current/raft-meta.conf with options []: java.nio.file.NoSuchFileException: /home/runner/work/ozone/ozone/hadoop-ozone/integration-test/target/test-dir/MiniOzoneClusterImpl-f8a85056-d908-4111-b8ec-0d6f55fc62ea/ozone-meta/datanode-4/ratis/85b95419-6240-4eec-a6b9-8af491e1d12d/current/raft-meta.conf
2024-04-26 07:45:23,220 [007259ab-dd98-41c4-869b-5f1f47ad54d0-groupManagement] INFO  ratis.ContainerStateMachine (ContainerStateMachine.java:loadSnapshot(287)) - group-8AF491E1D12D: The snapshot info is null. Setting the last applied index to:(t:0, i:~)
2024-04-26 07:45:23,220 [007259ab-dd98-41c4-869b-5f1f47ad54d0-groupManagement] INFO  server.RaftServerConfigKeys (ConfUtils.java:logGet(46)) - raft.server.log.use.memory = false (default)
2024-04-26 07:45:23,220 [007259ab-dd98-41c4-869b-5f1f47ad54d0-groupManagement] INFO  server.RaftServerConfigKeys (ConfUtils.java:logGet(46)) - raft.server.log.purge.gap = 1000000 (custom)
2024-04-26 07:45:23,220 [007259ab-dd98-41c4-869b-5f1f47ad54d0-groupManagement] INFO  server.RaftServerConfigKeys (ConfUtils.java:logGet(46)) - raft.server.log.appender.buffer.byte-limit = 8388608 (custom)
2024-04-26 07:45:23,220 [007259ab-dd98-41c4-869b-5f1f47ad54d0-groupManagement] INFO  server.RaftServerConfigKeys (ConfUtils.java:logGet(46)) - raft.server.log.statemachine.data.read.timeout = 1000ms (default)
2024-04-26 07:45:23,220 [007259ab-dd98-41c4-869b-5f1f47ad54d0-groupManagement] INFO  server.RaftServerConfigKeys (ConfUtils.java:logGet(46)) - raft.server.log.purge.preservation.log.num = 0 (default)
2024-04-26 07:45:23,221 [EventQueue-OpenPipelineForHealthyPipelineSafeModeRule] INFO  safemode.SCMSafeModeManager (HealthyPipelineSafeModeRule.java:process(140)) - SCM in safe mode. Healthy pipelines reported count is 0, required healthy pipeline reported count is 1
2024-04-26 07:45:23,222 [007259ab-dd98-41c4-869b-5f1f47ad54d0-groupManagement] INFO  server.RaftServerConfigKeys (ConfUtils.java:logGet(46)) - raft.server.log.segment.size.max = 67108864 (custom)
2024-04-26 07:45:23,222 [007259ab-dd98-41c4-869b-5f1f47ad54d0-groupManagement] INFO  server.RaftServerConfigKeys (ConfUtils.java:logGet(46)) - raft.server.log.segment.cache.num.max = 2 (custom)
2024-04-26 07:45:23,222 [007259ab-dd98-41c4-869b-5f1f47ad54d0-groupManagement] INFO  server.RaftServerConfigKeys (ConfUtils.java:logGet(46)) - raft.server.log.segment.cache.size.max = 200MB (=209715200) (default)
2024-04-26 07:45:23,222 [007259ab-dd98-41c4-869b-5f1f47ad54d0-groupManagement] INFO  server.RaftServerConfigKeys (ConfUtils.java:logGet(46)) - raft.server.log.appender.buffer.byte-limit = 8388608 (custom)
2024-04-26 07:45:23,222 [007259ab-dd98-41c4-869b-5f1f47ad54d0-groupManagement] INFO  util.AwaitToRun (AwaitToRun.java:start(81)) - Thread[007259ab-dd98-41c4-869b-5f1f47ad54d0@group-8AF491E1D12D-cacheEviction-AwaitToRun,5,main] started
2024-04-26 07:45:23,222 [007259ab-dd98-41c4-869b-5f1f47ad54d0-groupManagement] INFO  segmented.SegmentedRaftLogWorker (SegmentedRaftLogWorker.java:<init>(182)) - new 007259ab-dd98-41c4-869b-5f1f47ad54d0@group-8AF491E1D12D-SegmentedRaftLogWorker for RaftStorageImpl:Storage Directory /home/runner/work/ozone/ozone/hadoop-ozone/integration-test/target/test-dir/MiniOzoneClusterImpl-f8a85056-d908-4111-b8ec-0d6f55fc62ea/ozone-meta/datanode-4/ratis/85b95419-6240-4eec-a6b9-8af491e1d12d
2024-04-26 07:45:23,222 [007259ab-dd98-41c4-869b-5f1f47ad54d0-groupManagement] INFO  server.RaftServerConfigKeys (ConfUtils.java:logGet(46)) - raft.server.log.queue.byte-limit = 4294967296 (custom)
2024-04-26 07:45:23,222 [007259ab-dd98-41c4-869b-5f1f47ad54d0-groupManagement] INFO  server.RaftServerConfigKeys (ConfUtils.java:logGet(46)) - raft.server.log.queue.element-limit = 1024 (custom)
2024-04-26 07:45:23,222 [007259ab-dd98-41c4-869b-5f1f47ad54d0-groupManagement] INFO  server.RaftServerConfigKeys (ConfUtils.java:logGet(46)) - raft.server.log.segment.size.max = 67108864 (custom)
2024-04-26 07:45:23,222 [007259ab-dd98-41c4-869b-5f1f47ad54d0-groupManagement] INFO  server.RaftServerConfigKeys (ConfUtils.java:logGet(46)) - raft.server.log.preallocated.size = 4194304 (custom)
2024-04-26 07:45:23,222 [007259ab-dd98-41c4-869b-5f1f47ad54d0-groupManagement] INFO  server.RaftServerConfigKeys (ConfUtils.java:logGet(46)) - raft.server.log.force.sync.num = 128 (default)
2024-04-26 07:45:23,222 [007259ab-dd98-41c4-869b-5f1f47ad54d0-groupManagement] INFO  server.RaftServerConfigKeys (ConfUtils.java:logGet(46)) - raft.server.log.statemachine.data.sync = true (default)
2024-04-26 07:45:23,222 [007259ab-dd98-41c4-869b-5f1f47ad54d0-groupManagement] INFO  server.RaftServerConfigKeys (ConfUtils.java:logGet(46)) - raft.server.log.statemachine.data.sync.timeout = 10s (default)
2024-04-26 07:45:23,222 [007259ab-dd98-41c4-869b-5f1f47ad54d0-groupManagement] INFO  server.RaftServerConfigKeys (ConfUtils.java:logGet(46)) - raft.server.log.statemachine.data.sync.timeout.retry = 30 (custom)
2024-04-26 07:45:23,223 [007259ab-dd98-41c4-869b-5f1f47ad54d0-groupManagement] INFO  server.RaftServerConfigKeys (ConfUtils.java:logGet(46)) - raft.server.log.write.buffer.size = 8388616 (custom)
2024-04-26 07:45:23,224 [007259ab-dd98-41c4-869b-5f1f47ad54d0-groupManagement] INFO  server.RaftServerConfigKeys (ConfUtils.java:logGet(46)) - raft.server.log.appender.buffer.byte-limit = 8388608 (custom)
2024-04-26 07:45:23,224 [007259ab-dd98-41c4-869b-5f1f47ad54d0-groupManagement] INFO  server.RaftServerConfigKeys (ConfUtils.java:logGet(46)) - raft.server.log.unsafe-flush.enabled = false (default)
2024-04-26 07:45:23,224 [007259ab-dd98-41c4-869b-5f1f47ad54d0-groupManagement] INFO  server.RaftServerConfigKeys (ConfUtils.java:logGet(46)) - raft.server.log.async-flush.enabled = false (default)
2024-04-26 07:45:23,224 [007259ab-dd98-41c4-869b-5f1f47ad54d0-groupManagement] INFO  server.RaftServerConfigKeys (ConfUtils.java:logGet(46)) - raft.server.log.statemachine.data.caching.enabled = true (custom)
2024-04-26 07:45:23,224 [007259ab-dd98-41c4-869b-5f1f47ad54d0-groupManagement] INFO  segmented.SegmentedRaftLogWorker (SegmentedRaftLogWorker.java:lambda$new$0(134)) - 007259ab-dd98-41c4-869b-5f1f47ad54d0@group-8AF491E1D12D-SegmentedRaftLogWorker: flushIndex: setUnconditionally 0 -> -1
2024-04-26 07:45:23,224 [007259ab-dd98-41c4-869b-5f1f47ad54d0-groupManagement] INFO  segmented.SegmentedRaftLogWorker (SegmentedRaftLogWorker.java:lambda$new$0(134)) - 007259ab-dd98-41c4-869b-5f1f47ad54d0@group-8AF491E1D12D-SegmentedRaftLogWorker: safeCacheEvictIndex: setUnconditionally 0 -> -1
2024-04-26 07:45:23,224 [007259ab-dd98-41c4-869b-5f1f47ad54d0-groupManagement] INFO  server.RaftServer$Division (RaftServerImpl.java:start(396)) - 007259ab-dd98-41c4-869b-5f1f47ad54d0@group-8AF491E1D12D: start as a follower, conf=-1: peers:[3adbcf3a-f954-449d-af41-94271594c360|127.0.0.1:15406, 66bce337-27b9-4953-b5f8-11fc3ae630c2|127.0.0.1:15415, 007259ab-dd98-41c4-869b-5f1f47ad54d0|127.0.0.1:15397]|listeners:[], old=null
2024-04-26 07:45:23,224 [007259ab-dd98-41c4-869b-5f1f47ad54d0-groupManagement] INFO  server.RaftServer$Division (RaftServerImpl.java:setRole(383)) - 007259ab-dd98-41c4-869b-5f1f47ad54d0@group-8AF491E1D12D: changes role from      null to FOLLOWER at term 0 for startAsFollower
2024-04-26 07:45:23,224 [007259ab-dd98-41c4-869b-5f1f47ad54d0-groupManagement] INFO  impl.RoleInfo (RoleInfo.java:updateAndGet(139)) - 007259ab-dd98-41c4-869b-5f1f47ad54d0: start 007259ab-dd98-41c4-869b-5f1f47ad54d0@group-8AF491E1D12D-FollowerState
2024-04-26 07:45:23,224 [007259ab-dd98-41c4-869b-5f1f47ad54d0-groupManagement] INFO  util.JmxRegister (JmxRegister.java:tryRegister(44)) - Successfully registered JMX Bean with object name Ratis:service=RaftServer,group=group-8AF491E1D12D,id=007259ab-dd98-41c4-869b-5f1f47ad54d0
2024-04-26 07:45:23,225 [007259ab-dd98-41c4-869b-5f1f47ad54d0-groupManagement] INFO  server.RaftServerConfigKeys (ConfUtils.java:logGet(46)) - raft.server.snapshot.trigger-when-stop.enabled = true (default)
2024-04-26 07:45:23,225 [007259ab-dd98-41c4-869b-5f1f47ad54d0-groupManagement] INFO  server.RaftServerConfigKeys (ConfUtils.java:logGet(46)) - raft.server.snapshot.auto.trigger.enabled = true (custom)
2024-04-26 07:45:23,225 [007259ab-dd98-41c4-869b-5f1f47ad54d0-groupManagement] INFO  server.RaftServerConfigKeys (ConfUtils.java:logGet(46)) - raft.server.snapshot.auto.trigger.threshold = 10000 (custom)
2024-04-26 07:45:23,225 [007259ab-dd98-41c4-869b-5f1f47ad54d0-groupManagement] INFO  server.RaftServerConfigKeys (ConfUtils.java:logGet(46)) - raft.server.snapshot.retention.file.num = 5 (custom)
2024-04-26 07:45:23,225 [007259ab-dd98-41c4-869b-5f1f47ad54d0-groupManagement] INFO  server.RaftServerConfigKeys (ConfUtils.java:logGet(46)) - raft.server.log.purge.upto.snapshot.index = false (default)
2024-04-26 07:45:23,224 [007259ab-dd98-41c4-869b-5f1f47ad54d0@group-8AF491E1D12D-FollowerState] INFO  server.RaftServerConfigKeys (ConfUtils.java:logFallback(53)) - raft.server.rpc.first-election.timeout.min = 5s (fallback to raft.server.rpc.timeout.min)
2024-04-26 07:45:23,225 [007259ab-dd98-41c4-869b-5f1f47ad54d0@group-8AF491E1D12D-FollowerState] INFO  server.RaftServerConfigKeys (ConfUtils.java:logFallback(53)) - raft.server.rpc.first-election.timeout.max = 5200ms (fallback to raft.server.rpc.timeout.max)
2024-04-26 07:45:23,225 [007259ab-dd98-41c4-869b-5f1f47ad54d0-PipelineCommandHandlerThread-0] INFO  ratis.XceiverServerRatis (XceiverServerRatis.java:addGroup(864)) - Created group PipelineID=85b95419-6240-4eec-a6b9-8af491e1d12d
2024-04-26 07:45:23,231 [grpc-default-executor-2] INFO  server.RaftServer (RaftServerProxy.java:addNew(100)) - 3adbcf3a-f954-449d-af41-94271594c360: addNew group-8AF491E1D12D:[3adbcf3a-f954-449d-af41-94271594c360|127.0.0.1:15406, 66bce337-27b9-4953-b5f8-11fc3ae630c2|127.0.0.1:15415, 007259ab-dd98-41c4-869b-5f1f47ad54d0|127.0.0.1:15397] returns group-8AF491E1D12D:java.util.concurrent.CompletableFuture@5e2efaa5[Not completed]
2024-04-26 07:45:23,231 [3adbcf3a-f954-449d-af41-94271594c360-groupManagement] INFO  server.RaftServer$Division (RaftServerImpl.java:<init>(256)) - 3adbcf3a-f954-449d-af41-94271594c360: new RaftServerImpl for group-8AF491E1D12D:[3adbcf3a-f954-449d-af41-94271594c360|127.0.0.1:15406, 66bce337-27b9-4953-b5f8-11fc3ae630c2|127.0.0.1:15415, 007259ab-dd98-41c4-869b-5f1f47ad54d0|127.0.0.1:15397] with ContainerStateMachine:uninitialized
2024-04-26 07:45:23,231 [3adbcf3a-f954-449d-af41-94271594c360-groupManagement] INFO  server.RaftServerConfigKeys (ConfUtils.java:logGet(46)) - raft.server.rpc.timeout.min = 5s (custom)
2024-04-26 07:45:23,231 [3adbcf3a-f954-449d-af41-94271594c360-groupManagement] INFO  server.RaftServerConfigKeys (ConfUtils.java:logGet(46)) - raft.server.rpc.timeout.max = 5200ms (custom)
2024-04-26 07:45:23,231 [3adbcf3a-f954-449d-af41-94271594c360-groupManagement] INFO  server.RaftServerConfigKeys (ConfUtils.java:logGet(46)) - raft.server.rpc.sleep.time = 25ms (default)
2024-04-26 07:45:23,232 [3adbcf3a-f954-449d-af41-94271594c360-groupManagement] INFO  server.RaftServerConfigKeys (ConfUtils.java:logGet(46)) - raft.server.rpc.slowness.timeout = 300000ms (custom)
2024-04-26 07:45:23,232 [3adbcf3a-f954-449d-af41-94271594c360-groupManagement] INFO  server.RaftServerConfigKeys (ConfUtils.java:logGet(46)) - raft.server.leaderelection.leader.step-down.wait-time = 10s (default)
2024-04-26 07:45:23,232 [3adbcf3a-f954-449d-af41-94271594c360-groupManagement] INFO  server.RaftServerConfigKeys (ConfUtils.java:logGet(46)) - raft.server.leaderelection.member.majority-add = false (default)
2024-04-26 07:45:23,232 [3adbcf3a-f954-449d-af41-94271594c360-groupManagement] INFO  server.RaftServerConfigKeys (ConfUtils.java:logGet(46)) - raft.server.sleep.deviation.threshold = 300ms (default)
2024-04-26 07:45:23,232 [3adbcf3a-f954-449d-af41-94271594c360-groupManagement] INFO  server.RaftServer$Division (ServerState.java:<init>(113)) - 3adbcf3a-f954-449d-af41-94271594c360@group-8AF491E1D12D: ConfigurationManager, init=-1: peers:[3adbcf3a-f954-449d-af41-94271594c360|127.0.0.1:15406, 66bce337-27b9-4953-b5f8-11fc3ae630c2|127.0.0.1:15415, 007259ab-dd98-41c4-869b-5f1f47ad54d0|127.0.0.1:15397]|listeners:[], old=null, confs=<EMPTY_MAP>
2024-04-26 07:45:23,232 [3adbcf3a-f954-449d-af41-94271594c360-groupManagement] INFO  server.RaftServerConfigKeys (ConfUtils.java:logGet(46)) - raft.server.notification.no-leader.timeout = 300000ms (custom)
2024-04-26 07:45:23,232 [3adbcf3a-f954-449d-af41-94271594c360-groupManagement] INFO  server.RaftServerConfigKeys (ConfUtils.java:logGet(46)) - raft.server.read.timeout = 10s (default)
2024-04-26 07:45:23,232 [3adbcf3a-f954-449d-af41-94271594c360-groupManagement] INFO  server.RaftServerConfigKeys (ConfUtils.java:logGet(46)) - raft.server.retrycache.expirytime = 600000ms (custom)
2024-04-26 07:45:23,232 [3adbcf3a-f954-449d-af41-94271594c360-groupManagement] INFO  server.RaftServerConfigKeys (ConfUtils.java:logGet(46)) - raft.server.retrycache.statistics.expirytime = 100ms (default)
2024-04-26 07:45:23,232 [3adbcf3a-f954-449d-af41-94271594c360-groupManagement] INFO  server.RaftServerConfigKeys (ConfUtils.java:logGet(46)) - raft.server.read.option = DEFAULT (default)
2024-04-26 07:45:23,232 [3adbcf3a-f954-449d-af41-94271594c360-groupManagement] INFO  server.RaftServerConfigKeys (ConfUtils.java:logGet(46)) - raft.server.read.read-after-write-consistent.write-index-cache.expiry-time = 60s (default)
2024-04-26 07:45:23,234 [3adbcf3a-f954-449d-af41-94271594c360-groupManagement] INFO  server.RaftServerConfigKeys (ConfUtils.java:logGet(46)) - raft.server.rpc.request.timeout = 3000ms (default)
2024-04-26 07:45:23,234 [3adbcf3a-f954-449d-af41-94271594c360-groupManagement] INFO  server.RaftServerConfigKeys (ConfUtils.java:logGet(46)) - raft.server.log.appender.install.snapshot.enabled = false (custom)
2024-04-26 07:45:23,234 [3adbcf3a-f954-449d-af41-94271594c360-groupManagement] INFO  server.RaftServerConfigKeys (ConfUtils.java:logGet(46)) - raft.server.threadpool.server.cached = true (default)
2024-04-26 07:45:23,234 [3adbcf3a-f954-449d-af41-94271594c360-groupManagement] INFO  server.RaftServerConfigKeys (ConfUtils.java:logGet(46)) - raft.server.threadpool.server.size = 0 (default)
2024-04-26 07:45:23,234 [3adbcf3a-f954-449d-af41-94271594c360-groupManagement] INFO  server.RaftServerConfigKeys (ConfUtils.java:logGet(46)) - raft.server.threadpool.client.cached = true (default)
2024-04-26 07:45:23,234 [3adbcf3a-f954-449d-af41-94271594c360-groupManagement] INFO  server.RaftServerConfigKeys (ConfUtils.java:logGet(46)) - raft.server.threadpool.client.size = 0 (default)
2024-04-26 07:45:23,234 [3adbcf3a-f954-449d-af41-94271594c360-groupManagement] INFO  server.RaftServerConfigKeys (ConfUtils.java:logGet(46)) - raft.server.storage.free-space.min = 0MB (=0) (default)
2024-04-26 07:45:23,234 [3adbcf3a-f954-449d-af41-94271594c360-groupManagement] INFO  server.RaftServerConfigKeys (ConfUtils.java:logGet(46)) - raft.server.log.corruption.policy = EXCEPTION (default)
2024-04-26 07:45:23,234 [3adbcf3a-f954-449d-af41-94271594c360-groupManagement] INFO  server.RaftServerConfigKeys (ConfUtils.java:logGet(46)) - raft.server.storage.dir = [/home/runner/work/ozone/ozone/hadoop-ozone/integration-test/target/test-dir/MiniOzoneClusterImpl-f8a85056-d908-4111-b8ec-0d6f55fc62ea/ozone-meta/datanode-5/ratis] (custom)
2024-04-26 07:45:23,234 [3adbcf3a-f954-449d-af41-94271594c360-groupManagement] INFO  storage.RaftStorageDirectory (RaftStorageDirectoryImpl.java:analyzeStorage(138)) - The storage directory /home/runner/work/ozone/ozone/hadoop-ozone/integration-test/target/test-dir/MiniOzoneClusterImpl-f8a85056-d908-4111-b8ec-0d6f55fc62ea/ozone-meta/datanode-5/ratis/85b95419-6240-4eec-a6b9-8af491e1d12d does not exist. Creating ...
2024-04-26 07:45:23,235 [3adbcf3a-f954-449d-af41-94271594c360-groupManagement] INFO  storage.RaftStorageDirectory (RaftStorageDirectoryImpl.java:tryLock(228)) - Lock on /home/runner/work/ozone/ozone/hadoop-ozone/integration-test/target/test-dir/MiniOzoneClusterImpl-f8a85056-d908-4111-b8ec-0d6f55fc62ea/ozone-meta/datanode-5/ratis/85b95419-6240-4eec-a6b9-8af491e1d12d/in_use.lock acquired by nodename 21422@fv-az1107-628
2024-04-26 07:45:23,236 [3adbcf3a-f954-449d-af41-94271594c360-groupManagement] INFO  storage.RaftStorage (RaftStorageImpl.java:format(99)) - Storage directory /home/runner/work/ozone/ozone/hadoop-ozone/integration-test/target/test-dir/MiniOzoneClusterImpl-f8a85056-d908-4111-b8ec-0d6f55fc62ea/ozone-meta/datanode-5/ratis/85b95419-6240-4eec-a6b9-8af491e1d12d has been successfully formatted.
2024-04-26 07:45:23,236 [3adbcf3a-f954-449d-af41-94271594c360-groupManagement] WARN  util.FileUtils (LogUtils.java:supplyAndLog(63)) - Failed to Files.newInputStream /home/runner/work/ozone/ozone/hadoop-ozone/integration-test/target/test-dir/MiniOzoneClusterImpl-f8a85056-d908-4111-b8ec-0d6f55fc62ea/ozone-meta/datanode-5/ratis/85b95419-6240-4eec-a6b9-8af491e1d12d/current/raft-meta.conf with options []: java.nio.file.NoSuchFileException: /home/runner/work/ozone/ozone/hadoop-ozone/integration-test/target/test-dir/MiniOzoneClusterImpl-f8a85056-d908-4111-b8ec-0d6f55fc62ea/ozone-meta/datanode-5/ratis/85b95419-6240-4eec-a6b9-8af491e1d12d/current/raft-meta.conf
2024-04-26 07:45:23,236 [3adbcf3a-f954-449d-af41-94271594c360-groupManagement] INFO  ratis.ContainerStateMachine (ContainerStateMachine.java:loadSnapshot(287)) - group-8AF491E1D12D: The snapshot info is null. Setting the last applied index to:(t:0, i:~)
2024-04-26 07:45:23,237 [3adbcf3a-f954-449d-af41-94271594c360-groupManagement] INFO  server.RaftServerConfigKeys (ConfUtils.java:logGet(46)) - raft.server.log.use.memory = false (default)
2024-04-26 07:45:23,237 [3adbcf3a-f954-449d-af41-94271594c360-groupManagement] INFO  server.RaftServerConfigKeys (ConfUtils.java:logGet(46)) - raft.server.log.purge.gap = 1000000 (custom)
2024-04-26 07:45:23,237 [3adbcf3a-f954-449d-af41-94271594c360-groupManagement] INFO  server.RaftServerConfigKeys (ConfUtils.java:logGet(46)) - raft.server.log.appender.buffer.byte-limit = 8388608 (custom)
2024-04-26 07:45:23,237 [3adbcf3a-f954-449d-af41-94271594c360-groupManagement] INFO  server.RaftServerConfigKeys (ConfUtils.java:logGet(46)) - raft.server.log.statemachine.data.read.timeout = 1000ms (default)
2024-04-26 07:45:23,237 [3adbcf3a-f954-449d-af41-94271594c360-groupManagement] INFO  server.RaftServerConfigKeys (ConfUtils.java:logGet(46)) - raft.server.log.purge.preservation.log.num = 0 (default)
2024-04-26 07:45:23,238 [3adbcf3a-f954-449d-af41-94271594c360-groupManagement] INFO  server.RaftServerConfigKeys (ConfUtils.java:logGet(46)) - raft.server.log.segment.size.max = 67108864 (custom)
2024-04-26 07:45:23,238 [3adbcf3a-f954-449d-af41-94271594c360-groupManagement] INFO  server.RaftServerConfigKeys (ConfUtils.java:logGet(46)) - raft.server.log.segment.cache.num.max = 2 (custom)
2024-04-26 07:45:23,238 [3adbcf3a-f954-449d-af41-94271594c360-groupManagement] INFO  server.RaftServerConfigKeys (ConfUtils.java:logGet(46)) - raft.server.log.segment.cache.size.max = 200MB (=209715200) (default)
2024-04-26 07:45:23,238 [3adbcf3a-f954-449d-af41-94271594c360-groupManagement] INFO  server.RaftServerConfigKeys (ConfUtils.java:logGet(46)) - raft.server.log.appender.buffer.byte-limit = 8388608 (custom)
2024-04-26 07:45:23,238 [3adbcf3a-f954-449d-af41-94271594c360-groupManagement] INFO  util.AwaitToRun (AwaitToRun.java:start(81)) - Thread[3adbcf3a-f954-449d-af41-94271594c360@group-8AF491E1D12D-cacheEviction-AwaitToRun,5,main] started
2024-04-26 07:45:23,239 [3adbcf3a-f954-449d-af41-94271594c360-groupManagement] INFO  segmented.SegmentedRaftLogWorker (SegmentedRaftLogWorker.java:<init>(182)) - new 3adbcf3a-f954-449d-af41-94271594c360@group-8AF491E1D12D-SegmentedRaftLogWorker for RaftStorageImpl:Storage Directory /home/runner/work/ozone/ozone/hadoop-ozone/integration-test/target/test-dir/MiniOzoneClusterImpl-f8a85056-d908-4111-b8ec-0d6f55fc62ea/ozone-meta/datanode-5/ratis/85b95419-6240-4eec-a6b9-8af491e1d12d
2024-04-26 07:45:23,239 [3adbcf3a-f954-449d-af41-94271594c360-groupManagement] INFO  server.RaftServerConfigKeys (ConfUtils.java:logGet(46)) - raft.server.log.queue.byte-limit = 4294967296 (custom)
2024-04-26 07:45:23,239 [3adbcf3a-f954-449d-af41-94271594c360-groupManagement] INFO  server.RaftServerConfigKeys (ConfUtils.java:logGet(46)) - raft.server.log.queue.element-limit = 1024 (custom)
2024-04-26 07:45:23,239 [3adbcf3a-f954-449d-af41-94271594c360-groupManagement] INFO  server.RaftServerConfigKeys (ConfUtils.java:logGet(46)) - raft.server.log.segment.size.max = 67108864 (custom)
2024-04-26 07:45:23,239 [3adbcf3a-f954-449d-af41-94271594c360-groupManagement] INFO  server.RaftServerConfigKeys (ConfUtils.java:logGet(46)) - raft.server.log.preallocated.size = 4194304 (custom)
2024-04-26 07:45:23,239 [3adbcf3a-f954-449d-af41-94271594c360-groupManagement] INFO  server.RaftServerConfigKeys (ConfUtils.java:logGet(46)) - raft.server.log.force.sync.num = 128 (default)
2024-04-26 07:45:23,239 [3adbcf3a-f954-449d-af41-94271594c360-groupManagement] INFO  server.RaftServerConfigKeys (ConfUtils.java:logGet(46)) - raft.server.log.statemachine.data.sync = true (default)
2024-04-26 07:45:23,239 [3adbcf3a-f954-449d-af41-94271594c360-groupManagement] INFO  server.RaftServerConfigKeys (ConfUtils.java:logGet(46)) - raft.server.log.statemachine.data.sync.timeout = 10s (default)
2024-04-26 07:45:23,239 [3adbcf3a-f954-449d-af41-94271594c360-groupManagement] INFO  server.RaftServerConfigKeys (ConfUtils.java:logGet(46)) - raft.server.log.statemachine.data.sync.timeout.retry = 30 (custom)
2024-04-26 07:45:23,239 [3adbcf3a-f954-449d-af41-94271594c360-groupManagement] INFO  server.RaftServerConfigKeys (ConfUtils.java:logGet(46)) - raft.server.log.write.buffer.size = 8388616 (custom)
2024-04-26 07:45:23,240 [3adbcf3a-f954-449d-af41-94271594c360-groupManagement] INFO  server.RaftServerConfigKeys (ConfUtils.java:logGet(46)) - raft.server.log.appender.buffer.byte-limit = 8388608 (custom)
2024-04-26 07:45:23,240 [3adbcf3a-f954-449d-af41-94271594c360-groupManagement] INFO  server.RaftServerConfigKeys (ConfUtils.java:logGet(46)) - raft.server.log.unsafe-flush.enabled = false (default)
2024-04-26 07:45:23,240 [3adbcf3a-f954-449d-af41-94271594c360-groupManagement] INFO  server.RaftServerConfigKeys (ConfUtils.java:logGet(46)) - raft.server.log.async-flush.enabled = false (default)
2024-04-26 07:45:23,241 [3adbcf3a-f954-449d-af41-94271594c360-groupManagement] INFO  server.RaftServerConfigKeys (ConfUtils.java:logGet(46)) - raft.server.log.statemachine.data.caching.enabled = true (custom)
2024-04-26 07:45:23,241 [3adbcf3a-f954-449d-af41-94271594c360-groupManagement] INFO  segmented.SegmentedRaftLogWorker (SegmentedRaftLogWorker.java:lambda$new$0(134)) - 3adbcf3a-f954-449d-af41-94271594c360@group-8AF491E1D12D-SegmentedRaftLogWorker: flushIndex: setUnconditionally 0 -> -1
2024-04-26 07:45:23,241 [3adbcf3a-f954-449d-af41-94271594c360-groupManagement] INFO  segmented.SegmentedRaftLogWorker (SegmentedRaftLogWorker.java:lambda$new$0(134)) - 3adbcf3a-f954-449d-af41-94271594c360@group-8AF491E1D12D-SegmentedRaftLogWorker: safeCacheEvictIndex: setUnconditionally 0 -> -1
2024-04-26 07:45:23,241 [3adbcf3a-f954-449d-af41-94271594c360-groupManagement] INFO  server.RaftServer$Division (RaftServerImpl.java:start(396)) - 3adbcf3a-f954-449d-af41-94271594c360@group-8AF491E1D12D: start as a follower, conf=-1: peers:[3adbcf3a-f954-449d-af41-94271594c360|127.0.0.1:15406, 66bce337-27b9-4953-b5f8-11fc3ae630c2|127.0.0.1:15415, 007259ab-dd98-41c4-869b-5f1f47ad54d0|127.0.0.1:15397]|listeners:[], old=null
2024-04-26 07:45:23,241 [3adbcf3a-f954-449d-af41-94271594c360-groupManagement] INFO  server.RaftServer$Division (RaftServerImpl.java:setRole(383)) - 3adbcf3a-f954-449d-af41-94271594c360@group-8AF491E1D12D: changes role from      null to FOLLOWER at term 0 for startAsFollower
2024-04-26 07:45:23,241 [3adbcf3a-f954-449d-af41-94271594c360-groupManagement] INFO  impl.RoleInfo (RoleInfo.java:updateAndGet(139)) - 3adbcf3a-f954-449d-af41-94271594c360: start 3adbcf3a-f954-449d-af41-94271594c360@group-8AF491E1D12D-FollowerState
2024-04-26 07:45:23,241 [3adbcf3a-f954-449d-af41-94271594c360-groupManagement] INFO  util.JmxRegister (JmxRegister.java:tryRegister(44)) - Successfully registered JMX Bean with object name Ratis:service=RaftServer,group=group-8AF491E1D12D,id=3adbcf3a-f954-449d-af41-94271594c360
2024-04-26 07:45:23,241 [3adbcf3a-f954-449d-af41-94271594c360-groupManagement] INFO  server.RaftServerConfigKeys (ConfUtils.java:logGet(46)) - raft.server.snapshot.trigger-when-stop.enabled = true (default)
2024-04-26 07:45:23,241 [3adbcf3a-f954-449d-af41-94271594c360-groupManagement] INFO  server.RaftServerConfigKeys (ConfUtils.java:logGet(46)) - raft.server.snapshot.auto.trigger.enabled = true (custom)
2024-04-26 07:45:23,241 [3adbcf3a-f954-449d-af41-94271594c360-groupManagement] INFO  server.RaftServerConfigKeys (ConfUtils.java:logGet(46)) - raft.server.snapshot.auto.trigger.threshold = 10000 (custom)
2024-04-26 07:45:23,241 [3adbcf3a-f954-449d-af41-94271594c360-groupManagement] INFO  server.RaftServerConfigKeys (ConfUtils.java:logGet(46)) - raft.server.snapshot.retention.file.num = 5 (custom)
2024-04-26 07:45:23,241 [3adbcf3a-f954-449d-af41-94271594c360-groupManagement] INFO  server.RaftServerConfigKeys (ConfUtils.java:logGet(46)) - raft.server.log.purge.upto.snapshot.index = false (default)
2024-04-26 07:45:23,241 [3adbcf3a-f954-449d-af41-94271594c360@group-8AF491E1D12D-FollowerState] INFO  server.RaftServerConfigKeys (ConfUtils.java:logFallback(53)) - raft.server.rpc.first-election.timeout.min = 5s (fallback to raft.server.rpc.timeout.min)
2024-04-26 07:45:23,242 [3adbcf3a-f954-449d-af41-94271594c360@group-8AF491E1D12D-FollowerState] INFO  server.RaftServerConfigKeys (ConfUtils.java:logFallback(53)) - raft.server.rpc.first-election.timeout.max = 5200ms (fallback to raft.server.rpc.timeout.max)
2024-04-26 07:45:23,246 [3adbcf3a-f954-449d-af41-94271594c360-PipelineCommandHandlerThread-0] INFO  server.RaftServer (RaftServerProxy.java:addNew(100)) - 3adbcf3a-f954-449d-af41-94271594c360: addNew group-87ED2C8CF722:[3adbcf3a-f954-449d-af41-94271594c360|127.0.0.1:15406] returns group-87ED2C8CF722:java.util.concurrent.CompletableFuture@5e959bf3[Not completed]
2024-04-26 07:45:23,247 [3adbcf3a-f954-449d-af41-94271594c360-groupManagement] INFO  server.RaftServer$Division (RaftServerImpl.java:<init>(256)) - 3adbcf3a-f954-449d-af41-94271594c360: new RaftServerImpl for group-87ED2C8CF722:[3adbcf3a-f954-449d-af41-94271594c360|127.0.0.1:15406] with ContainerStateMachine:uninitialized
2024-04-26 07:45:23,247 [3adbcf3a-f954-449d-af41-94271594c360-groupManagement] INFO  server.RaftServerConfigKeys (ConfUtils.java:logGet(46)) - raft.server.rpc.timeout.min = 5s (custom)
2024-04-26 07:45:23,247 [3adbcf3a-f954-449d-af41-94271594c360-groupManagement] INFO  server.RaftServerConfigKeys (ConfUtils.java:logGet(46)) - raft.server.rpc.timeout.max = 5200ms (custom)
2024-04-26 07:45:23,247 [3adbcf3a-f954-449d-af41-94271594c360-groupManagement] INFO  server.RaftServerConfigKeys (ConfUtils.java:logGet(46)) - raft.server.rpc.sleep.time = 25ms (default)
2024-04-26 07:45:23,247 [3adbcf3a-f954-449d-af41-94271594c360-groupManagement] INFO  server.RaftServerConfigKeys (ConfUtils.java:logGet(46)) - raft.server.rpc.slowness.timeout = 300000ms (custom)
2024-04-26 07:45:23,247 [3adbcf3a-f954-449d-af41-94271594c360-groupManagement] INFO  server.RaftServerConfigKeys (ConfUtils.java:logGet(46)) - raft.server.leaderelection.leader.step-down.wait-time = 10s (default)
2024-04-26 07:45:23,247 [3adbcf3a-f954-449d-af41-94271594c360-groupManagement] INFO  server.RaftServerConfigKeys (ConfUtils.java:logGet(46)) - raft.server.leaderelection.member.majority-add = false (default)
2024-04-26 07:45:23,247 [3adbcf3a-f954-449d-af41-94271594c360-groupManagement] INFO  server.RaftServerConfigKeys (ConfUtils.java:logGet(46)) - raft.server.sleep.deviation.threshold = 300ms (default)
2024-04-26 07:45:23,247 [3adbcf3a-f954-449d-af41-94271594c360-groupManagement] INFO  server.RaftServer$Division (ServerState.java:<init>(113)) - 3adbcf3a-f954-449d-af41-94271594c360@group-87ED2C8CF722: ConfigurationManager, init=-1: peers:[3adbcf3a-f954-449d-af41-94271594c360|127.0.0.1:15406]|listeners:[], old=null, confs=<EMPTY_MAP>
2024-04-26 07:45:23,248 [3adbcf3a-f954-449d-af41-94271594c360-groupManagement] INFO  server.RaftServerConfigKeys (ConfUtils.java:logGet(46)) - raft.server.notification.no-leader.timeout = 300000ms (custom)
2024-04-26 07:45:23,248 [grpc-default-executor-2] INFO  server.RaftServer (RaftServerProxy.java:addNew(100)) - 66bce337-27b9-4953-b5f8-11fc3ae630c2: addNew group-8AF491E1D12D:[3adbcf3a-f954-449d-af41-94271594c360|127.0.0.1:15406, 66bce337-27b9-4953-b5f8-11fc3ae630c2|127.0.0.1:15415, 007259ab-dd98-41c4-869b-5f1f47ad54d0|127.0.0.1:15397] returns group-8AF491E1D12D:java.util.concurrent.CompletableFuture@56015ff8[Not completed]
2024-04-26 07:45:23,248 [3adbcf3a-f954-449d-af41-94271594c360-groupManagement] INFO  server.RaftServerConfigKeys (ConfUtils.java:logGet(46)) - raft.server.read.timeout = 10s (default)
2024-04-26 07:45:23,248 [3adbcf3a-f954-449d-af41-94271594c360-groupManagement] INFO  server.RaftServerConfigKeys (ConfUtils.java:logGet(46)) - raft.server.retrycache.expirytime = 600000ms (custom)
2024-04-26 07:45:23,248 [3adbcf3a-f954-449d-af41-94271594c360-groupManagement] INFO  server.RaftServerConfigKeys (ConfUtils.java:logGet(46)) - raft.server.retrycache.statistics.expirytime = 100ms (default)
2024-04-26 07:45:23,248 [66bce337-27b9-4953-b5f8-11fc3ae630c2-groupManagement] INFO  server.RaftServer$Division (RaftServerImpl.java:<init>(256)) - 66bce337-27b9-4953-b5f8-11fc3ae630c2: new RaftServerImpl for group-8AF491E1D12D:[3adbcf3a-f954-449d-af41-94271594c360|127.0.0.1:15406, 66bce337-27b9-4953-b5f8-11fc3ae630c2|127.0.0.1:15415, 007259ab-dd98-41c4-869b-5f1f47ad54d0|127.0.0.1:15397] with ContainerStateMachine:uninitialized
2024-04-26 07:45:23,248 [3adbcf3a-f954-449d-af41-94271594c360-groupManagement] INFO  server.RaftServerConfigKeys (ConfUtils.java:logGet(46)) - raft.server.read.option = DEFAULT (default)
2024-04-26 07:45:23,248 [3adbcf3a-f954-449d-af41-94271594c360-groupManagement] INFO  server.RaftServerConfigKeys (ConfUtils.java:logGet(46)) - raft.server.read.read-after-write-consistent.write-index-cache.expiry-time = 60s (default)
2024-04-26 07:45:23,248 [66bce337-27b9-4953-b5f8-11fc3ae630c2-groupManagement] INFO  server.RaftServerConfigKeys (ConfUtils.java:logGet(46)) - raft.server.rpc.timeout.min = 5s (custom)
2024-04-26 07:45:23,248 [66bce337-27b9-4953-b5f8-11fc3ae630c2-groupManagement] INFO  server.RaftServerConfigKeys (ConfUtils.java:logGet(46)) - raft.server.rpc.timeout.max = 5200ms (custom)
2024-04-26 07:45:23,248 [66bce337-27b9-4953-b5f8-11fc3ae630c2-groupManagement] INFO  server.RaftServerConfigKeys (ConfUtils.java:logGet(46)) - raft.server.rpc.sleep.time = 25ms (default)
2024-04-26 07:45:23,248 [66bce337-27b9-4953-b5f8-11fc3ae630c2-groupManagement] INFO  server.RaftServerConfigKeys (ConfUtils.java:logGet(46)) - raft.server.rpc.slowness.timeout = 300000ms (custom)
2024-04-26 07:45:23,248 [66bce337-27b9-4953-b5f8-11fc3ae630c2-groupManagement] INFO  server.RaftServerConfigKeys (ConfUtils.java:logGet(46)) - raft.server.leaderelection.leader.step-down.wait-time = 10s (default)
2024-04-26 07:45:23,248 [66bce337-27b9-4953-b5f8-11fc3ae630c2-groupManagement] INFO  server.RaftServerConfigKeys (ConfUtils.java:logGet(46)) - raft.server.leaderelection.member.majority-add = false (default)
2024-04-26 07:45:23,248 [66bce337-27b9-4953-b5f8-11fc3ae630c2-groupManagement] INFO  server.RaftServerConfigKeys (ConfUtils.java:logGet(46)) - raft.server.sleep.deviation.threshold = 300ms (default)
2024-04-26 07:45:23,249 [66bce337-27b9-4953-b5f8-11fc3ae630c2-groupManagement] INFO  server.RaftServer$Division (ServerState.java:<init>(113)) - 66bce337-27b9-4953-b5f8-11fc3ae630c2@group-8AF491E1D12D: ConfigurationManager, init=-1: peers:[3adbcf3a-f954-449d-af41-94271594c360|127.0.0.1:15406, 66bce337-27b9-4953-b5f8-11fc3ae630c2|127.0.0.1:15415, 007259ab-dd98-41c4-869b-5f1f47ad54d0|127.0.0.1:15397]|listeners:[], old=null, confs=<EMPTY_MAP>
2024-04-26 07:45:23,249 [66bce337-27b9-4953-b5f8-11fc3ae630c2-groupManagement] INFO  server.RaftServerConfigKeys (ConfUtils.java:logGet(46)) - raft.server.notification.no-leader.timeout = 300000ms (custom)
2024-04-26 07:45:23,249 [66bce337-27b9-4953-b5f8-11fc3ae630c2-groupManagement] INFO  server.RaftServerConfigKeys (ConfUtils.java:logGet(46)) - raft.server.read.timeout = 10s (default)
2024-04-26 07:45:23,249 [66bce337-27b9-4953-b5f8-11fc3ae630c2-groupManagement] INFO  server.RaftServerConfigKeys (ConfUtils.java:logGet(46)) - raft.server.retrycache.expirytime = 600000ms (custom)
2024-04-26 07:45:23,249 [66bce337-27b9-4953-b5f8-11fc3ae630c2-groupManagement] INFO  server.RaftServerConfigKeys (ConfUtils.java:logGet(46)) - raft.server.retrycache.statistics.expirytime = 100ms (default)
2024-04-26 07:45:23,249 [66bce337-27b9-4953-b5f8-11fc3ae630c2-groupManagement] INFO  server.RaftServerConfigKeys (ConfUtils.java:logGet(46)) - raft.server.read.option = DEFAULT (default)
2024-04-26 07:45:23,249 [66bce337-27b9-4953-b5f8-11fc3ae630c2-groupManagement] INFO  server.RaftServerConfigKeys (ConfUtils.java:logGet(46)) - raft.server.read.read-after-write-consistent.write-index-cache.expiry-time = 60s (default)
2024-04-26 07:45:23,254 [3adbcf3a-f954-449d-af41-94271594c360-groupManagement] INFO  server.RaftServerConfigKeys (ConfUtils.java:logGet(46)) - raft.server.rpc.request.timeout = 3000ms (default)
2024-04-26 07:45:23,254 [3adbcf3a-f954-449d-af41-94271594c360-groupManagement] INFO  server.RaftServerConfigKeys (ConfUtils.java:logGet(46)) - raft.server.log.appender.install.snapshot.enabled = false (custom)
2024-04-26 07:45:23,254 [3adbcf3a-f954-449d-af41-94271594c360-groupManagement] INFO  server.RaftServerConfigKeys (ConfUtils.java:logGet(46)) - raft.server.threadpool.server.cached = true (default)
2024-04-26 07:45:23,254 [3adbcf3a-f954-449d-af41-94271594c360-groupManagement] INFO  server.RaftServerConfigKeys (ConfUtils.java:logGet(46)) - raft.server.threadpool.server.size = 0 (default)
2024-04-26 07:45:23,255 [3adbcf3a-f954-449d-af41-94271594c360-groupManagement] INFO  server.RaftServerConfigKeys (ConfUtils.java:logGet(46)) - raft.server.threadpool.client.cached = true (default)
2024-04-26 07:45:23,255 [3adbcf3a-f954-449d-af41-94271594c360-groupManagement] INFO  server.RaftServerConfigKeys (ConfUtils.java:logGet(46)) - raft.server.threadpool.client.size = 0 (default)
2024-04-26 07:45:23,255 [3adbcf3a-f954-449d-af41-94271594c360-groupManagement] INFO  server.RaftServerConfigKeys (ConfUtils.java:logGet(46)) - raft.server.storage.free-space.min = 0MB (=0) (default)
2024-04-26 07:45:23,255 [3adbcf3a-f954-449d-af41-94271594c360-groupManagement] INFO  server.RaftServerConfigKeys (ConfUtils.java:logGet(46)) - raft.server.log.corruption.policy = EXCEPTION (default)
2024-04-26 07:45:23,255 [3adbcf3a-f954-449d-af41-94271594c360-groupManagement] INFO  server.RaftServerConfigKeys (ConfUtils.java:logGet(46)) - raft.server.storage.dir = [/home/runner/work/ozone/ozone/hadoop-ozone/integration-test/target/test-dir/MiniOzoneClusterImpl-f8a85056-d908-4111-b8ec-0d6f55fc62ea/ozone-meta/datanode-5/ratis] (custom)
2024-04-26 07:45:23,255 [3adbcf3a-f954-449d-af41-94271594c360-groupManagement] INFO  storage.RaftStorageDirectory (RaftStorageDirectoryImpl.java:analyzeStorage(138)) - The storage directory /home/runner/work/ozone/ozone/hadoop-ozone/integration-test/target/test-dir/MiniOzoneClusterImpl-f8a85056-d908-4111-b8ec-0d6f55fc62ea/ozone-meta/datanode-5/ratis/7734e440-7eab-4653-801e-87ed2c8cf722 does not exist. Creating ...
2024-04-26 07:45:23,255 [66bce337-27b9-4953-b5f8-11fc3ae630c2-groupManagement] INFO  server.RaftServerConfigKeys (ConfUtils.java:logGet(46)) - raft.server.rpc.request.timeout = 3000ms (default)
2024-04-26 07:45:23,255 [66bce337-27b9-4953-b5f8-11fc3ae630c2-groupManagement] INFO  server.RaftServerConfigKeys (ConfUtils.java:logGet(46)) - raft.server.log.appender.install.snapshot.enabled = false (custom)
2024-04-26 07:45:23,255 [66bce337-27b9-4953-b5f8-11fc3ae630c2-groupManagement] INFO  server.RaftServerConfigKeys (ConfUtils.java:logGet(46)) - raft.server.threadpool.server.cached = true (default)
2024-04-26 07:45:23,255 [66bce337-27b9-4953-b5f8-11fc3ae630c2-groupManagement] INFO  server.RaftServerConfigKeys (ConfUtils.java:logGet(46)) - raft.server.threadpool.server.size = 0 (default)
2024-04-26 07:45:23,255 [66bce337-27b9-4953-b5f8-11fc3ae630c2-groupManagement] INFO  server.RaftServerConfigKeys (ConfUtils.java:logGet(46)) - raft.server.threadpool.client.cached = true (default)
2024-04-26 07:45:23,255 [66bce337-27b9-4953-b5f8-11fc3ae630c2-groupManagement] INFO  server.RaftServerConfigKeys (ConfUtils.java:logGet(46)) - raft.server.threadpool.client.size = 0 (default)
2024-04-26 07:45:23,255 [66bce337-27b9-4953-b5f8-11fc3ae630c2-groupManagement] INFO  server.RaftServerConfigKeys (ConfUtils.java:logGet(46)) - raft.server.storage.free-space.min = 0MB (=0) (default)
2024-04-26 07:45:23,255 [66bce337-27b9-4953-b5f8-11fc3ae630c2-groupManagement] INFO  server.RaftServerConfigKeys (ConfUtils.java:logGet(46)) - raft.server.log.corruption.policy = EXCEPTION (default)
2024-04-26 07:45:23,255 [66bce337-27b9-4953-b5f8-11fc3ae630c2-groupManagement] INFO  server.RaftServerConfigKeys (ConfUtils.java:logGet(46)) - raft.server.storage.dir = [/home/runner/work/ozone/ozone/hadoop-ozone/integration-test/target/test-dir/MiniOzoneClusterImpl-f8a85056-d908-4111-b8ec-0d6f55fc62ea/ozone-meta/datanode-6/ratis] (custom)
2024-04-26 07:45:23,255 [3adbcf3a-f954-449d-af41-94271594c360-groupManagement] INFO  storage.RaftStorageDirectory (RaftStorageDirectoryImpl.java:tryLock(228)) - Lock on /home/runner/work/ozone/ozone/hadoop-ozone/integration-test/target/test-dir/MiniOzoneClusterImpl-f8a85056-d908-4111-b8ec-0d6f55fc62ea/ozone-meta/datanode-5/ratis/7734e440-7eab-4653-801e-87ed2c8cf722/in_use.lock acquired by nodename 21422@fv-az1107-628
2024-04-26 07:45:23,255 [66bce337-27b9-4953-b5f8-11fc3ae630c2-groupManagement] INFO  storage.RaftStorageDirectory (RaftStorageDirectoryImpl.java:analyzeStorage(138)) - The storage directory /home/runner/work/ozone/ozone/hadoop-ozone/integration-test/target/test-dir/MiniOzoneClusterImpl-f8a85056-d908-4111-b8ec-0d6f55fc62ea/ozone-meta/datanode-6/ratis/85b95419-6240-4eec-a6b9-8af491e1d12d does not exist. Creating ...
2024-04-26 07:45:23,256 [66bce337-27b9-4953-b5f8-11fc3ae630c2-groupManagement] INFO  storage.RaftStorageDirectory (RaftStorageDirectoryImpl.java:tryLock(228)) - Lock on /home/runner/work/ozone/ozone/hadoop-ozone/integration-test/target/test-dir/MiniOzoneClusterImpl-f8a85056-d908-4111-b8ec-0d6f55fc62ea/ozone-meta/datanode-6/ratis/85b95419-6240-4eec-a6b9-8af491e1d12d/in_use.lock acquired by nodename 21422@fv-az1107-628
2024-04-26 07:45:23,256 [3adbcf3a-f954-449d-af41-94271594c360-groupManagement] INFO  storage.RaftStorage (RaftStorageImpl.java:format(99)) - Storage directory /home/runner/work/ozone/ozone/hadoop-ozone/integration-test/target/test-dir/MiniOzoneClusterImpl-f8a85056-d908-4111-b8ec-0d6f55fc62ea/ozone-meta/datanode-5/ratis/7734e440-7eab-4653-801e-87ed2c8cf722 has been successfully formatted.
2024-04-26 07:45:23,257 [3adbcf3a-f954-449d-af41-94271594c360-groupManagement] WARN  util.FileUtils (LogUtils.java:supplyAndLog(63)) - Failed to Files.newInputStream /home/runner/work/ozone/ozone/hadoop-ozone/integration-test/target/test-dir/MiniOzoneClusterImpl-f8a85056-d908-4111-b8ec-0d6f55fc62ea/ozone-meta/datanode-5/ratis/7734e440-7eab-4653-801e-87ed2c8cf722/current/raft-meta.conf with options []: java.nio.file.NoSuchFileException: /home/runner/work/ozone/ozone/hadoop-ozone/integration-test/target/test-dir/MiniOzoneClusterImpl-f8a85056-d908-4111-b8ec-0d6f55fc62ea/ozone-meta/datanode-5/ratis/7734e440-7eab-4653-801e-87ed2c8cf722/current/raft-meta.conf
2024-04-26 07:45:23,257 [3adbcf3a-f954-449d-af41-94271594c360-groupManagement] INFO  ratis.ContainerStateMachine (ContainerStateMachine.java:loadSnapshot(287)) - group-87ED2C8CF722: The snapshot info is null. Setting the last applied index to:(t:0, i:~)
2024-04-26 07:45:23,257 [3adbcf3a-f954-449d-af41-94271594c360-groupManagement] INFO  server.RaftServerConfigKeys (ConfUtils.java:logGet(46)) - raft.server.log.use.memory = false (default)
2024-04-26 07:45:23,257 [3adbcf3a-f954-449d-af41-94271594c360-groupManagement] INFO  server.RaftServerConfigKeys (ConfUtils.java:logGet(46)) - raft.server.log.purge.gap = 1000000 (custom)
2024-04-26 07:45:23,257 [3adbcf3a-f954-449d-af41-94271594c360-groupManagement] INFO  server.RaftServerConfigKeys (ConfUtils.java:logGet(46)) - raft.server.log.appender.buffer.byte-limit = 8388608 (custom)
2024-04-26 07:45:23,257 [3adbcf3a-f954-449d-af41-94271594c360-groupManagement] INFO  server.RaftServerConfigKeys (ConfUtils.java:logGet(46)) - raft.server.log.statemachine.data.read.timeout = 1000ms (default)
2024-04-26 07:45:23,257 [3adbcf3a-f954-449d-af41-94271594c360-groupManagement] INFO  server.RaftServerConfigKeys (ConfUtils.java:logGet(46)) - raft.server.log.purge.preservation.log.num = 0 (default)
2024-04-26 07:45:23,257 [66bce337-27b9-4953-b5f8-11fc3ae630c2-groupManagement] INFO  storage.RaftStorage (RaftStorageImpl.java:format(99)) - Storage directory /home/runner/work/ozone/ozone/hadoop-ozone/integration-test/target/test-dir/MiniOzoneClusterImpl-f8a85056-d908-4111-b8ec-0d6f55fc62ea/ozone-meta/datanode-6/ratis/85b95419-6240-4eec-a6b9-8af491e1d12d has been successfully formatted.
2024-04-26 07:45:23,257 [66bce337-27b9-4953-b5f8-11fc3ae630c2-groupManagement] WARN  util.FileUtils (LogUtils.java:supplyAndLog(63)) - Failed to Files.newInputStream /home/runner/work/ozone/ozone/hadoop-ozone/integration-test/target/test-dir/MiniOzoneClusterImpl-f8a85056-d908-4111-b8ec-0d6f55fc62ea/ozone-meta/datanode-6/ratis/85b95419-6240-4eec-a6b9-8af491e1d12d/current/raft-meta.conf with options []: java.nio.file.NoSuchFileException: /home/runner/work/ozone/ozone/hadoop-ozone/integration-test/target/test-dir/MiniOzoneClusterImpl-f8a85056-d908-4111-b8ec-0d6f55fc62ea/ozone-meta/datanode-6/ratis/85b95419-6240-4eec-a6b9-8af491e1d12d/current/raft-meta.conf
2024-04-26 07:45:23,258 [66bce337-27b9-4953-b5f8-11fc3ae630c2-groupManagement] INFO  ratis.ContainerStateMachine (ContainerStateMachine.java:loadSnapshot(287)) - group-8AF491E1D12D: The snapshot info is null. Setting the last applied index to:(t:0, i:~)
2024-04-26 07:45:23,258 [66bce337-27b9-4953-b5f8-11fc3ae630c2-groupManagement] INFO  server.RaftServerConfigKeys (ConfUtils.java:logGet(46)) - raft.server.log.use.memory = false (default)
2024-04-26 07:45:23,258 [66bce337-27b9-4953-b5f8-11fc3ae630c2-groupManagement] INFO  server.RaftServerConfigKeys (ConfUtils.java:logGet(46)) - raft.server.log.purge.gap = 1000000 (custom)
2024-04-26 07:45:23,258 [66bce337-27b9-4953-b5f8-11fc3ae630c2-groupManagement] INFO  server.RaftServerConfigKeys (ConfUtils.java:logGet(46)) - raft.server.log.appender.buffer.byte-limit = 8388608 (custom)
2024-04-26 07:45:23,258 [66bce337-27b9-4953-b5f8-11fc3ae630c2-groupManagement] INFO  server.RaftServerConfigKeys (ConfUtils.java:logGet(46)) - raft.server.log.statemachine.data.read.timeout = 1000ms (default)
2024-04-26 07:45:23,258 [66bce337-27b9-4953-b5f8-11fc3ae630c2-groupManagement] INFO  server.RaftServerConfigKeys (ConfUtils.java:logGet(46)) - raft.server.log.purge.preservation.log.num = 0 (default)
2024-04-26 07:45:23,258 [3adbcf3a-f954-449d-af41-94271594c360-groupManagement] INFO  server.RaftServerConfigKeys (ConfUtils.java:logGet(46)) - raft.server.log.segment.size.max = 67108864 (custom)
2024-04-26 07:45:23,259 [3adbcf3a-f954-449d-af41-94271594c360-groupManagement] INFO  server.RaftServerConfigKeys (ConfUtils.java:logGet(46)) - raft.server.log.segment.cache.num.max = 2 (custom)
2024-04-26 07:45:23,259 [3adbcf3a-f954-449d-af41-94271594c360-groupManagement] INFO  server.RaftServerConfigKeys (ConfUtils.java:logGet(46)) - raft.server.log.segment.cache.size.max = 200MB (=209715200) (default)
2024-04-26 07:45:23,259 [3adbcf3a-f954-449d-af41-94271594c360-groupManagement] INFO  server.RaftServerConfigKeys (ConfUtils.java:logGet(46)) - raft.server.log.appender.buffer.byte-limit = 8388608 (custom)
2024-04-26 07:45:23,259 [3adbcf3a-f954-449d-af41-94271594c360-groupManagement] INFO  util.AwaitToRun (AwaitToRun.java:start(81)) - Thread[3adbcf3a-f954-449d-af41-94271594c360@group-87ED2C8CF722-cacheEviction-AwaitToRun,5,main] started
2024-04-26 07:45:23,259 [3adbcf3a-f954-449d-af41-94271594c360-groupManagement] INFO  segmented.SegmentedRaftLogWorker (SegmentedRaftLogWorker.java:<init>(182)) - new 3adbcf3a-f954-449d-af41-94271594c360@group-87ED2C8CF722-SegmentedRaftLogWorker for RaftStorageImpl:Storage Directory /home/runner/work/ozone/ozone/hadoop-ozone/integration-test/target/test-dir/MiniOzoneClusterImpl-f8a85056-d908-4111-b8ec-0d6f55fc62ea/ozone-meta/datanode-5/ratis/7734e440-7eab-4653-801e-87ed2c8cf722
2024-04-26 07:45:23,260 [3adbcf3a-f954-449d-af41-94271594c360-groupManagement] INFO  server.RaftServerConfigKeys (ConfUtils.java:logGet(46)) - raft.server.log.queue.byte-limit = 4294967296 (custom)
2024-04-26 07:45:23,260 [3adbcf3a-f954-449d-af41-94271594c360-groupManagement] INFO  server.RaftServerConfigKeys (ConfUtils.java:logGet(46)) - raft.server.log.queue.element-limit = 1024 (custom)
2024-04-26 07:45:23,260 [3adbcf3a-f954-449d-af41-94271594c360-groupManagement] INFO  server.RaftServerConfigKeys (ConfUtils.java:logGet(46)) - raft.server.log.segment.size.max = 67108864 (custom)
2024-04-26 07:45:23,260 [3adbcf3a-f954-449d-af41-94271594c360-groupManagement] INFO  server.RaftServerConfigKeys (ConfUtils.java:logGet(46)) - raft.server.log.preallocated.size = 4194304 (custom)
2024-04-26 07:45:23,260 [3adbcf3a-f954-449d-af41-94271594c360-groupManagement] INFO  server.RaftServerConfigKeys (ConfUtils.java:logGet(46)) - raft.server.log.force.sync.num = 128 (default)
2024-04-26 07:45:23,260 [3adbcf3a-f954-449d-af41-94271594c360-groupManagement] INFO  server.RaftServerConfigKeys (ConfUtils.java:logGet(46)) - raft.server.log.statemachine.data.sync = true (default)
2024-04-26 07:45:23,260 [3adbcf3a-f954-449d-af41-94271594c360-groupManagement] INFO  server.RaftServerConfigKeys (ConfUtils.java:logGet(46)) - raft.server.log.statemachine.data.sync.timeout = 10s (default)
2024-04-26 07:45:23,260 [3adbcf3a-f954-449d-af41-94271594c360-groupManagement] INFO  server.RaftServerConfigKeys (ConfUtils.java:logGet(46)) - raft.server.log.statemachine.data.sync.timeout.retry = 30 (custom)
2024-04-26 07:45:23,261 [3adbcf3a-f954-449d-af41-94271594c360-groupManagement] INFO  server.RaftServerConfigKeys (ConfUtils.java:logGet(46)) - raft.server.log.write.buffer.size = 8388616 (custom)
2024-04-26 07:45:23,262 [66bce337-27b9-4953-b5f8-11fc3ae630c2-groupManagement] INFO  server.RaftServerConfigKeys (ConfUtils.java:logGet(46)) - raft.server.log.segment.size.max = 67108864 (custom)
2024-04-26 07:45:23,262 [3adbcf3a-f954-449d-af41-94271594c360-groupManagement] INFO  server.RaftServerConfigKeys (ConfUtils.java:logGet(46)) - raft.server.log.appender.buffer.byte-limit = 8388608 (custom)
2024-04-26 07:45:23,262 [3adbcf3a-f954-449d-af41-94271594c360-groupManagement] INFO  server.RaftServerConfigKeys (ConfUtils.java:logGet(46)) - raft.server.log.unsafe-flush.enabled = false (default)
2024-04-26 07:45:23,262 [3adbcf3a-f954-449d-af41-94271594c360-groupManagement] INFO  server.RaftServerConfigKeys (ConfUtils.java:logGet(46)) - raft.server.log.async-flush.enabled = false (default)
2024-04-26 07:45:23,262 [3adbcf3a-f954-449d-af41-94271594c360-groupManagement] INFO  server.RaftServerConfigKeys (ConfUtils.java:logGet(46)) - raft.server.log.statemachine.data.caching.enabled = true (custom)
2024-04-26 07:45:23,262 [66bce337-27b9-4953-b5f8-11fc3ae630c2-groupManagement] INFO  server.RaftServerConfigKeys (ConfUtils.java:logGet(46)) - raft.server.log.segment.cache.num.max = 2 (custom)
2024-04-26 07:45:23,262 [66bce337-27b9-4953-b5f8-11fc3ae630c2-groupManagement] INFO  server.RaftServerConfigKeys (ConfUtils.java:logGet(46)) - raft.server.log.segment.cache.size.max = 200MB (=209715200) (default)
2024-04-26 07:45:23,262 [66bce337-27b9-4953-b5f8-11fc3ae630c2-groupManagement] INFO  server.RaftServerConfigKeys (ConfUtils.java:logGet(46)) - raft.server.log.appender.buffer.byte-limit = 8388608 (custom)
2024-04-26 07:45:23,262 [3adbcf3a-f954-449d-af41-94271594c360-groupManagement] INFO  segmented.SegmentedRaftLogWorker (SegmentedRaftLogWorker.java:lambda$new$0(134)) - 3adbcf3a-f954-449d-af41-94271594c360@group-87ED2C8CF722-SegmentedRaftLogWorker: flushIndex: setUnconditionally 0 -> -1
2024-04-26 07:45:23,262 [3adbcf3a-f954-449d-af41-94271594c360-groupManagement] INFO  segmented.SegmentedRaftLogWorker (SegmentedRaftLogWorker.java:lambda$new$0(134)) - 3adbcf3a-f954-449d-af41-94271594c360@group-87ED2C8CF722-SegmentedRaftLogWorker: safeCacheEvictIndex: setUnconditionally 0 -> -1
2024-04-26 07:45:23,262 [66bce337-27b9-4953-b5f8-11fc3ae630c2-groupManagement] INFO  util.AwaitToRun (AwaitToRun.java:start(81)) - Thread[66bce337-27b9-4953-b5f8-11fc3ae630c2@group-8AF491E1D12D-cacheEviction-AwaitToRun,5,main] started
2024-04-26 07:45:23,263 [66bce337-27b9-4953-b5f8-11fc3ae630c2-groupManagement] INFO  segmented.SegmentedRaftLogWorker (SegmentedRaftLogWorker.java:<init>(182)) - new 66bce337-27b9-4953-b5f8-11fc3ae630c2@group-8AF491E1D12D-SegmentedRaftLogWorker for RaftStorageImpl:Storage Directory /home/runner/work/ozone/ozone/hadoop-ozone/integration-test/target/test-dir/MiniOzoneClusterImpl-f8a85056-d908-4111-b8ec-0d6f55fc62ea/ozone-meta/datanode-6/ratis/85b95419-6240-4eec-a6b9-8af491e1d12d
2024-04-26 07:45:23,263 [66bce337-27b9-4953-b5f8-11fc3ae630c2-groupManagement] INFO  server.RaftServerConfigKeys (ConfUtils.java:logGet(46)) - raft.server.log.queue.byte-limit = 4294967296 (custom)
2024-04-26 07:45:23,263 [66bce337-27b9-4953-b5f8-11fc3ae630c2-groupManagement] INFO  server.RaftServerConfigKeys (ConfUtils.java:logGet(46)) - raft.server.log.queue.element-limit = 1024 (custom)
2024-04-26 07:45:23,263 [3adbcf3a-f954-449d-af41-94271594c360-groupManagement] INFO  server.RaftServer$Division (RaftServerImpl.java:start(396)) - 3adbcf3a-f954-449d-af41-94271594c360@group-87ED2C8CF722: start as a follower, conf=-1: peers:[3adbcf3a-f954-449d-af41-94271594c360|127.0.0.1:15406]|listeners:[], old=null
2024-04-26 07:45:23,263 [66bce337-27b9-4953-b5f8-11fc3ae630c2-groupManagement] INFO  server.RaftServerConfigKeys (ConfUtils.java:logGet(46)) - raft.server.log.segment.size.max = 67108864 (custom)
2024-04-26 07:45:23,263 [66bce337-27b9-4953-b5f8-11fc3ae630c2-groupManagement] INFO  server.RaftServerConfigKeys (ConfUtils.java:logGet(46)) - raft.server.log.preallocated.size = 4194304 (custom)
2024-04-26 07:45:23,263 [66bce337-27b9-4953-b5f8-11fc3ae630c2-groupManagement] INFO  server.RaftServerConfigKeys (ConfUtils.java:logGet(46)) - raft.server.log.force.sync.num = 128 (default)
2024-04-26 07:45:23,263 [66bce337-27b9-4953-b5f8-11fc3ae630c2-groupManagement] INFO  server.RaftServerConfigKeys (ConfUtils.java:logGet(46)) - raft.server.log.statemachine.data.sync = true (default)
2024-04-26 07:45:23,263 [3adbcf3a-f954-449d-af41-94271594c360-groupManagement] INFO  server.RaftServer$Division (RaftServerImpl.java:setRole(383)) - 3adbcf3a-f954-449d-af41-94271594c360@group-87ED2C8CF722: changes role from      null to FOLLOWER at term 0 for startAsFollower
2024-04-26 07:45:23,263 [EventQueue-PipelineReportForPipelineReportHandler] INFO  pipeline.PipelineReportHandler (PipelineReportHandler.java:processPipelineReport(136)) - Opened pipeline PipelineID=7734e440-7eab-4653-801e-87ed2c8cf722
2024-04-26 07:45:23,263 [66bce337-27b9-4953-b5f8-11fc3ae630c2-groupManagement] INFO  server.RaftServerConfigKeys (ConfUtils.java:logGet(46)) - raft.server.log.statemachine.data.sync.timeout = 10s (default)
2024-04-26 07:45:23,263 [EventQueue-OpenPipelineForHealthyPipelineSafeModeRule] INFO  safemode.SCMSafeModeManager (HealthyPipelineSafeModeRule.java:process(140)) - SCM in safe mode. Healthy pipelines reported count is 0, required healthy pipeline reported count is 1
2024-04-26 07:45:23,263 [66bce337-27b9-4953-b5f8-11fc3ae630c2-groupManagement] INFO  server.RaftServerConfigKeys (ConfUtils.java:logGet(46)) - raft.server.log.statemachine.data.sync.timeout.retry = 30 (custom)
2024-04-26 07:45:23,263 [3adbcf3a-f954-449d-af41-94271594c360-groupManagement] INFO  impl.RoleInfo (RoleInfo.java:updateAndGet(139)) - 3adbcf3a-f954-449d-af41-94271594c360: start 3adbcf3a-f954-449d-af41-94271594c360@group-87ED2C8CF722-FollowerState
2024-04-26 07:45:23,264 [66bce337-27b9-4953-b5f8-11fc3ae630c2-groupManagement] INFO  server.RaftServerConfigKeys (ConfUtils.java:logGet(46)) - raft.server.log.write.buffer.size = 8388616 (custom)
2024-04-26 07:45:23,264 [3adbcf3a-f954-449d-af41-94271594c360-groupManagement] INFO  util.JmxRegister (JmxRegister.java:tryRegister(44)) - Successfully registered JMX Bean with object name Ratis:service=RaftServer,group=group-87ED2C8CF722,id=3adbcf3a-f954-449d-af41-94271594c360
2024-04-26 07:45:23,264 [3adbcf3a-f954-449d-af41-94271594c360@group-87ED2C8CF722-FollowerState] INFO  server.RaftServerConfigKeys (ConfUtils.java:logFallback(53)) - raft.server.rpc.first-election.timeout.min = 5s (fallback to raft.server.rpc.timeout.min)
2024-04-26 07:45:23,264 [3adbcf3a-f954-449d-af41-94271594c360-groupManagement] INFO  server.RaftServerConfigKeys (ConfUtils.java:logGet(46)) - raft.server.snapshot.trigger-when-stop.enabled = true (default)
2024-04-26 07:45:23,264 [3adbcf3a-f954-449d-af41-94271594c360@group-87ED2C8CF722-FollowerState] INFO  server.RaftServerConfigKeys (ConfUtils.java:logFallback(53)) - raft.server.rpc.first-election.timeout.max = 5200ms (fallback to raft.server.rpc.timeout.max)
2024-04-26 07:45:23,264 [3adbcf3a-f954-449d-af41-94271594c360-groupManagement] INFO  server.RaftServerConfigKeys (ConfUtils.java:logGet(46)) - raft.server.snapshot.auto.trigger.enabled = true (custom)
2024-04-26 07:45:23,264 [3adbcf3a-f954-449d-af41-94271594c360-groupManagement] INFO  server.RaftServerConfigKeys (ConfUtils.java:logGet(46)) - raft.server.snapshot.auto.trigger.threshold = 10000 (custom)
2024-04-26 07:45:23,264 [3adbcf3a-f954-449d-af41-94271594c360-groupManagement] INFO  server.RaftServerConfigKeys (ConfUtils.java:logGet(46)) - raft.server.snapshot.retention.file.num = 5 (custom)
2024-04-26 07:45:23,264 [3adbcf3a-f954-449d-af41-94271594c360-groupManagement] INFO  server.RaftServerConfigKeys (ConfUtils.java:logGet(46)) - raft.server.log.purge.upto.snapshot.index = false (default)
2024-04-26 07:45:23,264 [3adbcf3a-f954-449d-af41-94271594c360-PipelineCommandHandlerThread-0] INFO  ratis.XceiverServerRatis (XceiverServerRatis.java:addGroup(864)) - Created group PipelineID=7734e440-7eab-4653-801e-87ed2c8cf722
2024-04-26 07:45:23,265 [3adbcf3a-f954-449d-af41-94271594c360-PipelineCommandHandlerThread-0] INFO  commandhandler.CreatePipelineCommandHandler (CreatePipelineCommandHandler.java:lambda$handle$2(124)) - Created Pipeline RATIS ONE PipelineID=7734e440-7eab-4653-801e-87ed2c8cf722.
2024-04-26 07:45:23,266 [66bce337-27b9-4953-b5f8-11fc3ae630c2-groupManagement] INFO  server.RaftServerConfigKeys (ConfUtils.java:logGet(46)) - raft.server.log.appender.buffer.byte-limit = 8388608 (custom)
2024-04-26 07:45:23,266 [66bce337-27b9-4953-b5f8-11fc3ae630c2-groupManagement] INFO  server.RaftServerConfigKeys (ConfUtils.java:logGet(46)) - raft.server.log.unsafe-flush.enabled = false (default)
2024-04-26 07:45:23,266 [66bce337-27b9-4953-b5f8-11fc3ae630c2-groupManagement] INFO  server.RaftServerConfigKeys (ConfUtils.java:logGet(46)) - raft.server.log.async-flush.enabled = false (default)
2024-04-26 07:45:23,266 [66bce337-27b9-4953-b5f8-11fc3ae630c2-groupManagement] INFO  server.RaftServerConfigKeys (ConfUtils.java:logGet(46)) - raft.server.log.statemachine.data.caching.enabled = true (custom)
2024-04-26 07:45:23,266 [66bce337-27b9-4953-b5f8-11fc3ae630c2-groupManagement] INFO  segmented.SegmentedRaftLogWorker (SegmentedRaftLogWorker.java:lambda$new$0(134)) - 66bce337-27b9-4953-b5f8-11fc3ae630c2@group-8AF491E1D12D-SegmentedRaftLogWorker: flushIndex: setUnconditionally 0 -> -1
2024-04-26 07:45:23,266 [66bce337-27b9-4953-b5f8-11fc3ae630c2-groupManagement] INFO  segmented.SegmentedRaftLogWorker (SegmentedRaftLogWorker.java:lambda$new$0(134)) - 66bce337-27b9-4953-b5f8-11fc3ae630c2@group-8AF491E1D12D-SegmentedRaftLogWorker: safeCacheEvictIndex: setUnconditionally 0 -> -1
2024-04-26 07:45:23,266 [66bce337-27b9-4953-b5f8-11fc3ae630c2-groupManagement] INFO  server.RaftServer$Division (RaftServerImpl.java:start(396)) - 66bce337-27b9-4953-b5f8-11fc3ae630c2@group-8AF491E1D12D: start as a follower, conf=-1: peers:[3adbcf3a-f954-449d-af41-94271594c360|127.0.0.1:15406, 66bce337-27b9-4953-b5f8-11fc3ae630c2|127.0.0.1:15415, 007259ab-dd98-41c4-869b-5f1f47ad54d0|127.0.0.1:15397]|listeners:[], old=null
2024-04-26 07:45:23,267 [66bce337-27b9-4953-b5f8-11fc3ae630c2-groupManagement] INFO  server.RaftServer$Division (RaftServerImpl.java:setRole(383)) - 66bce337-27b9-4953-b5f8-11fc3ae630c2@group-8AF491E1D12D: changes role from      null to FOLLOWER at term 0 for startAsFollower
2024-04-26 07:45:23,267 [66bce337-27b9-4953-b5f8-11fc3ae630c2-groupManagement] INFO  impl.RoleInfo (RoleInfo.java:updateAndGet(139)) - 66bce337-27b9-4953-b5f8-11fc3ae630c2: start 66bce337-27b9-4953-b5f8-11fc3ae630c2@group-8AF491E1D12D-FollowerState
2024-04-26 07:45:23,267 [66bce337-27b9-4953-b5f8-11fc3ae630c2@group-8AF491E1D12D-FollowerState] INFO  server.RaftServerConfigKeys (ConfUtils.java:logFallback(53)) - raft.server.rpc.first-election.timeout.min = 5s (fallback to raft.server.rpc.timeout.min)
2024-04-26 07:45:23,267 [66bce337-27b9-4953-b5f8-11fc3ae630c2@group-8AF491E1D12D-FollowerState] INFO  server.RaftServerConfigKeys (ConfUtils.java:logFallback(53)) - raft.server.rpc.first-election.timeout.max = 5200ms (fallback to raft.server.rpc.timeout.max)
2024-04-26 07:45:23,267 [66bce337-27b9-4953-b5f8-11fc3ae630c2-groupManagement] INFO  util.JmxRegister (JmxRegister.java:tryRegister(44)) - Successfully registered JMX Bean with object name Ratis:service=RaftServer,group=group-8AF491E1D12D,id=66bce337-27b9-4953-b5f8-11fc3ae630c2
2024-04-26 07:45:23,267 [66bce337-27b9-4953-b5f8-11fc3ae630c2-groupManagement] INFO  server.RaftServerConfigKeys (ConfUtils.java:logGet(46)) - raft.server.snapshot.trigger-when-stop.enabled = true (default)
2024-04-26 07:45:23,267 [66bce337-27b9-4953-b5f8-11fc3ae630c2-groupManagement] INFO  server.RaftServerConfigKeys (ConfUtils.java:logGet(46)) - raft.server.snapshot.auto.trigger.enabled = true (custom)
2024-04-26 07:45:23,267 [66bce337-27b9-4953-b5f8-11fc3ae630c2-groupManagement] INFO  server.RaftServerConfigKeys (ConfUtils.java:logGet(46)) - raft.server.snapshot.auto.trigger.threshold = 10000 (custom)
2024-04-26 07:45:23,267 [66bce337-27b9-4953-b5f8-11fc3ae630c2-groupManagement] INFO  server.RaftServerConfigKeys (ConfUtils.java:logGet(46)) - raft.server.snapshot.retention.file.num = 5 (custom)
2024-04-26 07:45:23,267 [66bce337-27b9-4953-b5f8-11fc3ae630c2-groupManagement] INFO  server.RaftServerConfigKeys (ConfUtils.java:logGet(46)) - raft.server.log.purge.upto.snapshot.index = false (default)
2024-04-26 07:45:23,270 [007259ab-dd98-41c4-869b-5f1f47ad54d0-PipelineCommandHandlerThread-0] INFO  commandhandler.CreatePipelineCommandHandler (CreatePipelineCommandHandler.java:lambda$handle$2(124)) - Created Pipeline RATIS THREE PipelineID=85b95419-6240-4eec-a6b9-8af491e1d12d.
2024-04-26 07:45:23,293 [66bce337-27b9-4953-b5f8-11fc3ae630c2-PipelineCommandHandlerThread-0] INFO  server.RaftServer (RaftServerProxy.java:addNew(100)) - 66bce337-27b9-4953-b5f8-11fc3ae630c2: addNew group-A271859F91B2:[66bce337-27b9-4953-b5f8-11fc3ae630c2|127.0.0.1:15415] returns group-A271859F91B2:java.util.concurrent.CompletableFuture@6fcc5c90[Not completed]
2024-04-26 07:45:23,294 [66bce337-27b9-4953-b5f8-11fc3ae630c2-groupManagement] INFO  server.RaftServer$Division (RaftServerImpl.java:<init>(256)) - 66bce337-27b9-4953-b5f8-11fc3ae630c2: new RaftServerImpl for group-A271859F91B2:[66bce337-27b9-4953-b5f8-11fc3ae630c2|127.0.0.1:15415] with ContainerStateMachine:uninitialized
2024-04-26 07:45:23,294 [66bce337-27b9-4953-b5f8-11fc3ae630c2-groupManagement] INFO  server.RaftServerConfigKeys (ConfUtils.java:logGet(46)) - raft.server.rpc.timeout.min = 5s (custom)
2024-04-26 07:45:23,294 [66bce337-27b9-4953-b5f8-11fc3ae630c2-groupManagement] INFO  server.RaftServerConfigKeys (ConfUtils.java:logGet(46)) - raft.server.rpc.timeout.max = 5200ms (custom)
2024-04-26 07:45:23,294 [66bce337-27b9-4953-b5f8-11fc3ae630c2-groupManagement] INFO  server.RaftServerConfigKeys (ConfUtils.java:logGet(46)) - raft.server.rpc.sleep.time = 25ms (default)
2024-04-26 07:45:23,294 [66bce337-27b9-4953-b5f8-11fc3ae630c2-groupManagement] INFO  server.RaftServerConfigKeys (ConfUtils.java:logGet(46)) - raft.server.rpc.slowness.timeout = 300000ms (custom)
2024-04-26 07:45:23,294 [66bce337-27b9-4953-b5f8-11fc3ae630c2-groupManagement] INFO  server.RaftServerConfigKeys (ConfUtils.java:logGet(46)) - raft.server.leaderelection.leader.step-down.wait-time = 10s (default)
2024-04-26 07:45:23,294 [66bce337-27b9-4953-b5f8-11fc3ae630c2-groupManagement] INFO  server.RaftServerConfigKeys (ConfUtils.java:logGet(46)) - raft.server.leaderelection.member.majority-add = false (default)
2024-04-26 07:45:23,294 [66bce337-27b9-4953-b5f8-11fc3ae630c2-groupManagement] INFO  server.RaftServerConfigKeys (ConfUtils.java:logGet(46)) - raft.server.sleep.deviation.threshold = 300ms (default)
2024-04-26 07:45:23,294 [66bce337-27b9-4953-b5f8-11fc3ae630c2-groupManagement] INFO  server.RaftServer$Division (ServerState.java:<init>(113)) - 66bce337-27b9-4953-b5f8-11fc3ae630c2@group-A271859F91B2: ConfigurationManager, init=-1: peers:[66bce337-27b9-4953-b5f8-11fc3ae630c2|127.0.0.1:15415]|listeners:[], old=null, confs=<EMPTY_MAP>
2024-04-26 07:45:23,294 [66bce337-27b9-4953-b5f8-11fc3ae630c2-groupManagement] INFO  server.RaftServerConfigKeys (ConfUtils.java:logGet(46)) - raft.server.notification.no-leader.timeout = 300000ms (custom)
2024-04-26 07:45:23,294 [66bce337-27b9-4953-b5f8-11fc3ae630c2-groupManagement] INFO  server.RaftServerConfigKeys (ConfUtils.java:logGet(46)) - raft.server.read.timeout = 10s (default)
2024-04-26 07:45:23,294 [66bce337-27b9-4953-b5f8-11fc3ae630c2-groupManagement] INFO  server.RaftServerConfigKeys (ConfUtils.java:logGet(46)) - raft.server.retrycache.expirytime = 600000ms (custom)
2024-04-26 07:45:23,295 [66bce337-27b9-4953-b5f8-11fc3ae630c2-groupManagement] INFO  server.RaftServerConfigKeys (ConfUtils.java:logGet(46)) - raft.server.retrycache.statistics.expirytime = 100ms (default)
2024-04-26 07:45:23,295 [66bce337-27b9-4953-b5f8-11fc3ae630c2-groupManagement] INFO  server.RaftServerConfigKeys (ConfUtils.java:logGet(46)) - raft.server.read.option = DEFAULT (default)
2024-04-26 07:45:23,295 [66bce337-27b9-4953-b5f8-11fc3ae630c2-groupManagement] INFO  server.RaftServerConfigKeys (ConfUtils.java:logGet(46)) - raft.server.read.read-after-write-consistent.write-index-cache.expiry-time = 60s (default)
2024-04-26 07:45:23,297 [66bce337-27b9-4953-b5f8-11fc3ae630c2-groupManagement] INFO  server.RaftServerConfigKeys (ConfUtils.java:logGet(46)) - raft.server.rpc.request.timeout = 3000ms (default)
2024-04-26 07:45:23,297 [66bce337-27b9-4953-b5f8-11fc3ae630c2-groupManagement] INFO  server.RaftServerConfigKeys (ConfUtils.java:logGet(46)) - raft.server.log.appender.install.snapshot.enabled = false (custom)
2024-04-26 07:45:23,297 [66bce337-27b9-4953-b5f8-11fc3ae630c2-groupManagement] INFO  server.RaftServerConfigKeys (ConfUtils.java:logGet(46)) - raft.server.threadpool.server.cached = true (default)
2024-04-26 07:45:23,298 [66bce337-27b9-4953-b5f8-11fc3ae630c2-groupManagement] INFO  server.RaftServerConfigKeys (ConfUtils.java:logGet(46)) - raft.server.threadpool.server.size = 0 (default)
2024-04-26 07:45:23,298 [66bce337-27b9-4953-b5f8-11fc3ae630c2-groupManagement] INFO  server.RaftServerConfigKeys (ConfUtils.java:logGet(46)) - raft.server.threadpool.client.cached = true (default)
2024-04-26 07:45:23,298 [66bce337-27b9-4953-b5f8-11fc3ae630c2-groupManagement] INFO  server.RaftServerConfigKeys (ConfUtils.java:logGet(46)) - raft.server.threadpool.client.size = 0 (default)
2024-04-26 07:45:23,298 [66bce337-27b9-4953-b5f8-11fc3ae630c2-groupManagement] INFO  server.RaftServerConfigKeys (ConfUtils.java:logGet(46)) - raft.server.storage.free-space.min = 0MB (=0) (default)
2024-04-26 07:45:23,298 [66bce337-27b9-4953-b5f8-11fc3ae630c2-groupManagement] INFO  server.RaftServerConfigKeys (ConfUtils.java:logGet(46)) - raft.server.log.corruption.policy = EXCEPTION (default)
2024-04-26 07:45:23,298 [66bce337-27b9-4953-b5f8-11fc3ae630c2-groupManagement] INFO  server.RaftServerConfigKeys (ConfUtils.java:logGet(46)) - raft.server.storage.dir = [/home/runner/work/ozone/ozone/hadoop-ozone/integration-test/target/test-dir/MiniOzoneClusterImpl-f8a85056-d908-4111-b8ec-0d6f55fc62ea/ozone-meta/datanode-6/ratis] (custom)
2024-04-26 07:45:23,298 [66bce337-27b9-4953-b5f8-11fc3ae630c2-groupManagement] INFO  storage.RaftStorageDirectory (RaftStorageDirectoryImpl.java:analyzeStorage(138)) - The storage directory /home/runner/work/ozone/ozone/hadoop-ozone/integration-test/target/test-dir/MiniOzoneClusterImpl-f8a85056-d908-4111-b8ec-0d6f55fc62ea/ozone-meta/datanode-6/ratis/92024e04-02b9-4e5a-81bf-a271859f91b2 does not exist. Creating ...
2024-04-26 07:45:23,299 [66bce337-27b9-4953-b5f8-11fc3ae630c2-groupManagement] INFO  storage.RaftStorageDirectory (RaftStorageDirectoryImpl.java:tryLock(228)) - Lock on /home/runner/work/ozone/ozone/hadoop-ozone/integration-test/target/test-dir/MiniOzoneClusterImpl-f8a85056-d908-4111-b8ec-0d6f55fc62ea/ozone-meta/datanode-6/ratis/92024e04-02b9-4e5a-81bf-a271859f91b2/in_use.lock acquired by nodename 21422@fv-az1107-628
2024-04-26 07:45:23,299 [66bce337-27b9-4953-b5f8-11fc3ae630c2-groupManagement] INFO  storage.RaftStorage (RaftStorageImpl.java:format(99)) - Storage directory /home/runner/work/ozone/ozone/hadoop-ozone/integration-test/target/test-dir/MiniOzoneClusterImpl-f8a85056-d908-4111-b8ec-0d6f55fc62ea/ozone-meta/datanode-6/ratis/92024e04-02b9-4e5a-81bf-a271859f91b2 has been successfully formatted.
2024-04-26 07:45:23,300 [66bce337-27b9-4953-b5f8-11fc3ae630c2-groupManagement] WARN  util.FileUtils (LogUtils.java:supplyAndLog(63)) - Failed to Files.newInputStream /home/runner/work/ozone/ozone/hadoop-ozone/integration-test/target/test-dir/MiniOzoneClusterImpl-f8a85056-d908-4111-b8ec-0d6f55fc62ea/ozone-meta/datanode-6/ratis/92024e04-02b9-4e5a-81bf-a271859f91b2/current/raft-meta.conf with options []: java.nio.file.NoSuchFileException: /home/runner/work/ozone/ozone/hadoop-ozone/integration-test/target/test-dir/MiniOzoneClusterImpl-f8a85056-d908-4111-b8ec-0d6f55fc62ea/ozone-meta/datanode-6/ratis/92024e04-02b9-4e5a-81bf-a271859f91b2/current/raft-meta.conf
2024-04-26 07:45:23,300 [66bce337-27b9-4953-b5f8-11fc3ae630c2-groupManagement] INFO  ratis.ContainerStateMachine (ContainerStateMachine.java:loadSnapshot(287)) - group-A271859F91B2: The snapshot info is null. Setting the last applied index to:(t:0, i:~)
2024-04-26 07:45:23,300 [66bce337-27b9-4953-b5f8-11fc3ae630c2-groupManagement] INFO  server.RaftServerConfigKeys (ConfUtils.java:logGet(46)) - raft.server.log.use.memory = false (default)
2024-04-26 07:45:23,300 [66bce337-27b9-4953-b5f8-11fc3ae630c2-groupManagement] INFO  server.RaftServerConfigKeys (ConfUtils.java:logGet(46)) - raft.server.log.purge.gap = 1000000 (custom)
2024-04-26 07:45:23,300 [66bce337-27b9-4953-b5f8-11fc3ae630c2-groupManagement] INFO  server.RaftServerConfigKeys (ConfUtils.java:logGet(46)) - raft.server.log.appender.buffer.byte-limit = 8388608 (custom)
2024-04-26 07:45:23,300 [66bce337-27b9-4953-b5f8-11fc3ae630c2-groupManagement] INFO  server.RaftServerConfigKeys (ConfUtils.java:logGet(46)) - raft.server.log.statemachine.data.read.timeout = 1000ms (default)
2024-04-26 07:45:23,300 [66bce337-27b9-4953-b5f8-11fc3ae630c2-groupManagement] INFO  server.RaftServerConfigKeys (ConfUtils.java:logGet(46)) - raft.server.log.purge.preservation.log.num = 0 (default)
2024-04-26 07:45:23,301 [EventQueue-PipelineReportForPipelineReportHandler] INFO  pipeline.PipelineReportHandler (PipelineReportHandler.java:processPipelineReport(136)) - Opened pipeline PipelineID=92024e04-02b9-4e5a-81bf-a271859f91b2
2024-04-26 07:45:23,301 [EventQueue-OpenPipelineForHealthyPipelineSafeModeRule] INFO  safemode.SCMSafeModeManager (HealthyPipelineSafeModeRule.java:process(140)) - SCM in safe mode. Healthy pipelines reported count is 0, required healthy pipeline reported count is 1
2024-04-26 07:45:23,302 [66bce337-27b9-4953-b5f8-11fc3ae630c2-groupManagement] INFO  server.RaftServerConfigKeys (ConfUtils.java:logGet(46)) - raft.server.log.segment.size.max = 67108864 (custom)
2024-04-26 07:45:23,302 [66bce337-27b9-4953-b5f8-11fc3ae630c2-groupManagement] INFO  server.RaftServerConfigKeys (ConfUtils.java:logGet(46)) - raft.server.log.segment.cache.num.max = 2 (custom)
2024-04-26 07:45:23,302 [66bce337-27b9-4953-b5f8-11fc3ae630c2-groupManagement] INFO  server.RaftServerConfigKeys (ConfUtils.java:logGet(46)) - raft.server.log.segment.cache.size.max = 200MB (=209715200) (default)
2024-04-26 07:45:23,302 [66bce337-27b9-4953-b5f8-11fc3ae630c2-groupManagement] INFO  server.RaftServerConfigKeys (ConfUtils.java:logGet(46)) - raft.server.log.appender.buffer.byte-limit = 8388608 (custom)
2024-04-26 07:45:23,303 [66bce337-27b9-4953-b5f8-11fc3ae630c2-groupManagement] INFO  util.AwaitToRun (AwaitToRun.java:start(81)) - Thread[66bce337-27b9-4953-b5f8-11fc3ae630c2@group-A271859F91B2-cacheEviction-AwaitToRun,5,main] started
2024-04-26 07:45:23,303 [66bce337-27b9-4953-b5f8-11fc3ae630c2-groupManagement] INFO  segmented.SegmentedRaftLogWorker (SegmentedRaftLogWorker.java:<init>(182)) - new 66bce337-27b9-4953-b5f8-11fc3ae630c2@group-A271859F91B2-SegmentedRaftLogWorker for RaftStorageImpl:Storage Directory /home/runner/work/ozone/ozone/hadoop-ozone/integration-test/target/test-dir/MiniOzoneClusterImpl-f8a85056-d908-4111-b8ec-0d6f55fc62ea/ozone-meta/datanode-6/ratis/92024e04-02b9-4e5a-81bf-a271859f91b2
2024-04-26 07:45:23,303 [66bce337-27b9-4953-b5f8-11fc3ae630c2-groupManagement] INFO  server.RaftServerConfigKeys (ConfUtils.java:logGet(46)) - raft.server.log.queue.byte-limit = 4294967296 (custom)
2024-04-26 07:45:23,303 [66bce337-27b9-4953-b5f8-11fc3ae630c2-groupManagement] INFO  server.RaftServerConfigKeys (ConfUtils.java:logGet(46)) - raft.server.log.queue.element-limit = 1024 (custom)
2024-04-26 07:45:23,303 [66bce337-27b9-4953-b5f8-11fc3ae630c2-groupManagement] INFO  server.RaftServerConfigKeys (ConfUtils.java:logGet(46)) - raft.server.log.segment.size.max = 67108864 (custom)
2024-04-26 07:45:23,303 [66bce337-27b9-4953-b5f8-11fc3ae630c2-groupManagement] INFO  server.RaftServerConfigKeys (ConfUtils.java:logGet(46)) - raft.server.log.preallocated.size = 4194304 (custom)
2024-04-26 07:45:23,303 [66bce337-27b9-4953-b5f8-11fc3ae630c2-groupManagement] INFO  server.RaftServerConfigKeys (ConfUtils.java:logGet(46)) - raft.server.log.force.sync.num = 128 (default)
2024-04-26 07:45:23,303 [66bce337-27b9-4953-b5f8-11fc3ae630c2-groupManagement] INFO  server.RaftServerConfigKeys (ConfUtils.java:logGet(46)) - raft.server.log.statemachine.data.sync = true (default)
2024-04-26 07:45:23,303 [66bce337-27b9-4953-b5f8-11fc3ae630c2-groupManagement] INFO  server.RaftServerConfigKeys (ConfUtils.java:logGet(46)) - raft.server.log.statemachine.data.sync.timeout = 10s (default)
2024-04-26 07:45:23,303 [66bce337-27b9-4953-b5f8-11fc3ae630c2-groupManagement] INFO  server.RaftServerConfigKeys (ConfUtils.java:logGet(46)) - raft.server.log.statemachine.data.sync.timeout.retry = 30 (custom)
2024-04-26 07:45:23,303 [66bce337-27b9-4953-b5f8-11fc3ae630c2-groupManagement] INFO  server.RaftServerConfigKeys (ConfUtils.java:logGet(46)) - raft.server.log.write.buffer.size = 8388616 (custom)
2024-04-26 07:45:23,305 [66bce337-27b9-4953-b5f8-11fc3ae630c2-groupManagement] INFO  server.RaftServerConfigKeys (ConfUtils.java:logGet(46)) - raft.server.log.appender.buffer.byte-limit = 8388608 (custom)
2024-04-26 07:45:23,305 [66bce337-27b9-4953-b5f8-11fc3ae630c2-groupManagement] INFO  server.RaftServerConfigKeys (ConfUtils.java:logGet(46)) - raft.server.log.unsafe-flush.enabled = false (default)
2024-04-26 07:45:23,305 [66bce337-27b9-4953-b5f8-11fc3ae630c2-groupManagement] INFO  server.RaftServerConfigKeys (ConfUtils.java:logGet(46)) - raft.server.log.async-flush.enabled = false (default)
2024-04-26 07:45:23,305 [66bce337-27b9-4953-b5f8-11fc3ae630c2-groupManagement] INFO  server.RaftServerConfigKeys (ConfUtils.java:logGet(46)) - raft.server.log.statemachine.data.caching.enabled = true (custom)
2024-04-26 07:45:23,305 [66bce337-27b9-4953-b5f8-11fc3ae630c2-groupManagement] INFO  segmented.SegmentedRaftLogWorker (SegmentedRaftLogWorker.java:lambda$new$0(134)) - 66bce337-27b9-4953-b5f8-11fc3ae630c2@group-A271859F91B2-SegmentedRaftLogWorker: flushIndex: setUnconditionally 0 -> -1
2024-04-26 07:45:23,305 [66bce337-27b9-4953-b5f8-11fc3ae630c2-groupManagement] INFO  segmented.SegmentedRaftLogWorker (SegmentedRaftLogWorker.java:lambda$new$0(134)) - 66bce337-27b9-4953-b5f8-11fc3ae630c2@group-A271859F91B2-SegmentedRaftLogWorker: safeCacheEvictIndex: setUnconditionally 0 -> -1
2024-04-26 07:45:23,305 [66bce337-27b9-4953-b5f8-11fc3ae630c2-groupManagement] INFO  server.RaftServer$Division (RaftServerImpl.java:start(396)) - 66bce337-27b9-4953-b5f8-11fc3ae630c2@group-A271859F91B2: start as a follower, conf=-1: peers:[66bce337-27b9-4953-b5f8-11fc3ae630c2|127.0.0.1:15415]|listeners:[], old=null
2024-04-26 07:45:23,305 [66bce337-27b9-4953-b5f8-11fc3ae630c2-groupManagement] INFO  server.RaftServer$Division (RaftServerImpl.java:setRole(383)) - 66bce337-27b9-4953-b5f8-11fc3ae630c2@group-A271859F91B2: changes role from      null to FOLLOWER at term 0 for startAsFollower
2024-04-26 07:45:23,305 [66bce337-27b9-4953-b5f8-11fc3ae630c2-groupManagement] INFO  impl.RoleInfo (RoleInfo.java:updateAndGet(139)) - 66bce337-27b9-4953-b5f8-11fc3ae630c2: start 66bce337-27b9-4953-b5f8-11fc3ae630c2@group-A271859F91B2-FollowerState
2024-04-26 07:45:23,306 [66bce337-27b9-4953-b5f8-11fc3ae630c2-groupManagement] INFO  util.JmxRegister (JmxRegister.java:tryRegister(44)) - Successfully registered JMX Bean with object name Ratis:service=RaftServer,group=group-A271859F91B2,id=66bce337-27b9-4953-b5f8-11fc3ae630c2
2024-04-26 07:45:23,306 [66bce337-27b9-4953-b5f8-11fc3ae630c2-groupManagement] INFO  server.RaftServerConfigKeys (ConfUtils.java:logGet(46)) - raft.server.snapshot.trigger-when-stop.enabled = true (default)
2024-04-26 07:45:23,306 [66bce337-27b9-4953-b5f8-11fc3ae630c2-groupManagement] INFO  server.RaftServerConfigKeys (ConfUtils.java:logGet(46)) - raft.server.snapshot.auto.trigger.enabled = true (custom)
2024-04-26 07:45:23,306 [66bce337-27b9-4953-b5f8-11fc3ae630c2-groupManagement] INFO  server.RaftServerConfigKeys (ConfUtils.java:logGet(46)) - raft.server.snapshot.auto.trigger.threshold = 10000 (custom)
2024-04-26 07:45:23,306 [66bce337-27b9-4953-b5f8-11fc3ae630c2-groupManagement] INFO  server.RaftServerConfigKeys (ConfUtils.java:logGet(46)) - raft.server.snapshot.retention.file.num = 5 (custom)
2024-04-26 07:45:23,306 [66bce337-27b9-4953-b5f8-11fc3ae630c2-groupManagement] INFO  server.RaftServerConfigKeys (ConfUtils.java:logGet(46)) - raft.server.log.purge.upto.snapshot.index = false (default)
2024-04-26 07:45:23,306 [66bce337-27b9-4953-b5f8-11fc3ae630c2@group-A271859F91B2-FollowerState] INFO  server.RaftServerConfigKeys (ConfUtils.java:logFallback(53)) - raft.server.rpc.first-election.timeout.min = 5s (fallback to raft.server.rpc.timeout.min)
2024-04-26 07:45:23,306 [66bce337-27b9-4953-b5f8-11fc3ae630c2@group-A271859F91B2-FollowerState] INFO  server.RaftServerConfigKeys (ConfUtils.java:logFallback(53)) - raft.server.rpc.first-election.timeout.max = 5200ms (fallback to raft.server.rpc.timeout.max)
2024-04-26 07:45:23,308 [66bce337-27b9-4953-b5f8-11fc3ae630c2-PipelineCommandHandlerThread-0] INFO  ratis.XceiverServerRatis (XceiverServerRatis.java:addGroup(864)) - Created group PipelineID=92024e04-02b9-4e5a-81bf-a271859f91b2
2024-04-26 07:45:23,309 [66bce337-27b9-4953-b5f8-11fc3ae630c2-PipelineCommandHandlerThread-0] INFO  commandhandler.CreatePipelineCommandHandler (CreatePipelineCommandHandler.java:lambda$handle$2(124)) - Created Pipeline RATIS ONE PipelineID=92024e04-02b9-4e5a-81bf-a271859f91b2.
2024-04-26 07:45:23,344 [00cfc371-235c-47c8-bc9b-47247119d947-PipelineCommandHandlerThread-0] INFO  server.RaftServer (RaftServerProxy.java:addNew(100)) - 00cfc371-235c-47c8-bc9b-47247119d947: addNew group-7632D0142551:[00cfc371-235c-47c8-bc9b-47247119d947|127.0.0.1:15424] returns group-7632D0142551:java.util.concurrent.CompletableFuture@370add32[Not completed]
2024-04-26 07:45:23,344 [00cfc371-235c-47c8-bc9b-47247119d947-groupManagement] INFO  server.RaftServer$Division (RaftServerImpl.java:<init>(256)) - 00cfc371-235c-47c8-bc9b-47247119d947: new RaftServerImpl for group-7632D0142551:[00cfc371-235c-47c8-bc9b-47247119d947|127.0.0.1:15424] with ContainerStateMachine:uninitialized
2024-04-26 07:45:23,345 [00cfc371-235c-47c8-bc9b-47247119d947-groupManagement] INFO  server.RaftServerConfigKeys (ConfUtils.java:logGet(46)) - raft.server.rpc.timeout.min = 5s (custom)
2024-04-26 07:45:23,345 [00cfc371-235c-47c8-bc9b-47247119d947-groupManagement] INFO  server.RaftServerConfigKeys (ConfUtils.java:logGet(46)) - raft.server.rpc.timeout.max = 5200ms (custom)
2024-04-26 07:45:23,345 [00cfc371-235c-47c8-bc9b-47247119d947-groupManagement] INFO  server.RaftServerConfigKeys (ConfUtils.java:logGet(46)) - raft.server.rpc.sleep.time = 25ms (default)
2024-04-26 07:45:23,345 [00cfc371-235c-47c8-bc9b-47247119d947-groupManagement] INFO  server.RaftServerConfigKeys (ConfUtils.java:logGet(46)) - raft.server.rpc.slowness.timeout = 300000ms (custom)
2024-04-26 07:45:23,345 [00cfc371-235c-47c8-bc9b-47247119d947-groupManagement] INFO  server.RaftServerConfigKeys (ConfUtils.java:logGet(46)) - raft.server.leaderelection.leader.step-down.wait-time = 10s (default)
2024-04-26 07:45:23,345 [00cfc371-235c-47c8-bc9b-47247119d947-groupManagement] INFO  server.RaftServerConfigKeys (ConfUtils.java:logGet(46)) - raft.server.leaderelection.member.majority-add = false (default)
2024-04-26 07:45:23,345 [00cfc371-235c-47c8-bc9b-47247119d947-groupManagement] INFO  server.RaftServerConfigKeys (ConfUtils.java:logGet(46)) - raft.server.sleep.deviation.threshold = 300ms (default)
2024-04-26 07:45:23,345 [00cfc371-235c-47c8-bc9b-47247119d947-groupManagement] INFO  server.RaftServer$Division (ServerState.java:<init>(113)) - 00cfc371-235c-47c8-bc9b-47247119d947@group-7632D0142551: ConfigurationManager, init=-1: peers:[00cfc371-235c-47c8-bc9b-47247119d947|127.0.0.1:15424]|listeners:[], old=null, confs=<EMPTY_MAP>
2024-04-26 07:45:23,345 [00cfc371-235c-47c8-bc9b-47247119d947-groupManagement] INFO  server.RaftServerConfigKeys (ConfUtils.java:logGet(46)) - raft.server.notification.no-leader.timeout = 300000ms (custom)
2024-04-26 07:45:23,345 [00cfc371-235c-47c8-bc9b-47247119d947-groupManagement] INFO  server.RaftServerConfigKeys (ConfUtils.java:logGet(46)) - raft.server.read.timeout = 10s (default)
2024-04-26 07:45:23,345 [00cfc371-235c-47c8-bc9b-47247119d947-groupManagement] INFO  server.RaftServerConfigKeys (ConfUtils.java:logGet(46)) - raft.server.retrycache.expirytime = 600000ms (custom)
2024-04-26 07:45:23,345 [00cfc371-235c-47c8-bc9b-47247119d947-groupManagement] INFO  server.RaftServerConfigKeys (ConfUtils.java:logGet(46)) - raft.server.retrycache.statistics.expirytime = 100ms (default)
2024-04-26 07:45:23,345 [00cfc371-235c-47c8-bc9b-47247119d947-groupManagement] INFO  server.RaftServerConfigKeys (ConfUtils.java:logGet(46)) - raft.server.read.option = DEFAULT (default)
2024-04-26 07:45:23,345 [00cfc371-235c-47c8-bc9b-47247119d947-groupManagement] INFO  server.RaftServerConfigKeys (ConfUtils.java:logGet(46)) - raft.server.read.read-after-write-consistent.write-index-cache.expiry-time = 60s (default)
2024-04-26 07:45:23,349 [00cfc371-235c-47c8-bc9b-47247119d947-groupManagement] INFO  server.RaftServerConfigKeys (ConfUtils.java:logGet(46)) - raft.server.rpc.request.timeout = 3000ms (default)
2024-04-26 07:45:23,349 [00cfc371-235c-47c8-bc9b-47247119d947-groupManagement] INFO  server.RaftServerConfigKeys (ConfUtils.java:logGet(46)) - raft.server.log.appender.install.snapshot.enabled = false (custom)
2024-04-26 07:45:23,349 [00cfc371-235c-47c8-bc9b-47247119d947-groupManagement] INFO  server.RaftServerConfigKeys (ConfUtils.java:logGet(46)) - raft.server.threadpool.server.cached = true (default)
2024-04-26 07:45:23,349 [00cfc371-235c-47c8-bc9b-47247119d947-groupManagement] INFO  server.RaftServerConfigKeys (ConfUtils.java:logGet(46)) - raft.server.threadpool.server.size = 0 (default)
2024-04-26 07:45:23,349 [00cfc371-235c-47c8-bc9b-47247119d947-groupManagement] INFO  server.RaftServerConfigKeys (ConfUtils.java:logGet(46)) - raft.server.threadpool.client.cached = true (default)
2024-04-26 07:45:23,349 [00cfc371-235c-47c8-bc9b-47247119d947-groupManagement] INFO  server.RaftServerConfigKeys (ConfUtils.java:logGet(46)) - raft.server.threadpool.client.size = 0 (default)
2024-04-26 07:45:23,349 [00cfc371-235c-47c8-bc9b-47247119d947-groupManagement] INFO  server.RaftServerConfigKeys (ConfUtils.java:logGet(46)) - raft.server.storage.free-space.min = 0MB (=0) (default)
2024-04-26 07:45:23,349 [00cfc371-235c-47c8-bc9b-47247119d947-groupManagement] INFO  server.RaftServerConfigKeys (ConfUtils.java:logGet(46)) - raft.server.log.corruption.policy = EXCEPTION (default)
2024-04-26 07:45:23,349 [00cfc371-235c-47c8-bc9b-47247119d947-groupManagement] INFO  server.RaftServerConfigKeys (ConfUtils.java:logGet(46)) - raft.server.storage.dir = [/home/runner/work/ozone/ozone/hadoop-ozone/integration-test/target/test-dir/MiniOzoneClusterImpl-f8a85056-d908-4111-b8ec-0d6f55fc62ea/ozone-meta/datanode-7/ratis] (custom)
2024-04-26 07:45:23,349 [00cfc371-235c-47c8-bc9b-47247119d947-groupManagement] INFO  storage.RaftStorageDirectory (RaftStorageDirectoryImpl.java:analyzeStorage(138)) - The storage directory /home/runner/work/ozone/ozone/hadoop-ozone/integration-test/target/test-dir/MiniOzoneClusterImpl-f8a85056-d908-4111-b8ec-0d6f55fc62ea/ozone-meta/datanode-7/ratis/09ceb4e8-76c7-4aae-9c6f-7632d0142551 does not exist. Creating ...
2024-04-26 07:45:23,350 [00cfc371-235c-47c8-bc9b-47247119d947-groupManagement] INFO  storage.RaftStorageDirectory (RaftStorageDirectoryImpl.java:tryLock(228)) - Lock on /home/runner/work/ozone/ozone/hadoop-ozone/integration-test/target/test-dir/MiniOzoneClusterImpl-f8a85056-d908-4111-b8ec-0d6f55fc62ea/ozone-meta/datanode-7/ratis/09ceb4e8-76c7-4aae-9c6f-7632d0142551/in_use.lock acquired by nodename 21422@fv-az1107-628
2024-04-26 07:45:23,351 [00cfc371-235c-47c8-bc9b-47247119d947-groupManagement] INFO  storage.RaftStorage (RaftStorageImpl.java:format(99)) - Storage directory /home/runner/work/ozone/ozone/hadoop-ozone/integration-test/target/test-dir/MiniOzoneClusterImpl-f8a85056-d908-4111-b8ec-0d6f55fc62ea/ozone-meta/datanode-7/ratis/09ceb4e8-76c7-4aae-9c6f-7632d0142551 has been successfully formatted.
2024-04-26 07:45:23,352 [00cfc371-235c-47c8-bc9b-47247119d947-groupManagement] WARN  util.FileUtils (LogUtils.java:supplyAndLog(63)) - Failed to Files.newInputStream /home/runner/work/ozone/ozone/hadoop-ozone/integration-test/target/test-dir/MiniOzoneClusterImpl-f8a85056-d908-4111-b8ec-0d6f55fc62ea/ozone-meta/datanode-7/ratis/09ceb4e8-76c7-4aae-9c6f-7632d0142551/current/raft-meta.conf with options []: java.nio.file.NoSuchFileException: /home/runner/work/ozone/ozone/hadoop-ozone/integration-test/target/test-dir/MiniOzoneClusterImpl-f8a85056-d908-4111-b8ec-0d6f55fc62ea/ozone-meta/datanode-7/ratis/09ceb4e8-76c7-4aae-9c6f-7632d0142551/current/raft-meta.conf
2024-04-26 07:45:23,353 [00cfc371-235c-47c8-bc9b-47247119d947-groupManagement] INFO  ratis.ContainerStateMachine (ContainerStateMachine.java:loadSnapshot(287)) - group-7632D0142551: The snapshot info is null. Setting the last applied index to:(t:0, i:~)
2024-04-26 07:45:23,353 [00cfc371-235c-47c8-bc9b-47247119d947-groupManagement] INFO  server.RaftServerConfigKeys (ConfUtils.java:logGet(46)) - raft.server.log.use.memory = false (default)
2024-04-26 07:45:23,353 [00cfc371-235c-47c8-bc9b-47247119d947-groupManagement] INFO  server.RaftServerConfigKeys (ConfUtils.java:logGet(46)) - raft.server.log.purge.gap = 1000000 (custom)
2024-04-26 07:45:23,354 [EventQueue-PipelineReportForPipelineReportHandler] INFO  pipeline.PipelineReportHandler (PipelineReportHandler.java:processPipelineReport(136)) - Opened pipeline PipelineID=09ceb4e8-76c7-4aae-9c6f-7632d0142551
2024-04-26 07:45:23,354 [EventQueue-OpenPipelineForHealthyPipelineSafeModeRule] INFO  safemode.SCMSafeModeManager (HealthyPipelineSafeModeRule.java:process(140)) - SCM in safe mode. Healthy pipelines reported count is 0, required healthy pipeline reported count is 1
2024-04-26 07:45:23,354 [00cfc371-235c-47c8-bc9b-47247119d947-groupManagement] INFO  server.RaftServerConfigKeys (ConfUtils.java:logGet(46)) - raft.server.log.appender.buffer.byte-limit = 8388608 (custom)
2024-04-26 07:45:23,354 [00cfc371-235c-47c8-bc9b-47247119d947-groupManagement] INFO  server.RaftServerConfigKeys (ConfUtils.java:logGet(46)) - raft.server.log.statemachine.data.read.timeout = 1000ms (default)
2024-04-26 07:45:23,354 [00cfc371-235c-47c8-bc9b-47247119d947-groupManagement] INFO  server.RaftServerConfigKeys (ConfUtils.java:logGet(46)) - raft.server.log.purge.preservation.log.num = 0 (default)
2024-04-26 07:45:23,356 [00cfc371-235c-47c8-bc9b-47247119d947-groupManagement] INFO  server.RaftServerConfigKeys (ConfUtils.java:logGet(46)) - raft.server.log.segment.size.max = 67108864 (custom)
2024-04-26 07:45:23,356 [00cfc371-235c-47c8-bc9b-47247119d947-groupManagement] INFO  server.RaftServerConfigKeys (ConfUtils.java:logGet(46)) - raft.server.log.segment.cache.num.max = 2 (custom)
2024-04-26 07:45:23,356 [00cfc371-235c-47c8-bc9b-47247119d947-groupManagement] INFO  server.RaftServerConfigKeys (ConfUtils.java:logGet(46)) - raft.server.log.segment.cache.size.max = 200MB (=209715200) (default)
2024-04-26 07:45:23,356 [00cfc371-235c-47c8-bc9b-47247119d947-groupManagement] INFO  server.RaftServerConfigKeys (ConfUtils.java:logGet(46)) - raft.server.log.appender.buffer.byte-limit = 8388608 (custom)
2024-04-26 07:45:23,357 [00cfc371-235c-47c8-bc9b-47247119d947-groupManagement] INFO  util.AwaitToRun (AwaitToRun.java:start(81)) - Thread[00cfc371-235c-47c8-bc9b-47247119d947@group-7632D0142551-cacheEviction-AwaitToRun,5,main] started
2024-04-26 07:45:23,357 [00cfc371-235c-47c8-bc9b-47247119d947-groupManagement] INFO  segmented.SegmentedRaftLogWorker (SegmentedRaftLogWorker.java:<init>(182)) - new 00cfc371-235c-47c8-bc9b-47247119d947@group-7632D0142551-SegmentedRaftLogWorker for RaftStorageImpl:Storage Directory /home/runner/work/ozone/ozone/hadoop-ozone/integration-test/target/test-dir/MiniOzoneClusterImpl-f8a85056-d908-4111-b8ec-0d6f55fc62ea/ozone-meta/datanode-7/ratis/09ceb4e8-76c7-4aae-9c6f-7632d0142551
2024-04-26 07:45:23,357 [00cfc371-235c-47c8-bc9b-47247119d947-groupManagement] INFO  server.RaftServerConfigKeys (ConfUtils.java:logGet(46)) - raft.server.log.queue.byte-limit = 4294967296 (custom)
2024-04-26 07:45:23,357 [00cfc371-235c-47c8-bc9b-47247119d947-groupManagement] INFO  server.RaftServerConfigKeys (ConfUtils.java:logGet(46)) - raft.server.log.queue.element-limit = 1024 (custom)
2024-04-26 07:45:23,357 [00cfc371-235c-47c8-bc9b-47247119d947-groupManagement] INFO  server.RaftServerConfigKeys (ConfUtils.java:logGet(46)) - raft.server.log.segment.size.max = 67108864 (custom)
2024-04-26 07:45:23,358 [00cfc371-235c-47c8-bc9b-47247119d947-groupManagement] INFO  server.RaftServerConfigKeys (ConfUtils.java:logGet(46)) - raft.server.log.preallocated.size = 4194304 (custom)
2024-04-26 07:45:23,358 [00cfc371-235c-47c8-bc9b-47247119d947-groupManagement] INFO  server.RaftServerConfigKeys (ConfUtils.java:logGet(46)) - raft.server.log.force.sync.num = 128 (default)
2024-04-26 07:45:23,358 [00cfc371-235c-47c8-bc9b-47247119d947-groupManagement] INFO  server.RaftServerConfigKeys (ConfUtils.java:logGet(46)) - raft.server.log.statemachine.data.sync = true (default)
2024-04-26 07:45:23,358 [00cfc371-235c-47c8-bc9b-47247119d947-groupManagement] INFO  server.RaftServerConfigKeys (ConfUtils.java:logGet(46)) - raft.server.log.statemachine.data.sync.timeout = 10s (default)
2024-04-26 07:45:23,358 [00cfc371-235c-47c8-bc9b-47247119d947-groupManagement] INFO  server.RaftServerConfigKeys (ConfUtils.java:logGet(46)) - raft.server.log.statemachine.data.sync.timeout.retry = 30 (custom)
2024-04-26 07:45:23,358 [00cfc371-235c-47c8-bc9b-47247119d947-groupManagement] INFO  server.RaftServerConfigKeys (ConfUtils.java:logGet(46)) - raft.server.log.write.buffer.size = 8388616 (custom)
2024-04-26 07:45:23,360 [00cfc371-235c-47c8-bc9b-47247119d947-groupManagement] INFO  server.RaftServerConfigKeys (ConfUtils.java:logGet(46)) - raft.server.log.appender.buffer.byte-limit = 8388608 (custom)
2024-04-26 07:45:23,360 [00cfc371-235c-47c8-bc9b-47247119d947-groupManagement] INFO  server.RaftServerConfigKeys (ConfUtils.java:logGet(46)) - raft.server.log.unsafe-flush.enabled = false (default)
2024-04-26 07:45:23,360 [00cfc371-235c-47c8-bc9b-47247119d947-groupManagement] INFO  server.RaftServerConfigKeys (ConfUtils.java:logGet(46)) - raft.server.log.async-flush.enabled = false (default)
2024-04-26 07:45:23,360 [00cfc371-235c-47c8-bc9b-47247119d947-groupManagement] INFO  server.RaftServerConfigKeys (ConfUtils.java:logGet(46)) - raft.server.log.statemachine.data.caching.enabled = true (custom)
2024-04-26 07:45:23,360 [00cfc371-235c-47c8-bc9b-47247119d947-groupManagement] INFO  segmented.SegmentedRaftLogWorker (SegmentedRaftLogWorker.java:lambda$new$0(134)) - 00cfc371-235c-47c8-bc9b-47247119d947@group-7632D0142551-SegmentedRaftLogWorker: flushIndex: setUnconditionally 0 -> -1
2024-04-26 07:45:23,360 [00cfc371-235c-47c8-bc9b-47247119d947-groupManagement] INFO  segmented.SegmentedRaftLogWorker (SegmentedRaftLogWorker.java:lambda$new$0(134)) - 00cfc371-235c-47c8-bc9b-47247119d947@group-7632D0142551-SegmentedRaftLogWorker: safeCacheEvictIndex: setUnconditionally 0 -> -1
2024-04-26 07:45:23,364 [00cfc371-235c-47c8-bc9b-47247119d947-groupManagement] INFO  server.RaftServer$Division (RaftServerImpl.java:start(396)) - 00cfc371-235c-47c8-bc9b-47247119d947@group-7632D0142551: start as a follower, conf=-1: peers:[00cfc371-235c-47c8-bc9b-47247119d947|127.0.0.1:15424]|listeners:[], old=null
2024-04-26 07:45:23,365 [00cfc371-235c-47c8-bc9b-47247119d947-groupManagement] INFO  server.RaftServer$Division (RaftServerImpl.java:setRole(383)) - 00cfc371-235c-47c8-bc9b-47247119d947@group-7632D0142551: changes role from      null to FOLLOWER at term 0 for startAsFollower
2024-04-26 07:45:23,365 [00cfc371-235c-47c8-bc9b-47247119d947-groupManagement] INFO  impl.RoleInfo (RoleInfo.java:updateAndGet(139)) - 00cfc371-235c-47c8-bc9b-47247119d947: start 00cfc371-235c-47c8-bc9b-47247119d947@group-7632D0142551-FollowerState
2024-04-26 07:45:23,369 [00cfc371-235c-47c8-bc9b-47247119d947@group-7632D0142551-FollowerState] INFO  server.RaftServerConfigKeys (ConfUtils.java:logFallback(53)) - raft.server.rpc.first-election.timeout.min = 5s (fallback to raft.server.rpc.timeout.min)
2024-04-26 07:45:23,369 [00cfc371-235c-47c8-bc9b-47247119d947-groupManagement] INFO  util.JmxRegister (JmxRegister.java:tryRegister(44)) - Successfully registered JMX Bean with object name Ratis:service=RaftServer,group=group-7632D0142551,id=00cfc371-235c-47c8-bc9b-47247119d947
2024-04-26 07:45:23,369 [00cfc371-235c-47c8-bc9b-47247119d947-groupManagement] INFO  server.RaftServerConfigKeys (ConfUtils.java:logGet(46)) - raft.server.snapshot.trigger-when-stop.enabled = true (default)
2024-04-26 07:45:23,369 [00cfc371-235c-47c8-bc9b-47247119d947-groupManagement] INFO  server.RaftServerConfigKeys (ConfUtils.java:logGet(46)) - raft.server.snapshot.auto.trigger.enabled = true (custom)
2024-04-26 07:45:23,369 [00cfc371-235c-47c8-bc9b-47247119d947-groupManagement] INFO  server.RaftServerConfigKeys (ConfUtils.java:logGet(46)) - raft.server.snapshot.auto.trigger.threshold = 10000 (custom)
2024-04-26 07:45:23,369 [00cfc371-235c-47c8-bc9b-47247119d947-groupManagement] INFO  server.RaftServerConfigKeys (ConfUtils.java:logGet(46)) - raft.server.snapshot.retention.file.num = 5 (custom)
2024-04-26 07:45:23,369 [00cfc371-235c-47c8-bc9b-47247119d947-groupManagement] INFO  server.RaftServerConfigKeys (ConfUtils.java:logGet(46)) - raft.server.log.purge.upto.snapshot.index = false (default)
2024-04-26 07:45:23,369 [00cfc371-235c-47c8-bc9b-47247119d947@group-7632D0142551-FollowerState] INFO  server.RaftServerConfigKeys (ConfUtils.java:logFallback(53)) - raft.server.rpc.first-election.timeout.max = 5200ms (fallback to raft.server.rpc.timeout.max)
2024-04-26 07:45:23,372 [00cfc371-235c-47c8-bc9b-47247119d947-PipelineCommandHandlerThread-0] INFO  ratis.XceiverServerRatis (XceiverServerRatis.java:addGroup(864)) - Created group PipelineID=09ceb4e8-76c7-4aae-9c6f-7632d0142551
2024-04-26 07:45:23,373 [00cfc371-235c-47c8-bc9b-47247119d947-PipelineCommandHandlerThread-0] INFO  commandhandler.CreatePipelineCommandHandler (CreatePipelineCommandHandler.java:lambda$handle$2(124)) - Created Pipeline RATIS ONE PipelineID=09ceb4e8-76c7-4aae-9c6f-7632d0142551.
2024-04-26 07:45:23,373 [00cfc371-235c-47c8-bc9b-47247119d947-PipelineCommandHandlerThread-0] INFO  server.RaftServer (RaftServerProxy.java:addNew(100)) - 00cfc371-235c-47c8-bc9b-47247119d947: addNew group-AC1F55C45F87:[ac5950e9-78e7-4600-acb8-d4807d98be63|127.0.0.1:15442, 00cfc371-235c-47c8-bc9b-47247119d947|127.0.0.1:15424, 80986ccd-c217-439b-b85b-0b259797a488|127.0.0.1:15433] returns group-AC1F55C45F87:java.util.concurrent.CompletableFuture@33354f0b[Not completed]
2024-04-26 07:45:23,374 [00cfc371-235c-47c8-bc9b-47247119d947-groupManagement] INFO  server.RaftServer$Division (RaftServerImpl.java:<init>(256)) - 00cfc371-235c-47c8-bc9b-47247119d947: new RaftServerImpl for group-AC1F55C45F87:[ac5950e9-78e7-4600-acb8-d4807d98be63|127.0.0.1:15442, 00cfc371-235c-47c8-bc9b-47247119d947|127.0.0.1:15424, 80986ccd-c217-439b-b85b-0b259797a488|127.0.0.1:15433] with ContainerStateMachine:uninitialized
2024-04-26 07:45:23,374 [00cfc371-235c-47c8-bc9b-47247119d947-groupManagement] INFO  server.RaftServerConfigKeys (ConfUtils.java:logGet(46)) - raft.server.rpc.timeout.min = 5s (custom)
2024-04-26 07:45:23,374 [00cfc371-235c-47c8-bc9b-47247119d947-groupManagement] INFO  server.RaftServerConfigKeys (ConfUtils.java:logGet(46)) - raft.server.rpc.timeout.max = 5200ms (custom)
2024-04-26 07:45:23,374 [00cfc371-235c-47c8-bc9b-47247119d947-groupManagement] INFO  server.RaftServerConfigKeys (ConfUtils.java:logGet(46)) - raft.server.rpc.sleep.time = 25ms (default)
2024-04-26 07:45:23,374 [00cfc371-235c-47c8-bc9b-47247119d947-groupManagement] INFO  server.RaftServerConfigKeys (ConfUtils.java:logGet(46)) - raft.server.rpc.slowness.timeout = 300000ms (custom)
2024-04-26 07:45:23,374 [00cfc371-235c-47c8-bc9b-47247119d947-groupManagement] INFO  server.RaftServerConfigKeys (ConfUtils.java:logGet(46)) - raft.server.leaderelection.leader.step-down.wait-time = 10s (default)
2024-04-26 07:45:23,374 [00cfc371-235c-47c8-bc9b-47247119d947-groupManagement] INFO  server.RaftServerConfigKeys (ConfUtils.java:logGet(46)) - raft.server.leaderelection.member.majority-add = false (default)
2024-04-26 07:45:23,374 [00cfc371-235c-47c8-bc9b-47247119d947-groupManagement] INFO  server.RaftServerConfigKeys (ConfUtils.java:logGet(46)) - raft.server.sleep.deviation.threshold = 300ms (default)
2024-04-26 07:45:23,374 [00cfc371-235c-47c8-bc9b-47247119d947-groupManagement] INFO  server.RaftServer$Division (ServerState.java:<init>(113)) - 00cfc371-235c-47c8-bc9b-47247119d947@group-AC1F55C45F87: ConfigurationManager, init=-1: peers:[ac5950e9-78e7-4600-acb8-d4807d98be63|127.0.0.1:15442, 00cfc371-235c-47c8-bc9b-47247119d947|127.0.0.1:15424, 80986ccd-c217-439b-b85b-0b259797a488|127.0.0.1:15433]|listeners:[], old=null, confs=<EMPTY_MAP>
2024-04-26 07:45:23,374 [00cfc371-235c-47c8-bc9b-47247119d947-groupManagement] INFO  server.RaftServerConfigKeys (ConfUtils.java:logGet(46)) - raft.server.notification.no-leader.timeout = 300000ms (custom)
2024-04-26 07:45:23,374 [00cfc371-235c-47c8-bc9b-47247119d947-groupManagement] INFO  server.RaftServerConfigKeys (ConfUtils.java:logGet(46)) - raft.server.read.timeout = 10s (default)
2024-04-26 07:45:23,374 [00cfc371-235c-47c8-bc9b-47247119d947-groupManagement] INFO  server.RaftServerConfigKeys (ConfUtils.java:logGet(46)) - raft.server.retrycache.expirytime = 600000ms (custom)
2024-04-26 07:45:23,374 [00cfc371-235c-47c8-bc9b-47247119d947-groupManagement] INFO  server.RaftServerConfigKeys (ConfUtils.java:logGet(46)) - raft.server.retrycache.statistics.expirytime = 100ms (default)
2024-04-26 07:45:23,374 [00cfc371-235c-47c8-bc9b-47247119d947-groupManagement] INFO  server.RaftServerConfigKeys (ConfUtils.java:logGet(46)) - raft.server.read.option = DEFAULT (default)
2024-04-26 07:45:23,374 [00cfc371-235c-47c8-bc9b-47247119d947-groupManagement] INFO  server.RaftServerConfigKeys (ConfUtils.java:logGet(46)) - raft.server.read.read-after-write-consistent.write-index-cache.expiry-time = 60s (default)
2024-04-26 07:45:23,377 [00cfc371-235c-47c8-bc9b-47247119d947-groupManagement] INFO  server.RaftServerConfigKeys (ConfUtils.java:logGet(46)) - raft.server.rpc.request.timeout = 3000ms (default)
2024-04-26 07:45:23,377 [00cfc371-235c-47c8-bc9b-47247119d947-groupManagement] INFO  server.RaftServerConfigKeys (ConfUtils.java:logGet(46)) - raft.server.log.appender.install.snapshot.enabled = false (custom)
2024-04-26 07:45:23,377 [00cfc371-235c-47c8-bc9b-47247119d947-groupManagement] INFO  server.RaftServerConfigKeys (ConfUtils.java:logGet(46)) - raft.server.threadpool.server.cached = true (default)
2024-04-26 07:45:23,377 [00cfc371-235c-47c8-bc9b-47247119d947-groupManagement] INFO  server.RaftServerConfigKeys (ConfUtils.java:logGet(46)) - raft.server.threadpool.server.size = 0 (default)
2024-04-26 07:45:23,377 [00cfc371-235c-47c8-bc9b-47247119d947-groupManagement] INFO  server.RaftServerConfigKeys (ConfUtils.java:logGet(46)) - raft.server.threadpool.client.cached = true (default)
2024-04-26 07:45:23,377 [00cfc371-235c-47c8-bc9b-47247119d947-groupManagement] INFO  server.RaftServerConfigKeys (ConfUtils.java:logGet(46)) - raft.server.threadpool.client.size = 0 (default)
2024-04-26 07:45:23,377 [00cfc371-235c-47c8-bc9b-47247119d947-groupManagement] INFO  server.RaftServerConfigKeys (ConfUtils.java:logGet(46)) - raft.server.storage.free-space.min = 0MB (=0) (default)
2024-04-26 07:45:23,377 [00cfc371-235c-47c8-bc9b-47247119d947-groupManagement] INFO  server.RaftServerConfigKeys (ConfUtils.java:logGet(46)) - raft.server.log.corruption.policy = EXCEPTION (default)
2024-04-26 07:45:23,377 [00cfc371-235c-47c8-bc9b-47247119d947-groupManagement] INFO  server.RaftServerConfigKeys (ConfUtils.java:logGet(46)) - raft.server.storage.dir = [/home/runner/work/ozone/ozone/hadoop-ozone/integration-test/target/test-dir/MiniOzoneClusterImpl-f8a85056-d908-4111-b8ec-0d6f55fc62ea/ozone-meta/datanode-7/ratis] (custom)
2024-04-26 07:45:23,378 [00cfc371-235c-47c8-bc9b-47247119d947-groupManagement] INFO  storage.RaftStorageDirectory (RaftStorageDirectoryImpl.java:analyzeStorage(138)) - The storage directory /home/runner/work/ozone/ozone/hadoop-ozone/integration-test/target/test-dir/MiniOzoneClusterImpl-f8a85056-d908-4111-b8ec-0d6f55fc62ea/ozone-meta/datanode-7/ratis/88fe2527-0b70-47e4-af82-ac1f55c45f87 does not exist. Creating ...
2024-04-26 07:45:23,378 [00cfc371-235c-47c8-bc9b-47247119d947-groupManagement] INFO  storage.RaftStorageDirectory (RaftStorageDirectoryImpl.java:tryLock(228)) - Lock on /home/runner/work/ozone/ozone/hadoop-ozone/integration-test/target/test-dir/MiniOzoneClusterImpl-f8a85056-d908-4111-b8ec-0d6f55fc62ea/ozone-meta/datanode-7/ratis/88fe2527-0b70-47e4-af82-ac1f55c45f87/in_use.lock acquired by nodename 21422@fv-az1107-628
2024-04-26 07:45:23,380 [00cfc371-235c-47c8-bc9b-47247119d947-groupManagement] INFO  storage.RaftStorage (RaftStorageImpl.java:format(99)) - Storage directory /home/runner/work/ozone/ozone/hadoop-ozone/integration-test/target/test-dir/MiniOzoneClusterImpl-f8a85056-d908-4111-b8ec-0d6f55fc62ea/ozone-meta/datanode-7/ratis/88fe2527-0b70-47e4-af82-ac1f55c45f87 has been successfully formatted.
2024-04-26 07:45:23,381 [00cfc371-235c-47c8-bc9b-47247119d947-groupManagement] WARN  util.FileUtils (LogUtils.java:supplyAndLog(63)) - Failed to Files.newInputStream /home/runner/work/ozone/ozone/hadoop-ozone/integration-test/target/test-dir/MiniOzoneClusterImpl-f8a85056-d908-4111-b8ec-0d6f55fc62ea/ozone-meta/datanode-7/ratis/88fe2527-0b70-47e4-af82-ac1f55c45f87/current/raft-meta.conf with options []: java.nio.file.NoSuchFileException: /home/runner/work/ozone/ozone/hadoop-ozone/integration-test/target/test-dir/MiniOzoneClusterImpl-f8a85056-d908-4111-b8ec-0d6f55fc62ea/ozone-meta/datanode-7/ratis/88fe2527-0b70-47e4-af82-ac1f55c45f87/current/raft-meta.conf
2024-04-26 07:45:23,381 [00cfc371-235c-47c8-bc9b-47247119d947-groupManagement] INFO  ratis.ContainerStateMachine (ContainerStateMachine.java:loadSnapshot(287)) - group-AC1F55C45F87: The snapshot info is null. Setting the last applied index to:(t:0, i:~)
2024-04-26 07:45:23,381 [00cfc371-235c-47c8-bc9b-47247119d947-groupManagement] INFO  server.RaftServerConfigKeys (ConfUtils.java:logGet(46)) - raft.server.log.use.memory = false (default)
2024-04-26 07:45:23,381 [00cfc371-235c-47c8-bc9b-47247119d947-groupManagement] INFO  server.RaftServerConfigKeys (ConfUtils.java:logGet(46)) - raft.server.log.purge.gap = 1000000 (custom)
2024-04-26 07:45:23,381 [00cfc371-235c-47c8-bc9b-47247119d947-groupManagement] INFO  server.RaftServerConfigKeys (ConfUtils.java:logGet(46)) - raft.server.log.appender.buffer.byte-limit = 8388608 (custom)
2024-04-26 07:45:23,381 [00cfc371-235c-47c8-bc9b-47247119d947-groupManagement] INFO  server.RaftServerConfigKeys (ConfUtils.java:logGet(46)) - raft.server.log.statemachine.data.read.timeout = 1000ms (default)
2024-04-26 07:45:23,381 [00cfc371-235c-47c8-bc9b-47247119d947-groupManagement] INFO  server.RaftServerConfigKeys (ConfUtils.java:logGet(46)) - raft.server.log.purge.preservation.log.num = 0 (default)
2024-04-26 07:45:23,382 [EventQueue-OpenPipelineForHealthyPipelineSafeModeRule] INFO  safemode.SCMSafeModeManager (HealthyPipelineSafeModeRule.java:process(140)) - SCM in safe mode. Healthy pipelines reported count is 0, required healthy pipeline reported count is 1
2024-04-26 07:45:23,383 [00cfc371-235c-47c8-bc9b-47247119d947-groupManagement] INFO  server.RaftServerConfigKeys (ConfUtils.java:logGet(46)) - raft.server.log.segment.size.max = 67108864 (custom)
2024-04-26 07:45:23,383 [00cfc371-235c-47c8-bc9b-47247119d947-groupManagement] INFO  server.RaftServerConfigKeys (ConfUtils.java:logGet(46)) - raft.server.log.segment.cache.num.max = 2 (custom)
2024-04-26 07:45:23,383 [00cfc371-235c-47c8-bc9b-47247119d947-groupManagement] INFO  server.RaftServerConfigKeys (ConfUtils.java:logGet(46)) - raft.server.log.segment.cache.size.max = 200MB (=209715200) (default)
2024-04-26 07:45:23,383 [00cfc371-235c-47c8-bc9b-47247119d947-groupManagement] INFO  server.RaftServerConfigKeys (ConfUtils.java:logGet(46)) - raft.server.log.appender.buffer.byte-limit = 8388608 (custom)
2024-04-26 07:45:23,384 [00cfc371-235c-47c8-bc9b-47247119d947-groupManagement] INFO  util.AwaitToRun (AwaitToRun.java:start(81)) - Thread[00cfc371-235c-47c8-bc9b-47247119d947@group-AC1F55C45F87-cacheEviction-AwaitToRun,5,main] started
2024-04-26 07:45:23,384 [00cfc371-235c-47c8-bc9b-47247119d947-groupManagement] INFO  segmented.SegmentedRaftLogWorker (SegmentedRaftLogWorker.java:<init>(182)) - new 00cfc371-235c-47c8-bc9b-47247119d947@group-AC1F55C45F87-SegmentedRaftLogWorker for RaftStorageImpl:Storage Directory /home/runner/work/ozone/ozone/hadoop-ozone/integration-test/target/test-dir/MiniOzoneClusterImpl-f8a85056-d908-4111-b8ec-0d6f55fc62ea/ozone-meta/datanode-7/ratis/88fe2527-0b70-47e4-af82-ac1f55c45f87
2024-04-26 07:45:23,385 [00cfc371-235c-47c8-bc9b-47247119d947-groupManagement] INFO  server.RaftServerConfigKeys (ConfUtils.java:logGet(46)) - raft.server.log.queue.byte-limit = 4294967296 (custom)
2024-04-26 07:45:23,385 [00cfc371-235c-47c8-bc9b-47247119d947-groupManagement] INFO  server.RaftServerConfigKeys (ConfUtils.java:logGet(46)) - raft.server.log.queue.element-limit = 1024 (custom)
2024-04-26 07:45:23,385 [00cfc371-235c-47c8-bc9b-47247119d947-groupManagement] INFO  server.RaftServerConfigKeys (ConfUtils.java:logGet(46)) - raft.server.log.segment.size.max = 67108864 (custom)
2024-04-26 07:45:23,385 [00cfc371-235c-47c8-bc9b-47247119d947-groupManagement] INFO  server.RaftServerConfigKeys (ConfUtils.java:logGet(46)) - raft.server.log.preallocated.size = 4194304 (custom)
2024-04-26 07:45:23,385 [00cfc371-235c-47c8-bc9b-47247119d947-groupManagement] INFO  server.RaftServerConfigKeys (ConfUtils.java:logGet(46)) - raft.server.log.force.sync.num = 128 (default)
2024-04-26 07:45:23,385 [00cfc371-235c-47c8-bc9b-47247119d947-groupManagement] INFO  server.RaftServerConfigKeys (ConfUtils.java:logGet(46)) - raft.server.log.statemachine.data.sync = true (default)
2024-04-26 07:45:23,385 [00cfc371-235c-47c8-bc9b-47247119d947-groupManagement] INFO  server.RaftServerConfigKeys (ConfUtils.java:logGet(46)) - raft.server.log.statemachine.data.sync.timeout = 10s (default)
2024-04-26 07:45:23,385 [00cfc371-235c-47c8-bc9b-47247119d947-groupManagement] INFO  server.RaftServerConfigKeys (ConfUtils.java:logGet(46)) - raft.server.log.statemachine.data.sync.timeout.retry = 30 (custom)
2024-04-26 07:45:23,385 [00cfc371-235c-47c8-bc9b-47247119d947-groupManagement] INFO  server.RaftServerConfigKeys (ConfUtils.java:logGet(46)) - raft.server.log.write.buffer.size = 8388616 (custom)
2024-04-26 07:45:23,387 [00cfc371-235c-47c8-bc9b-47247119d947-groupManagement] INFO  server.RaftServerConfigKeys (ConfUtils.java:logGet(46)) - raft.server.log.appender.buffer.byte-limit = 8388608 (custom)
2024-04-26 07:45:23,387 [00cfc371-235c-47c8-bc9b-47247119d947-groupManagement] INFO  server.RaftServerConfigKeys (ConfUtils.java:logGet(46)) - raft.server.log.unsafe-flush.enabled = false (default)
2024-04-26 07:45:23,387 [00cfc371-235c-47c8-bc9b-47247119d947-groupManagement] INFO  server.RaftServerConfigKeys (ConfUtils.java:logGet(46)) - raft.server.log.async-flush.enabled = false (default)
2024-04-26 07:45:23,387 [00cfc371-235c-47c8-bc9b-47247119d947-groupManagement] INFO  server.RaftServerConfigKeys (ConfUtils.java:logGet(46)) - raft.server.log.statemachine.data.caching.enabled = true (custom)
2024-04-26 07:45:23,387 [00cfc371-235c-47c8-bc9b-47247119d947-groupManagement] INFO  segmented.SegmentedRaftLogWorker (SegmentedRaftLogWorker.java:lambda$new$0(134)) - 00cfc371-235c-47c8-bc9b-47247119d947@group-AC1F55C45F87-SegmentedRaftLogWorker: flushIndex: setUnconditionally 0 -> -1
2024-04-26 07:45:23,387 [00cfc371-235c-47c8-bc9b-47247119d947-groupManagement] INFO  segmented.SegmentedRaftLogWorker (SegmentedRaftLogWorker.java:lambda$new$0(134)) - 00cfc371-235c-47c8-bc9b-47247119d947@group-AC1F55C45F87-SegmentedRaftLogWorker: safeCacheEvictIndex: setUnconditionally 0 -> -1
2024-04-26 07:45:23,388 [00cfc371-235c-47c8-bc9b-47247119d947-groupManagement] INFO  server.RaftServer$Division (RaftServerImpl.java:start(396)) - 00cfc371-235c-47c8-bc9b-47247119d947@group-AC1F55C45F87: start as a follower, conf=-1: peers:[ac5950e9-78e7-4600-acb8-d4807d98be63|127.0.0.1:15442, 00cfc371-235c-47c8-bc9b-47247119d947|127.0.0.1:15424, 80986ccd-c217-439b-b85b-0b259797a488|127.0.0.1:15433]|listeners:[], old=null
2024-04-26 07:45:23,389 [00cfc371-235c-47c8-bc9b-47247119d947-groupManagement] INFO  server.RaftServer$Division (RaftServerImpl.java:setRole(383)) - 00cfc371-235c-47c8-bc9b-47247119d947@group-AC1F55C45F87: changes role from      null to FOLLOWER at term 0 for startAsFollower
2024-04-26 07:45:23,389 [00cfc371-235c-47c8-bc9b-47247119d947-groupManagement] INFO  impl.RoleInfo (RoleInfo.java:updateAndGet(139)) - 00cfc371-235c-47c8-bc9b-47247119d947: start 00cfc371-235c-47c8-bc9b-47247119d947@group-AC1F55C45F87-FollowerState
2024-04-26 07:45:23,391 [00cfc371-235c-47c8-bc9b-47247119d947@group-AC1F55C45F87-FollowerState] INFO  server.RaftServerConfigKeys (ConfUtils.java:logFallback(53)) - raft.server.rpc.first-election.timeout.min = 5s (fallback to raft.server.rpc.timeout.min)
2024-04-26 07:45:23,391 [00cfc371-235c-47c8-bc9b-47247119d947-groupManagement] INFO  util.JmxRegister (JmxRegister.java:tryRegister(44)) - Successfully registered JMX Bean with object name Ratis:service=RaftServer,group=group-AC1F55C45F87,id=00cfc371-235c-47c8-bc9b-47247119d947
2024-04-26 07:45:23,392 [00cfc371-235c-47c8-bc9b-47247119d947-groupManagement] INFO  server.RaftServerConfigKeys (ConfUtils.java:logGet(46)) - raft.server.snapshot.trigger-when-stop.enabled = true (default)
2024-04-26 07:45:23,392 [00cfc371-235c-47c8-bc9b-47247119d947-groupManagement] INFO  server.RaftServerConfigKeys (ConfUtils.java:logGet(46)) - raft.server.snapshot.auto.trigger.enabled = true (custom)
2024-04-26 07:45:23,392 [00cfc371-235c-47c8-bc9b-47247119d947-groupManagement] INFO  server.RaftServerConfigKeys (ConfUtils.java:logGet(46)) - raft.server.snapshot.auto.trigger.threshold = 10000 (custom)
2024-04-26 07:45:23,392 [00cfc371-235c-47c8-bc9b-47247119d947-groupManagement] INFO  server.RaftServerConfigKeys (ConfUtils.java:logGet(46)) - raft.server.snapshot.retention.file.num = 5 (custom)
2024-04-26 07:45:23,392 [00cfc371-235c-47c8-bc9b-47247119d947-groupManagement] INFO  server.RaftServerConfigKeys (ConfUtils.java:logGet(46)) - raft.server.log.purge.upto.snapshot.index = false (default)
2024-04-26 07:45:23,392 [00cfc371-235c-47c8-bc9b-47247119d947@group-AC1F55C45F87-FollowerState] INFO  server.RaftServerConfigKeys (ConfUtils.java:logFallback(53)) - raft.server.rpc.first-election.timeout.max = 5200ms (fallback to raft.server.rpc.timeout.max)
2024-04-26 07:45:23,397 [00cfc371-235c-47c8-bc9b-47247119d947-PipelineCommandHandlerThread-0] INFO  ratis.XceiverServerRatis (XceiverServerRatis.java:addGroup(864)) - Created group PipelineID=88fe2527-0b70-47e4-af82-ac1f55c45f87
2024-04-26 07:45:23,405 [80986ccd-c217-439b-b85b-0b259797a488-PipelineCommandHandlerThread-0] INFO  server.RaftServer (RaftServerProxy.java:addNew(100)) - 80986ccd-c217-439b-b85b-0b259797a488: addNew group-70705423EFD3:[80986ccd-c217-439b-b85b-0b259797a488|127.0.0.1:15433] returns group-70705423EFD3:java.util.concurrent.CompletableFuture@f7e8d07[Not completed]
2024-04-26 07:45:23,406 [80986ccd-c217-439b-b85b-0b259797a488-groupManagement] INFO  server.RaftServer$Division (RaftServerImpl.java:<init>(256)) - 80986ccd-c217-439b-b85b-0b259797a488: new RaftServerImpl for group-70705423EFD3:[80986ccd-c217-439b-b85b-0b259797a488|127.0.0.1:15433] with ContainerStateMachine:uninitialized
2024-04-26 07:45:23,406 [grpc-default-executor-2] INFO  server.RaftServer (RaftServerProxy.java:addNew(100)) - ac5950e9-78e7-4600-acb8-d4807d98be63: addNew group-AC1F55C45F87:[ac5950e9-78e7-4600-acb8-d4807d98be63|127.0.0.1:15442, 00cfc371-235c-47c8-bc9b-47247119d947|127.0.0.1:15424, 80986ccd-c217-439b-b85b-0b259797a488|127.0.0.1:15433] returns group-AC1F55C45F87:java.util.concurrent.CompletableFuture@a62cfb6[Not completed]
2024-04-26 07:45:23,406 [80986ccd-c217-439b-b85b-0b259797a488-groupManagement] INFO  server.RaftServerConfigKeys (ConfUtils.java:logGet(46)) - raft.server.rpc.timeout.min = 5s (custom)
2024-04-26 07:45:23,407 [80986ccd-c217-439b-b85b-0b259797a488-groupManagement] INFO  server.RaftServerConfigKeys (ConfUtils.java:logGet(46)) - raft.server.rpc.timeout.max = 5200ms (custom)
2024-04-26 07:45:23,407 [80986ccd-c217-439b-b85b-0b259797a488-groupManagement] INFO  server.RaftServerConfigKeys (ConfUtils.java:logGet(46)) - raft.server.rpc.sleep.time = 25ms (default)
2024-04-26 07:45:23,407 [80986ccd-c217-439b-b85b-0b259797a488-groupManagement] INFO  server.RaftServerConfigKeys (ConfUtils.java:logGet(46)) - raft.server.rpc.slowness.timeout = 300000ms (custom)
2024-04-26 07:45:23,408 [80986ccd-c217-439b-b85b-0b259797a488-groupManagement] INFO  server.RaftServerConfigKeys (ConfUtils.java:logGet(46)) - raft.server.leaderelection.leader.step-down.wait-time = 10s (default)
2024-04-26 07:45:23,407 [ac5950e9-78e7-4600-acb8-d4807d98be63-groupManagement] INFO  server.RaftServer$Division (RaftServerImpl.java:<init>(256)) - ac5950e9-78e7-4600-acb8-d4807d98be63: new RaftServerImpl for group-AC1F55C45F87:[ac5950e9-78e7-4600-acb8-d4807d98be63|127.0.0.1:15442, 00cfc371-235c-47c8-bc9b-47247119d947|127.0.0.1:15424, 80986ccd-c217-439b-b85b-0b259797a488|127.0.0.1:15433] with ContainerStateMachine:uninitialized
2024-04-26 07:45:23,408 [ac5950e9-78e7-4600-acb8-d4807d98be63-groupManagement] INFO  server.RaftServerConfigKeys (ConfUtils.java:logGet(46)) - raft.server.rpc.timeout.min = 5s (custom)
2024-04-26 07:45:23,408 [ac5950e9-78e7-4600-acb8-d4807d98be63-groupManagement] INFO  server.RaftServerConfigKeys (ConfUtils.java:logGet(46)) - raft.server.rpc.timeout.max = 5200ms (custom)
2024-04-26 07:45:23,408 [ac5950e9-78e7-4600-acb8-d4807d98be63-groupManagement] INFO  server.RaftServerConfigKeys (ConfUtils.java:logGet(46)) - raft.server.rpc.sleep.time = 25ms (default)
2024-04-26 07:45:23,408 [ac5950e9-78e7-4600-acb8-d4807d98be63-groupManagement] INFO  server.RaftServerConfigKeys (ConfUtils.java:logGet(46)) - raft.server.rpc.slowness.timeout = 300000ms (custom)
2024-04-26 07:45:23,408 [ac5950e9-78e7-4600-acb8-d4807d98be63-groupManagement] INFO  server.RaftServerConfigKeys (ConfUtils.java:logGet(46)) - raft.server.leaderelection.leader.step-down.wait-time = 10s (default)
2024-04-26 07:45:23,408 [ac5950e9-78e7-4600-acb8-d4807d98be63-groupManagement] INFO  server.RaftServerConfigKeys (ConfUtils.java:logGet(46)) - raft.server.leaderelection.member.majority-add = false (default)
2024-04-26 07:45:23,408 [ac5950e9-78e7-4600-acb8-d4807d98be63-groupManagement] INFO  server.RaftServerConfigKeys (ConfUtils.java:logGet(46)) - raft.server.sleep.deviation.threshold = 300ms (default)
2024-04-26 07:45:23,408 [80986ccd-c217-439b-b85b-0b259797a488-groupManagement] INFO  server.RaftServerConfigKeys (ConfUtils.java:logGet(46)) - raft.server.leaderelection.member.majority-add = false (default)
2024-04-26 07:45:23,409 [80986ccd-c217-439b-b85b-0b259797a488-groupManagement] INFO  server.RaftServerConfigKeys (ConfUtils.java:logGet(46)) - raft.server.sleep.deviation.threshold = 300ms (default)
2024-04-26 07:45:23,408 [ac5950e9-78e7-4600-acb8-d4807d98be63-groupManagement] INFO  server.RaftServer$Division (ServerState.java:<init>(113)) - ac5950e9-78e7-4600-acb8-d4807d98be63@group-AC1F55C45F87: ConfigurationManager, init=-1: peers:[ac5950e9-78e7-4600-acb8-d4807d98be63|127.0.0.1:15442, 00cfc371-235c-47c8-bc9b-47247119d947|127.0.0.1:15424, 80986ccd-c217-439b-b85b-0b259797a488|127.0.0.1:15433]|listeners:[], old=null, confs=<EMPTY_MAP>
2024-04-26 07:45:23,409 [ac5950e9-78e7-4600-acb8-d4807d98be63-groupManagement] INFO  server.RaftServerConfigKeys (ConfUtils.java:logGet(46)) - raft.server.notification.no-leader.timeout = 300000ms (custom)
2024-04-26 07:45:23,409 [ac5950e9-78e7-4600-acb8-d4807d98be63-groupManagement] INFO  server.RaftServerConfigKeys (ConfUtils.java:logGet(46)) - raft.server.read.timeout = 10s (default)
2024-04-26 07:45:23,409 [ac5950e9-78e7-4600-acb8-d4807d98be63-groupManagement] INFO  server.RaftServerConfigKeys (ConfUtils.java:logGet(46)) - raft.server.retrycache.expirytime = 600000ms (custom)
2024-04-26 07:45:23,409 [ac5950e9-78e7-4600-acb8-d4807d98be63-groupManagement] INFO  server.RaftServerConfigKeys (ConfUtils.java:logGet(46)) - raft.server.retrycache.statistics.expirytime = 100ms (default)
2024-04-26 07:45:23,409 [80986ccd-c217-439b-b85b-0b259797a488-groupManagement] INFO  server.RaftServer$Division (ServerState.java:<init>(113)) - 80986ccd-c217-439b-b85b-0b259797a488@group-70705423EFD3: ConfigurationManager, init=-1: peers:[80986ccd-c217-439b-b85b-0b259797a488|127.0.0.1:15433]|listeners:[], old=null, confs=<EMPTY_MAP>
2024-04-26 07:45:23,409 [ac5950e9-78e7-4600-acb8-d4807d98be63-groupManagement] INFO  server.RaftServerConfigKeys (ConfUtils.java:logGet(46)) - raft.server.read.option = DEFAULT (default)
2024-04-26 07:45:23,410 [ac5950e9-78e7-4600-acb8-d4807d98be63-groupManagement] INFO  server.RaftServerConfigKeys (ConfUtils.java:logGet(46)) - raft.server.read.read-after-write-consistent.write-index-cache.expiry-time = 60s (default)
2024-04-26 07:45:23,410 [80986ccd-c217-439b-b85b-0b259797a488-groupManagement] INFO  server.RaftServerConfigKeys (ConfUtils.java:logGet(46)) - raft.server.notification.no-leader.timeout = 300000ms (custom)
2024-04-26 07:45:23,410 [80986ccd-c217-439b-b85b-0b259797a488-groupManagement] INFO  server.RaftServerConfigKeys (ConfUtils.java:logGet(46)) - raft.server.read.timeout = 10s (default)
2024-04-26 07:45:23,410 [80986ccd-c217-439b-b85b-0b259797a488-groupManagement] INFO  server.RaftServerConfigKeys (ConfUtils.java:logGet(46)) - raft.server.retrycache.expirytime = 600000ms (custom)
2024-04-26 07:45:23,411 [80986ccd-c217-439b-b85b-0b259797a488-groupManagement] INFO  server.RaftServerConfigKeys (ConfUtils.java:logGet(46)) - raft.server.retrycache.statistics.expirytime = 100ms (default)
2024-04-26 07:45:23,411 [80986ccd-c217-439b-b85b-0b259797a488-groupManagement] INFO  server.RaftServerConfigKeys (ConfUtils.java:logGet(46)) - raft.server.read.option = DEFAULT (default)
2024-04-26 07:45:23,411 [80986ccd-c217-439b-b85b-0b259797a488-groupManagement] INFO  server.RaftServerConfigKeys (ConfUtils.java:logGet(46)) - raft.server.read.read-after-write-consistent.write-index-cache.expiry-time = 60s (default)
2024-04-26 07:45:23,413 [ac5950e9-78e7-4600-acb8-d4807d98be63-groupManagement] INFO  server.RaftServerConfigKeys (ConfUtils.java:logGet(46)) - raft.server.rpc.request.timeout = 3000ms (default)
2024-04-26 07:45:23,413 [ac5950e9-78e7-4600-acb8-d4807d98be63-groupManagement] INFO  server.RaftServerConfigKeys (ConfUtils.java:logGet(46)) - raft.server.log.appender.install.snapshot.enabled = false (custom)
2024-04-26 07:45:23,414 [ac5950e9-78e7-4600-acb8-d4807d98be63-groupManagement] INFO  server.RaftServerConfigKeys (ConfUtils.java:logGet(46)) - raft.server.threadpool.server.cached = true (default)
2024-04-26 07:45:23,414 [ac5950e9-78e7-4600-acb8-d4807d98be63-groupManagement] INFO  server.RaftServerConfigKeys (ConfUtils.java:logGet(46)) - raft.server.threadpool.server.size = 0 (default)
2024-04-26 07:45:23,414 [ac5950e9-78e7-4600-acb8-d4807d98be63-groupManagement] INFO  server.RaftServerConfigKeys (ConfUtils.java:logGet(46)) - raft.server.threadpool.client.cached = true (default)
2024-04-26 07:45:23,414 [ac5950e9-78e7-4600-acb8-d4807d98be63-groupManagement] INFO  server.RaftServerConfigKeys (ConfUtils.java:logGet(46)) - raft.server.threadpool.client.size = 0 (default)
2024-04-26 07:45:23,414 [ac5950e9-78e7-4600-acb8-d4807d98be63-groupManagement] INFO  server.RaftServerConfigKeys (ConfUtils.java:logGet(46)) - raft.server.storage.free-space.min = 0MB (=0) (default)
2024-04-26 07:45:23,414 [ac5950e9-78e7-4600-acb8-d4807d98be63-groupManagement] INFO  server.RaftServerConfigKeys (ConfUtils.java:logGet(46)) - raft.server.log.corruption.policy = EXCEPTION (default)
2024-04-26 07:45:23,414 [ac5950e9-78e7-4600-acb8-d4807d98be63-groupManagement] INFO  server.RaftServerConfigKeys (ConfUtils.java:logGet(46)) - raft.server.storage.dir = [/home/runner/work/ozone/ozone/hadoop-ozone/integration-test/target/test-dir/MiniOzoneClusterImpl-f8a85056-d908-4111-b8ec-0d6f55fc62ea/ozone-meta/datanode-9/ratis] (custom)
2024-04-26 07:45:23,414 [ac5950e9-78e7-4600-acb8-d4807d98be63-groupManagement] INFO  storage.RaftStorageDirectory (RaftStorageDirectoryImpl.java:analyzeStorage(138)) - The storage directory /home/runner/work/ozone/ozone/hadoop-ozone/integration-test/target/test-dir/MiniOzoneClusterImpl-f8a85056-d908-4111-b8ec-0d6f55fc62ea/ozone-meta/datanode-9/ratis/88fe2527-0b70-47e4-af82-ac1f55c45f87 does not exist. Creating ...
2024-04-26 07:45:23,415 [ac5950e9-78e7-4600-acb8-d4807d98be63-groupManagement] INFO  storage.RaftStorageDirectory (RaftStorageDirectoryImpl.java:tryLock(228)) - Lock on /home/runner/work/ozone/ozone/hadoop-ozone/integration-test/target/test-dir/MiniOzoneClusterImpl-f8a85056-d908-4111-b8ec-0d6f55fc62ea/ozone-meta/datanode-9/ratis/88fe2527-0b70-47e4-af82-ac1f55c45f87/in_use.lock acquired by nodename 21422@fv-az1107-628
2024-04-26 07:45:23,416 [80986ccd-c217-439b-b85b-0b259797a488-groupManagement] INFO  server.RaftServerConfigKeys (ConfUtils.java:logGet(46)) - raft.server.rpc.request.timeout = 3000ms (default)
2024-04-26 07:45:23,416 [80986ccd-c217-439b-b85b-0b259797a488-groupManagement] INFO  server.RaftServerConfigKeys (ConfUtils.java:logGet(46)) - raft.server.log.appender.install.snapshot.enabled = false (custom)
2024-04-26 07:45:23,416 [80986ccd-c217-439b-b85b-0b259797a488-groupManagement] INFO  server.RaftServerConfigKeys (ConfUtils.java:logGet(46)) - raft.server.threadpool.server.cached = true (default)
2024-04-26 07:45:23,416 [80986ccd-c217-439b-b85b-0b259797a488-groupManagement] INFO  server.RaftServerConfigKeys (ConfUtils.java:logGet(46)) - raft.server.threadpool.server.size = 0 (default)
2024-04-26 07:45:23,416 [ac5950e9-78e7-4600-acb8-d4807d98be63-groupManagement] INFO  storage.RaftStorage (RaftStorageImpl.java:format(99)) - Storage directory /home/runner/work/ozone/ozone/hadoop-ozone/integration-test/target/test-dir/MiniOzoneClusterImpl-f8a85056-d908-4111-b8ec-0d6f55fc62ea/ozone-meta/datanode-9/ratis/88fe2527-0b70-47e4-af82-ac1f55c45f87 has been successfully formatted.
2024-04-26 07:45:23,417 [80986ccd-c217-439b-b85b-0b259797a488-groupManagement] INFO  server.RaftServerConfigKeys (ConfUtils.java:logGet(46)) - raft.server.threadpool.client.cached = true (default)
2024-04-26 07:45:23,417 [80986ccd-c217-439b-b85b-0b259797a488-groupManagement] INFO  server.RaftServerConfigKeys (ConfUtils.java:logGet(46)) - raft.server.threadpool.client.size = 0 (default)
2024-04-26 07:45:23,417 [ac5950e9-78e7-4600-acb8-d4807d98be63-groupManagement] WARN  util.FileUtils (LogUtils.java:supplyAndLog(63)) - Failed to Files.newInputStream /home/runner/work/ozone/ozone/hadoop-ozone/integration-test/target/test-dir/MiniOzoneClusterImpl-f8a85056-d908-4111-b8ec-0d6f55fc62ea/ozone-meta/datanode-9/ratis/88fe2527-0b70-47e4-af82-ac1f55c45f87/current/raft-meta.conf with options []: java.nio.file.NoSuchFileException: /home/runner/work/ozone/ozone/hadoop-ozone/integration-test/target/test-dir/MiniOzoneClusterImpl-f8a85056-d908-4111-b8ec-0d6f55fc62ea/ozone-meta/datanode-9/ratis/88fe2527-0b70-47e4-af82-ac1f55c45f87/current/raft-meta.conf
2024-04-26 07:45:23,417 [80986ccd-c217-439b-b85b-0b259797a488-groupManagement] INFO  server.RaftServerConfigKeys (ConfUtils.java:logGet(46)) - raft.server.storage.free-space.min = 0MB (=0) (default)
2024-04-26 07:45:23,418 [80986ccd-c217-439b-b85b-0b259797a488-groupManagement] INFO  server.RaftServerConfigKeys (ConfUtils.java:logGet(46)) - raft.server.log.corruption.policy = EXCEPTION (default)
2024-04-26 07:45:23,418 [80986ccd-c217-439b-b85b-0b259797a488-groupManagement] INFO  server.RaftServerConfigKeys (ConfUtils.java:logGet(46)) - raft.server.storage.dir = [/home/runner/work/ozone/ozone/hadoop-ozone/integration-test/target/test-dir/MiniOzoneClusterImpl-f8a85056-d908-4111-b8ec-0d6f55fc62ea/ozone-meta/datanode-8/ratis] (custom)
2024-04-26 07:45:23,418 [ac5950e9-78e7-4600-acb8-d4807d98be63-groupManagement] INFO  ratis.ContainerStateMachine (ContainerStateMachine.java:loadSnapshot(287)) - group-AC1F55C45F87: The snapshot info is null. Setting the last applied index to:(t:0, i:~)
2024-04-26 07:45:23,419 [ac5950e9-78e7-4600-acb8-d4807d98be63-groupManagement] INFO  server.RaftServerConfigKeys (ConfUtils.java:logGet(46)) - raft.server.log.use.memory = false (default)
2024-04-26 07:45:23,419 [80986ccd-c217-439b-b85b-0b259797a488-groupManagement] INFO  storage.RaftStorageDirectory (RaftStorageDirectoryImpl.java:analyzeStorage(138)) - The storage directory /home/runner/work/ozone/ozone/hadoop-ozone/integration-test/target/test-dir/MiniOzoneClusterImpl-f8a85056-d908-4111-b8ec-0d6f55fc62ea/ozone-meta/datanode-8/ratis/a8217075-1133-4cf1-83f1-70705423efd3 does not exist. Creating ...
2024-04-26 07:45:23,419 [ac5950e9-78e7-4600-acb8-d4807d98be63-groupManagement] INFO  server.RaftServerConfigKeys (ConfUtils.java:logGet(46)) - raft.server.log.purge.gap = 1000000 (custom)
2024-04-26 07:45:23,419 [ac5950e9-78e7-4600-acb8-d4807d98be63-groupManagement] INFO  server.RaftServerConfigKeys (ConfUtils.java:logGet(46)) - raft.server.log.appender.buffer.byte-limit = 8388608 (custom)
2024-04-26 07:45:23,419 [ac5950e9-78e7-4600-acb8-d4807d98be63-groupManagement] INFO  server.RaftServerConfigKeys (ConfUtils.java:logGet(46)) - raft.server.log.statemachine.data.read.timeout = 1000ms (default)
2024-04-26 07:45:23,419 [ac5950e9-78e7-4600-acb8-d4807d98be63-groupManagement] INFO  server.RaftServerConfigKeys (ConfUtils.java:logGet(46)) - raft.server.log.purge.preservation.log.num = 0 (default)
2024-04-26 07:45:23,420 [80986ccd-c217-439b-b85b-0b259797a488-groupManagement] INFO  storage.RaftStorageDirectory (RaftStorageDirectoryImpl.java:tryLock(228)) - Lock on /home/runner/work/ozone/ozone/hadoop-ozone/integration-test/target/test-dir/MiniOzoneClusterImpl-f8a85056-d908-4111-b8ec-0d6f55fc62ea/ozone-meta/datanode-8/ratis/a8217075-1133-4cf1-83f1-70705423efd3/in_use.lock acquired by nodename 21422@fv-az1107-628
2024-04-26 07:45:23,421 [80986ccd-c217-439b-b85b-0b259797a488-groupManagement] INFO  storage.RaftStorage (RaftStorageImpl.java:format(99)) - Storage directory /home/runner/work/ozone/ozone/hadoop-ozone/integration-test/target/test-dir/MiniOzoneClusterImpl-f8a85056-d908-4111-b8ec-0d6f55fc62ea/ozone-meta/datanode-8/ratis/a8217075-1133-4cf1-83f1-70705423efd3 has been successfully formatted.
2024-04-26 07:45:23,421 [80986ccd-c217-439b-b85b-0b259797a488-groupManagement] WARN  util.FileUtils (LogUtils.java:supplyAndLog(63)) - Failed to Files.newInputStream /home/runner/work/ozone/ozone/hadoop-ozone/integration-test/target/test-dir/MiniOzoneClusterImpl-f8a85056-d908-4111-b8ec-0d6f55fc62ea/ozone-meta/datanode-8/ratis/a8217075-1133-4cf1-83f1-70705423efd3/current/raft-meta.conf with options []: java.nio.file.NoSuchFileException: /home/runner/work/ozone/ozone/hadoop-ozone/integration-test/target/test-dir/MiniOzoneClusterImpl-f8a85056-d908-4111-b8ec-0d6f55fc62ea/ozone-meta/datanode-8/ratis/a8217075-1133-4cf1-83f1-70705423efd3/current/raft-meta.conf
2024-04-26 07:45:23,421 [ac5950e9-78e7-4600-acb8-d4807d98be63-groupManagement] INFO  server.RaftServerConfigKeys (ConfUtils.java:logGet(46)) - raft.server.log.segment.size.max = 67108864 (custom)
2024-04-26 07:45:23,421 [80986ccd-c217-439b-b85b-0b259797a488-groupManagement] INFO  ratis.ContainerStateMachine (ContainerStateMachine.java:loadSnapshot(287)) - group-70705423EFD3: The snapshot info is null. Setting the last applied index to:(t:0, i:~)
2024-04-26 07:45:23,422 [80986ccd-c217-439b-b85b-0b259797a488-groupManagement] INFO  server.RaftServerConfigKeys (ConfUtils.java:logGet(46)) - raft.server.log.use.memory = false (default)
2024-04-26 07:45:23,422 [80986ccd-c217-439b-b85b-0b259797a488-groupManagement] INFO  server.RaftServerConfigKeys (ConfUtils.java:logGet(46)) - raft.server.log.purge.gap = 1000000 (custom)
2024-04-26 07:45:23,422 [80986ccd-c217-439b-b85b-0b259797a488-groupManagement] INFO  server.RaftServerConfigKeys (ConfUtils.java:logGet(46)) - raft.server.log.appender.buffer.byte-limit = 8388608 (custom)
2024-04-26 07:45:23,422 [EventQueue-PipelineReportForPipelineReportHandler] INFO  pipeline.PipelineReportHandler (PipelineReportHandler.java:processPipelineReport(136)) - Opened pipeline PipelineID=a8217075-1133-4cf1-83f1-70705423efd3
2024-04-26 07:45:23,423 [EventQueue-OpenPipelineForHealthyPipelineSafeModeRule] INFO  safemode.SCMSafeModeManager (HealthyPipelineSafeModeRule.java:process(140)) - SCM in safe mode. Healthy pipelines reported count is 0, required healthy pipeline reported count is 1
2024-04-26 07:45:23,422 [ac5950e9-78e7-4600-acb8-d4807d98be63-groupManagement] INFO  server.RaftServerConfigKeys (ConfUtils.java:logGet(46)) - raft.server.log.segment.cache.num.max = 2 (custom)
2024-04-26 07:45:23,423 [80986ccd-c217-439b-b85b-0b259797a488-groupManagement] INFO  server.RaftServerConfigKeys (ConfUtils.java:logGet(46)) - raft.server.log.statemachine.data.read.timeout = 1000ms (default)
2024-04-26 07:45:23,425 [80986ccd-c217-439b-b85b-0b259797a488-groupManagement] INFO  server.RaftServerConfigKeys (ConfUtils.java:logGet(46)) - raft.server.log.purge.preservation.log.num = 0 (default)
2024-04-26 07:45:23,424 [ac5950e9-78e7-4600-acb8-d4807d98be63-groupManagement] INFO  server.RaftServerConfigKeys (ConfUtils.java:logGet(46)) - raft.server.log.segment.cache.size.max = 200MB (=209715200) (default)
2024-04-26 07:45:23,425 [ac5950e9-78e7-4600-acb8-d4807d98be63-groupManagement] INFO  server.RaftServerConfigKeys (ConfUtils.java:logGet(46)) - raft.server.log.appender.buffer.byte-limit = 8388608 (custom)
2024-04-26 07:45:23,426 [80986ccd-c217-439b-b85b-0b259797a488-groupManagement] INFO  server.RaftServerConfigKeys (ConfUtils.java:logGet(46)) - raft.server.log.segment.size.max = 67108864 (custom)
2024-04-26 07:45:23,426 [80986ccd-c217-439b-b85b-0b259797a488-groupManagement] INFO  server.RaftServerConfigKeys (ConfUtils.java:logGet(46)) - raft.server.log.segment.cache.num.max = 2 (custom)
2024-04-26 07:45:23,426 [80986ccd-c217-439b-b85b-0b259797a488-groupManagement] INFO  server.RaftServerConfigKeys (ConfUtils.java:logGet(46)) - raft.server.log.segment.cache.size.max = 200MB (=209715200) (default)
2024-04-26 07:45:23,426 [80986ccd-c217-439b-b85b-0b259797a488-groupManagement] INFO  server.RaftServerConfigKeys (ConfUtils.java:logGet(46)) - raft.server.log.appender.buffer.byte-limit = 8388608 (custom)
2024-04-26 07:45:23,428 [ac5950e9-78e7-4600-acb8-d4807d98be63-groupManagement] INFO  util.AwaitToRun (AwaitToRun.java:start(81)) - Thread[ac5950e9-78e7-4600-acb8-d4807d98be63@group-AC1F55C45F87-cacheEviction-AwaitToRun,5,main] started
2024-04-26 07:45:23,429 [ac5950e9-78e7-4600-acb8-d4807d98be63-groupManagement] INFO  segmented.SegmentedRaftLogWorker (SegmentedRaftLogWorker.java:<init>(182)) - new ac5950e9-78e7-4600-acb8-d4807d98be63@group-AC1F55C45F87-SegmentedRaftLogWorker for RaftStorageImpl:Storage Directory /home/runner/work/ozone/ozone/hadoop-ozone/integration-test/target/test-dir/MiniOzoneClusterImpl-f8a85056-d908-4111-b8ec-0d6f55fc62ea/ozone-meta/datanode-9/ratis/88fe2527-0b70-47e4-af82-ac1f55c45f87
2024-04-26 07:45:23,429 [ac5950e9-78e7-4600-acb8-d4807d98be63-groupManagement] INFO  server.RaftServerConfigKeys (ConfUtils.java:logGet(46)) - raft.server.log.queue.byte-limit = 4294967296 (custom)
2024-04-26 07:45:23,429 [ac5950e9-78e7-4600-acb8-d4807d98be63-groupManagement] INFO  server.RaftServerConfigKeys (ConfUtils.java:logGet(46)) - raft.server.log.queue.element-limit = 1024 (custom)
2024-04-26 07:45:23,429 [ac5950e9-78e7-4600-acb8-d4807d98be63-groupManagement] INFO  server.RaftServerConfigKeys (ConfUtils.java:logGet(46)) - raft.server.log.segment.size.max = 67108864 (custom)
2024-04-26 07:45:23,429 [ac5950e9-78e7-4600-acb8-d4807d98be63-groupManagement] INFO  server.RaftServerConfigKeys (ConfUtils.java:logGet(46)) - raft.server.log.preallocated.size = 4194304 (custom)
2024-04-26 07:45:23,429 [ac5950e9-78e7-4600-acb8-d4807d98be63-groupManagement] INFO  server.RaftServerConfigKeys (ConfUtils.java:logGet(46)) - raft.server.log.force.sync.num = 128 (default)
2024-04-26 07:45:23,429 [ac5950e9-78e7-4600-acb8-d4807d98be63-groupManagement] INFO  server.RaftServerConfigKeys (ConfUtils.java:logGet(46)) - raft.server.log.statemachine.data.sync = true (default)
2024-04-26 07:45:23,429 [ac5950e9-78e7-4600-acb8-d4807d98be63-groupManagement] INFO  server.RaftServerConfigKeys (ConfUtils.java:logGet(46)) - raft.server.log.statemachine.data.sync.timeout = 10s (default)
2024-04-26 07:45:23,429 [ac5950e9-78e7-4600-acb8-d4807d98be63-groupManagement] INFO  server.RaftServerConfigKeys (ConfUtils.java:logGet(46)) - raft.server.log.statemachine.data.sync.timeout.retry = 30 (custom)
2024-04-26 07:45:23,429 [ac5950e9-78e7-4600-acb8-d4807d98be63-groupManagement] INFO  server.RaftServerConfigKeys (ConfUtils.java:logGet(46)) - raft.server.log.write.buffer.size = 8388616 (custom)
2024-04-26 07:45:23,430 [80986ccd-c217-439b-b85b-0b259797a488-groupManagement] INFO  util.AwaitToRun (AwaitToRun.java:start(81)) - Thread[80986ccd-c217-439b-b85b-0b259797a488@group-70705423EFD3-cacheEviction-AwaitToRun,5,main] started
2024-04-26 07:45:23,430 [80986ccd-c217-439b-b85b-0b259797a488-groupManagement] INFO  segmented.SegmentedRaftLogWorker (SegmentedRaftLogWorker.java:<init>(182)) - new 80986ccd-c217-439b-b85b-0b259797a488@group-70705423EFD3-SegmentedRaftLogWorker for RaftStorageImpl:Storage Directory /home/runner/work/ozone/ozone/hadoop-ozone/integration-test/target/test-dir/MiniOzoneClusterImpl-f8a85056-d908-4111-b8ec-0d6f55fc62ea/ozone-meta/datanode-8/ratis/a8217075-1133-4cf1-83f1-70705423efd3
2024-04-26 07:45:23,430 [80986ccd-c217-439b-b85b-0b259797a488-groupManagement] INFO  server.RaftServerConfigKeys (ConfUtils.java:logGet(46)) - raft.server.log.queue.byte-limit = 4294967296 (custom)
2024-04-26 07:45:23,431 [80986ccd-c217-439b-b85b-0b259797a488-groupManagement] INFO  server.RaftServerConfigKeys (ConfUtils.java:logGet(46)) - raft.server.log.queue.element-limit = 1024 (custom)
2024-04-26 07:45:23,431 [80986ccd-c217-439b-b85b-0b259797a488-groupManagement] INFO  server.RaftServerConfigKeys (ConfUtils.java:logGet(46)) - raft.server.log.segment.size.max = 67108864 (custom)
2024-04-26 07:45:23,431 [80986ccd-c217-439b-b85b-0b259797a488-groupManagement] INFO  server.RaftServerConfigKeys (ConfUtils.java:logGet(46)) - raft.server.log.preallocated.size = 4194304 (custom)
2024-04-26 07:45:23,431 [80986ccd-c217-439b-b85b-0b259797a488-groupManagement] INFO  server.RaftServerConfigKeys (ConfUtils.java:logGet(46)) - raft.server.log.force.sync.num = 128 (default)
2024-04-26 07:45:23,431 [80986ccd-c217-439b-b85b-0b259797a488-groupManagement] INFO  server.RaftServerConfigKeys (ConfUtils.java:logGet(46)) - raft.server.log.statemachine.data.sync = true (default)
2024-04-26 07:45:23,431 [80986ccd-c217-439b-b85b-0b259797a488-groupManagement] INFO  server.RaftServerConfigKeys (ConfUtils.java:logGet(46)) - raft.server.log.statemachine.data.sync.timeout = 10s (default)
2024-04-26 07:45:23,431 [80986ccd-c217-439b-b85b-0b259797a488-groupManagement] INFO  server.RaftServerConfigKeys (ConfUtils.java:logGet(46)) - raft.server.log.statemachine.data.sync.timeout.retry = 30 (custom)
2024-04-26 07:45:23,431 [80986ccd-c217-439b-b85b-0b259797a488-groupManagement] INFO  server.RaftServerConfigKeys (ConfUtils.java:logGet(46)) - raft.server.log.write.buffer.size = 8388616 (custom)
2024-04-26 07:45:23,431 [ac5950e9-78e7-4600-acb8-d4807d98be63-groupManagement] INFO  server.RaftServerConfigKeys (ConfUtils.java:logGet(46)) - raft.server.log.appender.buffer.byte-limit = 8388608 (custom)
2024-04-26 07:45:23,431 [ac5950e9-78e7-4600-acb8-d4807d98be63-groupManagement] INFO  server.RaftServerConfigKeys (ConfUtils.java:logGet(46)) - raft.server.log.unsafe-flush.enabled = false (default)
2024-04-26 07:45:23,431 [ac5950e9-78e7-4600-acb8-d4807d98be63-groupManagement] INFO  server.RaftServerConfigKeys (ConfUtils.java:logGet(46)) - raft.server.log.async-flush.enabled = false (default)
2024-04-26 07:45:23,432 [ac5950e9-78e7-4600-acb8-d4807d98be63-groupManagement] INFO  server.RaftServerConfigKeys (ConfUtils.java:logGet(46)) - raft.server.log.statemachine.data.caching.enabled = true (custom)
2024-04-26 07:45:23,432 [ac5950e9-78e7-4600-acb8-d4807d98be63-groupManagement] INFO  segmented.SegmentedRaftLogWorker (SegmentedRaftLogWorker.java:lambda$new$0(134)) - ac5950e9-78e7-4600-acb8-d4807d98be63@group-AC1F55C45F87-SegmentedRaftLogWorker: flushIndex: setUnconditionally 0 -> -1
2024-04-26 07:45:23,432 [ac5950e9-78e7-4600-acb8-d4807d98be63-groupManagement] INFO  segmented.SegmentedRaftLogWorker (SegmentedRaftLogWorker.java:lambda$new$0(134)) - ac5950e9-78e7-4600-acb8-d4807d98be63@group-AC1F55C45F87-SegmentedRaftLogWorker: safeCacheEvictIndex: setUnconditionally 0 -> -1
2024-04-26 07:45:23,433 [80986ccd-c217-439b-b85b-0b259797a488-groupManagement] INFO  server.RaftServerConfigKeys (ConfUtils.java:logGet(46)) - raft.server.log.appender.buffer.byte-limit = 8388608 (custom)
2024-04-26 07:45:23,433 [80986ccd-c217-439b-b85b-0b259797a488-groupManagement] INFO  server.RaftServerConfigKeys (ConfUtils.java:logGet(46)) - raft.server.log.unsafe-flush.enabled = false (default)
2024-04-26 07:45:23,433 [80986ccd-c217-439b-b85b-0b259797a488-groupManagement] INFO  server.RaftServerConfigKeys (ConfUtils.java:logGet(46)) - raft.server.log.async-flush.enabled = false (default)
2024-04-26 07:45:23,433 [80986ccd-c217-439b-b85b-0b259797a488-groupManagement] INFO  server.RaftServerConfigKeys (ConfUtils.java:logGet(46)) - raft.server.log.statemachine.data.caching.enabled = true (custom)
2024-04-26 07:45:23,433 [80986ccd-c217-439b-b85b-0b259797a488-groupManagement] INFO  segmented.SegmentedRaftLogWorker (SegmentedRaftLogWorker.java:lambda$new$0(134)) - 80986ccd-c217-439b-b85b-0b259797a488@group-70705423EFD3-SegmentedRaftLogWorker: flushIndex: setUnconditionally 0 -> -1
2024-04-26 07:45:23,433 [80986ccd-c217-439b-b85b-0b259797a488-groupManagement] INFO  segmented.SegmentedRaftLogWorker (SegmentedRaftLogWorker.java:lambda$new$0(134)) - 80986ccd-c217-439b-b85b-0b259797a488@group-70705423EFD3-SegmentedRaftLogWorker: safeCacheEvictIndex: setUnconditionally 0 -> -1
2024-04-26 07:45:23,436 [ac5950e9-78e7-4600-acb8-d4807d98be63-groupManagement] INFO  server.RaftServer$Division (RaftServerImpl.java:start(396)) - ac5950e9-78e7-4600-acb8-d4807d98be63@group-AC1F55C45F87: start as a follower, conf=-1: peers:[ac5950e9-78e7-4600-acb8-d4807d98be63|127.0.0.1:15442, 00cfc371-235c-47c8-bc9b-47247119d947|127.0.0.1:15424, 80986ccd-c217-439b-b85b-0b259797a488|127.0.0.1:15433]|listeners:[], old=null
2024-04-26 07:45:23,437 [ac5950e9-78e7-4600-acb8-d4807d98be63-groupManagement] INFO  server.RaftServer$Division (RaftServerImpl.java:setRole(383)) - ac5950e9-78e7-4600-acb8-d4807d98be63@group-AC1F55C45F87: changes role from      null to FOLLOWER at term 0 for startAsFollower
2024-04-26 07:45:23,437 [ac5950e9-78e7-4600-acb8-d4807d98be63-groupManagement] INFO  impl.RoleInfo (RoleInfo.java:updateAndGet(139)) - ac5950e9-78e7-4600-acb8-d4807d98be63: start ac5950e9-78e7-4600-acb8-d4807d98be63@group-AC1F55C45F87-FollowerState
2024-04-26 07:45:23,437 [80986ccd-c217-439b-b85b-0b259797a488-groupManagement] INFO  server.RaftServer$Division (RaftServerImpl.java:start(396)) - 80986ccd-c217-439b-b85b-0b259797a488@group-70705423EFD3: start as a follower, conf=-1: peers:[80986ccd-c217-439b-b85b-0b259797a488|127.0.0.1:15433]|listeners:[], old=null
2024-04-26 07:45:23,437 [80986ccd-c217-439b-b85b-0b259797a488-groupManagement] INFO  server.RaftServer$Division (RaftServerImpl.java:setRole(383)) - 80986ccd-c217-439b-b85b-0b259797a488@group-70705423EFD3: changes role from      null to FOLLOWER at term 0 for startAsFollower
2024-04-26 07:45:23,437 [80986ccd-c217-439b-b85b-0b259797a488-groupManagement] INFO  impl.RoleInfo (RoleInfo.java:updateAndGet(139)) - 80986ccd-c217-439b-b85b-0b259797a488: start 80986ccd-c217-439b-b85b-0b259797a488@group-70705423EFD3-FollowerState
2024-04-26 07:45:23,444 [ac5950e9-78e7-4600-acb8-d4807d98be63@group-AC1F55C45F87-FollowerState] INFO  server.RaftServerConfigKeys (ConfUtils.java:logFallback(53)) - raft.server.rpc.first-election.timeout.min = 5s (fallback to raft.server.rpc.timeout.min)
2024-04-26 07:45:23,444 [ac5950e9-78e7-4600-acb8-d4807d98be63-groupManagement] INFO  util.JmxRegister (JmxRegister.java:tryRegister(44)) - Successfully registered JMX Bean with object name Ratis:service=RaftServer,group=group-AC1F55C45F87,id=ac5950e9-78e7-4600-acb8-d4807d98be63
2024-04-26 07:45:23,444 [ac5950e9-78e7-4600-acb8-d4807d98be63@group-AC1F55C45F87-FollowerState] INFO  server.RaftServerConfigKeys (ConfUtils.java:logFallback(53)) - raft.server.rpc.first-election.timeout.max = 5200ms (fallback to raft.server.rpc.timeout.max)
2024-04-26 07:45:23,445 [80986ccd-c217-439b-b85b-0b259797a488@group-70705423EFD3-FollowerState] INFO  server.RaftServerConfigKeys (ConfUtils.java:logFallback(53)) - raft.server.rpc.first-election.timeout.min = 5s (fallback to raft.server.rpc.timeout.min)
2024-04-26 07:45:23,445 [80986ccd-c217-439b-b85b-0b259797a488@group-70705423EFD3-FollowerState] INFO  server.RaftServerConfigKeys (ConfUtils.java:logFallback(53)) - raft.server.rpc.first-election.timeout.max = 5200ms (fallback to raft.server.rpc.timeout.max)
2024-04-26 07:45:23,445 [ac5950e9-78e7-4600-acb8-d4807d98be63-groupManagement] INFO  server.RaftServerConfigKeys (ConfUtils.java:logGet(46)) - raft.server.snapshot.trigger-when-stop.enabled = true (default)
2024-04-26 07:45:23,445 [ac5950e9-78e7-4600-acb8-d4807d98be63-groupManagement] INFO  server.RaftServerConfigKeys (ConfUtils.java:logGet(46)) - raft.server.snapshot.auto.trigger.enabled = true (custom)
2024-04-26 07:45:23,445 [80986ccd-c217-439b-b85b-0b259797a488-groupManagement] INFO  util.JmxRegister (JmxRegister.java:tryRegister(44)) - Successfully registered JMX Bean with object name Ratis:service=RaftServer,group=group-70705423EFD3,id=80986ccd-c217-439b-b85b-0b259797a488
2024-04-26 07:45:23,445 [80986ccd-c217-439b-b85b-0b259797a488-groupManagement] INFO  server.RaftServerConfigKeys (ConfUtils.java:logGet(46)) - raft.server.snapshot.trigger-when-stop.enabled = true (default)
2024-04-26 07:45:23,445 [80986ccd-c217-439b-b85b-0b259797a488-groupManagement] INFO  server.RaftServerConfigKeys (ConfUtils.java:logGet(46)) - raft.server.snapshot.auto.trigger.enabled = true (custom)
2024-04-26 07:45:23,445 [80986ccd-c217-439b-b85b-0b259797a488-groupManagement] INFO  server.RaftServerConfigKeys (ConfUtils.java:logGet(46)) - raft.server.snapshot.auto.trigger.threshold = 10000 (custom)
2024-04-26 07:45:23,445 [80986ccd-c217-439b-b85b-0b259797a488-groupManagement] INFO  server.RaftServerConfigKeys (ConfUtils.java:logGet(46)) - raft.server.snapshot.retention.file.num = 5 (custom)
2024-04-26 07:45:23,445 [80986ccd-c217-439b-b85b-0b259797a488-groupManagement] INFO  server.RaftServerConfigKeys (ConfUtils.java:logGet(46)) - raft.server.log.purge.upto.snapshot.index = false (default)
2024-04-26 07:45:23,445 [ac5950e9-78e7-4600-acb8-d4807d98be63-groupManagement] INFO  server.RaftServerConfigKeys (ConfUtils.java:logGet(46)) - raft.server.snapshot.auto.trigger.threshold = 10000 (custom)
2024-04-26 07:45:23,446 [ac5950e9-78e7-4600-acb8-d4807d98be63-groupManagement] INFO  server.RaftServerConfigKeys (ConfUtils.java:logGet(46)) - raft.server.snapshot.retention.file.num = 5 (custom)
2024-04-26 07:45:23,446 [ac5950e9-78e7-4600-acb8-d4807d98be63-groupManagement] INFO  server.RaftServerConfigKeys (ConfUtils.java:logGet(46)) - raft.server.log.purge.upto.snapshot.index = false (default)
2024-04-26 07:45:23,453 [80986ccd-c217-439b-b85b-0b259797a488-PipelineCommandHandlerThread-0] INFO  ratis.XceiverServerRatis (XceiverServerRatis.java:addGroup(864)) - Created group PipelineID=a8217075-1133-4cf1-83f1-70705423efd3
2024-04-26 07:45:23,453 [80986ccd-c217-439b-b85b-0b259797a488-PipelineCommandHandlerThread-0] INFO  commandhandler.CreatePipelineCommandHandler (CreatePipelineCommandHandler.java:lambda$handle$2(124)) - Created Pipeline RATIS ONE PipelineID=a8217075-1133-4cf1-83f1-70705423efd3.
2024-04-26 07:45:23,454 [80986ccd-c217-439b-b85b-0b259797a488-PipelineCommandHandlerThread-0] INFO  server.RaftServer (RaftServerProxy.java:addNew(100)) - 80986ccd-c217-439b-b85b-0b259797a488: addNew group-AC1F55C45F87:[ac5950e9-78e7-4600-acb8-d4807d98be63|127.0.0.1:15442, 00cfc371-235c-47c8-bc9b-47247119d947|127.0.0.1:15424, 80986ccd-c217-439b-b85b-0b259797a488|127.0.0.1:15433] returns group-AC1F55C45F87:java.util.concurrent.CompletableFuture@b410830[Not completed]
2024-04-26 07:45:23,455 [80986ccd-c217-439b-b85b-0b259797a488-groupManagement] INFO  server.RaftServer$Division (RaftServerImpl.java:<init>(256)) - 80986ccd-c217-439b-b85b-0b259797a488: new RaftServerImpl for group-AC1F55C45F87:[ac5950e9-78e7-4600-acb8-d4807d98be63|127.0.0.1:15442, 00cfc371-235c-47c8-bc9b-47247119d947|127.0.0.1:15424, 80986ccd-c217-439b-b85b-0b259797a488|127.0.0.1:15433] with ContainerStateMachine:uninitialized
2024-04-26 07:45:23,455 [80986ccd-c217-439b-b85b-0b259797a488-groupManagement] INFO  server.RaftServerConfigKeys (ConfUtils.java:logGet(46)) - raft.server.rpc.timeout.min = 5s (custom)
2024-04-26 07:45:23,455 [80986ccd-c217-439b-b85b-0b259797a488-groupManagement] INFO  server.RaftServerConfigKeys (ConfUtils.java:logGet(46)) - raft.server.rpc.timeout.max = 5200ms (custom)
2024-04-26 07:45:23,455 [80986ccd-c217-439b-b85b-0b259797a488-groupManagement] INFO  server.RaftServerConfigKeys (ConfUtils.java:logGet(46)) - raft.server.rpc.sleep.time = 25ms (default)
2024-04-26 07:45:23,455 [80986ccd-c217-439b-b85b-0b259797a488-groupManagement] INFO  server.RaftServerConfigKeys (ConfUtils.java:logGet(46)) - raft.server.rpc.slowness.timeout = 300000ms (custom)
2024-04-26 07:45:23,455 [80986ccd-c217-439b-b85b-0b259797a488-groupManagement] INFO  server.RaftServerConfigKeys (ConfUtils.java:logGet(46)) - raft.server.leaderelection.leader.step-down.wait-time = 10s (default)
2024-04-26 07:45:23,456 [80986ccd-c217-439b-b85b-0b259797a488-groupManagement] INFO  server.RaftServerConfigKeys (ConfUtils.java:logGet(46)) - raft.server.leaderelection.member.majority-add = false (default)
2024-04-26 07:45:23,456 [80986ccd-c217-439b-b85b-0b259797a488-groupManagement] INFO  server.RaftServerConfigKeys (ConfUtils.java:logGet(46)) - raft.server.sleep.deviation.threshold = 300ms (default)
2024-04-26 07:45:23,456 [80986ccd-c217-439b-b85b-0b259797a488-groupManagement] INFO  server.RaftServer$Division (ServerState.java:<init>(113)) - 80986ccd-c217-439b-b85b-0b259797a488@group-AC1F55C45F87: ConfigurationManager, init=-1: peers:[ac5950e9-78e7-4600-acb8-d4807d98be63|127.0.0.1:15442, 00cfc371-235c-47c8-bc9b-47247119d947|127.0.0.1:15424, 80986ccd-c217-439b-b85b-0b259797a488|127.0.0.1:15433]|listeners:[], old=null, confs=<EMPTY_MAP>
2024-04-26 07:45:23,456 [80986ccd-c217-439b-b85b-0b259797a488-groupManagement] INFO  server.RaftServerConfigKeys (ConfUtils.java:logGet(46)) - raft.server.notification.no-leader.timeout = 300000ms (custom)
2024-04-26 07:45:23,456 [80986ccd-c217-439b-b85b-0b259797a488-groupManagement] INFO  server.RaftServerConfigKeys (ConfUtils.java:logGet(46)) - raft.server.read.timeout = 10s (default)
2024-04-26 07:45:23,456 [80986ccd-c217-439b-b85b-0b259797a488-groupManagement] INFO  server.RaftServerConfigKeys (ConfUtils.java:logGet(46)) - raft.server.retrycache.expirytime = 600000ms (custom)
2024-04-26 07:45:23,456 [80986ccd-c217-439b-b85b-0b259797a488-groupManagement] INFO  server.RaftServerConfigKeys (ConfUtils.java:logGet(46)) - raft.server.retrycache.statistics.expirytime = 100ms (default)
2024-04-26 07:45:23,456 [80986ccd-c217-439b-b85b-0b259797a488-groupManagement] INFO  server.RaftServerConfigKeys (ConfUtils.java:logGet(46)) - raft.server.read.option = DEFAULT (default)
2024-04-26 07:45:23,457 [80986ccd-c217-439b-b85b-0b259797a488-groupManagement] INFO  server.RaftServerConfigKeys (ConfUtils.java:logGet(46)) - raft.server.read.read-after-write-consistent.write-index-cache.expiry-time = 60s (default)
2024-04-26 07:45:23,458 [80986ccd-c217-439b-b85b-0b259797a488-groupManagement] INFO  server.RaftServerConfigKeys (ConfUtils.java:logGet(46)) - raft.server.rpc.request.timeout = 3000ms (default)
2024-04-26 07:45:23,459 [80986ccd-c217-439b-b85b-0b259797a488-groupManagement] INFO  server.RaftServerConfigKeys (ConfUtils.java:logGet(46)) - raft.server.log.appender.install.snapshot.enabled = false (custom)
2024-04-26 07:45:23,459 [80986ccd-c217-439b-b85b-0b259797a488-groupManagement] INFO  server.RaftServerConfigKeys (ConfUtils.java:logGet(46)) - raft.server.threadpool.server.cached = true (default)
2024-04-26 07:45:23,459 [80986ccd-c217-439b-b85b-0b259797a488-groupManagement] INFO  server.RaftServerConfigKeys (ConfUtils.java:logGet(46)) - raft.server.threadpool.server.size = 0 (default)
2024-04-26 07:45:23,459 [80986ccd-c217-439b-b85b-0b259797a488-groupManagement] INFO  server.RaftServerConfigKeys (ConfUtils.java:logGet(46)) - raft.server.threadpool.client.cached = true (default)
2024-04-26 07:45:23,459 [80986ccd-c217-439b-b85b-0b259797a488-groupManagement] INFO  server.RaftServerConfigKeys (ConfUtils.java:logGet(46)) - raft.server.threadpool.client.size = 0 (default)
2024-04-26 07:45:23,459 [80986ccd-c217-439b-b85b-0b259797a488-groupManagement] INFO  server.RaftServerConfigKeys (ConfUtils.java:logGet(46)) - raft.server.storage.free-space.min = 0MB (=0) (default)
2024-04-26 07:45:23,459 [80986ccd-c217-439b-b85b-0b259797a488-groupManagement] INFO  server.RaftServerConfigKeys (ConfUtils.java:logGet(46)) - raft.server.log.corruption.policy = EXCEPTION (default)
2024-04-26 07:45:23,459 [80986ccd-c217-439b-b85b-0b259797a488-groupManagement] INFO  server.RaftServerConfigKeys (ConfUtils.java:logGet(46)) - raft.server.storage.dir = [/home/runner/work/ozone/ozone/hadoop-ozone/integration-test/target/test-dir/MiniOzoneClusterImpl-f8a85056-d908-4111-b8ec-0d6f55fc62ea/ozone-meta/datanode-8/ratis] (custom)
2024-04-26 07:45:23,460 [80986ccd-c217-439b-b85b-0b259797a488-groupManagement] INFO  storage.RaftStorageDirectory (RaftStorageDirectoryImpl.java:analyzeStorage(138)) - The storage directory /home/runner/work/ozone/ozone/hadoop-ozone/integration-test/target/test-dir/MiniOzoneClusterImpl-f8a85056-d908-4111-b8ec-0d6f55fc62ea/ozone-meta/datanode-8/ratis/88fe2527-0b70-47e4-af82-ac1f55c45f87 does not exist. Creating ...
2024-04-26 07:45:23,461 [80986ccd-c217-439b-b85b-0b259797a488-groupManagement] INFO  storage.RaftStorageDirectory (RaftStorageDirectoryImpl.java:tryLock(228)) - Lock on /home/runner/work/ozone/ozone/hadoop-ozone/integration-test/target/test-dir/MiniOzoneClusterImpl-f8a85056-d908-4111-b8ec-0d6f55fc62ea/ozone-meta/datanode-8/ratis/88fe2527-0b70-47e4-af82-ac1f55c45f87/in_use.lock acquired by nodename 21422@fv-az1107-628
2024-04-26 07:45:23,463 [80986ccd-c217-439b-b85b-0b259797a488-groupManagement] INFO  storage.RaftStorage (RaftStorageImpl.java:format(99)) - Storage directory /home/runner/work/ozone/ozone/hadoop-ozone/integration-test/target/test-dir/MiniOzoneClusterImpl-f8a85056-d908-4111-b8ec-0d6f55fc62ea/ozone-meta/datanode-8/ratis/88fe2527-0b70-47e4-af82-ac1f55c45f87 has been successfully formatted.
2024-04-26 07:45:23,463 [80986ccd-c217-439b-b85b-0b259797a488-groupManagement] WARN  util.FileUtils (LogUtils.java:supplyAndLog(63)) - Failed to Files.newInputStream /home/runner/work/ozone/ozone/hadoop-ozone/integration-test/target/test-dir/MiniOzoneClusterImpl-f8a85056-d908-4111-b8ec-0d6f55fc62ea/ozone-meta/datanode-8/ratis/88fe2527-0b70-47e4-af82-ac1f55c45f87/current/raft-meta.conf with options []: java.nio.file.NoSuchFileException: /home/runner/work/ozone/ozone/hadoop-ozone/integration-test/target/test-dir/MiniOzoneClusterImpl-f8a85056-d908-4111-b8ec-0d6f55fc62ea/ozone-meta/datanode-8/ratis/88fe2527-0b70-47e4-af82-ac1f55c45f87/current/raft-meta.conf
2024-04-26 07:45:23,464 [main] INFO  ozone.MiniOzoneClusterImpl (MiniOzoneClusterImpl.java:lambda$waitForClusterToBeReady$0(194)) - Nodes are ready. Got 9 of 9 DN Heartbeats.
2024-04-26 07:45:23,464 [main] INFO  ozone.MiniOzoneClusterImpl (MiniOzoneClusterImpl.java:lambda$waitForClusterToBeReady$0(197)) - Waiting for cluster to exit safe mode
2024-04-26 07:45:23,464 [main] INFO  ozone.MiniOzoneClusterImpl (MiniOzoneClusterImpl.java:lambda$waitForClusterToBeReady$0(199)) - SCM became leader
2024-04-26 07:45:23,464 [80986ccd-c217-439b-b85b-0b259797a488-groupManagement] INFO  ratis.ContainerStateMachine (ContainerStateMachine.java:loadSnapshot(287)) - group-AC1F55C45F87: The snapshot info is null. Setting the last applied index to:(t:0, i:~)
2024-04-26 07:45:23,464 [80986ccd-c217-439b-b85b-0b259797a488-groupManagement] INFO  server.RaftServerConfigKeys (ConfUtils.java:logGet(46)) - raft.server.log.use.memory = false (default)
2024-04-26 07:45:23,464 [80986ccd-c217-439b-b85b-0b259797a488-groupManagement] INFO  server.RaftServerConfigKeys (ConfUtils.java:logGet(46)) - raft.server.log.purge.gap = 1000000 (custom)
2024-04-26 07:45:23,464 [80986ccd-c217-439b-b85b-0b259797a488-groupManagement] INFO  server.RaftServerConfigKeys (ConfUtils.java:logGet(46)) - raft.server.log.appender.buffer.byte-limit = 8388608 (custom)
2024-04-26 07:45:23,464 [80986ccd-c217-439b-b85b-0b259797a488-groupManagement] INFO  server.RaftServerConfigKeys (ConfUtils.java:logGet(46)) - raft.server.log.statemachine.data.read.timeout = 1000ms (default)
2024-04-26 07:45:23,464 [80986ccd-c217-439b-b85b-0b259797a488-groupManagement] INFO  server.RaftServerConfigKeys (ConfUtils.java:logGet(46)) - raft.server.log.purge.preservation.log.num = 0 (default)
2024-04-26 07:45:23,465 [EventQueue-OpenPipelineForHealthyPipelineSafeModeRule] INFO  safemode.SCMSafeModeManager (HealthyPipelineSafeModeRule.java:process(140)) - SCM in safe mode. Healthy pipelines reported count is 0, required healthy pipeline reported count is 1
2024-04-26 07:45:23,466 [80986ccd-c217-439b-b85b-0b259797a488-groupManagement] INFO  server.RaftServerConfigKeys (ConfUtils.java:logGet(46)) - raft.server.log.segment.size.max = 67108864 (custom)
2024-04-26 07:45:23,467 [80986ccd-c217-439b-b85b-0b259797a488-groupManagement] INFO  server.RaftServerConfigKeys (ConfUtils.java:logGet(46)) - raft.server.log.segment.cache.num.max = 2 (custom)
2024-04-26 07:45:23,467 [80986ccd-c217-439b-b85b-0b259797a488-groupManagement] INFO  server.RaftServerConfigKeys (ConfUtils.java:logGet(46)) - raft.server.log.segment.cache.size.max = 200MB (=209715200) (default)
2024-04-26 07:45:23,467 [80986ccd-c217-439b-b85b-0b259797a488-groupManagement] INFO  server.RaftServerConfigKeys (ConfUtils.java:logGet(46)) - raft.server.log.appender.buffer.byte-limit = 8388608 (custom)
2024-04-26 07:45:23,473 [ac5950e9-78e7-4600-acb8-d4807d98be63-PipelineCommandHandlerThread-0] INFO  server.RaftServer (RaftServerProxy.java:addNew(100)) - ac5950e9-78e7-4600-acb8-d4807d98be63: addNew group-266F61E7352E:[ac5950e9-78e7-4600-acb8-d4807d98be63|127.0.0.1:15442] returns group-266F61E7352E:java.util.concurrent.CompletableFuture@3b1cbfd5[Not completed]
2024-04-26 07:45:23,473 [ac5950e9-78e7-4600-acb8-d4807d98be63-groupManagement] INFO  server.RaftServer$Division (RaftServerImpl.java:<init>(256)) - ac5950e9-78e7-4600-acb8-d4807d98be63: new RaftServerImpl for group-266F61E7352E:[ac5950e9-78e7-4600-acb8-d4807d98be63|127.0.0.1:15442] with ContainerStateMachine:uninitialized
2024-04-26 07:45:23,473 [ac5950e9-78e7-4600-acb8-d4807d98be63-groupManagement] INFO  server.RaftServerConfigKeys (ConfUtils.java:logGet(46)) - raft.server.rpc.timeout.min = 5s (custom)
2024-04-26 07:45:23,473 [ac5950e9-78e7-4600-acb8-d4807d98be63-groupManagement] INFO  server.RaftServerConfigKeys (ConfUtils.java:logGet(46)) - raft.server.rpc.timeout.max = 5200ms (custom)
2024-04-26 07:45:23,473 [ac5950e9-78e7-4600-acb8-d4807d98be63-groupManagement] INFO  server.RaftServerConfigKeys (ConfUtils.java:logGet(46)) - raft.server.rpc.sleep.time = 25ms (default)
2024-04-26 07:45:23,473 [ac5950e9-78e7-4600-acb8-d4807d98be63-groupManagement] INFO  server.RaftServerConfigKeys (ConfUtils.java:logGet(46)) - raft.server.rpc.slowness.timeout = 300000ms (custom)
2024-04-26 07:45:23,473 [ac5950e9-78e7-4600-acb8-d4807d98be63-groupManagement] INFO  server.RaftServerConfigKeys (ConfUtils.java:logGet(46)) - raft.server.leaderelection.leader.step-down.wait-time = 10s (default)
2024-04-26 07:45:23,473 [ac5950e9-78e7-4600-acb8-d4807d98be63-groupManagement] INFO  server.RaftServerConfigKeys (ConfUtils.java:logGet(46)) - raft.server.leaderelection.member.majority-add = false (default)
2024-04-26 07:45:23,474 [ac5950e9-78e7-4600-acb8-d4807d98be63-groupManagement] INFO  server.RaftServerConfigKeys (ConfUtils.java:logGet(46)) - raft.server.sleep.deviation.threshold = 300ms (default)
2024-04-26 07:45:23,474 [ac5950e9-78e7-4600-acb8-d4807d98be63-groupManagement] INFO  server.RaftServer$Division (ServerState.java:<init>(113)) - ac5950e9-78e7-4600-acb8-d4807d98be63@group-266F61E7352E: ConfigurationManager, init=-1: peers:[ac5950e9-78e7-4600-acb8-d4807d98be63|127.0.0.1:15442]|listeners:[], old=null, confs=<EMPTY_MAP>
2024-04-26 07:45:23,474 [ac5950e9-78e7-4600-acb8-d4807d98be63-groupManagement] INFO  server.RaftServerConfigKeys (ConfUtils.java:logGet(46)) - raft.server.notification.no-leader.timeout = 300000ms (custom)
2024-04-26 07:45:23,474 [ac5950e9-78e7-4600-acb8-d4807d98be63-groupManagement] INFO  server.RaftServerConfigKeys (ConfUtils.java:logGet(46)) - raft.server.read.timeout = 10s (default)
2024-04-26 07:45:23,474 [ac5950e9-78e7-4600-acb8-d4807d98be63-groupManagement] INFO  server.RaftServerConfigKeys (ConfUtils.java:logGet(46)) - raft.server.retrycache.expirytime = 600000ms (custom)
2024-04-26 07:45:23,474 [ac5950e9-78e7-4600-acb8-d4807d98be63-groupManagement] INFO  server.RaftServerConfigKeys (ConfUtils.java:logGet(46)) - raft.server.retrycache.statistics.expirytime = 100ms (default)
2024-04-26 07:45:23,474 [ac5950e9-78e7-4600-acb8-d4807d98be63-groupManagement] INFO  server.RaftServerConfigKeys (ConfUtils.java:logGet(46)) - raft.server.read.option = DEFAULT (default)
2024-04-26 07:45:23,474 [ac5950e9-78e7-4600-acb8-d4807d98be63-groupManagement] INFO  server.RaftServerConfigKeys (ConfUtils.java:logGet(46)) - raft.server.read.read-after-write-consistent.write-index-cache.expiry-time = 60s (default)
2024-04-26 07:45:23,476 [ac5950e9-78e7-4600-acb8-d4807d98be63-groupManagement] INFO  server.RaftServerConfigKeys (ConfUtils.java:logGet(46)) - raft.server.rpc.request.timeout = 3000ms (default)
2024-04-26 07:45:23,476 [ac5950e9-78e7-4600-acb8-d4807d98be63-groupManagement] INFO  server.RaftServerConfigKeys (ConfUtils.java:logGet(46)) - raft.server.log.appender.install.snapshot.enabled = false (custom)
2024-04-26 07:45:23,476 [ac5950e9-78e7-4600-acb8-d4807d98be63-groupManagement] INFO  server.RaftServerConfigKeys (ConfUtils.java:logGet(46)) - raft.server.threadpool.server.cached = true (default)
2024-04-26 07:45:23,476 [ac5950e9-78e7-4600-acb8-d4807d98be63-groupManagement] INFO  server.RaftServerConfigKeys (ConfUtils.java:logGet(46)) - raft.server.threadpool.server.size = 0 (default)
2024-04-26 07:45:23,476 [ac5950e9-78e7-4600-acb8-d4807d98be63-groupManagement] INFO  server.RaftServerConfigKeys (ConfUtils.java:logGet(46)) - raft.server.threadpool.client.cached = true (default)
2024-04-26 07:45:23,476 [ac5950e9-78e7-4600-acb8-d4807d98be63-groupManagement] INFO  server.RaftServerConfigKeys (ConfUtils.java:logGet(46)) - raft.server.threadpool.client.size = 0 (default)
2024-04-26 07:45:23,476 [ac5950e9-78e7-4600-acb8-d4807d98be63-groupManagement] INFO  server.RaftServerConfigKeys (ConfUtils.java:logGet(46)) - raft.server.storage.free-space.min = 0MB (=0) (default)
2024-04-26 07:45:23,476 [ac5950e9-78e7-4600-acb8-d4807d98be63-groupManagement] INFO  server.RaftServerConfigKeys (ConfUtils.java:logGet(46)) - raft.server.log.corruption.policy = EXCEPTION (default)
2024-04-26 07:45:23,476 [ac5950e9-78e7-4600-acb8-d4807d98be63-groupManagement] INFO  server.RaftServerConfigKeys (ConfUtils.java:logGet(46)) - raft.server.storage.dir = [/home/runner/work/ozone/ozone/hadoop-ozone/integration-test/target/test-dir/MiniOzoneClusterImpl-f8a85056-d908-4111-b8ec-0d6f55fc62ea/ozone-meta/datanode-9/ratis] (custom)
2024-04-26 07:45:23,477 [ac5950e9-78e7-4600-acb8-d4807d98be63-groupManagement] INFO  storage.RaftStorageDirectory (RaftStorageDirectoryImpl.java:analyzeStorage(138)) - The storage directory /home/runner/work/ozone/ozone/hadoop-ozone/integration-test/target/test-dir/MiniOzoneClusterImpl-f8a85056-d908-4111-b8ec-0d6f55fc62ea/ozone-meta/datanode-9/ratis/0eeb85e4-39f8-46f2-9a5c-266f61e7352e does not exist. Creating ...
2024-04-26 07:45:23,477 [ac5950e9-78e7-4600-acb8-d4807d98be63-groupManagement] INFO  storage.RaftStorageDirectory (RaftStorageDirectoryImpl.java:tryLock(228)) - Lock on /home/runner/work/ozone/ozone/hadoop-ozone/integration-test/target/test-dir/MiniOzoneClusterImpl-f8a85056-d908-4111-b8ec-0d6f55fc62ea/ozone-meta/datanode-9/ratis/0eeb85e4-39f8-46f2-9a5c-266f61e7352e/in_use.lock acquired by nodename 21422@fv-az1107-628
2024-04-26 07:45:23,478 [ac5950e9-78e7-4600-acb8-d4807d98be63-groupManagement] INFO  storage.RaftStorage (RaftStorageImpl.java:format(99)) - Storage directory /home/runner/work/ozone/ozone/hadoop-ozone/integration-test/target/test-dir/MiniOzoneClusterImpl-f8a85056-d908-4111-b8ec-0d6f55fc62ea/ozone-meta/datanode-9/ratis/0eeb85e4-39f8-46f2-9a5c-266f61e7352e has been successfully formatted.
2024-04-26 07:45:23,478 [ac5950e9-78e7-4600-acb8-d4807d98be63-groupManagement] WARN  util.FileUtils (LogUtils.java:supplyAndLog(63)) - Failed to Files.newInputStream /home/runner/work/ozone/ozone/hadoop-ozone/integration-test/target/test-dir/MiniOzoneClusterImpl-f8a85056-d908-4111-b8ec-0d6f55fc62ea/ozone-meta/datanode-9/ratis/0eeb85e4-39f8-46f2-9a5c-266f61e7352e/current/raft-meta.conf with options []: java.nio.file.NoSuchFileException: /home/runner/work/ozone/ozone/hadoop-ozone/integration-test/target/test-dir/MiniOzoneClusterImpl-f8a85056-d908-4111-b8ec-0d6f55fc62ea/ozone-meta/datanode-9/ratis/0eeb85e4-39f8-46f2-9a5c-266f61e7352e/current/raft-meta.conf
2024-04-26 07:45:23,478 [00cfc371-235c-47c8-bc9b-47247119d947-PipelineCommandHandlerThread-0] INFO  commandhandler.CreatePipelineCommandHandler (CreatePipelineCommandHandler.java:lambda$handle$2(124)) - Created Pipeline RATIS THREE PipelineID=88fe2527-0b70-47e4-af82-ac1f55c45f87.
2024-04-26 07:45:23,478 [ac5950e9-78e7-4600-acb8-d4807d98be63-groupManagement] INFO  ratis.ContainerStateMachine (ContainerStateMachine.java:loadSnapshot(287)) - group-266F61E7352E: The snapshot info is null. Setting the last applied index to:(t:0, i:~)
2024-04-26 07:45:23,478 [ac5950e9-78e7-4600-acb8-d4807d98be63-groupManagement] INFO  server.RaftServerConfigKeys (ConfUtils.java:logGet(46)) - raft.server.log.use.memory = false (default)
2024-04-26 07:45:23,479 [ac5950e9-78e7-4600-acb8-d4807d98be63-groupManagement] INFO  server.RaftServerConfigKeys (ConfUtils.java:logGet(46)) - raft.server.log.purge.gap = 1000000 (custom)
2024-04-26 07:45:23,479 [ac5950e9-78e7-4600-acb8-d4807d98be63-groupManagement] INFO  server.RaftServerConfigKeys (ConfUtils.java:logGet(46)) - raft.server.log.appender.buffer.byte-limit = 8388608 (custom)
2024-04-26 07:45:23,479 [ac5950e9-78e7-4600-acb8-d4807d98be63-groupManagement] INFO  server.RaftServerConfigKeys (ConfUtils.java:logGet(46)) - raft.server.log.statemachine.data.read.timeout = 1000ms (default)
2024-04-26 07:45:23,479 [ac5950e9-78e7-4600-acb8-d4807d98be63-groupManagement] INFO  server.RaftServerConfigKeys (ConfUtils.java:logGet(46)) - raft.server.log.purge.preservation.log.num = 0 (default)
2024-04-26 07:45:23,480 [EventQueue-PipelineReportForPipelineReportHandler] INFO  pipeline.PipelineReportHandler (PipelineReportHandler.java:processPipelineReport(136)) - Opened pipeline PipelineID=0eeb85e4-39f8-46f2-9a5c-266f61e7352e
2024-04-26 07:45:23,480 [EventQueue-OpenPipelineForHealthyPipelineSafeModeRule] INFO  safemode.SCMSafeModeManager (HealthyPipelineSafeModeRule.java:process(140)) - SCM in safe mode. Healthy pipelines reported count is 0, required healthy pipeline reported count is 1
2024-04-26 07:45:23,480 [80986ccd-c217-439b-b85b-0b259797a488-groupManagement] INFO  util.AwaitToRun (AwaitToRun.java:start(81)) - Thread[80986ccd-c217-439b-b85b-0b259797a488@group-AC1F55C45F87-cacheEviction-AwaitToRun,5,main] started
2024-04-26 07:45:23,480 [80986ccd-c217-439b-b85b-0b259797a488-groupManagement] INFO  segmented.SegmentedRaftLogWorker (SegmentedRaftLogWorker.java:<init>(182)) - new 80986ccd-c217-439b-b85b-0b259797a488@group-AC1F55C45F87-SegmentedRaftLogWorker for RaftStorageImpl:Storage Directory /home/runner/work/ozone/ozone/hadoop-ozone/integration-test/target/test-dir/MiniOzoneClusterImpl-f8a85056-d908-4111-b8ec-0d6f55fc62ea/ozone-meta/datanode-8/ratis/88fe2527-0b70-47e4-af82-ac1f55c45f87
2024-04-26 07:45:23,480 [80986ccd-c217-439b-b85b-0b259797a488-groupManagement] INFO  server.RaftServerConfigKeys (ConfUtils.java:logGet(46)) - raft.server.log.queue.byte-limit = 4294967296 (custom)
2024-04-26 07:45:23,480 [80986ccd-c217-439b-b85b-0b259797a488-groupManagement] INFO  server.RaftServerConfigKeys (ConfUtils.java:logGet(46)) - raft.server.log.queue.element-limit = 1024 (custom)
2024-04-26 07:45:23,480 [80986ccd-c217-439b-b85b-0b259797a488-groupManagement] INFO  server.RaftServerConfigKeys (ConfUtils.java:logGet(46)) - raft.server.log.segment.size.max = 67108864 (custom)
2024-04-26 07:45:23,480 [80986ccd-c217-439b-b85b-0b259797a488-groupManagement] INFO  server.RaftServerConfigKeys (ConfUtils.java:logGet(46)) - raft.server.log.preallocated.size = 4194304 (custom)
2024-04-26 07:45:23,480 [80986ccd-c217-439b-b85b-0b259797a488-groupManagement] INFO  server.RaftServerConfigKeys (ConfUtils.java:logGet(46)) - raft.server.log.force.sync.num = 128 (default)
2024-04-26 07:45:23,481 [80986ccd-c217-439b-b85b-0b259797a488-groupManagement] INFO  server.RaftServerConfigKeys (ConfUtils.java:logGet(46)) - raft.server.log.statemachine.data.sync = true (default)
2024-04-26 07:45:23,481 [80986ccd-c217-439b-b85b-0b259797a488-groupManagement] INFO  server.RaftServerConfigKeys (ConfUtils.java:logGet(46)) - raft.server.log.statemachine.data.sync.timeout = 10s (default)
2024-04-26 07:45:23,481 [80986ccd-c217-439b-b85b-0b259797a488-groupManagement] INFO  server.RaftServerConfigKeys (ConfUtils.java:logGet(46)) - raft.server.log.statemachine.data.sync.timeout.retry = 30 (custom)
2024-04-26 07:45:23,482 [80986ccd-c217-439b-b85b-0b259797a488-groupManagement] INFO  server.RaftServerConfigKeys (ConfUtils.java:logGet(46)) - raft.server.log.write.buffer.size = 8388616 (custom)
2024-04-26 07:45:23,482 [ac5950e9-78e7-4600-acb8-d4807d98be63-groupManagement] INFO  server.RaftServerConfigKeys (ConfUtils.java:logGet(46)) - raft.server.log.segment.size.max = 67108864 (custom)
2024-04-26 07:45:23,483 [ac5950e9-78e7-4600-acb8-d4807d98be63-groupManagement] INFO  server.RaftServerConfigKeys (ConfUtils.java:logGet(46)) - raft.server.log.segment.cache.num.max = 2 (custom)
2024-04-26 07:45:23,483 [ac5950e9-78e7-4600-acb8-d4807d98be63-groupManagement] INFO  server.RaftServerConfigKeys (ConfUtils.java:logGet(46)) - raft.server.log.segment.cache.size.max = 200MB (=209715200) (default)
2024-04-26 07:45:23,483 [ac5950e9-78e7-4600-acb8-d4807d98be63-groupManagement] INFO  server.RaftServerConfigKeys (ConfUtils.java:logGet(46)) - raft.server.log.appender.buffer.byte-limit = 8388608 (custom)
2024-04-26 07:45:23,484 [ac5950e9-78e7-4600-acb8-d4807d98be63-groupManagement] INFO  util.AwaitToRun (AwaitToRun.java:start(81)) - Thread[ac5950e9-78e7-4600-acb8-d4807d98be63@group-266F61E7352E-cacheEviction-AwaitToRun,5,main] started
2024-04-26 07:45:23,484 [ac5950e9-78e7-4600-acb8-d4807d98be63-groupManagement] INFO  segmented.SegmentedRaftLogWorker (SegmentedRaftLogWorker.java:<init>(182)) - new ac5950e9-78e7-4600-acb8-d4807d98be63@group-266F61E7352E-SegmentedRaftLogWorker for RaftStorageImpl:Storage Directory /home/runner/work/ozone/ozone/hadoop-ozone/integration-test/target/test-dir/MiniOzoneClusterImpl-f8a85056-d908-4111-b8ec-0d6f55fc62ea/ozone-meta/datanode-9/ratis/0eeb85e4-39f8-46f2-9a5c-266f61e7352e
2024-04-26 07:45:23,484 [ac5950e9-78e7-4600-acb8-d4807d98be63-groupManagement] INFO  server.RaftServerConfigKeys (ConfUtils.java:logGet(46)) - raft.server.log.queue.byte-limit = 4294967296 (custom)
2024-04-26 07:45:23,484 [ac5950e9-78e7-4600-acb8-d4807d98be63-groupManagement] INFO  server.RaftServerConfigKeys (ConfUtils.java:logGet(46)) - raft.server.log.queue.element-limit = 1024 (custom)
2024-04-26 07:45:23,484 [ac5950e9-78e7-4600-acb8-d4807d98be63-groupManagement] INFO  server.RaftServerConfigKeys (ConfUtils.java:logGet(46)) - raft.server.log.segment.size.max = 67108864 (custom)
2024-04-26 07:45:23,484 [ac5950e9-78e7-4600-acb8-d4807d98be63-groupManagement] INFO  server.RaftServerConfigKeys (ConfUtils.java:logGet(46)) - raft.server.log.preallocated.size = 4194304 (custom)
2024-04-26 07:45:23,485 [ac5950e9-78e7-4600-acb8-d4807d98be63-groupManagement] INFO  server.RaftServerConfigKeys (ConfUtils.java:logGet(46)) - raft.server.log.force.sync.num = 128 (default)
2024-04-26 07:45:23,485 [ac5950e9-78e7-4600-acb8-d4807d98be63-groupManagement] INFO  server.RaftServerConfigKeys (ConfUtils.java:logGet(46)) - raft.server.log.statemachine.data.sync = true (default)
2024-04-26 07:45:23,485 [ac5950e9-78e7-4600-acb8-d4807d98be63-groupManagement] INFO  server.RaftServerConfigKeys (ConfUtils.java:logGet(46)) - raft.server.log.statemachine.data.sync.timeout = 10s (default)
2024-04-26 07:45:23,485 [ac5950e9-78e7-4600-acb8-d4807d98be63-groupManagement] INFO  server.RaftServerConfigKeys (ConfUtils.java:logGet(46)) - raft.server.log.statemachine.data.sync.timeout.retry = 30 (custom)
2024-04-26 07:45:23,485 [ac5950e9-78e7-4600-acb8-d4807d98be63-groupManagement] INFO  server.RaftServerConfigKeys (ConfUtils.java:logGet(46)) - raft.server.log.write.buffer.size = 8388616 (custom)
2024-04-26 07:45:23,485 [80986ccd-c217-439b-b85b-0b259797a488-groupManagement] INFO  server.RaftServerConfigKeys (ConfUtils.java:logGet(46)) - raft.server.log.appender.buffer.byte-limit = 8388608 (custom)
2024-04-26 07:45:23,486 [80986ccd-c217-439b-b85b-0b259797a488-groupManagement] INFO  server.RaftServerConfigKeys (ConfUtils.java:logGet(46)) - raft.server.log.unsafe-flush.enabled = false (default)
2024-04-26 07:45:23,486 [80986ccd-c217-439b-b85b-0b259797a488-groupManagement] INFO  server.RaftServerConfigKeys (ConfUtils.java:logGet(46)) - raft.server.log.async-flush.enabled = false (default)
2024-04-26 07:45:23,486 [80986ccd-c217-439b-b85b-0b259797a488-groupManagement] INFO  server.RaftServerConfigKeys (ConfUtils.java:logGet(46)) - raft.server.log.statemachine.data.caching.enabled = true (custom)
2024-04-26 07:45:23,486 [80986ccd-c217-439b-b85b-0b259797a488-groupManagement] INFO  segmented.SegmentedRaftLogWorker (SegmentedRaftLogWorker.java:lambda$new$0(134)) - 80986ccd-c217-439b-b85b-0b259797a488@group-AC1F55C45F87-SegmentedRaftLogWorker: flushIndex: setUnconditionally 0 -> -1
2024-04-26 07:45:23,486 [80986ccd-c217-439b-b85b-0b259797a488-groupManagement] INFO  segmented.SegmentedRaftLogWorker (SegmentedRaftLogWorker.java:lambda$new$0(134)) - 80986ccd-c217-439b-b85b-0b259797a488@group-AC1F55C45F87-SegmentedRaftLogWorker: safeCacheEvictIndex: setUnconditionally 0 -> -1
2024-04-26 07:45:23,487 [ac5950e9-78e7-4600-acb8-d4807d98be63-groupManagement] INFO  server.RaftServerConfigKeys (ConfUtils.java:logGet(46)) - raft.server.log.appender.buffer.byte-limit = 8388608 (custom)
2024-04-26 07:45:23,487 [ac5950e9-78e7-4600-acb8-d4807d98be63-groupManagement] INFO  server.RaftServerConfigKeys (ConfUtils.java:logGet(46)) - raft.server.log.unsafe-flush.enabled = false (default)
2024-04-26 07:45:23,487 [ac5950e9-78e7-4600-acb8-d4807d98be63-groupManagement] INFO  server.RaftServerConfigKeys (ConfUtils.java:logGet(46)) - raft.server.log.async-flush.enabled = false (default)
2024-04-26 07:45:23,487 [ac5950e9-78e7-4600-acb8-d4807d98be63-groupManagement] INFO  server.RaftServerConfigKeys (ConfUtils.java:logGet(46)) - raft.server.log.statemachine.data.caching.enabled = true (custom)
2024-04-26 07:45:23,487 [ac5950e9-78e7-4600-acb8-d4807d98be63-groupManagement] INFO  segmented.SegmentedRaftLogWorker (SegmentedRaftLogWorker.java:lambda$new$0(134)) - ac5950e9-78e7-4600-acb8-d4807d98be63@group-266F61E7352E-SegmentedRaftLogWorker: flushIndex: setUnconditionally 0 -> -1
2024-04-26 07:45:23,487 [ac5950e9-78e7-4600-acb8-d4807d98be63-groupManagement] INFO  segmented.SegmentedRaftLogWorker (SegmentedRaftLogWorker.java:lambda$new$0(134)) - ac5950e9-78e7-4600-acb8-d4807d98be63@group-266F61E7352E-SegmentedRaftLogWorker: safeCacheEvictIndex: setUnconditionally 0 -> -1
2024-04-26 07:45:23,488 [80986ccd-c217-439b-b85b-0b259797a488-groupManagement] INFO  server.RaftServer$Division (RaftServerImpl.java:start(396)) - 80986ccd-c217-439b-b85b-0b259797a488@group-AC1F55C45F87: start as a follower, conf=-1: peers:[ac5950e9-78e7-4600-acb8-d4807d98be63|127.0.0.1:15442, 00cfc371-235c-47c8-bc9b-47247119d947|127.0.0.1:15424, 80986ccd-c217-439b-b85b-0b259797a488|127.0.0.1:15433]|listeners:[], old=null
2024-04-26 07:45:23,489 [80986ccd-c217-439b-b85b-0b259797a488-groupManagement] INFO  server.RaftServer$Division (RaftServerImpl.java:setRole(383)) - 80986ccd-c217-439b-b85b-0b259797a488@group-AC1F55C45F87: changes role from      null to FOLLOWER at term 0 for startAsFollower
2024-04-26 07:45:23,489 [80986ccd-c217-439b-b85b-0b259797a488-groupManagement] INFO  impl.RoleInfo (RoleInfo.java:updateAndGet(139)) - 80986ccd-c217-439b-b85b-0b259797a488: start 80986ccd-c217-439b-b85b-0b259797a488@group-AC1F55C45F87-FollowerState
2024-04-26 07:45:23,490 [80986ccd-c217-439b-b85b-0b259797a488@group-AC1F55C45F87-FollowerState] INFO  server.RaftServerConfigKeys (ConfUtils.java:logFallback(53)) - raft.server.rpc.first-election.timeout.min = 5s (fallback to raft.server.rpc.timeout.min)
2024-04-26 07:45:23,490 [80986ccd-c217-439b-b85b-0b259797a488@group-AC1F55C45F87-FollowerState] INFO  server.RaftServerConfigKeys (ConfUtils.java:logFallback(53)) - raft.server.rpc.first-election.timeout.max = 5200ms (fallback to raft.server.rpc.timeout.max)
2024-04-26 07:45:23,490 [80986ccd-c217-439b-b85b-0b259797a488-groupManagement] INFO  util.JmxRegister (JmxRegister.java:tryRegister(44)) - Successfully registered JMX Bean with object name Ratis:service=RaftServer,group=group-AC1F55C45F87,id=80986ccd-c217-439b-b85b-0b259797a488
2024-04-26 07:45:23,490 [80986ccd-c217-439b-b85b-0b259797a488-groupManagement] INFO  server.RaftServerConfigKeys (ConfUtils.java:logGet(46)) - raft.server.snapshot.trigger-when-stop.enabled = true (default)
2024-04-26 07:45:23,490 [80986ccd-c217-439b-b85b-0b259797a488-groupManagement] INFO  server.RaftServerConfigKeys (ConfUtils.java:logGet(46)) - raft.server.snapshot.auto.trigger.enabled = true (custom)
2024-04-26 07:45:23,490 [80986ccd-c217-439b-b85b-0b259797a488-groupManagement] INFO  server.RaftServerConfigKeys (ConfUtils.java:logGet(46)) - raft.server.snapshot.auto.trigger.threshold = 10000 (custom)
2024-04-26 07:45:23,490 [80986ccd-c217-439b-b85b-0b259797a488-groupManagement] INFO  server.RaftServerConfigKeys (ConfUtils.java:logGet(46)) - raft.server.snapshot.retention.file.num = 5 (custom)
2024-04-26 07:45:23,491 [80986ccd-c217-439b-b85b-0b259797a488-groupManagement] INFO  server.RaftServerConfigKeys (ConfUtils.java:logGet(46)) - raft.server.log.purge.upto.snapshot.index = false (default)
2024-04-26 07:45:23,491 [ac5950e9-78e7-4600-acb8-d4807d98be63-groupManagement] INFO  server.RaftServer$Division (RaftServerImpl.java:start(396)) - ac5950e9-78e7-4600-acb8-d4807d98be63@group-266F61E7352E: start as a follower, conf=-1: peers:[ac5950e9-78e7-4600-acb8-d4807d98be63|127.0.0.1:15442]|listeners:[], old=null
2024-04-26 07:45:23,491 [ac5950e9-78e7-4600-acb8-d4807d98be63-groupManagement] INFO  server.RaftServer$Division (RaftServerImpl.java:setRole(383)) - ac5950e9-78e7-4600-acb8-d4807d98be63@group-266F61E7352E: changes role from      null to FOLLOWER at term 0 for startAsFollower
2024-04-26 07:45:23,491 [80986ccd-c217-439b-b85b-0b259797a488-PipelineCommandHandlerThread-0] INFO  ratis.XceiverServerRatis (XceiverServerRatis.java:addGroup(864)) - Created group PipelineID=88fe2527-0b70-47e4-af82-ac1f55c45f87
2024-04-26 07:45:23,492 [ac5950e9-78e7-4600-acb8-d4807d98be63-groupManagement] INFO  impl.RoleInfo (RoleInfo.java:updateAndGet(139)) - ac5950e9-78e7-4600-acb8-d4807d98be63: start ac5950e9-78e7-4600-acb8-d4807d98be63@group-266F61E7352E-FollowerState
2024-04-26 07:45:23,493 [ac5950e9-78e7-4600-acb8-d4807d98be63-groupManagement] INFO  util.JmxRegister (JmxRegister.java:tryRegister(44)) - Successfully registered JMX Bean with object name Ratis:service=RaftServer,group=group-266F61E7352E,id=ac5950e9-78e7-4600-acb8-d4807d98be63
2024-04-26 07:45:23,493 [ac5950e9-78e7-4600-acb8-d4807d98be63-groupManagement] INFO  server.RaftServerConfigKeys (ConfUtils.java:logGet(46)) - raft.server.snapshot.trigger-when-stop.enabled = true (default)
2024-04-26 07:45:23,493 [ac5950e9-78e7-4600-acb8-d4807d98be63-groupManagement] INFO  server.RaftServerConfigKeys (ConfUtils.java:logGet(46)) - raft.server.snapshot.auto.trigger.enabled = true (custom)
2024-04-26 07:45:23,493 [ac5950e9-78e7-4600-acb8-d4807d98be63@group-266F61E7352E-FollowerState] INFO  server.RaftServerConfigKeys (ConfUtils.java:logFallback(53)) - raft.server.rpc.first-election.timeout.min = 5s (fallback to raft.server.rpc.timeout.min)
2024-04-26 07:45:23,493 [ac5950e9-78e7-4600-acb8-d4807d98be63@group-266F61E7352E-FollowerState] INFO  server.RaftServerConfigKeys (ConfUtils.java:logFallback(53)) - raft.server.rpc.first-election.timeout.max = 5200ms (fallback to raft.server.rpc.timeout.max)
2024-04-26 07:45:23,493 [ac5950e9-78e7-4600-acb8-d4807d98be63-groupManagement] INFO  server.RaftServerConfigKeys (ConfUtils.java:logGet(46)) - raft.server.snapshot.auto.trigger.threshold = 10000 (custom)
2024-04-26 07:45:23,493 [ac5950e9-78e7-4600-acb8-d4807d98be63-groupManagement] INFO  server.RaftServerConfigKeys (ConfUtils.java:logGet(46)) - raft.server.snapshot.retention.file.num = 5 (custom)
2024-04-26 07:45:23,493 [ac5950e9-78e7-4600-acb8-d4807d98be63-groupManagement] INFO  server.RaftServerConfigKeys (ConfUtils.java:logGet(46)) - raft.server.log.purge.upto.snapshot.index = false (default)
2024-04-26 07:45:23,493 [ac5950e9-78e7-4600-acb8-d4807d98be63-PipelineCommandHandlerThread-0] INFO  ratis.XceiverServerRatis (XceiverServerRatis.java:addGroup(864)) - Created group PipelineID=0eeb85e4-39f8-46f2-9a5c-266f61e7352e
2024-04-26 07:45:23,493 [ac5950e9-78e7-4600-acb8-d4807d98be63-PipelineCommandHandlerThread-0] INFO  commandhandler.CreatePipelineCommandHandler (CreatePipelineCommandHandler.java:lambda$handle$2(124)) - Created Pipeline RATIS ONE PipelineID=0eeb85e4-39f8-46f2-9a5c-266f61e7352e.
2024-04-26 07:45:23,511 [80986ccd-c217-439b-b85b-0b259797a488-PipelineCommandHandlerThread-0] INFO  commandhandler.CreatePipelineCommandHandler (CreatePipelineCommandHandler.java:lambda$handle$2(124)) - Created Pipeline RATIS THREE PipelineID=88fe2527-0b70-47e4-af82-ac1f55c45f87.
2024-04-26 07:45:24,464 [main] INFO  ozone.MiniOzoneClusterImpl (MiniOzoneClusterImpl.java:lambda$waitForClusterToBeReady$0(194)) - Nodes are ready. Got 9 of 9 DN Heartbeats.
2024-04-26 07:45:24,464 [main] INFO  ozone.MiniOzoneClusterImpl (MiniOzoneClusterImpl.java:lambda$waitForClusterToBeReady$0(197)) - Waiting for cluster to exit safe mode
2024-04-26 07:45:24,464 [main] INFO  ozone.MiniOzoneClusterImpl (MiniOzoneClusterImpl.java:lambda$waitForClusterToBeReady$0(199)) - SCM became leader
2024-04-26 07:45:25,465 [main] INFO  ozone.MiniOzoneClusterImpl (MiniOzoneClusterImpl.java:lambda$waitForClusterToBeReady$0(194)) - Nodes are ready. Got 9 of 9 DN Heartbeats.
2024-04-26 07:45:25,465 [main] INFO  ozone.MiniOzoneClusterImpl (MiniOzoneClusterImpl.java:lambda$waitForClusterToBeReady$0(197)) - Waiting for cluster to exit safe mode
2024-04-26 07:45:25,465 [main] INFO  ozone.MiniOzoneClusterImpl (MiniOzoneClusterImpl.java:lambda$waitForClusterToBeReady$0(199)) - SCM became leader
2024-04-26 07:45:26,465 [main] INFO  ozone.MiniOzoneClusterImpl (MiniOzoneClusterImpl.java:lambda$waitForClusterToBeReady$0(194)) - Nodes are ready. Got 9 of 9 DN Heartbeats.
2024-04-26 07:45:26,465 [main] INFO  ozone.MiniOzoneClusterImpl (MiniOzoneClusterImpl.java:lambda$waitForClusterToBeReady$0(197)) - Waiting for cluster to exit safe mode
2024-04-26 07:45:26,465 [main] INFO  ozone.MiniOzoneClusterImpl (MiniOzoneClusterImpl.java:lambda$waitForClusterToBeReady$0(199)) - SCM became leader
2024-04-26 07:45:27,465 [main] INFO  ozone.MiniOzoneClusterImpl (MiniOzoneClusterImpl.java:lambda$waitForClusterToBeReady$0(194)) - Nodes are ready. Got 9 of 9 DN Heartbeats.
2024-04-26 07:45:27,466 [main] INFO  ozone.MiniOzoneClusterImpl (MiniOzoneClusterImpl.java:lambda$waitForClusterToBeReady$0(197)) - Waiting for cluster to exit safe mode
2024-04-26 07:45:27,466 [main] INFO  ozone.MiniOzoneClusterImpl (MiniOzoneClusterImpl.java:lambda$waitForClusterToBeReady$0(199)) - SCM became leader
2024-04-26 07:45:28,078 [f684478f-b568-4af5-8d70-73cde96e1eae@group-C54612E089BE-FollowerState] INFO  impl.FollowerState (FollowerState.java:run(143)) - f684478f-b568-4af5-8d70-73cde96e1eae@group-C54612E089BE-FollowerState: change to CANDIDATE, lastRpcElapsedTime:5012251488ns, electionTimeout:5011ms
2024-04-26 07:45:28,078 [f684478f-b568-4af5-8d70-73cde96e1eae@group-C54612E089BE-FollowerState] INFO  impl.RoleInfo (RoleInfo.java:shutdownFollowerState(110)) - f684478f-b568-4af5-8d70-73cde96e1eae: shutdown f684478f-b568-4af5-8d70-73cde96e1eae@group-C54612E089BE-FollowerState
2024-04-26 07:45:28,078 [f684478f-b568-4af5-8d70-73cde96e1eae@group-C54612E089BE-FollowerState] INFO  server.RaftServer$Division (RaftServerImpl.java:setRole(383)) - f684478f-b568-4af5-8d70-73cde96e1eae@group-C54612E089BE: changes role from  FOLLOWER to CANDIDATE at term 0 for changeToCandidate
2024-04-26 07:45:28,078 [f684478f-b568-4af5-8d70-73cde96e1eae@group-C54612E089BE-FollowerState] INFO  server.RaftServerConfigKeys (ConfUtils.java:logGet(46)) - raft.server.leaderelection.pre-vote = true (default)
2024-04-26 07:45:28,078 [f684478f-b568-4af5-8d70-73cde96e1eae@group-C54612E089BE-FollowerState] INFO  impl.RoleInfo (RoleInfo.java:updateAndGet(139)) - f684478f-b568-4af5-8d70-73cde96e1eae: start f684478f-b568-4af5-8d70-73cde96e1eae@group-C54612E089BE-LeaderElection61
2024-04-26 07:45:28,078 [f684478f-b568-4af5-8d70-73cde96e1eae@group-C54612E089BE-LeaderElection61] INFO  impl.LeaderElection (LeaderElection.java:askForVotes(321)) - f684478f-b568-4af5-8d70-73cde96e1eae@group-C54612E089BE-LeaderElection61 PRE_VOTE round 0: submit vote requests at term 0 for -1: peers:[f684478f-b568-4af5-8d70-73cde96e1eae|127.0.0.1:15370]|listeners:[], old=null
2024-04-26 07:45:28,079 [f684478f-b568-4af5-8d70-73cde96e1eae@group-C54612E089BE-LeaderElection61] INFO  impl.LeaderElection (LeaderElection.java:askForVotes(323)) - f684478f-b568-4af5-8d70-73cde96e1eae@group-C54612E089BE-LeaderElection61 PRE_VOTE round 0: result PASSED (term=0)
2024-04-26 07:45:28,080 [f684478f-b568-4af5-8d70-73cde96e1eae@group-C54612E089BE-LeaderElection61] INFO  impl.LeaderElection (LeaderElection.java:askForVotes(321)) - f684478f-b568-4af5-8d70-73cde96e1eae@group-C54612E089BE-LeaderElection61 ELECTION round 0: submit vote requests at term 1 for -1: peers:[f684478f-b568-4af5-8d70-73cde96e1eae|127.0.0.1:15370]|listeners:[], old=null
2024-04-26 07:45:28,080 [f684478f-b568-4af5-8d70-73cde96e1eae@group-C54612E089BE-LeaderElection61] INFO  impl.LeaderElection (LeaderElection.java:askForVotes(323)) - f684478f-b568-4af5-8d70-73cde96e1eae@group-C54612E089BE-LeaderElection61 ELECTION round 0: result PASSED (term=1)
2024-04-26 07:45:28,080 [f684478f-b568-4af5-8d70-73cde96e1eae@group-C54612E089BE-LeaderElection61] INFO  impl.RoleInfo (RoleInfo.java:shutdownLeaderElection(130)) - f684478f-b568-4af5-8d70-73cde96e1eae: shutdown f684478f-b568-4af5-8d70-73cde96e1eae@group-C54612E089BE-LeaderElection61
2024-04-26 07:45:28,080 [f684478f-b568-4af5-8d70-73cde96e1eae@group-C54612E089BE-LeaderElection61] INFO  server.RaftServer$Division (RaftServerImpl.java:setRole(383)) - f684478f-b568-4af5-8d70-73cde96e1eae@group-C54612E089BE: changes role from CANDIDATE to LEADER at term 1 for changeToLeader
2024-04-26 07:45:28,080 [f684478f-b568-4af5-8d70-73cde96e1eae@group-C54612E089BE-LeaderElection61] INFO  server.RaftServerConfigKeys (ConfUtils.java:logGet(46)) - raft.server.staging.catchup.gap = 1000 (default)
2024-04-26 07:45:28,080 [f684478f-b568-4af5-8d70-73cde96e1eae@group-C54612E089BE-LeaderElection61] INFO  server.RaftServerConfigKeys (ConfUtils.java:logGet(46)) - raft.server.write.element-limit = 1024 (custom)
2024-04-26 07:45:28,080 [f684478f-b568-4af5-8d70-73cde96e1eae@group-C54612E089BE-LeaderElection61] INFO  server.RaftServerConfigKeys (ConfUtils.java:logGet(46)) - raft.server.write.byte-limit = 1024 M (=1073741824) (custom)
2024-04-26 07:45:28,080 [f684478f-b568-4af5-8d70-73cde96e1eae@group-C54612E089BE-LeaderElection61] INFO  server.RaftServerConfigKeys (ConfUtils.java:logGet(46)) - raft.server.watch.timeout = 3000ms (custom)
2024-04-26 07:45:28,080 [f684478f-b568-4af5-8d70-73cde96e1eae@group-C54612E089BE-LeaderElection61] INFO  server.RaftServerConfigKeys (ConfUtils.java:logGet(46)) - raft.server.watch.timeout.denomination = 1s (default)
2024-04-26 07:45:28,080 [f684478f-b568-4af5-8d70-73cde96e1eae@group-C54612E089BE-LeaderElection61] INFO  server.RaftServerConfigKeys (ConfUtils.java:logGet(46)) - raft.server.watch.element-limit = 65536 (default)
2024-04-26 07:45:28,080 [f684478f-b568-4af5-8d70-73cde96e1eae@group-C54612E089BE-LeaderElection61] INFO  server.RaftServerConfigKeys (ConfUtils.java:logGet(46)) - raft.server.read.leader.lease.enabled = false (default)
2024-04-26 07:45:28,081 [f684478f-b568-4af5-8d70-73cde96e1eae@group-C54612E089BE-LeaderElection61] INFO  server.RaftServerConfigKeys (ConfUtils.java:logGet(46)) - raft.server.read.leader.lease.timeout.ratio = 0.9 (default)
2024-04-26 07:45:28,081 [f684478f-b568-4af5-8d70-73cde96e1eae@group-C54612E089BE-LeaderElection61] INFO  server.RaftServerConfigKeys (ConfUtils.java:logGet(46)) - raft.server.rpc.timeout.min = 5s (custom)
2024-04-26 07:45:28,081 [f684478f-b568-4af5-8d70-73cde96e1eae@group-C54612E089BE-LeaderElection61] INFO  server.RaftServerConfigKeys (ConfUtils.java:logGet(46)) - raft.server.write.element-limit = 1024 (custom)
2024-04-26 07:45:28,081 [f684478f-b568-4af5-8d70-73cde96e1eae@group-C54612E089BE-LeaderElection61] INFO  server.RaftServerConfigKeys (ConfUtils.java:logGet(46)) - raft.server.write.follower.gap.ratio.max = -1.0 (default)
2024-04-26 07:45:28,081 [f684478f-b568-4af5-8d70-73cde96e1eae@group-C54612E089BE-LeaderElection61] INFO  impl.RoleInfo (RoleInfo.java:updateAndGet(139)) - f684478f-b568-4af5-8d70-73cde96e1eae: start f684478f-b568-4af5-8d70-73cde96e1eae@group-C54612E089BE-LeaderStateImpl
2024-04-26 07:45:28,081 [f684478f-b568-4af5-8d70-73cde96e1eae@group-C54612E089BE-LeaderElection61] INFO  server.RaftServer$Division (RaftServerImpl.java:setFirstElection(574)) - f684478f-b568-4af5-8d70-73cde96e1eae@group-C54612E089BE: set firstElectionSinceStartup to false for becomeLeader
2024-04-26 07:45:28,081 [f684478f-b568-4af5-8d70-73cde96e1eae@group-C54612E089BE-LeaderElection61] INFO  ratis.XceiverServerRatis (XceiverServerRatis.java:handleLeaderChangedNotification(966)) - Leader change notification received for group: group-C54612E089BE with new leaderId: f684478f-b568-4af5-8d70-73cde96e1eae
2024-04-26 07:45:28,081 [f684478f-b568-4af5-8d70-73cde96e1eae@group-C54612E089BE-LeaderElection61] INFO  server.RaftServer$Division (ServerState.java:setLeader(269)) - f684478f-b568-4af5-8d70-73cde96e1eae@group-C54612E089BE: change Leader from null to f684478f-b568-4af5-8d70-73cde96e1eae at term 1 for becomeLeader, leader elected after 5025ms
2024-04-26 07:45:28,081 [f684478f-b568-4af5-8d70-73cde96e1eae@group-C54612E089BE-LeaderElection61] INFO  segmented.SegmentedRaftLogWorker (SegmentedRaftLogWorker.java:startLogSegment(430)) - f684478f-b568-4af5-8d70-73cde96e1eae@group-C54612E089BE-SegmentedRaftLogWorker: Starting segment from index:0
2024-04-26 07:45:28,081 [f684478f-b568-4af5-8d70-73cde96e1eae@group-C54612E089BE-SegmentedRaftLogWorker] INFO  segmented.BufferedWriteChannel (BufferedWriteChannel.java:open(62)) - open log_inprogress_0 at position 0
2024-04-26 07:45:28,083 [EventQueue-OpenPipelineForHealthyPipelineSafeModeRule] INFO  safemode.SCMSafeModeManager (HealthyPipelineSafeModeRule.java:process(140)) - SCM in safe mode. Healthy pipelines reported count is 0, required healthy pipeline reported count is 1
2024-04-26 07:45:28,084 [f684478f-b568-4af5-8d70-73cde96e1eae@group-C54612E089BE-LeaderElection61] INFO  server.RaftServer$Division (ServerState.java:setRaftConf(386)) - f684478f-b568-4af5-8d70-73cde96e1eae@group-C54612E089BE: set configuration 0: peers:[f684478f-b568-4af5-8d70-73cde96e1eae|127.0.0.1:15370]|listeners:[], old=null
2024-04-26 07:45:28,089 [f684478f-b568-4af5-8d70-73cde96e1eae@group-C54612E089BE-SegmentedRaftLogWorker] INFO  segmented.SegmentedRaftLogWorker (SegmentedRaftLogWorker.java:execute(634)) - f684478f-b568-4af5-8d70-73cde96e1eae@group-C54612E089BE-SegmentedRaftLogWorker: created new log segment /home/runner/work/ozone/ozone/hadoop-ozone/integration-test/target/test-dir/MiniOzoneClusterImpl-f8a85056-d908-4111-b8ec-0d6f55fc62ea/ozone-meta/datanode-1/ratis/15d9835e-c1b5-4dbb-aa01-c54612e089be/current/log_inprogress_0
2024-04-26 07:45:28,090 [f684478f-b568-4af5-8d70-73cde96e1eae@group-C54612E089BE-StateMachineUpdater] INFO  server.RaftServer$Division (LeaderStateImpl.java:isApplied(320)) - leader is ready since appliedIndex == 0 >= startIndex == 0
2024-04-26 07:45:28,204 [69327c76-d33b-4896-9f65-b4e7feed79ae@group-E8836541D941-FollowerState] INFO  impl.FollowerState (FollowerState.java:run(143)) - 69327c76-d33b-4896-9f65-b4e7feed79ae@group-E8836541D941-FollowerState: change to CANDIDATE, lastRpcElapsedTime:5111435348ns, electionTimeout:5111ms
2024-04-26 07:45:28,204 [69327c76-d33b-4896-9f65-b4e7feed79ae@group-E8836541D941-FollowerState] INFO  impl.RoleInfo (RoleInfo.java:shutdownFollowerState(110)) - 69327c76-d33b-4896-9f65-b4e7feed79ae: shutdown 69327c76-d33b-4896-9f65-b4e7feed79ae@group-E8836541D941-FollowerState
2024-04-26 07:45:28,204 [69327c76-d33b-4896-9f65-b4e7feed79ae@group-E8836541D941-FollowerState] INFO  server.RaftServer$Division (RaftServerImpl.java:setRole(383)) - 69327c76-d33b-4896-9f65-b4e7feed79ae@group-E8836541D941: changes role from  FOLLOWER to CANDIDATE at term 0 for changeToCandidate
2024-04-26 07:45:28,204 [69327c76-d33b-4896-9f65-b4e7feed79ae@group-E8836541D941-FollowerState] INFO  server.RaftServerConfigKeys (ConfUtils.java:logGet(46)) - raft.server.leaderelection.pre-vote = true (default)
2024-04-26 07:45:28,204 [69327c76-d33b-4896-9f65-b4e7feed79ae@group-E8836541D941-FollowerState] INFO  impl.RoleInfo (RoleInfo.java:updateAndGet(139)) - 69327c76-d33b-4896-9f65-b4e7feed79ae: start 69327c76-d33b-4896-9f65-b4e7feed79ae@group-E8836541D941-LeaderElection62
2024-04-26 07:45:28,204 [69327c76-d33b-4896-9f65-b4e7feed79ae@group-E8836541D941-LeaderElection62] INFO  impl.LeaderElection (LeaderElection.java:askForVotes(321)) - 69327c76-d33b-4896-9f65-b4e7feed79ae@group-E8836541D941-LeaderElection62 PRE_VOTE round 0: submit vote requests at term 0 for -1: peers:[cad2128f-a1ed-4156-bd3d-e0bb4df6aa32|127.0.0.1:15388, 69327c76-d33b-4896-9f65-b4e7feed79ae|127.0.0.1:15379, f684478f-b568-4af5-8d70-73cde96e1eae|127.0.0.1:15370]|listeners:[], old=null
2024-04-26 07:45:28,205 [69327c76-d33b-4896-9f65-b4e7feed79ae@group-E8836541D941-LeaderElection62-1] INFO  server.GrpcServerProtocolClient (GrpcServerProtocolClient.java:<init>(65)) - Build channel for cad2128f-a1ed-4156-bd3d-e0bb4df6aa32|127.0.0.1:15388
2024-04-26 07:45:28,205 [69327c76-d33b-4896-9f65-b4e7feed79ae@group-E8836541D941-LeaderElection62-2] INFO  server.GrpcServerProtocolClient (GrpcServerProtocolClient.java:<init>(65)) - Build channel for f684478f-b568-4af5-8d70-73cde96e1eae|127.0.0.1:15370
2024-04-26 07:45:28,205 [69327c76-d33b-4896-9f65-b4e7feed79ae@group-E8836541D941-LeaderElection62] INFO  server.RaftServerConfigKeys (ConfUtils.java:logFallback(53)) - raft.server.rpc.first-election.timeout.min = 5s (fallback to raft.server.rpc.timeout.min)
2024-04-26 07:45:28,205 [69327c76-d33b-4896-9f65-b4e7feed79ae@group-E8836541D941-LeaderElection62] INFO  server.RaftServerConfigKeys (ConfUtils.java:logFallback(53)) - raft.server.rpc.first-election.timeout.max = 5200ms (fallback to raft.server.rpc.timeout.max)
2024-04-26 07:45:28,208 [grpc-default-executor-8] INFO  server.RaftServer$Division (RaftServerImpl.java:requestVote(1389)) - cad2128f-a1ed-4156-bd3d-e0bb4df6aa32@group-E8836541D941: receive requestVote(PRE_VOTE, 69327c76-d33b-4896-9f65-b4e7feed79ae, group-E8836541D941, 0, (t:0, i:0))
2024-04-26 07:45:28,209 [grpc-default-executor-8] INFO  impl.VoteContext (VoteContext.java:log(49)) - cad2128f-a1ed-4156-bd3d-e0bb4df6aa32@group-E8836541D941-FOLLOWER: reject PRE_VOTE from 69327c76-d33b-4896-9f65-b4e7feed79ae: our priority 1 > candidate's priority 0
2024-04-26 07:45:28,209 [grpc-default-executor-8] INFO  server.RaftServer$Division (RaftServerImpl.java:requestVote(1422)) - cad2128f-a1ed-4156-bd3d-e0bb4df6aa32@group-E8836541D941 replies to PRE_VOTE vote request: 69327c76-d33b-4896-9f65-b4e7feed79ae<-cad2128f-a1ed-4156-bd3d-e0bb4df6aa32#0:FAIL-t0. Peer's state: cad2128f-a1ed-4156-bd3d-e0bb4df6aa32@group-E8836541D941:t0, leader=null, voted=, raftlog=Memoized:cad2128f-a1ed-4156-bd3d-e0bb4df6aa32@group-E8836541D941-SegmentedRaftLog:OPENED:c-1, conf=-1: peers:[cad2128f-a1ed-4156-bd3d-e0bb4df6aa32|127.0.0.1:15388, 69327c76-d33b-4896-9f65-b4e7feed79ae|127.0.0.1:15379, f684478f-b568-4af5-8d70-73cde96e1eae|127.0.0.1:15370]|listeners:[], old=null
2024-04-26 07:45:28,209 [69327c76-d33b-4896-9f65-b4e7feed79ae@group-E8836541D941-LeaderElection62] INFO  impl.LeaderElection (LeaderElection.java:logAndReturn(89)) - 69327c76-d33b-4896-9f65-b4e7feed79ae@group-E8836541D941-LeaderElection62: PRE_VOTE REJECTED received 1 response(s) and 0 exception(s):
2024-04-26 07:45:28,209 [69327c76-d33b-4896-9f65-b4e7feed79ae@group-E8836541D941-LeaderElection62] INFO  impl.LeaderElection (LeaderElection.java:logAndReturn(93)) -   Response 0: 69327c76-d33b-4896-9f65-b4e7feed79ae<-cad2128f-a1ed-4156-bd3d-e0bb4df6aa32#0:FAIL-t0
2024-04-26 07:45:28,209 [69327c76-d33b-4896-9f65-b4e7feed79ae@group-E8836541D941-LeaderElection62] INFO  impl.LeaderElection (LeaderElection.java:askForVotes(323)) - 69327c76-d33b-4896-9f65-b4e7feed79ae@group-E8836541D941-LeaderElection62 PRE_VOTE round 0: result REJECTED
2024-04-26 07:45:28,209 [69327c76-d33b-4896-9f65-b4e7feed79ae@group-E8836541D941-LeaderElection62] INFO  server.RaftServer$Division (RaftServerImpl.java:setRole(383)) - 69327c76-d33b-4896-9f65-b4e7feed79ae@group-E8836541D941: changes role from CANDIDATE to FOLLOWER at term 0 for REJECTED
2024-04-26 07:45:28,209 [69327c76-d33b-4896-9f65-b4e7feed79ae@group-E8836541D941-LeaderElection62] INFO  impl.RoleInfo (RoleInfo.java:shutdownLeaderElection(130)) - 69327c76-d33b-4896-9f65-b4e7feed79ae: shutdown 69327c76-d33b-4896-9f65-b4e7feed79ae@group-E8836541D941-LeaderElection62
2024-04-26 07:45:28,210 [69327c76-d33b-4896-9f65-b4e7feed79ae@group-E8836541D941-LeaderElection62] INFO  impl.RoleInfo (RoleInfo.java:updateAndGet(139)) - 69327c76-d33b-4896-9f65-b4e7feed79ae: start 69327c76-d33b-4896-9f65-b4e7feed79ae@group-E8836541D941-FollowerState
2024-04-26 07:45:28,210 [69327c76-d33b-4896-9f65-b4e7feed79ae@group-E8836541D941-LeaderElection62] INFO  server.RaftServer$Division (RaftServerImpl.java:setFirstElection(574)) - 69327c76-d33b-4896-9f65-b4e7feed79ae@group-E8836541D941: set firstElectionSinceStartup to false for REJECTED
2024-04-26 07:45:28,210 [grpc-default-executor-8] INFO  server.RaftServer$Division (RaftServerImpl.java:requestVote(1389)) - f684478f-b568-4af5-8d70-73cde96e1eae@group-E8836541D941: receive requestVote(PRE_VOTE, 69327c76-d33b-4896-9f65-b4e7feed79ae, group-E8836541D941, 0, (t:0, i:0))
2024-04-26 07:45:28,210 [grpc-default-executor-8] INFO  impl.VoteContext (VoteContext.java:log(49)) - f684478f-b568-4af5-8d70-73cde96e1eae@group-E8836541D941-FOLLOWER: accept PRE_VOTE from 69327c76-d33b-4896-9f65-b4e7feed79ae: our priority 0 <= candidate's priority 0
2024-04-26 07:45:28,210 [grpc-default-executor-8] INFO  server.RaftServer$Division (RaftServerImpl.java:requestVote(1422)) - f684478f-b568-4af5-8d70-73cde96e1eae@group-E8836541D941 replies to PRE_VOTE vote request: 69327c76-d33b-4896-9f65-b4e7feed79ae<-f684478f-b568-4af5-8d70-73cde96e1eae#0:OK-t0. Peer's state: f684478f-b568-4af5-8d70-73cde96e1eae@group-E8836541D941:t0, leader=null, voted=, raftlog=Memoized:f684478f-b568-4af5-8d70-73cde96e1eae@group-E8836541D941-SegmentedRaftLog:OPENED:c-1, conf=-1: peers:[cad2128f-a1ed-4156-bd3d-e0bb4df6aa32|127.0.0.1:15388, 69327c76-d33b-4896-9f65-b4e7feed79ae|127.0.0.1:15379, f684478f-b568-4af5-8d70-73cde96e1eae|127.0.0.1:15370]|listeners:[], old=null
2024-04-26 07:45:28,250 [cad2128f-a1ed-4156-bd3d-e0bb4df6aa32@group-E8836541D941-FollowerState] INFO  impl.FollowerState (FollowerState.java:run(143)) - cad2128f-a1ed-4156-bd3d-e0bb4df6aa32@group-E8836541D941-FollowerState: change to CANDIDATE, lastRpcElapsedTime:5136062219ns, electionTimeout:5133ms
2024-04-26 07:45:28,250 [cad2128f-a1ed-4156-bd3d-e0bb4df6aa32@group-E8836541D941-FollowerState] INFO  impl.RoleInfo (RoleInfo.java:shutdownFollowerState(110)) - cad2128f-a1ed-4156-bd3d-e0bb4df6aa32: shutdown cad2128f-a1ed-4156-bd3d-e0bb4df6aa32@group-E8836541D941-FollowerState
2024-04-26 07:45:28,250 [cad2128f-a1ed-4156-bd3d-e0bb4df6aa32@group-E8836541D941-FollowerState] INFO  server.RaftServer$Division (RaftServerImpl.java:setRole(383)) - cad2128f-a1ed-4156-bd3d-e0bb4df6aa32@group-E8836541D941: changes role from  FOLLOWER to CANDIDATE at term 0 for changeToCandidate
2024-04-26 07:45:28,251 [cad2128f-a1ed-4156-bd3d-e0bb4df6aa32@group-E8836541D941-FollowerState] INFO  server.RaftServerConfigKeys (ConfUtils.java:logGet(46)) - raft.server.leaderelection.pre-vote = true (default)
2024-04-26 07:45:28,251 [cad2128f-a1ed-4156-bd3d-e0bb4df6aa32@group-E8836541D941-FollowerState] INFO  impl.RoleInfo (RoleInfo.java:updateAndGet(139)) - cad2128f-a1ed-4156-bd3d-e0bb4df6aa32: start cad2128f-a1ed-4156-bd3d-e0bb4df6aa32@group-E8836541D941-LeaderElection63
2024-04-26 07:45:28,251 [cad2128f-a1ed-4156-bd3d-e0bb4df6aa32@group-E8836541D941-LeaderElection63] INFO  impl.LeaderElection (LeaderElection.java:askForVotes(321)) - cad2128f-a1ed-4156-bd3d-e0bb4df6aa32@group-E8836541D941-LeaderElection63 PRE_VOTE round 0: submit vote requests at term 0 for -1: peers:[cad2128f-a1ed-4156-bd3d-e0bb4df6aa32|127.0.0.1:15388, 69327c76-d33b-4896-9f65-b4e7feed79ae|127.0.0.1:15379, f684478f-b568-4af5-8d70-73cde96e1eae|127.0.0.1:15370]|listeners:[], old=null
2024-04-26 07:45:28,251 [cad2128f-a1ed-4156-bd3d-e0bb4df6aa32@group-E8836541D941-LeaderElection63-1] INFO  server.GrpcServerProtocolClient (GrpcServerProtocolClient.java:<init>(65)) - Build channel for 69327c76-d33b-4896-9f65-b4e7feed79ae|127.0.0.1:15379
2024-04-26 07:45:28,251 [cad2128f-a1ed-4156-bd3d-e0bb4df6aa32@group-E8836541D941-LeaderElection63-2] INFO  server.GrpcServerProtocolClient (GrpcServerProtocolClient.java:<init>(65)) - Build channel for f684478f-b568-4af5-8d70-73cde96e1eae|127.0.0.1:15370
2024-04-26 07:45:28,251 [cad2128f-a1ed-4156-bd3d-e0bb4df6aa32@group-E8836541D941-LeaderElection63] INFO  server.RaftServerConfigKeys (ConfUtils.java:logFallback(53)) - raft.server.rpc.first-election.timeout.min = 5s (fallback to raft.server.rpc.timeout.min)
2024-04-26 07:45:28,251 [cad2128f-a1ed-4156-bd3d-e0bb4df6aa32@group-E8836541D941-LeaderElection63] INFO  server.RaftServerConfigKeys (ConfUtils.java:logFallback(53)) - raft.server.rpc.first-election.timeout.max = 5200ms (fallback to raft.server.rpc.timeout.max)
2024-04-26 07:45:28,256 [grpc-default-executor-8] INFO  server.RaftServer$Division (RaftServerImpl.java:requestVote(1389)) - 69327c76-d33b-4896-9f65-b4e7feed79ae@group-E8836541D941: receive requestVote(PRE_VOTE, cad2128f-a1ed-4156-bd3d-e0bb4df6aa32, group-E8836541D941, 0, (t:0, i:0))
2024-04-26 07:45:28,256 [grpc-default-executor-8] INFO  impl.VoteContext (VoteContext.java:log(49)) - 69327c76-d33b-4896-9f65-b4e7feed79ae@group-E8836541D941-FOLLOWER: accept PRE_VOTE from cad2128f-a1ed-4156-bd3d-e0bb4df6aa32: our priority 0 <= candidate's priority 1
2024-04-26 07:45:28,257 [grpc-default-executor-8] INFO  server.RaftServer$Division (RaftServerImpl.java:requestVote(1422)) - 69327c76-d33b-4896-9f65-b4e7feed79ae@group-E8836541D941 replies to PRE_VOTE vote request: cad2128f-a1ed-4156-bd3d-e0bb4df6aa32<-69327c76-d33b-4896-9f65-b4e7feed79ae#0:OK-t0. Peer's state: 69327c76-d33b-4896-9f65-b4e7feed79ae@group-E8836541D941:t0, leader=null, voted=, raftlog=Memoized:69327c76-d33b-4896-9f65-b4e7feed79ae@group-E8836541D941-SegmentedRaftLog:OPENED:c-1, conf=-1: peers:[cad2128f-a1ed-4156-bd3d-e0bb4df6aa32|127.0.0.1:15388, 69327c76-d33b-4896-9f65-b4e7feed79ae|127.0.0.1:15379, f684478f-b568-4af5-8d70-73cde96e1eae|127.0.0.1:15370]|listeners:[], old=null
2024-04-26 07:45:28,258 [cad2128f-a1ed-4156-bd3d-e0bb4df6aa32@group-E8836541D941-LeaderElection63] INFO  impl.LeaderElection (LeaderElection.java:logAndReturn(89)) - cad2128f-a1ed-4156-bd3d-e0bb4df6aa32@group-E8836541D941-LeaderElection63: PRE_VOTE PASSED received 1 response(s) and 0 exception(s):
2024-04-26 07:45:28,258 [cad2128f-a1ed-4156-bd3d-e0bb4df6aa32@group-E8836541D941-LeaderElection63] INFO  impl.LeaderElection (LeaderElection.java:logAndReturn(93)) -   Response 0: cad2128f-a1ed-4156-bd3d-e0bb4df6aa32<-69327c76-d33b-4896-9f65-b4e7feed79ae#0:OK-t0
2024-04-26 07:45:28,258 [grpc-default-executor-8] INFO  server.RaftServer$Division (RaftServerImpl.java:requestVote(1389)) - f684478f-b568-4af5-8d70-73cde96e1eae@group-E8836541D941: receive requestVote(PRE_VOTE, cad2128f-a1ed-4156-bd3d-e0bb4df6aa32, group-E8836541D941, 0, (t:0, i:0))
2024-04-26 07:45:28,258 [grpc-default-executor-8] INFO  impl.VoteContext (VoteContext.java:log(49)) - f684478f-b568-4af5-8d70-73cde96e1eae@group-E8836541D941-FOLLOWER: accept PRE_VOTE from cad2128f-a1ed-4156-bd3d-e0bb4df6aa32: our priority 0 <= candidate's priority 1
2024-04-26 07:45:28,258 [grpc-default-executor-8] INFO  server.RaftServer$Division (RaftServerImpl.java:requestVote(1422)) - f684478f-b568-4af5-8d70-73cde96e1eae@group-E8836541D941 replies to PRE_VOTE vote request: cad2128f-a1ed-4156-bd3d-e0bb4df6aa32<-f684478f-b568-4af5-8d70-73cde96e1eae#0:OK-t0. Peer's state: f684478f-b568-4af5-8d70-73cde96e1eae@group-E8836541D941:t0, leader=null, voted=, raftlog=Memoized:f684478f-b568-4af5-8d70-73cde96e1eae@group-E8836541D941-SegmentedRaftLog:OPENED:c-1, conf=-1: peers:[cad2128f-a1ed-4156-bd3d-e0bb4df6aa32|127.0.0.1:15388, 69327c76-d33b-4896-9f65-b4e7feed79ae|127.0.0.1:15379, f684478f-b568-4af5-8d70-73cde96e1eae|127.0.0.1:15370]|listeners:[], old=null
2024-04-26 07:45:28,258 [f684478f-b568-4af5-8d70-73cde96e1eae@group-E8836541D941-FollowerState] INFO  server.RaftServerConfigKeys (ConfUtils.java:logFallback(53)) - raft.server.rpc.first-election.timeout.min = 5s (fallback to raft.server.rpc.timeout.min)
2024-04-26 07:45:28,258 [f684478f-b568-4af5-8d70-73cde96e1eae@group-E8836541D941-FollowerState] INFO  server.RaftServerConfigKeys (ConfUtils.java:logFallback(53)) - raft.server.rpc.first-election.timeout.max = 5200ms (fallback to raft.server.rpc.timeout.max)
2024-04-26 07:45:28,258 [cad2128f-a1ed-4156-bd3d-e0bb4df6aa32@group-E8836541D941-LeaderElection63] INFO  impl.LeaderElection (LeaderElection.java:askForVotes(323)) - cad2128f-a1ed-4156-bd3d-e0bb4df6aa32@group-E8836541D941-LeaderElection63 PRE_VOTE round 0: result PASSED
2024-04-26 07:45:28,260 [cad2128f-a1ed-4156-bd3d-e0bb4df6aa32@group-E8836541D941-LeaderElection63] INFO  impl.LeaderElection (LeaderElection.java:askForVotes(321)) - cad2128f-a1ed-4156-bd3d-e0bb4df6aa32@group-E8836541D941-LeaderElection63 ELECTION round 0: submit vote requests at term 1 for -1: peers:[cad2128f-a1ed-4156-bd3d-e0bb4df6aa32|127.0.0.1:15388, 69327c76-d33b-4896-9f65-b4e7feed79ae|127.0.0.1:15379, f684478f-b568-4af5-8d70-73cde96e1eae|127.0.0.1:15370]|listeners:[], old=null
2024-04-26 07:45:28,260 [cad2128f-a1ed-4156-bd3d-e0bb4df6aa32@group-E8836541D941-LeaderElection63] INFO  server.RaftServerConfigKeys (ConfUtils.java:logFallback(53)) - raft.server.rpc.first-election.timeout.min = 5s (fallback to raft.server.rpc.timeout.min)
2024-04-26 07:45:28,260 [cad2128f-a1ed-4156-bd3d-e0bb4df6aa32@group-E8836541D941-LeaderElection63] INFO  server.RaftServerConfigKeys (ConfUtils.java:logFallback(53)) - raft.server.rpc.first-election.timeout.max = 5200ms (fallback to raft.server.rpc.timeout.max)
2024-04-26 07:45:28,261 [grpc-default-executor-2] INFO  server.RaftServer$Division (RaftServerImpl.java:requestVote(1389)) - 69327c76-d33b-4896-9f65-b4e7feed79ae@group-E8836541D941: receive requestVote(ELECTION, cad2128f-a1ed-4156-bd3d-e0bb4df6aa32, group-E8836541D941, 1, (t:0, i:0))
2024-04-26 07:45:28,261 [grpc-default-executor-8] INFO  server.RaftServer$Division (RaftServerImpl.java:requestVote(1389)) - f684478f-b568-4af5-8d70-73cde96e1eae@group-E8836541D941: receive requestVote(ELECTION, cad2128f-a1ed-4156-bd3d-e0bb4df6aa32, group-E8836541D941, 1, (t:0, i:0))
2024-04-26 07:45:28,261 [grpc-default-executor-2] INFO  impl.VoteContext (VoteContext.java:log(49)) - 69327c76-d33b-4896-9f65-b4e7feed79ae@group-E8836541D941-FOLLOWER: accept ELECTION from cad2128f-a1ed-4156-bd3d-e0bb4df6aa32: our priority 0 <= candidate's priority 1
2024-04-26 07:45:28,261 [grpc-default-executor-8] INFO  impl.VoteContext (VoteContext.java:log(49)) - f684478f-b568-4af5-8d70-73cde96e1eae@group-E8836541D941-FOLLOWER: accept ELECTION from cad2128f-a1ed-4156-bd3d-e0bb4df6aa32: our priority 0 <= candidate's priority 1
2024-04-26 07:45:28,261 [grpc-default-executor-2] INFO  server.RaftServer$Division (RaftServerImpl.java:setRole(383)) - 69327c76-d33b-4896-9f65-b4e7feed79ae@group-E8836541D941: changes role from  FOLLOWER to FOLLOWER at term 1 for candidate:cad2128f-a1ed-4156-bd3d-e0bb4df6aa32
2024-04-26 07:45:28,261 [grpc-default-executor-2] INFO  impl.RoleInfo (RoleInfo.java:shutdownFollowerState(110)) - 69327c76-d33b-4896-9f65-b4e7feed79ae: shutdown 69327c76-d33b-4896-9f65-b4e7feed79ae@group-E8836541D941-FollowerState
2024-04-26 07:45:28,261 [grpc-default-executor-2] INFO  impl.RoleInfo (RoleInfo.java:updateAndGet(139)) - 69327c76-d33b-4896-9f65-b4e7feed79ae: start 69327c76-d33b-4896-9f65-b4e7feed79ae@group-E8836541D941-FollowerState
2024-04-26 07:45:28,261 [007259ab-dd98-41c4-869b-5f1f47ad54d0@group-8AF491E1D12D-FollowerState] INFO  impl.FollowerState (FollowerState.java:run(143)) - 007259ab-dd98-41c4-869b-5f1f47ad54d0@group-8AF491E1D12D-FollowerState: change to CANDIDATE, lastRpcElapsedTime:5036880053ns, electionTimeout:5035ms
2024-04-26 07:45:28,261 [grpc-default-executor-8] INFO  server.RaftServer$Division (RaftServerImpl.java:setRole(383)) - f684478f-b568-4af5-8d70-73cde96e1eae@group-E8836541D941: changes role from  FOLLOWER to FOLLOWER at term 1 for candidate:cad2128f-a1ed-4156-bd3d-e0bb4df6aa32
2024-04-26 07:45:28,261 [grpc-default-executor-8] INFO  impl.RoleInfo (RoleInfo.java:shutdownFollowerState(110)) - f684478f-b568-4af5-8d70-73cde96e1eae: shutdown f684478f-b568-4af5-8d70-73cde96e1eae@group-E8836541D941-FollowerState
2024-04-26 07:45:28,261 [grpc-default-executor-8] INFO  impl.RoleInfo (RoleInfo.java:updateAndGet(139)) - f684478f-b568-4af5-8d70-73cde96e1eae: start f684478f-b568-4af5-8d70-73cde96e1eae@group-E8836541D941-FollowerState
2024-04-26 07:45:28,261 [007259ab-dd98-41c4-869b-5f1f47ad54d0@group-8AF491E1D12D-FollowerState] INFO  impl.RoleInfo (RoleInfo.java:shutdownFollowerState(110)) - 007259ab-dd98-41c4-869b-5f1f47ad54d0: shutdown 007259ab-dd98-41c4-869b-5f1f47ad54d0@group-8AF491E1D12D-FollowerState
2024-04-26 07:45:28,262 [grpc-default-executor-8] INFO  server.RaftServer$Division (RaftServerImpl.java:setFirstElection(574)) - f684478f-b568-4af5-8d70-73cde96e1eae@group-E8836541D941: set firstElectionSinceStartup to false for candidate:cad2128f-a1ed-4156-bd3d-e0bb4df6aa32
2024-04-26 07:45:28,261 [69327c76-d33b-4896-9f65-b4e7feed79ae@group-E8836541D941-FollowerState] INFO  impl.FollowerState (FollowerState.java:run(152)) - 69327c76-d33b-4896-9f65-b4e7feed79ae@group-E8836541D941-FollowerState was interrupted
2024-04-26 07:45:28,262 [007259ab-dd98-41c4-869b-5f1f47ad54d0@group-8AF491E1D12D-FollowerState] INFO  server.RaftServer$Division (RaftServerImpl.java:setRole(383)) - 007259ab-dd98-41c4-869b-5f1f47ad54d0@group-8AF491E1D12D: changes role from  FOLLOWER to CANDIDATE at term 0 for changeToCandidate
2024-04-26 07:45:28,262 [007259ab-dd98-41c4-869b-5f1f47ad54d0@group-8AF491E1D12D-FollowerState] INFO  server.RaftServerConfigKeys (ConfUtils.java:logGet(46)) - raft.server.leaderelection.pre-vote = true (default)
2024-04-26 07:45:28,262 [007259ab-dd98-41c4-869b-5f1f47ad54d0@group-8AF491E1D12D-FollowerState] INFO  impl.RoleInfo (RoleInfo.java:updateAndGet(139)) - 007259ab-dd98-41c4-869b-5f1f47ad54d0: start 007259ab-dd98-41c4-869b-5f1f47ad54d0@group-8AF491E1D12D-LeaderElection64
2024-04-26 07:45:28,261 [f684478f-b568-4af5-8d70-73cde96e1eae@group-E8836541D941-FollowerState] INFO  impl.FollowerState (FollowerState.java:run(152)) - f684478f-b568-4af5-8d70-73cde96e1eae@group-E8836541D941-FollowerState was interrupted
2024-04-26 07:45:28,262 [grpc-default-executor-8] INFO  server.RaftServer$Division (RaftServerImpl.java:requestVote(1422)) - f684478f-b568-4af5-8d70-73cde96e1eae@group-E8836541D941 replies to ELECTION vote request: cad2128f-a1ed-4156-bd3d-e0bb4df6aa32<-f684478f-b568-4af5-8d70-73cde96e1eae#0:OK-t1. Peer's state: f684478f-b568-4af5-8d70-73cde96e1eae@group-E8836541D941:t1, leader=null, voted=cad2128f-a1ed-4156-bd3d-e0bb4df6aa32, raftlog=Memoized:f684478f-b568-4af5-8d70-73cde96e1eae@group-E8836541D941-SegmentedRaftLog:OPENED:c-1, conf=-1: peers:[cad2128f-a1ed-4156-bd3d-e0bb4df6aa32|127.0.0.1:15388, 69327c76-d33b-4896-9f65-b4e7feed79ae|127.0.0.1:15379, f684478f-b568-4af5-8d70-73cde96e1eae|127.0.0.1:15370]|listeners:[], old=null
2024-04-26 07:45:28,262 [69327c76-d33b-4896-9f65-b4e7feed79ae@group-797088F29111-FollowerState] INFO  impl.FollowerState (FollowerState.java:run(143)) - 69327c76-d33b-4896-9f65-b4e7feed79ae@group-797088F29111-FollowerState: change to CANDIDATE, lastRpcElapsedTime:5134667584ns, electionTimeout:5133ms
2024-04-26 07:45:28,263 [69327c76-d33b-4896-9f65-b4e7feed79ae@group-797088F29111-FollowerState] INFO  impl.RoleInfo (RoleInfo.java:shutdownFollowerState(110)) - 69327c76-d33b-4896-9f65-b4e7feed79ae: shutdown 69327c76-d33b-4896-9f65-b4e7feed79ae@group-797088F29111-FollowerState
2024-04-26 07:45:28,263 [69327c76-d33b-4896-9f65-b4e7feed79ae@group-797088F29111-FollowerState] INFO  server.RaftServer$Division (RaftServerImpl.java:setRole(383)) - 69327c76-d33b-4896-9f65-b4e7feed79ae@group-797088F29111: changes role from  FOLLOWER to CANDIDATE at term 0 for changeToCandidate
2024-04-26 07:45:28,263 [69327c76-d33b-4896-9f65-b4e7feed79ae@group-797088F29111-FollowerState] INFO  server.RaftServerConfigKeys (ConfUtils.java:logGet(46)) - raft.server.leaderelection.pre-vote = true (default)
2024-04-26 07:45:28,263 [69327c76-d33b-4896-9f65-b4e7feed79ae@group-797088F29111-FollowerState] INFO  impl.RoleInfo (RoleInfo.java:updateAndGet(139)) - 69327c76-d33b-4896-9f65-b4e7feed79ae: start 69327c76-d33b-4896-9f65-b4e7feed79ae@group-797088F29111-LeaderElection65
2024-04-26 07:45:28,263 [grpc-default-executor-2] INFO  server.RaftServer$Division (RaftServerImpl.java:requestVote(1422)) - 69327c76-d33b-4896-9f65-b4e7feed79ae@group-E8836541D941 replies to ELECTION vote request: cad2128f-a1ed-4156-bd3d-e0bb4df6aa32<-69327c76-d33b-4896-9f65-b4e7feed79ae#0:OK-t1. Peer's state: 69327c76-d33b-4896-9f65-b4e7feed79ae@group-E8836541D941:t1, leader=null, voted=cad2128f-a1ed-4156-bd3d-e0bb4df6aa32, raftlog=Memoized:69327c76-d33b-4896-9f65-b4e7feed79ae@group-E8836541D941-SegmentedRaftLog:OPENED:c-1, conf=-1: peers:[cad2128f-a1ed-4156-bd3d-e0bb4df6aa32|127.0.0.1:15388, 69327c76-d33b-4896-9f65-b4e7feed79ae|127.0.0.1:15379, f684478f-b568-4af5-8d70-73cde96e1eae|127.0.0.1:15370]|listeners:[], old=null
2024-04-26 07:45:28,263 [007259ab-dd98-41c4-869b-5f1f47ad54d0@group-8AF491E1D12D-LeaderElection64] INFO  impl.LeaderElection (LeaderElection.java:askForVotes(321)) - 007259ab-dd98-41c4-869b-5f1f47ad54d0@group-8AF491E1D12D-LeaderElection64 PRE_VOTE round 0: submit vote requests at term 0 for -1: peers:[3adbcf3a-f954-449d-af41-94271594c360|127.0.0.1:15406, 66bce337-27b9-4953-b5f8-11fc3ae630c2|127.0.0.1:15415, 007259ab-dd98-41c4-869b-5f1f47ad54d0|127.0.0.1:15397]|listeners:[], old=null
2024-04-26 07:45:28,265 [007259ab-dd98-41c4-869b-5f1f47ad54d0@group-8AF491E1D12D-LeaderElection64-1] INFO  server.GrpcServerProtocolClient (GrpcServerProtocolClient.java:<init>(65)) - Build channel for 3adbcf3a-f954-449d-af41-94271594c360|127.0.0.1:15406
2024-04-26 07:45:28,266 [cad2128f-a1ed-4156-bd3d-e0bb4df6aa32@group-E8836541D941-LeaderElection63] INFO  impl.LeaderElection (LeaderElection.java:logAndReturn(89)) - cad2128f-a1ed-4156-bd3d-e0bb4df6aa32@group-E8836541D941-LeaderElection63: ELECTION PASSED received 1 response(s) and 0 exception(s):
2024-04-26 07:45:28,266 [cad2128f-a1ed-4156-bd3d-e0bb4df6aa32@group-E8836541D941-LeaderElection63] INFO  impl.LeaderElection (LeaderElection.java:logAndReturn(93)) -   Response 0: cad2128f-a1ed-4156-bd3d-e0bb4df6aa32<-69327c76-d33b-4896-9f65-b4e7feed79ae#0:OK-t1
2024-04-26 07:45:28,268 [grpc-default-executor-2] INFO  server.RaftServer$Division (RaftServerImpl.java:requestVote(1389)) - 3adbcf3a-f954-449d-af41-94271594c360@group-8AF491E1D12D: receive requestVote(PRE_VOTE, 007259ab-dd98-41c4-869b-5f1f47ad54d0, group-8AF491E1D12D, 0, (t:0, i:0))
2024-04-26 07:45:28,268 [grpc-default-executor-2] INFO  impl.VoteContext (VoteContext.java:log(49)) - 3adbcf3a-f954-449d-af41-94271594c360@group-8AF491E1D12D-FOLLOWER: accept PRE_VOTE from 007259ab-dd98-41c4-869b-5f1f47ad54d0: our priority 0 <= candidate's priority 0
2024-04-26 07:45:28,269 [grpc-default-executor-2] INFO  server.RaftServer$Division (RaftServerImpl.java:requestVote(1422)) - 3adbcf3a-f954-449d-af41-94271594c360@group-8AF491E1D12D replies to PRE_VOTE vote request: 007259ab-dd98-41c4-869b-5f1f47ad54d0<-3adbcf3a-f954-449d-af41-94271594c360#0:OK-t0. Peer's state: 3adbcf3a-f954-449d-af41-94271594c360@group-8AF491E1D12D:t0, leader=null, voted=, raftlog=Memoized:3adbcf3a-f954-449d-af41-94271594c360@group-8AF491E1D12D-SegmentedRaftLog:OPENED:c-1, conf=-1: peers:[3adbcf3a-f954-449d-af41-94271594c360|127.0.0.1:15406, 66bce337-27b9-4953-b5f8-11fc3ae630c2|127.0.0.1:15415, 007259ab-dd98-41c4-869b-5f1f47ad54d0|127.0.0.1:15397]|listeners:[], old=null
2024-04-26 07:45:28,269 [cad2128f-a1ed-4156-bd3d-e0bb4df6aa32@group-E8836541D941-LeaderElection63] INFO  impl.LeaderElection (LeaderElection.java:askForVotes(323)) - cad2128f-a1ed-4156-bd3d-e0bb4df6aa32@group-E8836541D941-LeaderElection63 ELECTION round 0: result PASSED
2024-04-26 07:45:28,269 [cad2128f-a1ed-4156-bd3d-e0bb4df6aa32@group-E8836541D941-LeaderElection63] INFO  impl.RoleInfo (RoleInfo.java:shutdownLeaderElection(130)) - cad2128f-a1ed-4156-bd3d-e0bb4df6aa32: shutdown cad2128f-a1ed-4156-bd3d-e0bb4df6aa32@group-E8836541D941-LeaderElection63
2024-04-26 07:45:28,269 [cad2128f-a1ed-4156-bd3d-e0bb4df6aa32@group-E8836541D941-LeaderElection63] INFO  server.RaftServer$Division (RaftServerImpl.java:setRole(383)) - cad2128f-a1ed-4156-bd3d-e0bb4df6aa32@group-E8836541D941: changes role from CANDIDATE to LEADER at term 1 for changeToLeader
2024-04-26 07:45:28,269 [cad2128f-a1ed-4156-bd3d-e0bb4df6aa32@group-E8836541D941-LeaderElection63] INFO  server.RaftServerConfigKeys (ConfUtils.java:logGet(46)) - raft.server.staging.catchup.gap = 1000 (default)
2024-04-26 07:45:28,270 [cad2128f-a1ed-4156-bd3d-e0bb4df6aa32@group-E8836541D941-LeaderElection63] INFO  server.RaftServerConfigKeys (ConfUtils.java:logGet(46)) - raft.server.write.element-limit = 1024 (custom)
2024-04-26 07:45:28,270 [cad2128f-a1ed-4156-bd3d-e0bb4df6aa32@group-E8836541D941-LeaderElection63] INFO  server.RaftServerConfigKeys (ConfUtils.java:logGet(46)) - raft.server.write.byte-limit = 1024 M (=1073741824) (custom)
2024-04-26 07:45:28,270 [cad2128f-a1ed-4156-bd3d-e0bb4df6aa32@group-E8836541D941-LeaderElection63] INFO  server.RaftServerConfigKeys (ConfUtils.java:logGet(46)) - raft.server.watch.timeout = 3000ms (custom)
2024-04-26 07:45:28,270 [cad2128f-a1ed-4156-bd3d-e0bb4df6aa32@group-E8836541D941-LeaderElection63] INFO  server.RaftServerConfigKeys (ConfUtils.java:logGet(46)) - raft.server.watch.timeout.denomination = 1s (default)
2024-04-26 07:45:28,270 [cad2128f-a1ed-4156-bd3d-e0bb4df6aa32@group-E8836541D941-LeaderElection63] INFO  server.RaftServerConfigKeys (ConfUtils.java:logGet(46)) - raft.server.watch.element-limit = 65536 (default)
2024-04-26 07:45:28,268 [007259ab-dd98-41c4-869b-5f1f47ad54d0@group-8AF491E1D12D-LeaderElection64-2] INFO  server.GrpcServerProtocolClient (GrpcServerProtocolClient.java:<init>(65)) - Build channel for 66bce337-27b9-4953-b5f8-11fc3ae630c2|127.0.0.1:15415
2024-04-26 07:45:28,267 [007259ab-dd98-41c4-869b-5f1f47ad54d0@group-8AF491E1D12D-LeaderElection64] INFO  server.RaftServerConfigKeys (ConfUtils.java:logFallback(53)) - raft.server.rpc.first-election.timeout.min = 5s (fallback to raft.server.rpc.timeout.min)
2024-04-26 07:45:28,270 [007259ab-dd98-41c4-869b-5f1f47ad54d0@group-8AF491E1D12D-LeaderElection64] INFO  server.RaftServerConfigKeys (ConfUtils.java:logFallback(53)) - raft.server.rpc.first-election.timeout.max = 5200ms (fallback to raft.server.rpc.timeout.max)
2024-04-26 07:45:28,267 [69327c76-d33b-4896-9f65-b4e7feed79ae@group-797088F29111-LeaderElection65] INFO  impl.LeaderElection (LeaderElection.java:askForVotes(321)) - 69327c76-d33b-4896-9f65-b4e7feed79ae@group-797088F29111-LeaderElection65 PRE_VOTE round 0: submit vote requests at term 0 for -1: peers:[69327c76-d33b-4896-9f65-b4e7feed79ae|127.0.0.1:15379]|listeners:[], old=null
2024-04-26 07:45:28,270 [69327c76-d33b-4896-9f65-b4e7feed79ae@group-797088F29111-LeaderElection65] INFO  impl.LeaderElection (LeaderElection.java:askForVotes(323)) - 69327c76-d33b-4896-9f65-b4e7feed79ae@group-797088F29111-LeaderElection65 PRE_VOTE round 0: result PASSED (term=0)
2024-04-26 07:45:28,271 [cad2128f-a1ed-4156-bd3d-e0bb4df6aa32@group-E8836541D941-LeaderElection63] INFO  server.RaftServerConfigKeys (ConfUtils.java:logGet(46)) - raft.server.read.leader.lease.enabled = false (default)
2024-04-26 07:45:28,271 [69327c76-d33b-4896-9f65-b4e7feed79ae@group-797088F29111-LeaderElection65] INFO  impl.LeaderElection (LeaderElection.java:askForVotes(321)) - 69327c76-d33b-4896-9f65-b4e7feed79ae@group-797088F29111-LeaderElection65 ELECTION round 0: submit vote requests at term 1 for -1: peers:[69327c76-d33b-4896-9f65-b4e7feed79ae|127.0.0.1:15379]|listeners:[], old=null
2024-04-26 07:45:28,271 [69327c76-d33b-4896-9f65-b4e7feed79ae@group-797088F29111-LeaderElection65] INFO  impl.LeaderElection (LeaderElection.java:askForVotes(323)) - 69327c76-d33b-4896-9f65-b4e7feed79ae@group-797088F29111-LeaderElection65 ELECTION round 0: result PASSED (term=1)
2024-04-26 07:45:28,271 [69327c76-d33b-4896-9f65-b4e7feed79ae@group-797088F29111-LeaderElection65] INFO  impl.RoleInfo (RoleInfo.java:shutdownLeaderElection(130)) - 69327c76-d33b-4896-9f65-b4e7feed79ae: shutdown 69327c76-d33b-4896-9f65-b4e7feed79ae@group-797088F29111-LeaderElection65
2024-04-26 07:45:28,271 [69327c76-d33b-4896-9f65-b4e7feed79ae@group-797088F29111-LeaderElection65] INFO  server.RaftServer$Division (RaftServerImpl.java:setRole(383)) - 69327c76-d33b-4896-9f65-b4e7feed79ae@group-797088F29111: changes role from CANDIDATE to LEADER at term 1 for changeToLeader
2024-04-26 07:45:28,271 [69327c76-d33b-4896-9f65-b4e7feed79ae@group-797088F29111-LeaderElection65] INFO  server.RaftServerConfigKeys (ConfUtils.java:logGet(46)) - raft.server.staging.catchup.gap = 1000 (default)
2024-04-26 07:45:28,271 [69327c76-d33b-4896-9f65-b4e7feed79ae@group-797088F29111-LeaderElection65] INFO  server.RaftServerConfigKeys (ConfUtils.java:logGet(46)) - raft.server.write.element-limit = 1024 (custom)
2024-04-26 07:45:28,272 [69327c76-d33b-4896-9f65-b4e7feed79ae@group-797088F29111-LeaderElection65] INFO  server.RaftServerConfigKeys (ConfUtils.java:logGet(46)) - raft.server.write.byte-limit = 1024 M (=1073741824) (custom)
2024-04-26 07:45:28,271 [cad2128f-a1ed-4156-bd3d-e0bb4df6aa32@group-E8836541D941-LeaderElection63] INFO  server.RaftServerConfigKeys (ConfUtils.java:logGet(46)) - raft.server.read.leader.lease.timeout.ratio = 0.9 (default)
2024-04-26 07:45:28,272 [cad2128f-a1ed-4156-bd3d-e0bb4df6aa32@group-E8836541D941-LeaderElection63] INFO  server.RaftServerConfigKeys (ConfUtils.java:logGet(46)) - raft.server.rpc.timeout.min = 5s (custom)
2024-04-26 07:45:28,272 [cad2128f-a1ed-4156-bd3d-e0bb4df6aa32@group-E8836541D941-LeaderElection63] INFO  server.RaftServerConfigKeys (ConfUtils.java:logGet(46)) - raft.server.write.element-limit = 1024 (custom)
2024-04-26 07:45:28,272 [cad2128f-a1ed-4156-bd3d-e0bb4df6aa32@group-E8836541D941-LeaderElection63] INFO  server.RaftServerConfigKeys (ConfUtils.java:logGet(46)) - raft.server.write.follower.gap.ratio.max = -1.0 (default)
2024-04-26 07:45:28,272 [cad2128f-a1ed-4156-bd3d-e0bb4df6aa32@group-E8836541D941-LeaderElection63] INFO  server.RaftServerConfigKeys (ConfUtils.java:logGet(46)) - raft.server.log.appender.snapshot.chunk.size.max = 16MB (=16777216) (default)
2024-04-26 07:45:28,273 [cad2128f-a1ed-4156-bd3d-e0bb4df6aa32@group-E8836541D941-LeaderElection63] INFO  server.RaftServerConfigKeys (ConfUtils.java:logGet(46)) - raft.server.log.appender.buffer.byte-limit = 8388608 (custom)
2024-04-26 07:45:28,273 [cad2128f-a1ed-4156-bd3d-e0bb4df6aa32@group-E8836541D941-LeaderElection63] INFO  server.RaftServerConfigKeys (ConfUtils.java:logGet(46)) - raft.server.log.appender.buffer.element-limit = 1 (custom)
2024-04-26 07:45:28,273 [cad2128f-a1ed-4156-bd3d-e0bb4df6aa32@group-E8836541D941-LeaderElection63] INFO  server.RaftServerConfigKeys (ConfUtils.java:logGet(46)) - raft.server.log.appender.wait-time.min = 0ms (custom)
2024-04-26 07:45:28,273 [cad2128f-a1ed-4156-bd3d-e0bb4df6aa32@group-E8836541D941-LeaderElection63] INFO  grpc.GrpcConfigKeys (ConfUtils.java:logGet(46)) - raft.grpc.server.leader.outstanding.appends.max = 8 (default)
2024-04-26 07:45:28,273 [cad2128f-a1ed-4156-bd3d-e0bb4df6aa32@group-E8836541D941-LeaderElection63] INFO  server.RaftServerConfigKeys (ConfUtils.java:logGet(46)) - raft.server.rpc.request.timeout = 3000ms (default)
2024-04-26 07:45:28,273 [cad2128f-a1ed-4156-bd3d-e0bb4df6aa32@group-E8836541D941-LeaderElection63] INFO  grpc.GrpcConfigKeys (ConfUtils.java:logGet(46)) - raft.grpc.server.install_snapshot.request.element-limit = 8 (default)
2024-04-26 07:45:28,273 [cad2128f-a1ed-4156-bd3d-e0bb4df6aa32@group-E8836541D941-LeaderElection63] INFO  grpc.GrpcConfigKeys (ConfUtils.java:logGet(46)) - raft.grpc.server.install_snapshot.request.timeout = 3000ms (default)
2024-04-26 07:45:28,273 [cad2128f-a1ed-4156-bd3d-e0bb4df6aa32@group-E8836541D941-LeaderElection63] INFO  grpc.GrpcConfigKeys (ConfUtils.java:logGet(46)) - raft.grpc.server.log-message.batch.duration = 5s (default)
2024-04-26 07:45:28,273 [cad2128f-a1ed-4156-bd3d-e0bb4df6aa32@group-E8836541D941-LeaderElection63] INFO  server.RaftServerConfigKeys (ConfUtils.java:logGet(46)) - raft.server.log.appender.install.snapshot.enabled = false (custom)
2024-04-26 07:45:28,273 [cad2128f-a1ed-4156-bd3d-e0bb4df6aa32@group-E8836541D941-LeaderElection63] INFO  grpc.GrpcConfigKeys (ConfUtils.java:logGet(46)) - raft.grpc.server.heartbeat.channel = true (default)
2024-04-26 07:45:28,273 [69327c76-d33b-4896-9f65-b4e7feed79ae@group-797088F29111-LeaderElection65] INFO  server.RaftServerConfigKeys (ConfUtils.java:logGet(46)) - raft.server.watch.timeout = 3000ms (custom)
2024-04-26 07:45:28,273 [69327c76-d33b-4896-9f65-b4e7feed79ae@group-797088F29111-LeaderElection65] INFO  server.RaftServerConfigKeys (ConfUtils.java:logGet(46)) - raft.server.watch.timeout.denomination = 1s (default)
2024-04-26 07:45:28,273 [grpc-default-executor-2] INFO  server.RaftServer$Division (RaftServerImpl.java:requestVote(1389)) - 66bce337-27b9-4953-b5f8-11fc3ae630c2@group-8AF491E1D12D: receive requestVote(PRE_VOTE, 007259ab-dd98-41c4-869b-5f1f47ad54d0, group-8AF491E1D12D, 0, (t:0, i:0))
2024-04-26 07:45:28,273 [grpc-default-executor-2] INFO  impl.VoteContext (VoteContext.java:log(49)) - 66bce337-27b9-4953-b5f8-11fc3ae630c2@group-8AF491E1D12D-FOLLOWER: reject PRE_VOTE from 007259ab-dd98-41c4-869b-5f1f47ad54d0: our priority 1 > candidate's priority 0
2024-04-26 07:45:28,273 [grpc-default-executor-2] INFO  server.RaftServer$Division (RaftServerImpl.java:requestVote(1422)) - 66bce337-27b9-4953-b5f8-11fc3ae630c2@group-8AF491E1D12D replies to PRE_VOTE vote request: 007259ab-dd98-41c4-869b-5f1f47ad54d0<-66bce337-27b9-4953-b5f8-11fc3ae630c2#0:FAIL-t0. Peer's state: 66bce337-27b9-4953-b5f8-11fc3ae630c2@group-8AF491E1D12D:t0, leader=null, voted=, raftlog=Memoized:66bce337-27b9-4953-b5f8-11fc3ae630c2@group-8AF491E1D12D-SegmentedRaftLog:OPENED:c-1, conf=-1: peers:[3adbcf3a-f954-449d-af41-94271594c360|127.0.0.1:15406, 66bce337-27b9-4953-b5f8-11fc3ae630c2|127.0.0.1:15415, 007259ab-dd98-41c4-869b-5f1f47ad54d0|127.0.0.1:15397]|listeners:[], old=null
2024-04-26 07:45:28,273 [69327c76-d33b-4896-9f65-b4e7feed79ae@group-797088F29111-LeaderElection65] INFO  server.RaftServerConfigKeys (ConfUtils.java:logGet(46)) - raft.server.watch.element-limit = 65536 (default)
2024-04-26 07:45:28,274 [69327c76-d33b-4896-9f65-b4e7feed79ae@group-797088F29111-LeaderElection65] INFO  server.RaftServerConfigKeys (ConfUtils.java:logGet(46)) - raft.server.read.leader.lease.enabled = false (default)
2024-04-26 07:45:28,274 [69327c76-d33b-4896-9f65-b4e7feed79ae@group-797088F29111-LeaderElection65] INFO  server.RaftServerConfigKeys (ConfUtils.java:logGet(46)) - raft.server.read.leader.lease.timeout.ratio = 0.9 (default)
2024-04-26 07:45:28,274 [69327c76-d33b-4896-9f65-b4e7feed79ae@group-797088F29111-LeaderElection65] INFO  server.RaftServerConfigKeys (ConfUtils.java:logGet(46)) - raft.server.rpc.timeout.min = 5s (custom)
2024-04-26 07:45:28,274 [69327c76-d33b-4896-9f65-b4e7feed79ae@group-797088F29111-LeaderElection65] INFO  server.RaftServerConfigKeys (ConfUtils.java:logGet(46)) - raft.server.write.element-limit = 1024 (custom)
2024-04-26 07:45:28,274 [69327c76-d33b-4896-9f65-b4e7feed79ae@group-797088F29111-LeaderElection65] INFO  server.RaftServerConfigKeys (ConfUtils.java:logGet(46)) - raft.server.write.follower.gap.ratio.max = -1.0 (default)
2024-04-26 07:45:28,274 [69327c76-d33b-4896-9f65-b4e7feed79ae@group-797088F29111-LeaderElection65] INFO  impl.RoleInfo (RoleInfo.java:updateAndGet(139)) - 69327c76-d33b-4896-9f65-b4e7feed79ae: start 69327c76-d33b-4896-9f65-b4e7feed79ae@group-797088F29111-LeaderStateImpl
2024-04-26 07:45:28,274 [69327c76-d33b-4896-9f65-b4e7feed79ae@group-797088F29111-LeaderElection65] INFO  server.RaftServer$Division (RaftServerImpl.java:setFirstElection(574)) - 69327c76-d33b-4896-9f65-b4e7feed79ae@group-797088F29111: set firstElectionSinceStartup to false for becomeLeader
2024-04-26 07:45:28,274 [69327c76-d33b-4896-9f65-b4e7feed79ae@group-797088F29111-LeaderElection65] INFO  ratis.XceiverServerRatis (XceiverServerRatis.java:handleLeaderChangedNotification(966)) - Leader change notification received for group: group-797088F29111 with new leaderId: 69327c76-d33b-4896-9f65-b4e7feed79ae
2024-04-26 07:45:28,274 [69327c76-d33b-4896-9f65-b4e7feed79ae@group-797088F29111-LeaderElection65] INFO  server.RaftServer$Division (ServerState.java:setLeader(269)) - 69327c76-d33b-4896-9f65-b4e7feed79ae@group-797088F29111: change Leader from null to 69327c76-d33b-4896-9f65-b4e7feed79ae at term 1 for becomeLeader, leader elected after 5171ms
2024-04-26 07:45:28,274 [69327c76-d33b-4896-9f65-b4e7feed79ae@group-797088F29111-LeaderElection65] INFO  segmented.SegmentedRaftLogWorker (SegmentedRaftLogWorker.java:startLogSegment(430)) - 69327c76-d33b-4896-9f65-b4e7feed79ae@group-797088F29111-SegmentedRaftLogWorker: Starting segment from index:0
2024-04-26 07:45:28,274 [69327c76-d33b-4896-9f65-b4e7feed79ae@group-797088F29111-LeaderElection65] INFO  server.RaftServer$Division (ServerState.java:setRaftConf(386)) - 69327c76-d33b-4896-9f65-b4e7feed79ae@group-797088F29111: set configuration 0: peers:[69327c76-d33b-4896-9f65-b4e7feed79ae|127.0.0.1:15379]|listeners:[], old=null
2024-04-26 07:45:28,275 [EventQueue-OpenPipelineForHealthyPipelineSafeModeRule] INFO  safemode.SCMSafeModeManager (HealthyPipelineSafeModeRule.java:process(140)) - SCM in safe mode. Healthy pipelines reported count is 0, required healthy pipeline reported count is 1
2024-04-26 07:45:28,275 [69327c76-d33b-4896-9f65-b4e7feed79ae@group-797088F29111-SegmentedRaftLogWorker] INFO  segmented.BufferedWriteChannel (BufferedWriteChannel.java:open(62)) - open log_inprogress_0 at position 0
2024-04-26 07:45:28,276 [cad2128f-a1ed-4156-bd3d-e0bb4df6aa32@group-E8836541D941-LeaderElection63] INFO  server.RaftServerConfigKeys (ConfUtils.java:logGet(46)) - raft.server.log.appender.snapshot.chunk.size.max = 16MB (=16777216) (default)
2024-04-26 07:45:28,276 [cad2128f-a1ed-4156-bd3d-e0bb4df6aa32@group-E8836541D941-LeaderElection63] INFO  server.RaftServerConfigKeys (ConfUtils.java:logGet(46)) - raft.server.log.appender.buffer.byte-limit = 8388608 (custom)
2024-04-26 07:45:28,276 [cad2128f-a1ed-4156-bd3d-e0bb4df6aa32@group-E8836541D941-LeaderElection63] INFO  server.RaftServerConfigKeys (ConfUtils.java:logGet(46)) - raft.server.log.appender.buffer.element-limit = 1 (custom)
2024-04-26 07:45:28,276 [cad2128f-a1ed-4156-bd3d-e0bb4df6aa32@group-E8836541D941-LeaderElection63] INFO  server.RaftServerConfigKeys (ConfUtils.java:logGet(46)) - raft.server.log.appender.wait-time.min = 0ms (custom)
2024-04-26 07:45:28,276 [cad2128f-a1ed-4156-bd3d-e0bb4df6aa32@group-E8836541D941-LeaderElection63] INFO  grpc.GrpcConfigKeys (ConfUtils.java:logGet(46)) - raft.grpc.server.leader.outstanding.appends.max = 8 (default)
2024-04-26 07:45:28,276 [cad2128f-a1ed-4156-bd3d-e0bb4df6aa32@group-E8836541D941-LeaderElection63] INFO  server.RaftServerConfigKeys (ConfUtils.java:logGet(46)) - raft.server.rpc.request.timeout = 3000ms (default)
2024-04-26 07:45:28,276 [cad2128f-a1ed-4156-bd3d-e0bb4df6aa32@group-E8836541D941-LeaderElection63] INFO  grpc.GrpcConfigKeys (ConfUtils.java:logGet(46)) - raft.grpc.server.install_snapshot.request.element-limit = 8 (default)
2024-04-26 07:45:28,276 [cad2128f-a1ed-4156-bd3d-e0bb4df6aa32@group-E8836541D941-LeaderElection63] INFO  grpc.GrpcConfigKeys (ConfUtils.java:logGet(46)) - raft.grpc.server.install_snapshot.request.timeout = 3000ms (default)
2024-04-26 07:45:28,276 [cad2128f-a1ed-4156-bd3d-e0bb4df6aa32@group-E8836541D941-LeaderElection63] INFO  grpc.GrpcConfigKeys (ConfUtils.java:logGet(46)) - raft.grpc.server.log-message.batch.duration = 5s (default)
2024-04-26 07:45:28,276 [cad2128f-a1ed-4156-bd3d-e0bb4df6aa32@group-E8836541D941-LeaderElection63] INFO  server.RaftServerConfigKeys (ConfUtils.java:logGet(46)) - raft.server.log.appender.install.snapshot.enabled = false (custom)
2024-04-26 07:45:28,276 [cad2128f-a1ed-4156-bd3d-e0bb4df6aa32@group-E8836541D941-LeaderElection63] INFO  grpc.GrpcConfigKeys (ConfUtils.java:logGet(46)) - raft.grpc.server.heartbeat.channel = true (default)
2024-04-26 07:45:28,277 [cad2128f-a1ed-4156-bd3d-e0bb4df6aa32@group-E8836541D941-LeaderElection63] INFO  impl.RoleInfo (RoleInfo.java:updateAndGet(139)) - cad2128f-a1ed-4156-bd3d-e0bb4df6aa32: start cad2128f-a1ed-4156-bd3d-e0bb4df6aa32@group-E8836541D941-LeaderStateImpl
2024-04-26 07:45:28,277 [cad2128f-a1ed-4156-bd3d-e0bb4df6aa32@group-E8836541D941-LeaderElection63] INFO  server.RaftServer$Division (RaftServerImpl.java:setFirstElection(574)) - cad2128f-a1ed-4156-bd3d-e0bb4df6aa32@group-E8836541D941: set firstElectionSinceStartup to false for becomeLeader
2024-04-26 07:45:28,277 [cad2128f-a1ed-4156-bd3d-e0bb4df6aa32@group-E8836541D941-LeaderElection63] INFO  ratis.XceiverServerRatis (XceiverServerRatis.java:handleLeaderChangedNotification(966)) - Leader change notification received for group: group-E8836541D941 with new leaderId: cad2128f-a1ed-4156-bd3d-e0bb4df6aa32
2024-04-26 07:45:28,277 [cad2128f-a1ed-4156-bd3d-e0bb4df6aa32@group-E8836541D941-LeaderElection63] INFO  server.RaftServer$Division (ServerState.java:setLeader(269)) - cad2128f-a1ed-4156-bd3d-e0bb4df6aa32@group-E8836541D941: change Leader from null to cad2128f-a1ed-4156-bd3d-e0bb4df6aa32 at term 1 for becomeLeader, leader elected after 5175ms
2024-04-26 07:45:28,277 [cad2128f-a1ed-4156-bd3d-e0bb4df6aa32@group-E8836541D941-LeaderElection63] INFO  segmented.SegmentedRaftLogWorker (SegmentedRaftLogWorker.java:startLogSegment(430)) - cad2128f-a1ed-4156-bd3d-e0bb4df6aa32@group-E8836541D941-SegmentedRaftLogWorker: Starting segment from index:0
2024-04-26 07:45:28,277 [cad2128f-a1ed-4156-bd3d-e0bb4df6aa32@group-E8836541D941-LeaderElection63] INFO  server.RaftServer$Division (ServerState.java:setRaftConf(386)) - cad2128f-a1ed-4156-bd3d-e0bb4df6aa32@group-E8836541D941: set configuration 0: peers:[cad2128f-a1ed-4156-bd3d-e0bb4df6aa32|127.0.0.1:15388, 69327c76-d33b-4896-9f65-b4e7feed79ae|127.0.0.1:15379, f684478f-b568-4af5-8d70-73cde96e1eae|127.0.0.1:15370]|listeners:[], old=null
2024-04-26 07:45:28,277 [cad2128f-a1ed-4156-bd3d-e0bb4df6aa32@group-E8836541D941-SegmentedRaftLogWorker] INFO  segmented.BufferedWriteChannel (BufferedWriteChannel.java:open(62)) - open log_inprogress_0 at position 0
2024-04-26 07:45:28,280 [007259ab-dd98-41c4-869b-5f1f47ad54d0@group-8AF491E1D12D-LeaderElection64] INFO  impl.LeaderElection (LeaderElection.java:logAndReturn(89)) - 007259ab-dd98-41c4-869b-5f1f47ad54d0@group-8AF491E1D12D-LeaderElection64: PRE_VOTE REJECTED received 2 response(s) and 0 exception(s):
2024-04-26 07:45:28,280 [007259ab-dd98-41c4-869b-5f1f47ad54d0@group-8AF491E1D12D-LeaderElection64] INFO  impl.LeaderElection (LeaderElection.java:logAndReturn(93)) -   Response 0: 007259ab-dd98-41c4-869b-5f1f47ad54d0<-3adbcf3a-f954-449d-af41-94271594c360#0:OK-t0
2024-04-26 07:45:28,280 [007259ab-dd98-41c4-869b-5f1f47ad54d0@group-8AF491E1D12D-LeaderElection64] INFO  impl.LeaderElection (LeaderElection.java:logAndReturn(93)) -   Response 1: 007259ab-dd98-41c4-869b-5f1f47ad54d0<-66bce337-27b9-4953-b5f8-11fc3ae630c2#0:FAIL-t0
2024-04-26 07:45:28,280 [007259ab-dd98-41c4-869b-5f1f47ad54d0@group-8AF491E1D12D-LeaderElection64] INFO  impl.LeaderElection (LeaderElection.java:askForVotes(323)) - 007259ab-dd98-41c4-869b-5f1f47ad54d0@group-8AF491E1D12D-LeaderElection64 PRE_VOTE round 0: result REJECTED
2024-04-26 07:45:28,280 [007259ab-dd98-41c4-869b-5f1f47ad54d0@group-8AF491E1D12D-LeaderElection64] INFO  server.RaftServer$Division (RaftServerImpl.java:setRole(383)) - 007259ab-dd98-41c4-869b-5f1f47ad54d0@group-8AF491E1D12D: changes role from CANDIDATE to FOLLOWER at term 0 for REJECTED
2024-04-26 07:45:28,280 [007259ab-dd98-41c4-869b-5f1f47ad54d0@group-8AF491E1D12D-LeaderElection64] INFO  impl.RoleInfo (RoleInfo.java:shutdownLeaderElection(130)) - 007259ab-dd98-41c4-869b-5f1f47ad54d0: shutdown 007259ab-dd98-41c4-869b-5f1f47ad54d0@group-8AF491E1D12D-LeaderElection64
2024-04-26 07:45:28,280 [007259ab-dd98-41c4-869b-5f1f47ad54d0@group-8AF491E1D12D-LeaderElection64] INFO  impl.RoleInfo (RoleInfo.java:updateAndGet(139)) - 007259ab-dd98-41c4-869b-5f1f47ad54d0: start 007259ab-dd98-41c4-869b-5f1f47ad54d0@group-8AF491E1D12D-FollowerState
2024-04-26 07:45:28,281 [EventQueue-PipelineReportForPipelineReportHandler] INFO  pipeline.PipelineReportHandler (PipelineReportHandler.java:processPipelineReport(136)) - Opened pipeline PipelineID=1970a824-ca16-4cb8-816d-e8836541d941
2024-04-26 07:45:28,281 [EventQueue-OpenPipelineForHealthyPipelineSafeModeRule] INFO  safemode.SCMSafeModeManager (HealthyPipelineSafeModeRule.java:process(140)) - SCM in safe mode. Healthy pipelines reported count is 1, required healthy pipeline reported count is 1
2024-04-26 07:45:28,281 [EventQueue-OpenPipelineForHealthyPipelineSafeModeRule] INFO  safemode.SCMSafeModeManager (SCMSafeModeManager.java:validateSafeModeExitRules(203)) - HealthyPipelineSafeModeRule rule is successfully validated
2024-04-26 07:45:28,281 [EventQueue-OpenPipelineForHealthyPipelineSafeModeRule] INFO  safemode.SCMSafeModeManager (SCMSafeModeManager.java:validateSafeModeExitRules(218)) - ScmSafeModeManager, all rules are successfully validated
2024-04-26 07:45:28,281 [EventQueue-OpenPipelineForHealthyPipelineSafeModeRule] INFO  safemode.SCMSafeModeManager (SCMSafeModeManager.java:exitSafeMode(248)) - SCM exiting safe mode.
2024-04-26 07:45:28,281 [EventQueue-OpenPipelineForHealthyPipelineSafeModeRule] INFO  ha.SCMContext (SCMContext.java:updateSafeModeStatus(225)) - Update SafeModeStatus from SafeModeStatus{safeModeStatus=true, preCheckPassed=true} to SafeModeStatus{safeModeStatus=false, preCheckPassed=true}.
2024-04-26 07:45:28,281 [EventQueue-OpenPipelineForHealthyPipelineSafeModeRule] INFO  pipeline.BackgroundPipelineCreator (BackgroundPipelineCreator.java:notifyStatusChanged(258)) - Service BackgroundPipelineCreator transitions to RUNNING.
2024-04-26 07:45:28,281 [EventQueue-OpenPipelineForHealthyPipelineSafeModeRule] INFO  BackgroundPipelineScrubber (BackgroundSCMService.java:notifyStatusChanged(79)) - Service BackgroundPipelineScrubber transitions to RUNNING.
2024-04-26 07:45:28,281 [EventQueue-OpenPipelineForHealthyPipelineSafeModeRule] INFO  ExpiredContainerReplicaOpScrubber (BackgroundSCMService.java:notifyStatusChanged(79)) - Service ExpiredContainerReplicaOpScrubber transitions to RUNNING.
2024-04-26 07:45:28,281 [EventQueue-OpenPipelineForHealthyPipelineSafeModeRule] INFO  block.SCMBlockDeletingService (SCMBlockDeletingService.java:notifyStatusChanged(247)) - notifyStatusChanged:RUNNING
2024-04-26 07:45:28,282 [EventQueue-OpenPipelineForHealthyPipelineSafeModeRule] INFO  replication.ReplicationManager (ReplicationManager.java:notifyStatusChanged(1403)) - Service ReplicationManager transitions to RUNNING.
2024-04-26 07:45:28,282 [EventQueue-OpenPipelineForHealthyPipelineSafeModeRule] WARN  balancer.ContainerBalancer (ContainerBalancer.java:shouldRun(134)) - Could not find persisted configuration for ContainerBalancer when checking if ContainerBalancer should run. ContainerBalancer should not run now.
2024-04-26 07:45:28,287 [69327c76-d33b-4896-9f65-b4e7feed79ae@group-797088F29111-SegmentedRaftLogWorker] INFO  segmented.SegmentedRaftLogWorker (SegmentedRaftLogWorker.java:execute(634)) - 69327c76-d33b-4896-9f65-b4e7feed79ae@group-797088F29111-SegmentedRaftLogWorker: created new log segment /home/runner/work/ozone/ozone/hadoop-ozone/integration-test/target/test-dir/MiniOzoneClusterImpl-f8a85056-d908-4111-b8ec-0d6f55fc62ea/ozone-meta/datanode-2/ratis/a672c8d4-b10a-47b5-bd0d-797088f29111/current/log_inprogress_0
2024-04-26 07:45:28,287 [cad2128f-a1ed-4156-bd3d-e0bb4df6aa32@group-E8836541D941-SegmentedRaftLogWorker] INFO  segmented.SegmentedRaftLogWorker (SegmentedRaftLogWorker.java:execute(634)) - cad2128f-a1ed-4156-bd3d-e0bb4df6aa32@group-E8836541D941-SegmentedRaftLogWorker: created new log segment /home/runner/work/ozone/ozone/hadoop-ozone/integration-test/target/test-dir/MiniOzoneClusterImpl-f8a85056-d908-4111-b8ec-0d6f55fc62ea/ozone-meta/datanode-3/ratis/1970a824-ca16-4cb8-816d-e8836541d941/current/log_inprogress_0
2024-04-26 07:45:28,288 [69327c76-d33b-4896-9f65-b4e7feed79ae@group-797088F29111-StateMachineUpdater] INFO  server.RaftServer$Division (LeaderStateImpl.java:isApplied(320)) - leader is ready since appliedIndex == 0 >= startIndex == 0
2024-04-26 07:45:28,291 [69327c76-d33b-4896-9f65-b4e7feed79ae-server-thread1] INFO  ratis.XceiverServerRatis (XceiverServerRatis.java:handleLeaderChangedNotification(966)) - Leader change notification received for group: group-E8836541D941 with new leaderId: cad2128f-a1ed-4156-bd3d-e0bb4df6aa32
2024-04-26 07:45:28,291 [69327c76-d33b-4896-9f65-b4e7feed79ae-server-thread1] INFO  server.RaftServer$Division (ServerState.java:setLeader(269)) - 69327c76-d33b-4896-9f65-b4e7feed79ae@group-E8836541D941: change Leader from null to cad2128f-a1ed-4156-bd3d-e0bb4df6aa32 at term 1 for appendEntries, leader elected after 5205ms
2024-04-26 07:45:28,292 [007259ab-dd98-41c4-869b-5f1f47ad54d0@group-8AF491E1D12D-LeaderElection64] INFO  server.RaftServer$Division (RaftServerImpl.java:setFirstElection(574)) - 007259ab-dd98-41c4-869b-5f1f47ad54d0@group-8AF491E1D12D: set firstElectionSinceStartup to false for REJECTED
2024-04-26 07:45:28,297 [f684478f-b568-4af5-8d70-73cde96e1eae-server-thread1] INFO  ratis.XceiverServerRatis (XceiverServerRatis.java:handleLeaderChangedNotification(966)) - Leader change notification received for group: group-E8836541D941 with new leaderId: cad2128f-a1ed-4156-bd3d-e0bb4df6aa32
2024-04-26 07:45:28,297 [f684478f-b568-4af5-8d70-73cde96e1eae-server-thread1] INFO  server.RaftServer$Division (ServerState.java:setLeader(269)) - f684478f-b568-4af5-8d70-73cde96e1eae@group-E8836541D941: change Leader from null to cad2128f-a1ed-4156-bd3d-e0bb4df6aa32 at term 1 for appendEntries, leader elected after 5228ms
2024-04-26 07:45:28,297 [f684478f-b568-4af5-8d70-73cde96e1eae-server-thread2] INFO  server.RaftServer$Division (ServerState.java:setRaftConf(386)) - f684478f-b568-4af5-8d70-73cde96e1eae@group-E8836541D941: set configuration 0: peers:[cad2128f-a1ed-4156-bd3d-e0bb4df6aa32|127.0.0.1:15388, 69327c76-d33b-4896-9f65-b4e7feed79ae|127.0.0.1:15379, f684478f-b568-4af5-8d70-73cde96e1eae|127.0.0.1:15370]|listeners:[], old=null
2024-04-26 07:45:28,297 [f684478f-b568-4af5-8d70-73cde96e1eae-server-thread2] INFO  segmented.SegmentedRaftLogWorker (SegmentedRaftLogWorker.java:startLogSegment(430)) - f684478f-b568-4af5-8d70-73cde96e1eae@group-E8836541D941-SegmentedRaftLogWorker: Starting segment from index:0
2024-04-26 07:45:28,297 [f684478f-b568-4af5-8d70-73cde96e1eae@group-E8836541D941-SegmentedRaftLogWorker] INFO  segmented.BufferedWriteChannel (BufferedWriteChannel.java:open(62)) - open log_inprogress_0 at position 0
2024-04-26 07:45:28,299 [007259ab-dd98-41c4-869b-5f1f47ad54d0@group-8DF680F5D577-FollowerState] INFO  impl.FollowerState (FollowerState.java:run(143)) - 007259ab-dd98-41c4-869b-5f1f47ad54d0@group-8DF680F5D577-FollowerState: change to CANDIDATE, lastRpcElapsedTime:5085109797ns, electionTimeout:5084ms
2024-04-26 07:45:28,299 [007259ab-dd98-41c4-869b-5f1f47ad54d0@group-8DF680F5D577-FollowerState] INFO  impl.RoleInfo (RoleInfo.java:shutdownFollowerState(110)) - 007259ab-dd98-41c4-869b-5f1f47ad54d0: shutdown 007259ab-dd98-41c4-869b-5f1f47ad54d0@group-8DF680F5D577-FollowerState
2024-04-26 07:45:28,299 [007259ab-dd98-41c4-869b-5f1f47ad54d0@group-8DF680F5D577-FollowerState] INFO  server.RaftServer$Division (RaftServerImpl.java:setRole(383)) - 007259ab-dd98-41c4-869b-5f1f47ad54d0@group-8DF680F5D577: changes role from  FOLLOWER to CANDIDATE at term 0 for changeToCandidate
2024-04-26 07:45:28,299 [007259ab-dd98-41c4-869b-5f1f47ad54d0@group-8DF680F5D577-FollowerState] INFO  server.RaftServerConfigKeys (ConfUtils.java:logGet(46)) - raft.server.leaderelection.pre-vote = true (default)
2024-04-26 07:45:28,299 [007259ab-dd98-41c4-869b-5f1f47ad54d0@group-8DF680F5D577-FollowerState] INFO  impl.RoleInfo (RoleInfo.java:updateAndGet(139)) - 007259ab-dd98-41c4-869b-5f1f47ad54d0: start 007259ab-dd98-41c4-869b-5f1f47ad54d0@group-8DF680F5D577-LeaderElection66
2024-04-26 07:45:28,304 [69327c76-d33b-4896-9f65-b4e7feed79ae-server-thread2] INFO  server.RaftServer$Division (ServerState.java:setRaftConf(386)) - 69327c76-d33b-4896-9f65-b4e7feed79ae@group-E8836541D941: set configuration 0: peers:[cad2128f-a1ed-4156-bd3d-e0bb4df6aa32|127.0.0.1:15388, 69327c76-d33b-4896-9f65-b4e7feed79ae|127.0.0.1:15379, f684478f-b568-4af5-8d70-73cde96e1eae|127.0.0.1:15370]|listeners:[], old=null
2024-04-26 07:45:28,304 [69327c76-d33b-4896-9f65-b4e7feed79ae-server-thread2] INFO  segmented.SegmentedRaftLogWorker (SegmentedRaftLogWorker.java:startLogSegment(430)) - 69327c76-d33b-4896-9f65-b4e7feed79ae@group-E8836541D941-SegmentedRaftLogWorker: Starting segment from index:0
2024-04-26 07:45:28,305 [f684478f-b568-4af5-8d70-73cde96e1eae@group-E8836541D941-SegmentedRaftLogWorker] INFO  segmented.SegmentedRaftLogWorker (SegmentedRaftLogWorker.java:execute(634)) - f684478f-b568-4af5-8d70-73cde96e1eae@group-E8836541D941-SegmentedRaftLogWorker: created new log segment /home/runner/work/ozone/ozone/hadoop-ozone/integration-test/target/test-dir/MiniOzoneClusterImpl-f8a85056-d908-4111-b8ec-0d6f55fc62ea/ozone-meta/datanode-1/ratis/1970a824-ca16-4cb8-816d-e8836541d941/current/log_inprogress_0
2024-04-26 07:45:28,305 [007259ab-dd98-41c4-869b-5f1f47ad54d0@group-8DF680F5D577-LeaderElection66] INFO  impl.LeaderElection (LeaderElection.java:askForVotes(321)) - 007259ab-dd98-41c4-869b-5f1f47ad54d0@group-8DF680F5D577-LeaderElection66 PRE_VOTE round 0: submit vote requests at term 0 for -1: peers:[007259ab-dd98-41c4-869b-5f1f47ad54d0|127.0.0.1:15397]|listeners:[], old=null
2024-04-26 07:45:28,306 [69327c76-d33b-4896-9f65-b4e7feed79ae@group-E8836541D941-SegmentedRaftLogWorker] INFO  segmented.BufferedWriteChannel (BufferedWriteChannel.java:open(62)) - open log_inprogress_0 at position 0
2024-04-26 07:45:28,306 [007259ab-dd98-41c4-869b-5f1f47ad54d0@group-8DF680F5D577-LeaderElection66] INFO  impl.LeaderElection (LeaderElection.java:askForVotes(323)) - 007259ab-dd98-41c4-869b-5f1f47ad54d0@group-8DF680F5D577-LeaderElection66 PRE_VOTE round 0: result PASSED (term=0)
2024-04-26 07:45:28,307 [007259ab-dd98-41c4-869b-5f1f47ad54d0@group-8DF680F5D577-LeaderElection66] INFO  impl.LeaderElection (LeaderElection.java:askForVotes(321)) - 007259ab-dd98-41c4-869b-5f1f47ad54d0@group-8DF680F5D577-LeaderElection66 ELECTION round 0: submit vote requests at term 1 for -1: peers:[007259ab-dd98-41c4-869b-5f1f47ad54d0|127.0.0.1:15397]|listeners:[], old=null
2024-04-26 07:45:28,307 [007259ab-dd98-41c4-869b-5f1f47ad54d0@group-8DF680F5D577-LeaderElection66] INFO  impl.LeaderElection (LeaderElection.java:askForVotes(323)) - 007259ab-dd98-41c4-869b-5f1f47ad54d0@group-8DF680F5D577-LeaderElection66 ELECTION round 0: result PASSED (term=1)
2024-04-26 07:45:28,307 [007259ab-dd98-41c4-869b-5f1f47ad54d0@group-8DF680F5D577-LeaderElection66] INFO  impl.RoleInfo (RoleInfo.java:shutdownLeaderElection(130)) - 007259ab-dd98-41c4-869b-5f1f47ad54d0: shutdown 007259ab-dd98-41c4-869b-5f1f47ad54d0@group-8DF680F5D577-LeaderElection66
2024-04-26 07:45:28,307 [007259ab-dd98-41c4-869b-5f1f47ad54d0@group-8DF680F5D577-LeaderElection66] INFO  server.RaftServer$Division (RaftServerImpl.java:setRole(383)) - 007259ab-dd98-41c4-869b-5f1f47ad54d0@group-8DF680F5D577: changes role from CANDIDATE to LEADER at term 1 for changeToLeader
2024-04-26 07:45:28,307 [007259ab-dd98-41c4-869b-5f1f47ad54d0@group-8DF680F5D577-LeaderElection66] INFO  server.RaftServerConfigKeys (ConfUtils.java:logGet(46)) - raft.server.staging.catchup.gap = 1000 (default)
2024-04-26 07:45:28,307 [007259ab-dd98-41c4-869b-5f1f47ad54d0@group-8DF680F5D577-LeaderElection66] INFO  server.RaftServerConfigKeys (ConfUtils.java:logGet(46)) - raft.server.write.element-limit = 1024 (custom)
2024-04-26 07:45:28,307 [007259ab-dd98-41c4-869b-5f1f47ad54d0@group-8DF680F5D577-LeaderElection66] INFO  server.RaftServerConfigKeys (ConfUtils.java:logGet(46)) - raft.server.write.byte-limit = 1024 M (=1073741824) (custom)
2024-04-26 07:45:28,307 [007259ab-dd98-41c4-869b-5f1f47ad54d0@group-8DF680F5D577-LeaderElection66] INFO  server.RaftServerConfigKeys (ConfUtils.java:logGet(46)) - raft.server.watch.timeout = 3000ms (custom)
2024-04-26 07:45:28,307 [007259ab-dd98-41c4-869b-5f1f47ad54d0@group-8DF680F5D577-LeaderElection66] INFO  server.RaftServerConfigKeys (ConfUtils.java:logGet(46)) - raft.server.watch.timeout.denomination = 1s (default)
2024-04-26 07:45:28,307 [007259ab-dd98-41c4-869b-5f1f47ad54d0@group-8DF680F5D577-LeaderElection66] INFO  server.RaftServerConfigKeys (ConfUtils.java:logGet(46)) - raft.server.watch.element-limit = 65536 (default)
2024-04-26 07:45:28,307 [007259ab-dd98-41c4-869b-5f1f47ad54d0@group-8DF680F5D577-LeaderElection66] INFO  server.RaftServerConfigKeys (ConfUtils.java:logGet(46)) - raft.server.read.leader.lease.enabled = false (default)
2024-04-26 07:45:28,307 [007259ab-dd98-41c4-869b-5f1f47ad54d0@group-8DF680F5D577-LeaderElection66] INFO  server.RaftServerConfigKeys (ConfUtils.java:logGet(46)) - raft.server.read.leader.lease.timeout.ratio = 0.9 (default)
2024-04-26 07:45:28,308 [007259ab-dd98-41c4-869b-5f1f47ad54d0@group-8DF680F5D577-LeaderElection66] INFO  server.RaftServerConfigKeys (ConfUtils.java:logGet(46)) - raft.server.rpc.timeout.min = 5s (custom)
2024-04-26 07:45:28,308 [007259ab-dd98-41c4-869b-5f1f47ad54d0@group-8DF680F5D577-LeaderElection66] INFO  server.RaftServerConfigKeys (ConfUtils.java:logGet(46)) - raft.server.write.element-limit = 1024 (custom)
2024-04-26 07:45:28,308 [007259ab-dd98-41c4-869b-5f1f47ad54d0@group-8DF680F5D577-LeaderElection66] INFO  server.RaftServerConfigKeys (ConfUtils.java:logGet(46)) - raft.server.write.follower.gap.ratio.max = -1.0 (default)
2024-04-26 07:45:28,308 [007259ab-dd98-41c4-869b-5f1f47ad54d0@group-8DF680F5D577-LeaderElection66] INFO  impl.RoleInfo (RoleInfo.java:updateAndGet(139)) - 007259ab-dd98-41c4-869b-5f1f47ad54d0: start 007259ab-dd98-41c4-869b-5f1f47ad54d0@group-8DF680F5D577-LeaderStateImpl
2024-04-26 07:45:28,308 [007259ab-dd98-41c4-869b-5f1f47ad54d0@group-8DF680F5D577-LeaderElection66] INFO  server.RaftServer$Division (RaftServerImpl.java:setFirstElection(574)) - 007259ab-dd98-41c4-869b-5f1f47ad54d0@group-8DF680F5D577: set firstElectionSinceStartup to false for becomeLeader
2024-04-26 07:45:28,308 [007259ab-dd98-41c4-869b-5f1f47ad54d0@group-8DF680F5D577-LeaderElection66] INFO  ratis.XceiverServerRatis (XceiverServerRatis.java:handleLeaderChangedNotification(966)) - Leader change notification received for group: group-8DF680F5D577 with new leaderId: 007259ab-dd98-41c4-869b-5f1f47ad54d0
2024-04-26 07:45:28,308 [007259ab-dd98-41c4-869b-5f1f47ad54d0@group-8DF680F5D577-LeaderElection66] INFO  server.RaftServer$Division (ServerState.java:setLeader(269)) - 007259ab-dd98-41c4-869b-5f1f47ad54d0@group-8DF680F5D577: change Leader from null to 007259ab-dd98-41c4-869b-5f1f47ad54d0 at term 1 for becomeLeader, leader elected after 5103ms
2024-04-26 07:45:28,308 [007259ab-dd98-41c4-869b-5f1f47ad54d0@group-8DF680F5D577-LeaderElection66] INFO  segmented.SegmentedRaftLogWorker (SegmentedRaftLogWorker.java:startLogSegment(430)) - 007259ab-dd98-41c4-869b-5f1f47ad54d0@group-8DF680F5D577-SegmentedRaftLogWorker: Starting segment from index:0
2024-04-26 07:45:28,308 [007259ab-dd98-41c4-869b-5f1f47ad54d0@group-8DF680F5D577-LeaderElection66] INFO  server.RaftServer$Division (ServerState.java:setRaftConf(386)) - 007259ab-dd98-41c4-869b-5f1f47ad54d0@group-8DF680F5D577: set configuration 0: peers:[007259ab-dd98-41c4-869b-5f1f47ad54d0|127.0.0.1:15397]|listeners:[], old=null
2024-04-26 07:45:28,309 [007259ab-dd98-41c4-869b-5f1f47ad54d0@group-8DF680F5D577-SegmentedRaftLogWorker] INFO  segmented.BufferedWriteChannel (BufferedWriteChannel.java:open(62)) - open log_inprogress_0 at position 0
2024-04-26 07:45:28,309 [cad2128f-a1ed-4156-bd3d-e0bb4df6aa32@group-E8836541D941-StateMachineUpdater] INFO  server.RaftServer$Division (LeaderStateImpl.java:isApplied(320)) - leader is ready since appliedIndex == 0 >= startIndex == 0
2024-04-26 07:45:28,317 [69327c76-d33b-4896-9f65-b4e7feed79ae@group-E8836541D941-SegmentedRaftLogWorker] INFO  segmented.SegmentedRaftLogWorker (SegmentedRaftLogWorker.java:execute(634)) - 69327c76-d33b-4896-9f65-b4e7feed79ae@group-E8836541D941-SegmentedRaftLogWorker: created new log segment /home/runner/work/ozone/ozone/hadoop-ozone/integration-test/target/test-dir/MiniOzoneClusterImpl-f8a85056-d908-4111-b8ec-0d6f55fc62ea/ozone-meta/datanode-2/ratis/1970a824-ca16-4cb8-816d-e8836541d941/current/log_inprogress_0
2024-04-26 07:45:28,317 [007259ab-dd98-41c4-869b-5f1f47ad54d0@group-8DF680F5D577-SegmentedRaftLogWorker] INFO  segmented.SegmentedRaftLogWorker (SegmentedRaftLogWorker.java:execute(634)) - 007259ab-dd98-41c4-869b-5f1f47ad54d0@group-8DF680F5D577-SegmentedRaftLogWorker: created new log segment /home/runner/work/ozone/ozone/hadoop-ozone/integration-test/target/test-dir/MiniOzoneClusterImpl-f8a85056-d908-4111-b8ec-0d6f55fc62ea/ozone-meta/datanode-4/ratis/2ead501a-c731-4c4e-9db9-8df680f5d577/current/log_inprogress_0
2024-04-26 07:45:28,319 [007259ab-dd98-41c4-869b-5f1f47ad54d0@group-8DF680F5D577-StateMachineUpdater] INFO  server.RaftServer$Division (LeaderStateImpl.java:isApplied(320)) - leader is ready since appliedIndex == 0 >= startIndex == 0
2024-04-26 07:45:28,342 [3adbcf3a-f954-449d-af41-94271594c360@group-8AF491E1D12D-FollowerState] INFO  server.RaftServerConfigKeys (ConfUtils.java:logFallback(53)) - raft.server.rpc.first-election.timeout.min = 5s (fallback to raft.server.rpc.timeout.min)
2024-04-26 07:45:28,342 [3adbcf3a-f954-449d-af41-94271594c360@group-8AF491E1D12D-FollowerState] INFO  server.RaftServerConfigKeys (ConfUtils.java:logFallback(53)) - raft.server.rpc.first-election.timeout.max = 5200ms (fallback to raft.server.rpc.timeout.max)
2024-04-26 07:45:28,346 [cad2128f-a1ed-4156-bd3d-e0bb4df6aa32@group-344275F2E69F-FollowerState] INFO  impl.FollowerState (FollowerState.java:run(143)) - cad2128f-a1ed-4156-bd3d-e0bb4df6aa32@group-344275F2E69F-FollowerState: change to CANDIDATE, lastRpcElapsedTime:5183305656ns, electionTimeout:5183ms
2024-04-26 07:45:28,346 [cad2128f-a1ed-4156-bd3d-e0bb4df6aa32@group-344275F2E69F-FollowerState] INFO  impl.RoleInfo (RoleInfo.java:shutdownFollowerState(110)) - cad2128f-a1ed-4156-bd3d-e0bb4df6aa32: shutdown cad2128f-a1ed-4156-bd3d-e0bb4df6aa32@group-344275F2E69F-FollowerState
2024-04-26 07:45:28,346 [cad2128f-a1ed-4156-bd3d-e0bb4df6aa32@group-344275F2E69F-FollowerState] INFO  server.RaftServer$Division (RaftServerImpl.java:setRole(383)) - cad2128f-a1ed-4156-bd3d-e0bb4df6aa32@group-344275F2E69F: changes role from  FOLLOWER to CANDIDATE at term 0 for changeToCandidate
2024-04-26 07:45:28,346 [cad2128f-a1ed-4156-bd3d-e0bb4df6aa32@group-344275F2E69F-FollowerState] INFO  server.RaftServerConfigKeys (ConfUtils.java:logGet(46)) - raft.server.leaderelection.pre-vote = true (default)
2024-04-26 07:45:28,346 [cad2128f-a1ed-4156-bd3d-e0bb4df6aa32@group-344275F2E69F-FollowerState] INFO  impl.RoleInfo (RoleInfo.java:updateAndGet(139)) - cad2128f-a1ed-4156-bd3d-e0bb4df6aa32: start cad2128f-a1ed-4156-bd3d-e0bb4df6aa32@group-344275F2E69F-LeaderElection67
2024-04-26 07:45:28,347 [cad2128f-a1ed-4156-bd3d-e0bb4df6aa32@group-344275F2E69F-LeaderElection67] INFO  impl.LeaderElection (LeaderElection.java:askForVotes(321)) - cad2128f-a1ed-4156-bd3d-e0bb4df6aa32@group-344275F2E69F-LeaderElection67 PRE_VOTE round 0: submit vote requests at term 0 for -1: peers:[cad2128f-a1ed-4156-bd3d-e0bb4df6aa32|127.0.0.1:15388]|listeners:[], old=null
2024-04-26 07:45:28,347 [cad2128f-a1ed-4156-bd3d-e0bb4df6aa32@group-344275F2E69F-LeaderElection67] INFO  impl.LeaderElection (LeaderElection.java:askForVotes(323)) - cad2128f-a1ed-4156-bd3d-e0bb4df6aa32@group-344275F2E69F-LeaderElection67 PRE_VOTE round 0: result PASSED (term=0)
2024-04-26 07:45:28,348 [cad2128f-a1ed-4156-bd3d-e0bb4df6aa32@group-344275F2E69F-LeaderElection67] INFO  impl.LeaderElection (LeaderElection.java:askForVotes(321)) - cad2128f-a1ed-4156-bd3d-e0bb4df6aa32@group-344275F2E69F-LeaderElection67 ELECTION round 0: submit vote requests at term 1 for -1: peers:[cad2128f-a1ed-4156-bd3d-e0bb4df6aa32|127.0.0.1:15388]|listeners:[], old=null
2024-04-26 07:45:28,348 [cad2128f-a1ed-4156-bd3d-e0bb4df6aa32@group-344275F2E69F-LeaderElection67] INFO  impl.LeaderElection (LeaderElection.java:askForVotes(323)) - cad2128f-a1ed-4156-bd3d-e0bb4df6aa32@group-344275F2E69F-LeaderElection67 ELECTION round 0: result PASSED (term=1)
2024-04-26 07:45:28,348 [cad2128f-a1ed-4156-bd3d-e0bb4df6aa32@group-344275F2E69F-LeaderElection67] INFO  impl.RoleInfo (RoleInfo.java:shutdownLeaderElection(130)) - cad2128f-a1ed-4156-bd3d-e0bb4df6aa32: shutdown cad2128f-a1ed-4156-bd3d-e0bb4df6aa32@group-344275F2E69F-LeaderElection67
2024-04-26 07:45:28,348 [cad2128f-a1ed-4156-bd3d-e0bb4df6aa32@group-344275F2E69F-LeaderElection67] INFO  server.RaftServer$Division (RaftServerImpl.java:setRole(383)) - cad2128f-a1ed-4156-bd3d-e0bb4df6aa32@group-344275F2E69F: changes role from CANDIDATE to LEADER at term 1 for changeToLeader
2024-04-26 07:45:28,348 [cad2128f-a1ed-4156-bd3d-e0bb4df6aa32@group-344275F2E69F-LeaderElection67] INFO  server.RaftServerConfigKeys (ConfUtils.java:logGet(46)) - raft.server.staging.catchup.gap = 1000 (default)
2024-04-26 07:45:28,348 [cad2128f-a1ed-4156-bd3d-e0bb4df6aa32@group-344275F2E69F-LeaderElection67] INFO  server.RaftServerConfigKeys (ConfUtils.java:logGet(46)) - raft.server.write.element-limit = 1024 (custom)
2024-04-26 07:45:28,349 [cad2128f-a1ed-4156-bd3d-e0bb4df6aa32@group-344275F2E69F-LeaderElection67] INFO  server.RaftServerConfigKeys (ConfUtils.java:logGet(46)) - raft.server.write.byte-limit = 1024 M (=1073741824) (custom)
2024-04-26 07:45:28,349 [cad2128f-a1ed-4156-bd3d-e0bb4df6aa32@group-344275F2E69F-LeaderElection67] INFO  server.RaftServerConfigKeys (ConfUtils.java:logGet(46)) - raft.server.watch.timeout = 3000ms (custom)
2024-04-26 07:45:28,367 [cad2128f-a1ed-4156-bd3d-e0bb4df6aa32@group-344275F2E69F-LeaderElection67] INFO  server.RaftServerConfigKeys (ConfUtils.java:logGet(46)) - raft.server.watch.timeout.denomination = 1s (default)
2024-04-26 07:45:28,367 [cad2128f-a1ed-4156-bd3d-e0bb4df6aa32@group-344275F2E69F-LeaderElection67] INFO  server.RaftServerConfigKeys (ConfUtils.java:logGet(46)) - raft.server.watch.element-limit = 65536 (default)
2024-04-26 07:45:28,367 [cad2128f-a1ed-4156-bd3d-e0bb4df6aa32@group-344275F2E69F-LeaderElection67] INFO  server.RaftServerConfigKeys (ConfUtils.java:logGet(46)) - raft.server.read.leader.lease.enabled = false (default)
2024-04-26 07:45:28,367 [cad2128f-a1ed-4156-bd3d-e0bb4df6aa32@group-344275F2E69F-LeaderElection67] INFO  server.RaftServerConfigKeys (ConfUtils.java:logGet(46)) - raft.server.read.leader.lease.timeout.ratio = 0.9 (default)
2024-04-26 07:45:28,367 [cad2128f-a1ed-4156-bd3d-e0bb4df6aa32@group-344275F2E69F-LeaderElection67] INFO  server.RaftServerConfigKeys (ConfUtils.java:logGet(46)) - raft.server.rpc.timeout.min = 5s (custom)
2024-04-26 07:45:28,367 [cad2128f-a1ed-4156-bd3d-e0bb4df6aa32@group-344275F2E69F-LeaderElection67] INFO  server.RaftServerConfigKeys (ConfUtils.java:logGet(46)) - raft.server.write.element-limit = 1024 (custom)
2024-04-26 07:45:28,367 [cad2128f-a1ed-4156-bd3d-e0bb4df6aa32@group-344275F2E69F-LeaderElection67] INFO  server.RaftServerConfigKeys (ConfUtils.java:logGet(46)) - raft.server.write.follower.gap.ratio.max = -1.0 (default)
2024-04-26 07:45:28,367 [cad2128f-a1ed-4156-bd3d-e0bb4df6aa32@group-344275F2E69F-LeaderElection67] INFO  impl.RoleInfo (RoleInfo.java:updateAndGet(139)) - cad2128f-a1ed-4156-bd3d-e0bb4df6aa32: start cad2128f-a1ed-4156-bd3d-e0bb4df6aa32@group-344275F2E69F-LeaderStateImpl
2024-04-26 07:45:28,368 [cad2128f-a1ed-4156-bd3d-e0bb4df6aa32@group-344275F2E69F-LeaderElection67] INFO  server.RaftServer$Division (RaftServerImpl.java:setFirstElection(574)) - cad2128f-a1ed-4156-bd3d-e0bb4df6aa32@group-344275F2E69F: set firstElectionSinceStartup to false for becomeLeader
2024-04-26 07:45:28,368 [cad2128f-a1ed-4156-bd3d-e0bb4df6aa32@group-344275F2E69F-LeaderElection67] INFO  ratis.XceiverServerRatis (XceiverServerRatis.java:handleLeaderChangedNotification(966)) - Leader change notification received for group: group-344275F2E69F with new leaderId: cad2128f-a1ed-4156-bd3d-e0bb4df6aa32
2024-04-26 07:45:28,368 [cad2128f-a1ed-4156-bd3d-e0bb4df6aa32@group-344275F2E69F-LeaderElection67] INFO  server.RaftServer$Division (ServerState.java:setLeader(269)) - cad2128f-a1ed-4156-bd3d-e0bb4df6aa32@group-344275F2E69F: change Leader from null to cad2128f-a1ed-4156-bd3d-e0bb4df6aa32 at term 1 for becomeLeader, leader elected after 5213ms
2024-04-26 07:45:28,368 [cad2128f-a1ed-4156-bd3d-e0bb4df6aa32@group-344275F2E69F-LeaderElection67] INFO  segmented.SegmentedRaftLogWorker (SegmentedRaftLogWorker.java:startLogSegment(430)) - cad2128f-a1ed-4156-bd3d-e0bb4df6aa32@group-344275F2E69F-SegmentedRaftLogWorker: Starting segment from index:0
2024-04-26 07:45:28,368 [cad2128f-a1ed-4156-bd3d-e0bb4df6aa32@group-344275F2E69F-LeaderElection67] INFO  server.RaftServer$Division (ServerState.java:setRaftConf(386)) - cad2128f-a1ed-4156-bd3d-e0bb4df6aa32@group-344275F2E69F: set configuration 0: peers:[cad2128f-a1ed-4156-bd3d-e0bb4df6aa32|127.0.0.1:15388]|listeners:[], old=null
2024-04-26 07:45:28,368 [cad2128f-a1ed-4156-bd3d-e0bb4df6aa32@group-344275F2E69F-SegmentedRaftLogWorker] INFO  segmented.BufferedWriteChannel (BufferedWriteChannel.java:open(62)) - open log_inprogress_0 at position 0
2024-04-26 07:45:28,375 [cad2128f-a1ed-4156-bd3d-e0bb4df6aa32@group-344275F2E69F-SegmentedRaftLogWorker] INFO  segmented.SegmentedRaftLogWorker (SegmentedRaftLogWorker.java:execute(634)) - cad2128f-a1ed-4156-bd3d-e0bb4df6aa32@group-344275F2E69F-SegmentedRaftLogWorker: created new log segment /home/runner/work/ozone/ozone/hadoop-ozone/integration-test/target/test-dir/MiniOzoneClusterImpl-f8a85056-d908-4111-b8ec-0d6f55fc62ea/ozone-meta/datanode-3/ratis/ca173b33-85ae-4baa-a536-344275f2e69f/current/log_inprogress_0
2024-04-26 07:45:28,377 [cad2128f-a1ed-4156-bd3d-e0bb4df6aa32@group-344275F2E69F-StateMachineUpdater] INFO  server.RaftServer$Division (LeaderStateImpl.java:isApplied(320)) - leader is ready since appliedIndex == 0 >= startIndex == 0
2024-04-26 07:45:28,383 [66bce337-27b9-4953-b5f8-11fc3ae630c2@group-A271859F91B2-FollowerState] INFO  impl.FollowerState (FollowerState.java:run(143)) - 66bce337-27b9-4953-b5f8-11fc3ae630c2@group-A271859F91B2-FollowerState: change to CANDIDATE, lastRpcElapsedTime:5077110153ns, electionTimeout:5076ms
2024-04-26 07:45:28,383 [66bce337-27b9-4953-b5f8-11fc3ae630c2@group-A271859F91B2-FollowerState] INFO  impl.RoleInfo (RoleInfo.java:shutdownFollowerState(110)) - 66bce337-27b9-4953-b5f8-11fc3ae630c2: shutdown 66bce337-27b9-4953-b5f8-11fc3ae630c2@group-A271859F91B2-FollowerState
2024-04-26 07:45:28,383 [66bce337-27b9-4953-b5f8-11fc3ae630c2@group-A271859F91B2-FollowerState] INFO  server.RaftServer$Division (RaftServerImpl.java:setRole(383)) - 66bce337-27b9-4953-b5f8-11fc3ae630c2@group-A271859F91B2: changes role from  FOLLOWER to CANDIDATE at term 0 for changeToCandidate
2024-04-26 07:45:28,383 [66bce337-27b9-4953-b5f8-11fc3ae630c2@group-A271859F91B2-FollowerState] INFO  server.RaftServerConfigKeys (ConfUtils.java:logGet(46)) - raft.server.leaderelection.pre-vote = true (default)
2024-04-26 07:45:28,383 [66bce337-27b9-4953-b5f8-11fc3ae630c2@group-A271859F91B2-FollowerState] INFO  impl.RoleInfo (RoleInfo.java:updateAndGet(139)) - 66bce337-27b9-4953-b5f8-11fc3ae630c2: start 66bce337-27b9-4953-b5f8-11fc3ae630c2@group-A271859F91B2-LeaderElection68
2024-04-26 07:45:28,383 [66bce337-27b9-4953-b5f8-11fc3ae630c2@group-A271859F91B2-LeaderElection68] INFO  impl.LeaderElection (LeaderElection.java:askForVotes(321)) - 66bce337-27b9-4953-b5f8-11fc3ae630c2@group-A271859F91B2-LeaderElection68 PRE_VOTE round 0: submit vote requests at term 0 for -1: peers:[66bce337-27b9-4953-b5f8-11fc3ae630c2|127.0.0.1:15415]|listeners:[], old=null
2024-04-26 07:45:28,383 [66bce337-27b9-4953-b5f8-11fc3ae630c2@group-A271859F91B2-LeaderElection68] INFO  impl.LeaderElection (LeaderElection.java:askForVotes(323)) - 66bce337-27b9-4953-b5f8-11fc3ae630c2@group-A271859F91B2-LeaderElection68 PRE_VOTE round 0: result PASSED (term=0)
2024-04-26 07:45:28,384 [66bce337-27b9-4953-b5f8-11fc3ae630c2@group-A271859F91B2-LeaderElection68] INFO  impl.LeaderElection (LeaderElection.java:askForVotes(321)) - 66bce337-27b9-4953-b5f8-11fc3ae630c2@group-A271859F91B2-LeaderElection68 ELECTION round 0: submit vote requests at term 1 for -1: peers:[66bce337-27b9-4953-b5f8-11fc3ae630c2|127.0.0.1:15415]|listeners:[], old=null
2024-04-26 07:45:28,384 [66bce337-27b9-4953-b5f8-11fc3ae630c2@group-A271859F91B2-LeaderElection68] INFO  impl.LeaderElection (LeaderElection.java:askForVotes(323)) - 66bce337-27b9-4953-b5f8-11fc3ae630c2@group-A271859F91B2-LeaderElection68 ELECTION round 0: result PASSED (term=1)
2024-04-26 07:45:28,384 [66bce337-27b9-4953-b5f8-11fc3ae630c2@group-A271859F91B2-LeaderElection68] INFO  impl.RoleInfo (RoleInfo.java:shutdownLeaderElection(130)) - 66bce337-27b9-4953-b5f8-11fc3ae630c2: shutdown 66bce337-27b9-4953-b5f8-11fc3ae630c2@group-A271859F91B2-LeaderElection68
2024-04-26 07:45:28,384 [66bce337-27b9-4953-b5f8-11fc3ae630c2@group-A271859F91B2-LeaderElection68] INFO  server.RaftServer$Division (RaftServerImpl.java:setRole(383)) - 66bce337-27b9-4953-b5f8-11fc3ae630c2@group-A271859F91B2: changes role from CANDIDATE to LEADER at term 1 for changeToLeader
2024-04-26 07:45:28,384 [66bce337-27b9-4953-b5f8-11fc3ae630c2@group-A271859F91B2-LeaderElection68] INFO  server.RaftServerConfigKeys (ConfUtils.java:logGet(46)) - raft.server.staging.catchup.gap = 1000 (default)
2024-04-26 07:45:28,385 [66bce337-27b9-4953-b5f8-11fc3ae630c2@group-A271859F91B2-LeaderElection68] INFO  server.RaftServerConfigKeys (ConfUtils.java:logGet(46)) - raft.server.write.element-limit = 1024 (custom)
2024-04-26 07:45:28,385 [66bce337-27b9-4953-b5f8-11fc3ae630c2@group-A271859F91B2-LeaderElection68] INFO  server.RaftServerConfigKeys (ConfUtils.java:logGet(46)) - raft.server.write.byte-limit = 1024 M (=1073741824) (custom)
2024-04-26 07:45:28,385 [66bce337-27b9-4953-b5f8-11fc3ae630c2@group-A271859F91B2-LeaderElection68] INFO  server.RaftServerConfigKeys (ConfUtils.java:logGet(46)) - raft.server.watch.timeout = 3000ms (custom)
2024-04-26 07:45:28,385 [66bce337-27b9-4953-b5f8-11fc3ae630c2@group-A271859F91B2-LeaderElection68] INFO  server.RaftServerConfigKeys (ConfUtils.java:logGet(46)) - raft.server.watch.timeout.denomination = 1s (default)
2024-04-26 07:45:28,385 [66bce337-27b9-4953-b5f8-11fc3ae630c2@group-A271859F91B2-LeaderElection68] INFO  server.RaftServerConfigKeys (ConfUtils.java:logGet(46)) - raft.server.watch.element-limit = 65536 (default)
2024-04-26 07:45:28,385 [66bce337-27b9-4953-b5f8-11fc3ae630c2@group-A271859F91B2-LeaderElection68] INFO  server.RaftServerConfigKeys (ConfUtils.java:logGet(46)) - raft.server.read.leader.lease.enabled = false (default)
2024-04-26 07:45:28,385 [66bce337-27b9-4953-b5f8-11fc3ae630c2@group-A271859F91B2-LeaderElection68] INFO  server.RaftServerConfigKeys (ConfUtils.java:logGet(46)) - raft.server.read.leader.lease.timeout.ratio = 0.9 (default)
2024-04-26 07:45:28,385 [66bce337-27b9-4953-b5f8-11fc3ae630c2@group-A271859F91B2-LeaderElection68] INFO  server.RaftServerConfigKeys (ConfUtils.java:logGet(46)) - raft.server.rpc.timeout.min = 5s (custom)
2024-04-26 07:45:28,385 [66bce337-27b9-4953-b5f8-11fc3ae630c2@group-A271859F91B2-LeaderElection68] INFO  server.RaftServerConfigKeys (ConfUtils.java:logGet(46)) - raft.server.write.element-limit = 1024 (custom)
2024-04-26 07:45:28,385 [66bce337-27b9-4953-b5f8-11fc3ae630c2@group-A271859F91B2-LeaderElection68] INFO  server.RaftServerConfigKeys (ConfUtils.java:logGet(46)) - raft.server.write.follower.gap.ratio.max = -1.0 (default)
2024-04-26 07:45:28,385 [66bce337-27b9-4953-b5f8-11fc3ae630c2@group-A271859F91B2-LeaderElection68] INFO  impl.RoleInfo (RoleInfo.java:updateAndGet(139)) - 66bce337-27b9-4953-b5f8-11fc3ae630c2: start 66bce337-27b9-4953-b5f8-11fc3ae630c2@group-A271859F91B2-LeaderStateImpl
2024-04-26 07:45:28,385 [66bce337-27b9-4953-b5f8-11fc3ae630c2@group-A271859F91B2-LeaderElection68] INFO  server.RaftServer$Division (RaftServerImpl.java:setFirstElection(574)) - 66bce337-27b9-4953-b5f8-11fc3ae630c2@group-A271859F91B2: set firstElectionSinceStartup to false for becomeLeader
2024-04-26 07:45:28,385 [66bce337-27b9-4953-b5f8-11fc3ae630c2@group-A271859F91B2-LeaderElection68] INFO  ratis.XceiverServerRatis (XceiverServerRatis.java:handleLeaderChangedNotification(966)) - Leader change notification received for group: group-A271859F91B2 with new leaderId: 66bce337-27b9-4953-b5f8-11fc3ae630c2
2024-04-26 07:45:28,386 [66bce337-27b9-4953-b5f8-11fc3ae630c2@group-A271859F91B2-LeaderElection68] INFO  server.RaftServer$Division (ServerState.java:setLeader(269)) - 66bce337-27b9-4953-b5f8-11fc3ae630c2@group-A271859F91B2: change Leader from null to 66bce337-27b9-4953-b5f8-11fc3ae630c2 at term 1 for becomeLeader, leader elected after 5091ms
2024-04-26 07:45:28,386 [66bce337-27b9-4953-b5f8-11fc3ae630c2@group-A271859F91B2-LeaderElection68] INFO  segmented.SegmentedRaftLogWorker (SegmentedRaftLogWorker.java:startLogSegment(430)) - 66bce337-27b9-4953-b5f8-11fc3ae630c2@group-A271859F91B2-SegmentedRaftLogWorker: Starting segment from index:0
2024-04-26 07:45:28,386 [66bce337-27b9-4953-b5f8-11fc3ae630c2@group-A271859F91B2-LeaderElection68] INFO  server.RaftServer$Division (ServerState.java:setRaftConf(386)) - 66bce337-27b9-4953-b5f8-11fc3ae630c2@group-A271859F91B2: set configuration 0: peers:[66bce337-27b9-4953-b5f8-11fc3ae630c2|127.0.0.1:15415]|listeners:[], old=null
2024-04-26 07:45:28,386 [66bce337-27b9-4953-b5f8-11fc3ae630c2@group-A271859F91B2-SegmentedRaftLogWorker] INFO  segmented.BufferedWriteChannel (BufferedWriteChannel.java:open(62)) - open log_inprogress_0 at position 0
2024-04-26 07:45:28,392 [3adbcf3a-f954-449d-af41-94271594c360@group-87ED2C8CF722-FollowerState] INFO  impl.FollowerState (FollowerState.java:run(143)) - 3adbcf3a-f954-449d-af41-94271594c360@group-87ED2C8CF722-FollowerState: change to CANDIDATE, lastRpcElapsedTime:5128833749ns, electionTimeout:5128ms
2024-04-26 07:45:28,392 [3adbcf3a-f954-449d-af41-94271594c360@group-87ED2C8CF722-FollowerState] INFO  impl.RoleInfo (RoleInfo.java:shutdownFollowerState(110)) - 3adbcf3a-f954-449d-af41-94271594c360: shutdown 3adbcf3a-f954-449d-af41-94271594c360@group-87ED2C8CF722-FollowerState
2024-04-26 07:45:28,392 [3adbcf3a-f954-449d-af41-94271594c360@group-87ED2C8CF722-FollowerState] INFO  server.RaftServer$Division (RaftServerImpl.java:setRole(383)) - 3adbcf3a-f954-449d-af41-94271594c360@group-87ED2C8CF722: changes role from  FOLLOWER to CANDIDATE at term 0 for changeToCandidate
2024-04-26 07:45:28,392 [3adbcf3a-f954-449d-af41-94271594c360@group-87ED2C8CF722-FollowerState] INFO  server.RaftServerConfigKeys (ConfUtils.java:logGet(46)) - raft.server.leaderelection.pre-vote = true (default)
2024-04-26 07:45:28,392 [3adbcf3a-f954-449d-af41-94271594c360@group-87ED2C8CF722-FollowerState] INFO  impl.RoleInfo (RoleInfo.java:updateAndGet(139)) - 3adbcf3a-f954-449d-af41-94271594c360: start 3adbcf3a-f954-449d-af41-94271594c360@group-87ED2C8CF722-LeaderElection69
2024-04-26 07:45:28,392 [3adbcf3a-f954-449d-af41-94271594c360@group-87ED2C8CF722-LeaderElection69] INFO  impl.LeaderElection (LeaderElection.java:askForVotes(321)) - 3adbcf3a-f954-449d-af41-94271594c360@group-87ED2C8CF722-LeaderElection69 PRE_VOTE round 0: submit vote requests at term 0 for -1: peers:[3adbcf3a-f954-449d-af41-94271594c360|127.0.0.1:15406]|listeners:[], old=null
2024-04-26 07:45:28,392 [3adbcf3a-f954-449d-af41-94271594c360@group-87ED2C8CF722-LeaderElection69] INFO  impl.LeaderElection (LeaderElection.java:askForVotes(323)) - 3adbcf3a-f954-449d-af41-94271594c360@group-87ED2C8CF722-LeaderElection69 PRE_VOTE round 0: result PASSED (term=0)
2024-04-26 07:45:28,394 [3adbcf3a-f954-449d-af41-94271594c360@group-87ED2C8CF722-LeaderElection69] INFO  impl.LeaderElection (LeaderElection.java:askForVotes(321)) - 3adbcf3a-f954-449d-af41-94271594c360@group-87ED2C8CF722-LeaderElection69 ELECTION round 0: submit vote requests at term 1 for -1: peers:[3adbcf3a-f954-449d-af41-94271594c360|127.0.0.1:15406]|listeners:[], old=null
2024-04-26 07:45:28,394 [66bce337-27b9-4953-b5f8-11fc3ae630c2@group-A271859F91B2-SegmentedRaftLogWorker] INFO  segmented.SegmentedRaftLogWorker (SegmentedRaftLogWorker.java:execute(634)) - 66bce337-27b9-4953-b5f8-11fc3ae630c2@group-A271859F91B2-SegmentedRaftLogWorker: created new log segment /home/runner/work/ozone/ozone/hadoop-ozone/integration-test/target/test-dir/MiniOzoneClusterImpl-f8a85056-d908-4111-b8ec-0d6f55fc62ea/ozone-meta/datanode-6/ratis/92024e04-02b9-4e5a-81bf-a271859f91b2/current/log_inprogress_0
2024-04-26 07:45:28,394 [3adbcf3a-f954-449d-af41-94271594c360@group-87ED2C8CF722-LeaderElection69] INFO  impl.LeaderElection (LeaderElection.java:askForVotes(323)) - 3adbcf3a-f954-449d-af41-94271594c360@group-87ED2C8CF722-LeaderElection69 ELECTION round 0: result PASSED (term=1)
2024-04-26 07:45:28,394 [3adbcf3a-f954-449d-af41-94271594c360@group-87ED2C8CF722-LeaderElection69] INFO  impl.RoleInfo (RoleInfo.java:shutdownLeaderElection(130)) - 3adbcf3a-f954-449d-af41-94271594c360: shutdown 3adbcf3a-f954-449d-af41-94271594c360@group-87ED2C8CF722-LeaderElection69
2024-04-26 07:45:28,394 [3adbcf3a-f954-449d-af41-94271594c360@group-87ED2C8CF722-LeaderElection69] INFO  server.RaftServer$Division (RaftServerImpl.java:setRole(383)) - 3adbcf3a-f954-449d-af41-94271594c360@group-87ED2C8CF722: changes role from CANDIDATE to LEADER at term 1 for changeToLeader
2024-04-26 07:45:28,394 [3adbcf3a-f954-449d-af41-94271594c360@group-87ED2C8CF722-LeaderElection69] INFO  server.RaftServerConfigKeys (ConfUtils.java:logGet(46)) - raft.server.staging.catchup.gap = 1000 (default)
2024-04-26 07:45:28,394 [3adbcf3a-f954-449d-af41-94271594c360@group-87ED2C8CF722-LeaderElection69] INFO  server.RaftServerConfigKeys (ConfUtils.java:logGet(46)) - raft.server.write.element-limit = 1024 (custom)
2024-04-26 07:45:28,394 [3adbcf3a-f954-449d-af41-94271594c360@group-87ED2C8CF722-LeaderElection69] INFO  server.RaftServerConfigKeys (ConfUtils.java:logGet(46)) - raft.server.write.byte-limit = 1024 M (=1073741824) (custom)
2024-04-26 07:45:28,395 [3adbcf3a-f954-449d-af41-94271594c360@group-87ED2C8CF722-LeaderElection69] INFO  server.RaftServerConfigKeys (ConfUtils.java:logGet(46)) - raft.server.watch.timeout = 3000ms (custom)
2024-04-26 07:45:28,395 [3adbcf3a-f954-449d-af41-94271594c360@group-87ED2C8CF722-LeaderElection69] INFO  server.RaftServerConfigKeys (ConfUtils.java:logGet(46)) - raft.server.watch.timeout.denomination = 1s (default)
2024-04-26 07:45:28,395 [3adbcf3a-f954-449d-af41-94271594c360@group-87ED2C8CF722-LeaderElection69] INFO  server.RaftServerConfigKeys (ConfUtils.java:logGet(46)) - raft.server.watch.element-limit = 65536 (default)
2024-04-26 07:45:28,395 [3adbcf3a-f954-449d-af41-94271594c360@group-87ED2C8CF722-LeaderElection69] INFO  server.RaftServerConfigKeys (ConfUtils.java:logGet(46)) - raft.server.read.leader.lease.enabled = false (default)
2024-04-26 07:45:28,395 [3adbcf3a-f954-449d-af41-94271594c360@group-87ED2C8CF722-LeaderElection69] INFO  server.RaftServerConfigKeys (ConfUtils.java:logGet(46)) - raft.server.read.leader.lease.timeout.ratio = 0.9 (default)
2024-04-26 07:45:28,395 [3adbcf3a-f954-449d-af41-94271594c360@group-87ED2C8CF722-LeaderElection69] INFO  server.RaftServerConfigKeys (ConfUtils.java:logGet(46)) - raft.server.rpc.timeout.min = 5s (custom)
2024-04-26 07:45:28,395 [3adbcf3a-f954-449d-af41-94271594c360@group-87ED2C8CF722-LeaderElection69] INFO  server.RaftServerConfigKeys (ConfUtils.java:logGet(46)) - raft.server.write.element-limit = 1024 (custom)
2024-04-26 07:45:28,395 [3adbcf3a-f954-449d-af41-94271594c360@group-87ED2C8CF722-LeaderElection69] INFO  server.RaftServerConfigKeys (ConfUtils.java:logGet(46)) - raft.server.write.follower.gap.ratio.max = -1.0 (default)
2024-04-26 07:45:28,395 [3adbcf3a-f954-449d-af41-94271594c360@group-87ED2C8CF722-LeaderElection69] INFO  impl.RoleInfo (RoleInfo.java:updateAndGet(139)) - 3adbcf3a-f954-449d-af41-94271594c360: start 3adbcf3a-f954-449d-af41-94271594c360@group-87ED2C8CF722-LeaderStateImpl
2024-04-26 07:45:28,395 [3adbcf3a-f954-449d-af41-94271594c360@group-87ED2C8CF722-LeaderElection69] INFO  server.RaftServer$Division (RaftServerImpl.java:setFirstElection(574)) - 3adbcf3a-f954-449d-af41-94271594c360@group-87ED2C8CF722: set firstElectionSinceStartup to false for becomeLeader
2024-04-26 07:45:28,395 [3adbcf3a-f954-449d-af41-94271594c360@group-87ED2C8CF722-LeaderElection69] INFO  ratis.XceiverServerRatis (XceiverServerRatis.java:handleLeaderChangedNotification(966)) - Leader change notification received for group: group-87ED2C8CF722 with new leaderId: 3adbcf3a-f954-449d-af41-94271594c360
2024-04-26 07:45:28,395 [66bce337-27b9-4953-b5f8-11fc3ae630c2@group-A271859F91B2-StateMachineUpdater] INFO  server.RaftServer$Division (LeaderStateImpl.java:isApplied(320)) - leader is ready since appliedIndex == 0 >= startIndex == 0
2024-04-26 07:45:28,396 [3adbcf3a-f954-449d-af41-94271594c360@group-87ED2C8CF722-LeaderElection69] INFO  server.RaftServer$Division (ServerState.java:setLeader(269)) - 3adbcf3a-f954-449d-af41-94271594c360@group-87ED2C8CF722: change Leader from null to 3adbcf3a-f954-449d-af41-94271594c360 at term 1 for becomeLeader, leader elected after 5147ms
2024-04-26 07:45:28,396 [3adbcf3a-f954-449d-af41-94271594c360@group-87ED2C8CF722-LeaderElection69] INFO  segmented.SegmentedRaftLogWorker (SegmentedRaftLogWorker.java:startLogSegment(430)) - 3adbcf3a-f954-449d-af41-94271594c360@group-87ED2C8CF722-SegmentedRaftLogWorker: Starting segment from index:0
2024-04-26 07:45:28,396 [3adbcf3a-f954-449d-af41-94271594c360@group-87ED2C8CF722-SegmentedRaftLogWorker] INFO  segmented.BufferedWriteChannel (BufferedWriteChannel.java:open(62)) - open log_inprogress_0 at position 0
2024-04-26 07:45:28,399 [3adbcf3a-f954-449d-af41-94271594c360@group-87ED2C8CF722-LeaderElection69] INFO  server.RaftServer$Division (ServerState.java:setRaftConf(386)) - 3adbcf3a-f954-449d-af41-94271594c360@group-87ED2C8CF722: set configuration 0: peers:[3adbcf3a-f954-449d-af41-94271594c360|127.0.0.1:15406]|listeners:[], old=null
2024-04-26 07:45:28,403 [3adbcf3a-f954-449d-af41-94271594c360@group-87ED2C8CF722-SegmentedRaftLogWorker] INFO  segmented.SegmentedRaftLogWorker (SegmentedRaftLogWorker.java:execute(634)) - 3adbcf3a-f954-449d-af41-94271594c360@group-87ED2C8CF722-SegmentedRaftLogWorker: created new log segment /home/runner/work/ozone/ozone/hadoop-ozone/integration-test/target/test-dir/MiniOzoneClusterImpl-f8a85056-d908-4111-b8ec-0d6f55fc62ea/ozone-meta/datanode-5/ratis/7734e440-7eab-4653-801e-87ed2c8cf722/current/log_inprogress_0
2024-04-26 07:45:28,404 [3adbcf3a-f954-449d-af41-94271594c360@group-87ED2C8CF722-StateMachineUpdater] INFO  server.RaftServer$Division (LeaderStateImpl.java:isApplied(320)) - leader is ready since appliedIndex == 0 >= startIndex == 0
2024-04-26 07:45:28,445 [ac5950e9-78e7-4600-acb8-d4807d98be63@group-AC1F55C45F87-FollowerState] INFO  impl.FollowerState (FollowerState.java:run(143)) - ac5950e9-78e7-4600-acb8-d4807d98be63@group-AC1F55C45F87-FollowerState: change to CANDIDATE, lastRpcElapsedTime:5007967329ns, electionTimeout:5000ms
2024-04-26 07:45:28,445 [ac5950e9-78e7-4600-acb8-d4807d98be63@group-AC1F55C45F87-FollowerState] INFO  impl.RoleInfo (RoleInfo.java:shutdownFollowerState(110)) - ac5950e9-78e7-4600-acb8-d4807d98be63: shutdown ac5950e9-78e7-4600-acb8-d4807d98be63@group-AC1F55C45F87-FollowerState
2024-04-26 07:45:28,445 [ac5950e9-78e7-4600-acb8-d4807d98be63@group-AC1F55C45F87-FollowerState] INFO  server.RaftServer$Division (RaftServerImpl.java:setRole(383)) - ac5950e9-78e7-4600-acb8-d4807d98be63@group-AC1F55C45F87: changes role from  FOLLOWER to CANDIDATE at term 0 for changeToCandidate
2024-04-26 07:45:28,445 [ac5950e9-78e7-4600-acb8-d4807d98be63@group-AC1F55C45F87-FollowerState] INFO  server.RaftServerConfigKeys (ConfUtils.java:logGet(46)) - raft.server.leaderelection.pre-vote = true (default)
2024-04-26 07:45:28,445 [ac5950e9-78e7-4600-acb8-d4807d98be63@group-AC1F55C45F87-FollowerState] INFO  impl.RoleInfo (RoleInfo.java:updateAndGet(139)) - ac5950e9-78e7-4600-acb8-d4807d98be63: start ac5950e9-78e7-4600-acb8-d4807d98be63@group-AC1F55C45F87-LeaderElection70
2024-04-26 07:45:28,445 [ac5950e9-78e7-4600-acb8-d4807d98be63@group-AC1F55C45F87-LeaderElection70] INFO  impl.LeaderElection (LeaderElection.java:askForVotes(321)) - ac5950e9-78e7-4600-acb8-d4807d98be63@group-AC1F55C45F87-LeaderElection70 PRE_VOTE round 0: submit vote requests at term 0 for -1: peers:[ac5950e9-78e7-4600-acb8-d4807d98be63|127.0.0.1:15442, 00cfc371-235c-47c8-bc9b-47247119d947|127.0.0.1:15424, 80986ccd-c217-439b-b85b-0b259797a488|127.0.0.1:15433]|listeners:[], old=null
2024-04-26 07:45:28,445 [ac5950e9-78e7-4600-acb8-d4807d98be63@group-AC1F55C45F87-LeaderElection70-1] INFO  server.GrpcServerProtocolClient (GrpcServerProtocolClient.java:<init>(65)) - Build channel for 00cfc371-235c-47c8-bc9b-47247119d947|127.0.0.1:15424
2024-04-26 07:45:28,446 [ac5950e9-78e7-4600-acb8-d4807d98be63@group-AC1F55C45F87-LeaderElection70-2] INFO  server.GrpcServerProtocolClient (GrpcServerProtocolClient.java:<init>(65)) - Build channel for 80986ccd-c217-439b-b85b-0b259797a488|127.0.0.1:15433
2024-04-26 07:45:28,445 [ac5950e9-78e7-4600-acb8-d4807d98be63@group-AC1F55C45F87-LeaderElection70] INFO  server.RaftServerConfigKeys (ConfUtils.java:logFallback(53)) - raft.server.rpc.first-election.timeout.min = 5s (fallback to raft.server.rpc.timeout.min)
2024-04-26 07:45:28,446 [ac5950e9-78e7-4600-acb8-d4807d98be63@group-AC1F55C45F87-LeaderElection70] INFO  server.RaftServerConfigKeys (ConfUtils.java:logFallback(53)) - raft.server.rpc.first-election.timeout.max = 5200ms (fallback to raft.server.rpc.timeout.max)
2024-04-26 07:45:28,449 [grpc-default-executor-7] INFO  server.RaftServer$Division (RaftServerImpl.java:requestVote(1389)) - 00cfc371-235c-47c8-bc9b-47247119d947@group-AC1F55C45F87: receive requestVote(PRE_VOTE, ac5950e9-78e7-4600-acb8-d4807d98be63, group-AC1F55C45F87, 0, (t:0, i:0))
2024-04-26 07:45:28,449 [grpc-default-executor-2] INFO  server.RaftServer$Division (RaftServerImpl.java:requestVote(1389)) - 80986ccd-c217-439b-b85b-0b259797a488@group-AC1F55C45F87: receive requestVote(PRE_VOTE, ac5950e9-78e7-4600-acb8-d4807d98be63, group-AC1F55C45F87, 0, (t:0, i:0))
2024-04-26 07:45:28,449 [grpc-default-executor-7] INFO  impl.VoteContext (VoteContext.java:log(49)) - 00cfc371-235c-47c8-bc9b-47247119d947@group-AC1F55C45F87-FOLLOWER: accept PRE_VOTE from ac5950e9-78e7-4600-acb8-d4807d98be63: our priority 0 <= candidate's priority 1
2024-04-26 07:45:28,449 [grpc-default-executor-2] INFO  impl.VoteContext (VoteContext.java:log(49)) - 80986ccd-c217-439b-b85b-0b259797a488@group-AC1F55C45F87-FOLLOWER: accept PRE_VOTE from ac5950e9-78e7-4600-acb8-d4807d98be63: our priority 0 <= candidate's priority 1
2024-04-26 07:45:28,449 [grpc-default-executor-7] INFO  server.RaftServer$Division (RaftServerImpl.java:requestVote(1422)) - 00cfc371-235c-47c8-bc9b-47247119d947@group-AC1F55C45F87 replies to PRE_VOTE vote request: ac5950e9-78e7-4600-acb8-d4807d98be63<-00cfc371-235c-47c8-bc9b-47247119d947#0:OK-t0. Peer's state: 00cfc371-235c-47c8-bc9b-47247119d947@group-AC1F55C45F87:t0, leader=null, voted=, raftlog=Memoized:00cfc371-235c-47c8-bc9b-47247119d947@group-AC1F55C45F87-SegmentedRaftLog:OPENED:c-1, conf=-1: peers:[ac5950e9-78e7-4600-acb8-d4807d98be63|127.0.0.1:15442, 00cfc371-235c-47c8-bc9b-47247119d947|127.0.0.1:15424, 80986ccd-c217-439b-b85b-0b259797a488|127.0.0.1:15433]|listeners:[], old=null
2024-04-26 07:45:28,449 [grpc-default-executor-2] INFO  server.RaftServer$Division (RaftServerImpl.java:requestVote(1422)) - 80986ccd-c217-439b-b85b-0b259797a488@group-AC1F55C45F87 replies to PRE_VOTE vote request: ac5950e9-78e7-4600-acb8-d4807d98be63<-80986ccd-c217-439b-b85b-0b259797a488#0:OK-t0. Peer's state: 80986ccd-c217-439b-b85b-0b259797a488@group-AC1F55C45F87:t0, leader=null, voted=, raftlog=Memoized:80986ccd-c217-439b-b85b-0b259797a488@group-AC1F55C45F87-SegmentedRaftLog:OPENED:c-1, conf=-1: peers:[ac5950e9-78e7-4600-acb8-d4807d98be63|127.0.0.1:15442, 00cfc371-235c-47c8-bc9b-47247119d947|127.0.0.1:15424, 80986ccd-c217-439b-b85b-0b259797a488|127.0.0.1:15433]|listeners:[], old=null
2024-04-26 07:45:28,451 [ac5950e9-78e7-4600-acb8-d4807d98be63@group-AC1F55C45F87-LeaderElection70] INFO  impl.LeaderElection (LeaderElection.java:logAndReturn(89)) - ac5950e9-78e7-4600-acb8-d4807d98be63@group-AC1F55C45F87-LeaderElection70: PRE_VOTE PASSED received 1 response(s) and 0 exception(s):
2024-04-26 07:45:28,451 [ac5950e9-78e7-4600-acb8-d4807d98be63@group-AC1F55C45F87-LeaderElection70] INFO  impl.LeaderElection (LeaderElection.java:logAndReturn(93)) -   Response 0: ac5950e9-78e7-4600-acb8-d4807d98be63<-00cfc371-235c-47c8-bc9b-47247119d947#0:OK-t0
2024-04-26 07:45:28,451 [ac5950e9-78e7-4600-acb8-d4807d98be63@group-AC1F55C45F87-LeaderElection70] INFO  impl.LeaderElection (LeaderElection.java:askForVotes(323)) - ac5950e9-78e7-4600-acb8-d4807d98be63@group-AC1F55C45F87-LeaderElection70 PRE_VOTE round 0: result PASSED
2024-04-26 07:45:28,452 [ac5950e9-78e7-4600-acb8-d4807d98be63@group-AC1F55C45F87-LeaderElection70] INFO  impl.LeaderElection (LeaderElection.java:askForVotes(321)) - ac5950e9-78e7-4600-acb8-d4807d98be63@group-AC1F55C45F87-LeaderElection70 ELECTION round 0: submit vote requests at term 1 for -1: peers:[ac5950e9-78e7-4600-acb8-d4807d98be63|127.0.0.1:15442, 00cfc371-235c-47c8-bc9b-47247119d947|127.0.0.1:15424, 80986ccd-c217-439b-b85b-0b259797a488|127.0.0.1:15433]|listeners:[], old=null
2024-04-26 07:45:28,452 [ac5950e9-78e7-4600-acb8-d4807d98be63@group-AC1F55C45F87-LeaderElection70] INFO  server.RaftServerConfigKeys (ConfUtils.java:logFallback(53)) - raft.server.rpc.first-election.timeout.min = 5s (fallback to raft.server.rpc.timeout.min)
2024-04-26 07:45:28,452 [ac5950e9-78e7-4600-acb8-d4807d98be63@group-AC1F55C45F87-LeaderElection70] INFO  server.RaftServerConfigKeys (ConfUtils.java:logFallback(53)) - raft.server.rpc.first-election.timeout.max = 5200ms (fallback to raft.server.rpc.timeout.max)
2024-04-26 07:45:28,452 [grpc-default-executor-2] INFO  server.RaftServer$Division (RaftServerImpl.java:requestVote(1389)) - 00cfc371-235c-47c8-bc9b-47247119d947@group-AC1F55C45F87: receive requestVote(ELECTION, ac5950e9-78e7-4600-acb8-d4807d98be63, group-AC1F55C45F87, 1, (t:0, i:0))
2024-04-26 07:45:28,452 [grpc-default-executor-2] INFO  impl.VoteContext (VoteContext.java:log(49)) - 00cfc371-235c-47c8-bc9b-47247119d947@group-AC1F55C45F87-FOLLOWER: accept ELECTION from ac5950e9-78e7-4600-acb8-d4807d98be63: our priority 0 <= candidate's priority 1
2024-04-26 07:45:28,453 [grpc-default-executor-2] INFO  server.RaftServer$Division (RaftServerImpl.java:setRole(383)) - 00cfc371-235c-47c8-bc9b-47247119d947@group-AC1F55C45F87: changes role from  FOLLOWER to FOLLOWER at term 1 for candidate:ac5950e9-78e7-4600-acb8-d4807d98be63
2024-04-26 07:45:28,453 [grpc-default-executor-2] INFO  impl.RoleInfo (RoleInfo.java:shutdownFollowerState(110)) - 00cfc371-235c-47c8-bc9b-47247119d947: shutdown 00cfc371-235c-47c8-bc9b-47247119d947@group-AC1F55C45F87-FollowerState
2024-04-26 07:45:28,453 [grpc-default-executor-7] INFO  server.RaftServer$Division (RaftServerImpl.java:requestVote(1389)) - 80986ccd-c217-439b-b85b-0b259797a488@group-AC1F55C45F87: receive requestVote(ELECTION, ac5950e9-78e7-4600-acb8-d4807d98be63, group-AC1F55C45F87, 1, (t:0, i:0))
2024-04-26 07:45:28,453 [00cfc371-235c-47c8-bc9b-47247119d947@group-AC1F55C45F87-FollowerState] INFO  impl.FollowerState (FollowerState.java:run(152)) - 00cfc371-235c-47c8-bc9b-47247119d947@group-AC1F55C45F87-FollowerState was interrupted
2024-04-26 07:45:28,453 [grpc-default-executor-2] INFO  impl.RoleInfo (RoleInfo.java:updateAndGet(139)) - 00cfc371-235c-47c8-bc9b-47247119d947: start 00cfc371-235c-47c8-bc9b-47247119d947@group-AC1F55C45F87-FollowerState
2024-04-26 07:45:28,453 [grpc-default-executor-7] INFO  impl.VoteContext (VoteContext.java:log(49)) - 80986ccd-c217-439b-b85b-0b259797a488@group-AC1F55C45F87-FOLLOWER: accept ELECTION from ac5950e9-78e7-4600-acb8-d4807d98be63: our priority 0 <= candidate's priority 1
2024-04-26 07:45:28,453 [grpc-default-executor-7] INFO  server.RaftServer$Division (RaftServerImpl.java:setRole(383)) - 80986ccd-c217-439b-b85b-0b259797a488@group-AC1F55C45F87: changes role from  FOLLOWER to FOLLOWER at term 1 for candidate:ac5950e9-78e7-4600-acb8-d4807d98be63
2024-04-26 07:45:28,453 [grpc-default-executor-7] INFO  impl.RoleInfo (RoleInfo.java:shutdownFollowerState(110)) - 80986ccd-c217-439b-b85b-0b259797a488: shutdown 80986ccd-c217-439b-b85b-0b259797a488@group-AC1F55C45F87-FollowerState
2024-04-26 07:45:28,453 [grpc-default-executor-7] INFO  impl.RoleInfo (RoleInfo.java:updateAndGet(139)) - 80986ccd-c217-439b-b85b-0b259797a488: start 80986ccd-c217-439b-b85b-0b259797a488@group-AC1F55C45F87-FollowerState
2024-04-26 07:45:28,453 [80986ccd-c217-439b-b85b-0b259797a488@group-AC1F55C45F87-FollowerState] INFO  impl.FollowerState (FollowerState.java:run(152)) - 80986ccd-c217-439b-b85b-0b259797a488@group-AC1F55C45F87-FollowerState was interrupted
2024-04-26 07:45:28,453 [grpc-default-executor-2] INFO  server.RaftServer$Division (RaftServerImpl.java:setFirstElection(574)) - 00cfc371-235c-47c8-bc9b-47247119d947@group-AC1F55C45F87: set firstElectionSinceStartup to false for candidate:ac5950e9-78e7-4600-acb8-d4807d98be63
2024-04-26 07:45:28,454 [grpc-default-executor-7] INFO  server.RaftServer$Division (RaftServerImpl.java:setFirstElection(574)) - 80986ccd-c217-439b-b85b-0b259797a488@group-AC1F55C45F87: set firstElectionSinceStartup to false for candidate:ac5950e9-78e7-4600-acb8-d4807d98be63
2024-04-26 07:45:28,454 [grpc-default-executor-2] INFO  server.RaftServer$Division (RaftServerImpl.java:requestVote(1422)) - 00cfc371-235c-47c8-bc9b-47247119d947@group-AC1F55C45F87 replies to ELECTION vote request: ac5950e9-78e7-4600-acb8-d4807d98be63<-00cfc371-235c-47c8-bc9b-47247119d947#0:OK-t1. Peer's state: 00cfc371-235c-47c8-bc9b-47247119d947@group-AC1F55C45F87:t1, leader=null, voted=ac5950e9-78e7-4600-acb8-d4807d98be63, raftlog=Memoized:00cfc371-235c-47c8-bc9b-47247119d947@group-AC1F55C45F87-SegmentedRaftLog:OPENED:c-1, conf=-1: peers:[ac5950e9-78e7-4600-acb8-d4807d98be63|127.0.0.1:15442, 00cfc371-235c-47c8-bc9b-47247119d947|127.0.0.1:15424, 80986ccd-c217-439b-b85b-0b259797a488|127.0.0.1:15433]|listeners:[], old=null
2024-04-26 07:45:28,454 [ac5950e9-78e7-4600-acb8-d4807d98be63@group-AC1F55C45F87-LeaderElection70] INFO  impl.LeaderElection (LeaderElection.java:logAndReturn(89)) - ac5950e9-78e7-4600-acb8-d4807d98be63@group-AC1F55C45F87-LeaderElection70: ELECTION PASSED received 1 response(s) and 0 exception(s):
2024-04-26 07:45:28,455 [ac5950e9-78e7-4600-acb8-d4807d98be63@group-AC1F55C45F87-LeaderElection70] INFO  impl.LeaderElection (LeaderElection.java:logAndReturn(93)) -   Response 0: ac5950e9-78e7-4600-acb8-d4807d98be63<-00cfc371-235c-47c8-bc9b-47247119d947#0:OK-t1
2024-04-26 07:45:28,455 [ac5950e9-78e7-4600-acb8-d4807d98be63@group-AC1F55C45F87-LeaderElection70] INFO  impl.LeaderElection (LeaderElection.java:askForVotes(323)) - ac5950e9-78e7-4600-acb8-d4807d98be63@group-AC1F55C45F87-LeaderElection70 ELECTION round 0: result PASSED
2024-04-26 07:45:28,455 [ac5950e9-78e7-4600-acb8-d4807d98be63@group-AC1F55C45F87-LeaderElection70] INFO  impl.RoleInfo (RoleInfo.java:shutdownLeaderElection(130)) - ac5950e9-78e7-4600-acb8-d4807d98be63: shutdown ac5950e9-78e7-4600-acb8-d4807d98be63@group-AC1F55C45F87-LeaderElection70
2024-04-26 07:45:28,455 [grpc-default-executor-7] INFO  server.RaftServer$Division (RaftServerImpl.java:requestVote(1422)) - 80986ccd-c217-439b-b85b-0b259797a488@group-AC1F55C45F87 replies to ELECTION vote request: ac5950e9-78e7-4600-acb8-d4807d98be63<-80986ccd-c217-439b-b85b-0b259797a488#0:OK-t1. Peer's state: 80986ccd-c217-439b-b85b-0b259797a488@group-AC1F55C45F87:t1, leader=null, voted=ac5950e9-78e7-4600-acb8-d4807d98be63, raftlog=Memoized:80986ccd-c217-439b-b85b-0b259797a488@group-AC1F55C45F87-SegmentedRaftLog:OPENED:c-1, conf=-1: peers:[ac5950e9-78e7-4600-acb8-d4807d98be63|127.0.0.1:15442, 00cfc371-235c-47c8-bc9b-47247119d947|127.0.0.1:15424, 80986ccd-c217-439b-b85b-0b259797a488|127.0.0.1:15433]|listeners:[], old=null
2024-04-26 07:45:28,455 [ac5950e9-78e7-4600-acb8-d4807d98be63@group-AC1F55C45F87-LeaderElection70] INFO  server.RaftServer$Division (RaftServerImpl.java:setRole(383)) - ac5950e9-78e7-4600-acb8-d4807d98be63@group-AC1F55C45F87: changes role from CANDIDATE to LEADER at term 1 for changeToLeader
2024-04-26 07:45:28,455 [ac5950e9-78e7-4600-acb8-d4807d98be63@group-AC1F55C45F87-LeaderElection70] INFO  server.RaftServerConfigKeys (ConfUtils.java:logGet(46)) - raft.server.staging.catchup.gap = 1000 (default)
2024-04-26 07:45:28,455 [ac5950e9-78e7-4600-acb8-d4807d98be63@group-AC1F55C45F87-LeaderElection70] INFO  server.RaftServerConfigKeys (ConfUtils.java:logGet(46)) - raft.server.write.element-limit = 1024 (custom)
2024-04-26 07:45:28,455 [ac5950e9-78e7-4600-acb8-d4807d98be63@group-AC1F55C45F87-LeaderElection70] INFO  server.RaftServerConfigKeys (ConfUtils.java:logGet(46)) - raft.server.write.byte-limit = 1024 M (=1073741824) (custom)
2024-04-26 07:45:28,455 [ac5950e9-78e7-4600-acb8-d4807d98be63@group-AC1F55C45F87-LeaderElection70] INFO  server.RaftServerConfigKeys (ConfUtils.java:logGet(46)) - raft.server.watch.timeout = 3000ms (custom)
2024-04-26 07:45:28,455 [ac5950e9-78e7-4600-acb8-d4807d98be63@group-AC1F55C45F87-LeaderElection70] INFO  server.RaftServerConfigKeys (ConfUtils.java:logGet(46)) - raft.server.watch.timeout.denomination = 1s (default)
2024-04-26 07:45:28,455 [ac5950e9-78e7-4600-acb8-d4807d98be63@group-AC1F55C45F87-LeaderElection70] INFO  server.RaftServerConfigKeys (ConfUtils.java:logGet(46)) - raft.server.watch.element-limit = 65536 (default)
2024-04-26 07:45:28,455 [ac5950e9-78e7-4600-acb8-d4807d98be63@group-AC1F55C45F87-LeaderElection70] INFO  server.RaftServerConfigKeys (ConfUtils.java:logGet(46)) - raft.server.read.leader.lease.enabled = false (default)
2024-04-26 07:45:28,455 [ac5950e9-78e7-4600-acb8-d4807d98be63@group-AC1F55C45F87-LeaderElection70] INFO  server.RaftServerConfigKeys (ConfUtils.java:logGet(46)) - raft.server.read.leader.lease.timeout.ratio = 0.9 (default)
2024-04-26 07:45:28,455 [ac5950e9-78e7-4600-acb8-d4807d98be63@group-AC1F55C45F87-LeaderElection70] INFO  server.RaftServerConfigKeys (ConfUtils.java:logGet(46)) - raft.server.rpc.timeout.min = 5s (custom)
2024-04-26 07:45:28,455 [ac5950e9-78e7-4600-acb8-d4807d98be63@group-AC1F55C45F87-LeaderElection70] INFO  server.RaftServerConfigKeys (ConfUtils.java:logGet(46)) - raft.server.write.element-limit = 1024 (custom)
2024-04-26 07:45:28,456 [ac5950e9-78e7-4600-acb8-d4807d98be63@group-AC1F55C45F87-LeaderElection70] INFO  server.RaftServerConfigKeys (ConfUtils.java:logGet(46)) - raft.server.write.follower.gap.ratio.max = -1.0 (default)
2024-04-26 07:45:28,456 [ac5950e9-78e7-4600-acb8-d4807d98be63@group-AC1F55C45F87-LeaderElection70] INFO  server.RaftServerConfigKeys (ConfUtils.java:logGet(46)) - raft.server.log.appender.snapshot.chunk.size.max = 16MB (=16777216) (default)
2024-04-26 07:45:28,456 [ac5950e9-78e7-4600-acb8-d4807d98be63@group-AC1F55C45F87-LeaderElection70] INFO  server.RaftServerConfigKeys (ConfUtils.java:logGet(46)) - raft.server.log.appender.buffer.byte-limit = 8388608 (custom)
2024-04-26 07:45:28,456 [ac5950e9-78e7-4600-acb8-d4807d98be63@group-AC1F55C45F87-LeaderElection70] INFO  server.RaftServerConfigKeys (ConfUtils.java:logGet(46)) - raft.server.log.appender.buffer.element-limit = 1 (custom)
2024-04-26 07:45:28,456 [ac5950e9-78e7-4600-acb8-d4807d98be63@group-AC1F55C45F87-LeaderElection70] INFO  server.RaftServerConfigKeys (ConfUtils.java:logGet(46)) - raft.server.log.appender.wait-time.min = 0ms (custom)
2024-04-26 07:45:28,456 [ac5950e9-78e7-4600-acb8-d4807d98be63@group-AC1F55C45F87-LeaderElection70] INFO  grpc.GrpcConfigKeys (ConfUtils.java:logGet(46)) - raft.grpc.server.leader.outstanding.appends.max = 8 (default)
2024-04-26 07:45:28,456 [ac5950e9-78e7-4600-acb8-d4807d98be63@group-AC1F55C45F87-LeaderElection70] INFO  server.RaftServerConfigKeys (ConfUtils.java:logGet(46)) - raft.server.rpc.request.timeout = 3000ms (default)
2024-04-26 07:45:28,456 [ac5950e9-78e7-4600-acb8-d4807d98be63@group-AC1F55C45F87-LeaderElection70] INFO  grpc.GrpcConfigKeys (ConfUtils.java:logGet(46)) - raft.grpc.server.install_snapshot.request.element-limit = 8 (default)
2024-04-26 07:45:28,456 [ac5950e9-78e7-4600-acb8-d4807d98be63@group-AC1F55C45F87-LeaderElection70] INFO  grpc.GrpcConfigKeys (ConfUtils.java:logGet(46)) - raft.grpc.server.install_snapshot.request.timeout = 3000ms (default)
2024-04-26 07:45:28,456 [ac5950e9-78e7-4600-acb8-d4807d98be63@group-AC1F55C45F87-LeaderElection70] INFO  grpc.GrpcConfigKeys (ConfUtils.java:logGet(46)) - raft.grpc.server.log-message.batch.duration = 5s (default)
2024-04-26 07:45:28,456 [ac5950e9-78e7-4600-acb8-d4807d98be63@group-AC1F55C45F87-LeaderElection70] INFO  server.RaftServerConfigKeys (ConfUtils.java:logGet(46)) - raft.server.log.appender.install.snapshot.enabled = false (custom)
2024-04-26 07:45:28,456 [ac5950e9-78e7-4600-acb8-d4807d98be63@group-AC1F55C45F87-LeaderElection70] INFO  grpc.GrpcConfigKeys (ConfUtils.java:logGet(46)) - raft.grpc.server.heartbeat.channel = true (default)
2024-04-26 07:45:28,457 [ac5950e9-78e7-4600-acb8-d4807d98be63@group-AC1F55C45F87-LeaderElection70] INFO  server.RaftServerConfigKeys (ConfUtils.java:logGet(46)) - raft.server.log.appender.snapshot.chunk.size.max = 16MB (=16777216) (default)
2024-04-26 07:45:28,457 [ac5950e9-78e7-4600-acb8-d4807d98be63@group-AC1F55C45F87-LeaderElection70] INFO  server.RaftServerConfigKeys (ConfUtils.java:logGet(46)) - raft.server.log.appender.buffer.byte-limit = 8388608 (custom)
2024-04-26 07:45:28,457 [ac5950e9-78e7-4600-acb8-d4807d98be63@group-AC1F55C45F87-LeaderElection70] INFO  server.RaftServerConfigKeys (ConfUtils.java:logGet(46)) - raft.server.log.appender.buffer.element-limit = 1 (custom)
2024-04-26 07:45:28,457 [ac5950e9-78e7-4600-acb8-d4807d98be63@group-AC1F55C45F87-LeaderElection70] INFO  server.RaftServerConfigKeys (ConfUtils.java:logGet(46)) - raft.server.log.appender.wait-time.min = 0ms (custom)
2024-04-26 07:45:28,457 [ac5950e9-78e7-4600-acb8-d4807d98be63@group-AC1F55C45F87-LeaderElection70] INFO  grpc.GrpcConfigKeys (ConfUtils.java:logGet(46)) - raft.grpc.server.leader.outstanding.appends.max = 8 (default)
2024-04-26 07:45:28,457 [ac5950e9-78e7-4600-acb8-d4807d98be63@group-AC1F55C45F87-LeaderElection70] INFO  server.RaftServerConfigKeys (ConfUtils.java:logGet(46)) - raft.server.rpc.request.timeout = 3000ms (default)
2024-04-26 07:45:28,457 [ac5950e9-78e7-4600-acb8-d4807d98be63@group-AC1F55C45F87-LeaderElection70] INFO  grpc.GrpcConfigKeys (ConfUtils.java:logGet(46)) - raft.grpc.server.install_snapshot.request.element-limit = 8 (default)
2024-04-26 07:45:28,457 [ac5950e9-78e7-4600-acb8-d4807d98be63@group-AC1F55C45F87-LeaderElection70] INFO  grpc.GrpcConfigKeys (ConfUtils.java:logGet(46)) - raft.grpc.server.install_snapshot.request.timeout = 3000ms (default)
2024-04-26 07:45:28,457 [ac5950e9-78e7-4600-acb8-d4807d98be63@group-AC1F55C45F87-LeaderElection70] INFO  grpc.GrpcConfigKeys (ConfUtils.java:logGet(46)) - raft.grpc.server.log-message.batch.duration = 5s (default)
2024-04-26 07:45:28,457 [ac5950e9-78e7-4600-acb8-d4807d98be63@group-AC1F55C45F87-LeaderElection70] INFO  server.RaftServerConfigKeys (ConfUtils.java:logGet(46)) - raft.server.log.appender.install.snapshot.enabled = false (custom)
2024-04-26 07:45:28,457 [ac5950e9-78e7-4600-acb8-d4807d98be63@group-AC1F55C45F87-LeaderElection70] INFO  grpc.GrpcConfigKeys (ConfUtils.java:logGet(46)) - raft.grpc.server.heartbeat.channel = true (default)
2024-04-26 07:45:28,458 [ac5950e9-78e7-4600-acb8-d4807d98be63@group-AC1F55C45F87-LeaderElection70] INFO  impl.RoleInfo (RoleInfo.java:updateAndGet(139)) - ac5950e9-78e7-4600-acb8-d4807d98be63: start ac5950e9-78e7-4600-acb8-d4807d98be63@group-AC1F55C45F87-LeaderStateImpl
2024-04-26 07:45:28,458 [ac5950e9-78e7-4600-acb8-d4807d98be63@group-AC1F55C45F87-LeaderElection70] INFO  server.RaftServer$Division (RaftServerImpl.java:setFirstElection(574)) - ac5950e9-78e7-4600-acb8-d4807d98be63@group-AC1F55C45F87: set firstElectionSinceStartup to false for becomeLeader
2024-04-26 07:45:28,458 [ac5950e9-78e7-4600-acb8-d4807d98be63@group-AC1F55C45F87-LeaderElection70] INFO  ratis.XceiverServerRatis (XceiverServerRatis.java:handleLeaderChangedNotification(966)) - Leader change notification received for group: group-AC1F55C45F87 with new leaderId: ac5950e9-78e7-4600-acb8-d4807d98be63
2024-04-26 07:45:28,458 [ac5950e9-78e7-4600-acb8-d4807d98be63@group-AC1F55C45F87-LeaderElection70] INFO  server.RaftServer$Division (ServerState.java:setLeader(269)) - ac5950e9-78e7-4600-acb8-d4807d98be63@group-AC1F55C45F87: change Leader from null to ac5950e9-78e7-4600-acb8-d4807d98be63 at term 1 for becomeLeader, leader elected after 5048ms
2024-04-26 07:45:28,458 [ac5950e9-78e7-4600-acb8-d4807d98be63@group-AC1F55C45F87-LeaderElection70] INFO  segmented.SegmentedRaftLogWorker (SegmentedRaftLogWorker.java:startLogSegment(430)) - ac5950e9-78e7-4600-acb8-d4807d98be63@group-AC1F55C45F87-SegmentedRaftLogWorker: Starting segment from index:0
2024-04-26 07:45:28,458 [ac5950e9-78e7-4600-acb8-d4807d98be63@group-AC1F55C45F87-LeaderElection70] INFO  server.RaftServer$Division (ServerState.java:setRaftConf(386)) - ac5950e9-78e7-4600-acb8-d4807d98be63@group-AC1F55C45F87: set configuration 0: peers:[ac5950e9-78e7-4600-acb8-d4807d98be63|127.0.0.1:15442, 00cfc371-235c-47c8-bc9b-47247119d947|127.0.0.1:15424, 80986ccd-c217-439b-b85b-0b259797a488|127.0.0.1:15433]|listeners:[], old=null
2024-04-26 07:45:28,458 [ac5950e9-78e7-4600-acb8-d4807d98be63@group-AC1F55C45F87-SegmentedRaftLogWorker] INFO  segmented.BufferedWriteChannel (BufferedWriteChannel.java:open(62)) - open log_inprogress_0 at position 0
2024-04-26 07:45:28,462 [EventQueue-PipelineReportForPipelineReportHandler] INFO  pipeline.PipelineReportHandler (PipelineReportHandler.java:processPipelineReport(136)) - Opened pipeline PipelineID=88fe2527-0b70-47e4-af82-ac1f55c45f87
2024-04-26 07:45:28,464 [00cfc371-235c-47c8-bc9b-47247119d947@group-7632D0142551-FollowerState] INFO  impl.FollowerState (FollowerState.java:run(143)) - 00cfc371-235c-47c8-bc9b-47247119d947@group-7632D0142551-FollowerState: change to CANDIDATE, lastRpcElapsedTime:5099006224ns, electionTimeout:5093ms
2024-04-26 07:45:28,464 [00cfc371-235c-47c8-bc9b-47247119d947@group-7632D0142551-FollowerState] INFO  impl.RoleInfo (RoleInfo.java:shutdownFollowerState(110)) - 00cfc371-235c-47c8-bc9b-47247119d947: shutdown 00cfc371-235c-47c8-bc9b-47247119d947@group-7632D0142551-FollowerState
2024-04-26 07:45:28,464 [00cfc371-235c-47c8-bc9b-47247119d947@group-7632D0142551-FollowerState] INFO  server.RaftServer$Division (RaftServerImpl.java:setRole(383)) - 00cfc371-235c-47c8-bc9b-47247119d947@group-7632D0142551: changes role from  FOLLOWER to CANDIDATE at term 0 for changeToCandidate
2024-04-26 07:45:28,464 [00cfc371-235c-47c8-bc9b-47247119d947@group-7632D0142551-FollowerState] INFO  server.RaftServerConfigKeys (ConfUtils.java:logGet(46)) - raft.server.leaderelection.pre-vote = true (default)
2024-04-26 07:45:28,464 [00cfc371-235c-47c8-bc9b-47247119d947@group-7632D0142551-FollowerState] INFO  impl.RoleInfo (RoleInfo.java:updateAndGet(139)) - 00cfc371-235c-47c8-bc9b-47247119d947: start 00cfc371-235c-47c8-bc9b-47247119d947@group-7632D0142551-LeaderElection71
2024-04-26 07:45:28,465 [80986ccd-c217-439b-b85b-0b259797a488-server-thread1] INFO  ratis.XceiverServerRatis (XceiverServerRatis.java:handleLeaderChangedNotification(966)) - Leader change notification received for group: group-AC1F55C45F87 with new leaderId: ac5950e9-78e7-4600-acb8-d4807d98be63
2024-04-26 07:45:28,465 [80986ccd-c217-439b-b85b-0b259797a488-server-thread1] INFO  server.RaftServer$Division (ServerState.java:setLeader(269)) - 80986ccd-c217-439b-b85b-0b259797a488@group-AC1F55C45F87: change Leader from null to ac5950e9-78e7-4600-acb8-d4807d98be63 at term 1 for appendEntries, leader elected after 5008ms
2024-04-26 07:45:28,465 [00cfc371-235c-47c8-bc9b-47247119d947-server-thread1] INFO  ratis.XceiverServerRatis (XceiverServerRatis.java:handleLeaderChangedNotification(966)) - Leader change notification received for group: group-AC1F55C45F87 with new leaderId: ac5950e9-78e7-4600-acb8-d4807d98be63
2024-04-26 07:45:28,465 [00cfc371-235c-47c8-bc9b-47247119d947-server-thread1] INFO  server.RaftServer$Division (ServerState.java:setLeader(269)) - 00cfc371-235c-47c8-bc9b-47247119d947@group-AC1F55C45F87: change Leader from null to ac5950e9-78e7-4600-acb8-d4807d98be63 at term 1 for appendEntries, leader elected after 5090ms
2024-04-26 07:45:28,465 [80986ccd-c217-439b-b85b-0b259797a488-server-thread2] INFO  server.RaftServer$Division (ServerState.java:setRaftConf(386)) - 80986ccd-c217-439b-b85b-0b259797a488@group-AC1F55C45F87: set configuration 0: peers:[ac5950e9-78e7-4600-acb8-d4807d98be63|127.0.0.1:15442, 00cfc371-235c-47c8-bc9b-47247119d947|127.0.0.1:15424, 80986ccd-c217-439b-b85b-0b259797a488|127.0.0.1:15433]|listeners:[], old=null
2024-04-26 07:45:28,465 [00cfc371-235c-47c8-bc9b-47247119d947@group-7632D0142551-LeaderElection71] INFO  impl.LeaderElection (LeaderElection.java:askForVotes(321)) - 00cfc371-235c-47c8-bc9b-47247119d947@group-7632D0142551-LeaderElection71 PRE_VOTE round 0: submit vote requests at term 0 for -1: peers:[00cfc371-235c-47c8-bc9b-47247119d947|127.0.0.1:15424]|listeners:[], old=null
2024-04-26 07:45:28,465 [00cfc371-235c-47c8-bc9b-47247119d947@group-7632D0142551-LeaderElection71] INFO  impl.LeaderElection (LeaderElection.java:askForVotes(323)) - 00cfc371-235c-47c8-bc9b-47247119d947@group-7632D0142551-LeaderElection71 PRE_VOTE round 0: result PASSED (term=0)
2024-04-26 07:45:28,466 [00cfc371-235c-47c8-bc9b-47247119d947-server-thread2] INFO  server.RaftServer$Division (ServerState.java:setRaftConf(386)) - 00cfc371-235c-47c8-bc9b-47247119d947@group-AC1F55C45F87: set configuration 0: peers:[ac5950e9-78e7-4600-acb8-d4807d98be63|127.0.0.1:15442, 00cfc371-235c-47c8-bc9b-47247119d947|127.0.0.1:15424, 80986ccd-c217-439b-b85b-0b259797a488|127.0.0.1:15433]|listeners:[], old=null
2024-04-26 07:45:28,465 [80986ccd-c217-439b-b85b-0b259797a488-server-thread2] INFO  segmented.SegmentedRaftLogWorker (SegmentedRaftLogWorker.java:startLogSegment(430)) - 80986ccd-c217-439b-b85b-0b259797a488@group-AC1F55C45F87-SegmentedRaftLogWorker: Starting segment from index:0
2024-04-26 07:45:28,466 [main] INFO  ozone.MiniOzoneClusterImpl (MiniOzoneClusterImpl.java:lambda$waitForClusterToBeReady$0(194)) - Nodes are ready. Got 9 of 9 DN Heartbeats.
2024-04-26 07:45:28,466 [main] INFO  ozone.MiniOzoneClusterImpl (MiniOzoneClusterImpl.java:lambda$waitForClusterToBeReady$0(197)) - Cluster exits safe mode
2024-04-26 07:45:28,466 [main] INFO  ozone.MiniOzoneClusterImpl (MiniOzoneClusterImpl.java:lambda$waitForClusterToBeReady$0(199)) - SCM became leader
2024-04-26 07:45:28,466 [00cfc371-235c-47c8-bc9b-47247119d947-server-thread2] INFO  segmented.SegmentedRaftLogWorker (SegmentedRaftLogWorker.java:startLogSegment(430)) - 00cfc371-235c-47c8-bc9b-47247119d947@group-AC1F55C45F87-SegmentedRaftLogWorker: Starting segment from index:0
2024-04-26 07:45:28,467 [00cfc371-235c-47c8-bc9b-47247119d947@group-AC1F55C45F87-SegmentedRaftLogWorker] INFO  segmented.BufferedWriteChannel (BufferedWriteChannel.java:open(62)) - open log_inprogress_0 at position 0
2024-04-26 07:45:28,467 [main] INFO  protocolPB.OmTransportFactory (OmTransportFactory.java:createFactory(62)) - Loading OM transport implementation org.apache.hadoop.ozone.om.protocolPB.Hadoop3OmTransportFactory as specified by configuration.
2024-04-26 07:45:28,469 [00cfc371-235c-47c8-bc9b-47247119d947@group-7632D0142551-LeaderElection71] INFO  impl.LeaderElection (LeaderElection.java:askForVotes(321)) - 00cfc371-235c-47c8-bc9b-47247119d947@group-7632D0142551-LeaderElection71 ELECTION round 0: submit vote requests at term 1 for -1: peers:[00cfc371-235c-47c8-bc9b-47247119d947|127.0.0.1:15424]|listeners:[], old=null
2024-04-26 07:45:28,469 [00cfc371-235c-47c8-bc9b-47247119d947@group-7632D0142551-LeaderElection71] INFO  impl.LeaderElection (LeaderElection.java:askForVotes(323)) - 00cfc371-235c-47c8-bc9b-47247119d947@group-7632D0142551-LeaderElection71 ELECTION round 0: result PASSED (term=1)
2024-04-26 07:45:28,469 [00cfc371-235c-47c8-bc9b-47247119d947@group-7632D0142551-LeaderElection71] INFO  impl.RoleInfo (RoleInfo.java:shutdownLeaderElection(130)) - 00cfc371-235c-47c8-bc9b-47247119d947: shutdown 00cfc371-235c-47c8-bc9b-47247119d947@group-7632D0142551-LeaderElection71
2024-04-26 07:45:28,469 [00cfc371-235c-47c8-bc9b-47247119d947@group-7632D0142551-LeaderElection71] INFO  server.RaftServer$Division (RaftServerImpl.java:setRole(383)) - 00cfc371-235c-47c8-bc9b-47247119d947@group-7632D0142551: changes role from CANDIDATE to LEADER at term 1 for changeToLeader
2024-04-26 07:45:28,469 [00cfc371-235c-47c8-bc9b-47247119d947@group-7632D0142551-LeaderElection71] INFO  server.RaftServerConfigKeys (ConfUtils.java:logGet(46)) - raft.server.staging.catchup.gap = 1000 (default)
2024-04-26 07:45:28,469 [00cfc371-235c-47c8-bc9b-47247119d947@group-7632D0142551-LeaderElection71] INFO  server.RaftServerConfigKeys (ConfUtils.java:logGet(46)) - raft.server.write.element-limit = 1024 (custom)
2024-04-26 07:45:28,469 [00cfc371-235c-47c8-bc9b-47247119d947@group-7632D0142551-LeaderElection71] INFO  server.RaftServerConfigKeys (ConfUtils.java:logGet(46)) - raft.server.write.byte-limit = 1024 M (=1073741824) (custom)
2024-04-26 07:45:28,469 [00cfc371-235c-47c8-bc9b-47247119d947@group-7632D0142551-LeaderElection71] INFO  server.RaftServerConfigKeys (ConfUtils.java:logGet(46)) - raft.server.watch.timeout = 3000ms (custom)
2024-04-26 07:45:28,469 [00cfc371-235c-47c8-bc9b-47247119d947@group-7632D0142551-LeaderElection71] INFO  server.RaftServerConfigKeys (ConfUtils.java:logGet(46)) - raft.server.watch.timeout.denomination = 1s (default)
2024-04-26 07:45:28,469 [00cfc371-235c-47c8-bc9b-47247119d947@group-7632D0142551-LeaderElection71] INFO  server.RaftServerConfigKeys (ConfUtils.java:logGet(46)) - raft.server.watch.element-limit = 65536 (default)
2024-04-26 07:45:28,469 [00cfc371-235c-47c8-bc9b-47247119d947@group-7632D0142551-LeaderElection71] INFO  server.RaftServerConfigKeys (ConfUtils.java:logGet(46)) - raft.server.read.leader.lease.enabled = false (default)
2024-04-26 07:45:28,469 [00cfc371-235c-47c8-bc9b-47247119d947@group-7632D0142551-LeaderElection71] INFO  server.RaftServerConfigKeys (ConfUtils.java:logGet(46)) - raft.server.read.leader.lease.timeout.ratio = 0.9 (default)
2024-04-26 07:45:28,469 [00cfc371-235c-47c8-bc9b-47247119d947@group-7632D0142551-LeaderElection71] INFO  server.RaftServerConfigKeys (ConfUtils.java:logGet(46)) - raft.server.rpc.timeout.min = 5s (custom)
2024-04-26 07:45:28,469 [00cfc371-235c-47c8-bc9b-47247119d947@group-7632D0142551-LeaderElection71] INFO  server.RaftServerConfigKeys (ConfUtils.java:logGet(46)) - raft.server.write.element-limit = 1024 (custom)
2024-04-26 07:45:28,470 [00cfc371-235c-47c8-bc9b-47247119d947@group-7632D0142551-LeaderElection71] INFO  server.RaftServerConfigKeys (ConfUtils.java:logGet(46)) - raft.server.write.follower.gap.ratio.max = -1.0 (default)
2024-04-26 07:45:28,470 [00cfc371-235c-47c8-bc9b-47247119d947@group-7632D0142551-LeaderElection71] INFO  impl.RoleInfo (RoleInfo.java:updateAndGet(139)) - 00cfc371-235c-47c8-bc9b-47247119d947: start 00cfc371-235c-47c8-bc9b-47247119d947@group-7632D0142551-LeaderStateImpl
2024-04-26 07:45:28,470 [00cfc371-235c-47c8-bc9b-47247119d947@group-7632D0142551-LeaderElection71] INFO  server.RaftServer$Division (RaftServerImpl.java:setFirstElection(574)) - 00cfc371-235c-47c8-bc9b-47247119d947@group-7632D0142551: set firstElectionSinceStartup to false for becomeLeader
2024-04-26 07:45:28,470 [00cfc371-235c-47c8-bc9b-47247119d947@group-7632D0142551-LeaderElection71] INFO  ratis.XceiverServerRatis (XceiverServerRatis.java:handleLeaderChangedNotification(966)) - Leader change notification received for group: group-7632D0142551 with new leaderId: 00cfc371-235c-47c8-bc9b-47247119d947
2024-04-26 07:45:28,470 [00cfc371-235c-47c8-bc9b-47247119d947@group-7632D0142551-LeaderElection71] INFO  server.RaftServer$Division (ServerState.java:setLeader(269)) - 00cfc371-235c-47c8-bc9b-47247119d947@group-7632D0142551: change Leader from null to 00cfc371-235c-47c8-bc9b-47247119d947 at term 1 for becomeLeader, leader elected after 5124ms
2024-04-26 07:45:28,470 [ac5950e9-78e7-4600-acb8-d4807d98be63@group-AC1F55C45F87-SegmentedRaftLogWorker] INFO  segmented.SegmentedRaftLogWorker (SegmentedRaftLogWorker.java:execute(634)) - ac5950e9-78e7-4600-acb8-d4807d98be63@group-AC1F55C45F87-SegmentedRaftLogWorker: created new log segment /home/runner/work/ozone/ozone/hadoop-ozone/integration-test/target/test-dir/MiniOzoneClusterImpl-f8a85056-d908-4111-b8ec-0d6f55fc62ea/ozone-meta/datanode-9/ratis/88fe2527-0b70-47e4-af82-ac1f55c45f87/current/log_inprogress_0
2024-04-26 07:45:28,470 [00cfc371-235c-47c8-bc9b-47247119d947@group-7632D0142551-LeaderElection71] INFO  segmented.SegmentedRaftLogWorker (SegmentedRaftLogWorker.java:startLogSegment(430)) - 00cfc371-235c-47c8-bc9b-47247119d947@group-7632D0142551-SegmentedRaftLogWorker: Starting segment from index:0
2024-04-26 07:45:28,470 [00cfc371-235c-47c8-bc9b-47247119d947@group-7632D0142551-LeaderElection71] INFO  server.RaftServer$Division (ServerState.java:setRaftConf(386)) - 00cfc371-235c-47c8-bc9b-47247119d947@group-7632D0142551: set configuration 0: peers:[00cfc371-235c-47c8-bc9b-47247119d947|127.0.0.1:15424]|listeners:[], old=null
2024-04-26 07:45:28,471 [00cfc371-235c-47c8-bc9b-47247119d947@group-7632D0142551-SegmentedRaftLogWorker] INFO  segmented.BufferedWriteChannel (BufferedWriteChannel.java:open(62)) - open log_inprogress_0 at position 0
2024-04-26 07:45:28,466 [80986ccd-c217-439b-b85b-0b259797a488@group-AC1F55C45F87-SegmentedRaftLogWorker] INFO  segmented.BufferedWriteChannel (BufferedWriteChannel.java:open(62)) - open log_inprogress_0 at position 0
2024-04-26 07:45:28,467 [66bce337-27b9-4953-b5f8-11fc3ae630c2@group-8AF491E1D12D-FollowerState] INFO  impl.FollowerState (FollowerState.java:run(143)) - 66bce337-27b9-4953-b5f8-11fc3ae630c2@group-8AF491E1D12D-FollowerState: change to CANDIDATE, lastRpcElapsedTime:5200412847ns, electionTimeout:5200ms
2024-04-26 07:45:28,475 [66bce337-27b9-4953-b5f8-11fc3ae630c2@group-8AF491E1D12D-FollowerState] INFO  impl.RoleInfo (RoleInfo.java:shutdownFollowerState(110)) - 66bce337-27b9-4953-b5f8-11fc3ae630c2: shutdown 66bce337-27b9-4953-b5f8-11fc3ae630c2@group-8AF491E1D12D-FollowerState
2024-04-26 07:45:28,475 [66bce337-27b9-4953-b5f8-11fc3ae630c2@group-8AF491E1D12D-FollowerState] INFO  server.RaftServer$Division (RaftServerImpl.java:setRole(383)) - 66bce337-27b9-4953-b5f8-11fc3ae630c2@group-8AF491E1D12D: changes role from  FOLLOWER to CANDIDATE at term 0 for changeToCandidate
2024-04-26 07:45:28,475 [66bce337-27b9-4953-b5f8-11fc3ae630c2@group-8AF491E1D12D-FollowerState] INFO  server.RaftServerConfigKeys (ConfUtils.java:logGet(46)) - raft.server.leaderelection.pre-vote = true (default)
2024-04-26 07:45:28,475 [66bce337-27b9-4953-b5f8-11fc3ae630c2@group-8AF491E1D12D-FollowerState] INFO  impl.RoleInfo (RoleInfo.java:updateAndGet(139)) - 66bce337-27b9-4953-b5f8-11fc3ae630c2: start 66bce337-27b9-4953-b5f8-11fc3ae630c2@group-8AF491E1D12D-LeaderElection72
2024-04-26 07:45:28,476 [66bce337-27b9-4953-b5f8-11fc3ae630c2@group-8AF491E1D12D-LeaderElection72] INFO  impl.LeaderElection (LeaderElection.java:askForVotes(321)) - 66bce337-27b9-4953-b5f8-11fc3ae630c2@group-8AF491E1D12D-LeaderElection72 PRE_VOTE round 0: submit vote requests at term 0 for -1: peers:[3adbcf3a-f954-449d-af41-94271594c360|127.0.0.1:15406, 66bce337-27b9-4953-b5f8-11fc3ae630c2|127.0.0.1:15415, 007259ab-dd98-41c4-869b-5f1f47ad54d0|127.0.0.1:15397]|listeners:[], old=null
2024-04-26 07:45:28,477 [66bce337-27b9-4953-b5f8-11fc3ae630c2@group-8AF491E1D12D-LeaderElection72-1] INFO  server.GrpcServerProtocolClient (GrpcServerProtocolClient.java:<init>(65)) - Build channel for 3adbcf3a-f954-449d-af41-94271594c360|127.0.0.1:15406
2024-04-26 07:45:28,478 [main] INFO  rpc.RpcClient (RpcClient.java:createVolume(466)) - Creating Volume: watchforcommithandlingtest, with runner as owner and space quota set to -1 bytes, counts quota set to -1
2024-04-26 07:45:28,480 [66bce337-27b9-4953-b5f8-11fc3ae630c2@group-8AF491E1D12D-LeaderElection72] INFO  server.RaftServerConfigKeys (ConfUtils.java:logFallback(53)) - raft.server.rpc.first-election.timeout.min = 5s (fallback to raft.server.rpc.timeout.min)
2024-04-26 07:45:28,480 [66bce337-27b9-4953-b5f8-11fc3ae630c2@group-8AF491E1D12D-LeaderElection72] INFO  server.RaftServerConfigKeys (ConfUtils.java:logFallback(53)) - raft.server.rpc.first-election.timeout.max = 5200ms (fallback to raft.server.rpc.timeout.max)
2024-04-26 07:45:28,481 [grpc-default-executor-3] INFO  server.RaftServer$Division (RaftServerImpl.java:requestVote(1389)) - 3adbcf3a-f954-449d-af41-94271594c360@group-8AF491E1D12D: receive requestVote(PRE_VOTE, 66bce337-27b9-4953-b5f8-11fc3ae630c2, group-8AF491E1D12D, 0, (t:0, i:0))
2024-04-26 07:45:28,481 [grpc-default-executor-3] INFO  impl.VoteContext (VoteContext.java:log(49)) - 3adbcf3a-f954-449d-af41-94271594c360@group-8AF491E1D12D-FOLLOWER: accept PRE_VOTE from 66bce337-27b9-4953-b5f8-11fc3ae630c2: our priority 0 <= candidate's priority 1
2024-04-26 07:45:28,481 [grpc-default-executor-3] INFO  server.RaftServer$Division (RaftServerImpl.java:requestVote(1422)) - 3adbcf3a-f954-449d-af41-94271594c360@group-8AF491E1D12D replies to PRE_VOTE vote request: 66bce337-27b9-4953-b5f8-11fc3ae630c2<-3adbcf3a-f954-449d-af41-94271594c360#0:OK-t0. Peer's state: 3adbcf3a-f954-449d-af41-94271594c360@group-8AF491E1D12D:t0, leader=null, voted=, raftlog=Memoized:3adbcf3a-f954-449d-af41-94271594c360@group-8AF491E1D12D-SegmentedRaftLog:OPENED:c-1, conf=-1: peers:[3adbcf3a-f954-449d-af41-94271594c360|127.0.0.1:15406, 66bce337-27b9-4953-b5f8-11fc3ae630c2|127.0.0.1:15415, 007259ab-dd98-41c4-869b-5f1f47ad54d0|127.0.0.1:15397]|listeners:[], old=null
2024-04-26 07:45:28,481 [66bce337-27b9-4953-b5f8-11fc3ae630c2@group-8AF491E1D12D-LeaderElection72-2] INFO  server.GrpcServerProtocolClient (GrpcServerProtocolClient.java:<init>(65)) - Build channel for 007259ab-dd98-41c4-869b-5f1f47ad54d0|127.0.0.1:15397
2024-04-26 07:45:28,481 [66bce337-27b9-4953-b5f8-11fc3ae630c2@group-8AF491E1D12D-LeaderElection72] INFO  impl.LeaderElection (LeaderElection.java:logAndReturn(89)) - 66bce337-27b9-4953-b5f8-11fc3ae630c2@group-8AF491E1D12D-LeaderElection72: PRE_VOTE PASSED received 1 response(s) and 0 exception(s):
2024-04-26 07:45:28,482 [66bce337-27b9-4953-b5f8-11fc3ae630c2@group-8AF491E1D12D-LeaderElection72] INFO  impl.LeaderElection (LeaderElection.java:logAndReturn(93)) -   Response 0: 66bce337-27b9-4953-b5f8-11fc3ae630c2<-3adbcf3a-f954-449d-af41-94271594c360#0:OK-t0
2024-04-26 07:45:28,482 [66bce337-27b9-4953-b5f8-11fc3ae630c2@group-8AF491E1D12D-LeaderElection72] INFO  impl.LeaderElection (LeaderElection.java:askForVotes(323)) - 66bce337-27b9-4953-b5f8-11fc3ae630c2@group-8AF491E1D12D-LeaderElection72 PRE_VOTE round 0: result PASSED
2024-04-26 07:45:28,484 [00cfc371-235c-47c8-bc9b-47247119d947@group-7632D0142551-SegmentedRaftLogWorker] INFO  segmented.SegmentedRaftLogWorker (SegmentedRaftLogWorker.java:execute(634)) - 00cfc371-235c-47c8-bc9b-47247119d947@group-7632D0142551-SegmentedRaftLogWorker: created new log segment /home/runner/work/ozone/ozone/hadoop-ozone/integration-test/target/test-dir/MiniOzoneClusterImpl-f8a85056-d908-4111-b8ec-0d6f55fc62ea/ozone-meta/datanode-7/ratis/09ceb4e8-76c7-4aae-9c6f-7632d0142551/current/log_inprogress_0
2024-04-26 07:45:28,485 [80986ccd-c217-439b-b85b-0b259797a488@group-AC1F55C45F87-SegmentedRaftLogWorker] INFO  segmented.SegmentedRaftLogWorker (SegmentedRaftLogWorker.java:execute(634)) - 80986ccd-c217-439b-b85b-0b259797a488@group-AC1F55C45F87-SegmentedRaftLogWorker: created new log segment /home/runner/work/ozone/ozone/hadoop-ozone/integration-test/target/test-dir/MiniOzoneClusterImpl-f8a85056-d908-4111-b8ec-0d6f55fc62ea/ozone-meta/datanode-8/ratis/88fe2527-0b70-47e4-af82-ac1f55c45f87/current/log_inprogress_0
2024-04-26 07:45:28,486 [66bce337-27b9-4953-b5f8-11fc3ae630c2@group-8AF491E1D12D-LeaderElection72] INFO  impl.LeaderElection (LeaderElection.java:askForVotes(321)) - 66bce337-27b9-4953-b5f8-11fc3ae630c2@group-8AF491E1D12D-LeaderElection72 ELECTION round 0: submit vote requests at term 1 for -1: peers:[3adbcf3a-f954-449d-af41-94271594c360|127.0.0.1:15406, 66bce337-27b9-4953-b5f8-11fc3ae630c2|127.0.0.1:15415, 007259ab-dd98-41c4-869b-5f1f47ad54d0|127.0.0.1:15397]|listeners:[], old=null
2024-04-26 07:45:28,486 [00cfc371-235c-47c8-bc9b-47247119d947@group-7632D0142551-StateMachineUpdater] INFO  server.RaftServer$Division (LeaderStateImpl.java:isApplied(320)) - leader is ready since appliedIndex == 0 >= startIndex == 0
2024-04-26 07:45:28,486 [00cfc371-235c-47c8-bc9b-47247119d947@group-AC1F55C45F87-SegmentedRaftLogWorker] INFO  segmented.SegmentedRaftLogWorker (SegmentedRaftLogWorker.java:execute(634)) - 00cfc371-235c-47c8-bc9b-47247119d947@group-AC1F55C45F87-SegmentedRaftLogWorker: created new log segment /home/runner/work/ozone/ozone/hadoop-ozone/integration-test/target/test-dir/MiniOzoneClusterImpl-f8a85056-d908-4111-b8ec-0d6f55fc62ea/ozone-meta/datanode-7/ratis/88fe2527-0b70-47e4-af82-ac1f55c45f87/current/log_inprogress_0
2024-04-26 07:45:28,487 [grpc-default-executor-2] INFO  server.RaftServer$Division (RaftServerImpl.java:requestVote(1389)) - 007259ab-dd98-41c4-869b-5f1f47ad54d0@group-8AF491E1D12D: receive requestVote(PRE_VOTE, 66bce337-27b9-4953-b5f8-11fc3ae630c2, group-8AF491E1D12D, 0, (t:0, i:0))
2024-04-26 07:45:28,487 [grpc-default-executor-2] INFO  impl.VoteContext (VoteContext.java:log(49)) - 007259ab-dd98-41c4-869b-5f1f47ad54d0@group-8AF491E1D12D-FOLLOWER: accept PRE_VOTE from 66bce337-27b9-4953-b5f8-11fc3ae630c2: our priority 0 <= candidate's priority 1
2024-04-26 07:45:28,487 [grpc-default-executor-2] INFO  server.RaftServer$Division (RaftServerImpl.java:requestVote(1422)) - 007259ab-dd98-41c4-869b-5f1f47ad54d0@group-8AF491E1D12D replies to PRE_VOTE vote request: 66bce337-27b9-4953-b5f8-11fc3ae630c2<-007259ab-dd98-41c4-869b-5f1f47ad54d0#0:OK-t0. Peer's state: 007259ab-dd98-41c4-869b-5f1f47ad54d0@group-8AF491E1D12D:t0, leader=null, voted=, raftlog=Memoized:007259ab-dd98-41c4-869b-5f1f47ad54d0@group-8AF491E1D12D-SegmentedRaftLog:OPENED:c-1, conf=-1: peers:[3adbcf3a-f954-449d-af41-94271594c360|127.0.0.1:15406, 66bce337-27b9-4953-b5f8-11fc3ae630c2|127.0.0.1:15415, 007259ab-dd98-41c4-869b-5f1f47ad54d0|127.0.0.1:15397]|listeners:[], old=null
2024-04-26 07:45:28,488 [grpc-default-executor-3] INFO  server.RaftServer$Division (RaftServerImpl.java:requestVote(1389)) - 3adbcf3a-f954-449d-af41-94271594c360@group-8AF491E1D12D: receive requestVote(ELECTION, 66bce337-27b9-4953-b5f8-11fc3ae630c2, group-8AF491E1D12D, 1, (t:0, i:0))
2024-04-26 07:45:28,488 [grpc-default-executor-3] INFO  impl.VoteContext (VoteContext.java:log(49)) - 3adbcf3a-f954-449d-af41-94271594c360@group-8AF491E1D12D-FOLLOWER: accept ELECTION from 66bce337-27b9-4953-b5f8-11fc3ae630c2: our priority 0 <= candidate's priority 1
2024-04-26 07:45:28,488 [grpc-default-executor-3] INFO  server.RaftServer$Division (RaftServerImpl.java:setRole(383)) - 3adbcf3a-f954-449d-af41-94271594c360@group-8AF491E1D12D: changes role from  FOLLOWER to FOLLOWER at term 1 for candidate:66bce337-27b9-4953-b5f8-11fc3ae630c2
2024-04-26 07:45:28,488 [grpc-default-executor-3] INFO  impl.RoleInfo (RoleInfo.java:shutdownFollowerState(110)) - 3adbcf3a-f954-449d-af41-94271594c360: shutdown 3adbcf3a-f954-449d-af41-94271594c360@group-8AF491E1D12D-FollowerState
2024-04-26 07:45:28,488 [grpc-default-executor-3] INFO  impl.RoleInfo (RoleInfo.java:updateAndGet(139)) - 3adbcf3a-f954-449d-af41-94271594c360: start 3adbcf3a-f954-449d-af41-94271594c360@group-8AF491E1D12D-FollowerState
2024-04-26 07:45:28,488 [3adbcf3a-f954-449d-af41-94271594c360@group-8AF491E1D12D-FollowerState] INFO  impl.FollowerState (FollowerState.java:run(152)) - 3adbcf3a-f954-449d-af41-94271594c360@group-8AF491E1D12D-FollowerState was interrupted
2024-04-26 07:45:28,488 [ac5950e9-78e7-4600-acb8-d4807d98be63@group-AC1F55C45F87-StateMachineUpdater] INFO  server.RaftServer$Division (LeaderStateImpl.java:isApplied(320)) - leader is ready since appliedIndex == 0 >= startIndex == 0
2024-04-26 07:45:28,489 [om1-OMStateMachineApplyTransactionThread - 0] INFO  volume.OMVolumeCreateRequest (OMVolumeCreateRequest.java:validateAndUpdateCache(198)) - created volume:watchforcommithandlingtest for user:runner
2024-04-26 07:45:28,489 [66bce337-27b9-4953-b5f8-11fc3ae630c2@group-8AF491E1D12D-LeaderElection72] INFO  server.RaftServerConfigKeys (ConfUtils.java:logFallback(53)) - raft.server.rpc.first-election.timeout.min = 5s (fallback to raft.server.rpc.timeout.min)
2024-04-26 07:45:28,489 [66bce337-27b9-4953-b5f8-11fc3ae630c2@group-8AF491E1D12D-LeaderElection72] INFO  server.RaftServerConfigKeys (ConfUtils.java:logFallback(53)) - raft.server.rpc.first-election.timeout.max = 5200ms (fallback to raft.server.rpc.timeout.max)
2024-04-26 07:45:28,490 [grpc-default-executor-2] INFO  server.RaftServer$Division (RaftServerImpl.java:requestVote(1389)) - 007259ab-dd98-41c4-869b-5f1f47ad54d0@group-8AF491E1D12D: receive requestVote(ELECTION, 66bce337-27b9-4953-b5f8-11fc3ae630c2, group-8AF491E1D12D, 1, (t:0, i:0))
2024-04-26 07:45:28,490 [grpc-default-executor-2] INFO  impl.VoteContext (VoteContext.java:log(49)) - 007259ab-dd98-41c4-869b-5f1f47ad54d0@group-8AF491E1D12D-FOLLOWER: accept ELECTION from 66bce337-27b9-4953-b5f8-11fc3ae630c2: our priority 0 <= candidate's priority 1
2024-04-26 07:45:28,490 [grpc-default-executor-2] INFO  server.RaftServer$Division (RaftServerImpl.java:setRole(383)) - 007259ab-dd98-41c4-869b-5f1f47ad54d0@group-8AF491E1D12D: changes role from  FOLLOWER to FOLLOWER at term 1 for candidate:66bce337-27b9-4953-b5f8-11fc3ae630c2
2024-04-26 07:45:28,490 [grpc-default-executor-2] INFO  impl.RoleInfo (RoleInfo.java:shutdownFollowerState(110)) - 007259ab-dd98-41c4-869b-5f1f47ad54d0: shutdown 007259ab-dd98-41c4-869b-5f1f47ad54d0@group-8AF491E1D12D-FollowerState
2024-04-26 07:45:28,490 [grpc-default-executor-2] INFO  impl.RoleInfo (RoleInfo.java:updateAndGet(139)) - 007259ab-dd98-41c4-869b-5f1f47ad54d0: start 007259ab-dd98-41c4-869b-5f1f47ad54d0@group-8AF491E1D12D-FollowerState
2024-04-26 07:45:28,490 [007259ab-dd98-41c4-869b-5f1f47ad54d0@group-8AF491E1D12D-FollowerState] INFO  impl.FollowerState (FollowerState.java:run(152)) - 007259ab-dd98-41c4-869b-5f1f47ad54d0@group-8AF491E1D12D-FollowerState was interrupted
2024-04-26 07:45:28,491 [main] INFO  rpc.RpcClient (RpcClient.java:createBucket(692)) - Creating Bucket: watchforcommithandlingtest/watchforcommithandlingtest, with server-side default bucket layout, runner as owner, Versioning false, Storage Type set to DISK and Encryption set to false, Replication Type set to server-side default replication type, Namespace Quota set to -1, Space Quota set to -1 
2024-04-26 07:45:28,492 [grpc-default-executor-3] INFO  server.RaftServer$Division (RaftServerImpl.java:setFirstElection(574)) - 3adbcf3a-f954-449d-af41-94271594c360@group-8AF491E1D12D: set firstElectionSinceStartup to false for candidate:66bce337-27b9-4953-b5f8-11fc3ae630c2
2024-04-26 07:45:28,493 [grpc-default-executor-2] INFO  server.RaftServer$Division (RaftServerImpl.java:requestVote(1422)) - 007259ab-dd98-41c4-869b-5f1f47ad54d0@group-8AF491E1D12D replies to ELECTION vote request: 66bce337-27b9-4953-b5f8-11fc3ae630c2<-007259ab-dd98-41c4-869b-5f1f47ad54d0#0:OK-t1. Peer's state: 007259ab-dd98-41c4-869b-5f1f47ad54d0@group-8AF491E1D12D:t1, leader=null, voted=66bce337-27b9-4953-b5f8-11fc3ae630c2, raftlog=Memoized:007259ab-dd98-41c4-869b-5f1f47ad54d0@group-8AF491E1D12D-SegmentedRaftLog:OPENED:c-1, conf=-1: peers:[3adbcf3a-f954-449d-af41-94271594c360|127.0.0.1:15406, 66bce337-27b9-4953-b5f8-11fc3ae630c2|127.0.0.1:15415, 007259ab-dd98-41c4-869b-5f1f47ad54d0|127.0.0.1:15397]|listeners:[], old=null
2024-04-26 07:45:28,493 [om1-OMStateMachineApplyTransactionThread - 0] INFO  bucket.OMBucketCreateRequest (OMBucketCreateRequest.java:validateAndUpdateCache(293)) - created bucket: watchforcommithandlingtest of layout FILE_SYSTEM_OPTIMIZED in volume: watchforcommithandlingtest
2024-04-26 07:45:28,494 [66bce337-27b9-4953-b5f8-11fc3ae630c2@group-8AF491E1D12D-LeaderElection72] INFO  impl.LeaderElection (LeaderElection.java:logAndReturn(89)) - 66bce337-27b9-4953-b5f8-11fc3ae630c2@group-8AF491E1D12D-LeaderElection72: ELECTION PASSED received 1 response(s) and 0 exception(s):
2024-04-26 07:45:28,494 [66bce337-27b9-4953-b5f8-11fc3ae630c2@group-8AF491E1D12D-LeaderElection72] INFO  impl.LeaderElection (LeaderElection.java:logAndReturn(93)) -   Response 0: 66bce337-27b9-4953-b5f8-11fc3ae630c2<-007259ab-dd98-41c4-869b-5f1f47ad54d0#0:OK-t1
2024-04-26 07:45:28,494 [66bce337-27b9-4953-b5f8-11fc3ae630c2@group-8AF491E1D12D-LeaderElection72] INFO  impl.LeaderElection (LeaderElection.java:askForVotes(323)) - 66bce337-27b9-4953-b5f8-11fc3ae630c2@group-8AF491E1D12D-LeaderElection72 ELECTION round 0: result PASSED
2024-04-26 07:45:28,494 [66bce337-27b9-4953-b5f8-11fc3ae630c2@group-8AF491E1D12D-LeaderElection72] INFO  impl.RoleInfo (RoleInfo.java:shutdownLeaderElection(130)) - 66bce337-27b9-4953-b5f8-11fc3ae630c2: shutdown 66bce337-27b9-4953-b5f8-11fc3ae630c2@group-8AF491E1D12D-LeaderElection72
2024-04-26 07:45:28,494 [66bce337-27b9-4953-b5f8-11fc3ae630c2@group-8AF491E1D12D-LeaderElection72] INFO  server.RaftServer$Division (RaftServerImpl.java:setRole(383)) - 66bce337-27b9-4953-b5f8-11fc3ae630c2@group-8AF491E1D12D: changes role from CANDIDATE to LEADER at term 1 for changeToLeader
2024-04-26 07:45:28,494 [66bce337-27b9-4953-b5f8-11fc3ae630c2@group-8AF491E1D12D-LeaderElection72] INFO  server.RaftServerConfigKeys (ConfUtils.java:logGet(46)) - raft.server.staging.catchup.gap = 1000 (default)
2024-04-26 07:45:28,494 [66bce337-27b9-4953-b5f8-11fc3ae630c2@group-8AF491E1D12D-LeaderElection72] INFO  server.RaftServerConfigKeys (ConfUtils.java:logGet(46)) - raft.server.write.element-limit = 1024 (custom)
2024-04-26 07:45:28,494 [66bce337-27b9-4953-b5f8-11fc3ae630c2@group-8AF491E1D12D-LeaderElection72] INFO  server.RaftServerConfigKeys (ConfUtils.java:logGet(46)) - raft.server.write.byte-limit = 1024 M (=1073741824) (custom)
2024-04-26 07:45:28,494 [66bce337-27b9-4953-b5f8-11fc3ae630c2@group-8AF491E1D12D-LeaderElection72] INFO  server.RaftServerConfigKeys (ConfUtils.java:logGet(46)) - raft.server.watch.timeout = 3000ms (custom)
2024-04-26 07:45:28,494 [66bce337-27b9-4953-b5f8-11fc3ae630c2@group-8AF491E1D12D-LeaderElection72] INFO  server.RaftServerConfigKeys (ConfUtils.java:logGet(46)) - raft.server.watch.timeout.denomination = 1s (default)
2024-04-26 07:45:28,494 [66bce337-27b9-4953-b5f8-11fc3ae630c2@group-8AF491E1D12D-LeaderElection72] INFO  server.RaftServerConfigKeys (ConfUtils.java:logGet(46)) - raft.server.watch.element-limit = 65536 (default)
2024-04-26 07:45:28,494 [66bce337-27b9-4953-b5f8-11fc3ae630c2@group-8AF491E1D12D-LeaderElection72] INFO  server.RaftServerConfigKeys (ConfUtils.java:logGet(46)) - raft.server.read.leader.lease.enabled = false (default)
2024-04-26 07:45:28,494 [66bce337-27b9-4953-b5f8-11fc3ae630c2@group-8AF491E1D12D-LeaderElection72] INFO  server.RaftServerConfigKeys (ConfUtils.java:logGet(46)) - raft.server.read.leader.lease.timeout.ratio = 0.9 (default)
2024-04-26 07:45:28,495 [66bce337-27b9-4953-b5f8-11fc3ae630c2@group-8AF491E1D12D-LeaderElection72] INFO  server.RaftServerConfigKeys (ConfUtils.java:logGet(46)) - raft.server.rpc.timeout.min = 5s (custom)
2024-04-26 07:45:28,494 [grpc-default-executor-3] INFO  server.RaftServer$Division (RaftServerImpl.java:requestVote(1422)) - 3adbcf3a-f954-449d-af41-94271594c360@group-8AF491E1D12D replies to ELECTION vote request: 66bce337-27b9-4953-b5f8-11fc3ae630c2<-3adbcf3a-f954-449d-af41-94271594c360#0:OK-t1. Peer's state: 3adbcf3a-f954-449d-af41-94271594c360@group-8AF491E1D12D:t1, leader=null, voted=66bce337-27b9-4953-b5f8-11fc3ae630c2, raftlog=Memoized:3adbcf3a-f954-449d-af41-94271594c360@group-8AF491E1D12D-SegmentedRaftLog:OPENED:c-1, conf=-1: peers:[3adbcf3a-f954-449d-af41-94271594c360|127.0.0.1:15406, 66bce337-27b9-4953-b5f8-11fc3ae630c2|127.0.0.1:15415, 007259ab-dd98-41c4-869b-5f1f47ad54d0|127.0.0.1:15397]|listeners:[], old=null
2024-04-26 07:45:28,495 [66bce337-27b9-4953-b5f8-11fc3ae630c2@group-8AF491E1D12D-LeaderElection72] INFO  server.RaftServerConfigKeys (ConfUtils.java:logGet(46)) - raft.server.write.element-limit = 1024 (custom)
2024-04-26 07:45:28,495 [66bce337-27b9-4953-b5f8-11fc3ae630c2@group-8AF491E1D12D-LeaderElection72] INFO  server.RaftServerConfigKeys (ConfUtils.java:logGet(46)) - raft.server.write.follower.gap.ratio.max = -1.0 (default)
2024-04-26 07:45:28,495 [66bce337-27b9-4953-b5f8-11fc3ae630c2@group-8AF491E1D12D-LeaderElection72] INFO  server.RaftServerConfigKeys (ConfUtils.java:logGet(46)) - raft.server.log.appender.snapshot.chunk.size.max = 16MB (=16777216) (default)
2024-04-26 07:45:28,495 [66bce337-27b9-4953-b5f8-11fc3ae630c2@group-8AF491E1D12D-LeaderElection72] INFO  server.RaftServerConfigKeys (ConfUtils.java:logGet(46)) - raft.server.log.appender.buffer.byte-limit = 8388608 (custom)
2024-04-26 07:45:28,495 [66bce337-27b9-4953-b5f8-11fc3ae630c2@group-8AF491E1D12D-LeaderElection72] INFO  server.RaftServerConfigKeys (ConfUtils.java:logGet(46)) - raft.server.log.appender.buffer.element-limit = 1 (custom)
2024-04-26 07:45:28,495 [66bce337-27b9-4953-b5f8-11fc3ae630c2@group-8AF491E1D12D-LeaderElection72] INFO  server.RaftServerConfigKeys (ConfUtils.java:logGet(46)) - raft.server.log.appender.wait-time.min = 0ms (custom)
2024-04-26 07:45:28,495 [66bce337-27b9-4953-b5f8-11fc3ae630c2@group-8AF491E1D12D-LeaderElection72] INFO  grpc.GrpcConfigKeys (ConfUtils.java:logGet(46)) - raft.grpc.server.leader.outstanding.appends.max = 8 (default)
2024-04-26 07:45:28,495 [66bce337-27b9-4953-b5f8-11fc3ae630c2@group-8AF491E1D12D-LeaderElection72] INFO  server.RaftServerConfigKeys (ConfUtils.java:logGet(46)) - raft.server.rpc.request.timeout = 3000ms (default)
2024-04-26 07:45:28,495 [66bce337-27b9-4953-b5f8-11fc3ae630c2@group-8AF491E1D12D-LeaderElection72] INFO  grpc.GrpcConfigKeys (ConfUtils.java:logGet(46)) - raft.grpc.server.install_snapshot.request.element-limit = 8 (default)
2024-04-26 07:45:28,496 [66bce337-27b9-4953-b5f8-11fc3ae630c2@group-8AF491E1D12D-LeaderElection72] INFO  grpc.GrpcConfigKeys (ConfUtils.java:logGet(46)) - raft.grpc.server.install_snapshot.request.timeout = 3000ms (default)
2024-04-26 07:45:28,496 [66bce337-27b9-4953-b5f8-11fc3ae630c2@group-8AF491E1D12D-LeaderElection72] INFO  grpc.GrpcConfigKeys (ConfUtils.java:logGet(46)) - raft.grpc.server.log-message.batch.duration = 5s (default)
2024-04-26 07:45:28,496 [66bce337-27b9-4953-b5f8-11fc3ae630c2@group-8AF491E1D12D-LeaderElection72] INFO  server.RaftServerConfigKeys (ConfUtils.java:logGet(46)) - raft.server.log.appender.install.snapshot.enabled = false (custom)
2024-04-26 07:45:28,496 [66bce337-27b9-4953-b5f8-11fc3ae630c2@group-8AF491E1D12D-LeaderElection72] INFO  grpc.GrpcConfigKeys (ConfUtils.java:logGet(46)) - raft.grpc.server.heartbeat.channel = true (default)
2024-04-26 07:45:28,496 [66bce337-27b9-4953-b5f8-11fc3ae630c2@group-8AF491E1D12D-LeaderElection72] INFO  server.RaftServerConfigKeys (ConfUtils.java:logGet(46)) - raft.server.log.appender.snapshot.chunk.size.max = 16MB (=16777216) (default)
2024-04-26 07:45:28,496 [66bce337-27b9-4953-b5f8-11fc3ae630c2@group-8AF491E1D12D-LeaderElection72] INFO  server.RaftServerConfigKeys (ConfUtils.java:logGet(46)) - raft.server.log.appender.buffer.byte-limit = 8388608 (custom)
2024-04-26 07:45:28,496 [66bce337-27b9-4953-b5f8-11fc3ae630c2@group-8AF491E1D12D-LeaderElection72] INFO  server.RaftServerConfigKeys (ConfUtils.java:logGet(46)) - raft.server.log.appender.buffer.element-limit = 1 (custom)
2024-04-26 07:45:28,496 [66bce337-27b9-4953-b5f8-11fc3ae630c2@group-8AF491E1D12D-LeaderElection72] INFO  server.RaftServerConfigKeys (ConfUtils.java:logGet(46)) - raft.server.log.appender.wait-time.min = 0ms (custom)
2024-04-26 07:45:28,496 [66bce337-27b9-4953-b5f8-11fc3ae630c2@group-8AF491E1D12D-LeaderElection72] INFO  grpc.GrpcConfigKeys (ConfUtils.java:logGet(46)) - raft.grpc.server.leader.outstanding.appends.max = 8 (default)
2024-04-26 07:45:28,497 [66bce337-27b9-4953-b5f8-11fc3ae630c2@group-8AF491E1D12D-LeaderElection72] INFO  server.RaftServerConfigKeys (ConfUtils.java:logGet(46)) - raft.server.rpc.request.timeout = 3000ms (default)
2024-04-26 07:45:28,497 [66bce337-27b9-4953-b5f8-11fc3ae630c2@group-8AF491E1D12D-LeaderElection72] INFO  grpc.GrpcConfigKeys (ConfUtils.java:logGet(46)) - raft.grpc.server.install_snapshot.request.element-limit = 8 (default)
2024-04-26 07:45:28,497 [66bce337-27b9-4953-b5f8-11fc3ae630c2@group-8AF491E1D12D-LeaderElection72] INFO  grpc.GrpcConfigKeys (ConfUtils.java:logGet(46)) - raft.grpc.server.install_snapshot.request.timeout = 3000ms (default)
2024-04-26 07:45:28,497 [66bce337-27b9-4953-b5f8-11fc3ae630c2@group-8AF491E1D12D-LeaderElection72] INFO  grpc.GrpcConfigKeys (ConfUtils.java:logGet(46)) - raft.grpc.server.log-message.batch.duration = 5s (default)
2024-04-26 07:45:28,497 [66bce337-27b9-4953-b5f8-11fc3ae630c2@group-8AF491E1D12D-LeaderElection72] INFO  server.RaftServerConfigKeys (ConfUtils.java:logGet(46)) - raft.server.log.appender.install.snapshot.enabled = false (custom)
2024-04-26 07:45:28,497 [66bce337-27b9-4953-b5f8-11fc3ae630c2@group-8AF491E1D12D-LeaderElection72] INFO  grpc.GrpcConfigKeys (ConfUtils.java:logGet(46)) - raft.grpc.server.heartbeat.channel = true (default)
2024-04-26 07:45:28,497 [66bce337-27b9-4953-b5f8-11fc3ae630c2@group-8AF491E1D12D-LeaderElection72] INFO  impl.RoleInfo (RoleInfo.java:updateAndGet(139)) - 66bce337-27b9-4953-b5f8-11fc3ae630c2: start 66bce337-27b9-4953-b5f8-11fc3ae630c2@group-8AF491E1D12D-LeaderStateImpl
2024-04-26 07:45:28,497 [66bce337-27b9-4953-b5f8-11fc3ae630c2@group-8AF491E1D12D-LeaderElection72] INFO  server.RaftServer$Division (RaftServerImpl.java:setFirstElection(574)) - 66bce337-27b9-4953-b5f8-11fc3ae630c2@group-8AF491E1D12D: set firstElectionSinceStartup to false for becomeLeader
2024-04-26 07:45:28,497 [66bce337-27b9-4953-b5f8-11fc3ae630c2@group-8AF491E1D12D-LeaderElection72] INFO  ratis.XceiverServerRatis (XceiverServerRatis.java:handleLeaderChangedNotification(966)) - Leader change notification received for group: group-8AF491E1D12D with new leaderId: 66bce337-27b9-4953-b5f8-11fc3ae630c2
2024-04-26 07:45:28,497 [66bce337-27b9-4953-b5f8-11fc3ae630c2@group-8AF491E1D12D-LeaderElection72] INFO  server.RaftServer$Division (ServerState.java:setLeader(269)) - 66bce337-27b9-4953-b5f8-11fc3ae630c2@group-8AF491E1D12D: change Leader from null to 66bce337-27b9-4953-b5f8-11fc3ae630c2 at term 1 for becomeLeader, leader elected after 5248ms
2024-04-26 07:45:28,497 [66bce337-27b9-4953-b5f8-11fc3ae630c2@group-8AF491E1D12D-LeaderElection72] INFO  segmented.SegmentedRaftLogWorker (SegmentedRaftLogWorker.java:startLogSegment(430)) - 66bce337-27b9-4953-b5f8-11fc3ae630c2@group-8AF491E1D12D-SegmentedRaftLogWorker: Starting segment from index:0
2024-04-26 07:45:28,497 [66bce337-27b9-4953-b5f8-11fc3ae630c2@group-8AF491E1D12D-SegmentedRaftLogWorker] INFO  segmented.BufferedWriteChannel (BufferedWriteChannel.java:open(62)) - open log_inprogress_0 at position 0
2024-04-26 07:45:28,500 [EventQueue-PipelineReportForPipelineReportHandler] INFO  pipeline.PipelineReportHandler (PipelineReportHandler.java:processPipelineReport(136)) - Opened pipeline PipelineID=85b95419-6240-4eec-a6b9-8af491e1d12d
2024-04-26 07:45:28,500 [66bce337-27b9-4953-b5f8-11fc3ae630c2@group-8AF491E1D12D-LeaderElection72] INFO  server.RaftServer$Division (ServerState.java:setRaftConf(386)) - 66bce337-27b9-4953-b5f8-11fc3ae630c2@group-8AF491E1D12D: set configuration 0: peers:[3adbcf3a-f954-449d-af41-94271594c360|127.0.0.1:15406, 66bce337-27b9-4953-b5f8-11fc3ae630c2|127.0.0.1:15415, 007259ab-dd98-41c4-869b-5f1f47ad54d0|127.0.0.1:15397]|listeners:[], old=null
2024-04-26 07:45:28,501 [IPC Server handler 0 on default port 15356] INFO  ha.SequenceIdGenerator (SequenceIdGenerator.java:getNextId(145)) - Allocate a batch for containerId, change lastId from 0 to 1000.
2024-04-26 07:45:28,505 [66bce337-27b9-4953-b5f8-11fc3ae630c2@group-8AF491E1D12D-SegmentedRaftLogWorker] INFO  segmented.SegmentedRaftLogWorker (SegmentedRaftLogWorker.java:execute(634)) - 66bce337-27b9-4953-b5f8-11fc3ae630c2@group-8AF491E1D12D-SegmentedRaftLogWorker: created new log segment /home/runner/work/ozone/ozone/hadoop-ozone/integration-test/target/test-dir/MiniOzoneClusterImpl-f8a85056-d908-4111-b8ec-0d6f55fc62ea/ozone-meta/datanode-6/ratis/85b95419-6240-4eec-a6b9-8af491e1d12d/current/log_inprogress_0
2024-04-26 07:45:28,505 [3adbcf3a-f954-449d-af41-94271594c360-server-thread1] INFO  ratis.XceiverServerRatis (XceiverServerRatis.java:handleLeaderChangedNotification(966)) - Leader change notification received for group: group-8AF491E1D12D with new leaderId: 66bce337-27b9-4953-b5f8-11fc3ae630c2
2024-04-26 07:45:28,505 [3adbcf3a-f954-449d-af41-94271594c360-server-thread1] INFO  server.RaftServer$Division (ServerState.java:setLeader(269)) - 3adbcf3a-f954-449d-af41-94271594c360@group-8AF491E1D12D: change Leader from null to 66bce337-27b9-4953-b5f8-11fc3ae630c2 at term 1 for appendEntries, leader elected after 5273ms
2024-04-26 07:45:28,509 [3adbcf3a-f954-449d-af41-94271594c360-server-thread2] INFO  server.RaftServer$Division (ServerState.java:setRaftConf(386)) - 3adbcf3a-f954-449d-af41-94271594c360@group-8AF491E1D12D: set configuration 0: peers:[3adbcf3a-f954-449d-af41-94271594c360|127.0.0.1:15406, 66bce337-27b9-4953-b5f8-11fc3ae630c2|127.0.0.1:15415, 007259ab-dd98-41c4-869b-5f1f47ad54d0|127.0.0.1:15397]|listeners:[], old=null
2024-04-26 07:45:28,509 [3adbcf3a-f954-449d-af41-94271594c360-server-thread2] INFO  segmented.SegmentedRaftLogWorker (SegmentedRaftLogWorker.java:startLogSegment(430)) - 3adbcf3a-f954-449d-af41-94271594c360@group-8AF491E1D12D-SegmentedRaftLogWorker: Starting segment from index:0
2024-04-26 07:45:28,509 [3adbcf3a-f954-449d-af41-94271594c360@group-8AF491E1D12D-SegmentedRaftLogWorker] INFO  segmented.BufferedWriteChannel (BufferedWriteChannel.java:open(62)) - open log_inprogress_0 at position 0
2024-04-26 07:45:28,509 [007259ab-dd98-41c4-869b-5f1f47ad54d0-server-thread2] INFO  ratis.XceiverServerRatis (XceiverServerRatis.java:handleLeaderChangedNotification(966)) - Leader change notification received for group: group-8AF491E1D12D with new leaderId: 66bce337-27b9-4953-b5f8-11fc3ae630c2
2024-04-26 07:45:28,509 [007259ab-dd98-41c4-869b-5f1f47ad54d0-server-thread2] INFO  server.RaftServer$Division (ServerState.java:setLeader(269)) - 007259ab-dd98-41c4-869b-5f1f47ad54d0@group-8AF491E1D12D: change Leader from null to 66bce337-27b9-4953-b5f8-11fc3ae630c2 at term 1 for appendEntries, leader elected after 5293ms
2024-04-26 07:45:28,509 [007259ab-dd98-41c4-869b-5f1f47ad54d0-server-thread2] INFO  server.RaftServer$Division (ServerState.java:setRaftConf(386)) - 007259ab-dd98-41c4-869b-5f1f47ad54d0@group-8AF491E1D12D: set configuration 0: peers:[3adbcf3a-f954-449d-af41-94271594c360|127.0.0.1:15406, 66bce337-27b9-4953-b5f8-11fc3ae630c2|127.0.0.1:15415, 007259ab-dd98-41c4-869b-5f1f47ad54d0|127.0.0.1:15397]|listeners:[], old=null
2024-04-26 07:45:28,509 [007259ab-dd98-41c4-869b-5f1f47ad54d0-server-thread2] INFO  segmented.SegmentedRaftLogWorker (SegmentedRaftLogWorker.java:startLogSegment(430)) - 007259ab-dd98-41c4-869b-5f1f47ad54d0@group-8AF491E1D12D-SegmentedRaftLogWorker: Starting segment from index:0
2024-04-26 07:45:28,510 [007259ab-dd98-41c4-869b-5f1f47ad54d0@group-8AF491E1D12D-SegmentedRaftLogWorker] INFO  segmented.BufferedWriteChannel (BufferedWriteChannel.java:open(62)) - open log_inprogress_0 at position 0
2024-04-26 07:45:28,520 [3adbcf3a-f954-449d-af41-94271594c360@group-8AF491E1D12D-SegmentedRaftLogWorker] INFO  segmented.SegmentedRaftLogWorker (SegmentedRaftLogWorker.java:execute(634)) - 3adbcf3a-f954-449d-af41-94271594c360@group-8AF491E1D12D-SegmentedRaftLogWorker: created new log segment /home/runner/work/ozone/ozone/hadoop-ozone/integration-test/target/test-dir/MiniOzoneClusterImpl-f8a85056-d908-4111-b8ec-0d6f55fc62ea/ozone-meta/datanode-5/ratis/85b95419-6240-4eec-a6b9-8af491e1d12d/current/log_inprogress_0
2024-04-26 07:45:28,521 [007259ab-dd98-41c4-869b-5f1f47ad54d0@group-8AF491E1D12D-SegmentedRaftLogWorker] INFO  segmented.SegmentedRaftLogWorker (SegmentedRaftLogWorker.java:execute(634)) - 007259ab-dd98-41c4-869b-5f1f47ad54d0@group-8AF491E1D12D-SegmentedRaftLogWorker: created new log segment /home/runner/work/ozone/ozone/hadoop-ozone/integration-test/target/test-dir/MiniOzoneClusterImpl-f8a85056-d908-4111-b8ec-0d6f55fc62ea/ozone-meta/datanode-4/ratis/85b95419-6240-4eec-a6b9-8af491e1d12d/current/log_inprogress_0
2024-04-26 07:45:28,523 [66bce337-27b9-4953-b5f8-11fc3ae630c2@group-8AF491E1D12D-StateMachineUpdater] INFO  server.RaftServer$Division (LeaderStateImpl.java:isApplied(320)) - leader is ready since appliedIndex == 0 >= startIndex == 0
2024-04-26 07:45:28,531 [main] INFO  ozoneimpl.OzoneContainer (OzoneContainer.java:stop(481)) - Attempting to stop container services.
2024-04-26 07:45:28,531 [ContainerMetadataScanner] WARN  ozoneimpl.AbstractBackgroundContainerScanner (AbstractBackgroundContainerScanner.java:handleRemainingSleep(134)) - Background container scan was interrupted.
2024-04-26 07:45:28,531 [ContainerMetadataScanner] INFO  ozoneimpl.AbstractBackgroundContainerScanner (AbstractBackgroundContainerScanner.java:run(61)) - Thread[ContainerMetadataScanner,5,main] exiting.
2024-04-26 07:45:28,531 [main] INFO  ozoneimpl.BackgroundContainerDataScanner (BackgroundContainerDataScanner.java:shutdown(141)) - ContainerDataScanner(/home/runner/work/ozone/ozone/hadoop-ozone/integration-test/target/test-dir/MiniOzoneClusterImpl-f8a85056-d908-4111-b8ec-0d6f55fc62ea/ozone-meta/datanode-2/data-0/hdds) is shutting down. 
2024-04-26 07:45:28,531 [ContainerDataScanner(/home/runner/work/ozone/ozone/hadoop-ozone/integration-test/target/test-dir/MiniOzoneClusterImpl-f8a85056-d908-4111-b8ec-0d6f55fc62ea/ozone-meta/datanode-2/data-0/hdds)] WARN  ozoneimpl.AbstractBackgroundContainerScanner (AbstractBackgroundContainerScanner.java:handleRemainingSleep(134)) - Background container scan was interrupted.
2024-04-26 07:45:28,531 [ContainerDataScanner(/home/runner/work/ozone/ozone/hadoop-ozone/integration-test/target/test-dir/MiniOzoneClusterImpl-f8a85056-d908-4111-b8ec-0d6f55fc62ea/ozone-meta/datanode-2/data-0/hdds)] INFO  ozoneimpl.AbstractBackgroundContainerScanner (AbstractBackgroundContainerScanner.java:run(61)) - ContainerDataScanner(/home/runner/work/ozone/ozone/hadoop-ozone/integration-test/target/test-dir/MiniOzoneClusterImpl-f8a85056-d908-4111-b8ec-0d6f55fc62ea/ozone-meta/datanode-2/data-0/hdds, DS-25c28106-cc3f-4ca0-bb5e-4a2fa8dfde20) exiting.
2024-04-26 07:45:28,532 [main] INFO  ozoneimpl.OnDemandContainerDataScanner (OnDemandContainerDataScanner.java:shutdownScanner(206)) - On-demand container scanner is shutting down.
2024-04-26 07:45:28,532 [main] INFO  server.RaftServer (RaftServerProxy.java:lambda$close$9(416)) - 69327c76-d33b-4896-9f65-b4e7feed79ae: close
2024-04-26 07:45:28,532 [69327c76-d33b-4896-9f65-b4e7feed79ae-impl-thread1] INFO  server.RaftServer$Division (RaftServerImpl.java:lambda$close$3(526)) - 69327c76-d33b-4896-9f65-b4e7feed79ae@group-E8836541D941: shutdown
2024-04-26 07:45:28,532 [69327c76-d33b-4896-9f65-b4e7feed79ae-impl-thread1] INFO  util.JmxRegister (JmxRegister.java:unregister(73)) - Successfully un-registered JMX Bean with object name Ratis:service=RaftServer,group=group-E8836541D941,id=69327c76-d33b-4896-9f65-b4e7feed79ae
2024-04-26 07:45:28,532 [69327c76-d33b-4896-9f65-b4e7feed79ae-impl-thread1] INFO  impl.RoleInfo (RoleInfo.java:shutdownFollowerState(110)) - 69327c76-d33b-4896-9f65-b4e7feed79ae: shutdown 69327c76-d33b-4896-9f65-b4e7feed79ae@group-E8836541D941-FollowerState
2024-04-26 07:45:28,532 [69327c76-d33b-4896-9f65-b4e7feed79ae-impl-thread1] INFO  impl.StateMachineUpdater (StateMachineUpdater.java:stopAndJoin(157)) - 69327c76-d33b-4896-9f65-b4e7feed79ae@group-E8836541D941-StateMachineUpdater: set stopIndex = 1
2024-04-26 07:45:28,532 [69327c76-d33b-4896-9f65-b4e7feed79ae@group-E8836541D941-FollowerState] INFO  impl.FollowerState (FollowerState.java:run(152)) - 69327c76-d33b-4896-9f65-b4e7feed79ae@group-E8836541D941-FollowerState was interrupted
2024-04-26 07:45:28,532 [69327c76-d33b-4896-9f65-b4e7feed79ae@group-E8836541D941-StateMachineUpdater] INFO  ratis.ContainerStateMachine (ContainerStateMachine.java:takeSnapshot(355)) - group-E8836541D941: Taking a snapshot at:(t:1, i:1) file /home/runner/work/ozone/ozone/hadoop-ozone/integration-test/target/test-dir/MiniOzoneClusterImpl-f8a85056-d908-4111-b8ec-0d6f55fc62ea/ozone-meta/datanode-2/ratis/1970a824-ca16-4cb8-816d-e8836541d941/sm/snapshot.1_1
2024-04-26 07:45:28,533 [main] INFO  server.GrpcService (GrpcService.java:closeImpl(311)) - 69327c76-d33b-4896-9f65-b4e7feed79ae: shutdown server org.apache.ratis.grpc.server.GrpcClientProtocolService now
2024-04-26 07:45:28,533 [69327c76-d33b-4896-9f65-b4e7feed79ae-impl-thread2] INFO  server.RaftServer$Division (RaftServerImpl.java:lambda$close$3(526)) - 69327c76-d33b-4896-9f65-b4e7feed79ae@group-797088F29111: shutdown
2024-04-26 07:45:28,533 [69327c76-d33b-4896-9f65-b4e7feed79ae@group-E8836541D941-StateMachineUpdater] INFO  ratis.ContainerStateMachine (ContainerStateMachine.java:takeSnapshot(366)) - group-E8836541D941: Finished taking a snapshot at:(t:1, i:1) file:/home/runner/work/ozone/ozone/hadoop-ozone/integration-test/target/test-dir/MiniOzoneClusterImpl-f8a85056-d908-4111-b8ec-0d6f55fc62ea/ozone-meta/datanode-2/ratis/1970a824-ca16-4cb8-816d-e8836541d941/sm/snapshot.1_1 took: 2 ms
2024-04-26 07:45:28,533 [Thread-5752] INFO  server.GrpcServerProtocolClient (GrpcServerProtocolClient.java:close(103)) - cad2128f-a1ed-4156-bd3d-e0bb4df6aa32 Close channels
2024-04-26 07:45:28,534 [69327c76-d33b-4896-9f65-b4e7feed79ae@group-E8836541D941-StateMachineUpdater] INFO  impl.StateMachineUpdater (StateMachineUpdater.java:takeSnapshot(295)) - 69327c76-d33b-4896-9f65-b4e7feed79ae@group-E8836541D941-StateMachineUpdater: Took a snapshot at index 1
2024-04-26 07:45:28,534 [Thread-5754] INFO  server.GrpcServerProtocolClient (GrpcServerProtocolClient.java:close(103)) - f684478f-b568-4af5-8d70-73cde96e1eae Close channels
2024-04-26 07:45:28,534 [69327c76-d33b-4896-9f65-b4e7feed79ae-impl-thread2] INFO  util.JmxRegister (JmxRegister.java:unregister(73)) - Successfully un-registered JMX Bean with object name Ratis:service=RaftServer,group=group-797088F29111,id=69327c76-d33b-4896-9f65-b4e7feed79ae
2024-04-26 07:45:28,534 [69327c76-d33b-4896-9f65-b4e7feed79ae@group-E8836541D941-StateMachineUpdater] INFO  impl.StateMachineUpdater (StateMachineUpdater.java:lambda$new$0(98)) - 69327c76-d33b-4896-9f65-b4e7feed79ae@group-E8836541D941-StateMachineUpdater: snapshotIndex: updateIncreasingly -1 -> 1
2024-04-26 07:45:28,534 [main] INFO  server.GrpcService (GrpcService.java:closeImpl(320)) - 69327c76-d33b-4896-9f65-b4e7feed79ae: shutdown server org.apache.ratis.grpc.server.GrpcClientProtocolService successfully
2024-04-26 07:45:28,535 [main] INFO  server.GrpcService (GrpcService.java:closeImpl(311)) - 69327c76-d33b-4896-9f65-b4e7feed79ae: shutdown server GrpcServerProtocolService now
2024-04-26 07:45:28,535 [69327c76-d33b-4896-9f65-b4e7feed79ae-impl-thread1] INFO  server.RaftServer$Division (ServerState.java:close(427)) - 69327c76-d33b-4896-9f65-b4e7feed79ae@group-E8836541D941: applyIndex: 1
2024-04-26 07:45:28,535 [69327c76-d33b-4896-9f65-b4e7feed79ae@group-E8836541D941-cacheEviction-AwaitToRun] INFO  util.AwaitToRun (AwaitToRun.java:run(49)) - 69327c76-d33b-4896-9f65-b4e7feed79ae@group-E8836541D941-cacheEviction-AwaitToRun-AwaitForSignal is interrupted
2024-04-26 07:45:28,535 [grpc-default-executor-5] WARN  server.GrpcServerProtocolService (LogUtils.java:warn(121)) - 69327c76-d33b-4896-9f65-b4e7feed79ae: APPEND_ENTRIES onError, lastRequest: null: org.apache.ratis.thirdparty.io.grpc.StatusRuntimeException: CANCELLED: client cancelled
2024-04-26 07:45:28,535 [69327c76-d33b-4896-9f65-b4e7feed79ae-impl-thread2] INFO  impl.RoleInfo (RoleInfo.java:shutdownLeaderState(94)) - 69327c76-d33b-4896-9f65-b4e7feed79ae: shutdown 69327c76-d33b-4896-9f65-b4e7feed79ae@group-797088F29111-LeaderStateImpl
2024-04-26 07:45:28,536 [grpc-default-executor-5] WARN  server.GrpcLogAppender (LogUtils.java:warn(121)) - cad2128f-a1ed-4156-bd3d-e0bb4df6aa32@group-E8836541D941->69327c76-d33b-4896-9f65-b4e7feed79ae-AppendLogResponseHandler: Failed appendEntries: org.apache.ratis.thirdparty.io.grpc.StatusRuntimeException: CANCELLED: RST_STREAM closed stream. HTTP/2 error code: CANCEL
2024-04-26 07:45:28,536 [grpc-default-executor-5] WARN  server.GrpcLogAppender (GrpcLogAppender.java:lambda$resetClient$1(217)) - cad2128f-a1ed-4156-bd3d-e0bb4df6aa32@group-E8836541D941->69327c76-d33b-4896-9f65-b4e7feed79ae-GrpcLogAppender: Follower failed (request=null, errorCount=1); keep nextIndex (3) unchanged and retry.
2024-04-26 07:45:28,536 [grpc-default-executor-7] WARN  server.GrpcServerProtocolService (LogUtils.java:warn(121)) - 69327c76-d33b-4896-9f65-b4e7feed79ae: APPEND_ENTRIES onError, lastRequest: cad2128f-a1ed-4156-bd3d-e0bb4df6aa32->69327c76-d33b-4896-9f65-b4e7feed79ae#6-t1,previous=(t:1, i:1),leaderCommit=1,initializing? false,entries: size=1, first=(t:1, i:2), METADATAENTRY(c:1): org.apache.ratis.thirdparty.io.grpc.StatusRuntimeException: CANCELLED: client cancelled
2024-04-26 07:45:28,536 [69327c76-d33b-4896-9f65-b4e7feed79ae-impl-thread2] INFO  impl.PendingRequests (PendingRequests.java:sendNotLeaderResponses(289)) - 69327c76-d33b-4896-9f65-b4e7feed79ae@group-797088F29111-PendingRequests: sendNotLeaderResponses
2024-04-26 07:45:28,537 [69327c76-d33b-4896-9f65-b4e7feed79ae@group-797088F29111-StateMachineUpdater] INFO  ratis.ContainerStateMachine (ContainerStateMachine.java:takeSnapshot(355)) - group-797088F29111: Taking a snapshot at:(t:1, i:0) file /home/runner/work/ozone/ozone/hadoop-ozone/integration-test/target/test-dir/MiniOzoneClusterImpl-f8a85056-d908-4111-b8ec-0d6f55fc62ea/ozone-meta/datanode-2/ratis/a672c8d4-b10a-47b5-bd0d-797088f29111/sm/snapshot.1_0
2024-04-26 07:45:28,537 [69327c76-d33b-4896-9f65-b4e7feed79ae-impl-thread2] INFO  impl.StateMachineUpdater (StateMachineUpdater.java:stopAndJoin(157)) - 69327c76-d33b-4896-9f65-b4e7feed79ae@group-797088F29111-StateMachineUpdater: set stopIndex = 0
2024-04-26 07:45:28,537 [69327c76-d33b-4896-9f65-b4e7feed79ae@group-797088F29111-StateMachineUpdater] INFO  ratis.ContainerStateMachine (ContainerStateMachine.java:takeSnapshot(366)) - group-797088F29111: Finished taking a snapshot at:(t:1, i:0) file:/home/runner/work/ozone/ozone/hadoop-ozone/integration-test/target/test-dir/MiniOzoneClusterImpl-f8a85056-d908-4111-b8ec-0d6f55fc62ea/ozone-meta/datanode-2/ratis/a672c8d4-b10a-47b5-bd0d-797088f29111/sm/snapshot.1_0 took: 0 ms
2024-04-26 07:45:28,537 [69327c76-d33b-4896-9f65-b4e7feed79ae@group-797088F29111-StateMachineUpdater] INFO  impl.StateMachineUpdater (StateMachineUpdater.java:takeSnapshot(295)) - 69327c76-d33b-4896-9f65-b4e7feed79ae@group-797088F29111-StateMachineUpdater: Took a snapshot at index 0
2024-04-26 07:45:28,537 [69327c76-d33b-4896-9f65-b4e7feed79ae@group-797088F29111-StateMachineUpdater] INFO  impl.StateMachineUpdater (StateMachineUpdater.java:lambda$new$0(98)) - 69327c76-d33b-4896-9f65-b4e7feed79ae@group-797088F29111-StateMachineUpdater: snapshotIndex: updateIncreasingly -1 -> 0
2024-04-26 07:45:28,537 [69327c76-d33b-4896-9f65-b4e7feed79ae-impl-thread2] INFO  server.RaftServer$Division (ServerState.java:close(427)) - 69327c76-d33b-4896-9f65-b4e7feed79ae@group-797088F29111: applyIndex: 0
2024-04-26 07:45:28,537 [69327c76-d33b-4896-9f65-b4e7feed79ae@group-797088F29111-cacheEviction-AwaitToRun] INFO  util.AwaitToRun (AwaitToRun.java:run(49)) - 69327c76-d33b-4896-9f65-b4e7feed79ae@group-797088F29111-cacheEviction-AwaitToRun-AwaitForSignal is interrupted
2024-04-26 07:45:28,541 [main] INFO  server.GrpcService (GrpcService.java:closeImpl(320)) - 69327c76-d33b-4896-9f65-b4e7feed79ae: shutdown server GrpcServerProtocolService successfully
2024-04-26 07:45:28,541 [main] INFO  server.GrpcService (GrpcService.java:closeImpl(311)) - 69327c76-d33b-4896-9f65-b4e7feed79ae: shutdown server org.apache.ratis.grpc.server.GrpcAdminProtocolService now
2024-04-26 07:45:28,541 [main] INFO  server.GrpcService (GrpcService.java:closeImpl(320)) - 69327c76-d33b-4896-9f65-b4e7feed79ae: shutdown server org.apache.ratis.grpc.server.GrpcAdminProtocolService successfully
2024-04-26 07:45:28,545 [69327c76-d33b-4896-9f65-b4e7feed79ae-NettyServerStreamRpc-bossGroup--thread1] INFO  logging.LoggingHandler (AbstractInternalLogger.java:log(148)) - [id: 0xe8ccd4ae, L:/0.0.0.0:15380] CLOSE
2024-04-26 07:45:28,546 [69327c76-d33b-4896-9f65-b4e7feed79ae-NettyServerStreamRpc-bossGroup--thread1] INFO  logging.LoggingHandler (AbstractInternalLogger.java:log(148)) - [id: 0xe8ccd4ae, L:/0.0.0.0:15380] INACTIVE
2024-04-26 07:45:28,546 [69327c76-d33b-4896-9f65-b4e7feed79ae-NettyServerStreamRpc-bossGroup--thread1] INFO  logging.LoggingHandler (AbstractInternalLogger.java:log(148)) - [id: 0xe8ccd4ae, L:/0.0.0.0:15380] UNREGISTERED
2024-04-26 07:45:28,574 [80986ccd-c217-439b-b85b-0b259797a488@group-70705423EFD3-FollowerState] INFO  impl.FollowerState (FollowerState.java:run(143)) - 80986ccd-c217-439b-b85b-0b259797a488@group-70705423EFD3-FollowerState: change to CANDIDATE, lastRpcElapsedTime:5136554967ns, electionTimeout:5129ms
2024-04-26 07:45:28,574 [80986ccd-c217-439b-b85b-0b259797a488@group-70705423EFD3-FollowerState] INFO  impl.RoleInfo (RoleInfo.java:shutdownFollowerState(110)) - 80986ccd-c217-439b-b85b-0b259797a488: shutdown 80986ccd-c217-439b-b85b-0b259797a488@group-70705423EFD3-FollowerState
2024-04-26 07:45:28,574 [80986ccd-c217-439b-b85b-0b259797a488@group-70705423EFD3-FollowerState] INFO  server.RaftServer$Division (RaftServerImpl.java:setRole(383)) - 80986ccd-c217-439b-b85b-0b259797a488@group-70705423EFD3: changes role from  FOLLOWER to CANDIDATE at term 0 for changeToCandidate
2024-04-26 07:45:28,574 [80986ccd-c217-439b-b85b-0b259797a488@group-70705423EFD3-FollowerState] INFO  server.RaftServerConfigKeys (ConfUtils.java:logGet(46)) - raft.server.leaderelection.pre-vote = true (default)
2024-04-26 07:45:28,574 [80986ccd-c217-439b-b85b-0b259797a488@group-70705423EFD3-FollowerState] INFO  impl.RoleInfo (RoleInfo.java:updateAndGet(139)) - 80986ccd-c217-439b-b85b-0b259797a488: start 80986ccd-c217-439b-b85b-0b259797a488@group-70705423EFD3-LeaderElection73
2024-04-26 07:45:28,574 [80986ccd-c217-439b-b85b-0b259797a488@group-70705423EFD3-LeaderElection73] INFO  impl.LeaderElection (LeaderElection.java:askForVotes(321)) - 80986ccd-c217-439b-b85b-0b259797a488@group-70705423EFD3-LeaderElection73 PRE_VOTE round 0: submit vote requests at term 0 for -1: peers:[80986ccd-c217-439b-b85b-0b259797a488|127.0.0.1:15433]|listeners:[], old=null
2024-04-26 07:45:28,574 [80986ccd-c217-439b-b85b-0b259797a488@group-70705423EFD3-LeaderElection73] INFO  impl.LeaderElection (LeaderElection.java:askForVotes(323)) - 80986ccd-c217-439b-b85b-0b259797a488@group-70705423EFD3-LeaderElection73 PRE_VOTE round 0: result PASSED (term=0)
2024-04-26 07:45:28,575 [80986ccd-c217-439b-b85b-0b259797a488@group-70705423EFD3-LeaderElection73] INFO  impl.LeaderElection (LeaderElection.java:askForVotes(321)) - 80986ccd-c217-439b-b85b-0b259797a488@group-70705423EFD3-LeaderElection73 ELECTION round 0: submit vote requests at term 1 for -1: peers:[80986ccd-c217-439b-b85b-0b259797a488|127.0.0.1:15433]|listeners:[], old=null
2024-04-26 07:45:28,575 [80986ccd-c217-439b-b85b-0b259797a488@group-70705423EFD3-LeaderElection73] INFO  impl.LeaderElection (LeaderElection.java:askForVotes(323)) - 80986ccd-c217-439b-b85b-0b259797a488@group-70705423EFD3-LeaderElection73 ELECTION round 0: result PASSED (term=1)
2024-04-26 07:45:28,575 [80986ccd-c217-439b-b85b-0b259797a488@group-70705423EFD3-LeaderElection73] INFO  impl.RoleInfo (RoleInfo.java:shutdownLeaderElection(130)) - 80986ccd-c217-439b-b85b-0b259797a488: shutdown 80986ccd-c217-439b-b85b-0b259797a488@group-70705423EFD3-LeaderElection73
2024-04-26 07:45:28,575 [80986ccd-c217-439b-b85b-0b259797a488@group-70705423EFD3-LeaderElection73] INFO  server.RaftServer$Division (RaftServerImpl.java:setRole(383)) - 80986ccd-c217-439b-b85b-0b259797a488@group-70705423EFD3: changes role from CANDIDATE to LEADER at term 1 for changeToLeader
2024-04-26 07:45:28,575 [80986ccd-c217-439b-b85b-0b259797a488@group-70705423EFD3-LeaderElection73] INFO  server.RaftServerConfigKeys (ConfUtils.java:logGet(46)) - raft.server.staging.catchup.gap = 1000 (default)
2024-04-26 07:45:28,576 [80986ccd-c217-439b-b85b-0b259797a488@group-70705423EFD3-LeaderElection73] INFO  server.RaftServerConfigKeys (ConfUtils.java:logGet(46)) - raft.server.write.element-limit = 1024 (custom)
2024-04-26 07:45:28,576 [80986ccd-c217-439b-b85b-0b259797a488@group-70705423EFD3-LeaderElection73] INFO  server.RaftServerConfigKeys (ConfUtils.java:logGet(46)) - raft.server.write.byte-limit = 1024 M (=1073741824) (custom)
2024-04-26 07:45:28,576 [80986ccd-c217-439b-b85b-0b259797a488@group-70705423EFD3-LeaderElection73] INFO  server.RaftServerConfigKeys (ConfUtils.java:logGet(46)) - raft.server.watch.timeout = 3000ms (custom)
2024-04-26 07:45:28,576 [80986ccd-c217-439b-b85b-0b259797a488@group-70705423EFD3-LeaderElection73] INFO  server.RaftServerConfigKeys (ConfUtils.java:logGet(46)) - raft.server.watch.timeout.denomination = 1s (default)
2024-04-26 07:45:28,576 [80986ccd-c217-439b-b85b-0b259797a488@group-70705423EFD3-LeaderElection73] INFO  server.RaftServerConfigKeys (ConfUtils.java:logGet(46)) - raft.server.watch.element-limit = 65536 (default)
2024-04-26 07:45:28,576 [80986ccd-c217-439b-b85b-0b259797a488@group-70705423EFD3-LeaderElection73] INFO  server.RaftServerConfigKeys (ConfUtils.java:logGet(46)) - raft.server.read.leader.lease.enabled = false (default)
2024-04-26 07:45:28,576 [80986ccd-c217-439b-b85b-0b259797a488@group-70705423EFD3-LeaderElection73] INFO  server.RaftServerConfigKeys (ConfUtils.java:logGet(46)) - raft.server.read.leader.lease.timeout.ratio = 0.9 (default)
2024-04-26 07:45:28,576 [80986ccd-c217-439b-b85b-0b259797a488@group-70705423EFD3-LeaderElection73] INFO  server.RaftServerConfigKeys (ConfUtils.java:logGet(46)) - raft.server.rpc.timeout.min = 5s (custom)
2024-04-26 07:45:28,576 [80986ccd-c217-439b-b85b-0b259797a488@group-70705423EFD3-LeaderElection73] INFO  server.RaftServerConfigKeys (ConfUtils.java:logGet(46)) - raft.server.write.element-limit = 1024 (custom)
2024-04-26 07:45:28,576 [80986ccd-c217-439b-b85b-0b259797a488@group-70705423EFD3-LeaderElection73] INFO  server.RaftServerConfigKeys (ConfUtils.java:logGet(46)) - raft.server.write.follower.gap.ratio.max = -1.0 (default)
2024-04-26 07:45:28,576 [80986ccd-c217-439b-b85b-0b259797a488@group-70705423EFD3-LeaderElection73] INFO  impl.RoleInfo (RoleInfo.java:updateAndGet(139)) - 80986ccd-c217-439b-b85b-0b259797a488: start 80986ccd-c217-439b-b85b-0b259797a488@group-70705423EFD3-LeaderStateImpl
2024-04-26 07:45:28,576 [80986ccd-c217-439b-b85b-0b259797a488@group-70705423EFD3-LeaderElection73] INFO  server.RaftServer$Division (RaftServerImpl.java:setFirstElection(574)) - 80986ccd-c217-439b-b85b-0b259797a488@group-70705423EFD3: set firstElectionSinceStartup to false for becomeLeader
2024-04-26 07:45:28,576 [80986ccd-c217-439b-b85b-0b259797a488@group-70705423EFD3-LeaderElection73] INFO  ratis.XceiverServerRatis (XceiverServerRatis.java:handleLeaderChangedNotification(966)) - Leader change notification received for group: group-70705423EFD3 with new leaderId: 80986ccd-c217-439b-b85b-0b259797a488
2024-04-26 07:45:28,576 [80986ccd-c217-439b-b85b-0b259797a488@group-70705423EFD3-LeaderElection73] INFO  server.RaftServer$Division (ServerState.java:setLeader(269)) - 80986ccd-c217-439b-b85b-0b259797a488@group-70705423EFD3: change Leader from null to 80986ccd-c217-439b-b85b-0b259797a488 at term 1 for becomeLeader, leader elected after 5166ms
2024-04-26 07:45:28,577 [80986ccd-c217-439b-b85b-0b259797a488@group-70705423EFD3-LeaderElection73] INFO  segmented.SegmentedRaftLogWorker (SegmentedRaftLogWorker.java:startLogSegment(430)) - 80986ccd-c217-439b-b85b-0b259797a488@group-70705423EFD3-SegmentedRaftLogWorker: Starting segment from index:0
2024-04-26 07:45:28,577 [80986ccd-c217-439b-b85b-0b259797a488@group-70705423EFD3-LeaderElection73] INFO  server.RaftServer$Division (ServerState.java:setRaftConf(386)) - 80986ccd-c217-439b-b85b-0b259797a488@group-70705423EFD3: set configuration 0: peers:[80986ccd-c217-439b-b85b-0b259797a488|127.0.0.1:15433]|listeners:[], old=null
2024-04-26 07:45:28,577 [80986ccd-c217-439b-b85b-0b259797a488@group-70705423EFD3-SegmentedRaftLogWorker] INFO  segmented.BufferedWriteChannel (BufferedWriteChannel.java:open(62)) - open log_inprogress_0 at position 0
2024-04-26 07:45:28,585 [80986ccd-c217-439b-b85b-0b259797a488@group-70705423EFD3-SegmentedRaftLogWorker] INFO  segmented.SegmentedRaftLogWorker (SegmentedRaftLogWorker.java:execute(634)) - 80986ccd-c217-439b-b85b-0b259797a488@group-70705423EFD3-SegmentedRaftLogWorker: created new log segment /home/runner/work/ozone/ozone/hadoop-ozone/integration-test/target/test-dir/MiniOzoneClusterImpl-f8a85056-d908-4111-b8ec-0d6f55fc62ea/ozone-meta/datanode-8/ratis/a8217075-1133-4cf1-83f1-70705423efd3/current/log_inprogress_0
2024-04-26 07:45:28,586 [80986ccd-c217-439b-b85b-0b259797a488@group-70705423EFD3-StateMachineUpdater] INFO  server.RaftServer$Division (LeaderStateImpl.java:isApplied(320)) - leader is ready since appliedIndex == 0 >= startIndex == 0
2024-04-26 07:45:28,685 [ac5950e9-78e7-4600-acb8-d4807d98be63@group-266F61E7352E-FollowerState] INFO  impl.FollowerState (FollowerState.java:run(143)) - ac5950e9-78e7-4600-acb8-d4807d98be63@group-266F61E7352E-FollowerState: change to CANDIDATE, lastRpcElapsedTime:5192545580ns, electionTimeout:5192ms
2024-04-26 07:45:28,685 [ac5950e9-78e7-4600-acb8-d4807d98be63@group-266F61E7352E-FollowerState] INFO  impl.RoleInfo (RoleInfo.java:shutdownFollowerState(110)) - ac5950e9-78e7-4600-acb8-d4807d98be63: shutdown ac5950e9-78e7-4600-acb8-d4807d98be63@group-266F61E7352E-FollowerState
2024-04-26 07:45:28,685 [ac5950e9-78e7-4600-acb8-d4807d98be63@group-266F61E7352E-FollowerState] INFO  server.RaftServer$Division (RaftServerImpl.java:setRole(383)) - ac5950e9-78e7-4600-acb8-d4807d98be63@group-266F61E7352E: changes role from  FOLLOWER to CANDIDATE at term 0 for changeToCandidate
2024-04-26 07:45:28,685 [ac5950e9-78e7-4600-acb8-d4807d98be63@group-266F61E7352E-FollowerState] INFO  server.RaftServerConfigKeys (ConfUtils.java:logGet(46)) - raft.server.leaderelection.pre-vote = true (default)
2024-04-26 07:45:28,685 [ac5950e9-78e7-4600-acb8-d4807d98be63@group-266F61E7352E-FollowerState] INFO  impl.RoleInfo (RoleInfo.java:updateAndGet(139)) - ac5950e9-78e7-4600-acb8-d4807d98be63: start ac5950e9-78e7-4600-acb8-d4807d98be63@group-266F61E7352E-LeaderElection74
2024-04-26 07:45:28,685 [ac5950e9-78e7-4600-acb8-d4807d98be63@group-266F61E7352E-LeaderElection74] INFO  impl.LeaderElection (LeaderElection.java:askForVotes(321)) - ac5950e9-78e7-4600-acb8-d4807d98be63@group-266F61E7352E-LeaderElection74 PRE_VOTE round 0: submit vote requests at term 0 for -1: peers:[ac5950e9-78e7-4600-acb8-d4807d98be63|127.0.0.1:15442]|listeners:[], old=null
2024-04-26 07:45:28,685 [ac5950e9-78e7-4600-acb8-d4807d98be63@group-266F61E7352E-LeaderElection74] INFO  impl.LeaderElection (LeaderElection.java:askForVotes(323)) - ac5950e9-78e7-4600-acb8-d4807d98be63@group-266F61E7352E-LeaderElection74 PRE_VOTE round 0: result PASSED (term=0)
2024-04-26 07:45:28,686 [ac5950e9-78e7-4600-acb8-d4807d98be63@group-266F61E7352E-LeaderElection74] INFO  impl.LeaderElection (LeaderElection.java:askForVotes(321)) - ac5950e9-78e7-4600-acb8-d4807d98be63@group-266F61E7352E-LeaderElection74 ELECTION round 0: submit vote requests at term 1 for -1: peers:[ac5950e9-78e7-4600-acb8-d4807d98be63|127.0.0.1:15442]|listeners:[], old=null
2024-04-26 07:45:28,686 [ac5950e9-78e7-4600-acb8-d4807d98be63@group-266F61E7352E-LeaderElection74] INFO  impl.LeaderElection (LeaderElection.java:askForVotes(323)) - ac5950e9-78e7-4600-acb8-d4807d98be63@group-266F61E7352E-LeaderElection74 ELECTION round 0: result PASSED (term=1)
2024-04-26 07:45:28,686 [ac5950e9-78e7-4600-acb8-d4807d98be63@group-266F61E7352E-LeaderElection74] INFO  impl.RoleInfo (RoleInfo.java:shutdownLeaderElection(130)) - ac5950e9-78e7-4600-acb8-d4807d98be63: shutdown ac5950e9-78e7-4600-acb8-d4807d98be63@group-266F61E7352E-LeaderElection74
2024-04-26 07:45:28,686 [ac5950e9-78e7-4600-acb8-d4807d98be63@group-266F61E7352E-LeaderElection74] INFO  server.RaftServer$Division (RaftServerImpl.java:setRole(383)) - ac5950e9-78e7-4600-acb8-d4807d98be63@group-266F61E7352E: changes role from CANDIDATE to LEADER at term 1 for changeToLeader
2024-04-26 07:45:28,686 [ac5950e9-78e7-4600-acb8-d4807d98be63@group-266F61E7352E-LeaderElection74] INFO  server.RaftServerConfigKeys (ConfUtils.java:logGet(46)) - raft.server.staging.catchup.gap = 1000 (default)
2024-04-26 07:45:28,686 [ac5950e9-78e7-4600-acb8-d4807d98be63@group-266F61E7352E-LeaderElection74] INFO  server.RaftServerConfigKeys (ConfUtils.java:logGet(46)) - raft.server.write.element-limit = 1024 (custom)
2024-04-26 07:45:28,686 [ac5950e9-78e7-4600-acb8-d4807d98be63@group-266F61E7352E-LeaderElection74] INFO  server.RaftServerConfigKeys (ConfUtils.java:logGet(46)) - raft.server.write.byte-limit = 1024 M (=1073741824) (custom)
2024-04-26 07:45:28,687 [ac5950e9-78e7-4600-acb8-d4807d98be63@group-266F61E7352E-LeaderElection74] INFO  server.RaftServerConfigKeys (ConfUtils.java:logGet(46)) - raft.server.watch.timeout = 3000ms (custom)
2024-04-26 07:45:28,687 [ac5950e9-78e7-4600-acb8-d4807d98be63@group-266F61E7352E-LeaderElection74] INFO  server.RaftServerConfigKeys (ConfUtils.java:logGet(46)) - raft.server.watch.timeout.denomination = 1s (default)
2024-04-26 07:45:28,687 [ac5950e9-78e7-4600-acb8-d4807d98be63@group-266F61E7352E-LeaderElection74] INFO  server.RaftServerConfigKeys (ConfUtils.java:logGet(46)) - raft.server.watch.element-limit = 65536 (default)
2024-04-26 07:45:28,687 [ac5950e9-78e7-4600-acb8-d4807d98be63@group-266F61E7352E-LeaderElection74] INFO  server.RaftServerConfigKeys (ConfUtils.java:logGet(46)) - raft.server.read.leader.lease.enabled = false (default)
2024-04-26 07:45:28,687 [ac5950e9-78e7-4600-acb8-d4807d98be63@group-266F61E7352E-LeaderElection74] INFO  server.RaftServerConfigKeys (ConfUtils.java:logGet(46)) - raft.server.read.leader.lease.timeout.ratio = 0.9 (default)
2024-04-26 07:45:28,687 [ac5950e9-78e7-4600-acb8-d4807d98be63@group-266F61E7352E-LeaderElection74] INFO  server.RaftServerConfigKeys (ConfUtils.java:logGet(46)) - raft.server.rpc.timeout.min = 5s (custom)
2024-04-26 07:45:28,687 [ac5950e9-78e7-4600-acb8-d4807d98be63@group-266F61E7352E-LeaderElection74] INFO  server.RaftServerConfigKeys (ConfUtils.java:logGet(46)) - raft.server.write.element-limit = 1024 (custom)
2024-04-26 07:45:28,687 [ac5950e9-78e7-4600-acb8-d4807d98be63@group-266F61E7352E-LeaderElection74] INFO  server.RaftServerConfigKeys (ConfUtils.java:logGet(46)) - raft.server.write.follower.gap.ratio.max = -1.0 (default)
2024-04-26 07:45:28,687 [ac5950e9-78e7-4600-acb8-d4807d98be63@group-266F61E7352E-LeaderElection74] INFO  impl.RoleInfo (RoleInfo.java:updateAndGet(139)) - ac5950e9-78e7-4600-acb8-d4807d98be63: start ac5950e9-78e7-4600-acb8-d4807d98be63@group-266F61E7352E-LeaderStateImpl
2024-04-26 07:45:28,687 [ac5950e9-78e7-4600-acb8-d4807d98be63@group-266F61E7352E-LeaderElection74] INFO  server.RaftServer$Division (RaftServerImpl.java:setFirstElection(574)) - ac5950e9-78e7-4600-acb8-d4807d98be63@group-266F61E7352E: set firstElectionSinceStartup to false for becomeLeader
2024-04-26 07:45:28,687 [ac5950e9-78e7-4600-acb8-d4807d98be63@group-266F61E7352E-LeaderElection74] INFO  ratis.XceiverServerRatis (XceiverServerRatis.java:handleLeaderChangedNotification(966)) - Leader change notification received for group: group-266F61E7352E with new leaderId: ac5950e9-78e7-4600-acb8-d4807d98be63
2024-04-26 07:45:28,687 [ac5950e9-78e7-4600-acb8-d4807d98be63@group-266F61E7352E-LeaderElection74] INFO  server.RaftServer$Division (ServerState.java:setLeader(269)) - ac5950e9-78e7-4600-acb8-d4807d98be63@group-266F61E7352E: change Leader from null to ac5950e9-78e7-4600-acb8-d4807d98be63 at term 1 for becomeLeader, leader elected after 5213ms
2024-04-26 07:45:28,687 [ac5950e9-78e7-4600-acb8-d4807d98be63@group-266F61E7352E-LeaderElection74] INFO  segmented.SegmentedRaftLogWorker (SegmentedRaftLogWorker.java:startLogSegment(430)) - ac5950e9-78e7-4600-acb8-d4807d98be63@group-266F61E7352E-SegmentedRaftLogWorker: Starting segment from index:0
2024-04-26 07:45:28,687 [ac5950e9-78e7-4600-acb8-d4807d98be63@group-266F61E7352E-LeaderElection74] INFO  server.RaftServer$Division (ServerState.java:setRaftConf(386)) - ac5950e9-78e7-4600-acb8-d4807d98be63@group-266F61E7352E: set configuration 0: peers:[ac5950e9-78e7-4600-acb8-d4807d98be63|127.0.0.1:15442]|listeners:[], old=null
2024-04-26 07:45:28,689 [ac5950e9-78e7-4600-acb8-d4807d98be63@group-266F61E7352E-SegmentedRaftLogWorker] INFO  segmented.BufferedWriteChannel (BufferedWriteChannel.java:open(62)) - open log_inprogress_0 at position 0
2024-04-26 07:45:28,695 [ac5950e9-78e7-4600-acb8-d4807d98be63@group-266F61E7352E-SegmentedRaftLogWorker] INFO  segmented.SegmentedRaftLogWorker (SegmentedRaftLogWorker.java:execute(634)) - ac5950e9-78e7-4600-acb8-d4807d98be63@group-266F61E7352E-SegmentedRaftLogWorker: created new log segment /home/runner/work/ozone/ozone/hadoop-ozone/integration-test/target/test-dir/MiniOzoneClusterImpl-f8a85056-d908-4111-b8ec-0d6f55fc62ea/ozone-meta/datanode-9/ratis/0eeb85e4-39f8-46f2-9a5c-266f61e7352e/current/log_inprogress_0
2024-04-26 07:45:28,696 [ac5950e9-78e7-4600-acb8-d4807d98be63@group-266F61E7352E-StateMachineUpdater] INFO  server.RaftServer$Division (LeaderStateImpl.java:isApplied(320)) - leader is ready since appliedIndex == 0 >= startIndex == 0
2024-04-26 07:45:29,288 [69327c76-d33b-4896-9f65-b4e7feed79ae-impl-thread2] INFO  segmented.SegmentedRaftLogWorker (SegmentedRaftLogWorker.java:close(245)) - 69327c76-d33b-4896-9f65-b4e7feed79ae@group-797088F29111-SegmentedRaftLogWorker close()
2024-04-26 07:45:29,523 [69327c76-d33b-4896-9f65-b4e7feed79ae-impl-thread1] INFO  segmented.SegmentedRaftLogWorker (SegmentedRaftLogWorker.java:close(245)) - 69327c76-d33b-4896-9f65-b4e7feed79ae@group-E8836541D941-SegmentedRaftLogWorker close()
2024-04-26 07:45:29,523 [JvmPauseMonitor47] INFO  util.JvmPauseMonitor (JvmPauseMonitor.java:run(152)) - JvmPauseMonitor-69327c76-d33b-4896-9f65-b4e7feed79ae: Stopped
2024-04-26 07:45:31,526 [main] INFO  utils.DatanodeStoreCache (DatanodeStoreCache.java:shutdownCache(116)) - Skip clearing cache in mini cluster mode. Entries left: [/home/runner/work/ozone/ozone/hadoop-ozone/integration-test/target/test-dir/MiniOzoneClusterImpl-f8a85056-d908-4111-b8ec-0d6f55fc62ea/ozone-meta/datanode-1/data-0/hdds/f8a85056-d908-4111-b8ec-0d6f55fc62ea/DS-b20b88e9-e064-4f19-a99b-5884fe352358/container.db, /home/runner/work/ozone/ozone/hadoop-ozone/integration-test/target/test-dir/MiniOzoneClusterImpl-f8a85056-d908-4111-b8ec-0d6f55fc62ea/ozone-meta/datanode-2/data-0/hdds/f8a85056-d908-4111-b8ec-0d6f55fc62ea/DS-25c28106-cc3f-4ca0-bb5e-4a2fa8dfde20/container.db, /home/runner/work/ozone/ozone/hadoop-ozone/integration-test/target/test-dir/MiniOzoneClusterImpl-f8a85056-d908-4111-b8ec-0d6f55fc62ea/ozone-meta/datanode-3/data-0/hdds/f8a85056-d908-4111-b8ec-0d6f55fc62ea/DS-b240e260-4d7f-429f-9351-2c7cefcaac83/container.db, /home/runner/work/ozone/ozone/hadoop-ozone/integration-test/target/test-dir/MiniOzoneClusterImpl-f8a85056-d908-4111-b8ec-0d6f55fc62ea/ozone-meta/datanode-4/data-0/hdds/f8a85056-d908-4111-b8ec-0d6f55fc62ea/DS-2a67be2f-0356-419a-a9bb-6e2af2d0ce8e/container.db, /home/runner/work/ozone/ozone/hadoop-ozone/integration-test/target/test-dir/MiniOzoneClusterImpl-f8a85056-d908-4111-b8ec-0d6f55fc62ea/ozone-meta/datanode-5/data-0/hdds/f8a85056-d908-4111-b8ec-0d6f55fc62ea/DS-2742f0e9-a36b-4457-9c36-83cbc206f1cd/container.db, /home/runner/work/ozone/ozone/hadoop-ozone/integration-test/target/test-dir/MiniOzoneClusterImpl-f8a85056-d908-4111-b8ec-0d6f55fc62ea/ozone-meta/datanode-6/data-0/hdds/f8a85056-d908-4111-b8ec-0d6f55fc62ea/DS-771a7fcf-6bd4-4a05-b03a-07b10e325a5d/container.db, /home/runner/work/ozone/ozone/hadoop-ozone/integration-test/target/test-dir/MiniOzoneClusterImpl-f8a85056-d908-4111-b8ec-0d6f55fc62ea/ozone-meta/datanode-7/data-0/hdds/f8a85056-d908-4111-b8ec-0d6f55fc62ea/DS-fb01df69-0a33-4bba-b28b-1c8143c77ac8/container.db, /home/runner/work/ozone/ozone/hadoop-ozone/integration-test/target/test-dir/MiniOzoneClusterImpl-f8a85056-d908-4111-b8ec-0d6f55fc62ea/ozone-meta/datanode-8/data-0/hdds/f8a85056-d908-4111-b8ec-0d6f55fc62ea/DS-564951b7-19db-4f97-a36b-f1002b138242/container.db, /home/runner/work/ozone/ozone/hadoop-ozone/integration-test/target/test-dir/MiniOzoneClusterImpl-f8a85056-d908-4111-b8ec-0d6f55fc62ea/ozone-meta/datanode-9/data-0/hdds/f8a85056-d908-4111-b8ec-0d6f55fc62ea/DS-c4e9fcb4-c279-4420-8508-c74261f095c0/container.db]
2024-04-26 07:45:31,526 [main] INFO  utils.DatanodeStoreCache (DatanodeStoreCache.java:removeDB(110)) - Removed db /home/runner/work/ozone/ozone/hadoop-ozone/integration-test/target/test-dir/MiniOzoneClusterImpl-f8a85056-d908-4111-b8ec-0d6f55fc62ea/ozone-meta/datanode-2/data-0/hdds/f8a85056-d908-4111-b8ec-0d6f55fc62ea/DS-25c28106-cc3f-4ca0-bb5e-4a2fa8dfde20/container.db from cache
2024-04-26 07:45:31,527 [main] INFO  volume.HddsVolume (HddsVolume.java:closeDbStore(470)) - SchemaV3 db is stopped at /home/runner/work/ozone/ozone/hadoop-ozone/integration-test/target/test-dir/MiniOzoneClusterImpl-f8a85056-d908-4111-b8ec-0d6f55fc62ea/ozone-meta/datanode-2/data-0/hdds/f8a85056-d908-4111-b8ec-0d6f55fc62ea/DS-25c28106-cc3f-4ca0-bb5e-4a2fa8dfde20/container.db for volume DS-25c28106-cc3f-4ca0-bb5e-4a2fa8dfde20
2024-04-26 07:45:31,527 [main] INFO  utils.BackgroundService (BackgroundService.java:shutdown(160)) - Shutting down service BlockDeletingService
2024-04-26 07:45:31,527 [main] INFO  utils.BackgroundService (BackgroundService.java:shutdown(160)) - Shutting down service StaleRecoveringContainerScrubbingService
2024-04-26 07:45:31,527 [main] INFO  statemachine.DatanodeStateMachine (DatanodeStateMachine.java:stopDaemon(638)) - Ozone container server stopped.
2024-04-26 07:45:31,528 [main] INFO  handler.ContextHandler (ContextHandler.java:doStop(1159)) - Stopped o.e.j.w.WebAppContext@7edba571{hddsDatanode,/,null,STOPPED}{file:/home/runner/work/ozone/ozone/hadoop-hdds/container-service/target/classes/webapps/hddsDatanode}
2024-04-26 07:45:31,528 [main] INFO  server.AbstractConnector (AbstractConnector.java:doStop(383)) - Stopped ServerConnector@65f345ee{HTTP/1.1, (http/1.1)}{0.0.0.0:15374}
2024-04-26 07:45:31,529 [main] INFO  server.session (HouseKeeper.java:stopScavenging(149)) - node0 Stopped scavenging
2024-04-26 07:45:31,529 [main] INFO  handler.ContextHandler (ContextHandler.java:doStop(1159)) - Stopped o.e.j.s.ServletContextHandler@30c6c629{static,/static,file:///home/runner/work/ozone/ozone/hadoop-hdds/container-service/target/classes/webapps/static,STOPPED}
2024-04-26 07:45:31,529 [main] INFO  handler.ContextHandler (ContextHandler.java:doStop(1159)) - Stopped o.e.j.s.ServletContextHandler@62b67ba{logs,/logs,file:///home/runner/work/ozone/ozone/hadoop-ozone/integration-test/target/log,STOPPED}
2024-04-26 07:45:31,529 [main] INFO  ozone.HddsDatanodeClientProtocolServer (HddsDatanodeClientProtocolServer.java:stop(83)) - Stopping the RPC server for Client Protocol
2024-04-26 07:45:31,530 [main] INFO  ipc.Server (Server.java:stop(3523)) - Stopping server on 15375
2024-04-26 07:45:31,530 [IPC Server listener on 15375] INFO  ipc.Server (Server.java:run(1434)) - Stopping IPC Server listener on 15375
2024-04-26 07:45:31,530 [IPC Server Responder] INFO  ipc.Server (Server.java:run(1567)) - Stopping IPC Server Responder
2024-04-26 07:45:31,531 [main] INFO  ozoneimpl.OzoneContainer (OzoneContainer.java:stop(481)) - Attempting to stop container services.
2024-04-26 07:45:31,532 [ContainerMetadataScanner] WARN  ozoneimpl.AbstractBackgroundContainerScanner (AbstractBackgroundContainerScanner.java:handleRemainingSleep(134)) - Background container scan was interrupted.
2024-04-26 07:45:31,532 [ContainerMetadataScanner] INFO  ozoneimpl.AbstractBackgroundContainerScanner (AbstractBackgroundContainerScanner.java:run(61)) - Thread[ContainerMetadataScanner,5,main] exiting.
2024-04-26 07:45:31,532 [main] INFO  ozoneimpl.BackgroundContainerDataScanner (BackgroundContainerDataScanner.java:shutdown(141)) - ContainerDataScanner(/home/runner/work/ozone/ozone/hadoop-ozone/integration-test/target/test-dir/MiniOzoneClusterImpl-f8a85056-d908-4111-b8ec-0d6f55fc62ea/ozone-meta/datanode-1/data-0/hdds) is shutting down. 
2024-04-26 07:45:31,532 [ContainerDataScanner(/home/runner/work/ozone/ozone/hadoop-ozone/integration-test/target/test-dir/MiniOzoneClusterImpl-f8a85056-d908-4111-b8ec-0d6f55fc62ea/ozone-meta/datanode-1/data-0/hdds)] WARN  ozoneimpl.AbstractBackgroundContainerScanner (AbstractBackgroundContainerScanner.java:handleRemainingSleep(134)) - Background container scan was interrupted.
2024-04-26 07:45:31,532 [ContainerDataScanner(/home/runner/work/ozone/ozone/hadoop-ozone/integration-test/target/test-dir/MiniOzoneClusterImpl-f8a85056-d908-4111-b8ec-0d6f55fc62ea/ozone-meta/datanode-1/data-0/hdds)] INFO  ozoneimpl.AbstractBackgroundContainerScanner (AbstractBackgroundContainerScanner.java:run(61)) - ContainerDataScanner(/home/runner/work/ozone/ozone/hadoop-ozone/integration-test/target/test-dir/MiniOzoneClusterImpl-f8a85056-d908-4111-b8ec-0d6f55fc62ea/ozone-meta/datanode-1/data-0/hdds, DS-b20b88e9-e064-4f19-a99b-5884fe352358) exiting.
2024-04-26 07:45:31,532 [main] INFO  server.RaftServer (RaftServerProxy.java:lambda$close$9(416)) - f684478f-b568-4af5-8d70-73cde96e1eae: close
2024-04-26 07:45:31,532 [f684478f-b568-4af5-8d70-73cde96e1eae-impl-thread1] INFO  server.RaftServer$Division (RaftServerImpl.java:lambda$close$3(526)) - f684478f-b568-4af5-8d70-73cde96e1eae@group-C54612E089BE: shutdown
2024-04-26 07:45:31,533 [f684478f-b568-4af5-8d70-73cde96e1eae-impl-thread1] INFO  util.JmxRegister (JmxRegister.java:unregister(73)) - Successfully un-registered JMX Bean with object name Ratis:service=RaftServer,group=group-C54612E089BE,id=f684478f-b568-4af5-8d70-73cde96e1eae
2024-04-26 07:45:31,533 [main] INFO  server.GrpcService (GrpcService.java:closeImpl(311)) - f684478f-b568-4af5-8d70-73cde96e1eae: shutdown server org.apache.ratis.grpc.server.GrpcClientProtocolService now
2024-04-26 07:45:31,533 [f684478f-b568-4af5-8d70-73cde96e1eae-impl-thread2] INFO  server.RaftServer$Division (RaftServerImpl.java:lambda$close$3(526)) - f684478f-b568-4af5-8d70-73cde96e1eae@group-E8836541D941: shutdown
2024-04-26 07:45:31,533 [f684478f-b568-4af5-8d70-73cde96e1eae-impl-thread2] INFO  util.JmxRegister (JmxRegister.java:unregister(73)) - Successfully un-registered JMX Bean with object name Ratis:service=RaftServer,group=group-E8836541D941,id=f684478f-b568-4af5-8d70-73cde96e1eae
2024-04-26 07:45:31,533 [f684478f-b568-4af5-8d70-73cde96e1eae-impl-thread2] INFO  impl.RoleInfo (RoleInfo.java:shutdownFollowerState(110)) - f684478f-b568-4af5-8d70-73cde96e1eae: shutdown f684478f-b568-4af5-8d70-73cde96e1eae@group-E8836541D941-FollowerState
2024-04-26 07:45:31,533 [f684478f-b568-4af5-8d70-73cde96e1eae-impl-thread1] INFO  impl.RoleInfo (RoleInfo.java:shutdownLeaderState(94)) - f684478f-b568-4af5-8d70-73cde96e1eae: shutdown f684478f-b568-4af5-8d70-73cde96e1eae@group-C54612E089BE-LeaderStateImpl
2024-04-26 07:45:31,533 [f684478f-b568-4af5-8d70-73cde96e1eae@group-E8836541D941-StateMachineUpdater] INFO  ratis.ContainerStateMachine (ContainerStateMachine.java:takeSnapshot(355)) - group-E8836541D941: Taking a snapshot at:(t:1, i:2) file /home/runner/work/ozone/ozone/hadoop-ozone/integration-test/target/test-dir/MiniOzoneClusterImpl-f8a85056-d908-4111-b8ec-0d6f55fc62ea/ozone-meta/datanode-1/ratis/1970a824-ca16-4cb8-816d-e8836541d941/sm/snapshot.1_2
2024-04-26 07:45:31,533 [f684478f-b568-4af5-8d70-73cde96e1eae-impl-thread2] INFO  impl.StateMachineUpdater (StateMachineUpdater.java:stopAndJoin(157)) - f684478f-b568-4af5-8d70-73cde96e1eae@group-E8836541D941-StateMachineUpdater: set stopIndex = 2
2024-04-26 07:45:31,533 [f684478f-b568-4af5-8d70-73cde96e1eae@group-E8836541D941-FollowerState] INFO  impl.FollowerState (FollowerState.java:run(152)) - f684478f-b568-4af5-8d70-73cde96e1eae@group-E8836541D941-FollowerState was interrupted
2024-04-26 07:45:31,533 [main] INFO  server.GrpcService (GrpcService.java:closeImpl(320)) - f684478f-b568-4af5-8d70-73cde96e1eae: shutdown server org.apache.ratis.grpc.server.GrpcClientProtocolService successfully
2024-04-26 07:45:31,533 [main] INFO  server.GrpcService (GrpcService.java:closeImpl(311)) - f684478f-b568-4af5-8d70-73cde96e1eae: shutdown server GrpcServerProtocolService now
2024-04-26 07:45:31,533 [f684478f-b568-4af5-8d70-73cde96e1eae-impl-thread1] INFO  impl.PendingRequests (PendingRequests.java:sendNotLeaderResponses(289)) - f684478f-b568-4af5-8d70-73cde96e1eae@group-C54612E089BE-PendingRequests: sendNotLeaderResponses
2024-04-26 07:45:31,534 [f684478f-b568-4af5-8d70-73cde96e1eae@group-E8836541D941-StateMachineUpdater] INFO  ratis.ContainerStateMachine (ContainerStateMachine.java:takeSnapshot(366)) - group-E8836541D941: Finished taking a snapshot at:(t:1, i:2) file:/home/runner/work/ozone/ozone/hadoop-ozone/integration-test/target/test-dir/MiniOzoneClusterImpl-f8a85056-d908-4111-b8ec-0d6f55fc62ea/ozone-meta/datanode-1/ratis/1970a824-ca16-4cb8-816d-e8836541d941/sm/snapshot.1_2 took: 1 ms
2024-04-26 07:45:31,534 [f684478f-b568-4af5-8d70-73cde96e1eae-impl-thread1] INFO  impl.StateMachineUpdater (StateMachineUpdater.java:stopAndJoin(157)) - f684478f-b568-4af5-8d70-73cde96e1eae@group-C54612E089BE-StateMachineUpdater: set stopIndex = 0
2024-04-26 07:45:31,534 [f684478f-b568-4af5-8d70-73cde96e1eae@group-E8836541D941-StateMachineUpdater] INFO  impl.StateMachineUpdater (StateMachineUpdater.java:takeSnapshot(295)) - f684478f-b568-4af5-8d70-73cde96e1eae@group-E8836541D941-StateMachineUpdater: Took a snapshot at index 2
2024-04-26 07:45:31,534 [f684478f-b568-4af5-8d70-73cde96e1eae@group-E8836541D941-StateMachineUpdater] INFO  impl.StateMachineUpdater (StateMachineUpdater.java:lambda$new$0(98)) - f684478f-b568-4af5-8d70-73cde96e1eae@group-E8836541D941-StateMachineUpdater: snapshotIndex: updateIncreasingly -1 -> 2
2024-04-26 07:45:31,534 [grpc-default-executor-5] WARN  server.GrpcServerProtocolService (LogUtils.java:warn(121)) - f684478f-b568-4af5-8d70-73cde96e1eae: APPEND_ENTRIES onError, lastRequest: null: org.apache.ratis.thirdparty.io.grpc.StatusRuntimeException: CANCELLED: client cancelled
2024-04-26 07:45:31,534 [grpc-default-executor-7] WARN  server.GrpcLogAppender (LogUtils.java:warn(121)) - cad2128f-a1ed-4156-bd3d-e0bb4df6aa32@group-E8836541D941->f684478f-b568-4af5-8d70-73cde96e1eae-AppendLogResponseHandler: Failed appendEntries: org.apache.ratis.thirdparty.io.grpc.StatusRuntimeException: CANCELLED: RST_STREAM closed stream. HTTP/2 error code: CANCEL
2024-04-26 07:45:31,535 [grpc-default-executor-7] WARN  server.GrpcLogAppender (GrpcLogAppender.java:lambda$resetClient$1(217)) - cad2128f-a1ed-4156-bd3d-e0bb4df6aa32@group-E8836541D941->f684478f-b568-4af5-8d70-73cde96e1eae-GrpcLogAppender: Follower failed (request=null, errorCount=1); keep nextIndex (3) unchanged and retry.
2024-04-26 07:45:31,535 [f684478f-b568-4af5-8d70-73cde96e1eae-impl-thread2] INFO  server.RaftServer$Division (ServerState.java:close(427)) - f684478f-b568-4af5-8d70-73cde96e1eae@group-E8836541D941: applyIndex: 2
2024-04-26 07:45:31,534 [f684478f-b568-4af5-8d70-73cde96e1eae@group-C54612E089BE-StateMachineUpdater] INFO  ratis.ContainerStateMachine (ContainerStateMachine.java:takeSnapshot(355)) - group-C54612E089BE: Taking a snapshot at:(t:1, i:0) file /home/runner/work/ozone/ozone/hadoop-ozone/integration-test/target/test-dir/MiniOzoneClusterImpl-f8a85056-d908-4111-b8ec-0d6f55fc62ea/ozone-meta/datanode-1/ratis/15d9835e-c1b5-4dbb-aa01-c54612e089be/sm/snapshot.1_0
2024-04-26 07:45:31,535 [f684478f-b568-4af5-8d70-73cde96e1eae@group-E8836541D941-cacheEviction-AwaitToRun] INFO  util.AwaitToRun (AwaitToRun.java:run(49)) - f684478f-b568-4af5-8d70-73cde96e1eae@group-E8836541D941-cacheEviction-AwaitToRun-AwaitForSignal is interrupted
2024-04-26 07:45:31,535 [f684478f-b568-4af5-8d70-73cde96e1eae@group-C54612E089BE-StateMachineUpdater] INFO  ratis.ContainerStateMachine (ContainerStateMachine.java:takeSnapshot(366)) - group-C54612E089BE: Finished taking a snapshot at:(t:1, i:0) file:/home/runner/work/ozone/ozone/hadoop-ozone/integration-test/target/test-dir/MiniOzoneClusterImpl-f8a85056-d908-4111-b8ec-0d6f55fc62ea/ozone-meta/datanode-1/ratis/15d9835e-c1b5-4dbb-aa01-c54612e089be/sm/snapshot.1_0 took: 1 ms
2024-04-26 07:45:31,535 [f684478f-b568-4af5-8d70-73cde96e1eae@group-C54612E089BE-StateMachineUpdater] INFO  impl.StateMachineUpdater (StateMachineUpdater.java:takeSnapshot(295)) - f684478f-b568-4af5-8d70-73cde96e1eae@group-C54612E089BE-StateMachineUpdater: Took a snapshot at index 0
2024-04-26 07:45:31,535 [f684478f-b568-4af5-8d70-73cde96e1eae@group-C54612E089BE-StateMachineUpdater] INFO  impl.StateMachineUpdater (StateMachineUpdater.java:lambda$new$0(98)) - f684478f-b568-4af5-8d70-73cde96e1eae@group-C54612E089BE-StateMachineUpdater: snapshotIndex: updateIncreasingly -1 -> 0
2024-04-26 07:45:31,535 [f684478f-b568-4af5-8d70-73cde96e1eae-impl-thread1] INFO  server.RaftServer$Division (ServerState.java:close(427)) - f684478f-b568-4af5-8d70-73cde96e1eae@group-C54612E089BE: applyIndex: 0
2024-04-26 07:45:31,536 [f684478f-b568-4af5-8d70-73cde96e1eae@group-C54612E089BE-cacheEviction-AwaitToRun] INFO  util.AwaitToRun (AwaitToRun.java:run(49)) - f684478f-b568-4af5-8d70-73cde96e1eae@group-C54612E089BE-cacheEviction-AwaitToRun-AwaitForSignal is interrupted
2024-04-26 07:45:31,536 [grpc-default-executor-5] WARN  server.GrpcServerProtocolService (LogUtils.java:warn(121)) - f684478f-b568-4af5-8d70-73cde96e1eae: APPEND_ENTRIES onError, lastRequest: cad2128f-a1ed-4156-bd3d-e0bb4df6aa32->f684478f-b568-4af5-8d70-73cde96e1eae#4-t1,previous=(t:1, i:1),leaderCommit=1,initializing? false,entries: size=1, first=(t:1, i:2), METADATAENTRY(c:1): org.apache.ratis.thirdparty.io.grpc.StatusRuntimeException: CANCELLED: client cancelled
2024-04-26 07:45:31,536 [main] INFO  server.GrpcService (GrpcService.java:closeImpl(320)) - f684478f-b568-4af5-8d70-73cde96e1eae: shutdown server GrpcServerProtocolService successfully
2024-04-26 07:45:31,536 [main] INFO  server.GrpcService (GrpcService.java:closeImpl(311)) - f684478f-b568-4af5-8d70-73cde96e1eae: shutdown server org.apache.ratis.grpc.server.GrpcAdminProtocolService now
2024-04-26 07:45:31,537 [main] INFO  server.GrpcService (GrpcService.java:closeImpl(320)) - f684478f-b568-4af5-8d70-73cde96e1eae: shutdown server org.apache.ratis.grpc.server.GrpcAdminProtocolService successfully
2024-04-26 07:45:31,539 [f684478f-b568-4af5-8d70-73cde96e1eae-NettyServerStreamRpc-bossGroup--thread1] INFO  logging.LoggingHandler (AbstractInternalLogger.java:log(148)) - [id: 0x870178ef, L:/0.0.0.0:15371] CLOSE
2024-04-26 07:45:31,539 [f684478f-b568-4af5-8d70-73cde96e1eae-NettyServerStreamRpc-bossGroup--thread1] INFO  logging.LoggingHandler (AbstractInternalLogger.java:log(148)) - [id: 0x870178ef, L:/0.0.0.0:15371] INACTIVE
2024-04-26 07:45:31,539 [f684478f-b568-4af5-8d70-73cde96e1eae-NettyServerStreamRpc-bossGroup--thread1] INFO  logging.LoggingHandler (AbstractInternalLogger.java:log(148)) - [id: 0x870178ef, L:/0.0.0.0:15371] UNREGISTERED
2024-04-26 07:45:32,090 [f684478f-b568-4af5-8d70-73cde96e1eae-impl-thread1] INFO  segmented.SegmentedRaftLogWorker (SegmentedRaftLogWorker.java:close(245)) - f684478f-b568-4af5-8d70-73cde96e1eae@group-C54612E089BE-SegmentedRaftLogWorker close()
2024-04-26 07:45:32,522 [f684478f-b568-4af5-8d70-73cde96e1eae-impl-thread2] INFO  segmented.SegmentedRaftLogWorker (SegmentedRaftLogWorker.java:close(245)) - f684478f-b568-4af5-8d70-73cde96e1eae@group-E8836541D941-SegmentedRaftLogWorker close()
2024-04-26 07:45:32,523 [JvmPauseMonitor46] INFO  util.JvmPauseMonitor (JvmPauseMonitor.java:run(152)) - JvmPauseMonitor-f684478f-b568-4af5-8d70-73cde96e1eae: Stopped
2024-04-26 07:45:33,536 [timer4] WARN  server.GrpcLogAppender (GrpcLogAppender.java:lambda$resetClient$1(217)) - cad2128f-a1ed-4156-bd3d-e0bb4df6aa32@group-E8836541D941->69327c76-d33b-4896-9f65-b4e7feed79ae-GrpcLogAppender: Follower failed (request=null, errorCount=8); keep nextIndex (3) unchanged and retry. (Repeated 8 times in the last 5.000s)
2024-04-26 07:45:33,536 [timer3] WARN  server.GrpcLogAppender (LogUtils.java:warn(121)) - cad2128f-a1ed-4156-bd3d-e0bb4df6aa32@group-E8836541D941->69327c76-d33b-4896-9f65-b4e7feed79ae-AppendLogResponseHandler: Failed appendEntries (Repeated 8 times in the last 5.001s): org.apache.ratis.thirdparty.io.grpc.StatusRuntimeException: UNAVAILABLE: io exception
2024-04-26 07:45:34,525 [main] INFO  utils.DatanodeStoreCache (DatanodeStoreCache.java:shutdownCache(116)) - Skip clearing cache in mini cluster mode. Entries left: [/home/runner/work/ozone/ozone/hadoop-ozone/integration-test/target/test-dir/MiniOzoneClusterImpl-f8a85056-d908-4111-b8ec-0d6f55fc62ea/ozone-meta/datanode-1/data-0/hdds/f8a85056-d908-4111-b8ec-0d6f55fc62ea/DS-b20b88e9-e064-4f19-a99b-5884fe352358/container.db, /home/runner/work/ozone/ozone/hadoop-ozone/integration-test/target/test-dir/MiniOzoneClusterImpl-f8a85056-d908-4111-b8ec-0d6f55fc62ea/ozone-meta/datanode-3/data-0/hdds/f8a85056-d908-4111-b8ec-0d6f55fc62ea/DS-b240e260-4d7f-429f-9351-2c7cefcaac83/container.db, /home/runner/work/ozone/ozone/hadoop-ozone/integration-test/target/test-dir/MiniOzoneClusterImpl-f8a85056-d908-4111-b8ec-0d6f55fc62ea/ozone-meta/datanode-4/data-0/hdds/f8a85056-d908-4111-b8ec-0d6f55fc62ea/DS-2a67be2f-0356-419a-a9bb-6e2af2d0ce8e/container.db, /home/runner/work/ozone/ozone/hadoop-ozone/integration-test/target/test-dir/MiniOzoneClusterImpl-f8a85056-d908-4111-b8ec-0d6f55fc62ea/ozone-meta/datanode-5/data-0/hdds/f8a85056-d908-4111-b8ec-0d6f55fc62ea/DS-2742f0e9-a36b-4457-9c36-83cbc206f1cd/container.db, /home/runner/work/ozone/ozone/hadoop-ozone/integration-test/target/test-dir/MiniOzoneClusterImpl-f8a85056-d908-4111-b8ec-0d6f55fc62ea/ozone-meta/datanode-6/data-0/hdds/f8a85056-d908-4111-b8ec-0d6f55fc62ea/DS-771a7fcf-6bd4-4a05-b03a-07b10e325a5d/container.db, /home/runner/work/ozone/ozone/hadoop-ozone/integration-test/target/test-dir/MiniOzoneClusterImpl-f8a85056-d908-4111-b8ec-0d6f55fc62ea/ozone-meta/datanode-7/data-0/hdds/f8a85056-d908-4111-b8ec-0d6f55fc62ea/DS-fb01df69-0a33-4bba-b28b-1c8143c77ac8/container.db, /home/runner/work/ozone/ozone/hadoop-ozone/integration-test/target/test-dir/MiniOzoneClusterImpl-f8a85056-d908-4111-b8ec-0d6f55fc62ea/ozone-meta/datanode-8/data-0/hdds/f8a85056-d908-4111-b8ec-0d6f55fc62ea/DS-564951b7-19db-4f97-a36b-f1002b138242/container.db, /home/runner/work/ozone/ozone/hadoop-ozone/integration-test/target/test-dir/MiniOzoneClusterImpl-f8a85056-d908-4111-b8ec-0d6f55fc62ea/ozone-meta/datanode-9/data-0/hdds/f8a85056-d908-4111-b8ec-0d6f55fc62ea/DS-c4e9fcb4-c279-4420-8508-c74261f095c0/container.db]
2024-04-26 07:45:34,526 [main] INFO  utils.DatanodeStoreCache (DatanodeStoreCache.java:removeDB(110)) - Removed db /home/runner/work/ozone/ozone/hadoop-ozone/integration-test/target/test-dir/MiniOzoneClusterImpl-f8a85056-d908-4111-b8ec-0d6f55fc62ea/ozone-meta/datanode-1/data-0/hdds/f8a85056-d908-4111-b8ec-0d6f55fc62ea/DS-b20b88e9-e064-4f19-a99b-5884fe352358/container.db from cache
2024-04-26 07:45:34,526 [main] INFO  volume.HddsVolume (HddsVolume.java:closeDbStore(470)) - SchemaV3 db is stopped at /home/runner/work/ozone/ozone/hadoop-ozone/integration-test/target/test-dir/MiniOzoneClusterImpl-f8a85056-d908-4111-b8ec-0d6f55fc62ea/ozone-meta/datanode-1/data-0/hdds/f8a85056-d908-4111-b8ec-0d6f55fc62ea/DS-b20b88e9-e064-4f19-a99b-5884fe352358/container.db for volume DS-b20b88e9-e064-4f19-a99b-5884fe352358
2024-04-26 07:45:34,527 [main] INFO  utils.BackgroundService (BackgroundService.java:shutdown(160)) - Shutting down service BlockDeletingService
2024-04-26 07:45:34,527 [main] INFO  utils.BackgroundService (BackgroundService.java:shutdown(160)) - Shutting down service StaleRecoveringContainerScrubbingService
2024-04-26 07:45:34,527 [main] INFO  statemachine.DatanodeStateMachine (DatanodeStateMachine.java:stopDaemon(638)) - Ozone container server stopped.
2024-04-26 07:45:34,528 [main] INFO  handler.ContextHandler (ContextHandler.java:doStop(1159)) - Stopped o.e.j.w.WebAppContext@668d9b0{hddsDatanode,/,null,STOPPED}{file:/home/runner/work/ozone/ozone/hadoop-hdds/container-service/target/classes/webapps/hddsDatanode}
2024-04-26 07:45:34,528 [main] INFO  server.AbstractConnector (AbstractConnector.java:doStop(383)) - Stopped ServerConnector@5c38ab84{HTTP/1.1, (http/1.1)}{0.0.0.0:15365}
2024-04-26 07:45:34,528 [main] INFO  server.session (HouseKeeper.java:stopScavenging(149)) - node0 Stopped scavenging
2024-04-26 07:45:34,528 [main] INFO  handler.ContextHandler (ContextHandler.java:doStop(1159)) - Stopped o.e.j.s.ServletContextHandler@45153059{static,/static,file:///home/runner/work/ozone/ozone/hadoop-hdds/container-service/target/classes/webapps/static,STOPPED}
2024-04-26 07:45:34,529 [main] INFO  handler.ContextHandler (ContextHandler.java:doStop(1159)) - Stopped o.e.j.s.ServletContextHandler@4f3db580{logs,/logs,file:///home/runner/work/ozone/ozone/hadoop-ozone/integration-test/target/log,STOPPED}
2024-04-26 07:45:34,530 [main] INFO  ozone.HddsDatanodeClientProtocolServer (HddsDatanodeClientProtocolServer.java:stop(83)) - Stopping the RPC server for Client Protocol
2024-04-26 07:45:34,530 [main] INFO  ipc.Server (Server.java:stop(3523)) - Stopping server on 15366
2024-04-26 07:45:34,530 [IPC Server Responder] INFO  ipc.Server (Server.java:run(1567)) - Stopping IPC Server Responder
2024-04-26 07:45:34,530 [IPC Server listener on 15366] INFO  ipc.Server (Server.java:run(1434)) - Stopping IPC Server listener on 15366
2024-04-26 07:45:34,531 [main] INFO  pipeline.PipelineManagerImpl (PipelineManagerImpl.java:closeContainersForPipeline(484)) - Container #1 closed for pipeline=PipelineID=1970a824-ca16-4cb8-816d-e8836541d941
2024-04-26 07:45:34,532 [EventQueue-CloseContainerForCloseContainerEventHandler] INFO  container.CloseContainerEventHandler (CloseContainerEventHandler.java:onMessage(88)) - Close container Event triggered for container : #1, current state: CLOSING
2024-04-26 07:45:34,532 [main] INFO  pipeline.PipelineManagerImpl (PipelineManagerImpl.java:closePipeline(518)) - Pipeline PipelineID=1970a824-ca16-4cb8-816d-e8836541d941 moved to CLOSED state
2024-04-26 07:45:34,780 [grpc-default-executor-2] WARN  server.GrpcLogAppender (LogUtils.java:warn(121)) - cad2128f-a1ed-4156-bd3d-e0bb4df6aa32@group-E8836541D941->69327c76-d33b-4896-9f65-b4e7feed79ae-AppendLogResponseHandler: Failed appendEntries: org.apache.ratis.thirdparty.io.grpc.StatusRuntimeException: UNAVAILABLE: io exception
2024-04-26 07:45:34,781 [grpc-default-executor-3] WARN  server.GrpcLogAppender (GrpcLogAppender.java:lambda$resetClient$1(217)) - cad2128f-a1ed-4156-bd3d-e0bb4df6aa32@group-E8836541D941->69327c76-d33b-4896-9f65-b4e7feed79ae-GrpcLogAppender: Follower failed (request=null, errorCount=9); keep nextIndex (3) unchanged and retry.
2024-04-26 07:45:36,535 [timer2] WARN  server.GrpcLogAppender (LogUtils.java:warn(121)) - cad2128f-a1ed-4156-bd3d-e0bb4df6aa32@group-E8836541D941->f684478f-b568-4af5-8d70-73cde96e1eae-AppendLogResponseHandler: Failed appendEntries (Repeated 8 times in the last 5.000s): org.apache.ratis.thirdparty.io.grpc.StatusRuntimeException: UNAVAILABLE: io exception
2024-04-26 07:45:36,536 [timer3] WARN  server.GrpcLogAppender (GrpcLogAppender.java:lambda$resetClient$1(217)) - cad2128f-a1ed-4156-bd3d-e0bb4df6aa32@group-E8836541D941->f684478f-b568-4af5-8d70-73cde96e1eae-GrpcLogAppender: Follower failed (request=null, errorCount=8); keep nextIndex (3) unchanged and retry. (Repeated 8 times in the last 5.001s)
2024-04-26 07:45:37,282 [grpc-default-executor-3] WARN  server.GrpcLogAppender (LogUtils.java:warn(121)) - cad2128f-a1ed-4156-bd3d-e0bb4df6aa32@group-E8836541D941->f684478f-b568-4af5-8d70-73cde96e1eae-AppendLogResponseHandler: Failed appendEntries: org.apache.ratis.thirdparty.io.grpc.StatusRuntimeException: UNAVAILABLE: io exception
2024-04-26 07:45:37,282 [grpc-default-executor-2] WARN  server.GrpcLogAppender (GrpcLogAppender.java:lambda$resetClient$1(217)) - cad2128f-a1ed-4156-bd3d-e0bb4df6aa32@group-E8836541D941->f684478f-b568-4af5-8d70-73cde96e1eae-GrpcLogAppender: Follower failed (request=null, errorCount=9); keep nextIndex (3) unchanged and retry.
2024-04-26 07:45:38,072 [null-request--thread1] INFO  server.GrpcClientProtocolService (GrpcClientProtocolService.java:lambda$processClientRequest$0(284)) - Failed RaftClientRequest:client-F1E7B1ED0AFD->cad2128f-a1ed-4156-bd3d-e0bb4df6aa32@group-E8836541D941, cid=78, seq=null, Watch-ALL_COMMITTED(73), Message:<EMPTY>, reply=RaftClientReply:client-F1E7B1ED0AFD->cad2128f-a1ed-4156-bd3d-e0bb4df6aa32@group-E8836541D941, cid=78, FAILED org.apache.ratis.protocol.exceptions.NotReplicatedException: Request with call Id 78 and log index 73 is not yet replicated to ALL_COMMITTED, logIndex=73, commits[cad2128f-a1ed-4156-bd3d-e0bb4df6aa32:c2, 69327c76-d33b-4896-9f65-b4e7feed79ae:c1, f684478f-b568-4af5-8d70-73cde96e1eae:c2]
2024-04-26 07:45:38,073 [main] WARN  scm.XceiverClientRatis (XceiverClientRatis.java:watchForCommit(284)) - 3 way commit failed on pipeline Pipeline[ Id: 1970a824-ca16-4cb8-816d-e8836541d941, Nodes: 69327c76-d33b-4896-9f65-b4e7feed79ae(localhost/127.0.0.1)f684478f-b568-4af5-8d70-73cde96e1eae(localhost/127.0.0.1)cad2128f-a1ed-4156-bd3d-e0bb4df6aa32(localhost/127.0.0.1), ReplicationConfig: RATIS/THREE, State:OPEN, leaderId:cad2128f-a1ed-4156-bd3d-e0bb4df6aa32, CreationTimestamp2024-04-26T07:45:20.154Z[Etc/UTC]]
java.util.concurrent.ExecutionException: org.apache.ratis.protocol.exceptions.NotReplicatedException: Request with call Id 78 and log index 73 is not yet replicated to ALL_COMMITTED
	at java.base/java.util.concurrent.CompletableFuture.reportGet(CompletableFuture.java:396)
	at java.base/java.util.concurrent.CompletableFuture.get(CompletableFuture.java:2073)
	at org.apache.hadoop.hdds.scm.XceiverClientRatis.watchForCommit(XceiverClientRatis.java:279)
	at org.apache.hadoop.ozone.client.rpc.TestWatchForCommit.lambda$testWatchForCommitForRetryfailure$0(TestWatchForCommit.java:286)
	at org.junit.jupiter.api.AssertThrows.assertThrows(AssertThrows.java:53)
	at org.junit.jupiter.api.AssertThrows.assertThrows(AssertThrows.java:35)
	at org.junit.jupiter.api.Assertions.assertThrows(Assertions.java:3115)
	at org.apache.hadoop.ozone.client.rpc.TestWatchForCommit.testWatchForCommitForRetryfailure(TestWatchForCommit.java:285)
	at java.base/jdk.internal.reflect.NativeMethodAccessorImpl.invoke0(Native Method)
	at java.base/jdk.internal.reflect.NativeMethodAccessorImpl.invoke(NativeMethodAccessorImpl.java:77)
	at java.base/jdk.internal.reflect.DelegatingMethodAccessorImpl.invoke(DelegatingMethodAccessorImpl.java:43)
	at java.base/java.lang.reflect.Method.invoke(Method.java:568)
	at org.junit.platform.commons.util.ReflectionUtils.invokeMethod(ReflectionUtils.java:728)
	at org.junit.jupiter.engine.execution.MethodInvocation.proceed(MethodInvocation.java:60)
	at org.junit.jupiter.engine.execution.InvocationInterceptorChain$ValidatingInvocation.proceed(InvocationInterceptorChain.java:131)
	at org.junit.jupiter.engine.extension.TimeoutExtension.intercept(TimeoutExtension.java:156)
	at org.junit.jupiter.engine.extension.TimeoutExtension.interceptTestableMethod(TimeoutExtension.java:147)
	at org.junit.jupiter.engine.extension.TimeoutExtension.interceptTestMethod(TimeoutExtension.java:86)
	at org.junit.jupiter.engine.execution.InterceptingExecutableInvoker$ReflectiveInterceptorCall.lambda$ofVoidMethod$0(InterceptingExecutableInvoker.java:103)
	at org.junit.jupiter.engine.execution.InterceptingExecutableInvoker.lambda$invoke$0(InterceptingExecutableInvoker.java:93)
	at org.junit.jupiter.engine.execution.InvocationInterceptorChain$InterceptedInvocation.proceed(InvocationInterceptorChain.java:106)
	at org.junit.jupiter.engine.execution.InvocationInterceptorChain.proceed(InvocationInterceptorChain.java:64)
	at org.junit.jupiter.engine.execution.InvocationInterceptorChain.chainAndInvoke(InvocationInterceptorChain.java:45)
	at org.junit.jupiter.engine.execution.InvocationInterceptorChain.invoke(InvocationInterceptorChain.java:37)
	at org.junit.jupiter.engine.execution.InterceptingExecutableInvoker.invoke(InterceptingExecutableInvoker.java:92)
	at org.junit.jupiter.engine.execution.InterceptingExecutableInvoker.invoke(InterceptingExecutableInvoker.java:86)
	at org.junit.jupiter.engine.descriptor.TestMethodTestDescriptor.lambda$invokeTestMethod$7(TestMethodTestDescriptor.java:218)
	at org.junit.platform.engine.support.hierarchical.ThrowableCollector.execute(ThrowableCollector.java:73)
	at org.junit.jupiter.engine.descriptor.TestMethodTestDescriptor.invokeTestMethod(TestMethodTestDescriptor.java:214)
	at org.junit.jupiter.engine.descriptor.TestMethodTestDescriptor.execute(TestMethodTestDescriptor.java:139)
	at org.junit.jupiter.engine.descriptor.TestMethodTestDescriptor.execute(TestMethodTestDescriptor.java:69)
	at org.junit.platform.engine.support.hierarchical.NodeTestTask.lambda$executeRecursively$6(NodeTestTask.java:151)
	at org.junit.platform.engine.support.hierarchical.ThrowableCollector.execute(ThrowableCollector.java:73)
	at org.junit.platform.engine.support.hierarchical.NodeTestTask.lambda$executeRecursively$8(NodeTestTask.java:141)
	at org.junit.platform.engine.support.hierarchical.Node.around(Node.java:137)
	at org.junit.platform.engine.support.hierarchical.NodeTestTask.lambda$executeRecursively$9(NodeTestTask.java:139)
	at org.junit.platform.engine.support.hierarchical.ThrowableCollector.execute(ThrowableCollector.java:73)
	at org.junit.platform.engine.support.hierarchical.NodeTestTask.executeRecursively(NodeTestTask.java:138)
	at org.junit.platform.engine.support.hierarchical.NodeTestTask.execute(NodeTestTask.java:95)
	at java.base/java.util.ArrayList.forEach(ArrayList.java:1511)
	at org.junit.platform.engine.support.hierarchical.SameThreadHierarchicalTestExecutorService.invokeAll(SameThreadHierarchicalTestExecutorService.java:41)
	at org.junit.platform.engine.support.hierarchical.NodeTestTask.lambda$executeRecursively$6(NodeTestTask.java:155)
	at org.junit.platform.engine.support.hierarchical.ThrowableCollector.execute(ThrowableCollector.java:73)
	at org.junit.platform.engine.support.hierarchical.NodeTestTask.lambda$executeRecursively$8(NodeTestTask.java:141)
	at org.junit.platform.engine.support.hierarchical.Node.around(Node.java:137)
	at org.junit.platform.engine.support.hierarchical.NodeTestTask.lambda$executeRecursively$9(NodeTestTask.java:139)
	at org.junit.platform.engine.support.hierarchical.ThrowableCollector.execute(ThrowableCollector.java:73)
	at org.junit.platform.engine.support.hierarchical.NodeTestTask.executeRecursively(NodeTestTask.java:138)
	at org.junit.platform.engine.support.hierarchical.NodeTestTask.execute(NodeTestTask.java:95)
	at java.base/java.util.ArrayList.forEach(ArrayList.java:1511)
	at org.junit.platform.engine.support.hierarchical.SameThreadHierarchicalTestExecutorService.invokeAll(SameThreadHierarchicalTestExecutorService.java:41)
	at org.junit.platform.engine.support.hierarchical.NodeTestTask.lambda$executeRecursively$6(NodeTestTask.java:155)
	at org.junit.platform.engine.support.hierarchical.ThrowableCollector.execute(ThrowableCollector.java:73)
	at org.junit.platform.engine.support.hierarchical.NodeTestTask.lambda$executeRecursively$8(NodeTestTask.java:141)
	at org.junit.platform.engine.support.hierarchical.Node.around(Node.java:137)
	at org.junit.platform.engine.support.hierarchical.NodeTestTask.lambda$executeRecursively$9(NodeTestTask.java:139)
	at org.junit.platform.engine.support.hierarchical.ThrowableCollector.execute(ThrowableCollector.java:73)
	at org.junit.platform.engine.support.hierarchical.NodeTestTask.executeRecursively(NodeTestTask.java:138)
	at org.junit.platform.engine.support.hierarchical.NodeTestTask.execute(NodeTestTask.java:95)
	at org.junit.platform.engine.support.hierarchical.SameThreadHierarchicalTestExecutorService.submit(SameThreadHierarchicalTestExecutorService.java:35)
	at org.junit.platform.engine.support.hierarchical.HierarchicalTestExecutor.execute(HierarchicalTestExecutor.java:57)
	at org.junit.platform.engine.support.hierarchical.HierarchicalTestEngine.execute(HierarchicalTestEngine.java:54)
	at org.junit.platform.launcher.core.EngineExecutionOrchestrator.execute(EngineExecutionOrchestrator.java:198)
	at org.junit.platform.launcher.core.EngineExecutionOrchestrator.execute(EngineExecutionOrchestrator.java:169)
	at org.junit.platform.launcher.core.EngineExecutionOrchestrator.execute(EngineExecutionOrchestrator.java:93)
	at org.junit.platform.launcher.core.EngineExecutionOrchestrator.lambda$execute$0(EngineExecutionOrchestrator.java:58)
	at org.junit.platform.launcher.core.EngineExecutionOrchestrator.withInterceptedStreams(EngineExecutionOrchestrator.java:141)
	at org.junit.platform.launcher.core.EngineExecutionOrchestrator.execute(EngineExecutionOrchestrator.java:57)
	at org.junit.platform.launcher.core.DefaultLauncher.execute(DefaultLauncher.java:103)
	at org.junit.platform.launcher.core.DefaultLauncher.execute(DefaultLauncher.java:85)
	at org.junit.platform.launcher.core.DelegatingLauncher.execute(DelegatingLauncher.java:47)
	at org.junit.platform.launcher.core.SessionPerRequestLauncher.execute(SessionPerRequestLauncher.java:63)
	at org.apache.maven.surefire.junitplatform.JUnitPlatformProvider.invokeAllTests(JUnitPlatformProvider.java:165)
	at org.apache.maven.surefire.junitplatform.JUnitPlatformProvider.invoke(JUnitPlatformProvider.java:123)
	at org.apache.maven.surefire.booter.ForkedBooter.runSuitesInProcess(ForkedBooter.java:377)
	at org.apache.maven.surefire.booter.ForkedBooter.execute(ForkedBooter.java:138)
	at org.apache.maven.surefire.booter.ForkedBooter.run(ForkedBooter.java:465)
	at org.apache.maven.surefire.booter.ForkedBooter.main(ForkedBooter.java:451)
Caused by: org.apache.ratis.protocol.exceptions.NotReplicatedException: Request with call Id 78 and log index 73 is not yet replicated to ALL_COMMITTED
	at org.apache.ratis.client.impl.ClientProtoUtils.toRaftClientReply(ClientProtoUtils.java:400)
	at org.apache.ratis.grpc.client.GrpcClientProtocolClient$AsyncStreamObservers$1.onNext(GrpcClientProtocolClient.java:310)
	at org.apache.ratis.grpc.client.GrpcClientProtocolClient$AsyncStreamObservers$1.onNext(GrpcClientProtocolClient.java:305)
	at org.apache.ratis.thirdparty.io.grpc.stub.ClientCalls$StreamObserverToCallListenerAdapter.onMessage(ClientCalls.java:468)
	at org.apache.ratis.thirdparty.io.grpc.ForwardingClientCallListener.onMessage(ForwardingClientCallListener.java:33)
	at org.apache.ratis.thirdparty.io.grpc.internal.ClientCallImpl$ClientStreamListenerImpl$1MessagesAvailable.runInternal(ClientCallImpl.java:660)
	at org.apache.ratis.thirdparty.io.grpc.internal.ClientCallImpl$ClientStreamListenerImpl$1MessagesAvailable.runInContext(ClientCallImpl.java:647)
	at org.apache.ratis.thirdparty.io.grpc.internal.ContextRunnable.run(ContextRunnable.java:37)
	at org.apache.ratis.thirdparty.io.grpc.internal.SerializingExecutor.run(SerializingExecutor.java:133)
	at java.base/java.util.concurrent.ThreadPoolExecutor.runWorker(ThreadPoolExecutor.java:1136)
	at java.base/java.util.concurrent.ThreadPoolExecutor$Worker.run(ThreadPoolExecutor.java:635)
	at java.base/java.lang.Thread.run(Thread.java:840)
2024-04-26 07:45:38,924 [cad2128f-a1ed-4156-bd3d-e0bb4df6aa32@group-E8836541D941-LeaderStateImpl] WARN  server.RaftServer$Division (LeaderStateImpl.java:checkLeadership(1107)) - cad2128f-a1ed-4156-bd3d-e0bb4df6aa32@group-E8836541D941-LeaderStateImpl: Lost leadership on term: 1. Election timeout: 5200ms. In charge for: 10654ms. Conf: 0: peers:[cad2128f-a1ed-4156-bd3d-e0bb4df6aa32|127.0.0.1:15388, 69327c76-d33b-4896-9f65-b4e7feed79ae|127.0.0.1:15379, f684478f-b568-4af5-8d70-73cde96e1eae|127.0.0.1:15370]|listeners:[], old=null
2024-04-26 07:45:38,924 [cad2128f-a1ed-4156-bd3d-e0bb4df6aa32@group-E8836541D941-LeaderStateImpl] WARN  server.RaftServer$Division (LeaderStateImpl.java:lambda$checkLeadership$21(1111)) - Follower cad2128f-a1ed-4156-bd3d-e0bb4df6aa32@group-E8836541D941->69327c76-d33b-4896-9f65-b4e7feed79ae(c1,m2,n3, caughtUp=true, lastRpcSendTime=1053, lastRpcResponseTime=10400)
2024-04-26 07:45:38,925 [cad2128f-a1ed-4156-bd3d-e0bb4df6aa32@group-E8836541D941-LeaderStateImpl] WARN  server.RaftServer$Division (LeaderStateImpl.java:lambda$checkLeadership$21(1111)) - Follower cad2128f-a1ed-4156-bd3d-e0bb4df6aa32@group-E8836541D941->f684478f-b568-4af5-8d70-73cde96e1eae(c2,m2,n3, caughtUp=true, lastRpcSendTime=389, lastRpcResponseTime=7900)
2024-04-26 07:45:38,925 [cad2128f-a1ed-4156-bd3d-e0bb4df6aa32@group-E8836541D941-LeaderStateImpl] INFO  server.RaftServer$Division (RaftServerImpl.java:setRole(383)) - cad2128f-a1ed-4156-bd3d-e0bb4df6aa32@group-E8836541D941: changes role from    LEADER to FOLLOWER at term 1 for StepDownReason:LOST_MAJORITY_HEARTBEATS
2024-04-26 07:45:38,925 [cad2128f-a1ed-4156-bd3d-e0bb4df6aa32@group-E8836541D941-LeaderStateImpl] INFO  impl.RoleInfo (RoleInfo.java:shutdownLeaderState(94)) - cad2128f-a1ed-4156-bd3d-e0bb4df6aa32: shutdown cad2128f-a1ed-4156-bd3d-e0bb4df6aa32@group-E8836541D941-LeaderStateImpl
2024-04-26 07:45:38,925 [cad2128f-a1ed-4156-bd3d-e0bb4df6aa32@group-E8836541D941->69327c76-d33b-4896-9f65-b4e7feed79ae-GrpcLogAppender-LogAppenderDaemon] WARN  server.GrpcLogAppender (GrpcLogAppender.java:mayWait(289)) - cad2128f-a1ed-4156-bd3d-e0bb4df6aa32@group-E8836541D941->69327c76-d33b-4896-9f65-b4e7feed79ae-GrpcLogAppender: Wait interrupted by java.lang.InterruptedException
2024-04-26 07:45:38,925 [cad2128f-a1ed-4156-bd3d-e0bb4df6aa32@group-E8836541D941-LeaderStateImpl] INFO  impl.PendingRequests (PendingRequests.java:sendNotLeaderResponses(289)) - cad2128f-a1ed-4156-bd3d-e0bb4df6aa32@group-E8836541D941-PendingRequests: sendNotLeaderResponses
2024-04-26 07:45:38,925 [cad2128f-a1ed-4156-bd3d-e0bb4df6aa32@group-E8836541D941->f684478f-b568-4af5-8d70-73cde96e1eae-GrpcLogAppender-LogAppenderDaemon] WARN  server.GrpcLogAppender (GrpcLogAppender.java:mayWait(289)) - cad2128f-a1ed-4156-bd3d-e0bb4df6aa32@group-E8836541D941->f684478f-b568-4af5-8d70-73cde96e1eae-GrpcLogAppender: Wait interrupted by java.lang.InterruptedException
2024-04-26 07:45:38,925 [null-request--thread1] INFO  server.GrpcClientProtocolService (GrpcClientProtocolService.java:lambda$processClientRequest$0(284)) - Failed RaftClientRequest:client-F1E7B1ED0AFD->cad2128f-a1ed-4156-bd3d-e0bb4df6aa32@group-E8836541D941, cid=79, seq=null, Watch-MAJORITY_COMMITTED(73), Message:<EMPTY>, reply=RaftClientReply:client-F1E7B1ED0AFD->cad2128f-a1ed-4156-bd3d-e0bb4df6aa32@group-E8836541D941, cid=79, FAILED org.apache.ratis.protocol.exceptions.NotLeaderException: Server cad2128f-a1ed-4156-bd3d-e0bb4df6aa32@group-E8836541D941 is not the leader, logIndex=0, commits[cad2128f-a1ed-4156-bd3d-e0bb4df6aa32:c2, 69327c76-d33b-4896-9f65-b4e7feed79ae:c1, f684478f-b568-4af5-8d70-73cde96e1eae:c2]
2024-04-26 07:45:38,925 [cad2128f-a1ed-4156-bd3d-e0bb4df6aa32@group-E8836541D941-LeaderStateImpl] INFO  server.RaftServer$Division (ServerState.java:setLeader(269)) - cad2128f-a1ed-4156-bd3d-e0bb4df6aa32@group-E8836541D941: change Leader from cad2128f-a1ed-4156-bd3d-e0bb4df6aa32 to null at term 1 for StepDownReason:LOST_MAJORITY_HEARTBEATS
2024-04-26 07:45:38,926 [cad2128f-a1ed-4156-bd3d-e0bb4df6aa32@group-E8836541D941-LeaderStateImpl] INFO  impl.RoleInfo (RoleInfo.java:updateAndGet(139)) - cad2128f-a1ed-4156-bd3d-e0bb4df6aa32: start cad2128f-a1ed-4156-bd3d-e0bb4df6aa32@group-E8836541D941-FollowerState
2024-04-26 07:45:39,530 [cad2128f-a1ed-4156-bd3d-e0bb4df6aa32-CloseContainerThread-0] INFO  commandhandler.CloseContainerCommandHandler (CloseContainerCommandHandler.java:lambda$handle$0(154)) - Follower cannot close container #1.
2024-04-26 07:45:39,781 [timer6] WARN  server.GrpcLogAppender (LogUtils.java:warn(121)) - cad2128f-a1ed-4156-bd3d-e0bb4df6aa32@group-E8836541D941->69327c76-d33b-4896-9f65-b4e7feed79ae-AppendLogResponseHandler: Failed appendEntries (Repeated 6 times in the last 5.000s): org.apache.ratis.thirdparty.io.grpc.StatusRuntimeException: UNAVAILABLE: io exception
2024-04-26 07:45:39,781 [timer7] WARN  server.GrpcLogAppender (GrpcLogAppender.java:lambda$resetClient$1(217)) - cad2128f-a1ed-4156-bd3d-e0bb4df6aa32@group-E8836541D941->69327c76-d33b-4896-9f65-b4e7feed79ae-GrpcLogAppender: Follower failed (request=null, errorCount=14); keep nextIndex (3) unchanged and retry. (Repeated 6 times in the last 5.001s)
2024-04-26 07:45:41,428 [BackgroundPipelineScrubber] INFO  pipeline.PipelineManagerImpl (PipelineManagerImpl.java:scrubPipelines(610)) - Scrubbing pipeline: id: PipelineID=1970a824-ca16-4cb8-816d-e8836541d941 since it stays at CLOSED stage.
2024-04-26 07:45:41,428 [BackgroundPipelineScrubber] INFO  pipeline.RatisPipelineProvider (RatisPipelineProvider.java:lambda$close$4(270)) - Send pipeline:PipelineID=1970a824-ca16-4cb8-816d-e8836541d941 close command to datanode 69327c76-d33b-4896-9f65-b4e7feed79ae
2024-04-26 07:45:41,429 [BackgroundPipelineScrubber] INFO  pipeline.RatisPipelineProvider (RatisPipelineProvider.java:lambda$close$4(270)) - Send pipeline:PipelineID=1970a824-ca16-4cb8-816d-e8836541d941 close command to datanode f684478f-b568-4af5-8d70-73cde96e1eae
2024-04-26 07:45:41,429 [BackgroundPipelineScrubber] INFO  pipeline.RatisPipelineProvider (RatisPipelineProvider.java:lambda$close$4(270)) - Send pipeline:PipelineID=1970a824-ca16-4cb8-816d-e8836541d941 close command to datanode cad2128f-a1ed-4156-bd3d-e0bb4df6aa32
2024-04-26 07:45:41,429 [BackgroundPipelineScrubber] INFO  pipeline.PipelineManagerImpl (PipelineManagerImpl.java:removePipeline(459)) - Pipeline Pipeline[ Id: 1970a824-ca16-4cb8-816d-e8836541d941, Nodes: 69327c76-d33b-4896-9f65-b4e7feed79ae(localhost/127.0.0.1)f684478f-b568-4af5-8d70-73cde96e1eae(localhost/127.0.0.1)cad2128f-a1ed-4156-bd3d-e0bb4df6aa32(localhost/127.0.0.1), ReplicationConfig: RATIS/THREE, State:CLOSED, leaderId:cad2128f-a1ed-4156-bd3d-e0bb4df6aa32, CreationTimestamp2024-04-26T07:45:20.154Z[Etc/UTC]] removed.
2024-04-26 07:45:42,282 [timer6] WARN  server.GrpcLogAppender (LogUtils.java:warn(121)) - cad2128f-a1ed-4156-bd3d-e0bb4df6aa32@group-E8836541D941->f684478f-b568-4af5-8d70-73cde96e1eae-AppendLogResponseHandler: Failed appendEntries (Repeated 4 times in the last 5.000s): org.apache.ratis.thirdparty.io.grpc.StatusRuntimeException: UNAVAILABLE: io exception
2024-04-26 07:45:42,283 [timer7] WARN  server.GrpcLogAppender (GrpcLogAppender.java:lambda$resetClient$1(217)) - cad2128f-a1ed-4156-bd3d-e0bb4df6aa32@group-E8836541D941->f684478f-b568-4af5-8d70-73cde96e1eae-GrpcLogAppender: Follower failed (request=null, errorCount=12); keep nextIndex (3) unchanged and retry. (Repeated 4 times in the last 5.000s)
2024-04-26 07:45:42,530 [cad2128f-a1ed-4156-bd3d-e0bb4df6aa32-PipelineCommandHandlerThread-0] INFO  server.RaftServer (RaftServerProxy.java:remove(111)) - cad2128f-a1ed-4156-bd3d-e0bb4df6aa32: remove  FOLLOWER cad2128f-a1ed-4156-bd3d-e0bb4df6aa32@group-E8836541D941:t1, leader=null, voted=cad2128f-a1ed-4156-bd3d-e0bb4df6aa32, raftlog=Memoized:cad2128f-a1ed-4156-bd3d-e0bb4df6aa32@group-E8836541D941-SegmentedRaftLog:OPENED:c2, conf=0: peers:[cad2128f-a1ed-4156-bd3d-e0bb4df6aa32|127.0.0.1:15388, 69327c76-d33b-4896-9f65-b4e7feed79ae|127.0.0.1:15379, f684478f-b568-4af5-8d70-73cde96e1eae|127.0.0.1:15370]|listeners:[], old=null RUNNING
2024-04-26 07:45:42,530 [cad2128f-a1ed-4156-bd3d-e0bb4df6aa32-PipelineCommandHandlerThread-0] INFO  server.RaftServer$Division (RaftServerImpl.java:lambda$close$3(526)) - cad2128f-a1ed-4156-bd3d-e0bb4df6aa32@group-E8836541D941: shutdown
2024-04-26 07:45:42,530 [cad2128f-a1ed-4156-bd3d-e0bb4df6aa32-PipelineCommandHandlerThread-0] INFO  util.JmxRegister (JmxRegister.java:unregister(73)) - Successfully un-registered JMX Bean with object name Ratis:service=RaftServer,group=group-E8836541D941,id=cad2128f-a1ed-4156-bd3d-e0bb4df6aa32
2024-04-26 07:45:42,530 [cad2128f-a1ed-4156-bd3d-e0bb4df6aa32-PipelineCommandHandlerThread-0] INFO  impl.RoleInfo (RoleInfo.java:shutdownFollowerState(110)) - cad2128f-a1ed-4156-bd3d-e0bb4df6aa32: shutdown cad2128f-a1ed-4156-bd3d-e0bb4df6aa32@group-E8836541D941-FollowerState
2024-04-26 07:45:42,530 [cad2128f-a1ed-4156-bd3d-e0bb4df6aa32-PipelineCommandHandlerThread-0] INFO  impl.StateMachineUpdater (StateMachineUpdater.java:stopAndJoin(157)) - cad2128f-a1ed-4156-bd3d-e0bb4df6aa32@group-E8836541D941-StateMachineUpdater: set stopIndex = 2
2024-04-26 07:45:42,531 [cad2128f-a1ed-4156-bd3d-e0bb4df6aa32@group-E8836541D941-FollowerState] INFO  impl.FollowerState (FollowerState.java:run(152)) - cad2128f-a1ed-4156-bd3d-e0bb4df6aa32@group-E8836541D941-FollowerState was interrupted
2024-04-26 07:45:42,531 [cad2128f-a1ed-4156-bd3d-e0bb4df6aa32@group-E8836541D941-StateMachineUpdater] INFO  ratis.ContainerStateMachine (ContainerStateMachine.java:takeSnapshot(355)) - group-E8836541D941: Taking a snapshot at:(t:1, i:2) file /home/runner/work/ozone/ozone/hadoop-ozone/integration-test/target/test-dir/MiniOzoneClusterImpl-f8a85056-d908-4111-b8ec-0d6f55fc62ea/ozone-meta/datanode-3/ratis/1970a824-ca16-4cb8-816d-e8836541d941/sm/snapshot.1_2
2024-04-26 07:45:42,532 [cad2128f-a1ed-4156-bd3d-e0bb4df6aa32@group-E8836541D941-StateMachineUpdater] INFO  ratis.ContainerStateMachine (ContainerStateMachine.java:takeSnapshot(366)) - group-E8836541D941: Finished taking a snapshot at:(t:1, i:2) file:/home/runner/work/ozone/ozone/hadoop-ozone/integration-test/target/test-dir/MiniOzoneClusterImpl-f8a85056-d908-4111-b8ec-0d6f55fc62ea/ozone-meta/datanode-3/ratis/1970a824-ca16-4cb8-816d-e8836541d941/sm/snapshot.1_2 took: 1 ms
2024-04-26 07:45:42,532 [cad2128f-a1ed-4156-bd3d-e0bb4df6aa32@group-E8836541D941-StateMachineUpdater] INFO  impl.StateMachineUpdater (StateMachineUpdater.java:takeSnapshot(295)) - cad2128f-a1ed-4156-bd3d-e0bb4df6aa32@group-E8836541D941-StateMachineUpdater: Took a snapshot at index 2
2024-04-26 07:45:42,532 [cad2128f-a1ed-4156-bd3d-e0bb4df6aa32@group-E8836541D941-StateMachineUpdater] INFO  impl.StateMachineUpdater (StateMachineUpdater.java:lambda$new$0(98)) - cad2128f-a1ed-4156-bd3d-e0bb4df6aa32@group-E8836541D941-StateMachineUpdater: snapshotIndex: updateIncreasingly -1 -> 2
2024-04-26 07:45:42,533 [cad2128f-a1ed-4156-bd3d-e0bb4df6aa32-PipelineCommandHandlerThread-0] INFO  server.RaftServer$Division (ServerState.java:close(427)) - cad2128f-a1ed-4156-bd3d-e0bb4df6aa32@group-E8836541D941: applyIndex: 2
2024-04-26 07:45:42,533 [cad2128f-a1ed-4156-bd3d-e0bb4df6aa32@group-E8836541D941-cacheEviction-AwaitToRun] INFO  util.AwaitToRun (AwaitToRun.java:run(49)) - cad2128f-a1ed-4156-bd3d-e0bb4df6aa32@group-E8836541D941-cacheEviction-AwaitToRun-AwaitForSignal is interrupted
2024-04-26 07:45:43,523 [cad2128f-a1ed-4156-bd3d-e0bb4df6aa32-PipelineCommandHandlerThread-0] INFO  segmented.SegmentedRaftLogWorker (SegmentedRaftLogWorker.java:close(245)) - cad2128f-a1ed-4156-bd3d-e0bb4df6aa32@group-E8836541D941-SegmentedRaftLogWorker close()
2024-04-26 07:45:43,523 [cad2128f-a1ed-4156-bd3d-e0bb4df6aa32-PipelineCommandHandlerThread-0] INFO  keyvalue.KeyValueContainer (KeyValueContainer.java:flushAndSyncDB(522)) - Container 1 is synced with bcsId 0.
2024-04-26 07:45:43,524 [cad2128f-a1ed-4156-bd3d-e0bb4df6aa32-PipelineCommandHandlerThread-0] INFO  keyvalue.KeyValueContainer (KeyValueContainer.java:flushAndSyncDB(522)) - Container 1 is synced with bcsId 0.
2024-04-26 07:45:43,525 [cad2128f-a1ed-4156-bd3d-e0bb4df6aa32-PipelineCommandHandlerThread-0] INFO  server.RaftServer$Division (RaftServerImpl.java:groupRemove(496)) - cad2128f-a1ed-4156-bd3d-e0bb4df6aa32@group-E8836541D941: Succeed to remove RaftStorageDirectory Storage Directory /home/runner/work/ozone/ozone/hadoop-ozone/integration-test/target/test-dir/MiniOzoneClusterImpl-f8a85056-d908-4111-b8ec-0d6f55fc62ea/ozone-meta/datanode-3/ratis/1970a824-ca16-4cb8-816d-e8836541d941
2024-04-26 07:45:43,526 [cad2128f-a1ed-4156-bd3d-e0bb4df6aa32-PipelineCommandHandlerThread-0] ERROR commandhandler.ClosePipelineCommandHandler (ClosePipelineCommandHandler.java:lambda$handle$2(137)) - Can't close pipeline PipelineID=1970a824-ca16-4cb8-816d-e8836541d941
org.apache.ratis.protocol.exceptions.GroupMismatchException: cad2128f-a1ed-4156-bd3d-e0bb4df6aa32: group-E8836541D941 not found.
	at org.apache.ratis.server.impl.RaftServerProxy$ImplMap.get(RaftServerProxy.java:154)
	at org.apache.ratis.server.impl.RaftServerProxy.getImplFuture(RaftServerProxy.java:364)
	at org.apache.ratis.server.impl.RaftServerProxy.getImpl(RaftServerProxy.java:373)
	at org.apache.ratis.server.impl.RaftServerProxy.getDivision(RaftServerProxy.java:386)
	at org.apache.hadoop.ozone.container.common.transport.server.ratis.XceiverServerRatis.getRaftPeersInPipeline(XceiverServerRatis.java:951)
	at org.apache.hadoop.ozone.container.common.statemachine.commandhandler.ClosePipelineCommandHandler.lambda$handle$2(ClosePipelineCommandHandler.java:114)
	at java.base/java.util.concurrent.CompletableFuture$AsyncRun.run(CompletableFuture.java:1804)
	at java.base/java.util.concurrent.ThreadPoolExecutor.runWorker(ThreadPoolExecutor.java:1136)
	at java.base/java.util.concurrent.ThreadPoolExecutor$Worker.run(ThreadPoolExecutor.java:635)
	at java.base/java.lang.Thread.run(Thread.java:840)
2024-04-26 07:45:43,526 [FixedThreadPoolWithAffinityExecutor-0-0] INFO  container.IncrementalContainerReportHandler (AbstractContainerReportHandler.java:updateContainerState(287)) - Moving container #1 to QUASI_CLOSED state, datanode cad2128f-a1ed-4156-bd3d-e0bb4df6aa32(localhost/127.0.0.1) reported QUASI_CLOSED replica.
2024-04-26 07:45:49,951 [main] INFO  ozone.MiniOzoneClusterImpl (MiniOzoneClusterImpl.java:shutdown(396)) - Shutting down the Mini Ozone Cluster
2024-04-26 07:45:49,951 [main] INFO  db.CodecTestUtil (CodecTestUtil.java:gc(50)) - gc 0
2024-04-26 07:45:50,138 [main] INFO  ozone.MiniOzoneClusterImpl (MiniOzoneClusterImpl.java:stop(412)) - Stopping the Mini Ozone Cluster
2024-04-26 07:45:50,138 [main] INFO  om.OzoneManager (OzoneManager.java:stop(2232)) - om1[localhost:15360]: Stopping Ozone Manager
2024-04-26 07:45:50,138 [main] INFO  ipc.Server (Server.java:stop(3523)) - Stopping server on 15360
2024-04-26 07:45:50,139 [IPC Server listener on 15360] INFO  ipc.Server (Server.java:run(1434)) - Stopping IPC Server listener on 15360
2024-04-26 07:45:50,139 [IPC Server Responder] INFO  ipc.Server (Server.java:run(1567)) - Stopping IPC Server Responder
2024-04-26 07:45:50,139 [main] INFO  ratis.OzoneManagerRatisServer (OzoneManagerRatisServer.java:stop(594)) - Stopping org.apache.hadoop.ozone.om.ratis.OzoneManagerRatisServer@56d96ef4 at port 15363
2024-04-26 07:45:50,139 [main] INFO  server.RaftServer (RaftServerProxy.java:lambda$close$9(416)) - om1: close
2024-04-26 07:45:50,139 [main] INFO  server.GrpcService (GrpcService.java:closeImpl(311)) - om1: shutdown server GrpcServerProtocolService now
2024-04-26 07:45:50,139 [om1-impl-thread1] INFO  server.RaftServer$Division (RaftServerImpl.java:lambda$close$3(526)) - om1@group-C5BA1605619E: shutdown
2024-04-26 07:45:50,139 [om1-impl-thread1] INFO  util.JmxRegister (JmxRegister.java:unregister(73)) - Successfully un-registered JMX Bean with object name Ratis:service=RaftServer,group=group-C5BA1605619E,id=om1
2024-04-26 07:45:50,139 [om1-impl-thread1] INFO  impl.RoleInfo (RoleInfo.java:shutdownLeaderState(94)) - om1: shutdown om1@group-C5BA1605619E-LeaderStateImpl
2024-04-26 07:45:50,139 [om1-impl-thread1] INFO  impl.PendingRequests (PendingRequests.java:sendNotLeaderResponses(289)) - om1@group-C5BA1605619E-PendingRequests: sendNotLeaderResponses
2024-04-26 07:45:50,140 [main] INFO  server.GrpcService (GrpcService.java:closeImpl(320)) - om1: shutdown server GrpcServerProtocolService successfully
2024-04-26 07:45:50,140 [om1-impl-thread1] INFO  impl.StateMachineUpdater (StateMachineUpdater.java:stopAndJoin(157)) - om1@group-C5BA1605619E-StateMachineUpdater: set stopIndex = 4
2024-04-26 07:45:50,140 [om1@group-C5BA1605619E-StateMachineUpdater] INFO  ratis.OzoneManagerStateMachine (OzoneManagerStateMachine.java:takeSnapshotImpl(481)) -  applied = (t:1, i:3)
2024-04-26 07:45:50,140 [om1@group-C5BA1605619E-StateMachineUpdater] INFO  ratis.OzoneManagerStateMachine (OzoneManagerStateMachine.java:takeSnapshotImpl(482)) -  skipped = 3
2024-04-26 07:45:50,141 [om1@group-C5BA1605619E-StateMachineUpdater] INFO  ratis.OzoneManagerStateMachine (OzoneManagerStateMachine.java:takeSnapshotImpl(483)) - notified = (t:1, i:4)
2024-04-26 07:45:50,141 [om1@group-C5BA1605619E-StateMachineUpdater] INFO  ratis.OzoneManagerStateMachine (OzoneManagerStateMachine.java:takeSnapshotImpl(484)) - snapshot = (t:1, i:4)
2024-04-26 07:45:50,155 [om1@group-C5BA1605619E-StateMachineUpdater] INFO  impl.StateMachineUpdater (StateMachineUpdater.java:takeSnapshot(295)) - om1@group-C5BA1605619E-StateMachineUpdater: Took a snapshot at index 4
2024-04-26 07:45:50,155 [om1@group-C5BA1605619E-StateMachineUpdater] INFO  impl.StateMachineUpdater (StateMachineUpdater.java:lambda$new$0(98)) - om1@group-C5BA1605619E-StateMachineUpdater: snapshotIndex: updateIncreasingly -1 -> 4
2024-04-26 07:45:50,155 [om1@group-C5BA1605619E-StateMachineUpdater] INFO  ratis.OzoneManagerStateMachine (OzoneManagerStateMachine.java:close(527)) - Stopping OzoneManagerStateMachine:om1:group-C5BA1605619E.
2024-04-26 07:45:50,155 [om1@group-C5BA1605619E-StateMachineUpdater] INFO  ratis.OzoneManagerDoubleBuffer (OzoneManagerDoubleBuffer.java:stopDaemon(517)) - Stopping OMDoubleBuffer flush thread
2024-04-26 07:45:50,155 [om1-OMDoubleBufferFlushThread] INFO  ratis.OzoneManagerDoubleBuffer (OzoneManagerDoubleBuffer.java:canFlush(581)) - OMDoubleBuffer flush thread om1-OMDoubleBufferFlushThread is interrupted and will exit.
2024-04-26 07:45:50,155 [om1-impl-thread1] INFO  server.RaftServer$Division (ServerState.java:close(427)) - om1@group-C5BA1605619E: applyIndex: 3
2024-04-26 07:45:50,155 [om1@group-C5BA1605619E-cacheEviction-AwaitToRun] INFO  util.AwaitToRun (AwaitToRun.java:run(49)) - om1@group-C5BA1605619E-cacheEviction-AwaitToRun-AwaitForSignal is interrupted
2024-04-26 07:45:50,495 [om1-impl-thread1] INFO  segmented.SegmentedRaftLogWorker (SegmentedRaftLogWorker.java:close(245)) - om1@group-C5BA1605619E-SegmentedRaftLogWorker close()
2024-04-26 07:45:50,495 [JvmPauseMonitor45] INFO  util.JvmPauseMonitor (JvmPauseMonitor.java:run(152)) - JvmPauseMonitor-om1: Stopped
2024-04-26 07:45:50,495 [main] INFO  utils.BackgroundService (BackgroundService.java:shutdown(160)) - Shutting down service KeyDeletingService
2024-04-26 07:45:50,495 [main] INFO  utils.BackgroundService (BackgroundService.java:shutdown(160)) - Shutting down service DirectoryDeletingService
2024-04-26 07:45:50,495 [main] INFO  utils.BackgroundService (BackgroundService.java:shutdown(160)) - Shutting down service OpenKeyCleanupService
2024-04-26 07:45:50,496 [main] INFO  utils.BackgroundService (BackgroundService.java:shutdown(160)) - Shutting down service SstFilteringService
2024-04-26 07:45:50,496 [main] INFO  utils.BackgroundService (BackgroundService.java:shutdown(160)) - Shutting down service SnapshotDeletingService
2024-04-26 07:45:50,496 [main] INFO  utils.BackgroundService (BackgroundService.java:shutdown(160)) - Shutting down service MultipartUploadCleanupService
2024-04-26 07:45:50,496 [main] INFO  utils.BackgroundService (BackgroundService.java:shutdown(160)) - Shutting down service SnapshotDirectoryCleaningService
2024-04-26 07:45:50,497 [main] INFO  handler.ContextHandler (ContextHandler.java:doStop(1159)) - Stopped o.e.j.w.WebAppContext@f233eb6{ozoneManager,/,null,STOPPED}{file:/home/runner/work/ozone/ozone/hadoop-ozone/integration-test/target/test-classes/webapps/ozoneManager}
2024-04-26 07:45:50,497 [main] INFO  server.AbstractConnector (AbstractConnector.java:doStop(383)) - Stopped ServerConnector@3c31c0c8{HTTP/1.1, (http/1.1)}{0.0.0.0:15361}
2024-04-26 07:45:50,497 [main] INFO  server.session (HouseKeeper.java:stopScavenging(149)) - node0 Stopped scavenging
2024-04-26 07:45:50,498 [main] INFO  handler.ContextHandler (ContextHandler.java:doStop(1159)) - Stopped o.e.j.s.ServletContextHandler@28e04625{static,/static,file:///home/runner/work/ozone/ozone/hadoop-ozone/integration-test/target/test-classes/webapps/static,STOPPED}
2024-04-26 07:45:50,498 [main] INFO  handler.ContextHandler (ContextHandler.java:doStop(1159)) - Stopped o.e.j.s.ServletContextHandler@125490ea{logs,/logs,file:///home/runner/work/ozone/ozone/hadoop-ozone/integration-test/target/log,STOPPED}
2024-04-26 07:45:50,498 [main] INFO  rocksdiff.RocksDBCheckpointDiffer (RocksDBCheckpointDiffer.java:close(310)) - Shutting down CompactionDagPruningService.
2024-04-26 07:45:50,499 [main] INFO  snapshot.SnapshotDiffManager (SnapshotDiffManager.java:closeExecutorService(1657)) - Shutting down executorService: 'SnapDiffExecutor'
2024-04-26 07:45:50,500 [main] INFO  utils.BackgroundService (BackgroundService.java:shutdown(160)) - Shutting down service SnapshotDiffCleanupService
2024-04-26 07:45:50,500 [main] INFO  ozone.MiniOzoneClusterImpl (MiniOzoneClusterImpl.java:stopDatanodes(471)) - Stopping the HddsDatanodes
2024-04-26 07:45:50,505 [ForkJoinPool.commonPool-worker-3] INFO  ozoneimpl.OzoneContainer (OzoneContainer.java:stop(481)) - Attempting to stop container services.
2024-04-26 07:45:50,505 [ContainerMetadataScanner] WARN  ozoneimpl.AbstractBackgroundContainerScanner (AbstractBackgroundContainerScanner.java:handleRemainingSleep(134)) - Background container scan was interrupted.
2024-04-26 07:45:50,505 [ContainerMetadataScanner] INFO  ozoneimpl.AbstractBackgroundContainerScanner (AbstractBackgroundContainerScanner.java:run(61)) - Thread[ContainerMetadataScanner,5,main] exiting.
2024-04-26 07:45:50,506 [ForkJoinPool.commonPool-worker-3] INFO  ozoneimpl.BackgroundContainerDataScanner (BackgroundContainerDataScanner.java:shutdown(141)) - ContainerDataScanner(/home/runner/work/ozone/ozone/hadoop-ozone/integration-test/target/test-dir/MiniOzoneClusterImpl-f8a85056-d908-4111-b8ec-0d6f55fc62ea/ozone-meta/datanode-8/data-0/hdds) is shutting down. 
2024-04-26 07:45:50,506 [ContainerDataScanner(/home/runner/work/ozone/ozone/hadoop-ozone/integration-test/target/test-dir/MiniOzoneClusterImpl-f8a85056-d908-4111-b8ec-0d6f55fc62ea/ozone-meta/datanode-8/data-0/hdds)] WARN  ozoneimpl.AbstractBackgroundContainerScanner (AbstractBackgroundContainerScanner.java:handleRemainingSleep(134)) - Background container scan was interrupted.
2024-04-26 07:45:50,506 [ForkJoinPool.commonPool-worker-2] INFO  ozoneimpl.OzoneContainer (OzoneContainer.java:stop(481)) - Attempting to stop container services.
2024-04-26 07:45:50,506 [ContainerDataScanner(/home/runner/work/ozone/ozone/hadoop-ozone/integration-test/target/test-dir/MiniOzoneClusterImpl-f8a85056-d908-4111-b8ec-0d6f55fc62ea/ozone-meta/datanode-8/data-0/hdds)] INFO  ozoneimpl.AbstractBackgroundContainerScanner (AbstractBackgroundContainerScanner.java:run(61)) - ContainerDataScanner(/home/runner/work/ozone/ozone/hadoop-ozone/integration-test/target/test-dir/MiniOzoneClusterImpl-f8a85056-d908-4111-b8ec-0d6f55fc62ea/ozone-meta/datanode-8/data-0/hdds, DS-564951b7-19db-4f97-a36b-f1002b138242) exiting.
2024-04-26 07:45:50,506 [ContainerMetadataScanner] WARN  ozoneimpl.AbstractBackgroundContainerScanner (AbstractBackgroundContainerScanner.java:handleRemainingSleep(134)) - Background container scan was interrupted.
2024-04-26 07:45:50,506 [ContainerMetadataScanner] INFO  ozoneimpl.AbstractBackgroundContainerScanner (AbstractBackgroundContainerScanner.java:run(61)) - Thread[ContainerMetadataScanner,5,main] exiting.
2024-04-26 07:45:50,506 [ForkJoinPool.commonPool-worker-2] INFO  ozoneimpl.BackgroundContainerDataScanner (BackgroundContainerDataScanner.java:shutdown(141)) - ContainerDataScanner(/home/runner/work/ozone/ozone/hadoop-ozone/integration-test/target/test-dir/MiniOzoneClusterImpl-f8a85056-d908-4111-b8ec-0d6f55fc62ea/ozone-meta/datanode-3/data-0/hdds) is shutting down. 
2024-04-26 07:45:50,506 [ContainerDataScanner(/home/runner/work/ozone/ozone/hadoop-ozone/integration-test/target/test-dir/MiniOzoneClusterImpl-f8a85056-d908-4111-b8ec-0d6f55fc62ea/ozone-meta/datanode-3/data-0/hdds)] WARN  ozoneimpl.AbstractBackgroundContainerScanner (AbstractBackgroundContainerScanner.java:handleRemainingSleep(134)) - Background container scan was interrupted.
2024-04-26 07:45:50,507 [ContainerDataScanner(/home/runner/work/ozone/ozone/hadoop-ozone/integration-test/target/test-dir/MiniOzoneClusterImpl-f8a85056-d908-4111-b8ec-0d6f55fc62ea/ozone-meta/datanode-3/data-0/hdds)] INFO  ozoneimpl.AbstractBackgroundContainerScanner (AbstractBackgroundContainerScanner.java:run(61)) - ContainerDataScanner(/home/runner/work/ozone/ozone/hadoop-ozone/integration-test/target/test-dir/MiniOzoneClusterImpl-f8a85056-d908-4111-b8ec-0d6f55fc62ea/ozone-meta/datanode-3/data-0/hdds, DS-b240e260-4d7f-429f-9351-2c7cefcaac83) exiting.
2024-04-26 07:45:50,507 [ForkJoinPool.commonPool-worker-3] INFO  server.RaftServer (RaftServerProxy.java:lambda$close$9(416)) - 80986ccd-c217-439b-b85b-0b259797a488: close
2024-04-26 07:45:50,507 [80986ccd-c217-439b-b85b-0b259797a488-impl-thread1] INFO  server.RaftServer$Division (RaftServerImpl.java:lambda$close$3(526)) - 80986ccd-c217-439b-b85b-0b259797a488@group-AC1F55C45F87: shutdown
2024-04-26 07:45:50,507 [80986ccd-c217-439b-b85b-0b259797a488-impl-thread1] INFO  util.JmxRegister (JmxRegister.java:unregister(73)) - Successfully un-registered JMX Bean with object name Ratis:service=RaftServer,group=group-AC1F55C45F87,id=80986ccd-c217-439b-b85b-0b259797a488
2024-04-26 07:45:50,507 [80986ccd-c217-439b-b85b-0b259797a488-impl-thread1] INFO  impl.RoleInfo (RoleInfo.java:shutdownFollowerState(110)) - 80986ccd-c217-439b-b85b-0b259797a488: shutdown 80986ccd-c217-439b-b85b-0b259797a488@group-AC1F55C45F87-FollowerState
2024-04-26 07:45:50,507 [80986ccd-c217-439b-b85b-0b259797a488-impl-thread1] INFO  impl.StateMachineUpdater (StateMachineUpdater.java:stopAndJoin(157)) - 80986ccd-c217-439b-b85b-0b259797a488@group-AC1F55C45F87-StateMachineUpdater: set stopIndex = 0
2024-04-26 07:45:50,507 [80986ccd-c217-439b-b85b-0b259797a488@group-AC1F55C45F87-FollowerState] INFO  impl.FollowerState (FollowerState.java:run(152)) - 80986ccd-c217-439b-b85b-0b259797a488@group-AC1F55C45F87-FollowerState was interrupted
2024-04-26 07:45:50,507 [80986ccd-c217-439b-b85b-0b259797a488@group-AC1F55C45F87-StateMachineUpdater] INFO  ratis.ContainerStateMachine (ContainerStateMachine.java:takeSnapshot(355)) - group-AC1F55C45F87: Taking a snapshot at:(t:1, i:0) file /home/runner/work/ozone/ozone/hadoop-ozone/integration-test/target/test-dir/MiniOzoneClusterImpl-f8a85056-d908-4111-b8ec-0d6f55fc62ea/ozone-meta/datanode-8/ratis/88fe2527-0b70-47e4-af82-ac1f55c45f87/sm/snapshot.1_0
2024-04-26 07:45:50,507 [ForkJoinPool.commonPool-worker-2] INFO  server.RaftServer (RaftServerProxy.java:lambda$close$9(416)) - cad2128f-a1ed-4156-bd3d-e0bb4df6aa32: close
2024-04-26 07:45:50,507 [ForkJoinPool.commonPool-worker-2] INFO  server.GrpcService (GrpcService.java:closeImpl(311)) - cad2128f-a1ed-4156-bd3d-e0bb4df6aa32: shutdown server org.apache.ratis.grpc.server.GrpcClientProtocolService now
2024-04-26 07:45:50,507 [cad2128f-a1ed-4156-bd3d-e0bb4df6aa32-impl-thread1] INFO  server.RaftServer$Division (RaftServerImpl.java:lambda$close$3(526)) - cad2128f-a1ed-4156-bd3d-e0bb4df6aa32@group-344275F2E69F: shutdown
2024-04-26 07:45:50,507 [ForkJoinPool.commonPool-worker-4] INFO  ozoneimpl.OzoneContainer (OzoneContainer.java:stop(481)) - Attempting to stop container services.
2024-04-26 07:45:50,507 [ContainerMetadataScanner] WARN  ozoneimpl.AbstractBackgroundContainerScanner (AbstractBackgroundContainerScanner.java:handleRemainingSleep(134)) - Background container scan was interrupted.
2024-04-26 07:45:50,508 [ContainerMetadataScanner] INFO  ozoneimpl.AbstractBackgroundContainerScanner (AbstractBackgroundContainerScanner.java:run(61)) - Thread[ContainerMetadataScanner,5,main] exiting.
2024-04-26 07:45:50,507 [cad2128f-a1ed-4156-bd3d-e0bb4df6aa32-impl-thread1] INFO  util.JmxRegister (JmxRegister.java:unregister(73)) - Successfully un-registered JMX Bean with object name Ratis:service=RaftServer,group=group-344275F2E69F,id=cad2128f-a1ed-4156-bd3d-e0bb4df6aa32
2024-04-26 07:45:50,508 [cad2128f-a1ed-4156-bd3d-e0bb4df6aa32-impl-thread1] INFO  impl.RoleInfo (RoleInfo.java:shutdownLeaderState(94)) - cad2128f-a1ed-4156-bd3d-e0bb4df6aa32: shutdown cad2128f-a1ed-4156-bd3d-e0bb4df6aa32@group-344275F2E69F-LeaderStateImpl
2024-04-26 07:45:50,508 [cad2128f-a1ed-4156-bd3d-e0bb4df6aa32-impl-thread1] INFO  impl.PendingRequests (PendingRequests.java:sendNotLeaderResponses(289)) - cad2128f-a1ed-4156-bd3d-e0bb4df6aa32@group-344275F2E69F-PendingRequests: sendNotLeaderResponses
2024-04-26 07:45:50,508 [80986ccd-c217-439b-b85b-0b259797a488@group-AC1F55C45F87-StateMachineUpdater] INFO  ratis.ContainerStateMachine (ContainerStateMachine.java:takeSnapshot(366)) - group-AC1F55C45F87: Finished taking a snapshot at:(t:1, i:0) file:/home/runner/work/ozone/ozone/hadoop-ozone/integration-test/target/test-dir/MiniOzoneClusterImpl-f8a85056-d908-4111-b8ec-0d6f55fc62ea/ozone-meta/datanode-8/ratis/88fe2527-0b70-47e4-af82-ac1f55c45f87/sm/snapshot.1_0 took: 1 ms
2024-04-26 07:45:50,508 [80986ccd-c217-439b-b85b-0b259797a488@group-AC1F55C45F87-StateMachineUpdater] INFO  impl.StateMachineUpdater (StateMachineUpdater.java:takeSnapshot(295)) - 80986ccd-c217-439b-b85b-0b259797a488@group-AC1F55C45F87-StateMachineUpdater: Took a snapshot at index 0
2024-04-26 07:45:50,508 [cad2128f-a1ed-4156-bd3d-e0bb4df6aa32-impl-thread1] INFO  impl.StateMachineUpdater (StateMachineUpdater.java:stopAndJoin(157)) - cad2128f-a1ed-4156-bd3d-e0bb4df6aa32@group-344275F2E69F-StateMachineUpdater: set stopIndex = 0
2024-04-26 07:45:50,508 [cad2128f-a1ed-4156-bd3d-e0bb4df6aa32@group-344275F2E69F-StateMachineUpdater] INFO  ratis.ContainerStateMachine (ContainerStateMachine.java:takeSnapshot(355)) - group-344275F2E69F: Taking a snapshot at:(t:1, i:0) file /home/runner/work/ozone/ozone/hadoop-ozone/integration-test/target/test-dir/MiniOzoneClusterImpl-f8a85056-d908-4111-b8ec-0d6f55fc62ea/ozone-meta/datanode-3/ratis/ca173b33-85ae-4baa-a536-344275f2e69f/sm/snapshot.1_0
2024-04-26 07:45:50,508 [ForkJoinPool.commonPool-worker-4] INFO  ozoneimpl.BackgroundContainerDataScanner (BackgroundContainerDataScanner.java:shutdown(141)) - ContainerDataScanner(/home/runner/work/ozone/ozone/hadoop-ozone/integration-test/target/test-dir/MiniOzoneClusterImpl-f8a85056-d908-4111-b8ec-0d6f55fc62ea/ozone-meta/datanode-4/data-0/hdds) is shutting down. 
2024-04-26 07:45:50,508 [80986ccd-c217-439b-b85b-0b259797a488@group-AC1F55C45F87-StateMachineUpdater] INFO  impl.StateMachineUpdater (StateMachineUpdater.java:lambda$new$0(98)) - 80986ccd-c217-439b-b85b-0b259797a488@group-AC1F55C45F87-StateMachineUpdater: snapshotIndex: updateIncreasingly -1 -> 0
2024-04-26 07:45:50,509 [80986ccd-c217-439b-b85b-0b259797a488-impl-thread1] INFO  server.RaftServer$Division (ServerState.java:close(427)) - 80986ccd-c217-439b-b85b-0b259797a488@group-AC1F55C45F87: applyIndex: 0
2024-04-26 07:45:50,509 [80986ccd-c217-439b-b85b-0b259797a488@group-AC1F55C45F87-cacheEviction-AwaitToRun] INFO  util.AwaitToRun (AwaitToRun.java:run(49)) - 80986ccd-c217-439b-b85b-0b259797a488@group-AC1F55C45F87-cacheEviction-AwaitToRun-AwaitForSignal is interrupted
2024-04-26 07:45:50,509 [ContainerDataScanner(/home/runner/work/ozone/ozone/hadoop-ozone/integration-test/target/test-dir/MiniOzoneClusterImpl-f8a85056-d908-4111-b8ec-0d6f55fc62ea/ozone-meta/datanode-4/data-0/hdds)] WARN  ozoneimpl.AbstractBackgroundContainerScanner (AbstractBackgroundContainerScanner.java:handleRemainingSleep(134)) - Background container scan was interrupted.
2024-04-26 07:45:50,509 [ContainerDataScanner(/home/runner/work/ozone/ozone/hadoop-ozone/integration-test/target/test-dir/MiniOzoneClusterImpl-f8a85056-d908-4111-b8ec-0d6f55fc62ea/ozone-meta/datanode-4/data-0/hdds)] INFO  ozoneimpl.AbstractBackgroundContainerScanner (AbstractBackgroundContainerScanner.java:run(61)) - ContainerDataScanner(/home/runner/work/ozone/ozone/hadoop-ozone/integration-test/target/test-dir/MiniOzoneClusterImpl-f8a85056-d908-4111-b8ec-0d6f55fc62ea/ozone-meta/datanode-4/data-0/hdds, DS-2a67be2f-0356-419a-a9bb-6e2af2d0ce8e) exiting.
2024-04-26 07:45:50,509 [ForkJoinPool.commonPool-worker-4] INFO  server.RaftServer (RaftServerProxy.java:lambda$close$9(416)) - 007259ab-dd98-41c4-869b-5f1f47ad54d0: close
2024-04-26 07:45:50,510 [007259ab-dd98-41c4-869b-5f1f47ad54d0-impl-thread1] INFO  server.RaftServer$Division (RaftServerImpl.java:lambda$close$3(526)) - 007259ab-dd98-41c4-869b-5f1f47ad54d0@group-8DF680F5D577: shutdown
2024-04-26 07:45:50,510 [007259ab-dd98-41c4-869b-5f1f47ad54d0-impl-thread1] INFO  util.JmxRegister (JmxRegister.java:unregister(73)) - Successfully un-registered JMX Bean with object name Ratis:service=RaftServer,group=group-8DF680F5D577,id=007259ab-dd98-41c4-869b-5f1f47ad54d0
2024-04-26 07:45:50,510 [007259ab-dd98-41c4-869b-5f1f47ad54d0-impl-thread1] INFO  impl.RoleInfo (RoleInfo.java:shutdownLeaderState(94)) - 007259ab-dd98-41c4-869b-5f1f47ad54d0: shutdown 007259ab-dd98-41c4-869b-5f1f47ad54d0@group-8DF680F5D577-LeaderStateImpl
2024-04-26 07:45:50,510 [007259ab-dd98-41c4-869b-5f1f47ad54d0-impl-thread1] INFO  impl.PendingRequests (PendingRequests.java:sendNotLeaderResponses(289)) - 007259ab-dd98-41c4-869b-5f1f47ad54d0@group-8DF680F5D577-PendingRequests: sendNotLeaderResponses
2024-04-26 07:45:50,510 [007259ab-dd98-41c4-869b-5f1f47ad54d0-impl-thread2] INFO  server.RaftServer$Division (RaftServerImpl.java:lambda$close$3(526)) - 007259ab-dd98-41c4-869b-5f1f47ad54d0@group-8AF491E1D12D: shutdown
2024-04-26 07:45:50,510 [007259ab-dd98-41c4-869b-5f1f47ad54d0-impl-thread2] INFO  util.JmxRegister (JmxRegister.java:unregister(73)) - Successfully un-registered JMX Bean with object name Ratis:service=RaftServer,group=group-8AF491E1D12D,id=007259ab-dd98-41c4-869b-5f1f47ad54d0
2024-04-26 07:45:50,510 [007259ab-dd98-41c4-869b-5f1f47ad54d0-impl-thread2] INFO  impl.RoleInfo (RoleInfo.java:shutdownFollowerState(110)) - 007259ab-dd98-41c4-869b-5f1f47ad54d0: shutdown 007259ab-dd98-41c4-869b-5f1f47ad54d0@group-8AF491E1D12D-FollowerState
2024-04-26 07:45:50,510 [007259ab-dd98-41c4-869b-5f1f47ad54d0-impl-thread2] INFO  impl.StateMachineUpdater (StateMachineUpdater.java:stopAndJoin(157)) - 007259ab-dd98-41c4-869b-5f1f47ad54d0@group-8AF491E1D12D-StateMachineUpdater: set stopIndex = 0
2024-04-26 07:45:50,510 [007259ab-dd98-41c4-869b-5f1f47ad54d0-impl-thread1] INFO  impl.StateMachineUpdater (StateMachineUpdater.java:stopAndJoin(157)) - 007259ab-dd98-41c4-869b-5f1f47ad54d0@group-8DF680F5D577-StateMachineUpdater: set stopIndex = 0
2024-04-26 07:45:50,510 [007259ab-dd98-41c4-869b-5f1f47ad54d0@group-8AF491E1D12D-FollowerState] INFO  impl.FollowerState (FollowerState.java:run(152)) - 007259ab-dd98-41c4-869b-5f1f47ad54d0@group-8AF491E1D12D-FollowerState was interrupted
2024-04-26 07:45:50,510 [007259ab-dd98-41c4-869b-5f1f47ad54d0@group-8DF680F5D577-StateMachineUpdater] INFO  ratis.ContainerStateMachine (ContainerStateMachine.java:takeSnapshot(355)) - group-8DF680F5D577: Taking a snapshot at:(t:1, i:0) file /home/runner/work/ozone/ozone/hadoop-ozone/integration-test/target/test-dir/MiniOzoneClusterImpl-f8a85056-d908-4111-b8ec-0d6f55fc62ea/ozone-meta/datanode-4/ratis/2ead501a-c731-4c4e-9db9-8df680f5d577/sm/snapshot.1_0
2024-04-26 07:45:50,508 [80986ccd-c217-439b-b85b-0b259797a488-impl-thread2] INFO  server.RaftServer$Division (RaftServerImpl.java:lambda$close$3(526)) - 80986ccd-c217-439b-b85b-0b259797a488@group-70705423EFD3: shutdown
2024-04-26 07:45:50,508 [ForkJoinPool.commonPool-worker-3] INFO  server.GrpcService (GrpcService.java:closeImpl(311)) - 80986ccd-c217-439b-b85b-0b259797a488: shutdown server org.apache.ratis.grpc.server.GrpcClientProtocolService now
2024-04-26 07:45:50,511 [007259ab-dd98-41c4-869b-5f1f47ad54d0@group-8DF680F5D577-StateMachineUpdater] INFO  ratis.ContainerStateMachine (ContainerStateMachine.java:takeSnapshot(366)) - group-8DF680F5D577: Finished taking a snapshot at:(t:1, i:0) file:/home/runner/work/ozone/ozone/hadoop-ozone/integration-test/target/test-dir/MiniOzoneClusterImpl-f8a85056-d908-4111-b8ec-0d6f55fc62ea/ozone-meta/datanode-4/ratis/2ead501a-c731-4c4e-9db9-8df680f5d577/sm/snapshot.1_0 took: 1 ms
2024-04-26 07:45:50,511 [80986ccd-c217-439b-b85b-0b259797a488-impl-thread2] INFO  util.JmxRegister (JmxRegister.java:unregister(73)) - Successfully un-registered JMX Bean with object name Ratis:service=RaftServer,group=group-70705423EFD3,id=80986ccd-c217-439b-b85b-0b259797a488
2024-04-26 07:45:50,511 [80986ccd-c217-439b-b85b-0b259797a488-impl-thread2] INFO  impl.RoleInfo (RoleInfo.java:shutdownLeaderState(94)) - 80986ccd-c217-439b-b85b-0b259797a488: shutdown 80986ccd-c217-439b-b85b-0b259797a488@group-70705423EFD3-LeaderStateImpl
2024-04-26 07:45:50,510 [007259ab-dd98-41c4-869b-5f1f47ad54d0@group-8AF491E1D12D-StateMachineUpdater] INFO  ratis.ContainerStateMachine (ContainerStateMachine.java:takeSnapshot(355)) - group-8AF491E1D12D: Taking a snapshot at:(t:1, i:0) file /home/runner/work/ozone/ozone/hadoop-ozone/integration-test/target/test-dir/MiniOzoneClusterImpl-f8a85056-d908-4111-b8ec-0d6f55fc62ea/ozone-meta/datanode-4/ratis/85b95419-6240-4eec-a6b9-8af491e1d12d/sm/snapshot.1_0
2024-04-26 07:45:50,510 [ForkJoinPool.commonPool-worker-4] INFO  server.GrpcService (GrpcService.java:closeImpl(311)) - 007259ab-dd98-41c4-869b-5f1f47ad54d0: shutdown server org.apache.ratis.grpc.server.GrpcClientProtocolService now
2024-04-26 07:45:50,510 [main] INFO  ozoneimpl.OzoneContainer (OzoneContainer.java:stop(481)) - Attempting to stop container services.
2024-04-26 07:45:50,509 [cad2128f-a1ed-4156-bd3d-e0bb4df6aa32@group-344275F2E69F-StateMachineUpdater] INFO  ratis.ContainerStateMachine (ContainerStateMachine.java:takeSnapshot(366)) - group-344275F2E69F: Finished taking a snapshot at:(t:1, i:0) file:/home/runner/work/ozone/ozone/hadoop-ozone/integration-test/target/test-dir/MiniOzoneClusterImpl-f8a85056-d908-4111-b8ec-0d6f55fc62ea/ozone-meta/datanode-3/ratis/ca173b33-85ae-4baa-a536-344275f2e69f/sm/snapshot.1_0 took: 1 ms
2024-04-26 07:45:50,512 [ContainerMetadataScanner] WARN  ozoneimpl.AbstractBackgroundContainerScanner (AbstractBackgroundContainerScanner.java:handleRemainingSleep(134)) - Background container scan was interrupted.
2024-04-26 07:45:50,512 [ContainerMetadataScanner] INFO  ozoneimpl.AbstractBackgroundContainerScanner (AbstractBackgroundContainerScanner.java:run(61)) - Thread[ContainerMetadataScanner,5,main] exiting.
2024-04-26 07:45:50,511 [80986ccd-c217-439b-b85b-0b259797a488-impl-thread2] INFO  impl.PendingRequests (PendingRequests.java:sendNotLeaderResponses(289)) - 80986ccd-c217-439b-b85b-0b259797a488@group-70705423EFD3-PendingRequests: sendNotLeaderResponses
2024-04-26 07:45:50,511 [007259ab-dd98-41c4-869b-5f1f47ad54d0@group-8DF680F5D577-StateMachineUpdater] INFO  impl.StateMachineUpdater (StateMachineUpdater.java:takeSnapshot(295)) - 007259ab-dd98-41c4-869b-5f1f47ad54d0@group-8DF680F5D577-StateMachineUpdater: Took a snapshot at index 0
2024-04-26 07:45:50,512 [main] INFO  ozoneimpl.BackgroundContainerDataScanner (BackgroundContainerDataScanner.java:shutdown(141)) - ContainerDataScanner(/home/runner/work/ozone/ozone/hadoop-ozone/integration-test/target/test-dir/MiniOzoneClusterImpl-f8a85056-d908-4111-b8ec-0d6f55fc62ea/ozone-meta/datanode-6/data-0/hdds) is shutting down. 
2024-04-26 07:45:50,512 [cad2128f-a1ed-4156-bd3d-e0bb4df6aa32@group-344275F2E69F-StateMachineUpdater] INFO  impl.StateMachineUpdater (StateMachineUpdater.java:takeSnapshot(295)) - cad2128f-a1ed-4156-bd3d-e0bb4df6aa32@group-344275F2E69F-StateMachineUpdater: Took a snapshot at index 0
2024-04-26 07:45:50,512 [007259ab-dd98-41c4-869b-5f1f47ad54d0@group-8AF491E1D12D-StateMachineUpdater] INFO  ratis.ContainerStateMachine (ContainerStateMachine.java:takeSnapshot(366)) - group-8AF491E1D12D: Finished taking a snapshot at:(t:1, i:0) file:/home/runner/work/ozone/ozone/hadoop-ozone/integration-test/target/test-dir/MiniOzoneClusterImpl-f8a85056-d908-4111-b8ec-0d6f55fc62ea/ozone-meta/datanode-4/ratis/85b95419-6240-4eec-a6b9-8af491e1d12d/sm/snapshot.1_0 took: 2 ms
2024-04-26 07:45:50,512 [cad2128f-a1ed-4156-bd3d-e0bb4df6aa32@group-344275F2E69F-StateMachineUpdater] INFO  impl.StateMachineUpdater (StateMachineUpdater.java:lambda$new$0(98)) - cad2128f-a1ed-4156-bd3d-e0bb4df6aa32@group-344275F2E69F-StateMachineUpdater: snapshotIndex: updateIncreasingly -1 -> 0
2024-04-26 07:45:50,512 [ContainerDataScanner(/home/runner/work/ozone/ozone/hadoop-ozone/integration-test/target/test-dir/MiniOzoneClusterImpl-f8a85056-d908-4111-b8ec-0d6f55fc62ea/ozone-meta/datanode-6/data-0/hdds)] WARN  ozoneimpl.AbstractBackgroundContainerScanner (AbstractBackgroundContainerScanner.java:handleRemainingSleep(134)) - Background container scan was interrupted.
2024-04-26 07:45:50,512 [ContainerDataScanner(/home/runner/work/ozone/ozone/hadoop-ozone/integration-test/target/test-dir/MiniOzoneClusterImpl-f8a85056-d908-4111-b8ec-0d6f55fc62ea/ozone-meta/datanode-6/data-0/hdds)] INFO  ozoneimpl.AbstractBackgroundContainerScanner (AbstractBackgroundContainerScanner.java:run(61)) - ContainerDataScanner(/home/runner/work/ozone/ozone/hadoop-ozone/integration-test/target/test-dir/MiniOzoneClusterImpl-f8a85056-d908-4111-b8ec-0d6f55fc62ea/ozone-meta/datanode-6/data-0/hdds, DS-771a7fcf-6bd4-4a05-b03a-07b10e325a5d) exiting.
2024-04-26 07:45:50,512 [007259ab-dd98-41c4-869b-5f1f47ad54d0@group-8DF680F5D577-StateMachineUpdater] INFO  impl.StateMachineUpdater (StateMachineUpdater.java:lambda$new$0(98)) - 007259ab-dd98-41c4-869b-5f1f47ad54d0@group-8DF680F5D577-StateMachineUpdater: snapshotIndex: updateIncreasingly -1 -> 0
2024-04-26 07:45:50,512 [cad2128f-a1ed-4156-bd3d-e0bb4df6aa32-impl-thread1] INFO  server.RaftServer$Division (ServerState.java:close(427)) - cad2128f-a1ed-4156-bd3d-e0bb4df6aa32@group-344275F2E69F: applyIndex: 0
2024-04-26 07:45:50,512 [main] INFO  server.RaftServer (RaftServerProxy.java:lambda$close$9(416)) - 66bce337-27b9-4953-b5f8-11fc3ae630c2: close
2024-04-26 07:45:50,512 [66bce337-27b9-4953-b5f8-11fc3ae630c2-impl-thread1] INFO  server.RaftServer$Division (RaftServerImpl.java:lambda$close$3(526)) - 66bce337-27b9-4953-b5f8-11fc3ae630c2@group-A271859F91B2: shutdown
2024-04-26 07:45:50,513 [66bce337-27b9-4953-b5f8-11fc3ae630c2-impl-thread1] INFO  util.JmxRegister (JmxRegister.java:unregister(73)) - Successfully un-registered JMX Bean with object name Ratis:service=RaftServer,group=group-A271859F91B2,id=66bce337-27b9-4953-b5f8-11fc3ae630c2
2024-04-26 07:45:50,513 [66bce337-27b9-4953-b5f8-11fc3ae630c2-impl-thread1] INFO  impl.RoleInfo (RoleInfo.java:shutdownLeaderState(94)) - 66bce337-27b9-4953-b5f8-11fc3ae630c2: shutdown 66bce337-27b9-4953-b5f8-11fc3ae630c2@group-A271859F91B2-LeaderStateImpl
2024-04-26 07:45:50,513 [66bce337-27b9-4953-b5f8-11fc3ae630c2-impl-thread1] INFO  impl.PendingRequests (PendingRequests.java:sendNotLeaderResponses(289)) - 66bce337-27b9-4953-b5f8-11fc3ae630c2@group-A271859F91B2-PendingRequests: sendNotLeaderResponses
2024-04-26 07:45:50,513 [66bce337-27b9-4953-b5f8-11fc3ae630c2-impl-thread1] INFO  impl.StateMachineUpdater (StateMachineUpdater.java:stopAndJoin(157)) - 66bce337-27b9-4953-b5f8-11fc3ae630c2@group-A271859F91B2-StateMachineUpdater: set stopIndex = 0
2024-04-26 07:45:50,512 [007259ab-dd98-41c4-869b-5f1f47ad54d0@group-8AF491E1D12D-StateMachineUpdater] INFO  impl.StateMachineUpdater (StateMachineUpdater.java:takeSnapshot(295)) - 007259ab-dd98-41c4-869b-5f1f47ad54d0@group-8AF491E1D12D-StateMachineUpdater: Took a snapshot at index 0
2024-04-26 07:45:50,513 [66bce337-27b9-4953-b5f8-11fc3ae630c2@group-A271859F91B2-StateMachineUpdater] INFO  ratis.ContainerStateMachine (ContainerStateMachine.java:takeSnapshot(355)) - group-A271859F91B2: Taking a snapshot at:(t:1, i:0) file /home/runner/work/ozone/ozone/hadoop-ozone/integration-test/target/test-dir/MiniOzoneClusterImpl-f8a85056-d908-4111-b8ec-0d6f55fc62ea/ozone-meta/datanode-6/ratis/92024e04-02b9-4e5a-81bf-a271859f91b2/sm/snapshot.1_0
2024-04-26 07:45:50,513 [cad2128f-a1ed-4156-bd3d-e0bb4df6aa32@group-344275F2E69F-cacheEviction-AwaitToRun] INFO  util.AwaitToRun (AwaitToRun.java:run(49)) - cad2128f-a1ed-4156-bd3d-e0bb4df6aa32@group-344275F2E69F-cacheEviction-AwaitToRun-AwaitForSignal is interrupted
2024-04-26 07:45:50,512 [007259ab-dd98-41c4-869b-5f1f47ad54d0-impl-thread1] INFO  server.RaftServer$Division (ServerState.java:close(427)) - 007259ab-dd98-41c4-869b-5f1f47ad54d0@group-8DF680F5D577: applyIndex: 0
2024-04-26 07:45:50,513 [007259ab-dd98-41c4-869b-5f1f47ad54d0@group-8AF491E1D12D-StateMachineUpdater] INFO  impl.StateMachineUpdater (StateMachineUpdater.java:lambda$new$0(98)) - 007259ab-dd98-41c4-869b-5f1f47ad54d0@group-8AF491E1D12D-StateMachineUpdater: snapshotIndex: updateIncreasingly -1 -> 0
2024-04-26 07:45:50,513 [007259ab-dd98-41c4-869b-5f1f47ad54d0@group-8DF680F5D577-cacheEviction-AwaitToRun] INFO  util.AwaitToRun (AwaitToRun.java:run(49)) - 007259ab-dd98-41c4-869b-5f1f47ad54d0@group-8DF680F5D577-cacheEviction-AwaitToRun-AwaitForSignal is interrupted
2024-04-26 07:45:50,514 [66bce337-27b9-4953-b5f8-11fc3ae630c2@group-A271859F91B2-StateMachineUpdater] INFO  ratis.ContainerStateMachine (ContainerStateMachine.java:takeSnapshot(366)) - group-A271859F91B2: Finished taking a snapshot at:(t:1, i:0) file:/home/runner/work/ozone/ozone/hadoop-ozone/integration-test/target/test-dir/MiniOzoneClusterImpl-f8a85056-d908-4111-b8ec-0d6f55fc62ea/ozone-meta/datanode-6/ratis/92024e04-02b9-4e5a-81bf-a271859f91b2/sm/snapshot.1_0 took: 1 ms
2024-04-26 07:45:50,514 [66bce337-27b9-4953-b5f8-11fc3ae630c2@group-A271859F91B2-StateMachineUpdater] INFO  impl.StateMachineUpdater (StateMachineUpdater.java:takeSnapshot(295)) - 66bce337-27b9-4953-b5f8-11fc3ae630c2@group-A271859F91B2-StateMachineUpdater: Took a snapshot at index 0
2024-04-26 07:45:50,514 [66bce337-27b9-4953-b5f8-11fc3ae630c2@group-A271859F91B2-StateMachineUpdater] INFO  impl.StateMachineUpdater (StateMachineUpdater.java:lambda$new$0(98)) - 66bce337-27b9-4953-b5f8-11fc3ae630c2@group-A271859F91B2-StateMachineUpdater: snapshotIndex: updateIncreasingly -1 -> 0
2024-04-26 07:45:50,514 [80986ccd-c217-439b-b85b-0b259797a488@group-70705423EFD3-StateMachineUpdater] INFO  ratis.ContainerStateMachine (ContainerStateMachine.java:takeSnapshot(355)) - group-70705423EFD3: Taking a snapshot at:(t:1, i:0) file /home/runner/work/ozone/ozone/hadoop-ozone/integration-test/target/test-dir/MiniOzoneClusterImpl-f8a85056-d908-4111-b8ec-0d6f55fc62ea/ozone-meta/datanode-8/ratis/a8217075-1133-4cf1-83f1-70705423efd3/sm/snapshot.1_0
2024-04-26 07:45:50,514 [66bce337-27b9-4953-b5f8-11fc3ae630c2-impl-thread1] INFO  server.RaftServer$Division (ServerState.java:close(427)) - 66bce337-27b9-4953-b5f8-11fc3ae630c2@group-A271859F91B2: applyIndex: 0
2024-04-26 07:45:50,514 [80986ccd-c217-439b-b85b-0b259797a488-impl-thread2] INFO  impl.StateMachineUpdater (StateMachineUpdater.java:stopAndJoin(157)) - 80986ccd-c217-439b-b85b-0b259797a488@group-70705423EFD3-StateMachineUpdater: set stopIndex = 0
2024-04-26 07:45:50,514 [66bce337-27b9-4953-b5f8-11fc3ae630c2@group-A271859F91B2-cacheEviction-AwaitToRun] INFO  util.AwaitToRun (AwaitToRun.java:run(49)) - 66bce337-27b9-4953-b5f8-11fc3ae630c2@group-A271859F91B2-cacheEviction-AwaitToRun-AwaitForSignal is interrupted
2024-04-26 07:45:50,514 [007259ab-dd98-41c4-869b-5f1f47ad54d0-impl-thread2] INFO  server.RaftServer$Division (ServerState.java:close(427)) - 007259ab-dd98-41c4-869b-5f1f47ad54d0@group-8AF491E1D12D: applyIndex: 0
2024-04-26 07:45:50,514 [80986ccd-c217-439b-b85b-0b259797a488@group-70705423EFD3-StateMachineUpdater] INFO  ratis.ContainerStateMachine (ContainerStateMachine.java:takeSnapshot(366)) - group-70705423EFD3: Finished taking a snapshot at:(t:1, i:0) file:/home/runner/work/ozone/ozone/hadoop-ozone/integration-test/target/test-dir/MiniOzoneClusterImpl-f8a85056-d908-4111-b8ec-0d6f55fc62ea/ozone-meta/datanode-8/ratis/a8217075-1133-4cf1-83f1-70705423efd3/sm/snapshot.1_0 took: 0 ms
2024-04-26 07:45:50,514 [007259ab-dd98-41c4-869b-5f1f47ad54d0@group-8AF491E1D12D-cacheEviction-AwaitToRun] INFO  util.AwaitToRun (AwaitToRun.java:run(49)) - 007259ab-dd98-41c4-869b-5f1f47ad54d0@group-8AF491E1D12D-cacheEviction-AwaitToRun-AwaitForSignal is interrupted
2024-04-26 07:45:50,514 [80986ccd-c217-439b-b85b-0b259797a488@group-70705423EFD3-StateMachineUpdater] INFO  impl.StateMachineUpdater (StateMachineUpdater.java:takeSnapshot(295)) - 80986ccd-c217-439b-b85b-0b259797a488@group-70705423EFD3-StateMachineUpdater: Took a snapshot at index 0
2024-04-26 07:45:50,514 [80986ccd-c217-439b-b85b-0b259797a488@group-70705423EFD3-StateMachineUpdater] INFO  impl.StateMachineUpdater (StateMachineUpdater.java:lambda$new$0(98)) - 80986ccd-c217-439b-b85b-0b259797a488@group-70705423EFD3-StateMachineUpdater: snapshotIndex: updateIncreasingly -1 -> 0
2024-04-26 07:45:50,515 [80986ccd-c217-439b-b85b-0b259797a488-impl-thread2] INFO  server.RaftServer$Division (ServerState.java:close(427)) - 80986ccd-c217-439b-b85b-0b259797a488@group-70705423EFD3: applyIndex: 0
2024-04-26 07:45:50,515 [80986ccd-c217-439b-b85b-0b259797a488@group-70705423EFD3-cacheEviction-AwaitToRun] INFO  util.AwaitToRun (AwaitToRun.java:run(49)) - 80986ccd-c217-439b-b85b-0b259797a488@group-70705423EFD3-cacheEviction-AwaitToRun-AwaitForSignal is interrupted
2024-04-26 07:45:50,516 [Thread-5902] INFO  server.GrpcServerProtocolClient (GrpcServerProtocolClient.java:close(103)) - 69327c76-d33b-4896-9f65-b4e7feed79ae Close channels
2024-04-26 07:45:50,517 [Thread-5900] INFO  server.GrpcServerProtocolClient (GrpcServerProtocolClient.java:close(103)) - 3adbcf3a-f954-449d-af41-94271594c360 Close channels
2024-04-26 07:45:50,517 [Thread-5904] INFO  server.GrpcServerProtocolClient (GrpcServerProtocolClient.java:close(103)) - 66bce337-27b9-4953-b5f8-11fc3ae630c2 Close channels
2024-04-26 07:45:50,517 [ForkJoinPool.commonPool-worker-4] INFO  server.GrpcService (GrpcService.java:closeImpl(320)) - 007259ab-dd98-41c4-869b-5f1f47ad54d0: shutdown server org.apache.ratis.grpc.server.GrpcClientProtocolService successfully
2024-04-26 07:45:50,517 [ForkJoinPool.commonPool-worker-4] INFO  server.GrpcService (GrpcService.java:closeImpl(311)) - 007259ab-dd98-41c4-869b-5f1f47ad54d0: shutdown server GrpcServerProtocolService now
2024-04-26 07:45:50,517 [66bce337-27b9-4953-b5f8-11fc3ae630c2-impl-thread2] INFO  server.RaftServer$Division (RaftServerImpl.java:lambda$close$3(526)) - 66bce337-27b9-4953-b5f8-11fc3ae630c2@group-8AF491E1D12D: shutdown
2024-04-26 07:45:50,518 [grpc-default-executor-2] WARN  server.GrpcLogAppender (LogUtils.java:warn(121)) - 66bce337-27b9-4953-b5f8-11fc3ae630c2@group-8AF491E1D12D->007259ab-dd98-41c4-869b-5f1f47ad54d0-AppendLogResponseHandler: Failed appendEntries: org.apache.ratis.thirdparty.io.grpc.StatusRuntimeException: CANCELLED: RST_STREAM closed stream. HTTP/2 error code: CANCEL
2024-04-26 07:45:50,517 [main] INFO  server.GrpcService (GrpcService.java:closeImpl(311)) - 66bce337-27b9-4953-b5f8-11fc3ae630c2: shutdown server org.apache.ratis.grpc.server.GrpcClientProtocolService now
2024-04-26 07:45:50,518 [grpc-default-executor-2] WARN  server.GrpcLogAppender (GrpcLogAppender.java:lambda$resetClient$1(217)) - 66bce337-27b9-4953-b5f8-11fc3ae630c2@group-8AF491E1D12D->007259ab-dd98-41c4-869b-5f1f47ad54d0-GrpcLogAppender: Follower failed (request=null, errorCount=1); keep nextIndex (1) unchanged and retry.
2024-04-26 07:45:50,519 [ForkJoinPool.commonPool-worker-3] INFO  server.GrpcService (GrpcService.java:closeImpl(320)) - 80986ccd-c217-439b-b85b-0b259797a488: shutdown server org.apache.ratis.grpc.server.GrpcClientProtocolService successfully
2024-04-26 07:45:50,519 [ForkJoinPool.commonPool-worker-3] INFO  server.GrpcService (GrpcService.java:closeImpl(311)) - 80986ccd-c217-439b-b85b-0b259797a488: shutdown server GrpcServerProtocolService now
2024-04-26 07:45:50,519 [grpc-default-executor-8] WARN  server.GrpcServerProtocolService (LogUtils.java:warn(121)) - 80986ccd-c217-439b-b85b-0b259797a488: APPEND_ENTRIES onError, lastRequest: null: org.apache.ratis.thirdparty.io.grpc.StatusRuntimeException: CANCELLED: client cancelled
2024-04-26 07:45:50,519 [grpc-default-executor-8] WARN  server.GrpcLogAppender (LogUtils.java:warn(121)) - ac5950e9-78e7-4600-acb8-d4807d98be63@group-AC1F55C45F87->80986ccd-c217-439b-b85b-0b259797a488-AppendLogResponseHandler: Failed appendEntries: org.apache.ratis.thirdparty.io.grpc.StatusRuntimeException: CANCELLED: RST_STREAM closed stream. HTTP/2 error code: CANCEL
2024-04-26 07:45:50,520 [grpc-default-executor-8] WARN  server.GrpcLogAppender (GrpcLogAppender.java:lambda$resetClient$1(217)) - ac5950e9-78e7-4600-acb8-d4807d98be63@group-AC1F55C45F87->80986ccd-c217-439b-b85b-0b259797a488-GrpcLogAppender: Follower failed (request=null, errorCount=1); keep nextIndex (1) unchanged and retry.
2024-04-26 07:45:50,520 [grpc-default-executor-0] WARN  server.GrpcServerProtocolService (LogUtils.java:warn(121)) - 80986ccd-c217-439b-b85b-0b259797a488: APPEND_ENTRIES onError, lastRequest: ac5950e9-78e7-4600-acb8-d4807d98be63->80986ccd-c217-439b-b85b-0b259797a488#1-t1,previous=(t:0, i:0),leaderCommit=-1,initializing? false,entries: size=1, first=(t:1, i:0), CONFIGURATIONENTRY(current:id: "ac5950e9-78e7-4600-acb8-d4807d98be63"
address: "127.0.0.1:15442"
priority: 1
dataStreamAddress: "127.0.0.1:15443"
clientAddress: "127.0.0.1:15440"
adminAddress: "127.0.0.1:15441"
startupRole: FOLLOWER
,id: "00cfc371-235c-47c8-bc9b-47247119d947"
address: "127.0.0.1:15424"
dataStreamAddress: "127.0.0.1:15425"
clientAddress: "127.0.0.1:15422"
adminAddress: "127.0.0.1:15423"
startupRole: FOLLOWER
,id: "80986ccd-c217-439b-b85b-0b259797a488"
address: "127.0.0.1:15433"
dataStreamAddress: "127.0.0.1:15434"
clientAddress: "127.0.0.1:15431"
adminAddress: "127.0.0.1:15432"
startupRole: FOLLOWER
, old:): org.apache.ratis.thirdparty.io.grpc.StatusRuntimeException: CANCELLED: client cancelled
2024-04-26 07:45:50,520 [ForkJoinPool.commonPool-worker-1] INFO  ozoneimpl.OzoneContainer (OzoneContainer.java:stop(481)) - Attempting to stop container services.
2024-04-26 07:45:50,518 [grpc-default-executor-3] WARN  server.GrpcServerProtocolService (LogUtils.java:warn(121)) - 007259ab-dd98-41c4-869b-5f1f47ad54d0: APPEND_ENTRIES onError, lastRequest: 66bce337-27b9-4953-b5f8-11fc3ae630c2->007259ab-dd98-41c4-869b-5f1f47ad54d0#1-t1,previous=(t:0, i:0),leaderCommit=-1,initializing? false,entries: size=1, first=(t:1, i:0), CONFIGURATIONENTRY(current:id: "3adbcf3a-f954-449d-af41-94271594c360"
address: "127.0.0.1:15406"
dataStreamAddress: "127.0.0.1:15407"
clientAddress: "127.0.0.1:15404"
adminAddress: "127.0.0.1:15405"
startupRole: FOLLOWER
,id: "66bce337-27b9-4953-b5f8-11fc3ae630c2"
address: "127.0.0.1:15415"
priority: 1
dataStreamAddress: "127.0.0.1:15416"
clientAddress: "127.0.0.1:15413"
adminAddress: "127.0.0.1:15414"
startupRole: FOLLOWER
,id: "007259ab-dd98-41c4-869b-5f1f47ad54d0"
address: "127.0.0.1:15397"
dataStreamAddress: "127.0.0.1:15398"
clientAddress: "127.0.0.1:15395"
adminAddress: "127.0.0.1:15396"
startupRole: FOLLOWER
, old:): org.apache.ratis.thirdparty.io.grpc.StatusRuntimeException: CANCELLED: client cancelled
2024-04-26 07:45:50,520 [ContainerMetadataScanner] WARN  ozoneimpl.AbstractBackgroundContainerScanner (AbstractBackgroundContainerScanner.java:handleRemainingSleep(134)) - Background container scan was interrupted.
2024-04-26 07:45:50,520 [ContainerMetadataScanner] INFO  ozoneimpl.AbstractBackgroundContainerScanner (AbstractBackgroundContainerScanner.java:run(61)) - Thread[ContainerMetadataScanner,5,main] exiting.
2024-04-26 07:45:50,520 [ForkJoinPool.commonPool-worker-1] INFO  ozoneimpl.BackgroundContainerDataScanner (BackgroundContainerDataScanner.java:shutdown(141)) - ContainerDataScanner(/home/runner/work/ozone/ozone/hadoop-ozone/integration-test/target/test-dir/MiniOzoneClusterImpl-f8a85056-d908-4111-b8ec-0d6f55fc62ea/ozone-meta/datanode-7/data-0/hdds) is shutting down. 
2024-04-26 07:45:50,520 [66bce337-27b9-4953-b5f8-11fc3ae630c2-impl-thread2] INFO  util.JmxRegister (JmxRegister.java:unregister(73)) - Successfully un-registered JMX Bean with object name Ratis:service=RaftServer,group=group-8AF491E1D12D,id=66bce337-27b9-4953-b5f8-11fc3ae630c2
2024-04-26 07:45:50,520 [ContainerDataScanner(/home/runner/work/ozone/ozone/hadoop-ozone/integration-test/target/test-dir/MiniOzoneClusterImpl-f8a85056-d908-4111-b8ec-0d6f55fc62ea/ozone-meta/datanode-7/data-0/hdds)] WARN  ozoneimpl.AbstractBackgroundContainerScanner (AbstractBackgroundContainerScanner.java:handleRemainingSleep(134)) - Background container scan was interrupted.
2024-04-26 07:45:50,519 [grpc-default-executor-5] WARN  server.GrpcServerProtocolService (LogUtils.java:warn(121)) - 007259ab-dd98-41c4-869b-5f1f47ad54d0: APPEND_ENTRIES onError, lastRequest: null: org.apache.ratis.thirdparty.io.grpc.StatusRuntimeException: CANCELLED: client cancelled
2024-04-26 07:45:50,521 [ForkJoinPool.commonPool-worker-4] INFO  server.GrpcService (GrpcService.java:closeImpl(320)) - 007259ab-dd98-41c4-869b-5f1f47ad54d0: shutdown server GrpcServerProtocolService successfully
2024-04-26 07:45:50,521 [ForkJoinPool.commonPool-worker-4] INFO  server.GrpcService (GrpcService.java:closeImpl(311)) - 007259ab-dd98-41c4-869b-5f1f47ad54d0: shutdown server org.apache.ratis.grpc.server.GrpcAdminProtocolService now
2024-04-26 07:45:50,521 [Thread-5903] INFO  server.GrpcServerProtocolClient (GrpcServerProtocolClient.java:close(103)) - f684478f-b568-4af5-8d70-73cde96e1eae Close channels
2024-04-26 07:45:50,521 [ContainerDataScanner(/home/runner/work/ozone/ozone/hadoop-ozone/integration-test/target/test-dir/MiniOzoneClusterImpl-f8a85056-d908-4111-b8ec-0d6f55fc62ea/ozone-meta/datanode-7/data-0/hdds)] INFO  ozoneimpl.AbstractBackgroundContainerScanner (AbstractBackgroundContainerScanner.java:run(61)) - ContainerDataScanner(/home/runner/work/ozone/ozone/hadoop-ozone/integration-test/target/test-dir/MiniOzoneClusterImpl-f8a85056-d908-4111-b8ec-0d6f55fc62ea/ozone-meta/datanode-7/data-0/hdds, DS-fb01df69-0a33-4bba-b28b-1c8143c77ac8) exiting.
2024-04-26 07:45:50,522 [ForkJoinPool.commonPool-worker-2] INFO  server.GrpcService (GrpcService.java:closeImpl(320)) - cad2128f-a1ed-4156-bd3d-e0bb4df6aa32: shutdown server org.apache.ratis.grpc.server.GrpcClientProtocolService successfully
2024-04-26 07:45:50,522 [ForkJoinPool.commonPool-worker-2] INFO  server.GrpcService (GrpcService.java:closeImpl(311)) - cad2128f-a1ed-4156-bd3d-e0bb4df6aa32: shutdown server GrpcServerProtocolService now
2024-04-26 07:45:50,520 [66bce337-27b9-4953-b5f8-11fc3ae630c2-impl-thread2] INFO  impl.RoleInfo (RoleInfo.java:shutdownLeaderState(94)) - 66bce337-27b9-4953-b5f8-11fc3ae630c2: shutdown 66bce337-27b9-4953-b5f8-11fc3ae630c2@group-8AF491E1D12D-LeaderStateImpl
2024-04-26 07:45:50,522 [Thread-5917] INFO  server.GrpcServerProtocolClient (GrpcServerProtocolClient.java:close(103)) - 007259ab-dd98-41c4-869b-5f1f47ad54d0 Close channels
2024-04-26 07:45:50,520 [Thread-5909] INFO  server.GrpcServerProtocolClient (GrpcServerProtocolClient.java:close(103)) - 3adbcf3a-f954-449d-af41-94271594c360 Close channels
2024-04-26 07:45:50,523 [66bce337-27b9-4953-b5f8-11fc3ae630c2@group-8AF491E1D12D->3adbcf3a-f954-449d-af41-94271594c360-GrpcLogAppender-LogAppenderDaemon] WARN  server.GrpcLogAppender (GrpcLogAppender.java:mayWait(289)) - 66bce337-27b9-4953-b5f8-11fc3ae630c2@group-8AF491E1D12D->3adbcf3a-f954-449d-af41-94271594c360-GrpcLogAppender: Wait interrupted by java.lang.InterruptedException
2024-04-26 07:45:50,523 [ForkJoinPool.commonPool-worker-1] INFO  server.RaftServer (RaftServerProxy.java:lambda$close$9(416)) - 00cfc371-235c-47c8-bc9b-47247119d947: close
2024-04-26 07:45:50,523 [00cfc371-235c-47c8-bc9b-47247119d947-impl-thread1] INFO  server.RaftServer$Division (RaftServerImpl.java:lambda$close$3(526)) - 00cfc371-235c-47c8-bc9b-47247119d947@group-AC1F55C45F87: shutdown
2024-04-26 07:45:50,523 [ForkJoinPool.commonPool-worker-3] INFO  server.GrpcService (GrpcService.java:closeImpl(320)) - 80986ccd-c217-439b-b85b-0b259797a488: shutdown server GrpcServerProtocolService successfully
2024-04-26 07:45:50,523 [ForkJoinPool.commonPool-worker-3] INFO  server.GrpcService (GrpcService.java:closeImpl(311)) - 80986ccd-c217-439b-b85b-0b259797a488: shutdown server org.apache.ratis.grpc.server.GrpcAdminProtocolService now
2024-04-26 07:45:50,523 [66bce337-27b9-4953-b5f8-11fc3ae630c2@group-8AF491E1D12D->007259ab-dd98-41c4-869b-5f1f47ad54d0-GrpcLogAppender-LogAppenderDaemon] WARN  server.GrpcLogAppender (GrpcLogAppender.java:mayWait(289)) - 66bce337-27b9-4953-b5f8-11fc3ae630c2@group-8AF491E1D12D->007259ab-dd98-41c4-869b-5f1f47ad54d0-GrpcLogAppender: Wait interrupted by java.lang.InterruptedException
2024-04-26 07:45:50,523 [grpc-default-executor-5] INFO  server.GrpcServerProtocolService (GrpcServerProtocolService.java:onCompleted(157)) - 3adbcf3a-f954-449d-af41-94271594c360: Completed APPEND_ENTRIES, lastRequest: 66bce337-27b9-4953-b5f8-11fc3ae630c2->3adbcf3a-f954-449d-af41-94271594c360#1-t1,previous=(t:0, i:0),leaderCommit=-1,initializing? false,entries: size=1, first=(t:1, i:0), CONFIGURATIONENTRY(current:id: "3adbcf3a-f954-449d-af41-94271594c360"
address: "127.0.0.1:15406"
dataStreamAddress: "127.0.0.1:15407"
clientAddress: "127.0.0.1:15404"
adminAddress: "127.0.0.1:15405"
startupRole: FOLLOWER
,id: "66bce337-27b9-4953-b5f8-11fc3ae630c2"
address: "127.0.0.1:15415"
priority: 1
dataStreamAddress: "127.0.0.1:15416"
clientAddress: "127.0.0.1:15413"
adminAddress: "127.0.0.1:15414"
startupRole: FOLLOWER
,id: "007259ab-dd98-41c4-869b-5f1f47ad54d0"
address: "127.0.0.1:15397"
dataStreamAddress: "127.0.0.1:15398"
clientAddress: "127.0.0.1:15395"
adminAddress: "127.0.0.1:15396"
startupRole: FOLLOWER
, old:)
2024-04-26 07:45:50,523 [grpc-default-executor-5] INFO  server.GrpcServerProtocolService (GrpcServerProtocolService.java:lambda$onCompleted$5(159)) - 3adbcf3a-f954-449d-af41-94271594c360: Completed APPEND_ENTRIES, lastReply: null
2024-04-26 07:45:50,523 [grpc-default-executor-3] INFO  server.GrpcServerProtocolService (GrpcServerProtocolService.java:onCompleted(157)) - 3adbcf3a-f954-449d-af41-94271594c360: Completed APPEND_ENTRIES, lastRequest: null
2024-04-26 07:45:50,523 [007259ab-dd98-41c4-869b-5f1f47ad54d0-impl-thread2] INFO  segmented.SegmentedRaftLogWorker (SegmentedRaftLogWorker.java:close(245)) - 007259ab-dd98-41c4-869b-5f1f47ad54d0@group-8AF491E1D12D-SegmentedRaftLogWorker close()
2024-04-26 07:45:50,523 [00cfc371-235c-47c8-bc9b-47247119d947-impl-thread1] INFO  util.JmxRegister (JmxRegister.java:unregister(73)) - Successfully un-registered JMX Bean with object name Ratis:service=RaftServer,group=group-AC1F55C45F87,id=00cfc371-235c-47c8-bc9b-47247119d947
2024-04-26 07:45:50,524 [00cfc371-235c-47c8-bc9b-47247119d947-impl-thread1] INFO  impl.RoleInfo (RoleInfo.java:shutdownFollowerState(110)) - 00cfc371-235c-47c8-bc9b-47247119d947: shutdown 00cfc371-235c-47c8-bc9b-47247119d947@group-AC1F55C45F87-FollowerState
2024-04-26 07:45:50,524 [00cfc371-235c-47c8-bc9b-47247119d947-impl-thread1] INFO  impl.StateMachineUpdater (StateMachineUpdater.java:stopAndJoin(157)) - 00cfc371-235c-47c8-bc9b-47247119d947@group-AC1F55C45F87-StateMachineUpdater: set stopIndex = 0
2024-04-26 07:45:50,523 [66bce337-27b9-4953-b5f8-11fc3ae630c2-impl-thread2] INFO  impl.PendingRequests (PendingRequests.java:sendNotLeaderResponses(289)) - 66bce337-27b9-4953-b5f8-11fc3ae630c2@group-8AF491E1D12D-PendingRequests: sendNotLeaderResponses
2024-04-26 07:45:50,524 [grpc-default-executor-3] INFO  server.GrpcServerProtocolService (GrpcServerProtocolService.java:lambda$onCompleted$5(159)) - 3adbcf3a-f954-449d-af41-94271594c360: Completed APPEND_ENTRIES, lastReply: serverReply {
  requestorId: "66bce337-27b9-4953-b5f8-11fc3ae630c2"
  replyId: "3adbcf3a-f954-449d-af41-94271594c360"
  raftGroupId {
    id: "\205\271T\031b@N\354\246\271\212\364\221\341\321-"
  }
  callId: 13
  success: true
}
term: 1
nextIndex: 1
matchIndex: 18446744073709551615
isHearbeat: true

2024-04-26 07:45:50,524 [00cfc371-235c-47c8-bc9b-47247119d947@group-AC1F55C45F87-StateMachineUpdater] INFO  ratis.ContainerStateMachine (ContainerStateMachine.java:takeSnapshot(355)) - group-AC1F55C45F87: Taking a snapshot at:(t:1, i:0) file /home/runner/work/ozone/ozone/hadoop-ozone/integration-test/target/test-dir/MiniOzoneClusterImpl-f8a85056-d908-4111-b8ec-0d6f55fc62ea/ozone-meta/datanode-7/ratis/88fe2527-0b70-47e4-af82-ac1f55c45f87/sm/snapshot.1_0
2024-04-26 07:45:50,524 [66bce337-27b9-4953-b5f8-11fc3ae630c2@group-8AF491E1D12D-StateMachineUpdater] INFO  ratis.ContainerStateMachine (ContainerStateMachine.java:takeSnapshot(355)) - group-8AF491E1D12D: Taking a snapshot at:(t:1, i:0) file /home/runner/work/ozone/ozone/hadoop-ozone/integration-test/target/test-dir/MiniOzoneClusterImpl-f8a85056-d908-4111-b8ec-0d6f55fc62ea/ozone-meta/datanode-6/ratis/85b95419-6240-4eec-a6b9-8af491e1d12d/sm/snapshot.1_0
2024-04-26 07:45:50,524 [00cfc371-235c-47c8-bc9b-47247119d947@group-AC1F55C45F87-FollowerState] INFO  impl.FollowerState (FollowerState.java:run(152)) - 00cfc371-235c-47c8-bc9b-47247119d947@group-AC1F55C45F87-FollowerState was interrupted
2024-04-26 07:45:50,525 [grpc-default-executor-3] INFO  server.GrpcLogAppender (GrpcLogAppender.java:onCompleted(546)) - 66bce337-27b9-4953-b5f8-11fc3ae630c2@group-8AF491E1D12D->3adbcf3a-f954-449d-af41-94271594c360-AppendLogResponseHandler: follower responses appendEntries COMPLETED
2024-04-26 07:45:50,525 [grpc-default-executor-3] WARN  server.GrpcLogAppender (GrpcLogAppender.java:resetClient(226)) - 66bce337-27b9-4953-b5f8-11fc3ae630c2@group-8AF491E1D12D->3adbcf3a-f954-449d-af41-94271594c360-GrpcLogAppender: Failed to getClient for 3adbcf3a-f954-449d-af41-94271594c360
org.apache.ratis.protocol.exceptions.AlreadyClosedException: 66bce337-27b9-4953-b5f8-11fc3ae630c2 is already CLOSED
	at org.apache.ratis.util.PeerProxyMap$PeerAndProxy.getProxy(PeerProxyMap.java:65)
	at org.apache.ratis.util.PeerProxyMap.getProxy(PeerProxyMap.java:114)
	at org.apache.ratis.grpc.server.GrpcLogAppender.getClient(GrpcLogAppender.java:196)
	at org.apache.ratis.grpc.server.GrpcLogAppender.resetClient(GrpcLogAppender.java:201)
	at org.apache.ratis.grpc.server.GrpcLogAppender.access$800(GrpcLogAppender.java:62)
	at org.apache.ratis.grpc.server.GrpcLogAppender$AppendLogResponseHandler.onCompleted(GrpcLogAppender.java:547)
	at org.apache.ratis.thirdparty.io.grpc.stub.ClientCalls$StreamObserverToCallListenerAdapter.onClose(ClientCalls.java:479)
	at org.apache.ratis.thirdparty.io.grpc.internal.ClientCallImpl.closeObserver(ClientCallImpl.java:567)
	at org.apache.ratis.thirdparty.io.grpc.internal.ClientCallImpl.access$300(ClientCallImpl.java:71)
	at org.apache.ratis.thirdparty.io.grpc.internal.ClientCallImpl$ClientStreamListenerImpl$1StreamClosed.runInternal(ClientCallImpl.java:735)
	at org.apache.ratis.thirdparty.io.grpc.internal.ClientCallImpl$ClientStreamListenerImpl$1StreamClosed.runInContext(ClientCallImpl.java:716)
	at org.apache.ratis.thirdparty.io.grpc.internal.ContextRunnable.run(ContextRunnable.java:37)
	at org.apache.ratis.thirdparty.io.grpc.internal.SerializingExecutor.run(SerializingExecutor.java:133)
	at java.base/java.util.concurrent.ThreadPoolExecutor.runWorker(ThreadPoolExecutor.java:1136)
	at java.base/java.util.concurrent.ThreadPoolExecutor$Worker.run(ThreadPoolExecutor.java:635)
	at java.base/java.lang.Thread.run(Thread.java:840)
2024-04-26 07:45:50,525 [main] INFO  server.GrpcService (GrpcService.java:closeImpl(320)) - 66bce337-27b9-4953-b5f8-11fc3ae630c2: shutdown server org.apache.ratis.grpc.server.GrpcClientProtocolService successfully
2024-04-26 07:45:50,525 [main] INFO  server.GrpcService (GrpcService.java:closeImpl(311)) - 66bce337-27b9-4953-b5f8-11fc3ae630c2: shutdown server GrpcServerProtocolService now
2024-04-26 07:45:50,525 [66bce337-27b9-4953-b5f8-11fc3ae630c2@group-8AF491E1D12D-StateMachineUpdater] INFO  ratis.ContainerStateMachine (ContainerStateMachine.java:takeSnapshot(366)) - group-8AF491E1D12D: Finished taking a snapshot at:(t:1, i:0) file:/home/runner/work/ozone/ozone/hadoop-ozone/integration-test/target/test-dir/MiniOzoneClusterImpl-f8a85056-d908-4111-b8ec-0d6f55fc62ea/ozone-meta/datanode-6/ratis/85b95419-6240-4eec-a6b9-8af491e1d12d/sm/snapshot.1_0 took: 1 ms
2024-04-26 07:45:50,526 [66bce337-27b9-4953-b5f8-11fc3ae630c2@group-8AF491E1D12D-StateMachineUpdater] INFO  impl.StateMachineUpdater (StateMachineUpdater.java:takeSnapshot(295)) - 66bce337-27b9-4953-b5f8-11fc3ae630c2@group-8AF491E1D12D-StateMachineUpdater: Took a snapshot at index 0
2024-04-26 07:45:50,526 [66bce337-27b9-4953-b5f8-11fc3ae630c2@group-8AF491E1D12D-StateMachineUpdater] INFO  impl.StateMachineUpdater (StateMachineUpdater.java:lambda$new$0(98)) - 66bce337-27b9-4953-b5f8-11fc3ae630c2@group-8AF491E1D12D-StateMachineUpdater: snapshotIndex: updateIncreasingly -1 -> 0
2024-04-26 07:45:50,524 [66bce337-27b9-4953-b5f8-11fc3ae630c2-impl-thread2] INFO  impl.StateMachineUpdater (StateMachineUpdater.java:stopAndJoin(157)) - 66bce337-27b9-4953-b5f8-11fc3ae630c2@group-8AF491E1D12D-StateMachineUpdater: set stopIndex = 0
2024-04-26 07:45:50,526 [66bce337-27b9-4953-b5f8-11fc3ae630c2-impl-thread2] INFO  server.RaftServer$Division (ServerState.java:close(427)) - 66bce337-27b9-4953-b5f8-11fc3ae630c2@group-8AF491E1D12D: applyIndex: 0
2024-04-26 07:45:50,525 [00cfc371-235c-47c8-bc9b-47247119d947@group-AC1F55C45F87-StateMachineUpdater] INFO  ratis.ContainerStateMachine (ContainerStateMachine.java:takeSnapshot(366)) - group-AC1F55C45F87: Finished taking a snapshot at:(t:1, i:0) file:/home/runner/work/ozone/ozone/hadoop-ozone/integration-test/target/test-dir/MiniOzoneClusterImpl-f8a85056-d908-4111-b8ec-0d6f55fc62ea/ozone-meta/datanode-7/ratis/88fe2527-0b70-47e4-af82-ac1f55c45f87/sm/snapshot.1_0 took: 1 ms
2024-04-26 07:45:50,526 [66bce337-27b9-4953-b5f8-11fc3ae630c2@group-8AF491E1D12D-cacheEviction-AwaitToRun] INFO  util.AwaitToRun (AwaitToRun.java:run(49)) - 66bce337-27b9-4953-b5f8-11fc3ae630c2@group-8AF491E1D12D-cacheEviction-AwaitToRun-AwaitForSignal is interrupted
2024-04-26 07:45:50,526 [grpc-default-executor-5] INFO  server.GrpcLogAppender (GrpcLogAppender.java:onCompleted(546)) - 66bce337-27b9-4953-b5f8-11fc3ae630c2@group-8AF491E1D12D->3adbcf3a-f954-449d-af41-94271594c360-AppendLogResponseHandler: follower responses appendEntries COMPLETED
2024-04-26 07:45:50,526 [grpc-default-executor-5] WARN  server.GrpcLogAppender (GrpcLogAppender.java:resetClient(226)) - 66bce337-27b9-4953-b5f8-11fc3ae630c2@group-8AF491E1D12D->3adbcf3a-f954-449d-af41-94271594c360-GrpcLogAppender: Failed to getClient for 3adbcf3a-f954-449d-af41-94271594c360
org.apache.ratis.protocol.exceptions.AlreadyClosedException: 66bce337-27b9-4953-b5f8-11fc3ae630c2 is already CLOSED
	at org.apache.ratis.util.PeerProxyMap$PeerAndProxy.getProxy(PeerProxyMap.java:65)
	at org.apache.ratis.util.PeerProxyMap.getProxy(PeerProxyMap.java:114)
	at org.apache.ratis.grpc.server.GrpcLogAppender.getClient(GrpcLogAppender.java:196)
	at org.apache.ratis.grpc.server.GrpcLogAppender.resetClient(GrpcLogAppender.java:201)
	at org.apache.ratis.grpc.server.GrpcLogAppender.access$800(GrpcLogAppender.java:62)
	at org.apache.ratis.grpc.server.GrpcLogAppender$AppendLogResponseHandler.onCompleted(GrpcLogAppender.java:547)
	at org.apache.ratis.thirdparty.io.grpc.stub.ClientCalls$StreamObserverToCallListenerAdapter.onClose(ClientCalls.java:479)
	at org.apache.ratis.thirdparty.io.grpc.internal.ClientCallImpl.closeObserver(ClientCallImpl.java:567)
	at org.apache.ratis.thirdparty.io.grpc.internal.ClientCallImpl.access$300(ClientCallImpl.java:71)
	at org.apache.ratis.thirdparty.io.grpc.internal.ClientCallImpl$ClientStreamListenerImpl$1StreamClosed.runInternal(ClientCallImpl.java:735)
	at org.apache.ratis.thirdparty.io.grpc.internal.ClientCallImpl$ClientStreamListenerImpl$1StreamClosed.runInContext(ClientCallImpl.java:716)
	at org.apache.ratis.thirdparty.io.grpc.internal.ContextRunnable.run(ContextRunnable.java:37)
	at org.apache.ratis.thirdparty.io.grpc.internal.SerializingExecutor.run(SerializingExecutor.java:133)
	at java.base/java.util.concurrent.ThreadPoolExecutor.runWorker(ThreadPoolExecutor.java:1136)
	at java.base/java.util.concurrent.ThreadPoolExecutor$Worker.run(ThreadPoolExecutor.java:635)
	at java.base/java.lang.Thread.run(Thread.java:840)
2024-04-26 07:45:50,526 [00cfc371-235c-47c8-bc9b-47247119d947@group-AC1F55C45F87-StateMachineUpdater] INFO  impl.StateMachineUpdater (StateMachineUpdater.java:takeSnapshot(295)) - 00cfc371-235c-47c8-bc9b-47247119d947@group-AC1F55C45F87-StateMachineUpdater: Took a snapshot at index 0
2024-04-26 07:45:50,526 [00cfc371-235c-47c8-bc9b-47247119d947@group-AC1F55C45F87-StateMachineUpdater] INFO  impl.StateMachineUpdater (StateMachineUpdater.java:lambda$new$0(98)) - 00cfc371-235c-47c8-bc9b-47247119d947@group-AC1F55C45F87-StateMachineUpdater: snapshotIndex: updateIncreasingly -1 -> 0
2024-04-26 07:45:50,527 [00cfc371-235c-47c8-bc9b-47247119d947-impl-thread1] INFO  server.RaftServer$Division (ServerState.java:close(427)) - 00cfc371-235c-47c8-bc9b-47247119d947@group-AC1F55C45F87: applyIndex: 0
2024-04-26 07:45:50,527 [00cfc371-235c-47c8-bc9b-47247119d947@group-AC1F55C45F87-cacheEviction-AwaitToRun] INFO  util.AwaitToRun (AwaitToRun.java:run(49)) - 00cfc371-235c-47c8-bc9b-47247119d947@group-AC1F55C45F87-cacheEviction-AwaitToRun-AwaitForSignal is interrupted
2024-04-26 07:45:50,528 [ForkJoinPool.commonPool-worker-4] INFO  server.GrpcService (GrpcService.java:closeImpl(320)) - 007259ab-dd98-41c4-869b-5f1f47ad54d0: shutdown server org.apache.ratis.grpc.server.GrpcAdminProtocolService successfully
2024-04-26 07:45:50,529 [ForkJoinPool.commonPool-worker-1] INFO  server.GrpcService (GrpcService.java:closeImpl(311)) - 00cfc371-235c-47c8-bc9b-47247119d947: shutdown server org.apache.ratis.grpc.server.GrpcClientProtocolService now
2024-04-26 07:45:50,529 [00cfc371-235c-47c8-bc9b-47247119d947-impl-thread2] INFO  server.RaftServer$Division (RaftServerImpl.java:lambda$close$3(526)) - 00cfc371-235c-47c8-bc9b-47247119d947@group-7632D0142551: shutdown
2024-04-26 07:45:50,529 [00cfc371-235c-47c8-bc9b-47247119d947-impl-thread2] INFO  util.JmxRegister (JmxRegister.java:unregister(73)) - Successfully un-registered JMX Bean with object name Ratis:service=RaftServer,group=group-7632D0142551,id=00cfc371-235c-47c8-bc9b-47247119d947
2024-04-26 07:45:50,529 [00cfc371-235c-47c8-bc9b-47247119d947-impl-thread2] INFO  impl.RoleInfo (RoleInfo.java:shutdownLeaderState(94)) - 00cfc371-235c-47c8-bc9b-47247119d947: shutdown 00cfc371-235c-47c8-bc9b-47247119d947@group-7632D0142551-LeaderStateImpl
2024-04-26 07:45:50,529 [00cfc371-235c-47c8-bc9b-47247119d947-impl-thread2] INFO  impl.PendingRequests (PendingRequests.java:sendNotLeaderResponses(289)) - 00cfc371-235c-47c8-bc9b-47247119d947@group-7632D0142551-PendingRequests: sendNotLeaderResponses
2024-04-26 07:45:50,529 [00cfc371-235c-47c8-bc9b-47247119d947-impl-thread2] INFO  impl.StateMachineUpdater (StateMachineUpdater.java:stopAndJoin(157)) - 00cfc371-235c-47c8-bc9b-47247119d947@group-7632D0142551-StateMachineUpdater: set stopIndex = 0
2024-04-26 07:45:50,529 [00cfc371-235c-47c8-bc9b-47247119d947@group-7632D0142551-StateMachineUpdater] INFO  ratis.ContainerStateMachine (ContainerStateMachine.java:takeSnapshot(355)) - group-7632D0142551: Taking a snapshot at:(t:1, i:0) file /home/runner/work/ozone/ozone/hadoop-ozone/integration-test/target/test-dir/MiniOzoneClusterImpl-f8a85056-d908-4111-b8ec-0d6f55fc62ea/ozone-meta/datanode-7/ratis/09ceb4e8-76c7-4aae-9c6f-7632d0142551/sm/snapshot.1_0
2024-04-26 07:45:50,530 [00cfc371-235c-47c8-bc9b-47247119d947@group-7632D0142551-StateMachineUpdater] INFO  ratis.ContainerStateMachine (ContainerStateMachine.java:takeSnapshot(366)) - group-7632D0142551: Finished taking a snapshot at:(t:1, i:0) file:/home/runner/work/ozone/ozone/hadoop-ozone/integration-test/target/test-dir/MiniOzoneClusterImpl-f8a85056-d908-4111-b8ec-0d6f55fc62ea/ozone-meta/datanode-7/ratis/09ceb4e8-76c7-4aae-9c6f-7632d0142551/sm/snapshot.1_0 took: 0 ms
2024-04-26 07:45:50,530 [00cfc371-235c-47c8-bc9b-47247119d947@group-7632D0142551-StateMachineUpdater] INFO  impl.StateMachineUpdater (StateMachineUpdater.java:takeSnapshot(295)) - 00cfc371-235c-47c8-bc9b-47247119d947@group-7632D0142551-StateMachineUpdater: Took a snapshot at index 0
2024-04-26 07:45:50,530 [00cfc371-235c-47c8-bc9b-47247119d947@group-7632D0142551-StateMachineUpdater] INFO  impl.StateMachineUpdater (StateMachineUpdater.java:lambda$new$0(98)) - 00cfc371-235c-47c8-bc9b-47247119d947@group-7632D0142551-StateMachineUpdater: snapshotIndex: updateIncreasingly -1 -> 0
2024-04-26 07:45:50,530 [00cfc371-235c-47c8-bc9b-47247119d947-impl-thread2] INFO  server.RaftServer$Division (ServerState.java:close(427)) - 00cfc371-235c-47c8-bc9b-47247119d947@group-7632D0142551: applyIndex: 0
2024-04-26 07:45:50,531 [00cfc371-235c-47c8-bc9b-47247119d947@group-7632D0142551-cacheEviction-AwaitToRun] INFO  util.AwaitToRun (AwaitToRun.java:run(49)) - 00cfc371-235c-47c8-bc9b-47247119d947@group-7632D0142551-cacheEviction-AwaitToRun-AwaitForSignal is interrupted
2024-04-26 07:45:50,533 [ForkJoinPool.commonPool-worker-3] INFO  server.GrpcService (GrpcService.java:closeImpl(320)) - 80986ccd-c217-439b-b85b-0b259797a488: shutdown server org.apache.ratis.grpc.server.GrpcAdminProtocolService successfully
2024-04-26 07:45:50,534 [ForkJoinPool.commonPool-worker-1] INFO  server.GrpcService (GrpcService.java:closeImpl(320)) - 00cfc371-235c-47c8-bc9b-47247119d947: shutdown server org.apache.ratis.grpc.server.GrpcClientProtocolService successfully
2024-04-26 07:45:50,534 [ForkJoinPool.commonPool-worker-1] INFO  server.GrpcService (GrpcService.java:closeImpl(311)) - 00cfc371-235c-47c8-bc9b-47247119d947: shutdown server GrpcServerProtocolService now
2024-04-26 07:45:50,534 [grpc-default-executor-3] WARN  server.GrpcServerProtocolService (LogUtils.java:warn(121)) - 00cfc371-235c-47c8-bc9b-47247119d947: APPEND_ENTRIES onError, lastRequest: ac5950e9-78e7-4600-acb8-d4807d98be63->00cfc371-235c-47c8-bc9b-47247119d947#1-t1,previous=(t:0, i:0),leaderCommit=-1,initializing? false,entries: size=1, first=(t:1, i:0), CONFIGURATIONENTRY(current:id: "ac5950e9-78e7-4600-acb8-d4807d98be63"
address: "127.0.0.1:15442"
priority: 1
dataStreamAddress: "127.0.0.1:15443"
clientAddress: "127.0.0.1:15440"
adminAddress: "127.0.0.1:15441"
startupRole: FOLLOWER
,id: "00cfc371-235c-47c8-bc9b-47247119d947"
address: "127.0.0.1:15424"
dataStreamAddress: "127.0.0.1:15425"
clientAddress: "127.0.0.1:15422"
adminAddress: "127.0.0.1:15423"
startupRole: FOLLOWER
,id: "80986ccd-c217-439b-b85b-0b259797a488"
address: "127.0.0.1:15433"
dataStreamAddress: "127.0.0.1:15434"
clientAddress: "127.0.0.1:15431"
adminAddress: "127.0.0.1:15432"
startupRole: FOLLOWER
, old:): org.apache.ratis.thirdparty.io.grpc.StatusRuntimeException: CANCELLED: client cancelled
2024-04-26 07:45:50,534 [grpc-default-executor-2] WARN  server.GrpcServerProtocolService (LogUtils.java:warn(121)) - 00cfc371-235c-47c8-bc9b-47247119d947: APPEND_ENTRIES onError, lastRequest: null: org.apache.ratis.thirdparty.io.grpc.StatusRuntimeException: CANCELLED: client cancelled
2024-04-26 07:45:50,535 [grpc-default-executor-1] WARN  server.GrpcLogAppender (LogUtils.java:warn(121)) - ac5950e9-78e7-4600-acb8-d4807d98be63@group-AC1F55C45F87->00cfc371-235c-47c8-bc9b-47247119d947-AppendLogResponseHandler: Failed appendEntries: org.apache.ratis.thirdparty.io.grpc.StatusRuntimeException: CANCELLED: RST_STREAM closed stream. HTTP/2 error code: CANCEL
2024-04-26 07:45:50,535 [grpc-default-executor-1] WARN  server.GrpcLogAppender (GrpcLogAppender.java:lambda$resetClient$1(217)) - ac5950e9-78e7-4600-acb8-d4807d98be63@group-AC1F55C45F87->00cfc371-235c-47c8-bc9b-47247119d947-GrpcLogAppender: Follower failed (request=null, errorCount=1); keep nextIndex (1) unchanged and retry.
2024-04-26 07:45:50,536 [main] INFO  server.GrpcService (GrpcService.java:closeImpl(320)) - 66bce337-27b9-4953-b5f8-11fc3ae630c2: shutdown server GrpcServerProtocolService successfully
2024-04-26 07:45:50,536 [main] INFO  server.GrpcService (GrpcService.java:closeImpl(311)) - 66bce337-27b9-4953-b5f8-11fc3ae630c2: shutdown server org.apache.ratis.grpc.server.GrpcAdminProtocolService now
2024-04-26 07:45:50,545 [ForkJoinPool.commonPool-worker-2] INFO  server.GrpcService (GrpcService.java:closeImpl(320)) - cad2128f-a1ed-4156-bd3d-e0bb4df6aa32: shutdown server GrpcServerProtocolService successfully
2024-04-26 07:45:50,545 [ForkJoinPool.commonPool-worker-2] INFO  server.GrpcService (GrpcService.java:closeImpl(311)) - cad2128f-a1ed-4156-bd3d-e0bb4df6aa32: shutdown server org.apache.ratis.grpc.server.GrpcAdminProtocolService now
2024-04-26 07:45:50,545 [ForkJoinPool.commonPool-worker-1] INFO  server.GrpcService (GrpcService.java:closeImpl(320)) - 00cfc371-235c-47c8-bc9b-47247119d947: shutdown server GrpcServerProtocolService successfully
2024-04-26 07:45:50,545 [ForkJoinPool.commonPool-worker-1] INFO  server.GrpcService (GrpcService.java:closeImpl(311)) - 00cfc371-235c-47c8-bc9b-47247119d947: shutdown server org.apache.ratis.grpc.server.GrpcAdminProtocolService now
2024-04-26 07:45:50,546 [main] INFO  server.GrpcService (GrpcService.java:closeImpl(320)) - 66bce337-27b9-4953-b5f8-11fc3ae630c2: shutdown server org.apache.ratis.grpc.server.GrpcAdminProtocolService successfully
2024-04-26 07:45:50,549 [ForkJoinPool.commonPool-worker-2] INFO  server.GrpcService (GrpcService.java:closeImpl(320)) - cad2128f-a1ed-4156-bd3d-e0bb4df6aa32: shutdown server org.apache.ratis.grpc.server.GrpcAdminProtocolService successfully
2024-04-26 07:45:50,550 [ForkJoinPool.commonPool-worker-1] INFO  server.GrpcService (GrpcService.java:closeImpl(320)) - 00cfc371-235c-47c8-bc9b-47247119d947: shutdown server org.apache.ratis.grpc.server.GrpcAdminProtocolService successfully
2024-04-26 07:45:50,556 [007259ab-dd98-41c4-869b-5f1f47ad54d0-NettyServerStreamRpc-bossGroup--thread1] INFO  logging.LoggingHandler (AbstractInternalLogger.java:log(148)) - [id: 0x1f32987a, L:/0.0.0.0:15398] CLOSE
2024-04-26 07:45:50,556 [007259ab-dd98-41c4-869b-5f1f47ad54d0-NettyServerStreamRpc-bossGroup--thread1] INFO  logging.LoggingHandler (AbstractInternalLogger.java:log(148)) - [id: 0x1f32987a, L:/0.0.0.0:15398] INACTIVE
2024-04-26 07:45:50,556 [007259ab-dd98-41c4-869b-5f1f47ad54d0-NettyServerStreamRpc-bossGroup--thread1] INFO  logging.LoggingHandler (AbstractInternalLogger.java:log(148)) - [id: 0x1f32987a, L:/0.0.0.0:15398] UNREGISTERED
2024-04-26 07:45:50,557 [80986ccd-c217-439b-b85b-0b259797a488-NettyServerStreamRpc-bossGroup--thread1] INFO  logging.LoggingHandler (AbstractInternalLogger.java:log(148)) - [id: 0x347b0b47, L:/0.0.0.0:15434] CLOSE
2024-04-26 07:45:50,557 [80986ccd-c217-439b-b85b-0b259797a488-NettyServerStreamRpc-bossGroup--thread1] INFO  logging.LoggingHandler (AbstractInternalLogger.java:log(148)) - [id: 0x347b0b47, L:/0.0.0.0:15434] INACTIVE
2024-04-26 07:45:50,557 [80986ccd-c217-439b-b85b-0b259797a488-NettyServerStreamRpc-bossGroup--thread1] INFO  logging.LoggingHandler (AbstractInternalLogger.java:log(148)) - [id: 0x347b0b47, L:/0.0.0.0:15434] UNREGISTERED
2024-04-26 07:45:50,560 [00cfc371-235c-47c8-bc9b-47247119d947-NettyServerStreamRpc-bossGroup--thread1] INFO  logging.LoggingHandler (AbstractInternalLogger.java:log(148)) - [id: 0x8ef7805d, L:/0.0.0.0:15425] CLOSE
2024-04-26 07:45:50,560 [00cfc371-235c-47c8-bc9b-47247119d947-NettyServerStreamRpc-bossGroup--thread1] INFO  logging.LoggingHandler (AbstractInternalLogger.java:log(148)) - [id: 0x8ef7805d, L:/0.0.0.0:15425] INACTIVE
2024-04-26 07:45:50,560 [00cfc371-235c-47c8-bc9b-47247119d947-NettyServerStreamRpc-bossGroup--thread1] INFO  logging.LoggingHandler (AbstractInternalLogger.java:log(148)) - [id: 0x8ef7805d, L:/0.0.0.0:15425] UNREGISTERED
2024-04-26 07:45:50,561 [66bce337-27b9-4953-b5f8-11fc3ae630c2-NettyServerStreamRpc-bossGroup--thread1] INFO  logging.LoggingHandler (AbstractInternalLogger.java:log(148)) - [id: 0x355ed774, L:/0.0.0.0:15416] CLOSE
2024-04-26 07:45:50,561 [66bce337-27b9-4953-b5f8-11fc3ae630c2-NettyServerStreamRpc-bossGroup--thread1] INFO  logging.LoggingHandler (AbstractInternalLogger.java:log(148)) - [id: 0x355ed774, L:/0.0.0.0:15416] INACTIVE
2024-04-26 07:45:50,561 [66bce337-27b9-4953-b5f8-11fc3ae630c2-NettyServerStreamRpc-bossGroup--thread1] INFO  logging.LoggingHandler (AbstractInternalLogger.java:log(148)) - [id: 0x355ed774, L:/0.0.0.0:15416] UNREGISTERED
2024-04-26 07:45:50,564 [cad2128f-a1ed-4156-bd3d-e0bb4df6aa32-NettyServerStreamRpc-bossGroup--thread1] INFO  logging.LoggingHandler (AbstractInternalLogger.java:log(148)) - [id: 0x176b2802, L:/0.0.0.0:15389] CLOSE
2024-04-26 07:45:50,564 [cad2128f-a1ed-4156-bd3d-e0bb4df6aa32-NettyServerStreamRpc-bossGroup--thread1] INFO  logging.LoggingHandler (AbstractInternalLogger.java:log(148)) - [id: 0x176b2802, L:/0.0.0.0:15389] INACTIVE
2024-04-26 07:45:50,564 [cad2128f-a1ed-4156-bd3d-e0bb4df6aa32-NettyServerStreamRpc-bossGroup--thread1] INFO  logging.LoggingHandler (AbstractInternalLogger.java:log(148)) - [id: 0x176b2802, L:/0.0.0.0:15389] UNREGISTERED
2024-04-26 07:45:50,587 [80986ccd-c217-439b-b85b-0b259797a488-impl-thread2] INFO  segmented.SegmentedRaftLogWorker (SegmentedRaftLogWorker.java:close(245)) - 80986ccd-c217-439b-b85b-0b259797a488@group-70705423EFD3-SegmentedRaftLogWorker close()
2024-04-26 07:45:51,320 [007259ab-dd98-41c4-869b-5f1f47ad54d0-impl-thread1] INFO  segmented.SegmentedRaftLogWorker (SegmentedRaftLogWorker.java:close(245)) - 007259ab-dd98-41c4-869b-5f1f47ad54d0@group-8DF680F5D577-SegmentedRaftLogWorker close()
2024-04-26 07:45:51,320 [JvmPauseMonitor49] INFO  util.JvmPauseMonitor (JvmPauseMonitor.java:run(152)) - JvmPauseMonitor-007259ab-dd98-41c4-869b-5f1f47ad54d0: Stopped
2024-04-26 07:45:51,378 [cad2128f-a1ed-4156-bd3d-e0bb4df6aa32-impl-thread1] INFO  segmented.SegmentedRaftLogWorker (SegmentedRaftLogWorker.java:close(245)) - cad2128f-a1ed-4156-bd3d-e0bb4df6aa32@group-344275F2E69F-SegmentedRaftLogWorker close()
2024-04-26 07:45:51,378 [JvmPauseMonitor48] INFO  util.JvmPauseMonitor (JvmPauseMonitor.java:run(152)) - JvmPauseMonitor-cad2128f-a1ed-4156-bd3d-e0bb4df6aa32: Stopped
2024-04-26 07:45:51,396 [66bce337-27b9-4953-b5f8-11fc3ae630c2-impl-thread1] INFO  segmented.SegmentedRaftLogWorker (SegmentedRaftLogWorker.java:close(245)) - 66bce337-27b9-4953-b5f8-11fc3ae630c2@group-A271859F91B2-SegmentedRaftLogWorker close()
2024-04-26 07:45:51,486 [00cfc371-235c-47c8-bc9b-47247119d947-impl-thread2] INFO  segmented.SegmentedRaftLogWorker (SegmentedRaftLogWorker.java:close(245)) - 00cfc371-235c-47c8-bc9b-47247119d947@group-7632D0142551-SegmentedRaftLogWorker close()
2024-04-26 07:45:51,488 [80986ccd-c217-439b-b85b-0b259797a488-impl-thread1] INFO  segmented.SegmentedRaftLogWorker (SegmentedRaftLogWorker.java:close(245)) - 80986ccd-c217-439b-b85b-0b259797a488@group-AC1F55C45F87-SegmentedRaftLogWorker close()
2024-04-26 07:45:51,488 [JvmPauseMonitor53] INFO  util.JvmPauseMonitor (JvmPauseMonitor.java:run(152)) - JvmPauseMonitor-80986ccd-c217-439b-b85b-0b259797a488: Stopped
2024-04-26 07:45:51,489 [00cfc371-235c-47c8-bc9b-47247119d947-impl-thread1] INFO  segmented.SegmentedRaftLogWorker (SegmentedRaftLogWorker.java:close(245)) - 00cfc371-235c-47c8-bc9b-47247119d947@group-AC1F55C45F87-SegmentedRaftLogWorker close()
2024-04-26 07:45:51,489 [JvmPauseMonitor52] INFO  util.JvmPauseMonitor (JvmPauseMonitor.java:run(152)) - JvmPauseMonitor-00cfc371-235c-47c8-bc9b-47247119d947: Stopped
2024-04-26 07:45:51,507 [66bce337-27b9-4953-b5f8-11fc3ae630c2-impl-thread2] INFO  segmented.SegmentedRaftLogWorker (SegmentedRaftLogWorker.java:close(245)) - 66bce337-27b9-4953-b5f8-11fc3ae630c2@group-8AF491E1D12D-SegmentedRaftLogWorker close()
2024-04-26 07:45:51,507 [JvmPauseMonitor51] INFO  util.JvmPauseMonitor (JvmPauseMonitor.java:run(152)) - JvmPauseMonitor-66bce337-27b9-4953-b5f8-11fc3ae630c2: Stopped
2024-04-26 07:45:53,322 [ForkJoinPool.commonPool-worker-4] INFO  utils.DatanodeStoreCache (DatanodeStoreCache.java:shutdownCache(116)) - Skip clearing cache in mini cluster mode. Entries left: [/home/runner/work/ozone/ozone/hadoop-ozone/integration-test/target/test-dir/MiniOzoneClusterImpl-f8a85056-d908-4111-b8ec-0d6f55fc62ea/ozone-meta/datanode-3/data-0/hdds/f8a85056-d908-4111-b8ec-0d6f55fc62ea/DS-b240e260-4d7f-429f-9351-2c7cefcaac83/container.db, /home/runner/work/ozone/ozone/hadoop-ozone/integration-test/target/test-dir/MiniOzoneClusterImpl-f8a85056-d908-4111-b8ec-0d6f55fc62ea/ozone-meta/datanode-4/data-0/hdds/f8a85056-d908-4111-b8ec-0d6f55fc62ea/DS-2a67be2f-0356-419a-a9bb-6e2af2d0ce8e/container.db, /home/runner/work/ozone/ozone/hadoop-ozone/integration-test/target/test-dir/MiniOzoneClusterImpl-f8a85056-d908-4111-b8ec-0d6f55fc62ea/ozone-meta/datanode-5/data-0/hdds/f8a85056-d908-4111-b8ec-0d6f55fc62ea/DS-2742f0e9-a36b-4457-9c36-83cbc206f1cd/container.db, /home/runner/work/ozone/ozone/hadoop-ozone/integration-test/target/test-dir/MiniOzoneClusterImpl-f8a85056-d908-4111-b8ec-0d6f55fc62ea/ozone-meta/datanode-6/data-0/hdds/f8a85056-d908-4111-b8ec-0d6f55fc62ea/DS-771a7fcf-6bd4-4a05-b03a-07b10e325a5d/container.db, /home/runner/work/ozone/ozone/hadoop-ozone/integration-test/target/test-dir/MiniOzoneClusterImpl-f8a85056-d908-4111-b8ec-0d6f55fc62ea/ozone-meta/datanode-7/data-0/hdds/f8a85056-d908-4111-b8ec-0d6f55fc62ea/DS-fb01df69-0a33-4bba-b28b-1c8143c77ac8/container.db, /home/runner/work/ozone/ozone/hadoop-ozone/integration-test/target/test-dir/MiniOzoneClusterImpl-f8a85056-d908-4111-b8ec-0d6f55fc62ea/ozone-meta/datanode-8/data-0/hdds/f8a85056-d908-4111-b8ec-0d6f55fc62ea/DS-564951b7-19db-4f97-a36b-f1002b138242/container.db, /home/runner/work/ozone/ozone/hadoop-ozone/integration-test/target/test-dir/MiniOzoneClusterImpl-f8a85056-d908-4111-b8ec-0d6f55fc62ea/ozone-meta/datanode-9/data-0/hdds/f8a85056-d908-4111-b8ec-0d6f55fc62ea/DS-c4e9fcb4-c279-4420-8508-c74261f095c0/container.db]
2024-04-26 07:45:53,323 [ForkJoinPool.commonPool-worker-4] INFO  utils.DatanodeStoreCache (DatanodeStoreCache.java:removeDB(110)) - Removed db /home/runner/work/ozone/ozone/hadoop-ozone/integration-test/target/test-dir/MiniOzoneClusterImpl-f8a85056-d908-4111-b8ec-0d6f55fc62ea/ozone-meta/datanode-4/data-0/hdds/f8a85056-d908-4111-b8ec-0d6f55fc62ea/DS-2a67be2f-0356-419a-a9bb-6e2af2d0ce8e/container.db from cache
2024-04-26 07:45:53,323 [ForkJoinPool.commonPool-worker-4] INFO  volume.HddsVolume (HddsVolume.java:closeDbStore(470)) - SchemaV3 db is stopped at /home/runner/work/ozone/ozone/hadoop-ozone/integration-test/target/test-dir/MiniOzoneClusterImpl-f8a85056-d908-4111-b8ec-0d6f55fc62ea/ozone-meta/datanode-4/data-0/hdds/f8a85056-d908-4111-b8ec-0d6f55fc62ea/DS-2a67be2f-0356-419a-a9bb-6e2af2d0ce8e/container.db for volume DS-2a67be2f-0356-419a-a9bb-6e2af2d0ce8e
2024-04-26 07:45:53,323 [ForkJoinPool.commonPool-worker-4] INFO  utils.BackgroundService (BackgroundService.java:shutdown(160)) - Shutting down service BlockDeletingService
2024-04-26 07:45:53,323 [ForkJoinPool.commonPool-worker-4] INFO  utils.BackgroundService (BackgroundService.java:shutdown(160)) - Shutting down service StaleRecoveringContainerScrubbingService
2024-04-26 07:45:53,324 [ForkJoinPool.commonPool-worker-4] INFO  statemachine.DatanodeStateMachine (DatanodeStateMachine.java:stopDaemon(638)) - Ozone container server stopped.
2024-04-26 07:45:53,324 [ForkJoinPool.commonPool-worker-4] INFO  handler.ContextHandler (ContextHandler.java:doStop(1159)) - Stopped o.e.j.w.WebAppContext@707f68e0{hddsDatanode,/,null,STOPPED}{file:/home/runner/work/ozone/ozone/hadoop-hdds/container-service/target/classes/webapps/hddsDatanode}
2024-04-26 07:45:53,324 [ForkJoinPool.commonPool-worker-4] INFO  server.AbstractConnector (AbstractConnector.java:doStop(383)) - Stopped ServerConnector@539a6ada{HTTP/1.1, (http/1.1)}{0.0.0.0:15392}
2024-04-26 07:45:53,325 [ForkJoinPool.commonPool-worker-4] INFO  server.session (HouseKeeper.java:stopScavenging(149)) - node0 Stopped scavenging
2024-04-26 07:45:53,325 [ForkJoinPool.commonPool-worker-4] INFO  handler.ContextHandler (ContextHandler.java:doStop(1159)) - Stopped o.e.j.s.ServletContextHandler@4ac5bbc8{static,/static,file:///home/runner/work/ozone/ozone/hadoop-hdds/container-service/target/classes/webapps/static,STOPPED}
2024-04-26 07:45:53,325 [ForkJoinPool.commonPool-worker-4] INFO  handler.ContextHandler (ContextHandler.java:doStop(1159)) - Stopped o.e.j.s.ServletContextHandler@7839cd7{logs,/logs,file:///home/runner/work/ozone/ozone/hadoop-ozone/integration-test/target/log,STOPPED}
2024-04-26 07:45:53,328 [ForkJoinPool.commonPool-worker-4] INFO  ozone.HddsDatanodeClientProtocolServer (HddsDatanodeClientProtocolServer.java:stop(83)) - Stopping the RPC server for Client Protocol
2024-04-26 07:45:53,328 [ForkJoinPool.commonPool-worker-4] INFO  ipc.Server (Server.java:stop(3523)) - Stopping server on 15393
2024-04-26 07:45:53,328 [IPC Server listener on 15393] INFO  ipc.Server (Server.java:run(1434)) - Stopping IPC Server listener on 15393
2024-04-26 07:45:53,328 [IPC Server Responder] INFO  ipc.Server (Server.java:run(1567)) - Stopping IPC Server Responder
2024-04-26 07:45:53,330 [ForkJoinPool.commonPool-worker-4] INFO  ozoneimpl.OzoneContainer (OzoneContainer.java:stop(481)) - Attempting to stop container services.
2024-04-26 07:45:53,330 [ContainerMetadataScanner] WARN  ozoneimpl.AbstractBackgroundContainerScanner (AbstractBackgroundContainerScanner.java:handleRemainingSleep(134)) - Background container scan was interrupted.
2024-04-26 07:45:53,330 [ContainerMetadataScanner] INFO  ozoneimpl.AbstractBackgroundContainerScanner (AbstractBackgroundContainerScanner.java:run(61)) - Thread[ContainerMetadataScanner,5,main] exiting.
2024-04-26 07:45:53,330 [ForkJoinPool.commonPool-worker-4] INFO  ozoneimpl.BackgroundContainerDataScanner (BackgroundContainerDataScanner.java:shutdown(141)) - ContainerDataScanner(/home/runner/work/ozone/ozone/hadoop-ozone/integration-test/target/test-dir/MiniOzoneClusterImpl-f8a85056-d908-4111-b8ec-0d6f55fc62ea/ozone-meta/datanode-5/data-0/hdds) is shutting down. 
2024-04-26 07:45:53,330 [ContainerDataScanner(/home/runner/work/ozone/ozone/hadoop-ozone/integration-test/target/test-dir/MiniOzoneClusterImpl-f8a85056-d908-4111-b8ec-0d6f55fc62ea/ozone-meta/datanode-5/data-0/hdds)] WARN  ozoneimpl.AbstractBackgroundContainerScanner (AbstractBackgroundContainerScanner.java:handleRemainingSleep(134)) - Background container scan was interrupted.
2024-04-26 07:45:53,330 [ContainerDataScanner(/home/runner/work/ozone/ozone/hadoop-ozone/integration-test/target/test-dir/MiniOzoneClusterImpl-f8a85056-d908-4111-b8ec-0d6f55fc62ea/ozone-meta/datanode-5/data-0/hdds)] INFO  ozoneimpl.AbstractBackgroundContainerScanner (AbstractBackgroundContainerScanner.java:run(61)) - ContainerDataScanner(/home/runner/work/ozone/ozone/hadoop-ozone/integration-test/target/test-dir/MiniOzoneClusterImpl-f8a85056-d908-4111-b8ec-0d6f55fc62ea/ozone-meta/datanode-5/data-0/hdds, DS-2742f0e9-a36b-4457-9c36-83cbc206f1cd) exiting.
2024-04-26 07:45:53,331 [ForkJoinPool.commonPool-worker-4] INFO  server.RaftServer (RaftServerProxy.java:lambda$close$9(416)) - 3adbcf3a-f954-449d-af41-94271594c360: close
2024-04-26 07:45:53,331 [3adbcf3a-f954-449d-af41-94271594c360-impl-thread1] INFO  server.RaftServer$Division (RaftServerImpl.java:lambda$close$3(526)) - 3adbcf3a-f954-449d-af41-94271594c360@group-87ED2C8CF722: shutdown
2024-04-26 07:45:53,331 [3adbcf3a-f954-449d-af41-94271594c360-impl-thread2] INFO  server.RaftServer$Division (RaftServerImpl.java:lambda$close$3(526)) - 3adbcf3a-f954-449d-af41-94271594c360@group-8AF491E1D12D: shutdown
2024-04-26 07:45:53,331 [ForkJoinPool.commonPool-worker-4] INFO  server.GrpcService (GrpcService.java:closeImpl(311)) - 3adbcf3a-f954-449d-af41-94271594c360: shutdown server org.apache.ratis.grpc.server.GrpcClientProtocolService now
2024-04-26 07:45:53,331 [3adbcf3a-f954-449d-af41-94271594c360-impl-thread2] INFO  util.JmxRegister (JmxRegister.java:unregister(73)) - Successfully un-registered JMX Bean with object name Ratis:service=RaftServer,group=group-8AF491E1D12D,id=3adbcf3a-f954-449d-af41-94271594c360
2024-04-26 07:45:53,331 [3adbcf3a-f954-449d-af41-94271594c360-impl-thread2] INFO  impl.RoleInfo (RoleInfo.java:shutdownFollowerState(110)) - 3adbcf3a-f954-449d-af41-94271594c360: shutdown 3adbcf3a-f954-449d-af41-94271594c360@group-8AF491E1D12D-FollowerState
2024-04-26 07:45:53,331 [3adbcf3a-f954-449d-af41-94271594c360-impl-thread1] INFO  util.JmxRegister (JmxRegister.java:unregister(73)) - Successfully un-registered JMX Bean with object name Ratis:service=RaftServer,group=group-87ED2C8CF722,id=3adbcf3a-f954-449d-af41-94271594c360
2024-04-26 07:45:53,331 [3adbcf3a-f954-449d-af41-94271594c360@group-8AF491E1D12D-StateMachineUpdater] INFO  ratis.ContainerStateMachine (ContainerStateMachine.java:takeSnapshot(355)) - group-8AF491E1D12D: Taking a snapshot at:(t:1, i:0) file /home/runner/work/ozone/ozone/hadoop-ozone/integration-test/target/test-dir/MiniOzoneClusterImpl-f8a85056-d908-4111-b8ec-0d6f55fc62ea/ozone-meta/datanode-5/ratis/85b95419-6240-4eec-a6b9-8af491e1d12d/sm/snapshot.1_0
2024-04-26 07:45:53,331 [3adbcf3a-f954-449d-af41-94271594c360@group-8AF491E1D12D-FollowerState] INFO  impl.FollowerState (FollowerState.java:run(152)) - 3adbcf3a-f954-449d-af41-94271594c360@group-8AF491E1D12D-FollowerState was interrupted
2024-04-26 07:45:53,331 [3adbcf3a-f954-449d-af41-94271594c360-impl-thread2] INFO  impl.StateMachineUpdater (StateMachineUpdater.java:stopAndJoin(157)) - 3adbcf3a-f954-449d-af41-94271594c360@group-8AF491E1D12D-StateMachineUpdater: set stopIndex = 0
2024-04-26 07:45:53,331 [3adbcf3a-f954-449d-af41-94271594c360-impl-thread1] INFO  impl.RoleInfo (RoleInfo.java:shutdownLeaderState(94)) - 3adbcf3a-f954-449d-af41-94271594c360: shutdown 3adbcf3a-f954-449d-af41-94271594c360@group-87ED2C8CF722-LeaderStateImpl
2024-04-26 07:45:53,332 [ForkJoinPool.commonPool-worker-4] INFO  server.GrpcService (GrpcService.java:closeImpl(320)) - 3adbcf3a-f954-449d-af41-94271594c360: shutdown server org.apache.ratis.grpc.server.GrpcClientProtocolService successfully
2024-04-26 07:45:53,332 [ForkJoinPool.commonPool-worker-4] INFO  server.GrpcService (GrpcService.java:closeImpl(311)) - 3adbcf3a-f954-449d-af41-94271594c360: shutdown server GrpcServerProtocolService now
2024-04-26 07:45:53,332 [3adbcf3a-f954-449d-af41-94271594c360-impl-thread1] INFO  impl.PendingRequests (PendingRequests.java:sendNotLeaderResponses(289)) - 3adbcf3a-f954-449d-af41-94271594c360@group-87ED2C8CF722-PendingRequests: sendNotLeaderResponses
2024-04-26 07:45:53,332 [3adbcf3a-f954-449d-af41-94271594c360@group-8AF491E1D12D-StateMachineUpdater] INFO  ratis.ContainerStateMachine (ContainerStateMachine.java:takeSnapshot(366)) - group-8AF491E1D12D: Finished taking a snapshot at:(t:1, i:0) file:/home/runner/work/ozone/ozone/hadoop-ozone/integration-test/target/test-dir/MiniOzoneClusterImpl-f8a85056-d908-4111-b8ec-0d6f55fc62ea/ozone-meta/datanode-5/ratis/85b95419-6240-4eec-a6b9-8af491e1d12d/sm/snapshot.1_0 took: 1 ms
2024-04-26 07:45:53,332 [3adbcf3a-f954-449d-af41-94271594c360@group-87ED2C8CF722-StateMachineUpdater] INFO  ratis.ContainerStateMachine (ContainerStateMachine.java:takeSnapshot(355)) - group-87ED2C8CF722: Taking a snapshot at:(t:1, i:0) file /home/runner/work/ozone/ozone/hadoop-ozone/integration-test/target/test-dir/MiniOzoneClusterImpl-f8a85056-d908-4111-b8ec-0d6f55fc62ea/ozone-meta/datanode-5/ratis/7734e440-7eab-4653-801e-87ed2c8cf722/sm/snapshot.1_0
2024-04-26 07:45:53,332 [3adbcf3a-f954-449d-af41-94271594c360-impl-thread1] INFO  impl.StateMachineUpdater (StateMachineUpdater.java:stopAndJoin(157)) - 3adbcf3a-f954-449d-af41-94271594c360@group-87ED2C8CF722-StateMachineUpdater: set stopIndex = 0
2024-04-26 07:45:53,332 [3adbcf3a-f954-449d-af41-94271594c360@group-8AF491E1D12D-StateMachineUpdater] INFO  impl.StateMachineUpdater (StateMachineUpdater.java:takeSnapshot(295)) - 3adbcf3a-f954-449d-af41-94271594c360@group-8AF491E1D12D-StateMachineUpdater: Took a snapshot at index 0
2024-04-26 07:45:53,332 [3adbcf3a-f954-449d-af41-94271594c360@group-8AF491E1D12D-StateMachineUpdater] INFO  impl.StateMachineUpdater (StateMachineUpdater.java:lambda$new$0(98)) - 3adbcf3a-f954-449d-af41-94271594c360@group-8AF491E1D12D-StateMachineUpdater: snapshotIndex: updateIncreasingly -1 -> 0
2024-04-26 07:45:53,332 [3adbcf3a-f954-449d-af41-94271594c360-impl-thread2] INFO  server.RaftServer$Division (ServerState.java:close(427)) - 3adbcf3a-f954-449d-af41-94271594c360@group-8AF491E1D12D: applyIndex: 0
2024-04-26 07:45:53,333 [3adbcf3a-f954-449d-af41-94271594c360@group-87ED2C8CF722-StateMachineUpdater] INFO  ratis.ContainerStateMachine (ContainerStateMachine.java:takeSnapshot(366)) - group-87ED2C8CF722: Finished taking a snapshot at:(t:1, i:0) file:/home/runner/work/ozone/ozone/hadoop-ozone/integration-test/target/test-dir/MiniOzoneClusterImpl-f8a85056-d908-4111-b8ec-0d6f55fc62ea/ozone-meta/datanode-5/ratis/7734e440-7eab-4653-801e-87ed2c8cf722/sm/snapshot.1_0 took: 1 ms
2024-04-26 07:45:53,333 [3adbcf3a-f954-449d-af41-94271594c360@group-8AF491E1D12D-cacheEviction-AwaitToRun] INFO  util.AwaitToRun (AwaitToRun.java:run(49)) - 3adbcf3a-f954-449d-af41-94271594c360@group-8AF491E1D12D-cacheEviction-AwaitToRun-AwaitForSignal is interrupted
2024-04-26 07:45:53,333 [3adbcf3a-f954-449d-af41-94271594c360@group-87ED2C8CF722-StateMachineUpdater] INFO  impl.StateMachineUpdater (StateMachineUpdater.java:takeSnapshot(295)) - 3adbcf3a-f954-449d-af41-94271594c360@group-87ED2C8CF722-StateMachineUpdater: Took a snapshot at index 0
2024-04-26 07:45:53,333 [3adbcf3a-f954-449d-af41-94271594c360@group-87ED2C8CF722-StateMachineUpdater] INFO  impl.StateMachineUpdater (StateMachineUpdater.java:lambda$new$0(98)) - 3adbcf3a-f954-449d-af41-94271594c360@group-87ED2C8CF722-StateMachineUpdater: snapshotIndex: updateIncreasingly -1 -> 0
2024-04-26 07:45:53,333 [3adbcf3a-f954-449d-af41-94271594c360-impl-thread1] INFO  server.RaftServer$Division (ServerState.java:close(427)) - 3adbcf3a-f954-449d-af41-94271594c360@group-87ED2C8CF722: applyIndex: 0
2024-04-26 07:45:53,333 [3adbcf3a-f954-449d-af41-94271594c360@group-87ED2C8CF722-cacheEviction-AwaitToRun] INFO  util.AwaitToRun (AwaitToRun.java:run(49)) - 3adbcf3a-f954-449d-af41-94271594c360@group-87ED2C8CF722-cacheEviction-AwaitToRun-AwaitForSignal is interrupted
2024-04-26 07:45:53,333 [ForkJoinPool.commonPool-worker-4] INFO  server.GrpcService (GrpcService.java:closeImpl(320)) - 3adbcf3a-f954-449d-af41-94271594c360: shutdown server GrpcServerProtocolService successfully
2024-04-26 07:45:53,333 [ForkJoinPool.commonPool-worker-4] INFO  server.GrpcService (GrpcService.java:closeImpl(311)) - 3adbcf3a-f954-449d-af41-94271594c360: shutdown server org.apache.ratis.grpc.server.GrpcAdminProtocolService now
2024-04-26 07:45:53,334 [ForkJoinPool.commonPool-worker-4] INFO  server.GrpcService (GrpcService.java:closeImpl(320)) - 3adbcf3a-f954-449d-af41-94271594c360: shutdown server org.apache.ratis.grpc.server.GrpcAdminProtocolService successfully
2024-04-26 07:45:53,336 [3adbcf3a-f954-449d-af41-94271594c360-NettyServerStreamRpc-bossGroup--thread1] INFO  logging.LoggingHandler (AbstractInternalLogger.java:log(148)) - [id: 0x61572a6f, L:/0.0.0.0:15407] CLOSE
2024-04-26 07:45:53,336 [3adbcf3a-f954-449d-af41-94271594c360-NettyServerStreamRpc-bossGroup--thread1] INFO  logging.LoggingHandler (AbstractInternalLogger.java:log(148)) - [id: 0x61572a6f, L:/0.0.0.0:15407] INACTIVE
2024-04-26 07:45:53,336 [3adbcf3a-f954-449d-af41-94271594c360-NettyServerStreamRpc-bossGroup--thread1] INFO  logging.LoggingHandler (AbstractInternalLogger.java:log(148)) - [id: 0x61572a6f, L:/0.0.0.0:15407] UNREGISTERED
2024-04-26 07:45:53,380 [ForkJoinPool.commonPool-worker-2] INFO  utils.DatanodeStoreCache (DatanodeStoreCache.java:shutdownCache(116)) - Skip clearing cache in mini cluster mode. Entries left: [/home/runner/work/ozone/ozone/hadoop-ozone/integration-test/target/test-dir/MiniOzoneClusterImpl-f8a85056-d908-4111-b8ec-0d6f55fc62ea/ozone-meta/datanode-3/data-0/hdds/f8a85056-d908-4111-b8ec-0d6f55fc62ea/DS-b240e260-4d7f-429f-9351-2c7cefcaac83/container.db, /home/runner/work/ozone/ozone/hadoop-ozone/integration-test/target/test-dir/MiniOzoneClusterImpl-f8a85056-d908-4111-b8ec-0d6f55fc62ea/ozone-meta/datanode-5/data-0/hdds/f8a85056-d908-4111-b8ec-0d6f55fc62ea/DS-2742f0e9-a36b-4457-9c36-83cbc206f1cd/container.db, /home/runner/work/ozone/ozone/hadoop-ozone/integration-test/target/test-dir/MiniOzoneClusterImpl-f8a85056-d908-4111-b8ec-0d6f55fc62ea/ozone-meta/datanode-6/data-0/hdds/f8a85056-d908-4111-b8ec-0d6f55fc62ea/DS-771a7fcf-6bd4-4a05-b03a-07b10e325a5d/container.db, /home/runner/work/ozone/ozone/hadoop-ozone/integration-test/target/test-dir/MiniOzoneClusterImpl-f8a85056-d908-4111-b8ec-0d6f55fc62ea/ozone-meta/datanode-7/data-0/hdds/f8a85056-d908-4111-b8ec-0d6f55fc62ea/DS-fb01df69-0a33-4bba-b28b-1c8143c77ac8/container.db, /home/runner/work/ozone/ozone/hadoop-ozone/integration-test/target/test-dir/MiniOzoneClusterImpl-f8a85056-d908-4111-b8ec-0d6f55fc62ea/ozone-meta/datanode-8/data-0/hdds/f8a85056-d908-4111-b8ec-0d6f55fc62ea/DS-564951b7-19db-4f97-a36b-f1002b138242/container.db, /home/runner/work/ozone/ozone/hadoop-ozone/integration-test/target/test-dir/MiniOzoneClusterImpl-f8a85056-d908-4111-b8ec-0d6f55fc62ea/ozone-meta/datanode-9/data-0/hdds/f8a85056-d908-4111-b8ec-0d6f55fc62ea/DS-c4e9fcb4-c279-4420-8508-c74261f095c0/container.db]
2024-04-26 07:45:53,381 [ForkJoinPool.commonPool-worker-2] INFO  utils.DatanodeStoreCache (DatanodeStoreCache.java:removeDB(110)) - Removed db /home/runner/work/ozone/ozone/hadoop-ozone/integration-test/target/test-dir/MiniOzoneClusterImpl-f8a85056-d908-4111-b8ec-0d6f55fc62ea/ozone-meta/datanode-3/data-0/hdds/f8a85056-d908-4111-b8ec-0d6f55fc62ea/DS-b240e260-4d7f-429f-9351-2c7cefcaac83/container.db from cache
2024-04-26 07:45:53,381 [ForkJoinPool.commonPool-worker-2] INFO  volume.HddsVolume (HddsVolume.java:closeDbStore(470)) - SchemaV3 db is stopped at /home/runner/work/ozone/ozone/hadoop-ozone/integration-test/target/test-dir/MiniOzoneClusterImpl-f8a85056-d908-4111-b8ec-0d6f55fc62ea/ozone-meta/datanode-3/data-0/hdds/f8a85056-d908-4111-b8ec-0d6f55fc62ea/DS-b240e260-4d7f-429f-9351-2c7cefcaac83/container.db for volume DS-b240e260-4d7f-429f-9351-2c7cefcaac83
2024-04-26 07:45:53,381 [ForkJoinPool.commonPool-worker-2] INFO  utils.BackgroundService (BackgroundService.java:shutdown(160)) - Shutting down service BlockDeletingService
2024-04-26 07:45:53,381 [ForkJoinPool.commonPool-worker-2] INFO  utils.BackgroundService (BackgroundService.java:shutdown(160)) - Shutting down service StaleRecoveringContainerScrubbingService
2024-04-26 07:45:53,381 [ForkJoinPool.commonPool-worker-2] INFO  statemachine.DatanodeStateMachine (DatanodeStateMachine.java:stopDaemon(638)) - Ozone container server stopped.
2024-04-26 07:45:53,382 [ForkJoinPool.commonPool-worker-2] INFO  handler.ContextHandler (ContextHandler.java:doStop(1159)) - Stopped o.e.j.w.WebAppContext@75723fe1{hddsDatanode,/,null,STOPPED}{file:/home/runner/work/ozone/ozone/hadoop-hdds/container-service/target/classes/webapps/hddsDatanode}
2024-04-26 07:45:53,382 [ForkJoinPool.commonPool-worker-2] INFO  server.AbstractConnector (AbstractConnector.java:doStop(383)) - Stopped ServerConnector@63d9cd59{HTTP/1.1, (http/1.1)}{0.0.0.0:15383}
2024-04-26 07:45:53,382 [ForkJoinPool.commonPool-worker-2] INFO  server.session (HouseKeeper.java:stopScavenging(149)) - node0 Stopped scavenging
2024-04-26 07:45:53,382 [ForkJoinPool.commonPool-worker-2] INFO  handler.ContextHandler (ContextHandler.java:doStop(1159)) - Stopped o.e.j.s.ServletContextHandler@1f489987{static,/static,file:///home/runner/work/ozone/ozone/hadoop-hdds/container-service/target/classes/webapps/static,STOPPED}
2024-04-26 07:45:53,382 [ForkJoinPool.commonPool-worker-2] INFO  handler.ContextHandler (ContextHandler.java:doStop(1159)) - Stopped o.e.j.s.ServletContextHandler@742d5736{logs,/logs,file:///home/runner/work/ozone/ozone/hadoop-ozone/integration-test/target/log,STOPPED}
2024-04-26 07:45:53,384 [ForkJoinPool.commonPool-worker-2] INFO  ozone.HddsDatanodeClientProtocolServer (HddsDatanodeClientProtocolServer.java:stop(83)) - Stopping the RPC server for Client Protocol
2024-04-26 07:45:53,384 [ForkJoinPool.commonPool-worker-2] INFO  ipc.Server (Server.java:stop(3523)) - Stopping server on 15384
2024-04-26 07:45:53,385 [IPC Server Responder] INFO  ipc.Server (Server.java:run(1567)) - Stopping IPC Server Responder
2024-04-26 07:45:53,385 [IPC Server listener on 15384] INFO  ipc.Server (Server.java:run(1434)) - Stopping IPC Server listener on 15384
2024-04-26 07:45:53,386 [ForkJoinPool.commonPool-worker-2] INFO  ozoneimpl.OzoneContainer (OzoneContainer.java:stop(481)) - Attempting to stop container services.
2024-04-26 07:45:53,386 [ContainerMetadataScanner] WARN  ozoneimpl.AbstractBackgroundContainerScanner (AbstractBackgroundContainerScanner.java:handleRemainingSleep(134)) - Background container scan was interrupted.
2024-04-26 07:45:53,386 [ContainerMetadataScanner] INFO  ozoneimpl.AbstractBackgroundContainerScanner (AbstractBackgroundContainerScanner.java:run(61)) - Thread[ContainerMetadataScanner,5,main] exiting.
2024-04-26 07:45:53,387 [ForkJoinPool.commonPool-worker-2] INFO  ozoneimpl.BackgroundContainerDataScanner (BackgroundContainerDataScanner.java:shutdown(141)) - ContainerDataScanner(/home/runner/work/ozone/ozone/hadoop-ozone/integration-test/target/test-dir/MiniOzoneClusterImpl-f8a85056-d908-4111-b8ec-0d6f55fc62ea/ozone-meta/datanode-9/data-0/hdds) is shutting down. 
2024-04-26 07:45:53,387 [ContainerDataScanner(/home/runner/work/ozone/ozone/hadoop-ozone/integration-test/target/test-dir/MiniOzoneClusterImpl-f8a85056-d908-4111-b8ec-0d6f55fc62ea/ozone-meta/datanode-9/data-0/hdds)] WARN  ozoneimpl.AbstractBackgroundContainerScanner (AbstractBackgroundContainerScanner.java:handleRemainingSleep(134)) - Background container scan was interrupted.
2024-04-26 07:45:53,387 [ContainerDataScanner(/home/runner/work/ozone/ozone/hadoop-ozone/integration-test/target/test-dir/MiniOzoneClusterImpl-f8a85056-d908-4111-b8ec-0d6f55fc62ea/ozone-meta/datanode-9/data-0/hdds)] INFO  ozoneimpl.AbstractBackgroundContainerScanner (AbstractBackgroundContainerScanner.java:run(61)) - ContainerDataScanner(/home/runner/work/ozone/ozone/hadoop-ozone/integration-test/target/test-dir/MiniOzoneClusterImpl-f8a85056-d908-4111-b8ec-0d6f55fc62ea/ozone-meta/datanode-9/data-0/hdds, DS-c4e9fcb4-c279-4420-8508-c74261f095c0) exiting.
2024-04-26 07:45:53,387 [ForkJoinPool.commonPool-worker-2] INFO  server.RaftServer (RaftServerProxy.java:lambda$close$9(416)) - ac5950e9-78e7-4600-acb8-d4807d98be63: close
2024-04-26 07:45:53,387 [ForkJoinPool.commonPool-worker-2] INFO  server.GrpcService (GrpcService.java:closeImpl(311)) - ac5950e9-78e7-4600-acb8-d4807d98be63: shutdown server org.apache.ratis.grpc.server.GrpcClientProtocolService now
2024-04-26 07:45:53,387 [ac5950e9-78e7-4600-acb8-d4807d98be63-impl-thread1] INFO  server.RaftServer$Division (RaftServerImpl.java:lambda$close$3(526)) - ac5950e9-78e7-4600-acb8-d4807d98be63@group-AC1F55C45F87: shutdown
2024-04-26 07:45:53,387 [ac5950e9-78e7-4600-acb8-d4807d98be63-impl-thread1] INFO  util.JmxRegister (JmxRegister.java:unregister(73)) - Successfully un-registered JMX Bean with object name Ratis:service=RaftServer,group=group-AC1F55C45F87,id=ac5950e9-78e7-4600-acb8-d4807d98be63
2024-04-26 07:45:53,387 [ac5950e9-78e7-4600-acb8-d4807d98be63-impl-thread1] INFO  impl.RoleInfo (RoleInfo.java:shutdownLeaderState(94)) - ac5950e9-78e7-4600-acb8-d4807d98be63: shutdown ac5950e9-78e7-4600-acb8-d4807d98be63@group-AC1F55C45F87-LeaderStateImpl
2024-04-26 07:45:53,387 [ac5950e9-78e7-4600-acb8-d4807d98be63-impl-thread2] INFO  server.RaftServer$Division (RaftServerImpl.java:lambda$close$3(526)) - ac5950e9-78e7-4600-acb8-d4807d98be63@group-266F61E7352E: shutdown
2024-04-26 07:45:53,387 [ac5950e9-78e7-4600-acb8-d4807d98be63@group-AC1F55C45F87->00cfc371-235c-47c8-bc9b-47247119d947-GrpcLogAppender-LogAppenderDaemon] WARN  server.GrpcLogAppender (GrpcLogAppender.java:mayWait(289)) - ac5950e9-78e7-4600-acb8-d4807d98be63@group-AC1F55C45F87->00cfc371-235c-47c8-bc9b-47247119d947-GrpcLogAppender: Wait interrupted by java.lang.InterruptedException
2024-04-26 07:45:53,388 [Thread-6167] INFO  server.GrpcServerProtocolClient (GrpcServerProtocolClient.java:close(103)) - 00cfc371-235c-47c8-bc9b-47247119d947 Close channels
2024-04-26 07:45:53,387 [ac5950e9-78e7-4600-acb8-d4807d98be63-impl-thread1] INFO  impl.PendingRequests (PendingRequests.java:sendNotLeaderResponses(289)) - ac5950e9-78e7-4600-acb8-d4807d98be63@group-AC1F55C45F87-PendingRequests: sendNotLeaderResponses
2024-04-26 07:45:53,387 [ac5950e9-78e7-4600-acb8-d4807d98be63@group-AC1F55C45F87->80986ccd-c217-439b-b85b-0b259797a488-GrpcLogAppender-LogAppenderDaemon] WARN  server.GrpcLogAppender (GrpcLogAppender.java:mayWait(289)) - ac5950e9-78e7-4600-acb8-d4807d98be63@group-AC1F55C45F87->80986ccd-c217-439b-b85b-0b259797a488-GrpcLogAppender: Wait interrupted by java.lang.InterruptedException
2024-04-26 07:45:53,388 [Thread-6168] INFO  server.GrpcServerProtocolClient (GrpcServerProtocolClient.java:close(103)) - 80986ccd-c217-439b-b85b-0b259797a488 Close channels
2024-04-26 07:45:53,388 [ForkJoinPool.commonPool-worker-2] INFO  server.GrpcService (GrpcService.java:closeImpl(320)) - ac5950e9-78e7-4600-acb8-d4807d98be63: shutdown server org.apache.ratis.grpc.server.GrpcClientProtocolService successfully
2024-04-26 07:45:53,389 [ForkJoinPool.commonPool-worker-2] INFO  server.GrpcService (GrpcService.java:closeImpl(311)) - ac5950e9-78e7-4600-acb8-d4807d98be63: shutdown server GrpcServerProtocolService now
2024-04-26 07:45:53,388 [ac5950e9-78e7-4600-acb8-d4807d98be63-impl-thread2] INFO  util.JmxRegister (JmxRegister.java:unregister(73)) - Successfully un-registered JMX Bean with object name Ratis:service=RaftServer,group=group-266F61E7352E,id=ac5950e9-78e7-4600-acb8-d4807d98be63
2024-04-26 07:45:53,389 [ac5950e9-78e7-4600-acb8-d4807d98be63-impl-thread2] INFO  impl.RoleInfo (RoleInfo.java:shutdownLeaderState(94)) - ac5950e9-78e7-4600-acb8-d4807d98be63: shutdown ac5950e9-78e7-4600-acb8-d4807d98be63@group-266F61E7352E-LeaderStateImpl
2024-04-26 07:45:53,388 [ac5950e9-78e7-4600-acb8-d4807d98be63@group-AC1F55C45F87-StateMachineUpdater] INFO  ratis.ContainerStateMachine (ContainerStateMachine.java:takeSnapshot(355)) - group-AC1F55C45F87: Taking a snapshot at:(t:1, i:0) file /home/runner/work/ozone/ozone/hadoop-ozone/integration-test/target/test-dir/MiniOzoneClusterImpl-f8a85056-d908-4111-b8ec-0d6f55fc62ea/ozone-meta/datanode-9/ratis/88fe2527-0b70-47e4-af82-ac1f55c45f87/sm/snapshot.1_0
2024-04-26 07:45:53,388 [ac5950e9-78e7-4600-acb8-d4807d98be63-impl-thread1] INFO  impl.StateMachineUpdater (StateMachineUpdater.java:stopAndJoin(157)) - ac5950e9-78e7-4600-acb8-d4807d98be63@group-AC1F55C45F87-StateMachineUpdater: set stopIndex = 0
2024-04-26 07:45:53,389 [ac5950e9-78e7-4600-acb8-d4807d98be63-impl-thread2] INFO  impl.PendingRequests (PendingRequests.java:sendNotLeaderResponses(289)) - ac5950e9-78e7-4600-acb8-d4807d98be63@group-266F61E7352E-PendingRequests: sendNotLeaderResponses
2024-04-26 07:45:53,389 [ac5950e9-78e7-4600-acb8-d4807d98be63-impl-thread2] INFO  impl.StateMachineUpdater (StateMachineUpdater.java:stopAndJoin(157)) - ac5950e9-78e7-4600-acb8-d4807d98be63@group-266F61E7352E-StateMachineUpdater: set stopIndex = 0
2024-04-26 07:45:53,389 [ac5950e9-78e7-4600-acb8-d4807d98be63@group-266F61E7352E-StateMachineUpdater] INFO  ratis.ContainerStateMachine (ContainerStateMachine.java:takeSnapshot(355)) - group-266F61E7352E: Taking a snapshot at:(t:1, i:0) file /home/runner/work/ozone/ozone/hadoop-ozone/integration-test/target/test-dir/MiniOzoneClusterImpl-f8a85056-d908-4111-b8ec-0d6f55fc62ea/ozone-meta/datanode-9/ratis/0eeb85e4-39f8-46f2-9a5c-266f61e7352e/sm/snapshot.1_0
2024-04-26 07:45:53,389 [ForkJoinPool.commonPool-worker-2] INFO  server.GrpcService (GrpcService.java:closeImpl(320)) - ac5950e9-78e7-4600-acb8-d4807d98be63: shutdown server GrpcServerProtocolService successfully
2024-04-26 07:45:53,389 [ForkJoinPool.commonPool-worker-2] INFO  server.GrpcService (GrpcService.java:closeImpl(311)) - ac5950e9-78e7-4600-acb8-d4807d98be63: shutdown server org.apache.ratis.grpc.server.GrpcAdminProtocolService now
2024-04-26 07:45:53,389 [ac5950e9-78e7-4600-acb8-d4807d98be63@group-AC1F55C45F87-StateMachineUpdater] INFO  ratis.ContainerStateMachine (ContainerStateMachine.java:takeSnapshot(366)) - group-AC1F55C45F87: Finished taking a snapshot at:(t:1, i:0) file:/home/runner/work/ozone/ozone/hadoop-ozone/integration-test/target/test-dir/MiniOzoneClusterImpl-f8a85056-d908-4111-b8ec-0d6f55fc62ea/ozone-meta/datanode-9/ratis/88fe2527-0b70-47e4-af82-ac1f55c45f87/sm/snapshot.1_0 took: 0 ms
2024-04-26 07:45:53,390 [ac5950e9-78e7-4600-acb8-d4807d98be63@group-AC1F55C45F87-StateMachineUpdater] INFO  impl.StateMachineUpdater (StateMachineUpdater.java:takeSnapshot(295)) - ac5950e9-78e7-4600-acb8-d4807d98be63@group-AC1F55C45F87-StateMachineUpdater: Took a snapshot at index 0
2024-04-26 07:45:53,390 [ac5950e9-78e7-4600-acb8-d4807d98be63@group-266F61E7352E-StateMachineUpdater] INFO  ratis.ContainerStateMachine (ContainerStateMachine.java:takeSnapshot(366)) - group-266F61E7352E: Finished taking a snapshot at:(t:1, i:0) file:/home/runner/work/ozone/ozone/hadoop-ozone/integration-test/target/test-dir/MiniOzoneClusterImpl-f8a85056-d908-4111-b8ec-0d6f55fc62ea/ozone-meta/datanode-9/ratis/0eeb85e4-39f8-46f2-9a5c-266f61e7352e/sm/snapshot.1_0 took: 1 ms
2024-04-26 07:45:53,390 [ac5950e9-78e7-4600-acb8-d4807d98be63@group-AC1F55C45F87-StateMachineUpdater] INFO  impl.StateMachineUpdater (StateMachineUpdater.java:lambda$new$0(98)) - ac5950e9-78e7-4600-acb8-d4807d98be63@group-AC1F55C45F87-StateMachineUpdater: snapshotIndex: updateIncreasingly -1 -> 0
2024-04-26 07:45:53,390 [ac5950e9-78e7-4600-acb8-d4807d98be63@group-266F61E7352E-StateMachineUpdater] INFO  impl.StateMachineUpdater (StateMachineUpdater.java:takeSnapshot(295)) - ac5950e9-78e7-4600-acb8-d4807d98be63@group-266F61E7352E-StateMachineUpdater: Took a snapshot at index 0
2024-04-26 07:45:53,390 [ac5950e9-78e7-4600-acb8-d4807d98be63@group-266F61E7352E-StateMachineUpdater] INFO  impl.StateMachineUpdater (StateMachineUpdater.java:lambda$new$0(98)) - ac5950e9-78e7-4600-acb8-d4807d98be63@group-266F61E7352E-StateMachineUpdater: snapshotIndex: updateIncreasingly -1 -> 0
2024-04-26 07:45:53,390 [ac5950e9-78e7-4600-acb8-d4807d98be63-impl-thread1] INFO  server.RaftServer$Division (ServerState.java:close(427)) - ac5950e9-78e7-4600-acb8-d4807d98be63@group-AC1F55C45F87: applyIndex: 0
2024-04-26 07:45:53,390 [ac5950e9-78e7-4600-acb8-d4807d98be63-impl-thread2] INFO  server.RaftServer$Division (ServerState.java:close(427)) - ac5950e9-78e7-4600-acb8-d4807d98be63@group-266F61E7352E: applyIndex: 0
2024-04-26 07:45:53,390 [ac5950e9-78e7-4600-acb8-d4807d98be63@group-AC1F55C45F87-cacheEviction-AwaitToRun] INFO  util.AwaitToRun (AwaitToRun.java:run(49)) - ac5950e9-78e7-4600-acb8-d4807d98be63@group-AC1F55C45F87-cacheEviction-AwaitToRun-AwaitForSignal is interrupted
2024-04-26 07:45:53,390 [ac5950e9-78e7-4600-acb8-d4807d98be63@group-266F61E7352E-cacheEviction-AwaitToRun] INFO  util.AwaitToRun (AwaitToRun.java:run(49)) - ac5950e9-78e7-4600-acb8-d4807d98be63@group-266F61E7352E-cacheEviction-AwaitToRun-AwaitForSignal is interrupted
2024-04-26 07:45:53,393 [ForkJoinPool.commonPool-worker-2] INFO  server.GrpcService (GrpcService.java:closeImpl(320)) - ac5950e9-78e7-4600-acb8-d4807d98be63: shutdown server org.apache.ratis.grpc.server.GrpcAdminProtocolService successfully
2024-04-26 07:45:53,395 [ac5950e9-78e7-4600-acb8-d4807d98be63-NettyServerStreamRpc-bossGroup--thread1] INFO  logging.LoggingHandler (AbstractInternalLogger.java:log(148)) - [id: 0xd4e760df, L:/0.0.0.0:15443] CLOSE
2024-04-26 07:45:53,395 [ac5950e9-78e7-4600-acb8-d4807d98be63-NettyServerStreamRpc-bossGroup--thread1] INFO  logging.LoggingHandler (AbstractInternalLogger.java:log(148)) - [id: 0xd4e760df, L:/0.0.0.0:15443] INACTIVE
2024-04-26 07:45:53,395 [ac5950e9-78e7-4600-acb8-d4807d98be63-NettyServerStreamRpc-bossGroup--thread1] INFO  logging.LoggingHandler (AbstractInternalLogger.java:log(148)) - [id: 0xd4e760df, L:/0.0.0.0:15443] UNREGISTERED
2024-04-26 07:45:53,405 [3adbcf3a-f954-449d-af41-94271594c360-impl-thread1] INFO  segmented.SegmentedRaftLogWorker (SegmentedRaftLogWorker.java:close(245)) - 3adbcf3a-f954-449d-af41-94271594c360@group-87ED2C8CF722-SegmentedRaftLogWorker close()
2024-04-26 07:45:53,478 [ac5950e9-78e7-4600-acb8-d4807d98be63-impl-thread1] INFO  segmented.SegmentedRaftLogWorker (SegmentedRaftLogWorker.java:close(245)) - ac5950e9-78e7-4600-acb8-d4807d98be63@group-AC1F55C45F87-SegmentedRaftLogWorker close()
2024-04-26 07:45:53,490 [ForkJoinPool.commonPool-worker-3] INFO  utils.DatanodeStoreCache (DatanodeStoreCache.java:shutdownCache(116)) - Skip clearing cache in mini cluster mode. Entries left: [/home/runner/work/ozone/ozone/hadoop-ozone/integration-test/target/test-dir/MiniOzoneClusterImpl-f8a85056-d908-4111-b8ec-0d6f55fc62ea/ozone-meta/datanode-5/data-0/hdds/f8a85056-d908-4111-b8ec-0d6f55fc62ea/DS-2742f0e9-a36b-4457-9c36-83cbc206f1cd/container.db, /home/runner/work/ozone/ozone/hadoop-ozone/integration-test/target/test-dir/MiniOzoneClusterImpl-f8a85056-d908-4111-b8ec-0d6f55fc62ea/ozone-meta/datanode-6/data-0/hdds/f8a85056-d908-4111-b8ec-0d6f55fc62ea/DS-771a7fcf-6bd4-4a05-b03a-07b10e325a5d/container.db, /home/runner/work/ozone/ozone/hadoop-ozone/integration-test/target/test-dir/MiniOzoneClusterImpl-f8a85056-d908-4111-b8ec-0d6f55fc62ea/ozone-meta/datanode-7/data-0/hdds/f8a85056-d908-4111-b8ec-0d6f55fc62ea/DS-fb01df69-0a33-4bba-b28b-1c8143c77ac8/container.db, /home/runner/work/ozone/ozone/hadoop-ozone/integration-test/target/test-dir/MiniOzoneClusterImpl-f8a85056-d908-4111-b8ec-0d6f55fc62ea/ozone-meta/datanode-8/data-0/hdds/f8a85056-d908-4111-b8ec-0d6f55fc62ea/DS-564951b7-19db-4f97-a36b-f1002b138242/container.db, /home/runner/work/ozone/ozone/hadoop-ozone/integration-test/target/test-dir/MiniOzoneClusterImpl-f8a85056-d908-4111-b8ec-0d6f55fc62ea/ozone-meta/datanode-9/data-0/hdds/f8a85056-d908-4111-b8ec-0d6f55fc62ea/DS-c4e9fcb4-c279-4420-8508-c74261f095c0/container.db]
2024-04-26 07:45:53,491 [ForkJoinPool.commonPool-worker-1] INFO  utils.DatanodeStoreCache (DatanodeStoreCache.java:shutdownCache(116)) - Skip clearing cache in mini cluster mode. Entries left: [/home/runner/work/ozone/ozone/hadoop-ozone/integration-test/target/test-dir/MiniOzoneClusterImpl-f8a85056-d908-4111-b8ec-0d6f55fc62ea/ozone-meta/datanode-5/data-0/hdds/f8a85056-d908-4111-b8ec-0d6f55fc62ea/DS-2742f0e9-a36b-4457-9c36-83cbc206f1cd/container.db, /home/runner/work/ozone/ozone/hadoop-ozone/integration-test/target/test-dir/MiniOzoneClusterImpl-f8a85056-d908-4111-b8ec-0d6f55fc62ea/ozone-meta/datanode-6/data-0/hdds/f8a85056-d908-4111-b8ec-0d6f55fc62ea/DS-771a7fcf-6bd4-4a05-b03a-07b10e325a5d/container.db, /home/runner/work/ozone/ozone/hadoop-ozone/integration-test/target/test-dir/MiniOzoneClusterImpl-f8a85056-d908-4111-b8ec-0d6f55fc62ea/ozone-meta/datanode-7/data-0/hdds/f8a85056-d908-4111-b8ec-0d6f55fc62ea/DS-fb01df69-0a33-4bba-b28b-1c8143c77ac8/container.db, /home/runner/work/ozone/ozone/hadoop-ozone/integration-test/target/test-dir/MiniOzoneClusterImpl-f8a85056-d908-4111-b8ec-0d6f55fc62ea/ozone-meta/datanode-9/data-0/hdds/f8a85056-d908-4111-b8ec-0d6f55fc62ea/DS-c4e9fcb4-c279-4420-8508-c74261f095c0/container.db]
2024-04-26 07:45:53,491 [ForkJoinPool.commonPool-worker-3] INFO  utils.DatanodeStoreCache (DatanodeStoreCache.java:removeDB(110)) - Removed db /home/runner/work/ozone/ozone/hadoop-ozone/integration-test/target/test-dir/MiniOzoneClusterImpl-f8a85056-d908-4111-b8ec-0d6f55fc62ea/ozone-meta/datanode-8/data-0/hdds/f8a85056-d908-4111-b8ec-0d6f55fc62ea/DS-564951b7-19db-4f97-a36b-f1002b138242/container.db from cache
2024-04-26 07:45:53,491 [ForkJoinPool.commonPool-worker-3] INFO  volume.HddsVolume (HddsVolume.java:closeDbStore(470)) - SchemaV3 db is stopped at /home/runner/work/ozone/ozone/hadoop-ozone/integration-test/target/test-dir/MiniOzoneClusterImpl-f8a85056-d908-4111-b8ec-0d6f55fc62ea/ozone-meta/datanode-8/data-0/hdds/f8a85056-d908-4111-b8ec-0d6f55fc62ea/DS-564951b7-19db-4f97-a36b-f1002b138242/container.db for volume DS-564951b7-19db-4f97-a36b-f1002b138242
2024-04-26 07:45:53,492 [ForkJoinPool.commonPool-worker-3] INFO  utils.BackgroundService (BackgroundService.java:shutdown(160)) - Shutting down service BlockDeletingService
2024-04-26 07:45:53,492 [ForkJoinPool.commonPool-worker-1] INFO  utils.DatanodeStoreCache (DatanodeStoreCache.java:removeDB(110)) - Removed db /home/runner/work/ozone/ozone/hadoop-ozone/integration-test/target/test-dir/MiniOzoneClusterImpl-f8a85056-d908-4111-b8ec-0d6f55fc62ea/ozone-meta/datanode-7/data-0/hdds/f8a85056-d908-4111-b8ec-0d6f55fc62ea/DS-fb01df69-0a33-4bba-b28b-1c8143c77ac8/container.db from cache
2024-04-26 07:45:53,492 [ForkJoinPool.commonPool-worker-1] INFO  volume.HddsVolume (HddsVolume.java:closeDbStore(470)) - SchemaV3 db is stopped at /home/runner/work/ozone/ozone/hadoop-ozone/integration-test/target/test-dir/MiniOzoneClusterImpl-f8a85056-d908-4111-b8ec-0d6f55fc62ea/ozone-meta/datanode-7/data-0/hdds/f8a85056-d908-4111-b8ec-0d6f55fc62ea/DS-fb01df69-0a33-4bba-b28b-1c8143c77ac8/container.db for volume DS-fb01df69-0a33-4bba-b28b-1c8143c77ac8
2024-04-26 07:45:53,492 [ForkJoinPool.commonPool-worker-3] INFO  utils.BackgroundService (BackgroundService.java:shutdown(160)) - Shutting down service StaleRecoveringContainerScrubbingService
2024-04-26 07:45:53,492 [ForkJoinPool.commonPool-worker-1] INFO  utils.BackgroundService (BackgroundService.java:shutdown(160)) - Shutting down service BlockDeletingService
2024-04-26 07:45:53,492 [ForkJoinPool.commonPool-worker-3] INFO  statemachine.DatanodeStateMachine (DatanodeStateMachine.java:stopDaemon(638)) - Ozone container server stopped.
2024-04-26 07:45:53,493 [ForkJoinPool.commonPool-worker-1] INFO  utils.BackgroundService (BackgroundService.java:shutdown(160)) - Shutting down service StaleRecoveringContainerScrubbingService
2024-04-26 07:45:53,493 [ForkJoinPool.commonPool-worker-3] INFO  handler.ContextHandler (ContextHandler.java:doStop(1159)) - Stopped o.e.j.w.WebAppContext@7b3556d7{hddsDatanode,/,null,STOPPED}{file:/home/runner/work/ozone/ozone/hadoop-hdds/container-service/target/classes/webapps/hddsDatanode}
2024-04-26 07:45:53,493 [ForkJoinPool.commonPool-worker-1] INFO  statemachine.DatanodeStateMachine (DatanodeStateMachine.java:stopDaemon(638)) - Ozone container server stopped.
2024-04-26 07:45:53,493 [ForkJoinPool.commonPool-worker-1] INFO  handler.ContextHandler (ContextHandler.java:doStop(1159)) - Stopped o.e.j.w.WebAppContext@6ac7e58e{hddsDatanode,/,null,STOPPED}{file:/home/runner/work/ozone/ozone/hadoop-hdds/container-service/target/classes/webapps/hddsDatanode}
2024-04-26 07:45:53,494 [ForkJoinPool.commonPool-worker-3] INFO  server.AbstractConnector (AbstractConnector.java:doStop(383)) - Stopped ServerConnector@5c6d8a40{HTTP/1.1, (http/1.1)}{0.0.0.0:15428}
2024-04-26 07:45:53,494 [ForkJoinPool.commonPool-worker-3] INFO  server.session (HouseKeeper.java:stopScavenging(149)) - node0 Stopped scavenging
2024-04-26 07:45:53,494 [ForkJoinPool.commonPool-worker-1] INFO  server.AbstractConnector (AbstractConnector.java:doStop(383)) - Stopped ServerConnector@57ab8f82{HTTP/1.1, (http/1.1)}{0.0.0.0:15419}
2024-04-26 07:45:53,494 [ForkJoinPool.commonPool-worker-1] INFO  server.session (HouseKeeper.java:stopScavenging(149)) - node0 Stopped scavenging
2024-04-26 07:45:53,494 [ForkJoinPool.commonPool-worker-3] INFO  handler.ContextHandler (ContextHandler.java:doStop(1159)) - Stopped o.e.j.s.ServletContextHandler@6a2affb6{static,/static,file:///home/runner/work/ozone/ozone/hadoop-hdds/container-service/target/classes/webapps/static,STOPPED}
2024-04-26 07:45:53,494 [ForkJoinPool.commonPool-worker-1] INFO  handler.ContextHandler (ContextHandler.java:doStop(1159)) - Stopped o.e.j.s.ServletContextHandler@5ccf13a9{static,/static,file:///home/runner/work/ozone/ozone/hadoop-hdds/container-service/target/classes/webapps/static,STOPPED}
2024-04-26 07:45:53,494 [ForkJoinPool.commonPool-worker-3] INFO  handler.ContextHandler (ContextHandler.java:doStop(1159)) - Stopped o.e.j.s.ServletContextHandler@1b5b656b{logs,/logs,file:///home/runner/work/ozone/ozone/hadoop-ozone/integration-test/target/log,STOPPED}
2024-04-26 07:45:53,494 [ForkJoinPool.commonPool-worker-1] INFO  handler.ContextHandler (ContextHandler.java:doStop(1159)) - Stopped o.e.j.s.ServletContextHandler@4bb1d848{logs,/logs,file:///home/runner/work/ozone/ozone/hadoop-ozone/integration-test/target/log,STOPPED}
2024-04-26 07:45:53,494 [ForkJoinPool.commonPool-worker-3] INFO  ozone.HddsDatanodeClientProtocolServer (HddsDatanodeClientProtocolServer.java:stop(83)) - Stopping the RPC server for Client Protocol
2024-04-26 07:45:53,494 [ForkJoinPool.commonPool-worker-3] INFO  ipc.Server (Server.java:stop(3523)) - Stopping server on 15429
2024-04-26 07:45:53,494 [ForkJoinPool.commonPool-worker-1] INFO  ozone.HddsDatanodeClientProtocolServer (HddsDatanodeClientProtocolServer.java:stop(83)) - Stopping the RPC server for Client Protocol
2024-04-26 07:45:53,495 [ForkJoinPool.commonPool-worker-1] INFO  ipc.Server (Server.java:stop(3523)) - Stopping server on 15420
2024-04-26 07:45:53,495 [IPC Server listener on 15429] INFO  ipc.Server (Server.java:run(1434)) - Stopping IPC Server listener on 15429
2024-04-26 07:45:53,495 [IPC Server Responder] INFO  ipc.Server (Server.java:run(1567)) - Stopping IPC Server Responder
2024-04-26 07:45:53,495 [IPC Server Responder] INFO  ipc.Server (Server.java:run(1567)) - Stopping IPC Server Responder
2024-04-26 07:45:53,496 [IPC Server listener on 15420] INFO  ipc.Server (Server.java:run(1434)) - Stopping IPC Server listener on 15420
2024-04-26 07:45:53,509 [main] INFO  utils.DatanodeStoreCache (DatanodeStoreCache.java:shutdownCache(116)) - Skip clearing cache in mini cluster mode. Entries left: [/home/runner/work/ozone/ozone/hadoop-ozone/integration-test/target/test-dir/MiniOzoneClusterImpl-f8a85056-d908-4111-b8ec-0d6f55fc62ea/ozone-meta/datanode-5/data-0/hdds/f8a85056-d908-4111-b8ec-0d6f55fc62ea/DS-2742f0e9-a36b-4457-9c36-83cbc206f1cd/container.db, /home/runner/work/ozone/ozone/hadoop-ozone/integration-test/target/test-dir/MiniOzoneClusterImpl-f8a85056-d908-4111-b8ec-0d6f55fc62ea/ozone-meta/datanode-6/data-0/hdds/f8a85056-d908-4111-b8ec-0d6f55fc62ea/DS-771a7fcf-6bd4-4a05-b03a-07b10e325a5d/container.db, /home/runner/work/ozone/ozone/hadoop-ozone/integration-test/target/test-dir/MiniOzoneClusterImpl-f8a85056-d908-4111-b8ec-0d6f55fc62ea/ozone-meta/datanode-9/data-0/hdds/f8a85056-d908-4111-b8ec-0d6f55fc62ea/DS-c4e9fcb4-c279-4420-8508-c74261f095c0/container.db]
2024-04-26 07:45:53,510 [main] INFO  utils.DatanodeStoreCache (DatanodeStoreCache.java:removeDB(110)) - Removed db /home/runner/work/ozone/ozone/hadoop-ozone/integration-test/target/test-dir/MiniOzoneClusterImpl-f8a85056-d908-4111-b8ec-0d6f55fc62ea/ozone-meta/datanode-6/data-0/hdds/f8a85056-d908-4111-b8ec-0d6f55fc62ea/DS-771a7fcf-6bd4-4a05-b03a-07b10e325a5d/container.db from cache
2024-04-26 07:45:53,510 [main] INFO  volume.HddsVolume (HddsVolume.java:closeDbStore(470)) - SchemaV3 db is stopped at /home/runner/work/ozone/ozone/hadoop-ozone/integration-test/target/test-dir/MiniOzoneClusterImpl-f8a85056-d908-4111-b8ec-0d6f55fc62ea/ozone-meta/datanode-6/data-0/hdds/f8a85056-d908-4111-b8ec-0d6f55fc62ea/DS-771a7fcf-6bd4-4a05-b03a-07b10e325a5d/container.db for volume DS-771a7fcf-6bd4-4a05-b03a-07b10e325a5d
2024-04-26 07:45:53,510 [main] INFO  utils.BackgroundService (BackgroundService.java:shutdown(160)) - Shutting down service BlockDeletingService
2024-04-26 07:45:53,510 [main] INFO  utils.BackgroundService (BackgroundService.java:shutdown(160)) - Shutting down service StaleRecoveringContainerScrubbingService
2024-04-26 07:45:53,511 [main] INFO  statemachine.DatanodeStateMachine (DatanodeStateMachine.java:stopDaemon(638)) - Ozone container server stopped.
2024-04-26 07:45:53,511 [main] INFO  handler.ContextHandler (ContextHandler.java:doStop(1159)) - Stopped o.e.j.w.WebAppContext@43cd2f26{hddsDatanode,/,null,STOPPED}{file:/home/runner/work/ozone/ozone/hadoop-hdds/container-service/target/classes/webapps/hddsDatanode}
2024-04-26 07:45:53,511 [main] INFO  server.AbstractConnector (AbstractConnector.java:doStop(383)) - Stopped ServerConnector@1c2cf47f{HTTP/1.1, (http/1.1)}{0.0.0.0:15410}
2024-04-26 07:45:53,512 [main] INFO  server.session (HouseKeeper.java:stopScavenging(149)) - node0 Stopped scavenging
2024-04-26 07:45:53,512 [main] INFO  handler.ContextHandler (ContextHandler.java:doStop(1159)) - Stopped o.e.j.s.ServletContextHandler@545df2c5{static,/static,file:///home/runner/work/ozone/ozone/hadoop-hdds/container-service/target/classes/webapps/static,STOPPED}
2024-04-26 07:45:53,512 [main] INFO  handler.ContextHandler (ContextHandler.java:doStop(1159)) - Stopped o.e.j.s.ServletContextHandler@1d27d981{logs,/logs,file:///home/runner/work/ozone/ozone/hadoop-ozone/integration-test/target/log,STOPPED}
2024-04-26 07:45:53,512 [main] INFO  ozone.HddsDatanodeClientProtocolServer (HddsDatanodeClientProtocolServer.java:stop(83)) - Stopping the RPC server for Client Protocol
2024-04-26 07:45:53,513 [main] INFO  ipc.Server (Server.java:stop(3523)) - Stopping server on 15411
2024-04-26 07:45:53,513 [IPC Server listener on 15411] INFO  ipc.Server (Server.java:run(1434)) - Stopping IPC Server listener on 15411
2024-04-26 07:45:53,513 [IPC Server Responder] INFO  ipc.Server (Server.java:run(1567)) - Stopping IPC Server Responder
2024-04-26 07:45:53,522 [3adbcf3a-f954-449d-af41-94271594c360-impl-thread2] INFO  segmented.SegmentedRaftLogWorker (SegmentedRaftLogWorker.java:close(245)) - 3adbcf3a-f954-449d-af41-94271594c360@group-8AF491E1D12D-SegmentedRaftLogWorker close()
2024-04-26 07:45:53,523 [JvmPauseMonitor50] INFO  util.JvmPauseMonitor (JvmPauseMonitor.java:run(152)) - JvmPauseMonitor-3adbcf3a-f954-449d-af41-94271594c360: Stopped
2024-04-26 07:45:53,698 [ac5950e9-78e7-4600-acb8-d4807d98be63-impl-thread2] INFO  segmented.SegmentedRaftLogWorker (SegmentedRaftLogWorker.java:close(245)) - ac5950e9-78e7-4600-acb8-d4807d98be63@group-266F61E7352E-SegmentedRaftLogWorker close()
2024-04-26 07:45:53,698 [JvmPauseMonitor54] INFO  util.JvmPauseMonitor (JvmPauseMonitor.java:run(152)) - JvmPauseMonitor-ac5950e9-78e7-4600-acb8-d4807d98be63: Stopped
2024-04-26 07:45:55,518 [timer0] WARN  server.GrpcLogAppender (GrpcLogAppender.java:lambda$resetClient$1(217)) - 66bce337-27b9-4953-b5f8-11fc3ae630c2@group-8AF491E1D12D->007259ab-dd98-41c4-869b-5f1f47ad54d0-GrpcLogAppender: Follower failed (request=null, errorCount=2); keep nextIndex (1) unchanged and retry. (Repeated 2 times in the last 4.999s)
2024-04-26 07:45:55,518 [timer7] WARN  server.GrpcLogAppender (LogUtils.java:warn(121)) - 66bce337-27b9-4953-b5f8-11fc3ae630c2@group-8AF491E1D12D->007259ab-dd98-41c4-869b-5f1f47ad54d0-AppendLogResponseHandler: Failed appendEntries (Repeated 2 times in the last 4.999s): org.apache.ratis.thirdparty.io.grpc.StatusRuntimeException: CANCELLED: RST_STREAM closed stream. HTTP/2 error code: CANCEL
2024-04-26 07:45:55,520 [timer2] WARN  server.GrpcLogAppender (GrpcLogAppender.java:lambda$resetClient$1(217)) - ac5950e9-78e7-4600-acb8-d4807d98be63@group-AC1F55C45F87->80986ccd-c217-439b-b85b-0b259797a488-GrpcLogAppender: Follower failed (request=null, errorCount=6); keep nextIndex (1) unchanged and retry. (Repeated 6 times in the last 5.001s)
2024-04-26 07:45:55,520 [timer1] WARN  server.GrpcLogAppender (LogUtils.java:warn(121)) - ac5950e9-78e7-4600-acb8-d4807d98be63@group-AC1F55C45F87->80986ccd-c217-439b-b85b-0b259797a488-AppendLogResponseHandler: Failed appendEntries (Repeated 6 times in the last 5.001s): org.apache.ratis.thirdparty.io.grpc.StatusRuntimeException: UNAVAILABLE: io exception
2024-04-26 07:45:55,525 [ForkJoinPool.commonPool-worker-4] INFO  utils.DatanodeStoreCache (DatanodeStoreCache.java:shutdownCache(116)) - Skip clearing cache in mini cluster mode. Entries left: [/home/runner/work/ozone/ozone/hadoop-ozone/integration-test/target/test-dir/MiniOzoneClusterImpl-f8a85056-d908-4111-b8ec-0d6f55fc62ea/ozone-meta/datanode-5/data-0/hdds/f8a85056-d908-4111-b8ec-0d6f55fc62ea/DS-2742f0e9-a36b-4457-9c36-83cbc206f1cd/container.db, /home/runner/work/ozone/ozone/hadoop-ozone/integration-test/target/test-dir/MiniOzoneClusterImpl-f8a85056-d908-4111-b8ec-0d6f55fc62ea/ozone-meta/datanode-9/data-0/hdds/f8a85056-d908-4111-b8ec-0d6f55fc62ea/DS-c4e9fcb4-c279-4420-8508-c74261f095c0/container.db]
2024-04-26 07:45:55,526 [ForkJoinPool.commonPool-worker-4] INFO  utils.DatanodeStoreCache (DatanodeStoreCache.java:removeDB(110)) - Removed db /home/runner/work/ozone/ozone/hadoop-ozone/integration-test/target/test-dir/MiniOzoneClusterImpl-f8a85056-d908-4111-b8ec-0d6f55fc62ea/ozone-meta/datanode-5/data-0/hdds/f8a85056-d908-4111-b8ec-0d6f55fc62ea/DS-2742f0e9-a36b-4457-9c36-83cbc206f1cd/container.db from cache
2024-04-26 07:45:55,526 [ForkJoinPool.commonPool-worker-4] INFO  volume.HddsVolume (HddsVolume.java:closeDbStore(470)) - SchemaV3 db is stopped at /home/runner/work/ozone/ozone/hadoop-ozone/integration-test/target/test-dir/MiniOzoneClusterImpl-f8a85056-d908-4111-b8ec-0d6f55fc62ea/ozone-meta/datanode-5/data-0/hdds/f8a85056-d908-4111-b8ec-0d6f55fc62ea/DS-2742f0e9-a36b-4457-9c36-83cbc206f1cd/container.db for volume DS-2742f0e9-a36b-4457-9c36-83cbc206f1cd
2024-04-26 07:45:55,526 [ForkJoinPool.commonPool-worker-4] INFO  utils.BackgroundService (BackgroundService.java:shutdown(160)) - Shutting down service BlockDeletingService
2024-04-26 07:45:55,526 [ForkJoinPool.commonPool-worker-4] INFO  utils.BackgroundService (BackgroundService.java:shutdown(160)) - Shutting down service StaleRecoveringContainerScrubbingService
2024-04-26 07:45:55,526 [ForkJoinPool.commonPool-worker-4] INFO  statemachine.DatanodeStateMachine (DatanodeStateMachine.java:stopDaemon(638)) - Ozone container server stopped.
2024-04-26 07:45:55,527 [ForkJoinPool.commonPool-worker-4] INFO  handler.ContextHandler (ContextHandler.java:doStop(1159)) - Stopped o.e.j.w.WebAppContext@24b57f0b{hddsDatanode,/,null,STOPPED}{file:/home/runner/work/ozone/ozone/hadoop-hdds/container-service/target/classes/webapps/hddsDatanode}
2024-04-26 07:45:55,527 [ForkJoinPool.commonPool-worker-4] INFO  server.AbstractConnector (AbstractConnector.java:doStop(383)) - Stopped ServerConnector@71529154{HTTP/1.1, (http/1.1)}{0.0.0.0:15401}
2024-04-26 07:45:55,527 [ForkJoinPool.commonPool-worker-4] INFO  server.session (HouseKeeper.java:stopScavenging(149)) - node0 Stopped scavenging
2024-04-26 07:45:55,527 [ForkJoinPool.commonPool-worker-4] INFO  handler.ContextHandler (ContextHandler.java:doStop(1159)) - Stopped o.e.j.s.ServletContextHandler@5df0e5f0{static,/static,file:///home/runner/work/ozone/ozone/hadoop-hdds/container-service/target/classes/webapps/static,STOPPED}
2024-04-26 07:45:55,527 [ForkJoinPool.commonPool-worker-4] INFO  handler.ContextHandler (ContextHandler.java:doStop(1159)) - Stopped o.e.j.s.ServletContextHandler@3b858ed8{logs,/logs,file:///home/runner/work/ozone/ozone/hadoop-ozone/integration-test/target/log,STOPPED}
2024-04-26 07:45:55,528 [ForkJoinPool.commonPool-worker-4] INFO  ozone.HddsDatanodeClientProtocolServer (HddsDatanodeClientProtocolServer.java:stop(83)) - Stopping the RPC server for Client Protocol
2024-04-26 07:45:55,528 [ForkJoinPool.commonPool-worker-4] INFO  ipc.Server (Server.java:stop(3523)) - Stopping server on 15402
2024-04-26 07:45:55,528 [IPC Server Responder] INFO  ipc.Server (Server.java:run(1567)) - Stopping IPC Server Responder
2024-04-26 07:45:55,528 [IPC Server listener on 15402] INFO  ipc.Server (Server.java:run(1434)) - Stopping IPC Server listener on 15402
2024-04-26 07:45:55,535 [timer4] WARN  server.GrpcLogAppender (GrpcLogAppender.java:lambda$resetClient$1(217)) - ac5950e9-78e7-4600-acb8-d4807d98be63@group-AC1F55C45F87->00cfc371-235c-47c8-bc9b-47247119d947-GrpcLogAppender: Follower failed (request=null, errorCount=6); keep nextIndex (1) unchanged and retry. (Repeated 6 times in the last 5.001s)
2024-04-26 07:45:55,535 [timer3] WARN  server.GrpcLogAppender (LogUtils.java:warn(121)) - ac5950e9-78e7-4600-acb8-d4807d98be63@group-AC1F55C45F87->00cfc371-235c-47c8-bc9b-47247119d947-AppendLogResponseHandler: Failed appendEntries (Repeated 6 times in the last 5.001s): org.apache.ratis.thirdparty.io.grpc.StatusRuntimeException: UNAVAILABLE: io exception
2024-04-26 07:45:55,700 [ForkJoinPool.commonPool-worker-2] INFO  utils.DatanodeStoreCache (DatanodeStoreCache.java:shutdownCache(116)) - Skip clearing cache in mini cluster mode. Entries left: [/home/runner/work/ozone/ozone/hadoop-ozone/integration-test/target/test-dir/MiniOzoneClusterImpl-f8a85056-d908-4111-b8ec-0d6f55fc62ea/ozone-meta/datanode-9/data-0/hdds/f8a85056-d908-4111-b8ec-0d6f55fc62ea/DS-c4e9fcb4-c279-4420-8508-c74261f095c0/container.db]
2024-04-26 07:45:55,701 [ForkJoinPool.commonPool-worker-2] INFO  utils.DatanodeStoreCache (DatanodeStoreCache.java:removeDB(110)) - Removed db /home/runner/work/ozone/ozone/hadoop-ozone/integration-test/target/test-dir/MiniOzoneClusterImpl-f8a85056-d908-4111-b8ec-0d6f55fc62ea/ozone-meta/datanode-9/data-0/hdds/f8a85056-d908-4111-b8ec-0d6f55fc62ea/DS-c4e9fcb4-c279-4420-8508-c74261f095c0/container.db from cache
2024-04-26 07:45:55,701 [ForkJoinPool.commonPool-worker-2] INFO  volume.HddsVolume (HddsVolume.java:closeDbStore(470)) - SchemaV3 db is stopped at /home/runner/work/ozone/ozone/hadoop-ozone/integration-test/target/test-dir/MiniOzoneClusterImpl-f8a85056-d908-4111-b8ec-0d6f55fc62ea/ozone-meta/datanode-9/data-0/hdds/f8a85056-d908-4111-b8ec-0d6f55fc62ea/DS-c4e9fcb4-c279-4420-8508-c74261f095c0/container.db for volume DS-c4e9fcb4-c279-4420-8508-c74261f095c0
2024-04-26 07:45:55,701 [ForkJoinPool.commonPool-worker-2] INFO  utils.BackgroundService (BackgroundService.java:shutdown(160)) - Shutting down service BlockDeletingService
2024-04-26 07:45:55,701 [ForkJoinPool.commonPool-worker-2] INFO  utils.BackgroundService (BackgroundService.java:shutdown(160)) - Shutting down service StaleRecoveringContainerScrubbingService
2024-04-26 07:45:55,701 [ForkJoinPool.commonPool-worker-2] INFO  statemachine.DatanodeStateMachine (DatanodeStateMachine.java:stopDaemon(638)) - Ozone container server stopped.
2024-04-26 07:45:55,701 [ForkJoinPool.commonPool-worker-2] INFO  handler.ContextHandler (ContextHandler.java:doStop(1159)) - Stopped o.e.j.w.WebAppContext@561f276a{hddsDatanode,/,null,STOPPED}{file:/home/runner/work/ozone/ozone/hadoop-hdds/container-service/target/classes/webapps/hddsDatanode}
2024-04-26 07:45:55,702 [ForkJoinPool.commonPool-worker-2] INFO  server.AbstractConnector (AbstractConnector.java:doStop(383)) - Stopped ServerConnector@9cc7cda{HTTP/1.1, (http/1.1)}{0.0.0.0:15437}
2024-04-26 07:45:55,702 [ForkJoinPool.commonPool-worker-2] INFO  server.session (HouseKeeper.java:stopScavenging(149)) - node0 Stopped scavenging
2024-04-26 07:45:55,702 [ForkJoinPool.commonPool-worker-2] INFO  handler.ContextHandler (ContextHandler.java:doStop(1159)) - Stopped o.e.j.s.ServletContextHandler@272c18a1{static,/static,file:///home/runner/work/ozone/ozone/hadoop-hdds/container-service/target/classes/webapps/static,STOPPED}
2024-04-26 07:45:55,702 [ForkJoinPool.commonPool-worker-2] INFO  handler.ContextHandler (ContextHandler.java:doStop(1159)) - Stopped o.e.j.s.ServletContextHandler@484bd339{logs,/logs,file:///home/runner/work/ozone/ozone/hadoop-ozone/integration-test/target/log,STOPPED}
2024-04-26 07:45:55,702 [ForkJoinPool.commonPool-worker-2] INFO  ozone.HddsDatanodeClientProtocolServer (HddsDatanodeClientProtocolServer.java:stop(83)) - Stopping the RPC server for Client Protocol
2024-04-26 07:45:55,702 [ForkJoinPool.commonPool-worker-2] INFO  ipc.Server (Server.java:stop(3523)) - Stopping server on 15438
2024-04-26 07:45:55,703 [IPC Server listener on 15438] INFO  ipc.Server (Server.java:run(1434)) - Stopping IPC Server listener on 15438
2024-04-26 07:45:55,703 [IPC Server Responder] INFO  ipc.Server (Server.java:run(1567)) - Stopping IPC Server Responder
2024-04-26 07:45:55,703 [main] INFO  ozone.MiniOzoneClusterImpl (MiniOzoneClusterImpl.java:stopSCM(486)) - Stopping the StorageContainerManager
2024-04-26 07:45:55,703 [main] INFO  server.StorageContainerManager (StorageContainerManager.java:stop(1653)) - Container Balancer is not running.
2024-04-26 07:45:55,703 [main] INFO  server.StorageContainerManager (StorageContainerManager.java:stopReplicationManager(1786)) - Stopping Replication Manager Service.
2024-04-26 07:45:55,703 [main] INFO  replication.ReplicationManager (ReplicationManager.java:stop(328)) - Stopping Replication Monitor Thread.
2024-04-26 07:45:55,704 [main] INFO  server.StorageContainerManager (StorageContainerManager.java:stop(1662)) - Stopping the Datanode Admin Monitor.
2024-04-26 07:45:55,704 [ReplicationMonitor] INFO  replication.ReplicationManager (ReplicationManager.java:run(935)) - Replication Monitor Thread is stopped
2024-04-26 07:45:55,704 [OverReplicatedProcessor] WARN  replication.UnhealthyReplicationProcessor (UnhealthyReplicationProcessor.java:run(180)) - OverReplicatedProcessor interrupted. Exiting...
2024-04-26 07:45:55,704 [UnderReplicatedProcessor] WARN  replication.UnhealthyReplicationProcessor (UnhealthyReplicationProcessor.java:run(180)) - UnderReplicatedProcessor interrupted. Exiting...
2024-04-26 07:45:55,704 [main] INFO  server.StorageContainerManager (StorageContainerManager.java:stop(1669)) - Stopping datanode service RPC server
2024-04-26 07:45:55,704 [main] INFO  server.SCMDatanodeProtocolServer (SCMDatanodeProtocolServer.java:stop(425)) - Stopping the RPC server for DataNodes
2024-04-26 07:45:55,704 [main] INFO  ipc.Server (Server.java:stop(3523)) - Stopping server on 15358
2024-04-26 07:45:55,705 [IPC Server listener on 15358] INFO  ipc.Server (Server.java:run(1434)) - Stopping IPC Server listener on 15358
2024-04-26 07:45:55,705 [IPC Server Responder] INFO  ipc.Server (Server.java:run(1567)) - Stopping IPC Server Responder
2024-04-26 07:45:55,742 [SCMHeartbeatProcessor-0] WARN  node.NodeStateManager (NodeStateManager.java:scheduleNextHealthCheck(878)) - Current Thread is interrupted, shutting down HB processing thread for Node Manager.
2024-04-26 07:45:55,742 [main] INFO  server.StorageContainerManager (StorageContainerManager.java:stop(1677)) - Stopping block service RPC server
2024-04-26 07:45:55,742 [main] INFO  server.SCMBlockProtocolServer (SCMBlockProtocolServer.java:stop(171)) - Stopping the RPC server for Block Protocol
2024-04-26 07:45:55,742 [main] INFO  ipc.Server (Server.java:stop(3523)) - Stopping server on 15357
2024-04-26 07:45:55,743 [IPC Server Responder] INFO  ipc.Server (Server.java:run(1567)) - Stopping IPC Server Responder
2024-04-26 07:45:55,743 [IPC Server listener on 15357] INFO  ipc.Server (Server.java:run(1434)) - Stopping IPC Server listener on 15357
2024-04-26 07:45:55,743 [main] INFO  server.StorageContainerManager (StorageContainerManager.java:stop(1684)) - Stopping the StorageContainerLocationProtocol RPC server
2024-04-26 07:45:55,744 [main] INFO  server.SCMClientProtocolServer (SCMClientProtocolServer.java:stop(213)) - Stopping the RPC server for Client Protocol
2024-04-26 07:45:55,744 [main] INFO  ipc.Server (Server.java:stop(3523)) - Stopping server on 15356
2024-04-26 07:45:55,744 [IPC Server listener on 15356] INFO  ipc.Server (Server.java:run(1434)) - Stopping IPC Server listener on 15356
2024-04-26 07:45:55,745 [IPC Server Responder] INFO  ipc.Server (Server.java:run(1567)) - Stopping IPC Server Responder
2024-04-26 07:45:55,745 [main] INFO  server.StorageContainerManager (StorageContainerManager.java:stop(1691)) - Stopping Storage Container Manager HTTP server.
2024-04-26 07:45:55,746 [main] INFO  handler.ContextHandler (ContextHandler.java:doStop(1159)) - Stopped o.e.j.w.WebAppContext@c334f3b{scm,/,null,STOPPED}{file:/home/runner/work/ozone/ozone/hadoop-ozone/integration-test/target/test-classes/webapps/scm}
2024-04-26 07:45:55,746 [main] INFO  server.AbstractConnector (AbstractConnector.java:doStop(383)) - Stopped ServerConnector@680f4ae7{HTTP/1.1, (http/1.1)}{0.0.0.0:15359}
2024-04-26 07:45:55,747 [main] INFO  server.session (HouseKeeper.java:stopScavenging(149)) - node0 Stopped scavenging
2024-04-26 07:45:55,747 [main] INFO  handler.ContextHandler (ContextHandler.java:doStop(1159)) - Stopped o.e.j.s.ServletContextHandler@48673a8f{static,/static,file:///home/runner/work/ozone/ozone/hadoop-ozone/integration-test/target/test-classes/webapps/static,STOPPED}
2024-04-26 07:45:55,747 [main] INFO  handler.ContextHandler (ContextHandler.java:doStop(1159)) - Stopped o.e.j.s.ServletContextHandler@11619ade{logs,/logs,file:///home/runner/work/ozone/ozone/hadoop-ozone/integration-test/target/log,STOPPED}
2024-04-26 07:45:55,748 [main] INFO  server.StorageContainerManager (StorageContainerManager.java:stop(1699)) - Stopping SCM LayoutVersionManager Service.
2024-04-26 07:45:55,748 [main] INFO  server.StorageContainerManager (StorageContainerManager.java:stop(1711)) - Stopping Block Manager Service.
2024-04-26 07:45:55,748 [main] INFO  utils.BackgroundService (BackgroundService.java:shutdown(160)) - Shutting down service SCMBlockDeletingService
2024-04-26 07:45:55,748 [main] INFO  utils.BackgroundService (BackgroundService.java:shutdown(160)) - Shutting down service SCMBlockDeletingService
2024-04-26 07:45:55,749 [main] INFO  server.StorageContainerManager (StorageContainerManager.java:stop(1731)) - Stopping SCM Event Queue.
2024-04-26 07:45:55,749 [JvmPauseMonitor44] INFO  util.JvmPauseMonitor (JvmPauseMonitor.java:run(152)) - JvmPauseMonitor-c0f9fbd6-0178-4394-b141-903e092d6251: Stopped
2024-04-26 07:45:55,749 [main] INFO  server.StorageContainerManager (StorageContainerManager.java:stop(1742)) - Stopping SCM HA services.
2024-04-26 07:45:55,749 [main] INFO  pipeline.BackgroundPipelineCreator (BackgroundPipelineCreator.java:stop(152)) - Stopping RatisPipelineUtilsThread.
2024-04-26 07:45:55,749 [RatisPipelineUtilsThread-0] WARN  pipeline.BackgroundPipelineCreator (BackgroundPipelineCreator.java:run(183)) - RatisPipelineUtilsThread is interrupted.
2024-04-26 07:45:55,750 [main] INFO  BackgroundPipelineScrubber (BackgroundSCMService.java:stop(128)) - Stopping BackgroundPipelineScrubber Service.
2024-04-26 07:45:55,750 [BackgroundPipelineScrubber] WARN  BackgroundPipelineScrubber (BackgroundSCMService.java:run(112)) - BackgroundPipelineScrubber is interrupted, exit
2024-04-26 07:45:55,750 [main] INFO  impl.MetricsSystemImpl (MetricsSystemImpl.java:stop(210)) - Stopping HddsDatanode metrics system...
2024-04-26 07:45:55,752 [prometheus] INFO  impl.MetricsSinkAdapter (MetricsSinkAdapter.java:publishMetricsFromQueue(141)) - prometheus thread interrupted.
2024-04-26 07:45:55,752 [main] INFO  impl.MetricsSystemImpl (MetricsSystemImpl.java:stop(216)) - HddsDatanode metrics system stopped.
2024-04-26 07:45:55,753 [main] WARN  pipeline.BackgroundPipelineCreator (BackgroundPipelineCreator.java:stop(148)) - RatisPipelineUtilsThread is not running, just ignore.
2024-04-26 07:45:55,753 [main] INFO  BackgroundPipelineScrubber (BackgroundSCMService.java:stop(123)) - BackgroundPipelineScrubber Service is not running, skip stop.
2024-04-26 07:45:55,753 [ExpiredContainerReplicaOpScrubber] WARN  ExpiredContainerReplicaOpScrubber (BackgroundSCMService.java:run(112)) - ExpiredContainerReplicaOpScrubber is interrupted, exit
2024-04-26 07:45:55,753 [main] INFO  ExpiredContainerReplicaOpScrubber (BackgroundSCMService.java:stop(128)) - Stopping ExpiredContainerReplicaOpScrubber Service.
2024-04-26 07:45:55,753 [main] INFO  utils.BackgroundService (BackgroundService.java:shutdown(160)) - Shutting down service SCMBlockDeletingService
2024-04-26 07:45:55,753 [main] INFO  replication.ReplicationManager (ReplicationManager.java:stop(338)) - Replication Monitor Thread is not running.
2024-04-26 07:45:55,754 [main] WARN  balancer.ContainerBalancer (ContainerBalancer.java:stop(327)) - Cannot stop Container Balancer because it's not running or stopping
2024-04-26 07:45:55,754 [LeaseManager#LeaseMonitor] WARN  lease.LeaseManager (LeaseManager.java:run(287)) - Lease manager is interrupted. Shutting down...
java.lang.InterruptedException
	at java.base/java.util.concurrent.locks.AbstractQueuedSynchronizer.tryAcquireSharedNanos(AbstractQueuedSynchronizer.java:1081)
	at java.base/java.util.concurrent.Semaphore.tryAcquire(Semaphore.java:415)
	at org.apache.hadoop.ozone.lease.LeaseManager$LeaseMonitor.run(LeaseManager.java:285)
	at java.base/java.lang.Thread.run(Thread.java:840)
2024-04-26 07:45:55,754 [main] INFO  server.StorageContainerManager (StorageContainerManager.java:stop(1777)) - Stopping SCM MetadataStore.
]]></system-out>
    </flakyFailure>
    <flakyFailure type="java.lang.AssertionError">
      <stackTrace><![CDATA[java.lang.AssertionError: 

Expecting:
 <"org.apache.ratis.protocol.exceptions.RaftRetryFailureException: Failed RaftClientRequest:client-E7E3025BFFFB->e753b894-9081-4960-806d-bc57228f6e3a@group-3C8AF2F69899, cid=89, seq=null, Watch-MAJORITY_COMMITTED(41), null for 3 attempts with RequestTypeDependentRetryPolicy{WRITE->ExceptionDependentRetry(maxAttempts=2147483647; defaultPolicy=MultipleLinearRandomRetry[5x5s, 5x10s, 5x15s, 5x20s, 5x25s, 10x60s]; map={org.apache.ratis.protocol.exceptions.GroupMismatchException->NoRetry, org.apache.ratis.protocol.exceptions.NotReplicatedException->NoRetry, org.apache.ratis.protocol.exceptions.ResourceUnavailableException->org.apache.ratis.retry.ExponentialBackoffRetry@5ad64052, org.apache.ratis.protocol.exceptions.StateMachineException->NoRetry, org.apache.ratis.protocol.exceptions.TimeoutIOException->org.apache.ratis.retry.ExponentialBackoffRetry@5ad64052}), WATCH->ExceptionDependentRetry(maxAttempts=2147483647; defaultPolicy=MultipleLinearRandomRetry[5x5s, 5x10s, 5x15s, 5x20s, 5x25s, 10x60s]; map={org.apache.ratis.protocol.exceptions.GroupMismatchException->NoRetry, org.apache.ratis.protocol.exceptions.NotReplicatedException->NoRetry, org.apache.ratis.protocol.exceptions.ResourceUnavailableException->org.apache.ratis.retry.ExponentialBackoffRetry@5ad64052, org.apache.ratis.protocol.exceptions.StateMachineException->NoRetry, org.apache.ratis.protocol.exceptions.TimeoutIOException->NoRetry})}">
not to contain:
 <"Watch-MAJORITY_COMMITTED">

	at org.apache.hadoop.ozone.client.rpc.TestWatchForCommit.testWatchForCommitForRetryfailure(TestWatchForCommit.java:295)
	at java.base/java.lang.reflect.Method.invoke(Method.java:568)
	at java.base/java.util.ArrayList.forEach(ArrayList.java:1511)
	at java.base/java.util.ArrayList.forEach(ArrayList.java:1511)
]]></stackTrace>
      <system-out><![CDATA[2024-04-26 07:45:55,817 [main] WARN  server.ServerUtils (ServerUtils.java:getScmDbDir(143)) - ozone.scm.db.dirs is not configured. We recommend adding this setting. Falling back to ozone.metadata.dirs instead.
2024-04-26 07:45:55,819 [main] WARN  server.ServerUtils (ServerUtils.java:getScmDbDir(143)) - ozone.scm.db.dirs is not configured. We recommend adding this setting. Falling back to ozone.metadata.dirs instead.
2024-04-26 07:45:55,820 [main] INFO  ha.SCMHANodeDetails (SCMHANodeDetails.java:loadSCMHAConfig(207)) - ServiceID for StorageContainerManager is null
2024-04-26 07:45:55,820 [main] INFO  ha.SCMHANodeDetails (SCMHANodeDetails.java:loadSCMHAConfig(212)) - ozone.scm.default.service.id is not defined, falling back to ozone.scm.service.ids to find serviceID for StorageContainerManager if it is HA enabled cluster
2024-04-26 07:45:55,820 [main] WARN  utils.HAUtils (HAUtils.java:getMetaDir(339)) - ozone.scm.db.dirs is not configured. We recommend adding this setting. Falling back to ozone.metadata.dirs instead.
2024-04-26 07:45:55,820 [main] WARN  db.DBStoreBuilder (DBStoreBuilder.java:applyDBDefinition(171)) - ozone.scm.db.dirs is not configured. We recommend adding this setting. Falling back to ozone.metadata.dirs instead.
2024-04-26 07:45:55,887 [main] INFO  net.NodeSchemaLoader (NodeSchemaLoader.java:loadSchemaFromFile(129)) - Loading schema from [file:/home/runner/work/ozone/ozone/hadoop-hdds/common/target/classes/network-topology-default.xml]
2024-04-26 07:45:55,887 [main] INFO  net.NodeSchemaLoader (NodeSchemaLoader.java:loadSchema(176)) - Loading network topology layer schema file
2024-04-26 07:45:55,889 [main] INFO  upgrade.AbstractLayoutVersionManager (AbstractLayoutVersionManager.java:init(83)) - Initializing Layout version manager with metadata layout = HADOOP_PRC_PORTS_IN_DATANODEDETAILS (version = 7), software layout = HADOOP_PRC_PORTS_IN_DATANODEDETAILS (version = 7)
2024-04-26 07:45:55,890 [main] INFO  ha.SequenceIdGenerator (SequenceIdGenerator.java:upgradeToSequenceId(370)) - upgrade localId to 113750153625600000
2024-04-26 07:45:55,890 [main] INFO  ha.SequenceIdGenerator (SequenceIdGenerator.java:upgradeToSequenceId(380)) - upgrade delTxnId to 0
2024-04-26 07:45:55,891 [main] INFO  ha.SequenceIdGenerator (SequenceIdGenerator.java:upgradeToSequenceId(397)) - upgrade containerId to 0
2024-04-26 07:45:55,892 [main] INFO  ha.SequenceIdGenerator (SequenceIdGenerator.java:upgradeToCertificateSequenceId(444)) - upgrade CertificateId to 2
2024-04-26 07:45:55,892 [main] INFO  ha.SequenceIdGenerator (SequenceIdGenerator.java:<init>(241)) - Init the HA SequenceIdGenerator.
2024-04-26 07:45:55,892 [main] INFO  node.SCMNodeManager (SCMNodeManager.java:<init>(177)) - Entering startup safe mode.
2024-04-26 07:45:55,893 [main] INFO  algorithms.ContainerPlacementPolicyFactory (ContainerPlacementPolicyFactory.java:getPolicyInternal(86)) - Create container placement policy of type org.apache.hadoop.hdds.scm.container.placement.algorithms.SCMContainerPlacementRackAware
2024-04-26 07:45:55,893 [main] INFO  algorithms.ContainerPlacementPolicyFactory (ContainerPlacementPolicyFactory.java:getPolicyInternal(86)) - Create container placement policy of type org.apache.hadoop.hdds.scm.container.placement.algorithms.SCMContainerPlacementRackScatter
2024-04-26 07:45:55,893 [main] INFO  pipeline.PipelineStateManagerImpl (PipelineStateManagerImpl.java:initialize(78)) - No pipeline exists in current db
2024-04-26 07:45:55,893 [main] INFO  algorithms.LeaderChoosePolicyFactory (LeaderChoosePolicyFactory.java:getPolicy(57)) - Create leader choose policy of type org.apache.hadoop.hdds.scm.pipeline.leader.choose.algorithms.MinLeaderCountChoosePolicy
2024-04-26 07:45:55,893 [main] INFO  algorithms.ContainerPlacementPolicyFactory (ContainerPlacementPolicyFactory.java:getPolicyInternal(86)) - Create container placement policy of type org.apache.hadoop.hdds.scm.container.placement.algorithms.SCMContainerPlacementRackScatter
2024-04-26 07:45:55,893 [main] INFO  ha.SCMServiceManager (SCMServiceManager.java:register(42)) - Registering service BackgroundPipelineCreator.
2024-04-26 07:45:55,893 [main] INFO  pipeline.BackgroundPipelineCreator (BackgroundPipelineCreator.java:start(127)) - Starting RatisPipelineUtilsThread.
2024-04-26 07:45:55,894 [main] INFO  BackgroundPipelineScrubber (BackgroundSCMService.java:start(65)) - Starting BackgroundPipelineScrubber Service.
2024-04-26 07:45:55,894 [main] INFO  ha.SCMServiceManager (SCMServiceManager.java:register(42)) - Registering service BackgroundPipelineScrubber.
2024-04-26 07:45:55,894 [main] INFO  ExpiredContainerReplicaOpScrubber (BackgroundSCMService.java:start(65)) - Starting ExpiredContainerReplicaOpScrubber Service.
2024-04-26 07:45:55,894 [main] INFO  ha.SCMServiceManager (SCMServiceManager.java:register(42)) - Registering service ExpiredContainerReplicaOpScrubber.
2024-04-26 07:45:55,895 [main] INFO  algorithms.PipelineChoosePolicyFactory (PipelineChoosePolicyFactory.java:createPipelineChoosePolicyFromClass(80)) - Create pipeline choose policy of type org.apache.hadoop.hdds.scm.pipeline.choose.algorithms.RandomPipelineChoosePolicy
2024-04-26 07:45:55,895 [main] INFO  algorithms.PipelineChoosePolicyFactory (PipelineChoosePolicyFactory.java:createPipelineChoosePolicyFromClass(80)) - Create pipeline choose policy of type org.apache.hadoop.hdds.scm.pipeline.choose.algorithms.RandomPipelineChoosePolicy
2024-04-26 07:45:55,895 [main] INFO  ha.SCMServiceManager (SCMServiceManager.java:register(42)) - Registering service SCMBlockDeletingService.
2024-04-26 07:45:55,896 [main] INFO  replication.ReplicationManager (ReplicationManager.java:start(295)) - Starting Replication Monitor Thread.
2024-04-26 07:45:55,896 [ReplicationMonitor] INFO  replication.ReplicationManager (ReplicationManager.java:processAll(371)) - Replication Manager is not ready to run until 3000ms after safemode exit
2024-04-26 07:45:55,896 [main] INFO  ha.SCMServiceManager (SCMServiceManager.java:register(42)) - Registering service ReplicationManager.
2024-04-26 07:45:55,897 [main] INFO  safemode.ContainerSafeModeRule (ContainerSafeModeRule.java:<init>(91)) - containers with one replica threshold count 0
2024-04-26 07:45:55,897 [main] INFO  safemode.HealthyPipelineSafeModeRule (HealthyPipelineSafeModeRule.java:initializeRule(176)) - Total pipeline count is 0, healthy pipeline threshold count is 1
2024-04-26 07:45:55,897 [main] INFO  safemode.OneReplicaPipelineSafeModeRule (OneReplicaPipelineSafeModeRule.java:initializeRule(193)) - Total pipeline count is 0, pipeline's with at least one datanode reported threshold count is 0
2024-04-26 07:45:55,897 [main] INFO  server.StorageContainerManager (StorageContainerManager.java:<init>(440)) - SCM start with adminUsers: [runner]
2024-04-26 07:45:55,898 [main] INFO  ipc.CallQueueManager (CallQueueManager.java:<init>(90)) - Using callQueue: class java.util.concurrent.LinkedBlockingQueue, queueCapacity: 10000, scheduler: class org.apache.hadoop.ipc.DefaultRpcScheduler, ipcBackoff: false.
2024-04-26 07:45:55,898 [main] INFO  ipc.Server (Server.java:<init>(1287)) - Listener at 0.0.0.0:15447
2024-04-26 07:45:55,901 [Socket Reader #1 for port 15447] INFO  ipc.Server (Server.java:run(1323)) - Starting Socket Reader #1 for port 15447
2024-04-26 07:45:55,901 [main] INFO  ipc.CallQueueManager (CallQueueManager.java:<init>(90)) - Using callQueue: class java.util.concurrent.LinkedBlockingQueue, queueCapacity: 10000, scheduler: class org.apache.hadoop.ipc.DefaultRpcScheduler, ipcBackoff: false.
2024-04-26 07:45:55,901 [main] INFO  ipc.Server (Server.java:<init>(1287)) - Listener at 0.0.0.0:15446
2024-04-26 07:45:55,902 [Socket Reader #1 for port 15446] INFO  ipc.Server (Server.java:run(1323)) - Starting Socket Reader #1 for port 15446
2024-04-26 07:45:55,902 [main] INFO  ipc.CallQueueManager (CallQueueManager.java:<init>(90)) - Using callQueue: class java.util.concurrent.LinkedBlockingQueue, queueCapacity: 10000, scheduler: class org.apache.hadoop.ipc.DefaultRpcScheduler, ipcBackoff: false.
2024-04-26 07:45:55,902 [main] INFO  ipc.Server (Server.java:<init>(1287)) - Listener at 0.0.0.0:15445
2024-04-26 07:45:55,903 [Socket Reader #1 for port 15445] INFO  ipc.Server (Server.java:run(1323)) - Starting Socket Reader #1 for port 15445
2024-04-26 07:45:55,907 [main] INFO  ha.SCMServiceManager (SCMServiceManager.java:register(42)) - Registering service ContainerBalancer.
2024-04-26 07:45:55,907 [main] INFO  ha.SCMContext (SCMContext.java:updateSafeModeStatus(225)) - Update SafeModeStatus from SafeModeStatus{safeModeStatus=true, preCheckPassed=false} to SafeModeStatus{safeModeStatus=true, preCheckPassed=false}.
2024-04-26 07:45:55,907 [main] INFO  server.StorageContainerManager (StorageContainerManager.java:start(1545)) - StorageContainerLocationProtocol RPC server is listening at /0.0.0.0:15445
2024-04-26 07:45:55,908 [main] WARN  impl.MetricsConfig (MetricsConfig.java:loadFirst(136)) - Cannot locate configuration: tried hadoop-metrics2-storagecontainermanager.properties,hadoop-metrics2.properties
2024-04-26 07:45:55,909 [main] INFO  impl.MetricsSystemImpl (MetricsSystemImpl.java:startTimer(378)) - Scheduled Metric snapshot period at 10 second(s).
2024-04-26 07:45:55,909 [main] INFO  impl.MetricsSystemImpl (MetricsSystemImpl.java:start(191)) - StorageContainerManager metrics system started
2024-04-26 07:45:55,932 [main] INFO  impl.MetricsSinkAdapter (MetricsSinkAdapter.java:start(204)) - Sink prometheus started
2024-04-26 07:45:55,932 [main] INFO  impl.MetricsSystemImpl (MetricsSystemImpl.java:registerSink(305)) - Registered sink prometheus
2024-04-26 07:45:55,947 [main] INFO  server.SCMClientProtocolServer (SCMClientProtocolServer.java:start(204)) - RPC server for Client  is listening at /0.0.0.0:15445
2024-04-26 07:45:55,947 [IPC Server Responder] INFO  ipc.Server (Server.java:run(1562)) - IPC Server Responder: starting
2024-04-26 07:45:55,947 [IPC Server listener on 15445] INFO  ipc.Server (Server.java:run(1402)) - IPC Server listener on 15445: starting
2024-04-26 07:45:55,955 [main] INFO  server.StorageContainerManager (StorageContainerManager.java:start(1558)) - ScmBlockLocationProtocol RPC server is listening at /0.0.0.0:15446
2024-04-26 07:45:55,955 [main] INFO  server.SCMBlockProtocolServer (SCMBlockProtocolServer.java:start(162)) - RPC server for Block Protocol is listening at /0.0.0.0:15446
2024-04-26 07:45:55,956 [IPC Server Responder] INFO  ipc.Server (Server.java:run(1562)) - IPC Server Responder: starting
2024-04-26 07:45:55,956 [IPC Server listener on 15446] INFO  ipc.Server (Server.java:run(1402)) - IPC Server listener on 15446: starting
2024-04-26 07:45:55,963 [main] INFO  server.SCMDatanodeProtocolServer (SCMDatanodeProtocolServer.java:start(194)) - ScmDatanodeProtocol RPC server for DataNodes is listening at /0.0.0.0:15447
2024-04-26 07:45:55,963 [IPC Server Responder] INFO  ipc.Server (Server.java:run(1562)) - IPC Server Responder: starting
2024-04-26 07:45:55,964 [IPC Server listener on 15447] INFO  ipc.Server (Server.java:run(1402)) - IPC Server listener on 15447: starting
2024-04-26 07:45:55,972 [JvmPauseMonitor55] INFO  util.JvmPauseMonitor (JvmPauseMonitor.java:run(146)) - JvmPauseMonitor-93ed80b7-4370-48c7-bcdb-458fb0cbf20d: Started
2024-04-26 07:45:55,972 [main] INFO  http.BaseHttpServer (BaseHttpServer.java:newHttpServer2BuilderForOzone(223)) - Starting Web-server for scm at: http://0.0.0.0:15448
2024-04-26 07:45:55,972 [main] INFO  http.BaseHttpServer (BaseHttpServer.java:<init>(110)) - Hadoop Security Enabled: false Ozone Security Enabled: false Ozone HTTP Security Enabled: false 
2024-04-26 07:45:55,973 [main] WARN  server.AuthenticationFilter (AuthenticationFilter.java:constructSecretProvider(240)) - Unable to initialize FileSignerSecretProvider, falling back to use random secrets. Reason: Could not read signature secret file: /home/runner/hadoop-http-auth-signature-secret
2024-04-26 07:45:55,974 [main] INFO  http.HttpRequestLog (HttpRequestLog.java:getRequestLog(86)) - Http request log for http.requests.scm is not defined
2024-04-26 07:45:55,974 [main] INFO  http.HttpServer2 (HttpServer2.java:addGlobalFilter(1036)) - Added global filter 'safety' (class=org.apache.hadoop.hdds.server.http.HttpServer2$QuotingInputFilter)
2024-04-26 07:45:55,974 [main] INFO  http.HttpServer2 (HttpServer2.java:addFilter(1012)) - Added filter static_user_filter (class=org.apache.hadoop.http.lib.StaticUserWebFilter$StaticUserFilter) to context scm
2024-04-26 07:45:55,975 [main] INFO  http.HttpServer2 (HttpServer2.java:addFilter(1020)) - Added filter static_user_filter (class=org.apache.hadoop.http.lib.StaticUserWebFilter$StaticUserFilter) to context static
2024-04-26 07:45:55,975 [main] INFO  http.HttpServer2 (HttpServer2.java:addFilter(1020)) - Added filter static_user_filter (class=org.apache.hadoop.http.lib.StaticUserWebFilter$StaticUserFilter) to context logs
2024-04-26 07:45:55,975 [main] INFO  http.BaseHttpServer (BaseHttpServer.java:<init>(189)) - HTTP server of scm uses base directory /home/runner/work/ozone/ozone/hadoop-ozone/integration-test/target/test-dir/MiniOzoneClusterImpl-864451be-9a12-4508-8431-6d052999593c/ozone-meta/webserver
2024-04-26 07:45:55,975 [main] INFO  http.HttpServer2 (HttpServer2.java:bindListener(1236)) - Jetty bound to port 15448
2024-04-26 07:45:55,975 [main] INFO  server.Server (Server.java:doStart(375)) - jetty-9.4.53.v20231009; built: 2023-10-09T12:29:09.265Z; git: 27bde00a0b95a1d5bbee0eae7984f891d2d0f8c9; jvm 17.0.10+7
2024-04-26 07:45:55,977 [main] INFO  server.session (DefaultSessionIdManager.java:doStart(334)) - DefaultSessionIdManager workerName=node0
2024-04-26 07:45:55,977 [main] INFO  server.session (DefaultSessionIdManager.java:doStart(339)) - No SessionScavenger set, using defaults
2024-04-26 07:45:55,977 [main] INFO  server.session (HouseKeeper.java:startScavenging(132)) - node0 Scavenging every 600000ms
2024-04-26 07:45:55,978 [main] INFO  handler.ContextHandler (ContextHandler.java:doStart(921)) - Started o.e.j.s.ServletContextHandler@753e5e51{logs,/logs,file:///home/runner/work/ozone/ozone/hadoop-ozone/integration-test/target/log,AVAILABLE}
2024-04-26 07:45:55,978 [main] INFO  handler.ContextHandler (ContextHandler.java:doStart(921)) - Started o.e.j.s.ServletContextHandler@6cbb6d0d{static,/static,file:///home/runner/work/ozone/ozone/hadoop-ozone/integration-test/target/test-classes/webapps/static,AVAILABLE}
2024-04-26 07:45:55,980 [main] INFO  handler.ContextHandler (ContextHandler.java:doStart(921)) - Started o.e.j.w.WebAppContext@73d0d431{scm,/,file:///home/runner/work/ozone/ozone/hadoop-ozone/integration-test/target/test-classes/webapps/scm/,AVAILABLE}{file:/home/runner/work/ozone/ozone/hadoop-ozone/integration-test/target/test-classes/webapps/scm}
2024-04-26 07:45:55,981 [main] INFO  server.AbstractConnector (AbstractConnector.java:doStart(333)) - Started ServerConnector@6b620300{HTTP/1.1, (http/1.1)}{0.0.0.0:15448}
2024-04-26 07:45:55,981 [main] INFO  server.Server (Server.java:doStart(415)) - Started @179689ms
2024-04-26 07:45:55,981 [main] WARN  impl.MetricsSystemImpl (MetricsSystemImpl.java:register(279)) - Sink prometheus already exists!
2024-04-26 07:45:55,981 [main] INFO  http.BaseHttpServer (BaseHttpServer.java:updateConnectorAddress(354)) - HTTP server of scm listening at http://0.0.0.0:15448
2024-04-26 07:45:55,981 [main] WARN  server.ServerUtils (ServerUtils.java:getDBPath(299)) - ozone.om.db.dirs is not configured. We recommend adding this setting. Falling back to ozone.metadata.dirs instead.
2024-04-26 07:45:55,982 [main] INFO  ha.OMHANodeDetails (OMHANodeDetails.java:loadOMHAConfig(115)) - ozone.om.internal.service.id is not defined, falling back to ozone.om.service.ids to find serviceID for OzoneManager if it is HA enabled cluster
2024-04-26 07:45:55,982 [main] INFO  ha.OMHANodeDetails (OMHANodeDetails.java:loadOMHAConfig(226)) - Configuration does not have ozone.om.address set. Falling back to the default OM address /127.0.0.1:15449
2024-04-26 07:45:55,982 [main] INFO  ha.OMHANodeDetails (OMHANodeDetails.java:getOMNodeDetailsForNonHA(254)) - OM Service ID is not set. Setting it to the default ID: omServiceIdDefault
2024-04-26 07:45:55,983 [main] INFO  ha.OMHANodeDetails (OMHANodeDetails.java:getOMNodeDetailsForNonHA(261)) - OM Node ID is not set. Setting it to the default ID: om1
2024-04-26 07:45:55,983 [main] WARN  server.ServerUtils (ServerUtils.java:getDBPath(299)) - ozone.om.db.dirs is not configured. We recommend adding this setting. Falling back to ozone.metadata.dirs instead.
2024-04-26 07:45:55,983 [main] INFO  upgrade.AbstractLayoutVersionManager (AbstractLayoutVersionManager.java:init(83)) - Initializing Layout version manager with metadata layout = QUOTA (version = 6), software layout = QUOTA (version = 6)
2024-04-26 07:45:56,004 [main] INFO  reflections.Reflections (Reflections.java:scan(219)) - Reflections took 20 ms to scan 2 urls, producing 188 keys and 545 values
2024-04-26 07:45:56,004 [main] INFO  upgrade.OMLayoutVersionManager (OMLayoutVersionManager.java:lambda$0(113)) - Skipping Upgrade Action QuotaRepairUpgradeAction since it has been finalized.
2024-04-26 07:45:56,004 [main] INFO  upgrade.OMLayoutVersionManager (OMLayoutVersionManager.java:lambda$0(113)) - Skipping Upgrade Action MockOmUpgradeAction since it has been finalized.
2024-04-26 07:45:56,004 [main] WARN  server.ServerUtils (ServerUtils.java:getDBPath(299)) - ozone.om.db.dirs is not configured. We recommend adding this setting. Falling back to ozone.metadata.dirs instead.
2024-04-26 07:45:56,005 [main] INFO  proxy.SCMBlockLocationFailoverProxyProvider (SCMBlockLocationFailoverProxyProvider.java:<init>(115)) - Created block location fail-over proxy with 1 nodes: [nodeId=scmNodeId,nodeAddress=/0.0.0.0:15446]
2024-04-26 07:45:56,006 [main] INFO  proxy.SCMBlockLocationFailoverProxyProvider (SCMBlockLocationFailoverProxyProvider.java:<init>(115)) - Created block location fail-over proxy with 1 nodes: [nodeId=scmNodeId,nodeAddress=/0.0.0.0:15446]
2024-04-26 07:45:56,009 [main] INFO  om.OzoneManager (OzoneManager.java:<init>(677)) - OM start with adminUsers: [runner]
2024-04-26 07:45:56,009 [main] WARN  server.ServerUtils (ServerUtils.java:getDBPath(299)) - ozone.om.db.dirs is not configured. We recommend adding this setting. Falling back to ozone.metadata.dirs instead.
2024-04-26 07:45:56,010 [main] INFO  helpers.OmKeyInfo (OmKeyInfo.java:getCodec(72)) - OmKeyInfo.getCodec ignorePipeline = true
2024-04-26 07:45:56,133 [main] INFO  om.OzoneManager (OzoneManager.java:instantiateServices(811)) - S3 Multi-Tenancy is disabled
2024-04-26 07:45:56,133 [main] INFO  om.OmSnapshotManager (OmSnapshotManager.java:<init>(179)) - Ozone filesystem snapshot feature is enabled.
2024-04-26 07:45:56,133 [main] WARN  server.ServerUtils (ServerUtils.java:getDBPath(299)) - ozone.om.snapshot.diff.db.dir is not configured. We recommend adding this setting. Falling back to ozone.metadata.dirs instead.
2024-04-26 07:45:56,146 [main] INFO  utils.NativeLibraryLoader (NativeLibraryLoader.java:loadLibrary(111)) - Loading Library: ozone_rocksdb_tools
2024-04-26 07:45:56,147 [main] ERROR snapshot.SnapshotDiffManager (SnapshotDiffManager.java:initNativeLibraryForEfficientDiff(287)) - Native Library for raw sst file reading loading failed.
org.apache.hadoop.hdds.utils.NativeLibraryNotLoadedException: Unable to load library ozone_rocksdb_tools from both java.library.path & resource file libozone_rocksdb_tools.so from jar.
	at org.apache.hadoop.hdds.utils.db.managed.ManagedRawSSTFileReader.loadLibrary(ManagedRawSSTFileReader.java:40)
	at org.apache.hadoop.ozone.om.snapshot.SnapshotDiffManager.initNativeLibraryForEfficientDiff(SnapshotDiffManager.java:285)
	at org.apache.hadoop.ozone.om.snapshot.SnapshotDiffManager.<init>(SnapshotDiffManager.java:259)
	at org.apache.hadoop.ozone.om.OmSnapshotManager.<init>(OmSnapshotManager.java:286)
	at org.apache.hadoop.ozone.om.OzoneManager.instantiateServices(OzoneManager.java:863)
	at org.apache.hadoop.ozone.om.OzoneManager.<init>(OzoneManager.java:687)
	at org.apache.hadoop.ozone.om.OzoneManager.createOm(OzoneManager.java:774)
	at org.apache.hadoop.ozone.MiniOzoneClusterImpl$Builder.createOM(MiniOzoneClusterImpl.java:689)
	at org.apache.hadoop.ozone.MiniOzoneClusterImpl$Builder.createAndStartSingleOM(MiniOzoneClusterImpl.java:673)
	at org.apache.hadoop.ozone.MiniOzoneClusterImpl$Builder.build(MiniOzoneClusterImpl.java:535)
	at org.apache.hadoop.ozone.client.rpc.TestWatchForCommit.init(TestWatchForCommit.java:154)
	at java.base/jdk.internal.reflect.NativeMethodAccessorImpl.invoke0(Native Method)
	at java.base/jdk.internal.reflect.NativeMethodAccessorImpl.invoke(NativeMethodAccessorImpl.java:77)
	at java.base/jdk.internal.reflect.DelegatingMethodAccessorImpl.invoke(DelegatingMethodAccessorImpl.java:43)
	at java.base/java.lang.reflect.Method.invoke(Method.java:568)
	at org.junit.platform.commons.util.ReflectionUtils.invokeMethod(ReflectionUtils.java:728)
	at org.junit.jupiter.engine.execution.MethodInvocation.proceed(MethodInvocation.java:60)
	at org.junit.jupiter.engine.execution.InvocationInterceptorChain$ValidatingInvocation.proceed(InvocationInterceptorChain.java:131)
	at org.junit.jupiter.engine.extension.TimeoutExtension.intercept(TimeoutExtension.java:156)
	at org.junit.jupiter.engine.extension.TimeoutExtension.interceptLifecycleMethod(TimeoutExtension.java:128)
	at org.junit.jupiter.engine.extension.TimeoutExtension.interceptBeforeEachMethod(TimeoutExtension.java:78)
	at org.junit.jupiter.engine.execution.InterceptingExecutableInvoker$ReflectiveInterceptorCall.lambda$ofVoidMethod$0(InterceptingExecutableInvoker.java:103)
	at org.junit.jupiter.engine.execution.InterceptingExecutableInvoker.lambda$invoke$0(InterceptingExecutableInvoker.java:93)
	at org.junit.jupiter.engine.execution.InvocationInterceptorChain$InterceptedInvocation.proceed(InvocationInterceptorChain.java:106)
	at org.junit.jupiter.engine.execution.InvocationInterceptorChain.proceed(InvocationInterceptorChain.java:64)
	at org.junit.jupiter.engine.execution.InvocationInterceptorChain.chainAndInvoke(InvocationInterceptorChain.java:45)
	at org.junit.jupiter.engine.execution.InvocationInterceptorChain.invoke(InvocationInterceptorChain.java:37)
	at org.junit.jupiter.engine.execution.InterceptingExecutableInvoker.invoke(InterceptingExecutableInvoker.java:92)
	at org.junit.jupiter.engine.execution.InterceptingExecutableInvoker.invoke(InterceptingExecutableInvoker.java:86)
	at org.junit.jupiter.engine.descriptor.ClassBasedTestDescriptor.invokeMethodInExtensionContext(ClassBasedTestDescriptor.java:521)
	at org.junit.jupiter.engine.descriptor.ClassBasedTestDescriptor.lambda$synthesizeBeforeEachMethodAdapter$23(ClassBasedTestDescriptor.java:506)
	at org.junit.jupiter.engine.descriptor.TestMethodTestDescriptor.lambda$invokeBeforeEachMethods$3(TestMethodTestDescriptor.java:175)
	at org.junit.jupiter.engine.descriptor.TestMethodTestDescriptor.lambda$invokeBeforeMethodsOrCallbacksUntilExceptionOccurs$6(TestMethodTestDescriptor.java:203)
	at org.junit.platform.engine.support.hierarchical.ThrowableCollector.execute(ThrowableCollector.java:73)
	at org.junit.jupiter.engine.descriptor.TestMethodTestDescriptor.invokeBeforeMethodsOrCallbacksUntilExceptionOccurs(TestMethodTestDescriptor.java:203)
	at org.junit.jupiter.engine.descriptor.TestMethodTestDescriptor.invokeBeforeEachMethods(TestMethodTestDescriptor.java:172)
	at org.junit.jupiter.engine.descriptor.TestMethodTestDescriptor.execute(TestMethodTestDescriptor.java:135)
	at org.junit.jupiter.engine.descriptor.TestMethodTestDescriptor.execute(TestMethodTestDescriptor.java:69)
	at org.junit.platform.engine.support.hierarchical.NodeTestTask.lambda$executeRecursively$6(NodeTestTask.java:151)
	at org.junit.platform.engine.support.hierarchical.ThrowableCollector.execute(ThrowableCollector.java:73)
	at org.junit.platform.engine.support.hierarchical.NodeTestTask.lambda$executeRecursively$8(NodeTestTask.java:141)
	at org.junit.platform.engine.support.hierarchical.Node.around(Node.java:137)
	at org.junit.platform.engine.support.hierarchical.NodeTestTask.lambda$executeRecursively$9(NodeTestTask.java:139)
	at org.junit.platform.engine.support.hierarchical.ThrowableCollector.execute(ThrowableCollector.java:73)
	at org.junit.platform.engine.support.hierarchical.NodeTestTask.executeRecursively(NodeTestTask.java:138)
	at org.junit.platform.engine.support.hierarchical.NodeTestTask.execute(NodeTestTask.java:95)
	at java.base/java.util.ArrayList.forEach(ArrayList.java:1511)
	at org.junit.platform.engine.support.hierarchical.SameThreadHierarchicalTestExecutorService.invokeAll(SameThreadHierarchicalTestExecutorService.java:41)
	at org.junit.platform.engine.support.hierarchical.NodeTestTask.lambda$executeRecursively$6(NodeTestTask.java:155)
	at org.junit.platform.engine.support.hierarchical.ThrowableCollector.execute(ThrowableCollector.java:73)
	at org.junit.platform.engine.support.hierarchical.NodeTestTask.lambda$executeRecursively$8(NodeTestTask.java:141)
	at org.junit.platform.engine.support.hierarchical.Node.around(Node.java:137)
	at org.junit.platform.engine.support.hierarchical.NodeTestTask.lambda$executeRecursively$9(NodeTestTask.java:139)
	at org.junit.platform.engine.support.hierarchical.ThrowableCollector.execute(ThrowableCollector.java:73)
	at org.junit.platform.engine.support.hierarchical.NodeTestTask.executeRecursively(NodeTestTask.java:138)
	at org.junit.platform.engine.support.hierarchical.NodeTestTask.execute(NodeTestTask.java:95)
	at java.base/java.util.ArrayList.forEach(ArrayList.java:1511)
	at org.junit.platform.engine.support.hierarchical.SameThreadHierarchicalTestExecutorService.invokeAll(SameThreadHierarchicalTestExecutorService.java:41)
	at org.junit.platform.engine.support.hierarchical.NodeTestTask.lambda$executeRecursively$6(NodeTestTask.java:155)
	at org.junit.platform.engine.support.hierarchical.ThrowableCollector.execute(ThrowableCollector.java:73)
	at org.junit.platform.engine.support.hierarchical.NodeTestTask.lambda$executeRecursively$8(NodeTestTask.java:141)
	at org.junit.platform.engine.support.hierarchical.Node.around(Node.java:137)
	at org.junit.platform.engine.support.hierarchical.NodeTestTask.lambda$executeRecursively$9(NodeTestTask.java:139)
	at org.junit.platform.engine.support.hierarchical.ThrowableCollector.execute(ThrowableCollector.java:73)
	at org.junit.platform.engine.support.hierarchical.NodeTestTask.executeRecursively(NodeTestTask.java:138)
	at org.junit.platform.engine.support.hierarchical.NodeTestTask.execute(NodeTestTask.java:95)
	at org.junit.platform.engine.support.hierarchical.SameThreadHierarchicalTestExecutorService.submit(SameThreadHierarchicalTestExecutorService.java:35)
	at org.junit.platform.engine.support.hierarchical.HierarchicalTestExecutor.execute(HierarchicalTestExecutor.java:57)
	at org.junit.platform.engine.support.hierarchical.HierarchicalTestEngine.execute(HierarchicalTestEngine.java:54)
	at org.junit.platform.launcher.core.EngineExecutionOrchestrator.execute(EngineExecutionOrchestrator.java:198)
	at org.junit.platform.launcher.core.EngineExecutionOrchestrator.execute(EngineExecutionOrchestrator.java:169)
	at org.junit.platform.launcher.core.EngineExecutionOrchestrator.execute(EngineExecutionOrchestrator.java:93)
	at org.junit.platform.launcher.core.EngineExecutionOrchestrator.lambda$execute$0(EngineExecutionOrchestrator.java:58)
	at org.junit.platform.launcher.core.EngineExecutionOrchestrator.withInterceptedStreams(EngineExecutionOrchestrator.java:141)
	at org.junit.platform.launcher.core.EngineExecutionOrchestrator.execute(EngineExecutionOrchestrator.java:57)
	at org.junit.platform.launcher.core.DefaultLauncher.execute(DefaultLauncher.java:103)
	at org.junit.platform.launcher.core.DefaultLauncher.execute(DefaultLauncher.java:85)
	at org.junit.platform.launcher.core.DelegatingLauncher.execute(DelegatingLauncher.java:47)
	at org.junit.platform.launcher.core.SessionPerRequestLauncher.execute(SessionPerRequestLauncher.java:63)
	at org.apache.maven.surefire.junitplatform.JUnitPlatformProvider.invokeAllTests(JUnitPlatformProvider.java:165)
	at org.apache.maven.surefire.junitplatform.JUnitPlatformProvider.invoke(JUnitPlatformProvider.java:123)
	at org.apache.maven.surefire.booter.ForkedBooter.runSuitesInProcess(ForkedBooter.java:377)
	at org.apache.maven.surefire.booter.ForkedBooter.execute(ForkedBooter.java:138)
	at org.apache.maven.surefire.booter.ForkedBooter.run(ForkedBooter.java:465)
	at org.apache.maven.surefire.booter.ForkedBooter.main(ForkedBooter.java:451)
2024-04-26 07:45:56,149 [main] INFO  om.OzoneManager (OzoneManager.java:addS3GVolumeToDB(4463)) - Created Volume s3v With Owner runner required for S3Gateway operations.
2024-04-26 07:45:56,149 [main] WARN  server.ServerUtils (ServerUtils.java:getDefaultRatisDirectory(311)) - Storage directory for Ratis is not configured. It is a good idea to map this to an SSD disk. Falling back to ozone.metadata.dirs
2024-04-26 07:45:56,149 [main] WARN  utils.OzoneManagerRatisUtils (OzoneManagerRatisUtils.java:getOMRatisSnapshotDirectory(476)) - ozone.om.ratis.snapshot.dir is not configured. Falling back to ozone.metadata.dirs config
2024-04-26 07:45:56,149 [main] WARN  server.ServerUtils (ServerUtils.java:getDefaultRatisDirectory(311)) - Storage directory for Ratis is not configured. It is a good idea to map this to an SSD disk. Falling back to ozone.metadata.dirs
2024-04-26 07:45:56,150 [main] INFO  ratis.OzoneManagerRatisServer (OzoneManagerRatisServer.java:<init>(167)) - Instantiating OM Ratis server with groupID: omServiceIdDefault and peers: localhost:15452
2024-04-26 07:45:56,150 [main] INFO  ratis.OzoneManagerStateMachine (OzoneManagerStateMachine.java:loadSnapshotInfoFromDB(589)) - TransactionInfo not found in OM DB.
2024-04-26 07:45:56,150 [main] INFO  server.RaftServer (ConfUtils.java:logGet(46)) - raft.rpc.type = GRPC (default)
2024-04-26 07:45:56,151 [main] INFO  grpc.GrpcConfigKeys (ConfUtils.java:logFallback(53)) - raft.grpc.admin.host = null (fallback to raft.grpc.server.host)
2024-04-26 07:45:56,151 [main] INFO  grpc.GrpcConfigKeys (ConfUtils.java:logFallback(53)) - raft.grpc.admin.port = 15452 (fallback to raft.grpc.server.port)
2024-04-26 07:45:56,151 [main] INFO  grpc.GrpcConfigKeys (ConfUtils.java:logFallback(53)) - raft.grpc.client.host = null (fallback to raft.grpc.server.host)
2024-04-26 07:45:56,151 [main] INFO  grpc.GrpcConfigKeys (ConfUtils.java:logFallback(53)) - raft.grpc.client.port = 15452 (fallback to raft.grpc.server.port)
2024-04-26 07:45:56,151 [main] INFO  grpc.GrpcConfigKeys (ConfUtils.java:logGet(46)) - raft.grpc.server.host = null (default)
2024-04-26 07:45:56,151 [main] INFO  grpc.GrpcConfigKeys (ConfUtils.java:logGet(46)) - raft.grpc.server.port = 15452 (custom)
2024-04-26 07:45:56,151 [main] INFO  server.GrpcService (ConfUtils.java:logGet(46)) - raft.grpc.message.size.max = 4194304 (custom)
2024-04-26 07:45:56,151 [main] INFO  server.RaftServerConfigKeys (ConfUtils.java:logGet(46)) - raft.server.log.appender.buffer.byte-limit = 4194304 (custom)
2024-04-26 07:45:56,151 [main] INFO  server.GrpcService (ConfUtils.java:logGet(46)) - raft.grpc.flow.control.window = 1MB (=1048576) (default)
2024-04-26 07:45:56,151 [main] INFO  server.RaftServerConfigKeys (ConfUtils.java:logGet(46)) - raft.server.rpc.request.timeout = 3000ms (default)
2024-04-26 07:45:56,152 [main] INFO  grpc.GrpcConfigKeys (ConfUtils.java:logGet(46)) - raft.grpc.server.heartbeat.channel = true (default)
2024-04-26 07:45:56,152 [main] INFO  grpc.GrpcConfigKeys (ConfUtils.java:logGet(46)) - raft.grpc.server.async.request.thread.pool.cached = true (default)
2024-04-26 07:45:56,152 [main] INFO  grpc.GrpcConfigKeys (ConfUtils.java:logGet(46)) - raft.grpc.server.async.request.thread.pool.size = 32 (default)
2024-04-26 07:45:56,153 [main] INFO  impl.DataStreamServerImpl (ConfUtils.java:logGet(46)) - raft.datastream.type = DISABLED (default)
2024-04-26 07:45:56,153 [main] INFO  server.RaftServerConfigKeys (ConfUtils.java:logGet(46)) - raft.server.sleep.deviation.threshold = 300ms (default)
2024-04-26 07:45:56,153 [main] INFO  server.RaftServerConfigKeys (ConfUtils.java:logGet(46)) - raft.server.close.threshold = 60s (default)
2024-04-26 07:45:56,153 [main] INFO  server.RaftServerConfigKeys (ConfUtils.java:logGet(46)) - raft.server.leaderelection.leader.step-down.wait-time = 10s (default)
2024-04-26 07:45:56,153 [main] INFO  server.RaftServerConfigKeys (ConfUtils.java:logGet(46)) - raft.server.storage.dir = [/home/runner/work/ozone/ozone/hadoop-ozone/integration-test/target/test-dir/MiniOzoneClusterImpl-864451be-9a12-4508-8431-6d052999593c/ozone-meta/ratis] (custom)
2024-04-26 07:45:56,153 [main] INFO  server.RaftServerConfigKeys (ConfUtils.java:logGet(46)) - raft.server.threadpool.proxy.cached = true (default)
2024-04-26 07:45:56,153 [main] INFO  server.RaftServerConfigKeys (ConfUtils.java:logGet(46)) - raft.server.threadpool.proxy.size = 0 (default)
2024-04-26 07:45:56,154 [main] INFO  server.RaftServer (RaftServerProxy.java:addNew(100)) - om1: addNew group-C5BA1605619E:[om1|localhost:15452] returns group-C5BA1605619E:java.util.concurrent.CompletableFuture@32e9818b[Not completed]
2024-04-26 07:45:56,154 [main] INFO  om.OzoneManager (OzoneManager.java:initializeRatisServer(2168)) - OzoneManager Ratis server initialized at port 15452
2024-04-26 07:45:56,154 [main] INFO  om.OzoneManager (OzoneManager.java:getRpcServer(1227)) - Creating RPC Server
2024-04-26 07:45:56,154 [om1-groupManagement] INFO  server.RaftServer$Division (RaftServerImpl.java:<init>(256)) - om1: new RaftServerImpl for group-C5BA1605619E:[om1|localhost:15452] with OzoneManagerStateMachine:uninitialized
2024-04-26 07:45:56,165 [om1-groupManagement] INFO  server.RaftServerConfigKeys (ConfUtils.java:logGet(46)) - raft.server.rpc.timeout.min = 1s (custom)
2024-04-26 07:45:56,165 [om1-groupManagement] INFO  server.RaftServerConfigKeys (ConfUtils.java:logGet(46)) - raft.server.rpc.timeout.max = 1200ms (custom)
2024-04-26 07:45:56,165 [om1-groupManagement] INFO  server.RaftServerConfigKeys (ConfUtils.java:logGet(46)) - raft.server.rpc.sleep.time = 25ms (default)
2024-04-26 07:45:56,165 [om1-groupManagement] INFO  server.RaftServerConfigKeys (ConfUtils.java:logGet(46)) - raft.server.rpc.slowness.timeout = 120s (custom)
2024-04-26 07:45:56,165 [om1-groupManagement] INFO  server.RaftServerConfigKeys (ConfUtils.java:logGet(46)) - raft.server.leaderelection.leader.step-down.wait-time = 10s (default)
2024-04-26 07:45:56,165 [om1-groupManagement] INFO  server.RaftServerConfigKeys (ConfUtils.java:logGet(46)) - raft.server.leaderelection.member.majority-add = false (default)
2024-04-26 07:45:56,165 [om1-groupManagement] INFO  server.RaftServerConfigKeys (ConfUtils.java:logGet(46)) - raft.server.sleep.deviation.threshold = 300ms (default)
2024-04-26 07:45:56,166 [om1-groupManagement] INFO  server.RaftServer$Division (ServerState.java:<init>(113)) - om1@group-C5BA1605619E: ConfigurationManager, init=-1: peers:[om1|localhost:15452]|listeners:[], old=null, confs=<EMPTY_MAP>
2024-04-26 07:45:56,166 [om1-groupManagement] INFO  server.RaftServerConfigKeys (ConfUtils.java:logGet(46)) - raft.server.notification.no-leader.timeout = 120s (custom)
2024-04-26 07:45:56,166 [om1-groupManagement] INFO  server.RaftServerConfigKeys (ConfUtils.java:logGet(46)) - raft.server.read.timeout = 10s (default)
2024-04-26 07:45:56,166 [om1-groupManagement] INFO  server.RaftServerConfigKeys (ConfUtils.java:logGet(46)) - raft.server.retrycache.expirytime = 300s (custom)
2024-04-26 07:45:56,166 [om1-groupManagement] INFO  server.RaftServerConfigKeys (ConfUtils.java:logGet(46)) - raft.server.retrycache.statistics.expirytime = 100ms (default)
2024-04-26 07:45:56,166 [om1-groupManagement] INFO  server.RaftServerConfigKeys (ConfUtils.java:logGet(46)) - raft.server.read.option = DEFAULT (default)
2024-04-26 07:45:56,167 [om1-groupManagement] INFO  server.RaftServerConfigKeys (ConfUtils.java:logGet(46)) - raft.server.read.read-after-write-consistent.write-index-cache.expiry-time = 60s (default)
2024-04-26 07:45:56,167 [om1-groupManagement] INFO  server.RaftServerConfigKeys (ConfUtils.java:logGet(46)) - raft.server.rpc.request.timeout = 3000ms (default)
2024-04-26 07:45:56,168 [om1-groupManagement] INFO  server.RaftServerConfigKeys (ConfUtils.java:logGet(46)) - raft.server.log.appender.install.snapshot.enabled = false (custom)
2024-04-26 07:45:56,168 [om1-groupManagement] INFO  server.RaftServerConfigKeys (ConfUtils.java:logGet(46)) - raft.server.threadpool.server.cached = true (default)
2024-04-26 07:45:56,168 [om1-groupManagement] INFO  server.RaftServerConfigKeys (ConfUtils.java:logGet(46)) - raft.server.threadpool.server.size = 0 (default)
2024-04-26 07:45:56,168 [om1-groupManagement] INFO  server.RaftServerConfigKeys (ConfUtils.java:logGet(46)) - raft.server.threadpool.client.cached = true (default)
2024-04-26 07:45:56,168 [om1-groupManagement] INFO  server.RaftServerConfigKeys (ConfUtils.java:logGet(46)) - raft.server.threadpool.client.size = 0 (default)
2024-04-26 07:45:56,379 [main] INFO  reflections.Reflections (Reflections.java:scan(219)) - Reflections took 224 ms to scan 20 urls, producing 58 keys and 6545 values
2024-04-26 07:45:56,380 [main] INFO  ipc.CallQueueManager (CallQueueManager.java:<init>(90)) - Using callQueue: class java.util.concurrent.LinkedBlockingQueue, queueCapacity: 2000, scheduler: class org.apache.hadoop.ipc.DefaultRpcScheduler, ipcBackoff: false.
2024-04-26 07:45:56,381 [main] INFO  ipc.Server (Server.java:<init>(1287)) - Listener at 127.0.0.1:15449
2024-04-26 07:45:56,382 [Socket Reader #1 for port 15449] INFO  ipc.Server (Server.java:run(1323)) - Starting Socket Reader #1 for port 15449
2024-04-26 07:45:56,398 [main] INFO  impl.MetricsSystemImpl (MetricsSystemImpl.java:init(158)) - OzoneManager metrics system started (again)
2024-04-26 07:45:56,407 [main] INFO  om.OzoneManager (OzoneManager.java:start(1649)) - OzoneManager RPC server is listening at localhost/127.0.0.1:15449
2024-04-26 07:45:56,407 [main] INFO  ratis.OzoneManagerRatisServer (OzoneManagerRatisServer.java:start(588)) - Starting OzoneManagerRatisServer om1 at port 15452
2024-04-26 07:45:56,407 [om1-impl-thread1] INFO  server.RaftServerConfigKeys (ConfUtils.java:logGet(46)) - raft.server.storage.free-space.min = 0MB (=0) (default)
2024-04-26 07:45:56,407 [om1-impl-thread1] INFO  server.RaftServerConfigKeys (ConfUtils.java:logGet(46)) - raft.server.log.corruption.policy = EXCEPTION (default)
2024-04-26 07:45:56,407 [om1-impl-thread1] INFO  server.RaftServerConfigKeys (ConfUtils.java:logGet(46)) - raft.server.storage.dir = [/home/runner/work/ozone/ozone/hadoop-ozone/integration-test/target/test-dir/MiniOzoneClusterImpl-864451be-9a12-4508-8431-6d052999593c/ozone-meta/ratis] (custom)
2024-04-26 07:45:56,408 [om1-impl-thread1] INFO  storage.RaftStorageDirectory (RaftStorageDirectoryImpl.java:analyzeStorage(138)) - The storage directory /home/runner/work/ozone/ozone/hadoop-ozone/integration-test/target/test-dir/MiniOzoneClusterImpl-864451be-9a12-4508-8431-6d052999593c/ozone-meta/ratis/bf265839-605b-3f16-9796-c5ba1605619e does not exist. Creating ...
2024-04-26 07:45:56,409 [om1-impl-thread1] INFO  storage.RaftStorageDirectory (RaftStorageDirectoryImpl.java:tryLock(228)) - Lock on /home/runner/work/ozone/ozone/hadoop-ozone/integration-test/target/test-dir/MiniOzoneClusterImpl-864451be-9a12-4508-8431-6d052999593c/ozone-meta/ratis/bf265839-605b-3f16-9796-c5ba1605619e/in_use.lock acquired by nodename 21422@fv-az1107-628
2024-04-26 07:45:56,409 [om1-impl-thread1] INFO  storage.RaftStorage (RaftStorageImpl.java:format(99)) - Storage directory /home/runner/work/ozone/ozone/hadoop-ozone/integration-test/target/test-dir/MiniOzoneClusterImpl-864451be-9a12-4508-8431-6d052999593c/ozone-meta/ratis/bf265839-605b-3f16-9796-c5ba1605619e has been successfully formatted.
2024-04-26 07:45:56,409 [om1-impl-thread1] WARN  util.FileUtils (LogUtils.java:supplyAndLog(63)) - Failed to Files.newInputStream /home/runner/work/ozone/ozone/hadoop-ozone/integration-test/target/test-dir/MiniOzoneClusterImpl-864451be-9a12-4508-8431-6d052999593c/ozone-meta/ratis/bf265839-605b-3f16-9796-c5ba1605619e/current/raft-meta.conf with options []: java.nio.file.NoSuchFileException: /home/runner/work/ozone/ozone/hadoop-ozone/integration-test/target/test-dir/MiniOzoneClusterImpl-864451be-9a12-4508-8431-6d052999593c/ozone-meta/ratis/bf265839-605b-3f16-9796-c5ba1605619e/current/raft-meta.conf
2024-04-26 07:45:56,410 [om1-impl-thread1] INFO  server.RaftServerConfigKeys (ConfUtils.java:logGet(46)) - raft.server.log.use.memory = false (default)
2024-04-26 07:45:56,410 [om1-impl-thread1] INFO  server.RaftServerConfigKeys (ConfUtils.java:logGet(46)) - raft.server.log.purge.gap = 1000000 (custom)
2024-04-26 07:45:56,410 [om1-impl-thread1] INFO  server.RaftServerConfigKeys (ConfUtils.java:logGet(46)) - raft.server.log.appender.buffer.byte-limit = 4194304 (custom)
2024-04-26 07:45:56,410 [om1-impl-thread1] INFO  server.RaftServerConfigKeys (ConfUtils.java:logGet(46)) - raft.server.log.statemachine.data.read.timeout = 1000ms (default)
2024-04-26 07:45:56,410 [om1-impl-thread1] INFO  server.RaftServerConfigKeys (ConfUtils.java:logGet(46)) - raft.server.log.purge.preservation.log.num = 0 (default)
2024-04-26 07:45:56,410 [om1-impl-thread1] INFO  server.RaftServerConfigKeys (ConfUtils.java:logGet(46)) - raft.server.log.segment.size.max = 4194304 (custom)
2024-04-26 07:45:56,410 [om1-impl-thread1] INFO  server.RaftServerConfigKeys (ConfUtils.java:logGet(46)) - raft.server.log.segment.cache.num.max = 2 (custom)
2024-04-26 07:45:56,410 [om1-impl-thread1] INFO  server.RaftServerConfigKeys (ConfUtils.java:logGet(46)) - raft.server.log.segment.cache.size.max = 200MB (=209715200) (default)
2024-04-26 07:45:56,410 [om1-impl-thread1] INFO  server.RaftServerConfigKeys (ConfUtils.java:logGet(46)) - raft.server.log.appender.buffer.byte-limit = 4194304 (custom)
2024-04-26 07:45:56,411 [om1-impl-thread1] INFO  util.AwaitToRun (AwaitToRun.java:start(81)) - Thread[om1@group-C5BA1605619E-cacheEviction-AwaitToRun,5,main] started
2024-04-26 07:45:56,411 [om1-impl-thread1] INFO  segmented.SegmentedRaftLogWorker (SegmentedRaftLogWorker.java:<init>(182)) - new om1@group-C5BA1605619E-SegmentedRaftLogWorker for RaftStorageImpl:Storage Directory /home/runner/work/ozone/ozone/hadoop-ozone/integration-test/target/test-dir/MiniOzoneClusterImpl-864451be-9a12-4508-8431-6d052999593c/ozone-meta/ratis/bf265839-605b-3f16-9796-c5ba1605619e
2024-04-26 07:45:56,411 [om1-impl-thread1] INFO  server.RaftServerConfigKeys (ConfUtils.java:logGet(46)) - raft.server.log.queue.byte-limit = 64MB (=67108864) (default)
2024-04-26 07:45:56,411 [om1-impl-thread1] INFO  server.RaftServerConfigKeys (ConfUtils.java:logGet(46)) - raft.server.log.queue.element-limit = 4096 (default)
2024-04-26 07:45:56,411 [om1-impl-thread1] INFO  server.RaftServerConfigKeys (ConfUtils.java:logGet(46)) - raft.server.log.segment.size.max = 4194304 (custom)
2024-04-26 07:45:56,411 [om1-impl-thread1] INFO  server.RaftServerConfigKeys (ConfUtils.java:logGet(46)) - raft.server.log.preallocated.size = 4194304 (custom)
2024-04-26 07:45:56,411 [om1-impl-thread1] INFO  server.RaftServerConfigKeys (ConfUtils.java:logGet(46)) - raft.server.log.force.sync.num = 128 (default)
2024-04-26 07:45:56,411 [om1-impl-thread1] INFO  server.RaftServerConfigKeys (ConfUtils.java:logGet(46)) - raft.server.log.statemachine.data.sync = true (default)
2024-04-26 07:45:56,411 [om1-impl-thread1] INFO  server.RaftServerConfigKeys (ConfUtils.java:logGet(46)) - raft.server.log.statemachine.data.sync.timeout = 10s (default)
2024-04-26 07:45:56,411 [om1-impl-thread1] INFO  server.RaftServerConfigKeys (ConfUtils.java:logGet(46)) - raft.server.log.statemachine.data.sync.timeout.retry = -1 (default)
2024-04-26 07:45:56,411 [om1-impl-thread1] INFO  server.RaftServerConfigKeys (ConfUtils.java:logGet(46)) - raft.server.log.write.buffer.size = 4194312 (custom)
2024-04-26 07:45:56,412 [om1-impl-thread1] INFO  server.RaftServerConfigKeys (ConfUtils.java:logGet(46)) - raft.server.log.appender.buffer.byte-limit = 4194304 (custom)
2024-04-26 07:45:56,412 [om1-impl-thread1] INFO  server.RaftServerConfigKeys (ConfUtils.java:logGet(46)) - raft.server.log.unsafe-flush.enabled = false (default)
2024-04-26 07:45:56,412 [om1-impl-thread1] INFO  server.RaftServerConfigKeys (ConfUtils.java:logGet(46)) - raft.server.log.async-flush.enabled = false (default)
2024-04-26 07:45:56,412 [om1-impl-thread1] INFO  server.RaftServerConfigKeys (ConfUtils.java:logGet(46)) - raft.server.log.statemachine.data.caching.enabled = false (default)
2024-04-26 07:45:56,412 [om1-impl-thread1] INFO  segmented.SegmentedRaftLogWorker (SegmentedRaftLogWorker.java:lambda$new$0(134)) - om1@group-C5BA1605619E-SegmentedRaftLogWorker: flushIndex: setUnconditionally 0 -> -1
2024-04-26 07:45:56,412 [om1-impl-thread1] INFO  segmented.SegmentedRaftLogWorker (SegmentedRaftLogWorker.java:lambda$new$0(134)) - om1@group-C5BA1605619E-SegmentedRaftLogWorker: safeCacheEvictIndex: setUnconditionally 0 -> -1
2024-04-26 07:45:56,412 [om1-impl-thread1] INFO  server.RaftServer$Division (RaftServerImpl.java:start(396)) - om1@group-C5BA1605619E: start as a follower, conf=-1: peers:[om1|localhost:15452]|listeners:[], old=null
2024-04-26 07:45:56,412 [om1-impl-thread1] INFO  server.RaftServer$Division (RaftServerImpl.java:setRole(383)) - om1@group-C5BA1605619E: changes role from      null to FOLLOWER at term 0 for startAsFollower
2024-04-26 07:45:56,412 [om1-impl-thread1] INFO  impl.RoleInfo (RoleInfo.java:updateAndGet(139)) - om1: start om1@group-C5BA1605619E-FollowerState
2024-04-26 07:45:56,413 [om1@group-C5BA1605619E-FollowerState] INFO  server.RaftServerConfigKeys (ConfUtils.java:logFallback(53)) - raft.server.rpc.first-election.timeout.min = 1s (fallback to raft.server.rpc.timeout.min)
2024-04-26 07:45:56,413 [om1@group-C5BA1605619E-FollowerState] INFO  server.RaftServerConfigKeys (ConfUtils.java:logFallback(53)) - raft.server.rpc.first-election.timeout.max = 1200ms (fallback to raft.server.rpc.timeout.max)
2024-04-26 07:45:56,413 [om1-impl-thread1] INFO  util.JmxRegister (JmxRegister.java:tryRegister(44)) - Successfully registered JMX Bean with object name Ratis:service=RaftServer,group=group-C5BA1605619E,id=om1
2024-04-26 07:45:56,413 [om1-impl-thread1] INFO  server.RaftServerConfigKeys (ConfUtils.java:logGet(46)) - raft.server.snapshot.trigger-when-stop.enabled = true (default)
2024-04-26 07:45:56,413 [om1-impl-thread1] INFO  server.RaftServerConfigKeys (ConfUtils.java:logGet(46)) - raft.server.snapshot.auto.trigger.enabled = true (custom)
2024-04-26 07:45:56,413 [om1-impl-thread1] INFO  server.RaftServerConfigKeys (ConfUtils.java:logGet(46)) - raft.server.snapshot.auto.trigger.threshold = 400000 (default)
2024-04-26 07:45:56,413 [om1-impl-thread1] INFO  server.RaftServerConfigKeys (ConfUtils.java:logGet(46)) - raft.server.snapshot.retention.file.num = -1 (default)
2024-04-26 07:45:56,413 [om1-impl-thread1] INFO  server.RaftServerConfigKeys (ConfUtils.java:logGet(46)) - raft.server.log.purge.upto.snapshot.index = true (custom)
2024-04-26 07:45:56,413 [main] INFO  server.RaftServer (RaftServerProxy.java:startImpl(406)) - om1: start RPC server
2024-04-26 07:45:56,414 [main] INFO  server.GrpcService (GrpcService.java:startImpl(302)) - om1: GrpcService started, listening on 15452
2024-04-26 07:45:56,414 [JvmPauseMonitor56] INFO  util.JvmPauseMonitor (JvmPauseMonitor.java:run(146)) - JvmPauseMonitor-om1: Started
2024-04-26 07:45:56,414 [main] INFO  om.OzoneManager (OzoneManager.java:start(1665)) - Version File has different layout version (6) than OM DB (null). That is expected if this OM has never been finalized to a newer layout version.
2024-04-26 07:45:56,417 [main] INFO  client.ScmTopologyClient (ScmTopologyClient.java:start(72)) - Initial network topology fetched from SCM: /.
2024-04-26 07:45:56,417 [main] INFO  net.NodeSchemaLoader (NodeSchemaLoader.java:loadSchemaFromFile(129)) - Loading schema from [file:/home/runner/work/ozone/ozone/hadoop-hdds/common/target/classes/network-topology-default.xml]
2024-04-26 07:45:56,417 [main] INFO  net.NodeSchemaLoader (NodeSchemaLoader.java:loadSchema(176)) - Loading network topology layer schema file
2024-04-26 07:45:56,421 [main] INFO  http.BaseHttpServer (BaseHttpServer.java:newHttpServer2BuilderForOzone(223)) - Starting Web-server for ozoneManager at: http://0.0.0.0:15450
2024-04-26 07:45:56,421 [main] INFO  http.BaseHttpServer (BaseHttpServer.java:<init>(110)) - Hadoop Security Enabled: false Ozone Security Enabled: false Ozone HTTP Security Enabled: false 
2024-04-26 07:45:56,422 [main] WARN  server.AuthenticationFilter (AuthenticationFilter.java:constructSecretProvider(240)) - Unable to initialize FileSignerSecretProvider, falling back to use random secrets. Reason: Could not read signature secret file: /home/runner/hadoop-http-auth-signature-secret
2024-04-26 07:45:56,422 [main] INFO  http.HttpRequestLog (HttpRequestLog.java:getRequestLog(86)) - Http request log for http.requests.ozoneManager is not defined
2024-04-26 07:45:56,423 [main] INFO  http.HttpServer2 (HttpServer2.java:addGlobalFilter(1036)) - Added global filter 'safety' (class=org.apache.hadoop.hdds.server.http.HttpServer2$QuotingInputFilter)
2024-04-26 07:45:56,423 [main] INFO  http.HttpServer2 (HttpServer2.java:addFilter(1012)) - Added filter static_user_filter (class=org.apache.hadoop.http.lib.StaticUserWebFilter$StaticUserFilter) to context ozoneManager
2024-04-26 07:45:56,423 [main] INFO  http.HttpServer2 (HttpServer2.java:addFilter(1020)) - Added filter static_user_filter (class=org.apache.hadoop.http.lib.StaticUserWebFilter$StaticUserFilter) to context logs
2024-04-26 07:45:56,423 [main] INFO  http.HttpServer2 (HttpServer2.java:addFilter(1020)) - Added filter static_user_filter (class=org.apache.hadoop.http.lib.StaticUserWebFilter$StaticUserFilter) to context static
2024-04-26 07:45:56,424 [main] INFO  http.BaseHttpServer (BaseHttpServer.java:<init>(189)) - HTTP server of ozoneManager uses base directory /home/runner/work/ozone/ozone/hadoop-ozone/integration-test/target/test-dir/MiniOzoneClusterImpl-864451be-9a12-4508-8431-6d052999593c/ozone-meta/webserver
2024-04-26 07:45:56,424 [main] INFO  http.HttpServer2 (HttpServer2.java:bindListener(1236)) - Jetty bound to port 15450
2024-04-26 07:45:56,424 [main] INFO  server.Server (Server.java:doStart(375)) - jetty-9.4.53.v20231009; built: 2023-10-09T12:29:09.265Z; git: 27bde00a0b95a1d5bbee0eae7984f891d2d0f8c9; jvm 17.0.10+7
2024-04-26 07:45:56,425 [main] INFO  server.session (DefaultSessionIdManager.java:doStart(334)) - DefaultSessionIdManager workerName=node0
2024-04-26 07:45:56,425 [main] INFO  server.session (DefaultSessionIdManager.java:doStart(339)) - No SessionScavenger set, using defaults
2024-04-26 07:45:56,425 [main] INFO  server.session (HouseKeeper.java:startScavenging(132)) - node0 Scavenging every 600000ms
2024-04-26 07:45:56,425 [main] INFO  handler.ContextHandler (ContextHandler.java:doStart(921)) - Started o.e.j.s.ServletContextHandler@7c4272c2{logs,/logs,file:///home/runner/work/ozone/ozone/hadoop-ozone/integration-test/target/log,AVAILABLE}
2024-04-26 07:45:56,425 [main] INFO  handler.ContextHandler (ContextHandler.java:doStart(921)) - Started o.e.j.s.ServletContextHandler@4b885032{static,/static,file:///home/runner/work/ozone/ozone/hadoop-ozone/integration-test/target/test-classes/webapps/static,AVAILABLE}
2024-04-26 07:45:56,428 [main] INFO  handler.ContextHandler (ContextHandler.java:doStart(921)) - Started o.e.j.w.WebAppContext@6266f63c{ozoneManager,/,file:///home/runner/work/ozone/ozone/hadoop-ozone/integration-test/target/test-classes/webapps/ozoneManager/,AVAILABLE}{file:/home/runner/work/ozone/ozone/hadoop-ozone/integration-test/target/test-classes/webapps/ozoneManager}
2024-04-26 07:45:56,429 [main] INFO  server.AbstractConnector (AbstractConnector.java:doStart(333)) - Started ServerConnector@62fd90b6{HTTP/1.1, (http/1.1)}{0.0.0.0:15450}
2024-04-26 07:45:56,429 [main] INFO  server.Server (Server.java:doStart(415)) - Started @180137ms
2024-04-26 07:45:56,429 [main] WARN  impl.MetricsSystemImpl (MetricsSystemImpl.java:register(279)) - Sink prometheus already exists!
2024-04-26 07:45:56,429 [main] INFO  http.BaseHttpServer (BaseHttpServer.java:updateConnectorAddress(354)) - HTTP server of ozoneManager listening at http://0.0.0.0:15450
2024-04-26 07:45:56,429 [IPC Server Responder] INFO  ipc.Server (Server.java:run(1562)) - IPC Server Responder: starting
2024-04-26 07:45:56,431 [IPC Server listener on 15449] INFO  ipc.Server (Server.java:run(1402)) - IPC Server listener on 15449: starting
2024-04-26 07:45:56,432 [main] INFO  om.OzoneManager (OzoneManager.java:startTrashEmptier(2121)) - Trash Interval set to 0. Files deleted won't move to trash
2024-04-26 07:45:56,453 [main] WARN  dropwizard3.Dm3MetricRegistriesImpl (Dm3MetricRegistriesImpl.java:addReporterRegistration(113)) - New reporters are added after registries were created. Some metrics will be missing from the reporter. Please add reporter before adding any new registry.
2024-04-26 07:45:56,453 [main] WARN  dropwizard3.Dm3MetricRegistriesImpl (Dm3MetricRegistriesImpl.java:addReporterRegistration(113)) - New reporters are added after registries were created. Some metrics will be missing from the reporter. Please add reporter before adding any new registry.
2024-04-26 07:45:56,453 [main] INFO  impl.MetricsSystemImpl (MetricsSystemImpl.java:init(158)) - HddsDatanode metrics system started (again)
2024-04-26 07:45:56,461 [main] INFO  ozone.HddsDatanodeService (HddsDatanodeService.java:start(240)) - HddsDatanodeService host:fv-az1107-628.5an5qfagtveezn4vzio0gr3jze.ex.internal.cloudapp.net ip:10.1.0.12
2024-04-26 07:45:56,480 [main] INFO  upgrade.AbstractLayoutVersionManager (AbstractLayoutVersionManager.java:init(83)) - Initializing Layout version manager with metadata layout = HADOOP_PRC_PORTS_IN_DATANODEDETAILS (version = 7), software layout = HADOOP_PRC_PORTS_IN_DATANODEDETAILS (version = 7)
2024-04-26 07:45:56,481 [main] INFO  statemachine.DatanodeStateMachine (DatanodeStateMachine.java:getEndPointTaskThreadPoolSize(299)) - Datanode State Machine Task Thread Pool size 2
2024-04-26 07:45:56,482 [main] INFO  volume.HddsVolume (HddsVolume.java:<init>(126)) - Creating HddsVolume: /home/runner/work/ozone/ozone/hadoop-ozone/integration-test/target/test-dir/MiniOzoneClusterImpl-864451be-9a12-4508-8431-6d052999593c/ozone-meta/datanode-1/data-0/hdds of storage type : DISK capacity : 9223372036854775807
2024-04-26 07:45:56,482 [main] INFO  volume.MutableVolumeSet (MutableVolumeSet.java:initializeVolumeSet(173)) - Added Volume : /home/runner/work/ozone/ozone/hadoop-ozone/integration-test/target/test-dir/MiniOzoneClusterImpl-864451be-9a12-4508-8431-6d052999593c/ozone-meta/datanode-1/data-0/hdds to VolumeSet
2024-04-26 07:45:56,483 [main] INFO  volume.MutableVolumeSet (MutableVolumeSet.java:initializeVolumeSet(173)) - Added Volume : /home/runner/work/ozone/ozone/hadoop-ozone/integration-test/target/test-dir/MiniOzoneClusterImpl-864451be-9a12-4508-8431-6d052999593c/ozone-meta/datanode-1/ratis to VolumeSet
2024-04-26 07:45:56,483 [main] INFO  ozoneimpl.OzoneContainer (HddsVolumeUtil.java:loadAllHddsVolumeDbStore(103)) - Load 1 volumes DbStore cost: 0ms
2024-04-26 07:45:56,484 [main] INFO  server.RaftServer (ConfUtils.java:logGet(46)) - raft.rpc.type = GRPC (default)
2024-04-26 07:45:56,484 [main] INFO  grpc.GrpcConfigKeys (ConfUtils.java:logFallback(53)) - raft.grpc.admin.host = null (fallback to raft.grpc.server.host)
2024-04-26 07:45:56,484 [main] INFO  grpc.GrpcConfigKeys (ConfUtils.java:logGet(46)) - raft.grpc.admin.port = 15458 (custom)
2024-04-26 07:45:56,485 [main] INFO  grpc.GrpcConfigKeys (ConfUtils.java:logFallback(53)) - raft.grpc.client.host = null (fallback to raft.grpc.server.host)
2024-04-26 07:45:56,485 [main] INFO  grpc.GrpcConfigKeys (ConfUtils.java:logGet(46)) - raft.grpc.client.port = 15457 (custom)
2024-04-26 07:45:56,485 [main] INFO  grpc.GrpcConfigKeys (ConfUtils.java:logGet(46)) - raft.grpc.server.host = null (default)
2024-04-26 07:45:56,485 [main] INFO  grpc.GrpcConfigKeys (ConfUtils.java:logGet(46)) - raft.grpc.server.port = 15459 (custom)
2024-04-26 07:45:56,485 [main] INFO  server.GrpcService (ConfUtils.java:logGet(46)) - raft.grpc.message.size.max = 32MB (=33554432) (custom)
2024-04-26 07:45:56,485 [main] INFO  server.RaftServerConfigKeys (ConfUtils.java:logGet(46)) - raft.server.log.appender.buffer.byte-limit = 8388608 (custom)
2024-04-26 07:45:56,485 [main] INFO  server.GrpcService (ConfUtils.java:logGet(46)) - raft.grpc.flow.control.window = 5MB (=5242880) (custom)
2024-04-26 07:45:56,485 [main] INFO  server.RaftServerConfigKeys (ConfUtils.java:logGet(46)) - raft.server.rpc.request.timeout = 3000ms (default)
2024-04-26 07:45:56,485 [main] INFO  grpc.GrpcConfigKeys (ConfUtils.java:logGet(46)) - raft.grpc.server.heartbeat.channel = true (default)
2024-04-26 07:45:56,485 [main] INFO  grpc.GrpcConfigKeys (ConfUtils.java:logGet(46)) - raft.grpc.server.async.request.thread.pool.cached = true (default)
2024-04-26 07:45:56,486 [main] INFO  grpc.GrpcConfigKeys (ConfUtils.java:logGet(46)) - raft.grpc.server.async.request.thread.pool.size = 32 (default)
2024-04-26 07:45:56,487 [main] INFO  impl.DataStreamServerImpl (ConfUtils.java:logGet(46)) - raft.datastream.type = NETTY (custom)
2024-04-26 07:45:56,487 [main] INFO  server.RaftServerConfigKeys (ConfUtils.java:logGet(46)) - raft.server.data-stream.async.request.thread.pool.cached = false (default)
2024-04-26 07:45:56,487 [main] INFO  server.RaftServerConfigKeys (ConfUtils.java:logGet(46)) - raft.server.data-stream.async.request.thread.pool.size = 20 (custom)
2024-04-26 07:45:56,488 [main] INFO  server.RaftServerConfigKeys (ConfUtils.java:logGet(46)) - raft.server.data-stream.async.write.thread.pool.size = 16 (default)
2024-04-26 07:45:56,488 [main] INFO  netty.NettyConfigKeys$DataStream (ConfUtils.java:logGet(46)) - raft.netty.dataStream.server.channel.inactive.grace-period = 10min (default)
2024-04-26 07:45:56,488 [main] INFO  server.RaftServerConfigKeys (ConfUtils.java:logGet(46)) - raft.server.data-stream.client.pool.size = 10 (default)
2024-04-26 07:45:56,488 [main] INFO  netty.NettyConfigKeys$DataStream (ConfUtils.java:logGet(46)) - raft.netty.dataStream.server.use-epoll = true (default)
2024-04-26 07:45:56,488 [main] INFO  netty.NettyConfigKeys$DataStream (ConfUtils.java:logGet(46)) - raft.netty.dataStream.server.boss-group.size = 0 (default)
2024-04-26 07:45:56,488 [main] INFO  netty.NettyUtils (NettyUtils.java:newEventLoopGroup(69)) - Create EpollEventLoopGroup for 576b0e19-35c7-479f-a3f8-cac44c071a4a-NettyServerStreamRpc-bossGroup; Thread size is 0.
2024-04-26 07:45:56,488 [main] INFO  netty.NettyConfigKeys$DataStream (ConfUtils.java:logGet(46)) - raft.netty.dataStream.server.worker-group.size = 0 (default)
2024-04-26 07:45:56,489 [main] INFO  netty.NettyUtils (NettyUtils.java:newEventLoopGroup(69)) - Create EpollEventLoopGroup for 576b0e19-35c7-479f-a3f8-cac44c071a4a-NettyServerStreamRpc-workerGroup; Thread size is 0.
2024-04-26 07:45:56,489 [main] INFO  netty.NettyConfigKeys$DataStream (ConfUtils.java:logGet(46)) - raft.netty.dataStream.server.tls.conf = null (default)
2024-04-26 07:45:56,489 [main] INFO  netty.NettyConfigKeys$DataStream (ConfUtils.java:logGet(46)) - raft.netty.dataStream.host = null (default)
2024-04-26 07:45:56,489 [main] INFO  netty.NettyConfigKeys$DataStream (ConfUtils.java:logGet(46)) - raft.netty.dataStream.port = 15460 (custom)
2024-04-26 07:45:56,489 [main] INFO  server.RaftServerConfigKeys (ConfUtils.java:logGet(46)) - raft.server.sleep.deviation.threshold = 300ms (default)
2024-04-26 07:45:56,489 [main] INFO  server.RaftServerConfigKeys (ConfUtils.java:logGet(46)) - raft.server.close.threshold = 60s (default)
2024-04-26 07:45:56,490 [main] INFO  server.RaftServerConfigKeys (ConfUtils.java:logGet(46)) - raft.server.leaderelection.leader.step-down.wait-time = 10s (default)
2024-04-26 07:45:56,490 [main] INFO  server.RaftServerConfigKeys (ConfUtils.java:logGet(46)) - raft.server.storage.dir = [/home/runner/work/ozone/ozone/hadoop-ozone/integration-test/target/test-dir/MiniOzoneClusterImpl-864451be-9a12-4508-8431-6d052999593c/ozone-meta/datanode-1/ratis] (custom)
2024-04-26 07:45:56,490 [main] INFO  server.RaftServerConfigKeys (ConfUtils.java:logGet(46)) - raft.server.threadpool.proxy.cached = true (default)
2024-04-26 07:45:56,490 [main] INFO  server.RaftServerConfigKeys (ConfUtils.java:logGet(46)) - raft.server.threadpool.proxy.size = 0 (default)
2024-04-26 07:45:56,490 [576b0e19-35c7-479f-a3f8-cac44c071a4a-NettyServerStreamRpc-bossGroup--thread1] INFO  logging.LoggingHandler (AbstractInternalLogger.java:log(148)) - [id: 0x5a11d6be] REGISTERED
2024-04-26 07:45:56,490 [576b0e19-35c7-479f-a3f8-cac44c071a4a-NettyServerStreamRpc-bossGroup--thread1] INFO  logging.LoggingHandler (AbstractInternalLogger.java:log(148)) - [id: 0x5a11d6be] BIND: 0.0.0.0/0.0.0.0:15460
2024-04-26 07:45:56,490 [576b0e19-35c7-479f-a3f8-cac44c071a4a-NettyServerStreamRpc-bossGroup--thread1] INFO  logging.LoggingHandler (AbstractInternalLogger.java:log(148)) - [id: 0x5a11d6be, L:/0.0.0.0:15460] ACTIVE
2024-04-26 07:45:56,491 [576b0e19-35c7-479f-a3f8-cac44c071a4a-impl-thread1] INFO  server.RaftServer (RaftServerProxy.java:initGroupDir(264)) - 576b0e19-35c7-479f-a3f8-cac44c071a4a: found a subdirectory /home/runner/work/ozone/ozone/hadoop-ozone/integration-test/target/test-dir/MiniOzoneClusterImpl-864451be-9a12-4508-8431-6d052999593c/ozone-meta/datanode-1/ratis/tmp
2024-04-26 07:45:56,491 [576b0e19-35c7-479f-a3f8-cac44c071a4a-impl-thread1] INFO  server.RaftServer (RaftServerProxy.java:initGroupDir(269)) - 576b0e19-35c7-479f-a3f8-cac44c071a4a: The directory /home/runner/work/ozone/ozone/hadoop-ozone/integration-test/target/test-dir/MiniOzoneClusterImpl-864451be-9a12-4508-8431-6d052999593c/ozone-meta/datanode-1/ratis/tmp is not a group directory; ignoring it. 
2024-04-26 07:45:56,491 [main] INFO  replication.ReplicationServer (ReplicationServer.java:<init>(86)) - Initializing replication server with thread count = 10 queue length = 4096
2024-04-26 07:45:56,492 [main] INFO  server.XceiverServerGrpc (XceiverServerGrpc.java:<init>(141)) - GrpcServer channel type EpollServerSocketChannel
2024-04-26 07:45:56,493 [main] INFO  replication.ReplicationSupervisor (ReplicationSupervisor.java:build(157)) - Initializing replication supervisor with thread count = 10
2024-04-26 07:45:56,493 [main] INFO  replication.ReplicationSupervisor (ReplicationSupervisor.java:nodeStateUpdated(312)) - Node state updated to IN_SERVICE, scaling executor pool size to 10
2024-04-26 07:45:56,494 [main] INFO  http.BaseHttpServer (BaseHttpServer.java:newHttpServer2BuilderForOzone(223)) - Starting Web-server for hddsDatanode at: http://0.0.0.0:15454
2024-04-26 07:45:56,494 [main] INFO  http.BaseHttpServer (BaseHttpServer.java:<init>(110)) - Hadoop Security Enabled: false Ozone Security Enabled: false Ozone HTTP Security Enabled: false 
2024-04-26 07:45:56,495 [main] WARN  server.AuthenticationFilter (AuthenticationFilter.java:constructSecretProvider(240)) - Unable to initialize FileSignerSecretProvider, falling back to use random secrets. Reason: Could not read signature secret file: /home/runner/hadoop-http-auth-signature-secret
2024-04-26 07:45:56,496 [main] INFO  http.HttpRequestLog (HttpRequestLog.java:getRequestLog(86)) - Http request log for http.requests.hddsDatanode is not defined
2024-04-26 07:45:56,496 [main] INFO  http.HttpServer2 (HttpServer2.java:addGlobalFilter(1036)) - Added global filter 'safety' (class=org.apache.hadoop.hdds.server.http.HttpServer2$QuotingInputFilter)
2024-04-26 07:45:56,497 [main] INFO  http.HttpServer2 (HttpServer2.java:addFilter(1012)) - Added filter static_user_filter (class=org.apache.hadoop.http.lib.StaticUserWebFilter$StaticUserFilter) to context hddsDatanode
2024-04-26 07:45:56,497 [main] INFO  http.HttpServer2 (HttpServer2.java:addFilter(1020)) - Added filter static_user_filter (class=org.apache.hadoop.http.lib.StaticUserWebFilter$StaticUserFilter) to context logs
2024-04-26 07:45:56,497 [main] INFO  http.HttpServer2 (HttpServer2.java:addFilter(1020)) - Added filter static_user_filter (class=org.apache.hadoop.http.lib.StaticUserWebFilter$StaticUserFilter) to context static
2024-04-26 07:45:56,497 [main] INFO  http.BaseHttpServer (BaseHttpServer.java:<init>(189)) - HTTP server of hddsDatanode uses base directory /home/runner/work/ozone/ozone/hadoop-ozone/integration-test/target/test-dir/MiniOzoneClusterImpl-864451be-9a12-4508-8431-6d052999593c/ozone-meta/datanode-1/meta/webserver
2024-04-26 07:45:56,498 [main] INFO  http.HttpServer2 (HttpServer2.java:bindListener(1236)) - Jetty bound to port 15454
2024-04-26 07:45:56,498 [main] INFO  server.Server (Server.java:doStart(375)) - jetty-9.4.53.v20231009; built: 2023-10-09T12:29:09.265Z; git: 27bde00a0b95a1d5bbee0eae7984f891d2d0f8c9; jvm 17.0.10+7
2024-04-26 07:45:56,499 [main] INFO  server.session (DefaultSessionIdManager.java:doStart(334)) - DefaultSessionIdManager workerName=node0
2024-04-26 07:45:56,499 [main] INFO  server.session (DefaultSessionIdManager.java:doStart(339)) - No SessionScavenger set, using defaults
2024-04-26 07:45:56,499 [main] INFO  server.session (HouseKeeper.java:startScavenging(132)) - node0 Scavenging every 600000ms
2024-04-26 07:45:56,501 [main] INFO  handler.ContextHandler (ContextHandler.java:doStart(921)) - Started o.e.j.s.ServletContextHandler@5d2ac39f{logs,/logs,file:///home/runner/work/ozone/ozone/hadoop-ozone/integration-test/target/log,AVAILABLE}
2024-04-26 07:45:56,501 [main] INFO  handler.ContextHandler (ContextHandler.java:doStart(921)) - Started o.e.j.s.ServletContextHandler@70ebe93e{static,/static,file:///home/runner/work/ozone/ozone/hadoop-hdds/container-service/target/classes/webapps/static,AVAILABLE}
2024-04-26 07:45:56,503 [main] INFO  handler.ContextHandler (ContextHandler.java:doStart(921)) - Started o.e.j.w.WebAppContext@5a931c02{hddsDatanode,/,file:///home/runner/work/ozone/ozone/hadoop-hdds/container-service/target/classes/webapps/hddsDatanode/,AVAILABLE}{file:/home/runner/work/ozone/ozone/hadoop-hdds/container-service/target/classes/webapps/hddsDatanode}
2024-04-26 07:45:56,504 [main] INFO  server.AbstractConnector (AbstractConnector.java:doStart(333)) - Started ServerConnector@5c18c936{HTTP/1.1, (http/1.1)}{0.0.0.0:15454}
2024-04-26 07:45:56,504 [main] INFO  server.Server (Server.java:doStart(415)) - Started @180213ms
2024-04-26 07:45:56,504 [main] WARN  impl.MetricsSystemImpl (MetricsSystemImpl.java:register(279)) - Sink prometheus already exists!
2024-04-26 07:45:56,504 [main] INFO  http.BaseHttpServer (BaseHttpServer.java:updateConnectorAddress(354)) - HTTP server of hddsDatanode listening at http://0.0.0.0:15454
2024-04-26 07:45:56,505 [main] INFO  ipc.CallQueueManager (CallQueueManager.java:<init>(90)) - Using callQueue: class java.util.concurrent.LinkedBlockingQueue, queueCapacity: 100, scheduler: class org.apache.hadoop.ipc.DefaultRpcScheduler, ipcBackoff: false.
2024-04-26 07:45:56,505 [main] INFO  ipc.Server (Server.java:<init>(1287)) - Listener at 0.0.0.0:15455
2024-04-26 07:45:56,505 [Socket Reader #1 for port 15455] INFO  ipc.Server (Server.java:run(1323)) - Starting Socket Reader #1 for port 15455
2024-04-26 07:45:56,506 [main] INFO  ozone.HddsDatanodeService (HddsDatanodeService.java:start(327)) - Datanode start with admins: [runner]
2024-04-26 07:45:56,506 [main] INFO  ozone.HddsDatanodeClientProtocolServer (HddsDatanodeClientProtocolServer.java:start(77)) - RPC server for Client /0.0.0.0:15455
2024-04-26 07:45:56,506 [IPC Server Responder] INFO  ipc.Server (Server.java:run(1562)) - IPC Server Responder: starting
2024-04-26 07:45:56,507 [576b0e19-35c7-479f-a3f8-cac44c071a4a-DatanodeStateMachineDaemonThread] INFO  statemachine.DatanodeStateMachine (DatanodeStateMachine.java:lambda$startDaemon$1(555)) - Ozone container server started.
2024-04-26 07:45:56,507 [main] WARN  dropwizard3.Dm3MetricRegistriesImpl (Dm3MetricRegistriesImpl.java:addReporterRegistration(113)) - New reporters are added after registries were created. Some metrics will be missing from the reporter. Please add reporter before adding any new registry.
2024-04-26 07:45:56,507 [main] WARN  dropwizard3.Dm3MetricRegistriesImpl (Dm3MetricRegistriesImpl.java:addReporterRegistration(113)) - New reporters are added after registries were created. Some metrics will be missing from the reporter. Please add reporter before adding any new registry.
2024-04-26 07:45:56,507 [main] INFO  impl.MetricsSystemImpl (MetricsSystemImpl.java:init(158)) - HddsDatanode metrics system started (again)
2024-04-26 07:45:56,512 [IPC Server listener on 15455] INFO  ipc.Server (Server.java:run(1402)) - IPC Server listener on 15455: starting
2024-04-26 07:45:56,516 [main] INFO  ozone.HddsDatanodeService (HddsDatanodeService.java:start(240)) - HddsDatanodeService host:fv-az1107-628.5an5qfagtveezn4vzio0gr3jze.ex.internal.cloudapp.net ip:10.1.0.12
2024-04-26 07:45:56,520 [576b0e19-35c7-479f-a3f8-cac44c071a4a-DatanodeStateMachineTaskThread-0] INFO  datanode.InitDatanodeState (InitDatanodeState.java:persistContainerDatanodeDetails(139)) - DatanodeDetails is persisted to /home/runner/work/ozone/ozone/hadoop-ozone/integration-test/target/test-dir/MiniOzoneClusterImpl-864451be-9a12-4508-8431-6d052999593c/ozone-meta/datanode-1/meta/datanode.id
2024-04-26 07:45:56,529 [main] INFO  upgrade.AbstractLayoutVersionManager (AbstractLayoutVersionManager.java:init(83)) - Initializing Layout version manager with metadata layout = HADOOP_PRC_PORTS_IN_DATANODEDETAILS (version = 7), software layout = HADOOP_PRC_PORTS_IN_DATANODEDETAILS (version = 7)
2024-04-26 07:45:56,529 [main] INFO  statemachine.DatanodeStateMachine (DatanodeStateMachine.java:getEndPointTaskThreadPoolSize(299)) - Datanode State Machine Task Thread Pool size 2
2024-04-26 07:45:56,530 [main] INFO  volume.HddsVolume (HddsVolume.java:<init>(126)) - Creating HddsVolume: /home/runner/work/ozone/ozone/hadoop-ozone/integration-test/target/test-dir/MiniOzoneClusterImpl-864451be-9a12-4508-8431-6d052999593c/ozone-meta/datanode-2/data-0/hdds of storage type : DISK capacity : 9223372036854775807
2024-04-26 07:45:56,530 [main] INFO  volume.MutableVolumeSet (MutableVolumeSet.java:initializeVolumeSet(173)) - Added Volume : /home/runner/work/ozone/ozone/hadoop-ozone/integration-test/target/test-dir/MiniOzoneClusterImpl-864451be-9a12-4508-8431-6d052999593c/ozone-meta/datanode-2/data-0/hdds to VolumeSet
2024-04-26 07:45:56,531 [main] INFO  volume.MutableVolumeSet (MutableVolumeSet.java:initializeVolumeSet(173)) - Added Volume : /home/runner/work/ozone/ozone/hadoop-ozone/integration-test/target/test-dir/MiniOzoneClusterImpl-864451be-9a12-4508-8431-6d052999593c/ozone-meta/datanode-2/ratis to VolumeSet
2024-04-26 07:45:56,531 [main] INFO  ozoneimpl.OzoneContainer (HddsVolumeUtil.java:loadAllHddsVolumeDbStore(103)) - Load 1 volumes DbStore cost: 0ms
2024-04-26 07:45:56,533 [main] INFO  server.RaftServer (ConfUtils.java:logGet(46)) - raft.rpc.type = GRPC (default)
2024-04-26 07:45:56,533 [main] INFO  grpc.GrpcConfigKeys (ConfUtils.java:logFallback(53)) - raft.grpc.admin.host = null (fallback to raft.grpc.server.host)
2024-04-26 07:45:56,533 [main] INFO  grpc.GrpcConfigKeys (ConfUtils.java:logGet(46)) - raft.grpc.admin.port = 15467 (custom)
2024-04-26 07:45:56,533 [main] INFO  grpc.GrpcConfigKeys (ConfUtils.java:logFallback(53)) - raft.grpc.client.host = null (fallback to raft.grpc.server.host)
2024-04-26 07:45:56,533 [main] INFO  grpc.GrpcConfigKeys (ConfUtils.java:logGet(46)) - raft.grpc.client.port = 15466 (custom)
2024-04-26 07:45:56,533 [main] INFO  grpc.GrpcConfigKeys (ConfUtils.java:logGet(46)) - raft.grpc.server.host = null (default)
2024-04-26 07:45:56,533 [main] INFO  grpc.GrpcConfigKeys (ConfUtils.java:logGet(46)) - raft.grpc.server.port = 15468 (custom)
2024-04-26 07:45:56,533 [main] INFO  server.GrpcService (ConfUtils.java:logGet(46)) - raft.grpc.message.size.max = 32MB (=33554432) (custom)
2024-04-26 07:45:56,533 [main] INFO  server.RaftServerConfigKeys (ConfUtils.java:logGet(46)) - raft.server.log.appender.buffer.byte-limit = 8388608 (custom)
2024-04-26 07:45:56,533 [main] INFO  server.GrpcService (ConfUtils.java:logGet(46)) - raft.grpc.flow.control.window = 5MB (=5242880) (custom)
2024-04-26 07:45:56,534 [main] INFO  server.RaftServerConfigKeys (ConfUtils.java:logGet(46)) - raft.server.rpc.request.timeout = 3000ms (default)
2024-04-26 07:45:56,534 [main] INFO  grpc.GrpcConfigKeys (ConfUtils.java:logGet(46)) - raft.grpc.server.heartbeat.channel = true (default)
2024-04-26 07:45:56,534 [main] INFO  grpc.GrpcConfigKeys (ConfUtils.java:logGet(46)) - raft.grpc.server.async.request.thread.pool.cached = true (default)
2024-04-26 07:45:56,534 [main] INFO  grpc.GrpcConfigKeys (ConfUtils.java:logGet(46)) - raft.grpc.server.async.request.thread.pool.size = 32 (default)
2024-04-26 07:45:56,535 [main] INFO  impl.DataStreamServerImpl (ConfUtils.java:logGet(46)) - raft.datastream.type = NETTY (custom)
2024-04-26 07:45:56,535 [main] INFO  server.RaftServerConfigKeys (ConfUtils.java:logGet(46)) - raft.server.data-stream.async.request.thread.pool.cached = false (default)
2024-04-26 07:45:56,536 [main] INFO  server.RaftServerConfigKeys (ConfUtils.java:logGet(46)) - raft.server.data-stream.async.request.thread.pool.size = 20 (custom)
2024-04-26 07:45:56,536 [main] INFO  server.RaftServerConfigKeys (ConfUtils.java:logGet(46)) - raft.server.data-stream.async.write.thread.pool.size = 16 (default)
2024-04-26 07:45:56,536 [main] INFO  netty.NettyConfigKeys$DataStream (ConfUtils.java:logGet(46)) - raft.netty.dataStream.server.channel.inactive.grace-period = 10min (default)
2024-04-26 07:45:56,536 [main] INFO  server.RaftServerConfigKeys (ConfUtils.java:logGet(46)) - raft.server.data-stream.client.pool.size = 10 (default)
2024-04-26 07:45:56,536 [main] INFO  netty.NettyConfigKeys$DataStream (ConfUtils.java:logGet(46)) - raft.netty.dataStream.server.use-epoll = true (default)
2024-04-26 07:45:56,536 [main] INFO  netty.NettyConfigKeys$DataStream (ConfUtils.java:logGet(46)) - raft.netty.dataStream.server.boss-group.size = 0 (default)
2024-04-26 07:45:56,536 [main] INFO  netty.NettyUtils (NettyUtils.java:newEventLoopGroup(69)) - Create EpollEventLoopGroup for e753b894-9081-4960-806d-bc57228f6e3a-NettyServerStreamRpc-bossGroup; Thread size is 0.
2024-04-26 07:45:56,536 [main] INFO  netty.NettyConfigKeys$DataStream (ConfUtils.java:logGet(46)) - raft.netty.dataStream.server.worker-group.size = 0 (default)
2024-04-26 07:45:56,536 [main] INFO  netty.NettyUtils (NettyUtils.java:newEventLoopGroup(69)) - Create EpollEventLoopGroup for e753b894-9081-4960-806d-bc57228f6e3a-NettyServerStreamRpc-workerGroup; Thread size is 0.
2024-04-26 07:45:56,537 [main] INFO  netty.NettyConfigKeys$DataStream (ConfUtils.java:logGet(46)) - raft.netty.dataStream.server.tls.conf = null (default)
2024-04-26 07:45:56,537 [main] INFO  netty.NettyConfigKeys$DataStream (ConfUtils.java:logGet(46)) - raft.netty.dataStream.host = null (default)
2024-04-26 07:45:56,537 [main] INFO  netty.NettyConfigKeys$DataStream (ConfUtils.java:logGet(46)) - raft.netty.dataStream.port = 15469 (custom)
2024-04-26 07:45:56,537 [main] INFO  server.RaftServerConfigKeys (ConfUtils.java:logGet(46)) - raft.server.sleep.deviation.threshold = 300ms (default)
2024-04-26 07:45:56,537 [main] INFO  server.RaftServerConfigKeys (ConfUtils.java:logGet(46)) - raft.server.close.threshold = 60s (default)
2024-04-26 07:45:56,537 [main] INFO  server.RaftServerConfigKeys (ConfUtils.java:logGet(46)) - raft.server.leaderelection.leader.step-down.wait-time = 10s (default)
2024-04-26 07:45:56,537 [e753b894-9081-4960-806d-bc57228f6e3a-NettyServerStreamRpc-bossGroup--thread1] INFO  logging.LoggingHandler (AbstractInternalLogger.java:log(148)) - [id: 0x12c9abfe] REGISTERED
2024-04-26 07:45:56,538 [main] INFO  server.RaftServerConfigKeys (ConfUtils.java:logGet(46)) - raft.server.storage.dir = [/home/runner/work/ozone/ozone/hadoop-ozone/integration-test/target/test-dir/MiniOzoneClusterImpl-864451be-9a12-4508-8431-6d052999593c/ozone-meta/datanode-2/ratis] (custom)
2024-04-26 07:45:56,538 [e753b894-9081-4960-806d-bc57228f6e3a-NettyServerStreamRpc-bossGroup--thread1] INFO  logging.LoggingHandler (AbstractInternalLogger.java:log(148)) - [id: 0x12c9abfe] BIND: 0.0.0.0/0.0.0.0:15469
2024-04-26 07:45:56,538 [main] INFO  server.RaftServerConfigKeys (ConfUtils.java:logGet(46)) - raft.server.threadpool.proxy.cached = true (default)
2024-04-26 07:45:56,538 [e753b894-9081-4960-806d-bc57228f6e3a-NettyServerStreamRpc-bossGroup--thread1] INFO  logging.LoggingHandler (AbstractInternalLogger.java:log(148)) - [id: 0x12c9abfe, L:/0.0.0.0:15469] ACTIVE
2024-04-26 07:45:56,538 [main] INFO  server.RaftServerConfigKeys (ConfUtils.java:logGet(46)) - raft.server.threadpool.proxy.size = 0 (default)
2024-04-26 07:45:56,538 [e753b894-9081-4960-806d-bc57228f6e3a-impl-thread1] INFO  server.RaftServer (RaftServerProxy.java:initGroupDir(264)) - e753b894-9081-4960-806d-bc57228f6e3a: found a subdirectory /home/runner/work/ozone/ozone/hadoop-ozone/integration-test/target/test-dir/MiniOzoneClusterImpl-864451be-9a12-4508-8431-6d052999593c/ozone-meta/datanode-2/ratis/tmp
2024-04-26 07:45:56,538 [e753b894-9081-4960-806d-bc57228f6e3a-impl-thread1] INFO  server.RaftServer (RaftServerProxy.java:initGroupDir(269)) - e753b894-9081-4960-806d-bc57228f6e3a: The directory /home/runner/work/ozone/ozone/hadoop-ozone/integration-test/target/test-dir/MiniOzoneClusterImpl-864451be-9a12-4508-8431-6d052999593c/ozone-meta/datanode-2/ratis/tmp is not a group directory; ignoring it. 
2024-04-26 07:45:56,539 [main] INFO  replication.ReplicationServer (ReplicationServer.java:<init>(86)) - Initializing replication server with thread count = 10 queue length = 4096
2024-04-26 07:45:56,539 [main] INFO  server.XceiverServerGrpc (XceiverServerGrpc.java:<init>(141)) - GrpcServer channel type EpollServerSocketChannel
2024-04-26 07:45:56,540 [main] INFO  replication.ReplicationSupervisor (ReplicationSupervisor.java:build(157)) - Initializing replication supervisor with thread count = 10
2024-04-26 07:45:56,540 [main] INFO  replication.ReplicationSupervisor (ReplicationSupervisor.java:nodeStateUpdated(312)) - Node state updated to IN_SERVICE, scaling executor pool size to 10
2024-04-26 07:45:56,542 [main] INFO  http.BaseHttpServer (BaseHttpServer.java:newHttpServer2BuilderForOzone(223)) - Starting Web-server for hddsDatanode at: http://0.0.0.0:15463
2024-04-26 07:45:56,542 [main] INFO  http.BaseHttpServer (BaseHttpServer.java:<init>(110)) - Hadoop Security Enabled: false Ozone Security Enabled: false Ozone HTTP Security Enabled: false 
2024-04-26 07:45:56,542 [main] WARN  server.AuthenticationFilter (AuthenticationFilter.java:constructSecretProvider(240)) - Unable to initialize FileSignerSecretProvider, falling back to use random secrets. Reason: Could not read signature secret file: /home/runner/hadoop-http-auth-signature-secret
2024-04-26 07:45:56,543 [main] INFO  http.HttpRequestLog (HttpRequestLog.java:getRequestLog(86)) - Http request log for http.requests.hddsDatanode is not defined
2024-04-26 07:45:56,544 [main] INFO  http.HttpServer2 (HttpServer2.java:addGlobalFilter(1036)) - Added global filter 'safety' (class=org.apache.hadoop.hdds.server.http.HttpServer2$QuotingInputFilter)
2024-04-26 07:45:56,544 [main] INFO  http.HttpServer2 (HttpServer2.java:addFilter(1012)) - Added filter static_user_filter (class=org.apache.hadoop.http.lib.StaticUserWebFilter$StaticUserFilter) to context hddsDatanode
2024-04-26 07:45:56,544 [main] INFO  http.HttpServer2 (HttpServer2.java:addFilter(1020)) - Added filter static_user_filter (class=org.apache.hadoop.http.lib.StaticUserWebFilter$StaticUserFilter) to context static
2024-04-26 07:45:56,544 [main] INFO  http.HttpServer2 (HttpServer2.java:addFilter(1020)) - Added filter static_user_filter (class=org.apache.hadoop.http.lib.StaticUserWebFilter$StaticUserFilter) to context logs
2024-04-26 07:45:56,545 [main] INFO  http.BaseHttpServer (BaseHttpServer.java:<init>(189)) - HTTP server of hddsDatanode uses base directory /home/runner/work/ozone/ozone/hadoop-ozone/integration-test/target/test-dir/MiniOzoneClusterImpl-864451be-9a12-4508-8431-6d052999593c/ozone-meta/datanode-2/meta/webserver
2024-04-26 07:45:56,545 [main] INFO  http.HttpServer2 (HttpServer2.java:bindListener(1236)) - Jetty bound to port 15463
2024-04-26 07:45:56,545 [main] INFO  server.Server (Server.java:doStart(375)) - jetty-9.4.53.v20231009; built: 2023-10-09T12:29:09.265Z; git: 27bde00a0b95a1d5bbee0eae7984f891d2d0f8c9; jvm 17.0.10+7
2024-04-26 07:45:56,546 [main] INFO  server.session (DefaultSessionIdManager.java:doStart(334)) - DefaultSessionIdManager workerName=node0
2024-04-26 07:45:56,546 [main] INFO  server.session (DefaultSessionIdManager.java:doStart(339)) - No SessionScavenger set, using defaults
2024-04-26 07:45:56,546 [main] INFO  server.session (HouseKeeper.java:startScavenging(132)) - node0 Scavenging every 660000ms
2024-04-26 07:45:56,547 [main] INFO  handler.ContextHandler (ContextHandler.java:doStart(921)) - Started o.e.j.s.ServletContextHandler@4b1f7fa4{logs,/logs,file:///home/runner/work/ozone/ozone/hadoop-ozone/integration-test/target/log,AVAILABLE}
2024-04-26 07:45:56,547 [main] INFO  handler.ContextHandler (ContextHandler.java:doStart(921)) - Started o.e.j.s.ServletContextHandler@414f46af{static,/static,file:///home/runner/work/ozone/ozone/hadoop-hdds/container-service/target/classes/webapps/static,AVAILABLE}
2024-04-26 07:45:56,549 [main] INFO  handler.ContextHandler (ContextHandler.java:doStart(921)) - Started o.e.j.w.WebAppContext@70e56195{hddsDatanode,/,file:///home/runner/work/ozone/ozone/hadoop-hdds/container-service/target/classes/webapps/hddsDatanode/,AVAILABLE}{file:/home/runner/work/ozone/ozone/hadoop-hdds/container-service/target/classes/webapps/hddsDatanode}
2024-04-26 07:45:56,550 [main] INFO  server.AbstractConnector (AbstractConnector.java:doStart(333)) - Started ServerConnector@4f00ee48{HTTP/1.1, (http/1.1)}{0.0.0.0:15463}
2024-04-26 07:45:56,550 [main] INFO  server.Server (Server.java:doStart(415)) - Started @180258ms
2024-04-26 07:45:56,550 [main] WARN  impl.MetricsSystemImpl (MetricsSystemImpl.java:register(279)) - Sink prometheus already exists!
2024-04-26 07:45:56,550 [main] INFO  http.BaseHttpServer (BaseHttpServer.java:updateConnectorAddress(354)) - HTTP server of hddsDatanode listening at http://0.0.0.0:15463
2024-04-26 07:45:56,551 [main] INFO  ipc.CallQueueManager (CallQueueManager.java:<init>(90)) - Using callQueue: class java.util.concurrent.LinkedBlockingQueue, queueCapacity: 100, scheduler: class org.apache.hadoop.ipc.DefaultRpcScheduler, ipcBackoff: false.
2024-04-26 07:45:56,551 [main] INFO  ipc.Server (Server.java:<init>(1287)) - Listener at 0.0.0.0:15464
2024-04-26 07:45:56,551 [Socket Reader #1 for port 15464] INFO  ipc.Server (Server.java:run(1323)) - Starting Socket Reader #1 for port 15464
2024-04-26 07:45:56,552 [main] INFO  ozone.HddsDatanodeService (HddsDatanodeService.java:start(327)) - Datanode start with admins: [runner]
2024-04-26 07:45:56,552 [main] INFO  ozone.HddsDatanodeClientProtocolServer (HddsDatanodeClientProtocolServer.java:start(77)) - RPC server for Client /0.0.0.0:15464
2024-04-26 07:45:56,552 [IPC Server Responder] INFO  ipc.Server (Server.java:run(1562)) - IPC Server Responder: starting
2024-04-26 07:45:56,554 [IPC Server listener on 15464] INFO  ipc.Server (Server.java:run(1402)) - IPC Server listener on 15464: starting
2024-04-26 07:45:56,555 [main] WARN  dropwizard3.Dm3MetricRegistriesImpl (Dm3MetricRegistriesImpl.java:addReporterRegistration(113)) - New reporters are added after registries were created. Some metrics will be missing from the reporter. Please add reporter before adding any new registry.
2024-04-26 07:45:56,555 [main] WARN  dropwizard3.Dm3MetricRegistriesImpl (Dm3MetricRegistriesImpl.java:addReporterRegistration(113)) - New reporters are added after registries were created. Some metrics will be missing from the reporter. Please add reporter before adding any new registry.
2024-04-26 07:45:56,555 [main] INFO  impl.MetricsSystemImpl (MetricsSystemImpl.java:init(158)) - HddsDatanode metrics system started (again)
2024-04-26 07:45:56,556 [e753b894-9081-4960-806d-bc57228f6e3a-DatanodeStateMachineDaemonThread] INFO  statemachine.DatanodeStateMachine (DatanodeStateMachine.java:lambda$startDaemon$1(555)) - Ozone container server started.
2024-04-26 07:45:56,557 [e753b894-9081-4960-806d-bc57228f6e3a-DatanodeStateMachineTaskThread-0] INFO  datanode.InitDatanodeState (InitDatanodeState.java:persistContainerDatanodeDetails(139)) - DatanodeDetails is persisted to /home/runner/work/ozone/ozone/hadoop-ozone/integration-test/target/test-dir/MiniOzoneClusterImpl-864451be-9a12-4508-8431-6d052999593c/ozone-meta/datanode-2/meta/datanode.id
2024-04-26 07:45:56,563 [main] INFO  ozone.HddsDatanodeService (HddsDatanodeService.java:start(240)) - HddsDatanodeService host:fv-az1107-628.5an5qfagtveezn4vzio0gr3jze.ex.internal.cloudapp.net ip:10.1.0.12
2024-04-26 07:45:56,575 [main] INFO  upgrade.AbstractLayoutVersionManager (AbstractLayoutVersionManager.java:init(83)) - Initializing Layout version manager with metadata layout = HADOOP_PRC_PORTS_IN_DATANODEDETAILS (version = 7), software layout = HADOOP_PRC_PORTS_IN_DATANODEDETAILS (version = 7)
2024-04-26 07:45:56,576 [main] INFO  statemachine.DatanodeStateMachine (DatanodeStateMachine.java:getEndPointTaskThreadPoolSize(299)) - Datanode State Machine Task Thread Pool size 2
2024-04-26 07:45:56,576 [main] INFO  volume.HddsVolume (HddsVolume.java:<init>(126)) - Creating HddsVolume: /home/runner/work/ozone/ozone/hadoop-ozone/integration-test/target/test-dir/MiniOzoneClusterImpl-864451be-9a12-4508-8431-6d052999593c/ozone-meta/datanode-3/data-0/hdds of storage type : DISK capacity : 9223372036854775807
2024-04-26 07:45:56,577 [main] INFO  volume.MutableVolumeSet (MutableVolumeSet.java:initializeVolumeSet(173)) - Added Volume : /home/runner/work/ozone/ozone/hadoop-ozone/integration-test/target/test-dir/MiniOzoneClusterImpl-864451be-9a12-4508-8431-6d052999593c/ozone-meta/datanode-3/data-0/hdds to VolumeSet
2024-04-26 07:45:56,577 [main] INFO  volume.MutableVolumeSet (MutableVolumeSet.java:initializeVolumeSet(173)) - Added Volume : /home/runner/work/ozone/ozone/hadoop-ozone/integration-test/target/test-dir/MiniOzoneClusterImpl-864451be-9a12-4508-8431-6d052999593c/ozone-meta/datanode-3/ratis to VolumeSet
2024-04-26 07:45:56,577 [main] INFO  ozoneimpl.OzoneContainer (HddsVolumeUtil.java:loadAllHddsVolumeDbStore(103)) - Load 1 volumes DbStore cost: 0ms
2024-04-26 07:45:56,579 [main] INFO  server.RaftServer (ConfUtils.java:logGet(46)) - raft.rpc.type = GRPC (default)
2024-04-26 07:45:56,579 [main] INFO  grpc.GrpcConfigKeys (ConfUtils.java:logFallback(53)) - raft.grpc.admin.host = null (fallback to raft.grpc.server.host)
2024-04-26 07:45:56,579 [main] INFO  grpc.GrpcConfigKeys (ConfUtils.java:logGet(46)) - raft.grpc.admin.port = 15476 (custom)
2024-04-26 07:45:56,579 [main] INFO  grpc.GrpcConfigKeys (ConfUtils.java:logFallback(53)) - raft.grpc.client.host = null (fallback to raft.grpc.server.host)
2024-04-26 07:45:56,579 [main] INFO  grpc.GrpcConfigKeys (ConfUtils.java:logGet(46)) - raft.grpc.client.port = 15475 (custom)
2024-04-26 07:45:56,579 [main] INFO  grpc.GrpcConfigKeys (ConfUtils.java:logGet(46)) - raft.grpc.server.host = null (default)
2024-04-26 07:45:56,579 [main] INFO  grpc.GrpcConfigKeys (ConfUtils.java:logGet(46)) - raft.grpc.server.port = 15477 (custom)
2024-04-26 07:45:56,579 [main] INFO  server.GrpcService (ConfUtils.java:logGet(46)) - raft.grpc.message.size.max = 32MB (=33554432) (custom)
2024-04-26 07:45:56,579 [main] INFO  server.RaftServerConfigKeys (ConfUtils.java:logGet(46)) - raft.server.log.appender.buffer.byte-limit = 8388608 (custom)
2024-04-26 07:45:56,580 [main] INFO  server.GrpcService (ConfUtils.java:logGet(46)) - raft.grpc.flow.control.window = 5MB (=5242880) (custom)
2024-04-26 07:45:56,580 [main] INFO  server.RaftServerConfigKeys (ConfUtils.java:logGet(46)) - raft.server.rpc.request.timeout = 3000ms (default)
2024-04-26 07:45:56,580 [main] INFO  grpc.GrpcConfigKeys (ConfUtils.java:logGet(46)) - raft.grpc.server.heartbeat.channel = true (default)
2024-04-26 07:45:56,580 [main] INFO  grpc.GrpcConfigKeys (ConfUtils.java:logGet(46)) - raft.grpc.server.async.request.thread.pool.cached = true (default)
2024-04-26 07:45:56,580 [main] INFO  grpc.GrpcConfigKeys (ConfUtils.java:logGet(46)) - raft.grpc.server.async.request.thread.pool.size = 32 (default)
2024-04-26 07:45:56,581 [main] INFO  impl.DataStreamServerImpl (ConfUtils.java:logGet(46)) - raft.datastream.type = NETTY (custom)
2024-04-26 07:45:56,581 [main] INFO  server.RaftServerConfigKeys (ConfUtils.java:logGet(46)) - raft.server.data-stream.async.request.thread.pool.cached = false (default)
2024-04-26 07:45:56,582 [main] INFO  server.RaftServerConfigKeys (ConfUtils.java:logGet(46)) - raft.server.data-stream.async.request.thread.pool.size = 20 (custom)
2024-04-26 07:45:56,582 [main] INFO  server.RaftServerConfigKeys (ConfUtils.java:logGet(46)) - raft.server.data-stream.async.write.thread.pool.size = 16 (default)
2024-04-26 07:45:56,582 [main] INFO  netty.NettyConfigKeys$DataStream (ConfUtils.java:logGet(46)) - raft.netty.dataStream.server.channel.inactive.grace-period = 10min (default)
2024-04-26 07:45:56,582 [main] INFO  server.RaftServerConfigKeys (ConfUtils.java:logGet(46)) - raft.server.data-stream.client.pool.size = 10 (default)
2024-04-26 07:45:56,582 [main] INFO  netty.NettyConfigKeys$DataStream (ConfUtils.java:logGet(46)) - raft.netty.dataStream.server.use-epoll = true (default)
2024-04-26 07:45:56,582 [main] INFO  netty.NettyConfigKeys$DataStream (ConfUtils.java:logGet(46)) - raft.netty.dataStream.server.boss-group.size = 0 (default)
2024-04-26 07:45:56,582 [main] INFO  netty.NettyUtils (NettyUtils.java:newEventLoopGroup(69)) - Create EpollEventLoopGroup for ddce2076-1575-41c9-8de9-fd704b659682-NettyServerStreamRpc-bossGroup; Thread size is 0.
2024-04-26 07:45:56,582 [main] INFO  netty.NettyConfigKeys$DataStream (ConfUtils.java:logGet(46)) - raft.netty.dataStream.server.worker-group.size = 0 (default)
2024-04-26 07:45:56,583 [main] INFO  netty.NettyUtils (NettyUtils.java:newEventLoopGroup(69)) - Create EpollEventLoopGroup for ddce2076-1575-41c9-8de9-fd704b659682-NettyServerStreamRpc-workerGroup; Thread size is 0.
2024-04-26 07:45:56,583 [main] INFO  netty.NettyConfigKeys$DataStream (ConfUtils.java:logGet(46)) - raft.netty.dataStream.server.tls.conf = null (default)
2024-04-26 07:45:56,583 [main] INFO  netty.NettyConfigKeys$DataStream (ConfUtils.java:logGet(46)) - raft.netty.dataStream.host = null (default)
2024-04-26 07:45:56,583 [main] INFO  netty.NettyConfigKeys$DataStream (ConfUtils.java:logGet(46)) - raft.netty.dataStream.port = 15478 (custom)
2024-04-26 07:45:56,584 [main] INFO  server.RaftServerConfigKeys (ConfUtils.java:logGet(46)) - raft.server.sleep.deviation.threshold = 300ms (default)
2024-04-26 07:45:56,584 [main] INFO  server.RaftServerConfigKeys (ConfUtils.java:logGet(46)) - raft.server.close.threshold = 60s (default)
2024-04-26 07:45:56,584 [main] INFO  server.RaftServerConfigKeys (ConfUtils.java:logGet(46)) - raft.server.leaderelection.leader.step-down.wait-time = 10s (default)
2024-04-26 07:45:56,584 [main] INFO  server.RaftServerConfigKeys (ConfUtils.java:logGet(46)) - raft.server.storage.dir = [/home/runner/work/ozone/ozone/hadoop-ozone/integration-test/target/test-dir/MiniOzoneClusterImpl-864451be-9a12-4508-8431-6d052999593c/ozone-meta/datanode-3/ratis] (custom)
2024-04-26 07:45:56,584 [main] INFO  server.RaftServerConfigKeys (ConfUtils.java:logGet(46)) - raft.server.threadpool.proxy.cached = true (default)
2024-04-26 07:45:56,584 [main] INFO  server.RaftServerConfigKeys (ConfUtils.java:logGet(46)) - raft.server.threadpool.proxy.size = 0 (default)
2024-04-26 07:45:56,584 [ddce2076-1575-41c9-8de9-fd704b659682-impl-thread1] INFO  server.RaftServer (RaftServerProxy.java:initGroupDir(264)) - ddce2076-1575-41c9-8de9-fd704b659682: found a subdirectory /home/runner/work/ozone/ozone/hadoop-ozone/integration-test/target/test-dir/MiniOzoneClusterImpl-864451be-9a12-4508-8431-6d052999593c/ozone-meta/datanode-3/ratis/tmp
2024-04-26 07:45:56,585 [ddce2076-1575-41c9-8de9-fd704b659682-impl-thread1] INFO  server.RaftServer (RaftServerProxy.java:initGroupDir(269)) - ddce2076-1575-41c9-8de9-fd704b659682: The directory /home/runner/work/ozone/ozone/hadoop-ozone/integration-test/target/test-dir/MiniOzoneClusterImpl-864451be-9a12-4508-8431-6d052999593c/ozone-meta/datanode-3/ratis/tmp is not a group directory; ignoring it. 
2024-04-26 07:45:56,585 [main] INFO  replication.ReplicationServer (ReplicationServer.java:<init>(86)) - Initializing replication server with thread count = 10 queue length = 4096
2024-04-26 07:45:56,585 [ddce2076-1575-41c9-8de9-fd704b659682-NettyServerStreamRpc-bossGroup--thread1] INFO  logging.LoggingHandler (AbstractInternalLogger.java:log(148)) - [id: 0x3b720cf1] REGISTERED
2024-04-26 07:45:56,586 [ddce2076-1575-41c9-8de9-fd704b659682-NettyServerStreamRpc-bossGroup--thread1] INFO  logging.LoggingHandler (AbstractInternalLogger.java:log(148)) - [id: 0x3b720cf1] BIND: 0.0.0.0/0.0.0.0:15478
2024-04-26 07:45:56,586 [main] INFO  server.XceiverServerGrpc (XceiverServerGrpc.java:<init>(141)) - GrpcServer channel type EpollServerSocketChannel
2024-04-26 07:45:56,586 [ddce2076-1575-41c9-8de9-fd704b659682-NettyServerStreamRpc-bossGroup--thread1] INFO  logging.LoggingHandler (AbstractInternalLogger.java:log(148)) - [id: 0x3b720cf1, L:/0.0.0.0:15478] ACTIVE
2024-04-26 07:45:56,587 [main] INFO  replication.ReplicationSupervisor (ReplicationSupervisor.java:build(157)) - Initializing replication supervisor with thread count = 10
2024-04-26 07:45:56,587 [main] INFO  replication.ReplicationSupervisor (ReplicationSupervisor.java:nodeStateUpdated(312)) - Node state updated to IN_SERVICE, scaling executor pool size to 10
2024-04-26 07:45:56,588 [main] INFO  http.BaseHttpServer (BaseHttpServer.java:newHttpServer2BuilderForOzone(223)) - Starting Web-server for hddsDatanode at: http://0.0.0.0:15472
2024-04-26 07:45:56,588 [main] INFO  http.BaseHttpServer (BaseHttpServer.java:<init>(110)) - Hadoop Security Enabled: false Ozone Security Enabled: false Ozone HTTP Security Enabled: false 
2024-04-26 07:45:56,589 [main] WARN  server.AuthenticationFilter (AuthenticationFilter.java:constructSecretProvider(240)) - Unable to initialize FileSignerSecretProvider, falling back to use random secrets. Reason: Could not read signature secret file: /home/runner/hadoop-http-auth-signature-secret
2024-04-26 07:45:56,589 [main] INFO  http.HttpRequestLog (HttpRequestLog.java:getRequestLog(86)) - Http request log for http.requests.hddsDatanode is not defined
2024-04-26 07:45:56,590 [main] INFO  http.HttpServer2 (HttpServer2.java:addGlobalFilter(1036)) - Added global filter 'safety' (class=org.apache.hadoop.hdds.server.http.HttpServer2$QuotingInputFilter)
2024-04-26 07:45:56,590 [main] INFO  http.HttpServer2 (HttpServer2.java:addFilter(1012)) - Added filter static_user_filter (class=org.apache.hadoop.http.lib.StaticUserWebFilter$StaticUserFilter) to context hddsDatanode
2024-04-26 07:45:56,590 [main] INFO  http.HttpServer2 (HttpServer2.java:addFilter(1020)) - Added filter static_user_filter (class=org.apache.hadoop.http.lib.StaticUserWebFilter$StaticUserFilter) to context logs
2024-04-26 07:45:56,591 [main] INFO  http.HttpServer2 (HttpServer2.java:addFilter(1020)) - Added filter static_user_filter (class=org.apache.hadoop.http.lib.StaticUserWebFilter$StaticUserFilter) to context static
2024-04-26 07:45:56,591 [main] INFO  http.BaseHttpServer (BaseHttpServer.java:<init>(189)) - HTTP server of hddsDatanode uses base directory /home/runner/work/ozone/ozone/hadoop-ozone/integration-test/target/test-dir/MiniOzoneClusterImpl-864451be-9a12-4508-8431-6d052999593c/ozone-meta/datanode-3/meta/webserver
2024-04-26 07:45:56,591 [main] INFO  http.HttpServer2 (HttpServer2.java:bindListener(1236)) - Jetty bound to port 15472
2024-04-26 07:45:56,591 [main] INFO  server.Server (Server.java:doStart(375)) - jetty-9.4.53.v20231009; built: 2023-10-09T12:29:09.265Z; git: 27bde00a0b95a1d5bbee0eae7984f891d2d0f8c9; jvm 17.0.10+7
2024-04-26 07:45:56,592 [main] INFO  server.session (DefaultSessionIdManager.java:doStart(334)) - DefaultSessionIdManager workerName=node0
2024-04-26 07:45:56,592 [main] INFO  server.session (DefaultSessionIdManager.java:doStart(339)) - No SessionScavenger set, using defaults
2024-04-26 07:45:56,592 [main] INFO  server.session (HouseKeeper.java:startScavenging(132)) - node0 Scavenging every 660000ms
2024-04-26 07:45:56,593 [main] INFO  handler.ContextHandler (ContextHandler.java:doStart(921)) - Started o.e.j.s.ServletContextHandler@62e42995{logs,/logs,file:///home/runner/work/ozone/ozone/hadoop-ozone/integration-test/target/log,AVAILABLE}
2024-04-26 07:45:56,593 [main] INFO  handler.ContextHandler (ContextHandler.java:doStart(921)) - Started o.e.j.s.ServletContextHandler@366164f0{static,/static,file:///home/runner/work/ozone/ozone/hadoop-hdds/container-service/target/classes/webapps/static,AVAILABLE}
2024-04-26 07:45:56,595 [main] INFO  handler.ContextHandler (ContextHandler.java:doStart(921)) - Started o.e.j.w.WebAppContext@12e9ac59{hddsDatanode,/,file:///home/runner/work/ozone/ozone/hadoop-hdds/container-service/target/classes/webapps/hddsDatanode/,AVAILABLE}{file:/home/runner/work/ozone/ozone/hadoop-hdds/container-service/target/classes/webapps/hddsDatanode}
2024-04-26 07:45:56,597 [main] INFO  server.AbstractConnector (AbstractConnector.java:doStart(333)) - Started ServerConnector@4c47f85d{HTTP/1.1, (http/1.1)}{0.0.0.0:15472}
2024-04-26 07:45:56,597 [main] INFO  server.Server (Server.java:doStart(415)) - Started @180305ms
2024-04-26 07:45:56,597 [main] WARN  impl.MetricsSystemImpl (MetricsSystemImpl.java:register(279)) - Sink prometheus already exists!
2024-04-26 07:45:56,597 [main] INFO  http.BaseHttpServer (BaseHttpServer.java:updateConnectorAddress(354)) - HTTP server of hddsDatanode listening at http://0.0.0.0:15472
2024-04-26 07:45:56,598 [main] INFO  ipc.CallQueueManager (CallQueueManager.java:<init>(90)) - Using callQueue: class java.util.concurrent.LinkedBlockingQueue, queueCapacity: 100, scheduler: class org.apache.hadoop.ipc.DefaultRpcScheduler, ipcBackoff: false.
2024-04-26 07:45:56,598 [main] INFO  ipc.Server (Server.java:<init>(1287)) - Listener at 0.0.0.0:15473
2024-04-26 07:45:56,598 [Socket Reader #1 for port 15473] INFO  ipc.Server (Server.java:run(1323)) - Starting Socket Reader #1 for port 15473
2024-04-26 07:45:56,599 [main] INFO  ozone.HddsDatanodeService (HddsDatanodeService.java:start(327)) - Datanode start with admins: [runner]
2024-04-26 07:45:56,599 [main] INFO  ozone.HddsDatanodeClientProtocolServer (HddsDatanodeClientProtocolServer.java:start(77)) - RPC server for Client /0.0.0.0:15473
2024-04-26 07:45:56,599 [IPC Server Responder] INFO  ipc.Server (Server.java:run(1562)) - IPC Server Responder: starting
2024-04-26 07:45:56,603 [IPC Server listener on 15473] INFO  ipc.Server (Server.java:run(1402)) - IPC Server listener on 15473: starting
2024-04-26 07:45:56,603 [main] WARN  dropwizard3.Dm3MetricRegistriesImpl (Dm3MetricRegistriesImpl.java:addReporterRegistration(113)) - New reporters are added after registries were created. Some metrics will be missing from the reporter. Please add reporter before adding any new registry.
2024-04-26 07:45:56,603 [main] WARN  dropwizard3.Dm3MetricRegistriesImpl (Dm3MetricRegistriesImpl.java:addReporterRegistration(113)) - New reporters are added after registries were created. Some metrics will be missing from the reporter. Please add reporter before adding any new registry.
2024-04-26 07:45:56,603 [main] INFO  impl.MetricsSystemImpl (MetricsSystemImpl.java:init(158)) - HddsDatanode metrics system started (again)
2024-04-26 07:45:56,604 [ddce2076-1575-41c9-8de9-fd704b659682-DatanodeStateMachineDaemonThread] INFO  statemachine.DatanodeStateMachine (DatanodeStateMachine.java:lambda$startDaemon$1(555)) - Ozone container server started.
2024-04-26 07:45:56,606 [ddce2076-1575-41c9-8de9-fd704b659682-DatanodeStateMachineTaskThread-0] INFO  datanode.InitDatanodeState (InitDatanodeState.java:persistContainerDatanodeDetails(139)) - DatanodeDetails is persisted to /home/runner/work/ozone/ozone/hadoop-ozone/integration-test/target/test-dir/MiniOzoneClusterImpl-864451be-9a12-4508-8431-6d052999593c/ozone-meta/datanode-3/meta/datanode.id
2024-04-26 07:45:56,612 [main] INFO  ozone.HddsDatanodeService (HddsDatanodeService.java:start(240)) - HddsDatanodeService host:fv-az1107-628.5an5qfagtveezn4vzio0gr3jze.ex.internal.cloudapp.net ip:10.1.0.12
2024-04-26 07:45:56,624 [main] INFO  upgrade.AbstractLayoutVersionManager (AbstractLayoutVersionManager.java:init(83)) - Initializing Layout version manager with metadata layout = HADOOP_PRC_PORTS_IN_DATANODEDETAILS (version = 7), software layout = HADOOP_PRC_PORTS_IN_DATANODEDETAILS (version = 7)
2024-04-26 07:45:56,624 [main] INFO  statemachine.DatanodeStateMachine (DatanodeStateMachine.java:getEndPointTaskThreadPoolSize(299)) - Datanode State Machine Task Thread Pool size 2
2024-04-26 07:45:56,625 [main] INFO  volume.HddsVolume (HddsVolume.java:<init>(126)) - Creating HddsVolume: /home/runner/work/ozone/ozone/hadoop-ozone/integration-test/target/test-dir/MiniOzoneClusterImpl-864451be-9a12-4508-8431-6d052999593c/ozone-meta/datanode-4/data-0/hdds of storage type : DISK capacity : 9223372036854775807
2024-04-26 07:45:56,625 [main] INFO  volume.MutableVolumeSet (MutableVolumeSet.java:initializeVolumeSet(173)) - Added Volume : /home/runner/work/ozone/ozone/hadoop-ozone/integration-test/target/test-dir/MiniOzoneClusterImpl-864451be-9a12-4508-8431-6d052999593c/ozone-meta/datanode-4/data-0/hdds to VolumeSet
2024-04-26 07:45:56,626 [main] INFO  volume.MutableVolumeSet (MutableVolumeSet.java:initializeVolumeSet(173)) - Added Volume : /home/runner/work/ozone/ozone/hadoop-ozone/integration-test/target/test-dir/MiniOzoneClusterImpl-864451be-9a12-4508-8431-6d052999593c/ozone-meta/datanode-4/ratis to VolumeSet
2024-04-26 07:45:56,626 [main] INFO  ozoneimpl.OzoneContainer (HddsVolumeUtil.java:loadAllHddsVolumeDbStore(103)) - Load 1 volumes DbStore cost: 0ms
2024-04-26 07:45:56,627 [main] INFO  server.RaftServer (ConfUtils.java:logGet(46)) - raft.rpc.type = GRPC (default)
2024-04-26 07:45:56,627 [main] INFO  grpc.GrpcConfigKeys (ConfUtils.java:logFallback(53)) - raft.grpc.admin.host = null (fallback to raft.grpc.server.host)
2024-04-26 07:45:56,627 [main] INFO  grpc.GrpcConfigKeys (ConfUtils.java:logGet(46)) - raft.grpc.admin.port = 15485 (custom)
2024-04-26 07:45:56,628 [main] INFO  grpc.GrpcConfigKeys (ConfUtils.java:logFallback(53)) - raft.grpc.client.host = null (fallback to raft.grpc.server.host)
2024-04-26 07:45:56,628 [main] INFO  grpc.GrpcConfigKeys (ConfUtils.java:logGet(46)) - raft.grpc.client.port = 15484 (custom)
2024-04-26 07:45:56,628 [main] INFO  grpc.GrpcConfigKeys (ConfUtils.java:logGet(46)) - raft.grpc.server.host = null (default)
2024-04-26 07:45:56,628 [main] INFO  grpc.GrpcConfigKeys (ConfUtils.java:logGet(46)) - raft.grpc.server.port = 15486 (custom)
2024-04-26 07:45:56,628 [main] INFO  server.GrpcService (ConfUtils.java:logGet(46)) - raft.grpc.message.size.max = 32MB (=33554432) (custom)
2024-04-26 07:45:56,628 [main] INFO  server.RaftServerConfigKeys (ConfUtils.java:logGet(46)) - raft.server.log.appender.buffer.byte-limit = 8388608 (custom)
2024-04-26 07:45:56,628 [main] INFO  server.GrpcService (ConfUtils.java:logGet(46)) - raft.grpc.flow.control.window = 5MB (=5242880) (custom)
2024-04-26 07:45:56,628 [main] INFO  server.RaftServerConfigKeys (ConfUtils.java:logGet(46)) - raft.server.rpc.request.timeout = 3000ms (default)
2024-04-26 07:45:56,628 [main] INFO  grpc.GrpcConfigKeys (ConfUtils.java:logGet(46)) - raft.grpc.server.heartbeat.channel = true (default)
2024-04-26 07:45:56,628 [main] INFO  grpc.GrpcConfigKeys (ConfUtils.java:logGet(46)) - raft.grpc.server.async.request.thread.pool.cached = true (default)
2024-04-26 07:45:56,628 [main] INFO  grpc.GrpcConfigKeys (ConfUtils.java:logGet(46)) - raft.grpc.server.async.request.thread.pool.size = 32 (default)
2024-04-26 07:45:56,630 [main] INFO  impl.DataStreamServerImpl (ConfUtils.java:logGet(46)) - raft.datastream.type = NETTY (custom)
2024-04-26 07:45:56,630 [main] INFO  server.RaftServerConfigKeys (ConfUtils.java:logGet(46)) - raft.server.data-stream.async.request.thread.pool.cached = false (default)
2024-04-26 07:45:56,630 [main] INFO  server.RaftServerConfigKeys (ConfUtils.java:logGet(46)) - raft.server.data-stream.async.request.thread.pool.size = 20 (custom)
2024-04-26 07:45:56,630 [main] INFO  server.RaftServerConfigKeys (ConfUtils.java:logGet(46)) - raft.server.data-stream.async.write.thread.pool.size = 16 (default)
2024-04-26 07:45:56,630 [main] INFO  netty.NettyConfigKeys$DataStream (ConfUtils.java:logGet(46)) - raft.netty.dataStream.server.channel.inactive.grace-period = 10min (default)
2024-04-26 07:45:56,630 [main] INFO  server.RaftServerConfigKeys (ConfUtils.java:logGet(46)) - raft.server.data-stream.client.pool.size = 10 (default)
2024-04-26 07:45:56,631 [main] INFO  netty.NettyConfigKeys$DataStream (ConfUtils.java:logGet(46)) - raft.netty.dataStream.server.use-epoll = true (default)
2024-04-26 07:45:56,631 [main] INFO  netty.NettyConfigKeys$DataStream (ConfUtils.java:logGet(46)) - raft.netty.dataStream.server.boss-group.size = 0 (default)
2024-04-26 07:45:56,631 [main] INFO  netty.NettyUtils (NettyUtils.java:newEventLoopGroup(69)) - Create EpollEventLoopGroup for af10ead5-859f-4a8b-b6c8-c04b91d5a3d5-NettyServerStreamRpc-bossGroup; Thread size is 0.
2024-04-26 07:45:56,631 [main] INFO  netty.NettyConfigKeys$DataStream (ConfUtils.java:logGet(46)) - raft.netty.dataStream.server.worker-group.size = 0 (default)
2024-04-26 07:45:56,631 [main] INFO  netty.NettyUtils (NettyUtils.java:newEventLoopGroup(69)) - Create EpollEventLoopGroup for af10ead5-859f-4a8b-b6c8-c04b91d5a3d5-NettyServerStreamRpc-workerGroup; Thread size is 0.
2024-04-26 07:45:56,631 [main] INFO  netty.NettyConfigKeys$DataStream (ConfUtils.java:logGet(46)) - raft.netty.dataStream.server.tls.conf = null (default)
2024-04-26 07:45:56,631 [main] INFO  netty.NettyConfigKeys$DataStream (ConfUtils.java:logGet(46)) - raft.netty.dataStream.host = null (default)
2024-04-26 07:45:56,632 [main] INFO  netty.NettyConfigKeys$DataStream (ConfUtils.java:logGet(46)) - raft.netty.dataStream.port = 15487 (custom)
2024-04-26 07:45:56,632 [main] INFO  server.RaftServerConfigKeys (ConfUtils.java:logGet(46)) - raft.server.sleep.deviation.threshold = 300ms (default)
2024-04-26 07:45:56,632 [main] INFO  server.RaftServerConfigKeys (ConfUtils.java:logGet(46)) - raft.server.close.threshold = 60s (default)
2024-04-26 07:45:56,632 [main] INFO  server.RaftServerConfigKeys (ConfUtils.java:logGet(46)) - raft.server.leaderelection.leader.step-down.wait-time = 10s (default)
2024-04-26 07:45:56,632 [af10ead5-859f-4a8b-b6c8-c04b91d5a3d5-NettyServerStreamRpc-bossGroup--thread1] INFO  logging.LoggingHandler (AbstractInternalLogger.java:log(148)) - [id: 0xa19678c0] REGISTERED
2024-04-26 07:45:56,632 [main] INFO  server.RaftServerConfigKeys (ConfUtils.java:logGet(46)) - raft.server.storage.dir = [/home/runner/work/ozone/ozone/hadoop-ozone/integration-test/target/test-dir/MiniOzoneClusterImpl-864451be-9a12-4508-8431-6d052999593c/ozone-meta/datanode-4/ratis] (custom)
2024-04-26 07:45:56,632 [af10ead5-859f-4a8b-b6c8-c04b91d5a3d5-NettyServerStreamRpc-bossGroup--thread1] INFO  logging.LoggingHandler (AbstractInternalLogger.java:log(148)) - [id: 0xa19678c0] BIND: 0.0.0.0/0.0.0.0:15487
2024-04-26 07:45:56,632 [main] INFO  server.RaftServerConfigKeys (ConfUtils.java:logGet(46)) - raft.server.threadpool.proxy.cached = true (default)
2024-04-26 07:45:56,633 [af10ead5-859f-4a8b-b6c8-c04b91d5a3d5-NettyServerStreamRpc-bossGroup--thread1] INFO  logging.LoggingHandler (AbstractInternalLogger.java:log(148)) - [id: 0xa19678c0, L:/0.0.0.0:15487] ACTIVE
2024-04-26 07:45:56,633 [main] INFO  server.RaftServerConfigKeys (ConfUtils.java:logGet(46)) - raft.server.threadpool.proxy.size = 0 (default)
2024-04-26 07:45:56,633 [af10ead5-859f-4a8b-b6c8-c04b91d5a3d5-impl-thread1] INFO  server.RaftServer (RaftServerProxy.java:initGroupDir(264)) - af10ead5-859f-4a8b-b6c8-c04b91d5a3d5: found a subdirectory /home/runner/work/ozone/ozone/hadoop-ozone/integration-test/target/test-dir/MiniOzoneClusterImpl-864451be-9a12-4508-8431-6d052999593c/ozone-meta/datanode-4/ratis/tmp
2024-04-26 07:45:56,633 [af10ead5-859f-4a8b-b6c8-c04b91d5a3d5-impl-thread1] INFO  server.RaftServer (RaftServerProxy.java:initGroupDir(269)) - af10ead5-859f-4a8b-b6c8-c04b91d5a3d5: The directory /home/runner/work/ozone/ozone/hadoop-ozone/integration-test/target/test-dir/MiniOzoneClusterImpl-864451be-9a12-4508-8431-6d052999593c/ozone-meta/datanode-4/ratis/tmp is not a group directory; ignoring it. 
2024-04-26 07:45:56,633 [main] INFO  replication.ReplicationServer (ReplicationServer.java:<init>(86)) - Initializing replication server with thread count = 10 queue length = 4096
2024-04-26 07:45:56,634 [main] INFO  server.XceiverServerGrpc (XceiverServerGrpc.java:<init>(141)) - GrpcServer channel type EpollServerSocketChannel
2024-04-26 07:45:56,635 [main] INFO  replication.ReplicationSupervisor (ReplicationSupervisor.java:build(157)) - Initializing replication supervisor with thread count = 10
2024-04-26 07:45:56,635 [main] INFO  replication.ReplicationSupervisor (ReplicationSupervisor.java:nodeStateUpdated(312)) - Node state updated to IN_SERVICE, scaling executor pool size to 10
2024-04-26 07:45:56,636 [main] INFO  http.BaseHttpServer (BaseHttpServer.java:newHttpServer2BuilderForOzone(223)) - Starting Web-server for hddsDatanode at: http://0.0.0.0:15481
2024-04-26 07:45:56,636 [main] INFO  http.BaseHttpServer (BaseHttpServer.java:<init>(110)) - Hadoop Security Enabled: false Ozone Security Enabled: false Ozone HTTP Security Enabled: false 
2024-04-26 07:45:56,637 [main] WARN  server.AuthenticationFilter (AuthenticationFilter.java:constructSecretProvider(240)) - Unable to initialize FileSignerSecretProvider, falling back to use random secrets. Reason: Could not read signature secret file: /home/runner/hadoop-http-auth-signature-secret
2024-04-26 07:45:56,637 [main] INFO  http.HttpRequestLog (HttpRequestLog.java:getRequestLog(86)) - Http request log for http.requests.hddsDatanode is not defined
2024-04-26 07:45:56,638 [main] INFO  http.HttpServer2 (HttpServer2.java:addGlobalFilter(1036)) - Added global filter 'safety' (class=org.apache.hadoop.hdds.server.http.HttpServer2$QuotingInputFilter)
2024-04-26 07:45:56,638 [main] INFO  http.HttpServer2 (HttpServer2.java:addFilter(1012)) - Added filter static_user_filter (class=org.apache.hadoop.http.lib.StaticUserWebFilter$StaticUserFilter) to context hddsDatanode
2024-04-26 07:45:56,638 [main] INFO  http.HttpServer2 (HttpServer2.java:addFilter(1020)) - Added filter static_user_filter (class=org.apache.hadoop.http.lib.StaticUserWebFilter$StaticUserFilter) to context static
2024-04-26 07:45:56,638 [main] INFO  http.HttpServer2 (HttpServer2.java:addFilter(1020)) - Added filter static_user_filter (class=org.apache.hadoop.http.lib.StaticUserWebFilter$StaticUserFilter) to context logs
2024-04-26 07:45:56,639 [main] INFO  http.BaseHttpServer (BaseHttpServer.java:<init>(189)) - HTTP server of hddsDatanode uses base directory /home/runner/work/ozone/ozone/hadoop-ozone/integration-test/target/test-dir/MiniOzoneClusterImpl-864451be-9a12-4508-8431-6d052999593c/ozone-meta/datanode-4/meta/webserver
2024-04-26 07:45:56,639 [main] INFO  http.HttpServer2 (HttpServer2.java:bindListener(1236)) - Jetty bound to port 15481
2024-04-26 07:45:56,639 [main] INFO  server.Server (Server.java:doStart(375)) - jetty-9.4.53.v20231009; built: 2023-10-09T12:29:09.265Z; git: 27bde00a0b95a1d5bbee0eae7984f891d2d0f8c9; jvm 17.0.10+7
2024-04-26 07:45:56,640 [main] INFO  server.session (DefaultSessionIdManager.java:doStart(334)) - DefaultSessionIdManager workerName=node0
2024-04-26 07:45:56,640 [main] INFO  server.session (DefaultSessionIdManager.java:doStart(339)) - No SessionScavenger set, using defaults
2024-04-26 07:45:56,640 [main] INFO  server.session (HouseKeeper.java:startScavenging(132)) - node0 Scavenging every 660000ms
2024-04-26 07:45:56,641 [main] INFO  handler.ContextHandler (ContextHandler.java:doStart(921)) - Started o.e.j.s.ServletContextHandler@6dd835de{logs,/logs,file:///home/runner/work/ozone/ozone/hadoop-ozone/integration-test/target/log,AVAILABLE}
2024-04-26 07:45:56,641 [main] INFO  handler.ContextHandler (ContextHandler.java:doStart(921)) - Started o.e.j.s.ServletContextHandler@1914bfa1{static,/static,file:///home/runner/work/ozone/ozone/hadoop-hdds/container-service/target/classes/webapps/static,AVAILABLE}
2024-04-26 07:45:56,643 [main] INFO  handler.ContextHandler (ContextHandler.java:doStart(921)) - Started o.e.j.w.WebAppContext@3825eb27{hddsDatanode,/,file:///home/runner/work/ozone/ozone/hadoop-hdds/container-service/target/classes/webapps/hddsDatanode/,AVAILABLE}{file:/home/runner/work/ozone/ozone/hadoop-hdds/container-service/target/classes/webapps/hddsDatanode}
2024-04-26 07:45:56,644 [main] INFO  server.AbstractConnector (AbstractConnector.java:doStart(333)) - Started ServerConnector@61642225{HTTP/1.1, (http/1.1)}{0.0.0.0:15481}
2024-04-26 07:45:56,644 [main] INFO  server.Server (Server.java:doStart(415)) - Started @180352ms
2024-04-26 07:45:56,644 [main] WARN  impl.MetricsSystemImpl (MetricsSystemImpl.java:register(279)) - Sink prometheus already exists!
2024-04-26 07:45:56,644 [main] INFO  http.BaseHttpServer (BaseHttpServer.java:updateConnectorAddress(354)) - HTTP server of hddsDatanode listening at http://0.0.0.0:15481
2024-04-26 07:45:56,644 [main] INFO  ipc.CallQueueManager (CallQueueManager.java:<init>(90)) - Using callQueue: class java.util.concurrent.LinkedBlockingQueue, queueCapacity: 100, scheduler: class org.apache.hadoop.ipc.DefaultRpcScheduler, ipcBackoff: false.
2024-04-26 07:45:56,645 [main] INFO  ipc.Server (Server.java:<init>(1287)) - Listener at 0.0.0.0:15482
2024-04-26 07:45:56,645 [Socket Reader #1 for port 15482] INFO  ipc.Server (Server.java:run(1323)) - Starting Socket Reader #1 for port 15482
2024-04-26 07:45:56,646 [main] INFO  ozone.HddsDatanodeService (HddsDatanodeService.java:start(327)) - Datanode start with admins: [runner]
2024-04-26 07:45:56,646 [main] INFO  ozone.HddsDatanodeClientProtocolServer (HddsDatanodeClientProtocolServer.java:start(77)) - RPC server for Client /0.0.0.0:15482
2024-04-26 07:45:56,646 [IPC Server Responder] INFO  ipc.Server (Server.java:run(1562)) - IPC Server Responder: starting
2024-04-26 07:45:56,646 [IPC Server listener on 15482] INFO  ipc.Server (Server.java:run(1402)) - IPC Server listener on 15482: starting
2024-04-26 07:45:56,647 [af10ead5-859f-4a8b-b6c8-c04b91d5a3d5-DatanodeStateMachineDaemonThread] INFO  statemachine.DatanodeStateMachine (DatanodeStateMachine.java:lambda$startDaemon$1(555)) - Ozone container server started.
2024-04-26 07:45:56,647 [main] WARN  dropwizard3.Dm3MetricRegistriesImpl (Dm3MetricRegistriesImpl.java:addReporterRegistration(113)) - New reporters are added after registries were created. Some metrics will be missing from the reporter. Please add reporter before adding any new registry.
2024-04-26 07:45:56,647 [main] WARN  dropwizard3.Dm3MetricRegistriesImpl (Dm3MetricRegistriesImpl.java:addReporterRegistration(113)) - New reporters are added after registries were created. Some metrics will be missing from the reporter. Please add reporter before adding any new registry.
2024-04-26 07:45:56,647 [main] INFO  impl.MetricsSystemImpl (MetricsSystemImpl.java:init(158)) - HddsDatanode metrics system started (again)
2024-04-26 07:45:56,650 [af10ead5-859f-4a8b-b6c8-c04b91d5a3d5-DatanodeStateMachineTaskThread-0] INFO  datanode.InitDatanodeState (InitDatanodeState.java:persistContainerDatanodeDetails(139)) - DatanodeDetails is persisted to /home/runner/work/ozone/ozone/hadoop-ozone/integration-test/target/test-dir/MiniOzoneClusterImpl-864451be-9a12-4508-8431-6d052999593c/ozone-meta/datanode-4/meta/datanode.id
2024-04-26 07:45:56,656 [main] INFO  ozone.HddsDatanodeService (HddsDatanodeService.java:start(240)) - HddsDatanodeService host:fv-az1107-628.5an5qfagtveezn4vzio0gr3jze.ex.internal.cloudapp.net ip:10.1.0.12
2024-04-26 07:45:56,668 [main] INFO  upgrade.AbstractLayoutVersionManager (AbstractLayoutVersionManager.java:init(83)) - Initializing Layout version manager with metadata layout = HADOOP_PRC_PORTS_IN_DATANODEDETAILS (version = 7), software layout = HADOOP_PRC_PORTS_IN_DATANODEDETAILS (version = 7)
2024-04-26 07:45:56,668 [main] INFO  statemachine.DatanodeStateMachine (DatanodeStateMachine.java:getEndPointTaskThreadPoolSize(299)) - Datanode State Machine Task Thread Pool size 2
2024-04-26 07:45:56,669 [main] INFO  volume.HddsVolume (HddsVolume.java:<init>(126)) - Creating HddsVolume: /home/runner/work/ozone/ozone/hadoop-ozone/integration-test/target/test-dir/MiniOzoneClusterImpl-864451be-9a12-4508-8431-6d052999593c/ozone-meta/datanode-5/data-0/hdds of storage type : DISK capacity : 9223372036854775807
2024-04-26 07:45:56,669 [main] INFO  volume.MutableVolumeSet (MutableVolumeSet.java:initializeVolumeSet(173)) - Added Volume : /home/runner/work/ozone/ozone/hadoop-ozone/integration-test/target/test-dir/MiniOzoneClusterImpl-864451be-9a12-4508-8431-6d052999593c/ozone-meta/datanode-5/data-0/hdds to VolumeSet
2024-04-26 07:45:56,669 [main] INFO  volume.MutableVolumeSet (MutableVolumeSet.java:initializeVolumeSet(173)) - Added Volume : /home/runner/work/ozone/ozone/hadoop-ozone/integration-test/target/test-dir/MiniOzoneClusterImpl-864451be-9a12-4508-8431-6d052999593c/ozone-meta/datanode-5/ratis to VolumeSet
2024-04-26 07:45:56,670 [main] INFO  ozoneimpl.OzoneContainer (HddsVolumeUtil.java:loadAllHddsVolumeDbStore(103)) - Load 1 volumes DbStore cost: 0ms
2024-04-26 07:45:56,671 [main] INFO  server.RaftServer (ConfUtils.java:logGet(46)) - raft.rpc.type = GRPC (default)
2024-04-26 07:45:56,671 [main] INFO  grpc.GrpcConfigKeys (ConfUtils.java:logFallback(53)) - raft.grpc.admin.host = null (fallback to raft.grpc.server.host)
2024-04-26 07:45:56,671 [main] INFO  grpc.GrpcConfigKeys (ConfUtils.java:logGet(46)) - raft.grpc.admin.port = 15494 (custom)
2024-04-26 07:45:56,671 [main] INFO  grpc.GrpcConfigKeys (ConfUtils.java:logFallback(53)) - raft.grpc.client.host = null (fallback to raft.grpc.server.host)
2024-04-26 07:45:56,671 [main] INFO  grpc.GrpcConfigKeys (ConfUtils.java:logGet(46)) - raft.grpc.client.port = 15493 (custom)
2024-04-26 07:45:56,671 [main] INFO  grpc.GrpcConfigKeys (ConfUtils.java:logGet(46)) - raft.grpc.server.host = null (default)
2024-04-26 07:45:56,671 [main] INFO  grpc.GrpcConfigKeys (ConfUtils.java:logGet(46)) - raft.grpc.server.port = 15495 (custom)
2024-04-26 07:45:56,671 [main] INFO  server.GrpcService (ConfUtils.java:logGet(46)) - raft.grpc.message.size.max = 32MB (=33554432) (custom)
2024-04-26 07:45:56,672 [main] INFO  server.RaftServerConfigKeys (ConfUtils.java:logGet(46)) - raft.server.log.appender.buffer.byte-limit = 8388608 (custom)
2024-04-26 07:45:56,672 [main] INFO  server.GrpcService (ConfUtils.java:logGet(46)) - raft.grpc.flow.control.window = 5MB (=5242880) (custom)
2024-04-26 07:45:56,672 [main] INFO  server.RaftServerConfigKeys (ConfUtils.java:logGet(46)) - raft.server.rpc.request.timeout = 3000ms (default)
2024-04-26 07:45:56,672 [main] INFO  grpc.GrpcConfigKeys (ConfUtils.java:logGet(46)) - raft.grpc.server.heartbeat.channel = true (default)
2024-04-26 07:45:56,672 [main] INFO  grpc.GrpcConfigKeys (ConfUtils.java:logGet(46)) - raft.grpc.server.async.request.thread.pool.cached = true (default)
2024-04-26 07:45:56,672 [main] INFO  grpc.GrpcConfigKeys (ConfUtils.java:logGet(46)) - raft.grpc.server.async.request.thread.pool.size = 32 (default)
2024-04-26 07:45:56,673 [main] INFO  impl.DataStreamServerImpl (ConfUtils.java:logGet(46)) - raft.datastream.type = NETTY (custom)
2024-04-26 07:45:56,674 [main] INFO  server.RaftServerConfigKeys (ConfUtils.java:logGet(46)) - raft.server.data-stream.async.request.thread.pool.cached = false (default)
2024-04-26 07:45:56,674 [main] INFO  server.RaftServerConfigKeys (ConfUtils.java:logGet(46)) - raft.server.data-stream.async.request.thread.pool.size = 20 (custom)
2024-04-26 07:45:56,674 [main] INFO  server.RaftServerConfigKeys (ConfUtils.java:logGet(46)) - raft.server.data-stream.async.write.thread.pool.size = 16 (default)
2024-04-26 07:45:56,674 [main] INFO  netty.NettyConfigKeys$DataStream (ConfUtils.java:logGet(46)) - raft.netty.dataStream.server.channel.inactive.grace-period = 10min (default)
2024-04-26 07:45:56,674 [main] INFO  server.RaftServerConfigKeys (ConfUtils.java:logGet(46)) - raft.server.data-stream.client.pool.size = 10 (default)
2024-04-26 07:45:56,674 [main] INFO  netty.NettyConfigKeys$DataStream (ConfUtils.java:logGet(46)) - raft.netty.dataStream.server.use-epoll = true (default)
2024-04-26 07:45:56,674 [main] INFO  netty.NettyConfigKeys$DataStream (ConfUtils.java:logGet(46)) - raft.netty.dataStream.server.boss-group.size = 0 (default)
2024-04-26 07:45:56,674 [main] INFO  netty.NettyUtils (NettyUtils.java:newEventLoopGroup(69)) - Create EpollEventLoopGroup for 136604f8-4e12-4782-a33c-8f17bffa1c2c-NettyServerStreamRpc-bossGroup; Thread size is 0.
2024-04-26 07:45:56,674 [main] INFO  netty.NettyConfigKeys$DataStream (ConfUtils.java:logGet(46)) - raft.netty.dataStream.server.worker-group.size = 0 (default)
2024-04-26 07:45:56,674 [main] INFO  netty.NettyUtils (NettyUtils.java:newEventLoopGroup(69)) - Create EpollEventLoopGroup for 136604f8-4e12-4782-a33c-8f17bffa1c2c-NettyServerStreamRpc-workerGroup; Thread size is 0.
2024-04-26 07:45:56,675 [main] INFO  netty.NettyConfigKeys$DataStream (ConfUtils.java:logGet(46)) - raft.netty.dataStream.server.tls.conf = null (default)
2024-04-26 07:45:56,675 [main] INFO  netty.NettyConfigKeys$DataStream (ConfUtils.java:logGet(46)) - raft.netty.dataStream.host = null (default)
2024-04-26 07:45:56,675 [main] INFO  netty.NettyConfigKeys$DataStream (ConfUtils.java:logGet(46)) - raft.netty.dataStream.port = 15496 (custom)
2024-04-26 07:45:56,675 [main] INFO  server.RaftServerConfigKeys (ConfUtils.java:logGet(46)) - raft.server.sleep.deviation.threshold = 300ms (default)
2024-04-26 07:45:56,675 [main] INFO  server.RaftServerConfigKeys (ConfUtils.java:logGet(46)) - raft.server.close.threshold = 60s (default)
2024-04-26 07:45:56,675 [main] INFO  server.RaftServerConfigKeys (ConfUtils.java:logGet(46)) - raft.server.leaderelection.leader.step-down.wait-time = 10s (default)
2024-04-26 07:45:56,675 [main] INFO  server.RaftServerConfigKeys (ConfUtils.java:logGet(46)) - raft.server.storage.dir = [/home/runner/work/ozone/ozone/hadoop-ozone/integration-test/target/test-dir/MiniOzoneClusterImpl-864451be-9a12-4508-8431-6d052999593c/ozone-meta/datanode-5/ratis] (custom)
2024-04-26 07:45:56,675 [main] INFO  server.RaftServerConfigKeys (ConfUtils.java:logGet(46)) - raft.server.threadpool.proxy.cached = true (default)
2024-04-26 07:45:56,675 [main] INFO  server.RaftServerConfigKeys (ConfUtils.java:logGet(46)) - raft.server.threadpool.proxy.size = 0 (default)
2024-04-26 07:45:56,675 [136604f8-4e12-4782-a33c-8f17bffa1c2c-NettyServerStreamRpc-bossGroup--thread1] INFO  logging.LoggingHandler (AbstractInternalLogger.java:log(148)) - [id: 0xc7276f1f] REGISTERED
2024-04-26 07:45:56,676 [136604f8-4e12-4782-a33c-8f17bffa1c2c-NettyServerStreamRpc-bossGroup--thread1] INFO  logging.LoggingHandler (AbstractInternalLogger.java:log(148)) - [id: 0xc7276f1f] BIND: 0.0.0.0/0.0.0.0:15496
2024-04-26 07:45:56,676 [136604f8-4e12-4782-a33c-8f17bffa1c2c-NettyServerStreamRpc-bossGroup--thread1] INFO  logging.LoggingHandler (AbstractInternalLogger.java:log(148)) - [id: 0xc7276f1f, L:/0.0.0.0:15496] ACTIVE
2024-04-26 07:45:56,676 [136604f8-4e12-4782-a33c-8f17bffa1c2c-impl-thread1] INFO  server.RaftServer (RaftServerProxy.java:initGroupDir(264)) - 136604f8-4e12-4782-a33c-8f17bffa1c2c: found a subdirectory /home/runner/work/ozone/ozone/hadoop-ozone/integration-test/target/test-dir/MiniOzoneClusterImpl-864451be-9a12-4508-8431-6d052999593c/ozone-meta/datanode-5/ratis/tmp
2024-04-26 07:45:56,676 [136604f8-4e12-4782-a33c-8f17bffa1c2c-impl-thread1] INFO  server.RaftServer (RaftServerProxy.java:initGroupDir(269)) - 136604f8-4e12-4782-a33c-8f17bffa1c2c: The directory /home/runner/work/ozone/ozone/hadoop-ozone/integration-test/target/test-dir/MiniOzoneClusterImpl-864451be-9a12-4508-8431-6d052999593c/ozone-meta/datanode-5/ratis/tmp is not a group directory; ignoring it. 
2024-04-26 07:45:56,676 [main] INFO  replication.ReplicationServer (ReplicationServer.java:<init>(86)) - Initializing replication server with thread count = 10 queue length = 4096
2024-04-26 07:45:56,677 [main] INFO  server.XceiverServerGrpc (XceiverServerGrpc.java:<init>(141)) - GrpcServer channel type EpollServerSocketChannel
2024-04-26 07:45:56,678 [main] INFO  replication.ReplicationSupervisor (ReplicationSupervisor.java:build(157)) - Initializing replication supervisor with thread count = 10
2024-04-26 07:45:56,678 [main] INFO  replication.ReplicationSupervisor (ReplicationSupervisor.java:nodeStateUpdated(312)) - Node state updated to IN_SERVICE, scaling executor pool size to 10
2024-04-26 07:45:56,679 [main] INFO  http.BaseHttpServer (BaseHttpServer.java:newHttpServer2BuilderForOzone(223)) - Starting Web-server for hddsDatanode at: http://0.0.0.0:15490
2024-04-26 07:45:56,679 [main] INFO  http.BaseHttpServer (BaseHttpServer.java:<init>(110)) - Hadoop Security Enabled: false Ozone Security Enabled: false Ozone HTTP Security Enabled: false 
2024-04-26 07:45:56,680 [main] WARN  server.AuthenticationFilter (AuthenticationFilter.java:constructSecretProvider(240)) - Unable to initialize FileSignerSecretProvider, falling back to use random secrets. Reason: Could not read signature secret file: /home/runner/hadoop-http-auth-signature-secret
2024-04-26 07:45:56,680 [main] INFO  http.HttpRequestLog (HttpRequestLog.java:getRequestLog(86)) - Http request log for http.requests.hddsDatanode is not defined
2024-04-26 07:45:56,681 [main] INFO  http.HttpServer2 (HttpServer2.java:addGlobalFilter(1036)) - Added global filter 'safety' (class=org.apache.hadoop.hdds.server.http.HttpServer2$QuotingInputFilter)
2024-04-26 07:45:56,681 [main] INFO  http.HttpServer2 (HttpServer2.java:addFilter(1012)) - Added filter static_user_filter (class=org.apache.hadoop.http.lib.StaticUserWebFilter$StaticUserFilter) to context hddsDatanode
2024-04-26 07:45:56,681 [main] INFO  http.HttpServer2 (HttpServer2.java:addFilter(1020)) - Added filter static_user_filter (class=org.apache.hadoop.http.lib.StaticUserWebFilter$StaticUserFilter) to context static
2024-04-26 07:45:56,681 [main] INFO  http.HttpServer2 (HttpServer2.java:addFilter(1020)) - Added filter static_user_filter (class=org.apache.hadoop.http.lib.StaticUserWebFilter$StaticUserFilter) to context logs
2024-04-26 07:45:56,681 [main] INFO  http.BaseHttpServer (BaseHttpServer.java:<init>(189)) - HTTP server of hddsDatanode uses base directory /home/runner/work/ozone/ozone/hadoop-ozone/integration-test/target/test-dir/MiniOzoneClusterImpl-864451be-9a12-4508-8431-6d052999593c/ozone-meta/datanode-5/meta/webserver
2024-04-26 07:45:56,682 [main] INFO  http.HttpServer2 (HttpServer2.java:bindListener(1236)) - Jetty bound to port 15490
2024-04-26 07:45:56,682 [main] INFO  server.Server (Server.java:doStart(375)) - jetty-9.4.53.v20231009; built: 2023-10-09T12:29:09.265Z; git: 27bde00a0b95a1d5bbee0eae7984f891d2d0f8c9; jvm 17.0.10+7
2024-04-26 07:45:56,682 [main] INFO  server.session (DefaultSessionIdManager.java:doStart(334)) - DefaultSessionIdManager workerName=node0
2024-04-26 07:45:56,683 [main] INFO  server.session (DefaultSessionIdManager.java:doStart(339)) - No SessionScavenger set, using defaults
2024-04-26 07:45:56,683 [main] INFO  server.session (HouseKeeper.java:startScavenging(132)) - node0 Scavenging every 600000ms
2024-04-26 07:45:56,683 [main] INFO  handler.ContextHandler (ContextHandler.java:doStart(921)) - Started o.e.j.s.ServletContextHandler@275e7b06{logs,/logs,file:///home/runner/work/ozone/ozone/hadoop-ozone/integration-test/target/log,AVAILABLE}
2024-04-26 07:45:56,683 [main] INFO  handler.ContextHandler (ContextHandler.java:doStart(921)) - Started o.e.j.s.ServletContextHandler@195368e2{static,/static,file:///home/runner/work/ozone/ozone/hadoop-hdds/container-service/target/classes/webapps/static,AVAILABLE}
2024-04-26 07:45:56,686 [main] INFO  handler.ContextHandler (ContextHandler.java:doStart(921)) - Started o.e.j.w.WebAppContext@765569a4{hddsDatanode,/,file:///home/runner/work/ozone/ozone/hadoop-hdds/container-service/target/classes/webapps/hddsDatanode/,AVAILABLE}{file:/home/runner/work/ozone/ozone/hadoop-hdds/container-service/target/classes/webapps/hddsDatanode}
2024-04-26 07:45:56,686 [main] INFO  server.AbstractConnector (AbstractConnector.java:doStart(333)) - Started ServerConnector@68a08d18{HTTP/1.1, (http/1.1)}{0.0.0.0:15490}
2024-04-26 07:45:56,686 [main] INFO  server.Server (Server.java:doStart(415)) - Started @180395ms
2024-04-26 07:45:56,686 [main] WARN  impl.MetricsSystemImpl (MetricsSystemImpl.java:register(279)) - Sink prometheus already exists!
2024-04-26 07:45:56,686 [main] INFO  http.BaseHttpServer (BaseHttpServer.java:updateConnectorAddress(354)) - HTTP server of hddsDatanode listening at http://0.0.0.0:15490
2024-04-26 07:45:56,687 [main] INFO  ipc.CallQueueManager (CallQueueManager.java:<init>(90)) - Using callQueue: class java.util.concurrent.LinkedBlockingQueue, queueCapacity: 100, scheduler: class org.apache.hadoop.ipc.DefaultRpcScheduler, ipcBackoff: false.
2024-04-26 07:45:56,687 [main] INFO  ipc.Server (Server.java:<init>(1287)) - Listener at 0.0.0.0:15491
2024-04-26 07:45:56,687 [Socket Reader #1 for port 15491] INFO  ipc.Server (Server.java:run(1323)) - Starting Socket Reader #1 for port 15491
2024-04-26 07:45:56,688 [main] INFO  ozone.HddsDatanodeService (HddsDatanodeService.java:start(327)) - Datanode start with admins: [runner]
2024-04-26 07:45:56,688 [main] INFO  ozone.HddsDatanodeClientProtocolServer (HddsDatanodeClientProtocolServer.java:start(77)) - RPC server for Client /0.0.0.0:15491
2024-04-26 07:45:56,688 [IPC Server Responder] INFO  ipc.Server (Server.java:run(1562)) - IPC Server Responder: starting
2024-04-26 07:45:56,688 [IPC Server listener on 15491] INFO  ipc.Server (Server.java:run(1402)) - IPC Server listener on 15491: starting
2024-04-26 07:45:56,695 [136604f8-4e12-4782-a33c-8f17bffa1c2c-DatanodeStateMachineDaemonThread] INFO  statemachine.DatanodeStateMachine (DatanodeStateMachine.java:lambda$startDaemon$1(555)) - Ozone container server started.
2024-04-26 07:45:56,695 [main] WARN  dropwizard3.Dm3MetricRegistriesImpl (Dm3MetricRegistriesImpl.java:addReporterRegistration(113)) - New reporters are added after registries were created. Some metrics will be missing from the reporter. Please add reporter before adding any new registry.
2024-04-26 07:45:56,695 [main] WARN  dropwizard3.Dm3MetricRegistriesImpl (Dm3MetricRegistriesImpl.java:addReporterRegistration(113)) - New reporters are added after registries were created. Some metrics will be missing from the reporter. Please add reporter before adding any new registry.
2024-04-26 07:45:56,695 [main] INFO  impl.MetricsSystemImpl (MetricsSystemImpl.java:init(158)) - HddsDatanode metrics system started (again)
2024-04-26 07:45:56,700 [136604f8-4e12-4782-a33c-8f17bffa1c2c-DatanodeStateMachineTaskThread-0] INFO  datanode.InitDatanodeState (InitDatanodeState.java:persistContainerDatanodeDetails(139)) - DatanodeDetails is persisted to /home/runner/work/ozone/ozone/hadoop-ozone/integration-test/target/test-dir/MiniOzoneClusterImpl-864451be-9a12-4508-8431-6d052999593c/ozone-meta/datanode-5/meta/datanode.id
2024-04-26 07:45:56,703 [main] INFO  ozone.HddsDatanodeService (HddsDatanodeService.java:start(240)) - HddsDatanodeService host:fv-az1107-628.5an5qfagtveezn4vzio0gr3jze.ex.internal.cloudapp.net ip:10.1.0.12
2024-04-26 07:45:56,716 [main] INFO  upgrade.AbstractLayoutVersionManager (AbstractLayoutVersionManager.java:init(83)) - Initializing Layout version manager with metadata layout = HADOOP_PRC_PORTS_IN_DATANODEDETAILS (version = 7), software layout = HADOOP_PRC_PORTS_IN_DATANODEDETAILS (version = 7)
2024-04-26 07:45:56,717 [main] INFO  statemachine.DatanodeStateMachine (DatanodeStateMachine.java:getEndPointTaskThreadPoolSize(299)) - Datanode State Machine Task Thread Pool size 2
2024-04-26 07:45:56,717 [main] INFO  volume.HddsVolume (HddsVolume.java:<init>(126)) - Creating HddsVolume: /home/runner/work/ozone/ozone/hadoop-ozone/integration-test/target/test-dir/MiniOzoneClusterImpl-864451be-9a12-4508-8431-6d052999593c/ozone-meta/datanode-6/data-0/hdds of storage type : DISK capacity : 9223372036854775807
2024-04-26 07:45:56,717 [main] INFO  volume.MutableVolumeSet (MutableVolumeSet.java:initializeVolumeSet(173)) - Added Volume : /home/runner/work/ozone/ozone/hadoop-ozone/integration-test/target/test-dir/MiniOzoneClusterImpl-864451be-9a12-4508-8431-6d052999593c/ozone-meta/datanode-6/data-0/hdds to VolumeSet
2024-04-26 07:45:56,718 [main] INFO  volume.MutableVolumeSet (MutableVolumeSet.java:initializeVolumeSet(173)) - Added Volume : /home/runner/work/ozone/ozone/hadoop-ozone/integration-test/target/test-dir/MiniOzoneClusterImpl-864451be-9a12-4508-8431-6d052999593c/ozone-meta/datanode-6/ratis to VolumeSet
2024-04-26 07:45:56,718 [main] INFO  ozoneimpl.OzoneContainer (HddsVolumeUtil.java:loadAllHddsVolumeDbStore(103)) - Load 1 volumes DbStore cost: 0ms
2024-04-26 07:45:56,719 [main] INFO  server.RaftServer (ConfUtils.java:logGet(46)) - raft.rpc.type = GRPC (default)
2024-04-26 07:45:56,719 [main] INFO  grpc.GrpcConfigKeys (ConfUtils.java:logFallback(53)) - raft.grpc.admin.host = null (fallback to raft.grpc.server.host)
2024-04-26 07:45:56,720 [main] INFO  grpc.GrpcConfigKeys (ConfUtils.java:logGet(46)) - raft.grpc.admin.port = 15503 (custom)
2024-04-26 07:45:56,720 [main] INFO  grpc.GrpcConfigKeys (ConfUtils.java:logFallback(53)) - raft.grpc.client.host = null (fallback to raft.grpc.server.host)
2024-04-26 07:45:56,720 [main] INFO  grpc.GrpcConfigKeys (ConfUtils.java:logGet(46)) - raft.grpc.client.port = 15502 (custom)
2024-04-26 07:45:56,720 [main] INFO  grpc.GrpcConfigKeys (ConfUtils.java:logGet(46)) - raft.grpc.server.host = null (default)
2024-04-26 07:45:56,720 [main] INFO  grpc.GrpcConfigKeys (ConfUtils.java:logGet(46)) - raft.grpc.server.port = 15504 (custom)
2024-04-26 07:45:56,720 [main] INFO  server.GrpcService (ConfUtils.java:logGet(46)) - raft.grpc.message.size.max = 32MB (=33554432) (custom)
2024-04-26 07:45:56,720 [main] INFO  server.RaftServerConfigKeys (ConfUtils.java:logGet(46)) - raft.server.log.appender.buffer.byte-limit = 8388608 (custom)
2024-04-26 07:45:56,720 [main] INFO  server.GrpcService (ConfUtils.java:logGet(46)) - raft.grpc.flow.control.window = 5MB (=5242880) (custom)
2024-04-26 07:45:56,720 [main] INFO  server.RaftServerConfigKeys (ConfUtils.java:logGet(46)) - raft.server.rpc.request.timeout = 3000ms (default)
2024-04-26 07:45:56,720 [main] INFO  grpc.GrpcConfigKeys (ConfUtils.java:logGet(46)) - raft.grpc.server.heartbeat.channel = true (default)
2024-04-26 07:45:56,721 [main] INFO  grpc.GrpcConfigKeys (ConfUtils.java:logGet(46)) - raft.grpc.server.async.request.thread.pool.cached = true (default)
2024-04-26 07:45:56,721 [main] INFO  grpc.GrpcConfigKeys (ConfUtils.java:logGet(46)) - raft.grpc.server.async.request.thread.pool.size = 32 (default)
2024-04-26 07:45:56,722 [main] INFO  impl.DataStreamServerImpl (ConfUtils.java:logGet(46)) - raft.datastream.type = NETTY (custom)
2024-04-26 07:45:56,722 [main] INFO  server.RaftServerConfigKeys (ConfUtils.java:logGet(46)) - raft.server.data-stream.async.request.thread.pool.cached = false (default)
2024-04-26 07:45:56,722 [main] INFO  server.RaftServerConfigKeys (ConfUtils.java:logGet(46)) - raft.server.data-stream.async.request.thread.pool.size = 20 (custom)
2024-04-26 07:45:56,723 [main] INFO  server.RaftServerConfigKeys (ConfUtils.java:logGet(46)) - raft.server.data-stream.async.write.thread.pool.size = 16 (default)
2024-04-26 07:45:56,723 [main] INFO  netty.NettyConfigKeys$DataStream (ConfUtils.java:logGet(46)) - raft.netty.dataStream.server.channel.inactive.grace-period = 10min (default)
2024-04-26 07:45:56,723 [main] INFO  server.RaftServerConfigKeys (ConfUtils.java:logGet(46)) - raft.server.data-stream.client.pool.size = 10 (default)
2024-04-26 07:45:56,723 [main] INFO  netty.NettyConfigKeys$DataStream (ConfUtils.java:logGet(46)) - raft.netty.dataStream.server.use-epoll = true (default)
2024-04-26 07:45:56,723 [main] INFO  netty.NettyConfigKeys$DataStream (ConfUtils.java:logGet(46)) - raft.netty.dataStream.server.boss-group.size = 0 (default)
2024-04-26 07:45:56,723 [main] INFO  netty.NettyUtils (NettyUtils.java:newEventLoopGroup(69)) - Create EpollEventLoopGroup for 36c84ee5-0fcd-4ea2-b6d6-812b1364d576-NettyServerStreamRpc-bossGroup; Thread size is 0.
2024-04-26 07:45:56,723 [main] INFO  netty.NettyConfigKeys$DataStream (ConfUtils.java:logGet(46)) - raft.netty.dataStream.server.worker-group.size = 0 (default)
2024-04-26 07:45:56,723 [main] INFO  netty.NettyUtils (NettyUtils.java:newEventLoopGroup(69)) - Create EpollEventLoopGroup for 36c84ee5-0fcd-4ea2-b6d6-812b1364d576-NettyServerStreamRpc-workerGroup; Thread size is 0.
2024-04-26 07:45:56,724 [main] INFO  netty.NettyConfigKeys$DataStream (ConfUtils.java:logGet(46)) - raft.netty.dataStream.server.tls.conf = null (default)
2024-04-26 07:45:56,724 [main] INFO  netty.NettyConfigKeys$DataStream (ConfUtils.java:logGet(46)) - raft.netty.dataStream.host = null (default)
2024-04-26 07:45:56,724 [main] INFO  netty.NettyConfigKeys$DataStream (ConfUtils.java:logGet(46)) - raft.netty.dataStream.port = 15505 (custom)
2024-04-26 07:45:56,724 [main] INFO  server.RaftServerConfigKeys (ConfUtils.java:logGet(46)) - raft.server.sleep.deviation.threshold = 300ms (default)
2024-04-26 07:45:56,724 [main] INFO  server.RaftServerConfigKeys (ConfUtils.java:logGet(46)) - raft.server.close.threshold = 60s (default)
2024-04-26 07:45:56,724 [main] INFO  server.RaftServerConfigKeys (ConfUtils.java:logGet(46)) - raft.server.leaderelection.leader.step-down.wait-time = 10s (default)
2024-04-26 07:45:56,724 [36c84ee5-0fcd-4ea2-b6d6-812b1364d576-NettyServerStreamRpc-bossGroup--thread1] INFO  logging.LoggingHandler (AbstractInternalLogger.java:log(148)) - [id: 0xbd95f03b] REGISTERED
2024-04-26 07:45:56,725 [main] INFO  server.RaftServerConfigKeys (ConfUtils.java:logGet(46)) - raft.server.storage.dir = [/home/runner/work/ozone/ozone/hadoop-ozone/integration-test/target/test-dir/MiniOzoneClusterImpl-864451be-9a12-4508-8431-6d052999593c/ozone-meta/datanode-6/ratis] (custom)
2024-04-26 07:45:56,725 [main] INFO  server.RaftServerConfigKeys (ConfUtils.java:logGet(46)) - raft.server.threadpool.proxy.cached = true (default)
2024-04-26 07:45:56,725 [main] INFO  server.RaftServerConfigKeys (ConfUtils.java:logGet(46)) - raft.server.threadpool.proxy.size = 0 (default)
2024-04-26 07:45:56,725 [36c84ee5-0fcd-4ea2-b6d6-812b1364d576-NettyServerStreamRpc-bossGroup--thread1] INFO  logging.LoggingHandler (AbstractInternalLogger.java:log(148)) - [id: 0xbd95f03b] BIND: 0.0.0.0/0.0.0.0:15505
2024-04-26 07:45:56,725 [36c84ee5-0fcd-4ea2-b6d6-812b1364d576-NettyServerStreamRpc-bossGroup--thread1] INFO  logging.LoggingHandler (AbstractInternalLogger.java:log(148)) - [id: 0xbd95f03b, L:/0.0.0.0:15505] ACTIVE
2024-04-26 07:45:56,725 [36c84ee5-0fcd-4ea2-b6d6-812b1364d576-impl-thread1] INFO  server.RaftServer (RaftServerProxy.java:initGroupDir(264)) - 36c84ee5-0fcd-4ea2-b6d6-812b1364d576: found a subdirectory /home/runner/work/ozone/ozone/hadoop-ozone/integration-test/target/test-dir/MiniOzoneClusterImpl-864451be-9a12-4508-8431-6d052999593c/ozone-meta/datanode-6/ratis/tmp
2024-04-26 07:45:56,725 [36c84ee5-0fcd-4ea2-b6d6-812b1364d576-impl-thread1] INFO  server.RaftServer (RaftServerProxy.java:initGroupDir(269)) - 36c84ee5-0fcd-4ea2-b6d6-812b1364d576: The directory /home/runner/work/ozone/ozone/hadoop-ozone/integration-test/target/test-dir/MiniOzoneClusterImpl-864451be-9a12-4508-8431-6d052999593c/ozone-meta/datanode-6/ratis/tmp is not a group directory; ignoring it. 
2024-04-26 07:45:56,726 [main] INFO  replication.ReplicationServer (ReplicationServer.java:<init>(86)) - Initializing replication server with thread count = 10 queue length = 4096
2024-04-26 07:45:56,726 [main] INFO  server.XceiverServerGrpc (XceiverServerGrpc.java:<init>(141)) - GrpcServer channel type EpollServerSocketChannel
2024-04-26 07:45:56,727 [main] INFO  replication.ReplicationSupervisor (ReplicationSupervisor.java:build(157)) - Initializing replication supervisor with thread count = 10
2024-04-26 07:45:56,727 [main] INFO  replication.ReplicationSupervisor (ReplicationSupervisor.java:nodeStateUpdated(312)) - Node state updated to IN_SERVICE, scaling executor pool size to 10
2024-04-26 07:45:56,729 [main] INFO  http.BaseHttpServer (BaseHttpServer.java:newHttpServer2BuilderForOzone(223)) - Starting Web-server for hddsDatanode at: http://0.0.0.0:15499
2024-04-26 07:45:56,729 [main] INFO  http.BaseHttpServer (BaseHttpServer.java:<init>(110)) - Hadoop Security Enabled: false Ozone Security Enabled: false Ozone HTTP Security Enabled: false 
2024-04-26 07:45:56,729 [main] WARN  server.AuthenticationFilter (AuthenticationFilter.java:constructSecretProvider(240)) - Unable to initialize FileSignerSecretProvider, falling back to use random secrets. Reason: Could not read signature secret file: /home/runner/hadoop-http-auth-signature-secret
2024-04-26 07:45:56,730 [main] INFO  http.HttpRequestLog (HttpRequestLog.java:getRequestLog(86)) - Http request log for http.requests.hddsDatanode is not defined
2024-04-26 07:45:56,730 [main] INFO  http.HttpServer2 (HttpServer2.java:addGlobalFilter(1036)) - Added global filter 'safety' (class=org.apache.hadoop.hdds.server.http.HttpServer2$QuotingInputFilter)
2024-04-26 07:45:56,731 [main] INFO  http.HttpServer2 (HttpServer2.java:addFilter(1012)) - Added filter static_user_filter (class=org.apache.hadoop.http.lib.StaticUserWebFilter$StaticUserFilter) to context hddsDatanode
2024-04-26 07:45:56,731 [main] INFO  http.HttpServer2 (HttpServer2.java:addFilter(1020)) - Added filter static_user_filter (class=org.apache.hadoop.http.lib.StaticUserWebFilter$StaticUserFilter) to context logs
2024-04-26 07:45:56,731 [main] INFO  http.HttpServer2 (HttpServer2.java:addFilter(1020)) - Added filter static_user_filter (class=org.apache.hadoop.http.lib.StaticUserWebFilter$StaticUserFilter) to context static
2024-04-26 07:45:56,731 [main] INFO  http.BaseHttpServer (BaseHttpServer.java:<init>(189)) - HTTP server of hddsDatanode uses base directory /home/runner/work/ozone/ozone/hadoop-ozone/integration-test/target/test-dir/MiniOzoneClusterImpl-864451be-9a12-4508-8431-6d052999593c/ozone-meta/datanode-6/meta/webserver
2024-04-26 07:45:56,732 [main] INFO  http.HttpServer2 (HttpServer2.java:bindListener(1236)) - Jetty bound to port 15499
2024-04-26 07:45:56,732 [main] INFO  server.Server (Server.java:doStart(375)) - jetty-9.4.53.v20231009; built: 2023-10-09T12:29:09.265Z; git: 27bde00a0b95a1d5bbee0eae7984f891d2d0f8c9; jvm 17.0.10+7
2024-04-26 07:45:56,733 [main] INFO  server.session (DefaultSessionIdManager.java:doStart(334)) - DefaultSessionIdManager workerName=node0
2024-04-26 07:45:56,733 [main] INFO  server.session (DefaultSessionIdManager.java:doStart(339)) - No SessionScavenger set, using defaults
2024-04-26 07:45:56,733 [main] INFO  server.session (HouseKeeper.java:startScavenging(132)) - node0 Scavenging every 600000ms
2024-04-26 07:45:56,733 [main] INFO  handler.ContextHandler (ContextHandler.java:doStart(921)) - Started o.e.j.s.ServletContextHandler@5234f6c5{logs,/logs,file:///home/runner/work/ozone/ozone/hadoop-ozone/integration-test/target/log,AVAILABLE}
2024-04-26 07:45:56,733 [main] INFO  handler.ContextHandler (ContextHandler.java:doStart(921)) - Started o.e.j.s.ServletContextHandler@366558a2{static,/static,file:///home/runner/work/ozone/ozone/hadoop-hdds/container-service/target/classes/webapps/static,AVAILABLE}
2024-04-26 07:45:56,736 [main] INFO  handler.ContextHandler (ContextHandler.java:doStart(921)) - Started o.e.j.w.WebAppContext@439df92e{hddsDatanode,/,file:///home/runner/work/ozone/ozone/hadoop-hdds/container-service/target/classes/webapps/hddsDatanode/,AVAILABLE}{file:/home/runner/work/ozone/ozone/hadoop-hdds/container-service/target/classes/webapps/hddsDatanode}
2024-04-26 07:45:56,736 [main] INFO  server.AbstractConnector (AbstractConnector.java:doStart(333)) - Started ServerConnector@2259490{HTTP/1.1, (http/1.1)}{0.0.0.0:15499}
2024-04-26 07:45:56,736 [main] INFO  server.Server (Server.java:doStart(415)) - Started @180445ms
2024-04-26 07:45:56,736 [main] WARN  impl.MetricsSystemImpl (MetricsSystemImpl.java:register(279)) - Sink prometheus already exists!
2024-04-26 07:45:56,737 [main] INFO  http.BaseHttpServer (BaseHttpServer.java:updateConnectorAddress(354)) - HTTP server of hddsDatanode listening at http://0.0.0.0:15499
2024-04-26 07:45:56,737 [main] INFO  ipc.CallQueueManager (CallQueueManager.java:<init>(90)) - Using callQueue: class java.util.concurrent.LinkedBlockingQueue, queueCapacity: 100, scheduler: class org.apache.hadoop.ipc.DefaultRpcScheduler, ipcBackoff: false.
2024-04-26 07:45:56,737 [main] INFO  ipc.Server (Server.java:<init>(1287)) - Listener at 0.0.0.0:15500
2024-04-26 07:45:56,738 [Socket Reader #1 for port 15500] INFO  ipc.Server (Server.java:run(1323)) - Starting Socket Reader #1 for port 15500
2024-04-26 07:45:56,738 [main] INFO  ozone.HddsDatanodeService (HddsDatanodeService.java:start(327)) - Datanode start with admins: [runner]
2024-04-26 07:45:56,738 [main] INFO  ozone.HddsDatanodeClientProtocolServer (HddsDatanodeClientProtocolServer.java:start(77)) - RPC server for Client /0.0.0.0:15500
2024-04-26 07:45:56,739 [IPC Server Responder] INFO  ipc.Server (Server.java:run(1562)) - IPC Server Responder: starting
2024-04-26 07:45:56,739 [IPC Server listener on 15500] INFO  ipc.Server (Server.java:run(1402)) - IPC Server listener on 15500: starting
2024-04-26 07:45:56,739 [36c84ee5-0fcd-4ea2-b6d6-812b1364d576-DatanodeStateMachineDaemonThread] INFO  statemachine.DatanodeStateMachine (DatanodeStateMachine.java:lambda$startDaemon$1(555)) - Ozone container server started.
2024-04-26 07:45:56,739 [main] WARN  dropwizard3.Dm3MetricRegistriesImpl (Dm3MetricRegistriesImpl.java:addReporterRegistration(113)) - New reporters are added after registries were created. Some metrics will be missing from the reporter. Please add reporter before adding any new registry.
2024-04-26 07:45:56,739 [main] WARN  dropwizard3.Dm3MetricRegistriesImpl (Dm3MetricRegistriesImpl.java:addReporterRegistration(113)) - New reporters are added after registries were created. Some metrics will be missing from the reporter. Please add reporter before adding any new registry.
2024-04-26 07:45:56,739 [main] INFO  impl.MetricsSystemImpl (MetricsSystemImpl.java:init(158)) - HddsDatanode metrics system started (again)
2024-04-26 07:45:56,742 [36c84ee5-0fcd-4ea2-b6d6-812b1364d576-DatanodeStateMachineTaskThread-0] INFO  datanode.InitDatanodeState (InitDatanodeState.java:persistContainerDatanodeDetails(139)) - DatanodeDetails is persisted to /home/runner/work/ozone/ozone/hadoop-ozone/integration-test/target/test-dir/MiniOzoneClusterImpl-864451be-9a12-4508-8431-6d052999593c/ozone-meta/datanode-6/meta/datanode.id
2024-04-26 07:45:56,748 [main] INFO  ozone.HddsDatanodeService (HddsDatanodeService.java:start(240)) - HddsDatanodeService host:fv-az1107-628.5an5qfagtveezn4vzio0gr3jze.ex.internal.cloudapp.net ip:10.1.0.12
2024-04-26 07:45:56,760 [main] INFO  upgrade.AbstractLayoutVersionManager (AbstractLayoutVersionManager.java:init(83)) - Initializing Layout version manager with metadata layout = HADOOP_PRC_PORTS_IN_DATANODEDETAILS (version = 7), software layout = HADOOP_PRC_PORTS_IN_DATANODEDETAILS (version = 7)
2024-04-26 07:45:56,760 [main] INFO  statemachine.DatanodeStateMachine (DatanodeStateMachine.java:getEndPointTaskThreadPoolSize(299)) - Datanode State Machine Task Thread Pool size 2
2024-04-26 07:45:56,761 [main] INFO  volume.HddsVolume (HddsVolume.java:<init>(126)) - Creating HddsVolume: /home/runner/work/ozone/ozone/hadoop-ozone/integration-test/target/test-dir/MiniOzoneClusterImpl-864451be-9a12-4508-8431-6d052999593c/ozone-meta/datanode-7/data-0/hdds of storage type : DISK capacity : 9223372036854775807
2024-04-26 07:45:56,761 [main] INFO  volume.MutableVolumeSet (MutableVolumeSet.java:initializeVolumeSet(173)) - Added Volume : /home/runner/work/ozone/ozone/hadoop-ozone/integration-test/target/test-dir/MiniOzoneClusterImpl-864451be-9a12-4508-8431-6d052999593c/ozone-meta/datanode-7/data-0/hdds to VolumeSet
2024-04-26 07:45:56,762 [main] INFO  volume.MutableVolumeSet (MutableVolumeSet.java:initializeVolumeSet(173)) - Added Volume : /home/runner/work/ozone/ozone/hadoop-ozone/integration-test/target/test-dir/MiniOzoneClusterImpl-864451be-9a12-4508-8431-6d052999593c/ozone-meta/datanode-7/ratis to VolumeSet
2024-04-26 07:45:56,762 [main] INFO  ozoneimpl.OzoneContainer (HddsVolumeUtil.java:loadAllHddsVolumeDbStore(103)) - Load 1 volumes DbStore cost: 0ms
2024-04-26 07:45:56,763 [main] INFO  server.RaftServer (ConfUtils.java:logGet(46)) - raft.rpc.type = GRPC (default)
2024-04-26 07:45:56,763 [main] INFO  grpc.GrpcConfigKeys (ConfUtils.java:logFallback(53)) - raft.grpc.admin.host = null (fallback to raft.grpc.server.host)
2024-04-26 07:45:56,764 [main] INFO  grpc.GrpcConfigKeys (ConfUtils.java:logGet(46)) - raft.grpc.admin.port = 15512 (custom)
2024-04-26 07:45:56,764 [main] INFO  grpc.GrpcConfigKeys (ConfUtils.java:logFallback(53)) - raft.grpc.client.host = null (fallback to raft.grpc.server.host)
2024-04-26 07:45:56,764 [main] INFO  grpc.GrpcConfigKeys (ConfUtils.java:logGet(46)) - raft.grpc.client.port = 15511 (custom)
2024-04-26 07:45:56,764 [main] INFO  grpc.GrpcConfigKeys (ConfUtils.java:logGet(46)) - raft.grpc.server.host = null (default)
2024-04-26 07:45:56,764 [main] INFO  grpc.GrpcConfigKeys (ConfUtils.java:logGet(46)) - raft.grpc.server.port = 15513 (custom)
2024-04-26 07:45:56,764 [main] INFO  server.GrpcService (ConfUtils.java:logGet(46)) - raft.grpc.message.size.max = 32MB (=33554432) (custom)
2024-04-26 07:45:56,764 [main] INFO  server.RaftServerConfigKeys (ConfUtils.java:logGet(46)) - raft.server.log.appender.buffer.byte-limit = 8388608 (custom)
2024-04-26 07:45:56,764 [main] INFO  server.GrpcService (ConfUtils.java:logGet(46)) - raft.grpc.flow.control.window = 5MB (=5242880) (custom)
2024-04-26 07:45:56,764 [main] INFO  server.RaftServerConfigKeys (ConfUtils.java:logGet(46)) - raft.server.rpc.request.timeout = 3000ms (default)
2024-04-26 07:45:56,764 [main] INFO  grpc.GrpcConfigKeys (ConfUtils.java:logGet(46)) - raft.grpc.server.heartbeat.channel = true (default)
2024-04-26 07:45:56,765 [main] INFO  grpc.GrpcConfigKeys (ConfUtils.java:logGet(46)) - raft.grpc.server.async.request.thread.pool.cached = true (default)
2024-04-26 07:45:56,765 [main] INFO  grpc.GrpcConfigKeys (ConfUtils.java:logGet(46)) - raft.grpc.server.async.request.thread.pool.size = 32 (default)
2024-04-26 07:45:56,766 [main] INFO  impl.DataStreamServerImpl (ConfUtils.java:logGet(46)) - raft.datastream.type = NETTY (custom)
2024-04-26 07:45:56,766 [main] INFO  server.RaftServerConfigKeys (ConfUtils.java:logGet(46)) - raft.server.data-stream.async.request.thread.pool.cached = false (default)
2024-04-26 07:45:56,766 [main] INFO  server.RaftServerConfigKeys (ConfUtils.java:logGet(46)) - raft.server.data-stream.async.request.thread.pool.size = 20 (custom)
2024-04-26 07:45:56,766 [main] INFO  server.RaftServerConfigKeys (ConfUtils.java:logGet(46)) - raft.server.data-stream.async.write.thread.pool.size = 16 (default)
2024-04-26 07:45:56,766 [main] INFO  netty.NettyConfigKeys$DataStream (ConfUtils.java:logGet(46)) - raft.netty.dataStream.server.channel.inactive.grace-period = 10min (default)
2024-04-26 07:45:56,766 [main] INFO  server.RaftServerConfigKeys (ConfUtils.java:logGet(46)) - raft.server.data-stream.client.pool.size = 10 (default)
2024-04-26 07:45:56,767 [main] INFO  netty.NettyConfigKeys$DataStream (ConfUtils.java:logGet(46)) - raft.netty.dataStream.server.use-epoll = true (default)
2024-04-26 07:45:56,767 [main] INFO  netty.NettyConfigKeys$DataStream (ConfUtils.java:logGet(46)) - raft.netty.dataStream.server.boss-group.size = 0 (default)
2024-04-26 07:45:56,767 [main] INFO  netty.NettyUtils (NettyUtils.java:newEventLoopGroup(69)) - Create EpollEventLoopGroup for e280b344-1e71-401e-97a7-3c6530ca629d-NettyServerStreamRpc-bossGroup; Thread size is 0.
2024-04-26 07:45:56,767 [main] INFO  netty.NettyConfigKeys$DataStream (ConfUtils.java:logGet(46)) - raft.netty.dataStream.server.worker-group.size = 0 (default)
2024-04-26 07:45:56,767 [main] INFO  netty.NettyUtils (NettyUtils.java:newEventLoopGroup(69)) - Create EpollEventLoopGroup for e280b344-1e71-401e-97a7-3c6530ca629d-NettyServerStreamRpc-workerGroup; Thread size is 0.
2024-04-26 07:45:56,767 [main] INFO  netty.NettyConfigKeys$DataStream (ConfUtils.java:logGet(46)) - raft.netty.dataStream.server.tls.conf = null (default)
2024-04-26 07:45:56,767 [main] INFO  netty.NettyConfigKeys$DataStream (ConfUtils.java:logGet(46)) - raft.netty.dataStream.host = null (default)
2024-04-26 07:45:56,768 [main] INFO  netty.NettyConfigKeys$DataStream (ConfUtils.java:logGet(46)) - raft.netty.dataStream.port = 15514 (custom)
2024-04-26 07:45:56,768 [main] INFO  server.RaftServerConfigKeys (ConfUtils.java:logGet(46)) - raft.server.sleep.deviation.threshold = 300ms (default)
2024-04-26 07:45:56,768 [main] INFO  server.RaftServerConfigKeys (ConfUtils.java:logGet(46)) - raft.server.close.threshold = 60s (default)
2024-04-26 07:45:56,768 [main] INFO  server.RaftServerConfigKeys (ConfUtils.java:logGet(46)) - raft.server.leaderelection.leader.step-down.wait-time = 10s (default)
2024-04-26 07:45:56,768 [main] INFO  server.RaftServerConfigKeys (ConfUtils.java:logGet(46)) - raft.server.storage.dir = [/home/runner/work/ozone/ozone/hadoop-ozone/integration-test/target/test-dir/MiniOzoneClusterImpl-864451be-9a12-4508-8431-6d052999593c/ozone-meta/datanode-7/ratis] (custom)
2024-04-26 07:45:56,768 [main] INFO  server.RaftServerConfigKeys (ConfUtils.java:logGet(46)) - raft.server.threadpool.proxy.cached = true (default)
2024-04-26 07:45:56,769 [main] INFO  server.RaftServerConfigKeys (ConfUtils.java:logGet(46)) - raft.server.threadpool.proxy.size = 0 (default)
2024-04-26 07:45:56,768 [e280b344-1e71-401e-97a7-3c6530ca629d-NettyServerStreamRpc-bossGroup--thread1] INFO  logging.LoggingHandler (AbstractInternalLogger.java:log(148)) - [id: 0x34758905] REGISTERED
2024-04-26 07:45:56,769 [e280b344-1e71-401e-97a7-3c6530ca629d-NettyServerStreamRpc-bossGroup--thread1] INFO  logging.LoggingHandler (AbstractInternalLogger.java:log(148)) - [id: 0x34758905] BIND: 0.0.0.0/0.0.0.0:15514
2024-04-26 07:45:56,769 [e280b344-1e71-401e-97a7-3c6530ca629d-NettyServerStreamRpc-bossGroup--thread1] INFO  logging.LoggingHandler (AbstractInternalLogger.java:log(148)) - [id: 0x34758905, L:/0.0.0.0:15514] ACTIVE
2024-04-26 07:45:56,769 [e280b344-1e71-401e-97a7-3c6530ca629d-impl-thread1] INFO  server.RaftServer (RaftServerProxy.java:initGroupDir(264)) - e280b344-1e71-401e-97a7-3c6530ca629d: found a subdirectory /home/runner/work/ozone/ozone/hadoop-ozone/integration-test/target/test-dir/MiniOzoneClusterImpl-864451be-9a12-4508-8431-6d052999593c/ozone-meta/datanode-7/ratis/tmp
2024-04-26 07:45:56,769 [e280b344-1e71-401e-97a7-3c6530ca629d-impl-thread1] INFO  server.RaftServer (RaftServerProxy.java:initGroupDir(269)) - e280b344-1e71-401e-97a7-3c6530ca629d: The directory /home/runner/work/ozone/ozone/hadoop-ozone/integration-test/target/test-dir/MiniOzoneClusterImpl-864451be-9a12-4508-8431-6d052999593c/ozone-meta/datanode-7/ratis/tmp is not a group directory; ignoring it. 
2024-04-26 07:45:56,769 [main] INFO  replication.ReplicationServer (ReplicationServer.java:<init>(86)) - Initializing replication server with thread count = 10 queue length = 4096
2024-04-26 07:45:56,770 [main] INFO  server.XceiverServerGrpc (XceiverServerGrpc.java:<init>(141)) - GrpcServer channel type EpollServerSocketChannel
2024-04-26 07:45:56,771 [main] INFO  replication.ReplicationSupervisor (ReplicationSupervisor.java:build(157)) - Initializing replication supervisor with thread count = 10
2024-04-26 07:45:56,771 [main] INFO  replication.ReplicationSupervisor (ReplicationSupervisor.java:nodeStateUpdated(312)) - Node state updated to IN_SERVICE, scaling executor pool size to 10
2024-04-26 07:45:56,772 [main] INFO  http.BaseHttpServer (BaseHttpServer.java:newHttpServer2BuilderForOzone(223)) - Starting Web-server for hddsDatanode at: http://0.0.0.0:15508
2024-04-26 07:45:56,772 [main] INFO  http.BaseHttpServer (BaseHttpServer.java:<init>(110)) - Hadoop Security Enabled: false Ozone Security Enabled: false Ozone HTTP Security Enabled: false 
2024-04-26 07:45:56,773 [main] WARN  server.AuthenticationFilter (AuthenticationFilter.java:constructSecretProvider(240)) - Unable to initialize FileSignerSecretProvider, falling back to use random secrets. Reason: Could not read signature secret file: /home/runner/hadoop-http-auth-signature-secret
2024-04-26 07:45:56,780 [main] INFO  http.HttpRequestLog (HttpRequestLog.java:getRequestLog(86)) - Http request log for http.requests.hddsDatanode is not defined
2024-04-26 07:45:56,781 [main] INFO  http.HttpServer2 (HttpServer2.java:addGlobalFilter(1036)) - Added global filter 'safety' (class=org.apache.hadoop.hdds.server.http.HttpServer2$QuotingInputFilter)
2024-04-26 07:45:56,782 [main] INFO  http.HttpServer2 (HttpServer2.java:addFilter(1012)) - Added filter static_user_filter (class=org.apache.hadoop.http.lib.StaticUserWebFilter$StaticUserFilter) to context hddsDatanode
2024-04-26 07:45:56,782 [main] INFO  http.HttpServer2 (HttpServer2.java:addFilter(1020)) - Added filter static_user_filter (class=org.apache.hadoop.http.lib.StaticUserWebFilter$StaticUserFilter) to context static
2024-04-26 07:45:56,782 [main] INFO  http.HttpServer2 (HttpServer2.java:addFilter(1020)) - Added filter static_user_filter (class=org.apache.hadoop.http.lib.StaticUserWebFilter$StaticUserFilter) to context logs
2024-04-26 07:45:56,782 [main] INFO  http.BaseHttpServer (BaseHttpServer.java:<init>(189)) - HTTP server of hddsDatanode uses base directory /home/runner/work/ozone/ozone/hadoop-ozone/integration-test/target/test-dir/MiniOzoneClusterImpl-864451be-9a12-4508-8431-6d052999593c/ozone-meta/datanode-7/meta/webserver
2024-04-26 07:45:56,782 [main] INFO  http.HttpServer2 (HttpServer2.java:bindListener(1236)) - Jetty bound to port 15508
2024-04-26 07:45:56,782 [main] INFO  server.Server (Server.java:doStart(375)) - jetty-9.4.53.v20231009; built: 2023-10-09T12:29:09.265Z; git: 27bde00a0b95a1d5bbee0eae7984f891d2d0f8c9; jvm 17.0.10+7
2024-04-26 07:45:56,783 [main] INFO  server.session (DefaultSessionIdManager.java:doStart(334)) - DefaultSessionIdManager workerName=node0
2024-04-26 07:45:56,783 [main] INFO  server.session (DefaultSessionIdManager.java:doStart(339)) - No SessionScavenger set, using defaults
2024-04-26 07:45:56,784 [main] INFO  server.session (HouseKeeper.java:startScavenging(132)) - node0 Scavenging every 660000ms
2024-04-26 07:45:56,784 [main] INFO  handler.ContextHandler (ContextHandler.java:doStart(921)) - Started o.e.j.s.ServletContextHandler@6a38a87c{logs,/logs,file:///home/runner/work/ozone/ozone/hadoop-ozone/integration-test/target/log,AVAILABLE}
2024-04-26 07:45:56,784 [main] INFO  handler.ContextHandler (ContextHandler.java:doStart(921)) - Started o.e.j.s.ServletContextHandler@e0c6e2c{static,/static,file:///home/runner/work/ozone/ozone/hadoop-hdds/container-service/target/classes/webapps/static,AVAILABLE}
2024-04-26 07:45:56,787 [main] INFO  handler.ContextHandler (ContextHandler.java:doStart(921)) - Started o.e.j.w.WebAppContext@488e27f3{hddsDatanode,/,file:///home/runner/work/ozone/ozone/hadoop-hdds/container-service/target/classes/webapps/hddsDatanode/,AVAILABLE}{file:/home/runner/work/ozone/ozone/hadoop-hdds/container-service/target/classes/webapps/hddsDatanode}
2024-04-26 07:45:56,787 [main] INFO  server.AbstractConnector (AbstractConnector.java:doStart(333)) - Started ServerConnector@6d0c6ea3{HTTP/1.1, (http/1.1)}{0.0.0.0:15508}
2024-04-26 07:45:56,787 [main] INFO  server.Server (Server.java:doStart(415)) - Started @180496ms
2024-04-26 07:45:56,787 [main] WARN  impl.MetricsSystemImpl (MetricsSystemImpl.java:register(279)) - Sink prometheus already exists!
2024-04-26 07:45:56,788 [main] INFO  http.BaseHttpServer (BaseHttpServer.java:updateConnectorAddress(354)) - HTTP server of hddsDatanode listening at http://0.0.0.0:15508
2024-04-26 07:45:56,788 [main] INFO  ipc.CallQueueManager (CallQueueManager.java:<init>(90)) - Using callQueue: class java.util.concurrent.LinkedBlockingQueue, queueCapacity: 100, scheduler: class org.apache.hadoop.ipc.DefaultRpcScheduler, ipcBackoff: false.
2024-04-26 07:45:56,788 [main] INFO  ipc.Server (Server.java:<init>(1287)) - Listener at 0.0.0.0:15509
2024-04-26 07:45:56,792 [Socket Reader #1 for port 15509] INFO  ipc.Server (Server.java:run(1323)) - Starting Socket Reader #1 for port 15509
2024-04-26 07:45:56,792 [main] INFO  ozone.HddsDatanodeService (HddsDatanodeService.java:start(327)) - Datanode start with admins: [runner]
2024-04-26 07:45:56,792 [main] INFO  ozone.HddsDatanodeClientProtocolServer (HddsDatanodeClientProtocolServer.java:start(77)) - RPC server for Client /0.0.0.0:15509
2024-04-26 07:45:56,793 [IPC Server Responder] INFO  ipc.Server (Server.java:run(1562)) - IPC Server Responder: starting
2024-04-26 07:45:56,793 [IPC Server listener on 15509] INFO  ipc.Server (Server.java:run(1402)) - IPC Server listener on 15509: starting
2024-04-26 07:45:56,794 [e280b344-1e71-401e-97a7-3c6530ca629d-DatanodeStateMachineDaemonThread] INFO  statemachine.DatanodeStateMachine (DatanodeStateMachine.java:lambda$startDaemon$1(555)) - Ozone container server started.
2024-04-26 07:45:56,794 [main] WARN  dropwizard3.Dm3MetricRegistriesImpl (Dm3MetricRegistriesImpl.java:addReporterRegistration(113)) - New reporters are added after registries were created. Some metrics will be missing from the reporter. Please add reporter before adding any new registry.
2024-04-26 07:45:56,795 [main] WARN  dropwizard3.Dm3MetricRegistriesImpl (Dm3MetricRegistriesImpl.java:addReporterRegistration(113)) - New reporters are added after registries were created. Some metrics will be missing from the reporter. Please add reporter before adding any new registry.
2024-04-26 07:45:56,795 [main] INFO  impl.MetricsSystemImpl (MetricsSystemImpl.java:init(158)) - HddsDatanode metrics system started (again)
2024-04-26 07:45:56,796 [e280b344-1e71-401e-97a7-3c6530ca629d-DatanodeStateMachineTaskThread-0] INFO  datanode.InitDatanodeState (InitDatanodeState.java:persistContainerDatanodeDetails(139)) - DatanodeDetails is persisted to /home/runner/work/ozone/ozone/hadoop-ozone/integration-test/target/test-dir/MiniOzoneClusterImpl-864451be-9a12-4508-8431-6d052999593c/ozone-meta/datanode-7/meta/datanode.id
2024-04-26 07:45:56,803 [main] INFO  ozone.HddsDatanodeService (HddsDatanodeService.java:start(240)) - HddsDatanodeService host:fv-az1107-628.5an5qfagtveezn4vzio0gr3jze.ex.internal.cloudapp.net ip:10.1.0.12
2024-04-26 07:45:56,816 [main] INFO  upgrade.AbstractLayoutVersionManager (AbstractLayoutVersionManager.java:init(83)) - Initializing Layout version manager with metadata layout = HADOOP_PRC_PORTS_IN_DATANODEDETAILS (version = 7), software layout = HADOOP_PRC_PORTS_IN_DATANODEDETAILS (version = 7)
2024-04-26 07:45:56,816 [main] INFO  statemachine.DatanodeStateMachine (DatanodeStateMachine.java:getEndPointTaskThreadPoolSize(299)) - Datanode State Machine Task Thread Pool size 2
2024-04-26 07:45:56,816 [main] INFO  volume.HddsVolume (HddsVolume.java:<init>(126)) - Creating HddsVolume: /home/runner/work/ozone/ozone/hadoop-ozone/integration-test/target/test-dir/MiniOzoneClusterImpl-864451be-9a12-4508-8431-6d052999593c/ozone-meta/datanode-8/data-0/hdds of storage type : DISK capacity : 9223372036854775807
2024-04-26 07:45:56,817 [main] INFO  volume.MutableVolumeSet (MutableVolumeSet.java:initializeVolumeSet(173)) - Added Volume : /home/runner/work/ozone/ozone/hadoop-ozone/integration-test/target/test-dir/MiniOzoneClusterImpl-864451be-9a12-4508-8431-6d052999593c/ozone-meta/datanode-8/data-0/hdds to VolumeSet
2024-04-26 07:45:56,817 [main] INFO  volume.MutableVolumeSet (MutableVolumeSet.java:initializeVolumeSet(173)) - Added Volume : /home/runner/work/ozone/ozone/hadoop-ozone/integration-test/target/test-dir/MiniOzoneClusterImpl-864451be-9a12-4508-8431-6d052999593c/ozone-meta/datanode-8/ratis to VolumeSet
2024-04-26 07:45:56,817 [main] INFO  ozoneimpl.OzoneContainer (HddsVolumeUtil.java:loadAllHddsVolumeDbStore(103)) - Load 1 volumes DbStore cost: 0ms
2024-04-26 07:45:56,818 [main] INFO  server.RaftServer (ConfUtils.java:logGet(46)) - raft.rpc.type = GRPC (default)
2024-04-26 07:45:56,819 [main] INFO  grpc.GrpcConfigKeys (ConfUtils.java:logFallback(53)) - raft.grpc.admin.host = null (fallback to raft.grpc.server.host)
2024-04-26 07:45:56,819 [main] INFO  grpc.GrpcConfigKeys (ConfUtils.java:logGet(46)) - raft.grpc.admin.port = 15521 (custom)
2024-04-26 07:45:56,819 [main] INFO  grpc.GrpcConfigKeys (ConfUtils.java:logFallback(53)) - raft.grpc.client.host = null (fallback to raft.grpc.server.host)
2024-04-26 07:45:56,819 [main] INFO  grpc.GrpcConfigKeys (ConfUtils.java:logGet(46)) - raft.grpc.client.port = 15520 (custom)
2024-04-26 07:45:56,819 [main] INFO  grpc.GrpcConfigKeys (ConfUtils.java:logGet(46)) - raft.grpc.server.host = null (default)
2024-04-26 07:45:56,819 [main] INFO  grpc.GrpcConfigKeys (ConfUtils.java:logGet(46)) - raft.grpc.server.port = 15522 (custom)
2024-04-26 07:45:56,819 [main] INFO  server.GrpcService (ConfUtils.java:logGet(46)) - raft.grpc.message.size.max = 32MB (=33554432) (custom)
2024-04-26 07:45:56,819 [main] INFO  server.RaftServerConfigKeys (ConfUtils.java:logGet(46)) - raft.server.log.appender.buffer.byte-limit = 8388608 (custom)
2024-04-26 07:45:56,819 [main] INFO  server.GrpcService (ConfUtils.java:logGet(46)) - raft.grpc.flow.control.window = 5MB (=5242880) (custom)
2024-04-26 07:45:56,819 [main] INFO  server.RaftServerConfigKeys (ConfUtils.java:logGet(46)) - raft.server.rpc.request.timeout = 3000ms (default)
2024-04-26 07:45:56,819 [main] INFO  grpc.GrpcConfigKeys (ConfUtils.java:logGet(46)) - raft.grpc.server.heartbeat.channel = true (default)
2024-04-26 07:45:56,819 [main] INFO  grpc.GrpcConfigKeys (ConfUtils.java:logGet(46)) - raft.grpc.server.async.request.thread.pool.cached = true (default)
2024-04-26 07:45:56,819 [main] INFO  grpc.GrpcConfigKeys (ConfUtils.java:logGet(46)) - raft.grpc.server.async.request.thread.pool.size = 32 (default)
2024-04-26 07:45:56,821 [main] INFO  impl.DataStreamServerImpl (ConfUtils.java:logGet(46)) - raft.datastream.type = NETTY (custom)
2024-04-26 07:45:56,821 [main] INFO  server.RaftServerConfigKeys (ConfUtils.java:logGet(46)) - raft.server.data-stream.async.request.thread.pool.cached = false (default)
2024-04-26 07:45:56,821 [main] INFO  server.RaftServerConfigKeys (ConfUtils.java:logGet(46)) - raft.server.data-stream.async.request.thread.pool.size = 20 (custom)
2024-04-26 07:45:56,821 [main] INFO  server.RaftServerConfigKeys (ConfUtils.java:logGet(46)) - raft.server.data-stream.async.write.thread.pool.size = 16 (default)
2024-04-26 07:45:56,821 [main] INFO  netty.NettyConfigKeys$DataStream (ConfUtils.java:logGet(46)) - raft.netty.dataStream.server.channel.inactive.grace-period = 10min (default)
2024-04-26 07:45:56,821 [main] INFO  server.RaftServerConfigKeys (ConfUtils.java:logGet(46)) - raft.server.data-stream.client.pool.size = 10 (default)
2024-04-26 07:45:56,821 [main] INFO  netty.NettyConfigKeys$DataStream (ConfUtils.java:logGet(46)) - raft.netty.dataStream.server.use-epoll = true (default)
2024-04-26 07:45:56,821 [main] INFO  netty.NettyConfigKeys$DataStream (ConfUtils.java:logGet(46)) - raft.netty.dataStream.server.boss-group.size = 0 (default)
2024-04-26 07:45:56,821 [main] INFO  netty.NettyUtils (NettyUtils.java:newEventLoopGroup(69)) - Create EpollEventLoopGroup for f89e5511-6660-4723-b6db-0a37c1615f1a-NettyServerStreamRpc-bossGroup; Thread size is 0.
2024-04-26 07:45:56,822 [main] INFO  netty.NettyConfigKeys$DataStream (ConfUtils.java:logGet(46)) - raft.netty.dataStream.server.worker-group.size = 0 (default)
2024-04-26 07:45:56,822 [main] INFO  netty.NettyUtils (NettyUtils.java:newEventLoopGroup(69)) - Create EpollEventLoopGroup for f89e5511-6660-4723-b6db-0a37c1615f1a-NettyServerStreamRpc-workerGroup; Thread size is 0.
2024-04-26 07:45:56,822 [main] INFO  netty.NettyConfigKeys$DataStream (ConfUtils.java:logGet(46)) - raft.netty.dataStream.server.tls.conf = null (default)
2024-04-26 07:45:56,822 [main] INFO  netty.NettyConfigKeys$DataStream (ConfUtils.java:logGet(46)) - raft.netty.dataStream.host = null (default)
2024-04-26 07:45:56,822 [main] INFO  netty.NettyConfigKeys$DataStream (ConfUtils.java:logGet(46)) - raft.netty.dataStream.port = 15523 (custom)
2024-04-26 07:45:56,822 [main] INFO  server.RaftServerConfigKeys (ConfUtils.java:logGet(46)) - raft.server.sleep.deviation.threshold = 300ms (default)
2024-04-26 07:45:56,822 [main] INFO  server.RaftServerConfigKeys (ConfUtils.java:logGet(46)) - raft.server.close.threshold = 60s (default)
2024-04-26 07:45:56,823 [main] INFO  server.RaftServerConfigKeys (ConfUtils.java:logGet(46)) - raft.server.leaderelection.leader.step-down.wait-time = 10s (default)
2024-04-26 07:45:56,823 [f89e5511-6660-4723-b6db-0a37c1615f1a-NettyServerStreamRpc-bossGroup--thread1] INFO  logging.LoggingHandler (AbstractInternalLogger.java:log(148)) - [id: 0xb7401d1c] REGISTERED
2024-04-26 07:45:56,823 [main] INFO  server.RaftServerConfigKeys (ConfUtils.java:logGet(46)) - raft.server.storage.dir = [/home/runner/work/ozone/ozone/hadoop-ozone/integration-test/target/test-dir/MiniOzoneClusterImpl-864451be-9a12-4508-8431-6d052999593c/ozone-meta/datanode-8/ratis] (custom)
2024-04-26 07:45:56,823 [main] INFO  server.RaftServerConfigKeys (ConfUtils.java:logGet(46)) - raft.server.threadpool.proxy.cached = true (default)
2024-04-26 07:45:56,823 [main] INFO  server.RaftServerConfigKeys (ConfUtils.java:logGet(46)) - raft.server.threadpool.proxy.size = 0 (default)
2024-04-26 07:45:56,823 [f89e5511-6660-4723-b6db-0a37c1615f1a-NettyServerStreamRpc-bossGroup--thread1] INFO  logging.LoggingHandler (AbstractInternalLogger.java:log(148)) - [id: 0xb7401d1c] BIND: 0.0.0.0/0.0.0.0:15523
2024-04-26 07:45:56,823 [f89e5511-6660-4723-b6db-0a37c1615f1a-NettyServerStreamRpc-bossGroup--thread1] INFO  logging.LoggingHandler (AbstractInternalLogger.java:log(148)) - [id: 0xb7401d1c, L:/0.0.0.0:15523] ACTIVE
2024-04-26 07:45:56,823 [f89e5511-6660-4723-b6db-0a37c1615f1a-impl-thread1] INFO  server.RaftServer (RaftServerProxy.java:initGroupDir(264)) - f89e5511-6660-4723-b6db-0a37c1615f1a: found a subdirectory /home/runner/work/ozone/ozone/hadoop-ozone/integration-test/target/test-dir/MiniOzoneClusterImpl-864451be-9a12-4508-8431-6d052999593c/ozone-meta/datanode-8/ratis/tmp
2024-04-26 07:45:56,823 [f89e5511-6660-4723-b6db-0a37c1615f1a-impl-thread1] INFO  server.RaftServer (RaftServerProxy.java:initGroupDir(269)) - f89e5511-6660-4723-b6db-0a37c1615f1a: The directory /home/runner/work/ozone/ozone/hadoop-ozone/integration-test/target/test-dir/MiniOzoneClusterImpl-864451be-9a12-4508-8431-6d052999593c/ozone-meta/datanode-8/ratis/tmp is not a group directory; ignoring it. 
2024-04-26 07:45:56,824 [main] INFO  replication.ReplicationServer (ReplicationServer.java:<init>(86)) - Initializing replication server with thread count = 10 queue length = 4096
2024-04-26 07:45:56,824 [main] INFO  server.XceiverServerGrpc (XceiverServerGrpc.java:<init>(141)) - GrpcServer channel type EpollServerSocketChannel
2024-04-26 07:45:56,825 [main] INFO  replication.ReplicationSupervisor (ReplicationSupervisor.java:build(157)) - Initializing replication supervisor with thread count = 10
2024-04-26 07:45:56,825 [main] INFO  replication.ReplicationSupervisor (ReplicationSupervisor.java:nodeStateUpdated(312)) - Node state updated to IN_SERVICE, scaling executor pool size to 10
2024-04-26 07:45:56,826 [main] INFO  http.BaseHttpServer (BaseHttpServer.java:newHttpServer2BuilderForOzone(223)) - Starting Web-server for hddsDatanode at: http://0.0.0.0:15517
2024-04-26 07:45:56,826 [main] INFO  http.BaseHttpServer (BaseHttpServer.java:<init>(110)) - Hadoop Security Enabled: false Ozone Security Enabled: false Ozone HTTP Security Enabled: false 
2024-04-26 07:45:56,827 [main] WARN  server.AuthenticationFilter (AuthenticationFilter.java:constructSecretProvider(240)) - Unable to initialize FileSignerSecretProvider, falling back to use random secrets. Reason: Could not read signature secret file: /home/runner/hadoop-http-auth-signature-secret
2024-04-26 07:45:56,827 [main] INFO  http.HttpRequestLog (HttpRequestLog.java:getRequestLog(86)) - Http request log for http.requests.hddsDatanode is not defined
2024-04-26 07:45:56,828 [main] INFO  http.HttpServer2 (HttpServer2.java:addGlobalFilter(1036)) - Added global filter 'safety' (class=org.apache.hadoop.hdds.server.http.HttpServer2$QuotingInputFilter)
2024-04-26 07:45:56,828 [main] INFO  http.HttpServer2 (HttpServer2.java:addFilter(1012)) - Added filter static_user_filter (class=org.apache.hadoop.http.lib.StaticUserWebFilter$StaticUserFilter) to context hddsDatanode
2024-04-26 07:45:56,828 [main] INFO  http.HttpServer2 (HttpServer2.java:addFilter(1020)) - Added filter static_user_filter (class=org.apache.hadoop.http.lib.StaticUserWebFilter$StaticUserFilter) to context static
2024-04-26 07:45:56,828 [main] INFO  http.HttpServer2 (HttpServer2.java:addFilter(1020)) - Added filter static_user_filter (class=org.apache.hadoop.http.lib.StaticUserWebFilter$StaticUserFilter) to context logs
2024-04-26 07:45:56,829 [main] INFO  http.BaseHttpServer (BaseHttpServer.java:<init>(189)) - HTTP server of hddsDatanode uses base directory /home/runner/work/ozone/ozone/hadoop-ozone/integration-test/target/test-dir/MiniOzoneClusterImpl-864451be-9a12-4508-8431-6d052999593c/ozone-meta/datanode-8/meta/webserver
2024-04-26 07:45:56,829 [main] INFO  http.HttpServer2 (HttpServer2.java:bindListener(1236)) - Jetty bound to port 15517
2024-04-26 07:45:56,829 [main] INFO  server.Server (Server.java:doStart(375)) - jetty-9.4.53.v20231009; built: 2023-10-09T12:29:09.265Z; git: 27bde00a0b95a1d5bbee0eae7984f891d2d0f8c9; jvm 17.0.10+7
2024-04-26 07:45:56,830 [main] INFO  server.session (DefaultSessionIdManager.java:doStart(334)) - DefaultSessionIdManager workerName=node0
2024-04-26 07:45:56,830 [main] INFO  server.session (DefaultSessionIdManager.java:doStart(339)) - No SessionScavenger set, using defaults
2024-04-26 07:45:56,830 [main] INFO  server.session (HouseKeeper.java:startScavenging(132)) - node0 Scavenging every 660000ms
2024-04-26 07:45:56,830 [main] INFO  handler.ContextHandler (ContextHandler.java:doStart(921)) - Started o.e.j.s.ServletContextHandler@4036d9cd{logs,/logs,file:///home/runner/work/ozone/ozone/hadoop-ozone/integration-test/target/log,AVAILABLE}
2024-04-26 07:45:56,831 [main] INFO  handler.ContextHandler (ContextHandler.java:doStart(921)) - Started o.e.j.s.ServletContextHandler@7f5df538{static,/static,file:///home/runner/work/ozone/ozone/hadoop-hdds/container-service/target/classes/webapps/static,AVAILABLE}
2024-04-26 07:45:56,833 [main] INFO  handler.ContextHandler (ContextHandler.java:doStart(921)) - Started o.e.j.w.WebAppContext@26cf641{hddsDatanode,/,file:///home/runner/work/ozone/ozone/hadoop-hdds/container-service/target/classes/webapps/hddsDatanode/,AVAILABLE}{file:/home/runner/work/ozone/ozone/hadoop-hdds/container-service/target/classes/webapps/hddsDatanode}
2024-04-26 07:45:56,833 [main] INFO  server.AbstractConnector (AbstractConnector.java:doStart(333)) - Started ServerConnector@34ef6c16{HTTP/1.1, (http/1.1)}{0.0.0.0:15517}
2024-04-26 07:45:56,833 [main] INFO  server.Server (Server.java:doStart(415)) - Started @180542ms
2024-04-26 07:45:56,833 [main] WARN  impl.MetricsSystemImpl (MetricsSystemImpl.java:register(279)) - Sink prometheus already exists!
2024-04-26 07:45:56,834 [main] INFO  http.BaseHttpServer (BaseHttpServer.java:updateConnectorAddress(354)) - HTTP server of hddsDatanode listening at http://0.0.0.0:15517
2024-04-26 07:45:56,834 [main] INFO  ipc.CallQueueManager (CallQueueManager.java:<init>(90)) - Using callQueue: class java.util.concurrent.LinkedBlockingQueue, queueCapacity: 100, scheduler: class org.apache.hadoop.ipc.DefaultRpcScheduler, ipcBackoff: false.
2024-04-26 07:45:56,834 [main] INFO  ipc.Server (Server.java:<init>(1287)) - Listener at 0.0.0.0:15518
2024-04-26 07:45:56,834 [Socket Reader #1 for port 15518] INFO  ipc.Server (Server.java:run(1323)) - Starting Socket Reader #1 for port 15518
2024-04-26 07:45:56,835 [main] INFO  ozone.HddsDatanodeService (HddsDatanodeService.java:start(327)) - Datanode start with admins: [runner]
2024-04-26 07:45:56,835 [main] INFO  ozone.HddsDatanodeClientProtocolServer (HddsDatanodeClientProtocolServer.java:start(77)) - RPC server for Client /0.0.0.0:15518
2024-04-26 07:45:56,835 [IPC Server Responder] INFO  ipc.Server (Server.java:run(1562)) - IPC Server Responder: starting
2024-04-26 07:45:56,835 [IPC Server listener on 15518] INFO  ipc.Server (Server.java:run(1402)) - IPC Server listener on 15518: starting
2024-04-26 07:45:56,836 [f89e5511-6660-4723-b6db-0a37c1615f1a-DatanodeStateMachineDaemonThread] INFO  statemachine.DatanodeStateMachine (DatanodeStateMachine.java:lambda$startDaemon$1(555)) - Ozone container server started.
2024-04-26 07:45:56,836 [main] WARN  dropwizard3.Dm3MetricRegistriesImpl (Dm3MetricRegistriesImpl.java:addReporterRegistration(113)) - New reporters are added after registries were created. Some metrics will be missing from the reporter. Please add reporter before adding any new registry.
2024-04-26 07:45:56,836 [main] WARN  dropwizard3.Dm3MetricRegistriesImpl (Dm3MetricRegistriesImpl.java:addReporterRegistration(113)) - New reporters are added after registries were created. Some metrics will be missing from the reporter. Please add reporter before adding any new registry.
2024-04-26 07:45:56,836 [main] INFO  impl.MetricsSystemImpl (MetricsSystemImpl.java:init(158)) - HddsDatanode metrics system started (again)
2024-04-26 07:45:56,844 [f89e5511-6660-4723-b6db-0a37c1615f1a-DatanodeStateMachineTaskThread-0] INFO  datanode.InitDatanodeState (InitDatanodeState.java:persistContainerDatanodeDetails(139)) - DatanodeDetails is persisted to /home/runner/work/ozone/ozone/hadoop-ozone/integration-test/target/test-dir/MiniOzoneClusterImpl-864451be-9a12-4508-8431-6d052999593c/ozone-meta/datanode-8/meta/datanode.id
2024-04-26 07:45:56,844 [main] INFO  ozone.HddsDatanodeService (HddsDatanodeService.java:start(240)) - HddsDatanodeService host:fv-az1107-628.5an5qfagtveezn4vzio0gr3jze.ex.internal.cloudapp.net ip:10.1.0.12
2024-04-26 07:45:56,859 [main] INFO  upgrade.AbstractLayoutVersionManager (AbstractLayoutVersionManager.java:init(83)) - Initializing Layout version manager with metadata layout = HADOOP_PRC_PORTS_IN_DATANODEDETAILS (version = 7), software layout = HADOOP_PRC_PORTS_IN_DATANODEDETAILS (version = 7)
2024-04-26 07:45:56,860 [main] INFO  statemachine.DatanodeStateMachine (DatanodeStateMachine.java:getEndPointTaskThreadPoolSize(299)) - Datanode State Machine Task Thread Pool size 2
2024-04-26 07:45:56,861 [main] INFO  volume.HddsVolume (HddsVolume.java:<init>(126)) - Creating HddsVolume: /home/runner/work/ozone/ozone/hadoop-ozone/integration-test/target/test-dir/MiniOzoneClusterImpl-864451be-9a12-4508-8431-6d052999593c/ozone-meta/datanode-9/data-0/hdds of storage type : DISK capacity : 9223372036854775807
2024-04-26 07:45:56,861 [main] INFO  volume.MutableVolumeSet (MutableVolumeSet.java:initializeVolumeSet(173)) - Added Volume : /home/runner/work/ozone/ozone/hadoop-ozone/integration-test/target/test-dir/MiniOzoneClusterImpl-864451be-9a12-4508-8431-6d052999593c/ozone-meta/datanode-9/data-0/hdds to VolumeSet
2024-04-26 07:45:56,862 [main] INFO  volume.MutableVolumeSet (MutableVolumeSet.java:initializeVolumeSet(173)) - Added Volume : /home/runner/work/ozone/ozone/hadoop-ozone/integration-test/target/test-dir/MiniOzoneClusterImpl-864451be-9a12-4508-8431-6d052999593c/ozone-meta/datanode-9/ratis to VolumeSet
2024-04-26 07:45:56,862 [main] INFO  ozoneimpl.OzoneContainer (HddsVolumeUtil.java:loadAllHddsVolumeDbStore(103)) - Load 1 volumes DbStore cost: 0ms
2024-04-26 07:45:56,863 [main] INFO  server.RaftServer (ConfUtils.java:logGet(46)) - raft.rpc.type = GRPC (default)
2024-04-26 07:45:56,863 [main] INFO  grpc.GrpcConfigKeys (ConfUtils.java:logFallback(53)) - raft.grpc.admin.host = null (fallback to raft.grpc.server.host)
2024-04-26 07:45:56,863 [main] INFO  grpc.GrpcConfigKeys (ConfUtils.java:logGet(46)) - raft.grpc.admin.port = 15530 (custom)
2024-04-26 07:45:56,864 [main] INFO  grpc.GrpcConfigKeys (ConfUtils.java:logFallback(53)) - raft.grpc.client.host = null (fallback to raft.grpc.server.host)
2024-04-26 07:45:56,864 [main] INFO  grpc.GrpcConfigKeys (ConfUtils.java:logGet(46)) - raft.grpc.client.port = 15529 (custom)
2024-04-26 07:45:56,864 [main] INFO  grpc.GrpcConfigKeys (ConfUtils.java:logGet(46)) - raft.grpc.server.host = null (default)
2024-04-26 07:45:56,864 [main] INFO  grpc.GrpcConfigKeys (ConfUtils.java:logGet(46)) - raft.grpc.server.port = 15531 (custom)
2024-04-26 07:45:56,864 [main] INFO  server.GrpcService (ConfUtils.java:logGet(46)) - raft.grpc.message.size.max = 32MB (=33554432) (custom)
2024-04-26 07:45:56,864 [main] INFO  server.RaftServerConfigKeys (ConfUtils.java:logGet(46)) - raft.server.log.appender.buffer.byte-limit = 8388608 (custom)
2024-04-26 07:45:56,864 [main] INFO  server.GrpcService (ConfUtils.java:logGet(46)) - raft.grpc.flow.control.window = 5MB (=5242880) (custom)
2024-04-26 07:45:56,864 [main] INFO  server.RaftServerConfigKeys (ConfUtils.java:logGet(46)) - raft.server.rpc.request.timeout = 3000ms (default)
2024-04-26 07:45:56,864 [main] INFO  grpc.GrpcConfigKeys (ConfUtils.java:logGet(46)) - raft.grpc.server.heartbeat.channel = true (default)
2024-04-26 07:45:56,864 [main] INFO  grpc.GrpcConfigKeys (ConfUtils.java:logGet(46)) - raft.grpc.server.async.request.thread.pool.cached = true (default)
2024-04-26 07:45:56,864 [main] INFO  grpc.GrpcConfigKeys (ConfUtils.java:logGet(46)) - raft.grpc.server.async.request.thread.pool.size = 32 (default)
2024-04-26 07:45:56,866 [main] INFO  impl.DataStreamServerImpl (ConfUtils.java:logGet(46)) - raft.datastream.type = NETTY (custom)
2024-04-26 07:45:56,866 [main] INFO  server.RaftServerConfigKeys (ConfUtils.java:logGet(46)) - raft.server.data-stream.async.request.thread.pool.cached = false (default)
2024-04-26 07:45:56,866 [main] INFO  server.RaftServerConfigKeys (ConfUtils.java:logGet(46)) - raft.server.data-stream.async.request.thread.pool.size = 20 (custom)
2024-04-26 07:45:56,866 [main] INFO  server.RaftServerConfigKeys (ConfUtils.java:logGet(46)) - raft.server.data-stream.async.write.thread.pool.size = 16 (default)
2024-04-26 07:45:56,866 [main] INFO  netty.NettyConfigKeys$DataStream (ConfUtils.java:logGet(46)) - raft.netty.dataStream.server.channel.inactive.grace-period = 10min (default)
2024-04-26 07:45:56,866 [main] INFO  server.RaftServerConfigKeys (ConfUtils.java:logGet(46)) - raft.server.data-stream.client.pool.size = 10 (default)
2024-04-26 07:45:56,866 [main] INFO  netty.NettyConfigKeys$DataStream (ConfUtils.java:logGet(46)) - raft.netty.dataStream.server.use-epoll = true (default)
2024-04-26 07:45:56,866 [main] INFO  netty.NettyConfigKeys$DataStream (ConfUtils.java:logGet(46)) - raft.netty.dataStream.server.boss-group.size = 0 (default)
2024-04-26 07:45:56,866 [main] INFO  netty.NettyUtils (NettyUtils.java:newEventLoopGroup(69)) - Create EpollEventLoopGroup for 26ca528a-fda8-41f2-a9ad-48918f1fba9d-NettyServerStreamRpc-bossGroup; Thread size is 0.
2024-04-26 07:45:56,866 [main] INFO  netty.NettyConfigKeys$DataStream (ConfUtils.java:logGet(46)) - raft.netty.dataStream.server.worker-group.size = 0 (default)
2024-04-26 07:45:56,866 [main] INFO  netty.NettyUtils (NettyUtils.java:newEventLoopGroup(69)) - Create EpollEventLoopGroup for 26ca528a-fda8-41f2-a9ad-48918f1fba9d-NettyServerStreamRpc-workerGroup; Thread size is 0.
2024-04-26 07:45:56,867 [main] INFO  netty.NettyConfigKeys$DataStream (ConfUtils.java:logGet(46)) - raft.netty.dataStream.server.tls.conf = null (default)
2024-04-26 07:45:56,867 [main] INFO  netty.NettyConfigKeys$DataStream (ConfUtils.java:logGet(46)) - raft.netty.dataStream.host = null (default)
2024-04-26 07:45:56,867 [main] INFO  netty.NettyConfigKeys$DataStream (ConfUtils.java:logGet(46)) - raft.netty.dataStream.port = 15532 (custom)
2024-04-26 07:45:56,867 [main] INFO  server.RaftServerConfigKeys (ConfUtils.java:logGet(46)) - raft.server.sleep.deviation.threshold = 300ms (default)
2024-04-26 07:45:56,867 [main] INFO  server.RaftServerConfigKeys (ConfUtils.java:logGet(46)) - raft.server.close.threshold = 60s (default)
2024-04-26 07:45:56,867 [main] INFO  server.RaftServerConfigKeys (ConfUtils.java:logGet(46)) - raft.server.leaderelection.leader.step-down.wait-time = 10s (default)
2024-04-26 07:45:56,867 [main] INFO  server.RaftServerConfigKeys (ConfUtils.java:logGet(46)) - raft.server.storage.dir = [/home/runner/work/ozone/ozone/hadoop-ozone/integration-test/target/test-dir/MiniOzoneClusterImpl-864451be-9a12-4508-8431-6d052999593c/ozone-meta/datanode-9/ratis] (custom)
2024-04-26 07:45:56,867 [main] INFO  server.RaftServerConfigKeys (ConfUtils.java:logGet(46)) - raft.server.threadpool.proxy.cached = true (default)
2024-04-26 07:45:56,868 [main] INFO  server.RaftServerConfigKeys (ConfUtils.java:logGet(46)) - raft.server.threadpool.proxy.size = 0 (default)
2024-04-26 07:45:56,867 [26ca528a-fda8-41f2-a9ad-48918f1fba9d-NettyServerStreamRpc-bossGroup--thread1] INFO  logging.LoggingHandler (AbstractInternalLogger.java:log(148)) - [id: 0x90b724c6] REGISTERED
2024-04-26 07:45:56,868 [26ca528a-fda8-41f2-a9ad-48918f1fba9d-NettyServerStreamRpc-bossGroup--thread1] INFO  logging.LoggingHandler (AbstractInternalLogger.java:log(148)) - [id: 0x90b724c6] BIND: 0.0.0.0/0.0.0.0:15532
2024-04-26 07:45:56,868 [26ca528a-fda8-41f2-a9ad-48918f1fba9d-NettyServerStreamRpc-bossGroup--thread1] INFO  logging.LoggingHandler (AbstractInternalLogger.java:log(148)) - [id: 0x90b724c6, L:/0.0.0.0:15532] ACTIVE
2024-04-26 07:45:56,868 [26ca528a-fda8-41f2-a9ad-48918f1fba9d-impl-thread1] INFO  server.RaftServer (RaftServerProxy.java:initGroupDir(264)) - 26ca528a-fda8-41f2-a9ad-48918f1fba9d: found a subdirectory /home/runner/work/ozone/ozone/hadoop-ozone/integration-test/target/test-dir/MiniOzoneClusterImpl-864451be-9a12-4508-8431-6d052999593c/ozone-meta/datanode-9/ratis/tmp
2024-04-26 07:45:56,868 [26ca528a-fda8-41f2-a9ad-48918f1fba9d-impl-thread1] INFO  server.RaftServer (RaftServerProxy.java:initGroupDir(269)) - 26ca528a-fda8-41f2-a9ad-48918f1fba9d: The directory /home/runner/work/ozone/ozone/hadoop-ozone/integration-test/target/test-dir/MiniOzoneClusterImpl-864451be-9a12-4508-8431-6d052999593c/ozone-meta/datanode-9/ratis/tmp is not a group directory; ignoring it. 
2024-04-26 07:45:56,868 [main] INFO  replication.ReplicationServer (ReplicationServer.java:<init>(86)) - Initializing replication server with thread count = 10 queue length = 4096
2024-04-26 07:45:56,869 [main] INFO  server.XceiverServerGrpc (XceiverServerGrpc.java:<init>(141)) - GrpcServer channel type EpollServerSocketChannel
2024-04-26 07:45:56,870 [main] INFO  replication.ReplicationSupervisor (ReplicationSupervisor.java:build(157)) - Initializing replication supervisor with thread count = 10
2024-04-26 07:45:56,870 [main] INFO  replication.ReplicationSupervisor (ReplicationSupervisor.java:nodeStateUpdated(312)) - Node state updated to IN_SERVICE, scaling executor pool size to 10
2024-04-26 07:45:56,871 [main] INFO  http.BaseHttpServer (BaseHttpServer.java:newHttpServer2BuilderForOzone(223)) - Starting Web-server for hddsDatanode at: http://0.0.0.0:15526
2024-04-26 07:45:56,871 [main] INFO  http.BaseHttpServer (BaseHttpServer.java:<init>(110)) - Hadoop Security Enabled: false Ozone Security Enabled: false Ozone HTTP Security Enabled: false 
2024-04-26 07:45:56,871 [main] WARN  server.AuthenticationFilter (AuthenticationFilter.java:constructSecretProvider(240)) - Unable to initialize FileSignerSecretProvider, falling back to use random secrets. Reason: Could not read signature secret file: /home/runner/hadoop-http-auth-signature-secret
2024-04-26 07:45:56,872 [main] INFO  http.HttpRequestLog (HttpRequestLog.java:getRequestLog(86)) - Http request log for http.requests.hddsDatanode is not defined
2024-04-26 07:45:56,872 [main] INFO  http.HttpServer2 (HttpServer2.java:addGlobalFilter(1036)) - Added global filter 'safety' (class=org.apache.hadoop.hdds.server.http.HttpServer2$QuotingInputFilter)
2024-04-26 07:45:56,873 [main] INFO  http.HttpServer2 (HttpServer2.java:addFilter(1012)) - Added filter static_user_filter (class=org.apache.hadoop.http.lib.StaticUserWebFilter$StaticUserFilter) to context hddsDatanode
2024-04-26 07:45:56,873 [main] INFO  http.HttpServer2 (HttpServer2.java:addFilter(1020)) - Added filter static_user_filter (class=org.apache.hadoop.http.lib.StaticUserWebFilter$StaticUserFilter) to context logs
2024-04-26 07:45:56,873 [main] INFO  http.HttpServer2 (HttpServer2.java:addFilter(1020)) - Added filter static_user_filter (class=org.apache.hadoop.http.lib.StaticUserWebFilter$StaticUserFilter) to context static
2024-04-26 07:45:56,873 [main] INFO  http.BaseHttpServer (BaseHttpServer.java:<init>(189)) - HTTP server of hddsDatanode uses base directory /home/runner/work/ozone/ozone/hadoop-ozone/integration-test/target/test-dir/MiniOzoneClusterImpl-864451be-9a12-4508-8431-6d052999593c/ozone-meta/datanode-9/meta/webserver
2024-04-26 07:45:56,873 [main] INFO  http.HttpServer2 (HttpServer2.java:bindListener(1236)) - Jetty bound to port 15526
2024-04-26 07:45:56,873 [main] INFO  server.Server (Server.java:doStart(375)) - jetty-9.4.53.v20231009; built: 2023-10-09T12:29:09.265Z; git: 27bde00a0b95a1d5bbee0eae7984f891d2d0f8c9; jvm 17.0.10+7
2024-04-26 07:45:56,874 [main] INFO  server.session (DefaultSessionIdManager.java:doStart(334)) - DefaultSessionIdManager workerName=node0
2024-04-26 07:45:56,874 [main] INFO  server.session (DefaultSessionIdManager.java:doStart(339)) - No SessionScavenger set, using defaults
2024-04-26 07:45:56,874 [main] INFO  server.session (HouseKeeper.java:startScavenging(132)) - node0 Scavenging every 660000ms
2024-04-26 07:45:56,874 [main] INFO  handler.ContextHandler (ContextHandler.java:doStart(921)) - Started o.e.j.s.ServletContextHandler@5ca69552{logs,/logs,file:///home/runner/work/ozone/ozone/hadoop-ozone/integration-test/target/log,AVAILABLE}
2024-04-26 07:45:56,875 [main] INFO  handler.ContextHandler (ContextHandler.java:doStart(921)) - Started o.e.j.s.ServletContextHandler@463ffc84{static,/static,file:///home/runner/work/ozone/ozone/hadoop-hdds/container-service/target/classes/webapps/static,AVAILABLE}
2024-04-26 07:45:56,877 [main] INFO  handler.ContextHandler (ContextHandler.java:doStart(921)) - Started o.e.j.w.WebAppContext@52336a97{hddsDatanode,/,file:///home/runner/work/ozone/ozone/hadoop-hdds/container-service/target/classes/webapps/hddsDatanode/,AVAILABLE}{file:/home/runner/work/ozone/ozone/hadoop-hdds/container-service/target/classes/webapps/hddsDatanode}
2024-04-26 07:45:56,878 [main] INFO  server.AbstractConnector (AbstractConnector.java:doStart(333)) - Started ServerConnector@12599bf3{HTTP/1.1, (http/1.1)}{0.0.0.0:15526}
2024-04-26 07:45:56,878 [main] INFO  server.Server (Server.java:doStart(415)) - Started @180586ms
2024-04-26 07:45:56,878 [main] WARN  impl.MetricsSystemImpl (MetricsSystemImpl.java:register(279)) - Sink prometheus already exists!
2024-04-26 07:45:56,878 [main] INFO  http.BaseHttpServer (BaseHttpServer.java:updateConnectorAddress(354)) - HTTP server of hddsDatanode listening at http://0.0.0.0:15526
2024-04-26 07:45:56,878 [main] INFO  ipc.CallQueueManager (CallQueueManager.java:<init>(90)) - Using callQueue: class java.util.concurrent.LinkedBlockingQueue, queueCapacity: 100, scheduler: class org.apache.hadoop.ipc.DefaultRpcScheduler, ipcBackoff: false.
2024-04-26 07:45:56,879 [main] INFO  ipc.Server (Server.java:<init>(1287)) - Listener at 0.0.0.0:15527
2024-04-26 07:45:56,879 [Socket Reader #1 for port 15527] INFO  ipc.Server (Server.java:run(1323)) - Starting Socket Reader #1 for port 15527
2024-04-26 07:45:56,881 [main] INFO  ozone.HddsDatanodeService (HddsDatanodeService.java:start(327)) - Datanode start with admins: [runner]
2024-04-26 07:45:56,881 [main] INFO  ozone.HddsDatanodeClientProtocolServer (HddsDatanodeClientProtocolServer.java:start(77)) - RPC server for Client /0.0.0.0:15527
2024-04-26 07:45:56,881 [IPC Server Responder] INFO  ipc.Server (Server.java:run(1562)) - IPC Server Responder: starting
2024-04-26 07:45:56,881 [IPC Server listener on 15527] INFO  ipc.Server (Server.java:run(1402)) - IPC Server listener on 15527: starting
2024-04-26 07:45:56,881 [26ca528a-fda8-41f2-a9ad-48918f1fba9d-DatanodeStateMachineDaemonThread] INFO  statemachine.DatanodeStateMachine (DatanodeStateMachine.java:lambda$startDaemon$1(555)) - Ozone container server started.
2024-04-26 07:45:56,882 [main] INFO  ozone.MiniOzoneClusterImpl (MiniOzoneClusterImpl.java:lambda$waitForClusterToBeReady$0(194)) - Waiting for nodes to be ready. Got 0 of 9 DN Heartbeats.
2024-04-26 07:45:56,882 [main] INFO  ozone.MiniOzoneClusterImpl (MiniOzoneClusterImpl.java:lambda$waitForClusterToBeReady$0(197)) - Waiting for cluster to exit safe mode
2024-04-26 07:45:56,882 [main] INFO  ozone.MiniOzoneClusterImpl (MiniOzoneClusterImpl.java:lambda$waitForClusterToBeReady$0(199)) - SCM became leader
2024-04-26 07:45:56,883 [26ca528a-fda8-41f2-a9ad-48918f1fba9d-DatanodeStateMachineTaskThread-0] INFO  datanode.InitDatanodeState (InitDatanodeState.java:persistContainerDatanodeDetails(139)) - DatanodeDetails is persisted to /home/runner/work/ozone/ozone/hadoop-ozone/integration-test/target/test-dir/MiniOzoneClusterImpl-864451be-9a12-4508-8431-6d052999593c/ozone-meta/datanode-9/meta/datanode.id
2024-04-26 07:45:57,603 [om1@group-C5BA1605619E-FollowerState] INFO  impl.FollowerState (FollowerState.java:run(143)) - om1@group-C5BA1605619E-FollowerState: change to CANDIDATE, lastRpcElapsedTime:1190391853ns, electionTimeout:1190ms
2024-04-26 07:45:57,603 [om1@group-C5BA1605619E-FollowerState] INFO  impl.RoleInfo (RoleInfo.java:shutdownFollowerState(110)) - om1: shutdown om1@group-C5BA1605619E-FollowerState
2024-04-26 07:45:57,603 [om1@group-C5BA1605619E-FollowerState] INFO  server.RaftServer$Division (RaftServerImpl.java:setRole(383)) - om1@group-C5BA1605619E: changes role from  FOLLOWER to CANDIDATE at term 0 for changeToCandidate
2024-04-26 07:45:57,603 [om1@group-C5BA1605619E-FollowerState] INFO  server.RaftServerConfigKeys (ConfUtils.java:logGet(46)) - raft.server.leaderelection.pre-vote = true (default)
2024-04-26 07:45:57,603 [om1@group-C5BA1605619E-FollowerState] INFO  impl.RoleInfo (RoleInfo.java:updateAndGet(139)) - om1: start om1@group-C5BA1605619E-LeaderElection75
2024-04-26 07:45:57,604 [om1@group-C5BA1605619E-LeaderElection75] INFO  impl.LeaderElection (LeaderElection.java:askForVotes(321)) - om1@group-C5BA1605619E-LeaderElection75 PRE_VOTE round 0: submit vote requests at term 0 for -1: peers:[om1|localhost:15452]|listeners:[], old=null
2024-04-26 07:45:57,604 [om1@group-C5BA1605619E-LeaderElection75] INFO  impl.LeaderElection (LeaderElection.java:askForVotes(323)) - om1@group-C5BA1605619E-LeaderElection75 PRE_VOTE round 0: result PASSED (term=0)
2024-04-26 07:45:57,605 [om1@group-C5BA1605619E-LeaderElection75] INFO  impl.LeaderElection (LeaderElection.java:askForVotes(321)) - om1@group-C5BA1605619E-LeaderElection75 ELECTION round 0: submit vote requests at term 1 for -1: peers:[om1|localhost:15452]|listeners:[], old=null
2024-04-26 07:45:57,605 [om1@group-C5BA1605619E-LeaderElection75] INFO  impl.LeaderElection (LeaderElection.java:askForVotes(323)) - om1@group-C5BA1605619E-LeaderElection75 ELECTION round 0: result PASSED (term=1)
2024-04-26 07:45:57,605 [om1@group-C5BA1605619E-LeaderElection75] INFO  impl.RoleInfo (RoleInfo.java:shutdownLeaderElection(130)) - om1: shutdown om1@group-C5BA1605619E-LeaderElection75
2024-04-26 07:45:57,605 [om1@group-C5BA1605619E-LeaderElection75] INFO  server.RaftServer$Division (RaftServerImpl.java:setRole(383)) - om1@group-C5BA1605619E: changes role from CANDIDATE to LEADER at term 1 for changeToLeader
2024-04-26 07:45:57,605 [om1@group-C5BA1605619E-LeaderElection75] INFO  server.RaftServerConfigKeys (ConfUtils.java:logGet(46)) - raft.server.staging.catchup.gap = 1000 (default)
2024-04-26 07:45:57,605 [om1@group-C5BA1605619E-LeaderElection75] INFO  server.RaftServerConfigKeys (ConfUtils.java:logGet(46)) - raft.server.write.element-limit = 4096 (default)
2024-04-26 07:45:57,605 [om1@group-C5BA1605619E-LeaderElection75] INFO  server.RaftServerConfigKeys (ConfUtils.java:logGet(46)) - raft.server.write.byte-limit = 64MB (=67108864) (default)
2024-04-26 07:45:57,605 [om1@group-C5BA1605619E-LeaderElection75] INFO  server.RaftServerConfigKeys (ConfUtils.java:logGet(46)) - raft.server.watch.timeout = 10s (default)
2024-04-26 07:45:57,605 [om1@group-C5BA1605619E-LeaderElection75] INFO  server.RaftServerConfigKeys (ConfUtils.java:logGet(46)) - raft.server.watch.timeout.denomination = 1s (default)
2024-04-26 07:45:57,605 [om1@group-C5BA1605619E-LeaderElection75] INFO  server.RaftServerConfigKeys (ConfUtils.java:logGet(46)) - raft.server.watch.element-limit = 65536 (default)
2024-04-26 07:45:57,605 [om1@group-C5BA1605619E-LeaderElection75] INFO  server.RaftServerConfigKeys (ConfUtils.java:logGet(46)) - raft.server.read.leader.lease.enabled = false (default)
2024-04-26 07:45:57,606 [om1@group-C5BA1605619E-LeaderElection75] INFO  server.RaftServerConfigKeys (ConfUtils.java:logGet(46)) - raft.server.read.leader.lease.timeout.ratio = 0.9 (default)
2024-04-26 07:45:57,606 [om1@group-C5BA1605619E-LeaderElection75] INFO  server.RaftServerConfigKeys (ConfUtils.java:logGet(46)) - raft.server.rpc.timeout.min = 1s (custom)
2024-04-26 07:45:57,606 [om1@group-C5BA1605619E-LeaderElection75] INFO  server.RaftServerConfigKeys (ConfUtils.java:logGet(46)) - raft.server.write.element-limit = 4096 (default)
2024-04-26 07:45:57,606 [om1@group-C5BA1605619E-LeaderElection75] INFO  server.RaftServerConfigKeys (ConfUtils.java:logGet(46)) - raft.server.write.follower.gap.ratio.max = -1.0 (default)
2024-04-26 07:45:57,606 [om1@group-C5BA1605619E-LeaderElection75] INFO  impl.RoleInfo (RoleInfo.java:updateAndGet(139)) - om1: start om1@group-C5BA1605619E-LeaderStateImpl
2024-04-26 07:45:57,606 [om1@group-C5BA1605619E-LeaderElection75] INFO  server.RaftServer$Division (RaftServerImpl.java:setFirstElection(574)) - om1@group-C5BA1605619E: set firstElectionSinceStartup to false for becomeLeader
2024-04-26 07:45:57,606 [om1@group-C5BA1605619E-LeaderElection75] INFO  server.RaftServer$Division (ServerState.java:setLeader(269)) - om1@group-C5BA1605619E: change Leader from null to om1 at term 1 for becomeLeader, leader elected after 1439ms
2024-04-26 07:45:57,606 [om1@group-C5BA1605619E-LeaderElection75] INFO  segmented.SegmentedRaftLogWorker (SegmentedRaftLogWorker.java:startLogSegment(430)) - om1@group-C5BA1605619E-SegmentedRaftLogWorker: Starting segment from index:0
2024-04-26 07:45:57,606 [om1@group-C5BA1605619E-LeaderElection75] INFO  server.RaftServer$Division (ServerState.java:setRaftConf(386)) - om1@group-C5BA1605619E: set configuration 0: peers:[om1|localhost:15452]|listeners:[], old=null
2024-04-26 07:45:57,607 [om1@group-C5BA1605619E-SegmentedRaftLogWorker] INFO  segmented.BufferedWriteChannel (BufferedWriteChannel.java:open(62)) - open log_inprogress_0 at position 0
2024-04-26 07:45:57,614 [om1@group-C5BA1605619E-SegmentedRaftLogWorker] INFO  segmented.SegmentedRaftLogWorker (SegmentedRaftLogWorker.java:execute(634)) - om1@group-C5BA1605619E-SegmentedRaftLogWorker: created new log segment /home/runner/work/ozone/ozone/hadoop-ozone/integration-test/target/test-dir/MiniOzoneClusterImpl-864451be-9a12-4508-8431-6d052999593c/ozone-meta/ratis/bf265839-605b-3f16-9796-c5ba1605619e/current/log_inprogress_0
2024-04-26 07:45:57,615 [om1@group-C5BA1605619E-StateMachineUpdater] INFO  ratis.OzoneManagerStateMachine (OzoneManagerStateMachine.java:notifyConfigurationChanged(212)) - Received Configuration change notification from Ratis. New Peer list:
[id: "om1"
address: "localhost:15452"
startupRole: FOLLOWER
]
2024-04-26 07:45:57,615 [om1@group-C5BA1605619E-StateMachineUpdater] INFO  server.RaftServer$Division (LeaderStateImpl.java:isApplied(320)) - leader is ready since appliedIndex == 0 >= startIndex == 0
2024-04-26 07:45:57,882 [main] INFO  ozone.MiniOzoneClusterImpl (MiniOzoneClusterImpl.java:lambda$waitForClusterToBeReady$0(194)) - Waiting for nodes to be ready. Got 0 of 9 DN Heartbeats.
2024-04-26 07:45:57,882 [main] INFO  ozone.MiniOzoneClusterImpl (MiniOzoneClusterImpl.java:lambda$waitForClusterToBeReady$0(197)) - Waiting for cluster to exit safe mode
2024-04-26 07:45:57,882 [main] INFO  ozone.MiniOzoneClusterImpl (MiniOzoneClusterImpl.java:lambda$waitForClusterToBeReady$0(199)) - SCM became leader
2024-04-26 07:45:58,526 [576b0e19-35c7-479f-a3f8-cac44c071a4a-EndpointStateMachineTaskThread-/0.0.0.0:15447-0 ] INFO  utils.DatanodeStoreCache (DatanodeStoreCache.java:addDB(72)) - Added db /home/runner/work/ozone/ozone/hadoop-ozone/integration-test/target/test-dir/MiniOzoneClusterImpl-864451be-9a12-4508-8431-6d052999593c/ozone-meta/datanode-1/data-0/hdds/864451be-9a12-4508-8431-6d052999593c/DS-6e1043c3-ec8b-4f67-882a-cde8761ac1ae/container.db to cache
2024-04-26 07:45:58,526 [576b0e19-35c7-479f-a3f8-cac44c071a4a-EndpointStateMachineTaskThread-/0.0.0.0:15447-0 ] INFO  volume.HddsVolume (HddsVolume.java:createDbStore(437)) - SchemaV3 db is created and loaded at /home/runner/work/ozone/ozone/hadoop-ozone/integration-test/target/test-dir/MiniOzoneClusterImpl-864451be-9a12-4508-8431-6d052999593c/ozone-meta/datanode-1/data-0/hdds/864451be-9a12-4508-8431-6d052999593c/DS-6e1043c3-ec8b-4f67-882a-cde8761ac1ae/container.db for volume DS-6e1043c3-ec8b-4f67-882a-cde8761ac1ae
2024-04-26 07:45:58,527 [576b0e19-35c7-479f-a3f8-cac44c071a4a-ContainerReader-0] INFO  ozoneimpl.ContainerReader (ContainerReader.java:readVolume(148)) - Start to verify containers on volume /home/runner/work/ozone/ozone/hadoop-ozone/integration-test/target/test-dir/MiniOzoneClusterImpl-864451be-9a12-4508-8431-6d052999593c/ozone-meta/datanode-1/data-0/hdds
2024-04-26 07:45:58,527 [576b0e19-35c7-479f-a3f8-cac44c071a4a-ContainerReader-0] INFO  ozoneimpl.ContainerReader (ContainerReader.java:readVolume(178)) - Finish verifying containers on volume /home/runner/work/ozone/ozone/hadoop-ozone/integration-test/target/test-dir/MiniOzoneClusterImpl-864451be-9a12-4508-8431-6d052999593c/ozone-meta/datanode-1/data-0/hdds
2024-04-26 07:45:58,528 [576b0e19-35c7-479f-a3f8-cac44c071a4a-EndpointStateMachineTaskThread-/0.0.0.0:15447-0 ] INFO  ozoneimpl.OzoneContainer (OzoneContainer.java:buildContainerSet(328)) - Build ContainerSet costs 0s
2024-04-26 07:45:58,528 [576b0e19-35c7-479f-a3f8-cac44c071a4a-EndpointStateMachineTaskThread-/0.0.0.0:15447-0 ] INFO  volume.ThrottledAsyncChecker (ThrottledAsyncChecker.java:schedule(141)) - Scheduling a check for /home/runner/work/ozone/ozone/hadoop-ozone/integration-test/target/test-dir/MiniOzoneClusterImpl-864451be-9a12-4508-8431-6d052999593c/ozone-meta/datanode-1/data-0/hdds
2024-04-26 07:45:58,528 [576b0e19-35c7-479f-a3f8-cac44c071a4a-EndpointStateMachineTaskThread-/0.0.0.0:15447-0 ] INFO  volume.StorageVolumeChecker (StorageVolumeChecker.java:checkAllVolumes(218)) - Scheduled health check for volume /home/runner/work/ozone/ozone/hadoop-ozone/integration-test/target/test-dir/MiniOzoneClusterImpl-864451be-9a12-4508-8431-6d052999593c/ozone-meta/datanode-1/data-0/hdds
2024-04-26 07:45:58,529 [576b0e19-35c7-479f-a3f8-cac44c071a4a-EndpointStateMachineTaskThread-/0.0.0.0:15447-0 ] INFO  volume.ThrottledAsyncChecker (ThrottledAsyncChecker.java:schedule(141)) - Scheduling a check for /home/runner/work/ozone/ozone/hadoop-ozone/integration-test/target/test-dir/MiniOzoneClusterImpl-864451be-9a12-4508-8431-6d052999593c/ozone-meta/datanode-1/ratis
2024-04-26 07:45:58,529 [576b0e19-35c7-479f-a3f8-cac44c071a4a-EndpointStateMachineTaskThread-/0.0.0.0:15447-0 ] INFO  volume.StorageVolumeChecker (StorageVolumeChecker.java:checkAllVolumes(218)) - Scheduled health check for volume /home/runner/work/ozone/ozone/hadoop-ozone/integration-test/target/test-dir/MiniOzoneClusterImpl-864451be-9a12-4508-8431-6d052999593c/ozone-meta/datanode-1/ratis
2024-04-26 07:45:58,530 [576b0e19-35c7-479f-a3f8-cac44c071a4a-EndpointStateMachineTaskThread-/0.0.0.0:15447-0 ] INFO  ozoneimpl.OzoneContainer (OzoneContainer.java:start(459)) - Attempting to start container services.
2024-04-26 07:45:58,530 [ContainerMetadataScanner] INFO  ozoneimpl.AbstractBackgroundContainerScanner (AbstractBackgroundContainerScanner.java:runIteration(87)) - Completed an iteration in 0 minutes. Number of iterations (since the data-node restart) : 1, Number of containers scanned in this iteration : 0, Number of unhealthy containers found in this iteration : 0
2024-04-26 07:45:58,530 [ContainerDataScanner(/home/runner/work/ozone/ozone/hadoop-ozone/integration-test/target/test-dir/MiniOzoneClusterImpl-864451be-9a12-4508-8431-6d052999593c/ozone-meta/datanode-1/data-0/hdds)] INFO  ozoneimpl.AbstractBackgroundContainerScanner (AbstractBackgroundContainerScanner.java:runIteration(87)) - Completed an iteration in 0 minutes. Number of iterations (since the data-node restart) : 1, Number of containers scanned in this iteration : 0, Number of unhealthy containers found in this iteration : 0
2024-04-26 07:45:58,530 [576b0e19-35c7-479f-a3f8-cac44c071a4a-EndpointStateMachineTaskThread-/0.0.0.0:15447-0 ] INFO  replication.ReplicationServer (ReplicationServer.java:start(142)) - ReplicationServer is started using port 15461
2024-04-26 07:45:58,530 [576b0e19-35c7-479f-a3f8-cac44c071a4a-EndpointStateMachineTaskThread-/0.0.0.0:15447-0 ] INFO  ratis.XceiverServerRatis (XceiverServerRatis.java:start(566)) - Starting XceiverServerRatis 576b0e19-35c7-479f-a3f8-cac44c071a4a
2024-04-26 07:45:58,531 [576b0e19-35c7-479f-a3f8-cac44c071a4a-EndpointStateMachineTaskThread-/0.0.0.0:15447-0 ] INFO  server.RaftServer (RaftServerProxy.java:startImpl(406)) - 576b0e19-35c7-479f-a3f8-cac44c071a4a: start RPC server
2024-04-26 07:45:58,531 [576b0e19-35c7-479f-a3f8-cac44c071a4a-EndpointStateMachineTaskThread-/0.0.0.0:15447-0 ] INFO  server.GrpcService (GrpcService.java:startImpl(302)) - 576b0e19-35c7-479f-a3f8-cac44c071a4a: GrpcService started, listening on 15457
2024-04-26 07:45:58,531 [576b0e19-35c7-479f-a3f8-cac44c071a4a-EndpointStateMachineTaskThread-/0.0.0.0:15447-0 ] INFO  server.GrpcService (GrpcService.java:startImpl(302)) - 576b0e19-35c7-479f-a3f8-cac44c071a4a: GrpcService started, listening on 15459
2024-04-26 07:45:58,531 [576b0e19-35c7-479f-a3f8-cac44c071a4a-EndpointStateMachineTaskThread-/0.0.0.0:15447-0 ] INFO  server.GrpcService (GrpcService.java:startImpl(302)) - 576b0e19-35c7-479f-a3f8-cac44c071a4a: GrpcService started, listening on 15458
2024-04-26 07:45:58,532 [576b0e19-35c7-479f-a3f8-cac44c071a4a-EndpointStateMachineTaskThread-/0.0.0.0:15447-0 ] INFO  ratis.XceiverServerRatis (XceiverServerRatis.java:getRealPort(592)) - XceiverServerRatis 576b0e19-35c7-479f-a3f8-cac44c071a4a is started using port 15457 for RATIS
2024-04-26 07:45:58,532 [576b0e19-35c7-479f-a3f8-cac44c071a4a-EndpointStateMachineTaskThread-/0.0.0.0:15447-0 ] INFO  ratis.XceiverServerRatis (XceiverServerRatis.java:getRealPort(592)) - XceiverServerRatis 576b0e19-35c7-479f-a3f8-cac44c071a4a is started using port 15458 for RATIS_ADMIN
2024-04-26 07:45:58,532 [576b0e19-35c7-479f-a3f8-cac44c071a4a-EndpointStateMachineTaskThread-/0.0.0.0:15447-0 ] INFO  ratis.XceiverServerRatis (XceiverServerRatis.java:getRealPort(592)) - XceiverServerRatis 576b0e19-35c7-479f-a3f8-cac44c071a4a is started using port 15459 for RATIS_SERVER
2024-04-26 07:45:58,532 [576b0e19-35c7-479f-a3f8-cac44c071a4a-EndpointStateMachineTaskThread-/0.0.0.0:15447-0 ] INFO  ratis.XceiverServerRatis (XceiverServerRatis.java:getRealPort(592)) - XceiverServerRatis 576b0e19-35c7-479f-a3f8-cac44c071a4a is started using port 15460 for RATIS_DATASTREAM
2024-04-26 07:45:58,532 [JvmPauseMonitor57] INFO  util.JvmPauseMonitor (JvmPauseMonitor.java:run(146)) - JvmPauseMonitor-576b0e19-35c7-479f-a3f8-cac44c071a4a: Started
2024-04-26 07:45:58,533 [576b0e19-35c7-479f-a3f8-cac44c071a4a-BlockDeletingService#0] INFO  interfaces.ContainerDeletionChoosingPolicyTemplate (ContainerDeletionChoosingPolicyTemplate.java:chooseContainerForBlockDeletion(85)) - Chosen 0/5000 blocks from 0 candidate containers.
2024-04-26 07:45:58,571 [e753b894-9081-4960-806d-bc57228f6e3a-EndpointStateMachineTaskThread-/0.0.0.0:15447-0 ] INFO  utils.DatanodeStoreCache (DatanodeStoreCache.java:addDB(72)) - Added db /home/runner/work/ozone/ozone/hadoop-ozone/integration-test/target/test-dir/MiniOzoneClusterImpl-864451be-9a12-4508-8431-6d052999593c/ozone-meta/datanode-2/data-0/hdds/864451be-9a12-4508-8431-6d052999593c/DS-69313847-8bb8-43a4-8970-b094fdf4cce5/container.db to cache
2024-04-26 07:45:58,572 [e753b894-9081-4960-806d-bc57228f6e3a-EndpointStateMachineTaskThread-/0.0.0.0:15447-0 ] INFO  volume.HddsVolume (HddsVolume.java:createDbStore(437)) - SchemaV3 db is created and loaded at /home/runner/work/ozone/ozone/hadoop-ozone/integration-test/target/test-dir/MiniOzoneClusterImpl-864451be-9a12-4508-8431-6d052999593c/ozone-meta/datanode-2/data-0/hdds/864451be-9a12-4508-8431-6d052999593c/DS-69313847-8bb8-43a4-8970-b094fdf4cce5/container.db for volume DS-69313847-8bb8-43a4-8970-b094fdf4cce5
2024-04-26 07:45:58,573 [e753b894-9081-4960-806d-bc57228f6e3a-ContainerReader-0] INFO  ozoneimpl.ContainerReader (ContainerReader.java:readVolume(148)) - Start to verify containers on volume /home/runner/work/ozone/ozone/hadoop-ozone/integration-test/target/test-dir/MiniOzoneClusterImpl-864451be-9a12-4508-8431-6d052999593c/ozone-meta/datanode-2/data-0/hdds
2024-04-26 07:45:58,573 [e753b894-9081-4960-806d-bc57228f6e3a-ContainerReader-0] INFO  ozoneimpl.ContainerReader (ContainerReader.java:readVolume(178)) - Finish verifying containers on volume /home/runner/work/ozone/ozone/hadoop-ozone/integration-test/target/test-dir/MiniOzoneClusterImpl-864451be-9a12-4508-8431-6d052999593c/ozone-meta/datanode-2/data-0/hdds
2024-04-26 07:45:58,573 [e753b894-9081-4960-806d-bc57228f6e3a-EndpointStateMachineTaskThread-/0.0.0.0:15447-0 ] INFO  ozoneimpl.OzoneContainer (OzoneContainer.java:buildContainerSet(328)) - Build ContainerSet costs 0s
2024-04-26 07:45:58,576 [e753b894-9081-4960-806d-bc57228f6e3a-EndpointStateMachineTaskThread-/0.0.0.0:15447-0 ] INFO  volume.ThrottledAsyncChecker (ThrottledAsyncChecker.java:schedule(141)) - Scheduling a check for /home/runner/work/ozone/ozone/hadoop-ozone/integration-test/target/test-dir/MiniOzoneClusterImpl-864451be-9a12-4508-8431-6d052999593c/ozone-meta/datanode-2/data-0/hdds
2024-04-26 07:45:58,577 [e753b894-9081-4960-806d-bc57228f6e3a-EndpointStateMachineTaskThread-/0.0.0.0:15447-0 ] INFO  volume.StorageVolumeChecker (StorageVolumeChecker.java:checkAllVolumes(218)) - Scheduled health check for volume /home/runner/work/ozone/ozone/hadoop-ozone/integration-test/target/test-dir/MiniOzoneClusterImpl-864451be-9a12-4508-8431-6d052999593c/ozone-meta/datanode-2/data-0/hdds
2024-04-26 07:45:58,577 [e753b894-9081-4960-806d-bc57228f6e3a-EndpointStateMachineTaskThread-/0.0.0.0:15447-0 ] INFO  volume.ThrottledAsyncChecker (ThrottledAsyncChecker.java:schedule(141)) - Scheduling a check for /home/runner/work/ozone/ozone/hadoop-ozone/integration-test/target/test-dir/MiniOzoneClusterImpl-864451be-9a12-4508-8431-6d052999593c/ozone-meta/datanode-2/ratis
2024-04-26 07:45:58,577 [e753b894-9081-4960-806d-bc57228f6e3a-EndpointStateMachineTaskThread-/0.0.0.0:15447-0 ] INFO  volume.StorageVolumeChecker (StorageVolumeChecker.java:checkAllVolumes(218)) - Scheduled health check for volume /home/runner/work/ozone/ozone/hadoop-ozone/integration-test/target/test-dir/MiniOzoneClusterImpl-864451be-9a12-4508-8431-6d052999593c/ozone-meta/datanode-2/ratis
2024-04-26 07:45:58,578 [e753b894-9081-4960-806d-bc57228f6e3a-EndpointStateMachineTaskThread-/0.0.0.0:15447-0 ] INFO  ozoneimpl.OzoneContainer (OzoneContainer.java:start(459)) - Attempting to start container services.
2024-04-26 07:45:58,578 [e753b894-9081-4960-806d-bc57228f6e3a-EndpointStateMachineTaskThread-/0.0.0.0:15447-0 ] WARN  ozoneimpl.OnDemandContainerDataScanner (OnDemandContainerDataScanner.java:init(75)) - Trying to initialize on demand scanner a second time on a datanode.
2024-04-26 07:45:58,579 [ContainerMetadataScanner] INFO  ozoneimpl.AbstractBackgroundContainerScanner (AbstractBackgroundContainerScanner.java:runIteration(87)) - Completed an iteration in 0 minutes. Number of iterations (since the data-node restart) : 1, Number of containers scanned in this iteration : 0, Number of unhealthy containers found in this iteration : 0
2024-04-26 07:45:58,579 [e753b894-9081-4960-806d-bc57228f6e3a-EndpointStateMachineTaskThread-/0.0.0.0:15447-0 ] INFO  replication.ReplicationServer (ReplicationServer.java:start(142)) - ReplicationServer is started using port 15470
2024-04-26 07:45:58,579 [e753b894-9081-4960-806d-bc57228f6e3a-EndpointStateMachineTaskThread-/0.0.0.0:15447-0 ] INFO  ratis.XceiverServerRatis (XceiverServerRatis.java:start(566)) - Starting XceiverServerRatis e753b894-9081-4960-806d-bc57228f6e3a
2024-04-26 07:45:58,579 [ContainerDataScanner(/home/runner/work/ozone/ozone/hadoop-ozone/integration-test/target/test-dir/MiniOzoneClusterImpl-864451be-9a12-4508-8431-6d052999593c/ozone-meta/datanode-2/data-0/hdds)] INFO  ozoneimpl.AbstractBackgroundContainerScanner (AbstractBackgroundContainerScanner.java:runIteration(87)) - Completed an iteration in 0 minutes. Number of iterations (since the data-node restart) : 1, Number of containers scanned in this iteration : 0, Number of unhealthy containers found in this iteration : 0
2024-04-26 07:45:58,581 [e753b894-9081-4960-806d-bc57228f6e3a-EndpointStateMachineTaskThread-/0.0.0.0:15447-0 ] INFO  server.RaftServer (RaftServerProxy.java:startImpl(406)) - e753b894-9081-4960-806d-bc57228f6e3a: start RPC server
2024-04-26 07:45:58,581 [e753b894-9081-4960-806d-bc57228f6e3a-EndpointStateMachineTaskThread-/0.0.0.0:15447-0 ] INFO  server.GrpcService (GrpcService.java:startImpl(302)) - e753b894-9081-4960-806d-bc57228f6e3a: GrpcService started, listening on 15466
2024-04-26 07:45:58,581 [e753b894-9081-4960-806d-bc57228f6e3a-EndpointStateMachineTaskThread-/0.0.0.0:15447-0 ] INFO  server.GrpcService (GrpcService.java:startImpl(302)) - e753b894-9081-4960-806d-bc57228f6e3a: GrpcService started, listening on 15468
2024-04-26 07:45:58,581 [e753b894-9081-4960-806d-bc57228f6e3a-EndpointStateMachineTaskThread-/0.0.0.0:15447-0 ] INFO  server.GrpcService (GrpcService.java:startImpl(302)) - e753b894-9081-4960-806d-bc57228f6e3a: GrpcService started, listening on 15467
2024-04-26 07:45:58,581 [e753b894-9081-4960-806d-bc57228f6e3a-EndpointStateMachineTaskThread-/0.0.0.0:15447-0 ] INFO  ratis.XceiverServerRatis (XceiverServerRatis.java:getRealPort(592)) - XceiverServerRatis e753b894-9081-4960-806d-bc57228f6e3a is started using port 15466 for RATIS
2024-04-26 07:45:58,581 [e753b894-9081-4960-806d-bc57228f6e3a-EndpointStateMachineTaskThread-/0.0.0.0:15447-0 ] INFO  ratis.XceiverServerRatis (XceiverServerRatis.java:getRealPort(592)) - XceiverServerRatis e753b894-9081-4960-806d-bc57228f6e3a is started using port 15467 for RATIS_ADMIN
2024-04-26 07:45:58,582 [e753b894-9081-4960-806d-bc57228f6e3a-EndpointStateMachineTaskThread-/0.0.0.0:15447-0 ] INFO  ratis.XceiverServerRatis (XceiverServerRatis.java:getRealPort(592)) - XceiverServerRatis e753b894-9081-4960-806d-bc57228f6e3a is started using port 15468 for RATIS_SERVER
2024-04-26 07:45:58,582 [e753b894-9081-4960-806d-bc57228f6e3a-EndpointStateMachineTaskThread-/0.0.0.0:15447-0 ] INFO  ratis.XceiverServerRatis (XceiverServerRatis.java:getRealPort(592)) - XceiverServerRatis e753b894-9081-4960-806d-bc57228f6e3a is started using port 15469 for RATIS_DATASTREAM
2024-04-26 07:45:58,581 [JvmPauseMonitor58] INFO  util.JvmPauseMonitor (JvmPauseMonitor.java:run(146)) - JvmPauseMonitor-e753b894-9081-4960-806d-bc57228f6e3a: Started
2024-04-26 07:45:58,585 [e753b894-9081-4960-806d-bc57228f6e3a-BlockDeletingService#0] INFO  interfaces.ContainerDeletionChoosingPolicyTemplate (ContainerDeletionChoosingPolicyTemplate.java:chooseContainerForBlockDeletion(85)) - Chosen 0/5000 blocks from 0 candidate containers.
2024-04-26 07:45:58,621 [ddce2076-1575-41c9-8de9-fd704b659682-EndpointStateMachineTaskThread-/0.0.0.0:15447-0 ] INFO  utils.DatanodeStoreCache (DatanodeStoreCache.java:addDB(72)) - Added db /home/runner/work/ozone/ozone/hadoop-ozone/integration-test/target/test-dir/MiniOzoneClusterImpl-864451be-9a12-4508-8431-6d052999593c/ozone-meta/datanode-3/data-0/hdds/864451be-9a12-4508-8431-6d052999593c/DS-9c166471-2bb5-4a03-943a-9a2c640845b4/container.db to cache
2024-04-26 07:45:58,621 [ddce2076-1575-41c9-8de9-fd704b659682-EndpointStateMachineTaskThread-/0.0.0.0:15447-0 ] INFO  volume.HddsVolume (HddsVolume.java:createDbStore(437)) - SchemaV3 db is created and loaded at /home/runner/work/ozone/ozone/hadoop-ozone/integration-test/target/test-dir/MiniOzoneClusterImpl-864451be-9a12-4508-8431-6d052999593c/ozone-meta/datanode-3/data-0/hdds/864451be-9a12-4508-8431-6d052999593c/DS-9c166471-2bb5-4a03-943a-9a2c640845b4/container.db for volume DS-9c166471-2bb5-4a03-943a-9a2c640845b4
2024-04-26 07:45:58,622 [ddce2076-1575-41c9-8de9-fd704b659682-ContainerReader-0] INFO  ozoneimpl.ContainerReader (ContainerReader.java:readVolume(148)) - Start to verify containers on volume /home/runner/work/ozone/ozone/hadoop-ozone/integration-test/target/test-dir/MiniOzoneClusterImpl-864451be-9a12-4508-8431-6d052999593c/ozone-meta/datanode-3/data-0/hdds
2024-04-26 07:45:58,622 [ddce2076-1575-41c9-8de9-fd704b659682-ContainerReader-0] INFO  ozoneimpl.ContainerReader (ContainerReader.java:readVolume(178)) - Finish verifying containers on volume /home/runner/work/ozone/ozone/hadoop-ozone/integration-test/target/test-dir/MiniOzoneClusterImpl-864451be-9a12-4508-8431-6d052999593c/ozone-meta/datanode-3/data-0/hdds
2024-04-26 07:45:58,622 [ddce2076-1575-41c9-8de9-fd704b659682-EndpointStateMachineTaskThread-/0.0.0.0:15447-0 ] INFO  ozoneimpl.OzoneContainer (OzoneContainer.java:buildContainerSet(328)) - Build ContainerSet costs 0s
2024-04-26 07:45:58,622 [ddce2076-1575-41c9-8de9-fd704b659682-EndpointStateMachineTaskThread-/0.0.0.0:15447-0 ] INFO  volume.ThrottledAsyncChecker (ThrottledAsyncChecker.java:schedule(141)) - Scheduling a check for /home/runner/work/ozone/ozone/hadoop-ozone/integration-test/target/test-dir/MiniOzoneClusterImpl-864451be-9a12-4508-8431-6d052999593c/ozone-meta/datanode-3/data-0/hdds
2024-04-26 07:45:58,622 [ddce2076-1575-41c9-8de9-fd704b659682-EndpointStateMachineTaskThread-/0.0.0.0:15447-0 ] INFO  volume.StorageVolumeChecker (StorageVolumeChecker.java:checkAllVolumes(218)) - Scheduled health check for volume /home/runner/work/ozone/ozone/hadoop-ozone/integration-test/target/test-dir/MiniOzoneClusterImpl-864451be-9a12-4508-8431-6d052999593c/ozone-meta/datanode-3/data-0/hdds
2024-04-26 07:45:58,623 [ddce2076-1575-41c9-8de9-fd704b659682-EndpointStateMachineTaskThread-/0.0.0.0:15447-0 ] INFO  volume.ThrottledAsyncChecker (ThrottledAsyncChecker.java:schedule(141)) - Scheduling a check for /home/runner/work/ozone/ozone/hadoop-ozone/integration-test/target/test-dir/MiniOzoneClusterImpl-864451be-9a12-4508-8431-6d052999593c/ozone-meta/datanode-3/ratis
2024-04-26 07:45:58,623 [ddce2076-1575-41c9-8de9-fd704b659682-EndpointStateMachineTaskThread-/0.0.0.0:15447-0 ] INFO  volume.StorageVolumeChecker (StorageVolumeChecker.java:checkAllVolumes(218)) - Scheduled health check for volume /home/runner/work/ozone/ozone/hadoop-ozone/integration-test/target/test-dir/MiniOzoneClusterImpl-864451be-9a12-4508-8431-6d052999593c/ozone-meta/datanode-3/ratis
2024-04-26 07:45:58,624 [ddce2076-1575-41c9-8de9-fd704b659682-EndpointStateMachineTaskThread-/0.0.0.0:15447-0 ] INFO  ozoneimpl.OzoneContainer (OzoneContainer.java:start(459)) - Attempting to start container services.
2024-04-26 07:45:58,624 [ddce2076-1575-41c9-8de9-fd704b659682-EndpointStateMachineTaskThread-/0.0.0.0:15447-0 ] WARN  ozoneimpl.OnDemandContainerDataScanner (OnDemandContainerDataScanner.java:init(75)) - Trying to initialize on demand scanner a second time on a datanode.
2024-04-26 07:45:58,624 [ContainerMetadataScanner] INFO  ozoneimpl.AbstractBackgroundContainerScanner (AbstractBackgroundContainerScanner.java:runIteration(87)) - Completed an iteration in 0 minutes. Number of iterations (since the data-node restart) : 1, Number of containers scanned in this iteration : 0, Number of unhealthy containers found in this iteration : 0
2024-04-26 07:45:58,625 [ddce2076-1575-41c9-8de9-fd704b659682-EndpointStateMachineTaskThread-/0.0.0.0:15447-0 ] INFO  replication.ReplicationServer (ReplicationServer.java:start(142)) - ReplicationServer is started using port 15479
2024-04-26 07:45:58,625 [ddce2076-1575-41c9-8de9-fd704b659682-EndpointStateMachineTaskThread-/0.0.0.0:15447-0 ] INFO  ratis.XceiverServerRatis (XceiverServerRatis.java:start(566)) - Starting XceiverServerRatis ddce2076-1575-41c9-8de9-fd704b659682
2024-04-26 07:45:58,625 [ContainerDataScanner(/home/runner/work/ozone/ozone/hadoop-ozone/integration-test/target/test-dir/MiniOzoneClusterImpl-864451be-9a12-4508-8431-6d052999593c/ozone-meta/datanode-3/data-0/hdds)] INFO  ozoneimpl.AbstractBackgroundContainerScanner (AbstractBackgroundContainerScanner.java:runIteration(87)) - Completed an iteration in 0 minutes. Number of iterations (since the data-node restart) : 1, Number of containers scanned in this iteration : 0, Number of unhealthy containers found in this iteration : 0
2024-04-26 07:45:58,626 [ddce2076-1575-41c9-8de9-fd704b659682-EndpointStateMachineTaskThread-/0.0.0.0:15447-0 ] INFO  server.RaftServer (RaftServerProxy.java:startImpl(406)) - ddce2076-1575-41c9-8de9-fd704b659682: start RPC server
2024-04-26 07:45:58,626 [ddce2076-1575-41c9-8de9-fd704b659682-EndpointStateMachineTaskThread-/0.0.0.0:15447-0 ] INFO  server.GrpcService (GrpcService.java:startImpl(302)) - ddce2076-1575-41c9-8de9-fd704b659682: GrpcService started, listening on 15475
2024-04-26 07:45:58,626 [ddce2076-1575-41c9-8de9-fd704b659682-EndpointStateMachineTaskThread-/0.0.0.0:15447-0 ] INFO  server.GrpcService (GrpcService.java:startImpl(302)) - ddce2076-1575-41c9-8de9-fd704b659682: GrpcService started, listening on 15477
2024-04-26 07:45:58,626 [ddce2076-1575-41c9-8de9-fd704b659682-EndpointStateMachineTaskThread-/0.0.0.0:15447-0 ] INFO  server.GrpcService (GrpcService.java:startImpl(302)) - ddce2076-1575-41c9-8de9-fd704b659682: GrpcService started, listening on 15476
2024-04-26 07:45:58,626 [ddce2076-1575-41c9-8de9-fd704b659682-EndpointStateMachineTaskThread-/0.0.0.0:15447-0 ] INFO  ratis.XceiverServerRatis (XceiverServerRatis.java:getRealPort(592)) - XceiverServerRatis ddce2076-1575-41c9-8de9-fd704b659682 is started using port 15475 for RATIS
2024-04-26 07:45:58,626 [ddce2076-1575-41c9-8de9-fd704b659682-EndpointStateMachineTaskThread-/0.0.0.0:15447-0 ] INFO  ratis.XceiverServerRatis (XceiverServerRatis.java:getRealPort(592)) - XceiverServerRatis ddce2076-1575-41c9-8de9-fd704b659682 is started using port 15476 for RATIS_ADMIN
2024-04-26 07:45:58,626 [ddce2076-1575-41c9-8de9-fd704b659682-EndpointStateMachineTaskThread-/0.0.0.0:15447-0 ] INFO  ratis.XceiverServerRatis (XceiverServerRatis.java:getRealPort(592)) - XceiverServerRatis ddce2076-1575-41c9-8de9-fd704b659682 is started using port 15477 for RATIS_SERVER
2024-04-26 07:45:58,626 [ddce2076-1575-41c9-8de9-fd704b659682-EndpointStateMachineTaskThread-/0.0.0.0:15447-0 ] INFO  ratis.XceiverServerRatis (XceiverServerRatis.java:getRealPort(592)) - XceiverServerRatis ddce2076-1575-41c9-8de9-fd704b659682 is started using port 15478 for RATIS_DATASTREAM
2024-04-26 07:45:58,626 [JvmPauseMonitor59] INFO  util.JvmPauseMonitor (JvmPauseMonitor.java:run(146)) - JvmPauseMonitor-ddce2076-1575-41c9-8de9-fd704b659682: Started
2024-04-26 07:45:58,627 [ddce2076-1575-41c9-8de9-fd704b659682-BlockDeletingService#0] INFO  interfaces.ContainerDeletionChoosingPolicyTemplate (ContainerDeletionChoosingPolicyTemplate.java:chooseContainerForBlockDeletion(85)) - Chosen 0/5000 blocks from 0 candidate containers.
2024-04-26 07:45:58,664 [af10ead5-859f-4a8b-b6c8-c04b91d5a3d5-EndpointStateMachineTaskThread-/0.0.0.0:15447-0 ] INFO  utils.DatanodeStoreCache (DatanodeStoreCache.java:addDB(72)) - Added db /home/runner/work/ozone/ozone/hadoop-ozone/integration-test/target/test-dir/MiniOzoneClusterImpl-864451be-9a12-4508-8431-6d052999593c/ozone-meta/datanode-4/data-0/hdds/864451be-9a12-4508-8431-6d052999593c/DS-1930c44f-e393-4a6d-a029-d277dfd0fe87/container.db to cache
2024-04-26 07:45:58,664 [af10ead5-859f-4a8b-b6c8-c04b91d5a3d5-EndpointStateMachineTaskThread-/0.0.0.0:15447-0 ] INFO  volume.HddsVolume (HddsVolume.java:createDbStore(437)) - SchemaV3 db is created and loaded at /home/runner/work/ozone/ozone/hadoop-ozone/integration-test/target/test-dir/MiniOzoneClusterImpl-864451be-9a12-4508-8431-6d052999593c/ozone-meta/datanode-4/data-0/hdds/864451be-9a12-4508-8431-6d052999593c/DS-1930c44f-e393-4a6d-a029-d277dfd0fe87/container.db for volume DS-1930c44f-e393-4a6d-a029-d277dfd0fe87
2024-04-26 07:45:58,665 [af10ead5-859f-4a8b-b6c8-c04b91d5a3d5-ContainerReader-0] INFO  ozoneimpl.ContainerReader (ContainerReader.java:readVolume(148)) - Start to verify containers on volume /home/runner/work/ozone/ozone/hadoop-ozone/integration-test/target/test-dir/MiniOzoneClusterImpl-864451be-9a12-4508-8431-6d052999593c/ozone-meta/datanode-4/data-0/hdds
2024-04-26 07:45:58,665 [af10ead5-859f-4a8b-b6c8-c04b91d5a3d5-ContainerReader-0] INFO  ozoneimpl.ContainerReader (ContainerReader.java:readVolume(178)) - Finish verifying containers on volume /home/runner/work/ozone/ozone/hadoop-ozone/integration-test/target/test-dir/MiniOzoneClusterImpl-864451be-9a12-4508-8431-6d052999593c/ozone-meta/datanode-4/data-0/hdds
2024-04-26 07:45:58,665 [af10ead5-859f-4a8b-b6c8-c04b91d5a3d5-EndpointStateMachineTaskThread-/0.0.0.0:15447-0 ] INFO  ozoneimpl.OzoneContainer (OzoneContainer.java:buildContainerSet(328)) - Build ContainerSet costs 0s
2024-04-26 07:45:58,665 [af10ead5-859f-4a8b-b6c8-c04b91d5a3d5-EndpointStateMachineTaskThread-/0.0.0.0:15447-0 ] INFO  volume.ThrottledAsyncChecker (ThrottledAsyncChecker.java:schedule(141)) - Scheduling a check for /home/runner/work/ozone/ozone/hadoop-ozone/integration-test/target/test-dir/MiniOzoneClusterImpl-864451be-9a12-4508-8431-6d052999593c/ozone-meta/datanode-4/data-0/hdds
2024-04-26 07:45:58,665 [af10ead5-859f-4a8b-b6c8-c04b91d5a3d5-EndpointStateMachineTaskThread-/0.0.0.0:15447-0 ] INFO  volume.StorageVolumeChecker (StorageVolumeChecker.java:checkAllVolumes(218)) - Scheduled health check for volume /home/runner/work/ozone/ozone/hadoop-ozone/integration-test/target/test-dir/MiniOzoneClusterImpl-864451be-9a12-4508-8431-6d052999593c/ozone-meta/datanode-4/data-0/hdds
2024-04-26 07:45:58,666 [af10ead5-859f-4a8b-b6c8-c04b91d5a3d5-EndpointStateMachineTaskThread-/0.0.0.0:15447-0 ] INFO  volume.ThrottledAsyncChecker (ThrottledAsyncChecker.java:schedule(141)) - Scheduling a check for /home/runner/work/ozone/ozone/hadoop-ozone/integration-test/target/test-dir/MiniOzoneClusterImpl-864451be-9a12-4508-8431-6d052999593c/ozone-meta/datanode-4/ratis
2024-04-26 07:45:58,666 [af10ead5-859f-4a8b-b6c8-c04b91d5a3d5-EndpointStateMachineTaskThread-/0.0.0.0:15447-0 ] INFO  volume.StorageVolumeChecker (StorageVolumeChecker.java:checkAllVolumes(218)) - Scheduled health check for volume /home/runner/work/ozone/ozone/hadoop-ozone/integration-test/target/test-dir/MiniOzoneClusterImpl-864451be-9a12-4508-8431-6d052999593c/ozone-meta/datanode-4/ratis
2024-04-26 07:45:58,667 [af10ead5-859f-4a8b-b6c8-c04b91d5a3d5-EndpointStateMachineTaskThread-/0.0.0.0:15447-0 ] INFO  ozoneimpl.OzoneContainer (OzoneContainer.java:start(459)) - Attempting to start container services.
2024-04-26 07:45:58,667 [af10ead5-859f-4a8b-b6c8-c04b91d5a3d5-EndpointStateMachineTaskThread-/0.0.0.0:15447-0 ] WARN  ozoneimpl.OnDemandContainerDataScanner (OnDemandContainerDataScanner.java:init(75)) - Trying to initialize on demand scanner a second time on a datanode.
2024-04-26 07:45:58,667 [ContainerMetadataScanner] INFO  ozoneimpl.AbstractBackgroundContainerScanner (AbstractBackgroundContainerScanner.java:runIteration(87)) - Completed an iteration in 0 minutes. Number of iterations (since the data-node restart) : 1, Number of containers scanned in this iteration : 0, Number of unhealthy containers found in this iteration : 0
2024-04-26 07:45:58,667 [ContainerDataScanner(/home/runner/work/ozone/ozone/hadoop-ozone/integration-test/target/test-dir/MiniOzoneClusterImpl-864451be-9a12-4508-8431-6d052999593c/ozone-meta/datanode-4/data-0/hdds)] INFO  ozoneimpl.AbstractBackgroundContainerScanner (AbstractBackgroundContainerScanner.java:runIteration(87)) - Completed an iteration in 0 minutes. Number of iterations (since the data-node restart) : 1, Number of containers scanned in this iteration : 0, Number of unhealthy containers found in this iteration : 0
2024-04-26 07:45:58,667 [af10ead5-859f-4a8b-b6c8-c04b91d5a3d5-EndpointStateMachineTaskThread-/0.0.0.0:15447-0 ] INFO  replication.ReplicationServer (ReplicationServer.java:start(142)) - ReplicationServer is started using port 15488
2024-04-26 07:45:58,667 [af10ead5-859f-4a8b-b6c8-c04b91d5a3d5-EndpointStateMachineTaskThread-/0.0.0.0:15447-0 ] INFO  ratis.XceiverServerRatis (XceiverServerRatis.java:start(566)) - Starting XceiverServerRatis af10ead5-859f-4a8b-b6c8-c04b91d5a3d5
2024-04-26 07:45:58,668 [af10ead5-859f-4a8b-b6c8-c04b91d5a3d5-EndpointStateMachineTaskThread-/0.0.0.0:15447-0 ] INFO  server.RaftServer (RaftServerProxy.java:startImpl(406)) - af10ead5-859f-4a8b-b6c8-c04b91d5a3d5: start RPC server
2024-04-26 07:45:58,668 [af10ead5-859f-4a8b-b6c8-c04b91d5a3d5-EndpointStateMachineTaskThread-/0.0.0.0:15447-0 ] INFO  server.GrpcService (GrpcService.java:startImpl(302)) - af10ead5-859f-4a8b-b6c8-c04b91d5a3d5: GrpcService started, listening on 15484
2024-04-26 07:45:58,668 [af10ead5-859f-4a8b-b6c8-c04b91d5a3d5-EndpointStateMachineTaskThread-/0.0.0.0:15447-0 ] INFO  server.GrpcService (GrpcService.java:startImpl(302)) - af10ead5-859f-4a8b-b6c8-c04b91d5a3d5: GrpcService started, listening on 15486
2024-04-26 07:45:58,668 [af10ead5-859f-4a8b-b6c8-c04b91d5a3d5-EndpointStateMachineTaskThread-/0.0.0.0:15447-0 ] INFO  server.GrpcService (GrpcService.java:startImpl(302)) - af10ead5-859f-4a8b-b6c8-c04b91d5a3d5: GrpcService started, listening on 15485
2024-04-26 07:45:58,669 [af10ead5-859f-4a8b-b6c8-c04b91d5a3d5-EndpointStateMachineTaskThread-/0.0.0.0:15447-0 ] INFO  ratis.XceiverServerRatis (XceiverServerRatis.java:getRealPort(592)) - XceiverServerRatis af10ead5-859f-4a8b-b6c8-c04b91d5a3d5 is started using port 15484 for RATIS
2024-04-26 07:45:58,669 [JvmPauseMonitor60] INFO  util.JvmPauseMonitor (JvmPauseMonitor.java:run(146)) - JvmPauseMonitor-af10ead5-859f-4a8b-b6c8-c04b91d5a3d5: Started
2024-04-26 07:45:58,669 [af10ead5-859f-4a8b-b6c8-c04b91d5a3d5-EndpointStateMachineTaskThread-/0.0.0.0:15447-0 ] INFO  ratis.XceiverServerRatis (XceiverServerRatis.java:getRealPort(592)) - XceiverServerRatis af10ead5-859f-4a8b-b6c8-c04b91d5a3d5 is started using port 15485 for RATIS_ADMIN
2024-04-26 07:45:58,669 [af10ead5-859f-4a8b-b6c8-c04b91d5a3d5-EndpointStateMachineTaskThread-/0.0.0.0:15447-0 ] INFO  ratis.XceiverServerRatis (XceiverServerRatis.java:getRealPort(592)) - XceiverServerRatis af10ead5-859f-4a8b-b6c8-c04b91d5a3d5 is started using port 15486 for RATIS_SERVER
2024-04-26 07:45:58,669 [af10ead5-859f-4a8b-b6c8-c04b91d5a3d5-EndpointStateMachineTaskThread-/0.0.0.0:15447-0 ] INFO  ratis.XceiverServerRatis (XceiverServerRatis.java:getRealPort(592)) - XceiverServerRatis af10ead5-859f-4a8b-b6c8-c04b91d5a3d5 is started using port 15487 for RATIS_DATASTREAM
2024-04-26 07:45:58,670 [af10ead5-859f-4a8b-b6c8-c04b91d5a3d5-BlockDeletingService#0] INFO  interfaces.ContainerDeletionChoosingPolicyTemplate (ContainerDeletionChoosingPolicyTemplate.java:chooseContainerForBlockDeletion(85)) - Chosen 0/5000 blocks from 0 candidate containers.
2024-04-26 07:45:58,713 [136604f8-4e12-4782-a33c-8f17bffa1c2c-EndpointStateMachineTaskThread-/0.0.0.0:15447-0 ] INFO  utils.DatanodeStoreCache (DatanodeStoreCache.java:addDB(72)) - Added db /home/runner/work/ozone/ozone/hadoop-ozone/integration-test/target/test-dir/MiniOzoneClusterImpl-864451be-9a12-4508-8431-6d052999593c/ozone-meta/datanode-5/data-0/hdds/864451be-9a12-4508-8431-6d052999593c/DS-7a5cda3d-23c1-479a-8072-1fd6790700ab/container.db to cache
2024-04-26 07:45:58,713 [136604f8-4e12-4782-a33c-8f17bffa1c2c-EndpointStateMachineTaskThread-/0.0.0.0:15447-0 ] INFO  volume.HddsVolume (HddsVolume.java:createDbStore(437)) - SchemaV3 db is created and loaded at /home/runner/work/ozone/ozone/hadoop-ozone/integration-test/target/test-dir/MiniOzoneClusterImpl-864451be-9a12-4508-8431-6d052999593c/ozone-meta/datanode-5/data-0/hdds/864451be-9a12-4508-8431-6d052999593c/DS-7a5cda3d-23c1-479a-8072-1fd6790700ab/container.db for volume DS-7a5cda3d-23c1-479a-8072-1fd6790700ab
2024-04-26 07:45:58,715 [136604f8-4e12-4782-a33c-8f17bffa1c2c-ContainerReader-0] INFO  ozoneimpl.ContainerReader (ContainerReader.java:readVolume(148)) - Start to verify containers on volume /home/runner/work/ozone/ozone/hadoop-ozone/integration-test/target/test-dir/MiniOzoneClusterImpl-864451be-9a12-4508-8431-6d052999593c/ozone-meta/datanode-5/data-0/hdds
2024-04-26 07:45:58,715 [136604f8-4e12-4782-a33c-8f17bffa1c2c-ContainerReader-0] INFO  ozoneimpl.ContainerReader (ContainerReader.java:readVolume(178)) - Finish verifying containers on volume /home/runner/work/ozone/ozone/hadoop-ozone/integration-test/target/test-dir/MiniOzoneClusterImpl-864451be-9a12-4508-8431-6d052999593c/ozone-meta/datanode-5/data-0/hdds
2024-04-26 07:45:58,715 [136604f8-4e12-4782-a33c-8f17bffa1c2c-EndpointStateMachineTaskThread-/0.0.0.0:15447-0 ] INFO  ozoneimpl.OzoneContainer (OzoneContainer.java:buildContainerSet(328)) - Build ContainerSet costs 0s
2024-04-26 07:45:58,715 [136604f8-4e12-4782-a33c-8f17bffa1c2c-EndpointStateMachineTaskThread-/0.0.0.0:15447-0 ] INFO  volume.ThrottledAsyncChecker (ThrottledAsyncChecker.java:schedule(141)) - Scheduling a check for /home/runner/work/ozone/ozone/hadoop-ozone/integration-test/target/test-dir/MiniOzoneClusterImpl-864451be-9a12-4508-8431-6d052999593c/ozone-meta/datanode-5/data-0/hdds
2024-04-26 07:45:58,715 [136604f8-4e12-4782-a33c-8f17bffa1c2c-EndpointStateMachineTaskThread-/0.0.0.0:15447-0 ] INFO  volume.StorageVolumeChecker (StorageVolumeChecker.java:checkAllVolumes(218)) - Scheduled health check for volume /home/runner/work/ozone/ozone/hadoop-ozone/integration-test/target/test-dir/MiniOzoneClusterImpl-864451be-9a12-4508-8431-6d052999593c/ozone-meta/datanode-5/data-0/hdds
2024-04-26 07:45:58,716 [136604f8-4e12-4782-a33c-8f17bffa1c2c-EndpointStateMachineTaskThread-/0.0.0.0:15447-0 ] INFO  volume.ThrottledAsyncChecker (ThrottledAsyncChecker.java:schedule(141)) - Scheduling a check for /home/runner/work/ozone/ozone/hadoop-ozone/integration-test/target/test-dir/MiniOzoneClusterImpl-864451be-9a12-4508-8431-6d052999593c/ozone-meta/datanode-5/ratis
2024-04-26 07:45:58,716 [136604f8-4e12-4782-a33c-8f17bffa1c2c-EndpointStateMachineTaskThread-/0.0.0.0:15447-0 ] INFO  volume.StorageVolumeChecker (StorageVolumeChecker.java:checkAllVolumes(218)) - Scheduled health check for volume /home/runner/work/ozone/ozone/hadoop-ozone/integration-test/target/test-dir/MiniOzoneClusterImpl-864451be-9a12-4508-8431-6d052999593c/ozone-meta/datanode-5/ratis
2024-04-26 07:45:58,717 [136604f8-4e12-4782-a33c-8f17bffa1c2c-EndpointStateMachineTaskThread-/0.0.0.0:15447-0 ] INFO  ozoneimpl.OzoneContainer (OzoneContainer.java:start(459)) - Attempting to start container services.
2024-04-26 07:45:58,717 [136604f8-4e12-4782-a33c-8f17bffa1c2c-EndpointStateMachineTaskThread-/0.0.0.0:15447-0 ] WARN  ozoneimpl.OnDemandContainerDataScanner (OnDemandContainerDataScanner.java:init(75)) - Trying to initialize on demand scanner a second time on a datanode.
2024-04-26 07:45:58,717 [ContainerMetadataScanner] INFO  ozoneimpl.AbstractBackgroundContainerScanner (AbstractBackgroundContainerScanner.java:runIteration(87)) - Completed an iteration in 0 minutes. Number of iterations (since the data-node restart) : 1, Number of containers scanned in this iteration : 0, Number of unhealthy containers found in this iteration : 0
2024-04-26 07:45:58,717 [ContainerDataScanner(/home/runner/work/ozone/ozone/hadoop-ozone/integration-test/target/test-dir/MiniOzoneClusterImpl-864451be-9a12-4508-8431-6d052999593c/ozone-meta/datanode-5/data-0/hdds)] INFO  ozoneimpl.AbstractBackgroundContainerScanner (AbstractBackgroundContainerScanner.java:runIteration(87)) - Completed an iteration in 0 minutes. Number of iterations (since the data-node restart) : 1, Number of containers scanned in this iteration : 0, Number of unhealthy containers found in this iteration : 0
2024-04-26 07:45:58,717 [136604f8-4e12-4782-a33c-8f17bffa1c2c-EndpointStateMachineTaskThread-/0.0.0.0:15447-0 ] INFO  replication.ReplicationServer (ReplicationServer.java:start(142)) - ReplicationServer is started using port 15497
2024-04-26 07:45:58,717 [136604f8-4e12-4782-a33c-8f17bffa1c2c-EndpointStateMachineTaskThread-/0.0.0.0:15447-0 ] INFO  ratis.XceiverServerRatis (XceiverServerRatis.java:start(566)) - Starting XceiverServerRatis 136604f8-4e12-4782-a33c-8f17bffa1c2c
2024-04-26 07:45:58,718 [136604f8-4e12-4782-a33c-8f17bffa1c2c-EndpointStateMachineTaskThread-/0.0.0.0:15447-0 ] INFO  server.RaftServer (RaftServerProxy.java:startImpl(406)) - 136604f8-4e12-4782-a33c-8f17bffa1c2c: start RPC server
2024-04-26 07:45:58,718 [136604f8-4e12-4782-a33c-8f17bffa1c2c-EndpointStateMachineTaskThread-/0.0.0.0:15447-0 ] INFO  server.GrpcService (GrpcService.java:startImpl(302)) - 136604f8-4e12-4782-a33c-8f17bffa1c2c: GrpcService started, listening on 15493
2024-04-26 07:45:58,718 [136604f8-4e12-4782-a33c-8f17bffa1c2c-EndpointStateMachineTaskThread-/0.0.0.0:15447-0 ] INFO  server.GrpcService (GrpcService.java:startImpl(302)) - 136604f8-4e12-4782-a33c-8f17bffa1c2c: GrpcService started, listening on 15495
2024-04-26 07:45:58,719 [136604f8-4e12-4782-a33c-8f17bffa1c2c-EndpointStateMachineTaskThread-/0.0.0.0:15447-0 ] INFO  server.GrpcService (GrpcService.java:startImpl(302)) - 136604f8-4e12-4782-a33c-8f17bffa1c2c: GrpcService started, listening on 15494
2024-04-26 07:45:58,719 [136604f8-4e12-4782-a33c-8f17bffa1c2c-EndpointStateMachineTaskThread-/0.0.0.0:15447-0 ] INFO  ratis.XceiverServerRatis (XceiverServerRatis.java:getRealPort(592)) - XceiverServerRatis 136604f8-4e12-4782-a33c-8f17bffa1c2c is started using port 15493 for RATIS
2024-04-26 07:45:58,719 [136604f8-4e12-4782-a33c-8f17bffa1c2c-EndpointStateMachineTaskThread-/0.0.0.0:15447-0 ] INFO  ratis.XceiverServerRatis (XceiverServerRatis.java:getRealPort(592)) - XceiverServerRatis 136604f8-4e12-4782-a33c-8f17bffa1c2c is started using port 15494 for RATIS_ADMIN
2024-04-26 07:45:58,719 [136604f8-4e12-4782-a33c-8f17bffa1c2c-EndpointStateMachineTaskThread-/0.0.0.0:15447-0 ] INFO  ratis.XceiverServerRatis (XceiverServerRatis.java:getRealPort(592)) - XceiverServerRatis 136604f8-4e12-4782-a33c-8f17bffa1c2c is started using port 15495 for RATIS_SERVER
2024-04-26 07:45:58,719 [136604f8-4e12-4782-a33c-8f17bffa1c2c-EndpointStateMachineTaskThread-/0.0.0.0:15447-0 ] INFO  ratis.XceiverServerRatis (XceiverServerRatis.java:getRealPort(592)) - XceiverServerRatis 136604f8-4e12-4782-a33c-8f17bffa1c2c is started using port 15496 for RATIS_DATASTREAM
2024-04-26 07:45:58,719 [JvmPauseMonitor61] INFO  util.JvmPauseMonitor (JvmPauseMonitor.java:run(146)) - JvmPauseMonitor-136604f8-4e12-4782-a33c-8f17bffa1c2c: Started
2024-04-26 07:45:58,720 [136604f8-4e12-4782-a33c-8f17bffa1c2c-BlockDeletingService#0] INFO  interfaces.ContainerDeletionChoosingPolicyTemplate (ContainerDeletionChoosingPolicyTemplate.java:chooseContainerForBlockDeletion(85)) - Chosen 0/5000 blocks from 0 candidate containers.
2024-04-26 07:45:58,756 [36c84ee5-0fcd-4ea2-b6d6-812b1364d576-EndpointStateMachineTaskThread-/0.0.0.0:15447-0 ] INFO  utils.DatanodeStoreCache (DatanodeStoreCache.java:addDB(72)) - Added db /home/runner/work/ozone/ozone/hadoop-ozone/integration-test/target/test-dir/MiniOzoneClusterImpl-864451be-9a12-4508-8431-6d052999593c/ozone-meta/datanode-6/data-0/hdds/864451be-9a12-4508-8431-6d052999593c/DS-e75b51d9-728f-4065-8dc7-ecbd31ca660e/container.db to cache
2024-04-26 07:45:58,756 [36c84ee5-0fcd-4ea2-b6d6-812b1364d576-EndpointStateMachineTaskThread-/0.0.0.0:15447-0 ] INFO  volume.HddsVolume (HddsVolume.java:createDbStore(437)) - SchemaV3 db is created and loaded at /home/runner/work/ozone/ozone/hadoop-ozone/integration-test/target/test-dir/MiniOzoneClusterImpl-864451be-9a12-4508-8431-6d052999593c/ozone-meta/datanode-6/data-0/hdds/864451be-9a12-4508-8431-6d052999593c/DS-e75b51d9-728f-4065-8dc7-ecbd31ca660e/container.db for volume DS-e75b51d9-728f-4065-8dc7-ecbd31ca660e
2024-04-26 07:45:58,757 [36c84ee5-0fcd-4ea2-b6d6-812b1364d576-ContainerReader-0] INFO  ozoneimpl.ContainerReader (ContainerReader.java:readVolume(148)) - Start to verify containers on volume /home/runner/work/ozone/ozone/hadoop-ozone/integration-test/target/test-dir/MiniOzoneClusterImpl-864451be-9a12-4508-8431-6d052999593c/ozone-meta/datanode-6/data-0/hdds
2024-04-26 07:45:58,757 [36c84ee5-0fcd-4ea2-b6d6-812b1364d576-ContainerReader-0] INFO  ozoneimpl.ContainerReader (ContainerReader.java:readVolume(178)) - Finish verifying containers on volume /home/runner/work/ozone/ozone/hadoop-ozone/integration-test/target/test-dir/MiniOzoneClusterImpl-864451be-9a12-4508-8431-6d052999593c/ozone-meta/datanode-6/data-0/hdds
2024-04-26 07:45:58,757 [36c84ee5-0fcd-4ea2-b6d6-812b1364d576-EndpointStateMachineTaskThread-/0.0.0.0:15447-0 ] INFO  ozoneimpl.OzoneContainer (OzoneContainer.java:buildContainerSet(328)) - Build ContainerSet costs 0s
2024-04-26 07:45:58,757 [36c84ee5-0fcd-4ea2-b6d6-812b1364d576-EndpointStateMachineTaskThread-/0.0.0.0:15447-0 ] INFO  volume.ThrottledAsyncChecker (ThrottledAsyncChecker.java:schedule(141)) - Scheduling a check for /home/runner/work/ozone/ozone/hadoop-ozone/integration-test/target/test-dir/MiniOzoneClusterImpl-864451be-9a12-4508-8431-6d052999593c/ozone-meta/datanode-6/data-0/hdds
2024-04-26 07:45:58,758 [36c84ee5-0fcd-4ea2-b6d6-812b1364d576-EndpointStateMachineTaskThread-/0.0.0.0:15447-0 ] INFO  volume.StorageVolumeChecker (StorageVolumeChecker.java:checkAllVolumes(218)) - Scheduled health check for volume /home/runner/work/ozone/ozone/hadoop-ozone/integration-test/target/test-dir/MiniOzoneClusterImpl-864451be-9a12-4508-8431-6d052999593c/ozone-meta/datanode-6/data-0/hdds
2024-04-26 07:45:58,758 [36c84ee5-0fcd-4ea2-b6d6-812b1364d576-EndpointStateMachineTaskThread-/0.0.0.0:15447-0 ] INFO  volume.ThrottledAsyncChecker (ThrottledAsyncChecker.java:schedule(141)) - Scheduling a check for /home/runner/work/ozone/ozone/hadoop-ozone/integration-test/target/test-dir/MiniOzoneClusterImpl-864451be-9a12-4508-8431-6d052999593c/ozone-meta/datanode-6/ratis
2024-04-26 07:45:58,758 [36c84ee5-0fcd-4ea2-b6d6-812b1364d576-EndpointStateMachineTaskThread-/0.0.0.0:15447-0 ] INFO  volume.StorageVolumeChecker (StorageVolumeChecker.java:checkAllVolumes(218)) - Scheduled health check for volume /home/runner/work/ozone/ozone/hadoop-ozone/integration-test/target/test-dir/MiniOzoneClusterImpl-864451be-9a12-4508-8431-6d052999593c/ozone-meta/datanode-6/ratis
2024-04-26 07:45:58,759 [36c84ee5-0fcd-4ea2-b6d6-812b1364d576-EndpointStateMachineTaskThread-/0.0.0.0:15447-0 ] INFO  ozoneimpl.OzoneContainer (OzoneContainer.java:start(459)) - Attempting to start container services.
2024-04-26 07:45:58,759 [36c84ee5-0fcd-4ea2-b6d6-812b1364d576-EndpointStateMachineTaskThread-/0.0.0.0:15447-0 ] WARN  ozoneimpl.OnDemandContainerDataScanner (OnDemandContainerDataScanner.java:init(75)) - Trying to initialize on demand scanner a second time on a datanode.
2024-04-26 07:45:58,759 [ContainerMetadataScanner] INFO  ozoneimpl.AbstractBackgroundContainerScanner (AbstractBackgroundContainerScanner.java:runIteration(87)) - Completed an iteration in 0 minutes. Number of iterations (since the data-node restart) : 1, Number of containers scanned in this iteration : 0, Number of unhealthy containers found in this iteration : 0
2024-04-26 07:45:58,759 [ContainerDataScanner(/home/runner/work/ozone/ozone/hadoop-ozone/integration-test/target/test-dir/MiniOzoneClusterImpl-864451be-9a12-4508-8431-6d052999593c/ozone-meta/datanode-6/data-0/hdds)] INFO  ozoneimpl.AbstractBackgroundContainerScanner (AbstractBackgroundContainerScanner.java:runIteration(87)) - Completed an iteration in 0 minutes. Number of iterations (since the data-node restart) : 1, Number of containers scanned in this iteration : 0, Number of unhealthy containers found in this iteration : 0
2024-04-26 07:45:58,759 [36c84ee5-0fcd-4ea2-b6d6-812b1364d576-EndpointStateMachineTaskThread-/0.0.0.0:15447-0 ] INFO  replication.ReplicationServer (ReplicationServer.java:start(142)) - ReplicationServer is started using port 15506
2024-04-26 07:45:58,760 [36c84ee5-0fcd-4ea2-b6d6-812b1364d576-EndpointStateMachineTaskThread-/0.0.0.0:15447-0 ] INFO  ratis.XceiverServerRatis (XceiverServerRatis.java:start(566)) - Starting XceiverServerRatis 36c84ee5-0fcd-4ea2-b6d6-812b1364d576
2024-04-26 07:45:58,760 [36c84ee5-0fcd-4ea2-b6d6-812b1364d576-EndpointStateMachineTaskThread-/0.0.0.0:15447-0 ] INFO  server.RaftServer (RaftServerProxy.java:startImpl(406)) - 36c84ee5-0fcd-4ea2-b6d6-812b1364d576: start RPC server
2024-04-26 07:45:58,760 [36c84ee5-0fcd-4ea2-b6d6-812b1364d576-EndpointStateMachineTaskThread-/0.0.0.0:15447-0 ] INFO  server.GrpcService (GrpcService.java:startImpl(302)) - 36c84ee5-0fcd-4ea2-b6d6-812b1364d576: GrpcService started, listening on 15502
2024-04-26 07:45:58,760 [36c84ee5-0fcd-4ea2-b6d6-812b1364d576-EndpointStateMachineTaskThread-/0.0.0.0:15447-0 ] INFO  server.GrpcService (GrpcService.java:startImpl(302)) - 36c84ee5-0fcd-4ea2-b6d6-812b1364d576: GrpcService started, listening on 15504
2024-04-26 07:45:58,761 [36c84ee5-0fcd-4ea2-b6d6-812b1364d576-EndpointStateMachineTaskThread-/0.0.0.0:15447-0 ] INFO  server.GrpcService (GrpcService.java:startImpl(302)) - 36c84ee5-0fcd-4ea2-b6d6-812b1364d576: GrpcService started, listening on 15503
2024-04-26 07:45:58,761 [36c84ee5-0fcd-4ea2-b6d6-812b1364d576-EndpointStateMachineTaskThread-/0.0.0.0:15447-0 ] INFO  ratis.XceiverServerRatis (XceiverServerRatis.java:getRealPort(592)) - XceiverServerRatis 36c84ee5-0fcd-4ea2-b6d6-812b1364d576 is started using port 15502 for RATIS
2024-04-26 07:45:58,761 [36c84ee5-0fcd-4ea2-b6d6-812b1364d576-EndpointStateMachineTaskThread-/0.0.0.0:15447-0 ] INFO  ratis.XceiverServerRatis (XceiverServerRatis.java:getRealPort(592)) - XceiverServerRatis 36c84ee5-0fcd-4ea2-b6d6-812b1364d576 is started using port 15503 for RATIS_ADMIN
2024-04-26 07:45:58,761 [36c84ee5-0fcd-4ea2-b6d6-812b1364d576-EndpointStateMachineTaskThread-/0.0.0.0:15447-0 ] INFO  ratis.XceiverServerRatis (XceiverServerRatis.java:getRealPort(592)) - XceiverServerRatis 36c84ee5-0fcd-4ea2-b6d6-812b1364d576 is started using port 15504 for RATIS_SERVER
2024-04-26 07:45:58,761 [36c84ee5-0fcd-4ea2-b6d6-812b1364d576-EndpointStateMachineTaskThread-/0.0.0.0:15447-0 ] INFO  ratis.XceiverServerRatis (XceiverServerRatis.java:getRealPort(592)) - XceiverServerRatis 36c84ee5-0fcd-4ea2-b6d6-812b1364d576 is started using port 15505 for RATIS_DATASTREAM
2024-04-26 07:45:58,761 [JvmPauseMonitor62] INFO  util.JvmPauseMonitor (JvmPauseMonitor.java:run(146)) - JvmPauseMonitor-36c84ee5-0fcd-4ea2-b6d6-812b1364d576: Started
2024-04-26 07:45:58,762 [36c84ee5-0fcd-4ea2-b6d6-812b1364d576-BlockDeletingService#0] INFO  interfaces.ContainerDeletionChoosingPolicyTemplate (ContainerDeletionChoosingPolicyTemplate.java:chooseContainerForBlockDeletion(85)) - Chosen 0/5000 blocks from 0 candidate containers.
2024-04-26 07:45:58,811 [e280b344-1e71-401e-97a7-3c6530ca629d-EndpointStateMachineTaskThread-/0.0.0.0:15447-0 ] INFO  utils.DatanodeStoreCache (DatanodeStoreCache.java:addDB(72)) - Added db /home/runner/work/ozone/ozone/hadoop-ozone/integration-test/target/test-dir/MiniOzoneClusterImpl-864451be-9a12-4508-8431-6d052999593c/ozone-meta/datanode-7/data-0/hdds/864451be-9a12-4508-8431-6d052999593c/DS-e2869e37-71c1-45d5-a186-7149712ed3e6/container.db to cache
2024-04-26 07:45:58,811 [e280b344-1e71-401e-97a7-3c6530ca629d-EndpointStateMachineTaskThread-/0.0.0.0:15447-0 ] INFO  volume.HddsVolume (HddsVolume.java:createDbStore(437)) - SchemaV3 db is created and loaded at /home/runner/work/ozone/ozone/hadoop-ozone/integration-test/target/test-dir/MiniOzoneClusterImpl-864451be-9a12-4508-8431-6d052999593c/ozone-meta/datanode-7/data-0/hdds/864451be-9a12-4508-8431-6d052999593c/DS-e2869e37-71c1-45d5-a186-7149712ed3e6/container.db for volume DS-e2869e37-71c1-45d5-a186-7149712ed3e6
2024-04-26 07:45:58,813 [e280b344-1e71-401e-97a7-3c6530ca629d-ContainerReader-0] INFO  ozoneimpl.ContainerReader (ContainerReader.java:readVolume(148)) - Start to verify containers on volume /home/runner/work/ozone/ozone/hadoop-ozone/integration-test/target/test-dir/MiniOzoneClusterImpl-864451be-9a12-4508-8431-6d052999593c/ozone-meta/datanode-7/data-0/hdds
2024-04-26 07:45:58,813 [e280b344-1e71-401e-97a7-3c6530ca629d-ContainerReader-0] INFO  ozoneimpl.ContainerReader (ContainerReader.java:readVolume(178)) - Finish verifying containers on volume /home/runner/work/ozone/ozone/hadoop-ozone/integration-test/target/test-dir/MiniOzoneClusterImpl-864451be-9a12-4508-8431-6d052999593c/ozone-meta/datanode-7/data-0/hdds
2024-04-26 07:45:58,813 [e280b344-1e71-401e-97a7-3c6530ca629d-EndpointStateMachineTaskThread-/0.0.0.0:15447-0 ] INFO  ozoneimpl.OzoneContainer (OzoneContainer.java:buildContainerSet(328)) - Build ContainerSet costs 0s
2024-04-26 07:45:58,813 [e280b344-1e71-401e-97a7-3c6530ca629d-EndpointStateMachineTaskThread-/0.0.0.0:15447-0 ] INFO  volume.ThrottledAsyncChecker (ThrottledAsyncChecker.java:schedule(141)) - Scheduling a check for /home/runner/work/ozone/ozone/hadoop-ozone/integration-test/target/test-dir/MiniOzoneClusterImpl-864451be-9a12-4508-8431-6d052999593c/ozone-meta/datanode-7/data-0/hdds
2024-04-26 07:45:58,814 [e280b344-1e71-401e-97a7-3c6530ca629d-EndpointStateMachineTaskThread-/0.0.0.0:15447-0 ] INFO  volume.StorageVolumeChecker (StorageVolumeChecker.java:checkAllVolumes(218)) - Scheduled health check for volume /home/runner/work/ozone/ozone/hadoop-ozone/integration-test/target/test-dir/MiniOzoneClusterImpl-864451be-9a12-4508-8431-6d052999593c/ozone-meta/datanode-7/data-0/hdds
2024-04-26 07:45:58,815 [e280b344-1e71-401e-97a7-3c6530ca629d-EndpointStateMachineTaskThread-/0.0.0.0:15447-0 ] INFO  volume.ThrottledAsyncChecker (ThrottledAsyncChecker.java:schedule(141)) - Scheduling a check for /home/runner/work/ozone/ozone/hadoop-ozone/integration-test/target/test-dir/MiniOzoneClusterImpl-864451be-9a12-4508-8431-6d052999593c/ozone-meta/datanode-7/ratis
2024-04-26 07:45:58,815 [e280b344-1e71-401e-97a7-3c6530ca629d-EndpointStateMachineTaskThread-/0.0.0.0:15447-0 ] INFO  volume.StorageVolumeChecker (StorageVolumeChecker.java:checkAllVolumes(218)) - Scheduled health check for volume /home/runner/work/ozone/ozone/hadoop-ozone/integration-test/target/test-dir/MiniOzoneClusterImpl-864451be-9a12-4508-8431-6d052999593c/ozone-meta/datanode-7/ratis
2024-04-26 07:45:58,815 [e280b344-1e71-401e-97a7-3c6530ca629d-EndpointStateMachineTaskThread-/0.0.0.0:15447-0 ] INFO  ozoneimpl.OzoneContainer (OzoneContainer.java:start(459)) - Attempting to start container services.
2024-04-26 07:45:58,815 [e280b344-1e71-401e-97a7-3c6530ca629d-EndpointStateMachineTaskThread-/0.0.0.0:15447-0 ] WARN  ozoneimpl.OnDemandContainerDataScanner (OnDemandContainerDataScanner.java:init(75)) - Trying to initialize on demand scanner a second time on a datanode.
2024-04-26 07:45:58,816 [ContainerMetadataScanner] INFO  ozoneimpl.AbstractBackgroundContainerScanner (AbstractBackgroundContainerScanner.java:runIteration(87)) - Completed an iteration in 0 minutes. Number of iterations (since the data-node restart) : 1, Number of containers scanned in this iteration : 0, Number of unhealthy containers found in this iteration : 0
2024-04-26 07:45:58,816 [ContainerDataScanner(/home/runner/work/ozone/ozone/hadoop-ozone/integration-test/target/test-dir/MiniOzoneClusterImpl-864451be-9a12-4508-8431-6d052999593c/ozone-meta/datanode-7/data-0/hdds)] INFO  ozoneimpl.AbstractBackgroundContainerScanner (AbstractBackgroundContainerScanner.java:runIteration(87)) - Completed an iteration in 0 minutes. Number of iterations (since the data-node restart) : 1, Number of containers scanned in this iteration : 0, Number of unhealthy containers found in this iteration : 0
2024-04-26 07:45:58,816 [e280b344-1e71-401e-97a7-3c6530ca629d-EndpointStateMachineTaskThread-/0.0.0.0:15447-0 ] INFO  replication.ReplicationServer (ReplicationServer.java:start(142)) - ReplicationServer is started using port 15515
2024-04-26 07:45:58,816 [e280b344-1e71-401e-97a7-3c6530ca629d-EndpointStateMachineTaskThread-/0.0.0.0:15447-0 ] INFO  ratis.XceiverServerRatis (XceiverServerRatis.java:start(566)) - Starting XceiverServerRatis e280b344-1e71-401e-97a7-3c6530ca629d
2024-04-26 07:45:58,819 [e280b344-1e71-401e-97a7-3c6530ca629d-EndpointStateMachineTaskThread-/0.0.0.0:15447-0 ] INFO  server.RaftServer (RaftServerProxy.java:startImpl(406)) - e280b344-1e71-401e-97a7-3c6530ca629d: start RPC server
2024-04-26 07:45:58,819 [e280b344-1e71-401e-97a7-3c6530ca629d-EndpointStateMachineTaskThread-/0.0.0.0:15447-0 ] INFO  server.GrpcService (GrpcService.java:startImpl(302)) - e280b344-1e71-401e-97a7-3c6530ca629d: GrpcService started, listening on 15511
2024-04-26 07:45:58,819 [e280b344-1e71-401e-97a7-3c6530ca629d-EndpointStateMachineTaskThread-/0.0.0.0:15447-0 ] INFO  server.GrpcService (GrpcService.java:startImpl(302)) - e280b344-1e71-401e-97a7-3c6530ca629d: GrpcService started, listening on 15513
2024-04-26 07:45:58,820 [e280b344-1e71-401e-97a7-3c6530ca629d-EndpointStateMachineTaskThread-/0.0.0.0:15447-0 ] INFO  server.GrpcService (GrpcService.java:startImpl(302)) - e280b344-1e71-401e-97a7-3c6530ca629d: GrpcService started, listening on 15512
2024-04-26 07:45:58,820 [e280b344-1e71-401e-97a7-3c6530ca629d-EndpointStateMachineTaskThread-/0.0.0.0:15447-0 ] INFO  ratis.XceiverServerRatis (XceiverServerRatis.java:getRealPort(592)) - XceiverServerRatis e280b344-1e71-401e-97a7-3c6530ca629d is started using port 15511 for RATIS
2024-04-26 07:45:58,820 [e280b344-1e71-401e-97a7-3c6530ca629d-EndpointStateMachineTaskThread-/0.0.0.0:15447-0 ] INFO  ratis.XceiverServerRatis (XceiverServerRatis.java:getRealPort(592)) - XceiverServerRatis e280b344-1e71-401e-97a7-3c6530ca629d is started using port 15512 for RATIS_ADMIN
2024-04-26 07:45:58,820 [e280b344-1e71-401e-97a7-3c6530ca629d-EndpointStateMachineTaskThread-/0.0.0.0:15447-0 ] INFO  ratis.XceiverServerRatis (XceiverServerRatis.java:getRealPort(592)) - XceiverServerRatis e280b344-1e71-401e-97a7-3c6530ca629d is started using port 15513 for RATIS_SERVER
2024-04-26 07:45:58,820 [JvmPauseMonitor63] INFO  util.JvmPauseMonitor (JvmPauseMonitor.java:run(146)) - JvmPauseMonitor-e280b344-1e71-401e-97a7-3c6530ca629d: Started
2024-04-26 07:45:58,820 [e280b344-1e71-401e-97a7-3c6530ca629d-EndpointStateMachineTaskThread-/0.0.0.0:15447-0 ] INFO  ratis.XceiverServerRatis (XceiverServerRatis.java:getRealPort(592)) - XceiverServerRatis e280b344-1e71-401e-97a7-3c6530ca629d is started using port 15514 for RATIS_DATASTREAM
2024-04-26 07:45:58,821 [e280b344-1e71-401e-97a7-3c6530ca629d-BlockDeletingService#0] INFO  interfaces.ContainerDeletionChoosingPolicyTemplate (ContainerDeletionChoosingPolicyTemplate.java:chooseContainerForBlockDeletion(85)) - Chosen 0/5000 blocks from 0 candidate containers.
2024-04-26 07:45:58,858 [f89e5511-6660-4723-b6db-0a37c1615f1a-EndpointStateMachineTaskThread-/0.0.0.0:15447-0 ] INFO  utils.DatanodeStoreCache (DatanodeStoreCache.java:addDB(72)) - Added db /home/runner/work/ozone/ozone/hadoop-ozone/integration-test/target/test-dir/MiniOzoneClusterImpl-864451be-9a12-4508-8431-6d052999593c/ozone-meta/datanode-8/data-0/hdds/864451be-9a12-4508-8431-6d052999593c/DS-f6f6083a-c798-469f-ac7b-f89d866e9775/container.db to cache
2024-04-26 07:45:58,858 [f89e5511-6660-4723-b6db-0a37c1615f1a-EndpointStateMachineTaskThread-/0.0.0.0:15447-0 ] INFO  volume.HddsVolume (HddsVolume.java:createDbStore(437)) - SchemaV3 db is created and loaded at /home/runner/work/ozone/ozone/hadoop-ozone/integration-test/target/test-dir/MiniOzoneClusterImpl-864451be-9a12-4508-8431-6d052999593c/ozone-meta/datanode-8/data-0/hdds/864451be-9a12-4508-8431-6d052999593c/DS-f6f6083a-c798-469f-ac7b-f89d866e9775/container.db for volume DS-f6f6083a-c798-469f-ac7b-f89d866e9775
2024-04-26 07:45:58,859 [f89e5511-6660-4723-b6db-0a37c1615f1a-ContainerReader-0] INFO  ozoneimpl.ContainerReader (ContainerReader.java:readVolume(148)) - Start to verify containers on volume /home/runner/work/ozone/ozone/hadoop-ozone/integration-test/target/test-dir/MiniOzoneClusterImpl-864451be-9a12-4508-8431-6d052999593c/ozone-meta/datanode-8/data-0/hdds
2024-04-26 07:45:58,859 [f89e5511-6660-4723-b6db-0a37c1615f1a-ContainerReader-0] INFO  ozoneimpl.ContainerReader (ContainerReader.java:readVolume(178)) - Finish verifying containers on volume /home/runner/work/ozone/ozone/hadoop-ozone/integration-test/target/test-dir/MiniOzoneClusterImpl-864451be-9a12-4508-8431-6d052999593c/ozone-meta/datanode-8/data-0/hdds
2024-04-26 07:45:58,859 [f89e5511-6660-4723-b6db-0a37c1615f1a-EndpointStateMachineTaskThread-/0.0.0.0:15447-0 ] INFO  ozoneimpl.OzoneContainer (OzoneContainer.java:buildContainerSet(328)) - Build ContainerSet costs 0s
2024-04-26 07:45:58,860 [f89e5511-6660-4723-b6db-0a37c1615f1a-EndpointStateMachineTaskThread-/0.0.0.0:15447-0 ] INFO  volume.ThrottledAsyncChecker (ThrottledAsyncChecker.java:schedule(141)) - Scheduling a check for /home/runner/work/ozone/ozone/hadoop-ozone/integration-test/target/test-dir/MiniOzoneClusterImpl-864451be-9a12-4508-8431-6d052999593c/ozone-meta/datanode-8/data-0/hdds
2024-04-26 07:45:58,860 [f89e5511-6660-4723-b6db-0a37c1615f1a-EndpointStateMachineTaskThread-/0.0.0.0:15447-0 ] INFO  volume.StorageVolumeChecker (StorageVolumeChecker.java:checkAllVolumes(218)) - Scheduled health check for volume /home/runner/work/ozone/ozone/hadoop-ozone/integration-test/target/test-dir/MiniOzoneClusterImpl-864451be-9a12-4508-8431-6d052999593c/ozone-meta/datanode-8/data-0/hdds
2024-04-26 07:45:58,861 [f89e5511-6660-4723-b6db-0a37c1615f1a-EndpointStateMachineTaskThread-/0.0.0.0:15447-0 ] INFO  volume.ThrottledAsyncChecker (ThrottledAsyncChecker.java:schedule(141)) - Scheduling a check for /home/runner/work/ozone/ozone/hadoop-ozone/integration-test/target/test-dir/MiniOzoneClusterImpl-864451be-9a12-4508-8431-6d052999593c/ozone-meta/datanode-8/ratis
2024-04-26 07:45:58,861 [f89e5511-6660-4723-b6db-0a37c1615f1a-EndpointStateMachineTaskThread-/0.0.0.0:15447-0 ] INFO  volume.StorageVolumeChecker (StorageVolumeChecker.java:checkAllVolumes(218)) - Scheduled health check for volume /home/runner/work/ozone/ozone/hadoop-ozone/integration-test/target/test-dir/MiniOzoneClusterImpl-864451be-9a12-4508-8431-6d052999593c/ozone-meta/datanode-8/ratis
2024-04-26 07:45:58,861 [f89e5511-6660-4723-b6db-0a37c1615f1a-EndpointStateMachineTaskThread-/0.0.0.0:15447-0 ] INFO  ozoneimpl.OzoneContainer (OzoneContainer.java:start(459)) - Attempting to start container services.
2024-04-26 07:45:58,861 [f89e5511-6660-4723-b6db-0a37c1615f1a-EndpointStateMachineTaskThread-/0.0.0.0:15447-0 ] WARN  ozoneimpl.OnDemandContainerDataScanner (OnDemandContainerDataScanner.java:init(75)) - Trying to initialize on demand scanner a second time on a datanode.
2024-04-26 07:45:58,862 [ContainerMetadataScanner] INFO  ozoneimpl.AbstractBackgroundContainerScanner (AbstractBackgroundContainerScanner.java:runIteration(87)) - Completed an iteration in 0 minutes. Number of iterations (since the data-node restart) : 1, Number of containers scanned in this iteration : 0, Number of unhealthy containers found in this iteration : 0
2024-04-26 07:45:58,862 [ContainerDataScanner(/home/runner/work/ozone/ozone/hadoop-ozone/integration-test/target/test-dir/MiniOzoneClusterImpl-864451be-9a12-4508-8431-6d052999593c/ozone-meta/datanode-8/data-0/hdds)] INFO  ozoneimpl.AbstractBackgroundContainerScanner (AbstractBackgroundContainerScanner.java:runIteration(87)) - Completed an iteration in 0 minutes. Number of iterations (since the data-node restart) : 1, Number of containers scanned in this iteration : 0, Number of unhealthy containers found in this iteration : 0
2024-04-26 07:45:58,862 [f89e5511-6660-4723-b6db-0a37c1615f1a-EndpointStateMachineTaskThread-/0.0.0.0:15447-0 ] INFO  replication.ReplicationServer (ReplicationServer.java:start(142)) - ReplicationServer is started using port 15524
2024-04-26 07:45:58,862 [f89e5511-6660-4723-b6db-0a37c1615f1a-EndpointStateMachineTaskThread-/0.0.0.0:15447-0 ] INFO  ratis.XceiverServerRatis (XceiverServerRatis.java:start(566)) - Starting XceiverServerRatis f89e5511-6660-4723-b6db-0a37c1615f1a
2024-04-26 07:45:58,862 [f89e5511-6660-4723-b6db-0a37c1615f1a-EndpointStateMachineTaskThread-/0.0.0.0:15447-0 ] INFO  server.RaftServer (RaftServerProxy.java:startImpl(406)) - f89e5511-6660-4723-b6db-0a37c1615f1a: start RPC server
2024-04-26 07:45:58,863 [f89e5511-6660-4723-b6db-0a37c1615f1a-EndpointStateMachineTaskThread-/0.0.0.0:15447-0 ] INFO  server.GrpcService (GrpcService.java:startImpl(302)) - f89e5511-6660-4723-b6db-0a37c1615f1a: GrpcService started, listening on 15520
2024-04-26 07:45:58,863 [f89e5511-6660-4723-b6db-0a37c1615f1a-EndpointStateMachineTaskThread-/0.0.0.0:15447-0 ] INFO  server.GrpcService (GrpcService.java:startImpl(302)) - f89e5511-6660-4723-b6db-0a37c1615f1a: GrpcService started, listening on 15522
2024-04-26 07:45:58,863 [f89e5511-6660-4723-b6db-0a37c1615f1a-EndpointStateMachineTaskThread-/0.0.0.0:15447-0 ] INFO  server.GrpcService (GrpcService.java:startImpl(302)) - f89e5511-6660-4723-b6db-0a37c1615f1a: GrpcService started, listening on 15521
2024-04-26 07:45:58,863 [f89e5511-6660-4723-b6db-0a37c1615f1a-EndpointStateMachineTaskThread-/0.0.0.0:15447-0 ] INFO  ratis.XceiverServerRatis (XceiverServerRatis.java:getRealPort(592)) - XceiverServerRatis f89e5511-6660-4723-b6db-0a37c1615f1a is started using port 15520 for RATIS
2024-04-26 07:45:58,863 [f89e5511-6660-4723-b6db-0a37c1615f1a-EndpointStateMachineTaskThread-/0.0.0.0:15447-0 ] INFO  ratis.XceiverServerRatis (XceiverServerRatis.java:getRealPort(592)) - XceiverServerRatis f89e5511-6660-4723-b6db-0a37c1615f1a is started using port 15521 for RATIS_ADMIN
2024-04-26 07:45:58,863 [f89e5511-6660-4723-b6db-0a37c1615f1a-EndpointStateMachineTaskThread-/0.0.0.0:15447-0 ] INFO  ratis.XceiverServerRatis (XceiverServerRatis.java:getRealPort(592)) - XceiverServerRatis f89e5511-6660-4723-b6db-0a37c1615f1a is started using port 15522 for RATIS_SERVER
2024-04-26 07:45:58,863 [f89e5511-6660-4723-b6db-0a37c1615f1a-EndpointStateMachineTaskThread-/0.0.0.0:15447-0 ] INFO  ratis.XceiverServerRatis (XceiverServerRatis.java:getRealPort(592)) - XceiverServerRatis f89e5511-6660-4723-b6db-0a37c1615f1a is started using port 15523 for RATIS_DATASTREAM
2024-04-26 07:45:58,863 [JvmPauseMonitor64] INFO  util.JvmPauseMonitor (JvmPauseMonitor.java:run(146)) - JvmPauseMonitor-f89e5511-6660-4723-b6db-0a37c1615f1a: Started
2024-04-26 07:45:58,864 [f89e5511-6660-4723-b6db-0a37c1615f1a-BlockDeletingService#0] INFO  interfaces.ContainerDeletionChoosingPolicyTemplate (ContainerDeletionChoosingPolicyTemplate.java:chooseContainerForBlockDeletion(85)) - Chosen 0/5000 blocks from 0 candidate containers.
2024-04-26 07:45:58,882 [main] INFO  ozone.MiniOzoneClusterImpl (MiniOzoneClusterImpl.java:lambda$waitForClusterToBeReady$0(194)) - Waiting for nodes to be ready. Got 0 of 9 DN Heartbeats.
2024-04-26 07:45:58,883 [main] INFO  ozone.MiniOzoneClusterImpl (MiniOzoneClusterImpl.java:lambda$waitForClusterToBeReady$0(197)) - Waiting for cluster to exit safe mode
2024-04-26 07:45:58,883 [main] INFO  ozone.MiniOzoneClusterImpl (MiniOzoneClusterImpl.java:lambda$waitForClusterToBeReady$0(199)) - SCM became leader
2024-04-26 07:45:58,899 [26ca528a-fda8-41f2-a9ad-48918f1fba9d-EndpointStateMachineTaskThread-/0.0.0.0:15447-0 ] INFO  utils.DatanodeStoreCache (DatanodeStoreCache.java:addDB(72)) - Added db /home/runner/work/ozone/ozone/hadoop-ozone/integration-test/target/test-dir/MiniOzoneClusterImpl-864451be-9a12-4508-8431-6d052999593c/ozone-meta/datanode-9/data-0/hdds/864451be-9a12-4508-8431-6d052999593c/DS-d86ddbc2-f1ff-4fa6-9e67-c5d034a5e9eb/container.db to cache
2024-04-26 07:45:58,899 [26ca528a-fda8-41f2-a9ad-48918f1fba9d-EndpointStateMachineTaskThread-/0.0.0.0:15447-0 ] INFO  volume.HddsVolume (HddsVolume.java:createDbStore(437)) - SchemaV3 db is created and loaded at /home/runner/work/ozone/ozone/hadoop-ozone/integration-test/target/test-dir/MiniOzoneClusterImpl-864451be-9a12-4508-8431-6d052999593c/ozone-meta/datanode-9/data-0/hdds/864451be-9a12-4508-8431-6d052999593c/DS-d86ddbc2-f1ff-4fa6-9e67-c5d034a5e9eb/container.db for volume DS-d86ddbc2-f1ff-4fa6-9e67-c5d034a5e9eb
2024-04-26 07:45:58,900 [26ca528a-fda8-41f2-a9ad-48918f1fba9d-ContainerReader-0] INFO  ozoneimpl.ContainerReader (ContainerReader.java:readVolume(148)) - Start to verify containers on volume /home/runner/work/ozone/ozone/hadoop-ozone/integration-test/target/test-dir/MiniOzoneClusterImpl-864451be-9a12-4508-8431-6d052999593c/ozone-meta/datanode-9/data-0/hdds
2024-04-26 07:45:58,900 [26ca528a-fda8-41f2-a9ad-48918f1fba9d-ContainerReader-0] INFO  ozoneimpl.ContainerReader (ContainerReader.java:readVolume(178)) - Finish verifying containers on volume /home/runner/work/ozone/ozone/hadoop-ozone/integration-test/target/test-dir/MiniOzoneClusterImpl-864451be-9a12-4508-8431-6d052999593c/ozone-meta/datanode-9/data-0/hdds
2024-04-26 07:45:58,900 [26ca528a-fda8-41f2-a9ad-48918f1fba9d-EndpointStateMachineTaskThread-/0.0.0.0:15447-0 ] INFO  ozoneimpl.OzoneContainer (OzoneContainer.java:buildContainerSet(328)) - Build ContainerSet costs 0s
2024-04-26 07:45:58,900 [26ca528a-fda8-41f2-a9ad-48918f1fba9d-EndpointStateMachineTaskThread-/0.0.0.0:15447-0 ] INFO  volume.ThrottledAsyncChecker (ThrottledAsyncChecker.java:schedule(141)) - Scheduling a check for /home/runner/work/ozone/ozone/hadoop-ozone/integration-test/target/test-dir/MiniOzoneClusterImpl-864451be-9a12-4508-8431-6d052999593c/ozone-meta/datanode-9/data-0/hdds
2024-04-26 07:45:58,901 [26ca528a-fda8-41f2-a9ad-48918f1fba9d-EndpointStateMachineTaskThread-/0.0.0.0:15447-0 ] INFO  volume.StorageVolumeChecker (StorageVolumeChecker.java:checkAllVolumes(218)) - Scheduled health check for volume /home/runner/work/ozone/ozone/hadoop-ozone/integration-test/target/test-dir/MiniOzoneClusterImpl-864451be-9a12-4508-8431-6d052999593c/ozone-meta/datanode-9/data-0/hdds
2024-04-26 07:45:58,901 [26ca528a-fda8-41f2-a9ad-48918f1fba9d-EndpointStateMachineTaskThread-/0.0.0.0:15447-0 ] INFO  volume.ThrottledAsyncChecker (ThrottledAsyncChecker.java:schedule(141)) - Scheduling a check for /home/runner/work/ozone/ozone/hadoop-ozone/integration-test/target/test-dir/MiniOzoneClusterImpl-864451be-9a12-4508-8431-6d052999593c/ozone-meta/datanode-9/ratis
2024-04-26 07:45:58,901 [26ca528a-fda8-41f2-a9ad-48918f1fba9d-EndpointStateMachineTaskThread-/0.0.0.0:15447-0 ] INFO  volume.StorageVolumeChecker (StorageVolumeChecker.java:checkAllVolumes(218)) - Scheduled health check for volume /home/runner/work/ozone/ozone/hadoop-ozone/integration-test/target/test-dir/MiniOzoneClusterImpl-864451be-9a12-4508-8431-6d052999593c/ozone-meta/datanode-9/ratis
2024-04-26 07:45:58,902 [26ca528a-fda8-41f2-a9ad-48918f1fba9d-EndpointStateMachineTaskThread-/0.0.0.0:15447-0 ] INFO  ozoneimpl.OzoneContainer (OzoneContainer.java:start(459)) - Attempting to start container services.
2024-04-26 07:45:58,902 [26ca528a-fda8-41f2-a9ad-48918f1fba9d-EndpointStateMachineTaskThread-/0.0.0.0:15447-0 ] WARN  ozoneimpl.OnDemandContainerDataScanner (OnDemandContainerDataScanner.java:init(75)) - Trying to initialize on demand scanner a second time on a datanode.
2024-04-26 07:45:58,903 [ContainerMetadataScanner] INFO  ozoneimpl.AbstractBackgroundContainerScanner (AbstractBackgroundContainerScanner.java:runIteration(87)) - Completed an iteration in 0 minutes. Number of iterations (since the data-node restart) : 1, Number of containers scanned in this iteration : 0, Number of unhealthy containers found in this iteration : 0
2024-04-26 07:45:58,903 [ContainerDataScanner(/home/runner/work/ozone/ozone/hadoop-ozone/integration-test/target/test-dir/MiniOzoneClusterImpl-864451be-9a12-4508-8431-6d052999593c/ozone-meta/datanode-9/data-0/hdds)] INFO  ozoneimpl.AbstractBackgroundContainerScanner (AbstractBackgroundContainerScanner.java:runIteration(87)) - Completed an iteration in 0 minutes. Number of iterations (since the data-node restart) : 1, Number of containers scanned in this iteration : 0, Number of unhealthy containers found in this iteration : 0
2024-04-26 07:45:58,903 [26ca528a-fda8-41f2-a9ad-48918f1fba9d-EndpointStateMachineTaskThread-/0.0.0.0:15447-0 ] INFO  replication.ReplicationServer (ReplicationServer.java:start(142)) - ReplicationServer is started using port 15533
2024-04-26 07:45:58,903 [26ca528a-fda8-41f2-a9ad-48918f1fba9d-EndpointStateMachineTaskThread-/0.0.0.0:15447-0 ] INFO  ratis.XceiverServerRatis (XceiverServerRatis.java:start(566)) - Starting XceiverServerRatis 26ca528a-fda8-41f2-a9ad-48918f1fba9d
2024-04-26 07:45:58,905 [26ca528a-fda8-41f2-a9ad-48918f1fba9d-EndpointStateMachineTaskThread-/0.0.0.0:15447-0 ] INFO  server.RaftServer (RaftServerProxy.java:startImpl(406)) - 26ca528a-fda8-41f2-a9ad-48918f1fba9d: start RPC server
2024-04-26 07:45:58,905 [26ca528a-fda8-41f2-a9ad-48918f1fba9d-EndpointStateMachineTaskThread-/0.0.0.0:15447-0 ] INFO  server.GrpcService (GrpcService.java:startImpl(302)) - 26ca528a-fda8-41f2-a9ad-48918f1fba9d: GrpcService started, listening on 15529
2024-04-26 07:45:58,905 [26ca528a-fda8-41f2-a9ad-48918f1fba9d-EndpointStateMachineTaskThread-/0.0.0.0:15447-0 ] INFO  server.GrpcService (GrpcService.java:startImpl(302)) - 26ca528a-fda8-41f2-a9ad-48918f1fba9d: GrpcService started, listening on 15531
2024-04-26 07:45:58,906 [26ca528a-fda8-41f2-a9ad-48918f1fba9d-EndpointStateMachineTaskThread-/0.0.0.0:15447-0 ] INFO  server.GrpcService (GrpcService.java:startImpl(302)) - 26ca528a-fda8-41f2-a9ad-48918f1fba9d: GrpcService started, listening on 15530
2024-04-26 07:45:58,906 [26ca528a-fda8-41f2-a9ad-48918f1fba9d-EndpointStateMachineTaskThread-/0.0.0.0:15447-0 ] INFO  ratis.XceiverServerRatis (XceiverServerRatis.java:getRealPort(592)) - XceiverServerRatis 26ca528a-fda8-41f2-a9ad-48918f1fba9d is started using port 15529 for RATIS
2024-04-26 07:45:58,906 [JvmPauseMonitor65] INFO  util.JvmPauseMonitor (JvmPauseMonitor.java:run(146)) - JvmPauseMonitor-26ca528a-fda8-41f2-a9ad-48918f1fba9d: Started
2024-04-26 07:45:58,906 [26ca528a-fda8-41f2-a9ad-48918f1fba9d-EndpointStateMachineTaskThread-/0.0.0.0:15447-0 ] INFO  ratis.XceiverServerRatis (XceiverServerRatis.java:getRealPort(592)) - XceiverServerRatis 26ca528a-fda8-41f2-a9ad-48918f1fba9d is started using port 15530 for RATIS_ADMIN
2024-04-26 07:45:58,906 [26ca528a-fda8-41f2-a9ad-48918f1fba9d-EndpointStateMachineTaskThread-/0.0.0.0:15447-0 ] INFO  ratis.XceiverServerRatis (XceiverServerRatis.java:getRealPort(592)) - XceiverServerRatis 26ca528a-fda8-41f2-a9ad-48918f1fba9d is started using port 15531 for RATIS_SERVER
2024-04-26 07:45:58,906 [26ca528a-fda8-41f2-a9ad-48918f1fba9d-EndpointStateMachineTaskThread-/0.0.0.0:15447-0 ] INFO  ratis.XceiverServerRatis (XceiverServerRatis.java:getRealPort(592)) - XceiverServerRatis 26ca528a-fda8-41f2-a9ad-48918f1fba9d is started using port 15532 for RATIS_DATASTREAM
2024-04-26 07:45:58,907 [26ca528a-fda8-41f2-a9ad-48918f1fba9d-BlockDeletingService#0] INFO  interfaces.ContainerDeletionChoosingPolicyTemplate (ContainerDeletionChoosingPolicyTemplate.java:chooseContainerForBlockDeletion(85)) - Chosen 0/5000 blocks from 0 candidate containers.
2024-04-26 07:45:59,883 [main] INFO  ozone.MiniOzoneClusterImpl (MiniOzoneClusterImpl.java:lambda$waitForClusterToBeReady$0(194)) - Waiting for nodes to be ready. Got 0 of 9 DN Heartbeats.
2024-04-26 07:45:59,883 [main] INFO  ozone.MiniOzoneClusterImpl (MiniOzoneClusterImpl.java:lambda$waitForClusterToBeReady$0(197)) - Waiting for cluster to exit safe mode
2024-04-26 07:45:59,883 [main] INFO  ozone.MiniOzoneClusterImpl (MiniOzoneClusterImpl.java:lambda$waitForClusterToBeReady$0(199)) - SCM became leader
2024-04-26 07:46:00,510 [IPC Server handler 0 on default port 15447] INFO  net.NetworkTopologyImpl (NetworkTopologyImpl.java:add(134)) - Added a new node: /default-rack/576b0e19-35c7-479f-a3f8-cac44c071a4a
2024-04-26 07:46:00,510 [IPC Server handler 0 on default port 15447] INFO  node.SCMNodeManager (SCMNodeManager.java:register(421)) - Registered datanode: 576b0e19-35c7-479f-a3f8-cac44c071a4a{ip: 127.0.0.1, host: localhost, ports: [HTTP=15454, CLIENT_RPC=15455, REPLICATION=15461, RATIS=15457, RATIS_ADMIN=15458, RATIS_SERVER=15459, RATIS_DATASTREAM=15460, STANDALONE=15456], networkLocation: /default-rack, certSerialId: null, persistedOpState: null, persistedOpStateExpiryEpochSec: 0}
2024-04-26 07:46:00,510 [EventQueue-NewNodeForNewNodeHandler] INFO  pipeline.BackgroundPipelineCreator (BackgroundPipelineCreator.java:notifyEventTriggered(280)) - trigger a one-shot run on RatisPipelineUtilsThread.
2024-04-26 07:46:00,510 [EventQueue-NodeRegistrationContainerReportForContainerSafeModeRule] INFO  safemode.SCMSafeModeManager (SCMSafeModeManager.java:validateSafeModeExitRules(203)) - ContainerSafeModeRule rule is successfully validated
2024-04-26 07:46:00,511 [RatisPipelineUtilsThread-0] INFO  pipeline.RatisPipelineProvider (RatisPipelineProvider.java:lambda$create$0(205)) - Sending CreatePipelineCommand for pipeline:PipelineID=e90adc08-af8f-4604-9a46-d889fdcfa5f4 to datanode:576b0e19-35c7-479f-a3f8-cac44c071a4a
2024-04-26 07:46:00,511 [EventQueue-NodeRegistrationContainerReportForDataNodeSafeModeRule] INFO  safemode.SCMSafeModeManager (DataNodeSafeModeRule.java:process(71)) - SCM in safe mode. 1 DataNodes registered, 3 required.
2024-04-26 07:46:00,511 [EventQueue-PipelineReportForOneReplicaPipelineSafeModeRule] INFO  safemode.SCMSafeModeManager (SCMSafeModeManager.java:validateSafeModeExitRules(203)) - AtleastOneDatanodeReportedRule rule is successfully validated
2024-04-26 07:46:00,512 [RatisPipelineUtilsThread-0] INFO  pipeline.BackgroundPipelineCreator (BackgroundPipelineCreator.java:createPipelines(236)) - Created new pipeline Pipeline[ Id: e90adc08-af8f-4604-9a46-d889fdcfa5f4, Nodes: 576b0e19-35c7-479f-a3f8-cac44c071a4a(localhost/127.0.0.1), ReplicationConfig: RATIS/ONE, State:ALLOCATED, leaderId:, CreationTimestamp2024-04-26T07:46:00.511047397Z[Etc/UTC]]
2024-04-26 07:46:00,557 [IPC Server handler 1 on default port 15447] INFO  net.NetworkTopologyImpl (NetworkTopologyImpl.java:add(134)) - Added a new node: /default-rack/e753b894-9081-4960-806d-bc57228f6e3a
2024-04-26 07:46:00,557 [IPC Server handler 1 on default port 15447] INFO  node.SCMNodeManager (SCMNodeManager.java:register(421)) - Registered datanode: e753b894-9081-4960-806d-bc57228f6e3a{ip: 127.0.0.1, host: localhost, ports: [HTTP=15463, CLIENT_RPC=15464, REPLICATION=15470, RATIS=15466, RATIS_ADMIN=15467, RATIS_SERVER=15468, RATIS_DATASTREAM=15469, STANDALONE=15465], networkLocation: /default-rack, certSerialId: null, persistedOpState: null, persistedOpStateExpiryEpochSec: 0}
2024-04-26 07:46:00,557 [EventQueue-NodeRegistrationContainerReportForDataNodeSafeModeRule] INFO  safemode.SCMSafeModeManager (DataNodeSafeModeRule.java:process(71)) - SCM in safe mode. 2 DataNodes registered, 3 required.
2024-04-26 07:46:00,557 [EventQueue-NewNodeForNewNodeHandler] INFO  pipeline.BackgroundPipelineCreator (BackgroundPipelineCreator.java:notifyEventTriggered(280)) - trigger a one-shot run on RatisPipelineUtilsThread.
2024-04-26 07:46:00,557 [RatisPipelineUtilsThread-0] INFO  pipeline.RatisPipelineProvider (RatisPipelineProvider.java:lambda$create$0(205)) - Sending CreatePipelineCommand for pipeline:PipelineID=84c2d2da-0c2b-4ae6-affa-13e46d6c0782 to datanode:e753b894-9081-4960-806d-bc57228f6e3a
2024-04-26 07:46:00,557 [RatisPipelineUtilsThread-0] INFO  pipeline.BackgroundPipelineCreator (BackgroundPipelineCreator.java:createPipelines(236)) - Created new pipeline Pipeline[ Id: 84c2d2da-0c2b-4ae6-affa-13e46d6c0782, Nodes: e753b894-9081-4960-806d-bc57228f6e3a(localhost/127.0.0.1), ReplicationConfig: RATIS/ONE, State:ALLOCATED, leaderId:, CreationTimestamp2024-04-26T07:46:00.557580056Z[Etc/UTC]]
2024-04-26 07:46:00,607 [IPC Server handler 2 on default port 15447] INFO  net.NetworkTopologyImpl (NetworkTopologyImpl.java:add(134)) - Added a new node: /default-rack/ddce2076-1575-41c9-8de9-fd704b659682
2024-04-26 07:46:00,607 [IPC Server handler 2 on default port 15447] INFO  node.SCMNodeManager (SCMNodeManager.java:register(421)) - Registered datanode: ddce2076-1575-41c9-8de9-fd704b659682{ip: 127.0.0.1, host: localhost, ports: [HTTP=15472, CLIENT_RPC=15473, REPLICATION=15479, RATIS=15475, RATIS_ADMIN=15476, RATIS_SERVER=15477, RATIS_DATASTREAM=15478, STANDALONE=15474], networkLocation: /default-rack, certSerialId: null, persistedOpState: null, persistedOpStateExpiryEpochSec: 0}
2024-04-26 07:46:00,607 [EventQueue-NewNodeForNewNodeHandler] INFO  pipeline.BackgroundPipelineCreator (BackgroundPipelineCreator.java:notifyEventTriggered(280)) - trigger a one-shot run on RatisPipelineUtilsThread.
2024-04-26 07:46:00,607 [RatisPipelineUtilsThread-0] INFO  pipeline.RatisPipelineProvider (RatisPipelineProvider.java:lambda$create$0(205)) - Sending CreatePipelineCommand for pipeline:PipelineID=f8f2d1dd-40e2-4126-bd42-715834087a58 to datanode:ddce2076-1575-41c9-8de9-fd704b659682
2024-04-26 07:46:00,608 [EventQueue-NodeRegistrationContainerReportForDataNodeSafeModeRule] INFO  safemode.SCMSafeModeManager (DataNodeSafeModeRule.java:process(71)) - SCM in safe mode. 3 DataNodes registered, 3 required.
2024-04-26 07:46:00,608 [EventQueue-NodeRegistrationContainerReportForDataNodeSafeModeRule] INFO  safemode.SCMSafeModeManager (SCMSafeModeManager.java:validateSafeModeExitRules(203)) - DataNodeSafeModeRule rule is successfully validated
2024-04-26 07:46:00,608 [EventQueue-NodeRegistrationContainerReportForDataNodeSafeModeRule] INFO  safemode.SCMSafeModeManager (SCMSafeModeManager.java:completePreCheck(232)) - All SCM safe mode pre check rules have passed
2024-04-26 07:46:00,608 [RatisPipelineUtilsThread-0] INFO  pipeline.BackgroundPipelineCreator (BackgroundPipelineCreator.java:createPipelines(236)) - Created new pipeline Pipeline[ Id: f8f2d1dd-40e2-4126-bd42-715834087a58, Nodes: ddce2076-1575-41c9-8de9-fd704b659682(localhost/127.0.0.1), ReplicationConfig: RATIS/ONE, State:ALLOCATED, leaderId:, CreationTimestamp2024-04-26T07:46:00.607700462Z[Etc/UTC]]
2024-04-26 07:46:00,608 [EventQueue-NodeRegistrationContainerReportForDataNodeSafeModeRule] INFO  ha.SCMContext (SCMContext.java:updateSafeModeStatus(225)) - Update SafeModeStatus from SafeModeStatus{safeModeStatus=true, preCheckPassed=false} to SafeModeStatus{safeModeStatus=true, preCheckPassed=true}.
2024-04-26 07:46:00,608 [EventQueue-NodeRegistrationContainerReportForDataNodeSafeModeRule] INFO  pipeline.BackgroundPipelineCreator (BackgroundPipelineCreator.java:notifyEventTriggered(280)) - trigger a one-shot run on RatisPipelineUtilsThread.
2024-04-26 07:46:00,608 [RatisPipelineUtilsThread-0] INFO  pipeline.RatisPipelineProvider (RatisPipelineProvider.java:lambda$create$0(205)) - Sending CreatePipelineCommand for pipeline:PipelineID=20140069-b339-4f8c-94e8-3c8af2f69899 to datanode:ddce2076-1575-41c9-8de9-fd704b659682
2024-04-26 07:46:00,608 [RatisPipelineUtilsThread-0] INFO  pipeline.RatisPipelineProvider (RatisPipelineProvider.java:lambda$create$0(205)) - Sending CreatePipelineCommand for pipeline:PipelineID=20140069-b339-4f8c-94e8-3c8af2f69899 to datanode:576b0e19-35c7-479f-a3f8-cac44c071a4a
2024-04-26 07:46:00,608 [RatisPipelineUtilsThread-0] INFO  pipeline.RatisPipelineProvider (RatisPipelineProvider.java:lambda$create$0(205)) - Sending CreatePipelineCommand for pipeline:PipelineID=20140069-b339-4f8c-94e8-3c8af2f69899 to datanode:e753b894-9081-4960-806d-bc57228f6e3a
2024-04-26 07:46:00,609 [RatisPipelineUtilsThread-0] INFO  pipeline.BackgroundPipelineCreator (BackgroundPipelineCreator.java:createPipelines(236)) - Created new pipeline Pipeline[ Id: 20140069-b339-4f8c-94e8-3c8af2f69899, Nodes: ddce2076-1575-41c9-8de9-fd704b659682(localhost/127.0.0.1)576b0e19-35c7-479f-a3f8-cac44c071a4a(localhost/127.0.0.1)e753b894-9081-4960-806d-bc57228f6e3a(localhost/127.0.0.1), ReplicationConfig: RATIS/THREE, State:ALLOCATED, leaderId:, CreationTimestamp2024-04-26T07:46:00.608687863Z[Etc/UTC]]
2024-04-26 07:46:00,649 [IPC Server handler 3 on default port 15447] INFO  net.NetworkTopologyImpl (NetworkTopologyImpl.java:add(134)) - Added a new node: /default-rack/af10ead5-859f-4a8b-b6c8-c04b91d5a3d5
2024-04-26 07:46:00,649 [IPC Server handler 3 on default port 15447] INFO  node.SCMNodeManager (SCMNodeManager.java:register(421)) - Registered datanode: af10ead5-859f-4a8b-b6c8-c04b91d5a3d5{ip: 127.0.0.1, host: localhost, ports: [HTTP=15481, CLIENT_RPC=15482, REPLICATION=15488, RATIS=15484, RATIS_ADMIN=15485, RATIS_SERVER=15486, RATIS_DATASTREAM=15487, STANDALONE=15483], networkLocation: /default-rack, certSerialId: null, persistedOpState: null, persistedOpStateExpiryEpochSec: 0}
2024-04-26 07:46:00,649 [EventQueue-NewNodeForNewNodeHandler] INFO  pipeline.BackgroundPipelineCreator (BackgroundPipelineCreator.java:notifyEventTriggered(280)) - trigger a one-shot run on RatisPipelineUtilsThread.
2024-04-26 07:46:00,650 [RatisPipelineUtilsThread-0] INFO  pipeline.RatisPipelineProvider (RatisPipelineProvider.java:lambda$create$0(205)) - Sending CreatePipelineCommand for pipeline:PipelineID=c41ef844-3cd0-41f5-89d1-f5752781d5ab to datanode:af10ead5-859f-4a8b-b6c8-c04b91d5a3d5
2024-04-26 07:46:00,650 [RatisPipelineUtilsThread-0] INFO  pipeline.BackgroundPipelineCreator (BackgroundPipelineCreator.java:createPipelines(236)) - Created new pipeline Pipeline[ Id: c41ef844-3cd0-41f5-89d1-f5752781d5ab, Nodes: af10ead5-859f-4a8b-b6c8-c04b91d5a3d5(localhost/127.0.0.1), ReplicationConfig: RATIS/ONE, State:ALLOCATED, leaderId:, CreationTimestamp2024-04-26T07:46:00.650118311Z[Etc/UTC]]
2024-04-26 07:46:00,699 [IPC Server handler 4 on default port 15447] INFO  net.NetworkTopologyImpl (NetworkTopologyImpl.java:add(134)) - Added a new node: /default-rack/136604f8-4e12-4782-a33c-8f17bffa1c2c
2024-04-26 07:46:00,699 [IPC Server handler 4 on default port 15447] INFO  node.SCMNodeManager (SCMNodeManager.java:register(421)) - Registered datanode: 136604f8-4e12-4782-a33c-8f17bffa1c2c{ip: 127.0.0.1, host: localhost, ports: [HTTP=15490, CLIENT_RPC=15491, REPLICATION=15497, RATIS=15493, RATIS_ADMIN=15494, RATIS_SERVER=15495, RATIS_DATASTREAM=15496, STANDALONE=15492], networkLocation: /default-rack, certSerialId: null, persistedOpState: null, persistedOpStateExpiryEpochSec: 0}
2024-04-26 07:46:00,699 [EventQueue-NewNodeForNewNodeHandler] INFO  pipeline.BackgroundPipelineCreator (BackgroundPipelineCreator.java:notifyEventTriggered(280)) - trigger a one-shot run on RatisPipelineUtilsThread.
2024-04-26 07:46:00,699 [RatisPipelineUtilsThread-0] INFO  pipeline.RatisPipelineProvider (RatisPipelineProvider.java:lambda$create$0(205)) - Sending CreatePipelineCommand for pipeline:PipelineID=fe5eb942-71db-4d90-babe-cc9b6b7a2b93 to datanode:136604f8-4e12-4782-a33c-8f17bffa1c2c
2024-04-26 07:46:00,700 [RatisPipelineUtilsThread-0] INFO  pipeline.BackgroundPipelineCreator (BackgroundPipelineCreator.java:createPipelines(236)) - Created new pipeline Pipeline[ Id: fe5eb942-71db-4d90-babe-cc9b6b7a2b93, Nodes: 136604f8-4e12-4782-a33c-8f17bffa1c2c(localhost/127.0.0.1), ReplicationConfig: RATIS/ONE, State:ALLOCATED, leaderId:, CreationTimestamp2024-04-26T07:46:00.699928785Z[Etc/UTC]]
2024-04-26 07:46:00,742 [IPC Server handler 5 on default port 15447] INFO  net.NetworkTopologyImpl (NetworkTopologyImpl.java:add(134)) - Added a new node: /default-rack/36c84ee5-0fcd-4ea2-b6d6-812b1364d576
2024-04-26 07:46:00,742 [IPC Server handler 5 on default port 15447] INFO  node.SCMNodeManager (SCMNodeManager.java:register(421)) - Registered datanode: 36c84ee5-0fcd-4ea2-b6d6-812b1364d576{ip: 127.0.0.1, host: localhost, ports: [HTTP=15499, CLIENT_RPC=15500, REPLICATION=15506, RATIS=15502, RATIS_ADMIN=15503, RATIS_SERVER=15504, RATIS_DATASTREAM=15505, STANDALONE=15501], networkLocation: /default-rack, certSerialId: null, persistedOpState: null, persistedOpStateExpiryEpochSec: 0}
2024-04-26 07:46:00,742 [EventQueue-NewNodeForNewNodeHandler] INFO  pipeline.BackgroundPipelineCreator (BackgroundPipelineCreator.java:notifyEventTriggered(280)) - trigger a one-shot run on RatisPipelineUtilsThread.
2024-04-26 07:46:00,742 [RatisPipelineUtilsThread-0] INFO  pipeline.RatisPipelineProvider (RatisPipelineProvider.java:lambda$create$0(205)) - Sending CreatePipelineCommand for pipeline:PipelineID=da80739c-e29d-4ef4-888e-156078557861 to datanode:36c84ee5-0fcd-4ea2-b6d6-812b1364d576
2024-04-26 07:46:00,742 [RatisPipelineUtilsThread-0] INFO  pipeline.BackgroundPipelineCreator (BackgroundPipelineCreator.java:createPipelines(236)) - Created new pipeline Pipeline[ Id: da80739c-e29d-4ef4-888e-156078557861, Nodes: 36c84ee5-0fcd-4ea2-b6d6-812b1364d576(localhost/127.0.0.1), ReplicationConfig: RATIS/ONE, State:ALLOCATED, leaderId:, CreationTimestamp2024-04-26T07:46:00.742495382Z[Etc/UTC]]
2024-04-26 07:46:00,743 [RatisPipelineUtilsThread-0] INFO  pipeline.RatisPipelineProvider (RatisPipelineProvider.java:lambda$create$0(205)) - Sending CreatePipelineCommand for pipeline:PipelineID=59219069-eaf1-4b40-948f-8ce91570b4d6 to datanode:af10ead5-859f-4a8b-b6c8-c04b91d5a3d5
2024-04-26 07:46:00,743 [RatisPipelineUtilsThread-0] INFO  pipeline.RatisPipelineProvider (RatisPipelineProvider.java:lambda$create$0(205)) - Sending CreatePipelineCommand for pipeline:PipelineID=59219069-eaf1-4b40-948f-8ce91570b4d6 to datanode:136604f8-4e12-4782-a33c-8f17bffa1c2c
2024-04-26 07:46:00,743 [RatisPipelineUtilsThread-0] INFO  pipeline.RatisPipelineProvider (RatisPipelineProvider.java:lambda$create$0(205)) - Sending CreatePipelineCommand for pipeline:PipelineID=59219069-eaf1-4b40-948f-8ce91570b4d6 to datanode:36c84ee5-0fcd-4ea2-b6d6-812b1364d576
2024-04-26 07:46:00,743 [RatisPipelineUtilsThread-0] INFO  pipeline.BackgroundPipelineCreator (BackgroundPipelineCreator.java:createPipelines(236)) - Created new pipeline Pipeline[ Id: 59219069-eaf1-4b40-948f-8ce91570b4d6, Nodes: af10ead5-859f-4a8b-b6c8-c04b91d5a3d5(localhost/127.0.0.1)136604f8-4e12-4782-a33c-8f17bffa1c2c(localhost/127.0.0.1)36c84ee5-0fcd-4ea2-b6d6-812b1364d576(localhost/127.0.0.1), ReplicationConfig: RATIS/THREE, State:ALLOCATED, leaderId:, CreationTimestamp2024-04-26T07:46:00.743175014Z[Etc/UTC]]
2024-04-26 07:46:00,796 [IPC Server handler 6 on default port 15447] INFO  net.NetworkTopologyImpl (NetworkTopologyImpl.java:add(134)) - Added a new node: /default-rack/e280b344-1e71-401e-97a7-3c6530ca629d
2024-04-26 07:46:00,796 [IPC Server handler 6 on default port 15447] INFO  node.SCMNodeManager (SCMNodeManager.java:register(421)) - Registered datanode: e280b344-1e71-401e-97a7-3c6530ca629d{ip: 127.0.0.1, host: localhost, ports: [HTTP=15508, CLIENT_RPC=15509, REPLICATION=15515, RATIS=15511, RATIS_ADMIN=15512, RATIS_SERVER=15513, RATIS_DATASTREAM=15514, STANDALONE=15510], networkLocation: /default-rack, certSerialId: null, persistedOpState: null, persistedOpStateExpiryEpochSec: 0}
2024-04-26 07:46:00,797 [EventQueue-NewNodeForNewNodeHandler] INFO  pipeline.BackgroundPipelineCreator (BackgroundPipelineCreator.java:notifyEventTriggered(280)) - trigger a one-shot run on RatisPipelineUtilsThread.
2024-04-26 07:46:00,797 [RatisPipelineUtilsThread-0] INFO  pipeline.RatisPipelineProvider (RatisPipelineProvider.java:lambda$create$0(205)) - Sending CreatePipelineCommand for pipeline:PipelineID=04b858ca-6dfa-4a59-b958-f2e5719b3b13 to datanode:e280b344-1e71-401e-97a7-3c6530ca629d
2024-04-26 07:46:00,797 [RatisPipelineUtilsThread-0] INFO  pipeline.BackgroundPipelineCreator (BackgroundPipelineCreator.java:createPipelines(236)) - Created new pipeline Pipeline[ Id: 04b858ca-6dfa-4a59-b958-f2e5719b3b13, Nodes: e280b344-1e71-401e-97a7-3c6530ca629d(localhost/127.0.0.1), ReplicationConfig: RATIS/ONE, State:ALLOCATED, leaderId:, CreationTimestamp2024-04-26T07:46:00.797486954Z[Etc/UTC]]
2024-04-26 07:46:00,844 [IPC Server handler 7 on default port 15447] INFO  net.NetworkTopologyImpl (NetworkTopologyImpl.java:add(134)) - Added a new node: /default-rack/f89e5511-6660-4723-b6db-0a37c1615f1a
2024-04-26 07:46:00,844 [IPC Server handler 7 on default port 15447] INFO  node.SCMNodeManager (SCMNodeManager.java:register(421)) - Registered datanode: f89e5511-6660-4723-b6db-0a37c1615f1a{ip: 127.0.0.1, host: localhost, ports: [HTTP=15517, CLIENT_RPC=15518, REPLICATION=15524, RATIS=15520, RATIS_ADMIN=15521, RATIS_SERVER=15522, RATIS_DATASTREAM=15523, STANDALONE=15519], networkLocation: /default-rack, certSerialId: null, persistedOpState: null, persistedOpStateExpiryEpochSec: 0}
2024-04-26 07:46:00,845 [EventQueue-NewNodeForNewNodeHandler] INFO  pipeline.BackgroundPipelineCreator (BackgroundPipelineCreator.java:notifyEventTriggered(280)) - trigger a one-shot run on RatisPipelineUtilsThread.
2024-04-26 07:46:00,845 [RatisPipelineUtilsThread-0] INFO  pipeline.RatisPipelineProvider (RatisPipelineProvider.java:lambda$create$0(205)) - Sending CreatePipelineCommand for pipeline:PipelineID=09e91f8d-181b-4fdb-9c43-9b4b29d93724 to datanode:f89e5511-6660-4723-b6db-0a37c1615f1a
2024-04-26 07:46:00,846 [RatisPipelineUtilsThread-0] INFO  pipeline.BackgroundPipelineCreator (BackgroundPipelineCreator.java:createPipelines(236)) - Created new pipeline Pipeline[ Id: 09e91f8d-181b-4fdb-9c43-9b4b29d93724, Nodes: f89e5511-6660-4723-b6db-0a37c1615f1a(localhost/127.0.0.1), ReplicationConfig: RATIS/ONE, State:ALLOCATED, leaderId:, CreationTimestamp2024-04-26T07:46:00.845418861Z[Etc/UTC]]
2024-04-26 07:46:00,883 [main] INFO  ozone.MiniOzoneClusterImpl (MiniOzoneClusterImpl.java:lambda$waitForClusterToBeReady$0(194)) - Waiting for nodes to be ready. Got 8 of 9 DN Heartbeats.
2024-04-26 07:46:00,883 [main] INFO  ozone.MiniOzoneClusterImpl (MiniOzoneClusterImpl.java:lambda$waitForClusterToBeReady$0(197)) - Waiting for cluster to exit safe mode
2024-04-26 07:46:00,884 [main] INFO  ozone.MiniOzoneClusterImpl (MiniOzoneClusterImpl.java:lambda$waitForClusterToBeReady$0(199)) - SCM became leader
2024-04-26 07:46:00,884 [IPC Server handler 8 on default port 15447] INFO  net.NetworkTopologyImpl (NetworkTopologyImpl.java:add(134)) - Added a new node: /default-rack/26ca528a-fda8-41f2-a9ad-48918f1fba9d
2024-04-26 07:46:00,884 [IPC Server handler 8 on default port 15447] INFO  node.SCMNodeManager (SCMNodeManager.java:register(421)) - Registered datanode: 26ca528a-fda8-41f2-a9ad-48918f1fba9d{ip: 127.0.0.1, host: localhost, ports: [HTTP=15526, CLIENT_RPC=15527, REPLICATION=15533, RATIS=15529, RATIS_ADMIN=15530, RATIS_SERVER=15531, RATIS_DATASTREAM=15532, STANDALONE=15528], networkLocation: /default-rack, certSerialId: null, persistedOpState: null, persistedOpStateExpiryEpochSec: 0}
2024-04-26 07:46:00,884 [EventQueue-NewNodeForNewNodeHandler] INFO  pipeline.BackgroundPipelineCreator (BackgroundPipelineCreator.java:notifyEventTriggered(280)) - trigger a one-shot run on RatisPipelineUtilsThread.
2024-04-26 07:46:00,884 [RatisPipelineUtilsThread-0] INFO  pipeline.RatisPipelineProvider (RatisPipelineProvider.java:lambda$create$0(205)) - Sending CreatePipelineCommand for pipeline:PipelineID=ddb012f6-b82c-4030-a65a-ee69a00ea69f to datanode:26ca528a-fda8-41f2-a9ad-48918f1fba9d
2024-04-26 07:46:00,885 [RatisPipelineUtilsThread-0] INFO  pipeline.BackgroundPipelineCreator (BackgroundPipelineCreator.java:createPipelines(236)) - Created new pipeline Pipeline[ Id: ddb012f6-b82c-4030-a65a-ee69a00ea69f, Nodes: 26ca528a-fda8-41f2-a9ad-48918f1fba9d(localhost/127.0.0.1), ReplicationConfig: RATIS/ONE, State:ALLOCATED, leaderId:, CreationTimestamp2024-04-26T07:46:00.884713007Z[Etc/UTC]]
2024-04-26 07:46:00,885 [RatisPipelineUtilsThread-0] INFO  pipeline.RatisPipelineProvider (RatisPipelineProvider.java:lambda$create$0(205)) - Sending CreatePipelineCommand for pipeline:PipelineID=473f2448-1472-487b-b9ad-d9979c9db735 to datanode:f89e5511-6660-4723-b6db-0a37c1615f1a
2024-04-26 07:46:00,885 [RatisPipelineUtilsThread-0] INFO  pipeline.RatisPipelineProvider (RatisPipelineProvider.java:lambda$create$0(205)) - Sending CreatePipelineCommand for pipeline:PipelineID=473f2448-1472-487b-b9ad-d9979c9db735 to datanode:e280b344-1e71-401e-97a7-3c6530ca629d
2024-04-26 07:46:00,885 [RatisPipelineUtilsThread-0] INFO  pipeline.RatisPipelineProvider (RatisPipelineProvider.java:lambda$create$0(205)) - Sending CreatePipelineCommand for pipeline:PipelineID=473f2448-1472-487b-b9ad-d9979c9db735 to datanode:26ca528a-fda8-41f2-a9ad-48918f1fba9d
2024-04-26 07:46:00,886 [RatisPipelineUtilsThread-0] INFO  pipeline.BackgroundPipelineCreator (BackgroundPipelineCreator.java:createPipelines(236)) - Created new pipeline Pipeline[ Id: 473f2448-1472-487b-b9ad-d9979c9db735, Nodes: f89e5511-6660-4723-b6db-0a37c1615f1a(localhost/127.0.0.1)e280b344-1e71-401e-97a7-3c6530ca629d(localhost/127.0.0.1)26ca528a-fda8-41f2-a9ad-48918f1fba9d(localhost/127.0.0.1), ReplicationConfig: RATIS/THREE, State:ALLOCATED, leaderId:, CreationTimestamp2024-04-26T07:46:00.885505683Z[Etc/UTC]]
2024-04-26 07:46:01,884 [main] INFO  ozone.MiniOzoneClusterImpl (MiniOzoneClusterImpl.java:lambda$waitForClusterToBeReady$0(194)) - Nodes are ready. Got 9 of 9 DN Heartbeats.
2024-04-26 07:46:01,884 [main] INFO  ozone.MiniOzoneClusterImpl (MiniOzoneClusterImpl.java:lambda$waitForClusterToBeReady$0(197)) - Waiting for cluster to exit safe mode
2024-04-26 07:46:01,884 [main] INFO  ozone.MiniOzoneClusterImpl (MiniOzoneClusterImpl.java:lambda$waitForClusterToBeReady$0(199)) - SCM became leader
2024-04-26 07:46:02,884 [main] INFO  ozone.MiniOzoneClusterImpl (MiniOzoneClusterImpl.java:lambda$waitForClusterToBeReady$0(194)) - Nodes are ready. Got 9 of 9 DN Heartbeats.
2024-04-26 07:46:02,884 [main] INFO  ozone.MiniOzoneClusterImpl (MiniOzoneClusterImpl.java:lambda$waitForClusterToBeReady$0(197)) - Waiting for cluster to exit safe mode
2024-04-26 07:46:02,884 [main] INFO  ozone.MiniOzoneClusterImpl (MiniOzoneClusterImpl.java:lambda$waitForClusterToBeReady$0(199)) - SCM became leader
2024-04-26 07:46:03,510 [576b0e19-35c7-479f-a3f8-cac44c071a4a-PipelineCommandHandlerThread-0] INFO  server.RaftServer (RaftServerProxy.java:addNew(100)) - 576b0e19-35c7-479f-a3f8-cac44c071a4a: addNew group-D889FDCFA5F4:[576b0e19-35c7-479f-a3f8-cac44c071a4a|127.0.0.1:15459] returns group-D889FDCFA5F4:java.util.concurrent.CompletableFuture@7ff74f0d[Not completed]
2024-04-26 07:46:03,511 [576b0e19-35c7-479f-a3f8-cac44c071a4a-groupManagement] INFO  server.RaftServer$Division (RaftServerImpl.java:<init>(256)) - 576b0e19-35c7-479f-a3f8-cac44c071a4a: new RaftServerImpl for group-D889FDCFA5F4:[576b0e19-35c7-479f-a3f8-cac44c071a4a|127.0.0.1:15459] with ContainerStateMachine:uninitialized
2024-04-26 07:46:03,511 [576b0e19-35c7-479f-a3f8-cac44c071a4a-groupManagement] INFO  server.RaftServerConfigKeys (ConfUtils.java:logGet(46)) - raft.server.rpc.timeout.min = 5s (custom)
2024-04-26 07:46:03,511 [576b0e19-35c7-479f-a3f8-cac44c071a4a-groupManagement] INFO  server.RaftServerConfigKeys (ConfUtils.java:logGet(46)) - raft.server.rpc.timeout.max = 5200ms (custom)
2024-04-26 07:46:03,511 [576b0e19-35c7-479f-a3f8-cac44c071a4a-groupManagement] INFO  server.RaftServerConfigKeys (ConfUtils.java:logGet(46)) - raft.server.rpc.sleep.time = 25ms (default)
2024-04-26 07:46:03,511 [576b0e19-35c7-479f-a3f8-cac44c071a4a-groupManagement] INFO  server.RaftServerConfigKeys (ConfUtils.java:logGet(46)) - raft.server.rpc.slowness.timeout = 300000ms (custom)
2024-04-26 07:46:03,511 [576b0e19-35c7-479f-a3f8-cac44c071a4a-groupManagement] INFO  server.RaftServerConfigKeys (ConfUtils.java:logGet(46)) - raft.server.leaderelection.leader.step-down.wait-time = 10s (default)
2024-04-26 07:46:03,511 [576b0e19-35c7-479f-a3f8-cac44c071a4a-groupManagement] INFO  server.RaftServerConfigKeys (ConfUtils.java:logGet(46)) - raft.server.leaderelection.member.majority-add = false (default)
2024-04-26 07:46:03,511 [576b0e19-35c7-479f-a3f8-cac44c071a4a-groupManagement] INFO  server.RaftServerConfigKeys (ConfUtils.java:logGet(46)) - raft.server.sleep.deviation.threshold = 300ms (default)
2024-04-26 07:46:03,511 [576b0e19-35c7-479f-a3f8-cac44c071a4a-groupManagement] INFO  server.RaftServer$Division (ServerState.java:<init>(113)) - 576b0e19-35c7-479f-a3f8-cac44c071a4a@group-D889FDCFA5F4: ConfigurationManager, init=-1: peers:[576b0e19-35c7-479f-a3f8-cac44c071a4a|127.0.0.1:15459]|listeners:[], old=null, confs=<EMPTY_MAP>
2024-04-26 07:46:03,511 [576b0e19-35c7-479f-a3f8-cac44c071a4a-groupManagement] INFO  server.RaftServerConfigKeys (ConfUtils.java:logGet(46)) - raft.server.notification.no-leader.timeout = 300000ms (custom)
2024-04-26 07:46:03,511 [576b0e19-35c7-479f-a3f8-cac44c071a4a-groupManagement] INFO  server.RaftServerConfigKeys (ConfUtils.java:logGet(46)) - raft.server.read.timeout = 10s (default)
2024-04-26 07:46:03,511 [576b0e19-35c7-479f-a3f8-cac44c071a4a-groupManagement] INFO  server.RaftServerConfigKeys (ConfUtils.java:logGet(46)) - raft.server.retrycache.expirytime = 600000ms (custom)
2024-04-26 07:46:03,511 [576b0e19-35c7-479f-a3f8-cac44c071a4a-groupManagement] INFO  server.RaftServerConfigKeys (ConfUtils.java:logGet(46)) - raft.server.retrycache.statistics.expirytime = 100ms (default)
2024-04-26 07:46:03,511 [576b0e19-35c7-479f-a3f8-cac44c071a4a-groupManagement] INFO  server.RaftServerConfigKeys (ConfUtils.java:logGet(46)) - raft.server.read.option = DEFAULT (default)
2024-04-26 07:46:03,512 [576b0e19-35c7-479f-a3f8-cac44c071a4a-groupManagement] INFO  server.RaftServerConfigKeys (ConfUtils.java:logGet(46)) - raft.server.read.read-after-write-consistent.write-index-cache.expiry-time = 60s (default)
2024-04-26 07:46:03,513 [576b0e19-35c7-479f-a3f8-cac44c071a4a-groupManagement] INFO  server.RaftServerConfigKeys (ConfUtils.java:logGet(46)) - raft.server.rpc.request.timeout = 3000ms (default)
2024-04-26 07:46:03,513 [576b0e19-35c7-479f-a3f8-cac44c071a4a-groupManagement] INFO  server.RaftServerConfigKeys (ConfUtils.java:logGet(46)) - raft.server.log.appender.install.snapshot.enabled = false (custom)
2024-04-26 07:46:03,513 [576b0e19-35c7-479f-a3f8-cac44c071a4a-groupManagement] INFO  server.RaftServerConfigKeys (ConfUtils.java:logGet(46)) - raft.server.threadpool.server.cached = true (default)
2024-04-26 07:46:03,513 [576b0e19-35c7-479f-a3f8-cac44c071a4a-groupManagement] INFO  server.RaftServerConfigKeys (ConfUtils.java:logGet(46)) - raft.server.threadpool.server.size = 0 (default)
2024-04-26 07:46:03,513 [576b0e19-35c7-479f-a3f8-cac44c071a4a-groupManagement] INFO  server.RaftServerConfigKeys (ConfUtils.java:logGet(46)) - raft.server.threadpool.client.cached = true (default)
2024-04-26 07:46:03,513 [576b0e19-35c7-479f-a3f8-cac44c071a4a-groupManagement] INFO  server.RaftServerConfigKeys (ConfUtils.java:logGet(46)) - raft.server.threadpool.client.size = 0 (default)
2024-04-26 07:46:03,513 [576b0e19-35c7-479f-a3f8-cac44c071a4a-groupManagement] INFO  server.RaftServerConfigKeys (ConfUtils.java:logGet(46)) - raft.server.storage.free-space.min = 0MB (=0) (default)
2024-04-26 07:46:03,513 [576b0e19-35c7-479f-a3f8-cac44c071a4a-groupManagement] INFO  server.RaftServerConfigKeys (ConfUtils.java:logGet(46)) - raft.server.log.corruption.policy = EXCEPTION (default)
2024-04-26 07:46:03,514 [576b0e19-35c7-479f-a3f8-cac44c071a4a-groupManagement] INFO  server.RaftServerConfigKeys (ConfUtils.java:logGet(46)) - raft.server.storage.dir = [/home/runner/work/ozone/ozone/hadoop-ozone/integration-test/target/test-dir/MiniOzoneClusterImpl-864451be-9a12-4508-8431-6d052999593c/ozone-meta/datanode-1/ratis] (custom)
2024-04-26 07:46:03,514 [576b0e19-35c7-479f-a3f8-cac44c071a4a-groupManagement] INFO  storage.RaftStorageDirectory (RaftStorageDirectoryImpl.java:analyzeStorage(138)) - The storage directory /home/runner/work/ozone/ozone/hadoop-ozone/integration-test/target/test-dir/MiniOzoneClusterImpl-864451be-9a12-4508-8431-6d052999593c/ozone-meta/datanode-1/ratis/e90adc08-af8f-4604-9a46-d889fdcfa5f4 does not exist. Creating ...
2024-04-26 07:46:03,514 [576b0e19-35c7-479f-a3f8-cac44c071a4a-groupManagement] INFO  storage.RaftStorageDirectory (RaftStorageDirectoryImpl.java:tryLock(228)) - Lock on /home/runner/work/ozone/ozone/hadoop-ozone/integration-test/target/test-dir/MiniOzoneClusterImpl-864451be-9a12-4508-8431-6d052999593c/ozone-meta/datanode-1/ratis/e90adc08-af8f-4604-9a46-d889fdcfa5f4/in_use.lock acquired by nodename 21422@fv-az1107-628
2024-04-26 07:46:03,515 [576b0e19-35c7-479f-a3f8-cac44c071a4a-groupManagement] INFO  storage.RaftStorage (RaftStorageImpl.java:format(99)) - Storage directory /home/runner/work/ozone/ozone/hadoop-ozone/integration-test/target/test-dir/MiniOzoneClusterImpl-864451be-9a12-4508-8431-6d052999593c/ozone-meta/datanode-1/ratis/e90adc08-af8f-4604-9a46-d889fdcfa5f4 has been successfully formatted.
2024-04-26 07:46:03,515 [576b0e19-35c7-479f-a3f8-cac44c071a4a-groupManagement] WARN  util.FileUtils (LogUtils.java:supplyAndLog(63)) - Failed to Files.newInputStream /home/runner/work/ozone/ozone/hadoop-ozone/integration-test/target/test-dir/MiniOzoneClusterImpl-864451be-9a12-4508-8431-6d052999593c/ozone-meta/datanode-1/ratis/e90adc08-af8f-4604-9a46-d889fdcfa5f4/current/raft-meta.conf with options []: java.nio.file.NoSuchFileException: /home/runner/work/ozone/ozone/hadoop-ozone/integration-test/target/test-dir/MiniOzoneClusterImpl-864451be-9a12-4508-8431-6d052999593c/ozone-meta/datanode-1/ratis/e90adc08-af8f-4604-9a46-d889fdcfa5f4/current/raft-meta.conf
2024-04-26 07:46:03,516 [576b0e19-35c7-479f-a3f8-cac44c071a4a-groupManagement] INFO  ratis.ContainerStateMachine (ContainerStateMachine.java:loadSnapshot(287)) - group-D889FDCFA5F4: The snapshot info is null. Setting the last applied index to:(t:0, i:~)
2024-04-26 07:46:03,516 [576b0e19-35c7-479f-a3f8-cac44c071a4a-groupManagement] INFO  server.RaftServerConfigKeys (ConfUtils.java:logGet(46)) - raft.server.log.use.memory = false (default)
2024-04-26 07:46:03,516 [576b0e19-35c7-479f-a3f8-cac44c071a4a-groupManagement] INFO  server.RaftServerConfigKeys (ConfUtils.java:logGet(46)) - raft.server.log.purge.gap = 1000000 (custom)
2024-04-26 07:46:03,516 [576b0e19-35c7-479f-a3f8-cac44c071a4a-groupManagement] INFO  server.RaftServerConfigKeys (ConfUtils.java:logGet(46)) - raft.server.log.appender.buffer.byte-limit = 8388608 (custom)
2024-04-26 07:46:03,516 [576b0e19-35c7-479f-a3f8-cac44c071a4a-groupManagement] INFO  server.RaftServerConfigKeys (ConfUtils.java:logGet(46)) - raft.server.log.statemachine.data.read.timeout = 1000ms (default)
2024-04-26 07:46:03,516 [576b0e19-35c7-479f-a3f8-cac44c071a4a-groupManagement] INFO  server.RaftServerConfigKeys (ConfUtils.java:logGet(46)) - raft.server.log.purge.preservation.log.num = 0 (default)
2024-04-26 07:46:03,517 [EventQueue-PipelineReportForPipelineReportHandler] INFO  pipeline.PipelineReportHandler (PipelineReportHandler.java:processPipelineReport(136)) - Opened pipeline PipelineID=e90adc08-af8f-4604-9a46-d889fdcfa5f4
2024-04-26 07:46:03,517 [EventQueue-OpenPipelineForHealthyPipelineSafeModeRule] INFO  safemode.SCMSafeModeManager (HealthyPipelineSafeModeRule.java:process(140)) - SCM in safe mode. Healthy pipelines reported count is 0, required healthy pipeline reported count is 1
2024-04-26 07:46:03,517 [576b0e19-35c7-479f-a3f8-cac44c071a4a-groupManagement] INFO  server.RaftServerConfigKeys (ConfUtils.java:logGet(46)) - raft.server.log.segment.size.max = 67108864 (custom)
2024-04-26 07:46:03,518 [576b0e19-35c7-479f-a3f8-cac44c071a4a-groupManagement] INFO  server.RaftServerConfigKeys (ConfUtils.java:logGet(46)) - raft.server.log.segment.cache.num.max = 2 (custom)
2024-04-26 07:46:03,518 [576b0e19-35c7-479f-a3f8-cac44c071a4a-groupManagement] INFO  server.RaftServerConfigKeys (ConfUtils.java:logGet(46)) - raft.server.log.segment.cache.size.max = 200MB (=209715200) (default)
2024-04-26 07:46:03,518 [576b0e19-35c7-479f-a3f8-cac44c071a4a-groupManagement] INFO  server.RaftServerConfigKeys (ConfUtils.java:logGet(46)) - raft.server.log.appender.buffer.byte-limit = 8388608 (custom)
2024-04-26 07:46:03,518 [576b0e19-35c7-479f-a3f8-cac44c071a4a-groupManagement] INFO  util.AwaitToRun (AwaitToRun.java:start(81)) - Thread[576b0e19-35c7-479f-a3f8-cac44c071a4a@group-D889FDCFA5F4-cacheEviction-AwaitToRun,5,main] started
2024-04-26 07:46:03,518 [576b0e19-35c7-479f-a3f8-cac44c071a4a-groupManagement] INFO  segmented.SegmentedRaftLogWorker (SegmentedRaftLogWorker.java:<init>(182)) - new 576b0e19-35c7-479f-a3f8-cac44c071a4a@group-D889FDCFA5F4-SegmentedRaftLogWorker for RaftStorageImpl:Storage Directory /home/runner/work/ozone/ozone/hadoop-ozone/integration-test/target/test-dir/MiniOzoneClusterImpl-864451be-9a12-4508-8431-6d052999593c/ozone-meta/datanode-1/ratis/e90adc08-af8f-4604-9a46-d889fdcfa5f4
2024-04-26 07:46:03,518 [576b0e19-35c7-479f-a3f8-cac44c071a4a-groupManagement] INFO  server.RaftServerConfigKeys (ConfUtils.java:logGet(46)) - raft.server.log.queue.byte-limit = 4294967296 (custom)
2024-04-26 07:46:03,518 [576b0e19-35c7-479f-a3f8-cac44c071a4a-groupManagement] INFO  server.RaftServerConfigKeys (ConfUtils.java:logGet(46)) - raft.server.log.queue.element-limit = 1024 (custom)
2024-04-26 07:46:03,518 [576b0e19-35c7-479f-a3f8-cac44c071a4a-groupManagement] INFO  server.RaftServerConfigKeys (ConfUtils.java:logGet(46)) - raft.server.log.segment.size.max = 67108864 (custom)
2024-04-26 07:46:03,518 [576b0e19-35c7-479f-a3f8-cac44c071a4a-groupManagement] INFO  server.RaftServerConfigKeys (ConfUtils.java:logGet(46)) - raft.server.log.preallocated.size = 4194304 (custom)
2024-04-26 07:46:03,518 [576b0e19-35c7-479f-a3f8-cac44c071a4a-groupManagement] INFO  server.RaftServerConfigKeys (ConfUtils.java:logGet(46)) - raft.server.log.force.sync.num = 128 (default)
2024-04-26 07:46:03,518 [576b0e19-35c7-479f-a3f8-cac44c071a4a-groupManagement] INFO  server.RaftServerConfigKeys (ConfUtils.java:logGet(46)) - raft.server.log.statemachine.data.sync = true (default)
2024-04-26 07:46:03,518 [576b0e19-35c7-479f-a3f8-cac44c071a4a-groupManagement] INFO  server.RaftServerConfigKeys (ConfUtils.java:logGet(46)) - raft.server.log.statemachine.data.sync.timeout = 10s (default)
2024-04-26 07:46:03,518 [576b0e19-35c7-479f-a3f8-cac44c071a4a-groupManagement] INFO  server.RaftServerConfigKeys (ConfUtils.java:logGet(46)) - raft.server.log.statemachine.data.sync.timeout.retry = 30 (custom)
2024-04-26 07:46:03,518 [576b0e19-35c7-479f-a3f8-cac44c071a4a-groupManagement] INFO  server.RaftServerConfigKeys (ConfUtils.java:logGet(46)) - raft.server.log.write.buffer.size = 8388616 (custom)
2024-04-26 07:46:03,520 [576b0e19-35c7-479f-a3f8-cac44c071a4a-groupManagement] INFO  server.RaftServerConfigKeys (ConfUtils.java:logGet(46)) - raft.server.log.appender.buffer.byte-limit = 8388608 (custom)
2024-04-26 07:46:03,520 [576b0e19-35c7-479f-a3f8-cac44c071a4a-groupManagement] INFO  server.RaftServerConfigKeys (ConfUtils.java:logGet(46)) - raft.server.log.unsafe-flush.enabled = false (default)
2024-04-26 07:46:03,520 [576b0e19-35c7-479f-a3f8-cac44c071a4a-groupManagement] INFO  server.RaftServerConfigKeys (ConfUtils.java:logGet(46)) - raft.server.log.async-flush.enabled = false (default)
2024-04-26 07:46:03,520 [576b0e19-35c7-479f-a3f8-cac44c071a4a-groupManagement] INFO  server.RaftServerConfigKeys (ConfUtils.java:logGet(46)) - raft.server.log.statemachine.data.caching.enabled = true (custom)
2024-04-26 07:46:03,520 [576b0e19-35c7-479f-a3f8-cac44c071a4a-groupManagement] INFO  segmented.SegmentedRaftLogWorker (SegmentedRaftLogWorker.java:lambda$new$0(134)) - 576b0e19-35c7-479f-a3f8-cac44c071a4a@group-D889FDCFA5F4-SegmentedRaftLogWorker: flushIndex: setUnconditionally 0 -> -1
2024-04-26 07:46:03,520 [576b0e19-35c7-479f-a3f8-cac44c071a4a-groupManagement] INFO  segmented.SegmentedRaftLogWorker (SegmentedRaftLogWorker.java:lambda$new$0(134)) - 576b0e19-35c7-479f-a3f8-cac44c071a4a@group-D889FDCFA5F4-SegmentedRaftLogWorker: safeCacheEvictIndex: setUnconditionally 0 -> -1
2024-04-26 07:46:03,520 [576b0e19-35c7-479f-a3f8-cac44c071a4a-groupManagement] INFO  server.RaftServer$Division (RaftServerImpl.java:start(396)) - 576b0e19-35c7-479f-a3f8-cac44c071a4a@group-D889FDCFA5F4: start as a follower, conf=-1: peers:[576b0e19-35c7-479f-a3f8-cac44c071a4a|127.0.0.1:15459]|listeners:[], old=null
2024-04-26 07:46:03,520 [576b0e19-35c7-479f-a3f8-cac44c071a4a-groupManagement] INFO  server.RaftServer$Division (RaftServerImpl.java:setRole(383)) - 576b0e19-35c7-479f-a3f8-cac44c071a4a@group-D889FDCFA5F4: changes role from      null to FOLLOWER at term 0 for startAsFollower
2024-04-26 07:46:03,520 [576b0e19-35c7-479f-a3f8-cac44c071a4a-groupManagement] INFO  impl.RoleInfo (RoleInfo.java:updateAndGet(139)) - 576b0e19-35c7-479f-a3f8-cac44c071a4a: start 576b0e19-35c7-479f-a3f8-cac44c071a4a@group-D889FDCFA5F4-FollowerState
2024-04-26 07:46:03,520 [576b0e19-35c7-479f-a3f8-cac44c071a4a-groupManagement] INFO  util.JmxRegister (JmxRegister.java:tryRegister(44)) - Successfully registered JMX Bean with object name Ratis:service=RaftServer,group=group-D889FDCFA5F4,id=576b0e19-35c7-479f-a3f8-cac44c071a4a
2024-04-26 07:46:03,520 [576b0e19-35c7-479f-a3f8-cac44c071a4a-groupManagement] INFO  server.RaftServerConfigKeys (ConfUtils.java:logGet(46)) - raft.server.snapshot.trigger-when-stop.enabled = true (default)
2024-04-26 07:46:03,521 [576b0e19-35c7-479f-a3f8-cac44c071a4a-groupManagement] INFO  server.RaftServerConfigKeys (ConfUtils.java:logGet(46)) - raft.server.snapshot.auto.trigger.enabled = true (custom)
2024-04-26 07:46:03,521 [576b0e19-35c7-479f-a3f8-cac44c071a4a-groupManagement] INFO  server.RaftServerConfigKeys (ConfUtils.java:logGet(46)) - raft.server.snapshot.auto.trigger.threshold = 10000 (custom)
2024-04-26 07:46:03,521 [576b0e19-35c7-479f-a3f8-cac44c071a4a-groupManagement] INFO  server.RaftServerConfigKeys (ConfUtils.java:logGet(46)) - raft.server.snapshot.retention.file.num = 5 (custom)
2024-04-26 07:46:03,521 [576b0e19-35c7-479f-a3f8-cac44c071a4a-groupManagement] INFO  server.RaftServerConfigKeys (ConfUtils.java:logGet(46)) - raft.server.log.purge.upto.snapshot.index = false (default)
2024-04-26 07:46:03,521 [576b0e19-35c7-479f-a3f8-cac44c071a4a@group-D889FDCFA5F4-FollowerState] INFO  server.RaftServerConfigKeys (ConfUtils.java:logFallback(53)) - raft.server.rpc.first-election.timeout.min = 5s (fallback to raft.server.rpc.timeout.min)
2024-04-26 07:46:03,521 [576b0e19-35c7-479f-a3f8-cac44c071a4a@group-D889FDCFA5F4-FollowerState] INFO  server.RaftServerConfigKeys (ConfUtils.java:logFallback(53)) - raft.server.rpc.first-election.timeout.max = 5200ms (fallback to raft.server.rpc.timeout.max)
2024-04-26 07:46:03,521 [576b0e19-35c7-479f-a3f8-cac44c071a4a-PipelineCommandHandlerThread-0] INFO  ratis.XceiverServerRatis (XceiverServerRatis.java:addGroup(864)) - Created group PipelineID=e90adc08-af8f-4604-9a46-d889fdcfa5f4
2024-04-26 07:46:03,521 [576b0e19-35c7-479f-a3f8-cac44c071a4a-PipelineCommandHandlerThread-0] INFO  commandhandler.CreatePipelineCommandHandler (CreatePipelineCommandHandler.java:lambda$handle$2(124)) - Created Pipeline RATIS ONE PipelineID=e90adc08-af8f-4604-9a46-d889fdcfa5f4.
2024-04-26 07:46:03,522 [576b0e19-35c7-479f-a3f8-cac44c071a4a-PipelineCommandHandlerThread-0] INFO  server.RaftServer (RaftServerProxy.java:addNew(100)) - 576b0e19-35c7-479f-a3f8-cac44c071a4a: addNew group-3C8AF2F69899:[e753b894-9081-4960-806d-bc57228f6e3a|127.0.0.1:15468, ddce2076-1575-41c9-8de9-fd704b659682|127.0.0.1:15477, 576b0e19-35c7-479f-a3f8-cac44c071a4a|127.0.0.1:15459] returns group-3C8AF2F69899:java.util.concurrent.CompletableFuture@7bc8d42b[Not completed]
2024-04-26 07:46:03,522 [576b0e19-35c7-479f-a3f8-cac44c071a4a-groupManagement] INFO  server.RaftServer$Division (RaftServerImpl.java:<init>(256)) - 576b0e19-35c7-479f-a3f8-cac44c071a4a: new RaftServerImpl for group-3C8AF2F69899:[e753b894-9081-4960-806d-bc57228f6e3a|127.0.0.1:15468, ddce2076-1575-41c9-8de9-fd704b659682|127.0.0.1:15477, 576b0e19-35c7-479f-a3f8-cac44c071a4a|127.0.0.1:15459] with ContainerStateMachine:uninitialized
2024-04-26 07:46:03,522 [576b0e19-35c7-479f-a3f8-cac44c071a4a-groupManagement] INFO  server.RaftServerConfigKeys (ConfUtils.java:logGet(46)) - raft.server.rpc.timeout.min = 5s (custom)
2024-04-26 07:46:03,522 [576b0e19-35c7-479f-a3f8-cac44c071a4a-groupManagement] INFO  server.RaftServerConfigKeys (ConfUtils.java:logGet(46)) - raft.server.rpc.timeout.max = 5200ms (custom)
2024-04-26 07:46:03,522 [576b0e19-35c7-479f-a3f8-cac44c071a4a-groupManagement] INFO  server.RaftServerConfigKeys (ConfUtils.java:logGet(46)) - raft.server.rpc.sleep.time = 25ms (default)
2024-04-26 07:46:03,522 [576b0e19-35c7-479f-a3f8-cac44c071a4a-groupManagement] INFO  server.RaftServerConfigKeys (ConfUtils.java:logGet(46)) - raft.server.rpc.slowness.timeout = 300000ms (custom)
2024-04-26 07:46:03,522 [576b0e19-35c7-479f-a3f8-cac44c071a4a-groupManagement] INFO  server.RaftServerConfigKeys (ConfUtils.java:logGet(46)) - raft.server.leaderelection.leader.step-down.wait-time = 10s (default)
2024-04-26 07:46:03,522 [576b0e19-35c7-479f-a3f8-cac44c071a4a-groupManagement] INFO  server.RaftServerConfigKeys (ConfUtils.java:logGet(46)) - raft.server.leaderelection.member.majority-add = false (default)
2024-04-26 07:46:03,522 [576b0e19-35c7-479f-a3f8-cac44c071a4a-groupManagement] INFO  server.RaftServerConfigKeys (ConfUtils.java:logGet(46)) - raft.server.sleep.deviation.threshold = 300ms (default)
2024-04-26 07:46:03,522 [576b0e19-35c7-479f-a3f8-cac44c071a4a-groupManagement] INFO  server.RaftServer$Division (ServerState.java:<init>(113)) - 576b0e19-35c7-479f-a3f8-cac44c071a4a@group-3C8AF2F69899: ConfigurationManager, init=-1: peers:[e753b894-9081-4960-806d-bc57228f6e3a|127.0.0.1:15468, ddce2076-1575-41c9-8de9-fd704b659682|127.0.0.1:15477, 576b0e19-35c7-479f-a3f8-cac44c071a4a|127.0.0.1:15459]|listeners:[], old=null, confs=<EMPTY_MAP>
2024-04-26 07:46:03,523 [576b0e19-35c7-479f-a3f8-cac44c071a4a-groupManagement] INFO  server.RaftServerConfigKeys (ConfUtils.java:logGet(46)) - raft.server.notification.no-leader.timeout = 300000ms (custom)
2024-04-26 07:46:03,523 [576b0e19-35c7-479f-a3f8-cac44c071a4a-groupManagement] INFO  server.RaftServerConfigKeys (ConfUtils.java:logGet(46)) - raft.server.read.timeout = 10s (default)
2024-04-26 07:46:03,523 [576b0e19-35c7-479f-a3f8-cac44c071a4a-groupManagement] INFO  server.RaftServerConfigKeys (ConfUtils.java:logGet(46)) - raft.server.retrycache.expirytime = 600000ms (custom)
2024-04-26 07:46:03,523 [576b0e19-35c7-479f-a3f8-cac44c071a4a-groupManagement] INFO  server.RaftServerConfigKeys (ConfUtils.java:logGet(46)) - raft.server.retrycache.statistics.expirytime = 100ms (default)
2024-04-26 07:46:03,523 [576b0e19-35c7-479f-a3f8-cac44c071a4a-groupManagement] INFO  server.RaftServerConfigKeys (ConfUtils.java:logGet(46)) - raft.server.read.option = DEFAULT (default)
2024-04-26 07:46:03,523 [576b0e19-35c7-479f-a3f8-cac44c071a4a-groupManagement] INFO  server.RaftServerConfigKeys (ConfUtils.java:logGet(46)) - raft.server.read.read-after-write-consistent.write-index-cache.expiry-time = 60s (default)
2024-04-26 07:46:03,525 [576b0e19-35c7-479f-a3f8-cac44c071a4a-groupManagement] INFO  server.RaftServerConfigKeys (ConfUtils.java:logGet(46)) - raft.server.rpc.request.timeout = 3000ms (default)
2024-04-26 07:46:03,525 [576b0e19-35c7-479f-a3f8-cac44c071a4a-groupManagement] INFO  server.RaftServerConfigKeys (ConfUtils.java:logGet(46)) - raft.server.log.appender.install.snapshot.enabled = false (custom)
2024-04-26 07:46:03,525 [576b0e19-35c7-479f-a3f8-cac44c071a4a-groupManagement] INFO  server.RaftServerConfigKeys (ConfUtils.java:logGet(46)) - raft.server.threadpool.server.cached = true (default)
2024-04-26 07:46:03,525 [576b0e19-35c7-479f-a3f8-cac44c071a4a-groupManagement] INFO  server.RaftServerConfigKeys (ConfUtils.java:logGet(46)) - raft.server.threadpool.server.size = 0 (default)
2024-04-26 07:46:03,525 [576b0e19-35c7-479f-a3f8-cac44c071a4a-groupManagement] INFO  server.RaftServerConfigKeys (ConfUtils.java:logGet(46)) - raft.server.threadpool.client.cached = true (default)
2024-04-26 07:46:03,525 [576b0e19-35c7-479f-a3f8-cac44c071a4a-groupManagement] INFO  server.RaftServerConfigKeys (ConfUtils.java:logGet(46)) - raft.server.threadpool.client.size = 0 (default)
2024-04-26 07:46:03,525 [576b0e19-35c7-479f-a3f8-cac44c071a4a-groupManagement] INFO  server.RaftServerConfigKeys (ConfUtils.java:logGet(46)) - raft.server.storage.free-space.min = 0MB (=0) (default)
2024-04-26 07:46:03,525 [576b0e19-35c7-479f-a3f8-cac44c071a4a-groupManagement] INFO  server.RaftServerConfigKeys (ConfUtils.java:logGet(46)) - raft.server.log.corruption.policy = EXCEPTION (default)
2024-04-26 07:46:03,525 [576b0e19-35c7-479f-a3f8-cac44c071a4a-groupManagement] INFO  server.RaftServerConfigKeys (ConfUtils.java:logGet(46)) - raft.server.storage.dir = [/home/runner/work/ozone/ozone/hadoop-ozone/integration-test/target/test-dir/MiniOzoneClusterImpl-864451be-9a12-4508-8431-6d052999593c/ozone-meta/datanode-1/ratis] (custom)
2024-04-26 07:46:03,525 [576b0e19-35c7-479f-a3f8-cac44c071a4a-groupManagement] INFO  storage.RaftStorageDirectory (RaftStorageDirectoryImpl.java:analyzeStorage(138)) - The storage directory /home/runner/work/ozone/ozone/hadoop-ozone/integration-test/target/test-dir/MiniOzoneClusterImpl-864451be-9a12-4508-8431-6d052999593c/ozone-meta/datanode-1/ratis/20140069-b339-4f8c-94e8-3c8af2f69899 does not exist. Creating ...
2024-04-26 07:46:03,526 [576b0e19-35c7-479f-a3f8-cac44c071a4a-groupManagement] INFO  storage.RaftStorageDirectory (RaftStorageDirectoryImpl.java:tryLock(228)) - Lock on /home/runner/work/ozone/ozone/hadoop-ozone/integration-test/target/test-dir/MiniOzoneClusterImpl-864451be-9a12-4508-8431-6d052999593c/ozone-meta/datanode-1/ratis/20140069-b339-4f8c-94e8-3c8af2f69899/in_use.lock acquired by nodename 21422@fv-az1107-628
2024-04-26 07:46:03,527 [576b0e19-35c7-479f-a3f8-cac44c071a4a-groupManagement] INFO  storage.RaftStorage (RaftStorageImpl.java:format(99)) - Storage directory /home/runner/work/ozone/ozone/hadoop-ozone/integration-test/target/test-dir/MiniOzoneClusterImpl-864451be-9a12-4508-8431-6d052999593c/ozone-meta/datanode-1/ratis/20140069-b339-4f8c-94e8-3c8af2f69899 has been successfully formatted.
2024-04-26 07:46:03,527 [576b0e19-35c7-479f-a3f8-cac44c071a4a-groupManagement] WARN  util.FileUtils (LogUtils.java:supplyAndLog(63)) - Failed to Files.newInputStream /home/runner/work/ozone/ozone/hadoop-ozone/integration-test/target/test-dir/MiniOzoneClusterImpl-864451be-9a12-4508-8431-6d052999593c/ozone-meta/datanode-1/ratis/20140069-b339-4f8c-94e8-3c8af2f69899/current/raft-meta.conf with options []: java.nio.file.NoSuchFileException: /home/runner/work/ozone/ozone/hadoop-ozone/integration-test/target/test-dir/MiniOzoneClusterImpl-864451be-9a12-4508-8431-6d052999593c/ozone-meta/datanode-1/ratis/20140069-b339-4f8c-94e8-3c8af2f69899/current/raft-meta.conf
2024-04-26 07:46:03,527 [576b0e19-35c7-479f-a3f8-cac44c071a4a-groupManagement] INFO  ratis.ContainerStateMachine (ContainerStateMachine.java:loadSnapshot(287)) - group-3C8AF2F69899: The snapshot info is null. Setting the last applied index to:(t:0, i:~)
2024-04-26 07:46:03,527 [576b0e19-35c7-479f-a3f8-cac44c071a4a-groupManagement] INFO  server.RaftServerConfigKeys (ConfUtils.java:logGet(46)) - raft.server.log.use.memory = false (default)
2024-04-26 07:46:03,527 [576b0e19-35c7-479f-a3f8-cac44c071a4a-groupManagement] INFO  server.RaftServerConfigKeys (ConfUtils.java:logGet(46)) - raft.server.log.purge.gap = 1000000 (custom)
2024-04-26 07:46:03,527 [576b0e19-35c7-479f-a3f8-cac44c071a4a-groupManagement] INFO  server.RaftServerConfigKeys (ConfUtils.java:logGet(46)) - raft.server.log.appender.buffer.byte-limit = 8388608 (custom)
2024-04-26 07:46:03,527 [576b0e19-35c7-479f-a3f8-cac44c071a4a-groupManagement] INFO  server.RaftServerConfigKeys (ConfUtils.java:logGet(46)) - raft.server.log.statemachine.data.read.timeout = 1000ms (default)
2024-04-26 07:46:03,527 [576b0e19-35c7-479f-a3f8-cac44c071a4a-groupManagement] INFO  server.RaftServerConfigKeys (ConfUtils.java:logGet(46)) - raft.server.log.purge.preservation.log.num = 0 (default)
2024-04-26 07:46:03,528 [EventQueue-OpenPipelineForHealthyPipelineSafeModeRule] INFO  safemode.SCMSafeModeManager (HealthyPipelineSafeModeRule.java:process(140)) - SCM in safe mode. Healthy pipelines reported count is 0, required healthy pipeline reported count is 1
2024-04-26 07:46:03,529 [576b0e19-35c7-479f-a3f8-cac44c071a4a-groupManagement] INFO  server.RaftServerConfigKeys (ConfUtils.java:logGet(46)) - raft.server.log.segment.size.max = 67108864 (custom)
2024-04-26 07:46:03,529 [576b0e19-35c7-479f-a3f8-cac44c071a4a-groupManagement] INFO  server.RaftServerConfigKeys (ConfUtils.java:logGet(46)) - raft.server.log.segment.cache.num.max = 2 (custom)
2024-04-26 07:46:03,529 [576b0e19-35c7-479f-a3f8-cac44c071a4a-groupManagement] INFO  server.RaftServerConfigKeys (ConfUtils.java:logGet(46)) - raft.server.log.segment.cache.size.max = 200MB (=209715200) (default)
2024-04-26 07:46:03,529 [576b0e19-35c7-479f-a3f8-cac44c071a4a-groupManagement] INFO  server.RaftServerConfigKeys (ConfUtils.java:logGet(46)) - raft.server.log.appender.buffer.byte-limit = 8388608 (custom)
2024-04-26 07:46:03,531 [576b0e19-35c7-479f-a3f8-cac44c071a4a-groupManagement] INFO  util.AwaitToRun (AwaitToRun.java:start(81)) - Thread[576b0e19-35c7-479f-a3f8-cac44c071a4a@group-3C8AF2F69899-cacheEviction-AwaitToRun,5,main] started
2024-04-26 07:46:03,531 [576b0e19-35c7-479f-a3f8-cac44c071a4a-groupManagement] INFO  segmented.SegmentedRaftLogWorker (SegmentedRaftLogWorker.java:<init>(182)) - new 576b0e19-35c7-479f-a3f8-cac44c071a4a@group-3C8AF2F69899-SegmentedRaftLogWorker for RaftStorageImpl:Storage Directory /home/runner/work/ozone/ozone/hadoop-ozone/integration-test/target/test-dir/MiniOzoneClusterImpl-864451be-9a12-4508-8431-6d052999593c/ozone-meta/datanode-1/ratis/20140069-b339-4f8c-94e8-3c8af2f69899
2024-04-26 07:46:03,531 [576b0e19-35c7-479f-a3f8-cac44c071a4a-groupManagement] INFO  server.RaftServerConfigKeys (ConfUtils.java:logGet(46)) - raft.server.log.queue.byte-limit = 4294967296 (custom)
2024-04-26 07:46:03,531 [576b0e19-35c7-479f-a3f8-cac44c071a4a-groupManagement] INFO  server.RaftServerConfigKeys (ConfUtils.java:logGet(46)) - raft.server.log.queue.element-limit = 1024 (custom)
2024-04-26 07:46:03,531 [576b0e19-35c7-479f-a3f8-cac44c071a4a-groupManagement] INFO  server.RaftServerConfigKeys (ConfUtils.java:logGet(46)) - raft.server.log.segment.size.max = 67108864 (custom)
2024-04-26 07:46:03,531 [576b0e19-35c7-479f-a3f8-cac44c071a4a-groupManagement] INFO  server.RaftServerConfigKeys (ConfUtils.java:logGet(46)) - raft.server.log.preallocated.size = 4194304 (custom)
2024-04-26 07:46:03,531 [576b0e19-35c7-479f-a3f8-cac44c071a4a-groupManagement] INFO  server.RaftServerConfigKeys (ConfUtils.java:logGet(46)) - raft.server.log.force.sync.num = 128 (default)
2024-04-26 07:46:03,531 [576b0e19-35c7-479f-a3f8-cac44c071a4a-groupManagement] INFO  server.RaftServerConfigKeys (ConfUtils.java:logGet(46)) - raft.server.log.statemachine.data.sync = true (default)
2024-04-26 07:46:03,532 [576b0e19-35c7-479f-a3f8-cac44c071a4a-groupManagement] INFO  server.RaftServerConfigKeys (ConfUtils.java:logGet(46)) - raft.server.log.statemachine.data.sync.timeout = 10s (default)
2024-04-26 07:46:03,532 [576b0e19-35c7-479f-a3f8-cac44c071a4a-groupManagement] INFO  server.RaftServerConfigKeys (ConfUtils.java:logGet(46)) - raft.server.log.statemachine.data.sync.timeout.retry = 30 (custom)
2024-04-26 07:46:03,532 [576b0e19-35c7-479f-a3f8-cac44c071a4a-groupManagement] INFO  server.RaftServerConfigKeys (ConfUtils.java:logGet(46)) - raft.server.log.write.buffer.size = 8388616 (custom)
2024-04-26 07:46:03,534 [576b0e19-35c7-479f-a3f8-cac44c071a4a-groupManagement] INFO  server.RaftServerConfigKeys (ConfUtils.java:logGet(46)) - raft.server.log.appender.buffer.byte-limit = 8388608 (custom)
2024-04-26 07:46:03,534 [576b0e19-35c7-479f-a3f8-cac44c071a4a-groupManagement] INFO  server.RaftServerConfigKeys (ConfUtils.java:logGet(46)) - raft.server.log.unsafe-flush.enabled = false (default)
2024-04-26 07:46:03,534 [576b0e19-35c7-479f-a3f8-cac44c071a4a-groupManagement] INFO  server.RaftServerConfigKeys (ConfUtils.java:logGet(46)) - raft.server.log.async-flush.enabled = false (default)
2024-04-26 07:46:03,534 [576b0e19-35c7-479f-a3f8-cac44c071a4a-groupManagement] INFO  server.RaftServerConfigKeys (ConfUtils.java:logGet(46)) - raft.server.log.statemachine.data.caching.enabled = true (custom)
2024-04-26 07:46:03,534 [576b0e19-35c7-479f-a3f8-cac44c071a4a-groupManagement] INFO  segmented.SegmentedRaftLogWorker (SegmentedRaftLogWorker.java:lambda$new$0(134)) - 576b0e19-35c7-479f-a3f8-cac44c071a4a@group-3C8AF2F69899-SegmentedRaftLogWorker: flushIndex: setUnconditionally 0 -> -1
2024-04-26 07:46:03,534 [576b0e19-35c7-479f-a3f8-cac44c071a4a-groupManagement] INFO  segmented.SegmentedRaftLogWorker (SegmentedRaftLogWorker.java:lambda$new$0(134)) - 576b0e19-35c7-479f-a3f8-cac44c071a4a@group-3C8AF2F69899-SegmentedRaftLogWorker: safeCacheEvictIndex: setUnconditionally 0 -> -1
2024-04-26 07:46:03,534 [576b0e19-35c7-479f-a3f8-cac44c071a4a-groupManagement] INFO  server.RaftServer$Division (RaftServerImpl.java:start(396)) - 576b0e19-35c7-479f-a3f8-cac44c071a4a@group-3C8AF2F69899: start as a follower, conf=-1: peers:[e753b894-9081-4960-806d-bc57228f6e3a|127.0.0.1:15468, ddce2076-1575-41c9-8de9-fd704b659682|127.0.0.1:15477, 576b0e19-35c7-479f-a3f8-cac44c071a4a|127.0.0.1:15459]|listeners:[], old=null
2024-04-26 07:46:03,534 [576b0e19-35c7-479f-a3f8-cac44c071a4a-groupManagement] INFO  server.RaftServer$Division (RaftServerImpl.java:setRole(383)) - 576b0e19-35c7-479f-a3f8-cac44c071a4a@group-3C8AF2F69899: changes role from      null to FOLLOWER at term 0 for startAsFollower
2024-04-26 07:46:03,535 [576b0e19-35c7-479f-a3f8-cac44c071a4a-groupManagement] INFO  impl.RoleInfo (RoleInfo.java:updateAndGet(139)) - 576b0e19-35c7-479f-a3f8-cac44c071a4a: start 576b0e19-35c7-479f-a3f8-cac44c071a4a@group-3C8AF2F69899-FollowerState
2024-04-26 07:46:03,535 [576b0e19-35c7-479f-a3f8-cac44c071a4a@group-3C8AF2F69899-FollowerState] INFO  server.RaftServerConfigKeys (ConfUtils.java:logFallback(53)) - raft.server.rpc.first-election.timeout.min = 5s (fallback to raft.server.rpc.timeout.min)
2024-04-26 07:46:03,535 [576b0e19-35c7-479f-a3f8-cac44c071a4a-groupManagement] INFO  util.JmxRegister (JmxRegister.java:tryRegister(44)) - Successfully registered JMX Bean with object name Ratis:service=RaftServer,group=group-3C8AF2F69899,id=576b0e19-35c7-479f-a3f8-cac44c071a4a
2024-04-26 07:46:03,535 [576b0e19-35c7-479f-a3f8-cac44c071a4a-groupManagement] INFO  server.RaftServerConfigKeys (ConfUtils.java:logGet(46)) - raft.server.snapshot.trigger-when-stop.enabled = true (default)
2024-04-26 07:46:03,535 [576b0e19-35c7-479f-a3f8-cac44c071a4a-groupManagement] INFO  server.RaftServerConfigKeys (ConfUtils.java:logGet(46)) - raft.server.snapshot.auto.trigger.enabled = true (custom)
2024-04-26 07:46:03,535 [576b0e19-35c7-479f-a3f8-cac44c071a4a-groupManagement] INFO  server.RaftServerConfigKeys (ConfUtils.java:logGet(46)) - raft.server.snapshot.auto.trigger.threshold = 10000 (custom)
2024-04-26 07:46:03,535 [576b0e19-35c7-479f-a3f8-cac44c071a4a-groupManagement] INFO  server.RaftServerConfigKeys (ConfUtils.java:logGet(46)) - raft.server.snapshot.retention.file.num = 5 (custom)
2024-04-26 07:46:03,535 [576b0e19-35c7-479f-a3f8-cac44c071a4a-groupManagement] INFO  server.RaftServerConfigKeys (ConfUtils.java:logGet(46)) - raft.server.log.purge.upto.snapshot.index = false (default)
2024-04-26 07:46:03,535 [576b0e19-35c7-479f-a3f8-cac44c071a4a@group-3C8AF2F69899-FollowerState] INFO  server.RaftServerConfigKeys (ConfUtils.java:logFallback(53)) - raft.server.rpc.first-election.timeout.max = 5200ms (fallback to raft.server.rpc.timeout.max)
2024-04-26 07:46:03,537 [576b0e19-35c7-479f-a3f8-cac44c071a4a-PipelineCommandHandlerThread-0] INFO  ratis.XceiverServerRatis (XceiverServerRatis.java:addGroup(864)) - Created group PipelineID=20140069-b339-4f8c-94e8-3c8af2f69899
2024-04-26 07:46:03,541 [grpc-default-executor-1] INFO  server.RaftServer (RaftServerProxy.java:addNew(100)) - ddce2076-1575-41c9-8de9-fd704b659682: addNew group-3C8AF2F69899:[e753b894-9081-4960-806d-bc57228f6e3a|127.0.0.1:15468, ddce2076-1575-41c9-8de9-fd704b659682|127.0.0.1:15477, 576b0e19-35c7-479f-a3f8-cac44c071a4a|127.0.0.1:15459] returns group-3C8AF2F69899:java.util.concurrent.CompletableFuture@78a824dc[Not completed]
2024-04-26 07:46:03,542 [ddce2076-1575-41c9-8de9-fd704b659682-groupManagement] INFO  server.RaftServer$Division (RaftServerImpl.java:<init>(256)) - ddce2076-1575-41c9-8de9-fd704b659682: new RaftServerImpl for group-3C8AF2F69899:[e753b894-9081-4960-806d-bc57228f6e3a|127.0.0.1:15468, ddce2076-1575-41c9-8de9-fd704b659682|127.0.0.1:15477, 576b0e19-35c7-479f-a3f8-cac44c071a4a|127.0.0.1:15459] with ContainerStateMachine:uninitialized
2024-04-26 07:46:03,542 [ddce2076-1575-41c9-8de9-fd704b659682-groupManagement] INFO  server.RaftServerConfigKeys (ConfUtils.java:logGet(46)) - raft.server.rpc.timeout.min = 5s (custom)
2024-04-26 07:46:03,542 [ddce2076-1575-41c9-8de9-fd704b659682-groupManagement] INFO  server.RaftServerConfigKeys (ConfUtils.java:logGet(46)) - raft.server.rpc.timeout.max = 5200ms (custom)
2024-04-26 07:46:03,542 [ddce2076-1575-41c9-8de9-fd704b659682-groupManagement] INFO  server.RaftServerConfigKeys (ConfUtils.java:logGet(46)) - raft.server.rpc.sleep.time = 25ms (default)
2024-04-26 07:46:03,542 [ddce2076-1575-41c9-8de9-fd704b659682-groupManagement] INFO  server.RaftServerConfigKeys (ConfUtils.java:logGet(46)) - raft.server.rpc.slowness.timeout = 300000ms (custom)
2024-04-26 07:46:03,542 [ddce2076-1575-41c9-8de9-fd704b659682-groupManagement] INFO  server.RaftServerConfigKeys (ConfUtils.java:logGet(46)) - raft.server.leaderelection.leader.step-down.wait-time = 10s (default)
2024-04-26 07:46:03,542 [ddce2076-1575-41c9-8de9-fd704b659682-groupManagement] INFO  server.RaftServerConfigKeys (ConfUtils.java:logGet(46)) - raft.server.leaderelection.member.majority-add = false (default)
2024-04-26 07:46:03,542 [ddce2076-1575-41c9-8de9-fd704b659682-groupManagement] INFO  server.RaftServerConfigKeys (ConfUtils.java:logGet(46)) - raft.server.sleep.deviation.threshold = 300ms (default)
2024-04-26 07:46:03,542 [ddce2076-1575-41c9-8de9-fd704b659682-groupManagement] INFO  server.RaftServer$Division (ServerState.java:<init>(113)) - ddce2076-1575-41c9-8de9-fd704b659682@group-3C8AF2F69899: ConfigurationManager, init=-1: peers:[e753b894-9081-4960-806d-bc57228f6e3a|127.0.0.1:15468, ddce2076-1575-41c9-8de9-fd704b659682|127.0.0.1:15477, 576b0e19-35c7-479f-a3f8-cac44c071a4a|127.0.0.1:15459]|listeners:[], old=null, confs=<EMPTY_MAP>
2024-04-26 07:46:03,543 [ddce2076-1575-41c9-8de9-fd704b659682-groupManagement] INFO  server.RaftServerConfigKeys (ConfUtils.java:logGet(46)) - raft.server.notification.no-leader.timeout = 300000ms (custom)
2024-04-26 07:46:03,543 [ddce2076-1575-41c9-8de9-fd704b659682-groupManagement] INFO  server.RaftServerConfigKeys (ConfUtils.java:logGet(46)) - raft.server.read.timeout = 10s (default)
2024-04-26 07:46:03,543 [ddce2076-1575-41c9-8de9-fd704b659682-groupManagement] INFO  server.RaftServerConfigKeys (ConfUtils.java:logGet(46)) - raft.server.retrycache.expirytime = 600000ms (custom)
2024-04-26 07:46:03,543 [ddce2076-1575-41c9-8de9-fd704b659682-groupManagement] INFO  server.RaftServerConfigKeys (ConfUtils.java:logGet(46)) - raft.server.retrycache.statistics.expirytime = 100ms (default)
2024-04-26 07:46:03,543 [ddce2076-1575-41c9-8de9-fd704b659682-groupManagement] INFO  server.RaftServerConfigKeys (ConfUtils.java:logGet(46)) - raft.server.read.option = DEFAULT (default)
2024-04-26 07:46:03,543 [ddce2076-1575-41c9-8de9-fd704b659682-groupManagement] INFO  server.RaftServerConfigKeys (ConfUtils.java:logGet(46)) - raft.server.read.read-after-write-consistent.write-index-cache.expiry-time = 60s (default)
2024-04-26 07:46:03,544 [ddce2076-1575-41c9-8de9-fd704b659682-groupManagement] INFO  server.RaftServerConfigKeys (ConfUtils.java:logGet(46)) - raft.server.rpc.request.timeout = 3000ms (default)
2024-04-26 07:46:03,544 [ddce2076-1575-41c9-8de9-fd704b659682-groupManagement] INFO  server.RaftServerConfigKeys (ConfUtils.java:logGet(46)) - raft.server.log.appender.install.snapshot.enabled = false (custom)
2024-04-26 07:46:03,544 [ddce2076-1575-41c9-8de9-fd704b659682-groupManagement] INFO  server.RaftServerConfigKeys (ConfUtils.java:logGet(46)) - raft.server.threadpool.server.cached = true (default)
2024-04-26 07:46:03,544 [ddce2076-1575-41c9-8de9-fd704b659682-groupManagement] INFO  server.RaftServerConfigKeys (ConfUtils.java:logGet(46)) - raft.server.threadpool.server.size = 0 (default)
2024-04-26 07:46:03,544 [ddce2076-1575-41c9-8de9-fd704b659682-groupManagement] INFO  server.RaftServerConfigKeys (ConfUtils.java:logGet(46)) - raft.server.threadpool.client.cached = true (default)
2024-04-26 07:46:03,544 [ddce2076-1575-41c9-8de9-fd704b659682-groupManagement] INFO  server.RaftServerConfigKeys (ConfUtils.java:logGet(46)) - raft.server.threadpool.client.size = 0 (default)
2024-04-26 07:46:03,545 [ddce2076-1575-41c9-8de9-fd704b659682-groupManagement] INFO  server.RaftServerConfigKeys (ConfUtils.java:logGet(46)) - raft.server.storage.free-space.min = 0MB (=0) (default)
2024-04-26 07:46:03,545 [ddce2076-1575-41c9-8de9-fd704b659682-groupManagement] INFO  server.RaftServerConfigKeys (ConfUtils.java:logGet(46)) - raft.server.log.corruption.policy = EXCEPTION (default)
2024-04-26 07:46:03,545 [ddce2076-1575-41c9-8de9-fd704b659682-groupManagement] INFO  server.RaftServerConfigKeys (ConfUtils.java:logGet(46)) - raft.server.storage.dir = [/home/runner/work/ozone/ozone/hadoop-ozone/integration-test/target/test-dir/MiniOzoneClusterImpl-864451be-9a12-4508-8431-6d052999593c/ozone-meta/datanode-3/ratis] (custom)
2024-04-26 07:46:03,545 [ddce2076-1575-41c9-8de9-fd704b659682-groupManagement] INFO  storage.RaftStorageDirectory (RaftStorageDirectoryImpl.java:analyzeStorage(138)) - The storage directory /home/runner/work/ozone/ozone/hadoop-ozone/integration-test/target/test-dir/MiniOzoneClusterImpl-864451be-9a12-4508-8431-6d052999593c/ozone-meta/datanode-3/ratis/20140069-b339-4f8c-94e8-3c8af2f69899 does not exist. Creating ...
2024-04-26 07:46:03,545 [ddce2076-1575-41c9-8de9-fd704b659682-groupManagement] INFO  storage.RaftStorageDirectory (RaftStorageDirectoryImpl.java:tryLock(228)) - Lock on /home/runner/work/ozone/ozone/hadoop-ozone/integration-test/target/test-dir/MiniOzoneClusterImpl-864451be-9a12-4508-8431-6d052999593c/ozone-meta/datanode-3/ratis/20140069-b339-4f8c-94e8-3c8af2f69899/in_use.lock acquired by nodename 21422@fv-az1107-628
2024-04-26 07:46:03,546 [ddce2076-1575-41c9-8de9-fd704b659682-groupManagement] INFO  storage.RaftStorage (RaftStorageImpl.java:format(99)) - Storage directory /home/runner/work/ozone/ozone/hadoop-ozone/integration-test/target/test-dir/MiniOzoneClusterImpl-864451be-9a12-4508-8431-6d052999593c/ozone-meta/datanode-3/ratis/20140069-b339-4f8c-94e8-3c8af2f69899 has been successfully formatted.
2024-04-26 07:46:03,546 [ddce2076-1575-41c9-8de9-fd704b659682-groupManagement] WARN  util.FileUtils (LogUtils.java:supplyAndLog(63)) - Failed to Files.newInputStream /home/runner/work/ozone/ozone/hadoop-ozone/integration-test/target/test-dir/MiniOzoneClusterImpl-864451be-9a12-4508-8431-6d052999593c/ozone-meta/datanode-3/ratis/20140069-b339-4f8c-94e8-3c8af2f69899/current/raft-meta.conf with options []: java.nio.file.NoSuchFileException: /home/runner/work/ozone/ozone/hadoop-ozone/integration-test/target/test-dir/MiniOzoneClusterImpl-864451be-9a12-4508-8431-6d052999593c/ozone-meta/datanode-3/ratis/20140069-b339-4f8c-94e8-3c8af2f69899/current/raft-meta.conf
2024-04-26 07:46:03,546 [ddce2076-1575-41c9-8de9-fd704b659682-groupManagement] INFO  ratis.ContainerStateMachine (ContainerStateMachine.java:loadSnapshot(287)) - group-3C8AF2F69899: The snapshot info is null. Setting the last applied index to:(t:0, i:~)
2024-04-26 07:46:03,547 [ddce2076-1575-41c9-8de9-fd704b659682-groupManagement] INFO  server.RaftServerConfigKeys (ConfUtils.java:logGet(46)) - raft.server.log.use.memory = false (default)
2024-04-26 07:46:03,547 [ddce2076-1575-41c9-8de9-fd704b659682-groupManagement] INFO  server.RaftServerConfigKeys (ConfUtils.java:logGet(46)) - raft.server.log.purge.gap = 1000000 (custom)
2024-04-26 07:46:03,547 [ddce2076-1575-41c9-8de9-fd704b659682-groupManagement] INFO  server.RaftServerConfigKeys (ConfUtils.java:logGet(46)) - raft.server.log.appender.buffer.byte-limit = 8388608 (custom)
2024-04-26 07:46:03,547 [ddce2076-1575-41c9-8de9-fd704b659682-groupManagement] INFO  server.RaftServerConfigKeys (ConfUtils.java:logGet(46)) - raft.server.log.statemachine.data.read.timeout = 1000ms (default)
2024-04-26 07:46:03,547 [ddce2076-1575-41c9-8de9-fd704b659682-groupManagement] INFO  server.RaftServerConfigKeys (ConfUtils.java:logGet(46)) - raft.server.log.purge.preservation.log.num = 0 (default)
2024-04-26 07:46:03,548 [ddce2076-1575-41c9-8de9-fd704b659682-groupManagement] INFO  server.RaftServerConfigKeys (ConfUtils.java:logGet(46)) - raft.server.log.segment.size.max = 67108864 (custom)
2024-04-26 07:46:03,548 [ddce2076-1575-41c9-8de9-fd704b659682-groupManagement] INFO  server.RaftServerConfigKeys (ConfUtils.java:logGet(46)) - raft.server.log.segment.cache.num.max = 2 (custom)
2024-04-26 07:46:03,548 [ddce2076-1575-41c9-8de9-fd704b659682-groupManagement] INFO  server.RaftServerConfigKeys (ConfUtils.java:logGet(46)) - raft.server.log.segment.cache.size.max = 200MB (=209715200) (default)
2024-04-26 07:46:03,548 [ddce2076-1575-41c9-8de9-fd704b659682-groupManagement] INFO  server.RaftServerConfigKeys (ConfUtils.java:logGet(46)) - raft.server.log.appender.buffer.byte-limit = 8388608 (custom)
2024-04-26 07:46:03,548 [ddce2076-1575-41c9-8de9-fd704b659682-groupManagement] INFO  util.AwaitToRun (AwaitToRun.java:start(81)) - Thread[ddce2076-1575-41c9-8de9-fd704b659682@group-3C8AF2F69899-cacheEviction-AwaitToRun,5,main] started
2024-04-26 07:46:03,548 [ddce2076-1575-41c9-8de9-fd704b659682-groupManagement] INFO  segmented.SegmentedRaftLogWorker (SegmentedRaftLogWorker.java:<init>(182)) - new ddce2076-1575-41c9-8de9-fd704b659682@group-3C8AF2F69899-SegmentedRaftLogWorker for RaftStorageImpl:Storage Directory /home/runner/work/ozone/ozone/hadoop-ozone/integration-test/target/test-dir/MiniOzoneClusterImpl-864451be-9a12-4508-8431-6d052999593c/ozone-meta/datanode-3/ratis/20140069-b339-4f8c-94e8-3c8af2f69899
2024-04-26 07:46:03,548 [ddce2076-1575-41c9-8de9-fd704b659682-groupManagement] INFO  server.RaftServerConfigKeys (ConfUtils.java:logGet(46)) - raft.server.log.queue.byte-limit = 4294967296 (custom)
2024-04-26 07:46:03,548 [ddce2076-1575-41c9-8de9-fd704b659682-groupManagement] INFO  server.RaftServerConfigKeys (ConfUtils.java:logGet(46)) - raft.server.log.queue.element-limit = 1024 (custom)
2024-04-26 07:46:03,548 [ddce2076-1575-41c9-8de9-fd704b659682-groupManagement] INFO  server.RaftServerConfigKeys (ConfUtils.java:logGet(46)) - raft.server.log.segment.size.max = 67108864 (custom)
2024-04-26 07:46:03,548 [ddce2076-1575-41c9-8de9-fd704b659682-groupManagement] INFO  server.RaftServerConfigKeys (ConfUtils.java:logGet(46)) - raft.server.log.preallocated.size = 4194304 (custom)
2024-04-26 07:46:03,548 [ddce2076-1575-41c9-8de9-fd704b659682-groupManagement] INFO  server.RaftServerConfigKeys (ConfUtils.java:logGet(46)) - raft.server.log.force.sync.num = 128 (default)
2024-04-26 07:46:03,548 [ddce2076-1575-41c9-8de9-fd704b659682-groupManagement] INFO  server.RaftServerConfigKeys (ConfUtils.java:logGet(46)) - raft.server.log.statemachine.data.sync = true (default)
2024-04-26 07:46:03,548 [ddce2076-1575-41c9-8de9-fd704b659682-groupManagement] INFO  server.RaftServerConfigKeys (ConfUtils.java:logGet(46)) - raft.server.log.statemachine.data.sync.timeout = 10s (default)
2024-04-26 07:46:03,548 [ddce2076-1575-41c9-8de9-fd704b659682-groupManagement] INFO  server.RaftServerConfigKeys (ConfUtils.java:logGet(46)) - raft.server.log.statemachine.data.sync.timeout.retry = 30 (custom)
2024-04-26 07:46:03,549 [ddce2076-1575-41c9-8de9-fd704b659682-groupManagement] INFO  server.RaftServerConfigKeys (ConfUtils.java:logGet(46)) - raft.server.log.write.buffer.size = 8388616 (custom)
2024-04-26 07:46:03,550 [ddce2076-1575-41c9-8de9-fd704b659682-groupManagement] INFO  server.RaftServerConfigKeys (ConfUtils.java:logGet(46)) - raft.server.log.appender.buffer.byte-limit = 8388608 (custom)
2024-04-26 07:46:03,550 [ddce2076-1575-41c9-8de9-fd704b659682-groupManagement] INFO  server.RaftServerConfigKeys (ConfUtils.java:logGet(46)) - raft.server.log.unsafe-flush.enabled = false (default)
2024-04-26 07:46:03,550 [ddce2076-1575-41c9-8de9-fd704b659682-groupManagement] INFO  server.RaftServerConfigKeys (ConfUtils.java:logGet(46)) - raft.server.log.async-flush.enabled = false (default)
2024-04-26 07:46:03,550 [ddce2076-1575-41c9-8de9-fd704b659682-groupManagement] INFO  server.RaftServerConfigKeys (ConfUtils.java:logGet(46)) - raft.server.log.statemachine.data.caching.enabled = true (custom)
2024-04-26 07:46:03,550 [ddce2076-1575-41c9-8de9-fd704b659682-groupManagement] INFO  segmented.SegmentedRaftLogWorker (SegmentedRaftLogWorker.java:lambda$new$0(134)) - ddce2076-1575-41c9-8de9-fd704b659682@group-3C8AF2F69899-SegmentedRaftLogWorker: flushIndex: setUnconditionally 0 -> -1
2024-04-26 07:46:03,550 [ddce2076-1575-41c9-8de9-fd704b659682-groupManagement] INFO  segmented.SegmentedRaftLogWorker (SegmentedRaftLogWorker.java:lambda$new$0(134)) - ddce2076-1575-41c9-8de9-fd704b659682@group-3C8AF2F69899-SegmentedRaftLogWorker: safeCacheEvictIndex: setUnconditionally 0 -> -1
2024-04-26 07:46:03,550 [ddce2076-1575-41c9-8de9-fd704b659682-groupManagement] INFO  server.RaftServer$Division (RaftServerImpl.java:start(396)) - ddce2076-1575-41c9-8de9-fd704b659682@group-3C8AF2F69899: start as a follower, conf=-1: peers:[e753b894-9081-4960-806d-bc57228f6e3a|127.0.0.1:15468, ddce2076-1575-41c9-8de9-fd704b659682|127.0.0.1:15477, 576b0e19-35c7-479f-a3f8-cac44c071a4a|127.0.0.1:15459]|listeners:[], old=null
2024-04-26 07:46:03,550 [ddce2076-1575-41c9-8de9-fd704b659682-groupManagement] INFO  server.RaftServer$Division (RaftServerImpl.java:setRole(383)) - ddce2076-1575-41c9-8de9-fd704b659682@group-3C8AF2F69899: changes role from      null to FOLLOWER at term 0 for startAsFollower
2024-04-26 07:46:03,550 [ddce2076-1575-41c9-8de9-fd704b659682-groupManagement] INFO  impl.RoleInfo (RoleInfo.java:updateAndGet(139)) - ddce2076-1575-41c9-8de9-fd704b659682: start ddce2076-1575-41c9-8de9-fd704b659682@group-3C8AF2F69899-FollowerState
2024-04-26 07:46:03,550 [ddce2076-1575-41c9-8de9-fd704b659682@group-3C8AF2F69899-FollowerState] INFO  server.RaftServerConfigKeys (ConfUtils.java:logFallback(53)) - raft.server.rpc.first-election.timeout.min = 5s (fallback to raft.server.rpc.timeout.min)
2024-04-26 07:46:03,550 [ddce2076-1575-41c9-8de9-fd704b659682@group-3C8AF2F69899-FollowerState] INFO  server.RaftServerConfigKeys (ConfUtils.java:logFallback(53)) - raft.server.rpc.first-election.timeout.max = 5200ms (fallback to raft.server.rpc.timeout.max)
2024-04-26 07:46:03,550 [ddce2076-1575-41c9-8de9-fd704b659682-groupManagement] INFO  util.JmxRegister (JmxRegister.java:tryRegister(44)) - Successfully registered JMX Bean with object name Ratis:service=RaftServer,group=group-3C8AF2F69899,id=ddce2076-1575-41c9-8de9-fd704b659682
2024-04-26 07:46:03,550 [ddce2076-1575-41c9-8de9-fd704b659682-groupManagement] INFO  server.RaftServerConfigKeys (ConfUtils.java:logGet(46)) - raft.server.snapshot.trigger-when-stop.enabled = true (default)
2024-04-26 07:46:03,551 [ddce2076-1575-41c9-8de9-fd704b659682-groupManagement] INFO  server.RaftServerConfigKeys (ConfUtils.java:logGet(46)) - raft.server.snapshot.auto.trigger.enabled = true (custom)
2024-04-26 07:46:03,551 [ddce2076-1575-41c9-8de9-fd704b659682-groupManagement] INFO  server.RaftServerConfigKeys (ConfUtils.java:logGet(46)) - raft.server.snapshot.auto.trigger.threshold = 10000 (custom)
2024-04-26 07:46:03,551 [ddce2076-1575-41c9-8de9-fd704b659682-groupManagement] INFO  server.RaftServerConfigKeys (ConfUtils.java:logGet(46)) - raft.server.snapshot.retention.file.num = 5 (custom)
2024-04-26 07:46:03,551 [ddce2076-1575-41c9-8de9-fd704b659682-groupManagement] INFO  server.RaftServerConfigKeys (ConfUtils.java:logGet(46)) - raft.server.log.purge.upto.snapshot.index = false (default)
2024-04-26 07:46:03,556 [e753b894-9081-4960-806d-bc57228f6e3a-PipelineCommandHandlerThread-0] INFO  server.RaftServer (RaftServerProxy.java:addNew(100)) - e753b894-9081-4960-806d-bc57228f6e3a: addNew group-13E46D6C0782:[e753b894-9081-4960-806d-bc57228f6e3a|127.0.0.1:15468] returns group-13E46D6C0782:java.util.concurrent.CompletableFuture@67235b36[Not completed]
2024-04-26 07:46:03,557 [e753b894-9081-4960-806d-bc57228f6e3a-groupManagement] INFO  server.RaftServer$Division (RaftServerImpl.java:<init>(256)) - e753b894-9081-4960-806d-bc57228f6e3a: new RaftServerImpl for group-13E46D6C0782:[e753b894-9081-4960-806d-bc57228f6e3a|127.0.0.1:15468] with ContainerStateMachine:uninitialized
2024-04-26 07:46:03,557 [e753b894-9081-4960-806d-bc57228f6e3a-groupManagement] INFO  server.RaftServerConfigKeys (ConfUtils.java:logGet(46)) - raft.server.rpc.timeout.min = 5s (custom)
2024-04-26 07:46:03,557 [e753b894-9081-4960-806d-bc57228f6e3a-groupManagement] INFO  server.RaftServerConfigKeys (ConfUtils.java:logGet(46)) - raft.server.rpc.timeout.max = 5200ms (custom)
2024-04-26 07:46:03,557 [e753b894-9081-4960-806d-bc57228f6e3a-groupManagement] INFO  server.RaftServerConfigKeys (ConfUtils.java:logGet(46)) - raft.server.rpc.sleep.time = 25ms (default)
2024-04-26 07:46:03,557 [e753b894-9081-4960-806d-bc57228f6e3a-groupManagement] INFO  server.RaftServerConfigKeys (ConfUtils.java:logGet(46)) - raft.server.rpc.slowness.timeout = 300000ms (custom)
2024-04-26 07:46:03,557 [e753b894-9081-4960-806d-bc57228f6e3a-groupManagement] INFO  server.RaftServerConfigKeys (ConfUtils.java:logGet(46)) - raft.server.leaderelection.leader.step-down.wait-time = 10s (default)
2024-04-26 07:46:03,557 [e753b894-9081-4960-806d-bc57228f6e3a-groupManagement] INFO  server.RaftServerConfigKeys (ConfUtils.java:logGet(46)) - raft.server.leaderelection.member.majority-add = false (default)
2024-04-26 07:46:03,557 [e753b894-9081-4960-806d-bc57228f6e3a-groupManagement] INFO  server.RaftServerConfigKeys (ConfUtils.java:logGet(46)) - raft.server.sleep.deviation.threshold = 300ms (default)
2024-04-26 07:46:03,557 [grpc-default-executor-1] INFO  server.RaftServer (RaftServerProxy.java:addNew(100)) - e753b894-9081-4960-806d-bc57228f6e3a: addNew group-3C8AF2F69899:[e753b894-9081-4960-806d-bc57228f6e3a|127.0.0.1:15468, ddce2076-1575-41c9-8de9-fd704b659682|127.0.0.1:15477, 576b0e19-35c7-479f-a3f8-cac44c071a4a|127.0.0.1:15459] returns group-3C8AF2F69899:java.util.concurrent.CompletableFuture@67b29976[Not completed]
2024-04-26 07:46:03,558 [e753b894-9081-4960-806d-bc57228f6e3a-groupManagement] INFO  server.RaftServer$Division (ServerState.java:<init>(113)) - e753b894-9081-4960-806d-bc57228f6e3a@group-13E46D6C0782: ConfigurationManager, init=-1: peers:[e753b894-9081-4960-806d-bc57228f6e3a|127.0.0.1:15468]|listeners:[], old=null, confs=<EMPTY_MAP>
2024-04-26 07:46:03,558 [e753b894-9081-4960-806d-bc57228f6e3a-groupManagement] INFO  server.RaftServerConfigKeys (ConfUtils.java:logGet(46)) - raft.server.notification.no-leader.timeout = 300000ms (custom)
2024-04-26 07:46:03,558 [e753b894-9081-4960-806d-bc57228f6e3a-groupManagement] INFO  server.RaftServerConfigKeys (ConfUtils.java:logGet(46)) - raft.server.read.timeout = 10s (default)
2024-04-26 07:46:03,558 [e753b894-9081-4960-806d-bc57228f6e3a-groupManagement] INFO  server.RaftServerConfigKeys (ConfUtils.java:logGet(46)) - raft.server.retrycache.expirytime = 600000ms (custom)
2024-04-26 07:46:03,558 [e753b894-9081-4960-806d-bc57228f6e3a-groupManagement] INFO  server.RaftServerConfigKeys (ConfUtils.java:logGet(46)) - raft.server.retrycache.statistics.expirytime = 100ms (default)
2024-04-26 07:46:03,558 [e753b894-9081-4960-806d-bc57228f6e3a-groupManagement] INFO  server.RaftServerConfigKeys (ConfUtils.java:logGet(46)) - raft.server.read.option = DEFAULT (default)
2024-04-26 07:46:03,558 [e753b894-9081-4960-806d-bc57228f6e3a-groupManagement] INFO  server.RaftServerConfigKeys (ConfUtils.java:logGet(46)) - raft.server.read.read-after-write-consistent.write-index-cache.expiry-time = 60s (default)
2024-04-26 07:46:03,560 [e753b894-9081-4960-806d-bc57228f6e3a-groupManagement] INFO  server.RaftServerConfigKeys (ConfUtils.java:logGet(46)) - raft.server.rpc.request.timeout = 3000ms (default)
2024-04-26 07:46:03,560 [e753b894-9081-4960-806d-bc57228f6e3a-groupManagement] INFO  server.RaftServerConfigKeys (ConfUtils.java:logGet(46)) - raft.server.log.appender.install.snapshot.enabled = false (custom)
2024-04-26 07:46:03,560 [e753b894-9081-4960-806d-bc57228f6e3a-groupManagement] INFO  server.RaftServerConfigKeys (ConfUtils.java:logGet(46)) - raft.server.threadpool.server.cached = true (default)
2024-04-26 07:46:03,560 [e753b894-9081-4960-806d-bc57228f6e3a-groupManagement] INFO  server.RaftServerConfigKeys (ConfUtils.java:logGet(46)) - raft.server.threadpool.server.size = 0 (default)
2024-04-26 07:46:03,560 [e753b894-9081-4960-806d-bc57228f6e3a-groupManagement] INFO  server.RaftServerConfigKeys (ConfUtils.java:logGet(46)) - raft.server.threadpool.client.cached = true (default)
2024-04-26 07:46:03,560 [e753b894-9081-4960-806d-bc57228f6e3a-groupManagement] INFO  server.RaftServerConfigKeys (ConfUtils.java:logGet(46)) - raft.server.threadpool.client.size = 0 (default)
2024-04-26 07:46:03,560 [e753b894-9081-4960-806d-bc57228f6e3a-groupManagement] INFO  server.RaftServer$Division (RaftServerImpl.java:<init>(256)) - e753b894-9081-4960-806d-bc57228f6e3a: new RaftServerImpl for group-3C8AF2F69899:[e753b894-9081-4960-806d-bc57228f6e3a|127.0.0.1:15468, ddce2076-1575-41c9-8de9-fd704b659682|127.0.0.1:15477, 576b0e19-35c7-479f-a3f8-cac44c071a4a|127.0.0.1:15459] with ContainerStateMachine:uninitialized
2024-04-26 07:46:03,560 [e753b894-9081-4960-806d-bc57228f6e3a-groupManagement] INFO  server.RaftServerConfigKeys (ConfUtils.java:logGet(46)) - raft.server.rpc.timeout.min = 5s (custom)
2024-04-26 07:46:03,560 [e753b894-9081-4960-806d-bc57228f6e3a-groupManagement] INFO  server.RaftServerConfigKeys (ConfUtils.java:logGet(46)) - raft.server.rpc.timeout.max = 5200ms (custom)
2024-04-26 07:46:03,560 [e753b894-9081-4960-806d-bc57228f6e3a-groupManagement] INFO  server.RaftServerConfigKeys (ConfUtils.java:logGet(46)) - raft.server.rpc.sleep.time = 25ms (default)
2024-04-26 07:46:03,560 [e753b894-9081-4960-806d-bc57228f6e3a-groupManagement] INFO  server.RaftServerConfigKeys (ConfUtils.java:logGet(46)) - raft.server.rpc.slowness.timeout = 300000ms (custom)
2024-04-26 07:46:03,560 [e753b894-9081-4960-806d-bc57228f6e3a-groupManagement] INFO  server.RaftServerConfigKeys (ConfUtils.java:logGet(46)) - raft.server.leaderelection.leader.step-down.wait-time = 10s (default)
2024-04-26 07:46:03,560 [e753b894-9081-4960-806d-bc57228f6e3a-groupManagement] INFO  server.RaftServerConfigKeys (ConfUtils.java:logGet(46)) - raft.server.leaderelection.member.majority-add = false (default)
2024-04-26 07:46:03,560 [e753b894-9081-4960-806d-bc57228f6e3a-groupManagement] INFO  server.RaftServerConfigKeys (ConfUtils.java:logGet(46)) - raft.server.sleep.deviation.threshold = 300ms (default)
2024-04-26 07:46:03,561 [e753b894-9081-4960-806d-bc57228f6e3a-groupManagement] INFO  server.RaftServer$Division (ServerState.java:<init>(113)) - e753b894-9081-4960-806d-bc57228f6e3a@group-3C8AF2F69899: ConfigurationManager, init=-1: peers:[e753b894-9081-4960-806d-bc57228f6e3a|127.0.0.1:15468, ddce2076-1575-41c9-8de9-fd704b659682|127.0.0.1:15477, 576b0e19-35c7-479f-a3f8-cac44c071a4a|127.0.0.1:15459]|listeners:[], old=null, confs=<EMPTY_MAP>
2024-04-26 07:46:03,561 [e753b894-9081-4960-806d-bc57228f6e3a-groupManagement] INFO  server.RaftServerConfigKeys (ConfUtils.java:logGet(46)) - raft.server.notification.no-leader.timeout = 300000ms (custom)
2024-04-26 07:46:03,561 [e753b894-9081-4960-806d-bc57228f6e3a-groupManagement] INFO  server.RaftServerConfigKeys (ConfUtils.java:logGet(46)) - raft.server.read.timeout = 10s (default)
2024-04-26 07:46:03,561 [e753b894-9081-4960-806d-bc57228f6e3a-groupManagement] INFO  server.RaftServerConfigKeys (ConfUtils.java:logGet(46)) - raft.server.retrycache.expirytime = 600000ms (custom)
2024-04-26 07:46:03,561 [e753b894-9081-4960-806d-bc57228f6e3a-groupManagement] INFO  server.RaftServerConfigKeys (ConfUtils.java:logGet(46)) - raft.server.retrycache.statistics.expirytime = 100ms (default)
2024-04-26 07:46:03,561 [e753b894-9081-4960-806d-bc57228f6e3a-groupManagement] INFO  server.RaftServerConfigKeys (ConfUtils.java:logGet(46)) - raft.server.read.option = DEFAULT (default)
2024-04-26 07:46:03,561 [e753b894-9081-4960-806d-bc57228f6e3a-groupManagement] INFO  server.RaftServerConfigKeys (ConfUtils.java:logGet(46)) - raft.server.read.read-after-write-consistent.write-index-cache.expiry-time = 60s (default)
2024-04-26 07:46:03,562 [e753b894-9081-4960-806d-bc57228f6e3a-groupManagement] INFO  server.RaftServerConfigKeys (ConfUtils.java:logGet(46)) - raft.server.rpc.request.timeout = 3000ms (default)
2024-04-26 07:46:03,562 [e753b894-9081-4960-806d-bc57228f6e3a-groupManagement] INFO  server.RaftServerConfigKeys (ConfUtils.java:logGet(46)) - raft.server.log.appender.install.snapshot.enabled = false (custom)
2024-04-26 07:46:03,562 [e753b894-9081-4960-806d-bc57228f6e3a-groupManagement] INFO  server.RaftServerConfigKeys (ConfUtils.java:logGet(46)) - raft.server.threadpool.server.cached = true (default)
2024-04-26 07:46:03,562 [e753b894-9081-4960-806d-bc57228f6e3a-groupManagement] INFO  server.RaftServerConfigKeys (ConfUtils.java:logGet(46)) - raft.server.threadpool.server.size = 0 (default)
2024-04-26 07:46:03,562 [e753b894-9081-4960-806d-bc57228f6e3a-groupManagement] INFO  server.RaftServerConfigKeys (ConfUtils.java:logGet(46)) - raft.server.threadpool.client.cached = true (default)
2024-04-26 07:46:03,562 [e753b894-9081-4960-806d-bc57228f6e3a-groupManagement] INFO  server.RaftServerConfigKeys (ConfUtils.java:logGet(46)) - raft.server.threadpool.client.size = 0 (default)
2024-04-26 07:46:03,562 [e753b894-9081-4960-806d-bc57228f6e3a-groupManagement] INFO  server.RaftServerConfigKeys (ConfUtils.java:logGet(46)) - raft.server.storage.free-space.min = 0MB (=0) (default)
2024-04-26 07:46:03,562 [e753b894-9081-4960-806d-bc57228f6e3a-groupManagement] INFO  server.RaftServerConfigKeys (ConfUtils.java:logGet(46)) - raft.server.log.corruption.policy = EXCEPTION (default)
2024-04-26 07:46:03,563 [e753b894-9081-4960-806d-bc57228f6e3a-groupManagement] INFO  server.RaftServerConfigKeys (ConfUtils.java:logGet(46)) - raft.server.storage.dir = [/home/runner/work/ozone/ozone/hadoop-ozone/integration-test/target/test-dir/MiniOzoneClusterImpl-864451be-9a12-4508-8431-6d052999593c/ozone-meta/datanode-2/ratis] (custom)
2024-04-26 07:46:03,563 [e753b894-9081-4960-806d-bc57228f6e3a-groupManagement] INFO  storage.RaftStorageDirectory (RaftStorageDirectoryImpl.java:analyzeStorage(138)) - The storage directory /home/runner/work/ozone/ozone/hadoop-ozone/integration-test/target/test-dir/MiniOzoneClusterImpl-864451be-9a12-4508-8431-6d052999593c/ozone-meta/datanode-2/ratis/84c2d2da-0c2b-4ae6-affa-13e46d6c0782 does not exist. Creating ...
2024-04-26 07:46:03,563 [e753b894-9081-4960-806d-bc57228f6e3a-groupManagement] INFO  storage.RaftStorageDirectory (RaftStorageDirectoryImpl.java:tryLock(228)) - Lock on /home/runner/work/ozone/ozone/hadoop-ozone/integration-test/target/test-dir/MiniOzoneClusterImpl-864451be-9a12-4508-8431-6d052999593c/ozone-meta/datanode-2/ratis/84c2d2da-0c2b-4ae6-affa-13e46d6c0782/in_use.lock acquired by nodename 21422@fv-az1107-628
2024-04-26 07:46:03,564 [e753b894-9081-4960-806d-bc57228f6e3a-groupManagement] INFO  storage.RaftStorage (RaftStorageImpl.java:format(99)) - Storage directory /home/runner/work/ozone/ozone/hadoop-ozone/integration-test/target/test-dir/MiniOzoneClusterImpl-864451be-9a12-4508-8431-6d052999593c/ozone-meta/datanode-2/ratis/84c2d2da-0c2b-4ae6-affa-13e46d6c0782 has been successfully formatted.
2024-04-26 07:46:03,564 [e753b894-9081-4960-806d-bc57228f6e3a-groupManagement] WARN  util.FileUtils (LogUtils.java:supplyAndLog(63)) - Failed to Files.newInputStream /home/runner/work/ozone/ozone/hadoop-ozone/integration-test/target/test-dir/MiniOzoneClusterImpl-864451be-9a12-4508-8431-6d052999593c/ozone-meta/datanode-2/ratis/84c2d2da-0c2b-4ae6-affa-13e46d6c0782/current/raft-meta.conf with options []: java.nio.file.NoSuchFileException: /home/runner/work/ozone/ozone/hadoop-ozone/integration-test/target/test-dir/MiniOzoneClusterImpl-864451be-9a12-4508-8431-6d052999593c/ozone-meta/datanode-2/ratis/84c2d2da-0c2b-4ae6-affa-13e46d6c0782/current/raft-meta.conf
2024-04-26 07:46:03,564 [e753b894-9081-4960-806d-bc57228f6e3a-groupManagement] INFO  ratis.ContainerStateMachine (ContainerStateMachine.java:loadSnapshot(287)) - group-13E46D6C0782: The snapshot info is null. Setting the last applied index to:(t:0, i:~)
2024-04-26 07:46:03,565 [e753b894-9081-4960-806d-bc57228f6e3a-groupManagement] INFO  server.RaftServerConfigKeys (ConfUtils.java:logGet(46)) - raft.server.log.use.memory = false (default)
2024-04-26 07:46:03,565 [e753b894-9081-4960-806d-bc57228f6e3a-groupManagement] INFO  server.RaftServerConfigKeys (ConfUtils.java:logGet(46)) - raft.server.log.purge.gap = 1000000 (custom)
2024-04-26 07:46:03,565 [e753b894-9081-4960-806d-bc57228f6e3a-groupManagement] INFO  server.RaftServerConfigKeys (ConfUtils.java:logGet(46)) - raft.server.log.appender.buffer.byte-limit = 8388608 (custom)
2024-04-26 07:46:03,565 [e753b894-9081-4960-806d-bc57228f6e3a-groupManagement] INFO  server.RaftServerConfigKeys (ConfUtils.java:logGet(46)) - raft.server.log.statemachine.data.read.timeout = 1000ms (default)
2024-04-26 07:46:03,565 [e753b894-9081-4960-806d-bc57228f6e3a-groupManagement] INFO  server.RaftServerConfigKeys (ConfUtils.java:logGet(46)) - raft.server.log.purge.preservation.log.num = 0 (default)
2024-04-26 07:46:03,565 [EventQueue-PipelineReportForPipelineReportHandler] INFO  pipeline.PipelineReportHandler (PipelineReportHandler.java:processPipelineReport(136)) - Opened pipeline PipelineID=84c2d2da-0c2b-4ae6-affa-13e46d6c0782
2024-04-26 07:46:03,566 [EventQueue-OpenPipelineForHealthyPipelineSafeModeRule] INFO  safemode.SCMSafeModeManager (HealthyPipelineSafeModeRule.java:process(140)) - SCM in safe mode. Healthy pipelines reported count is 0, required healthy pipeline reported count is 1
2024-04-26 07:46:03,566 [e753b894-9081-4960-806d-bc57228f6e3a-groupManagement] INFO  server.RaftServerConfigKeys (ConfUtils.java:logGet(46)) - raft.server.log.segment.size.max = 67108864 (custom)
2024-04-26 07:46:03,566 [e753b894-9081-4960-806d-bc57228f6e3a-groupManagement] INFO  server.RaftServerConfigKeys (ConfUtils.java:logGet(46)) - raft.server.log.segment.cache.num.max = 2 (custom)
2024-04-26 07:46:03,566 [e753b894-9081-4960-806d-bc57228f6e3a-groupManagement] INFO  server.RaftServerConfigKeys (ConfUtils.java:logGet(46)) - raft.server.log.segment.cache.size.max = 200MB (=209715200) (default)
2024-04-26 07:46:03,566 [e753b894-9081-4960-806d-bc57228f6e3a-groupManagement] INFO  server.RaftServerConfigKeys (ConfUtils.java:logGet(46)) - raft.server.log.appender.buffer.byte-limit = 8388608 (custom)
2024-04-26 07:46:03,567 [e753b894-9081-4960-806d-bc57228f6e3a-groupManagement] INFO  util.AwaitToRun (AwaitToRun.java:start(81)) - Thread[e753b894-9081-4960-806d-bc57228f6e3a@group-13E46D6C0782-cacheEviction-AwaitToRun,5,main] started
2024-04-26 07:46:03,567 [e753b894-9081-4960-806d-bc57228f6e3a-groupManagement] INFO  segmented.SegmentedRaftLogWorker (SegmentedRaftLogWorker.java:<init>(182)) - new e753b894-9081-4960-806d-bc57228f6e3a@group-13E46D6C0782-SegmentedRaftLogWorker for RaftStorageImpl:Storage Directory /home/runner/work/ozone/ozone/hadoop-ozone/integration-test/target/test-dir/MiniOzoneClusterImpl-864451be-9a12-4508-8431-6d052999593c/ozone-meta/datanode-2/ratis/84c2d2da-0c2b-4ae6-affa-13e46d6c0782
2024-04-26 07:46:03,567 [e753b894-9081-4960-806d-bc57228f6e3a-groupManagement] INFO  server.RaftServerConfigKeys (ConfUtils.java:logGet(46)) - raft.server.log.queue.byte-limit = 4294967296 (custom)
2024-04-26 07:46:03,567 [e753b894-9081-4960-806d-bc57228f6e3a-groupManagement] INFO  server.RaftServerConfigKeys (ConfUtils.java:logGet(46)) - raft.server.log.queue.element-limit = 1024 (custom)
2024-04-26 07:46:03,567 [e753b894-9081-4960-806d-bc57228f6e3a-groupManagement] INFO  server.RaftServerConfigKeys (ConfUtils.java:logGet(46)) - raft.server.log.segment.size.max = 67108864 (custom)
2024-04-26 07:46:03,567 [e753b894-9081-4960-806d-bc57228f6e3a-groupManagement] INFO  server.RaftServerConfigKeys (ConfUtils.java:logGet(46)) - raft.server.log.preallocated.size = 4194304 (custom)
2024-04-26 07:46:03,567 [e753b894-9081-4960-806d-bc57228f6e3a-groupManagement] INFO  server.RaftServerConfigKeys (ConfUtils.java:logGet(46)) - raft.server.log.force.sync.num = 128 (default)
2024-04-26 07:46:03,567 [e753b894-9081-4960-806d-bc57228f6e3a-groupManagement] INFO  server.RaftServerConfigKeys (ConfUtils.java:logGet(46)) - raft.server.log.statemachine.data.sync = true (default)
2024-04-26 07:46:03,567 [e753b894-9081-4960-806d-bc57228f6e3a-groupManagement] INFO  server.RaftServerConfigKeys (ConfUtils.java:logGet(46)) - raft.server.log.statemachine.data.sync.timeout = 10s (default)
2024-04-26 07:46:03,567 [e753b894-9081-4960-806d-bc57228f6e3a-groupManagement] INFO  server.RaftServerConfigKeys (ConfUtils.java:logGet(46)) - raft.server.log.statemachine.data.sync.timeout.retry = 30 (custom)
2024-04-26 07:46:03,567 [e753b894-9081-4960-806d-bc57228f6e3a-groupManagement] INFO  server.RaftServerConfigKeys (ConfUtils.java:logGet(46)) - raft.server.log.write.buffer.size = 8388616 (custom)
2024-04-26 07:46:03,568 [e753b894-9081-4960-806d-bc57228f6e3a-groupManagement] INFO  server.RaftServerConfigKeys (ConfUtils.java:logGet(46)) - raft.server.log.appender.buffer.byte-limit = 8388608 (custom)
2024-04-26 07:46:03,569 [e753b894-9081-4960-806d-bc57228f6e3a-groupManagement] INFO  server.RaftServerConfigKeys (ConfUtils.java:logGet(46)) - raft.server.log.unsafe-flush.enabled = false (default)
2024-04-26 07:46:03,569 [e753b894-9081-4960-806d-bc57228f6e3a-groupManagement] INFO  server.RaftServerConfigKeys (ConfUtils.java:logGet(46)) - raft.server.log.async-flush.enabled = false (default)
2024-04-26 07:46:03,569 [e753b894-9081-4960-806d-bc57228f6e3a-groupManagement] INFO  server.RaftServerConfigKeys (ConfUtils.java:logGet(46)) - raft.server.log.statemachine.data.caching.enabled = true (custom)
2024-04-26 07:46:03,569 [e753b894-9081-4960-806d-bc57228f6e3a-groupManagement] INFO  segmented.SegmentedRaftLogWorker (SegmentedRaftLogWorker.java:lambda$new$0(134)) - e753b894-9081-4960-806d-bc57228f6e3a@group-13E46D6C0782-SegmentedRaftLogWorker: flushIndex: setUnconditionally 0 -> -1
2024-04-26 07:46:03,569 [e753b894-9081-4960-806d-bc57228f6e3a-groupManagement] INFO  segmented.SegmentedRaftLogWorker (SegmentedRaftLogWorker.java:lambda$new$0(134)) - e753b894-9081-4960-806d-bc57228f6e3a@group-13E46D6C0782-SegmentedRaftLogWorker: safeCacheEvictIndex: setUnconditionally 0 -> -1
2024-04-26 07:46:03,569 [e753b894-9081-4960-806d-bc57228f6e3a-groupManagement] INFO  server.RaftServer$Division (RaftServerImpl.java:start(396)) - e753b894-9081-4960-806d-bc57228f6e3a@group-13E46D6C0782: start as a follower, conf=-1: peers:[e753b894-9081-4960-806d-bc57228f6e3a|127.0.0.1:15468]|listeners:[], old=null
2024-04-26 07:46:03,569 [e753b894-9081-4960-806d-bc57228f6e3a-groupManagement] INFO  server.RaftServer$Division (RaftServerImpl.java:setRole(383)) - e753b894-9081-4960-806d-bc57228f6e3a@group-13E46D6C0782: changes role from      null to FOLLOWER at term 0 for startAsFollower
2024-04-26 07:46:03,569 [e753b894-9081-4960-806d-bc57228f6e3a-groupManagement] INFO  impl.RoleInfo (RoleInfo.java:updateAndGet(139)) - e753b894-9081-4960-806d-bc57228f6e3a: start e753b894-9081-4960-806d-bc57228f6e3a@group-13E46D6C0782-FollowerState
2024-04-26 07:46:03,569 [e753b894-9081-4960-806d-bc57228f6e3a-groupManagement] INFO  util.JmxRegister (JmxRegister.java:tryRegister(44)) - Successfully registered JMX Bean with object name Ratis:service=RaftServer,group=group-13E46D6C0782,id=e753b894-9081-4960-806d-bc57228f6e3a
2024-04-26 07:46:03,569 [e753b894-9081-4960-806d-bc57228f6e3a-groupManagement] INFO  server.RaftServerConfigKeys (ConfUtils.java:logGet(46)) - raft.server.snapshot.trigger-when-stop.enabled = true (default)
2024-04-26 07:46:03,569 [e753b894-9081-4960-806d-bc57228f6e3a-groupManagement] INFO  server.RaftServerConfigKeys (ConfUtils.java:logGet(46)) - raft.server.snapshot.auto.trigger.enabled = true (custom)
2024-04-26 07:46:03,569 [e753b894-9081-4960-806d-bc57228f6e3a-groupManagement] INFO  server.RaftServerConfigKeys (ConfUtils.java:logGet(46)) - raft.server.snapshot.auto.trigger.threshold = 10000 (custom)
2024-04-26 07:46:03,569 [e753b894-9081-4960-806d-bc57228f6e3a-groupManagement] INFO  server.RaftServerConfigKeys (ConfUtils.java:logGet(46)) - raft.server.snapshot.retention.file.num = 5 (custom)
2024-04-26 07:46:03,570 [e753b894-9081-4960-806d-bc57228f6e3a-groupManagement] INFO  server.RaftServerConfigKeys (ConfUtils.java:logGet(46)) - raft.server.log.purge.upto.snapshot.index = false (default)
2024-04-26 07:46:03,569 [e753b894-9081-4960-806d-bc57228f6e3a@group-13E46D6C0782-FollowerState] INFO  server.RaftServerConfigKeys (ConfUtils.java:logFallback(53)) - raft.server.rpc.first-election.timeout.min = 5s (fallback to raft.server.rpc.timeout.min)
2024-04-26 07:46:03,570 [e753b894-9081-4960-806d-bc57228f6e3a@group-13E46D6C0782-FollowerState] INFO  server.RaftServerConfigKeys (ConfUtils.java:logFallback(53)) - raft.server.rpc.first-election.timeout.max = 5200ms (fallback to raft.server.rpc.timeout.max)
2024-04-26 07:46:03,570 [e753b894-9081-4960-806d-bc57228f6e3a-PipelineCommandHandlerThread-0] INFO  ratis.XceiverServerRatis (XceiverServerRatis.java:addGroup(864)) - Created group PipelineID=84c2d2da-0c2b-4ae6-affa-13e46d6c0782
2024-04-26 07:46:03,570 [e753b894-9081-4960-806d-bc57228f6e3a-PipelineCommandHandlerThread-0] INFO  commandhandler.CreatePipelineCommandHandler (CreatePipelineCommandHandler.java:lambda$handle$2(124)) - Created Pipeline RATIS ONE PipelineID=84c2d2da-0c2b-4ae6-affa-13e46d6c0782.
2024-04-26 07:46:03,570 [e753b894-9081-4960-806d-bc57228f6e3a-groupManagement] INFO  server.RaftServerConfigKeys (ConfUtils.java:logGet(46)) - raft.server.storage.free-space.min = 0MB (=0) (default)
2024-04-26 07:46:03,570 [e753b894-9081-4960-806d-bc57228f6e3a-groupManagement] INFO  server.RaftServerConfigKeys (ConfUtils.java:logGet(46)) - raft.server.log.corruption.policy = EXCEPTION (default)
2024-04-26 07:46:03,570 [e753b894-9081-4960-806d-bc57228f6e3a-groupManagement] INFO  server.RaftServerConfigKeys (ConfUtils.java:logGet(46)) - raft.server.storage.dir = [/home/runner/work/ozone/ozone/hadoop-ozone/integration-test/target/test-dir/MiniOzoneClusterImpl-864451be-9a12-4508-8431-6d052999593c/ozone-meta/datanode-2/ratis] (custom)
2024-04-26 07:46:03,570 [e753b894-9081-4960-806d-bc57228f6e3a-groupManagement] INFO  storage.RaftStorageDirectory (RaftStorageDirectoryImpl.java:analyzeStorage(138)) - The storage directory /home/runner/work/ozone/ozone/hadoop-ozone/integration-test/target/test-dir/MiniOzoneClusterImpl-864451be-9a12-4508-8431-6d052999593c/ozone-meta/datanode-2/ratis/20140069-b339-4f8c-94e8-3c8af2f69899 does not exist. Creating ...
2024-04-26 07:46:03,571 [e753b894-9081-4960-806d-bc57228f6e3a-groupManagement] INFO  storage.RaftStorageDirectory (RaftStorageDirectoryImpl.java:tryLock(228)) - Lock on /home/runner/work/ozone/ozone/hadoop-ozone/integration-test/target/test-dir/MiniOzoneClusterImpl-864451be-9a12-4508-8431-6d052999593c/ozone-meta/datanode-2/ratis/20140069-b339-4f8c-94e8-3c8af2f69899/in_use.lock acquired by nodename 21422@fv-az1107-628
2024-04-26 07:46:03,572 [e753b894-9081-4960-806d-bc57228f6e3a-groupManagement] INFO  storage.RaftStorage (RaftStorageImpl.java:format(99)) - Storage directory /home/runner/work/ozone/ozone/hadoop-ozone/integration-test/target/test-dir/MiniOzoneClusterImpl-864451be-9a12-4508-8431-6d052999593c/ozone-meta/datanode-2/ratis/20140069-b339-4f8c-94e8-3c8af2f69899 has been successfully formatted.
2024-04-26 07:46:03,572 [e753b894-9081-4960-806d-bc57228f6e3a-groupManagement] WARN  util.FileUtils (LogUtils.java:supplyAndLog(63)) - Failed to Files.newInputStream /home/runner/work/ozone/ozone/hadoop-ozone/integration-test/target/test-dir/MiniOzoneClusterImpl-864451be-9a12-4508-8431-6d052999593c/ozone-meta/datanode-2/ratis/20140069-b339-4f8c-94e8-3c8af2f69899/current/raft-meta.conf with options []: java.nio.file.NoSuchFileException: /home/runner/work/ozone/ozone/hadoop-ozone/integration-test/target/test-dir/MiniOzoneClusterImpl-864451be-9a12-4508-8431-6d052999593c/ozone-meta/datanode-2/ratis/20140069-b339-4f8c-94e8-3c8af2f69899/current/raft-meta.conf
2024-04-26 07:46:03,572 [e753b894-9081-4960-806d-bc57228f6e3a-groupManagement] INFO  ratis.ContainerStateMachine (ContainerStateMachine.java:loadSnapshot(287)) - group-3C8AF2F69899: The snapshot info is null. Setting the last applied index to:(t:0, i:~)
2024-04-26 07:46:03,572 [e753b894-9081-4960-806d-bc57228f6e3a-groupManagement] INFO  server.RaftServerConfigKeys (ConfUtils.java:logGet(46)) - raft.server.log.use.memory = false (default)
2024-04-26 07:46:03,572 [e753b894-9081-4960-806d-bc57228f6e3a-groupManagement] INFO  server.RaftServerConfigKeys (ConfUtils.java:logGet(46)) - raft.server.log.purge.gap = 1000000 (custom)
2024-04-26 07:46:03,572 [e753b894-9081-4960-806d-bc57228f6e3a-groupManagement] INFO  server.RaftServerConfigKeys (ConfUtils.java:logGet(46)) - raft.server.log.appender.buffer.byte-limit = 8388608 (custom)
2024-04-26 07:46:03,572 [e753b894-9081-4960-806d-bc57228f6e3a-groupManagement] INFO  server.RaftServerConfigKeys (ConfUtils.java:logGet(46)) - raft.server.log.statemachine.data.read.timeout = 1000ms (default)
2024-04-26 07:46:03,572 [e753b894-9081-4960-806d-bc57228f6e3a-groupManagement] INFO  server.RaftServerConfigKeys (ConfUtils.java:logGet(46)) - raft.server.log.purge.preservation.log.num = 0 (default)
2024-04-26 07:46:03,573 [e753b894-9081-4960-806d-bc57228f6e3a-groupManagement] INFO  server.RaftServerConfigKeys (ConfUtils.java:logGet(46)) - raft.server.log.segment.size.max = 67108864 (custom)
2024-04-26 07:46:03,573 [e753b894-9081-4960-806d-bc57228f6e3a-groupManagement] INFO  server.RaftServerConfigKeys (ConfUtils.java:logGet(46)) - raft.server.log.segment.cache.num.max = 2 (custom)
2024-04-26 07:46:03,573 [e753b894-9081-4960-806d-bc57228f6e3a-groupManagement] INFO  server.RaftServerConfigKeys (ConfUtils.java:logGet(46)) - raft.server.log.segment.cache.size.max = 200MB (=209715200) (default)
2024-04-26 07:46:03,573 [e753b894-9081-4960-806d-bc57228f6e3a-groupManagement] INFO  server.RaftServerConfigKeys (ConfUtils.java:logGet(46)) - raft.server.log.appender.buffer.byte-limit = 8388608 (custom)
2024-04-26 07:46:03,574 [e753b894-9081-4960-806d-bc57228f6e3a-groupManagement] INFO  util.AwaitToRun (AwaitToRun.java:start(81)) - Thread[e753b894-9081-4960-806d-bc57228f6e3a@group-3C8AF2F69899-cacheEviction-AwaitToRun,5,main] started
2024-04-26 07:46:03,574 [e753b894-9081-4960-806d-bc57228f6e3a-groupManagement] INFO  segmented.SegmentedRaftLogWorker (SegmentedRaftLogWorker.java:<init>(182)) - new e753b894-9081-4960-806d-bc57228f6e3a@group-3C8AF2F69899-SegmentedRaftLogWorker for RaftStorageImpl:Storage Directory /home/runner/work/ozone/ozone/hadoop-ozone/integration-test/target/test-dir/MiniOzoneClusterImpl-864451be-9a12-4508-8431-6d052999593c/ozone-meta/datanode-2/ratis/20140069-b339-4f8c-94e8-3c8af2f69899
2024-04-26 07:46:03,574 [e753b894-9081-4960-806d-bc57228f6e3a-groupManagement] INFO  server.RaftServerConfigKeys (ConfUtils.java:logGet(46)) - raft.server.log.queue.byte-limit = 4294967296 (custom)
2024-04-26 07:46:03,574 [e753b894-9081-4960-806d-bc57228f6e3a-groupManagement] INFO  server.RaftServerConfigKeys (ConfUtils.java:logGet(46)) - raft.server.log.queue.element-limit = 1024 (custom)
2024-04-26 07:46:03,574 [e753b894-9081-4960-806d-bc57228f6e3a-groupManagement] INFO  server.RaftServerConfigKeys (ConfUtils.java:logGet(46)) - raft.server.log.segment.size.max = 67108864 (custom)
2024-04-26 07:46:03,574 [e753b894-9081-4960-806d-bc57228f6e3a-groupManagement] INFO  server.RaftServerConfigKeys (ConfUtils.java:logGet(46)) - raft.server.log.preallocated.size = 4194304 (custom)
2024-04-26 07:46:03,574 [e753b894-9081-4960-806d-bc57228f6e3a-groupManagement] INFO  server.RaftServerConfigKeys (ConfUtils.java:logGet(46)) - raft.server.log.force.sync.num = 128 (default)
2024-04-26 07:46:03,574 [e753b894-9081-4960-806d-bc57228f6e3a-groupManagement] INFO  server.RaftServerConfigKeys (ConfUtils.java:logGet(46)) - raft.server.log.statemachine.data.sync = true (default)
2024-04-26 07:46:03,574 [e753b894-9081-4960-806d-bc57228f6e3a-groupManagement] INFO  server.RaftServerConfigKeys (ConfUtils.java:logGet(46)) - raft.server.log.statemachine.data.sync.timeout = 10s (default)
2024-04-26 07:46:03,574 [e753b894-9081-4960-806d-bc57228f6e3a-groupManagement] INFO  server.RaftServerConfigKeys (ConfUtils.java:logGet(46)) - raft.server.log.statemachine.data.sync.timeout.retry = 30 (custom)
2024-04-26 07:46:03,574 [e753b894-9081-4960-806d-bc57228f6e3a-groupManagement] INFO  server.RaftServerConfigKeys (ConfUtils.java:logGet(46)) - raft.server.log.write.buffer.size = 8388616 (custom)
2024-04-26 07:46:03,575 [e753b894-9081-4960-806d-bc57228f6e3a-groupManagement] INFO  server.RaftServerConfigKeys (ConfUtils.java:logGet(46)) - raft.server.log.appender.buffer.byte-limit = 8388608 (custom)
2024-04-26 07:46:03,575 [e753b894-9081-4960-806d-bc57228f6e3a-groupManagement] INFO  server.RaftServerConfigKeys (ConfUtils.java:logGet(46)) - raft.server.log.unsafe-flush.enabled = false (default)
2024-04-26 07:46:03,575 [e753b894-9081-4960-806d-bc57228f6e3a-groupManagement] INFO  server.RaftServerConfigKeys (ConfUtils.java:logGet(46)) - raft.server.log.async-flush.enabled = false (default)
2024-04-26 07:46:03,576 [e753b894-9081-4960-806d-bc57228f6e3a-groupManagement] INFO  server.RaftServerConfigKeys (ConfUtils.java:logGet(46)) - raft.server.log.statemachine.data.caching.enabled = true (custom)
2024-04-26 07:46:03,576 [e753b894-9081-4960-806d-bc57228f6e3a-groupManagement] INFO  segmented.SegmentedRaftLogWorker (SegmentedRaftLogWorker.java:lambda$new$0(134)) - e753b894-9081-4960-806d-bc57228f6e3a@group-3C8AF2F69899-SegmentedRaftLogWorker: flushIndex: setUnconditionally 0 -> -1
2024-04-26 07:46:03,576 [e753b894-9081-4960-806d-bc57228f6e3a-groupManagement] INFO  segmented.SegmentedRaftLogWorker (SegmentedRaftLogWorker.java:lambda$new$0(134)) - e753b894-9081-4960-806d-bc57228f6e3a@group-3C8AF2F69899-SegmentedRaftLogWorker: safeCacheEvictIndex: setUnconditionally 0 -> -1
2024-04-26 07:46:03,576 [e753b894-9081-4960-806d-bc57228f6e3a-groupManagement] INFO  server.RaftServer$Division (RaftServerImpl.java:start(396)) - e753b894-9081-4960-806d-bc57228f6e3a@group-3C8AF2F69899: start as a follower, conf=-1: peers:[e753b894-9081-4960-806d-bc57228f6e3a|127.0.0.1:15468, ddce2076-1575-41c9-8de9-fd704b659682|127.0.0.1:15477, 576b0e19-35c7-479f-a3f8-cac44c071a4a|127.0.0.1:15459]|listeners:[], old=null
2024-04-26 07:46:03,576 [e753b894-9081-4960-806d-bc57228f6e3a-groupManagement] INFO  server.RaftServer$Division (RaftServerImpl.java:setRole(383)) - e753b894-9081-4960-806d-bc57228f6e3a@group-3C8AF2F69899: changes role from      null to FOLLOWER at term 0 for startAsFollower
2024-04-26 07:46:03,576 [e753b894-9081-4960-806d-bc57228f6e3a-groupManagement] INFO  impl.RoleInfo (RoleInfo.java:updateAndGet(139)) - e753b894-9081-4960-806d-bc57228f6e3a: start e753b894-9081-4960-806d-bc57228f6e3a@group-3C8AF2F69899-FollowerState
2024-04-26 07:46:03,576 [e753b894-9081-4960-806d-bc57228f6e3a-groupManagement] INFO  util.JmxRegister (JmxRegister.java:tryRegister(44)) - Successfully registered JMX Bean with object name Ratis:service=RaftServer,group=group-3C8AF2F69899,id=e753b894-9081-4960-806d-bc57228f6e3a
2024-04-26 07:46:03,576 [e753b894-9081-4960-806d-bc57228f6e3a-groupManagement] INFO  server.RaftServerConfigKeys (ConfUtils.java:logGet(46)) - raft.server.snapshot.trigger-when-stop.enabled = true (default)
2024-04-26 07:46:03,576 [e753b894-9081-4960-806d-bc57228f6e3a-groupManagement] INFO  server.RaftServerConfigKeys (ConfUtils.java:logGet(46)) - raft.server.snapshot.auto.trigger.enabled = true (custom)
2024-04-26 07:46:03,576 [e753b894-9081-4960-806d-bc57228f6e3a-groupManagement] INFO  server.RaftServerConfigKeys (ConfUtils.java:logGet(46)) - raft.server.snapshot.auto.trigger.threshold = 10000 (custom)
2024-04-26 07:46:03,576 [e753b894-9081-4960-806d-bc57228f6e3a-groupManagement] INFO  server.RaftServerConfigKeys (ConfUtils.java:logGet(46)) - raft.server.snapshot.retention.file.num = 5 (custom)
2024-04-26 07:46:03,576 [e753b894-9081-4960-806d-bc57228f6e3a-groupManagement] INFO  server.RaftServerConfigKeys (ConfUtils.java:logGet(46)) - raft.server.log.purge.upto.snapshot.index = false (default)
2024-04-26 07:46:03,576 [e753b894-9081-4960-806d-bc57228f6e3a@group-3C8AF2F69899-FollowerState] INFO  server.RaftServerConfigKeys (ConfUtils.java:logFallback(53)) - raft.server.rpc.first-election.timeout.min = 5s (fallback to raft.server.rpc.timeout.min)
2024-04-26 07:46:03,577 [e753b894-9081-4960-806d-bc57228f6e3a@group-3C8AF2F69899-FollowerState] INFO  server.RaftServerConfigKeys (ConfUtils.java:logFallback(53)) - raft.server.rpc.first-election.timeout.max = 5200ms (fallback to raft.server.rpc.timeout.max)
2024-04-26 07:46:03,577 [EventQueue-OpenPipelineForHealthyPipelineSafeModeRule] INFO  safemode.SCMSafeModeManager (HealthyPipelineSafeModeRule.java:process(140)) - SCM in safe mode. Healthy pipelines reported count is 0, required healthy pipeline reported count is 1
2024-04-26 07:46:03,585 [576b0e19-35c7-479f-a3f8-cac44c071a4a-PipelineCommandHandlerThread-0] INFO  commandhandler.CreatePipelineCommandHandler (CreatePipelineCommandHandler.java:lambda$handle$2(124)) - Created Pipeline RATIS THREE PipelineID=20140069-b339-4f8c-94e8-3c8af2f69899.
2024-04-26 07:46:03,606 [ddce2076-1575-41c9-8de9-fd704b659682-PipelineCommandHandlerThread-0] INFO  server.RaftServer (RaftServerProxy.java:addNew(100)) - ddce2076-1575-41c9-8de9-fd704b659682: addNew group-715834087A58:[ddce2076-1575-41c9-8de9-fd704b659682|127.0.0.1:15477] returns group-715834087A58:java.util.concurrent.CompletableFuture@7e40c91c[Not completed]
2024-04-26 07:46:03,606 [ddce2076-1575-41c9-8de9-fd704b659682-groupManagement] INFO  server.RaftServer$Division (RaftServerImpl.java:<init>(256)) - ddce2076-1575-41c9-8de9-fd704b659682: new RaftServerImpl for group-715834087A58:[ddce2076-1575-41c9-8de9-fd704b659682|127.0.0.1:15477] with ContainerStateMachine:uninitialized
2024-04-26 07:46:03,606 [ddce2076-1575-41c9-8de9-fd704b659682-groupManagement] INFO  server.RaftServerConfigKeys (ConfUtils.java:logGet(46)) - raft.server.rpc.timeout.min = 5s (custom)
2024-04-26 07:46:03,606 [ddce2076-1575-41c9-8de9-fd704b659682-groupManagement] INFO  server.RaftServerConfigKeys (ConfUtils.java:logGet(46)) - raft.server.rpc.timeout.max = 5200ms (custom)
2024-04-26 07:46:03,606 [ddce2076-1575-41c9-8de9-fd704b659682-groupManagement] INFO  server.RaftServerConfigKeys (ConfUtils.java:logGet(46)) - raft.server.rpc.sleep.time = 25ms (default)
2024-04-26 07:46:03,606 [ddce2076-1575-41c9-8de9-fd704b659682-groupManagement] INFO  server.RaftServerConfigKeys (ConfUtils.java:logGet(46)) - raft.server.rpc.slowness.timeout = 300000ms (custom)
2024-04-26 07:46:03,607 [ddce2076-1575-41c9-8de9-fd704b659682-groupManagement] INFO  server.RaftServerConfigKeys (ConfUtils.java:logGet(46)) - raft.server.leaderelection.leader.step-down.wait-time = 10s (default)
2024-04-26 07:46:03,607 [ddce2076-1575-41c9-8de9-fd704b659682-groupManagement] INFO  server.RaftServerConfigKeys (ConfUtils.java:logGet(46)) - raft.server.leaderelection.member.majority-add = false (default)
2024-04-26 07:46:03,607 [ddce2076-1575-41c9-8de9-fd704b659682-groupManagement] INFO  server.RaftServerConfigKeys (ConfUtils.java:logGet(46)) - raft.server.sleep.deviation.threshold = 300ms (default)
2024-04-26 07:46:03,607 [ddce2076-1575-41c9-8de9-fd704b659682-groupManagement] INFO  server.RaftServer$Division (ServerState.java:<init>(113)) - ddce2076-1575-41c9-8de9-fd704b659682@group-715834087A58: ConfigurationManager, init=-1: peers:[ddce2076-1575-41c9-8de9-fd704b659682|127.0.0.1:15477]|listeners:[], old=null, confs=<EMPTY_MAP>
2024-04-26 07:46:03,607 [ddce2076-1575-41c9-8de9-fd704b659682-groupManagement] INFO  server.RaftServerConfigKeys (ConfUtils.java:logGet(46)) - raft.server.notification.no-leader.timeout = 300000ms (custom)
2024-04-26 07:46:03,607 [ddce2076-1575-41c9-8de9-fd704b659682-groupManagement] INFO  server.RaftServerConfigKeys (ConfUtils.java:logGet(46)) - raft.server.read.timeout = 10s (default)
2024-04-26 07:46:03,607 [ddce2076-1575-41c9-8de9-fd704b659682-groupManagement] INFO  server.RaftServerConfigKeys (ConfUtils.java:logGet(46)) - raft.server.retrycache.expirytime = 600000ms (custom)
2024-04-26 07:46:03,607 [ddce2076-1575-41c9-8de9-fd704b659682-groupManagement] INFO  server.RaftServerConfigKeys (ConfUtils.java:logGet(46)) - raft.server.retrycache.statistics.expirytime = 100ms (default)
2024-04-26 07:46:03,607 [ddce2076-1575-41c9-8de9-fd704b659682-groupManagement] INFO  server.RaftServerConfigKeys (ConfUtils.java:logGet(46)) - raft.server.read.option = DEFAULT (default)
2024-04-26 07:46:03,607 [ddce2076-1575-41c9-8de9-fd704b659682-groupManagement] INFO  server.RaftServerConfigKeys (ConfUtils.java:logGet(46)) - raft.server.read.read-after-write-consistent.write-index-cache.expiry-time = 60s (default)
2024-04-26 07:46:03,609 [ddce2076-1575-41c9-8de9-fd704b659682-groupManagement] INFO  server.RaftServerConfigKeys (ConfUtils.java:logGet(46)) - raft.server.rpc.request.timeout = 3000ms (default)
2024-04-26 07:46:03,609 [ddce2076-1575-41c9-8de9-fd704b659682-groupManagement] INFO  server.RaftServerConfigKeys (ConfUtils.java:logGet(46)) - raft.server.log.appender.install.snapshot.enabled = false (custom)
2024-04-26 07:46:03,609 [ddce2076-1575-41c9-8de9-fd704b659682-groupManagement] INFO  server.RaftServerConfigKeys (ConfUtils.java:logGet(46)) - raft.server.threadpool.server.cached = true (default)
2024-04-26 07:46:03,609 [ddce2076-1575-41c9-8de9-fd704b659682-groupManagement] INFO  server.RaftServerConfigKeys (ConfUtils.java:logGet(46)) - raft.server.threadpool.server.size = 0 (default)
2024-04-26 07:46:03,609 [ddce2076-1575-41c9-8de9-fd704b659682-groupManagement] INFO  server.RaftServerConfigKeys (ConfUtils.java:logGet(46)) - raft.server.threadpool.client.cached = true (default)
2024-04-26 07:46:03,609 [ddce2076-1575-41c9-8de9-fd704b659682-groupManagement] INFO  server.RaftServerConfigKeys (ConfUtils.java:logGet(46)) - raft.server.threadpool.client.size = 0 (default)
2024-04-26 07:46:03,609 [ddce2076-1575-41c9-8de9-fd704b659682-groupManagement] INFO  server.RaftServerConfigKeys (ConfUtils.java:logGet(46)) - raft.server.storage.free-space.min = 0MB (=0) (default)
2024-04-26 07:46:03,609 [ddce2076-1575-41c9-8de9-fd704b659682-groupManagement] INFO  server.RaftServerConfigKeys (ConfUtils.java:logGet(46)) - raft.server.log.corruption.policy = EXCEPTION (default)
2024-04-26 07:46:03,609 [ddce2076-1575-41c9-8de9-fd704b659682-groupManagement] INFO  server.RaftServerConfigKeys (ConfUtils.java:logGet(46)) - raft.server.storage.dir = [/home/runner/work/ozone/ozone/hadoop-ozone/integration-test/target/test-dir/MiniOzoneClusterImpl-864451be-9a12-4508-8431-6d052999593c/ozone-meta/datanode-3/ratis] (custom)
2024-04-26 07:46:03,609 [ddce2076-1575-41c9-8de9-fd704b659682-groupManagement] INFO  storage.RaftStorageDirectory (RaftStorageDirectoryImpl.java:analyzeStorage(138)) - The storage directory /home/runner/work/ozone/ozone/hadoop-ozone/integration-test/target/test-dir/MiniOzoneClusterImpl-864451be-9a12-4508-8431-6d052999593c/ozone-meta/datanode-3/ratis/f8f2d1dd-40e2-4126-bd42-715834087a58 does not exist. Creating ...
2024-04-26 07:46:03,610 [ddce2076-1575-41c9-8de9-fd704b659682-groupManagement] INFO  storage.RaftStorageDirectory (RaftStorageDirectoryImpl.java:tryLock(228)) - Lock on /home/runner/work/ozone/ozone/hadoop-ozone/integration-test/target/test-dir/MiniOzoneClusterImpl-864451be-9a12-4508-8431-6d052999593c/ozone-meta/datanode-3/ratis/f8f2d1dd-40e2-4126-bd42-715834087a58/in_use.lock acquired by nodename 21422@fv-az1107-628
2024-04-26 07:46:03,611 [ddce2076-1575-41c9-8de9-fd704b659682-groupManagement] INFO  storage.RaftStorage (RaftStorageImpl.java:format(99)) - Storage directory /home/runner/work/ozone/ozone/hadoop-ozone/integration-test/target/test-dir/MiniOzoneClusterImpl-864451be-9a12-4508-8431-6d052999593c/ozone-meta/datanode-3/ratis/f8f2d1dd-40e2-4126-bd42-715834087a58 has been successfully formatted.
2024-04-26 07:46:03,611 [ddce2076-1575-41c9-8de9-fd704b659682-groupManagement] WARN  util.FileUtils (LogUtils.java:supplyAndLog(63)) - Failed to Files.newInputStream /home/runner/work/ozone/ozone/hadoop-ozone/integration-test/target/test-dir/MiniOzoneClusterImpl-864451be-9a12-4508-8431-6d052999593c/ozone-meta/datanode-3/ratis/f8f2d1dd-40e2-4126-bd42-715834087a58/current/raft-meta.conf with options []: java.nio.file.NoSuchFileException: /home/runner/work/ozone/ozone/hadoop-ozone/integration-test/target/test-dir/MiniOzoneClusterImpl-864451be-9a12-4508-8431-6d052999593c/ozone-meta/datanode-3/ratis/f8f2d1dd-40e2-4126-bd42-715834087a58/current/raft-meta.conf
2024-04-26 07:46:03,612 [ddce2076-1575-41c9-8de9-fd704b659682-groupManagement] INFO  ratis.ContainerStateMachine (ContainerStateMachine.java:loadSnapshot(287)) - group-715834087A58: The snapshot info is null. Setting the last applied index to:(t:0, i:~)
2024-04-26 07:46:03,612 [ddce2076-1575-41c9-8de9-fd704b659682-groupManagement] INFO  server.RaftServerConfigKeys (ConfUtils.java:logGet(46)) - raft.server.log.use.memory = false (default)
2024-04-26 07:46:03,612 [ddce2076-1575-41c9-8de9-fd704b659682-groupManagement] INFO  server.RaftServerConfigKeys (ConfUtils.java:logGet(46)) - raft.server.log.purge.gap = 1000000 (custom)
2024-04-26 07:46:03,612 [ddce2076-1575-41c9-8de9-fd704b659682-groupManagement] INFO  server.RaftServerConfigKeys (ConfUtils.java:logGet(46)) - raft.server.log.appender.buffer.byte-limit = 8388608 (custom)
2024-04-26 07:46:03,612 [ddce2076-1575-41c9-8de9-fd704b659682-groupManagement] INFO  server.RaftServerConfigKeys (ConfUtils.java:logGet(46)) - raft.server.log.statemachine.data.read.timeout = 1000ms (default)
2024-04-26 07:46:03,612 [ddce2076-1575-41c9-8de9-fd704b659682-groupManagement] INFO  server.RaftServerConfigKeys (ConfUtils.java:logGet(46)) - raft.server.log.purge.preservation.log.num = 0 (default)
2024-04-26 07:46:03,613 [EventQueue-PipelineReportForPipelineReportHandler] INFO  pipeline.PipelineReportHandler (PipelineReportHandler.java:processPipelineReport(136)) - Opened pipeline PipelineID=f8f2d1dd-40e2-4126-bd42-715834087a58
2024-04-26 07:46:03,613 [EventQueue-OpenPipelineForHealthyPipelineSafeModeRule] INFO  safemode.SCMSafeModeManager (HealthyPipelineSafeModeRule.java:process(140)) - SCM in safe mode. Healthy pipelines reported count is 0, required healthy pipeline reported count is 1
2024-04-26 07:46:03,614 [ddce2076-1575-41c9-8de9-fd704b659682-groupManagement] INFO  server.RaftServerConfigKeys (ConfUtils.java:logGet(46)) - raft.server.log.segment.size.max = 67108864 (custom)
2024-04-26 07:46:03,614 [ddce2076-1575-41c9-8de9-fd704b659682-groupManagement] INFO  server.RaftServerConfigKeys (ConfUtils.java:logGet(46)) - raft.server.log.segment.cache.num.max = 2 (custom)
2024-04-26 07:46:03,614 [ddce2076-1575-41c9-8de9-fd704b659682-groupManagement] INFO  server.RaftServerConfigKeys (ConfUtils.java:logGet(46)) - raft.server.log.segment.cache.size.max = 200MB (=209715200) (default)
2024-04-26 07:46:03,614 [ddce2076-1575-41c9-8de9-fd704b659682-groupManagement] INFO  server.RaftServerConfigKeys (ConfUtils.java:logGet(46)) - raft.server.log.appender.buffer.byte-limit = 8388608 (custom)
2024-04-26 07:46:03,614 [ddce2076-1575-41c9-8de9-fd704b659682-groupManagement] INFO  util.AwaitToRun (AwaitToRun.java:start(81)) - Thread[ddce2076-1575-41c9-8de9-fd704b659682@group-715834087A58-cacheEviction-AwaitToRun,5,main] started
2024-04-26 07:46:03,614 [ddce2076-1575-41c9-8de9-fd704b659682-groupManagement] INFO  segmented.SegmentedRaftLogWorker (SegmentedRaftLogWorker.java:<init>(182)) - new ddce2076-1575-41c9-8de9-fd704b659682@group-715834087A58-SegmentedRaftLogWorker for RaftStorageImpl:Storage Directory /home/runner/work/ozone/ozone/hadoop-ozone/integration-test/target/test-dir/MiniOzoneClusterImpl-864451be-9a12-4508-8431-6d052999593c/ozone-meta/datanode-3/ratis/f8f2d1dd-40e2-4126-bd42-715834087a58
2024-04-26 07:46:03,614 [ddce2076-1575-41c9-8de9-fd704b659682-groupManagement] INFO  server.RaftServerConfigKeys (ConfUtils.java:logGet(46)) - raft.server.log.queue.byte-limit = 4294967296 (custom)
2024-04-26 07:46:03,614 [ddce2076-1575-41c9-8de9-fd704b659682-groupManagement] INFO  server.RaftServerConfigKeys (ConfUtils.java:logGet(46)) - raft.server.log.queue.element-limit = 1024 (custom)
2024-04-26 07:46:03,614 [ddce2076-1575-41c9-8de9-fd704b659682-groupManagement] INFO  server.RaftServerConfigKeys (ConfUtils.java:logGet(46)) - raft.server.log.segment.size.max = 67108864 (custom)
2024-04-26 07:46:03,614 [ddce2076-1575-41c9-8de9-fd704b659682-groupManagement] INFO  server.RaftServerConfigKeys (ConfUtils.java:logGet(46)) - raft.server.log.preallocated.size = 4194304 (custom)
2024-04-26 07:46:03,615 [ddce2076-1575-41c9-8de9-fd704b659682-groupManagement] INFO  server.RaftServerConfigKeys (ConfUtils.java:logGet(46)) - raft.server.log.force.sync.num = 128 (default)
2024-04-26 07:46:03,615 [ddce2076-1575-41c9-8de9-fd704b659682-groupManagement] INFO  server.RaftServerConfigKeys (ConfUtils.java:logGet(46)) - raft.server.log.statemachine.data.sync = true (default)
2024-04-26 07:46:03,615 [ddce2076-1575-41c9-8de9-fd704b659682-groupManagement] INFO  server.RaftServerConfigKeys (ConfUtils.java:logGet(46)) - raft.server.log.statemachine.data.sync.timeout = 10s (default)
2024-04-26 07:46:03,615 [ddce2076-1575-41c9-8de9-fd704b659682-groupManagement] INFO  server.RaftServerConfigKeys (ConfUtils.java:logGet(46)) - raft.server.log.statemachine.data.sync.timeout.retry = 30 (custom)
2024-04-26 07:46:03,615 [ddce2076-1575-41c9-8de9-fd704b659682-groupManagement] INFO  server.RaftServerConfigKeys (ConfUtils.java:logGet(46)) - raft.server.log.write.buffer.size = 8388616 (custom)
2024-04-26 07:46:03,616 [ddce2076-1575-41c9-8de9-fd704b659682-groupManagement] INFO  server.RaftServerConfigKeys (ConfUtils.java:logGet(46)) - raft.server.log.appender.buffer.byte-limit = 8388608 (custom)
2024-04-26 07:46:03,617 [ddce2076-1575-41c9-8de9-fd704b659682-groupManagement] INFO  server.RaftServerConfigKeys (ConfUtils.java:logGet(46)) - raft.server.log.unsafe-flush.enabled = false (default)
2024-04-26 07:46:03,617 [ddce2076-1575-41c9-8de9-fd704b659682-groupManagement] INFO  server.RaftServerConfigKeys (ConfUtils.java:logGet(46)) - raft.server.log.async-flush.enabled = false (default)
2024-04-26 07:46:03,617 [ddce2076-1575-41c9-8de9-fd704b659682-groupManagement] INFO  server.RaftServerConfigKeys (ConfUtils.java:logGet(46)) - raft.server.log.statemachine.data.caching.enabled = true (custom)
2024-04-26 07:46:03,617 [ddce2076-1575-41c9-8de9-fd704b659682-groupManagement] INFO  segmented.SegmentedRaftLogWorker (SegmentedRaftLogWorker.java:lambda$new$0(134)) - ddce2076-1575-41c9-8de9-fd704b659682@group-715834087A58-SegmentedRaftLogWorker: flushIndex: setUnconditionally 0 -> -1
2024-04-26 07:46:03,617 [ddce2076-1575-41c9-8de9-fd704b659682-groupManagement] INFO  segmented.SegmentedRaftLogWorker (SegmentedRaftLogWorker.java:lambda$new$0(134)) - ddce2076-1575-41c9-8de9-fd704b659682@group-715834087A58-SegmentedRaftLogWorker: safeCacheEvictIndex: setUnconditionally 0 -> -1
2024-04-26 07:46:03,617 [ddce2076-1575-41c9-8de9-fd704b659682-groupManagement] INFO  server.RaftServer$Division (RaftServerImpl.java:start(396)) - ddce2076-1575-41c9-8de9-fd704b659682@group-715834087A58: start as a follower, conf=-1: peers:[ddce2076-1575-41c9-8de9-fd704b659682|127.0.0.1:15477]|listeners:[], old=null
2024-04-26 07:46:03,617 [ddce2076-1575-41c9-8de9-fd704b659682-groupManagement] INFO  server.RaftServer$Division (RaftServerImpl.java:setRole(383)) - ddce2076-1575-41c9-8de9-fd704b659682@group-715834087A58: changes role from      null to FOLLOWER at term 0 for startAsFollower
2024-04-26 07:46:03,617 [ddce2076-1575-41c9-8de9-fd704b659682-groupManagement] INFO  impl.RoleInfo (RoleInfo.java:updateAndGet(139)) - ddce2076-1575-41c9-8de9-fd704b659682: start ddce2076-1575-41c9-8de9-fd704b659682@group-715834087A58-FollowerState
2024-04-26 07:46:03,617 [ddce2076-1575-41c9-8de9-fd704b659682@group-715834087A58-FollowerState] INFO  server.RaftServerConfigKeys (ConfUtils.java:logFallback(53)) - raft.server.rpc.first-election.timeout.min = 5s (fallback to raft.server.rpc.timeout.min)
2024-04-26 07:46:03,617 [ddce2076-1575-41c9-8de9-fd704b659682@group-715834087A58-FollowerState] INFO  server.RaftServerConfigKeys (ConfUtils.java:logFallback(53)) - raft.server.rpc.first-election.timeout.max = 5200ms (fallback to raft.server.rpc.timeout.max)
2024-04-26 07:46:03,617 [ddce2076-1575-41c9-8de9-fd704b659682-groupManagement] INFO  util.JmxRegister (JmxRegister.java:tryRegister(44)) - Successfully registered JMX Bean with object name Ratis:service=RaftServer,group=group-715834087A58,id=ddce2076-1575-41c9-8de9-fd704b659682
2024-04-26 07:46:03,617 [ddce2076-1575-41c9-8de9-fd704b659682-groupManagement] INFO  server.RaftServerConfigKeys (ConfUtils.java:logGet(46)) - raft.server.snapshot.trigger-when-stop.enabled = true (default)
2024-04-26 07:46:03,617 [ddce2076-1575-41c9-8de9-fd704b659682-groupManagement] INFO  server.RaftServerConfigKeys (ConfUtils.java:logGet(46)) - raft.server.snapshot.auto.trigger.enabled = true (custom)
2024-04-26 07:46:03,617 [ddce2076-1575-41c9-8de9-fd704b659682-groupManagement] INFO  server.RaftServerConfigKeys (ConfUtils.java:logGet(46)) - raft.server.snapshot.auto.trigger.threshold = 10000 (custom)
2024-04-26 07:46:03,618 [ddce2076-1575-41c9-8de9-fd704b659682-groupManagement] INFO  server.RaftServerConfigKeys (ConfUtils.java:logGet(46)) - raft.server.snapshot.retention.file.num = 5 (custom)
2024-04-26 07:46:03,618 [ddce2076-1575-41c9-8de9-fd704b659682-groupManagement] INFO  server.RaftServerConfigKeys (ConfUtils.java:logGet(46)) - raft.server.log.purge.upto.snapshot.index = false (default)
2024-04-26 07:46:03,618 [ddce2076-1575-41c9-8de9-fd704b659682-PipelineCommandHandlerThread-0] INFO  ratis.XceiverServerRatis (XceiverServerRatis.java:addGroup(864)) - Created group PipelineID=f8f2d1dd-40e2-4126-bd42-715834087a58
2024-04-26 07:46:03,618 [ddce2076-1575-41c9-8de9-fd704b659682-PipelineCommandHandlerThread-0] INFO  commandhandler.CreatePipelineCommandHandler (CreatePipelineCommandHandler.java:lambda$handle$2(124)) - Created Pipeline RATIS ONE PipelineID=f8f2d1dd-40e2-4126-bd42-715834087a58.
2024-04-26 07:46:03,650 [af10ead5-859f-4a8b-b6c8-c04b91d5a3d5-PipelineCommandHandlerThread-0] INFO  server.RaftServer (RaftServerProxy.java:addNew(100)) - af10ead5-859f-4a8b-b6c8-c04b91d5a3d5: addNew group-F5752781D5AB:[af10ead5-859f-4a8b-b6c8-c04b91d5a3d5|127.0.0.1:15486] returns group-F5752781D5AB:java.util.concurrent.CompletableFuture@8d8809a[Not completed]
2024-04-26 07:46:03,650 [af10ead5-859f-4a8b-b6c8-c04b91d5a3d5-groupManagement] INFO  server.RaftServer$Division (RaftServerImpl.java:<init>(256)) - af10ead5-859f-4a8b-b6c8-c04b91d5a3d5: new RaftServerImpl for group-F5752781D5AB:[af10ead5-859f-4a8b-b6c8-c04b91d5a3d5|127.0.0.1:15486] with ContainerStateMachine:uninitialized
2024-04-26 07:46:03,650 [af10ead5-859f-4a8b-b6c8-c04b91d5a3d5-groupManagement] INFO  server.RaftServerConfigKeys (ConfUtils.java:logGet(46)) - raft.server.rpc.timeout.min = 5s (custom)
2024-04-26 07:46:03,650 [af10ead5-859f-4a8b-b6c8-c04b91d5a3d5-groupManagement] INFO  server.RaftServerConfigKeys (ConfUtils.java:logGet(46)) - raft.server.rpc.timeout.max = 5200ms (custom)
2024-04-26 07:46:03,650 [af10ead5-859f-4a8b-b6c8-c04b91d5a3d5-groupManagement] INFO  server.RaftServerConfigKeys (ConfUtils.java:logGet(46)) - raft.server.rpc.sleep.time = 25ms (default)
2024-04-26 07:46:03,650 [af10ead5-859f-4a8b-b6c8-c04b91d5a3d5-groupManagement] INFO  server.RaftServerConfigKeys (ConfUtils.java:logGet(46)) - raft.server.rpc.slowness.timeout = 300000ms (custom)
2024-04-26 07:46:03,650 [af10ead5-859f-4a8b-b6c8-c04b91d5a3d5-groupManagement] INFO  server.RaftServerConfigKeys (ConfUtils.java:logGet(46)) - raft.server.leaderelection.leader.step-down.wait-time = 10s (default)
2024-04-26 07:46:03,651 [af10ead5-859f-4a8b-b6c8-c04b91d5a3d5-groupManagement] INFO  server.RaftServerConfigKeys (ConfUtils.java:logGet(46)) - raft.server.leaderelection.member.majority-add = false (default)
2024-04-26 07:46:03,651 [af10ead5-859f-4a8b-b6c8-c04b91d5a3d5-groupManagement] INFO  server.RaftServerConfigKeys (ConfUtils.java:logGet(46)) - raft.server.sleep.deviation.threshold = 300ms (default)
2024-04-26 07:46:03,651 [af10ead5-859f-4a8b-b6c8-c04b91d5a3d5-groupManagement] INFO  server.RaftServer$Division (ServerState.java:<init>(113)) - af10ead5-859f-4a8b-b6c8-c04b91d5a3d5@group-F5752781D5AB: ConfigurationManager, init=-1: peers:[af10ead5-859f-4a8b-b6c8-c04b91d5a3d5|127.0.0.1:15486]|listeners:[], old=null, confs=<EMPTY_MAP>
2024-04-26 07:46:03,651 [af10ead5-859f-4a8b-b6c8-c04b91d5a3d5-groupManagement] INFO  server.RaftServerConfigKeys (ConfUtils.java:logGet(46)) - raft.server.notification.no-leader.timeout = 300000ms (custom)
2024-04-26 07:46:03,651 [af10ead5-859f-4a8b-b6c8-c04b91d5a3d5-groupManagement] INFO  server.RaftServerConfigKeys (ConfUtils.java:logGet(46)) - raft.server.read.timeout = 10s (default)
2024-04-26 07:46:03,651 [af10ead5-859f-4a8b-b6c8-c04b91d5a3d5-groupManagement] INFO  server.RaftServerConfigKeys (ConfUtils.java:logGet(46)) - raft.server.retrycache.expirytime = 600000ms (custom)
2024-04-26 07:46:03,651 [af10ead5-859f-4a8b-b6c8-c04b91d5a3d5-groupManagement] INFO  server.RaftServerConfigKeys (ConfUtils.java:logGet(46)) - raft.server.retrycache.statistics.expirytime = 100ms (default)
2024-04-26 07:46:03,651 [af10ead5-859f-4a8b-b6c8-c04b91d5a3d5-groupManagement] INFO  server.RaftServerConfigKeys (ConfUtils.java:logGet(46)) - raft.server.read.option = DEFAULT (default)
2024-04-26 07:46:03,651 [af10ead5-859f-4a8b-b6c8-c04b91d5a3d5-groupManagement] INFO  server.RaftServerConfigKeys (ConfUtils.java:logGet(46)) - raft.server.read.read-after-write-consistent.write-index-cache.expiry-time = 60s (default)
2024-04-26 07:46:03,653 [af10ead5-859f-4a8b-b6c8-c04b91d5a3d5-groupManagement] INFO  server.RaftServerConfigKeys (ConfUtils.java:logGet(46)) - raft.server.rpc.request.timeout = 3000ms (default)
2024-04-26 07:46:03,653 [af10ead5-859f-4a8b-b6c8-c04b91d5a3d5-groupManagement] INFO  server.RaftServerConfigKeys (ConfUtils.java:logGet(46)) - raft.server.log.appender.install.snapshot.enabled = false (custom)
2024-04-26 07:46:03,653 [af10ead5-859f-4a8b-b6c8-c04b91d5a3d5-groupManagement] INFO  server.RaftServerConfigKeys (ConfUtils.java:logGet(46)) - raft.server.threadpool.server.cached = true (default)
2024-04-26 07:46:03,653 [af10ead5-859f-4a8b-b6c8-c04b91d5a3d5-groupManagement] INFO  server.RaftServerConfigKeys (ConfUtils.java:logGet(46)) - raft.server.threadpool.server.size = 0 (default)
2024-04-26 07:46:03,653 [af10ead5-859f-4a8b-b6c8-c04b91d5a3d5-groupManagement] INFO  server.RaftServerConfigKeys (ConfUtils.java:logGet(46)) - raft.server.threadpool.client.cached = true (default)
2024-04-26 07:46:03,653 [af10ead5-859f-4a8b-b6c8-c04b91d5a3d5-groupManagement] INFO  server.RaftServerConfigKeys (ConfUtils.java:logGet(46)) - raft.server.threadpool.client.size = 0 (default)
2024-04-26 07:46:03,653 [af10ead5-859f-4a8b-b6c8-c04b91d5a3d5-groupManagement] INFO  server.RaftServerConfigKeys (ConfUtils.java:logGet(46)) - raft.server.storage.free-space.min = 0MB (=0) (default)
2024-04-26 07:46:03,653 [af10ead5-859f-4a8b-b6c8-c04b91d5a3d5-groupManagement] INFO  server.RaftServerConfigKeys (ConfUtils.java:logGet(46)) - raft.server.log.corruption.policy = EXCEPTION (default)
2024-04-26 07:46:03,653 [af10ead5-859f-4a8b-b6c8-c04b91d5a3d5-groupManagement] INFO  server.RaftServerConfigKeys (ConfUtils.java:logGet(46)) - raft.server.storage.dir = [/home/runner/work/ozone/ozone/hadoop-ozone/integration-test/target/test-dir/MiniOzoneClusterImpl-864451be-9a12-4508-8431-6d052999593c/ozone-meta/datanode-4/ratis] (custom)
2024-04-26 07:46:03,654 [af10ead5-859f-4a8b-b6c8-c04b91d5a3d5-groupManagement] INFO  storage.RaftStorageDirectory (RaftStorageDirectoryImpl.java:analyzeStorage(138)) - The storage directory /home/runner/work/ozone/ozone/hadoop-ozone/integration-test/target/test-dir/MiniOzoneClusterImpl-864451be-9a12-4508-8431-6d052999593c/ozone-meta/datanode-4/ratis/c41ef844-3cd0-41f5-89d1-f5752781d5ab does not exist. Creating ...
2024-04-26 07:46:03,654 [af10ead5-859f-4a8b-b6c8-c04b91d5a3d5-groupManagement] INFO  storage.RaftStorageDirectory (RaftStorageDirectoryImpl.java:tryLock(228)) - Lock on /home/runner/work/ozone/ozone/hadoop-ozone/integration-test/target/test-dir/MiniOzoneClusterImpl-864451be-9a12-4508-8431-6d052999593c/ozone-meta/datanode-4/ratis/c41ef844-3cd0-41f5-89d1-f5752781d5ab/in_use.lock acquired by nodename 21422@fv-az1107-628
2024-04-26 07:46:03,655 [af10ead5-859f-4a8b-b6c8-c04b91d5a3d5-groupManagement] INFO  storage.RaftStorage (RaftStorageImpl.java:format(99)) - Storage directory /home/runner/work/ozone/ozone/hadoop-ozone/integration-test/target/test-dir/MiniOzoneClusterImpl-864451be-9a12-4508-8431-6d052999593c/ozone-meta/datanode-4/ratis/c41ef844-3cd0-41f5-89d1-f5752781d5ab has been successfully formatted.
2024-04-26 07:46:03,655 [af10ead5-859f-4a8b-b6c8-c04b91d5a3d5-groupManagement] WARN  util.FileUtils (LogUtils.java:supplyAndLog(63)) - Failed to Files.newInputStream /home/runner/work/ozone/ozone/hadoop-ozone/integration-test/target/test-dir/MiniOzoneClusterImpl-864451be-9a12-4508-8431-6d052999593c/ozone-meta/datanode-4/ratis/c41ef844-3cd0-41f5-89d1-f5752781d5ab/current/raft-meta.conf with options []: java.nio.file.NoSuchFileException: /home/runner/work/ozone/ozone/hadoop-ozone/integration-test/target/test-dir/MiniOzoneClusterImpl-864451be-9a12-4508-8431-6d052999593c/ozone-meta/datanode-4/ratis/c41ef844-3cd0-41f5-89d1-f5752781d5ab/current/raft-meta.conf
2024-04-26 07:46:03,655 [af10ead5-859f-4a8b-b6c8-c04b91d5a3d5-groupManagement] INFO  ratis.ContainerStateMachine (ContainerStateMachine.java:loadSnapshot(287)) - group-F5752781D5AB: The snapshot info is null. Setting the last applied index to:(t:0, i:~)
2024-04-26 07:46:03,656 [af10ead5-859f-4a8b-b6c8-c04b91d5a3d5-groupManagement] INFO  server.RaftServerConfigKeys (ConfUtils.java:logGet(46)) - raft.server.log.use.memory = false (default)
2024-04-26 07:46:03,656 [af10ead5-859f-4a8b-b6c8-c04b91d5a3d5-groupManagement] INFO  server.RaftServerConfigKeys (ConfUtils.java:logGet(46)) - raft.server.log.purge.gap = 1000000 (custom)
2024-04-26 07:46:03,656 [af10ead5-859f-4a8b-b6c8-c04b91d5a3d5-groupManagement] INFO  server.RaftServerConfigKeys (ConfUtils.java:logGet(46)) - raft.server.log.appender.buffer.byte-limit = 8388608 (custom)
2024-04-26 07:46:03,656 [EventQueue-PipelineReportForPipelineReportHandler] INFO  pipeline.PipelineReportHandler (PipelineReportHandler.java:processPipelineReport(136)) - Opened pipeline PipelineID=c41ef844-3cd0-41f5-89d1-f5752781d5ab
2024-04-26 07:46:03,656 [af10ead5-859f-4a8b-b6c8-c04b91d5a3d5-groupManagement] INFO  server.RaftServerConfigKeys (ConfUtils.java:logGet(46)) - raft.server.log.statemachine.data.read.timeout = 1000ms (default)
2024-04-26 07:46:03,657 [af10ead5-859f-4a8b-b6c8-c04b91d5a3d5-groupManagement] INFO  server.RaftServerConfigKeys (ConfUtils.java:logGet(46)) - raft.server.log.purge.preservation.log.num = 0 (default)
2024-04-26 07:46:03,656 [EventQueue-OpenPipelineForHealthyPipelineSafeModeRule] INFO  safemode.SCMSafeModeManager (HealthyPipelineSafeModeRule.java:process(140)) - SCM in safe mode. Healthy pipelines reported count is 0, required healthy pipeline reported count is 1
2024-04-26 07:46:03,657 [af10ead5-859f-4a8b-b6c8-c04b91d5a3d5-groupManagement] INFO  server.RaftServerConfigKeys (ConfUtils.java:logGet(46)) - raft.server.log.segment.size.max = 67108864 (custom)
2024-04-26 07:46:03,658 [af10ead5-859f-4a8b-b6c8-c04b91d5a3d5-groupManagement] INFO  server.RaftServerConfigKeys (ConfUtils.java:logGet(46)) - raft.server.log.segment.cache.num.max = 2 (custom)
2024-04-26 07:46:03,658 [af10ead5-859f-4a8b-b6c8-c04b91d5a3d5-groupManagement] INFO  server.RaftServerConfigKeys (ConfUtils.java:logGet(46)) - raft.server.log.segment.cache.size.max = 200MB (=209715200) (default)
2024-04-26 07:46:03,658 [af10ead5-859f-4a8b-b6c8-c04b91d5a3d5-groupManagement] INFO  server.RaftServerConfigKeys (ConfUtils.java:logGet(46)) - raft.server.log.appender.buffer.byte-limit = 8388608 (custom)
2024-04-26 07:46:03,658 [af10ead5-859f-4a8b-b6c8-c04b91d5a3d5-groupManagement] INFO  util.AwaitToRun (AwaitToRun.java:start(81)) - Thread[af10ead5-859f-4a8b-b6c8-c04b91d5a3d5@group-F5752781D5AB-cacheEviction-AwaitToRun,5,main] started
2024-04-26 07:46:03,658 [af10ead5-859f-4a8b-b6c8-c04b91d5a3d5-groupManagement] INFO  segmented.SegmentedRaftLogWorker (SegmentedRaftLogWorker.java:<init>(182)) - new af10ead5-859f-4a8b-b6c8-c04b91d5a3d5@group-F5752781D5AB-SegmentedRaftLogWorker for RaftStorageImpl:Storage Directory /home/runner/work/ozone/ozone/hadoop-ozone/integration-test/target/test-dir/MiniOzoneClusterImpl-864451be-9a12-4508-8431-6d052999593c/ozone-meta/datanode-4/ratis/c41ef844-3cd0-41f5-89d1-f5752781d5ab
2024-04-26 07:46:03,658 [af10ead5-859f-4a8b-b6c8-c04b91d5a3d5-groupManagement] INFO  server.RaftServerConfigKeys (ConfUtils.java:logGet(46)) - raft.server.log.queue.byte-limit = 4294967296 (custom)
2024-04-26 07:46:03,658 [af10ead5-859f-4a8b-b6c8-c04b91d5a3d5-groupManagement] INFO  server.RaftServerConfigKeys (ConfUtils.java:logGet(46)) - raft.server.log.queue.element-limit = 1024 (custom)
2024-04-26 07:46:03,658 [af10ead5-859f-4a8b-b6c8-c04b91d5a3d5-groupManagement] INFO  server.RaftServerConfigKeys (ConfUtils.java:logGet(46)) - raft.server.log.segment.size.max = 67108864 (custom)
2024-04-26 07:46:03,658 [af10ead5-859f-4a8b-b6c8-c04b91d5a3d5-groupManagement] INFO  server.RaftServerConfigKeys (ConfUtils.java:logGet(46)) - raft.server.log.preallocated.size = 4194304 (custom)
2024-04-26 07:46:03,658 [af10ead5-859f-4a8b-b6c8-c04b91d5a3d5-groupManagement] INFO  server.RaftServerConfigKeys (ConfUtils.java:logGet(46)) - raft.server.log.force.sync.num = 128 (default)
2024-04-26 07:46:03,658 [af10ead5-859f-4a8b-b6c8-c04b91d5a3d5-groupManagement] INFO  server.RaftServerConfigKeys (ConfUtils.java:logGet(46)) - raft.server.log.statemachine.data.sync = true (default)
2024-04-26 07:46:03,658 [af10ead5-859f-4a8b-b6c8-c04b91d5a3d5-groupManagement] INFO  server.RaftServerConfigKeys (ConfUtils.java:logGet(46)) - raft.server.log.statemachine.data.sync.timeout = 10s (default)
2024-04-26 07:46:03,658 [af10ead5-859f-4a8b-b6c8-c04b91d5a3d5-groupManagement] INFO  server.RaftServerConfigKeys (ConfUtils.java:logGet(46)) - raft.server.log.statemachine.data.sync.timeout.retry = 30 (custom)
2024-04-26 07:46:03,659 [af10ead5-859f-4a8b-b6c8-c04b91d5a3d5-groupManagement] INFO  server.RaftServerConfigKeys (ConfUtils.java:logGet(46)) - raft.server.log.write.buffer.size = 8388616 (custom)
2024-04-26 07:46:03,660 [af10ead5-859f-4a8b-b6c8-c04b91d5a3d5-groupManagement] INFO  server.RaftServerConfigKeys (ConfUtils.java:logGet(46)) - raft.server.log.appender.buffer.byte-limit = 8388608 (custom)
2024-04-26 07:46:03,660 [af10ead5-859f-4a8b-b6c8-c04b91d5a3d5-groupManagement] INFO  server.RaftServerConfigKeys (ConfUtils.java:logGet(46)) - raft.server.log.unsafe-flush.enabled = false (default)
2024-04-26 07:46:03,660 [af10ead5-859f-4a8b-b6c8-c04b91d5a3d5-groupManagement] INFO  server.RaftServerConfigKeys (ConfUtils.java:logGet(46)) - raft.server.log.async-flush.enabled = false (default)
2024-04-26 07:46:03,660 [af10ead5-859f-4a8b-b6c8-c04b91d5a3d5-groupManagement] INFO  server.RaftServerConfigKeys (ConfUtils.java:logGet(46)) - raft.server.log.statemachine.data.caching.enabled = true (custom)
2024-04-26 07:46:03,660 [af10ead5-859f-4a8b-b6c8-c04b91d5a3d5-groupManagement] INFO  segmented.SegmentedRaftLogWorker (SegmentedRaftLogWorker.java:lambda$new$0(134)) - af10ead5-859f-4a8b-b6c8-c04b91d5a3d5@group-F5752781D5AB-SegmentedRaftLogWorker: flushIndex: setUnconditionally 0 -> -1
2024-04-26 07:46:03,660 [af10ead5-859f-4a8b-b6c8-c04b91d5a3d5-groupManagement] INFO  segmented.SegmentedRaftLogWorker (SegmentedRaftLogWorker.java:lambda$new$0(134)) - af10ead5-859f-4a8b-b6c8-c04b91d5a3d5@group-F5752781D5AB-SegmentedRaftLogWorker: safeCacheEvictIndex: setUnconditionally 0 -> -1
2024-04-26 07:46:03,660 [af10ead5-859f-4a8b-b6c8-c04b91d5a3d5-groupManagement] INFO  server.RaftServer$Division (RaftServerImpl.java:start(396)) - af10ead5-859f-4a8b-b6c8-c04b91d5a3d5@group-F5752781D5AB: start as a follower, conf=-1: peers:[af10ead5-859f-4a8b-b6c8-c04b91d5a3d5|127.0.0.1:15486]|listeners:[], old=null
2024-04-26 07:46:03,660 [af10ead5-859f-4a8b-b6c8-c04b91d5a3d5-groupManagement] INFO  server.RaftServer$Division (RaftServerImpl.java:setRole(383)) - af10ead5-859f-4a8b-b6c8-c04b91d5a3d5@group-F5752781D5AB: changes role from      null to FOLLOWER at term 0 for startAsFollower
2024-04-26 07:46:03,660 [af10ead5-859f-4a8b-b6c8-c04b91d5a3d5-groupManagement] INFO  impl.RoleInfo (RoleInfo.java:updateAndGet(139)) - af10ead5-859f-4a8b-b6c8-c04b91d5a3d5: start af10ead5-859f-4a8b-b6c8-c04b91d5a3d5@group-F5752781D5AB-FollowerState
2024-04-26 07:46:03,660 [af10ead5-859f-4a8b-b6c8-c04b91d5a3d5-groupManagement] INFO  util.JmxRegister (JmxRegister.java:tryRegister(44)) - Successfully registered JMX Bean with object name Ratis:service=RaftServer,group=group-F5752781D5AB,id=af10ead5-859f-4a8b-b6c8-c04b91d5a3d5
2024-04-26 07:46:03,661 [af10ead5-859f-4a8b-b6c8-c04b91d5a3d5-groupManagement] INFO  server.RaftServerConfigKeys (ConfUtils.java:logGet(46)) - raft.server.snapshot.trigger-when-stop.enabled = true (default)
2024-04-26 07:46:03,661 [af10ead5-859f-4a8b-b6c8-c04b91d5a3d5-groupManagement] INFO  server.RaftServerConfigKeys (ConfUtils.java:logGet(46)) - raft.server.snapshot.auto.trigger.enabled = true (custom)
2024-04-26 07:46:03,661 [af10ead5-859f-4a8b-b6c8-c04b91d5a3d5-groupManagement] INFO  server.RaftServerConfigKeys (ConfUtils.java:logGet(46)) - raft.server.snapshot.auto.trigger.threshold = 10000 (custom)
2024-04-26 07:46:03,661 [af10ead5-859f-4a8b-b6c8-c04b91d5a3d5-groupManagement] INFO  server.RaftServerConfigKeys (ConfUtils.java:logGet(46)) - raft.server.snapshot.retention.file.num = 5 (custom)
2024-04-26 07:46:03,661 [af10ead5-859f-4a8b-b6c8-c04b91d5a3d5-groupManagement] INFO  server.RaftServerConfigKeys (ConfUtils.java:logGet(46)) - raft.server.log.purge.upto.snapshot.index = false (default)
2024-04-26 07:46:03,660 [af10ead5-859f-4a8b-b6c8-c04b91d5a3d5@group-F5752781D5AB-FollowerState] INFO  server.RaftServerConfigKeys (ConfUtils.java:logFallback(53)) - raft.server.rpc.first-election.timeout.min = 5s (fallback to raft.server.rpc.timeout.min)
2024-04-26 07:46:03,661 [af10ead5-859f-4a8b-b6c8-c04b91d5a3d5@group-F5752781D5AB-FollowerState] INFO  server.RaftServerConfigKeys (ConfUtils.java:logFallback(53)) - raft.server.rpc.first-election.timeout.max = 5200ms (fallback to raft.server.rpc.timeout.max)
2024-04-26 07:46:03,661 [af10ead5-859f-4a8b-b6c8-c04b91d5a3d5-PipelineCommandHandlerThread-0] INFO  ratis.XceiverServerRatis (XceiverServerRatis.java:addGroup(864)) - Created group PipelineID=c41ef844-3cd0-41f5-89d1-f5752781d5ab
2024-04-26 07:46:03,661 [af10ead5-859f-4a8b-b6c8-c04b91d5a3d5-PipelineCommandHandlerThread-0] INFO  commandhandler.CreatePipelineCommandHandler (CreatePipelineCommandHandler.java:lambda$handle$2(124)) - Created Pipeline RATIS ONE PipelineID=c41ef844-3cd0-41f5-89d1-f5752781d5ab.
2024-04-26 07:46:03,662 [af10ead5-859f-4a8b-b6c8-c04b91d5a3d5-PipelineCommandHandlerThread-0] INFO  server.RaftServer (RaftServerProxy.java:addNew(100)) - af10ead5-859f-4a8b-b6c8-c04b91d5a3d5: addNew group-8CE91570B4D6:[136604f8-4e12-4782-a33c-8f17bffa1c2c|127.0.0.1:15495, af10ead5-859f-4a8b-b6c8-c04b91d5a3d5|127.0.0.1:15486, 36c84ee5-0fcd-4ea2-b6d6-812b1364d576|127.0.0.1:15504] returns group-8CE91570B4D6:java.util.concurrent.CompletableFuture@ce70559[Not completed]
2024-04-26 07:46:03,662 [af10ead5-859f-4a8b-b6c8-c04b91d5a3d5-groupManagement] INFO  server.RaftServer$Division (RaftServerImpl.java:<init>(256)) - af10ead5-859f-4a8b-b6c8-c04b91d5a3d5: new RaftServerImpl for group-8CE91570B4D6:[136604f8-4e12-4782-a33c-8f17bffa1c2c|127.0.0.1:15495, af10ead5-859f-4a8b-b6c8-c04b91d5a3d5|127.0.0.1:15486, 36c84ee5-0fcd-4ea2-b6d6-812b1364d576|127.0.0.1:15504] with ContainerStateMachine:uninitialized
2024-04-26 07:46:03,662 [af10ead5-859f-4a8b-b6c8-c04b91d5a3d5-groupManagement] INFO  server.RaftServerConfigKeys (ConfUtils.java:logGet(46)) - raft.server.rpc.timeout.min = 5s (custom)
2024-04-26 07:46:03,662 [af10ead5-859f-4a8b-b6c8-c04b91d5a3d5-groupManagement] INFO  server.RaftServerConfigKeys (ConfUtils.java:logGet(46)) - raft.server.rpc.timeout.max = 5200ms (custom)
2024-04-26 07:46:03,662 [af10ead5-859f-4a8b-b6c8-c04b91d5a3d5-groupManagement] INFO  server.RaftServerConfigKeys (ConfUtils.java:logGet(46)) - raft.server.rpc.sleep.time = 25ms (default)
2024-04-26 07:46:03,662 [af10ead5-859f-4a8b-b6c8-c04b91d5a3d5-groupManagement] INFO  server.RaftServerConfigKeys (ConfUtils.java:logGet(46)) - raft.server.rpc.slowness.timeout = 300000ms (custom)
2024-04-26 07:46:03,662 [af10ead5-859f-4a8b-b6c8-c04b91d5a3d5-groupManagement] INFO  server.RaftServerConfigKeys (ConfUtils.java:logGet(46)) - raft.server.leaderelection.leader.step-down.wait-time = 10s (default)
2024-04-26 07:46:03,662 [af10ead5-859f-4a8b-b6c8-c04b91d5a3d5-groupManagement] INFO  server.RaftServerConfigKeys (ConfUtils.java:logGet(46)) - raft.server.leaderelection.member.majority-add = false (default)
2024-04-26 07:46:03,662 [af10ead5-859f-4a8b-b6c8-c04b91d5a3d5-groupManagement] INFO  server.RaftServerConfigKeys (ConfUtils.java:logGet(46)) - raft.server.sleep.deviation.threshold = 300ms (default)
2024-04-26 07:46:03,662 [af10ead5-859f-4a8b-b6c8-c04b91d5a3d5-groupManagement] INFO  server.RaftServer$Division (ServerState.java:<init>(113)) - af10ead5-859f-4a8b-b6c8-c04b91d5a3d5@group-8CE91570B4D6: ConfigurationManager, init=-1: peers:[136604f8-4e12-4782-a33c-8f17bffa1c2c|127.0.0.1:15495, af10ead5-859f-4a8b-b6c8-c04b91d5a3d5|127.0.0.1:15486, 36c84ee5-0fcd-4ea2-b6d6-812b1364d576|127.0.0.1:15504]|listeners:[], old=null, confs=<EMPTY_MAP>
2024-04-26 07:46:03,662 [af10ead5-859f-4a8b-b6c8-c04b91d5a3d5-groupManagement] INFO  server.RaftServerConfigKeys (ConfUtils.java:logGet(46)) - raft.server.notification.no-leader.timeout = 300000ms (custom)
2024-04-26 07:46:03,662 [af10ead5-859f-4a8b-b6c8-c04b91d5a3d5-groupManagement] INFO  server.RaftServerConfigKeys (ConfUtils.java:logGet(46)) - raft.server.read.timeout = 10s (default)
2024-04-26 07:46:03,662 [af10ead5-859f-4a8b-b6c8-c04b91d5a3d5-groupManagement] INFO  server.RaftServerConfigKeys (ConfUtils.java:logGet(46)) - raft.server.retrycache.expirytime = 600000ms (custom)
2024-04-26 07:46:03,663 [af10ead5-859f-4a8b-b6c8-c04b91d5a3d5-groupManagement] INFO  server.RaftServerConfigKeys (ConfUtils.java:logGet(46)) - raft.server.retrycache.statistics.expirytime = 100ms (default)
2024-04-26 07:46:03,663 [af10ead5-859f-4a8b-b6c8-c04b91d5a3d5-groupManagement] INFO  server.RaftServerConfigKeys (ConfUtils.java:logGet(46)) - raft.server.read.option = DEFAULT (default)
2024-04-26 07:46:03,663 [af10ead5-859f-4a8b-b6c8-c04b91d5a3d5-groupManagement] INFO  server.RaftServerConfigKeys (ConfUtils.java:logGet(46)) - raft.server.read.read-after-write-consistent.write-index-cache.expiry-time = 60s (default)
2024-04-26 07:46:03,664 [af10ead5-859f-4a8b-b6c8-c04b91d5a3d5-groupManagement] INFO  server.RaftServerConfigKeys (ConfUtils.java:logGet(46)) - raft.server.rpc.request.timeout = 3000ms (default)
2024-04-26 07:46:03,664 [af10ead5-859f-4a8b-b6c8-c04b91d5a3d5-groupManagement] INFO  server.RaftServerConfigKeys (ConfUtils.java:logGet(46)) - raft.server.log.appender.install.snapshot.enabled = false (custom)
2024-04-26 07:46:03,664 [af10ead5-859f-4a8b-b6c8-c04b91d5a3d5-groupManagement] INFO  server.RaftServerConfigKeys (ConfUtils.java:logGet(46)) - raft.server.threadpool.server.cached = true (default)
2024-04-26 07:46:03,664 [af10ead5-859f-4a8b-b6c8-c04b91d5a3d5-groupManagement] INFO  server.RaftServerConfigKeys (ConfUtils.java:logGet(46)) - raft.server.threadpool.server.size = 0 (default)
2024-04-26 07:46:03,664 [af10ead5-859f-4a8b-b6c8-c04b91d5a3d5-groupManagement] INFO  server.RaftServerConfigKeys (ConfUtils.java:logGet(46)) - raft.server.threadpool.client.cached = true (default)
2024-04-26 07:46:03,664 [af10ead5-859f-4a8b-b6c8-c04b91d5a3d5-groupManagement] INFO  server.RaftServerConfigKeys (ConfUtils.java:logGet(46)) - raft.server.threadpool.client.size = 0 (default)
2024-04-26 07:46:03,664 [af10ead5-859f-4a8b-b6c8-c04b91d5a3d5-groupManagement] INFO  server.RaftServerConfigKeys (ConfUtils.java:logGet(46)) - raft.server.storage.free-space.min = 0MB (=0) (default)
2024-04-26 07:46:03,664 [af10ead5-859f-4a8b-b6c8-c04b91d5a3d5-groupManagement] INFO  server.RaftServerConfigKeys (ConfUtils.java:logGet(46)) - raft.server.log.corruption.policy = EXCEPTION (default)
2024-04-26 07:46:03,664 [af10ead5-859f-4a8b-b6c8-c04b91d5a3d5-groupManagement] INFO  server.RaftServerConfigKeys (ConfUtils.java:logGet(46)) - raft.server.storage.dir = [/home/runner/work/ozone/ozone/hadoop-ozone/integration-test/target/test-dir/MiniOzoneClusterImpl-864451be-9a12-4508-8431-6d052999593c/ozone-meta/datanode-4/ratis] (custom)
2024-04-26 07:46:03,665 [af10ead5-859f-4a8b-b6c8-c04b91d5a3d5-groupManagement] INFO  storage.RaftStorageDirectory (RaftStorageDirectoryImpl.java:analyzeStorage(138)) - The storage directory /home/runner/work/ozone/ozone/hadoop-ozone/integration-test/target/test-dir/MiniOzoneClusterImpl-864451be-9a12-4508-8431-6d052999593c/ozone-meta/datanode-4/ratis/59219069-eaf1-4b40-948f-8ce91570b4d6 does not exist. Creating ...
2024-04-26 07:46:03,665 [af10ead5-859f-4a8b-b6c8-c04b91d5a3d5-groupManagement] INFO  storage.RaftStorageDirectory (RaftStorageDirectoryImpl.java:tryLock(228)) - Lock on /home/runner/work/ozone/ozone/hadoop-ozone/integration-test/target/test-dir/MiniOzoneClusterImpl-864451be-9a12-4508-8431-6d052999593c/ozone-meta/datanode-4/ratis/59219069-eaf1-4b40-948f-8ce91570b4d6/in_use.lock acquired by nodename 21422@fv-az1107-628
2024-04-26 07:46:03,666 [af10ead5-859f-4a8b-b6c8-c04b91d5a3d5-groupManagement] INFO  storage.RaftStorage (RaftStorageImpl.java:format(99)) - Storage directory /home/runner/work/ozone/ozone/hadoop-ozone/integration-test/target/test-dir/MiniOzoneClusterImpl-864451be-9a12-4508-8431-6d052999593c/ozone-meta/datanode-4/ratis/59219069-eaf1-4b40-948f-8ce91570b4d6 has been successfully formatted.
2024-04-26 07:46:03,666 [af10ead5-859f-4a8b-b6c8-c04b91d5a3d5-groupManagement] WARN  util.FileUtils (LogUtils.java:supplyAndLog(63)) - Failed to Files.newInputStream /home/runner/work/ozone/ozone/hadoop-ozone/integration-test/target/test-dir/MiniOzoneClusterImpl-864451be-9a12-4508-8431-6d052999593c/ozone-meta/datanode-4/ratis/59219069-eaf1-4b40-948f-8ce91570b4d6/current/raft-meta.conf with options []: java.nio.file.NoSuchFileException: /home/runner/work/ozone/ozone/hadoop-ozone/integration-test/target/test-dir/MiniOzoneClusterImpl-864451be-9a12-4508-8431-6d052999593c/ozone-meta/datanode-4/ratis/59219069-eaf1-4b40-948f-8ce91570b4d6/current/raft-meta.conf
2024-04-26 07:46:03,666 [af10ead5-859f-4a8b-b6c8-c04b91d5a3d5-groupManagement] INFO  ratis.ContainerStateMachine (ContainerStateMachine.java:loadSnapshot(287)) - group-8CE91570B4D6: The snapshot info is null. Setting the last applied index to:(t:0, i:~)
2024-04-26 07:46:03,666 [af10ead5-859f-4a8b-b6c8-c04b91d5a3d5-groupManagement] INFO  server.RaftServerConfigKeys (ConfUtils.java:logGet(46)) - raft.server.log.use.memory = false (default)
2024-04-26 07:46:03,666 [af10ead5-859f-4a8b-b6c8-c04b91d5a3d5-groupManagement] INFO  server.RaftServerConfigKeys (ConfUtils.java:logGet(46)) - raft.server.log.purge.gap = 1000000 (custom)
2024-04-26 07:46:03,666 [af10ead5-859f-4a8b-b6c8-c04b91d5a3d5-groupManagement] INFO  server.RaftServerConfigKeys (ConfUtils.java:logGet(46)) - raft.server.log.appender.buffer.byte-limit = 8388608 (custom)
2024-04-26 07:46:03,667 [af10ead5-859f-4a8b-b6c8-c04b91d5a3d5-groupManagement] INFO  server.RaftServerConfigKeys (ConfUtils.java:logGet(46)) - raft.server.log.statemachine.data.read.timeout = 1000ms (default)
2024-04-26 07:46:03,667 [af10ead5-859f-4a8b-b6c8-c04b91d5a3d5-groupManagement] INFO  server.RaftServerConfigKeys (ConfUtils.java:logGet(46)) - raft.server.log.purge.preservation.log.num = 0 (default)
2024-04-26 07:46:03,667 [EventQueue-OpenPipelineForHealthyPipelineSafeModeRule] INFO  safemode.SCMSafeModeManager (HealthyPipelineSafeModeRule.java:process(140)) - SCM in safe mode. Healthy pipelines reported count is 0, required healthy pipeline reported count is 1
2024-04-26 07:46:03,668 [af10ead5-859f-4a8b-b6c8-c04b91d5a3d5-groupManagement] INFO  server.RaftServerConfigKeys (ConfUtils.java:logGet(46)) - raft.server.log.segment.size.max = 67108864 (custom)
2024-04-26 07:46:03,668 [af10ead5-859f-4a8b-b6c8-c04b91d5a3d5-groupManagement] INFO  server.RaftServerConfigKeys (ConfUtils.java:logGet(46)) - raft.server.log.segment.cache.num.max = 2 (custom)
2024-04-26 07:46:03,668 [af10ead5-859f-4a8b-b6c8-c04b91d5a3d5-groupManagement] INFO  server.RaftServerConfigKeys (ConfUtils.java:logGet(46)) - raft.server.log.segment.cache.size.max = 200MB (=209715200) (default)
2024-04-26 07:46:03,668 [af10ead5-859f-4a8b-b6c8-c04b91d5a3d5-groupManagement] INFO  server.RaftServerConfigKeys (ConfUtils.java:logGet(46)) - raft.server.log.appender.buffer.byte-limit = 8388608 (custom)
2024-04-26 07:46:03,668 [af10ead5-859f-4a8b-b6c8-c04b91d5a3d5-groupManagement] INFO  util.AwaitToRun (AwaitToRun.java:start(81)) - Thread[af10ead5-859f-4a8b-b6c8-c04b91d5a3d5@group-8CE91570B4D6-cacheEviction-AwaitToRun,5,main] started
2024-04-26 07:46:03,668 [af10ead5-859f-4a8b-b6c8-c04b91d5a3d5-groupManagement] INFO  segmented.SegmentedRaftLogWorker (SegmentedRaftLogWorker.java:<init>(182)) - new af10ead5-859f-4a8b-b6c8-c04b91d5a3d5@group-8CE91570B4D6-SegmentedRaftLogWorker for RaftStorageImpl:Storage Directory /home/runner/work/ozone/ozone/hadoop-ozone/integration-test/target/test-dir/MiniOzoneClusterImpl-864451be-9a12-4508-8431-6d052999593c/ozone-meta/datanode-4/ratis/59219069-eaf1-4b40-948f-8ce91570b4d6
2024-04-26 07:46:03,668 [af10ead5-859f-4a8b-b6c8-c04b91d5a3d5-groupManagement] INFO  server.RaftServerConfigKeys (ConfUtils.java:logGet(46)) - raft.server.log.queue.byte-limit = 4294967296 (custom)
2024-04-26 07:46:03,668 [af10ead5-859f-4a8b-b6c8-c04b91d5a3d5-groupManagement] INFO  server.RaftServerConfigKeys (ConfUtils.java:logGet(46)) - raft.server.log.queue.element-limit = 1024 (custom)
2024-04-26 07:46:03,668 [af10ead5-859f-4a8b-b6c8-c04b91d5a3d5-groupManagement] INFO  server.RaftServerConfigKeys (ConfUtils.java:logGet(46)) - raft.server.log.segment.size.max = 67108864 (custom)
2024-04-26 07:46:03,668 [af10ead5-859f-4a8b-b6c8-c04b91d5a3d5-groupManagement] INFO  server.RaftServerConfigKeys (ConfUtils.java:logGet(46)) - raft.server.log.preallocated.size = 4194304 (custom)
2024-04-26 07:46:03,668 [af10ead5-859f-4a8b-b6c8-c04b91d5a3d5-groupManagement] INFO  server.RaftServerConfigKeys (ConfUtils.java:logGet(46)) - raft.server.log.force.sync.num = 128 (default)
2024-04-26 07:46:03,668 [af10ead5-859f-4a8b-b6c8-c04b91d5a3d5-groupManagement] INFO  server.RaftServerConfigKeys (ConfUtils.java:logGet(46)) - raft.server.log.statemachine.data.sync = true (default)
2024-04-26 07:46:03,668 [af10ead5-859f-4a8b-b6c8-c04b91d5a3d5-groupManagement] INFO  server.RaftServerConfigKeys (ConfUtils.java:logGet(46)) - raft.server.log.statemachine.data.sync.timeout = 10s (default)
2024-04-26 07:46:03,668 [af10ead5-859f-4a8b-b6c8-c04b91d5a3d5-groupManagement] INFO  server.RaftServerConfigKeys (ConfUtils.java:logGet(46)) - raft.server.log.statemachine.data.sync.timeout.retry = 30 (custom)
2024-04-26 07:46:03,669 [af10ead5-859f-4a8b-b6c8-c04b91d5a3d5-groupManagement] INFO  server.RaftServerConfigKeys (ConfUtils.java:logGet(46)) - raft.server.log.write.buffer.size = 8388616 (custom)
2024-04-26 07:46:03,670 [af10ead5-859f-4a8b-b6c8-c04b91d5a3d5-groupManagement] INFO  server.RaftServerConfigKeys (ConfUtils.java:logGet(46)) - raft.server.log.appender.buffer.byte-limit = 8388608 (custom)
2024-04-26 07:46:03,670 [af10ead5-859f-4a8b-b6c8-c04b91d5a3d5-groupManagement] INFO  server.RaftServerConfigKeys (ConfUtils.java:logGet(46)) - raft.server.log.unsafe-flush.enabled = false (default)
2024-04-26 07:46:03,670 [af10ead5-859f-4a8b-b6c8-c04b91d5a3d5-groupManagement] INFO  server.RaftServerConfigKeys (ConfUtils.java:logGet(46)) - raft.server.log.async-flush.enabled = false (default)
2024-04-26 07:46:03,670 [af10ead5-859f-4a8b-b6c8-c04b91d5a3d5-groupManagement] INFO  server.RaftServerConfigKeys (ConfUtils.java:logGet(46)) - raft.server.log.statemachine.data.caching.enabled = true (custom)
2024-04-26 07:46:03,670 [af10ead5-859f-4a8b-b6c8-c04b91d5a3d5-groupManagement] INFO  segmented.SegmentedRaftLogWorker (SegmentedRaftLogWorker.java:lambda$new$0(134)) - af10ead5-859f-4a8b-b6c8-c04b91d5a3d5@group-8CE91570B4D6-SegmentedRaftLogWorker: flushIndex: setUnconditionally 0 -> -1
2024-04-26 07:46:03,670 [af10ead5-859f-4a8b-b6c8-c04b91d5a3d5-groupManagement] INFO  segmented.SegmentedRaftLogWorker (SegmentedRaftLogWorker.java:lambda$new$0(134)) - af10ead5-859f-4a8b-b6c8-c04b91d5a3d5@group-8CE91570B4D6-SegmentedRaftLogWorker: safeCacheEvictIndex: setUnconditionally 0 -> -1
2024-04-26 07:46:03,670 [af10ead5-859f-4a8b-b6c8-c04b91d5a3d5-groupManagement] INFO  server.RaftServer$Division (RaftServerImpl.java:start(396)) - af10ead5-859f-4a8b-b6c8-c04b91d5a3d5@group-8CE91570B4D6: start as a follower, conf=-1: peers:[136604f8-4e12-4782-a33c-8f17bffa1c2c|127.0.0.1:15495, af10ead5-859f-4a8b-b6c8-c04b91d5a3d5|127.0.0.1:15486, 36c84ee5-0fcd-4ea2-b6d6-812b1364d576|127.0.0.1:15504]|listeners:[], old=null
2024-04-26 07:46:03,670 [af10ead5-859f-4a8b-b6c8-c04b91d5a3d5-groupManagement] INFO  server.RaftServer$Division (RaftServerImpl.java:setRole(383)) - af10ead5-859f-4a8b-b6c8-c04b91d5a3d5@group-8CE91570B4D6: changes role from      null to FOLLOWER at term 0 for startAsFollower
2024-04-26 07:46:03,670 [af10ead5-859f-4a8b-b6c8-c04b91d5a3d5-groupManagement] INFO  impl.RoleInfo (RoleInfo.java:updateAndGet(139)) - af10ead5-859f-4a8b-b6c8-c04b91d5a3d5: start af10ead5-859f-4a8b-b6c8-c04b91d5a3d5@group-8CE91570B4D6-FollowerState
2024-04-26 07:46:03,670 [af10ead5-859f-4a8b-b6c8-c04b91d5a3d5-groupManagement] INFO  util.JmxRegister (JmxRegister.java:tryRegister(44)) - Successfully registered JMX Bean with object name Ratis:service=RaftServer,group=group-8CE91570B4D6,id=af10ead5-859f-4a8b-b6c8-c04b91d5a3d5
2024-04-26 07:46:03,671 [af10ead5-859f-4a8b-b6c8-c04b91d5a3d5-groupManagement] INFO  server.RaftServerConfigKeys (ConfUtils.java:logGet(46)) - raft.server.snapshot.trigger-when-stop.enabled = true (default)
2024-04-26 07:46:03,671 [af10ead5-859f-4a8b-b6c8-c04b91d5a3d5-groupManagement] INFO  server.RaftServerConfigKeys (ConfUtils.java:logGet(46)) - raft.server.snapshot.auto.trigger.enabled = true (custom)
2024-04-26 07:46:03,671 [af10ead5-859f-4a8b-b6c8-c04b91d5a3d5-groupManagement] INFO  server.RaftServerConfigKeys (ConfUtils.java:logGet(46)) - raft.server.snapshot.auto.trigger.threshold = 10000 (custom)
2024-04-26 07:46:03,671 [af10ead5-859f-4a8b-b6c8-c04b91d5a3d5-groupManagement] INFO  server.RaftServerConfigKeys (ConfUtils.java:logGet(46)) - raft.server.snapshot.retention.file.num = 5 (custom)
2024-04-26 07:46:03,671 [af10ead5-859f-4a8b-b6c8-c04b91d5a3d5-groupManagement] INFO  server.RaftServerConfigKeys (ConfUtils.java:logGet(46)) - raft.server.log.purge.upto.snapshot.index = false (default)
2024-04-26 07:46:03,670 [af10ead5-859f-4a8b-b6c8-c04b91d5a3d5@group-8CE91570B4D6-FollowerState] INFO  server.RaftServerConfigKeys (ConfUtils.java:logFallback(53)) - raft.server.rpc.first-election.timeout.min = 5s (fallback to raft.server.rpc.timeout.min)
2024-04-26 07:46:03,671 [af10ead5-859f-4a8b-b6c8-c04b91d5a3d5@group-8CE91570B4D6-FollowerState] INFO  server.RaftServerConfigKeys (ConfUtils.java:logFallback(53)) - raft.server.rpc.first-election.timeout.max = 5200ms (fallback to raft.server.rpc.timeout.max)
2024-04-26 07:46:03,671 [af10ead5-859f-4a8b-b6c8-c04b91d5a3d5-PipelineCommandHandlerThread-0] INFO  ratis.XceiverServerRatis (XceiverServerRatis.java:addGroup(864)) - Created group PipelineID=59219069-eaf1-4b40-948f-8ce91570b4d6
2024-04-26 07:46:03,677 [grpc-default-executor-1] INFO  server.RaftServer (RaftServerProxy.java:addNew(100)) - 136604f8-4e12-4782-a33c-8f17bffa1c2c: addNew group-8CE91570B4D6:[136604f8-4e12-4782-a33c-8f17bffa1c2c|127.0.0.1:15495, af10ead5-859f-4a8b-b6c8-c04b91d5a3d5|127.0.0.1:15486, 36c84ee5-0fcd-4ea2-b6d6-812b1364d576|127.0.0.1:15504] returns group-8CE91570B4D6:java.util.concurrent.CompletableFuture@770aa6c3[Not completed]
2024-04-26 07:46:03,678 [136604f8-4e12-4782-a33c-8f17bffa1c2c-groupManagement] INFO  server.RaftServer$Division (RaftServerImpl.java:<init>(256)) - 136604f8-4e12-4782-a33c-8f17bffa1c2c: new RaftServerImpl for group-8CE91570B4D6:[136604f8-4e12-4782-a33c-8f17bffa1c2c|127.0.0.1:15495, af10ead5-859f-4a8b-b6c8-c04b91d5a3d5|127.0.0.1:15486, 36c84ee5-0fcd-4ea2-b6d6-812b1364d576|127.0.0.1:15504] with ContainerStateMachine:uninitialized
2024-04-26 07:46:03,678 [136604f8-4e12-4782-a33c-8f17bffa1c2c-groupManagement] INFO  server.RaftServerConfigKeys (ConfUtils.java:logGet(46)) - raft.server.rpc.timeout.min = 5s (custom)
2024-04-26 07:46:03,678 [136604f8-4e12-4782-a33c-8f17bffa1c2c-groupManagement] INFO  server.RaftServerConfigKeys (ConfUtils.java:logGet(46)) - raft.server.rpc.timeout.max = 5200ms (custom)
2024-04-26 07:46:03,678 [136604f8-4e12-4782-a33c-8f17bffa1c2c-groupManagement] INFO  server.RaftServerConfigKeys (ConfUtils.java:logGet(46)) - raft.server.rpc.sleep.time = 25ms (default)
2024-04-26 07:46:03,678 [136604f8-4e12-4782-a33c-8f17bffa1c2c-groupManagement] INFO  server.RaftServerConfigKeys (ConfUtils.java:logGet(46)) - raft.server.rpc.slowness.timeout = 300000ms (custom)
2024-04-26 07:46:03,678 [136604f8-4e12-4782-a33c-8f17bffa1c2c-groupManagement] INFO  server.RaftServerConfigKeys (ConfUtils.java:logGet(46)) - raft.server.leaderelection.leader.step-down.wait-time = 10s (default)
2024-04-26 07:46:03,678 [136604f8-4e12-4782-a33c-8f17bffa1c2c-groupManagement] INFO  server.RaftServerConfigKeys (ConfUtils.java:logGet(46)) - raft.server.leaderelection.member.majority-add = false (default)
2024-04-26 07:46:03,678 [136604f8-4e12-4782-a33c-8f17bffa1c2c-groupManagement] INFO  server.RaftServerConfigKeys (ConfUtils.java:logGet(46)) - raft.server.sleep.deviation.threshold = 300ms (default)
2024-04-26 07:46:03,678 [136604f8-4e12-4782-a33c-8f17bffa1c2c-groupManagement] INFO  server.RaftServer$Division (ServerState.java:<init>(113)) - 136604f8-4e12-4782-a33c-8f17bffa1c2c@group-8CE91570B4D6: ConfigurationManager, init=-1: peers:[136604f8-4e12-4782-a33c-8f17bffa1c2c|127.0.0.1:15495, af10ead5-859f-4a8b-b6c8-c04b91d5a3d5|127.0.0.1:15486, 36c84ee5-0fcd-4ea2-b6d6-812b1364d576|127.0.0.1:15504]|listeners:[], old=null, confs=<EMPTY_MAP>
2024-04-26 07:46:03,678 [136604f8-4e12-4782-a33c-8f17bffa1c2c-groupManagement] INFO  server.RaftServerConfigKeys (ConfUtils.java:logGet(46)) - raft.server.notification.no-leader.timeout = 300000ms (custom)
2024-04-26 07:46:03,678 [136604f8-4e12-4782-a33c-8f17bffa1c2c-groupManagement] INFO  server.RaftServerConfigKeys (ConfUtils.java:logGet(46)) - raft.server.read.timeout = 10s (default)
2024-04-26 07:46:03,678 [136604f8-4e12-4782-a33c-8f17bffa1c2c-groupManagement] INFO  server.RaftServerConfigKeys (ConfUtils.java:logGet(46)) - raft.server.retrycache.expirytime = 600000ms (custom)
2024-04-26 07:46:03,678 [136604f8-4e12-4782-a33c-8f17bffa1c2c-groupManagement] INFO  server.RaftServerConfigKeys (ConfUtils.java:logGet(46)) - raft.server.retrycache.statistics.expirytime = 100ms (default)
2024-04-26 07:46:03,678 [136604f8-4e12-4782-a33c-8f17bffa1c2c-groupManagement] INFO  server.RaftServerConfigKeys (ConfUtils.java:logGet(46)) - raft.server.read.option = DEFAULT (default)
2024-04-26 07:46:03,678 [136604f8-4e12-4782-a33c-8f17bffa1c2c-groupManagement] INFO  server.RaftServerConfigKeys (ConfUtils.java:logGet(46)) - raft.server.read.read-after-write-consistent.write-index-cache.expiry-time = 60s (default)
2024-04-26 07:46:03,680 [136604f8-4e12-4782-a33c-8f17bffa1c2c-groupManagement] INFO  server.RaftServerConfigKeys (ConfUtils.java:logGet(46)) - raft.server.rpc.request.timeout = 3000ms (default)
2024-04-26 07:46:03,680 [136604f8-4e12-4782-a33c-8f17bffa1c2c-groupManagement] INFO  server.RaftServerConfigKeys (ConfUtils.java:logGet(46)) - raft.server.log.appender.install.snapshot.enabled = false (custom)
2024-04-26 07:46:03,680 [136604f8-4e12-4782-a33c-8f17bffa1c2c-groupManagement] INFO  server.RaftServerConfigKeys (ConfUtils.java:logGet(46)) - raft.server.threadpool.server.cached = true (default)
2024-04-26 07:46:03,680 [136604f8-4e12-4782-a33c-8f17bffa1c2c-groupManagement] INFO  server.RaftServerConfigKeys (ConfUtils.java:logGet(46)) - raft.server.threadpool.server.size = 0 (default)
2024-04-26 07:46:03,680 [136604f8-4e12-4782-a33c-8f17bffa1c2c-groupManagement] INFO  server.RaftServerConfigKeys (ConfUtils.java:logGet(46)) - raft.server.threadpool.client.cached = true (default)
2024-04-26 07:46:03,680 [136604f8-4e12-4782-a33c-8f17bffa1c2c-groupManagement] INFO  server.RaftServerConfigKeys (ConfUtils.java:logGet(46)) - raft.server.threadpool.client.size = 0 (default)
2024-04-26 07:46:03,680 [136604f8-4e12-4782-a33c-8f17bffa1c2c-groupManagement] INFO  server.RaftServerConfigKeys (ConfUtils.java:logGet(46)) - raft.server.storage.free-space.min = 0MB (=0) (default)
2024-04-26 07:46:03,680 [136604f8-4e12-4782-a33c-8f17bffa1c2c-groupManagement] INFO  server.RaftServerConfigKeys (ConfUtils.java:logGet(46)) - raft.server.log.corruption.policy = EXCEPTION (default)
2024-04-26 07:46:03,680 [136604f8-4e12-4782-a33c-8f17bffa1c2c-groupManagement] INFO  server.RaftServerConfigKeys (ConfUtils.java:logGet(46)) - raft.server.storage.dir = [/home/runner/work/ozone/ozone/hadoop-ozone/integration-test/target/test-dir/MiniOzoneClusterImpl-864451be-9a12-4508-8431-6d052999593c/ozone-meta/datanode-5/ratis] (custom)
2024-04-26 07:46:03,680 [136604f8-4e12-4782-a33c-8f17bffa1c2c-groupManagement] INFO  storage.RaftStorageDirectory (RaftStorageDirectoryImpl.java:analyzeStorage(138)) - The storage directory /home/runner/work/ozone/ozone/hadoop-ozone/integration-test/target/test-dir/MiniOzoneClusterImpl-864451be-9a12-4508-8431-6d052999593c/ozone-meta/datanode-5/ratis/59219069-eaf1-4b40-948f-8ce91570b4d6 does not exist. Creating ...
2024-04-26 07:46:03,681 [136604f8-4e12-4782-a33c-8f17bffa1c2c-groupManagement] INFO  storage.RaftStorageDirectory (RaftStorageDirectoryImpl.java:tryLock(228)) - Lock on /home/runner/work/ozone/ozone/hadoop-ozone/integration-test/target/test-dir/MiniOzoneClusterImpl-864451be-9a12-4508-8431-6d052999593c/ozone-meta/datanode-5/ratis/59219069-eaf1-4b40-948f-8ce91570b4d6/in_use.lock acquired by nodename 21422@fv-az1107-628
2024-04-26 07:46:03,681 [136604f8-4e12-4782-a33c-8f17bffa1c2c-groupManagement] INFO  storage.RaftStorage (RaftStorageImpl.java:format(99)) - Storage directory /home/runner/work/ozone/ozone/hadoop-ozone/integration-test/target/test-dir/MiniOzoneClusterImpl-864451be-9a12-4508-8431-6d052999593c/ozone-meta/datanode-5/ratis/59219069-eaf1-4b40-948f-8ce91570b4d6 has been successfully formatted.
2024-04-26 07:46:03,682 [136604f8-4e12-4782-a33c-8f17bffa1c2c-groupManagement] WARN  util.FileUtils (LogUtils.java:supplyAndLog(63)) - Failed to Files.newInputStream /home/runner/work/ozone/ozone/hadoop-ozone/integration-test/target/test-dir/MiniOzoneClusterImpl-864451be-9a12-4508-8431-6d052999593c/ozone-meta/datanode-5/ratis/59219069-eaf1-4b40-948f-8ce91570b4d6/current/raft-meta.conf with options []: java.nio.file.NoSuchFileException: /home/runner/work/ozone/ozone/hadoop-ozone/integration-test/target/test-dir/MiniOzoneClusterImpl-864451be-9a12-4508-8431-6d052999593c/ozone-meta/datanode-5/ratis/59219069-eaf1-4b40-948f-8ce91570b4d6/current/raft-meta.conf
2024-04-26 07:46:03,682 [136604f8-4e12-4782-a33c-8f17bffa1c2c-groupManagement] INFO  ratis.ContainerStateMachine (ContainerStateMachine.java:loadSnapshot(287)) - group-8CE91570B4D6: The snapshot info is null. Setting the last applied index to:(t:0, i:~)
2024-04-26 07:46:03,682 [136604f8-4e12-4782-a33c-8f17bffa1c2c-groupManagement] INFO  server.RaftServerConfigKeys (ConfUtils.java:logGet(46)) - raft.server.log.use.memory = false (default)
2024-04-26 07:46:03,682 [136604f8-4e12-4782-a33c-8f17bffa1c2c-groupManagement] INFO  server.RaftServerConfigKeys (ConfUtils.java:logGet(46)) - raft.server.log.purge.gap = 1000000 (custom)
2024-04-26 07:46:03,682 [136604f8-4e12-4782-a33c-8f17bffa1c2c-groupManagement] INFO  server.RaftServerConfigKeys (ConfUtils.java:logGet(46)) - raft.server.log.appender.buffer.byte-limit = 8388608 (custom)
2024-04-26 07:46:03,682 [136604f8-4e12-4782-a33c-8f17bffa1c2c-groupManagement] INFO  server.RaftServerConfigKeys (ConfUtils.java:logGet(46)) - raft.server.log.statemachine.data.read.timeout = 1000ms (default)
2024-04-26 07:46:03,682 [136604f8-4e12-4782-a33c-8f17bffa1c2c-groupManagement] INFO  server.RaftServerConfigKeys (ConfUtils.java:logGet(46)) - raft.server.log.purge.preservation.log.num = 0 (default)
2024-04-26 07:46:03,683 [136604f8-4e12-4782-a33c-8f17bffa1c2c-groupManagement] INFO  server.RaftServerConfigKeys (ConfUtils.java:logGet(46)) - raft.server.log.segment.size.max = 67108864 (custom)
2024-04-26 07:46:03,683 [136604f8-4e12-4782-a33c-8f17bffa1c2c-groupManagement] INFO  server.RaftServerConfigKeys (ConfUtils.java:logGet(46)) - raft.server.log.segment.cache.num.max = 2 (custom)
2024-04-26 07:46:03,683 [136604f8-4e12-4782-a33c-8f17bffa1c2c-groupManagement] INFO  server.RaftServerConfigKeys (ConfUtils.java:logGet(46)) - raft.server.log.segment.cache.size.max = 200MB (=209715200) (default)
2024-04-26 07:46:03,683 [136604f8-4e12-4782-a33c-8f17bffa1c2c-groupManagement] INFO  server.RaftServerConfigKeys (ConfUtils.java:logGet(46)) - raft.server.log.appender.buffer.byte-limit = 8388608 (custom)
2024-04-26 07:46:03,684 [136604f8-4e12-4782-a33c-8f17bffa1c2c-groupManagement] INFO  util.AwaitToRun (AwaitToRun.java:start(81)) - Thread[136604f8-4e12-4782-a33c-8f17bffa1c2c@group-8CE91570B4D6-cacheEviction-AwaitToRun,5,main] started
2024-04-26 07:46:03,684 [136604f8-4e12-4782-a33c-8f17bffa1c2c-groupManagement] INFO  segmented.SegmentedRaftLogWorker (SegmentedRaftLogWorker.java:<init>(182)) - new 136604f8-4e12-4782-a33c-8f17bffa1c2c@group-8CE91570B4D6-SegmentedRaftLogWorker for RaftStorageImpl:Storage Directory /home/runner/work/ozone/ozone/hadoop-ozone/integration-test/target/test-dir/MiniOzoneClusterImpl-864451be-9a12-4508-8431-6d052999593c/ozone-meta/datanode-5/ratis/59219069-eaf1-4b40-948f-8ce91570b4d6
2024-04-26 07:46:03,684 [136604f8-4e12-4782-a33c-8f17bffa1c2c-groupManagement] INFO  server.RaftServerConfigKeys (ConfUtils.java:logGet(46)) - raft.server.log.queue.byte-limit = 4294967296 (custom)
2024-04-26 07:46:03,684 [136604f8-4e12-4782-a33c-8f17bffa1c2c-groupManagement] INFO  server.RaftServerConfigKeys (ConfUtils.java:logGet(46)) - raft.server.log.queue.element-limit = 1024 (custom)
2024-04-26 07:46:03,684 [136604f8-4e12-4782-a33c-8f17bffa1c2c-groupManagement] INFO  server.RaftServerConfigKeys (ConfUtils.java:logGet(46)) - raft.server.log.segment.size.max = 67108864 (custom)
2024-04-26 07:46:03,684 [136604f8-4e12-4782-a33c-8f17bffa1c2c-groupManagement] INFO  server.RaftServerConfigKeys (ConfUtils.java:logGet(46)) - raft.server.log.preallocated.size = 4194304 (custom)
2024-04-26 07:46:03,684 [136604f8-4e12-4782-a33c-8f17bffa1c2c-groupManagement] INFO  server.RaftServerConfigKeys (ConfUtils.java:logGet(46)) - raft.server.log.force.sync.num = 128 (default)
2024-04-26 07:46:03,684 [136604f8-4e12-4782-a33c-8f17bffa1c2c-groupManagement] INFO  server.RaftServerConfigKeys (ConfUtils.java:logGet(46)) - raft.server.log.statemachine.data.sync = true (default)
2024-04-26 07:46:03,684 [136604f8-4e12-4782-a33c-8f17bffa1c2c-groupManagement] INFO  server.RaftServerConfigKeys (ConfUtils.java:logGet(46)) - raft.server.log.statemachine.data.sync.timeout = 10s (default)
2024-04-26 07:46:03,684 [136604f8-4e12-4782-a33c-8f17bffa1c2c-groupManagement] INFO  server.RaftServerConfigKeys (ConfUtils.java:logGet(46)) - raft.server.log.statemachine.data.sync.timeout.retry = 30 (custom)
2024-04-26 07:46:03,684 [136604f8-4e12-4782-a33c-8f17bffa1c2c-groupManagement] INFO  server.RaftServerConfigKeys (ConfUtils.java:logGet(46)) - raft.server.log.write.buffer.size = 8388616 (custom)
2024-04-26 07:46:03,685 [136604f8-4e12-4782-a33c-8f17bffa1c2c-groupManagement] INFO  server.RaftServerConfigKeys (ConfUtils.java:logGet(46)) - raft.server.log.appender.buffer.byte-limit = 8388608 (custom)
2024-04-26 07:46:03,685 [136604f8-4e12-4782-a33c-8f17bffa1c2c-groupManagement] INFO  server.RaftServerConfigKeys (ConfUtils.java:logGet(46)) - raft.server.log.unsafe-flush.enabled = false (default)
2024-04-26 07:46:03,685 [136604f8-4e12-4782-a33c-8f17bffa1c2c-groupManagement] INFO  server.RaftServerConfigKeys (ConfUtils.java:logGet(46)) - raft.server.log.async-flush.enabled = false (default)
2024-04-26 07:46:03,685 [136604f8-4e12-4782-a33c-8f17bffa1c2c-groupManagement] INFO  server.RaftServerConfigKeys (ConfUtils.java:logGet(46)) - raft.server.log.statemachine.data.caching.enabled = true (custom)
2024-04-26 07:46:03,686 [136604f8-4e12-4782-a33c-8f17bffa1c2c-groupManagement] INFO  segmented.SegmentedRaftLogWorker (SegmentedRaftLogWorker.java:lambda$new$0(134)) - 136604f8-4e12-4782-a33c-8f17bffa1c2c@group-8CE91570B4D6-SegmentedRaftLogWorker: flushIndex: setUnconditionally 0 -> -1
2024-04-26 07:46:03,686 [136604f8-4e12-4782-a33c-8f17bffa1c2c-groupManagement] INFO  segmented.SegmentedRaftLogWorker (SegmentedRaftLogWorker.java:lambda$new$0(134)) - 136604f8-4e12-4782-a33c-8f17bffa1c2c@group-8CE91570B4D6-SegmentedRaftLogWorker: safeCacheEvictIndex: setUnconditionally 0 -> -1
2024-04-26 07:46:03,686 [136604f8-4e12-4782-a33c-8f17bffa1c2c-groupManagement] INFO  server.RaftServer$Division (RaftServerImpl.java:start(396)) - 136604f8-4e12-4782-a33c-8f17bffa1c2c@group-8CE91570B4D6: start as a follower, conf=-1: peers:[136604f8-4e12-4782-a33c-8f17bffa1c2c|127.0.0.1:15495, af10ead5-859f-4a8b-b6c8-c04b91d5a3d5|127.0.0.1:15486, 36c84ee5-0fcd-4ea2-b6d6-812b1364d576|127.0.0.1:15504]|listeners:[], old=null
2024-04-26 07:46:03,686 [136604f8-4e12-4782-a33c-8f17bffa1c2c-groupManagement] INFO  server.RaftServer$Division (RaftServerImpl.java:setRole(383)) - 136604f8-4e12-4782-a33c-8f17bffa1c2c@group-8CE91570B4D6: changes role from      null to FOLLOWER at term 0 for startAsFollower
2024-04-26 07:46:03,686 [136604f8-4e12-4782-a33c-8f17bffa1c2c-groupManagement] INFO  impl.RoleInfo (RoleInfo.java:updateAndGet(139)) - 136604f8-4e12-4782-a33c-8f17bffa1c2c: start 136604f8-4e12-4782-a33c-8f17bffa1c2c@group-8CE91570B4D6-FollowerState
2024-04-26 07:46:03,686 [136604f8-4e12-4782-a33c-8f17bffa1c2c-groupManagement] INFO  util.JmxRegister (JmxRegister.java:tryRegister(44)) - Successfully registered JMX Bean with object name Ratis:service=RaftServer,group=group-8CE91570B4D6,id=136604f8-4e12-4782-a33c-8f17bffa1c2c
2024-04-26 07:46:03,686 [136604f8-4e12-4782-a33c-8f17bffa1c2c-groupManagement] INFO  server.RaftServerConfigKeys (ConfUtils.java:logGet(46)) - raft.server.snapshot.trigger-when-stop.enabled = true (default)
2024-04-26 07:46:03,686 [136604f8-4e12-4782-a33c-8f17bffa1c2c-groupManagement] INFO  server.RaftServerConfigKeys (ConfUtils.java:logGet(46)) - raft.server.snapshot.auto.trigger.enabled = true (custom)
2024-04-26 07:46:03,686 [136604f8-4e12-4782-a33c-8f17bffa1c2c-groupManagement] INFO  server.RaftServerConfigKeys (ConfUtils.java:logGet(46)) - raft.server.snapshot.auto.trigger.threshold = 10000 (custom)
2024-04-26 07:46:03,686 [136604f8-4e12-4782-a33c-8f17bffa1c2c-groupManagement] INFO  server.RaftServerConfigKeys (ConfUtils.java:logGet(46)) - raft.server.snapshot.retention.file.num = 5 (custom)
2024-04-26 07:46:03,686 [136604f8-4e12-4782-a33c-8f17bffa1c2c-groupManagement] INFO  server.RaftServerConfigKeys (ConfUtils.java:logGet(46)) - raft.server.log.purge.upto.snapshot.index = false (default)
2024-04-26 07:46:03,686 [136604f8-4e12-4782-a33c-8f17bffa1c2c@group-8CE91570B4D6-FollowerState] INFO  server.RaftServerConfigKeys (ConfUtils.java:logFallback(53)) - raft.server.rpc.first-election.timeout.min = 5s (fallback to raft.server.rpc.timeout.min)
2024-04-26 07:46:03,686 [136604f8-4e12-4782-a33c-8f17bffa1c2c@group-8CE91570B4D6-FollowerState] INFO  server.RaftServerConfigKeys (ConfUtils.java:logFallback(53)) - raft.server.rpc.first-election.timeout.max = 5200ms (fallback to raft.server.rpc.timeout.max)
2024-04-26 07:46:03,694 [grpc-default-executor-1] INFO  server.RaftServer (RaftServerProxy.java:addNew(100)) - 36c84ee5-0fcd-4ea2-b6d6-812b1364d576: addNew group-8CE91570B4D6:[136604f8-4e12-4782-a33c-8f17bffa1c2c|127.0.0.1:15495, af10ead5-859f-4a8b-b6c8-c04b91d5a3d5|127.0.0.1:15486, 36c84ee5-0fcd-4ea2-b6d6-812b1364d576|127.0.0.1:15504] returns group-8CE91570B4D6:java.util.concurrent.CompletableFuture@244171f[Not completed]
2024-04-26 07:46:03,694 [36c84ee5-0fcd-4ea2-b6d6-812b1364d576-groupManagement] INFO  server.RaftServer$Division (RaftServerImpl.java:<init>(256)) - 36c84ee5-0fcd-4ea2-b6d6-812b1364d576: new RaftServerImpl for group-8CE91570B4D6:[136604f8-4e12-4782-a33c-8f17bffa1c2c|127.0.0.1:15495, af10ead5-859f-4a8b-b6c8-c04b91d5a3d5|127.0.0.1:15486, 36c84ee5-0fcd-4ea2-b6d6-812b1364d576|127.0.0.1:15504] with ContainerStateMachine:uninitialized
2024-04-26 07:46:03,694 [36c84ee5-0fcd-4ea2-b6d6-812b1364d576-groupManagement] INFO  server.RaftServerConfigKeys (ConfUtils.java:logGet(46)) - raft.server.rpc.timeout.min = 5s (custom)
2024-04-26 07:46:03,694 [36c84ee5-0fcd-4ea2-b6d6-812b1364d576-groupManagement] INFO  server.RaftServerConfigKeys (ConfUtils.java:logGet(46)) - raft.server.rpc.timeout.max = 5200ms (custom)
2024-04-26 07:46:03,694 [36c84ee5-0fcd-4ea2-b6d6-812b1364d576-groupManagement] INFO  server.RaftServerConfigKeys (ConfUtils.java:logGet(46)) - raft.server.rpc.sleep.time = 25ms (default)
2024-04-26 07:46:03,694 [36c84ee5-0fcd-4ea2-b6d6-812b1364d576-groupManagement] INFO  server.RaftServerConfigKeys (ConfUtils.java:logGet(46)) - raft.server.rpc.slowness.timeout = 300000ms (custom)
2024-04-26 07:46:03,694 [36c84ee5-0fcd-4ea2-b6d6-812b1364d576-groupManagement] INFO  server.RaftServerConfigKeys (ConfUtils.java:logGet(46)) - raft.server.leaderelection.leader.step-down.wait-time = 10s (default)
2024-04-26 07:46:03,694 [36c84ee5-0fcd-4ea2-b6d6-812b1364d576-groupManagement] INFO  server.RaftServerConfigKeys (ConfUtils.java:logGet(46)) - raft.server.leaderelection.member.majority-add = false (default)
2024-04-26 07:46:03,694 [36c84ee5-0fcd-4ea2-b6d6-812b1364d576-groupManagement] INFO  server.RaftServerConfigKeys (ConfUtils.java:logGet(46)) - raft.server.sleep.deviation.threshold = 300ms (default)
2024-04-26 07:46:03,695 [36c84ee5-0fcd-4ea2-b6d6-812b1364d576-groupManagement] INFO  server.RaftServer$Division (ServerState.java:<init>(113)) - 36c84ee5-0fcd-4ea2-b6d6-812b1364d576@group-8CE91570B4D6: ConfigurationManager, init=-1: peers:[136604f8-4e12-4782-a33c-8f17bffa1c2c|127.0.0.1:15495, af10ead5-859f-4a8b-b6c8-c04b91d5a3d5|127.0.0.1:15486, 36c84ee5-0fcd-4ea2-b6d6-812b1364d576|127.0.0.1:15504]|listeners:[], old=null, confs=<EMPTY_MAP>
2024-04-26 07:46:03,695 [36c84ee5-0fcd-4ea2-b6d6-812b1364d576-groupManagement] INFO  server.RaftServerConfigKeys (ConfUtils.java:logGet(46)) - raft.server.notification.no-leader.timeout = 300000ms (custom)
2024-04-26 07:46:03,695 [36c84ee5-0fcd-4ea2-b6d6-812b1364d576-groupManagement] INFO  server.RaftServerConfigKeys (ConfUtils.java:logGet(46)) - raft.server.read.timeout = 10s (default)
2024-04-26 07:46:03,695 [36c84ee5-0fcd-4ea2-b6d6-812b1364d576-groupManagement] INFO  server.RaftServerConfigKeys (ConfUtils.java:logGet(46)) - raft.server.retrycache.expirytime = 600000ms (custom)
2024-04-26 07:46:03,695 [36c84ee5-0fcd-4ea2-b6d6-812b1364d576-groupManagement] INFO  server.RaftServerConfigKeys (ConfUtils.java:logGet(46)) - raft.server.retrycache.statistics.expirytime = 100ms (default)
2024-04-26 07:46:03,695 [36c84ee5-0fcd-4ea2-b6d6-812b1364d576-groupManagement] INFO  server.RaftServerConfigKeys (ConfUtils.java:logGet(46)) - raft.server.read.option = DEFAULT (default)
2024-04-26 07:46:03,695 [36c84ee5-0fcd-4ea2-b6d6-812b1364d576-groupManagement] INFO  server.RaftServerConfigKeys (ConfUtils.java:logGet(46)) - raft.server.read.read-after-write-consistent.write-index-cache.expiry-time = 60s (default)
2024-04-26 07:46:03,696 [36c84ee5-0fcd-4ea2-b6d6-812b1364d576-groupManagement] INFO  server.RaftServerConfigKeys (ConfUtils.java:logGet(46)) - raft.server.rpc.request.timeout = 3000ms (default)
2024-04-26 07:46:03,696 [36c84ee5-0fcd-4ea2-b6d6-812b1364d576-groupManagement] INFO  server.RaftServerConfigKeys (ConfUtils.java:logGet(46)) - raft.server.log.appender.install.snapshot.enabled = false (custom)
2024-04-26 07:46:03,696 [36c84ee5-0fcd-4ea2-b6d6-812b1364d576-groupManagement] INFO  server.RaftServerConfigKeys (ConfUtils.java:logGet(46)) - raft.server.threadpool.server.cached = true (default)
2024-04-26 07:46:03,696 [36c84ee5-0fcd-4ea2-b6d6-812b1364d576-groupManagement] INFO  server.RaftServerConfigKeys (ConfUtils.java:logGet(46)) - raft.server.threadpool.server.size = 0 (default)
2024-04-26 07:46:03,696 [36c84ee5-0fcd-4ea2-b6d6-812b1364d576-groupManagement] INFO  server.RaftServerConfigKeys (ConfUtils.java:logGet(46)) - raft.server.threadpool.client.cached = true (default)
2024-04-26 07:46:03,696 [36c84ee5-0fcd-4ea2-b6d6-812b1364d576-groupManagement] INFO  server.RaftServerConfigKeys (ConfUtils.java:logGet(46)) - raft.server.threadpool.client.size = 0 (default)
2024-04-26 07:46:03,697 [36c84ee5-0fcd-4ea2-b6d6-812b1364d576-groupManagement] INFO  server.RaftServerConfigKeys (ConfUtils.java:logGet(46)) - raft.server.storage.free-space.min = 0MB (=0) (default)
2024-04-26 07:46:03,697 [36c84ee5-0fcd-4ea2-b6d6-812b1364d576-groupManagement] INFO  server.RaftServerConfigKeys (ConfUtils.java:logGet(46)) - raft.server.log.corruption.policy = EXCEPTION (default)
2024-04-26 07:46:03,697 [36c84ee5-0fcd-4ea2-b6d6-812b1364d576-groupManagement] INFO  server.RaftServerConfigKeys (ConfUtils.java:logGet(46)) - raft.server.storage.dir = [/home/runner/work/ozone/ozone/hadoop-ozone/integration-test/target/test-dir/MiniOzoneClusterImpl-864451be-9a12-4508-8431-6d052999593c/ozone-meta/datanode-6/ratis] (custom)
2024-04-26 07:46:03,697 [36c84ee5-0fcd-4ea2-b6d6-812b1364d576-groupManagement] INFO  storage.RaftStorageDirectory (RaftStorageDirectoryImpl.java:analyzeStorage(138)) - The storage directory /home/runner/work/ozone/ozone/hadoop-ozone/integration-test/target/test-dir/MiniOzoneClusterImpl-864451be-9a12-4508-8431-6d052999593c/ozone-meta/datanode-6/ratis/59219069-eaf1-4b40-948f-8ce91570b4d6 does not exist. Creating ...
2024-04-26 07:46:03,698 [36c84ee5-0fcd-4ea2-b6d6-812b1364d576-groupManagement] INFO  storage.RaftStorageDirectory (RaftStorageDirectoryImpl.java:tryLock(228)) - Lock on /home/runner/work/ozone/ozone/hadoop-ozone/integration-test/target/test-dir/MiniOzoneClusterImpl-864451be-9a12-4508-8431-6d052999593c/ozone-meta/datanode-6/ratis/59219069-eaf1-4b40-948f-8ce91570b4d6/in_use.lock acquired by nodename 21422@fv-az1107-628
2024-04-26 07:46:03,698 [36c84ee5-0fcd-4ea2-b6d6-812b1364d576-groupManagement] INFO  storage.RaftStorage (RaftStorageImpl.java:format(99)) - Storage directory /home/runner/work/ozone/ozone/hadoop-ozone/integration-test/target/test-dir/MiniOzoneClusterImpl-864451be-9a12-4508-8431-6d052999593c/ozone-meta/datanode-6/ratis/59219069-eaf1-4b40-948f-8ce91570b4d6 has been successfully formatted.
2024-04-26 07:46:03,698 [36c84ee5-0fcd-4ea2-b6d6-812b1364d576-groupManagement] WARN  util.FileUtils (LogUtils.java:supplyAndLog(63)) - Failed to Files.newInputStream /home/runner/work/ozone/ozone/hadoop-ozone/integration-test/target/test-dir/MiniOzoneClusterImpl-864451be-9a12-4508-8431-6d052999593c/ozone-meta/datanode-6/ratis/59219069-eaf1-4b40-948f-8ce91570b4d6/current/raft-meta.conf with options []: java.nio.file.NoSuchFileException: /home/runner/work/ozone/ozone/hadoop-ozone/integration-test/target/test-dir/MiniOzoneClusterImpl-864451be-9a12-4508-8431-6d052999593c/ozone-meta/datanode-6/ratis/59219069-eaf1-4b40-948f-8ce91570b4d6/current/raft-meta.conf
2024-04-26 07:46:03,699 [36c84ee5-0fcd-4ea2-b6d6-812b1364d576-groupManagement] INFO  ratis.ContainerStateMachine (ContainerStateMachine.java:loadSnapshot(287)) - group-8CE91570B4D6: The snapshot info is null. Setting the last applied index to:(t:0, i:~)
2024-04-26 07:46:03,699 [36c84ee5-0fcd-4ea2-b6d6-812b1364d576-groupManagement] INFO  server.RaftServerConfigKeys (ConfUtils.java:logGet(46)) - raft.server.log.use.memory = false (default)
2024-04-26 07:46:03,699 [36c84ee5-0fcd-4ea2-b6d6-812b1364d576-groupManagement] INFO  server.RaftServerConfigKeys (ConfUtils.java:logGet(46)) - raft.server.log.purge.gap = 1000000 (custom)
2024-04-26 07:46:03,699 [36c84ee5-0fcd-4ea2-b6d6-812b1364d576-groupManagement] INFO  server.RaftServerConfigKeys (ConfUtils.java:logGet(46)) - raft.server.log.appender.buffer.byte-limit = 8388608 (custom)
2024-04-26 07:46:03,699 [36c84ee5-0fcd-4ea2-b6d6-812b1364d576-groupManagement] INFO  server.RaftServerConfigKeys (ConfUtils.java:logGet(46)) - raft.server.log.statemachine.data.read.timeout = 1000ms (default)
2024-04-26 07:46:03,699 [36c84ee5-0fcd-4ea2-b6d6-812b1364d576-groupManagement] INFO  server.RaftServerConfigKeys (ConfUtils.java:logGet(46)) - raft.server.log.purge.preservation.log.num = 0 (default)
2024-04-26 07:46:03,700 [136604f8-4e12-4782-a33c-8f17bffa1c2c-PipelineCommandHandlerThread-0] INFO  server.RaftServer (RaftServerProxy.java:addNew(100)) - 136604f8-4e12-4782-a33c-8f17bffa1c2c: addNew group-CC9B6B7A2B93:[136604f8-4e12-4782-a33c-8f17bffa1c2c|127.0.0.1:15495] returns group-CC9B6B7A2B93:java.util.concurrent.CompletableFuture@54a6e08[Not completed]
2024-04-26 07:46:03,700 [36c84ee5-0fcd-4ea2-b6d6-812b1364d576-groupManagement] INFO  server.RaftServerConfigKeys (ConfUtils.java:logGet(46)) - raft.server.log.segment.size.max = 67108864 (custom)
2024-04-26 07:46:03,700 [136604f8-4e12-4782-a33c-8f17bffa1c2c-groupManagement] INFO  server.RaftServer$Division (RaftServerImpl.java:<init>(256)) - 136604f8-4e12-4782-a33c-8f17bffa1c2c: new RaftServerImpl for group-CC9B6B7A2B93:[136604f8-4e12-4782-a33c-8f17bffa1c2c|127.0.0.1:15495] with ContainerStateMachine:uninitialized
2024-04-26 07:46:03,700 [136604f8-4e12-4782-a33c-8f17bffa1c2c-groupManagement] INFO  server.RaftServerConfigKeys (ConfUtils.java:logGet(46)) - raft.server.rpc.timeout.min = 5s (custom)
2024-04-26 07:46:03,700 [136604f8-4e12-4782-a33c-8f17bffa1c2c-groupManagement] INFO  server.RaftServerConfigKeys (ConfUtils.java:logGet(46)) - raft.server.rpc.timeout.max = 5200ms (custom)
2024-04-26 07:46:03,700 [136604f8-4e12-4782-a33c-8f17bffa1c2c-groupManagement] INFO  server.RaftServerConfigKeys (ConfUtils.java:logGet(46)) - raft.server.rpc.sleep.time = 25ms (default)
2024-04-26 07:46:03,700 [136604f8-4e12-4782-a33c-8f17bffa1c2c-groupManagement] INFO  server.RaftServerConfigKeys (ConfUtils.java:logGet(46)) - raft.server.rpc.slowness.timeout = 300000ms (custom)
2024-04-26 07:46:03,700 [136604f8-4e12-4782-a33c-8f17bffa1c2c-groupManagement] INFO  server.RaftServerConfigKeys (ConfUtils.java:logGet(46)) - raft.server.leaderelection.leader.step-down.wait-time = 10s (default)
2024-04-26 07:46:03,700 [136604f8-4e12-4782-a33c-8f17bffa1c2c-groupManagement] INFO  server.RaftServerConfigKeys (ConfUtils.java:logGet(46)) - raft.server.leaderelection.member.majority-add = false (default)
2024-04-26 07:46:03,700 [136604f8-4e12-4782-a33c-8f17bffa1c2c-groupManagement] INFO  server.RaftServerConfigKeys (ConfUtils.java:logGet(46)) - raft.server.sleep.deviation.threshold = 300ms (default)
2024-04-26 07:46:03,700 [136604f8-4e12-4782-a33c-8f17bffa1c2c-groupManagement] INFO  server.RaftServer$Division (ServerState.java:<init>(113)) - 136604f8-4e12-4782-a33c-8f17bffa1c2c@group-CC9B6B7A2B93: ConfigurationManager, init=-1: peers:[136604f8-4e12-4782-a33c-8f17bffa1c2c|127.0.0.1:15495]|listeners:[], old=null, confs=<EMPTY_MAP>
2024-04-26 07:46:03,700 [136604f8-4e12-4782-a33c-8f17bffa1c2c-groupManagement] INFO  server.RaftServerConfigKeys (ConfUtils.java:logGet(46)) - raft.server.notification.no-leader.timeout = 300000ms (custom)
2024-04-26 07:46:03,700 [136604f8-4e12-4782-a33c-8f17bffa1c2c-groupManagement] INFO  server.RaftServerConfigKeys (ConfUtils.java:logGet(46)) - raft.server.read.timeout = 10s (default)
2024-04-26 07:46:03,700 [136604f8-4e12-4782-a33c-8f17bffa1c2c-groupManagement] INFO  server.RaftServerConfigKeys (ConfUtils.java:logGet(46)) - raft.server.retrycache.expirytime = 600000ms (custom)
2024-04-26 07:46:03,700 [136604f8-4e12-4782-a33c-8f17bffa1c2c-groupManagement] INFO  server.RaftServerConfigKeys (ConfUtils.java:logGet(46)) - raft.server.retrycache.statistics.expirytime = 100ms (default)
2024-04-26 07:46:03,700 [136604f8-4e12-4782-a33c-8f17bffa1c2c-groupManagement] INFO  server.RaftServerConfigKeys (ConfUtils.java:logGet(46)) - raft.server.read.option = DEFAULT (default)
2024-04-26 07:46:03,701 [136604f8-4e12-4782-a33c-8f17bffa1c2c-groupManagement] INFO  server.RaftServerConfigKeys (ConfUtils.java:logGet(46)) - raft.server.read.read-after-write-consistent.write-index-cache.expiry-time = 60s (default)
2024-04-26 07:46:03,701 [36c84ee5-0fcd-4ea2-b6d6-812b1364d576-groupManagement] INFO  server.RaftServerConfigKeys (ConfUtils.java:logGet(46)) - raft.server.log.segment.cache.num.max = 2 (custom)
2024-04-26 07:46:03,701 [36c84ee5-0fcd-4ea2-b6d6-812b1364d576-groupManagement] INFO  server.RaftServerConfigKeys (ConfUtils.java:logGet(46)) - raft.server.log.segment.cache.size.max = 200MB (=209715200) (default)
2024-04-26 07:46:03,701 [36c84ee5-0fcd-4ea2-b6d6-812b1364d576-groupManagement] INFO  server.RaftServerConfigKeys (ConfUtils.java:logGet(46)) - raft.server.log.appender.buffer.byte-limit = 8388608 (custom)
2024-04-26 07:46:03,701 [36c84ee5-0fcd-4ea2-b6d6-812b1364d576-groupManagement] INFO  util.AwaitToRun (AwaitToRun.java:start(81)) - Thread[36c84ee5-0fcd-4ea2-b6d6-812b1364d576@group-8CE91570B4D6-cacheEviction-AwaitToRun,5,main] started
2024-04-26 07:46:03,701 [36c84ee5-0fcd-4ea2-b6d6-812b1364d576-groupManagement] INFO  segmented.SegmentedRaftLogWorker (SegmentedRaftLogWorker.java:<init>(182)) - new 36c84ee5-0fcd-4ea2-b6d6-812b1364d576@group-8CE91570B4D6-SegmentedRaftLogWorker for RaftStorageImpl:Storage Directory /home/runner/work/ozone/ozone/hadoop-ozone/integration-test/target/test-dir/MiniOzoneClusterImpl-864451be-9a12-4508-8431-6d052999593c/ozone-meta/datanode-6/ratis/59219069-eaf1-4b40-948f-8ce91570b4d6
2024-04-26 07:46:03,701 [36c84ee5-0fcd-4ea2-b6d6-812b1364d576-groupManagement] INFO  server.RaftServerConfigKeys (ConfUtils.java:logGet(46)) - raft.server.log.queue.byte-limit = 4294967296 (custom)
2024-04-26 07:46:03,701 [36c84ee5-0fcd-4ea2-b6d6-812b1364d576-groupManagement] INFO  server.RaftServerConfigKeys (ConfUtils.java:logGet(46)) - raft.server.log.queue.element-limit = 1024 (custom)
2024-04-26 07:46:03,701 [36c84ee5-0fcd-4ea2-b6d6-812b1364d576-groupManagement] INFO  server.RaftServerConfigKeys (ConfUtils.java:logGet(46)) - raft.server.log.segment.size.max = 67108864 (custom)
2024-04-26 07:46:03,701 [36c84ee5-0fcd-4ea2-b6d6-812b1364d576-groupManagement] INFO  server.RaftServerConfigKeys (ConfUtils.java:logGet(46)) - raft.server.log.preallocated.size = 4194304 (custom)
2024-04-26 07:46:03,701 [36c84ee5-0fcd-4ea2-b6d6-812b1364d576-groupManagement] INFO  server.RaftServerConfigKeys (ConfUtils.java:logGet(46)) - raft.server.log.force.sync.num = 128 (default)
2024-04-26 07:46:03,701 [36c84ee5-0fcd-4ea2-b6d6-812b1364d576-groupManagement] INFO  server.RaftServerConfigKeys (ConfUtils.java:logGet(46)) - raft.server.log.statemachine.data.sync = true (default)
2024-04-26 07:46:03,701 [36c84ee5-0fcd-4ea2-b6d6-812b1364d576-groupManagement] INFO  server.RaftServerConfigKeys (ConfUtils.java:logGet(46)) - raft.server.log.statemachine.data.sync.timeout = 10s (default)
2024-04-26 07:46:03,701 [36c84ee5-0fcd-4ea2-b6d6-812b1364d576-groupManagement] INFO  server.RaftServerConfigKeys (ConfUtils.java:logGet(46)) - raft.server.log.statemachine.data.sync.timeout.retry = 30 (custom)
2024-04-26 07:46:03,702 [36c84ee5-0fcd-4ea2-b6d6-812b1364d576-groupManagement] INFO  server.RaftServerConfigKeys (ConfUtils.java:logGet(46)) - raft.server.log.write.buffer.size = 8388616 (custom)
2024-04-26 07:46:03,703 [136604f8-4e12-4782-a33c-8f17bffa1c2c-groupManagement] INFO  server.RaftServerConfigKeys (ConfUtils.java:logGet(46)) - raft.server.rpc.request.timeout = 3000ms (default)
2024-04-26 07:46:03,703 [136604f8-4e12-4782-a33c-8f17bffa1c2c-groupManagement] INFO  server.RaftServerConfigKeys (ConfUtils.java:logGet(46)) - raft.server.log.appender.install.snapshot.enabled = false (custom)
2024-04-26 07:46:03,703 [136604f8-4e12-4782-a33c-8f17bffa1c2c-groupManagement] INFO  server.RaftServerConfigKeys (ConfUtils.java:logGet(46)) - raft.server.threadpool.server.cached = true (default)
2024-04-26 07:46:03,703 [136604f8-4e12-4782-a33c-8f17bffa1c2c-groupManagement] INFO  server.RaftServerConfigKeys (ConfUtils.java:logGet(46)) - raft.server.threadpool.server.size = 0 (default)
2024-04-26 07:46:03,703 [136604f8-4e12-4782-a33c-8f17bffa1c2c-groupManagement] INFO  server.RaftServerConfigKeys (ConfUtils.java:logGet(46)) - raft.server.threadpool.client.cached = true (default)
2024-04-26 07:46:03,703 [136604f8-4e12-4782-a33c-8f17bffa1c2c-groupManagement] INFO  server.RaftServerConfigKeys (ConfUtils.java:logGet(46)) - raft.server.threadpool.client.size = 0 (default)
2024-04-26 07:46:03,703 [136604f8-4e12-4782-a33c-8f17bffa1c2c-groupManagement] INFO  server.RaftServerConfigKeys (ConfUtils.java:logGet(46)) - raft.server.storage.free-space.min = 0MB (=0) (default)
2024-04-26 07:46:03,703 [136604f8-4e12-4782-a33c-8f17bffa1c2c-groupManagement] INFO  server.RaftServerConfigKeys (ConfUtils.java:logGet(46)) - raft.server.log.corruption.policy = EXCEPTION (default)
2024-04-26 07:46:03,703 [136604f8-4e12-4782-a33c-8f17bffa1c2c-groupManagement] INFO  server.RaftServerConfigKeys (ConfUtils.java:logGet(46)) - raft.server.storage.dir = [/home/runner/work/ozone/ozone/hadoop-ozone/integration-test/target/test-dir/MiniOzoneClusterImpl-864451be-9a12-4508-8431-6d052999593c/ozone-meta/datanode-5/ratis] (custom)
2024-04-26 07:46:03,703 [136604f8-4e12-4782-a33c-8f17bffa1c2c-groupManagement] INFO  storage.RaftStorageDirectory (RaftStorageDirectoryImpl.java:analyzeStorage(138)) - The storage directory /home/runner/work/ozone/ozone/hadoop-ozone/integration-test/target/test-dir/MiniOzoneClusterImpl-864451be-9a12-4508-8431-6d052999593c/ozone-meta/datanode-5/ratis/fe5eb942-71db-4d90-babe-cc9b6b7a2b93 does not exist. Creating ...
2024-04-26 07:46:03,703 [136604f8-4e12-4782-a33c-8f17bffa1c2c-groupManagement] INFO  storage.RaftStorageDirectory (RaftStorageDirectoryImpl.java:tryLock(228)) - Lock on /home/runner/work/ozone/ozone/hadoop-ozone/integration-test/target/test-dir/MiniOzoneClusterImpl-864451be-9a12-4508-8431-6d052999593c/ozone-meta/datanode-5/ratis/fe5eb942-71db-4d90-babe-cc9b6b7a2b93/in_use.lock acquired by nodename 21422@fv-az1107-628
2024-04-26 07:46:03,703 [36c84ee5-0fcd-4ea2-b6d6-812b1364d576-groupManagement] INFO  server.RaftServerConfigKeys (ConfUtils.java:logGet(46)) - raft.server.log.appender.buffer.byte-limit = 8388608 (custom)
2024-04-26 07:46:03,704 [36c84ee5-0fcd-4ea2-b6d6-812b1364d576-groupManagement] INFO  server.RaftServerConfigKeys (ConfUtils.java:logGet(46)) - raft.server.log.unsafe-flush.enabled = false (default)
2024-04-26 07:46:03,704 [36c84ee5-0fcd-4ea2-b6d6-812b1364d576-groupManagement] INFO  server.RaftServerConfigKeys (ConfUtils.java:logGet(46)) - raft.server.log.async-flush.enabled = false (default)
2024-04-26 07:46:03,704 [36c84ee5-0fcd-4ea2-b6d6-812b1364d576-groupManagement] INFO  server.RaftServerConfigKeys (ConfUtils.java:logGet(46)) - raft.server.log.statemachine.data.caching.enabled = true (custom)
2024-04-26 07:46:03,704 [36c84ee5-0fcd-4ea2-b6d6-812b1364d576-groupManagement] INFO  segmented.SegmentedRaftLogWorker (SegmentedRaftLogWorker.java:lambda$new$0(134)) - 36c84ee5-0fcd-4ea2-b6d6-812b1364d576@group-8CE91570B4D6-SegmentedRaftLogWorker: flushIndex: setUnconditionally 0 -> -1
2024-04-26 07:46:03,704 [36c84ee5-0fcd-4ea2-b6d6-812b1364d576-groupManagement] INFO  segmented.SegmentedRaftLogWorker (SegmentedRaftLogWorker.java:lambda$new$0(134)) - 36c84ee5-0fcd-4ea2-b6d6-812b1364d576@group-8CE91570B4D6-SegmentedRaftLogWorker: safeCacheEvictIndex: setUnconditionally 0 -> -1
2024-04-26 07:46:03,704 [36c84ee5-0fcd-4ea2-b6d6-812b1364d576-groupManagement] INFO  server.RaftServer$Division (RaftServerImpl.java:start(396)) - 36c84ee5-0fcd-4ea2-b6d6-812b1364d576@group-8CE91570B4D6: start as a follower, conf=-1: peers:[136604f8-4e12-4782-a33c-8f17bffa1c2c|127.0.0.1:15495, af10ead5-859f-4a8b-b6c8-c04b91d5a3d5|127.0.0.1:15486, 36c84ee5-0fcd-4ea2-b6d6-812b1364d576|127.0.0.1:15504]|listeners:[], old=null
2024-04-26 07:46:03,704 [36c84ee5-0fcd-4ea2-b6d6-812b1364d576-groupManagement] INFO  server.RaftServer$Division (RaftServerImpl.java:setRole(383)) - 36c84ee5-0fcd-4ea2-b6d6-812b1364d576@group-8CE91570B4D6: changes role from      null to FOLLOWER at term 0 for startAsFollower
2024-04-26 07:46:03,704 [136604f8-4e12-4782-a33c-8f17bffa1c2c-groupManagement] INFO  storage.RaftStorage (RaftStorageImpl.java:format(99)) - Storage directory /home/runner/work/ozone/ozone/hadoop-ozone/integration-test/target/test-dir/MiniOzoneClusterImpl-864451be-9a12-4508-8431-6d052999593c/ozone-meta/datanode-5/ratis/fe5eb942-71db-4d90-babe-cc9b6b7a2b93 has been successfully formatted.
2024-04-26 07:46:03,704 [36c84ee5-0fcd-4ea2-b6d6-812b1364d576-groupManagement] INFO  impl.RoleInfo (RoleInfo.java:updateAndGet(139)) - 36c84ee5-0fcd-4ea2-b6d6-812b1364d576: start 36c84ee5-0fcd-4ea2-b6d6-812b1364d576@group-8CE91570B4D6-FollowerState
2024-04-26 07:46:03,705 [136604f8-4e12-4782-a33c-8f17bffa1c2c-groupManagement] WARN  util.FileUtils (LogUtils.java:supplyAndLog(63)) - Failed to Files.newInputStream /home/runner/work/ozone/ozone/hadoop-ozone/integration-test/target/test-dir/MiniOzoneClusterImpl-864451be-9a12-4508-8431-6d052999593c/ozone-meta/datanode-5/ratis/fe5eb942-71db-4d90-babe-cc9b6b7a2b93/current/raft-meta.conf with options []: java.nio.file.NoSuchFileException: /home/runner/work/ozone/ozone/hadoop-ozone/integration-test/target/test-dir/MiniOzoneClusterImpl-864451be-9a12-4508-8431-6d052999593c/ozone-meta/datanode-5/ratis/fe5eb942-71db-4d90-babe-cc9b6b7a2b93/current/raft-meta.conf
2024-04-26 07:46:03,705 [36c84ee5-0fcd-4ea2-b6d6-812b1364d576@group-8CE91570B4D6-FollowerState] INFO  server.RaftServerConfigKeys (ConfUtils.java:logFallback(53)) - raft.server.rpc.first-election.timeout.min = 5s (fallback to raft.server.rpc.timeout.min)
2024-04-26 07:46:03,705 [36c84ee5-0fcd-4ea2-b6d6-812b1364d576@group-8CE91570B4D6-FollowerState] INFO  server.RaftServerConfigKeys (ConfUtils.java:logFallback(53)) - raft.server.rpc.first-election.timeout.max = 5200ms (fallback to raft.server.rpc.timeout.max)
2024-04-26 07:46:03,705 [36c84ee5-0fcd-4ea2-b6d6-812b1364d576-groupManagement] INFO  util.JmxRegister (JmxRegister.java:tryRegister(44)) - Successfully registered JMX Bean with object name Ratis:service=RaftServer,group=group-8CE91570B4D6,id=36c84ee5-0fcd-4ea2-b6d6-812b1364d576
2024-04-26 07:46:03,705 [36c84ee5-0fcd-4ea2-b6d6-812b1364d576-groupManagement] INFO  server.RaftServerConfigKeys (ConfUtils.java:logGet(46)) - raft.server.snapshot.trigger-when-stop.enabled = true (default)
2024-04-26 07:46:03,705 [36c84ee5-0fcd-4ea2-b6d6-812b1364d576-groupManagement] INFO  server.RaftServerConfigKeys (ConfUtils.java:logGet(46)) - raft.server.snapshot.auto.trigger.enabled = true (custom)
2024-04-26 07:46:03,705 [36c84ee5-0fcd-4ea2-b6d6-812b1364d576-groupManagement] INFO  server.RaftServerConfigKeys (ConfUtils.java:logGet(46)) - raft.server.snapshot.auto.trigger.threshold = 10000 (custom)
2024-04-26 07:46:03,705 [36c84ee5-0fcd-4ea2-b6d6-812b1364d576-groupManagement] INFO  server.RaftServerConfigKeys (ConfUtils.java:logGet(46)) - raft.server.snapshot.retention.file.num = 5 (custom)
2024-04-26 07:46:03,705 [36c84ee5-0fcd-4ea2-b6d6-812b1364d576-groupManagement] INFO  server.RaftServerConfigKeys (ConfUtils.java:logGet(46)) - raft.server.log.purge.upto.snapshot.index = false (default)
2024-04-26 07:46:03,706 [136604f8-4e12-4782-a33c-8f17bffa1c2c-groupManagement] INFO  ratis.ContainerStateMachine (ContainerStateMachine.java:loadSnapshot(287)) - group-CC9B6B7A2B93: The snapshot info is null. Setting the last applied index to:(t:0, i:~)
2024-04-26 07:46:03,706 [136604f8-4e12-4782-a33c-8f17bffa1c2c-groupManagement] INFO  server.RaftServerConfigKeys (ConfUtils.java:logGet(46)) - raft.server.log.use.memory = false (default)
2024-04-26 07:46:03,706 [136604f8-4e12-4782-a33c-8f17bffa1c2c-groupManagement] INFO  server.RaftServerConfigKeys (ConfUtils.java:logGet(46)) - raft.server.log.purge.gap = 1000000 (custom)
2024-04-26 07:46:03,706 [136604f8-4e12-4782-a33c-8f17bffa1c2c-groupManagement] INFO  server.RaftServerConfigKeys (ConfUtils.java:logGet(46)) - raft.server.log.appender.buffer.byte-limit = 8388608 (custom)
2024-04-26 07:46:03,706 [136604f8-4e12-4782-a33c-8f17bffa1c2c-groupManagement] INFO  server.RaftServerConfigKeys (ConfUtils.java:logGet(46)) - raft.server.log.statemachine.data.read.timeout = 1000ms (default)
2024-04-26 07:46:03,706 [136604f8-4e12-4782-a33c-8f17bffa1c2c-groupManagement] INFO  server.RaftServerConfigKeys (ConfUtils.java:logGet(46)) - raft.server.log.purge.preservation.log.num = 0 (default)
2024-04-26 07:46:03,706 [EventQueue-PipelineReportForPipelineReportHandler] INFO  pipeline.PipelineReportHandler (PipelineReportHandler.java:processPipelineReport(136)) - Opened pipeline PipelineID=fe5eb942-71db-4d90-babe-cc9b6b7a2b93
2024-04-26 07:46:03,706 [EventQueue-OpenPipelineForHealthyPipelineSafeModeRule] INFO  safemode.SCMSafeModeManager (HealthyPipelineSafeModeRule.java:process(140)) - SCM in safe mode. Healthy pipelines reported count is 0, required healthy pipeline reported count is 1
2024-04-26 07:46:03,708 [136604f8-4e12-4782-a33c-8f17bffa1c2c-groupManagement] INFO  server.RaftServerConfigKeys (ConfUtils.java:logGet(46)) - raft.server.log.segment.size.max = 67108864 (custom)
2024-04-26 07:46:03,709 [136604f8-4e12-4782-a33c-8f17bffa1c2c-groupManagement] INFO  server.RaftServerConfigKeys (ConfUtils.java:logGet(46)) - raft.server.log.segment.cache.num.max = 2 (custom)
2024-04-26 07:46:03,709 [136604f8-4e12-4782-a33c-8f17bffa1c2c-groupManagement] INFO  server.RaftServerConfigKeys (ConfUtils.java:logGet(46)) - raft.server.log.segment.cache.size.max = 200MB (=209715200) (default)
2024-04-26 07:46:03,709 [136604f8-4e12-4782-a33c-8f17bffa1c2c-groupManagement] INFO  server.RaftServerConfigKeys (ConfUtils.java:logGet(46)) - raft.server.log.appender.buffer.byte-limit = 8388608 (custom)
2024-04-26 07:46:03,709 [136604f8-4e12-4782-a33c-8f17bffa1c2c-groupManagement] INFO  util.AwaitToRun (AwaitToRun.java:start(81)) - Thread[136604f8-4e12-4782-a33c-8f17bffa1c2c@group-CC9B6B7A2B93-cacheEviction-AwaitToRun,5,main] started
2024-04-26 07:46:03,709 [136604f8-4e12-4782-a33c-8f17bffa1c2c-groupManagement] INFO  segmented.SegmentedRaftLogWorker (SegmentedRaftLogWorker.java:<init>(182)) - new 136604f8-4e12-4782-a33c-8f17bffa1c2c@group-CC9B6B7A2B93-SegmentedRaftLogWorker for RaftStorageImpl:Storage Directory /home/runner/work/ozone/ozone/hadoop-ozone/integration-test/target/test-dir/MiniOzoneClusterImpl-864451be-9a12-4508-8431-6d052999593c/ozone-meta/datanode-5/ratis/fe5eb942-71db-4d90-babe-cc9b6b7a2b93
2024-04-26 07:46:03,709 [136604f8-4e12-4782-a33c-8f17bffa1c2c-groupManagement] INFO  server.RaftServerConfigKeys (ConfUtils.java:logGet(46)) - raft.server.log.queue.byte-limit = 4294967296 (custom)
2024-04-26 07:46:03,709 [136604f8-4e12-4782-a33c-8f17bffa1c2c-groupManagement] INFO  server.RaftServerConfigKeys (ConfUtils.java:logGet(46)) - raft.server.log.queue.element-limit = 1024 (custom)
2024-04-26 07:46:03,709 [136604f8-4e12-4782-a33c-8f17bffa1c2c-groupManagement] INFO  server.RaftServerConfigKeys (ConfUtils.java:logGet(46)) - raft.server.log.segment.size.max = 67108864 (custom)
2024-04-26 07:46:03,709 [136604f8-4e12-4782-a33c-8f17bffa1c2c-groupManagement] INFO  server.RaftServerConfigKeys (ConfUtils.java:logGet(46)) - raft.server.log.preallocated.size = 4194304 (custom)
2024-04-26 07:46:03,709 [136604f8-4e12-4782-a33c-8f17bffa1c2c-groupManagement] INFO  server.RaftServerConfigKeys (ConfUtils.java:logGet(46)) - raft.server.log.force.sync.num = 128 (default)
2024-04-26 07:46:03,709 [136604f8-4e12-4782-a33c-8f17bffa1c2c-groupManagement] INFO  server.RaftServerConfigKeys (ConfUtils.java:logGet(46)) - raft.server.log.statemachine.data.sync = true (default)
2024-04-26 07:46:03,709 [136604f8-4e12-4782-a33c-8f17bffa1c2c-groupManagement] INFO  server.RaftServerConfigKeys (ConfUtils.java:logGet(46)) - raft.server.log.statemachine.data.sync.timeout = 10s (default)
2024-04-26 07:46:03,709 [136604f8-4e12-4782-a33c-8f17bffa1c2c-groupManagement] INFO  server.RaftServerConfigKeys (ConfUtils.java:logGet(46)) - raft.server.log.statemachine.data.sync.timeout.retry = 30 (custom)
2024-04-26 07:46:03,710 [136604f8-4e12-4782-a33c-8f17bffa1c2c-groupManagement] INFO  server.RaftServerConfigKeys (ConfUtils.java:logGet(46)) - raft.server.log.write.buffer.size = 8388616 (custom)
2024-04-26 07:46:03,710 [af10ead5-859f-4a8b-b6c8-c04b91d5a3d5-PipelineCommandHandlerThread-0] INFO  commandhandler.CreatePipelineCommandHandler (CreatePipelineCommandHandler.java:lambda$handle$2(124)) - Created Pipeline RATIS THREE PipelineID=59219069-eaf1-4b40-948f-8ce91570b4d6.
2024-04-26 07:46:03,711 [136604f8-4e12-4782-a33c-8f17bffa1c2c-groupManagement] INFO  server.RaftServerConfigKeys (ConfUtils.java:logGet(46)) - raft.server.log.appender.buffer.byte-limit = 8388608 (custom)
2024-04-26 07:46:03,711 [136604f8-4e12-4782-a33c-8f17bffa1c2c-groupManagement] INFO  server.RaftServerConfigKeys (ConfUtils.java:logGet(46)) - raft.server.log.unsafe-flush.enabled = false (default)
2024-04-26 07:46:03,711 [136604f8-4e12-4782-a33c-8f17bffa1c2c-groupManagement] INFO  server.RaftServerConfigKeys (ConfUtils.java:logGet(46)) - raft.server.log.async-flush.enabled = false (default)
2024-04-26 07:46:03,711 [136604f8-4e12-4782-a33c-8f17bffa1c2c-groupManagement] INFO  server.RaftServerConfigKeys (ConfUtils.java:logGet(46)) - raft.server.log.statemachine.data.caching.enabled = true (custom)
2024-04-26 07:46:03,711 [136604f8-4e12-4782-a33c-8f17bffa1c2c-groupManagement] INFO  segmented.SegmentedRaftLogWorker (SegmentedRaftLogWorker.java:lambda$new$0(134)) - 136604f8-4e12-4782-a33c-8f17bffa1c2c@group-CC9B6B7A2B93-SegmentedRaftLogWorker: flushIndex: setUnconditionally 0 -> -1
2024-04-26 07:46:03,711 [136604f8-4e12-4782-a33c-8f17bffa1c2c-groupManagement] INFO  segmented.SegmentedRaftLogWorker (SegmentedRaftLogWorker.java:lambda$new$0(134)) - 136604f8-4e12-4782-a33c-8f17bffa1c2c@group-CC9B6B7A2B93-SegmentedRaftLogWorker: safeCacheEvictIndex: setUnconditionally 0 -> -1
2024-04-26 07:46:03,711 [136604f8-4e12-4782-a33c-8f17bffa1c2c-groupManagement] INFO  server.RaftServer$Division (RaftServerImpl.java:start(396)) - 136604f8-4e12-4782-a33c-8f17bffa1c2c@group-CC9B6B7A2B93: start as a follower, conf=-1: peers:[136604f8-4e12-4782-a33c-8f17bffa1c2c|127.0.0.1:15495]|listeners:[], old=null
2024-04-26 07:46:03,711 [136604f8-4e12-4782-a33c-8f17bffa1c2c-groupManagement] INFO  server.RaftServer$Division (RaftServerImpl.java:setRole(383)) - 136604f8-4e12-4782-a33c-8f17bffa1c2c@group-CC9B6B7A2B93: changes role from      null to FOLLOWER at term 0 for startAsFollower
2024-04-26 07:46:03,711 [136604f8-4e12-4782-a33c-8f17bffa1c2c-groupManagement] INFO  impl.RoleInfo (RoleInfo.java:updateAndGet(139)) - 136604f8-4e12-4782-a33c-8f17bffa1c2c: start 136604f8-4e12-4782-a33c-8f17bffa1c2c@group-CC9B6B7A2B93-FollowerState
2024-04-26 07:46:03,711 [136604f8-4e12-4782-a33c-8f17bffa1c2c-groupManagement] INFO  util.JmxRegister (JmxRegister.java:tryRegister(44)) - Successfully registered JMX Bean with object name Ratis:service=RaftServer,group=group-CC9B6B7A2B93,id=136604f8-4e12-4782-a33c-8f17bffa1c2c
2024-04-26 07:46:03,711 [136604f8-4e12-4782-a33c-8f17bffa1c2c@group-CC9B6B7A2B93-FollowerState] INFO  server.RaftServerConfigKeys (ConfUtils.java:logFallback(53)) - raft.server.rpc.first-election.timeout.min = 5s (fallback to raft.server.rpc.timeout.min)
2024-04-26 07:46:03,711 [136604f8-4e12-4782-a33c-8f17bffa1c2c@group-CC9B6B7A2B93-FollowerState] INFO  server.RaftServerConfigKeys (ConfUtils.java:logFallback(53)) - raft.server.rpc.first-election.timeout.max = 5200ms (fallback to raft.server.rpc.timeout.max)
2024-04-26 07:46:03,711 [136604f8-4e12-4782-a33c-8f17bffa1c2c-groupManagement] INFO  server.RaftServerConfigKeys (ConfUtils.java:logGet(46)) - raft.server.snapshot.trigger-when-stop.enabled = true (default)
2024-04-26 07:46:03,712 [136604f8-4e12-4782-a33c-8f17bffa1c2c-groupManagement] INFO  server.RaftServerConfigKeys (ConfUtils.java:logGet(46)) - raft.server.snapshot.auto.trigger.enabled = true (custom)
2024-04-26 07:46:03,712 [136604f8-4e12-4782-a33c-8f17bffa1c2c-groupManagement] INFO  server.RaftServerConfigKeys (ConfUtils.java:logGet(46)) - raft.server.snapshot.auto.trigger.threshold = 10000 (custom)
2024-04-26 07:46:03,712 [136604f8-4e12-4782-a33c-8f17bffa1c2c-groupManagement] INFO  server.RaftServerConfigKeys (ConfUtils.java:logGet(46)) - raft.server.snapshot.retention.file.num = 5 (custom)
2024-04-26 07:46:03,712 [136604f8-4e12-4782-a33c-8f17bffa1c2c-groupManagement] INFO  server.RaftServerConfigKeys (ConfUtils.java:logGet(46)) - raft.server.log.purge.upto.snapshot.index = false (default)
2024-04-26 07:46:03,712 [136604f8-4e12-4782-a33c-8f17bffa1c2c-PipelineCommandHandlerThread-0] INFO  ratis.XceiverServerRatis (XceiverServerRatis.java:addGroup(864)) - Created group PipelineID=fe5eb942-71db-4d90-babe-cc9b6b7a2b93
2024-04-26 07:46:03,712 [136604f8-4e12-4782-a33c-8f17bffa1c2c-PipelineCommandHandlerThread-0] INFO  commandhandler.CreatePipelineCommandHandler (CreatePipelineCommandHandler.java:lambda$handle$2(124)) - Created Pipeline RATIS ONE PipelineID=fe5eb942-71db-4d90-babe-cc9b6b7a2b93.
2024-04-26 07:46:03,741 [36c84ee5-0fcd-4ea2-b6d6-812b1364d576-PipelineCommandHandlerThread-0] INFO  server.RaftServer (RaftServerProxy.java:addNew(100)) - 36c84ee5-0fcd-4ea2-b6d6-812b1364d576: addNew group-156078557861:[36c84ee5-0fcd-4ea2-b6d6-812b1364d576|127.0.0.1:15504] returns group-156078557861:java.util.concurrent.CompletableFuture@7076c545[Not completed]
2024-04-26 07:46:03,741 [36c84ee5-0fcd-4ea2-b6d6-812b1364d576-groupManagement] INFO  server.RaftServer$Division (RaftServerImpl.java:<init>(256)) - 36c84ee5-0fcd-4ea2-b6d6-812b1364d576: new RaftServerImpl for group-156078557861:[36c84ee5-0fcd-4ea2-b6d6-812b1364d576|127.0.0.1:15504] with ContainerStateMachine:uninitialized
2024-04-26 07:46:03,741 [36c84ee5-0fcd-4ea2-b6d6-812b1364d576-groupManagement] INFO  server.RaftServerConfigKeys (ConfUtils.java:logGet(46)) - raft.server.rpc.timeout.min = 5s (custom)
2024-04-26 07:46:03,742 [36c84ee5-0fcd-4ea2-b6d6-812b1364d576-groupManagement] INFO  server.RaftServerConfigKeys (ConfUtils.java:logGet(46)) - raft.server.rpc.timeout.max = 5200ms (custom)
2024-04-26 07:46:03,742 [36c84ee5-0fcd-4ea2-b6d6-812b1364d576-groupManagement] INFO  server.RaftServerConfigKeys (ConfUtils.java:logGet(46)) - raft.server.rpc.sleep.time = 25ms (default)
2024-04-26 07:46:03,742 [36c84ee5-0fcd-4ea2-b6d6-812b1364d576-groupManagement] INFO  server.RaftServerConfigKeys (ConfUtils.java:logGet(46)) - raft.server.rpc.slowness.timeout = 300000ms (custom)
2024-04-26 07:46:03,742 [36c84ee5-0fcd-4ea2-b6d6-812b1364d576-groupManagement] INFO  server.RaftServerConfigKeys (ConfUtils.java:logGet(46)) - raft.server.leaderelection.leader.step-down.wait-time = 10s (default)
2024-04-26 07:46:03,742 [36c84ee5-0fcd-4ea2-b6d6-812b1364d576-groupManagement] INFO  server.RaftServerConfigKeys (ConfUtils.java:logGet(46)) - raft.server.leaderelection.member.majority-add = false (default)
2024-04-26 07:46:03,742 [36c84ee5-0fcd-4ea2-b6d6-812b1364d576-groupManagement] INFO  server.RaftServerConfigKeys (ConfUtils.java:logGet(46)) - raft.server.sleep.deviation.threshold = 300ms (default)
2024-04-26 07:46:03,742 [36c84ee5-0fcd-4ea2-b6d6-812b1364d576-groupManagement] INFO  server.RaftServer$Division (ServerState.java:<init>(113)) - 36c84ee5-0fcd-4ea2-b6d6-812b1364d576@group-156078557861: ConfigurationManager, init=-1: peers:[36c84ee5-0fcd-4ea2-b6d6-812b1364d576|127.0.0.1:15504]|listeners:[], old=null, confs=<EMPTY_MAP>
2024-04-26 07:46:03,742 [36c84ee5-0fcd-4ea2-b6d6-812b1364d576-groupManagement] INFO  server.RaftServerConfigKeys (ConfUtils.java:logGet(46)) - raft.server.notification.no-leader.timeout = 300000ms (custom)
2024-04-26 07:46:03,742 [36c84ee5-0fcd-4ea2-b6d6-812b1364d576-groupManagement] INFO  server.RaftServerConfigKeys (ConfUtils.java:logGet(46)) - raft.server.read.timeout = 10s (default)
2024-04-26 07:46:03,742 [36c84ee5-0fcd-4ea2-b6d6-812b1364d576-groupManagement] INFO  server.RaftServerConfigKeys (ConfUtils.java:logGet(46)) - raft.server.retrycache.expirytime = 600000ms (custom)
2024-04-26 07:46:03,742 [36c84ee5-0fcd-4ea2-b6d6-812b1364d576-groupManagement] INFO  server.RaftServerConfigKeys (ConfUtils.java:logGet(46)) - raft.server.retrycache.statistics.expirytime = 100ms (default)
2024-04-26 07:46:03,742 [36c84ee5-0fcd-4ea2-b6d6-812b1364d576-groupManagement] INFO  server.RaftServerConfigKeys (ConfUtils.java:logGet(46)) - raft.server.read.option = DEFAULT (default)
2024-04-26 07:46:03,742 [36c84ee5-0fcd-4ea2-b6d6-812b1364d576-groupManagement] INFO  server.RaftServerConfigKeys (ConfUtils.java:logGet(46)) - raft.server.read.read-after-write-consistent.write-index-cache.expiry-time = 60s (default)
2024-04-26 07:46:03,743 [36c84ee5-0fcd-4ea2-b6d6-812b1364d576-groupManagement] INFO  server.RaftServerConfigKeys (ConfUtils.java:logGet(46)) - raft.server.rpc.request.timeout = 3000ms (default)
2024-04-26 07:46:03,743 [36c84ee5-0fcd-4ea2-b6d6-812b1364d576-groupManagement] INFO  server.RaftServerConfigKeys (ConfUtils.java:logGet(46)) - raft.server.log.appender.install.snapshot.enabled = false (custom)
2024-04-26 07:46:03,743 [36c84ee5-0fcd-4ea2-b6d6-812b1364d576-groupManagement] INFO  server.RaftServerConfigKeys (ConfUtils.java:logGet(46)) - raft.server.threadpool.server.cached = true (default)
2024-04-26 07:46:03,744 [36c84ee5-0fcd-4ea2-b6d6-812b1364d576-groupManagement] INFO  server.RaftServerConfigKeys (ConfUtils.java:logGet(46)) - raft.server.threadpool.server.size = 0 (default)
2024-04-26 07:46:03,744 [36c84ee5-0fcd-4ea2-b6d6-812b1364d576-groupManagement] INFO  server.RaftServerConfigKeys (ConfUtils.java:logGet(46)) - raft.server.threadpool.client.cached = true (default)
2024-04-26 07:46:03,744 [36c84ee5-0fcd-4ea2-b6d6-812b1364d576-groupManagement] INFO  server.RaftServerConfigKeys (ConfUtils.java:logGet(46)) - raft.server.threadpool.client.size = 0 (default)
2024-04-26 07:46:03,744 [36c84ee5-0fcd-4ea2-b6d6-812b1364d576-groupManagement] INFO  server.RaftServerConfigKeys (ConfUtils.java:logGet(46)) - raft.server.storage.free-space.min = 0MB (=0) (default)
2024-04-26 07:46:03,744 [36c84ee5-0fcd-4ea2-b6d6-812b1364d576-groupManagement] INFO  server.RaftServerConfigKeys (ConfUtils.java:logGet(46)) - raft.server.log.corruption.policy = EXCEPTION (default)
2024-04-26 07:46:03,744 [36c84ee5-0fcd-4ea2-b6d6-812b1364d576-groupManagement] INFO  server.RaftServerConfigKeys (ConfUtils.java:logGet(46)) - raft.server.storage.dir = [/home/runner/work/ozone/ozone/hadoop-ozone/integration-test/target/test-dir/MiniOzoneClusterImpl-864451be-9a12-4508-8431-6d052999593c/ozone-meta/datanode-6/ratis] (custom)
2024-04-26 07:46:03,744 [36c84ee5-0fcd-4ea2-b6d6-812b1364d576-groupManagement] INFO  storage.RaftStorageDirectory (RaftStorageDirectoryImpl.java:analyzeStorage(138)) - The storage directory /home/runner/work/ozone/ozone/hadoop-ozone/integration-test/target/test-dir/MiniOzoneClusterImpl-864451be-9a12-4508-8431-6d052999593c/ozone-meta/datanode-6/ratis/da80739c-e29d-4ef4-888e-156078557861 does not exist. Creating ...
2024-04-26 07:46:03,745 [36c84ee5-0fcd-4ea2-b6d6-812b1364d576-groupManagement] INFO  storage.RaftStorageDirectory (RaftStorageDirectoryImpl.java:tryLock(228)) - Lock on /home/runner/work/ozone/ozone/hadoop-ozone/integration-test/target/test-dir/MiniOzoneClusterImpl-864451be-9a12-4508-8431-6d052999593c/ozone-meta/datanode-6/ratis/da80739c-e29d-4ef4-888e-156078557861/in_use.lock acquired by nodename 21422@fv-az1107-628
2024-04-26 07:46:03,745 [36c84ee5-0fcd-4ea2-b6d6-812b1364d576-groupManagement] INFO  storage.RaftStorage (RaftStorageImpl.java:format(99)) - Storage directory /home/runner/work/ozone/ozone/hadoop-ozone/integration-test/target/test-dir/MiniOzoneClusterImpl-864451be-9a12-4508-8431-6d052999593c/ozone-meta/datanode-6/ratis/da80739c-e29d-4ef4-888e-156078557861 has been successfully formatted.
2024-04-26 07:46:03,746 [36c84ee5-0fcd-4ea2-b6d6-812b1364d576-groupManagement] WARN  util.FileUtils (LogUtils.java:supplyAndLog(63)) - Failed to Files.newInputStream /home/runner/work/ozone/ozone/hadoop-ozone/integration-test/target/test-dir/MiniOzoneClusterImpl-864451be-9a12-4508-8431-6d052999593c/ozone-meta/datanode-6/ratis/da80739c-e29d-4ef4-888e-156078557861/current/raft-meta.conf with options []: java.nio.file.NoSuchFileException: /home/runner/work/ozone/ozone/hadoop-ozone/integration-test/target/test-dir/MiniOzoneClusterImpl-864451be-9a12-4508-8431-6d052999593c/ozone-meta/datanode-6/ratis/da80739c-e29d-4ef4-888e-156078557861/current/raft-meta.conf
2024-04-26 07:46:03,746 [36c84ee5-0fcd-4ea2-b6d6-812b1364d576-groupManagement] INFO  ratis.ContainerStateMachine (ContainerStateMachine.java:loadSnapshot(287)) - group-156078557861: The snapshot info is null. Setting the last applied index to:(t:0, i:~)
2024-04-26 07:46:03,746 [36c84ee5-0fcd-4ea2-b6d6-812b1364d576-groupManagement] INFO  server.RaftServerConfigKeys (ConfUtils.java:logGet(46)) - raft.server.log.use.memory = false (default)
2024-04-26 07:46:03,746 [36c84ee5-0fcd-4ea2-b6d6-812b1364d576-groupManagement] INFO  server.RaftServerConfigKeys (ConfUtils.java:logGet(46)) - raft.server.log.purge.gap = 1000000 (custom)
2024-04-26 07:46:03,746 [36c84ee5-0fcd-4ea2-b6d6-812b1364d576-groupManagement] INFO  server.RaftServerConfigKeys (ConfUtils.java:logGet(46)) - raft.server.log.appender.buffer.byte-limit = 8388608 (custom)
2024-04-26 07:46:03,746 [36c84ee5-0fcd-4ea2-b6d6-812b1364d576-groupManagement] INFO  server.RaftServerConfigKeys (ConfUtils.java:logGet(46)) - raft.server.log.statemachine.data.read.timeout = 1000ms (default)
2024-04-26 07:46:03,746 [36c84ee5-0fcd-4ea2-b6d6-812b1364d576-groupManagement] INFO  server.RaftServerConfigKeys (ConfUtils.java:logGet(46)) - raft.server.log.purge.preservation.log.num = 0 (default)
2024-04-26 07:46:03,747 [EventQueue-PipelineReportForPipelineReportHandler] INFO  pipeline.PipelineReportHandler (PipelineReportHandler.java:processPipelineReport(136)) - Opened pipeline PipelineID=da80739c-e29d-4ef4-888e-156078557861
2024-04-26 07:46:03,747 [EventQueue-OpenPipelineForHealthyPipelineSafeModeRule] INFO  safemode.SCMSafeModeManager (HealthyPipelineSafeModeRule.java:process(140)) - SCM in safe mode. Healthy pipelines reported count is 0, required healthy pipeline reported count is 1
2024-04-26 07:46:03,747 [36c84ee5-0fcd-4ea2-b6d6-812b1364d576-groupManagement] INFO  server.RaftServerConfigKeys (ConfUtils.java:logGet(46)) - raft.server.log.segment.size.max = 67108864 (custom)
2024-04-26 07:46:03,748 [36c84ee5-0fcd-4ea2-b6d6-812b1364d576-groupManagement] INFO  server.RaftServerConfigKeys (ConfUtils.java:logGet(46)) - raft.server.log.segment.cache.num.max = 2 (custom)
2024-04-26 07:46:03,748 [36c84ee5-0fcd-4ea2-b6d6-812b1364d576-groupManagement] INFO  server.RaftServerConfigKeys (ConfUtils.java:logGet(46)) - raft.server.log.segment.cache.size.max = 200MB (=209715200) (default)
2024-04-26 07:46:03,748 [36c84ee5-0fcd-4ea2-b6d6-812b1364d576-groupManagement] INFO  server.RaftServerConfigKeys (ConfUtils.java:logGet(46)) - raft.server.log.appender.buffer.byte-limit = 8388608 (custom)
2024-04-26 07:46:03,748 [36c84ee5-0fcd-4ea2-b6d6-812b1364d576-groupManagement] INFO  util.AwaitToRun (AwaitToRun.java:start(81)) - Thread[36c84ee5-0fcd-4ea2-b6d6-812b1364d576@group-156078557861-cacheEviction-AwaitToRun,5,main] started
2024-04-26 07:46:03,748 [36c84ee5-0fcd-4ea2-b6d6-812b1364d576-groupManagement] INFO  segmented.SegmentedRaftLogWorker (SegmentedRaftLogWorker.java:<init>(182)) - new 36c84ee5-0fcd-4ea2-b6d6-812b1364d576@group-156078557861-SegmentedRaftLogWorker for RaftStorageImpl:Storage Directory /home/runner/work/ozone/ozone/hadoop-ozone/integration-test/target/test-dir/MiniOzoneClusterImpl-864451be-9a12-4508-8431-6d052999593c/ozone-meta/datanode-6/ratis/da80739c-e29d-4ef4-888e-156078557861
2024-04-26 07:46:03,748 [36c84ee5-0fcd-4ea2-b6d6-812b1364d576-groupManagement] INFO  server.RaftServerConfigKeys (ConfUtils.java:logGet(46)) - raft.server.log.queue.byte-limit = 4294967296 (custom)
2024-04-26 07:46:03,748 [36c84ee5-0fcd-4ea2-b6d6-812b1364d576-groupManagement] INFO  server.RaftServerConfigKeys (ConfUtils.java:logGet(46)) - raft.server.log.queue.element-limit = 1024 (custom)
2024-04-26 07:46:03,748 [36c84ee5-0fcd-4ea2-b6d6-812b1364d576-groupManagement] INFO  server.RaftServerConfigKeys (ConfUtils.java:logGet(46)) - raft.server.log.segment.size.max = 67108864 (custom)
2024-04-26 07:46:03,748 [36c84ee5-0fcd-4ea2-b6d6-812b1364d576-groupManagement] INFO  server.RaftServerConfigKeys (ConfUtils.java:logGet(46)) - raft.server.log.preallocated.size = 4194304 (custom)
2024-04-26 07:46:03,748 [36c84ee5-0fcd-4ea2-b6d6-812b1364d576-groupManagement] INFO  server.RaftServerConfigKeys (ConfUtils.java:logGet(46)) - raft.server.log.force.sync.num = 128 (default)
2024-04-26 07:46:03,748 [36c84ee5-0fcd-4ea2-b6d6-812b1364d576-groupManagement] INFO  server.RaftServerConfigKeys (ConfUtils.java:logGet(46)) - raft.server.log.statemachine.data.sync = true (default)
2024-04-26 07:46:03,748 [36c84ee5-0fcd-4ea2-b6d6-812b1364d576-groupManagement] INFO  server.RaftServerConfigKeys (ConfUtils.java:logGet(46)) - raft.server.log.statemachine.data.sync.timeout = 10s (default)
2024-04-26 07:46:03,748 [36c84ee5-0fcd-4ea2-b6d6-812b1364d576-groupManagement] INFO  server.RaftServerConfigKeys (ConfUtils.java:logGet(46)) - raft.server.log.statemachine.data.sync.timeout.retry = 30 (custom)
2024-04-26 07:46:03,748 [36c84ee5-0fcd-4ea2-b6d6-812b1364d576-groupManagement] INFO  server.RaftServerConfigKeys (ConfUtils.java:logGet(46)) - raft.server.log.write.buffer.size = 8388616 (custom)
2024-04-26 07:46:03,749 [36c84ee5-0fcd-4ea2-b6d6-812b1364d576-groupManagement] INFO  server.RaftServerConfigKeys (ConfUtils.java:logGet(46)) - raft.server.log.appender.buffer.byte-limit = 8388608 (custom)
2024-04-26 07:46:03,749 [36c84ee5-0fcd-4ea2-b6d6-812b1364d576-groupManagement] INFO  server.RaftServerConfigKeys (ConfUtils.java:logGet(46)) - raft.server.log.unsafe-flush.enabled = false (default)
2024-04-26 07:46:03,750 [36c84ee5-0fcd-4ea2-b6d6-812b1364d576-groupManagement] INFO  server.RaftServerConfigKeys (ConfUtils.java:logGet(46)) - raft.server.log.async-flush.enabled = false (default)
2024-04-26 07:46:03,750 [36c84ee5-0fcd-4ea2-b6d6-812b1364d576-groupManagement] INFO  server.RaftServerConfigKeys (ConfUtils.java:logGet(46)) - raft.server.log.statemachine.data.caching.enabled = true (custom)
2024-04-26 07:46:03,750 [36c84ee5-0fcd-4ea2-b6d6-812b1364d576-groupManagement] INFO  segmented.SegmentedRaftLogWorker (SegmentedRaftLogWorker.java:lambda$new$0(134)) - 36c84ee5-0fcd-4ea2-b6d6-812b1364d576@group-156078557861-SegmentedRaftLogWorker: flushIndex: setUnconditionally 0 -> -1
2024-04-26 07:46:03,750 [36c84ee5-0fcd-4ea2-b6d6-812b1364d576-groupManagement] INFO  segmented.SegmentedRaftLogWorker (SegmentedRaftLogWorker.java:lambda$new$0(134)) - 36c84ee5-0fcd-4ea2-b6d6-812b1364d576@group-156078557861-SegmentedRaftLogWorker: safeCacheEvictIndex: setUnconditionally 0 -> -1
2024-04-26 07:46:03,750 [36c84ee5-0fcd-4ea2-b6d6-812b1364d576-groupManagement] INFO  server.RaftServer$Division (RaftServerImpl.java:start(396)) - 36c84ee5-0fcd-4ea2-b6d6-812b1364d576@group-156078557861: start as a follower, conf=-1: peers:[36c84ee5-0fcd-4ea2-b6d6-812b1364d576|127.0.0.1:15504]|listeners:[], old=null
2024-04-26 07:46:03,750 [36c84ee5-0fcd-4ea2-b6d6-812b1364d576-groupManagement] INFO  server.RaftServer$Division (RaftServerImpl.java:setRole(383)) - 36c84ee5-0fcd-4ea2-b6d6-812b1364d576@group-156078557861: changes role from      null to FOLLOWER at term 0 for startAsFollower
2024-04-26 07:46:03,750 [36c84ee5-0fcd-4ea2-b6d6-812b1364d576-groupManagement] INFO  impl.RoleInfo (RoleInfo.java:updateAndGet(139)) - 36c84ee5-0fcd-4ea2-b6d6-812b1364d576: start 36c84ee5-0fcd-4ea2-b6d6-812b1364d576@group-156078557861-FollowerState
2024-04-26 07:46:03,750 [36c84ee5-0fcd-4ea2-b6d6-812b1364d576-groupManagement] INFO  util.JmxRegister (JmxRegister.java:tryRegister(44)) - Successfully registered JMX Bean with object name Ratis:service=RaftServer,group=group-156078557861,id=36c84ee5-0fcd-4ea2-b6d6-812b1364d576
2024-04-26 07:46:03,750 [36c84ee5-0fcd-4ea2-b6d6-812b1364d576@group-156078557861-FollowerState] INFO  server.RaftServerConfigKeys (ConfUtils.java:logFallback(53)) - raft.server.rpc.first-election.timeout.min = 5s (fallback to raft.server.rpc.timeout.min)
2024-04-26 07:46:03,750 [36c84ee5-0fcd-4ea2-b6d6-812b1364d576-groupManagement] INFO  server.RaftServerConfigKeys (ConfUtils.java:logGet(46)) - raft.server.snapshot.trigger-when-stop.enabled = true (default)
2024-04-26 07:46:03,750 [36c84ee5-0fcd-4ea2-b6d6-812b1364d576-groupManagement] INFO  server.RaftServerConfigKeys (ConfUtils.java:logGet(46)) - raft.server.snapshot.auto.trigger.enabled = true (custom)
2024-04-26 07:46:03,750 [36c84ee5-0fcd-4ea2-b6d6-812b1364d576@group-156078557861-FollowerState] INFO  server.RaftServerConfigKeys (ConfUtils.java:logFallback(53)) - raft.server.rpc.first-election.timeout.max = 5200ms (fallback to raft.server.rpc.timeout.max)
2024-04-26 07:46:03,750 [36c84ee5-0fcd-4ea2-b6d6-812b1364d576-groupManagement] INFO  server.RaftServerConfigKeys (ConfUtils.java:logGet(46)) - raft.server.snapshot.auto.trigger.threshold = 10000 (custom)
2024-04-26 07:46:03,750 [36c84ee5-0fcd-4ea2-b6d6-812b1364d576-groupManagement] INFO  server.RaftServerConfigKeys (ConfUtils.java:logGet(46)) - raft.server.snapshot.retention.file.num = 5 (custom)
2024-04-26 07:46:03,750 [36c84ee5-0fcd-4ea2-b6d6-812b1364d576-groupManagement] INFO  server.RaftServerConfigKeys (ConfUtils.java:logGet(46)) - raft.server.log.purge.upto.snapshot.index = false (default)
2024-04-26 07:46:03,751 [36c84ee5-0fcd-4ea2-b6d6-812b1364d576-PipelineCommandHandlerThread-0] INFO  ratis.XceiverServerRatis (XceiverServerRatis.java:addGroup(864)) - Created group PipelineID=da80739c-e29d-4ef4-888e-156078557861
2024-04-26 07:46:03,751 [36c84ee5-0fcd-4ea2-b6d6-812b1364d576-PipelineCommandHandlerThread-0] INFO  commandhandler.CreatePipelineCommandHandler (CreatePipelineCommandHandler.java:lambda$handle$2(124)) - Created Pipeline RATIS ONE PipelineID=da80739c-e29d-4ef4-888e-156078557861.
2024-04-26 07:46:03,796 [e280b344-1e71-401e-97a7-3c6530ca629d-PipelineCommandHandlerThread-0] INFO  server.RaftServer (RaftServerProxy.java:addNew(100)) - e280b344-1e71-401e-97a7-3c6530ca629d: addNew group-F2E5719B3B13:[e280b344-1e71-401e-97a7-3c6530ca629d|127.0.0.1:15513] returns group-F2E5719B3B13:java.util.concurrent.CompletableFuture@5fcb920d[Not completed]
2024-04-26 07:46:03,796 [e280b344-1e71-401e-97a7-3c6530ca629d-groupManagement] INFO  server.RaftServer$Division (RaftServerImpl.java:<init>(256)) - e280b344-1e71-401e-97a7-3c6530ca629d: new RaftServerImpl for group-F2E5719B3B13:[e280b344-1e71-401e-97a7-3c6530ca629d|127.0.0.1:15513] with ContainerStateMachine:uninitialized
2024-04-26 07:46:03,796 [e280b344-1e71-401e-97a7-3c6530ca629d-groupManagement] INFO  server.RaftServerConfigKeys (ConfUtils.java:logGet(46)) - raft.server.rpc.timeout.min = 5s (custom)
2024-04-26 07:46:03,796 [e280b344-1e71-401e-97a7-3c6530ca629d-groupManagement] INFO  server.RaftServerConfigKeys (ConfUtils.java:logGet(46)) - raft.server.rpc.timeout.max = 5200ms (custom)
2024-04-26 07:46:03,796 [e280b344-1e71-401e-97a7-3c6530ca629d-groupManagement] INFO  server.RaftServerConfigKeys (ConfUtils.java:logGet(46)) - raft.server.rpc.sleep.time = 25ms (default)
2024-04-26 07:46:03,796 [e280b344-1e71-401e-97a7-3c6530ca629d-groupManagement] INFO  server.RaftServerConfigKeys (ConfUtils.java:logGet(46)) - raft.server.rpc.slowness.timeout = 300000ms (custom)
2024-04-26 07:46:03,796 [e280b344-1e71-401e-97a7-3c6530ca629d-groupManagement] INFO  server.RaftServerConfigKeys (ConfUtils.java:logGet(46)) - raft.server.leaderelection.leader.step-down.wait-time = 10s (default)
2024-04-26 07:46:03,797 [e280b344-1e71-401e-97a7-3c6530ca629d-groupManagement] INFO  server.RaftServerConfigKeys (ConfUtils.java:logGet(46)) - raft.server.leaderelection.member.majority-add = false (default)
2024-04-26 07:46:03,797 [e280b344-1e71-401e-97a7-3c6530ca629d-groupManagement] INFO  server.RaftServerConfigKeys (ConfUtils.java:logGet(46)) - raft.server.sleep.deviation.threshold = 300ms (default)
2024-04-26 07:46:03,797 [e280b344-1e71-401e-97a7-3c6530ca629d-groupManagement] INFO  server.RaftServer$Division (ServerState.java:<init>(113)) - e280b344-1e71-401e-97a7-3c6530ca629d@group-F2E5719B3B13: ConfigurationManager, init=-1: peers:[e280b344-1e71-401e-97a7-3c6530ca629d|127.0.0.1:15513]|listeners:[], old=null, confs=<EMPTY_MAP>
2024-04-26 07:46:03,797 [e280b344-1e71-401e-97a7-3c6530ca629d-groupManagement] INFO  server.RaftServerConfigKeys (ConfUtils.java:logGet(46)) - raft.server.notification.no-leader.timeout = 300000ms (custom)
2024-04-26 07:46:03,797 [e280b344-1e71-401e-97a7-3c6530ca629d-groupManagement] INFO  server.RaftServerConfigKeys (ConfUtils.java:logGet(46)) - raft.server.read.timeout = 10s (default)
2024-04-26 07:46:03,797 [e280b344-1e71-401e-97a7-3c6530ca629d-groupManagement] INFO  server.RaftServerConfigKeys (ConfUtils.java:logGet(46)) - raft.server.retrycache.expirytime = 600000ms (custom)
2024-04-26 07:46:03,797 [e280b344-1e71-401e-97a7-3c6530ca629d-groupManagement] INFO  server.RaftServerConfigKeys (ConfUtils.java:logGet(46)) - raft.server.retrycache.statistics.expirytime = 100ms (default)
2024-04-26 07:46:03,797 [e280b344-1e71-401e-97a7-3c6530ca629d-groupManagement] INFO  server.RaftServerConfigKeys (ConfUtils.java:logGet(46)) - raft.server.read.option = DEFAULT (default)
2024-04-26 07:46:03,797 [e280b344-1e71-401e-97a7-3c6530ca629d-groupManagement] INFO  server.RaftServerConfigKeys (ConfUtils.java:logGet(46)) - raft.server.read.read-after-write-consistent.write-index-cache.expiry-time = 60s (default)
2024-04-26 07:46:03,798 [e280b344-1e71-401e-97a7-3c6530ca629d-groupManagement] INFO  server.RaftServerConfigKeys (ConfUtils.java:logGet(46)) - raft.server.rpc.request.timeout = 3000ms (default)
2024-04-26 07:46:03,798 [e280b344-1e71-401e-97a7-3c6530ca629d-groupManagement] INFO  server.RaftServerConfigKeys (ConfUtils.java:logGet(46)) - raft.server.log.appender.install.snapshot.enabled = false (custom)
2024-04-26 07:46:03,798 [e280b344-1e71-401e-97a7-3c6530ca629d-groupManagement] INFO  server.RaftServerConfigKeys (ConfUtils.java:logGet(46)) - raft.server.threadpool.server.cached = true (default)
2024-04-26 07:46:03,798 [e280b344-1e71-401e-97a7-3c6530ca629d-groupManagement] INFO  server.RaftServerConfigKeys (ConfUtils.java:logGet(46)) - raft.server.threadpool.server.size = 0 (default)
2024-04-26 07:46:03,798 [e280b344-1e71-401e-97a7-3c6530ca629d-groupManagement] INFO  server.RaftServerConfigKeys (ConfUtils.java:logGet(46)) - raft.server.threadpool.client.cached = true (default)
2024-04-26 07:46:03,798 [e280b344-1e71-401e-97a7-3c6530ca629d-groupManagement] INFO  server.RaftServerConfigKeys (ConfUtils.java:logGet(46)) - raft.server.threadpool.client.size = 0 (default)
2024-04-26 07:46:03,799 [e280b344-1e71-401e-97a7-3c6530ca629d-groupManagement] INFO  server.RaftServerConfigKeys (ConfUtils.java:logGet(46)) - raft.server.storage.free-space.min = 0MB (=0) (default)
2024-04-26 07:46:03,799 [e280b344-1e71-401e-97a7-3c6530ca629d-groupManagement] INFO  server.RaftServerConfigKeys (ConfUtils.java:logGet(46)) - raft.server.log.corruption.policy = EXCEPTION (default)
2024-04-26 07:46:03,799 [e280b344-1e71-401e-97a7-3c6530ca629d-groupManagement] INFO  server.RaftServerConfigKeys (ConfUtils.java:logGet(46)) - raft.server.storage.dir = [/home/runner/work/ozone/ozone/hadoop-ozone/integration-test/target/test-dir/MiniOzoneClusterImpl-864451be-9a12-4508-8431-6d052999593c/ozone-meta/datanode-7/ratis] (custom)
2024-04-26 07:46:03,799 [e280b344-1e71-401e-97a7-3c6530ca629d-groupManagement] INFO  storage.RaftStorageDirectory (RaftStorageDirectoryImpl.java:analyzeStorage(138)) - The storage directory /home/runner/work/ozone/ozone/hadoop-ozone/integration-test/target/test-dir/MiniOzoneClusterImpl-864451be-9a12-4508-8431-6d052999593c/ozone-meta/datanode-7/ratis/04b858ca-6dfa-4a59-b958-f2e5719b3b13 does not exist. Creating ...
2024-04-26 07:46:03,799 [e280b344-1e71-401e-97a7-3c6530ca629d-groupManagement] INFO  storage.RaftStorageDirectory (RaftStorageDirectoryImpl.java:tryLock(228)) - Lock on /home/runner/work/ozone/ozone/hadoop-ozone/integration-test/target/test-dir/MiniOzoneClusterImpl-864451be-9a12-4508-8431-6d052999593c/ozone-meta/datanode-7/ratis/04b858ca-6dfa-4a59-b958-f2e5719b3b13/in_use.lock acquired by nodename 21422@fv-az1107-628
2024-04-26 07:46:03,800 [e280b344-1e71-401e-97a7-3c6530ca629d-groupManagement] INFO  storage.RaftStorage (RaftStorageImpl.java:format(99)) - Storage directory /home/runner/work/ozone/ozone/hadoop-ozone/integration-test/target/test-dir/MiniOzoneClusterImpl-864451be-9a12-4508-8431-6d052999593c/ozone-meta/datanode-7/ratis/04b858ca-6dfa-4a59-b958-f2e5719b3b13 has been successfully formatted.
2024-04-26 07:46:03,800 [e280b344-1e71-401e-97a7-3c6530ca629d-groupManagement] WARN  util.FileUtils (LogUtils.java:supplyAndLog(63)) - Failed to Files.newInputStream /home/runner/work/ozone/ozone/hadoop-ozone/integration-test/target/test-dir/MiniOzoneClusterImpl-864451be-9a12-4508-8431-6d052999593c/ozone-meta/datanode-7/ratis/04b858ca-6dfa-4a59-b958-f2e5719b3b13/current/raft-meta.conf with options []: java.nio.file.NoSuchFileException: /home/runner/work/ozone/ozone/hadoop-ozone/integration-test/target/test-dir/MiniOzoneClusterImpl-864451be-9a12-4508-8431-6d052999593c/ozone-meta/datanode-7/ratis/04b858ca-6dfa-4a59-b958-f2e5719b3b13/current/raft-meta.conf
2024-04-26 07:46:03,800 [e280b344-1e71-401e-97a7-3c6530ca629d-groupManagement] INFO  ratis.ContainerStateMachine (ContainerStateMachine.java:loadSnapshot(287)) - group-F2E5719B3B13: The snapshot info is null. Setting the last applied index to:(t:0, i:~)
2024-04-26 07:46:03,800 [e280b344-1e71-401e-97a7-3c6530ca629d-groupManagement] INFO  server.RaftServerConfigKeys (ConfUtils.java:logGet(46)) - raft.server.log.use.memory = false (default)
2024-04-26 07:46:03,800 [e280b344-1e71-401e-97a7-3c6530ca629d-groupManagement] INFO  server.RaftServerConfigKeys (ConfUtils.java:logGet(46)) - raft.server.log.purge.gap = 1000000 (custom)
2024-04-26 07:46:03,800 [e280b344-1e71-401e-97a7-3c6530ca629d-groupManagement] INFO  server.RaftServerConfigKeys (ConfUtils.java:logGet(46)) - raft.server.log.appender.buffer.byte-limit = 8388608 (custom)
2024-04-26 07:46:03,800 [e280b344-1e71-401e-97a7-3c6530ca629d-groupManagement] INFO  server.RaftServerConfigKeys (ConfUtils.java:logGet(46)) - raft.server.log.statemachine.data.read.timeout = 1000ms (default)
2024-04-26 07:46:03,801 [e280b344-1e71-401e-97a7-3c6530ca629d-groupManagement] INFO  server.RaftServerConfigKeys (ConfUtils.java:logGet(46)) - raft.server.log.purge.preservation.log.num = 0 (default)
2024-04-26 07:46:03,801 [EventQueue-PipelineReportForPipelineReportHandler] INFO  pipeline.PipelineReportHandler (PipelineReportHandler.java:processPipelineReport(136)) - Opened pipeline PipelineID=04b858ca-6dfa-4a59-b958-f2e5719b3b13
2024-04-26 07:46:03,802 [e280b344-1e71-401e-97a7-3c6530ca629d-groupManagement] INFO  server.RaftServerConfigKeys (ConfUtils.java:logGet(46)) - raft.server.log.segment.size.max = 67108864 (custom)
2024-04-26 07:46:03,802 [EventQueue-OpenPipelineForHealthyPipelineSafeModeRule] INFO  safemode.SCMSafeModeManager (HealthyPipelineSafeModeRule.java:process(140)) - SCM in safe mode. Healthy pipelines reported count is 0, required healthy pipeline reported count is 1
2024-04-26 07:46:03,802 [e280b344-1e71-401e-97a7-3c6530ca629d-groupManagement] INFO  server.RaftServerConfigKeys (ConfUtils.java:logGet(46)) - raft.server.log.segment.cache.num.max = 2 (custom)
2024-04-26 07:46:03,802 [e280b344-1e71-401e-97a7-3c6530ca629d-groupManagement] INFO  server.RaftServerConfigKeys (ConfUtils.java:logGet(46)) - raft.server.log.segment.cache.size.max = 200MB (=209715200) (default)
2024-04-26 07:46:03,802 [e280b344-1e71-401e-97a7-3c6530ca629d-groupManagement] INFO  server.RaftServerConfigKeys (ConfUtils.java:logGet(46)) - raft.server.log.appender.buffer.byte-limit = 8388608 (custom)
2024-04-26 07:46:03,803 [e280b344-1e71-401e-97a7-3c6530ca629d-groupManagement] INFO  util.AwaitToRun (AwaitToRun.java:start(81)) - Thread[e280b344-1e71-401e-97a7-3c6530ca629d@group-F2E5719B3B13-cacheEviction-AwaitToRun,5,main] started
2024-04-26 07:46:03,803 [e280b344-1e71-401e-97a7-3c6530ca629d-groupManagement] INFO  segmented.SegmentedRaftLogWorker (SegmentedRaftLogWorker.java:<init>(182)) - new e280b344-1e71-401e-97a7-3c6530ca629d@group-F2E5719B3B13-SegmentedRaftLogWorker for RaftStorageImpl:Storage Directory /home/runner/work/ozone/ozone/hadoop-ozone/integration-test/target/test-dir/MiniOzoneClusterImpl-864451be-9a12-4508-8431-6d052999593c/ozone-meta/datanode-7/ratis/04b858ca-6dfa-4a59-b958-f2e5719b3b13
2024-04-26 07:46:03,803 [e280b344-1e71-401e-97a7-3c6530ca629d-groupManagement] INFO  server.RaftServerConfigKeys (ConfUtils.java:logGet(46)) - raft.server.log.queue.byte-limit = 4294967296 (custom)
2024-04-26 07:46:03,803 [e280b344-1e71-401e-97a7-3c6530ca629d-groupManagement] INFO  server.RaftServerConfigKeys (ConfUtils.java:logGet(46)) - raft.server.log.queue.element-limit = 1024 (custom)
2024-04-26 07:46:03,803 [e280b344-1e71-401e-97a7-3c6530ca629d-groupManagement] INFO  server.RaftServerConfigKeys (ConfUtils.java:logGet(46)) - raft.server.log.segment.size.max = 67108864 (custom)
2024-04-26 07:46:03,803 [e280b344-1e71-401e-97a7-3c6530ca629d-groupManagement] INFO  server.RaftServerConfigKeys (ConfUtils.java:logGet(46)) - raft.server.log.preallocated.size = 4194304 (custom)
2024-04-26 07:46:03,803 [e280b344-1e71-401e-97a7-3c6530ca629d-groupManagement] INFO  server.RaftServerConfigKeys (ConfUtils.java:logGet(46)) - raft.server.log.force.sync.num = 128 (default)
2024-04-26 07:46:03,803 [e280b344-1e71-401e-97a7-3c6530ca629d-groupManagement] INFO  server.RaftServerConfigKeys (ConfUtils.java:logGet(46)) - raft.server.log.statemachine.data.sync = true (default)
2024-04-26 07:46:03,803 [e280b344-1e71-401e-97a7-3c6530ca629d-groupManagement] INFO  server.RaftServerConfigKeys (ConfUtils.java:logGet(46)) - raft.server.log.statemachine.data.sync.timeout = 10s (default)
2024-04-26 07:46:03,803 [e280b344-1e71-401e-97a7-3c6530ca629d-groupManagement] INFO  server.RaftServerConfigKeys (ConfUtils.java:logGet(46)) - raft.server.log.statemachine.data.sync.timeout.retry = 30 (custom)
2024-04-26 07:46:03,803 [e280b344-1e71-401e-97a7-3c6530ca629d-groupManagement] INFO  server.RaftServerConfigKeys (ConfUtils.java:logGet(46)) - raft.server.log.write.buffer.size = 8388616 (custom)
2024-04-26 07:46:03,805 [e280b344-1e71-401e-97a7-3c6530ca629d-groupManagement] INFO  server.RaftServerConfigKeys (ConfUtils.java:logGet(46)) - raft.server.log.appender.buffer.byte-limit = 8388608 (custom)
2024-04-26 07:46:03,805 [e280b344-1e71-401e-97a7-3c6530ca629d-groupManagement] INFO  server.RaftServerConfigKeys (ConfUtils.java:logGet(46)) - raft.server.log.unsafe-flush.enabled = false (default)
2024-04-26 07:46:03,805 [e280b344-1e71-401e-97a7-3c6530ca629d-groupManagement] INFO  server.RaftServerConfigKeys (ConfUtils.java:logGet(46)) - raft.server.log.async-flush.enabled = false (default)
2024-04-26 07:46:03,805 [e280b344-1e71-401e-97a7-3c6530ca629d-groupManagement] INFO  server.RaftServerConfigKeys (ConfUtils.java:logGet(46)) - raft.server.log.statemachine.data.caching.enabled = true (custom)
2024-04-26 07:46:03,805 [e280b344-1e71-401e-97a7-3c6530ca629d-groupManagement] INFO  segmented.SegmentedRaftLogWorker (SegmentedRaftLogWorker.java:lambda$new$0(134)) - e280b344-1e71-401e-97a7-3c6530ca629d@group-F2E5719B3B13-SegmentedRaftLogWorker: flushIndex: setUnconditionally 0 -> -1
2024-04-26 07:46:03,805 [e280b344-1e71-401e-97a7-3c6530ca629d-groupManagement] INFO  segmented.SegmentedRaftLogWorker (SegmentedRaftLogWorker.java:lambda$new$0(134)) - e280b344-1e71-401e-97a7-3c6530ca629d@group-F2E5719B3B13-SegmentedRaftLogWorker: safeCacheEvictIndex: setUnconditionally 0 -> -1
2024-04-26 07:46:03,805 [e280b344-1e71-401e-97a7-3c6530ca629d-groupManagement] INFO  server.RaftServer$Division (RaftServerImpl.java:start(396)) - e280b344-1e71-401e-97a7-3c6530ca629d@group-F2E5719B3B13: start as a follower, conf=-1: peers:[e280b344-1e71-401e-97a7-3c6530ca629d|127.0.0.1:15513]|listeners:[], old=null
2024-04-26 07:46:03,805 [e280b344-1e71-401e-97a7-3c6530ca629d-groupManagement] INFO  server.RaftServer$Division (RaftServerImpl.java:setRole(383)) - e280b344-1e71-401e-97a7-3c6530ca629d@group-F2E5719B3B13: changes role from      null to FOLLOWER at term 0 for startAsFollower
2024-04-26 07:46:03,805 [e280b344-1e71-401e-97a7-3c6530ca629d-groupManagement] INFO  impl.RoleInfo (RoleInfo.java:updateAndGet(139)) - e280b344-1e71-401e-97a7-3c6530ca629d: start e280b344-1e71-401e-97a7-3c6530ca629d@group-F2E5719B3B13-FollowerState
2024-04-26 07:46:03,806 [e280b344-1e71-401e-97a7-3c6530ca629d-groupManagement] INFO  util.JmxRegister (JmxRegister.java:tryRegister(44)) - Successfully registered JMX Bean with object name Ratis:service=RaftServer,group=group-F2E5719B3B13,id=e280b344-1e71-401e-97a7-3c6530ca629d
2024-04-26 07:46:03,806 [e280b344-1e71-401e-97a7-3c6530ca629d@group-F2E5719B3B13-FollowerState] INFO  server.RaftServerConfigKeys (ConfUtils.java:logFallback(53)) - raft.server.rpc.first-election.timeout.min = 5s (fallback to raft.server.rpc.timeout.min)
2024-04-26 07:46:03,806 [e280b344-1e71-401e-97a7-3c6530ca629d@group-F2E5719B3B13-FollowerState] INFO  server.RaftServerConfigKeys (ConfUtils.java:logFallback(53)) - raft.server.rpc.first-election.timeout.max = 5200ms (fallback to raft.server.rpc.timeout.max)
2024-04-26 07:46:03,806 [e280b344-1e71-401e-97a7-3c6530ca629d-groupManagement] INFO  server.RaftServerConfigKeys (ConfUtils.java:logGet(46)) - raft.server.snapshot.trigger-when-stop.enabled = true (default)
2024-04-26 07:46:03,806 [e280b344-1e71-401e-97a7-3c6530ca629d-groupManagement] INFO  server.RaftServerConfigKeys (ConfUtils.java:logGet(46)) - raft.server.snapshot.auto.trigger.enabled = true (custom)
2024-04-26 07:46:03,806 [e280b344-1e71-401e-97a7-3c6530ca629d-groupManagement] INFO  server.RaftServerConfigKeys (ConfUtils.java:logGet(46)) - raft.server.snapshot.auto.trigger.threshold = 10000 (custom)
2024-04-26 07:46:03,806 [e280b344-1e71-401e-97a7-3c6530ca629d-groupManagement] INFO  server.RaftServerConfigKeys (ConfUtils.java:logGet(46)) - raft.server.snapshot.retention.file.num = 5 (custom)
2024-04-26 07:46:03,806 [e280b344-1e71-401e-97a7-3c6530ca629d-groupManagement] INFO  server.RaftServerConfigKeys (ConfUtils.java:logGet(46)) - raft.server.log.purge.upto.snapshot.index = false (default)
2024-04-26 07:46:03,807 [e280b344-1e71-401e-97a7-3c6530ca629d-PipelineCommandHandlerThread-0] INFO  ratis.XceiverServerRatis (XceiverServerRatis.java:addGroup(864)) - Created group PipelineID=04b858ca-6dfa-4a59-b958-f2e5719b3b13
2024-04-26 07:46:03,807 [e280b344-1e71-401e-97a7-3c6530ca629d-PipelineCommandHandlerThread-0] INFO  commandhandler.CreatePipelineCommandHandler (CreatePipelineCommandHandler.java:lambda$handle$2(124)) - Created Pipeline RATIS ONE PipelineID=04b858ca-6dfa-4a59-b958-f2e5719b3b13.
2024-04-26 07:46:03,807 [e280b344-1e71-401e-97a7-3c6530ca629d-PipelineCommandHandlerThread-0] INFO  server.RaftServer (RaftServerProxy.java:addNew(100)) - e280b344-1e71-401e-97a7-3c6530ca629d: addNew group-D9979C9DB735:[26ca528a-fda8-41f2-a9ad-48918f1fba9d|127.0.0.1:15531, e280b344-1e71-401e-97a7-3c6530ca629d|127.0.0.1:15513, f89e5511-6660-4723-b6db-0a37c1615f1a|127.0.0.1:15522] returns group-D9979C9DB735:java.util.concurrent.CompletableFuture@5bf41d2c[Not completed]
2024-04-26 07:46:03,807 [e280b344-1e71-401e-97a7-3c6530ca629d-groupManagement] INFO  server.RaftServer$Division (RaftServerImpl.java:<init>(256)) - e280b344-1e71-401e-97a7-3c6530ca629d: new RaftServerImpl for group-D9979C9DB735:[26ca528a-fda8-41f2-a9ad-48918f1fba9d|127.0.0.1:15531, e280b344-1e71-401e-97a7-3c6530ca629d|127.0.0.1:15513, f89e5511-6660-4723-b6db-0a37c1615f1a|127.0.0.1:15522] with ContainerStateMachine:uninitialized
2024-04-26 07:46:03,807 [e280b344-1e71-401e-97a7-3c6530ca629d-groupManagement] INFO  server.RaftServerConfigKeys (ConfUtils.java:logGet(46)) - raft.server.rpc.timeout.min = 5s (custom)
2024-04-26 07:46:03,808 [e280b344-1e71-401e-97a7-3c6530ca629d-groupManagement] INFO  server.RaftServerConfigKeys (ConfUtils.java:logGet(46)) - raft.server.rpc.timeout.max = 5200ms (custom)
2024-04-26 07:46:03,808 [e280b344-1e71-401e-97a7-3c6530ca629d-groupManagement] INFO  server.RaftServerConfigKeys (ConfUtils.java:logGet(46)) - raft.server.rpc.sleep.time = 25ms (default)
2024-04-26 07:46:03,808 [e280b344-1e71-401e-97a7-3c6530ca629d-groupManagement] INFO  server.RaftServerConfigKeys (ConfUtils.java:logGet(46)) - raft.server.rpc.slowness.timeout = 300000ms (custom)
2024-04-26 07:46:03,808 [e280b344-1e71-401e-97a7-3c6530ca629d-groupManagement] INFO  server.RaftServerConfigKeys (ConfUtils.java:logGet(46)) - raft.server.leaderelection.leader.step-down.wait-time = 10s (default)
2024-04-26 07:46:03,808 [e280b344-1e71-401e-97a7-3c6530ca629d-groupManagement] INFO  server.RaftServerConfigKeys (ConfUtils.java:logGet(46)) - raft.server.leaderelection.member.majority-add = false (default)
2024-04-26 07:46:03,808 [e280b344-1e71-401e-97a7-3c6530ca629d-groupManagement] INFO  server.RaftServerConfigKeys (ConfUtils.java:logGet(46)) - raft.server.sleep.deviation.threshold = 300ms (default)
2024-04-26 07:46:03,808 [e280b344-1e71-401e-97a7-3c6530ca629d-groupManagement] INFO  server.RaftServer$Division (ServerState.java:<init>(113)) - e280b344-1e71-401e-97a7-3c6530ca629d@group-D9979C9DB735: ConfigurationManager, init=-1: peers:[26ca528a-fda8-41f2-a9ad-48918f1fba9d|127.0.0.1:15531, e280b344-1e71-401e-97a7-3c6530ca629d|127.0.0.1:15513, f89e5511-6660-4723-b6db-0a37c1615f1a|127.0.0.1:15522]|listeners:[], old=null, confs=<EMPTY_MAP>
2024-04-26 07:46:03,808 [e280b344-1e71-401e-97a7-3c6530ca629d-groupManagement] INFO  server.RaftServerConfigKeys (ConfUtils.java:logGet(46)) - raft.server.notification.no-leader.timeout = 300000ms (custom)
2024-04-26 07:46:03,808 [e280b344-1e71-401e-97a7-3c6530ca629d-groupManagement] INFO  server.RaftServerConfigKeys (ConfUtils.java:logGet(46)) - raft.server.read.timeout = 10s (default)
2024-04-26 07:46:03,808 [e280b344-1e71-401e-97a7-3c6530ca629d-groupManagement] INFO  server.RaftServerConfigKeys (ConfUtils.java:logGet(46)) - raft.server.retrycache.expirytime = 600000ms (custom)
2024-04-26 07:46:03,808 [e280b344-1e71-401e-97a7-3c6530ca629d-groupManagement] INFO  server.RaftServerConfigKeys (ConfUtils.java:logGet(46)) - raft.server.retrycache.statistics.expirytime = 100ms (default)
2024-04-26 07:46:03,808 [e280b344-1e71-401e-97a7-3c6530ca629d-groupManagement] INFO  server.RaftServerConfigKeys (ConfUtils.java:logGet(46)) - raft.server.read.option = DEFAULT (default)
2024-04-26 07:46:03,808 [e280b344-1e71-401e-97a7-3c6530ca629d-groupManagement] INFO  server.RaftServerConfigKeys (ConfUtils.java:logGet(46)) - raft.server.read.read-after-write-consistent.write-index-cache.expiry-time = 60s (default)
2024-04-26 07:46:03,809 [e280b344-1e71-401e-97a7-3c6530ca629d-groupManagement] INFO  server.RaftServerConfigKeys (ConfUtils.java:logGet(46)) - raft.server.rpc.request.timeout = 3000ms (default)
2024-04-26 07:46:03,809 [e280b344-1e71-401e-97a7-3c6530ca629d-groupManagement] INFO  server.RaftServerConfigKeys (ConfUtils.java:logGet(46)) - raft.server.log.appender.install.snapshot.enabled = false (custom)
2024-04-26 07:46:03,809 [e280b344-1e71-401e-97a7-3c6530ca629d-groupManagement] INFO  server.RaftServerConfigKeys (ConfUtils.java:logGet(46)) - raft.server.threadpool.server.cached = true (default)
2024-04-26 07:46:03,810 [e280b344-1e71-401e-97a7-3c6530ca629d-groupManagement] INFO  server.RaftServerConfigKeys (ConfUtils.java:logGet(46)) - raft.server.threadpool.server.size = 0 (default)
2024-04-26 07:46:03,810 [e280b344-1e71-401e-97a7-3c6530ca629d-groupManagement] INFO  server.RaftServerConfigKeys (ConfUtils.java:logGet(46)) - raft.server.threadpool.client.cached = true (default)
2024-04-26 07:46:03,810 [e280b344-1e71-401e-97a7-3c6530ca629d-groupManagement] INFO  server.RaftServerConfigKeys (ConfUtils.java:logGet(46)) - raft.server.threadpool.client.size = 0 (default)
2024-04-26 07:46:03,810 [e280b344-1e71-401e-97a7-3c6530ca629d-groupManagement] INFO  server.RaftServerConfigKeys (ConfUtils.java:logGet(46)) - raft.server.storage.free-space.min = 0MB (=0) (default)
2024-04-26 07:46:03,810 [e280b344-1e71-401e-97a7-3c6530ca629d-groupManagement] INFO  server.RaftServerConfigKeys (ConfUtils.java:logGet(46)) - raft.server.log.corruption.policy = EXCEPTION (default)
2024-04-26 07:46:03,810 [e280b344-1e71-401e-97a7-3c6530ca629d-groupManagement] INFO  server.RaftServerConfigKeys (ConfUtils.java:logGet(46)) - raft.server.storage.dir = [/home/runner/work/ozone/ozone/hadoop-ozone/integration-test/target/test-dir/MiniOzoneClusterImpl-864451be-9a12-4508-8431-6d052999593c/ozone-meta/datanode-7/ratis] (custom)
2024-04-26 07:46:03,810 [e280b344-1e71-401e-97a7-3c6530ca629d-groupManagement] INFO  storage.RaftStorageDirectory (RaftStorageDirectoryImpl.java:analyzeStorage(138)) - The storage directory /home/runner/work/ozone/ozone/hadoop-ozone/integration-test/target/test-dir/MiniOzoneClusterImpl-864451be-9a12-4508-8431-6d052999593c/ozone-meta/datanode-7/ratis/473f2448-1472-487b-b9ad-d9979c9db735 does not exist. Creating ...
2024-04-26 07:46:03,810 [e280b344-1e71-401e-97a7-3c6530ca629d-groupManagement] INFO  storage.RaftStorageDirectory (RaftStorageDirectoryImpl.java:tryLock(228)) - Lock on /home/runner/work/ozone/ozone/hadoop-ozone/integration-test/target/test-dir/MiniOzoneClusterImpl-864451be-9a12-4508-8431-6d052999593c/ozone-meta/datanode-7/ratis/473f2448-1472-487b-b9ad-d9979c9db735/in_use.lock acquired by nodename 21422@fv-az1107-628
2024-04-26 07:46:03,811 [e280b344-1e71-401e-97a7-3c6530ca629d-groupManagement] INFO  storage.RaftStorage (RaftStorageImpl.java:format(99)) - Storage directory /home/runner/work/ozone/ozone/hadoop-ozone/integration-test/target/test-dir/MiniOzoneClusterImpl-864451be-9a12-4508-8431-6d052999593c/ozone-meta/datanode-7/ratis/473f2448-1472-487b-b9ad-d9979c9db735 has been successfully formatted.
2024-04-26 07:46:03,811 [e280b344-1e71-401e-97a7-3c6530ca629d-groupManagement] WARN  util.FileUtils (LogUtils.java:supplyAndLog(63)) - Failed to Files.newInputStream /home/runner/work/ozone/ozone/hadoop-ozone/integration-test/target/test-dir/MiniOzoneClusterImpl-864451be-9a12-4508-8431-6d052999593c/ozone-meta/datanode-7/ratis/473f2448-1472-487b-b9ad-d9979c9db735/current/raft-meta.conf with options []: java.nio.file.NoSuchFileException: /home/runner/work/ozone/ozone/hadoop-ozone/integration-test/target/test-dir/MiniOzoneClusterImpl-864451be-9a12-4508-8431-6d052999593c/ozone-meta/datanode-7/ratis/473f2448-1472-487b-b9ad-d9979c9db735/current/raft-meta.conf
2024-04-26 07:46:03,812 [e280b344-1e71-401e-97a7-3c6530ca629d-groupManagement] INFO  ratis.ContainerStateMachine (ContainerStateMachine.java:loadSnapshot(287)) - group-D9979C9DB735: The snapshot info is null. Setting the last applied index to:(t:0, i:~)
2024-04-26 07:46:03,812 [e280b344-1e71-401e-97a7-3c6530ca629d-groupManagement] INFO  server.RaftServerConfigKeys (ConfUtils.java:logGet(46)) - raft.server.log.use.memory = false (default)
2024-04-26 07:46:03,812 [e280b344-1e71-401e-97a7-3c6530ca629d-groupManagement] INFO  server.RaftServerConfigKeys (ConfUtils.java:logGet(46)) - raft.server.log.purge.gap = 1000000 (custom)
2024-04-26 07:46:03,812 [e280b344-1e71-401e-97a7-3c6530ca629d-groupManagement] INFO  server.RaftServerConfigKeys (ConfUtils.java:logGet(46)) - raft.server.log.appender.buffer.byte-limit = 8388608 (custom)
2024-04-26 07:46:03,812 [e280b344-1e71-401e-97a7-3c6530ca629d-groupManagement] INFO  server.RaftServerConfigKeys (ConfUtils.java:logGet(46)) - raft.server.log.statemachine.data.read.timeout = 1000ms (default)
2024-04-26 07:46:03,812 [e280b344-1e71-401e-97a7-3c6530ca629d-groupManagement] INFO  server.RaftServerConfigKeys (ConfUtils.java:logGet(46)) - raft.server.log.purge.preservation.log.num = 0 (default)
2024-04-26 07:46:03,812 [EventQueue-OpenPipelineForHealthyPipelineSafeModeRule] INFO  safemode.SCMSafeModeManager (HealthyPipelineSafeModeRule.java:process(140)) - SCM in safe mode. Healthy pipelines reported count is 0, required healthy pipeline reported count is 1
2024-04-26 07:46:03,813 [e280b344-1e71-401e-97a7-3c6530ca629d-groupManagement] INFO  server.RaftServerConfigKeys (ConfUtils.java:logGet(46)) - raft.server.log.segment.size.max = 67108864 (custom)
2024-04-26 07:46:03,813 [e280b344-1e71-401e-97a7-3c6530ca629d-groupManagement] INFO  server.RaftServerConfigKeys (ConfUtils.java:logGet(46)) - raft.server.log.segment.cache.num.max = 2 (custom)
2024-04-26 07:46:03,813 [e280b344-1e71-401e-97a7-3c6530ca629d-groupManagement] INFO  server.RaftServerConfigKeys (ConfUtils.java:logGet(46)) - raft.server.log.segment.cache.size.max = 200MB (=209715200) (default)
2024-04-26 07:46:03,813 [e280b344-1e71-401e-97a7-3c6530ca629d-groupManagement] INFO  server.RaftServerConfigKeys (ConfUtils.java:logGet(46)) - raft.server.log.appender.buffer.byte-limit = 8388608 (custom)
2024-04-26 07:46:03,814 [e280b344-1e71-401e-97a7-3c6530ca629d-groupManagement] INFO  util.AwaitToRun (AwaitToRun.java:start(81)) - Thread[e280b344-1e71-401e-97a7-3c6530ca629d@group-D9979C9DB735-cacheEviction-AwaitToRun,5,main] started
2024-04-26 07:46:03,814 [e280b344-1e71-401e-97a7-3c6530ca629d-groupManagement] INFO  segmented.SegmentedRaftLogWorker (SegmentedRaftLogWorker.java:<init>(182)) - new e280b344-1e71-401e-97a7-3c6530ca629d@group-D9979C9DB735-SegmentedRaftLogWorker for RaftStorageImpl:Storage Directory /home/runner/work/ozone/ozone/hadoop-ozone/integration-test/target/test-dir/MiniOzoneClusterImpl-864451be-9a12-4508-8431-6d052999593c/ozone-meta/datanode-7/ratis/473f2448-1472-487b-b9ad-d9979c9db735
2024-04-26 07:46:03,814 [e280b344-1e71-401e-97a7-3c6530ca629d-groupManagement] INFO  server.RaftServerConfigKeys (ConfUtils.java:logGet(46)) - raft.server.log.queue.byte-limit = 4294967296 (custom)
2024-04-26 07:46:03,814 [e280b344-1e71-401e-97a7-3c6530ca629d-groupManagement] INFO  server.RaftServerConfigKeys (ConfUtils.java:logGet(46)) - raft.server.log.queue.element-limit = 1024 (custom)
2024-04-26 07:46:03,814 [e280b344-1e71-401e-97a7-3c6530ca629d-groupManagement] INFO  server.RaftServerConfigKeys (ConfUtils.java:logGet(46)) - raft.server.log.segment.size.max = 67108864 (custom)
2024-04-26 07:46:03,814 [e280b344-1e71-401e-97a7-3c6530ca629d-groupManagement] INFO  server.RaftServerConfigKeys (ConfUtils.java:logGet(46)) - raft.server.log.preallocated.size = 4194304 (custom)
2024-04-26 07:46:03,814 [e280b344-1e71-401e-97a7-3c6530ca629d-groupManagement] INFO  server.RaftServerConfigKeys (ConfUtils.java:logGet(46)) - raft.server.log.force.sync.num = 128 (default)
2024-04-26 07:46:03,814 [e280b344-1e71-401e-97a7-3c6530ca629d-groupManagement] INFO  server.RaftServerConfigKeys (ConfUtils.java:logGet(46)) - raft.server.log.statemachine.data.sync = true (default)
2024-04-26 07:46:03,814 [e280b344-1e71-401e-97a7-3c6530ca629d-groupManagement] INFO  server.RaftServerConfigKeys (ConfUtils.java:logGet(46)) - raft.server.log.statemachine.data.sync.timeout = 10s (default)
2024-04-26 07:46:03,814 [e280b344-1e71-401e-97a7-3c6530ca629d-groupManagement] INFO  server.RaftServerConfigKeys (ConfUtils.java:logGet(46)) - raft.server.log.statemachine.data.sync.timeout.retry = 30 (custom)
2024-04-26 07:46:03,814 [e280b344-1e71-401e-97a7-3c6530ca629d-groupManagement] INFO  server.RaftServerConfigKeys (ConfUtils.java:logGet(46)) - raft.server.log.write.buffer.size = 8388616 (custom)
2024-04-26 07:46:03,816 [e280b344-1e71-401e-97a7-3c6530ca629d-groupManagement] INFO  server.RaftServerConfigKeys (ConfUtils.java:logGet(46)) - raft.server.log.appender.buffer.byte-limit = 8388608 (custom)
2024-04-26 07:46:03,816 [e280b344-1e71-401e-97a7-3c6530ca629d-groupManagement] INFO  server.RaftServerConfigKeys (ConfUtils.java:logGet(46)) - raft.server.log.unsafe-flush.enabled = false (default)
2024-04-26 07:46:03,816 [e280b344-1e71-401e-97a7-3c6530ca629d-groupManagement] INFO  server.RaftServerConfigKeys (ConfUtils.java:logGet(46)) - raft.server.log.async-flush.enabled = false (default)
2024-04-26 07:46:03,816 [e280b344-1e71-401e-97a7-3c6530ca629d-groupManagement] INFO  server.RaftServerConfigKeys (ConfUtils.java:logGet(46)) - raft.server.log.statemachine.data.caching.enabled = true (custom)
2024-04-26 07:46:03,816 [e280b344-1e71-401e-97a7-3c6530ca629d-groupManagement] INFO  segmented.SegmentedRaftLogWorker (SegmentedRaftLogWorker.java:lambda$new$0(134)) - e280b344-1e71-401e-97a7-3c6530ca629d@group-D9979C9DB735-SegmentedRaftLogWorker: flushIndex: setUnconditionally 0 -> -1
2024-04-26 07:46:03,816 [e280b344-1e71-401e-97a7-3c6530ca629d-groupManagement] INFO  segmented.SegmentedRaftLogWorker (SegmentedRaftLogWorker.java:lambda$new$0(134)) - e280b344-1e71-401e-97a7-3c6530ca629d@group-D9979C9DB735-SegmentedRaftLogWorker: safeCacheEvictIndex: setUnconditionally 0 -> -1
2024-04-26 07:46:03,816 [e280b344-1e71-401e-97a7-3c6530ca629d-groupManagement] INFO  server.RaftServer$Division (RaftServerImpl.java:start(396)) - e280b344-1e71-401e-97a7-3c6530ca629d@group-D9979C9DB735: start as a follower, conf=-1: peers:[26ca528a-fda8-41f2-a9ad-48918f1fba9d|127.0.0.1:15531, e280b344-1e71-401e-97a7-3c6530ca629d|127.0.0.1:15513, f89e5511-6660-4723-b6db-0a37c1615f1a|127.0.0.1:15522]|listeners:[], old=null
2024-04-26 07:46:03,816 [e280b344-1e71-401e-97a7-3c6530ca629d-groupManagement] INFO  server.RaftServer$Division (RaftServerImpl.java:setRole(383)) - e280b344-1e71-401e-97a7-3c6530ca629d@group-D9979C9DB735: changes role from      null to FOLLOWER at term 0 for startAsFollower
2024-04-26 07:46:03,816 [e280b344-1e71-401e-97a7-3c6530ca629d-groupManagement] INFO  impl.RoleInfo (RoleInfo.java:updateAndGet(139)) - e280b344-1e71-401e-97a7-3c6530ca629d: start e280b344-1e71-401e-97a7-3c6530ca629d@group-D9979C9DB735-FollowerState
2024-04-26 07:46:03,817 [e280b344-1e71-401e-97a7-3c6530ca629d-groupManagement] INFO  util.JmxRegister (JmxRegister.java:tryRegister(44)) - Successfully registered JMX Bean with object name Ratis:service=RaftServer,group=group-D9979C9DB735,id=e280b344-1e71-401e-97a7-3c6530ca629d
2024-04-26 07:46:03,817 [e280b344-1e71-401e-97a7-3c6530ca629d-groupManagement] INFO  server.RaftServerConfigKeys (ConfUtils.java:logGet(46)) - raft.server.snapshot.trigger-when-stop.enabled = true (default)
2024-04-26 07:46:03,817 [e280b344-1e71-401e-97a7-3c6530ca629d-groupManagement] INFO  server.RaftServerConfigKeys (ConfUtils.java:logGet(46)) - raft.server.snapshot.auto.trigger.enabled = true (custom)
2024-04-26 07:46:03,817 [e280b344-1e71-401e-97a7-3c6530ca629d-groupManagement] INFO  server.RaftServerConfigKeys (ConfUtils.java:logGet(46)) - raft.server.snapshot.auto.trigger.threshold = 10000 (custom)
2024-04-26 07:46:03,817 [e280b344-1e71-401e-97a7-3c6530ca629d-groupManagement] INFO  server.RaftServerConfigKeys (ConfUtils.java:logGet(46)) - raft.server.snapshot.retention.file.num = 5 (custom)
2024-04-26 07:46:03,817 [e280b344-1e71-401e-97a7-3c6530ca629d-groupManagement] INFO  server.RaftServerConfigKeys (ConfUtils.java:logGet(46)) - raft.server.log.purge.upto.snapshot.index = false (default)
2024-04-26 07:46:03,817 [e280b344-1e71-401e-97a7-3c6530ca629d@group-D9979C9DB735-FollowerState] INFO  server.RaftServerConfigKeys (ConfUtils.java:logFallback(53)) - raft.server.rpc.first-election.timeout.min = 5s (fallback to raft.server.rpc.timeout.min)
2024-04-26 07:46:03,817 [e280b344-1e71-401e-97a7-3c6530ca629d@group-D9979C9DB735-FollowerState] INFO  server.RaftServerConfigKeys (ConfUtils.java:logFallback(53)) - raft.server.rpc.first-election.timeout.max = 5200ms (fallback to raft.server.rpc.timeout.max)
2024-04-26 07:46:03,817 [e280b344-1e71-401e-97a7-3c6530ca629d-PipelineCommandHandlerThread-0] INFO  ratis.XceiverServerRatis (XceiverServerRatis.java:addGroup(864)) - Created group PipelineID=473f2448-1472-487b-b9ad-d9979c9db735
2024-04-26 07:46:03,822 [grpc-default-executor-1] INFO  server.RaftServer (RaftServerProxy.java:addNew(100)) - f89e5511-6660-4723-b6db-0a37c1615f1a: addNew group-D9979C9DB735:[26ca528a-fda8-41f2-a9ad-48918f1fba9d|127.0.0.1:15531, e280b344-1e71-401e-97a7-3c6530ca629d|127.0.0.1:15513, f89e5511-6660-4723-b6db-0a37c1615f1a|127.0.0.1:15522] returns group-D9979C9DB735:java.util.concurrent.CompletableFuture@4f1083c5[Not completed]
2024-04-26 07:46:03,823 [f89e5511-6660-4723-b6db-0a37c1615f1a-groupManagement] INFO  server.RaftServer$Division (RaftServerImpl.java:<init>(256)) - f89e5511-6660-4723-b6db-0a37c1615f1a: new RaftServerImpl for group-D9979C9DB735:[26ca528a-fda8-41f2-a9ad-48918f1fba9d|127.0.0.1:15531, e280b344-1e71-401e-97a7-3c6530ca629d|127.0.0.1:15513, f89e5511-6660-4723-b6db-0a37c1615f1a|127.0.0.1:15522] with ContainerStateMachine:uninitialized
2024-04-26 07:46:03,823 [f89e5511-6660-4723-b6db-0a37c1615f1a-groupManagement] INFO  server.RaftServerConfigKeys (ConfUtils.java:logGet(46)) - raft.server.rpc.timeout.min = 5s (custom)
2024-04-26 07:46:03,823 [f89e5511-6660-4723-b6db-0a37c1615f1a-groupManagement] INFO  server.RaftServerConfigKeys (ConfUtils.java:logGet(46)) - raft.server.rpc.timeout.max = 5200ms (custom)
2024-04-26 07:46:03,823 [f89e5511-6660-4723-b6db-0a37c1615f1a-groupManagement] INFO  server.RaftServerConfigKeys (ConfUtils.java:logGet(46)) - raft.server.rpc.sleep.time = 25ms (default)
2024-04-26 07:46:03,823 [f89e5511-6660-4723-b6db-0a37c1615f1a-groupManagement] INFO  server.RaftServerConfigKeys (ConfUtils.java:logGet(46)) - raft.server.rpc.slowness.timeout = 300000ms (custom)
2024-04-26 07:46:03,823 [f89e5511-6660-4723-b6db-0a37c1615f1a-groupManagement] INFO  server.RaftServerConfigKeys (ConfUtils.java:logGet(46)) - raft.server.leaderelection.leader.step-down.wait-time = 10s (default)
2024-04-26 07:46:03,823 [f89e5511-6660-4723-b6db-0a37c1615f1a-groupManagement] INFO  server.RaftServerConfigKeys (ConfUtils.java:logGet(46)) - raft.server.leaderelection.member.majority-add = false (default)
2024-04-26 07:46:03,823 [f89e5511-6660-4723-b6db-0a37c1615f1a-groupManagement] INFO  server.RaftServerConfigKeys (ConfUtils.java:logGet(46)) - raft.server.sleep.deviation.threshold = 300ms (default)
2024-04-26 07:46:03,823 [f89e5511-6660-4723-b6db-0a37c1615f1a-groupManagement] INFO  server.RaftServer$Division (ServerState.java:<init>(113)) - f89e5511-6660-4723-b6db-0a37c1615f1a@group-D9979C9DB735: ConfigurationManager, init=-1: peers:[26ca528a-fda8-41f2-a9ad-48918f1fba9d|127.0.0.1:15531, e280b344-1e71-401e-97a7-3c6530ca629d|127.0.0.1:15513, f89e5511-6660-4723-b6db-0a37c1615f1a|127.0.0.1:15522]|listeners:[], old=null, confs=<EMPTY_MAP>
2024-04-26 07:46:03,823 [f89e5511-6660-4723-b6db-0a37c1615f1a-groupManagement] INFO  server.RaftServerConfigKeys (ConfUtils.java:logGet(46)) - raft.server.notification.no-leader.timeout = 300000ms (custom)
2024-04-26 07:46:03,823 [f89e5511-6660-4723-b6db-0a37c1615f1a-groupManagement] INFO  server.RaftServerConfigKeys (ConfUtils.java:logGet(46)) - raft.server.read.timeout = 10s (default)
2024-04-26 07:46:03,823 [f89e5511-6660-4723-b6db-0a37c1615f1a-groupManagement] INFO  server.RaftServerConfigKeys (ConfUtils.java:logGet(46)) - raft.server.retrycache.expirytime = 600000ms (custom)
2024-04-26 07:46:03,824 [f89e5511-6660-4723-b6db-0a37c1615f1a-groupManagement] INFO  server.RaftServerConfigKeys (ConfUtils.java:logGet(46)) - raft.server.retrycache.statistics.expirytime = 100ms (default)
2024-04-26 07:46:03,824 [f89e5511-6660-4723-b6db-0a37c1615f1a-groupManagement] INFO  server.RaftServerConfigKeys (ConfUtils.java:logGet(46)) - raft.server.read.option = DEFAULT (default)
2024-04-26 07:46:03,824 [f89e5511-6660-4723-b6db-0a37c1615f1a-groupManagement] INFO  server.RaftServerConfigKeys (ConfUtils.java:logGet(46)) - raft.server.read.read-after-write-consistent.write-index-cache.expiry-time = 60s (default)
2024-04-26 07:46:03,825 [f89e5511-6660-4723-b6db-0a37c1615f1a-groupManagement] INFO  server.RaftServerConfigKeys (ConfUtils.java:logGet(46)) - raft.server.rpc.request.timeout = 3000ms (default)
2024-04-26 07:46:03,825 [f89e5511-6660-4723-b6db-0a37c1615f1a-groupManagement] INFO  server.RaftServerConfigKeys (ConfUtils.java:logGet(46)) - raft.server.log.appender.install.snapshot.enabled = false (custom)
2024-04-26 07:46:03,825 [f89e5511-6660-4723-b6db-0a37c1615f1a-groupManagement] INFO  server.RaftServerConfigKeys (ConfUtils.java:logGet(46)) - raft.server.threadpool.server.cached = true (default)
2024-04-26 07:46:03,825 [f89e5511-6660-4723-b6db-0a37c1615f1a-groupManagement] INFO  server.RaftServerConfigKeys (ConfUtils.java:logGet(46)) - raft.server.threadpool.server.size = 0 (default)
2024-04-26 07:46:03,825 [f89e5511-6660-4723-b6db-0a37c1615f1a-groupManagement] INFO  server.RaftServerConfigKeys (ConfUtils.java:logGet(46)) - raft.server.threadpool.client.cached = true (default)
2024-04-26 07:46:03,825 [f89e5511-6660-4723-b6db-0a37c1615f1a-groupManagement] INFO  server.RaftServerConfigKeys (ConfUtils.java:logGet(46)) - raft.server.threadpool.client.size = 0 (default)
2024-04-26 07:46:03,825 [f89e5511-6660-4723-b6db-0a37c1615f1a-groupManagement] INFO  server.RaftServerConfigKeys (ConfUtils.java:logGet(46)) - raft.server.storage.free-space.min = 0MB (=0) (default)
2024-04-26 07:46:03,825 [f89e5511-6660-4723-b6db-0a37c1615f1a-groupManagement] INFO  server.RaftServerConfigKeys (ConfUtils.java:logGet(46)) - raft.server.log.corruption.policy = EXCEPTION (default)
2024-04-26 07:46:03,825 [f89e5511-6660-4723-b6db-0a37c1615f1a-groupManagement] INFO  server.RaftServerConfigKeys (ConfUtils.java:logGet(46)) - raft.server.storage.dir = [/home/runner/work/ozone/ozone/hadoop-ozone/integration-test/target/test-dir/MiniOzoneClusterImpl-864451be-9a12-4508-8431-6d052999593c/ozone-meta/datanode-8/ratis] (custom)
2024-04-26 07:46:03,826 [f89e5511-6660-4723-b6db-0a37c1615f1a-groupManagement] INFO  storage.RaftStorageDirectory (RaftStorageDirectoryImpl.java:analyzeStorage(138)) - The storage directory /home/runner/work/ozone/ozone/hadoop-ozone/integration-test/target/test-dir/MiniOzoneClusterImpl-864451be-9a12-4508-8431-6d052999593c/ozone-meta/datanode-8/ratis/473f2448-1472-487b-b9ad-d9979c9db735 does not exist. Creating ...
2024-04-26 07:46:03,826 [f89e5511-6660-4723-b6db-0a37c1615f1a-groupManagement] INFO  storage.RaftStorageDirectory (RaftStorageDirectoryImpl.java:tryLock(228)) - Lock on /home/runner/work/ozone/ozone/hadoop-ozone/integration-test/target/test-dir/MiniOzoneClusterImpl-864451be-9a12-4508-8431-6d052999593c/ozone-meta/datanode-8/ratis/473f2448-1472-487b-b9ad-d9979c9db735/in_use.lock acquired by nodename 21422@fv-az1107-628
2024-04-26 07:46:03,827 [f89e5511-6660-4723-b6db-0a37c1615f1a-groupManagement] INFO  storage.RaftStorage (RaftStorageImpl.java:format(99)) - Storage directory /home/runner/work/ozone/ozone/hadoop-ozone/integration-test/target/test-dir/MiniOzoneClusterImpl-864451be-9a12-4508-8431-6d052999593c/ozone-meta/datanode-8/ratis/473f2448-1472-487b-b9ad-d9979c9db735 has been successfully formatted.
2024-04-26 07:46:03,827 [f89e5511-6660-4723-b6db-0a37c1615f1a-groupManagement] WARN  util.FileUtils (LogUtils.java:supplyAndLog(63)) - Failed to Files.newInputStream /home/runner/work/ozone/ozone/hadoop-ozone/integration-test/target/test-dir/MiniOzoneClusterImpl-864451be-9a12-4508-8431-6d052999593c/ozone-meta/datanode-8/ratis/473f2448-1472-487b-b9ad-d9979c9db735/current/raft-meta.conf with options []: java.nio.file.NoSuchFileException: /home/runner/work/ozone/ozone/hadoop-ozone/integration-test/target/test-dir/MiniOzoneClusterImpl-864451be-9a12-4508-8431-6d052999593c/ozone-meta/datanode-8/ratis/473f2448-1472-487b-b9ad-d9979c9db735/current/raft-meta.conf
2024-04-26 07:46:03,827 [f89e5511-6660-4723-b6db-0a37c1615f1a-groupManagement] INFO  ratis.ContainerStateMachine (ContainerStateMachine.java:loadSnapshot(287)) - group-D9979C9DB735: The snapshot info is null. Setting the last applied index to:(t:0, i:~)
2024-04-26 07:46:03,827 [f89e5511-6660-4723-b6db-0a37c1615f1a-groupManagement] INFO  server.RaftServerConfigKeys (ConfUtils.java:logGet(46)) - raft.server.log.use.memory = false (default)
2024-04-26 07:46:03,828 [f89e5511-6660-4723-b6db-0a37c1615f1a-groupManagement] INFO  server.RaftServerConfigKeys (ConfUtils.java:logGet(46)) - raft.server.log.purge.gap = 1000000 (custom)
2024-04-26 07:46:03,828 [f89e5511-6660-4723-b6db-0a37c1615f1a-groupManagement] INFO  server.RaftServerConfigKeys (ConfUtils.java:logGet(46)) - raft.server.log.appender.buffer.byte-limit = 8388608 (custom)
2024-04-26 07:46:03,828 [f89e5511-6660-4723-b6db-0a37c1615f1a-groupManagement] INFO  server.RaftServerConfigKeys (ConfUtils.java:logGet(46)) - raft.server.log.statemachine.data.read.timeout = 1000ms (default)
2024-04-26 07:46:03,828 [f89e5511-6660-4723-b6db-0a37c1615f1a-groupManagement] INFO  server.RaftServerConfigKeys (ConfUtils.java:logGet(46)) - raft.server.log.purge.preservation.log.num = 0 (default)
2024-04-26 07:46:03,829 [f89e5511-6660-4723-b6db-0a37c1615f1a-groupManagement] INFO  server.RaftServerConfigKeys (ConfUtils.java:logGet(46)) - raft.server.log.segment.size.max = 67108864 (custom)
2024-04-26 07:46:03,829 [f89e5511-6660-4723-b6db-0a37c1615f1a-groupManagement] INFO  server.RaftServerConfigKeys (ConfUtils.java:logGet(46)) - raft.server.log.segment.cache.num.max = 2 (custom)
2024-04-26 07:46:03,830 [f89e5511-6660-4723-b6db-0a37c1615f1a-groupManagement] INFO  server.RaftServerConfigKeys (ConfUtils.java:logGet(46)) - raft.server.log.segment.cache.size.max = 200MB (=209715200) (default)
2024-04-26 07:46:03,830 [f89e5511-6660-4723-b6db-0a37c1615f1a-groupManagement] INFO  server.RaftServerConfigKeys (ConfUtils.java:logGet(46)) - raft.server.log.appender.buffer.byte-limit = 8388608 (custom)
2024-04-26 07:46:03,830 [f89e5511-6660-4723-b6db-0a37c1615f1a-groupManagement] INFO  util.AwaitToRun (AwaitToRun.java:start(81)) - Thread[f89e5511-6660-4723-b6db-0a37c1615f1a@group-D9979C9DB735-cacheEviction-AwaitToRun,5,main] started
2024-04-26 07:46:03,830 [f89e5511-6660-4723-b6db-0a37c1615f1a-groupManagement] INFO  segmented.SegmentedRaftLogWorker (SegmentedRaftLogWorker.java:<init>(182)) - new f89e5511-6660-4723-b6db-0a37c1615f1a@group-D9979C9DB735-SegmentedRaftLogWorker for RaftStorageImpl:Storage Directory /home/runner/work/ozone/ozone/hadoop-ozone/integration-test/target/test-dir/MiniOzoneClusterImpl-864451be-9a12-4508-8431-6d052999593c/ozone-meta/datanode-8/ratis/473f2448-1472-487b-b9ad-d9979c9db735
2024-04-26 07:46:03,830 [f89e5511-6660-4723-b6db-0a37c1615f1a-groupManagement] INFO  server.RaftServerConfigKeys (ConfUtils.java:logGet(46)) - raft.server.log.queue.byte-limit = 4294967296 (custom)
2024-04-26 07:46:03,830 [f89e5511-6660-4723-b6db-0a37c1615f1a-groupManagement] INFO  server.RaftServerConfigKeys (ConfUtils.java:logGet(46)) - raft.server.log.queue.element-limit = 1024 (custom)
2024-04-26 07:46:03,830 [f89e5511-6660-4723-b6db-0a37c1615f1a-groupManagement] INFO  server.RaftServerConfigKeys (ConfUtils.java:logGet(46)) - raft.server.log.segment.size.max = 67108864 (custom)
2024-04-26 07:46:03,830 [f89e5511-6660-4723-b6db-0a37c1615f1a-groupManagement] INFO  server.RaftServerConfigKeys (ConfUtils.java:logGet(46)) - raft.server.log.preallocated.size = 4194304 (custom)
2024-04-26 07:46:03,830 [f89e5511-6660-4723-b6db-0a37c1615f1a-groupManagement] INFO  server.RaftServerConfigKeys (ConfUtils.java:logGet(46)) - raft.server.log.force.sync.num = 128 (default)
2024-04-26 07:46:03,830 [f89e5511-6660-4723-b6db-0a37c1615f1a-groupManagement] INFO  server.RaftServerConfigKeys (ConfUtils.java:logGet(46)) - raft.server.log.statemachine.data.sync = true (default)
2024-04-26 07:46:03,830 [f89e5511-6660-4723-b6db-0a37c1615f1a-groupManagement] INFO  server.RaftServerConfigKeys (ConfUtils.java:logGet(46)) - raft.server.log.statemachine.data.sync.timeout = 10s (default)
2024-04-26 07:46:03,830 [f89e5511-6660-4723-b6db-0a37c1615f1a-groupManagement] INFO  server.RaftServerConfigKeys (ConfUtils.java:logGet(46)) - raft.server.log.statemachine.data.sync.timeout.retry = 30 (custom)
2024-04-26 07:46:03,830 [f89e5511-6660-4723-b6db-0a37c1615f1a-groupManagement] INFO  server.RaftServerConfigKeys (ConfUtils.java:logGet(46)) - raft.server.log.write.buffer.size = 8388616 (custom)
2024-04-26 07:46:03,832 [f89e5511-6660-4723-b6db-0a37c1615f1a-groupManagement] INFO  server.RaftServerConfigKeys (ConfUtils.java:logGet(46)) - raft.server.log.appender.buffer.byte-limit = 8388608 (custom)
2024-04-26 07:46:03,832 [f89e5511-6660-4723-b6db-0a37c1615f1a-groupManagement] INFO  server.RaftServerConfigKeys (ConfUtils.java:logGet(46)) - raft.server.log.unsafe-flush.enabled = false (default)
2024-04-26 07:46:03,832 [f89e5511-6660-4723-b6db-0a37c1615f1a-groupManagement] INFO  server.RaftServerConfigKeys (ConfUtils.java:logGet(46)) - raft.server.log.async-flush.enabled = false (default)
2024-04-26 07:46:03,832 [f89e5511-6660-4723-b6db-0a37c1615f1a-groupManagement] INFO  server.RaftServerConfigKeys (ConfUtils.java:logGet(46)) - raft.server.log.statemachine.data.caching.enabled = true (custom)
2024-04-26 07:46:03,832 [f89e5511-6660-4723-b6db-0a37c1615f1a-groupManagement] INFO  segmented.SegmentedRaftLogWorker (SegmentedRaftLogWorker.java:lambda$new$0(134)) - f89e5511-6660-4723-b6db-0a37c1615f1a@group-D9979C9DB735-SegmentedRaftLogWorker: flushIndex: setUnconditionally 0 -> -1
2024-04-26 07:46:03,832 [f89e5511-6660-4723-b6db-0a37c1615f1a-groupManagement] INFO  segmented.SegmentedRaftLogWorker (SegmentedRaftLogWorker.java:lambda$new$0(134)) - f89e5511-6660-4723-b6db-0a37c1615f1a@group-D9979C9DB735-SegmentedRaftLogWorker: safeCacheEvictIndex: setUnconditionally 0 -> -1
2024-04-26 07:46:03,832 [f89e5511-6660-4723-b6db-0a37c1615f1a-groupManagement] INFO  server.RaftServer$Division (RaftServerImpl.java:start(396)) - f89e5511-6660-4723-b6db-0a37c1615f1a@group-D9979C9DB735: start as a follower, conf=-1: peers:[26ca528a-fda8-41f2-a9ad-48918f1fba9d|127.0.0.1:15531, e280b344-1e71-401e-97a7-3c6530ca629d|127.0.0.1:15513, f89e5511-6660-4723-b6db-0a37c1615f1a|127.0.0.1:15522]|listeners:[], old=null
2024-04-26 07:46:03,832 [f89e5511-6660-4723-b6db-0a37c1615f1a-groupManagement] INFO  server.RaftServer$Division (RaftServerImpl.java:setRole(383)) - f89e5511-6660-4723-b6db-0a37c1615f1a@group-D9979C9DB735: changes role from      null to FOLLOWER at term 0 for startAsFollower
2024-04-26 07:46:03,832 [f89e5511-6660-4723-b6db-0a37c1615f1a-groupManagement] INFO  impl.RoleInfo (RoleInfo.java:updateAndGet(139)) - f89e5511-6660-4723-b6db-0a37c1615f1a: start f89e5511-6660-4723-b6db-0a37c1615f1a@group-D9979C9DB735-FollowerState
2024-04-26 07:46:03,832 [f89e5511-6660-4723-b6db-0a37c1615f1a-groupManagement] INFO  util.JmxRegister (JmxRegister.java:tryRegister(44)) - Successfully registered JMX Bean with object name Ratis:service=RaftServer,group=group-D9979C9DB735,id=f89e5511-6660-4723-b6db-0a37c1615f1a
2024-04-26 07:46:03,832 [f89e5511-6660-4723-b6db-0a37c1615f1a@group-D9979C9DB735-FollowerState] INFO  server.RaftServerConfigKeys (ConfUtils.java:logFallback(53)) - raft.server.rpc.first-election.timeout.min = 5s (fallback to raft.server.rpc.timeout.min)
2024-04-26 07:46:03,832 [f89e5511-6660-4723-b6db-0a37c1615f1a@group-D9979C9DB735-FollowerState] INFO  server.RaftServerConfigKeys (ConfUtils.java:logFallback(53)) - raft.server.rpc.first-election.timeout.max = 5200ms (fallback to raft.server.rpc.timeout.max)
2024-04-26 07:46:03,832 [f89e5511-6660-4723-b6db-0a37c1615f1a-groupManagement] INFO  server.RaftServerConfigKeys (ConfUtils.java:logGet(46)) - raft.server.snapshot.trigger-when-stop.enabled = true (default)
2024-04-26 07:46:03,833 [f89e5511-6660-4723-b6db-0a37c1615f1a-groupManagement] INFO  server.RaftServerConfigKeys (ConfUtils.java:logGet(46)) - raft.server.snapshot.auto.trigger.enabled = true (custom)
2024-04-26 07:46:03,833 [f89e5511-6660-4723-b6db-0a37c1615f1a-groupManagement] INFO  server.RaftServerConfigKeys (ConfUtils.java:logGet(46)) - raft.server.snapshot.auto.trigger.threshold = 10000 (custom)
2024-04-26 07:46:03,833 [f89e5511-6660-4723-b6db-0a37c1615f1a-groupManagement] INFO  server.RaftServerConfigKeys (ConfUtils.java:logGet(46)) - raft.server.snapshot.retention.file.num = 5 (custom)
2024-04-26 07:46:03,833 [f89e5511-6660-4723-b6db-0a37c1615f1a-groupManagement] INFO  server.RaftServerConfigKeys (ConfUtils.java:logGet(46)) - raft.server.log.purge.upto.snapshot.index = false (default)
2024-04-26 07:46:03,839 [grpc-default-executor-1] INFO  server.RaftServer (RaftServerProxy.java:addNew(100)) - 26ca528a-fda8-41f2-a9ad-48918f1fba9d: addNew group-D9979C9DB735:[26ca528a-fda8-41f2-a9ad-48918f1fba9d|127.0.0.1:15531, e280b344-1e71-401e-97a7-3c6530ca629d|127.0.0.1:15513, f89e5511-6660-4723-b6db-0a37c1615f1a|127.0.0.1:15522] returns group-D9979C9DB735:java.util.concurrent.CompletableFuture@3c8e0f1e[Not completed]
2024-04-26 07:46:03,840 [26ca528a-fda8-41f2-a9ad-48918f1fba9d-groupManagement] INFO  server.RaftServer$Division (RaftServerImpl.java:<init>(256)) - 26ca528a-fda8-41f2-a9ad-48918f1fba9d: new RaftServerImpl for group-D9979C9DB735:[26ca528a-fda8-41f2-a9ad-48918f1fba9d|127.0.0.1:15531, e280b344-1e71-401e-97a7-3c6530ca629d|127.0.0.1:15513, f89e5511-6660-4723-b6db-0a37c1615f1a|127.0.0.1:15522] with ContainerStateMachine:uninitialized
2024-04-26 07:46:03,840 [26ca528a-fda8-41f2-a9ad-48918f1fba9d-groupManagement] INFO  server.RaftServerConfigKeys (ConfUtils.java:logGet(46)) - raft.server.rpc.timeout.min = 5s (custom)
2024-04-26 07:46:03,840 [26ca528a-fda8-41f2-a9ad-48918f1fba9d-groupManagement] INFO  server.RaftServerConfigKeys (ConfUtils.java:logGet(46)) - raft.server.rpc.timeout.max = 5200ms (custom)
2024-04-26 07:46:03,840 [26ca528a-fda8-41f2-a9ad-48918f1fba9d-groupManagement] INFO  server.RaftServerConfigKeys (ConfUtils.java:logGet(46)) - raft.server.rpc.sleep.time = 25ms (default)
2024-04-26 07:46:03,840 [26ca528a-fda8-41f2-a9ad-48918f1fba9d-groupManagement] INFO  server.RaftServerConfigKeys (ConfUtils.java:logGet(46)) - raft.server.rpc.slowness.timeout = 300000ms (custom)
2024-04-26 07:46:03,840 [26ca528a-fda8-41f2-a9ad-48918f1fba9d-groupManagement] INFO  server.RaftServerConfigKeys (ConfUtils.java:logGet(46)) - raft.server.leaderelection.leader.step-down.wait-time = 10s (default)
2024-04-26 07:46:03,840 [26ca528a-fda8-41f2-a9ad-48918f1fba9d-groupManagement] INFO  server.RaftServerConfigKeys (ConfUtils.java:logGet(46)) - raft.server.leaderelection.member.majority-add = false (default)
2024-04-26 07:46:03,840 [26ca528a-fda8-41f2-a9ad-48918f1fba9d-groupManagement] INFO  server.RaftServerConfigKeys (ConfUtils.java:logGet(46)) - raft.server.sleep.deviation.threshold = 300ms (default)
2024-04-26 07:46:03,840 [26ca528a-fda8-41f2-a9ad-48918f1fba9d-groupManagement] INFO  server.RaftServer$Division (ServerState.java:<init>(113)) - 26ca528a-fda8-41f2-a9ad-48918f1fba9d@group-D9979C9DB735: ConfigurationManager, init=-1: peers:[26ca528a-fda8-41f2-a9ad-48918f1fba9d|127.0.0.1:15531, e280b344-1e71-401e-97a7-3c6530ca629d|127.0.0.1:15513, f89e5511-6660-4723-b6db-0a37c1615f1a|127.0.0.1:15522]|listeners:[], old=null, confs=<EMPTY_MAP>
2024-04-26 07:46:03,840 [26ca528a-fda8-41f2-a9ad-48918f1fba9d-groupManagement] INFO  server.RaftServerConfigKeys (ConfUtils.java:logGet(46)) - raft.server.notification.no-leader.timeout = 300000ms (custom)
2024-04-26 07:46:03,840 [26ca528a-fda8-41f2-a9ad-48918f1fba9d-groupManagement] INFO  server.RaftServerConfigKeys (ConfUtils.java:logGet(46)) - raft.server.read.timeout = 10s (default)
2024-04-26 07:46:03,840 [26ca528a-fda8-41f2-a9ad-48918f1fba9d-groupManagement] INFO  server.RaftServerConfigKeys (ConfUtils.java:logGet(46)) - raft.server.retrycache.expirytime = 600000ms (custom)
2024-04-26 07:46:03,840 [26ca528a-fda8-41f2-a9ad-48918f1fba9d-groupManagement] INFO  server.RaftServerConfigKeys (ConfUtils.java:logGet(46)) - raft.server.retrycache.statistics.expirytime = 100ms (default)
2024-04-26 07:46:03,840 [26ca528a-fda8-41f2-a9ad-48918f1fba9d-groupManagement] INFO  server.RaftServerConfigKeys (ConfUtils.java:logGet(46)) - raft.server.read.option = DEFAULT (default)
2024-04-26 07:46:03,840 [26ca528a-fda8-41f2-a9ad-48918f1fba9d-groupManagement] INFO  server.RaftServerConfigKeys (ConfUtils.java:logGet(46)) - raft.server.read.read-after-write-consistent.write-index-cache.expiry-time = 60s (default)
2024-04-26 07:46:03,842 [26ca528a-fda8-41f2-a9ad-48918f1fba9d-groupManagement] INFO  server.RaftServerConfigKeys (ConfUtils.java:logGet(46)) - raft.server.rpc.request.timeout = 3000ms (default)
2024-04-26 07:46:03,842 [26ca528a-fda8-41f2-a9ad-48918f1fba9d-groupManagement] INFO  server.RaftServerConfigKeys (ConfUtils.java:logGet(46)) - raft.server.log.appender.install.snapshot.enabled = false (custom)
2024-04-26 07:46:03,842 [26ca528a-fda8-41f2-a9ad-48918f1fba9d-groupManagement] INFO  server.RaftServerConfigKeys (ConfUtils.java:logGet(46)) - raft.server.threadpool.server.cached = true (default)
2024-04-26 07:46:03,842 [26ca528a-fda8-41f2-a9ad-48918f1fba9d-groupManagement] INFO  server.RaftServerConfigKeys (ConfUtils.java:logGet(46)) - raft.server.threadpool.server.size = 0 (default)
2024-04-26 07:46:03,842 [26ca528a-fda8-41f2-a9ad-48918f1fba9d-groupManagement] INFO  server.RaftServerConfigKeys (ConfUtils.java:logGet(46)) - raft.server.threadpool.client.cached = true (default)
2024-04-26 07:46:03,842 [26ca528a-fda8-41f2-a9ad-48918f1fba9d-groupManagement] INFO  server.RaftServerConfigKeys (ConfUtils.java:logGet(46)) - raft.server.threadpool.client.size = 0 (default)
2024-04-26 07:46:03,842 [26ca528a-fda8-41f2-a9ad-48918f1fba9d-groupManagement] INFO  server.RaftServerConfigKeys (ConfUtils.java:logGet(46)) - raft.server.storage.free-space.min = 0MB (=0) (default)
2024-04-26 07:46:03,842 [26ca528a-fda8-41f2-a9ad-48918f1fba9d-groupManagement] INFO  server.RaftServerConfigKeys (ConfUtils.java:logGet(46)) - raft.server.log.corruption.policy = EXCEPTION (default)
2024-04-26 07:46:03,842 [26ca528a-fda8-41f2-a9ad-48918f1fba9d-groupManagement] INFO  server.RaftServerConfigKeys (ConfUtils.java:logGet(46)) - raft.server.storage.dir = [/home/runner/work/ozone/ozone/hadoop-ozone/integration-test/target/test-dir/MiniOzoneClusterImpl-864451be-9a12-4508-8431-6d052999593c/ozone-meta/datanode-9/ratis] (custom)
2024-04-26 07:46:03,842 [26ca528a-fda8-41f2-a9ad-48918f1fba9d-groupManagement] INFO  storage.RaftStorageDirectory (RaftStorageDirectoryImpl.java:analyzeStorage(138)) - The storage directory /home/runner/work/ozone/ozone/hadoop-ozone/integration-test/target/test-dir/MiniOzoneClusterImpl-864451be-9a12-4508-8431-6d052999593c/ozone-meta/datanode-9/ratis/473f2448-1472-487b-b9ad-d9979c9db735 does not exist. Creating ...
2024-04-26 07:46:03,843 [26ca528a-fda8-41f2-a9ad-48918f1fba9d-groupManagement] INFO  storage.RaftStorageDirectory (RaftStorageDirectoryImpl.java:tryLock(228)) - Lock on /home/runner/work/ozone/ozone/hadoop-ozone/integration-test/target/test-dir/MiniOzoneClusterImpl-864451be-9a12-4508-8431-6d052999593c/ozone-meta/datanode-9/ratis/473f2448-1472-487b-b9ad-d9979c9db735/in_use.lock acquired by nodename 21422@fv-az1107-628
2024-04-26 07:46:03,843 [26ca528a-fda8-41f2-a9ad-48918f1fba9d-groupManagement] INFO  storage.RaftStorage (RaftStorageImpl.java:format(99)) - Storage directory /home/runner/work/ozone/ozone/hadoop-ozone/integration-test/target/test-dir/MiniOzoneClusterImpl-864451be-9a12-4508-8431-6d052999593c/ozone-meta/datanode-9/ratis/473f2448-1472-487b-b9ad-d9979c9db735 has been successfully formatted.
2024-04-26 07:46:03,844 [26ca528a-fda8-41f2-a9ad-48918f1fba9d-groupManagement] WARN  util.FileUtils (LogUtils.java:supplyAndLog(63)) - Failed to Files.newInputStream /home/runner/work/ozone/ozone/hadoop-ozone/integration-test/target/test-dir/MiniOzoneClusterImpl-864451be-9a12-4508-8431-6d052999593c/ozone-meta/datanode-9/ratis/473f2448-1472-487b-b9ad-d9979c9db735/current/raft-meta.conf with options []: java.nio.file.NoSuchFileException: /home/runner/work/ozone/ozone/hadoop-ozone/integration-test/target/test-dir/MiniOzoneClusterImpl-864451be-9a12-4508-8431-6d052999593c/ozone-meta/datanode-9/ratis/473f2448-1472-487b-b9ad-d9979c9db735/current/raft-meta.conf
2024-04-26 07:46:03,844 [26ca528a-fda8-41f2-a9ad-48918f1fba9d-groupManagement] INFO  ratis.ContainerStateMachine (ContainerStateMachine.java:loadSnapshot(287)) - group-D9979C9DB735: The snapshot info is null. Setting the last applied index to:(t:0, i:~)
2024-04-26 07:46:03,844 [26ca528a-fda8-41f2-a9ad-48918f1fba9d-groupManagement] INFO  server.RaftServerConfigKeys (ConfUtils.java:logGet(46)) - raft.server.log.use.memory = false (default)
2024-04-26 07:46:03,844 [26ca528a-fda8-41f2-a9ad-48918f1fba9d-groupManagement] INFO  server.RaftServerConfigKeys (ConfUtils.java:logGet(46)) - raft.server.log.purge.gap = 1000000 (custom)
2024-04-26 07:46:03,844 [26ca528a-fda8-41f2-a9ad-48918f1fba9d-groupManagement] INFO  server.RaftServerConfigKeys (ConfUtils.java:logGet(46)) - raft.server.log.appender.buffer.byte-limit = 8388608 (custom)
2024-04-26 07:46:03,844 [26ca528a-fda8-41f2-a9ad-48918f1fba9d-groupManagement] INFO  server.RaftServerConfigKeys (ConfUtils.java:logGet(46)) - raft.server.log.statemachine.data.read.timeout = 1000ms (default)
2024-04-26 07:46:03,844 [26ca528a-fda8-41f2-a9ad-48918f1fba9d-groupManagement] INFO  server.RaftServerConfigKeys (ConfUtils.java:logGet(46)) - raft.server.log.purge.preservation.log.num = 0 (default)
2024-04-26 07:46:03,845 [f89e5511-6660-4723-b6db-0a37c1615f1a-groupManagement] INFO  server.RaftServer$Division (RaftServerImpl.java:<init>(256)) - f89e5511-6660-4723-b6db-0a37c1615f1a: new RaftServerImpl for group-9B4B29D93724:[f89e5511-6660-4723-b6db-0a37c1615f1a|127.0.0.1:15522] with ContainerStateMachine:uninitialized
2024-04-26 07:46:03,845 [f89e5511-6660-4723-b6db-0a37c1615f1a-groupManagement] INFO  server.RaftServerConfigKeys (ConfUtils.java:logGet(46)) - raft.server.rpc.timeout.min = 5s (custom)
2024-04-26 07:46:03,845 [f89e5511-6660-4723-b6db-0a37c1615f1a-groupManagement] INFO  server.RaftServerConfigKeys (ConfUtils.java:logGet(46)) - raft.server.rpc.timeout.max = 5200ms (custom)
2024-04-26 07:46:03,845 [f89e5511-6660-4723-b6db-0a37c1615f1a-groupManagement] INFO  server.RaftServerConfigKeys (ConfUtils.java:logGet(46)) - raft.server.rpc.sleep.time = 25ms (default)
2024-04-26 07:46:03,845 [f89e5511-6660-4723-b6db-0a37c1615f1a-groupManagement] INFO  server.RaftServerConfigKeys (ConfUtils.java:logGet(46)) - raft.server.rpc.slowness.timeout = 300000ms (custom)
2024-04-26 07:46:03,845 [f89e5511-6660-4723-b6db-0a37c1615f1a-groupManagement] INFO  server.RaftServerConfigKeys (ConfUtils.java:logGet(46)) - raft.server.leaderelection.leader.step-down.wait-time = 10s (default)
2024-04-26 07:46:03,845 [f89e5511-6660-4723-b6db-0a37c1615f1a-groupManagement] INFO  server.RaftServerConfigKeys (ConfUtils.java:logGet(46)) - raft.server.leaderelection.member.majority-add = false (default)
2024-04-26 07:46:03,845 [f89e5511-6660-4723-b6db-0a37c1615f1a-groupManagement] INFO  server.RaftServerConfigKeys (ConfUtils.java:logGet(46)) - raft.server.sleep.deviation.threshold = 300ms (default)
2024-04-26 07:46:03,845 [f89e5511-6660-4723-b6db-0a37c1615f1a-groupManagement] INFO  server.RaftServer$Division (ServerState.java:<init>(113)) - f89e5511-6660-4723-b6db-0a37c1615f1a@group-9B4B29D93724: ConfigurationManager, init=-1: peers:[f89e5511-6660-4723-b6db-0a37c1615f1a|127.0.0.1:15522]|listeners:[], old=null, confs=<EMPTY_MAP>
2024-04-26 07:46:03,845 [f89e5511-6660-4723-b6db-0a37c1615f1a-groupManagement] INFO  server.RaftServerConfigKeys (ConfUtils.java:logGet(46)) - raft.server.notification.no-leader.timeout = 300000ms (custom)
2024-04-26 07:46:03,846 [f89e5511-6660-4723-b6db-0a37c1615f1a-groupManagement] INFO  server.RaftServerConfigKeys (ConfUtils.java:logGet(46)) - raft.server.read.timeout = 10s (default)
2024-04-26 07:46:03,846 [f89e5511-6660-4723-b6db-0a37c1615f1a-groupManagement] INFO  server.RaftServerConfigKeys (ConfUtils.java:logGet(46)) - raft.server.retrycache.expirytime = 600000ms (custom)
2024-04-26 07:46:03,846 [f89e5511-6660-4723-b6db-0a37c1615f1a-groupManagement] INFO  server.RaftServerConfigKeys (ConfUtils.java:logGet(46)) - raft.server.retrycache.statistics.expirytime = 100ms (default)
2024-04-26 07:46:03,846 [26ca528a-fda8-41f2-a9ad-48918f1fba9d-groupManagement] INFO  server.RaftServerConfigKeys (ConfUtils.java:logGet(46)) - raft.server.log.segment.size.max = 67108864 (custom)
2024-04-26 07:46:03,846 [f89e5511-6660-4723-b6db-0a37c1615f1a-PipelineCommandHandlerThread-0] INFO  server.RaftServer (RaftServerProxy.java:addNew(100)) - f89e5511-6660-4723-b6db-0a37c1615f1a: addNew group-9B4B29D93724:[f89e5511-6660-4723-b6db-0a37c1615f1a|127.0.0.1:15522] returns group-9B4B29D93724:java.util.concurrent.CompletableFuture@67423f91[Not completed]
2024-04-26 07:46:03,846 [f89e5511-6660-4723-b6db-0a37c1615f1a-groupManagement] INFO  server.RaftServerConfigKeys (ConfUtils.java:logGet(46)) - raft.server.read.option = DEFAULT (default)
2024-04-26 07:46:03,846 [f89e5511-6660-4723-b6db-0a37c1615f1a-groupManagement] INFO  server.RaftServerConfigKeys (ConfUtils.java:logGet(46)) - raft.server.read.read-after-write-consistent.write-index-cache.expiry-time = 60s (default)
2024-04-26 07:46:03,846 [26ca528a-fda8-41f2-a9ad-48918f1fba9d-groupManagement] INFO  server.RaftServerConfigKeys (ConfUtils.java:logGet(46)) - raft.server.log.segment.cache.num.max = 2 (custom)
2024-04-26 07:46:03,846 [26ca528a-fda8-41f2-a9ad-48918f1fba9d-groupManagement] INFO  server.RaftServerConfigKeys (ConfUtils.java:logGet(46)) - raft.server.log.segment.cache.size.max = 200MB (=209715200) (default)
2024-04-26 07:46:03,846 [26ca528a-fda8-41f2-a9ad-48918f1fba9d-groupManagement] INFO  server.RaftServerConfigKeys (ConfUtils.java:logGet(46)) - raft.server.log.appender.buffer.byte-limit = 8388608 (custom)
2024-04-26 07:46:03,846 [26ca528a-fda8-41f2-a9ad-48918f1fba9d-groupManagement] INFO  util.AwaitToRun (AwaitToRun.java:start(81)) - Thread[26ca528a-fda8-41f2-a9ad-48918f1fba9d@group-D9979C9DB735-cacheEviction-AwaitToRun,5,main] started
2024-04-26 07:46:03,846 [26ca528a-fda8-41f2-a9ad-48918f1fba9d-groupManagement] INFO  segmented.SegmentedRaftLogWorker (SegmentedRaftLogWorker.java:<init>(182)) - new 26ca528a-fda8-41f2-a9ad-48918f1fba9d@group-D9979C9DB735-SegmentedRaftLogWorker for RaftStorageImpl:Storage Directory /home/runner/work/ozone/ozone/hadoop-ozone/integration-test/target/test-dir/MiniOzoneClusterImpl-864451be-9a12-4508-8431-6d052999593c/ozone-meta/datanode-9/ratis/473f2448-1472-487b-b9ad-d9979c9db735
2024-04-26 07:46:03,846 [26ca528a-fda8-41f2-a9ad-48918f1fba9d-groupManagement] INFO  server.RaftServerConfigKeys (ConfUtils.java:logGet(46)) - raft.server.log.queue.byte-limit = 4294967296 (custom)
2024-04-26 07:46:03,847 [26ca528a-fda8-41f2-a9ad-48918f1fba9d-groupManagement] INFO  server.RaftServerConfigKeys (ConfUtils.java:logGet(46)) - raft.server.log.queue.element-limit = 1024 (custom)
2024-04-26 07:46:03,847 [26ca528a-fda8-41f2-a9ad-48918f1fba9d-groupManagement] INFO  server.RaftServerConfigKeys (ConfUtils.java:logGet(46)) - raft.server.log.segment.size.max = 67108864 (custom)
2024-04-26 07:46:03,847 [26ca528a-fda8-41f2-a9ad-48918f1fba9d-groupManagement] INFO  server.RaftServerConfigKeys (ConfUtils.java:logGet(46)) - raft.server.log.preallocated.size = 4194304 (custom)
2024-04-26 07:46:03,847 [26ca528a-fda8-41f2-a9ad-48918f1fba9d-groupManagement] INFO  server.RaftServerConfigKeys (ConfUtils.java:logGet(46)) - raft.server.log.force.sync.num = 128 (default)
2024-04-26 07:46:03,847 [26ca528a-fda8-41f2-a9ad-48918f1fba9d-groupManagement] INFO  server.RaftServerConfigKeys (ConfUtils.java:logGet(46)) - raft.server.log.statemachine.data.sync = true (default)
2024-04-26 07:46:03,847 [26ca528a-fda8-41f2-a9ad-48918f1fba9d-groupManagement] INFO  server.RaftServerConfigKeys (ConfUtils.java:logGet(46)) - raft.server.log.statemachine.data.sync.timeout = 10s (default)
2024-04-26 07:46:03,847 [26ca528a-fda8-41f2-a9ad-48918f1fba9d-groupManagement] INFO  server.RaftServerConfigKeys (ConfUtils.java:logGet(46)) - raft.server.log.statemachine.data.sync.timeout.retry = 30 (custom)
2024-04-26 07:46:03,848 [26ca528a-fda8-41f2-a9ad-48918f1fba9d-groupManagement] INFO  server.RaftServerConfigKeys (ConfUtils.java:logGet(46)) - raft.server.log.write.buffer.size = 8388616 (custom)
2024-04-26 07:46:03,849 [f89e5511-6660-4723-b6db-0a37c1615f1a-groupManagement] INFO  server.RaftServerConfigKeys (ConfUtils.java:logGet(46)) - raft.server.rpc.request.timeout = 3000ms (default)
2024-04-26 07:46:03,849 [f89e5511-6660-4723-b6db-0a37c1615f1a-groupManagement] INFO  server.RaftServerConfigKeys (ConfUtils.java:logGet(46)) - raft.server.log.appender.install.snapshot.enabled = false (custom)
2024-04-26 07:46:03,849 [f89e5511-6660-4723-b6db-0a37c1615f1a-groupManagement] INFO  server.RaftServerConfigKeys (ConfUtils.java:logGet(46)) - raft.server.threadpool.server.cached = true (default)
2024-04-26 07:46:03,849 [f89e5511-6660-4723-b6db-0a37c1615f1a-groupManagement] INFO  server.RaftServerConfigKeys (ConfUtils.java:logGet(46)) - raft.server.threadpool.server.size = 0 (default)
2024-04-26 07:46:03,849 [f89e5511-6660-4723-b6db-0a37c1615f1a-groupManagement] INFO  server.RaftServerConfigKeys (ConfUtils.java:logGet(46)) - raft.server.threadpool.client.cached = true (default)
2024-04-26 07:46:03,849 [f89e5511-6660-4723-b6db-0a37c1615f1a-groupManagement] INFO  server.RaftServerConfigKeys (ConfUtils.java:logGet(46)) - raft.server.threadpool.client.size = 0 (default)
2024-04-26 07:46:03,849 [f89e5511-6660-4723-b6db-0a37c1615f1a-groupManagement] INFO  server.RaftServerConfigKeys (ConfUtils.java:logGet(46)) - raft.server.storage.free-space.min = 0MB (=0) (default)
2024-04-26 07:46:03,849 [f89e5511-6660-4723-b6db-0a37c1615f1a-groupManagement] INFO  server.RaftServerConfigKeys (ConfUtils.java:logGet(46)) - raft.server.log.corruption.policy = EXCEPTION (default)
2024-04-26 07:46:03,849 [f89e5511-6660-4723-b6db-0a37c1615f1a-groupManagement] INFO  server.RaftServerConfigKeys (ConfUtils.java:logGet(46)) - raft.server.storage.dir = [/home/runner/work/ozone/ozone/hadoop-ozone/integration-test/target/test-dir/MiniOzoneClusterImpl-864451be-9a12-4508-8431-6d052999593c/ozone-meta/datanode-8/ratis] (custom)
2024-04-26 07:46:03,850 [f89e5511-6660-4723-b6db-0a37c1615f1a-groupManagement] INFO  storage.RaftStorageDirectory (RaftStorageDirectoryImpl.java:analyzeStorage(138)) - The storage directory /home/runner/work/ozone/ozone/hadoop-ozone/integration-test/target/test-dir/MiniOzoneClusterImpl-864451be-9a12-4508-8431-6d052999593c/ozone-meta/datanode-8/ratis/09e91f8d-181b-4fdb-9c43-9b4b29d93724 does not exist. Creating ...
2024-04-26 07:46:03,850 [26ca528a-fda8-41f2-a9ad-48918f1fba9d-groupManagement] INFO  server.RaftServerConfigKeys (ConfUtils.java:logGet(46)) - raft.server.log.appender.buffer.byte-limit = 8388608 (custom)
2024-04-26 07:46:03,850 [26ca528a-fda8-41f2-a9ad-48918f1fba9d-groupManagement] INFO  server.RaftServerConfigKeys (ConfUtils.java:logGet(46)) - raft.server.log.unsafe-flush.enabled = false (default)
2024-04-26 07:46:03,850 [26ca528a-fda8-41f2-a9ad-48918f1fba9d-groupManagement] INFO  server.RaftServerConfigKeys (ConfUtils.java:logGet(46)) - raft.server.log.async-flush.enabled = false (default)
2024-04-26 07:46:03,850 [26ca528a-fda8-41f2-a9ad-48918f1fba9d-groupManagement] INFO  server.RaftServerConfigKeys (ConfUtils.java:logGet(46)) - raft.server.log.statemachine.data.caching.enabled = true (custom)
2024-04-26 07:46:03,850 [26ca528a-fda8-41f2-a9ad-48918f1fba9d-groupManagement] INFO  segmented.SegmentedRaftLogWorker (SegmentedRaftLogWorker.java:lambda$new$0(134)) - 26ca528a-fda8-41f2-a9ad-48918f1fba9d@group-D9979C9DB735-SegmentedRaftLogWorker: flushIndex: setUnconditionally 0 -> -1
2024-04-26 07:46:03,850 [26ca528a-fda8-41f2-a9ad-48918f1fba9d-groupManagement] INFO  segmented.SegmentedRaftLogWorker (SegmentedRaftLogWorker.java:lambda$new$0(134)) - 26ca528a-fda8-41f2-a9ad-48918f1fba9d@group-D9979C9DB735-SegmentedRaftLogWorker: safeCacheEvictIndex: setUnconditionally 0 -> -1
2024-04-26 07:46:03,850 [f89e5511-6660-4723-b6db-0a37c1615f1a-groupManagement] INFO  storage.RaftStorageDirectory (RaftStorageDirectoryImpl.java:tryLock(228)) - Lock on /home/runner/work/ozone/ozone/hadoop-ozone/integration-test/target/test-dir/MiniOzoneClusterImpl-864451be-9a12-4508-8431-6d052999593c/ozone-meta/datanode-8/ratis/09e91f8d-181b-4fdb-9c43-9b4b29d93724/in_use.lock acquired by nodename 21422@fv-az1107-628
2024-04-26 07:46:03,850 [26ca528a-fda8-41f2-a9ad-48918f1fba9d-groupManagement] INFO  server.RaftServer$Division (RaftServerImpl.java:start(396)) - 26ca528a-fda8-41f2-a9ad-48918f1fba9d@group-D9979C9DB735: start as a follower, conf=-1: peers:[26ca528a-fda8-41f2-a9ad-48918f1fba9d|127.0.0.1:15531, e280b344-1e71-401e-97a7-3c6530ca629d|127.0.0.1:15513, f89e5511-6660-4723-b6db-0a37c1615f1a|127.0.0.1:15522]|listeners:[], old=null
2024-04-26 07:46:03,850 [26ca528a-fda8-41f2-a9ad-48918f1fba9d-groupManagement] INFO  server.RaftServer$Division (RaftServerImpl.java:setRole(383)) - 26ca528a-fda8-41f2-a9ad-48918f1fba9d@group-D9979C9DB735: changes role from      null to FOLLOWER at term 0 for startAsFollower
2024-04-26 07:46:03,851 [26ca528a-fda8-41f2-a9ad-48918f1fba9d-groupManagement] INFO  impl.RoleInfo (RoleInfo.java:updateAndGet(139)) - 26ca528a-fda8-41f2-a9ad-48918f1fba9d: start 26ca528a-fda8-41f2-a9ad-48918f1fba9d@group-D9979C9DB735-FollowerState
2024-04-26 07:46:03,851 [26ca528a-fda8-41f2-a9ad-48918f1fba9d-groupManagement] INFO  util.JmxRegister (JmxRegister.java:tryRegister(44)) - Successfully registered JMX Bean with object name Ratis:service=RaftServer,group=group-D9979C9DB735,id=26ca528a-fda8-41f2-a9ad-48918f1fba9d
2024-04-26 07:46:03,851 [26ca528a-fda8-41f2-a9ad-48918f1fba9d@group-D9979C9DB735-FollowerState] INFO  server.RaftServerConfigKeys (ConfUtils.java:logFallback(53)) - raft.server.rpc.first-election.timeout.min = 5s (fallback to raft.server.rpc.timeout.min)
2024-04-26 07:46:03,851 [26ca528a-fda8-41f2-a9ad-48918f1fba9d@group-D9979C9DB735-FollowerState] INFO  server.RaftServerConfigKeys (ConfUtils.java:logFallback(53)) - raft.server.rpc.first-election.timeout.max = 5200ms (fallback to raft.server.rpc.timeout.max)
2024-04-26 07:46:03,851 [26ca528a-fda8-41f2-a9ad-48918f1fba9d-groupManagement] INFO  server.RaftServerConfigKeys (ConfUtils.java:logGet(46)) - raft.server.snapshot.trigger-when-stop.enabled = true (default)
2024-04-26 07:46:03,851 [f89e5511-6660-4723-b6db-0a37c1615f1a-groupManagement] INFO  storage.RaftStorage (RaftStorageImpl.java:format(99)) - Storage directory /home/runner/work/ozone/ozone/hadoop-ozone/integration-test/target/test-dir/MiniOzoneClusterImpl-864451be-9a12-4508-8431-6d052999593c/ozone-meta/datanode-8/ratis/09e91f8d-181b-4fdb-9c43-9b4b29d93724 has been successfully formatted.
2024-04-26 07:46:03,851 [26ca528a-fda8-41f2-a9ad-48918f1fba9d-groupManagement] INFO  server.RaftServerConfigKeys (ConfUtils.java:logGet(46)) - raft.server.snapshot.auto.trigger.enabled = true (custom)
2024-04-26 07:46:03,851 [f89e5511-6660-4723-b6db-0a37c1615f1a-groupManagement] WARN  util.FileUtils (LogUtils.java:supplyAndLog(63)) - Failed to Files.newInputStream /home/runner/work/ozone/ozone/hadoop-ozone/integration-test/target/test-dir/MiniOzoneClusterImpl-864451be-9a12-4508-8431-6d052999593c/ozone-meta/datanode-8/ratis/09e91f8d-181b-4fdb-9c43-9b4b29d93724/current/raft-meta.conf with options []: java.nio.file.NoSuchFileException: /home/runner/work/ozone/ozone/hadoop-ozone/integration-test/target/test-dir/MiniOzoneClusterImpl-864451be-9a12-4508-8431-6d052999593c/ozone-meta/datanode-8/ratis/09e91f8d-181b-4fdb-9c43-9b4b29d93724/current/raft-meta.conf
2024-04-26 07:46:03,851 [26ca528a-fda8-41f2-a9ad-48918f1fba9d-groupManagement] INFO  server.RaftServerConfigKeys (ConfUtils.java:logGet(46)) - raft.server.snapshot.auto.trigger.threshold = 10000 (custom)
2024-04-26 07:46:03,851 [26ca528a-fda8-41f2-a9ad-48918f1fba9d-groupManagement] INFO  server.RaftServerConfigKeys (ConfUtils.java:logGet(46)) - raft.server.snapshot.retention.file.num = 5 (custom)
2024-04-26 07:46:03,851 [f89e5511-6660-4723-b6db-0a37c1615f1a-groupManagement] INFO  ratis.ContainerStateMachine (ContainerStateMachine.java:loadSnapshot(287)) - group-9B4B29D93724: The snapshot info is null. Setting the last applied index to:(t:0, i:~)
2024-04-26 07:46:03,851 [f89e5511-6660-4723-b6db-0a37c1615f1a-groupManagement] INFO  server.RaftServerConfigKeys (ConfUtils.java:logGet(46)) - raft.server.log.use.memory = false (default)
2024-04-26 07:46:03,851 [26ca528a-fda8-41f2-a9ad-48918f1fba9d-groupManagement] INFO  server.RaftServerConfigKeys (ConfUtils.java:logGet(46)) - raft.server.log.purge.upto.snapshot.index = false (default)
2024-04-26 07:46:03,852 [f89e5511-6660-4723-b6db-0a37c1615f1a-groupManagement] INFO  server.RaftServerConfigKeys (ConfUtils.java:logGet(46)) - raft.server.log.purge.gap = 1000000 (custom)
2024-04-26 07:46:03,852 [f89e5511-6660-4723-b6db-0a37c1615f1a-groupManagement] INFO  server.RaftServerConfigKeys (ConfUtils.java:logGet(46)) - raft.server.log.appender.buffer.byte-limit = 8388608 (custom)
2024-04-26 07:46:03,852 [f89e5511-6660-4723-b6db-0a37c1615f1a-groupManagement] INFO  server.RaftServerConfigKeys (ConfUtils.java:logGet(46)) - raft.server.log.statemachine.data.read.timeout = 1000ms (default)
2024-04-26 07:46:03,852 [f89e5511-6660-4723-b6db-0a37c1615f1a-groupManagement] INFO  server.RaftServerConfigKeys (ConfUtils.java:logGet(46)) - raft.server.log.purge.preservation.log.num = 0 (default)
2024-04-26 07:46:03,852 [EventQueue-PipelineReportForPipelineReportHandler] INFO  pipeline.PipelineReportHandler (PipelineReportHandler.java:processPipelineReport(136)) - Opened pipeline PipelineID=09e91f8d-181b-4fdb-9c43-9b4b29d93724
2024-04-26 07:46:03,853 [EventQueue-OpenPipelineForHealthyPipelineSafeModeRule] INFO  safemode.SCMSafeModeManager (HealthyPipelineSafeModeRule.java:process(140)) - SCM in safe mode. Healthy pipelines reported count is 0, required healthy pipeline reported count is 1
2024-04-26 07:46:03,869 [f89e5511-6660-4723-b6db-0a37c1615f1a-groupManagement] INFO  server.RaftServerConfigKeys (ConfUtils.java:logGet(46)) - raft.server.log.segment.size.max = 67108864 (custom)
2024-04-26 07:46:03,870 [f89e5511-6660-4723-b6db-0a37c1615f1a-groupManagement] INFO  server.RaftServerConfigKeys (ConfUtils.java:logGet(46)) - raft.server.log.segment.cache.num.max = 2 (custom)
2024-04-26 07:46:03,870 [f89e5511-6660-4723-b6db-0a37c1615f1a-groupManagement] INFO  server.RaftServerConfigKeys (ConfUtils.java:logGet(46)) - raft.server.log.segment.cache.size.max = 200MB (=209715200) (default)
2024-04-26 07:46:03,870 [f89e5511-6660-4723-b6db-0a37c1615f1a-groupManagement] INFO  server.RaftServerConfigKeys (ConfUtils.java:logGet(46)) - raft.server.log.appender.buffer.byte-limit = 8388608 (custom)
2024-04-26 07:46:03,870 [f89e5511-6660-4723-b6db-0a37c1615f1a-groupManagement] INFO  util.AwaitToRun (AwaitToRun.java:start(81)) - Thread[f89e5511-6660-4723-b6db-0a37c1615f1a@group-9B4B29D93724-cacheEviction-AwaitToRun,5,main] started
2024-04-26 07:46:03,870 [f89e5511-6660-4723-b6db-0a37c1615f1a-groupManagement] INFO  segmented.SegmentedRaftLogWorker (SegmentedRaftLogWorker.java:<init>(182)) - new f89e5511-6660-4723-b6db-0a37c1615f1a@group-9B4B29D93724-SegmentedRaftLogWorker for RaftStorageImpl:Storage Directory /home/runner/work/ozone/ozone/hadoop-ozone/integration-test/target/test-dir/MiniOzoneClusterImpl-864451be-9a12-4508-8431-6d052999593c/ozone-meta/datanode-8/ratis/09e91f8d-181b-4fdb-9c43-9b4b29d93724
2024-04-26 07:46:03,870 [f89e5511-6660-4723-b6db-0a37c1615f1a-groupManagement] INFO  server.RaftServerConfigKeys (ConfUtils.java:logGet(46)) - raft.server.log.queue.byte-limit = 4294967296 (custom)
2024-04-26 07:46:03,870 [f89e5511-6660-4723-b6db-0a37c1615f1a-groupManagement] INFO  server.RaftServerConfigKeys (ConfUtils.java:logGet(46)) - raft.server.log.queue.element-limit = 1024 (custom)
2024-04-26 07:46:03,870 [f89e5511-6660-4723-b6db-0a37c1615f1a-groupManagement] INFO  server.RaftServerConfigKeys (ConfUtils.java:logGet(46)) - raft.server.log.segment.size.max = 67108864 (custom)
2024-04-26 07:46:03,870 [f89e5511-6660-4723-b6db-0a37c1615f1a-groupManagement] INFO  server.RaftServerConfigKeys (ConfUtils.java:logGet(46)) - raft.server.log.preallocated.size = 4194304 (custom)
2024-04-26 07:46:03,870 [f89e5511-6660-4723-b6db-0a37c1615f1a-groupManagement] INFO  server.RaftServerConfigKeys (ConfUtils.java:logGet(46)) - raft.server.log.force.sync.num = 128 (default)
2024-04-26 07:46:03,871 [f89e5511-6660-4723-b6db-0a37c1615f1a-groupManagement] INFO  server.RaftServerConfigKeys (ConfUtils.java:logGet(46)) - raft.server.log.statemachine.data.sync = true (default)
2024-04-26 07:46:03,871 [f89e5511-6660-4723-b6db-0a37c1615f1a-groupManagement] INFO  server.RaftServerConfigKeys (ConfUtils.java:logGet(46)) - raft.server.log.statemachine.data.sync.timeout = 10s (default)
2024-04-26 07:46:03,871 [f89e5511-6660-4723-b6db-0a37c1615f1a-groupManagement] INFO  server.RaftServerConfigKeys (ConfUtils.java:logGet(46)) - raft.server.log.statemachine.data.sync.timeout.retry = 30 (custom)
2024-04-26 07:46:03,871 [f89e5511-6660-4723-b6db-0a37c1615f1a-groupManagement] INFO  server.RaftServerConfigKeys (ConfUtils.java:logGet(46)) - raft.server.log.write.buffer.size = 8388616 (custom)
2024-04-26 07:46:03,872 [f89e5511-6660-4723-b6db-0a37c1615f1a-groupManagement] INFO  server.RaftServerConfigKeys (ConfUtils.java:logGet(46)) - raft.server.log.appender.buffer.byte-limit = 8388608 (custom)
2024-04-26 07:46:03,872 [f89e5511-6660-4723-b6db-0a37c1615f1a-groupManagement] INFO  server.RaftServerConfigKeys (ConfUtils.java:logGet(46)) - raft.server.log.unsafe-flush.enabled = false (default)
2024-04-26 07:46:03,872 [f89e5511-6660-4723-b6db-0a37c1615f1a-groupManagement] INFO  server.RaftServerConfigKeys (ConfUtils.java:logGet(46)) - raft.server.log.async-flush.enabled = false (default)
2024-04-26 07:46:03,872 [f89e5511-6660-4723-b6db-0a37c1615f1a-groupManagement] INFO  server.RaftServerConfigKeys (ConfUtils.java:logGet(46)) - raft.server.log.statemachine.data.caching.enabled = true (custom)
2024-04-26 07:46:03,872 [f89e5511-6660-4723-b6db-0a37c1615f1a-groupManagement] INFO  segmented.SegmentedRaftLogWorker (SegmentedRaftLogWorker.java:lambda$new$0(134)) - f89e5511-6660-4723-b6db-0a37c1615f1a@group-9B4B29D93724-SegmentedRaftLogWorker: flushIndex: setUnconditionally 0 -> -1
2024-04-26 07:46:03,872 [f89e5511-6660-4723-b6db-0a37c1615f1a-groupManagement] INFO  segmented.SegmentedRaftLogWorker (SegmentedRaftLogWorker.java:lambda$new$0(134)) - f89e5511-6660-4723-b6db-0a37c1615f1a@group-9B4B29D93724-SegmentedRaftLogWorker: safeCacheEvictIndex: setUnconditionally 0 -> -1
2024-04-26 07:46:03,873 [f89e5511-6660-4723-b6db-0a37c1615f1a-groupManagement] INFO  server.RaftServer$Division (RaftServerImpl.java:start(396)) - f89e5511-6660-4723-b6db-0a37c1615f1a@group-9B4B29D93724: start as a follower, conf=-1: peers:[f89e5511-6660-4723-b6db-0a37c1615f1a|127.0.0.1:15522]|listeners:[], old=null
2024-04-26 07:46:03,873 [f89e5511-6660-4723-b6db-0a37c1615f1a-groupManagement] INFO  server.RaftServer$Division (RaftServerImpl.java:setRole(383)) - f89e5511-6660-4723-b6db-0a37c1615f1a@group-9B4B29D93724: changes role from      null to FOLLOWER at term 0 for startAsFollower
2024-04-26 07:46:03,873 [f89e5511-6660-4723-b6db-0a37c1615f1a-groupManagement] INFO  impl.RoleInfo (RoleInfo.java:updateAndGet(139)) - f89e5511-6660-4723-b6db-0a37c1615f1a: start f89e5511-6660-4723-b6db-0a37c1615f1a@group-9B4B29D93724-FollowerState
2024-04-26 07:46:03,873 [e280b344-1e71-401e-97a7-3c6530ca629d-PipelineCommandHandlerThread-0] INFO  commandhandler.CreatePipelineCommandHandler (CreatePipelineCommandHandler.java:lambda$handle$2(124)) - Created Pipeline RATIS THREE PipelineID=473f2448-1472-487b-b9ad-d9979c9db735.
2024-04-26 07:46:03,873 [f89e5511-6660-4723-b6db-0a37c1615f1a-groupManagement] INFO  util.JmxRegister (JmxRegister.java:tryRegister(44)) - Successfully registered JMX Bean with object name Ratis:service=RaftServer,group=group-9B4B29D93724,id=f89e5511-6660-4723-b6db-0a37c1615f1a
2024-04-26 07:46:03,874 [f89e5511-6660-4723-b6db-0a37c1615f1a-groupManagement] INFO  server.RaftServerConfigKeys (ConfUtils.java:logGet(46)) - raft.server.snapshot.trigger-when-stop.enabled = true (default)
2024-04-26 07:46:03,874 [f89e5511-6660-4723-b6db-0a37c1615f1a-groupManagement] INFO  server.RaftServerConfigKeys (ConfUtils.java:logGet(46)) - raft.server.snapshot.auto.trigger.enabled = true (custom)
2024-04-26 07:46:03,874 [f89e5511-6660-4723-b6db-0a37c1615f1a-groupManagement] INFO  server.RaftServerConfigKeys (ConfUtils.java:logGet(46)) - raft.server.snapshot.auto.trigger.threshold = 10000 (custom)
2024-04-26 07:46:03,874 [f89e5511-6660-4723-b6db-0a37c1615f1a-groupManagement] INFO  server.RaftServerConfigKeys (ConfUtils.java:logGet(46)) - raft.server.snapshot.retention.file.num = 5 (custom)
2024-04-26 07:46:03,874 [f89e5511-6660-4723-b6db-0a37c1615f1a-groupManagement] INFO  server.RaftServerConfigKeys (ConfUtils.java:logGet(46)) - raft.server.log.purge.upto.snapshot.index = false (default)
2024-04-26 07:46:03,874 [f89e5511-6660-4723-b6db-0a37c1615f1a@group-9B4B29D93724-FollowerState] INFO  server.RaftServerConfigKeys (ConfUtils.java:logFallback(53)) - raft.server.rpc.first-election.timeout.min = 5s (fallback to raft.server.rpc.timeout.min)
2024-04-26 07:46:03,874 [f89e5511-6660-4723-b6db-0a37c1615f1a-PipelineCommandHandlerThread-0] INFO  ratis.XceiverServerRatis (XceiverServerRatis.java:addGroup(864)) - Created group PipelineID=09e91f8d-181b-4fdb-9c43-9b4b29d93724
2024-04-26 07:46:03,874 [f89e5511-6660-4723-b6db-0a37c1615f1a-PipelineCommandHandlerThread-0] INFO  commandhandler.CreatePipelineCommandHandler (CreatePipelineCommandHandler.java:lambda$handle$2(124)) - Created Pipeline RATIS ONE PipelineID=09e91f8d-181b-4fdb-9c43-9b4b29d93724.
2024-04-26 07:46:03,874 [f89e5511-6660-4723-b6db-0a37c1615f1a@group-9B4B29D93724-FollowerState] INFO  server.RaftServerConfigKeys (ConfUtils.java:logFallback(53)) - raft.server.rpc.first-election.timeout.max = 5200ms (fallback to raft.server.rpc.timeout.max)
2024-04-26 07:46:03,883 [26ca528a-fda8-41f2-a9ad-48918f1fba9d-PipelineCommandHandlerThread-0] INFO  server.RaftServer (RaftServerProxy.java:addNew(100)) - 26ca528a-fda8-41f2-a9ad-48918f1fba9d: addNew group-EE69A00EA69F:[26ca528a-fda8-41f2-a9ad-48918f1fba9d|127.0.0.1:15531] returns group-EE69A00EA69F:java.util.concurrent.CompletableFuture@3e329721[Not completed]
2024-04-26 07:46:03,884 [26ca528a-fda8-41f2-a9ad-48918f1fba9d-groupManagement] INFO  server.RaftServer$Division (RaftServerImpl.java:<init>(256)) - 26ca528a-fda8-41f2-a9ad-48918f1fba9d: new RaftServerImpl for group-EE69A00EA69F:[26ca528a-fda8-41f2-a9ad-48918f1fba9d|127.0.0.1:15531] with ContainerStateMachine:uninitialized
2024-04-26 07:46:03,884 [26ca528a-fda8-41f2-a9ad-48918f1fba9d-groupManagement] INFO  server.RaftServerConfigKeys (ConfUtils.java:logGet(46)) - raft.server.rpc.timeout.min = 5s (custom)
2024-04-26 07:46:03,884 [26ca528a-fda8-41f2-a9ad-48918f1fba9d-groupManagement] INFO  server.RaftServerConfigKeys (ConfUtils.java:logGet(46)) - raft.server.rpc.timeout.max = 5200ms (custom)
2024-04-26 07:46:03,884 [26ca528a-fda8-41f2-a9ad-48918f1fba9d-groupManagement] INFO  server.RaftServerConfigKeys (ConfUtils.java:logGet(46)) - raft.server.rpc.sleep.time = 25ms (default)
2024-04-26 07:46:03,884 [26ca528a-fda8-41f2-a9ad-48918f1fba9d-groupManagement] INFO  server.RaftServerConfigKeys (ConfUtils.java:logGet(46)) - raft.server.rpc.slowness.timeout = 300000ms (custom)
2024-04-26 07:46:03,884 [26ca528a-fda8-41f2-a9ad-48918f1fba9d-groupManagement] INFO  server.RaftServerConfigKeys (ConfUtils.java:logGet(46)) - raft.server.leaderelection.leader.step-down.wait-time = 10s (default)
2024-04-26 07:46:03,884 [26ca528a-fda8-41f2-a9ad-48918f1fba9d-groupManagement] INFO  server.RaftServerConfigKeys (ConfUtils.java:logGet(46)) - raft.server.leaderelection.member.majority-add = false (default)
2024-04-26 07:46:03,884 [26ca528a-fda8-41f2-a9ad-48918f1fba9d-groupManagement] INFO  server.RaftServerConfigKeys (ConfUtils.java:logGet(46)) - raft.server.sleep.deviation.threshold = 300ms (default)
2024-04-26 07:46:03,884 [26ca528a-fda8-41f2-a9ad-48918f1fba9d-groupManagement] INFO  server.RaftServer$Division (ServerState.java:<init>(113)) - 26ca528a-fda8-41f2-a9ad-48918f1fba9d@group-EE69A00EA69F: ConfigurationManager, init=-1: peers:[26ca528a-fda8-41f2-a9ad-48918f1fba9d|127.0.0.1:15531]|listeners:[], old=null, confs=<EMPTY_MAP>
2024-04-26 07:46:03,884 [26ca528a-fda8-41f2-a9ad-48918f1fba9d-groupManagement] INFO  server.RaftServerConfigKeys (ConfUtils.java:logGet(46)) - raft.server.notification.no-leader.timeout = 300000ms (custom)
2024-04-26 07:46:03,884 [26ca528a-fda8-41f2-a9ad-48918f1fba9d-groupManagement] INFO  server.RaftServerConfigKeys (ConfUtils.java:logGet(46)) - raft.server.read.timeout = 10s (default)
2024-04-26 07:46:03,884 [26ca528a-fda8-41f2-a9ad-48918f1fba9d-groupManagement] INFO  server.RaftServerConfigKeys (ConfUtils.java:logGet(46)) - raft.server.retrycache.expirytime = 600000ms (custom)
2024-04-26 07:46:03,884 [26ca528a-fda8-41f2-a9ad-48918f1fba9d-groupManagement] INFO  server.RaftServerConfigKeys (ConfUtils.java:logGet(46)) - raft.server.retrycache.statistics.expirytime = 100ms (default)
2024-04-26 07:46:03,884 [26ca528a-fda8-41f2-a9ad-48918f1fba9d-groupManagement] INFO  server.RaftServerConfigKeys (ConfUtils.java:logGet(46)) - raft.server.read.option = DEFAULT (default)
2024-04-26 07:46:03,884 [26ca528a-fda8-41f2-a9ad-48918f1fba9d-groupManagement] INFO  server.RaftServerConfigKeys (ConfUtils.java:logGet(46)) - raft.server.read.read-after-write-consistent.write-index-cache.expiry-time = 60s (default)
2024-04-26 07:46:03,885 [main] INFO  ozone.MiniOzoneClusterImpl (MiniOzoneClusterImpl.java:lambda$waitForClusterToBeReady$0(194)) - Nodes are ready. Got 9 of 9 DN Heartbeats.
2024-04-26 07:46:03,885 [main] INFO  ozone.MiniOzoneClusterImpl (MiniOzoneClusterImpl.java:lambda$waitForClusterToBeReady$0(197)) - Waiting for cluster to exit safe mode
2024-04-26 07:46:03,885 [main] INFO  ozone.MiniOzoneClusterImpl (MiniOzoneClusterImpl.java:lambda$waitForClusterToBeReady$0(199)) - SCM became leader
2024-04-26 07:46:03,886 [26ca528a-fda8-41f2-a9ad-48918f1fba9d-groupManagement] INFO  server.RaftServerConfigKeys (ConfUtils.java:logGet(46)) - raft.server.rpc.request.timeout = 3000ms (default)
2024-04-26 07:46:03,886 [26ca528a-fda8-41f2-a9ad-48918f1fba9d-groupManagement] INFO  server.RaftServerConfigKeys (ConfUtils.java:logGet(46)) - raft.server.log.appender.install.snapshot.enabled = false (custom)
2024-04-26 07:46:03,886 [26ca528a-fda8-41f2-a9ad-48918f1fba9d-groupManagement] INFO  server.RaftServerConfigKeys (ConfUtils.java:logGet(46)) - raft.server.threadpool.server.cached = true (default)
2024-04-26 07:46:03,886 [26ca528a-fda8-41f2-a9ad-48918f1fba9d-groupManagement] INFO  server.RaftServerConfigKeys (ConfUtils.java:logGet(46)) - raft.server.threadpool.server.size = 0 (default)
2024-04-26 07:46:03,886 [26ca528a-fda8-41f2-a9ad-48918f1fba9d-groupManagement] INFO  server.RaftServerConfigKeys (ConfUtils.java:logGet(46)) - raft.server.threadpool.client.cached = true (default)
2024-04-26 07:46:03,886 [26ca528a-fda8-41f2-a9ad-48918f1fba9d-groupManagement] INFO  server.RaftServerConfigKeys (ConfUtils.java:logGet(46)) - raft.server.threadpool.client.size = 0 (default)
2024-04-26 07:46:03,886 [26ca528a-fda8-41f2-a9ad-48918f1fba9d-groupManagement] INFO  server.RaftServerConfigKeys (ConfUtils.java:logGet(46)) - raft.server.storage.free-space.min = 0MB (=0) (default)
2024-04-26 07:46:03,886 [26ca528a-fda8-41f2-a9ad-48918f1fba9d-groupManagement] INFO  server.RaftServerConfigKeys (ConfUtils.java:logGet(46)) - raft.server.log.corruption.policy = EXCEPTION (default)
2024-04-26 07:46:03,886 [26ca528a-fda8-41f2-a9ad-48918f1fba9d-groupManagement] INFO  server.RaftServerConfigKeys (ConfUtils.java:logGet(46)) - raft.server.storage.dir = [/home/runner/work/ozone/ozone/hadoop-ozone/integration-test/target/test-dir/MiniOzoneClusterImpl-864451be-9a12-4508-8431-6d052999593c/ozone-meta/datanode-9/ratis] (custom)
2024-04-26 07:46:03,886 [26ca528a-fda8-41f2-a9ad-48918f1fba9d-groupManagement] INFO  storage.RaftStorageDirectory (RaftStorageDirectoryImpl.java:analyzeStorage(138)) - The storage directory /home/runner/work/ozone/ozone/hadoop-ozone/integration-test/target/test-dir/MiniOzoneClusterImpl-864451be-9a12-4508-8431-6d052999593c/ozone-meta/datanode-9/ratis/ddb012f6-b82c-4030-a65a-ee69a00ea69f does not exist. Creating ...
2024-04-26 07:46:03,887 [26ca528a-fda8-41f2-a9ad-48918f1fba9d-groupManagement] INFO  storage.RaftStorageDirectory (RaftStorageDirectoryImpl.java:tryLock(228)) - Lock on /home/runner/work/ozone/ozone/hadoop-ozone/integration-test/target/test-dir/MiniOzoneClusterImpl-864451be-9a12-4508-8431-6d052999593c/ozone-meta/datanode-9/ratis/ddb012f6-b82c-4030-a65a-ee69a00ea69f/in_use.lock acquired by nodename 21422@fv-az1107-628
2024-04-26 07:46:03,888 [26ca528a-fda8-41f2-a9ad-48918f1fba9d-groupManagement] INFO  storage.RaftStorage (RaftStorageImpl.java:format(99)) - Storage directory /home/runner/work/ozone/ozone/hadoop-ozone/integration-test/target/test-dir/MiniOzoneClusterImpl-864451be-9a12-4508-8431-6d052999593c/ozone-meta/datanode-9/ratis/ddb012f6-b82c-4030-a65a-ee69a00ea69f has been successfully formatted.
2024-04-26 07:46:03,888 [26ca528a-fda8-41f2-a9ad-48918f1fba9d-groupManagement] WARN  util.FileUtils (LogUtils.java:supplyAndLog(63)) - Failed to Files.newInputStream /home/runner/work/ozone/ozone/hadoop-ozone/integration-test/target/test-dir/MiniOzoneClusterImpl-864451be-9a12-4508-8431-6d052999593c/ozone-meta/datanode-9/ratis/ddb012f6-b82c-4030-a65a-ee69a00ea69f/current/raft-meta.conf with options []: java.nio.file.NoSuchFileException: /home/runner/work/ozone/ozone/hadoop-ozone/integration-test/target/test-dir/MiniOzoneClusterImpl-864451be-9a12-4508-8431-6d052999593c/ozone-meta/datanode-9/ratis/ddb012f6-b82c-4030-a65a-ee69a00ea69f/current/raft-meta.conf
2024-04-26 07:46:03,888 [26ca528a-fda8-41f2-a9ad-48918f1fba9d-groupManagement] INFO  ratis.ContainerStateMachine (ContainerStateMachine.java:loadSnapshot(287)) - group-EE69A00EA69F: The snapshot info is null. Setting the last applied index to:(t:0, i:~)
2024-04-26 07:46:03,888 [26ca528a-fda8-41f2-a9ad-48918f1fba9d-groupManagement] INFO  server.RaftServerConfigKeys (ConfUtils.java:logGet(46)) - raft.server.log.use.memory = false (default)
2024-04-26 07:46:03,888 [26ca528a-fda8-41f2-a9ad-48918f1fba9d-groupManagement] INFO  server.RaftServerConfigKeys (ConfUtils.java:logGet(46)) - raft.server.log.purge.gap = 1000000 (custom)
2024-04-26 07:46:03,888 [26ca528a-fda8-41f2-a9ad-48918f1fba9d-groupManagement] INFO  server.RaftServerConfigKeys (ConfUtils.java:logGet(46)) - raft.server.log.appender.buffer.byte-limit = 8388608 (custom)
2024-04-26 07:46:03,889 [26ca528a-fda8-41f2-a9ad-48918f1fba9d-groupManagement] INFO  server.RaftServerConfigKeys (ConfUtils.java:logGet(46)) - raft.server.log.statemachine.data.read.timeout = 1000ms (default)
2024-04-26 07:46:03,889 [26ca528a-fda8-41f2-a9ad-48918f1fba9d-groupManagement] INFO  server.RaftServerConfigKeys (ConfUtils.java:logGet(46)) - raft.server.log.purge.preservation.log.num = 0 (default)
2024-04-26 07:46:03,889 [EventQueue-PipelineReportForPipelineReportHandler] INFO  pipeline.PipelineReportHandler (PipelineReportHandler.java:processPipelineReport(136)) - Opened pipeline PipelineID=ddb012f6-b82c-4030-a65a-ee69a00ea69f
2024-04-26 07:46:03,890 [EventQueue-OpenPipelineForHealthyPipelineSafeModeRule] INFO  safemode.SCMSafeModeManager (HealthyPipelineSafeModeRule.java:process(140)) - SCM in safe mode. Healthy pipelines reported count is 0, required healthy pipeline reported count is 1
2024-04-26 07:46:03,890 [26ca528a-fda8-41f2-a9ad-48918f1fba9d-groupManagement] INFO  server.RaftServerConfigKeys (ConfUtils.java:logGet(46)) - raft.server.log.segment.size.max = 67108864 (custom)
2024-04-26 07:46:03,890 [26ca528a-fda8-41f2-a9ad-48918f1fba9d-groupManagement] INFO  server.RaftServerConfigKeys (ConfUtils.java:logGet(46)) - raft.server.log.segment.cache.num.max = 2 (custom)
2024-04-26 07:46:03,890 [26ca528a-fda8-41f2-a9ad-48918f1fba9d-groupManagement] INFO  server.RaftServerConfigKeys (ConfUtils.java:logGet(46)) - raft.server.log.segment.cache.size.max = 200MB (=209715200) (default)
2024-04-26 07:46:03,890 [26ca528a-fda8-41f2-a9ad-48918f1fba9d-groupManagement] INFO  server.RaftServerConfigKeys (ConfUtils.java:logGet(46)) - raft.server.log.appender.buffer.byte-limit = 8388608 (custom)
2024-04-26 07:46:03,890 [26ca528a-fda8-41f2-a9ad-48918f1fba9d-groupManagement] INFO  util.AwaitToRun (AwaitToRun.java:start(81)) - Thread[26ca528a-fda8-41f2-a9ad-48918f1fba9d@group-EE69A00EA69F-cacheEviction-AwaitToRun,5,main] started
2024-04-26 07:46:03,891 [26ca528a-fda8-41f2-a9ad-48918f1fba9d-groupManagement] INFO  segmented.SegmentedRaftLogWorker (SegmentedRaftLogWorker.java:<init>(182)) - new 26ca528a-fda8-41f2-a9ad-48918f1fba9d@group-EE69A00EA69F-SegmentedRaftLogWorker for RaftStorageImpl:Storage Directory /home/runner/work/ozone/ozone/hadoop-ozone/integration-test/target/test-dir/MiniOzoneClusterImpl-864451be-9a12-4508-8431-6d052999593c/ozone-meta/datanode-9/ratis/ddb012f6-b82c-4030-a65a-ee69a00ea69f
2024-04-26 07:46:03,891 [26ca528a-fda8-41f2-a9ad-48918f1fba9d-groupManagement] INFO  server.RaftServerConfigKeys (ConfUtils.java:logGet(46)) - raft.server.log.queue.byte-limit = 4294967296 (custom)
2024-04-26 07:46:03,891 [26ca528a-fda8-41f2-a9ad-48918f1fba9d-groupManagement] INFO  server.RaftServerConfigKeys (ConfUtils.java:logGet(46)) - raft.server.log.queue.element-limit = 1024 (custom)
2024-04-26 07:46:03,891 [26ca528a-fda8-41f2-a9ad-48918f1fba9d-groupManagement] INFO  server.RaftServerConfigKeys (ConfUtils.java:logGet(46)) - raft.server.log.segment.size.max = 67108864 (custom)
2024-04-26 07:46:03,891 [26ca528a-fda8-41f2-a9ad-48918f1fba9d-groupManagement] INFO  server.RaftServerConfigKeys (ConfUtils.java:logGet(46)) - raft.server.log.preallocated.size = 4194304 (custom)
2024-04-26 07:46:03,891 [26ca528a-fda8-41f2-a9ad-48918f1fba9d-groupManagement] INFO  server.RaftServerConfigKeys (ConfUtils.java:logGet(46)) - raft.server.log.force.sync.num = 128 (default)
2024-04-26 07:46:03,891 [26ca528a-fda8-41f2-a9ad-48918f1fba9d-groupManagement] INFO  server.RaftServerConfigKeys (ConfUtils.java:logGet(46)) - raft.server.log.statemachine.data.sync = true (default)
2024-04-26 07:46:03,891 [26ca528a-fda8-41f2-a9ad-48918f1fba9d-groupManagement] INFO  server.RaftServerConfigKeys (ConfUtils.java:logGet(46)) - raft.server.log.statemachine.data.sync.timeout = 10s (default)
2024-04-26 07:46:03,891 [26ca528a-fda8-41f2-a9ad-48918f1fba9d-groupManagement] INFO  server.RaftServerConfigKeys (ConfUtils.java:logGet(46)) - raft.server.log.statemachine.data.sync.timeout.retry = 30 (custom)
2024-04-26 07:46:03,891 [26ca528a-fda8-41f2-a9ad-48918f1fba9d-groupManagement] INFO  server.RaftServerConfigKeys (ConfUtils.java:logGet(46)) - raft.server.log.write.buffer.size = 8388616 (custom)
2024-04-26 07:46:03,892 [26ca528a-fda8-41f2-a9ad-48918f1fba9d-groupManagement] INFO  server.RaftServerConfigKeys (ConfUtils.java:logGet(46)) - raft.server.log.appender.buffer.byte-limit = 8388608 (custom)
2024-04-26 07:46:03,892 [26ca528a-fda8-41f2-a9ad-48918f1fba9d-groupManagement] INFO  server.RaftServerConfigKeys (ConfUtils.java:logGet(46)) - raft.server.log.unsafe-flush.enabled = false (default)
2024-04-26 07:46:03,892 [26ca528a-fda8-41f2-a9ad-48918f1fba9d-groupManagement] INFO  server.RaftServerConfigKeys (ConfUtils.java:logGet(46)) - raft.server.log.async-flush.enabled = false (default)
2024-04-26 07:46:03,892 [26ca528a-fda8-41f2-a9ad-48918f1fba9d-groupManagement] INFO  server.RaftServerConfigKeys (ConfUtils.java:logGet(46)) - raft.server.log.statemachine.data.caching.enabled = true (custom)
2024-04-26 07:46:03,892 [26ca528a-fda8-41f2-a9ad-48918f1fba9d-groupManagement] INFO  segmented.SegmentedRaftLogWorker (SegmentedRaftLogWorker.java:lambda$new$0(134)) - 26ca528a-fda8-41f2-a9ad-48918f1fba9d@group-EE69A00EA69F-SegmentedRaftLogWorker: flushIndex: setUnconditionally 0 -> -1
2024-04-26 07:46:03,892 [26ca528a-fda8-41f2-a9ad-48918f1fba9d-groupManagement] INFO  segmented.SegmentedRaftLogWorker (SegmentedRaftLogWorker.java:lambda$new$0(134)) - 26ca528a-fda8-41f2-a9ad-48918f1fba9d@group-EE69A00EA69F-SegmentedRaftLogWorker: safeCacheEvictIndex: setUnconditionally 0 -> -1
2024-04-26 07:46:03,893 [26ca528a-fda8-41f2-a9ad-48918f1fba9d-groupManagement] INFO  server.RaftServer$Division (RaftServerImpl.java:start(396)) - 26ca528a-fda8-41f2-a9ad-48918f1fba9d@group-EE69A00EA69F: start as a follower, conf=-1: peers:[26ca528a-fda8-41f2-a9ad-48918f1fba9d|127.0.0.1:15531]|listeners:[], old=null
2024-04-26 07:46:03,893 [26ca528a-fda8-41f2-a9ad-48918f1fba9d-groupManagement] INFO  server.RaftServer$Division (RaftServerImpl.java:setRole(383)) - 26ca528a-fda8-41f2-a9ad-48918f1fba9d@group-EE69A00EA69F: changes role from      null to FOLLOWER at term 0 for startAsFollower
2024-04-26 07:46:03,893 [26ca528a-fda8-41f2-a9ad-48918f1fba9d-groupManagement] INFO  impl.RoleInfo (RoleInfo.java:updateAndGet(139)) - 26ca528a-fda8-41f2-a9ad-48918f1fba9d: start 26ca528a-fda8-41f2-a9ad-48918f1fba9d@group-EE69A00EA69F-FollowerState
2024-04-26 07:46:03,893 [26ca528a-fda8-41f2-a9ad-48918f1fba9d@group-EE69A00EA69F-FollowerState] INFO  server.RaftServerConfigKeys (ConfUtils.java:logFallback(53)) - raft.server.rpc.first-election.timeout.min = 5s (fallback to raft.server.rpc.timeout.min)
2024-04-26 07:46:03,893 [26ca528a-fda8-41f2-a9ad-48918f1fba9d@group-EE69A00EA69F-FollowerState] INFO  server.RaftServerConfigKeys (ConfUtils.java:logFallback(53)) - raft.server.rpc.first-election.timeout.max = 5200ms (fallback to raft.server.rpc.timeout.max)
2024-04-26 07:46:03,893 [26ca528a-fda8-41f2-a9ad-48918f1fba9d-groupManagement] INFO  util.JmxRegister (JmxRegister.java:tryRegister(44)) - Successfully registered JMX Bean with object name Ratis:service=RaftServer,group=group-EE69A00EA69F,id=26ca528a-fda8-41f2-a9ad-48918f1fba9d
2024-04-26 07:46:03,893 [26ca528a-fda8-41f2-a9ad-48918f1fba9d-groupManagement] INFO  server.RaftServerConfigKeys (ConfUtils.java:logGet(46)) - raft.server.snapshot.trigger-when-stop.enabled = true (default)
2024-04-26 07:46:03,893 [26ca528a-fda8-41f2-a9ad-48918f1fba9d-groupManagement] INFO  server.RaftServerConfigKeys (ConfUtils.java:logGet(46)) - raft.server.snapshot.auto.trigger.enabled = true (custom)
2024-04-26 07:46:03,893 [26ca528a-fda8-41f2-a9ad-48918f1fba9d-groupManagement] INFO  server.RaftServerConfigKeys (ConfUtils.java:logGet(46)) - raft.server.snapshot.auto.trigger.threshold = 10000 (custom)
2024-04-26 07:46:03,893 [26ca528a-fda8-41f2-a9ad-48918f1fba9d-groupManagement] INFO  server.RaftServerConfigKeys (ConfUtils.java:logGet(46)) - raft.server.snapshot.retention.file.num = 5 (custom)
2024-04-26 07:46:03,893 [26ca528a-fda8-41f2-a9ad-48918f1fba9d-groupManagement] INFO  server.RaftServerConfigKeys (ConfUtils.java:logGet(46)) - raft.server.log.purge.upto.snapshot.index = false (default)
2024-04-26 07:46:03,893 [26ca528a-fda8-41f2-a9ad-48918f1fba9d-PipelineCommandHandlerThread-0] INFO  ratis.XceiverServerRatis (XceiverServerRatis.java:addGroup(864)) - Created group PipelineID=ddb012f6-b82c-4030-a65a-ee69a00ea69f
2024-04-26 07:46:03,893 [26ca528a-fda8-41f2-a9ad-48918f1fba9d-PipelineCommandHandlerThread-0] INFO  commandhandler.CreatePipelineCommandHandler (CreatePipelineCommandHandler.java:lambda$handle$2(124)) - Created Pipeline RATIS ONE PipelineID=ddb012f6-b82c-4030-a65a-ee69a00ea69f.
2024-04-26 07:46:04,885 [main] INFO  ozone.MiniOzoneClusterImpl (MiniOzoneClusterImpl.java:lambda$waitForClusterToBeReady$0(194)) - Nodes are ready. Got 9 of 9 DN Heartbeats.
2024-04-26 07:46:04,885 [main] INFO  ozone.MiniOzoneClusterImpl (MiniOzoneClusterImpl.java:lambda$waitForClusterToBeReady$0(197)) - Waiting for cluster to exit safe mode
2024-04-26 07:46:04,885 [main] INFO  ozone.MiniOzoneClusterImpl (MiniOzoneClusterImpl.java:lambda$waitForClusterToBeReady$0(199)) - SCM became leader
2024-04-26 07:46:05,886 [main] INFO  ozone.MiniOzoneClusterImpl (MiniOzoneClusterImpl.java:lambda$waitForClusterToBeReady$0(194)) - Nodes are ready. Got 9 of 9 DN Heartbeats.
2024-04-26 07:46:05,886 [main] INFO  ozone.MiniOzoneClusterImpl (MiniOzoneClusterImpl.java:lambda$waitForClusterToBeReady$0(197)) - Waiting for cluster to exit safe mode
2024-04-26 07:46:05,886 [main] INFO  ozone.MiniOzoneClusterImpl (MiniOzoneClusterImpl.java:lambda$waitForClusterToBeReady$0(199)) - SCM became leader
2024-04-26 07:46:06,886 [main] INFO  ozone.MiniOzoneClusterImpl (MiniOzoneClusterImpl.java:lambda$waitForClusterToBeReady$0(194)) - Nodes are ready. Got 9 of 9 DN Heartbeats.
2024-04-26 07:46:06,886 [main] INFO  ozone.MiniOzoneClusterImpl (MiniOzoneClusterImpl.java:lambda$waitForClusterToBeReady$0(197)) - Waiting for cluster to exit safe mode
2024-04-26 07:46:06,886 [main] INFO  ozone.MiniOzoneClusterImpl (MiniOzoneClusterImpl.java:lambda$waitForClusterToBeReady$0(199)) - SCM became leader
2024-04-26 07:46:07,886 [main] INFO  ozone.MiniOzoneClusterImpl (MiniOzoneClusterImpl.java:lambda$waitForClusterToBeReady$0(194)) - Nodes are ready. Got 9 of 9 DN Heartbeats.
2024-04-26 07:46:07,887 [main] INFO  ozone.MiniOzoneClusterImpl (MiniOzoneClusterImpl.java:lambda$waitForClusterToBeReady$0(197)) - Waiting for cluster to exit safe mode
2024-04-26 07:46:07,887 [main] INFO  ozone.MiniOzoneClusterImpl (MiniOzoneClusterImpl.java:lambda$waitForClusterToBeReady$0(199)) - SCM became leader
2024-04-26 07:46:08,590 [ddce2076-1575-41c9-8de9-fd704b659682@group-3C8AF2F69899-FollowerState] INFO  impl.FollowerState (FollowerState.java:run(143)) - ddce2076-1575-41c9-8de9-fd704b659682@group-3C8AF2F69899-FollowerState: change to CANDIDATE, lastRpcElapsedTime:5040304511ns, electionTimeout:5040ms
2024-04-26 07:46:08,591 [ddce2076-1575-41c9-8de9-fd704b659682@group-3C8AF2F69899-FollowerState] INFO  impl.RoleInfo (RoleInfo.java:shutdownFollowerState(110)) - ddce2076-1575-41c9-8de9-fd704b659682: shutdown ddce2076-1575-41c9-8de9-fd704b659682@group-3C8AF2F69899-FollowerState
2024-04-26 07:46:08,591 [ddce2076-1575-41c9-8de9-fd704b659682@group-3C8AF2F69899-FollowerState] INFO  server.RaftServer$Division (RaftServerImpl.java:setRole(383)) - ddce2076-1575-41c9-8de9-fd704b659682@group-3C8AF2F69899: changes role from  FOLLOWER to CANDIDATE at term 0 for changeToCandidate
2024-04-26 07:46:08,591 [ddce2076-1575-41c9-8de9-fd704b659682@group-3C8AF2F69899-FollowerState] INFO  server.RaftServerConfigKeys (ConfUtils.java:logGet(46)) - raft.server.leaderelection.pre-vote = true (default)
2024-04-26 07:46:08,591 [ddce2076-1575-41c9-8de9-fd704b659682@group-3C8AF2F69899-FollowerState] INFO  impl.RoleInfo (RoleInfo.java:updateAndGet(139)) - ddce2076-1575-41c9-8de9-fd704b659682: start ddce2076-1575-41c9-8de9-fd704b659682@group-3C8AF2F69899-LeaderElection76
2024-04-26 07:46:08,591 [ddce2076-1575-41c9-8de9-fd704b659682@group-3C8AF2F69899-LeaderElection76] INFO  impl.LeaderElection (LeaderElection.java:askForVotes(321)) - ddce2076-1575-41c9-8de9-fd704b659682@group-3C8AF2F69899-LeaderElection76 PRE_VOTE round 0: submit vote requests at term 0 for -1: peers:[e753b894-9081-4960-806d-bc57228f6e3a|127.0.0.1:15468, ddce2076-1575-41c9-8de9-fd704b659682|127.0.0.1:15477, 576b0e19-35c7-479f-a3f8-cac44c071a4a|127.0.0.1:15459]|listeners:[], old=null
2024-04-26 07:46:08,591 [ddce2076-1575-41c9-8de9-fd704b659682@group-3C8AF2F69899-LeaderElection76-1] INFO  server.GrpcServerProtocolClient (GrpcServerProtocolClient.java:<init>(65)) - Build channel for e753b894-9081-4960-806d-bc57228f6e3a|127.0.0.1:15468
2024-04-26 07:46:08,591 [ddce2076-1575-41c9-8de9-fd704b659682@group-3C8AF2F69899-LeaderElection76] INFO  server.RaftServerConfigKeys (ConfUtils.java:logFallback(53)) - raft.server.rpc.first-election.timeout.min = 5s (fallback to raft.server.rpc.timeout.min)
2024-04-26 07:46:08,591 [ddce2076-1575-41c9-8de9-fd704b659682@group-3C8AF2F69899-LeaderElection76] INFO  server.RaftServerConfigKeys (ConfUtils.java:logFallback(53)) - raft.server.rpc.first-election.timeout.max = 5200ms (fallback to raft.server.rpc.timeout.max)
2024-04-26 07:46:08,591 [ddce2076-1575-41c9-8de9-fd704b659682@group-3C8AF2F69899-LeaderElection76-2] INFO  server.GrpcServerProtocolClient (GrpcServerProtocolClient.java:<init>(65)) - Build channel for 576b0e19-35c7-479f-a3f8-cac44c071a4a|127.0.0.1:15459
2024-04-26 07:46:08,595 [576b0e19-35c7-479f-a3f8-cac44c071a4a@group-D889FDCFA5F4-FollowerState] INFO  impl.FollowerState (FollowerState.java:run(143)) - 576b0e19-35c7-479f-a3f8-cac44c071a4a@group-D889FDCFA5F4-FollowerState: change to CANDIDATE, lastRpcElapsedTime:5074321196ns, electionTimeout:5073ms
2024-04-26 07:46:08,595 [576b0e19-35c7-479f-a3f8-cac44c071a4a@group-D889FDCFA5F4-FollowerState] INFO  impl.RoleInfo (RoleInfo.java:shutdownFollowerState(110)) - 576b0e19-35c7-479f-a3f8-cac44c071a4a: shutdown 576b0e19-35c7-479f-a3f8-cac44c071a4a@group-D889FDCFA5F4-FollowerState
2024-04-26 07:46:08,595 [576b0e19-35c7-479f-a3f8-cac44c071a4a@group-D889FDCFA5F4-FollowerState] INFO  server.RaftServer$Division (RaftServerImpl.java:setRole(383)) - 576b0e19-35c7-479f-a3f8-cac44c071a4a@group-D889FDCFA5F4: changes role from  FOLLOWER to CANDIDATE at term 0 for changeToCandidate
2024-04-26 07:46:08,595 [576b0e19-35c7-479f-a3f8-cac44c071a4a@group-D889FDCFA5F4-FollowerState] INFO  server.RaftServerConfigKeys (ConfUtils.java:logGet(46)) - raft.server.leaderelection.pre-vote = true (default)
2024-04-26 07:46:08,595 [576b0e19-35c7-479f-a3f8-cac44c071a4a@group-D889FDCFA5F4-FollowerState] INFO  impl.RoleInfo (RoleInfo.java:updateAndGet(139)) - 576b0e19-35c7-479f-a3f8-cac44c071a4a: start 576b0e19-35c7-479f-a3f8-cac44c071a4a@group-D889FDCFA5F4-LeaderElection77
2024-04-26 07:46:08,595 [grpc-default-executor-2] INFO  server.RaftServer$Division (RaftServerImpl.java:requestVote(1389)) - e753b894-9081-4960-806d-bc57228f6e3a@group-3C8AF2F69899: receive requestVote(PRE_VOTE, ddce2076-1575-41c9-8de9-fd704b659682, group-3C8AF2F69899, 0, (t:0, i:0))
2024-04-26 07:46:08,595 [grpc-default-executor-2] INFO  impl.VoteContext (VoteContext.java:log(49)) - e753b894-9081-4960-806d-bc57228f6e3a@group-3C8AF2F69899-FOLLOWER: reject PRE_VOTE from ddce2076-1575-41c9-8de9-fd704b659682: our priority 1 > candidate's priority 0
2024-04-26 07:46:08,595 [grpc-default-executor-2] INFO  server.RaftServer$Division (RaftServerImpl.java:requestVote(1422)) - e753b894-9081-4960-806d-bc57228f6e3a@group-3C8AF2F69899 replies to PRE_VOTE vote request: ddce2076-1575-41c9-8de9-fd704b659682<-e753b894-9081-4960-806d-bc57228f6e3a#0:FAIL-t0. Peer's state: e753b894-9081-4960-806d-bc57228f6e3a@group-3C8AF2F69899:t0, leader=null, voted=, raftlog=Memoized:e753b894-9081-4960-806d-bc57228f6e3a@group-3C8AF2F69899-SegmentedRaftLog:OPENED:c-1, conf=-1: peers:[e753b894-9081-4960-806d-bc57228f6e3a|127.0.0.1:15468, ddce2076-1575-41c9-8de9-fd704b659682|127.0.0.1:15477, 576b0e19-35c7-479f-a3f8-cac44c071a4a|127.0.0.1:15459]|listeners:[], old=null
2024-04-26 07:46:08,595 [grpc-default-executor-1] INFO  server.RaftServer$Division (RaftServerImpl.java:requestVote(1389)) - 576b0e19-35c7-479f-a3f8-cac44c071a4a@group-3C8AF2F69899: receive requestVote(PRE_VOTE, ddce2076-1575-41c9-8de9-fd704b659682, group-3C8AF2F69899, 0, (t:0, i:0))
2024-04-26 07:46:08,596 [grpc-default-executor-1] INFO  impl.VoteContext (VoteContext.java:log(49)) - 576b0e19-35c7-479f-a3f8-cac44c071a4a@group-3C8AF2F69899-FOLLOWER: accept PRE_VOTE from ddce2076-1575-41c9-8de9-fd704b659682: our priority 0 <= candidate's priority 0
2024-04-26 07:46:08,596 [grpc-default-executor-1] INFO  server.RaftServer$Division (RaftServerImpl.java:requestVote(1422)) - 576b0e19-35c7-479f-a3f8-cac44c071a4a@group-3C8AF2F69899 replies to PRE_VOTE vote request: ddce2076-1575-41c9-8de9-fd704b659682<-576b0e19-35c7-479f-a3f8-cac44c071a4a#0:OK-t0. Peer's state: 576b0e19-35c7-479f-a3f8-cac44c071a4a@group-3C8AF2F69899:t0, leader=null, voted=, raftlog=Memoized:576b0e19-35c7-479f-a3f8-cac44c071a4a@group-3C8AF2F69899-SegmentedRaftLog:OPENED:c-1, conf=-1: peers:[e753b894-9081-4960-806d-bc57228f6e3a|127.0.0.1:15468, ddce2076-1575-41c9-8de9-fd704b659682|127.0.0.1:15477, 576b0e19-35c7-479f-a3f8-cac44c071a4a|127.0.0.1:15459]|listeners:[], old=null
2024-04-26 07:46:08,596 [ddce2076-1575-41c9-8de9-fd704b659682@group-3C8AF2F69899-LeaderElection76] INFO  impl.LeaderElection (LeaderElection.java:logAndReturn(89)) - ddce2076-1575-41c9-8de9-fd704b659682@group-3C8AF2F69899-LeaderElection76: PRE_VOTE REJECTED received 1 response(s) and 0 exception(s):
2024-04-26 07:46:08,596 [ddce2076-1575-41c9-8de9-fd704b659682@group-3C8AF2F69899-LeaderElection76] INFO  impl.LeaderElection (LeaderElection.java:logAndReturn(93)) -   Response 0: ddce2076-1575-41c9-8de9-fd704b659682<-e753b894-9081-4960-806d-bc57228f6e3a#0:FAIL-t0
2024-04-26 07:46:08,596 [ddce2076-1575-41c9-8de9-fd704b659682@group-3C8AF2F69899-LeaderElection76] INFO  impl.LeaderElection (LeaderElection.java:askForVotes(323)) - ddce2076-1575-41c9-8de9-fd704b659682@group-3C8AF2F69899-LeaderElection76 PRE_VOTE round 0: result REJECTED
2024-04-26 07:46:08,596 [ddce2076-1575-41c9-8de9-fd704b659682@group-3C8AF2F69899-LeaderElection76] INFO  server.RaftServer$Division (RaftServerImpl.java:setRole(383)) - ddce2076-1575-41c9-8de9-fd704b659682@group-3C8AF2F69899: changes role from CANDIDATE to FOLLOWER at term 0 for REJECTED
2024-04-26 07:46:08,596 [ddce2076-1575-41c9-8de9-fd704b659682@group-3C8AF2F69899-LeaderElection76] INFO  impl.RoleInfo (RoleInfo.java:shutdownLeaderElection(130)) - ddce2076-1575-41c9-8de9-fd704b659682: shutdown ddce2076-1575-41c9-8de9-fd704b659682@group-3C8AF2F69899-LeaderElection76
2024-04-26 07:46:08,596 [ddce2076-1575-41c9-8de9-fd704b659682@group-3C8AF2F69899-LeaderElection76] INFO  impl.RoleInfo (RoleInfo.java:updateAndGet(139)) - ddce2076-1575-41c9-8de9-fd704b659682: start ddce2076-1575-41c9-8de9-fd704b659682@group-3C8AF2F69899-FollowerState
2024-04-26 07:46:08,600 [ddce2076-1575-41c9-8de9-fd704b659682@group-3C8AF2F69899-LeaderElection76] INFO  server.RaftServer$Division (RaftServerImpl.java:setFirstElection(574)) - ddce2076-1575-41c9-8de9-fd704b659682@group-3C8AF2F69899: set firstElectionSinceStartup to false for REJECTED
2024-04-26 07:46:08,600 [576b0e19-35c7-479f-a3f8-cac44c071a4a@group-D889FDCFA5F4-LeaderElection77] INFO  impl.LeaderElection (LeaderElection.java:askForVotes(321)) - 576b0e19-35c7-479f-a3f8-cac44c071a4a@group-D889FDCFA5F4-LeaderElection77 PRE_VOTE round 0: submit vote requests at term 0 for -1: peers:[576b0e19-35c7-479f-a3f8-cac44c071a4a|127.0.0.1:15459]|listeners:[], old=null
2024-04-26 07:46:08,600 [576b0e19-35c7-479f-a3f8-cac44c071a4a@group-D889FDCFA5F4-LeaderElection77] INFO  impl.LeaderElection (LeaderElection.java:askForVotes(323)) - 576b0e19-35c7-479f-a3f8-cac44c071a4a@group-D889FDCFA5F4-LeaderElection77 PRE_VOTE round 0: result PASSED (term=0)
2024-04-26 07:46:08,601 [576b0e19-35c7-479f-a3f8-cac44c071a4a@group-D889FDCFA5F4-LeaderElection77] INFO  impl.LeaderElection (LeaderElection.java:askForVotes(321)) - 576b0e19-35c7-479f-a3f8-cac44c071a4a@group-D889FDCFA5F4-LeaderElection77 ELECTION round 0: submit vote requests at term 1 for -1: peers:[576b0e19-35c7-479f-a3f8-cac44c071a4a|127.0.0.1:15459]|listeners:[], old=null
2024-04-26 07:46:08,601 [576b0e19-35c7-479f-a3f8-cac44c071a4a@group-D889FDCFA5F4-LeaderElection77] INFO  impl.LeaderElection (LeaderElection.java:askForVotes(323)) - 576b0e19-35c7-479f-a3f8-cac44c071a4a@group-D889FDCFA5F4-LeaderElection77 ELECTION round 0: result PASSED (term=1)
2024-04-26 07:46:08,601 [576b0e19-35c7-479f-a3f8-cac44c071a4a@group-D889FDCFA5F4-LeaderElection77] INFO  impl.RoleInfo (RoleInfo.java:shutdownLeaderElection(130)) - 576b0e19-35c7-479f-a3f8-cac44c071a4a: shutdown 576b0e19-35c7-479f-a3f8-cac44c071a4a@group-D889FDCFA5F4-LeaderElection77
2024-04-26 07:46:08,602 [576b0e19-35c7-479f-a3f8-cac44c071a4a@group-D889FDCFA5F4-LeaderElection77] INFO  server.RaftServer$Division (RaftServerImpl.java:setRole(383)) - 576b0e19-35c7-479f-a3f8-cac44c071a4a@group-D889FDCFA5F4: changes role from CANDIDATE to LEADER at term 1 for changeToLeader
2024-04-26 07:46:08,602 [576b0e19-35c7-479f-a3f8-cac44c071a4a@group-D889FDCFA5F4-LeaderElection77] INFO  server.RaftServerConfigKeys (ConfUtils.java:logGet(46)) - raft.server.staging.catchup.gap = 1000 (default)
2024-04-26 07:46:08,602 [576b0e19-35c7-479f-a3f8-cac44c071a4a@group-D889FDCFA5F4-LeaderElection77] INFO  server.RaftServerConfigKeys (ConfUtils.java:logGet(46)) - raft.server.write.element-limit = 1024 (custom)
2024-04-26 07:46:08,602 [576b0e19-35c7-479f-a3f8-cac44c071a4a@group-D889FDCFA5F4-LeaderElection77] INFO  server.RaftServerConfigKeys (ConfUtils.java:logGet(46)) - raft.server.write.byte-limit = 1024 M (=1073741824) (custom)
2024-04-26 07:46:08,602 [576b0e19-35c7-479f-a3f8-cac44c071a4a@group-D889FDCFA5F4-LeaderElection77] INFO  server.RaftServerConfigKeys (ConfUtils.java:logGet(46)) - raft.server.watch.timeout = 3000ms (custom)
2024-04-26 07:46:08,602 [576b0e19-35c7-479f-a3f8-cac44c071a4a@group-D889FDCFA5F4-LeaderElection77] INFO  server.RaftServerConfigKeys (ConfUtils.java:logGet(46)) - raft.server.watch.timeout.denomination = 1s (default)
2024-04-26 07:46:08,602 [576b0e19-35c7-479f-a3f8-cac44c071a4a@group-D889FDCFA5F4-LeaderElection77] INFO  server.RaftServerConfigKeys (ConfUtils.java:logGet(46)) - raft.server.watch.element-limit = 65536 (default)
2024-04-26 07:46:08,602 [576b0e19-35c7-479f-a3f8-cac44c071a4a@group-D889FDCFA5F4-LeaderElection77] INFO  server.RaftServerConfigKeys (ConfUtils.java:logGet(46)) - raft.server.read.leader.lease.enabled = false (default)
2024-04-26 07:46:08,602 [576b0e19-35c7-479f-a3f8-cac44c071a4a@group-D889FDCFA5F4-LeaderElection77] INFO  server.RaftServerConfigKeys (ConfUtils.java:logGet(46)) - raft.server.read.leader.lease.timeout.ratio = 0.9 (default)
2024-04-26 07:46:08,602 [576b0e19-35c7-479f-a3f8-cac44c071a4a@group-D889FDCFA5F4-LeaderElection77] INFO  server.RaftServerConfigKeys (ConfUtils.java:logGet(46)) - raft.server.rpc.timeout.min = 5s (custom)
2024-04-26 07:46:08,602 [576b0e19-35c7-479f-a3f8-cac44c071a4a@group-D889FDCFA5F4-LeaderElection77] INFO  server.RaftServerConfigKeys (ConfUtils.java:logGet(46)) - raft.server.write.element-limit = 1024 (custom)
2024-04-26 07:46:08,603 [576b0e19-35c7-479f-a3f8-cac44c071a4a@group-D889FDCFA5F4-LeaderElection77] INFO  server.RaftServerConfigKeys (ConfUtils.java:logGet(46)) - raft.server.write.follower.gap.ratio.max = -1.0 (default)
2024-04-26 07:46:08,603 [576b0e19-35c7-479f-a3f8-cac44c071a4a@group-D889FDCFA5F4-LeaderElection77] INFO  impl.RoleInfo (RoleInfo.java:updateAndGet(139)) - 576b0e19-35c7-479f-a3f8-cac44c071a4a: start 576b0e19-35c7-479f-a3f8-cac44c071a4a@group-D889FDCFA5F4-LeaderStateImpl
2024-04-26 07:46:08,603 [576b0e19-35c7-479f-a3f8-cac44c071a4a@group-D889FDCFA5F4-LeaderElection77] INFO  server.RaftServer$Division (RaftServerImpl.java:setFirstElection(574)) - 576b0e19-35c7-479f-a3f8-cac44c071a4a@group-D889FDCFA5F4: set firstElectionSinceStartup to false for becomeLeader
2024-04-26 07:46:08,603 [576b0e19-35c7-479f-a3f8-cac44c071a4a@group-D889FDCFA5F4-LeaderElection77] INFO  ratis.XceiverServerRatis (XceiverServerRatis.java:handleLeaderChangedNotification(966)) - Leader change notification received for group: group-D889FDCFA5F4 with new leaderId: 576b0e19-35c7-479f-a3f8-cac44c071a4a
2024-04-26 07:46:08,603 [576b0e19-35c7-479f-a3f8-cac44c071a4a@group-D889FDCFA5F4-LeaderElection77] INFO  server.RaftServer$Division (ServerState.java:setLeader(269)) - 576b0e19-35c7-479f-a3f8-cac44c071a4a@group-D889FDCFA5F4: change Leader from null to 576b0e19-35c7-479f-a3f8-cac44c071a4a at term 1 for becomeLeader, leader elected after 5091ms
2024-04-26 07:46:08,603 [576b0e19-35c7-479f-a3f8-cac44c071a4a@group-D889FDCFA5F4-LeaderElection77] INFO  segmented.SegmentedRaftLogWorker (SegmentedRaftLogWorker.java:startLogSegment(430)) - 576b0e19-35c7-479f-a3f8-cac44c071a4a@group-D889FDCFA5F4-SegmentedRaftLogWorker: Starting segment from index:0
2024-04-26 07:46:08,604 [576b0e19-35c7-479f-a3f8-cac44c071a4a@group-D889FDCFA5F4-SegmentedRaftLogWorker] INFO  segmented.BufferedWriteChannel (BufferedWriteChannel.java:open(62)) - open log_inprogress_0 at position 0
2024-04-26 07:46:08,605 [576b0e19-35c7-479f-a3f8-cac44c071a4a@group-D889FDCFA5F4-LeaderElection77] INFO  server.RaftServer$Division (ServerState.java:setRaftConf(386)) - 576b0e19-35c7-479f-a3f8-cac44c071a4a@group-D889FDCFA5F4: set configuration 0: peers:[576b0e19-35c7-479f-a3f8-cac44c071a4a|127.0.0.1:15459]|listeners:[], old=null
2024-04-26 07:46:08,606 [EventQueue-OpenPipelineForHealthyPipelineSafeModeRule] INFO  safemode.SCMSafeModeManager (HealthyPipelineSafeModeRule.java:process(140)) - SCM in safe mode. Healthy pipelines reported count is 0, required healthy pipeline reported count is 1
2024-04-26 07:46:08,611 [576b0e19-35c7-479f-a3f8-cac44c071a4a@group-D889FDCFA5F4-SegmentedRaftLogWorker] INFO  segmented.SegmentedRaftLogWorker (SegmentedRaftLogWorker.java:execute(634)) - 576b0e19-35c7-479f-a3f8-cac44c071a4a@group-D889FDCFA5F4-SegmentedRaftLogWorker: created new log segment /home/runner/work/ozone/ozone/hadoop-ozone/integration-test/target/test-dir/MiniOzoneClusterImpl-864451be-9a12-4508-8431-6d052999593c/ozone-meta/datanode-1/ratis/e90adc08-af8f-4604-9a46-d889fdcfa5f4/current/log_inprogress_0
2024-04-26 07:46:08,613 [576b0e19-35c7-479f-a3f8-cac44c071a4a@group-D889FDCFA5F4-StateMachineUpdater] INFO  server.RaftServer$Division (LeaderStateImpl.java:isApplied(320)) - leader is ready since appliedIndex == 0 >= startIndex == 0
2024-04-26 07:46:08,646 [e753b894-9081-4960-806d-bc57228f6e3a@group-3C8AF2F69899-FollowerState] INFO  impl.FollowerState (FollowerState.java:run(143)) - e753b894-9081-4960-806d-bc57228f6e3a@group-3C8AF2F69899-FollowerState: change to CANDIDATE, lastRpcElapsedTime:5069869099ns, electionTimeout:5069ms
2024-04-26 07:46:08,646 [e753b894-9081-4960-806d-bc57228f6e3a@group-3C8AF2F69899-FollowerState] INFO  impl.RoleInfo (RoleInfo.java:shutdownFollowerState(110)) - e753b894-9081-4960-806d-bc57228f6e3a: shutdown e753b894-9081-4960-806d-bc57228f6e3a@group-3C8AF2F69899-FollowerState
2024-04-26 07:46:08,646 [e753b894-9081-4960-806d-bc57228f6e3a@group-3C8AF2F69899-FollowerState] INFO  server.RaftServer$Division (RaftServerImpl.java:setRole(383)) - e753b894-9081-4960-806d-bc57228f6e3a@group-3C8AF2F69899: changes role from  FOLLOWER to CANDIDATE at term 0 for changeToCandidate
2024-04-26 07:46:08,646 [e753b894-9081-4960-806d-bc57228f6e3a@group-3C8AF2F69899-FollowerState] INFO  server.RaftServerConfigKeys (ConfUtils.java:logGet(46)) - raft.server.leaderelection.pre-vote = true (default)
2024-04-26 07:46:08,646 [e753b894-9081-4960-806d-bc57228f6e3a@group-3C8AF2F69899-FollowerState] INFO  impl.RoleInfo (RoleInfo.java:updateAndGet(139)) - e753b894-9081-4960-806d-bc57228f6e3a: start e753b894-9081-4960-806d-bc57228f6e3a@group-3C8AF2F69899-LeaderElection78
2024-04-26 07:46:08,646 [e753b894-9081-4960-806d-bc57228f6e3a@group-3C8AF2F69899-LeaderElection78] INFO  impl.LeaderElection (LeaderElection.java:askForVotes(321)) - e753b894-9081-4960-806d-bc57228f6e3a@group-3C8AF2F69899-LeaderElection78 PRE_VOTE round 0: submit vote requests at term 0 for -1: peers:[e753b894-9081-4960-806d-bc57228f6e3a|127.0.0.1:15468, ddce2076-1575-41c9-8de9-fd704b659682|127.0.0.1:15477, 576b0e19-35c7-479f-a3f8-cac44c071a4a|127.0.0.1:15459]|listeners:[], old=null
2024-04-26 07:46:08,647 [e753b894-9081-4960-806d-bc57228f6e3a@group-3C8AF2F69899-LeaderElection78-1] INFO  server.GrpcServerProtocolClient (GrpcServerProtocolClient.java:<init>(65)) - Build channel for ddce2076-1575-41c9-8de9-fd704b659682|127.0.0.1:15477
2024-04-26 07:46:08,647 [e753b894-9081-4960-806d-bc57228f6e3a@group-3C8AF2F69899-LeaderElection78-2] INFO  server.GrpcServerProtocolClient (GrpcServerProtocolClient.java:<init>(65)) - Build channel for 576b0e19-35c7-479f-a3f8-cac44c071a4a|127.0.0.1:15459
2024-04-26 07:46:08,647 [e753b894-9081-4960-806d-bc57228f6e3a@group-3C8AF2F69899-LeaderElection78] INFO  server.RaftServerConfigKeys (ConfUtils.java:logFallback(53)) - raft.server.rpc.first-election.timeout.min = 5s (fallback to raft.server.rpc.timeout.min)
2024-04-26 07:46:08,647 [e753b894-9081-4960-806d-bc57228f6e3a@group-3C8AF2F69899-LeaderElection78] INFO  server.RaftServerConfigKeys (ConfUtils.java:logFallback(53)) - raft.server.rpc.first-election.timeout.max = 5200ms (fallback to raft.server.rpc.timeout.max)
2024-04-26 07:46:08,650 [grpc-default-executor-1] INFO  server.RaftServer$Division (RaftServerImpl.java:requestVote(1389)) - ddce2076-1575-41c9-8de9-fd704b659682@group-3C8AF2F69899: receive requestVote(PRE_VOTE, e753b894-9081-4960-806d-bc57228f6e3a, group-3C8AF2F69899, 0, (t:0, i:0))
2024-04-26 07:46:08,650 [grpc-default-executor-1] INFO  impl.VoteContext (VoteContext.java:log(49)) - ddce2076-1575-41c9-8de9-fd704b659682@group-3C8AF2F69899-FOLLOWER: accept PRE_VOTE from e753b894-9081-4960-806d-bc57228f6e3a: our priority 0 <= candidate's priority 1
2024-04-26 07:46:08,651 [grpc-default-executor-2] INFO  server.RaftServer$Division (RaftServerImpl.java:requestVote(1389)) - 576b0e19-35c7-479f-a3f8-cac44c071a4a@group-3C8AF2F69899: receive requestVote(PRE_VOTE, e753b894-9081-4960-806d-bc57228f6e3a, group-3C8AF2F69899, 0, (t:0, i:0))
2024-04-26 07:46:08,651 [grpc-default-executor-1] INFO  server.RaftServer$Division (RaftServerImpl.java:requestVote(1422)) - ddce2076-1575-41c9-8de9-fd704b659682@group-3C8AF2F69899 replies to PRE_VOTE vote request: e753b894-9081-4960-806d-bc57228f6e3a<-ddce2076-1575-41c9-8de9-fd704b659682#0:OK-t0. Peer's state: ddce2076-1575-41c9-8de9-fd704b659682@group-3C8AF2F69899:t0, leader=null, voted=, raftlog=Memoized:ddce2076-1575-41c9-8de9-fd704b659682@group-3C8AF2F69899-SegmentedRaftLog:OPENED:c-1, conf=-1: peers:[e753b894-9081-4960-806d-bc57228f6e3a|127.0.0.1:15468, ddce2076-1575-41c9-8de9-fd704b659682|127.0.0.1:15477, 576b0e19-35c7-479f-a3f8-cac44c071a4a|127.0.0.1:15459]|listeners:[], old=null
2024-04-26 07:46:08,651 [grpc-default-executor-2] INFO  impl.VoteContext (VoteContext.java:log(49)) - 576b0e19-35c7-479f-a3f8-cac44c071a4a@group-3C8AF2F69899-FOLLOWER: accept PRE_VOTE from e753b894-9081-4960-806d-bc57228f6e3a: our priority 0 <= candidate's priority 1
2024-04-26 07:46:08,651 [grpc-default-executor-2] INFO  server.RaftServer$Division (RaftServerImpl.java:requestVote(1422)) - 576b0e19-35c7-479f-a3f8-cac44c071a4a@group-3C8AF2F69899 replies to PRE_VOTE vote request: e753b894-9081-4960-806d-bc57228f6e3a<-576b0e19-35c7-479f-a3f8-cac44c071a4a#0:OK-t0. Peer's state: 576b0e19-35c7-479f-a3f8-cac44c071a4a@group-3C8AF2F69899:t0, leader=null, voted=, raftlog=Memoized:576b0e19-35c7-479f-a3f8-cac44c071a4a@group-3C8AF2F69899-SegmentedRaftLog:OPENED:c-1, conf=-1: peers:[e753b894-9081-4960-806d-bc57228f6e3a|127.0.0.1:15468, ddce2076-1575-41c9-8de9-fd704b659682|127.0.0.1:15477, 576b0e19-35c7-479f-a3f8-cac44c071a4a|127.0.0.1:15459]|listeners:[], old=null
2024-04-26 07:46:08,651 [e753b894-9081-4960-806d-bc57228f6e3a@group-3C8AF2F69899-LeaderElection78] INFO  impl.LeaderElection (LeaderElection.java:logAndReturn(89)) - e753b894-9081-4960-806d-bc57228f6e3a@group-3C8AF2F69899-LeaderElection78: PRE_VOTE PASSED received 1 response(s) and 0 exception(s):
2024-04-26 07:46:08,651 [e753b894-9081-4960-806d-bc57228f6e3a@group-3C8AF2F69899-LeaderElection78] INFO  impl.LeaderElection (LeaderElection.java:logAndReturn(93)) -   Response 0: e753b894-9081-4960-806d-bc57228f6e3a<-ddce2076-1575-41c9-8de9-fd704b659682#0:OK-t0
2024-04-26 07:46:08,651 [e753b894-9081-4960-806d-bc57228f6e3a@group-3C8AF2F69899-LeaderElection78] INFO  impl.LeaderElection (LeaderElection.java:askForVotes(323)) - e753b894-9081-4960-806d-bc57228f6e3a@group-3C8AF2F69899-LeaderElection78 PRE_VOTE round 0: result PASSED
2024-04-26 07:46:08,652 [e753b894-9081-4960-806d-bc57228f6e3a@group-3C8AF2F69899-LeaderElection78] INFO  impl.LeaderElection (LeaderElection.java:askForVotes(321)) - e753b894-9081-4960-806d-bc57228f6e3a@group-3C8AF2F69899-LeaderElection78 ELECTION round 0: submit vote requests at term 1 for -1: peers:[e753b894-9081-4960-806d-bc57228f6e3a|127.0.0.1:15468, ddce2076-1575-41c9-8de9-fd704b659682|127.0.0.1:15477, 576b0e19-35c7-479f-a3f8-cac44c071a4a|127.0.0.1:15459]|listeners:[], old=null
2024-04-26 07:46:08,652 [e753b894-9081-4960-806d-bc57228f6e3a@group-3C8AF2F69899-LeaderElection78] INFO  server.RaftServerConfigKeys (ConfUtils.java:logFallback(53)) - raft.server.rpc.first-election.timeout.min = 5s (fallback to raft.server.rpc.timeout.min)
2024-04-26 07:46:08,653 [e753b894-9081-4960-806d-bc57228f6e3a@group-3C8AF2F69899-LeaderElection78] INFO  server.RaftServerConfigKeys (ConfUtils.java:logFallback(53)) - raft.server.rpc.first-election.timeout.max = 5200ms (fallback to raft.server.rpc.timeout.max)
2024-04-26 07:46:08,653 [grpc-default-executor-1] INFO  server.RaftServer$Division (RaftServerImpl.java:requestVote(1389)) - ddce2076-1575-41c9-8de9-fd704b659682@group-3C8AF2F69899: receive requestVote(ELECTION, e753b894-9081-4960-806d-bc57228f6e3a, group-3C8AF2F69899, 1, (t:0, i:0))
2024-04-26 07:46:08,654 [grpc-default-executor-1] INFO  impl.VoteContext (VoteContext.java:log(49)) - ddce2076-1575-41c9-8de9-fd704b659682@group-3C8AF2F69899-FOLLOWER: accept ELECTION from e753b894-9081-4960-806d-bc57228f6e3a: our priority 0 <= candidate's priority 1
2024-04-26 07:46:08,654 [grpc-default-executor-1] INFO  server.RaftServer$Division (RaftServerImpl.java:setRole(383)) - ddce2076-1575-41c9-8de9-fd704b659682@group-3C8AF2F69899: changes role from  FOLLOWER to FOLLOWER at term 1 for candidate:e753b894-9081-4960-806d-bc57228f6e3a
2024-04-26 07:46:08,654 [grpc-default-executor-1] INFO  impl.RoleInfo (RoleInfo.java:shutdownFollowerState(110)) - ddce2076-1575-41c9-8de9-fd704b659682: shutdown ddce2076-1575-41c9-8de9-fd704b659682@group-3C8AF2F69899-FollowerState
2024-04-26 07:46:08,654 [grpc-default-executor-1] INFO  impl.RoleInfo (RoleInfo.java:updateAndGet(139)) - ddce2076-1575-41c9-8de9-fd704b659682: start ddce2076-1575-41c9-8de9-fd704b659682@group-3C8AF2F69899-FollowerState
2024-04-26 07:46:08,654 [ddce2076-1575-41c9-8de9-fd704b659682@group-3C8AF2F69899-FollowerState] INFO  impl.FollowerState (FollowerState.java:run(152)) - ddce2076-1575-41c9-8de9-fd704b659682@group-3C8AF2F69899-FollowerState was interrupted
2024-04-26 07:46:08,654 [grpc-default-executor-2] INFO  server.RaftServer$Division (RaftServerImpl.java:requestVote(1389)) - 576b0e19-35c7-479f-a3f8-cac44c071a4a@group-3C8AF2F69899: receive requestVote(ELECTION, e753b894-9081-4960-806d-bc57228f6e3a, group-3C8AF2F69899, 1, (t:0, i:0))
2024-04-26 07:46:08,654 [grpc-default-executor-2] INFO  impl.VoteContext (VoteContext.java:log(49)) - 576b0e19-35c7-479f-a3f8-cac44c071a4a@group-3C8AF2F69899-FOLLOWER: accept ELECTION from e753b894-9081-4960-806d-bc57228f6e3a: our priority 0 <= candidate's priority 1
2024-04-26 07:46:08,654 [grpc-default-executor-2] INFO  server.RaftServer$Division (RaftServerImpl.java:setRole(383)) - 576b0e19-35c7-479f-a3f8-cac44c071a4a@group-3C8AF2F69899: changes role from  FOLLOWER to FOLLOWER at term 1 for candidate:e753b894-9081-4960-806d-bc57228f6e3a
2024-04-26 07:46:08,654 [grpc-default-executor-2] INFO  impl.RoleInfo (RoleInfo.java:shutdownFollowerState(110)) - 576b0e19-35c7-479f-a3f8-cac44c071a4a: shutdown 576b0e19-35c7-479f-a3f8-cac44c071a4a@group-3C8AF2F69899-FollowerState
2024-04-26 07:46:08,654 [576b0e19-35c7-479f-a3f8-cac44c071a4a@group-3C8AF2F69899-FollowerState] INFO  impl.FollowerState (FollowerState.java:run(152)) - 576b0e19-35c7-479f-a3f8-cac44c071a4a@group-3C8AF2F69899-FollowerState was interrupted
2024-04-26 07:46:08,654 [grpc-default-executor-2] INFO  impl.RoleInfo (RoleInfo.java:updateAndGet(139)) - 576b0e19-35c7-479f-a3f8-cac44c071a4a: start 576b0e19-35c7-479f-a3f8-cac44c071a4a@group-3C8AF2F69899-FollowerState
2024-04-26 07:46:08,655 [grpc-default-executor-2] INFO  server.RaftServer$Division (RaftServerImpl.java:setFirstElection(574)) - 576b0e19-35c7-479f-a3f8-cac44c071a4a@group-3C8AF2F69899: set firstElectionSinceStartup to false for candidate:e753b894-9081-4960-806d-bc57228f6e3a
2024-04-26 07:46:08,655 [grpc-default-executor-1] INFO  server.RaftServer$Division (RaftServerImpl.java:requestVote(1422)) - ddce2076-1575-41c9-8de9-fd704b659682@group-3C8AF2F69899 replies to ELECTION vote request: e753b894-9081-4960-806d-bc57228f6e3a<-ddce2076-1575-41c9-8de9-fd704b659682#0:OK-t1. Peer's state: ddce2076-1575-41c9-8de9-fd704b659682@group-3C8AF2F69899:t1, leader=null, voted=e753b894-9081-4960-806d-bc57228f6e3a, raftlog=Memoized:ddce2076-1575-41c9-8de9-fd704b659682@group-3C8AF2F69899-SegmentedRaftLog:OPENED:c-1, conf=-1: peers:[e753b894-9081-4960-806d-bc57228f6e3a|127.0.0.1:15468, ddce2076-1575-41c9-8de9-fd704b659682|127.0.0.1:15477, 576b0e19-35c7-479f-a3f8-cac44c071a4a|127.0.0.1:15459]|listeners:[], old=null
2024-04-26 07:46:08,655 [e753b894-9081-4960-806d-bc57228f6e3a@group-3C8AF2F69899-LeaderElection78] INFO  impl.LeaderElection (LeaderElection.java:logAndReturn(89)) - e753b894-9081-4960-806d-bc57228f6e3a@group-3C8AF2F69899-LeaderElection78: ELECTION PASSED received 1 response(s) and 0 exception(s):
2024-04-26 07:46:08,656 [e753b894-9081-4960-806d-bc57228f6e3a@group-3C8AF2F69899-LeaderElection78] INFO  impl.LeaderElection (LeaderElection.java:logAndReturn(93)) -   Response 0: e753b894-9081-4960-806d-bc57228f6e3a<-ddce2076-1575-41c9-8de9-fd704b659682#0:OK-t1
2024-04-26 07:46:08,656 [e753b894-9081-4960-806d-bc57228f6e3a@group-3C8AF2F69899-LeaderElection78] INFO  impl.LeaderElection (LeaderElection.java:askForVotes(323)) - e753b894-9081-4960-806d-bc57228f6e3a@group-3C8AF2F69899-LeaderElection78 ELECTION round 0: result PASSED
2024-04-26 07:46:08,656 [e753b894-9081-4960-806d-bc57228f6e3a@group-3C8AF2F69899-LeaderElection78] INFO  impl.RoleInfo (RoleInfo.java:shutdownLeaderElection(130)) - e753b894-9081-4960-806d-bc57228f6e3a: shutdown e753b894-9081-4960-806d-bc57228f6e3a@group-3C8AF2F69899-LeaderElection78
2024-04-26 07:46:08,656 [e753b894-9081-4960-806d-bc57228f6e3a@group-3C8AF2F69899-LeaderElection78] INFO  server.RaftServer$Division (RaftServerImpl.java:setRole(383)) - e753b894-9081-4960-806d-bc57228f6e3a@group-3C8AF2F69899: changes role from CANDIDATE to LEADER at term 1 for changeToLeader
2024-04-26 07:46:08,656 [e753b894-9081-4960-806d-bc57228f6e3a@group-3C8AF2F69899-LeaderElection78] INFO  server.RaftServerConfigKeys (ConfUtils.java:logGet(46)) - raft.server.staging.catchup.gap = 1000 (default)
2024-04-26 07:46:08,656 [e753b894-9081-4960-806d-bc57228f6e3a@group-3C8AF2F69899-LeaderElection78] INFO  server.RaftServerConfigKeys (ConfUtils.java:logGet(46)) - raft.server.write.element-limit = 1024 (custom)
2024-04-26 07:46:08,656 [e753b894-9081-4960-806d-bc57228f6e3a@group-3C8AF2F69899-LeaderElection78] INFO  server.RaftServerConfigKeys (ConfUtils.java:logGet(46)) - raft.server.write.byte-limit = 1024 M (=1073741824) (custom)
2024-04-26 07:46:08,656 [e753b894-9081-4960-806d-bc57228f6e3a@group-3C8AF2F69899-LeaderElection78] INFO  server.RaftServerConfigKeys (ConfUtils.java:logGet(46)) - raft.server.watch.timeout = 3000ms (custom)
2024-04-26 07:46:08,656 [e753b894-9081-4960-806d-bc57228f6e3a@group-3C8AF2F69899-LeaderElection78] INFO  server.RaftServerConfigKeys (ConfUtils.java:logGet(46)) - raft.server.watch.timeout.denomination = 1s (default)
2024-04-26 07:46:08,656 [e753b894-9081-4960-806d-bc57228f6e3a@group-3C8AF2F69899-LeaderElection78] INFO  server.RaftServerConfigKeys (ConfUtils.java:logGet(46)) - raft.server.watch.element-limit = 65536 (default)
2024-04-26 07:46:08,656 [e753b894-9081-4960-806d-bc57228f6e3a@group-3C8AF2F69899-LeaderElection78] INFO  server.RaftServerConfigKeys (ConfUtils.java:logGet(46)) - raft.server.read.leader.lease.enabled = false (default)
2024-04-26 07:46:08,656 [e753b894-9081-4960-806d-bc57228f6e3a@group-3C8AF2F69899-LeaderElection78] INFO  server.RaftServerConfigKeys (ConfUtils.java:logGet(46)) - raft.server.read.leader.lease.timeout.ratio = 0.9 (default)
2024-04-26 07:46:08,656 [e753b894-9081-4960-806d-bc57228f6e3a@group-3C8AF2F69899-LeaderElection78] INFO  server.RaftServerConfigKeys (ConfUtils.java:logGet(46)) - raft.server.rpc.timeout.min = 5s (custom)
2024-04-26 07:46:08,656 [e753b894-9081-4960-806d-bc57228f6e3a@group-3C8AF2F69899-LeaderElection78] INFO  server.RaftServerConfigKeys (ConfUtils.java:logGet(46)) - raft.server.write.element-limit = 1024 (custom)
2024-04-26 07:46:08,657 [e753b894-9081-4960-806d-bc57228f6e3a@group-3C8AF2F69899-LeaderElection78] INFO  server.RaftServerConfigKeys (ConfUtils.java:logGet(46)) - raft.server.write.follower.gap.ratio.max = -1.0 (default)
2024-04-26 07:46:08,657 [e753b894-9081-4960-806d-bc57228f6e3a@group-3C8AF2F69899-LeaderElection78] INFO  server.RaftServerConfigKeys (ConfUtils.java:logGet(46)) - raft.server.log.appender.snapshot.chunk.size.max = 16MB (=16777216) (default)
2024-04-26 07:46:08,657 [e753b894-9081-4960-806d-bc57228f6e3a@group-3C8AF2F69899-LeaderElection78] INFO  server.RaftServerConfigKeys (ConfUtils.java:logGet(46)) - raft.server.log.appender.buffer.byte-limit = 8388608 (custom)
2024-04-26 07:46:08,657 [e753b894-9081-4960-806d-bc57228f6e3a@group-3C8AF2F69899-LeaderElection78] INFO  server.RaftServerConfigKeys (ConfUtils.java:logGet(46)) - raft.server.log.appender.buffer.element-limit = 1 (custom)
2024-04-26 07:46:08,657 [e753b894-9081-4960-806d-bc57228f6e3a@group-3C8AF2F69899-LeaderElection78] INFO  server.RaftServerConfigKeys (ConfUtils.java:logGet(46)) - raft.server.log.appender.wait-time.min = 0ms (custom)
2024-04-26 07:46:08,657 [e753b894-9081-4960-806d-bc57228f6e3a@group-3C8AF2F69899-LeaderElection78] INFO  grpc.GrpcConfigKeys (ConfUtils.java:logGet(46)) - raft.grpc.server.leader.outstanding.appends.max = 8 (default)
2024-04-26 07:46:08,657 [e753b894-9081-4960-806d-bc57228f6e3a@group-3C8AF2F69899-LeaderElection78] INFO  server.RaftServerConfigKeys (ConfUtils.java:logGet(46)) - raft.server.rpc.request.timeout = 3000ms (default)
2024-04-26 07:46:08,657 [e753b894-9081-4960-806d-bc57228f6e3a@group-3C8AF2F69899-LeaderElection78] INFO  grpc.GrpcConfigKeys (ConfUtils.java:logGet(46)) - raft.grpc.server.install_snapshot.request.element-limit = 8 (default)
2024-04-26 07:46:08,657 [e753b894-9081-4960-806d-bc57228f6e3a@group-3C8AF2F69899-LeaderElection78] INFO  grpc.GrpcConfigKeys (ConfUtils.java:logGet(46)) - raft.grpc.server.install_snapshot.request.timeout = 3000ms (default)
2024-04-26 07:46:08,657 [e753b894-9081-4960-806d-bc57228f6e3a@group-3C8AF2F69899-LeaderElection78] INFO  grpc.GrpcConfigKeys (ConfUtils.java:logGet(46)) - raft.grpc.server.log-message.batch.duration = 5s (default)
2024-04-26 07:46:08,658 [e753b894-9081-4960-806d-bc57228f6e3a@group-3C8AF2F69899-LeaderElection78] INFO  server.RaftServerConfigKeys (ConfUtils.java:logGet(46)) - raft.server.log.appender.install.snapshot.enabled = false (custom)
2024-04-26 07:46:08,658 [e753b894-9081-4960-806d-bc57228f6e3a@group-3C8AF2F69899-LeaderElection78] INFO  grpc.GrpcConfigKeys (ConfUtils.java:logGet(46)) - raft.grpc.server.heartbeat.channel = true (default)
2024-04-26 07:46:08,658 [e753b894-9081-4960-806d-bc57228f6e3a@group-3C8AF2F69899-LeaderElection78] INFO  server.RaftServerConfigKeys (ConfUtils.java:logGet(46)) - raft.server.log.appender.snapshot.chunk.size.max = 16MB (=16777216) (default)
2024-04-26 07:46:08,658 [e753b894-9081-4960-806d-bc57228f6e3a@group-3C8AF2F69899-LeaderElection78] INFO  server.RaftServerConfigKeys (ConfUtils.java:logGet(46)) - raft.server.log.appender.buffer.byte-limit = 8388608 (custom)
2024-04-26 07:46:08,658 [e753b894-9081-4960-806d-bc57228f6e3a@group-3C8AF2F69899-LeaderElection78] INFO  server.RaftServerConfigKeys (ConfUtils.java:logGet(46)) - raft.server.log.appender.buffer.element-limit = 1 (custom)
2024-04-26 07:46:08,658 [e753b894-9081-4960-806d-bc57228f6e3a@group-3C8AF2F69899-LeaderElection78] INFO  server.RaftServerConfigKeys (ConfUtils.java:logGet(46)) - raft.server.log.appender.wait-time.min = 0ms (custom)
2024-04-26 07:46:08,658 [e753b894-9081-4960-806d-bc57228f6e3a@group-3C8AF2F69899-LeaderElection78] INFO  grpc.GrpcConfigKeys (ConfUtils.java:logGet(46)) - raft.grpc.server.leader.outstanding.appends.max = 8 (default)
2024-04-26 07:46:08,659 [e753b894-9081-4960-806d-bc57228f6e3a@group-3C8AF2F69899-LeaderElection78] INFO  server.RaftServerConfigKeys (ConfUtils.java:logGet(46)) - raft.server.rpc.request.timeout = 3000ms (default)
2024-04-26 07:46:08,659 [e753b894-9081-4960-806d-bc57228f6e3a@group-3C8AF2F69899-LeaderElection78] INFO  grpc.GrpcConfigKeys (ConfUtils.java:logGet(46)) - raft.grpc.server.install_snapshot.request.element-limit = 8 (default)
2024-04-26 07:46:08,659 [e753b894-9081-4960-806d-bc57228f6e3a@group-3C8AF2F69899-LeaderElection78] INFO  grpc.GrpcConfigKeys (ConfUtils.java:logGet(46)) - raft.grpc.server.install_snapshot.request.timeout = 3000ms (default)
2024-04-26 07:46:08,659 [e753b894-9081-4960-806d-bc57228f6e3a@group-3C8AF2F69899-LeaderElection78] INFO  grpc.GrpcConfigKeys (ConfUtils.java:logGet(46)) - raft.grpc.server.log-message.batch.duration = 5s (default)
2024-04-26 07:46:08,659 [e753b894-9081-4960-806d-bc57228f6e3a@group-3C8AF2F69899-LeaderElection78] INFO  server.RaftServerConfigKeys (ConfUtils.java:logGet(46)) - raft.server.log.appender.install.snapshot.enabled = false (custom)
2024-04-26 07:46:08,659 [e753b894-9081-4960-806d-bc57228f6e3a@group-3C8AF2F69899-LeaderElection78] INFO  grpc.GrpcConfigKeys (ConfUtils.java:logGet(46)) - raft.grpc.server.heartbeat.channel = true (default)
2024-04-26 07:46:08,659 [e753b894-9081-4960-806d-bc57228f6e3a@group-3C8AF2F69899-LeaderElection78] INFO  impl.RoleInfo (RoleInfo.java:updateAndGet(139)) - e753b894-9081-4960-806d-bc57228f6e3a: start e753b894-9081-4960-806d-bc57228f6e3a@group-3C8AF2F69899-LeaderStateImpl
2024-04-26 07:46:08,659 [e753b894-9081-4960-806d-bc57228f6e3a@group-3C8AF2F69899-LeaderElection78] INFO  server.RaftServer$Division (RaftServerImpl.java:setFirstElection(574)) - e753b894-9081-4960-806d-bc57228f6e3a@group-3C8AF2F69899: set firstElectionSinceStartup to false for becomeLeader
2024-04-26 07:46:08,659 [e753b894-9081-4960-806d-bc57228f6e3a@group-3C8AF2F69899-LeaderElection78] INFO  ratis.XceiverServerRatis (XceiverServerRatis.java:handleLeaderChangedNotification(966)) - Leader change notification received for group: group-3C8AF2F69899 with new leaderId: e753b894-9081-4960-806d-bc57228f6e3a
2024-04-26 07:46:08,659 [e753b894-9081-4960-806d-bc57228f6e3a@group-3C8AF2F69899-LeaderElection78] INFO  server.RaftServer$Division (ServerState.java:setLeader(269)) - e753b894-9081-4960-806d-bc57228f6e3a@group-3C8AF2F69899: change Leader from null to e753b894-9081-4960-806d-bc57228f6e3a at term 1 for becomeLeader, leader elected after 5098ms
2024-04-26 07:46:08,659 [e753b894-9081-4960-806d-bc57228f6e3a@group-3C8AF2F69899-LeaderElection78] INFO  segmented.SegmentedRaftLogWorker (SegmentedRaftLogWorker.java:startLogSegment(430)) - e753b894-9081-4960-806d-bc57228f6e3a@group-3C8AF2F69899-SegmentedRaftLogWorker: Starting segment from index:0
2024-04-26 07:46:08,660 [e753b894-9081-4960-806d-bc57228f6e3a@group-3C8AF2F69899-LeaderElection78] INFO  server.RaftServer$Division (ServerState.java:setRaftConf(386)) - e753b894-9081-4960-806d-bc57228f6e3a@group-3C8AF2F69899: set configuration 0: peers:[e753b894-9081-4960-806d-bc57228f6e3a|127.0.0.1:15468, ddce2076-1575-41c9-8de9-fd704b659682|127.0.0.1:15477, 576b0e19-35c7-479f-a3f8-cac44c071a4a|127.0.0.1:15459]|listeners:[], old=null
2024-04-26 07:46:08,660 [e753b894-9081-4960-806d-bc57228f6e3a@group-3C8AF2F69899-SegmentedRaftLogWorker] INFO  segmented.BufferedWriteChannel (BufferedWriteChannel.java:open(62)) - open log_inprogress_0 at position 0
2024-04-26 07:46:08,664 [EventQueue-PipelineReportForPipelineReportHandler] INFO  pipeline.PipelineReportHandler (PipelineReportHandler.java:processPipelineReport(136)) - Opened pipeline PipelineID=20140069-b339-4f8c-94e8-3c8af2f69899
2024-04-26 07:46:08,664 [EventQueue-OpenPipelineForHealthyPipelineSafeModeRule] INFO  safemode.SCMSafeModeManager (HealthyPipelineSafeModeRule.java:process(140)) - SCM in safe mode. Healthy pipelines reported count is 0, required healthy pipeline reported count is 1
2024-04-26 07:46:08,664 [EventQueue-OpenPipelineForHealthyPipelineSafeModeRule] INFO  safemode.SCMSafeModeManager (HealthyPipelineSafeModeRule.java:process(140)) - SCM in safe mode. Healthy pipelines reported count is 1, required healthy pipeline reported count is 1
2024-04-26 07:46:08,664 [EventQueue-OpenPipelineForHealthyPipelineSafeModeRule] INFO  safemode.SCMSafeModeManager (SCMSafeModeManager.java:validateSafeModeExitRules(203)) - HealthyPipelineSafeModeRule rule is successfully validated
2024-04-26 07:46:08,664 [EventQueue-OpenPipelineForHealthyPipelineSafeModeRule] INFO  safemode.SCMSafeModeManager (SCMSafeModeManager.java:validateSafeModeExitRules(218)) - ScmSafeModeManager, all rules are successfully validated
2024-04-26 07:46:08,664 [EventQueue-OpenPipelineForHealthyPipelineSafeModeRule] INFO  safemode.SCMSafeModeManager (SCMSafeModeManager.java:exitSafeMode(248)) - SCM exiting safe mode.
2024-04-26 07:46:08,656 [grpc-default-executor-2] INFO  server.RaftServer$Division (RaftServerImpl.java:requestVote(1422)) - 576b0e19-35c7-479f-a3f8-cac44c071a4a@group-3C8AF2F69899 replies to ELECTION vote request: e753b894-9081-4960-806d-bc57228f6e3a<-576b0e19-35c7-479f-a3f8-cac44c071a4a#0:OK-t1. Peer's state: 576b0e19-35c7-479f-a3f8-cac44c071a4a@group-3C8AF2F69899:t1, leader=null, voted=e753b894-9081-4960-806d-bc57228f6e3a, raftlog=Memoized:576b0e19-35c7-479f-a3f8-cac44c071a4a@group-3C8AF2F69899-SegmentedRaftLog:OPENED:c-1, conf=-1: peers:[e753b894-9081-4960-806d-bc57228f6e3a|127.0.0.1:15468, ddce2076-1575-41c9-8de9-fd704b659682|127.0.0.1:15477, 576b0e19-35c7-479f-a3f8-cac44c071a4a|127.0.0.1:15459]|listeners:[], old=null
2024-04-26 07:46:08,664 [EventQueue-OpenPipelineForHealthyPipelineSafeModeRule] INFO  ha.SCMContext (SCMContext.java:updateSafeModeStatus(225)) - Update SafeModeStatus from SafeModeStatus{safeModeStatus=true, preCheckPassed=true} to SafeModeStatus{safeModeStatus=false, preCheckPassed=true}.
2024-04-26 07:46:08,664 [EventQueue-OpenPipelineForHealthyPipelineSafeModeRule] INFO  pipeline.BackgroundPipelineCreator (BackgroundPipelineCreator.java:notifyStatusChanged(258)) - Service BackgroundPipelineCreator transitions to RUNNING.
2024-04-26 07:46:08,664 [EventQueue-OpenPipelineForHealthyPipelineSafeModeRule] INFO  BackgroundPipelineScrubber (BackgroundSCMService.java:notifyStatusChanged(79)) - Service BackgroundPipelineScrubber transitions to RUNNING.
2024-04-26 07:46:08,664 [EventQueue-OpenPipelineForHealthyPipelineSafeModeRule] INFO  ExpiredContainerReplicaOpScrubber (BackgroundSCMService.java:notifyStatusChanged(79)) - Service ExpiredContainerReplicaOpScrubber transitions to RUNNING.
2024-04-26 07:46:08,664 [EventQueue-OpenPipelineForHealthyPipelineSafeModeRule] INFO  block.SCMBlockDeletingService (SCMBlockDeletingService.java:notifyStatusChanged(247)) - notifyStatusChanged:RUNNING
2024-04-26 07:46:08,665 [EventQueue-OpenPipelineForHealthyPipelineSafeModeRule] INFO  replication.ReplicationManager (ReplicationManager.java:notifyStatusChanged(1403)) - Service ReplicationManager transitions to RUNNING.
2024-04-26 07:46:08,665 [EventQueue-OpenPipelineForHealthyPipelineSafeModeRule] WARN  balancer.ContainerBalancer (ContainerBalancer.java:shouldRun(134)) - Could not find persisted configuration for ContainerBalancer when checking if ContainerBalancer should run. ContainerBalancer should not run now.
2024-04-26 07:46:08,667 [e753b894-9081-4960-806d-bc57228f6e3a@group-3C8AF2F69899-SegmentedRaftLogWorker] INFO  segmented.SegmentedRaftLogWorker (SegmentedRaftLogWorker.java:execute(634)) - e753b894-9081-4960-806d-bc57228f6e3a@group-3C8AF2F69899-SegmentedRaftLogWorker: created new log segment /home/runner/work/ozone/ozone/hadoop-ozone/integration-test/target/test-dir/MiniOzoneClusterImpl-864451be-9a12-4508-8431-6d052999593c/ozone-meta/datanode-2/ratis/20140069-b339-4f8c-94e8-3c8af2f69899/current/log_inprogress_0
2024-04-26 07:46:08,669 [ddce2076-1575-41c9-8de9-fd704b659682-server-thread1] INFO  ratis.XceiverServerRatis (XceiverServerRatis.java:handleLeaderChangedNotification(966)) - Leader change notification received for group: group-3C8AF2F69899 with new leaderId: e753b894-9081-4960-806d-bc57228f6e3a
2024-04-26 07:46:08,669 [ddce2076-1575-41c9-8de9-fd704b659682-server-thread1] INFO  server.RaftServer$Division (ServerState.java:setLeader(269)) - ddce2076-1575-41c9-8de9-fd704b659682@group-3C8AF2F69899: change Leader from null to e753b894-9081-4960-806d-bc57228f6e3a at term 1 for appendEntries, leader elected after 5126ms
2024-04-26 07:46:08,670 [ddce2076-1575-41c9-8de9-fd704b659682-server-thread2] INFO  server.RaftServer$Division (ServerState.java:setRaftConf(386)) - ddce2076-1575-41c9-8de9-fd704b659682@group-3C8AF2F69899: set configuration 0: peers:[e753b894-9081-4960-806d-bc57228f6e3a|127.0.0.1:15468, ddce2076-1575-41c9-8de9-fd704b659682|127.0.0.1:15477, 576b0e19-35c7-479f-a3f8-cac44c071a4a|127.0.0.1:15459]|listeners:[], old=null
2024-04-26 07:46:08,670 [ddce2076-1575-41c9-8de9-fd704b659682-server-thread2] INFO  segmented.SegmentedRaftLogWorker (SegmentedRaftLogWorker.java:startLogSegment(430)) - ddce2076-1575-41c9-8de9-fd704b659682@group-3C8AF2F69899-SegmentedRaftLogWorker: Starting segment from index:0
2024-04-26 07:46:08,670 [ddce2076-1575-41c9-8de9-fd704b659682@group-3C8AF2F69899-SegmentedRaftLogWorker] INFO  segmented.BufferedWriteChannel (BufferedWriteChannel.java:open(62)) - open log_inprogress_0 at position 0
2024-04-26 07:46:08,673 [576b0e19-35c7-479f-a3f8-cac44c071a4a-server-thread1] INFO  ratis.XceiverServerRatis (XceiverServerRatis.java:handleLeaderChangedNotification(966)) - Leader change notification received for group: group-3C8AF2F69899 with new leaderId: e753b894-9081-4960-806d-bc57228f6e3a
2024-04-26 07:46:08,674 [576b0e19-35c7-479f-a3f8-cac44c071a4a-server-thread1] INFO  server.RaftServer$Division (ServerState.java:setLeader(269)) - 576b0e19-35c7-479f-a3f8-cac44c071a4a@group-3C8AF2F69899: change Leader from null to e753b894-9081-4960-806d-bc57228f6e3a at term 1 for appendEntries, leader elected after 5150ms
2024-04-26 07:46:08,674 [576b0e19-35c7-479f-a3f8-cac44c071a4a-server-thread2] INFO  server.RaftServer$Division (ServerState.java:setRaftConf(386)) - 576b0e19-35c7-479f-a3f8-cac44c071a4a@group-3C8AF2F69899: set configuration 0: peers:[e753b894-9081-4960-806d-bc57228f6e3a|127.0.0.1:15468, ddce2076-1575-41c9-8de9-fd704b659682|127.0.0.1:15477, 576b0e19-35c7-479f-a3f8-cac44c071a4a|127.0.0.1:15459]|listeners:[], old=null
2024-04-26 07:46:08,674 [576b0e19-35c7-479f-a3f8-cac44c071a4a-server-thread2] INFO  segmented.SegmentedRaftLogWorker (SegmentedRaftLogWorker.java:startLogSegment(430)) - 576b0e19-35c7-479f-a3f8-cac44c071a4a@group-3C8AF2F69899-SegmentedRaftLogWorker: Starting segment from index:0
2024-04-26 07:46:08,675 [576b0e19-35c7-479f-a3f8-cac44c071a4a@group-3C8AF2F69899-SegmentedRaftLogWorker] INFO  segmented.BufferedWriteChannel (BufferedWriteChannel.java:open(62)) - open log_inprogress_0 at position 0
2024-04-26 07:46:08,681 [ddce2076-1575-41c9-8de9-fd704b659682@group-3C8AF2F69899-SegmentedRaftLogWorker] INFO  segmented.SegmentedRaftLogWorker (SegmentedRaftLogWorker.java:execute(634)) - ddce2076-1575-41c9-8de9-fd704b659682@group-3C8AF2F69899-SegmentedRaftLogWorker: created new log segment /home/runner/work/ozone/ozone/hadoop-ozone/integration-test/target/test-dir/MiniOzoneClusterImpl-864451be-9a12-4508-8431-6d052999593c/ozone-meta/datanode-3/ratis/20140069-b339-4f8c-94e8-3c8af2f69899/current/log_inprogress_0
2024-04-26 07:46:08,681 [576b0e19-35c7-479f-a3f8-cac44c071a4a@group-3C8AF2F69899-SegmentedRaftLogWorker] INFO  segmented.SegmentedRaftLogWorker (SegmentedRaftLogWorker.java:execute(634)) - 576b0e19-35c7-479f-a3f8-cac44c071a4a@group-3C8AF2F69899-SegmentedRaftLogWorker: created new log segment /home/runner/work/ozone/ozone/hadoop-ozone/integration-test/target/test-dir/MiniOzoneClusterImpl-864451be-9a12-4508-8431-6d052999593c/ozone-meta/datanode-1/ratis/20140069-b339-4f8c-94e8-3c8af2f69899/current/log_inprogress_0
2024-04-26 07:46:08,683 [e753b894-9081-4960-806d-bc57228f6e3a@group-3C8AF2F69899-StateMachineUpdater] INFO  server.RaftServer$Division (LeaderStateImpl.java:isApplied(320)) - leader is ready since appliedIndex == 0 >= startIndex == 0
2024-04-26 07:46:08,740 [ddce2076-1575-41c9-8de9-fd704b659682@group-715834087A58-FollowerState] INFO  impl.FollowerState (FollowerState.java:run(143)) - ddce2076-1575-41c9-8de9-fd704b659682@group-715834087A58-FollowerState: change to CANDIDATE, lastRpcElapsedTime:5123355884ns, electionTimeout:5123ms
2024-04-26 07:46:08,740 [ddce2076-1575-41c9-8de9-fd704b659682@group-715834087A58-FollowerState] INFO  impl.RoleInfo (RoleInfo.java:shutdownFollowerState(110)) - ddce2076-1575-41c9-8de9-fd704b659682: shutdown ddce2076-1575-41c9-8de9-fd704b659682@group-715834087A58-FollowerState
2024-04-26 07:46:08,740 [ddce2076-1575-41c9-8de9-fd704b659682@group-715834087A58-FollowerState] INFO  server.RaftServer$Division (RaftServerImpl.java:setRole(383)) - ddce2076-1575-41c9-8de9-fd704b659682@group-715834087A58: changes role from  FOLLOWER to CANDIDATE at term 0 for changeToCandidate
2024-04-26 07:46:08,741 [ddce2076-1575-41c9-8de9-fd704b659682@group-715834087A58-FollowerState] INFO  server.RaftServerConfigKeys (ConfUtils.java:logGet(46)) - raft.server.leaderelection.pre-vote = true (default)
2024-04-26 07:46:08,741 [ddce2076-1575-41c9-8de9-fd704b659682@group-715834087A58-FollowerState] INFO  impl.RoleInfo (RoleInfo.java:updateAndGet(139)) - ddce2076-1575-41c9-8de9-fd704b659682: start ddce2076-1575-41c9-8de9-fd704b659682@group-715834087A58-LeaderElection79
2024-04-26 07:46:08,741 [ddce2076-1575-41c9-8de9-fd704b659682@group-715834087A58-LeaderElection79] INFO  impl.LeaderElection (LeaderElection.java:askForVotes(321)) - ddce2076-1575-41c9-8de9-fd704b659682@group-715834087A58-LeaderElection79 PRE_VOTE round 0: submit vote requests at term 0 for -1: peers:[ddce2076-1575-41c9-8de9-fd704b659682|127.0.0.1:15477]|listeners:[], old=null
2024-04-26 07:46:08,741 [ddce2076-1575-41c9-8de9-fd704b659682@group-715834087A58-LeaderElection79] INFO  impl.LeaderElection (LeaderElection.java:askForVotes(323)) - ddce2076-1575-41c9-8de9-fd704b659682@group-715834087A58-LeaderElection79 PRE_VOTE round 0: result PASSED (term=0)
2024-04-26 07:46:08,742 [136604f8-4e12-4782-a33c-8f17bffa1c2c@group-8CE91570B4D6-FollowerState] INFO  impl.FollowerState (FollowerState.java:run(143)) - 136604f8-4e12-4782-a33c-8f17bffa1c2c@group-8CE91570B4D6-FollowerState: change to CANDIDATE, lastRpcElapsedTime:5055696279ns, electionTimeout:5055ms
2024-04-26 07:46:08,742 [136604f8-4e12-4782-a33c-8f17bffa1c2c@group-8CE91570B4D6-FollowerState] INFO  impl.RoleInfo (RoleInfo.java:shutdownFollowerState(110)) - 136604f8-4e12-4782-a33c-8f17bffa1c2c: shutdown 136604f8-4e12-4782-a33c-8f17bffa1c2c@group-8CE91570B4D6-FollowerState
2024-04-26 07:46:08,742 [136604f8-4e12-4782-a33c-8f17bffa1c2c@group-8CE91570B4D6-FollowerState] INFO  server.RaftServer$Division (RaftServerImpl.java:setRole(383)) - 136604f8-4e12-4782-a33c-8f17bffa1c2c@group-8CE91570B4D6: changes role from  FOLLOWER to CANDIDATE at term 0 for changeToCandidate
2024-04-26 07:46:08,742 [ddce2076-1575-41c9-8de9-fd704b659682@group-715834087A58-LeaderElection79] INFO  impl.LeaderElection (LeaderElection.java:askForVotes(321)) - ddce2076-1575-41c9-8de9-fd704b659682@group-715834087A58-LeaderElection79 ELECTION round 0: submit vote requests at term 1 for -1: peers:[ddce2076-1575-41c9-8de9-fd704b659682|127.0.0.1:15477]|listeners:[], old=null
2024-04-26 07:46:08,742 [136604f8-4e12-4782-a33c-8f17bffa1c2c@group-8CE91570B4D6-FollowerState] INFO  server.RaftServerConfigKeys (ConfUtils.java:logGet(46)) - raft.server.leaderelection.pre-vote = true (default)
2024-04-26 07:46:08,742 [136604f8-4e12-4782-a33c-8f17bffa1c2c@group-8CE91570B4D6-FollowerState] INFO  impl.RoleInfo (RoleInfo.java:updateAndGet(139)) - 136604f8-4e12-4782-a33c-8f17bffa1c2c: start 136604f8-4e12-4782-a33c-8f17bffa1c2c@group-8CE91570B4D6-LeaderElection80
2024-04-26 07:46:08,742 [ddce2076-1575-41c9-8de9-fd704b659682@group-715834087A58-LeaderElection79] INFO  impl.LeaderElection (LeaderElection.java:askForVotes(323)) - ddce2076-1575-41c9-8de9-fd704b659682@group-715834087A58-LeaderElection79 ELECTION round 0: result PASSED (term=1)
2024-04-26 07:46:08,742 [ddce2076-1575-41c9-8de9-fd704b659682@group-715834087A58-LeaderElection79] INFO  impl.RoleInfo (RoleInfo.java:shutdownLeaderElection(130)) - ddce2076-1575-41c9-8de9-fd704b659682: shutdown ddce2076-1575-41c9-8de9-fd704b659682@group-715834087A58-LeaderElection79
2024-04-26 07:46:08,742 [ddce2076-1575-41c9-8de9-fd704b659682@group-715834087A58-LeaderElection79] INFO  server.RaftServer$Division (RaftServerImpl.java:setRole(383)) - ddce2076-1575-41c9-8de9-fd704b659682@group-715834087A58: changes role from CANDIDATE to LEADER at term 1 for changeToLeader
2024-04-26 07:46:08,742 [136604f8-4e12-4782-a33c-8f17bffa1c2c@group-8CE91570B4D6-LeaderElection80] INFO  impl.LeaderElection (LeaderElection.java:askForVotes(321)) - 136604f8-4e12-4782-a33c-8f17bffa1c2c@group-8CE91570B4D6-LeaderElection80 PRE_VOTE round 0: submit vote requests at term 0 for -1: peers:[136604f8-4e12-4782-a33c-8f17bffa1c2c|127.0.0.1:15495, af10ead5-859f-4a8b-b6c8-c04b91d5a3d5|127.0.0.1:15486, 36c84ee5-0fcd-4ea2-b6d6-812b1364d576|127.0.0.1:15504]|listeners:[], old=null
2024-04-26 07:46:08,742 [ddce2076-1575-41c9-8de9-fd704b659682@group-715834087A58-LeaderElection79] INFO  server.RaftServerConfigKeys (ConfUtils.java:logGet(46)) - raft.server.staging.catchup.gap = 1000 (default)
2024-04-26 07:46:08,742 [ddce2076-1575-41c9-8de9-fd704b659682@group-715834087A58-LeaderElection79] INFO  server.RaftServerConfigKeys (ConfUtils.java:logGet(46)) - raft.server.write.element-limit = 1024 (custom)
2024-04-26 07:46:08,742 [ddce2076-1575-41c9-8de9-fd704b659682@group-715834087A58-LeaderElection79] INFO  server.RaftServerConfigKeys (ConfUtils.java:logGet(46)) - raft.server.write.byte-limit = 1024 M (=1073741824) (custom)
2024-04-26 07:46:08,742 [136604f8-4e12-4782-a33c-8f17bffa1c2c@group-8CE91570B4D6-LeaderElection80-1] INFO  server.GrpcServerProtocolClient (GrpcServerProtocolClient.java:<init>(65)) - Build channel for af10ead5-859f-4a8b-b6c8-c04b91d5a3d5|127.0.0.1:15486
2024-04-26 07:46:08,742 [136604f8-4e12-4782-a33c-8f17bffa1c2c@group-8CE91570B4D6-LeaderElection80-2] INFO  server.GrpcServerProtocolClient (GrpcServerProtocolClient.java:<init>(65)) - Build channel for 36c84ee5-0fcd-4ea2-b6d6-812b1364d576|127.0.0.1:15504
2024-04-26 07:46:08,742 [ddce2076-1575-41c9-8de9-fd704b659682@group-715834087A58-LeaderElection79] INFO  server.RaftServerConfigKeys (ConfUtils.java:logGet(46)) - raft.server.watch.timeout = 3000ms (custom)
2024-04-26 07:46:08,742 [ddce2076-1575-41c9-8de9-fd704b659682@group-715834087A58-LeaderElection79] INFO  server.RaftServerConfigKeys (ConfUtils.java:logGet(46)) - raft.server.watch.timeout.denomination = 1s (default)
2024-04-26 07:46:08,743 [ddce2076-1575-41c9-8de9-fd704b659682@group-715834087A58-LeaderElection79] INFO  server.RaftServerConfigKeys (ConfUtils.java:logGet(46)) - raft.server.watch.element-limit = 65536 (default)
2024-04-26 07:46:08,742 [136604f8-4e12-4782-a33c-8f17bffa1c2c@group-8CE91570B4D6-LeaderElection80] INFO  server.RaftServerConfigKeys (ConfUtils.java:logFallback(53)) - raft.server.rpc.first-election.timeout.min = 5s (fallback to raft.server.rpc.timeout.min)
2024-04-26 07:46:08,743 [ddce2076-1575-41c9-8de9-fd704b659682@group-715834087A58-LeaderElection79] INFO  server.RaftServerConfigKeys (ConfUtils.java:logGet(46)) - raft.server.read.leader.lease.enabled = false (default)
2024-04-26 07:46:08,743 [136604f8-4e12-4782-a33c-8f17bffa1c2c@group-8CE91570B4D6-LeaderElection80] INFO  server.RaftServerConfigKeys (ConfUtils.java:logFallback(53)) - raft.server.rpc.first-election.timeout.max = 5200ms (fallback to raft.server.rpc.timeout.max)
2024-04-26 07:46:08,743 [ddce2076-1575-41c9-8de9-fd704b659682@group-715834087A58-LeaderElection79] INFO  server.RaftServerConfigKeys (ConfUtils.java:logGet(46)) - raft.server.read.leader.lease.timeout.ratio = 0.9 (default)
2024-04-26 07:46:08,743 [ddce2076-1575-41c9-8de9-fd704b659682@group-715834087A58-LeaderElection79] INFO  server.RaftServerConfigKeys (ConfUtils.java:logGet(46)) - raft.server.rpc.timeout.min = 5s (custom)
2024-04-26 07:46:08,743 [ddce2076-1575-41c9-8de9-fd704b659682@group-715834087A58-LeaderElection79] INFO  server.RaftServerConfigKeys (ConfUtils.java:logGet(46)) - raft.server.write.element-limit = 1024 (custom)
2024-04-26 07:46:08,743 [ddce2076-1575-41c9-8de9-fd704b659682@group-715834087A58-LeaderElection79] INFO  server.RaftServerConfigKeys (ConfUtils.java:logGet(46)) - raft.server.write.follower.gap.ratio.max = -1.0 (default)
2024-04-26 07:46:08,743 [ddce2076-1575-41c9-8de9-fd704b659682@group-715834087A58-LeaderElection79] INFO  impl.RoleInfo (RoleInfo.java:updateAndGet(139)) - ddce2076-1575-41c9-8de9-fd704b659682: start ddce2076-1575-41c9-8de9-fd704b659682@group-715834087A58-LeaderStateImpl
2024-04-26 07:46:08,743 [ddce2076-1575-41c9-8de9-fd704b659682@group-715834087A58-LeaderElection79] INFO  server.RaftServer$Division (RaftServerImpl.java:setFirstElection(574)) - ddce2076-1575-41c9-8de9-fd704b659682@group-715834087A58: set firstElectionSinceStartup to false for becomeLeader
2024-04-26 07:46:08,743 [ddce2076-1575-41c9-8de9-fd704b659682@group-715834087A58-LeaderElection79] INFO  ratis.XceiverServerRatis (XceiverServerRatis.java:handleLeaderChangedNotification(966)) - Leader change notification received for group: group-715834087A58 with new leaderId: ddce2076-1575-41c9-8de9-fd704b659682
2024-04-26 07:46:08,743 [ddce2076-1575-41c9-8de9-fd704b659682@group-715834087A58-LeaderElection79] INFO  server.RaftServer$Division (ServerState.java:setLeader(269)) - ddce2076-1575-41c9-8de9-fd704b659682@group-715834087A58: change Leader from null to ddce2076-1575-41c9-8de9-fd704b659682 at term 1 for becomeLeader, leader elected after 5136ms
2024-04-26 07:46:08,743 [ddce2076-1575-41c9-8de9-fd704b659682@group-715834087A58-LeaderElection79] INFO  segmented.SegmentedRaftLogWorker (SegmentedRaftLogWorker.java:startLogSegment(430)) - ddce2076-1575-41c9-8de9-fd704b659682@group-715834087A58-SegmentedRaftLogWorker: Starting segment from index:0
2024-04-26 07:46:08,744 [ddce2076-1575-41c9-8de9-fd704b659682@group-715834087A58-SegmentedRaftLogWorker] INFO  segmented.BufferedWriteChannel (BufferedWriteChannel.java:open(62)) - open log_inprogress_0 at position 0
2024-04-26 07:46:08,747 [ddce2076-1575-41c9-8de9-fd704b659682@group-715834087A58-LeaderElection79] INFO  server.RaftServer$Division (ServerState.java:setRaftConf(386)) - ddce2076-1575-41c9-8de9-fd704b659682@group-715834087A58: set configuration 0: peers:[ddce2076-1575-41c9-8de9-fd704b659682|127.0.0.1:15477]|listeners:[], old=null
2024-04-26 07:46:08,748 [grpc-default-executor-3] INFO  server.RaftServer$Division (RaftServerImpl.java:requestVote(1389)) - af10ead5-859f-4a8b-b6c8-c04b91d5a3d5@group-8CE91570B4D6: receive requestVote(PRE_VOTE, 136604f8-4e12-4782-a33c-8f17bffa1c2c, group-8CE91570B4D6, 0, (t:0, i:0))
2024-04-26 07:46:08,748 [grpc-default-executor-3] INFO  impl.VoteContext (VoteContext.java:log(49)) - af10ead5-859f-4a8b-b6c8-c04b91d5a3d5@group-8CE91570B4D6-FOLLOWER: reject PRE_VOTE from 136604f8-4e12-4782-a33c-8f17bffa1c2c: our priority 1 > candidate's priority 0
2024-04-26 07:46:08,748 [grpc-default-executor-3] INFO  server.RaftServer$Division (RaftServerImpl.java:requestVote(1422)) - af10ead5-859f-4a8b-b6c8-c04b91d5a3d5@group-8CE91570B4D6 replies to PRE_VOTE vote request: 136604f8-4e12-4782-a33c-8f17bffa1c2c<-af10ead5-859f-4a8b-b6c8-c04b91d5a3d5#0:FAIL-t0. Peer's state: af10ead5-859f-4a8b-b6c8-c04b91d5a3d5@group-8CE91570B4D6:t0, leader=null, voted=, raftlog=Memoized:af10ead5-859f-4a8b-b6c8-c04b91d5a3d5@group-8CE91570B4D6-SegmentedRaftLog:OPENED:c-1, conf=-1: peers:[136604f8-4e12-4782-a33c-8f17bffa1c2c|127.0.0.1:15495, af10ead5-859f-4a8b-b6c8-c04b91d5a3d5|127.0.0.1:15486, 36c84ee5-0fcd-4ea2-b6d6-812b1364d576|127.0.0.1:15504]|listeners:[], old=null
2024-04-26 07:46:08,748 [136604f8-4e12-4782-a33c-8f17bffa1c2c@group-8CE91570B4D6-LeaderElection80] INFO  impl.LeaderElection (LeaderElection.java:logAndReturn(89)) - 136604f8-4e12-4782-a33c-8f17bffa1c2c@group-8CE91570B4D6-LeaderElection80: PRE_VOTE REJECTED received 1 response(s) and 0 exception(s):
2024-04-26 07:46:08,748 [grpc-default-executor-2] INFO  server.RaftServer$Division (RaftServerImpl.java:requestVote(1389)) - 36c84ee5-0fcd-4ea2-b6d6-812b1364d576@group-8CE91570B4D6: receive requestVote(PRE_VOTE, 136604f8-4e12-4782-a33c-8f17bffa1c2c, group-8CE91570B4D6, 0, (t:0, i:0))
2024-04-26 07:46:08,748 [136604f8-4e12-4782-a33c-8f17bffa1c2c@group-8CE91570B4D6-LeaderElection80] INFO  impl.LeaderElection (LeaderElection.java:logAndReturn(93)) -   Response 0: 136604f8-4e12-4782-a33c-8f17bffa1c2c<-af10ead5-859f-4a8b-b6c8-c04b91d5a3d5#0:FAIL-t0
2024-04-26 07:46:08,748 [grpc-default-executor-2] INFO  impl.VoteContext (VoteContext.java:log(49)) - 36c84ee5-0fcd-4ea2-b6d6-812b1364d576@group-8CE91570B4D6-FOLLOWER: accept PRE_VOTE from 136604f8-4e12-4782-a33c-8f17bffa1c2c: our priority 0 <= candidate's priority 0
2024-04-26 07:46:08,748 [136604f8-4e12-4782-a33c-8f17bffa1c2c@group-8CE91570B4D6-LeaderElection80] INFO  impl.LeaderElection (LeaderElection.java:askForVotes(323)) - 136604f8-4e12-4782-a33c-8f17bffa1c2c@group-8CE91570B4D6-LeaderElection80 PRE_VOTE round 0: result REJECTED
2024-04-26 07:46:08,749 [grpc-default-executor-2] INFO  server.RaftServer$Division (RaftServerImpl.java:requestVote(1422)) - 36c84ee5-0fcd-4ea2-b6d6-812b1364d576@group-8CE91570B4D6 replies to PRE_VOTE vote request: 136604f8-4e12-4782-a33c-8f17bffa1c2c<-36c84ee5-0fcd-4ea2-b6d6-812b1364d576#0:OK-t0. Peer's state: 36c84ee5-0fcd-4ea2-b6d6-812b1364d576@group-8CE91570B4D6:t0, leader=null, voted=, raftlog=Memoized:36c84ee5-0fcd-4ea2-b6d6-812b1364d576@group-8CE91570B4D6-SegmentedRaftLog:OPENED:c-1, conf=-1: peers:[136604f8-4e12-4782-a33c-8f17bffa1c2c|127.0.0.1:15495, af10ead5-859f-4a8b-b6c8-c04b91d5a3d5|127.0.0.1:15486, 36c84ee5-0fcd-4ea2-b6d6-812b1364d576|127.0.0.1:15504]|listeners:[], old=null
2024-04-26 07:46:08,749 [136604f8-4e12-4782-a33c-8f17bffa1c2c@group-8CE91570B4D6-LeaderElection80] INFO  server.RaftServer$Division (RaftServerImpl.java:setRole(383)) - 136604f8-4e12-4782-a33c-8f17bffa1c2c@group-8CE91570B4D6: changes role from CANDIDATE to FOLLOWER at term 0 for REJECTED
2024-04-26 07:46:08,749 [136604f8-4e12-4782-a33c-8f17bffa1c2c@group-8CE91570B4D6-LeaderElection80] INFO  impl.RoleInfo (RoleInfo.java:shutdownLeaderElection(130)) - 136604f8-4e12-4782-a33c-8f17bffa1c2c: shutdown 136604f8-4e12-4782-a33c-8f17bffa1c2c@group-8CE91570B4D6-LeaderElection80
2024-04-26 07:46:08,749 [136604f8-4e12-4782-a33c-8f17bffa1c2c@group-8CE91570B4D6-LeaderElection80] INFO  impl.RoleInfo (RoleInfo.java:updateAndGet(139)) - 136604f8-4e12-4782-a33c-8f17bffa1c2c: start 136604f8-4e12-4782-a33c-8f17bffa1c2c@group-8CE91570B4D6-FollowerState
2024-04-26 07:46:08,749 [136604f8-4e12-4782-a33c-8f17bffa1c2c@group-8CE91570B4D6-LeaderElection80] INFO  server.RaftServer$Division (RaftServerImpl.java:setFirstElection(574)) - 136604f8-4e12-4782-a33c-8f17bffa1c2c@group-8CE91570B4D6: set firstElectionSinceStartup to false for REJECTED
2024-04-26 07:46:08,751 [ddce2076-1575-41c9-8de9-fd704b659682@group-715834087A58-SegmentedRaftLogWorker] INFO  segmented.SegmentedRaftLogWorker (SegmentedRaftLogWorker.java:execute(634)) - ddce2076-1575-41c9-8de9-fd704b659682@group-715834087A58-SegmentedRaftLogWorker: created new log segment /home/runner/work/ozone/ozone/hadoop-ozone/integration-test/target/test-dir/MiniOzoneClusterImpl-864451be-9a12-4508-8431-6d052999593c/ozone-meta/datanode-3/ratis/f8f2d1dd-40e2-4126-bd42-715834087a58/current/log_inprogress_0
2024-04-26 07:46:08,752 [ddce2076-1575-41c9-8de9-fd704b659682@group-715834087A58-StateMachineUpdater] INFO  server.RaftServer$Division (LeaderStateImpl.java:isApplied(320)) - leader is ready since appliedIndex == 0 >= startIndex == 0
2024-04-26 07:46:08,753 [e753b894-9081-4960-806d-bc57228f6e3a@group-13E46D6C0782-FollowerState] INFO  impl.FollowerState (FollowerState.java:run(143)) - e753b894-9081-4960-806d-bc57228f6e3a@group-13E46D6C0782-FollowerState: change to CANDIDATE, lastRpcElapsedTime:5183730738ns, electionTimeout:5183ms
2024-04-26 07:46:08,753 [e753b894-9081-4960-806d-bc57228f6e3a@group-13E46D6C0782-FollowerState] INFO  impl.RoleInfo (RoleInfo.java:shutdownFollowerState(110)) - e753b894-9081-4960-806d-bc57228f6e3a: shutdown e753b894-9081-4960-806d-bc57228f6e3a@group-13E46D6C0782-FollowerState
2024-04-26 07:46:08,753 [e753b894-9081-4960-806d-bc57228f6e3a@group-13E46D6C0782-FollowerState] INFO  server.RaftServer$Division (RaftServerImpl.java:setRole(383)) - e753b894-9081-4960-806d-bc57228f6e3a@group-13E46D6C0782: changes role from  FOLLOWER to CANDIDATE at term 0 for changeToCandidate
2024-04-26 07:46:08,753 [e753b894-9081-4960-806d-bc57228f6e3a@group-13E46D6C0782-FollowerState] INFO  server.RaftServerConfigKeys (ConfUtils.java:logGet(46)) - raft.server.leaderelection.pre-vote = true (default)
2024-04-26 07:46:08,753 [e753b894-9081-4960-806d-bc57228f6e3a@group-13E46D6C0782-FollowerState] INFO  impl.RoleInfo (RoleInfo.java:updateAndGet(139)) - e753b894-9081-4960-806d-bc57228f6e3a: start e753b894-9081-4960-806d-bc57228f6e3a@group-13E46D6C0782-LeaderElection81
2024-04-26 07:46:08,753 [e753b894-9081-4960-806d-bc57228f6e3a@group-13E46D6C0782-LeaderElection81] INFO  impl.LeaderElection (LeaderElection.java:askForVotes(321)) - e753b894-9081-4960-806d-bc57228f6e3a@group-13E46D6C0782-LeaderElection81 PRE_VOTE round 0: submit vote requests at term 0 for -1: peers:[e753b894-9081-4960-806d-bc57228f6e3a|127.0.0.1:15468]|listeners:[], old=null
2024-04-26 07:46:08,753 [e753b894-9081-4960-806d-bc57228f6e3a@group-13E46D6C0782-LeaderElection81] INFO  impl.LeaderElection (LeaderElection.java:askForVotes(323)) - e753b894-9081-4960-806d-bc57228f6e3a@group-13E46D6C0782-LeaderElection81 PRE_VOTE round 0: result PASSED (term=0)
2024-04-26 07:46:08,754 [e753b894-9081-4960-806d-bc57228f6e3a@group-13E46D6C0782-LeaderElection81] INFO  impl.LeaderElection (LeaderElection.java:askForVotes(321)) - e753b894-9081-4960-806d-bc57228f6e3a@group-13E46D6C0782-LeaderElection81 ELECTION round 0: submit vote requests at term 1 for -1: peers:[e753b894-9081-4960-806d-bc57228f6e3a|127.0.0.1:15468]|listeners:[], old=null
2024-04-26 07:46:08,754 [e753b894-9081-4960-806d-bc57228f6e3a@group-13E46D6C0782-LeaderElection81] INFO  impl.LeaderElection (LeaderElection.java:askForVotes(323)) - e753b894-9081-4960-806d-bc57228f6e3a@group-13E46D6C0782-LeaderElection81 ELECTION round 0: result PASSED (term=1)
2024-04-26 07:46:08,754 [e753b894-9081-4960-806d-bc57228f6e3a@group-13E46D6C0782-LeaderElection81] INFO  impl.RoleInfo (RoleInfo.java:shutdownLeaderElection(130)) - e753b894-9081-4960-806d-bc57228f6e3a: shutdown e753b894-9081-4960-806d-bc57228f6e3a@group-13E46D6C0782-LeaderElection81
2024-04-26 07:46:08,754 [e753b894-9081-4960-806d-bc57228f6e3a@group-13E46D6C0782-LeaderElection81] INFO  server.RaftServer$Division (RaftServerImpl.java:setRole(383)) - e753b894-9081-4960-806d-bc57228f6e3a@group-13E46D6C0782: changes role from CANDIDATE to LEADER at term 1 for changeToLeader
2024-04-26 07:46:08,754 [e753b894-9081-4960-806d-bc57228f6e3a@group-13E46D6C0782-LeaderElection81] INFO  server.RaftServerConfigKeys (ConfUtils.java:logGet(46)) - raft.server.staging.catchup.gap = 1000 (default)
2024-04-26 07:46:08,755 [e753b894-9081-4960-806d-bc57228f6e3a@group-13E46D6C0782-LeaderElection81] INFO  server.RaftServerConfigKeys (ConfUtils.java:logGet(46)) - raft.server.write.element-limit = 1024 (custom)
2024-04-26 07:46:08,755 [e753b894-9081-4960-806d-bc57228f6e3a@group-13E46D6C0782-LeaderElection81] INFO  server.RaftServerConfigKeys (ConfUtils.java:logGet(46)) - raft.server.write.byte-limit = 1024 M (=1073741824) (custom)
2024-04-26 07:46:08,755 [e753b894-9081-4960-806d-bc57228f6e3a@group-13E46D6C0782-LeaderElection81] INFO  server.RaftServerConfigKeys (ConfUtils.java:logGet(46)) - raft.server.watch.timeout = 3000ms (custom)
2024-04-26 07:46:08,755 [e753b894-9081-4960-806d-bc57228f6e3a@group-13E46D6C0782-LeaderElection81] INFO  server.RaftServerConfigKeys (ConfUtils.java:logGet(46)) - raft.server.watch.timeout.denomination = 1s (default)
2024-04-26 07:46:08,755 [e753b894-9081-4960-806d-bc57228f6e3a@group-13E46D6C0782-LeaderElection81] INFO  server.RaftServerConfigKeys (ConfUtils.java:logGet(46)) - raft.server.watch.element-limit = 65536 (default)
2024-04-26 07:46:08,755 [e753b894-9081-4960-806d-bc57228f6e3a@group-13E46D6C0782-LeaderElection81] INFO  server.RaftServerConfigKeys (ConfUtils.java:logGet(46)) - raft.server.read.leader.lease.enabled = false (default)
2024-04-26 07:46:08,755 [e753b894-9081-4960-806d-bc57228f6e3a@group-13E46D6C0782-LeaderElection81] INFO  server.RaftServerConfigKeys (ConfUtils.java:logGet(46)) - raft.server.read.leader.lease.timeout.ratio = 0.9 (default)
2024-04-26 07:46:08,755 [e753b894-9081-4960-806d-bc57228f6e3a@group-13E46D6C0782-LeaderElection81] INFO  server.RaftServerConfigKeys (ConfUtils.java:logGet(46)) - raft.server.rpc.timeout.min = 5s (custom)
2024-04-26 07:46:08,755 [e753b894-9081-4960-806d-bc57228f6e3a@group-13E46D6C0782-LeaderElection81] INFO  server.RaftServerConfigKeys (ConfUtils.java:logGet(46)) - raft.server.write.element-limit = 1024 (custom)
2024-04-26 07:46:08,755 [e753b894-9081-4960-806d-bc57228f6e3a@group-13E46D6C0782-LeaderElection81] INFO  server.RaftServerConfigKeys (ConfUtils.java:logGet(46)) - raft.server.write.follower.gap.ratio.max = -1.0 (default)
2024-04-26 07:46:08,755 [e753b894-9081-4960-806d-bc57228f6e3a@group-13E46D6C0782-LeaderElection81] INFO  impl.RoleInfo (RoleInfo.java:updateAndGet(139)) - e753b894-9081-4960-806d-bc57228f6e3a: start e753b894-9081-4960-806d-bc57228f6e3a@group-13E46D6C0782-LeaderStateImpl
2024-04-26 07:46:08,755 [e753b894-9081-4960-806d-bc57228f6e3a@group-13E46D6C0782-LeaderElection81] INFO  server.RaftServer$Division (RaftServerImpl.java:setFirstElection(574)) - e753b894-9081-4960-806d-bc57228f6e3a@group-13E46D6C0782: set firstElectionSinceStartup to false for becomeLeader
2024-04-26 07:46:08,755 [e753b894-9081-4960-806d-bc57228f6e3a@group-13E46D6C0782-LeaderElection81] INFO  ratis.XceiverServerRatis (XceiverServerRatis.java:handleLeaderChangedNotification(966)) - Leader change notification received for group: group-13E46D6C0782 with new leaderId: e753b894-9081-4960-806d-bc57228f6e3a
2024-04-26 07:46:08,755 [e753b894-9081-4960-806d-bc57228f6e3a@group-13E46D6C0782-LeaderElection81] INFO  server.RaftServer$Division (ServerState.java:setLeader(269)) - e753b894-9081-4960-806d-bc57228f6e3a@group-13E46D6C0782: change Leader from null to e753b894-9081-4960-806d-bc57228f6e3a at term 1 for becomeLeader, leader elected after 5197ms
2024-04-26 07:46:08,756 [e753b894-9081-4960-806d-bc57228f6e3a@group-13E46D6C0782-LeaderElection81] INFO  segmented.SegmentedRaftLogWorker (SegmentedRaftLogWorker.java:startLogSegment(430)) - e753b894-9081-4960-806d-bc57228f6e3a@group-13E46D6C0782-SegmentedRaftLogWorker: Starting segment from index:0
2024-04-26 07:46:08,756 [e753b894-9081-4960-806d-bc57228f6e3a@group-13E46D6C0782-LeaderElection81] INFO  server.RaftServer$Division (ServerState.java:setRaftConf(386)) - e753b894-9081-4960-806d-bc57228f6e3a@group-13E46D6C0782: set configuration 0: peers:[e753b894-9081-4960-806d-bc57228f6e3a|127.0.0.1:15468]|listeners:[], old=null
2024-04-26 07:46:08,756 [e753b894-9081-4960-806d-bc57228f6e3a@group-13E46D6C0782-SegmentedRaftLogWorker] INFO  segmented.BufferedWriteChannel (BufferedWriteChannel.java:open(62)) - open log_inprogress_0 at position 0
2024-04-26 07:46:08,762 [e753b894-9081-4960-806d-bc57228f6e3a@group-13E46D6C0782-SegmentedRaftLogWorker] INFO  segmented.SegmentedRaftLogWorker (SegmentedRaftLogWorker.java:execute(634)) - e753b894-9081-4960-806d-bc57228f6e3a@group-13E46D6C0782-SegmentedRaftLogWorker: created new log segment /home/runner/work/ozone/ozone/hadoop-ozone/integration-test/target/test-dir/MiniOzoneClusterImpl-864451be-9a12-4508-8431-6d052999593c/ozone-meta/datanode-2/ratis/84c2d2da-0c2b-4ae6-affa-13e46d6c0782/current/log_inprogress_0
2024-04-26 07:46:08,763 [e753b894-9081-4960-806d-bc57228f6e3a@group-13E46D6C0782-StateMachineUpdater] INFO  server.RaftServer$Division (LeaderStateImpl.java:isApplied(320)) - leader is ready since appliedIndex == 0 >= startIndex == 0
2024-04-26 07:46:08,827 [af10ead5-859f-4a8b-b6c8-c04b91d5a3d5@group-F5752781D5AB-FollowerState] INFO  impl.FollowerState (FollowerState.java:run(143)) - af10ead5-859f-4a8b-b6c8-c04b91d5a3d5@group-F5752781D5AB-FollowerState: change to CANDIDATE, lastRpcElapsedTime:5166934097ns, electionTimeout:5166ms
2024-04-26 07:46:08,827 [af10ead5-859f-4a8b-b6c8-c04b91d5a3d5@group-F5752781D5AB-FollowerState] INFO  impl.RoleInfo (RoleInfo.java:shutdownFollowerState(110)) - af10ead5-859f-4a8b-b6c8-c04b91d5a3d5: shutdown af10ead5-859f-4a8b-b6c8-c04b91d5a3d5@group-F5752781D5AB-FollowerState
2024-04-26 07:46:08,827 [af10ead5-859f-4a8b-b6c8-c04b91d5a3d5@group-F5752781D5AB-FollowerState] INFO  server.RaftServer$Division (RaftServerImpl.java:setRole(383)) - af10ead5-859f-4a8b-b6c8-c04b91d5a3d5@group-F5752781D5AB: changes role from  FOLLOWER to CANDIDATE at term 0 for changeToCandidate
2024-04-26 07:46:08,827 [af10ead5-859f-4a8b-b6c8-c04b91d5a3d5@group-F5752781D5AB-FollowerState] INFO  server.RaftServerConfigKeys (ConfUtils.java:logGet(46)) - raft.server.leaderelection.pre-vote = true (default)
2024-04-26 07:46:08,827 [af10ead5-859f-4a8b-b6c8-c04b91d5a3d5@group-F5752781D5AB-FollowerState] INFO  impl.RoleInfo (RoleInfo.java:updateAndGet(139)) - af10ead5-859f-4a8b-b6c8-c04b91d5a3d5: start af10ead5-859f-4a8b-b6c8-c04b91d5a3d5@group-F5752781D5AB-LeaderElection82
2024-04-26 07:46:08,828 [af10ead5-859f-4a8b-b6c8-c04b91d5a3d5@group-F5752781D5AB-LeaderElection82] INFO  impl.LeaderElection (LeaderElection.java:askForVotes(321)) - af10ead5-859f-4a8b-b6c8-c04b91d5a3d5@group-F5752781D5AB-LeaderElection82 PRE_VOTE round 0: submit vote requests at term 0 for -1: peers:[af10ead5-859f-4a8b-b6c8-c04b91d5a3d5|127.0.0.1:15486]|listeners:[], old=null
2024-04-26 07:46:08,828 [af10ead5-859f-4a8b-b6c8-c04b91d5a3d5@group-F5752781D5AB-LeaderElection82] INFO  impl.LeaderElection (LeaderElection.java:askForVotes(323)) - af10ead5-859f-4a8b-b6c8-c04b91d5a3d5@group-F5752781D5AB-LeaderElection82 PRE_VOTE round 0: result PASSED (term=0)
2024-04-26 07:46:08,828 [af10ead5-859f-4a8b-b6c8-c04b91d5a3d5@group-F5752781D5AB-LeaderElection82] INFO  impl.LeaderElection (LeaderElection.java:askForVotes(321)) - af10ead5-859f-4a8b-b6c8-c04b91d5a3d5@group-F5752781D5AB-LeaderElection82 ELECTION round 0: submit vote requests at term 1 for -1: peers:[af10ead5-859f-4a8b-b6c8-c04b91d5a3d5|127.0.0.1:15486]|listeners:[], old=null
2024-04-26 07:46:08,828 [af10ead5-859f-4a8b-b6c8-c04b91d5a3d5@group-F5752781D5AB-LeaderElection82] INFO  impl.LeaderElection (LeaderElection.java:askForVotes(323)) - af10ead5-859f-4a8b-b6c8-c04b91d5a3d5@group-F5752781D5AB-LeaderElection82 ELECTION round 0: result PASSED (term=1)
2024-04-26 07:46:08,829 [af10ead5-859f-4a8b-b6c8-c04b91d5a3d5@group-F5752781D5AB-LeaderElection82] INFO  impl.RoleInfo (RoleInfo.java:shutdownLeaderElection(130)) - af10ead5-859f-4a8b-b6c8-c04b91d5a3d5: shutdown af10ead5-859f-4a8b-b6c8-c04b91d5a3d5@group-F5752781D5AB-LeaderElection82
2024-04-26 07:46:08,829 [af10ead5-859f-4a8b-b6c8-c04b91d5a3d5@group-F5752781D5AB-LeaderElection82] INFO  server.RaftServer$Division (RaftServerImpl.java:setRole(383)) - af10ead5-859f-4a8b-b6c8-c04b91d5a3d5@group-F5752781D5AB: changes role from CANDIDATE to LEADER at term 1 for changeToLeader
2024-04-26 07:46:08,829 [af10ead5-859f-4a8b-b6c8-c04b91d5a3d5@group-F5752781D5AB-LeaderElection82] INFO  server.RaftServerConfigKeys (ConfUtils.java:logGet(46)) - raft.server.staging.catchup.gap = 1000 (default)
2024-04-26 07:46:08,829 [af10ead5-859f-4a8b-b6c8-c04b91d5a3d5@group-F5752781D5AB-LeaderElection82] INFO  server.RaftServerConfigKeys (ConfUtils.java:logGet(46)) - raft.server.write.element-limit = 1024 (custom)
2024-04-26 07:46:08,829 [af10ead5-859f-4a8b-b6c8-c04b91d5a3d5@group-F5752781D5AB-LeaderElection82] INFO  server.RaftServerConfigKeys (ConfUtils.java:logGet(46)) - raft.server.write.byte-limit = 1024 M (=1073741824) (custom)
2024-04-26 07:46:08,829 [af10ead5-859f-4a8b-b6c8-c04b91d5a3d5@group-F5752781D5AB-LeaderElection82] INFO  server.RaftServerConfigKeys (ConfUtils.java:logGet(46)) - raft.server.watch.timeout = 3000ms (custom)
2024-04-26 07:46:08,829 [af10ead5-859f-4a8b-b6c8-c04b91d5a3d5@group-F5752781D5AB-LeaderElection82] INFO  server.RaftServerConfigKeys (ConfUtils.java:logGet(46)) - raft.server.watch.timeout.denomination = 1s (default)
2024-04-26 07:46:08,829 [af10ead5-859f-4a8b-b6c8-c04b91d5a3d5@group-F5752781D5AB-LeaderElection82] INFO  server.RaftServerConfigKeys (ConfUtils.java:logGet(46)) - raft.server.watch.element-limit = 65536 (default)
2024-04-26 07:46:08,829 [af10ead5-859f-4a8b-b6c8-c04b91d5a3d5@group-F5752781D5AB-LeaderElection82] INFO  server.RaftServerConfigKeys (ConfUtils.java:logGet(46)) - raft.server.read.leader.lease.enabled = false (default)
2024-04-26 07:46:08,829 [af10ead5-859f-4a8b-b6c8-c04b91d5a3d5@group-F5752781D5AB-LeaderElection82] INFO  server.RaftServerConfigKeys (ConfUtils.java:logGet(46)) - raft.server.read.leader.lease.timeout.ratio = 0.9 (default)
2024-04-26 07:46:08,829 [af10ead5-859f-4a8b-b6c8-c04b91d5a3d5@group-F5752781D5AB-LeaderElection82] INFO  server.RaftServerConfigKeys (ConfUtils.java:logGet(46)) - raft.server.rpc.timeout.min = 5s (custom)
2024-04-26 07:46:08,829 [af10ead5-859f-4a8b-b6c8-c04b91d5a3d5@group-F5752781D5AB-LeaderElection82] INFO  server.RaftServerConfigKeys (ConfUtils.java:logGet(46)) - raft.server.write.element-limit = 1024 (custom)
2024-04-26 07:46:08,829 [af10ead5-859f-4a8b-b6c8-c04b91d5a3d5@group-F5752781D5AB-LeaderElection82] INFO  server.RaftServerConfigKeys (ConfUtils.java:logGet(46)) - raft.server.write.follower.gap.ratio.max = -1.0 (default)
2024-04-26 07:46:08,829 [af10ead5-859f-4a8b-b6c8-c04b91d5a3d5@group-F5752781D5AB-LeaderElection82] INFO  impl.RoleInfo (RoleInfo.java:updateAndGet(139)) - af10ead5-859f-4a8b-b6c8-c04b91d5a3d5: start af10ead5-859f-4a8b-b6c8-c04b91d5a3d5@group-F5752781D5AB-LeaderStateImpl
2024-04-26 07:46:08,829 [af10ead5-859f-4a8b-b6c8-c04b91d5a3d5@group-F5752781D5AB-LeaderElection82] INFO  server.RaftServer$Division (RaftServerImpl.java:setFirstElection(574)) - af10ead5-859f-4a8b-b6c8-c04b91d5a3d5@group-F5752781D5AB: set firstElectionSinceStartup to false for becomeLeader
2024-04-26 07:46:08,829 [af10ead5-859f-4a8b-b6c8-c04b91d5a3d5@group-F5752781D5AB-LeaderElection82] INFO  ratis.XceiverServerRatis (XceiverServerRatis.java:handleLeaderChangedNotification(966)) - Leader change notification received for group: group-F5752781D5AB with new leaderId: af10ead5-859f-4a8b-b6c8-c04b91d5a3d5
2024-04-26 07:46:08,830 [af10ead5-859f-4a8b-b6c8-c04b91d5a3d5@group-F5752781D5AB-LeaderElection82] INFO  server.RaftServer$Division (ServerState.java:setLeader(269)) - af10ead5-859f-4a8b-b6c8-c04b91d5a3d5@group-F5752781D5AB: change Leader from null to af10ead5-859f-4a8b-b6c8-c04b91d5a3d5 at term 1 for becomeLeader, leader elected after 5178ms
2024-04-26 07:46:08,830 [af10ead5-859f-4a8b-b6c8-c04b91d5a3d5@group-F5752781D5AB-LeaderElection82] INFO  segmented.SegmentedRaftLogWorker (SegmentedRaftLogWorker.java:startLogSegment(430)) - af10ead5-859f-4a8b-b6c8-c04b91d5a3d5@group-F5752781D5AB-SegmentedRaftLogWorker: Starting segment from index:0
2024-04-26 07:46:08,830 [af10ead5-859f-4a8b-b6c8-c04b91d5a3d5@group-F5752781D5AB-LeaderElection82] INFO  server.RaftServer$Division (ServerState.java:setRaftConf(386)) - af10ead5-859f-4a8b-b6c8-c04b91d5a3d5@group-F5752781D5AB: set configuration 0: peers:[af10ead5-859f-4a8b-b6c8-c04b91d5a3d5|127.0.0.1:15486]|listeners:[], old=null
2024-04-26 07:46:08,830 [af10ead5-859f-4a8b-b6c8-c04b91d5a3d5@group-F5752781D5AB-SegmentedRaftLogWorker] INFO  segmented.BufferedWriteChannel (BufferedWriteChannel.java:open(62)) - open log_inprogress_0 at position 0
2024-04-26 07:46:08,835 [e280b344-1e71-401e-97a7-3c6530ca629d@group-F2E5719B3B13-FollowerState] INFO  impl.FollowerState (FollowerState.java:run(143)) - e280b344-1e71-401e-97a7-3c6530ca629d@group-F2E5719B3B13-FollowerState: change to CANDIDATE, lastRpcElapsedTime:5029813649ns, electionTimeout:5029ms
2024-04-26 07:46:08,835 [e280b344-1e71-401e-97a7-3c6530ca629d@group-F2E5719B3B13-FollowerState] INFO  impl.RoleInfo (RoleInfo.java:shutdownFollowerState(110)) - e280b344-1e71-401e-97a7-3c6530ca629d: shutdown e280b344-1e71-401e-97a7-3c6530ca629d@group-F2E5719B3B13-FollowerState
2024-04-26 07:46:08,835 [e280b344-1e71-401e-97a7-3c6530ca629d@group-F2E5719B3B13-FollowerState] INFO  server.RaftServer$Division (RaftServerImpl.java:setRole(383)) - e280b344-1e71-401e-97a7-3c6530ca629d@group-F2E5719B3B13: changes role from  FOLLOWER to CANDIDATE at term 0 for changeToCandidate
2024-04-26 07:46:08,835 [e280b344-1e71-401e-97a7-3c6530ca629d@group-F2E5719B3B13-FollowerState] INFO  server.RaftServerConfigKeys (ConfUtils.java:logGet(46)) - raft.server.leaderelection.pre-vote = true (default)
2024-04-26 07:46:08,835 [e280b344-1e71-401e-97a7-3c6530ca629d@group-F2E5719B3B13-FollowerState] INFO  impl.RoleInfo (RoleInfo.java:updateAndGet(139)) - e280b344-1e71-401e-97a7-3c6530ca629d: start e280b344-1e71-401e-97a7-3c6530ca629d@group-F2E5719B3B13-LeaderElection83
2024-04-26 07:46:08,835 [e280b344-1e71-401e-97a7-3c6530ca629d@group-F2E5719B3B13-LeaderElection83] INFO  impl.LeaderElection (LeaderElection.java:askForVotes(321)) - e280b344-1e71-401e-97a7-3c6530ca629d@group-F2E5719B3B13-LeaderElection83 PRE_VOTE round 0: submit vote requests at term 0 for -1: peers:[e280b344-1e71-401e-97a7-3c6530ca629d|127.0.0.1:15513]|listeners:[], old=null
2024-04-26 07:46:08,835 [e280b344-1e71-401e-97a7-3c6530ca629d@group-F2E5719B3B13-LeaderElection83] INFO  impl.LeaderElection (LeaderElection.java:askForVotes(323)) - e280b344-1e71-401e-97a7-3c6530ca629d@group-F2E5719B3B13-LeaderElection83 PRE_VOTE round 0: result PASSED (term=0)
2024-04-26 07:46:08,836 [e280b344-1e71-401e-97a7-3c6530ca629d@group-F2E5719B3B13-LeaderElection83] INFO  impl.LeaderElection (LeaderElection.java:askForVotes(321)) - e280b344-1e71-401e-97a7-3c6530ca629d@group-F2E5719B3B13-LeaderElection83 ELECTION round 0: submit vote requests at term 1 for -1: peers:[e280b344-1e71-401e-97a7-3c6530ca629d|127.0.0.1:15513]|listeners:[], old=null
2024-04-26 07:46:08,836 [e280b344-1e71-401e-97a7-3c6530ca629d@group-F2E5719B3B13-LeaderElection83] INFO  impl.LeaderElection (LeaderElection.java:askForVotes(323)) - e280b344-1e71-401e-97a7-3c6530ca629d@group-F2E5719B3B13-LeaderElection83 ELECTION round 0: result PASSED (term=1)
2024-04-26 07:46:08,836 [e280b344-1e71-401e-97a7-3c6530ca629d@group-F2E5719B3B13-LeaderElection83] INFO  impl.RoleInfo (RoleInfo.java:shutdownLeaderElection(130)) - e280b344-1e71-401e-97a7-3c6530ca629d: shutdown e280b344-1e71-401e-97a7-3c6530ca629d@group-F2E5719B3B13-LeaderElection83
2024-04-26 07:46:08,837 [af10ead5-859f-4a8b-b6c8-c04b91d5a3d5@group-F5752781D5AB-SegmentedRaftLogWorker] INFO  segmented.SegmentedRaftLogWorker (SegmentedRaftLogWorker.java:execute(634)) - af10ead5-859f-4a8b-b6c8-c04b91d5a3d5@group-F5752781D5AB-SegmentedRaftLogWorker: created new log segment /home/runner/work/ozone/ozone/hadoop-ozone/integration-test/target/test-dir/MiniOzoneClusterImpl-864451be-9a12-4508-8431-6d052999593c/ozone-meta/datanode-4/ratis/c41ef844-3cd0-41f5-89d1-f5752781d5ab/current/log_inprogress_0
2024-04-26 07:46:08,837 [e280b344-1e71-401e-97a7-3c6530ca629d@group-F2E5719B3B13-LeaderElection83] INFO  server.RaftServer$Division (RaftServerImpl.java:setRole(383)) - e280b344-1e71-401e-97a7-3c6530ca629d@group-F2E5719B3B13: changes role from CANDIDATE to LEADER at term 1 for changeToLeader
2024-04-26 07:46:08,837 [e280b344-1e71-401e-97a7-3c6530ca629d@group-F2E5719B3B13-LeaderElection83] INFO  server.RaftServerConfigKeys (ConfUtils.java:logGet(46)) - raft.server.staging.catchup.gap = 1000 (default)
2024-04-26 07:46:08,837 [e280b344-1e71-401e-97a7-3c6530ca629d@group-F2E5719B3B13-LeaderElection83] INFO  server.RaftServerConfigKeys (ConfUtils.java:logGet(46)) - raft.server.write.element-limit = 1024 (custom)
2024-04-26 07:46:08,837 [e280b344-1e71-401e-97a7-3c6530ca629d@group-F2E5719B3B13-LeaderElection83] INFO  server.RaftServerConfigKeys (ConfUtils.java:logGet(46)) - raft.server.write.byte-limit = 1024 M (=1073741824) (custom)
2024-04-26 07:46:08,837 [e280b344-1e71-401e-97a7-3c6530ca629d@group-F2E5719B3B13-LeaderElection83] INFO  server.RaftServerConfigKeys (ConfUtils.java:logGet(46)) - raft.server.watch.timeout = 3000ms (custom)
2024-04-26 07:46:08,837 [e280b344-1e71-401e-97a7-3c6530ca629d@group-F2E5719B3B13-LeaderElection83] INFO  server.RaftServerConfigKeys (ConfUtils.java:logGet(46)) - raft.server.watch.timeout.denomination = 1s (default)
2024-04-26 07:46:08,837 [e280b344-1e71-401e-97a7-3c6530ca629d@group-F2E5719B3B13-LeaderElection83] INFO  server.RaftServerConfigKeys (ConfUtils.java:logGet(46)) - raft.server.watch.element-limit = 65536 (default)
2024-04-26 07:46:08,837 [e280b344-1e71-401e-97a7-3c6530ca629d@group-F2E5719B3B13-LeaderElection83] INFO  server.RaftServerConfigKeys (ConfUtils.java:logGet(46)) - raft.server.read.leader.lease.enabled = false (default)
2024-04-26 07:46:08,837 [e280b344-1e71-401e-97a7-3c6530ca629d@group-F2E5719B3B13-LeaderElection83] INFO  server.RaftServerConfigKeys (ConfUtils.java:logGet(46)) - raft.server.read.leader.lease.timeout.ratio = 0.9 (default)
2024-04-26 07:46:08,837 [e280b344-1e71-401e-97a7-3c6530ca629d@group-F2E5719B3B13-LeaderElection83] INFO  server.RaftServerConfigKeys (ConfUtils.java:logGet(46)) - raft.server.rpc.timeout.min = 5s (custom)
2024-04-26 07:46:08,837 [e280b344-1e71-401e-97a7-3c6530ca629d@group-F2E5719B3B13-LeaderElection83] INFO  server.RaftServerConfigKeys (ConfUtils.java:logGet(46)) - raft.server.write.element-limit = 1024 (custom)
2024-04-26 07:46:08,837 [e280b344-1e71-401e-97a7-3c6530ca629d@group-F2E5719B3B13-LeaderElection83] INFO  server.RaftServerConfigKeys (ConfUtils.java:logGet(46)) - raft.server.write.follower.gap.ratio.max = -1.0 (default)
2024-04-26 07:46:08,837 [e280b344-1e71-401e-97a7-3c6530ca629d@group-F2E5719B3B13-LeaderElection83] INFO  impl.RoleInfo (RoleInfo.java:updateAndGet(139)) - e280b344-1e71-401e-97a7-3c6530ca629d: start e280b344-1e71-401e-97a7-3c6530ca629d@group-F2E5719B3B13-LeaderStateImpl
2024-04-26 07:46:08,837 [e280b344-1e71-401e-97a7-3c6530ca629d@group-F2E5719B3B13-LeaderElection83] INFO  server.RaftServer$Division (RaftServerImpl.java:setFirstElection(574)) - e280b344-1e71-401e-97a7-3c6530ca629d@group-F2E5719B3B13: set firstElectionSinceStartup to false for becomeLeader
2024-04-26 07:46:08,837 [e280b344-1e71-401e-97a7-3c6530ca629d@group-F2E5719B3B13-LeaderElection83] INFO  ratis.XceiverServerRatis (XceiverServerRatis.java:handleLeaderChangedNotification(966)) - Leader change notification received for group: group-F2E5719B3B13 with new leaderId: e280b344-1e71-401e-97a7-3c6530ca629d
2024-04-26 07:46:08,838 [e280b344-1e71-401e-97a7-3c6530ca629d@group-F2E5719B3B13-LeaderElection83] INFO  server.RaftServer$Division (ServerState.java:setLeader(269)) - e280b344-1e71-401e-97a7-3c6530ca629d@group-F2E5719B3B13: change Leader from null to e280b344-1e71-401e-97a7-3c6530ca629d at term 1 for becomeLeader, leader elected after 5040ms
2024-04-26 07:46:08,838 [e280b344-1e71-401e-97a7-3c6530ca629d@group-F2E5719B3B13-LeaderElection83] INFO  segmented.SegmentedRaftLogWorker (SegmentedRaftLogWorker.java:startLogSegment(430)) - e280b344-1e71-401e-97a7-3c6530ca629d@group-F2E5719B3B13-SegmentedRaftLogWorker: Starting segment from index:0
2024-04-26 07:46:08,838 [e280b344-1e71-401e-97a7-3c6530ca629d@group-F2E5719B3B13-LeaderElection83] INFO  server.RaftServer$Division (ServerState.java:setRaftConf(386)) - e280b344-1e71-401e-97a7-3c6530ca629d@group-F2E5719B3B13: set configuration 0: peers:[e280b344-1e71-401e-97a7-3c6530ca629d|127.0.0.1:15513]|listeners:[], old=null
2024-04-26 07:46:08,838 [e280b344-1e71-401e-97a7-3c6530ca629d@group-F2E5719B3B13-SegmentedRaftLogWorker] INFO  segmented.BufferedWriteChannel (BufferedWriteChannel.java:open(62)) - open log_inprogress_0 at position 0
2024-04-26 07:46:08,838 [af10ead5-859f-4a8b-b6c8-c04b91d5a3d5@group-F5752781D5AB-StateMachineUpdater] INFO  server.RaftServer$Division (LeaderStateImpl.java:isApplied(320)) - leader is ready since appliedIndex == 0 >= startIndex == 0
2024-04-26 07:46:08,845 [e280b344-1e71-401e-97a7-3c6530ca629d@group-F2E5719B3B13-SegmentedRaftLogWorker] INFO  segmented.SegmentedRaftLogWorker (SegmentedRaftLogWorker.java:execute(634)) - e280b344-1e71-401e-97a7-3c6530ca629d@group-F2E5719B3B13-SegmentedRaftLogWorker: created new log segment /home/runner/work/ozone/ozone/hadoop-ozone/integration-test/target/test-dir/MiniOzoneClusterImpl-864451be-9a12-4508-8431-6d052999593c/ozone-meta/datanode-7/ratis/04b858ca-6dfa-4a59-b958-f2e5719b3b13/current/log_inprogress_0
2024-04-26 07:46:08,846 [e280b344-1e71-401e-97a7-3c6530ca629d@group-F2E5719B3B13-StateMachineUpdater] INFO  server.RaftServer$Division (LeaderStateImpl.java:isApplied(320)) - leader is ready since appliedIndex == 0 >= startIndex == 0
2024-04-26 07:46:08,846 [af10ead5-859f-4a8b-b6c8-c04b91d5a3d5@group-8CE91570B4D6-FollowerState] INFO  impl.FollowerState (FollowerState.java:run(143)) - af10ead5-859f-4a8b-b6c8-c04b91d5a3d5@group-8CE91570B4D6-FollowerState: change to CANDIDATE, lastRpcElapsedTime:5175672847ns, electionTimeout:5175ms
2024-04-26 07:46:08,846 [af10ead5-859f-4a8b-b6c8-c04b91d5a3d5@group-8CE91570B4D6-FollowerState] INFO  impl.RoleInfo (RoleInfo.java:shutdownFollowerState(110)) - af10ead5-859f-4a8b-b6c8-c04b91d5a3d5: shutdown af10ead5-859f-4a8b-b6c8-c04b91d5a3d5@group-8CE91570B4D6-FollowerState
2024-04-26 07:46:08,846 [af10ead5-859f-4a8b-b6c8-c04b91d5a3d5@group-8CE91570B4D6-FollowerState] INFO  server.RaftServer$Division (RaftServerImpl.java:setRole(383)) - af10ead5-859f-4a8b-b6c8-c04b91d5a3d5@group-8CE91570B4D6: changes role from  FOLLOWER to CANDIDATE at term 0 for changeToCandidate
2024-04-26 07:46:08,846 [af10ead5-859f-4a8b-b6c8-c04b91d5a3d5@group-8CE91570B4D6-FollowerState] INFO  server.RaftServerConfigKeys (ConfUtils.java:logGet(46)) - raft.server.leaderelection.pre-vote = true (default)
2024-04-26 07:46:08,846 [af10ead5-859f-4a8b-b6c8-c04b91d5a3d5@group-8CE91570B4D6-FollowerState] INFO  impl.RoleInfo (RoleInfo.java:updateAndGet(139)) - af10ead5-859f-4a8b-b6c8-c04b91d5a3d5: start af10ead5-859f-4a8b-b6c8-c04b91d5a3d5@group-8CE91570B4D6-LeaderElection84
2024-04-26 07:46:08,846 [af10ead5-859f-4a8b-b6c8-c04b91d5a3d5@group-8CE91570B4D6-LeaderElection84] INFO  impl.LeaderElection (LeaderElection.java:askForVotes(321)) - af10ead5-859f-4a8b-b6c8-c04b91d5a3d5@group-8CE91570B4D6-LeaderElection84 PRE_VOTE round 0: submit vote requests at term 0 for -1: peers:[136604f8-4e12-4782-a33c-8f17bffa1c2c|127.0.0.1:15495, af10ead5-859f-4a8b-b6c8-c04b91d5a3d5|127.0.0.1:15486, 36c84ee5-0fcd-4ea2-b6d6-812b1364d576|127.0.0.1:15504]|listeners:[], old=null
2024-04-26 07:46:08,847 [af10ead5-859f-4a8b-b6c8-c04b91d5a3d5@group-8CE91570B4D6-LeaderElection84-1] INFO  server.GrpcServerProtocolClient (GrpcServerProtocolClient.java:<init>(65)) - Build channel for 136604f8-4e12-4782-a33c-8f17bffa1c2c|127.0.0.1:15495
2024-04-26 07:46:08,847 [af10ead5-859f-4a8b-b6c8-c04b91d5a3d5@group-8CE91570B4D6-LeaderElection84] INFO  server.RaftServerConfigKeys (ConfUtils.java:logFallback(53)) - raft.server.rpc.first-election.timeout.min = 5s (fallback to raft.server.rpc.timeout.min)
2024-04-26 07:46:08,847 [af10ead5-859f-4a8b-b6c8-c04b91d5a3d5@group-8CE91570B4D6-LeaderElection84] INFO  server.RaftServerConfigKeys (ConfUtils.java:logFallback(53)) - raft.server.rpc.first-election.timeout.max = 5200ms (fallback to raft.server.rpc.timeout.max)
2024-04-26 07:46:08,847 [af10ead5-859f-4a8b-b6c8-c04b91d5a3d5@group-8CE91570B4D6-LeaderElection84-2] INFO  server.GrpcServerProtocolClient (GrpcServerProtocolClient.java:<init>(65)) - Build channel for 36c84ee5-0fcd-4ea2-b6d6-812b1364d576|127.0.0.1:15504
2024-04-26 07:46:08,850 [e280b344-1e71-401e-97a7-3c6530ca629d@group-D9979C9DB735-FollowerState] INFO  impl.FollowerState (FollowerState.java:run(143)) - e280b344-1e71-401e-97a7-3c6530ca629d@group-D9979C9DB735-FollowerState: change to CANDIDATE, lastRpcElapsedTime:5033671253ns, electionTimeout:5033ms
2024-04-26 07:46:08,850 [e280b344-1e71-401e-97a7-3c6530ca629d@group-D9979C9DB735-FollowerState] INFO  impl.RoleInfo (RoleInfo.java:shutdownFollowerState(110)) - e280b344-1e71-401e-97a7-3c6530ca629d: shutdown e280b344-1e71-401e-97a7-3c6530ca629d@group-D9979C9DB735-FollowerState
2024-04-26 07:46:08,850 [e280b344-1e71-401e-97a7-3c6530ca629d@group-D9979C9DB735-FollowerState] INFO  server.RaftServer$Division (RaftServerImpl.java:setRole(383)) - e280b344-1e71-401e-97a7-3c6530ca629d@group-D9979C9DB735: changes role from  FOLLOWER to CANDIDATE at term 0 for changeToCandidate
2024-04-26 07:46:08,850 [grpc-default-executor-3] INFO  server.RaftServer$Division (RaftServerImpl.java:requestVote(1389)) - 36c84ee5-0fcd-4ea2-b6d6-812b1364d576@group-8CE91570B4D6: receive requestVote(PRE_VOTE, af10ead5-859f-4a8b-b6c8-c04b91d5a3d5, group-8CE91570B4D6, 0, (t:0, i:0))
2024-04-26 07:46:08,851 [grpc-default-executor-2] INFO  server.RaftServer$Division (RaftServerImpl.java:requestVote(1389)) - 136604f8-4e12-4782-a33c-8f17bffa1c2c@group-8CE91570B4D6: receive requestVote(PRE_VOTE, af10ead5-859f-4a8b-b6c8-c04b91d5a3d5, group-8CE91570B4D6, 0, (t:0, i:0))
2024-04-26 07:46:08,851 [grpc-default-executor-3] INFO  impl.VoteContext (VoteContext.java:log(49)) - 36c84ee5-0fcd-4ea2-b6d6-812b1364d576@group-8CE91570B4D6-FOLLOWER: accept PRE_VOTE from af10ead5-859f-4a8b-b6c8-c04b91d5a3d5: our priority 0 <= candidate's priority 1
2024-04-26 07:46:08,851 [grpc-default-executor-2] INFO  impl.VoteContext (VoteContext.java:log(49)) - 136604f8-4e12-4782-a33c-8f17bffa1c2c@group-8CE91570B4D6-FOLLOWER: accept PRE_VOTE from af10ead5-859f-4a8b-b6c8-c04b91d5a3d5: our priority 0 <= candidate's priority 1
2024-04-26 07:46:08,851 [grpc-default-executor-3] INFO  server.RaftServer$Division (RaftServerImpl.java:requestVote(1422)) - 36c84ee5-0fcd-4ea2-b6d6-812b1364d576@group-8CE91570B4D6 replies to PRE_VOTE vote request: af10ead5-859f-4a8b-b6c8-c04b91d5a3d5<-36c84ee5-0fcd-4ea2-b6d6-812b1364d576#0:OK-t0. Peer's state: 36c84ee5-0fcd-4ea2-b6d6-812b1364d576@group-8CE91570B4D6:t0, leader=null, voted=, raftlog=Memoized:36c84ee5-0fcd-4ea2-b6d6-812b1364d576@group-8CE91570B4D6-SegmentedRaftLog:OPENED:c-1, conf=-1: peers:[136604f8-4e12-4782-a33c-8f17bffa1c2c|127.0.0.1:15495, af10ead5-859f-4a8b-b6c8-c04b91d5a3d5|127.0.0.1:15486, 36c84ee5-0fcd-4ea2-b6d6-812b1364d576|127.0.0.1:15504]|listeners:[], old=null
2024-04-26 07:46:08,850 [e280b344-1e71-401e-97a7-3c6530ca629d@group-D9979C9DB735-FollowerState] INFO  server.RaftServerConfigKeys (ConfUtils.java:logGet(46)) - raft.server.leaderelection.pre-vote = true (default)
2024-04-26 07:46:08,851 [e280b344-1e71-401e-97a7-3c6530ca629d@group-D9979C9DB735-FollowerState] INFO  impl.RoleInfo (RoleInfo.java:updateAndGet(139)) - e280b344-1e71-401e-97a7-3c6530ca629d: start e280b344-1e71-401e-97a7-3c6530ca629d@group-D9979C9DB735-LeaderElection85
2024-04-26 07:46:08,851 [grpc-default-executor-2] INFO  server.RaftServer$Division (RaftServerImpl.java:requestVote(1422)) - 136604f8-4e12-4782-a33c-8f17bffa1c2c@group-8CE91570B4D6 replies to PRE_VOTE vote request: af10ead5-859f-4a8b-b6c8-c04b91d5a3d5<-136604f8-4e12-4782-a33c-8f17bffa1c2c#0:OK-t0. Peer's state: 136604f8-4e12-4782-a33c-8f17bffa1c2c@group-8CE91570B4D6:t0, leader=null, voted=, raftlog=Memoized:136604f8-4e12-4782-a33c-8f17bffa1c2c@group-8CE91570B4D6-SegmentedRaftLog:OPENED:c-1, conf=-1: peers:[136604f8-4e12-4782-a33c-8f17bffa1c2c|127.0.0.1:15495, af10ead5-859f-4a8b-b6c8-c04b91d5a3d5|127.0.0.1:15486, 36c84ee5-0fcd-4ea2-b6d6-812b1364d576|127.0.0.1:15504]|listeners:[], old=null
2024-04-26 07:46:08,851 [af10ead5-859f-4a8b-b6c8-c04b91d5a3d5@group-8CE91570B4D6-LeaderElection84] INFO  impl.LeaderElection (LeaderElection.java:logAndReturn(89)) - af10ead5-859f-4a8b-b6c8-c04b91d5a3d5@group-8CE91570B4D6-LeaderElection84: PRE_VOTE PASSED received 1 response(s) and 0 exception(s):
2024-04-26 07:46:08,851 [af10ead5-859f-4a8b-b6c8-c04b91d5a3d5@group-8CE91570B4D6-LeaderElection84] INFO  impl.LeaderElection (LeaderElection.java:logAndReturn(93)) -   Response 0: af10ead5-859f-4a8b-b6c8-c04b91d5a3d5<-36c84ee5-0fcd-4ea2-b6d6-812b1364d576#0:OK-t0
2024-04-26 07:46:08,851 [af10ead5-859f-4a8b-b6c8-c04b91d5a3d5@group-8CE91570B4D6-LeaderElection84] INFO  impl.LeaderElection (LeaderElection.java:askForVotes(323)) - af10ead5-859f-4a8b-b6c8-c04b91d5a3d5@group-8CE91570B4D6-LeaderElection84 PRE_VOTE round 0: result PASSED
2024-04-26 07:46:08,851 [e280b344-1e71-401e-97a7-3c6530ca629d@group-D9979C9DB735-LeaderElection85] INFO  impl.LeaderElection (LeaderElection.java:askForVotes(321)) - e280b344-1e71-401e-97a7-3c6530ca629d@group-D9979C9DB735-LeaderElection85 PRE_VOTE round 0: submit vote requests at term 0 for -1: peers:[26ca528a-fda8-41f2-a9ad-48918f1fba9d|127.0.0.1:15531, e280b344-1e71-401e-97a7-3c6530ca629d|127.0.0.1:15513, f89e5511-6660-4723-b6db-0a37c1615f1a|127.0.0.1:15522]|listeners:[], old=null
2024-04-26 07:46:08,852 [e280b344-1e71-401e-97a7-3c6530ca629d@group-D9979C9DB735-LeaderElection85] INFO  server.RaftServerConfigKeys (ConfUtils.java:logFallback(53)) - raft.server.rpc.first-election.timeout.min = 5s (fallback to raft.server.rpc.timeout.min)
2024-04-26 07:46:08,852 [e280b344-1e71-401e-97a7-3c6530ca629d@group-D9979C9DB735-LeaderElection85] INFO  server.RaftServerConfigKeys (ConfUtils.java:logFallback(53)) - raft.server.rpc.first-election.timeout.max = 5200ms (fallback to raft.server.rpc.timeout.max)
2024-04-26 07:46:08,852 [e280b344-1e71-401e-97a7-3c6530ca629d@group-D9979C9DB735-LeaderElection85-2] INFO  server.GrpcServerProtocolClient (GrpcServerProtocolClient.java:<init>(65)) - Build channel for f89e5511-6660-4723-b6db-0a37c1615f1a|127.0.0.1:15522
2024-04-26 07:46:08,852 [af10ead5-859f-4a8b-b6c8-c04b91d5a3d5@group-8CE91570B4D6-LeaderElection84] INFO  impl.LeaderElection (LeaderElection.java:askForVotes(321)) - af10ead5-859f-4a8b-b6c8-c04b91d5a3d5@group-8CE91570B4D6-LeaderElection84 ELECTION round 0: submit vote requests at term 1 for -1: peers:[136604f8-4e12-4782-a33c-8f17bffa1c2c|127.0.0.1:15495, af10ead5-859f-4a8b-b6c8-c04b91d5a3d5|127.0.0.1:15486, 36c84ee5-0fcd-4ea2-b6d6-812b1364d576|127.0.0.1:15504]|listeners:[], old=null
2024-04-26 07:46:08,853 [e280b344-1e71-401e-97a7-3c6530ca629d@group-D9979C9DB735-LeaderElection85-1] INFO  server.GrpcServerProtocolClient (GrpcServerProtocolClient.java:<init>(65)) - Build channel for 26ca528a-fda8-41f2-a9ad-48918f1fba9d|127.0.0.1:15531
2024-04-26 07:46:08,854 [136604f8-4e12-4782-a33c-8f17bffa1c2c@group-CC9B6B7A2B93-FollowerState] INFO  impl.FollowerState (FollowerState.java:run(143)) - 136604f8-4e12-4782-a33c-8f17bffa1c2c@group-CC9B6B7A2B93-FollowerState: change to CANDIDATE, lastRpcElapsedTime:5142352705ns, electionTimeout:5142ms
2024-04-26 07:46:08,854 [136604f8-4e12-4782-a33c-8f17bffa1c2c@group-CC9B6B7A2B93-FollowerState] INFO  impl.RoleInfo (RoleInfo.java:shutdownFollowerState(110)) - 136604f8-4e12-4782-a33c-8f17bffa1c2c: shutdown 136604f8-4e12-4782-a33c-8f17bffa1c2c@group-CC9B6B7A2B93-FollowerState
2024-04-26 07:46:08,854 [136604f8-4e12-4782-a33c-8f17bffa1c2c@group-CC9B6B7A2B93-FollowerState] INFO  server.RaftServer$Division (RaftServerImpl.java:setRole(383)) - 136604f8-4e12-4782-a33c-8f17bffa1c2c@group-CC9B6B7A2B93: changes role from  FOLLOWER to CANDIDATE at term 0 for changeToCandidate
2024-04-26 07:46:08,854 [136604f8-4e12-4782-a33c-8f17bffa1c2c@group-CC9B6B7A2B93-FollowerState] INFO  server.RaftServerConfigKeys (ConfUtils.java:logGet(46)) - raft.server.leaderelection.pre-vote = true (default)
2024-04-26 07:46:08,854 [136604f8-4e12-4782-a33c-8f17bffa1c2c@group-CC9B6B7A2B93-FollowerState] INFO  impl.RoleInfo (RoleInfo.java:updateAndGet(139)) - 136604f8-4e12-4782-a33c-8f17bffa1c2c: start 136604f8-4e12-4782-a33c-8f17bffa1c2c@group-CC9B6B7A2B93-LeaderElection86
2024-04-26 07:46:08,854 [136604f8-4e12-4782-a33c-8f17bffa1c2c@group-CC9B6B7A2B93-LeaderElection86] INFO  impl.LeaderElection (LeaderElection.java:askForVotes(321)) - 136604f8-4e12-4782-a33c-8f17bffa1c2c@group-CC9B6B7A2B93-LeaderElection86 PRE_VOTE round 0: submit vote requests at term 0 for -1: peers:[136604f8-4e12-4782-a33c-8f17bffa1c2c|127.0.0.1:15495]|listeners:[], old=null
2024-04-26 07:46:08,855 [136604f8-4e12-4782-a33c-8f17bffa1c2c@group-CC9B6B7A2B93-LeaderElection86] INFO  impl.LeaderElection (LeaderElection.java:askForVotes(323)) - 136604f8-4e12-4782-a33c-8f17bffa1c2c@group-CC9B6B7A2B93-LeaderElection86 PRE_VOTE round 0: result PASSED (term=0)
2024-04-26 07:46:08,855 [grpc-default-executor-2] INFO  server.RaftServer$Division (RaftServerImpl.java:requestVote(1389)) - 136604f8-4e12-4782-a33c-8f17bffa1c2c@group-8CE91570B4D6: receive requestVote(ELECTION, af10ead5-859f-4a8b-b6c8-c04b91d5a3d5, group-8CE91570B4D6, 1, (t:0, i:0))
2024-04-26 07:46:08,855 [grpc-default-executor-2] INFO  impl.VoteContext (VoteContext.java:log(49)) - 136604f8-4e12-4782-a33c-8f17bffa1c2c@group-8CE91570B4D6-FOLLOWER: accept ELECTION from af10ead5-859f-4a8b-b6c8-c04b91d5a3d5: our priority 0 <= candidate's priority 1
2024-04-26 07:46:08,855 [grpc-default-executor-2] INFO  server.RaftServer$Division (RaftServerImpl.java:setRole(383)) - 136604f8-4e12-4782-a33c-8f17bffa1c2c@group-8CE91570B4D6: changes role from  FOLLOWER to FOLLOWER at term 1 for candidate:af10ead5-859f-4a8b-b6c8-c04b91d5a3d5
2024-04-26 07:46:08,855 [grpc-default-executor-2] INFO  impl.RoleInfo (RoleInfo.java:shutdownFollowerState(110)) - 136604f8-4e12-4782-a33c-8f17bffa1c2c: shutdown 136604f8-4e12-4782-a33c-8f17bffa1c2c@group-8CE91570B4D6-FollowerState
2024-04-26 07:46:08,856 [136604f8-4e12-4782-a33c-8f17bffa1c2c@group-CC9B6B7A2B93-LeaderElection86] INFO  impl.LeaderElection (LeaderElection.java:askForVotes(321)) - 136604f8-4e12-4782-a33c-8f17bffa1c2c@group-CC9B6B7A2B93-LeaderElection86 ELECTION round 0: submit vote requests at term 1 for -1: peers:[136604f8-4e12-4782-a33c-8f17bffa1c2c|127.0.0.1:15495]|listeners:[], old=null
2024-04-26 07:46:08,856 [af10ead5-859f-4a8b-b6c8-c04b91d5a3d5@group-8CE91570B4D6-LeaderElection84] INFO  server.RaftServerConfigKeys (ConfUtils.java:logFallback(53)) - raft.server.rpc.first-election.timeout.min = 5s (fallback to raft.server.rpc.timeout.min)
2024-04-26 07:46:08,856 [af10ead5-859f-4a8b-b6c8-c04b91d5a3d5@group-8CE91570B4D6-LeaderElection84] INFO  server.RaftServerConfigKeys (ConfUtils.java:logFallback(53)) - raft.server.rpc.first-election.timeout.max = 5200ms (fallback to raft.server.rpc.timeout.max)
2024-04-26 07:46:08,856 [136604f8-4e12-4782-a33c-8f17bffa1c2c@group-8CE91570B4D6-FollowerState] INFO  impl.FollowerState (FollowerState.java:run(152)) - 136604f8-4e12-4782-a33c-8f17bffa1c2c@group-8CE91570B4D6-FollowerState was interrupted
2024-04-26 07:46:08,856 [136604f8-4e12-4782-a33c-8f17bffa1c2c@group-CC9B6B7A2B93-LeaderElection86] INFO  impl.LeaderElection (LeaderElection.java:askForVotes(323)) - 136604f8-4e12-4782-a33c-8f17bffa1c2c@group-CC9B6B7A2B93-LeaderElection86 ELECTION round 0: result PASSED (term=1)
2024-04-26 07:46:08,856 [136604f8-4e12-4782-a33c-8f17bffa1c2c@group-CC9B6B7A2B93-LeaderElection86] INFO  impl.RoleInfo (RoleInfo.java:shutdownLeaderElection(130)) - 136604f8-4e12-4782-a33c-8f17bffa1c2c: shutdown 136604f8-4e12-4782-a33c-8f17bffa1c2c@group-CC9B6B7A2B93-LeaderElection86
2024-04-26 07:46:08,856 [136604f8-4e12-4782-a33c-8f17bffa1c2c@group-CC9B6B7A2B93-LeaderElection86] INFO  server.RaftServer$Division (RaftServerImpl.java:setRole(383)) - 136604f8-4e12-4782-a33c-8f17bffa1c2c@group-CC9B6B7A2B93: changes role from CANDIDATE to LEADER at term 1 for changeToLeader
2024-04-26 07:46:08,857 [136604f8-4e12-4782-a33c-8f17bffa1c2c@group-CC9B6B7A2B93-LeaderElection86] INFO  server.RaftServerConfigKeys (ConfUtils.java:logGet(46)) - raft.server.staging.catchup.gap = 1000 (default)
2024-04-26 07:46:08,856 [grpc-default-executor-2] INFO  impl.RoleInfo (RoleInfo.java:updateAndGet(139)) - 136604f8-4e12-4782-a33c-8f17bffa1c2c: start 136604f8-4e12-4782-a33c-8f17bffa1c2c@group-8CE91570B4D6-FollowerState
2024-04-26 07:46:08,856 [grpc-default-executor-3] INFO  server.RaftServer$Division (RaftServerImpl.java:requestVote(1389)) - 36c84ee5-0fcd-4ea2-b6d6-812b1364d576@group-8CE91570B4D6: receive requestVote(ELECTION, af10ead5-859f-4a8b-b6c8-c04b91d5a3d5, group-8CE91570B4D6, 1, (t:0, i:0))
2024-04-26 07:46:08,857 [136604f8-4e12-4782-a33c-8f17bffa1c2c@group-CC9B6B7A2B93-LeaderElection86] INFO  server.RaftServerConfigKeys (ConfUtils.java:logGet(46)) - raft.server.write.element-limit = 1024 (custom)
2024-04-26 07:46:08,857 [grpc-default-executor-3] INFO  impl.VoteContext (VoteContext.java:log(49)) - 36c84ee5-0fcd-4ea2-b6d6-812b1364d576@group-8CE91570B4D6-FOLLOWER: accept ELECTION from af10ead5-859f-4a8b-b6c8-c04b91d5a3d5: our priority 0 <= candidate's priority 1
2024-04-26 07:46:08,857 [grpc-default-executor-3] INFO  server.RaftServer$Division (RaftServerImpl.java:setRole(383)) - 36c84ee5-0fcd-4ea2-b6d6-812b1364d576@group-8CE91570B4D6: changes role from  FOLLOWER to FOLLOWER at term 1 for candidate:af10ead5-859f-4a8b-b6c8-c04b91d5a3d5
2024-04-26 07:46:08,857 [grpc-default-executor-3] INFO  impl.RoleInfo (RoleInfo.java:shutdownFollowerState(110)) - 36c84ee5-0fcd-4ea2-b6d6-812b1364d576: shutdown 36c84ee5-0fcd-4ea2-b6d6-812b1364d576@group-8CE91570B4D6-FollowerState
2024-04-26 07:46:08,857 [136604f8-4e12-4782-a33c-8f17bffa1c2c@group-CC9B6B7A2B93-LeaderElection86] INFO  server.RaftServerConfigKeys (ConfUtils.java:logGet(46)) - raft.server.write.byte-limit = 1024 M (=1073741824) (custom)
2024-04-26 07:46:08,857 [36c84ee5-0fcd-4ea2-b6d6-812b1364d576@group-8CE91570B4D6-FollowerState] INFO  impl.FollowerState (FollowerState.java:run(152)) - 36c84ee5-0fcd-4ea2-b6d6-812b1364d576@group-8CE91570B4D6-FollowerState was interrupted
2024-04-26 07:46:08,857 [grpc-default-executor-3] INFO  impl.RoleInfo (RoleInfo.java:updateAndGet(139)) - 36c84ee5-0fcd-4ea2-b6d6-812b1364d576: start 36c84ee5-0fcd-4ea2-b6d6-812b1364d576@group-8CE91570B4D6-FollowerState
2024-04-26 07:46:08,858 [136604f8-4e12-4782-a33c-8f17bffa1c2c@group-CC9B6B7A2B93-LeaderElection86] INFO  server.RaftServerConfigKeys (ConfUtils.java:logGet(46)) - raft.server.watch.timeout = 3000ms (custom)
2024-04-26 07:46:08,858 [grpc-default-executor-3] INFO  server.RaftServer$Division (RaftServerImpl.java:setFirstElection(574)) - 36c84ee5-0fcd-4ea2-b6d6-812b1364d576@group-8CE91570B4D6: set firstElectionSinceStartup to false for candidate:af10ead5-859f-4a8b-b6c8-c04b91d5a3d5
2024-04-26 07:46:08,858 [136604f8-4e12-4782-a33c-8f17bffa1c2c@group-CC9B6B7A2B93-LeaderElection86] INFO  server.RaftServerConfigKeys (ConfUtils.java:logGet(46)) - raft.server.watch.timeout.denomination = 1s (default)
2024-04-26 07:46:08,858 [136604f8-4e12-4782-a33c-8f17bffa1c2c@group-CC9B6B7A2B93-LeaderElection86] INFO  server.RaftServerConfigKeys (ConfUtils.java:logGet(46)) - raft.server.watch.element-limit = 65536 (default)
2024-04-26 07:46:08,858 [136604f8-4e12-4782-a33c-8f17bffa1c2c@group-CC9B6B7A2B93-LeaderElection86] INFO  server.RaftServerConfigKeys (ConfUtils.java:logGet(46)) - raft.server.read.leader.lease.enabled = false (default)
2024-04-26 07:46:08,858 [136604f8-4e12-4782-a33c-8f17bffa1c2c@group-CC9B6B7A2B93-LeaderElection86] INFO  server.RaftServerConfigKeys (ConfUtils.java:logGet(46)) - raft.server.read.leader.lease.timeout.ratio = 0.9 (default)
2024-04-26 07:46:08,858 [136604f8-4e12-4782-a33c-8f17bffa1c2c@group-CC9B6B7A2B93-LeaderElection86] INFO  server.RaftServerConfigKeys (ConfUtils.java:logGet(46)) - raft.server.rpc.timeout.min = 5s (custom)
2024-04-26 07:46:08,858 [136604f8-4e12-4782-a33c-8f17bffa1c2c@group-CC9B6B7A2B93-LeaderElection86] INFO  server.RaftServerConfigKeys (ConfUtils.java:logGet(46)) - raft.server.write.element-limit = 1024 (custom)
2024-04-26 07:46:08,858 [grpc-default-executor-2] INFO  server.RaftServer$Division (RaftServerImpl.java:requestVote(1422)) - 136604f8-4e12-4782-a33c-8f17bffa1c2c@group-8CE91570B4D6 replies to ELECTION vote request: af10ead5-859f-4a8b-b6c8-c04b91d5a3d5<-136604f8-4e12-4782-a33c-8f17bffa1c2c#0:OK-t1. Peer's state: 136604f8-4e12-4782-a33c-8f17bffa1c2c@group-8CE91570B4D6:t1, leader=null, voted=af10ead5-859f-4a8b-b6c8-c04b91d5a3d5, raftlog=Memoized:136604f8-4e12-4782-a33c-8f17bffa1c2c@group-8CE91570B4D6-SegmentedRaftLog:OPENED:c-1, conf=-1: peers:[136604f8-4e12-4782-a33c-8f17bffa1c2c|127.0.0.1:15495, af10ead5-859f-4a8b-b6c8-c04b91d5a3d5|127.0.0.1:15486, 36c84ee5-0fcd-4ea2-b6d6-812b1364d576|127.0.0.1:15504]|listeners:[], old=null
2024-04-26 07:46:08,858 [136604f8-4e12-4782-a33c-8f17bffa1c2c@group-CC9B6B7A2B93-LeaderElection86] INFO  server.RaftServerConfigKeys (ConfUtils.java:logGet(46)) - raft.server.write.follower.gap.ratio.max = -1.0 (default)
2024-04-26 07:46:08,858 [136604f8-4e12-4782-a33c-8f17bffa1c2c@group-CC9B6B7A2B93-LeaderElection86] INFO  impl.RoleInfo (RoleInfo.java:updateAndGet(139)) - 136604f8-4e12-4782-a33c-8f17bffa1c2c: start 136604f8-4e12-4782-a33c-8f17bffa1c2c@group-CC9B6B7A2B93-LeaderStateImpl
2024-04-26 07:46:08,858 [136604f8-4e12-4782-a33c-8f17bffa1c2c@group-CC9B6B7A2B93-LeaderElection86] INFO  server.RaftServer$Division (RaftServerImpl.java:setFirstElection(574)) - 136604f8-4e12-4782-a33c-8f17bffa1c2c@group-CC9B6B7A2B93: set firstElectionSinceStartup to false for becomeLeader
2024-04-26 07:46:08,858 [136604f8-4e12-4782-a33c-8f17bffa1c2c@group-CC9B6B7A2B93-LeaderElection86] INFO  ratis.XceiverServerRatis (XceiverServerRatis.java:handleLeaderChangedNotification(966)) - Leader change notification received for group: group-CC9B6B7A2B93 with new leaderId: 136604f8-4e12-4782-a33c-8f17bffa1c2c
2024-04-26 07:46:08,858 [136604f8-4e12-4782-a33c-8f17bffa1c2c@group-CC9B6B7A2B93-LeaderElection86] INFO  server.RaftServer$Division (ServerState.java:setLeader(269)) - 136604f8-4e12-4782-a33c-8f17bffa1c2c@group-CC9B6B7A2B93: change Leader from null to 136604f8-4e12-4782-a33c-8f17bffa1c2c at term 1 for becomeLeader, leader elected after 5157ms
2024-04-26 07:46:08,859 [136604f8-4e12-4782-a33c-8f17bffa1c2c@group-CC9B6B7A2B93-LeaderElection86] INFO  segmented.SegmentedRaftLogWorker (SegmentedRaftLogWorker.java:startLogSegment(430)) - 136604f8-4e12-4782-a33c-8f17bffa1c2c@group-CC9B6B7A2B93-SegmentedRaftLogWorker: Starting segment from index:0
2024-04-26 07:46:08,859 [grpc-default-executor-3] INFO  server.RaftServer$Division (RaftServerImpl.java:requestVote(1422)) - 36c84ee5-0fcd-4ea2-b6d6-812b1364d576@group-8CE91570B4D6 replies to ELECTION vote request: af10ead5-859f-4a8b-b6c8-c04b91d5a3d5<-36c84ee5-0fcd-4ea2-b6d6-812b1364d576#0:OK-t1. Peer's state: 36c84ee5-0fcd-4ea2-b6d6-812b1364d576@group-8CE91570B4D6:t1, leader=null, voted=af10ead5-859f-4a8b-b6c8-c04b91d5a3d5, raftlog=Memoized:36c84ee5-0fcd-4ea2-b6d6-812b1364d576@group-8CE91570B4D6-SegmentedRaftLog:OPENED:c-1, conf=-1: peers:[136604f8-4e12-4782-a33c-8f17bffa1c2c|127.0.0.1:15495, af10ead5-859f-4a8b-b6c8-c04b91d5a3d5|127.0.0.1:15486, 36c84ee5-0fcd-4ea2-b6d6-812b1364d576|127.0.0.1:15504]|listeners:[], old=null
2024-04-26 07:46:08,859 [136604f8-4e12-4782-a33c-8f17bffa1c2c@group-CC9B6B7A2B93-LeaderElection86] INFO  server.RaftServer$Division (ServerState.java:setRaftConf(386)) - 136604f8-4e12-4782-a33c-8f17bffa1c2c@group-CC9B6B7A2B93: set configuration 0: peers:[136604f8-4e12-4782-a33c-8f17bffa1c2c|127.0.0.1:15495]|listeners:[], old=null
2024-04-26 07:46:08,859 [136604f8-4e12-4782-a33c-8f17bffa1c2c@group-CC9B6B7A2B93-SegmentedRaftLogWorker] INFO  segmented.BufferedWriteChannel (BufferedWriteChannel.java:open(62)) - open log_inprogress_0 at position 0
2024-04-26 07:46:08,860 [af10ead5-859f-4a8b-b6c8-c04b91d5a3d5@group-8CE91570B4D6-LeaderElection84] INFO  impl.LeaderElection (LeaderElection.java:logAndReturn(89)) - af10ead5-859f-4a8b-b6c8-c04b91d5a3d5@group-8CE91570B4D6-LeaderElection84: ELECTION PASSED received 1 response(s) and 0 exception(s):
2024-04-26 07:46:08,860 [af10ead5-859f-4a8b-b6c8-c04b91d5a3d5@group-8CE91570B4D6-LeaderElection84] INFO  impl.LeaderElection (LeaderElection.java:logAndReturn(93)) -   Response 0: af10ead5-859f-4a8b-b6c8-c04b91d5a3d5<-136604f8-4e12-4782-a33c-8f17bffa1c2c#0:OK-t1
2024-04-26 07:46:08,860 [af10ead5-859f-4a8b-b6c8-c04b91d5a3d5@group-8CE91570B4D6-LeaderElection84] INFO  impl.LeaderElection (LeaderElection.java:askForVotes(323)) - af10ead5-859f-4a8b-b6c8-c04b91d5a3d5@group-8CE91570B4D6-LeaderElection84 ELECTION round 0: result PASSED
2024-04-26 07:46:08,860 [af10ead5-859f-4a8b-b6c8-c04b91d5a3d5@group-8CE91570B4D6-LeaderElection84] INFO  impl.RoleInfo (RoleInfo.java:shutdownLeaderElection(130)) - af10ead5-859f-4a8b-b6c8-c04b91d5a3d5: shutdown af10ead5-859f-4a8b-b6c8-c04b91d5a3d5@group-8CE91570B4D6-LeaderElection84
2024-04-26 07:46:08,860 [af10ead5-859f-4a8b-b6c8-c04b91d5a3d5@group-8CE91570B4D6-LeaderElection84] INFO  server.RaftServer$Division (RaftServerImpl.java:setRole(383)) - af10ead5-859f-4a8b-b6c8-c04b91d5a3d5@group-8CE91570B4D6: changes role from CANDIDATE to LEADER at term 1 for changeToLeader
2024-04-26 07:46:08,860 [af10ead5-859f-4a8b-b6c8-c04b91d5a3d5@group-8CE91570B4D6-LeaderElection84] INFO  server.RaftServerConfigKeys (ConfUtils.java:logGet(46)) - raft.server.staging.catchup.gap = 1000 (default)
2024-04-26 07:46:08,860 [af10ead5-859f-4a8b-b6c8-c04b91d5a3d5@group-8CE91570B4D6-LeaderElection84] INFO  server.RaftServerConfigKeys (ConfUtils.java:logGet(46)) - raft.server.write.element-limit = 1024 (custom)
2024-04-26 07:46:08,860 [af10ead5-859f-4a8b-b6c8-c04b91d5a3d5@group-8CE91570B4D6-LeaderElection84] INFO  server.RaftServerConfigKeys (ConfUtils.java:logGet(46)) - raft.server.write.byte-limit = 1024 M (=1073741824) (custom)
2024-04-26 07:46:08,863 [grpc-default-executor-1] INFO  server.RaftServer$Division (RaftServerImpl.java:requestVote(1389)) - 26ca528a-fda8-41f2-a9ad-48918f1fba9d@group-D9979C9DB735: receive requestVote(PRE_VOTE, e280b344-1e71-401e-97a7-3c6530ca629d, group-D9979C9DB735, 0, (t:0, i:0))
2024-04-26 07:46:08,863 [grpc-default-executor-1] INFO  impl.VoteContext (VoteContext.java:log(49)) - 26ca528a-fda8-41f2-a9ad-48918f1fba9d@group-D9979C9DB735-FOLLOWER: reject PRE_VOTE from e280b344-1e71-401e-97a7-3c6530ca629d: our priority 1 > candidate's priority 0
2024-04-26 07:46:08,863 [grpc-default-executor-1] INFO  server.RaftServer$Division (RaftServerImpl.java:requestVote(1422)) - 26ca528a-fda8-41f2-a9ad-48918f1fba9d@group-D9979C9DB735 replies to PRE_VOTE vote request: e280b344-1e71-401e-97a7-3c6530ca629d<-26ca528a-fda8-41f2-a9ad-48918f1fba9d#0:FAIL-t0. Peer's state: 26ca528a-fda8-41f2-a9ad-48918f1fba9d@group-D9979C9DB735:t0, leader=null, voted=, raftlog=Memoized:26ca528a-fda8-41f2-a9ad-48918f1fba9d@group-D9979C9DB735-SegmentedRaftLog:OPENED:c-1, conf=-1: peers:[26ca528a-fda8-41f2-a9ad-48918f1fba9d|127.0.0.1:15531, e280b344-1e71-401e-97a7-3c6530ca629d|127.0.0.1:15513, f89e5511-6660-4723-b6db-0a37c1615f1a|127.0.0.1:15522]|listeners:[], old=null
2024-04-26 07:46:08,863 [grpc-default-executor-3] INFO  server.RaftServer$Division (RaftServerImpl.java:requestVote(1389)) - f89e5511-6660-4723-b6db-0a37c1615f1a@group-D9979C9DB735: receive requestVote(PRE_VOTE, e280b344-1e71-401e-97a7-3c6530ca629d, group-D9979C9DB735, 0, (t:0, i:0))
2024-04-26 07:46:08,864 [grpc-default-executor-3] INFO  impl.VoteContext (VoteContext.java:log(49)) - f89e5511-6660-4723-b6db-0a37c1615f1a@group-D9979C9DB735-FOLLOWER: accept PRE_VOTE from e280b344-1e71-401e-97a7-3c6530ca629d: our priority 0 <= candidate's priority 0
2024-04-26 07:46:08,864 [af10ead5-859f-4a8b-b6c8-c04b91d5a3d5@group-8CE91570B4D6-LeaderElection84] INFO  server.RaftServerConfigKeys (ConfUtils.java:logGet(46)) - raft.server.watch.timeout = 3000ms (custom)
2024-04-26 07:46:08,864 [af10ead5-859f-4a8b-b6c8-c04b91d5a3d5@group-8CE91570B4D6-LeaderElection84] INFO  server.RaftServerConfigKeys (ConfUtils.java:logGet(46)) - raft.server.watch.timeout.denomination = 1s (default)
2024-04-26 07:46:08,864 [af10ead5-859f-4a8b-b6c8-c04b91d5a3d5@group-8CE91570B4D6-LeaderElection84] INFO  server.RaftServerConfigKeys (ConfUtils.java:logGet(46)) - raft.server.watch.element-limit = 65536 (default)
2024-04-26 07:46:08,864 [grpc-default-executor-3] INFO  server.RaftServer$Division (RaftServerImpl.java:requestVote(1422)) - f89e5511-6660-4723-b6db-0a37c1615f1a@group-D9979C9DB735 replies to PRE_VOTE vote request: e280b344-1e71-401e-97a7-3c6530ca629d<-f89e5511-6660-4723-b6db-0a37c1615f1a#0:OK-t0. Peer's state: f89e5511-6660-4723-b6db-0a37c1615f1a@group-D9979C9DB735:t0, leader=null, voted=, raftlog=Memoized:f89e5511-6660-4723-b6db-0a37c1615f1a@group-D9979C9DB735-SegmentedRaftLog:OPENED:c-1, conf=-1: peers:[26ca528a-fda8-41f2-a9ad-48918f1fba9d|127.0.0.1:15531, e280b344-1e71-401e-97a7-3c6530ca629d|127.0.0.1:15513, f89e5511-6660-4723-b6db-0a37c1615f1a|127.0.0.1:15522]|listeners:[], old=null
2024-04-26 07:46:08,864 [af10ead5-859f-4a8b-b6c8-c04b91d5a3d5@group-8CE91570B4D6-LeaderElection84] INFO  server.RaftServerConfigKeys (ConfUtils.java:logGet(46)) - raft.server.read.leader.lease.enabled = false (default)
2024-04-26 07:46:08,864 [af10ead5-859f-4a8b-b6c8-c04b91d5a3d5@group-8CE91570B4D6-LeaderElection84] INFO  server.RaftServerConfigKeys (ConfUtils.java:logGet(46)) - raft.server.read.leader.lease.timeout.ratio = 0.9 (default)
2024-04-26 07:46:08,864 [af10ead5-859f-4a8b-b6c8-c04b91d5a3d5@group-8CE91570B4D6-LeaderElection84] INFO  server.RaftServerConfigKeys (ConfUtils.java:logGet(46)) - raft.server.rpc.timeout.min = 5s (custom)
2024-04-26 07:46:08,864 [af10ead5-859f-4a8b-b6c8-c04b91d5a3d5@group-8CE91570B4D6-LeaderElection84] INFO  server.RaftServerConfigKeys (ConfUtils.java:logGet(46)) - raft.server.write.element-limit = 1024 (custom)
2024-04-26 07:46:08,864 [af10ead5-859f-4a8b-b6c8-c04b91d5a3d5@group-8CE91570B4D6-LeaderElection84] INFO  server.RaftServerConfigKeys (ConfUtils.java:logGet(46)) - raft.server.write.follower.gap.ratio.max = -1.0 (default)
2024-04-26 07:46:08,865 [af10ead5-859f-4a8b-b6c8-c04b91d5a3d5@group-8CE91570B4D6-LeaderElection84] INFO  server.RaftServerConfigKeys (ConfUtils.java:logGet(46)) - raft.server.log.appender.snapshot.chunk.size.max = 16MB (=16777216) (default)
2024-04-26 07:46:08,865 [af10ead5-859f-4a8b-b6c8-c04b91d5a3d5@group-8CE91570B4D6-LeaderElection84] INFO  server.RaftServerConfigKeys (ConfUtils.java:logGet(46)) - raft.server.log.appender.buffer.byte-limit = 8388608 (custom)
2024-04-26 07:46:08,865 [af10ead5-859f-4a8b-b6c8-c04b91d5a3d5@group-8CE91570B4D6-LeaderElection84] INFO  server.RaftServerConfigKeys (ConfUtils.java:logGet(46)) - raft.server.log.appender.buffer.element-limit = 1 (custom)
2024-04-26 07:46:08,865 [af10ead5-859f-4a8b-b6c8-c04b91d5a3d5@group-8CE91570B4D6-LeaderElection84] INFO  server.RaftServerConfigKeys (ConfUtils.java:logGet(46)) - raft.server.log.appender.wait-time.min = 0ms (custom)
2024-04-26 07:46:08,865 [af10ead5-859f-4a8b-b6c8-c04b91d5a3d5@group-8CE91570B4D6-LeaderElection84] INFO  grpc.GrpcConfigKeys (ConfUtils.java:logGet(46)) - raft.grpc.server.leader.outstanding.appends.max = 8 (default)
2024-04-26 07:46:08,865 [af10ead5-859f-4a8b-b6c8-c04b91d5a3d5@group-8CE91570B4D6-LeaderElection84] INFO  server.RaftServerConfigKeys (ConfUtils.java:logGet(46)) - raft.server.rpc.request.timeout = 3000ms (default)
2024-04-26 07:46:08,865 [af10ead5-859f-4a8b-b6c8-c04b91d5a3d5@group-8CE91570B4D6-LeaderElection84] INFO  grpc.GrpcConfigKeys (ConfUtils.java:logGet(46)) - raft.grpc.server.install_snapshot.request.element-limit = 8 (default)
2024-04-26 07:46:08,865 [af10ead5-859f-4a8b-b6c8-c04b91d5a3d5@group-8CE91570B4D6-LeaderElection84] INFO  grpc.GrpcConfigKeys (ConfUtils.java:logGet(46)) - raft.grpc.server.install_snapshot.request.timeout = 3000ms (default)
2024-04-26 07:46:08,865 [af10ead5-859f-4a8b-b6c8-c04b91d5a3d5@group-8CE91570B4D6-LeaderElection84] INFO  grpc.GrpcConfigKeys (ConfUtils.java:logGet(46)) - raft.grpc.server.log-message.batch.duration = 5s (default)
2024-04-26 07:46:08,865 [af10ead5-859f-4a8b-b6c8-c04b91d5a3d5@group-8CE91570B4D6-LeaderElection84] INFO  server.RaftServerConfigKeys (ConfUtils.java:logGet(46)) - raft.server.log.appender.install.snapshot.enabled = false (custom)
2024-04-26 07:46:08,865 [af10ead5-859f-4a8b-b6c8-c04b91d5a3d5@group-8CE91570B4D6-LeaderElection84] INFO  grpc.GrpcConfigKeys (ConfUtils.java:logGet(46)) - raft.grpc.server.heartbeat.channel = true (default)
2024-04-26 07:46:08,866 [af10ead5-859f-4a8b-b6c8-c04b91d5a3d5@group-8CE91570B4D6-LeaderElection84] INFO  server.RaftServerConfigKeys (ConfUtils.java:logGet(46)) - raft.server.log.appender.snapshot.chunk.size.max = 16MB (=16777216) (default)
2024-04-26 07:46:08,866 [af10ead5-859f-4a8b-b6c8-c04b91d5a3d5@group-8CE91570B4D6-LeaderElection84] INFO  server.RaftServerConfigKeys (ConfUtils.java:logGet(46)) - raft.server.log.appender.buffer.byte-limit = 8388608 (custom)
2024-04-26 07:46:08,866 [af10ead5-859f-4a8b-b6c8-c04b91d5a3d5@group-8CE91570B4D6-LeaderElection84] INFO  server.RaftServerConfigKeys (ConfUtils.java:logGet(46)) - raft.server.log.appender.buffer.element-limit = 1 (custom)
2024-04-26 07:46:08,866 [af10ead5-859f-4a8b-b6c8-c04b91d5a3d5@group-8CE91570B4D6-LeaderElection84] INFO  server.RaftServerConfigKeys (ConfUtils.java:logGet(46)) - raft.server.log.appender.wait-time.min = 0ms (custom)
2024-04-26 07:46:08,866 [af10ead5-859f-4a8b-b6c8-c04b91d5a3d5@group-8CE91570B4D6-LeaderElection84] INFO  grpc.GrpcConfigKeys (ConfUtils.java:logGet(46)) - raft.grpc.server.leader.outstanding.appends.max = 8 (default)
2024-04-26 07:46:08,866 [af10ead5-859f-4a8b-b6c8-c04b91d5a3d5@group-8CE91570B4D6-LeaderElection84] INFO  server.RaftServerConfigKeys (ConfUtils.java:logGet(46)) - raft.server.rpc.request.timeout = 3000ms (default)
2024-04-26 07:46:08,866 [af10ead5-859f-4a8b-b6c8-c04b91d5a3d5@group-8CE91570B4D6-LeaderElection84] INFO  grpc.GrpcConfigKeys (ConfUtils.java:logGet(46)) - raft.grpc.server.install_snapshot.request.element-limit = 8 (default)
2024-04-26 07:46:08,866 [af10ead5-859f-4a8b-b6c8-c04b91d5a3d5@group-8CE91570B4D6-LeaderElection84] INFO  grpc.GrpcConfigKeys (ConfUtils.java:logGet(46)) - raft.grpc.server.install_snapshot.request.timeout = 3000ms (default)
2024-04-26 07:46:08,867 [af10ead5-859f-4a8b-b6c8-c04b91d5a3d5@group-8CE91570B4D6-LeaderElection84] INFO  grpc.GrpcConfigKeys (ConfUtils.java:logGet(46)) - raft.grpc.server.log-message.batch.duration = 5s (default)
2024-04-26 07:46:08,867 [af10ead5-859f-4a8b-b6c8-c04b91d5a3d5@group-8CE91570B4D6-LeaderElection84] INFO  server.RaftServerConfigKeys (ConfUtils.java:logGet(46)) - raft.server.log.appender.install.snapshot.enabled = false (custom)
2024-04-26 07:46:08,867 [af10ead5-859f-4a8b-b6c8-c04b91d5a3d5@group-8CE91570B4D6-LeaderElection84] INFO  grpc.GrpcConfigKeys (ConfUtils.java:logGet(46)) - raft.grpc.server.heartbeat.channel = true (default)
2024-04-26 07:46:08,867 [af10ead5-859f-4a8b-b6c8-c04b91d5a3d5@group-8CE91570B4D6-LeaderElection84] INFO  impl.RoleInfo (RoleInfo.java:updateAndGet(139)) - af10ead5-859f-4a8b-b6c8-c04b91d5a3d5: start af10ead5-859f-4a8b-b6c8-c04b91d5a3d5@group-8CE91570B4D6-LeaderStateImpl
2024-04-26 07:46:08,867 [af10ead5-859f-4a8b-b6c8-c04b91d5a3d5@group-8CE91570B4D6-LeaderElection84] INFO  server.RaftServer$Division (RaftServerImpl.java:setFirstElection(574)) - af10ead5-859f-4a8b-b6c8-c04b91d5a3d5@group-8CE91570B4D6: set firstElectionSinceStartup to false for becomeLeader
2024-04-26 07:46:08,867 [af10ead5-859f-4a8b-b6c8-c04b91d5a3d5@group-8CE91570B4D6-LeaderElection84] INFO  ratis.XceiverServerRatis (XceiverServerRatis.java:handleLeaderChangedNotification(966)) - Leader change notification received for group: group-8CE91570B4D6 with new leaderId: af10ead5-859f-4a8b-b6c8-c04b91d5a3d5
2024-04-26 07:46:08,867 [af10ead5-859f-4a8b-b6c8-c04b91d5a3d5@group-8CE91570B4D6-LeaderElection84] INFO  server.RaftServer$Division (ServerState.java:setLeader(269)) - af10ead5-859f-4a8b-b6c8-c04b91d5a3d5@group-8CE91570B4D6: change Leader from null to af10ead5-859f-4a8b-b6c8-c04b91d5a3d5 at term 1 for becomeLeader, leader elected after 5204ms
2024-04-26 07:46:08,867 [af10ead5-859f-4a8b-b6c8-c04b91d5a3d5@group-8CE91570B4D6-LeaderElection84] INFO  segmented.SegmentedRaftLogWorker (SegmentedRaftLogWorker.java:startLogSegment(430)) - af10ead5-859f-4a8b-b6c8-c04b91d5a3d5@group-8CE91570B4D6-SegmentedRaftLogWorker: Starting segment from index:0
2024-04-26 07:46:08,867 [af10ead5-859f-4a8b-b6c8-c04b91d5a3d5@group-8CE91570B4D6-LeaderElection84] INFO  server.RaftServer$Division (ServerState.java:setRaftConf(386)) - af10ead5-859f-4a8b-b6c8-c04b91d5a3d5@group-8CE91570B4D6: set configuration 0: peers:[136604f8-4e12-4782-a33c-8f17bffa1c2c|127.0.0.1:15495, af10ead5-859f-4a8b-b6c8-c04b91d5a3d5|127.0.0.1:15486, 36c84ee5-0fcd-4ea2-b6d6-812b1364d576|127.0.0.1:15504]|listeners:[], old=null
2024-04-26 07:46:08,867 [e280b344-1e71-401e-97a7-3c6530ca629d@group-D9979C9DB735-LeaderElection85] INFO  impl.LeaderElection (LeaderElection.java:logAndReturn(89)) - e280b344-1e71-401e-97a7-3c6530ca629d@group-D9979C9DB735-LeaderElection85: PRE_VOTE REJECTED received 1 response(s) and 0 exception(s):
2024-04-26 07:46:08,867 [e280b344-1e71-401e-97a7-3c6530ca629d@group-D9979C9DB735-LeaderElection85] INFO  impl.LeaderElection (LeaderElection.java:logAndReturn(93)) -   Response 0: e280b344-1e71-401e-97a7-3c6530ca629d<-26ca528a-fda8-41f2-a9ad-48918f1fba9d#0:FAIL-t0
2024-04-26 07:46:08,867 [af10ead5-859f-4a8b-b6c8-c04b91d5a3d5@group-8CE91570B4D6-SegmentedRaftLogWorker] INFO  segmented.BufferedWriteChannel (BufferedWriteChannel.java:open(62)) - open log_inprogress_0 at position 0
2024-04-26 07:46:08,868 [136604f8-4e12-4782-a33c-8f17bffa1c2c@group-CC9B6B7A2B93-SegmentedRaftLogWorker] INFO  segmented.SegmentedRaftLogWorker (SegmentedRaftLogWorker.java:execute(634)) - 136604f8-4e12-4782-a33c-8f17bffa1c2c@group-CC9B6B7A2B93-SegmentedRaftLogWorker: created new log segment /home/runner/work/ozone/ozone/hadoop-ozone/integration-test/target/test-dir/MiniOzoneClusterImpl-864451be-9a12-4508-8431-6d052999593c/ozone-meta/datanode-5/ratis/fe5eb942-71db-4d90-babe-cc9b6b7a2b93/current/log_inprogress_0
2024-04-26 07:46:08,868 [EventQueue-PipelineReportForPipelineReportHandler] INFO  pipeline.PipelineReportHandler (PipelineReportHandler.java:processPipelineReport(136)) - Opened pipeline PipelineID=59219069-eaf1-4b40-948f-8ce91570b4d6
2024-04-26 07:46:08,867 [e280b344-1e71-401e-97a7-3c6530ca629d@group-D9979C9DB735-LeaderElection85] INFO  impl.LeaderElection (LeaderElection.java:askForVotes(323)) - e280b344-1e71-401e-97a7-3c6530ca629d@group-D9979C9DB735-LeaderElection85 PRE_VOTE round 0: result REJECTED
2024-04-26 07:46:08,870 [136604f8-4e12-4782-a33c-8f17bffa1c2c@group-CC9B6B7A2B93-StateMachineUpdater] INFO  server.RaftServer$Division (LeaderStateImpl.java:isApplied(320)) - leader is ready since appliedIndex == 0 >= startIndex == 0
2024-04-26 07:46:08,872 [e280b344-1e71-401e-97a7-3c6530ca629d@group-D9979C9DB735-LeaderElection85] INFO  server.RaftServer$Division (RaftServerImpl.java:setRole(383)) - e280b344-1e71-401e-97a7-3c6530ca629d@group-D9979C9DB735: changes role from CANDIDATE to FOLLOWER at term 0 for REJECTED
2024-04-26 07:46:08,872 [e280b344-1e71-401e-97a7-3c6530ca629d@group-D9979C9DB735-LeaderElection85] INFO  impl.RoleInfo (RoleInfo.java:shutdownLeaderElection(130)) - e280b344-1e71-401e-97a7-3c6530ca629d: shutdown e280b344-1e71-401e-97a7-3c6530ca629d@group-D9979C9DB735-LeaderElection85
2024-04-26 07:46:08,872 [e280b344-1e71-401e-97a7-3c6530ca629d@group-D9979C9DB735-LeaderElection85] INFO  impl.RoleInfo (RoleInfo.java:updateAndGet(139)) - e280b344-1e71-401e-97a7-3c6530ca629d: start e280b344-1e71-401e-97a7-3c6530ca629d@group-D9979C9DB735-FollowerState
2024-04-26 07:46:08,875 [af10ead5-859f-4a8b-b6c8-c04b91d5a3d5@group-8CE91570B4D6-SegmentedRaftLogWorker] INFO  segmented.SegmentedRaftLogWorker (SegmentedRaftLogWorker.java:execute(634)) - af10ead5-859f-4a8b-b6c8-c04b91d5a3d5@group-8CE91570B4D6-SegmentedRaftLogWorker: created new log segment /home/runner/work/ozone/ozone/hadoop-ozone/integration-test/target/test-dir/MiniOzoneClusterImpl-864451be-9a12-4508-8431-6d052999593c/ozone-meta/datanode-4/ratis/59219069-eaf1-4b40-948f-8ce91570b4d6/current/log_inprogress_0
2024-04-26 07:46:08,876 [e280b344-1e71-401e-97a7-3c6530ca629d@group-D9979C9DB735-LeaderElection85] INFO  server.RaftServer$Division (RaftServerImpl.java:setFirstElection(574)) - e280b344-1e71-401e-97a7-3c6530ca629d@group-D9979C9DB735: set firstElectionSinceStartup to false for REJECTED
2024-04-26 07:46:08,879 [f89e5511-6660-4723-b6db-0a37c1615f1a@group-9B4B29D93724-FollowerState] INFO  impl.FollowerState (FollowerState.java:run(143)) - f89e5511-6660-4723-b6db-0a37c1615f1a@group-9B4B29D93724-FollowerState: change to CANDIDATE, lastRpcElapsedTime:5006576797ns, electionTimeout:5005ms
2024-04-26 07:46:08,880 [f89e5511-6660-4723-b6db-0a37c1615f1a@group-9B4B29D93724-FollowerState] INFO  impl.RoleInfo (RoleInfo.java:shutdownFollowerState(110)) - f89e5511-6660-4723-b6db-0a37c1615f1a: shutdown f89e5511-6660-4723-b6db-0a37c1615f1a@group-9B4B29D93724-FollowerState
2024-04-26 07:46:08,880 [f89e5511-6660-4723-b6db-0a37c1615f1a@group-9B4B29D93724-FollowerState] INFO  server.RaftServer$Division (RaftServerImpl.java:setRole(383)) - f89e5511-6660-4723-b6db-0a37c1615f1a@group-9B4B29D93724: changes role from  FOLLOWER to CANDIDATE at term 0 for changeToCandidate
2024-04-26 07:46:08,880 [f89e5511-6660-4723-b6db-0a37c1615f1a@group-9B4B29D93724-FollowerState] INFO  server.RaftServerConfigKeys (ConfUtils.java:logGet(46)) - raft.server.leaderelection.pre-vote = true (default)
2024-04-26 07:46:08,880 [f89e5511-6660-4723-b6db-0a37c1615f1a@group-9B4B29D93724-FollowerState] INFO  impl.RoleInfo (RoleInfo.java:updateAndGet(139)) - f89e5511-6660-4723-b6db-0a37c1615f1a: start f89e5511-6660-4723-b6db-0a37c1615f1a@group-9B4B29D93724-LeaderElection87
2024-04-26 07:46:08,881 [36c84ee5-0fcd-4ea2-b6d6-812b1364d576-server-thread1] INFO  ratis.XceiverServerRatis (XceiverServerRatis.java:handleLeaderChangedNotification(966)) - Leader change notification received for group: group-8CE91570B4D6 with new leaderId: af10ead5-859f-4a8b-b6c8-c04b91d5a3d5
2024-04-26 07:46:08,881 [136604f8-4e12-4782-a33c-8f17bffa1c2c-server-thread1] INFO  ratis.XceiverServerRatis (XceiverServerRatis.java:handleLeaderChangedNotification(966)) - Leader change notification received for group: group-8CE91570B4D6 with new leaderId: af10ead5-859f-4a8b-b6c8-c04b91d5a3d5
2024-04-26 07:46:08,881 [136604f8-4e12-4782-a33c-8f17bffa1c2c-server-thread1] INFO  server.RaftServer$Division (ServerState.java:setLeader(269)) - 136604f8-4e12-4782-a33c-8f17bffa1c2c@group-8CE91570B4D6: change Leader from null to af10ead5-859f-4a8b-b6c8-c04b91d5a3d5 at term 1 for appendEntries, leader elected after 5202ms
2024-04-26 07:46:08,881 [36c84ee5-0fcd-4ea2-b6d6-812b1364d576-server-thread1] INFO  server.RaftServer$Division (ServerState.java:setLeader(269)) - 36c84ee5-0fcd-4ea2-b6d6-812b1364d576@group-8CE91570B4D6: change Leader from null to af10ead5-859f-4a8b-b6c8-c04b91d5a3d5 at term 1 for appendEntries, leader elected after 5185ms
2024-04-26 07:46:08,882 [36c84ee5-0fcd-4ea2-b6d6-812b1364d576-server-thread2] INFO  server.RaftServer$Division (ServerState.java:setRaftConf(386)) - 36c84ee5-0fcd-4ea2-b6d6-812b1364d576@group-8CE91570B4D6: set configuration 0: peers:[136604f8-4e12-4782-a33c-8f17bffa1c2c|127.0.0.1:15495, af10ead5-859f-4a8b-b6c8-c04b91d5a3d5|127.0.0.1:15486, 36c84ee5-0fcd-4ea2-b6d6-812b1364d576|127.0.0.1:15504]|listeners:[], old=null
2024-04-26 07:46:08,882 [36c84ee5-0fcd-4ea2-b6d6-812b1364d576-server-thread2] INFO  segmented.SegmentedRaftLogWorker (SegmentedRaftLogWorker.java:startLogSegment(430)) - 36c84ee5-0fcd-4ea2-b6d6-812b1364d576@group-8CE91570B4D6-SegmentedRaftLogWorker: Starting segment from index:0
2024-04-26 07:46:08,882 [36c84ee5-0fcd-4ea2-b6d6-812b1364d576@group-8CE91570B4D6-SegmentedRaftLogWorker] INFO  segmented.BufferedWriteChannel (BufferedWriteChannel.java:open(62)) - open log_inprogress_0 at position 0
2024-04-26 07:46:08,887 [main] INFO  ozone.MiniOzoneClusterImpl (MiniOzoneClusterImpl.java:lambda$waitForClusterToBeReady$0(194)) - Nodes are ready. Got 9 of 9 DN Heartbeats.
2024-04-26 07:46:08,887 [main] INFO  ozone.MiniOzoneClusterImpl (MiniOzoneClusterImpl.java:lambda$waitForClusterToBeReady$0(197)) - Cluster exits safe mode
2024-04-26 07:46:08,887 [main] INFO  ozone.MiniOzoneClusterImpl (MiniOzoneClusterImpl.java:lambda$waitForClusterToBeReady$0(199)) - SCM became leader
2024-04-26 07:46:08,888 [f89e5511-6660-4723-b6db-0a37c1615f1a@group-D9979C9DB735-FollowerState] INFO  server.RaftServerConfigKeys (ConfUtils.java:logFallback(53)) - raft.server.rpc.first-election.timeout.min = 5s (fallback to raft.server.rpc.timeout.min)
2024-04-26 07:46:08,888 [f89e5511-6660-4723-b6db-0a37c1615f1a@group-D9979C9DB735-FollowerState] INFO  server.RaftServerConfigKeys (ConfUtils.java:logFallback(53)) - raft.server.rpc.first-election.timeout.max = 5200ms (fallback to raft.server.rpc.timeout.max)
2024-04-26 07:46:08,888 [main] INFO  protocolPB.OmTransportFactory (OmTransportFactory.java:createFactory(62)) - Loading OM transport implementation org.apache.hadoop.ozone.om.protocolPB.Hadoop3OmTransportFactory as specified by configuration.
2024-04-26 07:46:08,889 [36c84ee5-0fcd-4ea2-b6d6-812b1364d576@group-8CE91570B4D6-SegmentedRaftLogWorker] INFO  segmented.SegmentedRaftLogWorker (SegmentedRaftLogWorker.java:execute(634)) - 36c84ee5-0fcd-4ea2-b6d6-812b1364d576@group-8CE91570B4D6-SegmentedRaftLogWorker: created new log segment /home/runner/work/ozone/ozone/hadoop-ozone/integration-test/target/test-dir/MiniOzoneClusterImpl-864451be-9a12-4508-8431-6d052999593c/ozone-meta/datanode-6/ratis/59219069-eaf1-4b40-948f-8ce91570b4d6/current/log_inprogress_0
2024-04-26 07:46:08,893 [af10ead5-859f-4a8b-b6c8-c04b91d5a3d5@group-8CE91570B4D6-StateMachineUpdater] INFO  server.RaftServer$Division (LeaderStateImpl.java:isApplied(320)) - leader is ready since appliedIndex == 0 >= startIndex == 0
2024-04-26 07:46:08,893 [36c84ee5-0fcd-4ea2-b6d6-812b1364d576@group-156078557861-FollowerState] INFO  impl.FollowerState (FollowerState.java:run(143)) - 36c84ee5-0fcd-4ea2-b6d6-812b1364d576@group-156078557861-FollowerState: change to CANDIDATE, lastRpcElapsedTime:5143435192ns, electionTimeout:5143ms
2024-04-26 07:46:08,893 [36c84ee5-0fcd-4ea2-b6d6-812b1364d576@group-156078557861-FollowerState] INFO  impl.RoleInfo (RoleInfo.java:shutdownFollowerState(110)) - 36c84ee5-0fcd-4ea2-b6d6-812b1364d576: shutdown 36c84ee5-0fcd-4ea2-b6d6-812b1364d576@group-156078557861-FollowerState
2024-04-26 07:46:08,893 [36c84ee5-0fcd-4ea2-b6d6-812b1364d576@group-156078557861-FollowerState] INFO  server.RaftServer$Division (RaftServerImpl.java:setRole(383)) - 36c84ee5-0fcd-4ea2-b6d6-812b1364d576@group-156078557861: changes role from  FOLLOWER to CANDIDATE at term 0 for changeToCandidate
2024-04-26 07:46:08,893 [36c84ee5-0fcd-4ea2-b6d6-812b1364d576@group-156078557861-FollowerState] INFO  server.RaftServerConfigKeys (ConfUtils.java:logGet(46)) - raft.server.leaderelection.pre-vote = true (default)
2024-04-26 07:46:08,893 [36c84ee5-0fcd-4ea2-b6d6-812b1364d576@group-156078557861-FollowerState] INFO  impl.RoleInfo (RoleInfo.java:updateAndGet(139)) - 36c84ee5-0fcd-4ea2-b6d6-812b1364d576: start 36c84ee5-0fcd-4ea2-b6d6-812b1364d576@group-156078557861-LeaderElection88
2024-04-26 07:46:08,899 [f89e5511-6660-4723-b6db-0a37c1615f1a@group-9B4B29D93724-LeaderElection87] INFO  impl.LeaderElection (LeaderElection.java:askForVotes(321)) - f89e5511-6660-4723-b6db-0a37c1615f1a@group-9B4B29D93724-LeaderElection87 PRE_VOTE round 0: submit vote requests at term 0 for -1: peers:[f89e5511-6660-4723-b6db-0a37c1615f1a|127.0.0.1:15522]|listeners:[], old=null
2024-04-26 07:46:08,899 [f89e5511-6660-4723-b6db-0a37c1615f1a@group-9B4B29D93724-LeaderElection87] INFO  impl.LeaderElection (LeaderElection.java:askForVotes(323)) - f89e5511-6660-4723-b6db-0a37c1615f1a@group-9B4B29D93724-LeaderElection87 PRE_VOTE round 0: result PASSED (term=0)
2024-04-26 07:46:08,899 [136604f8-4e12-4782-a33c-8f17bffa1c2c-server-thread2] INFO  server.RaftServer$Division (ServerState.java:setRaftConf(386)) - 136604f8-4e12-4782-a33c-8f17bffa1c2c@group-8CE91570B4D6: set configuration 0: peers:[136604f8-4e12-4782-a33c-8f17bffa1c2c|127.0.0.1:15495, af10ead5-859f-4a8b-b6c8-c04b91d5a3d5|127.0.0.1:15486, 36c84ee5-0fcd-4ea2-b6d6-812b1364d576|127.0.0.1:15504]|listeners:[], old=null
2024-04-26 07:46:08,899 [136604f8-4e12-4782-a33c-8f17bffa1c2c-server-thread2] INFO  segmented.SegmentedRaftLogWorker (SegmentedRaftLogWorker.java:startLogSegment(430)) - 136604f8-4e12-4782-a33c-8f17bffa1c2c@group-8CE91570B4D6-SegmentedRaftLogWorker: Starting segment from index:0
2024-04-26 07:46:08,899 [136604f8-4e12-4782-a33c-8f17bffa1c2c@group-8CE91570B4D6-SegmentedRaftLogWorker] INFO  segmented.BufferedWriteChannel (BufferedWriteChannel.java:open(62)) - open log_inprogress_0 at position 0
2024-04-26 07:46:08,901 [f89e5511-6660-4723-b6db-0a37c1615f1a@group-9B4B29D93724-LeaderElection87] INFO  impl.LeaderElection (LeaderElection.java:askForVotes(321)) - f89e5511-6660-4723-b6db-0a37c1615f1a@group-9B4B29D93724-LeaderElection87 ELECTION round 0: submit vote requests at term 1 for -1: peers:[f89e5511-6660-4723-b6db-0a37c1615f1a|127.0.0.1:15522]|listeners:[], old=null
2024-04-26 07:46:08,901 [f89e5511-6660-4723-b6db-0a37c1615f1a@group-9B4B29D93724-LeaderElection87] INFO  impl.LeaderElection (LeaderElection.java:askForVotes(323)) - f89e5511-6660-4723-b6db-0a37c1615f1a@group-9B4B29D93724-LeaderElection87 ELECTION round 0: result PASSED (term=1)
2024-04-26 07:46:08,901 [f89e5511-6660-4723-b6db-0a37c1615f1a@group-9B4B29D93724-LeaderElection87] INFO  impl.RoleInfo (RoleInfo.java:shutdownLeaderElection(130)) - f89e5511-6660-4723-b6db-0a37c1615f1a: shutdown f89e5511-6660-4723-b6db-0a37c1615f1a@group-9B4B29D93724-LeaderElection87
2024-04-26 07:46:08,901 [f89e5511-6660-4723-b6db-0a37c1615f1a@group-9B4B29D93724-LeaderElection87] INFO  server.RaftServer$Division (RaftServerImpl.java:setRole(383)) - f89e5511-6660-4723-b6db-0a37c1615f1a@group-9B4B29D93724: changes role from CANDIDATE to LEADER at term 1 for changeToLeader
2024-04-26 07:46:08,902 [f89e5511-6660-4723-b6db-0a37c1615f1a@group-9B4B29D93724-LeaderElection87] INFO  server.RaftServerConfigKeys (ConfUtils.java:logGet(46)) - raft.server.staging.catchup.gap = 1000 (default)
2024-04-26 07:46:08,902 [f89e5511-6660-4723-b6db-0a37c1615f1a@group-9B4B29D93724-LeaderElection87] INFO  server.RaftServerConfigKeys (ConfUtils.java:logGet(46)) - raft.server.write.element-limit = 1024 (custom)
2024-04-26 07:46:08,902 [f89e5511-6660-4723-b6db-0a37c1615f1a@group-9B4B29D93724-LeaderElection87] INFO  server.RaftServerConfigKeys (ConfUtils.java:logGet(46)) - raft.server.write.byte-limit = 1024 M (=1073741824) (custom)
2024-04-26 07:46:08,902 [f89e5511-6660-4723-b6db-0a37c1615f1a@group-9B4B29D93724-LeaderElection87] INFO  server.RaftServerConfigKeys (ConfUtils.java:logGet(46)) - raft.server.watch.timeout = 3000ms (custom)
2024-04-26 07:46:08,902 [f89e5511-6660-4723-b6db-0a37c1615f1a@group-9B4B29D93724-LeaderElection87] INFO  server.RaftServerConfigKeys (ConfUtils.java:logGet(46)) - raft.server.watch.timeout.denomination = 1s (default)
2024-04-26 07:46:08,902 [f89e5511-6660-4723-b6db-0a37c1615f1a@group-9B4B29D93724-LeaderElection87] INFO  server.RaftServerConfigKeys (ConfUtils.java:logGet(46)) - raft.server.watch.element-limit = 65536 (default)
2024-04-26 07:46:08,902 [f89e5511-6660-4723-b6db-0a37c1615f1a@group-9B4B29D93724-LeaderElection87] INFO  server.RaftServerConfigKeys (ConfUtils.java:logGet(46)) - raft.server.read.leader.lease.enabled = false (default)
2024-04-26 07:46:08,902 [f89e5511-6660-4723-b6db-0a37c1615f1a@group-9B4B29D93724-LeaderElection87] INFO  server.RaftServerConfigKeys (ConfUtils.java:logGet(46)) - raft.server.read.leader.lease.timeout.ratio = 0.9 (default)
2024-04-26 07:46:08,902 [f89e5511-6660-4723-b6db-0a37c1615f1a@group-9B4B29D93724-LeaderElection87] INFO  server.RaftServerConfigKeys (ConfUtils.java:logGet(46)) - raft.server.rpc.timeout.min = 5s (custom)
2024-04-26 07:46:08,902 [f89e5511-6660-4723-b6db-0a37c1615f1a@group-9B4B29D93724-LeaderElection87] INFO  server.RaftServerConfigKeys (ConfUtils.java:logGet(46)) - raft.server.write.element-limit = 1024 (custom)
2024-04-26 07:46:08,903 [f89e5511-6660-4723-b6db-0a37c1615f1a@group-9B4B29D93724-LeaderElection87] INFO  server.RaftServerConfigKeys (ConfUtils.java:logGet(46)) - raft.server.write.follower.gap.ratio.max = -1.0 (default)
2024-04-26 07:46:08,903 [f89e5511-6660-4723-b6db-0a37c1615f1a@group-9B4B29D93724-LeaderElection87] INFO  impl.RoleInfo (RoleInfo.java:updateAndGet(139)) - f89e5511-6660-4723-b6db-0a37c1615f1a: start f89e5511-6660-4723-b6db-0a37c1615f1a@group-9B4B29D93724-LeaderStateImpl
2024-04-26 07:46:08,903 [f89e5511-6660-4723-b6db-0a37c1615f1a@group-9B4B29D93724-LeaderElection87] INFO  server.RaftServer$Division (RaftServerImpl.java:setFirstElection(574)) - f89e5511-6660-4723-b6db-0a37c1615f1a@group-9B4B29D93724: set firstElectionSinceStartup to false for becomeLeader
2024-04-26 07:46:08,903 [f89e5511-6660-4723-b6db-0a37c1615f1a@group-9B4B29D93724-LeaderElection87] INFO  ratis.XceiverServerRatis (XceiverServerRatis.java:handleLeaderChangedNotification(966)) - Leader change notification received for group: group-9B4B29D93724 with new leaderId: f89e5511-6660-4723-b6db-0a37c1615f1a
2024-04-26 07:46:08,903 [f89e5511-6660-4723-b6db-0a37c1615f1a@group-9B4B29D93724-LeaderElection87] INFO  server.RaftServer$Division (ServerState.java:setLeader(269)) - f89e5511-6660-4723-b6db-0a37c1615f1a@group-9B4B29D93724: change Leader from null to f89e5511-6660-4723-b6db-0a37c1615f1a at term 1 for becomeLeader, leader elected after 5057ms
2024-04-26 07:46:08,903 [f89e5511-6660-4723-b6db-0a37c1615f1a@group-9B4B29D93724-LeaderElection87] INFO  segmented.SegmentedRaftLogWorker (SegmentedRaftLogWorker.java:startLogSegment(430)) - f89e5511-6660-4723-b6db-0a37c1615f1a@group-9B4B29D93724-SegmentedRaftLogWorker: Starting segment from index:0
2024-04-26 07:46:08,903 [f89e5511-6660-4723-b6db-0a37c1615f1a@group-9B4B29D93724-SegmentedRaftLogWorker] INFO  segmented.BufferedWriteChannel (BufferedWriteChannel.java:open(62)) - open log_inprogress_0 at position 0
2024-04-26 07:46:08,906 [f89e5511-6660-4723-b6db-0a37c1615f1a@group-9B4B29D93724-LeaderElection87] INFO  server.RaftServer$Division (ServerState.java:setRaftConf(386)) - f89e5511-6660-4723-b6db-0a37c1615f1a@group-9B4B29D93724: set configuration 0: peers:[f89e5511-6660-4723-b6db-0a37c1615f1a|127.0.0.1:15522]|listeners:[], old=null
2024-04-26 07:46:08,908 [36c84ee5-0fcd-4ea2-b6d6-812b1364d576@group-156078557861-LeaderElection88] INFO  impl.LeaderElection (LeaderElection.java:askForVotes(321)) - 36c84ee5-0fcd-4ea2-b6d6-812b1364d576@group-156078557861-LeaderElection88 PRE_VOTE round 0: submit vote requests at term 0 for -1: peers:[36c84ee5-0fcd-4ea2-b6d6-812b1364d576|127.0.0.1:15504]|listeners:[], old=null
2024-04-26 07:46:08,909 [36c84ee5-0fcd-4ea2-b6d6-812b1364d576@group-156078557861-LeaderElection88] INFO  impl.LeaderElection (LeaderElection.java:askForVotes(323)) - 36c84ee5-0fcd-4ea2-b6d6-812b1364d576@group-156078557861-LeaderElection88 PRE_VOTE round 0: result PASSED (term=0)
2024-04-26 07:46:08,911 [f89e5511-6660-4723-b6db-0a37c1615f1a@group-9B4B29D93724-SegmentedRaftLogWorker] INFO  segmented.SegmentedRaftLogWorker (SegmentedRaftLogWorker.java:execute(634)) - f89e5511-6660-4723-b6db-0a37c1615f1a@group-9B4B29D93724-SegmentedRaftLogWorker: created new log segment /home/runner/work/ozone/ozone/hadoop-ozone/integration-test/target/test-dir/MiniOzoneClusterImpl-864451be-9a12-4508-8431-6d052999593c/ozone-meta/datanode-8/ratis/09e91f8d-181b-4fdb-9c43-9b4b29d93724/current/log_inprogress_0
2024-04-26 07:46:08,911 [main] INFO  rpc.RpcClient (RpcClient.java:createVolume(466)) - Creating Volume: watchforcommithandlingtest, with runner as owner and space quota set to -1 bytes, counts quota set to -1
2024-04-26 07:46:08,911 [36c84ee5-0fcd-4ea2-b6d6-812b1364d576@group-156078557861-LeaderElection88] INFO  impl.LeaderElection (LeaderElection.java:askForVotes(321)) - 36c84ee5-0fcd-4ea2-b6d6-812b1364d576@group-156078557861-LeaderElection88 ELECTION round 0: submit vote requests at term 1 for -1: peers:[36c84ee5-0fcd-4ea2-b6d6-812b1364d576|127.0.0.1:15504]|listeners:[], old=null
2024-04-26 07:46:08,911 [36c84ee5-0fcd-4ea2-b6d6-812b1364d576@group-156078557861-LeaderElection88] INFO  impl.LeaderElection (LeaderElection.java:askForVotes(323)) - 36c84ee5-0fcd-4ea2-b6d6-812b1364d576@group-156078557861-LeaderElection88 ELECTION round 0: result PASSED (term=1)
2024-04-26 07:46:08,911 [36c84ee5-0fcd-4ea2-b6d6-812b1364d576@group-156078557861-LeaderElection88] INFO  impl.RoleInfo (RoleInfo.java:shutdownLeaderElection(130)) - 36c84ee5-0fcd-4ea2-b6d6-812b1364d576: shutdown 36c84ee5-0fcd-4ea2-b6d6-812b1364d576@group-156078557861-LeaderElection88
2024-04-26 07:46:08,911 [36c84ee5-0fcd-4ea2-b6d6-812b1364d576@group-156078557861-LeaderElection88] INFO  server.RaftServer$Division (RaftServerImpl.java:setRole(383)) - 36c84ee5-0fcd-4ea2-b6d6-812b1364d576@group-156078557861: changes role from CANDIDATE to LEADER at term 1 for changeToLeader
2024-04-26 07:46:08,912 [36c84ee5-0fcd-4ea2-b6d6-812b1364d576@group-156078557861-LeaderElection88] INFO  server.RaftServerConfigKeys (ConfUtils.java:logGet(46)) - raft.server.staging.catchup.gap = 1000 (default)
2024-04-26 07:46:08,912 [36c84ee5-0fcd-4ea2-b6d6-812b1364d576@group-156078557861-LeaderElection88] INFO  server.RaftServerConfigKeys (ConfUtils.java:logGet(46)) - raft.server.write.element-limit = 1024 (custom)
2024-04-26 07:46:08,912 [36c84ee5-0fcd-4ea2-b6d6-812b1364d576@group-156078557861-LeaderElection88] INFO  server.RaftServerConfigKeys (ConfUtils.java:logGet(46)) - raft.server.write.byte-limit = 1024 M (=1073741824) (custom)
2024-04-26 07:46:08,912 [136604f8-4e12-4782-a33c-8f17bffa1c2c@group-8CE91570B4D6-SegmentedRaftLogWorker] INFO  segmented.SegmentedRaftLogWorker (SegmentedRaftLogWorker.java:execute(634)) - 136604f8-4e12-4782-a33c-8f17bffa1c2c@group-8CE91570B4D6-SegmentedRaftLogWorker: created new log segment /home/runner/work/ozone/ozone/hadoop-ozone/integration-test/target/test-dir/MiniOzoneClusterImpl-864451be-9a12-4508-8431-6d052999593c/ozone-meta/datanode-5/ratis/59219069-eaf1-4b40-948f-8ce91570b4d6/current/log_inprogress_0
2024-04-26 07:46:08,912 [36c84ee5-0fcd-4ea2-b6d6-812b1364d576@group-156078557861-LeaderElection88] INFO  server.RaftServerConfigKeys (ConfUtils.java:logGet(46)) - raft.server.watch.timeout = 3000ms (custom)
2024-04-26 07:46:08,912 [36c84ee5-0fcd-4ea2-b6d6-812b1364d576@group-156078557861-LeaderElection88] INFO  server.RaftServerConfigKeys (ConfUtils.java:logGet(46)) - raft.server.watch.timeout.denomination = 1s (default)
2024-04-26 07:46:08,912 [36c84ee5-0fcd-4ea2-b6d6-812b1364d576@group-156078557861-LeaderElection88] INFO  server.RaftServerConfigKeys (ConfUtils.java:logGet(46)) - raft.server.watch.element-limit = 65536 (default)
2024-04-26 07:46:08,912 [36c84ee5-0fcd-4ea2-b6d6-812b1364d576@group-156078557861-LeaderElection88] INFO  server.RaftServerConfigKeys (ConfUtils.java:logGet(46)) - raft.server.read.leader.lease.enabled = false (default)
2024-04-26 07:46:08,912 [36c84ee5-0fcd-4ea2-b6d6-812b1364d576@group-156078557861-LeaderElection88] INFO  server.RaftServerConfigKeys (ConfUtils.java:logGet(46)) - raft.server.read.leader.lease.timeout.ratio = 0.9 (default)
2024-04-26 07:46:08,912 [36c84ee5-0fcd-4ea2-b6d6-812b1364d576@group-156078557861-LeaderElection88] INFO  server.RaftServerConfigKeys (ConfUtils.java:logGet(46)) - raft.server.rpc.timeout.min = 5s (custom)
2024-04-26 07:46:08,912 [36c84ee5-0fcd-4ea2-b6d6-812b1364d576@group-156078557861-LeaderElection88] INFO  server.RaftServerConfigKeys (ConfUtils.java:logGet(46)) - raft.server.write.element-limit = 1024 (custom)
2024-04-26 07:46:08,912 [36c84ee5-0fcd-4ea2-b6d6-812b1364d576@group-156078557861-LeaderElection88] INFO  server.RaftServerConfigKeys (ConfUtils.java:logGet(46)) - raft.server.write.follower.gap.ratio.max = -1.0 (default)
2024-04-26 07:46:08,913 [36c84ee5-0fcd-4ea2-b6d6-812b1364d576@group-156078557861-LeaderElection88] INFO  impl.RoleInfo (RoleInfo.java:updateAndGet(139)) - 36c84ee5-0fcd-4ea2-b6d6-812b1364d576: start 36c84ee5-0fcd-4ea2-b6d6-812b1364d576@group-156078557861-LeaderStateImpl
2024-04-26 07:46:08,913 [36c84ee5-0fcd-4ea2-b6d6-812b1364d576@group-156078557861-LeaderElection88] INFO  server.RaftServer$Division (RaftServerImpl.java:setFirstElection(574)) - 36c84ee5-0fcd-4ea2-b6d6-812b1364d576@group-156078557861: set firstElectionSinceStartup to false for becomeLeader
2024-04-26 07:46:08,913 [36c84ee5-0fcd-4ea2-b6d6-812b1364d576@group-156078557861-LeaderElection88] INFO  ratis.XceiverServerRatis (XceiverServerRatis.java:handleLeaderChangedNotification(966)) - Leader change notification received for group: group-156078557861 with new leaderId: 36c84ee5-0fcd-4ea2-b6d6-812b1364d576
2024-04-26 07:46:08,913 [f89e5511-6660-4723-b6db-0a37c1615f1a@group-9B4B29D93724-StateMachineUpdater] INFO  server.RaftServer$Division (LeaderStateImpl.java:isApplied(320)) - leader is ready since appliedIndex == 0 >= startIndex == 0
2024-04-26 07:46:08,913 [36c84ee5-0fcd-4ea2-b6d6-812b1364d576@group-156078557861-LeaderElection88] INFO  server.RaftServer$Division (ServerState.java:setLeader(269)) - 36c84ee5-0fcd-4ea2-b6d6-812b1364d576@group-156078557861: change Leader from null to 36c84ee5-0fcd-4ea2-b6d6-812b1364d576 at term 1 for becomeLeader, leader elected after 5170ms
2024-04-26 07:46:08,913 [36c84ee5-0fcd-4ea2-b6d6-812b1364d576@group-156078557861-LeaderElection88] INFO  segmented.SegmentedRaftLogWorker (SegmentedRaftLogWorker.java:startLogSegment(430)) - 36c84ee5-0fcd-4ea2-b6d6-812b1364d576@group-156078557861-SegmentedRaftLogWorker: Starting segment from index:0
2024-04-26 07:46:08,913 [36c84ee5-0fcd-4ea2-b6d6-812b1364d576@group-156078557861-LeaderElection88] INFO  server.RaftServer$Division (ServerState.java:setRaftConf(386)) - 36c84ee5-0fcd-4ea2-b6d6-812b1364d576@group-156078557861: set configuration 0: peers:[36c84ee5-0fcd-4ea2-b6d6-812b1364d576|127.0.0.1:15504]|listeners:[], old=null
2024-04-26 07:46:08,914 [36c84ee5-0fcd-4ea2-b6d6-812b1364d576@group-156078557861-SegmentedRaftLogWorker] INFO  segmented.BufferedWriteChannel (BufferedWriteChannel.java:open(62)) - open log_inprogress_0 at position 0
2024-04-26 07:46:08,919 [36c84ee5-0fcd-4ea2-b6d6-812b1364d576@group-156078557861-SegmentedRaftLogWorker] INFO  segmented.SegmentedRaftLogWorker (SegmentedRaftLogWorker.java:execute(634)) - 36c84ee5-0fcd-4ea2-b6d6-812b1364d576@group-156078557861-SegmentedRaftLogWorker: created new log segment /home/runner/work/ozone/ozone/hadoop-ozone/integration-test/target/test-dir/MiniOzoneClusterImpl-864451be-9a12-4508-8431-6d052999593c/ozone-meta/datanode-6/ratis/da80739c-e29d-4ef4-888e-156078557861/current/log_inprogress_0
2024-04-26 07:46:08,920 [om1-OMStateMachineApplyTransactionThread - 0] INFO  volume.OMVolumeCreateRequest (OMVolumeCreateRequest.java:validateAndUpdateCache(198)) - created volume:watchforcommithandlingtest for user:runner
2024-04-26 07:46:08,921 [36c84ee5-0fcd-4ea2-b6d6-812b1364d576@group-156078557861-StateMachineUpdater] INFO  server.RaftServer$Division (LeaderStateImpl.java:isApplied(320)) - leader is ready since appliedIndex == 0 >= startIndex == 0
2024-04-26 07:46:08,922 [main] INFO  rpc.RpcClient (RpcClient.java:createBucket(692)) - Creating Bucket: watchforcommithandlingtest/watchforcommithandlingtest, with server-side default bucket layout, runner as owner, Versioning false, Storage Type set to DISK and Encryption set to false, Replication Type set to server-side default replication type, Namespace Quota set to -1, Space Quota set to -1 
2024-04-26 07:46:08,925 [om1-OMStateMachineApplyTransactionThread - 0] INFO  bucket.OMBucketCreateRequest (OMBucketCreateRequest.java:validateAndUpdateCache(293)) - created bucket: watchforcommithandlingtest of layout FILE_SYSTEM_OPTIMIZED in volume: watchforcommithandlingtest
2024-04-26 07:46:08,928 [IPC Server handler 0 on default port 15445] INFO  ha.SequenceIdGenerator (SequenceIdGenerator.java:getNextId(145)) - Allocate a batch for containerId, change lastId from 0 to 1000.
2024-04-26 07:46:08,930 [26ca528a-fda8-41f2-a9ad-48918f1fba9d@group-EE69A00EA69F-FollowerState] INFO  impl.FollowerState (FollowerState.java:run(143)) - 26ca528a-fda8-41f2-a9ad-48918f1fba9d@group-EE69A00EA69F-FollowerState: change to CANDIDATE, lastRpcElapsedTime:5037304689ns, electionTimeout:5037ms
2024-04-26 07:46:08,930 [26ca528a-fda8-41f2-a9ad-48918f1fba9d@group-EE69A00EA69F-FollowerState] INFO  impl.RoleInfo (RoleInfo.java:shutdownFollowerState(110)) - 26ca528a-fda8-41f2-a9ad-48918f1fba9d: shutdown 26ca528a-fda8-41f2-a9ad-48918f1fba9d@group-EE69A00EA69F-FollowerState
2024-04-26 07:46:08,930 [26ca528a-fda8-41f2-a9ad-48918f1fba9d@group-EE69A00EA69F-FollowerState] INFO  server.RaftServer$Division (RaftServerImpl.java:setRole(383)) - 26ca528a-fda8-41f2-a9ad-48918f1fba9d@group-EE69A00EA69F: changes role from  FOLLOWER to CANDIDATE at term 0 for changeToCandidate
2024-04-26 07:46:08,930 [26ca528a-fda8-41f2-a9ad-48918f1fba9d@group-EE69A00EA69F-FollowerState] INFO  server.RaftServerConfigKeys (ConfUtils.java:logGet(46)) - raft.server.leaderelection.pre-vote = true (default)
2024-04-26 07:46:08,930 [26ca528a-fda8-41f2-a9ad-48918f1fba9d@group-EE69A00EA69F-FollowerState] INFO  impl.RoleInfo (RoleInfo.java:updateAndGet(139)) - 26ca528a-fda8-41f2-a9ad-48918f1fba9d: start 26ca528a-fda8-41f2-a9ad-48918f1fba9d@group-EE69A00EA69F-LeaderElection89
2024-04-26 07:46:08,930 [26ca528a-fda8-41f2-a9ad-48918f1fba9d@group-EE69A00EA69F-LeaderElection89] INFO  impl.LeaderElection (LeaderElection.java:askForVotes(321)) - 26ca528a-fda8-41f2-a9ad-48918f1fba9d@group-EE69A00EA69F-LeaderElection89 PRE_VOTE round 0: submit vote requests at term 0 for -1: peers:[26ca528a-fda8-41f2-a9ad-48918f1fba9d|127.0.0.1:15531]|listeners:[], old=null
2024-04-26 07:46:08,930 [26ca528a-fda8-41f2-a9ad-48918f1fba9d@group-EE69A00EA69F-LeaderElection89] INFO  impl.LeaderElection (LeaderElection.java:askForVotes(323)) - 26ca528a-fda8-41f2-a9ad-48918f1fba9d@group-EE69A00EA69F-LeaderElection89 PRE_VOTE round 0: result PASSED (term=0)
2024-04-26 07:46:08,931 [26ca528a-fda8-41f2-a9ad-48918f1fba9d@group-EE69A00EA69F-LeaderElection89] INFO  impl.LeaderElection (LeaderElection.java:askForVotes(321)) - 26ca528a-fda8-41f2-a9ad-48918f1fba9d@group-EE69A00EA69F-LeaderElection89 ELECTION round 0: submit vote requests at term 1 for -1: peers:[26ca528a-fda8-41f2-a9ad-48918f1fba9d|127.0.0.1:15531]|listeners:[], old=null
2024-04-26 07:46:08,931 [26ca528a-fda8-41f2-a9ad-48918f1fba9d@group-EE69A00EA69F-LeaderElection89] INFO  impl.LeaderElection (LeaderElection.java:askForVotes(323)) - 26ca528a-fda8-41f2-a9ad-48918f1fba9d@group-EE69A00EA69F-LeaderElection89 ELECTION round 0: result PASSED (term=1)
2024-04-26 07:46:08,931 [26ca528a-fda8-41f2-a9ad-48918f1fba9d@group-EE69A00EA69F-LeaderElection89] INFO  impl.RoleInfo (RoleInfo.java:shutdownLeaderElection(130)) - 26ca528a-fda8-41f2-a9ad-48918f1fba9d: shutdown 26ca528a-fda8-41f2-a9ad-48918f1fba9d@group-EE69A00EA69F-LeaderElection89
2024-04-26 07:46:08,932 [26ca528a-fda8-41f2-a9ad-48918f1fba9d@group-EE69A00EA69F-LeaderElection89] INFO  server.RaftServer$Division (RaftServerImpl.java:setRole(383)) - 26ca528a-fda8-41f2-a9ad-48918f1fba9d@group-EE69A00EA69F: changes role from CANDIDATE to LEADER at term 1 for changeToLeader
2024-04-26 07:46:08,932 [26ca528a-fda8-41f2-a9ad-48918f1fba9d@group-EE69A00EA69F-LeaderElection89] INFO  server.RaftServerConfigKeys (ConfUtils.java:logGet(46)) - raft.server.staging.catchup.gap = 1000 (default)
2024-04-26 07:46:08,932 [26ca528a-fda8-41f2-a9ad-48918f1fba9d@group-EE69A00EA69F-LeaderElection89] INFO  server.RaftServerConfigKeys (ConfUtils.java:logGet(46)) - raft.server.write.element-limit = 1024 (custom)
2024-04-26 07:46:08,932 [26ca528a-fda8-41f2-a9ad-48918f1fba9d@group-EE69A00EA69F-LeaderElection89] INFO  server.RaftServerConfigKeys (ConfUtils.java:logGet(46)) - raft.server.write.byte-limit = 1024 M (=1073741824) (custom)
2024-04-26 07:46:08,932 [26ca528a-fda8-41f2-a9ad-48918f1fba9d@group-EE69A00EA69F-LeaderElection89] INFO  server.RaftServerConfigKeys (ConfUtils.java:logGet(46)) - raft.server.watch.timeout = 3000ms (custom)
2024-04-26 07:46:08,932 [26ca528a-fda8-41f2-a9ad-48918f1fba9d@group-EE69A00EA69F-LeaderElection89] INFO  server.RaftServerConfigKeys (ConfUtils.java:logGet(46)) - raft.server.watch.timeout.denomination = 1s (default)
2024-04-26 07:46:08,932 [26ca528a-fda8-41f2-a9ad-48918f1fba9d@group-EE69A00EA69F-LeaderElection89] INFO  server.RaftServerConfigKeys (ConfUtils.java:logGet(46)) - raft.server.watch.element-limit = 65536 (default)
2024-04-26 07:46:08,932 [26ca528a-fda8-41f2-a9ad-48918f1fba9d@group-EE69A00EA69F-LeaderElection89] INFO  server.RaftServerConfigKeys (ConfUtils.java:logGet(46)) - raft.server.read.leader.lease.enabled = false (default)
2024-04-26 07:46:08,932 [26ca528a-fda8-41f2-a9ad-48918f1fba9d@group-EE69A00EA69F-LeaderElection89] INFO  server.RaftServerConfigKeys (ConfUtils.java:logGet(46)) - raft.server.read.leader.lease.timeout.ratio = 0.9 (default)
2024-04-26 07:46:08,932 [26ca528a-fda8-41f2-a9ad-48918f1fba9d@group-EE69A00EA69F-LeaderElection89] INFO  server.RaftServerConfigKeys (ConfUtils.java:logGet(46)) - raft.server.rpc.timeout.min = 5s (custom)
2024-04-26 07:46:08,932 [26ca528a-fda8-41f2-a9ad-48918f1fba9d@group-EE69A00EA69F-LeaderElection89] INFO  server.RaftServerConfigKeys (ConfUtils.java:logGet(46)) - raft.server.write.element-limit = 1024 (custom)
2024-04-26 07:46:08,932 [26ca528a-fda8-41f2-a9ad-48918f1fba9d@group-EE69A00EA69F-LeaderElection89] INFO  server.RaftServerConfigKeys (ConfUtils.java:logGet(46)) - raft.server.write.follower.gap.ratio.max = -1.0 (default)
2024-04-26 07:46:08,932 [26ca528a-fda8-41f2-a9ad-48918f1fba9d@group-EE69A00EA69F-LeaderElection89] INFO  impl.RoleInfo (RoleInfo.java:updateAndGet(139)) - 26ca528a-fda8-41f2-a9ad-48918f1fba9d: start 26ca528a-fda8-41f2-a9ad-48918f1fba9d@group-EE69A00EA69F-LeaderStateImpl
2024-04-26 07:46:08,932 [26ca528a-fda8-41f2-a9ad-48918f1fba9d@group-EE69A00EA69F-LeaderElection89] INFO  server.RaftServer$Division (RaftServerImpl.java:setFirstElection(574)) - 26ca528a-fda8-41f2-a9ad-48918f1fba9d@group-EE69A00EA69F: set firstElectionSinceStartup to false for becomeLeader
2024-04-26 07:46:08,932 [26ca528a-fda8-41f2-a9ad-48918f1fba9d@group-EE69A00EA69F-LeaderElection89] INFO  ratis.XceiverServerRatis (XceiverServerRatis.java:handleLeaderChangedNotification(966)) - Leader change notification received for group: group-EE69A00EA69F with new leaderId: 26ca528a-fda8-41f2-a9ad-48918f1fba9d
2024-04-26 07:46:08,932 [26ca528a-fda8-41f2-a9ad-48918f1fba9d@group-EE69A00EA69F-LeaderElection89] INFO  server.RaftServer$Division (ServerState.java:setLeader(269)) - 26ca528a-fda8-41f2-a9ad-48918f1fba9d@group-EE69A00EA69F: change Leader from null to 26ca528a-fda8-41f2-a9ad-48918f1fba9d at term 1 for becomeLeader, leader elected after 5048ms
2024-04-26 07:46:08,932 [26ca528a-fda8-41f2-a9ad-48918f1fba9d@group-EE69A00EA69F-LeaderElection89] INFO  segmented.SegmentedRaftLogWorker (SegmentedRaftLogWorker.java:startLogSegment(430)) - 26ca528a-fda8-41f2-a9ad-48918f1fba9d@group-EE69A00EA69F-SegmentedRaftLogWorker: Starting segment from index:0
2024-04-26 07:46:08,933 [26ca528a-fda8-41f2-a9ad-48918f1fba9d@group-EE69A00EA69F-LeaderElection89] INFO  server.RaftServer$Division (ServerState.java:setRaftConf(386)) - 26ca528a-fda8-41f2-a9ad-48918f1fba9d@group-EE69A00EA69F: set configuration 0: peers:[26ca528a-fda8-41f2-a9ad-48918f1fba9d|127.0.0.1:15531]|listeners:[], old=null
2024-04-26 07:46:08,933 [26ca528a-fda8-41f2-a9ad-48918f1fba9d@group-EE69A00EA69F-SegmentedRaftLogWorker] INFO  segmented.BufferedWriteChannel (BufferedWriteChannel.java:open(62)) - open log_inprogress_0 at position 0
2024-04-26 07:46:08,940 [26ca528a-fda8-41f2-a9ad-48918f1fba9d@group-EE69A00EA69F-SegmentedRaftLogWorker] INFO  segmented.SegmentedRaftLogWorker (SegmentedRaftLogWorker.java:execute(634)) - 26ca528a-fda8-41f2-a9ad-48918f1fba9d@group-EE69A00EA69F-SegmentedRaftLogWorker: created new log segment /home/runner/work/ozone/ozone/hadoop-ozone/integration-test/target/test-dir/MiniOzoneClusterImpl-864451be-9a12-4508-8431-6d052999593c/ozone-meta/datanode-9/ratis/ddb012f6-b82c-4030-a65a-ee69a00ea69f/current/log_inprogress_0
2024-04-26 07:46:08,942 [26ca528a-fda8-41f2-a9ad-48918f1fba9d@group-EE69A00EA69F-StateMachineUpdater] INFO  server.RaftServer$Division (LeaderStateImpl.java:isApplied(320)) - leader is ready since appliedIndex == 0 >= startIndex == 0
2024-04-26 07:46:08,949 [main] INFO  ozoneimpl.OzoneContainer (OzoneContainer.java:stop(481)) - Attempting to stop container services.
2024-04-26 07:46:08,950 [ContainerMetadataScanner] WARN  ozoneimpl.AbstractBackgroundContainerScanner (AbstractBackgroundContainerScanner.java:handleRemainingSleep(134)) - Background container scan was interrupted.
2024-04-26 07:46:08,950 [ContainerMetadataScanner] INFO  ozoneimpl.AbstractBackgroundContainerScanner (AbstractBackgroundContainerScanner.java:run(61)) - Thread[ContainerMetadataScanner,5,main] exiting.
2024-04-26 07:46:08,950 [main] INFO  ozoneimpl.BackgroundContainerDataScanner (BackgroundContainerDataScanner.java:shutdown(141)) - ContainerDataScanner(/home/runner/work/ozone/ozone/hadoop-ozone/integration-test/target/test-dir/MiniOzoneClusterImpl-864451be-9a12-4508-8431-6d052999593c/ozone-meta/datanode-3/data-0/hdds) is shutting down. 
2024-04-26 07:46:08,950 [ContainerDataScanner(/home/runner/work/ozone/ozone/hadoop-ozone/integration-test/target/test-dir/MiniOzoneClusterImpl-864451be-9a12-4508-8431-6d052999593c/ozone-meta/datanode-3/data-0/hdds)] WARN  ozoneimpl.AbstractBackgroundContainerScanner (AbstractBackgroundContainerScanner.java:handleRemainingSleep(134)) - Background container scan was interrupted.
2024-04-26 07:46:08,950 [ContainerDataScanner(/home/runner/work/ozone/ozone/hadoop-ozone/integration-test/target/test-dir/MiniOzoneClusterImpl-864451be-9a12-4508-8431-6d052999593c/ozone-meta/datanode-3/data-0/hdds)] INFO  ozoneimpl.AbstractBackgroundContainerScanner (AbstractBackgroundContainerScanner.java:run(61)) - ContainerDataScanner(/home/runner/work/ozone/ozone/hadoop-ozone/integration-test/target/test-dir/MiniOzoneClusterImpl-864451be-9a12-4508-8431-6d052999593c/ozone-meta/datanode-3/data-0/hdds, DS-9c166471-2bb5-4a03-943a-9a2c640845b4) exiting.
2024-04-26 07:46:08,951 [main] INFO  ozoneimpl.OnDemandContainerDataScanner (OnDemandContainerDataScanner.java:shutdownScanner(206)) - On-demand container scanner is shutting down.
2024-04-26 07:46:08,951 [main] INFO  server.RaftServer (RaftServerProxy.java:lambda$close$9(416)) - ddce2076-1575-41c9-8de9-fd704b659682: close
2024-04-26 07:46:08,951 [ddce2076-1575-41c9-8de9-fd704b659682-impl-thread1] INFO  server.RaftServer$Division (RaftServerImpl.java:lambda$close$3(526)) - ddce2076-1575-41c9-8de9-fd704b659682@group-715834087A58: shutdown
2024-04-26 07:46:08,951 [ddce2076-1575-41c9-8de9-fd704b659682-impl-thread1] INFO  util.JmxRegister (JmxRegister.java:unregister(73)) - Successfully un-registered JMX Bean with object name Ratis:service=RaftServer,group=group-715834087A58,id=ddce2076-1575-41c9-8de9-fd704b659682
2024-04-26 07:46:08,951 [main] INFO  server.GrpcService (GrpcService.java:closeImpl(311)) - ddce2076-1575-41c9-8de9-fd704b659682: shutdown server org.apache.ratis.grpc.server.GrpcClientProtocolService now
2024-04-26 07:46:08,951 [ddce2076-1575-41c9-8de9-fd704b659682-impl-thread1] INFO  impl.RoleInfo (RoleInfo.java:shutdownLeaderState(94)) - ddce2076-1575-41c9-8de9-fd704b659682: shutdown ddce2076-1575-41c9-8de9-fd704b659682@group-715834087A58-LeaderStateImpl
2024-04-26 07:46:08,952 [ddce2076-1575-41c9-8de9-fd704b659682-impl-thread1] INFO  impl.PendingRequests (PendingRequests.java:sendNotLeaderResponses(289)) - ddce2076-1575-41c9-8de9-fd704b659682@group-715834087A58-PendingRequests: sendNotLeaderResponses
2024-04-26 07:46:08,952 [ddce2076-1575-41c9-8de9-fd704b659682-impl-thread2] INFO  server.RaftServer$Division (RaftServerImpl.java:lambda$close$3(526)) - ddce2076-1575-41c9-8de9-fd704b659682@group-3C8AF2F69899: shutdown
2024-04-26 07:46:08,952 [ddce2076-1575-41c9-8de9-fd704b659682-impl-thread2] INFO  util.JmxRegister (JmxRegister.java:unregister(73)) - Successfully un-registered JMX Bean with object name Ratis:service=RaftServer,group=group-3C8AF2F69899,id=ddce2076-1575-41c9-8de9-fd704b659682
2024-04-26 07:46:08,952 [ddce2076-1575-41c9-8de9-fd704b659682-impl-thread2] INFO  impl.RoleInfo (RoleInfo.java:shutdownFollowerState(110)) - ddce2076-1575-41c9-8de9-fd704b659682: shutdown ddce2076-1575-41c9-8de9-fd704b659682@group-3C8AF2F69899-FollowerState
2024-04-26 07:46:08,952 [ddce2076-1575-41c9-8de9-fd704b659682-impl-thread1] INFO  impl.StateMachineUpdater (StateMachineUpdater.java:stopAndJoin(157)) - ddce2076-1575-41c9-8de9-fd704b659682@group-715834087A58-StateMachineUpdater: set stopIndex = 0
2024-04-26 07:46:08,952 [ddce2076-1575-41c9-8de9-fd704b659682@group-3C8AF2F69899-StateMachineUpdater] INFO  ratis.ContainerStateMachine (ContainerStateMachine.java:takeSnapshot(355)) - group-3C8AF2F69899: Taking a snapshot at:(t:1, i:1) file /home/runner/work/ozone/ozone/hadoop-ozone/integration-test/target/test-dir/MiniOzoneClusterImpl-864451be-9a12-4508-8431-6d052999593c/ozone-meta/datanode-3/ratis/20140069-b339-4f8c-94e8-3c8af2f69899/sm/snapshot.1_1
2024-04-26 07:46:08,952 [ddce2076-1575-41c9-8de9-fd704b659682@group-3C8AF2F69899-FollowerState] INFO  impl.FollowerState (FollowerState.java:run(152)) - ddce2076-1575-41c9-8de9-fd704b659682@group-3C8AF2F69899-FollowerState was interrupted
2024-04-26 07:46:08,952 [ddce2076-1575-41c9-8de9-fd704b659682@group-715834087A58-StateMachineUpdater] INFO  ratis.ContainerStateMachine (ContainerStateMachine.java:takeSnapshot(355)) - group-715834087A58: Taking a snapshot at:(t:1, i:0) file /home/runner/work/ozone/ozone/hadoop-ozone/integration-test/target/test-dir/MiniOzoneClusterImpl-864451be-9a12-4508-8431-6d052999593c/ozone-meta/datanode-3/ratis/f8f2d1dd-40e2-4126-bd42-715834087a58/sm/snapshot.1_0
2024-04-26 07:46:08,953 [ddce2076-1575-41c9-8de9-fd704b659682@group-3C8AF2F69899-StateMachineUpdater] INFO  ratis.ContainerStateMachine (ContainerStateMachine.java:takeSnapshot(366)) - group-3C8AF2F69899: Finished taking a snapshot at:(t:1, i:1) file:/home/runner/work/ozone/ozone/hadoop-ozone/integration-test/target/test-dir/MiniOzoneClusterImpl-864451be-9a12-4508-8431-6d052999593c/ozone-meta/datanode-3/ratis/20140069-b339-4f8c-94e8-3c8af2f69899/sm/snapshot.1_1 took: 1 ms
2024-04-26 07:46:08,953 [ddce2076-1575-41c9-8de9-fd704b659682-impl-thread2] INFO  impl.StateMachineUpdater (StateMachineUpdater.java:stopAndJoin(157)) - ddce2076-1575-41c9-8de9-fd704b659682@group-3C8AF2F69899-StateMachineUpdater: set stopIndex = 1
2024-04-26 07:46:08,953 [ddce2076-1575-41c9-8de9-fd704b659682@group-715834087A58-StateMachineUpdater] INFO  ratis.ContainerStateMachine (ContainerStateMachine.java:takeSnapshot(366)) - group-715834087A58: Finished taking a snapshot at:(t:1, i:0) file:/home/runner/work/ozone/ozone/hadoop-ozone/integration-test/target/test-dir/MiniOzoneClusterImpl-864451be-9a12-4508-8431-6d052999593c/ozone-meta/datanode-3/ratis/f8f2d1dd-40e2-4126-bd42-715834087a58/sm/snapshot.1_0 took: 1 ms
2024-04-26 07:46:08,953 [ddce2076-1575-41c9-8de9-fd704b659682@group-3C8AF2F69899-StateMachineUpdater] INFO  impl.StateMachineUpdater (StateMachineUpdater.java:takeSnapshot(295)) - ddce2076-1575-41c9-8de9-fd704b659682@group-3C8AF2F69899-StateMachineUpdater: Took a snapshot at index 1
2024-04-26 07:46:08,953 [ddce2076-1575-41c9-8de9-fd704b659682@group-3C8AF2F69899-StateMachineUpdater] INFO  impl.StateMachineUpdater (StateMachineUpdater.java:lambda$new$0(98)) - ddce2076-1575-41c9-8de9-fd704b659682@group-3C8AF2F69899-StateMachineUpdater: snapshotIndex: updateIncreasingly -1 -> 1
2024-04-26 07:46:08,953 [ddce2076-1575-41c9-8de9-fd704b659682@group-715834087A58-StateMachineUpdater] INFO  impl.StateMachineUpdater (StateMachineUpdater.java:takeSnapshot(295)) - ddce2076-1575-41c9-8de9-fd704b659682@group-715834087A58-StateMachineUpdater: Took a snapshot at index 0
2024-04-26 07:46:08,953 [ddce2076-1575-41c9-8de9-fd704b659682@group-715834087A58-StateMachineUpdater] INFO  impl.StateMachineUpdater (StateMachineUpdater.java:lambda$new$0(98)) - ddce2076-1575-41c9-8de9-fd704b659682@group-715834087A58-StateMachineUpdater: snapshotIndex: updateIncreasingly -1 -> 0
2024-04-26 07:46:08,953 [ddce2076-1575-41c9-8de9-fd704b659682-impl-thread2] INFO  server.RaftServer$Division (ServerState.java:close(427)) - ddce2076-1575-41c9-8de9-fd704b659682@group-3C8AF2F69899: applyIndex: 1
2024-04-26 07:46:08,953 [ddce2076-1575-41c9-8de9-fd704b659682-impl-thread1] INFO  server.RaftServer$Division (ServerState.java:close(427)) - ddce2076-1575-41c9-8de9-fd704b659682@group-715834087A58: applyIndex: 0
2024-04-26 07:46:08,954 [ddce2076-1575-41c9-8de9-fd704b659682@group-3C8AF2F69899-cacheEviction-AwaitToRun] INFO  util.AwaitToRun (AwaitToRun.java:run(49)) - ddce2076-1575-41c9-8de9-fd704b659682@group-3C8AF2F69899-cacheEviction-AwaitToRun-AwaitForSignal is interrupted
2024-04-26 07:46:08,954 [ddce2076-1575-41c9-8de9-fd704b659682@group-715834087A58-cacheEviction-AwaitToRun] INFO  util.AwaitToRun (AwaitToRun.java:run(49)) - ddce2076-1575-41c9-8de9-fd704b659682@group-715834087A58-cacheEviction-AwaitToRun-AwaitForSignal is interrupted
2024-04-26 07:46:08,957 [Thread-6975] INFO  server.GrpcServerProtocolClient (GrpcServerProtocolClient.java:close(103)) - 576b0e19-35c7-479f-a3f8-cac44c071a4a Close channels
2024-04-26 07:46:08,957 [Thread-6974] INFO  server.GrpcServerProtocolClient (GrpcServerProtocolClient.java:close(103)) - e753b894-9081-4960-806d-bc57228f6e3a Close channels
2024-04-26 07:46:08,958 [main] INFO  server.GrpcService (GrpcService.java:closeImpl(320)) - ddce2076-1575-41c9-8de9-fd704b659682: shutdown server org.apache.ratis.grpc.server.GrpcClientProtocolService successfully
2024-04-26 07:46:08,958 [main] INFO  server.GrpcService (GrpcService.java:closeImpl(311)) - ddce2076-1575-41c9-8de9-fd704b659682: shutdown server GrpcServerProtocolService now
2024-04-26 07:46:08,959 [grpc-default-executor-3] WARN  server.GrpcServerProtocolService (LogUtils.java:warn(121)) - ddce2076-1575-41c9-8de9-fd704b659682: APPEND_ENTRIES onError, lastRequest: e753b894-9081-4960-806d-bc57228f6e3a->ddce2076-1575-41c9-8de9-fd704b659682#6-t1,previous=(t:1, i:1),leaderCommit=1,initializing? false,entries: size=1, first=(t:1, i:2), METADATAENTRY(c:1): org.apache.ratis.thirdparty.io.grpc.StatusRuntimeException: CANCELLED: client cancelled
2024-04-26 07:46:08,959 [grpc-default-executor-1] WARN  server.GrpcLogAppender (LogUtils.java:warn(121)) - e753b894-9081-4960-806d-bc57228f6e3a@group-3C8AF2F69899->ddce2076-1575-41c9-8de9-fd704b659682-AppendLogResponseHandler: Failed appendEntries: org.apache.ratis.thirdparty.io.grpc.StatusRuntimeException: CANCELLED: RST_STREAM closed stream. HTTP/2 error code: CANCEL
2024-04-26 07:46:08,959 [grpc-default-executor-1] WARN  server.GrpcLogAppender (GrpcLogAppender.java:lambda$resetClient$1(217)) - e753b894-9081-4960-806d-bc57228f6e3a@group-3C8AF2F69899->ddce2076-1575-41c9-8de9-fd704b659682-GrpcLogAppender: Follower failed (request=null, errorCount=1); keep nextIndex (3) unchanged and retry.
2024-04-26 07:46:08,960 [grpc-default-executor-0] WARN  server.GrpcServerProtocolService (LogUtils.java:warn(121)) - ddce2076-1575-41c9-8de9-fd704b659682: APPEND_ENTRIES onError, lastRequest: null: org.apache.ratis.thirdparty.io.grpc.StatusRuntimeException: CANCELLED: client cancelled
2024-04-26 07:46:08,961 [main] INFO  server.GrpcService (GrpcService.java:closeImpl(320)) - ddce2076-1575-41c9-8de9-fd704b659682: shutdown server GrpcServerProtocolService successfully
2024-04-26 07:46:08,961 [main] INFO  server.GrpcService (GrpcService.java:closeImpl(311)) - ddce2076-1575-41c9-8de9-fd704b659682: shutdown server org.apache.ratis.grpc.server.GrpcAdminProtocolService now
2024-04-26 07:46:08,961 [main] INFO  server.GrpcService (GrpcService.java:closeImpl(320)) - ddce2076-1575-41c9-8de9-fd704b659682: shutdown server org.apache.ratis.grpc.server.GrpcAdminProtocolService successfully
2024-04-26 07:46:08,965 [ddce2076-1575-41c9-8de9-fd704b659682-NettyServerStreamRpc-bossGroup--thread1] INFO  logging.LoggingHandler (AbstractInternalLogger.java:log(148)) - [id: 0x3b720cf1, L:/0.0.0.0:15478] CLOSE
2024-04-26 07:46:08,966 [ddce2076-1575-41c9-8de9-fd704b659682-NettyServerStreamRpc-bossGroup--thread1] INFO  logging.LoggingHandler (AbstractInternalLogger.java:log(148)) - [id: 0x3b720cf1, L:/0.0.0.0:15478] INACTIVE
2024-04-26 07:46:08,966 [ddce2076-1575-41c9-8de9-fd704b659682-NettyServerStreamRpc-bossGroup--thread1] INFO  logging.LoggingHandler (AbstractInternalLogger.java:log(148)) - [id: 0x3b720cf1, L:/0.0.0.0:15478] UNREGISTERED
2024-04-26 07:46:09,023 [26ca528a-fda8-41f2-a9ad-48918f1fba9d@group-D9979C9DB735-FollowerState] INFO  impl.FollowerState (FollowerState.java:run(143)) - 26ca528a-fda8-41f2-a9ad-48918f1fba9d@group-D9979C9DB735-FollowerState: change to CANDIDATE, lastRpcElapsedTime:5172549150ns, electionTimeout:5172ms
2024-04-26 07:46:09,023 [26ca528a-fda8-41f2-a9ad-48918f1fba9d@group-D9979C9DB735-FollowerState] INFO  impl.RoleInfo (RoleInfo.java:shutdownFollowerState(110)) - 26ca528a-fda8-41f2-a9ad-48918f1fba9d: shutdown 26ca528a-fda8-41f2-a9ad-48918f1fba9d@group-D9979C9DB735-FollowerState
2024-04-26 07:46:09,023 [26ca528a-fda8-41f2-a9ad-48918f1fba9d@group-D9979C9DB735-FollowerState] INFO  server.RaftServer$Division (RaftServerImpl.java:setRole(383)) - 26ca528a-fda8-41f2-a9ad-48918f1fba9d@group-D9979C9DB735: changes role from  FOLLOWER to CANDIDATE at term 0 for changeToCandidate
2024-04-26 07:46:09,023 [26ca528a-fda8-41f2-a9ad-48918f1fba9d@group-D9979C9DB735-FollowerState] INFO  server.RaftServerConfigKeys (ConfUtils.java:logGet(46)) - raft.server.leaderelection.pre-vote = true (default)
2024-04-26 07:46:09,023 [26ca528a-fda8-41f2-a9ad-48918f1fba9d@group-D9979C9DB735-FollowerState] INFO  impl.RoleInfo (RoleInfo.java:updateAndGet(139)) - 26ca528a-fda8-41f2-a9ad-48918f1fba9d: start 26ca528a-fda8-41f2-a9ad-48918f1fba9d@group-D9979C9DB735-LeaderElection90
2024-04-26 07:46:09,023 [26ca528a-fda8-41f2-a9ad-48918f1fba9d@group-D9979C9DB735-LeaderElection90] INFO  impl.LeaderElection (LeaderElection.java:askForVotes(321)) - 26ca528a-fda8-41f2-a9ad-48918f1fba9d@group-D9979C9DB735-LeaderElection90 PRE_VOTE round 0: submit vote requests at term 0 for -1: peers:[26ca528a-fda8-41f2-a9ad-48918f1fba9d|127.0.0.1:15531, e280b344-1e71-401e-97a7-3c6530ca629d|127.0.0.1:15513, f89e5511-6660-4723-b6db-0a37c1615f1a|127.0.0.1:15522]|listeners:[], old=null
2024-04-26 07:46:09,024 [26ca528a-fda8-41f2-a9ad-48918f1fba9d@group-D9979C9DB735-LeaderElection90-1] INFO  server.GrpcServerProtocolClient (GrpcServerProtocolClient.java:<init>(65)) - Build channel for e280b344-1e71-401e-97a7-3c6530ca629d|127.0.0.1:15513
2024-04-26 07:46:09,024 [26ca528a-fda8-41f2-a9ad-48918f1fba9d@group-D9979C9DB735-LeaderElection90] INFO  server.RaftServerConfigKeys (ConfUtils.java:logFallback(53)) - raft.server.rpc.first-election.timeout.min = 5s (fallback to raft.server.rpc.timeout.min)
2024-04-26 07:46:09,024 [26ca528a-fda8-41f2-a9ad-48918f1fba9d@group-D9979C9DB735-LeaderElection90-2] INFO  server.GrpcServerProtocolClient (GrpcServerProtocolClient.java:<init>(65)) - Build channel for f89e5511-6660-4723-b6db-0a37c1615f1a|127.0.0.1:15522
2024-04-26 07:46:09,024 [26ca528a-fda8-41f2-a9ad-48918f1fba9d@group-D9979C9DB735-LeaderElection90] INFO  server.RaftServerConfigKeys (ConfUtils.java:logFallback(53)) - raft.server.rpc.first-election.timeout.max = 5200ms (fallback to raft.server.rpc.timeout.max)
2024-04-26 07:46:09,027 [grpc-default-executor-0] INFO  server.RaftServer$Division (RaftServerImpl.java:requestVote(1389)) - f89e5511-6660-4723-b6db-0a37c1615f1a@group-D9979C9DB735: receive requestVote(PRE_VOTE, 26ca528a-fda8-41f2-a9ad-48918f1fba9d, group-D9979C9DB735, 0, (t:0, i:0))
2024-04-26 07:46:09,027 [grpc-default-executor-3] INFO  server.RaftServer$Division (RaftServerImpl.java:requestVote(1389)) - e280b344-1e71-401e-97a7-3c6530ca629d@group-D9979C9DB735: receive requestVote(PRE_VOTE, 26ca528a-fda8-41f2-a9ad-48918f1fba9d, group-D9979C9DB735, 0, (t:0, i:0))
2024-04-26 07:46:09,027 [grpc-default-executor-0] INFO  impl.VoteContext (VoteContext.java:log(49)) - f89e5511-6660-4723-b6db-0a37c1615f1a@group-D9979C9DB735-FOLLOWER: accept PRE_VOTE from 26ca528a-fda8-41f2-a9ad-48918f1fba9d: our priority 0 <= candidate's priority 1
2024-04-26 07:46:09,027 [grpc-default-executor-3] INFO  impl.VoteContext (VoteContext.java:log(49)) - e280b344-1e71-401e-97a7-3c6530ca629d@group-D9979C9DB735-FOLLOWER: accept PRE_VOTE from 26ca528a-fda8-41f2-a9ad-48918f1fba9d: our priority 0 <= candidate's priority 1
2024-04-26 07:46:09,027 [grpc-default-executor-0] INFO  server.RaftServer$Division (RaftServerImpl.java:requestVote(1422)) - f89e5511-6660-4723-b6db-0a37c1615f1a@group-D9979C9DB735 replies to PRE_VOTE vote request: 26ca528a-fda8-41f2-a9ad-48918f1fba9d<-f89e5511-6660-4723-b6db-0a37c1615f1a#0:OK-t0. Peer's state: f89e5511-6660-4723-b6db-0a37c1615f1a@group-D9979C9DB735:t0, leader=null, voted=, raftlog=Memoized:f89e5511-6660-4723-b6db-0a37c1615f1a@group-D9979C9DB735-SegmentedRaftLog:OPENED:c-1, conf=-1: peers:[26ca528a-fda8-41f2-a9ad-48918f1fba9d|127.0.0.1:15531, e280b344-1e71-401e-97a7-3c6530ca629d|127.0.0.1:15513, f89e5511-6660-4723-b6db-0a37c1615f1a|127.0.0.1:15522]|listeners:[], old=null
2024-04-26 07:46:09,027 [grpc-default-executor-3] INFO  server.RaftServer$Division (RaftServerImpl.java:requestVote(1422)) - e280b344-1e71-401e-97a7-3c6530ca629d@group-D9979C9DB735 replies to PRE_VOTE vote request: 26ca528a-fda8-41f2-a9ad-48918f1fba9d<-e280b344-1e71-401e-97a7-3c6530ca629d#0:OK-t0. Peer's state: e280b344-1e71-401e-97a7-3c6530ca629d@group-D9979C9DB735:t0, leader=null, voted=, raftlog=Memoized:e280b344-1e71-401e-97a7-3c6530ca629d@group-D9979C9DB735-SegmentedRaftLog:OPENED:c-1, conf=-1: peers:[26ca528a-fda8-41f2-a9ad-48918f1fba9d|127.0.0.1:15531, e280b344-1e71-401e-97a7-3c6530ca629d|127.0.0.1:15513, f89e5511-6660-4723-b6db-0a37c1615f1a|127.0.0.1:15522]|listeners:[], old=null
2024-04-26 07:46:09,028 [26ca528a-fda8-41f2-a9ad-48918f1fba9d@group-D9979C9DB735-LeaderElection90] INFO  impl.LeaderElection (LeaderElection.java:logAndReturn(89)) - 26ca528a-fda8-41f2-a9ad-48918f1fba9d@group-D9979C9DB735-LeaderElection90: PRE_VOTE PASSED received 1 response(s) and 0 exception(s):
2024-04-26 07:46:09,028 [26ca528a-fda8-41f2-a9ad-48918f1fba9d@group-D9979C9DB735-LeaderElection90] INFO  impl.LeaderElection (LeaderElection.java:logAndReturn(93)) -   Response 0: 26ca528a-fda8-41f2-a9ad-48918f1fba9d<-e280b344-1e71-401e-97a7-3c6530ca629d#0:OK-t0
2024-04-26 07:46:09,028 [26ca528a-fda8-41f2-a9ad-48918f1fba9d@group-D9979C9DB735-LeaderElection90] INFO  impl.LeaderElection (LeaderElection.java:askForVotes(323)) - 26ca528a-fda8-41f2-a9ad-48918f1fba9d@group-D9979C9DB735-LeaderElection90 PRE_VOTE round 0: result PASSED
2024-04-26 07:46:09,029 [26ca528a-fda8-41f2-a9ad-48918f1fba9d@group-D9979C9DB735-LeaderElection90] INFO  impl.LeaderElection (LeaderElection.java:askForVotes(321)) - 26ca528a-fda8-41f2-a9ad-48918f1fba9d@group-D9979C9DB735-LeaderElection90 ELECTION round 0: submit vote requests at term 1 for -1: peers:[26ca528a-fda8-41f2-a9ad-48918f1fba9d|127.0.0.1:15531, e280b344-1e71-401e-97a7-3c6530ca629d|127.0.0.1:15513, f89e5511-6660-4723-b6db-0a37c1615f1a|127.0.0.1:15522]|listeners:[], old=null
2024-04-26 07:46:09,029 [26ca528a-fda8-41f2-a9ad-48918f1fba9d@group-D9979C9DB735-LeaderElection90] INFO  server.RaftServerConfigKeys (ConfUtils.java:logFallback(53)) - raft.server.rpc.first-election.timeout.min = 5s (fallback to raft.server.rpc.timeout.min)
2024-04-26 07:46:09,030 [grpc-default-executor-3] INFO  server.RaftServer$Division (RaftServerImpl.java:requestVote(1389)) - e280b344-1e71-401e-97a7-3c6530ca629d@group-D9979C9DB735: receive requestVote(ELECTION, 26ca528a-fda8-41f2-a9ad-48918f1fba9d, group-D9979C9DB735, 1, (t:0, i:0))
2024-04-26 07:46:09,030 [grpc-default-executor-0] INFO  server.RaftServer$Division (RaftServerImpl.java:requestVote(1389)) - f89e5511-6660-4723-b6db-0a37c1615f1a@group-D9979C9DB735: receive requestVote(ELECTION, 26ca528a-fda8-41f2-a9ad-48918f1fba9d, group-D9979C9DB735, 1, (t:0, i:0))
2024-04-26 07:46:09,030 [26ca528a-fda8-41f2-a9ad-48918f1fba9d@group-D9979C9DB735-LeaderElection90] INFO  server.RaftServerConfigKeys (ConfUtils.java:logFallback(53)) - raft.server.rpc.first-election.timeout.max = 5200ms (fallback to raft.server.rpc.timeout.max)
2024-04-26 07:46:09,030 [grpc-default-executor-3] INFO  impl.VoteContext (VoteContext.java:log(49)) - e280b344-1e71-401e-97a7-3c6530ca629d@group-D9979C9DB735-FOLLOWER: accept ELECTION from 26ca528a-fda8-41f2-a9ad-48918f1fba9d: our priority 0 <= candidate's priority 1
2024-04-26 07:46:09,030 [grpc-default-executor-0] INFO  impl.VoteContext (VoteContext.java:log(49)) - f89e5511-6660-4723-b6db-0a37c1615f1a@group-D9979C9DB735-FOLLOWER: accept ELECTION from 26ca528a-fda8-41f2-a9ad-48918f1fba9d: our priority 0 <= candidate's priority 1
2024-04-26 07:46:09,030 [grpc-default-executor-3] INFO  server.RaftServer$Division (RaftServerImpl.java:setRole(383)) - e280b344-1e71-401e-97a7-3c6530ca629d@group-D9979C9DB735: changes role from  FOLLOWER to FOLLOWER at term 1 for candidate:26ca528a-fda8-41f2-a9ad-48918f1fba9d
2024-04-26 07:46:09,030 [grpc-default-executor-3] INFO  impl.RoleInfo (RoleInfo.java:shutdownFollowerState(110)) - e280b344-1e71-401e-97a7-3c6530ca629d: shutdown e280b344-1e71-401e-97a7-3c6530ca629d@group-D9979C9DB735-FollowerState
2024-04-26 07:46:09,030 [grpc-default-executor-0] INFO  server.RaftServer$Division (RaftServerImpl.java:setRole(383)) - f89e5511-6660-4723-b6db-0a37c1615f1a@group-D9979C9DB735: changes role from  FOLLOWER to FOLLOWER at term 1 for candidate:26ca528a-fda8-41f2-a9ad-48918f1fba9d
2024-04-26 07:46:09,030 [e280b344-1e71-401e-97a7-3c6530ca629d@group-D9979C9DB735-FollowerState] INFO  impl.FollowerState (FollowerState.java:run(152)) - e280b344-1e71-401e-97a7-3c6530ca629d@group-D9979C9DB735-FollowerState was interrupted
2024-04-26 07:46:09,030 [grpc-default-executor-3] INFO  impl.RoleInfo (RoleInfo.java:updateAndGet(139)) - e280b344-1e71-401e-97a7-3c6530ca629d: start e280b344-1e71-401e-97a7-3c6530ca629d@group-D9979C9DB735-FollowerState
2024-04-26 07:46:09,030 [grpc-default-executor-0] INFO  impl.RoleInfo (RoleInfo.java:shutdownFollowerState(110)) - f89e5511-6660-4723-b6db-0a37c1615f1a: shutdown f89e5511-6660-4723-b6db-0a37c1615f1a@group-D9979C9DB735-FollowerState
2024-04-26 07:46:09,030 [grpc-default-executor-0] INFO  impl.RoleInfo (RoleInfo.java:updateAndGet(139)) - f89e5511-6660-4723-b6db-0a37c1615f1a: start f89e5511-6660-4723-b6db-0a37c1615f1a@group-D9979C9DB735-FollowerState
2024-04-26 07:46:09,031 [f89e5511-6660-4723-b6db-0a37c1615f1a@group-D9979C9DB735-FollowerState] INFO  impl.FollowerState (FollowerState.java:run(152)) - f89e5511-6660-4723-b6db-0a37c1615f1a@group-D9979C9DB735-FollowerState was interrupted
2024-04-26 07:46:09,031 [grpc-default-executor-0] INFO  server.RaftServer$Division (RaftServerImpl.java:setFirstElection(574)) - f89e5511-6660-4723-b6db-0a37c1615f1a@group-D9979C9DB735: set firstElectionSinceStartup to false for candidate:26ca528a-fda8-41f2-a9ad-48918f1fba9d
2024-04-26 07:46:09,031 [grpc-default-executor-3] INFO  server.RaftServer$Division (RaftServerImpl.java:requestVote(1422)) - e280b344-1e71-401e-97a7-3c6530ca629d@group-D9979C9DB735 replies to ELECTION vote request: 26ca528a-fda8-41f2-a9ad-48918f1fba9d<-e280b344-1e71-401e-97a7-3c6530ca629d#0:OK-t1. Peer's state: e280b344-1e71-401e-97a7-3c6530ca629d@group-D9979C9DB735:t1, leader=null, voted=26ca528a-fda8-41f2-a9ad-48918f1fba9d, raftlog=Memoized:e280b344-1e71-401e-97a7-3c6530ca629d@group-D9979C9DB735-SegmentedRaftLog:OPENED:c-1, conf=-1: peers:[26ca528a-fda8-41f2-a9ad-48918f1fba9d|127.0.0.1:15531, e280b344-1e71-401e-97a7-3c6530ca629d|127.0.0.1:15513, f89e5511-6660-4723-b6db-0a37c1615f1a|127.0.0.1:15522]|listeners:[], old=null
2024-04-26 07:46:09,031 [grpc-default-executor-0] INFO  server.RaftServer$Division (RaftServerImpl.java:requestVote(1422)) - f89e5511-6660-4723-b6db-0a37c1615f1a@group-D9979C9DB735 replies to ELECTION vote request: 26ca528a-fda8-41f2-a9ad-48918f1fba9d<-f89e5511-6660-4723-b6db-0a37c1615f1a#0:OK-t1. Peer's state: f89e5511-6660-4723-b6db-0a37c1615f1a@group-D9979C9DB735:t1, leader=null, voted=26ca528a-fda8-41f2-a9ad-48918f1fba9d, raftlog=Memoized:f89e5511-6660-4723-b6db-0a37c1615f1a@group-D9979C9DB735-SegmentedRaftLog:OPENED:c-1, conf=-1: peers:[26ca528a-fda8-41f2-a9ad-48918f1fba9d|127.0.0.1:15531, e280b344-1e71-401e-97a7-3c6530ca629d|127.0.0.1:15513, f89e5511-6660-4723-b6db-0a37c1615f1a|127.0.0.1:15522]|listeners:[], old=null
2024-04-26 07:46:09,032 [26ca528a-fda8-41f2-a9ad-48918f1fba9d@group-D9979C9DB735-LeaderElection90] INFO  impl.LeaderElection (LeaderElection.java:logAndReturn(89)) - 26ca528a-fda8-41f2-a9ad-48918f1fba9d@group-D9979C9DB735-LeaderElection90: ELECTION PASSED received 1 response(s) and 0 exception(s):
2024-04-26 07:46:09,032 [26ca528a-fda8-41f2-a9ad-48918f1fba9d@group-D9979C9DB735-LeaderElection90] INFO  impl.LeaderElection (LeaderElection.java:logAndReturn(93)) -   Response 0: 26ca528a-fda8-41f2-a9ad-48918f1fba9d<-e280b344-1e71-401e-97a7-3c6530ca629d#0:OK-t1
2024-04-26 07:46:09,032 [26ca528a-fda8-41f2-a9ad-48918f1fba9d@group-D9979C9DB735-LeaderElection90] INFO  impl.LeaderElection (LeaderElection.java:askForVotes(323)) - 26ca528a-fda8-41f2-a9ad-48918f1fba9d@group-D9979C9DB735-LeaderElection90 ELECTION round 0: result PASSED
2024-04-26 07:46:09,032 [26ca528a-fda8-41f2-a9ad-48918f1fba9d@group-D9979C9DB735-LeaderElection90] INFO  impl.RoleInfo (RoleInfo.java:shutdownLeaderElection(130)) - 26ca528a-fda8-41f2-a9ad-48918f1fba9d: shutdown 26ca528a-fda8-41f2-a9ad-48918f1fba9d@group-D9979C9DB735-LeaderElection90
2024-04-26 07:46:09,032 [26ca528a-fda8-41f2-a9ad-48918f1fba9d@group-D9979C9DB735-LeaderElection90] INFO  server.RaftServer$Division (RaftServerImpl.java:setRole(383)) - 26ca528a-fda8-41f2-a9ad-48918f1fba9d@group-D9979C9DB735: changes role from CANDIDATE to LEADER at term 1 for changeToLeader
2024-04-26 07:46:09,032 [26ca528a-fda8-41f2-a9ad-48918f1fba9d@group-D9979C9DB735-LeaderElection90] INFO  server.RaftServerConfigKeys (ConfUtils.java:logGet(46)) - raft.server.staging.catchup.gap = 1000 (default)
2024-04-26 07:46:09,032 [26ca528a-fda8-41f2-a9ad-48918f1fba9d@group-D9979C9DB735-LeaderElection90] INFO  server.RaftServerConfigKeys (ConfUtils.java:logGet(46)) - raft.server.write.element-limit = 1024 (custom)
2024-04-26 07:46:09,032 [26ca528a-fda8-41f2-a9ad-48918f1fba9d@group-D9979C9DB735-LeaderElection90] INFO  server.RaftServerConfigKeys (ConfUtils.java:logGet(46)) - raft.server.write.byte-limit = 1024 M (=1073741824) (custom)
2024-04-26 07:46:09,032 [26ca528a-fda8-41f2-a9ad-48918f1fba9d@group-D9979C9DB735-LeaderElection90] INFO  server.RaftServerConfigKeys (ConfUtils.java:logGet(46)) - raft.server.watch.timeout = 3000ms (custom)
2024-04-26 07:46:09,033 [26ca528a-fda8-41f2-a9ad-48918f1fba9d@group-D9979C9DB735-LeaderElection90] INFO  server.RaftServerConfigKeys (ConfUtils.java:logGet(46)) - raft.server.watch.timeout.denomination = 1s (default)
2024-04-26 07:46:09,033 [26ca528a-fda8-41f2-a9ad-48918f1fba9d@group-D9979C9DB735-LeaderElection90] INFO  server.RaftServerConfigKeys (ConfUtils.java:logGet(46)) - raft.server.watch.element-limit = 65536 (default)
2024-04-26 07:46:09,033 [26ca528a-fda8-41f2-a9ad-48918f1fba9d@group-D9979C9DB735-LeaderElection90] INFO  server.RaftServerConfigKeys (ConfUtils.java:logGet(46)) - raft.server.read.leader.lease.enabled = false (default)
2024-04-26 07:46:09,033 [26ca528a-fda8-41f2-a9ad-48918f1fba9d@group-D9979C9DB735-LeaderElection90] INFO  server.RaftServerConfigKeys (ConfUtils.java:logGet(46)) - raft.server.read.leader.lease.timeout.ratio = 0.9 (default)
2024-04-26 07:46:09,033 [26ca528a-fda8-41f2-a9ad-48918f1fba9d@group-D9979C9DB735-LeaderElection90] INFO  server.RaftServerConfigKeys (ConfUtils.java:logGet(46)) - raft.server.rpc.timeout.min = 5s (custom)
2024-04-26 07:46:09,033 [26ca528a-fda8-41f2-a9ad-48918f1fba9d@group-D9979C9DB735-LeaderElection90] INFO  server.RaftServerConfigKeys (ConfUtils.java:logGet(46)) - raft.server.write.element-limit = 1024 (custom)
2024-04-26 07:46:09,033 [26ca528a-fda8-41f2-a9ad-48918f1fba9d@group-D9979C9DB735-LeaderElection90] INFO  server.RaftServerConfigKeys (ConfUtils.java:logGet(46)) - raft.server.write.follower.gap.ratio.max = -1.0 (default)
2024-04-26 07:46:09,033 [26ca528a-fda8-41f2-a9ad-48918f1fba9d@group-D9979C9DB735-LeaderElection90] INFO  server.RaftServerConfigKeys (ConfUtils.java:logGet(46)) - raft.server.log.appender.snapshot.chunk.size.max = 16MB (=16777216) (default)
2024-04-26 07:46:09,033 [26ca528a-fda8-41f2-a9ad-48918f1fba9d@group-D9979C9DB735-LeaderElection90] INFO  server.RaftServerConfigKeys (ConfUtils.java:logGet(46)) - raft.server.log.appender.buffer.byte-limit = 8388608 (custom)
2024-04-26 07:46:09,033 [26ca528a-fda8-41f2-a9ad-48918f1fba9d@group-D9979C9DB735-LeaderElection90] INFO  server.RaftServerConfigKeys (ConfUtils.java:logGet(46)) - raft.server.log.appender.buffer.element-limit = 1 (custom)
2024-04-26 07:46:09,033 [26ca528a-fda8-41f2-a9ad-48918f1fba9d@group-D9979C9DB735-LeaderElection90] INFO  server.RaftServerConfigKeys (ConfUtils.java:logGet(46)) - raft.server.log.appender.wait-time.min = 0ms (custom)
2024-04-26 07:46:09,033 [26ca528a-fda8-41f2-a9ad-48918f1fba9d@group-D9979C9DB735-LeaderElection90] INFO  grpc.GrpcConfigKeys (ConfUtils.java:logGet(46)) - raft.grpc.server.leader.outstanding.appends.max = 8 (default)
2024-04-26 07:46:09,033 [26ca528a-fda8-41f2-a9ad-48918f1fba9d@group-D9979C9DB735-LeaderElection90] INFO  server.RaftServerConfigKeys (ConfUtils.java:logGet(46)) - raft.server.rpc.request.timeout = 3000ms (default)
2024-04-26 07:46:09,033 [26ca528a-fda8-41f2-a9ad-48918f1fba9d@group-D9979C9DB735-LeaderElection90] INFO  grpc.GrpcConfigKeys (ConfUtils.java:logGet(46)) - raft.grpc.server.install_snapshot.request.element-limit = 8 (default)
2024-04-26 07:46:09,033 [26ca528a-fda8-41f2-a9ad-48918f1fba9d@group-D9979C9DB735-LeaderElection90] INFO  grpc.GrpcConfigKeys (ConfUtils.java:logGet(46)) - raft.grpc.server.install_snapshot.request.timeout = 3000ms (default)
2024-04-26 07:46:09,033 [26ca528a-fda8-41f2-a9ad-48918f1fba9d@group-D9979C9DB735-LeaderElection90] INFO  grpc.GrpcConfigKeys (ConfUtils.java:logGet(46)) - raft.grpc.server.log-message.batch.duration = 5s (default)
2024-04-26 07:46:09,033 [26ca528a-fda8-41f2-a9ad-48918f1fba9d@group-D9979C9DB735-LeaderElection90] INFO  server.RaftServerConfigKeys (ConfUtils.java:logGet(46)) - raft.server.log.appender.install.snapshot.enabled = false (custom)
2024-04-26 07:46:09,033 [26ca528a-fda8-41f2-a9ad-48918f1fba9d@group-D9979C9DB735-LeaderElection90] INFO  grpc.GrpcConfigKeys (ConfUtils.java:logGet(46)) - raft.grpc.server.heartbeat.channel = true (default)
2024-04-26 07:46:09,034 [26ca528a-fda8-41f2-a9ad-48918f1fba9d@group-D9979C9DB735-LeaderElection90] INFO  server.RaftServerConfigKeys (ConfUtils.java:logGet(46)) - raft.server.log.appender.snapshot.chunk.size.max = 16MB (=16777216) (default)
2024-04-26 07:46:09,034 [26ca528a-fda8-41f2-a9ad-48918f1fba9d@group-D9979C9DB735-LeaderElection90] INFO  server.RaftServerConfigKeys (ConfUtils.java:logGet(46)) - raft.server.log.appender.buffer.byte-limit = 8388608 (custom)
2024-04-26 07:46:09,034 [26ca528a-fda8-41f2-a9ad-48918f1fba9d@group-D9979C9DB735-LeaderElection90] INFO  server.RaftServerConfigKeys (ConfUtils.java:logGet(46)) - raft.server.log.appender.buffer.element-limit = 1 (custom)
2024-04-26 07:46:09,034 [26ca528a-fda8-41f2-a9ad-48918f1fba9d@group-D9979C9DB735-LeaderElection90] INFO  server.RaftServerConfigKeys (ConfUtils.java:logGet(46)) - raft.server.log.appender.wait-time.min = 0ms (custom)
2024-04-26 07:46:09,034 [26ca528a-fda8-41f2-a9ad-48918f1fba9d@group-D9979C9DB735-LeaderElection90] INFO  grpc.GrpcConfigKeys (ConfUtils.java:logGet(46)) - raft.grpc.server.leader.outstanding.appends.max = 8 (default)
2024-04-26 07:46:09,034 [26ca528a-fda8-41f2-a9ad-48918f1fba9d@group-D9979C9DB735-LeaderElection90] INFO  server.RaftServerConfigKeys (ConfUtils.java:logGet(46)) - raft.server.rpc.request.timeout = 3000ms (default)
2024-04-26 07:46:09,034 [26ca528a-fda8-41f2-a9ad-48918f1fba9d@group-D9979C9DB735-LeaderElection90] INFO  grpc.GrpcConfigKeys (ConfUtils.java:logGet(46)) - raft.grpc.server.install_snapshot.request.element-limit = 8 (default)
2024-04-26 07:46:09,034 [26ca528a-fda8-41f2-a9ad-48918f1fba9d@group-D9979C9DB735-LeaderElection90] INFO  grpc.GrpcConfigKeys (ConfUtils.java:logGet(46)) - raft.grpc.server.install_snapshot.request.timeout = 3000ms (default)
2024-04-26 07:46:09,034 [26ca528a-fda8-41f2-a9ad-48918f1fba9d@group-D9979C9DB735-LeaderElection90] INFO  grpc.GrpcConfigKeys (ConfUtils.java:logGet(46)) - raft.grpc.server.log-message.batch.duration = 5s (default)
2024-04-26 07:46:09,034 [26ca528a-fda8-41f2-a9ad-48918f1fba9d@group-D9979C9DB735-LeaderElection90] INFO  server.RaftServerConfigKeys (ConfUtils.java:logGet(46)) - raft.server.log.appender.install.snapshot.enabled = false (custom)
2024-04-26 07:46:09,034 [26ca528a-fda8-41f2-a9ad-48918f1fba9d@group-D9979C9DB735-LeaderElection90] INFO  grpc.GrpcConfigKeys (ConfUtils.java:logGet(46)) - raft.grpc.server.heartbeat.channel = true (default)
2024-04-26 07:46:09,034 [26ca528a-fda8-41f2-a9ad-48918f1fba9d@group-D9979C9DB735-LeaderElection90] INFO  impl.RoleInfo (RoleInfo.java:updateAndGet(139)) - 26ca528a-fda8-41f2-a9ad-48918f1fba9d: start 26ca528a-fda8-41f2-a9ad-48918f1fba9d@group-D9979C9DB735-LeaderStateImpl
2024-04-26 07:46:09,034 [26ca528a-fda8-41f2-a9ad-48918f1fba9d@group-D9979C9DB735-LeaderElection90] INFO  server.RaftServer$Division (RaftServerImpl.java:setFirstElection(574)) - 26ca528a-fda8-41f2-a9ad-48918f1fba9d@group-D9979C9DB735: set firstElectionSinceStartup to false for becomeLeader
2024-04-26 07:46:09,034 [26ca528a-fda8-41f2-a9ad-48918f1fba9d@group-D9979C9DB735-LeaderElection90] INFO  ratis.XceiverServerRatis (XceiverServerRatis.java:handleLeaderChangedNotification(966)) - Leader change notification received for group: group-D9979C9DB735 with new leaderId: 26ca528a-fda8-41f2-a9ad-48918f1fba9d
2024-04-26 07:46:09,035 [26ca528a-fda8-41f2-a9ad-48918f1fba9d@group-D9979C9DB735-LeaderElection90] INFO  server.RaftServer$Division (ServerState.java:setLeader(269)) - 26ca528a-fda8-41f2-a9ad-48918f1fba9d@group-D9979C9DB735: change Leader from null to 26ca528a-fda8-41f2-a9ad-48918f1fba9d at term 1 for becomeLeader, leader elected after 5194ms
2024-04-26 07:46:09,035 [26ca528a-fda8-41f2-a9ad-48918f1fba9d@group-D9979C9DB735-LeaderElection90] INFO  segmented.SegmentedRaftLogWorker (SegmentedRaftLogWorker.java:startLogSegment(430)) - 26ca528a-fda8-41f2-a9ad-48918f1fba9d@group-D9979C9DB735-SegmentedRaftLogWorker: Starting segment from index:0
2024-04-26 07:46:09,035 [26ca528a-fda8-41f2-a9ad-48918f1fba9d@group-D9979C9DB735-LeaderElection90] INFO  server.RaftServer$Division (ServerState.java:setRaftConf(386)) - 26ca528a-fda8-41f2-a9ad-48918f1fba9d@group-D9979C9DB735: set configuration 0: peers:[26ca528a-fda8-41f2-a9ad-48918f1fba9d|127.0.0.1:15531, e280b344-1e71-401e-97a7-3c6530ca629d|127.0.0.1:15513, f89e5511-6660-4723-b6db-0a37c1615f1a|127.0.0.1:15522]|listeners:[], old=null
2024-04-26 07:46:09,035 [26ca528a-fda8-41f2-a9ad-48918f1fba9d@group-D9979C9DB735-SegmentedRaftLogWorker] INFO  segmented.BufferedWriteChannel (BufferedWriteChannel.java:open(62)) - open log_inprogress_0 at position 0
2024-04-26 07:46:09,039 [EventQueue-PipelineReportForPipelineReportHandler] INFO  pipeline.PipelineReportHandler (PipelineReportHandler.java:processPipelineReport(136)) - Opened pipeline PipelineID=473f2448-1472-487b-b9ad-d9979c9db735
2024-04-26 07:46:09,043 [26ca528a-fda8-41f2-a9ad-48918f1fba9d@group-D9979C9DB735-SegmentedRaftLogWorker] INFO  segmented.SegmentedRaftLogWorker (SegmentedRaftLogWorker.java:execute(634)) - 26ca528a-fda8-41f2-a9ad-48918f1fba9d@group-D9979C9DB735-SegmentedRaftLogWorker: created new log segment /home/runner/work/ozone/ozone/hadoop-ozone/integration-test/target/test-dir/MiniOzoneClusterImpl-864451be-9a12-4508-8431-6d052999593c/ozone-meta/datanode-9/ratis/473f2448-1472-487b-b9ad-d9979c9db735/current/log_inprogress_0
2024-04-26 07:46:09,047 [e280b344-1e71-401e-97a7-3c6530ca629d-server-thread1] INFO  ratis.XceiverServerRatis (XceiverServerRatis.java:handleLeaderChangedNotification(966)) - Leader change notification received for group: group-D9979C9DB735 with new leaderId: 26ca528a-fda8-41f2-a9ad-48918f1fba9d
2024-04-26 07:46:09,047 [f89e5511-6660-4723-b6db-0a37c1615f1a-server-thread1] INFO  ratis.XceiverServerRatis (XceiverServerRatis.java:handleLeaderChangedNotification(966)) - Leader change notification received for group: group-D9979C9DB735 with new leaderId: 26ca528a-fda8-41f2-a9ad-48918f1fba9d
2024-04-26 07:46:09,047 [f89e5511-6660-4723-b6db-0a37c1615f1a-server-thread1] INFO  server.RaftServer$Division (ServerState.java:setLeader(269)) - f89e5511-6660-4723-b6db-0a37c1615f1a@group-D9979C9DB735: change Leader from null to 26ca528a-fda8-41f2-a9ad-48918f1fba9d at term 1 for appendEntries, leader elected after 5223ms
2024-04-26 07:46:09,047 [e280b344-1e71-401e-97a7-3c6530ca629d-server-thread1] INFO  server.RaftServer$Division (ServerState.java:setLeader(269)) - e280b344-1e71-401e-97a7-3c6530ca629d@group-D9979C9DB735: change Leader from null to 26ca528a-fda8-41f2-a9ad-48918f1fba9d at term 1 for appendEntries, leader elected after 5239ms
2024-04-26 07:46:09,051 [f89e5511-6660-4723-b6db-0a37c1615f1a-server-thread3] INFO  server.RaftServer$Division (ServerState.java:setRaftConf(386)) - f89e5511-6660-4723-b6db-0a37c1615f1a@group-D9979C9DB735: set configuration 0: peers:[26ca528a-fda8-41f2-a9ad-48918f1fba9d|127.0.0.1:15531, e280b344-1e71-401e-97a7-3c6530ca629d|127.0.0.1:15513, f89e5511-6660-4723-b6db-0a37c1615f1a|127.0.0.1:15522]|listeners:[], old=null
2024-04-26 07:46:09,052 [f89e5511-6660-4723-b6db-0a37c1615f1a-server-thread3] INFO  segmented.SegmentedRaftLogWorker (SegmentedRaftLogWorker.java:startLogSegment(430)) - f89e5511-6660-4723-b6db-0a37c1615f1a@group-D9979C9DB735-SegmentedRaftLogWorker: Starting segment from index:0
2024-04-26 07:46:09,052 [e280b344-1e71-401e-97a7-3c6530ca629d-server-thread3] INFO  server.RaftServer$Division (ServerState.java:setRaftConf(386)) - e280b344-1e71-401e-97a7-3c6530ca629d@group-D9979C9DB735: set configuration 0: peers:[26ca528a-fda8-41f2-a9ad-48918f1fba9d|127.0.0.1:15531, e280b344-1e71-401e-97a7-3c6530ca629d|127.0.0.1:15513, f89e5511-6660-4723-b6db-0a37c1615f1a|127.0.0.1:15522]|listeners:[], old=null
2024-04-26 07:46:09,052 [e280b344-1e71-401e-97a7-3c6530ca629d-server-thread3] INFO  segmented.SegmentedRaftLogWorker (SegmentedRaftLogWorker.java:startLogSegment(430)) - e280b344-1e71-401e-97a7-3c6530ca629d@group-D9979C9DB735-SegmentedRaftLogWorker: Starting segment from index:0
2024-04-26 07:46:09,052 [f89e5511-6660-4723-b6db-0a37c1615f1a@group-D9979C9DB735-SegmentedRaftLogWorker] INFO  segmented.BufferedWriteChannel (BufferedWriteChannel.java:open(62)) - open log_inprogress_0 at position 0
2024-04-26 07:46:09,052 [e280b344-1e71-401e-97a7-3c6530ca629d@group-D9979C9DB735-SegmentedRaftLogWorker] INFO  segmented.BufferedWriteChannel (BufferedWriteChannel.java:open(62)) - open log_inprogress_0 at position 0
2024-04-26 07:46:09,062 [f89e5511-6660-4723-b6db-0a37c1615f1a@group-D9979C9DB735-SegmentedRaftLogWorker] INFO  segmented.SegmentedRaftLogWorker (SegmentedRaftLogWorker.java:execute(634)) - f89e5511-6660-4723-b6db-0a37c1615f1a@group-D9979C9DB735-SegmentedRaftLogWorker: created new log segment /home/runner/work/ozone/ozone/hadoop-ozone/integration-test/target/test-dir/MiniOzoneClusterImpl-864451be-9a12-4508-8431-6d052999593c/ozone-meta/datanode-8/ratis/473f2448-1472-487b-b9ad-d9979c9db735/current/log_inprogress_0
2024-04-26 07:46:09,062 [e280b344-1e71-401e-97a7-3c6530ca629d@group-D9979C9DB735-SegmentedRaftLogWorker] INFO  segmented.SegmentedRaftLogWorker (SegmentedRaftLogWorker.java:execute(634)) - e280b344-1e71-401e-97a7-3c6530ca629d@group-D9979C9DB735-SegmentedRaftLogWorker: created new log segment /home/runner/work/ozone/ozone/hadoop-ozone/integration-test/target/test-dir/MiniOzoneClusterImpl-864451be-9a12-4508-8431-6d052999593c/ozone-meta/datanode-7/ratis/473f2448-1472-487b-b9ad-d9979c9db735/current/log_inprogress_0
2024-04-26 07:46:09,064 [26ca528a-fda8-41f2-a9ad-48918f1fba9d@group-D9979C9DB735-StateMachineUpdater] INFO  server.RaftServer$Division (LeaderStateImpl.java:isApplied(320)) - leader is ready since appliedIndex == 0 >= startIndex == 0
2024-04-26 07:46:09,752 [ddce2076-1575-41c9-8de9-fd704b659682-impl-thread1] INFO  segmented.SegmentedRaftLogWorker (SegmentedRaftLogWorker.java:close(245)) - ddce2076-1575-41c9-8de9-fd704b659682@group-715834087A58-SegmentedRaftLogWorker close()
2024-04-26 07:46:09,943 [ddce2076-1575-41c9-8de9-fd704b659682-impl-thread2] INFO  segmented.SegmentedRaftLogWorker (SegmentedRaftLogWorker.java:close(245)) - ddce2076-1575-41c9-8de9-fd704b659682@group-3C8AF2F69899-SegmentedRaftLogWorker close()
2024-04-26 07:46:09,943 [JvmPauseMonitor59] INFO  util.JvmPauseMonitor (JvmPauseMonitor.java:run(152)) - JvmPauseMonitor-ddce2076-1575-41c9-8de9-fd704b659682: Stopped
2024-04-26 07:46:11,945 [main] INFO  utils.DatanodeStoreCache (DatanodeStoreCache.java:shutdownCache(116)) - Skip clearing cache in mini cluster mode. Entries left: [/home/runner/work/ozone/ozone/hadoop-ozone/integration-test/target/test-dir/MiniOzoneClusterImpl-864451be-9a12-4508-8431-6d052999593c/ozone-meta/datanode-1/data-0/hdds/864451be-9a12-4508-8431-6d052999593c/DS-6e1043c3-ec8b-4f67-882a-cde8761ac1ae/container.db, /home/runner/work/ozone/ozone/hadoop-ozone/integration-test/target/test-dir/MiniOzoneClusterImpl-864451be-9a12-4508-8431-6d052999593c/ozone-meta/datanode-2/data-0/hdds/864451be-9a12-4508-8431-6d052999593c/DS-69313847-8bb8-43a4-8970-b094fdf4cce5/container.db, /home/runner/work/ozone/ozone/hadoop-ozone/integration-test/target/test-dir/MiniOzoneClusterImpl-864451be-9a12-4508-8431-6d052999593c/ozone-meta/datanode-3/data-0/hdds/864451be-9a12-4508-8431-6d052999593c/DS-9c166471-2bb5-4a03-943a-9a2c640845b4/container.db, /home/runner/work/ozone/ozone/hadoop-ozone/integration-test/target/test-dir/MiniOzoneClusterImpl-864451be-9a12-4508-8431-6d052999593c/ozone-meta/datanode-4/data-0/hdds/864451be-9a12-4508-8431-6d052999593c/DS-1930c44f-e393-4a6d-a029-d277dfd0fe87/container.db, /home/runner/work/ozone/ozone/hadoop-ozone/integration-test/target/test-dir/MiniOzoneClusterImpl-864451be-9a12-4508-8431-6d052999593c/ozone-meta/datanode-5/data-0/hdds/864451be-9a12-4508-8431-6d052999593c/DS-7a5cda3d-23c1-479a-8072-1fd6790700ab/container.db, /home/runner/work/ozone/ozone/hadoop-ozone/integration-test/target/test-dir/MiniOzoneClusterImpl-864451be-9a12-4508-8431-6d052999593c/ozone-meta/datanode-6/data-0/hdds/864451be-9a12-4508-8431-6d052999593c/DS-e75b51d9-728f-4065-8dc7-ecbd31ca660e/container.db, /home/runner/work/ozone/ozone/hadoop-ozone/integration-test/target/test-dir/MiniOzoneClusterImpl-864451be-9a12-4508-8431-6d052999593c/ozone-meta/datanode-7/data-0/hdds/864451be-9a12-4508-8431-6d052999593c/DS-e2869e37-71c1-45d5-a186-7149712ed3e6/container.db, /home/runner/work/ozone/ozone/hadoop-ozone/integration-test/target/test-dir/MiniOzoneClusterImpl-864451be-9a12-4508-8431-6d052999593c/ozone-meta/datanode-8/data-0/hdds/864451be-9a12-4508-8431-6d052999593c/DS-f6f6083a-c798-469f-ac7b-f89d866e9775/container.db, /home/runner/work/ozone/ozone/hadoop-ozone/integration-test/target/test-dir/MiniOzoneClusterImpl-864451be-9a12-4508-8431-6d052999593c/ozone-meta/datanode-9/data-0/hdds/864451be-9a12-4508-8431-6d052999593c/DS-d86ddbc2-f1ff-4fa6-9e67-c5d034a5e9eb/container.db]
2024-04-26 07:46:11,946 [main] INFO  utils.DatanodeStoreCache (DatanodeStoreCache.java:removeDB(110)) - Removed db /home/runner/work/ozone/ozone/hadoop-ozone/integration-test/target/test-dir/MiniOzoneClusterImpl-864451be-9a12-4508-8431-6d052999593c/ozone-meta/datanode-3/data-0/hdds/864451be-9a12-4508-8431-6d052999593c/DS-9c166471-2bb5-4a03-943a-9a2c640845b4/container.db from cache
2024-04-26 07:46:11,946 [main] INFO  volume.HddsVolume (HddsVolume.java:closeDbStore(470)) - SchemaV3 db is stopped at /home/runner/work/ozone/ozone/hadoop-ozone/integration-test/target/test-dir/MiniOzoneClusterImpl-864451be-9a12-4508-8431-6d052999593c/ozone-meta/datanode-3/data-0/hdds/864451be-9a12-4508-8431-6d052999593c/DS-9c166471-2bb5-4a03-943a-9a2c640845b4/container.db for volume DS-9c166471-2bb5-4a03-943a-9a2c640845b4
2024-04-26 07:46:11,946 [main] INFO  utils.BackgroundService (BackgroundService.java:shutdown(160)) - Shutting down service BlockDeletingService
2024-04-26 07:46:11,947 [main] INFO  utils.BackgroundService (BackgroundService.java:shutdown(160)) - Shutting down service StaleRecoveringContainerScrubbingService
2024-04-26 07:46:11,947 [main] INFO  statemachine.DatanodeStateMachine (DatanodeStateMachine.java:stopDaemon(638)) - Ozone container server stopped.
2024-04-26 07:46:11,948 [main] INFO  handler.ContextHandler (ContextHandler.java:doStop(1159)) - Stopped o.e.j.w.WebAppContext@12e9ac59{hddsDatanode,/,null,STOPPED}{file:/home/runner/work/ozone/ozone/hadoop-hdds/container-service/target/classes/webapps/hddsDatanode}
2024-04-26 07:46:11,948 [main] INFO  server.AbstractConnector (AbstractConnector.java:doStop(383)) - Stopped ServerConnector@4c47f85d{HTTP/1.1, (http/1.1)}{0.0.0.0:15472}
2024-04-26 07:46:11,948 [main] INFO  server.session (HouseKeeper.java:stopScavenging(149)) - node0 Stopped scavenging
2024-04-26 07:46:11,948 [main] INFO  handler.ContextHandler (ContextHandler.java:doStop(1159)) - Stopped o.e.j.s.ServletContextHandler@366164f0{static,/static,file:///home/runner/work/ozone/ozone/hadoop-hdds/container-service/target/classes/webapps/static,STOPPED}
2024-04-26 07:46:11,949 [main] INFO  handler.ContextHandler (ContextHandler.java:doStop(1159)) - Stopped o.e.j.s.ServletContextHandler@62e42995{logs,/logs,file:///home/runner/work/ozone/ozone/hadoop-ozone/integration-test/target/log,STOPPED}
2024-04-26 07:46:11,949 [main] INFO  ozone.HddsDatanodeClientProtocolServer (HddsDatanodeClientProtocolServer.java:stop(83)) - Stopping the RPC server for Client Protocol
2024-04-26 07:46:11,949 [main] INFO  ipc.Server (Server.java:stop(3523)) - Stopping server on 15473
2024-04-26 07:46:11,950 [IPC Server Responder] INFO  ipc.Server (Server.java:run(1567)) - Stopping IPC Server Responder
2024-04-26 07:46:11,950 [IPC Server listener on 15473] INFO  ipc.Server (Server.java:run(1434)) - Stopping IPC Server listener on 15473
2024-04-26 07:46:11,951 [main] INFO  ozoneimpl.OzoneContainer (OzoneContainer.java:stop(481)) - Attempting to stop container services.
2024-04-26 07:46:11,952 [ContainerMetadataScanner] WARN  ozoneimpl.AbstractBackgroundContainerScanner (AbstractBackgroundContainerScanner.java:handleRemainingSleep(134)) - Background container scan was interrupted.
2024-04-26 07:46:11,952 [ContainerMetadataScanner] INFO  ozoneimpl.AbstractBackgroundContainerScanner (AbstractBackgroundContainerScanner.java:run(61)) - Thread[ContainerMetadataScanner,5,main] exiting.
2024-04-26 07:46:11,952 [main] INFO  ozoneimpl.BackgroundContainerDataScanner (BackgroundContainerDataScanner.java:shutdown(141)) - ContainerDataScanner(/home/runner/work/ozone/ozone/hadoop-ozone/integration-test/target/test-dir/MiniOzoneClusterImpl-864451be-9a12-4508-8431-6d052999593c/ozone-meta/datanode-1/data-0/hdds) is shutting down. 
2024-04-26 07:46:11,952 [ContainerDataScanner(/home/runner/work/ozone/ozone/hadoop-ozone/integration-test/target/test-dir/MiniOzoneClusterImpl-864451be-9a12-4508-8431-6d052999593c/ozone-meta/datanode-1/data-0/hdds)] WARN  ozoneimpl.AbstractBackgroundContainerScanner (AbstractBackgroundContainerScanner.java:handleRemainingSleep(134)) - Background container scan was interrupted.
2024-04-26 07:46:11,952 [ContainerDataScanner(/home/runner/work/ozone/ozone/hadoop-ozone/integration-test/target/test-dir/MiniOzoneClusterImpl-864451be-9a12-4508-8431-6d052999593c/ozone-meta/datanode-1/data-0/hdds)] INFO  ozoneimpl.AbstractBackgroundContainerScanner (AbstractBackgroundContainerScanner.java:run(61)) - ContainerDataScanner(/home/runner/work/ozone/ozone/hadoop-ozone/integration-test/target/test-dir/MiniOzoneClusterImpl-864451be-9a12-4508-8431-6d052999593c/ozone-meta/datanode-1/data-0/hdds, DS-6e1043c3-ec8b-4f67-882a-cde8761ac1ae) exiting.
2024-04-26 07:46:11,952 [main] INFO  server.RaftServer (RaftServerProxy.java:lambda$close$9(416)) - 576b0e19-35c7-479f-a3f8-cac44c071a4a: close
2024-04-26 07:46:11,953 [main] INFO  server.GrpcService (GrpcService.java:closeImpl(311)) - 576b0e19-35c7-479f-a3f8-cac44c071a4a: shutdown server org.apache.ratis.grpc.server.GrpcClientProtocolService now
2024-04-26 07:46:11,953 [576b0e19-35c7-479f-a3f8-cac44c071a4a-impl-thread1] INFO  server.RaftServer$Division (RaftServerImpl.java:lambda$close$3(526)) - 576b0e19-35c7-479f-a3f8-cac44c071a4a@group-3C8AF2F69899: shutdown
2024-04-26 07:46:11,953 [576b0e19-35c7-479f-a3f8-cac44c071a4a-impl-thread1] INFO  util.JmxRegister (JmxRegister.java:unregister(73)) - Successfully un-registered JMX Bean with object name Ratis:service=RaftServer,group=group-3C8AF2F69899,id=576b0e19-35c7-479f-a3f8-cac44c071a4a
2024-04-26 07:46:11,953 [576b0e19-35c7-479f-a3f8-cac44c071a4a-impl-thread1] INFO  impl.RoleInfo (RoleInfo.java:shutdownFollowerState(110)) - 576b0e19-35c7-479f-a3f8-cac44c071a4a: shutdown 576b0e19-35c7-479f-a3f8-cac44c071a4a@group-3C8AF2F69899-FollowerState
2024-04-26 07:46:11,953 [576b0e19-35c7-479f-a3f8-cac44c071a4a-impl-thread1] INFO  impl.StateMachineUpdater (StateMachineUpdater.java:stopAndJoin(157)) - 576b0e19-35c7-479f-a3f8-cac44c071a4a@group-3C8AF2F69899-StateMachineUpdater: set stopIndex = 2
2024-04-26 07:46:11,953 [576b0e19-35c7-479f-a3f8-cac44c071a4a@group-3C8AF2F69899-StateMachineUpdater] INFO  ratis.ContainerStateMachine (ContainerStateMachine.java:takeSnapshot(355)) - group-3C8AF2F69899: Taking a snapshot at:(t:1, i:2) file /home/runner/work/ozone/ozone/hadoop-ozone/integration-test/target/test-dir/MiniOzoneClusterImpl-864451be-9a12-4508-8431-6d052999593c/ozone-meta/datanode-1/ratis/20140069-b339-4f8c-94e8-3c8af2f69899/sm/snapshot.1_2
2024-04-26 07:46:11,953 [576b0e19-35c7-479f-a3f8-cac44c071a4a-impl-thread2] INFO  server.RaftServer$Division (RaftServerImpl.java:lambda$close$3(526)) - 576b0e19-35c7-479f-a3f8-cac44c071a4a@group-D889FDCFA5F4: shutdown
2024-04-26 07:46:11,953 [main] INFO  server.GrpcService (GrpcService.java:closeImpl(320)) - 576b0e19-35c7-479f-a3f8-cac44c071a4a: shutdown server org.apache.ratis.grpc.server.GrpcClientProtocolService successfully
2024-04-26 07:46:11,954 [main] INFO  server.GrpcService (GrpcService.java:closeImpl(311)) - 576b0e19-35c7-479f-a3f8-cac44c071a4a: shutdown server GrpcServerProtocolService now
2024-04-26 07:46:11,954 [576b0e19-35c7-479f-a3f8-cac44c071a4a-impl-thread2] INFO  util.JmxRegister (JmxRegister.java:unregister(73)) - Successfully un-registered JMX Bean with object name Ratis:service=RaftServer,group=group-D889FDCFA5F4,id=576b0e19-35c7-479f-a3f8-cac44c071a4a
2024-04-26 07:46:11,954 [576b0e19-35c7-479f-a3f8-cac44c071a4a-impl-thread2] INFO  impl.RoleInfo (RoleInfo.java:shutdownLeaderState(94)) - 576b0e19-35c7-479f-a3f8-cac44c071a4a: shutdown 576b0e19-35c7-479f-a3f8-cac44c071a4a@group-D889FDCFA5F4-LeaderStateImpl
2024-04-26 07:46:11,954 [576b0e19-35c7-479f-a3f8-cac44c071a4a-impl-thread2] INFO  impl.PendingRequests (PendingRequests.java:sendNotLeaderResponses(289)) - 576b0e19-35c7-479f-a3f8-cac44c071a4a@group-D889FDCFA5F4-PendingRequests: sendNotLeaderResponses
2024-04-26 07:46:11,953 [576b0e19-35c7-479f-a3f8-cac44c071a4a@group-3C8AF2F69899-FollowerState] INFO  impl.FollowerState (FollowerState.java:run(152)) - 576b0e19-35c7-479f-a3f8-cac44c071a4a@group-3C8AF2F69899-FollowerState was interrupted
2024-04-26 07:46:11,954 [grpc-default-executor-0] WARN  server.GrpcServerProtocolService (LogUtils.java:warn(121)) - 576b0e19-35c7-479f-a3f8-cac44c071a4a: APPEND_ENTRIES onError, lastRequest: null: org.apache.ratis.thirdparty.io.grpc.StatusRuntimeException: CANCELLED: client cancelled
2024-04-26 07:46:11,954 [grpc-default-executor-2] WARN  server.GrpcServerProtocolService (LogUtils.java:warn(121)) - 576b0e19-35c7-479f-a3f8-cac44c071a4a: APPEND_ENTRIES onError, lastRequest: e753b894-9081-4960-806d-bc57228f6e3a->576b0e19-35c7-479f-a3f8-cac44c071a4a#6-t1,previous=(t:1, i:1),leaderCommit=1,initializing? false,entries: size=1, first=(t:1, i:2), METADATAENTRY(c:1): org.apache.ratis.thirdparty.io.grpc.StatusRuntimeException: CANCELLED: client cancelled
2024-04-26 07:46:11,954 [576b0e19-35c7-479f-a3f8-cac44c071a4a-impl-thread2] INFO  impl.StateMachineUpdater (StateMachineUpdater.java:stopAndJoin(157)) - 576b0e19-35c7-479f-a3f8-cac44c071a4a@group-D889FDCFA5F4-StateMachineUpdater: set stopIndex = 0
2024-04-26 07:46:11,955 [576b0e19-35c7-479f-a3f8-cac44c071a4a@group-D889FDCFA5F4-StateMachineUpdater] INFO  ratis.ContainerStateMachine (ContainerStateMachine.java:takeSnapshot(355)) - group-D889FDCFA5F4: Taking a snapshot at:(t:1, i:0) file /home/runner/work/ozone/ozone/hadoop-ozone/integration-test/target/test-dir/MiniOzoneClusterImpl-864451be-9a12-4508-8431-6d052999593c/ozone-meta/datanode-1/ratis/e90adc08-af8f-4604-9a46-d889fdcfa5f4/sm/snapshot.1_0
2024-04-26 07:46:11,955 [grpc-default-executor-2] WARN  server.GrpcLogAppender (LogUtils.java:warn(121)) - e753b894-9081-4960-806d-bc57228f6e3a@group-3C8AF2F69899->576b0e19-35c7-479f-a3f8-cac44c071a4a-AppendLogResponseHandler: Failed appendEntries: org.apache.ratis.thirdparty.io.grpc.StatusRuntimeException: CANCELLED: RST_STREAM closed stream. HTTP/2 error code: CANCEL
2024-04-26 07:46:11,955 [576b0e19-35c7-479f-a3f8-cac44c071a4a@group-3C8AF2F69899-StateMachineUpdater] INFO  ratis.ContainerStateMachine (ContainerStateMachine.java:takeSnapshot(366)) - group-3C8AF2F69899: Finished taking a snapshot at:(t:1, i:2) file:/home/runner/work/ozone/ozone/hadoop-ozone/integration-test/target/test-dir/MiniOzoneClusterImpl-864451be-9a12-4508-8431-6d052999593c/ozone-meta/datanode-1/ratis/20140069-b339-4f8c-94e8-3c8af2f69899/sm/snapshot.1_2 took: 2 ms
2024-04-26 07:46:11,955 [grpc-default-executor-2] WARN  server.GrpcLogAppender (GrpcLogAppender.java:lambda$resetClient$1(217)) - e753b894-9081-4960-806d-bc57228f6e3a@group-3C8AF2F69899->576b0e19-35c7-479f-a3f8-cac44c071a4a-GrpcLogAppender: Follower failed (request=null, errorCount=1); keep nextIndex (3) unchanged and retry.
2024-04-26 07:46:11,955 [576b0e19-35c7-479f-a3f8-cac44c071a4a@group-3C8AF2F69899-StateMachineUpdater] INFO  impl.StateMachineUpdater (StateMachineUpdater.java:takeSnapshot(295)) - 576b0e19-35c7-479f-a3f8-cac44c071a4a@group-3C8AF2F69899-StateMachineUpdater: Took a snapshot at index 2
2024-04-26 07:46:11,955 [576b0e19-35c7-479f-a3f8-cac44c071a4a@group-D889FDCFA5F4-StateMachineUpdater] INFO  ratis.ContainerStateMachine (ContainerStateMachine.java:takeSnapshot(366)) - group-D889FDCFA5F4: Finished taking a snapshot at:(t:1, i:0) file:/home/runner/work/ozone/ozone/hadoop-ozone/integration-test/target/test-dir/MiniOzoneClusterImpl-864451be-9a12-4508-8431-6d052999593c/ozone-meta/datanode-1/ratis/e90adc08-af8f-4604-9a46-d889fdcfa5f4/sm/snapshot.1_0 took: 0 ms
2024-04-26 07:46:11,955 [576b0e19-35c7-479f-a3f8-cac44c071a4a@group-3C8AF2F69899-StateMachineUpdater] INFO  impl.StateMachineUpdater (StateMachineUpdater.java:lambda$new$0(98)) - 576b0e19-35c7-479f-a3f8-cac44c071a4a@group-3C8AF2F69899-StateMachineUpdater: snapshotIndex: updateIncreasingly -1 -> 2
2024-04-26 07:46:11,955 [576b0e19-35c7-479f-a3f8-cac44c071a4a@group-D889FDCFA5F4-StateMachineUpdater] INFO  impl.StateMachineUpdater (StateMachineUpdater.java:takeSnapshot(295)) - 576b0e19-35c7-479f-a3f8-cac44c071a4a@group-D889FDCFA5F4-StateMachineUpdater: Took a snapshot at index 0
2024-04-26 07:46:11,955 [576b0e19-35c7-479f-a3f8-cac44c071a4a@group-D889FDCFA5F4-StateMachineUpdater] INFO  impl.StateMachineUpdater (StateMachineUpdater.java:lambda$new$0(98)) - 576b0e19-35c7-479f-a3f8-cac44c071a4a@group-D889FDCFA5F4-StateMachineUpdater: snapshotIndex: updateIncreasingly -1 -> 0
2024-04-26 07:46:11,955 [576b0e19-35c7-479f-a3f8-cac44c071a4a-impl-thread1] INFO  server.RaftServer$Division (ServerState.java:close(427)) - 576b0e19-35c7-479f-a3f8-cac44c071a4a@group-3C8AF2F69899: applyIndex: 2
2024-04-26 07:46:11,955 [576b0e19-35c7-479f-a3f8-cac44c071a4a@group-3C8AF2F69899-cacheEviction-AwaitToRun] INFO  util.AwaitToRun (AwaitToRun.java:run(49)) - 576b0e19-35c7-479f-a3f8-cac44c071a4a@group-3C8AF2F69899-cacheEviction-AwaitToRun-AwaitForSignal is interrupted
2024-04-26 07:46:11,956 [576b0e19-35c7-479f-a3f8-cac44c071a4a-impl-thread2] INFO  server.RaftServer$Division (ServerState.java:close(427)) - 576b0e19-35c7-479f-a3f8-cac44c071a4a@group-D889FDCFA5F4: applyIndex: 0
2024-04-26 07:46:11,956 [576b0e19-35c7-479f-a3f8-cac44c071a4a@group-D889FDCFA5F4-cacheEviction-AwaitToRun] INFO  util.AwaitToRun (AwaitToRun.java:run(49)) - 576b0e19-35c7-479f-a3f8-cac44c071a4a@group-D889FDCFA5F4-cacheEviction-AwaitToRun-AwaitForSignal is interrupted
2024-04-26 07:46:11,956 [main] INFO  server.GrpcService (GrpcService.java:closeImpl(320)) - 576b0e19-35c7-479f-a3f8-cac44c071a4a: shutdown server GrpcServerProtocolService successfully
2024-04-26 07:46:11,956 [main] INFO  server.GrpcService (GrpcService.java:closeImpl(311)) - 576b0e19-35c7-479f-a3f8-cac44c071a4a: shutdown server org.apache.ratis.grpc.server.GrpcAdminProtocolService now
2024-04-26 07:46:11,957 [main] INFO  server.GrpcService (GrpcService.java:closeImpl(320)) - 576b0e19-35c7-479f-a3f8-cac44c071a4a: shutdown server org.apache.ratis.grpc.server.GrpcAdminProtocolService successfully
2024-04-26 07:46:11,959 [576b0e19-35c7-479f-a3f8-cac44c071a4a-NettyServerStreamRpc-bossGroup--thread1] INFO  logging.LoggingHandler (AbstractInternalLogger.java:log(148)) - [id: 0x5a11d6be, L:/0.0.0.0:15460] CLOSE
2024-04-26 07:46:11,959 [576b0e19-35c7-479f-a3f8-cac44c071a4a-NettyServerStreamRpc-bossGroup--thread1] INFO  logging.LoggingHandler (AbstractInternalLogger.java:log(148)) - [id: 0x5a11d6be, L:/0.0.0.0:15460] INACTIVE
2024-04-26 07:46:11,959 [576b0e19-35c7-479f-a3f8-cac44c071a4a-NettyServerStreamRpc-bossGroup--thread1] INFO  logging.LoggingHandler (AbstractInternalLogger.java:log(148)) - [id: 0x5a11d6be, L:/0.0.0.0:15460] UNREGISTERED
2024-04-26 07:46:12,612 [576b0e19-35c7-479f-a3f8-cac44c071a4a-impl-thread2] INFO  segmented.SegmentedRaftLogWorker (SegmentedRaftLogWorker.java:close(245)) - 576b0e19-35c7-479f-a3f8-cac44c071a4a@group-D889FDCFA5F4-SegmentedRaftLogWorker close()
2024-04-26 07:46:12,943 [576b0e19-35c7-479f-a3f8-cac44c071a4a-impl-thread1] INFO  segmented.SegmentedRaftLogWorker (SegmentedRaftLogWorker.java:close(245)) - 576b0e19-35c7-479f-a3f8-cac44c071a4a@group-3C8AF2F69899-SegmentedRaftLogWorker close()
2024-04-26 07:46:12,943 [JvmPauseMonitor57] INFO  util.JvmPauseMonitor (JvmPauseMonitor.java:run(152)) - JvmPauseMonitor-576b0e19-35c7-479f-a3f8-cac44c071a4a: Stopped
2024-04-26 07:46:13,959 [timer1] WARN  server.GrpcLogAppender (GrpcLogAppender.java:lambda$resetClient$1(217)) - e753b894-9081-4960-806d-bc57228f6e3a@group-3C8AF2F69899->ddce2076-1575-41c9-8de9-fd704b659682-GrpcLogAppender: Follower failed (request=null, errorCount=8); keep nextIndex (3) unchanged and retry. (Repeated 8 times in the last 4.999s)
2024-04-26 07:46:13,959 [timer0] WARN  server.GrpcLogAppender (LogUtils.java:warn(121)) - e753b894-9081-4960-806d-bc57228f6e3a@group-3C8AF2F69899->ddce2076-1575-41c9-8de9-fd704b659682-AppendLogResponseHandler: Failed appendEntries (Repeated 8 times in the last 5.000s): org.apache.ratis.thirdparty.io.grpc.StatusRuntimeException: UNAVAILABLE: io exception
2024-04-26 07:46:14,945 [main] INFO  utils.DatanodeStoreCache (DatanodeStoreCache.java:shutdownCache(116)) - Skip clearing cache in mini cluster mode. Entries left: [/home/runner/work/ozone/ozone/hadoop-ozone/integration-test/target/test-dir/MiniOzoneClusterImpl-864451be-9a12-4508-8431-6d052999593c/ozone-meta/datanode-1/data-0/hdds/864451be-9a12-4508-8431-6d052999593c/DS-6e1043c3-ec8b-4f67-882a-cde8761ac1ae/container.db, /home/runner/work/ozone/ozone/hadoop-ozone/integration-test/target/test-dir/MiniOzoneClusterImpl-864451be-9a12-4508-8431-6d052999593c/ozone-meta/datanode-2/data-0/hdds/864451be-9a12-4508-8431-6d052999593c/DS-69313847-8bb8-43a4-8970-b094fdf4cce5/container.db, /home/runner/work/ozone/ozone/hadoop-ozone/integration-test/target/test-dir/MiniOzoneClusterImpl-864451be-9a12-4508-8431-6d052999593c/ozone-meta/datanode-4/data-0/hdds/864451be-9a12-4508-8431-6d052999593c/DS-1930c44f-e393-4a6d-a029-d277dfd0fe87/container.db, /home/runner/work/ozone/ozone/hadoop-ozone/integration-test/target/test-dir/MiniOzoneClusterImpl-864451be-9a12-4508-8431-6d052999593c/ozone-meta/datanode-5/data-0/hdds/864451be-9a12-4508-8431-6d052999593c/DS-7a5cda3d-23c1-479a-8072-1fd6790700ab/container.db, /home/runner/work/ozone/ozone/hadoop-ozone/integration-test/target/test-dir/MiniOzoneClusterImpl-864451be-9a12-4508-8431-6d052999593c/ozone-meta/datanode-6/data-0/hdds/864451be-9a12-4508-8431-6d052999593c/DS-e75b51d9-728f-4065-8dc7-ecbd31ca660e/container.db, /home/runner/work/ozone/ozone/hadoop-ozone/integration-test/target/test-dir/MiniOzoneClusterImpl-864451be-9a12-4508-8431-6d052999593c/ozone-meta/datanode-7/data-0/hdds/864451be-9a12-4508-8431-6d052999593c/DS-e2869e37-71c1-45d5-a186-7149712ed3e6/container.db, /home/runner/work/ozone/ozone/hadoop-ozone/integration-test/target/test-dir/MiniOzoneClusterImpl-864451be-9a12-4508-8431-6d052999593c/ozone-meta/datanode-8/data-0/hdds/864451be-9a12-4508-8431-6d052999593c/DS-f6f6083a-c798-469f-ac7b-f89d866e9775/container.db, /home/runner/work/ozone/ozone/hadoop-ozone/integration-test/target/test-dir/MiniOzoneClusterImpl-864451be-9a12-4508-8431-6d052999593c/ozone-meta/datanode-9/data-0/hdds/864451be-9a12-4508-8431-6d052999593c/DS-d86ddbc2-f1ff-4fa6-9e67-c5d034a5e9eb/container.db]
2024-04-26 07:46:14,946 [main] INFO  utils.DatanodeStoreCache (DatanodeStoreCache.java:removeDB(110)) - Removed db /home/runner/work/ozone/ozone/hadoop-ozone/integration-test/target/test-dir/MiniOzoneClusterImpl-864451be-9a12-4508-8431-6d052999593c/ozone-meta/datanode-1/data-0/hdds/864451be-9a12-4508-8431-6d052999593c/DS-6e1043c3-ec8b-4f67-882a-cde8761ac1ae/container.db from cache
2024-04-26 07:46:14,946 [main] INFO  volume.HddsVolume (HddsVolume.java:closeDbStore(470)) - SchemaV3 db is stopped at /home/runner/work/ozone/ozone/hadoop-ozone/integration-test/target/test-dir/MiniOzoneClusterImpl-864451be-9a12-4508-8431-6d052999593c/ozone-meta/datanode-1/data-0/hdds/864451be-9a12-4508-8431-6d052999593c/DS-6e1043c3-ec8b-4f67-882a-cde8761ac1ae/container.db for volume DS-6e1043c3-ec8b-4f67-882a-cde8761ac1ae
2024-04-26 07:46:14,947 [main] INFO  utils.BackgroundService (BackgroundService.java:shutdown(160)) - Shutting down service BlockDeletingService
2024-04-26 07:46:14,947 [main] INFO  utils.BackgroundService (BackgroundService.java:shutdown(160)) - Shutting down service StaleRecoveringContainerScrubbingService
2024-04-26 07:46:14,948 [main] INFO  statemachine.DatanodeStateMachine (DatanodeStateMachine.java:stopDaemon(638)) - Ozone container server stopped.
2024-04-26 07:46:14,948 [main] INFO  handler.ContextHandler (ContextHandler.java:doStop(1159)) - Stopped o.e.j.w.WebAppContext@5a931c02{hddsDatanode,/,null,STOPPED}{file:/home/runner/work/ozone/ozone/hadoop-hdds/container-service/target/classes/webapps/hddsDatanode}
2024-04-26 07:46:14,949 [main] INFO  server.AbstractConnector (AbstractConnector.java:doStop(383)) - Stopped ServerConnector@5c18c936{HTTP/1.1, (http/1.1)}{0.0.0.0:15454}
2024-04-26 07:46:14,949 [main] INFO  server.session (HouseKeeper.java:stopScavenging(149)) - node0 Stopped scavenging
2024-04-26 07:46:14,949 [main] INFO  handler.ContextHandler (ContextHandler.java:doStop(1159)) - Stopped o.e.j.s.ServletContextHandler@70ebe93e{static,/static,file:///home/runner/work/ozone/ozone/hadoop-hdds/container-service/target/classes/webapps/static,STOPPED}
2024-04-26 07:46:14,949 [main] INFO  handler.ContextHandler (ContextHandler.java:doStop(1159)) - Stopped o.e.j.s.ServletContextHandler@5d2ac39f{logs,/logs,file:///home/runner/work/ozone/ozone/hadoop-ozone/integration-test/target/log,STOPPED}
2024-04-26 07:46:14,950 [main] INFO  ozone.HddsDatanodeClientProtocolServer (HddsDatanodeClientProtocolServer.java:stop(83)) - Stopping the RPC server for Client Protocol
2024-04-26 07:46:14,950 [main] INFO  ipc.Server (Server.java:stop(3523)) - Stopping server on 15455
2024-04-26 07:46:14,951 [IPC Server listener on 15455] INFO  ipc.Server (Server.java:run(1434)) - Stopping IPC Server listener on 15455
2024-04-26 07:46:14,951 [IPC Server Responder] INFO  ipc.Server (Server.java:run(1567)) - Stopping IPC Server Responder
2024-04-26 07:46:14,952 [main] INFO  pipeline.PipelineManagerImpl (PipelineManagerImpl.java:closeContainersForPipeline(484)) - Container #1 closed for pipeline=PipelineID=20140069-b339-4f8c-94e8-3c8af2f69899
2024-04-26 07:46:14,952 [main] INFO  pipeline.PipelineManagerImpl (PipelineManagerImpl.java:closePipeline(518)) - Pipeline PipelineID=20140069-b339-4f8c-94e8-3c8af2f69899 moved to CLOSED state
2024-04-26 07:46:14,952 [EventQueue-CloseContainerForCloseContainerEventHandler] INFO  container.CloseContainerEventHandler (CloseContainerEventHandler.java:onMessage(88)) - Close container Event triggered for container : #1, current state: CLOSING
2024-04-26 07:46:15,199 [grpc-default-executor-3] WARN  server.GrpcLogAppender (LogUtils.java:warn(121)) - e753b894-9081-4960-806d-bc57228f6e3a@group-3C8AF2F69899->ddce2076-1575-41c9-8de9-fd704b659682-AppendLogResponseHandler: Failed appendEntries: org.apache.ratis.thirdparty.io.grpc.StatusRuntimeException: UNAVAILABLE: io exception
2024-04-26 07:46:15,199 [grpc-default-executor-0] WARN  server.GrpcLogAppender (GrpcLogAppender.java:lambda$resetClient$1(217)) - e753b894-9081-4960-806d-bc57228f6e3a@group-3C8AF2F69899->ddce2076-1575-41c9-8de9-fd704b659682-GrpcLogAppender: Follower failed (request=null, errorCount=9); keep nextIndex (3) unchanged and retry.
2024-04-26 07:46:16,955 [timer7] WARN  server.GrpcLogAppender (GrpcLogAppender.java:lambda$resetClient$1(217)) - e753b894-9081-4960-806d-bc57228f6e3a@group-3C8AF2F69899->576b0e19-35c7-479f-a3f8-cac44c071a4a-GrpcLogAppender: Follower failed (request=null, errorCount=8); keep nextIndex (3) unchanged and retry. (Repeated 8 times in the last 5.001s)
2024-04-26 07:46:16,955 [timer6] WARN  server.GrpcLogAppender (LogUtils.java:warn(121)) - e753b894-9081-4960-806d-bc57228f6e3a@group-3C8AF2F69899->576b0e19-35c7-479f-a3f8-cac44c071a4a-AppendLogResponseHandler: Failed appendEntries (Repeated 8 times in the last 5.001s): org.apache.ratis.thirdparty.io.grpc.StatusRuntimeException: UNAVAILABLE: io exception
2024-04-26 07:46:17,701 [grpc-default-executor-3] WARN  server.GrpcLogAppender (LogUtils.java:warn(121)) - e753b894-9081-4960-806d-bc57228f6e3a@group-3C8AF2F69899->576b0e19-35c7-479f-a3f8-cac44c071a4a-AppendLogResponseHandler: Failed appendEntries: org.apache.ratis.thirdparty.io.grpc.StatusRuntimeException: UNAVAILABLE: io exception
2024-04-26 07:46:17,701 [grpc-default-executor-0] WARN  server.GrpcLogAppender (GrpcLogAppender.java:lambda$resetClient$1(217)) - e753b894-9081-4960-806d-bc57228f6e3a@group-3C8AF2F69899->576b0e19-35c7-479f-a3f8-cac44c071a4a-GrpcLogAppender: Follower failed (request=null, errorCount=9); keep nextIndex (3) unchanged and retry.
2024-04-26 07:46:18,073 [null-request--thread1] INFO  server.GrpcClientProtocolService (GrpcClientProtocolService.java:lambda$processClientRequest$0(284)) - Failed RaftClientRequest:client-E7E3025BFFFB->e753b894-9081-4960-806d-bc57228f6e3a@group-3C8AF2F69899, cid=88, seq=null, Watch-ALL_COMMITTED(41), Message:<EMPTY>, reply=RaftClientReply:client-E7E3025BFFFB->e753b894-9081-4960-806d-bc57228f6e3a@group-3C8AF2F69899, cid=88, FAILED org.apache.ratis.protocol.exceptions.NotReplicatedException: Request with call Id 88 and log index 41 is not yet replicated to ALL_COMMITTED, logIndex=41, commits[e753b894-9081-4960-806d-bc57228f6e3a:c2, ddce2076-1575-41c9-8de9-fd704b659682:c1, 576b0e19-35c7-479f-a3f8-cac44c071a4a:c2]
2024-04-26 07:46:18,074 [main] WARN  scm.XceiverClientRatis (XceiverClientRatis.java:watchForCommit(284)) - 3 way commit failed on pipeline Pipeline[ Id: 20140069-b339-4f8c-94e8-3c8af2f69899, Nodes: ddce2076-1575-41c9-8de9-fd704b659682(localhost/127.0.0.1)576b0e19-35c7-479f-a3f8-cac44c071a4a(localhost/127.0.0.1)e753b894-9081-4960-806d-bc57228f6e3a(localhost/127.0.0.1), ReplicationConfig: RATIS/THREE, State:OPEN, leaderId:e753b894-9081-4960-806d-bc57228f6e3a, CreationTimestamp2024-04-26T07:46:00.608Z[Etc/UTC]]
java.util.concurrent.ExecutionException: org.apache.ratis.protocol.exceptions.NotReplicatedException: Request with call Id 88 and log index 41 is not yet replicated to ALL_COMMITTED
	at java.base/java.util.concurrent.CompletableFuture.reportGet(CompletableFuture.java:396)
	at java.base/java.util.concurrent.CompletableFuture.get(CompletableFuture.java:2073)
	at org.apache.hadoop.hdds.scm.XceiverClientRatis.watchForCommit(XceiverClientRatis.java:279)
	at org.apache.hadoop.ozone.client.rpc.TestWatchForCommit.lambda$testWatchForCommitForRetryfailure$0(TestWatchForCommit.java:286)
	at org.junit.jupiter.api.AssertThrows.assertThrows(AssertThrows.java:53)
	at org.junit.jupiter.api.AssertThrows.assertThrows(AssertThrows.java:35)
	at org.junit.jupiter.api.Assertions.assertThrows(Assertions.java:3115)
	at org.apache.hadoop.ozone.client.rpc.TestWatchForCommit.testWatchForCommitForRetryfailure(TestWatchForCommit.java:285)
	at java.base/jdk.internal.reflect.NativeMethodAccessorImpl.invoke0(Native Method)
	at java.base/jdk.internal.reflect.NativeMethodAccessorImpl.invoke(NativeMethodAccessorImpl.java:77)
	at java.base/jdk.internal.reflect.DelegatingMethodAccessorImpl.invoke(DelegatingMethodAccessorImpl.java:43)
	at java.base/java.lang.reflect.Method.invoke(Method.java:568)
	at org.junit.platform.commons.util.ReflectionUtils.invokeMethod(ReflectionUtils.java:728)
	at org.junit.jupiter.engine.execution.MethodInvocation.proceed(MethodInvocation.java:60)
	at org.junit.jupiter.engine.execution.InvocationInterceptorChain$ValidatingInvocation.proceed(InvocationInterceptorChain.java:131)
	at org.junit.jupiter.engine.extension.TimeoutExtension.intercept(TimeoutExtension.java:156)
	at org.junit.jupiter.engine.extension.TimeoutExtension.interceptTestableMethod(TimeoutExtension.java:147)
	at org.junit.jupiter.engine.extension.TimeoutExtension.interceptTestMethod(TimeoutExtension.java:86)
	at org.junit.jupiter.engine.execution.InterceptingExecutableInvoker$ReflectiveInterceptorCall.lambda$ofVoidMethod$0(InterceptingExecutableInvoker.java:103)
	at org.junit.jupiter.engine.execution.InterceptingExecutableInvoker.lambda$invoke$0(InterceptingExecutableInvoker.java:93)
	at org.junit.jupiter.engine.execution.InvocationInterceptorChain$InterceptedInvocation.proceed(InvocationInterceptorChain.java:106)
	at org.junit.jupiter.engine.execution.InvocationInterceptorChain.proceed(InvocationInterceptorChain.java:64)
	at org.junit.jupiter.engine.execution.InvocationInterceptorChain.chainAndInvoke(InvocationInterceptorChain.java:45)
	at org.junit.jupiter.engine.execution.InvocationInterceptorChain.invoke(InvocationInterceptorChain.java:37)
	at org.junit.jupiter.engine.execution.InterceptingExecutableInvoker.invoke(InterceptingExecutableInvoker.java:92)
	at org.junit.jupiter.engine.execution.InterceptingExecutableInvoker.invoke(InterceptingExecutableInvoker.java:86)
	at org.junit.jupiter.engine.descriptor.TestMethodTestDescriptor.lambda$invokeTestMethod$7(TestMethodTestDescriptor.java:218)
	at org.junit.platform.engine.support.hierarchical.ThrowableCollector.execute(ThrowableCollector.java:73)
	at org.junit.jupiter.engine.descriptor.TestMethodTestDescriptor.invokeTestMethod(TestMethodTestDescriptor.java:214)
	at org.junit.jupiter.engine.descriptor.TestMethodTestDescriptor.execute(TestMethodTestDescriptor.java:139)
	at org.junit.jupiter.engine.descriptor.TestMethodTestDescriptor.execute(TestMethodTestDescriptor.java:69)
	at org.junit.platform.engine.support.hierarchical.NodeTestTask.lambda$executeRecursively$6(NodeTestTask.java:151)
	at org.junit.platform.engine.support.hierarchical.ThrowableCollector.execute(ThrowableCollector.java:73)
	at org.junit.platform.engine.support.hierarchical.NodeTestTask.lambda$executeRecursively$8(NodeTestTask.java:141)
	at org.junit.platform.engine.support.hierarchical.Node.around(Node.java:137)
	at org.junit.platform.engine.support.hierarchical.NodeTestTask.lambda$executeRecursively$9(NodeTestTask.java:139)
	at org.junit.platform.engine.support.hierarchical.ThrowableCollector.execute(ThrowableCollector.java:73)
	at org.junit.platform.engine.support.hierarchical.NodeTestTask.executeRecursively(NodeTestTask.java:138)
	at org.junit.platform.engine.support.hierarchical.NodeTestTask.execute(NodeTestTask.java:95)
	at java.base/java.util.ArrayList.forEach(ArrayList.java:1511)
	at org.junit.platform.engine.support.hierarchical.SameThreadHierarchicalTestExecutorService.invokeAll(SameThreadHierarchicalTestExecutorService.java:41)
	at org.junit.platform.engine.support.hierarchical.NodeTestTask.lambda$executeRecursively$6(NodeTestTask.java:155)
	at org.junit.platform.engine.support.hierarchical.ThrowableCollector.execute(ThrowableCollector.java:73)
	at org.junit.platform.engine.support.hierarchical.NodeTestTask.lambda$executeRecursively$8(NodeTestTask.java:141)
	at org.junit.platform.engine.support.hierarchical.Node.around(Node.java:137)
	at org.junit.platform.engine.support.hierarchical.NodeTestTask.lambda$executeRecursively$9(NodeTestTask.java:139)
	at org.junit.platform.engine.support.hierarchical.ThrowableCollector.execute(ThrowableCollector.java:73)
	at org.junit.platform.engine.support.hierarchical.NodeTestTask.executeRecursively(NodeTestTask.java:138)
	at org.junit.platform.engine.support.hierarchical.NodeTestTask.execute(NodeTestTask.java:95)
	at java.base/java.util.ArrayList.forEach(ArrayList.java:1511)
	at org.junit.platform.engine.support.hierarchical.SameThreadHierarchicalTestExecutorService.invokeAll(SameThreadHierarchicalTestExecutorService.java:41)
	at org.junit.platform.engine.support.hierarchical.NodeTestTask.lambda$executeRecursively$6(NodeTestTask.java:155)
	at org.junit.platform.engine.support.hierarchical.ThrowableCollector.execute(ThrowableCollector.java:73)
	at org.junit.platform.engine.support.hierarchical.NodeTestTask.lambda$executeRecursively$8(NodeTestTask.java:141)
	at org.junit.platform.engine.support.hierarchical.Node.around(Node.java:137)
	at org.junit.platform.engine.support.hierarchical.NodeTestTask.lambda$executeRecursively$9(NodeTestTask.java:139)
	at org.junit.platform.engine.support.hierarchical.ThrowableCollector.execute(ThrowableCollector.java:73)
	at org.junit.platform.engine.support.hierarchical.NodeTestTask.executeRecursively(NodeTestTask.java:138)
	at org.junit.platform.engine.support.hierarchical.NodeTestTask.execute(NodeTestTask.java:95)
	at org.junit.platform.engine.support.hierarchical.SameThreadHierarchicalTestExecutorService.submit(SameThreadHierarchicalTestExecutorService.java:35)
	at org.junit.platform.engine.support.hierarchical.HierarchicalTestExecutor.execute(HierarchicalTestExecutor.java:57)
	at org.junit.platform.engine.support.hierarchical.HierarchicalTestEngine.execute(HierarchicalTestEngine.java:54)
	at org.junit.platform.launcher.core.EngineExecutionOrchestrator.execute(EngineExecutionOrchestrator.java:198)
	at org.junit.platform.launcher.core.EngineExecutionOrchestrator.execute(EngineExecutionOrchestrator.java:169)
	at org.junit.platform.launcher.core.EngineExecutionOrchestrator.execute(EngineExecutionOrchestrator.java:93)
	at org.junit.platform.launcher.core.EngineExecutionOrchestrator.lambda$execute$0(EngineExecutionOrchestrator.java:58)
	at org.junit.platform.launcher.core.EngineExecutionOrchestrator.withInterceptedStreams(EngineExecutionOrchestrator.java:141)
	at org.junit.platform.launcher.core.EngineExecutionOrchestrator.execute(EngineExecutionOrchestrator.java:57)
	at org.junit.platform.launcher.core.DefaultLauncher.execute(DefaultLauncher.java:103)
	at org.junit.platform.launcher.core.DefaultLauncher.execute(DefaultLauncher.java:85)
	at org.junit.platform.launcher.core.DelegatingLauncher.execute(DelegatingLauncher.java:47)
	at org.junit.platform.launcher.core.SessionPerRequestLauncher.execute(SessionPerRequestLauncher.java:63)
	at org.apache.maven.surefire.junitplatform.JUnitPlatformProvider.invokeAllTests(JUnitPlatformProvider.java:165)
	at org.apache.maven.surefire.junitplatform.JUnitPlatformProvider.invoke(JUnitPlatformProvider.java:123)
	at org.apache.maven.surefire.booter.ForkedBooter.runSuitesInProcess(ForkedBooter.java:377)
	at org.apache.maven.surefire.booter.ForkedBooter.execute(ForkedBooter.java:138)
	at org.apache.maven.surefire.booter.ForkedBooter.run(ForkedBooter.java:465)
	at org.apache.maven.surefire.booter.ForkedBooter.main(ForkedBooter.java:451)
Caused by: org.apache.ratis.protocol.exceptions.NotReplicatedException: Request with call Id 88 and log index 41 is not yet replicated to ALL_COMMITTED
	at org.apache.ratis.client.impl.ClientProtoUtils.toRaftClientReply(ClientProtoUtils.java:400)
	at org.apache.ratis.grpc.client.GrpcClientProtocolClient$AsyncStreamObservers$1.onNext(GrpcClientProtocolClient.java:310)
	at org.apache.ratis.grpc.client.GrpcClientProtocolClient$AsyncStreamObservers$1.onNext(GrpcClientProtocolClient.java:305)
	at org.apache.ratis.thirdparty.io.grpc.stub.ClientCalls$StreamObserverToCallListenerAdapter.onMessage(ClientCalls.java:468)
	at org.apache.ratis.thirdparty.io.grpc.ForwardingClientCallListener.onMessage(ForwardingClientCallListener.java:33)
	at org.apache.ratis.thirdparty.io.grpc.internal.ClientCallImpl$ClientStreamListenerImpl$1MessagesAvailable.runInternal(ClientCallImpl.java:660)
	at org.apache.ratis.thirdparty.io.grpc.internal.ClientCallImpl$ClientStreamListenerImpl$1MessagesAvailable.runInContext(ClientCallImpl.java:647)
	at org.apache.ratis.thirdparty.io.grpc.internal.ContextRunnable.run(ContextRunnable.java:37)
	at org.apache.ratis.thirdparty.io.grpc.internal.SerializingExecutor.run(SerializingExecutor.java:133)
	at java.base/java.util.concurrent.ThreadPoolExecutor.runWorker(ThreadPoolExecutor.java:1136)
	at java.base/java.util.concurrent.ThreadPoolExecutor$Worker.run(ThreadPoolExecutor.java:635)
	at java.base/java.lang.Thread.run(Thread.java:840)
2024-04-26 07:46:19,343 [e753b894-9081-4960-806d-bc57228f6e3a@group-3C8AF2F69899-LeaderStateImpl] WARN  server.RaftServer$Division (LeaderStateImpl.java:checkLeadership(1107)) - e753b894-9081-4960-806d-bc57228f6e3a@group-3C8AF2F69899-LeaderStateImpl: Lost leadership on term: 1. Election timeout: 5200ms. In charge for: 10687ms. Conf: 0: peers:[e753b894-9081-4960-806d-bc57228f6e3a|127.0.0.1:15468, ddce2076-1575-41c9-8de9-fd704b659682|127.0.0.1:15477, 576b0e19-35c7-479f-a3f8-cac44c071a4a|127.0.0.1:15459]|listeners:[], old=null
2024-04-26 07:46:19,343 [e753b894-9081-4960-806d-bc57228f6e3a@group-3C8AF2F69899-LeaderStateImpl] WARN  server.RaftServer$Division (LeaderStateImpl.java:lambda$checkLeadership$21(1111)) - Follower e753b894-9081-4960-806d-bc57228f6e3a@group-3C8AF2F69899->ddce2076-1575-41c9-8de9-fd704b659682(c1,m2,n3, caughtUp=true, lastRpcSendTime=1636, lastRpcResponseTime=10400)
2024-04-26 07:46:19,343 [e753b894-9081-4960-806d-bc57228f6e3a@group-3C8AF2F69899-LeaderStateImpl] WARN  server.RaftServer$Division (LeaderStateImpl.java:lambda$checkLeadership$21(1111)) - Follower e753b894-9081-4960-806d-bc57228f6e3a@group-3C8AF2F69899->576b0e19-35c7-479f-a3f8-cac44c071a4a(c2,m2,n3, caughtUp=true, lastRpcSendTime=389, lastRpcResponseTime=7898)
2024-04-26 07:46:19,343 [e753b894-9081-4960-806d-bc57228f6e3a@group-3C8AF2F69899-LeaderStateImpl] INFO  server.RaftServer$Division (RaftServerImpl.java:setRole(383)) - e753b894-9081-4960-806d-bc57228f6e3a@group-3C8AF2F69899: changes role from    LEADER to FOLLOWER at term 1 for StepDownReason:LOST_MAJORITY_HEARTBEATS
2024-04-26 07:46:19,343 [e753b894-9081-4960-806d-bc57228f6e3a@group-3C8AF2F69899-LeaderStateImpl] INFO  impl.RoleInfo (RoleInfo.java:shutdownLeaderState(94)) - e753b894-9081-4960-806d-bc57228f6e3a: shutdown e753b894-9081-4960-806d-bc57228f6e3a@group-3C8AF2F69899-LeaderStateImpl
2024-04-26 07:46:19,343 [e753b894-9081-4960-806d-bc57228f6e3a@group-3C8AF2F69899->ddce2076-1575-41c9-8de9-fd704b659682-GrpcLogAppender-LogAppenderDaemon] WARN  server.GrpcLogAppender (GrpcLogAppender.java:mayWait(289)) - e753b894-9081-4960-806d-bc57228f6e3a@group-3C8AF2F69899->ddce2076-1575-41c9-8de9-fd704b659682-GrpcLogAppender: Wait interrupted by java.lang.InterruptedException
2024-04-26 07:46:19,343 [e753b894-9081-4960-806d-bc57228f6e3a@group-3C8AF2F69899-LeaderStateImpl] INFO  impl.PendingRequests (PendingRequests.java:sendNotLeaderResponses(289)) - e753b894-9081-4960-806d-bc57228f6e3a@group-3C8AF2F69899-PendingRequests: sendNotLeaderResponses
2024-04-26 07:46:19,343 [e753b894-9081-4960-806d-bc57228f6e3a@group-3C8AF2F69899->576b0e19-35c7-479f-a3f8-cac44c071a4a-GrpcLogAppender-LogAppenderDaemon] WARN  server.GrpcLogAppender (GrpcLogAppender.java:mayWait(289)) - e753b894-9081-4960-806d-bc57228f6e3a@group-3C8AF2F69899->576b0e19-35c7-479f-a3f8-cac44c071a4a-GrpcLogAppender: Wait interrupted by java.lang.InterruptedException
2024-04-26 07:46:19,344 [null-request--thread1] INFO  server.GrpcClientProtocolService (GrpcClientProtocolService.java:lambda$processClientRequest$0(284)) - Failed RaftClientRequest:client-E7E3025BFFFB->e753b894-9081-4960-806d-bc57228f6e3a@group-3C8AF2F69899, cid=89, seq=null, Watch-MAJORITY_COMMITTED(41), Message:<EMPTY>, reply=RaftClientReply:client-E7E3025BFFFB->e753b894-9081-4960-806d-bc57228f6e3a@group-3C8AF2F69899, cid=89, FAILED org.apache.ratis.protocol.exceptions.NotLeaderException: Server e753b894-9081-4960-806d-bc57228f6e3a@group-3C8AF2F69899 is not the leader, logIndex=0, commits[e753b894-9081-4960-806d-bc57228f6e3a:c2, ddce2076-1575-41c9-8de9-fd704b659682:c1, 576b0e19-35c7-479f-a3f8-cac44c071a4a:c2]
2024-04-26 07:46:19,344 [e753b894-9081-4960-806d-bc57228f6e3a@group-3C8AF2F69899-LeaderStateImpl] INFO  server.RaftServer$Division (ServerState.java:setLeader(269)) - e753b894-9081-4960-806d-bc57228f6e3a@group-3C8AF2F69899: change Leader from e753b894-9081-4960-806d-bc57228f6e3a to null at term 1 for StepDownReason:LOST_MAJORITY_HEARTBEATS
2024-04-26 07:46:19,344 [e753b894-9081-4960-806d-bc57228f6e3a@group-3C8AF2F69899-LeaderStateImpl] INFO  impl.RoleInfo (RoleInfo.java:updateAndGet(139)) - e753b894-9081-4960-806d-bc57228f6e3a: start e753b894-9081-4960-806d-bc57228f6e3a@group-3C8AF2F69899-FollowerState
2024-04-26 07:46:19,950 [e753b894-9081-4960-806d-bc57228f6e3a-CloseContainerThread-0] INFO  commandhandler.CloseContainerCommandHandler (CloseContainerCommandHandler.java:lambda$handle$0(154)) - Follower cannot close container #1.
2024-04-26 07:46:20,199 [timer7] WARN  server.GrpcLogAppender (GrpcLogAppender.java:lambda$resetClient$1(217)) - e753b894-9081-4960-806d-bc57228f6e3a@group-3C8AF2F69899->ddce2076-1575-41c9-8de9-fd704b659682-GrpcLogAppender: Follower failed (request=null, errorCount=14); keep nextIndex (3) unchanged and retry. (Repeated 6 times in the last 5.000s)
2024-04-26 07:46:20,199 [timer6] WARN  server.GrpcLogAppender (LogUtils.java:warn(121)) - e753b894-9081-4960-806d-bc57228f6e3a@group-3C8AF2F69899->ddce2076-1575-41c9-8de9-fd704b659682-AppendLogResponseHandler: Failed appendEntries (Repeated 6 times in the last 5.000s): org.apache.ratis.thirdparty.io.grpc.StatusRuntimeException: UNAVAILABLE: io exception
2024-04-26 07:46:21,895 [BackgroundPipelineScrubber] INFO  pipeline.PipelineManagerImpl (PipelineManagerImpl.java:scrubPipelines(610)) - Scrubbing pipeline: id: PipelineID=20140069-b339-4f8c-94e8-3c8af2f69899 since it stays at CLOSED stage.
2024-04-26 07:46:21,895 [BackgroundPipelineScrubber] INFO  pipeline.RatisPipelineProvider (RatisPipelineProvider.java:lambda$close$4(270)) - Send pipeline:PipelineID=20140069-b339-4f8c-94e8-3c8af2f69899 close command to datanode ddce2076-1575-41c9-8de9-fd704b659682
2024-04-26 07:46:21,895 [BackgroundPipelineScrubber] INFO  pipeline.RatisPipelineProvider (RatisPipelineProvider.java:lambda$close$4(270)) - Send pipeline:PipelineID=20140069-b339-4f8c-94e8-3c8af2f69899 close command to datanode 576b0e19-35c7-479f-a3f8-cac44c071a4a
2024-04-26 07:46:21,895 [BackgroundPipelineScrubber] INFO  pipeline.RatisPipelineProvider (RatisPipelineProvider.java:lambda$close$4(270)) - Send pipeline:PipelineID=20140069-b339-4f8c-94e8-3c8af2f69899 close command to datanode e753b894-9081-4960-806d-bc57228f6e3a
2024-04-26 07:46:21,896 [BackgroundPipelineScrubber] INFO  pipeline.PipelineManagerImpl (PipelineManagerImpl.java:removePipeline(459)) - Pipeline Pipeline[ Id: 20140069-b339-4f8c-94e8-3c8af2f69899, Nodes: ddce2076-1575-41c9-8de9-fd704b659682(localhost/127.0.0.1)576b0e19-35c7-479f-a3f8-cac44c071a4a(localhost/127.0.0.1)e753b894-9081-4960-806d-bc57228f6e3a(localhost/127.0.0.1), ReplicationConfig: RATIS/THREE, State:CLOSED, leaderId:e753b894-9081-4960-806d-bc57228f6e3a, CreationTimestamp2024-04-26T07:46:00.608Z[Etc/UTC]] removed.
2024-04-26 07:46:22,701 [timer6] WARN  server.GrpcLogAppender (LogUtils.java:warn(121)) - e753b894-9081-4960-806d-bc57228f6e3a@group-3C8AF2F69899->576b0e19-35c7-479f-a3f8-cac44c071a4a-AppendLogResponseHandler: Failed appendEntries (Repeated 4 times in the last 5.000s): org.apache.ratis.thirdparty.io.grpc.StatusRuntimeException: UNAVAILABLE: io exception
2024-04-26 07:46:22,702 [timer7] WARN  server.GrpcLogAppender (GrpcLogAppender.java:lambda$resetClient$1(217)) - e753b894-9081-4960-806d-bc57228f6e3a@group-3C8AF2F69899->576b0e19-35c7-479f-a3f8-cac44c071a4a-GrpcLogAppender: Follower failed (request=null, errorCount=12); keep nextIndex (3) unchanged and retry. (Repeated 4 times in the last 5.001s)
2024-04-26 07:46:22,950 [e753b894-9081-4960-806d-bc57228f6e3a-PipelineCommandHandlerThread-0] INFO  server.RaftServer (RaftServerProxy.java:remove(111)) - e753b894-9081-4960-806d-bc57228f6e3a: remove  FOLLOWER e753b894-9081-4960-806d-bc57228f6e3a@group-3C8AF2F69899:t1, leader=null, voted=e753b894-9081-4960-806d-bc57228f6e3a, raftlog=Memoized:e753b894-9081-4960-806d-bc57228f6e3a@group-3C8AF2F69899-SegmentedRaftLog:OPENED:c2, conf=0: peers:[e753b894-9081-4960-806d-bc57228f6e3a|127.0.0.1:15468, ddce2076-1575-41c9-8de9-fd704b659682|127.0.0.1:15477, 576b0e19-35c7-479f-a3f8-cac44c071a4a|127.0.0.1:15459]|listeners:[], old=null RUNNING
2024-04-26 07:46:22,950 [e753b894-9081-4960-806d-bc57228f6e3a-PipelineCommandHandlerThread-0] INFO  server.RaftServer$Division (RaftServerImpl.java:lambda$close$3(526)) - e753b894-9081-4960-806d-bc57228f6e3a@group-3C8AF2F69899: shutdown
2024-04-26 07:46:22,950 [e753b894-9081-4960-806d-bc57228f6e3a-PipelineCommandHandlerThread-0] INFO  util.JmxRegister (JmxRegister.java:unregister(73)) - Successfully un-registered JMX Bean with object name Ratis:service=RaftServer,group=group-3C8AF2F69899,id=e753b894-9081-4960-806d-bc57228f6e3a
2024-04-26 07:46:22,950 [e753b894-9081-4960-806d-bc57228f6e3a-PipelineCommandHandlerThread-0] INFO  impl.RoleInfo (RoleInfo.java:shutdownFollowerState(110)) - e753b894-9081-4960-806d-bc57228f6e3a: shutdown e753b894-9081-4960-806d-bc57228f6e3a@group-3C8AF2F69899-FollowerState
2024-04-26 07:46:22,950 [e753b894-9081-4960-806d-bc57228f6e3a-PipelineCommandHandlerThread-0] INFO  impl.StateMachineUpdater (StateMachineUpdater.java:stopAndJoin(157)) - e753b894-9081-4960-806d-bc57228f6e3a@group-3C8AF2F69899-StateMachineUpdater: set stopIndex = 2
2024-04-26 07:46:22,950 [e753b894-9081-4960-806d-bc57228f6e3a@group-3C8AF2F69899-FollowerState] INFO  impl.FollowerState (FollowerState.java:run(152)) - e753b894-9081-4960-806d-bc57228f6e3a@group-3C8AF2F69899-FollowerState was interrupted
2024-04-26 07:46:22,950 [e753b894-9081-4960-806d-bc57228f6e3a@group-3C8AF2F69899-StateMachineUpdater] INFO  ratis.ContainerStateMachine (ContainerStateMachine.java:takeSnapshot(355)) - group-3C8AF2F69899: Taking a snapshot at:(t:1, i:2) file /home/runner/work/ozone/ozone/hadoop-ozone/integration-test/target/test-dir/MiniOzoneClusterImpl-864451be-9a12-4508-8431-6d052999593c/ozone-meta/datanode-2/ratis/20140069-b339-4f8c-94e8-3c8af2f69899/sm/snapshot.1_2
2024-04-26 07:46:22,951 [e753b894-9081-4960-806d-bc57228f6e3a@group-3C8AF2F69899-StateMachineUpdater] INFO  ratis.ContainerStateMachine (ContainerStateMachine.java:takeSnapshot(366)) - group-3C8AF2F69899: Finished taking a snapshot at:(t:1, i:2) file:/home/runner/work/ozone/ozone/hadoop-ozone/integration-test/target/test-dir/MiniOzoneClusterImpl-864451be-9a12-4508-8431-6d052999593c/ozone-meta/datanode-2/ratis/20140069-b339-4f8c-94e8-3c8af2f69899/sm/snapshot.1_2 took: 1 ms
2024-04-26 07:46:22,951 [e753b894-9081-4960-806d-bc57228f6e3a@group-3C8AF2F69899-StateMachineUpdater] INFO  impl.StateMachineUpdater (StateMachineUpdater.java:takeSnapshot(295)) - e753b894-9081-4960-806d-bc57228f6e3a@group-3C8AF2F69899-StateMachineUpdater: Took a snapshot at index 2
2024-04-26 07:46:22,952 [e753b894-9081-4960-806d-bc57228f6e3a@group-3C8AF2F69899-StateMachineUpdater] INFO  impl.StateMachineUpdater (StateMachineUpdater.java:lambda$new$0(98)) - e753b894-9081-4960-806d-bc57228f6e3a@group-3C8AF2F69899-StateMachineUpdater: snapshotIndex: updateIncreasingly -1 -> 2
2024-04-26 07:46:22,952 [e753b894-9081-4960-806d-bc57228f6e3a-PipelineCommandHandlerThread-0] INFO  server.RaftServer$Division (ServerState.java:close(427)) - e753b894-9081-4960-806d-bc57228f6e3a@group-3C8AF2F69899: applyIndex: 2
2024-04-26 07:46:22,952 [e753b894-9081-4960-806d-bc57228f6e3a@group-3C8AF2F69899-cacheEviction-AwaitToRun] INFO  util.AwaitToRun (AwaitToRun.java:run(49)) - e753b894-9081-4960-806d-bc57228f6e3a@group-3C8AF2F69899-cacheEviction-AwaitToRun-AwaitForSignal is interrupted
2024-04-26 07:46:23,943 [e753b894-9081-4960-806d-bc57228f6e3a-PipelineCommandHandlerThread-0] INFO  segmented.SegmentedRaftLogWorker (SegmentedRaftLogWorker.java:close(245)) - e753b894-9081-4960-806d-bc57228f6e3a@group-3C8AF2F69899-SegmentedRaftLogWorker close()
2024-04-26 07:46:23,944 [e753b894-9081-4960-806d-bc57228f6e3a-PipelineCommandHandlerThread-0] INFO  keyvalue.KeyValueContainer (KeyValueContainer.java:flushAndSyncDB(522)) - Container 1 is synced with bcsId 0.
2024-04-26 07:46:23,944 [e753b894-9081-4960-806d-bc57228f6e3a-PipelineCommandHandlerThread-0] INFO  keyvalue.KeyValueContainer (KeyValueContainer.java:flushAndSyncDB(522)) - Container 1 is synced with bcsId 0.
2024-04-26 07:46:23,946 [e753b894-9081-4960-806d-bc57228f6e3a-PipelineCommandHandlerThread-0] INFO  server.RaftServer$Division (RaftServerImpl.java:groupRemove(496)) - e753b894-9081-4960-806d-bc57228f6e3a@group-3C8AF2F69899: Succeed to remove RaftStorageDirectory Storage Directory /home/runner/work/ozone/ozone/hadoop-ozone/integration-test/target/test-dir/MiniOzoneClusterImpl-864451be-9a12-4508-8431-6d052999593c/ozone-meta/datanode-2/ratis/20140069-b339-4f8c-94e8-3c8af2f69899
2024-04-26 07:46:23,946 [e753b894-9081-4960-806d-bc57228f6e3a-PipelineCommandHandlerThread-0] ERROR commandhandler.ClosePipelineCommandHandler (ClosePipelineCommandHandler.java:lambda$handle$2(137)) - Can't close pipeline PipelineID=20140069-b339-4f8c-94e8-3c8af2f69899
org.apache.ratis.protocol.exceptions.GroupMismatchException: e753b894-9081-4960-806d-bc57228f6e3a: group-3C8AF2F69899 not found.
	at org.apache.ratis.server.impl.RaftServerProxy$ImplMap.get(RaftServerProxy.java:154)
	at org.apache.ratis.server.impl.RaftServerProxy.getImplFuture(RaftServerProxy.java:364)
	at org.apache.ratis.server.impl.RaftServerProxy.getImpl(RaftServerProxy.java:373)
	at org.apache.ratis.server.impl.RaftServerProxy.getDivision(RaftServerProxy.java:386)
	at org.apache.hadoop.ozone.container.common.transport.server.ratis.XceiverServerRatis.getRaftPeersInPipeline(XceiverServerRatis.java:951)
	at org.apache.hadoop.ozone.container.common.statemachine.commandhandler.ClosePipelineCommandHandler.lambda$handle$2(ClosePipelineCommandHandler.java:114)
	at java.base/java.util.concurrent.CompletableFuture$AsyncRun.run(CompletableFuture.java:1804)
	at java.base/java.util.concurrent.ThreadPoolExecutor.runWorker(ThreadPoolExecutor.java:1136)
	at java.base/java.util.concurrent.ThreadPoolExecutor$Worker.run(ThreadPoolExecutor.java:635)
	at java.base/java.lang.Thread.run(Thread.java:840)
2024-04-26 07:46:23,948 [FixedThreadPoolWithAffinityExecutor-9-0] INFO  container.IncrementalContainerReportHandler (AbstractContainerReportHandler.java:updateContainerState(287)) - Moving container #1 to QUASI_CLOSED state, datanode e753b894-9081-4960-806d-bc57228f6e3a(localhost/127.0.0.1) reported QUASI_CLOSED replica.
2024-04-26 07:46:28,387 [main] INFO  ozone.MiniOzoneClusterImpl (MiniOzoneClusterImpl.java:shutdown(396)) - Shutting down the Mini Ozone Cluster
2024-04-26 07:46:28,388 [main] INFO  db.CodecTestUtil (CodecTestUtil.java:gc(50)) - gc 0
2024-04-26 07:46:28,586 [main] INFO  ozone.MiniOzoneClusterImpl (MiniOzoneClusterImpl.java:stop(412)) - Stopping the Mini Ozone Cluster
2024-04-26 07:46:28,586 [main] INFO  om.OzoneManager (OzoneManager.java:stop(2232)) - om1[localhost:15449]: Stopping Ozone Manager
2024-04-26 07:46:28,586 [main] INFO  ipc.Server (Server.java:stop(3523)) - Stopping server on 15449
2024-04-26 07:46:28,587 [IPC Server listener on 15449] INFO  ipc.Server (Server.java:run(1434)) - Stopping IPC Server listener on 15449
2024-04-26 07:46:28,587 [IPC Server Responder] INFO  ipc.Server (Server.java:run(1567)) - Stopping IPC Server Responder
2024-04-26 07:46:28,588 [main] INFO  ratis.OzoneManagerRatisServer (OzoneManagerRatisServer.java:stop(594)) - Stopping org.apache.hadoop.ozone.om.ratis.OzoneManagerRatisServer@4856ec9 at port 15452
2024-04-26 07:46:28,588 [main] INFO  server.RaftServer (RaftServerProxy.java:lambda$close$9(416)) - om1: close
2024-04-26 07:46:28,588 [main] INFO  server.GrpcService (GrpcService.java:closeImpl(311)) - om1: shutdown server GrpcServerProtocolService now
2024-04-26 07:46:28,588 [om1-impl-thread1] INFO  server.RaftServer$Division (RaftServerImpl.java:lambda$close$3(526)) - om1@group-C5BA1605619E: shutdown
2024-04-26 07:46:28,588 [om1-impl-thread1] INFO  util.JmxRegister (JmxRegister.java:unregister(73)) - Successfully un-registered JMX Bean with object name Ratis:service=RaftServer,group=group-C5BA1605619E,id=om1
2024-04-26 07:46:28,588 [om1-impl-thread1] INFO  impl.RoleInfo (RoleInfo.java:shutdownLeaderState(94)) - om1: shutdown om1@group-C5BA1605619E-LeaderStateImpl
2024-04-26 07:46:28,588 [om1-impl-thread1] INFO  impl.PendingRequests (PendingRequests.java:sendNotLeaderResponses(289)) - om1@group-C5BA1605619E-PendingRequests: sendNotLeaderResponses
2024-04-26 07:46:28,588 [om1-impl-thread1] INFO  impl.StateMachineUpdater (StateMachineUpdater.java:stopAndJoin(157)) - om1@group-C5BA1605619E-StateMachineUpdater: set stopIndex = 4
2024-04-26 07:46:28,589 [om1@group-C5BA1605619E-StateMachineUpdater] INFO  ratis.OzoneManagerStateMachine (OzoneManagerStateMachine.java:takeSnapshotImpl(481)) -  applied = (t:1, i:3)
2024-04-26 07:46:28,589 [om1@group-C5BA1605619E-StateMachineUpdater] INFO  ratis.OzoneManagerStateMachine (OzoneManagerStateMachine.java:takeSnapshotImpl(482)) -  skipped = 3
2024-04-26 07:46:28,589 [om1@group-C5BA1605619E-StateMachineUpdater] INFO  ratis.OzoneManagerStateMachine (OzoneManagerStateMachine.java:takeSnapshotImpl(483)) - notified = (t:1, i:4)
2024-04-26 07:46:28,589 [om1@group-C5BA1605619E-StateMachineUpdater] INFO  ratis.OzoneManagerStateMachine (OzoneManagerStateMachine.java:takeSnapshotImpl(484)) - snapshot = (t:1, i:4)
2024-04-26 07:46:28,589 [main] INFO  server.GrpcService (GrpcService.java:closeImpl(320)) - om1: shutdown server GrpcServerProtocolService successfully
2024-04-26 07:46:28,598 [om1@group-C5BA1605619E-StateMachineUpdater] INFO  impl.StateMachineUpdater (StateMachineUpdater.java:takeSnapshot(295)) - om1@group-C5BA1605619E-StateMachineUpdater: Took a snapshot at index 4
2024-04-26 07:46:28,598 [om1@group-C5BA1605619E-StateMachineUpdater] INFO  impl.StateMachineUpdater (StateMachineUpdater.java:lambda$new$0(98)) - om1@group-C5BA1605619E-StateMachineUpdater: snapshotIndex: updateIncreasingly -1 -> 4
2024-04-26 07:46:28,598 [om1@group-C5BA1605619E-StateMachineUpdater] INFO  ratis.OzoneManagerStateMachine (OzoneManagerStateMachine.java:close(527)) - Stopping OzoneManagerStateMachine:om1:group-C5BA1605619E.
2024-04-26 07:46:28,598 [om1@group-C5BA1605619E-StateMachineUpdater] INFO  ratis.OzoneManagerDoubleBuffer (OzoneManagerDoubleBuffer.java:stopDaemon(517)) - Stopping OMDoubleBuffer flush thread
2024-04-26 07:46:28,598 [om1-OMDoubleBufferFlushThread] INFO  ratis.OzoneManagerDoubleBuffer (OzoneManagerDoubleBuffer.java:canFlush(581)) - OMDoubleBuffer flush thread om1-OMDoubleBufferFlushThread is interrupted and will exit.
2024-04-26 07:46:28,598 [om1-impl-thread1] INFO  server.RaftServer$Division (ServerState.java:close(427)) - om1@group-C5BA1605619E: applyIndex: 3
2024-04-26 07:46:28,598 [om1@group-C5BA1605619E-cacheEviction-AwaitToRun] INFO  util.AwaitToRun (AwaitToRun.java:run(49)) - om1@group-C5BA1605619E-cacheEviction-AwaitToRun-AwaitForSignal is interrupted
2024-04-26 07:46:28,926 [om1-impl-thread1] INFO  segmented.SegmentedRaftLogWorker (SegmentedRaftLogWorker.java:close(245)) - om1@group-C5BA1605619E-SegmentedRaftLogWorker close()
2024-04-26 07:46:28,927 [JvmPauseMonitor56] INFO  util.JvmPauseMonitor (JvmPauseMonitor.java:run(152)) - JvmPauseMonitor-om1: Stopped
2024-04-26 07:46:28,927 [main] INFO  utils.BackgroundService (BackgroundService.java:shutdown(160)) - Shutting down service KeyDeletingService
2024-04-26 07:46:28,927 [main] INFO  utils.BackgroundService (BackgroundService.java:shutdown(160)) - Shutting down service DirectoryDeletingService
2024-04-26 07:46:28,927 [main] INFO  utils.BackgroundService (BackgroundService.java:shutdown(160)) - Shutting down service OpenKeyCleanupService
2024-04-26 07:46:28,927 [main] INFO  utils.BackgroundService (BackgroundService.java:shutdown(160)) - Shutting down service SstFilteringService
2024-04-26 07:46:28,928 [main] INFO  utils.BackgroundService (BackgroundService.java:shutdown(160)) - Shutting down service SnapshotDeletingService
2024-04-26 07:46:28,928 [main] INFO  utils.BackgroundService (BackgroundService.java:shutdown(160)) - Shutting down service MultipartUploadCleanupService
2024-04-26 07:46:28,928 [main] INFO  utils.BackgroundService (BackgroundService.java:shutdown(160)) - Shutting down service SnapshotDirectoryCleaningService
2024-04-26 07:46:28,929 [main] INFO  handler.ContextHandler (ContextHandler.java:doStop(1159)) - Stopped o.e.j.w.WebAppContext@6266f63c{ozoneManager,/,null,STOPPED}{file:/home/runner/work/ozone/ozone/hadoop-ozone/integration-test/target/test-classes/webapps/ozoneManager}
2024-04-26 07:46:28,929 [main] INFO  server.AbstractConnector (AbstractConnector.java:doStop(383)) - Stopped ServerConnector@62fd90b6{HTTP/1.1, (http/1.1)}{0.0.0.0:15450}
2024-04-26 07:46:28,929 [main] INFO  server.session (HouseKeeper.java:stopScavenging(149)) - node0 Stopped scavenging
2024-04-26 07:46:28,929 [main] INFO  handler.ContextHandler (ContextHandler.java:doStop(1159)) - Stopped o.e.j.s.ServletContextHandler@4b885032{static,/static,file:///home/runner/work/ozone/ozone/hadoop-ozone/integration-test/target/test-classes/webapps/static,STOPPED}
2024-04-26 07:46:28,929 [main] INFO  handler.ContextHandler (ContextHandler.java:doStop(1159)) - Stopped o.e.j.s.ServletContextHandler@7c4272c2{logs,/logs,file:///home/runner/work/ozone/ozone/hadoop-ozone/integration-test/target/log,STOPPED}
2024-04-26 07:46:28,930 [main] INFO  rocksdiff.RocksDBCheckpointDiffer (RocksDBCheckpointDiffer.java:close(310)) - Shutting down CompactionDagPruningService.
2024-04-26 07:46:28,931 [main] INFO  snapshot.SnapshotDiffManager (SnapshotDiffManager.java:closeExecutorService(1657)) - Shutting down executorService: 'SnapDiffExecutor'
2024-04-26 07:46:28,931 [main] INFO  utils.BackgroundService (BackgroundService.java:shutdown(160)) - Shutting down service SnapshotDiffCleanupService
2024-04-26 07:46:28,932 [main] INFO  ozone.MiniOzoneClusterImpl (MiniOzoneClusterImpl.java:stopDatanodes(471)) - Stopping the HddsDatanodes
2024-04-26 07:46:28,933 [ForkJoinPool.commonPool-worker-4] INFO  ozoneimpl.OzoneContainer (OzoneContainer.java:stop(481)) - Attempting to stop container services.
2024-04-26 07:46:28,933 [ContainerMetadataScanner] WARN  ozoneimpl.AbstractBackgroundContainerScanner (AbstractBackgroundContainerScanner.java:handleRemainingSleep(134)) - Background container scan was interrupted.
2024-04-26 07:46:28,934 [ContainerMetadataScanner] INFO  ozoneimpl.AbstractBackgroundContainerScanner (AbstractBackgroundContainerScanner.java:run(61)) - Thread[ContainerMetadataScanner,5,main] exiting.
2024-04-26 07:46:28,934 [ForkJoinPool.commonPool-worker-4] INFO  ozoneimpl.BackgroundContainerDataScanner (BackgroundContainerDataScanner.java:shutdown(141)) - ContainerDataScanner(/home/runner/work/ozone/ozone/hadoop-ozone/integration-test/target/test-dir/MiniOzoneClusterImpl-864451be-9a12-4508-8431-6d052999593c/ozone-meta/datanode-2/data-0/hdds) is shutting down. 
2024-04-26 07:46:28,934 [ContainerDataScanner(/home/runner/work/ozone/ozone/hadoop-ozone/integration-test/target/test-dir/MiniOzoneClusterImpl-864451be-9a12-4508-8431-6d052999593c/ozone-meta/datanode-2/data-0/hdds)] WARN  ozoneimpl.AbstractBackgroundContainerScanner (AbstractBackgroundContainerScanner.java:handleRemainingSleep(134)) - Background container scan was interrupted.
2024-04-26 07:46:28,934 [ContainerDataScanner(/home/runner/work/ozone/ozone/hadoop-ozone/integration-test/target/test-dir/MiniOzoneClusterImpl-864451be-9a12-4508-8431-6d052999593c/ozone-meta/datanode-2/data-0/hdds)] INFO  ozoneimpl.AbstractBackgroundContainerScanner (AbstractBackgroundContainerScanner.java:run(61)) - ContainerDataScanner(/home/runner/work/ozone/ozone/hadoop-ozone/integration-test/target/test-dir/MiniOzoneClusterImpl-864451be-9a12-4508-8431-6d052999593c/ozone-meta/datanode-2/data-0/hdds, DS-69313847-8bb8-43a4-8970-b094fdf4cce5) exiting.
2024-04-26 07:46:28,933 [ForkJoinPool.commonPool-worker-1] INFO  ozoneimpl.OzoneContainer (OzoneContainer.java:stop(481)) - Attempting to stop container services.
2024-04-26 07:46:28,934 [ContainerMetadataScanner] WARN  ozoneimpl.AbstractBackgroundContainerScanner (AbstractBackgroundContainerScanner.java:handleRemainingSleep(134)) - Background container scan was interrupted.
2024-04-26 07:46:28,934 [ContainerMetadataScanner] INFO  ozoneimpl.AbstractBackgroundContainerScanner (AbstractBackgroundContainerScanner.java:run(61)) - Thread[ContainerMetadataScanner,5,main] exiting.
2024-04-26 07:46:28,935 [ForkJoinPool.commonPool-worker-4] INFO  server.RaftServer (RaftServerProxy.java:lambda$close$9(416)) - e753b894-9081-4960-806d-bc57228f6e3a: close
2024-04-26 07:46:28,935 [ForkJoinPool.commonPool-worker-4] INFO  server.GrpcService (GrpcService.java:closeImpl(311)) - e753b894-9081-4960-806d-bc57228f6e3a: shutdown server org.apache.ratis.grpc.server.GrpcClientProtocolService now
2024-04-26 07:46:28,935 [Thread-7131] INFO  server.GrpcServerProtocolClient (GrpcServerProtocolClient.java:close(103)) - ddce2076-1575-41c9-8de9-fd704b659682 Close channels
2024-04-26 07:46:28,935 [Thread-7132] INFO  server.GrpcServerProtocolClient (GrpcServerProtocolClient.java:close(103)) - 576b0e19-35c7-479f-a3f8-cac44c071a4a Close channels
2024-04-26 07:46:28,934 [ForkJoinPool.commonPool-worker-2] INFO  ozoneimpl.OzoneContainer (OzoneContainer.java:stop(481)) - Attempting to stop container services.
2024-04-26 07:46:28,935 [e753b894-9081-4960-806d-bc57228f6e3a-impl-thread1] INFO  server.RaftServer$Division (RaftServerImpl.java:lambda$close$3(526)) - e753b894-9081-4960-806d-bc57228f6e3a@group-13E46D6C0782: shutdown
2024-04-26 07:46:28,936 [e753b894-9081-4960-806d-bc57228f6e3a-impl-thread1] INFO  util.JmxRegister (JmxRegister.java:unregister(73)) - Successfully un-registered JMX Bean with object name Ratis:service=RaftServer,group=group-13E46D6C0782,id=e753b894-9081-4960-806d-bc57228f6e3a
2024-04-26 07:46:28,936 [e753b894-9081-4960-806d-bc57228f6e3a-impl-thread1] INFO  impl.RoleInfo (RoleInfo.java:shutdownLeaderState(94)) - e753b894-9081-4960-806d-bc57228f6e3a: shutdown e753b894-9081-4960-806d-bc57228f6e3a@group-13E46D6C0782-LeaderStateImpl
2024-04-26 07:46:28,936 [e753b894-9081-4960-806d-bc57228f6e3a-impl-thread1] INFO  impl.PendingRequests (PendingRequests.java:sendNotLeaderResponses(289)) - e753b894-9081-4960-806d-bc57228f6e3a@group-13E46D6C0782-PendingRequests: sendNotLeaderResponses
2024-04-26 07:46:28,936 [e753b894-9081-4960-806d-bc57228f6e3a-impl-thread1] INFO  impl.StateMachineUpdater (StateMachineUpdater.java:stopAndJoin(157)) - e753b894-9081-4960-806d-bc57228f6e3a@group-13E46D6C0782-StateMachineUpdater: set stopIndex = 0
2024-04-26 07:46:28,935 [ForkJoinPool.commonPool-worker-1] INFO  ozoneimpl.BackgroundContainerDataScanner (BackgroundContainerDataScanner.java:shutdown(141)) - ContainerDataScanner(/home/runner/work/ozone/ozone/hadoop-ozone/integration-test/target/test-dir/MiniOzoneClusterImpl-864451be-9a12-4508-8431-6d052999593c/ozone-meta/datanode-8/data-0/hdds) is shutting down. 
2024-04-26 07:46:28,936 [ContainerMetadataScanner] WARN  ozoneimpl.AbstractBackgroundContainerScanner (AbstractBackgroundContainerScanner.java:handleRemainingSleep(134)) - Background container scan was interrupted.
2024-04-26 07:46:28,937 [ContainerMetadataScanner] INFO  ozoneimpl.AbstractBackgroundContainerScanner (AbstractBackgroundContainerScanner.java:run(61)) - Thread[ContainerMetadataScanner,5,main] exiting.
2024-04-26 07:46:28,937 [ContainerDataScanner(/home/runner/work/ozone/ozone/hadoop-ozone/integration-test/target/test-dir/MiniOzoneClusterImpl-864451be-9a12-4508-8431-6d052999593c/ozone-meta/datanode-8/data-0/hdds)] WARN  ozoneimpl.AbstractBackgroundContainerScanner (AbstractBackgroundContainerScanner.java:handleRemainingSleep(134)) - Background container scan was interrupted.
2024-04-26 07:46:28,937 [ContainerDataScanner(/home/runner/work/ozone/ozone/hadoop-ozone/integration-test/target/test-dir/MiniOzoneClusterImpl-864451be-9a12-4508-8431-6d052999593c/ozone-meta/datanode-8/data-0/hdds)] INFO  ozoneimpl.AbstractBackgroundContainerScanner (AbstractBackgroundContainerScanner.java:run(61)) - ContainerDataScanner(/home/runner/work/ozone/ozone/hadoop-ozone/integration-test/target/test-dir/MiniOzoneClusterImpl-864451be-9a12-4508-8431-6d052999593c/ozone-meta/datanode-8/data-0/hdds, DS-f6f6083a-c798-469f-ac7b-f89d866e9775) exiting.
2024-04-26 07:46:28,937 [e753b894-9081-4960-806d-bc57228f6e3a@group-13E46D6C0782-StateMachineUpdater] INFO  ratis.ContainerStateMachine (ContainerStateMachine.java:takeSnapshot(355)) - group-13E46D6C0782: Taking a snapshot at:(t:1, i:0) file /home/runner/work/ozone/ozone/hadoop-ozone/integration-test/target/test-dir/MiniOzoneClusterImpl-864451be-9a12-4508-8431-6d052999593c/ozone-meta/datanode-2/ratis/84c2d2da-0c2b-4ae6-affa-13e46d6c0782/sm/snapshot.1_0
2024-04-26 07:46:28,937 [ForkJoinPool.commonPool-worker-1] INFO  server.RaftServer (RaftServerProxy.java:lambda$close$9(416)) - f89e5511-6660-4723-b6db-0a37c1615f1a: close
2024-04-26 07:46:28,937 [f89e5511-6660-4723-b6db-0a37c1615f1a-impl-thread1] INFO  server.RaftServer$Division (RaftServerImpl.java:lambda$close$3(526)) - f89e5511-6660-4723-b6db-0a37c1615f1a@group-9B4B29D93724: shutdown
2024-04-26 07:46:28,937 [f89e5511-6660-4723-b6db-0a37c1615f1a-impl-thread1] INFO  util.JmxRegister (JmxRegister.java:unregister(73)) - Successfully un-registered JMX Bean with object name Ratis:service=RaftServer,group=group-9B4B29D93724,id=f89e5511-6660-4723-b6db-0a37c1615f1a
2024-04-26 07:46:28,937 [ForkJoinPool.commonPool-worker-3] INFO  ozoneimpl.OzoneContainer (OzoneContainer.java:stop(481)) - Attempting to stop container services.
2024-04-26 07:46:28,938 [e753b894-9081-4960-806d-bc57228f6e3a@group-13E46D6C0782-StateMachineUpdater] INFO  ratis.ContainerStateMachine (ContainerStateMachine.java:takeSnapshot(366)) - group-13E46D6C0782: Finished taking a snapshot at:(t:1, i:0) file:/home/runner/work/ozone/ozone/hadoop-ozone/integration-test/target/test-dir/MiniOzoneClusterImpl-864451be-9a12-4508-8431-6d052999593c/ozone-meta/datanode-2/ratis/84c2d2da-0c2b-4ae6-affa-13e46d6c0782/sm/snapshot.1_0 took: 1 ms
2024-04-26 07:46:28,938 [e753b894-9081-4960-806d-bc57228f6e3a@group-13E46D6C0782-StateMachineUpdater] INFO  impl.StateMachineUpdater (StateMachineUpdater.java:takeSnapshot(295)) - e753b894-9081-4960-806d-bc57228f6e3a@group-13E46D6C0782-StateMachineUpdater: Took a snapshot at index 0
2024-04-26 07:46:28,938 [e753b894-9081-4960-806d-bc57228f6e3a@group-13E46D6C0782-StateMachineUpdater] INFO  impl.StateMachineUpdater (StateMachineUpdater.java:lambda$new$0(98)) - e753b894-9081-4960-806d-bc57228f6e3a@group-13E46D6C0782-StateMachineUpdater: snapshotIndex: updateIncreasingly -1 -> 0
2024-04-26 07:46:28,938 [ForkJoinPool.commonPool-worker-2] INFO  ozoneimpl.BackgroundContainerDataScanner (BackgroundContainerDataScanner.java:shutdown(141)) - ContainerDataScanner(/home/runner/work/ozone/ozone/hadoop-ozone/integration-test/target/test-dir/MiniOzoneClusterImpl-864451be-9a12-4508-8431-6d052999593c/ozone-meta/datanode-4/data-0/hdds) is shutting down. 
2024-04-26 07:46:28,938 [ContainerMetadataScanner] WARN  ozoneimpl.AbstractBackgroundContainerScanner (AbstractBackgroundContainerScanner.java:handleRemainingSleep(134)) - Background container scan was interrupted.
2024-04-26 07:46:28,938 [ContainerMetadataScanner] INFO  ozoneimpl.AbstractBackgroundContainerScanner (AbstractBackgroundContainerScanner.java:run(61)) - Thread[ContainerMetadataScanner,5,main] exiting.
2024-04-26 07:46:28,938 [ContainerDataScanner(/home/runner/work/ozone/ozone/hadoop-ozone/integration-test/target/test-dir/MiniOzoneClusterImpl-864451be-9a12-4508-8431-6d052999593c/ozone-meta/datanode-4/data-0/hdds)] WARN  ozoneimpl.AbstractBackgroundContainerScanner (AbstractBackgroundContainerScanner.java:handleRemainingSleep(134)) - Background container scan was interrupted.
2024-04-26 07:46:28,938 [ContainerDataScanner(/home/runner/work/ozone/ozone/hadoop-ozone/integration-test/target/test-dir/MiniOzoneClusterImpl-864451be-9a12-4508-8431-6d052999593c/ozone-meta/datanode-4/data-0/hdds)] INFO  ozoneimpl.AbstractBackgroundContainerScanner (AbstractBackgroundContainerScanner.java:run(61)) - ContainerDataScanner(/home/runner/work/ozone/ozone/hadoop-ozone/integration-test/target/test-dir/MiniOzoneClusterImpl-864451be-9a12-4508-8431-6d052999593c/ozone-meta/datanode-4/data-0/hdds, DS-1930c44f-e393-4a6d-a029-d277dfd0fe87) exiting.
2024-04-26 07:46:28,938 [e753b894-9081-4960-806d-bc57228f6e3a-impl-thread1] INFO  server.RaftServer$Division (ServerState.java:close(427)) - e753b894-9081-4960-806d-bc57228f6e3a@group-13E46D6C0782: applyIndex: 0
2024-04-26 07:46:28,938 [f89e5511-6660-4723-b6db-0a37c1615f1a-impl-thread1] INFO  impl.RoleInfo (RoleInfo.java:shutdownLeaderState(94)) - f89e5511-6660-4723-b6db-0a37c1615f1a: shutdown f89e5511-6660-4723-b6db-0a37c1615f1a@group-9B4B29D93724-LeaderStateImpl
2024-04-26 07:46:28,938 [f89e5511-6660-4723-b6db-0a37c1615f1a-impl-thread1] INFO  impl.PendingRequests (PendingRequests.java:sendNotLeaderResponses(289)) - f89e5511-6660-4723-b6db-0a37c1615f1a@group-9B4B29D93724-PendingRequests: sendNotLeaderResponses
2024-04-26 07:46:28,939 [f89e5511-6660-4723-b6db-0a37c1615f1a-impl-thread1] INFO  impl.StateMachineUpdater (StateMachineUpdater.java:stopAndJoin(157)) - f89e5511-6660-4723-b6db-0a37c1615f1a@group-9B4B29D93724-StateMachineUpdater: set stopIndex = 0
2024-04-26 07:46:28,939 [f89e5511-6660-4723-b6db-0a37c1615f1a@group-9B4B29D93724-StateMachineUpdater] INFO  ratis.ContainerStateMachine (ContainerStateMachine.java:takeSnapshot(355)) - group-9B4B29D93724: Taking a snapshot at:(t:1, i:0) file /home/runner/work/ozone/ozone/hadoop-ozone/integration-test/target/test-dir/MiniOzoneClusterImpl-864451be-9a12-4508-8431-6d052999593c/ozone-meta/datanode-8/ratis/09e91f8d-181b-4fdb-9c43-9b4b29d93724/sm/snapshot.1_0
2024-04-26 07:46:28,939 [f89e5511-6660-4723-b6db-0a37c1615f1a@group-9B4B29D93724-StateMachineUpdater] INFO  ratis.ContainerStateMachine (ContainerStateMachine.java:takeSnapshot(366)) - group-9B4B29D93724: Finished taking a snapshot at:(t:1, i:0) file:/home/runner/work/ozone/ozone/hadoop-ozone/integration-test/target/test-dir/MiniOzoneClusterImpl-864451be-9a12-4508-8431-6d052999593c/ozone-meta/datanode-8/ratis/09e91f8d-181b-4fdb-9c43-9b4b29d93724/sm/snapshot.1_0 took: 0 ms
2024-04-26 07:46:28,939 [e753b894-9081-4960-806d-bc57228f6e3a@group-13E46D6C0782-cacheEviction-AwaitToRun] INFO  util.AwaitToRun (AwaitToRun.java:run(49)) - e753b894-9081-4960-806d-bc57228f6e3a@group-13E46D6C0782-cacheEviction-AwaitToRun-AwaitForSignal is interrupted
2024-04-26 07:46:28,940 [ForkJoinPool.commonPool-worker-3] INFO  ozoneimpl.BackgroundContainerDataScanner (BackgroundContainerDataScanner.java:shutdown(141)) - ContainerDataScanner(/home/runner/work/ozone/ozone/hadoop-ozone/integration-test/target/test-dir/MiniOzoneClusterImpl-864451be-9a12-4508-8431-6d052999593c/ozone-meta/datanode-5/data-0/hdds) is shutting down. 
2024-04-26 07:46:28,940 [ContainerDataScanner(/home/runner/work/ozone/ozone/hadoop-ozone/integration-test/target/test-dir/MiniOzoneClusterImpl-864451be-9a12-4508-8431-6d052999593c/ozone-meta/datanode-5/data-0/hdds)] WARN  ozoneimpl.AbstractBackgroundContainerScanner (AbstractBackgroundContainerScanner.java:handleRemainingSleep(134)) - Background container scan was interrupted.
2024-04-26 07:46:28,940 [ContainerDataScanner(/home/runner/work/ozone/ozone/hadoop-ozone/integration-test/target/test-dir/MiniOzoneClusterImpl-864451be-9a12-4508-8431-6d052999593c/ozone-meta/datanode-5/data-0/hdds)] INFO  ozoneimpl.AbstractBackgroundContainerScanner (AbstractBackgroundContainerScanner.java:run(61)) - ContainerDataScanner(/home/runner/work/ozone/ozone/hadoop-ozone/integration-test/target/test-dir/MiniOzoneClusterImpl-864451be-9a12-4508-8431-6d052999593c/ozone-meta/datanode-5/data-0/hdds, DS-7a5cda3d-23c1-479a-8072-1fd6790700ab) exiting.
2024-04-26 07:46:28,940 [ForkJoinPool.commonPool-worker-2] INFO  server.RaftServer (RaftServerProxy.java:lambda$close$9(416)) - af10ead5-859f-4a8b-b6c8-c04b91d5a3d5: close
2024-04-26 07:46:28,940 [af10ead5-859f-4a8b-b6c8-c04b91d5a3d5-impl-thread1] INFO  server.RaftServer$Division (RaftServerImpl.java:lambda$close$3(526)) - af10ead5-859f-4a8b-b6c8-c04b91d5a3d5@group-F5752781D5AB: shutdown
2024-04-26 07:46:28,940 [af10ead5-859f-4a8b-b6c8-c04b91d5a3d5-impl-thread1] INFO  util.JmxRegister (JmxRegister.java:unregister(73)) - Successfully un-registered JMX Bean with object name Ratis:service=RaftServer,group=group-F5752781D5AB,id=af10ead5-859f-4a8b-b6c8-c04b91d5a3d5
2024-04-26 07:46:28,940 [af10ead5-859f-4a8b-b6c8-c04b91d5a3d5-impl-thread1] INFO  impl.RoleInfo (RoleInfo.java:shutdownLeaderState(94)) - af10ead5-859f-4a8b-b6c8-c04b91d5a3d5: shutdown af10ead5-859f-4a8b-b6c8-c04b91d5a3d5@group-F5752781D5AB-LeaderStateImpl
2024-04-26 07:46:28,940 [af10ead5-859f-4a8b-b6c8-c04b91d5a3d5-impl-thread1] INFO  impl.PendingRequests (PendingRequests.java:sendNotLeaderResponses(289)) - af10ead5-859f-4a8b-b6c8-c04b91d5a3d5@group-F5752781D5AB-PendingRequests: sendNotLeaderResponses
2024-04-26 07:46:28,941 [af10ead5-859f-4a8b-b6c8-c04b91d5a3d5-impl-thread1] INFO  impl.StateMachineUpdater (StateMachineUpdater.java:stopAndJoin(157)) - af10ead5-859f-4a8b-b6c8-c04b91d5a3d5@group-F5752781D5AB-StateMachineUpdater: set stopIndex = 0
2024-04-26 07:46:28,939 [main] INFO  ozoneimpl.OzoneContainer (OzoneContainer.java:stop(481)) - Attempting to stop container services.
2024-04-26 07:46:28,939 [f89e5511-6660-4723-b6db-0a37c1615f1a@group-9B4B29D93724-StateMachineUpdater] INFO  impl.StateMachineUpdater (StateMachineUpdater.java:takeSnapshot(295)) - f89e5511-6660-4723-b6db-0a37c1615f1a@group-9B4B29D93724-StateMachineUpdater: Took a snapshot at index 0
2024-04-26 07:46:28,941 [ContainerMetadataScanner] WARN  ozoneimpl.AbstractBackgroundContainerScanner (AbstractBackgroundContainerScanner.java:handleRemainingSleep(134)) - Background container scan was interrupted.
2024-04-26 07:46:28,941 [af10ead5-859f-4a8b-b6c8-c04b91d5a3d5@group-F5752781D5AB-StateMachineUpdater] INFO  ratis.ContainerStateMachine (ContainerStateMachine.java:takeSnapshot(355)) - group-F5752781D5AB: Taking a snapshot at:(t:1, i:0) file /home/runner/work/ozone/ozone/hadoop-ozone/integration-test/target/test-dir/MiniOzoneClusterImpl-864451be-9a12-4508-8431-6d052999593c/ozone-meta/datanode-4/ratis/c41ef844-3cd0-41f5-89d1-f5752781d5ab/sm/snapshot.1_0
2024-04-26 07:46:28,940 [ForkJoinPool.commonPool-worker-3] INFO  server.RaftServer (RaftServerProxy.java:lambda$close$9(416)) - 136604f8-4e12-4782-a33c-8f17bffa1c2c: close
2024-04-26 07:46:28,941 [ContainerMetadataScanner] INFO  ozoneimpl.AbstractBackgroundContainerScanner (AbstractBackgroundContainerScanner.java:run(61)) - Thread[ContainerMetadataScanner,5,main] exiting.
2024-04-26 07:46:28,941 [f89e5511-6660-4723-b6db-0a37c1615f1a@group-9B4B29D93724-StateMachineUpdater] INFO  impl.StateMachineUpdater (StateMachineUpdater.java:lambda$new$0(98)) - f89e5511-6660-4723-b6db-0a37c1615f1a@group-9B4B29D93724-StateMachineUpdater: snapshotIndex: updateIncreasingly -1 -> 0
2024-04-26 07:46:28,941 [136604f8-4e12-4782-a33c-8f17bffa1c2c-impl-thread1] INFO  server.RaftServer$Division (RaftServerImpl.java:lambda$close$3(526)) - 136604f8-4e12-4782-a33c-8f17bffa1c2c@group-8CE91570B4D6: shutdown
2024-04-26 07:46:28,941 [136604f8-4e12-4782-a33c-8f17bffa1c2c-impl-thread1] INFO  util.JmxRegister (JmxRegister.java:unregister(73)) - Successfully un-registered JMX Bean with object name Ratis:service=RaftServer,group=group-8CE91570B4D6,id=136604f8-4e12-4782-a33c-8f17bffa1c2c
2024-04-26 07:46:28,941 [136604f8-4e12-4782-a33c-8f17bffa1c2c-impl-thread1] INFO  impl.RoleInfo (RoleInfo.java:shutdownFollowerState(110)) - 136604f8-4e12-4782-a33c-8f17bffa1c2c: shutdown 136604f8-4e12-4782-a33c-8f17bffa1c2c@group-8CE91570B4D6-FollowerState
2024-04-26 07:46:28,941 [af10ead5-859f-4a8b-b6c8-c04b91d5a3d5@group-F5752781D5AB-StateMachineUpdater] INFO  ratis.ContainerStateMachine (ContainerStateMachine.java:takeSnapshot(366)) - group-F5752781D5AB: Finished taking a snapshot at:(t:1, i:0) file:/home/runner/work/ozone/ozone/hadoop-ozone/integration-test/target/test-dir/MiniOzoneClusterImpl-864451be-9a12-4508-8431-6d052999593c/ozone-meta/datanode-4/ratis/c41ef844-3cd0-41f5-89d1-f5752781d5ab/sm/snapshot.1_0 took: 1 ms
2024-04-26 07:46:28,942 [136604f8-4e12-4782-a33c-8f17bffa1c2c@group-8CE91570B4D6-StateMachineUpdater] INFO  ratis.ContainerStateMachine (ContainerStateMachine.java:takeSnapshot(355)) - group-8CE91570B4D6: Taking a snapshot at:(t:1, i:0) file /home/runner/work/ozone/ozone/hadoop-ozone/integration-test/target/test-dir/MiniOzoneClusterImpl-864451be-9a12-4508-8431-6d052999593c/ozone-meta/datanode-5/ratis/59219069-eaf1-4b40-948f-8ce91570b4d6/sm/snapshot.1_0
2024-04-26 07:46:28,942 [af10ead5-859f-4a8b-b6c8-c04b91d5a3d5@group-F5752781D5AB-StateMachineUpdater] INFO  impl.StateMachineUpdater (StateMachineUpdater.java:takeSnapshot(295)) - af10ead5-859f-4a8b-b6c8-c04b91d5a3d5@group-F5752781D5AB-StateMachineUpdater: Took a snapshot at index 0
2024-04-26 07:46:28,941 [136604f8-4e12-4782-a33c-8f17bffa1c2c-impl-thread1] INFO  impl.StateMachineUpdater (StateMachineUpdater.java:stopAndJoin(157)) - 136604f8-4e12-4782-a33c-8f17bffa1c2c@group-8CE91570B4D6-StateMachineUpdater: set stopIndex = 0
2024-04-26 07:46:28,942 [136604f8-4e12-4782-a33c-8f17bffa1c2c@group-8CE91570B4D6-FollowerState] INFO  impl.FollowerState (FollowerState.java:run(152)) - 136604f8-4e12-4782-a33c-8f17bffa1c2c@group-8CE91570B4D6-FollowerState was interrupted
2024-04-26 07:46:28,941 [main] INFO  ozoneimpl.BackgroundContainerDataScanner (BackgroundContainerDataScanner.java:shutdown(141)) - ContainerDataScanner(/home/runner/work/ozone/ozone/hadoop-ozone/integration-test/target/test-dir/MiniOzoneClusterImpl-864451be-9a12-4508-8431-6d052999593c/ozone-meta/datanode-6/data-0/hdds) is shutting down. 
2024-04-26 07:46:28,942 [136604f8-4e12-4782-a33c-8f17bffa1c2c@group-8CE91570B4D6-StateMachineUpdater] INFO  ratis.ContainerStateMachine (ContainerStateMachine.java:takeSnapshot(366)) - group-8CE91570B4D6: Finished taking a snapshot at:(t:1, i:0) file:/home/runner/work/ozone/ozone/hadoop-ozone/integration-test/target/test-dir/MiniOzoneClusterImpl-864451be-9a12-4508-8431-6d052999593c/ozone-meta/datanode-5/ratis/59219069-eaf1-4b40-948f-8ce91570b4d6/sm/snapshot.1_0 took: 0 ms
2024-04-26 07:46:28,942 [af10ead5-859f-4a8b-b6c8-c04b91d5a3d5@group-F5752781D5AB-StateMachineUpdater] INFO  impl.StateMachineUpdater (StateMachineUpdater.java:lambda$new$0(98)) - af10ead5-859f-4a8b-b6c8-c04b91d5a3d5@group-F5752781D5AB-StateMachineUpdater: snapshotIndex: updateIncreasingly -1 -> 0
2024-04-26 07:46:28,942 [136604f8-4e12-4782-a33c-8f17bffa1c2c@group-8CE91570B4D6-StateMachineUpdater] INFO  impl.StateMachineUpdater (StateMachineUpdater.java:takeSnapshot(295)) - 136604f8-4e12-4782-a33c-8f17bffa1c2c@group-8CE91570B4D6-StateMachineUpdater: Took a snapshot at index 0
2024-04-26 07:46:28,942 [136604f8-4e12-4782-a33c-8f17bffa1c2c@group-8CE91570B4D6-StateMachineUpdater] INFO  impl.StateMachineUpdater (StateMachineUpdater.java:lambda$new$0(98)) - 136604f8-4e12-4782-a33c-8f17bffa1c2c@group-8CE91570B4D6-StateMachineUpdater: snapshotIndex: updateIncreasingly -1 -> 0
2024-04-26 07:46:28,942 [136604f8-4e12-4782-a33c-8f17bffa1c2c-impl-thread1] INFO  server.RaftServer$Division (ServerState.java:close(427)) - 136604f8-4e12-4782-a33c-8f17bffa1c2c@group-8CE91570B4D6: applyIndex: 0
2024-04-26 07:46:28,942 [136604f8-4e12-4782-a33c-8f17bffa1c2c@group-8CE91570B4D6-cacheEviction-AwaitToRun] INFO  util.AwaitToRun (AwaitToRun.java:run(49)) - 136604f8-4e12-4782-a33c-8f17bffa1c2c@group-8CE91570B4D6-cacheEviction-AwaitToRun-AwaitForSignal is interrupted
2024-04-26 07:46:28,942 [f89e5511-6660-4723-b6db-0a37c1615f1a-impl-thread1] INFO  server.RaftServer$Division (ServerState.java:close(427)) - f89e5511-6660-4723-b6db-0a37c1615f1a@group-9B4B29D93724: applyIndex: 0
2024-04-26 07:46:28,942 [ContainerDataScanner(/home/runner/work/ozone/ozone/hadoop-ozone/integration-test/target/test-dir/MiniOzoneClusterImpl-864451be-9a12-4508-8431-6d052999593c/ozone-meta/datanode-6/data-0/hdds)] WARN  ozoneimpl.AbstractBackgroundContainerScanner (AbstractBackgroundContainerScanner.java:handleRemainingSleep(134)) - Background container scan was interrupted.
2024-04-26 07:46:28,942 [af10ead5-859f-4a8b-b6c8-c04b91d5a3d5-impl-thread1] INFO  server.RaftServer$Division (ServerState.java:close(427)) - af10ead5-859f-4a8b-b6c8-c04b91d5a3d5@group-F5752781D5AB: applyIndex: 0
2024-04-26 07:46:28,942 [f89e5511-6660-4723-b6db-0a37c1615f1a@group-9B4B29D93724-cacheEviction-AwaitToRun] INFO  util.AwaitToRun (AwaitToRun.java:run(49)) - f89e5511-6660-4723-b6db-0a37c1615f1a@group-9B4B29D93724-cacheEviction-AwaitToRun-AwaitForSignal is interrupted
2024-04-26 07:46:28,943 [af10ead5-859f-4a8b-b6c8-c04b91d5a3d5@group-F5752781D5AB-cacheEviction-AwaitToRun] INFO  util.AwaitToRun (AwaitToRun.java:run(49)) - af10ead5-859f-4a8b-b6c8-c04b91d5a3d5@group-F5752781D5AB-cacheEviction-AwaitToRun-AwaitForSignal is interrupted
2024-04-26 07:46:28,942 [ContainerDataScanner(/home/runner/work/ozone/ozone/hadoop-ozone/integration-test/target/test-dir/MiniOzoneClusterImpl-864451be-9a12-4508-8431-6d052999593c/ozone-meta/datanode-6/data-0/hdds)] INFO  ozoneimpl.AbstractBackgroundContainerScanner (AbstractBackgroundContainerScanner.java:run(61)) - ContainerDataScanner(/home/runner/work/ozone/ozone/hadoop-ozone/integration-test/target/test-dir/MiniOzoneClusterImpl-864451be-9a12-4508-8431-6d052999593c/ozone-meta/datanode-6/data-0/hdds, DS-e75b51d9-728f-4065-8dc7-ecbd31ca660e) exiting.
2024-04-26 07:46:28,943 [main] INFO  server.RaftServer (RaftServerProxy.java:lambda$close$9(416)) - 36c84ee5-0fcd-4ea2-b6d6-812b1364d576: close
2024-04-26 07:46:28,943 [36c84ee5-0fcd-4ea2-b6d6-812b1364d576-impl-thread1] INFO  server.RaftServer$Division (RaftServerImpl.java:lambda$close$3(526)) - 36c84ee5-0fcd-4ea2-b6d6-812b1364d576@group-8CE91570B4D6: shutdown
2024-04-26 07:46:28,943 [36c84ee5-0fcd-4ea2-b6d6-812b1364d576-impl-thread1] INFO  util.JmxRegister (JmxRegister.java:unregister(73)) - Successfully un-registered JMX Bean with object name Ratis:service=RaftServer,group=group-8CE91570B4D6,id=36c84ee5-0fcd-4ea2-b6d6-812b1364d576
2024-04-26 07:46:28,943 [36c84ee5-0fcd-4ea2-b6d6-812b1364d576-impl-thread1] INFO  impl.RoleInfo (RoleInfo.java:shutdownFollowerState(110)) - 36c84ee5-0fcd-4ea2-b6d6-812b1364d576: shutdown 36c84ee5-0fcd-4ea2-b6d6-812b1364d576@group-8CE91570B4D6-FollowerState
2024-04-26 07:46:28,943 [36c84ee5-0fcd-4ea2-b6d6-812b1364d576-impl-thread1] INFO  impl.StateMachineUpdater (StateMachineUpdater.java:stopAndJoin(157)) - 36c84ee5-0fcd-4ea2-b6d6-812b1364d576@group-8CE91570B4D6-StateMachineUpdater: set stopIndex = 0
2024-04-26 07:46:28,943 [36c84ee5-0fcd-4ea2-b6d6-812b1364d576@group-8CE91570B4D6-FollowerState] INFO  impl.FollowerState (FollowerState.java:run(152)) - 36c84ee5-0fcd-4ea2-b6d6-812b1364d576@group-8CE91570B4D6-FollowerState was interrupted
2024-04-26 07:46:28,943 [36c84ee5-0fcd-4ea2-b6d6-812b1364d576@group-8CE91570B4D6-StateMachineUpdater] INFO  ratis.ContainerStateMachine (ContainerStateMachine.java:takeSnapshot(355)) - group-8CE91570B4D6: Taking a snapshot at:(t:1, i:0) file /home/runner/work/ozone/ozone/hadoop-ozone/integration-test/target/test-dir/MiniOzoneClusterImpl-864451be-9a12-4508-8431-6d052999593c/ozone-meta/datanode-6/ratis/59219069-eaf1-4b40-948f-8ce91570b4d6/sm/snapshot.1_0
2024-04-26 07:46:28,944 [36c84ee5-0fcd-4ea2-b6d6-812b1364d576@group-8CE91570B4D6-StateMachineUpdater] INFO  ratis.ContainerStateMachine (ContainerStateMachine.java:takeSnapshot(366)) - group-8CE91570B4D6: Finished taking a snapshot at:(t:1, i:0) file:/home/runner/work/ozone/ozone/hadoop-ozone/integration-test/target/test-dir/MiniOzoneClusterImpl-864451be-9a12-4508-8431-6d052999593c/ozone-meta/datanode-6/ratis/59219069-eaf1-4b40-948f-8ce91570b4d6/sm/snapshot.1_0 took: 1 ms
2024-04-26 07:46:28,944 [36c84ee5-0fcd-4ea2-b6d6-812b1364d576@group-8CE91570B4D6-StateMachineUpdater] INFO  impl.StateMachineUpdater (StateMachineUpdater.java:takeSnapshot(295)) - 36c84ee5-0fcd-4ea2-b6d6-812b1364d576@group-8CE91570B4D6-StateMachineUpdater: Took a snapshot at index 0
2024-04-26 07:46:28,944 [36c84ee5-0fcd-4ea2-b6d6-812b1364d576@group-8CE91570B4D6-StateMachineUpdater] INFO  impl.StateMachineUpdater (StateMachineUpdater.java:lambda$new$0(98)) - 36c84ee5-0fcd-4ea2-b6d6-812b1364d576@group-8CE91570B4D6-StateMachineUpdater: snapshotIndex: updateIncreasingly -1 -> 0
2024-04-26 07:46:28,944 [36c84ee5-0fcd-4ea2-b6d6-812b1364d576-impl-thread1] INFO  server.RaftServer$Division (ServerState.java:close(427)) - 36c84ee5-0fcd-4ea2-b6d6-812b1364d576@group-8CE91570B4D6: applyIndex: 0
2024-04-26 07:46:28,944 [36c84ee5-0fcd-4ea2-b6d6-812b1364d576@group-8CE91570B4D6-cacheEviction-AwaitToRun] INFO  util.AwaitToRun (AwaitToRun.java:run(49)) - 36c84ee5-0fcd-4ea2-b6d6-812b1364d576@group-8CE91570B4D6-cacheEviction-AwaitToRun-AwaitForSignal is interrupted
2024-04-26 07:46:28,944 [ForkJoinPool.commonPool-worker-4] INFO  server.GrpcService (GrpcService.java:closeImpl(320)) - e753b894-9081-4960-806d-bc57228f6e3a: shutdown server org.apache.ratis.grpc.server.GrpcClientProtocolService successfully
2024-04-26 07:46:28,944 [ForkJoinPool.commonPool-worker-4] INFO  server.GrpcService (GrpcService.java:closeImpl(311)) - e753b894-9081-4960-806d-bc57228f6e3a: shutdown server GrpcServerProtocolService now
2024-04-26 07:46:28,948 [ForkJoinPool.commonPool-worker-1] INFO  server.GrpcService (GrpcService.java:closeImpl(311)) - f89e5511-6660-4723-b6db-0a37c1615f1a: shutdown server org.apache.ratis.grpc.server.GrpcClientProtocolService now
2024-04-26 07:46:28,948 [f89e5511-6660-4723-b6db-0a37c1615f1a-impl-thread2] INFO  server.RaftServer$Division (RaftServerImpl.java:lambda$close$3(526)) - f89e5511-6660-4723-b6db-0a37c1615f1a@group-D9979C9DB735: shutdown
2024-04-26 07:46:28,949 [f89e5511-6660-4723-b6db-0a37c1615f1a-impl-thread2] INFO  util.JmxRegister (JmxRegister.java:unregister(73)) - Successfully un-registered JMX Bean with object name Ratis:service=RaftServer,group=group-D9979C9DB735,id=f89e5511-6660-4723-b6db-0a37c1615f1a
2024-04-26 07:46:28,949 [f89e5511-6660-4723-b6db-0a37c1615f1a-impl-thread2] INFO  impl.RoleInfo (RoleInfo.java:shutdownFollowerState(110)) - f89e5511-6660-4723-b6db-0a37c1615f1a: shutdown f89e5511-6660-4723-b6db-0a37c1615f1a@group-D9979C9DB735-FollowerState
2024-04-26 07:46:28,949 [f89e5511-6660-4723-b6db-0a37c1615f1a@group-D9979C9DB735-StateMachineUpdater] INFO  ratis.ContainerStateMachine (ContainerStateMachine.java:takeSnapshot(355)) - group-D9979C9DB735: Taking a snapshot at:(t:1, i:0) file /home/runner/work/ozone/ozone/hadoop-ozone/integration-test/target/test-dir/MiniOzoneClusterImpl-864451be-9a12-4508-8431-6d052999593c/ozone-meta/datanode-8/ratis/473f2448-1472-487b-b9ad-d9979c9db735/sm/snapshot.1_0
2024-04-26 07:46:28,949 [f89e5511-6660-4723-b6db-0a37c1615f1a@group-D9979C9DB735-FollowerState] INFO  impl.FollowerState (FollowerState.java:run(152)) - f89e5511-6660-4723-b6db-0a37c1615f1a@group-D9979C9DB735-FollowerState was interrupted
2024-04-26 07:46:28,949 [f89e5511-6660-4723-b6db-0a37c1615f1a-impl-thread2] INFO  impl.StateMachineUpdater (StateMachineUpdater.java:stopAndJoin(157)) - f89e5511-6660-4723-b6db-0a37c1615f1a@group-D9979C9DB735-StateMachineUpdater: set stopIndex = 0
2024-04-26 07:46:28,949 [ForkJoinPool.commonPool-worker-1] INFO  server.GrpcService (GrpcService.java:closeImpl(320)) - f89e5511-6660-4723-b6db-0a37c1615f1a: shutdown server org.apache.ratis.grpc.server.GrpcClientProtocolService successfully
2024-04-26 07:46:28,949 [ForkJoinPool.commonPool-worker-1] INFO  server.GrpcService (GrpcService.java:closeImpl(311)) - f89e5511-6660-4723-b6db-0a37c1615f1a: shutdown server GrpcServerProtocolService now
2024-04-26 07:46:28,949 [f89e5511-6660-4723-b6db-0a37c1615f1a@group-D9979C9DB735-StateMachineUpdater] INFO  ratis.ContainerStateMachine (ContainerStateMachine.java:takeSnapshot(366)) - group-D9979C9DB735: Finished taking a snapshot at:(t:1, i:0) file:/home/runner/work/ozone/ozone/hadoop-ozone/integration-test/target/test-dir/MiniOzoneClusterImpl-864451be-9a12-4508-8431-6d052999593c/ozone-meta/datanode-8/ratis/473f2448-1472-487b-b9ad-d9979c9db735/sm/snapshot.1_0 took: 0 ms
2024-04-26 07:46:28,949 [f89e5511-6660-4723-b6db-0a37c1615f1a@group-D9979C9DB735-StateMachineUpdater] INFO  impl.StateMachineUpdater (StateMachineUpdater.java:takeSnapshot(295)) - f89e5511-6660-4723-b6db-0a37c1615f1a@group-D9979C9DB735-StateMachineUpdater: Took a snapshot at index 0
2024-04-26 07:46:28,949 [f89e5511-6660-4723-b6db-0a37c1615f1a@group-D9979C9DB735-StateMachineUpdater] INFO  impl.StateMachineUpdater (StateMachineUpdater.java:lambda$new$0(98)) - f89e5511-6660-4723-b6db-0a37c1615f1a@group-D9979C9DB735-StateMachineUpdater: snapshotIndex: updateIncreasingly -1 -> 0
2024-04-26 07:46:28,950 [grpc-default-executor-0] WARN  server.GrpcLogAppender (LogUtils.java:warn(121)) - 26ca528a-fda8-41f2-a9ad-48918f1fba9d@group-D9979C9DB735->f89e5511-6660-4723-b6db-0a37c1615f1a-AppendLogResponseHandler: Failed appendEntries: org.apache.ratis.thirdparty.io.grpc.StatusRuntimeException: CANCELLED: RST_STREAM closed stream. HTTP/2 error code: CANCEL
2024-04-26 07:46:28,950 [grpc-default-executor-0] WARN  server.GrpcLogAppender (GrpcLogAppender.java:lambda$resetClient$1(217)) - 26ca528a-fda8-41f2-a9ad-48918f1fba9d@group-D9979C9DB735->f89e5511-6660-4723-b6db-0a37c1615f1a-GrpcLogAppender: Follower failed (request=null, errorCount=1); keep nextIndex (1) unchanged and retry.
2024-04-26 07:46:28,950 [grpc-default-executor-3] WARN  server.GrpcServerProtocolService (LogUtils.java:warn(121)) - f89e5511-6660-4723-b6db-0a37c1615f1a: APPEND_ENTRIES onError, lastRequest: 26ca528a-fda8-41f2-a9ad-48918f1fba9d->f89e5511-6660-4723-b6db-0a37c1615f1a#1-t1,previous=(t:0, i:0),leaderCommit=-1,initializing? false,entries: size=1, first=(t:1, i:0), CONFIGURATIONENTRY(current:id: "26ca528a-fda8-41f2-a9ad-48918f1fba9d"
address: "127.0.0.1:15531"
priority: 1
dataStreamAddress: "127.0.0.1:15532"
clientAddress: "127.0.0.1:15529"
adminAddress: "127.0.0.1:15530"
startupRole: FOLLOWER
,id: "e280b344-1e71-401e-97a7-3c6530ca629d"
address: "127.0.0.1:15513"
dataStreamAddress: "127.0.0.1:15514"
clientAddress: "127.0.0.1:15511"
adminAddress: "127.0.0.1:15512"
startupRole: FOLLOWER
,id: "f89e5511-6660-4723-b6db-0a37c1615f1a"
address: "127.0.0.1:15522"
dataStreamAddress: "127.0.0.1:15523"
clientAddress: "127.0.0.1:15520"
adminAddress: "127.0.0.1:15521"
startupRole: FOLLOWER
, old:): org.apache.ratis.thirdparty.io.grpc.StatusRuntimeException: CANCELLED: client cancelled
2024-04-26 07:46:28,950 [f89e5511-6660-4723-b6db-0a37c1615f1a-impl-thread2] INFO  server.RaftServer$Division (ServerState.java:close(427)) - f89e5511-6660-4723-b6db-0a37c1615f1a@group-D9979C9DB735: applyIndex: 0
2024-04-26 07:46:28,950 [grpc-default-executor-5] WARN  server.GrpcServerProtocolService (LogUtils.java:warn(121)) - f89e5511-6660-4723-b6db-0a37c1615f1a: APPEND_ENTRIES onError, lastRequest: null: org.apache.ratis.thirdparty.io.grpc.StatusRuntimeException: CANCELLED: client cancelled
2024-04-26 07:46:28,950 [f89e5511-6660-4723-b6db-0a37c1615f1a@group-D9979C9DB735-cacheEviction-AwaitToRun] INFO  util.AwaitToRun (AwaitToRun.java:run(49)) - f89e5511-6660-4723-b6db-0a37c1615f1a@group-D9979C9DB735-cacheEviction-AwaitToRun-AwaitForSignal is interrupted
2024-04-26 07:46:28,951 [main] INFO  server.GrpcService (GrpcService.java:closeImpl(311)) - 36c84ee5-0fcd-4ea2-b6d6-812b1364d576: shutdown server org.apache.ratis.grpc.server.GrpcClientProtocolService now
2024-04-26 07:46:28,951 [36c84ee5-0fcd-4ea2-b6d6-812b1364d576-impl-thread2] INFO  server.RaftServer$Division (RaftServerImpl.java:lambda$close$3(526)) - 36c84ee5-0fcd-4ea2-b6d6-812b1364d576@group-156078557861: shutdown
2024-04-26 07:46:28,951 [36c84ee5-0fcd-4ea2-b6d6-812b1364d576-impl-thread2] INFO  util.JmxRegister (JmxRegister.java:unregister(73)) - Successfully un-registered JMX Bean with object name Ratis:service=RaftServer,group=group-156078557861,id=36c84ee5-0fcd-4ea2-b6d6-812b1364d576
2024-04-26 07:46:28,951 [36c84ee5-0fcd-4ea2-b6d6-812b1364d576-impl-thread2] INFO  impl.RoleInfo (RoleInfo.java:shutdownLeaderState(94)) - 36c84ee5-0fcd-4ea2-b6d6-812b1364d576: shutdown 36c84ee5-0fcd-4ea2-b6d6-812b1364d576@group-156078557861-LeaderStateImpl
2024-04-26 07:46:28,951 [36c84ee5-0fcd-4ea2-b6d6-812b1364d576-impl-thread2] INFO  impl.PendingRequests (PendingRequests.java:sendNotLeaderResponses(289)) - 36c84ee5-0fcd-4ea2-b6d6-812b1364d576@group-156078557861-PendingRequests: sendNotLeaderResponses
2024-04-26 07:46:28,951 [36c84ee5-0fcd-4ea2-b6d6-812b1364d576-impl-thread2] INFO  impl.StateMachineUpdater (StateMachineUpdater.java:stopAndJoin(157)) - 36c84ee5-0fcd-4ea2-b6d6-812b1364d576@group-156078557861-StateMachineUpdater: set stopIndex = 0
2024-04-26 07:46:28,951 [36c84ee5-0fcd-4ea2-b6d6-812b1364d576@group-156078557861-StateMachineUpdater] INFO  ratis.ContainerStateMachine (ContainerStateMachine.java:takeSnapshot(355)) - group-156078557861: Taking a snapshot at:(t:1, i:0) file /home/runner/work/ozone/ozone/hadoop-ozone/integration-test/target/test-dir/MiniOzoneClusterImpl-864451be-9a12-4508-8431-6d052999593c/ozone-meta/datanode-6/ratis/da80739c-e29d-4ef4-888e-156078557861/sm/snapshot.1_0
2024-04-26 07:46:28,952 [36c84ee5-0fcd-4ea2-b6d6-812b1364d576@group-156078557861-StateMachineUpdater] INFO  ratis.ContainerStateMachine (ContainerStateMachine.java:takeSnapshot(366)) - group-156078557861: Finished taking a snapshot at:(t:1, i:0) file:/home/runner/work/ozone/ozone/hadoop-ozone/integration-test/target/test-dir/MiniOzoneClusterImpl-864451be-9a12-4508-8431-6d052999593c/ozone-meta/datanode-6/ratis/da80739c-e29d-4ef4-888e-156078557861/sm/snapshot.1_0 took: 0 ms
2024-04-26 07:46:28,952 [36c84ee5-0fcd-4ea2-b6d6-812b1364d576@group-156078557861-StateMachineUpdater] INFO  impl.StateMachineUpdater (StateMachineUpdater.java:takeSnapshot(295)) - 36c84ee5-0fcd-4ea2-b6d6-812b1364d576@group-156078557861-StateMachineUpdater: Took a snapshot at index 0
2024-04-26 07:46:28,952 [36c84ee5-0fcd-4ea2-b6d6-812b1364d576@group-156078557861-StateMachineUpdater] INFO  impl.StateMachineUpdater (StateMachineUpdater.java:lambda$new$0(98)) - 36c84ee5-0fcd-4ea2-b6d6-812b1364d576@group-156078557861-StateMachineUpdater: snapshotIndex: updateIncreasingly -1 -> 0
2024-04-26 07:46:28,952 [36c84ee5-0fcd-4ea2-b6d6-812b1364d576-impl-thread2] INFO  server.RaftServer$Division (ServerState.java:close(427)) - 36c84ee5-0fcd-4ea2-b6d6-812b1364d576@group-156078557861: applyIndex: 0
2024-04-26 07:46:28,952 [36c84ee5-0fcd-4ea2-b6d6-812b1364d576@group-156078557861-cacheEviction-AwaitToRun] INFO  util.AwaitToRun (AwaitToRun.java:run(49)) - 36c84ee5-0fcd-4ea2-b6d6-812b1364d576@group-156078557861-cacheEviction-AwaitToRun-AwaitForSignal is interrupted
2024-04-26 07:46:28,952 [ForkJoinPool.commonPool-worker-4] INFO  server.GrpcService (GrpcService.java:closeImpl(320)) - e753b894-9081-4960-806d-bc57228f6e3a: shutdown server GrpcServerProtocolService successfully
2024-04-26 07:46:28,952 [ForkJoinPool.commonPool-worker-4] INFO  server.GrpcService (GrpcService.java:closeImpl(311)) - e753b894-9081-4960-806d-bc57228f6e3a: shutdown server org.apache.ratis.grpc.server.GrpcAdminProtocolService now
2024-04-26 07:46:28,953 [ForkJoinPool.commonPool-worker-3] INFO  server.GrpcService (GrpcService.java:closeImpl(311)) - 136604f8-4e12-4782-a33c-8f17bffa1c2c: shutdown server org.apache.ratis.grpc.server.GrpcClientProtocolService now
2024-04-26 07:46:28,953 [136604f8-4e12-4782-a33c-8f17bffa1c2c-impl-thread2] INFO  server.RaftServer$Division (RaftServerImpl.java:lambda$close$3(526)) - 136604f8-4e12-4782-a33c-8f17bffa1c2c@group-CC9B6B7A2B93: shutdown
2024-04-26 07:46:28,953 [136604f8-4e12-4782-a33c-8f17bffa1c2c-impl-thread2] INFO  util.JmxRegister (JmxRegister.java:unregister(73)) - Successfully un-registered JMX Bean with object name Ratis:service=RaftServer,group=group-CC9B6B7A2B93,id=136604f8-4e12-4782-a33c-8f17bffa1c2c
2024-04-26 07:46:28,953 [136604f8-4e12-4782-a33c-8f17bffa1c2c-impl-thread2] INFO  impl.RoleInfo (RoleInfo.java:shutdownLeaderState(94)) - 136604f8-4e12-4782-a33c-8f17bffa1c2c: shutdown 136604f8-4e12-4782-a33c-8f17bffa1c2c@group-CC9B6B7A2B93-LeaderStateImpl
2024-04-26 07:46:28,953 [ForkJoinPool.commonPool-worker-2] INFO  server.GrpcService (GrpcService.java:closeImpl(311)) - af10ead5-859f-4a8b-b6c8-c04b91d5a3d5: shutdown server org.apache.ratis.grpc.server.GrpcClientProtocolService now
2024-04-26 07:46:28,954 [af10ead5-859f-4a8b-b6c8-c04b91d5a3d5-impl-thread2] INFO  server.RaftServer$Division (RaftServerImpl.java:lambda$close$3(526)) - af10ead5-859f-4a8b-b6c8-c04b91d5a3d5@group-8CE91570B4D6: shutdown
2024-04-26 07:46:28,953 [136604f8-4e12-4782-a33c-8f17bffa1c2c-impl-thread2] INFO  impl.PendingRequests (PendingRequests.java:sendNotLeaderResponses(289)) - 136604f8-4e12-4782-a33c-8f17bffa1c2c@group-CC9B6B7A2B93-PendingRequests: sendNotLeaderResponses
2024-04-26 07:46:28,954 [af10ead5-859f-4a8b-b6c8-c04b91d5a3d5-impl-thread2] INFO  util.JmxRegister (JmxRegister.java:unregister(73)) - Successfully un-registered JMX Bean with object name Ratis:service=RaftServer,group=group-8CE91570B4D6,id=af10ead5-859f-4a8b-b6c8-c04b91d5a3d5
2024-04-26 07:46:28,954 [af10ead5-859f-4a8b-b6c8-c04b91d5a3d5-impl-thread2] INFO  impl.RoleInfo (RoleInfo.java:shutdownLeaderState(94)) - af10ead5-859f-4a8b-b6c8-c04b91d5a3d5: shutdown af10ead5-859f-4a8b-b6c8-c04b91d5a3d5@group-8CE91570B4D6-LeaderStateImpl
2024-04-26 07:46:28,954 [Thread-7150] INFO  server.GrpcServerProtocolClient (GrpcServerProtocolClient.java:close(103)) - 136604f8-4e12-4782-a33c-8f17bffa1c2c Close channels
2024-04-26 07:46:28,954 [136604f8-4e12-4782-a33c-8f17bffa1c2c-impl-thread2] INFO  impl.StateMachineUpdater (StateMachineUpdater.java:stopAndJoin(157)) - 136604f8-4e12-4782-a33c-8f17bffa1c2c@group-CC9B6B7A2B93-StateMachineUpdater: set stopIndex = 0
2024-04-26 07:46:28,954 [af10ead5-859f-4a8b-b6c8-c04b91d5a3d5-impl-thread2] INFO  impl.PendingRequests (PendingRequests.java:sendNotLeaderResponses(289)) - af10ead5-859f-4a8b-b6c8-c04b91d5a3d5@group-8CE91570B4D6-PendingRequests: sendNotLeaderResponses
2024-04-26 07:46:28,954 [af10ead5-859f-4a8b-b6c8-c04b91d5a3d5@group-8CE91570B4D6->36c84ee5-0fcd-4ea2-b6d6-812b1364d576-GrpcLogAppender-LogAppenderDaemon] WARN  server.GrpcLogAppender (GrpcLogAppender.java:mayWait(289)) - af10ead5-859f-4a8b-b6c8-c04b91d5a3d5@group-8CE91570B4D6->36c84ee5-0fcd-4ea2-b6d6-812b1364d576-GrpcLogAppender: Wait interrupted by java.lang.InterruptedException
2024-04-26 07:46:28,954 [af10ead5-859f-4a8b-b6c8-c04b91d5a3d5@group-8CE91570B4D6->136604f8-4e12-4782-a33c-8f17bffa1c2c-GrpcLogAppender-LogAppenderDaemon] WARN  server.GrpcLogAppender (GrpcLogAppender.java:mayWait(289)) - af10ead5-859f-4a8b-b6c8-c04b91d5a3d5@group-8CE91570B4D6->136604f8-4e12-4782-a33c-8f17bffa1c2c-GrpcLogAppender: Wait interrupted by java.lang.InterruptedException
2024-04-26 07:46:28,954 [136604f8-4e12-4782-a33c-8f17bffa1c2c@group-CC9B6B7A2B93-StateMachineUpdater] INFO  ratis.ContainerStateMachine (ContainerStateMachine.java:takeSnapshot(355)) - group-CC9B6B7A2B93: Taking a snapshot at:(t:1, i:0) file /home/runner/work/ozone/ozone/hadoop-ozone/integration-test/target/test-dir/MiniOzoneClusterImpl-864451be-9a12-4508-8431-6d052999593c/ozone-meta/datanode-5/ratis/fe5eb942-71db-4d90-babe-cc9b6b7a2b93/sm/snapshot.1_0
2024-04-26 07:46:28,955 [af10ead5-859f-4a8b-b6c8-c04b91d5a3d5@group-8CE91570B4D6-StateMachineUpdater] INFO  ratis.ContainerStateMachine (ContainerStateMachine.java:takeSnapshot(355)) - group-8CE91570B4D6: Taking a snapshot at:(t:1, i:0) file /home/runner/work/ozone/ozone/hadoop-ozone/integration-test/target/test-dir/MiniOzoneClusterImpl-864451be-9a12-4508-8431-6d052999593c/ozone-meta/datanode-4/ratis/59219069-eaf1-4b40-948f-8ce91570b4d6/sm/snapshot.1_0
2024-04-26 07:46:28,955 [grpc-default-executor-5] INFO  server.GrpcServerProtocolService (GrpcServerProtocolService.java:onCompleted(157)) - 136604f8-4e12-4782-a33c-8f17bffa1c2c: Completed APPEND_ENTRIES, lastRequest: af10ead5-859f-4a8b-b6c8-c04b91d5a3d5->136604f8-4e12-4782-a33c-8f17bffa1c2c#1-t1,previous=(t:0, i:0),leaderCommit=-1,initializing? false,entries: size=1, first=(t:1, i:0), CONFIGURATIONENTRY(current:id: "136604f8-4e12-4782-a33c-8f17bffa1c2c"
address: "127.0.0.1:15495"
dataStreamAddress: "127.0.0.1:15496"
clientAddress: "127.0.0.1:15493"
adminAddress: "127.0.0.1:15494"
startupRole: FOLLOWER
,id: "af10ead5-859f-4a8b-b6c8-c04b91d5a3d5"
address: "127.0.0.1:15486"
priority: 1
dataStreamAddress: "127.0.0.1:15487"
clientAddress: "127.0.0.1:15484"
adminAddress: "127.0.0.1:15485"
startupRole: FOLLOWER
,id: "36c84ee5-0fcd-4ea2-b6d6-812b1364d576"
address: "127.0.0.1:15504"
dataStreamAddress: "127.0.0.1:15505"
clientAddress: "127.0.0.1:15502"
adminAddress: "127.0.0.1:15503"
startupRole: FOLLOWER
, old:)
2024-04-26 07:46:28,955 [af10ead5-859f-4a8b-b6c8-c04b91d5a3d5-impl-thread2] INFO  impl.StateMachineUpdater (StateMachineUpdater.java:stopAndJoin(157)) - af10ead5-859f-4a8b-b6c8-c04b91d5a3d5@group-8CE91570B4D6-StateMachineUpdater: set stopIndex = 0
2024-04-26 07:46:28,955 [af10ead5-859f-4a8b-b6c8-c04b91d5a3d5@group-8CE91570B4D6-StateMachineUpdater] INFO  ratis.ContainerStateMachine (ContainerStateMachine.java:takeSnapshot(366)) - group-8CE91570B4D6: Finished taking a snapshot at:(t:1, i:0) file:/home/runner/work/ozone/ozone/hadoop-ozone/integration-test/target/test-dir/MiniOzoneClusterImpl-864451be-9a12-4508-8431-6d052999593c/ozone-meta/datanode-4/ratis/59219069-eaf1-4b40-948f-8ce91570b4d6/sm/snapshot.1_0 took: 0 ms
2024-04-26 07:46:28,955 [grpc-default-executor-5] INFO  server.GrpcServerProtocolService (GrpcServerProtocolService.java:lambda$onCompleted$5(159)) - 136604f8-4e12-4782-a33c-8f17bffa1c2c: Completed APPEND_ENTRIES, lastReply: null
2024-04-26 07:46:28,955 [af10ead5-859f-4a8b-b6c8-c04b91d5a3d5@group-8CE91570B4D6-StateMachineUpdater] INFO  impl.StateMachineUpdater (StateMachineUpdater.java:takeSnapshot(295)) - af10ead5-859f-4a8b-b6c8-c04b91d5a3d5@group-8CE91570B4D6-StateMachineUpdater: Took a snapshot at index 0
2024-04-26 07:46:28,955 [af10ead5-859f-4a8b-b6c8-c04b91d5a3d5@group-8CE91570B4D6-StateMachineUpdater] INFO  impl.StateMachineUpdater (StateMachineUpdater.java:lambda$new$0(98)) - af10ead5-859f-4a8b-b6c8-c04b91d5a3d5@group-8CE91570B4D6-StateMachineUpdater: snapshotIndex: updateIncreasingly -1 -> 0
2024-04-26 07:46:28,955 [grpc-default-executor-0] INFO  server.GrpcServerProtocolService (GrpcServerProtocolService.java:onCompleted(157)) - 36c84ee5-0fcd-4ea2-b6d6-812b1364d576: Completed APPEND_ENTRIES, lastRequest: null
2024-04-26 07:46:28,955 [136604f8-4e12-4782-a33c-8f17bffa1c2c@group-CC9B6B7A2B93-StateMachineUpdater] INFO  ratis.ContainerStateMachine (ContainerStateMachine.java:takeSnapshot(366)) - group-CC9B6B7A2B93: Finished taking a snapshot at:(t:1, i:0) file:/home/runner/work/ozone/ozone/hadoop-ozone/integration-test/target/test-dir/MiniOzoneClusterImpl-864451be-9a12-4508-8431-6d052999593c/ozone-meta/datanode-5/ratis/fe5eb942-71db-4d90-babe-cc9b6b7a2b93/sm/snapshot.1_0 took: 2 ms
2024-04-26 07:46:28,955 [136604f8-4e12-4782-a33c-8f17bffa1c2c@group-CC9B6B7A2B93-StateMachineUpdater] INFO  impl.StateMachineUpdater (StateMachineUpdater.java:takeSnapshot(295)) - 136604f8-4e12-4782-a33c-8f17bffa1c2c@group-CC9B6B7A2B93-StateMachineUpdater: Took a snapshot at index 0
2024-04-26 07:46:28,955 [136604f8-4e12-4782-a33c-8f17bffa1c2c@group-CC9B6B7A2B93-StateMachineUpdater] INFO  impl.StateMachineUpdater (StateMachineUpdater.java:lambda$new$0(98)) - 136604f8-4e12-4782-a33c-8f17bffa1c2c@group-CC9B6B7A2B93-StateMachineUpdater: snapshotIndex: updateIncreasingly -1 -> 0
2024-04-26 07:46:28,956 [grpc-default-executor-0] INFO  server.GrpcServerProtocolService (GrpcServerProtocolService.java:lambda$onCompleted$5(159)) - 36c84ee5-0fcd-4ea2-b6d6-812b1364d576: Completed APPEND_ENTRIES, lastReply: serverReply {
  requestorId: "af10ead5-859f-4a8b-b6c8-c04b91d5a3d5"
  replyId: "36c84ee5-0fcd-4ea2-b6d6-812b1364d576"
  raftGroupId {
    id: "Y!\220i\352\361K@\224\217\214\351\025p\264\326"
  }
  callId: 12
  success: true
}
term: 1
nextIndex: 1
matchIndex: 18446744073709551615
isHearbeat: true

2024-04-26 07:46:28,956 [136604f8-4e12-4782-a33c-8f17bffa1c2c-impl-thread2] INFO  server.RaftServer$Division (ServerState.java:close(427)) - 136604f8-4e12-4782-a33c-8f17bffa1c2c@group-CC9B6B7A2B93: applyIndex: 0
2024-04-26 07:46:28,956 [grpc-default-executor-3] INFO  server.GrpcLogAppender (GrpcLogAppender.java:onCompleted(546)) - af10ead5-859f-4a8b-b6c8-c04b91d5a3d5@group-8CE91570B4D6->136604f8-4e12-4782-a33c-8f17bffa1c2c-AppendLogResponseHandler: follower responses appendEntries COMPLETED
2024-04-26 07:46:28,956 [grpc-default-executor-3] WARN  server.GrpcLogAppender (GrpcLogAppender.java:resetClient(226)) - af10ead5-859f-4a8b-b6c8-c04b91d5a3d5@group-8CE91570B4D6->136604f8-4e12-4782-a33c-8f17bffa1c2c-GrpcLogAppender: Failed to getClient for 136604f8-4e12-4782-a33c-8f17bffa1c2c
org.apache.ratis.protocol.exceptions.AlreadyClosedException: af10ead5-859f-4a8b-b6c8-c04b91d5a3d5 is already CLOSED
	at org.apache.ratis.util.PeerProxyMap$PeerAndProxy.getProxy(PeerProxyMap.java:65)
	at org.apache.ratis.util.PeerProxyMap.getProxy(PeerProxyMap.java:114)
	at org.apache.ratis.grpc.server.GrpcLogAppender.getClient(GrpcLogAppender.java:196)
	at org.apache.ratis.grpc.server.GrpcLogAppender.resetClient(GrpcLogAppender.java:201)
	at org.apache.ratis.grpc.server.GrpcLogAppender.access$800(GrpcLogAppender.java:62)
	at org.apache.ratis.grpc.server.GrpcLogAppender$AppendLogResponseHandler.onCompleted(GrpcLogAppender.java:547)
	at org.apache.ratis.thirdparty.io.grpc.stub.ClientCalls$StreamObserverToCallListenerAdapter.onClose(ClientCalls.java:479)
	at org.apache.ratis.thirdparty.io.grpc.internal.ClientCallImpl.closeObserver(ClientCallImpl.java:567)
	at org.apache.ratis.thirdparty.io.grpc.internal.ClientCallImpl.access$300(ClientCallImpl.java:71)
	at org.apache.ratis.thirdparty.io.grpc.internal.ClientCallImpl$ClientStreamListenerImpl$1StreamClosed.runInternal(ClientCallImpl.java:735)
	at org.apache.ratis.thirdparty.io.grpc.internal.ClientCallImpl$ClientStreamListenerImpl$1StreamClosed.runInContext(ClientCallImpl.java:716)
	at org.apache.ratis.thirdparty.io.grpc.internal.ContextRunnable.run(ContextRunnable.java:37)
	at org.apache.ratis.thirdparty.io.grpc.internal.SerializingExecutor.run(SerializingExecutor.java:133)
	at java.base/java.util.concurrent.ThreadPoolExecutor.runWorker(ThreadPoolExecutor.java:1136)
	at java.base/java.util.concurrent.ThreadPoolExecutor$Worker.run(ThreadPoolExecutor.java:635)
	at java.base/java.lang.Thread.run(Thread.java:840)
2024-04-26 07:46:28,956 [af10ead5-859f-4a8b-b6c8-c04b91d5a3d5-impl-thread2] INFO  server.RaftServer$Division (ServerState.java:close(427)) - af10ead5-859f-4a8b-b6c8-c04b91d5a3d5@group-8CE91570B4D6: applyIndex: 0
2024-04-26 07:46:28,956 [af10ead5-859f-4a8b-b6c8-c04b91d5a3d5@group-8CE91570B4D6-cacheEviction-AwaitToRun] INFO  util.AwaitToRun (AwaitToRun.java:run(49)) - af10ead5-859f-4a8b-b6c8-c04b91d5a3d5@group-8CE91570B4D6-cacheEviction-AwaitToRun-AwaitForSignal is interrupted
2024-04-26 07:46:28,956 [136604f8-4e12-4782-a33c-8f17bffa1c2c@group-CC9B6B7A2B93-cacheEviction-AwaitToRun] INFO  util.AwaitToRun (AwaitToRun.java:run(49)) - 136604f8-4e12-4782-a33c-8f17bffa1c2c@group-CC9B6B7A2B93-cacheEviction-AwaitToRun-AwaitForSignal is interrupted
2024-04-26 07:46:28,956 [grpc-default-executor-3] INFO  server.GrpcLogAppender (GrpcLogAppender.java:onCompleted(546)) - af10ead5-859f-4a8b-b6c8-c04b91d5a3d5@group-8CE91570B4D6->36c84ee5-0fcd-4ea2-b6d6-812b1364d576-AppendLogResponseHandler: follower responses appendEntries COMPLETED
2024-04-26 07:46:28,956 [grpc-default-executor-5] INFO  server.GrpcServerProtocolService (GrpcServerProtocolService.java:onCompleted(157)) - 136604f8-4e12-4782-a33c-8f17bffa1c2c: Completed APPEND_ENTRIES, lastRequest: null
2024-04-26 07:46:28,957 [grpc-default-executor-0] INFO  server.GrpcServerProtocolService (GrpcServerProtocolService.java:onCompleted(157)) - 36c84ee5-0fcd-4ea2-b6d6-812b1364d576: Completed APPEND_ENTRIES, lastRequest: af10ead5-859f-4a8b-b6c8-c04b91d5a3d5->36c84ee5-0fcd-4ea2-b6d6-812b1364d576#1-t1,previous=(t:0, i:0),leaderCommit=-1,initializing? false,entries: size=1, first=(t:1, i:0), CONFIGURATIONENTRY(current:id: "136604f8-4e12-4782-a33c-8f17bffa1c2c"
address: "127.0.0.1:15495"
dataStreamAddress: "127.0.0.1:15496"
clientAddress: "127.0.0.1:15493"
adminAddress: "127.0.0.1:15494"
startupRole: FOLLOWER
,id: "af10ead5-859f-4a8b-b6c8-c04b91d5a3d5"
address: "127.0.0.1:15486"
priority: 1
dataStreamAddress: "127.0.0.1:15487"
clientAddress: "127.0.0.1:15484"
adminAddress: "127.0.0.1:15485"
startupRole: FOLLOWER
,id: "36c84ee5-0fcd-4ea2-b6d6-812b1364d576"
address: "127.0.0.1:15504"
dataStreamAddress: "127.0.0.1:15505"
clientAddress: "127.0.0.1:15502"
adminAddress: "127.0.0.1:15503"
startupRole: FOLLOWER
, old:)
2024-04-26 07:46:28,957 [grpc-default-executor-5] INFO  server.GrpcServerProtocolService (GrpcServerProtocolService.java:lambda$onCompleted$5(159)) - 136604f8-4e12-4782-a33c-8f17bffa1c2c: Completed APPEND_ENTRIES, lastReply: serverReply {
  requestorId: "af10ead5-859f-4a8b-b6c8-c04b91d5a3d5"
  replyId: "136604f8-4e12-4782-a33c-8f17bffa1c2c"
  raftGroupId {
    id: "Y!\220i\352\361K@\224\217\214\351\025p\264\326"
  }
  callId: 14
  success: true
}
term: 1
nextIndex: 1
matchIndex: 18446744073709551615
isHearbeat: true

2024-04-26 07:46:28,957 [grpc-default-executor-0] INFO  server.GrpcServerProtocolService (GrpcServerProtocolService.java:lambda$onCompleted$5(159)) - 36c84ee5-0fcd-4ea2-b6d6-812b1364d576: Completed APPEND_ENTRIES, lastReply: null
2024-04-26 07:46:28,957 [grpc-default-executor-0] INFO  server.GrpcLogAppender (GrpcLogAppender.java:onCompleted(546)) - af10ead5-859f-4a8b-b6c8-c04b91d5a3d5@group-8CE91570B4D6->136604f8-4e12-4782-a33c-8f17bffa1c2c-AppendLogResponseHandler: follower responses appendEntries COMPLETED
2024-04-26 07:46:28,957 [grpc-default-executor-0] WARN  server.GrpcLogAppender (GrpcLogAppender.java:resetClient(226)) - af10ead5-859f-4a8b-b6c8-c04b91d5a3d5@group-8CE91570B4D6->136604f8-4e12-4782-a33c-8f17bffa1c2c-GrpcLogAppender: Failed to getClient for 136604f8-4e12-4782-a33c-8f17bffa1c2c
org.apache.ratis.protocol.exceptions.AlreadyClosedException: af10ead5-859f-4a8b-b6c8-c04b91d5a3d5 is already CLOSED
	at org.apache.ratis.util.PeerProxyMap$PeerAndProxy.getProxy(PeerProxyMap.java:65)
	at org.apache.ratis.util.PeerProxyMap.getProxy(PeerProxyMap.java:114)
	at org.apache.ratis.grpc.server.GrpcLogAppender.getClient(GrpcLogAppender.java:196)
	at org.apache.ratis.grpc.server.GrpcLogAppender.resetClient(GrpcLogAppender.java:201)
	at org.apache.ratis.grpc.server.GrpcLogAppender.access$800(GrpcLogAppender.java:62)
	at org.apache.ratis.grpc.server.GrpcLogAppender$AppendLogResponseHandler.onCompleted(GrpcLogAppender.java:547)
	at org.apache.ratis.thirdparty.io.grpc.stub.ClientCalls$StreamObserverToCallListenerAdapter.onClose(ClientCalls.java:479)
	at org.apache.ratis.thirdparty.io.grpc.internal.DelayedClientCall$DelayedListener$3.run(DelayedClientCall.java:489)
	at org.apache.ratis.thirdparty.io.grpc.internal.DelayedClientCall$DelayedListener.delayOrExecute(DelayedClientCall.java:453)
	at org.apache.ratis.thirdparty.io.grpc.internal.DelayedClientCall$DelayedListener.onClose(DelayedClientCall.java:486)
	at org.apache.ratis.thirdparty.io.grpc.internal.ClientCallImpl.closeObserver(ClientCallImpl.java:567)
	at org.apache.ratis.thirdparty.io.grpc.internal.ClientCallImpl.access$300(ClientCallImpl.java:71)
	at org.apache.ratis.thirdparty.io.grpc.internal.ClientCallImpl$ClientStreamListenerImpl$1StreamClosed.runInternal(ClientCallImpl.java:735)
	at org.apache.ratis.thirdparty.io.grpc.internal.ClientCallImpl$ClientStreamListenerImpl$1StreamClosed.runInContext(ClientCallImpl.java:716)
	at org.apache.ratis.thirdparty.io.grpc.internal.ContextRunnable.run(ContextRunnable.java:37)
	at org.apache.ratis.thirdparty.io.grpc.internal.SerializingExecutor.run(SerializingExecutor.java:133)
	at java.base/java.util.concurrent.ThreadPoolExecutor.runWorker(ThreadPoolExecutor.java:1136)
	at java.base/java.util.concurrent.ThreadPoolExecutor$Worker.run(ThreadPoolExecutor.java:635)
	at java.base/java.lang.Thread.run(Thread.java:840)
2024-04-26 07:46:28,957 [grpc-default-executor-3] INFO  server.GrpcLogAppender (GrpcLogAppender.java:onCompleted(546)) - af10ead5-859f-4a8b-b6c8-c04b91d5a3d5@group-8CE91570B4D6->36c84ee5-0fcd-4ea2-b6d6-812b1364d576-AppendLogResponseHandler: follower responses appendEntries COMPLETED
2024-04-26 07:46:28,958 [ForkJoinPool.commonPool-worker-4] INFO  server.GrpcService (GrpcService.java:closeImpl(320)) - e753b894-9081-4960-806d-bc57228f6e3a: shutdown server org.apache.ratis.grpc.server.GrpcAdminProtocolService successfully
2024-04-26 07:46:28,958 [main] INFO  server.GrpcService (GrpcService.java:closeImpl(320)) - 36c84ee5-0fcd-4ea2-b6d6-812b1364d576: shutdown server org.apache.ratis.grpc.server.GrpcClientProtocolService successfully
2024-04-26 07:46:28,958 [main] INFO  server.GrpcService (GrpcService.java:closeImpl(311)) - 36c84ee5-0fcd-4ea2-b6d6-812b1364d576: shutdown server GrpcServerProtocolService now
2024-04-26 07:46:28,960 [main] INFO  server.GrpcService (GrpcService.java:closeImpl(320)) - 36c84ee5-0fcd-4ea2-b6d6-812b1364d576: shutdown server GrpcServerProtocolService successfully
2024-04-26 07:46:28,960 [main] INFO  server.GrpcService (GrpcService.java:closeImpl(311)) - 36c84ee5-0fcd-4ea2-b6d6-812b1364d576: shutdown server org.apache.ratis.grpc.server.GrpcAdminProtocolService now
2024-04-26 07:46:28,961 [ForkJoinPool.commonPool-worker-1] INFO  server.GrpcService (GrpcService.java:closeImpl(320)) - f89e5511-6660-4723-b6db-0a37c1615f1a: shutdown server GrpcServerProtocolService successfully
2024-04-26 07:46:28,961 [ForkJoinPool.commonPool-worker-1] INFO  server.GrpcService (GrpcService.java:closeImpl(311)) - f89e5511-6660-4723-b6db-0a37c1615f1a: shutdown server org.apache.ratis.grpc.server.GrpcAdminProtocolService now
2024-04-26 07:46:28,961 [Thread-7159] INFO  server.GrpcServerProtocolClient (GrpcServerProtocolClient.java:close(103)) - 36c84ee5-0fcd-4ea2-b6d6-812b1364d576 Close channels
2024-04-26 07:46:28,961 [ForkJoinPool.commonPool-worker-2] INFO  server.GrpcService (GrpcService.java:closeImpl(320)) - af10ead5-859f-4a8b-b6c8-c04b91d5a3d5: shutdown server org.apache.ratis.grpc.server.GrpcClientProtocolService successfully
2024-04-26 07:46:28,961 [ForkJoinPool.commonPool-worker-2] INFO  server.GrpcService (GrpcService.java:closeImpl(311)) - af10ead5-859f-4a8b-b6c8-c04b91d5a3d5: shutdown server GrpcServerProtocolService now
2024-04-26 07:46:28,963 [ForkJoinPool.commonPool-worker-1] INFO  server.GrpcService (GrpcService.java:closeImpl(320)) - f89e5511-6660-4723-b6db-0a37c1615f1a: shutdown server org.apache.ratis.grpc.server.GrpcAdminProtocolService successfully
2024-04-26 07:46:28,963 [main] INFO  server.GrpcService (GrpcService.java:closeImpl(320)) - 36c84ee5-0fcd-4ea2-b6d6-812b1364d576: shutdown server org.apache.ratis.grpc.server.GrpcAdminProtocolService successfully
2024-04-26 07:46:28,963 [Thread-7170] INFO  server.GrpcServerProtocolClient (GrpcServerProtocolClient.java:close(103)) - af10ead5-859f-4a8b-b6c8-c04b91d5a3d5 Close channels
2024-04-26 07:46:28,963 [ForkJoinPool.commonPool-worker-2] INFO  server.GrpcService (GrpcService.java:closeImpl(320)) - af10ead5-859f-4a8b-b6c8-c04b91d5a3d5: shutdown server GrpcServerProtocolService successfully
2024-04-26 07:46:28,964 [ForkJoinPool.commonPool-worker-2] INFO  server.GrpcService (GrpcService.java:closeImpl(311)) - af10ead5-859f-4a8b-b6c8-c04b91d5a3d5: shutdown server org.apache.ratis.grpc.server.GrpcAdminProtocolService now
2024-04-26 07:46:28,965 [Thread-7172] INFO  server.GrpcServerProtocolClient (GrpcServerProtocolClient.java:close(103)) - 36c84ee5-0fcd-4ea2-b6d6-812b1364d576 Close channels
2024-04-26 07:46:28,965 [ForkJoinPool.commonPool-worker-3] INFO  server.GrpcService (GrpcService.java:closeImpl(320)) - 136604f8-4e12-4782-a33c-8f17bffa1c2c: shutdown server org.apache.ratis.grpc.server.GrpcClientProtocolService successfully
2024-04-26 07:46:28,965 [ForkJoinPool.commonPool-worker-3] INFO  server.GrpcService (GrpcService.java:closeImpl(311)) - 136604f8-4e12-4782-a33c-8f17bffa1c2c: shutdown server GrpcServerProtocolService now
2024-04-26 07:46:28,966 [ForkJoinPool.commonPool-worker-2] INFO  server.GrpcService (GrpcService.java:closeImpl(320)) - af10ead5-859f-4a8b-b6c8-c04b91d5a3d5: shutdown server org.apache.ratis.grpc.server.GrpcAdminProtocolService successfully
2024-04-26 07:46:28,966 [ForkJoinPool.commonPool-worker-3] INFO  server.GrpcService (GrpcService.java:closeImpl(320)) - 136604f8-4e12-4782-a33c-8f17bffa1c2c: shutdown server GrpcServerProtocolService successfully
2024-04-26 07:46:28,966 [ForkJoinPool.commonPool-worker-3] INFO  server.GrpcService (GrpcService.java:closeImpl(311)) - 136604f8-4e12-4782-a33c-8f17bffa1c2c: shutdown server org.apache.ratis.grpc.server.GrpcAdminProtocolService now
2024-04-26 07:46:28,967 [ForkJoinPool.commonPool-worker-3] INFO  server.GrpcService (GrpcService.java:closeImpl(320)) - 136604f8-4e12-4782-a33c-8f17bffa1c2c: shutdown server org.apache.ratis.grpc.server.GrpcAdminProtocolService successfully
2024-04-26 07:46:28,971 [e753b894-9081-4960-806d-bc57228f6e3a-NettyServerStreamRpc-bossGroup--thread1] INFO  logging.LoggingHandler (AbstractInternalLogger.java:log(148)) - [id: 0x12c9abfe, L:/0.0.0.0:15469] CLOSE
2024-04-26 07:46:28,971 [e753b894-9081-4960-806d-bc57228f6e3a-NettyServerStreamRpc-bossGroup--thread1] INFO  logging.LoggingHandler (AbstractInternalLogger.java:log(148)) - [id: 0x12c9abfe, L:/0.0.0.0:15469] INACTIVE
2024-04-26 07:46:28,972 [e753b894-9081-4960-806d-bc57228f6e3a-NettyServerStreamRpc-bossGroup--thread1] INFO  logging.LoggingHandler (AbstractInternalLogger.java:log(148)) - [id: 0x12c9abfe, L:/0.0.0.0:15469] UNREGISTERED
2024-04-26 07:46:28,975 [f89e5511-6660-4723-b6db-0a37c1615f1a-NettyServerStreamRpc-bossGroup--thread1] INFO  logging.LoggingHandler (AbstractInternalLogger.java:log(148)) - [id: 0xb7401d1c, L:/0.0.0.0:15523] CLOSE
2024-04-26 07:46:28,975 [f89e5511-6660-4723-b6db-0a37c1615f1a-NettyServerStreamRpc-bossGroup--thread1] INFO  logging.LoggingHandler (AbstractInternalLogger.java:log(148)) - [id: 0xb7401d1c, L:/0.0.0.0:15523] INACTIVE
2024-04-26 07:46:28,975 [f89e5511-6660-4723-b6db-0a37c1615f1a-NettyServerStreamRpc-bossGroup--thread1] INFO  logging.LoggingHandler (AbstractInternalLogger.java:log(148)) - [id: 0xb7401d1c, L:/0.0.0.0:15523] UNREGISTERED
2024-04-26 07:46:28,976 [36c84ee5-0fcd-4ea2-b6d6-812b1364d576-NettyServerStreamRpc-bossGroup--thread1] INFO  logging.LoggingHandler (AbstractInternalLogger.java:log(148)) - [id: 0xbd95f03b, L:/0.0.0.0:15505] CLOSE
2024-04-26 07:46:28,976 [36c84ee5-0fcd-4ea2-b6d6-812b1364d576-NettyServerStreamRpc-bossGroup--thread1] INFO  logging.LoggingHandler (AbstractInternalLogger.java:log(148)) - [id: 0xbd95f03b, L:/0.0.0.0:15505] INACTIVE
2024-04-26 07:46:28,976 [36c84ee5-0fcd-4ea2-b6d6-812b1364d576-NettyServerStreamRpc-bossGroup--thread1] INFO  logging.LoggingHandler (AbstractInternalLogger.java:log(148)) - [id: 0xbd95f03b, L:/0.0.0.0:15505] UNREGISTERED
2024-04-26 07:46:28,978 [af10ead5-859f-4a8b-b6c8-c04b91d5a3d5-NettyServerStreamRpc-bossGroup--thread1] INFO  logging.LoggingHandler (AbstractInternalLogger.java:log(148)) - [id: 0xa19678c0, L:/0.0.0.0:15487] CLOSE
2024-04-26 07:46:28,978 [af10ead5-859f-4a8b-b6c8-c04b91d5a3d5-NettyServerStreamRpc-bossGroup--thread1] INFO  logging.LoggingHandler (AbstractInternalLogger.java:log(148)) - [id: 0xa19678c0, L:/0.0.0.0:15487] INACTIVE
2024-04-26 07:46:28,978 [af10ead5-859f-4a8b-b6c8-c04b91d5a3d5-NettyServerStreamRpc-bossGroup--thread1] INFO  logging.LoggingHandler (AbstractInternalLogger.java:log(148)) - [id: 0xa19678c0, L:/0.0.0.0:15487] UNREGISTERED
2024-04-26 07:46:28,987 [136604f8-4e12-4782-a33c-8f17bffa1c2c-NettyServerStreamRpc-bossGroup--thread1] INFO  logging.LoggingHandler (AbstractInternalLogger.java:log(148)) - [id: 0xc7276f1f, L:/0.0.0.0:15496] CLOSE
2024-04-26 07:46:28,987 [136604f8-4e12-4782-a33c-8f17bffa1c2c-NettyServerStreamRpc-bossGroup--thread1] INFO  logging.LoggingHandler (AbstractInternalLogger.java:log(148)) - [id: 0xc7276f1f, L:/0.0.0.0:15496] INACTIVE
2024-04-26 07:46:28,987 [136604f8-4e12-4782-a33c-8f17bffa1c2c-NettyServerStreamRpc-bossGroup--thread1] INFO  logging.LoggingHandler (AbstractInternalLogger.java:log(148)) - [id: 0xc7276f1f, L:/0.0.0.0:15496] UNREGISTERED
2024-04-26 07:46:29,064 [f89e5511-6660-4723-b6db-0a37c1615f1a-impl-thread2] INFO  segmented.SegmentedRaftLogWorker (SegmentedRaftLogWorker.java:close(245)) - f89e5511-6660-4723-b6db-0a37c1615f1a@group-D9979C9DB735-SegmentedRaftLogWorker close()
2024-04-26 07:46:29,764 [e753b894-9081-4960-806d-bc57228f6e3a-impl-thread1] INFO  segmented.SegmentedRaftLogWorker (SegmentedRaftLogWorker.java:close(245)) - e753b894-9081-4960-806d-bc57228f6e3a@group-13E46D6C0782-SegmentedRaftLogWorker close()
2024-04-26 07:46:29,765 [JvmPauseMonitor58] INFO  util.JvmPauseMonitor (JvmPauseMonitor.java:run(152)) - JvmPauseMonitor-e753b894-9081-4960-806d-bc57228f6e3a: Stopped
2024-04-26 07:46:29,839 [af10ead5-859f-4a8b-b6c8-c04b91d5a3d5-impl-thread1] INFO  segmented.SegmentedRaftLogWorker (SegmentedRaftLogWorker.java:close(245)) - af10ead5-859f-4a8b-b6c8-c04b91d5a3d5@group-F5752781D5AB-SegmentedRaftLogWorker close()
2024-04-26 07:46:29,870 [136604f8-4e12-4782-a33c-8f17bffa1c2c-impl-thread2] INFO  segmented.SegmentedRaftLogWorker (SegmentedRaftLogWorker.java:close(245)) - 136604f8-4e12-4782-a33c-8f17bffa1c2c@group-CC9B6B7A2B93-SegmentedRaftLogWorker close()
2024-04-26 07:46:29,878 [af10ead5-859f-4a8b-b6c8-c04b91d5a3d5-impl-thread2] INFO  segmented.SegmentedRaftLogWorker (SegmentedRaftLogWorker.java:close(245)) - af10ead5-859f-4a8b-b6c8-c04b91d5a3d5@group-8CE91570B4D6-SegmentedRaftLogWorker close()
2024-04-26 07:46:29,878 [JvmPauseMonitor60] INFO  util.JvmPauseMonitor (JvmPauseMonitor.java:run(152)) - JvmPauseMonitor-af10ead5-859f-4a8b-b6c8-c04b91d5a3d5: Stopped
2024-04-26 07:46:29,891 [36c84ee5-0fcd-4ea2-b6d6-812b1364d576-impl-thread1] INFO  segmented.SegmentedRaftLogWorker (SegmentedRaftLogWorker.java:close(245)) - 36c84ee5-0fcd-4ea2-b6d6-812b1364d576@group-8CE91570B4D6-SegmentedRaftLogWorker close()
2024-04-26 07:46:29,914 [f89e5511-6660-4723-b6db-0a37c1615f1a-impl-thread1] INFO  segmented.SegmentedRaftLogWorker (SegmentedRaftLogWorker.java:close(245)) - f89e5511-6660-4723-b6db-0a37c1615f1a@group-9B4B29D93724-SegmentedRaftLogWorker close()
2024-04-26 07:46:29,914 [JvmPauseMonitor64] INFO  util.JvmPauseMonitor (JvmPauseMonitor.java:run(152)) - JvmPauseMonitor-f89e5511-6660-4723-b6db-0a37c1615f1a: Stopped
2024-04-26 07:46:29,915 [136604f8-4e12-4782-a33c-8f17bffa1c2c-impl-thread1] INFO  segmented.SegmentedRaftLogWorker (SegmentedRaftLogWorker.java:close(245)) - 136604f8-4e12-4782-a33c-8f17bffa1c2c@group-8CE91570B4D6-SegmentedRaftLogWorker close()
2024-04-26 07:46:29,915 [JvmPauseMonitor61] INFO  util.JvmPauseMonitor (JvmPauseMonitor.java:run(152)) - JvmPauseMonitor-136604f8-4e12-4782-a33c-8f17bffa1c2c: Stopped
2024-04-26 07:46:29,921 [36c84ee5-0fcd-4ea2-b6d6-812b1364d576-impl-thread2] INFO  segmented.SegmentedRaftLogWorker (SegmentedRaftLogWorker.java:close(245)) - 36c84ee5-0fcd-4ea2-b6d6-812b1364d576@group-156078557861-SegmentedRaftLogWorker close()
2024-04-26 07:46:29,922 [JvmPauseMonitor62] INFO  util.JvmPauseMonitor (JvmPauseMonitor.java:run(152)) - JvmPauseMonitor-36c84ee5-0fcd-4ea2-b6d6-812b1364d576: Stopped
2024-04-26 07:46:31,767 [ForkJoinPool.commonPool-worker-4] INFO  utils.DatanodeStoreCache (DatanodeStoreCache.java:shutdownCache(116)) - Skip clearing cache in mini cluster mode. Entries left: [/home/runner/work/ozone/ozone/hadoop-ozone/integration-test/target/test-dir/MiniOzoneClusterImpl-864451be-9a12-4508-8431-6d052999593c/ozone-meta/datanode-2/data-0/hdds/864451be-9a12-4508-8431-6d052999593c/DS-69313847-8bb8-43a4-8970-b094fdf4cce5/container.db, /home/runner/work/ozone/ozone/hadoop-ozone/integration-test/target/test-dir/MiniOzoneClusterImpl-864451be-9a12-4508-8431-6d052999593c/ozone-meta/datanode-4/data-0/hdds/864451be-9a12-4508-8431-6d052999593c/DS-1930c44f-e393-4a6d-a029-d277dfd0fe87/container.db, /home/runner/work/ozone/ozone/hadoop-ozone/integration-test/target/test-dir/MiniOzoneClusterImpl-864451be-9a12-4508-8431-6d052999593c/ozone-meta/datanode-5/data-0/hdds/864451be-9a12-4508-8431-6d052999593c/DS-7a5cda3d-23c1-479a-8072-1fd6790700ab/container.db, /home/runner/work/ozone/ozone/hadoop-ozone/integration-test/target/test-dir/MiniOzoneClusterImpl-864451be-9a12-4508-8431-6d052999593c/ozone-meta/datanode-6/data-0/hdds/864451be-9a12-4508-8431-6d052999593c/DS-e75b51d9-728f-4065-8dc7-ecbd31ca660e/container.db, /home/runner/work/ozone/ozone/hadoop-ozone/integration-test/target/test-dir/MiniOzoneClusterImpl-864451be-9a12-4508-8431-6d052999593c/ozone-meta/datanode-7/data-0/hdds/864451be-9a12-4508-8431-6d052999593c/DS-e2869e37-71c1-45d5-a186-7149712ed3e6/container.db, /home/runner/work/ozone/ozone/hadoop-ozone/integration-test/target/test-dir/MiniOzoneClusterImpl-864451be-9a12-4508-8431-6d052999593c/ozone-meta/datanode-8/data-0/hdds/864451be-9a12-4508-8431-6d052999593c/DS-f6f6083a-c798-469f-ac7b-f89d866e9775/container.db, /home/runner/work/ozone/ozone/hadoop-ozone/integration-test/target/test-dir/MiniOzoneClusterImpl-864451be-9a12-4508-8431-6d052999593c/ozone-meta/datanode-9/data-0/hdds/864451be-9a12-4508-8431-6d052999593c/DS-d86ddbc2-f1ff-4fa6-9e67-c5d034a5e9eb/container.db]
2024-04-26 07:46:31,768 [ForkJoinPool.commonPool-worker-4] INFO  utils.DatanodeStoreCache (DatanodeStoreCache.java:removeDB(110)) - Removed db /home/runner/work/ozone/ozone/hadoop-ozone/integration-test/target/test-dir/MiniOzoneClusterImpl-864451be-9a12-4508-8431-6d052999593c/ozone-meta/datanode-2/data-0/hdds/864451be-9a12-4508-8431-6d052999593c/DS-69313847-8bb8-43a4-8970-b094fdf4cce5/container.db from cache
2024-04-26 07:46:31,768 [ForkJoinPool.commonPool-worker-4] INFO  volume.HddsVolume (HddsVolume.java:closeDbStore(470)) - SchemaV3 db is stopped at /home/runner/work/ozone/ozone/hadoop-ozone/integration-test/target/test-dir/MiniOzoneClusterImpl-864451be-9a12-4508-8431-6d052999593c/ozone-meta/datanode-2/data-0/hdds/864451be-9a12-4508-8431-6d052999593c/DS-69313847-8bb8-43a4-8970-b094fdf4cce5/container.db for volume DS-69313847-8bb8-43a4-8970-b094fdf4cce5
2024-04-26 07:46:31,768 [ForkJoinPool.commonPool-worker-4] INFO  utils.BackgroundService (BackgroundService.java:shutdown(160)) - Shutting down service BlockDeletingService
2024-04-26 07:46:31,768 [ForkJoinPool.commonPool-worker-4] INFO  utils.BackgroundService (BackgroundService.java:shutdown(160)) - Shutting down service StaleRecoveringContainerScrubbingService
2024-04-26 07:46:31,769 [ForkJoinPool.commonPool-worker-4] INFO  statemachine.DatanodeStateMachine (DatanodeStateMachine.java:stopDaemon(638)) - Ozone container server stopped.
2024-04-26 07:46:31,769 [ForkJoinPool.commonPool-worker-4] INFO  handler.ContextHandler (ContextHandler.java:doStop(1159)) - Stopped o.e.j.w.WebAppContext@70e56195{hddsDatanode,/,null,STOPPED}{file:/home/runner/work/ozone/ozone/hadoop-hdds/container-service/target/classes/webapps/hddsDatanode}
2024-04-26 07:46:31,769 [ForkJoinPool.commonPool-worker-4] INFO  server.AbstractConnector (AbstractConnector.java:doStop(383)) - Stopped ServerConnector@4f00ee48{HTTP/1.1, (http/1.1)}{0.0.0.0:15463}
2024-04-26 07:46:31,769 [ForkJoinPool.commonPool-worker-4] INFO  server.session (HouseKeeper.java:stopScavenging(149)) - node0 Stopped scavenging
2024-04-26 07:46:31,769 [ForkJoinPool.commonPool-worker-4] INFO  handler.ContextHandler (ContextHandler.java:doStop(1159)) - Stopped o.e.j.s.ServletContextHandler@414f46af{static,/static,file:///home/runner/work/ozone/ozone/hadoop-hdds/container-service/target/classes/webapps/static,STOPPED}
2024-04-26 07:46:31,769 [ForkJoinPool.commonPool-worker-4] INFO  handler.ContextHandler (ContextHandler.java:doStop(1159)) - Stopped o.e.j.s.ServletContextHandler@4b1f7fa4{logs,/logs,file:///home/runner/work/ozone/ozone/hadoop-ozone/integration-test/target/log,STOPPED}
2024-04-26 07:46:31,770 [ForkJoinPool.commonPool-worker-4] INFO  ozone.HddsDatanodeClientProtocolServer (HddsDatanodeClientProtocolServer.java:stop(83)) - Stopping the RPC server for Client Protocol
2024-04-26 07:46:31,770 [ForkJoinPool.commonPool-worker-4] INFO  ipc.Server (Server.java:stop(3523)) - Stopping server on 15464
2024-04-26 07:46:31,770 [IPC Server listener on 15464] INFO  ipc.Server (Server.java:run(1434)) - Stopping IPC Server listener on 15464
2024-04-26 07:46:31,770 [IPC Server Responder] INFO  ipc.Server (Server.java:run(1567)) - Stopping IPC Server Responder
2024-04-26 07:46:31,773 [ForkJoinPool.commonPool-worker-4] INFO  ozoneimpl.OzoneContainer (OzoneContainer.java:stop(481)) - Attempting to stop container services.
2024-04-26 07:46:31,773 [ContainerMetadataScanner] WARN  ozoneimpl.AbstractBackgroundContainerScanner (AbstractBackgroundContainerScanner.java:handleRemainingSleep(134)) - Background container scan was interrupted.
2024-04-26 07:46:31,773 [ContainerMetadataScanner] INFO  ozoneimpl.AbstractBackgroundContainerScanner (AbstractBackgroundContainerScanner.java:run(61)) - Thread[ContainerMetadataScanner,5,main] exiting.
2024-04-26 07:46:31,773 [ForkJoinPool.commonPool-worker-4] INFO  ozoneimpl.BackgroundContainerDataScanner (BackgroundContainerDataScanner.java:shutdown(141)) - ContainerDataScanner(/home/runner/work/ozone/ozone/hadoop-ozone/integration-test/target/test-dir/MiniOzoneClusterImpl-864451be-9a12-4508-8431-6d052999593c/ozone-meta/datanode-7/data-0/hdds) is shutting down. 
2024-04-26 07:46:31,773 [ContainerDataScanner(/home/runner/work/ozone/ozone/hadoop-ozone/integration-test/target/test-dir/MiniOzoneClusterImpl-864451be-9a12-4508-8431-6d052999593c/ozone-meta/datanode-7/data-0/hdds)] WARN  ozoneimpl.AbstractBackgroundContainerScanner (AbstractBackgroundContainerScanner.java:handleRemainingSleep(134)) - Background container scan was interrupted.
2024-04-26 07:46:31,773 [ContainerDataScanner(/home/runner/work/ozone/ozone/hadoop-ozone/integration-test/target/test-dir/MiniOzoneClusterImpl-864451be-9a12-4508-8431-6d052999593c/ozone-meta/datanode-7/data-0/hdds)] INFO  ozoneimpl.AbstractBackgroundContainerScanner (AbstractBackgroundContainerScanner.java:run(61)) - ContainerDataScanner(/home/runner/work/ozone/ozone/hadoop-ozone/integration-test/target/test-dir/MiniOzoneClusterImpl-864451be-9a12-4508-8431-6d052999593c/ozone-meta/datanode-7/data-0/hdds, DS-e2869e37-71c1-45d5-a186-7149712ed3e6) exiting.
2024-04-26 07:46:31,773 [ForkJoinPool.commonPool-worker-4] INFO  server.RaftServer (RaftServerProxy.java:lambda$close$9(416)) - e280b344-1e71-401e-97a7-3c6530ca629d: close
2024-04-26 07:46:31,774 [e280b344-1e71-401e-97a7-3c6530ca629d-impl-thread1] INFO  server.RaftServer$Division (RaftServerImpl.java:lambda$close$3(526)) - e280b344-1e71-401e-97a7-3c6530ca629d@group-F2E5719B3B13: shutdown
2024-04-26 07:46:31,774 [e280b344-1e71-401e-97a7-3c6530ca629d-impl-thread1] INFO  util.JmxRegister (JmxRegister.java:unregister(73)) - Successfully un-registered JMX Bean with object name Ratis:service=RaftServer,group=group-F2E5719B3B13,id=e280b344-1e71-401e-97a7-3c6530ca629d
2024-04-26 07:46:31,774 [e280b344-1e71-401e-97a7-3c6530ca629d-impl-thread1] INFO  impl.RoleInfo (RoleInfo.java:shutdownLeaderState(94)) - e280b344-1e71-401e-97a7-3c6530ca629d: shutdown e280b344-1e71-401e-97a7-3c6530ca629d@group-F2E5719B3B13-LeaderStateImpl
2024-04-26 07:46:31,774 [e280b344-1e71-401e-97a7-3c6530ca629d-impl-thread1] INFO  impl.PendingRequests (PendingRequests.java:sendNotLeaderResponses(289)) - e280b344-1e71-401e-97a7-3c6530ca629d@group-F2E5719B3B13-PendingRequests: sendNotLeaderResponses
2024-04-26 07:46:31,774 [e280b344-1e71-401e-97a7-3c6530ca629d-impl-thread1] INFO  impl.StateMachineUpdater (StateMachineUpdater.java:stopAndJoin(157)) - e280b344-1e71-401e-97a7-3c6530ca629d@group-F2E5719B3B13-StateMachineUpdater: set stopIndex = 0
2024-04-26 07:46:31,774 [ForkJoinPool.commonPool-worker-4] INFO  server.GrpcService (GrpcService.java:closeImpl(311)) - e280b344-1e71-401e-97a7-3c6530ca629d: shutdown server org.apache.ratis.grpc.server.GrpcClientProtocolService now
2024-04-26 07:46:31,774 [e280b344-1e71-401e-97a7-3c6530ca629d@group-F2E5719B3B13-StateMachineUpdater] INFO  ratis.ContainerStateMachine (ContainerStateMachine.java:takeSnapshot(355)) - group-F2E5719B3B13: Taking a snapshot at:(t:1, i:0) file /home/runner/work/ozone/ozone/hadoop-ozone/integration-test/target/test-dir/MiniOzoneClusterImpl-864451be-9a12-4508-8431-6d052999593c/ozone-meta/datanode-7/ratis/04b858ca-6dfa-4a59-b958-f2e5719b3b13/sm/snapshot.1_0
2024-04-26 07:46:31,774 [e280b344-1e71-401e-97a7-3c6530ca629d-impl-thread2] INFO  server.RaftServer$Division (RaftServerImpl.java:lambda$close$3(526)) - e280b344-1e71-401e-97a7-3c6530ca629d@group-D9979C9DB735: shutdown
2024-04-26 07:46:31,774 [e280b344-1e71-401e-97a7-3c6530ca629d-impl-thread2] INFO  util.JmxRegister (JmxRegister.java:unregister(73)) - Successfully un-registered JMX Bean with object name Ratis:service=RaftServer,group=group-D9979C9DB735,id=e280b344-1e71-401e-97a7-3c6530ca629d
2024-04-26 07:46:31,774 [e280b344-1e71-401e-97a7-3c6530ca629d-impl-thread2] INFO  impl.RoleInfo (RoleInfo.java:shutdownFollowerState(110)) - e280b344-1e71-401e-97a7-3c6530ca629d: shutdown e280b344-1e71-401e-97a7-3c6530ca629d@group-D9979C9DB735-FollowerState
2024-04-26 07:46:31,774 [e280b344-1e71-401e-97a7-3c6530ca629d-impl-thread2] INFO  impl.StateMachineUpdater (StateMachineUpdater.java:stopAndJoin(157)) - e280b344-1e71-401e-97a7-3c6530ca629d@group-D9979C9DB735-StateMachineUpdater: set stopIndex = 0
2024-04-26 07:46:31,774 [e280b344-1e71-401e-97a7-3c6530ca629d@group-D9979C9DB735-StateMachineUpdater] INFO  ratis.ContainerStateMachine (ContainerStateMachine.java:takeSnapshot(355)) - group-D9979C9DB735: Taking a snapshot at:(t:1, i:0) file /home/runner/work/ozone/ozone/hadoop-ozone/integration-test/target/test-dir/MiniOzoneClusterImpl-864451be-9a12-4508-8431-6d052999593c/ozone-meta/datanode-7/ratis/473f2448-1472-487b-b9ad-d9979c9db735/sm/snapshot.1_0
2024-04-26 07:46:31,775 [e280b344-1e71-401e-97a7-3c6530ca629d@group-D9979C9DB735-FollowerState] INFO  impl.FollowerState (FollowerState.java:run(152)) - e280b344-1e71-401e-97a7-3c6530ca629d@group-D9979C9DB735-FollowerState was interrupted
2024-04-26 07:46:31,775 [Thread-7355] INFO  server.GrpcServerProtocolClient (GrpcServerProtocolClient.java:close(103)) - 26ca528a-fda8-41f2-a9ad-48918f1fba9d Close channels
2024-04-26 07:46:31,775 [Thread-7357] INFO  server.GrpcServerProtocolClient (GrpcServerProtocolClient.java:close(103)) - f89e5511-6660-4723-b6db-0a37c1615f1a Close channels
2024-04-26 07:46:31,775 [ForkJoinPool.commonPool-worker-4] INFO  server.GrpcService (GrpcService.java:closeImpl(320)) - e280b344-1e71-401e-97a7-3c6530ca629d: shutdown server org.apache.ratis.grpc.server.GrpcClientProtocolService successfully
2024-04-26 07:46:31,775 [ForkJoinPool.commonPool-worker-4] INFO  server.GrpcService (GrpcService.java:closeImpl(311)) - e280b344-1e71-401e-97a7-3c6530ca629d: shutdown server GrpcServerProtocolService now
2024-04-26 07:46:31,776 [grpc-default-executor-1] WARN  server.GrpcServerProtocolService (LogUtils.java:warn(121)) - e280b344-1e71-401e-97a7-3c6530ca629d: APPEND_ENTRIES onError, lastRequest: null: org.apache.ratis.thirdparty.io.grpc.StatusRuntimeException: CANCELLED: client cancelled
2024-04-26 07:46:31,776 [ForkJoinPool.commonPool-worker-4] INFO  server.GrpcService (GrpcService.java:closeImpl(320)) - e280b344-1e71-401e-97a7-3c6530ca629d: shutdown server GrpcServerProtocolService successfully
2024-04-26 07:46:31,776 [ForkJoinPool.commonPool-worker-4] INFO  server.GrpcService (GrpcService.java:closeImpl(311)) - e280b344-1e71-401e-97a7-3c6530ca629d: shutdown server org.apache.ratis.grpc.server.GrpcAdminProtocolService now
2024-04-26 07:46:31,777 [grpc-default-executor-3] WARN  server.GrpcServerProtocolService (LogUtils.java:warn(121)) - e280b344-1e71-401e-97a7-3c6530ca629d: APPEND_ENTRIES onError, lastRequest: 26ca528a-fda8-41f2-a9ad-48918f1fba9d->e280b344-1e71-401e-97a7-3c6530ca629d#1-t1,previous=(t:0, i:0),leaderCommit=-1,initializing? false,entries: size=1, first=(t:1, i:0), CONFIGURATIONENTRY(current:id: "26ca528a-fda8-41f2-a9ad-48918f1fba9d"
address: "127.0.0.1:15531"
priority: 1
dataStreamAddress: "127.0.0.1:15532"
clientAddress: "127.0.0.1:15529"
adminAddress: "127.0.0.1:15530"
startupRole: FOLLOWER
,id: "e280b344-1e71-401e-97a7-3c6530ca629d"
address: "127.0.0.1:15513"
dataStreamAddress: "127.0.0.1:15514"
clientAddress: "127.0.0.1:15511"
adminAddress: "127.0.0.1:15512"
startupRole: FOLLOWER
,id: "f89e5511-6660-4723-b6db-0a37c1615f1a"
address: "127.0.0.1:15522"
dataStreamAddress: "127.0.0.1:15523"
clientAddress: "127.0.0.1:15520"
adminAddress: "127.0.0.1:15521"
startupRole: FOLLOWER
, old:): org.apache.ratis.thirdparty.io.grpc.StatusRuntimeException: CANCELLED: client cancelled
2024-04-26 07:46:31,777 [grpc-default-executor-1] WARN  server.GrpcLogAppender (LogUtils.java:warn(121)) - 26ca528a-fda8-41f2-a9ad-48918f1fba9d@group-D9979C9DB735->e280b344-1e71-401e-97a7-3c6530ca629d-AppendLogResponseHandler: Failed appendEntries: org.apache.ratis.thirdparty.io.grpc.StatusRuntimeException: CANCELLED: RST_STREAM closed stream. HTTP/2 error code: CANCEL
2024-04-26 07:46:31,777 [grpc-default-executor-1] WARN  server.GrpcLogAppender (GrpcLogAppender.java:lambda$resetClient$1(217)) - 26ca528a-fda8-41f2-a9ad-48918f1fba9d@group-D9979C9DB735->e280b344-1e71-401e-97a7-3c6530ca629d-GrpcLogAppender: Follower failed (request=null, errorCount=1); keep nextIndex (1) unchanged and retry.
2024-04-26 07:46:31,777 [e280b344-1e71-401e-97a7-3c6530ca629d@group-D9979C9DB735-StateMachineUpdater] INFO  ratis.ContainerStateMachine (ContainerStateMachine.java:takeSnapshot(366)) - group-D9979C9DB735: Finished taking a snapshot at:(t:1, i:0) file:/home/runner/work/ozone/ozone/hadoop-ozone/integration-test/target/test-dir/MiniOzoneClusterImpl-864451be-9a12-4508-8431-6d052999593c/ozone-meta/datanode-7/ratis/473f2448-1472-487b-b9ad-d9979c9db735/sm/snapshot.1_0 took: 2 ms
2024-04-26 07:46:31,777 [e280b344-1e71-401e-97a7-3c6530ca629d@group-D9979C9DB735-StateMachineUpdater] INFO  impl.StateMachineUpdater (StateMachineUpdater.java:takeSnapshot(295)) - e280b344-1e71-401e-97a7-3c6530ca629d@group-D9979C9DB735-StateMachineUpdater: Took a snapshot at index 0
2024-04-26 07:46:31,777 [e280b344-1e71-401e-97a7-3c6530ca629d@group-D9979C9DB735-StateMachineUpdater] INFO  impl.StateMachineUpdater (StateMachineUpdater.java:lambda$new$0(98)) - e280b344-1e71-401e-97a7-3c6530ca629d@group-D9979C9DB735-StateMachineUpdater: snapshotIndex: updateIncreasingly -1 -> 0
2024-04-26 07:46:31,778 [ForkJoinPool.commonPool-worker-4] INFO  server.GrpcService (GrpcService.java:closeImpl(320)) - e280b344-1e71-401e-97a7-3c6530ca629d: shutdown server org.apache.ratis.grpc.server.GrpcAdminProtocolService successfully
2024-04-26 07:46:31,778 [e280b344-1e71-401e-97a7-3c6530ca629d@group-F2E5719B3B13-StateMachineUpdater] INFO  ratis.ContainerStateMachine (ContainerStateMachine.java:takeSnapshot(366)) - group-F2E5719B3B13: Finished taking a snapshot at:(t:1, i:0) file:/home/runner/work/ozone/ozone/hadoop-ozone/integration-test/target/test-dir/MiniOzoneClusterImpl-864451be-9a12-4508-8431-6d052999593c/ozone-meta/datanode-7/ratis/04b858ca-6dfa-4a59-b958-f2e5719b3b13/sm/snapshot.1_0 took: 4 ms
2024-04-26 07:46:31,778 [e280b344-1e71-401e-97a7-3c6530ca629d@group-F2E5719B3B13-StateMachineUpdater] INFO  impl.StateMachineUpdater (StateMachineUpdater.java:takeSnapshot(295)) - e280b344-1e71-401e-97a7-3c6530ca629d@group-F2E5719B3B13-StateMachineUpdater: Took a snapshot at index 0
2024-04-26 07:46:31,778 [e280b344-1e71-401e-97a7-3c6530ca629d@group-F2E5719B3B13-StateMachineUpdater] INFO  impl.StateMachineUpdater (StateMachineUpdater.java:lambda$new$0(98)) - e280b344-1e71-401e-97a7-3c6530ca629d@group-F2E5719B3B13-StateMachineUpdater: snapshotIndex: updateIncreasingly -1 -> 0
2024-04-26 07:46:31,778 [e280b344-1e71-401e-97a7-3c6530ca629d-impl-thread1] INFO  server.RaftServer$Division (ServerState.java:close(427)) - e280b344-1e71-401e-97a7-3c6530ca629d@group-F2E5719B3B13: applyIndex: 0
2024-04-26 07:46:31,778 [e280b344-1e71-401e-97a7-3c6530ca629d@group-F2E5719B3B13-cacheEviction-AwaitToRun] INFO  util.AwaitToRun (AwaitToRun.java:run(49)) - e280b344-1e71-401e-97a7-3c6530ca629d@group-F2E5719B3B13-cacheEviction-AwaitToRun-AwaitForSignal is interrupted
2024-04-26 07:46:31,781 [e280b344-1e71-401e-97a7-3c6530ca629d-NettyServerStreamRpc-bossGroup--thread1] INFO  logging.LoggingHandler (AbstractInternalLogger.java:log(148)) - [id: 0x34758905, L:/0.0.0.0:15514] CLOSE
2024-04-26 07:46:31,781 [e280b344-1e71-401e-97a7-3c6530ca629d-NettyServerStreamRpc-bossGroup--thread1] INFO  logging.LoggingHandler (AbstractInternalLogger.java:log(148)) - [id: 0x34758905, L:/0.0.0.0:15514] INACTIVE
2024-04-26 07:46:31,781 [e280b344-1e71-401e-97a7-3c6530ca629d-NettyServerStreamRpc-bossGroup--thread1] INFO  logging.LoggingHandler (AbstractInternalLogger.java:log(148)) - [id: 0x34758905, L:/0.0.0.0:15514] UNREGISTERED
2024-04-26 07:46:31,784 [e280b344-1e71-401e-97a7-3c6530ca629d-impl-thread2] INFO  server.RaftServer$Division (ServerState.java:close(427)) - e280b344-1e71-401e-97a7-3c6530ca629d@group-D9979C9DB735: applyIndex: 0
2024-04-26 07:46:31,784 [e280b344-1e71-401e-97a7-3c6530ca629d@group-D9979C9DB735-cacheEviction-AwaitToRun] INFO  util.AwaitToRun (AwaitToRun.java:run(49)) - e280b344-1e71-401e-97a7-3c6530ca629d@group-D9979C9DB735-cacheEviction-AwaitToRun-AwaitForSignal is interrupted
2024-04-26 07:46:31,847 [e280b344-1e71-401e-97a7-3c6530ca629d-impl-thread1] INFO  segmented.SegmentedRaftLogWorker (SegmentedRaftLogWorker.java:close(245)) - e280b344-1e71-401e-97a7-3c6530ca629d@group-F2E5719B3B13-SegmentedRaftLogWorker close()
2024-04-26 07:46:31,881 [ForkJoinPool.commonPool-worker-2] INFO  utils.DatanodeStoreCache (DatanodeStoreCache.java:shutdownCache(116)) - Skip clearing cache in mini cluster mode. Entries left: [/home/runner/work/ozone/ozone/hadoop-ozone/integration-test/target/test-dir/MiniOzoneClusterImpl-864451be-9a12-4508-8431-6d052999593c/ozone-meta/datanode-4/data-0/hdds/864451be-9a12-4508-8431-6d052999593c/DS-1930c44f-e393-4a6d-a029-d277dfd0fe87/container.db, /home/runner/work/ozone/ozone/hadoop-ozone/integration-test/target/test-dir/MiniOzoneClusterImpl-864451be-9a12-4508-8431-6d052999593c/ozone-meta/datanode-5/data-0/hdds/864451be-9a12-4508-8431-6d052999593c/DS-7a5cda3d-23c1-479a-8072-1fd6790700ab/container.db, /home/runner/work/ozone/ozone/hadoop-ozone/integration-test/target/test-dir/MiniOzoneClusterImpl-864451be-9a12-4508-8431-6d052999593c/ozone-meta/datanode-6/data-0/hdds/864451be-9a12-4508-8431-6d052999593c/DS-e75b51d9-728f-4065-8dc7-ecbd31ca660e/container.db, /home/runner/work/ozone/ozone/hadoop-ozone/integration-test/target/test-dir/MiniOzoneClusterImpl-864451be-9a12-4508-8431-6d052999593c/ozone-meta/datanode-7/data-0/hdds/864451be-9a12-4508-8431-6d052999593c/DS-e2869e37-71c1-45d5-a186-7149712ed3e6/container.db, /home/runner/work/ozone/ozone/hadoop-ozone/integration-test/target/test-dir/MiniOzoneClusterImpl-864451be-9a12-4508-8431-6d052999593c/ozone-meta/datanode-8/data-0/hdds/864451be-9a12-4508-8431-6d052999593c/DS-f6f6083a-c798-469f-ac7b-f89d866e9775/container.db, /home/runner/work/ozone/ozone/hadoop-ozone/integration-test/target/test-dir/MiniOzoneClusterImpl-864451be-9a12-4508-8431-6d052999593c/ozone-meta/datanode-9/data-0/hdds/864451be-9a12-4508-8431-6d052999593c/DS-d86ddbc2-f1ff-4fa6-9e67-c5d034a5e9eb/container.db]
2024-04-26 07:46:31,882 [ForkJoinPool.commonPool-worker-2] INFO  utils.DatanodeStoreCache (DatanodeStoreCache.java:removeDB(110)) - Removed db /home/runner/work/ozone/ozone/hadoop-ozone/integration-test/target/test-dir/MiniOzoneClusterImpl-864451be-9a12-4508-8431-6d052999593c/ozone-meta/datanode-4/data-0/hdds/864451be-9a12-4508-8431-6d052999593c/DS-1930c44f-e393-4a6d-a029-d277dfd0fe87/container.db from cache
2024-04-26 07:46:31,882 [ForkJoinPool.commonPool-worker-2] INFO  volume.HddsVolume (HddsVolume.java:closeDbStore(470)) - SchemaV3 db is stopped at /home/runner/work/ozone/ozone/hadoop-ozone/integration-test/target/test-dir/MiniOzoneClusterImpl-864451be-9a12-4508-8431-6d052999593c/ozone-meta/datanode-4/data-0/hdds/864451be-9a12-4508-8431-6d052999593c/DS-1930c44f-e393-4a6d-a029-d277dfd0fe87/container.db for volume DS-1930c44f-e393-4a6d-a029-d277dfd0fe87
2024-04-26 07:46:31,882 [ForkJoinPool.commonPool-worker-2] INFO  utils.BackgroundService (BackgroundService.java:shutdown(160)) - Shutting down service BlockDeletingService
2024-04-26 07:46:31,882 [ForkJoinPool.commonPool-worker-2] INFO  utils.BackgroundService (BackgroundService.java:shutdown(160)) - Shutting down service StaleRecoveringContainerScrubbingService
2024-04-26 07:46:31,882 [ForkJoinPool.commonPool-worker-2] INFO  statemachine.DatanodeStateMachine (DatanodeStateMachine.java:stopDaemon(638)) - Ozone container server stopped.
2024-04-26 07:46:31,883 [ForkJoinPool.commonPool-worker-2] INFO  handler.ContextHandler (ContextHandler.java:doStop(1159)) - Stopped o.e.j.w.WebAppContext@3825eb27{hddsDatanode,/,null,STOPPED}{file:/home/runner/work/ozone/ozone/hadoop-hdds/container-service/target/classes/webapps/hddsDatanode}
2024-04-26 07:46:31,883 [ForkJoinPool.commonPool-worker-2] INFO  server.AbstractConnector (AbstractConnector.java:doStop(383)) - Stopped ServerConnector@61642225{HTTP/1.1, (http/1.1)}{0.0.0.0:15481}
2024-04-26 07:46:31,883 [ForkJoinPool.commonPool-worker-2] INFO  server.session (HouseKeeper.java:stopScavenging(149)) - node0 Stopped scavenging
2024-04-26 07:46:31,883 [ForkJoinPool.commonPool-worker-2] INFO  handler.ContextHandler (ContextHandler.java:doStop(1159)) - Stopped o.e.j.s.ServletContextHandler@1914bfa1{static,/static,file:///home/runner/work/ozone/ozone/hadoop-hdds/container-service/target/classes/webapps/static,STOPPED}
2024-04-26 07:46:31,883 [ForkJoinPool.commonPool-worker-2] INFO  handler.ContextHandler (ContextHandler.java:doStop(1159)) - Stopped o.e.j.s.ServletContextHandler@6dd835de{logs,/logs,file:///home/runner/work/ozone/ozone/hadoop-ozone/integration-test/target/log,STOPPED}
2024-04-26 07:46:31,884 [ForkJoinPool.commonPool-worker-2] INFO  ozone.HddsDatanodeClientProtocolServer (HddsDatanodeClientProtocolServer.java:stop(83)) - Stopping the RPC server for Client Protocol
2024-04-26 07:46:31,884 [ForkJoinPool.commonPool-worker-2] INFO  ipc.Server (Server.java:stop(3523)) - Stopping server on 15482
2024-04-26 07:46:31,884 [IPC Server Responder] INFO  ipc.Server (Server.java:run(1567)) - Stopping IPC Server Responder
2024-04-26 07:46:31,884 [IPC Server listener on 15482] INFO  ipc.Server (Server.java:run(1434)) - Stopping IPC Server listener on 15482
2024-04-26 07:46:31,886 [ForkJoinPool.commonPool-worker-2] INFO  ozoneimpl.OzoneContainer (OzoneContainer.java:stop(481)) - Attempting to stop container services.
2024-04-26 07:46:31,886 [ContainerMetadataScanner] WARN  ozoneimpl.AbstractBackgroundContainerScanner (AbstractBackgroundContainerScanner.java:handleRemainingSleep(134)) - Background container scan was interrupted.
2024-04-26 07:46:31,886 [ContainerMetadataScanner] INFO  ozoneimpl.AbstractBackgroundContainerScanner (AbstractBackgroundContainerScanner.java:run(61)) - Thread[ContainerMetadataScanner,5,main] exiting.
2024-04-26 07:46:31,886 [ForkJoinPool.commonPool-worker-2] INFO  ozoneimpl.BackgroundContainerDataScanner (BackgroundContainerDataScanner.java:shutdown(141)) - ContainerDataScanner(/home/runner/work/ozone/ozone/hadoop-ozone/integration-test/target/test-dir/MiniOzoneClusterImpl-864451be-9a12-4508-8431-6d052999593c/ozone-meta/datanode-9/data-0/hdds) is shutting down. 
2024-04-26 07:46:31,886 [ContainerDataScanner(/home/runner/work/ozone/ozone/hadoop-ozone/integration-test/target/test-dir/MiniOzoneClusterImpl-864451be-9a12-4508-8431-6d052999593c/ozone-meta/datanode-9/data-0/hdds)] WARN  ozoneimpl.AbstractBackgroundContainerScanner (AbstractBackgroundContainerScanner.java:handleRemainingSleep(134)) - Background container scan was interrupted.
2024-04-26 07:46:31,886 [ContainerDataScanner(/home/runner/work/ozone/ozone/hadoop-ozone/integration-test/target/test-dir/MiniOzoneClusterImpl-864451be-9a12-4508-8431-6d052999593c/ozone-meta/datanode-9/data-0/hdds)] INFO  ozoneimpl.AbstractBackgroundContainerScanner (AbstractBackgroundContainerScanner.java:run(61)) - ContainerDataScanner(/home/runner/work/ozone/ozone/hadoop-ozone/integration-test/target/test-dir/MiniOzoneClusterImpl-864451be-9a12-4508-8431-6d052999593c/ozone-meta/datanode-9/data-0/hdds, DS-d86ddbc2-f1ff-4fa6-9e67-c5d034a5e9eb) exiting.
2024-04-26 07:46:31,886 [ForkJoinPool.commonPool-worker-2] INFO  server.RaftServer (RaftServerProxy.java:lambda$close$9(416)) - 26ca528a-fda8-41f2-a9ad-48918f1fba9d: close
2024-04-26 07:46:31,886 [26ca528a-fda8-41f2-a9ad-48918f1fba9d-impl-thread1] INFO  server.RaftServer$Division (RaftServerImpl.java:lambda$close$3(526)) - 26ca528a-fda8-41f2-a9ad-48918f1fba9d@group-EE69A00EA69F: shutdown
2024-04-26 07:46:31,886 [26ca528a-fda8-41f2-a9ad-48918f1fba9d-impl-thread1] INFO  util.JmxRegister (JmxRegister.java:unregister(73)) - Successfully un-registered JMX Bean with object name Ratis:service=RaftServer,group=group-EE69A00EA69F,id=26ca528a-fda8-41f2-a9ad-48918f1fba9d
2024-04-26 07:46:31,886 [26ca528a-fda8-41f2-a9ad-48918f1fba9d-impl-thread1] INFO  impl.RoleInfo (RoleInfo.java:shutdownLeaderState(94)) - 26ca528a-fda8-41f2-a9ad-48918f1fba9d: shutdown 26ca528a-fda8-41f2-a9ad-48918f1fba9d@group-EE69A00EA69F-LeaderStateImpl
2024-04-26 07:46:31,886 [ForkJoinPool.commonPool-worker-2] INFO  server.GrpcService (GrpcService.java:closeImpl(311)) - 26ca528a-fda8-41f2-a9ad-48918f1fba9d: shutdown server org.apache.ratis.grpc.server.GrpcClientProtocolService now
2024-04-26 07:46:31,887 [26ca528a-fda8-41f2-a9ad-48918f1fba9d-impl-thread1] INFO  impl.PendingRequests (PendingRequests.java:sendNotLeaderResponses(289)) - 26ca528a-fda8-41f2-a9ad-48918f1fba9d@group-EE69A00EA69F-PendingRequests: sendNotLeaderResponses
2024-04-26 07:46:31,886 [26ca528a-fda8-41f2-a9ad-48918f1fba9d-impl-thread2] INFO  server.RaftServer$Division (RaftServerImpl.java:lambda$close$3(526)) - 26ca528a-fda8-41f2-a9ad-48918f1fba9d@group-D9979C9DB735: shutdown
2024-04-26 07:46:31,887 [26ca528a-fda8-41f2-a9ad-48918f1fba9d-impl-thread2] INFO  util.JmxRegister (JmxRegister.java:unregister(73)) - Successfully un-registered JMX Bean with object name Ratis:service=RaftServer,group=group-D9979C9DB735,id=26ca528a-fda8-41f2-a9ad-48918f1fba9d
2024-04-26 07:46:31,887 [26ca528a-fda8-41f2-a9ad-48918f1fba9d-impl-thread2] INFO  impl.RoleInfo (RoleInfo.java:shutdownLeaderState(94)) - 26ca528a-fda8-41f2-a9ad-48918f1fba9d: shutdown 26ca528a-fda8-41f2-a9ad-48918f1fba9d@group-D9979C9DB735-LeaderStateImpl
2024-04-26 07:46:31,887 [26ca528a-fda8-41f2-a9ad-48918f1fba9d@group-D9979C9DB735->f89e5511-6660-4723-b6db-0a37c1615f1a-GrpcLogAppender-LogAppenderDaemon] WARN  server.GrpcLogAppender (GrpcLogAppender.java:mayWait(289)) - 26ca528a-fda8-41f2-a9ad-48918f1fba9d@group-D9979C9DB735->f89e5511-6660-4723-b6db-0a37c1615f1a-GrpcLogAppender: Wait interrupted by java.lang.InterruptedException
2024-04-26 07:46:31,887 [26ca528a-fda8-41f2-a9ad-48918f1fba9d@group-D9979C9DB735->e280b344-1e71-401e-97a7-3c6530ca629d-GrpcLogAppender-LogAppenderDaemon] WARN  server.GrpcLogAppender (GrpcLogAppender.java:mayWait(289)) - 26ca528a-fda8-41f2-a9ad-48918f1fba9d@group-D9979C9DB735->e280b344-1e71-401e-97a7-3c6530ca629d-GrpcLogAppender: Wait interrupted by java.lang.InterruptedException
2024-04-26 07:46:31,887 [26ca528a-fda8-41f2-a9ad-48918f1fba9d-impl-thread2] INFO  impl.PendingRequests (PendingRequests.java:sendNotLeaderResponses(289)) - 26ca528a-fda8-41f2-a9ad-48918f1fba9d@group-D9979C9DB735-PendingRequests: sendNotLeaderResponses
2024-04-26 07:46:31,887 [Thread-7401] INFO  server.GrpcServerProtocolClient (GrpcServerProtocolClient.java:close(103)) - e280b344-1e71-401e-97a7-3c6530ca629d Close channels
2024-04-26 07:46:31,887 [26ca528a-fda8-41f2-a9ad-48918f1fba9d-impl-thread1] INFO  impl.StateMachineUpdater (StateMachineUpdater.java:stopAndJoin(157)) - 26ca528a-fda8-41f2-a9ad-48918f1fba9d@group-EE69A00EA69F-StateMachineUpdater: set stopIndex = 0
2024-04-26 07:46:31,887 [26ca528a-fda8-41f2-a9ad-48918f1fba9d@group-EE69A00EA69F-StateMachineUpdater] INFO  ratis.ContainerStateMachine (ContainerStateMachine.java:takeSnapshot(355)) - group-EE69A00EA69F: Taking a snapshot at:(t:1, i:0) file /home/runner/work/ozone/ozone/hadoop-ozone/integration-test/target/test-dir/MiniOzoneClusterImpl-864451be-9a12-4508-8431-6d052999593c/ozone-meta/datanode-9/ratis/ddb012f6-b82c-4030-a65a-ee69a00ea69f/sm/snapshot.1_0
2024-04-26 07:46:31,888 [Thread-7402] INFO  server.GrpcServerProtocolClient (GrpcServerProtocolClient.java:close(103)) - f89e5511-6660-4723-b6db-0a37c1615f1a Close channels
2024-04-26 07:46:31,888 [ForkJoinPool.commonPool-worker-2] INFO  server.GrpcService (GrpcService.java:closeImpl(320)) - 26ca528a-fda8-41f2-a9ad-48918f1fba9d: shutdown server org.apache.ratis.grpc.server.GrpcClientProtocolService successfully
2024-04-26 07:46:31,888 [ForkJoinPool.commonPool-worker-2] INFO  server.GrpcService (GrpcService.java:closeImpl(311)) - 26ca528a-fda8-41f2-a9ad-48918f1fba9d: shutdown server GrpcServerProtocolService now
2024-04-26 07:46:31,888 [26ca528a-fda8-41f2-a9ad-48918f1fba9d@group-EE69A00EA69F-StateMachineUpdater] INFO  ratis.ContainerStateMachine (ContainerStateMachine.java:takeSnapshot(366)) - group-EE69A00EA69F: Finished taking a snapshot at:(t:1, i:0) file:/home/runner/work/ozone/ozone/hadoop-ozone/integration-test/target/test-dir/MiniOzoneClusterImpl-864451be-9a12-4508-8431-6d052999593c/ozone-meta/datanode-9/ratis/ddb012f6-b82c-4030-a65a-ee69a00ea69f/sm/snapshot.1_0 took: 1 ms
2024-04-26 07:46:31,888 [26ca528a-fda8-41f2-a9ad-48918f1fba9d@group-EE69A00EA69F-StateMachineUpdater] INFO  impl.StateMachineUpdater (StateMachineUpdater.java:takeSnapshot(295)) - 26ca528a-fda8-41f2-a9ad-48918f1fba9d@group-EE69A00EA69F-StateMachineUpdater: Took a snapshot at index 0
2024-04-26 07:46:31,888 [26ca528a-fda8-41f2-a9ad-48918f1fba9d@group-EE69A00EA69F-StateMachineUpdater] INFO  impl.StateMachineUpdater (StateMachineUpdater.java:lambda$new$0(98)) - 26ca528a-fda8-41f2-a9ad-48918f1fba9d@group-EE69A00EA69F-StateMachineUpdater: snapshotIndex: updateIncreasingly -1 -> 0
2024-04-26 07:46:31,888 [26ca528a-fda8-41f2-a9ad-48918f1fba9d-impl-thread1] INFO  server.RaftServer$Division (ServerState.java:close(427)) - 26ca528a-fda8-41f2-a9ad-48918f1fba9d@group-EE69A00EA69F: applyIndex: 0
2024-04-26 07:46:31,888 [26ca528a-fda8-41f2-a9ad-48918f1fba9d@group-EE69A00EA69F-cacheEviction-AwaitToRun] INFO  util.AwaitToRun (AwaitToRun.java:run(49)) - 26ca528a-fda8-41f2-a9ad-48918f1fba9d@group-EE69A00EA69F-cacheEviction-AwaitToRun-AwaitForSignal is interrupted
2024-04-26 07:46:31,889 [ForkJoinPool.commonPool-worker-2] INFO  server.GrpcService (GrpcService.java:closeImpl(320)) - 26ca528a-fda8-41f2-a9ad-48918f1fba9d: shutdown server GrpcServerProtocolService successfully
2024-04-26 07:46:31,889 [ForkJoinPool.commonPool-worker-2] INFO  server.GrpcService (GrpcService.java:closeImpl(311)) - 26ca528a-fda8-41f2-a9ad-48918f1fba9d: shutdown server org.apache.ratis.grpc.server.GrpcAdminProtocolService now
2024-04-26 07:46:31,889 [26ca528a-fda8-41f2-a9ad-48918f1fba9d-impl-thread2] INFO  impl.StateMachineUpdater (StateMachineUpdater.java:stopAndJoin(157)) - 26ca528a-fda8-41f2-a9ad-48918f1fba9d@group-D9979C9DB735-StateMachineUpdater: set stopIndex = 0
2024-04-26 07:46:31,889 [26ca528a-fda8-41f2-a9ad-48918f1fba9d@group-D9979C9DB735-StateMachineUpdater] INFO  ratis.ContainerStateMachine (ContainerStateMachine.java:takeSnapshot(355)) - group-D9979C9DB735: Taking a snapshot at:(t:1, i:0) file /home/runner/work/ozone/ozone/hadoop-ozone/integration-test/target/test-dir/MiniOzoneClusterImpl-864451be-9a12-4508-8431-6d052999593c/ozone-meta/datanode-9/ratis/473f2448-1472-487b-b9ad-d9979c9db735/sm/snapshot.1_0
2024-04-26 07:46:31,889 [ForkJoinPool.commonPool-worker-2] INFO  server.GrpcService (GrpcService.java:closeImpl(320)) - 26ca528a-fda8-41f2-a9ad-48918f1fba9d: shutdown server org.apache.ratis.grpc.server.GrpcAdminProtocolService successfully
2024-04-26 07:46:31,889 [26ca528a-fda8-41f2-a9ad-48918f1fba9d@group-D9979C9DB735-StateMachineUpdater] INFO  ratis.ContainerStateMachine (ContainerStateMachine.java:takeSnapshot(366)) - group-D9979C9DB735: Finished taking a snapshot at:(t:1, i:0) file:/home/runner/work/ozone/ozone/hadoop-ozone/integration-test/target/test-dir/MiniOzoneClusterImpl-864451be-9a12-4508-8431-6d052999593c/ozone-meta/datanode-9/ratis/473f2448-1472-487b-b9ad-d9979c9db735/sm/snapshot.1_0 took: 1 ms
2024-04-26 07:46:31,890 [26ca528a-fda8-41f2-a9ad-48918f1fba9d@group-D9979C9DB735-StateMachineUpdater] INFO  impl.StateMachineUpdater (StateMachineUpdater.java:takeSnapshot(295)) - 26ca528a-fda8-41f2-a9ad-48918f1fba9d@group-D9979C9DB735-StateMachineUpdater: Took a snapshot at index 0
2024-04-26 07:46:31,890 [26ca528a-fda8-41f2-a9ad-48918f1fba9d@group-D9979C9DB735-StateMachineUpdater] INFO  impl.StateMachineUpdater (StateMachineUpdater.java:lambda$new$0(98)) - 26ca528a-fda8-41f2-a9ad-48918f1fba9d@group-D9979C9DB735-StateMachineUpdater: snapshotIndex: updateIncreasingly -1 -> 0
2024-04-26 07:46:31,890 [26ca528a-fda8-41f2-a9ad-48918f1fba9d-impl-thread2] INFO  server.RaftServer$Division (ServerState.java:close(427)) - 26ca528a-fda8-41f2-a9ad-48918f1fba9d@group-D9979C9DB735: applyIndex: 0
2024-04-26 07:46:31,890 [26ca528a-fda8-41f2-a9ad-48918f1fba9d@group-D9979C9DB735-cacheEviction-AwaitToRun] INFO  util.AwaitToRun (AwaitToRun.java:run(49)) - 26ca528a-fda8-41f2-a9ad-48918f1fba9d@group-D9979C9DB735-cacheEviction-AwaitToRun-AwaitForSignal is interrupted
2024-04-26 07:46:31,892 [26ca528a-fda8-41f2-a9ad-48918f1fba9d-NettyServerStreamRpc-bossGroup--thread1] INFO  logging.LoggingHandler (AbstractInternalLogger.java:log(148)) - [id: 0x90b724c6, L:/0.0.0.0:15532] CLOSE
2024-04-26 07:46:31,892 [26ca528a-fda8-41f2-a9ad-48918f1fba9d-NettyServerStreamRpc-bossGroup--thread1] INFO  logging.LoggingHandler (AbstractInternalLogger.java:log(148)) - [id: 0x90b724c6, L:/0.0.0.0:15532] INACTIVE
2024-04-26 07:46:31,892 [26ca528a-fda8-41f2-a9ad-48918f1fba9d-NettyServerStreamRpc-bossGroup--thread1] INFO  logging.LoggingHandler (AbstractInternalLogger.java:log(148)) - [id: 0x90b724c6, L:/0.0.0.0:15532] UNREGISTERED
2024-04-26 07:46:31,917 [ForkJoinPool.commonPool-worker-1] INFO  utils.DatanodeStoreCache (DatanodeStoreCache.java:shutdownCache(116)) - Skip clearing cache in mini cluster mode. Entries left: [/home/runner/work/ozone/ozone/hadoop-ozone/integration-test/target/test-dir/MiniOzoneClusterImpl-864451be-9a12-4508-8431-6d052999593c/ozone-meta/datanode-5/data-0/hdds/864451be-9a12-4508-8431-6d052999593c/DS-7a5cda3d-23c1-479a-8072-1fd6790700ab/container.db, /home/runner/work/ozone/ozone/hadoop-ozone/integration-test/target/test-dir/MiniOzoneClusterImpl-864451be-9a12-4508-8431-6d052999593c/ozone-meta/datanode-6/data-0/hdds/864451be-9a12-4508-8431-6d052999593c/DS-e75b51d9-728f-4065-8dc7-ecbd31ca660e/container.db, /home/runner/work/ozone/ozone/hadoop-ozone/integration-test/target/test-dir/MiniOzoneClusterImpl-864451be-9a12-4508-8431-6d052999593c/ozone-meta/datanode-7/data-0/hdds/864451be-9a12-4508-8431-6d052999593c/DS-e2869e37-71c1-45d5-a186-7149712ed3e6/container.db, /home/runner/work/ozone/ozone/hadoop-ozone/integration-test/target/test-dir/MiniOzoneClusterImpl-864451be-9a12-4508-8431-6d052999593c/ozone-meta/datanode-8/data-0/hdds/864451be-9a12-4508-8431-6d052999593c/DS-f6f6083a-c798-469f-ac7b-f89d866e9775/container.db, /home/runner/work/ozone/ozone/hadoop-ozone/integration-test/target/test-dir/MiniOzoneClusterImpl-864451be-9a12-4508-8431-6d052999593c/ozone-meta/datanode-9/data-0/hdds/864451be-9a12-4508-8431-6d052999593c/DS-d86ddbc2-f1ff-4fa6-9e67-c5d034a5e9eb/container.db]
2024-04-26 07:46:31,917 [ForkJoinPool.commonPool-worker-3] INFO  utils.DatanodeStoreCache (DatanodeStoreCache.java:shutdownCache(116)) - Skip clearing cache in mini cluster mode. Entries left: [/home/runner/work/ozone/ozone/hadoop-ozone/integration-test/target/test-dir/MiniOzoneClusterImpl-864451be-9a12-4508-8431-6d052999593c/ozone-meta/datanode-5/data-0/hdds/864451be-9a12-4508-8431-6d052999593c/DS-7a5cda3d-23c1-479a-8072-1fd6790700ab/container.db, /home/runner/work/ozone/ozone/hadoop-ozone/integration-test/target/test-dir/MiniOzoneClusterImpl-864451be-9a12-4508-8431-6d052999593c/ozone-meta/datanode-6/data-0/hdds/864451be-9a12-4508-8431-6d052999593c/DS-e75b51d9-728f-4065-8dc7-ecbd31ca660e/container.db, /home/runner/work/ozone/ozone/hadoop-ozone/integration-test/target/test-dir/MiniOzoneClusterImpl-864451be-9a12-4508-8431-6d052999593c/ozone-meta/datanode-7/data-0/hdds/864451be-9a12-4508-8431-6d052999593c/DS-e2869e37-71c1-45d5-a186-7149712ed3e6/container.db, /home/runner/work/ozone/ozone/hadoop-ozone/integration-test/target/test-dir/MiniOzoneClusterImpl-864451be-9a12-4508-8431-6d052999593c/ozone-meta/datanode-9/data-0/hdds/864451be-9a12-4508-8431-6d052999593c/DS-d86ddbc2-f1ff-4fa6-9e67-c5d034a5e9eb/container.db]
2024-04-26 07:46:31,917 [ForkJoinPool.commonPool-worker-1] INFO  utils.DatanodeStoreCache (DatanodeStoreCache.java:removeDB(110)) - Removed db /home/runner/work/ozone/ozone/hadoop-ozone/integration-test/target/test-dir/MiniOzoneClusterImpl-864451be-9a12-4508-8431-6d052999593c/ozone-meta/datanode-8/data-0/hdds/864451be-9a12-4508-8431-6d052999593c/DS-f6f6083a-c798-469f-ac7b-f89d866e9775/container.db from cache
2024-04-26 07:46:31,917 [ForkJoinPool.commonPool-worker-1] INFO  volume.HddsVolume (HddsVolume.java:closeDbStore(470)) - SchemaV3 db is stopped at /home/runner/work/ozone/ozone/hadoop-ozone/integration-test/target/test-dir/MiniOzoneClusterImpl-864451be-9a12-4508-8431-6d052999593c/ozone-meta/datanode-8/data-0/hdds/864451be-9a12-4508-8431-6d052999593c/DS-f6f6083a-c798-469f-ac7b-f89d866e9775/container.db for volume DS-f6f6083a-c798-469f-ac7b-f89d866e9775
2024-04-26 07:46:31,917 [ForkJoinPool.commonPool-worker-1] INFO  utils.BackgroundService (BackgroundService.java:shutdown(160)) - Shutting down service BlockDeletingService
2024-04-26 07:46:31,918 [ForkJoinPool.commonPool-worker-1] INFO  utils.BackgroundService (BackgroundService.java:shutdown(160)) - Shutting down service StaleRecoveringContainerScrubbingService
2024-04-26 07:46:31,918 [ForkJoinPool.commonPool-worker-3] INFO  utils.DatanodeStoreCache (DatanodeStoreCache.java:removeDB(110)) - Removed db /home/runner/work/ozone/ozone/hadoop-ozone/integration-test/target/test-dir/MiniOzoneClusterImpl-864451be-9a12-4508-8431-6d052999593c/ozone-meta/datanode-5/data-0/hdds/864451be-9a12-4508-8431-6d052999593c/DS-7a5cda3d-23c1-479a-8072-1fd6790700ab/container.db from cache
2024-04-26 07:46:31,918 [ForkJoinPool.commonPool-worker-3] INFO  volume.HddsVolume (HddsVolume.java:closeDbStore(470)) - SchemaV3 db is stopped at /home/runner/work/ozone/ozone/hadoop-ozone/integration-test/target/test-dir/MiniOzoneClusterImpl-864451be-9a12-4508-8431-6d052999593c/ozone-meta/datanode-5/data-0/hdds/864451be-9a12-4508-8431-6d052999593c/DS-7a5cda3d-23c1-479a-8072-1fd6790700ab/container.db for volume DS-7a5cda3d-23c1-479a-8072-1fd6790700ab
2024-04-26 07:46:31,918 [ForkJoinPool.commonPool-worker-3] INFO  utils.BackgroundService (BackgroundService.java:shutdown(160)) - Shutting down service BlockDeletingService
2024-04-26 07:46:31,918 [ForkJoinPool.commonPool-worker-3] INFO  utils.BackgroundService (BackgroundService.java:shutdown(160)) - Shutting down service StaleRecoveringContainerScrubbingService
2024-04-26 07:46:31,918 [ForkJoinPool.commonPool-worker-1] INFO  statemachine.DatanodeStateMachine (DatanodeStateMachine.java:stopDaemon(638)) - Ozone container server stopped.
2024-04-26 07:46:31,919 [ForkJoinPool.commonPool-worker-1] INFO  handler.ContextHandler (ContextHandler.java:doStop(1159)) - Stopped o.e.j.w.WebAppContext@26cf641{hddsDatanode,/,null,STOPPED}{file:/home/runner/work/ozone/ozone/hadoop-hdds/container-service/target/classes/webapps/hddsDatanode}
2024-04-26 07:46:31,919 [ForkJoinPool.commonPool-worker-1] INFO  server.AbstractConnector (AbstractConnector.java:doStop(383)) - Stopped ServerConnector@34ef6c16{HTTP/1.1, (http/1.1)}{0.0.0.0:15517}
2024-04-26 07:46:31,919 [ForkJoinPool.commonPool-worker-1] INFO  server.session (HouseKeeper.java:stopScavenging(149)) - node0 Stopped scavenging
2024-04-26 07:46:31,919 [ForkJoinPool.commonPool-worker-1] INFO  handler.ContextHandler (ContextHandler.java:doStop(1159)) - Stopped o.e.j.s.ServletContextHandler@7f5df538{static,/static,file:///home/runner/work/ozone/ozone/hadoop-hdds/container-service/target/classes/webapps/static,STOPPED}
2024-04-26 07:46:31,919 [ForkJoinPool.commonPool-worker-1] INFO  handler.ContextHandler (ContextHandler.java:doStop(1159)) - Stopped o.e.j.s.ServletContextHandler@4036d9cd{logs,/logs,file:///home/runner/work/ozone/ozone/hadoop-ozone/integration-test/target/log,STOPPED}
2024-04-26 07:46:31,920 [ForkJoinPool.commonPool-worker-1] INFO  ozone.HddsDatanodeClientProtocolServer (HddsDatanodeClientProtocolServer.java:stop(83)) - Stopping the RPC server for Client Protocol
2024-04-26 07:46:31,920 [ForkJoinPool.commonPool-worker-1] INFO  ipc.Server (Server.java:stop(3523)) - Stopping server on 15518
2024-04-26 07:46:31,920 [IPC Server Responder] INFO  ipc.Server (Server.java:run(1567)) - Stopping IPC Server Responder
2024-04-26 07:46:31,920 [IPC Server listener on 15518] INFO  ipc.Server (Server.java:run(1434)) - Stopping IPC Server listener on 15518
2024-04-26 07:46:31,921 [ForkJoinPool.commonPool-worker-3] INFO  statemachine.DatanodeStateMachine (DatanodeStateMachine.java:stopDaemon(638)) - Ozone container server stopped.
2024-04-26 07:46:31,921 [ForkJoinPool.commonPool-worker-3] INFO  handler.ContextHandler (ContextHandler.java:doStop(1159)) - Stopped o.e.j.w.WebAppContext@765569a4{hddsDatanode,/,null,STOPPED}{file:/home/runner/work/ozone/ozone/hadoop-hdds/container-service/target/classes/webapps/hddsDatanode}
2024-04-26 07:46:31,922 [ForkJoinPool.commonPool-worker-3] INFO  server.AbstractConnector (AbstractConnector.java:doStop(383)) - Stopped ServerConnector@68a08d18{HTTP/1.1, (http/1.1)}{0.0.0.0:15490}
2024-04-26 07:46:31,922 [ForkJoinPool.commonPool-worker-3] INFO  server.session (HouseKeeper.java:stopScavenging(149)) - node0 Stopped scavenging
2024-04-26 07:46:31,922 [ForkJoinPool.commonPool-worker-3] INFO  handler.ContextHandler (ContextHandler.java:doStop(1159)) - Stopped o.e.j.s.ServletContextHandler@195368e2{static,/static,file:///home/runner/work/ozone/ozone/hadoop-hdds/container-service/target/classes/webapps/static,STOPPED}
2024-04-26 07:46:31,922 [ForkJoinPool.commonPool-worker-3] INFO  handler.ContextHandler (ContextHandler.java:doStop(1159)) - Stopped o.e.j.s.ServletContextHandler@275e7b06{logs,/logs,file:///home/runner/work/ozone/ozone/hadoop-ozone/integration-test/target/log,STOPPED}
2024-04-26 07:46:31,922 [ForkJoinPool.commonPool-worker-3] INFO  ozone.HddsDatanodeClientProtocolServer (HddsDatanodeClientProtocolServer.java:stop(83)) - Stopping the RPC server for Client Protocol
2024-04-26 07:46:31,922 [ForkJoinPool.commonPool-worker-3] INFO  ipc.Server (Server.java:stop(3523)) - Stopping server on 15491
2024-04-26 07:46:31,923 [IPC Server listener on 15491] INFO  ipc.Server (Server.java:run(1434)) - Stopping IPC Server listener on 15491
2024-04-26 07:46:31,923 [IPC Server Responder] INFO  ipc.Server (Server.java:run(1567)) - Stopping IPC Server Responder
2024-04-26 07:46:31,924 [main] INFO  utils.DatanodeStoreCache (DatanodeStoreCache.java:shutdownCache(116)) - Skip clearing cache in mini cluster mode. Entries left: [/home/runner/work/ozone/ozone/hadoop-ozone/integration-test/target/test-dir/MiniOzoneClusterImpl-864451be-9a12-4508-8431-6d052999593c/ozone-meta/datanode-6/data-0/hdds/864451be-9a12-4508-8431-6d052999593c/DS-e75b51d9-728f-4065-8dc7-ecbd31ca660e/container.db, /home/runner/work/ozone/ozone/hadoop-ozone/integration-test/target/test-dir/MiniOzoneClusterImpl-864451be-9a12-4508-8431-6d052999593c/ozone-meta/datanode-7/data-0/hdds/864451be-9a12-4508-8431-6d052999593c/DS-e2869e37-71c1-45d5-a186-7149712ed3e6/container.db, /home/runner/work/ozone/ozone/hadoop-ozone/integration-test/target/test-dir/MiniOzoneClusterImpl-864451be-9a12-4508-8431-6d052999593c/ozone-meta/datanode-9/data-0/hdds/864451be-9a12-4508-8431-6d052999593c/DS-d86ddbc2-f1ff-4fa6-9e67-c5d034a5e9eb/container.db]
2024-04-26 07:46:31,924 [main] INFO  utils.DatanodeStoreCache (DatanodeStoreCache.java:removeDB(110)) - Removed db /home/runner/work/ozone/ozone/hadoop-ozone/integration-test/target/test-dir/MiniOzoneClusterImpl-864451be-9a12-4508-8431-6d052999593c/ozone-meta/datanode-6/data-0/hdds/864451be-9a12-4508-8431-6d052999593c/DS-e75b51d9-728f-4065-8dc7-ecbd31ca660e/container.db from cache
2024-04-26 07:46:31,924 [main] INFO  volume.HddsVolume (HddsVolume.java:closeDbStore(470)) - SchemaV3 db is stopped at /home/runner/work/ozone/ozone/hadoop-ozone/integration-test/target/test-dir/MiniOzoneClusterImpl-864451be-9a12-4508-8431-6d052999593c/ozone-meta/datanode-6/data-0/hdds/864451be-9a12-4508-8431-6d052999593c/DS-e75b51d9-728f-4065-8dc7-ecbd31ca660e/container.db for volume DS-e75b51d9-728f-4065-8dc7-ecbd31ca660e
2024-04-26 07:46:31,925 [main] INFO  utils.BackgroundService (BackgroundService.java:shutdown(160)) - Shutting down service BlockDeletingService
2024-04-26 07:46:31,925 [main] INFO  utils.BackgroundService (BackgroundService.java:shutdown(160)) - Shutting down service StaleRecoveringContainerScrubbingService
2024-04-26 07:46:31,925 [main] INFO  statemachine.DatanodeStateMachine (DatanodeStateMachine.java:stopDaemon(638)) - Ozone container server stopped.
2024-04-26 07:46:31,926 [main] INFO  handler.ContextHandler (ContextHandler.java:doStop(1159)) - Stopped o.e.j.w.WebAppContext@439df92e{hddsDatanode,/,null,STOPPED}{file:/home/runner/work/ozone/ozone/hadoop-hdds/container-service/target/classes/webapps/hddsDatanode}
2024-04-26 07:46:31,926 [main] INFO  server.AbstractConnector (AbstractConnector.java:doStop(383)) - Stopped ServerConnector@2259490{HTTP/1.1, (http/1.1)}{0.0.0.0:15499}
2024-04-26 07:46:31,926 [main] INFO  server.session (HouseKeeper.java:stopScavenging(149)) - node0 Stopped scavenging
2024-04-26 07:46:31,926 [main] INFO  handler.ContextHandler (ContextHandler.java:doStop(1159)) - Stopped o.e.j.s.ServletContextHandler@366558a2{static,/static,file:///home/runner/work/ozone/ozone/hadoop-hdds/container-service/target/classes/webapps/static,STOPPED}
2024-04-26 07:46:31,926 [main] INFO  handler.ContextHandler (ContextHandler.java:doStop(1159)) - Stopped o.e.j.s.ServletContextHandler@5234f6c5{logs,/logs,file:///home/runner/work/ozone/ozone/hadoop-ozone/integration-test/target/log,STOPPED}
2024-04-26 07:46:31,927 [main] INFO  ozone.HddsDatanodeClientProtocolServer (HddsDatanodeClientProtocolServer.java:stop(83)) - Stopping the RPC server for Client Protocol
2024-04-26 07:46:31,927 [main] INFO  ipc.Server (Server.java:stop(3523)) - Stopping server on 15500
2024-04-26 07:46:31,927 [IPC Server listener on 15500] INFO  ipc.Server (Server.java:run(1434)) - Stopping IPC Server listener on 15500
2024-04-26 07:46:31,927 [IPC Server Responder] INFO  ipc.Server (Server.java:run(1567)) - Stopping IPC Server Responder
2024-04-26 07:46:31,943 [26ca528a-fda8-41f2-a9ad-48918f1fba9d-impl-thread1] INFO  segmented.SegmentedRaftLogWorker (SegmentedRaftLogWorker.java:close(245)) - 26ca528a-fda8-41f2-a9ad-48918f1fba9d@group-EE69A00EA69F-SegmentedRaftLogWorker close()
2024-04-26 07:46:32,045 [26ca528a-fda8-41f2-a9ad-48918f1fba9d-impl-thread2] INFO  segmented.SegmentedRaftLogWorker (SegmentedRaftLogWorker.java:close(245)) - 26ca528a-fda8-41f2-a9ad-48918f1fba9d@group-D9979C9DB735-SegmentedRaftLogWorker close()
2024-04-26 07:46:32,045 [JvmPauseMonitor65] INFO  util.JvmPauseMonitor (JvmPauseMonitor.java:run(152)) - JvmPauseMonitor-26ca528a-fda8-41f2-a9ad-48918f1fba9d: Stopped
2024-04-26 07:46:32,065 [e280b344-1e71-401e-97a7-3c6530ca629d-impl-thread2] INFO  segmented.SegmentedRaftLogWorker (SegmentedRaftLogWorker.java:close(245)) - e280b344-1e71-401e-97a7-3c6530ca629d@group-D9979C9DB735-SegmentedRaftLogWorker close()
2024-04-26 07:46:32,065 [JvmPauseMonitor63] INFO  util.JvmPauseMonitor (JvmPauseMonitor.java:run(152)) - JvmPauseMonitor-e280b344-1e71-401e-97a7-3c6530ca629d: Stopped
2024-04-26 07:46:33,950 [timer2] WARN  server.GrpcLogAppender (GrpcLogAppender.java:lambda$resetClient$1(217)) - 26ca528a-fda8-41f2-a9ad-48918f1fba9d@group-D9979C9DB735->f89e5511-6660-4723-b6db-0a37c1615f1a-GrpcLogAppender: Follower failed (request=null, errorCount=8); keep nextIndex (1) unchanged and retry. (Repeated 8 times in the last 5.000s)
2024-04-26 07:46:33,950 [timer1] WARN  server.GrpcLogAppender (LogUtils.java:warn(121)) - 26ca528a-fda8-41f2-a9ad-48918f1fba9d@group-D9979C9DB735->f89e5511-6660-4723-b6db-0a37c1615f1a-AppendLogResponseHandler: Failed appendEntries (Repeated 8 times in the last 5.000s): org.apache.ratis.thirdparty.io.grpc.StatusRuntimeException: UNAVAILABLE: io exception
2024-04-26 07:46:34,047 [ForkJoinPool.commonPool-worker-2] INFO  utils.DatanodeStoreCache (DatanodeStoreCache.java:shutdownCache(116)) - Skip clearing cache in mini cluster mode. Entries left: [/home/runner/work/ozone/ozone/hadoop-ozone/integration-test/target/test-dir/MiniOzoneClusterImpl-864451be-9a12-4508-8431-6d052999593c/ozone-meta/datanode-7/data-0/hdds/864451be-9a12-4508-8431-6d052999593c/DS-e2869e37-71c1-45d5-a186-7149712ed3e6/container.db, /home/runner/work/ozone/ozone/hadoop-ozone/integration-test/target/test-dir/MiniOzoneClusterImpl-864451be-9a12-4508-8431-6d052999593c/ozone-meta/datanode-9/data-0/hdds/864451be-9a12-4508-8431-6d052999593c/DS-d86ddbc2-f1ff-4fa6-9e67-c5d034a5e9eb/container.db]
2024-04-26 07:46:34,048 [ForkJoinPool.commonPool-worker-2] INFO  utils.DatanodeStoreCache (DatanodeStoreCache.java:removeDB(110)) - Removed db /home/runner/work/ozone/ozone/hadoop-ozone/integration-test/target/test-dir/MiniOzoneClusterImpl-864451be-9a12-4508-8431-6d052999593c/ozone-meta/datanode-9/data-0/hdds/864451be-9a12-4508-8431-6d052999593c/DS-d86ddbc2-f1ff-4fa6-9e67-c5d034a5e9eb/container.db from cache
2024-04-26 07:46:34,048 [ForkJoinPool.commonPool-worker-2] INFO  volume.HddsVolume (HddsVolume.java:closeDbStore(470)) - SchemaV3 db is stopped at /home/runner/work/ozone/ozone/hadoop-ozone/integration-test/target/test-dir/MiniOzoneClusterImpl-864451be-9a12-4508-8431-6d052999593c/ozone-meta/datanode-9/data-0/hdds/864451be-9a12-4508-8431-6d052999593c/DS-d86ddbc2-f1ff-4fa6-9e67-c5d034a5e9eb/container.db for volume DS-d86ddbc2-f1ff-4fa6-9e67-c5d034a5e9eb
2024-04-26 07:46:34,048 [ForkJoinPool.commonPool-worker-2] INFO  utils.BackgroundService (BackgroundService.java:shutdown(160)) - Shutting down service BlockDeletingService
2024-04-26 07:46:34,048 [ForkJoinPool.commonPool-worker-2] INFO  utils.BackgroundService (BackgroundService.java:shutdown(160)) - Shutting down service StaleRecoveringContainerScrubbingService
2024-04-26 07:46:34,049 [ForkJoinPool.commonPool-worker-2] INFO  statemachine.DatanodeStateMachine (DatanodeStateMachine.java:stopDaemon(638)) - Ozone container server stopped.
2024-04-26 07:46:34,049 [ForkJoinPool.commonPool-worker-2] INFO  handler.ContextHandler (ContextHandler.java:doStop(1159)) - Stopped o.e.j.w.WebAppContext@52336a97{hddsDatanode,/,null,STOPPED}{file:/home/runner/work/ozone/ozone/hadoop-hdds/container-service/target/classes/webapps/hddsDatanode}
2024-04-26 07:46:34,050 [ForkJoinPool.commonPool-worker-2] INFO  server.AbstractConnector (AbstractConnector.java:doStop(383)) - Stopped ServerConnector@12599bf3{HTTP/1.1, (http/1.1)}{0.0.0.0:15526}
2024-04-26 07:46:34,050 [ForkJoinPool.commonPool-worker-2] INFO  server.session (HouseKeeper.java:stopScavenging(149)) - node0 Stopped scavenging
2024-04-26 07:46:34,050 [ForkJoinPool.commonPool-worker-2] INFO  handler.ContextHandler (ContextHandler.java:doStop(1159)) - Stopped o.e.j.s.ServletContextHandler@463ffc84{static,/static,file:///home/runner/work/ozone/ozone/hadoop-hdds/container-service/target/classes/webapps/static,STOPPED}
2024-04-26 07:46:34,050 [ForkJoinPool.commonPool-worker-2] INFO  handler.ContextHandler (ContextHandler.java:doStop(1159)) - Stopped o.e.j.s.ServletContextHandler@5ca69552{logs,/logs,file:///home/runner/work/ozone/ozone/hadoop-ozone/integration-test/target/log,STOPPED}
2024-04-26 07:46:34,052 [ForkJoinPool.commonPool-worker-2] INFO  ozone.HddsDatanodeClientProtocolServer (HddsDatanodeClientProtocolServer.java:stop(83)) - Stopping the RPC server for Client Protocol
2024-04-26 07:46:34,052 [ForkJoinPool.commonPool-worker-2] INFO  ipc.Server (Server.java:stop(3523)) - Stopping server on 15527
2024-04-26 07:46:34,052 [IPC Server Responder] INFO  ipc.Server (Server.java:run(1567)) - Stopping IPC Server Responder
2024-04-26 07:46:34,052 [IPC Server listener on 15527] INFO  ipc.Server (Server.java:run(1434)) - Stopping IPC Server listener on 15527
2024-04-26 07:46:34,067 [ForkJoinPool.commonPool-worker-4] INFO  utils.DatanodeStoreCache (DatanodeStoreCache.java:shutdownCache(116)) - Skip clearing cache in mini cluster mode. Entries left: [/home/runner/work/ozone/ozone/hadoop-ozone/integration-test/target/test-dir/MiniOzoneClusterImpl-864451be-9a12-4508-8431-6d052999593c/ozone-meta/datanode-7/data-0/hdds/864451be-9a12-4508-8431-6d052999593c/DS-e2869e37-71c1-45d5-a186-7149712ed3e6/container.db]
2024-04-26 07:46:34,067 [ForkJoinPool.commonPool-worker-4] INFO  utils.DatanodeStoreCache (DatanodeStoreCache.java:removeDB(110)) - Removed db /home/runner/work/ozone/ozone/hadoop-ozone/integration-test/target/test-dir/MiniOzoneClusterImpl-864451be-9a12-4508-8431-6d052999593c/ozone-meta/datanode-7/data-0/hdds/864451be-9a12-4508-8431-6d052999593c/DS-e2869e37-71c1-45d5-a186-7149712ed3e6/container.db from cache
2024-04-26 07:46:34,067 [ForkJoinPool.commonPool-worker-4] INFO  volume.HddsVolume (HddsVolume.java:closeDbStore(470)) - SchemaV3 db is stopped at /home/runner/work/ozone/ozone/hadoop-ozone/integration-test/target/test-dir/MiniOzoneClusterImpl-864451be-9a12-4508-8431-6d052999593c/ozone-meta/datanode-7/data-0/hdds/864451be-9a12-4508-8431-6d052999593c/DS-e2869e37-71c1-45d5-a186-7149712ed3e6/container.db for volume DS-e2869e37-71c1-45d5-a186-7149712ed3e6
2024-04-26 07:46:34,068 [ForkJoinPool.commonPool-worker-4] INFO  utils.BackgroundService (BackgroundService.java:shutdown(160)) - Shutting down service BlockDeletingService
2024-04-26 07:46:34,068 [ForkJoinPool.commonPool-worker-4] INFO  utils.BackgroundService (BackgroundService.java:shutdown(160)) - Shutting down service StaleRecoveringContainerScrubbingService
2024-04-26 07:46:34,068 [ForkJoinPool.commonPool-worker-4] INFO  statemachine.DatanodeStateMachine (DatanodeStateMachine.java:stopDaemon(638)) - Ozone container server stopped.
2024-04-26 07:46:34,068 [ForkJoinPool.commonPool-worker-4] INFO  handler.ContextHandler (ContextHandler.java:doStop(1159)) - Stopped o.e.j.w.WebAppContext@488e27f3{hddsDatanode,/,null,STOPPED}{file:/home/runner/work/ozone/ozone/hadoop-hdds/container-service/target/classes/webapps/hddsDatanode}
2024-04-26 07:46:34,069 [ForkJoinPool.commonPool-worker-4] INFO  server.AbstractConnector (AbstractConnector.java:doStop(383)) - Stopped ServerConnector@6d0c6ea3{HTTP/1.1, (http/1.1)}{0.0.0.0:15508}
2024-04-26 07:46:34,069 [ForkJoinPool.commonPool-worker-4] INFO  server.session (HouseKeeper.java:stopScavenging(149)) - node0 Stopped scavenging
2024-04-26 07:46:34,069 [ForkJoinPool.commonPool-worker-4] INFO  handler.ContextHandler (ContextHandler.java:doStop(1159)) - Stopped o.e.j.s.ServletContextHandler@e0c6e2c{static,/static,file:///home/runner/work/ozone/ozone/hadoop-hdds/container-service/target/classes/webapps/static,STOPPED}
2024-04-26 07:46:34,069 [ForkJoinPool.commonPool-worker-4] INFO  handler.ContextHandler (ContextHandler.java:doStop(1159)) - Stopped o.e.j.s.ServletContextHandler@6a38a87c{logs,/logs,file:///home/runner/work/ozone/ozone/hadoop-ozone/integration-test/target/log,STOPPED}
2024-04-26 07:46:34,069 [ForkJoinPool.commonPool-worker-4] INFO  ozone.HddsDatanodeClientProtocolServer (HddsDatanodeClientProtocolServer.java:stop(83)) - Stopping the RPC server for Client Protocol
2024-04-26 07:46:34,070 [ForkJoinPool.commonPool-worker-4] INFO  ipc.Server (Server.java:stop(3523)) - Stopping server on 15509
2024-04-26 07:46:34,070 [IPC Server listener on 15509] INFO  ipc.Server (Server.java:run(1434)) - Stopping IPC Server listener on 15509
2024-04-26 07:46:34,070 [IPC Server Responder] INFO  ipc.Server (Server.java:run(1567)) - Stopping IPC Server Responder
2024-04-26 07:46:34,070 [main] INFO  ozone.MiniOzoneClusterImpl (MiniOzoneClusterImpl.java:stopSCM(486)) - Stopping the StorageContainerManager
2024-04-26 07:46:34,071 [main] INFO  server.StorageContainerManager (StorageContainerManager.java:stop(1653)) - Container Balancer is not running.
2024-04-26 07:46:34,071 [main] INFO  server.StorageContainerManager (StorageContainerManager.java:stopReplicationManager(1786)) - Stopping Replication Manager Service.
2024-04-26 07:46:34,071 [main] INFO  replication.ReplicationManager (ReplicationManager.java:stop(328)) - Stopping Replication Monitor Thread.
2024-04-26 07:46:34,071 [main] INFO  server.StorageContainerManager (StorageContainerManager.java:stop(1662)) - Stopping the Datanode Admin Monitor.
2024-04-26 07:46:34,071 [OverReplicatedProcessor] WARN  replication.UnhealthyReplicationProcessor (UnhealthyReplicationProcessor.java:run(180)) - OverReplicatedProcessor interrupted. Exiting...
2024-04-26 07:46:34,071 [UnderReplicatedProcessor] WARN  replication.UnhealthyReplicationProcessor (UnhealthyReplicationProcessor.java:run(180)) - UnderReplicatedProcessor interrupted. Exiting...
2024-04-26 07:46:34,071 [ReplicationMonitor] INFO  replication.ReplicationManager (ReplicationManager.java:run(935)) - Replication Monitor Thread is stopped
2024-04-26 07:46:34,071 [main] INFO  server.StorageContainerManager (StorageContainerManager.java:stop(1669)) - Stopping datanode service RPC server
2024-04-26 07:46:34,071 [main] INFO  server.SCMDatanodeProtocolServer (SCMDatanodeProtocolServer.java:stop(425)) - Stopping the RPC server for DataNodes
2024-04-26 07:46:34,071 [main] INFO  ipc.Server (Server.java:stop(3523)) - Stopping server on 15447
2024-04-26 07:46:34,073 [IPC Server listener on 15447] INFO  ipc.Server (Server.java:run(1434)) - Stopping IPC Server listener on 15447
2024-04-26 07:46:34,076 [IPC Server Responder] INFO  ipc.Server (Server.java:run(1567)) - Stopping IPC Server Responder
2024-04-26 07:46:34,090 [SCMHeartbeatProcessor-0] WARN  node.NodeStateManager (NodeStateManager.java:scheduleNextHealthCheck(878)) - Current Thread is interrupted, shutting down HB processing thread for Node Manager.
2024-04-26 07:46:34,090 [main] INFO  server.StorageContainerManager (StorageContainerManager.java:stop(1677)) - Stopping block service RPC server
2024-04-26 07:46:34,090 [main] INFO  server.SCMBlockProtocolServer (SCMBlockProtocolServer.java:stop(171)) - Stopping the RPC server for Block Protocol
2024-04-26 07:46:34,091 [main] INFO  ipc.Server (Server.java:stop(3523)) - Stopping server on 15446
2024-04-26 07:46:34,092 [IPC Server listener on 15446] INFO  ipc.Server (Server.java:run(1434)) - Stopping IPC Server listener on 15446
2024-04-26 07:46:34,092 [IPC Server Responder] INFO  ipc.Server (Server.java:run(1567)) - Stopping IPC Server Responder
2024-04-26 07:46:34,092 [main] INFO  server.StorageContainerManager (StorageContainerManager.java:stop(1684)) - Stopping the StorageContainerLocationProtocol RPC server
2024-04-26 07:46:34,092 [main] INFO  server.SCMClientProtocolServer (SCMClientProtocolServer.java:stop(213)) - Stopping the RPC server for Client Protocol
2024-04-26 07:46:34,092 [main] INFO  ipc.Server (Server.java:stop(3523)) - Stopping server on 15445
2024-04-26 07:46:34,094 [IPC Server Responder] INFO  ipc.Server (Server.java:run(1567)) - Stopping IPC Server Responder
2024-04-26 07:46:34,094 [IPC Server listener on 15445] INFO  ipc.Server (Server.java:run(1434)) - Stopping IPC Server listener on 15445
2024-04-26 07:46:34,094 [main] INFO  server.StorageContainerManager (StorageContainerManager.java:stop(1691)) - Stopping Storage Container Manager HTTP server.
2024-04-26 07:46:34,095 [main] INFO  handler.ContextHandler (ContextHandler.java:doStop(1159)) - Stopped o.e.j.w.WebAppContext@73d0d431{scm,/,null,STOPPED}{file:/home/runner/work/ozone/ozone/hadoop-ozone/integration-test/target/test-classes/webapps/scm}
2024-04-26 07:46:34,095 [main] INFO  server.AbstractConnector (AbstractConnector.java:doStop(383)) - Stopped ServerConnector@6b620300{HTTP/1.1, (http/1.1)}{0.0.0.0:15448}
2024-04-26 07:46:34,095 [main] INFO  server.session (HouseKeeper.java:stopScavenging(149)) - node0 Stopped scavenging
2024-04-26 07:46:34,096 [main] INFO  handler.ContextHandler (ContextHandler.java:doStop(1159)) - Stopped o.e.j.s.ServletContextHandler@6cbb6d0d{static,/static,file:///home/runner/work/ozone/ozone/hadoop-ozone/integration-test/target/test-classes/webapps/static,STOPPED}
2024-04-26 07:46:34,096 [main] INFO  handler.ContextHandler (ContextHandler.java:doStop(1159)) - Stopped o.e.j.s.ServletContextHandler@753e5e51{logs,/logs,file:///home/runner/work/ozone/ozone/hadoop-ozone/integration-test/target/log,STOPPED}
2024-04-26 07:46:34,096 [main] INFO  server.StorageContainerManager (StorageContainerManager.java:stop(1699)) - Stopping SCM LayoutVersionManager Service.
2024-04-26 07:46:34,097 [main] INFO  server.StorageContainerManager (StorageContainerManager.java:stop(1711)) - Stopping Block Manager Service.
2024-04-26 07:46:34,097 [main] INFO  utils.BackgroundService (BackgroundService.java:shutdown(160)) - Shutting down service SCMBlockDeletingService
2024-04-26 07:46:34,097 [main] INFO  utils.BackgroundService (BackgroundService.java:shutdown(160)) - Shutting down service SCMBlockDeletingService
2024-04-26 07:46:34,097 [main] INFO  server.StorageContainerManager (StorageContainerManager.java:stop(1731)) - Stopping SCM Event Queue.
2024-04-26 07:46:34,098 [JvmPauseMonitor55] INFO  util.JvmPauseMonitor (JvmPauseMonitor.java:run(152)) - JvmPauseMonitor-93ed80b7-4370-48c7-bcdb-458fb0cbf20d: Stopped
2024-04-26 07:46:34,098 [main] INFO  server.StorageContainerManager (StorageContainerManager.java:stop(1742)) - Stopping SCM HA services.
2024-04-26 07:46:34,098 [main] INFO  pipeline.BackgroundPipelineCreator (BackgroundPipelineCreator.java:stop(152)) - Stopping RatisPipelineUtilsThread.
2024-04-26 07:46:34,098 [RatisPipelineUtilsThread-0] WARN  pipeline.BackgroundPipelineCreator (BackgroundPipelineCreator.java:run(183)) - RatisPipelineUtilsThread is interrupted.
2024-04-26 07:46:34,098 [main] INFO  BackgroundPipelineScrubber (BackgroundSCMService.java:stop(128)) - Stopping BackgroundPipelineScrubber Service.
2024-04-26 07:46:34,098 [BackgroundPipelineScrubber] WARN  BackgroundPipelineScrubber (BackgroundSCMService.java:run(112)) - BackgroundPipelineScrubber is interrupted, exit
2024-04-26 07:46:34,099 [main] INFO  impl.MetricsSystemImpl (MetricsSystemImpl.java:stop(210)) - Stopping HddsDatanode metrics system...
2024-04-26 07:46:34,105 [prometheus] INFO  impl.MetricsSinkAdapter (MetricsSinkAdapter.java:publishMetricsFromQueue(141)) - prometheus thread interrupted.
2024-04-26 07:46:34,105 [main] INFO  impl.MetricsSystemImpl (MetricsSystemImpl.java:stop(216)) - HddsDatanode metrics system stopped.
2024-04-26 07:46:34,105 [main] WARN  pipeline.BackgroundPipelineCreator (BackgroundPipelineCreator.java:stop(148)) - RatisPipelineUtilsThread is not running, just ignore.
2024-04-26 07:46:34,106 [main] INFO  BackgroundPipelineScrubber (BackgroundSCMService.java:stop(123)) - BackgroundPipelineScrubber Service is not running, skip stop.
2024-04-26 07:46:34,106 [main] INFO  ExpiredContainerReplicaOpScrubber (BackgroundSCMService.java:stop(128)) - Stopping ExpiredContainerReplicaOpScrubber Service.
2024-04-26 07:46:34,106 [main] INFO  utils.BackgroundService (BackgroundService.java:shutdown(160)) - Shutting down service SCMBlockDeletingService
2024-04-26 07:46:34,106 [ExpiredContainerReplicaOpScrubber] WARN  ExpiredContainerReplicaOpScrubber (BackgroundSCMService.java:run(112)) - ExpiredContainerReplicaOpScrubber is interrupted, exit
2024-04-26 07:46:34,107 [main] INFO  replication.ReplicationManager (ReplicationManager.java:stop(338)) - Replication Monitor Thread is not running.
2024-04-26 07:46:34,107 [main] WARN  balancer.ContainerBalancer (ContainerBalancer.java:stop(327)) - Cannot stop Container Balancer because it's not running or stopping
2024-04-26 07:46:34,107 [main] INFO  server.StorageContainerManager (StorageContainerManager.java:stop(1777)) - Stopping SCM MetadataStore.
]]></system-out>
      <system-err><![CDATA[Apr 26, 2024 7:46:28 AM org.apache.ratis.thirdparty.io.grpc.internal.ManagedChannelOrphanWrapper$ManagedChannelReference cleanQueue
SEVERE: *~*~*~ Previous channel ManagedChannelImpl{logId=1753, target=127.0.0.1:15369} was not shutdown properly!!! ~*~*~*
    Make sure to call shutdown()/shutdownNow() and wait until awaitTermination() returns true.
java.lang.RuntimeException: ManagedChannel allocation site
	at org.apache.ratis.thirdparty.io.grpc.internal.ManagedChannelOrphanWrapper$ManagedChannelReference.<init>(ManagedChannelOrphanWrapper.java:102)
	at org.apache.ratis.thirdparty.io.grpc.internal.ManagedChannelOrphanWrapper.<init>(ManagedChannelOrphanWrapper.java:60)
	at org.apache.ratis.thirdparty.io.grpc.internal.ManagedChannelOrphanWrapper.<init>(ManagedChannelOrphanWrapper.java:51)
	at org.apache.ratis.thirdparty.io.grpc.internal.ManagedChannelImplBuilder.build(ManagedChannelImplBuilder.java:631)
	at org.apache.ratis.thirdparty.io.grpc.internal.AbstractManagedChannelImplBuilder.build(AbstractManagedChannelImplBuilder.java:297)
	at org.apache.ratis.grpc.client.GrpcClientProtocolClient.buildChannel(GrpcClientProtocolClient.java:151)
	at org.apache.ratis.grpc.client.GrpcClientProtocolClient.<init>(GrpcClientProtocolClient.java:116)
	at org.apache.ratis.grpc.client.GrpcClientRpc.lambda$new$0(GrpcClientRpc.java:59)
	at org.apache.ratis.util.PeerProxyMap$PeerAndProxy.lambda$getProxy$0(PeerProxyMap.java:68)
	at org.apache.ratis.util.LifeCycle.startAndTransition(LifeCycle.java:277)
	at org.apache.ratis.util.PeerProxyMap$PeerAndProxy.getProxy(PeerProxyMap.java:67)
	at org.apache.ratis.util.PeerProxyMap.getProxy(PeerProxyMap.java:114)
	at org.apache.ratis.grpc.client.GrpcClientRpc.sendRequestAsyncUnordered(GrpcClientRpc.java:81)
	at org.apache.ratis.client.impl.UnorderedAsync.sendRequestWithRetry(UnorderedAsync.java:80)
	at org.apache.ratis.client.impl.UnorderedAsync.lambda$null$2(UnorderedAsync.java:129)
	at org.apache.ratis.util.TimeoutTimer.lambda$onTimeout$2(TimeoutTimer.java:101)
	at org.apache.ratis.util.LogUtils.runAndLog(LogUtils.java:38)
	at org.apache.ratis.util.LogUtils$1.run(LogUtils.java:78)
	at org.apache.ratis.util.TimeoutTimer$Task.run(TimeoutTimer.java:55)
	at java.base/java.util.TimerThread.mainLoop(Timer.java:566)
	at java.base/java.util.TimerThread.run(Timer.java:516)

Apr 26, 2024 7:46:28 AM org.apache.ratis.thirdparty.io.grpc.internal.ManagedChannelOrphanWrapper$ManagedChannelReference cleanQueue
SEVERE: *~*~*~ Previous channel ManagedChannelImpl{logId=1751, target=127.0.0.1:15368} was not shutdown properly!!! ~*~*~*
    Make sure to call shutdown()/shutdownNow() and wait until awaitTermination() returns true.
java.lang.RuntimeException: ManagedChannel allocation site
	at org.apache.ratis.thirdparty.io.grpc.internal.ManagedChannelOrphanWrapper$ManagedChannelReference.<init>(ManagedChannelOrphanWrapper.java:102)
	at org.apache.ratis.thirdparty.io.grpc.internal.ManagedChannelOrphanWrapper.<init>(ManagedChannelOrphanWrapper.java:60)
	at org.apache.ratis.thirdparty.io.grpc.internal.ManagedChannelOrphanWrapper.<init>(ManagedChannelOrphanWrapper.java:51)
	at org.apache.ratis.thirdparty.io.grpc.internal.ManagedChannelImplBuilder.build(ManagedChannelImplBuilder.java:631)
	at org.apache.ratis.thirdparty.io.grpc.internal.AbstractManagedChannelImplBuilder.build(AbstractManagedChannelImplBuilder.java:297)
	at org.apache.ratis.grpc.client.GrpcClientProtocolClient.buildChannel(GrpcClientProtocolClient.java:151)
	at org.apache.ratis.grpc.client.GrpcClientProtocolClient.<init>(GrpcClientProtocolClient.java:113)
	at org.apache.ratis.grpc.client.GrpcClientRpc.lambda$new$0(GrpcClientRpc.java:59)
	at org.apache.ratis.util.PeerProxyMap$PeerAndProxy.lambda$getProxy$0(PeerProxyMap.java:68)
	at org.apache.ratis.util.LifeCycle.startAndTransition(LifeCycle.java:277)
	at org.apache.ratis.util.PeerProxyMap$PeerAndProxy.getProxy(PeerProxyMap.java:67)
	at org.apache.ratis.util.PeerProxyMap.getProxy(PeerProxyMap.java:114)
	at org.apache.ratis.grpc.client.GrpcClientRpc.sendRequestAsyncUnordered(GrpcClientRpc.java:81)
	at org.apache.ratis.client.impl.UnorderedAsync.sendRequestWithRetry(UnorderedAsync.java:80)
	at org.apache.ratis.client.impl.UnorderedAsync.lambda$null$2(UnorderedAsync.java:129)
	at org.apache.ratis.util.TimeoutTimer.lambda$onTimeout$2(TimeoutTimer.java:101)
	at org.apache.ratis.util.LogUtils.runAndLog(LogUtils.java:38)
	at org.apache.ratis.util.LogUtils$1.run(LogUtils.java:78)
	at org.apache.ratis.util.TimeoutTimer$Task.run(TimeoutTimer.java:55)
	at java.base/java.util.TimerThread.mainLoop(Timer.java:566)
	at java.base/java.util.TimerThread.run(Timer.java:516)

]]></system-err>
    </flakyFailure>
  </testcase>
  <testcase name="testWatchForCommitForGroupMismatchException" classname="org.apache.hadoop.ozone.client.rpc.TestWatchForCommit" time="29.606"/>
  <testcase name="test2WayCommitForTimeoutException" classname="org.apache.hadoop.ozone.client.rpc.TestWatchForCommit" time="26.112"/>
</testsuite>