<?xml version="1.0" encoding="UTF-8"?>
<testsuite xmlns:xsi="http://www.w3.org/2001/XMLSchema-instance" xsi:noNamespaceSchemaLocation="https://maven.apache.org/surefire/maven-surefire-plugin/xsd/surefire-test-report-3.0.xsd" version="3.0" name="org.apache.hadoop.ozone.om.TestOzoneManagerHAWithACL" time="37.891" tests="1" errors="1" skipped="0" failures="0">
  <properties>
    <property name="awt.toolkit" value="sun.awt.X11.XToolkit"/>
    <property name="file.encoding.pkg" value="sun.io"/>
    <property name="java.specification.version" value="1.8"/>
    <property name="sun.cpu.isalist" value=""/>
    <property name="sun.jnu.encoding" value="UTF-8"/>
    <property name="java.class.path" value="/home/runner/work/ozone/ozone/hadoop-ozone/integration-test/target/test-classes:/home/runner/work/ozone/ozone/hadoop-ozone/integration-test/target/classes:/home/runner/.m2/repository/org/apache/ozone/ozone-common/1.4.0-SNAPSHOT/ozone-common-1.4.0-SNAPSHOT.jar:/home/runner/.m2/repository/io/grpc/grpc-netty/1.51.1/grpc-netty-1.51.1.jar:/home/runner/.m2/repository/io/grpc/grpc-core/1.51.1/grpc-core-1.51.1.jar:/home/runner/.m2/repository/com/google/android/annotations/4.1.1.4/annotations-4.1.1.4.jar:/home/runner/.m2/repository/org/codehaus/mojo/animal-sniffer-annotations/1.21/animal-sniffer-annotations-1.21.jar:/home/runner/.m2/repository/com/google/errorprone/error_prone_annotations/2.2.0/error_prone_annotations-2.2.0.jar:/home/runner/.m2/repository/io/perfmark/perfmark-api/0.25.0/perfmark-api-0.25.0.jar:/home/runner/.m2/repository/io/netty/netty-codec-http2/4.1.94.Final/netty-codec-http2-4.1.94.Final.jar:/home/runner/.m2/repository/io/netty/netty-common/4.1.94.Final/netty-common-4.1.94.Final.jar:/home/runner/.m2/repository/io/netty/netty-buffer/4.1.94.Final/netty-buffer-4.1.94.Final.jar:/home/runner/.m2/repository/io/netty/netty-codec-http/4.1.94.Final/netty-codec-http-4.1.94.Final.jar:/home/runner/.m2/repository/io/netty/netty-handler-proxy/4.1.94.Final/netty-handler-proxy-4.1.94.Final.jar:/home/runner/.m2/repository/io/netty/netty-codec-socks/4.1.94.Final/netty-codec-socks-4.1.94.Final.jar:/home/runner/.m2/repository/io/netty/netty-tcnative-boringssl-static/2.0.61.Final/netty-tcnative-boringssl-static-2.0.61.Final.jar:/home/runner/.m2/repository/io/netty/netty-tcnative-classes/2.0.61.Final/netty-tcnative-classes-2.0.61.Final.jar:/home/runner/.m2/repository/io/netty/netty-tcnative-boringssl-static/2.0.61.Final/netty-tcnative-boringssl-static-2.0.61.Final-linux-x86_64.jar:/home/runner/.m2/repository/io/netty/netty-tcnative-boringssl-static/2.0.61.Final/netty-tcnative-boringssl-static-2.0.61.Final-linux-aarch_64.jar:/home/runner/.m2/repository/io/netty/netty-tcnative-boringssl-static/2.0.61.Final/netty-tcnative-boringssl-static-2.0.61.Final-osx-x86_64.jar:/home/runner/.m2/repository/io/netty/netty-tcnative-boringssl-static/2.0.61.Final/netty-tcnative-boringssl-static-2.0.61.Final-osx-aarch_64.jar:/home/runner/.m2/repository/io/netty/netty-tcnative-boringssl-static/2.0.61.Final/netty-tcnative-boringssl-static-2.0.61.Final-windows-x86_64.jar:/home/runner/.m2/repository/org/apache/commons/commons-compress/1.21/commons-compress-1.21.jar:/home/runner/.m2/repository/org/apache/ozone/hdds-common/1.4.0-SNAPSHOT/hdds-common-1.4.0-SNAPSHOT.jar:/home/runner/.m2/repository/org/apache/ozone/hdds-client/1.4.0-SNAPSHOT/hdds-client-1.4.0-SNAPSHOT.jar:/home/runner/.m2/repository/org/apache/ozone/ozone-interface-client/1.4.0-SNAPSHOT/ozone-interface-client-1.4.0-SNAPSHOT.jar:/home/runner/.m2/repository/org/apache/hadoop/hadoop-hdfs-client/3.3.6/hadoop-hdfs-client-3.3.6.jar:/home/runner/.m2/repository/com/squareup/okhttp3/okhttp/4.9.3/okhttp-4.9.3.jar:/home/runner/.m2/repository/com/squareup/okio/okio/3.4.0/okio-3.4.0.jar:/home/runner/.m2/repository/com/squareup/okio/okio-jvm/3.4.0/okio-jvm-3.4.0.jar:/home/runner/.m2/repository/org/jetbrains/kotlin/kotlin-stdlib-jdk8/1.8.0/kotlin-stdlib-jdk8-1.8.0.jar:/home/runner/.m2/repository/org/jetbrains/kotlin/kotlin-stdlib-jdk7/1.8.0/kotlin-stdlib-jdk7-1.8.0.jar:/home/runner/.m2/repository/org/jetbrains/kotlin/kotlin-stdlib-common/1.6.21/kotlin-stdlib-common-1.6.21.jar:/home/runner/.m2/repository/org/apache/ozone/hdds-test-utils/1.4.0-SNAPSHOT/hdds-test-utils-1.4.0-SNAPSHOT.jar:/home/runner/.m2/repository/com/google/guava/guava/32.0.0-jre/guava-32.0.0-jre.jar:/home/runner/.m2/repository/com/google/guava/failureaccess/1.0.1/failureaccess-1.0.1.jar:/home/runner/.m2/repository/com/google/guava/listenablefuture/9999.0-empty-to-avoid-conflict-with-guava/listenablefuture-9999.0-empty-to-avoid-conflict-with-guava.jar:/home/runner/.m2/repository/com/google/code/findbugs/jsr305/3.0.0/jsr305-3.0.0.jar:/home/runner/.m2/repository/org/checkerframework/checker-qual/3.33.0/checker-qual-3.33.0.jar:/home/runner/.m2/repository/com/google/j2objc/j2objc-annotations/2.8/j2objc-annotations-2.8.jar:/home/runner/.m2/repository/commons-io/commons-io/2.11.0/commons-io-2.11.0.jar:/home/runner/.m2/repository/commons-logging/commons-logging/1.2/commons-logging-1.2.jar:/home/runner/.m2/repository/ch/qos/reload4j/reload4j/1.2.22/reload4j-1.2.22.jar:/home/runner/.m2/repository/org/slf4j/slf4j-api/1.7.36/slf4j-api-1.7.36.jar:/home/runner/.m2/repository/org/apache/logging/log4j/log4j-api/2.17.1/log4j-api-2.17.1.jar:/home/runner/.m2/repository/org/apache/ozone/hdds-server-scm/1.4.0-SNAPSHOT/hdds-server-scm-1.4.0-SNAPSHOT.jar:/home/runner/.m2/repository/org/apache/ozone/hdds-container-service/1.4.0-SNAPSHOT/hdds-container-service-1.4.0-SNAPSHOT.jar:/home/runner/.m2/repository/org/apache/ozone/hdds-hadoop-dependency-server/1.4.0-SNAPSHOT/hdds-hadoop-dependency-server-1.4.0-SNAPSHOT.jar:/home/runner/.m2/repository/org/apache/hadoop/hadoop-hdfs/3.3.6/hadoop-hdfs-3.3.6.jar:/home/runner/.m2/repository/commons-daemon/commons-daemon/1.0.13/commons-daemon-1.0.13.jar:/home/runner/.m2/repository/org/apache/ozone/hdds-server-framework/1.4.0-SNAPSHOT/hdds-server-framework-1.4.0-SNAPSHOT.jar:/home/runner/.m2/repository/io/dropwizard/metrics/metrics-core/3.2.4/metrics-core-3.2.4.jar:/home/runner/.m2/repository/org/apache/commons/commons-text/1.10.0/commons-text-1.10.0.jar:/home/runner/.m2/repository/org/bouncycastle/bcprov-jdk15on/1.67/bcprov-jdk15on-1.67.jar:/home/runner/.m2/repository/com/google/protobuf/protobuf-java/2.5.0/protobuf-java-2.5.0.jar:/home/runner/.m2/repository/org/apache/ozone/hdds-server-framework/1.4.0-SNAPSHOT/hdds-server-framework-1.4.0-SNAPSHOT-tests.jar:/home/runner/.m2/repository/org/apache/ozone/hdds-interface-server/1.4.0-SNAPSHOT/hdds-interface-server-1.4.0-SNAPSHOT.jar:/home/runner/.m2/repository/org/apache/ozone/hdds-interface-admin/1.4.0-SNAPSHOT/hdds-interface-admin-1.4.0-SNAPSHOT.jar:/home/runner/.m2/repository/org/apache/ozone/hdds-managed-rocksdb/1.4.0-SNAPSHOT/hdds-managed-rocksdb-1.4.0-SNAPSHOT.jar:/home/runner/.m2/repository/org/rocksdb/rocksdbjni/7.7.3/rocksdbjni-7.7.3.jar:/home/runner/.m2/repository/org/slf4j/slf4j-reload4j/1.7.36/slf4j-reload4j-1.7.36.jar:/home/runner/.m2/repository/org/apache/commons/commons-configuration2/2.1.1/commons-configuration2-2.1.1.jar:/home/runner/.m2/repository/commons-fileupload/commons-fileupload/1.5/commons-fileupload-1.5.jar:/home/runner/.m2/repository/org/apache/logging/log4j/log4j-core/2.17.1/log4j-core-2.17.1.jar:/home/runner/.m2/repository/com/lmax/disruptor/3.4.2/disruptor-3.4.2.jar:/home/runner/.m2/repository/org/eclipse/jetty/jetty-util/9.4.52.v20230823/jetty-util-9.4.52.v20230823.jar:/home/runner/.m2/repository/org/eclipse/jetty/jetty-server/9.4.52.v20230823/jetty-server-9.4.52.v20230823.jar:/home/runner/.m2/repository/org/eclipse/jetty/jetty-http/9.4.52.v20230823/jetty-http-9.4.52.v20230823.jar:/home/runner/.m2/repository/org/eclipse/jetty/jetty-io/9.4.52.v20230823/jetty-io-9.4.52.v20230823.jar:/home/runner/.m2/repository/org/eclipse/jetty/jetty-servlet/9.4.52.v20230823/jetty-servlet-9.4.52.v20230823.jar:/home/runner/.m2/repository/org/eclipse/jetty/jetty-security/9.4.52.v20230823/jetty-security-9.4.52.v20230823.jar:/home/runner/.m2/repository/org/eclipse/jetty/jetty-util-ajax/9.4.52.v20230823/jetty-util-ajax-9.4.52.v20230823.jar:/home/runner/.m2/repository/org/eclipse/jetty/jetty-webapp/9.4.52.v20230823/jetty-webapp-9.4.52.v20230823.jar:/home/runner/.m2/repository/org/eclipse/jetty/jetty-xml/9.4.52.v20230823/jetty-xml-9.4.52.v20230823.jar:/home/runner/.m2/repository/org/apache/ratis/ratis-server/2.5.1/ratis-server-2.5.1.jar:/home/runner/.m2/repository/org/apache/ratis/ratis-thirdparty-misc/1.0.4/ratis-thirdparty-misc-1.0.4.jar:/home/runner/.m2/repository/org/apache/ratis/ratis-proto/2.5.1/ratis-proto-2.5.1.jar:/home/runner/.m2/repository/org/apache/ratis/ratis-common/2.5.1/ratis-common-2.5.1.jar:/home/runner/.m2/repository/org/apache/ratis/ratis-client/2.5.1/ratis-client-2.5.1.jar:/home/runner/.m2/repository/org/apache/ratis/ratis-server-api/2.5.1/ratis-server-api-2.5.1.jar:/home/runner/.m2/repository/org/apache/ratis/ratis-metrics/2.5.1/ratis-metrics-2.5.1.jar:/home/runner/.m2/repository/io/prometheus/simpleclient_dropwizard/0.7.0/simpleclient_dropwizard-0.7.0.jar:/home/runner/.m2/repository/io/prometheus/simpleclient/0.7.0/simpleclient-0.7.0.jar:/home/runner/.m2/repository/io/prometheus/simpleclient_common/0.7.0/simpleclient_common-0.7.0.jar:/home/runner/.m2/repository/com/fasterxml/jackson/datatype/jackson-datatype-jsr310/2.13.4/jackson-datatype-jsr310-2.13.4.jar:/home/runner/.m2/repository/com/fasterxml/jackson/core/jackson-core/2.13.4/jackson-core-2.13.4.jar:/home/runner/.m2/repository/com/github/spotbugs/spotbugs-annotations/3.1.12/spotbugs-annotations-3.1.12.jar:/home/runner/.m2/repository/org/apache/ozone/rocksdb-checkpoint-differ/1.4.0-SNAPSHOT/rocksdb-checkpoint-differ-1.4.0-SNAPSHOT.jar:/home/runner/.m2/repository/org/jgrapht/jgrapht-core/1.0.1/jgrapht-core-1.0.1.jar:/home/runner/.m2/repository/org/jgrapht/jgrapht-ext/1.0.1/jgrapht-ext-1.0.1.jar:/home/runner/.m2/repository/org/tinyjee/jgraphx/jgraphx/2.0.0.1/jgraphx-2.0.0.1.jar:/home/runner/.m2/repository/jgraph/jgraph/5.13.0.0/jgraph-5.13.0.0.jar:/home/runner/.m2/repository/org/antlr/antlr4-runtime/4.5.3/antlr4-runtime-4.5.3.jar:/home/runner/.m2/repository/org/awaitility/awaitility/4.2.0/awaitility-4.2.0.jar:/home/runner/.m2/repository/org/hamcrest/hamcrest/2.1/hamcrest-2.1.jar:/home/runner/.m2/repository/org/apache/ozone/ozone-manager/1.4.0-SNAPSHOT/ozone-manager-1.4.0-SNAPSHOT.jar:/home/runner/.m2/repository/org/aspectj/aspectjrt/1.9.7/aspectjrt-1.9.7.jar:/home/runner/.m2/repository/org/aspectj/aspectjweaver/1.9.7/aspectjweaver-1.9.7.jar:/home/runner/.m2/repository/org/apache/ozone/hdds-interface-client/1.4.0-SNAPSHOT/hdds-interface-client-1.4.0-SNAPSHOT.jar:/home/runner/.m2/repository/org/apache/hadoop/thirdparty/hadoop-shaded-protobuf_3_7/1.1.1/hadoop-shaded-protobuf_3_7-1.1.1.jar:/home/runner/.m2/repository/org/apache/ozone/ozone-interface-storage/1.4.0-SNAPSHOT/ozone-interface-storage-1.4.0-SNAPSHOT.jar:/home/runner/.m2/repository/org/reflections/reflections/0.9.11/reflections-0.9.11.jar:/home/runner/.m2/repository/com/sun/jersey/jersey-client/1.19/jersey-client-1.19.jar:/home/runner/.m2/repository/org/codehaus/jackson/jackson-core-asl/1.9.13/jackson-core-asl-1.9.13.jar:/home/runner/.m2/repository/org/codehaus/jackson/jackson-mapper-asl/1.9.13/jackson-mapper-asl-1.9.13.jar:/home/runner/.m2/repository/org/codehaus/jackson/jackson-jaxrs/1.9.13/jackson-jaxrs-1.9.13.jar:/home/runner/.m2/repository/org/apache/ranger/ranger-intg/2.3.0/ranger-intg-2.3.0.jar:/home/runner/.m2/repository/org/apache/ranger/ranger-plugins-common/2.3.0/ranger-plugins-common-2.3.0.jar:/home/runner/.m2/repository/commons-lang/commons-lang/2.6/commons-lang-2.6.jar:/home/runner/.m2/repository/org/apache/ranger/ranger-plugins-cred/2.3.0/ranger-plugins-cred-2.3.0.jar:/home/runner/.m2/repository/org/apache/ranger/ranger-plugins-audit/2.3.0/ranger-plugins-audit-2.3.0.jar:/home/runner/.m2/repository/org/eclipse/jetty/jetty-client/9.4.52.v20230823/jetty-client-9.4.52.v20230823.jar:/home/runner/.m2/repository/org/apache/httpcomponents/httpmime/4.5.6/httpmime-4.5.6.jar:/home/runner/.m2/repository/org/apache/httpcomponents/httpcore-nio/4.4.13/httpcore-nio-4.4.13.jar:/home/runner/.m2/repository/org/apache/httpcomponents/httpasyncclient/4.1.3/httpasyncclient-4.1.3.jar:/home/runner/.m2/repository/com/carrotsearch/hppc/0.8.0/hppc-0.8.0.jar:/home/runner/.m2/repository/org/apache/orc/orc-core/1.5.8/orc-core-1.5.8.jar:/home/runner/.m2/repository/net/java/dev/jna/jna/5.2.0/jna-5.2.0.jar:/home/runner/.m2/repository/net/java/dev/jna/jna-platform/5.2.0/jna-platform-5.2.0.jar:/home/runner/.m2/repository/com/kstruct/gethostname4j/0.0.2/gethostname4j-0.0.2.jar:/home/runner/.m2/repository/org/apache/ranger/ranger-plugin-classloader/2.3.0/ranger-plugin-classloader-2.3.0.jar:/home/runner/.m2/repository/org/apache/ozone/hdds-rocks-native/1.4.0-SNAPSHOT/hdds-rocks-native-1.4.0-SNAPSHOT.jar:/home/runner/.m2/repository/org/apache/hadoop/hadoop-minikdc/3.3.6/hadoop-minikdc-3.3.6.jar:/home/runner/.m2/repository/org/apache/kerby/kerb-simplekdc/1.0.1/kerb-simplekdc-1.0.1.jar:/home/runner/.m2/repository/org/apache/kerby/kerb-client/1.0.1/kerb-client-1.0.1.jar:/home/runner/.m2/repository/org/apache/kerby/kerby-config/1.0.1/kerby-config-1.0.1.jar:/home/runner/.m2/repository/org/apache/kerby/kerb-common/1.0.1/kerb-common-1.0.1.jar:/home/runner/.m2/repository/org/apache/kerby/kerb-crypto/1.0.1/kerb-crypto-1.0.1.jar:/home/runner/.m2/repository/org/apache/kerby/kerb-util/1.0.1/kerb-util-1.0.1.jar:/home/runner/.m2/repository/org/apache/kerby/token-provider/1.0.1/token-provider-1.0.1.jar:/home/runner/.m2/repository/org/apache/kerby/kerb-admin/1.0.1/kerb-admin-1.0.1.jar:/home/runner/.m2/repository/org/apache/kerby/kerb-server/1.0.1/kerb-server-1.0.1.jar:/home/runner/.m2/repository/org/apache/kerby/kerb-identity/1.0.1/kerb-identity-1.0.1.jar:/home/runner/.m2/repository/org/apache/kerby/kerby-xdr/1.0.1/kerby-xdr-1.0.1.jar:/home/runner/.m2/repository/org/apache/ozone/ozone-s3gateway/1.4.0-SNAPSHOT/ozone-s3gateway-1.4.0-SNAPSHOT.jar:/home/runner/.m2/repository/org/javassist/javassist/3.21.0-GA/javassist-3.21.0-GA.jar:/home/runner/.m2/repository/org/jboss/weld/servlet/weld-servlet-shaded/3.1.9.Final/weld-servlet-shaded-3.1.9.Final.jar:/home/runner/.m2/repository/org/glassfish/jersey/containers/jersey-container-servlet-core/2.34/jersey-container-servlet-core-2.34.jar:/home/runner/.m2/repository/org/glassfish/hk2/external/jakarta.inject/2.6.1/jakarta.inject-2.6.1.jar:/home/runner/.m2/repository/org/glassfish/jersey/core/jersey-common/2.34/jersey-common-2.34.jar:/home/runner/.m2/repository/jakarta/ws/rs/jakarta.ws.rs-api/2.1.6/jakarta.ws.rs-api-2.1.6.jar:/home/runner/.m2/repository/org/glassfish/jersey/ext/cdi/jersey-cdi1x/2.34/jersey-cdi1x-2.34.jar:/home/runner/.m2/repository/org/glassfish/jersey/inject/jersey-hk2/2.34/jersey-hk2-2.34.jar:/home/runner/.m2/repository/org/glassfish/hk2/hk2-locator/2.6.1/hk2-locator-2.6.1.jar:/home/runner/.m2/repository/org/glassfish/jersey/media/jersey-media-jaxb/2.34/jersey-media-jaxb-2.34.jar:/home/runner/.m2/repository/org/glassfish/hk2/osgi-resource-locator/1.0.3/osgi-resource-locator-1.0.3.jar:/home/runner/.m2/repository/org/glassfish/hk2/hk2-api/2.5.0/hk2-api-2.5.0.jar:/home/runner/.m2/repository/org/glassfish/hk2/hk2-utils/2.5.0/hk2-utils-2.5.0.jar:/home/runner/.m2/repository/org/glassfish/hk2/external/aopalliance-repackaged/2.5.0/aopalliance-repackaged-2.5.0.jar:/home/runner/.m2/repository/com/fasterxml/jackson/dataformat/jackson-dataformat-xml/2.13.4/jackson-dataformat-xml-2.13.4.jar:/home/runner/.m2/repository/org/codehaus/woodstox/stax2-api/4.2.1/stax2-api-4.2.1.jar:/home/runner/.m2/repository/com/fasterxml/woodstox/woodstox-core/5.4.0/woodstox-core-5.4.0.jar:/home/runner/.m2/repository/com/fasterxml/jackson/module/jackson-module-jaxb-annotations/2.13.4/jackson-module-jaxb-annotations-2.13.4.jar:/home/runner/.m2/repository/jakarta/xml/bind/jakarta.xml.bind-api/2.3.3/jakarta.xml.bind-api-2.3.3.jar:/home/runner/.m2/repository/jakarta/activation/jakarta.activation-api/1.2.2/jakarta.activation-api-1.2.2.jar:/home/runner/.m2/repository/javax/enterprise/cdi-api/2.0/cdi-api-2.0.jar:/home/runner/.m2/repository/javax/el/javax.el-api/3.0.0/javax.el-api-3.0.0.jar:/home/runner/.m2/repository/javax/interceptor/javax.interceptor-api/1.2/javax.interceptor-api-1.2.jar:/home/runner/.m2/repository/javax/inject/javax.inject/1/javax.inject-1.jar:/home/runner/.m2/repository/javax/xml/bind/jaxb-api/2.3.0/jaxb-api-2.3.0.jar:/home/runner/.m2/repository/org/glassfish/jaxb/jaxb-runtime/2.3.0.1/jaxb-runtime-2.3.0.1.jar:/home/runner/.m2/repository/org/glassfish/jaxb/jaxb-core/2.3.0.1/jaxb-core-2.3.0.1.jar:/home/runner/.m2/repository/org/glassfish/jaxb/txw2/2.3.0.1/txw2-2.3.0.1.jar:/home/runner/.m2/repository/com/sun/istack/istack-commons-runtime/3.0.5/istack-commons-runtime-3.0.5.jar:/home/runner/.m2/repository/org/jvnet/staxex/stax-ex/1.7.8/stax-ex-1.7.8.jar:/home/runner/.m2/repository/com/sun/xml/fastinfoset/FastInfoset/1.2.13/FastInfoset-1.2.13.jar:/home/runner/.m2/repository/javax/activation/activation/1.1.1/activation-1.1.1.jar:/home/runner/.m2/repository/io/grpc/grpc-protobuf/1.51.1/grpc-protobuf-1.51.1.jar:/home/runner/.m2/repository/com/google/api/grpc/proto-google-common-protos/2.9.0/proto-google-common-protos-2.9.0.jar:/home/runner/.m2/repository/io/grpc/grpc-protobuf-lite/1.51.1/grpc-protobuf-lite-1.51.1.jar:/home/runner/.m2/repository/io/grpc/grpc-stub/1.51.1/grpc-stub-1.51.1.jar:/home/runner/.m2/repository/io/netty/netty-transport/4.1.94.Final/netty-transport-4.1.94.Final.jar:/home/runner/.m2/repository/io/netty/netty-resolver/4.1.94.Final/netty-resolver-4.1.94.Final.jar:/home/runner/.m2/repository/org/apache/ozone/ozone-csi/1.4.0-SNAPSHOT/ozone-csi-1.4.0-SNAPSHOT.jar:/home/runner/.m2/repository/com/google/protobuf/protobuf-java-util/3.19.6/protobuf-java-util-3.19.6.jar:/home/runner/.m2/repository/com/google/code/gson/gson/2.9.0/gson-2.9.0.jar:/home/runner/.m2/repository/org/apache/ozone/hdds-config/1.4.0-SNAPSHOT/hdds-config-1.4.0-SNAPSHOT.jar:/home/runner/.m2/repository/io/netty/netty-transport-native-epoll/4.1.94.Final/netty-transport-native-epoll-4.1.94.Final-linux-x86_64.jar:/home/runner/.m2/repository/io/netty/netty-transport-classes-epoll/4.1.94.Final/netty-transport-classes-epoll-4.1.94.Final.jar:/home/runner/.m2/repository/io/netty/netty-transport-native-unix-common/4.1.94.Final/netty-transport-native-unix-common-4.1.94.Final.jar:/home/runner/.m2/repository/org/apache/ozone/ozone-recon/1.4.0-SNAPSHOT/ozone-recon-1.4.0-SNAPSHOT.jar:/home/runner/.m2/repository/org/apache/ozone/ozone-reconcodegen/1.4.0-SNAPSHOT/ozone-reconcodegen-1.4.0-SNAPSHOT.jar:/home/runner/.m2/repository/com/google/inject/guice/5.1.0/guice-5.1.0.jar:/home/runner/.m2/repository/aopalliance/aopalliance/1.0/aopalliance-1.0.jar:/home/runner/.m2/repository/com/google/inject/extensions/guice-assistedinject/5.1.0/guice-assistedinject-5.1.0.jar:/home/runner/.m2/repository/com/google/inject/extensions/guice-servlet/5.1.0/guice-servlet-5.1.0.jar:/home/runner/.m2/repository/org/glassfish/jersey/containers/jersey-container-servlet/2.34/jersey-container-servlet-2.34.jar:/home/runner/.m2/repository/org/glassfish/hk2/guice-bridge/2.5.0/guice-bridge-2.5.0.jar:/home/runner/.m2/repository/org/glassfish/jersey/core/jersey-server/2.34/jersey-server-2.34.jar:/home/runner/.m2/repository/org/glassfish/jersey/core/jersey-client/2.34/jersey-client-2.34.jar:/home/runner/.m2/repository/jakarta/annotation/jakarta.annotation-api/1.3.5/jakarta.annotation-api-1.3.5.jar:/home/runner/.m2/repository/jakarta/validation/jakarta.validation-api/2.0.2/jakarta.validation-api-2.0.2.jar:/home/runner/.m2/repository/org/glassfish/jersey/media/jersey-media-json-jackson/2.34/jersey-media-json-jackson-2.34.jar:/home/runner/.m2/repository/org/glassfish/jersey/ext/jersey-entity-filtering/2.34/jersey-entity-filtering-2.34.jar:/home/runner/.m2/repository/org/jooq/jooq/3.11.10/jooq-3.11.10.jar:/home/runner/.m2/repository/org/jooq/jooq-meta/3.11.10/jooq-meta-3.11.10.jar:/home/runner/.m2/repository/org/jooq/jooq-codegen/3.11.10/jooq-codegen-3.11.10.jar:/home/runner/.m2/repository/com/jolbox/bonecp/0.8.0.RELEASE/bonecp-0.8.0.RELEASE.jar:/home/runner/.m2/repository/org/apache/derby/derby/10.14.2.0/derby-10.14.2.0.jar:/home/runner/.m2/repository/org/xerial/sqlite-jdbc/3.41.2.2/sqlite-jdbc-3.41.2.2.jar:/home/runner/.m2/repository/org/springframework/spring-jdbc/5.3.27/spring-jdbc-5.3.27.jar:/home/runner/.m2/repository/org/springframework/spring-beans/5.3.27/spring-beans-5.3.27.jar:/home/runner/.m2/repository/org/springframework/spring-core/5.3.27/spring-core-5.3.27.jar:/home/runner/.m2/repository/org/springframework/spring-tx/5.3.27/spring-tx-5.3.27.jar:/home/runner/.m2/repository/org/apache/ozone/ozone-client/1.4.0-SNAPSHOT/ozone-client-1.4.0-SNAPSHOT.jar:/home/runner/.m2/repository/org/apache/ozone/hdds-erasurecode/1.4.0-SNAPSHOT/hdds-erasurecode-1.4.0-SNAPSHOT.jar:/home/runner/.m2/repository/org/apache/ozone/ozone-filesystem/1.4.0-SNAPSHOT/ozone-filesystem-1.4.0-SNAPSHOT.jar:/home/runner/.m2/repository/org/apache/ozone/ozone-filesystem-common/1.4.0-SNAPSHOT/ozone-filesystem-common-1.4.0-SNAPSHOT.jar:/home/runner/.m2/repository/org/apache/ozone/ozone-tools/1.4.0-SNAPSHOT/ozone-tools-1.4.0-SNAPSHOT.jar:/home/runner/.m2/repository/com/amazonaws/aws-java-sdk-core/1.12.261/aws-java-sdk-core-1.12.261.jar:/home/runner/.m2/repository/org/apache/httpcomponents/httpclient/4.5.13/httpclient-4.5.13.jar:/home/runner/.m2/repository/org/apache/httpcomponents/httpcore/4.4.13/httpcore-4.4.13.jar:/home/runner/.m2/repository/software/amazon/ion/ion-java/1.0.2/ion-java-1.0.2.jar:/home/runner/.m2/repository/com/fasterxml/jackson/dataformat/jackson-dataformat-cbor/2.13.4/jackson-dataformat-cbor-2.13.4.jar:/home/runner/.m2/repository/joda-time/joda-time/2.10.6/joda-time-2.10.6.jar:/home/runner/.m2/repository/com/amazonaws/aws-java-sdk-s3/1.12.261/aws-java-sdk-s3-1.12.261.jar:/home/runner/.m2/repository/com/amazonaws/aws-java-sdk-kms/1.12.261/aws-java-sdk-kms-1.12.261.jar:/home/runner/.m2/repository/com/amazonaws/jmespath-java/1.12.261/jmespath-java-1.12.261.jar:/home/runner/.m2/repository/org/kohsuke/metainf-services/metainf-services/1.8/metainf-services-1.8.jar:/home/runner/.m2/repository/org/apache/ozone/hdds-tools/1.4.0-SNAPSHOT/hdds-tools-1.4.0-SNAPSHOT.jar:/home/runner/.m2/repository/org/apache/ratis/ratis-tools/2.5.1/ratis-tools-2.5.1.jar:/home/runner/.m2/repository/commons-cli/commons-cli/1.2/commons-cli-1.2.jar:/home/runner/.m2/repository/org/apache/commons/commons-lang3/3.7/commons-lang3-3.7.jar:/home/runner/.m2/repository/org/apache/ozone/ozone-manager/1.4.0-SNAPSHOT/ozone-manager-1.4.0-SNAPSHOT-tests.jar:/home/runner/.m2/repository/org/apache/ozone/hdds-common/1.4.0-SNAPSHOT/hdds-common-1.4.0-SNAPSHOT-tests.jar:/home/runner/.m2/repository/org/apache/ozone/hdds-hadoop-dependency-client/1.4.0-SNAPSHOT/hdds-hadoop-dependency-client-1.4.0-SNAPSHOT.jar:/home/runner/.m2/repository/info/picocli/picocli/4.6.1/picocli-4.6.1.jar:/home/runner/.m2/repository/com/fasterxml/jackson/core/jackson-annotations/2.13.4/jackson-annotations-2.13.4.jar:/home/runner/.m2/repository/org/apache/ozone/hdds-annotation-processing/1.4.0-SNAPSHOT/hdds-annotation-processing-1.4.0-SNAPSHOT.jar:/home/runner/.m2/repository/javax/annotation/javax.annotation-api/1.2/javax.annotation-api-1.2.jar:/home/runner/.m2/repository/org/apache/ratis/ratis-netty/2.5.1/ratis-netty-2.5.1.jar:/home/runner/.m2/repository/org/apache/ratis/ratis-grpc/2.5.1/ratis-grpc-2.5.1.jar:/home/runner/.m2/repository/org/apache/commons/commons-pool2/2.6.0/commons-pool2-2.6.0.jar:/home/runner/.m2/repository/org/bouncycastle/bcpkix-jdk15on/1.67/bcpkix-jdk15on-1.67.jar:/home/runner/.m2/repository/commons-validator/commons-validator/1.6/commons-validator-1.6.jar:/home/runner/.m2/repository/commons-beanutils/commons-beanutils/1.9.4/commons-beanutils-1.9.4.jar:/home/runner/.m2/repository/commons-digester/commons-digester/1.8.1/commons-digester-1.8.1.jar:/home/runner/.m2/repository/commons-collections/commons-collections/3.2.2/commons-collections-3.2.2.jar:/home/runner/.m2/repository/io/jaegertracing/jaeger-client/1.6.0/jaeger-client-1.6.0.jar:/home/runner/.m2/repository/io/jaegertracing/jaeger-thrift/1.6.0/jaeger-thrift-1.6.0.jar:/home/runner/.m2/repository/org/apache/thrift/libthrift/0.14.1/libthrift-0.14.1.jar:/home/runner/.m2/repository/io/jaegertracing/jaeger-core/1.6.0/jaeger-core-1.6.0.jar:/home/runner/.m2/repository/io/jaegertracing/jaeger-tracerresolver/1.6.0/jaeger-tracerresolver-1.6.0.jar:/home/runner/.m2/repository/io/opentracing/contrib/opentracing-tracerresolver/0.1.8/opentracing-tracerresolver-0.1.8.jar:/home/runner/.m2/repository/org/jetbrains/kotlin/kotlin-stdlib/1.6.21/kotlin-stdlib-1.6.21.jar:/home/runner/.m2/repository/org/jetbrains/annotations/13.0/annotations-13.0.jar:/home/runner/.m2/repository/io/opentracing/opentracing-util/0.33.0/opentracing-util-0.33.0.jar:/home/runner/.m2/repository/io/opentracing/opentracing-api/0.33.0/opentracing-api-0.33.0.jar:/home/runner/.m2/repository/io/opentracing/opentracing-noop/0.33.0/opentracing-noop-0.33.0.jar:/home/runner/.m2/repository/org/yaml/snakeyaml/2.0/snakeyaml-2.0.jar:/home/runner/.m2/repository/io/grpc/grpc-api/1.51.1/grpc-api-1.51.1.jar:/home/runner/.m2/repository/io/grpc/grpc-context/1.51.1/grpc-context-1.51.1.jar:/home/runner/.m2/repository/junit/junit/4.13.1/junit-4.13.1.jar:/home/runner/.m2/repository/org/hamcrest/hamcrest-core/1.3/hamcrest-core-1.3.jar:/home/runner/.m2/repository/org/junit/jupiter/junit-jupiter-api/5.8.2/junit-jupiter-api-5.8.2.jar:/home/runner/.m2/repository/org/opentest4j/opentest4j/1.2.0/opentest4j-1.2.0.jar:/home/runner/.m2/repository/org/junit/platform/junit-platform-commons/1.8.2/junit-platform-commons-1.8.2.jar:/home/runner/.m2/repository/org/apiguardian/apiguardian-api/1.1.2/apiguardian-api-1.1.2.jar:/home/runner/.m2/repository/org/junit/jupiter/junit-jupiter-params/5.8.2/junit-jupiter-params-5.8.2.jar:/home/runner/.m2/repository/org/junit/jupiter/junit-jupiter-migrationsupport/5.8.2/junit-jupiter-migrationsupport-5.8.2.jar:/home/runner/.m2/repository/org/junit/jupiter/junit-jupiter-engine/5.8.2/junit-jupiter-engine-5.8.2.jar:/home/runner/.m2/repository/org/junit/platform/junit-platform-engine/1.8.2/junit-platform-engine-1.8.2.jar:/home/runner/.m2/repository/org/junit/vintage/junit-vintage-engine/5.8.2/junit-vintage-engine-5.8.2.jar:/home/runner/.m2/repository/org/junit/platform/junit-platform-launcher/1.8.2/junit-platform-launcher-1.8.2.jar:/home/runner/.m2/repository/org/mockito/mockito-core/3.5.9/mockito-core-3.5.9.jar:/home/runner/.m2/repository/net/bytebuddy/byte-buddy/1.10.13/byte-buddy-1.10.13.jar:/home/runner/.m2/repository/net/bytebuddy/byte-buddy-agent/1.10.13/byte-buddy-agent-1.10.13.jar:/home/runner/.m2/repository/org/objenesis/objenesis/1.0/objenesis-1.0.jar:/home/runner/.m2/repository/org/apache/hadoop/hadoop-kms/3.3.6/hadoop-kms-3.3.6.jar:/home/runner/.m2/repository/org/apache/hadoop/hadoop-auth/3.3.6/hadoop-auth-3.3.6.jar:/home/runner/.m2/repository/com/nimbusds/nimbus-jose-jwt/9.8.1/nimbus-jose-jwt-9.8.1.jar:/home/runner/.m2/repository/com/github/stephenc/jcip/jcip-annotations/1.0-1/jcip-annotations-1.0-1.jar:/home/runner/.m2/repository/org/apache/zookeeper/zookeeper/3.5.6/zookeeper-3.5.6.jar:/home/runner/.m2/repository/org/apache/zookeeper/zookeeper-jute/3.5.6/zookeeper-jute-3.5.6.jar:/home/runner/.m2/repository/org/apache/yetus/audience-annotations/0.5.0/audience-annotations-0.5.0.jar:/home/runner/.m2/repository/org/apache/curator/curator-framework/4.2.0/curator-framework-4.2.0.jar:/home/runner/.m2/repository/org/apache/hadoop/thirdparty/hadoop-shaded-guava/1.1.1/hadoop-shaded-guava-1.1.1.jar:/home/runner/.m2/repository/com/sun/jersey/jersey-core/1.19/jersey-core-1.19.jar:/home/runner/.m2/repository/javax/ws/rs/jsr311-api/1.1.1/jsr311-api-1.1.1.jar:/home/runner/.m2/repository/com/sun/jersey/jersey-server/1.19/jersey-server-1.19.jar:/home/runner/.m2/repository/javax/servlet/javax.servlet-api/3.1.0/javax.servlet-api-3.1.0.jar:/home/runner/.m2/repository/org/apache/hadoop/hadoop-common/3.3.6/hadoop-common-3.3.6.jar:/home/runner/.m2/repository/org/apache/commons/commons-math3/3.1.1/commons-math3-3.1.1.jar:/home/runner/.m2/repository/commons-net/commons-net/3.9.0/commons-net-3.9.0.jar:/home/runner/.m2/repository/com/sun/jersey/jersey-servlet/1.19/jersey-servlet-1.19.jar:/home/runner/.m2/repository/com/github/pjfanning/jersey-json/1.20/jersey-json-1.20.jar:/home/runner/.m2/repository/org/codehaus/jettison/jettison/1.1/jettison-1.1.jar:/home/runner/.m2/repository/com/sun/xml/bind/jaxb-impl/2.2.3-1/jaxb-impl-2.2.3-1.jar:/home/runner/.m2/repository/com/google/re2j/re2j/1.1/re2j-1.1.jar:/home/runner/.m2/repository/com/jcraft/jsch/0.1.54/jsch-0.1.54.jar:/home/runner/.m2/repository/org/apache/curator/curator-client/4.2.0/curator-client-4.2.0.jar:/home/runner/.m2/repository/org/apache/curator/curator-recipes/5.2.0/curator-recipes-5.2.0.jar:/home/runner/.m2/repository/org/apache/kerby/kerb-core/1.0.1/kerb-core-1.0.1.jar:/home/runner/.m2/repository/org/apache/kerby/kerby-pkix/1.0.1/kerby-pkix-1.0.1.jar:/home/runner/.m2/repository/org/apache/kerby/kerby-asn1/1.0.1/kerby-asn1-1.0.1.jar:/home/runner/.m2/repository/org/apache/kerby/kerby-util/1.0.1/kerby-util-1.0.1.jar:/home/runner/.m2/repository/dnsjava/dnsjava/2.1.7/dnsjava-2.1.7.jar:/home/runner/.m2/repository/org/xerial/snappy/snappy-java/1.1.8.2/snappy-java-1.1.8.2.jar:/home/runner/.m2/repository/com/fasterxml/jackson/core/jackson-databind/2.13.4.2/jackson-databind-2.13.4.2.jar:/home/runner/.m2/repository/org/apache/hadoop/hadoop-kms/3.3.6/hadoop-kms-3.3.6-tests.jar:/home/runner/.m2/repository/org/apache/ozone/hdds-server-scm/1.4.0-SNAPSHOT/hdds-server-scm-1.4.0-SNAPSHOT-tests.jar:/home/runner/.m2/repository/org/apache/ozone/hdds-container-service/1.4.0-SNAPSHOT/hdds-container-service-1.4.0-SNAPSHOT-tests.jar:/home/runner/.m2/repository/com/github/luben/zstd-jni/1.5.2-5/zstd-jni-1.5.2-5.jar:/home/runner/.m2/repository/commons-codec/commons-codec/1.15/commons-codec-1.15.jar:/home/runner/.m2/repository/io/netty/netty-codec/4.1.94.Final/netty-codec-4.1.94.Final.jar:/home/runner/.m2/repository/io/netty/netty-handler/4.1.94.Final/netty-handler-4.1.94.Final.jar:/home/runner/.m2/repository/org/apache/ozone/hdds-hadoop-dependency-test/1.4.0-SNAPSHOT/hdds-hadoop-dependency-test-1.4.0-SNAPSHOT.jar:/home/runner/.m2/repository/org/apache/hadoop/hadoop-common/3.3.6/hadoop-common-3.3.6-tests.jar:/home/runner/.m2/repository/org/apache/hadoop/hadoop-hdfs/3.3.6/hadoop-hdfs-3.3.6-tests.jar:/home/runner/.m2/repository/org/assertj/assertj-core/3.12.2/assertj-core-3.12.2.jar:/home/runner/.m2/repository/org/apache/hadoop/hadoop-distcp/3.3.6/hadoop-distcp-3.3.6.jar:/home/runner/.m2/repository/org/apache/hadoop/hadoop-mapreduce-client-jobclient/3.3.6/hadoop-mapreduce-client-jobclient-3.3.6.jar:/home/runner/.m2/repository/org/apache/hadoop/hadoop-mapreduce-client-common/3.3.6/hadoop-mapreduce-client-common-3.3.6.jar:/home/runner/.m2/repository/org/apache/hadoop/hadoop-yarn-common/3.3.6/hadoop-yarn-common-3.3.6.jar:/home/runner/.m2/repository/org/apache/hadoop/hadoop-yarn-api/3.3.6/hadoop-yarn-api-3.3.6.jar:/home/runner/.m2/repository/com/sun/jersey/contribs/jersey-guice/1.19/jersey-guice-1.19.jar:/home/runner/.m2/repository/com/fasterxml/jackson/jaxrs/jackson-jaxrs-json-provider/2.13.4/jackson-jaxrs-json-provider-2.13.4.jar:/home/runner/.m2/repository/com/fasterxml/jackson/jaxrs/jackson-jaxrs-base/2.13.4/jackson-jaxrs-base-2.13.4.jar:/home/runner/.m2/repository/org/apache/hadoop/hadoop-yarn-client/3.3.6/hadoop-yarn-client-3.3.6.jar:/home/runner/.m2/repository/org/eclipse/jetty/websocket/websocket-client/9.4.51.v20230217/websocket-client-9.4.51.v20230217.jar:/home/runner/.m2/repository/org/eclipse/jetty/websocket/websocket-common/9.4.51.v20230217/websocket-common-9.4.51.v20230217.jar:/home/runner/.m2/repository/org/eclipse/jetty/websocket/websocket-api/9.4.51.v20230217/websocket-api-9.4.51.v20230217.jar:/home/runner/.m2/repository/org/jline/jline/3.9.0/jline-3.9.0.jar:/home/runner/.m2/repository/org/apache/hadoop/hadoop-mapreduce-client-core/3.3.6/hadoop-mapreduce-client-core-3.3.6.jar:/home/runner/.m2/repository/org/apache/avro/avro/1.7.7/avro-1.7.7.jar:/home/runner/.m2/repository/com/thoughtworks/paranamer/paranamer/2.3/paranamer-2.3.jar:/home/runner/.m2/repository/org/apache/hadoop/hadoop-annotations/3.3.6/hadoop-annotations-3.3.6.jar:/usr/lib/jvm/temurin-8-jdk-amd64/jre/../lib/tools.jar:/home/runner/.m2/repository/io/netty/netty/3.10.6.Final/netty-3.10.6.Final.jar:/home/runner/.m2/repository/org/apache/hadoop/hadoop-distcp/3.3.6/hadoop-distcp-3.3.6-tests.jar:/home/runner/.m2/repository/org/slf4j/jul-to-slf4j/1.7.36/jul-to-slf4j-1.7.36.jar:"/>
    <property name="java.vm.vendor" value="Temurin"/>
    <property name="sun.arch.data.model" value="64"/>
    <property name="test.build.dir" value="/home/runner/work/ozone/ozone/hadoop-ozone/integration-test/target/test-dir"/>
    <property name="test.cache.data" value=""/>
    <property name="java.vendor.url" value="https://adoptium.net/"/>
    <property name="user.timezone" value="Etc/UTC"/>
    <property name="java.vm.specification.version" value="1.8"/>
    <property name="os.name" value="Linux"/>
    <property name="test.build.data" value="/home/runner/work/ozone/ozone/hadoop-ozone/integration-test/target/test-dir"/>
    <property name="sun.java.launcher" value="SUN_STANDARD"/>
    <property name="sun.boot.library.path" value="/usr/lib/jvm/temurin-8-jdk-amd64/jre/lib/amd64"/>
    <property name="sun.java.command" value="/home/runner/work/ozone/ozone/hadoop-ozone/integration-test/target/surefire/surefirebooter1101530428008642081.jar /home/runner/work/ozone/ozone/hadoop-ozone/integration-test/target/surefire 2023-09-23T10-01-54_515-jvmRun1 surefire2275930185676247304tmp surefire_32181004683875262253tmp"/>
    <property name="native.lib.tmp.dir" value="/tmp"/>
    <property name="surefire.test.class.path" value="/home/runner/work/ozone/ozone/hadoop-ozone/integration-test/target/test-classes:/home/runner/work/ozone/ozone/hadoop-ozone/integration-test/target/classes:/home/runner/.m2/repository/org/apache/ozone/ozone-common/1.4.0-SNAPSHOT/ozone-common-1.4.0-SNAPSHOT.jar:/home/runner/.m2/repository/io/grpc/grpc-netty/1.51.1/grpc-netty-1.51.1.jar:/home/runner/.m2/repository/io/grpc/grpc-core/1.51.1/grpc-core-1.51.1.jar:/home/runner/.m2/repository/com/google/android/annotations/4.1.1.4/annotations-4.1.1.4.jar:/home/runner/.m2/repository/org/codehaus/mojo/animal-sniffer-annotations/1.21/animal-sniffer-annotations-1.21.jar:/home/runner/.m2/repository/com/google/errorprone/error_prone_annotations/2.2.0/error_prone_annotations-2.2.0.jar:/home/runner/.m2/repository/io/perfmark/perfmark-api/0.25.0/perfmark-api-0.25.0.jar:/home/runner/.m2/repository/io/netty/netty-codec-http2/4.1.94.Final/netty-codec-http2-4.1.94.Final.jar:/home/runner/.m2/repository/io/netty/netty-common/4.1.94.Final/netty-common-4.1.94.Final.jar:/home/runner/.m2/repository/io/netty/netty-buffer/4.1.94.Final/netty-buffer-4.1.94.Final.jar:/home/runner/.m2/repository/io/netty/netty-codec-http/4.1.94.Final/netty-codec-http-4.1.94.Final.jar:/home/runner/.m2/repository/io/netty/netty-handler-proxy/4.1.94.Final/netty-handler-proxy-4.1.94.Final.jar:/home/runner/.m2/repository/io/netty/netty-codec-socks/4.1.94.Final/netty-codec-socks-4.1.94.Final.jar:/home/runner/.m2/repository/io/netty/netty-tcnative-boringssl-static/2.0.61.Final/netty-tcnative-boringssl-static-2.0.61.Final.jar:/home/runner/.m2/repository/io/netty/netty-tcnative-classes/2.0.61.Final/netty-tcnative-classes-2.0.61.Final.jar:/home/runner/.m2/repository/io/netty/netty-tcnative-boringssl-static/2.0.61.Final/netty-tcnative-boringssl-static-2.0.61.Final-linux-x86_64.jar:/home/runner/.m2/repository/io/netty/netty-tcnative-boringssl-static/2.0.61.Final/netty-tcnative-boringssl-static-2.0.61.Final-linux-aarch_64.jar:/home/runner/.m2/repository/io/netty/netty-tcnative-boringssl-static/2.0.61.Final/netty-tcnative-boringssl-static-2.0.61.Final-osx-x86_64.jar:/home/runner/.m2/repository/io/netty/netty-tcnative-boringssl-static/2.0.61.Final/netty-tcnative-boringssl-static-2.0.61.Final-osx-aarch_64.jar:/home/runner/.m2/repository/io/netty/netty-tcnative-boringssl-static/2.0.61.Final/netty-tcnative-boringssl-static-2.0.61.Final-windows-x86_64.jar:/home/runner/.m2/repository/org/apache/commons/commons-compress/1.21/commons-compress-1.21.jar:/home/runner/.m2/repository/org/apache/ozone/hdds-common/1.4.0-SNAPSHOT/hdds-common-1.4.0-SNAPSHOT.jar:/home/runner/.m2/repository/org/apache/ozone/hdds-client/1.4.0-SNAPSHOT/hdds-client-1.4.0-SNAPSHOT.jar:/home/runner/.m2/repository/org/apache/ozone/ozone-interface-client/1.4.0-SNAPSHOT/ozone-interface-client-1.4.0-SNAPSHOT.jar:/home/runner/.m2/repository/org/apache/hadoop/hadoop-hdfs-client/3.3.6/hadoop-hdfs-client-3.3.6.jar:/home/runner/.m2/repository/com/squareup/okhttp3/okhttp/4.9.3/okhttp-4.9.3.jar:/home/runner/.m2/repository/com/squareup/okio/okio/3.4.0/okio-3.4.0.jar:/home/runner/.m2/repository/com/squareup/okio/okio-jvm/3.4.0/okio-jvm-3.4.0.jar:/home/runner/.m2/repository/org/jetbrains/kotlin/kotlin-stdlib-jdk8/1.8.0/kotlin-stdlib-jdk8-1.8.0.jar:/home/runner/.m2/repository/org/jetbrains/kotlin/kotlin-stdlib-jdk7/1.8.0/kotlin-stdlib-jdk7-1.8.0.jar:/home/runner/.m2/repository/org/jetbrains/kotlin/kotlin-stdlib-common/1.6.21/kotlin-stdlib-common-1.6.21.jar:/home/runner/.m2/repository/org/apache/ozone/hdds-test-utils/1.4.0-SNAPSHOT/hdds-test-utils-1.4.0-SNAPSHOT.jar:/home/runner/.m2/repository/com/google/guava/guava/32.0.0-jre/guava-32.0.0-jre.jar:/home/runner/.m2/repository/com/google/guava/failureaccess/1.0.1/failureaccess-1.0.1.jar:/home/runner/.m2/repository/com/google/guava/listenablefuture/9999.0-empty-to-avoid-conflict-with-guava/listenablefuture-9999.0-empty-to-avoid-conflict-with-guava.jar:/home/runner/.m2/repository/com/google/code/findbugs/jsr305/3.0.0/jsr305-3.0.0.jar:/home/runner/.m2/repository/org/checkerframework/checker-qual/3.33.0/checker-qual-3.33.0.jar:/home/runner/.m2/repository/com/google/j2objc/j2objc-annotations/2.8/j2objc-annotations-2.8.jar:/home/runner/.m2/repository/commons-io/commons-io/2.11.0/commons-io-2.11.0.jar:/home/runner/.m2/repository/commons-logging/commons-logging/1.2/commons-logging-1.2.jar:/home/runner/.m2/repository/ch/qos/reload4j/reload4j/1.2.22/reload4j-1.2.22.jar:/home/runner/.m2/repository/org/slf4j/slf4j-api/1.7.36/slf4j-api-1.7.36.jar:/home/runner/.m2/repository/org/apache/logging/log4j/log4j-api/2.17.1/log4j-api-2.17.1.jar:/home/runner/.m2/repository/org/apache/ozone/hdds-server-scm/1.4.0-SNAPSHOT/hdds-server-scm-1.4.0-SNAPSHOT.jar:/home/runner/.m2/repository/org/apache/ozone/hdds-container-service/1.4.0-SNAPSHOT/hdds-container-service-1.4.0-SNAPSHOT.jar:/home/runner/.m2/repository/org/apache/ozone/hdds-hadoop-dependency-server/1.4.0-SNAPSHOT/hdds-hadoop-dependency-server-1.4.0-SNAPSHOT.jar:/home/runner/.m2/repository/org/apache/hadoop/hadoop-hdfs/3.3.6/hadoop-hdfs-3.3.6.jar:/home/runner/.m2/repository/commons-daemon/commons-daemon/1.0.13/commons-daemon-1.0.13.jar:/home/runner/.m2/repository/org/apache/ozone/hdds-server-framework/1.4.0-SNAPSHOT/hdds-server-framework-1.4.0-SNAPSHOT.jar:/home/runner/.m2/repository/io/dropwizard/metrics/metrics-core/3.2.4/metrics-core-3.2.4.jar:/home/runner/.m2/repository/org/apache/commons/commons-text/1.10.0/commons-text-1.10.0.jar:/home/runner/.m2/repository/org/bouncycastle/bcprov-jdk15on/1.67/bcprov-jdk15on-1.67.jar:/home/runner/.m2/repository/com/google/protobuf/protobuf-java/2.5.0/protobuf-java-2.5.0.jar:/home/runner/.m2/repository/org/apache/ozone/hdds-server-framework/1.4.0-SNAPSHOT/hdds-server-framework-1.4.0-SNAPSHOT-tests.jar:/home/runner/.m2/repository/org/apache/ozone/hdds-interface-server/1.4.0-SNAPSHOT/hdds-interface-server-1.4.0-SNAPSHOT.jar:/home/runner/.m2/repository/org/apache/ozone/hdds-interface-admin/1.4.0-SNAPSHOT/hdds-interface-admin-1.4.0-SNAPSHOT.jar:/home/runner/.m2/repository/org/apache/ozone/hdds-managed-rocksdb/1.4.0-SNAPSHOT/hdds-managed-rocksdb-1.4.0-SNAPSHOT.jar:/home/runner/.m2/repository/org/rocksdb/rocksdbjni/7.7.3/rocksdbjni-7.7.3.jar:/home/runner/.m2/repository/org/slf4j/slf4j-reload4j/1.7.36/slf4j-reload4j-1.7.36.jar:/home/runner/.m2/repository/org/apache/commons/commons-configuration2/2.1.1/commons-configuration2-2.1.1.jar:/home/runner/.m2/repository/commons-fileupload/commons-fileupload/1.5/commons-fileupload-1.5.jar:/home/runner/.m2/repository/org/apache/logging/log4j/log4j-core/2.17.1/log4j-core-2.17.1.jar:/home/runner/.m2/repository/com/lmax/disruptor/3.4.2/disruptor-3.4.2.jar:/home/runner/.m2/repository/org/eclipse/jetty/jetty-util/9.4.52.v20230823/jetty-util-9.4.52.v20230823.jar:/home/runner/.m2/repository/org/eclipse/jetty/jetty-server/9.4.52.v20230823/jetty-server-9.4.52.v20230823.jar:/home/runner/.m2/repository/org/eclipse/jetty/jetty-http/9.4.52.v20230823/jetty-http-9.4.52.v20230823.jar:/home/runner/.m2/repository/org/eclipse/jetty/jetty-io/9.4.52.v20230823/jetty-io-9.4.52.v20230823.jar:/home/runner/.m2/repository/org/eclipse/jetty/jetty-servlet/9.4.52.v20230823/jetty-servlet-9.4.52.v20230823.jar:/home/runner/.m2/repository/org/eclipse/jetty/jetty-security/9.4.52.v20230823/jetty-security-9.4.52.v20230823.jar:/home/runner/.m2/repository/org/eclipse/jetty/jetty-util-ajax/9.4.52.v20230823/jetty-util-ajax-9.4.52.v20230823.jar:/home/runner/.m2/repository/org/eclipse/jetty/jetty-webapp/9.4.52.v20230823/jetty-webapp-9.4.52.v20230823.jar:/home/runner/.m2/repository/org/eclipse/jetty/jetty-xml/9.4.52.v20230823/jetty-xml-9.4.52.v20230823.jar:/home/runner/.m2/repository/org/apache/ratis/ratis-server/2.5.1/ratis-server-2.5.1.jar:/home/runner/.m2/repository/org/apache/ratis/ratis-thirdparty-misc/1.0.4/ratis-thirdparty-misc-1.0.4.jar:/home/runner/.m2/repository/org/apache/ratis/ratis-proto/2.5.1/ratis-proto-2.5.1.jar:/home/runner/.m2/repository/org/apache/ratis/ratis-common/2.5.1/ratis-common-2.5.1.jar:/home/runner/.m2/repository/org/apache/ratis/ratis-client/2.5.1/ratis-client-2.5.1.jar:/home/runner/.m2/repository/org/apache/ratis/ratis-server-api/2.5.1/ratis-server-api-2.5.1.jar:/home/runner/.m2/repository/org/apache/ratis/ratis-metrics/2.5.1/ratis-metrics-2.5.1.jar:/home/runner/.m2/repository/io/prometheus/simpleclient_dropwizard/0.7.0/simpleclient_dropwizard-0.7.0.jar:/home/runner/.m2/repository/io/prometheus/simpleclient/0.7.0/simpleclient-0.7.0.jar:/home/runner/.m2/repository/io/prometheus/simpleclient_common/0.7.0/simpleclient_common-0.7.0.jar:/home/runner/.m2/repository/com/fasterxml/jackson/datatype/jackson-datatype-jsr310/2.13.4/jackson-datatype-jsr310-2.13.4.jar:/home/runner/.m2/repository/com/fasterxml/jackson/core/jackson-core/2.13.4/jackson-core-2.13.4.jar:/home/runner/.m2/repository/com/github/spotbugs/spotbugs-annotations/3.1.12/spotbugs-annotations-3.1.12.jar:/home/runner/.m2/repository/org/apache/ozone/rocksdb-checkpoint-differ/1.4.0-SNAPSHOT/rocksdb-checkpoint-differ-1.4.0-SNAPSHOT.jar:/home/runner/.m2/repository/org/jgrapht/jgrapht-core/1.0.1/jgrapht-core-1.0.1.jar:/home/runner/.m2/repository/org/jgrapht/jgrapht-ext/1.0.1/jgrapht-ext-1.0.1.jar:/home/runner/.m2/repository/org/tinyjee/jgraphx/jgraphx/2.0.0.1/jgraphx-2.0.0.1.jar:/home/runner/.m2/repository/jgraph/jgraph/5.13.0.0/jgraph-5.13.0.0.jar:/home/runner/.m2/repository/org/antlr/antlr4-runtime/4.5.3/antlr4-runtime-4.5.3.jar:/home/runner/.m2/repository/org/awaitility/awaitility/4.2.0/awaitility-4.2.0.jar:/home/runner/.m2/repository/org/hamcrest/hamcrest/2.1/hamcrest-2.1.jar:/home/runner/.m2/repository/org/apache/ozone/ozone-manager/1.4.0-SNAPSHOT/ozone-manager-1.4.0-SNAPSHOT.jar:/home/runner/.m2/repository/org/aspectj/aspectjrt/1.9.7/aspectjrt-1.9.7.jar:/home/runner/.m2/repository/org/aspectj/aspectjweaver/1.9.7/aspectjweaver-1.9.7.jar:/home/runner/.m2/repository/org/apache/ozone/hdds-interface-client/1.4.0-SNAPSHOT/hdds-interface-client-1.4.0-SNAPSHOT.jar:/home/runner/.m2/repository/org/apache/hadoop/thirdparty/hadoop-shaded-protobuf_3_7/1.1.1/hadoop-shaded-protobuf_3_7-1.1.1.jar:/home/runner/.m2/repository/org/apache/ozone/ozone-interface-storage/1.4.0-SNAPSHOT/ozone-interface-storage-1.4.0-SNAPSHOT.jar:/home/runner/.m2/repository/org/reflections/reflections/0.9.11/reflections-0.9.11.jar:/home/runner/.m2/repository/com/sun/jersey/jersey-client/1.19/jersey-client-1.19.jar:/home/runner/.m2/repository/org/codehaus/jackson/jackson-core-asl/1.9.13/jackson-core-asl-1.9.13.jar:/home/runner/.m2/repository/org/codehaus/jackson/jackson-mapper-asl/1.9.13/jackson-mapper-asl-1.9.13.jar:/home/runner/.m2/repository/org/codehaus/jackson/jackson-jaxrs/1.9.13/jackson-jaxrs-1.9.13.jar:/home/runner/.m2/repository/org/apache/ranger/ranger-intg/2.3.0/ranger-intg-2.3.0.jar:/home/runner/.m2/repository/org/apache/ranger/ranger-plugins-common/2.3.0/ranger-plugins-common-2.3.0.jar:/home/runner/.m2/repository/commons-lang/commons-lang/2.6/commons-lang-2.6.jar:/home/runner/.m2/repository/org/apache/ranger/ranger-plugins-cred/2.3.0/ranger-plugins-cred-2.3.0.jar:/home/runner/.m2/repository/org/apache/ranger/ranger-plugins-audit/2.3.0/ranger-plugins-audit-2.3.0.jar:/home/runner/.m2/repository/org/eclipse/jetty/jetty-client/9.4.52.v20230823/jetty-client-9.4.52.v20230823.jar:/home/runner/.m2/repository/org/apache/httpcomponents/httpmime/4.5.6/httpmime-4.5.6.jar:/home/runner/.m2/repository/org/apache/httpcomponents/httpcore-nio/4.4.13/httpcore-nio-4.4.13.jar:/home/runner/.m2/repository/org/apache/httpcomponents/httpasyncclient/4.1.3/httpasyncclient-4.1.3.jar:/home/runner/.m2/repository/com/carrotsearch/hppc/0.8.0/hppc-0.8.0.jar:/home/runner/.m2/repository/org/apache/orc/orc-core/1.5.8/orc-core-1.5.8.jar:/home/runner/.m2/repository/net/java/dev/jna/jna/5.2.0/jna-5.2.0.jar:/home/runner/.m2/repository/net/java/dev/jna/jna-platform/5.2.0/jna-platform-5.2.0.jar:/home/runner/.m2/repository/com/kstruct/gethostname4j/0.0.2/gethostname4j-0.0.2.jar:/home/runner/.m2/repository/org/apache/ranger/ranger-plugin-classloader/2.3.0/ranger-plugin-classloader-2.3.0.jar:/home/runner/.m2/repository/org/apache/ozone/hdds-rocks-native/1.4.0-SNAPSHOT/hdds-rocks-native-1.4.0-SNAPSHOT.jar:/home/runner/.m2/repository/org/apache/hadoop/hadoop-minikdc/3.3.6/hadoop-minikdc-3.3.6.jar:/home/runner/.m2/repository/org/apache/kerby/kerb-simplekdc/1.0.1/kerb-simplekdc-1.0.1.jar:/home/runner/.m2/repository/org/apache/kerby/kerb-client/1.0.1/kerb-client-1.0.1.jar:/home/runner/.m2/repository/org/apache/kerby/kerby-config/1.0.1/kerby-config-1.0.1.jar:/home/runner/.m2/repository/org/apache/kerby/kerb-common/1.0.1/kerb-common-1.0.1.jar:/home/runner/.m2/repository/org/apache/kerby/kerb-crypto/1.0.1/kerb-crypto-1.0.1.jar:/home/runner/.m2/repository/org/apache/kerby/kerb-util/1.0.1/kerb-util-1.0.1.jar:/home/runner/.m2/repository/org/apache/kerby/token-provider/1.0.1/token-provider-1.0.1.jar:/home/runner/.m2/repository/org/apache/kerby/kerb-admin/1.0.1/kerb-admin-1.0.1.jar:/home/runner/.m2/repository/org/apache/kerby/kerb-server/1.0.1/kerb-server-1.0.1.jar:/home/runner/.m2/repository/org/apache/kerby/kerb-identity/1.0.1/kerb-identity-1.0.1.jar:/home/runner/.m2/repository/org/apache/kerby/kerby-xdr/1.0.1/kerby-xdr-1.0.1.jar:/home/runner/.m2/repository/org/apache/ozone/ozone-s3gateway/1.4.0-SNAPSHOT/ozone-s3gateway-1.4.0-SNAPSHOT.jar:/home/runner/.m2/repository/org/javassist/javassist/3.21.0-GA/javassist-3.21.0-GA.jar:/home/runner/.m2/repository/org/jboss/weld/servlet/weld-servlet-shaded/3.1.9.Final/weld-servlet-shaded-3.1.9.Final.jar:/home/runner/.m2/repository/org/glassfish/jersey/containers/jersey-container-servlet-core/2.34/jersey-container-servlet-core-2.34.jar:/home/runner/.m2/repository/org/glassfish/hk2/external/jakarta.inject/2.6.1/jakarta.inject-2.6.1.jar:/home/runner/.m2/repository/org/glassfish/jersey/core/jersey-common/2.34/jersey-common-2.34.jar:/home/runner/.m2/repository/jakarta/ws/rs/jakarta.ws.rs-api/2.1.6/jakarta.ws.rs-api-2.1.6.jar:/home/runner/.m2/repository/org/glassfish/jersey/ext/cdi/jersey-cdi1x/2.34/jersey-cdi1x-2.34.jar:/home/runner/.m2/repository/org/glassfish/jersey/inject/jersey-hk2/2.34/jersey-hk2-2.34.jar:/home/runner/.m2/repository/org/glassfish/hk2/hk2-locator/2.6.1/hk2-locator-2.6.1.jar:/home/runner/.m2/repository/org/glassfish/jersey/media/jersey-media-jaxb/2.34/jersey-media-jaxb-2.34.jar:/home/runner/.m2/repository/org/glassfish/hk2/osgi-resource-locator/1.0.3/osgi-resource-locator-1.0.3.jar:/home/runner/.m2/repository/org/glassfish/hk2/hk2-api/2.5.0/hk2-api-2.5.0.jar:/home/runner/.m2/repository/org/glassfish/hk2/hk2-utils/2.5.0/hk2-utils-2.5.0.jar:/home/runner/.m2/repository/org/glassfish/hk2/external/aopalliance-repackaged/2.5.0/aopalliance-repackaged-2.5.0.jar:/home/runner/.m2/repository/com/fasterxml/jackson/dataformat/jackson-dataformat-xml/2.13.4/jackson-dataformat-xml-2.13.4.jar:/home/runner/.m2/repository/org/codehaus/woodstox/stax2-api/4.2.1/stax2-api-4.2.1.jar:/home/runner/.m2/repository/com/fasterxml/woodstox/woodstox-core/5.4.0/woodstox-core-5.4.0.jar:/home/runner/.m2/repository/com/fasterxml/jackson/module/jackson-module-jaxb-annotations/2.13.4/jackson-module-jaxb-annotations-2.13.4.jar:/home/runner/.m2/repository/jakarta/xml/bind/jakarta.xml.bind-api/2.3.3/jakarta.xml.bind-api-2.3.3.jar:/home/runner/.m2/repository/jakarta/activation/jakarta.activation-api/1.2.2/jakarta.activation-api-1.2.2.jar:/home/runner/.m2/repository/javax/enterprise/cdi-api/2.0/cdi-api-2.0.jar:/home/runner/.m2/repository/javax/el/javax.el-api/3.0.0/javax.el-api-3.0.0.jar:/home/runner/.m2/repository/javax/interceptor/javax.interceptor-api/1.2/javax.interceptor-api-1.2.jar:/home/runner/.m2/repository/javax/inject/javax.inject/1/javax.inject-1.jar:/home/runner/.m2/repository/javax/xml/bind/jaxb-api/2.3.0/jaxb-api-2.3.0.jar:/home/runner/.m2/repository/org/glassfish/jaxb/jaxb-runtime/2.3.0.1/jaxb-runtime-2.3.0.1.jar:/home/runner/.m2/repository/org/glassfish/jaxb/jaxb-core/2.3.0.1/jaxb-core-2.3.0.1.jar:/home/runner/.m2/repository/org/glassfish/jaxb/txw2/2.3.0.1/txw2-2.3.0.1.jar:/home/runner/.m2/repository/com/sun/istack/istack-commons-runtime/3.0.5/istack-commons-runtime-3.0.5.jar:/home/runner/.m2/repository/org/jvnet/staxex/stax-ex/1.7.8/stax-ex-1.7.8.jar:/home/runner/.m2/repository/com/sun/xml/fastinfoset/FastInfoset/1.2.13/FastInfoset-1.2.13.jar:/home/runner/.m2/repository/javax/activation/activation/1.1.1/activation-1.1.1.jar:/home/runner/.m2/repository/io/grpc/grpc-protobuf/1.51.1/grpc-protobuf-1.51.1.jar:/home/runner/.m2/repository/com/google/api/grpc/proto-google-common-protos/2.9.0/proto-google-common-protos-2.9.0.jar:/home/runner/.m2/repository/io/grpc/grpc-protobuf-lite/1.51.1/grpc-protobuf-lite-1.51.1.jar:/home/runner/.m2/repository/io/grpc/grpc-stub/1.51.1/grpc-stub-1.51.1.jar:/home/runner/.m2/repository/io/netty/netty-transport/4.1.94.Final/netty-transport-4.1.94.Final.jar:/home/runner/.m2/repository/io/netty/netty-resolver/4.1.94.Final/netty-resolver-4.1.94.Final.jar:/home/runner/.m2/repository/org/apache/ozone/ozone-csi/1.4.0-SNAPSHOT/ozone-csi-1.4.0-SNAPSHOT.jar:/home/runner/.m2/repository/com/google/protobuf/protobuf-java-util/3.19.6/protobuf-java-util-3.19.6.jar:/home/runner/.m2/repository/com/google/code/gson/gson/2.9.0/gson-2.9.0.jar:/home/runner/.m2/repository/org/apache/ozone/hdds-config/1.4.0-SNAPSHOT/hdds-config-1.4.0-SNAPSHOT.jar:/home/runner/.m2/repository/io/netty/netty-transport-native-epoll/4.1.94.Final/netty-transport-native-epoll-4.1.94.Final-linux-x86_64.jar:/home/runner/.m2/repository/io/netty/netty-transport-classes-epoll/4.1.94.Final/netty-transport-classes-epoll-4.1.94.Final.jar:/home/runner/.m2/repository/io/netty/netty-transport-native-unix-common/4.1.94.Final/netty-transport-native-unix-common-4.1.94.Final.jar:/home/runner/.m2/repository/org/apache/ozone/ozone-recon/1.4.0-SNAPSHOT/ozone-recon-1.4.0-SNAPSHOT.jar:/home/runner/.m2/repository/org/apache/ozone/ozone-reconcodegen/1.4.0-SNAPSHOT/ozone-reconcodegen-1.4.0-SNAPSHOT.jar:/home/runner/.m2/repository/com/google/inject/guice/5.1.0/guice-5.1.0.jar:/home/runner/.m2/repository/aopalliance/aopalliance/1.0/aopalliance-1.0.jar:/home/runner/.m2/repository/com/google/inject/extensions/guice-assistedinject/5.1.0/guice-assistedinject-5.1.0.jar:/home/runner/.m2/repository/com/google/inject/extensions/guice-servlet/5.1.0/guice-servlet-5.1.0.jar:/home/runner/.m2/repository/org/glassfish/jersey/containers/jersey-container-servlet/2.34/jersey-container-servlet-2.34.jar:/home/runner/.m2/repository/org/glassfish/hk2/guice-bridge/2.5.0/guice-bridge-2.5.0.jar:/home/runner/.m2/repository/org/glassfish/jersey/core/jersey-server/2.34/jersey-server-2.34.jar:/home/runner/.m2/repository/org/glassfish/jersey/core/jersey-client/2.34/jersey-client-2.34.jar:/home/runner/.m2/repository/jakarta/annotation/jakarta.annotation-api/1.3.5/jakarta.annotation-api-1.3.5.jar:/home/runner/.m2/repository/jakarta/validation/jakarta.validation-api/2.0.2/jakarta.validation-api-2.0.2.jar:/home/runner/.m2/repository/org/glassfish/jersey/media/jersey-media-json-jackson/2.34/jersey-media-json-jackson-2.34.jar:/home/runner/.m2/repository/org/glassfish/jersey/ext/jersey-entity-filtering/2.34/jersey-entity-filtering-2.34.jar:/home/runner/.m2/repository/org/jooq/jooq/3.11.10/jooq-3.11.10.jar:/home/runner/.m2/repository/org/jooq/jooq-meta/3.11.10/jooq-meta-3.11.10.jar:/home/runner/.m2/repository/org/jooq/jooq-codegen/3.11.10/jooq-codegen-3.11.10.jar:/home/runner/.m2/repository/com/jolbox/bonecp/0.8.0.RELEASE/bonecp-0.8.0.RELEASE.jar:/home/runner/.m2/repository/org/apache/derby/derby/10.14.2.0/derby-10.14.2.0.jar:/home/runner/.m2/repository/org/xerial/sqlite-jdbc/3.41.2.2/sqlite-jdbc-3.41.2.2.jar:/home/runner/.m2/repository/org/springframework/spring-jdbc/5.3.27/spring-jdbc-5.3.27.jar:/home/runner/.m2/repository/org/springframework/spring-beans/5.3.27/spring-beans-5.3.27.jar:/home/runner/.m2/repository/org/springframework/spring-core/5.3.27/spring-core-5.3.27.jar:/home/runner/.m2/repository/org/springframework/spring-tx/5.3.27/spring-tx-5.3.27.jar:/home/runner/.m2/repository/org/apache/ozone/ozone-client/1.4.0-SNAPSHOT/ozone-client-1.4.0-SNAPSHOT.jar:/home/runner/.m2/repository/org/apache/ozone/hdds-erasurecode/1.4.0-SNAPSHOT/hdds-erasurecode-1.4.0-SNAPSHOT.jar:/home/runner/.m2/repository/org/apache/ozone/ozone-filesystem/1.4.0-SNAPSHOT/ozone-filesystem-1.4.0-SNAPSHOT.jar:/home/runner/.m2/repository/org/apache/ozone/ozone-filesystem-common/1.4.0-SNAPSHOT/ozone-filesystem-common-1.4.0-SNAPSHOT.jar:/home/runner/.m2/repository/org/apache/ozone/ozone-tools/1.4.0-SNAPSHOT/ozone-tools-1.4.0-SNAPSHOT.jar:/home/runner/.m2/repository/com/amazonaws/aws-java-sdk-core/1.12.261/aws-java-sdk-core-1.12.261.jar:/home/runner/.m2/repository/org/apache/httpcomponents/httpclient/4.5.13/httpclient-4.5.13.jar:/home/runner/.m2/repository/org/apache/httpcomponents/httpcore/4.4.13/httpcore-4.4.13.jar:/home/runner/.m2/repository/software/amazon/ion/ion-java/1.0.2/ion-java-1.0.2.jar:/home/runner/.m2/repository/com/fasterxml/jackson/dataformat/jackson-dataformat-cbor/2.13.4/jackson-dataformat-cbor-2.13.4.jar:/home/runner/.m2/repository/joda-time/joda-time/2.10.6/joda-time-2.10.6.jar:/home/runner/.m2/repository/com/amazonaws/aws-java-sdk-s3/1.12.261/aws-java-sdk-s3-1.12.261.jar:/home/runner/.m2/repository/com/amazonaws/aws-java-sdk-kms/1.12.261/aws-java-sdk-kms-1.12.261.jar:/home/runner/.m2/repository/com/amazonaws/jmespath-java/1.12.261/jmespath-java-1.12.261.jar:/home/runner/.m2/repository/org/kohsuke/metainf-services/metainf-services/1.8/metainf-services-1.8.jar:/home/runner/.m2/repository/org/apache/ozone/hdds-tools/1.4.0-SNAPSHOT/hdds-tools-1.4.0-SNAPSHOT.jar:/home/runner/.m2/repository/org/apache/ratis/ratis-tools/2.5.1/ratis-tools-2.5.1.jar:/home/runner/.m2/repository/commons-cli/commons-cli/1.2/commons-cli-1.2.jar:/home/runner/.m2/repository/org/apache/commons/commons-lang3/3.7/commons-lang3-3.7.jar:/home/runner/.m2/repository/org/apache/ozone/ozone-manager/1.4.0-SNAPSHOT/ozone-manager-1.4.0-SNAPSHOT-tests.jar:/home/runner/.m2/repository/org/apache/ozone/hdds-common/1.4.0-SNAPSHOT/hdds-common-1.4.0-SNAPSHOT-tests.jar:/home/runner/.m2/repository/org/apache/ozone/hdds-hadoop-dependency-client/1.4.0-SNAPSHOT/hdds-hadoop-dependency-client-1.4.0-SNAPSHOT.jar:/home/runner/.m2/repository/info/picocli/picocli/4.6.1/picocli-4.6.1.jar:/home/runner/.m2/repository/com/fasterxml/jackson/core/jackson-annotations/2.13.4/jackson-annotations-2.13.4.jar:/home/runner/.m2/repository/org/apache/ozone/hdds-annotation-processing/1.4.0-SNAPSHOT/hdds-annotation-processing-1.4.0-SNAPSHOT.jar:/home/runner/.m2/repository/javax/annotation/javax.annotation-api/1.2/javax.annotation-api-1.2.jar:/home/runner/.m2/repository/org/apache/ratis/ratis-netty/2.5.1/ratis-netty-2.5.1.jar:/home/runner/.m2/repository/org/apache/ratis/ratis-grpc/2.5.1/ratis-grpc-2.5.1.jar:/home/runner/.m2/repository/org/apache/commons/commons-pool2/2.6.0/commons-pool2-2.6.0.jar:/home/runner/.m2/repository/org/bouncycastle/bcpkix-jdk15on/1.67/bcpkix-jdk15on-1.67.jar:/home/runner/.m2/repository/commons-validator/commons-validator/1.6/commons-validator-1.6.jar:/home/runner/.m2/repository/commons-beanutils/commons-beanutils/1.9.4/commons-beanutils-1.9.4.jar:/home/runner/.m2/repository/commons-digester/commons-digester/1.8.1/commons-digester-1.8.1.jar:/home/runner/.m2/repository/commons-collections/commons-collections/3.2.2/commons-collections-3.2.2.jar:/home/runner/.m2/repository/io/jaegertracing/jaeger-client/1.6.0/jaeger-client-1.6.0.jar:/home/runner/.m2/repository/io/jaegertracing/jaeger-thrift/1.6.0/jaeger-thrift-1.6.0.jar:/home/runner/.m2/repository/org/apache/thrift/libthrift/0.14.1/libthrift-0.14.1.jar:/home/runner/.m2/repository/io/jaegertracing/jaeger-core/1.6.0/jaeger-core-1.6.0.jar:/home/runner/.m2/repository/io/jaegertracing/jaeger-tracerresolver/1.6.0/jaeger-tracerresolver-1.6.0.jar:/home/runner/.m2/repository/io/opentracing/contrib/opentracing-tracerresolver/0.1.8/opentracing-tracerresolver-0.1.8.jar:/home/runner/.m2/repository/org/jetbrains/kotlin/kotlin-stdlib/1.6.21/kotlin-stdlib-1.6.21.jar:/home/runner/.m2/repository/org/jetbrains/annotations/13.0/annotations-13.0.jar:/home/runner/.m2/repository/io/opentracing/opentracing-util/0.33.0/opentracing-util-0.33.0.jar:/home/runner/.m2/repository/io/opentracing/opentracing-api/0.33.0/opentracing-api-0.33.0.jar:/home/runner/.m2/repository/io/opentracing/opentracing-noop/0.33.0/opentracing-noop-0.33.0.jar:/home/runner/.m2/repository/org/yaml/snakeyaml/2.0/snakeyaml-2.0.jar:/home/runner/.m2/repository/io/grpc/grpc-api/1.51.1/grpc-api-1.51.1.jar:/home/runner/.m2/repository/io/grpc/grpc-context/1.51.1/grpc-context-1.51.1.jar:/home/runner/.m2/repository/junit/junit/4.13.1/junit-4.13.1.jar:/home/runner/.m2/repository/org/hamcrest/hamcrest-core/1.3/hamcrest-core-1.3.jar:/home/runner/.m2/repository/org/junit/jupiter/junit-jupiter-api/5.8.2/junit-jupiter-api-5.8.2.jar:/home/runner/.m2/repository/org/opentest4j/opentest4j/1.2.0/opentest4j-1.2.0.jar:/home/runner/.m2/repository/org/junit/platform/junit-platform-commons/1.8.2/junit-platform-commons-1.8.2.jar:/home/runner/.m2/repository/org/apiguardian/apiguardian-api/1.1.2/apiguardian-api-1.1.2.jar:/home/runner/.m2/repository/org/junit/jupiter/junit-jupiter-params/5.8.2/junit-jupiter-params-5.8.2.jar:/home/runner/.m2/repository/org/junit/jupiter/junit-jupiter-migrationsupport/5.8.2/junit-jupiter-migrationsupport-5.8.2.jar:/home/runner/.m2/repository/org/junit/jupiter/junit-jupiter-engine/5.8.2/junit-jupiter-engine-5.8.2.jar:/home/runner/.m2/repository/org/junit/platform/junit-platform-engine/1.8.2/junit-platform-engine-1.8.2.jar:/home/runner/.m2/repository/org/junit/vintage/junit-vintage-engine/5.8.2/junit-vintage-engine-5.8.2.jar:/home/runner/.m2/repository/org/junit/platform/junit-platform-launcher/1.8.2/junit-platform-launcher-1.8.2.jar:/home/runner/.m2/repository/org/mockito/mockito-core/3.5.9/mockito-core-3.5.9.jar:/home/runner/.m2/repository/net/bytebuddy/byte-buddy/1.10.13/byte-buddy-1.10.13.jar:/home/runner/.m2/repository/net/bytebuddy/byte-buddy-agent/1.10.13/byte-buddy-agent-1.10.13.jar:/home/runner/.m2/repository/org/objenesis/objenesis/1.0/objenesis-1.0.jar:/home/runner/.m2/repository/org/apache/hadoop/hadoop-kms/3.3.6/hadoop-kms-3.3.6.jar:/home/runner/.m2/repository/org/apache/hadoop/hadoop-auth/3.3.6/hadoop-auth-3.3.6.jar:/home/runner/.m2/repository/com/nimbusds/nimbus-jose-jwt/9.8.1/nimbus-jose-jwt-9.8.1.jar:/home/runner/.m2/repository/com/github/stephenc/jcip/jcip-annotations/1.0-1/jcip-annotations-1.0-1.jar:/home/runner/.m2/repository/org/apache/zookeeper/zookeeper/3.5.6/zookeeper-3.5.6.jar:/home/runner/.m2/repository/org/apache/zookeeper/zookeeper-jute/3.5.6/zookeeper-jute-3.5.6.jar:/home/runner/.m2/repository/org/apache/yetus/audience-annotations/0.5.0/audience-annotations-0.5.0.jar:/home/runner/.m2/repository/org/apache/curator/curator-framework/4.2.0/curator-framework-4.2.0.jar:/home/runner/.m2/repository/org/apache/hadoop/thirdparty/hadoop-shaded-guava/1.1.1/hadoop-shaded-guava-1.1.1.jar:/home/runner/.m2/repository/com/sun/jersey/jersey-core/1.19/jersey-core-1.19.jar:/home/runner/.m2/repository/javax/ws/rs/jsr311-api/1.1.1/jsr311-api-1.1.1.jar:/home/runner/.m2/repository/com/sun/jersey/jersey-server/1.19/jersey-server-1.19.jar:/home/runner/.m2/repository/javax/servlet/javax.servlet-api/3.1.0/javax.servlet-api-3.1.0.jar:/home/runner/.m2/repository/org/apache/hadoop/hadoop-common/3.3.6/hadoop-common-3.3.6.jar:/home/runner/.m2/repository/org/apache/commons/commons-math3/3.1.1/commons-math3-3.1.1.jar:/home/runner/.m2/repository/commons-net/commons-net/3.9.0/commons-net-3.9.0.jar:/home/runner/.m2/repository/com/sun/jersey/jersey-servlet/1.19/jersey-servlet-1.19.jar:/home/runner/.m2/repository/com/github/pjfanning/jersey-json/1.20/jersey-json-1.20.jar:/home/runner/.m2/repository/org/codehaus/jettison/jettison/1.1/jettison-1.1.jar:/home/runner/.m2/repository/com/sun/xml/bind/jaxb-impl/2.2.3-1/jaxb-impl-2.2.3-1.jar:/home/runner/.m2/repository/com/google/re2j/re2j/1.1/re2j-1.1.jar:/home/runner/.m2/repository/com/jcraft/jsch/0.1.54/jsch-0.1.54.jar:/home/runner/.m2/repository/org/apache/curator/curator-client/4.2.0/curator-client-4.2.0.jar:/home/runner/.m2/repository/org/apache/curator/curator-recipes/5.2.0/curator-recipes-5.2.0.jar:/home/runner/.m2/repository/org/apache/kerby/kerb-core/1.0.1/kerb-core-1.0.1.jar:/home/runner/.m2/repository/org/apache/kerby/kerby-pkix/1.0.1/kerby-pkix-1.0.1.jar:/home/runner/.m2/repository/org/apache/kerby/kerby-asn1/1.0.1/kerby-asn1-1.0.1.jar:/home/runner/.m2/repository/org/apache/kerby/kerby-util/1.0.1/kerby-util-1.0.1.jar:/home/runner/.m2/repository/dnsjava/dnsjava/2.1.7/dnsjava-2.1.7.jar:/home/runner/.m2/repository/org/xerial/snappy/snappy-java/1.1.8.2/snappy-java-1.1.8.2.jar:/home/runner/.m2/repository/com/fasterxml/jackson/core/jackson-databind/2.13.4.2/jackson-databind-2.13.4.2.jar:/home/runner/.m2/repository/org/apache/hadoop/hadoop-kms/3.3.6/hadoop-kms-3.3.6-tests.jar:/home/runner/.m2/repository/org/apache/ozone/hdds-server-scm/1.4.0-SNAPSHOT/hdds-server-scm-1.4.0-SNAPSHOT-tests.jar:/home/runner/.m2/repository/org/apache/ozone/hdds-container-service/1.4.0-SNAPSHOT/hdds-container-service-1.4.0-SNAPSHOT-tests.jar:/home/runner/.m2/repository/com/github/luben/zstd-jni/1.5.2-5/zstd-jni-1.5.2-5.jar:/home/runner/.m2/repository/commons-codec/commons-codec/1.15/commons-codec-1.15.jar:/home/runner/.m2/repository/io/netty/netty-codec/4.1.94.Final/netty-codec-4.1.94.Final.jar:/home/runner/.m2/repository/io/netty/netty-handler/4.1.94.Final/netty-handler-4.1.94.Final.jar:/home/runner/.m2/repository/org/apache/ozone/hdds-hadoop-dependency-test/1.4.0-SNAPSHOT/hdds-hadoop-dependency-test-1.4.0-SNAPSHOT.jar:/home/runner/.m2/repository/org/apache/hadoop/hadoop-common/3.3.6/hadoop-common-3.3.6-tests.jar:/home/runner/.m2/repository/org/apache/hadoop/hadoop-hdfs/3.3.6/hadoop-hdfs-3.3.6-tests.jar:/home/runner/.m2/repository/org/assertj/assertj-core/3.12.2/assertj-core-3.12.2.jar:/home/runner/.m2/repository/org/apache/hadoop/hadoop-distcp/3.3.6/hadoop-distcp-3.3.6.jar:/home/runner/.m2/repository/org/apache/hadoop/hadoop-mapreduce-client-jobclient/3.3.6/hadoop-mapreduce-client-jobclient-3.3.6.jar:/home/runner/.m2/repository/org/apache/hadoop/hadoop-mapreduce-client-common/3.3.6/hadoop-mapreduce-client-common-3.3.6.jar:/home/runner/.m2/repository/org/apache/hadoop/hadoop-yarn-common/3.3.6/hadoop-yarn-common-3.3.6.jar:/home/runner/.m2/repository/org/apache/hadoop/hadoop-yarn-api/3.3.6/hadoop-yarn-api-3.3.6.jar:/home/runner/.m2/repository/com/sun/jersey/contribs/jersey-guice/1.19/jersey-guice-1.19.jar:/home/runner/.m2/repository/com/fasterxml/jackson/jaxrs/jackson-jaxrs-json-provider/2.13.4/jackson-jaxrs-json-provider-2.13.4.jar:/home/runner/.m2/repository/com/fasterxml/jackson/jaxrs/jackson-jaxrs-base/2.13.4/jackson-jaxrs-base-2.13.4.jar:/home/runner/.m2/repository/org/apache/hadoop/hadoop-yarn-client/3.3.6/hadoop-yarn-client-3.3.6.jar:/home/runner/.m2/repository/org/eclipse/jetty/websocket/websocket-client/9.4.51.v20230217/websocket-client-9.4.51.v20230217.jar:/home/runner/.m2/repository/org/eclipse/jetty/websocket/websocket-common/9.4.51.v20230217/websocket-common-9.4.51.v20230217.jar:/home/runner/.m2/repository/org/eclipse/jetty/websocket/websocket-api/9.4.51.v20230217/websocket-api-9.4.51.v20230217.jar:/home/runner/.m2/repository/org/jline/jline/3.9.0/jline-3.9.0.jar:/home/runner/.m2/repository/org/apache/hadoop/hadoop-mapreduce-client-core/3.3.6/hadoop-mapreduce-client-core-3.3.6.jar:/home/runner/.m2/repository/org/apache/avro/avro/1.7.7/avro-1.7.7.jar:/home/runner/.m2/repository/com/thoughtworks/paranamer/paranamer/2.3/paranamer-2.3.jar:/home/runner/.m2/repository/org/apache/hadoop/hadoop-annotations/3.3.6/hadoop-annotations-3.3.6.jar:/usr/lib/jvm/temurin-8-jdk-amd64/jre/../lib/tools.jar:/home/runner/.m2/repository/io/netty/netty/3.10.6.Final/netty-3.10.6.Final.jar:/home/runner/.m2/repository/org/apache/hadoop/hadoop-distcp/3.3.6/hadoop-distcp-3.3.6-tests.jar:/home/runner/.m2/repository/org/slf4j/jul-to-slf4j/1.7.36/jul-to-slf4j-1.7.36.jar:"/>
    <property name="sun.cpu.endian" value="little"/>
    <property name="user.home" value="/home/runner"/>
    <property name="user.language" value="en"/>
    <property name="java.specification.vendor" value="Oracle Corporation"/>
    <property name="java.home" value="/usr/lib/jvm/temurin-8-jdk-amd64/jre"/>
    <property name="java.security.krb5.conf" value="/home/runner/work/ozone/ozone/hadoop-ozone/integration-test/target/test-classes/krb5.conf"/>
    <property name="basedir" value="/home/runner/work/ozone/ozone/hadoop-ozone/integration-test"/>
    <property name="file.separator" value="/"/>
    <property name="line.separator" value="&#10;"/>
    <property name="java.vm.specification.vendor" value="Oracle Corporation"/>
    <property name="java.specification.name" value="Java Platform API Specification"/>
    <property name="java.awt.graphicsenv" value="sun.awt.X11GraphicsEnvironment"/>
    <property name="skip.installnpx" value="true"/>
    <property name="surefire.real.class.path" value="/home/runner/work/ozone/ozone/hadoop-ozone/integration-test/target/surefire/surefirebooter1101530428008642081.jar:/home/runner/.m2/repository/org/jacoco/org.jacoco.agent/0.8.5/org.jacoco.agent-0.8.5-runtime.jar"/>
    <property name="hadoop.log.dir" value="/home/runner/work/ozone/ozone/hadoop-ozone/integration-test/target/log"/>
    <property name="sun.boot.class.path" value="/usr/lib/jvm/temurin-8-jdk-amd64/jre/lib/resources.jar:/usr/lib/jvm/temurin-8-jdk-amd64/jre/lib/rt.jar:/usr/lib/jvm/temurin-8-jdk-amd64/jre/lib/sunrsasign.jar:/usr/lib/jvm/temurin-8-jdk-amd64/jre/lib/jsse.jar:/usr/lib/jvm/temurin-8-jdk-amd64/jre/lib/jce.jar:/usr/lib/jvm/temurin-8-jdk-amd64/jre/lib/charsets.jar:/usr/lib/jvm/temurin-8-jdk-amd64/jre/lib/jfr.jar:/usr/lib/jvm/temurin-8-jdk-amd64/jre/classes"/>
    <property name="sun.management.compiler" value="HotSpot 64-Bit Tiered Compilers"/>
    <property name="skip.npx" value="true"/>
    <property name="java.runtime.version" value="1.8.0_382-b05"/>
    <property name="java.net.preferIPv4Stack" value="true"/>
    <property name="user.name" value="runner"/>
    <property name="path.separator" value=":"/>
    <property name="java.security.egd" value="file:///dev/urandom"/>
    <property name="os.version" value="5.15.0-1046-azure"/>
    <property name="java.endorsed.dirs" value="/usr/lib/jvm/temurin-8-jdk-amd64/jre/lib/endorsed"/>
    <property name="java.runtime.name" value="OpenJDK Runtime Environment"/>
    <property name="file.encoding" value="UTF-8"/>
    <property name="java.vm.name" value="OpenJDK 64-Bit Server VM"/>
    <property name="test.build.webapps" value=""/>
    <property name="localRepository" value="/home/runner/.m2/repository"/>
    <property name="jetty.git.hash" value="abdcda73818a1a2c705da276edb0bf6581e7997e"/>
    <property name="java.vendor.url.bug" value="https://github.com/adoptium/adoptium-support/issues"/>
    <property name="java.io.tmpdir" value="/tmp"/>
    <property name="require.test.libhadoop" value=""/>
    <property name="java.version" value="1.8.0_382"/>
    <property name="user.dir" value="/home/runner/work/ozone/ozone/hadoop-ozone/integration-test"/>
    <property name="os.arch" value="amd64"/>
    <property name="java.vm.specification.name" value="Java Virtual Machine Specification"/>
    <property name="test.build.classes" value="/home/runner/work/ozone/ozone/hadoop-ozone/integration-test/target/test-classes"/>
    <property name="java.awt.printerjob" value="sun.print.PSPrinterJob"/>
    <property name="sun.os.patch.level" value="unknown"/>
    <property name="org.apache.ratis.thirdparty.io.netty.allocator.useCacheForAllThreads" value="false"/>
    <property name="hadoop.tmp.dir" value="/home/runner/work/ozone/ozone/hadoop-ozone/integration-test/target/tmp"/>
    <property name="java.library.path" value="/usr/java/packages/lib/amd64:/usr/lib64:/lib64:/lib:/usr/lib"/>
    <property name="java.vm.info" value="mixed mode"/>
    <property name="java.vendor" value="Temurin"/>
    <property name="java.vm.version" value="25.382-b05"/>
    <property name="java.specification.maintenance.version" value="5"/>
    <property name="java.ext.dirs" value="/usr/lib/jvm/temurin-8-jdk-amd64/jre/lib/ext:/usr/java/packages/lib/ext"/>
    <property name="sun.io.unicode.encoding" value="UnicodeLittle"/>
    <property name="java.class.version" value="52.0"/>
  </properties>
  <testcase name="testRunAllTests" classname="org.apache.hadoop.ozone.om.TestOzoneManagerHAWithACL" time="7.49">
    <error type="VOLUME_ALREADY_EXISTS org.apache.hadoop.ozone.om.exceptions.OMException"><![CDATA[VOLUME_ALREADY_EXISTS org.apache.hadoop.ozone.om.exceptions.OMException: Volume already exists
	at org.apache.hadoop.ozone.om.protocolPB.OzoneManagerProtocolClientSideTranslatorPB.handleError(OzoneManagerProtocolClientSideTranslatorPB.java:729)
	at org.apache.hadoop.ozone.om.protocolPB.OzoneManagerProtocolClientSideTranslatorPB.createVolume(OzoneManagerProtocolClientSideTranslatorPB.java:345)
	at org.apache.hadoop.ozone.client.rpc.RpcClient.createVolume(RpcClient.java:465)
	at org.apache.hadoop.ozone.client.ObjectStore.createVolume(ObjectStore.java:128)
	at org.apache.hadoop.ozone.om.TestOzoneManagerHA.setupBucket(TestOzoneManagerHA.java:250)
	at org.apache.hadoop.ozone.om.TestOzoneManagerHAWithACL.testLinkBucketRemoveKeyAcl(TestOzoneManagerHAWithACL.java:328)
	at org.apache.hadoop.ozone.om.TestOzoneManagerHAWithACL.testRunAllTests(TestOzoneManagerHAWithACL.java:63)
	at sun.reflect.NativeMethodAccessorImpl.invoke0(Native Method)
	at sun.reflect.NativeMethodAccessorImpl.invoke(NativeMethodAccessorImpl.java:62)
	at sun.reflect.DelegatingMethodAccessorImpl.invoke(DelegatingMethodAccessorImpl.java:43)
	at java.lang.reflect.Method.invoke(Method.java:498)
	at org.junit.platform.commons.util.ReflectionUtils.invokeMethod(ReflectionUtils.java:725)
	at org.junit.jupiter.engine.execution.MethodInvocation.proceed(MethodInvocation.java:60)
	at org.junit.jupiter.engine.execution.InvocationInterceptorChain$ValidatingInvocation.proceed(InvocationInterceptorChain.java:131)
	at org.junit.jupiter.engine.extension.TimeoutInvocation.proceed(TimeoutInvocation.java:46)
	at org.junit.jupiter.engine.extension.TimeoutExtension.intercept(TimeoutExtension.java:149)
	at org.junit.jupiter.engine.extension.TimeoutExtension.interceptTestableMethod(TimeoutExtension.java:140)
	at org.junit.jupiter.engine.extension.TimeoutExtension.interceptTestMethod(TimeoutExtension.java:84)
	at org.junit.jupiter.engine.execution.ExecutableInvoker$ReflectiveInterceptorCall.lambda$ofVoidMethod$0(ExecutableInvoker.java:115)
	at org.junit.jupiter.engine.execution.ExecutableInvoker.lambda$invoke$0(ExecutableInvoker.java:105)
	at org.junit.jupiter.engine.execution.InvocationInterceptorChain$InterceptedInvocation.proceed(InvocationInterceptorChain.java:106)
	at org.junit.jupiter.engine.execution.InvocationInterceptorChain.proceed(InvocationInterceptorChain.java:64)
	at org.junit.jupiter.engine.execution.InvocationInterceptorChain.chainAndInvoke(InvocationInterceptorChain.java:45)
	at org.junit.jupiter.engine.execution.InvocationInterceptorChain.invoke(InvocationInterceptorChain.java:37)
	at org.junit.jupiter.engine.execution.ExecutableInvoker.invoke(ExecutableInvoker.java:104)
	at org.junit.jupiter.engine.execution.ExecutableInvoker.invoke(ExecutableInvoker.java:98)
	at org.junit.jupiter.engine.descriptor.TestMethodTestDescriptor.lambda$invokeTestMethod$7(TestMethodTestDescriptor.java:214)
	at org.junit.platform.engine.support.hierarchical.ThrowableCollector.execute(ThrowableCollector.java:73)
	at org.junit.jupiter.engine.descriptor.TestMethodTestDescriptor.invokeTestMethod(TestMethodTestDescriptor.java:210)
	at org.junit.jupiter.engine.descriptor.TestMethodTestDescriptor.execute(TestMethodTestDescriptor.java:135)
	at org.junit.jupiter.engine.descriptor.TestMethodTestDescriptor.execute(TestMethodTestDescriptor.java:66)
	at org.junit.platform.engine.support.hierarchical.NodeTestTask.lambda$executeRecursively$6(NodeTestTask.java:151)
	at org.junit.platform.engine.support.hierarchical.ThrowableCollector.execute(ThrowableCollector.java:73)
	at org.junit.platform.engine.support.hierarchical.NodeTestTask.lambda$executeRecursively$8(NodeTestTask.java:141)
	at org.junit.platform.engine.support.hierarchical.Node.around(Node.java:137)
	at org.junit.platform.engine.support.hierarchical.NodeTestTask.lambda$executeRecursively$9(NodeTestTask.java:139)
	at org.junit.platform.engine.support.hierarchical.ThrowableCollector.execute(ThrowableCollector.java:73)
	at org.junit.platform.engine.support.hierarchical.NodeTestTask.executeRecursively(NodeTestTask.java:138)
	at org.junit.platform.engine.support.hierarchical.NodeTestTask.execute(NodeTestTask.java:95)
	at java.util.ArrayList.forEach(ArrayList.java:1259)
	at org.junit.platform.engine.support.hierarchical.SameThreadHierarchicalTestExecutorService.invokeAll(SameThreadHierarchicalTestExecutorService.java:41)
	at org.junit.platform.engine.support.hierarchical.NodeTestTask.lambda$executeRecursively$6(NodeTestTask.java:155)
	at org.junit.platform.engine.support.hierarchical.ThrowableCollector.execute(ThrowableCollector.java:73)
	at org.junit.platform.engine.support.hierarchical.NodeTestTask.lambda$executeRecursively$8(NodeTestTask.java:141)
	at org.junit.platform.engine.support.hierarchical.Node.around(Node.java:137)
	at org.junit.platform.engine.support.hierarchical.NodeTestTask.lambda$executeRecursively$9(NodeTestTask.java:139)
	at org.junit.platform.engine.support.hierarchical.ThrowableCollector.execute(ThrowableCollector.java:73)
	at org.junit.platform.engine.support.hierarchical.NodeTestTask.executeRecursively(NodeTestTask.java:138)
	at org.junit.platform.engine.support.hierarchical.NodeTestTask.execute(NodeTestTask.java:95)
	at java.util.ArrayList.forEach(ArrayList.java:1259)
	at org.junit.platform.engine.support.hierarchical.SameThreadHierarchicalTestExecutorService.invokeAll(SameThreadHierarchicalTestExecutorService.java:41)
	at org.junit.platform.engine.support.hierarchical.NodeTestTask.lambda$executeRecursively$6(NodeTestTask.java:155)
	at org.junit.platform.engine.support.hierarchical.ThrowableCollector.execute(ThrowableCollector.java:73)
	at org.junit.platform.engine.support.hierarchical.NodeTestTask.lambda$executeRecursively$8(NodeTestTask.java:141)
	at org.junit.platform.engine.support.hierarchical.Node.around(Node.java:137)
	at org.junit.platform.engine.support.hierarchical.NodeTestTask.lambda$executeRecursively$9(NodeTestTask.java:139)
	at org.junit.platform.engine.support.hierarchical.ThrowableCollector.execute(ThrowableCollector.java:73)
	at org.junit.platform.engine.support.hierarchical.NodeTestTask.executeRecursively(NodeTestTask.java:138)
	at org.junit.platform.engine.support.hierarchical.NodeTestTask.execute(NodeTestTask.java:95)
	at org.junit.platform.engine.support.hierarchical.SameThreadHierarchicalTestExecutorService.submit(SameThreadHierarchicalTestExecutorService.java:35)
	at org.junit.platform.engine.support.hierarchical.HierarchicalTestExecutor.execute(HierarchicalTestExecutor.java:57)
	at org.junit.platform.engine.support.hierarchical.HierarchicalTestEngine.execute(HierarchicalTestEngine.java:54)
	at org.junit.platform.launcher.core.EngineExecutionOrchestrator.execute(EngineExecutionOrchestrator.java:107)
	at org.junit.platform.launcher.core.EngineExecutionOrchestrator.execute(EngineExecutionOrchestrator.java:88)
	at org.junit.platform.launcher.core.EngineExecutionOrchestrator.lambda$execute$0(EngineExecutionOrchestrator.java:54)
	at org.junit.platform.launcher.core.EngineExecutionOrchestrator.withInterceptedStreams(EngineExecutionOrchestrator.java:67)
	at org.junit.platform.launcher.core.EngineExecutionOrchestrator.execute(EngineExecutionOrchestrator.java:52)
	at org.junit.platform.launcher.core.DefaultLauncher.execute(DefaultLauncher.java:114)
	at org.junit.platform.launcher.core.DefaultLauncher.execute(DefaultLauncher.java:86)
	at org.junit.platform.launcher.core.DefaultLauncherSession$DelegatingLauncher.execute(DefaultLauncherSession.java:86)
	at org.junit.platform.launcher.core.SessionPerRequestLauncher.execute(SessionPerRequestLauncher.java:53)
	at org.apache.maven.surefire.junitplatform.JUnitPlatformProvider.execute(JUnitPlatformProvider.java:188)
	at org.apache.maven.surefire.junitplatform.JUnitPlatformProvider.invokeAllTests(JUnitPlatformProvider.java:154)
	at org.apache.maven.surefire.junitplatform.JUnitPlatformProvider.invoke(JUnitPlatformProvider.java:124)
	at org.apache.maven.surefire.booter.ForkedBooter.runSuitesInProcess(ForkedBooter.java:428)
	at org.apache.maven.surefire.booter.ForkedBooter.execute(ForkedBooter.java:162)
	at org.apache.maven.surefire.booter.ForkedBooter.run(ForkedBooter.java:562)
	at org.apache.maven.surefire.booter.ForkedBooter.main(ForkedBooter.java:548)
]]></error>
    <system-out><![CDATA[2023-09-23 10:03:09,728 [main] WARN  server.ServerUtils (ServerUtils.java:getScmDbDir(155)) - ozone.scm.db.dirs is not configured. We recommend adding this setting. Falling back to ozone.metadata.dirs instead.
2023-09-23 10:03:09,914 [main] INFO  reflections.Reflections (Reflections.java:scan(232)) - Reflections took 150 ms to scan 7 urls, producing 164 keys and 383 values 
2023-09-23 10:03:10,060 [main] WARN  server.ServerUtils (ServerUtils.java:getScmDbDir(155)) - ozone.scm.db.dirs is not configured. We recommend adding this setting. Falling back to ozone.metadata.dirs instead.
2023-09-23 10:03:10,064 [main] INFO  ha.SCMHANodeDetails (SCMHANodeDetails.java:loadSCMHAConfig(210)) - ServiceID for StorageContainerManager is null
2023-09-23 10:03:10,073 [main] WARN  ha.SCMHANodeDetails (SCMHANodeDetails.java:validateSCMHAConfig(183)) - Invalid config ozone.scm.ratis.enable. The config was not specified, but the default value true conflicts with the expected config value false. Falling back to the expected value. Current State of SCM: SCM is running in Non-HA without Ratis Ratis SCM -> Non Ratis SCM or Non HA SCM -> HA SCM is not supported
2023-09-23 10:03:10,073 [main] INFO  ha.SCMHANodeDetails (SCMHANodeDetails.java:loadSCMHAConfig(215)) - ozone.scm.default.service.id is not defined, falling back to ozone.scm.service.ids to find serviceID for StorageContainerManager if it is HA enabled cluster
2023-09-23 10:03:10,800 [main] WARN  utils.HAUtils (HAUtils.java:getMetaDir(339)) - ozone.scm.db.dirs is not configured. We recommend adding this setting. Falling back to ozone.metadata.dirs instead.
2023-09-23 10:03:10,960 [main] WARN  db.DBStoreBuilder (DBStoreBuilder.java:applyDBDefinition(166)) - ozone.scm.db.dirs is not configured. We recommend adding this setting. Falling back to ozone.metadata.dirs instead.
2023-09-23 10:03:11,219 [main] INFO  net.NodeSchemaLoader (NodeSchemaLoader.java:loadSchemaFromFile(129)) - Loading schema from [jar:file:/home/runner/.m2/repository/org/apache/ozone/hdds-common/1.4.0-SNAPSHOT/hdds-common-1.4.0-SNAPSHOT.jar!/network-topology-default.xml]
2023-09-23 10:03:11,220 [main] INFO  net.NodeSchemaLoader (NodeSchemaLoader.java:loadSchema(176)) - Loading network topology layer schema file
2023-09-23 10:03:11,263 [main] INFO  metrics.MetricRegistries (MetricRegistriesLoader.java:load(64)) - Loaded MetricRegistries class org.apache.ratis.metrics.impl.MetricRegistriesImpl
2023-09-23 10:03:11,276 [main] INFO  upgrade.AbstractLayoutVersionManager (AbstractLayoutVersionManager.java:init(83)) - Initializing Layout version manager with metadata layout = HADOOP_PRC_PORTS_IN_DATANODEDETAILS (version = 7), software layout = HADOOP_PRC_PORTS_IN_DATANODEDETAILS (version = 7)
2023-09-23 10:03:11,471 [main] INFO  ha.SequenceIdGenerator (SequenceIdGenerator.java:upgradeToSequenceId(365)) - upgrade localId to 111677748019200000
2023-09-23 10:03:11,473 [main] INFO  ha.SequenceIdGenerator (SequenceIdGenerator.java:upgradeToSequenceId(375)) - upgrade delTxnId to 0
2023-09-23 10:03:11,480 [main] INFO  ha.SequenceIdGenerator (SequenceIdGenerator.java:upgradeToSequenceId(392)) - upgrade containerId to 0
2023-09-23 10:03:11,482 [main] INFO  ha.SequenceIdGenerator (SequenceIdGenerator.java:upgradeToSequenceId(428)) - upgrade rootCertificateId to 1
2023-09-23 10:03:11,485 [main] INFO  ha.SequenceIdGenerator (SequenceIdGenerator.java:<init>(236)) - Init the HA SequenceIdGenerator.
2023-09-23 10:03:11,540 [main] WARN  server.ServerUtils (ServerUtils.java:sanitizeUserArgs(80)) - ozone.scm.stale.node.interval value = 300000 is larger than max = 100000 based on the key value of ozone.scm.heartbeat.thread.interval, reset to the max value 100000.
2023-09-23 10:03:11,540 [main] WARN  server.ServerUtils (ServerUtils.java:sanitizeUserArgs(80)) - ozone.scm.stale.node.interval value = 300000 is larger than max = 100000 based on the key value of ozone.scm.heartbeat.thread.interval, reset to the max value 100000.
2023-09-23 10:03:11,546 [main] INFO  node.SCMNodeManager (SCMNodeManager.java:<init>(157)) - Entering startup safe mode.
2023-09-23 10:03:11,564 [main] INFO  algorithms.ContainerPlacementPolicyFactory (ContainerPlacementPolicyFactory.java:getPolicyInternal(86)) - Create container placement policy of type org.apache.hadoop.hdds.scm.container.placement.algorithms.SCMContainerPlacementRackAware
2023-09-23 10:03:11,569 [main] INFO  algorithms.ContainerPlacementPolicyFactory (ContainerPlacementPolicyFactory.java:getPolicyInternal(86)) - Create container placement policy of type org.apache.hadoop.hdds.scm.container.placement.algorithms.SCMContainerPlacementRackScatter
2023-09-23 10:03:11,579 [main] INFO  pipeline.PipelineStateManagerImpl (PipelineStateManagerImpl.java:initialize(78)) - No pipeline exists in current db
2023-09-23 10:03:11,592 [main] INFO  algorithms.LeaderChoosePolicyFactory (LeaderChoosePolicyFactory.java:getPolicy(57)) - Create leader choose policy of type org.apache.hadoop.hdds.scm.pipeline.leader.choose.algorithms.MinLeaderCountChoosePolicy
2023-09-23 10:03:11,593 [main] INFO  algorithms.ContainerPlacementPolicyFactory (ContainerPlacementPolicyFactory.java:getPolicyInternal(86)) - Create container placement policy of type org.apache.hadoop.hdds.scm.container.placement.algorithms.SCMContainerPlacementRackScatter
2023-09-23 10:03:11,598 [main] INFO  ha.SCMServiceManager (SCMServiceManager.java:register(42)) - Registering service BackgroundPipelineCreator.
2023-09-23 10:03:11,599 [main] INFO  pipeline.BackgroundPipelineCreator (BackgroundPipelineCreator.java:start(124)) - Starting RatisPipelineUtilsThread.
2023-09-23 10:03:11,601 [main] INFO  BackgroundPipelineScrubber (BackgroundSCMService.java:start(68)) - Starting BackgroundPipelineScrubber Service.
2023-09-23 10:03:11,606 [main] INFO  ha.SCMServiceManager (SCMServiceManager.java:register(42)) - Registering service BackgroundPipelineScrubber.
2023-09-23 10:03:11,612 [main] INFO  ExpiredContainerReplicaOpScrubber (BackgroundSCMService.java:start(68)) - Starting ExpiredContainerReplicaOpScrubber Service.
2023-09-23 10:03:11,613 [main] INFO  ha.SCMServiceManager (SCMServiceManager.java:register(42)) - Registering service ExpiredContainerReplicaOpScrubber.
2023-09-23 10:03:11,635 [main] INFO  algorithms.PipelineChoosePolicyFactory (PipelineChoosePolicyFactory.java:createPipelineChoosePolicyFromClass(78)) - Create pipeline choose policy of type org.apache.hadoop.hdds.scm.pipeline.choose.algorithms.RandomPipelineChoosePolicy
2023-09-23 10:03:11,635 [main] INFO  algorithms.PipelineChoosePolicyFactory (PipelineChoosePolicyFactory.java:createPipelineChoosePolicyFromClass(78)) - Create pipeline choose policy of type org.apache.hadoop.hdds.scm.pipeline.choose.algorithms.RandomPipelineChoosePolicy
2023-09-23 10:03:11,656 [main] INFO  ha.SCMServiceManager (SCMServiceManager.java:register(42)) - Registering service SCMBlockDeletingService.
2023-09-23 10:03:11,719 [main] INFO  replication.ReplicationManager (ReplicationManager.java:start(291)) - Starting Replication Monitor Thread.
2023-09-23 10:03:11,729 [main] INFO  ha.SCMServiceManager (SCMServiceManager.java:register(42)) - Registering service ReplicationManager.
2023-09-23 10:03:11,733 [ReplicationMonitor] INFO  replication.ReplicationManager (ReplicationManager.java:processAll(365)) - Replication Manager is not ready to run until 3000ms after safemode exit
2023-09-23 10:03:11,740 [main] INFO  safemode.ContainerSafeModeRule (ContainerSafeModeRule.java:<init>(90)) - containers with one replica threshold count 0
2023-09-23 10:03:11,744 [main] INFO  safemode.HealthyPipelineSafeModeRule (HealthyPipelineSafeModeRule.java:initializeRule(169)) - Total pipeline count is 0, healthy pipeline threshold count is 1
2023-09-23 10:03:11,746 [main] INFO  safemode.OneReplicaPipelineSafeModeRule (OneReplicaPipelineSafeModeRule.java:initializeRule(180)) - Total pipeline count is 0, pipeline's with at least one datanode reported threshold count is 0
2023-09-23 10:03:11,792 [main] INFO  server.StorageContainerManager (StorageContainerManager.java:<init>(425)) - SCM start with adminUsers: [*, runner]
2023-09-23 10:03:12,152 [main] INFO  audit.AuditLogger (AuditLogger.java:refreshDebugCmdSet(126)) - Refresh DebugCmdSet for SCMAudit to [].
2023-09-23 10:03:12,186 [main] INFO  ipc.CallQueueManager (CallQueueManager.java:<init>(90)) - Using callQueue: class java.util.concurrent.LinkedBlockingQueue, queueCapacity: 2000, scheduler: class org.apache.hadoop.ipc.DefaultRpcScheduler, ipcBackoff: false.
2023-09-23 10:03:12,222 [main] INFO  ipc.Server (Server.java:<init>(1287)) - Listener at 0.0.0.0:15002
2023-09-23 10:03:12,225 [Socket Reader #1 for port 15002] INFO  ipc.Server (Server.java:run(1323)) - Starting Socket Reader #1 for port 15002
2023-09-23 10:03:12,298 [main] INFO  audit.AuditLogger (AuditLogger.java:refreshDebugCmdSet(126)) - Refresh DebugCmdSet for SCMAudit to [].
2023-09-23 10:03:12,303 [main] INFO  ipc.CallQueueManager (CallQueueManager.java:<init>(90)) - Using callQueue: class java.util.concurrent.LinkedBlockingQueue, queueCapacity: 2000, scheduler: class org.apache.hadoop.ipc.DefaultRpcScheduler, ipcBackoff: false.
2023-09-23 10:03:12,303 [main] INFO  ipc.Server (Server.java:<init>(1287)) - Listener at 0.0.0.0:15001
2023-09-23 10:03:12,306 [Socket Reader #1 for port 15001] INFO  ipc.Server (Server.java:run(1323)) - Starting Socket Reader #1 for port 15001
2023-09-23 10:03:12,351 [main] INFO  audit.AuditLogger (AuditLogger.java:refreshDebugCmdSet(126)) - Refresh DebugCmdSet for SCMAudit to [].
2023-09-23 10:03:12,361 [main] INFO  ipc.CallQueueManager (CallQueueManager.java:<init>(90)) - Using callQueue: class java.util.concurrent.LinkedBlockingQueue, queueCapacity: 2000, scheduler: class org.apache.hadoop.ipc.DefaultRpcScheduler, ipcBackoff: false.
2023-09-23 10:03:12,361 [main] INFO  ipc.Server (Server.java:<init>(1287)) - Listener at 0.0.0.0:15000
2023-09-23 10:03:12,368 [Socket Reader #1 for port 15000] INFO  ipc.Server (Server.java:run(1323)) - Starting Socket Reader #1 for port 15000
2023-09-23 10:03:12,455 [main] INFO  ha.SCMServiceManager (SCMServiceManager.java:register(42)) - Registering service ContainerBalancer.
2023-09-23 10:03:12,458 [main] INFO  server.StorageContainerManager (StorageContainerManager.java:<init>(438)) - 
Container Balancer status:
Key                            Value
Running                        false
Container Balancer Configuration values:
Key                                                Value
Threshold                                          10
Max Datanodes to Involve per Iteration(percent)    20
Max Size to Move per Iteration                     500GB
Max Size Entering Target per Iteration             26GB
Max Size Leaving Source per Iteration              26GB
Number of Iterations                               10
Time Limit for Single Container's Movement         65min
Time Limit for Single Container's Replication      50min
Interval between each Iteration                    70min
Whether to Enable Network Topology                 false
Whether to Trigger Refresh Datanode Usage Info     false
Container IDs to Exclude from Balancing            None
Datanodes Specified to be Balanced                 None
Datanodes Excluded from Balancing                  None

2023-09-23 10:03:12,459 [main] INFO  ha.SCMContext (SCMContext.java:updateSafeModeStatus(228)) - Update SafeModeStatus from SafeModeStatus{safeModeStatus=true, preCheckPassed=false} to SafeModeStatus{safeModeStatus=true, preCheckPassed=false}.
2023-09-23 10:03:12,464 [main] INFO  server.StorageContainerManager (StorageContainerManager.java:start(1483)) - StorageContainerLocationProtocol RPC server is listening at /0.0.0.0:15000
2023-09-23 10:03:12,547 [main] WARN  impl.MetricsConfig (MetricsConfig.java:loadFirst(136)) - Cannot locate configuration: tried hadoop-metrics2-storagecontainermanager.properties,hadoop-metrics2.properties
2023-09-23 10:03:12,565 [main] INFO  impl.MetricsSystemImpl (MetricsSystemImpl.java:startTimer(378)) - Scheduled Metric snapshot period at 10 second(s).
2023-09-23 10:03:12,565 [main] INFO  impl.MetricsSystemImpl (MetricsSystemImpl.java:start(191)) - StorageContainerManager metrics system started
2023-09-23 10:03:12,847 [main] INFO  server.SCMClientProtocolServer (SCMClientProtocolServer.java:start(201)) - RPC server for Client  is listening at /0.0.0.0:15000
2023-09-23 10:03:12,848 [IPC Server Responder] INFO  ipc.Server (Server.java:run(1562)) - IPC Server Responder: starting
2023-09-23 10:03:12,849 [IPC Server listener on 15000] INFO  ipc.Server (Server.java:run(1402)) - IPC Server listener on 15000: starting
2023-09-23 10:03:12,867 [main] INFO  server.StorageContainerManager (StorageContainerManager.java:start(1496)) - ScmBlockLocationProtocol RPC server is listening at /0.0.0.0:15001
2023-09-23 10:03:12,867 [main] INFO  server.SCMBlockProtocolServer (SCMBlockProtocolServer.java:start(154)) - RPC server for Block Protocol is listening at /0.0.0.0:15001
2023-09-23 10:03:12,872 [main] INFO  server.SCMDatanodeProtocolServer (SCMDatanodeProtocolServer.java:start(193)) - ScmDatanodeProtocol RPC server for DataNodes is listening at /0.0.0.0:15002
2023-09-23 10:03:12,888 [IPC Server listener on 15002] INFO  ipc.Server (Server.java:run(1402)) - IPC Server listener on 15002: starting
2023-09-23 10:03:12,888 [IPC Server Responder] INFO  ipc.Server (Server.java:run(1562)) - IPC Server Responder: starting
2023-09-23 10:03:12,888 [IPC Server listener on 15001] INFO  ipc.Server (Server.java:run(1402)) - IPC Server listener on 15001: starting
2023-09-23 10:03:12,888 [IPC Server Responder] INFO  ipc.Server (Server.java:run(1562)) - IPC Server Responder: starting
2023-09-23 10:03:12,919 [JvmPauseMonitor0] INFO  util.JvmPauseMonitor (JvmPauseMonitor.java:run(103)) - JvmPauseMonitor-f4051b90-33ca-4fa4-9787-430c4dd75a5b: Started
2023-09-23 10:03:12,930 [main] INFO  http.BaseHttpServer (BaseHttpServer.java:newHttpServer2BuilderForOzone(223)) - Starting Web-server for scm at: http://0.0.0.0:15003
2023-09-23 10:03:12,931 [main] INFO  http.BaseHttpServer (BaseHttpServer.java:<init>(110)) - Hadoop Security Enabled: false Ozone Security Enabled: false Ozone HTTP Security Enabled: false 
2023-09-23 10:03:12,956 [main] INFO  util.log (Log.java:initialized(170)) - Logging initialized @4894ms to org.eclipse.jetty.util.log.Slf4jLog
2023-09-23 10:03:13,044 [main] WARN  server.AuthenticationFilter (AuthenticationFilter.java:constructSecretProvider(240)) - Unable to initialize FileSignerSecretProvider, falling back to use random secrets. Reason: Could not read signature secret file: /home/runner/hadoop-http-auth-signature-secret
2023-09-23 10:03:13,051 [main] INFO  http.HttpRequestLog (HttpRequestLog.java:getRequestLog(86)) - Http request log for http.requests.scm is not defined
2023-09-23 10:03:13,057 [main] INFO  http.HttpServer2 (HttpServer2.java:addGlobalFilter(1031)) - Added global filter 'safety' (class=org.apache.hadoop.hdds.server.http.HttpServer2$QuotingInputFilter)
2023-09-23 10:03:13,059 [main] INFO  http.HttpServer2 (HttpServer2.java:addFilter(1007)) - Added filter static_user_filter (class=org.apache.hadoop.http.lib.StaticUserWebFilter$StaticUserFilter) to context scm
2023-09-23 10:03:13,059 [main] INFO  http.HttpServer2 (HttpServer2.java:addFilter(1015)) - Added filter static_user_filter (class=org.apache.hadoop.http.lib.StaticUserWebFilter$StaticUserFilter) to context static
2023-09-23 10:03:13,060 [main] INFO  http.HttpServer2 (HttpServer2.java:addFilter(1015)) - Added filter static_user_filter (class=org.apache.hadoop.http.lib.StaticUserWebFilter$StaticUserFilter) to context logs
2023-09-23 10:03:13,099 [main] INFO  http.BaseHttpServer (BaseHttpServer.java:<init>(189)) - HTTP server of scm uses base directory /home/runner/work/ozone/ozone/hadoop-ozone/integration-test/target/test-dir/MiniOzoneClusterImpl-221a8c4e-c666-4dc9-898e-ead2ee9f568a/ozone-meta/webserver
2023-09-23 10:03:13,100 [main] INFO  http.HttpServer2 (HttpServer2.java:bindListener(1231)) - Jetty bound to port 15003
2023-09-23 10:03:13,102 [main] INFO  server.Server (Server.java:doStart(375)) - jetty-9.4.52.v20230823; built: 2023-08-23T19:29:37.669Z; git: abdcda73818a1a2c705da276edb0bf6581e7997e; jvm 1.8.0_382-b05
2023-09-23 10:03:13,138 [main] INFO  server.session (DefaultSessionIdManager.java:doStart(334)) - DefaultSessionIdManager workerName=node0
2023-09-23 10:03:13,139 [main] INFO  server.session (DefaultSessionIdManager.java:doStart(339)) - No SessionScavenger set, using defaults
2023-09-23 10:03:13,140 [main] INFO  server.session (HouseKeeper.java:startScavenging(132)) - node0 Scavenging every 660000ms
2023-09-23 10:03:13,153 [main] INFO  handler.ContextHandler (ContextHandler.java:doStart(921)) - Started o.e.j.s.ServletContextHandler@480d3c40{logs,/logs,file:///home/runner/work/ozone/ozone/hadoop-ozone/integration-test/target/log,AVAILABLE}
2023-09-23 10:03:13,154 [main] INFO  handler.ContextHandler (ContextHandler.java:doStart(921)) - Started o.e.j.s.ServletContextHandler@206a465f{static,/static,file:///home/runner/work/ozone/ozone/hadoop-ozone/integration-test/target/test-classes/webapps/static,AVAILABLE}
2023-09-23 10:03:13,199 [main] INFO  handler.ContextHandler (ContextHandler.java:doStart(921)) - Started o.e.j.w.WebAppContext@4b6ad2eb{scm,/,file:///home/runner/work/ozone/ozone/hadoop-ozone/integration-test/target/test-classes/webapps/scm/,AVAILABLE}{file:/home/runner/work/ozone/ozone/hadoop-ozone/integration-test/target/test-classes/webapps/scm}
2023-09-23 10:03:13,208 [main] INFO  server.AbstractConnector (AbstractConnector.java:doStart(333)) - Started ServerConnector@2bb03136{HTTP/1.1, (http/1.1)}{0.0.0.0:15003}
2023-09-23 10:03:13,208 [main] INFO  server.Server (Server.java:doStart(415)) - Started @5146ms
2023-09-23 10:03:13,211 [main] INFO  impl.MetricsSinkAdapter (MetricsSinkAdapter.java:start(204)) - Sink prometheus started
2023-09-23 10:03:13,211 [main] INFO  impl.MetricsSystemImpl (MetricsSystemImpl.java:registerSink(305)) - Registered sink prometheus
2023-09-23 10:03:13,213 [main] INFO  http.BaseHttpServer (BaseHttpServer.java:updateConnectorAddress(354)) - HTTP server of scm listening at http://0.0.0.0:15003
2023-09-23 10:03:13,221 [main] INFO  db.CodecBuffer (CodecBuffer.java:set(60)) - Successfully set constructor to org.apache.hadoop.hdds.utils.db.CodecBuffer$$Lambda$510/1508002914@5379488c
2023-09-23 10:03:13,286 [main] INFO  audit.AuditLogger (AuditLogger.java:refreshDebugCmdSet(126)) - Refresh DebugCmdSet for OMAudit to [].
2023-09-23 10:03:13,373 [main] INFO  ha.OMHANodeDetails (OMHANodeDetails.java:loadOMHAConfig(121)) - ServiceID for OzoneManager is om-service-test1
2023-09-23 10:03:13,380 [main] INFO  ha.OMHANodeDetails (OMHANodeDetails.java:loadOMHAConfig(201)) - Found matching OM address with OMServiceId: om-service-test1, OMNodeId: omNode-1, RPC Address: localhost:15004 and Ratis port: 15007
2023-09-23 10:03:13,380 [main] INFO  ha.OMHANodeDetails (ConfUtils.java:setNodeSpecificConfigs(97)) - Setting configuration key ozone.om.http-address with value of key ozone.om.http-address.om-service-test1.omNode-1: 127.0.0.1:15005
2023-09-23 10:03:13,380 [main] INFO  ha.OMHANodeDetails (ConfUtils.java:setNodeSpecificConfigs(97)) - Setting configuration key ozone.om.https-address with value of key ozone.om.https-address.om-service-test1.omNode-1: 127.0.0.1:15006
2023-09-23 10:03:13,380 [main] INFO  ha.OMHANodeDetails (ConfUtils.java:setNodeSpecificConfigs(97)) - Setting configuration key ozone.om.address with value of key ozone.om.address.om-service-test1.omNode-1: 127.0.0.1:15004
2023-09-23 10:03:13,381 [main] WARN  server.ServerUtils (ServerUtils.java:getDBPath(311)) - ozone.om.db.dirs is not configured. We recommend adding this setting. Falling back to ozone.metadata.dirs instead.
2023-09-23 10:03:13,393 [main] INFO  proxy.SCMBlockLocationFailoverProxyProvider (SCMBlockLocationFailoverProxyProvider.java:<init>(114)) - Created block location fail-over proxy with 1 nodes: [nodeId=scmNodeId,nodeAddress=/0.0.0.0:15001]
OM initialization succeeded.Current cluster id for sd=/home/runner/work/ozone/ozone/hadoop-ozone/integration-test/target/test-dir/MiniOzoneClusterImpl-221a8c4e-c666-4dc9-898e-ead2ee9f568a/omNode-1/om;cid=221a8c4e-c666-4dc9-898e-ead2ee9f568a;layoutVersion=6
2023-09-23 10:03:13,697 [main] INFO  ha.OMHANodeDetails (OMHANodeDetails.java:loadOMHAConfig(121)) - ServiceID for OzoneManager is om-service-test1
2023-09-23 10:03:13,698 [main] INFO  ha.OMHANodeDetails (OMHANodeDetails.java:loadOMHAConfig(201)) - Found matching OM address with OMServiceId: om-service-test1, OMNodeId: omNode-1, RPC Address: localhost:15004 and Ratis port: 15007
2023-09-23 10:03:13,698 [main] INFO  ha.OMHANodeDetails (ConfUtils.java:setNodeSpecificConfigs(97)) - Setting configuration key ozone.om.http-address with value of key ozone.om.http-address.om-service-test1.omNode-1: 127.0.0.1:15005
2023-09-23 10:03:13,698 [main] INFO  ha.OMHANodeDetails (ConfUtils.java:setNodeSpecificConfigs(97)) - Setting configuration key ozone.om.https-address with value of key ozone.om.https-address.om-service-test1.omNode-1: 127.0.0.1:15006
2023-09-23 10:03:13,698 [main] INFO  ha.OMHANodeDetails (ConfUtils.java:setNodeSpecificConfigs(97)) - Setting configuration key ozone.om.address with value of key ozone.om.address.om-service-test1.omNode-1: 127.0.0.1:15004
2023-09-23 10:03:13,699 [main] WARN  server.ServerUtils (ServerUtils.java:getDBPath(311)) - ozone.om.db.dirs is not configured. We recommend adding this setting. Falling back to ozone.metadata.dirs instead.
2023-09-23 10:03:13,708 [main] INFO  upgrade.AbstractLayoutVersionManager (AbstractLayoutVersionManager.java:init(83)) - Initializing Layout version manager with metadata layout = QUOTA (version = 6), software layout = QUOTA (version = 6)
2023-09-23 10:03:13,837 [main] INFO  reflections.Reflections (Reflections.java:scan(232)) - Reflections took 125 ms to scan 2 urls, producing 188 keys and 516 values [using 2 cores]
2023-09-23 10:03:13,844 [main] INFO  upgrade.OMLayoutVersionManager (OMLayoutVersionManager.java:lambda$0(115)) - Skipping Upgrade Action QuotaRepairUpgradeAction since it has been finalized.
2023-09-23 10:03:13,847 [main] INFO  upgrade.OMLayoutVersionManager (OMLayoutVersionManager.java:lambda$0(115)) - Skipping Upgrade Action MockOmUpgradeAction since it has been finalized.
2023-09-23 10:03:13,850 [main] WARN  server.ServerUtils (ServerUtils.java:getDBPath(311)) - ozone.om.db.dirs is not configured. We recommend adding this setting. Falling back to ozone.metadata.dirs instead.
2023-09-23 10:03:13,987 [main] INFO  proxy.SCMBlockLocationFailoverProxyProvider (SCMBlockLocationFailoverProxyProvider.java:<init>(114)) - Created block location fail-over proxy with 1 nodes: [nodeId=scmNodeId,nodeAddress=/0.0.0.0:15001]
2023-09-23 10:03:14,000 [main] INFO  proxy.SCMBlockLocationFailoverProxyProvider (SCMBlockLocationFailoverProxyProvider.java:<init>(114)) - Created block location fail-over proxy with 1 nodes: [nodeId=scmNodeId,nodeAddress=/0.0.0.0:15001]
2023-09-23 10:03:14,038 [main] INFO  om.OzoneManager (OzoneManager.java:<init>(665)) - OM start with adminUsers: [*, runner]
2023-09-23 10:03:14,057 [main] WARN  server.ServerUtils (ServerUtils.java:getDBPath(311)) - ozone.om.db.dirs is not configured. We recommend adding this setting. Falling back to ozone.metadata.dirs instead.
2023-09-23 10:03:14,091 [main] INFO  helpers.OmKeyInfo (OmKeyInfo.java:getCodec(71)) - OmKeyInfo.getCodec ignorePipeline = true
2023-09-23 10:03:14,458 [main] INFO  om.OzoneManager (OzoneManager.java:instantiateServices(794)) - S3 Multi-Tenancy is disabled
2023-09-23 10:03:14,494 [main] INFO  om.OmSnapshotManager (OmSnapshotManager.java:<init>(174)) - Ozone filesystem snapshot feature is enabled.
2023-09-23 10:03:14,503 [main] WARN  server.ServerUtils (ServerUtils.java:getDBPath(311)) - ozone.om.snapshot.diff.db.dir is not configured. We recommend adding this setting. Falling back to ozone.metadata.dirs instead.
2023-09-23 10:03:14,572 [main] INFO  utils.NativeLibraryLoader (NativeLibraryLoader.java:loadLibrary(108)) - Loading Library: ozone_rocksdb_tools
2023-09-23 10:03:14,574 [main] INFO  snapshot.SnapshotDiffManager (SnapshotDiffManager.java:closeExecutorService(1718)) - Shutting down executorService: 'SstDumpToolExecutor'
2023-09-23 10:03:14,657 [main] INFO  om.OzoneManager (OzoneManager.java:addS3GVolumeToDB(4305)) - Created Volume s3v With Owner runner required for S3Gateway operations.
2023-09-23 10:03:14,757 [main] WARN  server.ServerUtils (ServerUtils.java:getDefaultRatisDirectory(323)) - Storage directory for Ratis is not configured. It is a good idea to map this to an SSD disk. Falling back to ozone.metadata.dirs
2023-09-23 10:03:14,758 [main] WARN  utils.OzoneManagerRatisUtils (OzoneManagerRatisUtils.java:getOMRatisSnapshotDirectory(464)) - ozone.om.ratis.snapshot.dir is not configured. Falling back to ozone.metadata.dirs config
2023-09-23 10:03:14,767 [main] INFO  utils.RDBSnapshotProvider (RDBSnapshotProvider.java:init(87)) - Cleaning up the candidate dir: /home/runner/work/ozone/ozone/hadoop-ozone/integration-test/target/test-dir/MiniOzoneClusterImpl-221a8c4e-c666-4dc9-898e-ead2ee9f568a/omNode-1/snapshot/om.db.candidate
2023-09-23 10:03:14,767 [main] INFO  ratis_snapshot.OmRatisSnapshotProvider (OmRatisSnapshotProvider.java:<init>(99)) - Initializing OM Snapshot Provider
2023-09-23 10:03:15,170 [main] WARN  server.ServerUtils (ServerUtils.java:getDefaultRatisDirectory(323)) - Storage directory for Ratis is not configured. It is a good idea to map this to an SSD disk. Falling back to ozone.metadata.dirs
2023-09-23 10:03:15,194 [main] INFO  ratis.OzoneManagerRatisServer (OzoneManagerRatisServer.java:<init>(163)) - Instantiating OM Ratis server with groupID: om-service-test1 and peers: localhost:15007, localhost:15015, localhost:15011
2023-09-23 10:03:15,203 [main] INFO  ratis.OzoneManagerStateMachine (OzoneManagerStateMachine.java:loadSnapshotInfoFromDB(687)) - LastAppliedIndex is set from TransactionInfo from OM DB as (t:0, i:~)
2023-09-23 10:03:15,262 [main] INFO  server.RaftServer (ConfUtils.java:logGet(46)) - raft.rpc.type = GRPC (default)
2023-09-23 10:03:15,272 [main] INFO  grpc.GrpcConfigKeys (ConfUtils.java:logFallback(53)) - raft.grpc.admin.host = null (fallback to raft.grpc.server.host)
2023-09-23 10:03:15,274 [main] INFO  grpc.GrpcConfigKeys (ConfUtils.java:logFallback(53)) - raft.grpc.admin.port = 15007 (fallback to raft.grpc.server.port)
2023-09-23 10:03:15,275 [main] INFO  grpc.GrpcConfigKeys (ConfUtils.java:logFallback(53)) - raft.grpc.client.host = null (fallback to raft.grpc.server.host)
2023-09-23 10:03:15,275 [main] INFO  grpc.GrpcConfigKeys (ConfUtils.java:logFallback(53)) - raft.grpc.client.port = 15007 (fallback to raft.grpc.server.port)
2023-09-23 10:03:15,275 [main] INFO  grpc.GrpcConfigKeys (ConfUtils.java:logGet(46)) - raft.grpc.server.host = null (default)
2023-09-23 10:03:15,276 [main] INFO  grpc.GrpcConfigKeys (ConfUtils.java:logGet(46)) - raft.grpc.server.port = 15007 (custom)
2023-09-23 10:03:15,276 [main] INFO  server.GrpcService (ConfUtils.java:logGet(46)) - raft.grpc.message.size.max = 33554432 (custom)
2023-09-23 10:03:15,278 [main] INFO  server.RaftServerConfigKeys (ConfUtils.java:logGet(46)) - raft.server.log.appender.buffer.byte-limit = 33554432 (custom)
2023-09-23 10:03:15,278 [main] INFO  server.GrpcService (ConfUtils.java:logGet(46)) - raft.grpc.flow.control.window = 1MB (=1048576) (default)
2023-09-23 10:03:15,279 [main] INFO  server.RaftServerConfigKeys (ConfUtils.java:logGet(46)) - raft.server.rpc.request.timeout = 3000ms (default)
2023-09-23 10:03:15,291 [main] INFO  grpc.GrpcConfigKeys (ConfUtils.java:logGet(46)) - raft.grpc.server.heartbeat.channel = true (default)
2023-09-23 10:03:15,294 [main] INFO  grpc.GrpcConfigKeys (ConfUtils.java:logGet(46)) - raft.grpc.server.async.request.thread.pool.cached = true (default)
2023-09-23 10:03:15,295 [main] INFO  grpc.GrpcConfigKeys (ConfUtils.java:logGet(46)) - raft.grpc.server.async.request.thread.pool.size = 32 (default)
2023-09-23 10:03:15,668 [main] INFO  impl.DataStreamServerImpl (ConfUtils.java:logGet(46)) - raft.datastream.type = DISABLED (default)
2023-09-23 10:03:15,672 [main] INFO  server.RaftServerConfigKeys (ConfUtils.java:logGet(46)) - raft.server.threadpool.proxy.cached = true (default)
2023-09-23 10:03:15,672 [main] INFO  server.RaftServerConfigKeys (ConfUtils.java:logGet(46)) - raft.server.threadpool.proxy.size = 0 (default)
2023-09-23 10:03:15,672 [main] INFO  server.RaftServerConfigKeys (ConfUtils.java:logGet(46)) - raft.server.rpc.slowness.timeout = 2s (custom)
2023-09-23 10:03:15,673 [main] INFO  server.RaftServerConfigKeys (ConfUtils.java:logGet(46)) - raft.server.leaderelection.leader.step-down.wait-time = 10s (default)
2023-09-23 10:03:15,675 [main] INFO  server.RaftServerConfigKeys (ConfUtils.java:logGet(46)) - raft.server.storage.dir = [/home/runner/work/ozone/ozone/hadoop-ozone/integration-test/target/test-dir/MiniOzoneClusterImpl-221a8c4e-c666-4dc9-898e-ead2ee9f568a/omNode-1/ratis] (custom)
2023-09-23 10:03:15,682 [main] INFO  server.RaftServer (RaftServerProxy.java:addNew(98)) - omNode-1: addNew group-523986131536:[omNode-3|rpc:localhost:15015|priority:0|startupRole:FOLLOWER, omNode-1|rpc:localhost:15007|priority:0|startupRole:FOLLOWER, omNode-2|rpc:localhost:15011|priority:0|startupRole:FOLLOWER] returns group-523986131536:java.util.concurrent.CompletableFuture@50d9b736[Not completed]
2023-09-23 10:03:15,682 [main] INFO  om.OzoneManager (OzoneManager.java:initializeRatisServer(2148)) - OzoneManager Ratis server initialized at port 15007
2023-09-23 10:03:15,685 [main] INFO  om.OzoneManager (OzoneManager.java:getRpcServer(1196)) - Creating RPC Server
2023-09-23 10:03:15,729 [omNode-1-groupManagement] INFO  server.RaftServer$Division (RaftServerImpl.java:<init>(198)) - omNode-1: new RaftServerImpl for group-523986131536:[omNode-3|rpc:localhost:15015|priority:0|startupRole:FOLLOWER, omNode-1|rpc:localhost:15007|priority:0|startupRole:FOLLOWER, omNode-2|rpc:localhost:15011|priority:0|startupRole:FOLLOWER] with OzoneManagerStateMachine:uninitialized
2023-09-23 10:03:15,731 [omNode-1-groupManagement] INFO  server.RaftServerConfigKeys (ConfUtils.java:logGet(46)) - raft.server.rpc.timeout.min = 1s (custom)
2023-09-23 10:03:15,731 [omNode-1-groupManagement] INFO  server.RaftServerConfigKeys (ConfUtils.java:logGet(46)) - raft.server.rpc.timeout.max = 1200ms (custom)
2023-09-23 10:03:15,731 [omNode-1-groupManagement] INFO  server.RaftServerConfigKeys (ConfUtils.java:logGet(46)) - raft.server.rpc.sleep.time = 25ms (default)
2023-09-23 10:03:15,731 [omNode-1-groupManagement] INFO  server.RaftServerConfigKeys (ConfUtils.java:logGet(46)) - raft.server.rpc.slowness.timeout = 2s (custom)
2023-09-23 10:03:15,732 [omNode-1-groupManagement] INFO  server.RaftServerConfigKeys (ConfUtils.java:logGet(46)) - raft.server.leaderelection.leader.step-down.wait-time = 10s (default)
2023-09-23 10:03:15,732 [omNode-1-groupManagement] INFO  server.RaftServerConfigKeys (ConfUtils.java:logGet(46)) - raft.server.sleep.deviation.threshold = 300ms (default)
2023-09-23 10:03:15,759 [omNode-1-groupManagement] INFO  server.RaftServer$Division (ServerState.java:<init>(120)) - omNode-1@group-523986131536: ConfigurationManager, init=-1: peers:[omNode-3|rpc:localhost:15015|priority:0|startupRole:FOLLOWER, omNode-1|rpc:localhost:15007|priority:0|startupRole:FOLLOWER, omNode-2|rpc:localhost:15011|priority:0|startupRole:FOLLOWER]|listeners:[], old=null, confs=<EMPTY_MAP>
2023-09-23 10:03:15,759 [omNode-1-groupManagement] INFO  server.RaftServerConfigKeys (ConfUtils.java:logGet(46)) - raft.server.storage.dir = [/home/runner/work/ozone/ozone/hadoop-ozone/integration-test/target/test-dir/MiniOzoneClusterImpl-221a8c4e-c666-4dc9-898e-ead2ee9f568a/omNode-1/ratis] (custom)
2023-09-23 10:03:15,776 [omNode-1-groupManagement] INFO  server.RaftServerConfigKeys (ConfUtils.java:logGet(46)) - raft.server.log.corruption.policy = EXCEPTION (default)
2023-09-23 10:03:15,776 [omNode-1-groupManagement] INFO  server.RaftServerConfigKeys (ConfUtils.java:logGet(46)) - raft.server.storage.free-space.min = 0MB (=0) (default)
2023-09-23 10:03:15,805 [omNode-1-groupManagement] INFO  server.RaftServerConfigKeys (ConfUtils.java:logGet(46)) - raft.server.notification.no-leader.timeout = 2s (custom)
2023-09-23 10:03:15,809 [omNode-1-groupManagement] INFO  server.RaftServerConfigKeys (ConfUtils.java:logGet(46)) - raft.server.read.timeout = 10s (default)
2023-09-23 10:03:15,814 [omNode-1-groupManagement] INFO  server.RaftServerConfigKeys (ConfUtils.java:logGet(46)) - raft.server.retrycache.expirytime = 30000ms (custom)
2023-09-23 10:03:15,815 [omNode-1-groupManagement] INFO  server.RaftServerConfigKeys (ConfUtils.java:logGet(46)) - raft.server.retrycache.statistics.expirytime = 100μs (default)
2023-09-23 10:03:15,854 [omNode-1-groupManagement] INFO  server.RaftServerConfigKeys (ConfUtils.java:logGet(46)) - raft.server.read.option = DEFAULT (default)
2023-09-23 10:03:15,911 [omNode-1-groupManagement] INFO  server.RaftServerConfigKeys (ConfUtils.java:logGet(46)) - raft.server.rpc.request.timeout = 3000ms (default)
2023-09-23 10:03:15,914 [omNode-1-groupManagement] INFO  server.RaftServerConfigKeys (ConfUtils.java:logGet(46)) - raft.server.log.appender.install.snapshot.enabled = false (custom)
2023-09-23 10:03:15,915 [omNode-1-groupManagement] INFO  server.RaftServerConfigKeys (ConfUtils.java:logGet(46)) - raft.server.threadpool.server.cached = true (default)
2023-09-23 10:03:15,915 [omNode-1-groupManagement] INFO  server.RaftServerConfigKeys (ConfUtils.java:logGet(46)) - raft.server.threadpool.server.size = 0 (default)
2023-09-23 10:03:15,915 [omNode-1-groupManagement] INFO  server.RaftServerConfigKeys (ConfUtils.java:logGet(46)) - raft.server.threadpool.client.cached = true (default)
2023-09-23 10:03:15,931 [omNode-1-groupManagement] INFO  server.RaftServerConfigKeys (ConfUtils.java:logGet(46)) - raft.server.threadpool.client.size = 0 (default)
2023-09-23 10:03:16,488 [main] INFO  reflections.Reflections (Reflections.java:scan(232)) - Reflections took 765 ms to scan 20 urls, producing 71 keys and 6030 values [using 2 cores]
2023-09-23 10:03:16,710 [main] INFO  ipc.CallQueueManager (CallQueueManager.java:<init>(90)) - Using callQueue: class java.util.concurrent.LinkedBlockingQueue, queueCapacity: 2000, scheduler: class org.apache.hadoop.ipc.DefaultRpcScheduler, ipcBackoff: false.
2023-09-23 10:03:16,710 [main] INFO  ipc.Server (Server.java:<init>(1287)) - Listener at 127.0.0.1:15004
2023-09-23 10:03:16,711 [Socket Reader #1 for port 15004] INFO  ipc.Server (Server.java:run(1323)) - Starting Socket Reader #1 for port 15004
2023-09-23 10:03:16,742 [main] INFO  impl.MetricsSystemImpl (MetricsSystemImpl.java:init(158)) - OzoneManager metrics system started (again)
2023-09-23 10:03:16,754 [main] INFO  om.OzoneManager (OzoneManager.java:start(1633)) - OzoneManager RPC server is listening at localhost/127.0.0.1:15004
2023-09-23 10:03:16,754 [main] INFO  ratis.OzoneManagerRatisServer (OzoneManagerRatisServer.java:start(558)) - Starting OzoneManagerRatisServer omNode-1 at port 15007
2023-09-23 10:03:16,757 [omNode-1-impl-thread1] INFO  storage.RaftStorageDirectory (RaftStorageDirectoryImpl.java:analyzeStorage(137)) - The storage directory /home/runner/work/ozone/ozone/hadoop-ozone/integration-test/target/test-dir/MiniOzoneClusterImpl-221a8c4e-c666-4dc9-898e-ead2ee9f568a/omNode-1/ratis/c9bc4cf4-3bc3-3c60-a66b-523986131536 does not exist. Creating ...
2023-09-23 10:03:16,763 [omNode-1-impl-thread1] INFO  storage.RaftStorageDirectory (RaftStorageDirectoryImpl.java:tryLock(231)) - Lock on /home/runner/work/ozone/ozone/hadoop-ozone/integration-test/target/test-dir/MiniOzoneClusterImpl-221a8c4e-c666-4dc9-898e-ead2ee9f568a/omNode-1/ratis/c9bc4cf4-3bc3-3c60-a66b-523986131536/in_use.lock acquired by nodename 6438@fv-az1239-715
2023-09-23 10:03:16,770 [omNode-1-impl-thread1] INFO  storage.RaftStorage (RaftStorageImpl.java:format(96)) - Storage directory /home/runner/work/ozone/ozone/hadoop-ozone/integration-test/target/test-dir/MiniOzoneClusterImpl-221a8c4e-c666-4dc9-898e-ead2ee9f568a/omNode-1/ratis/c9bc4cf4-3bc3-3c60-a66b-523986131536 has been successfully formatted.
2023-09-23 10:03:16,774 [omNode-1-impl-thread1] INFO  server.RaftServerConfigKeys (ConfUtils.java:logGet(46)) - raft.server.log.use.memory = false (default)
2023-09-23 10:03:16,783 [omNode-1-impl-thread1] INFO  server.RaftServerConfigKeys (ConfUtils.java:logGet(46)) - raft.server.log.purge.gap = 50 (custom)
2023-09-23 10:03:16,783 [omNode-1-impl-thread1] INFO  server.RaftServerConfigKeys (ConfUtils.java:logGet(46)) - raft.server.log.appender.buffer.byte-limit = 33554432 (custom)
2023-09-23 10:03:16,785 [omNode-1-impl-thread1] INFO  server.RaftServerConfigKeys (ConfUtils.java:logGet(46)) - raft.server.log.statemachine.data.read.timeout = 1000ms (default)
2023-09-23 10:03:16,786 [omNode-1-impl-thread1] INFO  server.RaftServerConfigKeys (ConfUtils.java:logGet(46)) - raft.server.log.purge.preservation.log.num = 0 (default)
2023-09-23 10:03:16,789 [omNode-1-impl-thread1] INFO  server.RaftServerConfigKeys (ConfUtils.java:logGet(46)) - raft.server.log.segment.size.max = 4194304 (custom)
2023-09-23 10:03:16,797 [omNode-1-impl-thread1] INFO  server.RaftServerConfigKeys (ConfUtils.java:logGet(46)) - raft.server.log.segment.cache.num.max = 2 (custom)
2023-09-23 10:03:16,797 [omNode-1-impl-thread1] INFO  server.RaftServerConfigKeys (ConfUtils.java:logGet(46)) - raft.server.log.segment.cache.size.max = 200MB (=209715200) (default)
2023-09-23 10:03:16,797 [omNode-1-impl-thread1] INFO  server.RaftServerConfigKeys (ConfUtils.java:logGet(46)) - raft.server.log.appender.buffer.byte-limit = 33554432 (custom)
2023-09-23 10:03:16,803 [omNode-1-impl-thread1] INFO  segmented.SegmentedRaftLogWorker (SegmentedRaftLogWorker.java:<init>(188)) - new omNode-1@group-523986131536-SegmentedRaftLogWorker for RaftStorageImpl:Storage Directory /home/runner/work/ozone/ozone/hadoop-ozone/integration-test/target/test-dir/MiniOzoneClusterImpl-221a8c4e-c666-4dc9-898e-ead2ee9f568a/omNode-1/ratis/c9bc4cf4-3bc3-3c60-a66b-523986131536
2023-09-23 10:03:16,803 [omNode-1-impl-thread1] INFO  server.RaftServerConfigKeys (ConfUtils.java:logGet(46)) - raft.server.log.queue.byte-limit = 64MB (=67108864) (default)
2023-09-23 10:03:16,804 [omNode-1-impl-thread1] INFO  server.RaftServerConfigKeys (ConfUtils.java:logGet(46)) - raft.server.log.queue.element-limit = 4096 (default)
2023-09-23 10:03:16,805 [omNode-1-impl-thread1] INFO  server.RaftServerConfigKeys (ConfUtils.java:logGet(46)) - raft.server.log.segment.size.max = 4194304 (custom)
2023-09-23 10:03:16,805 [omNode-1-impl-thread1] INFO  server.RaftServerConfigKeys (ConfUtils.java:logGet(46)) - raft.server.log.preallocated.size = 4194304 (custom)
2023-09-23 10:03:16,805 [omNode-1-impl-thread1] INFO  server.RaftServerConfigKeys (ConfUtils.java:logGet(46)) - raft.server.log.force.sync.num = 128 (default)
2023-09-23 10:03:16,806 [omNode-1-impl-thread1] INFO  server.RaftServerConfigKeys (ConfUtils.java:logGet(46)) - raft.server.log.statemachine.data.sync = true (default)
2023-09-23 10:03:16,806 [omNode-1-impl-thread1] INFO  server.RaftServerConfigKeys (ConfUtils.java:logGet(46)) - raft.server.log.statemachine.data.sync.timeout = 10s (default)
2023-09-23 10:03:16,807 [omNode-1-impl-thread1] INFO  server.RaftServerConfigKeys (ConfUtils.java:logGet(46)) - raft.server.log.statemachine.data.sync.timeout.retry = -1 (default)
2023-09-23 10:03:16,818 [omNode-1-impl-thread1] INFO  server.RaftServerConfigKeys (ConfUtils.java:logGet(46)) - raft.server.log.write.buffer.size = 64KB (=65536) (default)
2023-09-23 10:03:16,818 [omNode-1-impl-thread1] INFO  server.RaftServerConfigKeys (ConfUtils.java:logGet(46)) - raft.server.log.appender.buffer.byte-limit = 33554432 (custom)
2023-09-23 10:03:16,862 [omNode-1-impl-thread1] INFO  server.RaftServerConfigKeys (ConfUtils.java:logGet(46)) - raft.server.log.unsafe-flush.enabled = false (default)
2023-09-23 10:03:16,865 [omNode-1-impl-thread1] INFO  server.RaftServerConfigKeys (ConfUtils.java:logGet(46)) - raft.server.log.async-flush.enabled = false (default)
2023-09-23 10:03:16,865 [omNode-1-impl-thread1] INFO  server.RaftServerConfigKeys (ConfUtils.java:logGet(46)) - raft.server.log.statemachine.data.caching.enabled = false (default)
2023-09-23 10:03:16,877 [omNode-1-impl-thread1] INFO  segmented.SegmentedRaftLogWorker (SegmentedRaftLogWorker.java:lambda$new$0(135)) - omNode-1@group-523986131536-SegmentedRaftLogWorker: flushIndex: setUnconditionally 0 -> -1
2023-09-23 10:03:16,878 [omNode-1-impl-thread1] INFO  segmented.SegmentedRaftLogWorker (SegmentedRaftLogWorker.java:lambda$new$0(135)) - omNode-1@group-523986131536-SegmentedRaftLogWorker: safeCacheEvictIndex: setUnconditionally 0 -> -1
2023-09-23 10:03:16,881 [omNode-1-impl-thread1] INFO  server.RaftServer$Division (RaftServerImpl.java:start(342)) - omNode-1@group-523986131536: start as a follower, conf=-1: peers:[omNode-3|rpc:localhost:15015|priority:0|startupRole:FOLLOWER, omNode-1|rpc:localhost:15007|priority:0|startupRole:FOLLOWER, omNode-2|rpc:localhost:15011|priority:0|startupRole:FOLLOWER]|listeners:[], old=null
2023-09-23 10:03:16,881 [omNode-1-impl-thread1] INFO  server.RaftServer$Division (RaftServerImpl.java:setRole(329)) - omNode-1@group-523986131536: changes role from      null to FOLLOWER at term 0 for startAsFollower
2023-09-23 10:03:16,883 [omNode-1-impl-thread1] INFO  impl.RoleInfo (RoleInfo.java:updateAndGet(139)) - omNode-1: start omNode-1@group-523986131536-FollowerState
2023-09-23 10:03:16,884 [omNode-1@group-523986131536-FollowerState] INFO  server.RaftServerConfigKeys (ConfUtils.java:logFallback(53)) - raft.server.rpc.first-election.timeout.min = 1s (fallback to raft.server.rpc.timeout.min)
2023-09-23 10:03:16,884 [omNode-1@group-523986131536-FollowerState] INFO  server.RaftServerConfigKeys (ConfUtils.java:logFallback(53)) - raft.server.rpc.first-election.timeout.max = 1200ms (fallback to raft.server.rpc.timeout.max)
2023-09-23 10:03:16,886 [omNode-1-impl-thread1] INFO  util.JmxRegister (JmxRegister.java:tryRegister(44)) - Successfully registered JMX Bean with object name Ratis:service=RaftServer,group=group-523986131536,id=omNode-1
2023-09-23 10:03:16,889 [omNode-1-impl-thread1] INFO  server.RaftServerConfigKeys (ConfUtils.java:logGet(46)) - raft.server.snapshot.auto.trigger.enabled = true (custom)
2023-09-23 10:03:16,890 [omNode-1-impl-thread1] INFO  server.RaftServerConfigKeys (ConfUtils.java:logGet(46)) - raft.server.snapshot.auto.trigger.threshold = 50 (custom)
2023-09-23 10:03:16,891 [omNode-1-impl-thread1] INFO  server.RaftServerConfigKeys (ConfUtils.java:logGet(46)) - raft.server.snapshot.retention.file.num = -1 (default)
2023-09-23 10:03:16,893 [omNode-1-impl-thread1] INFO  server.RaftServerConfigKeys (ConfUtils.java:logGet(46)) - raft.server.log.purge.upto.snapshot.index = true (custom)
2023-09-23 10:03:16,897 [main] INFO  server.RaftServer (RaftServerProxy.java:startImpl(400)) - omNode-1: start RPC server
2023-09-23 10:03:16,945 [main] INFO  server.GrpcService (GrpcService.java:startImpl(302)) - omNode-1: GrpcService started, listening on 15007
2023-09-23 10:03:16,945 [JvmPauseMonitor1] INFO  util.JvmPauseMonitor (JvmPauseMonitor.java:run(103)) - JvmPauseMonitor-omNode-1: Started
2023-09-23 10:03:16,946 [main] INFO  om.OzoneManager (OzoneManager.java:start(1649)) - Version File has different layout version (6) than OM DB (null). That is expected if this OM has never been finalized to a newer layout version.
2023-09-23 10:03:16,975 [main] INFO  http.BaseHttpServer (BaseHttpServer.java:newHttpServer2BuilderForOzone(223)) - Starting Web-server for ozoneManager at: http://0.0.0.0:15005
2023-09-23 10:03:16,976 [main] INFO  http.BaseHttpServer (BaseHttpServer.java:<init>(110)) - Hadoop Security Enabled: false Ozone Security Enabled: false Ozone HTTP Security Enabled: false 
2023-09-23 10:03:16,977 [main] WARN  server.AuthenticationFilter (AuthenticationFilter.java:constructSecretProvider(240)) - Unable to initialize FileSignerSecretProvider, falling back to use random secrets. Reason: Could not read signature secret file: /home/runner/hadoop-http-auth-signature-secret
2023-09-23 10:03:16,982 [main] INFO  http.HttpRequestLog (HttpRequestLog.java:getRequestLog(86)) - Http request log for http.requests.ozoneManager is not defined
2023-09-23 10:03:16,984 [main] INFO  http.HttpServer2 (HttpServer2.java:addGlobalFilter(1031)) - Added global filter 'safety' (class=org.apache.hadoop.hdds.server.http.HttpServer2$QuotingInputFilter)
2023-09-23 10:03:16,985 [main] INFO  http.HttpServer2 (HttpServer2.java:addFilter(1007)) - Added filter static_user_filter (class=org.apache.hadoop.http.lib.StaticUserWebFilter$StaticUserFilter) to context ozoneManager
2023-09-23 10:03:16,985 [main] INFO  http.HttpServer2 (HttpServer2.java:addFilter(1015)) - Added filter static_user_filter (class=org.apache.hadoop.http.lib.StaticUserWebFilter$StaticUserFilter) to context logs
2023-09-23 10:03:16,985 [main] INFO  http.HttpServer2 (HttpServer2.java:addFilter(1015)) - Added filter static_user_filter (class=org.apache.hadoop.http.lib.StaticUserWebFilter$StaticUserFilter) to context static
2023-09-23 10:03:16,987 [main] INFO  http.BaseHttpServer (BaseHttpServer.java:<init>(189)) - HTTP server of ozoneManager uses base directory /home/runner/work/ozone/ozone/hadoop-ozone/integration-test/target/test-dir/MiniOzoneClusterImpl-221a8c4e-c666-4dc9-898e-ead2ee9f568a/omNode-1/webserver
2023-09-23 10:03:16,990 [main] INFO  http.HttpServer2 (HttpServer2.java:bindListener(1231)) - Jetty bound to port 15005
2023-09-23 10:03:16,991 [main] INFO  server.Server (Server.java:doStart(375)) - jetty-9.4.52.v20230823; built: 2023-08-23T19:29:37.669Z; git: abdcda73818a1a2c705da276edb0bf6581e7997e; jvm 1.8.0_382-b05
2023-09-23 10:03:16,994 [main] INFO  server.session (DefaultSessionIdManager.java:doStart(334)) - DefaultSessionIdManager workerName=node0
2023-09-23 10:03:16,994 [main] INFO  server.session (DefaultSessionIdManager.java:doStart(339)) - No SessionScavenger set, using defaults
2023-09-23 10:03:16,995 [main] INFO  server.session (HouseKeeper.java:startScavenging(132)) - node0 Scavenging every 600000ms
2023-09-23 10:03:16,996 [main] INFO  handler.ContextHandler (ContextHandler.java:doStart(921)) - Started o.e.j.s.ServletContextHandler@191dd84a{logs,/logs,file:///home/runner/work/ozone/ozone/hadoop-ozone/integration-test/target/log,AVAILABLE}
2023-09-23 10:03:16,996 [main] INFO  handler.ContextHandler (ContextHandler.java:doStart(921)) - Started o.e.j.s.ServletContextHandler@5de29c1e{static,/static,file:///home/runner/work/ozone/ozone/hadoop-ozone/integration-test/target/test-classes/webapps/static,AVAILABLE}
2023-09-23 10:03:17,001 [main] INFO  handler.ContextHandler (ContextHandler.java:doStart(921)) - Started o.e.j.w.WebAppContext@2d4a8842{ozoneManager,/,file:///home/runner/work/ozone/ozone/hadoop-ozone/integration-test/target/test-classes/webapps/ozoneManager/,AVAILABLE}{file:/home/runner/work/ozone/ozone/hadoop-ozone/integration-test/target/test-classes/webapps/ozoneManager}
2023-09-23 10:03:17,003 [main] INFO  server.AbstractConnector (AbstractConnector.java:doStart(333)) - Started ServerConnector@4e80e1b5{HTTP/1.1, (http/1.1)}{0.0.0.0:15005}
2023-09-23 10:03:17,003 [main] INFO  server.Server (Server.java:doStart(415)) - Started @8941ms
2023-09-23 10:03:17,003 [main] WARN  impl.MetricsSystemImpl (MetricsSystemImpl.java:register(279)) - Sink prometheus already exists!
2023-09-23 10:03:17,004 [main] INFO  http.BaseHttpServer (BaseHttpServer.java:updateConnectorAddress(354)) - HTTP server of ozoneManager listening at http://0.0.0.0:15005
2023-09-23 10:03:17,004 [IPC Server Responder] INFO  ipc.Server (Server.java:run(1562)) - IPC Server Responder: starting
2023-09-23 10:03:17,004 [IPC Server listener on 15004] INFO  ipc.Server (Server.java:run(1402)) - IPC Server listener on 15004: starting
2023-09-23 10:03:17,009 [main] INFO  om.OzoneManager (OzoneManager.java:startTrashEmptier(2101)) - Trash Interval set to 0. Files deleted won't move to trash
2023-09-23 10:03:17,010 [main] INFO  ozone.MiniOzoneHAClusterImpl (MiniOzoneHAClusterImpl.java:createOMService(505)) - Started OzoneManager omNode-1 RPC server at localhost/127.0.0.1:15004
2023-09-23 10:03:17,010 [main] INFO  ha.OMHANodeDetails (OMHANodeDetails.java:loadOMHAConfig(121)) - ServiceID for OzoneManager is om-service-test1
2023-09-23 10:03:17,011 [main] INFO  ha.OMHANodeDetails (OMHANodeDetails.java:loadOMHAConfig(201)) - Found matching OM address with OMServiceId: om-service-test1, OMNodeId: omNode-2, RPC Address: localhost:15008 and Ratis port: 15011
2023-09-23 10:03:17,011 [main] INFO  ha.OMHANodeDetails (ConfUtils.java:setNodeSpecificConfigs(97)) - Setting configuration key ozone.om.http-address with value of key ozone.om.http-address.om-service-test1.omNode-2: 127.0.0.1:15009
2023-09-23 10:03:17,011 [main] INFO  ha.OMHANodeDetails (ConfUtils.java:setNodeSpecificConfigs(97)) - Setting configuration key ozone.om.https-address with value of key ozone.om.https-address.om-service-test1.omNode-2: 127.0.0.1:15010
2023-09-23 10:03:17,012 [main] INFO  ha.OMHANodeDetails (ConfUtils.java:setNodeSpecificConfigs(97)) - Setting configuration key ozone.om.address with value of key ozone.om.address.om-service-test1.omNode-2: 127.0.0.1:15008
2023-09-23 10:03:17,012 [main] WARN  server.ServerUtils (ServerUtils.java:getDBPath(311)) - ozone.om.db.dirs is not configured. We recommend adding this setting. Falling back to ozone.metadata.dirs instead.
2023-09-23 10:03:17,013 [main] INFO  proxy.SCMBlockLocationFailoverProxyProvider (SCMBlockLocationFailoverProxyProvider.java:<init>(114)) - Created block location fail-over proxy with 1 nodes: [nodeId=scmNodeId,nodeAddress=/0.0.0.0:15001]
OM initialization succeeded.Current cluster id for sd=/home/runner/work/ozone/ozone/hadoop-ozone/integration-test/target/test-dir/MiniOzoneClusterImpl-221a8c4e-c666-4dc9-898e-ead2ee9f568a/omNode-2/om;cid=221a8c4e-c666-4dc9-898e-ead2ee9f568a;layoutVersion=6
2023-09-23 10:03:17,027 [main] INFO  ha.OMHANodeDetails (OMHANodeDetails.java:loadOMHAConfig(121)) - ServiceID for OzoneManager is om-service-test1
2023-09-23 10:03:17,028 [main] INFO  ha.OMHANodeDetails (OMHANodeDetails.java:loadOMHAConfig(201)) - Found matching OM address with OMServiceId: om-service-test1, OMNodeId: omNode-2, RPC Address: localhost:15008 and Ratis port: 15011
2023-09-23 10:03:17,028 [main] INFO  ha.OMHANodeDetails (ConfUtils.java:setNodeSpecificConfigs(97)) - Setting configuration key ozone.om.http-address with value of key ozone.om.http-address.om-service-test1.omNode-2: 127.0.0.1:15009
2023-09-23 10:03:17,028 [main] INFO  ha.OMHANodeDetails (ConfUtils.java:setNodeSpecificConfigs(97)) - Setting configuration key ozone.om.https-address with value of key ozone.om.https-address.om-service-test1.omNode-2: 127.0.0.1:15010
2023-09-23 10:03:17,028 [main] INFO  ha.OMHANodeDetails (ConfUtils.java:setNodeSpecificConfigs(97)) - Setting configuration key ozone.om.address with value of key ozone.om.address.om-service-test1.omNode-2: 127.0.0.1:15008
2023-09-23 10:03:17,028 [main] WARN  server.ServerUtils (ServerUtils.java:getDBPath(311)) - ozone.om.db.dirs is not configured. We recommend adding this setting. Falling back to ozone.metadata.dirs instead.
2023-09-23 10:03:17,035 [main] INFO  upgrade.AbstractLayoutVersionManager (AbstractLayoutVersionManager.java:init(83)) - Initializing Layout version manager with metadata layout = QUOTA (version = 6), software layout = QUOTA (version = 6)
2023-09-23 10:03:17,118 [main] INFO  reflections.Reflections (Reflections.java:scan(232)) - Reflections took 81 ms to scan 2 urls, producing 188 keys and 516 values [using 2 cores]
2023-09-23 10:03:17,119 [main] INFO  upgrade.OMLayoutVersionManager (OMLayoutVersionManager.java:lambda$0(115)) - Skipping Upgrade Action QuotaRepairUpgradeAction since it has been finalized.
2023-09-23 10:03:17,119 [main] INFO  upgrade.OMLayoutVersionManager (OMLayoutVersionManager.java:lambda$0(115)) - Skipping Upgrade Action MockOmUpgradeAction since it has been finalized.
2023-09-23 10:03:17,119 [main] WARN  server.ServerUtils (ServerUtils.java:getDBPath(311)) - ozone.om.db.dirs is not configured. We recommend adding this setting. Falling back to ozone.metadata.dirs instead.
2023-09-23 10:03:17,121 [main] INFO  proxy.SCMBlockLocationFailoverProxyProvider (SCMBlockLocationFailoverProxyProvider.java:<init>(114)) - Created block location fail-over proxy with 1 nodes: [nodeId=scmNodeId,nodeAddress=/0.0.0.0:15001]
2023-09-23 10:03:17,124 [main] INFO  proxy.SCMBlockLocationFailoverProxyProvider (SCMBlockLocationFailoverProxyProvider.java:<init>(114)) - Created block location fail-over proxy with 1 nodes: [nodeId=scmNodeId,nodeAddress=/0.0.0.0:15001]
2023-09-23 10:03:17,131 [main] INFO  om.OzoneManager (OzoneManager.java:<init>(665)) - OM start with adminUsers: [*, runner]
2023-09-23 10:03:17,132 [main] WARN  server.ServerUtils (ServerUtils.java:getDBPath(311)) - ozone.om.db.dirs is not configured. We recommend adding this setting. Falling back to ozone.metadata.dirs instead.
2023-09-23 10:03:17,133 [main] INFO  helpers.OmKeyInfo (OmKeyInfo.java:getCodec(71)) - OmKeyInfo.getCodec ignorePipeline = true
2023-09-23 10:03:17,402 [main] INFO  om.OzoneManager (OzoneManager.java:instantiateServices(794)) - S3 Multi-Tenancy is disabled
2023-09-23 10:03:17,402 [main] INFO  om.OmSnapshotManager (OmSnapshotManager.java:<init>(174)) - Ozone filesystem snapshot feature is enabled.
2023-09-23 10:03:17,403 [main] WARN  server.ServerUtils (ServerUtils.java:getDBPath(311)) - ozone.om.snapshot.diff.db.dir is not configured. We recommend adding this setting. Falling back to ozone.metadata.dirs instead.
2023-09-23 10:03:17,430 [main] INFO  snapshot.SnapshotDiffManager (SnapshotDiffManager.java:closeExecutorService(1718)) - Shutting down executorService: 'SstDumpToolExecutor'
2023-09-23 10:03:17,433 [main] INFO  om.OzoneManager (OzoneManager.java:addS3GVolumeToDB(4305)) - Created Volume s3v With Owner runner required for S3Gateway operations.
2023-09-23 10:03:17,433 [main] WARN  server.ServerUtils (ServerUtils.java:getDefaultRatisDirectory(323)) - Storage directory for Ratis is not configured. It is a good idea to map this to an SSD disk. Falling back to ozone.metadata.dirs
2023-09-23 10:03:17,434 [main] WARN  utils.OzoneManagerRatisUtils (OzoneManagerRatisUtils.java:getOMRatisSnapshotDirectory(464)) - ozone.om.ratis.snapshot.dir is not configured. Falling back to ozone.metadata.dirs config
2023-09-23 10:03:17,442 [main] INFO  utils.RDBSnapshotProvider (RDBSnapshotProvider.java:init(87)) - Cleaning up the candidate dir: /home/runner/work/ozone/ozone/hadoop-ozone/integration-test/target/test-dir/MiniOzoneClusterImpl-221a8c4e-c666-4dc9-898e-ead2ee9f568a/omNode-2/snapshot/om.db.candidate
2023-09-23 10:03:17,442 [main] INFO  ratis_snapshot.OmRatisSnapshotProvider (OmRatisSnapshotProvider.java:<init>(99)) - Initializing OM Snapshot Provider
2023-09-23 10:03:17,446 [main] WARN  impl.MetricRegistriesImpl (MetricRegistriesImpl.java:addReporterRegistration(111)) - New reporters are added after registries were created. Some metrics will be missing from the reporter. Please add reporter before adding any new registry.
2023-09-23 10:03:17,447 [main] WARN  impl.MetricRegistriesImpl (MetricRegistriesImpl.java:addReporterRegistration(111)) - New reporters are added after registries were created. Some metrics will be missing from the reporter. Please add reporter before adding any new registry.
2023-09-23 10:03:17,447 [main] WARN  server.ServerUtils (ServerUtils.java:getDefaultRatisDirectory(323)) - Storage directory for Ratis is not configured. It is a good idea to map this to an SSD disk. Falling back to ozone.metadata.dirs
2023-09-23 10:03:17,449 [main] INFO  ratis.OzoneManagerRatisServer (OzoneManagerRatisServer.java:<init>(163)) - Instantiating OM Ratis server with groupID: om-service-test1 and peers: localhost:15011, localhost:15015, localhost:15007
2023-09-23 10:03:17,450 [main] INFO  ratis.OzoneManagerStateMachine (OzoneManagerStateMachine.java:loadSnapshotInfoFromDB(687)) - LastAppliedIndex is set from TransactionInfo from OM DB as (t:0, i:~)
2023-09-23 10:03:17,453 [main] INFO  server.RaftServer (ConfUtils.java:logGet(46)) - raft.rpc.type = GRPC (default)
2023-09-23 10:03:17,453 [main] INFO  grpc.GrpcConfigKeys (ConfUtils.java:logFallback(53)) - raft.grpc.admin.host = null (fallback to raft.grpc.server.host)
2023-09-23 10:03:17,453 [main] INFO  grpc.GrpcConfigKeys (ConfUtils.java:logFallback(53)) - raft.grpc.admin.port = 15011 (fallback to raft.grpc.server.port)
2023-09-23 10:03:17,454 [main] INFO  grpc.GrpcConfigKeys (ConfUtils.java:logFallback(53)) - raft.grpc.client.host = null (fallback to raft.grpc.server.host)
2023-09-23 10:03:17,454 [main] INFO  grpc.GrpcConfigKeys (ConfUtils.java:logFallback(53)) - raft.grpc.client.port = 15011 (fallback to raft.grpc.server.port)
2023-09-23 10:03:17,454 [main] INFO  grpc.GrpcConfigKeys (ConfUtils.java:logGet(46)) - raft.grpc.server.host = null (default)
2023-09-23 10:03:17,454 [main] INFO  grpc.GrpcConfigKeys (ConfUtils.java:logGet(46)) - raft.grpc.server.port = 15011 (custom)
2023-09-23 10:03:17,455 [main] INFO  server.GrpcService (ConfUtils.java:logGet(46)) - raft.grpc.message.size.max = 33554432 (custom)
2023-09-23 10:03:17,455 [main] INFO  server.RaftServerConfigKeys (ConfUtils.java:logGet(46)) - raft.server.log.appender.buffer.byte-limit = 33554432 (custom)
2023-09-23 10:03:17,455 [main] INFO  server.GrpcService (ConfUtils.java:logGet(46)) - raft.grpc.flow.control.window = 1MB (=1048576) (default)
2023-09-23 10:03:17,455 [main] INFO  server.RaftServerConfigKeys (ConfUtils.java:logGet(46)) - raft.server.rpc.request.timeout = 3000ms (default)
2023-09-23 10:03:17,455 [main] INFO  grpc.GrpcConfigKeys (ConfUtils.java:logGet(46)) - raft.grpc.server.heartbeat.channel = true (default)
2023-09-23 10:03:17,456 [main] INFO  grpc.GrpcConfigKeys (ConfUtils.java:logGet(46)) - raft.grpc.server.async.request.thread.pool.cached = true (default)
2023-09-23 10:03:17,456 [main] INFO  grpc.GrpcConfigKeys (ConfUtils.java:logGet(46)) - raft.grpc.server.async.request.thread.pool.size = 32 (default)
2023-09-23 10:03:17,458 [main] INFO  impl.DataStreamServerImpl (ConfUtils.java:logGet(46)) - raft.datastream.type = DISABLED (default)
2023-09-23 10:03:17,458 [main] INFO  server.RaftServerConfigKeys (ConfUtils.java:logGet(46)) - raft.server.threadpool.proxy.cached = true (default)
2023-09-23 10:03:17,458 [main] INFO  server.RaftServerConfigKeys (ConfUtils.java:logGet(46)) - raft.server.threadpool.proxy.size = 0 (default)
2023-09-23 10:03:17,458 [main] INFO  server.RaftServerConfigKeys (ConfUtils.java:logGet(46)) - raft.server.rpc.slowness.timeout = 2s (custom)
2023-09-23 10:03:17,459 [main] INFO  server.RaftServerConfigKeys (ConfUtils.java:logGet(46)) - raft.server.leaderelection.leader.step-down.wait-time = 10s (default)
2023-09-23 10:03:17,460 [main] INFO  server.RaftServerConfigKeys (ConfUtils.java:logGet(46)) - raft.server.storage.dir = [/home/runner/work/ozone/ozone/hadoop-ozone/integration-test/target/test-dir/MiniOzoneClusterImpl-221a8c4e-c666-4dc9-898e-ead2ee9f568a/omNode-2/ratis] (custom)
2023-09-23 10:03:17,460 [main] INFO  server.RaftServer (RaftServerProxy.java:addNew(98)) - omNode-2: addNew group-523986131536:[omNode-3|rpc:localhost:15015|priority:0|startupRole:FOLLOWER, omNode-1|rpc:localhost:15007|priority:0|startupRole:FOLLOWER, omNode-2|rpc:localhost:15011|priority:0|startupRole:FOLLOWER] returns group-523986131536:java.util.concurrent.CompletableFuture@43443721[Not completed]
2023-09-23 10:03:17,460 [omNode-2-groupManagement] INFO  server.RaftServer$Division (RaftServerImpl.java:<init>(198)) - omNode-2: new RaftServerImpl for group-523986131536:[omNode-3|rpc:localhost:15015|priority:0|startupRole:FOLLOWER, omNode-1|rpc:localhost:15007|priority:0|startupRole:FOLLOWER, omNode-2|rpc:localhost:15011|priority:0|startupRole:FOLLOWER] with OzoneManagerStateMachine:uninitialized
2023-09-23 10:03:17,462 [omNode-2-groupManagement] INFO  server.RaftServerConfigKeys (ConfUtils.java:logGet(46)) - raft.server.rpc.timeout.min = 1s (custom)
2023-09-23 10:03:17,462 [omNode-2-groupManagement] INFO  server.RaftServerConfigKeys (ConfUtils.java:logGet(46)) - raft.server.rpc.timeout.max = 1200ms (custom)
2023-09-23 10:03:17,462 [omNode-2-groupManagement] INFO  server.RaftServerConfigKeys (ConfUtils.java:logGet(46)) - raft.server.rpc.sleep.time = 25ms (default)
2023-09-23 10:03:17,462 [omNode-2-groupManagement] INFO  server.RaftServerConfigKeys (ConfUtils.java:logGet(46)) - raft.server.rpc.slowness.timeout = 2s (custom)
2023-09-23 10:03:17,461 [main] INFO  om.OzoneManager (OzoneManager.java:initializeRatisServer(2148)) - OzoneManager Ratis server initialized at port 15011
2023-09-23 10:03:17,462 [main] INFO  om.OzoneManager (OzoneManager.java:getRpcServer(1196)) - Creating RPC Server
2023-09-23 10:03:17,464 [omNode-2-groupManagement] INFO  server.RaftServerConfigKeys (ConfUtils.java:logGet(46)) - raft.server.leaderelection.leader.step-down.wait-time = 10s (default)
2023-09-23 10:03:17,464 [omNode-2-groupManagement] INFO  server.RaftServerConfigKeys (ConfUtils.java:logGet(46)) - raft.server.sleep.deviation.threshold = 300ms (default)
2023-09-23 10:03:17,465 [omNode-2-groupManagement] INFO  server.RaftServer$Division (ServerState.java:<init>(120)) - omNode-2@group-523986131536: ConfigurationManager, init=-1: peers:[omNode-3|rpc:localhost:15015|priority:0|startupRole:FOLLOWER, omNode-1|rpc:localhost:15007|priority:0|startupRole:FOLLOWER, omNode-2|rpc:localhost:15011|priority:0|startupRole:FOLLOWER]|listeners:[], old=null, confs=<EMPTY_MAP>
2023-09-23 10:03:17,465 [omNode-2-groupManagement] INFO  server.RaftServerConfigKeys (ConfUtils.java:logGet(46)) - raft.server.storage.dir = [/home/runner/work/ozone/ozone/hadoop-ozone/integration-test/target/test-dir/MiniOzoneClusterImpl-221a8c4e-c666-4dc9-898e-ead2ee9f568a/omNode-2/ratis] (custom)
2023-09-23 10:03:17,465 [omNode-2-groupManagement] INFO  server.RaftServerConfigKeys (ConfUtils.java:logGet(46)) - raft.server.log.corruption.policy = EXCEPTION (default)
2023-09-23 10:03:17,469 [omNode-2-groupManagement] INFO  server.RaftServerConfigKeys (ConfUtils.java:logGet(46)) - raft.server.storage.free-space.min = 0MB (=0) (default)
2023-09-23 10:03:17,469 [omNode-2-groupManagement] INFO  server.RaftServerConfigKeys (ConfUtils.java:logGet(46)) - raft.server.notification.no-leader.timeout = 2s (custom)
2023-09-23 10:03:17,469 [omNode-2-groupManagement] INFO  server.RaftServerConfigKeys (ConfUtils.java:logGet(46)) - raft.server.read.timeout = 10s (default)
2023-09-23 10:03:17,469 [omNode-2-groupManagement] INFO  server.RaftServerConfigKeys (ConfUtils.java:logGet(46)) - raft.server.retrycache.expirytime = 30000ms (custom)
2023-09-23 10:03:17,469 [omNode-2-groupManagement] INFO  server.RaftServerConfigKeys (ConfUtils.java:logGet(46)) - raft.server.retrycache.statistics.expirytime = 100μs (default)
2023-09-23 10:03:17,470 [omNode-2-groupManagement] INFO  server.RaftServerConfigKeys (ConfUtils.java:logGet(46)) - raft.server.read.option = DEFAULT (default)
2023-09-23 10:03:17,474 [omNode-2-groupManagement] INFO  server.RaftServerConfigKeys (ConfUtils.java:logGet(46)) - raft.server.rpc.request.timeout = 3000ms (default)
2023-09-23 10:03:17,474 [omNode-2-groupManagement] INFO  server.RaftServerConfigKeys (ConfUtils.java:logGet(46)) - raft.server.log.appender.install.snapshot.enabled = false (custom)
2023-09-23 10:03:17,474 [omNode-2-groupManagement] INFO  server.RaftServerConfigKeys (ConfUtils.java:logGet(46)) - raft.server.threadpool.server.cached = true (default)
2023-09-23 10:03:17,474 [omNode-2-groupManagement] INFO  server.RaftServerConfigKeys (ConfUtils.java:logGet(46)) - raft.server.threadpool.server.size = 0 (default)
2023-09-23 10:03:17,474 [omNode-2-groupManagement] INFO  server.RaftServerConfigKeys (ConfUtils.java:logGet(46)) - raft.server.threadpool.client.cached = true (default)
2023-09-23 10:03:17,475 [omNode-2-groupManagement] INFO  server.RaftServerConfigKeys (ConfUtils.java:logGet(46)) - raft.server.threadpool.client.size = 0 (default)
2023-09-23 10:03:17,906 [omNode-1@group-523986131536-FollowerState] INFO  impl.FollowerState (FollowerState.java:run(143)) - omNode-1@group-523986131536-FollowerState: change to CANDIDATE, lastRpcElapsedTime:1023055493ns, electionTimeout:1021ms
2023-09-23 10:03:17,907 [omNode-1@group-523986131536-FollowerState] INFO  impl.RoleInfo (RoleInfo.java:shutdownFollowerState(110)) - omNode-1: shutdown omNode-1@group-523986131536-FollowerState
2023-09-23 10:03:17,908 [omNode-1@group-523986131536-FollowerState] INFO  server.RaftServer$Division (RaftServerImpl.java:setRole(329)) - omNode-1@group-523986131536: changes role from  FOLLOWER to CANDIDATE at term 0 for changeToCandidate
2023-09-23 10:03:17,940 [omNode-1@group-523986131536-FollowerState] INFO  server.RaftServerConfigKeys (ConfUtils.java:logGet(46)) - raft.server.leaderelection.pre-vote = true (default)
2023-09-23 10:03:17,940 [omNode-1@group-523986131536-FollowerState] INFO  impl.RoleInfo (RoleInfo.java:updateAndGet(139)) - omNode-1: start omNode-1@group-523986131536-LeaderElection1
2023-09-23 10:03:17,952 [omNode-1@group-523986131536-LeaderElection1] INFO  impl.LeaderElection (LeaderElection.java:askForVotes(321)) - omNode-1@group-523986131536-LeaderElection1 PRE_VOTE round 0: submit vote requests at term 0 for -1: peers:[omNode-3|rpc:localhost:15015|priority:0|startupRole:FOLLOWER, omNode-1|rpc:localhost:15007|priority:0|startupRole:FOLLOWER, omNode-2|rpc:localhost:15011|priority:0|startupRole:FOLLOWER]|listeners:[], old=null
2023-09-23 10:03:17,974 [omNode-1@group-523986131536-LeaderElection1-1] INFO  server.GrpcServerProtocolClient (GrpcServerProtocolClient.java:<init>(65)) - Build channel for omNode-3
2023-09-23 10:03:17,978 [omNode-1@group-523986131536-LeaderElection1] INFO  server.RaftServerConfigKeys (ConfUtils.java:logFallback(53)) - raft.server.rpc.first-election.timeout.min = 1s (fallback to raft.server.rpc.timeout.min)
2023-09-23 10:03:17,978 [omNode-1@group-523986131536-LeaderElection1] INFO  server.RaftServerConfigKeys (ConfUtils.java:logFallback(53)) - raft.server.rpc.first-election.timeout.max = 1200ms (fallback to raft.server.rpc.timeout.max)
2023-09-23 10:03:17,981 [omNode-1@group-523986131536-LeaderElection1-2] INFO  server.GrpcServerProtocolClient (GrpcServerProtocolClient.java:<init>(65)) - Build channel for omNode-2
2023-09-23 10:03:18,153 [main] INFO  reflections.Reflections (Reflections.java:scan(232)) - Reflections took 684 ms to scan 20 urls, producing 71 keys and 6030 values [using 2 cores]
2023-09-23 10:03:18,156 [main] INFO  ipc.CallQueueManager (CallQueueManager.java:<init>(90)) - Using callQueue: class java.util.concurrent.LinkedBlockingQueue, queueCapacity: 2000, scheduler: class org.apache.hadoop.ipc.DefaultRpcScheduler, ipcBackoff: false.
2023-09-23 10:03:18,156 [main] INFO  ipc.Server (Server.java:<init>(1287)) - Listener at 127.0.0.1:15008
2023-09-23 10:03:18,166 [Socket Reader #1 for port 15008] INFO  ipc.Server (Server.java:run(1323)) - Starting Socket Reader #1 for port 15008
2023-09-23 10:03:18,204 [main] INFO  impl.MetricsSystemImpl (MetricsSystemImpl.java:init(158)) - OzoneManager metrics system started (again)
2023-09-23 10:03:18,217 [main] INFO  om.OzoneManager (OzoneManager.java:start(1633)) - OzoneManager RPC server is listening at localhost/127.0.0.1:15008
2023-09-23 10:03:18,218 [main] INFO  ratis.OzoneManagerRatisServer (OzoneManagerRatisServer.java:start(558)) - Starting OzoneManagerRatisServer omNode-2 at port 15011
2023-09-23 10:03:18,218 [omNode-2-impl-thread1] INFO  storage.RaftStorageDirectory (RaftStorageDirectoryImpl.java:analyzeStorage(137)) - The storage directory /home/runner/work/ozone/ozone/hadoop-ozone/integration-test/target/test-dir/MiniOzoneClusterImpl-221a8c4e-c666-4dc9-898e-ead2ee9f568a/omNode-2/ratis/c9bc4cf4-3bc3-3c60-a66b-523986131536 does not exist. Creating ...
2023-09-23 10:03:18,222 [omNode-2-impl-thread1] INFO  storage.RaftStorageDirectory (RaftStorageDirectoryImpl.java:tryLock(231)) - Lock on /home/runner/work/ozone/ozone/hadoop-ozone/integration-test/target/test-dir/MiniOzoneClusterImpl-221a8c4e-c666-4dc9-898e-ead2ee9f568a/omNode-2/ratis/c9bc4cf4-3bc3-3c60-a66b-523986131536/in_use.lock acquired by nodename 6438@fv-az1239-715
2023-09-23 10:03:18,225 [omNode-2-impl-thread1] INFO  storage.RaftStorage (RaftStorageImpl.java:format(96)) - Storage directory /home/runner/work/ozone/ozone/hadoop-ozone/integration-test/target/test-dir/MiniOzoneClusterImpl-221a8c4e-c666-4dc9-898e-ead2ee9f568a/omNode-2/ratis/c9bc4cf4-3bc3-3c60-a66b-523986131536 has been successfully formatted.
2023-09-23 10:03:18,234 [omNode-2-impl-thread1] INFO  server.RaftServerConfigKeys (ConfUtils.java:logGet(46)) - raft.server.log.use.memory = false (default)
2023-09-23 10:03:18,234 [omNode-2-impl-thread1] INFO  server.RaftServerConfigKeys (ConfUtils.java:logGet(46)) - raft.server.log.purge.gap = 50 (custom)
2023-09-23 10:03:18,234 [omNode-2-impl-thread1] INFO  server.RaftServerConfigKeys (ConfUtils.java:logGet(46)) - raft.server.log.appender.buffer.byte-limit = 33554432 (custom)
2023-09-23 10:03:18,235 [omNode-2-impl-thread1] INFO  server.RaftServerConfigKeys (ConfUtils.java:logGet(46)) - raft.server.log.statemachine.data.read.timeout = 1000ms (default)
2023-09-23 10:03:18,235 [omNode-2-impl-thread1] INFO  server.RaftServerConfigKeys (ConfUtils.java:logGet(46)) - raft.server.log.purge.preservation.log.num = 0 (default)
2023-09-23 10:03:18,235 [omNode-2-impl-thread1] INFO  server.RaftServerConfigKeys (ConfUtils.java:logGet(46)) - raft.server.log.segment.size.max = 4194304 (custom)
2023-09-23 10:03:18,235 [omNode-2-impl-thread1] INFO  server.RaftServerConfigKeys (ConfUtils.java:logGet(46)) - raft.server.log.segment.cache.num.max = 2 (custom)
2023-09-23 10:03:18,235 [omNode-2-impl-thread1] INFO  server.RaftServerConfigKeys (ConfUtils.java:logGet(46)) - raft.server.log.segment.cache.size.max = 200MB (=209715200) (default)
2023-09-23 10:03:18,236 [omNode-2-impl-thread1] INFO  server.RaftServerConfigKeys (ConfUtils.java:logGet(46)) - raft.server.log.appender.buffer.byte-limit = 33554432 (custom)
2023-09-23 10:03:18,236 [omNode-2-impl-thread1] INFO  segmented.SegmentedRaftLogWorker (SegmentedRaftLogWorker.java:<init>(188)) - new omNode-2@group-523986131536-SegmentedRaftLogWorker for RaftStorageImpl:Storage Directory /home/runner/work/ozone/ozone/hadoop-ozone/integration-test/target/test-dir/MiniOzoneClusterImpl-221a8c4e-c666-4dc9-898e-ead2ee9f568a/omNode-2/ratis/c9bc4cf4-3bc3-3c60-a66b-523986131536
2023-09-23 10:03:18,236 [omNode-2-impl-thread1] INFO  server.RaftServerConfigKeys (ConfUtils.java:logGet(46)) - raft.server.log.queue.byte-limit = 64MB (=67108864) (default)
2023-09-23 10:03:18,236 [omNode-2-impl-thread1] INFO  server.RaftServerConfigKeys (ConfUtils.java:logGet(46)) - raft.server.log.queue.element-limit = 4096 (default)
2023-09-23 10:03:18,237 [omNode-2-impl-thread1] INFO  server.RaftServerConfigKeys (ConfUtils.java:logGet(46)) - raft.server.log.segment.size.max = 4194304 (custom)
2023-09-23 10:03:18,237 [omNode-2-impl-thread1] INFO  server.RaftServerConfigKeys (ConfUtils.java:logGet(46)) - raft.server.log.preallocated.size = 4194304 (custom)
2023-09-23 10:03:18,237 [omNode-2-impl-thread1] INFO  server.RaftServerConfigKeys (ConfUtils.java:logGet(46)) - raft.server.log.force.sync.num = 128 (default)
2023-09-23 10:03:18,237 [omNode-2-impl-thread1] INFO  server.RaftServerConfigKeys (ConfUtils.java:logGet(46)) - raft.server.log.statemachine.data.sync = true (default)
2023-09-23 10:03:18,237 [omNode-2-impl-thread1] INFO  server.RaftServerConfigKeys (ConfUtils.java:logGet(46)) - raft.server.log.statemachine.data.sync.timeout = 10s (default)
2023-09-23 10:03:18,237 [omNode-2-impl-thread1] INFO  server.RaftServerConfigKeys (ConfUtils.java:logGet(46)) - raft.server.log.statemachine.data.sync.timeout.retry = -1 (default)
2023-09-23 10:03:18,238 [omNode-2-impl-thread1] INFO  server.RaftServerConfigKeys (ConfUtils.java:logGet(46)) - raft.server.log.write.buffer.size = 64KB (=65536) (default)
2023-09-23 10:03:18,238 [omNode-2-impl-thread1] INFO  server.RaftServerConfigKeys (ConfUtils.java:logGet(46)) - raft.server.log.appender.buffer.byte-limit = 33554432 (custom)
2023-09-23 10:03:18,253 [omNode-2-impl-thread1] INFO  server.RaftServerConfigKeys (ConfUtils.java:logGet(46)) - raft.server.log.unsafe-flush.enabled = false (default)
2023-09-23 10:03:18,254 [omNode-2-impl-thread1] INFO  server.RaftServerConfigKeys (ConfUtils.java:logGet(46)) - raft.server.log.async-flush.enabled = false (default)
2023-09-23 10:03:18,254 [omNode-2-impl-thread1] INFO  server.RaftServerConfigKeys (ConfUtils.java:logGet(46)) - raft.server.log.statemachine.data.caching.enabled = false (default)
2023-09-23 10:03:18,254 [omNode-2-impl-thread1] INFO  segmented.SegmentedRaftLogWorker (SegmentedRaftLogWorker.java:lambda$new$0(135)) - omNode-2@group-523986131536-SegmentedRaftLogWorker: flushIndex: setUnconditionally 0 -> -1
2023-09-23 10:03:18,254 [omNode-2-impl-thread1] INFO  segmented.SegmentedRaftLogWorker (SegmentedRaftLogWorker.java:lambda$new$0(135)) - omNode-2@group-523986131536-SegmentedRaftLogWorker: safeCacheEvictIndex: setUnconditionally 0 -> -1
2023-09-23 10:03:18,265 [omNode-2-impl-thread1] INFO  server.RaftServer$Division (RaftServerImpl.java:start(342)) - omNode-2@group-523986131536: start as a follower, conf=-1: peers:[omNode-3|rpc:localhost:15015|priority:0|startupRole:FOLLOWER, omNode-1|rpc:localhost:15007|priority:0|startupRole:FOLLOWER, omNode-2|rpc:localhost:15011|priority:0|startupRole:FOLLOWER]|listeners:[], old=null
2023-09-23 10:03:18,265 [omNode-2-impl-thread1] INFO  server.RaftServer$Division (RaftServerImpl.java:setRole(329)) - omNode-2@group-523986131536: changes role from      null to FOLLOWER at term 0 for startAsFollower
2023-09-23 10:03:18,268 [omNode-2-impl-thread1] INFO  impl.RoleInfo (RoleInfo.java:updateAndGet(139)) - omNode-2: start omNode-2@group-523986131536-FollowerState
2023-09-23 10:03:18,271 [omNode-2-impl-thread1] INFO  util.JmxRegister (JmxRegister.java:tryRegister(44)) - Successfully registered JMX Bean with object name Ratis:service=RaftServer,group=group-523986131536,id=omNode-2
2023-09-23 10:03:18,272 [omNode-2-impl-thread1] INFO  server.RaftServerConfigKeys (ConfUtils.java:logGet(46)) - raft.server.snapshot.auto.trigger.enabled = true (custom)
2023-09-23 10:03:18,272 [omNode-2-impl-thread1] INFO  server.RaftServerConfigKeys (ConfUtils.java:logGet(46)) - raft.server.snapshot.auto.trigger.threshold = 50 (custom)
2023-09-23 10:03:18,273 [omNode-2-impl-thread1] INFO  server.RaftServerConfigKeys (ConfUtils.java:logGet(46)) - raft.server.snapshot.retention.file.num = -1 (default)
2023-09-23 10:03:18,273 [omNode-2-impl-thread1] INFO  server.RaftServerConfigKeys (ConfUtils.java:logGet(46)) - raft.server.log.purge.upto.snapshot.index = true (custom)
2023-09-23 10:03:18,272 [omNode-2@group-523986131536-FollowerState] INFO  server.RaftServerConfigKeys (ConfUtils.java:logFallback(53)) - raft.server.rpc.first-election.timeout.min = 1s (fallback to raft.server.rpc.timeout.min)
2023-09-23 10:03:18,273 [omNode-2@group-523986131536-FollowerState] INFO  server.RaftServerConfigKeys (ConfUtils.java:logFallback(53)) - raft.server.rpc.first-election.timeout.max = 1200ms (fallback to raft.server.rpc.timeout.max)
2023-09-23 10:03:18,275 [main] INFO  server.RaftServer (RaftServerProxy.java:startImpl(400)) - omNode-2: start RPC server
2023-09-23 10:03:18,302 [main] INFO  server.GrpcService (GrpcService.java:startImpl(302)) - omNode-2: GrpcService started, listening on 15011
2023-09-23 10:03:18,310 [main] INFO  om.OzoneManager (OzoneManager.java:start(1649)) - Version File has different layout version (6) than OM DB (null). That is expected if this OM has never been finalized to a newer layout version.
2023-09-23 10:03:18,312 [JvmPauseMonitor2] INFO  util.JvmPauseMonitor (JvmPauseMonitor.java:run(103)) - JvmPauseMonitor-omNode-2: Started
2023-09-23 10:03:18,348 [main] INFO  http.BaseHttpServer (BaseHttpServer.java:newHttpServer2BuilderForOzone(223)) - Starting Web-server for ozoneManager at: http://0.0.0.0:15009
2023-09-23 10:03:18,348 [main] INFO  http.BaseHttpServer (BaseHttpServer.java:<init>(110)) - Hadoop Security Enabled: false Ozone Security Enabled: false Ozone HTTP Security Enabled: false 
2023-09-23 10:03:18,350 [main] WARN  server.AuthenticationFilter (AuthenticationFilter.java:constructSecretProvider(240)) - Unable to initialize FileSignerSecretProvider, falling back to use random secrets. Reason: Could not read signature secret file: /home/runner/hadoop-http-auth-signature-secret
2023-09-23 10:03:18,358 [main] INFO  http.HttpRequestLog (HttpRequestLog.java:getRequestLog(86)) - Http request log for http.requests.ozoneManager is not defined
2023-09-23 10:03:18,360 [main] INFO  http.HttpServer2 (HttpServer2.java:addGlobalFilter(1031)) - Added global filter 'safety' (class=org.apache.hadoop.hdds.server.http.HttpServer2$QuotingInputFilter)
2023-09-23 10:03:18,361 [main] INFO  http.HttpServer2 (HttpServer2.java:addFilter(1007)) - Added filter static_user_filter (class=org.apache.hadoop.http.lib.StaticUserWebFilter$StaticUserFilter) to context ozoneManager
2023-09-23 10:03:18,361 [main] INFO  http.HttpServer2 (HttpServer2.java:addFilter(1015)) - Added filter static_user_filter (class=org.apache.hadoop.http.lib.StaticUserWebFilter$StaticUserFilter) to context static
2023-09-23 10:03:18,361 [main] INFO  http.HttpServer2 (HttpServer2.java:addFilter(1015)) - Added filter static_user_filter (class=org.apache.hadoop.http.lib.StaticUserWebFilter$StaticUserFilter) to context logs
2023-09-23 10:03:18,373 [main] INFO  http.BaseHttpServer (BaseHttpServer.java:<init>(189)) - HTTP server of ozoneManager uses base directory /home/runner/work/ozone/ozone/hadoop-ozone/integration-test/target/test-dir/MiniOzoneClusterImpl-221a8c4e-c666-4dc9-898e-ead2ee9f568a/omNode-2/webserver
2023-09-23 10:03:18,373 [main] INFO  http.HttpServer2 (HttpServer2.java:bindListener(1231)) - Jetty bound to port 15009
2023-09-23 10:03:18,373 [main] INFO  server.Server (Server.java:doStart(375)) - jetty-9.4.52.v20230823; built: 2023-08-23T19:29:37.669Z; git: abdcda73818a1a2c705da276edb0bf6581e7997e; jvm 1.8.0_382-b05
2023-09-23 10:03:18,392 [main] INFO  server.session (DefaultSessionIdManager.java:doStart(334)) - DefaultSessionIdManager workerName=node0
2023-09-23 10:03:18,392 [main] INFO  server.session (DefaultSessionIdManager.java:doStart(339)) - No SessionScavenger set, using defaults
2023-09-23 10:03:18,393 [main] INFO  server.session (HouseKeeper.java:startScavenging(132)) - node0 Scavenging every 600000ms
2023-09-23 10:03:18,394 [main] INFO  handler.ContextHandler (ContextHandler.java:doStart(921)) - Started o.e.j.s.ServletContextHandler@1f678943{logs,/logs,file:///home/runner/work/ozone/ozone/hadoop-ozone/integration-test/target/log,AVAILABLE}
2023-09-23 10:03:18,394 [main] INFO  handler.ContextHandler (ContextHandler.java:doStart(921)) - Started o.e.j.s.ServletContextHandler@7eee26ae{static,/static,file:///home/runner/work/ozone/ozone/hadoop-ozone/integration-test/target/test-classes/webapps/static,AVAILABLE}
2023-09-23 10:03:18,423 [main] INFO  handler.ContextHandler (ContextHandler.java:doStart(921)) - Started o.e.j.w.WebAppContext@1f5e30ca{ozoneManager,/,file:///home/runner/work/ozone/ozone/hadoop-ozone/integration-test/target/test-classes/webapps/ozoneManager/,AVAILABLE}{file:/home/runner/work/ozone/ozone/hadoop-ozone/integration-test/target/test-classes/webapps/ozoneManager}
2023-09-23 10:03:18,424 [main] INFO  server.AbstractConnector (AbstractConnector.java:doStart(333)) - Started ServerConnector@623efc15{HTTP/1.1, (http/1.1)}{0.0.0.0:15009}
2023-09-23 10:03:18,425 [main] INFO  server.Server (Server.java:doStart(415)) - Started @10362ms
2023-09-23 10:03:18,425 [main] WARN  impl.MetricsSystemImpl (MetricsSystemImpl.java:register(279)) - Sink prometheus already exists!
2023-09-23 10:03:18,446 [main] INFO  http.BaseHttpServer (BaseHttpServer.java:updateConnectorAddress(354)) - HTTP server of ozoneManager listening at http://0.0.0.0:15009
2023-09-23 10:03:18,450 [IPC Server Responder] INFO  ipc.Server (Server.java:run(1562)) - IPC Server Responder: starting
2023-09-23 10:03:18,453 [IPC Server listener on 15008] INFO  ipc.Server (Server.java:run(1402)) - IPC Server listener on 15008: starting
2023-09-23 10:03:18,530 [omNode-1@group-523986131536-LeaderElection1] INFO  impl.LeaderElection (LogUtils.java:infoOrTrace(137)) - omNode-1@group-523986131536-LeaderElection1 got exception when requesting votes: java.util.concurrent.ExecutionException: org.apache.ratis.thirdparty.io.grpc.StatusRuntimeException: UNAVAILABLE: io exception
2023-09-23 10:03:18,538 [main] INFO  om.OzoneManager (OzoneManager.java:startTrashEmptier(2101)) - Trash Interval set to 0. Files deleted won't move to trash
2023-09-23 10:03:18,539 [main] INFO  ozone.MiniOzoneHAClusterImpl (MiniOzoneHAClusterImpl.java:createOMService(505)) - Started OzoneManager omNode-2 RPC server at localhost/127.0.0.1:15008
2023-09-23 10:03:18,539 [main] INFO  ha.OMHANodeDetails (OMHANodeDetails.java:loadOMHAConfig(121)) - ServiceID for OzoneManager is om-service-test1
2023-09-23 10:03:18,540 [main] INFO  ha.OMHANodeDetails (OMHANodeDetails.java:loadOMHAConfig(201)) - Found matching OM address with OMServiceId: om-service-test1, OMNodeId: omNode-3, RPC Address: localhost:15012 and Ratis port: 15015
2023-09-23 10:03:18,540 [main] INFO  ha.OMHANodeDetails (ConfUtils.java:setNodeSpecificConfigs(97)) - Setting configuration key ozone.om.http-address with value of key ozone.om.http-address.om-service-test1.omNode-3: 127.0.0.1:15013
2023-09-23 10:03:18,541 [main] INFO  ha.OMHANodeDetails (ConfUtils.java:setNodeSpecificConfigs(97)) - Setting configuration key ozone.om.https-address with value of key ozone.om.https-address.om-service-test1.omNode-3: 127.0.0.1:15014
2023-09-23 10:03:18,541 [main] INFO  ha.OMHANodeDetails (ConfUtils.java:setNodeSpecificConfigs(97)) - Setting configuration key ozone.om.address with value of key ozone.om.address.om-service-test1.omNode-3: 127.0.0.1:15012
2023-09-23 10:03:18,541 [main] WARN  server.ServerUtils (ServerUtils.java:getDBPath(311)) - ozone.om.db.dirs is not configured. We recommend adding this setting. Falling back to ozone.metadata.dirs instead.
2023-09-23 10:03:18,543 [main] INFO  proxy.SCMBlockLocationFailoverProxyProvider (SCMBlockLocationFailoverProxyProvider.java:<init>(114)) - Created block location fail-over proxy with 1 nodes: [nodeId=scmNodeId,nodeAddress=/0.0.0.0:15001]
OM initialization succeeded.Current cluster id for sd=/home/runner/work/ozone/ozone/hadoop-ozone/integration-test/target/test-dir/MiniOzoneClusterImpl-221a8c4e-c666-4dc9-898e-ead2ee9f568a/omNode-3/om;cid=221a8c4e-c666-4dc9-898e-ead2ee9f568a;layoutVersion=6
2023-09-23 10:03:18,555 [main] INFO  ha.OMHANodeDetails (OMHANodeDetails.java:loadOMHAConfig(121)) - ServiceID for OzoneManager is om-service-test1
2023-09-23 10:03:18,555 [main] INFO  ha.OMHANodeDetails (OMHANodeDetails.java:loadOMHAConfig(201)) - Found matching OM address with OMServiceId: om-service-test1, OMNodeId: omNode-3, RPC Address: localhost:15012 and Ratis port: 15015
2023-09-23 10:03:18,555 [main] INFO  ha.OMHANodeDetails (ConfUtils.java:setNodeSpecificConfigs(97)) - Setting configuration key ozone.om.http-address with value of key ozone.om.http-address.om-service-test1.omNode-3: 127.0.0.1:15013
2023-09-23 10:03:18,555 [main] INFO  ha.OMHANodeDetails (ConfUtils.java:setNodeSpecificConfigs(97)) - Setting configuration key ozone.om.https-address with value of key ozone.om.https-address.om-service-test1.omNode-3: 127.0.0.1:15014
2023-09-23 10:03:18,556 [main] INFO  ha.OMHANodeDetails (ConfUtils.java:setNodeSpecificConfigs(97)) - Setting configuration key ozone.om.address with value of key ozone.om.address.om-service-test1.omNode-3: 127.0.0.1:15012
2023-09-23 10:03:18,556 [main] WARN  server.ServerUtils (ServerUtils.java:getDBPath(311)) - ozone.om.db.dirs is not configured. We recommend adding this setting. Falling back to ozone.metadata.dirs instead.
2023-09-23 10:03:18,561 [main] INFO  upgrade.AbstractLayoutVersionManager (AbstractLayoutVersionManager.java:init(83)) - Initializing Layout version manager with metadata layout = QUOTA (version = 6), software layout = QUOTA (version = 6)
2023-09-23 10:03:18,738 [main] INFO  reflections.Reflections (Reflections.java:scan(232)) - Reflections took 174 ms to scan 2 urls, producing 188 keys and 516 values [using 2 cores]
2023-09-23 10:03:18,739 [main] INFO  upgrade.OMLayoutVersionManager (OMLayoutVersionManager.java:lambda$0(115)) - Skipping Upgrade Action QuotaRepairUpgradeAction since it has been finalized.
2023-09-23 10:03:18,739 [main] INFO  upgrade.OMLayoutVersionManager (OMLayoutVersionManager.java:lambda$0(115)) - Skipping Upgrade Action MockOmUpgradeAction since it has been finalized.
2023-09-23 10:03:18,740 [main] WARN  server.ServerUtils (ServerUtils.java:getDBPath(311)) - ozone.om.db.dirs is not configured. We recommend adding this setting. Falling back to ozone.metadata.dirs instead.
2023-09-23 10:03:18,741 [main] INFO  proxy.SCMBlockLocationFailoverProxyProvider (SCMBlockLocationFailoverProxyProvider.java:<init>(114)) - Created block location fail-over proxy with 1 nodes: [nodeId=scmNodeId,nodeAddress=/0.0.0.0:15001]
2023-09-23 10:03:18,748 [main] INFO  proxy.SCMBlockLocationFailoverProxyProvider (SCMBlockLocationFailoverProxyProvider.java:<init>(114)) - Created block location fail-over proxy with 1 nodes: [nodeId=scmNodeId,nodeAddress=/0.0.0.0:15001]
2023-09-23 10:03:18,764 [grpc-default-executor-0] INFO  server.RaftServer$Division (RaftServerImpl.java:requestVote(1302)) - omNode-2@group-523986131536: receive requestVote(PRE_VOTE, omNode-1, group-523986131536, 0, (t:0, i:~))
2023-09-23 10:03:18,766 [grpc-default-executor-0] INFO  impl.VoteContext (VoteContext.java:log(49)) - omNode-2@group-523986131536-FOLLOWER: accept PRE_VOTE from omNode-1: our priority 0 <= candidate's priority 0
2023-09-23 10:03:18,773 [main] INFO  om.OzoneManager (OzoneManager.java:<init>(665)) - OM start with adminUsers: [*, runner]
2023-09-23 10:03:18,775 [main] WARN  server.ServerUtils (ServerUtils.java:getDBPath(311)) - ozone.om.db.dirs is not configured. We recommend adding this setting. Falling back to ozone.metadata.dirs instead.
2023-09-23 10:03:18,775 [main] INFO  helpers.OmKeyInfo (OmKeyInfo.java:getCodec(71)) - OmKeyInfo.getCodec ignorePipeline = true
2023-09-23 10:03:18,780 [grpc-default-executor-0] INFO  server.RaftServer$Division (RaftServerImpl.java:requestVote(1335)) - omNode-2@group-523986131536 replies to PRE_VOTE vote request: omNode-1<-omNode-2#0:OK-t0. Peer's state: omNode-2@group-523986131536:t0, leader=null, voted=, raftlog=Memoized:omNode-2@group-523986131536-SegmentedRaftLog:OPENED:c-1, conf=-1: peers:[omNode-3|rpc:localhost:15015|priority:0|startupRole:FOLLOWER, omNode-1|rpc:localhost:15007|priority:0|startupRole:FOLLOWER, omNode-2|rpc:localhost:15011|priority:0|startupRole:FOLLOWER]|listeners:[], old=null
2023-09-23 10:03:18,801 [omNode-1@group-523986131536-LeaderElection1] INFO  impl.LeaderElection (LeaderElection.java:logAndReturn(90)) - omNode-1@group-523986131536-LeaderElection1: PRE_VOTE PASSED received 1 response(s) and 1 exception(s):
2023-09-23 10:03:18,801 [omNode-1@group-523986131536-LeaderElection1] INFO  impl.LeaderElection (LeaderElection.java:logAndReturn(94)) -   Response 0: omNode-1<-omNode-2#0:OK-t0
2023-09-23 10:03:18,802 [omNode-1@group-523986131536-LeaderElection1] INFO  impl.LeaderElection (LogUtils.java:infoOrTrace(137)) -   Exception 1: java.util.concurrent.ExecutionException: org.apache.ratis.thirdparty.io.grpc.StatusRuntimeException: UNAVAILABLE: io exception
2023-09-23 10:03:18,802 [omNode-1@group-523986131536-LeaderElection1] INFO  impl.LeaderElection (LeaderElection.java:askForVotes(323)) - omNode-1@group-523986131536-LeaderElection1 PRE_VOTE round 0: result PASSED
2023-09-23 10:03:18,803 [omNode-1@group-523986131536-LeaderElection1] INFO  impl.LeaderElection (LeaderElection.java:askForVotes(321)) - omNode-1@group-523986131536-LeaderElection1 ELECTION round 0: submit vote requests at term 1 for -1: peers:[omNode-3|rpc:localhost:15015|priority:0|startupRole:FOLLOWER, omNode-1|rpc:localhost:15007|priority:0|startupRole:FOLLOWER, omNode-2|rpc:localhost:15011|priority:0|startupRole:FOLLOWER]|listeners:[], old=null
2023-09-23 10:03:18,806 [omNode-1@group-523986131536-LeaderElection1] INFO  server.RaftServerConfigKeys (ConfUtils.java:logFallback(53)) - raft.server.rpc.first-election.timeout.min = 1s (fallback to raft.server.rpc.timeout.min)
2023-09-23 10:03:18,806 [omNode-1@group-523986131536-LeaderElection1] INFO  server.RaftServerConfigKeys (ConfUtils.java:logFallback(53)) - raft.server.rpc.first-election.timeout.max = 1200ms (fallback to raft.server.rpc.timeout.max)
2023-09-23 10:03:18,812 [omNode-1@group-523986131536-LeaderElection1] INFO  impl.LeaderElection (LogUtils.java:infoOrTrace(137)) - omNode-1@group-523986131536-LeaderElection1 got exception when requesting votes: java.util.concurrent.ExecutionException: org.apache.ratis.thirdparty.io.grpc.StatusRuntimeException: UNAVAILABLE: io exception
2023-09-23 10:03:18,817 [grpc-default-executor-0] INFO  server.RaftServer$Division (RaftServerImpl.java:requestVote(1302)) - omNode-2@group-523986131536: receive requestVote(ELECTION, omNode-1, group-523986131536, 1, (t:0, i:~))
2023-09-23 10:03:18,818 [grpc-default-executor-0] INFO  impl.VoteContext (VoteContext.java:log(49)) - omNode-2@group-523986131536-FOLLOWER: accept ELECTION from omNode-1: our priority 0 <= candidate's priority 0
2023-09-23 10:03:18,818 [grpc-default-executor-0] INFO  server.RaftServer$Division (RaftServerImpl.java:setRole(329)) - omNode-2@group-523986131536: changes role from  FOLLOWER to FOLLOWER at term 1 for candidate:omNode-1
2023-09-23 10:03:18,818 [grpc-default-executor-0] INFO  impl.RoleInfo (RoleInfo.java:shutdownFollowerState(110)) - omNode-2: shutdown omNode-2@group-523986131536-FollowerState
2023-09-23 10:03:18,819 [grpc-default-executor-0] INFO  impl.RoleInfo (RoleInfo.java:updateAndGet(139)) - omNode-2: start omNode-2@group-523986131536-FollowerState
2023-09-23 10:03:18,819 [omNode-2@group-523986131536-FollowerState] INFO  impl.FollowerState (FollowerState.java:run(152)) - omNode-2@group-523986131536-FollowerState was interrupted
2023-09-23 10:03:18,827 [grpc-default-executor-0] INFO  server.RaftServer$Division (RaftServerImpl.java:requestVote(1335)) - omNode-2@group-523986131536 replies to ELECTION vote request: omNode-1<-omNode-2#0:OK-t1. Peer's state: omNode-2@group-523986131536:t1, leader=null, voted=omNode-1, raftlog=Memoized:omNode-2@group-523986131536-SegmentedRaftLog:OPENED:c-1, conf=-1: peers:[omNode-3|rpc:localhost:15015|priority:0|startupRole:FOLLOWER, omNode-1|rpc:localhost:15007|priority:0|startupRole:FOLLOWER, omNode-2|rpc:localhost:15011|priority:0|startupRole:FOLLOWER]|listeners:[], old=null
2023-09-23 10:03:18,830 [omNode-1@group-523986131536-LeaderElection1] INFO  impl.LeaderElection (LeaderElection.java:logAndReturn(90)) - omNode-1@group-523986131536-LeaderElection1: ELECTION PASSED received 1 response(s) and 1 exception(s):
2023-09-23 10:03:18,830 [omNode-1@group-523986131536-LeaderElection1] INFO  impl.LeaderElection (LeaderElection.java:logAndReturn(94)) -   Response 0: omNode-1<-omNode-2#0:OK-t1
2023-09-23 10:03:18,830 [omNode-1@group-523986131536-LeaderElection1] INFO  impl.LeaderElection (LogUtils.java:infoOrTrace(137)) -   Exception 1: java.util.concurrent.ExecutionException: org.apache.ratis.thirdparty.io.grpc.StatusRuntimeException: UNAVAILABLE: io exception
2023-09-23 10:03:18,830 [omNode-1@group-523986131536-LeaderElection1] INFO  impl.LeaderElection (LeaderElection.java:askForVotes(323)) - omNode-1@group-523986131536-LeaderElection1 ELECTION round 0: result PASSED
2023-09-23 10:03:18,830 [omNode-1@group-523986131536-LeaderElection1] INFO  impl.RoleInfo (RoleInfo.java:shutdownLeaderElection(130)) - omNode-1: shutdown omNode-1@group-523986131536-LeaderElection1
2023-09-23 10:03:18,831 [omNode-1@group-523986131536-LeaderElection1] INFO  server.RaftServer$Division (RaftServerImpl.java:setRole(329)) - omNode-1@group-523986131536: changes role from CANDIDATE to LEADER at term 1 for changeToLeader
2023-09-23 10:03:18,836 [omNode-1@group-523986131536-LeaderElection1] INFO  server.RaftServer$Division (ServerState.java:setLeader(317)) - omNode-1@group-523986131536: change Leader from null to omNode-1 at term 1 for becomeLeader, leader elected after 3025ms
2023-09-23 10:03:18,844 [omNode-1@group-523986131536-LeaderElection1] INFO  server.RaftServerConfigKeys (ConfUtils.java:logGet(46)) - raft.server.staging.catchup.gap = 1000 (default)
2023-09-23 10:03:18,849 [omNode-1@group-523986131536-LeaderElection1] INFO  server.RaftServerConfigKeys (ConfUtils.java:logGet(46)) - raft.server.write.element-limit = 4096 (default)
2023-09-23 10:03:18,850 [omNode-1@group-523986131536-LeaderElection1] INFO  server.RaftServerConfigKeys (ConfUtils.java:logGet(46)) - raft.server.write.byte-limit = 64MB (=67108864) (default)
2023-09-23 10:03:18,857 [omNode-1@group-523986131536-LeaderElection1] INFO  server.RaftServerConfigKeys (ConfUtils.java:logGet(46)) - raft.server.watch.timeout = 10s (default)
2023-09-23 10:03:18,857 [omNode-1@group-523986131536-LeaderElection1] INFO  server.RaftServerConfigKeys (ConfUtils.java:logGet(46)) - raft.server.watch.timeout.denomination = 1s (default)
2023-09-23 10:03:18,858 [omNode-1@group-523986131536-LeaderElection1] INFO  server.RaftServerConfigKeys (ConfUtils.java:logGet(46)) - raft.server.watch.element-limit = 65536 (default)
2023-09-23 10:03:18,863 [omNode-1@group-523986131536-LeaderElection1] INFO  server.RaftServerConfigKeys (ConfUtils.java:logGet(46)) - raft.server.write.element-limit = 4096 (default)
2023-09-23 10:03:18,866 [omNode-1@group-523986131536-LeaderElection1] INFO  server.RaftServerConfigKeys (ConfUtils.java:logGet(46)) - raft.server.write.follower.gap.ratio.max = -1.0 (default)
2023-09-23 10:03:18,877 [omNode-1@group-523986131536-LeaderElection1] INFO  server.RaftServerConfigKeys (ConfUtils.java:logGet(46)) - raft.server.log.appender.snapshot.chunk.size.max = 16MB (=16777216) (default)
2023-09-23 10:03:18,877 [omNode-1@group-523986131536-LeaderElection1] INFO  server.RaftServerConfigKeys (ConfUtils.java:logGet(46)) - raft.server.log.appender.buffer.byte-limit = 33554432 (custom)
2023-09-23 10:03:18,878 [omNode-1@group-523986131536-LeaderElection1] INFO  server.RaftServerConfigKeys (ConfUtils.java:logGet(46)) - raft.server.log.appender.buffer.element-limit = 1024 (custom)
2023-09-23 10:03:18,883 [omNode-1@group-523986131536-LeaderElection1] INFO  server.RaftServerConfigKeys (ConfUtils.java:logGet(46)) - raft.server.log.appender.wait-time.min = 10ms (default)
2023-09-23 10:03:18,884 [omNode-1@group-523986131536-LeaderElection1] INFO  grpc.GrpcConfigKeys (ConfUtils.java:logGet(46)) - raft.grpc.server.leader.outstanding.appends.max = 128 (default)
2023-09-23 10:03:18,884 [omNode-1@group-523986131536-LeaderElection1] INFO  server.RaftServerConfigKeys (ConfUtils.java:logGet(46)) - raft.server.rpc.request.timeout = 3000ms (default)
2023-09-23 10:03:18,884 [omNode-1@group-523986131536-LeaderElection1] INFO  grpc.GrpcConfigKeys (ConfUtils.java:logGet(46)) - raft.grpc.server.install_snapshot.request.element-limit = 8 (default)
2023-09-23 10:03:18,884 [omNode-1@group-523986131536-LeaderElection1] INFO  grpc.GrpcConfigKeys (ConfUtils.java:logGet(46)) - raft.grpc.server.install_snapshot.request.timeout = 3000ms (default)
2023-09-23 10:03:18,885 [omNode-1@group-523986131536-LeaderElection1] INFO  server.RaftServerConfigKeys (ConfUtils.java:logGet(46)) - raft.server.log.appender.install.snapshot.enabled = false (custom)
2023-09-23 10:03:18,885 [omNode-1@group-523986131536-LeaderElection1] INFO  grpc.GrpcConfigKeys (ConfUtils.java:logGet(46)) - raft.grpc.server.heartbeat.channel = true (default)
2023-09-23 10:03:18,890 [omNode-1@group-523986131536-LeaderElection1] INFO  server.RaftServerConfigKeys (ConfUtils.java:logGet(46)) - raft.server.log.appender.snapshot.chunk.size.max = 16MB (=16777216) (default)
2023-09-23 10:03:18,890 [omNode-1@group-523986131536-LeaderElection1] INFO  server.RaftServerConfigKeys (ConfUtils.java:logGet(46)) - raft.server.log.appender.buffer.byte-limit = 33554432 (custom)
2023-09-23 10:03:18,890 [omNode-1@group-523986131536-LeaderElection1] INFO  server.RaftServerConfigKeys (ConfUtils.java:logGet(46)) - raft.server.log.appender.buffer.element-limit = 1024 (custom)
2023-09-23 10:03:18,890 [omNode-1@group-523986131536-LeaderElection1] INFO  server.RaftServerConfigKeys (ConfUtils.java:logGet(46)) - raft.server.log.appender.wait-time.min = 10ms (default)
2023-09-23 10:03:18,891 [omNode-1@group-523986131536-LeaderElection1] INFO  grpc.GrpcConfigKeys (ConfUtils.java:logGet(46)) - raft.grpc.server.leader.outstanding.appends.max = 128 (default)
2023-09-23 10:03:18,891 [omNode-1@group-523986131536-LeaderElection1] INFO  server.RaftServerConfigKeys (ConfUtils.java:logGet(46)) - raft.server.rpc.request.timeout = 3000ms (default)
2023-09-23 10:03:18,891 [omNode-1@group-523986131536-LeaderElection1] INFO  grpc.GrpcConfigKeys (ConfUtils.java:logGet(46)) - raft.grpc.server.install_snapshot.request.element-limit = 8 (default)
2023-09-23 10:03:18,891 [omNode-1@group-523986131536-LeaderElection1] INFO  grpc.GrpcConfigKeys (ConfUtils.java:logGet(46)) - raft.grpc.server.install_snapshot.request.timeout = 3000ms (default)
2023-09-23 10:03:18,892 [omNode-1@group-523986131536-LeaderElection1] INFO  server.RaftServerConfigKeys (ConfUtils.java:logGet(46)) - raft.server.log.appender.install.snapshot.enabled = false (custom)
2023-09-23 10:03:18,892 [omNode-1@group-523986131536-LeaderElection1] INFO  grpc.GrpcConfigKeys (ConfUtils.java:logGet(46)) - raft.grpc.server.heartbeat.channel = true (default)
2023-09-23 10:03:18,900 [omNode-1@group-523986131536-LeaderElection1] INFO  impl.RoleInfo (RoleInfo.java:updateAndGet(139)) - omNode-1: start omNode-1@group-523986131536-LeaderStateImpl
2023-09-23 10:03:18,915 [omNode-1@group-523986131536-LeaderElection1] INFO  segmented.SegmentedRaftLogWorker (SegmentedRaftLogWorker.java:startLogSegment(447)) - omNode-1@group-523986131536-SegmentedRaftLogWorker: Starting segment from index:0
2023-09-23 10:03:18,974 [omNode-1@group-523986131536-LeaderElection1] INFO  server.RaftServer$Division (ServerState.java:setRaftConf(434)) - omNode-1@group-523986131536: set configuration 0: peers:[omNode-3|rpc:localhost:15015|admin:|client:|dataStream:|priority:0|startupRole:FOLLOWER, omNode-1|rpc:localhost:15007|admin:|client:|dataStream:|priority:0|startupRole:FOLLOWER, omNode-2|rpc:localhost:15011|admin:|client:|dataStream:|priority:0|startupRole:FOLLOWER]|listeners:[], old=null
2023-09-23 10:03:19,000 [grpc-default-executor-0] WARN  server.GrpcLogAppender (LogUtils.java:warn(122)) - omNode-1@group-523986131536->omNode-3-AppendLogResponseHandler: Failed appendEntries: org.apache.ratis.thirdparty.io.grpc.StatusRuntimeException: UNAVAILABLE: io exception
2023-09-23 10:03:19,063 [grpc-default-executor-4] WARN  server.GrpcLogAppender (LogUtils.java:warn(122)) - omNode-1@group-523986131536->omNode-3-AppendLogResponseHandler: Failed appendEntries: org.apache.ratis.thirdparty.io.grpc.StatusRuntimeException: UNAVAILABLE: io exception
2023-09-23 10:03:19,073 [grpc-default-executor-4] INFO  leader.FollowerInfo (FollowerInfoImpl.java:lambda$new$0(52)) - omNode-1@group-523986131536->omNode-3: decreaseNextIndex nextIndex: updateUnconditionally 1 -> 0
2023-09-23 10:03:19,100 [grpc-default-executor-4] WARN  server.GrpcLogAppender (LogUtils.java:warn(122)) - omNode-1@group-523986131536->omNode-3-AppendLogResponseHandler: Failed appendEntries: org.apache.ratis.thirdparty.io.grpc.StatusRuntimeException: UNAVAILABLE: io exception
2023-09-23 10:03:19,102 [grpc-default-executor-1] WARN  server.GrpcLogAppender (LogUtils.java:warn(122)) - omNode-1@group-523986131536->omNode-3-AppendLogResponseHandler: Failed appendEntries: org.apache.ratis.thirdparty.io.grpc.StatusRuntimeException: UNAVAILABLE: io exception
2023-09-23 10:03:19,118 [omNode-2-server-thread2] INFO  server.RaftServer$Division (ServerState.java:setLeader(317)) - omNode-2@group-523986131536: change Leader from null to omNode-1 at term 1 for appendEntries, leader elected after 1647ms
2023-09-23 10:03:19,124 [omNode-2-server-thread1] INFO  server.RaftServer$Division (ServerState.java:setRaftConf(434)) - omNode-2@group-523986131536: set configuration 0: peers:[omNode-3|rpc:localhost:15015|admin:|client:|dataStream:|priority:0|startupRole:FOLLOWER, omNode-1|rpc:localhost:15007|admin:|client:|dataStream:|priority:0|startupRole:FOLLOWER, omNode-2|rpc:localhost:15011|admin:|client:|dataStream:|priority:0|startupRole:FOLLOWER]|listeners:[], old=null
2023-09-23 10:03:19,124 [omNode-2-server-thread1] INFO  segmented.SegmentedRaftLogWorker (SegmentedRaftLogWorker.java:startLogSegment(447)) - omNode-2@group-523986131536-SegmentedRaftLogWorker: Starting segment from index:0
2023-09-23 10:03:19,174 [omNode-2@group-523986131536-SegmentedRaftLogWorker] INFO  segmented.SegmentedRaftLogWorker (SegmentedRaftLogWorker.java:execute(651)) - omNode-2@group-523986131536-SegmentedRaftLogWorker: created new log segment /home/runner/work/ozone/ozone/hadoop-ozone/integration-test/target/test-dir/MiniOzoneClusterImpl-221a8c4e-c666-4dc9-898e-ead2ee9f568a/omNode-2/ratis/c9bc4cf4-3bc3-3c60-a66b-523986131536/current/log_inprogress_0
2023-09-23 10:03:19,174 [omNode-1@group-523986131536-SegmentedRaftLogWorker] INFO  segmented.SegmentedRaftLogWorker (SegmentedRaftLogWorker.java:execute(651)) - omNode-1@group-523986131536-SegmentedRaftLogWorker: created new log segment /home/runner/work/ozone/ozone/hadoop-ozone/integration-test/target/test-dir/MiniOzoneClusterImpl-221a8c4e-c666-4dc9-898e-ead2ee9f568a/omNode-1/ratis/c9bc4cf4-3bc3-3c60-a66b-523986131536/current/log_inprogress_0
2023-09-23 10:03:19,187 [grpc-default-executor-3] WARN  server.GrpcLogAppender (LogUtils.java:warn(122)) - omNode-1@group-523986131536->omNode-3-AppendLogResponseHandler: Failed appendEntries: org.apache.ratis.thirdparty.io.grpc.StatusRuntimeException: UNAVAILABLE: io exception
2023-09-23 10:03:19,188 [grpc-default-executor-2] WARN  server.GrpcLogAppender (LogUtils.java:warn(122)) - omNode-1@group-523986131536->omNode-3-AppendLogResponseHandler: Failed appendEntries: org.apache.ratis.thirdparty.io.grpc.StatusRuntimeException: UNAVAILABLE: io exception
2023-09-23 10:03:19,199 [main] INFO  om.OzoneManager (OzoneManager.java:instantiateServices(794)) - S3 Multi-Tenancy is disabled
2023-09-23 10:03:19,200 [main] INFO  om.OmSnapshotManager (OmSnapshotManager.java:<init>(174)) - Ozone filesystem snapshot feature is enabled.
2023-09-23 10:03:19,200 [main] WARN  server.ServerUtils (ServerUtils.java:getDBPath(311)) - ozone.om.snapshot.diff.db.dir is not configured. We recommend adding this setting. Falling back to ozone.metadata.dirs instead.
2023-09-23 10:03:19,188 [grpc-default-executor-3] INFO  leader.FollowerInfo (FollowerInfoImpl.java:lambda$new$0(52)) - omNode-1@group-523986131536->omNode-3: decreaseNextIndex nextIndex: updateUnconditionally 1 -> 0
2023-09-23 10:03:19,225 [grpc-default-executor-3] WARN  server.GrpcLogAppender (LogUtils.java:warn(122)) - omNode-1@group-523986131536->omNode-3-AppendLogResponseHandler: Failed appendEntries: org.apache.ratis.thirdparty.io.grpc.StatusRuntimeException: UNAVAILABLE: io exception
2023-09-23 10:03:19,228 [grpc-default-executor-3] INFO  leader.FollowerInfo (FollowerInfoImpl.java:lambda$new$0(52)) - omNode-1@group-523986131536->omNode-3: decreaseNextIndex nextIndex: updateUnconditionally 1 -> 0
2023-09-23 10:03:19,228 [grpc-default-executor-1] WARN  server.GrpcLogAppender (LogUtils.java:warn(122)) - omNode-1@group-523986131536->omNode-3-AppendLogResponseHandler: Failed appendEntries: org.apache.ratis.thirdparty.io.grpc.StatusRuntimeException: UNAVAILABLE: io exception
2023-09-23 10:03:19,249 [grpc-default-executor-1] WARN  server.GrpcLogAppender (LogUtils.java:warn(122)) - omNode-1@group-523986131536->omNode-3-AppendLogResponseHandler: Failed appendEntries: org.apache.ratis.thirdparty.io.grpc.StatusRuntimeException: UNAVAILABLE: io exception
2023-09-23 10:03:19,249 [main] INFO  snapshot.SnapshotDiffManager (SnapshotDiffManager.java:closeExecutorService(1718)) - Shutting down executorService: 'SstDumpToolExecutor'
2023-09-23 10:03:19,249 [grpc-default-executor-3] WARN  server.GrpcLogAppender (LogUtils.java:warn(122)) - omNode-1@group-523986131536->omNode-3-AppendLogResponseHandler: Failed appendEntries: org.apache.ratis.thirdparty.io.grpc.StatusRuntimeException: UNAVAILABLE: io exception
2023-09-23 10:03:19,266 [grpc-default-executor-3] WARN  server.GrpcLogAppender (LogUtils.java:warn(122)) - omNode-1@group-523986131536->omNode-3-AppendLogResponseHandler: Failed appendEntries: org.apache.ratis.thirdparty.io.grpc.StatusRuntimeException: UNAVAILABLE: io exception
2023-09-23 10:03:19,266 [grpc-default-executor-3] INFO  leader.FollowerInfo (FollowerInfoImpl.java:lambda$new$0(52)) - omNode-1@group-523986131536->omNode-3: decreaseNextIndex nextIndex: updateUnconditionally 1 -> 0
2023-09-23 10:03:19,273 [main] INFO  om.OzoneManager (OzoneManager.java:addS3GVolumeToDB(4305)) - Created Volume s3v With Owner runner required for S3Gateway operations.
2023-09-23 10:03:19,273 [main] WARN  server.ServerUtils (ServerUtils.java:getDefaultRatisDirectory(323)) - Storage directory for Ratis is not configured. It is a good idea to map this to an SSD disk. Falling back to ozone.metadata.dirs
2023-09-23 10:03:19,273 [main] WARN  utils.OzoneManagerRatisUtils (OzoneManagerRatisUtils.java:getOMRatisSnapshotDirectory(464)) - ozone.om.ratis.snapshot.dir is not configured. Falling back to ozone.metadata.dirs config
2023-09-23 10:03:19,276 [main] INFO  utils.RDBSnapshotProvider (RDBSnapshotProvider.java:init(87)) - Cleaning up the candidate dir: /home/runner/work/ozone/ozone/hadoop-ozone/integration-test/target/test-dir/MiniOzoneClusterImpl-221a8c4e-c666-4dc9-898e-ead2ee9f568a/omNode-3/snapshot/om.db.candidate
2023-09-23 10:03:19,277 [main] INFO  ratis_snapshot.OmRatisSnapshotProvider (OmRatisSnapshotProvider.java:<init>(99)) - Initializing OM Snapshot Provider
2023-09-23 10:03:19,283 [main] WARN  impl.MetricRegistriesImpl (MetricRegistriesImpl.java:addReporterRegistration(111)) - New reporters are added after registries were created. Some metrics will be missing from the reporter. Please add reporter before adding any new registry.
2023-09-23 10:03:19,283 [main] WARN  impl.MetricRegistriesImpl (MetricRegistriesImpl.java:addReporterRegistration(111)) - New reporters are added after registries were created. Some metrics will be missing from the reporter. Please add reporter before adding any new registry.
2023-09-23 10:03:19,283 [main] WARN  server.ServerUtils (ServerUtils.java:getDefaultRatisDirectory(323)) - Storage directory for Ratis is not configured. It is a good idea to map this to an SSD disk. Falling back to ozone.metadata.dirs
2023-09-23 10:03:19,285 [main] INFO  ratis.OzoneManagerRatisServer (OzoneManagerRatisServer.java:<init>(163)) - Instantiating OM Ratis server with groupID: om-service-test1 and peers: localhost:15015, localhost:15007, localhost:15011
2023-09-23 10:03:19,287 [main] INFO  ratis.OzoneManagerStateMachine (OzoneManagerStateMachine.java:loadSnapshotInfoFromDB(687)) - LastAppliedIndex is set from TransactionInfo from OM DB as (t:0, i:~)
2023-09-23 10:03:19,288 [main] INFO  server.RaftServer (ConfUtils.java:logGet(46)) - raft.rpc.type = GRPC (default)
2023-09-23 10:03:19,288 [main] INFO  grpc.GrpcConfigKeys (ConfUtils.java:logFallback(53)) - raft.grpc.admin.host = null (fallback to raft.grpc.server.host)
2023-09-23 10:03:19,289 [main] INFO  grpc.GrpcConfigKeys (ConfUtils.java:logFallback(53)) - raft.grpc.admin.port = 15015 (fallback to raft.grpc.server.port)
2023-09-23 10:03:19,289 [main] INFO  grpc.GrpcConfigKeys (ConfUtils.java:logFallback(53)) - raft.grpc.client.host = null (fallback to raft.grpc.server.host)
2023-09-23 10:03:19,289 [main] INFO  grpc.GrpcConfigKeys (ConfUtils.java:logFallback(53)) - raft.grpc.client.port = 15015 (fallback to raft.grpc.server.port)
2023-09-23 10:03:19,289 [main] INFO  grpc.GrpcConfigKeys (ConfUtils.java:logGet(46)) - raft.grpc.server.host = null (default)
2023-09-23 10:03:19,289 [main] INFO  grpc.GrpcConfigKeys (ConfUtils.java:logGet(46)) - raft.grpc.server.port = 15015 (custom)
2023-09-23 10:03:19,289 [main] INFO  server.GrpcService (ConfUtils.java:logGet(46)) - raft.grpc.message.size.max = 33554432 (custom)
2023-09-23 10:03:19,299 [main] INFO  server.RaftServerConfigKeys (ConfUtils.java:logGet(46)) - raft.server.log.appender.buffer.byte-limit = 33554432 (custom)
2023-09-23 10:03:19,299 [main] INFO  server.GrpcService (ConfUtils.java:logGet(46)) - raft.grpc.flow.control.window = 1MB (=1048576) (default)
2023-09-23 10:03:19,299 [main] INFO  server.RaftServerConfigKeys (ConfUtils.java:logGet(46)) - raft.server.rpc.request.timeout = 3000ms (default)
2023-09-23 10:03:19,299 [main] INFO  grpc.GrpcConfigKeys (ConfUtils.java:logGet(46)) - raft.grpc.server.heartbeat.channel = true (default)
2023-09-23 10:03:19,300 [main] INFO  grpc.GrpcConfigKeys (ConfUtils.java:logGet(46)) - raft.grpc.server.async.request.thread.pool.cached = true (default)
2023-09-23 10:03:19,300 [main] INFO  grpc.GrpcConfigKeys (ConfUtils.java:logGet(46)) - raft.grpc.server.async.request.thread.pool.size = 32 (default)
2023-09-23 10:03:19,301 [main] INFO  impl.DataStreamServerImpl (ConfUtils.java:logGet(46)) - raft.datastream.type = DISABLED (default)
2023-09-23 10:03:19,301 [main] INFO  server.RaftServerConfigKeys (ConfUtils.java:logGet(46)) - raft.server.threadpool.proxy.cached = true (default)
2023-09-23 10:03:19,301 [main] INFO  server.RaftServerConfigKeys (ConfUtils.java:logGet(46)) - raft.server.threadpool.proxy.size = 0 (default)
2023-09-23 10:03:19,301 [main] INFO  server.RaftServerConfigKeys (ConfUtils.java:logGet(46)) - raft.server.rpc.slowness.timeout = 2s (custom)
2023-09-23 10:03:19,302 [main] INFO  server.RaftServerConfigKeys (ConfUtils.java:logGet(46)) - raft.server.leaderelection.leader.step-down.wait-time = 10s (default)
2023-09-23 10:03:19,302 [main] INFO  server.RaftServerConfigKeys (ConfUtils.java:logGet(46)) - raft.server.storage.dir = [/home/runner/work/ozone/ozone/hadoop-ozone/integration-test/target/test-dir/MiniOzoneClusterImpl-221a8c4e-c666-4dc9-898e-ead2ee9f568a/omNode-3/ratis] (custom)
2023-09-23 10:03:19,310 [grpc-default-executor-2] WARN  server.GrpcLogAppender (LogUtils.java:warn(122)) - omNode-1@group-523986131536->omNode-3-AppendLogResponseHandler: Failed appendEntries: org.apache.ratis.thirdparty.io.grpc.StatusRuntimeException: UNAVAILABLE: io exception
2023-09-23 10:03:19,311 [grpc-default-executor-2] INFO  leader.FollowerInfo (FollowerInfoImpl.java:lambda$new$0(52)) - omNode-1@group-523986131536->omNode-3: decreaseNextIndex nextIndex: updateUnconditionally 1 -> 0
2023-09-23 10:03:19,310 [grpc-default-executor-3] WARN  server.GrpcLogAppender (LogUtils.java:warn(122)) - omNode-1@group-523986131536->omNode-3-AppendLogResponseHandler: Failed appendEntries: org.apache.ratis.thirdparty.io.grpc.StatusRuntimeException: UNAVAILABLE: io exception
2023-09-23 10:03:19,322 [main] INFO  server.RaftServer (RaftServerProxy.java:addNew(98)) - omNode-3: addNew group-523986131536:[omNode-3|rpc:localhost:15015|priority:0|startupRole:FOLLOWER, omNode-1|rpc:localhost:15007|priority:0|startupRole:FOLLOWER, omNode-2|rpc:localhost:15011|priority:0|startupRole:FOLLOWER] returns group-523986131536:java.util.concurrent.CompletableFuture@79927fc8[Not completed]
2023-09-23 10:03:19,322 [main] INFO  om.OzoneManager (OzoneManager.java:initializeRatisServer(2148)) - OzoneManager Ratis server initialized at port 15015
2023-09-23 10:03:19,322 [main] INFO  om.OzoneManager (OzoneManager.java:getRpcServer(1196)) - Creating RPC Server
2023-09-23 10:03:19,323 [omNode-3-groupManagement] INFO  server.RaftServer$Division (RaftServerImpl.java:<init>(198)) - omNode-3: new RaftServerImpl for group-523986131536:[omNode-3|rpc:localhost:15015|priority:0|startupRole:FOLLOWER, omNode-1|rpc:localhost:15007|priority:0|startupRole:FOLLOWER, omNode-2|rpc:localhost:15011|priority:0|startupRole:FOLLOWER] with OzoneManagerStateMachine:uninitialized
2023-09-23 10:03:19,323 [omNode-3-groupManagement] INFO  server.RaftServerConfigKeys (ConfUtils.java:logGet(46)) - raft.server.rpc.timeout.min = 1s (custom)
2023-09-23 10:03:19,324 [omNode-3-groupManagement] INFO  server.RaftServerConfigKeys (ConfUtils.java:logGet(46)) - raft.server.rpc.timeout.max = 1200ms (custom)
2023-09-23 10:03:19,324 [omNode-3-groupManagement] INFO  server.RaftServerConfigKeys (ConfUtils.java:logGet(46)) - raft.server.rpc.sleep.time = 25ms (default)
2023-09-23 10:03:19,324 [omNode-3-groupManagement] INFO  server.RaftServerConfigKeys (ConfUtils.java:logGet(46)) - raft.server.rpc.slowness.timeout = 2s (custom)
2023-09-23 10:03:19,324 [omNode-3-groupManagement] INFO  server.RaftServerConfigKeys (ConfUtils.java:logGet(46)) - raft.server.leaderelection.leader.step-down.wait-time = 10s (default)
2023-09-23 10:03:19,324 [omNode-3-groupManagement] INFO  server.RaftServerConfigKeys (ConfUtils.java:logGet(46)) - raft.server.sleep.deviation.threshold = 300ms (default)
2023-09-23 10:03:19,324 [omNode-3-groupManagement] INFO  server.RaftServer$Division (ServerState.java:<init>(120)) - omNode-3@group-523986131536: ConfigurationManager, init=-1: peers:[omNode-3|rpc:localhost:15015|priority:0|startupRole:FOLLOWER, omNode-1|rpc:localhost:15007|priority:0|startupRole:FOLLOWER, omNode-2|rpc:localhost:15011|priority:0|startupRole:FOLLOWER]|listeners:[], old=null, confs=<EMPTY_MAP>
2023-09-23 10:03:19,324 [omNode-3-groupManagement] INFO  server.RaftServerConfigKeys (ConfUtils.java:logGet(46)) - raft.server.storage.dir = [/home/runner/work/ozone/ozone/hadoop-ozone/integration-test/target/test-dir/MiniOzoneClusterImpl-221a8c4e-c666-4dc9-898e-ead2ee9f568a/omNode-3/ratis] (custom)
2023-09-23 10:03:19,325 [omNode-3-groupManagement] INFO  server.RaftServerConfigKeys (ConfUtils.java:logGet(46)) - raft.server.log.corruption.policy = EXCEPTION (default)
2023-09-23 10:03:19,325 [omNode-3-groupManagement] INFO  server.RaftServerConfigKeys (ConfUtils.java:logGet(46)) - raft.server.storage.free-space.min = 0MB (=0) (default)
2023-09-23 10:03:19,325 [omNode-3-groupManagement] INFO  server.RaftServerConfigKeys (ConfUtils.java:logGet(46)) - raft.server.notification.no-leader.timeout = 2s (custom)
2023-09-23 10:03:19,325 [omNode-3-groupManagement] INFO  server.RaftServerConfigKeys (ConfUtils.java:logGet(46)) - raft.server.read.timeout = 10s (default)
2023-09-23 10:03:19,325 [omNode-3-groupManagement] INFO  server.RaftServerConfigKeys (ConfUtils.java:logGet(46)) - raft.server.retrycache.expirytime = 30000ms (custom)
2023-09-23 10:03:19,325 [omNode-3-groupManagement] INFO  server.RaftServerConfigKeys (ConfUtils.java:logGet(46)) - raft.server.retrycache.statistics.expirytime = 100μs (default)
2023-09-23 10:03:19,325 [omNode-3-groupManagement] INFO  server.RaftServerConfigKeys (ConfUtils.java:logGet(46)) - raft.server.read.option = DEFAULT (default)
2023-09-23 10:03:19,327 [omNode-3-groupManagement] INFO  server.RaftServerConfigKeys (ConfUtils.java:logGet(46)) - raft.server.rpc.request.timeout = 3000ms (default)
2023-09-23 10:03:19,327 [omNode-3-groupManagement] INFO  server.RaftServerConfigKeys (ConfUtils.java:logGet(46)) - raft.server.log.appender.install.snapshot.enabled = false (custom)
2023-09-23 10:03:19,327 [omNode-3-groupManagement] INFO  server.RaftServerConfigKeys (ConfUtils.java:logGet(46)) - raft.server.threadpool.server.cached = true (default)
2023-09-23 10:03:19,327 [omNode-3-groupManagement] INFO  server.RaftServerConfigKeys (ConfUtils.java:logGet(46)) - raft.server.threadpool.server.size = 0 (default)
2023-09-23 10:03:19,327 [omNode-3-groupManagement] INFO  server.RaftServerConfigKeys (ConfUtils.java:logGet(46)) - raft.server.threadpool.client.cached = true (default)
2023-09-23 10:03:19,327 [omNode-3-groupManagement] INFO  server.RaftServerConfigKeys (ConfUtils.java:logGet(46)) - raft.server.threadpool.client.size = 0 (default)
2023-09-23 10:03:19,332 [grpc-default-executor-2] WARN  server.GrpcLogAppender (LogUtils.java:warn(122)) - omNode-1@group-523986131536->omNode-3-AppendLogResponseHandler: Failed appendEntries: org.apache.ratis.thirdparty.io.grpc.StatusRuntimeException: UNAVAILABLE: io exception
2023-09-23 10:03:19,429 [omNode-1@group-523986131536-StateMachineUpdater] INFO  ratis.OzoneManagerStateMachine (OzoneManagerStateMachine.java:notifyConfigurationChanged(202)) - Received Configuration change notification from Ratis. New Peer list:
[id: "omNode-3"
address: "localhost:15015"
startupRole: FOLLOWER
, id: "omNode-1"
address: "localhost:15007"
startupRole: FOLLOWER
, id: "omNode-2"
address: "localhost:15011"
startupRole: FOLLOWER
]
2023-09-23 10:03:19,500 [grpc-default-executor-2] WARN  server.GrpcLogAppender (LogUtils.java:warn(122)) - omNode-1@group-523986131536->omNode-3-AppendLogResponseHandler: Failed appendEntries: org.apache.ratis.thirdparty.io.grpc.StatusRuntimeException: UNAVAILABLE: io exception
2023-09-23 10:03:19,501 [grpc-default-executor-3] WARN  server.GrpcLogAppender (LogUtils.java:warn(122)) - omNode-1@group-523986131536->omNode-3-AppendLogResponseHandler: Failed appendEntries: org.apache.ratis.thirdparty.io.grpc.StatusRuntimeException: UNAVAILABLE: io exception
2023-09-23 10:03:19,513 [grpc-default-executor-3] WARN  server.GrpcLogAppender (LogUtils.java:warn(122)) - omNode-1@group-523986131536->omNode-3-AppendLogResponseHandler: Failed appendEntries: org.apache.ratis.thirdparty.io.grpc.StatusRuntimeException: UNAVAILABLE: io exception
2023-09-23 10:03:19,513 [grpc-default-executor-3] INFO  leader.FollowerInfo (FollowerInfoImpl.java:lambda$new$0(52)) - omNode-1@group-523986131536->omNode-3: decreaseNextIndex nextIndex: updateUnconditionally 1 -> 0
2023-09-23 10:03:19,517 [grpc-default-executor-2] WARN  server.GrpcLogAppender (LogUtils.java:warn(122)) - omNode-1@group-523986131536->omNode-3-AppendLogResponseHandler: Failed appendEntries: org.apache.ratis.thirdparty.io.grpc.StatusRuntimeException: UNAVAILABLE: io exception
2023-09-23 10:03:19,737 [omNode-2@group-523986131536-StateMachineUpdater] INFO  ratis.OzoneManagerStateMachine (OzoneManagerStateMachine.java:notifyConfigurationChanged(202)) - Received Configuration change notification from Ratis. New Peer list:
[id: "omNode-3"
address: "localhost:15015"
startupRole: FOLLOWER
, id: "omNode-1"
address: "localhost:15007"
startupRole: FOLLOWER
, id: "omNode-2"
address: "localhost:15011"
startupRole: FOLLOWER
]
2023-09-23 10:03:19,749 [grpc-default-executor-3] WARN  server.GrpcLogAppender (LogUtils.java:warn(122)) - omNode-1@group-523986131536->omNode-3-AppendLogResponseHandler: Failed appendEntries: org.apache.ratis.thirdparty.io.grpc.StatusRuntimeException: UNAVAILABLE: io exception
2023-09-23 10:03:19,751 [grpc-default-executor-3] INFO  leader.FollowerInfo (FollowerInfoImpl.java:lambda$new$0(52)) - omNode-1@group-523986131536->omNode-3: decreaseNextIndex nextIndex: updateUnconditionally 1 -> 0
2023-09-23 10:03:19,762 [grpc-default-executor-2] WARN  server.GrpcLogAppender (LogUtils.java:warn(122)) - omNode-1@group-523986131536->omNode-3-AppendLogResponseHandler: Failed appendEntries: org.apache.ratis.thirdparty.io.grpc.StatusRuntimeException: UNAVAILABLE: io exception
2023-09-23 10:03:19,771 [grpc-default-executor-1] WARN  server.GrpcLogAppender (LogUtils.java:warn(122)) - omNode-1@group-523986131536->omNode-3-AppendLogResponseHandler: Failed appendEntries: org.apache.ratis.thirdparty.io.grpc.StatusRuntimeException: UNAVAILABLE: io exception
2023-09-23 10:03:19,772 [grpc-default-executor-1] WARN  server.GrpcLogAppender (LogUtils.java:warn(122)) - omNode-1@group-523986131536->omNode-3-AppendLogResponseHandler: Failed appendEntries: org.apache.ratis.thirdparty.io.grpc.StatusRuntimeException: UNAVAILABLE: io exception
2023-09-23 10:03:19,863 [main] INFO  reflections.Reflections (Reflections.java:scan(232)) - Reflections took 540 ms to scan 20 urls, producing 71 keys and 6030 values [using 2 cores]
2023-09-23 10:03:19,866 [main] INFO  ipc.CallQueueManager (CallQueueManager.java:<init>(90)) - Using callQueue: class java.util.concurrent.LinkedBlockingQueue, queueCapacity: 2000, scheduler: class org.apache.hadoop.ipc.DefaultRpcScheduler, ipcBackoff: false.
2023-09-23 10:03:19,868 [main] INFO  ipc.Server (Server.java:<init>(1287)) - Listener at 127.0.0.1:15012
2023-09-23 10:03:19,871 [Socket Reader #1 for port 15012] INFO  ipc.Server (Server.java:run(1323)) - Starting Socket Reader #1 for port 15012
2023-09-23 10:03:19,901 [main] INFO  impl.MetricsSystemImpl (MetricsSystemImpl.java:init(158)) - OzoneManager metrics system started (again)
2023-09-23 10:03:19,913 [main] INFO  om.OzoneManager (OzoneManager.java:start(1633)) - OzoneManager RPC server is listening at localhost/127.0.0.1:15012
2023-09-23 10:03:19,914 [main] INFO  ratis.OzoneManagerRatisServer (OzoneManagerRatisServer.java:start(558)) - Starting OzoneManagerRatisServer omNode-3 at port 15015
2023-09-23 10:03:19,914 [omNode-3-impl-thread1] INFO  storage.RaftStorageDirectory (RaftStorageDirectoryImpl.java:analyzeStorage(137)) - The storage directory /home/runner/work/ozone/ozone/hadoop-ozone/integration-test/target/test-dir/MiniOzoneClusterImpl-221a8c4e-c666-4dc9-898e-ead2ee9f568a/omNode-3/ratis/c9bc4cf4-3bc3-3c60-a66b-523986131536 does not exist. Creating ...
2023-09-23 10:03:19,915 [omNode-3-impl-thread1] INFO  storage.RaftStorageDirectory (RaftStorageDirectoryImpl.java:tryLock(231)) - Lock on /home/runner/work/ozone/ozone/hadoop-ozone/integration-test/target/test-dir/MiniOzoneClusterImpl-221a8c4e-c666-4dc9-898e-ead2ee9f568a/omNode-3/ratis/c9bc4cf4-3bc3-3c60-a66b-523986131536/in_use.lock acquired by nodename 6438@fv-az1239-715
2023-09-23 10:03:19,917 [omNode-3-impl-thread1] INFO  storage.RaftStorage (RaftStorageImpl.java:format(96)) - Storage directory /home/runner/work/ozone/ozone/hadoop-ozone/integration-test/target/test-dir/MiniOzoneClusterImpl-221a8c4e-c666-4dc9-898e-ead2ee9f568a/omNode-3/ratis/c9bc4cf4-3bc3-3c60-a66b-523986131536 has been successfully formatted.
2023-09-23 10:03:19,917 [omNode-3-impl-thread1] INFO  server.RaftServerConfigKeys (ConfUtils.java:logGet(46)) - raft.server.log.use.memory = false (default)
2023-09-23 10:03:19,917 [omNode-3-impl-thread1] INFO  server.RaftServerConfigKeys (ConfUtils.java:logGet(46)) - raft.server.log.purge.gap = 50 (custom)
2023-09-23 10:03:19,917 [omNode-3-impl-thread1] INFO  server.RaftServerConfigKeys (ConfUtils.java:logGet(46)) - raft.server.log.appender.buffer.byte-limit = 33554432 (custom)
2023-09-23 10:03:19,917 [omNode-3-impl-thread1] INFO  server.RaftServerConfigKeys (ConfUtils.java:logGet(46)) - raft.server.log.statemachine.data.read.timeout = 1000ms (default)
2023-09-23 10:03:19,917 [omNode-3-impl-thread1] INFO  server.RaftServerConfigKeys (ConfUtils.java:logGet(46)) - raft.server.log.purge.preservation.log.num = 0 (default)
2023-09-23 10:03:19,918 [omNode-3-impl-thread1] INFO  server.RaftServerConfigKeys (ConfUtils.java:logGet(46)) - raft.server.log.segment.size.max = 4194304 (custom)
2023-09-23 10:03:19,918 [omNode-3-impl-thread1] INFO  server.RaftServerConfigKeys (ConfUtils.java:logGet(46)) - raft.server.log.segment.cache.num.max = 2 (custom)
2023-09-23 10:03:19,918 [omNode-3-impl-thread1] INFO  server.RaftServerConfigKeys (ConfUtils.java:logGet(46)) - raft.server.log.segment.cache.size.max = 200MB (=209715200) (default)
2023-09-23 10:03:19,918 [omNode-3-impl-thread1] INFO  server.RaftServerConfigKeys (ConfUtils.java:logGet(46)) - raft.server.log.appender.buffer.byte-limit = 33554432 (custom)
2023-09-23 10:03:19,918 [omNode-3-impl-thread1] INFO  segmented.SegmentedRaftLogWorker (SegmentedRaftLogWorker.java:<init>(188)) - new omNode-3@group-523986131536-SegmentedRaftLogWorker for RaftStorageImpl:Storage Directory /home/runner/work/ozone/ozone/hadoop-ozone/integration-test/target/test-dir/MiniOzoneClusterImpl-221a8c4e-c666-4dc9-898e-ead2ee9f568a/omNode-3/ratis/c9bc4cf4-3bc3-3c60-a66b-523986131536
2023-09-23 10:03:19,919 [omNode-3-impl-thread1] INFO  server.RaftServerConfigKeys (ConfUtils.java:logGet(46)) - raft.server.log.queue.byte-limit = 64MB (=67108864) (default)
2023-09-23 10:03:19,919 [omNode-3-impl-thread1] INFO  server.RaftServerConfigKeys (ConfUtils.java:logGet(46)) - raft.server.log.queue.element-limit = 4096 (default)
2023-09-23 10:03:19,919 [omNode-3-impl-thread1] INFO  server.RaftServerConfigKeys (ConfUtils.java:logGet(46)) - raft.server.log.segment.size.max = 4194304 (custom)
2023-09-23 10:03:19,919 [omNode-3-impl-thread1] INFO  server.RaftServerConfigKeys (ConfUtils.java:logGet(46)) - raft.server.log.preallocated.size = 4194304 (custom)
2023-09-23 10:03:19,919 [omNode-3-impl-thread1] INFO  server.RaftServerConfigKeys (ConfUtils.java:logGet(46)) - raft.server.log.force.sync.num = 128 (default)
2023-09-23 10:03:19,919 [omNode-3-impl-thread1] INFO  server.RaftServerConfigKeys (ConfUtils.java:logGet(46)) - raft.server.log.statemachine.data.sync = true (default)
2023-09-23 10:03:19,919 [omNode-3-impl-thread1] INFO  server.RaftServerConfigKeys (ConfUtils.java:logGet(46)) - raft.server.log.statemachine.data.sync.timeout = 10s (default)
2023-09-23 10:03:19,919 [omNode-3-impl-thread1] INFO  server.RaftServerConfigKeys (ConfUtils.java:logGet(46)) - raft.server.log.statemachine.data.sync.timeout.retry = -1 (default)
2023-09-23 10:03:19,920 [omNode-3-impl-thread1] INFO  server.RaftServerConfigKeys (ConfUtils.java:logGet(46)) - raft.server.log.write.buffer.size = 64KB (=65536) (default)
2023-09-23 10:03:19,920 [omNode-3-impl-thread1] INFO  server.RaftServerConfigKeys (ConfUtils.java:logGet(46)) - raft.server.log.appender.buffer.byte-limit = 33554432 (custom)
2023-09-23 10:03:19,927 [omNode-3-impl-thread1] INFO  server.RaftServerConfigKeys (ConfUtils.java:logGet(46)) - raft.server.log.unsafe-flush.enabled = false (default)
2023-09-23 10:03:19,927 [omNode-3-impl-thread1] INFO  server.RaftServerConfigKeys (ConfUtils.java:logGet(46)) - raft.server.log.async-flush.enabled = false (default)
2023-09-23 10:03:19,927 [omNode-3-impl-thread1] INFO  server.RaftServerConfigKeys (ConfUtils.java:logGet(46)) - raft.server.log.statemachine.data.caching.enabled = false (default)
2023-09-23 10:03:19,927 [omNode-3-impl-thread1] INFO  segmented.SegmentedRaftLogWorker (SegmentedRaftLogWorker.java:lambda$new$0(135)) - omNode-3@group-523986131536-SegmentedRaftLogWorker: flushIndex: setUnconditionally 0 -> -1
2023-09-23 10:03:19,927 [omNode-3-impl-thread1] INFO  segmented.SegmentedRaftLogWorker (SegmentedRaftLogWorker.java:lambda$new$0(135)) - omNode-3@group-523986131536-SegmentedRaftLogWorker: safeCacheEvictIndex: setUnconditionally 0 -> -1
2023-09-23 10:03:19,928 [omNode-3-impl-thread1] INFO  server.RaftServer$Division (RaftServerImpl.java:start(342)) - omNode-3@group-523986131536: start as a follower, conf=-1: peers:[omNode-3|rpc:localhost:15015|priority:0|startupRole:FOLLOWER, omNode-1|rpc:localhost:15007|priority:0|startupRole:FOLLOWER, omNode-2|rpc:localhost:15011|priority:0|startupRole:FOLLOWER]|listeners:[], old=null
2023-09-23 10:03:19,928 [omNode-3-impl-thread1] INFO  server.RaftServer$Division (RaftServerImpl.java:setRole(329)) - omNode-3@group-523986131536: changes role from      null to FOLLOWER at term 0 for startAsFollower
2023-09-23 10:03:19,928 [omNode-3-impl-thread1] INFO  impl.RoleInfo (RoleInfo.java:updateAndGet(139)) - omNode-3: start omNode-3@group-523986131536-FollowerState
2023-09-23 10:03:19,934 [omNode-3-impl-thread1] INFO  util.JmxRegister (JmxRegister.java:tryRegister(44)) - Successfully registered JMX Bean with object name Ratis:service=RaftServer,group=group-523986131536,id=omNode-3
2023-09-23 10:03:19,934 [omNode-3-impl-thread1] INFO  server.RaftServerConfigKeys (ConfUtils.java:logGet(46)) - raft.server.snapshot.auto.trigger.enabled = true (custom)
2023-09-23 10:03:19,934 [omNode-3-impl-thread1] INFO  server.RaftServerConfigKeys (ConfUtils.java:logGet(46)) - raft.server.snapshot.auto.trigger.threshold = 50 (custom)
2023-09-23 10:03:19,934 [omNode-3-impl-thread1] INFO  server.RaftServerConfigKeys (ConfUtils.java:logGet(46)) - raft.server.snapshot.retention.file.num = -1 (default)
2023-09-23 10:03:19,934 [omNode-3-impl-thread1] INFO  server.RaftServerConfigKeys (ConfUtils.java:logGet(46)) - raft.server.log.purge.upto.snapshot.index = true (custom)
2023-09-23 10:03:19,935 [omNode-3@group-523986131536-FollowerState] INFO  server.RaftServerConfigKeys (ConfUtils.java:logFallback(53)) - raft.server.rpc.first-election.timeout.min = 1s (fallback to raft.server.rpc.timeout.min)
2023-09-23 10:03:19,935 [omNode-3@group-523986131536-FollowerState] INFO  server.RaftServerConfigKeys (ConfUtils.java:logFallback(53)) - raft.server.rpc.first-election.timeout.max = 1200ms (fallback to raft.server.rpc.timeout.max)
2023-09-23 10:03:19,939 [main] INFO  server.RaftServer (RaftServerProxy.java:startImpl(400)) - omNode-3: start RPC server
2023-09-23 10:03:19,949 [main] INFO  server.GrpcService (GrpcService.java:startImpl(302)) - omNode-3: GrpcService started, listening on 15015
2023-09-23 10:03:19,950 [main] INFO  om.OzoneManager (OzoneManager.java:start(1649)) - Version File has different layout version (6) than OM DB (null). That is expected if this OM has never been finalized to a newer layout version.
2023-09-23 10:03:19,958 [JvmPauseMonitor3] INFO  util.JvmPauseMonitor (JvmPauseMonitor.java:run(103)) - JvmPauseMonitor-omNode-3: Started
2023-09-23 10:03:19,963 [main] INFO  http.BaseHttpServer (BaseHttpServer.java:newHttpServer2BuilderForOzone(223)) - Starting Web-server for ozoneManager at: http://0.0.0.0:15013
2023-09-23 10:03:19,963 [main] INFO  http.BaseHttpServer (BaseHttpServer.java:<init>(110)) - Hadoop Security Enabled: false Ozone Security Enabled: false Ozone HTTP Security Enabled: false 
2023-09-23 10:03:19,965 [main] WARN  server.AuthenticationFilter (AuthenticationFilter.java:constructSecretProvider(240)) - Unable to initialize FileSignerSecretProvider, falling back to use random secrets. Reason: Could not read signature secret file: /home/runner/hadoop-http-auth-signature-secret
2023-09-23 10:03:19,969 [main] INFO  http.HttpRequestLog (HttpRequestLog.java:getRequestLog(86)) - Http request log for http.requests.ozoneManager is not defined
2023-09-23 10:03:19,970 [main] INFO  http.HttpServer2 (HttpServer2.java:addGlobalFilter(1031)) - Added global filter 'safety' (class=org.apache.hadoop.hdds.server.http.HttpServer2$QuotingInputFilter)
2023-09-23 10:03:19,971 [main] INFO  http.HttpServer2 (HttpServer2.java:addFilter(1007)) - Added filter static_user_filter (class=org.apache.hadoop.http.lib.StaticUserWebFilter$StaticUserFilter) to context ozoneManager
2023-09-23 10:03:19,972 [main] INFO  http.HttpServer2 (HttpServer2.java:addFilter(1015)) - Added filter static_user_filter (class=org.apache.hadoop.http.lib.StaticUserWebFilter$StaticUserFilter) to context logs
2023-09-23 10:03:19,972 [main] INFO  http.HttpServer2 (HttpServer2.java:addFilter(1015)) - Added filter static_user_filter (class=org.apache.hadoop.http.lib.StaticUserWebFilter$StaticUserFilter) to context static
2023-09-23 10:03:19,973 [main] INFO  http.BaseHttpServer (BaseHttpServer.java:<init>(189)) - HTTP server of ozoneManager uses base directory /home/runner/work/ozone/ozone/hadoop-ozone/integration-test/target/test-dir/MiniOzoneClusterImpl-221a8c4e-c666-4dc9-898e-ead2ee9f568a/omNode-3/webserver
2023-09-23 10:03:19,973 [main] INFO  http.HttpServer2 (HttpServer2.java:bindListener(1231)) - Jetty bound to port 15013
2023-09-23 10:03:19,974 [main] INFO  server.Server (Server.java:doStart(375)) - jetty-9.4.52.v20230823; built: 2023-08-23T19:29:37.669Z; git: abdcda73818a1a2c705da276edb0bf6581e7997e; jvm 1.8.0_382-b05
2023-09-23 10:03:19,989 [main] INFO  server.session (DefaultSessionIdManager.java:doStart(334)) - DefaultSessionIdManager workerName=node0
2023-09-23 10:03:19,990 [main] INFO  server.session (DefaultSessionIdManager.java:doStart(339)) - No SessionScavenger set, using defaults
2023-09-23 10:03:19,990 [main] INFO  server.session (HouseKeeper.java:startScavenging(132)) - node0 Scavenging every 660000ms
2023-09-23 10:03:19,991 [main] INFO  handler.ContextHandler (ContextHandler.java:doStart(921)) - Started o.e.j.s.ServletContextHandler@49accbb4{logs,/logs,file:///home/runner/work/ozone/ozone/hadoop-ozone/integration-test/target/log,AVAILABLE}
2023-09-23 10:03:19,991 [main] INFO  handler.ContextHandler (ContextHandler.java:doStart(921)) - Started o.e.j.s.ServletContextHandler@6a78b0f3{static,/static,file:///home/runner/work/ozone/ozone/hadoop-ozone/integration-test/target/test-classes/webapps/static,AVAILABLE}
2023-09-23 10:03:20,000 [main] INFO  handler.ContextHandler (ContextHandler.java:doStart(921)) - Started o.e.j.w.WebAppContext@1b298857{ozoneManager,/,file:///home/runner/work/ozone/ozone/hadoop-ozone/integration-test/target/test-classes/webapps/ozoneManager/,AVAILABLE}{file:/home/runner/work/ozone/ozone/hadoop-ozone/integration-test/target/test-classes/webapps/ozoneManager}
2023-09-23 10:03:20,001 [main] INFO  server.AbstractConnector (AbstractConnector.java:doStart(333)) - Started ServerConnector@5e0209c{HTTP/1.1, (http/1.1)}{0.0.0.0:15013}
2023-09-23 10:03:20,001 [main] INFO  server.Server (Server.java:doStart(415)) - Started @11939ms
2023-09-23 10:03:20,001 [main] WARN  impl.MetricsSystemImpl (MetricsSystemImpl.java:register(279)) - Sink prometheus already exists!
2023-09-23 10:03:20,002 [main] INFO  http.BaseHttpServer (BaseHttpServer.java:updateConnectorAddress(354)) - HTTP server of ozoneManager listening at http://0.0.0.0:15013
2023-09-23 10:03:20,003 [IPC Server Responder] INFO  ipc.Server (Server.java:run(1562)) - IPC Server Responder: starting
2023-09-23 10:03:20,008 [main] INFO  om.OzoneManager (OzoneManager.java:startTrashEmptier(2101)) - Trash Interval set to 0. Files deleted won't move to trash
2023-09-23 10:03:20,009 [main] INFO  ozone.MiniOzoneHAClusterImpl (MiniOzoneHAClusterImpl.java:createOMService(505)) - Started OzoneManager omNode-3 RPC server at localhost/127.0.0.1:15012
2023-09-23 10:03:20,017 [IPC Server listener on 15012] INFO  ipc.Server (Server.java:run(1402)) - IPC Server listener on 15012: starting
2023-09-23 10:03:20,022 [grpc-default-executor-1] WARN  server.GrpcLogAppender (LogUtils.java:warn(122)) - omNode-1@group-523986131536->omNode-3-AppendLogResponseHandler: Failed appendEntries: org.apache.ratis.thirdparty.io.grpc.StatusRuntimeException: UNAVAILABLE: io exception
2023-09-23 10:03:20,023 [grpc-default-executor-2] WARN  server.GrpcLogAppender (LogUtils.java:warn(122)) - omNode-1@group-523986131536->omNode-3-AppendLogResponseHandler: Failed appendEntries: org.apache.ratis.thirdparty.io.grpc.StatusRuntimeException: UNAVAILABLE: io exception
2023-09-23 10:03:20,163 [main] WARN  impl.MetricRegistriesImpl (MetricRegistriesImpl.java:addReporterRegistration(111)) - New reporters are added after registries were created. Some metrics will be missing from the reporter. Please add reporter before adding any new registry.
2023-09-23 10:03:20,163 [main] WARN  impl.MetricRegistriesImpl (MetricRegistriesImpl.java:addReporterRegistration(111)) - New reporters are added after registries were created. Some metrics will be missing from the reporter. Please add reporter before adding any new registry.
2023-09-23 10:03:20,163 [main] INFO  impl.MetricsSystemImpl (MetricsSystemImpl.java:init(158)) - HddsDatanode metrics system started (again)
2023-09-23 10:03:20,182 [main] INFO  ozone.HddsDatanodeService (HddsDatanodeService.java:start(237)) - HddsDatanodeService host:fv-az1239-715 ip:10.1.0.12
2023-09-23 10:03:20,234 [main] INFO  upgrade.AbstractLayoutVersionManager (AbstractLayoutVersionManager.java:init(83)) - Initializing Layout version manager with metadata layout = HADOOP_PRC_PORTS_IN_DATANODEDETAILS (version = 7), software layout = HADOOP_PRC_PORTS_IN_DATANODEDETAILS (version = 7)
2023-09-23 10:03:20,240 [main] INFO  statemachine.DatanodeStateMachine (DatanodeStateMachine.java:getEndPointTaskThreadPoolSize(283)) - Datanode State Machine Task Thread Pool size 2
2023-09-23 10:03:20,280 [omNode-3-server-thread1] INFO  server.RaftServer$Division (ServerState.java:setLeader(317)) - omNode-3@group-523986131536: change Leader from null to omNode-1 at term 1 for appendEntries, leader elected after 954ms
2023-09-23 10:03:20,291 [omNode-3-server-thread1] INFO  server.RaftServer$Division (ServerState.java:setRaftConf(434)) - omNode-3@group-523986131536: set configuration 0: peers:[omNode-3|rpc:localhost:15015|admin:|client:|dataStream:|priority:0|startupRole:FOLLOWER, omNode-1|rpc:localhost:15007|admin:|client:|dataStream:|priority:0|startupRole:FOLLOWER, omNode-2|rpc:localhost:15011|admin:|client:|dataStream:|priority:0|startupRole:FOLLOWER]|listeners:[], old=null
2023-09-23 10:03:20,292 [omNode-3-server-thread1] INFO  segmented.SegmentedRaftLogWorker (SegmentedRaftLogWorker.java:startLogSegment(447)) - omNode-3@group-523986131536-SegmentedRaftLogWorker: Starting segment from index:0
2023-09-23 10:03:20,304 [omNode-3@group-523986131536-SegmentedRaftLogWorker] INFO  segmented.SegmentedRaftLogWorker (SegmentedRaftLogWorker.java:execute(651)) - omNode-3@group-523986131536-SegmentedRaftLogWorker: created new log segment /home/runner/work/ozone/ozone/hadoop-ozone/integration-test/target/test-dir/MiniOzoneClusterImpl-221a8c4e-c666-4dc9-898e-ead2ee9f568a/omNode-3/ratis/c9bc4cf4-3bc3-3c60-a66b-523986131536/current/log_inprogress_0
2023-09-23 10:03:20,306 [omNode-3@group-523986131536-StateMachineUpdater] INFO  ratis.OzoneManagerStateMachine (OzoneManagerStateMachine.java:notifyConfigurationChanged(202)) - Received Configuration change notification from Ratis. New Peer list:
[id: "omNode-3"
address: "localhost:15015"
startupRole: FOLLOWER
, id: "omNode-1"
address: "localhost:15007"
startupRole: FOLLOWER
, id: "omNode-2"
address: "localhost:15011"
startupRole: FOLLOWER
]
2023-09-23 10:03:20,318 [main] INFO  volume.HddsVolume (HddsVolume.java:<init>(126)) - Creating HddsVolume: /home/runner/work/ozone/ozone/hadoop-ozone/integration-test/target/test-dir/MiniOzoneClusterImpl-221a8c4e-c666-4dc9-898e-ead2ee9f568a/datanode-0/data-0/containers/hdds of storage type : DISK capacity : 9223372036854775807
2023-09-23 10:03:20,320 [main] INFO  volume.MutableVolumeSet (MutableVolumeSet.java:initializeVolumeSet(173)) - Added Volume : /home/runner/work/ozone/ozone/hadoop-ozone/integration-test/target/test-dir/MiniOzoneClusterImpl-221a8c4e-c666-4dc9-898e-ead2ee9f568a/datanode-0/data-0/containers/hdds to VolumeSet
2023-09-23 10:03:20,323 [main] INFO  volume.MutableVolumeSet (MutableVolumeSet.java:initializeVolumeSet(173)) - Added Volume : /home/runner/work/ozone/ozone/hadoop-ozone/integration-test/target/test-dir/MiniOzoneClusterImpl-221a8c4e-c666-4dc9-898e-ead2ee9f568a/datanode-0/data/ratis to VolumeSet
2023-09-23 10:03:20,336 [Thread-262] INFO  ozoneimpl.ContainerReader (ContainerReader.java:readVolume(177)) - Finish verifying containers on volume /home/runner/work/ozone/ozone/hadoop-ozone/integration-test/target/test-dir/MiniOzoneClusterImpl-221a8c4e-c666-4dc9-898e-ead2ee9f568a/datanode-0/data-0/containers/hdds
2023-09-23 10:03:20,337 [main] INFO  ozoneimpl.OzoneContainer (OzoneContainer.java:buildContainerSet(314)) - Build ContainerSet costs 0s
2023-09-23 10:03:20,398 [main] INFO  audit.AuditLogger (AuditLogger.java:refreshDebugCmdSet(126)) - Refresh DebugCmdSet for DNAudit to [].
2023-09-23 10:03:20,433 [main] INFO  server.RaftServer (ConfUtils.java:logGet(46)) - raft.rpc.type = GRPC (default)
2023-09-23 10:03:20,433 [main] INFO  grpc.GrpcConfigKeys (ConfUtils.java:logFallback(53)) - raft.grpc.admin.host = null (fallback to raft.grpc.server.host)
2023-09-23 10:03:20,433 [main] INFO  grpc.GrpcConfigKeys (ConfUtils.java:logGet(46)) - raft.grpc.admin.port = 15021 (custom)
2023-09-23 10:03:20,433 [main] INFO  grpc.GrpcConfigKeys (ConfUtils.java:logFallback(53)) - raft.grpc.client.host = null (fallback to raft.grpc.server.host)
2023-09-23 10:03:20,434 [main] INFO  grpc.GrpcConfigKeys (ConfUtils.java:logGet(46)) - raft.grpc.client.port = 15020 (custom)
2023-09-23 10:03:20,434 [main] INFO  grpc.GrpcConfigKeys (ConfUtils.java:logGet(46)) - raft.grpc.server.host = null (default)
2023-09-23 10:03:20,434 [main] INFO  grpc.GrpcConfigKeys (ConfUtils.java:logGet(46)) - raft.grpc.server.port = 15022 (custom)
2023-09-23 10:03:20,434 [main] INFO  server.GrpcService (ConfUtils.java:logGet(46)) - raft.grpc.message.size.max = 32MB (=33554432) (custom)
2023-09-23 10:03:20,434 [main] INFO  server.RaftServerConfigKeys (ConfUtils.java:logGet(46)) - raft.server.log.appender.buffer.byte-limit = 33554432 (custom)
2023-09-23 10:03:20,434 [main] INFO  server.GrpcService (ConfUtils.java:logGet(46)) - raft.grpc.flow.control.window = 5MB (=5242880) (custom)
2023-09-23 10:03:20,435 [main] INFO  server.RaftServerConfigKeys (ConfUtils.java:logGet(46)) - raft.server.rpc.request.timeout = 60s (custom)
2023-09-23 10:03:20,435 [main] INFO  grpc.GrpcConfigKeys (ConfUtils.java:logGet(46)) - raft.grpc.server.heartbeat.channel = true (default)
2023-09-23 10:03:20,435 [main] INFO  grpc.GrpcConfigKeys (ConfUtils.java:logGet(46)) - raft.grpc.server.async.request.thread.pool.cached = true (default)
2023-09-23 10:03:20,435 [main] INFO  grpc.GrpcConfigKeys (ConfUtils.java:logGet(46)) - raft.grpc.server.async.request.thread.pool.size = 32 (default)
2023-09-23 10:03:20,439 [main] INFO  impl.DataStreamServerImpl (ConfUtils.java:logGet(46)) - raft.datastream.type = NETTY (custom)
2023-09-23 10:03:20,448 [main] INFO  server.RaftServerConfigKeys (ConfUtils.java:logGet(46)) - raft.server.data-stream.async.request.thread.pool.cached = false (default)
2023-09-23 10:03:20,448 [main] INFO  server.RaftServerConfigKeys (ConfUtils.java:logGet(46)) - raft.server.data-stream.async.request.thread.pool.size = 20 (custom)
2023-09-23 10:03:20,449 [main] INFO  server.RaftServerConfigKeys (ConfUtils.java:logGet(46)) - raft.server.data-stream.async.write.thread.pool.size = 16 (default)
2023-09-23 10:03:20,450 [main] INFO  server.RaftServerConfigKeys (ConfUtils.java:logGet(46)) - raft.server.data-stream.client.pool.size = 10 (default)
2023-09-23 10:03:20,454 [main] INFO  netty.NettyConfigKeys$DataStream (ConfUtils.java:logGet(46)) - raft.netty.dataStream.server.use-epoll = false (default)
2023-09-23 10:03:20,454 [main] INFO  netty.NettyConfigKeys$DataStream (ConfUtils.java:logGet(46)) - raft.netty.dataStream.server.boss-group.size = 0 (default)
2023-09-23 10:03:20,463 [main] INFO  netty.NettyConfigKeys$DataStream (ConfUtils.java:logGet(46)) - raft.netty.dataStream.server.worker-group.size = 0 (default)
2023-09-23 10:03:20,464 [main] INFO  netty.NettyConfigKeys$DataStream (ConfUtils.java:logGet(46)) - raft.netty.dataStream.server.tls.conf = null (default)
2023-09-23 10:03:20,465 [main] INFO  netty.NettyConfigKeys$DataStream (ConfUtils.java:logGet(46)) - raft.netty.dataStream.host = null (default)
2023-09-23 10:03:20,466 [main] INFO  netty.NettyConfigKeys$DataStream (ConfUtils.java:logGet(46)) - raft.netty.dataStream.port = 15023 (custom)
2023-09-23 10:03:20,477 [main] INFO  server.RaftServerConfigKeys (ConfUtils.java:logGet(46)) - raft.server.threadpool.proxy.cached = true (default)
2023-09-23 10:03:20,477 [main] INFO  server.RaftServerConfigKeys (ConfUtils.java:logGet(46)) - raft.server.threadpool.proxy.size = 0 (default)
2023-09-23 10:03:20,477 [main] INFO  server.RaftServerConfigKeys (ConfUtils.java:logGet(46)) - raft.server.rpc.slowness.timeout = 300s (custom)
2023-09-23 10:03:20,477 [main] INFO  server.RaftServerConfigKeys (ConfUtils.java:logGet(46)) - raft.server.leaderelection.leader.step-down.wait-time = 10s (default)
2023-09-23 10:03:20,477 [main] INFO  server.RaftServerConfigKeys (ConfUtils.java:logGet(46)) - raft.server.storage.dir = [/home/runner/work/ozone/ozone/hadoop-ozone/integration-test/target/test-dir/MiniOzoneClusterImpl-221a8c4e-c666-4dc9-898e-ead2ee9f568a/datanode-0/data/ratis] (custom)
2023-09-23 10:03:20,478 [203410cb-dfdd-4fe6-97b8-0fcafe0a2a8c-impl-thread1] INFO  server.RaftServer (RaftServerProxy.java:initGroupDir(258)) - 203410cb-dfdd-4fe6-97b8-0fcafe0a2a8c: found a subdirectory /home/runner/work/ozone/ozone/hadoop-ozone/integration-test/target/test-dir/MiniOzoneClusterImpl-221a8c4e-c666-4dc9-898e-ead2ee9f568a/datanode-0/data/ratis/tmp
2023-09-23 10:03:20,481 [203410cb-dfdd-4fe6-97b8-0fcafe0a2a8c-impl-thread1] INFO  server.RaftServer (RaftServerProxy.java:initGroupDir(263)) - 203410cb-dfdd-4fe6-97b8-0fcafe0a2a8c: The directory /home/runner/work/ozone/ozone/hadoop-ozone/integration-test/target/test-dir/MiniOzoneClusterImpl-221a8c4e-c666-4dc9-898e-ead2ee9f568a/datanode-0/data/ratis/tmp is not a group directory; ignoring it. 
2023-09-23 10:03:20,483 [main] INFO  replication.ReplicationServer (ReplicationServer.java:<init>(83)) - Initializing replication server with thread count = 10 queue length = 4096
2023-09-23 10:03:20,498 [203410cb-dfdd-4fe6-97b8-0fcafe0a2a8c-NettyServerStreamRpc-bossGroup--thread1] INFO  logging.LoggingHandler (AbstractInternalLogger.java:log(148)) - [id: 0x47319be2] REGISTERED
2023-09-23 10:03:20,499 [203410cb-dfdd-4fe6-97b8-0fcafe0a2a8c-NettyServerStreamRpc-bossGroup--thread1] INFO  logging.LoggingHandler (AbstractInternalLogger.java:log(148)) - [id: 0x47319be2] BIND: 0.0.0.0/0.0.0.0:15023
2023-09-23 10:03:20,501 [203410cb-dfdd-4fe6-97b8-0fcafe0a2a8c-NettyServerStreamRpc-bossGroup--thread1] INFO  logging.LoggingHandler (AbstractInternalLogger.java:log(148)) - [id: 0x47319be2, L:/0:0:0:0:0:0:0:0:15023] ACTIVE
2023-09-23 10:03:20,505 [main] INFO  server.XceiverServerGrpc (XceiverServerGrpc.java:<init>(132)) - GrpcServer channel type EpollServerSocketChannel
2023-09-23 10:03:20,545 [main] INFO  replication.ReplicationSupervisor (ReplicationSupervisor.java:build(155)) - Initializing replication supervisor with thread count = 10
2023-09-23 10:03:20,546 [main] INFO  replication.ReplicationSupervisor (ReplicationSupervisor.java:nodeStateUpdated(307)) - Node state updated to IN_SERVICE, scaling executor pool size to 10
2023-09-23 10:03:20,610 [main] INFO  http.BaseHttpServer (BaseHttpServer.java:newHttpServer2BuilderForOzone(223)) - Starting Web-server for hddsDatanode at: http://0.0.0.0:15017
2023-09-23 10:03:20,610 [main] INFO  http.BaseHttpServer (BaseHttpServer.java:<init>(110)) - Hadoop Security Enabled: false Ozone Security Enabled: false Ozone HTTP Security Enabled: false 
2023-09-23 10:03:20,612 [main] WARN  server.AuthenticationFilter (AuthenticationFilter.java:constructSecretProvider(240)) - Unable to initialize FileSignerSecretProvider, falling back to use random secrets. Reason: Could not read signature secret file: /home/runner/hadoop-http-auth-signature-secret
2023-09-23 10:03:20,613 [main] INFO  http.HttpRequestLog (HttpRequestLog.java:getRequestLog(86)) - Http request log for http.requests.hddsDatanode is not defined
2023-09-23 10:03:20,615 [main] INFO  http.HttpServer2 (HttpServer2.java:addGlobalFilter(1031)) - Added global filter 'safety' (class=org.apache.hadoop.hdds.server.http.HttpServer2$QuotingInputFilter)
2023-09-23 10:03:20,615 [main] INFO  http.HttpServer2 (HttpServer2.java:addFilter(1007)) - Added filter static_user_filter (class=org.apache.hadoop.http.lib.StaticUserWebFilter$StaticUserFilter) to context hddsDatanode
2023-09-23 10:03:20,615 [main] INFO  http.HttpServer2 (HttpServer2.java:addFilter(1015)) - Added filter static_user_filter (class=org.apache.hadoop.http.lib.StaticUserWebFilter$StaticUserFilter) to context static
2023-09-23 10:03:20,616 [main] INFO  http.HttpServer2 (HttpServer2.java:addFilter(1015)) - Added filter static_user_filter (class=org.apache.hadoop.http.lib.StaticUserWebFilter$StaticUserFilter) to context logs
2023-09-23 10:03:20,616 [main] INFO  http.BaseHttpServer (BaseHttpServer.java:<init>(189)) - HTTP server of hddsDatanode uses base directory /home/runner/work/ozone/ozone/hadoop-ozone/integration-test/target/test-dir/MiniOzoneClusterImpl-221a8c4e-c666-4dc9-898e-ead2ee9f568a/datanode-0/meta/webserver
2023-09-23 10:03:20,617 [main] INFO  http.HttpServer2 (HttpServer2.java:bindListener(1231)) - Jetty bound to port 15017
2023-09-23 10:03:20,618 [main] INFO  server.Server (Server.java:doStart(375)) - jetty-9.4.52.v20230823; built: 2023-08-23T19:29:37.669Z; git: abdcda73818a1a2c705da276edb0bf6581e7997e; jvm 1.8.0_382-b05
2023-09-23 10:03:20,620 [main] INFO  server.session (DefaultSessionIdManager.java:doStart(334)) - DefaultSessionIdManager workerName=node0
2023-09-23 10:03:20,621 [main] INFO  server.session (DefaultSessionIdManager.java:doStart(339)) - No SessionScavenger set, using defaults
2023-09-23 10:03:20,622 [main] INFO  server.session (HouseKeeper.java:startScavenging(132)) - node0 Scavenging every 600000ms
2023-09-23 10:03:20,630 [main] INFO  handler.ContextHandler (ContextHandler.java:doStart(921)) - Started o.e.j.s.ServletContextHandler@1ebfb7b6{logs,/logs,file:///home/runner/work/ozone/ozone/hadoop-ozone/integration-test/target/log,AVAILABLE}
2023-09-23 10:03:20,631 [main] INFO  handler.ContextHandler (ContextHandler.java:doStart(921)) - Started o.e.j.s.ServletContextHandler@da36314{static,/static,jar:file:/home/runner/.m2/repository/org/apache/ozone/hdds-container-service/1.4.0-SNAPSHOT/hdds-container-service-1.4.0-SNAPSHOT.jar!/webapps/static,AVAILABLE}
2023-09-23 10:03:20,872 [main] INFO  handler.ContextHandler (ContextHandler.java:doStart(921)) - Started o.e.j.w.WebAppContext@45aa3e5b{hddsDatanode,/,file:///home/runner/work/ozone/ozone/hadoop-ozone/integration-test/target/test-dir/MiniOzoneClusterImpl-221a8c4e-c666-4dc9-898e-ead2ee9f568a/datanode-0/meta/webserver/jetty-0_0_0_0-15017-hdds-container-service-1_4_0-SNAPSHOT_jar-_-any-3645933588949062523/webapp/,AVAILABLE}{jar:file:/home/runner/.m2/repository/org/apache/ozone/hdds-container-service/1.4.0-SNAPSHOT/hdds-container-service-1.4.0-SNAPSHOT.jar!/webapps/hddsDatanode}
2023-09-23 10:03:20,874 [main] INFO  server.AbstractConnector (AbstractConnector.java:doStart(333)) - Started ServerConnector@26199930{HTTP/1.1, (http/1.1)}{0.0.0.0:15017}
2023-09-23 10:03:20,874 [main] INFO  server.Server (Server.java:doStart(415)) - Started @12812ms
2023-09-23 10:03:20,874 [main] WARN  impl.MetricsSystemImpl (MetricsSystemImpl.java:register(279)) - Sink prometheus already exists!
2023-09-23 10:03:20,875 [main] INFO  http.BaseHttpServer (BaseHttpServer.java:updateConnectorAddress(354)) - HTTP server of hddsDatanode listening at http://0.0.0.0:15017
2023-09-23 10:03:20,878 [main] INFO  ipc.CallQueueManager (CallQueueManager.java:<init>(90)) - Using callQueue: class java.util.concurrent.LinkedBlockingQueue, queueCapacity: 100, scheduler: class org.apache.hadoop.ipc.DefaultRpcScheduler, ipcBackoff: false.
2023-09-23 10:03:20,879 [main] INFO  ipc.Server (Server.java:<init>(1287)) - Listener at 0.0.0.0:15018
2023-09-23 10:03:20,880 [Socket Reader #1 for port 15018] INFO  ipc.Server (Server.java:run(1323)) - Starting Socket Reader #1 for port 15018
2023-09-23 10:03:20,890 [main] INFO  ozone.HddsDatanodeService (HddsDatanodeService.java:start(315)) - Datanode start with admins: [*, runner]
2023-09-23 10:03:20,890 [main] INFO  ozone.HddsDatanodeClientProtocolServer (HddsDatanodeClientProtocolServer.java:start(72)) - RPC server for Client /0.0.0.0:15018
2023-09-23 10:03:20,893 [IPC Server Responder] INFO  ipc.Server (Server.java:run(1562)) - IPC Server Responder: starting
2023-09-23 10:03:20,894 [IPC Server listener on 15018] INFO  ipc.Server (Server.java:run(1402)) - IPC Server listener on 15018: starting
2023-09-23 10:03:20,902 [main] WARN  impl.MetricRegistriesImpl (MetricRegistriesImpl.java:addReporterRegistration(111)) - New reporters are added after registries were created. Some metrics will be missing from the reporter. Please add reporter before adding any new registry.
2023-09-23 10:03:20,902 [main] WARN  impl.MetricRegistriesImpl (MetricRegistriesImpl.java:addReporterRegistration(111)) - New reporters are added after registries were created. Some metrics will be missing from the reporter. Please add reporter before adding any new registry.
2023-09-23 10:03:20,903 [main] INFO  impl.MetricsSystemImpl (MetricsSystemImpl.java:init(158)) - HddsDatanode metrics system started (again)
2023-09-23 10:03:20,903 [Datanode State Machine Daemon Thread] INFO  statemachine.DatanodeStateMachine (DatanodeStateMachine.java:lambda$startDaemon$0(539)) - Ozone container server started.
2023-09-23 10:03:20,917 [main] INFO  ozone.HddsDatanodeService (HddsDatanodeService.java:start(237)) - HddsDatanodeService host:fv-az1239-715 ip:10.1.0.12
2023-09-23 10:03:20,958 [main] INFO  upgrade.AbstractLayoutVersionManager (AbstractLayoutVersionManager.java:init(83)) - Initializing Layout version manager with metadata layout = HADOOP_PRC_PORTS_IN_DATANODEDETAILS (version = 7), software layout = HADOOP_PRC_PORTS_IN_DATANODEDETAILS (version = 7)
2023-09-23 10:03:20,960 [main] INFO  statemachine.DatanodeStateMachine (DatanodeStateMachine.java:getEndPointTaskThreadPoolSize(283)) - Datanode State Machine Task Thread Pool size 2
2023-09-23 10:03:20,973 [main] INFO  volume.HddsVolume (HddsVolume.java:<init>(126)) - Creating HddsVolume: /home/runner/work/ozone/ozone/hadoop-ozone/integration-test/target/test-dir/MiniOzoneClusterImpl-221a8c4e-c666-4dc9-898e-ead2ee9f568a/datanode-1/data-0/containers/hdds of storage type : DISK capacity : 9223372036854775807
2023-09-23 10:03:20,973 [main] INFO  volume.MutableVolumeSet (MutableVolumeSet.java:initializeVolumeSet(173)) - Added Volume : /home/runner/work/ozone/ozone/hadoop-ozone/integration-test/target/test-dir/MiniOzoneClusterImpl-221a8c4e-c666-4dc9-898e-ead2ee9f568a/datanode-1/data-0/containers/hdds to VolumeSet
2023-09-23 10:03:20,980 [main] INFO  volume.MutableVolumeSet (MutableVolumeSet.java:initializeVolumeSet(173)) - Added Volume : /home/runner/work/ozone/ozone/hadoop-ozone/integration-test/target/test-dir/MiniOzoneClusterImpl-221a8c4e-c666-4dc9-898e-ead2ee9f568a/datanode-1/data/ratis to VolumeSet
2023-09-23 10:03:20,986 [Thread-279] INFO  ozoneimpl.ContainerReader (ContainerReader.java:readVolume(177)) - Finish verifying containers on volume /home/runner/work/ozone/ozone/hadoop-ozone/integration-test/target/test-dir/MiniOzoneClusterImpl-221a8c4e-c666-4dc9-898e-ead2ee9f568a/datanode-1/data-0/containers/hdds
2023-09-23 10:03:20,989 [main] INFO  ozoneimpl.OzoneContainer (OzoneContainer.java:buildContainerSet(314)) - Build ContainerSet costs 0s
2023-09-23 10:03:20,996 [main] INFO  server.RaftServer (ConfUtils.java:logGet(46)) - raft.rpc.type = GRPC (default)
2023-09-23 10:03:20,996 [main] INFO  grpc.GrpcConfigKeys (ConfUtils.java:logFallback(53)) - raft.grpc.admin.host = null (fallback to raft.grpc.server.host)
2023-09-23 10:03:20,996 [main] INFO  grpc.GrpcConfigKeys (ConfUtils.java:logGet(46)) - raft.grpc.admin.port = 15030 (custom)
2023-09-23 10:03:20,996 [main] INFO  grpc.GrpcConfigKeys (ConfUtils.java:logFallback(53)) - raft.grpc.client.host = null (fallback to raft.grpc.server.host)
2023-09-23 10:03:20,996 [main] INFO  grpc.GrpcConfigKeys (ConfUtils.java:logGet(46)) - raft.grpc.client.port = 15029 (custom)
2023-09-23 10:03:20,997 [main] INFO  grpc.GrpcConfigKeys (ConfUtils.java:logGet(46)) - raft.grpc.server.host = null (default)
2023-09-23 10:03:20,998 [main] INFO  grpc.GrpcConfigKeys (ConfUtils.java:logGet(46)) - raft.grpc.server.port = 15031 (custom)
2023-09-23 10:03:20,998 [main] INFO  server.GrpcService (ConfUtils.java:logGet(46)) - raft.grpc.message.size.max = 32MB (=33554432) (custom)
2023-09-23 10:03:20,998 [main] INFO  server.RaftServerConfigKeys (ConfUtils.java:logGet(46)) - raft.server.log.appender.buffer.byte-limit = 33554432 (custom)
2023-09-23 10:03:20,998 [main] INFO  server.GrpcService (ConfUtils.java:logGet(46)) - raft.grpc.flow.control.window = 5MB (=5242880) (custom)
2023-09-23 10:03:20,999 [main] INFO  server.RaftServerConfigKeys (ConfUtils.java:logGet(46)) - raft.server.rpc.request.timeout = 60s (custom)
2023-09-23 10:03:20,999 [main] INFO  grpc.GrpcConfigKeys (ConfUtils.java:logGet(46)) - raft.grpc.server.heartbeat.channel = true (default)
2023-09-23 10:03:21,000 [main] INFO  grpc.GrpcConfigKeys (ConfUtils.java:logGet(46)) - raft.grpc.server.async.request.thread.pool.cached = true (default)
2023-09-23 10:03:21,000 [main] INFO  grpc.GrpcConfigKeys (ConfUtils.java:logGet(46)) - raft.grpc.server.async.request.thread.pool.size = 32 (default)
2023-09-23 10:03:21,007 [main] INFO  impl.DataStreamServerImpl (ConfUtils.java:logGet(46)) - raft.datastream.type = NETTY (custom)
2023-09-23 10:03:21,007 [main] INFO  server.RaftServerConfigKeys (ConfUtils.java:logGet(46)) - raft.server.data-stream.async.request.thread.pool.cached = false (default)
2023-09-23 10:03:21,008 [main] INFO  server.RaftServerConfigKeys (ConfUtils.java:logGet(46)) - raft.server.data-stream.async.request.thread.pool.size = 20 (custom)
2023-09-23 10:03:21,009 [main] INFO  server.RaftServerConfigKeys (ConfUtils.java:logGet(46)) - raft.server.data-stream.async.write.thread.pool.size = 16 (default)
2023-09-23 10:03:21,009 [main] INFO  server.RaftServerConfigKeys (ConfUtils.java:logGet(46)) - raft.server.data-stream.client.pool.size = 10 (default)
2023-09-23 10:03:21,009 [main] INFO  netty.NettyConfigKeys$DataStream (ConfUtils.java:logGet(46)) - raft.netty.dataStream.server.use-epoll = false (default)
2023-09-23 10:03:21,009 [main] INFO  netty.NettyConfigKeys$DataStream (ConfUtils.java:logGet(46)) - raft.netty.dataStream.server.boss-group.size = 0 (default)
2023-09-23 10:03:21,011 [main] INFO  netty.NettyConfigKeys$DataStream (ConfUtils.java:logGet(46)) - raft.netty.dataStream.server.worker-group.size = 0 (default)
2023-09-23 10:03:21,011 [main] INFO  netty.NettyConfigKeys$DataStream (ConfUtils.java:logGet(46)) - raft.netty.dataStream.server.tls.conf = null (default)
2023-09-23 10:03:21,012 [main] INFO  netty.NettyConfigKeys$DataStream (ConfUtils.java:logGet(46)) - raft.netty.dataStream.host = null (default)
2023-09-23 10:03:21,013 [main] INFO  netty.NettyConfigKeys$DataStream (ConfUtils.java:logGet(46)) - raft.netty.dataStream.port = 15032 (custom)
2023-09-23 10:03:21,016 [main] INFO  server.RaftServerConfigKeys (ConfUtils.java:logGet(46)) - raft.server.threadpool.proxy.cached = true (default)
2023-09-23 10:03:21,016 [main] INFO  server.RaftServerConfigKeys (ConfUtils.java:logGet(46)) - raft.server.threadpool.proxy.size = 0 (default)
2023-09-23 10:03:21,017 [main] INFO  server.RaftServerConfigKeys (ConfUtils.java:logGet(46)) - raft.server.rpc.slowness.timeout = 300s (custom)
2023-09-23 10:03:21,017 [main] INFO  server.RaftServerConfigKeys (ConfUtils.java:logGet(46)) - raft.server.leaderelection.leader.step-down.wait-time = 10s (default)
2023-09-23 10:03:21,017 [main] INFO  server.RaftServerConfigKeys (ConfUtils.java:logGet(46)) - raft.server.storage.dir = [/home/runner/work/ozone/ozone/hadoop-ozone/integration-test/target/test-dir/MiniOzoneClusterImpl-221a8c4e-c666-4dc9-898e-ead2ee9f568a/datanode-1/data/ratis] (custom)
2023-09-23 10:03:21,020 [e645d312-f019-43dd-9582-b1afb9dcfe8b-NettyServerStreamRpc-bossGroup--thread1] INFO  logging.LoggingHandler (AbstractInternalLogger.java:log(148)) - [id: 0xfec768d0] REGISTERED
2023-09-23 10:03:21,029 [e645d312-f019-43dd-9582-b1afb9dcfe8b-NettyServerStreamRpc-bossGroup--thread1] INFO  logging.LoggingHandler (AbstractInternalLogger.java:log(148)) - [id: 0xfec768d0] BIND: 0.0.0.0/0.0.0.0:15032
2023-09-23 10:03:21,030 [e645d312-f019-43dd-9582-b1afb9dcfe8b-NettyServerStreamRpc-bossGroup--thread1] INFO  logging.LoggingHandler (AbstractInternalLogger.java:log(148)) - [id: 0xfec768d0, L:/0:0:0:0:0:0:0:0:15032] ACTIVE
2023-09-23 10:03:21,038 [e645d312-f019-43dd-9582-b1afb9dcfe8b-impl-thread1] INFO  server.RaftServer (RaftServerProxy.java:initGroupDir(258)) - e645d312-f019-43dd-9582-b1afb9dcfe8b: found a subdirectory /home/runner/work/ozone/ozone/hadoop-ozone/integration-test/target/test-dir/MiniOzoneClusterImpl-221a8c4e-c666-4dc9-898e-ead2ee9f568a/datanode-1/data/ratis/tmp
2023-09-23 10:03:21,038 [e645d312-f019-43dd-9582-b1afb9dcfe8b-impl-thread1] INFO  server.RaftServer (RaftServerProxy.java:initGroupDir(263)) - e645d312-f019-43dd-9582-b1afb9dcfe8b: The directory /home/runner/work/ozone/ozone/hadoop-ozone/integration-test/target/test-dir/MiniOzoneClusterImpl-221a8c4e-c666-4dc9-898e-ead2ee9f568a/datanode-1/data/ratis/tmp is not a group directory; ignoring it. 
2023-09-23 10:03:21,038 [main] INFO  replication.ReplicationServer (ReplicationServer.java:<init>(83)) - Initializing replication server with thread count = 10 queue length = 4096
2023-09-23 10:03:21,040 [main] INFO  server.XceiverServerGrpc (XceiverServerGrpc.java:<init>(132)) - GrpcServer channel type EpollServerSocketChannel
2023-09-23 10:03:21,042 [main] INFO  replication.ReplicationSupervisor (ReplicationSupervisor.java:build(155)) - Initializing replication supervisor with thread count = 10
2023-09-23 10:03:21,051 [main] INFO  replication.ReplicationSupervisor (ReplicationSupervisor.java:nodeStateUpdated(307)) - Node state updated to IN_SERVICE, scaling executor pool size to 10
2023-09-23 10:03:21,058 [main] INFO  http.BaseHttpServer (BaseHttpServer.java:newHttpServer2BuilderForOzone(223)) - Starting Web-server for hddsDatanode at: http://0.0.0.0:15026
2023-09-23 10:03:21,058 [main] INFO  http.BaseHttpServer (BaseHttpServer.java:<init>(110)) - Hadoop Security Enabled: false Ozone Security Enabled: false Ozone HTTP Security Enabled: false 
2023-09-23 10:03:21,059 [omNode-3@group-523986131536-FollowerState] INFO  server.RaftServerConfigKeys (ConfUtils.java:logFallback(53)) - raft.server.rpc.first-election.timeout.min = 1s (fallback to raft.server.rpc.timeout.min)
2023-09-23 10:03:21,059 [omNode-3@group-523986131536-FollowerState] INFO  server.RaftServerConfigKeys (ConfUtils.java:logFallback(53)) - raft.server.rpc.first-election.timeout.max = 1200ms (fallback to raft.server.rpc.timeout.max)
2023-09-23 10:03:21,060 [main] WARN  server.AuthenticationFilter (AuthenticationFilter.java:constructSecretProvider(240)) - Unable to initialize FileSignerSecretProvider, falling back to use random secrets. Reason: Could not read signature secret file: /home/runner/hadoop-http-auth-signature-secret
2023-09-23 10:03:21,066 [main] INFO  http.HttpRequestLog (HttpRequestLog.java:getRequestLog(86)) - Http request log for http.requests.hddsDatanode is not defined
2023-09-23 10:03:21,067 [main] INFO  http.HttpServer2 (HttpServer2.java:addGlobalFilter(1031)) - Added global filter 'safety' (class=org.apache.hadoop.hdds.server.http.HttpServer2$QuotingInputFilter)
2023-09-23 10:03:21,068 [main] INFO  http.HttpServer2 (HttpServer2.java:addFilter(1007)) - Added filter static_user_filter (class=org.apache.hadoop.http.lib.StaticUserWebFilter$StaticUserFilter) to context hddsDatanode
2023-09-23 10:03:21,068 [main] INFO  http.HttpServer2 (HttpServer2.java:addFilter(1015)) - Added filter static_user_filter (class=org.apache.hadoop.http.lib.StaticUserWebFilter$StaticUserFilter) to context static
2023-09-23 10:03:21,068 [main] INFO  http.HttpServer2 (HttpServer2.java:addFilter(1015)) - Added filter static_user_filter (class=org.apache.hadoop.http.lib.StaticUserWebFilter$StaticUserFilter) to context logs
2023-09-23 10:03:21,069 [main] INFO  http.BaseHttpServer (BaseHttpServer.java:<init>(189)) - HTTP server of hddsDatanode uses base directory /home/runner/work/ozone/ozone/hadoop-ozone/integration-test/target/test-dir/MiniOzoneClusterImpl-221a8c4e-c666-4dc9-898e-ead2ee9f568a/datanode-1/meta/webserver
2023-09-23 10:03:21,069 [main] INFO  http.HttpServer2 (HttpServer2.java:bindListener(1231)) - Jetty bound to port 15026
2023-09-23 10:03:21,070 [main] INFO  server.Server (Server.java:doStart(375)) - jetty-9.4.52.v20230823; built: 2023-08-23T19:29:37.669Z; git: abdcda73818a1a2c705da276edb0bf6581e7997e; jvm 1.8.0_382-b05
2023-09-23 10:03:21,095 [main] INFO  server.session (DefaultSessionIdManager.java:doStart(334)) - DefaultSessionIdManager workerName=node0
2023-09-23 10:03:21,096 [main] INFO  server.session (DefaultSessionIdManager.java:doStart(339)) - No SessionScavenger set, using defaults
2023-09-23 10:03:21,096 [main] INFO  server.session (HouseKeeper.java:startScavenging(132)) - node0 Scavenging every 660000ms
2023-09-23 10:03:21,106 [main] INFO  handler.ContextHandler (ContextHandler.java:doStart(921)) - Started o.e.j.s.ServletContextHandler@2c646678{logs,/logs,file:///home/runner/work/ozone/ozone/hadoop-ozone/integration-test/target/log,AVAILABLE}
2023-09-23 10:03:21,106 [main] INFO  handler.ContextHandler (ContextHandler.java:doStart(921)) - Started o.e.j.s.ServletContextHandler@1ba6d195{static,/static,jar:file:/home/runner/.m2/repository/org/apache/ozone/hdds-container-service/1.4.0-SNAPSHOT/hdds-container-service-1.4.0-SNAPSHOT.jar!/webapps/static,AVAILABLE}
2023-09-23 10:03:21,135 [Datanode State Machine Task Thread - 0] INFO  datanode.InitDatanodeState (InitDatanodeState.java:persistContainerDatanodeDetails(138)) - DatanodeDetails is persisted to /home/runner/work/ozone/ozone/hadoop-ozone/integration-test/target/test-dir/MiniOzoneClusterImpl-221a8c4e-c666-4dc9-898e-ead2ee9f568a/datanode-0/meta/datanode.id
2023-09-23 10:03:21,332 [main] INFO  handler.ContextHandler (ContextHandler.java:doStart(921)) - Started o.e.j.w.WebAppContext@3e94ff8a{hddsDatanode,/,file:///home/runner/work/ozone/ozone/hadoop-ozone/integration-test/target/test-dir/MiniOzoneClusterImpl-221a8c4e-c666-4dc9-898e-ead2ee9f568a/datanode-1/meta/webserver/jetty-0_0_0_0-15026-hdds-container-service-1_4_0-SNAPSHOT_jar-_-any-591299328580564631/webapp/,AVAILABLE}{jar:file:/home/runner/.m2/repository/org/apache/ozone/hdds-container-service/1.4.0-SNAPSHOT/hdds-container-service-1.4.0-SNAPSHOT.jar!/webapps/hddsDatanode}
2023-09-23 10:03:21,333 [main] INFO  server.AbstractConnector (AbstractConnector.java:doStart(333)) - Started ServerConnector@c989407{HTTP/1.1, (http/1.1)}{0.0.0.0:15026}
2023-09-23 10:03:21,334 [main] INFO  server.Server (Server.java:doStart(415)) - Started @13271ms
2023-09-23 10:03:21,334 [main] WARN  impl.MetricsSystemImpl (MetricsSystemImpl.java:register(279)) - Sink prometheus already exists!
2023-09-23 10:03:21,334 [main] INFO  http.BaseHttpServer (BaseHttpServer.java:updateConnectorAddress(354)) - HTTP server of hddsDatanode listening at http://0.0.0.0:15026
2023-09-23 10:03:21,335 [main] INFO  ipc.CallQueueManager (CallQueueManager.java:<init>(90)) - Using callQueue: class java.util.concurrent.LinkedBlockingQueue, queueCapacity: 100, scheduler: class org.apache.hadoop.ipc.DefaultRpcScheduler, ipcBackoff: false.
2023-09-23 10:03:21,335 [main] INFO  ipc.Server (Server.java:<init>(1287)) - Listener at 0.0.0.0:15027
2023-09-23 10:03:21,336 [Socket Reader #1 for port 15027] INFO  ipc.Server (Server.java:run(1323)) - Starting Socket Reader #1 for port 15027
2023-09-23 10:03:21,345 [main] INFO  ozone.HddsDatanodeService (HddsDatanodeService.java:start(315)) - Datanode start with admins: [*, runner]
2023-09-23 10:03:21,346 [main] INFO  ozone.HddsDatanodeClientProtocolServer (HddsDatanodeClientProtocolServer.java:start(72)) - RPC server for Client /0.0.0.0:15027
2023-09-23 10:03:21,346 [IPC Server Responder] INFO  ipc.Server (Server.java:run(1562)) - IPC Server Responder: starting
2023-09-23 10:03:21,352 [Datanode State Machine Daemon Thread] INFO  statemachine.DatanodeStateMachine (DatanodeStateMachine.java:lambda$startDaemon$0(539)) - Ozone container server started.
2023-09-23 10:03:21,353 [IPC Server listener on 15027] INFO  ipc.Server (Server.java:run(1402)) - IPC Server listener on 15027: starting
2023-09-23 10:03:21,371 [main] WARN  impl.MetricRegistriesImpl (MetricRegistriesImpl.java:addReporterRegistration(111)) - New reporters are added after registries were created. Some metrics will be missing from the reporter. Please add reporter before adding any new registry.
2023-09-23 10:03:21,371 [main] WARN  impl.MetricRegistriesImpl (MetricRegistriesImpl.java:addReporterRegistration(111)) - New reporters are added after registries were created. Some metrics will be missing from the reporter. Please add reporter before adding any new registry.
2023-09-23 10:03:21,371 [main] INFO  impl.MetricsSystemImpl (MetricsSystemImpl.java:init(158)) - HddsDatanode metrics system started (again)
2023-09-23 10:03:21,379 [Datanode State Machine Task Thread - 0] INFO  datanode.InitDatanodeState (InitDatanodeState.java:persistContainerDatanodeDetails(138)) - DatanodeDetails is persisted to /home/runner/work/ozone/ozone/hadoop-ozone/integration-test/target/test-dir/MiniOzoneClusterImpl-221a8c4e-c666-4dc9-898e-ead2ee9f568a/datanode-1/meta/datanode.id
2023-09-23 10:03:21,394 [main] INFO  ozone.HddsDatanodeService (HddsDatanodeService.java:start(237)) - HddsDatanodeService host:fv-az1239-715 ip:10.1.0.12
2023-09-23 10:03:21,421 [main] INFO  upgrade.AbstractLayoutVersionManager (AbstractLayoutVersionManager.java:init(83)) - Initializing Layout version manager with metadata layout = HADOOP_PRC_PORTS_IN_DATANODEDETAILS (version = 7), software layout = HADOOP_PRC_PORTS_IN_DATANODEDETAILS (version = 7)
2023-09-23 10:03:21,422 [main] INFO  statemachine.DatanodeStateMachine (DatanodeStateMachine.java:getEndPointTaskThreadPoolSize(283)) - Datanode State Machine Task Thread Pool size 2
2023-09-23 10:03:21,428 [main] INFO  volume.HddsVolume (HddsVolume.java:<init>(126)) - Creating HddsVolume: /home/runner/work/ozone/ozone/hadoop-ozone/integration-test/target/test-dir/MiniOzoneClusterImpl-221a8c4e-c666-4dc9-898e-ead2ee9f568a/datanode-2/data-0/containers/hdds of storage type : DISK capacity : 9223372036854775807
2023-09-23 10:03:21,429 [main] INFO  volume.MutableVolumeSet (MutableVolumeSet.java:initializeVolumeSet(173)) - Added Volume : /home/runner/work/ozone/ozone/hadoop-ozone/integration-test/target/test-dir/MiniOzoneClusterImpl-221a8c4e-c666-4dc9-898e-ead2ee9f568a/datanode-2/data-0/containers/hdds to VolumeSet
2023-09-23 10:03:21,430 [main] INFO  volume.MutableVolumeSet (MutableVolumeSet.java:initializeVolumeSet(173)) - Added Volume : /home/runner/work/ozone/ozone/hadoop-ozone/integration-test/target/test-dir/MiniOzoneClusterImpl-221a8c4e-c666-4dc9-898e-ead2ee9f568a/datanode-2/data/ratis to VolumeSet
2023-09-23 10:03:21,431 [Thread-296] INFO  ozoneimpl.ContainerReader (ContainerReader.java:readVolume(177)) - Finish verifying containers on volume /home/runner/work/ozone/ozone/hadoop-ozone/integration-test/target/test-dir/MiniOzoneClusterImpl-221a8c4e-c666-4dc9-898e-ead2ee9f568a/datanode-2/data-0/containers/hdds
2023-09-23 10:03:21,431 [main] INFO  ozoneimpl.OzoneContainer (OzoneContainer.java:buildContainerSet(314)) - Build ContainerSet costs 0s
2023-09-23 10:03:21,434 [main] INFO  server.RaftServer (ConfUtils.java:logGet(46)) - raft.rpc.type = GRPC (default)
2023-09-23 10:03:21,434 [main] INFO  grpc.GrpcConfigKeys (ConfUtils.java:logFallback(53)) - raft.grpc.admin.host = null (fallback to raft.grpc.server.host)
2023-09-23 10:03:21,435 [main] INFO  grpc.GrpcConfigKeys (ConfUtils.java:logGet(46)) - raft.grpc.admin.port = 15039 (custom)
2023-09-23 10:03:21,435 [main] INFO  grpc.GrpcConfigKeys (ConfUtils.java:logFallback(53)) - raft.grpc.client.host = null (fallback to raft.grpc.server.host)
2023-09-23 10:03:21,435 [main] INFO  grpc.GrpcConfigKeys (ConfUtils.java:logGet(46)) - raft.grpc.client.port = 15038 (custom)
2023-09-23 10:03:21,435 [main] INFO  grpc.GrpcConfigKeys (ConfUtils.java:logGet(46)) - raft.grpc.server.host = null (default)
2023-09-23 10:03:21,435 [main] INFO  grpc.GrpcConfigKeys (ConfUtils.java:logGet(46)) - raft.grpc.server.port = 15040 (custom)
2023-09-23 10:03:21,436 [main] INFO  server.GrpcService (ConfUtils.java:logGet(46)) - raft.grpc.message.size.max = 32MB (=33554432) (custom)
2023-09-23 10:03:21,436 [main] INFO  server.RaftServerConfigKeys (ConfUtils.java:logGet(46)) - raft.server.log.appender.buffer.byte-limit = 33554432 (custom)
2023-09-23 10:03:21,436 [main] INFO  server.GrpcService (ConfUtils.java:logGet(46)) - raft.grpc.flow.control.window = 5MB (=5242880) (custom)
2023-09-23 10:03:21,436 [main] INFO  server.RaftServerConfigKeys (ConfUtils.java:logGet(46)) - raft.server.rpc.request.timeout = 60s (custom)
2023-09-23 10:03:21,436 [main] INFO  grpc.GrpcConfigKeys (ConfUtils.java:logGet(46)) - raft.grpc.server.heartbeat.channel = true (default)
2023-09-23 10:03:21,436 [main] INFO  grpc.GrpcConfigKeys (ConfUtils.java:logGet(46)) - raft.grpc.server.async.request.thread.pool.cached = true (default)
2023-09-23 10:03:21,437 [main] INFO  grpc.GrpcConfigKeys (ConfUtils.java:logGet(46)) - raft.grpc.server.async.request.thread.pool.size = 32 (default)
2023-09-23 10:03:21,439 [main] INFO  impl.DataStreamServerImpl (ConfUtils.java:logGet(46)) - raft.datastream.type = NETTY (custom)
2023-09-23 10:03:21,440 [main] INFO  server.RaftServerConfigKeys (ConfUtils.java:logGet(46)) - raft.server.data-stream.async.request.thread.pool.cached = false (default)
2023-09-23 10:03:21,440 [main] INFO  server.RaftServerConfigKeys (ConfUtils.java:logGet(46)) - raft.server.data-stream.async.request.thread.pool.size = 20 (custom)
2023-09-23 10:03:21,440 [main] INFO  server.RaftServerConfigKeys (ConfUtils.java:logGet(46)) - raft.server.data-stream.async.write.thread.pool.size = 16 (default)
2023-09-23 10:03:21,440 [main] INFO  server.RaftServerConfigKeys (ConfUtils.java:logGet(46)) - raft.server.data-stream.client.pool.size = 10 (default)
2023-09-23 10:03:21,440 [main] INFO  netty.NettyConfigKeys$DataStream (ConfUtils.java:logGet(46)) - raft.netty.dataStream.server.use-epoll = false (default)
2023-09-23 10:03:21,441 [main] INFO  netty.NettyConfigKeys$DataStream (ConfUtils.java:logGet(46)) - raft.netty.dataStream.server.boss-group.size = 0 (default)
2023-09-23 10:03:21,441 [main] INFO  netty.NettyConfigKeys$DataStream (ConfUtils.java:logGet(46)) - raft.netty.dataStream.server.worker-group.size = 0 (default)
2023-09-23 10:03:21,442 [main] INFO  netty.NettyConfigKeys$DataStream (ConfUtils.java:logGet(46)) - raft.netty.dataStream.server.tls.conf = null (default)
2023-09-23 10:03:21,442 [main] INFO  netty.NettyConfigKeys$DataStream (ConfUtils.java:logGet(46)) - raft.netty.dataStream.host = null (default)
2023-09-23 10:03:21,442 [main] INFO  netty.NettyConfigKeys$DataStream (ConfUtils.java:logGet(46)) - raft.netty.dataStream.port = 15041 (custom)
2023-09-23 10:03:21,443 [main] INFO  server.RaftServerConfigKeys (ConfUtils.java:logGet(46)) - raft.server.threadpool.proxy.cached = true (default)
2023-09-23 10:03:21,443 [main] INFO  server.RaftServerConfigKeys (ConfUtils.java:logGet(46)) - raft.server.threadpool.proxy.size = 0 (default)
2023-09-23 10:03:21,443 [main] INFO  server.RaftServerConfigKeys (ConfUtils.java:logGet(46)) - raft.server.rpc.slowness.timeout = 300s (custom)
2023-09-23 10:03:21,443 [main] INFO  server.RaftServerConfigKeys (ConfUtils.java:logGet(46)) - raft.server.leaderelection.leader.step-down.wait-time = 10s (default)
2023-09-23 10:03:21,443 [main] INFO  server.RaftServerConfigKeys (ConfUtils.java:logGet(46)) - raft.server.storage.dir = [/home/runner/work/ozone/ozone/hadoop-ozone/integration-test/target/test-dir/MiniOzoneClusterImpl-221a8c4e-c666-4dc9-898e-ead2ee9f568a/datanode-2/data/ratis] (custom)
2023-09-23 10:03:21,444 [8d6d9f4d-1042-410a-9fac-061faec65884-NettyServerStreamRpc-bossGroup--thread1] INFO  logging.LoggingHandler (AbstractInternalLogger.java:log(148)) - [id: 0xcc6abf54] REGISTERED
2023-09-23 10:03:21,444 [8d6d9f4d-1042-410a-9fac-061faec65884-NettyServerStreamRpc-bossGroup--thread1] INFO  logging.LoggingHandler (AbstractInternalLogger.java:log(148)) - [id: 0xcc6abf54] BIND: 0.0.0.0/0.0.0.0:15041
2023-09-23 10:03:21,444 [8d6d9f4d-1042-410a-9fac-061faec65884-NettyServerStreamRpc-bossGroup--thread1] INFO  logging.LoggingHandler (AbstractInternalLogger.java:log(148)) - [id: 0xcc6abf54, L:/0:0:0:0:0:0:0:0:15041] ACTIVE
2023-09-23 10:03:21,446 [8d6d9f4d-1042-410a-9fac-061faec65884-impl-thread1] INFO  server.RaftServer (RaftServerProxy.java:initGroupDir(258)) - 8d6d9f4d-1042-410a-9fac-061faec65884: found a subdirectory /home/runner/work/ozone/ozone/hadoop-ozone/integration-test/target/test-dir/MiniOzoneClusterImpl-221a8c4e-c666-4dc9-898e-ead2ee9f568a/datanode-2/data/ratis/tmp
2023-09-23 10:03:21,446 [8d6d9f4d-1042-410a-9fac-061faec65884-impl-thread1] INFO  server.RaftServer (RaftServerProxy.java:initGroupDir(263)) - 8d6d9f4d-1042-410a-9fac-061faec65884: The directory /home/runner/work/ozone/ozone/hadoop-ozone/integration-test/target/test-dir/MiniOzoneClusterImpl-221a8c4e-c666-4dc9-898e-ead2ee9f568a/datanode-2/data/ratis/tmp is not a group directory; ignoring it. 
2023-09-23 10:03:21,446 [main] INFO  replication.ReplicationServer (ReplicationServer.java:<init>(83)) - Initializing replication server with thread count = 10 queue length = 4096
2023-09-23 10:03:21,448 [main] INFO  server.XceiverServerGrpc (XceiverServerGrpc.java:<init>(132)) - GrpcServer channel type EpollServerSocketChannel
2023-09-23 10:03:21,450 [main] INFO  replication.ReplicationSupervisor (ReplicationSupervisor.java:build(155)) - Initializing replication supervisor with thread count = 10
2023-09-23 10:03:21,450 [main] INFO  replication.ReplicationSupervisor (ReplicationSupervisor.java:nodeStateUpdated(307)) - Node state updated to IN_SERVICE, scaling executor pool size to 10
2023-09-23 10:03:21,455 [main] INFO  http.BaseHttpServer (BaseHttpServer.java:newHttpServer2BuilderForOzone(223)) - Starting Web-server for hddsDatanode at: http://0.0.0.0:15035
2023-09-23 10:03:21,455 [main] INFO  http.BaseHttpServer (BaseHttpServer.java:<init>(110)) - Hadoop Security Enabled: false Ozone Security Enabled: false Ozone HTTP Security Enabled: false 
2023-09-23 10:03:21,457 [main] WARN  server.AuthenticationFilter (AuthenticationFilter.java:constructSecretProvider(240)) - Unable to initialize FileSignerSecretProvider, falling back to use random secrets. Reason: Could not read signature secret file: /home/runner/hadoop-http-auth-signature-secret
2023-09-23 10:03:21,457 [main] INFO  http.HttpRequestLog (HttpRequestLog.java:getRequestLog(86)) - Http request log for http.requests.hddsDatanode is not defined
2023-09-23 10:03:21,459 [main] INFO  http.HttpServer2 (HttpServer2.java:addGlobalFilter(1031)) - Added global filter 'safety' (class=org.apache.hadoop.hdds.server.http.HttpServer2$QuotingInputFilter)
2023-09-23 10:03:21,460 [main] INFO  http.HttpServer2 (HttpServer2.java:addFilter(1007)) - Added filter static_user_filter (class=org.apache.hadoop.http.lib.StaticUserWebFilter$StaticUserFilter) to context hddsDatanode
2023-09-23 10:03:21,460 [main] INFO  http.HttpServer2 (HttpServer2.java:addFilter(1015)) - Added filter static_user_filter (class=org.apache.hadoop.http.lib.StaticUserWebFilter$StaticUserFilter) to context static
2023-09-23 10:03:21,460 [main] INFO  http.HttpServer2 (HttpServer2.java:addFilter(1015)) - Added filter static_user_filter (class=org.apache.hadoop.http.lib.StaticUserWebFilter$StaticUserFilter) to context logs
2023-09-23 10:03:21,461 [main] INFO  http.BaseHttpServer (BaseHttpServer.java:<init>(189)) - HTTP server of hddsDatanode uses base directory /home/runner/work/ozone/ozone/hadoop-ozone/integration-test/target/test-dir/MiniOzoneClusterImpl-221a8c4e-c666-4dc9-898e-ead2ee9f568a/datanode-2/meta/webserver
2023-09-23 10:03:21,461 [main] INFO  http.HttpServer2 (HttpServer2.java:bindListener(1231)) - Jetty bound to port 15035
2023-09-23 10:03:21,461 [main] INFO  server.Server (Server.java:doStart(375)) - jetty-9.4.52.v20230823; built: 2023-08-23T19:29:37.669Z; git: abdcda73818a1a2c705da276edb0bf6581e7997e; jvm 1.8.0_382-b05
2023-09-23 10:03:21,469 [main] INFO  server.session (DefaultSessionIdManager.java:doStart(334)) - DefaultSessionIdManager workerName=node0
2023-09-23 10:03:21,469 [main] INFO  server.session (DefaultSessionIdManager.java:doStart(339)) - No SessionScavenger set, using defaults
2023-09-23 10:03:21,469 [main] INFO  server.session (HouseKeeper.java:startScavenging(132)) - node0 Scavenging every 600000ms
2023-09-23 10:03:21,470 [main] INFO  handler.ContextHandler (ContextHandler.java:doStart(921)) - Started o.e.j.s.ServletContextHandler@7d578694{logs,/logs,file:///home/runner/work/ozone/ozone/hadoop-ozone/integration-test/target/log,AVAILABLE}
2023-09-23 10:03:21,471 [main] INFO  handler.ContextHandler (ContextHandler.java:doStart(921)) - Started o.e.j.s.ServletContextHandler@4b05a635{static,/static,jar:file:/home/runner/.m2/repository/org/apache/ozone/hdds-container-service/1.4.0-SNAPSHOT/hdds-container-service-1.4.0-SNAPSHOT.jar!/webapps/static,AVAILABLE}
2023-09-23 10:03:21,694 [main] INFO  handler.ContextHandler (ContextHandler.java:doStart(921)) - Started o.e.j.w.WebAppContext@103528a1{hddsDatanode,/,file:///home/runner/work/ozone/ozone/hadoop-ozone/integration-test/target/test-dir/MiniOzoneClusterImpl-221a8c4e-c666-4dc9-898e-ead2ee9f568a/datanode-2/meta/webserver/jetty-0_0_0_0-15035-hdds-container-service-1_4_0-SNAPSHOT_jar-_-any-2445440194602607819/webapp/,AVAILABLE}{jar:file:/home/runner/.m2/repository/org/apache/ozone/hdds-container-service/1.4.0-SNAPSHOT/hdds-container-service-1.4.0-SNAPSHOT.jar!/webapps/hddsDatanode}
2023-09-23 10:03:21,697 [main] INFO  server.AbstractConnector (AbstractConnector.java:doStart(333)) - Started ServerConnector@3bb4ade3{HTTP/1.1, (http/1.1)}{0.0.0.0:15035}
2023-09-23 10:03:21,697 [main] INFO  server.Server (Server.java:doStart(415)) - Started @13635ms
2023-09-23 10:03:21,697 [main] WARN  impl.MetricsSystemImpl (MetricsSystemImpl.java:register(279)) - Sink prometheus already exists!
2023-09-23 10:03:21,698 [main] INFO  http.BaseHttpServer (BaseHttpServer.java:updateConnectorAddress(354)) - HTTP server of hddsDatanode listening at http://0.0.0.0:15035
2023-09-23 10:03:21,698 [main] INFO  ipc.CallQueueManager (CallQueueManager.java:<init>(90)) - Using callQueue: class java.util.concurrent.LinkedBlockingQueue, queueCapacity: 100, scheduler: class org.apache.hadoop.ipc.DefaultRpcScheduler, ipcBackoff: false.
2023-09-23 10:03:21,699 [main] INFO  ipc.Server (Server.java:<init>(1287)) - Listener at 0.0.0.0:15036
2023-09-23 10:03:21,699 [Socket Reader #1 for port 15036] INFO  ipc.Server (Server.java:run(1323)) - Starting Socket Reader #1 for port 15036
2023-09-23 10:03:21,702 [main] INFO  ozone.HddsDatanodeService (HddsDatanodeService.java:start(315)) - Datanode start with admins: [*, runner]
2023-09-23 10:03:21,702 [main] INFO  ozone.HddsDatanodeClientProtocolServer (HddsDatanodeClientProtocolServer.java:start(72)) - RPC server for Client /0.0.0.0:15036
2023-09-23 10:03:21,702 [IPC Server Responder] INFO  ipc.Server (Server.java:run(1562)) - IPC Server Responder: starting
2023-09-23 10:03:21,706 [IPC Server listener on 15036] INFO  ipc.Server (Server.java:run(1402)) - IPC Server listener on 15036: starting
2023-09-23 10:03:21,707 [main] INFO  ozone.MiniOzoneClusterImpl (MiniOzoneClusterImpl.java:lambda$waitForClusterToBeReady$0(229)) - Waiting for nodes to be ready. Got 0 of 3 DN Heartbeats.
2023-09-23 10:03:21,706 [Datanode State Machine Daemon Thread] INFO  statemachine.DatanodeStateMachine (DatanodeStateMachine.java:lambda$startDaemon$0(539)) - Ozone container server started.
2023-09-23 10:03:21,708 [main] INFO  ozone.MiniOzoneClusterImpl (MiniOzoneClusterImpl.java:lambda$waitForClusterToBeReady$0(232)) - Waiting for cluster to exit safe mode
2023-09-23 10:03:21,715 [main] INFO  ozone.MiniOzoneClusterImpl (MiniOzoneClusterImpl.java:lambda$waitForClusterToBeReady$0(234)) - SCM became leader
2023-09-23 10:03:21,723 [Datanode State Machine Task Thread - 0] INFO  datanode.InitDatanodeState (InitDatanodeState.java:persistContainerDatanodeDetails(138)) - DatanodeDetails is persisted to /home/runner/work/ozone/ozone/hadoop-ozone/integration-test/target/test-dir/MiniOzoneClusterImpl-221a8c4e-c666-4dc9-898e-ead2ee9f568a/datanode-2/meta/datanode.id
2023-09-23 10:03:22,060 [omNode-3@group-523986131536-FollowerState] INFO  server.RaftServerConfigKeys (ConfUtils.java:logFallback(53)) - raft.server.rpc.first-election.timeout.min = 1s (fallback to raft.server.rpc.timeout.min)
2023-09-23 10:03:22,060 [omNode-3@group-523986131536-FollowerState] INFO  server.RaftServerConfigKeys (ConfUtils.java:logFallback(53)) - raft.server.rpc.first-election.timeout.max = 1200ms (fallback to raft.server.rpc.timeout.max)
2023-09-23 10:03:22,715 [main] INFO  ozone.MiniOzoneClusterImpl (MiniOzoneClusterImpl.java:lambda$waitForClusterToBeReady$0(229)) - Waiting for nodes to be ready. Got 0 of 3 DN Heartbeats.
2023-09-23 10:03:22,715 [main] INFO  ozone.MiniOzoneClusterImpl (MiniOzoneClusterImpl.java:lambda$waitForClusterToBeReady$0(232)) - Waiting for cluster to exit safe mode
2023-09-23 10:03:22,716 [main] INFO  ozone.MiniOzoneClusterImpl (MiniOzoneClusterImpl.java:lambda$waitForClusterToBeReady$0(234)) - SCM became leader
2023-09-23 10:03:23,131 [EndpointStateMachine task thread for /0.0.0.0:15002 - 0 ] INFO  utils.DatanodeStoreCache (DatanodeStoreCache.java:addDB(66)) - Added db /home/runner/work/ozone/ozone/hadoop-ozone/integration-test/target/test-dir/MiniOzoneClusterImpl-221a8c4e-c666-4dc9-898e-ead2ee9f568a/datanode-0/data-0/containers/hdds/221a8c4e-c666-4dc9-898e-ead2ee9f568a/DS-9e834b61-458e-42c4-b2c3-5bfc2887eb51/container.db to cache
2023-09-23 10:03:23,131 [EndpointStateMachine task thread for /0.0.0.0:15002 - 0 ] INFO  volume.HddsVolume (HddsVolume.java:createDbStore(422)) - SchemaV3 db is created and loaded at /home/runner/work/ozone/ozone/hadoop-ozone/integration-test/target/test-dir/MiniOzoneClusterImpl-221a8c4e-c666-4dc9-898e-ead2ee9f568a/datanode-0/data-0/containers/hdds/221a8c4e-c666-4dc9-898e-ead2ee9f568a/DS-9e834b61-458e-42c4-b2c3-5bfc2887eb51/container.db for volume DS-9e834b61-458e-42c4-b2c3-5bfc2887eb51
2023-09-23 10:03:23,134 [EndpointStateMachine task thread for /0.0.0.0:15002 - 0 ] INFO  volume.ThrottledAsyncChecker (ThrottledAsyncChecker.java:schedule(141)) - Scheduling a check for /home/runner/work/ozone/ozone/hadoop-ozone/integration-test/target/test-dir/MiniOzoneClusterImpl-221a8c4e-c666-4dc9-898e-ead2ee9f568a/datanode-0/data-0/containers/hdds
2023-09-23 10:03:23,158 [EndpointStateMachine task thread for /0.0.0.0:15002 - 0 ] INFO  volume.StorageVolumeChecker (StorageVolumeChecker.java:checkAllVolumes(213)) - Scheduled health check for volume /home/runner/work/ozone/ozone/hadoop-ozone/integration-test/target/test-dir/MiniOzoneClusterImpl-221a8c4e-c666-4dc9-898e-ead2ee9f568a/datanode-0/data-0/containers/hdds
2023-09-23 10:03:23,160 [EndpointStateMachine task thread for /0.0.0.0:15002 - 0 ] INFO  volume.ThrottledAsyncChecker (ThrottledAsyncChecker.java:schedule(141)) - Scheduling a check for /home/runner/work/ozone/ozone/hadoop-ozone/integration-test/target/test-dir/MiniOzoneClusterImpl-221a8c4e-c666-4dc9-898e-ead2ee9f568a/datanode-0/data/ratis
2023-09-23 10:03:23,161 [EndpointStateMachine task thread for /0.0.0.0:15002 - 0 ] INFO  volume.StorageVolumeChecker (StorageVolumeChecker.java:checkAllVolumes(213)) - Scheduled health check for volume /home/runner/work/ozone/ozone/hadoop-ozone/integration-test/target/test-dir/MiniOzoneClusterImpl-221a8c4e-c666-4dc9-898e-ead2ee9f568a/datanode-0/data/ratis
2023-09-23 10:03:23,162 [EndpointStateMachine task thread for /0.0.0.0:15002 - 0 ] INFO  ozoneimpl.OzoneContainer (OzoneContainer.java:start(429)) - Attempting to start container services.
2023-09-23 10:03:23,166 [EndpointStateMachine task thread for /0.0.0.0:15002 - 0 ] INFO  ozoneimpl.OzoneContainer (OzoneContainer.java:startContainerScrub(325)) - Scheduled background container scanners and the on-demand container scanner have been disabled.
2023-09-23 10:03:23,168 [EndpointStateMachine task thread for /0.0.0.0:15002 - 0 ] INFO  replication.ReplicationServer (ReplicationServer.java:start(134)) - ReplicationServer is started using port 15024
2023-09-23 10:03:23,168 [EndpointStateMachine task thread for /0.0.0.0:15002 - 0 ] INFO  ratis.XceiverServerRatis (XceiverServerRatis.java:start(517)) - Starting XceiverServerRatis 203410cb-dfdd-4fe6-97b8-0fcafe0a2a8c
2023-09-23 10:03:23,176 [EndpointStateMachine task thread for /0.0.0.0:15002 - 0 ] INFO  server.RaftServer (RaftServerProxy.java:startImpl(400)) - 203410cb-dfdd-4fe6-97b8-0fcafe0a2a8c: start RPC server
2023-09-23 10:03:23,187 [EndpointStateMachine task thread for /0.0.0.0:15002 - 0 ] INFO  server.GrpcService (GrpcService.java:startImpl(302)) - 203410cb-dfdd-4fe6-97b8-0fcafe0a2a8c: GrpcService started, listening on 15020
2023-09-23 10:03:23,190 [EndpointStateMachine task thread for /0.0.0.0:15002 - 0 ] INFO  server.GrpcService (GrpcService.java:startImpl(302)) - 203410cb-dfdd-4fe6-97b8-0fcafe0a2a8c: GrpcService started, listening on 15022
2023-09-23 10:03:23,191 [EndpointStateMachine task thread for /0.0.0.0:15002 - 0 ] INFO  server.GrpcService (GrpcService.java:startImpl(302)) - 203410cb-dfdd-4fe6-97b8-0fcafe0a2a8c: GrpcService started, listening on 15021
2023-09-23 10:03:23,193 [EndpointStateMachine task thread for /0.0.0.0:15002 - 0 ] INFO  ratis.XceiverServerRatis (XceiverServerRatis.java:getRealPort(543)) - XceiverServerRatis 203410cb-dfdd-4fe6-97b8-0fcafe0a2a8c is started using port 15020 for RATIS
2023-09-23 10:03:23,193 [EndpointStateMachine task thread for /0.0.0.0:15002 - 0 ] INFO  ratis.XceiverServerRatis (XceiverServerRatis.java:getRealPort(543)) - XceiverServerRatis 203410cb-dfdd-4fe6-97b8-0fcafe0a2a8c is started using port 15021 for RATIS_ADMIN
2023-09-23 10:03:23,193 [EndpointStateMachine task thread for /0.0.0.0:15002 - 0 ] INFO  ratis.XceiverServerRatis (XceiverServerRatis.java:getRealPort(543)) - XceiverServerRatis 203410cb-dfdd-4fe6-97b8-0fcafe0a2a8c is started using port 15022 for RATIS_SERVER
2023-09-23 10:03:23,193 [EndpointStateMachine task thread for /0.0.0.0:15002 - 0 ] INFO  ratis.XceiverServerRatis (XceiverServerRatis.java:getRealPort(543)) - XceiverServerRatis 203410cb-dfdd-4fe6-97b8-0fcafe0a2a8c is started using port 15023 for RATIS_DATASTREAM
2023-09-23 10:03:23,194 [JvmPauseMonitor4] INFO  util.JvmPauseMonitor (JvmPauseMonitor.java:run(103)) - JvmPauseMonitor-203410cb-dfdd-4fe6-97b8-0fcafe0a2a8c: Started
2023-09-23 10:03:23,218 [BlockDeletingService#0] INFO  interfaces.ContainerDeletionChoosingPolicyTemplate (ContainerDeletionChoosingPolicyTemplate.java:chooseContainerForBlockDeletion(85)) - Chosen 0/5000 blocks from 0 candidate containers.
2023-09-23 10:03:23,250 [omNode-3@group-523986131536-FollowerState] INFO  server.RaftServerConfigKeys (ConfUtils.java:logFallback(53)) - raft.server.rpc.first-election.timeout.min = 1s (fallback to raft.server.rpc.timeout.min)
2023-09-23 10:03:23,250 [omNode-3@group-523986131536-FollowerState] INFO  server.RaftServerConfigKeys (ConfUtils.java:logFallback(53)) - raft.server.rpc.first-election.timeout.max = 1200ms (fallback to raft.server.rpc.timeout.max)
2023-09-23 10:03:23,417 [EndpointStateMachine task thread for /0.0.0.0:15002 - 0 ] INFO  utils.DatanodeStoreCache (DatanodeStoreCache.java:addDB(66)) - Added db /home/runner/work/ozone/ozone/hadoop-ozone/integration-test/target/test-dir/MiniOzoneClusterImpl-221a8c4e-c666-4dc9-898e-ead2ee9f568a/datanode-1/data-0/containers/hdds/221a8c4e-c666-4dc9-898e-ead2ee9f568a/DS-def08db4-6ade-4341-897c-ece812643ae3/container.db to cache
2023-09-23 10:03:23,417 [EndpointStateMachine task thread for /0.0.0.0:15002 - 0 ] INFO  volume.HddsVolume (HddsVolume.java:createDbStore(422)) - SchemaV3 db is created and loaded at /home/runner/work/ozone/ozone/hadoop-ozone/integration-test/target/test-dir/MiniOzoneClusterImpl-221a8c4e-c666-4dc9-898e-ead2ee9f568a/datanode-1/data-0/containers/hdds/221a8c4e-c666-4dc9-898e-ead2ee9f568a/DS-def08db4-6ade-4341-897c-ece812643ae3/container.db for volume DS-def08db4-6ade-4341-897c-ece812643ae3
2023-09-23 10:03:23,419 [EndpointStateMachine task thread for /0.0.0.0:15002 - 0 ] INFO  volume.ThrottledAsyncChecker (ThrottledAsyncChecker.java:schedule(141)) - Scheduling a check for /home/runner/work/ozone/ozone/hadoop-ozone/integration-test/target/test-dir/MiniOzoneClusterImpl-221a8c4e-c666-4dc9-898e-ead2ee9f568a/datanode-1/data-0/containers/hdds
2023-09-23 10:03:23,421 [EndpointStateMachine task thread for /0.0.0.0:15002 - 0 ] INFO  volume.StorageVolumeChecker (StorageVolumeChecker.java:checkAllVolumes(213)) - Scheduled health check for volume /home/runner/work/ozone/ozone/hadoop-ozone/integration-test/target/test-dir/MiniOzoneClusterImpl-221a8c4e-c666-4dc9-898e-ead2ee9f568a/datanode-1/data-0/containers/hdds
2023-09-23 10:03:23,427 [EndpointStateMachine task thread for /0.0.0.0:15002 - 0 ] INFO  volume.ThrottledAsyncChecker (ThrottledAsyncChecker.java:schedule(141)) - Scheduling a check for /home/runner/work/ozone/ozone/hadoop-ozone/integration-test/target/test-dir/MiniOzoneClusterImpl-221a8c4e-c666-4dc9-898e-ead2ee9f568a/datanode-1/data/ratis
2023-09-23 10:03:23,427 [EndpointStateMachine task thread for /0.0.0.0:15002 - 0 ] INFO  volume.StorageVolumeChecker (StorageVolumeChecker.java:checkAllVolumes(213)) - Scheduled health check for volume /home/runner/work/ozone/ozone/hadoop-ozone/integration-test/target/test-dir/MiniOzoneClusterImpl-221a8c4e-c666-4dc9-898e-ead2ee9f568a/datanode-1/data/ratis
2023-09-23 10:03:23,428 [EndpointStateMachine task thread for /0.0.0.0:15002 - 0 ] INFO  ozoneimpl.OzoneContainer (OzoneContainer.java:start(429)) - Attempting to start container services.
2023-09-23 10:03:23,429 [EndpointStateMachine task thread for /0.0.0.0:15002 - 0 ] INFO  ozoneimpl.OzoneContainer (OzoneContainer.java:startContainerScrub(325)) - Scheduled background container scanners and the on-demand container scanner have been disabled.
2023-09-23 10:03:23,431 [EndpointStateMachine task thread for /0.0.0.0:15002 - 0 ] INFO  replication.ReplicationServer (ReplicationServer.java:start(134)) - ReplicationServer is started using port 15033
2023-09-23 10:03:23,432 [EndpointStateMachine task thread for /0.0.0.0:15002 - 0 ] INFO  ratis.XceiverServerRatis (XceiverServerRatis.java:start(517)) - Starting XceiverServerRatis e645d312-f019-43dd-9582-b1afb9dcfe8b
2023-09-23 10:03:23,433 [EndpointStateMachine task thread for /0.0.0.0:15002 - 0 ] INFO  server.RaftServer (RaftServerProxy.java:startImpl(400)) - e645d312-f019-43dd-9582-b1afb9dcfe8b: start RPC server
2023-09-23 10:03:23,436 [EndpointStateMachine task thread for /0.0.0.0:15002 - 0 ] INFO  server.GrpcService (GrpcService.java:startImpl(302)) - e645d312-f019-43dd-9582-b1afb9dcfe8b: GrpcService started, listening on 15029
2023-09-23 10:03:23,439 [EndpointStateMachine task thread for /0.0.0.0:15002 - 0 ] INFO  server.GrpcService (GrpcService.java:startImpl(302)) - e645d312-f019-43dd-9582-b1afb9dcfe8b: GrpcService started, listening on 15031
2023-09-23 10:03:23,442 [EndpointStateMachine task thread for /0.0.0.0:15002 - 0 ] INFO  server.GrpcService (GrpcService.java:startImpl(302)) - e645d312-f019-43dd-9582-b1afb9dcfe8b: GrpcService started, listening on 15030
2023-09-23 10:03:23,442 [EndpointStateMachine task thread for /0.0.0.0:15002 - 0 ] INFO  ratis.XceiverServerRatis (XceiverServerRatis.java:getRealPort(543)) - XceiverServerRatis e645d312-f019-43dd-9582-b1afb9dcfe8b is started using port 15029 for RATIS
2023-09-23 10:03:23,442 [JvmPauseMonitor5] INFO  util.JvmPauseMonitor (JvmPauseMonitor.java:run(103)) - JvmPauseMonitor-e645d312-f019-43dd-9582-b1afb9dcfe8b: Started
2023-09-23 10:03:23,442 [EndpointStateMachine task thread for /0.0.0.0:15002 - 0 ] INFO  ratis.XceiverServerRatis (XceiverServerRatis.java:getRealPort(543)) - XceiverServerRatis e645d312-f019-43dd-9582-b1afb9dcfe8b is started using port 15030 for RATIS_ADMIN
2023-09-23 10:03:23,445 [EndpointStateMachine task thread for /0.0.0.0:15002 - 0 ] INFO  ratis.XceiverServerRatis (XceiverServerRatis.java:getRealPort(543)) - XceiverServerRatis e645d312-f019-43dd-9582-b1afb9dcfe8b is started using port 15031 for RATIS_SERVER
2023-09-23 10:03:23,445 [EndpointStateMachine task thread for /0.0.0.0:15002 - 0 ] INFO  ratis.XceiverServerRatis (XceiverServerRatis.java:getRealPort(543)) - XceiverServerRatis e645d312-f019-43dd-9582-b1afb9dcfe8b is started using port 15032 for RATIS_DATASTREAM
2023-09-23 10:03:23,452 [BlockDeletingService#0] INFO  interfaces.ContainerDeletionChoosingPolicyTemplate (ContainerDeletionChoosingPolicyTemplate.java:chooseContainerForBlockDeletion(85)) - Chosen 0/5000 blocks from 0 candidate containers.
2023-09-23 10:03:23,716 [main] INFO  ozone.MiniOzoneClusterImpl (MiniOzoneClusterImpl.java:lambda$waitForClusterToBeReady$0(229)) - Waiting for nodes to be ready. Got 0 of 3 DN Heartbeats.
2023-09-23 10:03:23,717 [main] INFO  ozone.MiniOzoneClusterImpl (MiniOzoneClusterImpl.java:lambda$waitForClusterToBeReady$0(232)) - Waiting for cluster to exit safe mode
2023-09-23 10:03:23,717 [main] INFO  ozone.MiniOzoneClusterImpl (MiniOzoneClusterImpl.java:lambda$waitForClusterToBeReady$0(234)) - SCM became leader
2023-09-23 10:03:23,763 [EndpointStateMachine task thread for /0.0.0.0:15002 - 0 ] INFO  utils.DatanodeStoreCache (DatanodeStoreCache.java:addDB(66)) - Added db /home/runner/work/ozone/ozone/hadoop-ozone/integration-test/target/test-dir/MiniOzoneClusterImpl-221a8c4e-c666-4dc9-898e-ead2ee9f568a/datanode-2/data-0/containers/hdds/221a8c4e-c666-4dc9-898e-ead2ee9f568a/DS-5b1dec66-bbc0-4c91-87cc-638d3fa749de/container.db to cache
2023-09-23 10:03:23,763 [EndpointStateMachine task thread for /0.0.0.0:15002 - 0 ] INFO  volume.HddsVolume (HddsVolume.java:createDbStore(422)) - SchemaV3 db is created and loaded at /home/runner/work/ozone/ozone/hadoop-ozone/integration-test/target/test-dir/MiniOzoneClusterImpl-221a8c4e-c666-4dc9-898e-ead2ee9f568a/datanode-2/data-0/containers/hdds/221a8c4e-c666-4dc9-898e-ead2ee9f568a/DS-5b1dec66-bbc0-4c91-87cc-638d3fa749de/container.db for volume DS-5b1dec66-bbc0-4c91-87cc-638d3fa749de
2023-09-23 10:03:23,764 [EndpointStateMachine task thread for /0.0.0.0:15002 - 0 ] INFO  volume.ThrottledAsyncChecker (ThrottledAsyncChecker.java:schedule(141)) - Scheduling a check for /home/runner/work/ozone/ozone/hadoop-ozone/integration-test/target/test-dir/MiniOzoneClusterImpl-221a8c4e-c666-4dc9-898e-ead2ee9f568a/datanode-2/data-0/containers/hdds
2023-09-23 10:03:23,768 [EndpointStateMachine task thread for /0.0.0.0:15002 - 0 ] INFO  volume.StorageVolumeChecker (StorageVolumeChecker.java:checkAllVolumes(213)) - Scheduled health check for volume /home/runner/work/ozone/ozone/hadoop-ozone/integration-test/target/test-dir/MiniOzoneClusterImpl-221a8c4e-c666-4dc9-898e-ead2ee9f568a/datanode-2/data-0/containers/hdds
2023-09-23 10:03:23,772 [EndpointStateMachine task thread for /0.0.0.0:15002 - 0 ] INFO  volume.ThrottledAsyncChecker (ThrottledAsyncChecker.java:schedule(141)) - Scheduling a check for /home/runner/work/ozone/ozone/hadoop-ozone/integration-test/target/test-dir/MiniOzoneClusterImpl-221a8c4e-c666-4dc9-898e-ead2ee9f568a/datanode-2/data/ratis
2023-09-23 10:03:23,772 [EndpointStateMachine task thread for /0.0.0.0:15002 - 0 ] INFO  volume.StorageVolumeChecker (StorageVolumeChecker.java:checkAllVolumes(213)) - Scheduled health check for volume /home/runner/work/ozone/ozone/hadoop-ozone/integration-test/target/test-dir/MiniOzoneClusterImpl-221a8c4e-c666-4dc9-898e-ead2ee9f568a/datanode-2/data/ratis
2023-09-23 10:03:23,775 [EndpointStateMachine task thread for /0.0.0.0:15002 - 0 ] INFO  ozoneimpl.OzoneContainer (OzoneContainer.java:start(429)) - Attempting to start container services.
2023-09-23 10:03:23,776 [EndpointStateMachine task thread for /0.0.0.0:15002 - 0 ] INFO  ozoneimpl.OzoneContainer (OzoneContainer.java:startContainerScrub(325)) - Scheduled background container scanners and the on-demand container scanner have been disabled.
2023-09-23 10:03:23,782 [EndpointStateMachine task thread for /0.0.0.0:15002 - 0 ] INFO  replication.ReplicationServer (ReplicationServer.java:start(134)) - ReplicationServer is started using port 15042
2023-09-23 10:03:23,782 [EndpointStateMachine task thread for /0.0.0.0:15002 - 0 ] INFO  ratis.XceiverServerRatis (XceiverServerRatis.java:start(517)) - Starting XceiverServerRatis 8d6d9f4d-1042-410a-9fac-061faec65884
2023-09-23 10:03:23,786 [EndpointStateMachine task thread for /0.0.0.0:15002 - 0 ] INFO  server.RaftServer (RaftServerProxy.java:startImpl(400)) - 8d6d9f4d-1042-410a-9fac-061faec65884: start RPC server
2023-09-23 10:03:23,795 [EndpointStateMachine task thread for /0.0.0.0:15002 - 0 ] INFO  server.GrpcService (GrpcService.java:startImpl(302)) - 8d6d9f4d-1042-410a-9fac-061faec65884: GrpcService started, listening on 15038
2023-09-23 10:03:23,800 [EndpointStateMachine task thread for /0.0.0.0:15002 - 0 ] INFO  server.GrpcService (GrpcService.java:startImpl(302)) - 8d6d9f4d-1042-410a-9fac-061faec65884: GrpcService started, listening on 15040
2023-09-23 10:03:23,802 [EndpointStateMachine task thread for /0.0.0.0:15002 - 0 ] INFO  server.GrpcService (GrpcService.java:startImpl(302)) - 8d6d9f4d-1042-410a-9fac-061faec65884: GrpcService started, listening on 15039
2023-09-23 10:03:23,802 [EndpointStateMachine task thread for /0.0.0.0:15002 - 0 ] INFO  ratis.XceiverServerRatis (XceiverServerRatis.java:getRealPort(543)) - XceiverServerRatis 8d6d9f4d-1042-410a-9fac-061faec65884 is started using port 15038 for RATIS
2023-09-23 10:03:23,802 [EndpointStateMachine task thread for /0.0.0.0:15002 - 0 ] INFO  ratis.XceiverServerRatis (XceiverServerRatis.java:getRealPort(543)) - XceiverServerRatis 8d6d9f4d-1042-410a-9fac-061faec65884 is started using port 15039 for RATIS_ADMIN
2023-09-23 10:03:23,802 [EndpointStateMachine task thread for /0.0.0.0:15002 - 0 ] INFO  ratis.XceiverServerRatis (XceiverServerRatis.java:getRealPort(543)) - XceiverServerRatis 8d6d9f4d-1042-410a-9fac-061faec65884 is started using port 15040 for RATIS_SERVER
2023-09-23 10:03:23,802 [EndpointStateMachine task thread for /0.0.0.0:15002 - 0 ] INFO  ratis.XceiverServerRatis (XceiverServerRatis.java:getRealPort(543)) - XceiverServerRatis 8d6d9f4d-1042-410a-9fac-061faec65884 is started using port 15041 for RATIS_DATASTREAM
2023-09-23 10:03:23,804 [JvmPauseMonitor6] INFO  util.JvmPauseMonitor (JvmPauseMonitor.java:run(103)) - JvmPauseMonitor-8d6d9f4d-1042-410a-9fac-061faec65884: Started
2023-09-23 10:03:23,818 [BlockDeletingService#0] INFO  interfaces.ContainerDeletionChoosingPolicyTemplate (ContainerDeletionChoosingPolicyTemplate.java:chooseContainerForBlockDeletion(85)) - Chosen 0/5000 blocks from 0 candidate containers.
2023-09-23 10:03:24,335 [omNode-3@group-523986131536-FollowerState] INFO  server.RaftServerConfigKeys (ConfUtils.java:logFallback(53)) - raft.server.rpc.first-election.timeout.min = 1s (fallback to raft.server.rpc.timeout.min)
2023-09-23 10:03:24,335 [omNode-3@group-523986131536-FollowerState] INFO  server.RaftServerConfigKeys (ConfUtils.java:logFallback(53)) - raft.server.rpc.first-election.timeout.max = 1200ms (fallback to raft.server.rpc.timeout.max)
2023-09-23 10:03:24,717 [main] INFO  ozone.MiniOzoneClusterImpl (MiniOzoneClusterImpl.java:lambda$waitForClusterToBeReady$0(229)) - Waiting for nodes to be ready. Got 0 of 3 DN Heartbeats.
2023-09-23 10:03:24,717 [main] INFO  ozone.MiniOzoneClusterImpl (MiniOzoneClusterImpl.java:lambda$waitForClusterToBeReady$0(232)) - Waiting for cluster to exit safe mode
2023-09-23 10:03:24,717 [main] INFO  ozone.MiniOzoneClusterImpl (MiniOzoneClusterImpl.java:lambda$waitForClusterToBeReady$0(234)) - SCM became leader
2023-09-23 10:03:24,960 [IPC Server handler 1 on default port 15002] INFO  net.NetworkTopologyImpl (NetworkTopologyImpl.java:add(112)) - Added a new node: /default-rack/203410cb-dfdd-4fe6-97b8-0fcafe0a2a8c
2023-09-23 10:03:24,963 [IPC Server handler 1 on default port 15002] INFO  node.SCMNodeManager (SCMNodeManager.java:register(405)) - Registered Data node : 203410cb-dfdd-4fe6-97b8-0fcafe0a2a8c{ip: 10.1.0.12, host: fv-az1239-715, ports: [HTTP=15017, CLIENT_RPC=15018, REPLICATION=15024, RATIS=15020, RATIS_ADMIN=15021, RATIS_SERVER=15022, RATIS_DATASTREAM=15023, STANDALONE=15019], networkLocation: /default-rack, certSerialId: null, persistedOpState: null, persistedOpStateExpiryEpochSec: 0}
2023-09-23 10:03:24,969 [EventQueue-NewNodeForNewNodeHandler] INFO  pipeline.BackgroundPipelineCreator (BackgroundPipelineCreator.java:notifyEventTriggered(277)) - trigger a one-shot run on RatisPipelineUtilsThread.
2023-09-23 10:03:24,974 [EventQueue-NodeRegistrationContainerReportForDataNodeSafeModeRule] INFO  safemode.SCMSafeModeManager (DataNodeSafeModeRule.java:process(71)) - SCM in safe mode. 1 DataNodes registered, 3 required.
2023-09-23 10:03:24,975 [EventQueue-NodeRegistrationContainerReportForContainerSafeModeRule] INFO  safemode.SCMSafeModeManager (SCMSafeModeManager.java:validateSafeModeExitRules(200)) - ContainerSafeModeRule rule is successfully validated
2023-09-23 10:03:24,987 [EventQueue-PipelineReportForOneReplicaPipelineSafeModeRule] INFO  safemode.SCMSafeModeManager (SCMSafeModeManager.java:validateSafeModeExitRules(200)) - AtleastOneDatanodeReportedRule rule is successfully validated
2023-09-23 10:03:24,991 [RatisPipelineUtilsThread - 0] INFO  pipeline.RatisPipelineProvider (RatisPipelineProvider.java:lambda$create$0(206)) - Sending CreatePipelineCommand for pipeline:PipelineID=1bfb0577-0818-46b6-8d96-ff3f51e382b0 to datanode:203410cb-dfdd-4fe6-97b8-0fcafe0a2a8c
2023-09-23 10:03:25,010 [RatisPipelineUtilsThread - 0] INFO  pipeline.BackgroundPipelineCreator (BackgroundPipelineCreator.java:createPipelines(233)) - Created new pipeline Pipeline[ Id: 1bfb0577-0818-46b6-8d96-ff3f51e382b0, Nodes: 203410cb-dfdd-4fe6-97b8-0fcafe0a2a8c(fv-az1239-715/10.1.0.12), ReplicationConfig: RATIS/ONE, State:ALLOCATED, leaderId:, CreationTimestamp2023-09-23T10:03:24.990Z[Etc/UTC]]
2023-09-23 10:03:25,361 [IPC Server handler 0 on default port 15002] INFO  net.NetworkTopologyImpl (NetworkTopologyImpl.java:add(112)) - Added a new node: /default-rack/e645d312-f019-43dd-9582-b1afb9dcfe8b
2023-09-23 10:03:25,361 [IPC Server handler 0 on default port 15002] INFO  node.SCMNodeManager (SCMNodeManager.java:register(405)) - Registered Data node : e645d312-f019-43dd-9582-b1afb9dcfe8b{ip: 10.1.0.12, host: fv-az1239-715, ports: [HTTP=15026, CLIENT_RPC=15027, REPLICATION=15033, RATIS=15029, RATIS_ADMIN=15030, RATIS_SERVER=15031, RATIS_DATASTREAM=15032, STANDALONE=15028], networkLocation: /default-rack, certSerialId: null, persistedOpState: null, persistedOpStateExpiryEpochSec: 0}
2023-09-23 10:03:25,362 [EventQueue-NodeRegistrationContainerReportForDataNodeSafeModeRule] INFO  safemode.SCMSafeModeManager (DataNodeSafeModeRule.java:process(71)) - SCM in safe mode. 2 DataNodes registered, 3 required.
2023-09-23 10:03:25,362 [EventQueue-NewNodeForNewNodeHandler] INFO  pipeline.BackgroundPipelineCreator (BackgroundPipelineCreator.java:notifyEventTriggered(277)) - trigger a one-shot run on RatisPipelineUtilsThread.
2023-09-23 10:03:25,366 [RatisPipelineUtilsThread - 0] INFO  pipeline.RatisPipelineProvider (RatisPipelineProvider.java:lambda$create$0(206)) - Sending CreatePipelineCommand for pipeline:PipelineID=a02423fc-8db4-4330-9730-6add887d064c to datanode:e645d312-f019-43dd-9582-b1afb9dcfe8b
2023-09-23 10:03:25,368 [RatisPipelineUtilsThread - 0] INFO  pipeline.BackgroundPipelineCreator (BackgroundPipelineCreator.java:createPipelines(233)) - Created new pipeline Pipeline[ Id: a02423fc-8db4-4330-9730-6add887d064c, Nodes: e645d312-f019-43dd-9582-b1afb9dcfe8b(fv-az1239-715/10.1.0.12), ReplicationConfig: RATIS/ONE, State:ALLOCATED, leaderId:, CreationTimestamp2023-09-23T10:03:25.366Z[Etc/UTC]]
2023-09-23 10:03:25,414 [omNode-3@group-523986131536-FollowerState] INFO  server.RaftServerConfigKeys (ConfUtils.java:logFallback(53)) - raft.server.rpc.first-election.timeout.min = 1s (fallback to raft.server.rpc.timeout.min)
2023-09-23 10:03:25,414 [omNode-3@group-523986131536-FollowerState] INFO  server.RaftServerConfigKeys (ConfUtils.java:logFallback(53)) - raft.server.rpc.first-election.timeout.max = 1200ms (fallback to raft.server.rpc.timeout.max)
2023-09-23 10:03:25,718 [main] INFO  ozone.MiniOzoneClusterImpl (MiniOzoneClusterImpl.java:lambda$waitForClusterToBeReady$0(229)) - Waiting for nodes to be ready. Got 2 of 3 DN Heartbeats.
2023-09-23 10:03:25,718 [main] INFO  ozone.MiniOzoneClusterImpl (MiniOzoneClusterImpl.java:lambda$waitForClusterToBeReady$0(232)) - Waiting for cluster to exit safe mode
2023-09-23 10:03:25,719 [main] INFO  ozone.MiniOzoneClusterImpl (MiniOzoneClusterImpl.java:lambda$waitForClusterToBeReady$0(234)) - SCM became leader
2023-09-23 10:03:25,720 [IPC Server handler 3 on default port 15002] INFO  net.NetworkTopologyImpl (NetworkTopologyImpl.java:add(112)) - Added a new node: /default-rack/8d6d9f4d-1042-410a-9fac-061faec65884
2023-09-23 10:03:25,721 [IPC Server handler 3 on default port 15002] INFO  node.SCMNodeManager (SCMNodeManager.java:register(405)) - Registered Data node : 8d6d9f4d-1042-410a-9fac-061faec65884{ip: 10.1.0.12, host: fv-az1239-715, ports: [HTTP=15035, CLIENT_RPC=15036, REPLICATION=15042, RATIS=15038, RATIS_ADMIN=15039, RATIS_SERVER=15040, RATIS_DATASTREAM=15041, STANDALONE=15037], networkLocation: /default-rack, certSerialId: null, persistedOpState: null, persistedOpStateExpiryEpochSec: 0}
2023-09-23 10:03:25,721 [EventQueue-NewNodeForNewNodeHandler] INFO  pipeline.BackgroundPipelineCreator (BackgroundPipelineCreator.java:notifyEventTriggered(277)) - trigger a one-shot run on RatisPipelineUtilsThread.
2023-09-23 10:03:25,721 [EventQueue-NodeRegistrationContainerReportForDataNodeSafeModeRule] INFO  safemode.SCMSafeModeManager (DataNodeSafeModeRule.java:process(71)) - SCM in safe mode. 3 DataNodes registered, 3 required.
2023-09-23 10:03:25,722 [EventQueue-NodeRegistrationContainerReportForDataNodeSafeModeRule] INFO  safemode.SCMSafeModeManager (SCMSafeModeManager.java:validateSafeModeExitRules(200)) - DataNodeSafeModeRule rule is successfully validated
2023-09-23 10:03:25,722 [EventQueue-NodeRegistrationContainerReportForDataNodeSafeModeRule] INFO  safemode.SCMSafeModeManager (SCMSafeModeManager.java:completePreCheck(229)) - All SCM safe mode pre check rules have passed
2023-09-23 10:03:25,722 [EventQueue-NodeRegistrationContainerReportForDataNodeSafeModeRule] INFO  ha.SCMContext (SCMContext.java:updateSafeModeStatus(228)) - Update SafeModeStatus from SafeModeStatus{safeModeStatus=true, preCheckPassed=false} to SafeModeStatus{safeModeStatus=true, preCheckPassed=true}.
2023-09-23 10:03:25,722 [EventQueue-NodeRegistrationContainerReportForDataNodeSafeModeRule] INFO  pipeline.BackgroundPipelineCreator (BackgroundPipelineCreator.java:notifyEventTriggered(277)) - trigger a one-shot run on RatisPipelineUtilsThread.
2023-09-23 10:03:25,722 [RatisPipelineUtilsThread - 0] INFO  pipeline.RatisPipelineProvider (RatisPipelineProvider.java:lambda$create$0(206)) - Sending CreatePipelineCommand for pipeline:PipelineID=5320efd9-c1d0-4114-b4de-c05a196bfa28 to datanode:8d6d9f4d-1042-410a-9fac-061faec65884
2023-09-23 10:03:25,724 [RatisPipelineUtilsThread - 0] INFO  pipeline.BackgroundPipelineCreator (BackgroundPipelineCreator.java:createPipelines(233)) - Created new pipeline Pipeline[ Id: 5320efd9-c1d0-4114-b4de-c05a196bfa28, Nodes: 8d6d9f4d-1042-410a-9fac-061faec65884(fv-az1239-715/10.1.0.12), ReplicationConfig: RATIS/ONE, State:ALLOCATED, leaderId:, CreationTimestamp2023-09-23T10:03:25.722Z[Etc/UTC]]
2023-09-23 10:03:25,728 [RatisPipelineUtilsThread - 0] INFO  pipeline.RatisPipelineProvider (RatisPipelineProvider.java:lambda$create$0(206)) - Sending CreatePipelineCommand for pipeline:PipelineID=56aa30ca-10f6-40c3-a498-dcf29bdd8f6d to datanode:203410cb-dfdd-4fe6-97b8-0fcafe0a2a8c
2023-09-23 10:03:25,728 [RatisPipelineUtilsThread - 0] INFO  pipeline.RatisPipelineProvider (RatisPipelineProvider.java:lambda$create$0(206)) - Sending CreatePipelineCommand for pipeline:PipelineID=56aa30ca-10f6-40c3-a498-dcf29bdd8f6d to datanode:e645d312-f019-43dd-9582-b1afb9dcfe8b
2023-09-23 10:03:25,728 [RatisPipelineUtilsThread - 0] INFO  pipeline.RatisPipelineProvider (RatisPipelineProvider.java:lambda$create$0(206)) - Sending CreatePipelineCommand for pipeline:PipelineID=56aa30ca-10f6-40c3-a498-dcf29bdd8f6d to datanode:8d6d9f4d-1042-410a-9fac-061faec65884
2023-09-23 10:03:25,730 [RatisPipelineUtilsThread - 0] INFO  pipeline.BackgroundPipelineCreator (BackgroundPipelineCreator.java:createPipelines(233)) - Created new pipeline Pipeline[ Id: 56aa30ca-10f6-40c3-a498-dcf29bdd8f6d, Nodes: 203410cb-dfdd-4fe6-97b8-0fcafe0a2a8c(fv-az1239-715/10.1.0.12)e645d312-f019-43dd-9582-b1afb9dcfe8b(fv-az1239-715/10.1.0.12)8d6d9f4d-1042-410a-9fac-061faec65884(fv-az1239-715/10.1.0.12), ReplicationConfig: RATIS/THREE, State:ALLOCATED, leaderId:, CreationTimestamp2023-09-23T10:03:25.728Z[Etc/UTC]]
2023-09-23 10:03:25,731 [RatisPipelineUtilsThread - 0] INFO  pipeline.RatisPipelineProvider (RatisPipelineProvider.java:lambda$create$0(206)) - Sending CreatePipelineCommand for pipeline:PipelineID=de86ac2d-47c3-4ad8-af8c-82467c91c693 to datanode:e645d312-f019-43dd-9582-b1afb9dcfe8b
2023-09-23 10:03:25,731 [RatisPipelineUtilsThread - 0] INFO  pipeline.RatisPipelineProvider (RatisPipelineProvider.java:lambda$create$0(206)) - Sending CreatePipelineCommand for pipeline:PipelineID=de86ac2d-47c3-4ad8-af8c-82467c91c693 to datanode:8d6d9f4d-1042-410a-9fac-061faec65884
2023-09-23 10:03:25,731 [RatisPipelineUtilsThread - 0] INFO  pipeline.RatisPipelineProvider (RatisPipelineProvider.java:lambda$create$0(206)) - Sending CreatePipelineCommand for pipeline:PipelineID=de86ac2d-47c3-4ad8-af8c-82467c91c693 to datanode:203410cb-dfdd-4fe6-97b8-0fcafe0a2a8c
2023-09-23 10:03:25,732 [RatisPipelineUtilsThread - 0] INFO  pipeline.PipelineManagerImpl (PipelineManagerImpl.java:recordMetricsForPipeline(895)) - Pipeline: PipelineID=de86ac2d-47c3-4ad8-af8c-82467c91c693 contains same datanodes as previous pipelines: PipelineID=56aa30ca-10f6-40c3-a498-dcf29bdd8f6d nodeIds: e645d312-f019-43dd-9582-b1afb9dcfe8b, 8d6d9f4d-1042-410a-9fac-061faec65884, 203410cb-dfdd-4fe6-97b8-0fcafe0a2a8c
2023-09-23 10:03:25,733 [RatisPipelineUtilsThread - 0] INFO  pipeline.BackgroundPipelineCreator (BackgroundPipelineCreator.java:createPipelines(233)) - Created new pipeline Pipeline[ Id: de86ac2d-47c3-4ad8-af8c-82467c91c693, Nodes: e645d312-f019-43dd-9582-b1afb9dcfe8b(fv-az1239-715/10.1.0.12)8d6d9f4d-1042-410a-9fac-061faec65884(fv-az1239-715/10.1.0.12)203410cb-dfdd-4fe6-97b8-0fcafe0a2a8c(fv-az1239-715/10.1.0.12), ReplicationConfig: RATIS/THREE, State:ALLOCATED, leaderId:, CreationTimestamp2023-09-23T10:03:25.731Z[Etc/UTC]]
2023-09-23 10:03:26,506 [omNode-3@group-523986131536-FollowerState] INFO  server.RaftServerConfigKeys (ConfUtils.java:logFallback(53)) - raft.server.rpc.first-election.timeout.min = 1s (fallback to raft.server.rpc.timeout.min)
2023-09-23 10:03:26,508 [omNode-3@group-523986131536-FollowerState] INFO  server.RaftServerConfigKeys (ConfUtils.java:logFallback(53)) - raft.server.rpc.first-election.timeout.max = 1200ms (fallback to raft.server.rpc.timeout.max)
2023-09-23 10:03:26,720 [main] INFO  ozone.MiniOzoneClusterImpl (MiniOzoneClusterImpl.java:lambda$waitForClusterToBeReady$0(229)) - Nodes are ready. Got 3 of 3 DN Heartbeats.
2023-09-23 10:03:26,721 [main] INFO  ozone.MiniOzoneClusterImpl (MiniOzoneClusterImpl.java:lambda$waitForClusterToBeReady$0(232)) - Waiting for cluster to exit safe mode
2023-09-23 10:03:26,721 [main] INFO  ozone.MiniOzoneClusterImpl (MiniOzoneClusterImpl.java:lambda$waitForClusterToBeReady$0(234)) - SCM became leader
2023-09-23 10:03:27,549 [omNode-3@group-523986131536-FollowerState] INFO  server.RaftServerConfigKeys (ConfUtils.java:logFallback(53)) - raft.server.rpc.first-election.timeout.min = 1s (fallback to raft.server.rpc.timeout.min)
2023-09-23 10:03:27,549 [omNode-3@group-523986131536-FollowerState] INFO  server.RaftServerConfigKeys (ConfUtils.java:logFallback(53)) - raft.server.rpc.first-election.timeout.max = 1200ms (fallback to raft.server.rpc.timeout.max)
2023-09-23 10:03:27,722 [main] INFO  ozone.MiniOzoneClusterImpl (MiniOzoneClusterImpl.java:lambda$waitForClusterToBeReady$0(229)) - Nodes are ready. Got 3 of 3 DN Heartbeats.
2023-09-23 10:03:27,722 [main] INFO  ozone.MiniOzoneClusterImpl (MiniOzoneClusterImpl.java:lambda$waitForClusterToBeReady$0(232)) - Waiting for cluster to exit safe mode
2023-09-23 10:03:27,722 [main] INFO  ozone.MiniOzoneClusterImpl (MiniOzoneClusterImpl.java:lambda$waitForClusterToBeReady$0(234)) - SCM became leader
2023-09-23 10:03:27,964 [PipelineCommandHandlerThread-0] INFO  server.RaftServer (RaftServerProxy.java:addNew(98)) - 203410cb-dfdd-4fe6-97b8-0fcafe0a2a8c: addNew group-FF3F51E382B0:[203410cb-dfdd-4fe6-97b8-0fcafe0a2a8c|rpc:10.1.0.12:15022|admin:10.1.0.12:15021|client:10.1.0.12:15020|dataStream:10.1.0.12:15023|priority:1|startupRole:FOLLOWER] returns group-FF3F51E382B0:java.util.concurrent.CompletableFuture@3beb207a[Not completed]
2023-09-23 10:03:27,989 [203410cb-dfdd-4fe6-97b8-0fcafe0a2a8c-groupManagement] INFO  server.RaftServer$Division (RaftServerImpl.java:<init>(198)) - 203410cb-dfdd-4fe6-97b8-0fcafe0a2a8c: new RaftServerImpl for group-FF3F51E382B0:[203410cb-dfdd-4fe6-97b8-0fcafe0a2a8c|rpc:10.1.0.12:15022|admin:10.1.0.12:15021|client:10.1.0.12:15020|dataStream:10.1.0.12:15023|priority:1|startupRole:FOLLOWER] with ContainerStateMachine:uninitialized
2023-09-23 10:03:27,990 [203410cb-dfdd-4fe6-97b8-0fcafe0a2a8c-groupManagement] INFO  server.RaftServerConfigKeys (ConfUtils.java:logGet(46)) - raft.server.rpc.timeout.min = 5s (custom)
2023-09-23 10:03:27,990 [203410cb-dfdd-4fe6-97b8-0fcafe0a2a8c-groupManagement] INFO  server.RaftServerConfigKeys (ConfUtils.java:logGet(46)) - raft.server.rpc.timeout.max = 5200ms (custom)
2023-09-23 10:03:27,990 [203410cb-dfdd-4fe6-97b8-0fcafe0a2a8c-groupManagement] INFO  server.RaftServerConfigKeys (ConfUtils.java:logGet(46)) - raft.server.rpc.sleep.time = 25ms (default)
2023-09-23 10:03:27,990 [203410cb-dfdd-4fe6-97b8-0fcafe0a2a8c-groupManagement] INFO  server.RaftServerConfigKeys (ConfUtils.java:logGet(46)) - raft.server.rpc.slowness.timeout = 300s (custom)
2023-09-23 10:03:27,990 [203410cb-dfdd-4fe6-97b8-0fcafe0a2a8c-groupManagement] INFO  server.RaftServerConfigKeys (ConfUtils.java:logGet(46)) - raft.server.leaderelection.leader.step-down.wait-time = 10s (default)
2023-09-23 10:03:27,990 [203410cb-dfdd-4fe6-97b8-0fcafe0a2a8c-groupManagement] INFO  server.RaftServerConfigKeys (ConfUtils.java:logGet(46)) - raft.server.sleep.deviation.threshold = 300ms (default)
2023-09-23 10:03:27,990 [203410cb-dfdd-4fe6-97b8-0fcafe0a2a8c-groupManagement] INFO  server.RaftServer$Division (ServerState.java:<init>(120)) - 203410cb-dfdd-4fe6-97b8-0fcafe0a2a8c@group-FF3F51E382B0: ConfigurationManager, init=-1: peers:[203410cb-dfdd-4fe6-97b8-0fcafe0a2a8c|rpc:10.1.0.12:15022|admin:10.1.0.12:15021|client:10.1.0.12:15020|dataStream:10.1.0.12:15023|priority:1|startupRole:FOLLOWER]|listeners:[], old=null, confs=<EMPTY_MAP>
2023-09-23 10:03:27,990 [203410cb-dfdd-4fe6-97b8-0fcafe0a2a8c-groupManagement] INFO  server.RaftServerConfigKeys (ConfUtils.java:logGet(46)) - raft.server.storage.dir = [/home/runner/work/ozone/ozone/hadoop-ozone/integration-test/target/test-dir/MiniOzoneClusterImpl-221a8c4e-c666-4dc9-898e-ead2ee9f568a/datanode-0/data/ratis] (custom)
2023-09-23 10:03:27,991 [203410cb-dfdd-4fe6-97b8-0fcafe0a2a8c-groupManagement] INFO  server.RaftServerConfigKeys (ConfUtils.java:logGet(46)) - raft.server.log.corruption.policy = EXCEPTION (default)
2023-09-23 10:03:27,991 [203410cb-dfdd-4fe6-97b8-0fcafe0a2a8c-groupManagement] INFO  server.RaftServerConfigKeys (ConfUtils.java:logGet(46)) - raft.server.storage.free-space.min = 0MB (=0) (default)
2023-09-23 10:03:27,991 [203410cb-dfdd-4fe6-97b8-0fcafe0a2a8c-groupManagement] INFO  server.RaftServerConfigKeys (ConfUtils.java:logGet(46)) - raft.server.notification.no-leader.timeout = 300s (custom)
2023-09-23 10:03:27,991 [203410cb-dfdd-4fe6-97b8-0fcafe0a2a8c-groupManagement] INFO  server.RaftServerConfigKeys (ConfUtils.java:logGet(46)) - raft.server.read.timeout = 10s (default)
2023-09-23 10:03:27,991 [203410cb-dfdd-4fe6-97b8-0fcafe0a2a8c-groupManagement] INFO  server.RaftServerConfigKeys (ConfUtils.java:logGet(46)) - raft.server.retrycache.expirytime = 600000ms (custom)
2023-09-23 10:03:27,991 [203410cb-dfdd-4fe6-97b8-0fcafe0a2a8c-groupManagement] INFO  server.RaftServerConfigKeys (ConfUtils.java:logGet(46)) - raft.server.retrycache.statistics.expirytime = 100μs (default)
2023-09-23 10:03:27,991 [203410cb-dfdd-4fe6-97b8-0fcafe0a2a8c-groupManagement] INFO  server.RaftServerConfigKeys (ConfUtils.java:logGet(46)) - raft.server.read.option = DEFAULT (default)
2023-09-23 10:03:27,995 [203410cb-dfdd-4fe6-97b8-0fcafe0a2a8c-groupManagement] INFO  server.RaftServerConfigKeys (ConfUtils.java:logGet(46)) - raft.server.rpc.request.timeout = 60s (custom)
2023-09-23 10:03:27,996 [203410cb-dfdd-4fe6-97b8-0fcafe0a2a8c-groupManagement] INFO  server.RaftServerConfigKeys (ConfUtils.java:logGet(46)) - raft.server.log.appender.install.snapshot.enabled = false (custom)
2023-09-23 10:03:27,996 [203410cb-dfdd-4fe6-97b8-0fcafe0a2a8c-groupManagement] INFO  server.RaftServerConfigKeys (ConfUtils.java:logGet(46)) - raft.server.threadpool.server.cached = true (default)
2023-09-23 10:03:27,996 [203410cb-dfdd-4fe6-97b8-0fcafe0a2a8c-groupManagement] INFO  server.RaftServerConfigKeys (ConfUtils.java:logGet(46)) - raft.server.threadpool.server.size = 0 (default)
2023-09-23 10:03:27,996 [203410cb-dfdd-4fe6-97b8-0fcafe0a2a8c-groupManagement] INFO  server.RaftServerConfigKeys (ConfUtils.java:logGet(46)) - raft.server.threadpool.client.cached = true (default)
2023-09-23 10:03:27,996 [203410cb-dfdd-4fe6-97b8-0fcafe0a2a8c-groupManagement] INFO  server.RaftServerConfigKeys (ConfUtils.java:logGet(46)) - raft.server.threadpool.client.size = 0 (default)
2023-09-23 10:03:27,996 [203410cb-dfdd-4fe6-97b8-0fcafe0a2a8c-groupManagement] INFO  storage.RaftStorageDirectory (RaftStorageDirectoryImpl.java:analyzeStorage(137)) - The storage directory /home/runner/work/ozone/ozone/hadoop-ozone/integration-test/target/test-dir/MiniOzoneClusterImpl-221a8c4e-c666-4dc9-898e-ead2ee9f568a/datanode-0/data/ratis/1bfb0577-0818-46b6-8d96-ff3f51e382b0 does not exist. Creating ...
2023-09-23 10:03:27,998 [203410cb-dfdd-4fe6-97b8-0fcafe0a2a8c-groupManagement] INFO  storage.RaftStorageDirectory (RaftStorageDirectoryImpl.java:tryLock(231)) - Lock on /home/runner/work/ozone/ozone/hadoop-ozone/integration-test/target/test-dir/MiniOzoneClusterImpl-221a8c4e-c666-4dc9-898e-ead2ee9f568a/datanode-0/data/ratis/1bfb0577-0818-46b6-8d96-ff3f51e382b0/in_use.lock acquired by nodename 6438@fv-az1239-715
2023-09-23 10:03:28,000 [203410cb-dfdd-4fe6-97b8-0fcafe0a2a8c-groupManagement] INFO  storage.RaftStorage (RaftStorageImpl.java:format(96)) - Storage directory /home/runner/work/ozone/ozone/hadoop-ozone/integration-test/target/test-dir/MiniOzoneClusterImpl-221a8c4e-c666-4dc9-898e-ead2ee9f568a/datanode-0/data/ratis/1bfb0577-0818-46b6-8d96-ff3f51e382b0 has been successfully formatted.
2023-09-23 10:03:28,005 [203410cb-dfdd-4fe6-97b8-0fcafe0a2a8c-groupManagement] INFO  ratis.ContainerStateMachine (ContainerStateMachine.java:loadSnapshot(262)) - group-FF3F51E382B0: The snapshot info is null. Setting the last applied indexto:(t:0, i:~)
2023-09-23 10:03:28,005 [203410cb-dfdd-4fe6-97b8-0fcafe0a2a8c-groupManagement] INFO  server.RaftServerConfigKeys (ConfUtils.java:logGet(46)) - raft.server.log.use.memory = false (default)
2023-09-23 10:03:28,005 [203410cb-dfdd-4fe6-97b8-0fcafe0a2a8c-groupManagement] INFO  server.RaftServerConfigKeys (ConfUtils.java:logGet(46)) - raft.server.log.purge.gap = 1000000 (custom)
2023-09-23 10:03:28,005 [203410cb-dfdd-4fe6-97b8-0fcafe0a2a8c-groupManagement] INFO  server.RaftServerConfigKeys (ConfUtils.java:logGet(46)) - raft.server.log.appender.buffer.byte-limit = 33554432 (custom)
2023-09-23 10:03:28,005 [203410cb-dfdd-4fe6-97b8-0fcafe0a2a8c-groupManagement] INFO  server.RaftServerConfigKeys (ConfUtils.java:logGet(46)) - raft.server.log.statemachine.data.read.timeout = 1000ms (default)
2023-09-23 10:03:28,005 [203410cb-dfdd-4fe6-97b8-0fcafe0a2a8c-groupManagement] INFO  server.RaftServerConfigKeys (ConfUtils.java:logGet(46)) - raft.server.log.purge.preservation.log.num = 0 (default)
2023-09-23 10:03:28,006 [203410cb-dfdd-4fe6-97b8-0fcafe0a2a8c-groupManagement] INFO  server.RaftServerConfigKeys (ConfUtils.java:logGet(46)) - raft.server.log.segment.size.max = 1048576 (custom)
2023-09-23 10:03:28,007 [203410cb-dfdd-4fe6-97b8-0fcafe0a2a8c-groupManagement] INFO  server.RaftServerConfigKeys (ConfUtils.java:logGet(46)) - raft.server.log.segment.cache.num.max = 2 (custom)
2023-09-23 10:03:28,007 [203410cb-dfdd-4fe6-97b8-0fcafe0a2a8c-groupManagement] INFO  server.RaftServerConfigKeys (ConfUtils.java:logGet(46)) - raft.server.log.segment.cache.size.max = 200MB (=209715200) (default)
2023-09-23 10:03:28,007 [203410cb-dfdd-4fe6-97b8-0fcafe0a2a8c-groupManagement] INFO  server.RaftServerConfigKeys (ConfUtils.java:logGet(46)) - raft.server.log.appender.buffer.byte-limit = 33554432 (custom)
2023-09-23 10:03:28,007 [203410cb-dfdd-4fe6-97b8-0fcafe0a2a8c-groupManagement] INFO  segmented.SegmentedRaftLogWorker (SegmentedRaftLogWorker.java:<init>(188)) - new 203410cb-dfdd-4fe6-97b8-0fcafe0a2a8c@group-FF3F51E382B0-SegmentedRaftLogWorker for RaftStorageImpl:Storage Directory /home/runner/work/ozone/ozone/hadoop-ozone/integration-test/target/test-dir/MiniOzoneClusterImpl-221a8c4e-c666-4dc9-898e-ead2ee9f568a/datanode-0/data/ratis/1bfb0577-0818-46b6-8d96-ff3f51e382b0
2023-09-23 10:03:28,007 [203410cb-dfdd-4fe6-97b8-0fcafe0a2a8c-groupManagement] INFO  server.RaftServerConfigKeys (ConfUtils.java:logGet(46)) - raft.server.log.queue.byte-limit = 4294967296 (custom)
2023-09-23 10:03:28,007 [203410cb-dfdd-4fe6-97b8-0fcafe0a2a8c-groupManagement] INFO  server.RaftServerConfigKeys (ConfUtils.java:logGet(46)) - raft.server.log.queue.element-limit = 1024 (custom)
2023-09-23 10:03:28,007 [203410cb-dfdd-4fe6-97b8-0fcafe0a2a8c-groupManagement] INFO  server.RaftServerConfigKeys (ConfUtils.java:logGet(46)) - raft.server.log.segment.size.max = 1048576 (custom)
2023-09-23 10:03:28,007 [203410cb-dfdd-4fe6-97b8-0fcafe0a2a8c-groupManagement] INFO  server.RaftServerConfigKeys (ConfUtils.java:logGet(46)) - raft.server.log.preallocated.size = 16384 (custom)
2023-09-23 10:03:28,007 [203410cb-dfdd-4fe6-97b8-0fcafe0a2a8c-groupManagement] INFO  server.RaftServerConfigKeys (ConfUtils.java:logGet(46)) - raft.server.log.force.sync.num = 128 (default)
2023-09-23 10:03:28,007 [203410cb-dfdd-4fe6-97b8-0fcafe0a2a8c-groupManagement] INFO  server.RaftServerConfigKeys (ConfUtils.java:logGet(46)) - raft.server.log.statemachine.data.sync = true (default)
2023-09-23 10:03:28,007 [203410cb-dfdd-4fe6-97b8-0fcafe0a2a8c-groupManagement] INFO  server.RaftServerConfigKeys (ConfUtils.java:logGet(46)) - raft.server.log.statemachine.data.sync.timeout = 10s (default)
2023-09-23 10:03:28,007 [203410cb-dfdd-4fe6-97b8-0fcafe0a2a8c-groupManagement] INFO  server.RaftServerConfigKeys (ConfUtils.java:logGet(46)) - raft.server.log.statemachine.data.sync.timeout.retry = -1 (default)
2023-09-23 10:03:28,009 [203410cb-dfdd-4fe6-97b8-0fcafe0a2a8c-groupManagement] INFO  server.RaftServerConfigKeys (ConfUtils.java:logGet(46)) - raft.server.log.write.buffer.size = 1048576 (custom)
2023-09-23 10:03:28,010 [203410cb-dfdd-4fe6-97b8-0fcafe0a2a8c-groupManagement] INFO  server.RaftServerConfigKeys (ConfUtils.java:logGet(46)) - raft.server.log.appender.buffer.byte-limit = 33554432 (custom)
2023-09-23 10:03:28,017 [203410cb-dfdd-4fe6-97b8-0fcafe0a2a8c-groupManagement] INFO  server.RaftServerConfigKeys (ConfUtils.java:logGet(46)) - raft.server.log.unsafe-flush.enabled = false (default)
2023-09-23 10:03:28,017 [203410cb-dfdd-4fe6-97b8-0fcafe0a2a8c-groupManagement] INFO  server.RaftServerConfigKeys (ConfUtils.java:logGet(46)) - raft.server.log.async-flush.enabled = false (default)
2023-09-23 10:03:28,017 [203410cb-dfdd-4fe6-97b8-0fcafe0a2a8c-groupManagement] INFO  server.RaftServerConfigKeys (ConfUtils.java:logGet(46)) - raft.server.log.statemachine.data.caching.enabled = true (custom)
2023-09-23 10:03:28,017 [203410cb-dfdd-4fe6-97b8-0fcafe0a2a8c-groupManagement] INFO  segmented.SegmentedRaftLogWorker (SegmentedRaftLogWorker.java:lambda$new$0(135)) - 203410cb-dfdd-4fe6-97b8-0fcafe0a2a8c@group-FF3F51E382B0-SegmentedRaftLogWorker: flushIndex: setUnconditionally 0 -> -1
2023-09-23 10:03:28,017 [203410cb-dfdd-4fe6-97b8-0fcafe0a2a8c-groupManagement] INFO  segmented.SegmentedRaftLogWorker (SegmentedRaftLogWorker.java:lambda$new$0(135)) - 203410cb-dfdd-4fe6-97b8-0fcafe0a2a8c@group-FF3F51E382B0-SegmentedRaftLogWorker: safeCacheEvictIndex: setUnconditionally 0 -> -1
2023-09-23 10:03:28,023 [203410cb-dfdd-4fe6-97b8-0fcafe0a2a8c-groupManagement] INFO  server.RaftServer$Division (RaftServerImpl.java:start(342)) - 203410cb-dfdd-4fe6-97b8-0fcafe0a2a8c@group-FF3F51E382B0: start as a follower, conf=-1: peers:[203410cb-dfdd-4fe6-97b8-0fcafe0a2a8c|rpc:10.1.0.12:15022|admin:10.1.0.12:15021|client:10.1.0.12:15020|dataStream:10.1.0.12:15023|priority:1|startupRole:FOLLOWER]|listeners:[], old=null
2023-09-23 10:03:28,023 [203410cb-dfdd-4fe6-97b8-0fcafe0a2a8c-groupManagement] INFO  server.RaftServer$Division (RaftServerImpl.java:setRole(329)) - 203410cb-dfdd-4fe6-97b8-0fcafe0a2a8c@group-FF3F51E382B0: changes role from      null to FOLLOWER at term 0 for startAsFollower
2023-09-23 10:03:28,023 [203410cb-dfdd-4fe6-97b8-0fcafe0a2a8c-groupManagement] INFO  impl.RoleInfo (RoleInfo.java:updateAndGet(139)) - 203410cb-dfdd-4fe6-97b8-0fcafe0a2a8c: start 203410cb-dfdd-4fe6-97b8-0fcafe0a2a8c@group-FF3F51E382B0-FollowerState
2023-09-23 10:03:28,027 [EventQueue-PipelineReportForPipelineReportHandler] INFO  pipeline.PipelineReportHandler (PipelineReportHandler.java:processPipelineReport(136)) - Opened pipeline PipelineID=1bfb0577-0818-46b6-8d96-ff3f51e382b0
2023-09-23 10:03:28,038 [203410cb-dfdd-4fe6-97b8-0fcafe0a2a8c-groupManagement] INFO  util.JmxRegister (JmxRegister.java:tryRegister(44)) - Successfully registered JMX Bean with object name Ratis:service=RaftServer,group=group-FF3F51E382B0,id=203410cb-dfdd-4fe6-97b8-0fcafe0a2a8c
2023-09-23 10:03:28,039 [203410cb-dfdd-4fe6-97b8-0fcafe0a2a8c-groupManagement] INFO  server.RaftServerConfigKeys (ConfUtils.java:logGet(46)) - raft.server.snapshot.auto.trigger.enabled = true (custom)
2023-09-23 10:03:28,039 [203410cb-dfdd-4fe6-97b8-0fcafe0a2a8c-groupManagement] INFO  server.RaftServerConfigKeys (ConfUtils.java:logGet(46)) - raft.server.snapshot.auto.trigger.threshold = 10000 (custom)
2023-09-23 10:03:28,039 [203410cb-dfdd-4fe6-97b8-0fcafe0a2a8c-groupManagement] INFO  server.RaftServerConfigKeys (ConfUtils.java:logGet(46)) - raft.server.snapshot.retention.file.num = 5 (custom)
2023-09-23 10:03:28,039 [203410cb-dfdd-4fe6-97b8-0fcafe0a2a8c-groupManagement] INFO  server.RaftServerConfigKeys (ConfUtils.java:logGet(46)) - raft.server.log.purge.upto.snapshot.index = false (default)
2023-09-23 10:03:28,039 [203410cb-dfdd-4fe6-97b8-0fcafe0a2a8c@group-FF3F51E382B0-FollowerState] INFO  server.RaftServerConfigKeys (ConfUtils.java:logFallback(53)) - raft.server.rpc.first-election.timeout.min = 5s (fallback to raft.server.rpc.timeout.min)
2023-09-23 10:03:28,039 [EventQueue-OpenPipelineForHealthyPipelineSafeModeRule] INFO  safemode.SCMSafeModeManager (HealthyPipelineSafeModeRule.java:process(137)) - SCM in safe mode. Healthy pipelines reported count is 0, required healthy pipeline reported count is 1
2023-09-23 10:03:28,039 [203410cb-dfdd-4fe6-97b8-0fcafe0a2a8c@group-FF3F51E382B0-FollowerState] INFO  server.RaftServerConfigKeys (ConfUtils.java:logFallback(53)) - raft.server.rpc.first-election.timeout.max = 5200ms (fallback to raft.server.rpc.timeout.max)
2023-09-23 10:03:28,046 [PipelineCommandHandlerThread-0] INFO  ratis.XceiverServerRatis (XceiverServerRatis.java:addGroup(804)) - Created group PipelineID=1bfb0577-0818-46b6-8d96-ff3f51e382b0
2023-09-23 10:03:28,047 [PipelineCommandHandlerThread-0] INFO  commandhandler.CreatePipelineCommandHandler (CreatePipelineCommandHandler.java:lambda$handle$2(124)) - Created Pipeline RATIS ONE PipelineID=1bfb0577-0818-46b6-8d96-ff3f51e382b0.
2023-09-23 10:03:28,047 [PipelineCommandHandlerThread-0] INFO  server.RaftServer (RaftServerProxy.java:addNew(98)) - 203410cb-dfdd-4fe6-97b8-0fcafe0a2a8c: addNew group-DCF29BDD8F6D:[203410cb-dfdd-4fe6-97b8-0fcafe0a2a8c|rpc:10.1.0.12:15022|admin:10.1.0.12:15021|client:10.1.0.12:15020|dataStream:10.1.0.12:15023|priority:1|startupRole:FOLLOWER, e645d312-f019-43dd-9582-b1afb9dcfe8b|rpc:10.1.0.12:15031|admin:10.1.0.12:15030|client:10.1.0.12:15029|dataStream:10.1.0.12:15032|priority:0|startupRole:FOLLOWER, 8d6d9f4d-1042-410a-9fac-061faec65884|rpc:10.1.0.12:15040|admin:10.1.0.12:15039|client:10.1.0.12:15038|dataStream:10.1.0.12:15041|priority:0|startupRole:FOLLOWER] returns group-DCF29BDD8F6D:java.util.concurrent.CompletableFuture@4c4f747c[Not completed]
2023-09-23 10:03:28,052 [203410cb-dfdd-4fe6-97b8-0fcafe0a2a8c-groupManagement] INFO  server.RaftServer$Division (RaftServerImpl.java:<init>(198)) - 203410cb-dfdd-4fe6-97b8-0fcafe0a2a8c: new RaftServerImpl for group-DCF29BDD8F6D:[203410cb-dfdd-4fe6-97b8-0fcafe0a2a8c|rpc:10.1.0.12:15022|admin:10.1.0.12:15021|client:10.1.0.12:15020|dataStream:10.1.0.12:15023|priority:1|startupRole:FOLLOWER, e645d312-f019-43dd-9582-b1afb9dcfe8b|rpc:10.1.0.12:15031|admin:10.1.0.12:15030|client:10.1.0.12:15029|dataStream:10.1.0.12:15032|priority:0|startupRole:FOLLOWER, 8d6d9f4d-1042-410a-9fac-061faec65884|rpc:10.1.0.12:15040|admin:10.1.0.12:15039|client:10.1.0.12:15038|dataStream:10.1.0.12:15041|priority:0|startupRole:FOLLOWER] with ContainerStateMachine:uninitialized
2023-09-23 10:03:28,052 [203410cb-dfdd-4fe6-97b8-0fcafe0a2a8c-groupManagement] INFO  server.RaftServerConfigKeys (ConfUtils.java:logGet(46)) - raft.server.rpc.timeout.min = 5s (custom)
2023-09-23 10:03:28,052 [203410cb-dfdd-4fe6-97b8-0fcafe0a2a8c-groupManagement] INFO  server.RaftServerConfigKeys (ConfUtils.java:logGet(46)) - raft.server.rpc.timeout.max = 5200ms (custom)
2023-09-23 10:03:28,052 [203410cb-dfdd-4fe6-97b8-0fcafe0a2a8c-groupManagement] INFO  server.RaftServerConfigKeys (ConfUtils.java:logGet(46)) - raft.server.rpc.sleep.time = 25ms (default)
2023-09-23 10:03:28,053 [203410cb-dfdd-4fe6-97b8-0fcafe0a2a8c-groupManagement] INFO  server.RaftServerConfigKeys (ConfUtils.java:logGet(46)) - raft.server.rpc.slowness.timeout = 300s (custom)
2023-09-23 10:03:28,053 [203410cb-dfdd-4fe6-97b8-0fcafe0a2a8c-groupManagement] INFO  server.RaftServerConfigKeys (ConfUtils.java:logGet(46)) - raft.server.leaderelection.leader.step-down.wait-time = 10s (default)
2023-09-23 10:03:28,053 [203410cb-dfdd-4fe6-97b8-0fcafe0a2a8c-groupManagement] INFO  server.RaftServerConfigKeys (ConfUtils.java:logGet(46)) - raft.server.sleep.deviation.threshold = 300ms (default)
2023-09-23 10:03:28,053 [203410cb-dfdd-4fe6-97b8-0fcafe0a2a8c-groupManagement] INFO  server.RaftServer$Division (ServerState.java:<init>(120)) - 203410cb-dfdd-4fe6-97b8-0fcafe0a2a8c@group-DCF29BDD8F6D: ConfigurationManager, init=-1: peers:[203410cb-dfdd-4fe6-97b8-0fcafe0a2a8c|rpc:10.1.0.12:15022|admin:10.1.0.12:15021|client:10.1.0.12:15020|dataStream:10.1.0.12:15023|priority:1|startupRole:FOLLOWER, e645d312-f019-43dd-9582-b1afb9dcfe8b|rpc:10.1.0.12:15031|admin:10.1.0.12:15030|client:10.1.0.12:15029|dataStream:10.1.0.12:15032|priority:0|startupRole:FOLLOWER, 8d6d9f4d-1042-410a-9fac-061faec65884|rpc:10.1.0.12:15040|admin:10.1.0.12:15039|client:10.1.0.12:15038|dataStream:10.1.0.12:15041|priority:0|startupRole:FOLLOWER]|listeners:[], old=null, confs=<EMPTY_MAP>
2023-09-23 10:03:28,054 [203410cb-dfdd-4fe6-97b8-0fcafe0a2a8c-groupManagement] INFO  server.RaftServerConfigKeys (ConfUtils.java:logGet(46)) - raft.server.storage.dir = [/home/runner/work/ozone/ozone/hadoop-ozone/integration-test/target/test-dir/MiniOzoneClusterImpl-221a8c4e-c666-4dc9-898e-ead2ee9f568a/datanode-0/data/ratis] (custom)
2023-09-23 10:03:28,054 [203410cb-dfdd-4fe6-97b8-0fcafe0a2a8c-groupManagement] INFO  server.RaftServerConfigKeys (ConfUtils.java:logGet(46)) - raft.server.log.corruption.policy = EXCEPTION (default)
2023-09-23 10:03:28,054 [203410cb-dfdd-4fe6-97b8-0fcafe0a2a8c-groupManagement] INFO  server.RaftServerConfigKeys (ConfUtils.java:logGet(46)) - raft.server.storage.free-space.min = 0MB (=0) (default)
2023-09-23 10:03:28,055 [203410cb-dfdd-4fe6-97b8-0fcafe0a2a8c-groupManagement] INFO  server.RaftServerConfigKeys (ConfUtils.java:logGet(46)) - raft.server.notification.no-leader.timeout = 300s (custom)
2023-09-23 10:03:28,055 [203410cb-dfdd-4fe6-97b8-0fcafe0a2a8c-groupManagement] INFO  server.RaftServerConfigKeys (ConfUtils.java:logGet(46)) - raft.server.read.timeout = 10s (default)
2023-09-23 10:03:28,055 [203410cb-dfdd-4fe6-97b8-0fcafe0a2a8c-groupManagement] INFO  server.RaftServerConfigKeys (ConfUtils.java:logGet(46)) - raft.server.retrycache.expirytime = 600000ms (custom)
2023-09-23 10:03:28,055 [203410cb-dfdd-4fe6-97b8-0fcafe0a2a8c-groupManagement] INFO  server.RaftServerConfigKeys (ConfUtils.java:logGet(46)) - raft.server.retrycache.statistics.expirytime = 100μs (default)
2023-09-23 10:03:28,055 [203410cb-dfdd-4fe6-97b8-0fcafe0a2a8c-groupManagement] INFO  server.RaftServerConfigKeys (ConfUtils.java:logGet(46)) - raft.server.read.option = DEFAULT (default)
2023-09-23 10:03:28,058 [203410cb-dfdd-4fe6-97b8-0fcafe0a2a8c-groupManagement] INFO  server.RaftServerConfigKeys (ConfUtils.java:logGet(46)) - raft.server.rpc.request.timeout = 60s (custom)
2023-09-23 10:03:28,058 [203410cb-dfdd-4fe6-97b8-0fcafe0a2a8c-groupManagement] INFO  server.RaftServerConfigKeys (ConfUtils.java:logGet(46)) - raft.server.log.appender.install.snapshot.enabled = false (custom)
2023-09-23 10:03:28,058 [203410cb-dfdd-4fe6-97b8-0fcafe0a2a8c-groupManagement] INFO  server.RaftServerConfigKeys (ConfUtils.java:logGet(46)) - raft.server.threadpool.server.cached = true (default)
2023-09-23 10:03:28,058 [203410cb-dfdd-4fe6-97b8-0fcafe0a2a8c-groupManagement] INFO  server.RaftServerConfigKeys (ConfUtils.java:logGet(46)) - raft.server.threadpool.server.size = 0 (default)
2023-09-23 10:03:28,059 [203410cb-dfdd-4fe6-97b8-0fcafe0a2a8c-groupManagement] INFO  server.RaftServerConfigKeys (ConfUtils.java:logGet(46)) - raft.server.threadpool.client.cached = true (default)
2023-09-23 10:03:28,059 [203410cb-dfdd-4fe6-97b8-0fcafe0a2a8c-groupManagement] INFO  server.RaftServerConfigKeys (ConfUtils.java:logGet(46)) - raft.server.threadpool.client.size = 0 (default)
2023-09-23 10:03:28,059 [203410cb-dfdd-4fe6-97b8-0fcafe0a2a8c-groupManagement] INFO  storage.RaftStorageDirectory (RaftStorageDirectoryImpl.java:analyzeStorage(137)) - The storage directory /home/runner/work/ozone/ozone/hadoop-ozone/integration-test/target/test-dir/MiniOzoneClusterImpl-221a8c4e-c666-4dc9-898e-ead2ee9f568a/datanode-0/data/ratis/56aa30ca-10f6-40c3-a498-dcf29bdd8f6d does not exist. Creating ...
2023-09-23 10:03:28,061 [203410cb-dfdd-4fe6-97b8-0fcafe0a2a8c-groupManagement] INFO  storage.RaftStorageDirectory (RaftStorageDirectoryImpl.java:tryLock(231)) - Lock on /home/runner/work/ozone/ozone/hadoop-ozone/integration-test/target/test-dir/MiniOzoneClusterImpl-221a8c4e-c666-4dc9-898e-ead2ee9f568a/datanode-0/data/ratis/56aa30ca-10f6-40c3-a498-dcf29bdd8f6d/in_use.lock acquired by nodename 6438@fv-az1239-715
2023-09-23 10:03:28,063 [203410cb-dfdd-4fe6-97b8-0fcafe0a2a8c-groupManagement] INFO  storage.RaftStorage (RaftStorageImpl.java:format(96)) - Storage directory /home/runner/work/ozone/ozone/hadoop-ozone/integration-test/target/test-dir/MiniOzoneClusterImpl-221a8c4e-c666-4dc9-898e-ead2ee9f568a/datanode-0/data/ratis/56aa30ca-10f6-40c3-a498-dcf29bdd8f6d has been successfully formatted.
2023-09-23 10:03:28,063 [203410cb-dfdd-4fe6-97b8-0fcafe0a2a8c-groupManagement] INFO  ratis.ContainerStateMachine (ContainerStateMachine.java:loadSnapshot(262)) - group-DCF29BDD8F6D: The snapshot info is null. Setting the last applied indexto:(t:0, i:~)
2023-09-23 10:03:28,063 [203410cb-dfdd-4fe6-97b8-0fcafe0a2a8c-groupManagement] INFO  server.RaftServerConfigKeys (ConfUtils.java:logGet(46)) - raft.server.log.use.memory = false (default)
2023-09-23 10:03:28,064 [203410cb-dfdd-4fe6-97b8-0fcafe0a2a8c-groupManagement] INFO  server.RaftServerConfigKeys (ConfUtils.java:logGet(46)) - raft.server.log.purge.gap = 1000000 (custom)
2023-09-23 10:03:28,064 [203410cb-dfdd-4fe6-97b8-0fcafe0a2a8c-groupManagement] INFO  server.RaftServerConfigKeys (ConfUtils.java:logGet(46)) - raft.server.log.appender.buffer.byte-limit = 33554432 (custom)
2023-09-23 10:03:28,064 [203410cb-dfdd-4fe6-97b8-0fcafe0a2a8c-groupManagement] INFO  server.RaftServerConfigKeys (ConfUtils.java:logGet(46)) - raft.server.log.statemachine.data.read.timeout = 1000ms (default)
2023-09-23 10:03:28,064 [203410cb-dfdd-4fe6-97b8-0fcafe0a2a8c-groupManagement] INFO  server.RaftServerConfigKeys (ConfUtils.java:logGet(46)) - raft.server.log.purge.preservation.log.num = 0 (default)
2023-09-23 10:03:28,071 [203410cb-dfdd-4fe6-97b8-0fcafe0a2a8c-groupManagement] INFO  server.RaftServerConfigKeys (ConfUtils.java:logGet(46)) - raft.server.log.segment.size.max = 1048576 (custom)
2023-09-23 10:03:28,072 [EventQueue-OpenPipelineForHealthyPipelineSafeModeRule] INFO  safemode.SCMSafeModeManager (HealthyPipelineSafeModeRule.java:process(137)) - SCM in safe mode. Healthy pipelines reported count is 0, required healthy pipeline reported count is 1
2023-09-23 10:03:28,073 [203410cb-dfdd-4fe6-97b8-0fcafe0a2a8c-groupManagement] INFO  server.RaftServerConfigKeys (ConfUtils.java:logGet(46)) - raft.server.log.segment.cache.num.max = 2 (custom)
2023-09-23 10:03:28,073 [203410cb-dfdd-4fe6-97b8-0fcafe0a2a8c-groupManagement] INFO  server.RaftServerConfigKeys (ConfUtils.java:logGet(46)) - raft.server.log.segment.cache.size.max = 200MB (=209715200) (default)
2023-09-23 10:03:28,073 [203410cb-dfdd-4fe6-97b8-0fcafe0a2a8c-groupManagement] INFO  server.RaftServerConfigKeys (ConfUtils.java:logGet(46)) - raft.server.log.appender.buffer.byte-limit = 33554432 (custom)
2023-09-23 10:03:28,073 [203410cb-dfdd-4fe6-97b8-0fcafe0a2a8c-groupManagement] INFO  segmented.SegmentedRaftLogWorker (SegmentedRaftLogWorker.java:<init>(188)) - new 203410cb-dfdd-4fe6-97b8-0fcafe0a2a8c@group-DCF29BDD8F6D-SegmentedRaftLogWorker for RaftStorageImpl:Storage Directory /home/runner/work/ozone/ozone/hadoop-ozone/integration-test/target/test-dir/MiniOzoneClusterImpl-221a8c4e-c666-4dc9-898e-ead2ee9f568a/datanode-0/data/ratis/56aa30ca-10f6-40c3-a498-dcf29bdd8f6d
2023-09-23 10:03:28,073 [203410cb-dfdd-4fe6-97b8-0fcafe0a2a8c-groupManagement] INFO  server.RaftServerConfigKeys (ConfUtils.java:logGet(46)) - raft.server.log.queue.byte-limit = 4294967296 (custom)
2023-09-23 10:03:28,073 [203410cb-dfdd-4fe6-97b8-0fcafe0a2a8c-groupManagement] INFO  server.RaftServerConfigKeys (ConfUtils.java:logGet(46)) - raft.server.log.queue.element-limit = 1024 (custom)
2023-09-23 10:03:28,073 [203410cb-dfdd-4fe6-97b8-0fcafe0a2a8c-groupManagement] INFO  server.RaftServerConfigKeys (ConfUtils.java:logGet(46)) - raft.server.log.segment.size.max = 1048576 (custom)
2023-09-23 10:03:28,073 [203410cb-dfdd-4fe6-97b8-0fcafe0a2a8c-groupManagement] INFO  server.RaftServerConfigKeys (ConfUtils.java:logGet(46)) - raft.server.log.preallocated.size = 16384 (custom)
2023-09-23 10:03:28,074 [203410cb-dfdd-4fe6-97b8-0fcafe0a2a8c-groupManagement] INFO  server.RaftServerConfigKeys (ConfUtils.java:logGet(46)) - raft.server.log.force.sync.num = 128 (default)
2023-09-23 10:03:28,074 [203410cb-dfdd-4fe6-97b8-0fcafe0a2a8c-groupManagement] INFO  server.RaftServerConfigKeys (ConfUtils.java:logGet(46)) - raft.server.log.statemachine.data.sync = true (default)
2023-09-23 10:03:28,074 [203410cb-dfdd-4fe6-97b8-0fcafe0a2a8c-groupManagement] INFO  server.RaftServerConfigKeys (ConfUtils.java:logGet(46)) - raft.server.log.statemachine.data.sync.timeout = 10s (default)
2023-09-23 10:03:28,077 [203410cb-dfdd-4fe6-97b8-0fcafe0a2a8c-groupManagement] INFO  server.RaftServerConfigKeys (ConfUtils.java:logGet(46)) - raft.server.log.statemachine.data.sync.timeout.retry = -1 (default)
2023-09-23 10:03:28,079 [203410cb-dfdd-4fe6-97b8-0fcafe0a2a8c-groupManagement] INFO  server.RaftServerConfigKeys (ConfUtils.java:logGet(46)) - raft.server.log.write.buffer.size = 1048576 (custom)
2023-09-23 10:03:28,079 [203410cb-dfdd-4fe6-97b8-0fcafe0a2a8c-groupManagement] INFO  server.RaftServerConfigKeys (ConfUtils.java:logGet(46)) - raft.server.log.appender.buffer.byte-limit = 33554432 (custom)
2023-09-23 10:03:28,087 [203410cb-dfdd-4fe6-97b8-0fcafe0a2a8c-groupManagement] INFO  server.RaftServerConfigKeys (ConfUtils.java:logGet(46)) - raft.server.log.unsafe-flush.enabled = false (default)
2023-09-23 10:03:28,087 [203410cb-dfdd-4fe6-97b8-0fcafe0a2a8c-groupManagement] INFO  server.RaftServerConfigKeys (ConfUtils.java:logGet(46)) - raft.server.log.async-flush.enabled = false (default)
2023-09-23 10:03:28,087 [203410cb-dfdd-4fe6-97b8-0fcafe0a2a8c-groupManagement] INFO  server.RaftServerConfigKeys (ConfUtils.java:logGet(46)) - raft.server.log.statemachine.data.caching.enabled = true (custom)
2023-09-23 10:03:28,087 [203410cb-dfdd-4fe6-97b8-0fcafe0a2a8c-groupManagement] INFO  segmented.SegmentedRaftLogWorker (SegmentedRaftLogWorker.java:lambda$new$0(135)) - 203410cb-dfdd-4fe6-97b8-0fcafe0a2a8c@group-DCF29BDD8F6D-SegmentedRaftLogWorker: flushIndex: setUnconditionally 0 -> -1
2023-09-23 10:03:28,087 [203410cb-dfdd-4fe6-97b8-0fcafe0a2a8c-groupManagement] INFO  segmented.SegmentedRaftLogWorker (SegmentedRaftLogWorker.java:lambda$new$0(135)) - 203410cb-dfdd-4fe6-97b8-0fcafe0a2a8c@group-DCF29BDD8F6D-SegmentedRaftLogWorker: safeCacheEvictIndex: setUnconditionally 0 -> -1
2023-09-23 10:03:28,088 [203410cb-dfdd-4fe6-97b8-0fcafe0a2a8c-groupManagement] INFO  server.RaftServer$Division (RaftServerImpl.java:start(342)) - 203410cb-dfdd-4fe6-97b8-0fcafe0a2a8c@group-DCF29BDD8F6D: start as a follower, conf=-1: peers:[203410cb-dfdd-4fe6-97b8-0fcafe0a2a8c|rpc:10.1.0.12:15022|admin:10.1.0.12:15021|client:10.1.0.12:15020|dataStream:10.1.0.12:15023|priority:1|startupRole:FOLLOWER, e645d312-f019-43dd-9582-b1afb9dcfe8b|rpc:10.1.0.12:15031|admin:10.1.0.12:15030|client:10.1.0.12:15029|dataStream:10.1.0.12:15032|priority:0|startupRole:FOLLOWER, 8d6d9f4d-1042-410a-9fac-061faec65884|rpc:10.1.0.12:15040|admin:10.1.0.12:15039|client:10.1.0.12:15038|dataStream:10.1.0.12:15041|priority:0|startupRole:FOLLOWER]|listeners:[], old=null
2023-09-23 10:03:28,088 [203410cb-dfdd-4fe6-97b8-0fcafe0a2a8c-groupManagement] INFO  server.RaftServer$Division (RaftServerImpl.java:setRole(329)) - 203410cb-dfdd-4fe6-97b8-0fcafe0a2a8c@group-DCF29BDD8F6D: changes role from      null to FOLLOWER at term 0 for startAsFollower
2023-09-23 10:03:28,088 [203410cb-dfdd-4fe6-97b8-0fcafe0a2a8c-groupManagement] INFO  impl.RoleInfo (RoleInfo.java:updateAndGet(139)) - 203410cb-dfdd-4fe6-97b8-0fcafe0a2a8c: start 203410cb-dfdd-4fe6-97b8-0fcafe0a2a8c@group-DCF29BDD8F6D-FollowerState
2023-09-23 10:03:28,088 [203410cb-dfdd-4fe6-97b8-0fcafe0a2a8c-groupManagement] INFO  util.JmxRegister (JmxRegister.java:tryRegister(44)) - Successfully registered JMX Bean with object name Ratis:service=RaftServer,group=group-DCF29BDD8F6D,id=203410cb-dfdd-4fe6-97b8-0fcafe0a2a8c
2023-09-23 10:03:28,089 [203410cb-dfdd-4fe6-97b8-0fcafe0a2a8c-groupManagement] INFO  server.RaftServerConfigKeys (ConfUtils.java:logGet(46)) - raft.server.snapshot.auto.trigger.enabled = true (custom)
2023-09-23 10:03:28,089 [203410cb-dfdd-4fe6-97b8-0fcafe0a2a8c-groupManagement] INFO  server.RaftServerConfigKeys (ConfUtils.java:logGet(46)) - raft.server.snapshot.auto.trigger.threshold = 10000 (custom)
2023-09-23 10:03:28,089 [203410cb-dfdd-4fe6-97b8-0fcafe0a2a8c-groupManagement] INFO  server.RaftServerConfigKeys (ConfUtils.java:logGet(46)) - raft.server.snapshot.retention.file.num = 5 (custom)
2023-09-23 10:03:28,089 [203410cb-dfdd-4fe6-97b8-0fcafe0a2a8c-groupManagement] INFO  server.RaftServerConfigKeys (ConfUtils.java:logGet(46)) - raft.server.log.purge.upto.snapshot.index = false (default)
2023-09-23 10:03:28,090 [PipelineCommandHandlerThread-0] INFO  ratis.XceiverServerRatis (XceiverServerRatis.java:addGroup(804)) - Created group PipelineID=56aa30ca-10f6-40c3-a498-dcf29bdd8f6d
2023-09-23 10:03:28,098 [203410cb-dfdd-4fe6-97b8-0fcafe0a2a8c@group-DCF29BDD8F6D-FollowerState] INFO  server.RaftServerConfigKeys (ConfUtils.java:logFallback(53)) - raft.server.rpc.first-election.timeout.min = 5s (fallback to raft.server.rpc.timeout.min)
2023-09-23 10:03:28,099 [203410cb-dfdd-4fe6-97b8-0fcafe0a2a8c@group-DCF29BDD8F6D-FollowerState] INFO  server.RaftServerConfigKeys (ConfUtils.java:logFallback(53)) - raft.server.rpc.first-election.timeout.max = 5200ms (fallback to raft.server.rpc.timeout.max)
2023-09-23 10:03:28,180 [grpc-default-executor-1] INFO  server.RaftServer (RaftServerProxy.java:addNew(98)) - e645d312-f019-43dd-9582-b1afb9dcfe8b: addNew group-DCF29BDD8F6D:[203410cb-dfdd-4fe6-97b8-0fcafe0a2a8c|rpc:10.1.0.12:15022|admin:10.1.0.12:15021|client:10.1.0.12:15020|dataStream:10.1.0.12:15023|priority:1|startupRole:FOLLOWER, e645d312-f019-43dd-9582-b1afb9dcfe8b|rpc:10.1.0.12:15031|admin:10.1.0.12:15030|client:10.1.0.12:15029|dataStream:10.1.0.12:15032|priority:0|startupRole:FOLLOWER, 8d6d9f4d-1042-410a-9fac-061faec65884|rpc:10.1.0.12:15040|admin:10.1.0.12:15039|client:10.1.0.12:15038|dataStream:10.1.0.12:15041|priority:0|startupRole:FOLLOWER] returns group-DCF29BDD8F6D:java.util.concurrent.CompletableFuture@383b1867[Not completed]
2023-09-23 10:03:28,182 [e645d312-f019-43dd-9582-b1afb9dcfe8b-groupManagement] INFO  server.RaftServer$Division (RaftServerImpl.java:<init>(198)) - e645d312-f019-43dd-9582-b1afb9dcfe8b: new RaftServerImpl for group-DCF29BDD8F6D:[203410cb-dfdd-4fe6-97b8-0fcafe0a2a8c|rpc:10.1.0.12:15022|admin:10.1.0.12:15021|client:10.1.0.12:15020|dataStream:10.1.0.12:15023|priority:1|startupRole:FOLLOWER, e645d312-f019-43dd-9582-b1afb9dcfe8b|rpc:10.1.0.12:15031|admin:10.1.0.12:15030|client:10.1.0.12:15029|dataStream:10.1.0.12:15032|priority:0|startupRole:FOLLOWER, 8d6d9f4d-1042-410a-9fac-061faec65884|rpc:10.1.0.12:15040|admin:10.1.0.12:15039|client:10.1.0.12:15038|dataStream:10.1.0.12:15041|priority:0|startupRole:FOLLOWER] with ContainerStateMachine:uninitialized
2023-09-23 10:03:28,183 [e645d312-f019-43dd-9582-b1afb9dcfe8b-groupManagement] INFO  server.RaftServerConfigKeys (ConfUtils.java:logGet(46)) - raft.server.rpc.timeout.min = 5s (custom)
2023-09-23 10:03:28,183 [e645d312-f019-43dd-9582-b1afb9dcfe8b-groupManagement] INFO  server.RaftServerConfigKeys (ConfUtils.java:logGet(46)) - raft.server.rpc.timeout.max = 5200ms (custom)
2023-09-23 10:03:28,183 [e645d312-f019-43dd-9582-b1afb9dcfe8b-groupManagement] INFO  server.RaftServerConfigKeys (ConfUtils.java:logGet(46)) - raft.server.rpc.sleep.time = 25ms (default)
2023-09-23 10:03:28,183 [e645d312-f019-43dd-9582-b1afb9dcfe8b-groupManagement] INFO  server.RaftServerConfigKeys (ConfUtils.java:logGet(46)) - raft.server.rpc.slowness.timeout = 300s (custom)
2023-09-23 10:03:28,183 [e645d312-f019-43dd-9582-b1afb9dcfe8b-groupManagement] INFO  server.RaftServerConfigKeys (ConfUtils.java:logGet(46)) - raft.server.leaderelection.leader.step-down.wait-time = 10s (default)
2023-09-23 10:03:28,183 [e645d312-f019-43dd-9582-b1afb9dcfe8b-groupManagement] INFO  server.RaftServerConfigKeys (ConfUtils.java:logGet(46)) - raft.server.sleep.deviation.threshold = 300ms (default)
2023-09-23 10:03:28,183 [e645d312-f019-43dd-9582-b1afb9dcfe8b-groupManagement] INFO  server.RaftServer$Division (ServerState.java:<init>(120)) - e645d312-f019-43dd-9582-b1afb9dcfe8b@group-DCF29BDD8F6D: ConfigurationManager, init=-1: peers:[203410cb-dfdd-4fe6-97b8-0fcafe0a2a8c|rpc:10.1.0.12:15022|admin:10.1.0.12:15021|client:10.1.0.12:15020|dataStream:10.1.0.12:15023|priority:1|startupRole:FOLLOWER, e645d312-f019-43dd-9582-b1afb9dcfe8b|rpc:10.1.0.12:15031|admin:10.1.0.12:15030|client:10.1.0.12:15029|dataStream:10.1.0.12:15032|priority:0|startupRole:FOLLOWER, 8d6d9f4d-1042-410a-9fac-061faec65884|rpc:10.1.0.12:15040|admin:10.1.0.12:15039|client:10.1.0.12:15038|dataStream:10.1.0.12:15041|priority:0|startupRole:FOLLOWER]|listeners:[], old=null, confs=<EMPTY_MAP>
2023-09-23 10:03:28,183 [e645d312-f019-43dd-9582-b1afb9dcfe8b-groupManagement] INFO  server.RaftServerConfigKeys (ConfUtils.java:logGet(46)) - raft.server.storage.dir = [/home/runner/work/ozone/ozone/hadoop-ozone/integration-test/target/test-dir/MiniOzoneClusterImpl-221a8c4e-c666-4dc9-898e-ead2ee9f568a/datanode-1/data/ratis] (custom)
2023-09-23 10:03:28,183 [e645d312-f019-43dd-9582-b1afb9dcfe8b-groupManagement] INFO  server.RaftServerConfigKeys (ConfUtils.java:logGet(46)) - raft.server.log.corruption.policy = EXCEPTION (default)
2023-09-23 10:03:28,183 [e645d312-f019-43dd-9582-b1afb9dcfe8b-groupManagement] INFO  server.RaftServerConfigKeys (ConfUtils.java:logGet(46)) - raft.server.storage.free-space.min = 0MB (=0) (default)
2023-09-23 10:03:28,184 [e645d312-f019-43dd-9582-b1afb9dcfe8b-groupManagement] INFO  server.RaftServerConfigKeys (ConfUtils.java:logGet(46)) - raft.server.notification.no-leader.timeout = 300s (custom)
2023-09-23 10:03:28,184 [e645d312-f019-43dd-9582-b1afb9dcfe8b-groupManagement] INFO  server.RaftServerConfigKeys (ConfUtils.java:logGet(46)) - raft.server.read.timeout = 10s (default)
2023-09-23 10:03:28,184 [e645d312-f019-43dd-9582-b1afb9dcfe8b-groupManagement] INFO  server.RaftServerConfigKeys (ConfUtils.java:logGet(46)) - raft.server.retrycache.expirytime = 600000ms (custom)
2023-09-23 10:03:28,184 [e645d312-f019-43dd-9582-b1afb9dcfe8b-groupManagement] INFO  server.RaftServerConfigKeys (ConfUtils.java:logGet(46)) - raft.server.retrycache.statistics.expirytime = 100μs (default)
2023-09-23 10:03:28,184 [e645d312-f019-43dd-9582-b1afb9dcfe8b-groupManagement] INFO  server.RaftServerConfigKeys (ConfUtils.java:logGet(46)) - raft.server.read.option = DEFAULT (default)
2023-09-23 10:03:28,186 [e645d312-f019-43dd-9582-b1afb9dcfe8b-groupManagement] INFO  server.RaftServerConfigKeys (ConfUtils.java:logGet(46)) - raft.server.rpc.request.timeout = 60s (custom)
2023-09-23 10:03:28,186 [e645d312-f019-43dd-9582-b1afb9dcfe8b-groupManagement] INFO  server.RaftServerConfigKeys (ConfUtils.java:logGet(46)) - raft.server.log.appender.install.snapshot.enabled = false (custom)
2023-09-23 10:03:28,186 [e645d312-f019-43dd-9582-b1afb9dcfe8b-groupManagement] INFO  server.RaftServerConfigKeys (ConfUtils.java:logGet(46)) - raft.server.threadpool.server.cached = true (default)
2023-09-23 10:03:28,186 [e645d312-f019-43dd-9582-b1afb9dcfe8b-groupManagement] INFO  server.RaftServerConfigKeys (ConfUtils.java:logGet(46)) - raft.server.threadpool.server.size = 0 (default)
2023-09-23 10:03:28,187 [e645d312-f019-43dd-9582-b1afb9dcfe8b-groupManagement] INFO  server.RaftServerConfigKeys (ConfUtils.java:logGet(46)) - raft.server.threadpool.client.cached = true (default)
2023-09-23 10:03:28,187 [e645d312-f019-43dd-9582-b1afb9dcfe8b-groupManagement] INFO  server.RaftServerConfigKeys (ConfUtils.java:logGet(46)) - raft.server.threadpool.client.size = 0 (default)
2023-09-23 10:03:28,187 [e645d312-f019-43dd-9582-b1afb9dcfe8b-groupManagement] INFO  storage.RaftStorageDirectory (RaftStorageDirectoryImpl.java:analyzeStorage(137)) - The storage directory /home/runner/work/ozone/ozone/hadoop-ozone/integration-test/target/test-dir/MiniOzoneClusterImpl-221a8c4e-c666-4dc9-898e-ead2ee9f568a/datanode-1/data/ratis/56aa30ca-10f6-40c3-a498-dcf29bdd8f6d does not exist. Creating ...
2023-09-23 10:03:28,188 [e645d312-f019-43dd-9582-b1afb9dcfe8b-groupManagement] INFO  storage.RaftStorageDirectory (RaftStorageDirectoryImpl.java:tryLock(231)) - Lock on /home/runner/work/ozone/ozone/hadoop-ozone/integration-test/target/test-dir/MiniOzoneClusterImpl-221a8c4e-c666-4dc9-898e-ead2ee9f568a/datanode-1/data/ratis/56aa30ca-10f6-40c3-a498-dcf29bdd8f6d/in_use.lock acquired by nodename 6438@fv-az1239-715
2023-09-23 10:03:28,190 [e645d312-f019-43dd-9582-b1afb9dcfe8b-groupManagement] INFO  storage.RaftStorage (RaftStorageImpl.java:format(96)) - Storage directory /home/runner/work/ozone/ozone/hadoop-ozone/integration-test/target/test-dir/MiniOzoneClusterImpl-221a8c4e-c666-4dc9-898e-ead2ee9f568a/datanode-1/data/ratis/56aa30ca-10f6-40c3-a498-dcf29bdd8f6d has been successfully formatted.
2023-09-23 10:03:28,191 [e645d312-f019-43dd-9582-b1afb9dcfe8b-groupManagement] INFO  ratis.ContainerStateMachine (ContainerStateMachine.java:loadSnapshot(262)) - group-DCF29BDD8F6D: The snapshot info is null. Setting the last applied indexto:(t:0, i:~)
2023-09-23 10:03:28,192 [e645d312-f019-43dd-9582-b1afb9dcfe8b-groupManagement] INFO  server.RaftServerConfigKeys (ConfUtils.java:logGet(46)) - raft.server.log.use.memory = false (default)
2023-09-23 10:03:28,195 [e645d312-f019-43dd-9582-b1afb9dcfe8b-groupManagement] INFO  server.RaftServerConfigKeys (ConfUtils.java:logGet(46)) - raft.server.log.purge.gap = 1000000 (custom)
2023-09-23 10:03:28,195 [e645d312-f019-43dd-9582-b1afb9dcfe8b-groupManagement] INFO  server.RaftServerConfigKeys (ConfUtils.java:logGet(46)) - raft.server.log.appender.buffer.byte-limit = 33554432 (custom)
2023-09-23 10:03:28,195 [e645d312-f019-43dd-9582-b1afb9dcfe8b-groupManagement] INFO  server.RaftServerConfigKeys (ConfUtils.java:logGet(46)) - raft.server.log.statemachine.data.read.timeout = 1000ms (default)
2023-09-23 10:03:28,195 [e645d312-f019-43dd-9582-b1afb9dcfe8b-groupManagement] INFO  server.RaftServerConfigKeys (ConfUtils.java:logGet(46)) - raft.server.log.purge.preservation.log.num = 0 (default)
2023-09-23 10:03:28,195 [e645d312-f019-43dd-9582-b1afb9dcfe8b-groupManagement] INFO  server.RaftServerConfigKeys (ConfUtils.java:logGet(46)) - raft.server.log.segment.size.max = 1048576 (custom)
2023-09-23 10:03:28,197 [e645d312-f019-43dd-9582-b1afb9dcfe8b-groupManagement] INFO  server.RaftServerConfigKeys (ConfUtils.java:logGet(46)) - raft.server.log.segment.cache.num.max = 2 (custom)
2023-09-23 10:03:28,197 [e645d312-f019-43dd-9582-b1afb9dcfe8b-groupManagement] INFO  server.RaftServerConfigKeys (ConfUtils.java:logGet(46)) - raft.server.log.segment.cache.size.max = 200MB (=209715200) (default)
2023-09-23 10:03:28,197 [e645d312-f019-43dd-9582-b1afb9dcfe8b-groupManagement] INFO  server.RaftServerConfigKeys (ConfUtils.java:logGet(46)) - raft.server.log.appender.buffer.byte-limit = 33554432 (custom)
2023-09-23 10:03:28,197 [e645d312-f019-43dd-9582-b1afb9dcfe8b-groupManagement] INFO  segmented.SegmentedRaftLogWorker (SegmentedRaftLogWorker.java:<init>(188)) - new e645d312-f019-43dd-9582-b1afb9dcfe8b@group-DCF29BDD8F6D-SegmentedRaftLogWorker for RaftStorageImpl:Storage Directory /home/runner/work/ozone/ozone/hadoop-ozone/integration-test/target/test-dir/MiniOzoneClusterImpl-221a8c4e-c666-4dc9-898e-ead2ee9f568a/datanode-1/data/ratis/56aa30ca-10f6-40c3-a498-dcf29bdd8f6d
2023-09-23 10:03:28,198 [e645d312-f019-43dd-9582-b1afb9dcfe8b-groupManagement] INFO  server.RaftServerConfigKeys (ConfUtils.java:logGet(46)) - raft.server.log.queue.byte-limit = 4294967296 (custom)
2023-09-23 10:03:28,198 [e645d312-f019-43dd-9582-b1afb9dcfe8b-groupManagement] INFO  server.RaftServerConfigKeys (ConfUtils.java:logGet(46)) - raft.server.log.queue.element-limit = 1024 (custom)
2023-09-23 10:03:28,198 [e645d312-f019-43dd-9582-b1afb9dcfe8b-groupManagement] INFO  server.RaftServerConfigKeys (ConfUtils.java:logGet(46)) - raft.server.log.segment.size.max = 1048576 (custom)
2023-09-23 10:03:28,198 [e645d312-f019-43dd-9582-b1afb9dcfe8b-groupManagement] INFO  server.RaftServerConfigKeys (ConfUtils.java:logGet(46)) - raft.server.log.preallocated.size = 16384 (custom)
2023-09-23 10:03:28,199 [e645d312-f019-43dd-9582-b1afb9dcfe8b-groupManagement] INFO  server.RaftServerConfigKeys (ConfUtils.java:logGet(46)) - raft.server.log.force.sync.num = 128 (default)
2023-09-23 10:03:28,199 [e645d312-f019-43dd-9582-b1afb9dcfe8b-groupManagement] INFO  server.RaftServerConfigKeys (ConfUtils.java:logGet(46)) - raft.server.log.statemachine.data.sync = true (default)
2023-09-23 10:03:28,199 [e645d312-f019-43dd-9582-b1afb9dcfe8b-groupManagement] INFO  server.RaftServerConfigKeys (ConfUtils.java:logGet(46)) - raft.server.log.statemachine.data.sync.timeout = 10s (default)
2023-09-23 10:03:28,199 [e645d312-f019-43dd-9582-b1afb9dcfe8b-groupManagement] INFO  server.RaftServerConfigKeys (ConfUtils.java:logGet(46)) - raft.server.log.statemachine.data.sync.timeout.retry = -1 (default)
2023-09-23 10:03:28,203 [e645d312-f019-43dd-9582-b1afb9dcfe8b-groupManagement] INFO  server.RaftServerConfigKeys (ConfUtils.java:logGet(46)) - raft.server.log.write.buffer.size = 1048576 (custom)
2023-09-23 10:03:28,204 [e645d312-f019-43dd-9582-b1afb9dcfe8b-groupManagement] INFO  server.RaftServerConfigKeys (ConfUtils.java:logGet(46)) - raft.server.log.appender.buffer.byte-limit = 33554432 (custom)
2023-09-23 10:03:28,212 [e645d312-f019-43dd-9582-b1afb9dcfe8b-groupManagement] INFO  server.RaftServerConfigKeys (ConfUtils.java:logGet(46)) - raft.server.log.unsafe-flush.enabled = false (default)
2023-09-23 10:03:28,212 [e645d312-f019-43dd-9582-b1afb9dcfe8b-groupManagement] INFO  server.RaftServerConfigKeys (ConfUtils.java:logGet(46)) - raft.server.log.async-flush.enabled = false (default)
2023-09-23 10:03:28,212 [e645d312-f019-43dd-9582-b1afb9dcfe8b-groupManagement] INFO  server.RaftServerConfigKeys (ConfUtils.java:logGet(46)) - raft.server.log.statemachine.data.caching.enabled = true (custom)
2023-09-23 10:03:28,214 [e645d312-f019-43dd-9582-b1afb9dcfe8b-groupManagement] INFO  segmented.SegmentedRaftLogWorker (SegmentedRaftLogWorker.java:lambda$new$0(135)) - e645d312-f019-43dd-9582-b1afb9dcfe8b@group-DCF29BDD8F6D-SegmentedRaftLogWorker: flushIndex: setUnconditionally 0 -> -1
2023-09-23 10:03:28,214 [e645d312-f019-43dd-9582-b1afb9dcfe8b-groupManagement] INFO  segmented.SegmentedRaftLogWorker (SegmentedRaftLogWorker.java:lambda$new$0(135)) - e645d312-f019-43dd-9582-b1afb9dcfe8b@group-DCF29BDD8F6D-SegmentedRaftLogWorker: safeCacheEvictIndex: setUnconditionally 0 -> -1
2023-09-23 10:03:28,214 [e645d312-f019-43dd-9582-b1afb9dcfe8b-groupManagement] INFO  server.RaftServer$Division (RaftServerImpl.java:start(342)) - e645d312-f019-43dd-9582-b1afb9dcfe8b@group-DCF29BDD8F6D: start as a follower, conf=-1: peers:[203410cb-dfdd-4fe6-97b8-0fcafe0a2a8c|rpc:10.1.0.12:15022|admin:10.1.0.12:15021|client:10.1.0.12:15020|dataStream:10.1.0.12:15023|priority:1|startupRole:FOLLOWER, e645d312-f019-43dd-9582-b1afb9dcfe8b|rpc:10.1.0.12:15031|admin:10.1.0.12:15030|client:10.1.0.12:15029|dataStream:10.1.0.12:15032|priority:0|startupRole:FOLLOWER, 8d6d9f4d-1042-410a-9fac-061faec65884|rpc:10.1.0.12:15040|admin:10.1.0.12:15039|client:10.1.0.12:15038|dataStream:10.1.0.12:15041|priority:0|startupRole:FOLLOWER]|listeners:[], old=null
2023-09-23 10:03:28,214 [e645d312-f019-43dd-9582-b1afb9dcfe8b-groupManagement] INFO  server.RaftServer$Division (RaftServerImpl.java:setRole(329)) - e645d312-f019-43dd-9582-b1afb9dcfe8b@group-DCF29BDD8F6D: changes role from      null to FOLLOWER at term 0 for startAsFollower
2023-09-23 10:03:28,214 [e645d312-f019-43dd-9582-b1afb9dcfe8b-groupManagement] INFO  impl.RoleInfo (RoleInfo.java:updateAndGet(139)) - e645d312-f019-43dd-9582-b1afb9dcfe8b: start e645d312-f019-43dd-9582-b1afb9dcfe8b@group-DCF29BDD8F6D-FollowerState
2023-09-23 10:03:28,218 [e645d312-f019-43dd-9582-b1afb9dcfe8b-groupManagement] INFO  util.JmxRegister (JmxRegister.java:tryRegister(44)) - Successfully registered JMX Bean with object name Ratis:service=RaftServer,group=group-DCF29BDD8F6D,id=e645d312-f019-43dd-9582-b1afb9dcfe8b
2023-09-23 10:03:28,218 [e645d312-f019-43dd-9582-b1afb9dcfe8b-groupManagement] INFO  server.RaftServerConfigKeys (ConfUtils.java:logGet(46)) - raft.server.snapshot.auto.trigger.enabled = true (custom)
2023-09-23 10:03:28,218 [e645d312-f019-43dd-9582-b1afb9dcfe8b-groupManagement] INFO  server.RaftServerConfigKeys (ConfUtils.java:logGet(46)) - raft.server.snapshot.auto.trigger.threshold = 10000 (custom)
2023-09-23 10:03:28,218 [e645d312-f019-43dd-9582-b1afb9dcfe8b-groupManagement] INFO  server.RaftServerConfigKeys (ConfUtils.java:logGet(46)) - raft.server.snapshot.retention.file.num = 5 (custom)
2023-09-23 10:03:28,218 [e645d312-f019-43dd-9582-b1afb9dcfe8b-groupManagement] INFO  server.RaftServerConfigKeys (ConfUtils.java:logGet(46)) - raft.server.log.purge.upto.snapshot.index = false (default)
2023-09-23 10:03:28,224 [e645d312-f019-43dd-9582-b1afb9dcfe8b@group-DCF29BDD8F6D-FollowerState] INFO  server.RaftServerConfigKeys (ConfUtils.java:logFallback(53)) - raft.server.rpc.first-election.timeout.min = 5s (fallback to raft.server.rpc.timeout.min)
2023-09-23 10:03:28,227 [e645d312-f019-43dd-9582-b1afb9dcfe8b@group-DCF29BDD8F6D-FollowerState] INFO  server.RaftServerConfigKeys (ConfUtils.java:logFallback(53)) - raft.server.rpc.first-election.timeout.max = 5200ms (fallback to raft.server.rpc.timeout.max)
2023-09-23 10:03:28,287 [grpc-default-executor-1] INFO  server.RaftServer (RaftServerProxy.java:addNew(98)) - 8d6d9f4d-1042-410a-9fac-061faec65884: addNew group-DCF29BDD8F6D:[203410cb-dfdd-4fe6-97b8-0fcafe0a2a8c|rpc:10.1.0.12:15022|admin:10.1.0.12:15021|client:10.1.0.12:15020|dataStream:10.1.0.12:15023|priority:1|startupRole:FOLLOWER, e645d312-f019-43dd-9582-b1afb9dcfe8b|rpc:10.1.0.12:15031|admin:10.1.0.12:15030|client:10.1.0.12:15029|dataStream:10.1.0.12:15032|priority:0|startupRole:FOLLOWER, 8d6d9f4d-1042-410a-9fac-061faec65884|rpc:10.1.0.12:15040|admin:10.1.0.12:15039|client:10.1.0.12:15038|dataStream:10.1.0.12:15041|priority:0|startupRole:FOLLOWER] returns group-DCF29BDD8F6D:java.util.concurrent.CompletableFuture@3220df28[Not completed]
2023-09-23 10:03:28,289 [8d6d9f4d-1042-410a-9fac-061faec65884-groupManagement] INFO  server.RaftServer$Division (RaftServerImpl.java:<init>(198)) - 8d6d9f4d-1042-410a-9fac-061faec65884: new RaftServerImpl for group-DCF29BDD8F6D:[203410cb-dfdd-4fe6-97b8-0fcafe0a2a8c|rpc:10.1.0.12:15022|admin:10.1.0.12:15021|client:10.1.0.12:15020|dataStream:10.1.0.12:15023|priority:1|startupRole:FOLLOWER, e645d312-f019-43dd-9582-b1afb9dcfe8b|rpc:10.1.0.12:15031|admin:10.1.0.12:15030|client:10.1.0.12:15029|dataStream:10.1.0.12:15032|priority:0|startupRole:FOLLOWER, 8d6d9f4d-1042-410a-9fac-061faec65884|rpc:10.1.0.12:15040|admin:10.1.0.12:15039|client:10.1.0.12:15038|dataStream:10.1.0.12:15041|priority:0|startupRole:FOLLOWER] with ContainerStateMachine:uninitialized
2023-09-23 10:03:28,289 [8d6d9f4d-1042-410a-9fac-061faec65884-groupManagement] INFO  server.RaftServerConfigKeys (ConfUtils.java:logGet(46)) - raft.server.rpc.timeout.min = 5s (custom)
2023-09-23 10:03:28,289 [8d6d9f4d-1042-410a-9fac-061faec65884-groupManagement] INFO  server.RaftServerConfigKeys (ConfUtils.java:logGet(46)) - raft.server.rpc.timeout.max = 5200ms (custom)
2023-09-23 10:03:28,289 [8d6d9f4d-1042-410a-9fac-061faec65884-groupManagement] INFO  server.RaftServerConfigKeys (ConfUtils.java:logGet(46)) - raft.server.rpc.sleep.time = 25ms (default)
2023-09-23 10:03:28,289 [8d6d9f4d-1042-410a-9fac-061faec65884-groupManagement] INFO  server.RaftServerConfigKeys (ConfUtils.java:logGet(46)) - raft.server.rpc.slowness.timeout = 300s (custom)
2023-09-23 10:03:28,289 [8d6d9f4d-1042-410a-9fac-061faec65884-groupManagement] INFO  server.RaftServerConfigKeys (ConfUtils.java:logGet(46)) - raft.server.leaderelection.leader.step-down.wait-time = 10s (default)
2023-09-23 10:03:28,289 [8d6d9f4d-1042-410a-9fac-061faec65884-groupManagement] INFO  server.RaftServerConfigKeys (ConfUtils.java:logGet(46)) - raft.server.sleep.deviation.threshold = 300ms (default)
2023-09-23 10:03:28,290 [8d6d9f4d-1042-410a-9fac-061faec65884-groupManagement] INFO  server.RaftServer$Division (ServerState.java:<init>(120)) - 8d6d9f4d-1042-410a-9fac-061faec65884@group-DCF29BDD8F6D: ConfigurationManager, init=-1: peers:[203410cb-dfdd-4fe6-97b8-0fcafe0a2a8c|rpc:10.1.0.12:15022|admin:10.1.0.12:15021|client:10.1.0.12:15020|dataStream:10.1.0.12:15023|priority:1|startupRole:FOLLOWER, e645d312-f019-43dd-9582-b1afb9dcfe8b|rpc:10.1.0.12:15031|admin:10.1.0.12:15030|client:10.1.0.12:15029|dataStream:10.1.0.12:15032|priority:0|startupRole:FOLLOWER, 8d6d9f4d-1042-410a-9fac-061faec65884|rpc:10.1.0.12:15040|admin:10.1.0.12:15039|client:10.1.0.12:15038|dataStream:10.1.0.12:15041|priority:0|startupRole:FOLLOWER]|listeners:[], old=null, confs=<EMPTY_MAP>
2023-09-23 10:03:28,290 [8d6d9f4d-1042-410a-9fac-061faec65884-groupManagement] INFO  server.RaftServerConfigKeys (ConfUtils.java:logGet(46)) - raft.server.storage.dir = [/home/runner/work/ozone/ozone/hadoop-ozone/integration-test/target/test-dir/MiniOzoneClusterImpl-221a8c4e-c666-4dc9-898e-ead2ee9f568a/datanode-2/data/ratis] (custom)
2023-09-23 10:03:28,290 [8d6d9f4d-1042-410a-9fac-061faec65884-groupManagement] INFO  server.RaftServerConfigKeys (ConfUtils.java:logGet(46)) - raft.server.log.corruption.policy = EXCEPTION (default)
2023-09-23 10:03:28,290 [8d6d9f4d-1042-410a-9fac-061faec65884-groupManagement] INFO  server.RaftServerConfigKeys (ConfUtils.java:logGet(46)) - raft.server.storage.free-space.min = 0MB (=0) (default)
2023-09-23 10:03:28,290 [8d6d9f4d-1042-410a-9fac-061faec65884-groupManagement] INFO  server.RaftServerConfigKeys (ConfUtils.java:logGet(46)) - raft.server.notification.no-leader.timeout = 300s (custom)
2023-09-23 10:03:28,291 [8d6d9f4d-1042-410a-9fac-061faec65884-groupManagement] INFO  server.RaftServerConfigKeys (ConfUtils.java:logGet(46)) - raft.server.read.timeout = 10s (default)
2023-09-23 10:03:28,291 [8d6d9f4d-1042-410a-9fac-061faec65884-groupManagement] INFO  server.RaftServerConfigKeys (ConfUtils.java:logGet(46)) - raft.server.retrycache.expirytime = 600000ms (custom)
2023-09-23 10:03:28,291 [8d6d9f4d-1042-410a-9fac-061faec65884-groupManagement] INFO  server.RaftServerConfigKeys (ConfUtils.java:logGet(46)) - raft.server.retrycache.statistics.expirytime = 100μs (default)
2023-09-23 10:03:28,291 [8d6d9f4d-1042-410a-9fac-061faec65884-groupManagement] INFO  server.RaftServerConfigKeys (ConfUtils.java:logGet(46)) - raft.server.read.option = DEFAULT (default)
2023-09-23 10:03:28,294 [8d6d9f4d-1042-410a-9fac-061faec65884-groupManagement] INFO  server.RaftServerConfigKeys (ConfUtils.java:logGet(46)) - raft.server.rpc.request.timeout = 60s (custom)
2023-09-23 10:03:28,294 [8d6d9f4d-1042-410a-9fac-061faec65884-groupManagement] INFO  server.RaftServerConfigKeys (ConfUtils.java:logGet(46)) - raft.server.log.appender.install.snapshot.enabled = false (custom)
2023-09-23 10:03:28,294 [8d6d9f4d-1042-410a-9fac-061faec65884-groupManagement] INFO  server.RaftServerConfigKeys (ConfUtils.java:logGet(46)) - raft.server.threadpool.server.cached = true (default)
2023-09-23 10:03:28,294 [8d6d9f4d-1042-410a-9fac-061faec65884-groupManagement] INFO  server.RaftServerConfigKeys (ConfUtils.java:logGet(46)) - raft.server.threadpool.server.size = 0 (default)
2023-09-23 10:03:28,294 [8d6d9f4d-1042-410a-9fac-061faec65884-groupManagement] INFO  server.RaftServerConfigKeys (ConfUtils.java:logGet(46)) - raft.server.threadpool.client.cached = true (default)
2023-09-23 10:03:28,294 [8d6d9f4d-1042-410a-9fac-061faec65884-groupManagement] INFO  server.RaftServerConfigKeys (ConfUtils.java:logGet(46)) - raft.server.threadpool.client.size = 0 (default)
2023-09-23 10:03:28,294 [8d6d9f4d-1042-410a-9fac-061faec65884-groupManagement] INFO  storage.RaftStorageDirectory (RaftStorageDirectoryImpl.java:analyzeStorage(137)) - The storage directory /home/runner/work/ozone/ozone/hadoop-ozone/integration-test/target/test-dir/MiniOzoneClusterImpl-221a8c4e-c666-4dc9-898e-ead2ee9f568a/datanode-2/data/ratis/56aa30ca-10f6-40c3-a498-dcf29bdd8f6d does not exist. Creating ...
2023-09-23 10:03:28,295 [8d6d9f4d-1042-410a-9fac-061faec65884-groupManagement] INFO  storage.RaftStorageDirectory (RaftStorageDirectoryImpl.java:tryLock(231)) - Lock on /home/runner/work/ozone/ozone/hadoop-ozone/integration-test/target/test-dir/MiniOzoneClusterImpl-221a8c4e-c666-4dc9-898e-ead2ee9f568a/datanode-2/data/ratis/56aa30ca-10f6-40c3-a498-dcf29bdd8f6d/in_use.lock acquired by nodename 6438@fv-az1239-715
2023-09-23 10:03:28,297 [8d6d9f4d-1042-410a-9fac-061faec65884-groupManagement] INFO  storage.RaftStorage (RaftStorageImpl.java:format(96)) - Storage directory /home/runner/work/ozone/ozone/hadoop-ozone/integration-test/target/test-dir/MiniOzoneClusterImpl-221a8c4e-c666-4dc9-898e-ead2ee9f568a/datanode-2/data/ratis/56aa30ca-10f6-40c3-a498-dcf29bdd8f6d has been successfully formatted.
2023-09-23 10:03:28,298 [8d6d9f4d-1042-410a-9fac-061faec65884-groupManagement] INFO  ratis.ContainerStateMachine (ContainerStateMachine.java:loadSnapshot(262)) - group-DCF29BDD8F6D: The snapshot info is null. Setting the last applied indexto:(t:0, i:~)
2023-09-23 10:03:28,298 [8d6d9f4d-1042-410a-9fac-061faec65884-groupManagement] INFO  server.RaftServerConfigKeys (ConfUtils.java:logGet(46)) - raft.server.log.use.memory = false (default)
2023-09-23 10:03:28,298 [8d6d9f4d-1042-410a-9fac-061faec65884-groupManagement] INFO  server.RaftServerConfigKeys (ConfUtils.java:logGet(46)) - raft.server.log.purge.gap = 1000000 (custom)
2023-09-23 10:03:28,298 [8d6d9f4d-1042-410a-9fac-061faec65884-groupManagement] INFO  server.RaftServerConfigKeys (ConfUtils.java:logGet(46)) - raft.server.log.appender.buffer.byte-limit = 33554432 (custom)
2023-09-23 10:03:28,298 [8d6d9f4d-1042-410a-9fac-061faec65884-groupManagement] INFO  server.RaftServerConfigKeys (ConfUtils.java:logGet(46)) - raft.server.log.statemachine.data.read.timeout = 1000ms (default)
2023-09-23 10:03:28,298 [8d6d9f4d-1042-410a-9fac-061faec65884-groupManagement] INFO  server.RaftServerConfigKeys (ConfUtils.java:logGet(46)) - raft.server.log.purge.preservation.log.num = 0 (default)
2023-09-23 10:03:28,303 [8d6d9f4d-1042-410a-9fac-061faec65884-groupManagement] INFO  server.RaftServerConfigKeys (ConfUtils.java:logGet(46)) - raft.server.log.segment.size.max = 1048576 (custom)
2023-09-23 10:03:28,303 [8d6d9f4d-1042-410a-9fac-061faec65884-groupManagement] INFO  server.RaftServerConfigKeys (ConfUtils.java:logGet(46)) - raft.server.log.segment.cache.num.max = 2 (custom)
2023-09-23 10:03:28,303 [8d6d9f4d-1042-410a-9fac-061faec65884-groupManagement] INFO  server.RaftServerConfigKeys (ConfUtils.java:logGet(46)) - raft.server.log.segment.cache.size.max = 200MB (=209715200) (default)
2023-09-23 10:03:28,303 [8d6d9f4d-1042-410a-9fac-061faec65884-groupManagement] INFO  server.RaftServerConfigKeys (ConfUtils.java:logGet(46)) - raft.server.log.appender.buffer.byte-limit = 33554432 (custom)
2023-09-23 10:03:28,303 [8d6d9f4d-1042-410a-9fac-061faec65884-groupManagement] INFO  segmented.SegmentedRaftLogWorker (SegmentedRaftLogWorker.java:<init>(188)) - new 8d6d9f4d-1042-410a-9fac-061faec65884@group-DCF29BDD8F6D-SegmentedRaftLogWorker for RaftStorageImpl:Storage Directory /home/runner/work/ozone/ozone/hadoop-ozone/integration-test/target/test-dir/MiniOzoneClusterImpl-221a8c4e-c666-4dc9-898e-ead2ee9f568a/datanode-2/data/ratis/56aa30ca-10f6-40c3-a498-dcf29bdd8f6d
2023-09-23 10:03:28,303 [8d6d9f4d-1042-410a-9fac-061faec65884-groupManagement] INFO  server.RaftServerConfigKeys (ConfUtils.java:logGet(46)) - raft.server.log.queue.byte-limit = 4294967296 (custom)
2023-09-23 10:03:28,304 [8d6d9f4d-1042-410a-9fac-061faec65884-groupManagement] INFO  server.RaftServerConfigKeys (ConfUtils.java:logGet(46)) - raft.server.log.queue.element-limit = 1024 (custom)
2023-09-23 10:03:28,304 [8d6d9f4d-1042-410a-9fac-061faec65884-groupManagement] INFO  server.RaftServerConfigKeys (ConfUtils.java:logGet(46)) - raft.server.log.segment.size.max = 1048576 (custom)
2023-09-23 10:03:28,304 [8d6d9f4d-1042-410a-9fac-061faec65884-groupManagement] INFO  server.RaftServerConfigKeys (ConfUtils.java:logGet(46)) - raft.server.log.preallocated.size = 16384 (custom)
2023-09-23 10:03:28,304 [8d6d9f4d-1042-410a-9fac-061faec65884-groupManagement] INFO  server.RaftServerConfigKeys (ConfUtils.java:logGet(46)) - raft.server.log.force.sync.num = 128 (default)
2023-09-23 10:03:28,304 [8d6d9f4d-1042-410a-9fac-061faec65884-groupManagement] INFO  server.RaftServerConfigKeys (ConfUtils.java:logGet(46)) - raft.server.log.statemachine.data.sync = true (default)
2023-09-23 10:03:28,304 [8d6d9f4d-1042-410a-9fac-061faec65884-groupManagement] INFO  server.RaftServerConfigKeys (ConfUtils.java:logGet(46)) - raft.server.log.statemachine.data.sync.timeout = 10s (default)
2023-09-23 10:03:28,304 [8d6d9f4d-1042-410a-9fac-061faec65884-groupManagement] INFO  server.RaftServerConfigKeys (ConfUtils.java:logGet(46)) - raft.server.log.statemachine.data.sync.timeout.retry = -1 (default)
2023-09-23 10:03:28,305 [8d6d9f4d-1042-410a-9fac-061faec65884-groupManagement] INFO  server.RaftServerConfigKeys (ConfUtils.java:logGet(46)) - raft.server.log.write.buffer.size = 1048576 (custom)
2023-09-23 10:03:28,306 [8d6d9f4d-1042-410a-9fac-061faec65884-groupManagement] INFO  server.RaftServerConfigKeys (ConfUtils.java:logGet(46)) - raft.server.log.appender.buffer.byte-limit = 33554432 (custom)
2023-09-23 10:03:28,317 [8d6d9f4d-1042-410a-9fac-061faec65884-groupManagement] INFO  server.RaftServerConfigKeys (ConfUtils.java:logGet(46)) - raft.server.log.unsafe-flush.enabled = false (default)
2023-09-23 10:03:28,317 [8d6d9f4d-1042-410a-9fac-061faec65884-groupManagement] INFO  server.RaftServerConfigKeys (ConfUtils.java:logGet(46)) - raft.server.log.async-flush.enabled = false (default)
2023-09-23 10:03:28,317 [8d6d9f4d-1042-410a-9fac-061faec65884-groupManagement] INFO  server.RaftServerConfigKeys (ConfUtils.java:logGet(46)) - raft.server.log.statemachine.data.caching.enabled = true (custom)
2023-09-23 10:03:28,317 [8d6d9f4d-1042-410a-9fac-061faec65884-groupManagement] INFO  segmented.SegmentedRaftLogWorker (SegmentedRaftLogWorker.java:lambda$new$0(135)) - 8d6d9f4d-1042-410a-9fac-061faec65884@group-DCF29BDD8F6D-SegmentedRaftLogWorker: flushIndex: setUnconditionally 0 -> -1
2023-09-23 10:03:28,317 [8d6d9f4d-1042-410a-9fac-061faec65884-groupManagement] INFO  segmented.SegmentedRaftLogWorker (SegmentedRaftLogWorker.java:lambda$new$0(135)) - 8d6d9f4d-1042-410a-9fac-061faec65884@group-DCF29BDD8F6D-SegmentedRaftLogWorker: safeCacheEvictIndex: setUnconditionally 0 -> -1
2023-09-23 10:03:28,318 [8d6d9f4d-1042-410a-9fac-061faec65884-groupManagement] INFO  server.RaftServer$Division (RaftServerImpl.java:start(342)) - 8d6d9f4d-1042-410a-9fac-061faec65884@group-DCF29BDD8F6D: start as a follower, conf=-1: peers:[203410cb-dfdd-4fe6-97b8-0fcafe0a2a8c|rpc:10.1.0.12:15022|admin:10.1.0.12:15021|client:10.1.0.12:15020|dataStream:10.1.0.12:15023|priority:1|startupRole:FOLLOWER, e645d312-f019-43dd-9582-b1afb9dcfe8b|rpc:10.1.0.12:15031|admin:10.1.0.12:15030|client:10.1.0.12:15029|dataStream:10.1.0.12:15032|priority:0|startupRole:FOLLOWER, 8d6d9f4d-1042-410a-9fac-061faec65884|rpc:10.1.0.12:15040|admin:10.1.0.12:15039|client:10.1.0.12:15038|dataStream:10.1.0.12:15041|priority:0|startupRole:FOLLOWER]|listeners:[], old=null
2023-09-23 10:03:28,318 [8d6d9f4d-1042-410a-9fac-061faec65884-groupManagement] INFO  server.RaftServer$Division (RaftServerImpl.java:setRole(329)) - 8d6d9f4d-1042-410a-9fac-061faec65884@group-DCF29BDD8F6D: changes role from      null to FOLLOWER at term 0 for startAsFollower
2023-09-23 10:03:28,318 [8d6d9f4d-1042-410a-9fac-061faec65884-groupManagement] INFO  impl.RoleInfo (RoleInfo.java:updateAndGet(139)) - 8d6d9f4d-1042-410a-9fac-061faec65884: start 8d6d9f4d-1042-410a-9fac-061faec65884@group-DCF29BDD8F6D-FollowerState
2023-09-23 10:03:28,319 [8d6d9f4d-1042-410a-9fac-061faec65884-groupManagement] INFO  util.JmxRegister (JmxRegister.java:tryRegister(44)) - Successfully registered JMX Bean with object name Ratis:service=RaftServer,group=group-DCF29BDD8F6D,id=8d6d9f4d-1042-410a-9fac-061faec65884
2023-09-23 10:03:28,319 [8d6d9f4d-1042-410a-9fac-061faec65884@group-DCF29BDD8F6D-FollowerState] INFO  server.RaftServerConfigKeys (ConfUtils.java:logFallback(53)) - raft.server.rpc.first-election.timeout.min = 5s (fallback to raft.server.rpc.timeout.min)
2023-09-23 10:03:28,319 [8d6d9f4d-1042-410a-9fac-061faec65884-groupManagement] INFO  server.RaftServerConfigKeys (ConfUtils.java:logGet(46)) - raft.server.snapshot.auto.trigger.enabled = true (custom)
2023-09-23 10:03:28,320 [8d6d9f4d-1042-410a-9fac-061faec65884@group-DCF29BDD8F6D-FollowerState] INFO  server.RaftServerConfigKeys (ConfUtils.java:logFallback(53)) - raft.server.rpc.first-election.timeout.max = 5200ms (fallback to raft.server.rpc.timeout.max)
2023-09-23 10:03:28,320 [8d6d9f4d-1042-410a-9fac-061faec65884-groupManagement] INFO  server.RaftServerConfigKeys (ConfUtils.java:logGet(46)) - raft.server.snapshot.auto.trigger.threshold = 10000 (custom)
2023-09-23 10:03:28,320 [8d6d9f4d-1042-410a-9fac-061faec65884-groupManagement] INFO  server.RaftServerConfigKeys (ConfUtils.java:logGet(46)) - raft.server.snapshot.retention.file.num = 5 (custom)
2023-09-23 10:03:28,320 [8d6d9f4d-1042-410a-9fac-061faec65884-groupManagement] INFO  server.RaftServerConfigKeys (ConfUtils.java:logGet(46)) - raft.server.log.purge.upto.snapshot.index = false (default)
2023-09-23 10:03:28,333 [PipelineCommandHandlerThread-0] INFO  commandhandler.CreatePipelineCommandHandler (CreatePipelineCommandHandler.java:lambda$handle$2(124)) - Created Pipeline RATIS THREE PipelineID=56aa30ca-10f6-40c3-a498-dcf29bdd8f6d.
2023-09-23 10:03:28,333 [PipelineCommandHandlerThread-0] INFO  server.RaftServer (RaftServerProxy.java:addNew(98)) - 203410cb-dfdd-4fe6-97b8-0fcafe0a2a8c: addNew group-82467C91C693:[203410cb-dfdd-4fe6-97b8-0fcafe0a2a8c|rpc:10.1.0.12:15022|admin:10.1.0.12:15021|client:10.1.0.12:15020|dataStream:10.1.0.12:15023|priority:0|startupRole:FOLLOWER, e645d312-f019-43dd-9582-b1afb9dcfe8b|rpc:10.1.0.12:15031|admin:10.1.0.12:15030|client:10.1.0.12:15029|dataStream:10.1.0.12:15032|priority:1|startupRole:FOLLOWER, 8d6d9f4d-1042-410a-9fac-061faec65884|rpc:10.1.0.12:15040|admin:10.1.0.12:15039|client:10.1.0.12:15038|dataStream:10.1.0.12:15041|priority:0|startupRole:FOLLOWER] returns group-82467C91C693:java.util.concurrent.CompletableFuture@479d9577[Not completed]
2023-09-23 10:03:28,335 [203410cb-dfdd-4fe6-97b8-0fcafe0a2a8c-groupManagement] INFO  server.RaftServer$Division (RaftServerImpl.java:<init>(198)) - 203410cb-dfdd-4fe6-97b8-0fcafe0a2a8c: new RaftServerImpl for group-82467C91C693:[203410cb-dfdd-4fe6-97b8-0fcafe0a2a8c|rpc:10.1.0.12:15022|admin:10.1.0.12:15021|client:10.1.0.12:15020|dataStream:10.1.0.12:15023|priority:0|startupRole:FOLLOWER, e645d312-f019-43dd-9582-b1afb9dcfe8b|rpc:10.1.0.12:15031|admin:10.1.0.12:15030|client:10.1.0.12:15029|dataStream:10.1.0.12:15032|priority:1|startupRole:FOLLOWER, 8d6d9f4d-1042-410a-9fac-061faec65884|rpc:10.1.0.12:15040|admin:10.1.0.12:15039|client:10.1.0.12:15038|dataStream:10.1.0.12:15041|priority:0|startupRole:FOLLOWER] with ContainerStateMachine:uninitialized
2023-09-23 10:03:28,335 [203410cb-dfdd-4fe6-97b8-0fcafe0a2a8c-groupManagement] INFO  server.RaftServerConfigKeys (ConfUtils.java:logGet(46)) - raft.server.rpc.timeout.min = 5s (custom)
2023-09-23 10:03:28,335 [203410cb-dfdd-4fe6-97b8-0fcafe0a2a8c-groupManagement] INFO  server.RaftServerConfigKeys (ConfUtils.java:logGet(46)) - raft.server.rpc.timeout.max = 5200ms (custom)
2023-09-23 10:03:28,335 [203410cb-dfdd-4fe6-97b8-0fcafe0a2a8c-groupManagement] INFO  server.RaftServerConfigKeys (ConfUtils.java:logGet(46)) - raft.server.rpc.sleep.time = 25ms (default)
2023-09-23 10:03:28,335 [203410cb-dfdd-4fe6-97b8-0fcafe0a2a8c-groupManagement] INFO  server.RaftServerConfigKeys (ConfUtils.java:logGet(46)) - raft.server.rpc.slowness.timeout = 300s (custom)
2023-09-23 10:03:28,335 [203410cb-dfdd-4fe6-97b8-0fcafe0a2a8c-groupManagement] INFO  server.RaftServerConfigKeys (ConfUtils.java:logGet(46)) - raft.server.leaderelection.leader.step-down.wait-time = 10s (default)
2023-09-23 10:03:28,335 [203410cb-dfdd-4fe6-97b8-0fcafe0a2a8c-groupManagement] INFO  server.RaftServerConfigKeys (ConfUtils.java:logGet(46)) - raft.server.sleep.deviation.threshold = 300ms (default)
2023-09-23 10:03:28,335 [203410cb-dfdd-4fe6-97b8-0fcafe0a2a8c-groupManagement] INFO  server.RaftServer$Division (ServerState.java:<init>(120)) - 203410cb-dfdd-4fe6-97b8-0fcafe0a2a8c@group-82467C91C693: ConfigurationManager, init=-1: peers:[203410cb-dfdd-4fe6-97b8-0fcafe0a2a8c|rpc:10.1.0.12:15022|admin:10.1.0.12:15021|client:10.1.0.12:15020|dataStream:10.1.0.12:15023|priority:0|startupRole:FOLLOWER, e645d312-f019-43dd-9582-b1afb9dcfe8b|rpc:10.1.0.12:15031|admin:10.1.0.12:15030|client:10.1.0.12:15029|dataStream:10.1.0.12:15032|priority:1|startupRole:FOLLOWER, 8d6d9f4d-1042-410a-9fac-061faec65884|rpc:10.1.0.12:15040|admin:10.1.0.12:15039|client:10.1.0.12:15038|dataStream:10.1.0.12:15041|priority:0|startupRole:FOLLOWER]|listeners:[], old=null, confs=<EMPTY_MAP>
2023-09-23 10:03:28,336 [203410cb-dfdd-4fe6-97b8-0fcafe0a2a8c-groupManagement] INFO  server.RaftServerConfigKeys (ConfUtils.java:logGet(46)) - raft.server.storage.dir = [/home/runner/work/ozone/ozone/hadoop-ozone/integration-test/target/test-dir/MiniOzoneClusterImpl-221a8c4e-c666-4dc9-898e-ead2ee9f568a/datanode-0/data/ratis] (custom)
2023-09-23 10:03:28,336 [203410cb-dfdd-4fe6-97b8-0fcafe0a2a8c-groupManagement] INFO  server.RaftServerConfigKeys (ConfUtils.java:logGet(46)) - raft.server.log.corruption.policy = EXCEPTION (default)
2023-09-23 10:03:28,336 [203410cb-dfdd-4fe6-97b8-0fcafe0a2a8c-groupManagement] INFO  server.RaftServerConfigKeys (ConfUtils.java:logGet(46)) - raft.server.storage.free-space.min = 0MB (=0) (default)
2023-09-23 10:03:28,336 [203410cb-dfdd-4fe6-97b8-0fcafe0a2a8c-groupManagement] INFO  server.RaftServerConfigKeys (ConfUtils.java:logGet(46)) - raft.server.notification.no-leader.timeout = 300s (custom)
2023-09-23 10:03:28,336 [203410cb-dfdd-4fe6-97b8-0fcafe0a2a8c-groupManagement] INFO  server.RaftServerConfigKeys (ConfUtils.java:logGet(46)) - raft.server.read.timeout = 10s (default)
2023-09-23 10:03:28,336 [203410cb-dfdd-4fe6-97b8-0fcafe0a2a8c-groupManagement] INFO  server.RaftServerConfigKeys (ConfUtils.java:logGet(46)) - raft.server.retrycache.expirytime = 600000ms (custom)
2023-09-23 10:03:28,338 [203410cb-dfdd-4fe6-97b8-0fcafe0a2a8c-groupManagement] INFO  server.RaftServerConfigKeys (ConfUtils.java:logGet(46)) - raft.server.retrycache.statistics.expirytime = 100μs (default)
2023-09-23 10:03:28,339 [203410cb-dfdd-4fe6-97b8-0fcafe0a2a8c-groupManagement] INFO  server.RaftServerConfigKeys (ConfUtils.java:logGet(46)) - raft.server.read.option = DEFAULT (default)
2023-09-23 10:03:28,340 [203410cb-dfdd-4fe6-97b8-0fcafe0a2a8c-groupManagement] INFO  server.RaftServerConfigKeys (ConfUtils.java:logGet(46)) - raft.server.rpc.request.timeout = 60s (custom)
2023-09-23 10:03:28,340 [203410cb-dfdd-4fe6-97b8-0fcafe0a2a8c-groupManagement] INFO  server.RaftServerConfigKeys (ConfUtils.java:logGet(46)) - raft.server.log.appender.install.snapshot.enabled = false (custom)
2023-09-23 10:03:28,340 [203410cb-dfdd-4fe6-97b8-0fcafe0a2a8c-groupManagement] INFO  server.RaftServerConfigKeys (ConfUtils.java:logGet(46)) - raft.server.threadpool.server.cached = true (default)
2023-09-23 10:03:28,340 [203410cb-dfdd-4fe6-97b8-0fcafe0a2a8c-groupManagement] INFO  server.RaftServerConfigKeys (ConfUtils.java:logGet(46)) - raft.server.threadpool.server.size = 0 (default)
2023-09-23 10:03:28,340 [203410cb-dfdd-4fe6-97b8-0fcafe0a2a8c-groupManagement] INFO  server.RaftServerConfigKeys (ConfUtils.java:logGet(46)) - raft.server.threadpool.client.cached = true (default)
2023-09-23 10:03:28,340 [203410cb-dfdd-4fe6-97b8-0fcafe0a2a8c-groupManagement] INFO  server.RaftServerConfigKeys (ConfUtils.java:logGet(46)) - raft.server.threadpool.client.size = 0 (default)
2023-09-23 10:03:28,341 [203410cb-dfdd-4fe6-97b8-0fcafe0a2a8c-groupManagement] INFO  storage.RaftStorageDirectory (RaftStorageDirectoryImpl.java:analyzeStorage(137)) - The storage directory /home/runner/work/ozone/ozone/hadoop-ozone/integration-test/target/test-dir/MiniOzoneClusterImpl-221a8c4e-c666-4dc9-898e-ead2ee9f568a/datanode-0/data/ratis/de86ac2d-47c3-4ad8-af8c-82467c91c693 does not exist. Creating ...
2023-09-23 10:03:28,347 [203410cb-dfdd-4fe6-97b8-0fcafe0a2a8c-groupManagement] INFO  storage.RaftStorageDirectory (RaftStorageDirectoryImpl.java:tryLock(231)) - Lock on /home/runner/work/ozone/ozone/hadoop-ozone/integration-test/target/test-dir/MiniOzoneClusterImpl-221a8c4e-c666-4dc9-898e-ead2ee9f568a/datanode-0/data/ratis/de86ac2d-47c3-4ad8-af8c-82467c91c693/in_use.lock acquired by nodename 6438@fv-az1239-715
2023-09-23 10:03:28,349 [203410cb-dfdd-4fe6-97b8-0fcafe0a2a8c-groupManagement] INFO  storage.RaftStorage (RaftStorageImpl.java:format(96)) - Storage directory /home/runner/work/ozone/ozone/hadoop-ozone/integration-test/target/test-dir/MiniOzoneClusterImpl-221a8c4e-c666-4dc9-898e-ead2ee9f568a/datanode-0/data/ratis/de86ac2d-47c3-4ad8-af8c-82467c91c693 has been successfully formatted.
2023-09-23 10:03:28,352 [203410cb-dfdd-4fe6-97b8-0fcafe0a2a8c-groupManagement] INFO  ratis.ContainerStateMachine (ContainerStateMachine.java:loadSnapshot(262)) - group-82467C91C693: The snapshot info is null. Setting the last applied indexto:(t:0, i:~)
2023-09-23 10:03:28,352 [203410cb-dfdd-4fe6-97b8-0fcafe0a2a8c-groupManagement] INFO  server.RaftServerConfigKeys (ConfUtils.java:logGet(46)) - raft.server.log.use.memory = false (default)
2023-09-23 10:03:28,352 [203410cb-dfdd-4fe6-97b8-0fcafe0a2a8c-groupManagement] INFO  server.RaftServerConfigKeys (ConfUtils.java:logGet(46)) - raft.server.log.purge.gap = 1000000 (custom)
2023-09-23 10:03:28,353 [203410cb-dfdd-4fe6-97b8-0fcafe0a2a8c-groupManagement] INFO  server.RaftServerConfigKeys (ConfUtils.java:logGet(46)) - raft.server.log.appender.buffer.byte-limit = 33554432 (custom)
2023-09-23 10:03:28,354 [EventQueue-OpenPipelineForHealthyPipelineSafeModeRule] INFO  safemode.SCMSafeModeManager (HealthyPipelineSafeModeRule.java:process(137)) - SCM in safe mode. Healthy pipelines reported count is 0, required healthy pipeline reported count is 1
2023-09-23 10:03:28,361 [203410cb-dfdd-4fe6-97b8-0fcafe0a2a8c-groupManagement] INFO  server.RaftServerConfigKeys (ConfUtils.java:logGet(46)) - raft.server.log.statemachine.data.read.timeout = 1000ms (default)
2023-09-23 10:03:28,361 [203410cb-dfdd-4fe6-97b8-0fcafe0a2a8c-groupManagement] INFO  server.RaftServerConfigKeys (ConfUtils.java:logGet(46)) - raft.server.log.purge.preservation.log.num = 0 (default)
2023-09-23 10:03:28,363 [203410cb-dfdd-4fe6-97b8-0fcafe0a2a8c-groupManagement] INFO  server.RaftServerConfigKeys (ConfUtils.java:logGet(46)) - raft.server.log.segment.size.max = 1048576 (custom)
2023-09-23 10:03:28,363 [203410cb-dfdd-4fe6-97b8-0fcafe0a2a8c-groupManagement] INFO  server.RaftServerConfigKeys (ConfUtils.java:logGet(46)) - raft.server.log.segment.cache.num.max = 2 (custom)
2023-09-23 10:03:28,363 [203410cb-dfdd-4fe6-97b8-0fcafe0a2a8c-groupManagement] INFO  server.RaftServerConfigKeys (ConfUtils.java:logGet(46)) - raft.server.log.segment.cache.size.max = 200MB (=209715200) (default)
2023-09-23 10:03:28,363 [203410cb-dfdd-4fe6-97b8-0fcafe0a2a8c-groupManagement] INFO  server.RaftServerConfigKeys (ConfUtils.java:logGet(46)) - raft.server.log.appender.buffer.byte-limit = 33554432 (custom)
2023-09-23 10:03:28,363 [203410cb-dfdd-4fe6-97b8-0fcafe0a2a8c-groupManagement] INFO  segmented.SegmentedRaftLogWorker (SegmentedRaftLogWorker.java:<init>(188)) - new 203410cb-dfdd-4fe6-97b8-0fcafe0a2a8c@group-82467C91C693-SegmentedRaftLogWorker for RaftStorageImpl:Storage Directory /home/runner/work/ozone/ozone/hadoop-ozone/integration-test/target/test-dir/MiniOzoneClusterImpl-221a8c4e-c666-4dc9-898e-ead2ee9f568a/datanode-0/data/ratis/de86ac2d-47c3-4ad8-af8c-82467c91c693
2023-09-23 10:03:28,364 [203410cb-dfdd-4fe6-97b8-0fcafe0a2a8c-groupManagement] INFO  server.RaftServerConfigKeys (ConfUtils.java:logGet(46)) - raft.server.log.queue.byte-limit = 4294967296 (custom)
2023-09-23 10:03:28,364 [203410cb-dfdd-4fe6-97b8-0fcafe0a2a8c-groupManagement] INFO  server.RaftServerConfigKeys (ConfUtils.java:logGet(46)) - raft.server.log.queue.element-limit = 1024 (custom)
2023-09-23 10:03:28,364 [203410cb-dfdd-4fe6-97b8-0fcafe0a2a8c-groupManagement] INFO  server.RaftServerConfigKeys (ConfUtils.java:logGet(46)) - raft.server.log.segment.size.max = 1048576 (custom)
2023-09-23 10:03:28,365 [203410cb-dfdd-4fe6-97b8-0fcafe0a2a8c-groupManagement] INFO  server.RaftServerConfigKeys (ConfUtils.java:logGet(46)) - raft.server.log.preallocated.size = 16384 (custom)
2023-09-23 10:03:28,365 [203410cb-dfdd-4fe6-97b8-0fcafe0a2a8c-groupManagement] INFO  server.RaftServerConfigKeys (ConfUtils.java:logGet(46)) - raft.server.log.force.sync.num = 128 (default)
2023-09-23 10:03:28,365 [203410cb-dfdd-4fe6-97b8-0fcafe0a2a8c-groupManagement] INFO  server.RaftServerConfigKeys (ConfUtils.java:logGet(46)) - raft.server.log.statemachine.data.sync = true (default)
2023-09-23 10:03:28,365 [203410cb-dfdd-4fe6-97b8-0fcafe0a2a8c-groupManagement] INFO  server.RaftServerConfigKeys (ConfUtils.java:logGet(46)) - raft.server.log.statemachine.data.sync.timeout = 10s (default)
2023-09-23 10:03:28,365 [203410cb-dfdd-4fe6-97b8-0fcafe0a2a8c-groupManagement] INFO  server.RaftServerConfigKeys (ConfUtils.java:logGet(46)) - raft.server.log.statemachine.data.sync.timeout.retry = -1 (default)
2023-09-23 10:03:28,366 [203410cb-dfdd-4fe6-97b8-0fcafe0a2a8c-groupManagement] INFO  server.RaftServerConfigKeys (ConfUtils.java:logGet(46)) - raft.server.log.write.buffer.size = 1048576 (custom)
2023-09-23 10:03:28,366 [203410cb-dfdd-4fe6-97b8-0fcafe0a2a8c-groupManagement] INFO  server.RaftServerConfigKeys (ConfUtils.java:logGet(46)) - raft.server.log.appender.buffer.byte-limit = 33554432 (custom)
2023-09-23 10:03:28,374 [203410cb-dfdd-4fe6-97b8-0fcafe0a2a8c-groupManagement] INFO  server.RaftServerConfigKeys (ConfUtils.java:logGet(46)) - raft.server.log.unsafe-flush.enabled = false (default)
2023-09-23 10:03:28,374 [203410cb-dfdd-4fe6-97b8-0fcafe0a2a8c-groupManagement] INFO  server.RaftServerConfigKeys (ConfUtils.java:logGet(46)) - raft.server.log.async-flush.enabled = false (default)
2023-09-23 10:03:28,374 [203410cb-dfdd-4fe6-97b8-0fcafe0a2a8c-groupManagement] INFO  server.RaftServerConfigKeys (ConfUtils.java:logGet(46)) - raft.server.log.statemachine.data.caching.enabled = true (custom)
2023-09-23 10:03:28,374 [203410cb-dfdd-4fe6-97b8-0fcafe0a2a8c-groupManagement] INFO  segmented.SegmentedRaftLogWorker (SegmentedRaftLogWorker.java:lambda$new$0(135)) - 203410cb-dfdd-4fe6-97b8-0fcafe0a2a8c@group-82467C91C693-SegmentedRaftLogWorker: flushIndex: setUnconditionally 0 -> -1
2023-09-23 10:03:28,374 [203410cb-dfdd-4fe6-97b8-0fcafe0a2a8c-groupManagement] INFO  segmented.SegmentedRaftLogWorker (SegmentedRaftLogWorker.java:lambda$new$0(135)) - 203410cb-dfdd-4fe6-97b8-0fcafe0a2a8c@group-82467C91C693-SegmentedRaftLogWorker: safeCacheEvictIndex: setUnconditionally 0 -> -1
2023-09-23 10:03:28,375 [203410cb-dfdd-4fe6-97b8-0fcafe0a2a8c-groupManagement] INFO  server.RaftServer$Division (RaftServerImpl.java:start(342)) - 203410cb-dfdd-4fe6-97b8-0fcafe0a2a8c@group-82467C91C693: start as a follower, conf=-1: peers:[203410cb-dfdd-4fe6-97b8-0fcafe0a2a8c|rpc:10.1.0.12:15022|admin:10.1.0.12:15021|client:10.1.0.12:15020|dataStream:10.1.0.12:15023|priority:0|startupRole:FOLLOWER, e645d312-f019-43dd-9582-b1afb9dcfe8b|rpc:10.1.0.12:15031|admin:10.1.0.12:15030|client:10.1.0.12:15029|dataStream:10.1.0.12:15032|priority:1|startupRole:FOLLOWER, 8d6d9f4d-1042-410a-9fac-061faec65884|rpc:10.1.0.12:15040|admin:10.1.0.12:15039|client:10.1.0.12:15038|dataStream:10.1.0.12:15041|priority:0|startupRole:FOLLOWER]|listeners:[], old=null
2023-09-23 10:03:28,375 [203410cb-dfdd-4fe6-97b8-0fcafe0a2a8c-groupManagement] INFO  server.RaftServer$Division (RaftServerImpl.java:setRole(329)) - 203410cb-dfdd-4fe6-97b8-0fcafe0a2a8c@group-82467C91C693: changes role from      null to FOLLOWER at term 0 for startAsFollower
2023-09-23 10:03:28,375 [203410cb-dfdd-4fe6-97b8-0fcafe0a2a8c-groupManagement] INFO  impl.RoleInfo (RoleInfo.java:updateAndGet(139)) - 203410cb-dfdd-4fe6-97b8-0fcafe0a2a8c: start 203410cb-dfdd-4fe6-97b8-0fcafe0a2a8c@group-82467C91C693-FollowerState
2023-09-23 10:03:28,375 [203410cb-dfdd-4fe6-97b8-0fcafe0a2a8c-groupManagement] INFO  util.JmxRegister (JmxRegister.java:tryRegister(44)) - Successfully registered JMX Bean with object name Ratis:service=RaftServer,group=group-82467C91C693,id=203410cb-dfdd-4fe6-97b8-0fcafe0a2a8c
2023-09-23 10:03:28,375 [203410cb-dfdd-4fe6-97b8-0fcafe0a2a8c-groupManagement] INFO  server.RaftServerConfigKeys (ConfUtils.java:logGet(46)) - raft.server.snapshot.auto.trigger.enabled = true (custom)
2023-09-23 10:03:28,376 [203410cb-dfdd-4fe6-97b8-0fcafe0a2a8c-groupManagement] INFO  server.RaftServerConfigKeys (ConfUtils.java:logGet(46)) - raft.server.snapshot.auto.trigger.threshold = 10000 (custom)
2023-09-23 10:03:28,376 [203410cb-dfdd-4fe6-97b8-0fcafe0a2a8c-groupManagement] INFO  server.RaftServerConfigKeys (ConfUtils.java:logGet(46)) - raft.server.snapshot.retention.file.num = 5 (custom)
2023-09-23 10:03:28,376 [203410cb-dfdd-4fe6-97b8-0fcafe0a2a8c-groupManagement] INFO  server.RaftServerConfigKeys (ConfUtils.java:logGet(46)) - raft.server.log.purge.upto.snapshot.index = false (default)
2023-09-23 10:03:28,377 [203410cb-dfdd-4fe6-97b8-0fcafe0a2a8c@group-82467C91C693-FollowerState] INFO  server.RaftServerConfigKeys (ConfUtils.java:logFallback(53)) - raft.server.rpc.first-election.timeout.min = 5s (fallback to raft.server.rpc.timeout.min)
2023-09-23 10:03:28,378 [203410cb-dfdd-4fe6-97b8-0fcafe0a2a8c@group-82467C91C693-FollowerState] INFO  server.RaftServerConfigKeys (ConfUtils.java:logFallback(53)) - raft.server.rpc.first-election.timeout.max = 5200ms (fallback to raft.server.rpc.timeout.max)
2023-09-23 10:03:28,377 [PipelineCommandHandlerThread-0] INFO  ratis.XceiverServerRatis (XceiverServerRatis.java:addGroup(804)) - Created group PipelineID=de86ac2d-47c3-4ad8-af8c-82467c91c693
2023-09-23 10:03:28,380 [PipelineCommandHandlerThread-0] INFO  server.RaftServer (RaftServerProxy.java:addNew(98)) - e645d312-f019-43dd-9582-b1afb9dcfe8b: addNew group-6ADD887D064C:[e645d312-f019-43dd-9582-b1afb9dcfe8b|rpc:10.1.0.12:15031|admin:10.1.0.12:15030|client:10.1.0.12:15029|dataStream:10.1.0.12:15032|priority:1|startupRole:FOLLOWER] returns group-6ADD887D064C:java.util.concurrent.CompletableFuture@40b4a0de[Not completed]
2023-09-23 10:03:28,385 [e645d312-f019-43dd-9582-b1afb9dcfe8b-groupManagement] INFO  server.RaftServer$Division (RaftServerImpl.java:<init>(198)) - e645d312-f019-43dd-9582-b1afb9dcfe8b: new RaftServerImpl for group-6ADD887D064C:[e645d312-f019-43dd-9582-b1afb9dcfe8b|rpc:10.1.0.12:15031|admin:10.1.0.12:15030|client:10.1.0.12:15029|dataStream:10.1.0.12:15032|priority:1|startupRole:FOLLOWER] with ContainerStateMachine:uninitialized
2023-09-23 10:03:28,385 [e645d312-f019-43dd-9582-b1afb9dcfe8b-groupManagement] INFO  server.RaftServerConfigKeys (ConfUtils.java:logGet(46)) - raft.server.rpc.timeout.min = 5s (custom)
2023-09-23 10:03:28,385 [e645d312-f019-43dd-9582-b1afb9dcfe8b-groupManagement] INFO  server.RaftServerConfigKeys (ConfUtils.java:logGet(46)) - raft.server.rpc.timeout.max = 5200ms (custom)
2023-09-23 10:03:28,385 [e645d312-f019-43dd-9582-b1afb9dcfe8b-groupManagement] INFO  server.RaftServerConfigKeys (ConfUtils.java:logGet(46)) - raft.server.rpc.sleep.time = 25ms (default)
2023-09-23 10:03:28,385 [e645d312-f019-43dd-9582-b1afb9dcfe8b-groupManagement] INFO  server.RaftServerConfigKeys (ConfUtils.java:logGet(46)) - raft.server.rpc.slowness.timeout = 300s (custom)
2023-09-23 10:03:28,385 [e645d312-f019-43dd-9582-b1afb9dcfe8b-groupManagement] INFO  server.RaftServerConfigKeys (ConfUtils.java:logGet(46)) - raft.server.leaderelection.leader.step-down.wait-time = 10s (default)
2023-09-23 10:03:28,386 [e645d312-f019-43dd-9582-b1afb9dcfe8b-groupManagement] INFO  server.RaftServerConfigKeys (ConfUtils.java:logGet(46)) - raft.server.sleep.deviation.threshold = 300ms (default)
2023-09-23 10:03:28,386 [e645d312-f019-43dd-9582-b1afb9dcfe8b-groupManagement] INFO  server.RaftServer$Division (ServerState.java:<init>(120)) - e645d312-f019-43dd-9582-b1afb9dcfe8b@group-6ADD887D064C: ConfigurationManager, init=-1: peers:[e645d312-f019-43dd-9582-b1afb9dcfe8b|rpc:10.1.0.12:15031|admin:10.1.0.12:15030|client:10.1.0.12:15029|dataStream:10.1.0.12:15032|priority:1|startupRole:FOLLOWER]|listeners:[], old=null, confs=<EMPTY_MAP>
2023-09-23 10:03:28,386 [e645d312-f019-43dd-9582-b1afb9dcfe8b-groupManagement] INFO  server.RaftServerConfigKeys (ConfUtils.java:logGet(46)) - raft.server.storage.dir = [/home/runner/work/ozone/ozone/hadoop-ozone/integration-test/target/test-dir/MiniOzoneClusterImpl-221a8c4e-c666-4dc9-898e-ead2ee9f568a/datanode-1/data/ratis] (custom)
2023-09-23 10:03:28,386 [e645d312-f019-43dd-9582-b1afb9dcfe8b-groupManagement] INFO  server.RaftServerConfigKeys (ConfUtils.java:logGet(46)) - raft.server.log.corruption.policy = EXCEPTION (default)
2023-09-23 10:03:28,386 [e645d312-f019-43dd-9582-b1afb9dcfe8b-groupManagement] INFO  server.RaftServerConfigKeys (ConfUtils.java:logGet(46)) - raft.server.storage.free-space.min = 0MB (=0) (default)
2023-09-23 10:03:28,386 [e645d312-f019-43dd-9582-b1afb9dcfe8b-groupManagement] INFO  server.RaftServerConfigKeys (ConfUtils.java:logGet(46)) - raft.server.notification.no-leader.timeout = 300s (custom)
2023-09-23 10:03:28,386 [e645d312-f019-43dd-9582-b1afb9dcfe8b-groupManagement] INFO  server.RaftServerConfigKeys (ConfUtils.java:logGet(46)) - raft.server.read.timeout = 10s (default)
2023-09-23 10:03:28,386 [e645d312-f019-43dd-9582-b1afb9dcfe8b-groupManagement] INFO  server.RaftServerConfigKeys (ConfUtils.java:logGet(46)) - raft.server.retrycache.expirytime = 600000ms (custom)
2023-09-23 10:03:28,386 [e645d312-f019-43dd-9582-b1afb9dcfe8b-groupManagement] INFO  server.RaftServerConfigKeys (ConfUtils.java:logGet(46)) - raft.server.retrycache.statistics.expirytime = 100μs (default)
2023-09-23 10:03:28,386 [e645d312-f019-43dd-9582-b1afb9dcfe8b-groupManagement] INFO  server.RaftServerConfigKeys (ConfUtils.java:logGet(46)) - raft.server.read.option = DEFAULT (default)
2023-09-23 10:03:28,391 [e645d312-f019-43dd-9582-b1afb9dcfe8b-groupManagement] INFO  server.RaftServerConfigKeys (ConfUtils.java:logGet(46)) - raft.server.rpc.request.timeout = 60s (custom)
2023-09-23 10:03:28,392 [e645d312-f019-43dd-9582-b1afb9dcfe8b-groupManagement] INFO  server.RaftServerConfigKeys (ConfUtils.java:logGet(46)) - raft.server.log.appender.install.snapshot.enabled = false (custom)
2023-09-23 10:03:28,392 [e645d312-f019-43dd-9582-b1afb9dcfe8b-groupManagement] INFO  server.RaftServerConfigKeys (ConfUtils.java:logGet(46)) - raft.server.threadpool.server.cached = true (default)
2023-09-23 10:03:28,392 [e645d312-f019-43dd-9582-b1afb9dcfe8b-groupManagement] INFO  server.RaftServerConfigKeys (ConfUtils.java:logGet(46)) - raft.server.threadpool.server.size = 0 (default)
2023-09-23 10:03:28,392 [e645d312-f019-43dd-9582-b1afb9dcfe8b-groupManagement] INFO  server.RaftServerConfigKeys (ConfUtils.java:logGet(46)) - raft.server.threadpool.client.cached = true (default)
2023-09-23 10:03:28,392 [e645d312-f019-43dd-9582-b1afb9dcfe8b-groupManagement] INFO  server.RaftServerConfigKeys (ConfUtils.java:logGet(46)) - raft.server.threadpool.client.size = 0 (default)
2023-09-23 10:03:28,392 [e645d312-f019-43dd-9582-b1afb9dcfe8b-groupManagement] INFO  storage.RaftStorageDirectory (RaftStorageDirectoryImpl.java:analyzeStorage(137)) - The storage directory /home/runner/work/ozone/ozone/hadoop-ozone/integration-test/target/test-dir/MiniOzoneClusterImpl-221a8c4e-c666-4dc9-898e-ead2ee9f568a/datanode-1/data/ratis/a02423fc-8db4-4330-9730-6add887d064c does not exist. Creating ...
2023-09-23 10:03:28,396 [e645d312-f019-43dd-9582-b1afb9dcfe8b-groupManagement] INFO  storage.RaftStorageDirectory (RaftStorageDirectoryImpl.java:tryLock(231)) - Lock on /home/runner/work/ozone/ozone/hadoop-ozone/integration-test/target/test-dir/MiniOzoneClusterImpl-221a8c4e-c666-4dc9-898e-ead2ee9f568a/datanode-1/data/ratis/a02423fc-8db4-4330-9730-6add887d064c/in_use.lock acquired by nodename 6438@fv-az1239-715
2023-09-23 10:03:28,398 [grpc-default-executor-1] INFO  server.RaftServer (RaftServerProxy.java:addNew(98)) - e645d312-f019-43dd-9582-b1afb9dcfe8b: addNew group-82467C91C693:[203410cb-dfdd-4fe6-97b8-0fcafe0a2a8c|rpc:10.1.0.12:15022|admin:10.1.0.12:15021|client:10.1.0.12:15020|dataStream:10.1.0.12:15023|priority:0|startupRole:FOLLOWER, e645d312-f019-43dd-9582-b1afb9dcfe8b|rpc:10.1.0.12:15031|admin:10.1.0.12:15030|client:10.1.0.12:15029|dataStream:10.1.0.12:15032|priority:1|startupRole:FOLLOWER, 8d6d9f4d-1042-410a-9fac-061faec65884|rpc:10.1.0.12:15040|admin:10.1.0.12:15039|client:10.1.0.12:15038|dataStream:10.1.0.12:15041|priority:0|startupRole:FOLLOWER] returns group-82467C91C693:java.util.concurrent.CompletableFuture@7c166674[Not completed]
2023-09-23 10:03:28,398 [e645d312-f019-43dd-9582-b1afb9dcfe8b-groupManagement] INFO  storage.RaftStorage (RaftStorageImpl.java:format(96)) - Storage directory /home/runner/work/ozone/ozone/hadoop-ozone/integration-test/target/test-dir/MiniOzoneClusterImpl-221a8c4e-c666-4dc9-898e-ead2ee9f568a/datanode-1/data/ratis/a02423fc-8db4-4330-9730-6add887d064c has been successfully formatted.
2023-09-23 10:03:28,398 [e645d312-f019-43dd-9582-b1afb9dcfe8b-groupManagement] INFO  ratis.ContainerStateMachine (ContainerStateMachine.java:loadSnapshot(262)) - group-6ADD887D064C: The snapshot info is null. Setting the last applied indexto:(t:0, i:~)
2023-09-23 10:03:28,399 [e645d312-f019-43dd-9582-b1afb9dcfe8b-groupManagement] INFO  server.RaftServerConfigKeys (ConfUtils.java:logGet(46)) - raft.server.log.use.memory = false (default)
2023-09-23 10:03:28,400 [e645d312-f019-43dd-9582-b1afb9dcfe8b-groupManagement] INFO  server.RaftServerConfigKeys (ConfUtils.java:logGet(46)) - raft.server.log.purge.gap = 1000000 (custom)
2023-09-23 10:03:28,400 [e645d312-f019-43dd-9582-b1afb9dcfe8b-groupManagement] INFO  server.RaftServerConfigKeys (ConfUtils.java:logGet(46)) - raft.server.log.appender.buffer.byte-limit = 33554432 (custom)
2023-09-23 10:03:28,400 [e645d312-f019-43dd-9582-b1afb9dcfe8b-groupManagement] INFO  server.RaftServerConfigKeys (ConfUtils.java:logGet(46)) - raft.server.log.statemachine.data.read.timeout = 1000ms (default)
2023-09-23 10:03:28,400 [e645d312-f019-43dd-9582-b1afb9dcfe8b-groupManagement] INFO  server.RaftServerConfigKeys (ConfUtils.java:logGet(46)) - raft.server.log.purge.preservation.log.num = 0 (default)
2023-09-23 10:03:28,400 [e645d312-f019-43dd-9582-b1afb9dcfe8b-groupManagement] INFO  server.RaftServerConfigKeys (ConfUtils.java:logGet(46)) - raft.server.log.segment.size.max = 1048576 (custom)
2023-09-23 10:03:28,401 [e645d312-f019-43dd-9582-b1afb9dcfe8b-groupManagement] INFO  server.RaftServerConfigKeys (ConfUtils.java:logGet(46)) - raft.server.log.segment.cache.num.max = 2 (custom)
2023-09-23 10:03:28,401 [e645d312-f019-43dd-9582-b1afb9dcfe8b-groupManagement] INFO  server.RaftServerConfigKeys (ConfUtils.java:logGet(46)) - raft.server.log.segment.cache.size.max = 200MB (=209715200) (default)
2023-09-23 10:03:28,402 [EventQueue-PipelineReportForPipelineReportHandler] INFO  pipeline.PipelineReportHandler (PipelineReportHandler.java:processPipelineReport(136)) - Opened pipeline PipelineID=a02423fc-8db4-4330-9730-6add887d064c
2023-09-23 10:03:28,404 [EventQueue-OpenPipelineForHealthyPipelineSafeModeRule] INFO  safemode.SCMSafeModeManager (HealthyPipelineSafeModeRule.java:process(137)) - SCM in safe mode. Healthy pipelines reported count is 0, required healthy pipeline reported count is 1
2023-09-23 10:03:28,403 [e645d312-f019-43dd-9582-b1afb9dcfe8b-groupManagement] INFO  server.RaftServerConfigKeys (ConfUtils.java:logGet(46)) - raft.server.log.appender.buffer.byte-limit = 33554432 (custom)
2023-09-23 10:03:28,404 [e645d312-f019-43dd-9582-b1afb9dcfe8b-groupManagement] INFO  segmented.SegmentedRaftLogWorker (SegmentedRaftLogWorker.java:<init>(188)) - new e645d312-f019-43dd-9582-b1afb9dcfe8b@group-6ADD887D064C-SegmentedRaftLogWorker for RaftStorageImpl:Storage Directory /home/runner/work/ozone/ozone/hadoop-ozone/integration-test/target/test-dir/MiniOzoneClusterImpl-221a8c4e-c666-4dc9-898e-ead2ee9f568a/datanode-1/data/ratis/a02423fc-8db4-4330-9730-6add887d064c
2023-09-23 10:03:28,404 [e645d312-f019-43dd-9582-b1afb9dcfe8b-groupManagement] INFO  server.RaftServerConfigKeys (ConfUtils.java:logGet(46)) - raft.server.log.queue.byte-limit = 4294967296 (custom)
2023-09-23 10:03:28,404 [e645d312-f019-43dd-9582-b1afb9dcfe8b-groupManagement] INFO  server.RaftServerConfigKeys (ConfUtils.java:logGet(46)) - raft.server.log.queue.element-limit = 1024 (custom)
2023-09-23 10:03:28,404 [e645d312-f019-43dd-9582-b1afb9dcfe8b-groupManagement] INFO  server.RaftServerConfigKeys (ConfUtils.java:logGet(46)) - raft.server.log.segment.size.max = 1048576 (custom)
2023-09-23 10:03:28,404 [e645d312-f019-43dd-9582-b1afb9dcfe8b-groupManagement] INFO  server.RaftServerConfigKeys (ConfUtils.java:logGet(46)) - raft.server.log.preallocated.size = 16384 (custom)
2023-09-23 10:03:28,404 [e645d312-f019-43dd-9582-b1afb9dcfe8b-groupManagement] INFO  server.RaftServerConfigKeys (ConfUtils.java:logGet(46)) - raft.server.log.force.sync.num = 128 (default)
2023-09-23 10:03:28,405 [e645d312-f019-43dd-9582-b1afb9dcfe8b-groupManagement] INFO  server.RaftServerConfigKeys (ConfUtils.java:logGet(46)) - raft.server.log.statemachine.data.sync = true (default)
2023-09-23 10:03:28,405 [e645d312-f019-43dd-9582-b1afb9dcfe8b-groupManagement] INFO  server.RaftServerConfigKeys (ConfUtils.java:logGet(46)) - raft.server.log.statemachine.data.sync.timeout = 10s (default)
2023-09-23 10:03:28,405 [e645d312-f019-43dd-9582-b1afb9dcfe8b-groupManagement] INFO  server.RaftServerConfigKeys (ConfUtils.java:logGet(46)) - raft.server.log.statemachine.data.sync.timeout.retry = -1 (default)
2023-09-23 10:03:28,406 [e645d312-f019-43dd-9582-b1afb9dcfe8b-groupManagement] INFO  server.RaftServerConfigKeys (ConfUtils.java:logGet(46)) - raft.server.log.write.buffer.size = 1048576 (custom)
2023-09-23 10:03:28,407 [e645d312-f019-43dd-9582-b1afb9dcfe8b-groupManagement] INFO  server.RaftServerConfigKeys (ConfUtils.java:logGet(46)) - raft.server.log.appender.buffer.byte-limit = 33554432 (custom)
2023-09-23 10:03:28,413 [e645d312-f019-43dd-9582-b1afb9dcfe8b-groupManagement] INFO  server.RaftServerConfigKeys (ConfUtils.java:logGet(46)) - raft.server.log.unsafe-flush.enabled = false (default)
2023-09-23 10:03:28,414 [e645d312-f019-43dd-9582-b1afb9dcfe8b-groupManagement] INFO  server.RaftServerConfigKeys (ConfUtils.java:logGet(46)) - raft.server.log.async-flush.enabled = false (default)
2023-09-23 10:03:28,414 [e645d312-f019-43dd-9582-b1afb9dcfe8b-groupManagement] INFO  server.RaftServerConfigKeys (ConfUtils.java:logGet(46)) - raft.server.log.statemachine.data.caching.enabled = true (custom)
2023-09-23 10:03:28,414 [e645d312-f019-43dd-9582-b1afb9dcfe8b-groupManagement] INFO  segmented.SegmentedRaftLogWorker (SegmentedRaftLogWorker.java:lambda$new$0(135)) - e645d312-f019-43dd-9582-b1afb9dcfe8b@group-6ADD887D064C-SegmentedRaftLogWorker: flushIndex: setUnconditionally 0 -> -1
2023-09-23 10:03:28,414 [e645d312-f019-43dd-9582-b1afb9dcfe8b-groupManagement] INFO  segmented.SegmentedRaftLogWorker (SegmentedRaftLogWorker.java:lambda$new$0(135)) - e645d312-f019-43dd-9582-b1afb9dcfe8b@group-6ADD887D064C-SegmentedRaftLogWorker: safeCacheEvictIndex: setUnconditionally 0 -> -1
2023-09-23 10:03:28,414 [e645d312-f019-43dd-9582-b1afb9dcfe8b-groupManagement] INFO  server.RaftServer$Division (RaftServerImpl.java:start(342)) - e645d312-f019-43dd-9582-b1afb9dcfe8b@group-6ADD887D064C: start as a follower, conf=-1: peers:[e645d312-f019-43dd-9582-b1afb9dcfe8b|rpc:10.1.0.12:15031|admin:10.1.0.12:15030|client:10.1.0.12:15029|dataStream:10.1.0.12:15032|priority:1|startupRole:FOLLOWER]|listeners:[], old=null
2023-09-23 10:03:28,414 [e645d312-f019-43dd-9582-b1afb9dcfe8b-groupManagement] INFO  server.RaftServer$Division (RaftServerImpl.java:setRole(329)) - e645d312-f019-43dd-9582-b1afb9dcfe8b@group-6ADD887D064C: changes role from      null to FOLLOWER at term 0 for startAsFollower
2023-09-23 10:03:28,415 [e645d312-f019-43dd-9582-b1afb9dcfe8b-groupManagement] INFO  impl.RoleInfo (RoleInfo.java:updateAndGet(139)) - e645d312-f019-43dd-9582-b1afb9dcfe8b: start e645d312-f019-43dd-9582-b1afb9dcfe8b@group-6ADD887D064C-FollowerState
2023-09-23 10:03:28,415 [e645d312-f019-43dd-9582-b1afb9dcfe8b-groupManagement] INFO  util.JmxRegister (JmxRegister.java:tryRegister(44)) - Successfully registered JMX Bean with object name Ratis:service=RaftServer,group=group-6ADD887D064C,id=e645d312-f019-43dd-9582-b1afb9dcfe8b
2023-09-23 10:03:28,415 [e645d312-f019-43dd-9582-b1afb9dcfe8b@group-6ADD887D064C-FollowerState] INFO  server.RaftServerConfigKeys (ConfUtils.java:logFallback(53)) - raft.server.rpc.first-election.timeout.min = 5s (fallback to raft.server.rpc.timeout.min)
2023-09-23 10:03:28,415 [e645d312-f019-43dd-9582-b1afb9dcfe8b-groupManagement] INFO  server.RaftServerConfigKeys (ConfUtils.java:logGet(46)) - raft.server.snapshot.auto.trigger.enabled = true (custom)
2023-09-23 10:03:28,415 [e645d312-f019-43dd-9582-b1afb9dcfe8b@group-6ADD887D064C-FollowerState] INFO  server.RaftServerConfigKeys (ConfUtils.java:logFallback(53)) - raft.server.rpc.first-election.timeout.max = 5200ms (fallback to raft.server.rpc.timeout.max)
2023-09-23 10:03:28,415 [e645d312-f019-43dd-9582-b1afb9dcfe8b-groupManagement] INFO  server.RaftServerConfigKeys (ConfUtils.java:logGet(46)) - raft.server.snapshot.auto.trigger.threshold = 10000 (custom)
2023-09-23 10:03:28,415 [e645d312-f019-43dd-9582-b1afb9dcfe8b-groupManagement] INFO  server.RaftServerConfigKeys (ConfUtils.java:logGet(46)) - raft.server.snapshot.retention.file.num = 5 (custom)
2023-09-23 10:03:28,415 [e645d312-f019-43dd-9582-b1afb9dcfe8b-groupManagement] INFO  server.RaftServerConfigKeys (ConfUtils.java:logGet(46)) - raft.server.log.purge.upto.snapshot.index = false (default)
2023-09-23 10:03:28,416 [PipelineCommandHandlerThread-0] INFO  ratis.XceiverServerRatis (XceiverServerRatis.java:addGroup(804)) - Created group PipelineID=a02423fc-8db4-4330-9730-6add887d064c
2023-09-23 10:03:28,416 [PipelineCommandHandlerThread-0] INFO  commandhandler.CreatePipelineCommandHandler (CreatePipelineCommandHandler.java:lambda$handle$2(124)) - Created Pipeline RATIS ONE PipelineID=a02423fc-8db4-4330-9730-6add887d064c.
2023-09-23 10:03:28,419 [e645d312-f019-43dd-9582-b1afb9dcfe8b-groupManagement] INFO  server.RaftServer$Division (RaftServerImpl.java:<init>(198)) - e645d312-f019-43dd-9582-b1afb9dcfe8b: new RaftServerImpl for group-82467C91C693:[203410cb-dfdd-4fe6-97b8-0fcafe0a2a8c|rpc:10.1.0.12:15022|admin:10.1.0.12:15021|client:10.1.0.12:15020|dataStream:10.1.0.12:15023|priority:0|startupRole:FOLLOWER, e645d312-f019-43dd-9582-b1afb9dcfe8b|rpc:10.1.0.12:15031|admin:10.1.0.12:15030|client:10.1.0.12:15029|dataStream:10.1.0.12:15032|priority:1|startupRole:FOLLOWER, 8d6d9f4d-1042-410a-9fac-061faec65884|rpc:10.1.0.12:15040|admin:10.1.0.12:15039|client:10.1.0.12:15038|dataStream:10.1.0.12:15041|priority:0|startupRole:FOLLOWER] with ContainerStateMachine:uninitialized
2023-09-23 10:03:28,419 [e645d312-f019-43dd-9582-b1afb9dcfe8b-groupManagement] INFO  server.RaftServerConfigKeys (ConfUtils.java:logGet(46)) - raft.server.rpc.timeout.min = 5s (custom)
2023-09-23 10:03:28,419 [e645d312-f019-43dd-9582-b1afb9dcfe8b-groupManagement] INFO  server.RaftServerConfigKeys (ConfUtils.java:logGet(46)) - raft.server.rpc.timeout.max = 5200ms (custom)
2023-09-23 10:03:28,419 [e645d312-f019-43dd-9582-b1afb9dcfe8b-groupManagement] INFO  server.RaftServerConfigKeys (ConfUtils.java:logGet(46)) - raft.server.rpc.sleep.time = 25ms (default)
2023-09-23 10:03:28,419 [e645d312-f019-43dd-9582-b1afb9dcfe8b-groupManagement] INFO  server.RaftServerConfigKeys (ConfUtils.java:logGet(46)) - raft.server.rpc.slowness.timeout = 300s (custom)
2023-09-23 10:03:28,419 [e645d312-f019-43dd-9582-b1afb9dcfe8b-groupManagement] INFO  server.RaftServerConfigKeys (ConfUtils.java:logGet(46)) - raft.server.leaderelection.leader.step-down.wait-time = 10s (default)
2023-09-23 10:03:28,419 [e645d312-f019-43dd-9582-b1afb9dcfe8b-groupManagement] INFO  server.RaftServerConfigKeys (ConfUtils.java:logGet(46)) - raft.server.sleep.deviation.threshold = 300ms (default)
2023-09-23 10:03:28,419 [e645d312-f019-43dd-9582-b1afb9dcfe8b-groupManagement] INFO  server.RaftServer$Division (ServerState.java:<init>(120)) - e645d312-f019-43dd-9582-b1afb9dcfe8b@group-82467C91C693: ConfigurationManager, init=-1: peers:[203410cb-dfdd-4fe6-97b8-0fcafe0a2a8c|rpc:10.1.0.12:15022|admin:10.1.0.12:15021|client:10.1.0.12:15020|dataStream:10.1.0.12:15023|priority:0|startupRole:FOLLOWER, e645d312-f019-43dd-9582-b1afb9dcfe8b|rpc:10.1.0.12:15031|admin:10.1.0.12:15030|client:10.1.0.12:15029|dataStream:10.1.0.12:15032|priority:1|startupRole:FOLLOWER, 8d6d9f4d-1042-410a-9fac-061faec65884|rpc:10.1.0.12:15040|admin:10.1.0.12:15039|client:10.1.0.12:15038|dataStream:10.1.0.12:15041|priority:0|startupRole:FOLLOWER]|listeners:[], old=null, confs=<EMPTY_MAP>
2023-09-23 10:03:28,419 [e645d312-f019-43dd-9582-b1afb9dcfe8b-groupManagement] INFO  server.RaftServerConfigKeys (ConfUtils.java:logGet(46)) - raft.server.storage.dir = [/home/runner/work/ozone/ozone/hadoop-ozone/integration-test/target/test-dir/MiniOzoneClusterImpl-221a8c4e-c666-4dc9-898e-ead2ee9f568a/datanode-1/data/ratis] (custom)
2023-09-23 10:03:28,420 [e645d312-f019-43dd-9582-b1afb9dcfe8b-groupManagement] INFO  server.RaftServerConfigKeys (ConfUtils.java:logGet(46)) - raft.server.log.corruption.policy = EXCEPTION (default)
2023-09-23 10:03:28,420 [e645d312-f019-43dd-9582-b1afb9dcfe8b-groupManagement] INFO  server.RaftServerConfigKeys (ConfUtils.java:logGet(46)) - raft.server.storage.free-space.min = 0MB (=0) (default)
2023-09-23 10:03:28,420 [e645d312-f019-43dd-9582-b1afb9dcfe8b-groupManagement] INFO  server.RaftServerConfigKeys (ConfUtils.java:logGet(46)) - raft.server.notification.no-leader.timeout = 300s (custom)
2023-09-23 10:03:28,420 [e645d312-f019-43dd-9582-b1afb9dcfe8b-groupManagement] INFO  server.RaftServerConfigKeys (ConfUtils.java:logGet(46)) - raft.server.read.timeout = 10s (default)
2023-09-23 10:03:28,420 [e645d312-f019-43dd-9582-b1afb9dcfe8b-groupManagement] INFO  server.RaftServerConfigKeys (ConfUtils.java:logGet(46)) - raft.server.retrycache.expirytime = 600000ms (custom)
2023-09-23 10:03:28,420 [e645d312-f019-43dd-9582-b1afb9dcfe8b-groupManagement] INFO  server.RaftServerConfigKeys (ConfUtils.java:logGet(46)) - raft.server.retrycache.statistics.expirytime = 100μs (default)
2023-09-23 10:03:28,420 [e645d312-f019-43dd-9582-b1afb9dcfe8b-groupManagement] INFO  server.RaftServerConfigKeys (ConfUtils.java:logGet(46)) - raft.server.read.option = DEFAULT (default)
2023-09-23 10:03:28,422 [e645d312-f019-43dd-9582-b1afb9dcfe8b-groupManagement] INFO  server.RaftServerConfigKeys (ConfUtils.java:logGet(46)) - raft.server.rpc.request.timeout = 60s (custom)
2023-09-23 10:03:28,422 [e645d312-f019-43dd-9582-b1afb9dcfe8b-groupManagement] INFO  server.RaftServerConfigKeys (ConfUtils.java:logGet(46)) - raft.server.log.appender.install.snapshot.enabled = false (custom)
2023-09-23 10:03:28,422 [e645d312-f019-43dd-9582-b1afb9dcfe8b-groupManagement] INFO  server.RaftServerConfigKeys (ConfUtils.java:logGet(46)) - raft.server.threadpool.server.cached = true (default)
2023-09-23 10:03:28,422 [e645d312-f019-43dd-9582-b1afb9dcfe8b-groupManagement] INFO  server.RaftServerConfigKeys (ConfUtils.java:logGet(46)) - raft.server.threadpool.server.size = 0 (default)
2023-09-23 10:03:28,422 [e645d312-f019-43dd-9582-b1afb9dcfe8b-groupManagement] INFO  server.RaftServerConfigKeys (ConfUtils.java:logGet(46)) - raft.server.threadpool.client.cached = true (default)
2023-09-23 10:03:28,422 [e645d312-f019-43dd-9582-b1afb9dcfe8b-groupManagement] INFO  server.RaftServerConfigKeys (ConfUtils.java:logGet(46)) - raft.server.threadpool.client.size = 0 (default)
2023-09-23 10:03:28,422 [e645d312-f019-43dd-9582-b1afb9dcfe8b-groupManagement] INFO  storage.RaftStorageDirectory (RaftStorageDirectoryImpl.java:analyzeStorage(137)) - The storage directory /home/runner/work/ozone/ozone/hadoop-ozone/integration-test/target/test-dir/MiniOzoneClusterImpl-221a8c4e-c666-4dc9-898e-ead2ee9f568a/datanode-1/data/ratis/de86ac2d-47c3-4ad8-af8c-82467c91c693 does not exist. Creating ...
2023-09-23 10:03:28,424 [e645d312-f019-43dd-9582-b1afb9dcfe8b-groupManagement] INFO  storage.RaftStorageDirectory (RaftStorageDirectoryImpl.java:tryLock(231)) - Lock on /home/runner/work/ozone/ozone/hadoop-ozone/integration-test/target/test-dir/MiniOzoneClusterImpl-221a8c4e-c666-4dc9-898e-ead2ee9f568a/datanode-1/data/ratis/de86ac2d-47c3-4ad8-af8c-82467c91c693/in_use.lock acquired by nodename 6438@fv-az1239-715
2023-09-23 10:03:28,426 [e645d312-f019-43dd-9582-b1afb9dcfe8b-groupManagement] INFO  storage.RaftStorage (RaftStorageImpl.java:format(96)) - Storage directory /home/runner/work/ozone/ozone/hadoop-ozone/integration-test/target/test-dir/MiniOzoneClusterImpl-221a8c4e-c666-4dc9-898e-ead2ee9f568a/datanode-1/data/ratis/de86ac2d-47c3-4ad8-af8c-82467c91c693 has been successfully formatted.
2023-09-23 10:03:28,427 [e645d312-f019-43dd-9582-b1afb9dcfe8b-groupManagement] INFO  ratis.ContainerStateMachine (ContainerStateMachine.java:loadSnapshot(262)) - group-82467C91C693: The snapshot info is null. Setting the last applied indexto:(t:0, i:~)
2023-09-23 10:03:28,427 [e645d312-f019-43dd-9582-b1afb9dcfe8b-groupManagement] INFO  server.RaftServerConfigKeys (ConfUtils.java:logGet(46)) - raft.server.log.use.memory = false (default)
2023-09-23 10:03:28,430 [EventQueue-OpenPipelineForHealthyPipelineSafeModeRule] INFO  safemode.SCMSafeModeManager (HealthyPipelineSafeModeRule.java:process(137)) - SCM in safe mode. Healthy pipelines reported count is 0, required healthy pipeline reported count is 1
2023-09-23 10:03:28,433 [e645d312-f019-43dd-9582-b1afb9dcfe8b-groupManagement] INFO  server.RaftServerConfigKeys (ConfUtils.java:logGet(46)) - raft.server.log.purge.gap = 1000000 (custom)
2023-09-23 10:03:28,433 [e645d312-f019-43dd-9582-b1afb9dcfe8b-groupManagement] INFO  server.RaftServerConfigKeys (ConfUtils.java:logGet(46)) - raft.server.log.appender.buffer.byte-limit = 33554432 (custom)
2023-09-23 10:03:28,433 [e645d312-f019-43dd-9582-b1afb9dcfe8b-groupManagement] INFO  server.RaftServerConfigKeys (ConfUtils.java:logGet(46)) - raft.server.log.statemachine.data.read.timeout = 1000ms (default)
2023-09-23 10:03:28,433 [e645d312-f019-43dd-9582-b1afb9dcfe8b-groupManagement] INFO  server.RaftServerConfigKeys (ConfUtils.java:logGet(46)) - raft.server.log.purge.preservation.log.num = 0 (default)
2023-09-23 10:03:28,433 [e645d312-f019-43dd-9582-b1afb9dcfe8b-groupManagement] INFO  server.RaftServerConfigKeys (ConfUtils.java:logGet(46)) - raft.server.log.segment.size.max = 1048576 (custom)
2023-09-23 10:03:28,434 [e645d312-f019-43dd-9582-b1afb9dcfe8b-groupManagement] INFO  server.RaftServerConfigKeys (ConfUtils.java:logGet(46)) - raft.server.log.segment.cache.num.max = 2 (custom)
2023-09-23 10:03:28,434 [e645d312-f019-43dd-9582-b1afb9dcfe8b-groupManagement] INFO  server.RaftServerConfigKeys (ConfUtils.java:logGet(46)) - raft.server.log.segment.cache.size.max = 200MB (=209715200) (default)
2023-09-23 10:03:28,434 [e645d312-f019-43dd-9582-b1afb9dcfe8b-groupManagement] INFO  server.RaftServerConfigKeys (ConfUtils.java:logGet(46)) - raft.server.log.appender.buffer.byte-limit = 33554432 (custom)
2023-09-23 10:03:28,434 [e645d312-f019-43dd-9582-b1afb9dcfe8b-groupManagement] INFO  segmented.SegmentedRaftLogWorker (SegmentedRaftLogWorker.java:<init>(188)) - new e645d312-f019-43dd-9582-b1afb9dcfe8b@group-82467C91C693-SegmentedRaftLogWorker for RaftStorageImpl:Storage Directory /home/runner/work/ozone/ozone/hadoop-ozone/integration-test/target/test-dir/MiniOzoneClusterImpl-221a8c4e-c666-4dc9-898e-ead2ee9f568a/datanode-1/data/ratis/de86ac2d-47c3-4ad8-af8c-82467c91c693
2023-09-23 10:03:28,434 [e645d312-f019-43dd-9582-b1afb9dcfe8b-groupManagement] INFO  server.RaftServerConfigKeys (ConfUtils.java:logGet(46)) - raft.server.log.queue.byte-limit = 4294967296 (custom)
2023-09-23 10:03:28,434 [e645d312-f019-43dd-9582-b1afb9dcfe8b-groupManagement] INFO  server.RaftServerConfigKeys (ConfUtils.java:logGet(46)) - raft.server.log.queue.element-limit = 1024 (custom)
2023-09-23 10:03:28,435 [e645d312-f019-43dd-9582-b1afb9dcfe8b-groupManagement] INFO  server.RaftServerConfigKeys (ConfUtils.java:logGet(46)) - raft.server.log.segment.size.max = 1048576 (custom)
2023-09-23 10:03:28,435 [e645d312-f019-43dd-9582-b1afb9dcfe8b-groupManagement] INFO  server.RaftServerConfigKeys (ConfUtils.java:logGet(46)) - raft.server.log.preallocated.size = 16384 (custom)
2023-09-23 10:03:28,435 [e645d312-f019-43dd-9582-b1afb9dcfe8b-groupManagement] INFO  server.RaftServerConfigKeys (ConfUtils.java:logGet(46)) - raft.server.log.force.sync.num = 128 (default)
2023-09-23 10:03:28,435 [e645d312-f019-43dd-9582-b1afb9dcfe8b-groupManagement] INFO  server.RaftServerConfigKeys (ConfUtils.java:logGet(46)) - raft.server.log.statemachine.data.sync = true (default)
2023-09-23 10:03:28,435 [e645d312-f019-43dd-9582-b1afb9dcfe8b-groupManagement] INFO  server.RaftServerConfigKeys (ConfUtils.java:logGet(46)) - raft.server.log.statemachine.data.sync.timeout = 10s (default)
2023-09-23 10:03:28,435 [e645d312-f019-43dd-9582-b1afb9dcfe8b-groupManagement] INFO  server.RaftServerConfigKeys (ConfUtils.java:logGet(46)) - raft.server.log.statemachine.data.sync.timeout.retry = -1 (default)
2023-09-23 10:03:28,436 [e645d312-f019-43dd-9582-b1afb9dcfe8b-groupManagement] INFO  server.RaftServerConfigKeys (ConfUtils.java:logGet(46)) - raft.server.log.write.buffer.size = 1048576 (custom)
2023-09-23 10:03:28,437 [e645d312-f019-43dd-9582-b1afb9dcfe8b-groupManagement] INFO  server.RaftServerConfigKeys (ConfUtils.java:logGet(46)) - raft.server.log.appender.buffer.byte-limit = 33554432 (custom)
2023-09-23 10:03:28,443 [e645d312-f019-43dd-9582-b1afb9dcfe8b-groupManagement] INFO  server.RaftServerConfigKeys (ConfUtils.java:logGet(46)) - raft.server.log.unsafe-flush.enabled = false (default)
2023-09-23 10:03:28,444 [e645d312-f019-43dd-9582-b1afb9dcfe8b-groupManagement] INFO  server.RaftServerConfigKeys (ConfUtils.java:logGet(46)) - raft.server.log.async-flush.enabled = false (default)
2023-09-23 10:03:28,444 [e645d312-f019-43dd-9582-b1afb9dcfe8b-groupManagement] INFO  server.RaftServerConfigKeys (ConfUtils.java:logGet(46)) - raft.server.log.statemachine.data.caching.enabled = true (custom)
2023-09-23 10:03:28,444 [e645d312-f019-43dd-9582-b1afb9dcfe8b-groupManagement] INFO  segmented.SegmentedRaftLogWorker (SegmentedRaftLogWorker.java:lambda$new$0(135)) - e645d312-f019-43dd-9582-b1afb9dcfe8b@group-82467C91C693-SegmentedRaftLogWorker: flushIndex: setUnconditionally 0 -> -1
2023-09-23 10:03:28,444 [e645d312-f019-43dd-9582-b1afb9dcfe8b-groupManagement] INFO  segmented.SegmentedRaftLogWorker (SegmentedRaftLogWorker.java:lambda$new$0(135)) - e645d312-f019-43dd-9582-b1afb9dcfe8b@group-82467C91C693-SegmentedRaftLogWorker: safeCacheEvictIndex: setUnconditionally 0 -> -1
2023-09-23 10:03:28,444 [e645d312-f019-43dd-9582-b1afb9dcfe8b-groupManagement] INFO  server.RaftServer$Division (RaftServerImpl.java:start(342)) - e645d312-f019-43dd-9582-b1afb9dcfe8b@group-82467C91C693: start as a follower, conf=-1: peers:[203410cb-dfdd-4fe6-97b8-0fcafe0a2a8c|rpc:10.1.0.12:15022|admin:10.1.0.12:15021|client:10.1.0.12:15020|dataStream:10.1.0.12:15023|priority:0|startupRole:FOLLOWER, e645d312-f019-43dd-9582-b1afb9dcfe8b|rpc:10.1.0.12:15031|admin:10.1.0.12:15030|client:10.1.0.12:15029|dataStream:10.1.0.12:15032|priority:1|startupRole:FOLLOWER, 8d6d9f4d-1042-410a-9fac-061faec65884|rpc:10.1.0.12:15040|admin:10.1.0.12:15039|client:10.1.0.12:15038|dataStream:10.1.0.12:15041|priority:0|startupRole:FOLLOWER]|listeners:[], old=null
2023-09-23 10:03:28,444 [e645d312-f019-43dd-9582-b1afb9dcfe8b-groupManagement] INFO  server.RaftServer$Division (RaftServerImpl.java:setRole(329)) - e645d312-f019-43dd-9582-b1afb9dcfe8b@group-82467C91C693: changes role from      null to FOLLOWER at term 0 for startAsFollower
2023-09-23 10:03:28,445 [e645d312-f019-43dd-9582-b1afb9dcfe8b-groupManagement] INFO  impl.RoleInfo (RoleInfo.java:updateAndGet(139)) - e645d312-f019-43dd-9582-b1afb9dcfe8b: start e645d312-f019-43dd-9582-b1afb9dcfe8b@group-82467C91C693-FollowerState
2023-09-23 10:03:28,445 [e645d312-f019-43dd-9582-b1afb9dcfe8b-groupManagement] INFO  util.JmxRegister (JmxRegister.java:tryRegister(44)) - Successfully registered JMX Bean with object name Ratis:service=RaftServer,group=group-82467C91C693,id=e645d312-f019-43dd-9582-b1afb9dcfe8b
2023-09-23 10:03:28,445 [e645d312-f019-43dd-9582-b1afb9dcfe8b-groupManagement] INFO  server.RaftServerConfigKeys (ConfUtils.java:logGet(46)) - raft.server.snapshot.auto.trigger.enabled = true (custom)
2023-09-23 10:03:28,445 [e645d312-f019-43dd-9582-b1afb9dcfe8b-groupManagement] INFO  server.RaftServerConfigKeys (ConfUtils.java:logGet(46)) - raft.server.snapshot.auto.trigger.threshold = 10000 (custom)
2023-09-23 10:03:28,445 [e645d312-f019-43dd-9582-b1afb9dcfe8b-groupManagement] INFO  server.RaftServerConfigKeys (ConfUtils.java:logGet(46)) - raft.server.snapshot.retention.file.num = 5 (custom)
2023-09-23 10:03:28,445 [e645d312-f019-43dd-9582-b1afb9dcfe8b-groupManagement] INFO  server.RaftServerConfigKeys (ConfUtils.java:logGet(46)) - raft.server.log.purge.upto.snapshot.index = false (default)
2023-09-23 10:03:28,446 [e645d312-f019-43dd-9582-b1afb9dcfe8b@group-82467C91C693-FollowerState] INFO  server.RaftServerConfigKeys (ConfUtils.java:logFallback(53)) - raft.server.rpc.first-election.timeout.min = 5s (fallback to raft.server.rpc.timeout.min)
2023-09-23 10:03:28,448 [e645d312-f019-43dd-9582-b1afb9dcfe8b@group-82467C91C693-FollowerState] INFO  server.RaftServerConfigKeys (ConfUtils.java:logFallback(53)) - raft.server.rpc.first-election.timeout.max = 5200ms (fallback to raft.server.rpc.timeout.max)
2023-09-23 10:03:28,468 [grpc-default-executor-1] INFO  server.RaftServer (RaftServerProxy.java:addNew(98)) - 8d6d9f4d-1042-410a-9fac-061faec65884: addNew group-82467C91C693:[203410cb-dfdd-4fe6-97b8-0fcafe0a2a8c|rpc:10.1.0.12:15022|admin:10.1.0.12:15021|client:10.1.0.12:15020|dataStream:10.1.0.12:15023|priority:0|startupRole:FOLLOWER, e645d312-f019-43dd-9582-b1afb9dcfe8b|rpc:10.1.0.12:15031|admin:10.1.0.12:15030|client:10.1.0.12:15029|dataStream:10.1.0.12:15032|priority:1|startupRole:FOLLOWER, 8d6d9f4d-1042-410a-9fac-061faec65884|rpc:10.1.0.12:15040|admin:10.1.0.12:15039|client:10.1.0.12:15038|dataStream:10.1.0.12:15041|priority:0|startupRole:FOLLOWER] returns group-82467C91C693:java.util.concurrent.CompletableFuture@3d3cfa94[Not completed]
2023-09-23 10:03:28,469 [8d6d9f4d-1042-410a-9fac-061faec65884-groupManagement] INFO  server.RaftServer$Division (RaftServerImpl.java:<init>(198)) - 8d6d9f4d-1042-410a-9fac-061faec65884: new RaftServerImpl for group-82467C91C693:[203410cb-dfdd-4fe6-97b8-0fcafe0a2a8c|rpc:10.1.0.12:15022|admin:10.1.0.12:15021|client:10.1.0.12:15020|dataStream:10.1.0.12:15023|priority:0|startupRole:FOLLOWER, e645d312-f019-43dd-9582-b1afb9dcfe8b|rpc:10.1.0.12:15031|admin:10.1.0.12:15030|client:10.1.0.12:15029|dataStream:10.1.0.12:15032|priority:1|startupRole:FOLLOWER, 8d6d9f4d-1042-410a-9fac-061faec65884|rpc:10.1.0.12:15040|admin:10.1.0.12:15039|client:10.1.0.12:15038|dataStream:10.1.0.12:15041|priority:0|startupRole:FOLLOWER] with ContainerStateMachine:uninitialized
2023-09-23 10:03:28,469 [8d6d9f4d-1042-410a-9fac-061faec65884-groupManagement] INFO  server.RaftServerConfigKeys (ConfUtils.java:logGet(46)) - raft.server.rpc.timeout.min = 5s (custom)
2023-09-23 10:03:28,469 [8d6d9f4d-1042-410a-9fac-061faec65884-groupManagement] INFO  server.RaftServerConfigKeys (ConfUtils.java:logGet(46)) - raft.server.rpc.timeout.max = 5200ms (custom)
2023-09-23 10:03:28,470 [8d6d9f4d-1042-410a-9fac-061faec65884-groupManagement] INFO  server.RaftServerConfigKeys (ConfUtils.java:logGet(46)) - raft.server.rpc.sleep.time = 25ms (default)
2023-09-23 10:03:28,470 [8d6d9f4d-1042-410a-9fac-061faec65884-groupManagement] INFO  server.RaftServerConfigKeys (ConfUtils.java:logGet(46)) - raft.server.rpc.slowness.timeout = 300s (custom)
2023-09-23 10:03:28,470 [8d6d9f4d-1042-410a-9fac-061faec65884-groupManagement] INFO  server.RaftServerConfigKeys (ConfUtils.java:logGet(46)) - raft.server.leaderelection.leader.step-down.wait-time = 10s (default)
2023-09-23 10:03:28,470 [8d6d9f4d-1042-410a-9fac-061faec65884-groupManagement] INFO  server.RaftServerConfigKeys (ConfUtils.java:logGet(46)) - raft.server.sleep.deviation.threshold = 300ms (default)
2023-09-23 10:03:28,470 [8d6d9f4d-1042-410a-9fac-061faec65884-groupManagement] INFO  server.RaftServer$Division (ServerState.java:<init>(120)) - 8d6d9f4d-1042-410a-9fac-061faec65884@group-82467C91C693: ConfigurationManager, init=-1: peers:[203410cb-dfdd-4fe6-97b8-0fcafe0a2a8c|rpc:10.1.0.12:15022|admin:10.1.0.12:15021|client:10.1.0.12:15020|dataStream:10.1.0.12:15023|priority:0|startupRole:FOLLOWER, e645d312-f019-43dd-9582-b1afb9dcfe8b|rpc:10.1.0.12:15031|admin:10.1.0.12:15030|client:10.1.0.12:15029|dataStream:10.1.0.12:15032|priority:1|startupRole:FOLLOWER, 8d6d9f4d-1042-410a-9fac-061faec65884|rpc:10.1.0.12:15040|admin:10.1.0.12:15039|client:10.1.0.12:15038|dataStream:10.1.0.12:15041|priority:0|startupRole:FOLLOWER]|listeners:[], old=null, confs=<EMPTY_MAP>
2023-09-23 10:03:28,470 [8d6d9f4d-1042-410a-9fac-061faec65884-groupManagement] INFO  server.RaftServerConfigKeys (ConfUtils.java:logGet(46)) - raft.server.storage.dir = [/home/runner/work/ozone/ozone/hadoop-ozone/integration-test/target/test-dir/MiniOzoneClusterImpl-221a8c4e-c666-4dc9-898e-ead2ee9f568a/datanode-2/data/ratis] (custom)
2023-09-23 10:03:28,470 [8d6d9f4d-1042-410a-9fac-061faec65884-groupManagement] INFO  server.RaftServerConfigKeys (ConfUtils.java:logGet(46)) - raft.server.log.corruption.policy = EXCEPTION (default)
2023-09-23 10:03:28,470 [8d6d9f4d-1042-410a-9fac-061faec65884-groupManagement] INFO  server.RaftServerConfigKeys (ConfUtils.java:logGet(46)) - raft.server.storage.free-space.min = 0MB (=0) (default)
2023-09-23 10:03:28,470 [8d6d9f4d-1042-410a-9fac-061faec65884-groupManagement] INFO  server.RaftServerConfigKeys (ConfUtils.java:logGet(46)) - raft.server.notification.no-leader.timeout = 300s (custom)
2023-09-23 10:03:28,470 [8d6d9f4d-1042-410a-9fac-061faec65884-groupManagement] INFO  server.RaftServerConfigKeys (ConfUtils.java:logGet(46)) - raft.server.read.timeout = 10s (default)
2023-09-23 10:03:28,470 [8d6d9f4d-1042-410a-9fac-061faec65884-groupManagement] INFO  server.RaftServerConfigKeys (ConfUtils.java:logGet(46)) - raft.server.retrycache.expirytime = 600000ms (custom)
2023-09-23 10:03:28,470 [8d6d9f4d-1042-410a-9fac-061faec65884-groupManagement] INFO  server.RaftServerConfigKeys (ConfUtils.java:logGet(46)) - raft.server.retrycache.statistics.expirytime = 100μs (default)
2023-09-23 10:03:28,471 [8d6d9f4d-1042-410a-9fac-061faec65884-groupManagement] INFO  server.RaftServerConfigKeys (ConfUtils.java:logGet(46)) - raft.server.read.option = DEFAULT (default)
2023-09-23 10:03:28,472 [8d6d9f4d-1042-410a-9fac-061faec65884-groupManagement] INFO  server.RaftServerConfigKeys (ConfUtils.java:logGet(46)) - raft.server.rpc.request.timeout = 60s (custom)
2023-09-23 10:03:28,472 [8d6d9f4d-1042-410a-9fac-061faec65884-groupManagement] INFO  server.RaftServerConfigKeys (ConfUtils.java:logGet(46)) - raft.server.log.appender.install.snapshot.enabled = false (custom)
2023-09-23 10:03:28,472 [8d6d9f4d-1042-410a-9fac-061faec65884-groupManagement] INFO  server.RaftServerConfigKeys (ConfUtils.java:logGet(46)) - raft.server.threadpool.server.cached = true (default)
2023-09-23 10:03:28,472 [8d6d9f4d-1042-410a-9fac-061faec65884-groupManagement] INFO  server.RaftServerConfigKeys (ConfUtils.java:logGet(46)) - raft.server.threadpool.server.size = 0 (default)
2023-09-23 10:03:28,472 [8d6d9f4d-1042-410a-9fac-061faec65884-groupManagement] INFO  server.RaftServerConfigKeys (ConfUtils.java:logGet(46)) - raft.server.threadpool.client.cached = true (default)
2023-09-23 10:03:28,472 [8d6d9f4d-1042-410a-9fac-061faec65884-groupManagement] INFO  server.RaftServerConfigKeys (ConfUtils.java:logGet(46)) - raft.server.threadpool.client.size = 0 (default)
2023-09-23 10:03:28,473 [8d6d9f4d-1042-410a-9fac-061faec65884-groupManagement] INFO  storage.RaftStorageDirectory (RaftStorageDirectoryImpl.java:analyzeStorage(137)) - The storage directory /home/runner/work/ozone/ozone/hadoop-ozone/integration-test/target/test-dir/MiniOzoneClusterImpl-221a8c4e-c666-4dc9-898e-ead2ee9f568a/datanode-2/data/ratis/de86ac2d-47c3-4ad8-af8c-82467c91c693 does not exist. Creating ...
2023-09-23 10:03:28,474 [8d6d9f4d-1042-410a-9fac-061faec65884-groupManagement] INFO  storage.RaftStorageDirectory (RaftStorageDirectoryImpl.java:tryLock(231)) - Lock on /home/runner/work/ozone/ozone/hadoop-ozone/integration-test/target/test-dir/MiniOzoneClusterImpl-221a8c4e-c666-4dc9-898e-ead2ee9f568a/datanode-2/data/ratis/de86ac2d-47c3-4ad8-af8c-82467c91c693/in_use.lock acquired by nodename 6438@fv-az1239-715
2023-09-23 10:03:28,476 [8d6d9f4d-1042-410a-9fac-061faec65884-groupManagement] INFO  storage.RaftStorage (RaftStorageImpl.java:format(96)) - Storage directory /home/runner/work/ozone/ozone/hadoop-ozone/integration-test/target/test-dir/MiniOzoneClusterImpl-221a8c4e-c666-4dc9-898e-ead2ee9f568a/datanode-2/data/ratis/de86ac2d-47c3-4ad8-af8c-82467c91c693 has been successfully formatted.
2023-09-23 10:03:28,478 [8d6d9f4d-1042-410a-9fac-061faec65884-groupManagement] INFO  ratis.ContainerStateMachine (ContainerStateMachine.java:loadSnapshot(262)) - group-82467C91C693: The snapshot info is null. Setting the last applied indexto:(t:0, i:~)
2023-09-23 10:03:28,480 [8d6d9f4d-1042-410a-9fac-061faec65884-groupManagement] INFO  server.RaftServerConfigKeys (ConfUtils.java:logGet(46)) - raft.server.log.use.memory = false (default)
2023-09-23 10:03:28,480 [8d6d9f4d-1042-410a-9fac-061faec65884-groupManagement] INFO  server.RaftServerConfigKeys (ConfUtils.java:logGet(46)) - raft.server.log.purge.gap = 1000000 (custom)
2023-09-23 10:03:28,480 [8d6d9f4d-1042-410a-9fac-061faec65884-groupManagement] INFO  server.RaftServerConfigKeys (ConfUtils.java:logGet(46)) - raft.server.log.appender.buffer.byte-limit = 33554432 (custom)
2023-09-23 10:03:28,480 [8d6d9f4d-1042-410a-9fac-061faec65884-groupManagement] INFO  server.RaftServerConfigKeys (ConfUtils.java:logGet(46)) - raft.server.log.statemachine.data.read.timeout = 1000ms (default)
2023-09-23 10:03:28,480 [8d6d9f4d-1042-410a-9fac-061faec65884-groupManagement] INFO  server.RaftServerConfigKeys (ConfUtils.java:logGet(46)) - raft.server.log.purge.preservation.log.num = 0 (default)
2023-09-23 10:03:28,480 [8d6d9f4d-1042-410a-9fac-061faec65884-groupManagement] INFO  server.RaftServerConfigKeys (ConfUtils.java:logGet(46)) - raft.server.log.segment.size.max = 1048576 (custom)
2023-09-23 10:03:28,481 [8d6d9f4d-1042-410a-9fac-061faec65884-groupManagement] INFO  server.RaftServerConfigKeys (ConfUtils.java:logGet(46)) - raft.server.log.segment.cache.num.max = 2 (custom)
2023-09-23 10:03:28,481 [8d6d9f4d-1042-410a-9fac-061faec65884-groupManagement] INFO  server.RaftServerConfigKeys (ConfUtils.java:logGet(46)) - raft.server.log.segment.cache.size.max = 200MB (=209715200) (default)
2023-09-23 10:03:28,481 [8d6d9f4d-1042-410a-9fac-061faec65884-groupManagement] INFO  server.RaftServerConfigKeys (ConfUtils.java:logGet(46)) - raft.server.log.appender.buffer.byte-limit = 33554432 (custom)
2023-09-23 10:03:28,481 [8d6d9f4d-1042-410a-9fac-061faec65884-groupManagement] INFO  segmented.SegmentedRaftLogWorker (SegmentedRaftLogWorker.java:<init>(188)) - new 8d6d9f4d-1042-410a-9fac-061faec65884@group-82467C91C693-SegmentedRaftLogWorker for RaftStorageImpl:Storage Directory /home/runner/work/ozone/ozone/hadoop-ozone/integration-test/target/test-dir/MiniOzoneClusterImpl-221a8c4e-c666-4dc9-898e-ead2ee9f568a/datanode-2/data/ratis/de86ac2d-47c3-4ad8-af8c-82467c91c693
2023-09-23 10:03:28,481 [8d6d9f4d-1042-410a-9fac-061faec65884-groupManagement] INFO  server.RaftServerConfigKeys (ConfUtils.java:logGet(46)) - raft.server.log.queue.byte-limit = 4294967296 (custom)
2023-09-23 10:03:28,482 [8d6d9f4d-1042-410a-9fac-061faec65884-groupManagement] INFO  server.RaftServerConfigKeys (ConfUtils.java:logGet(46)) - raft.server.log.queue.element-limit = 1024 (custom)
2023-09-23 10:03:28,482 [8d6d9f4d-1042-410a-9fac-061faec65884-groupManagement] INFO  server.RaftServerConfigKeys (ConfUtils.java:logGet(46)) - raft.server.log.segment.size.max = 1048576 (custom)
2023-09-23 10:03:28,482 [8d6d9f4d-1042-410a-9fac-061faec65884-groupManagement] INFO  server.RaftServerConfigKeys (ConfUtils.java:logGet(46)) - raft.server.log.preallocated.size = 16384 (custom)
2023-09-23 10:03:28,482 [8d6d9f4d-1042-410a-9fac-061faec65884-groupManagement] INFO  server.RaftServerConfigKeys (ConfUtils.java:logGet(46)) - raft.server.log.force.sync.num = 128 (default)
2023-09-23 10:03:28,482 [8d6d9f4d-1042-410a-9fac-061faec65884-groupManagement] INFO  server.RaftServerConfigKeys (ConfUtils.java:logGet(46)) - raft.server.log.statemachine.data.sync = true (default)
2023-09-23 10:03:28,482 [8d6d9f4d-1042-410a-9fac-061faec65884-groupManagement] INFO  server.RaftServerConfigKeys (ConfUtils.java:logGet(46)) - raft.server.log.statemachine.data.sync.timeout = 10s (default)
2023-09-23 10:03:28,482 [8d6d9f4d-1042-410a-9fac-061faec65884-groupManagement] INFO  server.RaftServerConfigKeys (ConfUtils.java:logGet(46)) - raft.server.log.statemachine.data.sync.timeout.retry = -1 (default)
2023-09-23 10:03:28,483 [8d6d9f4d-1042-410a-9fac-061faec65884-groupManagement] INFO  server.RaftServerConfigKeys (ConfUtils.java:logGet(46)) - raft.server.log.write.buffer.size = 1048576 (custom)
2023-09-23 10:03:28,484 [8d6d9f4d-1042-410a-9fac-061faec65884-groupManagement] INFO  server.RaftServerConfigKeys (ConfUtils.java:logGet(46)) - raft.server.log.appender.buffer.byte-limit = 33554432 (custom)
2023-09-23 10:03:28,491 [8d6d9f4d-1042-410a-9fac-061faec65884-groupManagement] INFO  server.RaftServerConfigKeys (ConfUtils.java:logGet(46)) - raft.server.log.unsafe-flush.enabled = false (default)
2023-09-23 10:03:28,491 [8d6d9f4d-1042-410a-9fac-061faec65884-groupManagement] INFO  server.RaftServerConfigKeys (ConfUtils.java:logGet(46)) - raft.server.log.async-flush.enabled = false (default)
2023-09-23 10:03:28,491 [8d6d9f4d-1042-410a-9fac-061faec65884-groupManagement] INFO  server.RaftServerConfigKeys (ConfUtils.java:logGet(46)) - raft.server.log.statemachine.data.caching.enabled = true (custom)
2023-09-23 10:03:28,491 [8d6d9f4d-1042-410a-9fac-061faec65884-groupManagement] INFO  segmented.SegmentedRaftLogWorker (SegmentedRaftLogWorker.java:lambda$new$0(135)) - 8d6d9f4d-1042-410a-9fac-061faec65884@group-82467C91C693-SegmentedRaftLogWorker: flushIndex: setUnconditionally 0 -> -1
2023-09-23 10:03:28,491 [8d6d9f4d-1042-410a-9fac-061faec65884-groupManagement] INFO  segmented.SegmentedRaftLogWorker (SegmentedRaftLogWorker.java:lambda$new$0(135)) - 8d6d9f4d-1042-410a-9fac-061faec65884@group-82467C91C693-SegmentedRaftLogWorker: safeCacheEvictIndex: setUnconditionally 0 -> -1
2023-09-23 10:03:28,491 [8d6d9f4d-1042-410a-9fac-061faec65884-groupManagement] INFO  server.RaftServer$Division (RaftServerImpl.java:start(342)) - 8d6d9f4d-1042-410a-9fac-061faec65884@group-82467C91C693: start as a follower, conf=-1: peers:[203410cb-dfdd-4fe6-97b8-0fcafe0a2a8c|rpc:10.1.0.12:15022|admin:10.1.0.12:15021|client:10.1.0.12:15020|dataStream:10.1.0.12:15023|priority:0|startupRole:FOLLOWER, e645d312-f019-43dd-9582-b1afb9dcfe8b|rpc:10.1.0.12:15031|admin:10.1.0.12:15030|client:10.1.0.12:15029|dataStream:10.1.0.12:15032|priority:1|startupRole:FOLLOWER, 8d6d9f4d-1042-410a-9fac-061faec65884|rpc:10.1.0.12:15040|admin:10.1.0.12:15039|client:10.1.0.12:15038|dataStream:10.1.0.12:15041|priority:0|startupRole:FOLLOWER]|listeners:[], old=null
2023-09-23 10:03:28,491 [8d6d9f4d-1042-410a-9fac-061faec65884-groupManagement] INFO  server.RaftServer$Division (RaftServerImpl.java:setRole(329)) - 8d6d9f4d-1042-410a-9fac-061faec65884@group-82467C91C693: changes role from      null to FOLLOWER at term 0 for startAsFollower
2023-09-23 10:03:28,492 [8d6d9f4d-1042-410a-9fac-061faec65884-groupManagement] INFO  impl.RoleInfo (RoleInfo.java:updateAndGet(139)) - 8d6d9f4d-1042-410a-9fac-061faec65884: start 8d6d9f4d-1042-410a-9fac-061faec65884@group-82467C91C693-FollowerState
2023-09-23 10:03:28,492 [8d6d9f4d-1042-410a-9fac-061faec65884-groupManagement] INFO  util.JmxRegister (JmxRegister.java:tryRegister(44)) - Successfully registered JMX Bean with object name Ratis:service=RaftServer,group=group-82467C91C693,id=8d6d9f4d-1042-410a-9fac-061faec65884
2023-09-23 10:03:28,492 [8d6d9f4d-1042-410a-9fac-061faec65884-groupManagement] INFO  server.RaftServerConfigKeys (ConfUtils.java:logGet(46)) - raft.server.snapshot.auto.trigger.enabled = true (custom)
2023-09-23 10:03:28,492 [8d6d9f4d-1042-410a-9fac-061faec65884-groupManagement] INFO  server.RaftServerConfigKeys (ConfUtils.java:logGet(46)) - raft.server.snapshot.auto.trigger.threshold = 10000 (custom)
2023-09-23 10:03:28,492 [8d6d9f4d-1042-410a-9fac-061faec65884-groupManagement] INFO  server.RaftServerConfigKeys (ConfUtils.java:logGet(46)) - raft.server.snapshot.retention.file.num = 5 (custom)
2023-09-23 10:03:28,492 [8d6d9f4d-1042-410a-9fac-061faec65884-groupManagement] INFO  server.RaftServerConfigKeys (ConfUtils.java:logGet(46)) - raft.server.log.purge.upto.snapshot.index = false (default)
2023-09-23 10:03:28,493 [8d6d9f4d-1042-410a-9fac-061faec65884@group-82467C91C693-FollowerState] INFO  server.RaftServerConfigKeys (ConfUtils.java:logFallback(53)) - raft.server.rpc.first-election.timeout.min = 5s (fallback to raft.server.rpc.timeout.min)
2023-09-23 10:03:28,498 [8d6d9f4d-1042-410a-9fac-061faec65884@group-82467C91C693-FollowerState] INFO  server.RaftServerConfigKeys (ConfUtils.java:logFallback(53)) - raft.server.rpc.first-election.timeout.max = 5200ms (fallback to raft.server.rpc.timeout.max)
2023-09-23 10:03:28,523 [PipelineCommandHandlerThread-0] INFO  commandhandler.CreatePipelineCommandHandler (CreatePipelineCommandHandler.java:lambda$handle$2(124)) - Created Pipeline RATIS THREE PipelineID=de86ac2d-47c3-4ad8-af8c-82467c91c693.
2023-09-23 10:03:28,591 [omNode-3@group-523986131536-FollowerState] INFO  server.RaftServerConfigKeys (ConfUtils.java:logFallback(53)) - raft.server.rpc.first-election.timeout.min = 1s (fallback to raft.server.rpc.timeout.min)
2023-09-23 10:03:28,592 [omNode-3@group-523986131536-FollowerState] INFO  server.RaftServerConfigKeys (ConfUtils.java:logFallback(53)) - raft.server.rpc.first-election.timeout.max = 1200ms (fallback to raft.server.rpc.timeout.max)
2023-09-23 10:03:28,718 [PipelineCommandHandlerThread-0] INFO  server.RaftServer (RaftServerProxy.java:addNew(98)) - 8d6d9f4d-1042-410a-9fac-061faec65884: addNew group-C05A196BFA28:[8d6d9f4d-1042-410a-9fac-061faec65884|rpc:10.1.0.12:15040|admin:10.1.0.12:15039|client:10.1.0.12:15038|dataStream:10.1.0.12:15041|priority:1|startupRole:FOLLOWER] returns group-C05A196BFA28:java.util.concurrent.CompletableFuture@53e44c8[Not completed]
2023-09-23 10:03:28,719 [8d6d9f4d-1042-410a-9fac-061faec65884-groupManagement] INFO  server.RaftServer$Division (RaftServerImpl.java:<init>(198)) - 8d6d9f4d-1042-410a-9fac-061faec65884: new RaftServerImpl for group-C05A196BFA28:[8d6d9f4d-1042-410a-9fac-061faec65884|rpc:10.1.0.12:15040|admin:10.1.0.12:15039|client:10.1.0.12:15038|dataStream:10.1.0.12:15041|priority:1|startupRole:FOLLOWER] with ContainerStateMachine:uninitialized
2023-09-23 10:03:28,719 [8d6d9f4d-1042-410a-9fac-061faec65884-groupManagement] INFO  server.RaftServerConfigKeys (ConfUtils.java:logGet(46)) - raft.server.rpc.timeout.min = 5s (custom)
2023-09-23 10:03:28,719 [8d6d9f4d-1042-410a-9fac-061faec65884-groupManagement] INFO  server.RaftServerConfigKeys (ConfUtils.java:logGet(46)) - raft.server.rpc.timeout.max = 5200ms (custom)
2023-09-23 10:03:28,719 [8d6d9f4d-1042-410a-9fac-061faec65884-groupManagement] INFO  server.RaftServerConfigKeys (ConfUtils.java:logGet(46)) - raft.server.rpc.sleep.time = 25ms (default)
2023-09-23 10:03:28,719 [8d6d9f4d-1042-410a-9fac-061faec65884-groupManagement] INFO  server.RaftServerConfigKeys (ConfUtils.java:logGet(46)) - raft.server.rpc.slowness.timeout = 300s (custom)
2023-09-23 10:03:28,719 [8d6d9f4d-1042-410a-9fac-061faec65884-groupManagement] INFO  server.RaftServerConfigKeys (ConfUtils.java:logGet(46)) - raft.server.leaderelection.leader.step-down.wait-time = 10s (default)
2023-09-23 10:03:28,719 [8d6d9f4d-1042-410a-9fac-061faec65884-groupManagement] INFO  server.RaftServerConfigKeys (ConfUtils.java:logGet(46)) - raft.server.sleep.deviation.threshold = 300ms (default)
2023-09-23 10:03:28,719 [8d6d9f4d-1042-410a-9fac-061faec65884-groupManagement] INFO  server.RaftServer$Division (ServerState.java:<init>(120)) - 8d6d9f4d-1042-410a-9fac-061faec65884@group-C05A196BFA28: ConfigurationManager, init=-1: peers:[8d6d9f4d-1042-410a-9fac-061faec65884|rpc:10.1.0.12:15040|admin:10.1.0.12:15039|client:10.1.0.12:15038|dataStream:10.1.0.12:15041|priority:1|startupRole:FOLLOWER]|listeners:[], old=null, confs=<EMPTY_MAP>
2023-09-23 10:03:28,719 [8d6d9f4d-1042-410a-9fac-061faec65884-groupManagement] INFO  server.RaftServerConfigKeys (ConfUtils.java:logGet(46)) - raft.server.storage.dir = [/home/runner/work/ozone/ozone/hadoop-ozone/integration-test/target/test-dir/MiniOzoneClusterImpl-221a8c4e-c666-4dc9-898e-ead2ee9f568a/datanode-2/data/ratis] (custom)
2023-09-23 10:03:28,720 [8d6d9f4d-1042-410a-9fac-061faec65884-groupManagement] INFO  server.RaftServerConfigKeys (ConfUtils.java:logGet(46)) - raft.server.log.corruption.policy = EXCEPTION (default)
2023-09-23 10:03:28,720 [8d6d9f4d-1042-410a-9fac-061faec65884-groupManagement] INFO  server.RaftServerConfigKeys (ConfUtils.java:logGet(46)) - raft.server.storage.free-space.min = 0MB (=0) (default)
2023-09-23 10:03:28,720 [8d6d9f4d-1042-410a-9fac-061faec65884-groupManagement] INFO  server.RaftServerConfigKeys (ConfUtils.java:logGet(46)) - raft.server.notification.no-leader.timeout = 300s (custom)
2023-09-23 10:03:28,720 [8d6d9f4d-1042-410a-9fac-061faec65884-groupManagement] INFO  server.RaftServerConfigKeys (ConfUtils.java:logGet(46)) - raft.server.read.timeout = 10s (default)
2023-09-23 10:03:28,720 [8d6d9f4d-1042-410a-9fac-061faec65884-groupManagement] INFO  server.RaftServerConfigKeys (ConfUtils.java:logGet(46)) - raft.server.retrycache.expirytime = 600000ms (custom)
2023-09-23 10:03:28,720 [8d6d9f4d-1042-410a-9fac-061faec65884-groupManagement] INFO  server.RaftServerConfigKeys (ConfUtils.java:logGet(46)) - raft.server.retrycache.statistics.expirytime = 100μs (default)
2023-09-23 10:03:28,720 [8d6d9f4d-1042-410a-9fac-061faec65884-groupManagement] INFO  server.RaftServerConfigKeys (ConfUtils.java:logGet(46)) - raft.server.read.option = DEFAULT (default)
2023-09-23 10:03:28,721 [8d6d9f4d-1042-410a-9fac-061faec65884-groupManagement] INFO  server.RaftServerConfigKeys (ConfUtils.java:logGet(46)) - raft.server.rpc.request.timeout = 60s (custom)
2023-09-23 10:03:28,721 [8d6d9f4d-1042-410a-9fac-061faec65884-groupManagement] INFO  server.RaftServerConfigKeys (ConfUtils.java:logGet(46)) - raft.server.log.appender.install.snapshot.enabled = false (custom)
2023-09-23 10:03:28,721 [8d6d9f4d-1042-410a-9fac-061faec65884-groupManagement] INFO  server.RaftServerConfigKeys (ConfUtils.java:logGet(46)) - raft.server.threadpool.server.cached = true (default)
2023-09-23 10:03:28,722 [main] INFO  ozone.MiniOzoneClusterImpl (MiniOzoneClusterImpl.java:lambda$waitForClusterToBeReady$0(229)) - Nodes are ready. Got 3 of 3 DN Heartbeats.
2023-09-23 10:03:28,723 [main] INFO  ozone.MiniOzoneClusterImpl (MiniOzoneClusterImpl.java:lambda$waitForClusterToBeReady$0(232)) - Waiting for cluster to exit safe mode
2023-09-23 10:03:28,723 [main] INFO  ozone.MiniOzoneClusterImpl (MiniOzoneClusterImpl.java:lambda$waitForClusterToBeReady$0(234)) - SCM became leader
2023-09-23 10:03:28,722 [8d6d9f4d-1042-410a-9fac-061faec65884-groupManagement] INFO  server.RaftServerConfigKeys (ConfUtils.java:logGet(46)) - raft.server.threadpool.server.size = 0 (default)
2023-09-23 10:03:28,724 [8d6d9f4d-1042-410a-9fac-061faec65884-groupManagement] INFO  server.RaftServerConfigKeys (ConfUtils.java:logGet(46)) - raft.server.threadpool.client.cached = true (default)
2023-09-23 10:03:28,724 [8d6d9f4d-1042-410a-9fac-061faec65884-groupManagement] INFO  server.RaftServerConfigKeys (ConfUtils.java:logGet(46)) - raft.server.threadpool.client.size = 0 (default)
2023-09-23 10:03:28,724 [8d6d9f4d-1042-410a-9fac-061faec65884-groupManagement] INFO  storage.RaftStorageDirectory (RaftStorageDirectoryImpl.java:analyzeStorage(137)) - The storage directory /home/runner/work/ozone/ozone/hadoop-ozone/integration-test/target/test-dir/MiniOzoneClusterImpl-221a8c4e-c666-4dc9-898e-ead2ee9f568a/datanode-2/data/ratis/5320efd9-c1d0-4114-b4de-c05a196bfa28 does not exist. Creating ...
2023-09-23 10:03:28,726 [8d6d9f4d-1042-410a-9fac-061faec65884-groupManagement] INFO  storage.RaftStorageDirectory (RaftStorageDirectoryImpl.java:tryLock(231)) - Lock on /home/runner/work/ozone/ozone/hadoop-ozone/integration-test/target/test-dir/MiniOzoneClusterImpl-221a8c4e-c666-4dc9-898e-ead2ee9f568a/datanode-2/data/ratis/5320efd9-c1d0-4114-b4de-c05a196bfa28/in_use.lock acquired by nodename 6438@fv-az1239-715
2023-09-23 10:03:28,728 [8d6d9f4d-1042-410a-9fac-061faec65884-groupManagement] INFO  storage.RaftStorage (RaftStorageImpl.java:format(96)) - Storage directory /home/runner/work/ozone/ozone/hadoop-ozone/integration-test/target/test-dir/MiniOzoneClusterImpl-221a8c4e-c666-4dc9-898e-ead2ee9f568a/datanode-2/data/ratis/5320efd9-c1d0-4114-b4de-c05a196bfa28 has been successfully formatted.
2023-09-23 10:03:28,731 [8d6d9f4d-1042-410a-9fac-061faec65884-groupManagement] INFO  ratis.ContainerStateMachine (ContainerStateMachine.java:loadSnapshot(262)) - group-C05A196BFA28: The snapshot info is null. Setting the last applied indexto:(t:0, i:~)
2023-09-23 10:03:28,733 [EventQueue-PipelineReportForPipelineReportHandler] INFO  pipeline.PipelineReportHandler (PipelineReportHandler.java:processPipelineReport(136)) - Opened pipeline PipelineID=5320efd9-c1d0-4114-b4de-c05a196bfa28
2023-09-23 10:03:28,733 [EventQueue-OpenPipelineForHealthyPipelineSafeModeRule] INFO  safemode.SCMSafeModeManager (HealthyPipelineSafeModeRule.java:process(137)) - SCM in safe mode. Healthy pipelines reported count is 0, required healthy pipeline reported count is 1
2023-09-23 10:03:28,733 [8d6d9f4d-1042-410a-9fac-061faec65884-groupManagement] INFO  server.RaftServerConfigKeys (ConfUtils.java:logGet(46)) - raft.server.log.use.memory = false (default)
2023-09-23 10:03:28,733 [8d6d9f4d-1042-410a-9fac-061faec65884-groupManagement] INFO  server.RaftServerConfigKeys (ConfUtils.java:logGet(46)) - raft.server.log.purge.gap = 1000000 (custom)
2023-09-23 10:03:28,733 [8d6d9f4d-1042-410a-9fac-061faec65884-groupManagement] INFO  server.RaftServerConfigKeys (ConfUtils.java:logGet(46)) - raft.server.log.appender.buffer.byte-limit = 33554432 (custom)
2023-09-23 10:03:28,734 [8d6d9f4d-1042-410a-9fac-061faec65884-groupManagement] INFO  server.RaftServerConfigKeys (ConfUtils.java:logGet(46)) - raft.server.log.statemachine.data.read.timeout = 1000ms (default)
2023-09-23 10:03:28,734 [8d6d9f4d-1042-410a-9fac-061faec65884-groupManagement] INFO  server.RaftServerConfigKeys (ConfUtils.java:logGet(46)) - raft.server.log.purge.preservation.log.num = 0 (default)
2023-09-23 10:03:28,734 [8d6d9f4d-1042-410a-9fac-061faec65884-groupManagement] INFO  server.RaftServerConfigKeys (ConfUtils.java:logGet(46)) - raft.server.log.segment.size.max = 1048576 (custom)
2023-09-23 10:03:28,734 [8d6d9f4d-1042-410a-9fac-061faec65884-groupManagement] INFO  server.RaftServerConfigKeys (ConfUtils.java:logGet(46)) - raft.server.log.segment.cache.num.max = 2 (custom)
2023-09-23 10:03:28,734 [8d6d9f4d-1042-410a-9fac-061faec65884-groupManagement] INFO  server.RaftServerConfigKeys (ConfUtils.java:logGet(46)) - raft.server.log.segment.cache.size.max = 200MB (=209715200) (default)
2023-09-23 10:03:28,734 [8d6d9f4d-1042-410a-9fac-061faec65884-groupManagement] INFO  server.RaftServerConfigKeys (ConfUtils.java:logGet(46)) - raft.server.log.appender.buffer.byte-limit = 33554432 (custom)
2023-09-23 10:03:28,734 [8d6d9f4d-1042-410a-9fac-061faec65884-groupManagement] INFO  segmented.SegmentedRaftLogWorker (SegmentedRaftLogWorker.java:<init>(188)) - new 8d6d9f4d-1042-410a-9fac-061faec65884@group-C05A196BFA28-SegmentedRaftLogWorker for RaftStorageImpl:Storage Directory /home/runner/work/ozone/ozone/hadoop-ozone/integration-test/target/test-dir/MiniOzoneClusterImpl-221a8c4e-c666-4dc9-898e-ead2ee9f568a/datanode-2/data/ratis/5320efd9-c1d0-4114-b4de-c05a196bfa28
2023-09-23 10:03:28,735 [8d6d9f4d-1042-410a-9fac-061faec65884-groupManagement] INFO  server.RaftServerConfigKeys (ConfUtils.java:logGet(46)) - raft.server.log.queue.byte-limit = 4294967296 (custom)
2023-09-23 10:03:28,735 [8d6d9f4d-1042-410a-9fac-061faec65884-groupManagement] INFO  server.RaftServerConfigKeys (ConfUtils.java:logGet(46)) - raft.server.log.queue.element-limit = 1024 (custom)
2023-09-23 10:03:28,735 [8d6d9f4d-1042-410a-9fac-061faec65884-groupManagement] INFO  server.RaftServerConfigKeys (ConfUtils.java:logGet(46)) - raft.server.log.segment.size.max = 1048576 (custom)
2023-09-23 10:03:28,735 [8d6d9f4d-1042-410a-9fac-061faec65884-groupManagement] INFO  server.RaftServerConfigKeys (ConfUtils.java:logGet(46)) - raft.server.log.preallocated.size = 16384 (custom)
2023-09-23 10:03:28,735 [8d6d9f4d-1042-410a-9fac-061faec65884-groupManagement] INFO  server.RaftServerConfigKeys (ConfUtils.java:logGet(46)) - raft.server.log.force.sync.num = 128 (default)
2023-09-23 10:03:28,735 [8d6d9f4d-1042-410a-9fac-061faec65884-groupManagement] INFO  server.RaftServerConfigKeys (ConfUtils.java:logGet(46)) - raft.server.log.statemachine.data.sync = true (default)
2023-09-23 10:03:28,735 [8d6d9f4d-1042-410a-9fac-061faec65884-groupManagement] INFO  server.RaftServerConfigKeys (ConfUtils.java:logGet(46)) - raft.server.log.statemachine.data.sync.timeout = 10s (default)
2023-09-23 10:03:28,735 [8d6d9f4d-1042-410a-9fac-061faec65884-groupManagement] INFO  server.RaftServerConfigKeys (ConfUtils.java:logGet(46)) - raft.server.log.statemachine.data.sync.timeout.retry = -1 (default)
2023-09-23 10:03:28,736 [8d6d9f4d-1042-410a-9fac-061faec65884-groupManagement] INFO  server.RaftServerConfigKeys (ConfUtils.java:logGet(46)) - raft.server.log.write.buffer.size = 1048576 (custom)
2023-09-23 10:03:28,737 [8d6d9f4d-1042-410a-9fac-061faec65884-groupManagement] INFO  server.RaftServerConfigKeys (ConfUtils.java:logGet(46)) - raft.server.log.appender.buffer.byte-limit = 33554432 (custom)
2023-09-23 10:03:29,034 [JvmPauseMonitor2] WARN  util.JvmPauseMonitor (JvmPauseMonitor.java:detectPause(124)) - JvmPauseMonitor-omNode-2: Detected pause in JVM or host machine approximately 0.213s with 0.291s GC time.
GC pool 'PS MarkSweep' had collection(s): count=1 time=190ms
GC pool 'PS Scavenge' had collection(s): count=1 time=101ms
2023-09-23 10:03:29,034 [JvmPauseMonitor6] WARN  util.JvmPauseMonitor (JvmPauseMonitor.java:detectPause(124)) - JvmPauseMonitor-8d6d9f4d-1042-410a-9fac-061faec65884: Detected pause in JVM or host machine approximately 0.228s with 0.291s GC time.
GC pool 'PS MarkSweep' had collection(s): count=1 time=190ms
GC pool 'PS Scavenge' had collection(s): count=1 time=101ms
2023-09-23 10:03:29,055 [8d6d9f4d-1042-410a-9fac-061faec65884-groupManagement] INFO  server.RaftServerConfigKeys (ConfUtils.java:logGet(46)) - raft.server.log.unsafe-flush.enabled = false (default)
2023-09-23 10:03:29,056 [8d6d9f4d-1042-410a-9fac-061faec65884-groupManagement] INFO  server.RaftServerConfigKeys (ConfUtils.java:logGet(46)) - raft.server.log.async-flush.enabled = false (default)
2023-09-23 10:03:29,056 [8d6d9f4d-1042-410a-9fac-061faec65884-groupManagement] INFO  server.RaftServerConfigKeys (ConfUtils.java:logGet(46)) - raft.server.log.statemachine.data.caching.enabled = true (custom)
2023-09-23 10:03:29,056 [8d6d9f4d-1042-410a-9fac-061faec65884-groupManagement] INFO  segmented.SegmentedRaftLogWorker (SegmentedRaftLogWorker.java:lambda$new$0(135)) - 8d6d9f4d-1042-410a-9fac-061faec65884@group-C05A196BFA28-SegmentedRaftLogWorker: flushIndex: setUnconditionally 0 -> -1
2023-09-23 10:03:29,056 [8d6d9f4d-1042-410a-9fac-061faec65884-groupManagement] INFO  segmented.SegmentedRaftLogWorker (SegmentedRaftLogWorker.java:lambda$new$0(135)) - 8d6d9f4d-1042-410a-9fac-061faec65884@group-C05A196BFA28-SegmentedRaftLogWorker: safeCacheEvictIndex: setUnconditionally 0 -> -1
2023-09-23 10:03:29,057 [8d6d9f4d-1042-410a-9fac-061faec65884-groupManagement] INFO  server.RaftServer$Division (RaftServerImpl.java:start(342)) - 8d6d9f4d-1042-410a-9fac-061faec65884@group-C05A196BFA28: start as a follower, conf=-1: peers:[8d6d9f4d-1042-410a-9fac-061faec65884|rpc:10.1.0.12:15040|admin:10.1.0.12:15039|client:10.1.0.12:15038|dataStream:10.1.0.12:15041|priority:1|startupRole:FOLLOWER]|listeners:[], old=null
2023-09-23 10:03:29,057 [8d6d9f4d-1042-410a-9fac-061faec65884-groupManagement] INFO  server.RaftServer$Division (RaftServerImpl.java:setRole(329)) - 8d6d9f4d-1042-410a-9fac-061faec65884@group-C05A196BFA28: changes role from      null to FOLLOWER at term 0 for startAsFollower
2023-09-23 10:03:29,057 [8d6d9f4d-1042-410a-9fac-061faec65884-groupManagement] INFO  impl.RoleInfo (RoleInfo.java:updateAndGet(139)) - 8d6d9f4d-1042-410a-9fac-061faec65884: start 8d6d9f4d-1042-410a-9fac-061faec65884@group-C05A196BFA28-FollowerState
2023-09-23 10:03:29,057 [8d6d9f4d-1042-410a-9fac-061faec65884@group-C05A196BFA28-FollowerState] INFO  server.RaftServerConfigKeys (ConfUtils.java:logFallback(53)) - raft.server.rpc.first-election.timeout.min = 5s (fallback to raft.server.rpc.timeout.min)
2023-09-23 10:03:29,057 [8d6d9f4d-1042-410a-9fac-061faec65884-groupManagement] INFO  util.JmxRegister (JmxRegister.java:tryRegister(44)) - Successfully registered JMX Bean with object name Ratis:service=RaftServer,group=group-C05A196BFA28,id=8d6d9f4d-1042-410a-9fac-061faec65884
2023-09-23 10:03:29,057 [8d6d9f4d-1042-410a-9fac-061faec65884@group-C05A196BFA28-FollowerState] INFO  server.RaftServerConfigKeys (ConfUtils.java:logFallback(53)) - raft.server.rpc.first-election.timeout.max = 5200ms (fallback to raft.server.rpc.timeout.max)
2023-09-23 10:03:29,057 [8d6d9f4d-1042-410a-9fac-061faec65884-groupManagement] INFO  server.RaftServerConfigKeys (ConfUtils.java:logGet(46)) - raft.server.snapshot.auto.trigger.enabled = true (custom)
2023-09-23 10:03:29,057 [8d6d9f4d-1042-410a-9fac-061faec65884-groupManagement] INFO  server.RaftServerConfigKeys (ConfUtils.java:logGet(46)) - raft.server.snapshot.auto.trigger.threshold = 10000 (custom)
2023-09-23 10:03:29,058 [8d6d9f4d-1042-410a-9fac-061faec65884-groupManagement] INFO  server.RaftServerConfigKeys (ConfUtils.java:logGet(46)) - raft.server.snapshot.retention.file.num = 5 (custom)
2023-09-23 10:03:29,058 [8d6d9f4d-1042-410a-9fac-061faec65884-groupManagement] INFO  server.RaftServerConfigKeys (ConfUtils.java:logGet(46)) - raft.server.log.purge.upto.snapshot.index = false (default)
2023-09-23 10:03:29,064 [PipelineCommandHandlerThread-0] INFO  ratis.XceiverServerRatis (XceiverServerRatis.java:addGroup(804)) - Created group PipelineID=5320efd9-c1d0-4114-b4de-c05a196bfa28
2023-09-23 10:03:29,064 [PipelineCommandHandlerThread-0] INFO  commandhandler.CreatePipelineCommandHandler (CreatePipelineCommandHandler.java:lambda$handle$2(124)) - Created Pipeline RATIS ONE PipelineID=5320efd9-c1d0-4114-b4de-c05a196bfa28.
2023-09-23 10:03:29,723 [main] INFO  ozone.MiniOzoneClusterImpl (MiniOzoneClusterImpl.java:lambda$waitForClusterToBeReady$0(229)) - Nodes are ready. Got 3 of 3 DN Heartbeats.
2023-09-23 10:03:29,723 [main] INFO  ozone.MiniOzoneClusterImpl (MiniOzoneClusterImpl.java:lambda$waitForClusterToBeReady$0(232)) - Waiting for cluster to exit safe mode
2023-09-23 10:03:29,723 [main] INFO  ozone.MiniOzoneClusterImpl (MiniOzoneClusterImpl.java:lambda$waitForClusterToBeReady$0(234)) - SCM became leader
2023-09-23 10:03:29,733 [omNode-3@group-523986131536-FollowerState] INFO  server.RaftServerConfigKeys (ConfUtils.java:logFallback(53)) - raft.server.rpc.first-election.timeout.min = 1s (fallback to raft.server.rpc.timeout.min)
2023-09-23 10:03:29,733 [omNode-3@group-523986131536-FollowerState] INFO  server.RaftServerConfigKeys (ConfUtils.java:logFallback(53)) - raft.server.rpc.first-election.timeout.max = 1200ms (fallback to raft.server.rpc.timeout.max)
2023-09-23 10:03:30,724 [main] INFO  ozone.MiniOzoneClusterImpl (MiniOzoneClusterImpl.java:lambda$waitForClusterToBeReady$0(229)) - Nodes are ready. Got 3 of 3 DN Heartbeats.
2023-09-23 10:03:30,724 [main] INFO  ozone.MiniOzoneClusterImpl (MiniOzoneClusterImpl.java:lambda$waitForClusterToBeReady$0(232)) - Waiting for cluster to exit safe mode
2023-09-23 10:03:30,724 [main] INFO  ozone.MiniOzoneClusterImpl (MiniOzoneClusterImpl.java:lambda$waitForClusterToBeReady$0(234)) - SCM became leader
2023-09-23 10:03:30,863 [omNode-3@group-523986131536-FollowerState] INFO  server.RaftServerConfigKeys (ConfUtils.java:logFallback(53)) - raft.server.rpc.first-election.timeout.min = 1s (fallback to raft.server.rpc.timeout.min)
2023-09-23 10:03:30,863 [omNode-3@group-523986131536-FollowerState] INFO  server.RaftServerConfigKeys (ConfUtils.java:logFallback(53)) - raft.server.rpc.first-election.timeout.max = 1200ms (fallback to raft.server.rpc.timeout.max)
2023-09-23 10:03:31,728 [main] INFO  ozone.MiniOzoneClusterImpl (MiniOzoneClusterImpl.java:lambda$waitForClusterToBeReady$0(229)) - Nodes are ready. Got 3 of 3 DN Heartbeats.
2023-09-23 10:03:31,728 [main] INFO  ozone.MiniOzoneClusterImpl (MiniOzoneClusterImpl.java:lambda$waitForClusterToBeReady$0(232)) - Waiting for cluster to exit safe mode
2023-09-23 10:03:31,728 [main] INFO  ozone.MiniOzoneClusterImpl (MiniOzoneClusterImpl.java:lambda$waitForClusterToBeReady$0(234)) - SCM became leader
2023-09-23 10:03:31,936 [omNode-3@group-523986131536-FollowerState] INFO  server.RaftServerConfigKeys (ConfUtils.java:logFallback(53)) - raft.server.rpc.first-election.timeout.min = 1s (fallback to raft.server.rpc.timeout.min)
2023-09-23 10:03:31,936 [omNode-3@group-523986131536-FollowerState] INFO  server.RaftServerConfigKeys (ConfUtils.java:logFallback(53)) - raft.server.rpc.first-election.timeout.max = 1200ms (fallback to raft.server.rpc.timeout.max)
2023-09-23 10:03:32,729 [main] INFO  ozone.MiniOzoneClusterImpl (MiniOzoneClusterImpl.java:lambda$waitForClusterToBeReady$0(229)) - Nodes are ready. Got 3 of 3 DN Heartbeats.
2023-09-23 10:03:32,729 [main] INFO  ozone.MiniOzoneClusterImpl (MiniOzoneClusterImpl.java:lambda$waitForClusterToBeReady$0(232)) - Waiting for cluster to exit safe mode
2023-09-23 10:03:32,729 [main] INFO  ozone.MiniOzoneClusterImpl (MiniOzoneClusterImpl.java:lambda$waitForClusterToBeReady$0(234)) - SCM became leader
2023-09-23 10:03:32,965 [omNode-3@group-523986131536-FollowerState] INFO  server.RaftServerConfigKeys (ConfUtils.java:logFallback(53)) - raft.server.rpc.first-election.timeout.min = 1s (fallback to raft.server.rpc.timeout.min)
2023-09-23 10:03:32,965 [omNode-3@group-523986131536-FollowerState] INFO  server.RaftServerConfigKeys (ConfUtils.java:logFallback(53)) - raft.server.rpc.first-election.timeout.max = 1200ms (fallback to raft.server.rpc.timeout.max)
2023-09-23 10:03:33,125 [203410cb-dfdd-4fe6-97b8-0fcafe0a2a8c@group-FF3F51E382B0-FollowerState] INFO  impl.FollowerState (FollowerState.java:run(143)) - 203410cb-dfdd-4fe6-97b8-0fcafe0a2a8c@group-FF3F51E382B0-FollowerState: change to CANDIDATE, lastRpcElapsedTime:5101594903ns, electionTimeout:5085ms
2023-09-23 10:03:33,125 [203410cb-dfdd-4fe6-97b8-0fcafe0a2a8c@group-FF3F51E382B0-FollowerState] INFO  impl.RoleInfo (RoleInfo.java:shutdownFollowerState(110)) - 203410cb-dfdd-4fe6-97b8-0fcafe0a2a8c: shutdown 203410cb-dfdd-4fe6-97b8-0fcafe0a2a8c@group-FF3F51E382B0-FollowerState
2023-09-23 10:03:33,125 [203410cb-dfdd-4fe6-97b8-0fcafe0a2a8c@group-FF3F51E382B0-FollowerState] INFO  server.RaftServer$Division (RaftServerImpl.java:setRole(329)) - 203410cb-dfdd-4fe6-97b8-0fcafe0a2a8c@group-FF3F51E382B0: changes role from  FOLLOWER to CANDIDATE at term 0 for changeToCandidate
2023-09-23 10:03:33,125 [203410cb-dfdd-4fe6-97b8-0fcafe0a2a8c@group-FF3F51E382B0-FollowerState] INFO  server.RaftServerConfigKeys (ConfUtils.java:logGet(46)) - raft.server.leaderelection.pre-vote = true (default)
2023-09-23 10:03:33,125 [203410cb-dfdd-4fe6-97b8-0fcafe0a2a8c@group-FF3F51E382B0-FollowerState] INFO  impl.RoleInfo (RoleInfo.java:updateAndGet(139)) - 203410cb-dfdd-4fe6-97b8-0fcafe0a2a8c: start 203410cb-dfdd-4fe6-97b8-0fcafe0a2a8c@group-FF3F51E382B0-LeaderElection2
2023-09-23 10:03:33,128 [203410cb-dfdd-4fe6-97b8-0fcafe0a2a8c@group-FF3F51E382B0-LeaderElection2] INFO  impl.LeaderElection (LeaderElection.java:askForVotes(321)) - 203410cb-dfdd-4fe6-97b8-0fcafe0a2a8c@group-FF3F51E382B0-LeaderElection2 PRE_VOTE round 0: submit vote requests at term 0 for -1: peers:[203410cb-dfdd-4fe6-97b8-0fcafe0a2a8c|rpc:10.1.0.12:15022|admin:10.1.0.12:15021|client:10.1.0.12:15020|dataStream:10.1.0.12:15023|priority:1|startupRole:FOLLOWER]|listeners:[], old=null
2023-09-23 10:03:33,128 [203410cb-dfdd-4fe6-97b8-0fcafe0a2a8c@group-FF3F51E382B0-LeaderElection2] INFO  impl.LeaderElection (LeaderElection.java:askForVotes(323)) - 203410cb-dfdd-4fe6-97b8-0fcafe0a2a8c@group-FF3F51E382B0-LeaderElection2 PRE_VOTE round 0: result PASSED (term=0)
2023-09-23 10:03:33,131 [203410cb-dfdd-4fe6-97b8-0fcafe0a2a8c@group-FF3F51E382B0-LeaderElection2] INFO  impl.LeaderElection (LeaderElection.java:askForVotes(321)) - 203410cb-dfdd-4fe6-97b8-0fcafe0a2a8c@group-FF3F51E382B0-LeaderElection2 ELECTION round 0: submit vote requests at term 1 for -1: peers:[203410cb-dfdd-4fe6-97b8-0fcafe0a2a8c|rpc:10.1.0.12:15022|admin:10.1.0.12:15021|client:10.1.0.12:15020|dataStream:10.1.0.12:15023|priority:1|startupRole:FOLLOWER]|listeners:[], old=null
2023-09-23 10:03:33,131 [203410cb-dfdd-4fe6-97b8-0fcafe0a2a8c@group-FF3F51E382B0-LeaderElection2] INFO  impl.LeaderElection (LeaderElection.java:askForVotes(323)) - 203410cb-dfdd-4fe6-97b8-0fcafe0a2a8c@group-FF3F51E382B0-LeaderElection2 ELECTION round 0: result PASSED (term=1)
2023-09-23 10:03:33,131 [203410cb-dfdd-4fe6-97b8-0fcafe0a2a8c@group-FF3F51E382B0-LeaderElection2] INFO  impl.RoleInfo (RoleInfo.java:shutdownLeaderElection(130)) - 203410cb-dfdd-4fe6-97b8-0fcafe0a2a8c: shutdown 203410cb-dfdd-4fe6-97b8-0fcafe0a2a8c@group-FF3F51E382B0-LeaderElection2
2023-09-23 10:03:33,131 [203410cb-dfdd-4fe6-97b8-0fcafe0a2a8c@group-FF3F51E382B0-LeaderElection2] INFO  server.RaftServer$Division (RaftServerImpl.java:setRole(329)) - 203410cb-dfdd-4fe6-97b8-0fcafe0a2a8c@group-FF3F51E382B0: changes role from CANDIDATE to LEADER at term 1 for changeToLeader
2023-09-23 10:03:33,131 [203410cb-dfdd-4fe6-97b8-0fcafe0a2a8c@group-FF3F51E382B0-LeaderElection2] INFO  ratis.XceiverServerRatis (XceiverServerRatis.java:handleLeaderChangedNotification(902)) - Leader change notification received for group: group-FF3F51E382B0 with new leaderId: 203410cb-dfdd-4fe6-97b8-0fcafe0a2a8c
2023-09-23 10:03:33,131 [203410cb-dfdd-4fe6-97b8-0fcafe0a2a8c@group-FF3F51E382B0-LeaderElection2] INFO  server.RaftServer$Division (ServerState.java:setLeader(317)) - 203410cb-dfdd-4fe6-97b8-0fcafe0a2a8c@group-FF3F51E382B0: change Leader from null to 203410cb-dfdd-4fe6-97b8-0fcafe0a2a8c at term 1 for becomeLeader, leader elected after 5139ms
2023-09-23 10:03:33,131 [203410cb-dfdd-4fe6-97b8-0fcafe0a2a8c@group-FF3F51E382B0-LeaderElection2] INFO  server.RaftServerConfigKeys (ConfUtils.java:logGet(46)) - raft.server.staging.catchup.gap = 1000 (default)
2023-09-23 10:03:33,140 [203410cb-dfdd-4fe6-97b8-0fcafe0a2a8c@group-FF3F51E382B0-LeaderElection2] INFO  server.RaftServerConfigKeys (ConfUtils.java:logGet(46)) - raft.server.write.element-limit = 1024 (custom)
2023-09-23 10:03:33,140 [203410cb-dfdd-4fe6-97b8-0fcafe0a2a8c@group-FF3F51E382B0-LeaderElection2] INFO  server.RaftServerConfigKeys (ConfUtils.java:logGet(46)) - raft.server.write.byte-limit = 1024 M (=1073741824) (custom)
2023-09-23 10:03:33,141 [203410cb-dfdd-4fe6-97b8-0fcafe0a2a8c@group-FF3F51E382B0-LeaderElection2] INFO  server.RaftServerConfigKeys (ConfUtils.java:logGet(46)) - raft.server.watch.timeout = 180s (custom)
2023-09-23 10:03:33,141 [203410cb-dfdd-4fe6-97b8-0fcafe0a2a8c@group-FF3F51E382B0-LeaderElection2] INFO  server.RaftServerConfigKeys (ConfUtils.java:logGet(46)) - raft.server.watch.timeout.denomination = 1s (default)
2023-09-23 10:03:33,141 [203410cb-dfdd-4fe6-97b8-0fcafe0a2a8c@group-FF3F51E382B0-LeaderElection2] INFO  server.RaftServerConfigKeys (ConfUtils.java:logGet(46)) - raft.server.watch.element-limit = 65536 (default)
2023-09-23 10:03:33,141 [203410cb-dfdd-4fe6-97b8-0fcafe0a2a8c@group-FF3F51E382B0-LeaderElection2] INFO  server.RaftServerConfigKeys (ConfUtils.java:logGet(46)) - raft.server.write.element-limit = 1024 (custom)
2023-09-23 10:03:33,141 [203410cb-dfdd-4fe6-97b8-0fcafe0a2a8c@group-FF3F51E382B0-LeaderElection2] INFO  server.RaftServerConfigKeys (ConfUtils.java:logGet(46)) - raft.server.write.follower.gap.ratio.max = -1.0 (default)
2023-09-23 10:03:33,141 [EventQueue-OpenPipelineForHealthyPipelineSafeModeRule] INFO  safemode.SCMSafeModeManager (HealthyPipelineSafeModeRule.java:process(137)) - SCM in safe mode. Healthy pipelines reported count is 0, required healthy pipeline reported count is 1
2023-09-23 10:03:33,141 [203410cb-dfdd-4fe6-97b8-0fcafe0a2a8c@group-FF3F51E382B0-LeaderElection2] INFO  impl.RoleInfo (RoleInfo.java:updateAndGet(139)) - 203410cb-dfdd-4fe6-97b8-0fcafe0a2a8c: start 203410cb-dfdd-4fe6-97b8-0fcafe0a2a8c@group-FF3F51E382B0-LeaderStateImpl
2023-09-23 10:03:33,142 [203410cb-dfdd-4fe6-97b8-0fcafe0a2a8c@group-FF3F51E382B0-LeaderElection2] INFO  segmented.SegmentedRaftLogWorker (SegmentedRaftLogWorker.java:startLogSegment(447)) - 203410cb-dfdd-4fe6-97b8-0fcafe0a2a8c@group-FF3F51E382B0-SegmentedRaftLogWorker: Starting segment from index:0
2023-09-23 10:03:33,148 [203410cb-dfdd-4fe6-97b8-0fcafe0a2a8c@group-FF3F51E382B0-SegmentedRaftLogWorker] INFO  segmented.SegmentedRaftLogWorker (SegmentedRaftLogWorker.java:execute(651)) - 203410cb-dfdd-4fe6-97b8-0fcafe0a2a8c@group-FF3F51E382B0-SegmentedRaftLogWorker: created new log segment /home/runner/work/ozone/ozone/hadoop-ozone/integration-test/target/test-dir/MiniOzoneClusterImpl-221a8c4e-c666-4dc9-898e-ead2ee9f568a/datanode-0/data/ratis/1bfb0577-0818-46b6-8d96-ff3f51e382b0/current/log_inprogress_0
2023-09-23 10:03:33,148 [203410cb-dfdd-4fe6-97b8-0fcafe0a2a8c@group-FF3F51E382B0-LeaderElection2] INFO  server.RaftServer$Division (ServerState.java:setRaftConf(434)) - 203410cb-dfdd-4fe6-97b8-0fcafe0a2a8c@group-FF3F51E382B0: set configuration 0: peers:[203410cb-dfdd-4fe6-97b8-0fcafe0a2a8c|rpc:10.1.0.12:15022|admin:10.1.0.12:15021|client:10.1.0.12:15020|dataStream:10.1.0.12:15023|priority:1|startupRole:FOLLOWER]|listeners:[], old=null
2023-09-23 10:03:33,155 [203410cb-dfdd-4fe6-97b8-0fcafe0a2a8c@group-DCF29BDD8F6D-FollowerState] INFO  impl.FollowerState (FollowerState.java:run(143)) - 203410cb-dfdd-4fe6-97b8-0fcafe0a2a8c@group-DCF29BDD8F6D-FollowerState: change to CANDIDATE, lastRpcElapsedTime:5067093373ns, electionTimeout:5056ms
2023-09-23 10:03:33,155 [203410cb-dfdd-4fe6-97b8-0fcafe0a2a8c@group-DCF29BDD8F6D-FollowerState] INFO  impl.RoleInfo (RoleInfo.java:shutdownFollowerState(110)) - 203410cb-dfdd-4fe6-97b8-0fcafe0a2a8c: shutdown 203410cb-dfdd-4fe6-97b8-0fcafe0a2a8c@group-DCF29BDD8F6D-FollowerState
2023-09-23 10:03:33,155 [203410cb-dfdd-4fe6-97b8-0fcafe0a2a8c@group-DCF29BDD8F6D-FollowerState] INFO  server.RaftServer$Division (RaftServerImpl.java:setRole(329)) - 203410cb-dfdd-4fe6-97b8-0fcafe0a2a8c@group-DCF29BDD8F6D: changes role from  FOLLOWER to CANDIDATE at term 0 for changeToCandidate
2023-09-23 10:03:33,156 [203410cb-dfdd-4fe6-97b8-0fcafe0a2a8c@group-DCF29BDD8F6D-FollowerState] INFO  server.RaftServerConfigKeys (ConfUtils.java:logGet(46)) - raft.server.leaderelection.pre-vote = true (default)
2023-09-23 10:03:33,156 [203410cb-dfdd-4fe6-97b8-0fcafe0a2a8c@group-DCF29BDD8F6D-FollowerState] INFO  impl.RoleInfo (RoleInfo.java:updateAndGet(139)) - 203410cb-dfdd-4fe6-97b8-0fcafe0a2a8c: start 203410cb-dfdd-4fe6-97b8-0fcafe0a2a8c@group-DCF29BDD8F6D-LeaderElection3
2023-09-23 10:03:33,160 [203410cb-dfdd-4fe6-97b8-0fcafe0a2a8c@group-DCF29BDD8F6D-LeaderElection3] INFO  impl.LeaderElection (LeaderElection.java:askForVotes(321)) - 203410cb-dfdd-4fe6-97b8-0fcafe0a2a8c@group-DCF29BDD8F6D-LeaderElection3 PRE_VOTE round 0: submit vote requests at term 0 for -1: peers:[203410cb-dfdd-4fe6-97b8-0fcafe0a2a8c|rpc:10.1.0.12:15022|admin:10.1.0.12:15021|client:10.1.0.12:15020|dataStream:10.1.0.12:15023|priority:1|startupRole:FOLLOWER, e645d312-f019-43dd-9582-b1afb9dcfe8b|rpc:10.1.0.12:15031|admin:10.1.0.12:15030|client:10.1.0.12:15029|dataStream:10.1.0.12:15032|priority:0|startupRole:FOLLOWER, 8d6d9f4d-1042-410a-9fac-061faec65884|rpc:10.1.0.12:15040|admin:10.1.0.12:15039|client:10.1.0.12:15038|dataStream:10.1.0.12:15041|priority:0|startupRole:FOLLOWER]|listeners:[], old=null
2023-09-23 10:03:33,161 [203410cb-dfdd-4fe6-97b8-0fcafe0a2a8c@group-DCF29BDD8F6D-LeaderElection3-1] INFO  server.GrpcServerProtocolClient (GrpcServerProtocolClient.java:<init>(65)) - Build channel for e645d312-f019-43dd-9582-b1afb9dcfe8b
2023-09-23 10:03:33,161 [203410cb-dfdd-4fe6-97b8-0fcafe0a2a8c@group-DCF29BDD8F6D-LeaderElection3] INFO  server.RaftServerConfigKeys (ConfUtils.java:logFallback(53)) - raft.server.rpc.first-election.timeout.min = 5s (fallback to raft.server.rpc.timeout.min)
2023-09-23 10:03:33,166 [203410cb-dfdd-4fe6-97b8-0fcafe0a2a8c@group-DCF29BDD8F6D-LeaderElection3] INFO  server.RaftServerConfigKeys (ConfUtils.java:logFallback(53)) - raft.server.rpc.first-election.timeout.max = 5200ms (fallback to raft.server.rpc.timeout.max)
2023-09-23 10:03:33,169 [203410cb-dfdd-4fe6-97b8-0fcafe0a2a8c@group-DCF29BDD8F6D-LeaderElection3-2] INFO  server.GrpcServerProtocolClient (GrpcServerProtocolClient.java:<init>(65)) - Build channel for 8d6d9f4d-1042-410a-9fac-061faec65884
2023-09-23 10:03:33,182 [grpc-default-executor-3] INFO  server.RaftServer$Division (RaftServerImpl.java:requestVote(1302)) - 8d6d9f4d-1042-410a-9fac-061faec65884@group-DCF29BDD8F6D: receive requestVote(PRE_VOTE, 203410cb-dfdd-4fe6-97b8-0fcafe0a2a8c, group-DCF29BDD8F6D, 0, (t:0, i:0))
2023-09-23 10:03:33,182 [grpc-default-executor-3] INFO  impl.VoteContext (VoteContext.java:log(49)) - 8d6d9f4d-1042-410a-9fac-061faec65884@group-DCF29BDD8F6D-FOLLOWER: accept PRE_VOTE from 203410cb-dfdd-4fe6-97b8-0fcafe0a2a8c: our priority 0 <= candidate's priority 1
2023-09-23 10:03:33,182 [grpc-default-executor-3] INFO  server.RaftServer$Division (RaftServerImpl.java:requestVote(1335)) - 8d6d9f4d-1042-410a-9fac-061faec65884@group-DCF29BDD8F6D replies to PRE_VOTE vote request: 203410cb-dfdd-4fe6-97b8-0fcafe0a2a8c<-8d6d9f4d-1042-410a-9fac-061faec65884#0:OK-t0. Peer's state: 8d6d9f4d-1042-410a-9fac-061faec65884@group-DCF29BDD8F6D:t0, leader=null, voted=, raftlog=Memoized:8d6d9f4d-1042-410a-9fac-061faec65884@group-DCF29BDD8F6D-SegmentedRaftLog:OPENED:c-1, conf=-1: peers:[203410cb-dfdd-4fe6-97b8-0fcafe0a2a8c|rpc:10.1.0.12:15022|admin:10.1.0.12:15021|client:10.1.0.12:15020|dataStream:10.1.0.12:15023|priority:1|startupRole:FOLLOWER, e645d312-f019-43dd-9582-b1afb9dcfe8b|rpc:10.1.0.12:15031|admin:10.1.0.12:15030|client:10.1.0.12:15029|dataStream:10.1.0.12:15032|priority:0|startupRole:FOLLOWER, 8d6d9f4d-1042-410a-9fac-061faec65884|rpc:10.1.0.12:15040|admin:10.1.0.12:15039|client:10.1.0.12:15038|dataStream:10.1.0.12:15041|priority:0|startupRole:FOLLOWER]|listeners:[], old=null
2023-09-23 10:03:33,183 [grpc-default-executor-1] INFO  server.RaftServer$Division (RaftServerImpl.java:requestVote(1302)) - e645d312-f019-43dd-9582-b1afb9dcfe8b@group-DCF29BDD8F6D: receive requestVote(PRE_VOTE, 203410cb-dfdd-4fe6-97b8-0fcafe0a2a8c, group-DCF29BDD8F6D, 0, (t:0, i:0))
2023-09-23 10:03:33,183 [grpc-default-executor-1] INFO  impl.VoteContext (VoteContext.java:log(49)) - e645d312-f019-43dd-9582-b1afb9dcfe8b@group-DCF29BDD8F6D-FOLLOWER: accept PRE_VOTE from 203410cb-dfdd-4fe6-97b8-0fcafe0a2a8c: our priority 0 <= candidate's priority 1
2023-09-23 10:03:33,184 [grpc-default-executor-1] INFO  server.RaftServer$Division (RaftServerImpl.java:requestVote(1335)) - e645d312-f019-43dd-9582-b1afb9dcfe8b@group-DCF29BDD8F6D replies to PRE_VOTE vote request: 203410cb-dfdd-4fe6-97b8-0fcafe0a2a8c<-e645d312-f019-43dd-9582-b1afb9dcfe8b#0:OK-t0. Peer's state: e645d312-f019-43dd-9582-b1afb9dcfe8b@group-DCF29BDD8F6D:t0, leader=null, voted=, raftlog=Memoized:e645d312-f019-43dd-9582-b1afb9dcfe8b@group-DCF29BDD8F6D-SegmentedRaftLog:OPENED:c-1, conf=-1: peers:[203410cb-dfdd-4fe6-97b8-0fcafe0a2a8c|rpc:10.1.0.12:15022|admin:10.1.0.12:15021|client:10.1.0.12:15020|dataStream:10.1.0.12:15023|priority:1|startupRole:FOLLOWER, e645d312-f019-43dd-9582-b1afb9dcfe8b|rpc:10.1.0.12:15031|admin:10.1.0.12:15030|client:10.1.0.12:15029|dataStream:10.1.0.12:15032|priority:0|startupRole:FOLLOWER, 8d6d9f4d-1042-410a-9fac-061faec65884|rpc:10.1.0.12:15040|admin:10.1.0.12:15039|client:10.1.0.12:15038|dataStream:10.1.0.12:15041|priority:0|startupRole:FOLLOWER]|listeners:[], old=null
2023-09-23 10:03:33,186 [203410cb-dfdd-4fe6-97b8-0fcafe0a2a8c@group-DCF29BDD8F6D-LeaderElection3] INFO  impl.LeaderElection (LeaderElection.java:logAndReturn(90)) - 203410cb-dfdd-4fe6-97b8-0fcafe0a2a8c@group-DCF29BDD8F6D-LeaderElection3: PRE_VOTE PASSED received 1 response(s) and 0 exception(s):
2023-09-23 10:03:33,187 [203410cb-dfdd-4fe6-97b8-0fcafe0a2a8c@group-DCF29BDD8F6D-LeaderElection3] INFO  impl.LeaderElection (LeaderElection.java:logAndReturn(94)) -   Response 0: 203410cb-dfdd-4fe6-97b8-0fcafe0a2a8c<-8d6d9f4d-1042-410a-9fac-061faec65884#0:OK-t0
2023-09-23 10:03:33,187 [203410cb-dfdd-4fe6-97b8-0fcafe0a2a8c@group-DCF29BDD8F6D-LeaderElection3] INFO  impl.LeaderElection (LeaderElection.java:askForVotes(323)) - 203410cb-dfdd-4fe6-97b8-0fcafe0a2a8c@group-DCF29BDD8F6D-LeaderElection3 PRE_VOTE round 0: result PASSED
2023-09-23 10:03:33,189 [203410cb-dfdd-4fe6-97b8-0fcafe0a2a8c@group-DCF29BDD8F6D-LeaderElection3] INFO  impl.LeaderElection (LeaderElection.java:askForVotes(321)) - 203410cb-dfdd-4fe6-97b8-0fcafe0a2a8c@group-DCF29BDD8F6D-LeaderElection3 ELECTION round 0: submit vote requests at term 1 for -1: peers:[203410cb-dfdd-4fe6-97b8-0fcafe0a2a8c|rpc:10.1.0.12:15022|admin:10.1.0.12:15021|client:10.1.0.12:15020|dataStream:10.1.0.12:15023|priority:1|startupRole:FOLLOWER, e645d312-f019-43dd-9582-b1afb9dcfe8b|rpc:10.1.0.12:15031|admin:10.1.0.12:15030|client:10.1.0.12:15029|dataStream:10.1.0.12:15032|priority:0|startupRole:FOLLOWER, 8d6d9f4d-1042-410a-9fac-061faec65884|rpc:10.1.0.12:15040|admin:10.1.0.12:15039|client:10.1.0.12:15038|dataStream:10.1.0.12:15041|priority:0|startupRole:FOLLOWER]|listeners:[], old=null
2023-09-23 10:03:33,190 [203410cb-dfdd-4fe6-97b8-0fcafe0a2a8c@group-DCF29BDD8F6D-LeaderElection3] INFO  server.RaftServerConfigKeys (ConfUtils.java:logFallback(53)) - raft.server.rpc.first-election.timeout.min = 5s (fallback to raft.server.rpc.timeout.min)
2023-09-23 10:03:33,190 [203410cb-dfdd-4fe6-97b8-0fcafe0a2a8c@group-DCF29BDD8F6D-LeaderElection3] INFO  server.RaftServerConfigKeys (ConfUtils.java:logFallback(53)) - raft.server.rpc.first-election.timeout.max = 5200ms (fallback to raft.server.rpc.timeout.max)
2023-09-23 10:03:33,192 [grpc-default-executor-1] INFO  server.RaftServer$Division (RaftServerImpl.java:requestVote(1302)) - e645d312-f019-43dd-9582-b1afb9dcfe8b@group-DCF29BDD8F6D: receive requestVote(ELECTION, 203410cb-dfdd-4fe6-97b8-0fcafe0a2a8c, group-DCF29BDD8F6D, 1, (t:0, i:0))
2023-09-23 10:03:33,195 [grpc-default-executor-1] INFO  impl.VoteContext (VoteContext.java:log(49)) - e645d312-f019-43dd-9582-b1afb9dcfe8b@group-DCF29BDD8F6D-FOLLOWER: accept ELECTION from 203410cb-dfdd-4fe6-97b8-0fcafe0a2a8c: our priority 0 <= candidate's priority 1
2023-09-23 10:03:33,195 [grpc-default-executor-1] INFO  server.RaftServer$Division (RaftServerImpl.java:setRole(329)) - e645d312-f019-43dd-9582-b1afb9dcfe8b@group-DCF29BDD8F6D: changes role from  FOLLOWER to FOLLOWER at term 1 for candidate:203410cb-dfdd-4fe6-97b8-0fcafe0a2a8c
2023-09-23 10:03:33,195 [grpc-default-executor-1] INFO  impl.RoleInfo (RoleInfo.java:shutdownFollowerState(110)) - e645d312-f019-43dd-9582-b1afb9dcfe8b: shutdown e645d312-f019-43dd-9582-b1afb9dcfe8b@group-DCF29BDD8F6D-FollowerState
2023-09-23 10:03:33,195 [grpc-default-executor-1] INFO  impl.RoleInfo (RoleInfo.java:updateAndGet(139)) - e645d312-f019-43dd-9582-b1afb9dcfe8b: start e645d312-f019-43dd-9582-b1afb9dcfe8b@group-DCF29BDD8F6D-FollowerState
2023-09-23 10:03:33,195 [e645d312-f019-43dd-9582-b1afb9dcfe8b@group-DCF29BDD8F6D-FollowerState] INFO  impl.FollowerState (FollowerState.java:run(152)) - e645d312-f019-43dd-9582-b1afb9dcfe8b@group-DCF29BDD8F6D-FollowerState was interrupted
2023-09-23 10:03:33,199 [grpc-default-executor-3] INFO  server.RaftServer$Division (RaftServerImpl.java:requestVote(1302)) - 8d6d9f4d-1042-410a-9fac-061faec65884@group-DCF29BDD8F6D: receive requestVote(ELECTION, 203410cb-dfdd-4fe6-97b8-0fcafe0a2a8c, group-DCF29BDD8F6D, 1, (t:0, i:0))
2023-09-23 10:03:33,199 [grpc-default-executor-3] INFO  impl.VoteContext (VoteContext.java:log(49)) - 8d6d9f4d-1042-410a-9fac-061faec65884@group-DCF29BDD8F6D-FOLLOWER: accept ELECTION from 203410cb-dfdd-4fe6-97b8-0fcafe0a2a8c: our priority 0 <= candidate's priority 1
2023-09-23 10:03:33,199 [grpc-default-executor-3] INFO  server.RaftServer$Division (RaftServerImpl.java:setRole(329)) - 8d6d9f4d-1042-410a-9fac-061faec65884@group-DCF29BDD8F6D: changes role from  FOLLOWER to FOLLOWER at term 1 for candidate:203410cb-dfdd-4fe6-97b8-0fcafe0a2a8c
2023-09-23 10:03:33,199 [grpc-default-executor-3] INFO  impl.RoleInfo (RoleInfo.java:shutdownFollowerState(110)) - 8d6d9f4d-1042-410a-9fac-061faec65884: shutdown 8d6d9f4d-1042-410a-9fac-061faec65884@group-DCF29BDD8F6D-FollowerState
2023-09-23 10:03:33,199 [grpc-default-executor-3] INFO  impl.RoleInfo (RoleInfo.java:updateAndGet(139)) - 8d6d9f4d-1042-410a-9fac-061faec65884: start 8d6d9f4d-1042-410a-9fac-061faec65884@group-DCF29BDD8F6D-FollowerState
2023-09-23 10:03:33,199 [8d6d9f4d-1042-410a-9fac-061faec65884@group-DCF29BDD8F6D-FollowerState] INFO  impl.FollowerState (FollowerState.java:run(152)) - 8d6d9f4d-1042-410a-9fac-061faec65884@group-DCF29BDD8F6D-FollowerState was interrupted
2023-09-23 10:03:33,199 [grpc-default-executor-1] INFO  server.RaftServer$Division (RaftServerImpl.java:requestVote(1335)) - e645d312-f019-43dd-9582-b1afb9dcfe8b@group-DCF29BDD8F6D replies to ELECTION vote request: 203410cb-dfdd-4fe6-97b8-0fcafe0a2a8c<-e645d312-f019-43dd-9582-b1afb9dcfe8b#0:OK-t1. Peer's state: e645d312-f019-43dd-9582-b1afb9dcfe8b@group-DCF29BDD8F6D:t1, leader=null, voted=203410cb-dfdd-4fe6-97b8-0fcafe0a2a8c, raftlog=Memoized:e645d312-f019-43dd-9582-b1afb9dcfe8b@group-DCF29BDD8F6D-SegmentedRaftLog:OPENED:c-1, conf=-1: peers:[203410cb-dfdd-4fe6-97b8-0fcafe0a2a8c|rpc:10.1.0.12:15022|admin:10.1.0.12:15021|client:10.1.0.12:15020|dataStream:10.1.0.12:15023|priority:1|startupRole:FOLLOWER, e645d312-f019-43dd-9582-b1afb9dcfe8b|rpc:10.1.0.12:15031|admin:10.1.0.12:15030|client:10.1.0.12:15029|dataStream:10.1.0.12:15032|priority:0|startupRole:FOLLOWER, 8d6d9f4d-1042-410a-9fac-061faec65884|rpc:10.1.0.12:15040|admin:10.1.0.12:15039|client:10.1.0.12:15038|dataStream:10.1.0.12:15041|priority:0|startupRole:FOLLOWER]|listeners:[], old=null
2023-09-23 10:03:33,203 [grpc-default-executor-3] INFO  server.RaftServer$Division (RaftServerImpl.java:requestVote(1335)) - 8d6d9f4d-1042-410a-9fac-061faec65884@group-DCF29BDD8F6D replies to ELECTION vote request: 203410cb-dfdd-4fe6-97b8-0fcafe0a2a8c<-8d6d9f4d-1042-410a-9fac-061faec65884#0:OK-t1. Peer's state: 8d6d9f4d-1042-410a-9fac-061faec65884@group-DCF29BDD8F6D:t1, leader=null, voted=203410cb-dfdd-4fe6-97b8-0fcafe0a2a8c, raftlog=Memoized:8d6d9f4d-1042-410a-9fac-061faec65884@group-DCF29BDD8F6D-SegmentedRaftLog:OPENED:c-1, conf=-1: peers:[203410cb-dfdd-4fe6-97b8-0fcafe0a2a8c|rpc:10.1.0.12:15022|admin:10.1.0.12:15021|client:10.1.0.12:15020|dataStream:10.1.0.12:15023|priority:1|startupRole:FOLLOWER, e645d312-f019-43dd-9582-b1afb9dcfe8b|rpc:10.1.0.12:15031|admin:10.1.0.12:15030|client:10.1.0.12:15029|dataStream:10.1.0.12:15032|priority:0|startupRole:FOLLOWER, 8d6d9f4d-1042-410a-9fac-061faec65884|rpc:10.1.0.12:15040|admin:10.1.0.12:15039|client:10.1.0.12:15038|dataStream:10.1.0.12:15041|priority:0|startupRole:FOLLOWER]|listeners:[], old=null
2023-09-23 10:03:33,204 [203410cb-dfdd-4fe6-97b8-0fcafe0a2a8c@group-DCF29BDD8F6D-LeaderElection3] INFO  impl.LeaderElection (LeaderElection.java:logAndReturn(90)) - 203410cb-dfdd-4fe6-97b8-0fcafe0a2a8c@group-DCF29BDD8F6D-LeaderElection3: ELECTION PASSED received 1 response(s) and 0 exception(s):
2023-09-23 10:03:33,204 [203410cb-dfdd-4fe6-97b8-0fcafe0a2a8c@group-DCF29BDD8F6D-LeaderElection3] INFO  impl.LeaderElection (LeaderElection.java:logAndReturn(94)) -   Response 0: 203410cb-dfdd-4fe6-97b8-0fcafe0a2a8c<-8d6d9f4d-1042-410a-9fac-061faec65884#0:OK-t1
2023-09-23 10:03:33,204 [203410cb-dfdd-4fe6-97b8-0fcafe0a2a8c@group-DCF29BDD8F6D-LeaderElection3] INFO  impl.LeaderElection (LeaderElection.java:askForVotes(323)) - 203410cb-dfdd-4fe6-97b8-0fcafe0a2a8c@group-DCF29BDD8F6D-LeaderElection3 ELECTION round 0: result PASSED
2023-09-23 10:03:33,204 [203410cb-dfdd-4fe6-97b8-0fcafe0a2a8c@group-DCF29BDD8F6D-LeaderElection3] INFO  impl.RoleInfo (RoleInfo.java:shutdownLeaderElection(130)) - 203410cb-dfdd-4fe6-97b8-0fcafe0a2a8c: shutdown 203410cb-dfdd-4fe6-97b8-0fcafe0a2a8c@group-DCF29BDD8F6D-LeaderElection3
2023-09-23 10:03:33,204 [203410cb-dfdd-4fe6-97b8-0fcafe0a2a8c@group-DCF29BDD8F6D-LeaderElection3] INFO  server.RaftServer$Division (RaftServerImpl.java:setRole(329)) - 203410cb-dfdd-4fe6-97b8-0fcafe0a2a8c@group-DCF29BDD8F6D: changes role from CANDIDATE to LEADER at term 1 for changeToLeader
2023-09-23 10:03:33,205 [203410cb-dfdd-4fe6-97b8-0fcafe0a2a8c@group-DCF29BDD8F6D-LeaderElection3] INFO  ratis.XceiverServerRatis (XceiverServerRatis.java:handleLeaderChangedNotification(902)) - Leader change notification received for group: group-DCF29BDD8F6D with new leaderId: 203410cb-dfdd-4fe6-97b8-0fcafe0a2a8c
2023-09-23 10:03:33,205 [203410cb-dfdd-4fe6-97b8-0fcafe0a2a8c@group-DCF29BDD8F6D-LeaderElection3] INFO  server.RaftServer$Division (ServerState.java:setLeader(317)) - 203410cb-dfdd-4fe6-97b8-0fcafe0a2a8c@group-DCF29BDD8F6D: change Leader from null to 203410cb-dfdd-4fe6-97b8-0fcafe0a2a8c at term 1 for becomeLeader, leader elected after 5149ms
2023-09-23 10:03:33,205 [203410cb-dfdd-4fe6-97b8-0fcafe0a2a8c@group-DCF29BDD8F6D-LeaderElection3] INFO  server.RaftServerConfigKeys (ConfUtils.java:logGet(46)) - raft.server.staging.catchup.gap = 1000 (default)
2023-09-23 10:03:33,205 [203410cb-dfdd-4fe6-97b8-0fcafe0a2a8c@group-DCF29BDD8F6D-LeaderElection3] INFO  server.RaftServerConfigKeys (ConfUtils.java:logGet(46)) - raft.server.write.element-limit = 1024 (custom)
2023-09-23 10:03:33,205 [203410cb-dfdd-4fe6-97b8-0fcafe0a2a8c@group-DCF29BDD8F6D-LeaderElection3] INFO  server.RaftServerConfigKeys (ConfUtils.java:logGet(46)) - raft.server.write.byte-limit = 1024 M (=1073741824) (custom)
2023-09-23 10:03:33,206 [203410cb-dfdd-4fe6-97b8-0fcafe0a2a8c@group-DCF29BDD8F6D-LeaderElection3] INFO  server.RaftServerConfigKeys (ConfUtils.java:logGet(46)) - raft.server.watch.timeout = 180s (custom)
2023-09-23 10:03:33,206 [203410cb-dfdd-4fe6-97b8-0fcafe0a2a8c@group-DCF29BDD8F6D-LeaderElection3] INFO  server.RaftServerConfigKeys (ConfUtils.java:logGet(46)) - raft.server.watch.timeout.denomination = 1s (default)
2023-09-23 10:03:33,206 [203410cb-dfdd-4fe6-97b8-0fcafe0a2a8c@group-DCF29BDD8F6D-LeaderElection3] INFO  server.RaftServerConfigKeys (ConfUtils.java:logGet(46)) - raft.server.watch.element-limit = 65536 (default)
2023-09-23 10:03:33,206 [203410cb-dfdd-4fe6-97b8-0fcafe0a2a8c@group-DCF29BDD8F6D-LeaderElection3] INFO  server.RaftServerConfigKeys (ConfUtils.java:logGet(46)) - raft.server.write.element-limit = 1024 (custom)
2023-09-23 10:03:33,206 [203410cb-dfdd-4fe6-97b8-0fcafe0a2a8c@group-DCF29BDD8F6D-LeaderElection3] INFO  server.RaftServerConfigKeys (ConfUtils.java:logGet(46)) - raft.server.write.follower.gap.ratio.max = -1.0 (default)
2023-09-23 10:03:33,207 [203410cb-dfdd-4fe6-97b8-0fcafe0a2a8c@group-DCF29BDD8F6D-LeaderElection3] INFO  server.RaftServerConfigKeys (ConfUtils.java:logGet(46)) - raft.server.log.appender.snapshot.chunk.size.max = 16MB (=16777216) (default)
2023-09-23 10:03:33,207 [203410cb-dfdd-4fe6-97b8-0fcafe0a2a8c@group-DCF29BDD8F6D-LeaderElection3] INFO  server.RaftServerConfigKeys (ConfUtils.java:logGet(46)) - raft.server.log.appender.buffer.byte-limit = 33554432 (custom)
2023-09-23 10:03:33,207 [203410cb-dfdd-4fe6-97b8-0fcafe0a2a8c@group-DCF29BDD8F6D-LeaderElection3] INFO  server.RaftServerConfigKeys (ConfUtils.java:logGet(46)) - raft.server.log.appender.buffer.element-limit = 1 (custom)
2023-09-23 10:03:33,207 [203410cb-dfdd-4fe6-97b8-0fcafe0a2a8c@group-DCF29BDD8F6D-LeaderElection3] INFO  server.RaftServerConfigKeys (ConfUtils.java:logGet(46)) - raft.server.log.appender.wait-time.min = 10ms (default)
2023-09-23 10:03:33,207 [203410cb-dfdd-4fe6-97b8-0fcafe0a2a8c@group-DCF29BDD8F6D-LeaderElection3] INFO  grpc.GrpcConfigKeys (ConfUtils.java:logGet(46)) - raft.grpc.server.leader.outstanding.appends.max = 128 (default)
2023-09-23 10:03:33,207 [203410cb-dfdd-4fe6-97b8-0fcafe0a2a8c@group-DCF29BDD8F6D-LeaderElection3] INFO  server.RaftServerConfigKeys (ConfUtils.java:logGet(46)) - raft.server.rpc.request.timeout = 60s (custom)
2023-09-23 10:03:33,207 [203410cb-dfdd-4fe6-97b8-0fcafe0a2a8c@group-DCF29BDD8F6D-LeaderElection3] INFO  grpc.GrpcConfigKeys (ConfUtils.java:logGet(46)) - raft.grpc.server.install_snapshot.request.element-limit = 8 (default)
2023-09-23 10:03:33,207 [203410cb-dfdd-4fe6-97b8-0fcafe0a2a8c@group-DCF29BDD8F6D-LeaderElection3] INFO  grpc.GrpcConfigKeys (ConfUtils.java:logGet(46)) - raft.grpc.server.install_snapshot.request.timeout = 3000ms (default)
2023-09-23 10:03:33,207 [203410cb-dfdd-4fe6-97b8-0fcafe0a2a8c@group-DCF29BDD8F6D-LeaderElection3] INFO  server.RaftServerConfigKeys (ConfUtils.java:logGet(46)) - raft.server.log.appender.install.snapshot.enabled = false (custom)
2023-09-23 10:03:33,207 [203410cb-dfdd-4fe6-97b8-0fcafe0a2a8c@group-DCF29BDD8F6D-LeaderElection3] INFO  grpc.GrpcConfigKeys (ConfUtils.java:logGet(46)) - raft.grpc.server.heartbeat.channel = true (default)
2023-09-23 10:03:33,208 [203410cb-dfdd-4fe6-97b8-0fcafe0a2a8c@group-DCF29BDD8F6D-LeaderElection3] INFO  server.RaftServerConfigKeys (ConfUtils.java:logGet(46)) - raft.server.log.appender.snapshot.chunk.size.max = 16MB (=16777216) (default)
2023-09-23 10:03:33,208 [203410cb-dfdd-4fe6-97b8-0fcafe0a2a8c@group-DCF29BDD8F6D-LeaderElection3] INFO  server.RaftServerConfigKeys (ConfUtils.java:logGet(46)) - raft.server.log.appender.buffer.byte-limit = 33554432 (custom)
2023-09-23 10:03:33,208 [203410cb-dfdd-4fe6-97b8-0fcafe0a2a8c@group-DCF29BDD8F6D-LeaderElection3] INFO  server.RaftServerConfigKeys (ConfUtils.java:logGet(46)) - raft.server.log.appender.buffer.element-limit = 1 (custom)
2023-09-23 10:03:33,208 [203410cb-dfdd-4fe6-97b8-0fcafe0a2a8c@group-DCF29BDD8F6D-LeaderElection3] INFO  server.RaftServerConfigKeys (ConfUtils.java:logGet(46)) - raft.server.log.appender.wait-time.min = 10ms (default)
2023-09-23 10:03:33,209 [203410cb-dfdd-4fe6-97b8-0fcafe0a2a8c@group-DCF29BDD8F6D-LeaderElection3] INFO  grpc.GrpcConfigKeys (ConfUtils.java:logGet(46)) - raft.grpc.server.leader.outstanding.appends.max = 128 (default)
2023-09-23 10:03:33,209 [203410cb-dfdd-4fe6-97b8-0fcafe0a2a8c@group-DCF29BDD8F6D-LeaderElection3] INFO  server.RaftServerConfigKeys (ConfUtils.java:logGet(46)) - raft.server.rpc.request.timeout = 60s (custom)
2023-09-23 10:03:33,209 [203410cb-dfdd-4fe6-97b8-0fcafe0a2a8c@group-DCF29BDD8F6D-LeaderElection3] INFO  grpc.GrpcConfigKeys (ConfUtils.java:logGet(46)) - raft.grpc.server.install_snapshot.request.element-limit = 8 (default)
2023-09-23 10:03:33,209 [203410cb-dfdd-4fe6-97b8-0fcafe0a2a8c@group-DCF29BDD8F6D-LeaderElection3] INFO  grpc.GrpcConfigKeys (ConfUtils.java:logGet(46)) - raft.grpc.server.install_snapshot.request.timeout = 3000ms (default)
2023-09-23 10:03:33,209 [203410cb-dfdd-4fe6-97b8-0fcafe0a2a8c@group-DCF29BDD8F6D-LeaderElection3] INFO  server.RaftServerConfigKeys (ConfUtils.java:logGet(46)) - raft.server.log.appender.install.snapshot.enabled = false (custom)
2023-09-23 10:03:33,209 [203410cb-dfdd-4fe6-97b8-0fcafe0a2a8c@group-DCF29BDD8F6D-LeaderElection3] INFO  grpc.GrpcConfigKeys (ConfUtils.java:logGet(46)) - raft.grpc.server.heartbeat.channel = true (default)
2023-09-23 10:03:33,209 [203410cb-dfdd-4fe6-97b8-0fcafe0a2a8c@group-DCF29BDD8F6D-LeaderElection3] INFO  impl.RoleInfo (RoleInfo.java:updateAndGet(139)) - 203410cb-dfdd-4fe6-97b8-0fcafe0a2a8c: start 203410cb-dfdd-4fe6-97b8-0fcafe0a2a8c@group-DCF29BDD8F6D-LeaderStateImpl
2023-09-23 10:03:33,216 [203410cb-dfdd-4fe6-97b8-0fcafe0a2a8c@group-DCF29BDD8F6D-LeaderElection3] INFO  segmented.SegmentedRaftLogWorker (SegmentedRaftLogWorker.java:startLogSegment(447)) - 203410cb-dfdd-4fe6-97b8-0fcafe0a2a8c@group-DCF29BDD8F6D-SegmentedRaftLogWorker: Starting segment from index:0
2023-09-23 10:03:33,217 [EventQueue-OpenPipelineForHealthyPipelineSafeModeRule] INFO  safemode.SCMSafeModeManager (HealthyPipelineSafeModeRule.java:process(137)) - SCM in safe mode. Healthy pipelines reported count is 0, required healthy pipeline reported count is 1
2023-09-23 10:03:33,226 [203410cb-dfdd-4fe6-97b8-0fcafe0a2a8c@group-DCF29BDD8F6D-LeaderElection3] INFO  server.RaftServer$Division (ServerState.java:setRaftConf(434)) - 203410cb-dfdd-4fe6-97b8-0fcafe0a2a8c@group-DCF29BDD8F6D: set configuration 0: peers:[203410cb-dfdd-4fe6-97b8-0fcafe0a2a8c|rpc:10.1.0.12:15022|admin:10.1.0.12:15021|client:10.1.0.12:15020|dataStream:10.1.0.12:15023|priority:1|startupRole:FOLLOWER, e645d312-f019-43dd-9582-b1afb9dcfe8b|rpc:10.1.0.12:15031|admin:10.1.0.12:15030|client:10.1.0.12:15029|dataStream:10.1.0.12:15032|priority:0|startupRole:FOLLOWER, 8d6d9f4d-1042-410a-9fac-061faec65884|rpc:10.1.0.12:15040|admin:10.1.0.12:15039|client:10.1.0.12:15038|dataStream:10.1.0.12:15041|priority:0|startupRole:FOLLOWER]|listeners:[], old=null
2023-09-23 10:03:33,219 [203410cb-dfdd-4fe6-97b8-0fcafe0a2a8c@group-DCF29BDD8F6D-SegmentedRaftLogWorker] INFO  segmented.SegmentedRaftLogWorker (SegmentedRaftLogWorker.java:execute(651)) - 203410cb-dfdd-4fe6-97b8-0fcafe0a2a8c@group-DCF29BDD8F6D-SegmentedRaftLogWorker: created new log segment /home/runner/work/ozone/ozone/hadoop-ozone/integration-test/target/test-dir/MiniOzoneClusterImpl-221a8c4e-c666-4dc9-898e-ead2ee9f568a/datanode-0/data/ratis/56aa30ca-10f6-40c3-a498-dcf29bdd8f6d/current/log_inprogress_0
2023-09-23 10:03:33,218 [EventQueue-PipelineReportForPipelineReportHandler] INFO  pipeline.PipelineReportHandler (PipelineReportHandler.java:processPipelineReport(136)) - Opened pipeline PipelineID=56aa30ca-10f6-40c3-a498-dcf29bdd8f6d
2023-09-23 10:03:33,242 [EventQueue-OpenPipelineForHealthyPipelineSafeModeRule] INFO  safemode.SCMSafeModeManager (HealthyPipelineSafeModeRule.java:process(137)) - SCM in safe mode. Healthy pipelines reported count is 1, required healthy pipeline reported count is 1
2023-09-23 10:03:33,242 [EventQueue-OpenPipelineForHealthyPipelineSafeModeRule] INFO  safemode.SCMSafeModeManager (SCMSafeModeManager.java:validateSafeModeExitRules(200)) - HealthyPipelineSafeModeRule rule is successfully validated
2023-09-23 10:03:33,242 [EventQueue-OpenPipelineForHealthyPipelineSafeModeRule] INFO  safemode.SCMSafeModeManager (SCMSafeModeManager.java:validateSafeModeExitRules(215)) - ScmSafeModeManager, all rules are successfully validated
2023-09-23 10:03:33,242 [EventQueue-OpenPipelineForHealthyPipelineSafeModeRule] INFO  safemode.SCMSafeModeManager (SCMSafeModeManager.java:exitSafeMode(244)) - SCM exiting safe mode.
2023-09-23 10:03:33,242 [EventQueue-OpenPipelineForHealthyPipelineSafeModeRule] INFO  ha.SCMContext (SCMContext.java:updateSafeModeStatus(228)) - Update SafeModeStatus from SafeModeStatus{safeModeStatus=true, preCheckPassed=true} to SafeModeStatus{safeModeStatus=false, preCheckPassed=true}.
2023-09-23 10:03:33,242 [EventQueue-OpenPipelineForHealthyPipelineSafeModeRule] INFO  pipeline.BackgroundPipelineCreator (BackgroundPipelineCreator.java:notifyStatusChanged(255)) - Service BackgroundPipelineCreator transitions to RUNNING.
2023-09-23 10:03:33,242 [EventQueue-OpenPipelineForHealthyPipelineSafeModeRule] INFO  BackgroundPipelineScrubber (BackgroundSCMService.java:notifyStatusChanged(82)) - Service BackgroundPipelineScrubber transitions to RUNNING.
2023-09-23 10:03:33,242 [EventQueue-OpenPipelineForHealthyPipelineSafeModeRule] INFO  ExpiredContainerReplicaOpScrubber (BackgroundSCMService.java:notifyStatusChanged(82)) - Service ExpiredContainerReplicaOpScrubber transitions to RUNNING.
2023-09-23 10:03:33,242 [EventQueue-OpenPipelineForHealthyPipelineSafeModeRule] INFO  replication.ReplicationManager (ReplicationManager.java:notifyStatusChanged(1370)) - Service ReplicationManager transitions to RUNNING.
2023-09-23 10:03:33,248 [EventQueue-OpenPipelineForHealthyPipelineSafeModeRule] WARN  balancer.ContainerBalancer (ContainerBalancer.java:shouldRun(134)) - Could not find persisted configuration for ContainerBalancer when checking if ContainerBalancer should run. ContainerBalancer should not run now.
2023-09-23 10:03:33,259 [8d6d9f4d-1042-410a-9fac-061faec65884-server-thread1] INFO  ratis.XceiverServerRatis (XceiverServerRatis.java:handleLeaderChangedNotification(902)) - Leader change notification received for group: group-DCF29BDD8F6D with new leaderId: 203410cb-dfdd-4fe6-97b8-0fcafe0a2a8c
2023-09-23 10:03:33,259 [8d6d9f4d-1042-410a-9fac-061faec65884-server-thread1] INFO  server.RaftServer$Division (ServerState.java:setLeader(317)) - 8d6d9f4d-1042-410a-9fac-061faec65884@group-DCF29BDD8F6D: change Leader from null to 203410cb-dfdd-4fe6-97b8-0fcafe0a2a8c at term 1 for appendEntries, leader elected after 4968ms
2023-09-23 10:03:33,268 [8d6d9f4d-1042-410a-9fac-061faec65884-server-thread2] INFO  server.RaftServer$Division (ServerState.java:setRaftConf(434)) - 8d6d9f4d-1042-410a-9fac-061faec65884@group-DCF29BDD8F6D: set configuration 0: peers:[203410cb-dfdd-4fe6-97b8-0fcafe0a2a8c|rpc:10.1.0.12:15022|admin:10.1.0.12:15021|client:10.1.0.12:15020|dataStream:10.1.0.12:15023|priority:1|startupRole:FOLLOWER, e645d312-f019-43dd-9582-b1afb9dcfe8b|rpc:10.1.0.12:15031|admin:10.1.0.12:15030|client:10.1.0.12:15029|dataStream:10.1.0.12:15032|priority:0|startupRole:FOLLOWER, 8d6d9f4d-1042-410a-9fac-061faec65884|rpc:10.1.0.12:15040|admin:10.1.0.12:15039|client:10.1.0.12:15038|dataStream:10.1.0.12:15041|priority:0|startupRole:FOLLOWER]|listeners:[], old=null
2023-09-23 10:03:33,268 [8d6d9f4d-1042-410a-9fac-061faec65884-server-thread2] INFO  segmented.SegmentedRaftLogWorker (SegmentedRaftLogWorker.java:startLogSegment(447)) - 8d6d9f4d-1042-410a-9fac-061faec65884@group-DCF29BDD8F6D-SegmentedRaftLogWorker: Starting segment from index:0
2023-09-23 10:03:33,273 [8d6d9f4d-1042-410a-9fac-061faec65884@group-DCF29BDD8F6D-SegmentedRaftLogWorker] INFO  segmented.SegmentedRaftLogWorker (SegmentedRaftLogWorker.java:execute(651)) - 8d6d9f4d-1042-410a-9fac-061faec65884@group-DCF29BDD8F6D-SegmentedRaftLogWorker: created new log segment /home/runner/work/ozone/ozone/hadoop-ozone/integration-test/target/test-dir/MiniOzoneClusterImpl-221a8c4e-c666-4dc9-898e-ead2ee9f568a/datanode-2/data/ratis/56aa30ca-10f6-40c3-a498-dcf29bdd8f6d/current/log_inprogress_0
2023-09-23 10:03:33,282 [e645d312-f019-43dd-9582-b1afb9dcfe8b-server-thread2] INFO  ratis.XceiverServerRatis (XceiverServerRatis.java:handleLeaderChangedNotification(902)) - Leader change notification received for group: group-DCF29BDD8F6D with new leaderId: 203410cb-dfdd-4fe6-97b8-0fcafe0a2a8c
2023-09-23 10:03:33,282 [e645d312-f019-43dd-9582-b1afb9dcfe8b-server-thread2] INFO  server.RaftServer$Division (ServerState.java:setLeader(317)) - e645d312-f019-43dd-9582-b1afb9dcfe8b@group-DCF29BDD8F6D: change Leader from null to 203410cb-dfdd-4fe6-97b8-0fcafe0a2a8c at term 1 for appendEntries, leader elected after 5098ms
2023-09-23 10:03:33,285 [e645d312-f019-43dd-9582-b1afb9dcfe8b-server-thread2] INFO  server.RaftServer$Division (ServerState.java:setRaftConf(434)) - e645d312-f019-43dd-9582-b1afb9dcfe8b@group-DCF29BDD8F6D: set configuration 0: peers:[203410cb-dfdd-4fe6-97b8-0fcafe0a2a8c|rpc:10.1.0.12:15022|admin:10.1.0.12:15021|client:10.1.0.12:15020|dataStream:10.1.0.12:15023|priority:1|startupRole:FOLLOWER, e645d312-f019-43dd-9582-b1afb9dcfe8b|rpc:10.1.0.12:15031|admin:10.1.0.12:15030|client:10.1.0.12:15029|dataStream:10.1.0.12:15032|priority:0|startupRole:FOLLOWER, 8d6d9f4d-1042-410a-9fac-061faec65884|rpc:10.1.0.12:15040|admin:10.1.0.12:15039|client:10.1.0.12:15038|dataStream:10.1.0.12:15041|priority:0|startupRole:FOLLOWER]|listeners:[], old=null
2023-09-23 10:03:33,285 [e645d312-f019-43dd-9582-b1afb9dcfe8b-server-thread2] INFO  segmented.SegmentedRaftLogWorker (SegmentedRaftLogWorker.java:startLogSegment(447)) - e645d312-f019-43dd-9582-b1afb9dcfe8b@group-DCF29BDD8F6D-SegmentedRaftLogWorker: Starting segment from index:0
2023-09-23 10:03:33,287 [e645d312-f019-43dd-9582-b1afb9dcfe8b@group-DCF29BDD8F6D-SegmentedRaftLogWorker] INFO  segmented.SegmentedRaftLogWorker (SegmentedRaftLogWorker.java:execute(651)) - e645d312-f019-43dd-9582-b1afb9dcfe8b@group-DCF29BDD8F6D-SegmentedRaftLogWorker: created new log segment /home/runner/work/ozone/ozone/hadoop-ozone/integration-test/target/test-dir/MiniOzoneClusterImpl-221a8c4e-c666-4dc9-898e-ead2ee9f568a/datanode-1/data/ratis/56aa30ca-10f6-40c3-a498-dcf29bdd8f6d/current/log_inprogress_0
2023-09-23 10:03:33,473 [e645d312-f019-43dd-9582-b1afb9dcfe8b@group-82467C91C693-FollowerState] INFO  impl.FollowerState (FollowerState.java:run(143)) - e645d312-f019-43dd-9582-b1afb9dcfe8b@group-82467C91C693-FollowerState: change to CANDIDATE, lastRpcElapsedTime:5028170664ns, electionTimeout:5025ms
2023-09-23 10:03:33,473 [e645d312-f019-43dd-9582-b1afb9dcfe8b@group-82467C91C693-FollowerState] INFO  impl.RoleInfo (RoleInfo.java:shutdownFollowerState(110)) - e645d312-f019-43dd-9582-b1afb9dcfe8b: shutdown e645d312-f019-43dd-9582-b1afb9dcfe8b@group-82467C91C693-FollowerState
2023-09-23 10:03:33,473 [e645d312-f019-43dd-9582-b1afb9dcfe8b@group-82467C91C693-FollowerState] INFO  server.RaftServer$Division (RaftServerImpl.java:setRole(329)) - e645d312-f019-43dd-9582-b1afb9dcfe8b@group-82467C91C693: changes role from  FOLLOWER to CANDIDATE at term 0 for changeToCandidate
2023-09-23 10:03:33,473 [e645d312-f019-43dd-9582-b1afb9dcfe8b@group-82467C91C693-FollowerState] INFO  server.RaftServerConfigKeys (ConfUtils.java:logGet(46)) - raft.server.leaderelection.pre-vote = true (default)
2023-09-23 10:03:33,473 [e645d312-f019-43dd-9582-b1afb9dcfe8b@group-82467C91C693-FollowerState] INFO  impl.RoleInfo (RoleInfo.java:updateAndGet(139)) - e645d312-f019-43dd-9582-b1afb9dcfe8b: start e645d312-f019-43dd-9582-b1afb9dcfe8b@group-82467C91C693-LeaderElection4
2023-09-23 10:03:33,475 [e645d312-f019-43dd-9582-b1afb9dcfe8b@group-82467C91C693-LeaderElection4] INFO  impl.LeaderElection (LeaderElection.java:askForVotes(321)) - e645d312-f019-43dd-9582-b1afb9dcfe8b@group-82467C91C693-LeaderElection4 PRE_VOTE round 0: submit vote requests at term 0 for -1: peers:[203410cb-dfdd-4fe6-97b8-0fcafe0a2a8c|rpc:10.1.0.12:15022|admin:10.1.0.12:15021|client:10.1.0.12:15020|dataStream:10.1.0.12:15023|priority:0|startupRole:FOLLOWER, e645d312-f019-43dd-9582-b1afb9dcfe8b|rpc:10.1.0.12:15031|admin:10.1.0.12:15030|client:10.1.0.12:15029|dataStream:10.1.0.12:15032|priority:1|startupRole:FOLLOWER, 8d6d9f4d-1042-410a-9fac-061faec65884|rpc:10.1.0.12:15040|admin:10.1.0.12:15039|client:10.1.0.12:15038|dataStream:10.1.0.12:15041|priority:0|startupRole:FOLLOWER]|listeners:[], old=null
2023-09-23 10:03:33,476 [e645d312-f019-43dd-9582-b1afb9dcfe8b@group-82467C91C693-LeaderElection4-1] INFO  server.GrpcServerProtocolClient (GrpcServerProtocolClient.java:<init>(65)) - Build channel for 203410cb-dfdd-4fe6-97b8-0fcafe0a2a8c
2023-09-23 10:03:33,476 [e645d312-f019-43dd-9582-b1afb9dcfe8b@group-82467C91C693-LeaderElection4] INFO  server.RaftServerConfigKeys (ConfUtils.java:logFallback(53)) - raft.server.rpc.first-election.timeout.min = 5s (fallback to raft.server.rpc.timeout.min)
2023-09-23 10:03:33,482 [e645d312-f019-43dd-9582-b1afb9dcfe8b@group-82467C91C693-LeaderElection4] INFO  server.RaftServerConfigKeys (ConfUtils.java:logFallback(53)) - raft.server.rpc.first-election.timeout.max = 5200ms (fallback to raft.server.rpc.timeout.max)
2023-09-23 10:03:33,482 [e645d312-f019-43dd-9582-b1afb9dcfe8b@group-82467C91C693-LeaderElection4-2] INFO  server.GrpcServerProtocolClient (GrpcServerProtocolClient.java:<init>(65)) - Build channel for 8d6d9f4d-1042-410a-9fac-061faec65884
2023-09-23 10:03:33,496 [grpc-default-executor-3] INFO  server.RaftServer$Division (RaftServerImpl.java:requestVote(1302)) - 8d6d9f4d-1042-410a-9fac-061faec65884@group-82467C91C693: receive requestVote(PRE_VOTE, e645d312-f019-43dd-9582-b1afb9dcfe8b, group-82467C91C693, 0, (t:0, i:0))
2023-09-23 10:03:33,496 [grpc-default-executor-3] INFO  impl.VoteContext (VoteContext.java:log(49)) - 8d6d9f4d-1042-410a-9fac-061faec65884@group-82467C91C693-FOLLOWER: accept PRE_VOTE from e645d312-f019-43dd-9582-b1afb9dcfe8b: our priority 0 <= candidate's priority 1
2023-09-23 10:03:33,497 [grpc-default-executor-3] INFO  server.RaftServer$Division (RaftServerImpl.java:requestVote(1335)) - 8d6d9f4d-1042-410a-9fac-061faec65884@group-82467C91C693 replies to PRE_VOTE vote request: e645d312-f019-43dd-9582-b1afb9dcfe8b<-8d6d9f4d-1042-410a-9fac-061faec65884#0:OK-t0. Peer's state: 8d6d9f4d-1042-410a-9fac-061faec65884@group-82467C91C693:t0, leader=null, voted=, raftlog=Memoized:8d6d9f4d-1042-410a-9fac-061faec65884@group-82467C91C693-SegmentedRaftLog:OPENED:c-1, conf=-1: peers:[203410cb-dfdd-4fe6-97b8-0fcafe0a2a8c|rpc:10.1.0.12:15022|admin:10.1.0.12:15021|client:10.1.0.12:15020|dataStream:10.1.0.12:15023|priority:0|startupRole:FOLLOWER, e645d312-f019-43dd-9582-b1afb9dcfe8b|rpc:10.1.0.12:15031|admin:10.1.0.12:15030|client:10.1.0.12:15029|dataStream:10.1.0.12:15032|priority:1|startupRole:FOLLOWER, 8d6d9f4d-1042-410a-9fac-061faec65884|rpc:10.1.0.12:15040|admin:10.1.0.12:15039|client:10.1.0.12:15038|dataStream:10.1.0.12:15041|priority:0|startupRole:FOLLOWER]|listeners:[], old=null
2023-09-23 10:03:33,506 [grpc-default-executor-3] INFO  server.RaftServer$Division (RaftServerImpl.java:requestVote(1302)) - 203410cb-dfdd-4fe6-97b8-0fcafe0a2a8c@group-82467C91C693: receive requestVote(PRE_VOTE, e645d312-f019-43dd-9582-b1afb9dcfe8b, group-82467C91C693, 0, (t:0, i:0))
2023-09-23 10:03:33,507 [grpc-default-executor-3] INFO  impl.VoteContext (VoteContext.java:log(49)) - 203410cb-dfdd-4fe6-97b8-0fcafe0a2a8c@group-82467C91C693-FOLLOWER: accept PRE_VOTE from e645d312-f019-43dd-9582-b1afb9dcfe8b: our priority 0 <= candidate's priority 1
2023-09-23 10:03:33,507 [grpc-default-executor-3] INFO  server.RaftServer$Division (RaftServerImpl.java:requestVote(1335)) - 203410cb-dfdd-4fe6-97b8-0fcafe0a2a8c@group-82467C91C693 replies to PRE_VOTE vote request: e645d312-f019-43dd-9582-b1afb9dcfe8b<-203410cb-dfdd-4fe6-97b8-0fcafe0a2a8c#0:OK-t0. Peer's state: 203410cb-dfdd-4fe6-97b8-0fcafe0a2a8c@group-82467C91C693:t0, leader=null, voted=, raftlog=Memoized:203410cb-dfdd-4fe6-97b8-0fcafe0a2a8c@group-82467C91C693-SegmentedRaftLog:OPENED:c-1, conf=-1: peers:[203410cb-dfdd-4fe6-97b8-0fcafe0a2a8c|rpc:10.1.0.12:15022|admin:10.1.0.12:15021|client:10.1.0.12:15020|dataStream:10.1.0.12:15023|priority:0|startupRole:FOLLOWER, e645d312-f019-43dd-9582-b1afb9dcfe8b|rpc:10.1.0.12:15031|admin:10.1.0.12:15030|client:10.1.0.12:15029|dataStream:10.1.0.12:15032|priority:1|startupRole:FOLLOWER, 8d6d9f4d-1042-410a-9fac-061faec65884|rpc:10.1.0.12:15040|admin:10.1.0.12:15039|client:10.1.0.12:15038|dataStream:10.1.0.12:15041|priority:0|startupRole:FOLLOWER]|listeners:[], old=null
2023-09-23 10:03:33,514 [e645d312-f019-43dd-9582-b1afb9dcfe8b@group-82467C91C693-LeaderElection4] INFO  impl.LeaderElection (LeaderElection.java:logAndReturn(90)) - e645d312-f019-43dd-9582-b1afb9dcfe8b@group-82467C91C693-LeaderElection4: PRE_VOTE PASSED received 1 response(s) and 0 exception(s):
2023-09-23 10:03:33,515 [e645d312-f019-43dd-9582-b1afb9dcfe8b@group-82467C91C693-LeaderElection4] INFO  impl.LeaderElection (LeaderElection.java:logAndReturn(94)) -   Response 0: e645d312-f019-43dd-9582-b1afb9dcfe8b<-8d6d9f4d-1042-410a-9fac-061faec65884#0:OK-t0
2023-09-23 10:03:33,516 [e645d312-f019-43dd-9582-b1afb9dcfe8b@group-82467C91C693-LeaderElection4] INFO  impl.LeaderElection (LeaderElection.java:askForVotes(323)) - e645d312-f019-43dd-9582-b1afb9dcfe8b@group-82467C91C693-LeaderElection4 PRE_VOTE round 0: result PASSED
2023-09-23 10:03:33,517 [e645d312-f019-43dd-9582-b1afb9dcfe8b@group-82467C91C693-LeaderElection4] INFO  impl.LeaderElection (LeaderElection.java:askForVotes(321)) - e645d312-f019-43dd-9582-b1afb9dcfe8b@group-82467C91C693-LeaderElection4 ELECTION round 0: submit vote requests at term 1 for -1: peers:[203410cb-dfdd-4fe6-97b8-0fcafe0a2a8c|rpc:10.1.0.12:15022|admin:10.1.0.12:15021|client:10.1.0.12:15020|dataStream:10.1.0.12:15023|priority:0|startupRole:FOLLOWER, e645d312-f019-43dd-9582-b1afb9dcfe8b|rpc:10.1.0.12:15031|admin:10.1.0.12:15030|client:10.1.0.12:15029|dataStream:10.1.0.12:15032|priority:1|startupRole:FOLLOWER, 8d6d9f4d-1042-410a-9fac-061faec65884|rpc:10.1.0.12:15040|admin:10.1.0.12:15039|client:10.1.0.12:15038|dataStream:10.1.0.12:15041|priority:0|startupRole:FOLLOWER]|listeners:[], old=null
2023-09-23 10:03:33,518 [203410cb-dfdd-4fe6-97b8-0fcafe0a2a8c@group-82467C91C693-FollowerState] INFO  server.RaftServerConfigKeys (ConfUtils.java:logFallback(53)) - raft.server.rpc.first-election.timeout.min = 5s (fallback to raft.server.rpc.timeout.min)
2023-09-23 10:03:33,519 [203410cb-dfdd-4fe6-97b8-0fcafe0a2a8c@group-82467C91C693-FollowerState] INFO  server.RaftServerConfigKeys (ConfUtils.java:logFallback(53)) - raft.server.rpc.first-election.timeout.max = 5200ms (fallback to raft.server.rpc.timeout.max)
2023-09-23 10:03:33,520 [e645d312-f019-43dd-9582-b1afb9dcfe8b@group-82467C91C693-LeaderElection4] INFO  server.RaftServerConfigKeys (ConfUtils.java:logFallback(53)) - raft.server.rpc.first-election.timeout.min = 5s (fallback to raft.server.rpc.timeout.min)
2023-09-23 10:03:33,521 [e645d312-f019-43dd-9582-b1afb9dcfe8b@group-82467C91C693-LeaderElection4] INFO  server.RaftServerConfigKeys (ConfUtils.java:logFallback(53)) - raft.server.rpc.first-election.timeout.max = 5200ms (fallback to raft.server.rpc.timeout.max)
2023-09-23 10:03:33,525 [grpc-default-executor-3] INFO  server.RaftServer$Division (RaftServerImpl.java:requestVote(1302)) - 8d6d9f4d-1042-410a-9fac-061faec65884@group-82467C91C693: receive requestVote(ELECTION, e645d312-f019-43dd-9582-b1afb9dcfe8b, group-82467C91C693, 1, (t:0, i:0))
2023-09-23 10:03:33,525 [grpc-default-executor-3] INFO  impl.VoteContext (VoteContext.java:log(49)) - 8d6d9f4d-1042-410a-9fac-061faec65884@group-82467C91C693-FOLLOWER: accept ELECTION from e645d312-f019-43dd-9582-b1afb9dcfe8b: our priority 0 <= candidate's priority 1
2023-09-23 10:03:33,525 [grpc-default-executor-3] INFO  server.RaftServer$Division (RaftServerImpl.java:setRole(329)) - 8d6d9f4d-1042-410a-9fac-061faec65884@group-82467C91C693: changes role from  FOLLOWER to FOLLOWER at term 1 for candidate:e645d312-f019-43dd-9582-b1afb9dcfe8b
2023-09-23 10:03:33,525 [grpc-default-executor-3] INFO  impl.RoleInfo (RoleInfo.java:shutdownFollowerState(110)) - 8d6d9f4d-1042-410a-9fac-061faec65884: shutdown 8d6d9f4d-1042-410a-9fac-061faec65884@group-82467C91C693-FollowerState
2023-09-23 10:03:33,525 [grpc-default-executor-3] INFO  impl.RoleInfo (RoleInfo.java:updateAndGet(139)) - 8d6d9f4d-1042-410a-9fac-061faec65884: start 8d6d9f4d-1042-410a-9fac-061faec65884@group-82467C91C693-FollowerState
2023-09-23 10:03:33,525 [8d6d9f4d-1042-410a-9fac-061faec65884@group-82467C91C693-FollowerState] INFO  impl.FollowerState (FollowerState.java:run(152)) - 8d6d9f4d-1042-410a-9fac-061faec65884@group-82467C91C693-FollowerState was interrupted
2023-09-23 10:03:33,528 [grpc-default-executor-2] INFO  server.RaftServer$Division (RaftServerImpl.java:requestVote(1302)) - 203410cb-dfdd-4fe6-97b8-0fcafe0a2a8c@group-82467C91C693: receive requestVote(ELECTION, e645d312-f019-43dd-9582-b1afb9dcfe8b, group-82467C91C693, 1, (t:0, i:0))
2023-09-23 10:03:33,528 [grpc-default-executor-2] INFO  impl.VoteContext (VoteContext.java:log(49)) - 203410cb-dfdd-4fe6-97b8-0fcafe0a2a8c@group-82467C91C693-FOLLOWER: accept ELECTION from e645d312-f019-43dd-9582-b1afb9dcfe8b: our priority 0 <= candidate's priority 1
2023-09-23 10:03:33,528 [grpc-default-executor-2] INFO  server.RaftServer$Division (RaftServerImpl.java:setRole(329)) - 203410cb-dfdd-4fe6-97b8-0fcafe0a2a8c@group-82467C91C693: changes role from  FOLLOWER to FOLLOWER at term 1 for candidate:e645d312-f019-43dd-9582-b1afb9dcfe8b
2023-09-23 10:03:33,528 [grpc-default-executor-2] INFO  impl.RoleInfo (RoleInfo.java:shutdownFollowerState(110)) - 203410cb-dfdd-4fe6-97b8-0fcafe0a2a8c: shutdown 203410cb-dfdd-4fe6-97b8-0fcafe0a2a8c@group-82467C91C693-FollowerState
2023-09-23 10:03:33,528 [grpc-default-executor-2] INFO  impl.RoleInfo (RoleInfo.java:updateAndGet(139)) - 203410cb-dfdd-4fe6-97b8-0fcafe0a2a8c: start 203410cb-dfdd-4fe6-97b8-0fcafe0a2a8c@group-82467C91C693-FollowerState
2023-09-23 10:03:33,528 [203410cb-dfdd-4fe6-97b8-0fcafe0a2a8c@group-82467C91C693-FollowerState] INFO  impl.FollowerState (FollowerState.java:run(152)) - 203410cb-dfdd-4fe6-97b8-0fcafe0a2a8c@group-82467C91C693-FollowerState was interrupted
2023-09-23 10:03:33,528 [grpc-default-executor-3] INFO  server.RaftServer$Division (RaftServerImpl.java:requestVote(1335)) - 8d6d9f4d-1042-410a-9fac-061faec65884@group-82467C91C693 replies to ELECTION vote request: e645d312-f019-43dd-9582-b1afb9dcfe8b<-8d6d9f4d-1042-410a-9fac-061faec65884#0:OK-t1. Peer's state: 8d6d9f4d-1042-410a-9fac-061faec65884@group-82467C91C693:t1, leader=null, voted=e645d312-f019-43dd-9582-b1afb9dcfe8b, raftlog=Memoized:8d6d9f4d-1042-410a-9fac-061faec65884@group-82467C91C693-SegmentedRaftLog:OPENED:c-1, conf=-1: peers:[203410cb-dfdd-4fe6-97b8-0fcafe0a2a8c|rpc:10.1.0.12:15022|admin:10.1.0.12:15021|client:10.1.0.12:15020|dataStream:10.1.0.12:15023|priority:0|startupRole:FOLLOWER, e645d312-f019-43dd-9582-b1afb9dcfe8b|rpc:10.1.0.12:15031|admin:10.1.0.12:15030|client:10.1.0.12:15029|dataStream:10.1.0.12:15032|priority:1|startupRole:FOLLOWER, 8d6d9f4d-1042-410a-9fac-061faec65884|rpc:10.1.0.12:15040|admin:10.1.0.12:15039|client:10.1.0.12:15038|dataStream:10.1.0.12:15041|priority:0|startupRole:FOLLOWER]|listeners:[], old=null
2023-09-23 10:03:33,530 [grpc-default-executor-2] INFO  server.RaftServer$Division (RaftServerImpl.java:requestVote(1335)) - 203410cb-dfdd-4fe6-97b8-0fcafe0a2a8c@group-82467C91C693 replies to ELECTION vote request: e645d312-f019-43dd-9582-b1afb9dcfe8b<-203410cb-dfdd-4fe6-97b8-0fcafe0a2a8c#0:OK-t1. Peer's state: 203410cb-dfdd-4fe6-97b8-0fcafe0a2a8c@group-82467C91C693:t1, leader=null, voted=e645d312-f019-43dd-9582-b1afb9dcfe8b, raftlog=Memoized:203410cb-dfdd-4fe6-97b8-0fcafe0a2a8c@group-82467C91C693-SegmentedRaftLog:OPENED:c-1, conf=-1: peers:[203410cb-dfdd-4fe6-97b8-0fcafe0a2a8c|rpc:10.1.0.12:15022|admin:10.1.0.12:15021|client:10.1.0.12:15020|dataStream:10.1.0.12:15023|priority:0|startupRole:FOLLOWER, e645d312-f019-43dd-9582-b1afb9dcfe8b|rpc:10.1.0.12:15031|admin:10.1.0.12:15030|client:10.1.0.12:15029|dataStream:10.1.0.12:15032|priority:1|startupRole:FOLLOWER, 8d6d9f4d-1042-410a-9fac-061faec65884|rpc:10.1.0.12:15040|admin:10.1.0.12:15039|client:10.1.0.12:15038|dataStream:10.1.0.12:15041|priority:0|startupRole:FOLLOWER]|listeners:[], old=null
2023-09-23 10:03:33,531 [e645d312-f019-43dd-9582-b1afb9dcfe8b@group-82467C91C693-LeaderElection4] INFO  impl.LeaderElection (LeaderElection.java:logAndReturn(90)) - e645d312-f019-43dd-9582-b1afb9dcfe8b@group-82467C91C693-LeaderElection4: ELECTION PASSED received 1 response(s) and 0 exception(s):
2023-09-23 10:03:33,532 [e645d312-f019-43dd-9582-b1afb9dcfe8b@group-82467C91C693-LeaderElection4] INFO  impl.LeaderElection (LeaderElection.java:logAndReturn(94)) -   Response 0: e645d312-f019-43dd-9582-b1afb9dcfe8b<-8d6d9f4d-1042-410a-9fac-061faec65884#0:OK-t1
2023-09-23 10:03:33,532 [e645d312-f019-43dd-9582-b1afb9dcfe8b@group-82467C91C693-LeaderElection4] INFO  impl.LeaderElection (LeaderElection.java:askForVotes(323)) - e645d312-f019-43dd-9582-b1afb9dcfe8b@group-82467C91C693-LeaderElection4 ELECTION round 0: result PASSED
2023-09-23 10:03:33,532 [e645d312-f019-43dd-9582-b1afb9dcfe8b@group-82467C91C693-LeaderElection4] INFO  impl.RoleInfo (RoleInfo.java:shutdownLeaderElection(130)) - e645d312-f019-43dd-9582-b1afb9dcfe8b: shutdown e645d312-f019-43dd-9582-b1afb9dcfe8b@group-82467C91C693-LeaderElection4
2023-09-23 10:03:33,532 [e645d312-f019-43dd-9582-b1afb9dcfe8b@group-82467C91C693-LeaderElection4] INFO  server.RaftServer$Division (RaftServerImpl.java:setRole(329)) - e645d312-f019-43dd-9582-b1afb9dcfe8b@group-82467C91C693: changes role from CANDIDATE to LEADER at term 1 for changeToLeader
2023-09-23 10:03:33,532 [e645d312-f019-43dd-9582-b1afb9dcfe8b@group-82467C91C693-LeaderElection4] INFO  ratis.XceiverServerRatis (XceiverServerRatis.java:handleLeaderChangedNotification(902)) - Leader change notification received for group: group-82467C91C693 with new leaderId: e645d312-f019-43dd-9582-b1afb9dcfe8b
2023-09-23 10:03:33,533 [e645d312-f019-43dd-9582-b1afb9dcfe8b@group-82467C91C693-LeaderElection4] INFO  server.RaftServer$Division (ServerState.java:setLeader(317)) - e645d312-f019-43dd-9582-b1afb9dcfe8b@group-82467C91C693: change Leader from null to e645d312-f019-43dd-9582-b1afb9dcfe8b at term 1 for becomeLeader, leader elected after 5112ms
2023-09-23 10:03:33,533 [e645d312-f019-43dd-9582-b1afb9dcfe8b@group-82467C91C693-LeaderElection4] INFO  server.RaftServerConfigKeys (ConfUtils.java:logGet(46)) - raft.server.staging.catchup.gap = 1000 (default)
2023-09-23 10:03:33,533 [e645d312-f019-43dd-9582-b1afb9dcfe8b@group-82467C91C693-LeaderElection4] INFO  server.RaftServerConfigKeys (ConfUtils.java:logGet(46)) - raft.server.write.element-limit = 1024 (custom)
2023-09-23 10:03:33,533 [e645d312-f019-43dd-9582-b1afb9dcfe8b@group-82467C91C693-LeaderElection4] INFO  server.RaftServerConfigKeys (ConfUtils.java:logGet(46)) - raft.server.write.byte-limit = 1024 M (=1073741824) (custom)
2023-09-23 10:03:33,533 [e645d312-f019-43dd-9582-b1afb9dcfe8b@group-82467C91C693-LeaderElection4] INFO  server.RaftServerConfigKeys (ConfUtils.java:logGet(46)) - raft.server.watch.timeout = 180s (custom)
2023-09-23 10:03:33,533 [e645d312-f019-43dd-9582-b1afb9dcfe8b@group-82467C91C693-LeaderElection4] INFO  server.RaftServerConfigKeys (ConfUtils.java:logGet(46)) - raft.server.watch.timeout.denomination = 1s (default)
2023-09-23 10:03:33,534 [e645d312-f019-43dd-9582-b1afb9dcfe8b@group-82467C91C693-LeaderElection4] INFO  server.RaftServerConfigKeys (ConfUtils.java:logGet(46)) - raft.server.watch.element-limit = 65536 (default)
2023-09-23 10:03:33,534 [e645d312-f019-43dd-9582-b1afb9dcfe8b@group-82467C91C693-LeaderElection4] INFO  server.RaftServerConfigKeys (ConfUtils.java:logGet(46)) - raft.server.write.element-limit = 1024 (custom)
2023-09-23 10:03:33,534 [e645d312-f019-43dd-9582-b1afb9dcfe8b@group-82467C91C693-LeaderElection4] INFO  server.RaftServerConfigKeys (ConfUtils.java:logGet(46)) - raft.server.write.follower.gap.ratio.max = -1.0 (default)
2023-09-23 10:03:33,534 [e645d312-f019-43dd-9582-b1afb9dcfe8b@group-82467C91C693-LeaderElection4] INFO  server.RaftServerConfigKeys (ConfUtils.java:logGet(46)) - raft.server.log.appender.snapshot.chunk.size.max = 16MB (=16777216) (default)
2023-09-23 10:03:33,535 [e645d312-f019-43dd-9582-b1afb9dcfe8b@group-82467C91C693-LeaderElection4] INFO  server.RaftServerConfigKeys (ConfUtils.java:logGet(46)) - raft.server.log.appender.buffer.byte-limit = 33554432 (custom)
2023-09-23 10:03:33,535 [e645d312-f019-43dd-9582-b1afb9dcfe8b@group-82467C91C693-LeaderElection4] INFO  server.RaftServerConfigKeys (ConfUtils.java:logGet(46)) - raft.server.log.appender.buffer.element-limit = 1 (custom)
2023-09-23 10:03:33,535 [e645d312-f019-43dd-9582-b1afb9dcfe8b@group-82467C91C693-LeaderElection4] INFO  server.RaftServerConfigKeys (ConfUtils.java:logGet(46)) - raft.server.log.appender.wait-time.min = 10ms (default)
2023-09-23 10:03:33,535 [e645d312-f019-43dd-9582-b1afb9dcfe8b@group-82467C91C693-LeaderElection4] INFO  grpc.GrpcConfigKeys (ConfUtils.java:logGet(46)) - raft.grpc.server.leader.outstanding.appends.max = 128 (default)
2023-09-23 10:03:33,535 [e645d312-f019-43dd-9582-b1afb9dcfe8b@group-82467C91C693-LeaderElection4] INFO  server.RaftServerConfigKeys (ConfUtils.java:logGet(46)) - raft.server.rpc.request.timeout = 60s (custom)
2023-09-23 10:03:33,535 [e645d312-f019-43dd-9582-b1afb9dcfe8b@group-82467C91C693-LeaderElection4] INFO  grpc.GrpcConfigKeys (ConfUtils.java:logGet(46)) - raft.grpc.server.install_snapshot.request.element-limit = 8 (default)
2023-09-23 10:03:33,535 [e645d312-f019-43dd-9582-b1afb9dcfe8b@group-82467C91C693-LeaderElection4] INFO  grpc.GrpcConfigKeys (ConfUtils.java:logGet(46)) - raft.grpc.server.install_snapshot.request.timeout = 3000ms (default)
2023-09-23 10:03:33,536 [e645d312-f019-43dd-9582-b1afb9dcfe8b@group-82467C91C693-LeaderElection4] INFO  server.RaftServerConfigKeys (ConfUtils.java:logGet(46)) - raft.server.log.appender.install.snapshot.enabled = false (custom)
2023-09-23 10:03:33,537 [e645d312-f019-43dd-9582-b1afb9dcfe8b@group-82467C91C693-LeaderElection4] INFO  grpc.GrpcConfigKeys (ConfUtils.java:logGet(46)) - raft.grpc.server.heartbeat.channel = true (default)
2023-09-23 10:03:33,536 [EventQueue-PipelineReportForPipelineReportHandler] INFO  pipeline.PipelineReportHandler (PipelineReportHandler.java:processPipelineReport(136)) - Opened pipeline PipelineID=de86ac2d-47c3-4ad8-af8c-82467c91c693
2023-09-23 10:03:33,538 [e645d312-f019-43dd-9582-b1afb9dcfe8b@group-82467C91C693-LeaderElection4] INFO  server.RaftServerConfigKeys (ConfUtils.java:logGet(46)) - raft.server.log.appender.snapshot.chunk.size.max = 16MB (=16777216) (default)
2023-09-23 10:03:33,538 [e645d312-f019-43dd-9582-b1afb9dcfe8b@group-82467C91C693-LeaderElection4] INFO  server.RaftServerConfigKeys (ConfUtils.java:logGet(46)) - raft.server.log.appender.buffer.byte-limit = 33554432 (custom)
2023-09-23 10:03:33,540 [e645d312-f019-43dd-9582-b1afb9dcfe8b@group-82467C91C693-LeaderElection4] INFO  server.RaftServerConfigKeys (ConfUtils.java:logGet(46)) - raft.server.log.appender.buffer.element-limit = 1 (custom)
2023-09-23 10:03:33,540 [e645d312-f019-43dd-9582-b1afb9dcfe8b@group-82467C91C693-LeaderElection4] INFO  server.RaftServerConfigKeys (ConfUtils.java:logGet(46)) - raft.server.log.appender.wait-time.min = 10ms (default)
2023-09-23 10:03:33,541 [e645d312-f019-43dd-9582-b1afb9dcfe8b@group-82467C91C693-LeaderElection4] INFO  grpc.GrpcConfigKeys (ConfUtils.java:logGet(46)) - raft.grpc.server.leader.outstanding.appends.max = 128 (default)
2023-09-23 10:03:33,541 [e645d312-f019-43dd-9582-b1afb9dcfe8b@group-82467C91C693-LeaderElection4] INFO  server.RaftServerConfigKeys (ConfUtils.java:logGet(46)) - raft.server.rpc.request.timeout = 60s (custom)
2023-09-23 10:03:33,541 [e645d312-f019-43dd-9582-b1afb9dcfe8b@group-82467C91C693-LeaderElection4] INFO  grpc.GrpcConfigKeys (ConfUtils.java:logGet(46)) - raft.grpc.server.install_snapshot.request.element-limit = 8 (default)
2023-09-23 10:03:33,541 [e645d312-f019-43dd-9582-b1afb9dcfe8b@group-82467C91C693-LeaderElection4] INFO  grpc.GrpcConfigKeys (ConfUtils.java:logGet(46)) - raft.grpc.server.install_snapshot.request.timeout = 3000ms (default)
2023-09-23 10:03:33,541 [e645d312-f019-43dd-9582-b1afb9dcfe8b@group-82467C91C693-LeaderElection4] INFO  server.RaftServerConfigKeys (ConfUtils.java:logGet(46)) - raft.server.log.appender.install.snapshot.enabled = false (custom)
2023-09-23 10:03:33,541 [e645d312-f019-43dd-9582-b1afb9dcfe8b@group-82467C91C693-LeaderElection4] INFO  grpc.GrpcConfigKeys (ConfUtils.java:logGet(46)) - raft.grpc.server.heartbeat.channel = true (default)
2023-09-23 10:03:33,542 [e645d312-f019-43dd-9582-b1afb9dcfe8b@group-82467C91C693-LeaderElection4] INFO  impl.RoleInfo (RoleInfo.java:updateAndGet(139)) - e645d312-f019-43dd-9582-b1afb9dcfe8b: start e645d312-f019-43dd-9582-b1afb9dcfe8b@group-82467C91C693-LeaderStateImpl
2023-09-23 10:03:33,542 [e645d312-f019-43dd-9582-b1afb9dcfe8b@group-82467C91C693-LeaderElection4] INFO  segmented.SegmentedRaftLogWorker (SegmentedRaftLogWorker.java:startLogSegment(447)) - e645d312-f019-43dd-9582-b1afb9dcfe8b@group-82467C91C693-SegmentedRaftLogWorker: Starting segment from index:0
2023-09-23 10:03:33,544 [e645d312-f019-43dd-9582-b1afb9dcfe8b@group-82467C91C693-SegmentedRaftLogWorker] INFO  segmented.SegmentedRaftLogWorker (SegmentedRaftLogWorker.java:execute(651)) - e645d312-f019-43dd-9582-b1afb9dcfe8b@group-82467C91C693-SegmentedRaftLogWorker: created new log segment /home/runner/work/ozone/ozone/hadoop-ozone/integration-test/target/test-dir/MiniOzoneClusterImpl-221a8c4e-c666-4dc9-898e-ead2ee9f568a/datanode-1/data/ratis/de86ac2d-47c3-4ad8-af8c-82467c91c693/current/log_inprogress_0
2023-09-23 10:03:33,548 [e645d312-f019-43dd-9582-b1afb9dcfe8b@group-82467C91C693-LeaderElection4] INFO  server.RaftServer$Division (ServerState.java:setRaftConf(434)) - e645d312-f019-43dd-9582-b1afb9dcfe8b@group-82467C91C693: set configuration 0: peers:[203410cb-dfdd-4fe6-97b8-0fcafe0a2a8c|rpc:10.1.0.12:15022|admin:10.1.0.12:15021|client:10.1.0.12:15020|dataStream:10.1.0.12:15023|priority:0|startupRole:FOLLOWER, e645d312-f019-43dd-9582-b1afb9dcfe8b|rpc:10.1.0.12:15031|admin:10.1.0.12:15030|client:10.1.0.12:15029|dataStream:10.1.0.12:15032|priority:1|startupRole:FOLLOWER, 8d6d9f4d-1042-410a-9fac-061faec65884|rpc:10.1.0.12:15040|admin:10.1.0.12:15039|client:10.1.0.12:15038|dataStream:10.1.0.12:15041|priority:0|startupRole:FOLLOWER]|listeners:[], old=null
2023-09-23 10:03:33,565 [203410cb-dfdd-4fe6-97b8-0fcafe0a2a8c-server-thread1] INFO  ratis.XceiverServerRatis (XceiverServerRatis.java:handleLeaderChangedNotification(902)) - Leader change notification received for group: group-82467C91C693 with new leaderId: e645d312-f019-43dd-9582-b1afb9dcfe8b
2023-09-23 10:03:33,565 [203410cb-dfdd-4fe6-97b8-0fcafe0a2a8c-server-thread1] INFO  server.RaftServer$Division (ServerState.java:setLeader(317)) - 203410cb-dfdd-4fe6-97b8-0fcafe0a2a8c@group-82467C91C693: change Leader from null to e645d312-f019-43dd-9582-b1afb9dcfe8b at term 1 for appendEntries, leader elected after 5229ms
2023-09-23 10:03:33,566 [8d6d9f4d-1042-410a-9fac-061faec65884-server-thread2] INFO  ratis.XceiverServerRatis (XceiverServerRatis.java:handleLeaderChangedNotification(902)) - Leader change notification received for group: group-82467C91C693 with new leaderId: e645d312-f019-43dd-9582-b1afb9dcfe8b
2023-09-23 10:03:33,570 [8d6d9f4d-1042-410a-9fac-061faec65884-server-thread2] INFO  server.RaftServer$Division (ServerState.java:setLeader(317)) - 8d6d9f4d-1042-410a-9fac-061faec65884@group-82467C91C693: change Leader from null to e645d312-f019-43dd-9582-b1afb9dcfe8b at term 1 for appendEntries, leader elected after 5096ms
2023-09-23 10:03:33,571 [8d6d9f4d-1042-410a-9fac-061faec65884-server-thread2] INFO  server.RaftServer$Division (ServerState.java:setRaftConf(434)) - 8d6d9f4d-1042-410a-9fac-061faec65884@group-82467C91C693: set configuration 0: peers:[203410cb-dfdd-4fe6-97b8-0fcafe0a2a8c|rpc:10.1.0.12:15022|admin:10.1.0.12:15021|client:10.1.0.12:15020|dataStream:10.1.0.12:15023|priority:0|startupRole:FOLLOWER, e645d312-f019-43dd-9582-b1afb9dcfe8b|rpc:10.1.0.12:15031|admin:10.1.0.12:15030|client:10.1.0.12:15029|dataStream:10.1.0.12:15032|priority:1|startupRole:FOLLOWER, 8d6d9f4d-1042-410a-9fac-061faec65884|rpc:10.1.0.12:15040|admin:10.1.0.12:15039|client:10.1.0.12:15038|dataStream:10.1.0.12:15041|priority:0|startupRole:FOLLOWER]|listeners:[], old=null
2023-09-23 10:03:33,571 [8d6d9f4d-1042-410a-9fac-061faec65884-server-thread2] INFO  segmented.SegmentedRaftLogWorker (SegmentedRaftLogWorker.java:startLogSegment(447)) - 8d6d9f4d-1042-410a-9fac-061faec65884@group-82467C91C693-SegmentedRaftLogWorker: Starting segment from index:0
2023-09-23 10:03:33,572 [203410cb-dfdd-4fe6-97b8-0fcafe0a2a8c-server-thread2] INFO  server.RaftServer$Division (ServerState.java:setRaftConf(434)) - 203410cb-dfdd-4fe6-97b8-0fcafe0a2a8c@group-82467C91C693: set configuration 0: peers:[203410cb-dfdd-4fe6-97b8-0fcafe0a2a8c|rpc:10.1.0.12:15022|admin:10.1.0.12:15021|client:10.1.0.12:15020|dataStream:10.1.0.12:15023|priority:0|startupRole:FOLLOWER, e645d312-f019-43dd-9582-b1afb9dcfe8b|rpc:10.1.0.12:15031|admin:10.1.0.12:15030|client:10.1.0.12:15029|dataStream:10.1.0.12:15032|priority:1|startupRole:FOLLOWER, 8d6d9f4d-1042-410a-9fac-061faec65884|rpc:10.1.0.12:15040|admin:10.1.0.12:15039|client:10.1.0.12:15038|dataStream:10.1.0.12:15041|priority:0|startupRole:FOLLOWER]|listeners:[], old=null
2023-09-23 10:03:33,574 [203410cb-dfdd-4fe6-97b8-0fcafe0a2a8c-server-thread2] INFO  segmented.SegmentedRaftLogWorker (SegmentedRaftLogWorker.java:startLogSegment(447)) - 203410cb-dfdd-4fe6-97b8-0fcafe0a2a8c@group-82467C91C693-SegmentedRaftLogWorker: Starting segment from index:0
2023-09-23 10:03:33,575 [8d6d9f4d-1042-410a-9fac-061faec65884@group-82467C91C693-SegmentedRaftLogWorker] INFO  segmented.SegmentedRaftLogWorker (SegmentedRaftLogWorker.java:execute(651)) - 8d6d9f4d-1042-410a-9fac-061faec65884@group-82467C91C693-SegmentedRaftLogWorker: created new log segment /home/runner/work/ozone/ozone/hadoop-ozone/integration-test/target/test-dir/MiniOzoneClusterImpl-221a8c4e-c666-4dc9-898e-ead2ee9f568a/datanode-2/data/ratis/de86ac2d-47c3-4ad8-af8c-82467c91c693/current/log_inprogress_0
2023-09-23 10:03:33,576 [203410cb-dfdd-4fe6-97b8-0fcafe0a2a8c@group-82467C91C693-SegmentedRaftLogWorker] INFO  segmented.SegmentedRaftLogWorker (SegmentedRaftLogWorker.java:execute(651)) - 203410cb-dfdd-4fe6-97b8-0fcafe0a2a8c@group-82467C91C693-SegmentedRaftLogWorker: created new log segment /home/runner/work/ozone/ozone/hadoop-ozone/integration-test/target/test-dir/MiniOzoneClusterImpl-221a8c4e-c666-4dc9-898e-ead2ee9f568a/datanode-0/data/ratis/de86ac2d-47c3-4ad8-af8c-82467c91c693/current/log_inprogress_0
2023-09-23 10:03:33,584 [e645d312-f019-43dd-9582-b1afb9dcfe8b@group-6ADD887D064C-FollowerState] INFO  impl.FollowerState (FollowerState.java:run(143)) - e645d312-f019-43dd-9582-b1afb9dcfe8b@group-6ADD887D064C-FollowerState: change to CANDIDATE, lastRpcElapsedTime:5169712467ns, electionTimeout:5169ms
2023-09-23 10:03:33,584 [e645d312-f019-43dd-9582-b1afb9dcfe8b@group-6ADD887D064C-FollowerState] INFO  impl.RoleInfo (RoleInfo.java:shutdownFollowerState(110)) - e645d312-f019-43dd-9582-b1afb9dcfe8b: shutdown e645d312-f019-43dd-9582-b1afb9dcfe8b@group-6ADD887D064C-FollowerState
2023-09-23 10:03:33,584 [e645d312-f019-43dd-9582-b1afb9dcfe8b@group-6ADD887D064C-FollowerState] INFO  server.RaftServer$Division (RaftServerImpl.java:setRole(329)) - e645d312-f019-43dd-9582-b1afb9dcfe8b@group-6ADD887D064C: changes role from  FOLLOWER to CANDIDATE at term 0 for changeToCandidate
2023-09-23 10:03:33,585 [e645d312-f019-43dd-9582-b1afb9dcfe8b@group-6ADD887D064C-FollowerState] INFO  server.RaftServerConfigKeys (ConfUtils.java:logGet(46)) - raft.server.leaderelection.pre-vote = true (default)
2023-09-23 10:03:33,585 [e645d312-f019-43dd-9582-b1afb9dcfe8b@group-6ADD887D064C-FollowerState] INFO  impl.RoleInfo (RoleInfo.java:updateAndGet(139)) - e645d312-f019-43dd-9582-b1afb9dcfe8b: start e645d312-f019-43dd-9582-b1afb9dcfe8b@group-6ADD887D064C-LeaderElection5
2023-09-23 10:03:33,587 [e645d312-f019-43dd-9582-b1afb9dcfe8b@group-6ADD887D064C-LeaderElection5] INFO  impl.LeaderElection (LeaderElection.java:askForVotes(321)) - e645d312-f019-43dd-9582-b1afb9dcfe8b@group-6ADD887D064C-LeaderElection5 PRE_VOTE round 0: submit vote requests at term 0 for -1: peers:[e645d312-f019-43dd-9582-b1afb9dcfe8b|rpc:10.1.0.12:15031|admin:10.1.0.12:15030|client:10.1.0.12:15029|dataStream:10.1.0.12:15032|priority:1|startupRole:FOLLOWER]|listeners:[], old=null
2023-09-23 10:03:33,587 [e645d312-f019-43dd-9582-b1afb9dcfe8b@group-6ADD887D064C-LeaderElection5] INFO  impl.LeaderElection (LeaderElection.java:askForVotes(323)) - e645d312-f019-43dd-9582-b1afb9dcfe8b@group-6ADD887D064C-LeaderElection5 PRE_VOTE round 0: result PASSED (term=0)
2023-09-23 10:03:33,589 [e645d312-f019-43dd-9582-b1afb9dcfe8b@group-6ADD887D064C-LeaderElection5] INFO  impl.LeaderElection (LeaderElection.java:askForVotes(321)) - e645d312-f019-43dd-9582-b1afb9dcfe8b@group-6ADD887D064C-LeaderElection5 ELECTION round 0: submit vote requests at term 1 for -1: peers:[e645d312-f019-43dd-9582-b1afb9dcfe8b|rpc:10.1.0.12:15031|admin:10.1.0.12:15030|client:10.1.0.12:15029|dataStream:10.1.0.12:15032|priority:1|startupRole:FOLLOWER]|listeners:[], old=null
2023-09-23 10:03:33,589 [e645d312-f019-43dd-9582-b1afb9dcfe8b@group-6ADD887D064C-LeaderElection5] INFO  impl.LeaderElection (LeaderElection.java:askForVotes(323)) - e645d312-f019-43dd-9582-b1afb9dcfe8b@group-6ADD887D064C-LeaderElection5 ELECTION round 0: result PASSED (term=1)
2023-09-23 10:03:33,589 [e645d312-f019-43dd-9582-b1afb9dcfe8b@group-6ADD887D064C-LeaderElection5] INFO  impl.RoleInfo (RoleInfo.java:shutdownLeaderElection(130)) - e645d312-f019-43dd-9582-b1afb9dcfe8b: shutdown e645d312-f019-43dd-9582-b1afb9dcfe8b@group-6ADD887D064C-LeaderElection5
2023-09-23 10:03:33,589 [e645d312-f019-43dd-9582-b1afb9dcfe8b@group-6ADD887D064C-LeaderElection5] INFO  server.RaftServer$Division (RaftServerImpl.java:setRole(329)) - e645d312-f019-43dd-9582-b1afb9dcfe8b@group-6ADD887D064C: changes role from CANDIDATE to LEADER at term 1 for changeToLeader
2023-09-23 10:03:33,589 [e645d312-f019-43dd-9582-b1afb9dcfe8b@group-6ADD887D064C-LeaderElection5] INFO  ratis.XceiverServerRatis (XceiverServerRatis.java:handleLeaderChangedNotification(902)) - Leader change notification received for group: group-6ADD887D064C with new leaderId: e645d312-f019-43dd-9582-b1afb9dcfe8b
2023-09-23 10:03:33,591 [e645d312-f019-43dd-9582-b1afb9dcfe8b@group-6ADD887D064C-LeaderElection5] INFO  server.RaftServer$Division (ServerState.java:setLeader(317)) - e645d312-f019-43dd-9582-b1afb9dcfe8b@group-6ADD887D064C: change Leader from null to e645d312-f019-43dd-9582-b1afb9dcfe8b at term 1 for becomeLeader, leader elected after 5202ms
2023-09-23 10:03:33,592 [e645d312-f019-43dd-9582-b1afb9dcfe8b@group-6ADD887D064C-LeaderElection5] INFO  server.RaftServerConfigKeys (ConfUtils.java:logGet(46)) - raft.server.staging.catchup.gap = 1000 (default)
2023-09-23 10:03:33,592 [e645d312-f019-43dd-9582-b1afb9dcfe8b@group-6ADD887D064C-LeaderElection5] INFO  server.RaftServerConfigKeys (ConfUtils.java:logGet(46)) - raft.server.write.element-limit = 1024 (custom)
2023-09-23 10:03:33,592 [e645d312-f019-43dd-9582-b1afb9dcfe8b@group-6ADD887D064C-LeaderElection5] INFO  server.RaftServerConfigKeys (ConfUtils.java:logGet(46)) - raft.server.write.byte-limit = 1024 M (=1073741824) (custom)
2023-09-23 10:03:33,593 [e645d312-f019-43dd-9582-b1afb9dcfe8b@group-6ADD887D064C-LeaderElection5] INFO  server.RaftServerConfigKeys (ConfUtils.java:logGet(46)) - raft.server.watch.timeout = 180s (custom)
2023-09-23 10:03:33,593 [e645d312-f019-43dd-9582-b1afb9dcfe8b@group-6ADD887D064C-LeaderElection5] INFO  server.RaftServerConfigKeys (ConfUtils.java:logGet(46)) - raft.server.watch.timeout.denomination = 1s (default)
2023-09-23 10:03:33,593 [e645d312-f019-43dd-9582-b1afb9dcfe8b@group-6ADD887D064C-LeaderElection5] INFO  server.RaftServerConfigKeys (ConfUtils.java:logGet(46)) - raft.server.watch.element-limit = 65536 (default)
2023-09-23 10:03:33,593 [e645d312-f019-43dd-9582-b1afb9dcfe8b@group-6ADD887D064C-LeaderElection5] INFO  server.RaftServerConfigKeys (ConfUtils.java:logGet(46)) - raft.server.write.element-limit = 1024 (custom)
2023-09-23 10:03:33,593 [e645d312-f019-43dd-9582-b1afb9dcfe8b@group-6ADD887D064C-LeaderElection5] INFO  server.RaftServerConfigKeys (ConfUtils.java:logGet(46)) - raft.server.write.follower.gap.ratio.max = -1.0 (default)
2023-09-23 10:03:33,593 [e645d312-f019-43dd-9582-b1afb9dcfe8b@group-6ADD887D064C-LeaderElection5] INFO  impl.RoleInfo (RoleInfo.java:updateAndGet(139)) - e645d312-f019-43dd-9582-b1afb9dcfe8b: start e645d312-f019-43dd-9582-b1afb9dcfe8b@group-6ADD887D064C-LeaderStateImpl
2023-09-23 10:03:33,593 [e645d312-f019-43dd-9582-b1afb9dcfe8b@group-6ADD887D064C-LeaderElection5] INFO  segmented.SegmentedRaftLogWorker (SegmentedRaftLogWorker.java:startLogSegment(447)) - e645d312-f019-43dd-9582-b1afb9dcfe8b@group-6ADD887D064C-SegmentedRaftLogWorker: Starting segment from index:0
2023-09-23 10:03:33,598 [e645d312-f019-43dd-9582-b1afb9dcfe8b@group-6ADD887D064C-LeaderElection5] INFO  server.RaftServer$Division (ServerState.java:setRaftConf(434)) - e645d312-f019-43dd-9582-b1afb9dcfe8b@group-6ADD887D064C: set configuration 0: peers:[e645d312-f019-43dd-9582-b1afb9dcfe8b|rpc:10.1.0.12:15031|admin:10.1.0.12:15030|client:10.1.0.12:15029|dataStream:10.1.0.12:15032|priority:1|startupRole:FOLLOWER]|listeners:[], old=null
2023-09-23 10:03:33,599 [e645d312-f019-43dd-9582-b1afb9dcfe8b@group-6ADD887D064C-SegmentedRaftLogWorker] INFO  segmented.SegmentedRaftLogWorker (SegmentedRaftLogWorker.java:execute(651)) - e645d312-f019-43dd-9582-b1afb9dcfe8b@group-6ADD887D064C-SegmentedRaftLogWorker: created new log segment /home/runner/work/ozone/ozone/hadoop-ozone/integration-test/target/test-dir/MiniOzoneClusterImpl-221a8c4e-c666-4dc9-898e-ead2ee9f568a/datanode-1/data/ratis/a02423fc-8db4-4330-9730-6add887d064c/current/log_inprogress_0
2023-09-23 10:03:33,730 [main] INFO  ozone.MiniOzoneClusterImpl (MiniOzoneClusterImpl.java:lambda$waitForClusterToBeReady$0(229)) - Nodes are ready. Got 3 of 3 DN Heartbeats.
2023-09-23 10:03:33,730 [main] INFO  ozone.MiniOzoneClusterImpl (MiniOzoneClusterImpl.java:lambda$waitForClusterToBeReady$0(232)) - Cluster exits safe mode
2023-09-23 10:03:33,730 [main] INFO  ozone.MiniOzoneClusterImpl (MiniOzoneClusterImpl.java:lambda$waitForClusterToBeReady$0(234)) - SCM became leader
2023-09-23 10:03:34,017 [omNode-3@group-523986131536-FollowerState] INFO  server.RaftServerConfigKeys (ConfUtils.java:logFallback(53)) - raft.server.rpc.first-election.timeout.min = 1s (fallback to raft.server.rpc.timeout.min)
2023-09-23 10:03:34,017 [omNode-3@group-523986131536-FollowerState] INFO  server.RaftServerConfigKeys (ConfUtils.java:logFallback(53)) - raft.server.rpc.first-election.timeout.max = 1200ms (fallback to raft.server.rpc.timeout.max)
2023-09-23 10:03:34,110 [8d6d9f4d-1042-410a-9fac-061faec65884@group-C05A196BFA28-FollowerState] INFO  impl.FollowerState (FollowerState.java:run(143)) - 8d6d9f4d-1042-410a-9fac-061faec65884@group-C05A196BFA28-FollowerState: change to CANDIDATE, lastRpcElapsedTime:5053736745ns, electionTimeout:5053ms
2023-09-23 10:03:34,111 [8d6d9f4d-1042-410a-9fac-061faec65884@group-C05A196BFA28-FollowerState] INFO  impl.RoleInfo (RoleInfo.java:shutdownFollowerState(110)) - 8d6d9f4d-1042-410a-9fac-061faec65884: shutdown 8d6d9f4d-1042-410a-9fac-061faec65884@group-C05A196BFA28-FollowerState
2023-09-23 10:03:34,111 [8d6d9f4d-1042-410a-9fac-061faec65884@group-C05A196BFA28-FollowerState] INFO  server.RaftServer$Division (RaftServerImpl.java:setRole(329)) - 8d6d9f4d-1042-410a-9fac-061faec65884@group-C05A196BFA28: changes role from  FOLLOWER to CANDIDATE at term 0 for changeToCandidate
2023-09-23 10:03:34,111 [8d6d9f4d-1042-410a-9fac-061faec65884@group-C05A196BFA28-FollowerState] INFO  server.RaftServerConfigKeys (ConfUtils.java:logGet(46)) - raft.server.leaderelection.pre-vote = true (default)
2023-09-23 10:03:34,111 [8d6d9f4d-1042-410a-9fac-061faec65884@group-C05A196BFA28-FollowerState] INFO  impl.RoleInfo (RoleInfo.java:updateAndGet(139)) - 8d6d9f4d-1042-410a-9fac-061faec65884: start 8d6d9f4d-1042-410a-9fac-061faec65884@group-C05A196BFA28-LeaderElection6
2023-09-23 10:03:34,115 [8d6d9f4d-1042-410a-9fac-061faec65884@group-C05A196BFA28-LeaderElection6] INFO  impl.LeaderElection (LeaderElection.java:askForVotes(321)) - 8d6d9f4d-1042-410a-9fac-061faec65884@group-C05A196BFA28-LeaderElection6 PRE_VOTE round 0: submit vote requests at term 0 for -1: peers:[8d6d9f4d-1042-410a-9fac-061faec65884|rpc:10.1.0.12:15040|admin:10.1.0.12:15039|client:10.1.0.12:15038|dataStream:10.1.0.12:15041|priority:1|startupRole:FOLLOWER]|listeners:[], old=null
2023-09-23 10:03:34,115 [8d6d9f4d-1042-410a-9fac-061faec65884@group-C05A196BFA28-LeaderElection6] INFO  impl.LeaderElection (LeaderElection.java:askForVotes(323)) - 8d6d9f4d-1042-410a-9fac-061faec65884@group-C05A196BFA28-LeaderElection6 PRE_VOTE round 0: result PASSED (term=0)
2023-09-23 10:03:34,117 [8d6d9f4d-1042-410a-9fac-061faec65884@group-C05A196BFA28-LeaderElection6] INFO  impl.LeaderElection (LeaderElection.java:askForVotes(321)) - 8d6d9f4d-1042-410a-9fac-061faec65884@group-C05A196BFA28-LeaderElection6 ELECTION round 0: submit vote requests at term 1 for -1: peers:[8d6d9f4d-1042-410a-9fac-061faec65884|rpc:10.1.0.12:15040|admin:10.1.0.12:15039|client:10.1.0.12:15038|dataStream:10.1.0.12:15041|priority:1|startupRole:FOLLOWER]|listeners:[], old=null
2023-09-23 10:03:34,118 [8d6d9f4d-1042-410a-9fac-061faec65884@group-C05A196BFA28-LeaderElection6] INFO  impl.LeaderElection (LeaderElection.java:askForVotes(323)) - 8d6d9f4d-1042-410a-9fac-061faec65884@group-C05A196BFA28-LeaderElection6 ELECTION round 0: result PASSED (term=1)
2023-09-23 10:03:34,118 [8d6d9f4d-1042-410a-9fac-061faec65884@group-C05A196BFA28-LeaderElection6] INFO  impl.RoleInfo (RoleInfo.java:shutdownLeaderElection(130)) - 8d6d9f4d-1042-410a-9fac-061faec65884: shutdown 8d6d9f4d-1042-410a-9fac-061faec65884@group-C05A196BFA28-LeaderElection6
2023-09-23 10:03:34,118 [8d6d9f4d-1042-410a-9fac-061faec65884@group-C05A196BFA28-LeaderElection6] INFO  server.RaftServer$Division (RaftServerImpl.java:setRole(329)) - 8d6d9f4d-1042-410a-9fac-061faec65884@group-C05A196BFA28: changes role from CANDIDATE to LEADER at term 1 for changeToLeader
2023-09-23 10:03:34,118 [8d6d9f4d-1042-410a-9fac-061faec65884@group-C05A196BFA28-LeaderElection6] INFO  ratis.XceiverServerRatis (XceiverServerRatis.java:handleLeaderChangedNotification(902)) - Leader change notification received for group: group-C05A196BFA28 with new leaderId: 8d6d9f4d-1042-410a-9fac-061faec65884
2023-09-23 10:03:34,118 [8d6d9f4d-1042-410a-9fac-061faec65884@group-C05A196BFA28-LeaderElection6] INFO  server.RaftServer$Division (ServerState.java:setLeader(317)) - 8d6d9f4d-1042-410a-9fac-061faec65884@group-C05A196BFA28: change Leader from null to 8d6d9f4d-1042-410a-9fac-061faec65884 at term 1 for becomeLeader, leader elected after 5398ms
2023-09-23 10:03:34,118 [8d6d9f4d-1042-410a-9fac-061faec65884@group-C05A196BFA28-LeaderElection6] INFO  server.RaftServerConfigKeys (ConfUtils.java:logGet(46)) - raft.server.staging.catchup.gap = 1000 (default)
2023-09-23 10:03:34,119 [8d6d9f4d-1042-410a-9fac-061faec65884@group-C05A196BFA28-LeaderElection6] INFO  server.RaftServerConfigKeys (ConfUtils.java:logGet(46)) - raft.server.write.element-limit = 1024 (custom)
2023-09-23 10:03:34,121 [8d6d9f4d-1042-410a-9fac-061faec65884@group-C05A196BFA28-LeaderElection6] INFO  server.RaftServerConfigKeys (ConfUtils.java:logGet(46)) - raft.server.write.byte-limit = 1024 M (=1073741824) (custom)
2023-09-23 10:03:34,121 [8d6d9f4d-1042-410a-9fac-061faec65884@group-C05A196BFA28-LeaderElection6] INFO  server.RaftServerConfigKeys (ConfUtils.java:logGet(46)) - raft.server.watch.timeout = 180s (custom)
2023-09-23 10:03:34,121 [8d6d9f4d-1042-410a-9fac-061faec65884@group-C05A196BFA28-LeaderElection6] INFO  server.RaftServerConfigKeys (ConfUtils.java:logGet(46)) - raft.server.watch.timeout.denomination = 1s (default)
2023-09-23 10:03:34,121 [8d6d9f4d-1042-410a-9fac-061faec65884@group-C05A196BFA28-LeaderElection6] INFO  server.RaftServerConfigKeys (ConfUtils.java:logGet(46)) - raft.server.watch.element-limit = 65536 (default)
2023-09-23 10:03:34,121 [8d6d9f4d-1042-410a-9fac-061faec65884@group-C05A196BFA28-LeaderElection6] INFO  server.RaftServerConfigKeys (ConfUtils.java:logGet(46)) - raft.server.write.element-limit = 1024 (custom)
2023-09-23 10:03:34,122 [8d6d9f4d-1042-410a-9fac-061faec65884@group-C05A196BFA28-LeaderElection6] INFO  server.RaftServerConfigKeys (ConfUtils.java:logGet(46)) - raft.server.write.follower.gap.ratio.max = -1.0 (default)
2023-09-23 10:03:34,122 [8d6d9f4d-1042-410a-9fac-061faec65884@group-C05A196BFA28-LeaderElection6] INFO  impl.RoleInfo (RoleInfo.java:updateAndGet(139)) - 8d6d9f4d-1042-410a-9fac-061faec65884: start 8d6d9f4d-1042-410a-9fac-061faec65884@group-C05A196BFA28-LeaderStateImpl
2023-09-23 10:03:34,122 [8d6d9f4d-1042-410a-9fac-061faec65884@group-C05A196BFA28-LeaderElection6] INFO  segmented.SegmentedRaftLogWorker (SegmentedRaftLogWorker.java:startLogSegment(447)) - 8d6d9f4d-1042-410a-9fac-061faec65884@group-C05A196BFA28-SegmentedRaftLogWorker: Starting segment from index:0
2023-09-23 10:03:34,126 [8d6d9f4d-1042-410a-9fac-061faec65884@group-C05A196BFA28-LeaderElection6] INFO  server.RaftServer$Division (ServerState.java:setRaftConf(434)) - 8d6d9f4d-1042-410a-9fac-061faec65884@group-C05A196BFA28: set configuration 0: peers:[8d6d9f4d-1042-410a-9fac-061faec65884|rpc:10.1.0.12:15040|admin:10.1.0.12:15039|client:10.1.0.12:15038|dataStream:10.1.0.12:15041|priority:1|startupRole:FOLLOWER]|listeners:[], old=null
2023-09-23 10:03:34,128 [8d6d9f4d-1042-410a-9fac-061faec65884@group-C05A196BFA28-SegmentedRaftLogWorker] INFO  segmented.SegmentedRaftLogWorker (SegmentedRaftLogWorker.java:execute(651)) - 8d6d9f4d-1042-410a-9fac-061faec65884@group-C05A196BFA28-SegmentedRaftLogWorker: created new log segment /home/runner/work/ozone/ozone/hadoop-ozone/integration-test/target/test-dir/MiniOzoneClusterImpl-221a8c4e-c666-4dc9-898e-ead2ee9f568a/datanode-2/data/ratis/5320efd9-c1d0-4114-b4de-c05a196bfa28/current/log_inprogress_0
2023-09-23 10:03:34,302 [main] INFO  rpc.RpcClient (RpcClient.java:createVolume(461)) - Creating Volume: volume69254, with user29366 as owner and space quota set to -1 bytes, counts quota set to -1
2023-09-23 10:03:34,363 [OM StateMachine ApplyTransaction Thread - 0] INFO  volume.OMVolumeCreateRequest (OMVolumeCreateRequest.java:validateAndUpdateCache(196)) - created volume:volume69254 for user:user29366
2023-09-23 10:03:34,367 [OM StateMachine ApplyTransaction Thread - 0] INFO  volume.OMVolumeCreateRequest (OMVolumeCreateRequest.java:validateAndUpdateCache(196)) - created volume:volume69254 for user:user29366
2023-09-23 10:03:34,368 [OM StateMachine ApplyTransaction Thread - 0] INFO  volume.OMVolumeCreateRequest (OMVolumeCreateRequest.java:validateAndUpdateCache(196)) - created volume:volume69254 for user:user29366
2023-09-23 10:03:34,401 [main] INFO  rpc.RpcClient (RpcClient.java:createBucket(688)) - Creating Bucket: volume69254/6f7243d7-814d-455d-901b-458248ab6e6f, with server-side default bucket layout, runner as owner, Versioning false, Storage Type set to DISK and Encryption set to false, Replication Type set to server-side default replication type, Namespace Quota set to -1, Space Quota set to -1 
2023-09-23 10:03:34,423 [OM StateMachine ApplyTransaction Thread - 0] INFO  bucket.OMBucketCreateRequest (OMBucketCreateRequest.java:validateAndUpdateCache(270)) - created bucket: 6f7243d7-814d-455d-901b-458248ab6e6f of layout OBJECT_STORE in volume: volume69254
2023-09-23 10:03:34,426 [OM StateMachine ApplyTransaction Thread - 0] INFO  bucket.OMBucketCreateRequest (OMBucketCreateRequest.java:validateAndUpdateCache(270)) - created bucket: 6f7243d7-814d-455d-901b-458248ab6e6f of layout OBJECT_STORE in volume: volume69254
2023-09-23 10:03:34,427 [OM StateMachine ApplyTransaction Thread - 0] INFO  bucket.OMBucketCreateRequest (OMBucketCreateRequest.java:validateAndUpdateCache(270)) - created bucket: 6f7243d7-814d-455d-901b-458248ab6e6f of layout OBJECT_STORE in volume: volume69254
2023-09-23 10:03:34,488 [OM StateMachine ApplyTransaction Thread - 0] ERROR acl.OMBucketAddAclRequest (OMBucketAddAclRequest.java:onComplete(126)) - Add acl [user:remoteUser:r[DEFAULT]] to path /volume69254/6f7243d7-814d-455d-901b-458248ab6e6f failed, because acl already exist
2023-09-23 10:03:34,497 [OM StateMachine ApplyTransaction Thread - 0] ERROR acl.OMBucketAddAclRequest (OMBucketAddAclRequest.java:onComplete(126)) - Add acl [user:remoteUser:r[DEFAULT]] to path /volume69254/6f7243d7-814d-455d-901b-458248ab6e6f failed, because acl already exist
2023-09-23 10:03:34,500 [OM StateMachine ApplyTransaction Thread - 0] ERROR acl.OMBucketAddAclRequest (OMBucketAddAclRequest.java:onComplete(126)) - Add acl [user:remoteUser:r[DEFAULT]] to path /volume69254/6f7243d7-814d-455d-901b-458248ab6e6f failed, because acl already exist
2023-09-23 10:03:34,539 [main] INFO  rpc.RpcClient (RpcClient.java:createVolume(461)) - Creating Volume: volume05293, with user21582 as owner and space quota set to -1 bytes, counts quota set to -1
2023-09-23 10:03:34,547 [OM StateMachine ApplyTransaction Thread - 0] INFO  volume.OMVolumeCreateRequest (OMVolumeCreateRequest.java:validateAndUpdateCache(196)) - created volume:volume05293 for user:user21582
2023-09-23 10:03:34,550 [main] INFO  rpc.RpcClient (RpcClient.java:createBucket(688)) - Creating Bucket: volume05293/b37feaa4-01ba-4923-a911-7c514d281763, with server-side default bucket layout, runner as owner, Versioning false, Storage Type set to DISK and Encryption set to false, Replication Type set to server-side default replication type, Namespace Quota set to -1, Space Quota set to -1 
2023-09-23 10:03:34,557 [OM StateMachine ApplyTransaction Thread - 0] INFO  volume.OMVolumeCreateRequest (OMVolumeCreateRequest.java:validateAndUpdateCache(196)) - created volume:volume05293 for user:user21582
2023-09-23 10:03:34,558 [OM StateMachine ApplyTransaction Thread - 0] INFO  volume.OMVolumeCreateRequest (OMVolumeCreateRequest.java:validateAndUpdateCache(196)) - created volume:volume05293 for user:user21582
2023-09-23 10:03:34,569 [OM StateMachine ApplyTransaction Thread - 0] INFO  bucket.OMBucketCreateRequest (OMBucketCreateRequest.java:validateAndUpdateCache(270)) - created bucket: b37feaa4-01ba-4923-a911-7c514d281763 of layout OBJECT_STORE in volume: volume05293
2023-09-23 10:03:34,578 [OM StateMachine ApplyTransaction Thread - 0] INFO  bucket.OMBucketCreateRequest (OMBucketCreateRequest.java:validateAndUpdateCache(270)) - created bucket: b37feaa4-01ba-4923-a911-7c514d281763 of layout OBJECT_STORE in volume: volume05293
2023-09-23 10:03:34,578 [OM StateMachine ApplyTransaction Thread - 0] INFO  bucket.OMBucketCreateRequest (OMBucketCreateRequest.java:validateAndUpdateCache(270)) - created bucket: b37feaa4-01ba-4923-a911-7c514d281763 of layout OBJECT_STORE in volume: volume05293
2023-09-23 10:03:34,611 [OM StateMachine ApplyTransaction Thread - 0] ERROR acl.OMBucketRemoveAclRequest (OMBucketRemoveAclRequest.java:onComplete(124)) - Remove acl [user:runner:a[ACCESS]] for path /volume05293/b37feaa4-01ba-4923-a911-7c514d281763 failed, because acl does not exist
2023-09-23 10:03:34,623 [OM StateMachine ApplyTransaction Thread - 0] ERROR acl.OMBucketRemoveAclRequest (OMBucketRemoveAclRequest.java:onComplete(124)) - Remove acl [user:runner:a[ACCESS]] for path /volume05293/b37feaa4-01ba-4923-a911-7c514d281763 failed, because acl does not exist
2023-09-23 10:03:34,623 [OM StateMachine ApplyTransaction Thread - 0] ERROR acl.OMBucketRemoveAclRequest (OMBucketRemoveAclRequest.java:onComplete(124)) - Remove acl [user:runner:a[ACCESS]] for path /volume05293/b37feaa4-01ba-4923-a911-7c514d281763 failed, because acl does not exist
2023-09-23 10:03:34,703 [main] INFO  rpc.RpcClient (RpcClient.java:createVolume(461)) - Creating Volume: volume09161, with user40721 as owner and space quota set to -1 bytes, counts quota set to -1
2023-09-23 10:03:34,715 [OM StateMachine ApplyTransaction Thread - 0] INFO  volume.OMVolumeCreateRequest (OMVolumeCreateRequest.java:validateAndUpdateCache(196)) - created volume:volume09161 for user:user40721
2023-09-23 10:03:34,717 [main] INFO  rpc.RpcClient (RpcClient.java:createBucket(688)) - Creating Bucket: volume09161/49a6888b-9c6f-44bb-b3af-6511d5790bd1, with server-side default bucket layout, runner as owner, Versioning false, Storage Type set to DISK and Encryption set to false, Replication Type set to server-side default replication type, Namespace Quota set to -1, Space Quota set to -1 
2023-09-23 10:03:34,720 [OM StateMachine ApplyTransaction Thread - 0] INFO  volume.OMVolumeCreateRequest (OMVolumeCreateRequest.java:validateAndUpdateCache(196)) - created volume:volume09161 for user:user40721
2023-09-23 10:03:34,724 [OM StateMachine ApplyTransaction Thread - 0] INFO  volume.OMVolumeCreateRequest (OMVolumeCreateRequest.java:validateAndUpdateCache(196)) - created volume:volume09161 for user:user40721
2023-09-23 10:03:34,734 [OM StateMachine ApplyTransaction Thread - 0] INFO  bucket.OMBucketCreateRequest (OMBucketCreateRequest.java:validateAndUpdateCache(270)) - created bucket: 49a6888b-9c6f-44bb-b3af-6511d5790bd1 of layout OBJECT_STORE in volume: volume09161
2023-09-23 10:03:34,743 [OM StateMachine ApplyTransaction Thread - 0] INFO  bucket.OMBucketCreateRequest (OMBucketCreateRequest.java:validateAndUpdateCache(270)) - created bucket: 49a6888b-9c6f-44bb-b3af-6511d5790bd1 of layout OBJECT_STORE in volume: volume09161
2023-09-23 10:03:34,746 [OM StateMachine ApplyTransaction Thread - 0] INFO  bucket.OMBucketCreateRequest (OMBucketCreateRequest.java:validateAndUpdateCache(270)) - created bucket: 49a6888b-9c6f-44bb-b3af-6511d5790bd1 of layout OBJECT_STORE in volume: volume09161
2023-09-23 10:03:34,782 [main] INFO  rpc.RpcClient (RpcClient.java:createVolume(461)) - Creating Volume: volume83715, with user10649 as owner and space quota set to -1 bytes, counts quota set to -1
2023-09-23 10:03:34,792 [OM StateMachine ApplyTransaction Thread - 0] INFO  volume.OMVolumeCreateRequest (OMVolumeCreateRequest.java:validateAndUpdateCache(196)) - created volume:volume83715 for user:user10649
2023-09-23 10:03:34,800 [OM StateMachine ApplyTransaction Thread - 0] INFO  volume.OMVolumeCreateRequest (OMVolumeCreateRequest.java:validateAndUpdateCache(196)) - created volume:volume83715 for user:user10649
2023-09-23 10:03:34,802 [OM StateMachine ApplyTransaction Thread - 0] INFO  volume.OMVolumeCreateRequest (OMVolumeCreateRequest.java:validateAndUpdateCache(196)) - created volume:volume83715 for user:user10649
2023-09-23 10:03:34,804 [main] INFO  rpc.RpcClient (RpcClient.java:createBucket(688)) - Creating Bucket: volume83715/ff8a1c6f-ff85-4a35-b115-ef9b22cd5fb6, with server-side default bucket layout, runner as owner, Versioning false, Storage Type set to DISK and Encryption set to false, Replication Type set to server-side default replication type, Namespace Quota set to -1, Space Quota set to -1 
2023-09-23 10:03:34,811 [OM StateMachine ApplyTransaction Thread - 0] INFO  bucket.OMBucketCreateRequest (OMBucketCreateRequest.java:validateAndUpdateCache(270)) - created bucket: ff8a1c6f-ff85-4a35-b115-ef9b22cd5fb6 of layout OBJECT_STORE in volume: volume83715
2023-09-23 10:03:34,820 [OM StateMachine ApplyTransaction Thread - 0] INFO  bucket.OMBucketCreateRequest (OMBucketCreateRequest.java:validateAndUpdateCache(270)) - created bucket: ff8a1c6f-ff85-4a35-b115-ef9b22cd5fb6 of layout OBJECT_STORE in volume: volume83715
2023-09-23 10:03:34,821 [OM StateMachine ApplyTransaction Thread - 0] INFO  bucket.OMBucketCreateRequest (OMBucketCreateRequest.java:validateAndUpdateCache(270)) - created bucket: ff8a1c6f-ff85-4a35-b115-ef9b22cd5fb6 of layout OBJECT_STORE in volume: volume83715
2023-09-23 10:03:34,868 [IPC Server handler 14 on default port 15001] INFO  ha.SequenceIdGenerator (SequenceIdGenerator.java:getNextId(140)) - Allocate a batch for containerId, change lastId from 0 to 1000.
2023-09-23 10:03:34,877 [IPC Server handler 14 on default port 15001] WARN  ha.SequenceIdGenerator (SequenceIdGenerator.java:allocateBatch(253)) - Failed to allocate a batch for localId, expected lastId is 0, actual lastId is 111677748019200000.
2023-09-23 10:03:34,878 [IPC Server handler 14 on default port 15001] INFO  ha.SequenceIdGenerator (SequenceIdGenerator.java:getNextId(140)) - Allocate a batch for localId, change lastId from 111677748019200000 to 111677748019201000.
2023-09-23 10:03:34,978 [main] INFO  impl.MetricsSystemImpl (MetricsSystemImpl.java:init(158)) - XceiverClientMetrics metrics system started (again)
2023-09-23 10:03:34,978 [main] INFO  lib.Interns (Interns.java:removeEldestEntry(50)) - Metrics intern cache overflow at 2011 for MetricsSystem={MetricsSystem=MetricsInfoImpl{name=MetricsSystem, description=MetricsSystem}, MetricsSystem record=MetricsInfoImpl{name=MetricsSystem, description=MetricsSystem record}}
2023-09-23 10:03:35,058 [omNode-3@group-523986131536-FollowerState] INFO  server.RaftServerConfigKeys (ConfUtils.java:logFallback(53)) - raft.server.rpc.first-election.timeout.min = 1s (fallback to raft.server.rpc.timeout.min)
2023-09-23 10:03:35,058 [omNode-3@group-523986131536-FollowerState] INFO  server.RaftServerConfigKeys (ConfUtils.java:logFallback(53)) - raft.server.rpc.first-election.timeout.max = 1200ms (fallback to raft.server.rpc.timeout.max)
2023-09-23 10:03:35,366 [main] INFO  rpc.RpcClient (RpcClient.java:createVolume(461)) - Creating Volume: volume96759, with user50220 as owner and space quota set to -1 bytes, counts quota set to -1
2023-09-23 10:03:35,374 [OM StateMachine ApplyTransaction Thread - 0] INFO  volume.OMVolumeCreateRequest (OMVolumeCreateRequest.java:validateAndUpdateCache(196)) - created volume:volume96759 for user:user50220
2023-09-23 10:03:35,380 [main] INFO  rpc.RpcClient (RpcClient.java:createBucket(688)) - Creating Bucket: volume96759/b596fd37-c9a2-4205-98f7-6509529cd024, with server-side default bucket layout, runner as owner, Versioning false, Storage Type set to DISK and Encryption set to false, Replication Type set to server-side default replication type, Namespace Quota set to -1, Space Quota set to -1 
2023-09-23 10:03:35,384 [OM StateMachine ApplyTransaction Thread - 0] INFO  volume.OMVolumeCreateRequest (OMVolumeCreateRequest.java:validateAndUpdateCache(196)) - created volume:volume96759 for user:user50220
2023-09-23 10:03:35,387 [OM StateMachine ApplyTransaction Thread - 0] INFO  volume.OMVolumeCreateRequest (OMVolumeCreateRequest.java:validateAndUpdateCache(196)) - created volume:volume96759 for user:user50220
2023-09-23 10:03:35,393 [OM StateMachine ApplyTransaction Thread - 0] INFO  bucket.OMBucketCreateRequest (OMBucketCreateRequest.java:validateAndUpdateCache(270)) - created bucket: b596fd37-c9a2-4205-98f7-6509529cd024 of layout OBJECT_STORE in volume: volume96759
2023-09-23 10:03:35,407 [OM StateMachine ApplyTransaction Thread - 0] INFO  bucket.OMBucketCreateRequest (OMBucketCreateRequest.java:validateAndUpdateCache(270)) - created bucket: b596fd37-c9a2-4205-98f7-6509529cd024 of layout OBJECT_STORE in volume: volume96759
2023-09-23 10:03:35,409 [OM StateMachine ApplyTransaction Thread - 0] INFO  bucket.OMBucketCreateRequest (OMBucketCreateRequest.java:validateAndUpdateCache(270)) - created bucket: b596fd37-c9a2-4205-98f7-6509529cd024 of layout OBJECT_STORE in volume: volume96759
2023-09-23 10:03:35,411 [omNode-1@group-523986131536-StateMachineUpdater] INFO  ratis.OzoneManagerStateMachine (OzoneManagerStateMachine.java:takeSnapshot(480)) - Current Snapshot Index (t:1, i:50)
2023-09-23 10:03:35,427 [omNode-3@group-523986131536-StateMachineUpdater] INFO  ratis.OzoneManagerStateMachine (OzoneManagerStateMachine.java:takeSnapshot(480)) - Current Snapshot Index (t:1, i:50)
2023-09-23 10:03:35,432 [omNode-2@group-523986131536-StateMachineUpdater] INFO  ratis.OzoneManagerStateMachine (OzoneManagerStateMachine.java:takeSnapshot(480)) - Current Snapshot Index (t:1, i:51)
2023-09-23 10:03:35,464 [omNode-1@group-523986131536-StateMachineUpdater] INFO  impl.StateMachineUpdater (StateMachineUpdater.java:takeSnapshot(291)) - omNode-1@group-523986131536-StateMachineUpdater: Took a snapshot at index 50
2023-09-23 10:03:35,464 [omNode-1@group-523986131536-StateMachineUpdater] INFO  impl.StateMachineUpdater (StateMachineUpdater.java:lambda$new$0(97)) - omNode-1@group-523986131536-StateMachineUpdater: snapshotIndex: updateIncreasingly -1 -> 50
2023-09-23 10:03:35,464 [omNode-1@group-523986131536-StateMachineUpdater] INFO  raftlog.RaftLog (RaftLogBase.java:purge(314)) - omNode-1@group-523986131536-SegmentedRaftLog: purge 50
2023-09-23 10:03:35,464 [omNode-1@group-523986131536-StateMachineUpdater] INFO  raftlog.RaftLog (RaftLogBase.java:lambda$new$0(53)) - omNode-1@group-523986131536-SegmentedRaftLog: snapshotIndex: updateIncreasingly -1 -> 50
2023-09-23 10:03:35,465 [omNode-1@group-523986131536-StateMachineUpdater] INFO  raftlog.RaftLog (RaftLogBase.java:lambda$new$0(53)) - omNode-1@group-523986131536-SegmentedRaftLog: purgeIndex: updateToMax old=-1, new=50, updated? true
2023-09-23 10:03:35,480 [omNode-2@group-523986131536-StateMachineUpdater] INFO  impl.StateMachineUpdater (StateMachineUpdater.java:takeSnapshot(291)) - omNode-2@group-523986131536-StateMachineUpdater: Took a snapshot at index 51
2023-09-23 10:03:35,481 [omNode-2@group-523986131536-StateMachineUpdater] INFO  impl.StateMachineUpdater (StateMachineUpdater.java:lambda$new$0(97)) - omNode-2@group-523986131536-StateMachineUpdater: snapshotIndex: updateIncreasingly -1 -> 51
2023-09-23 10:03:35,481 [omNode-2@group-523986131536-StateMachineUpdater] INFO  raftlog.RaftLog (RaftLogBase.java:purge(314)) - omNode-2@group-523986131536-SegmentedRaftLog: purge 51
2023-09-23 10:03:35,482 [omNode-2@group-523986131536-StateMachineUpdater] INFO  raftlog.RaftLog (RaftLogBase.java:lambda$new$0(53)) - omNode-2@group-523986131536-SegmentedRaftLog: snapshotIndex: updateIncreasingly -1 -> 51
2023-09-23 10:03:35,482 [omNode-2@group-523986131536-StateMachineUpdater] INFO  raftlog.RaftLog (RaftLogBase.java:lambda$new$0(53)) - omNode-2@group-523986131536-SegmentedRaftLog: purgeIndex: updateToMax old=-1, new=51, updated? true
2023-09-23 10:03:35,482 [omNode-3@group-523986131536-StateMachineUpdater] INFO  impl.StateMachineUpdater (StateMachineUpdater.java:takeSnapshot(291)) - omNode-3@group-523986131536-StateMachineUpdater: Took a snapshot at index 50
2023-09-23 10:03:35,482 [omNode-3@group-523986131536-StateMachineUpdater] INFO  impl.StateMachineUpdater (StateMachineUpdater.java:lambda$new$0(97)) - omNode-3@group-523986131536-StateMachineUpdater: snapshotIndex: updateIncreasingly -1 -> 50
2023-09-23 10:03:35,482 [omNode-3@group-523986131536-StateMachineUpdater] INFO  raftlog.RaftLog (RaftLogBase.java:purge(314)) - omNode-3@group-523986131536-SegmentedRaftLog: purge 50
2023-09-23 10:03:35,482 [omNode-3@group-523986131536-StateMachineUpdater] INFO  raftlog.RaftLog (RaftLogBase.java:lambda$new$0(53)) - omNode-3@group-523986131536-SegmentedRaftLog: snapshotIndex: updateIncreasingly -1 -> 50
2023-09-23 10:03:35,482 [omNode-3@group-523986131536-StateMachineUpdater] INFO  raftlog.RaftLog (RaftLogBase.java:lambda$new$0(53)) - omNode-3@group-523986131536-SegmentedRaftLog: purgeIndex: updateToMax old=-1, new=50, updated? true
2023-09-23 10:03:35,652 [main] INFO  rpc.RpcClient (RpcClient.java:createVolume(461)) - Creating Volume: volume56825, with user24843 as owner and space quota set to -1 bytes, counts quota set to -1
2023-09-23 10:03:35,660 [OM StateMachine ApplyTransaction Thread - 0] INFO  volume.OMVolumeCreateRequest (OMVolumeCreateRequest.java:validateAndUpdateCache(196)) - created volume:volume56825 for user:user24843
2023-09-23 10:03:35,664 [main] INFO  rpc.RpcClient (RpcClient.java:createBucket(688)) - Creating Bucket: volume56825/fbad6327-bba0-4c41-8918-a6862bcbf671, with server-side default bucket layout, runner as owner, Versioning false, Storage Type set to DISK and Encryption set to false, Replication Type set to server-side default replication type, Namespace Quota set to -1, Space Quota set to -1 
2023-09-23 10:03:35,668 [OM StateMachine ApplyTransaction Thread - 0] INFO  volume.OMVolumeCreateRequest (OMVolumeCreateRequest.java:validateAndUpdateCache(196)) - created volume:volume56825 for user:user24843
2023-09-23 10:03:35,670 [OM StateMachine ApplyTransaction Thread - 0] INFO  volume.OMVolumeCreateRequest (OMVolumeCreateRequest.java:validateAndUpdateCache(196)) - created volume:volume56825 for user:user24843
2023-09-23 10:03:35,680 [OM StateMachine ApplyTransaction Thread - 0] INFO  bucket.OMBucketCreateRequest (OMBucketCreateRequest.java:validateAndUpdateCache(270)) - created bucket: fbad6327-bba0-4c41-8918-a6862bcbf671 of layout OBJECT_STORE in volume: volume56825
2023-09-23 10:03:35,690 [OM StateMachine ApplyTransaction Thread - 0] INFO  bucket.OMBucketCreateRequest (OMBucketCreateRequest.java:validateAndUpdateCache(270)) - created bucket: fbad6327-bba0-4c41-8918-a6862bcbf671 of layout OBJECT_STORE in volume: volume56825
2023-09-23 10:03:35,692 [OM StateMachine ApplyTransaction Thread - 0] INFO  bucket.OMBucketCreateRequest (OMBucketCreateRequest.java:validateAndUpdateCache(270)) - created bucket: fbad6327-bba0-4c41-8918-a6862bcbf671 of layout OBJECT_STORE in volume: volume56825
2023-09-23 10:03:35,796 [main] INFO  rpc.RpcClient (RpcClient.java:createVolume(461)) - Creating Volume: volume76991, with user59094 as owner and space quota set to -1 bytes, counts quota set to -1
2023-09-23 10:03:35,805 [OM StateMachine ApplyTransaction Thread - 0] INFO  volume.OMVolumeCreateRequest (OMVolumeCreateRequest.java:validateAndUpdateCache(196)) - created volume:volume76991 for user:user59094
2023-09-23 10:03:35,808 [main] INFO  rpc.RpcClient (RpcClient.java:createBucket(688)) - Creating Bucket: volume76991/7e46d92f-261e-4700-9eae-a632684ba93f, with server-side default bucket layout, runner as owner, Versioning false, Storage Type set to DISK and Encryption set to false, Replication Type set to server-side default replication type, Namespace Quota set to -1, Space Quota set to -1 
2023-09-23 10:03:35,814 [OM StateMachine ApplyTransaction Thread - 0] INFO  volume.OMVolumeCreateRequest (OMVolumeCreateRequest.java:validateAndUpdateCache(196)) - created volume:volume76991 for user:user59094
2023-09-23 10:03:35,816 [OM StateMachine ApplyTransaction Thread - 0] INFO  volume.OMVolumeCreateRequest (OMVolumeCreateRequest.java:validateAndUpdateCache(196)) - created volume:volume76991 for user:user59094
2023-09-23 10:03:35,823 [OM StateMachine ApplyTransaction Thread - 0] INFO  bucket.OMBucketCreateRequest (OMBucketCreateRequest.java:validateAndUpdateCache(270)) - created bucket: 7e46d92f-261e-4700-9eae-a632684ba93f of layout OBJECT_STORE in volume: volume76991
2023-09-23 10:03:35,834 [OM StateMachine ApplyTransaction Thread - 0] INFO  bucket.OMBucketCreateRequest (OMBucketCreateRequest.java:validateAndUpdateCache(270)) - created bucket: 7e46d92f-261e-4700-9eae-a632684ba93f of layout OBJECT_STORE in volume: volume76991
2023-09-23 10:03:35,837 [OM StateMachine ApplyTransaction Thread - 0] INFO  bucket.OMBucketCreateRequest (OMBucketCreateRequest.java:validateAndUpdateCache(270)) - created bucket: 7e46d92f-261e-4700-9eae-a632684ba93f of layout OBJECT_STORE in volume: volume76991
2023-09-23 10:03:35,902 [main] INFO  rpc.RpcClient (RpcClient.java:createVolume(461)) - Creating Volume: volume35742, with user94446 as owner and space quota set to -1 bytes, counts quota set to -1
2023-09-23 10:03:35,907 [OM StateMachine ApplyTransaction Thread - 0] INFO  volume.OMVolumeCreateRequest (OMVolumeCreateRequest.java:validateAndUpdateCache(196)) - created volume:volume35742 for user:user94446
2023-09-23 10:03:35,911 [main] INFO  rpc.RpcClient (RpcClient.java:createBucket(688)) - Creating Bucket: volume35742/f464d7c9-eb4d-4238-8e03-7efd2920932f, with server-side default bucket layout, runner as owner, Versioning false, Storage Type set to DISK and Encryption set to false, Replication Type set to server-side default replication type, Namespace Quota set to -1, Space Quota set to -1 
2023-09-23 10:03:35,917 [OM StateMachine ApplyTransaction Thread - 0] INFO  volume.OMVolumeCreateRequest (OMVolumeCreateRequest.java:validateAndUpdateCache(196)) - created volume:volume35742 for user:user94446
2023-09-23 10:03:35,920 [OM StateMachine ApplyTransaction Thread - 0] INFO  volume.OMVolumeCreateRequest (OMVolumeCreateRequest.java:validateAndUpdateCache(196)) - created volume:volume35742 for user:user94446
2023-09-23 10:03:35,928 [OM StateMachine ApplyTransaction Thread - 0] INFO  bucket.OMBucketCreateRequest (OMBucketCreateRequest.java:validateAndUpdateCache(270)) - created bucket: f464d7c9-eb4d-4238-8e03-7efd2920932f of layout OBJECT_STORE in volume: volume35742
2023-09-23 10:03:35,938 [OM StateMachine ApplyTransaction Thread - 0] INFO  bucket.OMBucketCreateRequest (OMBucketCreateRequest.java:validateAndUpdateCache(270)) - created bucket: f464d7c9-eb4d-4238-8e03-7efd2920932f of layout OBJECT_STORE in volume: volume35742
2023-09-23 10:03:35,941 [OM StateMachine ApplyTransaction Thread - 0] INFO  bucket.OMBucketCreateRequest (OMBucketCreateRequest.java:validateAndUpdateCache(270)) - created bucket: f464d7c9-eb4d-4238-8e03-7efd2920932f of layout OBJECT_STORE in volume: volume35742
2023-09-23 10:03:36,034 [omNode-1@group-523986131536-StateMachineUpdater] INFO  ratis.OzoneManagerStateMachine (OzoneManagerStateMachine.java:takeSnapshot(480)) - Current Snapshot Index (t:1, i:100)
2023-09-23 10:03:36,041 [main] INFO  rpc.RpcClient (RpcClient.java:createVolume(461)) - Creating Volume: volume83724, with user44403 as owner and space quota set to -1 bytes, counts quota set to -1
2023-09-23 10:03:36,050 [omNode-3@group-523986131536-StateMachineUpdater] INFO  ratis.OzoneManagerStateMachine (OzoneManagerStateMachine.java:takeSnapshot(480)) - Current Snapshot Index (t:1, i:100)
2023-09-23 10:03:36,063 [OM StateMachine ApplyTransaction Thread - 0] INFO  volume.OMVolumeCreateRequest (OMVolumeCreateRequest.java:validateAndUpdateCache(196)) - created volume:volume83724 for user:user44403
2023-09-23 10:03:36,081 [omNode-1@group-523986131536-StateMachineUpdater] INFO  impl.StateMachineUpdater (StateMachineUpdater.java:takeSnapshot(291)) - omNode-1@group-523986131536-StateMachineUpdater: Took a snapshot at index 100
2023-09-23 10:03:36,081 [omNode-1@group-523986131536-StateMachineUpdater] INFO  impl.StateMachineUpdater (StateMachineUpdater.java:lambda$new$0(97)) - omNode-1@group-523986131536-StateMachineUpdater: snapshotIndex: updateIncreasingly 50 -> 100
2023-09-23 10:03:36,081 [omNode-1@group-523986131536-StateMachineUpdater] INFO  raftlog.RaftLog (RaftLogBase.java:purge(314)) - omNode-1@group-523986131536-SegmentedRaftLog: purge 100
2023-09-23 10:03:36,081 [omNode-1@group-523986131536-StateMachineUpdater] INFO  raftlog.RaftLog (RaftLogBase.java:lambda$new$0(53)) - omNode-1@group-523986131536-SegmentedRaftLog: snapshotIndex: updateIncreasingly 50 -> 100
2023-09-23 10:03:36,081 [omNode-1@group-523986131536-StateMachineUpdater] INFO  raftlog.RaftLog (RaftLogBase.java:lambda$new$0(53)) - omNode-1@group-523986131536-SegmentedRaftLog: purgeIndex: updateToMax old=50, new=100, updated? true
2023-09-23 10:03:36,083 [OM StateMachine ApplyTransaction Thread - 0] INFO  volume.OMVolumeCreateRequest (OMVolumeCreateRequest.java:validateAndUpdateCache(196)) - created volume:volume83724 for user:user44403
2023-09-23 10:03:36,089 [omNode-3@group-523986131536-FollowerState] INFO  server.RaftServerConfigKeys (ConfUtils.java:logFallback(53)) - raft.server.rpc.first-election.timeout.min = 1s (fallback to raft.server.rpc.timeout.min)
2023-09-23 10:03:36,089 [omNode-3@group-523986131536-FollowerState] INFO  server.RaftServerConfigKeys (ConfUtils.java:logFallback(53)) - raft.server.rpc.first-election.timeout.max = 1200ms (fallback to raft.server.rpc.timeout.max)
2023-09-23 10:03:36,090 [main] INFO  rpc.RpcClient (RpcClient.java:createBucket(688)) - Creating Bucket: volume83724/eb75395b-11f9-4390-ac07-5755f5e09389, with server-side default bucket layout, runner as owner, Versioning false, Storage Type set to DISK and Encryption set to false, Replication Type set to server-side default replication type, Namespace Quota set to -1, Space Quota set to -1 
2023-09-23 10:03:36,095 [omNode-2@group-523986131536-StateMachineUpdater] INFO  ratis.OzoneManagerStateMachine (OzoneManagerStateMachine.java:takeSnapshot(480)) - Current Snapshot Index (t:1, i:102)
2023-09-23 10:03:36,099 [OM StateMachine ApplyTransaction Thread - 0] INFO  bucket.OMBucketCreateRequest (OMBucketCreateRequest.java:validateAndUpdateCache(270)) - created bucket: eb75395b-11f9-4390-ac07-5755f5e09389 of layout OBJECT_STORE in volume: volume83724
2023-09-23 10:03:36,103 [omNode-3@group-523986131536-StateMachineUpdater] INFO  impl.StateMachineUpdater (StateMachineUpdater.java:takeSnapshot(291)) - omNode-3@group-523986131536-StateMachineUpdater: Took a snapshot at index 100
2023-09-23 10:03:36,103 [omNode-3@group-523986131536-StateMachineUpdater] INFO  impl.StateMachineUpdater (StateMachineUpdater.java:lambda$new$0(97)) - omNode-3@group-523986131536-StateMachineUpdater: snapshotIndex: updateIncreasingly 50 -> 100
2023-09-23 10:03:36,103 [omNode-3@group-523986131536-StateMachineUpdater] INFO  raftlog.RaftLog (RaftLogBase.java:purge(314)) - omNode-3@group-523986131536-SegmentedRaftLog: purge 100
2023-09-23 10:03:36,103 [omNode-3@group-523986131536-StateMachineUpdater] INFO  raftlog.RaftLog (RaftLogBase.java:lambda$new$0(53)) - omNode-3@group-523986131536-SegmentedRaftLog: snapshotIndex: updateIncreasingly 50 -> 100
2023-09-23 10:03:36,103 [omNode-3@group-523986131536-StateMachineUpdater] INFO  raftlog.RaftLog (RaftLogBase.java:lambda$new$0(53)) - omNode-3@group-523986131536-SegmentedRaftLog: purgeIndex: updateToMax old=50, new=100, updated? true
2023-09-23 10:03:36,106 [OM StateMachine ApplyTransaction Thread - 0] INFO  volume.OMVolumeCreateRequest (OMVolumeCreateRequest.java:validateAndUpdateCache(196)) - created volume:volume83724 for user:user44403
2023-09-23 10:03:36,109 [OM StateMachine ApplyTransaction Thread - 0] INFO  bucket.OMBucketCreateRequest (OMBucketCreateRequest.java:validateAndUpdateCache(270)) - created bucket: eb75395b-11f9-4390-ac07-5755f5e09389 of layout OBJECT_STORE in volume: volume83724
2023-09-23 10:03:36,151 [main] INFO  rpc.RpcClient (RpcClient.java:createVolume(461)) - Creating Volume: volume27885, with user37010 as owner and space quota set to -1 bytes, counts quota set to -1
2023-09-23 10:03:36,157 [omNode-2@group-523986131536-StateMachineUpdater] INFO  impl.StateMachineUpdater (StateMachineUpdater.java:takeSnapshot(291)) - omNode-2@group-523986131536-StateMachineUpdater: Took a snapshot at index 102
2023-09-23 10:03:36,157 [omNode-2@group-523986131536-StateMachineUpdater] INFO  impl.StateMachineUpdater (StateMachineUpdater.java:lambda$new$0(97)) - omNode-2@group-523986131536-StateMachineUpdater: snapshotIndex: updateIncreasingly 51 -> 102
2023-09-23 10:03:36,157 [omNode-2@group-523986131536-StateMachineUpdater] INFO  raftlog.RaftLog (RaftLogBase.java:purge(314)) - omNode-2@group-523986131536-SegmentedRaftLog: purge 102
2023-09-23 10:03:36,157 [omNode-2@group-523986131536-StateMachineUpdater] INFO  raftlog.RaftLog (RaftLogBase.java:lambda$new$0(53)) - omNode-2@group-523986131536-SegmentedRaftLog: snapshotIndex: updateIncreasingly 51 -> 102
2023-09-23 10:03:36,158 [omNode-2@group-523986131536-StateMachineUpdater] INFO  raftlog.RaftLog (RaftLogBase.java:lambda$new$0(53)) - omNode-2@group-523986131536-SegmentedRaftLog: purgeIndex: updateToMax old=51, new=102, updated? true
2023-09-23 10:03:36,159 [OM StateMachine ApplyTransaction Thread - 0] INFO  bucket.OMBucketCreateRequest (OMBucketCreateRequest.java:validateAndUpdateCache(270)) - created bucket: eb75395b-11f9-4390-ac07-5755f5e09389 of layout OBJECT_STORE in volume: volume83724
2023-09-23 10:03:36,161 [OM StateMachine ApplyTransaction Thread - 0] INFO  volume.OMVolumeCreateRequest (OMVolumeCreateRequest.java:validateAndUpdateCache(196)) - created volume:volume27885 for user:user37010
2023-09-23 10:03:36,164 [main] INFO  rpc.RpcClient (RpcClient.java:createBucket(688)) - Creating Bucket: volume27885/35c273bf-eb93-46ce-a740-fb4967f6c5e7, with server-side default bucket layout, runner as owner, Versioning false, Storage Type set to DISK and Encryption set to false, Replication Type set to server-side default replication type, Namespace Quota set to -1, Space Quota set to -1 
2023-09-23 10:03:36,168 [OM StateMachine ApplyTransaction Thread - 0] INFO  volume.OMVolumeCreateRequest (OMVolumeCreateRequest.java:validateAndUpdateCache(196)) - created volume:volume27885 for user:user37010
2023-09-23 10:03:36,171 [OM StateMachine ApplyTransaction Thread - 0] INFO  volume.OMVolumeCreateRequest (OMVolumeCreateRequest.java:validateAndUpdateCache(196)) - created volume:volume27885 for user:user37010
2023-09-23 10:03:36,181 [OM StateMachine ApplyTransaction Thread - 0] INFO  bucket.OMBucketCreateRequest (OMBucketCreateRequest.java:validateAndUpdateCache(270)) - created bucket: 35c273bf-eb93-46ce-a740-fb4967f6c5e7 of layout OBJECT_STORE in volume: volume27885
2023-09-23 10:03:36,190 [OM StateMachine ApplyTransaction Thread - 0] INFO  bucket.OMBucketCreateRequest (OMBucketCreateRequest.java:validateAndUpdateCache(270)) - created bucket: 35c273bf-eb93-46ce-a740-fb4967f6c5e7 of layout OBJECT_STORE in volume: volume27885
2023-09-23 10:03:36,193 [OM StateMachine ApplyTransaction Thread - 0] INFO  bucket.OMBucketCreateRequest (OMBucketCreateRequest.java:validateAndUpdateCache(270)) - created bucket: 35c273bf-eb93-46ce-a740-fb4967f6c5e7 of layout OBJECT_STORE in volume: volume27885
2023-09-23 10:03:36,203 [main] INFO  rpc.RpcClient (RpcClient.java:createVolume(461)) - Creating Volume: volume-link-26726, with user98962 as owner and space quota set to -1 bytes, counts quota set to -1
2023-09-23 10:03:36,213 [OM StateMachine ApplyTransaction Thread - 0] INFO  volume.OMVolumeCreateRequest (OMVolumeCreateRequest.java:validateAndUpdateCache(196)) - created volume:volume-link-26726 for user:user98962
2023-09-23 10:03:36,218 [main] INFO  rpc.RpcClient (RpcClient.java:createBucket(688)) - Creating Bucket: volume-link-26726/3fe24ba4-343b-42fe-a8eb-011fb680c827, with server-side default bucket layout, runner as owner, Versioning false, Storage Type set to DISK and Encryption set to false, Replication Type set to server-side default replication type, Namespace Quota set to -1, Space Quota set to -1 
2023-09-23 10:03:36,222 [OM StateMachine ApplyTransaction Thread - 0] INFO  volume.OMVolumeCreateRequest (OMVolumeCreateRequest.java:validateAndUpdateCache(196)) - created volume:volume-link-26726 for user:user98962
2023-09-23 10:03:36,225 [OM StateMachine ApplyTransaction Thread - 0] INFO  volume.OMVolumeCreateRequest (OMVolumeCreateRequest.java:validateAndUpdateCache(196)) - created volume:volume-link-26726 for user:user98962
2023-09-23 10:03:36,234 [OM StateMachine ApplyTransaction Thread - 0] INFO  bucket.OMBucketCreateRequest (OMBucketCreateRequest.java:validateAndUpdateCache(270)) - created bucket: 3fe24ba4-343b-42fe-a8eb-011fb680c827 of layout OBJECT_STORE in volume: volume-link-26726
2023-09-23 10:03:36,244 [OM StateMachine ApplyTransaction Thread - 0] INFO  bucket.OMBucketCreateRequest (OMBucketCreateRequest.java:validateAndUpdateCache(270)) - created bucket: 3fe24ba4-343b-42fe-a8eb-011fb680c827 of layout OBJECT_STORE in volume: volume-link-26726
2023-09-23 10:03:36,247 [OM StateMachine ApplyTransaction Thread - 0] INFO  bucket.OMBucketCreateRequest (OMBucketCreateRequest.java:validateAndUpdateCache(270)) - created bucket: 3fe24ba4-343b-42fe-a8eb-011fb680c827 of layout OBJECT_STORE in volume: volume-link-26726
2023-09-23 10:03:36,322 [main] INFO  rpc.RpcClient (RpcClient.java:createVolume(461)) - Creating Volume: volume60309, with user19257 as owner and space quota set to -1 bytes, counts quota set to -1
2023-09-23 10:03:36,329 [OM StateMachine ApplyTransaction Thread - 0] INFO  volume.OMVolumeCreateRequest (OMVolumeCreateRequest.java:validateAndUpdateCache(196)) - created volume:volume60309 for user:user19257
2023-09-23 10:03:36,334 [main] INFO  rpc.RpcClient (RpcClient.java:createBucket(688)) - Creating Bucket: volume60309/5d157990-46ec-42ce-96cd-a82d3230a15d, with server-side default bucket layout, runner as owner, Versioning false, Storage Type set to DISK and Encryption set to false, Replication Type set to server-side default replication type, Namespace Quota set to -1, Space Quota set to -1 
2023-09-23 10:03:36,337 [OM StateMachine ApplyTransaction Thread - 0] INFO  volume.OMVolumeCreateRequest (OMVolumeCreateRequest.java:validateAndUpdateCache(196)) - created volume:volume60309 for user:user19257
2023-09-23 10:03:36,340 [OM StateMachine ApplyTransaction Thread - 0] INFO  volume.OMVolumeCreateRequest (OMVolumeCreateRequest.java:validateAndUpdateCache(196)) - created volume:volume60309 for user:user19257
2023-09-23 10:03:36,350 [OM StateMachine ApplyTransaction Thread - 0] INFO  bucket.OMBucketCreateRequest (OMBucketCreateRequest.java:validateAndUpdateCache(270)) - created bucket: 5d157990-46ec-42ce-96cd-a82d3230a15d of layout OBJECT_STORE in volume: volume60309
2023-09-23 10:03:36,359 [OM StateMachine ApplyTransaction Thread - 0] INFO  bucket.OMBucketCreateRequest (OMBucketCreateRequest.java:validateAndUpdateCache(270)) - created bucket: 5d157990-46ec-42ce-96cd-a82d3230a15d of layout OBJECT_STORE in volume: volume60309
2023-09-23 10:03:36,362 [OM StateMachine ApplyTransaction Thread - 0] INFO  bucket.OMBucketCreateRequest (OMBucketCreateRequest.java:validateAndUpdateCache(270)) - created bucket: 5d157990-46ec-42ce-96cd-a82d3230a15d of layout OBJECT_STORE in volume: volume60309
2023-09-23 10:03:36,370 [main] INFO  rpc.RpcClient (RpcClient.java:createVolume(461)) - Creating Volume: volume-link-28318, with user41351 as owner and space quota set to -1 bytes, counts quota set to -1
2023-09-23 10:03:36,376 [OM StateMachine ApplyTransaction Thread - 0] INFO  volume.OMVolumeCreateRequest (OMVolumeCreateRequest.java:validateAndUpdateCache(196)) - created volume:volume-link-28318 for user:user41351
2023-09-23 10:03:36,381 [main] INFO  rpc.RpcClient (RpcClient.java:createBucket(688)) - Creating Bucket: volume-link-28318/0ae0fc5a-73e4-4d84-9448-4f63fe14e870, with server-side default bucket layout, runner as owner, Versioning false, Storage Type set to DISK and Encryption set to false, Replication Type set to server-side default replication type, Namespace Quota set to -1, Space Quota set to -1 
2023-09-23 10:03:36,385 [OM StateMachine ApplyTransaction Thread - 0] INFO  volume.OMVolumeCreateRequest (OMVolumeCreateRequest.java:validateAndUpdateCache(196)) - created volume:volume-link-28318 for user:user41351
2023-09-23 10:03:36,387 [OM StateMachine ApplyTransaction Thread - 0] INFO  volume.OMVolumeCreateRequest (OMVolumeCreateRequest.java:validateAndUpdateCache(196)) - created volume:volume-link-28318 for user:user41351
2023-09-23 10:03:36,397 [OM StateMachine ApplyTransaction Thread - 0] INFO  bucket.OMBucketCreateRequest (OMBucketCreateRequest.java:validateAndUpdateCache(270)) - created bucket: 0ae0fc5a-73e4-4d84-9448-4f63fe14e870 of layout OBJECT_STORE in volume: volume-link-28318
2023-09-23 10:03:36,407 [OM StateMachine ApplyTransaction Thread - 0] INFO  bucket.OMBucketCreateRequest (OMBucketCreateRequest.java:validateAndUpdateCache(270)) - created bucket: 0ae0fc5a-73e4-4d84-9448-4f63fe14e870 of layout OBJECT_STORE in volume: volume-link-28318
2023-09-23 10:03:36,407 [OM StateMachine ApplyTransaction Thread - 0] INFO  bucket.OMBucketCreateRequest (OMBucketCreateRequest.java:validateAndUpdateCache(270)) - created bucket: 0ae0fc5a-73e4-4d84-9448-4f63fe14e870 of layout OBJECT_STORE in volume: volume-link-28318
2023-09-23 10:03:36,446 [main] INFO  rpc.RpcClient (RpcClient.java:createVolume(461)) - Creating Volume: volume93729, with user72291 as owner and space quota set to -1 bytes, counts quota set to -1
2023-09-23 10:03:36,454 [OM StateMachine ApplyTransaction Thread - 0] INFO  volume.OMVolumeCreateRequest (OMVolumeCreateRequest.java:validateAndUpdateCache(196)) - created volume:volume93729 for user:user72291
2023-09-23 10:03:36,458 [main] INFO  rpc.RpcClient (RpcClient.java:createBucket(688)) - Creating Bucket: volume93729/1a079a10-6c6e-4ff9-9b82-bebfdb24f7dd, with server-side default bucket layout, runner as owner, Versioning false, Storage Type set to DISK and Encryption set to false, Replication Type set to server-side default replication type, Namespace Quota set to -1, Space Quota set to -1 
2023-09-23 10:03:36,462 [OM StateMachine ApplyTransaction Thread - 0] INFO  volume.OMVolumeCreateRequest (OMVolumeCreateRequest.java:validateAndUpdateCache(196)) - created volume:volume93729 for user:user72291
2023-09-23 10:03:36,464 [OM StateMachine ApplyTransaction Thread - 0] INFO  volume.OMVolumeCreateRequest (OMVolumeCreateRequest.java:validateAndUpdateCache(196)) - created volume:volume93729 for user:user72291
2023-09-23 10:03:36,473 [OM StateMachine ApplyTransaction Thread - 0] INFO  bucket.OMBucketCreateRequest (OMBucketCreateRequest.java:validateAndUpdateCache(270)) - created bucket: 1a079a10-6c6e-4ff9-9b82-bebfdb24f7dd of layout OBJECT_STORE in volume: volume93729
2023-09-23 10:03:36,482 [OM StateMachine ApplyTransaction Thread - 0] INFO  bucket.OMBucketCreateRequest (OMBucketCreateRequest.java:validateAndUpdateCache(270)) - created bucket: 1a079a10-6c6e-4ff9-9b82-bebfdb24f7dd of layout OBJECT_STORE in volume: volume93729
2023-09-23 10:03:36,486 [OM StateMachine ApplyTransaction Thread - 0] INFO  bucket.OMBucketCreateRequest (OMBucketCreateRequest.java:validateAndUpdateCache(270)) - created bucket: 1a079a10-6c6e-4ff9-9b82-bebfdb24f7dd of layout OBJECT_STORE in volume: volume93729
2023-09-23 10:03:36,505 [main] INFO  rpc.RpcClient (RpcClient.java:createVolume(461)) - Creating Volume: volume-link-68324, with user96468 as owner and space quota set to -1 bytes, counts quota set to -1
2023-09-23 10:03:36,512 [OM StateMachine ApplyTransaction Thread - 0] INFO  volume.OMVolumeCreateRequest (OMVolumeCreateRequest.java:validateAndUpdateCache(196)) - created volume:volume-link-68324 for user:user96468
2023-09-23 10:03:36,516 [main] INFO  rpc.RpcClient (RpcClient.java:createBucket(688)) - Creating Bucket: volume-link-68324/ea68df73-32ab-416e-abb2-618dd0e402ce, with server-side default bucket layout, runner as owner, Versioning false, Storage Type set to DISK and Encryption set to false, Replication Type set to server-side default replication type, Namespace Quota set to -1, Space Quota set to -1 
2023-09-23 10:03:36,521 [OM StateMachine ApplyTransaction Thread - 0] INFO  volume.OMVolumeCreateRequest (OMVolumeCreateRequest.java:validateAndUpdateCache(196)) - created volume:volume-link-68324 for user:user96468
2023-09-23 10:03:36,521 [OM StateMachine ApplyTransaction Thread - 0] INFO  volume.OMVolumeCreateRequest (OMVolumeCreateRequest.java:validateAndUpdateCache(196)) - created volume:volume-link-68324 for user:user96468
2023-09-23 10:03:36,533 [OM StateMachine ApplyTransaction Thread - 0] INFO  bucket.OMBucketCreateRequest (OMBucketCreateRequest.java:validateAndUpdateCache(270)) - created bucket: ea68df73-32ab-416e-abb2-618dd0e402ce of layout OBJECT_STORE in volume: volume-link-68324
2023-09-23 10:03:36,542 [OM StateMachine ApplyTransaction Thread - 0] INFO  bucket.OMBucketCreateRequest (OMBucketCreateRequest.java:validateAndUpdateCache(270)) - created bucket: ea68df73-32ab-416e-abb2-618dd0e402ce of layout OBJECT_STORE in volume: volume-link-68324
2023-09-23 10:03:36,545 [OM StateMachine ApplyTransaction Thread - 0] INFO  bucket.OMBucketCreateRequest (OMBucketCreateRequest.java:validateAndUpdateCache(270)) - created bucket: ea68df73-32ab-416e-abb2-618dd0e402ce of layout OBJECT_STORE in volume: volume-link-68324
2023-09-23 10:03:36,584 [main] INFO  rpc.RpcClient (RpcClient.java:createVolume(461)) - Creating Volume: volume31228, with user36438 as owner and space quota set to -1 bytes, counts quota set to -1
2023-09-23 10:03:36,592 [OM StateMachine ApplyTransaction Thread - 0] INFO  volume.OMVolumeCreateRequest (OMVolumeCreateRequest.java:validateAndUpdateCache(196)) - created volume:volume31228 for user:user36438
2023-09-23 10:03:36,594 [main] INFO  rpc.RpcClient (RpcClient.java:createBucket(688)) - Creating Bucket: volume31228/0c22a8c4-74a9-42de-be74-f18b1c1f84fb, with server-side default bucket layout, runner as owner, Versioning false, Storage Type set to DISK and Encryption set to false, Replication Type set to server-side default replication type, Namespace Quota set to -1, Space Quota set to -1 
2023-09-23 10:03:36,601 [OM StateMachine ApplyTransaction Thread - 0] INFO  volume.OMVolumeCreateRequest (OMVolumeCreateRequest.java:validateAndUpdateCache(196)) - created volume:volume31228 for user:user36438
2023-09-23 10:03:36,601 [OM StateMachine ApplyTransaction Thread - 0] INFO  volume.OMVolumeCreateRequest (OMVolumeCreateRequest.java:validateAndUpdateCache(196)) - created volume:volume31228 for user:user36438
2023-09-23 10:03:36,612 [OM StateMachine ApplyTransaction Thread - 0] INFO  bucket.OMBucketCreateRequest (OMBucketCreateRequest.java:validateAndUpdateCache(270)) - created bucket: 0c22a8c4-74a9-42de-be74-f18b1c1f84fb of layout OBJECT_STORE in volume: volume31228
2023-09-23 10:03:36,622 [OM StateMachine ApplyTransaction Thread - 0] INFO  bucket.OMBucketCreateRequest (OMBucketCreateRequest.java:validateAndUpdateCache(270)) - created bucket: 0c22a8c4-74a9-42de-be74-f18b1c1f84fb of layout OBJECT_STORE in volume: volume31228
2023-09-23 10:03:36,624 [OM StateMachine ApplyTransaction Thread - 0] INFO  bucket.OMBucketCreateRequest (OMBucketCreateRequest.java:validateAndUpdateCache(270)) - created bucket: 0c22a8c4-74a9-42de-be74-f18b1c1f84fb of layout OBJECT_STORE in volume: volume31228
2023-09-23 10:03:36,634 [main] INFO  rpc.RpcClient (RpcClient.java:createVolume(461)) - Creating Volume: volume-link-93974, with user77847 as owner and space quota set to -1 bytes, counts quota set to -1
2023-09-23 10:03:36,640 [OM StateMachine ApplyTransaction Thread - 0] INFO  volume.OMVolumeCreateRequest (OMVolumeCreateRequest.java:validateAndUpdateCache(196)) - created volume:volume-link-93974 for user:user77847
2023-09-23 10:03:36,644 [main] INFO  rpc.RpcClient (RpcClient.java:createBucket(688)) - Creating Bucket: volume-link-93974/59ff3c78-bdfc-4948-8c44-730f340ae448, with server-side default bucket layout, runner as owner, Versioning false, Storage Type set to DISK and Encryption set to false, Replication Type set to server-side default replication type, Namespace Quota set to -1, Space Quota set to -1 
2023-09-23 10:03:36,651 [OM StateMachine ApplyTransaction Thread - 0] INFO  volume.OMVolumeCreateRequest (OMVolumeCreateRequest.java:validateAndUpdateCache(196)) - created volume:volume-link-93974 for user:user77847
2023-09-23 10:03:36,653 [OM StateMachine ApplyTransaction Thread - 0] INFO  volume.OMVolumeCreateRequest (OMVolumeCreateRequest.java:validateAndUpdateCache(196)) - created volume:volume-link-93974 for user:user77847
2023-09-23 10:03:36,665 [OM StateMachine ApplyTransaction Thread - 0] INFO  bucket.OMBucketCreateRequest (OMBucketCreateRequest.java:validateAndUpdateCache(270)) - created bucket: 59ff3c78-bdfc-4948-8c44-730f340ae448 of layout OBJECT_STORE in volume: volume-link-93974
2023-09-23 10:03:36,672 [OM StateMachine ApplyTransaction Thread - 0] INFO  bucket.OMBucketCreateRequest (OMBucketCreateRequest.java:validateAndUpdateCache(270)) - created bucket: 59ff3c78-bdfc-4948-8c44-730f340ae448 of layout OBJECT_STORE in volume: volume-link-93974
2023-09-23 10:03:36,673 [OM StateMachine ApplyTransaction Thread - 0] INFO  bucket.OMBucketCreateRequest (OMBucketCreateRequest.java:validateAndUpdateCache(270)) - created bucket: 59ff3c78-bdfc-4948-8c44-730f340ae448 of layout OBJECT_STORE in volume: volume-link-93974
2023-09-23 10:03:36,721 [omNode-1@group-523986131536-StateMachineUpdater] INFO  ratis.OzoneManagerStateMachine (OzoneManagerStateMachine.java:takeSnapshot(480)) - Current Snapshot Index (t:1, i:150)
2023-09-23 10:03:36,743 [main] INFO  rpc.RpcClient (RpcClient.java:createVolume(461)) - Creating Volume: volume49735, with user39935 as owner and space quota set to -1 bytes, counts quota set to -1
2023-09-23 10:03:36,749 [omNode-3@group-523986131536-StateMachineUpdater] INFO  ratis.OzoneManagerStateMachine (OzoneManagerStateMachine.java:takeSnapshot(480)) - Current Snapshot Index (t:1, i:150)
2023-09-23 10:03:36,750 [omNode-1@group-523986131536-StateMachineUpdater] INFO  impl.StateMachineUpdater (StateMachineUpdater.java:takeSnapshot(291)) - omNode-1@group-523986131536-StateMachineUpdater: Took a snapshot at index 150
2023-09-23 10:03:36,750 [omNode-1@group-523986131536-StateMachineUpdater] INFO  impl.StateMachineUpdater (StateMachineUpdater.java:lambda$new$0(97)) - omNode-1@group-523986131536-StateMachineUpdater: snapshotIndex: updateIncreasingly 100 -> 150
2023-09-23 10:03:36,750 [omNode-1@group-523986131536-StateMachineUpdater] INFO  raftlog.RaftLog (RaftLogBase.java:purge(314)) - omNode-1@group-523986131536-SegmentedRaftLog: purge 150
2023-09-23 10:03:36,750 [omNode-1@group-523986131536-StateMachineUpdater] INFO  raftlog.RaftLog (RaftLogBase.java:lambda$new$0(53)) - omNode-1@group-523986131536-SegmentedRaftLog: snapshotIndex: updateIncreasingly 100 -> 150
2023-09-23 10:03:36,750 [omNode-1@group-523986131536-StateMachineUpdater] INFO  raftlog.RaftLog (RaftLogBase.java:lambda$new$0(53)) - omNode-1@group-523986131536-SegmentedRaftLog: purgeIndex: updateToMax old=100, new=150, updated? true
2023-09-23 10:03:36,751 [OM StateMachine ApplyTransaction Thread - 0] INFO  volume.OMVolumeCreateRequest (OMVolumeCreateRequest.java:validateAndUpdateCache(196)) - created volume:volume49735 for user:user39935
2023-09-23 10:03:36,754 [main] INFO  rpc.RpcClient (RpcClient.java:createBucket(688)) - Creating Bucket: volume49735/31e8c6a9-c63d-419f-b950-6dab22738424, with server-side default bucket layout, runner as owner, Versioning false, Storage Type set to DISK and Encryption set to false, Replication Type set to server-side default replication type, Namespace Quota set to -1, Space Quota set to -1 
2023-09-23 10:03:36,760 [OM StateMachine ApplyTransaction Thread - 0] INFO  volume.OMVolumeCreateRequest (OMVolumeCreateRequest.java:validateAndUpdateCache(196)) - created volume:volume49735 for user:user39935
2023-09-23 10:03:36,774 [omNode-2@group-523986131536-StateMachineUpdater] INFO  ratis.OzoneManagerStateMachine (OzoneManagerStateMachine.java:takeSnapshot(480)) - Current Snapshot Index (t:1, i:152)
2023-09-23 10:03:36,775 [OM StateMachine ApplyTransaction Thread - 0] INFO  bucket.OMBucketCreateRequest (OMBucketCreateRequest.java:validateAndUpdateCache(270)) - created bucket: 31e8c6a9-c63d-419f-b950-6dab22738424 of layout OBJECT_STORE in volume: volume49735
2023-09-23 10:03:36,817 [main] INFO  rpc.RpcClient (RpcClient.java:createVolume(461)) - Creating Volume: volume-link-82223, with user15133 as owner and space quota set to -1 bytes, counts quota set to -1
2023-09-23 10:03:36,832 [OM StateMachine ApplyTransaction Thread - 0] INFO  volume.OMVolumeCreateRequest (OMVolumeCreateRequest.java:validateAndUpdateCache(196)) - created volume:volume-link-82223 for user:user15133
2023-09-23 10:03:36,835 [omNode-3@group-523986131536-StateMachineUpdater] INFO  impl.StateMachineUpdater (StateMachineUpdater.java:takeSnapshot(291)) - omNode-3@group-523986131536-StateMachineUpdater: Took a snapshot at index 150
2023-09-23 10:03:36,835 [omNode-3@group-523986131536-StateMachineUpdater] INFO  impl.StateMachineUpdater (StateMachineUpdater.java:lambda$new$0(97)) - omNode-3@group-523986131536-StateMachineUpdater: snapshotIndex: updateIncreasingly 100 -> 150
2023-09-23 10:03:36,835 [omNode-3@group-523986131536-StateMachineUpdater] INFO  raftlog.RaftLog (RaftLogBase.java:purge(314)) - omNode-3@group-523986131536-SegmentedRaftLog: purge 150
2023-09-23 10:03:36,835 [omNode-3@group-523986131536-StateMachineUpdater] INFO  raftlog.RaftLog (RaftLogBase.java:lambda$new$0(53)) - omNode-3@group-523986131536-SegmentedRaftLog: snapshotIndex: updateIncreasingly 100 -> 150
2023-09-23 10:03:36,835 [omNode-3@group-523986131536-StateMachineUpdater] INFO  raftlog.RaftLog (RaftLogBase.java:lambda$new$0(53)) - omNode-3@group-523986131536-SegmentedRaftLog: purgeIndex: updateToMax old=100, new=150, updated? true
2023-09-23 10:03:36,836 [OM StateMachine ApplyTransaction Thread - 0] INFO  volume.OMVolumeCreateRequest (OMVolumeCreateRequest.java:validateAndUpdateCache(196)) - created volume:volume49735 for user:user39935
2023-09-23 10:03:36,837 [main] INFO  rpc.RpcClient (RpcClient.java:createBucket(688)) - Creating Bucket: volume-link-82223/3e1b7c6c-de1c-40be-a618-ca6b5133b24d, with server-side default bucket layout, runner as owner, Versioning false, Storage Type set to DISK and Encryption set to false, Replication Type set to server-side default replication type, Namespace Quota set to -1, Space Quota set to -1 
2023-09-23 10:03:36,838 [OM StateMachine ApplyTransaction Thread - 0] INFO  bucket.OMBucketCreateRequest (OMBucketCreateRequest.java:validateAndUpdateCache(270)) - created bucket: 31e8c6a9-c63d-419f-b950-6dab22738424 of layout OBJECT_STORE in volume: volume49735
2023-09-23 10:03:36,843 [OM StateMachine ApplyTransaction Thread - 0] INFO  volume.OMVolumeCreateRequest (OMVolumeCreateRequest.java:validateAndUpdateCache(196)) - created volume:volume-link-82223 for user:user15133
2023-09-23 10:03:36,850 [OM StateMachine ApplyTransaction Thread - 0] INFO  bucket.OMBucketCreateRequest (OMBucketCreateRequest.java:validateAndUpdateCache(270)) - created bucket: 3e1b7c6c-de1c-40be-a618-ca6b5133b24d of layout OBJECT_STORE in volume: volume-link-82223
2023-09-23 10:03:36,860 [omNode-2@group-523986131536-StateMachineUpdater] INFO  impl.StateMachineUpdater (StateMachineUpdater.java:takeSnapshot(291)) - omNode-2@group-523986131536-StateMachineUpdater: Took a snapshot at index 152
2023-09-23 10:03:36,860 [omNode-2@group-523986131536-StateMachineUpdater] INFO  impl.StateMachineUpdater (StateMachineUpdater.java:lambda$new$0(97)) - omNode-2@group-523986131536-StateMachineUpdater: snapshotIndex: updateIncreasingly 102 -> 152
2023-09-23 10:03:36,860 [omNode-2@group-523986131536-StateMachineUpdater] INFO  raftlog.RaftLog (RaftLogBase.java:purge(314)) - omNode-2@group-523986131536-SegmentedRaftLog: purge 152
2023-09-23 10:03:36,860 [omNode-2@group-523986131536-StateMachineUpdater] INFO  raftlog.RaftLog (RaftLogBase.java:lambda$new$0(53)) - omNode-2@group-523986131536-SegmentedRaftLog: snapshotIndex: updateIncreasingly 102 -> 152
2023-09-23 10:03:36,860 [omNode-2@group-523986131536-StateMachineUpdater] INFO  raftlog.RaftLog (RaftLogBase.java:lambda$new$0(53)) - omNode-2@group-523986131536-SegmentedRaftLog: purgeIndex: updateToMax old=102, new=152, updated? true
2023-09-23 10:03:36,861 [OM StateMachine ApplyTransaction Thread - 0] INFO  bucket.OMBucketCreateRequest (OMBucketCreateRequest.java:validateAndUpdateCache(270)) - created bucket: 31e8c6a9-c63d-419f-b950-6dab22738424 of layout OBJECT_STORE in volume: volume49735
2023-09-23 10:03:36,861 [OM StateMachine ApplyTransaction Thread - 0] INFO  volume.OMVolumeCreateRequest (OMVolumeCreateRequest.java:validateAndUpdateCache(196)) - created volume:volume-link-82223 for user:user15133
2023-09-23 10:03:36,862 [OM StateMachine ApplyTransaction Thread - 0] INFO  bucket.OMBucketCreateRequest (OMBucketCreateRequest.java:validateAndUpdateCache(270)) - created bucket: 3e1b7c6c-de1c-40be-a618-ca6b5133b24d of layout OBJECT_STORE in volume: volume-link-82223
2023-09-23 10:03:36,863 [OM StateMachine ApplyTransaction Thread - 0] INFO  bucket.OMBucketCreateRequest (OMBucketCreateRequest.java:validateAndUpdateCache(270)) - created bucket: 3e1b7c6c-de1c-40be-a618-ca6b5133b24d of layout OBJECT_STORE in volume: volume-link-82223
2023-09-23 10:03:37,098 [main] INFO  rpc.RpcClient (RpcClient.java:createVolume(461)) - Creating Volume: volume42269, with user42896 as owner and space quota set to -1 bytes, counts quota set to -1
2023-09-23 10:03:37,104 [OM StateMachine ApplyTransaction Thread - 0] INFO  volume.OMVolumeCreateRequest (OMVolumeCreateRequest.java:validateAndUpdateCache(196)) - created volume:volume42269 for user:user42896
2023-09-23 10:03:37,108 [main] INFO  rpc.RpcClient (RpcClient.java:createBucket(688)) - Creating Bucket: volume42269/114b2be6-2868-430f-af7c-2e1af8c539d5, with server-side default bucket layout, runner as owner, Versioning false, Storage Type set to DISK and Encryption set to false, Replication Type set to server-side default replication type, Namespace Quota set to -1, Space Quota set to -1 
2023-09-23 10:03:37,114 [OM StateMachine ApplyTransaction Thread - 0] INFO  volume.OMVolumeCreateRequest (OMVolumeCreateRequest.java:validateAndUpdateCache(196)) - created volume:volume42269 for user:user42896
2023-09-23 10:03:37,114 [OM StateMachine ApplyTransaction Thread - 0] INFO  volume.OMVolumeCreateRequest (OMVolumeCreateRequest.java:validateAndUpdateCache(196)) - created volume:volume42269 for user:user42896
2023-09-23 10:03:37,126 [OM StateMachine ApplyTransaction Thread - 0] INFO  bucket.OMBucketCreateRequest (OMBucketCreateRequest.java:validateAndUpdateCache(270)) - created bucket: 114b2be6-2868-430f-af7c-2e1af8c539d5 of layout OBJECT_STORE in volume: volume42269
2023-09-23 10:03:37,135 [OM StateMachine ApplyTransaction Thread - 0] INFO  bucket.OMBucketCreateRequest (OMBucketCreateRequest.java:validateAndUpdateCache(270)) - created bucket: 114b2be6-2868-430f-af7c-2e1af8c539d5 of layout OBJECT_STORE in volume: volume42269
2023-09-23 10:03:37,139 [OM StateMachine ApplyTransaction Thread - 0] INFO  bucket.OMBucketCreateRequest (OMBucketCreateRequest.java:validateAndUpdateCache(270)) - created bucket: 114b2be6-2868-430f-af7c-2e1af8c539d5 of layout OBJECT_STORE in volume: volume42269
2023-09-23 10:03:37,150 [main] INFO  rpc.RpcClient (RpcClient.java:createVolume(461)) - Creating Volume: volume-link-33612, with user38366 as owner and space quota set to -1 bytes, counts quota set to -1
2023-09-23 10:03:37,155 [OM StateMachine ApplyTransaction Thread - 0] INFO  volume.OMVolumeCreateRequest (OMVolumeCreateRequest.java:validateAndUpdateCache(196)) - created volume:volume-link-33612 for user:user38366
2023-09-23 10:03:37,157 [main] INFO  rpc.RpcClient (RpcClient.java:createBucket(688)) - Creating Bucket: volume-link-33612/9d217da5-306d-47e4-9abb-6f59375a459c, with server-side default bucket layout, runner as owner, Versioning false, Storage Type set to DISK and Encryption set to false, Replication Type set to server-side default replication type, Namespace Quota set to -1, Space Quota set to -1 
2023-09-23 10:03:37,165 [OM StateMachine ApplyTransaction Thread - 0] INFO  volume.OMVolumeCreateRequest (OMVolumeCreateRequest.java:validateAndUpdateCache(196)) - created volume:volume-link-33612 for user:user38366
2023-09-23 10:03:37,166 [OM StateMachine ApplyTransaction Thread - 0] INFO  volume.OMVolumeCreateRequest (OMVolumeCreateRequest.java:validateAndUpdateCache(196)) - created volume:volume-link-33612 for user:user38366
2023-09-23 10:03:37,177 [OM StateMachine ApplyTransaction Thread - 0] INFO  bucket.OMBucketCreateRequest (OMBucketCreateRequest.java:validateAndUpdateCache(270)) - created bucket: 9d217da5-306d-47e4-9abb-6f59375a459c of layout OBJECT_STORE in volume: volume-link-33612
2023-09-23 10:03:37,187 [OM StateMachine ApplyTransaction Thread - 0] INFO  bucket.OMBucketCreateRequest (OMBucketCreateRequest.java:validateAndUpdateCache(270)) - created bucket: 9d217da5-306d-47e4-9abb-6f59375a459c of layout OBJECT_STORE in volume: volume-link-33612
2023-09-23 10:03:37,189 [OM StateMachine ApplyTransaction Thread - 0] INFO  bucket.OMBucketCreateRequest (OMBucketCreateRequest.java:validateAndUpdateCache(270)) - created bucket: 9d217da5-306d-47e4-9abb-6f59375a459c of layout OBJECT_STORE in volume: volume-link-33612
2023-09-23 10:03:37,247 [omNode-3@group-523986131536-FollowerState] INFO  server.RaftServerConfigKeys (ConfUtils.java:logFallback(53)) - raft.server.rpc.first-election.timeout.min = 1s (fallback to raft.server.rpc.timeout.min)
2023-09-23 10:03:37,247 [omNode-3@group-523986131536-FollowerState] INFO  server.RaftServerConfigKeys (ConfUtils.java:logFallback(53)) - raft.server.rpc.first-election.timeout.max = 1200ms (fallback to raft.server.rpc.timeout.max)
2023-09-23 10:03:37,397 [main] INFO  rpc.RpcClient (RpcClient.java:createVolume(461)) - Creating Volume: volume31228, with user00648 as owner and space quota set to -1 bytes, counts quota set to -1
2023-09-23 10:03:37,413 [omNode-1@group-523986131536-StateMachineUpdater] INFO  ratis.OzoneManagerStateMachine (OzoneManagerStateMachine.java:takeSnapshot(480)) - Current Snapshot Index (t:1, i:200)
10:03:37.412 [OM StateMachine ApplyTransaction Thread - 0] ERROR OMAudit - user=runner | ip=127.0.0.1 | op=CREATE_VOLUME {admin=admin89943, owner=user00648, volume=volume31228, creationTime=1695463417398, modificationTime=1695463417398, quotaInBytes=-1, quotaInNamespace=-1, usedNamespace=0, objectID=-9223372036854724864, updateID=199} | ret=FAILURE
org.apache.hadoop.ozone.om.exceptions.OMException: Volume already exists
	at org.apache.hadoop.ozone.om.request.volume.OMVolumeCreateRequest.validateAndUpdateCache(OMVolumeCreateRequest.java:154) ~[ozone-manager-1.4.0-SNAPSHOT.jar:?]
	at org.apache.hadoop.ozone.protocolPB.OzoneManagerRequestHandler.handleWriteRequest(OzoneManagerRequestHandler.java:373) ~[ozone-manager-1.4.0-SNAPSHOT.jar:?]
	at org.apache.hadoop.ozone.om.ratis.OzoneManagerStateMachine.runCommand(OzoneManagerStateMachine.java:568) ~[ozone-manager-1.4.0-SNAPSHOT.jar:?]
	at org.apache.hadoop.ozone.om.ratis.OzoneManagerStateMachine.lambda$1(OzoneManagerStateMachine.java:359) ~[ozone-manager-1.4.0-SNAPSHOT.jar:?]
	at java.util.concurrent.CompletableFuture$AsyncSupply.run(CompletableFuture.java:1604) [?:1.8.0_382]
	at java.util.concurrent.ThreadPoolExecutor.runWorker(ThreadPoolExecutor.java:1149) [?:1.8.0_382]
	at java.util.concurrent.ThreadPoolExecutor$Worker.run(ThreadPoolExecutor.java:624) [?:1.8.0_382]
	at java.lang.Thread.run(Thread.java:750) [?:1.8.0_382]
10:03:37.412 [OM StateMachine ApplyTransaction Thread - 0] ERROR OMAudit - user=runner | ip=127.0.0.1 | op=CREATE_VOLUME {admin=admin89943, owner=user00648, volume=volume31228, creationTime=1695463417398, modificationTime=1695463417398, quotaInBytes=-1, quotaInNamespace=-1, usedNamespace=0, objectID=-9223372036854724864, updateID=199} | ret=FAILURE
org.apache.hadoop.ozone.om.exceptions.OMException: Volume already exists
	at org.apache.hadoop.ozone.om.request.volume.OMVolumeCreateRequest.validateAndUpdateCache(OMVolumeCreateRequest.java:154) ~[ozone-manager-1.4.0-SNAPSHOT.jar:?]
	at org.apache.hadoop.ozone.protocolPB.OzoneManagerRequestHandler.handleWriteRequest(OzoneManagerRequestHandler.java:373) ~[ozone-manager-1.4.0-SNAPSHOT.jar:?]
	at org.apache.hadoop.ozone.om.ratis.OzoneManagerStateMachine.runCommand(OzoneManagerStateMachine.java:568) ~[ozone-manager-1.4.0-SNAPSHOT.jar:?]
	at org.apache.hadoop.ozone.om.ratis.OzoneManagerStateMachine.lambda$1(OzoneManagerStateMachine.java:359) ~[ozone-manager-1.4.0-SNAPSHOT.jar:?]
	at java.util.concurrent.CompletableFuture$AsyncSupply.run(CompletableFuture.java:1604) [?:1.8.0_382]
	at java.util.concurrent.ThreadPoolExecutor.runWorker(ThreadPoolExecutor.java:1149) [?:1.8.0_382]
	at java.util.concurrent.ThreadPoolExecutor$Worker.run(ThreadPoolExecutor.java:624) [?:1.8.0_382]
	at java.lang.Thread.run(Thread.java:750) [?:1.8.0_382]
10:03:37.406 [OM StateMachine ApplyTransaction Thread - 0] ERROR OMAudit - user=runner | ip=127.0.0.1 | op=CREATE_VOLUME {admin=admin89943, owner=user00648, volume=volume31228, creationTime=1695463417398, modificationTime=1695463417398, quotaInBytes=-1, quotaInNamespace=-1, usedNamespace=0, objectID=-9223372036854724864, updateID=199} | ret=FAILURE
org.apache.hadoop.ozone.om.exceptions.OMException: Volume already exists
	at org.apache.hadoop.ozone.om.request.volume.OMVolumeCreateRequest.validateAndUpdateCache(OMVolumeCreateRequest.java:154) ~[ozone-manager-1.4.0-SNAPSHOT.jar:?]
	at org.apache.hadoop.ozone.protocolPB.OzoneManagerRequestHandler.handleWriteRequest(OzoneManagerRequestHandler.java:373) ~[ozone-manager-1.4.0-SNAPSHOT.jar:?]
	at org.apache.hadoop.ozone.om.ratis.OzoneManagerStateMachine.runCommand(OzoneManagerStateMachine.java:568) ~[ozone-manager-1.4.0-SNAPSHOT.jar:?]
	at org.apache.hadoop.ozone.om.ratis.OzoneManagerStateMachine.lambda$1(OzoneManagerStateMachine.java:359) ~[ozone-manager-1.4.0-SNAPSHOT.jar:?]
	at java.util.concurrent.CompletableFuture$AsyncSupply.run(CompletableFuture.java:1604) [?:1.8.0_382]
	at java.util.concurrent.ThreadPoolExecutor.runWorker(ThreadPoolExecutor.java:1149) [?:1.8.0_382]
	at java.util.concurrent.ThreadPoolExecutor$Worker.run(ThreadPoolExecutor.java:624) [?:1.8.0_382]
	at java.lang.Thread.run(Thread.java:750) [?:1.8.0_382]
2023-09-23 10:03:37,425 [OM StateMachine ApplyTransaction Thread - 0] ERROR volume.OMVolumeCreateRequest (OMVolumeCreateRequest.java:validateAndUpdateCache(199)) - Volume creation failed for user:user00648 volume:volume31228
VOLUME_ALREADY_EXISTS org.apache.hadoop.ozone.om.exceptions.OMException: Volume already exists
	at org.apache.hadoop.ozone.om.request.volume.OMVolumeCreateRequest.validateAndUpdateCache(OMVolumeCreateRequest.java:154)
	at org.apache.hadoop.ozone.protocolPB.OzoneManagerRequestHandler.handleWriteRequest(OzoneManagerRequestHandler.java:373)
	at org.apache.hadoop.ozone.om.ratis.OzoneManagerStateMachine.runCommand(OzoneManagerStateMachine.java:568)
	at org.apache.hadoop.ozone.om.ratis.OzoneManagerStateMachine.lambda$1(OzoneManagerStateMachine.java:359)
	at java.util.concurrent.CompletableFuture$AsyncSupply.run(CompletableFuture.java:1604)
	at java.util.concurrent.ThreadPoolExecutor.runWorker(ThreadPoolExecutor.java:1149)
	at java.util.concurrent.ThreadPoolExecutor$Worker.run(ThreadPoolExecutor.java:624)
	at java.lang.Thread.run(Thread.java:750)
2023-09-23 10:03:37,428 [OM StateMachine ApplyTransaction Thread - 0] ERROR volume.OMVolumeCreateRequest (OMVolumeCreateRequest.java:validateAndUpdateCache(199)) - Volume creation failed for user:user00648 volume:volume31228
VOLUME_ALREADY_EXISTS org.apache.hadoop.ozone.om.exceptions.OMException: Volume already exists
	at org.apache.hadoop.ozone.om.request.volume.OMVolumeCreateRequest.validateAndUpdateCache(OMVolumeCreateRequest.java:154)
	at org.apache.hadoop.ozone.protocolPB.OzoneManagerRequestHandler.handleWriteRequest(OzoneManagerRequestHandler.java:373)
	at org.apache.hadoop.ozone.om.ratis.OzoneManagerStateMachine.runCommand(OzoneManagerStateMachine.java:568)
	at org.apache.hadoop.ozone.om.ratis.OzoneManagerStateMachine.lambda$1(OzoneManagerStateMachine.java:359)
	at java.util.concurrent.CompletableFuture$AsyncSupply.run(CompletableFuture.java:1604)
	at java.util.concurrent.ThreadPoolExecutor.runWorker(ThreadPoolExecutor.java:1149)
	at java.util.concurrent.ThreadPoolExecutor$Worker.run(ThreadPoolExecutor.java:624)
	at java.lang.Thread.run(Thread.java:750)
2023-09-23 10:03:37,428 [OM StateMachine ApplyTransaction Thread - 0] ERROR volume.OMVolumeCreateRequest (OMVolumeCreateRequest.java:validateAndUpdateCache(199)) - Volume creation failed for user:user00648 volume:volume31228
VOLUME_ALREADY_EXISTS org.apache.hadoop.ozone.om.exceptions.OMException: Volume already exists
	at org.apache.hadoop.ozone.om.request.volume.OMVolumeCreateRequest.validateAndUpdateCache(OMVolumeCreateRequest.java:154)
	at org.apache.hadoop.ozone.protocolPB.OzoneManagerRequestHandler.handleWriteRequest(OzoneManagerRequestHandler.java:373)
	at org.apache.hadoop.ozone.om.ratis.OzoneManagerStateMachine.runCommand(OzoneManagerStateMachine.java:568)
	at org.apache.hadoop.ozone.om.ratis.OzoneManagerStateMachine.lambda$1(OzoneManagerStateMachine.java:359)
	at java.util.concurrent.CompletableFuture$AsyncSupply.run(CompletableFuture.java:1604)
	at java.util.concurrent.ThreadPoolExecutor.runWorker(ThreadPoolExecutor.java:1149)
	at java.util.concurrent.ThreadPoolExecutor$Worker.run(ThreadPoolExecutor.java:624)
	at java.lang.Thread.run(Thread.java:750)
2023-09-23 10:03:37,441 [main] INFO  om.OzoneManager (OzoneManager.java:stop(2207)) - omNode-3[localhost:15012]: Stopping Ozone Manager
2023-09-23 10:03:37,442 [main] INFO  ipc.Server (Server.java:stop(3523)) - Stopping server on 15012
2023-09-23 10:03:37,458 [IPC Server listener on 15012] INFO  ipc.Server (Server.java:run(1434)) - Stopping IPC Server listener on 15012
2023-09-23 10:03:37,459 [IPC Server Responder] INFO  ipc.Server (Server.java:run(1567)) - Stopping IPC Server Responder
2023-09-23 10:03:37,463 [Thread-1194] INFO  rocksdiff.RocksDBCheckpointDiffer (RocksDBCheckpointDiffer.java:onCompactionCompleted(544)) - Skipped the compaction entry. Compaction input files: [/home/runner/work/ozone/ozone/hadoop-ozone/integration-test/target/test-dir/MiniOzoneClusterImpl-221a8c4e-c666-4dc9-898e-ead2ee9f568a/omNode-1/om.db/000077.sst, /home/runner/work/ozone/ozone/hadoop-ozone/integration-test/target/test-dir/MiniOzoneClusterImpl-221a8c4e-c666-4dc9-898e-ead2ee9f568a/omNode-1/om.db/000071.sst, /home/runner/work/ozone/ozone/hadoop-ozone/integration-test/target/test-dir/MiniOzoneClusterImpl-221a8c4e-c666-4dc9-898e-ead2ee9f568a/omNode-1/om.db/000063.sst, /home/runner/work/ozone/ozone/hadoop-ozone/integration-test/target/test-dir/MiniOzoneClusterImpl-221a8c4e-c666-4dc9-898e-ead2ee9f568a/omNode-1/om.db/000055.sst] and output files: [/home/runner/work/ozone/ozone/hadoop-ozone/integration-test/target/test-dir/MiniOzoneClusterImpl-221a8c4e-c666-4dc9-898e-ead2ee9f568a/omNode-1/om.db/000077.sst, /home/runner/work/ozone/ozone/hadoop-ozone/integration-test/target/test-dir/MiniOzoneClusterImpl-221a8c4e-c666-4dc9-898e-ead2ee9f568a/omNode-1/om.db/000071.sst, /home/runner/work/ozone/ozone/hadoop-ozone/integration-test/target/test-dir/MiniOzoneClusterImpl-221a8c4e-c666-4dc9-898e-ead2ee9f568a/omNode-1/om.db/000063.sst, /home/runner/work/ozone/ozone/hadoop-ozone/integration-test/target/test-dir/MiniOzoneClusterImpl-221a8c4e-c666-4dc9-898e-ead2ee9f568a/omNode-1/om.db/000055.sst] are same.
2023-09-23 10:03:37,464 [main] INFO  server.RaftServer (RaftServerProxy.java:lambda$close$6(416)) - omNode-3: close
2023-09-23 10:03:37,465 [omNode-3-impl-thread1] INFO  server.RaftServer$Division (RaftServerImpl.java:lambda$close$4(466)) - omNode-3@group-523986131536: shutdown
2023-09-23 10:03:37,465 [omNode-3-impl-thread1] INFO  util.JmxRegister (JmxRegister.java:unregister(73)) - Successfully un-registered JMX Bean with object name Ratis:service=RaftServer,group=group-523986131536,id=omNode-3
2023-09-23 10:03:37,465 [omNode-3-impl-thread1] INFO  impl.RoleInfo (RoleInfo.java:shutdownFollowerState(110)) - omNode-3: shutdown omNode-3@group-523986131536-FollowerState
2023-09-23 10:03:37,465 [omNode-3-impl-thread1] INFO  impl.StateMachineUpdater (StateMachineUpdater.java:stopAndJoin(155)) - omNode-3@group-523986131536-StateMachineUpdater: set stopIndex = 199
2023-09-23 10:03:37,465 [omNode-3@group-523986131536-FollowerState] INFO  impl.FollowerState (FollowerState.java:run(152)) - omNode-3@group-523986131536-FollowerState was interrupted
2023-09-23 10:03:37,466 [omNode-3@group-523986131536-StateMachineUpdater] INFO  ratis.OzoneManagerStateMachine (OzoneManagerStateMachine.java:takeSnapshot(480)) - Current Snapshot Index (t:1, i:199)
2023-09-23 10:03:37,467 [main] INFO  server.GrpcService (GrpcService.java:closeImpl(311)) - omNode-3: shutdown server GrpcServerProtocolService now
2023-09-23 10:03:37,473 [omNode-1@group-523986131536-StateMachineUpdater] INFO  impl.StateMachineUpdater (StateMachineUpdater.java:takeSnapshot(291)) - omNode-1@group-523986131536-StateMachineUpdater: Took a snapshot at index 200
2023-09-23 10:03:37,473 [omNode-1@group-523986131536-StateMachineUpdater] INFO  impl.StateMachineUpdater (StateMachineUpdater.java:lambda$new$0(97)) - omNode-1@group-523986131536-StateMachineUpdater: snapshotIndex: updateIncreasingly 150 -> 200
2023-09-23 10:03:37,473 [omNode-1@group-523986131536-StateMachineUpdater] INFO  raftlog.RaftLog (RaftLogBase.java:purge(314)) - omNode-1@group-523986131536-SegmentedRaftLog: purge 200
2023-09-23 10:03:37,473 [omNode-1@group-523986131536-StateMachineUpdater] INFO  raftlog.RaftLog (RaftLogBase.java:lambda$new$0(53)) - omNode-1@group-523986131536-SegmentedRaftLog: snapshotIndex: updateIncreasingly 150 -> 200
2023-09-23 10:03:37,473 [omNode-1@group-523986131536-StateMachineUpdater] INFO  raftlog.RaftLog (RaftLogBase.java:lambda$new$0(53)) - omNode-1@group-523986131536-SegmentedRaftLog: purgeIndex: updateToMax old=150, new=200, updated? true
2023-09-23 10:03:37,487 [grpc-default-executor-3] WARN  server.GrpcServerProtocolService (LogUtils.java:warn(122)) - omNode-3: APPEND_ENTRIES onError, lastRequest: null: org.apache.ratis.thirdparty.io.grpc.StatusRuntimeException: CANCELLED: client cancelled
2023-09-23 10:03:37,492 [grpc-default-executor-3] WARN  server.GrpcLogAppender (LogUtils.java:warn(122)) - omNode-1@group-523986131536->omNode-3-AppendLogResponseHandler: Failed appendEntries: org.apache.ratis.thirdparty.io.grpc.StatusRuntimeException: CANCELLED: RST_STREAM closed stream. HTTP/2 error code: CANCEL
2023-09-23 10:03:37,492 [grpc-default-executor-3] INFO  leader.FollowerInfo (FollowerInfoImpl.java:lambda$new$0(52)) - omNode-1@group-523986131536->omNode-3: decreaseNextIndex nextIndex: updateUnconditionally 201 -> 200
2023-09-23 10:03:37,495 [grpc-default-executor-2] WARN  server.GrpcLogAppender (LogUtils.java:warn(122)) - omNode-1@group-523986131536->omNode-3-AppendLogResponseHandler: Failed appendEntries: org.apache.ratis.thirdparty.io.grpc.StatusRuntimeException: CANCELLED: RST_STREAM closed stream. HTTP/2 error code: CANCEL
2023-09-23 10:03:37,495 [grpc-default-executor-2] INFO  leader.FollowerInfo (FollowerInfoImpl.java:lambda$new$0(52)) - omNode-1@group-523986131536->omNode-3: decreaseNextIndex nextIndex: updateUnconditionally 200 -> 199
2023-09-23 10:03:37,493 [grpc-default-executor-1] WARN  server.GrpcServerProtocolService (LogUtils.java:warn(122)) - omNode-3: APPEND_ENTRIES onError, lastRequest: omNode-1->omNode-3#341-t1,previous=(t:1, i:199),leaderCommit=199,initializing? true,entries: size=1, first=(t:1, i:200), METADATAENTRY(c:199): org.apache.ratis.thirdparty.io.grpc.StatusRuntimeException: CANCELLED: client cancelled
2023-09-23 10:03:37,506 [Thread-1327] INFO  rocksdiff.RocksDBCheckpointDiffer (RocksDBCheckpointDiffer.java:onCompactionCompleted(544)) - Skipped the compaction entry. Compaction input files: [/home/runner/work/ozone/ozone/hadoop-ozone/integration-test/target/test-dir/MiniOzoneClusterImpl-221a8c4e-c666-4dc9-898e-ead2ee9f568a/omNode-3/om.db/000078.sst, /home/runner/work/ozone/ozone/hadoop-ozone/integration-test/target/test-dir/MiniOzoneClusterImpl-221a8c4e-c666-4dc9-898e-ead2ee9f568a/omNode-3/om.db/000072.sst, /home/runner/work/ozone/ozone/hadoop-ozone/integration-test/target/test-dir/MiniOzoneClusterImpl-221a8c4e-c666-4dc9-898e-ead2ee9f568a/omNode-3/om.db/000064.sst, /home/runner/work/ozone/ozone/hadoop-ozone/integration-test/target/test-dir/MiniOzoneClusterImpl-221a8c4e-c666-4dc9-898e-ead2ee9f568a/omNode-3/om.db/000056.sst] and output files: [/home/runner/work/ozone/ozone/hadoop-ozone/integration-test/target/test-dir/MiniOzoneClusterImpl-221a8c4e-c666-4dc9-898e-ead2ee9f568a/omNode-3/om.db/000078.sst, /home/runner/work/ozone/ozone/hadoop-ozone/integration-test/target/test-dir/MiniOzoneClusterImpl-221a8c4e-c666-4dc9-898e-ead2ee9f568a/omNode-3/om.db/000072.sst, /home/runner/work/ozone/ozone/hadoop-ozone/integration-test/target/test-dir/MiniOzoneClusterImpl-221a8c4e-c666-4dc9-898e-ead2ee9f568a/omNode-3/om.db/000064.sst, /home/runner/work/ozone/ozone/hadoop-ozone/integration-test/target/test-dir/MiniOzoneClusterImpl-221a8c4e-c666-4dc9-898e-ead2ee9f568a/omNode-3/om.db/000056.sst] are same.
2023-09-23 10:03:37,508 [main] INFO  server.GrpcService (GrpcService.java:closeImpl(320)) - omNode-3: shutdown server GrpcServerProtocolService successfully
2023-09-23 10:03:37,515 [omNode-3@group-523986131536-StateMachineUpdater] INFO  impl.StateMachineUpdater (StateMachineUpdater.java:takeSnapshot(291)) - omNode-3@group-523986131536-StateMachineUpdater: Took a snapshot at index 199
2023-09-23 10:03:37,515 [omNode-3@group-523986131536-StateMachineUpdater] INFO  impl.StateMachineUpdater (StateMachineUpdater.java:lambda$new$0(97)) - omNode-3@group-523986131536-StateMachineUpdater: snapshotIndex: updateIncreasingly 150 -> 199
2023-09-23 10:03:37,515 [omNode-3@group-523986131536-StateMachineUpdater] INFO  ratis.OzoneManagerStateMachine (OzoneManagerStateMachine.java:close(534)) - StateMachine has shutdown. Shutdown OzoneManager if not already shutdown.
2023-09-23 10:03:37,515 [omNode-3@group-523986131536-StateMachineUpdater] INFO  ratis.OzoneManagerDoubleBuffer (OzoneManagerDoubleBuffer.java:stopDaemon(551)) - Stopping OMDoubleBuffer flush thread
2023-09-23 10:03:37,515 [OMDoubleBufferFlushThread] INFO  ratis.OzoneManagerDoubleBuffer (OzoneManagerDoubleBuffer.java:canFlush(638)) - OMDoubleBuffer flush thread OMDoubleBufferFlushThread is interrupted and will exit.
2023-09-23 10:03:37,517 [omNode-3-impl-thread1] INFO  server.RaftServer$Division (ServerState.java:close(472)) - omNode-3@group-523986131536: closes. applyIndex: 199
2023-09-23 10:03:37,920 [grpc-default-executor-2] WARN  server.GrpcLogAppender (LogUtils.java:warn(122)) - omNode-1@group-523986131536->omNode-3-AppendLogResponseHandler: Failed appendEntries: org.apache.ratis.thirdparty.io.grpc.StatusRuntimeException: UNAVAILABLE: io exception
2023-09-23 10:03:37,921 [grpc-default-executor-4] WARN  server.GrpcLogAppender (LogUtils.java:warn(122)) - omNode-1@group-523986131536->omNode-3-AppendLogResponseHandler: Failed appendEntries: org.apache.ratis.thirdparty.io.grpc.StatusRuntimeException: UNAVAILABLE: io exception
2023-09-23 10:03:37,924 [grpc-default-executor-2] INFO  leader.FollowerInfo (FollowerInfoImpl.java:lambda$new$0(52)) - omNode-1@group-523986131536->omNode-3: decreaseNextIndex nextIndex: updateUnconditionally 199 -> 198
2023-09-23 10:03:37,926 [grpc-default-executor-4] INFO  leader.FollowerInfo (FollowerInfoImpl.java:lambda$new$0(52)) - omNode-1@group-523986131536->omNode-3: decreaseNextIndex nextIndex: updateUnconditionally 198 -> 197
2023-09-23 10:03:37,928 [grpc-default-executor-2] WARN  server.GrpcLogAppender (LogUtils.java:warn(122)) - omNode-1@group-523986131536->omNode-3-AppendLogResponseHandler: Failed appendEntries: org.apache.ratis.thirdparty.io.grpc.StatusRuntimeException: UNAVAILABLE: io exception
2023-09-23 10:03:37,928 [grpc-default-executor-2] INFO  leader.FollowerInfo (FollowerInfoImpl.java:lambda$new$0(52)) - omNode-1@group-523986131536->omNode-3: decreaseNextIndex nextIndex: updateUnconditionally 201 -> 200
2023-09-23 10:03:37,931 [grpc-default-executor-4] WARN  server.GrpcLogAppender (LogUtils.java:warn(122)) - omNode-1@group-523986131536->omNode-3-AppendLogResponseHandler: Failed appendEntries: org.apache.ratis.thirdparty.io.grpc.StatusRuntimeException: UNAVAILABLE: io exception
2023-09-23 10:03:37,931 [grpc-default-executor-4] INFO  leader.FollowerInfo (FollowerInfoImpl.java:lambda$new$0(52)) - omNode-1@group-523986131536->omNode-3: decreaseNextIndex nextIndex: updateUnconditionally 200 -> 199
2023-09-23 10:03:38,167 [grpc-default-executor-4] WARN  server.GrpcLogAppender (LogUtils.java:warn(122)) - omNode-1@group-523986131536->omNode-3-AppendLogResponseHandler: Failed appendEntries: org.apache.ratis.thirdparty.io.grpc.StatusRuntimeException: UNAVAILABLE: io exception
2023-09-23 10:03:38,167 [grpc-default-executor-2] WARN  server.GrpcLogAppender (LogUtils.java:warn(122)) - omNode-1@group-523986131536->omNode-3-AppendLogResponseHandler: Failed appendEntries: org.apache.ratis.thirdparty.io.grpc.StatusRuntimeException: UNAVAILABLE: io exception
2023-09-23 10:03:38,168 [grpc-default-executor-4] INFO  leader.FollowerInfo (FollowerInfoImpl.java:lambda$new$0(52)) - omNode-1@group-523986131536->omNode-3: decreaseNextIndex nextIndex: updateUnconditionally 199 -> 198
2023-09-23 10:03:38,168 [grpc-default-executor-2] INFO  leader.FollowerInfo (FollowerInfoImpl.java:lambda$new$0(52)) - omNode-1@group-523986131536->omNode-3: decreaseNextIndex nextIndex: updateUnconditionally 198 -> 197
2023-09-23 10:03:38,177 [grpc-default-executor-2] WARN  server.GrpcLogAppender (LogUtils.java:warn(122)) - omNode-1@group-523986131536->omNode-3-AppendLogResponseHandler: Failed appendEntries: org.apache.ratis.thirdparty.io.grpc.StatusRuntimeException: UNAVAILABLE: io exception
2023-09-23 10:03:38,178 [grpc-default-executor-4] WARN  server.GrpcLogAppender (LogUtils.java:warn(122)) - omNode-1@group-523986131536->omNode-3-AppendLogResponseHandler: Failed appendEntries: org.apache.ratis.thirdparty.io.grpc.StatusRuntimeException: UNAVAILABLE: io exception
2023-09-23 10:03:38,178 [grpc-default-executor-2] INFO  leader.FollowerInfo (FollowerInfoImpl.java:lambda$new$0(52)) - omNode-1@group-523986131536->omNode-3: decreaseNextIndex nextIndex: updateUnconditionally 201 -> 200
2023-09-23 10:03:38,180 [grpc-default-executor-4] INFO  leader.FollowerInfo (FollowerInfoImpl.java:lambda$new$0(52)) - omNode-1@group-523986131536->omNode-3: decreaseNextIndex nextIndex: updateUnconditionally 200 -> 199
2023-09-23 10:03:38,413 [omNode-3-impl-thread1] INFO  segmented.SegmentedRaftLogWorker (SegmentedRaftLogWorker.java:close(252)) - omNode-3@group-523986131536-SegmentedRaftLogWorker close()
2023-09-23 10:03:38,414 [JvmPauseMonitor3] INFO  util.JvmPauseMonitor (JvmPauseMonitor.java:run(109)) - JvmPauseMonitor-omNode-3: Stopped
2023-09-23 10:03:38,417 [main] INFO  ratis.OzoneManagerStateMachine (OzoneManagerStateMachine.java:close(534)) - StateMachine has shutdown. Shutdown OzoneManager if not already shutdown.
2023-09-23 10:03:38,418 [main] INFO  ratis.OzoneManagerDoubleBuffer (OzoneManagerDoubleBuffer.java:stopDaemon(560)) - OMDoubleBuffer flush thread is not running.
2023-09-23 10:03:38,418 [grpc-default-executor-4] WARN  server.GrpcLogAppender (LogUtils.java:warn(122)) - omNode-1@group-523986131536->omNode-3-AppendLogResponseHandler: Failed appendEntries: org.apache.ratis.thirdparty.io.grpc.StatusRuntimeException: UNAVAILABLE: io exception
2023-09-23 10:03:38,418 [grpc-default-executor-2] WARN  server.GrpcLogAppender (LogUtils.java:warn(122)) - omNode-1@group-523986131536->omNode-3-AppendLogResponseHandler: Failed appendEntries: org.apache.ratis.thirdparty.io.grpc.StatusRuntimeException: UNAVAILABLE: io exception
2023-09-23 10:03:38,420 [grpc-default-executor-4] INFO  leader.FollowerInfo (FollowerInfoImpl.java:lambda$new$0(52)) - omNode-1@group-523986131536->omNode-3: decreaseNextIndex nextIndex: updateUnconditionally 199 -> 198
2023-09-23 10:03:38,420 [main] INFO  utils.BackgroundService (BackgroundService.java:shutdown(141)) - Shutting down service KeyDeletingService
2023-09-23 10:03:38,421 [grpc-default-executor-2] INFO  leader.FollowerInfo (FollowerInfoImpl.java:lambda$new$0(52)) - omNode-1@group-523986131536->omNode-3: decreaseNextIndex nextIndex: updateUnconditionally 198 -> 197
2023-09-23 10:03:38,424 [main] INFO  utils.BackgroundService (BackgroundService.java:shutdown(141)) - Shutting down service KeyDeletingService
2023-09-23 10:03:38,425 [main] INFO  utils.BackgroundService (BackgroundService.java:shutdown(141)) - Shutting down service OpenKeyCleanupService
2023-09-23 10:03:38,425 [main] INFO  utils.BackgroundService (BackgroundService.java:shutdown(141)) - Shutting down service SstFilteringService
2023-09-23 10:03:38,426 [main] INFO  utils.BackgroundService (BackgroundService.java:shutdown(141)) - Shutting down service SnapshotDeletingService
2023-09-23 10:03:38,429 [grpc-default-executor-1] WARN  server.GrpcLogAppender (LogUtils.java:warn(122)) - omNode-1@group-523986131536->omNode-3-AppendLogResponseHandler: Failed appendEntries: org.apache.ratis.thirdparty.io.grpc.StatusRuntimeException: UNAVAILABLE: io exception
2023-09-23 10:03:38,429 [grpc-default-executor-1] INFO  leader.FollowerInfo (FollowerInfoImpl.java:lambda$new$0(52)) - omNode-1@group-523986131536->omNode-3: decreaseNextIndex nextIndex: updateUnconditionally 201 -> 200
2023-09-23 10:03:38,430 [grpc-default-executor-4] WARN  server.GrpcLogAppender (LogUtils.java:warn(122)) - omNode-1@group-523986131536->omNode-3-AppendLogResponseHandler: Failed appendEntries: org.apache.ratis.thirdparty.io.grpc.StatusRuntimeException: UNAVAILABLE: io exception
2023-09-23 10:03:38,430 [grpc-default-executor-4] INFO  leader.FollowerInfo (FollowerInfoImpl.java:lambda$new$0(52)) - omNode-1@group-523986131536->omNode-3: decreaseNextIndex nextIndex: updateUnconditionally 200 -> 199
2023-09-23 10:03:38,432 [main] INFO  handler.ContextHandler (ContextHandler.java:doStop(1159)) - Stopped o.e.j.w.WebAppContext@1b298857{ozoneManager,/,null,STOPPED}{file:/home/runner/work/ozone/ozone/hadoop-ozone/integration-test/target/test-classes/webapps/ozoneManager}
2023-09-23 10:03:38,436 [main] INFO  server.AbstractConnector (AbstractConnector.java:doStop(383)) - Stopped ServerConnector@5e0209c{HTTP/1.1, (http/1.1)}{0.0.0.0:15013}
2023-09-23 10:03:38,436 [main] INFO  server.session (HouseKeeper.java:stopScavenging(149)) - node0 Stopped scavenging
2023-09-23 10:03:38,437 [main] INFO  handler.ContextHandler (ContextHandler.java:doStop(1159)) - Stopped o.e.j.s.ServletContextHandler@6a78b0f3{static,/static,file:///home/runner/work/ozone/ozone/hadoop-ozone/integration-test/target/test-classes/webapps/static,STOPPED}
2023-09-23 10:03:38,437 [main] INFO  handler.ContextHandler (ContextHandler.java:doStop(1159)) - Stopped o.e.j.s.ServletContextHandler@49accbb4{logs,/logs,file:///home/runner/work/ozone/ozone/hadoop-ozone/integration-test/target/log,STOPPED}
2023-09-23 10:03:38,441 [main] INFO  rocksdiff.RocksDBCheckpointDiffer (RocksDBCheckpointDiffer.java:close(343)) - Shutting down CompactionDagPruningService.
2023-09-23 10:03:38,447 [main] INFO  snapshot.SnapshotDiffManager (SnapshotDiffManager.java:closeExecutorService(1718)) - Shutting down executorService: 'SnapDiffExecutor'
2023-09-23 10:03:38,447 [main] INFO  snapshot.SnapshotDiffManager (SnapshotDiffManager.java:closeExecutorService(1718)) - Shutting down executorService: 'SstDumpToolExecutor'
2023-09-23 10:03:38,447 [main] INFO  utils.BackgroundService (BackgroundService.java:shutdown(141)) - Shutting down service SnapshotDiffCleanupService
2023-09-23 10:03:38,450 [main] INFO  om.OzoneManager (OzoneManager.java:restart(1715)) - OzoneManager RPC server is listening at localhost/127.0.0.1:15012
2023-09-23 10:03:38,450 [main] INFO  impl.MetricsSystemImpl (MetricsSystemImpl.java:init(158)) - OzoneManager metrics system started (again)
2023-09-23 10:03:38,478 [main] WARN  server.ServerUtils (ServerUtils.java:getDBPath(311)) - ozone.om.db.dirs is not configured. We recommend adding this setting. Falling back to ozone.metadata.dirs instead.
2023-09-23 10:03:38,479 [main] INFO  helpers.OmKeyInfo (OmKeyInfo.java:getCodec(71)) - OmKeyInfo.getCodec ignorePipeline = true
2023-09-23 10:03:38,540 [main] INFO  om.OzoneManager (OzoneManager.java:instantiateServices(794)) - S3 Multi-Tenancy is disabled
2023-09-23 10:03:38,541 [main] INFO  om.OmSnapshotManager (OmSnapshotManager.java:<init>(174)) - Ozone filesystem snapshot feature is enabled.
2023-09-23 10:03:38,541 [main] WARN  server.ServerUtils (ServerUtils.java:getDBPath(311)) - ozone.om.snapshot.diff.db.dir is not configured. We recommend adding this setting. Falling back to ozone.metadata.dirs instead.
2023-09-23 10:03:38,567 [main] INFO  snapshot.SnapshotDiffManager (SnapshotDiffManager.java:closeExecutorService(1718)) - Shutting down executorService: 'SstDumpToolExecutor'
2023-09-23 10:03:38,591 [main] WARN  server.ServerUtils (ServerUtils.java:getDefaultRatisDirectory(323)) - Storage directory for Ratis is not configured. It is a good idea to map this to an SSD disk. Falling back to ozone.metadata.dirs
2023-09-23 10:03:38,593 [main] INFO  ratis.OzoneManagerRatisServer (OzoneManagerRatisServer.java:<init>(163)) - Instantiating OM Ratis server with groupID: om-service-test1 and peers: localhost:15015, localhost:15007, localhost:15011
2023-09-23 10:03:38,595 [main] INFO  ratis.OzoneManagerStateMachine (OzoneManagerStateMachine.java:loadSnapshotInfoFromDB(687)) - LastAppliedIndex is set from TransactionInfo from OM DB as (t:1, i:199)
2023-09-23 10:03:38,596 [main] INFO  server.RaftServer (ConfUtils.java:logGet(46)) - raft.rpc.type = GRPC (default)
2023-09-23 10:03:38,596 [main] INFO  grpc.GrpcConfigKeys (ConfUtils.java:logFallback(53)) - raft.grpc.admin.host = null (fallback to raft.grpc.server.host)
2023-09-23 10:03:38,596 [main] INFO  grpc.GrpcConfigKeys (ConfUtils.java:logFallback(53)) - raft.grpc.admin.port = 15015 (fallback to raft.grpc.server.port)
2023-09-23 10:03:38,596 [main] INFO  grpc.GrpcConfigKeys (ConfUtils.java:logFallback(53)) - raft.grpc.client.host = null (fallback to raft.grpc.server.host)
2023-09-23 10:03:38,596 [main] INFO  grpc.GrpcConfigKeys (ConfUtils.java:logFallback(53)) - raft.grpc.client.port = 15015 (fallback to raft.grpc.server.port)
2023-09-23 10:03:38,596 [main] INFO  grpc.GrpcConfigKeys (ConfUtils.java:logGet(46)) - raft.grpc.server.host = null (default)
2023-09-23 10:03:38,597 [main] INFO  grpc.GrpcConfigKeys (ConfUtils.java:logGet(46)) - raft.grpc.server.port = 15015 (custom)
2023-09-23 10:03:38,597 [main] INFO  server.GrpcService (ConfUtils.java:logGet(46)) - raft.grpc.message.size.max = 33554432 (custom)
2023-09-23 10:03:38,597 [main] INFO  server.RaftServerConfigKeys (ConfUtils.java:logGet(46)) - raft.server.log.appender.buffer.byte-limit = 33554432 (custom)
2023-09-23 10:03:38,597 [main] INFO  server.GrpcService (ConfUtils.java:logGet(46)) - raft.grpc.flow.control.window = 1MB (=1048576) (default)
2023-09-23 10:03:38,597 [main] INFO  server.RaftServerConfigKeys (ConfUtils.java:logGet(46)) - raft.server.rpc.request.timeout = 3000ms (default)
2023-09-23 10:03:38,598 [main] INFO  grpc.GrpcConfigKeys (ConfUtils.java:logGet(46)) - raft.grpc.server.heartbeat.channel = true (default)
2023-09-23 10:03:38,598 [main] INFO  grpc.GrpcConfigKeys (ConfUtils.java:logGet(46)) - raft.grpc.server.async.request.thread.pool.cached = true (default)
2023-09-23 10:03:38,598 [main] INFO  grpc.GrpcConfigKeys (ConfUtils.java:logGet(46)) - raft.grpc.server.async.request.thread.pool.size = 32 (default)
2023-09-23 10:03:38,600 [main] INFO  impl.DataStreamServerImpl (ConfUtils.java:logGet(46)) - raft.datastream.type = DISABLED (default)
2023-09-23 10:03:38,600 [main] INFO  server.RaftServerConfigKeys (ConfUtils.java:logGet(46)) - raft.server.threadpool.proxy.cached = true (default)
2023-09-23 10:03:38,600 [main] INFO  server.RaftServerConfigKeys (ConfUtils.java:logGet(46)) - raft.server.threadpool.proxy.size = 0 (default)
2023-09-23 10:03:38,600 [main] INFO  server.RaftServerConfigKeys (ConfUtils.java:logGet(46)) - raft.server.rpc.slowness.timeout = 2s (custom)
2023-09-23 10:03:38,603 [main] INFO  server.RaftServerConfigKeys (ConfUtils.java:logGet(46)) - raft.server.leaderelection.leader.step-down.wait-time = 10s (default)
2023-09-23 10:03:38,603 [main] INFO  server.RaftServerConfigKeys (ConfUtils.java:logGet(46)) - raft.server.storage.dir = [/home/runner/work/ozone/ozone/hadoop-ozone/integration-test/target/test-dir/MiniOzoneClusterImpl-221a8c4e-c666-4dc9-898e-ead2ee9f568a/omNode-3/ratis] (custom)
2023-09-23 10:03:38,604 [omNode-3-impl-thread1] INFO  server.RaftServer (RaftServerProxy.java:initGroupDir(258)) - omNode-3: found a subdirectory /home/runner/work/ozone/ozone/hadoop-ozone/integration-test/target/test-dir/MiniOzoneClusterImpl-221a8c4e-c666-4dc9-898e-ead2ee9f568a/omNode-3/ratis/c9bc4cf4-3bc3-3c60-a66b-523986131536
2023-09-23 10:03:38,605 [main] INFO  server.RaftServer (RaftServerProxy.java:addNew(98)) - omNode-3: addNew group-523986131536:[omNode-3|rpc:localhost:15015|priority:0|startupRole:FOLLOWER, omNode-1|rpc:localhost:15007|priority:0|startupRole:FOLLOWER, omNode-2|rpc:localhost:15011|priority:0|startupRole:FOLLOWER] returns group-523986131536:java.util.concurrent.CompletableFuture@70b0812a[Not completed]
2023-09-23 10:03:38,605 [omNode-3-groupManagement] INFO  server.RaftServer$Division (RaftServerImpl.java:<init>(198)) - omNode-3: new RaftServerImpl for group-523986131536:[omNode-3|rpc:localhost:15015|priority:0|startupRole:FOLLOWER, omNode-1|rpc:localhost:15007|priority:0|startupRole:FOLLOWER, omNode-2|rpc:localhost:15011|priority:0|startupRole:FOLLOWER] with OzoneManagerStateMachine:uninitialized
2023-09-23 10:03:38,605 [main] INFO  om.OzoneManager (OzoneManager.java:initializeRatisServer(2148)) - OzoneManager Ratis server initialized at port 15015
2023-09-23 10:03:38,605 [main] INFO  ratis.OzoneManagerRatisServer (OzoneManagerRatisServer.java:start(558)) - Starting OzoneManagerRatisServer omNode-3 at port 15015
2023-09-23 10:03:38,610 [omNode-3-groupManagement] INFO  server.RaftServerConfigKeys (ConfUtils.java:logGet(46)) - raft.server.rpc.timeout.min = 1s (custom)
2023-09-23 10:03:38,610 [omNode-3-groupManagement] INFO  server.RaftServerConfigKeys (ConfUtils.java:logGet(46)) - raft.server.rpc.timeout.max = 1200ms (custom)
2023-09-23 10:03:38,610 [omNode-3-groupManagement] INFO  server.RaftServerConfigKeys (ConfUtils.java:logGet(46)) - raft.server.rpc.sleep.time = 25ms (default)
2023-09-23 10:03:38,610 [omNode-3-groupManagement] INFO  server.RaftServerConfigKeys (ConfUtils.java:logGet(46)) - raft.server.rpc.slowness.timeout = 2s (custom)
2023-09-23 10:03:38,610 [omNode-3-groupManagement] INFO  server.RaftServerConfigKeys (ConfUtils.java:logGet(46)) - raft.server.leaderelection.leader.step-down.wait-time = 10s (default)
2023-09-23 10:03:38,610 [omNode-3-groupManagement] INFO  server.RaftServerConfigKeys (ConfUtils.java:logGet(46)) - raft.server.sleep.deviation.threshold = 300ms (default)
2023-09-23 10:03:38,610 [omNode-3-groupManagement] INFO  server.RaftServer$Division (ServerState.java:<init>(120)) - omNode-3@group-523986131536: ConfigurationManager, init=-1: peers:[omNode-3|rpc:localhost:15015|priority:0|startupRole:FOLLOWER, omNode-1|rpc:localhost:15007|priority:0|startupRole:FOLLOWER, omNode-2|rpc:localhost:15011|priority:0|startupRole:FOLLOWER]|listeners:[], old=null, confs=<EMPTY_MAP>
2023-09-23 10:03:38,648 [omNode-3-groupManagement] INFO  server.RaftServerConfigKeys (ConfUtils.java:logGet(46)) - raft.server.storage.dir = [/home/runner/work/ozone/ozone/hadoop-ozone/integration-test/target/test-dir/MiniOzoneClusterImpl-221a8c4e-c666-4dc9-898e-ead2ee9f568a/omNode-3/ratis] (custom)
2023-09-23 10:03:38,649 [omNode-3-groupManagement] INFO  server.RaftServerConfigKeys (ConfUtils.java:logGet(46)) - raft.server.log.corruption.policy = EXCEPTION (default)
2023-09-23 10:03:38,649 [omNode-3-groupManagement] INFO  server.RaftServerConfigKeys (ConfUtils.java:logGet(46)) - raft.server.storage.free-space.min = 0MB (=0) (default)
2023-09-23 10:03:38,649 [omNode-3-groupManagement] INFO  server.RaftServerConfigKeys (ConfUtils.java:logGet(46)) - raft.server.notification.no-leader.timeout = 2s (custom)
2023-09-23 10:03:38,649 [omNode-3-groupManagement] INFO  server.RaftServerConfigKeys (ConfUtils.java:logGet(46)) - raft.server.read.timeout = 10s (default)
2023-09-23 10:03:38,649 [omNode-3-groupManagement] INFO  server.RaftServerConfigKeys (ConfUtils.java:logGet(46)) - raft.server.retrycache.expirytime = 30000ms (custom)
2023-09-23 10:03:38,649 [omNode-3-groupManagement] INFO  server.RaftServerConfigKeys (ConfUtils.java:logGet(46)) - raft.server.retrycache.statistics.expirytime = 100μs (default)
2023-09-23 10:03:38,649 [omNode-3-groupManagement] INFO  server.RaftServerConfigKeys (ConfUtils.java:logGet(46)) - raft.server.read.option = DEFAULT (default)
2023-09-23 10:03:38,650 [omNode-3-groupManagement] INFO  server.RaftServerConfigKeys (ConfUtils.java:logGet(46)) - raft.server.rpc.request.timeout = 3000ms (default)
2023-09-23 10:03:38,650 [omNode-3-groupManagement] INFO  server.RaftServerConfigKeys (ConfUtils.java:logGet(46)) - raft.server.log.appender.install.snapshot.enabled = false (custom)
2023-09-23 10:03:38,650 [omNode-3-groupManagement] INFO  server.RaftServerConfigKeys (ConfUtils.java:logGet(46)) - raft.server.threadpool.server.cached = true (default)
2023-09-23 10:03:38,650 [omNode-3-groupManagement] INFO  server.RaftServerConfigKeys (ConfUtils.java:logGet(46)) - raft.server.threadpool.server.size = 0 (default)
2023-09-23 10:03:38,651 [omNode-3-groupManagement] INFO  server.RaftServerConfigKeys (ConfUtils.java:logGet(46)) - raft.server.threadpool.client.cached = true (default)
2023-09-23 10:03:38,651 [omNode-3-groupManagement] INFO  server.RaftServerConfigKeys (ConfUtils.java:logGet(46)) - raft.server.threadpool.client.size = 0 (default)
2023-09-23 10:03:38,656 [omNode-3-impl-thread1] INFO  storage.RaftStorageDirectory (RaftStorageDirectoryImpl.java:tryLock(231)) - Lock on /home/runner/work/ozone/ozone/hadoop-ozone/integration-test/target/test-dir/MiniOzoneClusterImpl-221a8c4e-c666-4dc9-898e-ead2ee9f568a/omNode-3/ratis/c9bc4cf4-3bc3-3c60-a66b-523986131536/in_use.lock acquired by nodename 6438@fv-az1239-715
2023-09-23 10:03:38,659 [omNode-3-impl-thread1] INFO  storage.RaftStorage (RaftStorageImpl.java:analyzeAndRecoverStorage(117)) - Read RaftStorageMetadata{term=1, votedFor=} from /home/runner/work/ozone/ozone/hadoop-ozone/integration-test/target/test-dir/MiniOzoneClusterImpl-221a8c4e-c666-4dc9-898e-ead2ee9f568a/omNode-3/ratis/c9bc4cf4-3bc3-3c60-a66b-523986131536/current/raft-meta
2023-09-23 10:03:38,662 [omNode-3-impl-thread1] INFO  server.RaftServer$Division (ServerState.java:setRaftConf(434)) - omNode-3@group-523986131536: set configuration 0: peers:[omNode-3|rpc:localhost:15015|admin:|client:|dataStream:|priority:0|startupRole:FOLLOWER, omNode-1|rpc:localhost:15007|admin:|client:|dataStream:|priority:0|startupRole:FOLLOWER, omNode-2|rpc:localhost:15011|admin:|client:|dataStream:|priority:0|startupRole:FOLLOWER]|listeners:[], old=null
2023-09-23 10:03:38,663 [omNode-3-impl-thread1] INFO  server.RaftServerConfigKeys (ConfUtils.java:logGet(46)) - raft.server.log.use.memory = false (default)
2023-09-23 10:03:38,663 [omNode-3-impl-thread1] INFO  server.RaftServerConfigKeys (ConfUtils.java:logGet(46)) - raft.server.log.purge.gap = 50 (custom)
2023-09-23 10:03:38,663 [omNode-3-impl-thread1] INFO  server.RaftServerConfigKeys (ConfUtils.java:logGet(46)) - raft.server.log.appender.buffer.byte-limit = 33554432 (custom)
2023-09-23 10:03:38,663 [omNode-3-impl-thread1] INFO  server.RaftServerConfigKeys (ConfUtils.java:logGet(46)) - raft.server.log.statemachine.data.read.timeout = 1000ms (default)
2023-09-23 10:03:38,663 [omNode-3-impl-thread1] INFO  server.RaftServerConfigKeys (ConfUtils.java:logGet(46)) - raft.server.log.purge.preservation.log.num = 0 (default)
2023-09-23 10:03:38,663 [omNode-3-impl-thread1] INFO  server.RaftServerConfigKeys (ConfUtils.java:logGet(46)) - raft.server.log.segment.size.max = 4194304 (custom)
2023-09-23 10:03:38,664 [omNode-3-impl-thread1] INFO  server.RaftServerConfigKeys (ConfUtils.java:logGet(46)) - raft.server.log.segment.cache.num.max = 2 (custom)
2023-09-23 10:03:38,664 [omNode-3-impl-thread1] INFO  server.RaftServerConfigKeys (ConfUtils.java:logGet(46)) - raft.server.log.segment.cache.size.max = 200MB (=209715200) (default)
2023-09-23 10:03:38,664 [omNode-3-impl-thread1] INFO  server.RaftServerConfigKeys (ConfUtils.java:logGet(46)) - raft.server.log.appender.buffer.byte-limit = 33554432 (custom)
2023-09-23 10:03:38,664 [omNode-3-impl-thread1] INFO  segmented.SegmentedRaftLogWorker (SegmentedRaftLogWorker.java:<init>(188)) - new omNode-3@group-523986131536-SegmentedRaftLogWorker for RaftStorageImpl:Storage Directory /home/runner/work/ozone/ozone/hadoop-ozone/integration-test/target/test-dir/MiniOzoneClusterImpl-221a8c4e-c666-4dc9-898e-ead2ee9f568a/omNode-3/ratis/c9bc4cf4-3bc3-3c60-a66b-523986131536
2023-09-23 10:03:38,664 [omNode-3-impl-thread1] INFO  server.RaftServerConfigKeys (ConfUtils.java:logGet(46)) - raft.server.log.queue.byte-limit = 64MB (=67108864) (default)
2023-09-23 10:03:38,664 [omNode-3-impl-thread1] INFO  server.RaftServerConfigKeys (ConfUtils.java:logGet(46)) - raft.server.log.queue.element-limit = 4096 (default)
2023-09-23 10:03:38,664 [omNode-3-impl-thread1] INFO  server.RaftServerConfigKeys (ConfUtils.java:logGet(46)) - raft.server.log.segment.size.max = 4194304 (custom)
2023-09-23 10:03:38,664 [omNode-3-impl-thread1] INFO  server.RaftServerConfigKeys (ConfUtils.java:logGet(46)) - raft.server.log.preallocated.size = 4194304 (custom)
2023-09-23 10:03:38,664 [omNode-3-impl-thread1] INFO  server.RaftServerConfigKeys (ConfUtils.java:logGet(46)) - raft.server.log.force.sync.num = 128 (default)
2023-09-23 10:03:38,664 [omNode-3-impl-thread1] INFO  server.RaftServerConfigKeys (ConfUtils.java:logGet(46)) - raft.server.log.statemachine.data.sync = true (default)
2023-09-23 10:03:38,665 [omNode-3-impl-thread1] INFO  server.RaftServerConfigKeys (ConfUtils.java:logGet(46)) - raft.server.log.statemachine.data.sync.timeout = 10s (default)
2023-09-23 10:03:38,665 [omNode-3-impl-thread1] INFO  server.RaftServerConfigKeys (ConfUtils.java:logGet(46)) - raft.server.log.statemachine.data.sync.timeout.retry = -1 (default)
2023-09-23 10:03:38,665 [omNode-3-impl-thread1] INFO  server.RaftServerConfigKeys (ConfUtils.java:logGet(46)) - raft.server.log.write.buffer.size = 64KB (=65536) (default)
2023-09-23 10:03:38,665 [omNode-3-impl-thread1] INFO  server.RaftServerConfigKeys (ConfUtils.java:logGet(46)) - raft.server.log.appender.buffer.byte-limit = 33554432 (custom)
2023-09-23 10:03:38,669 [grpc-default-executor-1] WARN  server.GrpcLogAppender (LogUtils.java:warn(122)) - omNode-1@group-523986131536->omNode-3-AppendLogResponseHandler: Failed appendEntries: org.apache.ratis.thirdparty.io.grpc.StatusRuntimeException: UNAVAILABLE: io exception
2023-09-23 10:03:38,669 [grpc-default-executor-4] WARN  server.GrpcLogAppender (LogUtils.java:warn(122)) - omNode-1@group-523986131536->omNode-3-AppendLogResponseHandler: Failed appendEntries: org.apache.ratis.thirdparty.io.grpc.StatusRuntimeException: UNAVAILABLE: io exception
2023-09-23 10:03:38,670 [grpc-default-executor-1] INFO  leader.FollowerInfo (FollowerInfoImpl.java:lambda$new$0(52)) - omNode-1@group-523986131536->omNode-3: decreaseNextIndex nextIndex: updateUnconditionally 199 -> 198
2023-09-23 10:03:38,672 [grpc-default-executor-4] INFO  leader.FollowerInfo (FollowerInfoImpl.java:lambda$new$0(52)) - omNode-1@group-523986131536->omNode-3: decreaseNextIndex nextIndex: updateUnconditionally 198 -> 197
2023-09-23 10:03:38,673 [omNode-3-impl-thread1] INFO  server.RaftServerConfigKeys (ConfUtils.java:logGet(46)) - raft.server.log.unsafe-flush.enabled = false (default)
2023-09-23 10:03:38,673 [omNode-3-impl-thread1] INFO  server.RaftServerConfigKeys (ConfUtils.java:logGet(46)) - raft.server.log.async-flush.enabled = false (default)
2023-09-23 10:03:38,673 [omNode-3-impl-thread1] INFO  server.RaftServerConfigKeys (ConfUtils.java:logGet(46)) - raft.server.log.statemachine.data.caching.enabled = false (default)
2023-09-23 10:03:38,680 [grpc-default-executor-4] WARN  server.GrpcLogAppender (LogUtils.java:warn(122)) - omNode-1@group-523986131536->omNode-3-AppendLogResponseHandler: Failed appendEntries: org.apache.ratis.thirdparty.io.grpc.StatusRuntimeException: UNAVAILABLE: io exception
2023-09-23 10:03:38,680 [grpc-default-executor-1] WARN  server.GrpcLogAppender (LogUtils.java:warn(122)) - omNode-1@group-523986131536->omNode-3-AppendLogResponseHandler: Failed appendEntries: org.apache.ratis.thirdparty.io.grpc.StatusRuntimeException: UNAVAILABLE: io exception
2023-09-23 10:03:38,681 [grpc-default-executor-4] INFO  leader.FollowerInfo (FollowerInfoImpl.java:lambda$new$0(52)) - omNode-1@group-523986131536->omNode-3: decreaseNextIndex nextIndex: updateUnconditionally 201 -> 200
2023-09-23 10:03:38,681 [grpc-default-executor-1] INFO  leader.FollowerInfo (FollowerInfoImpl.java:lambda$new$0(52)) - omNode-1@group-523986131536->omNode-3: decreaseNextIndex nextIndex: updateUnconditionally 200 -> 199
2023-09-23 10:03:38,682 [omNode-3-impl-thread1] INFO  server.RaftServer$Division (ServerState.java:setRaftConf(434)) - omNode-3@group-523986131536: set configuration 0: peers:[omNode-3|rpc:localhost:15015|admin:|client:|dataStream:|priority:0|startupRole:FOLLOWER, omNode-1|rpc:localhost:15007|admin:|client:|dataStream:|priority:0|startupRole:FOLLOWER, omNode-2|rpc:localhost:15011|admin:|client:|dataStream:|priority:0|startupRole:FOLLOWER]|listeners:[], old=null
2023-09-23 10:03:38,687 [omNode-3-impl-thread1] INFO  segmented.LogSegment (LogSegment.java:loadSegment(170)) - Successfully read 201 entries from segment file /home/runner/work/ozone/ozone/hadoop-ozone/integration-test/target/test-dir/MiniOzoneClusterImpl-221a8c4e-c666-4dc9-898e-ead2ee9f568a/omNode-3/ratis/c9bc4cf4-3bc3-3c60-a66b-523986131536/current/log_inprogress_0
2023-09-23 10:03:38,687 [omNode-3-impl-thread1] INFO  segmented.SegmentedRaftLogWorker (SegmentedRaftLogWorker.java:lambda$new$0(135)) - omNode-3@group-523986131536-SegmentedRaftLogWorker: flushIndex: setUnconditionally 0 -> 200
2023-09-23 10:03:38,687 [omNode-3-impl-thread1] INFO  segmented.SegmentedRaftLogWorker (SegmentedRaftLogWorker.java:lambda$new$0(135)) - omNode-3@group-523986131536-SegmentedRaftLogWorker: safeCacheEvictIndex: setUnconditionally 0 -> -1
2023-09-23 10:03:38,688 [omNode-3-impl-thread1] INFO  server.RaftServer$Division (RaftServerImpl.java:start(342)) - omNode-3@group-523986131536: start as a follower, conf=0: peers:[omNode-3|rpc:localhost:15015|admin:|client:|dataStream:|priority:0|startupRole:FOLLOWER, omNode-1|rpc:localhost:15007|admin:|client:|dataStream:|priority:0|startupRole:FOLLOWER, omNode-2|rpc:localhost:15011|admin:|client:|dataStream:|priority:0|startupRole:FOLLOWER]|listeners:[], old=null
2023-09-23 10:03:38,688 [omNode-3-impl-thread1] INFO  server.RaftServer$Division (RaftServerImpl.java:setRole(329)) - omNode-3@group-523986131536: changes role from      null to FOLLOWER at term 1 for startAsFollower
2023-09-23 10:03:38,688 [omNode-3-impl-thread1] INFO  impl.RoleInfo (RoleInfo.java:updateAndGet(139)) - omNode-3: start omNode-3@group-523986131536-FollowerState
2023-09-23 10:03:38,689 [omNode-3-impl-thread1] INFO  util.JmxRegister (JmxRegister.java:tryRegister(44)) - Successfully registered JMX Bean with object name Ratis:service=RaftServer,group=group-523986131536,id=omNode-3
2023-09-23 10:03:38,689 [omNode-3-impl-thread1] INFO  server.RaftServerConfigKeys (ConfUtils.java:logGet(46)) - raft.server.snapshot.auto.trigger.enabled = true (custom)
2023-09-23 10:03:38,689 [omNode-3-impl-thread1] INFO  server.RaftServerConfigKeys (ConfUtils.java:logGet(46)) - raft.server.snapshot.auto.trigger.threshold = 50 (custom)
2023-09-23 10:03:38,689 [omNode-3-impl-thread1] INFO  server.RaftServerConfigKeys (ConfUtils.java:logGet(46)) - raft.server.snapshot.retention.file.num = -1 (default)
2023-09-23 10:03:38,689 [omNode-3-impl-thread1] INFO  server.RaftServerConfigKeys (ConfUtils.java:logGet(46)) - raft.server.log.purge.upto.snapshot.index = true (custom)
2023-09-23 10:03:38,690 [omNode-3@group-523986131536-FollowerState] INFO  server.RaftServerConfigKeys (ConfUtils.java:logFallback(53)) - raft.server.rpc.first-election.timeout.min = 1s (fallback to raft.server.rpc.timeout.min)
2023-09-23 10:03:38,690 [omNode-3@group-523986131536-FollowerState] INFO  server.RaftServerConfigKeys (ConfUtils.java:logFallback(53)) - raft.server.rpc.first-election.timeout.max = 1200ms (fallback to raft.server.rpc.timeout.max)
2023-09-23 10:03:38,694 [main] INFO  server.RaftServer (RaftServerProxy.java:startImpl(400)) - omNode-3: start RPC server
2023-09-23 10:03:38,701 [main] INFO  server.GrpcService (GrpcService.java:startImpl(302)) - omNode-3: GrpcService started, listening on 15015
2023-09-23 10:03:38,704 [main] INFO  om.OzoneManager (OzoneManager.java:getRpcServer(1196)) - Creating RPC Server
2023-09-23 10:03:38,706 [JvmPauseMonitor7] INFO  util.JvmPauseMonitor (JvmPauseMonitor.java:run(103)) - JvmPauseMonitor-omNode-3: Started
2023-09-23 10:03:38,921 [grpc-default-executor-1] WARN  server.GrpcLogAppender (LogUtils.java:warn(122)) - omNode-1@group-523986131536->omNode-3-AppendLogResponseHandler: Failed appendEntries: org.apache.ratis.thirdparty.io.grpc.StatusRuntimeException: UNAVAILABLE: io exception
2023-09-23 10:03:38,922 [grpc-default-executor-1] INFO  leader.FollowerInfo (FollowerInfoImpl.java:lambda$new$0(52)) - omNode-1@group-523986131536->omNode-3: decreaseNextIndex nextIndex: updateUnconditionally 199 -> 198
2023-09-23 10:03:38,921 [grpc-default-executor-4] WARN  server.GrpcLogAppender (LogUtils.java:warn(122)) - omNode-1@group-523986131536->omNode-3-AppendLogResponseHandler: Failed appendEntries: org.apache.ratis.thirdparty.io.grpc.StatusRuntimeException: UNAVAILABLE: io exception
2023-09-23 10:03:38,923 [grpc-default-executor-4] INFO  leader.FollowerInfo (FollowerInfoImpl.java:lambda$new$0(52)) - omNode-1@group-523986131536->omNode-3: decreaseNextIndex nextIndex: updateUnconditionally 198 -> 197
2023-09-23 10:03:38,944 [omNode-3-server-thread1] INFO  server.RaftServer$Division (ServerState.java:setLeader(317)) - omNode-3@group-523986131536: change Leader from null to omNode-1 at term 1 for appendEntries, leader elected after 294ms
2023-09-23 10:03:38,944 [omNode-3-server-thread1] INFO  server.RaftServer$Division (RaftServerImpl.java:checkInconsistentAppendEntries(1603)) - omNode-3@group-523986131536: Failed appendEntries as the first entry (index 197) already exists (snapshotIndex: 199, commitIndex: 199)
2023-09-23 10:03:38,944 [omNode-3-server-thread1] INFO  server.RaftServer$Division (RaftServerImpl.java:checkInconsistentAppendEntries(1583)) - omNode-3@group-523986131536: inconsistency entries. Reply:omNode-1<-omNode-3#354:FAIL-t1,INCONSISTENCY,nextIndex=200,followerCommit=199,matchIndex=-1
2023-09-23 10:03:38,952 [grpc-default-executor-3] WARN  server.GrpcLogAppender (GrpcLogAppender.java:onNextImpl(401)) - omNode-1@group-523986131536->omNode-3-AppendLogResponseHandler: received INCONSISTENCY reply with nextIndex 200
2023-09-23 10:03:38,953 [grpc-default-executor-3] INFO  leader.FollowerInfo (FollowerInfoImpl.java:lambda$new$0(52)) - omNode-1@group-523986131536->omNode-3: setNextIndex nextIndex: updateUnconditionally 201 -> 200
2023-09-23 10:03:39,155 [main] INFO  reflections.Reflections (Reflections.java:scan(232)) - Reflections took 449 ms to scan 20 urls, producing 71 keys and 6030 values [using 2 cores]
2023-09-23 10:03:39,157 [main] INFO  ipc.CallQueueManager (CallQueueManager.java:<init>(90)) - Using callQueue: class java.util.concurrent.LinkedBlockingQueue, queueCapacity: 2000, scheduler: class org.apache.hadoop.ipc.DefaultRpcScheduler, ipcBackoff: false.
2023-09-23 10:03:39,157 [main] INFO  ipc.Server (Server.java:<init>(1287)) - Listener at localhost:15012
2023-09-23 10:03:39,162 [Socket Reader #1 for port 15012] INFO  ipc.Server (Server.java:run(1323)) - Starting Socket Reader #1 for port 15012
2023-09-23 10:03:39,176 [main] INFO  http.BaseHttpServer (BaseHttpServer.java:newHttpServer2BuilderForOzone(223)) - Starting Web-server for ozoneManager at: http://0.0.0.0:15013
2023-09-23 10:03:39,176 [main] INFO  http.BaseHttpServer (BaseHttpServer.java:<init>(110)) - Hadoop Security Enabled: false Ozone Security Enabled: false Ozone HTTP Security Enabled: false 
2023-09-23 10:03:39,178 [main] WARN  server.AuthenticationFilter (AuthenticationFilter.java:constructSecretProvider(240)) - Unable to initialize FileSignerSecretProvider, falling back to use random secrets. Reason: Could not read signature secret file: /home/runner/hadoop-http-auth-signature-secret
2023-09-23 10:03:39,179 [main] INFO  http.HttpRequestLog (HttpRequestLog.java:getRequestLog(86)) - Http request log for http.requests.ozoneManager is not defined
2023-09-23 10:03:39,181 [main] INFO  http.HttpServer2 (HttpServer2.java:addGlobalFilter(1031)) - Added global filter 'safety' (class=org.apache.hadoop.hdds.server.http.HttpServer2$QuotingInputFilter)
2023-09-23 10:03:39,182 [main] INFO  http.HttpServer2 (HttpServer2.java:addFilter(1007)) - Added filter static_user_filter (class=org.apache.hadoop.http.lib.StaticUserWebFilter$StaticUserFilter) to context ozoneManager
2023-09-23 10:03:39,183 [main] INFO  http.HttpServer2 (HttpServer2.java:addFilter(1015)) - Added filter static_user_filter (class=org.apache.hadoop.http.lib.StaticUserWebFilter$StaticUserFilter) to context static
2023-09-23 10:03:39,183 [main] INFO  http.HttpServer2 (HttpServer2.java:addFilter(1015)) - Added filter static_user_filter (class=org.apache.hadoop.http.lib.StaticUserWebFilter$StaticUserFilter) to context logs
2023-09-23 10:03:39,184 [main] INFO  http.BaseHttpServer (BaseHttpServer.java:<init>(189)) - HTTP server of ozoneManager uses base directory /home/runner/work/ozone/ozone/hadoop-ozone/integration-test/target/test-dir/MiniOzoneClusterImpl-221a8c4e-c666-4dc9-898e-ead2ee9f568a/omNode-3/webserver
2023-09-23 10:03:39,184 [main] INFO  http.HttpServer2 (HttpServer2.java:bindListener(1231)) - Jetty bound to port 15013
2023-09-23 10:03:39,184 [main] INFO  server.Server (Server.java:doStart(375)) - jetty-9.4.52.v20230823; built: 2023-08-23T19:29:37.669Z; git: abdcda73818a1a2c705da276edb0bf6581e7997e; jvm 1.8.0_382-b05
2023-09-23 10:03:39,197 [main] INFO  server.session (DefaultSessionIdManager.java:doStart(334)) - DefaultSessionIdManager workerName=node0
2023-09-23 10:03:39,197 [main] INFO  server.session (DefaultSessionIdManager.java:doStart(339)) - No SessionScavenger set, using defaults
2023-09-23 10:03:39,198 [main] INFO  server.session (HouseKeeper.java:startScavenging(132)) - node0 Scavenging every 660000ms
2023-09-23 10:03:39,198 [main] INFO  handler.ContextHandler (ContextHandler.java:doStart(921)) - Started o.e.j.s.ServletContextHandler@1325674c{logs,/logs,file:///home/runner/work/ozone/ozone/hadoop-ozone/integration-test/target/log,AVAILABLE}
2023-09-23 10:03:39,199 [main] INFO  handler.ContextHandler (ContextHandler.java:doStart(921)) - Started o.e.j.s.ServletContextHandler@3b8ebaba{static,/static,file:///home/runner/work/ozone/ozone/hadoop-ozone/integration-test/target/test-classes/webapps/static,AVAILABLE}
2023-09-23 10:03:39,204 [main] INFO  handler.ContextHandler (ContextHandler.java:doStart(921)) - Started o.e.j.w.WebAppContext@269d8be5{ozoneManager,/,file:///home/runner/work/ozone/ozone/hadoop-ozone/integration-test/target/test-classes/webapps/ozoneManager/,AVAILABLE}{file:/home/runner/work/ozone/ozone/hadoop-ozone/integration-test/target/test-classes/webapps/ozoneManager}
2023-09-23 10:03:39,206 [main] INFO  server.AbstractConnector (AbstractConnector.java:doStart(333)) - Started ServerConnector@66dabf89{HTTP/1.1, (http/1.1)}{0.0.0.0:15013}
2023-09-23 10:03:39,206 [main] INFO  server.Server (Server.java:doStart(415)) - Started @31144ms
2023-09-23 10:03:39,207 [main] WARN  impl.MetricsSystemImpl (MetricsSystemImpl.java:register(279)) - Sink prometheus already exists!
2023-09-23 10:03:39,207 [main] INFO  http.BaseHttpServer (BaseHttpServer.java:updateConnectorAddress(354)) - HTTP server of ozoneManager listening at http://0.0.0.0:15013
2023-09-23 10:03:39,208 [IPC Server Responder] INFO  ipc.Server (Server.java:run(1562)) - IPC Server Responder: starting
2023-09-23 10:03:39,214 [IPC Server listener on 15012] INFO  ipc.Server (Server.java:run(1402)) - IPC Server listener on 15012: starting
2023-09-23 10:03:39,220 [main] INFO  om.OzoneManager (OzoneManager.java:startTrashEmptier(2101)) - Trash Interval set to 0. Files deleted won't move to trash
2023-09-23 10:03:39,220 [main] INFO  om.OzoneManager (OzoneManager.java:stop(2207)) - omNode-1[localhost:15004]: Stopping Ozone Manager
2023-09-23 10:03:39,220 [main] INFO  ipc.Server (Server.java:stop(3523)) - Stopping server on 15004
2023-09-23 10:03:39,225 [IPC Server listener on 15004] INFO  ipc.Server (Server.java:run(1434)) - Stopping IPC Server listener on 15004
2023-09-23 10:03:39,225 [IPC Server Responder] INFO  ipc.Server (Server.java:run(1567)) - Stopping IPC Server Responder
2023-09-23 10:03:39,226 [main] INFO  server.RaftServer (RaftServerProxy.java:lambda$close$6(416)) - omNode-1: close
2023-09-23 10:03:39,227 [main] INFO  server.GrpcService (GrpcService.java:closeImpl(311)) - omNode-1: shutdown server GrpcServerProtocolService now
2023-09-23 10:03:39,227 [omNode-1-impl-thread1] INFO  server.RaftServer$Division (RaftServerImpl.java:lambda$close$4(466)) - omNode-1@group-523986131536: shutdown
2023-09-23 10:03:39,227 [omNode-1-impl-thread1] INFO  util.JmxRegister (JmxRegister.java:unregister(73)) - Successfully un-registered JMX Bean with object name Ratis:service=RaftServer,group=group-523986131536,id=omNode-1
2023-09-23 10:03:39,227 [omNode-1-impl-thread1] INFO  impl.RoleInfo (RoleInfo.java:shutdownLeaderState(93)) - omNode-1: shutdown omNode-1@group-523986131536-LeaderStateImpl
2023-09-23 10:03:39,228 [omNode-1-impl-thread1] INFO  impl.PendingRequests (PendingRequests.java:sendNotLeaderResponses(289)) - omNode-1@group-523986131536-PendingRequests: sendNotLeaderResponses
2023-09-23 10:03:39,228 [omNode-1@group-523986131536->omNode-3-GrpcLogAppender-LogAppenderDaemon] WARN  server.GrpcLogAppender (GrpcLogAppender.java:mayWait(199)) - omNode-1@group-523986131536->omNode-3-GrpcLogAppender: Wait interrupted by java.lang.InterruptedException
2023-09-23 10:03:39,229 [omNode-1@group-523986131536->omNode-2-GrpcLogAppender-LogAppenderDaemon] WARN  server.GrpcLogAppender (GrpcLogAppender.java:mayWait(199)) - omNode-1@group-523986131536->omNode-2-GrpcLogAppender: Wait interrupted by java.lang.InterruptedException
2023-09-23 10:03:39,230 [grpc-default-executor-3] INFO  server.GrpcServerProtocolService (GrpcServerProtocolService.java:onCompleted(155)) - omNode-3: Completed APPEND_ENTRIES, lastRequest: omNode-1->omNode-3#355-t1,previous=(t:1, i:199),leaderCommit=200,initializing? true,entries: size=1, first=(t:1, i:200), METADATAENTRY(c:199)
2023-09-23 10:03:39,231 [grpc-default-executor-3] INFO  server.GrpcServerProtocolService (GrpcServerProtocolService.java:lambda$onCompleted$5(157)) - omNode-3: Completed APPEND_ENTRIES, lastReply: null
2023-09-23 10:03:39,231 [grpc-default-executor-4] INFO  server.GrpcServerProtocolService (GrpcServerProtocolService.java:onCompleted(155)) - omNode-2: Completed APPEND_ENTRIES, lastRequest: omNode-1->omNode-2#326-t1,previous=(t:1, i:199),leaderCommit=199,initializing? true,entries: size=1, first=(t:1, i:200), METADATAENTRY(c:199)
2023-09-23 10:03:39,232 [grpc-default-executor-4] INFO  server.GrpcServerProtocolService (GrpcServerProtocolService.java:lambda$onCompleted$5(157)) - omNode-2: Completed APPEND_ENTRIES, lastReply: null
2023-09-23 10:03:39,233 [grpc-default-executor-1] INFO  server.GrpcLogAppender (GrpcLogAppender.java:onCompleted(428)) - omNode-1@group-523986131536->omNode-3-AppendLogResponseHandler: follower responses appendEntries COMPLETED
2023-09-23 10:03:39,233 [grpc-default-executor-1] INFO  leader.FollowerInfo (FollowerInfoImpl.java:lambda$new$0(52)) - omNode-1@group-523986131536->omNode-3: decreaseNextIndex nextIndex: updateUnconditionally 201 -> 200
2023-09-23 10:03:39,233 [grpc-default-executor-4] INFO  server.GrpcServerProtocolService (GrpcServerProtocolService.java:onCompleted(155)) - omNode-2: Completed APPEND_ENTRIES, lastRequest: null
2023-09-23 10:03:39,234 [grpc-default-executor-0] INFO  server.GrpcLogAppender (GrpcLogAppender.java:onCompleted(428)) - omNode-1@group-523986131536->omNode-2-AppendLogResponseHandler: follower responses appendEntries COMPLETED
2023-09-23 10:03:39,234 [grpc-default-executor-0] INFO  leader.FollowerInfo (FollowerInfoImpl.java:lambda$new$0(52)) - omNode-1@group-523986131536->omNode-2: decreaseNextIndex nextIndex: updateUnconditionally 201 -> 200
2023-09-23 10:03:39,235 [grpc-default-executor-3] INFO  server.GrpcServerProtocolService (GrpcServerProtocolService.java:onCompleted(155)) - omNode-3: Completed APPEND_ENTRIES, lastRequest: null
2023-09-23 10:03:39,235 [grpc-default-executor-3] INFO  server.GrpcServerProtocolService (GrpcServerProtocolService.java:lambda$onCompleted$5(157)) - omNode-3: Completed APPEND_ENTRIES, lastReply: null
2023-09-23 10:03:39,236 [grpc-default-executor-0] INFO  server.GrpcLogAppender (GrpcLogAppender.java:onCompleted(428)) - omNode-1@group-523986131536->omNode-3-AppendLogResponseHandler: follower responses appendEntries COMPLETED
2023-09-23 10:03:39,236 [grpc-default-executor-0] INFO  leader.FollowerInfo (FollowerInfoImpl.java:lambda$new$0(52)) - omNode-1@group-523986131536->omNode-3: decreaseNextIndex nextIndex: updateUnconditionally 200 -> 199
2023-09-23 10:03:39,237 [grpc-default-executor-4] INFO  server.GrpcServerProtocolService (GrpcServerProtocolService.java:lambda$onCompleted$5(157)) - omNode-2: Completed APPEND_ENTRIES, lastReply: serverReply {
  requestorId: "omNode-1"
  replyId: "omNode-2"
  raftGroupId {
    id: "\311\274L\364;\303<`\246kR9\206\023\0256"
  }
  callId: 331
  success: true
}
term: 1
nextIndex: 201
followerCommit: 200
matchIndex: 18446744073709551615
isHearbeat: true

2023-09-23 10:03:39,240 [grpc-default-executor-3] INFO  server.GrpcLogAppender (GrpcLogAppender.java:onCompleted(428)) - omNode-1@group-523986131536->omNode-2-AppendLogResponseHandler: follower responses appendEntries COMPLETED
2023-09-23 10:03:39,240 [grpc-default-executor-3] INFO  leader.FollowerInfo (FollowerInfoImpl.java:lambda$new$0(52)) - omNode-1@group-523986131536->omNode-2: decreaseNextIndex nextIndex: updateUnconditionally 200 -> 199
2023-09-23 10:03:39,243 [omNode-1@group-523986131536-StateMachineUpdater] INFO  ratis.OzoneManagerStateMachine (OzoneManagerStateMachine.java:close(534)) - StateMachine has shutdown. Shutdown OzoneManager if not already shutdown.
2023-09-23 10:03:39,243 [omNode-1@group-523986131536-StateMachineUpdater] INFO  ratis.OzoneManagerDoubleBuffer (OzoneManagerDoubleBuffer.java:stopDaemon(551)) - Stopping OMDoubleBuffer flush thread
2023-09-23 10:03:39,244 [OMDoubleBufferFlushThread] INFO  ratis.OzoneManagerDoubleBuffer (OzoneManagerDoubleBuffer.java:canFlush(638)) - OMDoubleBuffer flush thread OMDoubleBufferFlushThread is interrupted and will exit.
2023-09-23 10:03:39,244 [omNode-1-impl-thread1] INFO  impl.StateMachineUpdater (StateMachineUpdater.java:stopAndJoin(155)) - omNode-1@group-523986131536-StateMachineUpdater: set stopIndex = 200
2023-09-23 10:03:39,246 [omNode-1-impl-thread1] INFO  server.RaftServer$Division (ServerState.java:close(472)) - omNode-1@group-523986131536: closes. applyIndex: 200
2023-09-23 10:03:39,248 [Thread-1445] INFO  server.GrpcServerProtocolClient (GrpcServerProtocolClient.java:close(103)) - omNode-3 Close channels
2023-09-23 10:03:39,255 [Thread-1447] INFO  server.GrpcServerProtocolClient (GrpcServerProtocolClient.java:close(103)) - omNode-2 Close channels
2023-09-23 10:03:39,258 [main] INFO  server.GrpcService (GrpcService.java:closeImpl(320)) - omNode-1: shutdown server GrpcServerProtocolService successfully
2023-09-23 10:03:39,406 [omNode-1-impl-thread1] INFO  segmented.SegmentedRaftLogWorker (SegmentedRaftLogWorker.java:close(252)) - omNode-1@group-523986131536-SegmentedRaftLogWorker close()
2023-09-23 10:03:39,407 [JvmPauseMonitor1] INFO  util.JvmPauseMonitor (JvmPauseMonitor.java:run(109)) - JvmPauseMonitor-omNode-1: Stopped
2023-09-23 10:03:39,407 [main] INFO  ratis.OzoneManagerStateMachine (OzoneManagerStateMachine.java:close(534)) - StateMachine has shutdown. Shutdown OzoneManager if not already shutdown.
2023-09-23 10:03:39,408 [main] INFO  ratis.OzoneManagerDoubleBuffer (OzoneManagerDoubleBuffer.java:stopDaemon(560)) - OMDoubleBuffer flush thread is not running.
2023-09-23 10:03:39,409 [main] INFO  utils.BackgroundService (BackgroundService.java:shutdown(141)) - Shutting down service KeyDeletingService
2023-09-23 10:03:39,409 [main] INFO  utils.BackgroundService (BackgroundService.java:shutdown(141)) - Shutting down service KeyDeletingService
2023-09-23 10:03:39,409 [main] INFO  utils.BackgroundService (BackgroundService.java:shutdown(141)) - Shutting down service OpenKeyCleanupService
2023-09-23 10:03:39,410 [main] INFO  utils.BackgroundService (BackgroundService.java:shutdown(141)) - Shutting down service SstFilteringService
2023-09-23 10:03:39,410 [main] INFO  utils.BackgroundService (BackgroundService.java:shutdown(141)) - Shutting down service SnapshotDeletingService
2023-09-23 10:03:39,411 [main] INFO  handler.ContextHandler (ContextHandler.java:doStop(1159)) - Stopped o.e.j.w.WebAppContext@2d4a8842{ozoneManager,/,null,STOPPED}{file:/home/runner/work/ozone/ozone/hadoop-ozone/integration-test/target/test-classes/webapps/ozoneManager}
2023-09-23 10:03:39,412 [main] INFO  server.AbstractConnector (AbstractConnector.java:doStop(383)) - Stopped ServerConnector@4e80e1b5{HTTP/1.1, (http/1.1)}{0.0.0.0:15005}
2023-09-23 10:03:39,412 [main] INFO  server.session (HouseKeeper.java:stopScavenging(149)) - node0 Stopped scavenging
2023-09-23 10:03:39,412 [main] INFO  handler.ContextHandler (ContextHandler.java:doStop(1159)) - Stopped o.e.j.s.ServletContextHandler@5de29c1e{static,/static,file:///home/runner/work/ozone/ozone/hadoop-ozone/integration-test/target/test-classes/webapps/static,STOPPED}
2023-09-23 10:03:39,413 [main] INFO  handler.ContextHandler (ContextHandler.java:doStop(1159)) - Stopped o.e.j.s.ServletContextHandler@191dd84a{logs,/logs,file:///home/runner/work/ozone/ozone/hadoop-ozone/integration-test/target/log,STOPPED}
2023-09-23 10:03:39,414 [main] INFO  rocksdiff.RocksDBCheckpointDiffer (RocksDBCheckpointDiffer.java:close(343)) - Shutting down CompactionDagPruningService.
2023-09-23 10:03:39,416 [main] INFO  snapshot.SnapshotDiffManager (SnapshotDiffManager.java:closeExecutorService(1718)) - Shutting down executorService: 'SnapDiffExecutor'
2023-09-23 10:03:39,417 [main] INFO  snapshot.SnapshotDiffManager (SnapshotDiffManager.java:closeExecutorService(1718)) - Shutting down executorService: 'SstDumpToolExecutor'
2023-09-23 10:03:39,417 [main] INFO  utils.BackgroundService (BackgroundService.java:shutdown(141)) - Shutting down service SnapshotDiffCleanupService
2023-09-23 10:03:39,419 [main] INFO  om.OzoneManager (OzoneManager.java:restart(1715)) - OzoneManager RPC server is listening at localhost/127.0.0.1:15004
2023-09-23 10:03:39,419 [main] INFO  impl.MetricsSystemImpl (MetricsSystemImpl.java:init(158)) - OzoneManager metrics system started (again)
2023-09-23 10:03:39,435 [main] WARN  server.ServerUtils (ServerUtils.java:getDBPath(311)) - ozone.om.db.dirs is not configured. We recommend adding this setting. Falling back to ozone.metadata.dirs instead.
2023-09-23 10:03:39,436 [main] INFO  helpers.OmKeyInfo (OmKeyInfo.java:getCodec(71)) - OmKeyInfo.getCodec ignorePipeline = true
2023-09-23 10:03:39,490 [main] INFO  om.OzoneManager (OzoneManager.java:instantiateServices(794)) - S3 Multi-Tenancy is disabled
2023-09-23 10:03:39,491 [main] INFO  om.OmSnapshotManager (OmSnapshotManager.java:<init>(174)) - Ozone filesystem snapshot feature is enabled.
2023-09-23 10:03:39,491 [main] WARN  server.ServerUtils (ServerUtils.java:getDBPath(311)) - ozone.om.snapshot.diff.db.dir is not configured. We recommend adding this setting. Falling back to ozone.metadata.dirs instead.
2023-09-23 10:03:39,510 [main] INFO  snapshot.SnapshotDiffManager (SnapshotDiffManager.java:closeExecutorService(1718)) - Shutting down executorService: 'SstDumpToolExecutor'
2023-09-23 10:03:39,518 [main] WARN  server.ServerUtils (ServerUtils.java:getDefaultRatisDirectory(323)) - Storage directory for Ratis is not configured. It is a good idea to map this to an SSD disk. Falling back to ozone.metadata.dirs
2023-09-23 10:03:39,519 [main] INFO  ratis.OzoneManagerRatisServer (OzoneManagerRatisServer.java:<init>(163)) - Instantiating OM Ratis server with groupID: om-service-test1 and peers: localhost:15007, localhost:15015, localhost:15011
2023-09-23 10:03:39,520 [main] INFO  ratis.OzoneManagerStateMachine (OzoneManagerStateMachine.java:loadSnapshotInfoFromDB(687)) - LastAppliedIndex is set from TransactionInfo from OM DB as (t:1, i:200)
2023-09-23 10:03:39,522 [main] INFO  server.RaftServer (ConfUtils.java:logGet(46)) - raft.rpc.type = GRPC (default)
2023-09-23 10:03:39,523 [main] INFO  grpc.GrpcConfigKeys (ConfUtils.java:logFallback(53)) - raft.grpc.admin.host = null (fallback to raft.grpc.server.host)
2023-09-23 10:03:39,523 [main] INFO  grpc.GrpcConfigKeys (ConfUtils.java:logFallback(53)) - raft.grpc.admin.port = 15007 (fallback to raft.grpc.server.port)
2023-09-23 10:03:39,523 [main] INFO  grpc.GrpcConfigKeys (ConfUtils.java:logFallback(53)) - raft.grpc.client.host = null (fallback to raft.grpc.server.host)
2023-09-23 10:03:39,523 [main] INFO  grpc.GrpcConfigKeys (ConfUtils.java:logFallback(53)) - raft.grpc.client.port = 15007 (fallback to raft.grpc.server.port)
2023-09-23 10:03:39,523 [main] INFO  grpc.GrpcConfigKeys (ConfUtils.java:logGet(46)) - raft.grpc.server.host = null (default)
2023-09-23 10:03:39,523 [main] INFO  grpc.GrpcConfigKeys (ConfUtils.java:logGet(46)) - raft.grpc.server.port = 15007 (custom)
2023-09-23 10:03:39,524 [main] INFO  server.GrpcService (ConfUtils.java:logGet(46)) - raft.grpc.message.size.max = 33554432 (custom)
2023-09-23 10:03:39,524 [main] INFO  server.RaftServerConfigKeys (ConfUtils.java:logGet(46)) - raft.server.log.appender.buffer.byte-limit = 33554432 (custom)
2023-09-23 10:03:39,524 [main] INFO  server.GrpcService (ConfUtils.java:logGet(46)) - raft.grpc.flow.control.window = 1MB (=1048576) (default)
2023-09-23 10:03:39,524 [main] INFO  server.RaftServerConfigKeys (ConfUtils.java:logGet(46)) - raft.server.rpc.request.timeout = 3000ms (default)
2023-09-23 10:03:39,525 [main] INFO  grpc.GrpcConfigKeys (ConfUtils.java:logGet(46)) - raft.grpc.server.heartbeat.channel = true (default)
2023-09-23 10:03:39,525 [main] INFO  grpc.GrpcConfigKeys (ConfUtils.java:logGet(46)) - raft.grpc.server.async.request.thread.pool.cached = true (default)
2023-09-23 10:03:39,525 [main] INFO  grpc.GrpcConfigKeys (ConfUtils.java:logGet(46)) - raft.grpc.server.async.request.thread.pool.size = 32 (default)
2023-09-23 10:03:39,526 [main] INFO  impl.DataStreamServerImpl (ConfUtils.java:logGet(46)) - raft.datastream.type = DISABLED (default)
2023-09-23 10:03:39,526 [main] INFO  server.RaftServerConfigKeys (ConfUtils.java:logGet(46)) - raft.server.threadpool.proxy.cached = true (default)
2023-09-23 10:03:39,527 [main] INFO  server.RaftServerConfigKeys (ConfUtils.java:logGet(46)) - raft.server.threadpool.proxy.size = 0 (default)
2023-09-23 10:03:39,527 [main] INFO  server.RaftServerConfigKeys (ConfUtils.java:logGet(46)) - raft.server.rpc.slowness.timeout = 2s (custom)
2023-09-23 10:03:39,527 [main] INFO  server.RaftServerConfigKeys (ConfUtils.java:logGet(46)) - raft.server.leaderelection.leader.step-down.wait-time = 10s (default)
2023-09-23 10:03:39,527 [main] INFO  server.RaftServerConfigKeys (ConfUtils.java:logGet(46)) - raft.server.storage.dir = [/home/runner/work/ozone/ozone/hadoop-ozone/integration-test/target/test-dir/MiniOzoneClusterImpl-221a8c4e-c666-4dc9-898e-ead2ee9f568a/omNode-1/ratis] (custom)
2023-09-23 10:03:39,528 [omNode-1-impl-thread1] INFO  server.RaftServer (RaftServerProxy.java:initGroupDir(258)) - omNode-1: found a subdirectory /home/runner/work/ozone/ozone/hadoop-ozone/integration-test/target/test-dir/MiniOzoneClusterImpl-221a8c4e-c666-4dc9-898e-ead2ee9f568a/omNode-1/ratis/c9bc4cf4-3bc3-3c60-a66b-523986131536
2023-09-23 10:03:39,528 [main] INFO  server.RaftServer (RaftServerProxy.java:addNew(98)) - omNode-1: addNew group-523986131536:[omNode-3|rpc:localhost:15015|priority:0|startupRole:FOLLOWER, omNode-1|rpc:localhost:15007|priority:0|startupRole:FOLLOWER, omNode-2|rpc:localhost:15011|priority:0|startupRole:FOLLOWER] returns group-523986131536:java.util.concurrent.CompletableFuture@6a5995bf[Not completed]
2023-09-23 10:03:39,528 [omNode-1-groupManagement] INFO  server.RaftServer$Division (RaftServerImpl.java:<init>(198)) - omNode-1: new RaftServerImpl for group-523986131536:[omNode-3|rpc:localhost:15015|priority:0|startupRole:FOLLOWER, omNode-1|rpc:localhost:15007|priority:0|startupRole:FOLLOWER, omNode-2|rpc:localhost:15011|priority:0|startupRole:FOLLOWER] with OzoneManagerStateMachine:uninitialized
2023-09-23 10:03:39,528 [main] INFO  om.OzoneManager (OzoneManager.java:initializeRatisServer(2148)) - OzoneManager Ratis server initialized at port 15007
2023-09-23 10:03:39,528 [omNode-1-groupManagement] INFO  server.RaftServerConfigKeys (ConfUtils.java:logGet(46)) - raft.server.rpc.timeout.min = 1s (custom)
2023-09-23 10:03:39,529 [main] INFO  ratis.OzoneManagerRatisServer (OzoneManagerRatisServer.java:start(558)) - Starting OzoneManagerRatisServer omNode-1 at port 15007
2023-09-23 10:03:39,529 [omNode-1-groupManagement] INFO  server.RaftServerConfigKeys (ConfUtils.java:logGet(46)) - raft.server.rpc.timeout.max = 1200ms (custom)
2023-09-23 10:03:39,529 [omNode-1-groupManagement] INFO  server.RaftServerConfigKeys (ConfUtils.java:logGet(46)) - raft.server.rpc.sleep.time = 25ms (default)
2023-09-23 10:03:39,529 [omNode-1-groupManagement] INFO  server.RaftServerConfigKeys (ConfUtils.java:logGet(46)) - raft.server.rpc.slowness.timeout = 2s (custom)
2023-09-23 10:03:39,529 [omNode-1-groupManagement] INFO  server.RaftServerConfigKeys (ConfUtils.java:logGet(46)) - raft.server.leaderelection.leader.step-down.wait-time = 10s (default)
2023-09-23 10:03:39,529 [omNode-1-groupManagement] INFO  server.RaftServerConfigKeys (ConfUtils.java:logGet(46)) - raft.server.sleep.deviation.threshold = 300ms (default)
2023-09-23 10:03:39,530 [omNode-1-groupManagement] INFO  server.RaftServer$Division (ServerState.java:<init>(120)) - omNode-1@group-523986131536: ConfigurationManager, init=-1: peers:[omNode-3|rpc:localhost:15015|priority:0|startupRole:FOLLOWER, omNode-1|rpc:localhost:15007|priority:0|startupRole:FOLLOWER, omNode-2|rpc:localhost:15011|priority:0|startupRole:FOLLOWER]|listeners:[], old=null, confs=<EMPTY_MAP>
2023-09-23 10:03:39,530 [omNode-1-groupManagement] INFO  server.RaftServerConfigKeys (ConfUtils.java:logGet(46)) - raft.server.storage.dir = [/home/runner/work/ozone/ozone/hadoop-ozone/integration-test/target/test-dir/MiniOzoneClusterImpl-221a8c4e-c666-4dc9-898e-ead2ee9f568a/omNode-1/ratis] (custom)
2023-09-23 10:03:39,530 [omNode-1-groupManagement] INFO  server.RaftServerConfigKeys (ConfUtils.java:logGet(46)) - raft.server.log.corruption.policy = EXCEPTION (default)
2023-09-23 10:03:39,530 [omNode-1-groupManagement] INFO  server.RaftServerConfigKeys (ConfUtils.java:logGet(46)) - raft.server.storage.free-space.min = 0MB (=0) (default)
2023-09-23 10:03:39,530 [omNode-1-groupManagement] INFO  server.RaftServerConfigKeys (ConfUtils.java:logGet(46)) - raft.server.notification.no-leader.timeout = 2s (custom)
2023-09-23 10:03:39,530 [omNode-1-groupManagement] INFO  server.RaftServerConfigKeys (ConfUtils.java:logGet(46)) - raft.server.read.timeout = 10s (default)
2023-09-23 10:03:39,530 [omNode-1-groupManagement] INFO  server.RaftServerConfigKeys (ConfUtils.java:logGet(46)) - raft.server.retrycache.expirytime = 30000ms (custom)
2023-09-23 10:03:39,530 [omNode-1-groupManagement] INFO  server.RaftServerConfigKeys (ConfUtils.java:logGet(46)) - raft.server.retrycache.statistics.expirytime = 100μs (default)
2023-09-23 10:03:39,531 [omNode-1-groupManagement] INFO  server.RaftServerConfigKeys (ConfUtils.java:logGet(46)) - raft.server.read.option = DEFAULT (default)
2023-09-23 10:03:39,534 [omNode-1-groupManagement] INFO  server.RaftServerConfigKeys (ConfUtils.java:logGet(46)) - raft.server.rpc.request.timeout = 3000ms (default)
2023-09-23 10:03:39,534 [omNode-1-groupManagement] INFO  server.RaftServerConfigKeys (ConfUtils.java:logGet(46)) - raft.server.log.appender.install.snapshot.enabled = false (custom)
2023-09-23 10:03:39,534 [omNode-1-groupManagement] INFO  server.RaftServerConfigKeys (ConfUtils.java:logGet(46)) - raft.server.threadpool.server.cached = true (default)
2023-09-23 10:03:39,534 [omNode-1-groupManagement] INFO  server.RaftServerConfigKeys (ConfUtils.java:logGet(46)) - raft.server.threadpool.server.size = 0 (default)
2023-09-23 10:03:39,534 [omNode-1-groupManagement] INFO  server.RaftServerConfigKeys (ConfUtils.java:logGet(46)) - raft.server.threadpool.client.cached = true (default)
2023-09-23 10:03:39,534 [omNode-1-groupManagement] INFO  server.RaftServerConfigKeys (ConfUtils.java:logGet(46)) - raft.server.threadpool.client.size = 0 (default)
2023-09-23 10:03:39,536 [omNode-1-impl-thread1] INFO  storage.RaftStorageDirectory (RaftStorageDirectoryImpl.java:tryLock(231)) - Lock on /home/runner/work/ozone/ozone/hadoop-ozone/integration-test/target/test-dir/MiniOzoneClusterImpl-221a8c4e-c666-4dc9-898e-ead2ee9f568a/omNode-1/ratis/c9bc4cf4-3bc3-3c60-a66b-523986131536/in_use.lock acquired by nodename 6438@fv-az1239-715
2023-09-23 10:03:39,536 [omNode-1-impl-thread1] INFO  storage.RaftStorage (RaftStorageImpl.java:analyzeAndRecoverStorage(117)) - Read RaftStorageMetadata{term=1, votedFor=omNode-1} from /home/runner/work/ozone/ozone/hadoop-ozone/integration-test/target/test-dir/MiniOzoneClusterImpl-221a8c4e-c666-4dc9-898e-ead2ee9f568a/omNode-1/ratis/c9bc4cf4-3bc3-3c60-a66b-523986131536/current/raft-meta
2023-09-23 10:03:39,538 [omNode-1-impl-thread1] INFO  server.RaftServer$Division (ServerState.java:setRaftConf(434)) - omNode-1@group-523986131536: set configuration 0: peers:[omNode-3|rpc:localhost:15015|admin:|client:|dataStream:|priority:0|startupRole:FOLLOWER, omNode-1|rpc:localhost:15007|admin:|client:|dataStream:|priority:0|startupRole:FOLLOWER, omNode-2|rpc:localhost:15011|admin:|client:|dataStream:|priority:0|startupRole:FOLLOWER]|listeners:[], old=null
2023-09-23 10:03:39,538 [omNode-1-impl-thread1] INFO  server.RaftServerConfigKeys (ConfUtils.java:logGet(46)) - raft.server.log.use.memory = false (default)
2023-09-23 10:03:39,538 [omNode-1-impl-thread1] INFO  server.RaftServerConfigKeys (ConfUtils.java:logGet(46)) - raft.server.log.purge.gap = 50 (custom)
2023-09-23 10:03:39,539 [omNode-1-impl-thread1] INFO  server.RaftServerConfigKeys (ConfUtils.java:logGet(46)) - raft.server.log.appender.buffer.byte-limit = 33554432 (custom)
2023-09-23 10:03:39,539 [omNode-1-impl-thread1] INFO  server.RaftServerConfigKeys (ConfUtils.java:logGet(46)) - raft.server.log.statemachine.data.read.timeout = 1000ms (default)
2023-09-23 10:03:39,539 [omNode-1-impl-thread1] INFO  server.RaftServerConfigKeys (ConfUtils.java:logGet(46)) - raft.server.log.purge.preservation.log.num = 0 (default)
2023-09-23 10:03:39,539 [omNode-1-impl-thread1] INFO  server.RaftServerConfigKeys (ConfUtils.java:logGet(46)) - raft.server.log.segment.size.max = 4194304 (custom)
2023-09-23 10:03:39,540 [omNode-1-impl-thread1] INFO  server.RaftServerConfigKeys (ConfUtils.java:logGet(46)) - raft.server.log.segment.cache.num.max = 2 (custom)
2023-09-23 10:03:39,540 [omNode-1-impl-thread1] INFO  server.RaftServerConfigKeys (ConfUtils.java:logGet(46)) - raft.server.log.segment.cache.size.max = 200MB (=209715200) (default)
2023-09-23 10:03:39,540 [omNode-1-impl-thread1] INFO  server.RaftServerConfigKeys (ConfUtils.java:logGet(46)) - raft.server.log.appender.buffer.byte-limit = 33554432 (custom)
2023-09-23 10:03:39,540 [omNode-1-impl-thread1] INFO  segmented.SegmentedRaftLogWorker (SegmentedRaftLogWorker.java:<init>(188)) - new omNode-1@group-523986131536-SegmentedRaftLogWorker for RaftStorageImpl:Storage Directory /home/runner/work/ozone/ozone/hadoop-ozone/integration-test/target/test-dir/MiniOzoneClusterImpl-221a8c4e-c666-4dc9-898e-ead2ee9f568a/omNode-1/ratis/c9bc4cf4-3bc3-3c60-a66b-523986131536
2023-09-23 10:03:39,540 [omNode-1-impl-thread1] INFO  server.RaftServerConfigKeys (ConfUtils.java:logGet(46)) - raft.server.log.queue.byte-limit = 64MB (=67108864) (default)
2023-09-23 10:03:39,540 [omNode-1-impl-thread1] INFO  server.RaftServerConfigKeys (ConfUtils.java:logGet(46)) - raft.server.log.queue.element-limit = 4096 (default)
2023-09-23 10:03:39,540 [omNode-1-impl-thread1] INFO  server.RaftServerConfigKeys (ConfUtils.java:logGet(46)) - raft.server.log.segment.size.max = 4194304 (custom)
2023-09-23 10:03:39,540 [omNode-1-impl-thread1] INFO  server.RaftServerConfigKeys (ConfUtils.java:logGet(46)) - raft.server.log.preallocated.size = 4194304 (custom)
2023-09-23 10:03:39,540 [omNode-1-impl-thread1] INFO  server.RaftServerConfigKeys (ConfUtils.java:logGet(46)) - raft.server.log.force.sync.num = 128 (default)
2023-09-23 10:03:39,540 [omNode-1-impl-thread1] INFO  server.RaftServerConfigKeys (ConfUtils.java:logGet(46)) - raft.server.log.statemachine.data.sync = true (default)
2023-09-23 10:03:39,540 [omNode-1-impl-thread1] INFO  server.RaftServerConfigKeys (ConfUtils.java:logGet(46)) - raft.server.log.statemachine.data.sync.timeout = 10s (default)
2023-09-23 10:03:39,541 [omNode-1-impl-thread1] INFO  server.RaftServerConfigKeys (ConfUtils.java:logGet(46)) - raft.server.log.statemachine.data.sync.timeout.retry = -1 (default)
2023-09-23 10:03:39,542 [omNode-1-impl-thread1] INFO  server.RaftServerConfigKeys (ConfUtils.java:logGet(46)) - raft.server.log.write.buffer.size = 64KB (=65536) (default)
2023-09-23 10:03:39,542 [omNode-1-impl-thread1] INFO  server.RaftServerConfigKeys (ConfUtils.java:logGet(46)) - raft.server.log.appender.buffer.byte-limit = 33554432 (custom)
2023-09-23 10:03:39,548 [omNode-1-impl-thread1] INFO  server.RaftServerConfigKeys (ConfUtils.java:logGet(46)) - raft.server.log.unsafe-flush.enabled = false (default)
2023-09-23 10:03:39,548 [omNode-1-impl-thread1] INFO  server.RaftServerConfigKeys (ConfUtils.java:logGet(46)) - raft.server.log.async-flush.enabled = false (default)
2023-09-23 10:03:39,548 [omNode-1-impl-thread1] INFO  server.RaftServerConfigKeys (ConfUtils.java:logGet(46)) - raft.server.log.statemachine.data.caching.enabled = false (default)
2023-09-23 10:03:39,550 [omNode-1-impl-thread1] INFO  server.RaftServer$Division (ServerState.java:setRaftConf(434)) - omNode-1@group-523986131536: set configuration 0: peers:[omNode-3|rpc:localhost:15015|admin:|client:|dataStream:|priority:0|startupRole:FOLLOWER, omNode-1|rpc:localhost:15007|admin:|client:|dataStream:|priority:0|startupRole:FOLLOWER, omNode-2|rpc:localhost:15011|admin:|client:|dataStream:|priority:0|startupRole:FOLLOWER]|listeners:[], old=null
2023-09-23 10:03:39,559 [omNode-1-impl-thread1] INFO  segmented.LogSegment (LogSegment.java:loadSegment(170)) - Successfully read 201 entries from segment file /home/runner/work/ozone/ozone/hadoop-ozone/integration-test/target/test-dir/MiniOzoneClusterImpl-221a8c4e-c666-4dc9-898e-ead2ee9f568a/omNode-1/ratis/c9bc4cf4-3bc3-3c60-a66b-523986131536/current/log_inprogress_0
2023-09-23 10:03:39,559 [omNode-1-impl-thread1] INFO  segmented.SegmentedRaftLogWorker (SegmentedRaftLogWorker.java:lambda$new$0(135)) - omNode-1@group-523986131536-SegmentedRaftLogWorker: flushIndex: setUnconditionally 0 -> 200
2023-09-23 10:03:39,559 [omNode-1-impl-thread1] INFO  segmented.SegmentedRaftLogWorker (SegmentedRaftLogWorker.java:lambda$new$0(135)) - omNode-1@group-523986131536-SegmentedRaftLogWorker: safeCacheEvictIndex: setUnconditionally 0 -> -1
2023-09-23 10:03:39,560 [omNode-1-impl-thread1] INFO  server.RaftServer$Division (RaftServerImpl.java:start(342)) - omNode-1@group-523986131536: start as a follower, conf=0: peers:[omNode-3|rpc:localhost:15015|admin:|client:|dataStream:|priority:0|startupRole:FOLLOWER, omNode-1|rpc:localhost:15007|admin:|client:|dataStream:|priority:0|startupRole:FOLLOWER, omNode-2|rpc:localhost:15011|admin:|client:|dataStream:|priority:0|startupRole:FOLLOWER]|listeners:[], old=null
2023-09-23 10:03:39,560 [omNode-1-impl-thread1] INFO  server.RaftServer$Division (RaftServerImpl.java:setRole(329)) - omNode-1@group-523986131536: changes role from      null to FOLLOWER at term 1 for startAsFollower
2023-09-23 10:03:39,560 [omNode-1-impl-thread1] INFO  impl.RoleInfo (RoleInfo.java:updateAndGet(139)) - omNode-1: start omNode-1@group-523986131536-FollowerState
2023-09-23 10:03:39,560 [omNode-1-impl-thread1] INFO  util.JmxRegister (JmxRegister.java:tryRegister(44)) - Successfully registered JMX Bean with object name Ratis:service=RaftServer,group=group-523986131536,id=omNode-1
2023-09-23 10:03:39,560 [omNode-1-impl-thread1] INFO  server.RaftServerConfigKeys (ConfUtils.java:logGet(46)) - raft.server.snapshot.auto.trigger.enabled = true (custom)
2023-09-23 10:03:39,560 [omNode-1-impl-thread1] INFO  server.RaftServerConfigKeys (ConfUtils.java:logGet(46)) - raft.server.snapshot.auto.trigger.threshold = 50 (custom)
2023-09-23 10:03:39,560 [omNode-1-impl-thread1] INFO  server.RaftServerConfigKeys (ConfUtils.java:logGet(46)) - raft.server.snapshot.retention.file.num = -1 (default)
2023-09-23 10:03:39,560 [omNode-1-impl-thread1] INFO  server.RaftServerConfigKeys (ConfUtils.java:logGet(46)) - raft.server.log.purge.upto.snapshot.index = true (custom)
2023-09-23 10:03:39,561 [omNode-1@group-523986131536-FollowerState] INFO  server.RaftServerConfigKeys (ConfUtils.java:logFallback(53)) - raft.server.rpc.first-election.timeout.min = 1s (fallback to raft.server.rpc.timeout.min)
2023-09-23 10:03:39,561 [omNode-1@group-523986131536-FollowerState] INFO  server.RaftServerConfigKeys (ConfUtils.java:logFallback(53)) - raft.server.rpc.first-election.timeout.max = 1200ms (fallback to raft.server.rpc.timeout.max)
2023-09-23 10:03:39,565 [main] INFO  server.RaftServer (RaftServerProxy.java:startImpl(400)) - omNode-1: start RPC server
2023-09-23 10:03:39,571 [main] INFO  server.GrpcService (GrpcService.java:startImpl(302)) - omNode-1: GrpcService started, listening on 15007
2023-09-23 10:03:39,572 [main] INFO  om.OzoneManager (OzoneManager.java:getRpcServer(1196)) - Creating RPC Server
2023-09-23 10:03:39,572 [JvmPauseMonitor8] INFO  util.JvmPauseMonitor (JvmPauseMonitor.java:run(103)) - JvmPauseMonitor-omNode-1: Started
2023-09-23 10:03:39,827 [omNode-3@group-523986131536-FollowerState] INFO  server.RaftServerConfigKeys (ConfUtils.java:logFallback(53)) - raft.server.rpc.first-election.timeout.min = 1s (fallback to raft.server.rpc.timeout.min)
2023-09-23 10:03:39,827 [omNode-3@group-523986131536-FollowerState] INFO  server.RaftServerConfigKeys (ConfUtils.java:logFallback(53)) - raft.server.rpc.first-election.timeout.max = 1200ms (fallback to raft.server.rpc.timeout.max)
2023-09-23 10:03:40,094 [main] INFO  reflections.Reflections (Reflections.java:scan(232)) - Reflections took 521 ms to scan 20 urls, producing 71 keys and 6030 values [using 2 cores]
2023-09-23 10:03:40,096 [main] INFO  ipc.CallQueueManager (CallQueueManager.java:<init>(90)) - Using callQueue: class java.util.concurrent.LinkedBlockingQueue, queueCapacity: 2000, scheduler: class org.apache.hadoop.ipc.DefaultRpcScheduler, ipcBackoff: false.
2023-09-23 10:03:40,096 [main] INFO  ipc.Server (Server.java:<init>(1287)) - Listener at localhost:15004
2023-09-23 10:03:40,097 [Socket Reader #1 for port 15004] INFO  ipc.Server (Server.java:run(1323)) - Starting Socket Reader #1 for port 15004
2023-09-23 10:03:40,103 [main] INFO  http.BaseHttpServer (BaseHttpServer.java:newHttpServer2BuilderForOzone(223)) - Starting Web-server for ozoneManager at: http://0.0.0.0:15005
2023-09-23 10:03:40,103 [main] INFO  http.BaseHttpServer (BaseHttpServer.java:<init>(110)) - Hadoop Security Enabled: false Ozone Security Enabled: false Ozone HTTP Security Enabled: false 
2023-09-23 10:03:40,105 [main] WARN  server.AuthenticationFilter (AuthenticationFilter.java:constructSecretProvider(240)) - Unable to initialize FileSignerSecretProvider, falling back to use random secrets. Reason: Could not read signature secret file: /home/runner/hadoop-http-auth-signature-secret
2023-09-23 10:03:40,105 [main] INFO  http.HttpRequestLog (HttpRequestLog.java:getRequestLog(86)) - Http request log for http.requests.ozoneManager is not defined
2023-09-23 10:03:40,108 [main] INFO  http.HttpServer2 (HttpServer2.java:addGlobalFilter(1031)) - Added global filter 'safety' (class=org.apache.hadoop.hdds.server.http.HttpServer2$QuotingInputFilter)
2023-09-23 10:03:40,108 [main] INFO  http.HttpServer2 (HttpServer2.java:addFilter(1007)) - Added filter static_user_filter (class=org.apache.hadoop.http.lib.StaticUserWebFilter$StaticUserFilter) to context ozoneManager
2023-09-23 10:03:40,109 [main] INFO  http.HttpServer2 (HttpServer2.java:addFilter(1015)) - Added filter static_user_filter (class=org.apache.hadoop.http.lib.StaticUserWebFilter$StaticUserFilter) to context logs
2023-09-23 10:03:40,109 [main] INFO  http.HttpServer2 (HttpServer2.java:addFilter(1015)) - Added filter static_user_filter (class=org.apache.hadoop.http.lib.StaticUserWebFilter$StaticUserFilter) to context static
2023-09-23 10:03:40,110 [main] INFO  http.BaseHttpServer (BaseHttpServer.java:<init>(189)) - HTTP server of ozoneManager uses base directory /home/runner/work/ozone/ozone/hadoop-ozone/integration-test/target/test-dir/MiniOzoneClusterImpl-221a8c4e-c666-4dc9-898e-ead2ee9f568a/omNode-1/webserver
2023-09-23 10:03:40,110 [main] INFO  http.HttpServer2 (HttpServer2.java:bindListener(1231)) - Jetty bound to port 15005
2023-09-23 10:03:40,110 [main] INFO  server.Server (Server.java:doStart(375)) - jetty-9.4.52.v20230823; built: 2023-08-23T19:29:37.669Z; git: abdcda73818a1a2c705da276edb0bf6581e7997e; jvm 1.8.0_382-b05
2023-09-23 10:03:40,112 [main] INFO  server.session (DefaultSessionIdManager.java:doStart(334)) - DefaultSessionIdManager workerName=node0
2023-09-23 10:03:40,112 [main] INFO  server.session (DefaultSessionIdManager.java:doStart(339)) - No SessionScavenger set, using defaults
2023-09-23 10:03:40,112 [main] INFO  server.session (HouseKeeper.java:startScavenging(132)) - node0 Scavenging every 660000ms
2023-09-23 10:03:40,114 [main] INFO  handler.ContextHandler (ContextHandler.java:doStart(921)) - Started o.e.j.s.ServletContextHandler@3970476d{logs,/logs,file:///home/runner/work/ozone/ozone/hadoop-ozone/integration-test/target/log,AVAILABLE}
2023-09-23 10:03:40,114 [main] INFO  handler.ContextHandler (ContextHandler.java:doStart(921)) - Started o.e.j.s.ServletContextHandler@63484357{static,/static,file:///home/runner/work/ozone/ozone/hadoop-ozone/integration-test/target/test-classes/webapps/static,AVAILABLE}
2023-09-23 10:03:40,122 [main] INFO  handler.ContextHandler (ContextHandler.java:doStart(921)) - Started o.e.j.w.WebAppContext@65c5fae6{ozoneManager,/,file:///home/runner/work/ozone/ozone/hadoop-ozone/integration-test/target/test-classes/webapps/ozoneManager/,AVAILABLE}{file:/home/runner/work/ozone/ozone/hadoop-ozone/integration-test/target/test-classes/webapps/ozoneManager}
2023-09-23 10:03:40,124 [main] INFO  server.AbstractConnector (AbstractConnector.java:doStart(333)) - Started ServerConnector@3968ed31{HTTP/1.1, (http/1.1)}{0.0.0.0:15005}
2023-09-23 10:03:40,124 [main] INFO  server.Server (Server.java:doStart(415)) - Started @32062ms
2023-09-23 10:03:40,124 [main] WARN  impl.MetricsSystemImpl (MetricsSystemImpl.java:register(279)) - Sink prometheus already exists!
2023-09-23 10:03:40,125 [main] INFO  http.BaseHttpServer (BaseHttpServer.java:updateConnectorAddress(354)) - HTTP server of ozoneManager listening at http://0.0.0.0:15005
2023-09-23 10:03:40,125 [IPC Server Responder] INFO  ipc.Server (Server.java:run(1562)) - IPC Server Responder: starting
2023-09-23 10:03:40,125 [IPC Server listener on 15004] INFO  ipc.Server (Server.java:run(1402)) - IPC Server listener on 15004: starting
2023-09-23 10:03:40,130 [main] INFO  om.OzoneManager (OzoneManager.java:startTrashEmptier(2101)) - Trash Interval set to 0. Files deleted won't move to trash
2023-09-23 10:03:40,130 [main] INFO  om.OzoneManager (OzoneManager.java:stop(2207)) - omNode-2[localhost:15008]: Stopping Ozone Manager
2023-09-23 10:03:40,130 [main] INFO  ipc.Server (Server.java:stop(3523)) - Stopping server on 15008
2023-09-23 10:03:40,137 [IPC Server Responder] INFO  ipc.Server (Server.java:run(1567)) - Stopping IPC Server Responder
2023-09-23 10:03:40,137 [IPC Server listener on 15008] INFO  ipc.Server (Server.java:run(1434)) - Stopping IPC Server listener on 15008
2023-09-23 10:03:40,139 [main] INFO  server.RaftServer (RaftServerProxy.java:lambda$close$6(416)) - omNode-2: close
2023-09-23 10:03:40,139 [main] INFO  server.GrpcService (GrpcService.java:closeImpl(311)) - omNode-2: shutdown server GrpcServerProtocolService now
2023-09-23 10:03:40,139 [omNode-2-impl-thread1] INFO  server.RaftServer$Division (RaftServerImpl.java:lambda$close$4(466)) - omNode-2@group-523986131536: shutdown
2023-09-23 10:03:40,139 [omNode-2-impl-thread1] INFO  util.JmxRegister (JmxRegister.java:unregister(73)) - Successfully un-registered JMX Bean with object name Ratis:service=RaftServer,group=group-523986131536,id=omNode-2
2023-09-23 10:03:40,140 [omNode-2-impl-thread1] INFO  impl.RoleInfo (RoleInfo.java:shutdownFollowerState(110)) - omNode-2: shutdown omNode-2@group-523986131536-FollowerState
2023-09-23 10:03:40,140 [omNode-2-impl-thread1] INFO  impl.StateMachineUpdater (StateMachineUpdater.java:stopAndJoin(155)) - omNode-2@group-523986131536-StateMachineUpdater: set stopIndex = 200
2023-09-23 10:03:40,140 [omNode-2@group-523986131536-StateMachineUpdater] INFO  ratis.OzoneManagerStateMachine (OzoneManagerStateMachine.java:takeSnapshot(480)) - Current Snapshot Index (t:1, i:200)
2023-09-23 10:03:40,140 [omNode-2@group-523986131536-FollowerState] INFO  impl.FollowerState (FollowerState.java:run(152)) - omNode-2@group-523986131536-FollowerState was interrupted
2023-09-23 10:03:40,142 [main] INFO  server.GrpcService (GrpcService.java:closeImpl(320)) - omNode-2: shutdown server GrpcServerProtocolService successfully
2023-09-23 10:03:40,163 [Thread-1615] INFO  rocksdiff.RocksDBCheckpointDiffer (RocksDBCheckpointDiffer.java:onCompactionCompleted(544)) - Skipped the compaction entry. Compaction input files: [/home/runner/work/ozone/ozone/hadoop-ozone/integration-test/target/test-dir/MiniOzoneClusterImpl-221a8c4e-c666-4dc9-898e-ead2ee9f568a/omNode-2/om.db/000077.sst, /home/runner/work/ozone/ozone/hadoop-ozone/integration-test/target/test-dir/MiniOzoneClusterImpl-221a8c4e-c666-4dc9-898e-ead2ee9f568a/omNode-2/om.db/000071.sst, /home/runner/work/ozone/ozone/hadoop-ozone/integration-test/target/test-dir/MiniOzoneClusterImpl-221a8c4e-c666-4dc9-898e-ead2ee9f568a/omNode-2/om.db/000063.sst, /home/runner/work/ozone/ozone/hadoop-ozone/integration-test/target/test-dir/MiniOzoneClusterImpl-221a8c4e-c666-4dc9-898e-ead2ee9f568a/omNode-2/om.db/000055.sst] and output files: [/home/runner/work/ozone/ozone/hadoop-ozone/integration-test/target/test-dir/MiniOzoneClusterImpl-221a8c4e-c666-4dc9-898e-ead2ee9f568a/omNode-2/om.db/000077.sst, /home/runner/work/ozone/ozone/hadoop-ozone/integration-test/target/test-dir/MiniOzoneClusterImpl-221a8c4e-c666-4dc9-898e-ead2ee9f568a/omNode-2/om.db/000071.sst, /home/runner/work/ozone/ozone/hadoop-ozone/integration-test/target/test-dir/MiniOzoneClusterImpl-221a8c4e-c666-4dc9-898e-ead2ee9f568a/omNode-2/om.db/000063.sst, /home/runner/work/ozone/ozone/hadoop-ozone/integration-test/target/test-dir/MiniOzoneClusterImpl-221a8c4e-c666-4dc9-898e-ead2ee9f568a/omNode-2/om.db/000055.sst] are same.
2023-09-23 10:03:40,169 [omNode-2@group-523986131536-StateMachineUpdater] INFO  impl.StateMachineUpdater (StateMachineUpdater.java:takeSnapshot(291)) - omNode-2@group-523986131536-StateMachineUpdater: Took a snapshot at index 200
2023-09-23 10:03:40,169 [omNode-2@group-523986131536-StateMachineUpdater] INFO  impl.StateMachineUpdater (StateMachineUpdater.java:lambda$new$0(97)) - omNode-2@group-523986131536-StateMachineUpdater: snapshotIndex: updateIncreasingly 152 -> 200
2023-09-23 10:03:40,169 [omNode-2@group-523986131536-StateMachineUpdater] INFO  ratis.OzoneManagerStateMachine (OzoneManagerStateMachine.java:close(534)) - StateMachine has shutdown. Shutdown OzoneManager if not already shutdown.
2023-09-23 10:03:40,169 [omNode-2@group-523986131536-StateMachineUpdater] INFO  ratis.OzoneManagerDoubleBuffer (OzoneManagerDoubleBuffer.java:stopDaemon(551)) - Stopping OMDoubleBuffer flush thread
2023-09-23 10:03:40,169 [OMDoubleBufferFlushThread] INFO  ratis.OzoneManagerDoubleBuffer (OzoneManagerDoubleBuffer.java:canFlush(638)) - OMDoubleBuffer flush thread OMDoubleBufferFlushThread is interrupted and will exit.
2023-09-23 10:03:40,171 [omNode-2-impl-thread1] INFO  server.RaftServer$Division (ServerState.java:close(472)) - omNode-2@group-523986131536: closes. applyIndex: 200
2023-09-23 10:03:40,414 [omNode-2-impl-thread1] INFO  segmented.SegmentedRaftLogWorker (SegmentedRaftLogWorker.java:close(252)) - omNode-2@group-523986131536-SegmentedRaftLogWorker close()
2023-09-23 10:03:40,415 [JvmPauseMonitor2] INFO  util.JvmPauseMonitor (JvmPauseMonitor.java:run(109)) - JvmPauseMonitor-omNode-2: Stopped
2023-09-23 10:03:40,415 [main] INFO  ratis.OzoneManagerStateMachine (OzoneManagerStateMachine.java:close(534)) - StateMachine has shutdown. Shutdown OzoneManager if not already shutdown.
2023-09-23 10:03:40,415 [main] INFO  ratis.OzoneManagerDoubleBuffer (OzoneManagerDoubleBuffer.java:stopDaemon(560)) - OMDoubleBuffer flush thread is not running.
2023-09-23 10:03:40,416 [main] INFO  utils.BackgroundService (BackgroundService.java:shutdown(141)) - Shutting down service KeyDeletingService
2023-09-23 10:03:40,416 [main] INFO  utils.BackgroundService (BackgroundService.java:shutdown(141)) - Shutting down service KeyDeletingService
2023-09-23 10:03:40,416 [main] INFO  utils.BackgroundService (BackgroundService.java:shutdown(141)) - Shutting down service OpenKeyCleanupService
2023-09-23 10:03:40,417 [main] INFO  utils.BackgroundService (BackgroundService.java:shutdown(141)) - Shutting down service SstFilteringService
2023-09-23 10:03:40,417 [main] INFO  utils.BackgroundService (BackgroundService.java:shutdown(141)) - Shutting down service SnapshotDeletingService
2023-09-23 10:03:40,418 [main] INFO  handler.ContextHandler (ContextHandler.java:doStop(1159)) - Stopped o.e.j.w.WebAppContext@1f5e30ca{ozoneManager,/,null,STOPPED}{file:/home/runner/work/ozone/ozone/hadoop-ozone/integration-test/target/test-classes/webapps/ozoneManager}
2023-09-23 10:03:40,419 [main] INFO  server.AbstractConnector (AbstractConnector.java:doStop(383)) - Stopped ServerConnector@623efc15{HTTP/1.1, (http/1.1)}{0.0.0.0:15009}
2023-09-23 10:03:40,419 [main] INFO  server.session (HouseKeeper.java:stopScavenging(149)) - node0 Stopped scavenging
2023-09-23 10:03:40,419 [main] INFO  handler.ContextHandler (ContextHandler.java:doStop(1159)) - Stopped o.e.j.s.ServletContextHandler@7eee26ae{static,/static,file:///home/runner/work/ozone/ozone/hadoop-ozone/integration-test/target/test-classes/webapps/static,STOPPED}
2023-09-23 10:03:40,419 [main] INFO  handler.ContextHandler (ContextHandler.java:doStop(1159)) - Stopped o.e.j.s.ServletContextHandler@1f678943{logs,/logs,file:///home/runner/work/ozone/ozone/hadoop-ozone/integration-test/target/log,STOPPED}
2023-09-23 10:03:40,421 [main] INFO  rocksdiff.RocksDBCheckpointDiffer (RocksDBCheckpointDiffer.java:close(343)) - Shutting down CompactionDagPruningService.
2023-09-23 10:03:40,423 [main] INFO  snapshot.SnapshotDiffManager (SnapshotDiffManager.java:closeExecutorService(1718)) - Shutting down executorService: 'SnapDiffExecutor'
2023-09-23 10:03:40,423 [main] INFO  snapshot.SnapshotDiffManager (SnapshotDiffManager.java:closeExecutorService(1718)) - Shutting down executorService: 'SstDumpToolExecutor'
2023-09-23 10:03:40,423 [main] INFO  utils.BackgroundService (BackgroundService.java:shutdown(141)) - Shutting down service SnapshotDiffCleanupService
2023-09-23 10:03:40,425 [main] INFO  om.OzoneManager (OzoneManager.java:restart(1715)) - OzoneManager RPC server is listening at localhost/127.0.0.1:15008
2023-09-23 10:03:40,425 [main] INFO  impl.MetricsSystemImpl (MetricsSystemImpl.java:init(158)) - OzoneManager metrics system started (again)
2023-09-23 10:03:40,438 [main] WARN  server.ServerUtils (ServerUtils.java:getDBPath(311)) - ozone.om.db.dirs is not configured. We recommend adding this setting. Falling back to ozone.metadata.dirs instead.
2023-09-23 10:03:40,438 [main] INFO  helpers.OmKeyInfo (OmKeyInfo.java:getCodec(71)) - OmKeyInfo.getCodec ignorePipeline = true
2023-09-23 10:03:40,591 [main] INFO  om.OzoneManager (OzoneManager.java:instantiateServices(794)) - S3 Multi-Tenancy is disabled
2023-09-23 10:03:40,593 [main] INFO  om.OmSnapshotManager (OmSnapshotManager.java:<init>(174)) - Ozone filesystem snapshot feature is enabled.
2023-09-23 10:03:40,593 [main] WARN  server.ServerUtils (ServerUtils.java:getDBPath(311)) - ozone.om.snapshot.diff.db.dir is not configured. We recommend adding this setting. Falling back to ozone.metadata.dirs instead.
2023-09-23 10:03:40,607 [main] INFO  snapshot.SnapshotDiffManager (SnapshotDiffManager.java:closeExecutorService(1718)) - Shutting down executorService: 'SstDumpToolExecutor'
2023-09-23 10:03:40,612 [main] WARN  server.ServerUtils (ServerUtils.java:getDefaultRatisDirectory(323)) - Storage directory for Ratis is not configured. It is a good idea to map this to an SSD disk. Falling back to ozone.metadata.dirs
2023-09-23 10:03:40,614 [main] INFO  ratis.OzoneManagerRatisServer (OzoneManagerRatisServer.java:<init>(163)) - Instantiating OM Ratis server with groupID: om-service-test1 and peers: localhost:15011, localhost:15015, localhost:15007
2023-09-23 10:03:40,615 [main] INFO  ratis.OzoneManagerStateMachine (OzoneManagerStateMachine.java:loadSnapshotInfoFromDB(687)) - LastAppliedIndex is set from TransactionInfo from OM DB as (t:1, i:200)
2023-09-23 10:03:40,615 [main] INFO  server.RaftServer (ConfUtils.java:logGet(46)) - raft.rpc.type = GRPC (default)
2023-09-23 10:03:40,615 [main] INFO  grpc.GrpcConfigKeys (ConfUtils.java:logFallback(53)) - raft.grpc.admin.host = null (fallback to raft.grpc.server.host)
2023-09-23 10:03:40,615 [main] INFO  grpc.GrpcConfigKeys (ConfUtils.java:logFallback(53)) - raft.grpc.admin.port = 15011 (fallback to raft.grpc.server.port)
2023-09-23 10:03:40,616 [main] INFO  grpc.GrpcConfigKeys (ConfUtils.java:logFallback(53)) - raft.grpc.client.host = null (fallback to raft.grpc.server.host)
2023-09-23 10:03:40,616 [main] INFO  grpc.GrpcConfigKeys (ConfUtils.java:logFallback(53)) - raft.grpc.client.port = 15011 (fallback to raft.grpc.server.port)
2023-09-23 10:03:40,616 [main] INFO  grpc.GrpcConfigKeys (ConfUtils.java:logGet(46)) - raft.grpc.server.host = null (default)
2023-09-23 10:03:40,616 [main] INFO  grpc.GrpcConfigKeys (ConfUtils.java:logGet(46)) - raft.grpc.server.port = 15011 (custom)
2023-09-23 10:03:40,616 [main] INFO  server.GrpcService (ConfUtils.java:logGet(46)) - raft.grpc.message.size.max = 33554432 (custom)
2023-09-23 10:03:40,616 [main] INFO  server.RaftServerConfigKeys (ConfUtils.java:logGet(46)) - raft.server.log.appender.buffer.byte-limit = 33554432 (custom)
2023-09-23 10:03:40,617 [main] INFO  server.GrpcService (ConfUtils.java:logGet(46)) - raft.grpc.flow.control.window = 1MB (=1048576) (default)
2023-09-23 10:03:40,617 [main] INFO  server.RaftServerConfigKeys (ConfUtils.java:logGet(46)) - raft.server.rpc.request.timeout = 3000ms (default)
2023-09-23 10:03:40,617 [main] INFO  grpc.GrpcConfigKeys (ConfUtils.java:logGet(46)) - raft.grpc.server.heartbeat.channel = true (default)
2023-09-23 10:03:40,617 [main] INFO  grpc.GrpcConfigKeys (ConfUtils.java:logGet(46)) - raft.grpc.server.async.request.thread.pool.cached = true (default)
2023-09-23 10:03:40,618 [main] INFO  grpc.GrpcConfigKeys (ConfUtils.java:logGet(46)) - raft.grpc.server.async.request.thread.pool.size = 32 (default)
2023-09-23 10:03:40,620 [main] INFO  impl.DataStreamServerImpl (ConfUtils.java:logGet(46)) - raft.datastream.type = DISABLED (default)
2023-09-23 10:03:40,620 [main] INFO  server.RaftServerConfigKeys (ConfUtils.java:logGet(46)) - raft.server.threadpool.proxy.cached = true (default)
2023-09-23 10:03:40,620 [main] INFO  server.RaftServerConfigKeys (ConfUtils.java:logGet(46)) - raft.server.threadpool.proxy.size = 0 (default)
2023-09-23 10:03:40,621 [main] INFO  server.RaftServerConfigKeys (ConfUtils.java:logGet(46)) - raft.server.rpc.slowness.timeout = 2s (custom)
2023-09-23 10:03:40,621 [main] INFO  server.RaftServerConfigKeys (ConfUtils.java:logGet(46)) - raft.server.leaderelection.leader.step-down.wait-time = 10s (default)
2023-09-23 10:03:40,621 [main] INFO  server.RaftServerConfigKeys (ConfUtils.java:logGet(46)) - raft.server.storage.dir = [/home/runner/work/ozone/ozone/hadoop-ozone/integration-test/target/test-dir/MiniOzoneClusterImpl-221a8c4e-c666-4dc9-898e-ead2ee9f568a/omNode-2/ratis] (custom)
2023-09-23 10:03:40,622 [omNode-2-impl-thread1] INFO  server.RaftServer (RaftServerProxy.java:initGroupDir(258)) - omNode-2: found a subdirectory /home/runner/work/ozone/ozone/hadoop-ozone/integration-test/target/test-dir/MiniOzoneClusterImpl-221a8c4e-c666-4dc9-898e-ead2ee9f568a/omNode-2/ratis/c9bc4cf4-3bc3-3c60-a66b-523986131536
2023-09-23 10:03:40,626 [main] INFO  server.RaftServer (RaftServerProxy.java:addNew(98)) - omNode-2: addNew group-523986131536:[omNode-3|rpc:localhost:15015|priority:0|startupRole:FOLLOWER, omNode-1|rpc:localhost:15007|priority:0|startupRole:FOLLOWER, omNode-2|rpc:localhost:15011|priority:0|startupRole:FOLLOWER] returns group-523986131536:java.util.concurrent.CompletableFuture@7b676801[Not completed]
2023-09-23 10:03:40,626 [main] INFO  om.OzoneManager (OzoneManager.java:initializeRatisServer(2148)) - OzoneManager Ratis server initialized at port 15011
2023-09-23 10:03:40,626 [main] INFO  ratis.OzoneManagerRatisServer (OzoneManagerRatisServer.java:start(558)) - Starting OzoneManagerRatisServer omNode-2 at port 15011
2023-09-23 10:03:40,626 [omNode-2-groupManagement] INFO  server.RaftServer$Division (RaftServerImpl.java:<init>(198)) - omNode-2: new RaftServerImpl for group-523986131536:[omNode-3|rpc:localhost:15015|priority:0|startupRole:FOLLOWER, omNode-1|rpc:localhost:15007|priority:0|startupRole:FOLLOWER, omNode-2|rpc:localhost:15011|priority:0|startupRole:FOLLOWER] with OzoneManagerStateMachine:uninitialized
2023-09-23 10:03:40,626 [omNode-2-groupManagement] INFO  server.RaftServerConfigKeys (ConfUtils.java:logGet(46)) - raft.server.rpc.timeout.min = 1s (custom)
2023-09-23 10:03:40,627 [omNode-2-groupManagement] INFO  server.RaftServerConfigKeys (ConfUtils.java:logGet(46)) - raft.server.rpc.timeout.max = 1200ms (custom)
2023-09-23 10:03:40,627 [omNode-2-groupManagement] INFO  server.RaftServerConfigKeys (ConfUtils.java:logGet(46)) - raft.server.rpc.sleep.time = 25ms (default)
2023-09-23 10:03:40,627 [omNode-2-groupManagement] INFO  server.RaftServerConfigKeys (ConfUtils.java:logGet(46)) - raft.server.rpc.slowness.timeout = 2s (custom)
2023-09-23 10:03:40,630 [omNode-2-groupManagement] INFO  server.RaftServerConfigKeys (ConfUtils.java:logGet(46)) - raft.server.leaderelection.leader.step-down.wait-time = 10s (default)
2023-09-23 10:03:40,630 [omNode-2-groupManagement] INFO  server.RaftServerConfigKeys (ConfUtils.java:logGet(46)) - raft.server.sleep.deviation.threshold = 300ms (default)
2023-09-23 10:03:40,630 [omNode-2-groupManagement] INFO  server.RaftServer$Division (ServerState.java:<init>(120)) - omNode-2@group-523986131536: ConfigurationManager, init=-1: peers:[omNode-3|rpc:localhost:15015|priority:0|startupRole:FOLLOWER, omNode-1|rpc:localhost:15007|priority:0|startupRole:FOLLOWER, omNode-2|rpc:localhost:15011|priority:0|startupRole:FOLLOWER]|listeners:[], old=null, confs=<EMPTY_MAP>
2023-09-23 10:03:40,630 [omNode-2-groupManagement] INFO  server.RaftServerConfigKeys (ConfUtils.java:logGet(46)) - raft.server.storage.dir = [/home/runner/work/ozone/ozone/hadoop-ozone/integration-test/target/test-dir/MiniOzoneClusterImpl-221a8c4e-c666-4dc9-898e-ead2ee9f568a/omNode-2/ratis] (custom)
2023-09-23 10:03:40,630 [omNode-2-groupManagement] INFO  server.RaftServerConfigKeys (ConfUtils.java:logGet(46)) - raft.server.log.corruption.policy = EXCEPTION (default)
2023-09-23 10:03:40,630 [omNode-2-groupManagement] INFO  server.RaftServerConfigKeys (ConfUtils.java:logGet(46)) - raft.server.storage.free-space.min = 0MB (=0) (default)
2023-09-23 10:03:40,630 [omNode-2-groupManagement] INFO  server.RaftServerConfigKeys (ConfUtils.java:logGet(46)) - raft.server.notification.no-leader.timeout = 2s (custom)
2023-09-23 10:03:40,630 [omNode-2-groupManagement] INFO  server.RaftServerConfigKeys (ConfUtils.java:logGet(46)) - raft.server.read.timeout = 10s (default)
2023-09-23 10:03:40,631 [omNode-2-groupManagement] INFO  server.RaftServerConfigKeys (ConfUtils.java:logGet(46)) - raft.server.retrycache.expirytime = 30000ms (custom)
2023-09-23 10:03:40,631 [omNode-2-groupManagement] INFO  server.RaftServerConfigKeys (ConfUtils.java:logGet(46)) - raft.server.retrycache.statistics.expirytime = 100μs (default)
2023-09-23 10:03:40,631 [omNode-2-groupManagement] INFO  server.RaftServerConfigKeys (ConfUtils.java:logGet(46)) - raft.server.read.option = DEFAULT (default)
2023-09-23 10:03:40,632 [omNode-2-groupManagement] INFO  server.RaftServerConfigKeys (ConfUtils.java:logGet(46)) - raft.server.rpc.request.timeout = 3000ms (default)
2023-09-23 10:03:40,632 [omNode-2-groupManagement] INFO  server.RaftServerConfigKeys (ConfUtils.java:logGet(46)) - raft.server.log.appender.install.snapshot.enabled = false (custom)
2023-09-23 10:03:40,632 [omNode-2-groupManagement] INFO  server.RaftServerConfigKeys (ConfUtils.java:logGet(46)) - raft.server.threadpool.server.cached = true (default)
2023-09-23 10:03:40,633 [omNode-2-groupManagement] INFO  server.RaftServerConfigKeys (ConfUtils.java:logGet(46)) - raft.server.threadpool.server.size = 0 (default)
2023-09-23 10:03:40,633 [omNode-2-groupManagement] INFO  server.RaftServerConfigKeys (ConfUtils.java:logGet(46)) - raft.server.threadpool.client.cached = true (default)
2023-09-23 10:03:40,633 [omNode-2-groupManagement] INFO  server.RaftServerConfigKeys (ConfUtils.java:logGet(46)) - raft.server.threadpool.client.size = 0 (default)
2023-09-23 10:03:40,637 [omNode-2-impl-thread1] INFO  storage.RaftStorageDirectory (RaftStorageDirectoryImpl.java:tryLock(231)) - Lock on /home/runner/work/ozone/ozone/hadoop-ozone/integration-test/target/test-dir/MiniOzoneClusterImpl-221a8c4e-c666-4dc9-898e-ead2ee9f568a/omNode-2/ratis/c9bc4cf4-3bc3-3c60-a66b-523986131536/in_use.lock acquired by nodename 6438@fv-az1239-715
2023-09-23 10:03:40,637 [omNode-2-impl-thread1] INFO  storage.RaftStorage (RaftStorageImpl.java:analyzeAndRecoverStorage(117)) - Read RaftStorageMetadata{term=1, votedFor=omNode-1} from /home/runner/work/ozone/ozone/hadoop-ozone/integration-test/target/test-dir/MiniOzoneClusterImpl-221a8c4e-c666-4dc9-898e-ead2ee9f568a/omNode-2/ratis/c9bc4cf4-3bc3-3c60-a66b-523986131536/current/raft-meta
2023-09-23 10:03:40,639 [omNode-2-impl-thread1] INFO  server.RaftServer$Division (ServerState.java:setRaftConf(434)) - omNode-2@group-523986131536: set configuration 0: peers:[omNode-3|rpc:localhost:15015|admin:|client:|dataStream:|priority:0|startupRole:FOLLOWER, omNode-1|rpc:localhost:15007|admin:|client:|dataStream:|priority:0|startupRole:FOLLOWER, omNode-2|rpc:localhost:15011|admin:|client:|dataStream:|priority:0|startupRole:FOLLOWER]|listeners:[], old=null
2023-09-23 10:03:40,639 [omNode-2-impl-thread1] INFO  server.RaftServerConfigKeys (ConfUtils.java:logGet(46)) - raft.server.log.use.memory = false (default)
2023-09-23 10:03:40,640 [omNode-2-impl-thread1] INFO  server.RaftServerConfigKeys (ConfUtils.java:logGet(46)) - raft.server.log.purge.gap = 50 (custom)
2023-09-23 10:03:40,640 [omNode-2-impl-thread1] INFO  server.RaftServerConfigKeys (ConfUtils.java:logGet(46)) - raft.server.log.appender.buffer.byte-limit = 33554432 (custom)
2023-09-23 10:03:40,640 [omNode-2-impl-thread1] INFO  server.RaftServerConfigKeys (ConfUtils.java:logGet(46)) - raft.server.log.statemachine.data.read.timeout = 1000ms (default)
2023-09-23 10:03:40,640 [omNode-2-impl-thread1] INFO  server.RaftServerConfigKeys (ConfUtils.java:logGet(46)) - raft.server.log.purge.preservation.log.num = 0 (default)
2023-09-23 10:03:40,640 [omNode-2-impl-thread1] INFO  server.RaftServerConfigKeys (ConfUtils.java:logGet(46)) - raft.server.log.segment.size.max = 4194304 (custom)
2023-09-23 10:03:40,640 [omNode-2-impl-thread1] INFO  server.RaftServerConfigKeys (ConfUtils.java:logGet(46)) - raft.server.log.segment.cache.num.max = 2 (custom)
2023-09-23 10:03:40,641 [omNode-2-impl-thread1] INFO  server.RaftServerConfigKeys (ConfUtils.java:logGet(46)) - raft.server.log.segment.cache.size.max = 200MB (=209715200) (default)
2023-09-23 10:03:40,641 [omNode-2-impl-thread1] INFO  server.RaftServerConfigKeys (ConfUtils.java:logGet(46)) - raft.server.log.appender.buffer.byte-limit = 33554432 (custom)
2023-09-23 10:03:40,641 [omNode-2-impl-thread1] INFO  segmented.SegmentedRaftLogWorker (SegmentedRaftLogWorker.java:<init>(188)) - new omNode-2@group-523986131536-SegmentedRaftLogWorker for RaftStorageImpl:Storage Directory /home/runner/work/ozone/ozone/hadoop-ozone/integration-test/target/test-dir/MiniOzoneClusterImpl-221a8c4e-c666-4dc9-898e-ead2ee9f568a/omNode-2/ratis/c9bc4cf4-3bc3-3c60-a66b-523986131536
2023-09-23 10:03:40,641 [omNode-2-impl-thread1] INFO  server.RaftServerConfigKeys (ConfUtils.java:logGet(46)) - raft.server.log.queue.byte-limit = 64MB (=67108864) (default)
2023-09-23 10:03:40,641 [omNode-2-impl-thread1] INFO  server.RaftServerConfigKeys (ConfUtils.java:logGet(46)) - raft.server.log.queue.element-limit = 4096 (default)
2023-09-23 10:03:40,641 [omNode-2-impl-thread1] INFO  server.RaftServerConfigKeys (ConfUtils.java:logGet(46)) - raft.server.log.segment.size.max = 4194304 (custom)
2023-09-23 10:03:40,641 [omNode-2-impl-thread1] INFO  server.RaftServerConfigKeys (ConfUtils.java:logGet(46)) - raft.server.log.preallocated.size = 4194304 (custom)
2023-09-23 10:03:40,641 [omNode-2-impl-thread1] INFO  server.RaftServerConfigKeys (ConfUtils.java:logGet(46)) - raft.server.log.force.sync.num = 128 (default)
2023-09-23 10:03:40,641 [omNode-2-impl-thread1] INFO  server.RaftServerConfigKeys (ConfUtils.java:logGet(46)) - raft.server.log.statemachine.data.sync = true (default)
2023-09-23 10:03:40,641 [omNode-2-impl-thread1] INFO  server.RaftServerConfigKeys (ConfUtils.java:logGet(46)) - raft.server.log.statemachine.data.sync.timeout = 10s (default)
2023-09-23 10:03:40,641 [omNode-2-impl-thread1] INFO  server.RaftServerConfigKeys (ConfUtils.java:logGet(46)) - raft.server.log.statemachine.data.sync.timeout.retry = -1 (default)
2023-09-23 10:03:40,642 [omNode-2-impl-thread1] INFO  server.RaftServerConfigKeys (ConfUtils.java:logGet(46)) - raft.server.log.write.buffer.size = 64KB (=65536) (default)
2023-09-23 10:03:40,642 [omNode-2-impl-thread1] INFO  server.RaftServerConfigKeys (ConfUtils.java:logGet(46)) - raft.server.log.appender.buffer.byte-limit = 33554432 (custom)
2023-09-23 10:03:40,649 [omNode-2-impl-thread1] INFO  server.RaftServerConfigKeys (ConfUtils.java:logGet(46)) - raft.server.log.unsafe-flush.enabled = false (default)
2023-09-23 10:03:40,649 [omNode-2-impl-thread1] INFO  server.RaftServerConfigKeys (ConfUtils.java:logGet(46)) - raft.server.log.async-flush.enabled = false (default)
2023-09-23 10:03:40,649 [omNode-2-impl-thread1] INFO  server.RaftServerConfigKeys (ConfUtils.java:logGet(46)) - raft.server.log.statemachine.data.caching.enabled = false (default)
2023-09-23 10:03:40,651 [omNode-2-impl-thread1] INFO  server.RaftServer$Division (ServerState.java:setRaftConf(434)) - omNode-2@group-523986131536: set configuration 0: peers:[omNode-3|rpc:localhost:15015|admin:|client:|dataStream:|priority:0|startupRole:FOLLOWER, omNode-1|rpc:localhost:15007|admin:|client:|dataStream:|priority:0|startupRole:FOLLOWER, omNode-2|rpc:localhost:15011|admin:|client:|dataStream:|priority:0|startupRole:FOLLOWER]|listeners:[], old=null
2023-09-23 10:03:40,655 [omNode-2-impl-thread1] INFO  segmented.LogSegment (LogSegment.java:loadSegment(170)) - Successfully read 201 entries from segment file /home/runner/work/ozone/ozone/hadoop-ozone/integration-test/target/test-dir/MiniOzoneClusterImpl-221a8c4e-c666-4dc9-898e-ead2ee9f568a/omNode-2/ratis/c9bc4cf4-3bc3-3c60-a66b-523986131536/current/log_inprogress_0
2023-09-23 10:03:40,655 [omNode-2-impl-thread1] INFO  segmented.SegmentedRaftLogWorker (SegmentedRaftLogWorker.java:lambda$new$0(135)) - omNode-2@group-523986131536-SegmentedRaftLogWorker: flushIndex: setUnconditionally 0 -> 200
2023-09-23 10:03:40,655 [omNode-2-impl-thread1] INFO  segmented.SegmentedRaftLogWorker (SegmentedRaftLogWorker.java:lambda$new$0(135)) - omNode-2@group-523986131536-SegmentedRaftLogWorker: safeCacheEvictIndex: setUnconditionally 0 -> -1
2023-09-23 10:03:40,656 [omNode-2-impl-thread1] INFO  server.RaftServer$Division (RaftServerImpl.java:start(342)) - omNode-2@group-523986131536: start as a follower, conf=0: peers:[omNode-3|rpc:localhost:15015|admin:|client:|dataStream:|priority:0|startupRole:FOLLOWER, omNode-1|rpc:localhost:15007|admin:|client:|dataStream:|priority:0|startupRole:FOLLOWER, omNode-2|rpc:localhost:15011|admin:|client:|dataStream:|priority:0|startupRole:FOLLOWER]|listeners:[], old=null
2023-09-23 10:03:40,656 [omNode-2-impl-thread1] INFO  server.RaftServer$Division (RaftServerImpl.java:setRole(329)) - omNode-2@group-523986131536: changes role from      null to FOLLOWER at term 1 for startAsFollower
2023-09-23 10:03:40,656 [omNode-2-impl-thread1] INFO  impl.RoleInfo (RoleInfo.java:updateAndGet(139)) - omNode-2: start omNode-2@group-523986131536-FollowerState
2023-09-23 10:03:40,656 [omNode-2-impl-thread1] INFO  util.JmxRegister (JmxRegister.java:tryRegister(44)) - Successfully registered JMX Bean with object name Ratis:service=RaftServer,group=group-523986131536,id=omNode-2
2023-09-23 10:03:40,656 [omNode-2-impl-thread1] INFO  server.RaftServerConfigKeys (ConfUtils.java:logGet(46)) - raft.server.snapshot.auto.trigger.enabled = true (custom)
2023-09-23 10:03:40,656 [omNode-2-impl-thread1] INFO  server.RaftServerConfigKeys (ConfUtils.java:logGet(46)) - raft.server.snapshot.auto.trigger.threshold = 50 (custom)
2023-09-23 10:03:40,656 [omNode-2-impl-thread1] INFO  server.RaftServerConfigKeys (ConfUtils.java:logGet(46)) - raft.server.snapshot.retention.file.num = -1 (default)
2023-09-23 10:03:40,657 [omNode-2-impl-thread1] INFO  server.RaftServerConfigKeys (ConfUtils.java:logGet(46)) - raft.server.log.purge.upto.snapshot.index = true (custom)
2023-09-23 10:03:40,657 [omNode-2@group-523986131536-FollowerState] INFO  server.RaftServerConfigKeys (ConfUtils.java:logFallback(53)) - raft.server.rpc.first-election.timeout.min = 1s (fallback to raft.server.rpc.timeout.min)
2023-09-23 10:03:40,657 [omNode-2@group-523986131536-FollowerState] INFO  server.RaftServerConfigKeys (ConfUtils.java:logFallback(53)) - raft.server.rpc.first-election.timeout.max = 1200ms (fallback to raft.server.rpc.timeout.max)
2023-09-23 10:03:40,658 [main] INFO  server.RaftServer (RaftServerProxy.java:startImpl(400)) - omNode-2: start RPC server
2023-09-23 10:03:40,662 [main] INFO  server.GrpcService (GrpcService.java:startImpl(302)) - omNode-2: GrpcService started, listening on 15011
2023-09-23 10:03:40,663 [main] INFO  om.OzoneManager (OzoneManager.java:getRpcServer(1196)) - Creating RPC Server
2023-09-23 10:03:40,665 [omNode-1@group-523986131536-FollowerState] INFO  impl.FollowerState (FollowerState.java:run(143)) - omNode-1@group-523986131536-FollowerState: change to CANDIDATE, lastRpcElapsedTime:1104931281ns, electionTimeout:1102ms
2023-09-23 10:03:40,665 [omNode-1@group-523986131536-FollowerState] INFO  impl.RoleInfo (RoleInfo.java:shutdownFollowerState(110)) - omNode-1: shutdown omNode-1@group-523986131536-FollowerState
2023-09-23 10:03:40,665 [omNode-1@group-523986131536-FollowerState] INFO  server.RaftServer$Division (RaftServerImpl.java:setRole(329)) - omNode-1@group-523986131536: changes role from  FOLLOWER to CANDIDATE at term 1 for changeToCandidate
2023-09-23 10:03:40,665 [JvmPauseMonitor9] INFO  util.JvmPauseMonitor (JvmPauseMonitor.java:run(103)) - JvmPauseMonitor-omNode-2: Started
2023-09-23 10:03:40,670 [omNode-1@group-523986131536-FollowerState] INFO  server.RaftServerConfigKeys (ConfUtils.java:logGet(46)) - raft.server.leaderelection.pre-vote = true (default)
2023-09-23 10:03:40,670 [omNode-1@group-523986131536-FollowerState] INFO  impl.RoleInfo (RoleInfo.java:updateAndGet(139)) - omNode-1: start omNode-1@group-523986131536-LeaderElection7
2023-09-23 10:03:40,701 [omNode-1@group-523986131536-LeaderElection7] INFO  impl.LeaderElection (LeaderElection.java:askForVotes(321)) - omNode-1@group-523986131536-LeaderElection7 PRE_VOTE round 0: submit vote requests at term 1 for 0: peers:[omNode-3|rpc:localhost:15015|admin:|client:|dataStream:|priority:0|startupRole:FOLLOWER, omNode-1|rpc:localhost:15007|admin:|client:|dataStream:|priority:0|startupRole:FOLLOWER, omNode-2|rpc:localhost:15011|admin:|client:|dataStream:|priority:0|startupRole:FOLLOWER]|listeners:[], old=null
2023-09-23 10:03:40,706 [omNode-1@group-523986131536-LeaderElection7-1] INFO  server.GrpcServerProtocolClient (GrpcServerProtocolClient.java:<init>(65)) - Build channel for omNode-3
2023-09-23 10:03:40,715 [omNode-1@group-523986131536-LeaderElection7] INFO  server.RaftServerConfigKeys (ConfUtils.java:logFallback(53)) - raft.server.rpc.first-election.timeout.min = 1s (fallback to raft.server.rpc.timeout.min)
2023-09-23 10:03:40,715 [omNode-1@group-523986131536-LeaderElection7] INFO  server.RaftServerConfigKeys (ConfUtils.java:logFallback(53)) - raft.server.rpc.first-election.timeout.max = 1200ms (fallback to raft.server.rpc.timeout.max)
2023-09-23 10:03:40,719 [grpc-default-executor-4] INFO  server.RaftServer$Division (RaftServerImpl.java:requestVote(1302)) - omNode-3@group-523986131536: receive requestVote(PRE_VOTE, omNode-1, group-523986131536, 1, (t:1, i:200))
2023-09-23 10:03:40,720 [grpc-default-executor-4] INFO  impl.VoteContext (VoteContext.java:log(49)) - omNode-3@group-523986131536-FOLLOWER: accept PRE_VOTE from omNode-1: our priority 0 <= candidate's priority 0
2023-09-23 10:03:40,720 [grpc-default-executor-4] INFO  server.RaftServer$Division (RaftServerImpl.java:requestVote(1335)) - omNode-3@group-523986131536 replies to PRE_VOTE vote request: omNode-1<-omNode-3#0:OK-t1. Peer's state: omNode-3@group-523986131536:t1, leader=omNode-1, voted=, raftlog=Memoized:omNode-3@group-523986131536-SegmentedRaftLog:OPENED:c200, conf=0: peers:[omNode-3|rpc:localhost:15015|admin:|client:|dataStream:|priority:0|startupRole:FOLLOWER, omNode-1|rpc:localhost:15007|admin:|client:|dataStream:|priority:0|startupRole:FOLLOWER, omNode-2|rpc:localhost:15011|admin:|client:|dataStream:|priority:0|startupRole:FOLLOWER]|listeners:[], old=null
2023-09-23 10:03:40,726 [omNode-1@group-523986131536-LeaderElection7-2] INFO  server.GrpcServerProtocolClient (GrpcServerProtocolClient.java:<init>(65)) - Build channel for omNode-2
2023-09-23 10:03:40,729 [omNode-1@group-523986131536-LeaderElection7] INFO  impl.LeaderElection (LeaderElection.java:logAndReturn(90)) - omNode-1@group-523986131536-LeaderElection7: PRE_VOTE PASSED received 1 response(s) and 0 exception(s):
2023-09-23 10:03:40,729 [omNode-1@group-523986131536-LeaderElection7] INFO  impl.LeaderElection (LeaderElection.java:logAndReturn(94)) -   Response 0: omNode-1<-omNode-3#0:OK-t1
2023-09-23 10:03:40,729 [omNode-1@group-523986131536-LeaderElection7] INFO  impl.LeaderElection (LeaderElection.java:askForVotes(323)) - omNode-1@group-523986131536-LeaderElection7 PRE_VOTE round 0: result PASSED
2023-09-23 10:03:40,731 [omNode-1@group-523986131536-LeaderElection7] INFO  impl.LeaderElection (LeaderElection.java:askForVotes(321)) - omNode-1@group-523986131536-LeaderElection7 ELECTION round 0: submit vote requests at term 2 for 0: peers:[omNode-3|rpc:localhost:15015|admin:|client:|dataStream:|priority:0|startupRole:FOLLOWER, omNode-1|rpc:localhost:15007|admin:|client:|dataStream:|priority:0|startupRole:FOLLOWER, omNode-2|rpc:localhost:15011|admin:|client:|dataStream:|priority:0|startupRole:FOLLOWER]|listeners:[], old=null
2023-09-23 10:03:40,738 [omNode-1@group-523986131536-LeaderElection7] INFO  server.RaftServerConfigKeys (ConfUtils.java:logFallback(53)) - raft.server.rpc.first-election.timeout.min = 1s (fallback to raft.server.rpc.timeout.min)
2023-09-23 10:03:40,738 [omNode-1@group-523986131536-LeaderElection7] INFO  server.RaftServerConfigKeys (ConfUtils.java:logFallback(53)) - raft.server.rpc.first-election.timeout.max = 1200ms (fallback to raft.server.rpc.timeout.max)
2023-09-23 10:03:40,751 [grpc-default-executor-3] INFO  server.RaftServer$Division (RaftServerImpl.java:requestVote(1302)) - omNode-3@group-523986131536: receive requestVote(ELECTION, omNode-1, group-523986131536, 2, (t:1, i:200))
2023-09-23 10:03:40,751 [grpc-default-executor-3] INFO  impl.VoteContext (VoteContext.java:log(49)) - omNode-3@group-523986131536-FOLLOWER: accept ELECTION from omNode-1: our priority 0 <= candidate's priority 0
2023-09-23 10:03:40,751 [grpc-default-executor-3] INFO  server.RaftServer$Division (ServerState.java:setLeader(317)) - omNode-3@group-523986131536: change Leader from omNode-1 to null at term 2 for updateCurrentTerm
2023-09-23 10:03:40,751 [grpc-default-executor-3] INFO  server.RaftServer$Division (RaftServerImpl.java:setRole(329)) - omNode-3@group-523986131536: changes role from  FOLLOWER to FOLLOWER at term 2 for candidate:omNode-1
2023-09-23 10:03:40,751 [grpc-default-executor-3] INFO  impl.RoleInfo (RoleInfo.java:shutdownFollowerState(110)) - omNode-3: shutdown omNode-3@group-523986131536-FollowerState
2023-09-23 10:03:40,751 [grpc-default-executor-3] INFO  impl.RoleInfo (RoleInfo.java:updateAndGet(139)) - omNode-3: start omNode-3@group-523986131536-FollowerState
2023-09-23 10:03:40,751 [omNode-3@group-523986131536-FollowerState] INFO  impl.FollowerState (FollowerState.java:run(152)) - omNode-3@group-523986131536-FollowerState was interrupted
2023-09-23 10:03:40,756 [grpc-default-executor-3] INFO  server.RaftServer$Division (RaftServerImpl.java:requestVote(1335)) - omNode-3@group-523986131536 replies to ELECTION vote request: omNode-1<-omNode-3#0:OK-t2. Peer's state: omNode-3@group-523986131536:t2, leader=null, voted=omNode-1, raftlog=Memoized:omNode-3@group-523986131536-SegmentedRaftLog:OPENED:c200, conf=0: peers:[omNode-3|rpc:localhost:15015|admin:|client:|dataStream:|priority:0|startupRole:FOLLOWER, omNode-1|rpc:localhost:15007|admin:|client:|dataStream:|priority:0|startupRole:FOLLOWER, omNode-2|rpc:localhost:15011|admin:|client:|dataStream:|priority:0|startupRole:FOLLOWER]|listeners:[], old=null
2023-09-23 10:03:40,759 [grpc-default-executor-4] INFO  server.RaftServer$Division (RaftServerImpl.java:requestVote(1302)) - omNode-2@group-523986131536: receive requestVote(PRE_VOTE, omNode-1, group-523986131536, 1, (t:1, i:200))
2023-09-23 10:03:40,759 [grpc-default-executor-4] INFO  impl.VoteContext (VoteContext.java:log(49)) - omNode-2@group-523986131536-FOLLOWER: accept PRE_VOTE from omNode-1: our priority 0 <= candidate's priority 0
2023-09-23 10:03:40,759 [grpc-default-executor-4] INFO  server.RaftServer$Division (RaftServerImpl.java:requestVote(1335)) - omNode-2@group-523986131536 replies to PRE_VOTE vote request: omNode-1<-omNode-2#0:OK-t1. Peer's state: omNode-2@group-523986131536:t1, leader=null, voted=omNode-1, raftlog=Memoized:omNode-2@group-523986131536-SegmentedRaftLog:OPENED:c200, conf=0: peers:[omNode-3|rpc:localhost:15015|admin:|client:|dataStream:|priority:0|startupRole:FOLLOWER, omNode-1|rpc:localhost:15007|admin:|client:|dataStream:|priority:0|startupRole:FOLLOWER, omNode-2|rpc:localhost:15011|admin:|client:|dataStream:|priority:0|startupRole:FOLLOWER]|listeners:[], old=null
2023-09-23 10:03:40,767 [grpc-default-executor-3] INFO  server.RaftServer$Division (RaftServerImpl.java:requestVote(1302)) - omNode-2@group-523986131536: receive requestVote(ELECTION, omNode-1, group-523986131536, 2, (t:1, i:200))
2023-09-23 10:03:40,768 [grpc-default-executor-3] INFO  impl.VoteContext (VoteContext.java:log(49)) - omNode-2@group-523986131536-FOLLOWER: accept ELECTION from omNode-1: our priority 0 <= candidate's priority 0
2023-09-23 10:03:40,768 [grpc-default-executor-3] INFO  server.RaftServer$Division (RaftServerImpl.java:setRole(329)) - omNode-2@group-523986131536: changes role from  FOLLOWER to FOLLOWER at term 2 for candidate:omNode-1
2023-09-23 10:03:40,768 [grpc-default-executor-3] INFO  impl.RoleInfo (RoleInfo.java:shutdownFollowerState(110)) - omNode-2: shutdown omNode-2@group-523986131536-FollowerState
2023-09-23 10:03:40,768 [grpc-default-executor-3] INFO  impl.RoleInfo (RoleInfo.java:updateAndGet(139)) - omNode-2: start omNode-2@group-523986131536-FollowerState
2023-09-23 10:03:40,770 [grpc-default-executor-3] INFO  server.RaftServer$Division (RaftServerImpl.java:requestVote(1335)) - omNode-2@group-523986131536 replies to ELECTION vote request: omNode-1<-omNode-2#0:OK-t2. Peer's state: omNode-2@group-523986131536:t2, leader=null, voted=omNode-1, raftlog=Memoized:omNode-2@group-523986131536-SegmentedRaftLog:OPENED:c200, conf=0: peers:[omNode-3|rpc:localhost:15015|admin:|client:|dataStream:|priority:0|startupRole:FOLLOWER, omNode-1|rpc:localhost:15007|admin:|client:|dataStream:|priority:0|startupRole:FOLLOWER, omNode-2|rpc:localhost:15011|admin:|client:|dataStream:|priority:0|startupRole:FOLLOWER]|listeners:[], old=null
2023-09-23 10:03:40,771 [omNode-1@group-523986131536-LeaderElection7] INFO  impl.LeaderElection (LeaderElection.java:logAndReturn(90)) - omNode-1@group-523986131536-LeaderElection7: ELECTION PASSED received 1 response(s) and 0 exception(s):
2023-09-23 10:03:40,771 [omNode-1@group-523986131536-LeaderElection7] INFO  impl.LeaderElection (LeaderElection.java:logAndReturn(94)) -   Response 0: omNode-1<-omNode-2#0:OK-t2
2023-09-23 10:03:40,771 [omNode-1@group-523986131536-LeaderElection7] INFO  impl.LeaderElection (LeaderElection.java:askForVotes(323)) - omNode-1@group-523986131536-LeaderElection7 ELECTION round 0: result PASSED
2023-09-23 10:03:40,771 [omNode-1@group-523986131536-LeaderElection7] INFO  impl.RoleInfo (RoleInfo.java:shutdownLeaderElection(130)) - omNode-1: shutdown omNode-1@group-523986131536-LeaderElection7
2023-09-23 10:03:40,771 [omNode-1@group-523986131536-LeaderElection7] INFO  server.RaftServer$Division (RaftServerImpl.java:setRole(329)) - omNode-1@group-523986131536: changes role from CANDIDATE to LEADER at term 2 for changeToLeader
2023-09-23 10:03:40,777 [omNode-1@group-523986131536-LeaderElection7] INFO  server.RaftServer$Division (ServerState.java:setLeader(317)) - omNode-1@group-523986131536: change Leader from null to omNode-1 at term 2 for becomeLeader, leader elected after 1240ms
2023-09-23 10:03:40,777 [omNode-1@group-523986131536-LeaderElection7] INFO  server.RaftServerConfigKeys (ConfUtils.java:logGet(46)) - raft.server.staging.catchup.gap = 1000 (default)
2023-09-23 10:03:40,777 [omNode-2@group-523986131536-FollowerState] INFO  impl.FollowerState (FollowerState.java:run(152)) - omNode-2@group-523986131536-FollowerState was interrupted
2023-09-23 10:03:40,778 [omNode-1@group-523986131536-LeaderElection7] INFO  server.RaftServerConfigKeys (ConfUtils.java:logGet(46)) - raft.server.write.element-limit = 4096 (default)
2023-09-23 10:03:40,778 [omNode-1@group-523986131536-LeaderElection7] INFO  server.RaftServerConfigKeys (ConfUtils.java:logGet(46)) - raft.server.write.byte-limit = 64MB (=67108864) (default)
2023-09-23 10:03:40,778 [omNode-1@group-523986131536-LeaderElection7] INFO  server.RaftServerConfigKeys (ConfUtils.java:logGet(46)) - raft.server.watch.timeout = 10s (default)
2023-09-23 10:03:40,778 [omNode-1@group-523986131536-LeaderElection7] INFO  server.RaftServerConfigKeys (ConfUtils.java:logGet(46)) - raft.server.watch.timeout.denomination = 1s (default)
2023-09-23 10:03:40,778 [omNode-1@group-523986131536-LeaderElection7] INFO  server.RaftServerConfigKeys (ConfUtils.java:logGet(46)) - raft.server.watch.element-limit = 65536 (default)
2023-09-23 10:03:40,778 [omNode-1@group-523986131536-LeaderElection7] INFO  server.RaftServerConfigKeys (ConfUtils.java:logGet(46)) - raft.server.write.element-limit = 4096 (default)
2023-09-23 10:03:40,778 [omNode-1@group-523986131536-LeaderElection7] INFO  server.RaftServerConfigKeys (ConfUtils.java:logGet(46)) - raft.server.write.follower.gap.ratio.max = -1.0 (default)
2023-09-23 10:03:40,779 [omNode-1@group-523986131536-LeaderElection7] INFO  server.RaftServerConfigKeys (ConfUtils.java:logGet(46)) - raft.server.log.appender.snapshot.chunk.size.max = 16MB (=16777216) (default)
2023-09-23 10:03:40,779 [omNode-1@group-523986131536-LeaderElection7] INFO  server.RaftServerConfigKeys (ConfUtils.java:logGet(46)) - raft.server.log.appender.buffer.byte-limit = 33554432 (custom)
2023-09-23 10:03:40,779 [omNode-1@group-523986131536-LeaderElection7] INFO  server.RaftServerConfigKeys (ConfUtils.java:logGet(46)) - raft.server.log.appender.buffer.element-limit = 1024 (custom)
2023-09-23 10:03:40,779 [omNode-1@group-523986131536-LeaderElection7] INFO  server.RaftServerConfigKeys (ConfUtils.java:logGet(46)) - raft.server.log.appender.wait-time.min = 10ms (default)
2023-09-23 10:03:40,779 [omNode-1@group-523986131536-LeaderElection7] INFO  grpc.GrpcConfigKeys (ConfUtils.java:logGet(46)) - raft.grpc.server.leader.outstanding.appends.max = 128 (default)
2023-09-23 10:03:40,779 [omNode-1@group-523986131536-LeaderElection7] INFO  server.RaftServerConfigKeys (ConfUtils.java:logGet(46)) - raft.server.rpc.request.timeout = 3000ms (default)
2023-09-23 10:03:40,780 [omNode-1@group-523986131536-LeaderElection7] INFO  grpc.GrpcConfigKeys (ConfUtils.java:logGet(46)) - raft.grpc.server.install_snapshot.request.element-limit = 8 (default)
2023-09-23 10:03:40,780 [omNode-1@group-523986131536-LeaderElection7] INFO  grpc.GrpcConfigKeys (ConfUtils.java:logGet(46)) - raft.grpc.server.install_snapshot.request.timeout = 3000ms (default)
2023-09-23 10:03:40,780 [omNode-1@group-523986131536-LeaderElection7] INFO  server.RaftServerConfigKeys (ConfUtils.java:logGet(46)) - raft.server.log.appender.install.snapshot.enabled = false (custom)
2023-09-23 10:03:40,780 [omNode-1@group-523986131536-LeaderElection7] INFO  grpc.GrpcConfigKeys (ConfUtils.java:logGet(46)) - raft.grpc.server.heartbeat.channel = true (default)
2023-09-23 10:03:40,781 [omNode-1@group-523986131536-LeaderElection7] INFO  server.RaftServerConfigKeys (ConfUtils.java:logGet(46)) - raft.server.log.appender.snapshot.chunk.size.max = 16MB (=16777216) (default)
2023-09-23 10:03:40,781 [omNode-1@group-523986131536-LeaderElection7] INFO  server.RaftServerConfigKeys (ConfUtils.java:logGet(46)) - raft.server.log.appender.buffer.byte-limit = 33554432 (custom)
2023-09-23 10:03:40,781 [omNode-1@group-523986131536-LeaderElection7] INFO  server.RaftServerConfigKeys (ConfUtils.java:logGet(46)) - raft.server.log.appender.buffer.element-limit = 1024 (custom)
2023-09-23 10:03:40,781 [omNode-1@group-523986131536-LeaderElection7] INFO  server.RaftServerConfigKeys (ConfUtils.java:logGet(46)) - raft.server.log.appender.wait-time.min = 10ms (default)
2023-09-23 10:03:40,781 [omNode-1@group-523986131536-LeaderElection7] INFO  grpc.GrpcConfigKeys (ConfUtils.java:logGet(46)) - raft.grpc.server.leader.outstanding.appends.max = 128 (default)
2023-09-23 10:03:40,781 [omNode-1@group-523986131536-LeaderElection7] INFO  server.RaftServerConfigKeys (ConfUtils.java:logGet(46)) - raft.server.rpc.request.timeout = 3000ms (default)
2023-09-23 10:03:40,781 [omNode-1@group-523986131536-LeaderElection7] INFO  grpc.GrpcConfigKeys (ConfUtils.java:logGet(46)) - raft.grpc.server.install_snapshot.request.element-limit = 8 (default)
2023-09-23 10:03:40,781 [omNode-1@group-523986131536-LeaderElection7] INFO  grpc.GrpcConfigKeys (ConfUtils.java:logGet(46)) - raft.grpc.server.install_snapshot.request.timeout = 3000ms (default)
2023-09-23 10:03:40,781 [omNode-1@group-523986131536-LeaderElection7] INFO  server.RaftServerConfigKeys (ConfUtils.java:logGet(46)) - raft.server.log.appender.install.snapshot.enabled = false (custom)
2023-09-23 10:03:40,781 [omNode-1@group-523986131536-LeaderElection7] INFO  grpc.GrpcConfigKeys (ConfUtils.java:logGet(46)) - raft.grpc.server.heartbeat.channel = true (default)
2023-09-23 10:03:40,786 [omNode-1@group-523986131536-LeaderElection7] INFO  impl.RoleInfo (RoleInfo.java:updateAndGet(139)) - omNode-1: start omNode-1@group-523986131536-LeaderStateImpl
2023-09-23 10:03:40,787 [omNode-1@group-523986131536-LeaderElection7] INFO  segmented.SegmentedRaftLogWorker (SegmentedRaftLogWorker.java:rollLogSegment(452)) - omNode-1@group-523986131536-SegmentedRaftLogWorker: Rolling segment log-0_200 to index:200
2023-09-23 10:03:40,789 [omNode-1@group-523986131536-SegmentedRaftLogWorker] INFO  segmented.SegmentedRaftLogWorker (SegmentedRaftLogWorker.java:execute(608)) - omNode-1@group-523986131536-SegmentedRaftLogWorker: Rolled log segment from /home/runner/work/ozone/ozone/hadoop-ozone/integration-test/target/test-dir/MiniOzoneClusterImpl-221a8c4e-c666-4dc9-898e-ead2ee9f568a/omNode-1/ratis/c9bc4cf4-3bc3-3c60-a66b-523986131536/current/log_inprogress_0 to /home/runner/work/ozone/ozone/hadoop-ozone/integration-test/target/test-dir/MiniOzoneClusterImpl-221a8c4e-c666-4dc9-898e-ead2ee9f568a/omNode-1/ratis/c9bc4cf4-3bc3-3c60-a66b-523986131536/current/log_0-200
2023-09-23 10:03:40,804 [omNode-1@group-523986131536-LeaderElection7] INFO  server.RaftServer$Division (ServerState.java:setRaftConf(434)) - omNode-1@group-523986131536: set configuration 201: peers:[omNode-3|rpc:localhost:15015|admin:|client:|dataStream:|priority:0|startupRole:FOLLOWER, omNode-1|rpc:localhost:15007|admin:|client:|dataStream:|priority:0|startupRole:FOLLOWER, omNode-2|rpc:localhost:15011|admin:|client:|dataStream:|priority:0|startupRole:FOLLOWER]|listeners:[], old=null
2023-09-23 10:03:40,810 [omNode-1@group-523986131536-SegmentedRaftLogWorker] INFO  segmented.SegmentedRaftLogWorker (SegmentedRaftLogWorker.java:execute(651)) - omNode-1@group-523986131536-SegmentedRaftLogWorker: created new log segment /home/runner/work/ozone/ozone/hadoop-ozone/integration-test/target/test-dir/MiniOzoneClusterImpl-221a8c4e-c666-4dc9-898e-ead2ee9f568a/omNode-1/ratis/c9bc4cf4-3bc3-3c60-a66b-523986131536/current/log_inprogress_201
2023-09-23 10:03:40,838 [omNode-3-server-thread2] INFO  server.RaftServer$Division (ServerState.java:setLeader(317)) - omNode-3@group-523986131536: change Leader from null to omNode-1 at term 2 for appendEntries, leader elected after 73ms
2023-09-23 10:03:40,838 [omNode-3-server-thread1] INFO  server.RaftServer$Division (ServerState.java:setRaftConf(434)) - omNode-3@group-523986131536: set configuration 201: peers:[omNode-3|rpc:localhost:15015|admin:|client:|dataStream:|priority:0|startupRole:FOLLOWER, omNode-1|rpc:localhost:15007|admin:|client:|dataStream:|priority:0|startupRole:FOLLOWER, omNode-2|rpc:localhost:15011|admin:|client:|dataStream:|priority:0|startupRole:FOLLOWER]|listeners:[], old=null
2023-09-23 10:03:40,839 [omNode-3-server-thread1] INFO  segmented.SegmentedRaftLogWorker (SegmentedRaftLogWorker.java:rollLogSegment(452)) - omNode-3@group-523986131536-SegmentedRaftLogWorker: Rolling segment log-0_200 to index:200
2023-09-23 10:03:40,843 [omNode-2-server-thread1] INFO  server.RaftServer$Division (ServerState.java:setLeader(317)) - omNode-2@group-523986131536: change Leader from null to omNode-1 at term 2 for appendEntries, leader elected after 201ms
2023-09-23 10:03:40,843 [omNode-2-server-thread1] INFO  server.RaftServer$Division (ServerState.java:setRaftConf(434)) - omNode-2@group-523986131536: set configuration 201: peers:[omNode-3|rpc:localhost:15015|admin:|client:|dataStream:|priority:0|startupRole:FOLLOWER, omNode-1|rpc:localhost:15007|admin:|client:|dataStream:|priority:0|startupRole:FOLLOWER, omNode-2|rpc:localhost:15011|admin:|client:|dataStream:|priority:0|startupRole:FOLLOWER]|listeners:[], old=null
2023-09-23 10:03:40,843 [omNode-2-server-thread1] INFO  segmented.SegmentedRaftLogWorker (SegmentedRaftLogWorker.java:rollLogSegment(452)) - omNode-2@group-523986131536-SegmentedRaftLogWorker: Rolling segment log-0_200 to index:200
2023-09-23 10:03:40,862 [omNode-3@group-523986131536-SegmentedRaftLogWorker] INFO  segmented.SegmentedRaftLogWorker (SegmentedRaftLogWorker.java:execute(608)) - omNode-3@group-523986131536-SegmentedRaftLogWorker: Rolled log segment from /home/runner/work/ozone/ozone/hadoop-ozone/integration-test/target/test-dir/MiniOzoneClusterImpl-221a8c4e-c666-4dc9-898e-ead2ee9f568a/omNode-3/ratis/c9bc4cf4-3bc3-3c60-a66b-523986131536/current/log_inprogress_0 to /home/runner/work/ozone/ozone/hadoop-ozone/integration-test/target/test-dir/MiniOzoneClusterImpl-221a8c4e-c666-4dc9-898e-ead2ee9f568a/omNode-3/ratis/c9bc4cf4-3bc3-3c60-a66b-523986131536/current/log_0-200
2023-09-23 10:03:40,870 [omNode-2@group-523986131536-SegmentedRaftLogWorker] INFO  segmented.SegmentedRaftLogWorker (SegmentedRaftLogWorker.java:execute(608)) - omNode-2@group-523986131536-SegmentedRaftLogWorker: Rolled log segment from /home/runner/work/ozone/ozone/hadoop-ozone/integration-test/target/test-dir/MiniOzoneClusterImpl-221a8c4e-c666-4dc9-898e-ead2ee9f568a/omNode-2/ratis/c9bc4cf4-3bc3-3c60-a66b-523986131536/current/log_inprogress_0 to /home/runner/work/ozone/ozone/hadoop-ozone/integration-test/target/test-dir/MiniOzoneClusterImpl-221a8c4e-c666-4dc9-898e-ead2ee9f568a/omNode-2/ratis/c9bc4cf4-3bc3-3c60-a66b-523986131536/current/log_0-200
2023-09-23 10:03:40,875 [omNode-3@group-523986131536-SegmentedRaftLogWorker] INFO  segmented.SegmentedRaftLogWorker (SegmentedRaftLogWorker.java:execute(651)) - omNode-3@group-523986131536-SegmentedRaftLogWorker: created new log segment /home/runner/work/ozone/ozone/hadoop-ozone/integration-test/target/test-dir/MiniOzoneClusterImpl-221a8c4e-c666-4dc9-898e-ead2ee9f568a/omNode-3/ratis/c9bc4cf4-3bc3-3c60-a66b-523986131536/current/log_inprogress_201
2023-09-23 10:03:40,878 [omNode-1@group-523986131536-StateMachineUpdater] INFO  ratis.OzoneManagerStateMachine (OzoneManagerStateMachine.java:notifyConfigurationChanged(202)) - Received Configuration change notification from Ratis. New Peer list:
[id: "omNode-3"
address: "localhost:15015"
startupRole: FOLLOWER
, id: "omNode-1"
address: "localhost:15007"
startupRole: FOLLOWER
, id: "omNode-2"
address: "localhost:15011"
startupRole: FOLLOWER
]
2023-09-23 10:03:40,885 [omNode-2@group-523986131536-SegmentedRaftLogWorker] INFO  segmented.SegmentedRaftLogWorker (SegmentedRaftLogWorker.java:execute(651)) - omNode-2@group-523986131536-SegmentedRaftLogWorker: created new log segment /home/runner/work/ozone/ozone/hadoop-ozone/integration-test/target/test-dir/MiniOzoneClusterImpl-221a8c4e-c666-4dc9-898e-ead2ee9f568a/omNode-2/ratis/c9bc4cf4-3bc3-3c60-a66b-523986131536/current/log_inprogress_201
2023-09-23 10:03:40,886 [omNode-3@group-523986131536-StateMachineUpdater] INFO  ratis.OzoneManagerStateMachine (OzoneManagerStateMachine.java:notifyConfigurationChanged(202)) - Received Configuration change notification from Ratis. New Peer list:
[id: "omNode-3"
address: "localhost:15015"
startupRole: FOLLOWER
, id: "omNode-1"
address: "localhost:15007"
startupRole: FOLLOWER
, id: "omNode-2"
address: "localhost:15011"
startupRole: FOLLOWER
]
2023-09-23 10:03:40,892 [omNode-2@group-523986131536-StateMachineUpdater] INFO  ratis.OzoneManagerStateMachine (OzoneManagerStateMachine.java:notifyConfigurationChanged(202)) - Received Configuration change notification from Ratis. New Peer list:
[id: "omNode-3"
address: "localhost:15015"
startupRole: FOLLOWER
, id: "omNode-1"
address: "localhost:15007"
startupRole: FOLLOWER
, id: "omNode-2"
address: "localhost:15011"
startupRole: FOLLOWER
]
2023-09-23 10:03:41,310 [JvmPauseMonitor9] WARN  util.JvmPauseMonitor (JvmPauseMonitor.java:detectPause(124)) - JvmPauseMonitor-omNode-2: Detected pause in JVM or host machine approximately 0.145s with 0.365s GC time.
GC pool 'PS MarkSweep' had collection(s): count=1 time=260ms
GC pool 'PS Scavenge' had collection(s): count=1 time=105ms
2023-09-23 10:03:41,312 [JvmPauseMonitor8] WARN  util.JvmPauseMonitor (JvmPauseMonitor.java:detectPause(124)) - JvmPauseMonitor-omNode-1: Detected pause in JVM or host machine approximately 0.240s with 0.365s GC time.
GC pool 'PS MarkSweep' had collection(s): count=1 time=260ms
GC pool 'PS Scavenge' had collection(s): count=1 time=105ms
2023-09-23 10:03:41,313 [JvmPauseMonitor6] WARN  util.JvmPauseMonitor (JvmPauseMonitor.java:detectPause(124)) - JvmPauseMonitor-8d6d9f4d-1042-410a-9fac-061faec65884: Detected pause in JVM or host machine approximately 0.273s with 0.365s GC time.
GC pool 'PS MarkSweep' had collection(s): count=1 time=260ms
GC pool 'PS Scavenge' had collection(s): count=1 time=105ms
2023-09-23 10:03:41,313 [JvmPauseMonitor0] WARN  util.JvmPauseMonitor (JvmPauseMonitor.java:detectPause(124)) - JvmPauseMonitor-f4051b90-33ca-4fa4-9787-430c4dd75a5b: Detected pause in JVM or host machine approximately 0.278s with 0.365s GC time.
GC pool 'PS MarkSweep' had collection(s): count=1 time=260ms
GC pool 'PS Scavenge' had collection(s): count=1 time=105ms
2023-09-23 10:03:41,313 [JvmPauseMonitor5] WARN  util.JvmPauseMonitor (JvmPauseMonitor.java:detectPause(124)) - JvmPauseMonitor-e645d312-f019-43dd-9582-b1afb9dcfe8b: Detected pause in JVM or host machine approximately 0.279s with 0.365s GC time.
GC pool 'PS MarkSweep' had collection(s): count=1 time=260ms
GC pool 'PS Scavenge' had collection(s): count=1 time=105ms
2023-09-23 10:03:41,617 [main] INFO  reflections.Reflections (Reflections.java:scan(232)) - Reflections took 953 ms to scan 20 urls, producing 71 keys and 6030 values [using 2 cores]
2023-09-23 10:03:41,619 [main] INFO  ipc.CallQueueManager (CallQueueManager.java:<init>(90)) - Using callQueue: class java.util.concurrent.LinkedBlockingQueue, queueCapacity: 2000, scheduler: class org.apache.hadoop.ipc.DefaultRpcScheduler, ipcBackoff: false.
2023-09-23 10:03:41,619 [main] INFO  ipc.Server (Server.java:<init>(1287)) - Listener at localhost:15008
2023-09-23 10:03:41,622 [Socket Reader #1 for port 15008] INFO  ipc.Server (Server.java:run(1323)) - Starting Socket Reader #1 for port 15008
2023-09-23 10:03:41,639 [main] INFO  http.BaseHttpServer (BaseHttpServer.java:newHttpServer2BuilderForOzone(223)) - Starting Web-server for ozoneManager at: http://0.0.0.0:15009
2023-09-23 10:03:41,639 [main] INFO  http.BaseHttpServer (BaseHttpServer.java:<init>(110)) - Hadoop Security Enabled: false Ozone Security Enabled: false Ozone HTTP Security Enabled: false 
2023-09-23 10:03:41,641 [main] WARN  server.AuthenticationFilter (AuthenticationFilter.java:constructSecretProvider(240)) - Unable to initialize FileSignerSecretProvider, falling back to use random secrets. Reason: Could not read signature secret file: /home/runner/hadoop-http-auth-signature-secret
2023-09-23 10:03:41,650 [main] INFO  http.HttpRequestLog (HttpRequestLog.java:getRequestLog(86)) - Http request log for http.requests.ozoneManager is not defined
2023-09-23 10:03:41,657 [main] INFO  http.HttpServer2 (HttpServer2.java:addGlobalFilter(1031)) - Added global filter 'safety' (class=org.apache.hadoop.hdds.server.http.HttpServer2$QuotingInputFilter)
2023-09-23 10:03:41,659 [main] INFO  http.HttpServer2 (HttpServer2.java:addFilter(1007)) - Added filter static_user_filter (class=org.apache.hadoop.http.lib.StaticUserWebFilter$StaticUserFilter) to context ozoneManager
2023-09-23 10:03:41,659 [main] INFO  http.HttpServer2 (HttpServer2.java:addFilter(1015)) - Added filter static_user_filter (class=org.apache.hadoop.http.lib.StaticUserWebFilter$StaticUserFilter) to context logs
2023-09-23 10:03:41,659 [main] INFO  http.HttpServer2 (HttpServer2.java:addFilter(1015)) - Added filter static_user_filter (class=org.apache.hadoop.http.lib.StaticUserWebFilter$StaticUserFilter) to context static
2023-09-23 10:03:41,660 [main] INFO  http.BaseHttpServer (BaseHttpServer.java:<init>(189)) - HTTP server of ozoneManager uses base directory /home/runner/work/ozone/ozone/hadoop-ozone/integration-test/target/test-dir/MiniOzoneClusterImpl-221a8c4e-c666-4dc9-898e-ead2ee9f568a/omNode-2/webserver
2023-09-23 10:03:41,660 [main] INFO  http.HttpServer2 (HttpServer2.java:bindListener(1231)) - Jetty bound to port 15009
2023-09-23 10:03:41,661 [main] INFO  server.Server (Server.java:doStart(375)) - jetty-9.4.52.v20230823; built: 2023-08-23T19:29:37.669Z; git: abdcda73818a1a2c705da276edb0bf6581e7997e; jvm 1.8.0_382-b05
2023-09-23 10:03:41,683 [main] INFO  server.session (DefaultSessionIdManager.java:doStart(334)) - DefaultSessionIdManager workerName=node0
2023-09-23 10:03:41,683 [main] INFO  server.session (DefaultSessionIdManager.java:doStart(339)) - No SessionScavenger set, using defaults
2023-09-23 10:03:41,684 [main] INFO  server.session (HouseKeeper.java:startScavenging(132)) - node0 Scavenging every 600000ms
2023-09-23 10:03:41,685 [main] INFO  handler.ContextHandler (ContextHandler.java:doStart(921)) - Started o.e.j.s.ServletContextHandler@4065dd84{logs,/logs,file:///home/runner/work/ozone/ozone/hadoop-ozone/integration-test/target/log,AVAILABLE}
2023-09-23 10:03:41,685 [main] INFO  handler.ContextHandler (ContextHandler.java:doStart(921)) - Started o.e.j.s.ServletContextHandler@78d10f9f{static,/static,file:///home/runner/work/ozone/ozone/hadoop-ozone/integration-test/target/test-classes/webapps/static,AVAILABLE}
2023-09-23 10:03:41,688 [main] INFO  handler.ContextHandler (ContextHandler.java:doStart(921)) - Started o.e.j.w.WebAppContext@51947421{ozoneManager,/,file:///home/runner/work/ozone/ozone/hadoop-ozone/integration-test/target/test-classes/webapps/ozoneManager/,AVAILABLE}{file:/home/runner/work/ozone/ozone/hadoop-ozone/integration-test/target/test-classes/webapps/ozoneManager}
2023-09-23 10:03:41,690 [main] INFO  server.AbstractConnector (AbstractConnector.java:doStart(333)) - Started ServerConnector@43940c66{HTTP/1.1, (http/1.1)}{0.0.0.0:15009}
2023-09-23 10:03:41,691 [main] INFO  server.Server (Server.java:doStart(415)) - Started @33628ms
2023-09-23 10:03:41,691 [main] WARN  impl.MetricsSystemImpl (MetricsSystemImpl.java:register(279)) - Sink prometheus already exists!
2023-09-23 10:03:41,692 [main] INFO  http.BaseHttpServer (BaseHttpServer.java:updateConnectorAddress(354)) - HTTP server of ozoneManager listening at http://0.0.0.0:15009
2023-09-23 10:03:41,692 [IPC Server Responder] INFO  ipc.Server (Server.java:run(1562)) - IPC Server Responder: starting
2023-09-23 10:03:41,694 [IPC Server listener on 15008] INFO  ipc.Server (Server.java:run(1402)) - IPC Server listener on 15008: starting
2023-09-23 10:03:41,729 [main] INFO  om.OzoneManager (OzoneManager.java:startTrashEmptier(2101)) - Trash Interval set to 0. Files deleted won't move to trash
]]></system-out>
  </testcase>
</testsuite>