<?xml version="1.0" encoding="UTF-8"?>
<testsuite xmlns:xsi="http://www.w3.org/2001/XMLSchema-instance" xsi:noNamespaceSchemaLocation="https://maven.apache.org/surefire/maven-surefire-plugin/xsd/surefire-test-report.xsd" name="org.apache.hadoop.hdds.scm.pipeline.TestPipelineClose" time="120.072" tests="4" errors="0" skipped="0" failures="1">
  <properties>
    <property name="awt.toolkit" value="sun.awt.X11.XToolkit"/>
    <property name="file.encoding.pkg" value="sun.io"/>
    <property name="java.specification.version" value="1.8"/>
    <property name="sun.cpu.isalist" value=""/>
    <property name="sun.jnu.encoding" value="UTF-8"/>
    <property name="java.class.path" value="/home/runner/work/ozone/ozone/mnt/ozone/hadoop-ozone/integration-test/target/test-classes:/home/runner/work/ozone/ozone/mnt/ozone/hadoop-ozone/integration-test/target/classes:/home/runner/.m2/repository/org/apache/ozone/ozone-common/1.2.0-SNAPSHOT/ozone-common-1.2.0-SNAPSHOT.jar:/home/runner/.m2/repository/org/apache/commons/commons-compress/1.20/commons-compress-1.20.jar:/home/runner/.m2/repository/org/apache/ozone/hdds-common/1.2.0-SNAPSHOT/hdds-common-1.2.0-SNAPSHOT.jar:/home/runner/.m2/repository/org/apache/ozone/hdds-client/1.2.0-SNAPSHOT/hdds-client-1.2.0-SNAPSHOT.jar:/home/runner/.m2/repository/org/apache/ozone/ozone-interface-client/1.2.0-SNAPSHOT/ozone-interface-client-1.2.0-SNAPSHOT.jar:/home/runner/.m2/repository/org/apache/ozone/hdds-test-utils/1.2.0-SNAPSHOT/hdds-test-utils-1.2.0-SNAPSHOT.jar:/home/runner/.m2/repository/com/google/guava/guava/30.1.1-jre/guava-30.1.1-jre.jar:/home/runner/.m2/repository/com/google/guava/failureaccess/1.0.1/failureaccess-1.0.1.jar:/home/runner/.m2/repository/com/google/guava/listenablefuture/9999.0-empty-to-avoid-conflict-with-guava/listenablefuture-9999.0-empty-to-avoid-conflict-with-guava.jar:/home/runner/.m2/repository/com/google/code/findbugs/jsr305/3.0.0/jsr305-3.0.0.jar:/home/runner/.m2/repository/org/checkerframework/checker-qual/3.8.0/checker-qual-3.8.0.jar:/home/runner/.m2/repository/com/google/errorprone/error_prone_annotations/2.2.0/error_prone_annotations-2.2.0.jar:/home/runner/.m2/repository/com/google/j2objc/j2objc-annotations/1.3/j2objc-annotations-1.3.jar:/home/runner/.m2/repository/commons-io/commons-io/2.8.0/commons-io-2.8.0.jar:/home/runner/.m2/repository/commons-logging/commons-logging/1.2/commons-logging-1.2.jar:/home/runner/.m2/repository/log4j/log4j/1.2.17/log4j-1.2.17.jar:/home/runner/.m2/repository/org/slf4j/slf4j-api/1.7.30/slf4j-api-1.7.30.jar:/home/runner/.m2/repository/org/apache/ozone/hdds-server-scm/1.2.0-SNAPSHOT/hdds-server-scm-1.2.0-SNAPSHOT.jar:/home/runner/.m2/repository/org/apache/ozone/hdds-container-service/1.2.0-SNAPSHOT/hdds-container-service-1.2.0-SNAPSHOT.jar:/home/runner/.m2/repository/org/apache/ozone/hdds-hadoop-dependency-server/1.2.0-SNAPSHOT/hdds-hadoop-dependency-server-1.2.0-SNAPSHOT.jar:/home/runner/.m2/repository/org/apache/hadoop/hadoop-hdfs/3.3.1/hadoop-hdfs-3.3.1.jar:/home/runner/.m2/repository/org/apache/ozone/hdds-server-framework/1.2.0-SNAPSHOT/hdds-server-framework-1.2.0-SNAPSHOT.jar:/home/runner/.m2/repository/org/apache/ozone/hdds-interface-server/1.2.0-SNAPSHOT/hdds-interface-server-1.2.0-SNAPSHOT.jar:/home/runner/.m2/repository/org/eclipse/jetty/jetty-servlet/9.4.35.v20201120/jetty-servlet-9.4.35.v20201120.jar:/home/runner/.m2/repository/org/eclipse/jetty/jetty-security/9.4.35.v20201120/jetty-security-9.4.35.v20201120.jar:/home/runner/.m2/repository/org/rocksdb/rocksdbjni/6.20.3/rocksdbjni-6.20.3.jar:/home/runner/.m2/repository/io/prometheus/simpleclient_dropwizard/0.7.0/simpleclient_dropwizard-0.7.0.jar:/home/runner/.m2/repository/io/prometheus/simpleclient/0.7.0/simpleclient-0.7.0.jar:/home/runner/.m2/repository/io/prometheus/simpleclient_common/0.7.0/simpleclient_common-0.7.0.jar:/home/runner/.m2/repository/com/fasterxml/jackson/datatype/jackson-datatype-jsr310/2.12.1/jackson-datatype-jsr310-2.12.1.jar:/home/runner/.m2/repository/io/dropwizard/metrics/metrics-core/3.2.4/metrics-core-3.2.4.jar:/home/runner/.m2/repository/org/apache/hadoop/hadoop-hdfs-client/3.3.1/hadoop-hdfs-client-3.3.1.jar:/home/runner/.m2/repository/org/bouncycastle/bcprov-jdk15on/1.67/bcprov-jdk15on-1.67.jar:/home/runner/.m2/repository/com/google/protobuf/protobuf-java/2.5.0/protobuf-java-2.5.0.jar:/home/runner/.m2/repository/org/apache/ozone/ozone-manager/1.2.0-SNAPSHOT/ozone-manager-1.2.0-SNAPSHOT.jar:/home/runner/.m2/repository/org/aspectj/aspectjrt/1.8.9/aspectjrt-1.8.9.jar:/home/runner/.m2/repository/org/aspectj/aspectjweaver/1.8.9/aspectjweaver-1.8.9.jar:/home/runner/.m2/repository/org/apache/ozone/hdds-interface-client/1.2.0-SNAPSHOT/hdds-interface-client-1.2.0-SNAPSHOT.jar:/home/runner/.m2/repository/org/apache/hadoop/thirdparty/hadoop-shaded-protobuf_3_7/1.1.1/hadoop-shaded-protobuf_3_7-1.1.1.jar:/home/runner/.m2/repository/org/apache/ratis/ratis-thirdparty-misc/0.7.0-a398b19-SNAPSHOT/ratis-thirdparty-misc-0.7.0-a398b19-SNAPSHOT.jar:/home/runner/.m2/repository/org/apache/ozone/ozone-interface-storage/1.2.0-SNAPSHOT/ozone-interface-storage-1.2.0-SNAPSHOT.jar:/home/runner/.m2/repository/org/reflections/reflections/0.9.11/reflections-0.9.11.jar:/home/runner/.m2/repository/org/apache/hadoop/hadoop-minikdc/3.3.1/hadoop-minikdc-3.3.1.jar:/home/runner/.m2/repository/org/apache/kerby/kerb-simplekdc/1.0.1/kerb-simplekdc-1.0.1.jar:/home/runner/.m2/repository/org/apache/kerby/kerb-client/1.0.1/kerb-client-1.0.1.jar:/home/runner/.m2/repository/org/apache/kerby/kerby-config/1.0.1/kerby-config-1.0.1.jar:/home/runner/.m2/repository/org/apache/kerby/kerb-common/1.0.1/kerb-common-1.0.1.jar:/home/runner/.m2/repository/org/apache/kerby/kerb-crypto/1.0.1/kerb-crypto-1.0.1.jar:/home/runner/.m2/repository/org/apache/kerby/kerb-util/1.0.1/kerb-util-1.0.1.jar:/home/runner/.m2/repository/org/apache/kerby/token-provider/1.0.1/token-provider-1.0.1.jar:/home/runner/.m2/repository/org/apache/kerby/kerb-admin/1.0.1/kerb-admin-1.0.1.jar:/home/runner/.m2/repository/org/apache/kerby/kerb-server/1.0.1/kerb-server-1.0.1.jar:/home/runner/.m2/repository/org/apache/kerby/kerb-identity/1.0.1/kerb-identity-1.0.1.jar:/home/runner/.m2/repository/org/apache/kerby/kerby-xdr/1.0.1/kerby-xdr-1.0.1.jar:/home/runner/.m2/repository/org/slf4j/slf4j-log4j12/1.7.30/slf4j-log4j12-1.7.30.jar:/home/runner/.m2/repository/org/apache/ozone/ozone-s3gateway/1.2.0-SNAPSHOT/ozone-s3gateway-1.2.0-SNAPSHOT.jar:/home/runner/.m2/repository/org/javassist/javassist/3.21.0-GA/javassist-3.21.0-GA.jar:/home/runner/.m2/repository/org/jboss/weld/servlet/weld-servlet/2.4.7.Final/weld-servlet-2.4.7.Final.jar:/home/runner/.m2/repository/org/glassfish/jersey/containers/jersey-container-servlet-core/2.33/jersey-container-servlet-core-2.33.jar:/home/runner/.m2/repository/org/glassfish/hk2/external/jakarta.inject/2.6.1/jakarta.inject-2.6.1.jar:/home/runner/.m2/repository/org/glassfish/jersey/core/jersey-common/2.33/jersey-common-2.33.jar:/home/runner/.m2/repository/jakarta/ws/rs/jakarta.ws.rs-api/2.1.6/jakarta.ws.rs-api-2.1.6.jar:/home/runner/.m2/repository/org/glassfish/jersey/ext/cdi/jersey-cdi1x/2.33/jersey-cdi1x-2.33.jar:/home/runner/.m2/repository/org/glassfish/jersey/inject/jersey-hk2/2.33/jersey-hk2-2.33.jar:/home/runner/.m2/repository/org/glassfish/hk2/hk2-locator/2.6.1/hk2-locator-2.6.1.jar:/home/runner/.m2/repository/org/glassfish/jersey/media/jersey-media-jaxb/2.33/jersey-media-jaxb-2.33.jar:/home/runner/.m2/repository/org/glassfish/hk2/osgi-resource-locator/1.0.3/osgi-resource-locator-1.0.3.jar:/home/runner/.m2/repository/org/glassfish/hk2/hk2-api/2.5.0/hk2-api-2.5.0.jar:/home/runner/.m2/repository/org/glassfish/hk2/hk2-utils/2.5.0/hk2-utils-2.5.0.jar:/home/runner/.m2/repository/org/glassfish/hk2/external/aopalliance-repackaged/2.5.0/aopalliance-repackaged-2.5.0.jar:/home/runner/.m2/repository/com/fasterxml/jackson/dataformat/jackson-dataformat-xml/2.12.1/jackson-dataformat-xml-2.12.1.jar:/home/runner/.m2/repository/com/fasterxml/jackson/core/jackson-core/2.12.1/jackson-core-2.12.1.jar:/home/runner/.m2/repository/com/fasterxml/jackson/module/jackson-module-jaxb-annotations/2.12.1/jackson-module-jaxb-annotations-2.12.1.jar:/home/runner/.m2/repository/jakarta/xml/bind/jakarta.xml.bind-api/2.3.2/jakarta.xml.bind-api-2.3.2.jar:/home/runner/.m2/repository/org/codehaus/woodstox/stax2-api/3.1.4/stax2-api-3.1.4.jar:/home/runner/.m2/repository/com/fasterxml/woodstox/woodstox-core/5.0.3/woodstox-core-5.0.3.jar:/home/runner/.m2/repository/javax/enterprise/cdi-api/1.2/cdi-api-1.2.jar:/home/runner/.m2/repository/javax/el/javax.el-api/3.0.0/javax.el-api-3.0.0.jar:/home/runner/.m2/repository/javax/interceptor/javax.interceptor-api/1.2/javax.interceptor-api-1.2.jar:/home/runner/.m2/repository/javax/inject/javax.inject/1/javax.inject-1.jar:/home/runner/.m2/repository/javax/xml/bind/jaxb-api/2.3.0/jaxb-api-2.3.0.jar:/home/runner/.m2/repository/org/glassfish/jaxb/jaxb-runtime/2.3.0.1/jaxb-runtime-2.3.0.1.jar:/home/runner/.m2/repository/org/glassfish/jaxb/jaxb-core/2.3.0.1/jaxb-core-2.3.0.1.jar:/home/runner/.m2/repository/org/glassfish/jaxb/txw2/2.3.0.1/txw2-2.3.0.1.jar:/home/runner/.m2/repository/com/sun/istack/istack-commons-runtime/3.0.5/istack-commons-runtime-3.0.5.jar:/home/runner/.m2/repository/org/jvnet/staxex/stax-ex/1.7.8/stax-ex-1.7.8.jar:/home/runner/.m2/repository/com/sun/xml/fastinfoset/FastInfoset/1.2.13/FastInfoset-1.2.13.jar:/home/runner/.m2/repository/javax/activation/activation/1.1.1/activation-1.1.1.jar:/home/runner/.m2/repository/org/apache/ozone/ozone-csi/1.2.0-SNAPSHOT/ozone-csi-1.2.0-SNAPSHOT.jar:/home/runner/.m2/repository/com/google/protobuf/protobuf-java-util/3.12.0/protobuf-java-util-3.12.0.jar:/home/runner/.m2/repository/com/google/code/gson/gson/2.2.4/gson-2.2.4.jar:/home/runner/.m2/repository/org/apache/ozone/hdds-config/1.2.0-SNAPSHOT/hdds-config-1.2.0-SNAPSHOT.jar:/home/runner/.m2/repository/io/grpc/grpc-netty/1.33.0/grpc-netty-1.33.0.jar:/home/runner/.m2/repository/io/grpc/grpc-core/1.33.0/grpc-core-1.33.0.jar:/home/runner/.m2/repository/com/google/android/annotations/4.1.1.4/annotations-4.1.1.4.jar:/home/runner/.m2/repository/io/netty/netty-codec-http2/4.1.63.Final/netty-codec-http2-4.1.63.Final.jar:/home/runner/.m2/repository/io/netty/netty-codec-http/4.1.63.Final/netty-codec-http-4.1.63.Final.jar:/home/runner/.m2/repository/io/netty/netty-handler-proxy/4.1.63.Final/netty-handler-proxy-4.1.63.Final.jar:/home/runner/.m2/repository/io/netty/netty-codec-socks/4.1.63.Final/netty-codec-socks-4.1.63.Final.jar:/home/runner/.m2/repository/io/perfmark/perfmark-api/0.19.0/perfmark-api-0.19.0.jar:/home/runner/.m2/repository/org/codehaus/mojo/animal-sniffer-annotations/1.18/animal-sniffer-annotations-1.18.jar:/home/runner/.m2/repository/io/netty/netty-transport-native-epoll/4.1.63.Final/netty-transport-native-epoll-4.1.63.Final.jar:/home/runner/.m2/repository/io/netty/netty-common/4.1.63.Final/netty-common-4.1.63.Final.jar:/home/runner/.m2/repository/io/netty/netty-buffer/4.1.63.Final/netty-buffer-4.1.63.Final.jar:/home/runner/.m2/repository/io/netty/netty-transport-native-unix-common/4.1.63.Final/netty-transport-native-unix-common-4.1.63.Final.jar:/home/runner/.m2/repository/io/grpc/grpc-protobuf/1.33.0/grpc-protobuf-1.33.0.jar:/home/runner/.m2/repository/io/grpc/grpc-api/1.33.0/grpc-api-1.33.0.jar:/home/runner/.m2/repository/io/grpc/grpc-context/1.33.0/grpc-context-1.33.0.jar:/home/runner/.m2/repository/com/google/api/grpc/proto-google-common-protos/1.17.0/proto-google-common-protos-1.17.0.jar:/home/runner/.m2/repository/io/grpc/grpc-protobuf-lite/1.33.0/grpc-protobuf-lite-1.33.0.jar:/home/runner/.m2/repository/io/grpc/grpc-stub/1.33.0/grpc-stub-1.33.0.jar:/home/runner/.m2/repository/org/apache/ozone/ozone-recon/1.2.0-SNAPSHOT/ozone-recon-1.2.0-SNAPSHOT.jar:/home/runner/.m2/repository/org/apache/ozone/ozone-reconcodegen/1.2.0-SNAPSHOT/ozone-reconcodegen-1.2.0-SNAPSHOT.jar:/home/runner/.m2/repository/com/google/inject/extensions/guice-multibindings/4.0/guice-multibindings-4.0.jar:/home/runner/.m2/repository/com/google/inject/guice/4.0/guice-4.0.jar:/home/runner/.m2/repository/aopalliance/aopalliance/1.0/aopalliance-1.0.jar:/home/runner/.m2/repository/com/google/inject/extensions/guice-assistedinject/4.0/guice-assistedinject-4.0.jar:/home/runner/.m2/repository/com/google/inject/extensions/guice-servlet/4.0/guice-servlet-4.0.jar:/home/runner/.m2/repository/org/glassfish/jersey/containers/jersey-container-servlet/2.33/jersey-container-servlet-2.33.jar:/home/runner/.m2/repository/org/glassfish/hk2/guice-bridge/2.5.0/guice-bridge-2.5.0.jar:/home/runner/.m2/repository/org/glassfish/jersey/core/jersey-server/2.33/jersey-server-2.33.jar:/home/runner/.m2/repository/org/glassfish/jersey/core/jersey-client/2.33/jersey-client-2.33.jar:/home/runner/.m2/repository/jakarta/annotation/jakarta.annotation-api/1.3.5/jakarta.annotation-api-1.3.5.jar:/home/runner/.m2/repository/jakarta/validation/jakarta.validation-api/2.0.2/jakarta.validation-api-2.0.2.jar:/home/runner/.m2/repository/org/glassfish/jersey/media/jersey-media-json-jackson/2.33/jersey-media-json-jackson-2.33.jar:/home/runner/.m2/repository/org/glassfish/jersey/ext/jersey-entity-filtering/2.33/jersey-entity-filtering-2.33.jar:/home/runner/.m2/repository/org/jooq/jooq/3.11.10/jooq-3.11.10.jar:/home/runner/.m2/repository/org/jooq/jooq-meta/3.11.10/jooq-meta-3.11.10.jar:/home/runner/.m2/repository/org/jooq/jooq-codegen/3.11.10/jooq-codegen-3.11.10.jar:/home/runner/.m2/repository/com/jolbox/bonecp/0.8.0.RELEASE/bonecp-0.8.0.RELEASE.jar:/home/runner/.m2/repository/org/apache/derby/derby/10.14.2.0/derby-10.14.2.0.jar:/home/runner/.m2/repository/org/xerial/sqlite-jdbc/3.25.2/sqlite-jdbc-3.25.2.jar:/home/runner/.m2/repository/org/springframework/spring-jdbc/5.2.11.RELEASE/spring-jdbc-5.2.11.RELEASE.jar:/home/runner/.m2/repository/org/springframework/spring-beans/5.2.11.RELEASE/spring-beans-5.2.11.RELEASE.jar:/home/runner/.m2/repository/org/springframework/spring-core/5.2.11.RELEASE/spring-core-5.2.11.RELEASE.jar:/home/runner/.m2/repository/org/springframework/spring-jcl/5.2.11.RELEASE/spring-jcl-5.2.11.RELEASE.jar:/home/runner/.m2/repository/org/springframework/spring-tx/5.2.11.RELEASE/spring-tx-5.2.11.RELEASE.jar:/home/runner/.m2/repository/org/apache/ozone/ozone-client/1.2.0-SNAPSHOT/ozone-client-1.2.0-SNAPSHOT.jar:/home/runner/.m2/repository/org/apache/ozone/ozone-filesystem/1.2.0-SNAPSHOT/ozone-filesystem-1.2.0-SNAPSHOT.jar:/home/runner/.m2/repository/org/apache/ozone/ozone-filesystem-common/1.2.0-SNAPSHOT/ozone-filesystem-common-1.2.0-SNAPSHOT.jar:/home/runner/.m2/repository/org/apache/ozone/ozone-tools/1.2.0-SNAPSHOT/ozone-tools-1.2.0-SNAPSHOT.jar:/home/runner/.m2/repository/org/apache/ratis/ratis-tools/2.1.0-ff8aa66-SNAPSHOT/ratis-tools-2.1.0-ff8aa66-SNAPSHOT.jar:/home/runner/.m2/repository/org/apache/ratis/ratis-proto/2.1.0-ff8aa66-SNAPSHOT/ratis-proto-2.1.0-ff8aa66-SNAPSHOT.jar:/home/runner/.m2/repository/org/apache/ratis/ratis-common/2.1.0-ff8aa66-SNAPSHOT/ratis-common-2.1.0-ff8aa66-SNAPSHOT.jar:/home/runner/.m2/repository/com/amazonaws/aws-java-sdk-core/1.11.901/aws-java-sdk-core-1.11.901.jar:/home/runner/.m2/repository/org/apache/httpcomponents/httpclient/4.5.13/httpclient-4.5.13.jar:/home/runner/.m2/repository/org/apache/httpcomponents/httpcore/4.4.13/httpcore-4.4.13.jar:/home/runner/.m2/repository/software/amazon/ion/ion-java/1.0.2/ion-java-1.0.2.jar:/home/runner/.m2/repository/com/fasterxml/jackson/dataformat/jackson-dataformat-cbor/2.12.1/jackson-dataformat-cbor-2.12.1.jar:/home/runner/.m2/repository/joda-time/joda-time/2.8.1/joda-time-2.8.1.jar:/home/runner/.m2/repository/com/amazonaws/aws-java-sdk-s3/1.11.901/aws-java-sdk-s3-1.11.901.jar:/home/runner/.m2/repository/com/amazonaws/aws-java-sdk-kms/1.11.901/aws-java-sdk-kms-1.11.901.jar:/home/runner/.m2/repository/com/amazonaws/jmespath-java/1.11.901/jmespath-java-1.11.901.jar:/home/runner/.m2/repository/org/kohsuke/metainf-services/metainf-services/1.8/metainf-services-1.8.jar:/home/runner/.m2/repository/org/apache/ozone/hdds-tools/1.2.0-SNAPSHOT/hdds-tools-1.2.0-SNAPSHOT.jar:/home/runner/.m2/repository/commons-cli/commons-cli/1.2/commons-cli-1.2.jar:/home/runner/.m2/repository/org/apache/commons/commons-lang3/3.7/commons-lang3-3.7.jar:/home/runner/.m2/repository/org/apache/ozone/ozone-manager/1.2.0-SNAPSHOT/ozone-manager-1.2.0-SNAPSHOT-tests.jar:/home/runner/.m2/repository/org/apache/ozone/hdds-common/1.2.0-SNAPSHOT/hdds-common-1.2.0-SNAPSHOT-tests.jar:/home/runner/.m2/repository/org/apache/ozone/hdds-hadoop-dependency-client/1.2.0-SNAPSHOT/hdds-hadoop-dependency-client-1.2.0-SNAPSHOT.jar:/home/runner/.m2/repository/info/picocli/picocli/4.4.0/picocli-4.4.0.jar:/home/runner/.m2/repository/com/fasterxml/jackson/core/jackson-annotations/2.12.1/jackson-annotations-2.12.1.jar:/home/runner/.m2/repository/javax/annotation/javax.annotation-api/1.2/javax.annotation-api-1.2.jar:/home/runner/.m2/repository/org/apache/ratis/ratis-server/2.1.0-ff8aa66-SNAPSHOT/ratis-server-2.1.0-ff8aa66-SNAPSHOT.jar:/home/runner/.m2/repository/org/apache/ratis/ratis-client/2.1.0-ff8aa66-SNAPSHOT/ratis-client-2.1.0-ff8aa66-SNAPSHOT.jar:/home/runner/.m2/repository/org/apache/ratis/ratis-server-api/2.1.0-ff8aa66-SNAPSHOT/ratis-server-api-2.1.0-ff8aa66-SNAPSHOT.jar:/home/runner/.m2/repository/org/apache/ratis/ratis-metrics/2.1.0-ff8aa66-SNAPSHOT/ratis-metrics-2.1.0-ff8aa66-SNAPSHOT.jar:/home/runner/.m2/repository/org/apache/ratis/ratis-netty/2.1.0-ff8aa66-SNAPSHOT/ratis-netty-2.1.0-ff8aa66-SNAPSHOT.jar:/home/runner/.m2/repository/org/apache/ratis/ratis-grpc/2.1.0-ff8aa66-SNAPSHOT/ratis-grpc-2.1.0-ff8aa66-SNAPSHOT.jar:/home/runner/.m2/repository/org/apache/logging/log4j/log4j-api/2.13.3/log4j-api-2.13.3.jar:/home/runner/.m2/repository/org/apache/logging/log4j/log4j-core/2.13.3/log4j-core-2.13.3.jar:/home/runner/.m2/repository/com/lmax/disruptor/3.4.2/disruptor-3.4.2.jar:/home/runner/.m2/repository/org/apache/commons/commons-pool2/2.6.0/commons-pool2-2.6.0.jar:/home/runner/.m2/repository/org/bouncycastle/bcpkix-jdk15on/1.67/bcpkix-jdk15on-1.67.jar:/home/runner/.m2/repository/commons-validator/commons-validator/1.6/commons-validator-1.6.jar:/home/runner/.m2/repository/commons-beanutils/commons-beanutils/1.9.4/commons-beanutils-1.9.4.jar:/home/runner/.m2/repository/commons-digester/commons-digester/1.8.1/commons-digester-1.8.1.jar:/home/runner/.m2/repository/commons-collections/commons-collections/3.2.2/commons-collections-3.2.2.jar:/home/runner/.m2/repository/io/jaegertracing/jaeger-client/1.6.0/jaeger-client-1.6.0.jar:/home/runner/.m2/repository/io/jaegertracing/jaeger-thrift/1.6.0/jaeger-thrift-1.6.0.jar:/home/runner/.m2/repository/org/apache/thrift/libthrift/0.14.1/libthrift-0.14.1.jar:/home/runner/.m2/repository/com/squareup/okhttp3/okhttp/4.9.0/okhttp-4.9.0.jar:/home/runner/.m2/repository/com/squareup/okio/okio/2.8.0/okio-2.8.0.jar:/home/runner/.m2/repository/io/jaegertracing/jaeger-core/1.6.0/jaeger-core-1.6.0.jar:/home/runner/.m2/repository/io/jaegertracing/jaeger-tracerresolver/1.6.0/jaeger-tracerresolver-1.6.0.jar:/home/runner/.m2/repository/io/opentracing/contrib/opentracing-tracerresolver/0.1.8/opentracing-tracerresolver-0.1.8.jar:/home/runner/.m2/repository/org/jetbrains/kotlin/kotlin-stdlib/1.4.31/kotlin-stdlib-1.4.31.jar:/home/runner/.m2/repository/org/jetbrains/kotlin/kotlin-stdlib-common/1.4.31/kotlin-stdlib-common-1.4.31.jar:/home/runner/.m2/repository/org/jetbrains/annotations/13.0/annotations-13.0.jar:/home/runner/.m2/repository/io/opentracing/opentracing-util/0.33.0/opentracing-util-0.33.0.jar:/home/runner/.m2/repository/io/opentracing/opentracing-api/0.33.0/opentracing-api-0.33.0.jar:/home/runner/.m2/repository/io/opentracing/opentracing-noop/0.33.0/opentracing-noop-0.33.0.jar:/home/runner/.m2/repository/org/yaml/snakeyaml/1.26/snakeyaml-1.26.jar:/home/runner/.m2/repository/org/apache/ozone/hdds-interface-admin/1.2.0-SNAPSHOT/hdds-interface-admin-1.2.0-SNAPSHOT.jar:/home/runner/.m2/repository/junit/junit/4.13.1/junit-4.13.1.jar:/home/runner/.m2/repository/org/hamcrest/hamcrest-core/1.3/hamcrest-core-1.3.jar:/home/runner/.m2/repository/org/junit/jupiter/junit-jupiter-api/5.7.0/junit-jupiter-api-5.7.0.jar:/home/runner/.m2/repository/org/apiguardian/apiguardian-api/1.1.0/apiguardian-api-1.1.0.jar:/home/runner/.m2/repository/org/opentest4j/opentest4j/1.2.0/opentest4j-1.2.0.jar:/home/runner/.m2/repository/org/junit/platform/junit-platform-commons/1.7.0/junit-platform-commons-1.7.0.jar:/home/runner/.m2/repository/org/junit/jupiter/junit-jupiter-engine/5.7.0/junit-jupiter-engine-5.7.0.jar:/home/runner/.m2/repository/org/junit/platform/junit-platform-engine/1.7.0/junit-platform-engine-1.7.0.jar:/home/runner/.m2/repository/org/junit/vintage/junit-vintage-engine/5.7.0/junit-vintage-engine-5.7.0.jar:/home/runner/.m2/repository/org/junit/platform/junit-platform-launcher/1.7.0/junit-platform-launcher-1.7.0.jar:/home/runner/.m2/repository/org/openjdk/jmh/jmh-core/1.19/jmh-core-1.19.jar:/home/runner/.m2/repository/net/sf/jopt-simple/jopt-simple/4.6/jopt-simple-4.6.jar:/home/runner/.m2/repository/org/apache/commons/commons-math3/3.1.1/commons-math3-3.1.1.jar:/home/runner/.m2/repository/org/openjdk/jmh/jmh-generator-annprocess/1.19/jmh-generator-annprocess-1.19.jar:/home/runner/.m2/repository/org/mockito/mockito-core/2.28.2/mockito-core-2.28.2.jar:/home/runner/.m2/repository/net/bytebuddy/byte-buddy/1.9.10/byte-buddy-1.9.10.jar:/home/runner/.m2/repository/net/bytebuddy/byte-buddy-agent/1.9.10/byte-buddy-agent-1.9.10.jar:/home/runner/.m2/repository/org/objenesis/objenesis/1.0/objenesis-1.0.jar:/home/runner/.m2/repository/org/apache/hadoop/hadoop-kms/3.3.1/hadoop-kms-3.3.1.jar:/home/runner/.m2/repository/org/apache/hadoop/hadoop-auth/3.3.1/hadoop-auth-3.3.1.jar:/home/runner/.m2/repository/com/nimbusds/nimbus-jose-jwt/7.9/nimbus-jose-jwt-7.9.jar:/home/runner/.m2/repository/com/github/stephenc/jcip/jcip-annotations/1.0-1/jcip-annotations-1.0-1.jar:/home/runner/.m2/repository/net/minidev/json-smart/2.3/json-smart-2.3.jar:/home/runner/.m2/repository/net/minidev/accessors-smart/1.2/accessors-smart-1.2.jar:/home/runner/.m2/repository/org/ow2/asm/asm/5.0.4/asm-5.0.4.jar:/home/runner/.m2/repository/org/apache/zookeeper/zookeeper/3.5.6/zookeeper-3.5.6.jar:/home/runner/.m2/repository/org/apache/zookeeper/zookeeper-jute/3.5.6/zookeeper-jute-3.5.6.jar:/home/runner/.m2/repository/org/apache/yetus/audience-annotations/0.5.0/audience-annotations-0.5.0.jar:/home/runner/.m2/repository/org/apache/curator/curator-framework/4.2.0/curator-framework-4.2.0.jar:/home/runner/.m2/repository/org/apache/hadoop/thirdparty/hadoop-shaded-guava/1.1.1/hadoop-shaded-guava-1.1.1.jar:/home/runner/.m2/repository/com/sun/jersey/jersey-core/1.19/jersey-core-1.19.jar:/home/runner/.m2/repository/javax/ws/rs/jsr311-api/1.1.1/jsr311-api-1.1.1.jar:/home/runner/.m2/repository/com/sun/jersey/jersey-server/1.19/jersey-server-1.19.jar:/home/runner/.m2/repository/javax/servlet/javax.servlet-api/3.1.0/javax.servlet-api-3.1.0.jar:/home/runner/.m2/repository/org/eclipse/jetty/jetty-server/9.4.35.v20201120/jetty-server-9.4.35.v20201120.jar:/home/runner/.m2/repository/org/eclipse/jetty/jetty-http/9.4.35.v20201120/jetty-http-9.4.35.v20201120.jar:/home/runner/.m2/repository/org/eclipse/jetty/jetty-io/9.4.35.v20201120/jetty-io-9.4.35.v20201120.jar:/home/runner/.m2/repository/org/eclipse/jetty/jetty-webapp/9.4.35.v20201120/jetty-webapp-9.4.35.v20201120.jar:/home/runner/.m2/repository/org/eclipse/jetty/jetty-xml/9.4.35.v20201120/jetty-xml-9.4.35.v20201120.jar:/home/runner/.m2/repository/org/apache/hadoop/hadoop-common/3.3.1/hadoop-common-3.3.1.jar:/home/runner/.m2/repository/commons-net/commons-net/3.6/commons-net-3.6.jar:/home/runner/.m2/repository/jakarta/activation/jakarta.activation-api/1.2.1/jakarta.activation-api-1.2.1.jar:/home/runner/.m2/repository/com/sun/jersey/jersey-servlet/1.19/jersey-servlet-1.19.jar:/home/runner/.m2/repository/com/sun/jersey/jersey-json/1.19/jersey-json-1.19.jar:/home/runner/.m2/repository/org/codehaus/jettison/jettison/1.1/jettison-1.1.jar:/home/runner/.m2/repository/com/sun/xml/bind/jaxb-impl/2.2.3-1/jaxb-impl-2.2.3-1.jar:/home/runner/.m2/repository/org/codehaus/jackson/jackson-jaxrs/1.9.2/jackson-jaxrs-1.9.2.jar:/home/runner/.m2/repository/org/codehaus/jackson/jackson-xc/1.9.2/jackson-xc-1.9.2.jar:/home/runner/.m2/repository/org/apache/commons/commons-configuration2/2.1.1/commons-configuration2-2.1.1.jar:/home/runner/.m2/repository/org/apache/commons/commons-text/1.4/commons-text-1.4.jar:/home/runner/.m2/repository/com/google/re2j/re2j/1.1/re2j-1.1.jar:/home/runner/.m2/repository/com/jcraft/jsch/0.1.54/jsch-0.1.54.jar:/home/runner/.m2/repository/org/apache/curator/curator-client/4.2.0/curator-client-4.2.0.jar:/home/runner/.m2/repository/org/apache/curator/curator-recipes/4.2.0/curator-recipes-4.2.0.jar:/home/runner/.m2/repository/org/apache/kerby/kerb-core/1.0.1/kerb-core-1.0.1.jar:/home/runner/.m2/repository/org/apache/kerby/kerby-pkix/1.0.1/kerby-pkix-1.0.1.jar:/home/runner/.m2/repository/org/apache/kerby/kerby-asn1/1.0.1/kerby-asn1-1.0.1.jar:/home/runner/.m2/repository/org/apache/kerby/kerby-util/1.0.1/kerby-util-1.0.1.jar:/home/runner/.m2/repository/dnsjava/dnsjava/2.1.7/dnsjava-2.1.7.jar:/home/runner/.m2/repository/org/xerial/snappy/snappy-java/1.1.8.2/snappy-java-1.1.8.2.jar:/home/runner/.m2/repository/org/slf4j/jul-to-slf4j/1.7.30/jul-to-slf4j-1.7.30.jar:/home/runner/.m2/repository/org/eclipse/jetty/jetty-util/9.4.35.v20201120/jetty-util-9.4.35.v20201120.jar:/home/runner/.m2/repository/com/fasterxml/jackson/core/jackson-databind/2.12.1/jackson-databind-2.12.1.jar:/home/runner/.m2/repository/org/apache/hadoop/hadoop-kms/3.3.1/hadoop-kms-3.3.1-tests.jar:/home/runner/.m2/repository/org/apache/ozone/hdds-server-scm/1.2.0-SNAPSHOT/hdds-server-scm-1.2.0-SNAPSHOT-tests.jar:/home/runner/.m2/repository/org/apache/ozone/hdds-container-service/1.2.0-SNAPSHOT/hdds-container-service-1.2.0-SNAPSHOT-tests.jar:/home/runner/.m2/repository/commons-codec/commons-codec/1.11/commons-codec-1.11.jar:/home/runner/.m2/repository/io/netty/netty-transport/4.1.63.Final/netty-transport-4.1.63.Final.jar:/home/runner/.m2/repository/io/netty/netty-resolver/4.1.63.Final/netty-resolver-4.1.63.Final.jar:/home/runner/.m2/repository/io/netty/netty-codec/4.1.63.Final/netty-codec-4.1.63.Final.jar:/home/runner/.m2/repository/io/netty/netty-handler/4.1.63.Final/netty-handler-4.1.63.Final.jar:/home/runner/.m2/repository/org/apache/ozone/hdds-hadoop-dependency-test/1.2.0-SNAPSHOT/hdds-hadoop-dependency-test-1.2.0-SNAPSHOT.jar:/home/runner/.m2/repository/org/apache/hadoop/hadoop-common/3.3.1/hadoop-common-3.3.1-tests.jar:/home/runner/.m2/repository/org/assertj/assertj-core/3.12.2/assertj-core-3.12.2.jar:/home/runner/.m2/repository/org/apache/hadoop/hadoop-hdfs/3.3.1/hadoop-hdfs-3.3.1-tests.jar:/home/runner/.m2/repository/org/eclipse/jetty/jetty-util-ajax/9.4.35.v20201120/jetty-util-ajax-9.4.35.v20201120.jar:/home/runner/.m2/repository/commons-daemon/commons-daemon/1.0.13/commons-daemon-1.0.13.jar:/home/runner/.m2/repository/io/netty/netty/3.10.6.Final/netty-3.10.6.Final.jar:/home/runner/.m2/repository/io/netty/netty-all/4.1.63.Final/netty-all-4.1.63.Final.jar:/home/runner/.m2/repository/org/apache/htrace/htrace-core4/4.1.0-incubating/htrace-core4-4.1.0-incubating.jar:/home/runner/.m2/repository/org/fusesource/leveldbjni/leveldbjni-all/1.8/leveldbjni-all-1.8.jar:/home/runner/.m2/repository/org/apache/hadoop/hadoop-distcp/3.3.1/hadoop-distcp-3.3.1.jar:/home/runner/.m2/repository/org/apache/hadoop/hadoop-mapreduce-client-jobclient/3.3.1/hadoop-mapreduce-client-jobclient-3.3.1.jar:/home/runner/.m2/repository/org/apache/hadoop/hadoop-mapreduce-client-common/3.3.1/hadoop-mapreduce-client-common-3.3.1.jar:/home/runner/.m2/repository/org/apache/hadoop/hadoop-yarn-common/3.3.1/hadoop-yarn-common-3.3.1.jar:/home/runner/.m2/repository/org/apache/hadoop/hadoop-yarn-api/3.3.1/hadoop-yarn-api-3.3.1.jar:/home/runner/.m2/repository/com/sun/jersey/jersey-client/1.19/jersey-client-1.19.jar:/home/runner/.m2/repository/com/sun/jersey/contribs/jersey-guice/1.19/jersey-guice-1.19.jar:/home/runner/.m2/repository/com/fasterxml/jackson/jaxrs/jackson-jaxrs-json-provider/2.12.1/jackson-jaxrs-json-provider-2.12.1.jar:/home/runner/.m2/repository/com/fasterxml/jackson/jaxrs/jackson-jaxrs-base/2.12.1/jackson-jaxrs-base-2.12.1.jar:/home/runner/.m2/repository/org/apache/hadoop/hadoop-yarn-client/3.3.1/hadoop-yarn-client-3.3.1.jar:/home/runner/.m2/repository/org/eclipse/jetty/websocket/websocket-client/9.4.40.v20210413/websocket-client-9.4.40.v20210413.jar:/home/runner/.m2/repository/org/eclipse/jetty/jetty-client/9.4.40.v20210413/jetty-client-9.4.40.v20210413.jar:/home/runner/.m2/repository/org/eclipse/jetty/websocket/websocket-common/9.4.40.v20210413/websocket-common-9.4.40.v20210413.jar:/home/runner/.m2/repository/org/eclipse/jetty/websocket/websocket-api/9.4.40.v20210413/websocket-api-9.4.40.v20210413.jar:/home/runner/.m2/repository/org/jline/jline/3.9.0/jline-3.9.0.jar:/home/runner/.m2/repository/org/apache/hadoop/hadoop-mapreduce-client-core/3.3.1/hadoop-mapreduce-client-core-3.3.1.jar:/home/runner/.m2/repository/org/apache/avro/avro/1.7.7/avro-1.7.7.jar:/home/runner/.m2/repository/org/codehaus/jackson/jackson-core-asl/1.9.13/jackson-core-asl-1.9.13.jar:/home/runner/.m2/repository/org/codehaus/jackson/jackson-mapper-asl/1.9.13/jackson-mapper-asl-1.9.13.jar:/home/runner/.m2/repository/com/thoughtworks/paranamer/paranamer/2.3/paranamer-2.3.jar:/home/runner/.m2/repository/org/apache/hadoop/hadoop-annotations/3.3.1/hadoop-annotations-3.3.1.jar:/usr/lib/jvm/adoptopenjdk-8-hotspot-amd64/jre/../lib/tools.jar:/home/runner/.m2/repository/org/apache/hadoop/hadoop-distcp/3.3.1/hadoop-distcp-3.3.1-tests.jar:"/>
    <property name="java.vm.vendor" value="AdoptOpenJDK"/>
    <property name="sun.arch.data.model" value="64"/>
    <property name="test.build.dir" value="/home/runner/work/ozone/ozone/mnt/ozone/hadoop-ozone/integration-test/target/test-dir"/>
    <property name="test.cache.data" value=""/>
    <property name="java.vendor.url" value="https://adoptopenjdk.net/"/>
    <property name="user.timezone" value=""/>
    <property name="java.vm.specification.version" value="1.8"/>
    <property name="os.name" value="Linux"/>
    <property name="test.build.data" value="/home/runner/work/ozone/ozone/mnt/ozone/hadoop-ozone/integration-test/target/test-dir"/>
    <property name="sun.java.launcher" value="SUN_STANDARD"/>
    <property name="sun.boot.library.path" value="/usr/lib/jvm/adoptopenjdk-8-hotspot-amd64/jre/lib/amd64"/>
    <property name="sun.java.command" value="/home/runner/work/ozone/ozone/mnt/ozone/hadoop-ozone/integration-test/target/surefire/surefirebooter6728869117080383366.jar /home/runner/work/ozone/ozone/mnt/ozone/hadoop-ozone/integration-test/target/surefire 2021-07-20T19-12-59_653-jvmRun1 surefire8291023001009816929tmp surefire_413331059060850189599tmp"/>
    <property name="surefire.test.class.path" value="/home/runner/work/ozone/ozone/mnt/ozone/hadoop-ozone/integration-test/target/test-classes:/home/runner/work/ozone/ozone/mnt/ozone/hadoop-ozone/integration-test/target/classes:/home/runner/.m2/repository/org/apache/ozone/ozone-common/1.2.0-SNAPSHOT/ozone-common-1.2.0-SNAPSHOT.jar:/home/runner/.m2/repository/org/apache/commons/commons-compress/1.20/commons-compress-1.20.jar:/home/runner/.m2/repository/org/apache/ozone/hdds-common/1.2.0-SNAPSHOT/hdds-common-1.2.0-SNAPSHOT.jar:/home/runner/.m2/repository/org/apache/ozone/hdds-client/1.2.0-SNAPSHOT/hdds-client-1.2.0-SNAPSHOT.jar:/home/runner/.m2/repository/org/apache/ozone/ozone-interface-client/1.2.0-SNAPSHOT/ozone-interface-client-1.2.0-SNAPSHOT.jar:/home/runner/.m2/repository/org/apache/ozone/hdds-test-utils/1.2.0-SNAPSHOT/hdds-test-utils-1.2.0-SNAPSHOT.jar:/home/runner/.m2/repository/com/google/guava/guava/30.1.1-jre/guava-30.1.1-jre.jar:/home/runner/.m2/repository/com/google/guava/failureaccess/1.0.1/failureaccess-1.0.1.jar:/home/runner/.m2/repository/com/google/guava/listenablefuture/9999.0-empty-to-avoid-conflict-with-guava/listenablefuture-9999.0-empty-to-avoid-conflict-with-guava.jar:/home/runner/.m2/repository/com/google/code/findbugs/jsr305/3.0.0/jsr305-3.0.0.jar:/home/runner/.m2/repository/org/checkerframework/checker-qual/3.8.0/checker-qual-3.8.0.jar:/home/runner/.m2/repository/com/google/errorprone/error_prone_annotations/2.2.0/error_prone_annotations-2.2.0.jar:/home/runner/.m2/repository/com/google/j2objc/j2objc-annotations/1.3/j2objc-annotations-1.3.jar:/home/runner/.m2/repository/commons-io/commons-io/2.8.0/commons-io-2.8.0.jar:/home/runner/.m2/repository/commons-logging/commons-logging/1.2/commons-logging-1.2.jar:/home/runner/.m2/repository/log4j/log4j/1.2.17/log4j-1.2.17.jar:/home/runner/.m2/repository/org/slf4j/slf4j-api/1.7.30/slf4j-api-1.7.30.jar:/home/runner/.m2/repository/org/apache/ozone/hdds-server-scm/1.2.0-SNAPSHOT/hdds-server-scm-1.2.0-SNAPSHOT.jar:/home/runner/.m2/repository/org/apache/ozone/hdds-container-service/1.2.0-SNAPSHOT/hdds-container-service-1.2.0-SNAPSHOT.jar:/home/runner/.m2/repository/org/apache/ozone/hdds-hadoop-dependency-server/1.2.0-SNAPSHOT/hdds-hadoop-dependency-server-1.2.0-SNAPSHOT.jar:/home/runner/.m2/repository/org/apache/hadoop/hadoop-hdfs/3.3.1/hadoop-hdfs-3.3.1.jar:/home/runner/.m2/repository/org/apache/ozone/hdds-server-framework/1.2.0-SNAPSHOT/hdds-server-framework-1.2.0-SNAPSHOT.jar:/home/runner/.m2/repository/org/apache/ozone/hdds-interface-server/1.2.0-SNAPSHOT/hdds-interface-server-1.2.0-SNAPSHOT.jar:/home/runner/.m2/repository/org/eclipse/jetty/jetty-servlet/9.4.35.v20201120/jetty-servlet-9.4.35.v20201120.jar:/home/runner/.m2/repository/org/eclipse/jetty/jetty-security/9.4.35.v20201120/jetty-security-9.4.35.v20201120.jar:/home/runner/.m2/repository/org/rocksdb/rocksdbjni/6.20.3/rocksdbjni-6.20.3.jar:/home/runner/.m2/repository/io/prometheus/simpleclient_dropwizard/0.7.0/simpleclient_dropwizard-0.7.0.jar:/home/runner/.m2/repository/io/prometheus/simpleclient/0.7.0/simpleclient-0.7.0.jar:/home/runner/.m2/repository/io/prometheus/simpleclient_common/0.7.0/simpleclient_common-0.7.0.jar:/home/runner/.m2/repository/com/fasterxml/jackson/datatype/jackson-datatype-jsr310/2.12.1/jackson-datatype-jsr310-2.12.1.jar:/home/runner/.m2/repository/io/dropwizard/metrics/metrics-core/3.2.4/metrics-core-3.2.4.jar:/home/runner/.m2/repository/org/apache/hadoop/hadoop-hdfs-client/3.3.1/hadoop-hdfs-client-3.3.1.jar:/home/runner/.m2/repository/org/bouncycastle/bcprov-jdk15on/1.67/bcprov-jdk15on-1.67.jar:/home/runner/.m2/repository/com/google/protobuf/protobuf-java/2.5.0/protobuf-java-2.5.0.jar:/home/runner/.m2/repository/org/apache/ozone/ozone-manager/1.2.0-SNAPSHOT/ozone-manager-1.2.0-SNAPSHOT.jar:/home/runner/.m2/repository/org/aspectj/aspectjrt/1.8.9/aspectjrt-1.8.9.jar:/home/runner/.m2/repository/org/aspectj/aspectjweaver/1.8.9/aspectjweaver-1.8.9.jar:/home/runner/.m2/repository/org/apache/ozone/hdds-interface-client/1.2.0-SNAPSHOT/hdds-interface-client-1.2.0-SNAPSHOT.jar:/home/runner/.m2/repository/org/apache/hadoop/thirdparty/hadoop-shaded-protobuf_3_7/1.1.1/hadoop-shaded-protobuf_3_7-1.1.1.jar:/home/runner/.m2/repository/org/apache/ratis/ratis-thirdparty-misc/0.7.0-a398b19-SNAPSHOT/ratis-thirdparty-misc-0.7.0-a398b19-SNAPSHOT.jar:/home/runner/.m2/repository/org/apache/ozone/ozone-interface-storage/1.2.0-SNAPSHOT/ozone-interface-storage-1.2.0-SNAPSHOT.jar:/home/runner/.m2/repository/org/reflections/reflections/0.9.11/reflections-0.9.11.jar:/home/runner/.m2/repository/org/apache/hadoop/hadoop-minikdc/3.3.1/hadoop-minikdc-3.3.1.jar:/home/runner/.m2/repository/org/apache/kerby/kerb-simplekdc/1.0.1/kerb-simplekdc-1.0.1.jar:/home/runner/.m2/repository/org/apache/kerby/kerb-client/1.0.1/kerb-client-1.0.1.jar:/home/runner/.m2/repository/org/apache/kerby/kerby-config/1.0.1/kerby-config-1.0.1.jar:/home/runner/.m2/repository/org/apache/kerby/kerb-common/1.0.1/kerb-common-1.0.1.jar:/home/runner/.m2/repository/org/apache/kerby/kerb-crypto/1.0.1/kerb-crypto-1.0.1.jar:/home/runner/.m2/repository/org/apache/kerby/kerb-util/1.0.1/kerb-util-1.0.1.jar:/home/runner/.m2/repository/org/apache/kerby/token-provider/1.0.1/token-provider-1.0.1.jar:/home/runner/.m2/repository/org/apache/kerby/kerb-admin/1.0.1/kerb-admin-1.0.1.jar:/home/runner/.m2/repository/org/apache/kerby/kerb-server/1.0.1/kerb-server-1.0.1.jar:/home/runner/.m2/repository/org/apache/kerby/kerb-identity/1.0.1/kerb-identity-1.0.1.jar:/home/runner/.m2/repository/org/apache/kerby/kerby-xdr/1.0.1/kerby-xdr-1.0.1.jar:/home/runner/.m2/repository/org/slf4j/slf4j-log4j12/1.7.30/slf4j-log4j12-1.7.30.jar:/home/runner/.m2/repository/org/apache/ozone/ozone-s3gateway/1.2.0-SNAPSHOT/ozone-s3gateway-1.2.0-SNAPSHOT.jar:/home/runner/.m2/repository/org/javassist/javassist/3.21.0-GA/javassist-3.21.0-GA.jar:/home/runner/.m2/repository/org/jboss/weld/servlet/weld-servlet/2.4.7.Final/weld-servlet-2.4.7.Final.jar:/home/runner/.m2/repository/org/glassfish/jersey/containers/jersey-container-servlet-core/2.33/jersey-container-servlet-core-2.33.jar:/home/runner/.m2/repository/org/glassfish/hk2/external/jakarta.inject/2.6.1/jakarta.inject-2.6.1.jar:/home/runner/.m2/repository/org/glassfish/jersey/core/jersey-common/2.33/jersey-common-2.33.jar:/home/runner/.m2/repository/jakarta/ws/rs/jakarta.ws.rs-api/2.1.6/jakarta.ws.rs-api-2.1.6.jar:/home/runner/.m2/repository/org/glassfish/jersey/ext/cdi/jersey-cdi1x/2.33/jersey-cdi1x-2.33.jar:/home/runner/.m2/repository/org/glassfish/jersey/inject/jersey-hk2/2.33/jersey-hk2-2.33.jar:/home/runner/.m2/repository/org/glassfish/hk2/hk2-locator/2.6.1/hk2-locator-2.6.1.jar:/home/runner/.m2/repository/org/glassfish/jersey/media/jersey-media-jaxb/2.33/jersey-media-jaxb-2.33.jar:/home/runner/.m2/repository/org/glassfish/hk2/osgi-resource-locator/1.0.3/osgi-resource-locator-1.0.3.jar:/home/runner/.m2/repository/org/glassfish/hk2/hk2-api/2.5.0/hk2-api-2.5.0.jar:/home/runner/.m2/repository/org/glassfish/hk2/hk2-utils/2.5.0/hk2-utils-2.5.0.jar:/home/runner/.m2/repository/org/glassfish/hk2/external/aopalliance-repackaged/2.5.0/aopalliance-repackaged-2.5.0.jar:/home/runner/.m2/repository/com/fasterxml/jackson/dataformat/jackson-dataformat-xml/2.12.1/jackson-dataformat-xml-2.12.1.jar:/home/runner/.m2/repository/com/fasterxml/jackson/core/jackson-core/2.12.1/jackson-core-2.12.1.jar:/home/runner/.m2/repository/com/fasterxml/jackson/module/jackson-module-jaxb-annotations/2.12.1/jackson-module-jaxb-annotations-2.12.1.jar:/home/runner/.m2/repository/jakarta/xml/bind/jakarta.xml.bind-api/2.3.2/jakarta.xml.bind-api-2.3.2.jar:/home/runner/.m2/repository/org/codehaus/woodstox/stax2-api/3.1.4/stax2-api-3.1.4.jar:/home/runner/.m2/repository/com/fasterxml/woodstox/woodstox-core/5.0.3/woodstox-core-5.0.3.jar:/home/runner/.m2/repository/javax/enterprise/cdi-api/1.2/cdi-api-1.2.jar:/home/runner/.m2/repository/javax/el/javax.el-api/3.0.0/javax.el-api-3.0.0.jar:/home/runner/.m2/repository/javax/interceptor/javax.interceptor-api/1.2/javax.interceptor-api-1.2.jar:/home/runner/.m2/repository/javax/inject/javax.inject/1/javax.inject-1.jar:/home/runner/.m2/repository/javax/xml/bind/jaxb-api/2.3.0/jaxb-api-2.3.0.jar:/home/runner/.m2/repository/org/glassfish/jaxb/jaxb-runtime/2.3.0.1/jaxb-runtime-2.3.0.1.jar:/home/runner/.m2/repository/org/glassfish/jaxb/jaxb-core/2.3.0.1/jaxb-core-2.3.0.1.jar:/home/runner/.m2/repository/org/glassfish/jaxb/txw2/2.3.0.1/txw2-2.3.0.1.jar:/home/runner/.m2/repository/com/sun/istack/istack-commons-runtime/3.0.5/istack-commons-runtime-3.0.5.jar:/home/runner/.m2/repository/org/jvnet/staxex/stax-ex/1.7.8/stax-ex-1.7.8.jar:/home/runner/.m2/repository/com/sun/xml/fastinfoset/FastInfoset/1.2.13/FastInfoset-1.2.13.jar:/home/runner/.m2/repository/javax/activation/activation/1.1.1/activation-1.1.1.jar:/home/runner/.m2/repository/org/apache/ozone/ozone-csi/1.2.0-SNAPSHOT/ozone-csi-1.2.0-SNAPSHOT.jar:/home/runner/.m2/repository/com/google/protobuf/protobuf-java-util/3.12.0/protobuf-java-util-3.12.0.jar:/home/runner/.m2/repository/com/google/code/gson/gson/2.2.4/gson-2.2.4.jar:/home/runner/.m2/repository/org/apache/ozone/hdds-config/1.2.0-SNAPSHOT/hdds-config-1.2.0-SNAPSHOT.jar:/home/runner/.m2/repository/io/grpc/grpc-netty/1.33.0/grpc-netty-1.33.0.jar:/home/runner/.m2/repository/io/grpc/grpc-core/1.33.0/grpc-core-1.33.0.jar:/home/runner/.m2/repository/com/google/android/annotations/4.1.1.4/annotations-4.1.1.4.jar:/home/runner/.m2/repository/io/netty/netty-codec-http2/4.1.63.Final/netty-codec-http2-4.1.63.Final.jar:/home/runner/.m2/repository/io/netty/netty-codec-http/4.1.63.Final/netty-codec-http-4.1.63.Final.jar:/home/runner/.m2/repository/io/netty/netty-handler-proxy/4.1.63.Final/netty-handler-proxy-4.1.63.Final.jar:/home/runner/.m2/repository/io/netty/netty-codec-socks/4.1.63.Final/netty-codec-socks-4.1.63.Final.jar:/home/runner/.m2/repository/io/perfmark/perfmark-api/0.19.0/perfmark-api-0.19.0.jar:/home/runner/.m2/repository/org/codehaus/mojo/animal-sniffer-annotations/1.18/animal-sniffer-annotations-1.18.jar:/home/runner/.m2/repository/io/netty/netty-transport-native-epoll/4.1.63.Final/netty-transport-native-epoll-4.1.63.Final.jar:/home/runner/.m2/repository/io/netty/netty-common/4.1.63.Final/netty-common-4.1.63.Final.jar:/home/runner/.m2/repository/io/netty/netty-buffer/4.1.63.Final/netty-buffer-4.1.63.Final.jar:/home/runner/.m2/repository/io/netty/netty-transport-native-unix-common/4.1.63.Final/netty-transport-native-unix-common-4.1.63.Final.jar:/home/runner/.m2/repository/io/grpc/grpc-protobuf/1.33.0/grpc-protobuf-1.33.0.jar:/home/runner/.m2/repository/io/grpc/grpc-api/1.33.0/grpc-api-1.33.0.jar:/home/runner/.m2/repository/io/grpc/grpc-context/1.33.0/grpc-context-1.33.0.jar:/home/runner/.m2/repository/com/google/api/grpc/proto-google-common-protos/1.17.0/proto-google-common-protos-1.17.0.jar:/home/runner/.m2/repository/io/grpc/grpc-protobuf-lite/1.33.0/grpc-protobuf-lite-1.33.0.jar:/home/runner/.m2/repository/io/grpc/grpc-stub/1.33.0/grpc-stub-1.33.0.jar:/home/runner/.m2/repository/org/apache/ozone/ozone-recon/1.2.0-SNAPSHOT/ozone-recon-1.2.0-SNAPSHOT.jar:/home/runner/.m2/repository/org/apache/ozone/ozone-reconcodegen/1.2.0-SNAPSHOT/ozone-reconcodegen-1.2.0-SNAPSHOT.jar:/home/runner/.m2/repository/com/google/inject/extensions/guice-multibindings/4.0/guice-multibindings-4.0.jar:/home/runner/.m2/repository/com/google/inject/guice/4.0/guice-4.0.jar:/home/runner/.m2/repository/aopalliance/aopalliance/1.0/aopalliance-1.0.jar:/home/runner/.m2/repository/com/google/inject/extensions/guice-assistedinject/4.0/guice-assistedinject-4.0.jar:/home/runner/.m2/repository/com/google/inject/extensions/guice-servlet/4.0/guice-servlet-4.0.jar:/home/runner/.m2/repository/org/glassfish/jersey/containers/jersey-container-servlet/2.33/jersey-container-servlet-2.33.jar:/home/runner/.m2/repository/org/glassfish/hk2/guice-bridge/2.5.0/guice-bridge-2.5.0.jar:/home/runner/.m2/repository/org/glassfish/jersey/core/jersey-server/2.33/jersey-server-2.33.jar:/home/runner/.m2/repository/org/glassfish/jersey/core/jersey-client/2.33/jersey-client-2.33.jar:/home/runner/.m2/repository/jakarta/annotation/jakarta.annotation-api/1.3.5/jakarta.annotation-api-1.3.5.jar:/home/runner/.m2/repository/jakarta/validation/jakarta.validation-api/2.0.2/jakarta.validation-api-2.0.2.jar:/home/runner/.m2/repository/org/glassfish/jersey/media/jersey-media-json-jackson/2.33/jersey-media-json-jackson-2.33.jar:/home/runner/.m2/repository/org/glassfish/jersey/ext/jersey-entity-filtering/2.33/jersey-entity-filtering-2.33.jar:/home/runner/.m2/repository/org/jooq/jooq/3.11.10/jooq-3.11.10.jar:/home/runner/.m2/repository/org/jooq/jooq-meta/3.11.10/jooq-meta-3.11.10.jar:/home/runner/.m2/repository/org/jooq/jooq-codegen/3.11.10/jooq-codegen-3.11.10.jar:/home/runner/.m2/repository/com/jolbox/bonecp/0.8.0.RELEASE/bonecp-0.8.0.RELEASE.jar:/home/runner/.m2/repository/org/apache/derby/derby/10.14.2.0/derby-10.14.2.0.jar:/home/runner/.m2/repository/org/xerial/sqlite-jdbc/3.25.2/sqlite-jdbc-3.25.2.jar:/home/runner/.m2/repository/org/springframework/spring-jdbc/5.2.11.RELEASE/spring-jdbc-5.2.11.RELEASE.jar:/home/runner/.m2/repository/org/springframework/spring-beans/5.2.11.RELEASE/spring-beans-5.2.11.RELEASE.jar:/home/runner/.m2/repository/org/springframework/spring-core/5.2.11.RELEASE/spring-core-5.2.11.RELEASE.jar:/home/runner/.m2/repository/org/springframework/spring-jcl/5.2.11.RELEASE/spring-jcl-5.2.11.RELEASE.jar:/home/runner/.m2/repository/org/springframework/spring-tx/5.2.11.RELEASE/spring-tx-5.2.11.RELEASE.jar:/home/runner/.m2/repository/org/apache/ozone/ozone-client/1.2.0-SNAPSHOT/ozone-client-1.2.0-SNAPSHOT.jar:/home/runner/.m2/repository/org/apache/ozone/ozone-filesystem/1.2.0-SNAPSHOT/ozone-filesystem-1.2.0-SNAPSHOT.jar:/home/runner/.m2/repository/org/apache/ozone/ozone-filesystem-common/1.2.0-SNAPSHOT/ozone-filesystem-common-1.2.0-SNAPSHOT.jar:/home/runner/.m2/repository/org/apache/ozone/ozone-tools/1.2.0-SNAPSHOT/ozone-tools-1.2.0-SNAPSHOT.jar:/home/runner/.m2/repository/org/apache/ratis/ratis-tools/2.1.0-ff8aa66-SNAPSHOT/ratis-tools-2.1.0-ff8aa66-SNAPSHOT.jar:/home/runner/.m2/repository/org/apache/ratis/ratis-proto/2.1.0-ff8aa66-SNAPSHOT/ratis-proto-2.1.0-ff8aa66-SNAPSHOT.jar:/home/runner/.m2/repository/org/apache/ratis/ratis-common/2.1.0-ff8aa66-SNAPSHOT/ratis-common-2.1.0-ff8aa66-SNAPSHOT.jar:/home/runner/.m2/repository/com/amazonaws/aws-java-sdk-core/1.11.901/aws-java-sdk-core-1.11.901.jar:/home/runner/.m2/repository/org/apache/httpcomponents/httpclient/4.5.13/httpclient-4.5.13.jar:/home/runner/.m2/repository/org/apache/httpcomponents/httpcore/4.4.13/httpcore-4.4.13.jar:/home/runner/.m2/repository/software/amazon/ion/ion-java/1.0.2/ion-java-1.0.2.jar:/home/runner/.m2/repository/com/fasterxml/jackson/dataformat/jackson-dataformat-cbor/2.12.1/jackson-dataformat-cbor-2.12.1.jar:/home/runner/.m2/repository/joda-time/joda-time/2.8.1/joda-time-2.8.1.jar:/home/runner/.m2/repository/com/amazonaws/aws-java-sdk-s3/1.11.901/aws-java-sdk-s3-1.11.901.jar:/home/runner/.m2/repository/com/amazonaws/aws-java-sdk-kms/1.11.901/aws-java-sdk-kms-1.11.901.jar:/home/runner/.m2/repository/com/amazonaws/jmespath-java/1.11.901/jmespath-java-1.11.901.jar:/home/runner/.m2/repository/org/kohsuke/metainf-services/metainf-services/1.8/metainf-services-1.8.jar:/home/runner/.m2/repository/org/apache/ozone/hdds-tools/1.2.0-SNAPSHOT/hdds-tools-1.2.0-SNAPSHOT.jar:/home/runner/.m2/repository/commons-cli/commons-cli/1.2/commons-cli-1.2.jar:/home/runner/.m2/repository/org/apache/commons/commons-lang3/3.7/commons-lang3-3.7.jar:/home/runner/.m2/repository/org/apache/ozone/ozone-manager/1.2.0-SNAPSHOT/ozone-manager-1.2.0-SNAPSHOT-tests.jar:/home/runner/.m2/repository/org/apache/ozone/hdds-common/1.2.0-SNAPSHOT/hdds-common-1.2.0-SNAPSHOT-tests.jar:/home/runner/.m2/repository/org/apache/ozone/hdds-hadoop-dependency-client/1.2.0-SNAPSHOT/hdds-hadoop-dependency-client-1.2.0-SNAPSHOT.jar:/home/runner/.m2/repository/info/picocli/picocli/4.4.0/picocli-4.4.0.jar:/home/runner/.m2/repository/com/fasterxml/jackson/core/jackson-annotations/2.12.1/jackson-annotations-2.12.1.jar:/home/runner/.m2/repository/javax/annotation/javax.annotation-api/1.2/javax.annotation-api-1.2.jar:/home/runner/.m2/repository/org/apache/ratis/ratis-server/2.1.0-ff8aa66-SNAPSHOT/ratis-server-2.1.0-ff8aa66-SNAPSHOT.jar:/home/runner/.m2/repository/org/apache/ratis/ratis-client/2.1.0-ff8aa66-SNAPSHOT/ratis-client-2.1.0-ff8aa66-SNAPSHOT.jar:/home/runner/.m2/repository/org/apache/ratis/ratis-server-api/2.1.0-ff8aa66-SNAPSHOT/ratis-server-api-2.1.0-ff8aa66-SNAPSHOT.jar:/home/runner/.m2/repository/org/apache/ratis/ratis-metrics/2.1.0-ff8aa66-SNAPSHOT/ratis-metrics-2.1.0-ff8aa66-SNAPSHOT.jar:/home/runner/.m2/repository/org/apache/ratis/ratis-netty/2.1.0-ff8aa66-SNAPSHOT/ratis-netty-2.1.0-ff8aa66-SNAPSHOT.jar:/home/runner/.m2/repository/org/apache/ratis/ratis-grpc/2.1.0-ff8aa66-SNAPSHOT/ratis-grpc-2.1.0-ff8aa66-SNAPSHOT.jar:/home/runner/.m2/repository/org/apache/logging/log4j/log4j-api/2.13.3/log4j-api-2.13.3.jar:/home/runner/.m2/repository/org/apache/logging/log4j/log4j-core/2.13.3/log4j-core-2.13.3.jar:/home/runner/.m2/repository/com/lmax/disruptor/3.4.2/disruptor-3.4.2.jar:/home/runner/.m2/repository/org/apache/commons/commons-pool2/2.6.0/commons-pool2-2.6.0.jar:/home/runner/.m2/repository/org/bouncycastle/bcpkix-jdk15on/1.67/bcpkix-jdk15on-1.67.jar:/home/runner/.m2/repository/commons-validator/commons-validator/1.6/commons-validator-1.6.jar:/home/runner/.m2/repository/commons-beanutils/commons-beanutils/1.9.4/commons-beanutils-1.9.4.jar:/home/runner/.m2/repository/commons-digester/commons-digester/1.8.1/commons-digester-1.8.1.jar:/home/runner/.m2/repository/commons-collections/commons-collections/3.2.2/commons-collections-3.2.2.jar:/home/runner/.m2/repository/io/jaegertracing/jaeger-client/1.6.0/jaeger-client-1.6.0.jar:/home/runner/.m2/repository/io/jaegertracing/jaeger-thrift/1.6.0/jaeger-thrift-1.6.0.jar:/home/runner/.m2/repository/org/apache/thrift/libthrift/0.14.1/libthrift-0.14.1.jar:/home/runner/.m2/repository/com/squareup/okhttp3/okhttp/4.9.0/okhttp-4.9.0.jar:/home/runner/.m2/repository/com/squareup/okio/okio/2.8.0/okio-2.8.0.jar:/home/runner/.m2/repository/io/jaegertracing/jaeger-core/1.6.0/jaeger-core-1.6.0.jar:/home/runner/.m2/repository/io/jaegertracing/jaeger-tracerresolver/1.6.0/jaeger-tracerresolver-1.6.0.jar:/home/runner/.m2/repository/io/opentracing/contrib/opentracing-tracerresolver/0.1.8/opentracing-tracerresolver-0.1.8.jar:/home/runner/.m2/repository/org/jetbrains/kotlin/kotlin-stdlib/1.4.31/kotlin-stdlib-1.4.31.jar:/home/runner/.m2/repository/org/jetbrains/kotlin/kotlin-stdlib-common/1.4.31/kotlin-stdlib-common-1.4.31.jar:/home/runner/.m2/repository/org/jetbrains/annotations/13.0/annotations-13.0.jar:/home/runner/.m2/repository/io/opentracing/opentracing-util/0.33.0/opentracing-util-0.33.0.jar:/home/runner/.m2/repository/io/opentracing/opentracing-api/0.33.0/opentracing-api-0.33.0.jar:/home/runner/.m2/repository/io/opentracing/opentracing-noop/0.33.0/opentracing-noop-0.33.0.jar:/home/runner/.m2/repository/org/yaml/snakeyaml/1.26/snakeyaml-1.26.jar:/home/runner/.m2/repository/org/apache/ozone/hdds-interface-admin/1.2.0-SNAPSHOT/hdds-interface-admin-1.2.0-SNAPSHOT.jar:/home/runner/.m2/repository/junit/junit/4.13.1/junit-4.13.1.jar:/home/runner/.m2/repository/org/hamcrest/hamcrest-core/1.3/hamcrest-core-1.3.jar:/home/runner/.m2/repository/org/junit/jupiter/junit-jupiter-api/5.7.0/junit-jupiter-api-5.7.0.jar:/home/runner/.m2/repository/org/apiguardian/apiguardian-api/1.1.0/apiguardian-api-1.1.0.jar:/home/runner/.m2/repository/org/opentest4j/opentest4j/1.2.0/opentest4j-1.2.0.jar:/home/runner/.m2/repository/org/junit/platform/junit-platform-commons/1.7.0/junit-platform-commons-1.7.0.jar:/home/runner/.m2/repository/org/junit/jupiter/junit-jupiter-engine/5.7.0/junit-jupiter-engine-5.7.0.jar:/home/runner/.m2/repository/org/junit/platform/junit-platform-engine/1.7.0/junit-platform-engine-1.7.0.jar:/home/runner/.m2/repository/org/junit/vintage/junit-vintage-engine/5.7.0/junit-vintage-engine-5.7.0.jar:/home/runner/.m2/repository/org/junit/platform/junit-platform-launcher/1.7.0/junit-platform-launcher-1.7.0.jar:/home/runner/.m2/repository/org/openjdk/jmh/jmh-core/1.19/jmh-core-1.19.jar:/home/runner/.m2/repository/net/sf/jopt-simple/jopt-simple/4.6/jopt-simple-4.6.jar:/home/runner/.m2/repository/org/apache/commons/commons-math3/3.1.1/commons-math3-3.1.1.jar:/home/runner/.m2/repository/org/openjdk/jmh/jmh-generator-annprocess/1.19/jmh-generator-annprocess-1.19.jar:/home/runner/.m2/repository/org/mockito/mockito-core/2.28.2/mockito-core-2.28.2.jar:/home/runner/.m2/repository/net/bytebuddy/byte-buddy/1.9.10/byte-buddy-1.9.10.jar:/home/runner/.m2/repository/net/bytebuddy/byte-buddy-agent/1.9.10/byte-buddy-agent-1.9.10.jar:/home/runner/.m2/repository/org/objenesis/objenesis/1.0/objenesis-1.0.jar:/home/runner/.m2/repository/org/apache/hadoop/hadoop-kms/3.3.1/hadoop-kms-3.3.1.jar:/home/runner/.m2/repository/org/apache/hadoop/hadoop-auth/3.3.1/hadoop-auth-3.3.1.jar:/home/runner/.m2/repository/com/nimbusds/nimbus-jose-jwt/7.9/nimbus-jose-jwt-7.9.jar:/home/runner/.m2/repository/com/github/stephenc/jcip/jcip-annotations/1.0-1/jcip-annotations-1.0-1.jar:/home/runner/.m2/repository/net/minidev/json-smart/2.3/json-smart-2.3.jar:/home/runner/.m2/repository/net/minidev/accessors-smart/1.2/accessors-smart-1.2.jar:/home/runner/.m2/repository/org/ow2/asm/asm/5.0.4/asm-5.0.4.jar:/home/runner/.m2/repository/org/apache/zookeeper/zookeeper/3.5.6/zookeeper-3.5.6.jar:/home/runner/.m2/repository/org/apache/zookeeper/zookeeper-jute/3.5.6/zookeeper-jute-3.5.6.jar:/home/runner/.m2/repository/org/apache/yetus/audience-annotations/0.5.0/audience-annotations-0.5.0.jar:/home/runner/.m2/repository/org/apache/curator/curator-framework/4.2.0/curator-framework-4.2.0.jar:/home/runner/.m2/repository/org/apache/hadoop/thirdparty/hadoop-shaded-guava/1.1.1/hadoop-shaded-guava-1.1.1.jar:/home/runner/.m2/repository/com/sun/jersey/jersey-core/1.19/jersey-core-1.19.jar:/home/runner/.m2/repository/javax/ws/rs/jsr311-api/1.1.1/jsr311-api-1.1.1.jar:/home/runner/.m2/repository/com/sun/jersey/jersey-server/1.19/jersey-server-1.19.jar:/home/runner/.m2/repository/javax/servlet/javax.servlet-api/3.1.0/javax.servlet-api-3.1.0.jar:/home/runner/.m2/repository/org/eclipse/jetty/jetty-server/9.4.35.v20201120/jetty-server-9.4.35.v20201120.jar:/home/runner/.m2/repository/org/eclipse/jetty/jetty-http/9.4.35.v20201120/jetty-http-9.4.35.v20201120.jar:/home/runner/.m2/repository/org/eclipse/jetty/jetty-io/9.4.35.v20201120/jetty-io-9.4.35.v20201120.jar:/home/runner/.m2/repository/org/eclipse/jetty/jetty-webapp/9.4.35.v20201120/jetty-webapp-9.4.35.v20201120.jar:/home/runner/.m2/repository/org/eclipse/jetty/jetty-xml/9.4.35.v20201120/jetty-xml-9.4.35.v20201120.jar:/home/runner/.m2/repository/org/apache/hadoop/hadoop-common/3.3.1/hadoop-common-3.3.1.jar:/home/runner/.m2/repository/commons-net/commons-net/3.6/commons-net-3.6.jar:/home/runner/.m2/repository/jakarta/activation/jakarta.activation-api/1.2.1/jakarta.activation-api-1.2.1.jar:/home/runner/.m2/repository/com/sun/jersey/jersey-servlet/1.19/jersey-servlet-1.19.jar:/home/runner/.m2/repository/com/sun/jersey/jersey-json/1.19/jersey-json-1.19.jar:/home/runner/.m2/repository/org/codehaus/jettison/jettison/1.1/jettison-1.1.jar:/home/runner/.m2/repository/com/sun/xml/bind/jaxb-impl/2.2.3-1/jaxb-impl-2.2.3-1.jar:/home/runner/.m2/repository/org/codehaus/jackson/jackson-jaxrs/1.9.2/jackson-jaxrs-1.9.2.jar:/home/runner/.m2/repository/org/codehaus/jackson/jackson-xc/1.9.2/jackson-xc-1.9.2.jar:/home/runner/.m2/repository/org/apache/commons/commons-configuration2/2.1.1/commons-configuration2-2.1.1.jar:/home/runner/.m2/repository/org/apache/commons/commons-text/1.4/commons-text-1.4.jar:/home/runner/.m2/repository/com/google/re2j/re2j/1.1/re2j-1.1.jar:/home/runner/.m2/repository/com/jcraft/jsch/0.1.54/jsch-0.1.54.jar:/home/runner/.m2/repository/org/apache/curator/curator-client/4.2.0/curator-client-4.2.0.jar:/home/runner/.m2/repository/org/apache/curator/curator-recipes/4.2.0/curator-recipes-4.2.0.jar:/home/runner/.m2/repository/org/apache/kerby/kerb-core/1.0.1/kerb-core-1.0.1.jar:/home/runner/.m2/repository/org/apache/kerby/kerby-pkix/1.0.1/kerby-pkix-1.0.1.jar:/home/runner/.m2/repository/org/apache/kerby/kerby-asn1/1.0.1/kerby-asn1-1.0.1.jar:/home/runner/.m2/repository/org/apache/kerby/kerby-util/1.0.1/kerby-util-1.0.1.jar:/home/runner/.m2/repository/dnsjava/dnsjava/2.1.7/dnsjava-2.1.7.jar:/home/runner/.m2/repository/org/xerial/snappy/snappy-java/1.1.8.2/snappy-java-1.1.8.2.jar:/home/runner/.m2/repository/org/slf4j/jul-to-slf4j/1.7.30/jul-to-slf4j-1.7.30.jar:/home/runner/.m2/repository/org/eclipse/jetty/jetty-util/9.4.35.v20201120/jetty-util-9.4.35.v20201120.jar:/home/runner/.m2/repository/com/fasterxml/jackson/core/jackson-databind/2.12.1/jackson-databind-2.12.1.jar:/home/runner/.m2/repository/org/apache/hadoop/hadoop-kms/3.3.1/hadoop-kms-3.3.1-tests.jar:/home/runner/.m2/repository/org/apache/ozone/hdds-server-scm/1.2.0-SNAPSHOT/hdds-server-scm-1.2.0-SNAPSHOT-tests.jar:/home/runner/.m2/repository/org/apache/ozone/hdds-container-service/1.2.0-SNAPSHOT/hdds-container-service-1.2.0-SNAPSHOT-tests.jar:/home/runner/.m2/repository/commons-codec/commons-codec/1.11/commons-codec-1.11.jar:/home/runner/.m2/repository/io/netty/netty-transport/4.1.63.Final/netty-transport-4.1.63.Final.jar:/home/runner/.m2/repository/io/netty/netty-resolver/4.1.63.Final/netty-resolver-4.1.63.Final.jar:/home/runner/.m2/repository/io/netty/netty-codec/4.1.63.Final/netty-codec-4.1.63.Final.jar:/home/runner/.m2/repository/io/netty/netty-handler/4.1.63.Final/netty-handler-4.1.63.Final.jar:/home/runner/.m2/repository/org/apache/ozone/hdds-hadoop-dependency-test/1.2.0-SNAPSHOT/hdds-hadoop-dependency-test-1.2.0-SNAPSHOT.jar:/home/runner/.m2/repository/org/apache/hadoop/hadoop-common/3.3.1/hadoop-common-3.3.1-tests.jar:/home/runner/.m2/repository/org/assertj/assertj-core/3.12.2/assertj-core-3.12.2.jar:/home/runner/.m2/repository/org/apache/hadoop/hadoop-hdfs/3.3.1/hadoop-hdfs-3.3.1-tests.jar:/home/runner/.m2/repository/org/eclipse/jetty/jetty-util-ajax/9.4.35.v20201120/jetty-util-ajax-9.4.35.v20201120.jar:/home/runner/.m2/repository/commons-daemon/commons-daemon/1.0.13/commons-daemon-1.0.13.jar:/home/runner/.m2/repository/io/netty/netty/3.10.6.Final/netty-3.10.6.Final.jar:/home/runner/.m2/repository/io/netty/netty-all/4.1.63.Final/netty-all-4.1.63.Final.jar:/home/runner/.m2/repository/org/apache/htrace/htrace-core4/4.1.0-incubating/htrace-core4-4.1.0-incubating.jar:/home/runner/.m2/repository/org/fusesource/leveldbjni/leveldbjni-all/1.8/leveldbjni-all-1.8.jar:/home/runner/.m2/repository/org/apache/hadoop/hadoop-distcp/3.3.1/hadoop-distcp-3.3.1.jar:/home/runner/.m2/repository/org/apache/hadoop/hadoop-mapreduce-client-jobclient/3.3.1/hadoop-mapreduce-client-jobclient-3.3.1.jar:/home/runner/.m2/repository/org/apache/hadoop/hadoop-mapreduce-client-common/3.3.1/hadoop-mapreduce-client-common-3.3.1.jar:/home/runner/.m2/repository/org/apache/hadoop/hadoop-yarn-common/3.3.1/hadoop-yarn-common-3.3.1.jar:/home/runner/.m2/repository/org/apache/hadoop/hadoop-yarn-api/3.3.1/hadoop-yarn-api-3.3.1.jar:/home/runner/.m2/repository/com/sun/jersey/jersey-client/1.19/jersey-client-1.19.jar:/home/runner/.m2/repository/com/sun/jersey/contribs/jersey-guice/1.19/jersey-guice-1.19.jar:/home/runner/.m2/repository/com/fasterxml/jackson/jaxrs/jackson-jaxrs-json-provider/2.12.1/jackson-jaxrs-json-provider-2.12.1.jar:/home/runner/.m2/repository/com/fasterxml/jackson/jaxrs/jackson-jaxrs-base/2.12.1/jackson-jaxrs-base-2.12.1.jar:/home/runner/.m2/repository/org/apache/hadoop/hadoop-yarn-client/3.3.1/hadoop-yarn-client-3.3.1.jar:/home/runner/.m2/repository/org/eclipse/jetty/websocket/websocket-client/9.4.40.v20210413/websocket-client-9.4.40.v20210413.jar:/home/runner/.m2/repository/org/eclipse/jetty/jetty-client/9.4.40.v20210413/jetty-client-9.4.40.v20210413.jar:/home/runner/.m2/repository/org/eclipse/jetty/websocket/websocket-common/9.4.40.v20210413/websocket-common-9.4.40.v20210413.jar:/home/runner/.m2/repository/org/eclipse/jetty/websocket/websocket-api/9.4.40.v20210413/websocket-api-9.4.40.v20210413.jar:/home/runner/.m2/repository/org/jline/jline/3.9.0/jline-3.9.0.jar:/home/runner/.m2/repository/org/apache/hadoop/hadoop-mapreduce-client-core/3.3.1/hadoop-mapreduce-client-core-3.3.1.jar:/home/runner/.m2/repository/org/apache/avro/avro/1.7.7/avro-1.7.7.jar:/home/runner/.m2/repository/org/codehaus/jackson/jackson-core-asl/1.9.13/jackson-core-asl-1.9.13.jar:/home/runner/.m2/repository/org/codehaus/jackson/jackson-mapper-asl/1.9.13/jackson-mapper-asl-1.9.13.jar:/home/runner/.m2/repository/com/thoughtworks/paranamer/paranamer/2.3/paranamer-2.3.jar:/home/runner/.m2/repository/org/apache/hadoop/hadoop-annotations/3.3.1/hadoop-annotations-3.3.1.jar:/usr/lib/jvm/adoptopenjdk-8-hotspot-amd64/jre/../lib/tools.jar:/home/runner/.m2/repository/org/apache/hadoop/hadoop-distcp/3.3.1/hadoop-distcp-3.3.1-tests.jar:"/>
    <property name="sun.cpu.endian" value="little"/>
    <property name="user.home" value="/home/runner"/>
    <property name="user.language" value="en"/>
    <property name="java.specification.vendor" value="Oracle Corporation"/>
    <property name="java.home" value="/usr/lib/jvm/adoptopenjdk-8-hotspot-amd64/jre"/>
    <property name="java.security.krb5.conf" value="/home/runner/work/ozone/ozone/mnt/ozone/hadoop-ozone/integration-test/target/test-classes/krb5.conf"/>
    <property name="basedir" value="/home/runner/work/ozone/ozone/mnt/ozone/hadoop-ozone/integration-test"/>
    <property name="file.separator" value="/"/>
    <property name="line.separator" value="&#10;"/>
    <property name="java.vm.specification.vendor" value="Oracle Corporation"/>
    <property name="java.specification.name" value="Java Platform API Specification"/>
    <property name="java.awt.graphicsenv" value="sun.awt.X11GraphicsEnvironment"/>
    <property name="skip.installnpx" value="true"/>
    <property name="surefire.real.class.path" value="/home/runner/work/ozone/ozone/mnt/ozone/hadoop-ozone/integration-test/target/surefire/surefirebooter6728869117080383366.jar:/home/runner/.m2/repository/org/jacoco/org.jacoco.agent/0.8.5/org.jacoco.agent-0.8.5-runtime.jar"/>
    <property name="hadoop.log.dir" value="/home/runner/work/ozone/ozone/mnt/ozone/hadoop-ozone/integration-test/target/log"/>
    <property name="sun.boot.class.path" value="/usr/lib/jvm/adoptopenjdk-8-hotspot-amd64/jre/lib/resources.jar:/usr/lib/jvm/adoptopenjdk-8-hotspot-amd64/jre/lib/rt.jar:/usr/lib/jvm/adoptopenjdk-8-hotspot-amd64/jre/lib/sunrsasign.jar:/usr/lib/jvm/adoptopenjdk-8-hotspot-amd64/jre/lib/jsse.jar:/usr/lib/jvm/adoptopenjdk-8-hotspot-amd64/jre/lib/jce.jar:/usr/lib/jvm/adoptopenjdk-8-hotspot-amd64/jre/lib/charsets.jar:/usr/lib/jvm/adoptopenjdk-8-hotspot-amd64/jre/lib/jfr.jar:/usr/lib/jvm/adoptopenjdk-8-hotspot-amd64/jre/classes"/>
    <property name="sun.management.compiler" value="HotSpot 64-Bit Tiered Compilers"/>
    <property name="skip.npx" value="true"/>
    <property name="java.runtime.version" value="1.8.0_292-b10"/>
    <property name="java.net.preferIPv4Stack" value="true"/>
    <property name="user.name" value="runner"/>
    <property name="path.separator" value=":"/>
    <property name="java.security.egd" value="file:///dev/urandom"/>
    <property name="os.version" value="5.4.0-1051-azure"/>
    <property name="java.endorsed.dirs" value="/usr/lib/jvm/adoptopenjdk-8-hotspot-amd64/jre/lib/endorsed"/>
    <property name="java.runtime.name" value="OpenJDK Runtime Environment"/>
    <property name="file.encoding" value="UTF-8"/>
    <property name="java.vm.name" value="OpenJDK 64-Bit Server VM"/>
    <property name="test.build.webapps" value=""/>
    <property name="localRepository" value="/home/runner/.m2/repository"/>
    <property name="java.vendor.url.bug" value="https://github.com/AdoptOpenJDK/openjdk-support/issues"/>
    <property name="java.io.tmpdir" value="/tmp"/>
    <property name="require.test.libhadoop" value=""/>
    <property name="java.version" value="1.8.0_292"/>
    <property name="user.dir" value="/home/runner/work/ozone/ozone/mnt/ozone/hadoop-ozone/integration-test"/>
    <property name="os.arch" value="amd64"/>
    <property name="java.vm.specification.name" value="Java Virtual Machine Specification"/>
    <property name="test.build.classes" value="/home/runner/work/ozone/ozone/mnt/ozone/hadoop-ozone/integration-test/target/test-classes"/>
    <property name="java.awt.printerjob" value="sun.print.PSPrinterJob"/>
    <property name="sun.os.patch.level" value="unknown"/>
    <property name="hadoop.tmp.dir" value="/home/runner/work/ozone/ozone/mnt/ozone/hadoop-ozone/integration-test/target/tmp"/>
    <property name="java.library.path" value="/usr/java/packages/lib/amd64:/usr/lib64:/lib64:/lib:/usr/lib"/>
    <property name="java.vm.info" value="mixed mode"/>
    <property name="java.vendor" value="AdoptOpenJDK"/>
    <property name="java.vm.version" value="25.292-b10"/>
    <property name="java.ext.dirs" value="/usr/lib/jvm/adoptopenjdk-8-hotspot-amd64/jre/lib/ext:/usr/java/packages/lib/ext"/>
    <property name="sun.io.unicode.encoding" value="UnicodeLittle"/>
    <property name="java.class.version" value="52.0"/>
  </properties>
  <testcase name="testPipelineCloseWithPipelineAction" classname="org.apache.hadoop.hdds.scm.pipeline.TestPipelineClose" time="33.559"/>
  <testcase name="testPipelineCloseWithOpenContainer" classname="org.apache.hadoop.hdds.scm.pipeline.TestPipelineClose" time="28.519"/>
  <testcase name="testPipelineCloseWithClosedContainer" classname="org.apache.hadoop.hdds.scm.pipeline.TestPipelineClose" time="28.325"/>
  <testcase name="testPipelineCloseWithLogFailure" classname="org.apache.hadoop.hdds.scm.pipeline.TestPipelineClose" time="29.651">
    <failure message="&#10;pipelineActionHandler.onMessage(&#10;    &lt;Capturing argument&gt;,&#10;    &lt;any org.apache.hadoop.hdds.server.events.EventPublisher&gt;&#10;);&#10;Wanted 1 time:&#10;-&gt; at org.apache.hadoop.hdds.scm.pipeline.PipelineActionHandler.onMessage(PipelineActionHandler.java:64)&#10;But was 0 times.&#10;" type="org.mockito.exceptions.verification.TooFewActualInvocations"><![CDATA[org.mockito.exceptions.verification.TooFewActualInvocations: 

pipelineActionHandler.onMessage(
    <Capturing argument>,
    <any org.apache.hadoop.hdds.server.events.EventPublisher>
);
Wanted 1 time:
-> at org.apache.hadoop.hdds.scm.pipeline.PipelineActionHandler.onMessage(PipelineActionHandler.java:64)
But was 0 times.

	at org.apache.hadoop.hdds.scm.pipeline.PipelineActionHandler.onMessage(PipelineActionHandler.java:64)
	at org.apache.hadoop.hdds.scm.pipeline.TestPipelineClose.testPipelineCloseWithLogFailure(TestPipelineClose.java:246)
	at sun.reflect.NativeMethodAccessorImpl.invoke0(Native Method)
	at sun.reflect.NativeMethodAccessorImpl.invoke(NativeMethodAccessorImpl.java:62)
	at sun.reflect.DelegatingMethodAccessorImpl.invoke(DelegatingMethodAccessorImpl.java:43)
	at java.lang.reflect.Method.invoke(Method.java:498)
	at org.junit.runners.model.FrameworkMethod$1.runReflectiveCall(FrameworkMethod.java:59)
	at org.junit.internal.runners.model.ReflectiveCallable.run(ReflectiveCallable.java:12)
	at org.junit.runners.model.FrameworkMethod.invokeExplosively(FrameworkMethod.java:56)
	at org.junit.internal.runners.statements.InvokeMethod.evaluate(InvokeMethod.java:17)
	at org.junit.internal.runners.statements.RunBefores.evaluate(RunBefores.java:26)
	at org.junit.internal.runners.statements.RunAfters.evaluate(RunAfters.java:27)
	at org.junit.internal.runners.statements.FailOnTimeout$CallableStatement.call(FailOnTimeout.java:288)
	at org.junit.internal.runners.statements.FailOnTimeout$CallableStatement.call(FailOnTimeout.java:282)
	at java.util.concurrent.FutureTask.run(FutureTask.java:266)
	at java.lang.Thread.run(Thread.java:748)
]]></failure>
    <system-out><![CDATA[2021-07-20 20:05:16,779 [Time-limited test] WARN  server.ServerUtils (ServerUtils.java:getScmDbDir(148)) - ozone.scm.db.dirs is not configured. We recommend adding this setting. Falling back to ozone.metadata.dirs instead.
2021-07-20 20:05:16,781 [Time-limited test] INFO  ha.SCMHANodeDetails (SCMHANodeDetails.java:loadSCMHAConfig(157)) - ServiceID for StorageContainerManager is null
2021-07-20 20:05:16,781 [Time-limited test] INFO  ha.SCMHANodeDetails (SCMHANodeDetails.java:loadSCMHAConfig(162)) - ozone.scm.default.service.id is not defined, falling back to ozone.scm.service.ids to find serviceID for StorageContainerManager if it is HA enabled cluster
2021-07-20 20:05:16,782 [Time-limited test] WARN  server.ServerUtils (ServerUtils.java:getScmDbDir(148)) - ozone.scm.db.dirs is not configured. We recommend adding this setting. Falling back to ozone.metadata.dirs instead.
2021-07-20 20:05:16,782 [Time-limited test] INFO  upgrade.AbstractLayoutVersionManager (AbstractLayoutVersionManager.java:init(70)) - Initializing Layout version manager with metadata layout = SCM_HA (version = 2), software layout = SCM_HA (version = 2)
2021-07-20 20:05:16,821 [Time-limited test] INFO  reflections.Reflections (Reflections.java:scan(232)) - Reflections took 38 ms to scan 7 urls, producing 119 keys and 271 values 
2021-07-20 20:05:16,822 [Time-limited test] WARN  utils.HAUtils (HAUtils.java:getMetaDir(342)) - ozone.scm.db.dirs is not configured. We recommend adding this setting. Falling back to ozone.metadata.dirs instead.
2021-07-20 20:05:16,823 [Time-limited test] WARN  db.DBStoreBuilder (DBStoreBuilder.java:applyDBDefinition(145)) - ozone.scm.db.dirs is not configured. We recommend adding this setting. Falling back to ozone.metadata.dirs instead.
2021-07-20 20:05:16,891 [Time-limited test] INFO  net.NodeSchemaLoader (NodeSchemaLoader.java:loadSchemaFromFile(129)) - Loading schema from [jar:file:/home/runner/.m2/repository/org/apache/ozone/hdds-common/1.2.0-SNAPSHOT/hdds-common-1.2.0-SNAPSHOT.jar!/network-topology-default.xml]
2021-07-20 20:05:16,891 [Time-limited test] INFO  net.NodeSchemaLoader (NodeSchemaLoader.java:loadSchema(176)) - Loading network topology layer schema file
2021-07-20 20:05:16,894 [Time-limited test] INFO  ha.SequenceIdGenerator (SequenceIdGenerator.java:upgradeToSequenceId(327)) - upgrade localId to 107544261427200000
2021-07-20 20:05:16,894 [Time-limited test] INFO  ha.SequenceIdGenerator (SequenceIdGenerator.java:upgradeToSequenceId(337)) - upgrade delTxnId to 0
2021-07-20 20:05:16,894 [Time-limited test] INFO  ha.SequenceIdGenerator (SequenceIdGenerator.java:upgradeToSequenceId(351)) - upgrade containerId to 0
2021-07-20 20:05:16,894 [Time-limited test] INFO  ha.SequenceIdGenerator (SequenceIdGenerator.java:<init>(217)) - Init the HA SequenceIdGenerator.
2021-07-20 20:05:16,894 [Time-limited test] WARN  server.ServerUtils (ServerUtils.java:sanitizeUserArgs(73)) - ozone.scm.stale.node.interval value = 300000 is larger than max = 100000 based on the key value of ozone.scm.heartbeat.thread.interval, reset to the max value 100000.
2021-07-20 20:05:16,894 [Time-limited test] WARN  server.ServerUtils (ServerUtils.java:sanitizeUserArgs(73)) - ozone.scm.stale.node.interval value = 300000 is larger than max = 100000 based on the key value of ozone.scm.heartbeat.thread.interval, reset to the max value 100000.
2021-07-20 20:05:16,895 [Time-limited test] INFO  node.SCMNodeManager (SCMNodeManager.java:<init>(141)) - Entering startup safe mode.
2021-07-20 20:05:16,895 [Time-limited test] INFO  algorithms.ContainerPlacementPolicyFactory (ContainerPlacementPolicyFactory.java:getPolicy(60)) - Create container placement policy of type org.apache.hadoop.hdds.scm.container.placement.algorithms.SCMContainerPlacementRandom
2021-07-20 20:05:16,895 [Time-limited test] INFO  pipeline.PipelineStateManager (PipelineStateManagerV2Impl.java:initialize(78)) - No pipeline exists in current db
2021-07-20 20:05:16,896 [Time-limited test] INFO  algorithms.LeaderChoosePolicyFactory (LeaderChoosePolicyFactory.java:getPolicy(57)) - Create leader choose policy of type org.apache.hadoop.hdds.scm.pipeline.leader.choose.algorithms.MinLeaderCountChoosePolicy
2021-07-20 20:05:16,896 [Time-limited test] INFO  ha.SCMServiceManager (SCMServiceManager.java:register(43)) - Registering service BackgroundPipelineCreator.
2021-07-20 20:05:16,896 [Time-limited test] INFO  pipeline.BackgroundPipelineCreator (BackgroundPipelineCreatorV2.java:start(130)) - Starting RatisPipelineUtilsThread.
2021-07-20 20:05:16,898 [Time-limited test] INFO  algorithms.PipelineChoosePolicyFactory (PipelineChoosePolicyFactory.java:createPipelineChoosePolicyFromClass(73)) - Create pipeline choose policy of type org.apache.hadoop.hdds.scm.pipeline.choose.algorithms.RandomPipelineChoosePolicy
2021-07-20 20:05:16,899 [Time-limited test] INFO  ha.SCMServiceManager (SCMServiceManager.java:register(43)) - Registering service SCMBlockDeletingService.
2021-07-20 20:05:16,899 [Time-limited test] INFO  ha.SCMServiceManager (SCMServiceManager.java:register(43)) - Registering service ReplicationManager.
2021-07-20 20:05:16,899 [Time-limited test] INFO  container.ReplicationManager (ReplicationManager.java:start(288)) - Starting Replication Monitor Thread.
2021-07-20 20:05:16,899 [Time-limited test] INFO  safemode.ContainerSafeModeRule (ContainerSafeModeRule.java:<init>(89)) - containers with one replica threshold count 0
2021-07-20 20:05:16,900 [Time-limited test] INFO  safemode.HealthyPipelineSafeModeRule (HealthyPipelineSafeModeRule.java:initializeRule(156)) - Total pipeline count is 0, healthy pipeline threshold count is 1
2021-07-20 20:05:16,900 [Time-limited test] INFO  safemode.OneReplicaPipelineSafeModeRule (OneReplicaPipelineSafeModeRule.java:initializeRule(180)) - Total pipeline count is 0, pipeline's with at least one datanode reported threshold count is 0
2021-07-20 20:05:16,900 [Time-limited test] INFO  ipc.CallQueueManager (CallQueueManager.java:<init>(90)) - Using callQueue: class java.util.concurrent.LinkedBlockingQueue, queueCapacity: 2000, scheduler: class org.apache.hadoop.ipc.DefaultRpcScheduler, ipcBackoff: false.
2021-07-20 20:05:16,901 [ReplicationMonitor] INFO  container.ReplicationManager (ReplicationManager.java:run(355)) - Replication Monitor Thread took 0 milliseconds for processing 0 containers.
2021-07-20 20:05:16,901 [Socket Reader #1 for port 0] INFO  ipc.Server (Server.java:run(1265)) - Starting Socket Reader #1 for port 0
2021-07-20 20:05:16,905 [Listener at 0.0.0.0/34229] INFO  ipc.CallQueueManager (CallQueueManager.java:<init>(90)) - Using callQueue: class java.util.concurrent.LinkedBlockingQueue, queueCapacity: 2000, scheduler: class org.apache.hadoop.ipc.DefaultRpcScheduler, ipcBackoff: false.
2021-07-20 20:05:16,906 [Socket Reader #1 for port 0] INFO  ipc.Server (Server.java:run(1265)) - Starting Socket Reader #1 for port 0
2021-07-20 20:05:16,907 [Listener at 0.0.0.0/42321] INFO  ipc.CallQueueManager (CallQueueManager.java:<init>(90)) - Using callQueue: class java.util.concurrent.LinkedBlockingQueue, queueCapacity: 2000, scheduler: class org.apache.hadoop.ipc.DefaultRpcScheduler, ipcBackoff: false.
2021-07-20 20:05:16,910 [Socket Reader #1 for port 0] INFO  ipc.Server (Server.java:run(1265)) - Starting Socket Reader #1 for port 0
2021-07-20 20:05:16,932 [Listener at 0.0.0.0/36777] INFO  server.StorageContainerManager (StorageContainerManager.java:<init>(380)) - 
Container Balancer status:
Key                            Value
Running                        true
Container Balancer Configuration values:
Key                            Value
Threshold                      0.1
Max Datanodes to Balance       5
Max Size to Move               10737418240B

2021-07-20 20:05:16,932 [Listener at 0.0.0.0/36777] WARN  events.EventQueue (EventQueue.java:fireEvent(194)) - No event handler registered for event TypedEvent{payloadType=SafeModeStatus, name='Safe mode status'}
2021-07-20 20:05:16,932 [Listener at 0.0.0.0/36777] INFO  ha.SCMContext (SCMContext.java:updateSafeModeStatus(205)) - Update SafeModeStatus from SafeModeStatus{safeModeStatus=true, preCheckPassed=false} to SafeModeStatus{safeModeStatus=true, preCheckPassed=false}.
2021-07-20 20:05:16,933 [Listener at 0.0.0.0/36777] INFO  server.StorageContainerManager (StorageContainerManager.java:start(1245)) - StorageContainerLocationProtocol RPC server is listening at /0.0.0.0:36777
2021-07-20 20:05:16,934 [Listener at 0.0.0.0/36777] WARN  impl.MetricsConfig (MetricsConfig.java:loadFirst(136)) - Cannot locate configuration: tried hadoop-metrics2-storagecontainermanager.properties,hadoop-metrics2.properties
2021-07-20 20:05:16,934 [Listener at 0.0.0.0/36777] INFO  impl.MetricsSystemImpl (MetricsSystemImpl.java:startTimer(378)) - Scheduled Metric snapshot period at 10 second(s).
2021-07-20 20:05:16,934 [Listener at 0.0.0.0/36777] INFO  impl.MetricsSystemImpl (MetricsSystemImpl.java:start(191)) - StorageContainerManager metrics system started
2021-07-20 20:05:16,942 [Listener at 0.0.0.0/36777] INFO  impl.MetricsSinkAdapter (MetricsSinkAdapter.java:start(204)) - Sink prometheus started
2021-07-20 20:05:16,942 [Listener at 0.0.0.0/36777] INFO  impl.MetricsSystemImpl (MetricsSystemImpl.java:registerSink(305)) - Registered sink prometheus
2021-07-20 20:05:16,956 [Listener at 0.0.0.0/36777] INFO  server.SCMClientProtocolServer (SCMClientProtocolServer.java:start(165)) - RPC server for Client  is listening at /0.0.0.0:36777
2021-07-20 20:05:16,957 [IPC Server Responder] INFO  ipc.Server (Server.java:run(1507)) - IPC Server Responder: starting
2021-07-20 20:05:16,961 [IPC Server listener on 0] INFO  ipc.Server (Server.java:run(1344)) - IPC Server listener on 0: starting
2021-07-20 20:05:16,977 [Listener at 0.0.0.0/36777] INFO  server.StorageContainerManager (StorageContainerManager.java:start(1260)) - ScmBlockLocationProtocol RPC server is listening at /0.0.0.0:42321
2021-07-20 20:05:16,978 [Listener at 0.0.0.0/36777] INFO  server.SCMBlockProtocolServer (SCMBlockProtocolServer.java:start(151)) - RPC server for Block Protocol is listening at /0.0.0.0:42321
2021-07-20 20:05:16,978 [IPC Server Responder] INFO  ipc.Server (Server.java:run(1507)) - IPC Server Responder: starting
2021-07-20 20:05:16,978 [IPC Server listener on 0] INFO  ipc.Server (Server.java:run(1344)) - IPC Server listener on 0: starting
2021-07-20 20:05:16,986 [Listener at 0.0.0.0/36777] INFO  server.StorageContainerManager (StorageContainerManager.java:start(1266)) - ScmDatanodeProtocl RPC server is listening at /0.0.0.0:34229
2021-07-20 20:05:16,987 [Listener at 0.0.0.0/36777] INFO  server.SCMDatanodeProtocolServer (SCMDatanodeProtocolServer.java:start(181)) - RPC server for DataNodes is listening at /0.0.0.0:34229
2021-07-20 20:05:16,987 [IPC Server Responder] INFO  ipc.Server (Server.java:run(1507)) - IPC Server Responder: starting
2021-07-20 20:05:16,988 [IPC Server listener on 0] INFO  ipc.Server (Server.java:run(1344)) - IPC Server listener on 0: starting
2021-07-20 20:05:16,994 [org.apache.hadoop.util.JvmPauseMonitor$Monitor@27cb28c] INFO  util.JvmPauseMonitor (JvmPauseMonitor.java:run(188)) - Starting JVM pause monitor
2021-07-20 20:05:16,995 [Listener at 0.0.0.0/36777] INFO  http.BaseHttpServer (BaseHttpServer.java:newHttpServer2BuilderForOzone(209)) - Starting Web-server for scm at: http://0.0.0.0:0
2021-07-20 20:05:16,995 [Listener at 0.0.0.0/36777] INFO  http.BaseHttpServer (BaseHttpServer.java:<init>(107)) - Hadoop Security Enabled: false Ozone Security Enabled: false Ozone HTTP Security Enabled: false 
2021-07-20 20:05:16,997 [Listener at 0.0.0.0/36777] INFO  server.AuthenticationFilter (AuthenticationFilter.java:constructSecretProvider(240)) - Unable to initialize FileSignerSecretProvider, falling back to use random secrets.
2021-07-20 20:05:16,998 [Listener at 0.0.0.0/36777] WARN  http.HttpRequestLog (HttpRequestLog.java:getRequestLog(103)) - Jetty request log can only be enabled using Log4j
2021-07-20 20:05:16,999 [Listener at 0.0.0.0/36777] INFO  http.HttpServer2 (HttpServer2.java:addGlobalFilter(1020)) - Added global filter 'safety' (class=org.apache.hadoop.hdds.server.http.HttpServer2$QuotingInputFilter)
2021-07-20 20:05:17,000 [Listener at 0.0.0.0/36777] INFO  http.HttpServer2 (HttpServer2.java:addFilter(996)) - Added filter static_user_filter (class=org.apache.hadoop.http.lib.StaticUserWebFilter$StaticUserFilter) to context scm
2021-07-20 20:05:17,000 [Listener at 0.0.0.0/36777] INFO  http.HttpServer2 (HttpServer2.java:addFilter(1004)) - Added filter static_user_filter (class=org.apache.hadoop.http.lib.StaticUserWebFilter$StaticUserFilter) to context static
2021-07-20 20:05:17,000 [Listener at 0.0.0.0/36777] INFO  http.HttpServer2 (HttpServer2.java:addFilter(1004)) - Added filter static_user_filter (class=org.apache.hadoop.http.lib.StaticUserWebFilter$StaticUserFilter) to context logs
2021-07-20 20:05:17,001 [Listener at 0.0.0.0/36777] INFO  http.HttpServer2 (HttpServer2.java:bindListener(1238)) - Jetty bound to port 36375
2021-07-20 20:05:17,001 [Listener at 0.0.0.0/36777] INFO  server.Server (Server.java:doStart(375)) - jetty-9.4.35.v20201120; built: 2020-11-20T21:17:03.964Z; git: bdc54f03a5e0a7e280fab27f55c3c75ee8da89fb; jvm 1.8.0_292-b10
2021-07-20 20:05:17,006 [Listener at 0.0.0.0/36777] INFO  server.session (DefaultSessionIdManager.java:doStart(334)) - DefaultSessionIdManager workerName=node0
2021-07-20 20:05:17,006 [Listener at 0.0.0.0/36777] INFO  server.session (DefaultSessionIdManager.java:doStart(339)) - No SessionScavenger set, using defaults
2021-07-20 20:05:17,007 [Listener at 0.0.0.0/36777] INFO  server.session (HouseKeeper.java:startScavenging(132)) - node0 Scavenging every 660000ms
2021-07-20 20:05:17,008 [Listener at 0.0.0.0/36777] INFO  handler.ContextHandler (ContextHandler.java:doStart(916)) - Started o.e.j.s.ServletContextHandler@315ed7db{logs,/logs,file:///home/runner/work/ozone/ozone/mnt/ozone/hadoop-ozone/integration-test/target/log,AVAILABLE}
2021-07-20 20:05:17,008 [Listener at 0.0.0.0/36777] INFO  handler.ContextHandler (ContextHandler.java:doStart(916)) - Started o.e.j.s.ServletContextHandler@2f8b702b{static,/static,file:///home/runner/work/ozone/ozone/mnt/ozone/hadoop-ozone/integration-test/target/test-classes/webapps/static,AVAILABLE}
2021-07-20 20:05:17,012 [Listener at 0.0.0.0/36777] INFO  handler.ContextHandler (ContextHandler.java:doStart(916)) - Started o.e.j.w.WebAppContext@3bdfb233{scm,/,file:///home/runner/work/ozone/ozone/mnt/ozone/hadoop-ozone/integration-test/target/test-classes/webapps/scm/,AVAILABLE}{file:/home/runner/work/ozone/ozone/mnt/ozone/hadoop-ozone/integration-test/target/test-classes/webapps/scm}
2021-07-20 20:05:17,013 [Listener at 0.0.0.0/36777] INFO  server.AbstractConnector (AbstractConnector.java:doStart(331)) - Started ServerConnector@203c6a2e{HTTP/1.1, (http/1.1)}{0.0.0.0:36375}
2021-07-20 20:05:17,013 [Listener at 0.0.0.0/36777] INFO  server.Server (Server.java:doStart(415)) - Started @91763ms
2021-07-20 20:05:17,014 [Listener at 0.0.0.0/36777] WARN  impl.MetricsSystemImpl (MetricsSystemImpl.java:register(279)) - Sink prometheus already exists!
2021-07-20 20:05:17,014 [Listener at 0.0.0.0/36777] INFO  http.BaseHttpServer (BaseHttpServer.java:updateConnectorAddress(329)) - HTTP server of scm listening at http://0.0.0.0:36375
2021-07-20 20:05:17,015 [Listener at 0.0.0.0/36777] WARN  server.ServerUtils (ServerUtils.java:getDBPath(225)) - ozone.om.db.dirs is not configured. We recommend adding this setting. Falling back to ozone.metadata.dirs instead.
2021-07-20 20:05:17,016 [Listener at 0.0.0.0/36777] INFO  ha.OMHANodeDetails (OMHANodeDetails.java:loadOMHAConfig(105)) - ozone.om.internal.service.id is not defined, falling back to ozone.om.service.ids to find serviceID for OzoneManager if it is HA enabled cluster
2021-07-20 20:05:17,016 [Listener at 0.0.0.0/36777] INFO  ha.OMHANodeDetails (OMHANodeDetails.java:loadOMHAConfig(212)) - Configuration does not have ozone.om.address set. Falling back to the default OM address /127.0.0.1:0
2021-07-20 20:05:17,016 [Listener at 0.0.0.0/36777] INFO  ha.OMHANodeDetails (OMHANodeDetails.java:getOMNodeDetails(240)) - OM Service ID is not set. Setting it to the default ID: omServiceIdDefault
2021-07-20 20:05:17,016 [Listener at 0.0.0.0/36777] INFO  ha.OMHANodeDetails (OMHANodeDetails.java:getOMNodeDetails(247)) - OM Node ID is not set. Setting it to the default ID: om1
2021-07-20 20:05:17,016 [Listener at 0.0.0.0/36777] WARN  server.ServerUtils (ServerUtils.java:getDBPath(225)) - ozone.om.db.dirs is not configured. We recommend adding this setting. Falling back to ozone.metadata.dirs instead.
2021-07-20 20:05:17,016 [Listener at 0.0.0.0/36777] INFO  upgrade.AbstractLayoutVersionManager (AbstractLayoutVersionManager.java:init(70)) - Initializing Layout version manager with metadata layout = INITIAL_VERSION (version = 0), software layout = INITIAL_VERSION (version = 0)
2021-07-20 20:05:17,061 [Listener at 0.0.0.0/36777] INFO  reflections.Reflections (Reflections.java:scan(232)) - Reflections took 44 ms to scan 2 urls, producing 130 keys and 340 values [using 2 cores]
2021-07-20 20:05:17,061 [Listener at 0.0.0.0/36777] INFO  upgrade.OMLayoutVersionManager (OMLayoutVersionManager.java:lambda$0(116)) - Skipping Upgrade Action MockOmUpgradeAction since it has been finalized.
2021-07-20 20:05:17,061 [Listener at 0.0.0.0/36777] WARN  server.ServerUtils (ServerUtils.java:getDBPath(225)) - ozone.om.db.dirs is not configured. We recommend adding this setting. Falling back to ozone.metadata.dirs instead.
2021-07-20 20:05:17,071 [Listener at 0.0.0.0/36777] WARN  server.ServerUtils (ServerUtils.java:getDBPath(225)) - ozone.om.db.dirs is not configured. We recommend adding this setting. Falling back to ozone.metadata.dirs instead.
2021-07-20 20:05:17,072 [Listener at 0.0.0.0/36777] INFO  codec.OmKeyInfoCodec (OmKeyInfoCodec.java:<init>(51)) - OmKeyInfoCodec ignorePipeline = true
2021-07-20 20:05:17,072 [Listener at 0.0.0.0/36777] INFO  codec.RepeatedOmKeyInfoCodec (RepeatedOmKeyInfoCodec.java:<init>(42)) - RepeatedOmKeyInfoCodec ignorePipeline = true
2021-07-20 20:05:17,195 [Listener at 0.0.0.0/36777] INFO  om.OzoneManager (OzoneManager.java:addS3GVolumeToDB(3901)) - Created Volume s3v With Owner runner required for S3Gateway operations.
2021-07-20 20:05:17,196 [Listener at 0.0.0.0/36777] WARN  server.ServerUtils (ServerUtils.java:getDefaultRatisDirectory(237)) - Storage directory for Ratis is not configured. It is a good idea to map this to an SSD disk. Falling back to ozone.metadata.dirs
2021-07-20 20:05:17,196 [Listener at 0.0.0.0/36777] WARN  ratis.OzoneManagerRatisServer (OzoneManagerRatisServer.java:getOMRatisSnapshotDirectory(654)) - ozone.om.ratis.snapshot.dir is not configured. Falling back to ozone.metadata.dirs config
2021-07-20 20:05:17,196 [Listener at 0.0.0.0/36777] WARN  server.ServerUtils (ServerUtils.java:getDefaultRatisDirectory(237)) - Storage directory for Ratis is not configured. It is a good idea to map this to an SSD disk. Falling back to ozone.metadata.dirs
2021-07-20 20:05:17,197 [Listener at 0.0.0.0/36777] INFO  ratis.OzoneManagerRatisServer (OzoneManagerRatisServer.java:<init>(308)) - Instantiating OM Ratis server with GroupID: omServiceIdDefault and Raft Peers: localhost:9872
2021-07-20 20:05:17,197 [Listener at 0.0.0.0/36777] INFO  ratis.OzoneManagerStateMachine (OzoneManagerStateMachine.java:loadSnapshotInfoFromDB(575)) - LastAppliedIndex is set from TransactionInfo from OM DB as (t:0, i:~)
2021-07-20 20:05:17,198 [Listener at 0.0.0.0/36777] INFO  server.RaftServer (ConfUtils.java:logGet(44)) - raft.rpc.type = GRPC (default)
2021-07-20 20:05:17,198 [Listener at 0.0.0.0/36777] INFO  grpc.GrpcFactory (GrpcFactory.java:checkPooledByteBufAllocatorUseCacheForAllThreads(48)) - PERFORMANCE WARNING: useCacheForAllThreads is true that may cause Netty to create a lot garbage objects and, as a result, trigger GC.
	It is recommended to disable useCacheForAllThreads by setting -Dorg.apache.ratis.thirdparty.io.netty.allocator.useCacheForAllThreads=false in command line.
2021-07-20 20:05:17,198 [Listener at 0.0.0.0/36777] INFO  grpc.GrpcConfigKeys (ConfUtils.java:logGet(44)) - raft.grpc.admin.port = -1 (default)
2021-07-20 20:05:17,198 [Listener at 0.0.0.0/36777] INFO  grpc.GrpcConfigKeys (ConfUtils.java:logGet(44)) - raft.grpc.server.port = 9872 (custom)
2021-07-20 20:05:17,198 [Listener at 0.0.0.0/36777] INFO  grpc.GrpcConfigKeys (ConfUtils.java:logGet(44)) - raft.grpc.client.port = -1 (default)
2021-07-20 20:05:17,198 [Listener at 0.0.0.0/36777] INFO  grpc.GrpcConfigKeys (ConfUtils.java:logGet(44)) - raft.grpc.server.port = 9872 (custom)
2021-07-20 20:05:17,198 [Listener at 0.0.0.0/36777] INFO  grpc.GrpcConfigKeys (ConfUtils.java:logGet(44)) - raft.grpc.server.port = 9872 (custom)
2021-07-20 20:05:17,198 [Listener at 0.0.0.0/36777] INFO  server.GrpcService (ConfUtils.java:logGet(44)) - raft.grpc.message.size.max = 33554432 (custom)
2021-07-20 20:05:17,199 [Listener at 0.0.0.0/36777] INFO  server.RaftServerConfigKeys (ConfUtils.java:logGet(44)) - raft.server.log.appender.buffer.byte-limit = 33554432 (custom)
2021-07-20 20:05:17,199 [Listener at 0.0.0.0/36777] INFO  server.GrpcService (ConfUtils.java:logGet(44)) - raft.grpc.flow.control.window = 1MB (=1048576) (default)
2021-07-20 20:05:17,199 [Listener at 0.0.0.0/36777] INFO  server.RaftServerConfigKeys (ConfUtils.java:logGet(44)) - raft.server.rpc.request.timeout = 3000ms (default)
2021-07-20 20:05:17,200 [Listener at 0.0.0.0/36777] INFO  impl.DataStreamServerImpl (ConfUtils.java:logGet(44)) - raft.datastream.type = DISABLED (default)
2021-07-20 20:05:17,200 [Listener at 0.0.0.0/36777] INFO  server.RaftServerConfigKeys (ConfUtils.java:logGet(44)) - raft.server.rpc.slowness.timeout = 120s (custom)
2021-07-20 20:05:17,200 [Listener at 0.0.0.0/36777] INFO  server.RaftServerConfigKeys (ConfUtils.java:logGet(44)) - raft.server.leaderelection.leader.step-down.wait-time = 10s (default)
2021-07-20 20:05:17,200 [Listener at 0.0.0.0/36777] INFO  server.RaftServerConfigKeys (ConfUtils.java:logGet(44)) - raft.server.storage.dir = [/home/runner/work/ozone/ozone/mnt/ozone/hadoop-ozone/integration-test/target/test-dir/MiniOzoneClusterImpl-f5a46b5f-7322-4bfd-b1a2-40e9a3ca233c/ozone-meta/ratis] (custom)
2021-07-20 20:05:17,201 [Listener at 0.0.0.0/36777] INFO  server.RaftServer (RaftServerProxy.java:addNew(95)) - om1: addNew group-C5BA1605619E:[om1|rpc:localhost:9872|priority:0] returns group-C5BA1605619E:java.util.concurrent.CompletableFuture@26bff32[Not completed]
2021-07-20 20:05:17,201 [Listener at 0.0.0.0/36777] INFO  om.OzoneManager (OzoneManager.java:initializeRatisServer(1366)) - OzoneManager Ratis server initialized at port 9872
2021-07-20 20:05:17,201 [pool-342-thread-1] INFO  server.RaftServer$Division (RaftServerImpl.java:<init>(180)) - om1: new RaftServerImpl for group-C5BA1605619E:[om1|rpc:localhost:9872|priority:0] with OzoneManagerStateMachine:uninitialized
2021-07-20 20:05:17,201 [pool-342-thread-1] INFO  server.RaftServerConfigKeys (ConfUtils.java:logGet(44)) - raft.server.rpc.timeout.min = 1s (custom)
2021-07-20 20:05:17,201 [pool-342-thread-1] INFO  server.RaftServerConfigKeys (ConfUtils.java:logGet(44)) - raft.server.rpc.timeout.max = 1200ms (custom)
2021-07-20 20:05:17,202 [pool-342-thread-1] INFO  server.RaftServerConfigKeys (ConfUtils.java:logGet(44)) - raft.server.rpc.sleep.time = 25ms (default)
2021-07-20 20:05:17,203 [pool-342-thread-1] INFO  server.RaftServerConfigKeys (ConfUtils.java:logGet(44)) - raft.server.rpc.slowness.timeout = 120s (custom)
2021-07-20 20:05:17,203 [pool-342-thread-1] INFO  server.RaftServerConfigKeys (ConfUtils.java:logGet(44)) - raft.server.leaderelection.leader.step-down.wait-time = 10s (default)
2021-07-20 20:05:17,203 [pool-342-thread-1] INFO  server.RaftServerConfigKeys (ConfUtils.java:logGet(44)) - raft.server.sleep.deviation.threshold = 300ms (default)
2021-07-20 20:05:17,203 [Listener at 0.0.0.0/36777] INFO  ipc.CallQueueManager (CallQueueManager.java:<init>(90)) - Using callQueue: class java.util.concurrent.LinkedBlockingQueue, queueCapacity: 2000, scheduler: class org.apache.hadoop.ipc.DefaultRpcScheduler, ipcBackoff: false.
2021-07-20 20:05:17,203 [pool-342-thread-1] INFO  server.RaftServerConfigKeys (ConfUtils.java:logGet(44)) - raft.server.log.appender.install.snapshot.enabled = false (custom)
2021-07-20 20:05:17,203 [pool-342-thread-1] INFO  server.RaftServer$Division (ServerState.java:<init>(105)) - om1@group-C5BA1605619E: ConfigurationManager, init=-1: [om1|rpc:localhost:9872|priority:0], old=null, confs=<EMPTY_MAP>
2021-07-20 20:05:17,203 [Socket Reader #1 for port 0] INFO  ipc.Server (Server.java:run(1265)) - Starting Socket Reader #1 for port 0
2021-07-20 20:05:17,205 [pool-342-thread-1] INFO  server.RaftServerConfigKeys (ConfUtils.java:logGet(44)) - raft.server.storage.dir = [/home/runner/work/ozone/ozone/mnt/ozone/hadoop-ozone/integration-test/target/test-dir/MiniOzoneClusterImpl-f5a46b5f-7322-4bfd-b1a2-40e9a3ca233c/ozone-meta/ratis] (custom)
2021-07-20 20:05:17,206 [pool-342-thread-1] INFO  server.RaftServerConfigKeys (ConfUtils.java:logGet(44)) - raft.server.log.corruption.policy = EXCEPTION (default)
2021-07-20 20:05:17,206 [pool-342-thread-1] INFO  storage.RaftStorageDirectory (RaftStorageDirectoryImpl.java:analyzeStorage(132)) - The storage directory /home/runner/work/ozone/ozone/mnt/ozone/hadoop-ozone/integration-test/target/test-dir/MiniOzoneClusterImpl-f5a46b5f-7322-4bfd-b1a2-40e9a3ca233c/ozone-meta/ratis/bf265839-605b-3f16-9796-c5ba1605619e does not exist. Creating ...
2021-07-20 20:05:17,207 [pool-342-thread-1] INFO  storage.RaftStorageDirectory (RaftStorageDirectoryImpl.java:tryLock(215)) - Lock on /home/runner/work/ozone/ozone/mnt/ozone/hadoop-ozone/integration-test/target/test-dir/MiniOzoneClusterImpl-f5a46b5f-7322-4bfd-b1a2-40e9a3ca233c/ozone-meta/ratis/bf265839-605b-3f16-9796-c5ba1605619e/in_use.lock acquired by nodename 29699@fv-az148-341
2021-07-20 20:05:17,208 [pool-342-thread-1] INFO  storage.RaftStorage (RaftStorageImpl.java:format(87)) - Storage directory /home/runner/work/ozone/ozone/mnt/ozone/hadoop-ozone/integration-test/target/test-dir/MiniOzoneClusterImpl-f5a46b5f-7322-4bfd-b1a2-40e9a3ca233c/ozone-meta/ratis/bf265839-605b-3f16-9796-c5ba1605619e has been successfully formatted.
2021-07-20 20:05:17,208 [pool-342-thread-1] INFO  server.RaftServerConfigKeys (ConfUtils.java:logGet(44)) - raft.server.notification.no-leader.timeout = 120s (custom)
2021-07-20 20:05:17,208 [pool-342-thread-1] INFO  server.RaftServerConfigKeys (ConfUtils.java:logGet(44)) - raft.server.log.use.memory = false (default)
2021-07-20 20:05:17,208 [pool-342-thread-1] INFO  server.RaftServerConfigKeys (ConfUtils.java:logGet(44)) - raft.server.log.purge.gap = 1000000 (custom)
2021-07-20 20:05:17,208 [pool-342-thread-1] INFO  server.RaftServerConfigKeys (ConfUtils.java:logGet(44)) - raft.server.log.appender.buffer.byte-limit = 33554432 (custom)
2021-07-20 20:05:17,208 [pool-342-thread-1] INFO  metrics.RatisMetrics (RatisMetrics.java:lambda$create$0(36)) - Creating Metrics Registry : ratis.log_worker.om1@group-C5BA1605619E
2021-07-20 20:05:17,209 [pool-342-thread-1] INFO  server.RaftServerConfigKeys (ConfUtils.java:logGet(44)) - raft.server.log.segment.size.max = 4194304 (custom)
2021-07-20 20:05:17,213 [pool-342-thread-1] INFO  server.RaftServerConfigKeys (ConfUtils.java:logGet(44)) - raft.server.log.segment.cache.num.max = 2 (custom)
2021-07-20 20:05:17,213 [pool-342-thread-1] INFO  server.RaftServerConfigKeys (ConfUtils.java:logGet(44)) - raft.server.log.segment.cache.size.max = 200MB (=209715200) (default)
2021-07-20 20:05:17,213 [pool-342-thread-1] INFO  segmented.SegmentedRaftLogWorker (SegmentedRaftLogWorker.java:<init>(182)) - new om1@group-C5BA1605619E-SegmentedRaftLogWorker for RaftStorageImpl:Storage Directory /home/runner/work/ozone/ozone/mnt/ozone/hadoop-ozone/integration-test/target/test-dir/MiniOzoneClusterImpl-f5a46b5f-7322-4bfd-b1a2-40e9a3ca233c/ozone-meta/ratis/bf265839-605b-3f16-9796-c5ba1605619e
2021-07-20 20:05:17,213 [pool-342-thread-1] INFO  server.RaftServerConfigKeys (ConfUtils.java:logGet(44)) - raft.server.log.queue.byte-limit = 64MB (=67108864) (default)
2021-07-20 20:05:17,213 [pool-342-thread-1] INFO  server.RaftServerConfigKeys (ConfUtils.java:logGet(44)) - raft.server.log.queue.element-limit = 4096 (default)
2021-07-20 20:05:17,213 [pool-342-thread-1] INFO  server.RaftServerConfigKeys (ConfUtils.java:logGet(44)) - raft.server.log.segment.size.max = 4194304 (custom)
2021-07-20 20:05:17,213 [pool-342-thread-1] INFO  server.RaftServerConfigKeys (ConfUtils.java:logGet(44)) - raft.server.log.preallocated.size = 4194304 (custom)
2021-07-20 20:05:17,213 [pool-342-thread-1] INFO  server.RaftServerConfigKeys (ConfUtils.java:logGet(44)) - raft.server.log.force.sync.num = 128 (default)
2021-07-20 20:05:17,213 [pool-342-thread-1] INFO  server.RaftServerConfigKeys (ConfUtils.java:logGet(44)) - raft.server.log.statemachine.data.sync = true (default)
2021-07-20 20:05:17,213 [pool-342-thread-1] INFO  server.RaftServerConfigKeys (ConfUtils.java:logGet(44)) - raft.server.log.statemachine.data.sync.timeout = 10s (default)
2021-07-20 20:05:17,213 [pool-342-thread-1] INFO  server.RaftServerConfigKeys (ConfUtils.java:logGet(44)) - raft.server.log.statemachine.data.sync.timeout.retry = -1 (default)
2021-07-20 20:05:17,214 [pool-342-thread-1] INFO  server.RaftServerConfigKeys (ConfUtils.java:logGet(44)) - raft.server.log.write.buffer.size = 64KB (=65536) (default)
2021-07-20 20:05:17,214 [pool-342-thread-1] INFO  server.RaftServerConfigKeys (ConfUtils.java:logGet(44)) - raft.server.log.statemachine.data.caching.enabled = false (default)
2021-07-20 20:05:17,214 [pool-342-thread-1] INFO  segmented.SegmentedRaftLogWorker (SegmentedRaftLogWorker.java:lambda$new$0(133)) - om1@group-C5BA1605619E-SegmentedRaftLogWorker: flushIndex: setUnconditionally 0 -> -1
2021-07-20 20:05:17,214 [pool-342-thread-1] INFO  segmented.SegmentedRaftLogWorker (SegmentedRaftLogWorker.java:lambda$new$0(133)) - om1@group-C5BA1605619E-SegmentedRaftLogWorker: safeCacheEvictIndex: setUnconditionally 0 -> -1
2021-07-20 20:05:17,215 [pool-342-thread-1] INFO  server.RaftServerConfigKeys (ConfUtils.java:logGet(44)) - raft.server.snapshot.auto.trigger.enabled = true (custom)
2021-07-20 20:05:17,215 [pool-342-thread-1] INFO  server.RaftServerConfigKeys (ConfUtils.java:logGet(44)) - raft.server.snapshot.auto.trigger.threshold = 400000 (default)
2021-07-20 20:05:17,215 [pool-342-thread-1] INFO  server.RaftServerConfigKeys (ConfUtils.java:logGet(44)) - raft.server.snapshot.retention.file.num = -1 (default)
2021-07-20 20:05:17,215 [pool-342-thread-1] INFO  server.RaftServerConfigKeys (ConfUtils.java:logGet(44)) - raft.server.log.purge.upto.snapshot.index = true (custom)
2021-07-20 20:05:17,215 [pool-342-thread-1] INFO  server.RaftServerConfigKeys (ConfUtils.java:logGet(44)) - raft.server.retrycache.expirytime = 300s (custom)
2021-07-20 20:05:17,215 [pool-342-thread-1] INFO  server.RaftServerConfigKeys (ConfUtils.java:logGet(44)) - raft.server.retrycache.statistics.expirytime = 100μs (default)
2021-07-20 20:05:17,215 [pool-342-thread-1] INFO  metrics.RatisMetrics (RatisMetrics.java:lambda$create$0(36)) - Creating Metrics Registry : ratis.leader_election.om1@group-C5BA1605619E
2021-07-20 20:05:17,215 [pool-342-thread-1] INFO  metrics.RatisMetrics (RatisMetrics.java:lambda$create$0(36)) - Creating Metrics Registry : ratis.server.om1@group-C5BA1605619E
2021-07-20 20:05:17,227 [Listener at 127.0.0.1/46215] INFO  om.OzoneManager (OzoneManager.java:initFSOLayout(4107)) - Configured ozone.om.metadata.layout=SIMPLE and disabled optimized OM FS operations
2021-07-20 20:05:17,228 [Listener at 127.0.0.1/46215] INFO  impl.MetricsSystemImpl (MetricsSystemImpl.java:init(158)) - OzoneManager metrics system started (again)
2021-07-20 20:05:17,241 [Listener at 127.0.0.1/46215] INFO  om.OzoneManager (OzoneManager.java:start(1157)) - OzoneManager RPC server is listening at localhost/127.0.0.1:46215
2021-07-20 20:05:17,241 [Listener at 127.0.0.1/46215] INFO  ratis.OzoneManagerRatisServer (OzoneManagerRatisServer.java:start(408)) - Starting OzoneManagerRatisServer om1 at port 9872
2021-07-20 20:05:17,241 [Listener at 127.0.0.1/46215] INFO  server.RaftServer$Division (RaftServerImpl.java:start(295)) - om1@group-C5BA1605619E: start as a follower, conf=-1: [om1|rpc:localhost:9872|priority:0], old=null
2021-07-20 20:05:17,241 [Listener at 127.0.0.1/46215] INFO  server.RaftServer$Division (RaftServerImpl.java:setRole(284)) - om1@group-C5BA1605619E: changes role from      null to FOLLOWER at term 0 for startAsFollower
2021-07-20 20:05:17,242 [Listener at 127.0.0.1/46215] INFO  impl.RoleInfo (RoleInfo.java:updateAndGet(130)) - om1: start om1@group-C5BA1605619E-FollowerState
2021-07-20 20:05:17,242 [Listener at 127.0.0.1/46215] INFO  util.JmxRegister (JmxRegister.java:tryRegister(44)) - Successfully registered JMX Bean with object name Ratis:service=RaftServer,group=group-C5BA1605619E,id=om1
2021-07-20 20:05:17,242 [Listener at 127.0.0.1/46215] INFO  metrics.RatisMetrics (RatisMetrics.java:lambda$create$0(36)) - Creating Metrics Registry : ratis.state_machine.om1@group-C5BA1605619E
2021-07-20 20:05:17,242 [Listener at 127.0.0.1/46215] INFO  server.RaftServer (RaftServerProxy.java:lambda$start$5(374)) - om1: start RPC server
2021-07-20 20:05:17,243 [Listener at 127.0.0.1/46215] INFO  server.GrpcService (GrpcService.java:startImpl(253)) - om1: GrpcService started, listening on 9872
2021-07-20 20:05:17,243 [Listener at 127.0.0.1/46215] INFO  om.OzoneManager (OzoneManager.java:start(1175)) - Version File has different layout version (0) than OM DB (null). That is expected if this OM has never been finalized to a newer layout version.
2021-07-20 20:05:17,243 [org.apache.ratis.util.JvmPauseMonitor$$Lambda$525/626539760@63cb9b91] INFO  util.JvmPauseMonitor (JvmPauseMonitor.java:run(103)) - JvmPauseMonitor-om1: Started
2021-07-20 20:05:17,246 [Listener at 127.0.0.1/46215] INFO  http.BaseHttpServer (BaseHttpServer.java:newHttpServer2BuilderForOzone(209)) - Starting Web-server for ozoneManager at: http://0.0.0.0:0
2021-07-20 20:05:17,246 [Listener at 127.0.0.1/46215] INFO  http.BaseHttpServer (BaseHttpServer.java:<init>(107)) - Hadoop Security Enabled: false Ozone Security Enabled: false Ozone HTTP Security Enabled: false 
2021-07-20 20:05:17,247 [Listener at 127.0.0.1/46215] INFO  server.AuthenticationFilter (AuthenticationFilter.java:constructSecretProvider(240)) - Unable to initialize FileSignerSecretProvider, falling back to use random secrets.
2021-07-20 20:05:17,253 [Listener at 127.0.0.1/46215] WARN  http.HttpRequestLog (HttpRequestLog.java:getRequestLog(103)) - Jetty request log can only be enabled using Log4j
2021-07-20 20:05:17,254 [Listener at 127.0.0.1/46215] INFO  http.HttpServer2 (HttpServer2.java:addGlobalFilter(1020)) - Added global filter 'safety' (class=org.apache.hadoop.hdds.server.http.HttpServer2$QuotingInputFilter)
2021-07-20 20:05:17,254 [Listener at 127.0.0.1/46215] INFO  http.HttpServer2 (HttpServer2.java:addFilter(996)) - Added filter static_user_filter (class=org.apache.hadoop.http.lib.StaticUserWebFilter$StaticUserFilter) to context ozoneManager
2021-07-20 20:05:17,255 [Listener at 127.0.0.1/46215] INFO  http.HttpServer2 (HttpServer2.java:addFilter(1004)) - Added filter static_user_filter (class=org.apache.hadoop.http.lib.StaticUserWebFilter$StaticUserFilter) to context static
2021-07-20 20:05:17,255 [Listener at 127.0.0.1/46215] INFO  http.HttpServer2 (HttpServer2.java:addFilter(1004)) - Added filter static_user_filter (class=org.apache.hadoop.http.lib.StaticUserWebFilter$StaticUserFilter) to context logs
2021-07-20 20:05:17,255 [Listener at 127.0.0.1/46215] INFO  http.HttpServer2 (HttpServer2.java:bindListener(1238)) - Jetty bound to port 41609
2021-07-20 20:05:17,255 [Listener at 127.0.0.1/46215] INFO  server.Server (Server.java:doStart(375)) - jetty-9.4.35.v20201120; built: 2020-11-20T21:17:03.964Z; git: bdc54f03a5e0a7e280fab27f55c3c75ee8da89fb; jvm 1.8.0_292-b10
2021-07-20 20:05:17,258 [Listener at 127.0.0.1/46215] INFO  server.session (DefaultSessionIdManager.java:doStart(334)) - DefaultSessionIdManager workerName=node0
2021-07-20 20:05:17,258 [Listener at 127.0.0.1/46215] INFO  server.session (DefaultSessionIdManager.java:doStart(339)) - No SessionScavenger set, using defaults
2021-07-20 20:05:17,258 [Listener at 127.0.0.1/46215] INFO  server.session (HouseKeeper.java:startScavenging(132)) - node0 Scavenging every 660000ms
2021-07-20 20:05:17,261 [Listener at 127.0.0.1/46215] INFO  handler.ContextHandler (ContextHandler.java:doStart(916)) - Started o.e.j.s.ServletContextHandler@40efe4d5{logs,/logs,file:///home/runner/work/ozone/ozone/mnt/ozone/hadoop-ozone/integration-test/target/log,AVAILABLE}
2021-07-20 20:05:17,261 [Listener at 127.0.0.1/46215] INFO  handler.ContextHandler (ContextHandler.java:doStart(916)) - Started o.e.j.s.ServletContextHandler@3ff9be8a{static,/static,file:///home/runner/work/ozone/ozone/mnt/ozone/hadoop-ozone/integration-test/target/test-classes/webapps/static,AVAILABLE}
2021-07-20 20:05:17,266 [Listener at 127.0.0.1/46215] INFO  handler.ContextHandler (ContextHandler.java:doStart(916)) - Started o.e.j.w.WebAppContext@2e44cf97{ozoneManager,/,file:///home/runner/work/ozone/ozone/mnt/ozone/hadoop-ozone/integration-test/target/test-classes/webapps/ozoneManager/,AVAILABLE}{file:/home/runner/work/ozone/ozone/mnt/ozone/hadoop-ozone/integration-test/target/test-classes/webapps/ozoneManager}
2021-07-20 20:05:17,271 [Listener at 127.0.0.1/46215] INFO  server.AbstractConnector (AbstractConnector.java:doStart(331)) - Started ServerConnector@42f85e7f{HTTP/1.1, (http/1.1)}{0.0.0.0:41609}
2021-07-20 20:05:17,271 [Listener at 127.0.0.1/46215] INFO  server.Server (Server.java:doStart(415)) - Started @92021ms
2021-07-20 20:05:17,271 [Listener at 127.0.0.1/46215] WARN  impl.MetricsSystemImpl (MetricsSystemImpl.java:register(279)) - Sink prometheus already exists!
2021-07-20 20:05:17,272 [Listener at 127.0.0.1/46215] INFO  http.BaseHttpServer (BaseHttpServer.java:updateConnectorAddress(329)) - HTTP server of ozoneManager listening at http://0.0.0.0:41609
2021-07-20 20:05:17,272 [IPC Server Responder] INFO  ipc.Server (Server.java:run(1507)) - IPC Server Responder: starting
2021-07-20 20:05:17,272 [IPC Server listener on 0] INFO  ipc.Server (Server.java:run(1344)) - IPC Server listener on 0: starting
2021-07-20 20:05:17,277 [Listener at 127.0.0.1/46215] INFO  om.OzoneManager (OzoneManager.java:startTrashEmptier(1306)) - Trash Interval set to 0. Files deleted will not move to trash
2021-07-20 20:05:17,285 [org.apache.hadoop.util.JvmPauseMonitor$Monitor@ce6c7c0] INFO  util.JvmPauseMonitor (JvmPauseMonitor.java:run(188)) - Starting JVM pause monitor
2021-07-20 20:05:17,288 [Listener at 127.0.0.1/46215] INFO  impl.MetricsSystemImpl (MetricsSystemImpl.java:init(158)) - HddsDatanode metrics system started (again)
2021-07-20 20:05:17,302 [Listener at 127.0.0.1/46215] INFO  ozone.HddsDatanodeService (HddsDatanodeService.java:start(234)) - HddsDatanodeService host:fv-az148-341.bm4ck3pvxvsene1rjriu5fhcdb.bx.internal.cloudapp.net ip:10.1.0.85
2021-07-20 20:05:17,317 [Listener at 127.0.0.1/46215] INFO  upgrade.AbstractLayoutVersionManager (AbstractLayoutVersionManager.java:init(70)) - Initializing Layout version manager with metadata layout = SCM_HA (version = 2), software layout = SCM_HA (version = 2)
2021-07-20 20:05:17,356 [Listener at 127.0.0.1/46215] INFO  reflections.Reflections (Reflections.java:scan(232)) - Reflections took 37 ms to scan 7 urls, producing 119 keys and 271 values 
2021-07-20 20:05:17,366 [Listener at 127.0.0.1/46215] INFO  volume.HddsVolume (HddsVolume.java:<init>(120)) - Creating HddsVolume: /home/runner/work/ozone/ozone/mnt/ozone/hadoop-ozone/integration-test/target/test-dir/MiniOzoneClusterImpl-f5a46b5f-7322-4bfd-b1a2-40e9a3ca233c/datanode-0/data-0/containers/hdds of storage type : DISK capacity : 9223372036854775807
2021-07-20 20:05:17,366 [Listener at 127.0.0.1/46215] INFO  volume.MutableVolumeSet (MutableVolumeSet.java:initializeVolumeSet(181)) - Added Volume : /home/runner/work/ozone/ozone/mnt/ozone/hadoop-ozone/integration-test/target/test-dir/MiniOzoneClusterImpl-f5a46b5f-7322-4bfd-b1a2-40e9a3ca233c/datanode-0/data-0/containers/hdds to VolumeSet
2021-07-20 20:05:17,366 [Listener at 127.0.0.1/46215] INFO  volume.ThrottledAsyncChecker (ThrottledAsyncChecker.java:schedule(141)) - Scheduling a check for /home/runner/work/ozone/ozone/mnt/ozone/hadoop-ozone/integration-test/target/test-dir/MiniOzoneClusterImpl-f5a46b5f-7322-4bfd-b1a2-40e9a3ca233c/datanode-0/data-0/containers/hdds
2021-07-20 20:05:17,367 [Listener at 127.0.0.1/46215] INFO  volume.StorageVolumeChecker (StorageVolumeChecker.java:checkAllVolumes(203)) - Scheduled health check for volume /home/runner/work/ozone/ozone/mnt/ozone/hadoop-ozone/integration-test/target/test-dir/MiniOzoneClusterImpl-f5a46b5f-7322-4bfd-b1a2-40e9a3ca233c/datanode-0/data-0/containers/hdds
2021-07-20 20:05:17,381 [Listener at 127.0.0.1/46215] INFO  volume.MutableVolumeSet (MutableVolumeSet.java:initializeVolumeSet(181)) - Added Volume : /home/runner/work/ozone/ozone/mnt/ozone/hadoop-ozone/integration-test/target/test-dir/MiniOzoneClusterImpl-f5a46b5f-7322-4bfd-b1a2-40e9a3ca233c/datanode-0/data/ratis to VolumeSet
2021-07-20 20:05:17,382 [Listener at 127.0.0.1/46215] INFO  volume.ThrottledAsyncChecker (ThrottledAsyncChecker.java:schedule(141)) - Scheduling a check for /home/runner/work/ozone/ozone/mnt/ozone/hadoop-ozone/integration-test/target/test-dir/MiniOzoneClusterImpl-f5a46b5f-7322-4bfd-b1a2-40e9a3ca233c/datanode-0/data/ratis
2021-07-20 20:05:17,382 [Listener at 127.0.0.1/46215] INFO  volume.StorageVolumeChecker (StorageVolumeChecker.java:checkAllVolumes(203)) - Scheduled health check for volume /home/runner/work/ozone/ozone/mnt/ozone/hadoop-ozone/integration-test/target/test-dir/MiniOzoneClusterImpl-f5a46b5f-7322-4bfd-b1a2-40e9a3ca233c/datanode-0/data/ratis
2021-07-20 20:05:17,396 [Listener at 127.0.0.1/46215] INFO  ozoneimpl.ContainerReader (ContainerReader.java:<init>(98)) - Running in upgrade mode:true
2021-07-20 20:05:17,396 [Thread-872] INFO  ozoneimpl.ContainerReader (ContainerReader.java:readVolume(142)) - Start to verify containers on volume /home/runner/work/ozone/ozone/mnt/ozone/hadoop-ozone/integration-test/target/test-dir/MiniOzoneClusterImpl-f5a46b5f-7322-4bfd-b1a2-40e9a3ca233c/datanode-0/data-0/containers/hdds
2021-07-20 20:05:17,396 [Thread-872] INFO  ozoneimpl.ContainerReader (ContainerReader.java:readVolume(174)) - Finish verifying containers on volume /home/runner/work/ozone/ozone/mnt/ozone/hadoop-ozone/integration-test/target/test-dir/MiniOzoneClusterImpl-f5a46b5f-7322-4bfd-b1a2-40e9a3ca233c/datanode-0/data-0/containers/hdds
2021-07-20 20:05:17,396 [Listener at 127.0.0.1/46215] INFO  ozoneimpl.OzoneContainer (OzoneContainer.java:buildContainerSet(237)) - Build ContainerSet costs 0s
2021-07-20 20:05:17,398 [Listener at 127.0.0.1/46215] INFO  server.RaftServer (ConfUtils.java:logGet(44)) - raft.rpc.type = GRPC (default)
2021-07-20 20:05:17,398 [Listener at 127.0.0.1/46215] INFO  grpc.GrpcFactory (GrpcFactory.java:checkPooledByteBufAllocatorUseCacheForAllThreads(48)) - PERFORMANCE WARNING: useCacheForAllThreads is true that may cause Netty to create a lot garbage objects and, as a result, trigger GC.
	It is recommended to disable useCacheForAllThreads by setting -Dorg.apache.ratis.thirdparty.io.netty.allocator.useCacheForAllThreads=false in command line.
2021-07-20 20:05:17,398 [Listener at 127.0.0.1/46215] INFO  grpc.GrpcConfigKeys (ConfUtils.java:logGet(44)) - raft.grpc.admin.port = 0 (custom)
2021-07-20 20:05:17,399 [Listener at 127.0.0.1/46215] INFO  grpc.GrpcConfigKeys (ConfUtils.java:logGet(44)) - raft.grpc.client.port = 0 (custom)
2021-07-20 20:05:17,399 [Listener at 127.0.0.1/46215] INFO  grpc.GrpcConfigKeys (ConfUtils.java:logGet(44)) - raft.grpc.server.port = 0 (default)
2021-07-20 20:05:17,399 [Listener at 127.0.0.1/46215] INFO  server.GrpcService (ConfUtils.java:logGet(44)) - raft.grpc.message.size.max = 32MB (=33554432) (custom)
2021-07-20 20:05:17,399 [Listener at 127.0.0.1/46215] INFO  server.RaftServerConfigKeys (ConfUtils.java:logGet(44)) - raft.server.log.appender.buffer.byte-limit = 33554432 (custom)
2021-07-20 20:05:17,399 [Listener at 127.0.0.1/46215] INFO  server.GrpcService (ConfUtils.java:logGet(44)) - raft.grpc.flow.control.window = 5MB (=5242880) (custom)
2021-07-20 20:05:17,399 [Listener at 127.0.0.1/46215] INFO  server.RaftServerConfigKeys (ConfUtils.java:logGet(44)) - raft.server.rpc.request.timeout = 60s (custom)
2021-07-20 20:05:17,400 [Listener at 127.0.0.1/46215] INFO  impl.DataStreamServerImpl (ConfUtils.java:logGet(44)) - raft.datastream.type = DISABLED (default)
2021-07-20 20:05:17,400 [Listener at 127.0.0.1/46215] INFO  server.RaftServerConfigKeys (ConfUtils.java:logGet(44)) - raft.server.rpc.slowness.timeout = 300s (custom)
2021-07-20 20:05:17,400 [Listener at 127.0.0.1/46215] INFO  server.RaftServerConfigKeys (ConfUtils.java:logGet(44)) - raft.server.leaderelection.leader.step-down.wait-time = 10s (default)
2021-07-20 20:05:17,400 [Listener at 127.0.0.1/46215] INFO  server.RaftServerConfigKeys (ConfUtils.java:logGet(44)) - raft.server.storage.dir = [/home/runner/work/ozone/ozone/mnt/ozone/hadoop-ozone/integration-test/target/test-dir/MiniOzoneClusterImpl-f5a46b5f-7322-4bfd-b1a2-40e9a3ca233c/datanode-0/data/ratis] (custom)
2021-07-20 20:05:17,403 [Listener at 127.0.0.1/46215] INFO  http.BaseHttpServer (BaseHttpServer.java:newHttpServer2BuilderForOzone(209)) - Starting Web-server for hddsDatanode at: http://0.0.0.0:0
2021-07-20 20:05:17,403 [Listener at 127.0.0.1/46215] INFO  http.BaseHttpServer (BaseHttpServer.java:<init>(107)) - Hadoop Security Enabled: false Ozone Security Enabled: false Ozone HTTP Security Enabled: false 
2021-07-20 20:05:17,404 [Listener at 127.0.0.1/46215] INFO  server.AuthenticationFilter (AuthenticationFilter.java:constructSecretProvider(240)) - Unable to initialize FileSignerSecretProvider, falling back to use random secrets.
2021-07-20 20:05:17,404 [Listener at 127.0.0.1/46215] WARN  http.HttpRequestLog (HttpRequestLog.java:getRequestLog(103)) - Jetty request log can only be enabled using Log4j
2021-07-20 20:05:17,405 [Listener at 127.0.0.1/46215] INFO  http.HttpServer2 (HttpServer2.java:addGlobalFilter(1020)) - Added global filter 'safety' (class=org.apache.hadoop.hdds.server.http.HttpServer2$QuotingInputFilter)
2021-07-20 20:05:17,409 [Listener at 127.0.0.1/46215] INFO  http.HttpServer2 (HttpServer2.java:addFilter(996)) - Added filter static_user_filter (class=org.apache.hadoop.http.lib.StaticUserWebFilter$StaticUserFilter) to context hddsDatanode
2021-07-20 20:05:17,409 [Listener at 127.0.0.1/46215] INFO  http.HttpServer2 (HttpServer2.java:addFilter(1004)) - Added filter static_user_filter (class=org.apache.hadoop.http.lib.StaticUserWebFilter$StaticUserFilter) to context logs
2021-07-20 20:05:17,409 [Listener at 127.0.0.1/46215] INFO  http.HttpServer2 (HttpServer2.java:addFilter(1004)) - Added filter static_user_filter (class=org.apache.hadoop.http.lib.StaticUserWebFilter$StaticUserFilter) to context static
2021-07-20 20:05:17,410 [Listener at 127.0.0.1/46215] INFO  http.HttpServer2 (HttpServer2.java:bindListener(1238)) - Jetty bound to port 35973
2021-07-20 20:05:17,410 [Listener at 127.0.0.1/46215] INFO  server.Server (Server.java:doStart(375)) - jetty-9.4.35.v20201120; built: 2020-11-20T21:17:03.964Z; git: bdc54f03a5e0a7e280fab27f55c3c75ee8da89fb; jvm 1.8.0_292-b10
2021-07-20 20:05:17,411 [Listener at 127.0.0.1/46215] INFO  server.session (DefaultSessionIdManager.java:doStart(334)) - DefaultSessionIdManager workerName=node0
2021-07-20 20:05:17,411 [Listener at 127.0.0.1/46215] INFO  server.session (DefaultSessionIdManager.java:doStart(339)) - No SessionScavenger set, using defaults
2021-07-20 20:05:17,412 [Listener at 127.0.0.1/46215] INFO  server.session (HouseKeeper.java:startScavenging(132)) - node0 Scavenging every 600000ms
2021-07-20 20:05:17,412 [Listener at 127.0.0.1/46215] INFO  handler.ContextHandler (ContextHandler.java:doStart(916)) - Started o.e.j.s.ServletContextHandler@5cbe1e07{logs,/logs,file:///home/runner/work/ozone/ozone/mnt/ozone/hadoop-ozone/integration-test/target/log,AVAILABLE}
2021-07-20 20:05:17,412 [Listener at 127.0.0.1/46215] INFO  handler.ContextHandler (ContextHandler.java:doStart(916)) - Started o.e.j.s.ServletContextHandler@3aeedc32{static,/static,jar:file:/home/runner/.m2/repository/org/apache/ozone/hdds-container-service/1.2.0-SNAPSHOT/hdds-container-service-1.2.0-SNAPSHOT.jar!/webapps/static,AVAILABLE}
2021-07-20 20:05:17,457 [Listener at 127.0.0.1/46215] INFO  handler.ContextHandler (ContextHandler.java:doStart(916)) - Started o.e.j.w.WebAppContext@23fc55c9{hddsDatanode,/,file:///tmp/jetty-0_0_0_0-35973-hdds-container-service-1_2_0-SNAPSHOT_jar-_-any-2309573544044414707/webapp/,AVAILABLE}{jar:file:/home/runner/.m2/repository/org/apache/ozone/hdds-container-service/1.2.0-SNAPSHOT/hdds-container-service-1.2.0-SNAPSHOT.jar!/webapps/hddsDatanode}
2021-07-20 20:05:17,459 [Listener at 127.0.0.1/46215] INFO  server.AbstractConnector (AbstractConnector.java:doStart(331)) - Started ServerConnector@6b5cfc4{HTTP/1.1, (http/1.1)}{0.0.0.0:35973}
2021-07-20 20:05:17,459 [Listener at 127.0.0.1/46215] INFO  server.Server (Server.java:doStart(415)) - Started @92209ms
2021-07-20 20:05:17,459 [Listener at 127.0.0.1/46215] WARN  impl.MetricsSystemImpl (MetricsSystemImpl.java:register(279)) - Sink prometheus already exists!
2021-07-20 20:05:17,460 [Listener at 127.0.0.1/46215] INFO  http.BaseHttpServer (BaseHttpServer.java:updateConnectorAddress(329)) - HTTP server of hddsDatanode listening at http://0.0.0.0:35973
2021-07-20 20:05:17,460 [Listener at 127.0.0.1/46215] INFO  impl.MetricsSystemImpl (MetricsSystemImpl.java:init(158)) - HddsDatanode metrics system started (again)
2021-07-20 20:05:17,475 [Listener at 127.0.0.1/46215] INFO  ozone.HddsDatanodeService (HddsDatanodeService.java:start(234)) - HddsDatanodeService host:fv-az148-341.bm4ck3pvxvsene1rjriu5fhcdb.bx.internal.cloudapp.net ip:10.1.0.85
2021-07-20 20:05:17,487 [org.apache.hadoop.util.JvmPauseMonitor$Monitor@11af0420] INFO  util.JvmPauseMonitor (JvmPauseMonitor.java:run(188)) - Starting JVM pause monitor
2021-07-20 20:05:17,491 [Datanode State Machine Task Thread - 0] INFO  datanode.InitDatanodeState (InitDatanodeState.java:persistContainerDatanodeDetails(145)) - DatanodeDetails is persisted to /home/runner/work/ozone/ozone/mnt/ozone/hadoop-ozone/integration-test/target/test-dir/MiniOzoneClusterImpl-f5a46b5f-7322-4bfd-b1a2-40e9a3ca233c/datanode-0/meta/datanode.id
2021-07-20 20:05:17,491 [Listener at 127.0.0.1/46215] INFO  upgrade.AbstractLayoutVersionManager (AbstractLayoutVersionManager.java:init(70)) - Initializing Layout version manager with metadata layout = SCM_HA (version = 2), software layout = SCM_HA (version = 2)
2021-07-20 20:05:17,530 [Listener at 127.0.0.1/46215] INFO  reflections.Reflections (Reflections.java:scan(232)) - Reflections took 37 ms to scan 7 urls, producing 119 keys and 271 values 
2021-07-20 20:05:17,532 [Listener at 127.0.0.1/46215] INFO  volume.HddsVolume (HddsVolume.java:<init>(120)) - Creating HddsVolume: /home/runner/work/ozone/ozone/mnt/ozone/hadoop-ozone/integration-test/target/test-dir/MiniOzoneClusterImpl-f5a46b5f-7322-4bfd-b1a2-40e9a3ca233c/datanode-1/data-0/containers/hdds of storage type : DISK capacity : 9223372036854775807
2021-07-20 20:05:17,532 [Listener at 127.0.0.1/46215] INFO  volume.MutableVolumeSet (MutableVolumeSet.java:initializeVolumeSet(181)) - Added Volume : /home/runner/work/ozone/ozone/mnt/ozone/hadoop-ozone/integration-test/target/test-dir/MiniOzoneClusterImpl-f5a46b5f-7322-4bfd-b1a2-40e9a3ca233c/datanode-1/data-0/containers/hdds to VolumeSet
2021-07-20 20:05:17,532 [Listener at 127.0.0.1/46215] INFO  volume.ThrottledAsyncChecker (ThrottledAsyncChecker.java:schedule(141)) - Scheduling a check for /home/runner/work/ozone/ozone/mnt/ozone/hadoop-ozone/integration-test/target/test-dir/MiniOzoneClusterImpl-f5a46b5f-7322-4bfd-b1a2-40e9a3ca233c/datanode-1/data-0/containers/hdds
2021-07-20 20:05:17,533 [Listener at 127.0.0.1/46215] INFO  volume.StorageVolumeChecker (StorageVolumeChecker.java:checkAllVolumes(203)) - Scheduled health check for volume /home/runner/work/ozone/ozone/mnt/ozone/hadoop-ozone/integration-test/target/test-dir/MiniOzoneClusterImpl-f5a46b5f-7322-4bfd-b1a2-40e9a3ca233c/datanode-1/data-0/containers/hdds
2021-07-20 20:05:17,547 [Listener at 127.0.0.1/46215] INFO  volume.MutableVolumeSet (MutableVolumeSet.java:initializeVolumeSet(181)) - Added Volume : /home/runner/work/ozone/ozone/mnt/ozone/hadoop-ozone/integration-test/target/test-dir/MiniOzoneClusterImpl-f5a46b5f-7322-4bfd-b1a2-40e9a3ca233c/datanode-1/data/ratis to VolumeSet
2021-07-20 20:05:17,547 [Listener at 127.0.0.1/46215] INFO  volume.ThrottledAsyncChecker (ThrottledAsyncChecker.java:schedule(141)) - Scheduling a check for /home/runner/work/ozone/ozone/mnt/ozone/hadoop-ozone/integration-test/target/test-dir/MiniOzoneClusterImpl-f5a46b5f-7322-4bfd-b1a2-40e9a3ca233c/datanode-1/data/ratis
2021-07-20 20:05:17,547 [Listener at 127.0.0.1/46215] INFO  volume.StorageVolumeChecker (StorageVolumeChecker.java:checkAllVolumes(203)) - Scheduled health check for volume /home/runner/work/ozone/ozone/mnt/ozone/hadoop-ozone/integration-test/target/test-dir/MiniOzoneClusterImpl-f5a46b5f-7322-4bfd-b1a2-40e9a3ca233c/datanode-1/data/ratis
2021-07-20 20:05:17,560 [Listener at 127.0.0.1/46215] INFO  ozoneimpl.ContainerReader (ContainerReader.java:<init>(98)) - Running in upgrade mode:true
2021-07-20 20:05:17,561 [Thread-883] INFO  ozoneimpl.ContainerReader (ContainerReader.java:readVolume(142)) - Start to verify containers on volume /home/runner/work/ozone/ozone/mnt/ozone/hadoop-ozone/integration-test/target/test-dir/MiniOzoneClusterImpl-f5a46b5f-7322-4bfd-b1a2-40e9a3ca233c/datanode-1/data-0/containers/hdds
2021-07-20 20:05:17,561 [Thread-883] INFO  ozoneimpl.ContainerReader (ContainerReader.java:readVolume(174)) - Finish verifying containers on volume /home/runner/work/ozone/ozone/mnt/ozone/hadoop-ozone/integration-test/target/test-dir/MiniOzoneClusterImpl-f5a46b5f-7322-4bfd-b1a2-40e9a3ca233c/datanode-1/data-0/containers/hdds
2021-07-20 20:05:17,561 [Listener at 127.0.0.1/46215] INFO  ozoneimpl.OzoneContainer (OzoneContainer.java:buildContainerSet(237)) - Build ContainerSet costs 0s
2021-07-20 20:05:17,563 [Listener at 127.0.0.1/46215] INFO  server.RaftServer (ConfUtils.java:logGet(44)) - raft.rpc.type = GRPC (default)
2021-07-20 20:05:17,563 [Listener at 127.0.0.1/46215] INFO  grpc.GrpcFactory (GrpcFactory.java:checkPooledByteBufAllocatorUseCacheForAllThreads(48)) - PERFORMANCE WARNING: useCacheForAllThreads is true that may cause Netty to create a lot garbage objects and, as a result, trigger GC.
	It is recommended to disable useCacheForAllThreads by setting -Dorg.apache.ratis.thirdparty.io.netty.allocator.useCacheForAllThreads=false in command line.
2021-07-20 20:05:17,563 [Listener at 127.0.0.1/46215] INFO  grpc.GrpcConfigKeys (ConfUtils.java:logGet(44)) - raft.grpc.admin.port = 0 (custom)
2021-07-20 20:05:17,564 [Listener at 127.0.0.1/46215] INFO  grpc.GrpcConfigKeys (ConfUtils.java:logGet(44)) - raft.grpc.client.port = 0 (custom)
2021-07-20 20:05:17,564 [Listener at 127.0.0.1/46215] INFO  grpc.GrpcConfigKeys (ConfUtils.java:logGet(44)) - raft.grpc.server.port = 0 (default)
2021-07-20 20:05:17,564 [Listener at 127.0.0.1/46215] INFO  server.GrpcService (ConfUtils.java:logGet(44)) - raft.grpc.message.size.max = 32MB (=33554432) (custom)
2021-07-20 20:05:17,564 [Listener at 127.0.0.1/46215] INFO  server.RaftServerConfigKeys (ConfUtils.java:logGet(44)) - raft.server.log.appender.buffer.byte-limit = 33554432 (custom)
2021-07-20 20:05:17,564 [Listener at 127.0.0.1/46215] INFO  server.GrpcService (ConfUtils.java:logGet(44)) - raft.grpc.flow.control.window = 5MB (=5242880) (custom)
2021-07-20 20:05:17,564 [Listener at 127.0.0.1/46215] INFO  server.RaftServerConfigKeys (ConfUtils.java:logGet(44)) - raft.server.rpc.request.timeout = 60s (custom)
2021-07-20 20:05:17,565 [Listener at 127.0.0.1/46215] INFO  impl.DataStreamServerImpl (ConfUtils.java:logGet(44)) - raft.datastream.type = DISABLED (default)
2021-07-20 20:05:17,565 [Listener at 127.0.0.1/46215] INFO  server.RaftServerConfigKeys (ConfUtils.java:logGet(44)) - raft.server.rpc.slowness.timeout = 300s (custom)
2021-07-20 20:05:17,565 [Listener at 127.0.0.1/46215] INFO  server.RaftServerConfigKeys (ConfUtils.java:logGet(44)) - raft.server.leaderelection.leader.step-down.wait-time = 10s (default)
2021-07-20 20:05:17,565 [Listener at 127.0.0.1/46215] INFO  server.RaftServerConfigKeys (ConfUtils.java:logGet(44)) - raft.server.storage.dir = [/home/runner/work/ozone/ozone/mnt/ozone/hadoop-ozone/integration-test/target/test-dir/MiniOzoneClusterImpl-f5a46b5f-7322-4bfd-b1a2-40e9a3ca233c/datanode-1/data/ratis] (custom)
2021-07-20 20:05:17,568 [Listener at 127.0.0.1/46215] INFO  http.BaseHttpServer (BaseHttpServer.java:newHttpServer2BuilderForOzone(209)) - Starting Web-server for hddsDatanode at: http://0.0.0.0:0
2021-07-20 20:05:17,568 [Listener at 127.0.0.1/46215] INFO  http.BaseHttpServer (BaseHttpServer.java:<init>(107)) - Hadoop Security Enabled: false Ozone Security Enabled: false Ozone HTTP Security Enabled: false 
2021-07-20 20:05:17,568 [Listener at 127.0.0.1/46215] INFO  server.AuthenticationFilter (AuthenticationFilter.java:constructSecretProvider(240)) - Unable to initialize FileSignerSecretProvider, falling back to use random secrets.
2021-07-20 20:05:17,570 [Listener at 127.0.0.1/46215] WARN  http.HttpRequestLog (HttpRequestLog.java:getRequestLog(103)) - Jetty request log can only be enabled using Log4j
2021-07-20 20:05:17,570 [Listener at 127.0.0.1/46215] INFO  http.HttpServer2 (HttpServer2.java:addGlobalFilter(1020)) - Added global filter 'safety' (class=org.apache.hadoop.hdds.server.http.HttpServer2$QuotingInputFilter)
2021-07-20 20:05:17,571 [Listener at 127.0.0.1/46215] INFO  http.HttpServer2 (HttpServer2.java:addFilter(996)) - Added filter static_user_filter (class=org.apache.hadoop.http.lib.StaticUserWebFilter$StaticUserFilter) to context hddsDatanode
2021-07-20 20:05:17,571 [Listener at 127.0.0.1/46215] INFO  http.HttpServer2 (HttpServer2.java:addFilter(1004)) - Added filter static_user_filter (class=org.apache.hadoop.http.lib.StaticUserWebFilter$StaticUserFilter) to context logs
2021-07-20 20:05:17,571 [Listener at 127.0.0.1/46215] INFO  http.HttpServer2 (HttpServer2.java:addFilter(1004)) - Added filter static_user_filter (class=org.apache.hadoop.http.lib.StaticUserWebFilter$StaticUserFilter) to context static
2021-07-20 20:05:17,571 [Listener at 127.0.0.1/46215] INFO  http.HttpServer2 (HttpServer2.java:bindListener(1238)) - Jetty bound to port 34377
2021-07-20 20:05:17,571 [Listener at 127.0.0.1/46215] INFO  server.Server (Server.java:doStart(375)) - jetty-9.4.35.v20201120; built: 2020-11-20T21:17:03.964Z; git: bdc54f03a5e0a7e280fab27f55c3c75ee8da89fb; jvm 1.8.0_292-b10
2021-07-20 20:05:17,585 [Listener at 127.0.0.1/46215] INFO  server.session (DefaultSessionIdManager.java:doStart(334)) - DefaultSessionIdManager workerName=node0
2021-07-20 20:05:17,586 [Listener at 127.0.0.1/46215] INFO  server.session (DefaultSessionIdManager.java:doStart(339)) - No SessionScavenger set, using defaults
2021-07-20 20:05:17,586 [Listener at 127.0.0.1/46215] INFO  server.session (HouseKeeper.java:startScavenging(132)) - node0 Scavenging every 660000ms
2021-07-20 20:05:17,587 [Listener at 127.0.0.1/46215] INFO  handler.ContextHandler (ContextHandler.java:doStart(916)) - Started o.e.j.s.ServletContextHandler@dd37e05{logs,/logs,file:///home/runner/work/ozone/ozone/mnt/ozone/hadoop-ozone/integration-test/target/log,AVAILABLE}
2021-07-20 20:05:17,587 [Listener at 127.0.0.1/46215] INFO  handler.ContextHandler (ContextHandler.java:doStart(916)) - Started o.e.j.s.ServletContextHandler@12c8d017{static,/static,jar:file:/home/runner/.m2/repository/org/apache/ozone/hdds-container-service/1.2.0-SNAPSHOT/hdds-container-service-1.2.0-SNAPSHOT.jar!/webapps/static,AVAILABLE}
2021-07-20 20:05:17,632 [Listener at 127.0.0.1/46215] INFO  handler.ContextHandler (ContextHandler.java:doStart(916)) - Started o.e.j.w.WebAppContext@1293b171{hddsDatanode,/,file:///tmp/jetty-0_0_0_0-34377-hdds-container-service-1_2_0-SNAPSHOT_jar-_-any-1415775350133711450/webapp/,AVAILABLE}{jar:file:/home/runner/.m2/repository/org/apache/ozone/hdds-container-service/1.2.0-SNAPSHOT/hdds-container-service-1.2.0-SNAPSHOT.jar!/webapps/hddsDatanode}
2021-07-20 20:05:17,633 [Listener at 127.0.0.1/46215] INFO  server.AbstractConnector (AbstractConnector.java:doStart(331)) - Started ServerConnector@517f3122{HTTP/1.1, (http/1.1)}{0.0.0.0:34377}
2021-07-20 20:05:17,634 [Listener at 127.0.0.1/46215] INFO  server.Server (Server.java:doStart(415)) - Started @92383ms
2021-07-20 20:05:17,634 [Listener at 127.0.0.1/46215] WARN  impl.MetricsSystemImpl (MetricsSystemImpl.java:register(279)) - Sink prometheus already exists!
2021-07-20 20:05:17,634 [Listener at 127.0.0.1/46215] INFO  http.BaseHttpServer (BaseHttpServer.java:updateConnectorAddress(329)) - HTTP server of hddsDatanode listening at http://0.0.0.0:34377
2021-07-20 20:05:17,638 [Listener at 127.0.0.1/46215] INFO  impl.MetricsSystemImpl (MetricsSystemImpl.java:init(158)) - HddsDatanode metrics system started (again)
2021-07-20 20:05:17,648 [org.apache.hadoop.util.JvmPauseMonitor$Monitor@5bd10b14] INFO  util.JvmPauseMonitor (JvmPauseMonitor.java:run(188)) - Starting JVM pause monitor
2021-07-20 20:05:17,659 [Datanode State Machine Task Thread - 0] INFO  datanode.InitDatanodeState (InitDatanodeState.java:persistContainerDatanodeDetails(145)) - DatanodeDetails is persisted to /home/runner/work/ozone/ozone/mnt/ozone/hadoop-ozone/integration-test/target/test-dir/MiniOzoneClusterImpl-f5a46b5f-7322-4bfd-b1a2-40e9a3ca233c/datanode-1/meta/datanode.id
2021-07-20 20:05:17,665 [Listener at 127.0.0.1/46215] INFO  ozone.HddsDatanodeService (HddsDatanodeService.java:start(234)) - HddsDatanodeService host:fv-az148-341.bm4ck3pvxvsene1rjriu5fhcdb.bx.internal.cloudapp.net ip:10.1.0.85
2021-07-20 20:05:17,690 [Listener at 127.0.0.1/46215] INFO  upgrade.AbstractLayoutVersionManager (AbstractLayoutVersionManager.java:init(70)) - Initializing Layout version manager with metadata layout = SCM_HA (version = 2), software layout = SCM_HA (version = 2)
2021-07-20 20:05:17,728 [Listener at 127.0.0.1/46215] INFO  reflections.Reflections (Reflections.java:scan(232)) - Reflections took 37 ms to scan 7 urls, producing 119 keys and 271 values 
2021-07-20 20:05:17,741 [Listener at 127.0.0.1/46215] INFO  volume.HddsVolume (HddsVolume.java:<init>(120)) - Creating HddsVolume: /home/runner/work/ozone/ozone/mnt/ozone/hadoop-ozone/integration-test/target/test-dir/MiniOzoneClusterImpl-f5a46b5f-7322-4bfd-b1a2-40e9a3ca233c/datanode-2/data-0/containers/hdds of storage type : DISK capacity : 9223372036854775807
2021-07-20 20:05:17,742 [Listener at 127.0.0.1/46215] INFO  volume.MutableVolumeSet (MutableVolumeSet.java:initializeVolumeSet(181)) - Added Volume : /home/runner/work/ozone/ozone/mnt/ozone/hadoop-ozone/integration-test/target/test-dir/MiniOzoneClusterImpl-f5a46b5f-7322-4bfd-b1a2-40e9a3ca233c/datanode-2/data-0/containers/hdds to VolumeSet
2021-07-20 20:05:17,742 [Listener at 127.0.0.1/46215] INFO  volume.ThrottledAsyncChecker (ThrottledAsyncChecker.java:schedule(141)) - Scheduling a check for /home/runner/work/ozone/ozone/mnt/ozone/hadoop-ozone/integration-test/target/test-dir/MiniOzoneClusterImpl-f5a46b5f-7322-4bfd-b1a2-40e9a3ca233c/datanode-2/data-0/containers/hdds
2021-07-20 20:05:17,742 [Listener at 127.0.0.1/46215] INFO  volume.StorageVolumeChecker (StorageVolumeChecker.java:checkAllVolumes(203)) - Scheduled health check for volume /home/runner/work/ozone/ozone/mnt/ozone/hadoop-ozone/integration-test/target/test-dir/MiniOzoneClusterImpl-f5a46b5f-7322-4bfd-b1a2-40e9a3ca233c/datanode-2/data-0/containers/hdds
2021-07-20 20:05:17,756 [Listener at 127.0.0.1/46215] INFO  volume.MutableVolumeSet (MutableVolumeSet.java:initializeVolumeSet(181)) - Added Volume : /home/runner/work/ozone/ozone/mnt/ozone/hadoop-ozone/integration-test/target/test-dir/MiniOzoneClusterImpl-f5a46b5f-7322-4bfd-b1a2-40e9a3ca233c/datanode-2/data/ratis to VolumeSet
2021-07-20 20:05:17,756 [Listener at 127.0.0.1/46215] INFO  volume.ThrottledAsyncChecker (ThrottledAsyncChecker.java:schedule(141)) - Scheduling a check for /home/runner/work/ozone/ozone/mnt/ozone/hadoop-ozone/integration-test/target/test-dir/MiniOzoneClusterImpl-f5a46b5f-7322-4bfd-b1a2-40e9a3ca233c/datanode-2/data/ratis
2021-07-20 20:05:17,757 [Listener at 127.0.0.1/46215] INFO  volume.StorageVolumeChecker (StorageVolumeChecker.java:checkAllVolumes(203)) - Scheduled health check for volume /home/runner/work/ozone/ozone/mnt/ozone/hadoop-ozone/integration-test/target/test-dir/MiniOzoneClusterImpl-f5a46b5f-7322-4bfd-b1a2-40e9a3ca233c/datanode-2/data/ratis
2021-07-20 20:05:17,770 [Listener at 127.0.0.1/46215] INFO  ozoneimpl.ContainerReader (ContainerReader.java:<init>(98)) - Running in upgrade mode:true
2021-07-20 20:05:17,770 [Thread-894] INFO  ozoneimpl.ContainerReader (ContainerReader.java:readVolume(142)) - Start to verify containers on volume /home/runner/work/ozone/ozone/mnt/ozone/hadoop-ozone/integration-test/target/test-dir/MiniOzoneClusterImpl-f5a46b5f-7322-4bfd-b1a2-40e9a3ca233c/datanode-2/data-0/containers/hdds
2021-07-20 20:05:17,770 [Thread-894] INFO  ozoneimpl.ContainerReader (ContainerReader.java:readVolume(174)) - Finish verifying containers on volume /home/runner/work/ozone/ozone/mnt/ozone/hadoop-ozone/integration-test/target/test-dir/MiniOzoneClusterImpl-f5a46b5f-7322-4bfd-b1a2-40e9a3ca233c/datanode-2/data-0/containers/hdds
2021-07-20 20:05:17,770 [Listener at 127.0.0.1/46215] INFO  ozoneimpl.OzoneContainer (OzoneContainer.java:buildContainerSet(237)) - Build ContainerSet costs 0s
2021-07-20 20:05:17,772 [Listener at 127.0.0.1/46215] INFO  server.RaftServer (ConfUtils.java:logGet(44)) - raft.rpc.type = GRPC (default)
2021-07-20 20:05:17,772 [Listener at 127.0.0.1/46215] INFO  grpc.GrpcFactory (GrpcFactory.java:checkPooledByteBufAllocatorUseCacheForAllThreads(48)) - PERFORMANCE WARNING: useCacheForAllThreads is true that may cause Netty to create a lot garbage objects and, as a result, trigger GC.
	It is recommended to disable useCacheForAllThreads by setting -Dorg.apache.ratis.thirdparty.io.netty.allocator.useCacheForAllThreads=false in command line.
2021-07-20 20:05:17,772 [Listener at 127.0.0.1/46215] INFO  grpc.GrpcConfigKeys (ConfUtils.java:logGet(44)) - raft.grpc.admin.port = 0 (custom)
2021-07-20 20:05:17,773 [Listener at 127.0.0.1/46215] INFO  grpc.GrpcConfigKeys (ConfUtils.java:logGet(44)) - raft.grpc.client.port = 0 (custom)
2021-07-20 20:05:17,773 [Listener at 127.0.0.1/46215] INFO  grpc.GrpcConfigKeys (ConfUtils.java:logGet(44)) - raft.grpc.server.port = 0 (default)
2021-07-20 20:05:17,773 [Listener at 127.0.0.1/46215] INFO  server.GrpcService (ConfUtils.java:logGet(44)) - raft.grpc.message.size.max = 32MB (=33554432) (custom)
2021-07-20 20:05:17,773 [Listener at 127.0.0.1/46215] INFO  server.RaftServerConfigKeys (ConfUtils.java:logGet(44)) - raft.server.log.appender.buffer.byte-limit = 33554432 (custom)
2021-07-20 20:05:17,773 [Listener at 127.0.0.1/46215] INFO  server.GrpcService (ConfUtils.java:logGet(44)) - raft.grpc.flow.control.window = 5MB (=5242880) (custom)
2021-07-20 20:05:17,773 [Listener at 127.0.0.1/46215] INFO  server.RaftServerConfigKeys (ConfUtils.java:logGet(44)) - raft.server.rpc.request.timeout = 60s (custom)
2021-07-20 20:05:17,774 [Listener at 127.0.0.1/46215] INFO  impl.DataStreamServerImpl (ConfUtils.java:logGet(44)) - raft.datastream.type = DISABLED (default)
2021-07-20 20:05:17,774 [Listener at 127.0.0.1/46215] INFO  server.RaftServerConfigKeys (ConfUtils.java:logGet(44)) - raft.server.rpc.slowness.timeout = 300s (custom)
2021-07-20 20:05:17,774 [Listener at 127.0.0.1/46215] INFO  server.RaftServerConfigKeys (ConfUtils.java:logGet(44)) - raft.server.leaderelection.leader.step-down.wait-time = 10s (default)
2021-07-20 20:05:17,775 [Listener at 127.0.0.1/46215] INFO  server.RaftServerConfigKeys (ConfUtils.java:logGet(44)) - raft.server.storage.dir = [/home/runner/work/ozone/ozone/mnt/ozone/hadoop-ozone/integration-test/target/test-dir/MiniOzoneClusterImpl-f5a46b5f-7322-4bfd-b1a2-40e9a3ca233c/datanode-2/data/ratis] (custom)
2021-07-20 20:05:17,777 [Listener at 127.0.0.1/46215] INFO  http.BaseHttpServer (BaseHttpServer.java:newHttpServer2BuilderForOzone(209)) - Starting Web-server for hddsDatanode at: http://0.0.0.0:0
2021-07-20 20:05:17,777 [Listener at 127.0.0.1/46215] INFO  http.BaseHttpServer (BaseHttpServer.java:<init>(107)) - Hadoop Security Enabled: false Ozone Security Enabled: false Ozone HTTP Security Enabled: false 
2021-07-20 20:05:17,778 [Listener at 127.0.0.1/46215] INFO  server.AuthenticationFilter (AuthenticationFilter.java:constructSecretProvider(240)) - Unable to initialize FileSignerSecretProvider, falling back to use random secrets.
2021-07-20 20:05:17,778 [Listener at 127.0.0.1/46215] WARN  http.HttpRequestLog (HttpRequestLog.java:getRequestLog(103)) - Jetty request log can only be enabled using Log4j
2021-07-20 20:05:17,779 [Listener at 127.0.0.1/46215] INFO  http.HttpServer2 (HttpServer2.java:addGlobalFilter(1020)) - Added global filter 'safety' (class=org.apache.hadoop.hdds.server.http.HttpServer2$QuotingInputFilter)
2021-07-20 20:05:17,779 [Listener at 127.0.0.1/46215] INFO  http.HttpServer2 (HttpServer2.java:addFilter(996)) - Added filter static_user_filter (class=org.apache.hadoop.http.lib.StaticUserWebFilter$StaticUserFilter) to context hddsDatanode
2021-07-20 20:05:17,779 [Listener at 127.0.0.1/46215] INFO  http.HttpServer2 (HttpServer2.java:addFilter(1004)) - Added filter static_user_filter (class=org.apache.hadoop.http.lib.StaticUserWebFilter$StaticUserFilter) to context logs
2021-07-20 20:05:17,779 [Listener at 127.0.0.1/46215] INFO  http.HttpServer2 (HttpServer2.java:addFilter(1004)) - Added filter static_user_filter (class=org.apache.hadoop.http.lib.StaticUserWebFilter$StaticUserFilter) to context static
2021-07-20 20:05:17,780 [Listener at 127.0.0.1/46215] INFO  http.HttpServer2 (HttpServer2.java:bindListener(1238)) - Jetty bound to port 43157
2021-07-20 20:05:17,780 [Listener at 127.0.0.1/46215] INFO  server.Server (Server.java:doStart(375)) - jetty-9.4.35.v20201120; built: 2020-11-20T21:17:03.964Z; git: bdc54f03a5e0a7e280fab27f55c3c75ee8da89fb; jvm 1.8.0_292-b10
2021-07-20 20:05:17,781 [Listener at 127.0.0.1/46215] INFO  server.session (DefaultSessionIdManager.java:doStart(334)) - DefaultSessionIdManager workerName=node0
2021-07-20 20:05:17,781 [Listener at 127.0.0.1/46215] INFO  server.session (DefaultSessionIdManager.java:doStart(339)) - No SessionScavenger set, using defaults
2021-07-20 20:05:17,782 [Listener at 127.0.0.1/46215] INFO  server.session (HouseKeeper.java:startScavenging(132)) - node0 Scavenging every 600000ms
2021-07-20 20:05:17,782 [Listener at 127.0.0.1/46215] INFO  handler.ContextHandler (ContextHandler.java:doStart(916)) - Started o.e.j.s.ServletContextHandler@1d4e882f{logs,/logs,file:///home/runner/work/ozone/ozone/mnt/ozone/hadoop-ozone/integration-test/target/log,AVAILABLE}
2021-07-20 20:05:17,782 [Listener at 127.0.0.1/46215] INFO  handler.ContextHandler (ContextHandler.java:doStart(916)) - Started o.e.j.s.ServletContextHandler@3631fb0{static,/static,jar:file:/home/runner/.m2/repository/org/apache/ozone/hdds-container-service/1.2.0-SNAPSHOT/hdds-container-service-1.2.0-SNAPSHOT.jar!/webapps/static,AVAILABLE}
2021-07-20 20:05:17,826 [Listener at 127.0.0.1/46215] INFO  handler.ContextHandler (ContextHandler.java:doStart(916)) - Started o.e.j.w.WebAppContext@6d665177{hddsDatanode,/,file:///tmp/jetty-0_0_0_0-43157-hdds-container-service-1_2_0-SNAPSHOT_jar-_-any-4395324220296599462/webapp/,AVAILABLE}{jar:file:/home/runner/.m2/repository/org/apache/ozone/hdds-container-service/1.2.0-SNAPSHOT/hdds-container-service-1.2.0-SNAPSHOT.jar!/webapps/hddsDatanode}
2021-07-20 20:05:17,828 [Listener at 127.0.0.1/46215] INFO  server.AbstractConnector (AbstractConnector.java:doStart(331)) - Started ServerConnector@2fee733c{HTTP/1.1, (http/1.1)}{0.0.0.0:43157}
2021-07-20 20:05:17,828 [Listener at 127.0.0.1/46215] INFO  server.Server (Server.java:doStart(415)) - Started @92578ms
2021-07-20 20:05:17,828 [Listener at 127.0.0.1/46215] WARN  impl.MetricsSystemImpl (MetricsSystemImpl.java:register(279)) - Sink prometheus already exists!
2021-07-20 20:05:17,829 [Listener at 127.0.0.1/46215] INFO  http.BaseHttpServer (BaseHttpServer.java:updateConnectorAddress(329)) - HTTP server of hddsDatanode listening at http://0.0.0.0:43157
2021-07-20 20:05:17,834 [Listener at 127.0.0.1/46215] INFO  ozone.MiniOzoneClusterImpl (MiniOzoneClusterImpl.java:lambda$waitForClusterToBeReady$0(230)) - Waiting for nodes to be ready. Got 0 of 3 DN Heartbeats.
2021-07-20 20:05:17,834 [Listener at 127.0.0.1/46215] INFO  ozone.MiniOzoneClusterImpl (MiniOzoneClusterImpl.java:lambda$waitForClusterToBeReady$0(233)) - Waiting for cluster to exit safe mode
2021-07-20 20:05:17,834 [Listener at 127.0.0.1/46215] INFO  ozone.MiniOzoneClusterImpl (MiniOzoneClusterImpl.java:lambda$waitForClusterToBeReady$0(235)) - SCM became leader
2021-07-20 20:05:17,837 [org.apache.hadoop.util.JvmPauseMonitor$Monitor@185e89f2] INFO  util.JvmPauseMonitor (JvmPauseMonitor.java:run(188)) - Starting JVM pause monitor
2021-07-20 20:05:17,839 [Datanode State Machine Task Thread - 0] INFO  datanode.InitDatanodeState (InitDatanodeState.java:persistContainerDatanodeDetails(145)) - DatanodeDetails is persisted to /home/runner/work/ozone/ozone/mnt/ozone/hadoop-ozone/integration-test/target/test-dir/MiniOzoneClusterImpl-f5a46b5f-7322-4bfd-b1a2-40e9a3ca233c/datanode-2/meta/datanode.id
2021-07-20 20:05:18,412 [om1@group-C5BA1605619E-FollowerState] INFO  impl.FollowerState (FollowerState.java:run(134)) - om1@group-C5BA1605619E-FollowerState: change to CANDIDATE, lastRpcElapsedTime:1170160536ns, electionTimeout:1169ms
2021-07-20 20:05:18,412 [om1@group-C5BA1605619E-FollowerState] INFO  impl.RoleInfo (RoleInfo.java:shutdownFollowerState(108)) - om1: shutdown om1@group-C5BA1605619E-FollowerState
2021-07-20 20:05:18,412 [om1@group-C5BA1605619E-FollowerState] INFO  server.RaftServer$Division (RaftServerImpl.java:setRole(284)) - om1@group-C5BA1605619E: changes role from  FOLLOWER to CANDIDATE at term 0 for changeToCandidate
2021-07-20 20:05:18,412 [om1@group-C5BA1605619E-FollowerState] INFO  server.RaftServerConfigKeys (ConfUtils.java:logGet(44)) - raft.server.leaderelection.pre-vote = false (custom)
2021-07-20 20:05:18,412 [om1@group-C5BA1605619E-FollowerState] INFO  impl.RoleInfo (RoleInfo.java:updateAndGet(130)) - om1: start om1@group-C5BA1605619E-LeaderElection33
2021-07-20 20:05:18,415 [om1@group-C5BA1605619E-LeaderElection33] INFO  impl.LeaderElection (LeaderElection.java:askForVotes(306)) - om1@group-C5BA1605619E-LeaderElection33 ELECTION round 0: submit vote requests at term 1 for -1: [om1|rpc:localhost:9872|priority:0], old=null
2021-07-20 20:05:18,415 [om1@group-C5BA1605619E-LeaderElection33] INFO  impl.LeaderElection (LeaderElection.java:askForVotes(308)) - om1@group-C5BA1605619E-LeaderElection33 ELECTION round 0: result PASSED (term=1)
2021-07-20 20:05:18,415 [om1@group-C5BA1605619E-LeaderElection33] INFO  impl.RoleInfo (RoleInfo.java:shutdownLeaderElection(121)) - om1: shutdown om1@group-C5BA1605619E-LeaderElection33
2021-07-20 20:05:18,415 [om1@group-C5BA1605619E-LeaderElection33] INFO  server.RaftServer$Division (RaftServerImpl.java:setRole(284)) - om1@group-C5BA1605619E: changes role from CANDIDATE to LEADER at term 1 for changeToLeader
2021-07-20 20:05:18,415 [om1@group-C5BA1605619E-LeaderElection33] INFO  server.RaftServer$Division (ServerState.java:setLeader(271)) - om1@group-C5BA1605619E: change Leader from null to om1 at term 1 for becomeLeader, leader elected after 1206ms
2021-07-20 20:05:18,415 [om1@group-C5BA1605619E-LeaderElection33] INFO  server.RaftServerConfigKeys (ConfUtils.java:logGet(44)) - raft.server.staging.catchup.gap = 1000 (default)
2021-07-20 20:05:18,415 [om1@group-C5BA1605619E-LeaderElection33] INFO  metrics.RatisMetrics (RatisMetrics.java:lambda$create$0(36)) - Creating Metrics Registry : ratis.log_appender.om1@group-C5BA1605619E
2021-07-20 20:05:18,415 [om1@group-C5BA1605619E-LeaderElection33] INFO  server.RaftServerConfigKeys (ConfUtils.java:logGet(44)) - raft.server.write.element-limit = 4096 (default)
2021-07-20 20:05:18,415 [om1@group-C5BA1605619E-LeaderElection33] INFO  server.RaftServerConfigKeys (ConfUtils.java:logGet(44)) - raft.server.write.byte-limit = 64MB (=67108864) (default)
2021-07-20 20:05:18,415 [om1@group-C5BA1605619E-LeaderElection33] INFO  server.RaftServerConfigKeys (ConfUtils.java:logGet(44)) - raft.server.watch.timeout = 10s (default)
2021-07-20 20:05:18,416 [om1@group-C5BA1605619E-LeaderElection33] INFO  server.RaftServerConfigKeys (ConfUtils.java:logGet(44)) - raft.server.watch.timeout.denomination = 1s (default)
2021-07-20 20:05:18,416 [om1@group-C5BA1605619E-LeaderElection33] INFO  server.RaftServerConfigKeys (ConfUtils.java:logGet(44)) - raft.server.watch.element-limit = 65536 (default)
2021-07-20 20:05:18,416 [om1@group-C5BA1605619E-LeaderElection33] INFO  impl.RoleInfo (RoleInfo.java:updateAndGet(130)) - om1: start om1@group-C5BA1605619E-LeaderStateImpl
2021-07-20 20:05:18,416 [om1@group-C5BA1605619E-LeaderElection33] INFO  segmented.SegmentedRaftLogWorker (SegmentedRaftLogWorker.java:startLogSegment(394)) - om1@group-C5BA1605619E-SegmentedRaftLogWorker: Starting segment from index:0
2021-07-20 20:05:18,425 [om1@group-C5BA1605619E-SegmentedRaftLogWorker] INFO  segmented.SegmentedRaftLogWorker (SegmentedRaftLogWorker.java:execute(601)) - om1@group-C5BA1605619E-SegmentedRaftLogWorker: created new log segment /home/runner/work/ozone/ozone/mnt/ozone/hadoop-ozone/integration-test/target/test-dir/MiniOzoneClusterImpl-f5a46b5f-7322-4bfd-b1a2-40e9a3ca233c/ozone-meta/ratis/bf265839-605b-3f16-9796-c5ba1605619e/current/log_inprogress_0
2021-07-20 20:05:18,425 [om1@group-C5BA1605619E-LeaderElection33] INFO  server.RaftServer$Division (ServerState.java:setRaftConf(373)) - om1@group-C5BA1605619E: set configuration 0: [om1|rpc:localhost:9872|admin:|client:|dataStream:|priority:0], old=null
2021-07-20 20:05:18,834 [Listener at 127.0.0.1/46215] INFO  ozone.MiniOzoneClusterImpl (MiniOzoneClusterImpl.java:lambda$waitForClusterToBeReady$0(230)) - Waiting for nodes to be ready. Got 0 of 3 DN Heartbeats.
2021-07-20 20:05:18,834 [Listener at 127.0.0.1/46215] INFO  ozone.MiniOzoneClusterImpl (MiniOzoneClusterImpl.java:lambda$waitForClusterToBeReady$0(233)) - Waiting for cluster to exit safe mode
2021-07-20 20:05:18,834 [Listener at 127.0.0.1/46215] INFO  ozone.MiniOzoneClusterImpl (MiniOzoneClusterImpl.java:lambda$waitForClusterToBeReady$0(235)) - SCM became leader
2021-07-20 20:05:19,492 [EndpointStateMachine task thread for /0.0.0.0:34229 - 0 ] INFO  ozoneimpl.OzoneContainer (OzoneContainer.java:start(305)) - Attempting to start container services.
2021-07-20 20:05:19,493 [EndpointStateMachine task thread for /0.0.0.0:34229 - 0 ] INFO  ozoneimpl.OzoneContainer (OzoneContainer.java:startContainerScrub(250)) - Background container scanner has been disabled.
2021-07-20 20:05:19,493 [EndpointStateMachine task thread for /0.0.0.0:34229 - 0 ] INFO  replication.ReplicationServer (ReplicationServer.java:start(106)) - ReplicationServer is started using port 46277
2021-07-20 20:05:19,494 [EndpointStateMachine task thread for /0.0.0.0:34229 - 0 ] INFO  ratis.XceiverServerRatis (XceiverServerRatis.java:start(478)) - Starting XceiverServerRatis ce149992-b5f4-48b7-837d-3c28b0a5cca8
2021-07-20 20:05:19,494 [EndpointStateMachine task thread for /0.0.0.0:34229 - 0 ] INFO  server.RaftServer (RaftServerProxy.java:lambda$start$5(374)) - ce149992-b5f4-48b7-837d-3c28b0a5cca8: start RPC server
2021-07-20 20:05:19,494 [EndpointStateMachine task thread for /0.0.0.0:34229 - 0 ] INFO  server.GrpcService (GrpcService.java:startImpl(253)) - ce149992-b5f4-48b7-837d-3c28b0a5cca8: GrpcService started, listening on 37697
2021-07-20 20:05:19,495 [EndpointStateMachine task thread for /0.0.0.0:34229 - 0 ] INFO  ratis.XceiverServerRatis (XceiverServerRatis.java:getRealPort(499)) - XceiverServerRatis ce149992-b5f4-48b7-837d-3c28b0a5cca8 is started using port 37697 for RATIS
2021-07-20 20:05:19,495 [org.apache.ratis.util.JvmPauseMonitor$$Lambda$525/626539760@60787c65] INFO  util.JvmPauseMonitor (JvmPauseMonitor.java:run(103)) - JvmPauseMonitor-ce149992-b5f4-48b7-837d-3c28b0a5cca8: Started
2021-07-20 20:05:19,495 [EndpointStateMachine task thread for /0.0.0.0:34229 - 0 ] INFO  ratis.XceiverServerRatis (XceiverServerRatis.java:getRealPort(499)) - XceiverServerRatis ce149992-b5f4-48b7-837d-3c28b0a5cca8 is started using port 37697 for RATIS_ADMIN
2021-07-20 20:05:19,495 [EndpointStateMachine task thread for /0.0.0.0:34229 - 0 ] INFO  ratis.XceiverServerRatis (XceiverServerRatis.java:getRealPort(499)) - XceiverServerRatis ce149992-b5f4-48b7-837d-3c28b0a5cca8 is started using port 37697 for RATIS_SERVER
2021-07-20 20:05:19,495 [EndpointStateMachine task thread for /0.0.0.0:34229 - 0 ] INFO  server.XceiverServerGrpc (XceiverServerGrpc.java:start(135)) - XceiverServerGrpc ce149992-b5f4-48b7-837d-3c28b0a5cca8 is started using port 40793
2021-07-20 20:05:19,654 [EndpointStateMachine task thread for /0.0.0.0:34229 - 0 ] INFO  ozoneimpl.OzoneContainer (OzoneContainer.java:start(305)) - Attempting to start container services.
2021-07-20 20:05:19,654 [EndpointStateMachine task thread for /0.0.0.0:34229 - 0 ] INFO  ozoneimpl.OzoneContainer (OzoneContainer.java:startContainerScrub(250)) - Background container scanner has been disabled.
2021-07-20 20:05:19,655 [EndpointStateMachine task thread for /0.0.0.0:34229 - 0 ] INFO  replication.ReplicationServer (ReplicationServer.java:start(106)) - ReplicationServer is started using port 44147
2021-07-20 20:05:19,656 [EndpointStateMachine task thread for /0.0.0.0:34229 - 0 ] INFO  ratis.XceiverServerRatis (XceiverServerRatis.java:start(478)) - Starting XceiverServerRatis 04ab6d70-ea45-4448-8301-2ff63aaf71dc
2021-07-20 20:05:19,656 [EndpointStateMachine task thread for /0.0.0.0:34229 - 0 ] INFO  server.RaftServer (RaftServerProxy.java:lambda$start$5(374)) - 04ab6d70-ea45-4448-8301-2ff63aaf71dc: start RPC server
2021-07-20 20:05:19,657 [EndpointStateMachine task thread for /0.0.0.0:34229 - 0 ] INFO  server.GrpcService (GrpcService.java:startImpl(253)) - 04ab6d70-ea45-4448-8301-2ff63aaf71dc: GrpcService started, listening on 37589
2021-07-20 20:05:19,657 [EndpointStateMachine task thread for /0.0.0.0:34229 - 0 ] INFO  ratis.XceiverServerRatis (XceiverServerRatis.java:getRealPort(499)) - XceiverServerRatis 04ab6d70-ea45-4448-8301-2ff63aaf71dc is started using port 37589 for RATIS
2021-07-20 20:05:19,657 [org.apache.ratis.util.JvmPauseMonitor$$Lambda$525/626539760@5078f73e] INFO  util.JvmPauseMonitor (JvmPauseMonitor.java:run(103)) - JvmPauseMonitor-04ab6d70-ea45-4448-8301-2ff63aaf71dc: Started
2021-07-20 20:05:19,657 [EndpointStateMachine task thread for /0.0.0.0:34229 - 0 ] INFO  ratis.XceiverServerRatis (XceiverServerRatis.java:getRealPort(499)) - XceiverServerRatis 04ab6d70-ea45-4448-8301-2ff63aaf71dc is started using port 37589 for RATIS_ADMIN
2021-07-20 20:05:19,657 [EndpointStateMachine task thread for /0.0.0.0:34229 - 0 ] INFO  ratis.XceiverServerRatis (XceiverServerRatis.java:getRealPort(499)) - XceiverServerRatis 04ab6d70-ea45-4448-8301-2ff63aaf71dc is started using port 37589 for RATIS_SERVER
2021-07-20 20:05:19,657 [EndpointStateMachine task thread for /0.0.0.0:34229 - 0 ] INFO  server.XceiverServerGrpc (XceiverServerGrpc.java:start(135)) - XceiverServerGrpc 04ab6d70-ea45-4448-8301-2ff63aaf71dc is started using port 33115
2021-07-20 20:05:19,835 [Listener at 127.0.0.1/46215] INFO  ozone.MiniOzoneClusterImpl (MiniOzoneClusterImpl.java:lambda$waitForClusterToBeReady$0(230)) - Waiting for nodes to be ready. Got 0 of 3 DN Heartbeats.
2021-07-20 20:05:19,835 [Listener at 127.0.0.1/46215] INFO  ozone.MiniOzoneClusterImpl (MiniOzoneClusterImpl.java:lambda$waitForClusterToBeReady$0(233)) - Waiting for cluster to exit safe mode
2021-07-20 20:05:19,835 [Listener at 127.0.0.1/46215] INFO  ozone.MiniOzoneClusterImpl (MiniOzoneClusterImpl.java:lambda$waitForClusterToBeReady$0(235)) - SCM became leader
2021-07-20 20:05:19,841 [EndpointStateMachine task thread for /0.0.0.0:34229 - 0 ] INFO  ozoneimpl.OzoneContainer (OzoneContainer.java:start(305)) - Attempting to start container services.
2021-07-20 20:05:19,841 [EndpointStateMachine task thread for /0.0.0.0:34229 - 0 ] INFO  ozoneimpl.OzoneContainer (OzoneContainer.java:startContainerScrub(250)) - Background container scanner has been disabled.
2021-07-20 20:05:19,842 [EndpointStateMachine task thread for /0.0.0.0:34229 - 0 ] INFO  replication.ReplicationServer (ReplicationServer.java:start(106)) - ReplicationServer is started using port 45485
2021-07-20 20:05:19,843 [EndpointStateMachine task thread for /0.0.0.0:34229 - 0 ] INFO  ratis.XceiverServerRatis (XceiverServerRatis.java:start(478)) - Starting XceiverServerRatis c2070e46-2fb8-4865-9842-aaf28229b296
2021-07-20 20:05:19,844 [EndpointStateMachine task thread for /0.0.0.0:34229 - 0 ] INFO  server.RaftServer (RaftServerProxy.java:lambda$start$5(374)) - c2070e46-2fb8-4865-9842-aaf28229b296: start RPC server
2021-07-20 20:05:19,845 [EndpointStateMachine task thread for /0.0.0.0:34229 - 0 ] INFO  server.GrpcService (GrpcService.java:startImpl(253)) - c2070e46-2fb8-4865-9842-aaf28229b296: GrpcService started, listening on 37735
2021-07-20 20:05:19,845 [EndpointStateMachine task thread for /0.0.0.0:34229 - 0 ] INFO  ratis.XceiverServerRatis (XceiverServerRatis.java:getRealPort(499)) - XceiverServerRatis c2070e46-2fb8-4865-9842-aaf28229b296 is started using port 37735 for RATIS
2021-07-20 20:05:19,845 [EndpointStateMachine task thread for /0.0.0.0:34229 - 0 ] INFO  ratis.XceiverServerRatis (XceiverServerRatis.java:getRealPort(499)) - XceiverServerRatis c2070e46-2fb8-4865-9842-aaf28229b296 is started using port 37735 for RATIS_ADMIN
2021-07-20 20:05:19,845 [EndpointStateMachine task thread for /0.0.0.0:34229 - 0 ] INFO  ratis.XceiverServerRatis (XceiverServerRatis.java:getRealPort(499)) - XceiverServerRatis c2070e46-2fb8-4865-9842-aaf28229b296 is started using port 37735 for RATIS_SERVER
2021-07-20 20:05:19,845 [org.apache.ratis.util.JvmPauseMonitor$$Lambda$525/626539760@5109fe1b] INFO  util.JvmPauseMonitor (JvmPauseMonitor.java:run(103)) - JvmPauseMonitor-c2070e46-2fb8-4865-9842-aaf28229b296: Started
2021-07-20 20:05:19,846 [EndpointStateMachine task thread for /0.0.0.0:34229 - 0 ] INFO  server.XceiverServerGrpc (XceiverServerGrpc.java:start(135)) - XceiverServerGrpc c2070e46-2fb8-4865-9842-aaf28229b296 is started using port 35233
2021-07-20 20:05:20,835 [Listener at 127.0.0.1/46215] INFO  ozone.MiniOzoneClusterImpl (MiniOzoneClusterImpl.java:lambda$waitForClusterToBeReady$0(230)) - Waiting for nodes to be ready. Got 0 of 3 DN Heartbeats.
2021-07-20 20:05:20,835 [Listener at 127.0.0.1/46215] INFO  ozone.MiniOzoneClusterImpl (MiniOzoneClusterImpl.java:lambda$waitForClusterToBeReady$0(233)) - Waiting for cluster to exit safe mode
2021-07-20 20:05:20,835 [Listener at 127.0.0.1/46215] INFO  ozone.MiniOzoneClusterImpl (MiniOzoneClusterImpl.java:lambda$waitForClusterToBeReady$0(235)) - SCM became leader
2021-07-20 20:05:21,488 [IPC Server handler 0 on default port 34229] INFO  net.NetworkTopologyImpl (NetworkTopologyImpl.java:add(112)) - Added a new node: /default-rack/ce149992-b5f4-48b7-837d-3c28b0a5cca8
2021-07-20 20:05:21,488 [IPC Server handler 0 on default port 34229] INFO  node.SCMNodeManager (SCMNodeManager.java:register(386)) - Registered Data node : ce149992-b5f4-48b7-837d-3c28b0a5cca8{ip: 10.1.0.85, host: fv-az148-341.bm4ck3pvxvsene1rjriu5fhcdb.bx.internal.cloudapp.net, ports: [REPLICATION=46277, RATIS=37697, RATIS_ADMIN=37697, RATIS_SERVER=37697, STANDALONE=40793], networkLocation: /default-rack, certSerialId: null, persistedOpState: null, persistedOpStateExpiryEpochSec: 0}
2021-07-20 20:05:21,490 [EventQueue-NewNodeForNewNodeHandler] INFO  pipeline.BackgroundPipelineCreator (BackgroundPipelineCreatorV2.java:notifyEventTriggered(285)) - trigger a one-shot run on RatisPipelineUtilsThread.
2021-07-20 20:05:21,491 [RatisPipelineUtilsThread - 0] INFO  pipeline.RatisPipelineProvider (RatisPipelineProvider.java:lambda$create$0(183)) - Sending CreatePipelineCommand for pipeline:PipelineID=e8b47204-3500-4ad8-a322-e2d5270dbeea to datanode:ce149992-b5f4-48b7-837d-3c28b0a5cca8
2021-07-20 20:05:21,491 [EventQueue-NodeRegistrationContainerReportForContainerSafeModeRule] INFO  safemode.SCMSafeModeManager (SCMSafeModeManager.java:validateSafeModeExitRules(204)) - ContainerSafeModeRule rule is successfully validated
2021-07-20 20:05:21,492 [RatisPipelineUtilsThread - 0] INFO  pipeline.PipelineStateManager (PipelineStateManagerV2Impl.java:addPipeline(101)) - Created pipeline Pipeline[ Id: e8b47204-3500-4ad8-a322-e2d5270dbeea, Nodes: ce149992-b5f4-48b7-837d-3c28b0a5cca8{ip: 10.1.0.85, host: fv-az148-341.bm4ck3pvxvsene1rjriu5fhcdb.bx.internal.cloudapp.net, ports: [REPLICATION=46277, RATIS=37697, RATIS_ADMIN=37697, RATIS_SERVER=37697, STANDALONE=40793], networkLocation: /default-rack, certSerialId: null, persistedOpState: IN_SERVICE, persistedOpStateExpiryEpochSec: 0}, ReplicationConfig: RATIS/ONE, State:ALLOCATED, leaderId:, CreationTimestamp2021-07-20T20:05:21.491Z[Etc/UTC]].
2021-07-20 20:05:21,492 [EventQueue-NodeRegistrationContainerReportForDataNodeSafeModeRule] INFO  safemode.SCMSafeModeManager (DataNodeSafeModeRule.java:process(71)) - SCM in safe mode. 1 DataNodes registered, 3 required.
2021-07-20 20:05:21,495 [EventQueue-PipelineReportForOneReplicaPipelineSafeModeRule] INFO  safemode.SCMSafeModeManager (SCMSafeModeManager.java:validateSafeModeExitRules(204)) - AtleastOneDatanodeReportedRule rule is successfully validated
2021-07-20 20:05:21,649 [IPC Server handler 1 on default port 34229] INFO  net.NetworkTopologyImpl (NetworkTopologyImpl.java:add(112)) - Added a new node: /default-rack/04ab6d70-ea45-4448-8301-2ff63aaf71dc
2021-07-20 20:05:21,649 [IPC Server handler 1 on default port 34229] INFO  node.SCMNodeManager (SCMNodeManager.java:register(386)) - Registered Data node : 04ab6d70-ea45-4448-8301-2ff63aaf71dc{ip: 10.1.0.85, host: fv-az148-341.bm4ck3pvxvsene1rjriu5fhcdb.bx.internal.cloudapp.net, ports: [REPLICATION=44147, RATIS=37589, RATIS_ADMIN=37589, RATIS_SERVER=37589, STANDALONE=33115], networkLocation: /default-rack, certSerialId: null, persistedOpState: null, persistedOpStateExpiryEpochSec: 0}
2021-07-20 20:05:21,650 [EventQueue-NewNodeForNewNodeHandler] INFO  pipeline.BackgroundPipelineCreator (BackgroundPipelineCreatorV2.java:notifyEventTriggered(285)) - trigger a one-shot run on RatisPipelineUtilsThread.
2021-07-20 20:05:21,651 [EventQueue-NodeRegistrationContainerReportForDataNodeSafeModeRule] INFO  safemode.SCMSafeModeManager (DataNodeSafeModeRule.java:process(71)) - SCM in safe mode. 2 DataNodes registered, 3 required.
2021-07-20 20:05:21,651 [RatisPipelineUtilsThread - 0] INFO  pipeline.RatisPipelineProvider (RatisPipelineProvider.java:lambda$create$0(183)) - Sending CreatePipelineCommand for pipeline:PipelineID=ac19465d-4702-4dee-833b-d7c0fe1b3bf3 to datanode:04ab6d70-ea45-4448-8301-2ff63aaf71dc
2021-07-20 20:05:21,651 [RatisPipelineUtilsThread - 0] INFO  pipeline.PipelineStateManager (PipelineStateManagerV2Impl.java:addPipeline(101)) - Created pipeline Pipeline[ Id: ac19465d-4702-4dee-833b-d7c0fe1b3bf3, Nodes: 04ab6d70-ea45-4448-8301-2ff63aaf71dc{ip: 10.1.0.85, host: fv-az148-341.bm4ck3pvxvsene1rjriu5fhcdb.bx.internal.cloudapp.net, ports: [REPLICATION=44147, RATIS=37589, RATIS_ADMIN=37589, RATIS_SERVER=37589, STANDALONE=33115], networkLocation: /default-rack, certSerialId: null, persistedOpState: IN_SERVICE, persistedOpStateExpiryEpochSec: 0}, ReplicationConfig: RATIS/ONE, State:ALLOCATED, leaderId:, CreationTimestamp2021-07-20T20:05:21.651Z[Etc/UTC]].
2021-07-20 20:05:21,836 [Listener at 127.0.0.1/46215] INFO  ozone.MiniOzoneClusterImpl (MiniOzoneClusterImpl.java:lambda$waitForClusterToBeReady$0(230)) - Waiting for nodes to be ready. Got 2 of 3 DN Heartbeats.
2021-07-20 20:05:21,836 [Listener at 127.0.0.1/46215] INFO  ozone.MiniOzoneClusterImpl (MiniOzoneClusterImpl.java:lambda$waitForClusterToBeReady$0(233)) - Waiting for cluster to exit safe mode
2021-07-20 20:05:21,836 [Listener at 127.0.0.1/46215] INFO  ozone.MiniOzoneClusterImpl (MiniOzoneClusterImpl.java:lambda$waitForClusterToBeReady$0(235)) - SCM became leader
2021-07-20 20:05:21,838 [IPC Server handler 2 on default port 34229] INFO  net.NetworkTopologyImpl (NetworkTopologyImpl.java:add(112)) - Added a new node: /default-rack/c2070e46-2fb8-4865-9842-aaf28229b296
2021-07-20 20:05:21,838 [IPC Server handler 2 on default port 34229] INFO  node.SCMNodeManager (SCMNodeManager.java:register(386)) - Registered Data node : c2070e46-2fb8-4865-9842-aaf28229b296{ip: 10.1.0.85, host: fv-az148-341.bm4ck3pvxvsene1rjriu5fhcdb.bx.internal.cloudapp.net, ports: [REPLICATION=45485, RATIS=37735, RATIS_ADMIN=37735, RATIS_SERVER=37735, STANDALONE=35233], networkLocation: /default-rack, certSerialId: null, persistedOpState: null, persistedOpStateExpiryEpochSec: 0}
2021-07-20 20:05:21,839 [EventQueue-NewNodeForNewNodeHandler] INFO  pipeline.BackgroundPipelineCreator (BackgroundPipelineCreatorV2.java:notifyEventTriggered(285)) - trigger a one-shot run on RatisPipelineUtilsThread.
2021-07-20 20:05:21,839 [RatisPipelineUtilsThread - 0] INFO  pipeline.RatisPipelineProvider (RatisPipelineProvider.java:lambda$create$0(183)) - Sending CreatePipelineCommand for pipeline:PipelineID=d19d5926-55c2-45aa-96cb-edffca5f43e8 to datanode:c2070e46-2fb8-4865-9842-aaf28229b296
2021-07-20 20:05:21,839 [EventQueue-NodeRegistrationContainerReportForDataNodeSafeModeRule] INFO  safemode.SCMSafeModeManager (DataNodeSafeModeRule.java:process(71)) - SCM in safe mode. 3 DataNodes registered, 3 required.
2021-07-20 20:05:21,839 [EventQueue-NodeRegistrationContainerReportForDataNodeSafeModeRule] INFO  safemode.SCMSafeModeManager (SCMSafeModeManager.java:validateSafeModeExitRules(204)) - DataNodeSafeModeRule rule is successfully validated
2021-07-20 20:05:21,840 [EventQueue-NodeRegistrationContainerReportForDataNodeSafeModeRule] INFO  safemode.SCMSafeModeManager (SCMSafeModeManager.java:completePreCheck(233)) - All SCM safe mode pre check rules have passed
2021-07-20 20:05:21,840 [RatisPipelineUtilsThread - 0] INFO  pipeline.PipelineStateManager (PipelineStateManagerV2Impl.java:addPipeline(101)) - Created pipeline Pipeline[ Id: d19d5926-55c2-45aa-96cb-edffca5f43e8, Nodes: c2070e46-2fb8-4865-9842-aaf28229b296{ip: 10.1.0.85, host: fv-az148-341.bm4ck3pvxvsene1rjriu5fhcdb.bx.internal.cloudapp.net, ports: [REPLICATION=45485, RATIS=37735, RATIS_ADMIN=37735, RATIS_SERVER=37735, STANDALONE=35233], networkLocation: /default-rack, certSerialId: null, persistedOpState: IN_SERVICE, persistedOpStateExpiryEpochSec: 0}, ReplicationConfig: RATIS/ONE, State:ALLOCATED, leaderId:, CreationTimestamp2021-07-20T20:05:21.839Z[Etc/UTC]].
2021-07-20 20:05:21,840 [EventQueue-NodeRegistrationContainerReportForDataNodeSafeModeRule] WARN  events.EventQueue (EventQueue.java:fireEvent(194)) - No event handler registered for event TypedEvent{payloadType=SafeModeStatus, name='Safe mode status'}
2021-07-20 20:05:21,840 [EventQueue-NodeRegistrationContainerReportForDataNodeSafeModeRule] INFO  ha.SCMContext (SCMContext.java:updateSafeModeStatus(205)) - Update SafeModeStatus from SafeModeStatus{safeModeStatus=true, preCheckPassed=false} to SafeModeStatus{safeModeStatus=true, preCheckPassed=true}.
2021-07-20 20:05:21,840 [EventQueue-NodeRegistrationContainerReportForDataNodeSafeModeRule] INFO  pipeline.BackgroundPipelineCreator (BackgroundPipelineCreatorV2.java:notifyEventTriggered(285)) - trigger a one-shot run on RatisPipelineUtilsThread.
2021-07-20 20:05:21,841 [RatisPipelineUtilsThread - 0] INFO  pipeline.RatisPipelineProvider (RatisPipelineProvider.java:lambda$create$0(183)) - Sending CreatePipelineCommand for pipeline:PipelineID=70eb5b07-2880-4fcf-8b06-c45bc7f5ae9e to datanode:ce149992-b5f4-48b7-837d-3c28b0a5cca8
2021-07-20 20:05:21,841 [RatisPipelineUtilsThread - 0] INFO  pipeline.RatisPipelineProvider (RatisPipelineProvider.java:lambda$create$0(183)) - Sending CreatePipelineCommand for pipeline:PipelineID=70eb5b07-2880-4fcf-8b06-c45bc7f5ae9e to datanode:c2070e46-2fb8-4865-9842-aaf28229b296
2021-07-20 20:05:21,841 [RatisPipelineUtilsThread - 0] INFO  pipeline.RatisPipelineProvider (RatisPipelineProvider.java:lambda$create$0(183)) - Sending CreatePipelineCommand for pipeline:PipelineID=70eb5b07-2880-4fcf-8b06-c45bc7f5ae9e to datanode:04ab6d70-ea45-4448-8301-2ff63aaf71dc
2021-07-20 20:05:21,841 [RatisPipelineUtilsThread - 0] INFO  pipeline.PipelineStateManager (PipelineStateManagerV2Impl.java:addPipeline(101)) - Created pipeline Pipeline[ Id: 70eb5b07-2880-4fcf-8b06-c45bc7f5ae9e, Nodes: ce149992-b5f4-48b7-837d-3c28b0a5cca8{ip: 10.1.0.85, host: fv-az148-341.bm4ck3pvxvsene1rjriu5fhcdb.bx.internal.cloudapp.net, ports: [REPLICATION=46277, RATIS=37697, RATIS_ADMIN=37697, RATIS_SERVER=37697, STANDALONE=40793], networkLocation: /default-rack, certSerialId: null, persistedOpState: IN_SERVICE, persistedOpStateExpiryEpochSec: 0}c2070e46-2fb8-4865-9842-aaf28229b296{ip: 10.1.0.85, host: fv-az148-341.bm4ck3pvxvsene1rjriu5fhcdb.bx.internal.cloudapp.net, ports: [REPLICATION=45485, RATIS=37735, RATIS_ADMIN=37735, RATIS_SERVER=37735, STANDALONE=35233], networkLocation: /default-rack, certSerialId: null, persistedOpState: IN_SERVICE, persistedOpStateExpiryEpochSec: 0}04ab6d70-ea45-4448-8301-2ff63aaf71dc{ip: 10.1.0.85, host: fv-az148-341.bm4ck3pvxvsene1rjriu5fhcdb.bx.internal.cloudapp.net, ports: [REPLICATION=44147, RATIS=37589, RATIS_ADMIN=37589, RATIS_SERVER=37589, STANDALONE=33115], networkLocation: /default-rack, certSerialId: null, persistedOpState: IN_SERVICE, persistedOpStateExpiryEpochSec: 0}, ReplicationConfig: RATIS/THREE, State:ALLOCATED, leaderId:, CreationTimestamp2021-07-20T20:05:21.841Z[Etc/UTC]].
2021-07-20 20:05:21,842 [RatisPipelineUtilsThread - 0] INFO  pipeline.RatisPipelineProvider (RatisPipelineProvider.java:lambda$create$0(183)) - Sending CreatePipelineCommand for pipeline:PipelineID=72dfc6c6-6dc3-40a5-af1b-b87a76f5a1eb to datanode:c2070e46-2fb8-4865-9842-aaf28229b296
2021-07-20 20:05:21,842 [RatisPipelineUtilsThread - 0] INFO  pipeline.RatisPipelineProvider (RatisPipelineProvider.java:lambda$create$0(183)) - Sending CreatePipelineCommand for pipeline:PipelineID=72dfc6c6-6dc3-40a5-af1b-b87a76f5a1eb to datanode:04ab6d70-ea45-4448-8301-2ff63aaf71dc
2021-07-20 20:05:21,842 [RatisPipelineUtilsThread - 0] INFO  pipeline.RatisPipelineProvider (RatisPipelineProvider.java:lambda$create$0(183)) - Sending CreatePipelineCommand for pipeline:PipelineID=72dfc6c6-6dc3-40a5-af1b-b87a76f5a1eb to datanode:ce149992-b5f4-48b7-837d-3c28b0a5cca8
2021-07-20 20:05:21,842 [RatisPipelineUtilsThread - 0] INFO  pipeline.PipelineStateManager (PipelineStateManagerV2Impl.java:addPipeline(101)) - Created pipeline Pipeline[ Id: 72dfc6c6-6dc3-40a5-af1b-b87a76f5a1eb, Nodes: c2070e46-2fb8-4865-9842-aaf28229b296{ip: 10.1.0.85, host: fv-az148-341.bm4ck3pvxvsene1rjriu5fhcdb.bx.internal.cloudapp.net, ports: [REPLICATION=45485, RATIS=37735, RATIS_ADMIN=37735, RATIS_SERVER=37735, STANDALONE=35233], networkLocation: /default-rack, certSerialId: null, persistedOpState: IN_SERVICE, persistedOpStateExpiryEpochSec: 0}04ab6d70-ea45-4448-8301-2ff63aaf71dc{ip: 10.1.0.85, host: fv-az148-341.bm4ck3pvxvsene1rjriu5fhcdb.bx.internal.cloudapp.net, ports: [REPLICATION=44147, RATIS=37589, RATIS_ADMIN=37589, RATIS_SERVER=37589, STANDALONE=33115], networkLocation: /default-rack, certSerialId: null, persistedOpState: IN_SERVICE, persistedOpStateExpiryEpochSec: 0}ce149992-b5f4-48b7-837d-3c28b0a5cca8{ip: 10.1.0.85, host: fv-az148-341.bm4ck3pvxvsene1rjriu5fhcdb.bx.internal.cloudapp.net, ports: [REPLICATION=46277, RATIS=37697, RATIS_ADMIN=37697, RATIS_SERVER=37697, STANDALONE=40793], networkLocation: /default-rack, certSerialId: null, persistedOpState: IN_SERVICE, persistedOpStateExpiryEpochSec: 0}, ReplicationConfig: RATIS/THREE, State:ALLOCATED, leaderId:, CreationTimestamp2021-07-20T20:05:21.842Z[Etc/UTC]].
2021-07-20 20:05:21,843 [RatisPipelineUtilsThread - 0] INFO  pipeline.PipelineManagerV2Impl (PipelineManagerV2Impl.java:recordMetricsForPipeline(614)) - Pipeline: PipelineID=72dfc6c6-6dc3-40a5-af1b-b87a76f5a1eb contains same datanodes as previous pipelines: PipelineID=70eb5b07-2880-4fcf-8b06-c45bc7f5ae9e nodeIds: c2070e46-2fb8-4865-9842-aaf28229b296, 04ab6d70-ea45-4448-8301-2ff63aaf71dc, ce149992-b5f4-48b7-837d-3c28b0a5cca8
2021-07-20 20:05:22,836 [Listener at 127.0.0.1/46215] INFO  ozone.MiniOzoneClusterImpl (MiniOzoneClusterImpl.java:lambda$waitForClusterToBeReady$0(230)) - Nodes are ready. Got 3 of 3 DN Heartbeats.
2021-07-20 20:05:22,836 [Listener at 127.0.0.1/46215] INFO  ozone.MiniOzoneClusterImpl (MiniOzoneClusterImpl.java:lambda$waitForClusterToBeReady$0(233)) - Waiting for cluster to exit safe mode
2021-07-20 20:05:22,836 [Listener at 127.0.0.1/46215] INFO  ozone.MiniOzoneClusterImpl (MiniOzoneClusterImpl.java:lambda$waitForClusterToBeReady$0(235)) - SCM became leader
2021-07-20 20:05:23,836 [Listener at 127.0.0.1/46215] INFO  ozone.MiniOzoneClusterImpl (MiniOzoneClusterImpl.java:lambda$waitForClusterToBeReady$0(230)) - Nodes are ready. Got 3 of 3 DN Heartbeats.
2021-07-20 20:05:23,837 [Listener at 127.0.0.1/46215] INFO  ozone.MiniOzoneClusterImpl (MiniOzoneClusterImpl.java:lambda$waitForClusterToBeReady$0(233)) - Waiting for cluster to exit safe mode
2021-07-20 20:05:23,837 [Listener at 127.0.0.1/46215] INFO  ozone.MiniOzoneClusterImpl (MiniOzoneClusterImpl.java:lambda$waitForClusterToBeReady$0(235)) - SCM became leader
2021-07-20 20:05:24,488 [Command processor thread] INFO  server.RaftServer (RaftServerProxy.java:addNew(95)) - ce149992-b5f4-48b7-837d-3c28b0a5cca8: addNew group-E2D5270DBEEA:[ce149992-b5f4-48b7-837d-3c28b0a5cca8|rpc:10.1.0.85:37697|priority:1] returns group-E2D5270DBEEA:java.util.concurrent.CompletableFuture@2310c76f[Not completed]
2021-07-20 20:05:24,490 [pool-355-thread-1] INFO  server.RaftServer$Division (RaftServerImpl.java:<init>(180)) - ce149992-b5f4-48b7-837d-3c28b0a5cca8: new RaftServerImpl for group-E2D5270DBEEA:[ce149992-b5f4-48b7-837d-3c28b0a5cca8|rpc:10.1.0.85:37697|priority:1] with ContainerStateMachine:uninitialized
2021-07-20 20:05:24,490 [pool-355-thread-1] INFO  server.RaftServerConfigKeys (ConfUtils.java:logGet(44)) - raft.server.rpc.timeout.min = 5s (custom)
2021-07-20 20:05:24,490 [pool-355-thread-1] INFO  server.RaftServerConfigKeys (ConfUtils.java:logGet(44)) - raft.server.rpc.timeout.max = 5200ms (custom)
2021-07-20 20:05:24,490 [pool-355-thread-1] INFO  server.RaftServerConfigKeys (ConfUtils.java:logGet(44)) - raft.server.rpc.sleep.time = 25ms (default)
2021-07-20 20:05:24,490 [pool-355-thread-1] INFO  server.RaftServerConfigKeys (ConfUtils.java:logGet(44)) - raft.server.rpc.slowness.timeout = 300s (custom)
2021-07-20 20:05:24,490 [pool-355-thread-1] INFO  server.RaftServerConfigKeys (ConfUtils.java:logGet(44)) - raft.server.leaderelection.leader.step-down.wait-time = 10s (default)
2021-07-20 20:05:24,490 [pool-355-thread-1] INFO  server.RaftServerConfigKeys (ConfUtils.java:logGet(44)) - raft.server.sleep.deviation.threshold = 300ms (default)
2021-07-20 20:05:24,490 [pool-355-thread-1] INFO  server.RaftServerConfigKeys (ConfUtils.java:logGet(44)) - raft.server.log.appender.install.snapshot.enabled = false (custom)
2021-07-20 20:05:24,490 [pool-355-thread-1] INFO  server.RaftServer$Division (ServerState.java:<init>(105)) - ce149992-b5f4-48b7-837d-3c28b0a5cca8@group-E2D5270DBEEA: ConfigurationManager, init=-1: [ce149992-b5f4-48b7-837d-3c28b0a5cca8|rpc:10.1.0.85:37697|priority:1], old=null, confs=<EMPTY_MAP>
2021-07-20 20:05:24,490 [pool-355-thread-1] INFO  server.RaftServerConfigKeys (ConfUtils.java:logGet(44)) - raft.server.storage.dir = [/home/runner/work/ozone/ozone/mnt/ozone/hadoop-ozone/integration-test/target/test-dir/MiniOzoneClusterImpl-f5a46b5f-7322-4bfd-b1a2-40e9a3ca233c/datanode-0/data/ratis] (custom)
2021-07-20 20:05:24,490 [pool-355-thread-1] INFO  server.RaftServerConfigKeys (ConfUtils.java:logGet(44)) - raft.server.log.corruption.policy = EXCEPTION (default)
2021-07-20 20:05:24,491 [pool-355-thread-1] INFO  storage.RaftStorageDirectory (RaftStorageDirectoryImpl.java:analyzeStorage(132)) - The storage directory /home/runner/work/ozone/ozone/mnt/ozone/hadoop-ozone/integration-test/target/test-dir/MiniOzoneClusterImpl-f5a46b5f-7322-4bfd-b1a2-40e9a3ca233c/datanode-0/data/ratis/e8b47204-3500-4ad8-a322-e2d5270dbeea does not exist. Creating ...
2021-07-20 20:05:24,491 [pool-355-thread-1] INFO  storage.RaftStorageDirectory (RaftStorageDirectoryImpl.java:tryLock(215)) - Lock on /home/runner/work/ozone/ozone/mnt/ozone/hadoop-ozone/integration-test/target/test-dir/MiniOzoneClusterImpl-f5a46b5f-7322-4bfd-b1a2-40e9a3ca233c/datanode-0/data/ratis/e8b47204-3500-4ad8-a322-e2d5270dbeea/in_use.lock acquired by nodename 29699@fv-az148-341
2021-07-20 20:05:24,492 [pool-355-thread-1] INFO  storage.RaftStorage (RaftStorageImpl.java:format(87)) - Storage directory /home/runner/work/ozone/ozone/mnt/ozone/hadoop-ozone/integration-test/target/test-dir/MiniOzoneClusterImpl-f5a46b5f-7322-4bfd-b1a2-40e9a3ca233c/datanode-0/data/ratis/e8b47204-3500-4ad8-a322-e2d5270dbeea has been successfully formatted.
2021-07-20 20:05:24,493 [pool-355-thread-1] INFO  ratis.ContainerStateMachine (ContainerStateMachine.java:loadSnapshot(223)) - group-E2D5270DBEEA: The snapshot info is null. Setting the last applied indexto:(t:0, i:~)
2021-07-20 20:05:24,494 [pool-355-thread-1] INFO  server.RaftServerConfigKeys (ConfUtils.java:logGet(44)) - raft.server.notification.no-leader.timeout = 300s (custom)
2021-07-20 20:05:24,494 [pool-355-thread-1] INFO  server.RaftServerConfigKeys (ConfUtils.java:logGet(44)) - raft.server.log.use.memory = false (default)
2021-07-20 20:05:24,494 [pool-355-thread-1] INFO  server.RaftServerConfigKeys (ConfUtils.java:logGet(44)) - raft.server.log.purge.gap = 1000000 (custom)
2021-07-20 20:05:24,494 [pool-355-thread-1] INFO  server.RaftServerConfigKeys (ConfUtils.java:logGet(44)) - raft.server.log.appender.buffer.byte-limit = 33554432 (custom)
2021-07-20 20:05:24,494 [pool-355-thread-1] INFO  metrics.RatisMetrics (RatisMetrics.java:lambda$create$0(36)) - Creating Metrics Registry : ratis.log_worker.ce149992-b5f4-48b7-837d-3c28b0a5cca8@group-E2D5270DBEEA
2021-07-20 20:05:24,495 [pool-355-thread-1] INFO  server.RaftServerConfigKeys (ConfUtils.java:logGet(44)) - raft.server.log.segment.size.max = 1048576 (custom)
2021-07-20 20:05:24,495 [pool-355-thread-1] INFO  server.RaftServerConfigKeys (ConfUtils.java:logGet(44)) - raft.server.log.segment.cache.num.max = 2 (custom)
2021-07-20 20:05:24,495 [pool-355-thread-1] INFO  server.RaftServerConfigKeys (ConfUtils.java:logGet(44)) - raft.server.log.segment.cache.size.max = 200MB (=209715200) (default)
2021-07-20 20:05:24,495 [pool-355-thread-1] INFO  segmented.SegmentedRaftLogWorker (SegmentedRaftLogWorker.java:<init>(182)) - new ce149992-b5f4-48b7-837d-3c28b0a5cca8@group-E2D5270DBEEA-SegmentedRaftLogWorker for RaftStorageImpl:Storage Directory /home/runner/work/ozone/ozone/mnt/ozone/hadoop-ozone/integration-test/target/test-dir/MiniOzoneClusterImpl-f5a46b5f-7322-4bfd-b1a2-40e9a3ca233c/datanode-0/data/ratis/e8b47204-3500-4ad8-a322-e2d5270dbeea
2021-07-20 20:05:24,495 [pool-355-thread-1] INFO  server.RaftServerConfigKeys (ConfUtils.java:logGet(44)) - raft.server.log.queue.byte-limit = 2147483647 (custom)
2021-07-20 20:05:24,495 [pool-355-thread-1] INFO  server.RaftServerConfigKeys (ConfUtils.java:logGet(44)) - raft.server.log.queue.element-limit = 1024 (custom)
2021-07-20 20:05:24,495 [pool-355-thread-1] INFO  server.RaftServerConfigKeys (ConfUtils.java:logGet(44)) - raft.server.log.segment.size.max = 1048576 (custom)
2021-07-20 20:05:24,496 [pool-355-thread-1] INFO  server.RaftServerConfigKeys (ConfUtils.java:logGet(44)) - raft.server.log.preallocated.size = 16384 (custom)
2021-07-20 20:05:24,496 [pool-355-thread-1] INFO  server.RaftServerConfigKeys (ConfUtils.java:logGet(44)) - raft.server.log.force.sync.num = 128 (default)
2021-07-20 20:05:24,496 [pool-355-thread-1] INFO  server.RaftServerConfigKeys (ConfUtils.java:logGet(44)) - raft.server.log.statemachine.data.sync = true (default)
2021-07-20 20:05:24,496 [pool-355-thread-1] INFO  server.RaftServerConfigKeys (ConfUtils.java:logGet(44)) - raft.server.log.statemachine.data.sync.timeout = 10s (default)
2021-07-20 20:05:24,496 [pool-355-thread-1] INFO  server.RaftServerConfigKeys (ConfUtils.java:logGet(44)) - raft.server.log.statemachine.data.sync.timeout.retry = -1 (default)
2021-07-20 20:05:24,496 [EventQueue-PipelineReportForPipelineReportHandler] INFO  pipeline.PipelineManagerV2Impl (PipelineManagerV2Impl.java:openPipeline(283)) - Pipeline Pipeline[ Id: e8b47204-3500-4ad8-a322-e2d5270dbeea, Nodes: ce149992-b5f4-48b7-837d-3c28b0a5cca8{ip: 10.1.0.85, host: fv-az148-341.bm4ck3pvxvsene1rjriu5fhcdb.bx.internal.cloudapp.net, ports: [REPLICATION=46277, RATIS=37697, RATIS_ADMIN=37697, RATIS_SERVER=37697, STANDALONE=40793], networkLocation: /default-rack, certSerialId: null, persistedOpState: IN_SERVICE, persistedOpStateExpiryEpochSec: 0}, ReplicationConfig: RATIS/ONE, State:ALLOCATED, leaderId:ce149992-b5f4-48b7-837d-3c28b0a5cca8, CreationTimestamp2021-07-20T20:05:21.491Z[Etc/UTC]] moved to OPEN state
2021-07-20 20:05:24,497 [pool-355-thread-1] INFO  server.RaftServerConfigKeys (ConfUtils.java:logGet(44)) - raft.server.log.write.buffer.size = 1048576 (custom)
2021-07-20 20:05:24,498 [pool-355-thread-1] INFO  server.RaftServerConfigKeys (ConfUtils.java:logGet(44)) - raft.server.log.statemachine.data.caching.enabled = true (custom)
2021-07-20 20:05:24,499 [pool-355-thread-1] INFO  segmented.SegmentedRaftLogWorker (SegmentedRaftLogWorker.java:lambda$new$0(133)) - ce149992-b5f4-48b7-837d-3c28b0a5cca8@group-E2D5270DBEEA-SegmentedRaftLogWorker: flushIndex: setUnconditionally 0 -> -1
2021-07-20 20:05:24,499 [pool-355-thread-1] INFO  segmented.SegmentedRaftLogWorker (SegmentedRaftLogWorker.java:lambda$new$0(133)) - ce149992-b5f4-48b7-837d-3c28b0a5cca8@group-E2D5270DBEEA-SegmentedRaftLogWorker: safeCacheEvictIndex: setUnconditionally 0 -> -1
2021-07-20 20:05:24,499 [pool-355-thread-1] INFO  server.RaftServerConfigKeys (ConfUtils.java:logGet(44)) - raft.server.snapshot.auto.trigger.enabled = true (custom)
2021-07-20 20:05:24,499 [pool-355-thread-1] INFO  server.RaftServerConfigKeys (ConfUtils.java:logGet(44)) - raft.server.snapshot.auto.trigger.threshold = 10000 (custom)
2021-07-20 20:05:24,499 [pool-355-thread-1] INFO  server.RaftServerConfigKeys (ConfUtils.java:logGet(44)) - raft.server.snapshot.retention.file.num = 5 (custom)
2021-07-20 20:05:24,499 [pool-355-thread-1] INFO  server.RaftServerConfigKeys (ConfUtils.java:logGet(44)) - raft.server.log.purge.upto.snapshot.index = false (default)
2021-07-20 20:05:24,499 [pool-355-thread-1] INFO  server.RaftServerConfigKeys (ConfUtils.java:logGet(44)) - raft.server.retrycache.expirytime = 600000ms (custom)
2021-07-20 20:05:24,499 [pool-355-thread-1] INFO  server.RaftServerConfigKeys (ConfUtils.java:logGet(44)) - raft.server.retrycache.statistics.expirytime = 100μs (default)
2021-07-20 20:05:24,499 [pool-355-thread-1] INFO  metrics.RatisMetrics (RatisMetrics.java:lambda$create$0(36)) - Creating Metrics Registry : ratis.leader_election.ce149992-b5f4-48b7-837d-3c28b0a5cca8@group-E2D5270DBEEA
2021-07-20 20:05:24,500 [pool-355-thread-1] INFO  metrics.RatisMetrics (RatisMetrics.java:lambda$create$0(36)) - Creating Metrics Registry : ratis.server.ce149992-b5f4-48b7-837d-3c28b0a5cca8@group-E2D5270DBEEA
2021-07-20 20:05:24,500 [pool-355-thread-1] INFO  server.RaftServer$Division (RaftServerImpl.java:start(295)) - ce149992-b5f4-48b7-837d-3c28b0a5cca8@group-E2D5270DBEEA: start as a follower, conf=-1: [ce149992-b5f4-48b7-837d-3c28b0a5cca8|rpc:10.1.0.85:37697|priority:1], old=null
2021-07-20 20:05:24,500 [pool-355-thread-1] INFO  server.RaftServer$Division (RaftServerImpl.java:setRole(284)) - ce149992-b5f4-48b7-837d-3c28b0a5cca8@group-E2D5270DBEEA: changes role from      null to FOLLOWER at term 0 for startAsFollower
2021-07-20 20:05:24,500 [pool-355-thread-1] INFO  impl.RoleInfo (RoleInfo.java:updateAndGet(130)) - ce149992-b5f4-48b7-837d-3c28b0a5cca8: start ce149992-b5f4-48b7-837d-3c28b0a5cca8@group-E2D5270DBEEA-FollowerState
2021-07-20 20:05:24,501 [pool-355-thread-1] INFO  util.JmxRegister (JmxRegister.java:tryRegister(44)) - Successfully registered JMX Bean with object name Ratis:service=RaftServer,group=group-E2D5270DBEEA,id=ce149992-b5f4-48b7-837d-3c28b0a5cca8
2021-07-20 20:05:24,501 [pool-355-thread-1] INFO  metrics.RatisMetrics (RatisMetrics.java:lambda$create$0(36)) - Creating Metrics Registry : ratis.state_machine.ce149992-b5f4-48b7-837d-3c28b0a5cca8@group-E2D5270DBEEA
2021-07-20 20:05:24,508 [EventQueue-OpenPipelineForHealthyPipelineSafeModeRule] INFO  safemode.SCMSafeModeManager (HealthyPipelineSafeModeRule.java:process(124)) - SCM in safe mode. Healthy pipelines reported count is 0, required healthy pipeline reported count is 1
2021-07-20 20:05:24,508 [Command processor thread] INFO  ratis.XceiverServerRatis (XceiverServerRatis.java:addGroup(759)) - Created group PipelineID=e8b47204-3500-4ad8-a322-e2d5270dbeea
2021-07-20 20:05:24,508 [Command processor thread] INFO  commandhandler.CreatePipelineCommandHandler (CreatePipelineCommandHandler.java:handle(106)) - Created Pipeline RATIS ONE PipelineID=e8b47204-3500-4ad8-a322-e2d5270dbeea.
2021-07-20 20:05:24,509 [Command processor thread] INFO  server.RaftServer (RaftServerProxy.java:addNew(95)) - ce149992-b5f4-48b7-837d-3c28b0a5cca8: addNew group-C45BC7F5AE9E:[04ab6d70-ea45-4448-8301-2ff63aaf71dc|rpc:10.1.0.85:37589|priority:1, c2070e46-2fb8-4865-9842-aaf28229b296|rpc:10.1.0.85:37735|priority:0, ce149992-b5f4-48b7-837d-3c28b0a5cca8|rpc:10.1.0.85:37697|priority:0] returns group-C45BC7F5AE9E:java.util.concurrent.CompletableFuture@272f47d5[Not completed]
2021-07-20 20:05:24,509 [pool-355-thread-1] INFO  server.RaftServer$Division (RaftServerImpl.java:<init>(180)) - ce149992-b5f4-48b7-837d-3c28b0a5cca8: new RaftServerImpl for group-C45BC7F5AE9E:[04ab6d70-ea45-4448-8301-2ff63aaf71dc|rpc:10.1.0.85:37589|priority:1, c2070e46-2fb8-4865-9842-aaf28229b296|rpc:10.1.0.85:37735|priority:0, ce149992-b5f4-48b7-837d-3c28b0a5cca8|rpc:10.1.0.85:37697|priority:0] with ContainerStateMachine:uninitialized
2021-07-20 20:05:24,509 [pool-355-thread-1] INFO  server.RaftServerConfigKeys (ConfUtils.java:logGet(44)) - raft.server.rpc.timeout.min = 5s (custom)
2021-07-20 20:05:24,510 [pool-355-thread-1] INFO  server.RaftServerConfigKeys (ConfUtils.java:logGet(44)) - raft.server.rpc.timeout.max = 5200ms (custom)
2021-07-20 20:05:24,510 [pool-355-thread-1] INFO  server.RaftServerConfigKeys (ConfUtils.java:logGet(44)) - raft.server.rpc.sleep.time = 25ms (default)
2021-07-20 20:05:24,510 [pool-355-thread-1] INFO  server.RaftServerConfigKeys (ConfUtils.java:logGet(44)) - raft.server.rpc.slowness.timeout = 300s (custom)
2021-07-20 20:05:24,510 [pool-355-thread-1] INFO  server.RaftServerConfigKeys (ConfUtils.java:logGet(44)) - raft.server.leaderelection.leader.step-down.wait-time = 10s (default)
2021-07-20 20:05:24,510 [pool-355-thread-1] INFO  server.RaftServerConfigKeys (ConfUtils.java:logGet(44)) - raft.server.sleep.deviation.threshold = 300ms (default)
2021-07-20 20:05:24,510 [pool-355-thread-1] INFO  server.RaftServerConfigKeys (ConfUtils.java:logGet(44)) - raft.server.log.appender.install.snapshot.enabled = false (custom)
2021-07-20 20:05:24,510 [pool-355-thread-1] INFO  server.RaftServer$Division (ServerState.java:<init>(105)) - ce149992-b5f4-48b7-837d-3c28b0a5cca8@group-C45BC7F5AE9E: ConfigurationManager, init=-1: [04ab6d70-ea45-4448-8301-2ff63aaf71dc|rpc:10.1.0.85:37589|priority:1, c2070e46-2fb8-4865-9842-aaf28229b296|rpc:10.1.0.85:37735|priority:0, ce149992-b5f4-48b7-837d-3c28b0a5cca8|rpc:10.1.0.85:37697|priority:0], old=null, confs=<EMPTY_MAP>
2021-07-20 20:05:24,510 [pool-355-thread-1] INFO  server.RaftServerConfigKeys (ConfUtils.java:logGet(44)) - raft.server.storage.dir = [/home/runner/work/ozone/ozone/mnt/ozone/hadoop-ozone/integration-test/target/test-dir/MiniOzoneClusterImpl-f5a46b5f-7322-4bfd-b1a2-40e9a3ca233c/datanode-0/data/ratis] (custom)
2021-07-20 20:05:24,510 [pool-355-thread-1] INFO  server.RaftServerConfigKeys (ConfUtils.java:logGet(44)) - raft.server.log.corruption.policy = EXCEPTION (default)
2021-07-20 20:05:24,510 [pool-355-thread-1] INFO  storage.RaftStorageDirectory (RaftStorageDirectoryImpl.java:analyzeStorage(132)) - The storage directory /home/runner/work/ozone/ozone/mnt/ozone/hadoop-ozone/integration-test/target/test-dir/MiniOzoneClusterImpl-f5a46b5f-7322-4bfd-b1a2-40e9a3ca233c/datanode-0/data/ratis/70eb5b07-2880-4fcf-8b06-c45bc7f5ae9e does not exist. Creating ...
2021-07-20 20:05:24,511 [pool-355-thread-1] INFO  storage.RaftStorageDirectory (RaftStorageDirectoryImpl.java:tryLock(215)) - Lock on /home/runner/work/ozone/ozone/mnt/ozone/hadoop-ozone/integration-test/target/test-dir/MiniOzoneClusterImpl-f5a46b5f-7322-4bfd-b1a2-40e9a3ca233c/datanode-0/data/ratis/70eb5b07-2880-4fcf-8b06-c45bc7f5ae9e/in_use.lock acquired by nodename 29699@fv-az148-341
2021-07-20 20:05:24,512 [pool-355-thread-1] INFO  storage.RaftStorage (RaftStorageImpl.java:format(87)) - Storage directory /home/runner/work/ozone/ozone/mnt/ozone/hadoop-ozone/integration-test/target/test-dir/MiniOzoneClusterImpl-f5a46b5f-7322-4bfd-b1a2-40e9a3ca233c/datanode-0/data/ratis/70eb5b07-2880-4fcf-8b06-c45bc7f5ae9e has been successfully formatted.
2021-07-20 20:05:24,512 [pool-355-thread-1] INFO  ratis.ContainerStateMachine (ContainerStateMachine.java:loadSnapshot(223)) - group-C45BC7F5AE9E: The snapshot info is null. Setting the last applied indexto:(t:0, i:~)
2021-07-20 20:05:24,512 [pool-355-thread-1] INFO  server.RaftServerConfigKeys (ConfUtils.java:logGet(44)) - raft.server.notification.no-leader.timeout = 300s (custom)
2021-07-20 20:05:24,513 [Datanode State Machine Thread - 0] WARN  statemachine.StateContext (StateContext.java:execute(621)) - No available thread in pool for past 1 seconds.
2021-07-20 20:05:24,513 [pool-355-thread-1] INFO  server.RaftServerConfigKeys (ConfUtils.java:logGet(44)) - raft.server.log.use.memory = false (default)
2021-07-20 20:05:24,513 [pool-355-thread-1] INFO  server.RaftServerConfigKeys (ConfUtils.java:logGet(44)) - raft.server.log.purge.gap = 1000000 (custom)
2021-07-20 20:05:24,513 [pool-355-thread-1] INFO  server.RaftServerConfigKeys (ConfUtils.java:logGet(44)) - raft.server.log.appender.buffer.byte-limit = 33554432 (custom)
2021-07-20 20:05:24,513 [pool-355-thread-1] INFO  metrics.RatisMetrics (RatisMetrics.java:lambda$create$0(36)) - Creating Metrics Registry : ratis.log_worker.ce149992-b5f4-48b7-837d-3c28b0a5cca8@group-C45BC7F5AE9E
2021-07-20 20:05:24,513 [pool-355-thread-1] INFO  server.RaftServerConfigKeys (ConfUtils.java:logGet(44)) - raft.server.log.segment.size.max = 1048576 (custom)
2021-07-20 20:05:24,513 [pool-355-thread-1] INFO  server.RaftServerConfigKeys (ConfUtils.java:logGet(44)) - raft.server.log.segment.cache.num.max = 2 (custom)
2021-07-20 20:05:24,513 [pool-355-thread-1] INFO  server.RaftServerConfigKeys (ConfUtils.java:logGet(44)) - raft.server.log.segment.cache.size.max = 200MB (=209715200) (default)
2021-07-20 20:05:24,513 [pool-355-thread-1] INFO  segmented.SegmentedRaftLogWorker (SegmentedRaftLogWorker.java:<init>(182)) - new ce149992-b5f4-48b7-837d-3c28b0a5cca8@group-C45BC7F5AE9E-SegmentedRaftLogWorker for RaftStorageImpl:Storage Directory /home/runner/work/ozone/ozone/mnt/ozone/hadoop-ozone/integration-test/target/test-dir/MiniOzoneClusterImpl-f5a46b5f-7322-4bfd-b1a2-40e9a3ca233c/datanode-0/data/ratis/70eb5b07-2880-4fcf-8b06-c45bc7f5ae9e
2021-07-20 20:05:24,513 [pool-355-thread-1] INFO  server.RaftServerConfigKeys (ConfUtils.java:logGet(44)) - raft.server.log.queue.byte-limit = 2147483647 (custom)
2021-07-20 20:05:24,514 [pool-355-thread-1] INFO  server.RaftServerConfigKeys (ConfUtils.java:logGet(44)) - raft.server.log.queue.element-limit = 1024 (custom)
2021-07-20 20:05:24,514 [pool-355-thread-1] INFO  server.RaftServerConfigKeys (ConfUtils.java:logGet(44)) - raft.server.log.segment.size.max = 1048576 (custom)
2021-07-20 20:05:24,514 [pool-355-thread-1] INFO  server.RaftServerConfigKeys (ConfUtils.java:logGet(44)) - raft.server.log.preallocated.size = 16384 (custom)
2021-07-20 20:05:24,514 [pool-355-thread-1] INFO  server.RaftServerConfigKeys (ConfUtils.java:logGet(44)) - raft.server.log.force.sync.num = 128 (default)
2021-07-20 20:05:24,514 [pool-355-thread-1] INFO  server.RaftServerConfigKeys (ConfUtils.java:logGet(44)) - raft.server.log.statemachine.data.sync = true (default)
2021-07-20 20:05:24,514 [EventQueue-OpenPipelineForHealthyPipelineSafeModeRule] INFO  safemode.SCMSafeModeManager (HealthyPipelineSafeModeRule.java:process(124)) - SCM in safe mode. Healthy pipelines reported count is 0, required healthy pipeline reported count is 1
2021-07-20 20:05:24,514 [pool-355-thread-1] INFO  server.RaftServerConfigKeys (ConfUtils.java:logGet(44)) - raft.server.log.statemachine.data.sync.timeout = 10s (default)
2021-07-20 20:05:24,514 [pool-355-thread-1] INFO  server.RaftServerConfigKeys (ConfUtils.java:logGet(44)) - raft.server.log.statemachine.data.sync.timeout.retry = -1 (default)
2021-07-20 20:05:24,515 [pool-355-thread-1] INFO  server.RaftServerConfigKeys (ConfUtils.java:logGet(44)) - raft.server.log.write.buffer.size = 1048576 (custom)
2021-07-20 20:05:24,515 [pool-355-thread-1] INFO  server.RaftServerConfigKeys (ConfUtils.java:logGet(44)) - raft.server.log.statemachine.data.caching.enabled = true (custom)
2021-07-20 20:05:24,516 [pool-355-thread-1] INFO  segmented.SegmentedRaftLogWorker (SegmentedRaftLogWorker.java:lambda$new$0(133)) - ce149992-b5f4-48b7-837d-3c28b0a5cca8@group-C45BC7F5AE9E-SegmentedRaftLogWorker: flushIndex: setUnconditionally 0 -> -1
2021-07-20 20:05:24,516 [pool-355-thread-1] INFO  segmented.SegmentedRaftLogWorker (SegmentedRaftLogWorker.java:lambda$new$0(133)) - ce149992-b5f4-48b7-837d-3c28b0a5cca8@group-C45BC7F5AE9E-SegmentedRaftLogWorker: safeCacheEvictIndex: setUnconditionally 0 -> -1
2021-07-20 20:05:24,516 [pool-355-thread-1] INFO  server.RaftServerConfigKeys (ConfUtils.java:logGet(44)) - raft.server.snapshot.auto.trigger.enabled = true (custom)
2021-07-20 20:05:24,516 [pool-355-thread-1] INFO  server.RaftServerConfigKeys (ConfUtils.java:logGet(44)) - raft.server.snapshot.auto.trigger.threshold = 10000 (custom)
2021-07-20 20:05:24,516 [pool-355-thread-1] INFO  server.RaftServerConfigKeys (ConfUtils.java:logGet(44)) - raft.server.snapshot.retention.file.num = 5 (custom)
2021-07-20 20:05:24,516 [pool-355-thread-1] INFO  server.RaftServerConfigKeys (ConfUtils.java:logGet(44)) - raft.server.log.purge.upto.snapshot.index = false (default)
2021-07-20 20:05:24,516 [pool-355-thread-1] INFO  server.RaftServerConfigKeys (ConfUtils.java:logGet(44)) - raft.server.retrycache.expirytime = 600000ms (custom)
2021-07-20 20:05:24,516 [pool-355-thread-1] INFO  server.RaftServerConfigKeys (ConfUtils.java:logGet(44)) - raft.server.retrycache.statistics.expirytime = 100μs (default)
2021-07-20 20:05:24,516 [pool-355-thread-1] INFO  metrics.RatisMetrics (RatisMetrics.java:lambda$create$0(36)) - Creating Metrics Registry : ratis.leader_election.ce149992-b5f4-48b7-837d-3c28b0a5cca8@group-C45BC7F5AE9E
2021-07-20 20:05:24,516 [pool-355-thread-1] INFO  metrics.RatisMetrics (RatisMetrics.java:lambda$create$0(36)) - Creating Metrics Registry : ratis.server.ce149992-b5f4-48b7-837d-3c28b0a5cca8@group-C45BC7F5AE9E
2021-07-20 20:05:24,517 [pool-355-thread-1] INFO  server.RaftServer$Division (RaftServerImpl.java:start(295)) - ce149992-b5f4-48b7-837d-3c28b0a5cca8@group-C45BC7F5AE9E: start as a follower, conf=-1: [04ab6d70-ea45-4448-8301-2ff63aaf71dc|rpc:10.1.0.85:37589|priority:1, c2070e46-2fb8-4865-9842-aaf28229b296|rpc:10.1.0.85:37735|priority:0, ce149992-b5f4-48b7-837d-3c28b0a5cca8|rpc:10.1.0.85:37697|priority:0], old=null
2021-07-20 20:05:24,517 [pool-355-thread-1] INFO  server.RaftServer$Division (RaftServerImpl.java:setRole(284)) - ce149992-b5f4-48b7-837d-3c28b0a5cca8@group-C45BC7F5AE9E: changes role from      null to FOLLOWER at term 0 for startAsFollower
2021-07-20 20:05:24,517 [pool-355-thread-1] INFO  impl.RoleInfo (RoleInfo.java:updateAndGet(130)) - ce149992-b5f4-48b7-837d-3c28b0a5cca8: start ce149992-b5f4-48b7-837d-3c28b0a5cca8@group-C45BC7F5AE9E-FollowerState
2021-07-20 20:05:24,518 [pool-355-thread-1] INFO  util.JmxRegister (JmxRegister.java:tryRegister(44)) - Successfully registered JMX Bean with object name Ratis:service=RaftServer,group=group-C45BC7F5AE9E,id=ce149992-b5f4-48b7-837d-3c28b0a5cca8
2021-07-20 20:05:24,518 [pool-355-thread-1] INFO  metrics.RatisMetrics (RatisMetrics.java:lambda$create$0(36)) - Creating Metrics Registry : ratis.state_machine.ce149992-b5f4-48b7-837d-3c28b0a5cca8@group-C45BC7F5AE9E
2021-07-20 20:05:24,518 [Command processor thread] INFO  ratis.XceiverServerRatis (XceiverServerRatis.java:addGroup(759)) - Created group PipelineID=70eb5b07-2880-4fcf-8b06-c45bc7f5ae9e
2021-07-20 20:05:24,519 [Command processor thread] INFO  metrics.RatisMetrics (RatisMetrics.java:lambda$create$0(36)) - Creating Metrics Registry : ratis.client_message_metrics.client-4F9386489B30->c2070e46-2fb8-4865-9842-aaf28229b296
2021-07-20 20:05:24,524 [grpc-default-executor-1] INFO  metrics.RatisMetrics (RatisMetrics.java:lambda$create$0(36)) - Creating Metrics Registry : ratis.server_message_metrics.c2070e46-2fb8-4865-9842-aaf28229b296
2021-07-20 20:05:24,526 [grpc-default-executor-1] INFO  server.RaftServer (RaftServerProxy.java:addNew(95)) - c2070e46-2fb8-4865-9842-aaf28229b296: addNew group-C45BC7F5AE9E:[04ab6d70-ea45-4448-8301-2ff63aaf71dc|rpc:10.1.0.85:37589|dataStream:|priority:1, c2070e46-2fb8-4865-9842-aaf28229b296|rpc:10.1.0.85:37735|dataStream:|priority:0, ce149992-b5f4-48b7-837d-3c28b0a5cca8|rpc:10.1.0.85:37697|dataStream:|priority:0] returns group-C45BC7F5AE9E:java.util.concurrent.CompletableFuture@1f39ae6[Not completed]
2021-07-20 20:05:24,526 [pool-391-thread-1] INFO  server.RaftServer$Division (RaftServerImpl.java:<init>(180)) - c2070e46-2fb8-4865-9842-aaf28229b296: new RaftServerImpl for group-C45BC7F5AE9E:[04ab6d70-ea45-4448-8301-2ff63aaf71dc|rpc:10.1.0.85:37589|dataStream:|priority:1, c2070e46-2fb8-4865-9842-aaf28229b296|rpc:10.1.0.85:37735|dataStream:|priority:0, ce149992-b5f4-48b7-837d-3c28b0a5cca8|rpc:10.1.0.85:37697|dataStream:|priority:0] with ContainerStateMachine:uninitialized
2021-07-20 20:05:24,527 [pool-391-thread-1] INFO  server.RaftServerConfigKeys (ConfUtils.java:logGet(44)) - raft.server.rpc.timeout.min = 5s (custom)
2021-07-20 20:05:24,527 [pool-391-thread-1] INFO  server.RaftServerConfigKeys (ConfUtils.java:logGet(44)) - raft.server.rpc.timeout.max = 5200ms (custom)
2021-07-20 20:05:24,527 [pool-391-thread-1] INFO  server.RaftServerConfigKeys (ConfUtils.java:logGet(44)) - raft.server.rpc.sleep.time = 25ms (default)
2021-07-20 20:05:24,527 [pool-391-thread-1] INFO  server.RaftServerConfigKeys (ConfUtils.java:logGet(44)) - raft.server.rpc.slowness.timeout = 300s (custom)
2021-07-20 20:05:24,527 [pool-391-thread-1] INFO  server.RaftServerConfigKeys (ConfUtils.java:logGet(44)) - raft.server.leaderelection.leader.step-down.wait-time = 10s (default)
2021-07-20 20:05:24,527 [pool-391-thread-1] INFO  server.RaftServerConfigKeys (ConfUtils.java:logGet(44)) - raft.server.sleep.deviation.threshold = 300ms (default)
2021-07-20 20:05:24,528 [pool-391-thread-1] INFO  server.RaftServerConfigKeys (ConfUtils.java:logGet(44)) - raft.server.log.appender.install.snapshot.enabled = false (custom)
2021-07-20 20:05:24,528 [pool-391-thread-1] INFO  server.RaftServer$Division (ServerState.java:<init>(105)) - c2070e46-2fb8-4865-9842-aaf28229b296@group-C45BC7F5AE9E: ConfigurationManager, init=-1: [04ab6d70-ea45-4448-8301-2ff63aaf71dc|rpc:10.1.0.85:37589|dataStream:|priority:1, c2070e46-2fb8-4865-9842-aaf28229b296|rpc:10.1.0.85:37735|dataStream:|priority:0, ce149992-b5f4-48b7-837d-3c28b0a5cca8|rpc:10.1.0.85:37697|dataStream:|priority:0], old=null, confs=<EMPTY_MAP>
2021-07-20 20:05:24,528 [pool-391-thread-1] INFO  server.RaftServerConfigKeys (ConfUtils.java:logGet(44)) - raft.server.storage.dir = [/home/runner/work/ozone/ozone/mnt/ozone/hadoop-ozone/integration-test/target/test-dir/MiniOzoneClusterImpl-f5a46b5f-7322-4bfd-b1a2-40e9a3ca233c/datanode-2/data/ratis] (custom)
2021-07-20 20:05:24,528 [pool-391-thread-1] INFO  server.RaftServerConfigKeys (ConfUtils.java:logGet(44)) - raft.server.log.corruption.policy = EXCEPTION (default)
2021-07-20 20:05:24,528 [pool-391-thread-1] INFO  storage.RaftStorageDirectory (RaftStorageDirectoryImpl.java:analyzeStorage(132)) - The storage directory /home/runner/work/ozone/ozone/mnt/ozone/hadoop-ozone/integration-test/target/test-dir/MiniOzoneClusterImpl-f5a46b5f-7322-4bfd-b1a2-40e9a3ca233c/datanode-2/data/ratis/70eb5b07-2880-4fcf-8b06-c45bc7f5ae9e does not exist. Creating ...
2021-07-20 20:05:24,529 [pool-391-thread-1] INFO  storage.RaftStorageDirectory (RaftStorageDirectoryImpl.java:tryLock(215)) - Lock on /home/runner/work/ozone/ozone/mnt/ozone/hadoop-ozone/integration-test/target/test-dir/MiniOzoneClusterImpl-f5a46b5f-7322-4bfd-b1a2-40e9a3ca233c/datanode-2/data/ratis/70eb5b07-2880-4fcf-8b06-c45bc7f5ae9e/in_use.lock acquired by nodename 29699@fv-az148-341
2021-07-20 20:05:24,530 [pool-391-thread-1] INFO  storage.RaftStorage (RaftStorageImpl.java:format(87)) - Storage directory /home/runner/work/ozone/ozone/mnt/ozone/hadoop-ozone/integration-test/target/test-dir/MiniOzoneClusterImpl-f5a46b5f-7322-4bfd-b1a2-40e9a3ca233c/datanode-2/data/ratis/70eb5b07-2880-4fcf-8b06-c45bc7f5ae9e has been successfully formatted.
2021-07-20 20:05:24,531 [pool-391-thread-1] INFO  ratis.ContainerStateMachine (ContainerStateMachine.java:loadSnapshot(223)) - group-C45BC7F5AE9E: The snapshot info is null. Setting the last applied indexto:(t:0, i:~)
2021-07-20 20:05:24,531 [pool-391-thread-1] INFO  server.RaftServerConfigKeys (ConfUtils.java:logGet(44)) - raft.server.notification.no-leader.timeout = 300s (custom)
2021-07-20 20:05:24,531 [pool-391-thread-1] INFO  server.RaftServerConfigKeys (ConfUtils.java:logGet(44)) - raft.server.log.use.memory = false (default)
2021-07-20 20:05:24,531 [pool-391-thread-1] INFO  server.RaftServerConfigKeys (ConfUtils.java:logGet(44)) - raft.server.log.purge.gap = 1000000 (custom)
2021-07-20 20:05:24,531 [pool-391-thread-1] INFO  server.RaftServerConfigKeys (ConfUtils.java:logGet(44)) - raft.server.log.appender.buffer.byte-limit = 33554432 (custom)
2021-07-20 20:05:24,532 [pool-391-thread-1] INFO  metrics.RatisMetrics (RatisMetrics.java:lambda$create$0(36)) - Creating Metrics Registry : ratis.log_worker.c2070e46-2fb8-4865-9842-aaf28229b296@group-C45BC7F5AE9E
2021-07-20 20:05:24,532 [pool-391-thread-1] INFO  server.RaftServerConfigKeys (ConfUtils.java:logGet(44)) - raft.server.log.segment.size.max = 1048576 (custom)
2021-07-20 20:05:24,533 [pool-391-thread-1] INFO  server.RaftServerConfigKeys (ConfUtils.java:logGet(44)) - raft.server.log.segment.cache.num.max = 2 (custom)
2021-07-20 20:05:24,533 [pool-391-thread-1] INFO  server.RaftServerConfigKeys (ConfUtils.java:logGet(44)) - raft.server.log.segment.cache.size.max = 200MB (=209715200) (default)
2021-07-20 20:05:24,533 [pool-391-thread-1] INFO  segmented.SegmentedRaftLogWorker (SegmentedRaftLogWorker.java:<init>(182)) - new c2070e46-2fb8-4865-9842-aaf28229b296@group-C45BC7F5AE9E-SegmentedRaftLogWorker for RaftStorageImpl:Storage Directory /home/runner/work/ozone/ozone/mnt/ozone/hadoop-ozone/integration-test/target/test-dir/MiniOzoneClusterImpl-f5a46b5f-7322-4bfd-b1a2-40e9a3ca233c/datanode-2/data/ratis/70eb5b07-2880-4fcf-8b06-c45bc7f5ae9e
2021-07-20 20:05:24,533 [pool-391-thread-1] INFO  server.RaftServerConfigKeys (ConfUtils.java:logGet(44)) - raft.server.log.queue.byte-limit = 2147483647 (custom)
2021-07-20 20:05:24,533 [pool-391-thread-1] INFO  server.RaftServerConfigKeys (ConfUtils.java:logGet(44)) - raft.server.log.queue.element-limit = 1024 (custom)
2021-07-20 20:05:24,533 [pool-391-thread-1] INFO  server.RaftServerConfigKeys (ConfUtils.java:logGet(44)) - raft.server.log.segment.size.max = 1048576 (custom)
2021-07-20 20:05:24,533 [pool-391-thread-1] INFO  server.RaftServerConfigKeys (ConfUtils.java:logGet(44)) - raft.server.log.preallocated.size = 16384 (custom)
2021-07-20 20:05:24,533 [pool-391-thread-1] INFO  server.RaftServerConfigKeys (ConfUtils.java:logGet(44)) - raft.server.log.force.sync.num = 128 (default)
2021-07-20 20:05:24,533 [pool-391-thread-1] INFO  server.RaftServerConfigKeys (ConfUtils.java:logGet(44)) - raft.server.log.statemachine.data.sync = true (default)
2021-07-20 20:05:24,533 [pool-391-thread-1] INFO  server.RaftServerConfigKeys (ConfUtils.java:logGet(44)) - raft.server.log.statemachine.data.sync.timeout = 10s (default)
2021-07-20 20:05:24,533 [pool-391-thread-1] INFO  server.RaftServerConfigKeys (ConfUtils.java:logGet(44)) - raft.server.log.statemachine.data.sync.timeout.retry = -1 (default)
2021-07-20 20:05:24,534 [pool-391-thread-1] INFO  server.RaftServerConfigKeys (ConfUtils.java:logGet(44)) - raft.server.log.write.buffer.size = 1048576 (custom)
2021-07-20 20:05:24,535 [pool-391-thread-1] INFO  server.RaftServerConfigKeys (ConfUtils.java:logGet(44)) - raft.server.log.statemachine.data.caching.enabled = true (custom)
2021-07-20 20:05:24,535 [pool-391-thread-1] INFO  segmented.SegmentedRaftLogWorker (SegmentedRaftLogWorker.java:lambda$new$0(133)) - c2070e46-2fb8-4865-9842-aaf28229b296@group-C45BC7F5AE9E-SegmentedRaftLogWorker: flushIndex: setUnconditionally 0 -> -1
2021-07-20 20:05:24,535 [pool-391-thread-1] INFO  segmented.SegmentedRaftLogWorker (SegmentedRaftLogWorker.java:lambda$new$0(133)) - c2070e46-2fb8-4865-9842-aaf28229b296@group-C45BC7F5AE9E-SegmentedRaftLogWorker: safeCacheEvictIndex: setUnconditionally 0 -> -1
2021-07-20 20:05:24,535 [pool-391-thread-1] INFO  server.RaftServerConfigKeys (ConfUtils.java:logGet(44)) - raft.server.snapshot.auto.trigger.enabled = true (custom)
2021-07-20 20:05:24,535 [pool-391-thread-1] INFO  server.RaftServerConfigKeys (ConfUtils.java:logGet(44)) - raft.server.snapshot.auto.trigger.threshold = 10000 (custom)
2021-07-20 20:05:24,535 [pool-391-thread-1] INFO  server.RaftServerConfigKeys (ConfUtils.java:logGet(44)) - raft.server.snapshot.retention.file.num = 5 (custom)
2021-07-20 20:05:24,536 [pool-391-thread-1] INFO  server.RaftServerConfigKeys (ConfUtils.java:logGet(44)) - raft.server.log.purge.upto.snapshot.index = false (default)
2021-07-20 20:05:24,536 [pool-391-thread-1] INFO  server.RaftServerConfigKeys (ConfUtils.java:logGet(44)) - raft.server.retrycache.expirytime = 600000ms (custom)
2021-07-20 20:05:24,536 [pool-391-thread-1] INFO  server.RaftServerConfigKeys (ConfUtils.java:logGet(44)) - raft.server.retrycache.statistics.expirytime = 100μs (default)
2021-07-20 20:05:24,536 [pool-391-thread-1] INFO  metrics.RatisMetrics (RatisMetrics.java:lambda$create$0(36)) - Creating Metrics Registry : ratis.leader_election.c2070e46-2fb8-4865-9842-aaf28229b296@group-C45BC7F5AE9E
2021-07-20 20:05:24,536 [pool-391-thread-1] INFO  metrics.RatisMetrics (RatisMetrics.java:lambda$create$0(36)) - Creating Metrics Registry : ratis.server.c2070e46-2fb8-4865-9842-aaf28229b296@group-C45BC7F5AE9E
2021-07-20 20:05:24,537 [pool-391-thread-1] INFO  server.RaftServer$Division (RaftServerImpl.java:start(295)) - c2070e46-2fb8-4865-9842-aaf28229b296@group-C45BC7F5AE9E: start as a follower, conf=-1: [04ab6d70-ea45-4448-8301-2ff63aaf71dc|rpc:10.1.0.85:37589|dataStream:|priority:1, c2070e46-2fb8-4865-9842-aaf28229b296|rpc:10.1.0.85:37735|dataStream:|priority:0, ce149992-b5f4-48b7-837d-3c28b0a5cca8|rpc:10.1.0.85:37697|dataStream:|priority:0], old=null
2021-07-20 20:05:24,537 [pool-391-thread-1] INFO  server.RaftServer$Division (RaftServerImpl.java:setRole(284)) - c2070e46-2fb8-4865-9842-aaf28229b296@group-C45BC7F5AE9E: changes role from      null to FOLLOWER at term 0 for startAsFollower
2021-07-20 20:05:24,537 [pool-391-thread-1] INFO  impl.RoleInfo (RoleInfo.java:updateAndGet(130)) - c2070e46-2fb8-4865-9842-aaf28229b296: start c2070e46-2fb8-4865-9842-aaf28229b296@group-C45BC7F5AE9E-FollowerState
2021-07-20 20:05:24,539 [pool-391-thread-1] INFO  util.JmxRegister (JmxRegister.java:tryRegister(44)) - Successfully registered JMX Bean with object name Ratis:service=RaftServer,group=group-C45BC7F5AE9E,id=c2070e46-2fb8-4865-9842-aaf28229b296
2021-07-20 20:05:24,539 [pool-391-thread-1] INFO  metrics.RatisMetrics (RatisMetrics.java:lambda$create$0(36)) - Creating Metrics Registry : ratis.state_machine.c2070e46-2fb8-4865-9842-aaf28229b296@group-C45BC7F5AE9E
2021-07-20 20:05:24,548 [Command processor thread] INFO  metrics.RatisMetrics (RatisMetrics.java:lambda$create$0(36)) - Creating Metrics Registry : ratis.client_message_metrics.client-91D00564551E->04ab6d70-ea45-4448-8301-2ff63aaf71dc
2021-07-20 20:05:24,552 [grpc-default-executor-1] INFO  metrics.RatisMetrics (RatisMetrics.java:lambda$create$0(36)) - Creating Metrics Registry : ratis.server_message_metrics.04ab6d70-ea45-4448-8301-2ff63aaf71dc
2021-07-20 20:05:24,554 [grpc-default-executor-1] INFO  server.RaftServer (RaftServerProxy.java:addNew(95)) - 04ab6d70-ea45-4448-8301-2ff63aaf71dc: addNew group-C45BC7F5AE9E:[04ab6d70-ea45-4448-8301-2ff63aaf71dc|rpc:10.1.0.85:37589|dataStream:|priority:1, c2070e46-2fb8-4865-9842-aaf28229b296|rpc:10.1.0.85:37735|dataStream:|priority:0, ce149992-b5f4-48b7-837d-3c28b0a5cca8|rpc:10.1.0.85:37697|dataStream:|priority:0] returns group-C45BC7F5AE9E:java.util.concurrent.CompletableFuture@355c79e8[Not completed]
2021-07-20 20:05:24,555 [pool-373-thread-1] INFO  server.RaftServer$Division (RaftServerImpl.java:<init>(180)) - 04ab6d70-ea45-4448-8301-2ff63aaf71dc: new RaftServerImpl for group-C45BC7F5AE9E:[04ab6d70-ea45-4448-8301-2ff63aaf71dc|rpc:10.1.0.85:37589|dataStream:|priority:1, c2070e46-2fb8-4865-9842-aaf28229b296|rpc:10.1.0.85:37735|dataStream:|priority:0, ce149992-b5f4-48b7-837d-3c28b0a5cca8|rpc:10.1.0.85:37697|dataStream:|priority:0] with ContainerStateMachine:uninitialized
2021-07-20 20:05:24,555 [pool-373-thread-1] INFO  server.RaftServerConfigKeys (ConfUtils.java:logGet(44)) - raft.server.rpc.timeout.min = 5s (custom)
2021-07-20 20:05:24,555 [pool-373-thread-1] INFO  server.RaftServerConfigKeys (ConfUtils.java:logGet(44)) - raft.server.rpc.timeout.max = 5200ms (custom)
2021-07-20 20:05:24,555 [pool-373-thread-1] INFO  server.RaftServerConfigKeys (ConfUtils.java:logGet(44)) - raft.server.rpc.sleep.time = 25ms (default)
2021-07-20 20:05:24,555 [pool-373-thread-1] INFO  server.RaftServerConfigKeys (ConfUtils.java:logGet(44)) - raft.server.rpc.slowness.timeout = 300s (custom)
2021-07-20 20:05:24,555 [pool-373-thread-1] INFO  server.RaftServerConfigKeys (ConfUtils.java:logGet(44)) - raft.server.leaderelection.leader.step-down.wait-time = 10s (default)
2021-07-20 20:05:24,556 [pool-373-thread-1] INFO  server.RaftServerConfigKeys (ConfUtils.java:logGet(44)) - raft.server.sleep.deviation.threshold = 300ms (default)
2021-07-20 20:05:24,556 [pool-373-thread-1] INFO  server.RaftServerConfigKeys (ConfUtils.java:logGet(44)) - raft.server.log.appender.install.snapshot.enabled = false (custom)
2021-07-20 20:05:24,556 [pool-373-thread-1] INFO  server.RaftServer$Division (ServerState.java:<init>(105)) - 04ab6d70-ea45-4448-8301-2ff63aaf71dc@group-C45BC7F5AE9E: ConfigurationManager, init=-1: [04ab6d70-ea45-4448-8301-2ff63aaf71dc|rpc:10.1.0.85:37589|dataStream:|priority:1, c2070e46-2fb8-4865-9842-aaf28229b296|rpc:10.1.0.85:37735|dataStream:|priority:0, ce149992-b5f4-48b7-837d-3c28b0a5cca8|rpc:10.1.0.85:37697|dataStream:|priority:0], old=null, confs=<EMPTY_MAP>
2021-07-20 20:05:24,556 [pool-373-thread-1] INFO  server.RaftServerConfigKeys (ConfUtils.java:logGet(44)) - raft.server.storage.dir = [/home/runner/work/ozone/ozone/mnt/ozone/hadoop-ozone/integration-test/target/test-dir/MiniOzoneClusterImpl-f5a46b5f-7322-4bfd-b1a2-40e9a3ca233c/datanode-1/data/ratis] (custom)
2021-07-20 20:05:24,556 [pool-373-thread-1] INFO  server.RaftServerConfigKeys (ConfUtils.java:logGet(44)) - raft.server.log.corruption.policy = EXCEPTION (default)
2021-07-20 20:05:24,556 [pool-373-thread-1] INFO  storage.RaftStorageDirectory (RaftStorageDirectoryImpl.java:analyzeStorage(132)) - The storage directory /home/runner/work/ozone/ozone/mnt/ozone/hadoop-ozone/integration-test/target/test-dir/MiniOzoneClusterImpl-f5a46b5f-7322-4bfd-b1a2-40e9a3ca233c/datanode-1/data/ratis/70eb5b07-2880-4fcf-8b06-c45bc7f5ae9e does not exist. Creating ...
2021-07-20 20:05:24,557 [pool-373-thread-1] INFO  storage.RaftStorageDirectory (RaftStorageDirectoryImpl.java:tryLock(215)) - Lock on /home/runner/work/ozone/ozone/mnt/ozone/hadoop-ozone/integration-test/target/test-dir/MiniOzoneClusterImpl-f5a46b5f-7322-4bfd-b1a2-40e9a3ca233c/datanode-1/data/ratis/70eb5b07-2880-4fcf-8b06-c45bc7f5ae9e/in_use.lock acquired by nodename 29699@fv-az148-341
2021-07-20 20:05:24,558 [pool-373-thread-1] INFO  storage.RaftStorage (RaftStorageImpl.java:format(87)) - Storage directory /home/runner/work/ozone/ozone/mnt/ozone/hadoop-ozone/integration-test/target/test-dir/MiniOzoneClusterImpl-f5a46b5f-7322-4bfd-b1a2-40e9a3ca233c/datanode-1/data/ratis/70eb5b07-2880-4fcf-8b06-c45bc7f5ae9e has been successfully formatted.
2021-07-20 20:05:24,559 [pool-373-thread-1] INFO  ratis.ContainerStateMachine (ContainerStateMachine.java:loadSnapshot(223)) - group-C45BC7F5AE9E: The snapshot info is null. Setting the last applied indexto:(t:0, i:~)
2021-07-20 20:05:24,559 [pool-373-thread-1] INFO  server.RaftServerConfigKeys (ConfUtils.java:logGet(44)) - raft.server.notification.no-leader.timeout = 300s (custom)
2021-07-20 20:05:24,559 [pool-373-thread-1] INFO  server.RaftServerConfigKeys (ConfUtils.java:logGet(44)) - raft.server.log.use.memory = false (default)
2021-07-20 20:05:24,560 [pool-373-thread-1] INFO  server.RaftServerConfigKeys (ConfUtils.java:logGet(44)) - raft.server.log.purge.gap = 1000000 (custom)
2021-07-20 20:05:24,560 [pool-373-thread-1] INFO  server.RaftServerConfigKeys (ConfUtils.java:logGet(44)) - raft.server.log.appender.buffer.byte-limit = 33554432 (custom)
2021-07-20 20:05:24,560 [pool-373-thread-1] INFO  metrics.RatisMetrics (RatisMetrics.java:lambda$create$0(36)) - Creating Metrics Registry : ratis.log_worker.04ab6d70-ea45-4448-8301-2ff63aaf71dc@group-C45BC7F5AE9E
2021-07-20 20:05:24,561 [pool-373-thread-1] INFO  server.RaftServerConfigKeys (ConfUtils.java:logGet(44)) - raft.server.log.segment.size.max = 1048576 (custom)
2021-07-20 20:05:24,562 [pool-373-thread-1] INFO  server.RaftServerConfigKeys (ConfUtils.java:logGet(44)) - raft.server.log.segment.cache.num.max = 2 (custom)
2021-07-20 20:05:24,562 [pool-373-thread-1] INFO  server.RaftServerConfigKeys (ConfUtils.java:logGet(44)) - raft.server.log.segment.cache.size.max = 200MB (=209715200) (default)
2021-07-20 20:05:24,562 [pool-373-thread-1] INFO  segmented.SegmentedRaftLogWorker (SegmentedRaftLogWorker.java:<init>(182)) - new 04ab6d70-ea45-4448-8301-2ff63aaf71dc@group-C45BC7F5AE9E-SegmentedRaftLogWorker for RaftStorageImpl:Storage Directory /home/runner/work/ozone/ozone/mnt/ozone/hadoop-ozone/integration-test/target/test-dir/MiniOzoneClusterImpl-f5a46b5f-7322-4bfd-b1a2-40e9a3ca233c/datanode-1/data/ratis/70eb5b07-2880-4fcf-8b06-c45bc7f5ae9e
2021-07-20 20:05:24,562 [pool-373-thread-1] INFO  server.RaftServerConfigKeys (ConfUtils.java:logGet(44)) - raft.server.log.queue.byte-limit = 2147483647 (custom)
2021-07-20 20:05:24,562 [pool-373-thread-1] INFO  server.RaftServerConfigKeys (ConfUtils.java:logGet(44)) - raft.server.log.queue.element-limit = 1024 (custom)
2021-07-20 20:05:24,562 [pool-373-thread-1] INFO  server.RaftServerConfigKeys (ConfUtils.java:logGet(44)) - raft.server.log.segment.size.max = 1048576 (custom)
2021-07-20 20:05:24,562 [pool-373-thread-1] INFO  server.RaftServerConfigKeys (ConfUtils.java:logGet(44)) - raft.server.log.preallocated.size = 16384 (custom)
2021-07-20 20:05:24,562 [pool-373-thread-1] INFO  server.RaftServerConfigKeys (ConfUtils.java:logGet(44)) - raft.server.log.force.sync.num = 128 (default)
2021-07-20 20:05:24,562 [pool-373-thread-1] INFO  server.RaftServerConfigKeys (ConfUtils.java:logGet(44)) - raft.server.log.statemachine.data.sync = true (default)
2021-07-20 20:05:24,562 [pool-373-thread-1] INFO  server.RaftServerConfigKeys (ConfUtils.java:logGet(44)) - raft.server.log.statemachine.data.sync.timeout = 10s (default)
2021-07-20 20:05:24,562 [pool-373-thread-1] INFO  server.RaftServerConfigKeys (ConfUtils.java:logGet(44)) - raft.server.log.statemachine.data.sync.timeout.retry = -1 (default)
2021-07-20 20:05:24,563 [pool-373-thread-1] INFO  server.RaftServerConfigKeys (ConfUtils.java:logGet(44)) - raft.server.log.write.buffer.size = 1048576 (custom)
2021-07-20 20:05:24,564 [pool-373-thread-1] INFO  server.RaftServerConfigKeys (ConfUtils.java:logGet(44)) - raft.server.log.statemachine.data.caching.enabled = true (custom)
2021-07-20 20:05:24,564 [pool-373-thread-1] INFO  segmented.SegmentedRaftLogWorker (SegmentedRaftLogWorker.java:lambda$new$0(133)) - 04ab6d70-ea45-4448-8301-2ff63aaf71dc@group-C45BC7F5AE9E-SegmentedRaftLogWorker: flushIndex: setUnconditionally 0 -> -1
2021-07-20 20:05:24,564 [pool-373-thread-1] INFO  segmented.SegmentedRaftLogWorker (SegmentedRaftLogWorker.java:lambda$new$0(133)) - 04ab6d70-ea45-4448-8301-2ff63aaf71dc@group-C45BC7F5AE9E-SegmentedRaftLogWorker: safeCacheEvictIndex: setUnconditionally 0 -> -1
2021-07-20 20:05:24,564 [pool-373-thread-1] INFO  server.RaftServerConfigKeys (ConfUtils.java:logGet(44)) - raft.server.snapshot.auto.trigger.enabled = true (custom)
2021-07-20 20:05:24,564 [pool-373-thread-1] INFO  server.RaftServerConfigKeys (ConfUtils.java:logGet(44)) - raft.server.snapshot.auto.trigger.threshold = 10000 (custom)
2021-07-20 20:05:24,564 [pool-373-thread-1] INFO  server.RaftServerConfigKeys (ConfUtils.java:logGet(44)) - raft.server.snapshot.retention.file.num = 5 (custom)
2021-07-20 20:05:24,564 [pool-373-thread-1] INFO  server.RaftServerConfigKeys (ConfUtils.java:logGet(44)) - raft.server.log.purge.upto.snapshot.index = false (default)
2021-07-20 20:05:24,564 [pool-373-thread-1] INFO  server.RaftServerConfigKeys (ConfUtils.java:logGet(44)) - raft.server.retrycache.expirytime = 600000ms (custom)
2021-07-20 20:05:24,564 [pool-373-thread-1] INFO  server.RaftServerConfigKeys (ConfUtils.java:logGet(44)) - raft.server.retrycache.statistics.expirytime = 100μs (default)
2021-07-20 20:05:24,564 [pool-373-thread-1] INFO  metrics.RatisMetrics (RatisMetrics.java:lambda$create$0(36)) - Creating Metrics Registry : ratis.leader_election.04ab6d70-ea45-4448-8301-2ff63aaf71dc@group-C45BC7F5AE9E
2021-07-20 20:05:24,565 [pool-373-thread-1] INFO  metrics.RatisMetrics (RatisMetrics.java:lambda$create$0(36)) - Creating Metrics Registry : ratis.server.04ab6d70-ea45-4448-8301-2ff63aaf71dc@group-C45BC7F5AE9E
2021-07-20 20:05:24,566 [pool-373-thread-1] INFO  server.RaftServer$Division (RaftServerImpl.java:start(295)) - 04ab6d70-ea45-4448-8301-2ff63aaf71dc@group-C45BC7F5AE9E: start as a follower, conf=-1: [04ab6d70-ea45-4448-8301-2ff63aaf71dc|rpc:10.1.0.85:37589|dataStream:|priority:1, c2070e46-2fb8-4865-9842-aaf28229b296|rpc:10.1.0.85:37735|dataStream:|priority:0, ce149992-b5f4-48b7-837d-3c28b0a5cca8|rpc:10.1.0.85:37697|dataStream:|priority:0], old=null
2021-07-20 20:05:24,566 [pool-373-thread-1] INFO  server.RaftServer$Division (RaftServerImpl.java:setRole(284)) - 04ab6d70-ea45-4448-8301-2ff63aaf71dc@group-C45BC7F5AE9E: changes role from      null to FOLLOWER at term 0 for startAsFollower
2021-07-20 20:05:24,566 [pool-373-thread-1] INFO  impl.RoleInfo (RoleInfo.java:updateAndGet(130)) - 04ab6d70-ea45-4448-8301-2ff63aaf71dc: start 04ab6d70-ea45-4448-8301-2ff63aaf71dc@group-C45BC7F5AE9E-FollowerState
2021-07-20 20:05:24,566 [pool-373-thread-1] INFO  util.JmxRegister (JmxRegister.java:tryRegister(44)) - Successfully registered JMX Bean with object name Ratis:service=RaftServer,group=group-C45BC7F5AE9E,id=04ab6d70-ea45-4448-8301-2ff63aaf71dc
2021-07-20 20:05:24,566 [pool-373-thread-1] INFO  metrics.RatisMetrics (RatisMetrics.java:lambda$create$0(36)) - Creating Metrics Registry : ratis.state_machine.04ab6d70-ea45-4448-8301-2ff63aaf71dc@group-C45BC7F5AE9E
2021-07-20 20:05:24,576 [Command processor thread] INFO  commandhandler.CreatePipelineCommandHandler (CreatePipelineCommandHandler.java:handle(106)) - Created Pipeline RATIS THREE PipelineID=70eb5b07-2880-4fcf-8b06-c45bc7f5ae9e.
2021-07-20 20:05:24,576 [Command processor thread] INFO  server.RaftServer (RaftServerProxy.java:addNew(95)) - ce149992-b5f4-48b7-837d-3c28b0a5cca8: addNew group-B87A76F5A1EB:[04ab6d70-ea45-4448-8301-2ff63aaf71dc|rpc:10.1.0.85:37589|priority:0, c2070e46-2fb8-4865-9842-aaf28229b296|rpc:10.1.0.85:37735|priority:1, ce149992-b5f4-48b7-837d-3c28b0a5cca8|rpc:10.1.0.85:37697|priority:0] returns group-B87A76F5A1EB:java.util.concurrent.CompletableFuture@3ed168aa[Not completed]
2021-07-20 20:05:24,577 [pool-355-thread-1] INFO  server.RaftServer$Division (RaftServerImpl.java:<init>(180)) - ce149992-b5f4-48b7-837d-3c28b0a5cca8: new RaftServerImpl for group-B87A76F5A1EB:[04ab6d70-ea45-4448-8301-2ff63aaf71dc|rpc:10.1.0.85:37589|priority:0, c2070e46-2fb8-4865-9842-aaf28229b296|rpc:10.1.0.85:37735|priority:1, ce149992-b5f4-48b7-837d-3c28b0a5cca8|rpc:10.1.0.85:37697|priority:0] with ContainerStateMachine:uninitialized
2021-07-20 20:05:24,577 [pool-355-thread-1] INFO  server.RaftServerConfigKeys (ConfUtils.java:logGet(44)) - raft.server.rpc.timeout.min = 5s (custom)
2021-07-20 20:05:24,577 [pool-355-thread-1] INFO  server.RaftServerConfigKeys (ConfUtils.java:logGet(44)) - raft.server.rpc.timeout.max = 5200ms (custom)
2021-07-20 20:05:24,577 [pool-355-thread-1] INFO  server.RaftServerConfigKeys (ConfUtils.java:logGet(44)) - raft.server.rpc.sleep.time = 25ms (default)
2021-07-20 20:05:24,577 [pool-355-thread-1] INFO  server.RaftServerConfigKeys (ConfUtils.java:logGet(44)) - raft.server.rpc.slowness.timeout = 300s (custom)
2021-07-20 20:05:24,577 [pool-355-thread-1] INFO  server.RaftServerConfigKeys (ConfUtils.java:logGet(44)) - raft.server.leaderelection.leader.step-down.wait-time = 10s (default)
2021-07-20 20:05:24,577 [pool-355-thread-1] INFO  server.RaftServerConfigKeys (ConfUtils.java:logGet(44)) - raft.server.sleep.deviation.threshold = 300ms (default)
2021-07-20 20:05:24,577 [pool-355-thread-1] INFO  server.RaftServerConfigKeys (ConfUtils.java:logGet(44)) - raft.server.log.appender.install.snapshot.enabled = false (custom)
2021-07-20 20:05:24,577 [pool-355-thread-1] INFO  server.RaftServer$Division (ServerState.java:<init>(105)) - ce149992-b5f4-48b7-837d-3c28b0a5cca8@group-B87A76F5A1EB: ConfigurationManager, init=-1: [04ab6d70-ea45-4448-8301-2ff63aaf71dc|rpc:10.1.0.85:37589|priority:0, c2070e46-2fb8-4865-9842-aaf28229b296|rpc:10.1.0.85:37735|priority:1, ce149992-b5f4-48b7-837d-3c28b0a5cca8|rpc:10.1.0.85:37697|priority:0], old=null, confs=<EMPTY_MAP>
2021-07-20 20:05:24,577 [pool-355-thread-1] INFO  server.RaftServerConfigKeys (ConfUtils.java:logGet(44)) - raft.server.storage.dir = [/home/runner/work/ozone/ozone/mnt/ozone/hadoop-ozone/integration-test/target/test-dir/MiniOzoneClusterImpl-f5a46b5f-7322-4bfd-b1a2-40e9a3ca233c/datanode-0/data/ratis] (custom)
2021-07-20 20:05:24,577 [pool-355-thread-1] INFO  server.RaftServerConfigKeys (ConfUtils.java:logGet(44)) - raft.server.log.corruption.policy = EXCEPTION (default)
2021-07-20 20:05:24,577 [pool-355-thread-1] INFO  storage.RaftStorageDirectory (RaftStorageDirectoryImpl.java:analyzeStorage(132)) - The storage directory /home/runner/work/ozone/ozone/mnt/ozone/hadoop-ozone/integration-test/target/test-dir/MiniOzoneClusterImpl-f5a46b5f-7322-4bfd-b1a2-40e9a3ca233c/datanode-0/data/ratis/72dfc6c6-6dc3-40a5-af1b-b87a76f5a1eb does not exist. Creating ...
2021-07-20 20:05:24,578 [pool-355-thread-1] INFO  storage.RaftStorageDirectory (RaftStorageDirectoryImpl.java:tryLock(215)) - Lock on /home/runner/work/ozone/ozone/mnt/ozone/hadoop-ozone/integration-test/target/test-dir/MiniOzoneClusterImpl-f5a46b5f-7322-4bfd-b1a2-40e9a3ca233c/datanode-0/data/ratis/72dfc6c6-6dc3-40a5-af1b-b87a76f5a1eb/in_use.lock acquired by nodename 29699@fv-az148-341
2021-07-20 20:05:24,579 [pool-355-thread-1] INFO  storage.RaftStorage (RaftStorageImpl.java:format(87)) - Storage directory /home/runner/work/ozone/ozone/mnt/ozone/hadoop-ozone/integration-test/target/test-dir/MiniOzoneClusterImpl-f5a46b5f-7322-4bfd-b1a2-40e9a3ca233c/datanode-0/data/ratis/72dfc6c6-6dc3-40a5-af1b-b87a76f5a1eb has been successfully formatted.
2021-07-20 20:05:24,580 [pool-355-thread-1] INFO  ratis.ContainerStateMachine (ContainerStateMachine.java:loadSnapshot(223)) - group-B87A76F5A1EB: The snapshot info is null. Setting the last applied indexto:(t:0, i:~)
2021-07-20 20:05:24,580 [pool-355-thread-1] INFO  server.RaftServerConfigKeys (ConfUtils.java:logGet(44)) - raft.server.notification.no-leader.timeout = 300s (custom)
2021-07-20 20:05:24,580 [Datanode State Machine Thread - 0] WARN  statemachine.StateContext (StateContext.java:execute(621)) - No available thread in pool for past 1 seconds.
2021-07-20 20:05:24,580 [pool-355-thread-1] INFO  server.RaftServerConfigKeys (ConfUtils.java:logGet(44)) - raft.server.log.use.memory = false (default)
2021-07-20 20:05:24,580 [pool-355-thread-1] INFO  server.RaftServerConfigKeys (ConfUtils.java:logGet(44)) - raft.server.log.purge.gap = 1000000 (custom)
2021-07-20 20:05:24,580 [pool-355-thread-1] INFO  server.RaftServerConfigKeys (ConfUtils.java:logGet(44)) - raft.server.log.appender.buffer.byte-limit = 33554432 (custom)
2021-07-20 20:05:24,580 [pool-355-thread-1] INFO  metrics.RatisMetrics (RatisMetrics.java:lambda$create$0(36)) - Creating Metrics Registry : ratis.log_worker.ce149992-b5f4-48b7-837d-3c28b0a5cca8@group-B87A76F5A1EB
2021-07-20 20:05:24,580 [pool-355-thread-1] INFO  server.RaftServerConfigKeys (ConfUtils.java:logGet(44)) - raft.server.log.segment.size.max = 1048576 (custom)
2021-07-20 20:05:24,581 [pool-355-thread-1] INFO  server.RaftServerConfigKeys (ConfUtils.java:logGet(44)) - raft.server.log.segment.cache.num.max = 2 (custom)
2021-07-20 20:05:24,581 [pool-355-thread-1] INFO  server.RaftServerConfigKeys (ConfUtils.java:logGet(44)) - raft.server.log.segment.cache.size.max = 200MB (=209715200) (default)
2021-07-20 20:05:24,581 [pool-355-thread-1] INFO  segmented.SegmentedRaftLogWorker (SegmentedRaftLogWorker.java:<init>(182)) - new ce149992-b5f4-48b7-837d-3c28b0a5cca8@group-B87A76F5A1EB-SegmentedRaftLogWorker for RaftStorageImpl:Storage Directory /home/runner/work/ozone/ozone/mnt/ozone/hadoop-ozone/integration-test/target/test-dir/MiniOzoneClusterImpl-f5a46b5f-7322-4bfd-b1a2-40e9a3ca233c/datanode-0/data/ratis/72dfc6c6-6dc3-40a5-af1b-b87a76f5a1eb
2021-07-20 20:05:24,581 [pool-355-thread-1] INFO  server.RaftServerConfigKeys (ConfUtils.java:logGet(44)) - raft.server.log.queue.byte-limit = 2147483647 (custom)
2021-07-20 20:05:24,581 [pool-355-thread-1] INFO  server.RaftServerConfigKeys (ConfUtils.java:logGet(44)) - raft.server.log.queue.element-limit = 1024 (custom)
2021-07-20 20:05:24,581 [pool-355-thread-1] INFO  server.RaftServerConfigKeys (ConfUtils.java:logGet(44)) - raft.server.log.segment.size.max = 1048576 (custom)
2021-07-20 20:05:24,581 [pool-355-thread-1] INFO  server.RaftServerConfigKeys (ConfUtils.java:logGet(44)) - raft.server.log.preallocated.size = 16384 (custom)
2021-07-20 20:05:24,581 [pool-355-thread-1] INFO  server.RaftServerConfigKeys (ConfUtils.java:logGet(44)) - raft.server.log.force.sync.num = 128 (default)
2021-07-20 20:05:24,581 [pool-355-thread-1] INFO  server.RaftServerConfigKeys (ConfUtils.java:logGet(44)) - raft.server.log.statemachine.data.sync = true (default)
2021-07-20 20:05:24,581 [pool-355-thread-1] INFO  server.RaftServerConfigKeys (ConfUtils.java:logGet(44)) - raft.server.log.statemachine.data.sync.timeout = 10s (default)
2021-07-20 20:05:24,581 [pool-355-thread-1] INFO  server.RaftServerConfigKeys (ConfUtils.java:logGet(44)) - raft.server.log.statemachine.data.sync.timeout.retry = -1 (default)
2021-07-20 20:05:24,582 [pool-355-thread-1] INFO  server.RaftServerConfigKeys (ConfUtils.java:logGet(44)) - raft.server.log.write.buffer.size = 1048576 (custom)
2021-07-20 20:05:24,582 [pool-355-thread-1] INFO  server.RaftServerConfigKeys (ConfUtils.java:logGet(44)) - raft.server.log.statemachine.data.caching.enabled = true (custom)
2021-07-20 20:05:24,583 [pool-355-thread-1] INFO  segmented.SegmentedRaftLogWorker (SegmentedRaftLogWorker.java:lambda$new$0(133)) - ce149992-b5f4-48b7-837d-3c28b0a5cca8@group-B87A76F5A1EB-SegmentedRaftLogWorker: flushIndex: setUnconditionally 0 -> -1
2021-07-20 20:05:24,583 [pool-355-thread-1] INFO  segmented.SegmentedRaftLogWorker (SegmentedRaftLogWorker.java:lambda$new$0(133)) - ce149992-b5f4-48b7-837d-3c28b0a5cca8@group-B87A76F5A1EB-SegmentedRaftLogWorker: safeCacheEvictIndex: setUnconditionally 0 -> -1
2021-07-20 20:05:24,589 [pool-355-thread-1] INFO  server.RaftServerConfigKeys (ConfUtils.java:logGet(44)) - raft.server.snapshot.auto.trigger.enabled = true (custom)
2021-07-20 20:05:24,589 [pool-355-thread-1] INFO  server.RaftServerConfigKeys (ConfUtils.java:logGet(44)) - raft.server.snapshot.auto.trigger.threshold = 10000 (custom)
2021-07-20 20:05:24,589 [pool-355-thread-1] INFO  server.RaftServerConfigKeys (ConfUtils.java:logGet(44)) - raft.server.snapshot.retention.file.num = 5 (custom)
2021-07-20 20:05:24,589 [pool-355-thread-1] INFO  server.RaftServerConfigKeys (ConfUtils.java:logGet(44)) - raft.server.log.purge.upto.snapshot.index = false (default)
2021-07-20 20:05:24,589 [pool-355-thread-1] INFO  server.RaftServerConfigKeys (ConfUtils.java:logGet(44)) - raft.server.retrycache.expirytime = 600000ms (custom)
2021-07-20 20:05:24,589 [pool-355-thread-1] INFO  server.RaftServerConfigKeys (ConfUtils.java:logGet(44)) - raft.server.retrycache.statistics.expirytime = 100μs (default)
2021-07-20 20:05:24,589 [pool-355-thread-1] INFO  metrics.RatisMetrics (RatisMetrics.java:lambda$create$0(36)) - Creating Metrics Registry : ratis.leader_election.ce149992-b5f4-48b7-837d-3c28b0a5cca8@group-B87A76F5A1EB
2021-07-20 20:05:24,590 [pool-355-thread-1] INFO  metrics.RatisMetrics (RatisMetrics.java:lambda$create$0(36)) - Creating Metrics Registry : ratis.server.ce149992-b5f4-48b7-837d-3c28b0a5cca8@group-B87A76F5A1EB
2021-07-20 20:05:24,590 [pool-355-thread-1] INFO  server.RaftServer$Division (RaftServerImpl.java:start(295)) - ce149992-b5f4-48b7-837d-3c28b0a5cca8@group-B87A76F5A1EB: start as a follower, conf=-1: [04ab6d70-ea45-4448-8301-2ff63aaf71dc|rpc:10.1.0.85:37589|priority:0, c2070e46-2fb8-4865-9842-aaf28229b296|rpc:10.1.0.85:37735|priority:1, ce149992-b5f4-48b7-837d-3c28b0a5cca8|rpc:10.1.0.85:37697|priority:0], old=null
2021-07-20 20:05:24,590 [pool-355-thread-1] INFO  server.RaftServer$Division (RaftServerImpl.java:setRole(284)) - ce149992-b5f4-48b7-837d-3c28b0a5cca8@group-B87A76F5A1EB: changes role from      null to FOLLOWER at term 0 for startAsFollower
2021-07-20 20:05:24,590 [pool-355-thread-1] INFO  impl.RoleInfo (RoleInfo.java:updateAndGet(130)) - ce149992-b5f4-48b7-837d-3c28b0a5cca8: start ce149992-b5f4-48b7-837d-3c28b0a5cca8@group-B87A76F5A1EB-FollowerState
2021-07-20 20:05:24,591 [EventQueue-OpenPipelineForHealthyPipelineSafeModeRule] INFO  safemode.SCMSafeModeManager (HealthyPipelineSafeModeRule.java:process(124)) - SCM in safe mode. Healthy pipelines reported count is 0, required healthy pipeline reported count is 1
2021-07-20 20:05:24,596 [pool-355-thread-1] INFO  util.JmxRegister (JmxRegister.java:tryRegister(44)) - Successfully registered JMX Bean with object name Ratis:service=RaftServer,group=group-B87A76F5A1EB,id=ce149992-b5f4-48b7-837d-3c28b0a5cca8
2021-07-20 20:05:24,596 [pool-355-thread-1] INFO  metrics.RatisMetrics (RatisMetrics.java:lambda$create$0(36)) - Creating Metrics Registry : ratis.state_machine.ce149992-b5f4-48b7-837d-3c28b0a5cca8@group-B87A76F5A1EB
2021-07-20 20:05:24,596 [Command processor thread] INFO  ratis.XceiverServerRatis (XceiverServerRatis.java:addGroup(759)) - Created group PipelineID=72dfc6c6-6dc3-40a5-af1b-b87a76f5a1eb
2021-07-20 20:05:24,597 [Command processor thread] INFO  metrics.RatisMetrics (RatisMetrics.java:lambda$create$0(36)) - Creating Metrics Registry : ratis.client_message_metrics.client-CC2FB97E1EA4->c2070e46-2fb8-4865-9842-aaf28229b296
2021-07-20 20:05:24,605 [grpc-default-executor-1] INFO  server.RaftServer (RaftServerProxy.java:addNew(95)) - c2070e46-2fb8-4865-9842-aaf28229b296: addNew group-B87A76F5A1EB:[04ab6d70-ea45-4448-8301-2ff63aaf71dc|rpc:10.1.0.85:37589|dataStream:|priority:0, c2070e46-2fb8-4865-9842-aaf28229b296|rpc:10.1.0.85:37735|dataStream:|priority:1, ce149992-b5f4-48b7-837d-3c28b0a5cca8|rpc:10.1.0.85:37697|dataStream:|priority:0] returns group-B87A76F5A1EB:java.util.concurrent.CompletableFuture@6422b4bc[Not completed]
2021-07-20 20:05:24,606 [pool-391-thread-1] INFO  server.RaftServer$Division (RaftServerImpl.java:<init>(180)) - c2070e46-2fb8-4865-9842-aaf28229b296: new RaftServerImpl for group-B87A76F5A1EB:[04ab6d70-ea45-4448-8301-2ff63aaf71dc|rpc:10.1.0.85:37589|dataStream:|priority:0, c2070e46-2fb8-4865-9842-aaf28229b296|rpc:10.1.0.85:37735|dataStream:|priority:1, ce149992-b5f4-48b7-837d-3c28b0a5cca8|rpc:10.1.0.85:37697|dataStream:|priority:0] with ContainerStateMachine:uninitialized
2021-07-20 20:05:24,606 [pool-391-thread-1] INFO  server.RaftServerConfigKeys (ConfUtils.java:logGet(44)) - raft.server.rpc.timeout.min = 5s (custom)
2021-07-20 20:05:24,606 [pool-391-thread-1] INFO  server.RaftServerConfigKeys (ConfUtils.java:logGet(44)) - raft.server.rpc.timeout.max = 5200ms (custom)
2021-07-20 20:05:24,606 [pool-391-thread-1] INFO  server.RaftServerConfigKeys (ConfUtils.java:logGet(44)) - raft.server.rpc.sleep.time = 25ms (default)
2021-07-20 20:05:24,606 [pool-391-thread-1] INFO  server.RaftServerConfigKeys (ConfUtils.java:logGet(44)) - raft.server.rpc.slowness.timeout = 300s (custom)
2021-07-20 20:05:24,606 [pool-391-thread-1] INFO  server.RaftServerConfigKeys (ConfUtils.java:logGet(44)) - raft.server.leaderelection.leader.step-down.wait-time = 10s (default)
2021-07-20 20:05:24,606 [pool-391-thread-1] INFO  server.RaftServerConfigKeys (ConfUtils.java:logGet(44)) - raft.server.sleep.deviation.threshold = 300ms (default)
2021-07-20 20:05:24,606 [pool-391-thread-1] INFO  server.RaftServerConfigKeys (ConfUtils.java:logGet(44)) - raft.server.log.appender.install.snapshot.enabled = false (custom)
2021-07-20 20:05:24,606 [pool-391-thread-1] INFO  server.RaftServer$Division (ServerState.java:<init>(105)) - c2070e46-2fb8-4865-9842-aaf28229b296@group-B87A76F5A1EB: ConfigurationManager, init=-1: [04ab6d70-ea45-4448-8301-2ff63aaf71dc|rpc:10.1.0.85:37589|dataStream:|priority:0, c2070e46-2fb8-4865-9842-aaf28229b296|rpc:10.1.0.85:37735|dataStream:|priority:1, ce149992-b5f4-48b7-837d-3c28b0a5cca8|rpc:10.1.0.85:37697|dataStream:|priority:0], old=null, confs=<EMPTY_MAP>
2021-07-20 20:05:24,606 [pool-391-thread-1] INFO  server.RaftServerConfigKeys (ConfUtils.java:logGet(44)) - raft.server.storage.dir = [/home/runner/work/ozone/ozone/mnt/ozone/hadoop-ozone/integration-test/target/test-dir/MiniOzoneClusterImpl-f5a46b5f-7322-4bfd-b1a2-40e9a3ca233c/datanode-2/data/ratis] (custom)
2021-07-20 20:05:24,606 [pool-391-thread-1] INFO  server.RaftServerConfigKeys (ConfUtils.java:logGet(44)) - raft.server.log.corruption.policy = EXCEPTION (default)
2021-07-20 20:05:24,606 [pool-391-thread-1] INFO  storage.RaftStorageDirectory (RaftStorageDirectoryImpl.java:analyzeStorage(132)) - The storage directory /home/runner/work/ozone/ozone/mnt/ozone/hadoop-ozone/integration-test/target/test-dir/MiniOzoneClusterImpl-f5a46b5f-7322-4bfd-b1a2-40e9a3ca233c/datanode-2/data/ratis/72dfc6c6-6dc3-40a5-af1b-b87a76f5a1eb does not exist. Creating ...
2021-07-20 20:05:24,607 [pool-391-thread-1] INFO  storage.RaftStorageDirectory (RaftStorageDirectoryImpl.java:tryLock(215)) - Lock on /home/runner/work/ozone/ozone/mnt/ozone/hadoop-ozone/integration-test/target/test-dir/MiniOzoneClusterImpl-f5a46b5f-7322-4bfd-b1a2-40e9a3ca233c/datanode-2/data/ratis/72dfc6c6-6dc3-40a5-af1b-b87a76f5a1eb/in_use.lock acquired by nodename 29699@fv-az148-341
2021-07-20 20:05:24,608 [pool-391-thread-1] INFO  storage.RaftStorage (RaftStorageImpl.java:format(87)) - Storage directory /home/runner/work/ozone/ozone/mnt/ozone/hadoop-ozone/integration-test/target/test-dir/MiniOzoneClusterImpl-f5a46b5f-7322-4bfd-b1a2-40e9a3ca233c/datanode-2/data/ratis/72dfc6c6-6dc3-40a5-af1b-b87a76f5a1eb has been successfully formatted.
2021-07-20 20:05:24,609 [Datanode State Machine Thread - 0] WARN  statemachine.StateContext (StateContext.java:execute(621)) - No available thread in pool for past 1 seconds.
2021-07-20 20:05:24,609 [pool-391-thread-1] INFO  ratis.ContainerStateMachine (ContainerStateMachine.java:loadSnapshot(223)) - group-B87A76F5A1EB: The snapshot info is null. Setting the last applied indexto:(t:0, i:~)
2021-07-20 20:05:24,609 [pool-391-thread-1] INFO  server.RaftServerConfigKeys (ConfUtils.java:logGet(44)) - raft.server.notification.no-leader.timeout = 300s (custom)
2021-07-20 20:05:24,610 [pool-391-thread-1] INFO  server.RaftServerConfigKeys (ConfUtils.java:logGet(44)) - raft.server.log.use.memory = false (default)
2021-07-20 20:05:24,610 [pool-391-thread-1] INFO  server.RaftServerConfigKeys (ConfUtils.java:logGet(44)) - raft.server.log.purge.gap = 1000000 (custom)
2021-07-20 20:05:24,610 [pool-391-thread-1] INFO  server.RaftServerConfigKeys (ConfUtils.java:logGet(44)) - raft.server.log.appender.buffer.byte-limit = 33554432 (custom)
2021-07-20 20:05:24,610 [pool-391-thread-1] INFO  metrics.RatisMetrics (RatisMetrics.java:lambda$create$0(36)) - Creating Metrics Registry : ratis.log_worker.c2070e46-2fb8-4865-9842-aaf28229b296@group-B87A76F5A1EB
2021-07-20 20:05:24,610 [pool-391-thread-1] INFO  server.RaftServerConfigKeys (ConfUtils.java:logGet(44)) - raft.server.log.segment.size.max = 1048576 (custom)
2021-07-20 20:05:24,611 [pool-391-thread-1] INFO  server.RaftServerConfigKeys (ConfUtils.java:logGet(44)) - raft.server.log.segment.cache.num.max = 2 (custom)
2021-07-20 20:05:24,611 [pool-391-thread-1] INFO  server.RaftServerConfigKeys (ConfUtils.java:logGet(44)) - raft.server.log.segment.cache.size.max = 200MB (=209715200) (default)
2021-07-20 20:05:24,611 [pool-391-thread-1] INFO  segmented.SegmentedRaftLogWorker (SegmentedRaftLogWorker.java:<init>(182)) - new c2070e46-2fb8-4865-9842-aaf28229b296@group-B87A76F5A1EB-SegmentedRaftLogWorker for RaftStorageImpl:Storage Directory /home/runner/work/ozone/ozone/mnt/ozone/hadoop-ozone/integration-test/target/test-dir/MiniOzoneClusterImpl-f5a46b5f-7322-4bfd-b1a2-40e9a3ca233c/datanode-2/data/ratis/72dfc6c6-6dc3-40a5-af1b-b87a76f5a1eb
2021-07-20 20:05:24,611 [pool-391-thread-1] INFO  server.RaftServerConfigKeys (ConfUtils.java:logGet(44)) - raft.server.log.queue.byte-limit = 2147483647 (custom)
2021-07-20 20:05:24,611 [pool-391-thread-1] INFO  server.RaftServerConfigKeys (ConfUtils.java:logGet(44)) - raft.server.log.queue.element-limit = 1024 (custom)
2021-07-20 20:05:24,611 [pool-391-thread-1] INFO  server.RaftServerConfigKeys (ConfUtils.java:logGet(44)) - raft.server.log.segment.size.max = 1048576 (custom)
2021-07-20 20:05:24,611 [pool-391-thread-1] INFO  server.RaftServerConfigKeys (ConfUtils.java:logGet(44)) - raft.server.log.preallocated.size = 16384 (custom)
2021-07-20 20:05:24,611 [pool-391-thread-1] INFO  server.RaftServerConfigKeys (ConfUtils.java:logGet(44)) - raft.server.log.force.sync.num = 128 (default)
2021-07-20 20:05:24,611 [pool-391-thread-1] INFO  server.RaftServerConfigKeys (ConfUtils.java:logGet(44)) - raft.server.log.statemachine.data.sync = true (default)
2021-07-20 20:05:24,611 [pool-391-thread-1] INFO  server.RaftServerConfigKeys (ConfUtils.java:logGet(44)) - raft.server.log.statemachine.data.sync.timeout = 10s (default)
2021-07-20 20:05:24,611 [pool-391-thread-1] INFO  server.RaftServerConfigKeys (ConfUtils.java:logGet(44)) - raft.server.log.statemachine.data.sync.timeout.retry = -1 (default)
2021-07-20 20:05:24,612 [pool-391-thread-1] INFO  server.RaftServerConfigKeys (ConfUtils.java:logGet(44)) - raft.server.log.write.buffer.size = 1048576 (custom)
2021-07-20 20:05:24,613 [pool-391-thread-1] INFO  server.RaftServerConfigKeys (ConfUtils.java:logGet(44)) - raft.server.log.statemachine.data.caching.enabled = true (custom)
2021-07-20 20:05:24,613 [pool-391-thread-1] INFO  segmented.SegmentedRaftLogWorker (SegmentedRaftLogWorker.java:lambda$new$0(133)) - c2070e46-2fb8-4865-9842-aaf28229b296@group-B87A76F5A1EB-SegmentedRaftLogWorker: flushIndex: setUnconditionally 0 -> -1
2021-07-20 20:05:24,613 [pool-391-thread-1] INFO  segmented.SegmentedRaftLogWorker (SegmentedRaftLogWorker.java:lambda$new$0(133)) - c2070e46-2fb8-4865-9842-aaf28229b296@group-B87A76F5A1EB-SegmentedRaftLogWorker: safeCacheEvictIndex: setUnconditionally 0 -> -1
2021-07-20 20:05:24,613 [pool-391-thread-1] INFO  server.RaftServerConfigKeys (ConfUtils.java:logGet(44)) - raft.server.snapshot.auto.trigger.enabled = true (custom)
2021-07-20 20:05:24,613 [pool-391-thread-1] INFO  server.RaftServerConfigKeys (ConfUtils.java:logGet(44)) - raft.server.snapshot.auto.trigger.threshold = 10000 (custom)
2021-07-20 20:05:24,613 [pool-391-thread-1] INFO  server.RaftServerConfigKeys (ConfUtils.java:logGet(44)) - raft.server.snapshot.retention.file.num = 5 (custom)
2021-07-20 20:05:24,613 [pool-391-thread-1] INFO  server.RaftServerConfigKeys (ConfUtils.java:logGet(44)) - raft.server.log.purge.upto.snapshot.index = false (default)
2021-07-20 20:05:24,613 [pool-391-thread-1] INFO  server.RaftServerConfigKeys (ConfUtils.java:logGet(44)) - raft.server.retrycache.expirytime = 600000ms (custom)
2021-07-20 20:05:24,613 [pool-391-thread-1] INFO  server.RaftServerConfigKeys (ConfUtils.java:logGet(44)) - raft.server.retrycache.statistics.expirytime = 100μs (default)
2021-07-20 20:05:24,613 [pool-391-thread-1] INFO  metrics.RatisMetrics (RatisMetrics.java:lambda$create$0(36)) - Creating Metrics Registry : ratis.leader_election.c2070e46-2fb8-4865-9842-aaf28229b296@group-B87A76F5A1EB
2021-07-20 20:05:24,614 [pool-391-thread-1] INFO  metrics.RatisMetrics (RatisMetrics.java:lambda$create$0(36)) - Creating Metrics Registry : ratis.server.c2070e46-2fb8-4865-9842-aaf28229b296@group-B87A76F5A1EB
2021-07-20 20:05:24,614 [pool-391-thread-1] INFO  server.RaftServer$Division (RaftServerImpl.java:start(295)) - c2070e46-2fb8-4865-9842-aaf28229b296@group-B87A76F5A1EB: start as a follower, conf=-1: [04ab6d70-ea45-4448-8301-2ff63aaf71dc|rpc:10.1.0.85:37589|dataStream:|priority:0, c2070e46-2fb8-4865-9842-aaf28229b296|rpc:10.1.0.85:37735|dataStream:|priority:1, ce149992-b5f4-48b7-837d-3c28b0a5cca8|rpc:10.1.0.85:37697|dataStream:|priority:0], old=null
2021-07-20 20:05:24,615 [pool-391-thread-1] INFO  server.RaftServer$Division (RaftServerImpl.java:setRole(284)) - c2070e46-2fb8-4865-9842-aaf28229b296@group-B87A76F5A1EB: changes role from      null to FOLLOWER at term 0 for startAsFollower
2021-07-20 20:05:24,615 [pool-391-thread-1] INFO  impl.RoleInfo (RoleInfo.java:updateAndGet(130)) - c2070e46-2fb8-4865-9842-aaf28229b296: start c2070e46-2fb8-4865-9842-aaf28229b296@group-B87A76F5A1EB-FollowerState
2021-07-20 20:05:24,615 [pool-391-thread-1] INFO  util.JmxRegister (JmxRegister.java:tryRegister(44)) - Successfully registered JMX Bean with object name Ratis:service=RaftServer,group=group-B87A76F5A1EB,id=c2070e46-2fb8-4865-9842-aaf28229b296
2021-07-20 20:05:24,615 [pool-391-thread-1] INFO  metrics.RatisMetrics (RatisMetrics.java:lambda$create$0(36)) - Creating Metrics Registry : ratis.state_machine.c2070e46-2fb8-4865-9842-aaf28229b296@group-B87A76F5A1EB
2021-07-20 20:05:24,621 [Command processor thread] INFO  metrics.RatisMetrics (RatisMetrics.java:lambda$create$0(36)) - Creating Metrics Registry : ratis.client_message_metrics.client-B213212371A3->04ab6d70-ea45-4448-8301-2ff63aaf71dc
2021-07-20 20:05:24,627 [grpc-default-executor-1] INFO  server.RaftServer (RaftServerProxy.java:addNew(95)) - 04ab6d70-ea45-4448-8301-2ff63aaf71dc: addNew group-B87A76F5A1EB:[04ab6d70-ea45-4448-8301-2ff63aaf71dc|rpc:10.1.0.85:37589|dataStream:|priority:0, c2070e46-2fb8-4865-9842-aaf28229b296|rpc:10.1.0.85:37735|dataStream:|priority:1, ce149992-b5f4-48b7-837d-3c28b0a5cca8|rpc:10.1.0.85:37697|dataStream:|priority:0] returns group-B87A76F5A1EB:java.util.concurrent.CompletableFuture@4412c925[Not completed]
2021-07-20 20:05:24,628 [pool-373-thread-1] INFO  server.RaftServer$Division (RaftServerImpl.java:<init>(180)) - 04ab6d70-ea45-4448-8301-2ff63aaf71dc: new RaftServerImpl for group-B87A76F5A1EB:[04ab6d70-ea45-4448-8301-2ff63aaf71dc|rpc:10.1.0.85:37589|dataStream:|priority:0, c2070e46-2fb8-4865-9842-aaf28229b296|rpc:10.1.0.85:37735|dataStream:|priority:1, ce149992-b5f4-48b7-837d-3c28b0a5cca8|rpc:10.1.0.85:37697|dataStream:|priority:0] with ContainerStateMachine:uninitialized
2021-07-20 20:05:24,628 [pool-373-thread-1] INFO  server.RaftServerConfigKeys (ConfUtils.java:logGet(44)) - raft.server.rpc.timeout.min = 5s (custom)
2021-07-20 20:05:24,628 [pool-373-thread-1] INFO  server.RaftServerConfigKeys (ConfUtils.java:logGet(44)) - raft.server.rpc.timeout.max = 5200ms (custom)
2021-07-20 20:05:24,628 [pool-373-thread-1] INFO  server.RaftServerConfigKeys (ConfUtils.java:logGet(44)) - raft.server.rpc.sleep.time = 25ms (default)
2021-07-20 20:05:24,628 [pool-373-thread-1] INFO  server.RaftServerConfigKeys (ConfUtils.java:logGet(44)) - raft.server.rpc.slowness.timeout = 300s (custom)
2021-07-20 20:05:24,628 [pool-373-thread-1] INFO  server.RaftServerConfigKeys (ConfUtils.java:logGet(44)) - raft.server.leaderelection.leader.step-down.wait-time = 10s (default)
2021-07-20 20:05:24,628 [pool-373-thread-1] INFO  server.RaftServerConfigKeys (ConfUtils.java:logGet(44)) - raft.server.sleep.deviation.threshold = 300ms (default)
2021-07-20 20:05:24,628 [pool-373-thread-1] INFO  server.RaftServerConfigKeys (ConfUtils.java:logGet(44)) - raft.server.log.appender.install.snapshot.enabled = false (custom)
2021-07-20 20:05:24,628 [pool-373-thread-1] INFO  server.RaftServer$Division (ServerState.java:<init>(105)) - 04ab6d70-ea45-4448-8301-2ff63aaf71dc@group-B87A76F5A1EB: ConfigurationManager, init=-1: [04ab6d70-ea45-4448-8301-2ff63aaf71dc|rpc:10.1.0.85:37589|dataStream:|priority:0, c2070e46-2fb8-4865-9842-aaf28229b296|rpc:10.1.0.85:37735|dataStream:|priority:1, ce149992-b5f4-48b7-837d-3c28b0a5cca8|rpc:10.1.0.85:37697|dataStream:|priority:0], old=null, confs=<EMPTY_MAP>
2021-07-20 20:05:24,628 [pool-373-thread-1] INFO  server.RaftServerConfigKeys (ConfUtils.java:logGet(44)) - raft.server.storage.dir = [/home/runner/work/ozone/ozone/mnt/ozone/hadoop-ozone/integration-test/target/test-dir/MiniOzoneClusterImpl-f5a46b5f-7322-4bfd-b1a2-40e9a3ca233c/datanode-1/data/ratis] (custom)
2021-07-20 20:05:24,629 [pool-373-thread-1] INFO  server.RaftServerConfigKeys (ConfUtils.java:logGet(44)) - raft.server.log.corruption.policy = EXCEPTION (default)
2021-07-20 20:05:24,629 [pool-373-thread-1] INFO  storage.RaftStorageDirectory (RaftStorageDirectoryImpl.java:analyzeStorage(132)) - The storage directory /home/runner/work/ozone/ozone/mnt/ozone/hadoop-ozone/integration-test/target/test-dir/MiniOzoneClusterImpl-f5a46b5f-7322-4bfd-b1a2-40e9a3ca233c/datanode-1/data/ratis/72dfc6c6-6dc3-40a5-af1b-b87a76f5a1eb does not exist. Creating ...
2021-07-20 20:05:24,630 [pool-373-thread-1] INFO  storage.RaftStorageDirectory (RaftStorageDirectoryImpl.java:tryLock(215)) - Lock on /home/runner/work/ozone/ozone/mnt/ozone/hadoop-ozone/integration-test/target/test-dir/MiniOzoneClusterImpl-f5a46b5f-7322-4bfd-b1a2-40e9a3ca233c/datanode-1/data/ratis/72dfc6c6-6dc3-40a5-af1b-b87a76f5a1eb/in_use.lock acquired by nodename 29699@fv-az148-341
2021-07-20 20:05:24,631 [pool-373-thread-1] INFO  storage.RaftStorage (RaftStorageImpl.java:format(87)) - Storage directory /home/runner/work/ozone/ozone/mnt/ozone/hadoop-ozone/integration-test/target/test-dir/MiniOzoneClusterImpl-f5a46b5f-7322-4bfd-b1a2-40e9a3ca233c/datanode-1/data/ratis/72dfc6c6-6dc3-40a5-af1b-b87a76f5a1eb has been successfully formatted.
2021-07-20 20:05:24,631 [pool-373-thread-1] INFO  ratis.ContainerStateMachine (ContainerStateMachine.java:loadSnapshot(223)) - group-B87A76F5A1EB: The snapshot info is null. Setting the last applied indexto:(t:0, i:~)
2021-07-20 20:05:24,631 [pool-373-thread-1] INFO  server.RaftServerConfigKeys (ConfUtils.java:logGet(44)) - raft.server.notification.no-leader.timeout = 300s (custom)
2021-07-20 20:05:24,631 [Datanode State Machine Thread - 0] WARN  statemachine.StateContext (StateContext.java:execute(621)) - No available thread in pool for past 1 seconds.
2021-07-20 20:05:24,631 [pool-373-thread-1] INFO  server.RaftServerConfigKeys (ConfUtils.java:logGet(44)) - raft.server.log.use.memory = false (default)
2021-07-20 20:05:24,631 [pool-373-thread-1] INFO  server.RaftServerConfigKeys (ConfUtils.java:logGet(44)) - raft.server.log.purge.gap = 1000000 (custom)
2021-07-20 20:05:24,631 [pool-373-thread-1] INFO  server.RaftServerConfigKeys (ConfUtils.java:logGet(44)) - raft.server.log.appender.buffer.byte-limit = 33554432 (custom)
2021-07-20 20:05:24,632 [pool-373-thread-1] INFO  metrics.RatisMetrics (RatisMetrics.java:lambda$create$0(36)) - Creating Metrics Registry : ratis.log_worker.04ab6d70-ea45-4448-8301-2ff63aaf71dc@group-B87A76F5A1EB
2021-07-20 20:05:24,633 [pool-373-thread-1] INFO  server.RaftServerConfigKeys (ConfUtils.java:logGet(44)) - raft.server.log.segment.size.max = 1048576 (custom)
2021-07-20 20:05:24,634 [pool-373-thread-1] INFO  server.RaftServerConfigKeys (ConfUtils.java:logGet(44)) - raft.server.log.segment.cache.num.max = 2 (custom)
2021-07-20 20:05:24,634 [pool-373-thread-1] INFO  server.RaftServerConfigKeys (ConfUtils.java:logGet(44)) - raft.server.log.segment.cache.size.max = 200MB (=209715200) (default)
2021-07-20 20:05:24,634 [pool-373-thread-1] INFO  segmented.SegmentedRaftLogWorker (SegmentedRaftLogWorker.java:<init>(182)) - new 04ab6d70-ea45-4448-8301-2ff63aaf71dc@group-B87A76F5A1EB-SegmentedRaftLogWorker for RaftStorageImpl:Storage Directory /home/runner/work/ozone/ozone/mnt/ozone/hadoop-ozone/integration-test/target/test-dir/MiniOzoneClusterImpl-f5a46b5f-7322-4bfd-b1a2-40e9a3ca233c/datanode-1/data/ratis/72dfc6c6-6dc3-40a5-af1b-b87a76f5a1eb
2021-07-20 20:05:24,634 [pool-373-thread-1] INFO  server.RaftServerConfigKeys (ConfUtils.java:logGet(44)) - raft.server.log.queue.byte-limit = 2147483647 (custom)
2021-07-20 20:05:24,634 [pool-373-thread-1] INFO  server.RaftServerConfigKeys (ConfUtils.java:logGet(44)) - raft.server.log.queue.element-limit = 1024 (custom)
2021-07-20 20:05:24,634 [pool-373-thread-1] INFO  server.RaftServerConfigKeys (ConfUtils.java:logGet(44)) - raft.server.log.segment.size.max = 1048576 (custom)
2021-07-20 20:05:24,634 [pool-373-thread-1] INFO  server.RaftServerConfigKeys (ConfUtils.java:logGet(44)) - raft.server.log.preallocated.size = 16384 (custom)
2021-07-20 20:05:24,634 [pool-373-thread-1] INFO  server.RaftServerConfigKeys (ConfUtils.java:logGet(44)) - raft.server.log.force.sync.num = 128 (default)
2021-07-20 20:05:24,634 [pool-373-thread-1] INFO  server.RaftServerConfigKeys (ConfUtils.java:logGet(44)) - raft.server.log.statemachine.data.sync = true (default)
2021-07-20 20:05:24,634 [pool-373-thread-1] INFO  server.RaftServerConfigKeys (ConfUtils.java:logGet(44)) - raft.server.log.statemachine.data.sync.timeout = 10s (default)
2021-07-20 20:05:24,634 [pool-373-thread-1] INFO  server.RaftServerConfigKeys (ConfUtils.java:logGet(44)) - raft.server.log.statemachine.data.sync.timeout.retry = -1 (default)
2021-07-20 20:05:24,635 [pool-373-thread-1] INFO  server.RaftServerConfigKeys (ConfUtils.java:logGet(44)) - raft.server.log.write.buffer.size = 1048576 (custom)
2021-07-20 20:05:24,636 [pool-373-thread-1] INFO  server.RaftServerConfigKeys (ConfUtils.java:logGet(44)) - raft.server.log.statemachine.data.caching.enabled = true (custom)
2021-07-20 20:05:24,636 [pool-373-thread-1] INFO  segmented.SegmentedRaftLogWorker (SegmentedRaftLogWorker.java:lambda$new$0(133)) - 04ab6d70-ea45-4448-8301-2ff63aaf71dc@group-B87A76F5A1EB-SegmentedRaftLogWorker: flushIndex: setUnconditionally 0 -> -1
2021-07-20 20:05:24,637 [pool-373-thread-1] INFO  segmented.SegmentedRaftLogWorker (SegmentedRaftLogWorker.java:lambda$new$0(133)) - 04ab6d70-ea45-4448-8301-2ff63aaf71dc@group-B87A76F5A1EB-SegmentedRaftLogWorker: safeCacheEvictIndex: setUnconditionally 0 -> -1
2021-07-20 20:05:24,637 [pool-373-thread-1] INFO  server.RaftServerConfigKeys (ConfUtils.java:logGet(44)) - raft.server.snapshot.auto.trigger.enabled = true (custom)
2021-07-20 20:05:24,637 [pool-373-thread-1] INFO  server.RaftServerConfigKeys (ConfUtils.java:logGet(44)) - raft.server.snapshot.auto.trigger.threshold = 10000 (custom)
2021-07-20 20:05:24,637 [pool-373-thread-1] INFO  server.RaftServerConfigKeys (ConfUtils.java:logGet(44)) - raft.server.snapshot.retention.file.num = 5 (custom)
2021-07-20 20:05:24,637 [pool-373-thread-1] INFO  server.RaftServerConfigKeys (ConfUtils.java:logGet(44)) - raft.server.log.purge.upto.snapshot.index = false (default)
2021-07-20 20:05:24,637 [pool-373-thread-1] INFO  server.RaftServerConfigKeys (ConfUtils.java:logGet(44)) - raft.server.retrycache.expirytime = 600000ms (custom)
2021-07-20 20:05:24,637 [pool-373-thread-1] INFO  server.RaftServerConfigKeys (ConfUtils.java:logGet(44)) - raft.server.retrycache.statistics.expirytime = 100μs (default)
2021-07-20 20:05:24,637 [pool-373-thread-1] INFO  metrics.RatisMetrics (RatisMetrics.java:lambda$create$0(36)) - Creating Metrics Registry : ratis.leader_election.04ab6d70-ea45-4448-8301-2ff63aaf71dc@group-B87A76F5A1EB
2021-07-20 20:05:24,637 [pool-373-thread-1] INFO  metrics.RatisMetrics (RatisMetrics.java:lambda$create$0(36)) - Creating Metrics Registry : ratis.server.04ab6d70-ea45-4448-8301-2ff63aaf71dc@group-B87A76F5A1EB
2021-07-20 20:05:24,638 [pool-373-thread-1] INFO  server.RaftServer$Division (RaftServerImpl.java:start(295)) - 04ab6d70-ea45-4448-8301-2ff63aaf71dc@group-B87A76F5A1EB: start as a follower, conf=-1: [04ab6d70-ea45-4448-8301-2ff63aaf71dc|rpc:10.1.0.85:37589|dataStream:|priority:0, c2070e46-2fb8-4865-9842-aaf28229b296|rpc:10.1.0.85:37735|dataStream:|priority:1, ce149992-b5f4-48b7-837d-3c28b0a5cca8|rpc:10.1.0.85:37697|dataStream:|priority:0], old=null
2021-07-20 20:05:24,638 [pool-373-thread-1] INFO  server.RaftServer$Division (RaftServerImpl.java:setRole(284)) - 04ab6d70-ea45-4448-8301-2ff63aaf71dc@group-B87A76F5A1EB: changes role from      null to FOLLOWER at term 0 for startAsFollower
2021-07-20 20:05:24,638 [pool-373-thread-1] INFO  impl.RoleInfo (RoleInfo.java:updateAndGet(130)) - 04ab6d70-ea45-4448-8301-2ff63aaf71dc: start 04ab6d70-ea45-4448-8301-2ff63aaf71dc@group-B87A76F5A1EB-FollowerState
2021-07-20 20:05:24,641 [pool-373-thread-1] INFO  util.JmxRegister (JmxRegister.java:tryRegister(44)) - Successfully registered JMX Bean with object name Ratis:service=RaftServer,group=group-B87A76F5A1EB,id=04ab6d70-ea45-4448-8301-2ff63aaf71dc
2021-07-20 20:05:24,641 [pool-373-thread-1] INFO  metrics.RatisMetrics (RatisMetrics.java:lambda$create$0(36)) - Creating Metrics Registry : ratis.state_machine.04ab6d70-ea45-4448-8301-2ff63aaf71dc@group-B87A76F5A1EB
2021-07-20 20:05:24,648 [Command processor thread] INFO  server.RaftServer (RaftServerProxy.java:addNew(95)) - 04ab6d70-ea45-4448-8301-2ff63aaf71dc: addNew group-D7C0FE1B3BF3:[04ab6d70-ea45-4448-8301-2ff63aaf71dc|rpc:10.1.0.85:37589|priority:1] returns group-D7C0FE1B3BF3:java.util.concurrent.CompletableFuture@20a4bd93[Not completed]
2021-07-20 20:05:24,649 [pool-373-thread-1] INFO  server.RaftServer$Division (RaftServerImpl.java:<init>(180)) - 04ab6d70-ea45-4448-8301-2ff63aaf71dc: new RaftServerImpl for group-D7C0FE1B3BF3:[04ab6d70-ea45-4448-8301-2ff63aaf71dc|rpc:10.1.0.85:37589|priority:1] with ContainerStateMachine:uninitialized
2021-07-20 20:05:24,649 [pool-373-thread-1] INFO  server.RaftServerConfigKeys (ConfUtils.java:logGet(44)) - raft.server.rpc.timeout.min = 5s (custom)
2021-07-20 20:05:24,649 [pool-373-thread-1] INFO  server.RaftServerConfigKeys (ConfUtils.java:logGet(44)) - raft.server.rpc.timeout.max = 5200ms (custom)
2021-07-20 20:05:24,649 [pool-373-thread-1] INFO  server.RaftServerConfigKeys (ConfUtils.java:logGet(44)) - raft.server.rpc.sleep.time = 25ms (default)
2021-07-20 20:05:24,649 [pool-373-thread-1] INFO  server.RaftServerConfigKeys (ConfUtils.java:logGet(44)) - raft.server.rpc.slowness.timeout = 300s (custom)
2021-07-20 20:05:24,649 [pool-373-thread-1] INFO  server.RaftServerConfigKeys (ConfUtils.java:logGet(44)) - raft.server.leaderelection.leader.step-down.wait-time = 10s (default)
2021-07-20 20:05:24,649 [pool-373-thread-1] INFO  server.RaftServerConfigKeys (ConfUtils.java:logGet(44)) - raft.server.sleep.deviation.threshold = 300ms (default)
2021-07-20 20:05:24,649 [pool-373-thread-1] INFO  server.RaftServerConfigKeys (ConfUtils.java:logGet(44)) - raft.server.log.appender.install.snapshot.enabled = false (custom)
2021-07-20 20:05:24,649 [pool-373-thread-1] INFO  server.RaftServer$Division (ServerState.java:<init>(105)) - 04ab6d70-ea45-4448-8301-2ff63aaf71dc@group-D7C0FE1B3BF3: ConfigurationManager, init=-1: [04ab6d70-ea45-4448-8301-2ff63aaf71dc|rpc:10.1.0.85:37589|priority:1], old=null, confs=<EMPTY_MAP>
2021-07-20 20:05:24,649 [pool-373-thread-1] INFO  server.RaftServerConfigKeys (ConfUtils.java:logGet(44)) - raft.server.storage.dir = [/home/runner/work/ozone/ozone/mnt/ozone/hadoop-ozone/integration-test/target/test-dir/MiniOzoneClusterImpl-f5a46b5f-7322-4bfd-b1a2-40e9a3ca233c/datanode-1/data/ratis] (custom)
2021-07-20 20:05:24,649 [pool-373-thread-1] INFO  server.RaftServerConfigKeys (ConfUtils.java:logGet(44)) - raft.server.log.corruption.policy = EXCEPTION (default)
2021-07-20 20:05:24,649 [pool-373-thread-1] INFO  storage.RaftStorageDirectory (RaftStorageDirectoryImpl.java:analyzeStorage(132)) - The storage directory /home/runner/work/ozone/ozone/mnt/ozone/hadoop-ozone/integration-test/target/test-dir/MiniOzoneClusterImpl-f5a46b5f-7322-4bfd-b1a2-40e9a3ca233c/datanode-1/data/ratis/ac19465d-4702-4dee-833b-d7c0fe1b3bf3 does not exist. Creating ...
2021-07-20 20:05:24,651 [pool-373-thread-1] INFO  storage.RaftStorageDirectory (RaftStorageDirectoryImpl.java:tryLock(215)) - Lock on /home/runner/work/ozone/ozone/mnt/ozone/hadoop-ozone/integration-test/target/test-dir/MiniOzoneClusterImpl-f5a46b5f-7322-4bfd-b1a2-40e9a3ca233c/datanode-1/data/ratis/ac19465d-4702-4dee-833b-d7c0fe1b3bf3/in_use.lock acquired by nodename 29699@fv-az148-341
2021-07-20 20:05:24,652 [pool-373-thread-1] INFO  storage.RaftStorage (RaftStorageImpl.java:format(87)) - Storage directory /home/runner/work/ozone/ozone/mnt/ozone/hadoop-ozone/integration-test/target/test-dir/MiniOzoneClusterImpl-f5a46b5f-7322-4bfd-b1a2-40e9a3ca233c/datanode-1/data/ratis/ac19465d-4702-4dee-833b-d7c0fe1b3bf3 has been successfully formatted.
2021-07-20 20:05:24,653 [Datanode State Machine Thread - 0] WARN  statemachine.StateContext (StateContext.java:execute(621)) - No available thread in pool for past 1 seconds.
2021-07-20 20:05:24,654 [pool-373-thread-1] INFO  ratis.ContainerStateMachine (ContainerStateMachine.java:loadSnapshot(223)) - group-D7C0FE1B3BF3: The snapshot info is null. Setting the last applied indexto:(t:0, i:~)
2021-07-20 20:05:24,656 [pool-373-thread-1] INFO  server.RaftServerConfigKeys (ConfUtils.java:logGet(44)) - raft.server.notification.no-leader.timeout = 300s (custom)
2021-07-20 20:05:24,656 [pool-373-thread-1] INFO  server.RaftServerConfigKeys (ConfUtils.java:logGet(44)) - raft.server.log.use.memory = false (default)
2021-07-20 20:05:24,656 [pool-373-thread-1] INFO  server.RaftServerConfigKeys (ConfUtils.java:logGet(44)) - raft.server.log.purge.gap = 1000000 (custom)
2021-07-20 20:05:24,656 [pool-373-thread-1] INFO  server.RaftServerConfigKeys (ConfUtils.java:logGet(44)) - raft.server.log.appender.buffer.byte-limit = 33554432 (custom)
2021-07-20 20:05:24,656 [Command processor thread] INFO  commandhandler.CreatePipelineCommandHandler (CreatePipelineCommandHandler.java:handle(106)) - Created Pipeline RATIS THREE PipelineID=72dfc6c6-6dc3-40a5-af1b-b87a76f5a1eb.
2021-07-20 20:05:24,654 [EventQueue-PipelineReportForPipelineReportHandler] INFO  pipeline.PipelineManagerV2Impl (PipelineManagerV2Impl.java:openPipeline(283)) - Pipeline Pipeline[ Id: ac19465d-4702-4dee-833b-d7c0fe1b3bf3, Nodes: 04ab6d70-ea45-4448-8301-2ff63aaf71dc{ip: 10.1.0.85, host: fv-az148-341.bm4ck3pvxvsene1rjriu5fhcdb.bx.internal.cloudapp.net, ports: [REPLICATION=44147, RATIS=37589, RATIS_ADMIN=37589, RATIS_SERVER=37589, STANDALONE=33115], networkLocation: /default-rack, certSerialId: null, persistedOpState: IN_SERVICE, persistedOpStateExpiryEpochSec: 0}, ReplicationConfig: RATIS/ONE, State:ALLOCATED, leaderId:04ab6d70-ea45-4448-8301-2ff63aaf71dc, CreationTimestamp2021-07-20T20:05:21.651Z[Etc/UTC]] moved to OPEN state
2021-07-20 20:05:24,657 [EventQueue-OpenPipelineForHealthyPipelineSafeModeRule] INFO  safemode.SCMSafeModeManager (HealthyPipelineSafeModeRule.java:process(124)) - SCM in safe mode. Healthy pipelines reported count is 0, required healthy pipeline reported count is 1
2021-07-20 20:05:24,657 [pool-373-thread-1] INFO  metrics.RatisMetrics (RatisMetrics.java:lambda$create$0(36)) - Creating Metrics Registry : ratis.log_worker.04ab6d70-ea45-4448-8301-2ff63aaf71dc@group-D7C0FE1B3BF3
2021-07-20 20:05:24,657 [pool-373-thread-1] INFO  server.RaftServerConfigKeys (ConfUtils.java:logGet(44)) - raft.server.log.segment.size.max = 1048576 (custom)
2021-07-20 20:05:24,657 [pool-373-thread-1] INFO  server.RaftServerConfigKeys (ConfUtils.java:logGet(44)) - raft.server.log.segment.cache.num.max = 2 (custom)
2021-07-20 20:05:24,657 [pool-373-thread-1] INFO  server.RaftServerConfigKeys (ConfUtils.java:logGet(44)) - raft.server.log.segment.cache.size.max = 200MB (=209715200) (default)
2021-07-20 20:05:24,658 [pool-373-thread-1] INFO  segmented.SegmentedRaftLogWorker (SegmentedRaftLogWorker.java:<init>(182)) - new 04ab6d70-ea45-4448-8301-2ff63aaf71dc@group-D7C0FE1B3BF3-SegmentedRaftLogWorker for RaftStorageImpl:Storage Directory /home/runner/work/ozone/ozone/mnt/ozone/hadoop-ozone/integration-test/target/test-dir/MiniOzoneClusterImpl-f5a46b5f-7322-4bfd-b1a2-40e9a3ca233c/datanode-1/data/ratis/ac19465d-4702-4dee-833b-d7c0fe1b3bf3
2021-07-20 20:05:24,658 [pool-373-thread-1] INFO  server.RaftServerConfigKeys (ConfUtils.java:logGet(44)) - raft.server.log.queue.byte-limit = 2147483647 (custom)
2021-07-20 20:05:24,658 [pool-373-thread-1] INFO  server.RaftServerConfigKeys (ConfUtils.java:logGet(44)) - raft.server.log.queue.element-limit = 1024 (custom)
2021-07-20 20:05:24,658 [pool-373-thread-1] INFO  server.RaftServerConfigKeys (ConfUtils.java:logGet(44)) - raft.server.log.segment.size.max = 1048576 (custom)
2021-07-20 20:05:24,658 [pool-373-thread-1] INFO  server.RaftServerConfigKeys (ConfUtils.java:logGet(44)) - raft.server.log.preallocated.size = 16384 (custom)
2021-07-20 20:05:24,658 [pool-373-thread-1] INFO  server.RaftServerConfigKeys (ConfUtils.java:logGet(44)) - raft.server.log.force.sync.num = 128 (default)
2021-07-20 20:05:24,658 [pool-373-thread-1] INFO  server.RaftServerConfigKeys (ConfUtils.java:logGet(44)) - raft.server.log.statemachine.data.sync = true (default)
2021-07-20 20:05:24,658 [pool-373-thread-1] INFO  server.RaftServerConfigKeys (ConfUtils.java:logGet(44)) - raft.server.log.statemachine.data.sync.timeout = 10s (default)
2021-07-20 20:05:24,658 [pool-373-thread-1] INFO  server.RaftServerConfigKeys (ConfUtils.java:logGet(44)) - raft.server.log.statemachine.data.sync.timeout.retry = -1 (default)
2021-07-20 20:05:24,659 [pool-373-thread-1] INFO  server.RaftServerConfigKeys (ConfUtils.java:logGet(44)) - raft.server.log.write.buffer.size = 1048576 (custom)
2021-07-20 20:05:24,659 [pool-373-thread-1] INFO  server.RaftServerConfigKeys (ConfUtils.java:logGet(44)) - raft.server.log.statemachine.data.caching.enabled = true (custom)
2021-07-20 20:05:24,659 [pool-373-thread-1] INFO  segmented.SegmentedRaftLogWorker (SegmentedRaftLogWorker.java:lambda$new$0(133)) - 04ab6d70-ea45-4448-8301-2ff63aaf71dc@group-D7C0FE1B3BF3-SegmentedRaftLogWorker: flushIndex: setUnconditionally 0 -> -1
2021-07-20 20:05:24,659 [pool-373-thread-1] INFO  segmented.SegmentedRaftLogWorker (SegmentedRaftLogWorker.java:lambda$new$0(133)) - 04ab6d70-ea45-4448-8301-2ff63aaf71dc@group-D7C0FE1B3BF3-SegmentedRaftLogWorker: safeCacheEvictIndex: setUnconditionally 0 -> -1
2021-07-20 20:05:24,659 [pool-373-thread-1] INFO  server.RaftServerConfigKeys (ConfUtils.java:logGet(44)) - raft.server.snapshot.auto.trigger.enabled = true (custom)
2021-07-20 20:05:24,659 [pool-373-thread-1] INFO  server.RaftServerConfigKeys (ConfUtils.java:logGet(44)) - raft.server.snapshot.auto.trigger.threshold = 10000 (custom)
2021-07-20 20:05:24,659 [pool-373-thread-1] INFO  server.RaftServerConfigKeys (ConfUtils.java:logGet(44)) - raft.server.snapshot.retention.file.num = 5 (custom)
2021-07-20 20:05:24,660 [pool-373-thread-1] INFO  server.RaftServerConfigKeys (ConfUtils.java:logGet(44)) - raft.server.log.purge.upto.snapshot.index = false (default)
2021-07-20 20:05:24,660 [pool-373-thread-1] INFO  server.RaftServerConfigKeys (ConfUtils.java:logGet(44)) - raft.server.retrycache.expirytime = 600000ms (custom)
2021-07-20 20:05:24,660 [pool-373-thread-1] INFO  server.RaftServerConfigKeys (ConfUtils.java:logGet(44)) - raft.server.retrycache.statistics.expirytime = 100μs (default)
2021-07-20 20:05:24,660 [pool-373-thread-1] INFO  metrics.RatisMetrics (RatisMetrics.java:lambda$create$0(36)) - Creating Metrics Registry : ratis.leader_election.04ab6d70-ea45-4448-8301-2ff63aaf71dc@group-D7C0FE1B3BF3
2021-07-20 20:05:24,660 [pool-373-thread-1] INFO  metrics.RatisMetrics (RatisMetrics.java:lambda$create$0(36)) - Creating Metrics Registry : ratis.server.04ab6d70-ea45-4448-8301-2ff63aaf71dc@group-D7C0FE1B3BF3
2021-07-20 20:05:24,661 [pool-373-thread-1] INFO  server.RaftServer$Division (RaftServerImpl.java:start(295)) - 04ab6d70-ea45-4448-8301-2ff63aaf71dc@group-D7C0FE1B3BF3: start as a follower, conf=-1: [04ab6d70-ea45-4448-8301-2ff63aaf71dc|rpc:10.1.0.85:37589|priority:1], old=null
2021-07-20 20:05:24,661 [pool-373-thread-1] INFO  server.RaftServer$Division (RaftServerImpl.java:setRole(284)) - 04ab6d70-ea45-4448-8301-2ff63aaf71dc@group-D7C0FE1B3BF3: changes role from      null to FOLLOWER at term 0 for startAsFollower
2021-07-20 20:05:24,661 [pool-373-thread-1] INFO  impl.RoleInfo (RoleInfo.java:updateAndGet(130)) - 04ab6d70-ea45-4448-8301-2ff63aaf71dc: start 04ab6d70-ea45-4448-8301-2ff63aaf71dc@group-D7C0FE1B3BF3-FollowerState
2021-07-20 20:05:24,661 [pool-373-thread-1] INFO  util.JmxRegister (JmxRegister.java:tryRegister(44)) - Successfully registered JMX Bean with object name Ratis:service=RaftServer,group=group-D7C0FE1B3BF3,id=04ab6d70-ea45-4448-8301-2ff63aaf71dc
2021-07-20 20:05:24,661 [pool-373-thread-1] INFO  metrics.RatisMetrics (RatisMetrics.java:lambda$create$0(36)) - Creating Metrics Registry : ratis.state_machine.04ab6d70-ea45-4448-8301-2ff63aaf71dc@group-D7C0FE1B3BF3
2021-07-20 20:05:24,662 [Command processor thread] INFO  ratis.XceiverServerRatis (XceiverServerRatis.java:addGroup(759)) - Created group PipelineID=ac19465d-4702-4dee-833b-d7c0fe1b3bf3
2021-07-20 20:05:24,662 [Command processor thread] INFO  commandhandler.CreatePipelineCommandHandler (CreatePipelineCommandHandler.java:handle(106)) - Created Pipeline RATIS ONE PipelineID=ac19465d-4702-4dee-833b-d7c0fe1b3bf3.
2021-07-20 20:05:24,837 [Listener at 127.0.0.1/46215] INFO  ozone.MiniOzoneClusterImpl (MiniOzoneClusterImpl.java:lambda$waitForClusterToBeReady$0(230)) - Nodes are ready. Got 3 of 3 DN Heartbeats.
2021-07-20 20:05:24,837 [Listener at 127.0.0.1/46215] INFO  ozone.MiniOzoneClusterImpl (MiniOzoneClusterImpl.java:lambda$waitForClusterToBeReady$0(233)) - Waiting for cluster to exit safe mode
2021-07-20 20:05:24,837 [Listener at 127.0.0.1/46215] INFO  ozone.MiniOzoneClusterImpl (MiniOzoneClusterImpl.java:lambda$waitForClusterToBeReady$0(235)) - SCM became leader
2021-07-20 20:05:24,837 [Command processor thread] INFO  server.RaftServer (RaftServerProxy.java:addNew(95)) - c2070e46-2fb8-4865-9842-aaf28229b296: addNew group-EDFFCA5F43E8:[c2070e46-2fb8-4865-9842-aaf28229b296|rpc:10.1.0.85:37735|priority:1] returns group-EDFFCA5F43E8:java.util.concurrent.CompletableFuture@312eb4f[Not completed]
2021-07-20 20:05:24,838 [pool-391-thread-1] INFO  server.RaftServer$Division (RaftServerImpl.java:<init>(180)) - c2070e46-2fb8-4865-9842-aaf28229b296: new RaftServerImpl for group-EDFFCA5F43E8:[c2070e46-2fb8-4865-9842-aaf28229b296|rpc:10.1.0.85:37735|priority:1] with ContainerStateMachine:uninitialized
2021-07-20 20:05:24,838 [pool-391-thread-1] INFO  server.RaftServerConfigKeys (ConfUtils.java:logGet(44)) - raft.server.rpc.timeout.min = 5s (custom)
2021-07-20 20:05:24,838 [pool-391-thread-1] INFO  server.RaftServerConfigKeys (ConfUtils.java:logGet(44)) - raft.server.rpc.timeout.max = 5200ms (custom)
2021-07-20 20:05:24,838 [pool-391-thread-1] INFO  server.RaftServerConfigKeys (ConfUtils.java:logGet(44)) - raft.server.rpc.sleep.time = 25ms (default)
2021-07-20 20:05:24,838 [pool-391-thread-1] INFO  server.RaftServerConfigKeys (ConfUtils.java:logGet(44)) - raft.server.rpc.slowness.timeout = 300s (custom)
2021-07-20 20:05:24,838 [pool-391-thread-1] INFO  server.RaftServerConfigKeys (ConfUtils.java:logGet(44)) - raft.server.leaderelection.leader.step-down.wait-time = 10s (default)
2021-07-20 20:05:24,838 [pool-391-thread-1] INFO  server.RaftServerConfigKeys (ConfUtils.java:logGet(44)) - raft.server.sleep.deviation.threshold = 300ms (default)
2021-07-20 20:05:24,839 [pool-391-thread-1] INFO  server.RaftServerConfigKeys (ConfUtils.java:logGet(44)) - raft.server.log.appender.install.snapshot.enabled = false (custom)
2021-07-20 20:05:24,839 [pool-391-thread-1] INFO  server.RaftServer$Division (ServerState.java:<init>(105)) - c2070e46-2fb8-4865-9842-aaf28229b296@group-EDFFCA5F43E8: ConfigurationManager, init=-1: [c2070e46-2fb8-4865-9842-aaf28229b296|rpc:10.1.0.85:37735|priority:1], old=null, confs=<EMPTY_MAP>
2021-07-20 20:05:24,839 [pool-391-thread-1] INFO  server.RaftServerConfigKeys (ConfUtils.java:logGet(44)) - raft.server.storage.dir = [/home/runner/work/ozone/ozone/mnt/ozone/hadoop-ozone/integration-test/target/test-dir/MiniOzoneClusterImpl-f5a46b5f-7322-4bfd-b1a2-40e9a3ca233c/datanode-2/data/ratis] (custom)
2021-07-20 20:05:24,839 [pool-391-thread-1] INFO  server.RaftServerConfigKeys (ConfUtils.java:logGet(44)) - raft.server.log.corruption.policy = EXCEPTION (default)
2021-07-20 20:05:24,839 [pool-391-thread-1] INFO  storage.RaftStorageDirectory (RaftStorageDirectoryImpl.java:analyzeStorage(132)) - The storage directory /home/runner/work/ozone/ozone/mnt/ozone/hadoop-ozone/integration-test/target/test-dir/MiniOzoneClusterImpl-f5a46b5f-7322-4bfd-b1a2-40e9a3ca233c/datanode-2/data/ratis/d19d5926-55c2-45aa-96cb-edffca5f43e8 does not exist. Creating ...
2021-07-20 20:05:24,840 [pool-391-thread-1] INFO  storage.RaftStorageDirectory (RaftStorageDirectoryImpl.java:tryLock(215)) - Lock on /home/runner/work/ozone/ozone/mnt/ozone/hadoop-ozone/integration-test/target/test-dir/MiniOzoneClusterImpl-f5a46b5f-7322-4bfd-b1a2-40e9a3ca233c/datanode-2/data/ratis/d19d5926-55c2-45aa-96cb-edffca5f43e8/in_use.lock acquired by nodename 29699@fv-az148-341
2021-07-20 20:05:24,843 [pool-391-thread-1] INFO  storage.RaftStorage (RaftStorageImpl.java:format(87)) - Storage directory /home/runner/work/ozone/ozone/mnt/ozone/hadoop-ozone/integration-test/target/test-dir/MiniOzoneClusterImpl-f5a46b5f-7322-4bfd-b1a2-40e9a3ca233c/datanode-2/data/ratis/d19d5926-55c2-45aa-96cb-edffca5f43e8 has been successfully formatted.
2021-07-20 20:05:24,845 [EventQueue-PipelineReportForPipelineReportHandler] INFO  pipeline.PipelineManagerV2Impl (PipelineManagerV2Impl.java:openPipeline(283)) - Pipeline Pipeline[ Id: d19d5926-55c2-45aa-96cb-edffca5f43e8, Nodes: c2070e46-2fb8-4865-9842-aaf28229b296{ip: 10.1.0.85, host: fv-az148-341.bm4ck3pvxvsene1rjriu5fhcdb.bx.internal.cloudapp.net, ports: [REPLICATION=45485, RATIS=37735, RATIS_ADMIN=37735, RATIS_SERVER=37735, STANDALONE=35233], networkLocation: /default-rack, certSerialId: null, persistedOpState: IN_SERVICE, persistedOpStateExpiryEpochSec: 0}, ReplicationConfig: RATIS/ONE, State:ALLOCATED, leaderId:c2070e46-2fb8-4865-9842-aaf28229b296, CreationTimestamp2021-07-20T20:05:21.839Z[Etc/UTC]] moved to OPEN state
2021-07-20 20:05:24,845 [EventQueue-OpenPipelineForHealthyPipelineSafeModeRule] INFO  safemode.SCMSafeModeManager (HealthyPipelineSafeModeRule.java:process(124)) - SCM in safe mode. Healthy pipelines reported count is 0, required healthy pipeline reported count is 1
2021-07-20 20:05:24,848 [pool-391-thread-1] INFO  ratis.ContainerStateMachine (ContainerStateMachine.java:loadSnapshot(223)) - group-EDFFCA5F43E8: The snapshot info is null. Setting the last applied indexto:(t:0, i:~)
2021-07-20 20:05:24,848 [pool-391-thread-1] INFO  server.RaftServerConfigKeys (ConfUtils.java:logGet(44)) - raft.server.notification.no-leader.timeout = 300s (custom)
2021-07-20 20:05:24,848 [pool-391-thread-1] INFO  server.RaftServerConfigKeys (ConfUtils.java:logGet(44)) - raft.server.log.use.memory = false (default)
2021-07-20 20:05:24,848 [pool-391-thread-1] INFO  server.RaftServerConfigKeys (ConfUtils.java:logGet(44)) - raft.server.log.purge.gap = 1000000 (custom)
2021-07-20 20:05:24,848 [pool-391-thread-1] INFO  server.RaftServerConfigKeys (ConfUtils.java:logGet(44)) - raft.server.log.appender.buffer.byte-limit = 33554432 (custom)
2021-07-20 20:05:24,848 [pool-391-thread-1] INFO  metrics.RatisMetrics (RatisMetrics.java:lambda$create$0(36)) - Creating Metrics Registry : ratis.log_worker.c2070e46-2fb8-4865-9842-aaf28229b296@group-EDFFCA5F43E8
2021-07-20 20:05:24,849 [pool-391-thread-1] INFO  server.RaftServerConfigKeys (ConfUtils.java:logGet(44)) - raft.server.log.segment.size.max = 1048576 (custom)
2021-07-20 20:05:24,850 [pool-391-thread-1] INFO  server.RaftServerConfigKeys (ConfUtils.java:logGet(44)) - raft.server.log.segment.cache.num.max = 2 (custom)
2021-07-20 20:05:24,850 [pool-391-thread-1] INFO  server.RaftServerConfigKeys (ConfUtils.java:logGet(44)) - raft.server.log.segment.cache.size.max = 200MB (=209715200) (default)
2021-07-20 20:05:24,850 [pool-391-thread-1] INFO  segmented.SegmentedRaftLogWorker (SegmentedRaftLogWorker.java:<init>(182)) - new c2070e46-2fb8-4865-9842-aaf28229b296@group-EDFFCA5F43E8-SegmentedRaftLogWorker for RaftStorageImpl:Storage Directory /home/runner/work/ozone/ozone/mnt/ozone/hadoop-ozone/integration-test/target/test-dir/MiniOzoneClusterImpl-f5a46b5f-7322-4bfd-b1a2-40e9a3ca233c/datanode-2/data/ratis/d19d5926-55c2-45aa-96cb-edffca5f43e8
2021-07-20 20:05:24,850 [pool-391-thread-1] INFO  server.RaftServerConfigKeys (ConfUtils.java:logGet(44)) - raft.server.log.queue.byte-limit = 2147483647 (custom)
2021-07-20 20:05:24,850 [pool-391-thread-1] INFO  server.RaftServerConfigKeys (ConfUtils.java:logGet(44)) - raft.server.log.queue.element-limit = 1024 (custom)
2021-07-20 20:05:24,850 [pool-391-thread-1] INFO  server.RaftServerConfigKeys (ConfUtils.java:logGet(44)) - raft.server.log.segment.size.max = 1048576 (custom)
2021-07-20 20:05:24,851 [pool-391-thread-1] INFO  server.RaftServerConfigKeys (ConfUtils.java:logGet(44)) - raft.server.log.preallocated.size = 16384 (custom)
2021-07-20 20:05:24,851 [pool-391-thread-1] INFO  server.RaftServerConfigKeys (ConfUtils.java:logGet(44)) - raft.server.log.force.sync.num = 128 (default)
2021-07-20 20:05:24,851 [pool-391-thread-1] INFO  server.RaftServerConfigKeys (ConfUtils.java:logGet(44)) - raft.server.log.statemachine.data.sync = true (default)
2021-07-20 20:05:24,851 [pool-391-thread-1] INFO  server.RaftServerConfigKeys (ConfUtils.java:logGet(44)) - raft.server.log.statemachine.data.sync.timeout = 10s (default)
2021-07-20 20:05:24,851 [pool-391-thread-1] INFO  server.RaftServerConfigKeys (ConfUtils.java:logGet(44)) - raft.server.log.statemachine.data.sync.timeout.retry = -1 (default)
2021-07-20 20:05:24,852 [pool-391-thread-1] INFO  server.RaftServerConfigKeys (ConfUtils.java:logGet(44)) - raft.server.log.write.buffer.size = 1048576 (custom)
2021-07-20 20:05:24,852 [pool-391-thread-1] INFO  server.RaftServerConfigKeys (ConfUtils.java:logGet(44)) - raft.server.log.statemachine.data.caching.enabled = true (custom)
2021-07-20 20:05:24,852 [pool-391-thread-1] INFO  segmented.SegmentedRaftLogWorker (SegmentedRaftLogWorker.java:lambda$new$0(133)) - c2070e46-2fb8-4865-9842-aaf28229b296@group-EDFFCA5F43E8-SegmentedRaftLogWorker: flushIndex: setUnconditionally 0 -> -1
2021-07-20 20:05:24,853 [pool-391-thread-1] INFO  segmented.SegmentedRaftLogWorker (SegmentedRaftLogWorker.java:lambda$new$0(133)) - c2070e46-2fb8-4865-9842-aaf28229b296@group-EDFFCA5F43E8-SegmentedRaftLogWorker: safeCacheEvictIndex: setUnconditionally 0 -> -1
2021-07-20 20:05:24,853 [pool-391-thread-1] INFO  server.RaftServerConfigKeys (ConfUtils.java:logGet(44)) - raft.server.snapshot.auto.trigger.enabled = true (custom)
2021-07-20 20:05:24,853 [pool-391-thread-1] INFO  server.RaftServerConfigKeys (ConfUtils.java:logGet(44)) - raft.server.snapshot.auto.trigger.threshold = 10000 (custom)
2021-07-20 20:05:24,853 [pool-391-thread-1] INFO  server.RaftServerConfigKeys (ConfUtils.java:logGet(44)) - raft.server.snapshot.retention.file.num = 5 (custom)
2021-07-20 20:05:24,853 [pool-391-thread-1] INFO  server.RaftServerConfigKeys (ConfUtils.java:logGet(44)) - raft.server.log.purge.upto.snapshot.index = false (default)
2021-07-20 20:05:24,853 [pool-391-thread-1] INFO  server.RaftServerConfigKeys (ConfUtils.java:logGet(44)) - raft.server.retrycache.expirytime = 600000ms (custom)
2021-07-20 20:05:24,853 [pool-391-thread-1] INFO  server.RaftServerConfigKeys (ConfUtils.java:logGet(44)) - raft.server.retrycache.statistics.expirytime = 100μs (default)
2021-07-20 20:05:24,853 [pool-391-thread-1] INFO  metrics.RatisMetrics (RatisMetrics.java:lambda$create$0(36)) - Creating Metrics Registry : ratis.leader_election.c2070e46-2fb8-4865-9842-aaf28229b296@group-EDFFCA5F43E8
2021-07-20 20:05:24,853 [pool-391-thread-1] INFO  metrics.RatisMetrics (RatisMetrics.java:lambda$create$0(36)) - Creating Metrics Registry : ratis.server.c2070e46-2fb8-4865-9842-aaf28229b296@group-EDFFCA5F43E8
2021-07-20 20:05:24,854 [pool-391-thread-1] INFO  server.RaftServer$Division (RaftServerImpl.java:start(295)) - c2070e46-2fb8-4865-9842-aaf28229b296@group-EDFFCA5F43E8: start as a follower, conf=-1: [c2070e46-2fb8-4865-9842-aaf28229b296|rpc:10.1.0.85:37735|priority:1], old=null
2021-07-20 20:05:24,854 [pool-391-thread-1] INFO  server.RaftServer$Division (RaftServerImpl.java:setRole(284)) - c2070e46-2fb8-4865-9842-aaf28229b296@group-EDFFCA5F43E8: changes role from      null to FOLLOWER at term 0 for startAsFollower
2021-07-20 20:05:24,854 [pool-391-thread-1] INFO  impl.RoleInfo (RoleInfo.java:updateAndGet(130)) - c2070e46-2fb8-4865-9842-aaf28229b296: start c2070e46-2fb8-4865-9842-aaf28229b296@group-EDFFCA5F43E8-FollowerState
2021-07-20 20:05:24,854 [pool-391-thread-1] INFO  util.JmxRegister (JmxRegister.java:tryRegister(44)) - Successfully registered JMX Bean with object name Ratis:service=RaftServer,group=group-EDFFCA5F43E8,id=c2070e46-2fb8-4865-9842-aaf28229b296
2021-07-20 20:05:24,855 [pool-391-thread-1] INFO  metrics.RatisMetrics (RatisMetrics.java:lambda$create$0(36)) - Creating Metrics Registry : ratis.state_machine.c2070e46-2fb8-4865-9842-aaf28229b296@group-EDFFCA5F43E8
2021-07-20 20:05:24,855 [Command processor thread] INFO  ratis.XceiverServerRatis (XceiverServerRatis.java:addGroup(759)) - Created group PipelineID=d19d5926-55c2-45aa-96cb-edffca5f43e8
2021-07-20 20:05:24,855 [Command processor thread] INFO  commandhandler.CreatePipelineCommandHandler (CreatePipelineCommandHandler.java:handle(106)) - Created Pipeline RATIS ONE PipelineID=d19d5926-55c2-45aa-96cb-edffca5f43e8.
2021-07-20 20:05:25,838 [Listener at 127.0.0.1/46215] INFO  ozone.MiniOzoneClusterImpl (MiniOzoneClusterImpl.java:lambda$waitForClusterToBeReady$0(230)) - Nodes are ready. Got 3 of 3 DN Heartbeats.
2021-07-20 20:05:25,838 [Listener at 127.0.0.1/46215] INFO  ozone.MiniOzoneClusterImpl (MiniOzoneClusterImpl.java:lambda$waitForClusterToBeReady$0(233)) - Waiting for cluster to exit safe mode
2021-07-20 20:05:25,838 [Listener at 127.0.0.1/46215] INFO  ozone.MiniOzoneClusterImpl (MiniOzoneClusterImpl.java:lambda$waitForClusterToBeReady$0(235)) - SCM became leader
2021-07-20 20:05:26,838 [Listener at 127.0.0.1/46215] INFO  ozone.MiniOzoneClusterImpl (MiniOzoneClusterImpl.java:lambda$waitForClusterToBeReady$0(230)) - Nodes are ready. Got 3 of 3 DN Heartbeats.
2021-07-20 20:05:26,838 [Listener at 127.0.0.1/46215] INFO  ozone.MiniOzoneClusterImpl (MiniOzoneClusterImpl.java:lambda$waitForClusterToBeReady$0(233)) - Waiting for cluster to exit safe mode
2021-07-20 20:05:26,838 [Listener at 127.0.0.1/46215] INFO  ozone.MiniOzoneClusterImpl (MiniOzoneClusterImpl.java:lambda$waitForClusterToBeReady$0(235)) - SCM became leader
2021-07-20 20:05:27,839 [Listener at 127.0.0.1/46215] INFO  ozone.MiniOzoneClusterImpl (MiniOzoneClusterImpl.java:lambda$waitForClusterToBeReady$0(230)) - Nodes are ready. Got 3 of 3 DN Heartbeats.
2021-07-20 20:05:27,839 [Listener at 127.0.0.1/46215] INFO  ozone.MiniOzoneClusterImpl (MiniOzoneClusterImpl.java:lambda$waitForClusterToBeReady$0(233)) - Waiting for cluster to exit safe mode
2021-07-20 20:05:27,839 [Listener at 127.0.0.1/46215] INFO  ozone.MiniOzoneClusterImpl (MiniOzoneClusterImpl.java:lambda$waitForClusterToBeReady$0(235)) - SCM became leader
2021-07-20 20:05:28,839 [Listener at 127.0.0.1/46215] INFO  ozone.MiniOzoneClusterImpl (MiniOzoneClusterImpl.java:lambda$waitForClusterToBeReady$0(230)) - Nodes are ready. Got 3 of 3 DN Heartbeats.
2021-07-20 20:05:28,839 [Listener at 127.0.0.1/46215] INFO  ozone.MiniOzoneClusterImpl (MiniOzoneClusterImpl.java:lambda$waitForClusterToBeReady$0(233)) - Waiting for cluster to exit safe mode
2021-07-20 20:05:28,840 [Listener at 127.0.0.1/46215] INFO  ozone.MiniOzoneClusterImpl (MiniOzoneClusterImpl.java:lambda$waitForClusterToBeReady$0(235)) - SCM became leader
2021-07-20 20:05:29,638 [c2070e46-2fb8-4865-9842-aaf28229b296@group-B87A76F5A1EB-FollowerState] INFO  impl.FollowerState (FollowerState.java:run(134)) - c2070e46-2fb8-4865-9842-aaf28229b296@group-B87A76F5A1EB-FollowerState: change to CANDIDATE, lastRpcElapsedTime:5023016180ns, electionTimeout:5022ms
2021-07-20 20:05:29,638 [c2070e46-2fb8-4865-9842-aaf28229b296@group-B87A76F5A1EB-FollowerState] INFO  impl.RoleInfo (RoleInfo.java:shutdownFollowerState(108)) - c2070e46-2fb8-4865-9842-aaf28229b296: shutdown c2070e46-2fb8-4865-9842-aaf28229b296@group-B87A76F5A1EB-FollowerState
2021-07-20 20:05:29,638 [c2070e46-2fb8-4865-9842-aaf28229b296@group-B87A76F5A1EB-FollowerState] INFO  server.RaftServer$Division (RaftServerImpl.java:setRole(284)) - c2070e46-2fb8-4865-9842-aaf28229b296@group-B87A76F5A1EB: changes role from  FOLLOWER to CANDIDATE at term 0 for changeToCandidate
2021-07-20 20:05:29,638 [c2070e46-2fb8-4865-9842-aaf28229b296@group-B87A76F5A1EB-FollowerState] INFO  server.RaftServerConfigKeys (ConfUtils.java:logGet(44)) - raft.server.leaderelection.pre-vote = false (custom)
2021-07-20 20:05:29,638 [c2070e46-2fb8-4865-9842-aaf28229b296@group-B87A76F5A1EB-FollowerState] INFO  impl.RoleInfo (RoleInfo.java:updateAndGet(130)) - c2070e46-2fb8-4865-9842-aaf28229b296: start c2070e46-2fb8-4865-9842-aaf28229b296@group-B87A76F5A1EB-LeaderElection34
2021-07-20 20:05:29,641 [c2070e46-2fb8-4865-9842-aaf28229b296@group-B87A76F5A1EB-LeaderElection34] INFO  impl.LeaderElection (LeaderElection.java:askForVotes(306)) - c2070e46-2fb8-4865-9842-aaf28229b296@group-B87A76F5A1EB-LeaderElection34 ELECTION round 0: submit vote requests at term 1 for -1: [04ab6d70-ea45-4448-8301-2ff63aaf71dc|rpc:10.1.0.85:37589|dataStream:|priority:0, c2070e46-2fb8-4865-9842-aaf28229b296|rpc:10.1.0.85:37735|dataStream:|priority:1, ce149992-b5f4-48b7-837d-3c28b0a5cca8|rpc:10.1.0.85:37697|dataStream:|priority:0], old=null
2021-07-20 20:05:29,641 [04ab6d70-ea45-4448-8301-2ff63aaf71dc@group-C45BC7F5AE9E-FollowerState] INFO  impl.FollowerState (FollowerState.java:run(134)) - 04ab6d70-ea45-4448-8301-2ff63aaf71dc@group-C45BC7F5AE9E-FollowerState: change to CANDIDATE, lastRpcElapsedTime:5075020879ns, electionTimeout:5074ms
2021-07-20 20:05:29,641 [04ab6d70-ea45-4448-8301-2ff63aaf71dc@group-C45BC7F5AE9E-FollowerState] INFO  impl.RoleInfo (RoleInfo.java:shutdownFollowerState(108)) - 04ab6d70-ea45-4448-8301-2ff63aaf71dc: shutdown 04ab6d70-ea45-4448-8301-2ff63aaf71dc@group-C45BC7F5AE9E-FollowerState
2021-07-20 20:05:29,641 [04ab6d70-ea45-4448-8301-2ff63aaf71dc@group-C45BC7F5AE9E-FollowerState] INFO  server.RaftServer$Division (RaftServerImpl.java:setRole(284)) - 04ab6d70-ea45-4448-8301-2ff63aaf71dc@group-C45BC7F5AE9E: changes role from  FOLLOWER to CANDIDATE at term 0 for changeToCandidate
2021-07-20 20:05:29,648 [04ab6d70-ea45-4448-8301-2ff63aaf71dc@group-C45BC7F5AE9E-FollowerState] INFO  server.RaftServerConfigKeys (ConfUtils.java:logGet(44)) - raft.server.leaderelection.pre-vote = false (custom)
2021-07-20 20:05:29,648 [ce149992-b5f4-48b7-837d-3c28b0a5cca8@group-C45BC7F5AE9E-FollowerState] INFO  impl.FollowerState (FollowerState.java:run(134)) - ce149992-b5f4-48b7-837d-3c28b0a5cca8@group-C45BC7F5AE9E-FollowerState: change to CANDIDATE, lastRpcElapsedTime:5130892258ns, electionTimeout:5124ms
2021-07-20 20:05:29,648 [04ab6d70-ea45-4448-8301-2ff63aaf71dc@group-C45BC7F5AE9E-FollowerState] INFO  impl.RoleInfo (RoleInfo.java:updateAndGet(130)) - 04ab6d70-ea45-4448-8301-2ff63aaf71dc: start 04ab6d70-ea45-4448-8301-2ff63aaf71dc@group-C45BC7F5AE9E-LeaderElection35
2021-07-20 20:05:29,648 [ce149992-b5f4-48b7-837d-3c28b0a5cca8@group-C45BC7F5AE9E-FollowerState] INFO  impl.RoleInfo (RoleInfo.java:shutdownFollowerState(108)) - ce149992-b5f4-48b7-837d-3c28b0a5cca8: shutdown ce149992-b5f4-48b7-837d-3c28b0a5cca8@group-C45BC7F5AE9E-FollowerState
2021-07-20 20:05:29,649 [ce149992-b5f4-48b7-837d-3c28b0a5cca8@group-C45BC7F5AE9E-FollowerState] INFO  server.RaftServer$Division (RaftServerImpl.java:setRole(284)) - ce149992-b5f4-48b7-837d-3c28b0a5cca8@group-C45BC7F5AE9E: changes role from  FOLLOWER to CANDIDATE at term 0 for changeToCandidate
2021-07-20 20:05:29,651 [ce149992-b5f4-48b7-837d-3c28b0a5cca8@group-C45BC7F5AE9E-FollowerState] INFO  server.RaftServerConfigKeys (ConfUtils.java:logGet(44)) - raft.server.leaderelection.pre-vote = false (custom)
2021-07-20 20:05:29,651 [ce149992-b5f4-48b7-837d-3c28b0a5cca8@group-C45BC7F5AE9E-FollowerState] INFO  impl.RoleInfo (RoleInfo.java:updateAndGet(130)) - ce149992-b5f4-48b7-837d-3c28b0a5cca8: start ce149992-b5f4-48b7-837d-3c28b0a5cca8@group-C45BC7F5AE9E-LeaderElection36
2021-07-20 20:05:29,657 [04ab6d70-ea45-4448-8301-2ff63aaf71dc@group-B87A76F5A1EB-FollowerState] INFO  impl.FollowerState (FollowerState.java:run(134)) - 04ab6d70-ea45-4448-8301-2ff63aaf71dc@group-B87A76F5A1EB-FollowerState: change to CANDIDATE, lastRpcElapsedTime:5019117700ns, electionTimeout:5009ms
2021-07-20 20:05:29,658 [04ab6d70-ea45-4448-8301-2ff63aaf71dc@group-B87A76F5A1EB-FollowerState] INFO  impl.RoleInfo (RoleInfo.java:shutdownFollowerState(108)) - 04ab6d70-ea45-4448-8301-2ff63aaf71dc: shutdown 04ab6d70-ea45-4448-8301-2ff63aaf71dc@group-B87A76F5A1EB-FollowerState
2021-07-20 20:05:29,658 [04ab6d70-ea45-4448-8301-2ff63aaf71dc@group-B87A76F5A1EB-FollowerState] INFO  server.RaftServer$Division (RaftServerImpl.java:setRole(284)) - 04ab6d70-ea45-4448-8301-2ff63aaf71dc@group-B87A76F5A1EB: changes role from  FOLLOWER to CANDIDATE at term 0 for changeToCandidate
2021-07-20 20:05:29,658 [04ab6d70-ea45-4448-8301-2ff63aaf71dc@group-B87A76F5A1EB-FollowerState] INFO  server.RaftServerConfigKeys (ConfUtils.java:logGet(44)) - raft.server.leaderelection.pre-vote = false (custom)
2021-07-20 20:05:29,658 [04ab6d70-ea45-4448-8301-2ff63aaf71dc@group-B87A76F5A1EB-FollowerState] INFO  impl.RoleInfo (RoleInfo.java:updateAndGet(130)) - 04ab6d70-ea45-4448-8301-2ff63aaf71dc: start 04ab6d70-ea45-4448-8301-2ff63aaf71dc@group-B87A76F5A1EB-LeaderElection37
2021-07-20 20:05:29,663 [c2070e46-2fb8-4865-9842-aaf28229b296@group-C45BC7F5AE9E-FollowerState] INFO  impl.FollowerState (FollowerState.java:run(134)) - c2070e46-2fb8-4865-9842-aaf28229b296@group-C45BC7F5AE9E-FollowerState: change to CANDIDATE, lastRpcElapsedTime:5125719519ns, electionTimeout:5123ms
2021-07-20 20:05:29,663 [c2070e46-2fb8-4865-9842-aaf28229b296@group-C45BC7F5AE9E-FollowerState] INFO  impl.RoleInfo (RoleInfo.java:shutdownFollowerState(108)) - c2070e46-2fb8-4865-9842-aaf28229b296: shutdown c2070e46-2fb8-4865-9842-aaf28229b296@group-C45BC7F5AE9E-FollowerState
2021-07-20 20:05:29,663 [c2070e46-2fb8-4865-9842-aaf28229b296@group-C45BC7F5AE9E-FollowerState] INFO  server.RaftServer$Division (RaftServerImpl.java:setRole(284)) - c2070e46-2fb8-4865-9842-aaf28229b296@group-C45BC7F5AE9E: changes role from  FOLLOWER to CANDIDATE at term 0 for changeToCandidate
2021-07-20 20:05:29,663 [c2070e46-2fb8-4865-9842-aaf28229b296@group-C45BC7F5AE9E-FollowerState] INFO  server.RaftServerConfigKeys (ConfUtils.java:logGet(44)) - raft.server.leaderelection.pre-vote = false (custom)
2021-07-20 20:05:29,663 [c2070e46-2fb8-4865-9842-aaf28229b296@group-C45BC7F5AE9E-FollowerState] INFO  impl.RoleInfo (RoleInfo.java:updateAndGet(130)) - c2070e46-2fb8-4865-9842-aaf28229b296: start c2070e46-2fb8-4865-9842-aaf28229b296@group-C45BC7F5AE9E-LeaderElection38
2021-07-20 20:05:29,671 [04ab6d70-ea45-4448-8301-2ff63aaf71dc@group-C45BC7F5AE9E-LeaderElection35] INFO  impl.LeaderElection (LeaderElection.java:askForVotes(306)) - 04ab6d70-ea45-4448-8301-2ff63aaf71dc@group-C45BC7F5AE9E-LeaderElection35 ELECTION round 0: submit vote requests at term 1 for -1: [04ab6d70-ea45-4448-8301-2ff63aaf71dc|rpc:10.1.0.85:37589|dataStream:|priority:1, c2070e46-2fb8-4865-9842-aaf28229b296|rpc:10.1.0.85:37735|dataStream:|priority:0, ce149992-b5f4-48b7-837d-3c28b0a5cca8|rpc:10.1.0.85:37697|dataStream:|priority:0], old=null
2021-07-20 20:05:29,672 [c2070e46-2fb8-4865-9842-aaf28229b296@group-C45BC7F5AE9E-LeaderElection38] INFO  impl.LeaderElection (LeaderElection.java:askForVotes(306)) - c2070e46-2fb8-4865-9842-aaf28229b296@group-C45BC7F5AE9E-LeaderElection38 ELECTION round 0: submit vote requests at term 1 for -1: [04ab6d70-ea45-4448-8301-2ff63aaf71dc|rpc:10.1.0.85:37589|dataStream:|priority:1, c2070e46-2fb8-4865-9842-aaf28229b296|rpc:10.1.0.85:37735|dataStream:|priority:0, ce149992-b5f4-48b7-837d-3c28b0a5cca8|rpc:10.1.0.85:37697|dataStream:|priority:0], old=null
2021-07-20 20:05:29,679 [ce149992-b5f4-48b7-837d-3c28b0a5cca8@group-C45BC7F5AE9E-LeaderElection36] INFO  impl.LeaderElection (LeaderElection.java:askForVotes(306)) - ce149992-b5f4-48b7-837d-3c28b0a5cca8@group-C45BC7F5AE9E-LeaderElection36 ELECTION round 0: submit vote requests at term 1 for -1: [04ab6d70-ea45-4448-8301-2ff63aaf71dc|rpc:10.1.0.85:37589|priority:1, c2070e46-2fb8-4865-9842-aaf28229b296|rpc:10.1.0.85:37735|priority:0, ce149992-b5f4-48b7-837d-3c28b0a5cca8|rpc:10.1.0.85:37697|priority:0], old=null
2021-07-20 20:05:29,683 [04ab6d70-ea45-4448-8301-2ff63aaf71dc@group-B87A76F5A1EB-LeaderElection37] INFO  impl.LeaderElection (LeaderElection.java:askForVotes(306)) - 04ab6d70-ea45-4448-8301-2ff63aaf71dc@group-B87A76F5A1EB-LeaderElection37 ELECTION round 0: submit vote requests at term 1 for -1: [04ab6d70-ea45-4448-8301-2ff63aaf71dc|rpc:10.1.0.85:37589|dataStream:|priority:0, c2070e46-2fb8-4865-9842-aaf28229b296|rpc:10.1.0.85:37735|dataStream:|priority:1, ce149992-b5f4-48b7-837d-3c28b0a5cca8|rpc:10.1.0.85:37697|dataStream:|priority:0], old=null
2021-07-20 20:05:29,687 [ce149992-b5f4-48b7-837d-3c28b0a5cca8@group-E2D5270DBEEA-FollowerState] INFO  impl.FollowerState (FollowerState.java:run(134)) - ce149992-b5f4-48b7-837d-3c28b0a5cca8@group-E2D5270DBEEA-FollowerState: change to CANDIDATE, lastRpcElapsedTime:5187022348ns, electionTimeout:5186ms
2021-07-20 20:05:29,687 [ce149992-b5f4-48b7-837d-3c28b0a5cca8@group-E2D5270DBEEA-FollowerState] INFO  impl.RoleInfo (RoleInfo.java:shutdownFollowerState(108)) - ce149992-b5f4-48b7-837d-3c28b0a5cca8: shutdown ce149992-b5f4-48b7-837d-3c28b0a5cca8@group-E2D5270DBEEA-FollowerState
2021-07-20 20:05:29,688 [ce149992-b5f4-48b7-837d-3c28b0a5cca8@group-E2D5270DBEEA-FollowerState] INFO  server.RaftServer$Division (RaftServerImpl.java:setRole(284)) - ce149992-b5f4-48b7-837d-3c28b0a5cca8@group-E2D5270DBEEA: changes role from  FOLLOWER to CANDIDATE at term 0 for changeToCandidate
2021-07-20 20:05:29,688 [grpc-default-executor-1] INFO  server.RaftServer$Division (RaftServerImpl.java:requestVote(1042)) - c2070e46-2fb8-4865-9842-aaf28229b296@group-C45BC7F5AE9E: receive requestVote(ELECTION, 04ab6d70-ea45-4448-8301-2ff63aaf71dc, group-C45BC7F5AE9E, 1, (t:0, i:0))
2021-07-20 20:05:29,688 [grpc-default-executor-1] INFO  impl.VoteContext (VoteContext.java:log(48)) - c2070e46-2fb8-4865-9842-aaf28229b296@group-C45BC7F5AE9E-CANDIDATE: reject ELECTION from 04ab6d70-ea45-4448-8301-2ff63aaf71dc: already has voted for c2070e46-2fb8-4865-9842-aaf28229b296 at current term 1
2021-07-20 20:05:29,688 [grpc-default-executor-1] INFO  server.RaftServer$Division (RaftServerImpl.java:requestVote(1074)) - c2070e46-2fb8-4865-9842-aaf28229b296@group-C45BC7F5AE9E replies to ELECTION vote request: 04ab6d70-ea45-4448-8301-2ff63aaf71dc<-c2070e46-2fb8-4865-9842-aaf28229b296#0:FAIL-t1. Peer's state: c2070e46-2fb8-4865-9842-aaf28229b296@group-C45BC7F5AE9E:t1, leader=null, voted=c2070e46-2fb8-4865-9842-aaf28229b296, raftlog=c2070e46-2fb8-4865-9842-aaf28229b296@group-C45BC7F5AE9E-SegmentedRaftLog:OPENED:c-1,f-1,i0, conf=-1: [04ab6d70-ea45-4448-8301-2ff63aaf71dc|rpc:10.1.0.85:37589|dataStream:|priority:1, c2070e46-2fb8-4865-9842-aaf28229b296|rpc:10.1.0.85:37735|dataStream:|priority:0, ce149992-b5f4-48b7-837d-3c28b0a5cca8|rpc:10.1.0.85:37697|dataStream:|priority:0], old=null
2021-07-20 20:05:29,692 [ce149992-b5f4-48b7-837d-3c28b0a5cca8@group-E2D5270DBEEA-FollowerState] INFO  server.RaftServerConfigKeys (ConfUtils.java:logGet(44)) - raft.server.leaderelection.pre-vote = false (custom)
2021-07-20 20:05:29,693 [ce149992-b5f4-48b7-837d-3c28b0a5cca8@group-E2D5270DBEEA-FollowerState] INFO  impl.RoleInfo (RoleInfo.java:updateAndGet(130)) - ce149992-b5f4-48b7-837d-3c28b0a5cca8: start ce149992-b5f4-48b7-837d-3c28b0a5cca8@group-E2D5270DBEEA-LeaderElection39
2021-07-20 20:05:29,700 [grpc-default-executor-1] INFO  server.RaftServer$Division (RaftServerImpl.java:requestVote(1042)) - c2070e46-2fb8-4865-9842-aaf28229b296@group-B87A76F5A1EB: receive requestVote(ELECTION, 04ab6d70-ea45-4448-8301-2ff63aaf71dc, group-B87A76F5A1EB, 1, (t:0, i:0))
2021-07-20 20:05:29,700 [grpc-default-executor-1] INFO  impl.VoteContext (VoteContext.java:log(48)) - c2070e46-2fb8-4865-9842-aaf28229b296@group-B87A76F5A1EB-CANDIDATE: reject ELECTION from 04ab6d70-ea45-4448-8301-2ff63aaf71dc: already has voted for c2070e46-2fb8-4865-9842-aaf28229b296 at current term 1
2021-07-20 20:05:29,700 [grpc-default-executor-1] INFO  server.RaftServer$Division (RaftServerImpl.java:requestVote(1074)) - c2070e46-2fb8-4865-9842-aaf28229b296@group-B87A76F5A1EB replies to ELECTION vote request: 04ab6d70-ea45-4448-8301-2ff63aaf71dc<-c2070e46-2fb8-4865-9842-aaf28229b296#0:FAIL-t1. Peer's state: c2070e46-2fb8-4865-9842-aaf28229b296@group-B87A76F5A1EB:t1, leader=null, voted=c2070e46-2fb8-4865-9842-aaf28229b296, raftlog=c2070e46-2fb8-4865-9842-aaf28229b296@group-B87A76F5A1EB-SegmentedRaftLog:OPENED:c-1,f-1,i0, conf=-1: [04ab6d70-ea45-4448-8301-2ff63aaf71dc|rpc:10.1.0.85:37589|dataStream:|priority:0, c2070e46-2fb8-4865-9842-aaf28229b296|rpc:10.1.0.85:37735|dataStream:|priority:1, ce149992-b5f4-48b7-837d-3c28b0a5cca8|rpc:10.1.0.85:37697|dataStream:|priority:0], old=null
2021-07-20 20:05:29,704 [04ab6d70-ea45-4448-8301-2ff63aaf71dc@group-B87A76F5A1EB-LeaderElection37] INFO  impl.LeaderElection (LeaderElection.java:logAndReturn(89)) - 04ab6d70-ea45-4448-8301-2ff63aaf71dc@group-B87A76F5A1EB-LeaderElection37: ELECTION REJECTED received 1 response(s) and 0 exception(s):
2021-07-20 20:05:29,705 [04ab6d70-ea45-4448-8301-2ff63aaf71dc@group-B87A76F5A1EB-LeaderElection37] INFO  impl.LeaderElection (LeaderElection.java:logAndReturn(93)) -   Response 0: 04ab6d70-ea45-4448-8301-2ff63aaf71dc<-c2070e46-2fb8-4865-9842-aaf28229b296#0:FAIL-t1
2021-07-20 20:05:29,705 [04ab6d70-ea45-4448-8301-2ff63aaf71dc@group-B87A76F5A1EB-LeaderElection37] INFO  impl.LeaderElection (LeaderElection.java:askForVotes(308)) - 04ab6d70-ea45-4448-8301-2ff63aaf71dc@group-B87A76F5A1EB-LeaderElection37 ELECTION round 0: result REJECTED
2021-07-20 20:05:29,705 [04ab6d70-ea45-4448-8301-2ff63aaf71dc@group-B87A76F5A1EB-LeaderElection37] INFO  server.RaftServer$Division (RaftServerImpl.java:setRole(284)) - 04ab6d70-ea45-4448-8301-2ff63aaf71dc@group-B87A76F5A1EB: changes role from CANDIDATE to FOLLOWER at term 1 for REJECTED
2021-07-20 20:05:29,705 [grpc-default-executor-2] INFO  metrics.RatisMetrics (RatisMetrics.java:lambda$create$0(36)) - Creating Metrics Registry : ratis.server_message_metrics.ce149992-b5f4-48b7-837d-3c28b0a5cca8
2021-07-20 20:05:29,705 [04ab6d70-ea45-4448-8301-2ff63aaf71dc@group-B87A76F5A1EB-LeaderElection37] INFO  impl.RoleInfo (RoleInfo.java:shutdownLeaderElection(121)) - 04ab6d70-ea45-4448-8301-2ff63aaf71dc: shutdown 04ab6d70-ea45-4448-8301-2ff63aaf71dc@group-B87A76F5A1EB-LeaderElection37
2021-07-20 20:05:29,705 [04ab6d70-ea45-4448-8301-2ff63aaf71dc@group-B87A76F5A1EB-LeaderElection37] INFO  impl.RoleInfo (RoleInfo.java:updateAndGet(130)) - 04ab6d70-ea45-4448-8301-2ff63aaf71dc: start 04ab6d70-ea45-4448-8301-2ff63aaf71dc@group-B87A76F5A1EB-FollowerState
2021-07-20 20:05:29,709 [grpc-default-executor-3] INFO  server.RaftServer$Division (RaftServerImpl.java:requestVote(1042)) - 04ab6d70-ea45-4448-8301-2ff63aaf71dc@group-B87A76F5A1EB: receive requestVote(ELECTION, c2070e46-2fb8-4865-9842-aaf28229b296, group-B87A76F5A1EB, 1, (t:0, i:0))
2021-07-20 20:05:29,710 [grpc-default-executor-3] INFO  impl.VoteContext (VoteContext.java:log(48)) - 04ab6d70-ea45-4448-8301-2ff63aaf71dc@group-B87A76F5A1EB-FOLLOWER: reject ELECTION from c2070e46-2fb8-4865-9842-aaf28229b296: already has voted for 04ab6d70-ea45-4448-8301-2ff63aaf71dc at current term 1
2021-07-20 20:05:29,709 [ce149992-b5f4-48b7-837d-3c28b0a5cca8@group-E2D5270DBEEA-LeaderElection39] INFO  impl.LeaderElection (LeaderElection.java:askForVotes(306)) - ce149992-b5f4-48b7-837d-3c28b0a5cca8@group-E2D5270DBEEA-LeaderElection39 ELECTION round 0: submit vote requests at term 1 for -1: [ce149992-b5f4-48b7-837d-3c28b0a5cca8|rpc:10.1.0.85:37697|priority:1], old=null
2021-07-20 20:05:29,710 [ce149992-b5f4-48b7-837d-3c28b0a5cca8@group-E2D5270DBEEA-LeaderElection39] INFO  impl.LeaderElection (LeaderElection.java:askForVotes(308)) - ce149992-b5f4-48b7-837d-3c28b0a5cca8@group-E2D5270DBEEA-LeaderElection39 ELECTION round 0: result PASSED (term=1)
2021-07-20 20:05:29,710 [ce149992-b5f4-48b7-837d-3c28b0a5cca8@group-E2D5270DBEEA-LeaderElection39] INFO  impl.RoleInfo (RoleInfo.java:shutdownLeaderElection(121)) - ce149992-b5f4-48b7-837d-3c28b0a5cca8: shutdown ce149992-b5f4-48b7-837d-3c28b0a5cca8@group-E2D5270DBEEA-LeaderElection39
2021-07-20 20:05:29,710 [grpc-default-executor-3] INFO  server.RaftServer$Division (RaftServerImpl.java:requestVote(1074)) - 04ab6d70-ea45-4448-8301-2ff63aaf71dc@group-B87A76F5A1EB replies to ELECTION vote request: c2070e46-2fb8-4865-9842-aaf28229b296<-04ab6d70-ea45-4448-8301-2ff63aaf71dc#0:FAIL-t1. Peer's state: 04ab6d70-ea45-4448-8301-2ff63aaf71dc@group-B87A76F5A1EB:t1, leader=null, voted=04ab6d70-ea45-4448-8301-2ff63aaf71dc, raftlog=04ab6d70-ea45-4448-8301-2ff63aaf71dc@group-B87A76F5A1EB-SegmentedRaftLog:OPENED:c-1,f-1,i0, conf=-1: [04ab6d70-ea45-4448-8301-2ff63aaf71dc|rpc:10.1.0.85:37589|dataStream:|priority:0, c2070e46-2fb8-4865-9842-aaf28229b296|rpc:10.1.0.85:37735|dataStream:|priority:1, ce149992-b5f4-48b7-837d-3c28b0a5cca8|rpc:10.1.0.85:37697|dataStream:|priority:0], old=null
2021-07-20 20:05:29,710 [ce149992-b5f4-48b7-837d-3c28b0a5cca8@group-E2D5270DBEEA-LeaderElection39] INFO  server.RaftServer$Division (RaftServerImpl.java:setRole(284)) - ce149992-b5f4-48b7-837d-3c28b0a5cca8@group-E2D5270DBEEA: changes role from CANDIDATE to LEADER at term 1 for changeToLeader
2021-07-20 20:05:29,710 [ce149992-b5f4-48b7-837d-3c28b0a5cca8@group-E2D5270DBEEA-LeaderElection39] INFO  ratis.XceiverServerRatis (XceiverServerRatis.java:handleLeaderChangedNotification(857)) - Leader change notification received for group: group-E2D5270DBEEA with new leaderId: ce149992-b5f4-48b7-837d-3c28b0a5cca8
2021-07-20 20:05:29,710 [grpc-default-executor-2] INFO  server.RaftServer$Division (RaftServerImpl.java:requestVote(1042)) - ce149992-b5f4-48b7-837d-3c28b0a5cca8@group-C45BC7F5AE9E: receive requestVote(ELECTION, 04ab6d70-ea45-4448-8301-2ff63aaf71dc, group-C45BC7F5AE9E, 1, (t:0, i:0))
2021-07-20 20:05:29,710 [grpc-default-executor-2] INFO  impl.VoteContext (VoteContext.java:log(48)) - ce149992-b5f4-48b7-837d-3c28b0a5cca8@group-C45BC7F5AE9E-CANDIDATE: reject ELECTION from 04ab6d70-ea45-4448-8301-2ff63aaf71dc: already has voted for ce149992-b5f4-48b7-837d-3c28b0a5cca8 at current term 1
2021-07-20 20:05:29,710 [grpc-default-executor-2] INFO  server.RaftServer$Division (RaftServerImpl.java:requestVote(1074)) - ce149992-b5f4-48b7-837d-3c28b0a5cca8@group-C45BC7F5AE9E replies to ELECTION vote request: 04ab6d70-ea45-4448-8301-2ff63aaf71dc<-ce149992-b5f4-48b7-837d-3c28b0a5cca8#0:FAIL-t1. Peer's state: ce149992-b5f4-48b7-837d-3c28b0a5cca8@group-C45BC7F5AE9E:t1, leader=null, voted=ce149992-b5f4-48b7-837d-3c28b0a5cca8, raftlog=ce149992-b5f4-48b7-837d-3c28b0a5cca8@group-C45BC7F5AE9E-SegmentedRaftLog:OPENED:c-1,f-1,i0, conf=-1: [04ab6d70-ea45-4448-8301-2ff63aaf71dc|rpc:10.1.0.85:37589|priority:1, c2070e46-2fb8-4865-9842-aaf28229b296|rpc:10.1.0.85:37735|priority:0, ce149992-b5f4-48b7-837d-3c28b0a5cca8|rpc:10.1.0.85:37697|priority:0], old=null
2021-07-20 20:05:29,710 [grpc-default-executor-1] INFO  server.RaftServer$Division (RaftServerImpl.java:requestVote(1042)) - 04ab6d70-ea45-4448-8301-2ff63aaf71dc@group-C45BC7F5AE9E: receive requestVote(ELECTION, c2070e46-2fb8-4865-9842-aaf28229b296, group-C45BC7F5AE9E, 1, (t:0, i:0))
2021-07-20 20:05:29,711 [grpc-default-executor-1] INFO  impl.VoteContext (VoteContext.java:log(48)) - 04ab6d70-ea45-4448-8301-2ff63aaf71dc@group-C45BC7F5AE9E-CANDIDATE: reject ELECTION from c2070e46-2fb8-4865-9842-aaf28229b296: already has voted for 04ab6d70-ea45-4448-8301-2ff63aaf71dc at current term 1
2021-07-20 20:05:29,711 [grpc-default-executor-1] INFO  server.RaftServer$Division (RaftServerImpl.java:requestVote(1074)) - 04ab6d70-ea45-4448-8301-2ff63aaf71dc@group-C45BC7F5AE9E replies to ELECTION vote request: c2070e46-2fb8-4865-9842-aaf28229b296<-04ab6d70-ea45-4448-8301-2ff63aaf71dc#0:FAIL-t1. Peer's state: 04ab6d70-ea45-4448-8301-2ff63aaf71dc@group-C45BC7F5AE9E:t1, leader=null, voted=04ab6d70-ea45-4448-8301-2ff63aaf71dc, raftlog=04ab6d70-ea45-4448-8301-2ff63aaf71dc@group-C45BC7F5AE9E-SegmentedRaftLog:OPENED:c-1,f-1,i0, conf=-1: [04ab6d70-ea45-4448-8301-2ff63aaf71dc|rpc:10.1.0.85:37589|dataStream:|priority:1, c2070e46-2fb8-4865-9842-aaf28229b296|rpc:10.1.0.85:37735|dataStream:|priority:0, ce149992-b5f4-48b7-837d-3c28b0a5cca8|rpc:10.1.0.85:37697|dataStream:|priority:0], old=null
2021-07-20 20:05:29,711 [grpc-default-executor-1] INFO  server.RaftServer$Division (RaftServerImpl.java:requestVote(1042)) - ce149992-b5f4-48b7-837d-3c28b0a5cca8@group-B87A76F5A1EB: receive requestVote(ELECTION, 04ab6d70-ea45-4448-8301-2ff63aaf71dc, group-B87A76F5A1EB, 1, (t:0, i:0))
2021-07-20 20:05:29,712 [grpc-default-executor-1] INFO  impl.VoteContext (VoteContext.java:log(48)) - ce149992-b5f4-48b7-837d-3c28b0a5cca8@group-B87A76F5A1EB-FOLLOWER: accept ELECTION from 04ab6d70-ea45-4448-8301-2ff63aaf71dc: our priority 0 <= candidate's priority 0
2021-07-20 20:05:29,712 [grpc-default-executor-1] INFO  server.RaftServer$Division (RaftServerImpl.java:setRole(284)) - ce149992-b5f4-48b7-837d-3c28b0a5cca8@group-B87A76F5A1EB: changes role from  FOLLOWER to FOLLOWER at term 1 for candidate:04ab6d70-ea45-4448-8301-2ff63aaf71dc
2021-07-20 20:05:29,712 [grpc-default-executor-1] INFO  impl.RoleInfo (RoleInfo.java:shutdownFollowerState(108)) - ce149992-b5f4-48b7-837d-3c28b0a5cca8: shutdown ce149992-b5f4-48b7-837d-3c28b0a5cca8@group-B87A76F5A1EB-FollowerState
2021-07-20 20:05:29,716 [grpc-default-executor-1] INFO  impl.RoleInfo (RoleInfo.java:updateAndGet(130)) - ce149992-b5f4-48b7-837d-3c28b0a5cca8: start ce149992-b5f4-48b7-837d-3c28b0a5cca8@group-B87A76F5A1EB-FollowerState
2021-07-20 20:05:29,716 [ce149992-b5f4-48b7-837d-3c28b0a5cca8@group-B87A76F5A1EB-FollowerState] INFO  impl.FollowerState (FollowerState.java:run(143)) - ce149992-b5f4-48b7-837d-3c28b0a5cca8@group-B87A76F5A1EB-FollowerState was interrupted: {}
java.lang.InterruptedException: sleep interrupted
	at java.lang.Thread.sleep(Native Method)
	at java.lang.Thread.sleep(Thread.java:340)
	at java.util.concurrent.TimeUnit.sleep(TimeUnit.java:386)
	at org.apache.ratis.util.TimeDuration.sleep(TimeDuration.java:324)
	at org.apache.ratis.util.TimeDuration.sleep(TimeDuration.java:309)
	at org.apache.ratis.server.impl.FollowerState.run(FollowerState.java:118)
2021-07-20 20:05:29,719 [Datanode State Machine Thread - 0] WARN  statemachine.StateContext (StateContext.java:execute(621)) - No available thread in pool for past 1 seconds.
2021-07-20 20:05:29,719 [04ab6d70-ea45-4448-8301-2ff63aaf71dc@group-D7C0FE1B3BF3-FollowerState] INFO  impl.FollowerState (FollowerState.java:run(134)) - 04ab6d70-ea45-4448-8301-2ff63aaf71dc@group-D7C0FE1B3BF3-FollowerState: change to CANDIDATE, lastRpcElapsedTime:5058191002ns, electionTimeout:5057ms
2021-07-20 20:05:29,719 [04ab6d70-ea45-4448-8301-2ff63aaf71dc@group-D7C0FE1B3BF3-FollowerState] INFO  impl.RoleInfo (RoleInfo.java:shutdownFollowerState(108)) - 04ab6d70-ea45-4448-8301-2ff63aaf71dc: shutdown 04ab6d70-ea45-4448-8301-2ff63aaf71dc@group-D7C0FE1B3BF3-FollowerState
2021-07-20 20:05:29,719 [04ab6d70-ea45-4448-8301-2ff63aaf71dc@group-D7C0FE1B3BF3-FollowerState] INFO  server.RaftServer$Division (RaftServerImpl.java:setRole(284)) - 04ab6d70-ea45-4448-8301-2ff63aaf71dc@group-D7C0FE1B3BF3: changes role from  FOLLOWER to CANDIDATE at term 0 for changeToCandidate
2021-07-20 20:05:29,719 [04ab6d70-ea45-4448-8301-2ff63aaf71dc@group-D7C0FE1B3BF3-FollowerState] INFO  server.RaftServerConfigKeys (ConfUtils.java:logGet(44)) - raft.server.leaderelection.pre-vote = false (custom)
2021-07-20 20:05:29,719 [04ab6d70-ea45-4448-8301-2ff63aaf71dc@group-D7C0FE1B3BF3-FollowerState] INFO  impl.RoleInfo (RoleInfo.java:updateAndGet(130)) - 04ab6d70-ea45-4448-8301-2ff63aaf71dc: start 04ab6d70-ea45-4448-8301-2ff63aaf71dc@group-D7C0FE1B3BF3-LeaderElection40
2021-07-20 20:05:29,720 [ce149992-b5f4-48b7-837d-3c28b0a5cca8@group-E2D5270DBEEA-LeaderElection39] INFO  server.RaftServer$Division (ServerState.java:setLeader(271)) - ce149992-b5f4-48b7-837d-3c28b0a5cca8@group-E2D5270DBEEA: change Leader from null to ce149992-b5f4-48b7-837d-3c28b0a5cca8 at term 1 for becomeLeader, leader elected after 5216ms
2021-07-20 20:05:29,720 [ce149992-b5f4-48b7-837d-3c28b0a5cca8@group-E2D5270DBEEA-LeaderElection39] INFO  server.RaftServerConfigKeys (ConfUtils.java:logGet(44)) - raft.server.staging.catchup.gap = 1000 (default)
2021-07-20 20:05:29,720 [grpc-default-executor-2] INFO  server.RaftServer$Division (RaftServerImpl.java:requestVote(1042)) - ce149992-b5f4-48b7-837d-3c28b0a5cca8@group-C45BC7F5AE9E: receive requestVote(ELECTION, c2070e46-2fb8-4865-9842-aaf28229b296, group-C45BC7F5AE9E, 1, (t:0, i:0))
2021-07-20 20:05:29,720 [grpc-default-executor-2] INFO  impl.VoteContext (VoteContext.java:log(48)) - ce149992-b5f4-48b7-837d-3c28b0a5cca8@group-C45BC7F5AE9E-CANDIDATE: reject ELECTION from c2070e46-2fb8-4865-9842-aaf28229b296: already has voted for ce149992-b5f4-48b7-837d-3c28b0a5cca8 at current term 1
2021-07-20 20:05:29,720 [grpc-default-executor-2] INFO  server.RaftServer$Division (RaftServerImpl.java:requestVote(1074)) - ce149992-b5f4-48b7-837d-3c28b0a5cca8@group-C45BC7F5AE9E replies to ELECTION vote request: c2070e46-2fb8-4865-9842-aaf28229b296<-ce149992-b5f4-48b7-837d-3c28b0a5cca8#0:FAIL-t1. Peer's state: ce149992-b5f4-48b7-837d-3c28b0a5cca8@group-C45BC7F5AE9E:t1, leader=null, voted=ce149992-b5f4-48b7-837d-3c28b0a5cca8, raftlog=ce149992-b5f4-48b7-837d-3c28b0a5cca8@group-C45BC7F5AE9E-SegmentedRaftLog:OPENED:c-1,f-1,i0, conf=-1: [04ab6d70-ea45-4448-8301-2ff63aaf71dc|rpc:10.1.0.85:37589|priority:1, c2070e46-2fb8-4865-9842-aaf28229b296|rpc:10.1.0.85:37735|priority:0, ce149992-b5f4-48b7-837d-3c28b0a5cca8|rpc:10.1.0.85:37697|priority:0], old=null
2021-07-20 20:05:29,720 [EventQueue-OpenPipelineForHealthyPipelineSafeModeRule] INFO  safemode.SCMSafeModeManager (HealthyPipelineSafeModeRule.java:process(124)) - SCM in safe mode. Healthy pipelines reported count is 0, required healthy pipeline reported count is 1
2021-07-20 20:05:29,720 [grpc-default-executor-4] INFO  server.RaftServer$Division (RaftServerImpl.java:requestVote(1042)) - ce149992-b5f4-48b7-837d-3c28b0a5cca8@group-B87A76F5A1EB: receive requestVote(ELECTION, c2070e46-2fb8-4865-9842-aaf28229b296, group-B87A76F5A1EB, 1, (t:0, i:0))
2021-07-20 20:05:29,722 [grpc-default-executor-1] INFO  server.RaftServer$Division (RaftServerImpl.java:requestVote(1074)) - ce149992-b5f4-48b7-837d-3c28b0a5cca8@group-B87A76F5A1EB replies to ELECTION vote request: 04ab6d70-ea45-4448-8301-2ff63aaf71dc<-ce149992-b5f4-48b7-837d-3c28b0a5cca8#0:OK-t1. Peer's state: ce149992-b5f4-48b7-837d-3c28b0a5cca8@group-B87A76F5A1EB:t1, leader=null, voted=04ab6d70-ea45-4448-8301-2ff63aaf71dc, raftlog=ce149992-b5f4-48b7-837d-3c28b0a5cca8@group-B87A76F5A1EB-SegmentedRaftLog:OPENED:c-1,f-1,i0, conf=-1: [04ab6d70-ea45-4448-8301-2ff63aaf71dc|rpc:10.1.0.85:37589|priority:0, c2070e46-2fb8-4865-9842-aaf28229b296|rpc:10.1.0.85:37735|priority:1, ce149992-b5f4-48b7-837d-3c28b0a5cca8|rpc:10.1.0.85:37697|priority:0], old=null
2021-07-20 20:05:29,723 [ce149992-b5f4-48b7-837d-3c28b0a5cca8@group-E2D5270DBEEA-LeaderElection39] INFO  metrics.RatisMetrics (RatisMetrics.java:lambda$create$0(36)) - Creating Metrics Registry : ratis.log_appender.ce149992-b5f4-48b7-837d-3c28b0a5cca8@group-E2D5270DBEEA
2021-07-20 20:05:29,723 [ce149992-b5f4-48b7-837d-3c28b0a5cca8@group-E2D5270DBEEA-LeaderElection39] INFO  server.RaftServerConfigKeys (ConfUtils.java:logGet(44)) - raft.server.write.element-limit = 1024 (custom)
2021-07-20 20:05:29,723 [ce149992-b5f4-48b7-837d-3c28b0a5cca8@group-E2D5270DBEEA-LeaderElection39] INFO  server.RaftServerConfigKeys (ConfUtils.java:logGet(44)) - raft.server.write.byte-limit = 1073741824 (custom)
2021-07-20 20:05:29,724 [ce149992-b5f4-48b7-837d-3c28b0a5cca8@group-E2D5270DBEEA-LeaderElection39] INFO  server.RaftServerConfigKeys (ConfUtils.java:logGet(44)) - raft.server.watch.timeout = 180s (custom)
2021-07-20 20:05:29,724 [ce149992-b5f4-48b7-837d-3c28b0a5cca8@group-E2D5270DBEEA-LeaderElection39] INFO  server.RaftServerConfigKeys (ConfUtils.java:logGet(44)) - raft.server.watch.timeout.denomination = 1s (default)
2021-07-20 20:05:29,724 [ce149992-b5f4-48b7-837d-3c28b0a5cca8@group-E2D5270DBEEA-LeaderElection39] INFO  server.RaftServerConfigKeys (ConfUtils.java:logGet(44)) - raft.server.watch.element-limit = 65536 (default)
2021-07-20 20:05:29,724 [ce149992-b5f4-48b7-837d-3c28b0a5cca8@group-E2D5270DBEEA-LeaderElection39] INFO  impl.RoleInfo (RoleInfo.java:updateAndGet(130)) - ce149992-b5f4-48b7-837d-3c28b0a5cca8: start ce149992-b5f4-48b7-837d-3c28b0a5cca8@group-E2D5270DBEEA-LeaderStateImpl
2021-07-20 20:05:29,724 [ce149992-b5f4-48b7-837d-3c28b0a5cca8@group-E2D5270DBEEA-LeaderElection39] INFO  segmented.SegmentedRaftLogWorker (SegmentedRaftLogWorker.java:startLogSegment(394)) - ce149992-b5f4-48b7-837d-3c28b0a5cca8@group-E2D5270DBEEA-SegmentedRaftLogWorker: Starting segment from index:0
2021-07-20 20:05:29,725 [grpc-default-executor-1] INFO  server.RaftServer$Division (RaftServerImpl.java:requestVote(1042)) - 04ab6d70-ea45-4448-8301-2ff63aaf71dc@group-C45BC7F5AE9E: receive requestVote(ELECTION, ce149992-b5f4-48b7-837d-3c28b0a5cca8, group-C45BC7F5AE9E, 1, (t:0, i:0))
2021-07-20 20:05:29,725 [grpc-default-executor-1] INFO  impl.VoteContext (VoteContext.java:log(48)) - 04ab6d70-ea45-4448-8301-2ff63aaf71dc@group-C45BC7F5AE9E-CANDIDATE: reject ELECTION from ce149992-b5f4-48b7-837d-3c28b0a5cca8: already has voted for 04ab6d70-ea45-4448-8301-2ff63aaf71dc at current term 1
2021-07-20 20:05:29,725 [grpc-default-executor-1] INFO  server.RaftServer$Division (RaftServerImpl.java:requestVote(1074)) - 04ab6d70-ea45-4448-8301-2ff63aaf71dc@group-C45BC7F5AE9E replies to ELECTION vote request: ce149992-b5f4-48b7-837d-3c28b0a5cca8<-04ab6d70-ea45-4448-8301-2ff63aaf71dc#0:FAIL-t1. Peer's state: 04ab6d70-ea45-4448-8301-2ff63aaf71dc@group-C45BC7F5AE9E:t1, leader=null, voted=04ab6d70-ea45-4448-8301-2ff63aaf71dc, raftlog=04ab6d70-ea45-4448-8301-2ff63aaf71dc@group-C45BC7F5AE9E-SegmentedRaftLog:OPENED:c-1,f-1,i0, conf=-1: [04ab6d70-ea45-4448-8301-2ff63aaf71dc|rpc:10.1.0.85:37589|dataStream:|priority:1, c2070e46-2fb8-4865-9842-aaf28229b296|rpc:10.1.0.85:37735|dataStream:|priority:0, ce149992-b5f4-48b7-837d-3c28b0a5cca8|rpc:10.1.0.85:37697|dataStream:|priority:0], old=null
2021-07-20 20:05:29,725 [grpc-default-executor-3] INFO  server.RaftServer$Division (RaftServerImpl.java:requestVote(1042)) - c2070e46-2fb8-4865-9842-aaf28229b296@group-C45BC7F5AE9E: receive requestVote(ELECTION, ce149992-b5f4-48b7-837d-3c28b0a5cca8, group-C45BC7F5AE9E, 1, (t:0, i:0))
2021-07-20 20:05:29,725 [grpc-default-executor-3] INFO  impl.VoteContext (VoteContext.java:log(48)) - c2070e46-2fb8-4865-9842-aaf28229b296@group-C45BC7F5AE9E-CANDIDATE: reject ELECTION from ce149992-b5f4-48b7-837d-3c28b0a5cca8: already has voted for c2070e46-2fb8-4865-9842-aaf28229b296 at current term 1
2021-07-20 20:05:29,725 [grpc-default-executor-3] INFO  server.RaftServer$Division (RaftServerImpl.java:requestVote(1074)) - c2070e46-2fb8-4865-9842-aaf28229b296@group-C45BC7F5AE9E replies to ELECTION vote request: ce149992-b5f4-48b7-837d-3c28b0a5cca8<-c2070e46-2fb8-4865-9842-aaf28229b296#0:FAIL-t1. Peer's state: c2070e46-2fb8-4865-9842-aaf28229b296@group-C45BC7F5AE9E:t1, leader=null, voted=c2070e46-2fb8-4865-9842-aaf28229b296, raftlog=c2070e46-2fb8-4865-9842-aaf28229b296@group-C45BC7F5AE9E-SegmentedRaftLog:OPENED:c-1,f-1,i0, conf=-1: [04ab6d70-ea45-4448-8301-2ff63aaf71dc|rpc:10.1.0.85:37589|dataStream:|priority:1, c2070e46-2fb8-4865-9842-aaf28229b296|rpc:10.1.0.85:37735|dataStream:|priority:0, ce149992-b5f4-48b7-837d-3c28b0a5cca8|rpc:10.1.0.85:37697|dataStream:|priority:0], old=null
2021-07-20 20:05:29,733 [grpc-default-executor-4] INFO  impl.VoteContext (VoteContext.java:log(48)) - ce149992-b5f4-48b7-837d-3c28b0a5cca8@group-B87A76F5A1EB-FOLLOWER: reject ELECTION from c2070e46-2fb8-4865-9842-aaf28229b296: already has voted for 04ab6d70-ea45-4448-8301-2ff63aaf71dc at current term 1
2021-07-20 20:05:29,733 [grpc-default-executor-4] INFO  server.RaftServer$Division (RaftServerImpl.java:requestVote(1074)) - ce149992-b5f4-48b7-837d-3c28b0a5cca8@group-B87A76F5A1EB replies to ELECTION vote request: c2070e46-2fb8-4865-9842-aaf28229b296<-ce149992-b5f4-48b7-837d-3c28b0a5cca8#0:FAIL-t1. Peer's state: ce149992-b5f4-48b7-837d-3c28b0a5cca8@group-B87A76F5A1EB:t1, leader=null, voted=04ab6d70-ea45-4448-8301-2ff63aaf71dc, raftlog=ce149992-b5f4-48b7-837d-3c28b0a5cca8@group-B87A76F5A1EB-SegmentedRaftLog:OPENED:c-1,f-1,i0, conf=-1: [04ab6d70-ea45-4448-8301-2ff63aaf71dc|rpc:10.1.0.85:37589|priority:0, c2070e46-2fb8-4865-9842-aaf28229b296|rpc:10.1.0.85:37735|priority:1, ce149992-b5f4-48b7-837d-3c28b0a5cca8|rpc:10.1.0.85:37697|priority:0], old=null
2021-07-20 20:05:29,734 [c2070e46-2fb8-4865-9842-aaf28229b296@group-C45BC7F5AE9E-LeaderElection38] INFO  impl.LeaderElection (LeaderElection.java:logAndReturn(89)) - c2070e46-2fb8-4865-9842-aaf28229b296@group-C45BC7F5AE9E-LeaderElection38: ELECTION REJECTED received 1 response(s) and 0 exception(s):
2021-07-20 20:05:29,734 [c2070e46-2fb8-4865-9842-aaf28229b296@group-C45BC7F5AE9E-LeaderElection38] INFO  impl.LeaderElection (LeaderElection.java:logAndReturn(93)) -   Response 0: c2070e46-2fb8-4865-9842-aaf28229b296<-04ab6d70-ea45-4448-8301-2ff63aaf71dc#0:FAIL-t1
2021-07-20 20:05:29,734 [c2070e46-2fb8-4865-9842-aaf28229b296@group-C45BC7F5AE9E-LeaderElection38] INFO  impl.LeaderElection (LeaderElection.java:askForVotes(308)) - c2070e46-2fb8-4865-9842-aaf28229b296@group-C45BC7F5AE9E-LeaderElection38 ELECTION round 0: result REJECTED
2021-07-20 20:05:29,734 [c2070e46-2fb8-4865-9842-aaf28229b296@group-C45BC7F5AE9E-LeaderElection38] INFO  server.RaftServer$Division (RaftServerImpl.java:setRole(284)) - c2070e46-2fb8-4865-9842-aaf28229b296@group-C45BC7F5AE9E: changes role from CANDIDATE to FOLLOWER at term 1 for REJECTED
2021-07-20 20:05:29,734 [c2070e46-2fb8-4865-9842-aaf28229b296@group-C45BC7F5AE9E-LeaderElection38] INFO  impl.RoleInfo (RoleInfo.java:shutdownLeaderElection(121)) - c2070e46-2fb8-4865-9842-aaf28229b296: shutdown c2070e46-2fb8-4865-9842-aaf28229b296@group-C45BC7F5AE9E-LeaderElection38
2021-07-20 20:05:29,734 [c2070e46-2fb8-4865-9842-aaf28229b296@group-C45BC7F5AE9E-LeaderElection38] INFO  impl.RoleInfo (RoleInfo.java:updateAndGet(130)) - c2070e46-2fb8-4865-9842-aaf28229b296: start c2070e46-2fb8-4865-9842-aaf28229b296@group-C45BC7F5AE9E-FollowerState
2021-07-20 20:05:29,736 [ce149992-b5f4-48b7-837d-3c28b0a5cca8@group-E2D5270DBEEA-SegmentedRaftLogWorker] INFO  segmented.SegmentedRaftLogWorker (SegmentedRaftLogWorker.java:execute(601)) - ce149992-b5f4-48b7-837d-3c28b0a5cca8@group-E2D5270DBEEA-SegmentedRaftLogWorker: created new log segment /home/runner/work/ozone/ozone/mnt/ozone/hadoop-ozone/integration-test/target/test-dir/MiniOzoneClusterImpl-f5a46b5f-7322-4bfd-b1a2-40e9a3ca233c/datanode-0/data/ratis/e8b47204-3500-4ad8-a322-e2d5270dbeea/current/log_inprogress_0
2021-07-20 20:05:29,736 [04ab6d70-ea45-4448-8301-2ff63aaf71dc@group-D7C0FE1B3BF3-LeaderElection40] INFO  impl.LeaderElection (LeaderElection.java:askForVotes(306)) - 04ab6d70-ea45-4448-8301-2ff63aaf71dc@group-D7C0FE1B3BF3-LeaderElection40 ELECTION round 0: submit vote requests at term 1 for -1: [04ab6d70-ea45-4448-8301-2ff63aaf71dc|rpc:10.1.0.85:37589|priority:1], old=null
2021-07-20 20:05:29,736 [04ab6d70-ea45-4448-8301-2ff63aaf71dc@group-D7C0FE1B3BF3-LeaderElection40] INFO  impl.LeaderElection (LeaderElection.java:askForVotes(308)) - 04ab6d70-ea45-4448-8301-2ff63aaf71dc@group-D7C0FE1B3BF3-LeaderElection40 ELECTION round 0: result PASSED (term=1)
2021-07-20 20:05:29,737 [04ab6d70-ea45-4448-8301-2ff63aaf71dc@group-D7C0FE1B3BF3-LeaderElection40] INFO  impl.RoleInfo (RoleInfo.java:shutdownLeaderElection(121)) - 04ab6d70-ea45-4448-8301-2ff63aaf71dc: shutdown 04ab6d70-ea45-4448-8301-2ff63aaf71dc@group-D7C0FE1B3BF3-LeaderElection40
2021-07-20 20:05:29,737 [04ab6d70-ea45-4448-8301-2ff63aaf71dc@group-D7C0FE1B3BF3-LeaderElection40] INFO  server.RaftServer$Division (RaftServerImpl.java:setRole(284)) - 04ab6d70-ea45-4448-8301-2ff63aaf71dc@group-D7C0FE1B3BF3: changes role from CANDIDATE to LEADER at term 1 for changeToLeader
2021-07-20 20:05:29,737 [04ab6d70-ea45-4448-8301-2ff63aaf71dc@group-D7C0FE1B3BF3-LeaderElection40] INFO  ratis.XceiverServerRatis (XceiverServerRatis.java:handleLeaderChangedNotification(857)) - Leader change notification received for group: group-D7C0FE1B3BF3 with new leaderId: 04ab6d70-ea45-4448-8301-2ff63aaf71dc
2021-07-20 20:05:29,738 [04ab6d70-ea45-4448-8301-2ff63aaf71dc@group-D7C0FE1B3BF3-LeaderElection40] INFO  server.RaftServer$Division (ServerState.java:setLeader(271)) - 04ab6d70-ea45-4448-8301-2ff63aaf71dc@group-D7C0FE1B3BF3: change Leader from null to 04ab6d70-ea45-4448-8301-2ff63aaf71dc at term 1 for becomeLeader, leader elected after 5080ms
2021-07-20 20:05:29,738 [04ab6d70-ea45-4448-8301-2ff63aaf71dc@group-D7C0FE1B3BF3-LeaderElection40] INFO  server.RaftServerConfigKeys (ConfUtils.java:logGet(44)) - raft.server.staging.catchup.gap = 1000 (default)
2021-07-20 20:05:29,738 [04ab6d70-ea45-4448-8301-2ff63aaf71dc@group-D7C0FE1B3BF3-LeaderElection40] INFO  metrics.RatisMetrics (RatisMetrics.java:lambda$create$0(36)) - Creating Metrics Registry : ratis.log_appender.04ab6d70-ea45-4448-8301-2ff63aaf71dc@group-D7C0FE1B3BF3
2021-07-20 20:05:29,738 [Datanode State Machine Thread - 0] WARN  statemachine.StateContext (StateContext.java:execute(621)) - No available thread in pool for past 1 seconds.
2021-07-20 20:05:29,738 [04ab6d70-ea45-4448-8301-2ff63aaf71dc@group-D7C0FE1B3BF3-LeaderElection40] INFO  server.RaftServerConfigKeys (ConfUtils.java:logGet(44)) - raft.server.write.element-limit = 1024 (custom)
2021-07-20 20:05:29,738 [04ab6d70-ea45-4448-8301-2ff63aaf71dc@group-D7C0FE1B3BF3-LeaderElection40] INFO  server.RaftServerConfigKeys (ConfUtils.java:logGet(44)) - raft.server.write.byte-limit = 1073741824 (custom)
2021-07-20 20:05:29,738 [04ab6d70-ea45-4448-8301-2ff63aaf71dc@group-D7C0FE1B3BF3-LeaderElection40] INFO  server.RaftServerConfigKeys (ConfUtils.java:logGet(44)) - raft.server.watch.timeout = 180s (custom)
2021-07-20 20:05:29,738 [04ab6d70-ea45-4448-8301-2ff63aaf71dc@group-D7C0FE1B3BF3-LeaderElection40] INFO  server.RaftServerConfigKeys (ConfUtils.java:logGet(44)) - raft.server.watch.timeout.denomination = 1s (default)
2021-07-20 20:05:29,738 [04ab6d70-ea45-4448-8301-2ff63aaf71dc@group-D7C0FE1B3BF3-LeaderElection40] INFO  server.RaftServerConfigKeys (ConfUtils.java:logGet(44)) - raft.server.watch.element-limit = 65536 (default)
2021-07-20 20:05:29,738 [04ab6d70-ea45-4448-8301-2ff63aaf71dc@group-D7C0FE1B3BF3-LeaderElection40] INFO  impl.RoleInfo (RoleInfo.java:updateAndGet(130)) - 04ab6d70-ea45-4448-8301-2ff63aaf71dc: start 04ab6d70-ea45-4448-8301-2ff63aaf71dc@group-D7C0FE1B3BF3-LeaderStateImpl
2021-07-20 20:05:29,739 [ce149992-b5f4-48b7-837d-3c28b0a5cca8@group-E2D5270DBEEA-LeaderElection39] INFO  server.RaftServer$Division (ServerState.java:setRaftConf(373)) - ce149992-b5f4-48b7-837d-3c28b0a5cca8@group-E2D5270DBEEA: set configuration 0: [ce149992-b5f4-48b7-837d-3c28b0a5cca8|rpc:10.1.0.85:37697|dataStream:|priority:1], old=null
2021-07-20 20:05:29,740 [04ab6d70-ea45-4448-8301-2ff63aaf71dc@group-C45BC7F5AE9E-LeaderElection35] INFO  impl.LeaderElection (LeaderElection.java:logAndReturn(89)) - 04ab6d70-ea45-4448-8301-2ff63aaf71dc@group-C45BC7F5AE9E-LeaderElection35: ELECTION REJECTED received 2 response(s) and 0 exception(s):
2021-07-20 20:05:29,740 [04ab6d70-ea45-4448-8301-2ff63aaf71dc@group-C45BC7F5AE9E-LeaderElection35] INFO  impl.LeaderElection (LeaderElection.java:logAndReturn(93)) -   Response 0: 04ab6d70-ea45-4448-8301-2ff63aaf71dc<-c2070e46-2fb8-4865-9842-aaf28229b296#0:FAIL-t1
2021-07-20 20:05:29,740 [04ab6d70-ea45-4448-8301-2ff63aaf71dc@group-C45BC7F5AE9E-LeaderElection35] INFO  impl.LeaderElection (LeaderElection.java:logAndReturn(93)) -   Response 1: 04ab6d70-ea45-4448-8301-2ff63aaf71dc<-ce149992-b5f4-48b7-837d-3c28b0a5cca8#0:FAIL-t1
2021-07-20 20:05:29,740 [04ab6d70-ea45-4448-8301-2ff63aaf71dc@group-C45BC7F5AE9E-LeaderElection35] INFO  impl.LeaderElection (LeaderElection.java:askForVotes(308)) - 04ab6d70-ea45-4448-8301-2ff63aaf71dc@group-C45BC7F5AE9E-LeaderElection35 ELECTION round 0: result REJECTED
2021-07-20 20:05:29,740 [04ab6d70-ea45-4448-8301-2ff63aaf71dc@group-C45BC7F5AE9E-LeaderElection35] INFO  server.RaftServer$Division (RaftServerImpl.java:setRole(284)) - 04ab6d70-ea45-4448-8301-2ff63aaf71dc@group-C45BC7F5AE9E: changes role from CANDIDATE to FOLLOWER at term 1 for REJECTED
2021-07-20 20:05:29,740 [04ab6d70-ea45-4448-8301-2ff63aaf71dc@group-C45BC7F5AE9E-LeaderElection35] INFO  impl.RoleInfo (RoleInfo.java:shutdownLeaderElection(121)) - 04ab6d70-ea45-4448-8301-2ff63aaf71dc: shutdown 04ab6d70-ea45-4448-8301-2ff63aaf71dc@group-C45BC7F5AE9E-LeaderElection35
2021-07-20 20:05:29,740 [04ab6d70-ea45-4448-8301-2ff63aaf71dc@group-C45BC7F5AE9E-LeaderElection35] INFO  impl.RoleInfo (RoleInfo.java:updateAndGet(130)) - 04ab6d70-ea45-4448-8301-2ff63aaf71dc: start 04ab6d70-ea45-4448-8301-2ff63aaf71dc@group-C45BC7F5AE9E-FollowerState
2021-07-20 20:05:29,740 [c2070e46-2fb8-4865-9842-aaf28229b296@group-B87A76F5A1EB-LeaderElection34] INFO  impl.LeaderElection (LeaderElection.java:logAndReturn(89)) - c2070e46-2fb8-4865-9842-aaf28229b296@group-B87A76F5A1EB-LeaderElection34: ELECTION REJECTED received 2 response(s) and 0 exception(s):
2021-07-20 20:05:29,740 [c2070e46-2fb8-4865-9842-aaf28229b296@group-B87A76F5A1EB-LeaderElection34] INFO  impl.LeaderElection (LeaderElection.java:logAndReturn(93)) -   Response 0: c2070e46-2fb8-4865-9842-aaf28229b296<-04ab6d70-ea45-4448-8301-2ff63aaf71dc#0:FAIL-t1
2021-07-20 20:05:29,740 [c2070e46-2fb8-4865-9842-aaf28229b296@group-B87A76F5A1EB-LeaderElection34] INFO  impl.LeaderElection (LeaderElection.java:logAndReturn(93)) -   Response 1: c2070e46-2fb8-4865-9842-aaf28229b296<-ce149992-b5f4-48b7-837d-3c28b0a5cca8#0:FAIL-t1
2021-07-20 20:05:29,740 [c2070e46-2fb8-4865-9842-aaf28229b296@group-B87A76F5A1EB-LeaderElection34] INFO  impl.LeaderElection (LeaderElection.java:askForVotes(308)) - c2070e46-2fb8-4865-9842-aaf28229b296@group-B87A76F5A1EB-LeaderElection34 ELECTION round 0: result REJECTED
2021-07-20 20:05:29,740 [c2070e46-2fb8-4865-9842-aaf28229b296@group-B87A76F5A1EB-LeaderElection34] INFO  server.RaftServer$Division (RaftServerImpl.java:setRole(284)) - c2070e46-2fb8-4865-9842-aaf28229b296@group-B87A76F5A1EB: changes role from CANDIDATE to FOLLOWER at term 1 for REJECTED
2021-07-20 20:05:29,740 [c2070e46-2fb8-4865-9842-aaf28229b296@group-B87A76F5A1EB-LeaderElection34] INFO  impl.RoleInfo (RoleInfo.java:shutdownLeaderElection(121)) - c2070e46-2fb8-4865-9842-aaf28229b296: shutdown c2070e46-2fb8-4865-9842-aaf28229b296@group-B87A76F5A1EB-LeaderElection34
2021-07-20 20:05:29,740 [c2070e46-2fb8-4865-9842-aaf28229b296@group-B87A76F5A1EB-LeaderElection34] INFO  impl.RoleInfo (RoleInfo.java:updateAndGet(130)) - c2070e46-2fb8-4865-9842-aaf28229b296: start c2070e46-2fb8-4865-9842-aaf28229b296@group-B87A76F5A1EB-FollowerState
2021-07-20 20:05:29,741 [04ab6d70-ea45-4448-8301-2ff63aaf71dc@group-D7C0FE1B3BF3-LeaderElection40] INFO  segmented.SegmentedRaftLogWorker (SegmentedRaftLogWorker.java:startLogSegment(394)) - 04ab6d70-ea45-4448-8301-2ff63aaf71dc@group-D7C0FE1B3BF3-SegmentedRaftLogWorker: Starting segment from index:0
2021-07-20 20:05:29,742 [EventQueue-OpenPipelineForHealthyPipelineSafeModeRule] INFO  safemode.SCMSafeModeManager (HealthyPipelineSafeModeRule.java:process(124)) - SCM in safe mode. Healthy pipelines reported count is 0, required healthy pipeline reported count is 1
2021-07-20 20:05:29,743 [04ab6d70-ea45-4448-8301-2ff63aaf71dc@group-D7C0FE1B3BF3-SegmentedRaftLogWorker] INFO  segmented.SegmentedRaftLogWorker (SegmentedRaftLogWorker.java:execute(601)) - 04ab6d70-ea45-4448-8301-2ff63aaf71dc@group-D7C0FE1B3BF3-SegmentedRaftLogWorker: created new log segment /home/runner/work/ozone/ozone/mnt/ozone/hadoop-ozone/integration-test/target/test-dir/MiniOzoneClusterImpl-f5a46b5f-7322-4bfd-b1a2-40e9a3ca233c/datanode-1/data/ratis/ac19465d-4702-4dee-833b-d7c0fe1b3bf3/current/log_inprogress_0
2021-07-20 20:05:29,746 [04ab6d70-ea45-4448-8301-2ff63aaf71dc@group-D7C0FE1B3BF3-LeaderElection40] INFO  server.RaftServer$Division (ServerState.java:setRaftConf(373)) - 04ab6d70-ea45-4448-8301-2ff63aaf71dc@group-D7C0FE1B3BF3: set configuration 0: [04ab6d70-ea45-4448-8301-2ff63aaf71dc|rpc:10.1.0.85:37589|dataStream:|priority:1], old=null
2021-07-20 20:05:29,748 [ce149992-b5f4-48b7-837d-3c28b0a5cca8@group-C45BC7F5AE9E-LeaderElection36] INFO  impl.LeaderElection (LeaderElection.java:logAndReturn(89)) - ce149992-b5f4-48b7-837d-3c28b0a5cca8@group-C45BC7F5AE9E-LeaderElection36: ELECTION REJECTED received 1 response(s) and 0 exception(s):
2021-07-20 20:05:29,748 [ce149992-b5f4-48b7-837d-3c28b0a5cca8@group-C45BC7F5AE9E-LeaderElection36] INFO  impl.LeaderElection (LeaderElection.java:logAndReturn(93)) -   Response 0: ce149992-b5f4-48b7-837d-3c28b0a5cca8<-04ab6d70-ea45-4448-8301-2ff63aaf71dc#0:FAIL-t1
2021-07-20 20:05:29,748 [ce149992-b5f4-48b7-837d-3c28b0a5cca8@group-C45BC7F5AE9E-LeaderElection36] INFO  impl.LeaderElection (LeaderElection.java:askForVotes(308)) - ce149992-b5f4-48b7-837d-3c28b0a5cca8@group-C45BC7F5AE9E-LeaderElection36 ELECTION round 0: result REJECTED
2021-07-20 20:05:29,748 [ce149992-b5f4-48b7-837d-3c28b0a5cca8@group-C45BC7F5AE9E-LeaderElection36] INFO  server.RaftServer$Division (RaftServerImpl.java:setRole(284)) - ce149992-b5f4-48b7-837d-3c28b0a5cca8@group-C45BC7F5AE9E: changes role from CANDIDATE to FOLLOWER at term 1 for REJECTED
2021-07-20 20:05:29,748 [ce149992-b5f4-48b7-837d-3c28b0a5cca8@group-C45BC7F5AE9E-LeaderElection36] INFO  impl.RoleInfo (RoleInfo.java:shutdownLeaderElection(121)) - ce149992-b5f4-48b7-837d-3c28b0a5cca8: shutdown ce149992-b5f4-48b7-837d-3c28b0a5cca8@group-C45BC7F5AE9E-LeaderElection36
2021-07-20 20:05:29,748 [ce149992-b5f4-48b7-837d-3c28b0a5cca8@group-C45BC7F5AE9E-LeaderElection36] INFO  impl.RoleInfo (RoleInfo.java:updateAndGet(130)) - ce149992-b5f4-48b7-837d-3c28b0a5cca8: start ce149992-b5f4-48b7-837d-3c28b0a5cca8@group-C45BC7F5AE9E-FollowerState
2021-07-20 20:05:29,840 [Listener at 127.0.0.1/46215] INFO  ozone.MiniOzoneClusterImpl (MiniOzoneClusterImpl.java:lambda$waitForClusterToBeReady$0(230)) - Nodes are ready. Got 3 of 3 DN Heartbeats.
2021-07-20 20:05:29,840 [Listener at 127.0.0.1/46215] INFO  ozone.MiniOzoneClusterImpl (MiniOzoneClusterImpl.java:lambda$waitForClusterToBeReady$0(233)) - Waiting for cluster to exit safe mode
2021-07-20 20:05:29,840 [Listener at 127.0.0.1/46215] INFO  ozone.MiniOzoneClusterImpl (MiniOzoneClusterImpl.java:lambda$waitForClusterToBeReady$0(235)) - SCM became leader
2021-07-20 20:05:30,027 [c2070e46-2fb8-4865-9842-aaf28229b296@group-EDFFCA5F43E8-FollowerState] INFO  impl.FollowerState (FollowerState.java:run(134)) - c2070e46-2fb8-4865-9842-aaf28229b296@group-EDFFCA5F43E8-FollowerState: change to CANDIDATE, lastRpcElapsedTime:5173019796ns, electionTimeout:5172ms
2021-07-20 20:05:30,027 [c2070e46-2fb8-4865-9842-aaf28229b296@group-EDFFCA5F43E8-FollowerState] INFO  impl.RoleInfo (RoleInfo.java:shutdownFollowerState(108)) - c2070e46-2fb8-4865-9842-aaf28229b296: shutdown c2070e46-2fb8-4865-9842-aaf28229b296@group-EDFFCA5F43E8-FollowerState
2021-07-20 20:05:30,027 [c2070e46-2fb8-4865-9842-aaf28229b296@group-EDFFCA5F43E8-FollowerState] INFO  server.RaftServer$Division (RaftServerImpl.java:setRole(284)) - c2070e46-2fb8-4865-9842-aaf28229b296@group-EDFFCA5F43E8: changes role from  FOLLOWER to CANDIDATE at term 0 for changeToCandidate
2021-07-20 20:05:30,028 [c2070e46-2fb8-4865-9842-aaf28229b296@group-EDFFCA5F43E8-FollowerState] INFO  server.RaftServerConfigKeys (ConfUtils.java:logGet(44)) - raft.server.leaderelection.pre-vote = false (custom)
2021-07-20 20:05:30,028 [c2070e46-2fb8-4865-9842-aaf28229b296@group-EDFFCA5F43E8-FollowerState] INFO  impl.RoleInfo (RoleInfo.java:updateAndGet(130)) - c2070e46-2fb8-4865-9842-aaf28229b296: start c2070e46-2fb8-4865-9842-aaf28229b296@group-EDFFCA5F43E8-LeaderElection41
2021-07-20 20:05:30,030 [c2070e46-2fb8-4865-9842-aaf28229b296@group-EDFFCA5F43E8-LeaderElection41] INFO  impl.LeaderElection (LeaderElection.java:askForVotes(306)) - c2070e46-2fb8-4865-9842-aaf28229b296@group-EDFFCA5F43E8-LeaderElection41 ELECTION round 0: submit vote requests at term 1 for -1: [c2070e46-2fb8-4865-9842-aaf28229b296|rpc:10.1.0.85:37735|priority:1], old=null
2021-07-20 20:05:30,030 [c2070e46-2fb8-4865-9842-aaf28229b296@group-EDFFCA5F43E8-LeaderElection41] INFO  impl.LeaderElection (LeaderElection.java:askForVotes(308)) - c2070e46-2fb8-4865-9842-aaf28229b296@group-EDFFCA5F43E8-LeaderElection41 ELECTION round 0: result PASSED (term=1)
2021-07-20 20:05:30,030 [c2070e46-2fb8-4865-9842-aaf28229b296@group-EDFFCA5F43E8-LeaderElection41] INFO  impl.RoleInfo (RoleInfo.java:shutdownLeaderElection(121)) - c2070e46-2fb8-4865-9842-aaf28229b296: shutdown c2070e46-2fb8-4865-9842-aaf28229b296@group-EDFFCA5F43E8-LeaderElection41
2021-07-20 20:05:30,030 [c2070e46-2fb8-4865-9842-aaf28229b296@group-EDFFCA5F43E8-LeaderElection41] INFO  server.RaftServer$Division (RaftServerImpl.java:setRole(284)) - c2070e46-2fb8-4865-9842-aaf28229b296@group-EDFFCA5F43E8: changes role from CANDIDATE to LEADER at term 1 for changeToLeader
2021-07-20 20:05:30,030 [c2070e46-2fb8-4865-9842-aaf28229b296@group-EDFFCA5F43E8-LeaderElection41] INFO  ratis.XceiverServerRatis (XceiverServerRatis.java:handleLeaderChangedNotification(857)) - Leader change notification received for group: group-EDFFCA5F43E8 with new leaderId: c2070e46-2fb8-4865-9842-aaf28229b296
2021-07-20 20:05:30,031 [c2070e46-2fb8-4865-9842-aaf28229b296@group-EDFFCA5F43E8-LeaderElection41] INFO  server.RaftServer$Division (ServerState.java:setLeader(271)) - c2070e46-2fb8-4865-9842-aaf28229b296@group-EDFFCA5F43E8: change Leader from null to c2070e46-2fb8-4865-9842-aaf28229b296 at term 1 for becomeLeader, leader elected after 5182ms
2021-07-20 20:05:30,031 [c2070e46-2fb8-4865-9842-aaf28229b296@group-EDFFCA5F43E8-LeaderElection41] INFO  server.RaftServerConfigKeys (ConfUtils.java:logGet(44)) - raft.server.staging.catchup.gap = 1000 (default)
2021-07-20 20:05:30,031 [c2070e46-2fb8-4865-9842-aaf28229b296@group-EDFFCA5F43E8-LeaderElection41] INFO  metrics.RatisMetrics (RatisMetrics.java:lambda$create$0(36)) - Creating Metrics Registry : ratis.log_appender.c2070e46-2fb8-4865-9842-aaf28229b296@group-EDFFCA5F43E8
2021-07-20 20:05:30,031 [c2070e46-2fb8-4865-9842-aaf28229b296@group-EDFFCA5F43E8-LeaderElection41] INFO  server.RaftServerConfigKeys (ConfUtils.java:logGet(44)) - raft.server.write.element-limit = 1024 (custom)
2021-07-20 20:05:30,031 [c2070e46-2fb8-4865-9842-aaf28229b296@group-EDFFCA5F43E8-LeaderElection41] INFO  server.RaftServerConfigKeys (ConfUtils.java:logGet(44)) - raft.server.write.byte-limit = 1073741824 (custom)
2021-07-20 20:05:30,031 [c2070e46-2fb8-4865-9842-aaf28229b296@group-EDFFCA5F43E8-LeaderElection41] INFO  server.RaftServerConfigKeys (ConfUtils.java:logGet(44)) - raft.server.watch.timeout = 180s (custom)
2021-07-20 20:05:30,031 [c2070e46-2fb8-4865-9842-aaf28229b296@group-EDFFCA5F43E8-LeaderElection41] INFO  server.RaftServerConfigKeys (ConfUtils.java:logGet(44)) - raft.server.watch.timeout.denomination = 1s (default)
2021-07-20 20:05:30,032 [c2070e46-2fb8-4865-9842-aaf28229b296@group-EDFFCA5F43E8-LeaderElection41] INFO  server.RaftServerConfigKeys (ConfUtils.java:logGet(44)) - raft.server.watch.element-limit = 65536 (default)
2021-07-20 20:05:30,032 [c2070e46-2fb8-4865-9842-aaf28229b296@group-EDFFCA5F43E8-LeaderElection41] INFO  impl.RoleInfo (RoleInfo.java:updateAndGet(130)) - c2070e46-2fb8-4865-9842-aaf28229b296: start c2070e46-2fb8-4865-9842-aaf28229b296@group-EDFFCA5F43E8-LeaderStateImpl
2021-07-20 20:05:30,032 [EventQueue-OpenPipelineForHealthyPipelineSafeModeRule] INFO  safemode.SCMSafeModeManager (HealthyPipelineSafeModeRule.java:process(124)) - SCM in safe mode. Healthy pipelines reported count is 0, required healthy pipeline reported count is 1
2021-07-20 20:05:30,032 [c2070e46-2fb8-4865-9842-aaf28229b296@group-EDFFCA5F43E8-LeaderElection41] INFO  segmented.SegmentedRaftLogWorker (SegmentedRaftLogWorker.java:startLogSegment(394)) - c2070e46-2fb8-4865-9842-aaf28229b296@group-EDFFCA5F43E8-SegmentedRaftLogWorker: Starting segment from index:0
2021-07-20 20:05:30,034 [c2070e46-2fb8-4865-9842-aaf28229b296@group-EDFFCA5F43E8-SegmentedRaftLogWorker] INFO  segmented.SegmentedRaftLogWorker (SegmentedRaftLogWorker.java:execute(601)) - c2070e46-2fb8-4865-9842-aaf28229b296@group-EDFFCA5F43E8-SegmentedRaftLogWorker: created new log segment /home/runner/work/ozone/ozone/mnt/ozone/hadoop-ozone/integration-test/target/test-dir/MiniOzoneClusterImpl-f5a46b5f-7322-4bfd-b1a2-40e9a3ca233c/datanode-2/data/ratis/d19d5926-55c2-45aa-96cb-edffca5f43e8/current/log_inprogress_0
2021-07-20 20:05:30,035 [c2070e46-2fb8-4865-9842-aaf28229b296@group-EDFFCA5F43E8-LeaderElection41] INFO  server.RaftServer$Division (ServerState.java:setRaftConf(373)) - c2070e46-2fb8-4865-9842-aaf28229b296@group-EDFFCA5F43E8: set configuration 0: [c2070e46-2fb8-4865-9842-aaf28229b296|rpc:10.1.0.85:37735|dataStream:|priority:1], old=null
2021-07-20 20:05:30,840 [Listener at 127.0.0.1/46215] INFO  ozone.MiniOzoneClusterImpl (MiniOzoneClusterImpl.java:lambda$waitForClusterToBeReady$0(230)) - Nodes are ready. Got 3 of 3 DN Heartbeats.
2021-07-20 20:05:30,840 [Listener at 127.0.0.1/46215] INFO  ozone.MiniOzoneClusterImpl (MiniOzoneClusterImpl.java:lambda$waitForClusterToBeReady$0(233)) - Waiting for cluster to exit safe mode
2021-07-20 20:05:30,840 [Listener at 127.0.0.1/46215] INFO  ozone.MiniOzoneClusterImpl (MiniOzoneClusterImpl.java:lambda$waitForClusterToBeReady$0(235)) - SCM became leader
2021-07-20 20:05:31,841 [Listener at 127.0.0.1/46215] INFO  ozone.MiniOzoneClusterImpl (MiniOzoneClusterImpl.java:lambda$waitForClusterToBeReady$0(230)) - Nodes are ready. Got 3 of 3 DN Heartbeats.
2021-07-20 20:05:31,841 [Listener at 127.0.0.1/46215] INFO  ozone.MiniOzoneClusterImpl (MiniOzoneClusterImpl.java:lambda$waitForClusterToBeReady$0(233)) - Waiting for cluster to exit safe mode
2021-07-20 20:05:31,841 [Listener at 127.0.0.1/46215] INFO  ozone.MiniOzoneClusterImpl (MiniOzoneClusterImpl.java:lambda$waitForClusterToBeReady$0(235)) - SCM became leader
2021-07-20 20:05:32,841 [Listener at 127.0.0.1/46215] INFO  ozone.MiniOzoneClusterImpl (MiniOzoneClusterImpl.java:lambda$waitForClusterToBeReady$0(230)) - Nodes are ready. Got 3 of 3 DN Heartbeats.
2021-07-20 20:05:32,841 [Listener at 127.0.0.1/46215] INFO  ozone.MiniOzoneClusterImpl (MiniOzoneClusterImpl.java:lambda$waitForClusterToBeReady$0(233)) - Waiting for cluster to exit safe mode
2021-07-20 20:05:32,841 [Listener at 127.0.0.1/46215] INFO  ozone.MiniOzoneClusterImpl (MiniOzoneClusterImpl.java:lambda$waitForClusterToBeReady$0(235)) - SCM became leader
2021-07-20 20:05:33,842 [Listener at 127.0.0.1/46215] INFO  ozone.MiniOzoneClusterImpl (MiniOzoneClusterImpl.java:lambda$waitForClusterToBeReady$0(230)) - Nodes are ready. Got 3 of 3 DN Heartbeats.
2021-07-20 20:05:33,842 [Listener at 127.0.0.1/46215] INFO  ozone.MiniOzoneClusterImpl (MiniOzoneClusterImpl.java:lambda$waitForClusterToBeReady$0(233)) - Waiting for cluster to exit safe mode
2021-07-20 20:05:33,842 [Listener at 127.0.0.1/46215] INFO  ozone.MiniOzoneClusterImpl (MiniOzoneClusterImpl.java:lambda$waitForClusterToBeReady$0(235)) - SCM became leader
2021-07-20 20:05:34,748 [04ab6d70-ea45-4448-8301-2ff63aaf71dc@group-C45BC7F5AE9E-FollowerState] INFO  impl.FollowerState (FollowerState.java:run(134)) - 04ab6d70-ea45-4448-8301-2ff63aaf71dc@group-C45BC7F5AE9E-FollowerState: change to CANDIDATE, lastRpcElapsedTime:5007868587ns, electionTimeout:5007ms
2021-07-20 20:05:34,748 [04ab6d70-ea45-4448-8301-2ff63aaf71dc@group-C45BC7F5AE9E-FollowerState] INFO  impl.RoleInfo (RoleInfo.java:shutdownFollowerState(108)) - 04ab6d70-ea45-4448-8301-2ff63aaf71dc: shutdown 04ab6d70-ea45-4448-8301-2ff63aaf71dc@group-C45BC7F5AE9E-FollowerState
2021-07-20 20:05:34,748 [04ab6d70-ea45-4448-8301-2ff63aaf71dc@group-C45BC7F5AE9E-FollowerState] INFO  server.RaftServer$Division (RaftServerImpl.java:setRole(284)) - 04ab6d70-ea45-4448-8301-2ff63aaf71dc@group-C45BC7F5AE9E: changes role from  FOLLOWER to CANDIDATE at term 1 for changeToCandidate
2021-07-20 20:05:34,748 [04ab6d70-ea45-4448-8301-2ff63aaf71dc@group-C45BC7F5AE9E-FollowerState] INFO  server.RaftServerConfigKeys (ConfUtils.java:logGet(44)) - raft.server.leaderelection.pre-vote = false (custom)
2021-07-20 20:05:34,748 [04ab6d70-ea45-4448-8301-2ff63aaf71dc@group-C45BC7F5AE9E-FollowerState] INFO  impl.RoleInfo (RoleInfo.java:updateAndGet(130)) - 04ab6d70-ea45-4448-8301-2ff63aaf71dc: start 04ab6d70-ea45-4448-8301-2ff63aaf71dc@group-C45BC7F5AE9E-LeaderElection42
2021-07-20 20:05:34,751 [ce149992-b5f4-48b7-837d-3c28b0a5cca8@group-C45BC7F5AE9E-FollowerState] INFO  impl.FollowerState (FollowerState.java:run(134)) - ce149992-b5f4-48b7-837d-3c28b0a5cca8@group-C45BC7F5AE9E-FollowerState: change to CANDIDATE, lastRpcElapsedTime:5003305576ns, electionTimeout:5002ms
2021-07-20 20:05:34,751 [ce149992-b5f4-48b7-837d-3c28b0a5cca8@group-C45BC7F5AE9E-FollowerState] INFO  impl.RoleInfo (RoleInfo.java:shutdownFollowerState(108)) - ce149992-b5f4-48b7-837d-3c28b0a5cca8: shutdown ce149992-b5f4-48b7-837d-3c28b0a5cca8@group-C45BC7F5AE9E-FollowerState
2021-07-20 20:05:34,751 [ce149992-b5f4-48b7-837d-3c28b0a5cca8@group-C45BC7F5AE9E-FollowerState] INFO  server.RaftServer$Division (RaftServerImpl.java:setRole(284)) - ce149992-b5f4-48b7-837d-3c28b0a5cca8@group-C45BC7F5AE9E: changes role from  FOLLOWER to CANDIDATE at term 1 for changeToCandidate
2021-07-20 20:05:34,751 [ce149992-b5f4-48b7-837d-3c28b0a5cca8@group-C45BC7F5AE9E-FollowerState] INFO  server.RaftServerConfigKeys (ConfUtils.java:logGet(44)) - raft.server.leaderelection.pre-vote = false (custom)
2021-07-20 20:05:34,751 [ce149992-b5f4-48b7-837d-3c28b0a5cca8@group-C45BC7F5AE9E-FollowerState] INFO  impl.RoleInfo (RoleInfo.java:updateAndGet(130)) - ce149992-b5f4-48b7-837d-3c28b0a5cca8: start ce149992-b5f4-48b7-837d-3c28b0a5cca8@group-C45BC7F5AE9E-LeaderElection43
2021-07-20 20:05:34,752 [04ab6d70-ea45-4448-8301-2ff63aaf71dc@group-C45BC7F5AE9E-LeaderElection42] INFO  impl.LeaderElection (LeaderElection.java:askForVotes(306)) - 04ab6d70-ea45-4448-8301-2ff63aaf71dc@group-C45BC7F5AE9E-LeaderElection42 ELECTION round 0: submit vote requests at term 2 for -1: [04ab6d70-ea45-4448-8301-2ff63aaf71dc|rpc:10.1.0.85:37589|dataStream:|priority:1, c2070e46-2fb8-4865-9842-aaf28229b296|rpc:10.1.0.85:37735|dataStream:|priority:0, ce149992-b5f4-48b7-837d-3c28b0a5cca8|rpc:10.1.0.85:37697|dataStream:|priority:0], old=null
2021-07-20 20:05:34,753 [ce149992-b5f4-48b7-837d-3c28b0a5cca8@group-C45BC7F5AE9E-LeaderElection43] INFO  impl.LeaderElection (LeaderElection.java:askForVotes(306)) - ce149992-b5f4-48b7-837d-3c28b0a5cca8@group-C45BC7F5AE9E-LeaderElection43 ELECTION round 0: submit vote requests at term 2 for -1: [04ab6d70-ea45-4448-8301-2ff63aaf71dc|rpc:10.1.0.85:37589|priority:1, c2070e46-2fb8-4865-9842-aaf28229b296|rpc:10.1.0.85:37735|priority:0, ce149992-b5f4-48b7-837d-3c28b0a5cca8|rpc:10.1.0.85:37697|priority:0], old=null
2021-07-20 20:05:34,755 [04ab6d70-ea45-4448-8301-2ff63aaf71dc@group-B87A76F5A1EB-FollowerState] INFO  impl.FollowerState (FollowerState.java:run(134)) - 04ab6d70-ea45-4448-8301-2ff63aaf71dc@group-B87A76F5A1EB-FollowerState: change to CANDIDATE, lastRpcElapsedTime:5050287744ns, electionTimeout:5045ms
2021-07-20 20:05:34,755 [04ab6d70-ea45-4448-8301-2ff63aaf71dc@group-B87A76F5A1EB-FollowerState] INFO  impl.RoleInfo (RoleInfo.java:shutdownFollowerState(108)) - 04ab6d70-ea45-4448-8301-2ff63aaf71dc: shutdown 04ab6d70-ea45-4448-8301-2ff63aaf71dc@group-B87A76F5A1EB-FollowerState
2021-07-20 20:05:34,755 [04ab6d70-ea45-4448-8301-2ff63aaf71dc@group-B87A76F5A1EB-FollowerState] INFO  server.RaftServer$Division (RaftServerImpl.java:setRole(284)) - 04ab6d70-ea45-4448-8301-2ff63aaf71dc@group-B87A76F5A1EB: changes role from  FOLLOWER to CANDIDATE at term 1 for changeToCandidate
2021-07-20 20:05:34,762 [04ab6d70-ea45-4448-8301-2ff63aaf71dc@group-B87A76F5A1EB-FollowerState] INFO  server.RaftServerConfigKeys (ConfUtils.java:logGet(44)) - raft.server.leaderelection.pre-vote = false (custom)
2021-07-20 20:05:34,762 [04ab6d70-ea45-4448-8301-2ff63aaf71dc@group-B87A76F5A1EB-FollowerState] INFO  impl.RoleInfo (RoleInfo.java:updateAndGet(130)) - 04ab6d70-ea45-4448-8301-2ff63aaf71dc: start 04ab6d70-ea45-4448-8301-2ff63aaf71dc@group-B87A76F5A1EB-LeaderElection44
2021-07-20 20:05:34,762 [grpc-default-executor-4] INFO  server.RaftServer$Division (RaftServerImpl.java:requestVote(1042)) - c2070e46-2fb8-4865-9842-aaf28229b296@group-C45BC7F5AE9E: receive requestVote(ELECTION, 04ab6d70-ea45-4448-8301-2ff63aaf71dc, group-C45BC7F5AE9E, 2, (t:0, i:0))
2021-07-20 20:05:34,762 [grpc-default-executor-4] INFO  impl.VoteContext (VoteContext.java:log(48)) - c2070e46-2fb8-4865-9842-aaf28229b296@group-C45BC7F5AE9E-FOLLOWER: accept ELECTION from 04ab6d70-ea45-4448-8301-2ff63aaf71dc: our priority 0 <= candidate's priority 1
2021-07-20 20:05:34,762 [grpc-default-executor-4] INFO  server.RaftServer$Division (RaftServerImpl.java:setRole(284)) - c2070e46-2fb8-4865-9842-aaf28229b296@group-C45BC7F5AE9E: changes role from  FOLLOWER to FOLLOWER at term 2 for candidate:04ab6d70-ea45-4448-8301-2ff63aaf71dc
2021-07-20 20:05:34,762 [grpc-default-executor-4] INFO  impl.RoleInfo (RoleInfo.java:shutdownFollowerState(108)) - c2070e46-2fb8-4865-9842-aaf28229b296: shutdown c2070e46-2fb8-4865-9842-aaf28229b296@group-C45BC7F5AE9E-FollowerState
2021-07-20 20:05:34,763 [c2070e46-2fb8-4865-9842-aaf28229b296@group-C45BC7F5AE9E-FollowerState] INFO  impl.FollowerState (FollowerState.java:run(143)) - c2070e46-2fb8-4865-9842-aaf28229b296@group-C45BC7F5AE9E-FollowerState was interrupted: {}
java.lang.InterruptedException: sleep interrupted
	at java.lang.Thread.sleep(Native Method)
	at java.lang.Thread.sleep(Thread.java:340)
	at java.util.concurrent.TimeUnit.sleep(TimeUnit.java:386)
	at org.apache.ratis.util.TimeDuration.sleep(TimeDuration.java:324)
	at org.apache.ratis.util.TimeDuration.sleep(TimeDuration.java:309)
	at org.apache.ratis.server.impl.FollowerState.run(FollowerState.java:118)
2021-07-20 20:05:34,766 [04ab6d70-ea45-4448-8301-2ff63aaf71dc@group-B87A76F5A1EB-LeaderElection44] INFO  impl.LeaderElection (LeaderElection.java:askForVotes(306)) - 04ab6d70-ea45-4448-8301-2ff63aaf71dc@group-B87A76F5A1EB-LeaderElection44 ELECTION round 0: submit vote requests at term 2 for -1: [04ab6d70-ea45-4448-8301-2ff63aaf71dc|rpc:10.1.0.85:37589|dataStream:|priority:0, c2070e46-2fb8-4865-9842-aaf28229b296|rpc:10.1.0.85:37735|dataStream:|priority:1, ce149992-b5f4-48b7-837d-3c28b0a5cca8|rpc:10.1.0.85:37697|dataStream:|priority:0], old=null
2021-07-20 20:05:34,766 [grpc-default-executor-6] INFO  server.RaftServer$Division (RaftServerImpl.java:requestVote(1042)) - ce149992-b5f4-48b7-837d-3c28b0a5cca8@group-C45BC7F5AE9E: receive requestVote(ELECTION, 04ab6d70-ea45-4448-8301-2ff63aaf71dc, group-C45BC7F5AE9E, 2, (t:0, i:0))
2021-07-20 20:05:34,766 [grpc-default-executor-6] INFO  impl.VoteContext (VoteContext.java:log(48)) - ce149992-b5f4-48b7-837d-3c28b0a5cca8@group-C45BC7F5AE9E-CANDIDATE: reject ELECTION from 04ab6d70-ea45-4448-8301-2ff63aaf71dc: already has voted for ce149992-b5f4-48b7-837d-3c28b0a5cca8 at current term 2
2021-07-20 20:05:34,766 [grpc-default-executor-6] INFO  server.RaftServer$Division (RaftServerImpl.java:requestVote(1074)) - ce149992-b5f4-48b7-837d-3c28b0a5cca8@group-C45BC7F5AE9E replies to ELECTION vote request: 04ab6d70-ea45-4448-8301-2ff63aaf71dc<-ce149992-b5f4-48b7-837d-3c28b0a5cca8#0:FAIL-t2. Peer's state: ce149992-b5f4-48b7-837d-3c28b0a5cca8@group-C45BC7F5AE9E:t2, leader=null, voted=ce149992-b5f4-48b7-837d-3c28b0a5cca8, raftlog=ce149992-b5f4-48b7-837d-3c28b0a5cca8@group-C45BC7F5AE9E-SegmentedRaftLog:OPENED:c-1,f-1,i0, conf=-1: [04ab6d70-ea45-4448-8301-2ff63aaf71dc|rpc:10.1.0.85:37589|priority:1, c2070e46-2fb8-4865-9842-aaf28229b296|rpc:10.1.0.85:37735|priority:0, ce149992-b5f4-48b7-837d-3c28b0a5cca8|rpc:10.1.0.85:37697|priority:0], old=null
2021-07-20 20:05:34,767 [grpc-default-executor-4] INFO  impl.RoleInfo (RoleInfo.java:updateAndGet(130)) - c2070e46-2fb8-4865-9842-aaf28229b296: start c2070e46-2fb8-4865-9842-aaf28229b296@group-C45BC7F5AE9E-FollowerState
2021-07-20 20:05:34,770 [grpc-default-executor-4] INFO  server.RaftServer$Division (RaftServerImpl.java:requestVote(1074)) - c2070e46-2fb8-4865-9842-aaf28229b296@group-C45BC7F5AE9E replies to ELECTION vote request: 04ab6d70-ea45-4448-8301-2ff63aaf71dc<-c2070e46-2fb8-4865-9842-aaf28229b296#0:OK-t2. Peer's state: c2070e46-2fb8-4865-9842-aaf28229b296@group-C45BC7F5AE9E:t2, leader=null, voted=04ab6d70-ea45-4448-8301-2ff63aaf71dc, raftlog=c2070e46-2fb8-4865-9842-aaf28229b296@group-C45BC7F5AE9E-SegmentedRaftLog:OPENED:c-1,f-1,i0, conf=-1: [04ab6d70-ea45-4448-8301-2ff63aaf71dc|rpc:10.1.0.85:37589|dataStream:|priority:1, c2070e46-2fb8-4865-9842-aaf28229b296|rpc:10.1.0.85:37735|dataStream:|priority:0, ce149992-b5f4-48b7-837d-3c28b0a5cca8|rpc:10.1.0.85:37697|dataStream:|priority:0], old=null
2021-07-20 20:05:34,770 [grpc-default-executor-1] INFO  server.RaftServer$Division (RaftServerImpl.java:requestVote(1042)) - 04ab6d70-ea45-4448-8301-2ff63aaf71dc@group-C45BC7F5AE9E: receive requestVote(ELECTION, ce149992-b5f4-48b7-837d-3c28b0a5cca8, group-C45BC7F5AE9E, 2, (t:0, i:0))
2021-07-20 20:05:34,770 [grpc-default-executor-1] INFO  impl.VoteContext (VoteContext.java:log(48)) - 04ab6d70-ea45-4448-8301-2ff63aaf71dc@group-C45BC7F5AE9E-CANDIDATE: reject ELECTION from ce149992-b5f4-48b7-837d-3c28b0a5cca8: already has voted for 04ab6d70-ea45-4448-8301-2ff63aaf71dc at current term 2
2021-07-20 20:05:34,770 [grpc-default-executor-1] INFO  server.RaftServer$Division (RaftServerImpl.java:requestVote(1074)) - 04ab6d70-ea45-4448-8301-2ff63aaf71dc@group-C45BC7F5AE9E replies to ELECTION vote request: ce149992-b5f4-48b7-837d-3c28b0a5cca8<-04ab6d70-ea45-4448-8301-2ff63aaf71dc#0:FAIL-t2. Peer's state: 04ab6d70-ea45-4448-8301-2ff63aaf71dc@group-C45BC7F5AE9E:t2, leader=null, voted=04ab6d70-ea45-4448-8301-2ff63aaf71dc, raftlog=04ab6d70-ea45-4448-8301-2ff63aaf71dc@group-C45BC7F5AE9E-SegmentedRaftLog:OPENED:c-1,f-1,i0, conf=-1: [04ab6d70-ea45-4448-8301-2ff63aaf71dc|rpc:10.1.0.85:37589|dataStream:|priority:1, c2070e46-2fb8-4865-9842-aaf28229b296|rpc:10.1.0.85:37735|dataStream:|priority:0, ce149992-b5f4-48b7-837d-3c28b0a5cca8|rpc:10.1.0.85:37697|dataStream:|priority:0], old=null
2021-07-20 20:05:34,771 [04ab6d70-ea45-4448-8301-2ff63aaf71dc@group-C45BC7F5AE9E-LeaderElection42] INFO  impl.LeaderElection (LeaderElection.java:logAndReturn(89)) - 04ab6d70-ea45-4448-8301-2ff63aaf71dc@group-C45BC7F5AE9E-LeaderElection42: ELECTION PASSED received 1 response(s) and 0 exception(s):
2021-07-20 20:05:34,771 [04ab6d70-ea45-4448-8301-2ff63aaf71dc@group-C45BC7F5AE9E-LeaderElection42] INFO  impl.LeaderElection (LeaderElection.java:logAndReturn(93)) -   Response 0: 04ab6d70-ea45-4448-8301-2ff63aaf71dc<-c2070e46-2fb8-4865-9842-aaf28229b296#0:OK-t2
2021-07-20 20:05:34,771 [04ab6d70-ea45-4448-8301-2ff63aaf71dc@group-C45BC7F5AE9E-LeaderElection42] INFO  impl.LeaderElection (LeaderElection.java:askForVotes(308)) - 04ab6d70-ea45-4448-8301-2ff63aaf71dc@group-C45BC7F5AE9E-LeaderElection42 ELECTION round 0: result PASSED
2021-07-20 20:05:34,771 [04ab6d70-ea45-4448-8301-2ff63aaf71dc@group-C45BC7F5AE9E-LeaderElection42] INFO  impl.RoleInfo (RoleInfo.java:shutdownLeaderElection(121)) - 04ab6d70-ea45-4448-8301-2ff63aaf71dc: shutdown 04ab6d70-ea45-4448-8301-2ff63aaf71dc@group-C45BC7F5AE9E-LeaderElection42
2021-07-20 20:05:34,771 [04ab6d70-ea45-4448-8301-2ff63aaf71dc@group-C45BC7F5AE9E-LeaderElection42] INFO  server.RaftServer$Division (RaftServerImpl.java:setRole(284)) - 04ab6d70-ea45-4448-8301-2ff63aaf71dc@group-C45BC7F5AE9E: changes role from CANDIDATE to LEADER at term 2 for changeToLeader
2021-07-20 20:05:34,771 [04ab6d70-ea45-4448-8301-2ff63aaf71dc@group-C45BC7F5AE9E-LeaderElection42] INFO  ratis.XceiverServerRatis (XceiverServerRatis.java:handleLeaderChangedNotification(857)) - Leader change notification received for group: group-C45BC7F5AE9E with new leaderId: 04ab6d70-ea45-4448-8301-2ff63aaf71dc
2021-07-20 20:05:34,771 [04ab6d70-ea45-4448-8301-2ff63aaf71dc@group-C45BC7F5AE9E-LeaderElection42] INFO  server.RaftServer$Division (ServerState.java:setLeader(271)) - 04ab6d70-ea45-4448-8301-2ff63aaf71dc@group-C45BC7F5AE9E: change Leader from null to 04ab6d70-ea45-4448-8301-2ff63aaf71dc at term 2 for becomeLeader, leader elected after 10211ms
2021-07-20 20:05:34,771 [04ab6d70-ea45-4448-8301-2ff63aaf71dc@group-C45BC7F5AE9E-LeaderElection42] INFO  server.RaftServerConfigKeys (ConfUtils.java:logGet(44)) - raft.server.staging.catchup.gap = 1000 (default)
2021-07-20 20:05:34,772 [04ab6d70-ea45-4448-8301-2ff63aaf71dc@group-C45BC7F5AE9E-LeaderElection42] INFO  metrics.RatisMetrics (RatisMetrics.java:lambda$create$0(36)) - Creating Metrics Registry : ratis.log_appender.04ab6d70-ea45-4448-8301-2ff63aaf71dc@group-C45BC7F5AE9E
2021-07-20 20:05:34,772 [04ab6d70-ea45-4448-8301-2ff63aaf71dc@group-C45BC7F5AE9E-LeaderElection42] INFO  server.RaftServerConfigKeys (ConfUtils.java:logGet(44)) - raft.server.write.element-limit = 1024 (custom)
2021-07-20 20:05:34,772 [04ab6d70-ea45-4448-8301-2ff63aaf71dc@group-C45BC7F5AE9E-LeaderElection42] INFO  server.RaftServerConfigKeys (ConfUtils.java:logGet(44)) - raft.server.write.byte-limit = 1073741824 (custom)
2021-07-20 20:05:34,772 [04ab6d70-ea45-4448-8301-2ff63aaf71dc@group-C45BC7F5AE9E-LeaderElection42] INFO  server.RaftServerConfigKeys (ConfUtils.java:logGet(44)) - raft.server.watch.timeout = 180s (custom)
2021-07-20 20:05:34,772 [04ab6d70-ea45-4448-8301-2ff63aaf71dc@group-C45BC7F5AE9E-LeaderElection42] INFO  server.RaftServerConfigKeys (ConfUtils.java:logGet(44)) - raft.server.watch.timeout.denomination = 1s (default)
2021-07-20 20:05:34,772 [04ab6d70-ea45-4448-8301-2ff63aaf71dc@group-C45BC7F5AE9E-LeaderElection42] INFO  server.RaftServerConfigKeys (ConfUtils.java:logGet(44)) - raft.server.watch.element-limit = 65536 (default)
2021-07-20 20:05:34,772 [04ab6d70-ea45-4448-8301-2ff63aaf71dc@group-C45BC7F5AE9E-LeaderElection42] INFO  server.RaftServerConfigKeys (ConfUtils.java:logGet(44)) - raft.server.log.appender.snapshot.chunk.size.max = 16MB (=16777216) (default)
2021-07-20 20:05:34,772 [04ab6d70-ea45-4448-8301-2ff63aaf71dc@group-C45BC7F5AE9E-LeaderElection42] INFO  server.RaftServerConfigKeys (ConfUtils.java:logGet(44)) - raft.server.log.appender.buffer.byte-limit = 33554432 (custom)
2021-07-20 20:05:34,772 [04ab6d70-ea45-4448-8301-2ff63aaf71dc@group-C45BC7F5AE9E-LeaderElection42] INFO  server.RaftServerConfigKeys (ConfUtils.java:logGet(44)) - raft.server.log.appender.buffer.element-limit = 1 (custom)
2021-07-20 20:05:34,772 [Datanode State Machine Thread - 0] WARN  statemachine.StateContext (StateContext.java:execute(621)) - No available thread in pool for past 1 seconds.
2021-07-20 20:05:34,773 [c2070e46-2fb8-4865-9842-aaf28229b296@group-B87A76F5A1EB-FollowerState] INFO  impl.FollowerState (FollowerState.java:run(134)) - c2070e46-2fb8-4865-9842-aaf28229b296@group-B87A76F5A1EB-FollowerState: change to CANDIDATE, lastRpcElapsedTime:5032522724ns, electionTimeout:5026ms
2021-07-20 20:05:34,773 [c2070e46-2fb8-4865-9842-aaf28229b296@group-B87A76F5A1EB-FollowerState] INFO  impl.RoleInfo (RoleInfo.java:shutdownFollowerState(108)) - c2070e46-2fb8-4865-9842-aaf28229b296: shutdown c2070e46-2fb8-4865-9842-aaf28229b296@group-B87A76F5A1EB-FollowerState
2021-07-20 20:05:34,773 [c2070e46-2fb8-4865-9842-aaf28229b296@group-B87A76F5A1EB-FollowerState] INFO  server.RaftServer$Division (RaftServerImpl.java:setRole(284)) - c2070e46-2fb8-4865-9842-aaf28229b296@group-B87A76F5A1EB: changes role from  FOLLOWER to CANDIDATE at term 1 for changeToCandidate
2021-07-20 20:05:34,773 [c2070e46-2fb8-4865-9842-aaf28229b296@group-B87A76F5A1EB-FollowerState] INFO  server.RaftServerConfigKeys (ConfUtils.java:logGet(44)) - raft.server.leaderelection.pre-vote = false (custom)
2021-07-20 20:05:34,773 [c2070e46-2fb8-4865-9842-aaf28229b296@group-B87A76F5A1EB-FollowerState] INFO  impl.RoleInfo (RoleInfo.java:updateAndGet(130)) - c2070e46-2fb8-4865-9842-aaf28229b296: start c2070e46-2fb8-4865-9842-aaf28229b296@group-B87A76F5A1EB-LeaderElection45
2021-07-20 20:05:34,773 [EventQueue-PipelineReportForPipelineReportHandler] INFO  pipeline.PipelineManagerV2Impl (PipelineManagerV2Impl.java:openPipeline(283)) - Pipeline Pipeline[ Id: 70eb5b07-2880-4fcf-8b06-c45bc7f5ae9e, Nodes: ce149992-b5f4-48b7-837d-3c28b0a5cca8{ip: 10.1.0.85, host: fv-az148-341.bm4ck3pvxvsene1rjriu5fhcdb.bx.internal.cloudapp.net, ports: [REPLICATION=46277, RATIS=37697, RATIS_ADMIN=37697, RATIS_SERVER=37697, STANDALONE=40793], networkLocation: /default-rack, certSerialId: null, persistedOpState: IN_SERVICE, persistedOpStateExpiryEpochSec: 0}c2070e46-2fb8-4865-9842-aaf28229b296{ip: 10.1.0.85, host: fv-az148-341.bm4ck3pvxvsene1rjriu5fhcdb.bx.internal.cloudapp.net, ports: [REPLICATION=45485, RATIS=37735, RATIS_ADMIN=37735, RATIS_SERVER=37735, STANDALONE=35233], networkLocation: /default-rack, certSerialId: null, persistedOpState: IN_SERVICE, persistedOpStateExpiryEpochSec: 0}04ab6d70-ea45-4448-8301-2ff63aaf71dc{ip: 10.1.0.85, host: fv-az148-341.bm4ck3pvxvsene1rjriu5fhcdb.bx.internal.cloudapp.net, ports: [REPLICATION=44147, RATIS=37589, RATIS_ADMIN=37589, RATIS_SERVER=37589, STANDALONE=33115], networkLocation: /default-rack, certSerialId: null, persistedOpState: IN_SERVICE, persistedOpStateExpiryEpochSec: 0}, ReplicationConfig: RATIS/THREE, State:ALLOCATED, leaderId:04ab6d70-ea45-4448-8301-2ff63aaf71dc, CreationTimestamp2021-07-20T20:05:21.841Z[Etc/UTC]] moved to OPEN state
2021-07-20 20:05:34,774 [EventQueue-OpenPipelineForHealthyPipelineSafeModeRule] INFO  safemode.SCMSafeModeManager (HealthyPipelineSafeModeRule.java:process(124)) - SCM in safe mode. Healthy pipelines reported count is 1, required healthy pipeline reported count is 1
2021-07-20 20:05:34,774 [EventQueue-OpenPipelineForHealthyPipelineSafeModeRule] INFO  safemode.SCMSafeModeManager (SCMSafeModeManager.java:validateSafeModeExitRules(204)) - HealthyPipelineSafeModeRule rule is successfully validated
2021-07-20 20:05:34,774 [EventQueue-OpenPipelineForHealthyPipelineSafeModeRule] INFO  safemode.SCMSafeModeManager (SCMSafeModeManager.java:validateSafeModeExitRules(219)) - ScmSafeModeManager, all rules are successfully validated
2021-07-20 20:05:34,774 [EventQueue-OpenPipelineForHealthyPipelineSafeModeRule] INFO  safemode.SCMSafeModeManager (SCMSafeModeManager.java:exitSafeMode(248)) - SCM exiting safe mode.
2021-07-20 20:05:34,774 [EventQueue-OpenPipelineForHealthyPipelineSafeModeRule] WARN  events.EventQueue (EventQueue.java:fireEvent(194)) - No event handler registered for event TypedEvent{payloadType=SafeModeStatus, name='Safe mode status'}
2021-07-20 20:05:34,774 [EventQueue-OpenPipelineForHealthyPipelineSafeModeRule] INFO  ha.SCMContext (SCMContext.java:updateSafeModeStatus(205)) - Update SafeModeStatus from SafeModeStatus{safeModeStatus=true, preCheckPassed=true} to SafeModeStatus{safeModeStatus=false, preCheckPassed=true}.
2021-07-20 20:05:34,774 [EventQueue-OpenPipelineForHealthyPipelineSafeModeRule] INFO  pipeline.BackgroundPipelineCreator (BackgroundPipelineCreatorV2.java:notifyStatusChanged(264)) - Service BackgroundPipelineCreator transitions to RUNNING.
2021-07-20 20:05:34,774 [EventQueue-OpenPipelineForHealthyPipelineSafeModeRule] INFO  container.ReplicationManager (ReplicationManager.java:notifyStatusChanged(1691)) - Service ReplicationManager transitions to RUNNING.
2021-07-20 20:05:34,772 [04ab6d70-ea45-4448-8301-2ff63aaf71dc@group-C45BC7F5AE9E-LeaderElection42] INFO  grpc.GrpcConfigKeys (ConfUtils.java:logGet(44)) - raft.grpc.server.leader.outstanding.appends.max = 128 (default)
2021-07-20 20:05:34,774 [04ab6d70-ea45-4448-8301-2ff63aaf71dc@group-C45BC7F5AE9E-LeaderElection42] INFO  server.RaftServerConfigKeys (ConfUtils.java:logGet(44)) - raft.server.rpc.request.timeout = 60s (custom)
2021-07-20 20:05:34,774 [04ab6d70-ea45-4448-8301-2ff63aaf71dc@group-C45BC7F5AE9E-LeaderElection42] INFO  server.RaftServerConfigKeys (ConfUtils.java:logGet(44)) - raft.server.log.appender.install.snapshot.enabled = false (custom)
2021-07-20 20:05:34,774 [04ab6d70-ea45-4448-8301-2ff63aaf71dc@group-C45BC7F5AE9E-LeaderElection42] INFO  metrics.RatisMetrics (RatisMetrics.java:lambda$create$0(36)) - Creating Metrics Registry : ratis_grpc.log_appender.04ab6d70-ea45-4448-8301-2ff63aaf71dc@group-C45BC7F5AE9E
2021-07-20 20:05:34,775 [04ab6d70-ea45-4448-8301-2ff63aaf71dc@group-C45BC7F5AE9E-LeaderElection42] INFO  server.RaftServerConfigKeys (ConfUtils.java:logGet(44)) - raft.server.log.appender.snapshot.chunk.size.max = 16MB (=16777216) (default)
2021-07-20 20:05:34,775 [04ab6d70-ea45-4448-8301-2ff63aaf71dc@group-C45BC7F5AE9E-LeaderElection42] INFO  server.RaftServerConfigKeys (ConfUtils.java:logGet(44)) - raft.server.log.appender.buffer.byte-limit = 33554432 (custom)
2021-07-20 20:05:34,775 [04ab6d70-ea45-4448-8301-2ff63aaf71dc@group-C45BC7F5AE9E-LeaderElection42] INFO  server.RaftServerConfigKeys (ConfUtils.java:logGet(44)) - raft.server.log.appender.buffer.element-limit = 1 (custom)
2021-07-20 20:05:34,781 [04ab6d70-ea45-4448-8301-2ff63aaf71dc@group-C45BC7F5AE9E-LeaderElection42] INFO  grpc.GrpcConfigKeys (ConfUtils.java:logGet(44)) - raft.grpc.server.leader.outstanding.appends.max = 128 (default)
2021-07-20 20:05:34,781 [04ab6d70-ea45-4448-8301-2ff63aaf71dc@group-C45BC7F5AE9E-LeaderElection42] INFO  server.RaftServerConfigKeys (ConfUtils.java:logGet(44)) - raft.server.rpc.request.timeout = 60s (custom)
2021-07-20 20:05:34,781 [04ab6d70-ea45-4448-8301-2ff63aaf71dc@group-C45BC7F5AE9E-LeaderElection42] INFO  server.RaftServerConfigKeys (ConfUtils.java:logGet(44)) - raft.server.log.appender.install.snapshot.enabled = false (custom)
2021-07-20 20:05:34,782 [ce149992-b5f4-48b7-837d-3c28b0a5cca8@group-C45BC7F5AE9E-LeaderElection43] INFO  impl.LeaderElection (LeaderElection.java:logAndReturn(89)) - ce149992-b5f4-48b7-837d-3c28b0a5cca8@group-C45BC7F5AE9E-LeaderElection43: ELECTION REJECTED received 1 response(s) and 0 exception(s):
2021-07-20 20:05:34,782 [ce149992-b5f4-48b7-837d-3c28b0a5cca8@group-C45BC7F5AE9E-LeaderElection43] INFO  impl.LeaderElection (LeaderElection.java:logAndReturn(93)) -   Response 0: ce149992-b5f4-48b7-837d-3c28b0a5cca8<-04ab6d70-ea45-4448-8301-2ff63aaf71dc#0:FAIL-t2
2021-07-20 20:05:34,782 [ce149992-b5f4-48b7-837d-3c28b0a5cca8@group-C45BC7F5AE9E-LeaderElection43] INFO  impl.LeaderElection (LeaderElection.java:askForVotes(308)) - ce149992-b5f4-48b7-837d-3c28b0a5cca8@group-C45BC7F5AE9E-LeaderElection43 ELECTION round 0: result REJECTED
2021-07-20 20:05:34,782 [ce149992-b5f4-48b7-837d-3c28b0a5cca8@group-C45BC7F5AE9E-LeaderElection43] INFO  server.RaftServer$Division (RaftServerImpl.java:setRole(284)) - ce149992-b5f4-48b7-837d-3c28b0a5cca8@group-C45BC7F5AE9E: changes role from CANDIDATE to FOLLOWER at term 2 for REJECTED
2021-07-20 20:05:34,786 [ce149992-b5f4-48b7-837d-3c28b0a5cca8@group-C45BC7F5AE9E-LeaderElection43] INFO  impl.RoleInfo (RoleInfo.java:shutdownLeaderElection(121)) - ce149992-b5f4-48b7-837d-3c28b0a5cca8: shutdown ce149992-b5f4-48b7-837d-3c28b0a5cca8@group-C45BC7F5AE9E-LeaderElection43
2021-07-20 20:05:34,786 [grpc-default-executor-6] INFO  server.RaftServer$Division (RaftServerImpl.java:requestVote(1042)) - c2070e46-2fb8-4865-9842-aaf28229b296@group-B87A76F5A1EB: receive requestVote(ELECTION, 04ab6d70-ea45-4448-8301-2ff63aaf71dc, group-B87A76F5A1EB, 2, (t:0, i:0))
2021-07-20 20:05:34,786 [grpc-default-executor-5] INFO  server.RaftServer$Division (RaftServerImpl.java:requestVote(1042)) - c2070e46-2fb8-4865-9842-aaf28229b296@group-C45BC7F5AE9E: receive requestVote(ELECTION, ce149992-b5f4-48b7-837d-3c28b0a5cca8, group-C45BC7F5AE9E, 2, (t:0, i:0))
2021-07-20 20:05:34,786 [grpc-default-executor-5] INFO  impl.VoteContext (VoteContext.java:log(48)) - c2070e46-2fb8-4865-9842-aaf28229b296@group-C45BC7F5AE9E-FOLLOWER: reject ELECTION from ce149992-b5f4-48b7-837d-3c28b0a5cca8: already has voted for 04ab6d70-ea45-4448-8301-2ff63aaf71dc at current term 2
2021-07-20 20:05:34,786 [04ab6d70-ea45-4448-8301-2ff63aaf71dc@group-C45BC7F5AE9E-LeaderElection42] INFO  impl.RoleInfo (RoleInfo.java:updateAndGet(130)) - 04ab6d70-ea45-4448-8301-2ff63aaf71dc: start 04ab6d70-ea45-4448-8301-2ff63aaf71dc@group-C45BC7F5AE9E-LeaderStateImpl
2021-07-20 20:05:34,786 [grpc-default-executor-5] INFO  server.RaftServer$Division (RaftServerImpl.java:requestVote(1074)) - c2070e46-2fb8-4865-9842-aaf28229b296@group-C45BC7F5AE9E replies to ELECTION vote request: ce149992-b5f4-48b7-837d-3c28b0a5cca8<-c2070e46-2fb8-4865-9842-aaf28229b296#0:FAIL-t2. Peer's state: c2070e46-2fb8-4865-9842-aaf28229b296@group-C45BC7F5AE9E:t2, leader=null, voted=04ab6d70-ea45-4448-8301-2ff63aaf71dc, raftlog=c2070e46-2fb8-4865-9842-aaf28229b296@group-C45BC7F5AE9E-SegmentedRaftLog:OPENED:c-1,f-1,i0, conf=-1: [04ab6d70-ea45-4448-8301-2ff63aaf71dc|rpc:10.1.0.85:37589|dataStream:|priority:1, c2070e46-2fb8-4865-9842-aaf28229b296|rpc:10.1.0.85:37735|dataStream:|priority:0, ce149992-b5f4-48b7-837d-3c28b0a5cca8|rpc:10.1.0.85:37697|dataStream:|priority:0], old=null
2021-07-20 20:05:34,787 [04ab6d70-ea45-4448-8301-2ff63aaf71dc@group-C45BC7F5AE9E-LeaderElection42] INFO  segmented.SegmentedRaftLogWorker (SegmentedRaftLogWorker.java:startLogSegment(394)) - 04ab6d70-ea45-4448-8301-2ff63aaf71dc@group-C45BC7F5AE9E-SegmentedRaftLogWorker: Starting segment from index:0
2021-07-20 20:05:34,786 [ce149992-b5f4-48b7-837d-3c28b0a5cca8@group-C45BC7F5AE9E-LeaderElection43] INFO  impl.RoleInfo (RoleInfo.java:updateAndGet(130)) - ce149992-b5f4-48b7-837d-3c28b0a5cca8: start ce149992-b5f4-48b7-837d-3c28b0a5cca8@group-C45BC7F5AE9E-FollowerState
2021-07-20 20:05:34,786 [grpc-default-executor-1] INFO  server.RaftServer$Division (RaftServerImpl.java:requestVote(1042)) - ce149992-b5f4-48b7-837d-3c28b0a5cca8@group-B87A76F5A1EB: receive requestVote(ELECTION, 04ab6d70-ea45-4448-8301-2ff63aaf71dc, group-B87A76F5A1EB, 2, (t:0, i:0))
2021-07-20 20:05:34,787 [grpc-default-executor-1] INFO  impl.VoteContext (VoteContext.java:log(48)) - ce149992-b5f4-48b7-837d-3c28b0a5cca8@group-B87A76F5A1EB-FOLLOWER: accept ELECTION from 04ab6d70-ea45-4448-8301-2ff63aaf71dc: our priority 0 <= candidate's priority 0
2021-07-20 20:05:34,787 [grpc-default-executor-1] INFO  server.RaftServer$Division (RaftServerImpl.java:setRole(284)) - ce149992-b5f4-48b7-837d-3c28b0a5cca8@group-B87A76F5A1EB: changes role from  FOLLOWER to FOLLOWER at term 2 for candidate:04ab6d70-ea45-4448-8301-2ff63aaf71dc
2021-07-20 20:05:34,787 [grpc-default-executor-1] INFO  impl.RoleInfo (RoleInfo.java:shutdownFollowerState(108)) - ce149992-b5f4-48b7-837d-3c28b0a5cca8: shutdown ce149992-b5f4-48b7-837d-3c28b0a5cca8@group-B87A76F5A1EB-FollowerState
2021-07-20 20:05:34,789 [ce149992-b5f4-48b7-837d-3c28b0a5cca8@group-B87A76F5A1EB-FollowerState] INFO  impl.FollowerState (FollowerState.java:run(143)) - ce149992-b5f4-48b7-837d-3c28b0a5cca8@group-B87A76F5A1EB-FollowerState was interrupted: {}
java.lang.InterruptedException: sleep interrupted
	at java.lang.Thread.sleep(Native Method)
	at java.lang.Thread.sleep(Thread.java:340)
	at java.util.concurrent.TimeUnit.sleep(TimeUnit.java:386)
	at org.apache.ratis.util.TimeDuration.sleep(TimeDuration.java:324)
	at org.apache.ratis.util.TimeDuration.sleep(TimeDuration.java:309)
	at org.apache.ratis.server.impl.FollowerState.run(FollowerState.java:118)
2021-07-20 20:05:34,789 [grpc-default-executor-6] INFO  impl.VoteContext (VoteContext.java:log(48)) - c2070e46-2fb8-4865-9842-aaf28229b296@group-B87A76F5A1EB-CANDIDATE: reject ELECTION from 04ab6d70-ea45-4448-8301-2ff63aaf71dc: already has voted for c2070e46-2fb8-4865-9842-aaf28229b296 at current term 2
2021-07-20 20:05:34,789 [04ab6d70-ea45-4448-8301-2ff63aaf71dc@group-C45BC7F5AE9E-SegmentedRaftLogWorker] INFO  segmented.SegmentedRaftLogWorker (SegmentedRaftLogWorker.java:execute(601)) - 04ab6d70-ea45-4448-8301-2ff63aaf71dc@group-C45BC7F5AE9E-SegmentedRaftLogWorker: created new log segment /home/runner/work/ozone/ozone/mnt/ozone/hadoop-ozone/integration-test/target/test-dir/MiniOzoneClusterImpl-f5a46b5f-7322-4bfd-b1a2-40e9a3ca233c/datanode-1/data/ratis/70eb5b07-2880-4fcf-8b06-c45bc7f5ae9e/current/log_inprogress_0
2021-07-20 20:05:34,789 [grpc-default-executor-6] INFO  server.RaftServer$Division (RaftServerImpl.java:requestVote(1074)) - c2070e46-2fb8-4865-9842-aaf28229b296@group-B87A76F5A1EB replies to ELECTION vote request: 04ab6d70-ea45-4448-8301-2ff63aaf71dc<-c2070e46-2fb8-4865-9842-aaf28229b296#0:FAIL-t2. Peer's state: c2070e46-2fb8-4865-9842-aaf28229b296@group-B87A76F5A1EB:t2, leader=null, voted=c2070e46-2fb8-4865-9842-aaf28229b296, raftlog=c2070e46-2fb8-4865-9842-aaf28229b296@group-B87A76F5A1EB-SegmentedRaftLog:OPENED:c-1,f-1,i0, conf=-1: [04ab6d70-ea45-4448-8301-2ff63aaf71dc|rpc:10.1.0.85:37589|dataStream:|priority:0, c2070e46-2fb8-4865-9842-aaf28229b296|rpc:10.1.0.85:37735|dataStream:|priority:1, ce149992-b5f4-48b7-837d-3c28b0a5cca8|rpc:10.1.0.85:37697|dataStream:|priority:0], old=null
2021-07-20 20:05:34,790 [c2070e46-2fb8-4865-9842-aaf28229b296@group-B87A76F5A1EB-LeaderElection45] INFO  impl.LeaderElection (LeaderElection.java:askForVotes(306)) - c2070e46-2fb8-4865-9842-aaf28229b296@group-B87A76F5A1EB-LeaderElection45 ELECTION round 0: submit vote requests at term 2 for -1: [04ab6d70-ea45-4448-8301-2ff63aaf71dc|rpc:10.1.0.85:37589|dataStream:|priority:0, c2070e46-2fb8-4865-9842-aaf28229b296|rpc:10.1.0.85:37735|dataStream:|priority:1, ce149992-b5f4-48b7-837d-3c28b0a5cca8|rpc:10.1.0.85:37697|dataStream:|priority:0], old=null
2021-07-20 20:05:34,797 [grpc-default-executor-1] INFO  impl.RoleInfo (RoleInfo.java:updateAndGet(130)) - ce149992-b5f4-48b7-837d-3c28b0a5cca8: start ce149992-b5f4-48b7-837d-3c28b0a5cca8@group-B87A76F5A1EB-FollowerState
2021-07-20 20:05:34,809 [04ab6d70-ea45-4448-8301-2ff63aaf71dc@group-C45BC7F5AE9E-LeaderElection42] INFO  server.RaftServer$Division (ServerState.java:setRaftConf(373)) - 04ab6d70-ea45-4448-8301-2ff63aaf71dc@group-C45BC7F5AE9E: set configuration 0: [04ab6d70-ea45-4448-8301-2ff63aaf71dc|rpc:10.1.0.85:37589|dataStream:|priority:1, c2070e46-2fb8-4865-9842-aaf28229b296|rpc:10.1.0.85:37735|dataStream:|priority:0, ce149992-b5f4-48b7-837d-3c28b0a5cca8|rpc:10.1.0.85:37697|dataStream:|priority:0], old=null
2021-07-20 20:05:34,810 [grpc-default-executor-1] INFO  server.RaftServer$Division (RaftServerImpl.java:requestVote(1074)) - ce149992-b5f4-48b7-837d-3c28b0a5cca8@group-B87A76F5A1EB replies to ELECTION vote request: 04ab6d70-ea45-4448-8301-2ff63aaf71dc<-ce149992-b5f4-48b7-837d-3c28b0a5cca8#0:OK-t2. Peer's state: ce149992-b5f4-48b7-837d-3c28b0a5cca8@group-B87A76F5A1EB:t2, leader=null, voted=04ab6d70-ea45-4448-8301-2ff63aaf71dc, raftlog=ce149992-b5f4-48b7-837d-3c28b0a5cca8@group-B87A76F5A1EB-SegmentedRaftLog:OPENED:c-1,f-1,i0, conf=-1: [04ab6d70-ea45-4448-8301-2ff63aaf71dc|rpc:10.1.0.85:37589|priority:0, c2070e46-2fb8-4865-9842-aaf28229b296|rpc:10.1.0.85:37735|priority:1, ce149992-b5f4-48b7-837d-3c28b0a5cca8|rpc:10.1.0.85:37697|priority:0], old=null
2021-07-20 20:05:34,818 [04ab6d70-ea45-4448-8301-2ff63aaf71dc@group-B87A76F5A1EB-LeaderElection44] INFO  impl.LeaderElection (LeaderElection.java:logAndReturn(89)) - 04ab6d70-ea45-4448-8301-2ff63aaf71dc@group-B87A76F5A1EB-LeaderElection44: ELECTION REJECTED received 1 response(s) and 0 exception(s):
2021-07-20 20:05:34,818 [04ab6d70-ea45-4448-8301-2ff63aaf71dc@group-B87A76F5A1EB-LeaderElection44] INFO  impl.LeaderElection (LeaderElection.java:logAndReturn(93)) -   Response 0: 04ab6d70-ea45-4448-8301-2ff63aaf71dc<-c2070e46-2fb8-4865-9842-aaf28229b296#0:FAIL-t2
2021-07-20 20:05:34,818 [04ab6d70-ea45-4448-8301-2ff63aaf71dc@group-B87A76F5A1EB-LeaderElection44] INFO  impl.LeaderElection (LeaderElection.java:askForVotes(308)) - 04ab6d70-ea45-4448-8301-2ff63aaf71dc@group-B87A76F5A1EB-LeaderElection44 ELECTION round 0: result REJECTED
2021-07-20 20:05:34,818 [04ab6d70-ea45-4448-8301-2ff63aaf71dc@group-B87A76F5A1EB-LeaderElection44] INFO  server.RaftServer$Division (RaftServerImpl.java:setRole(284)) - 04ab6d70-ea45-4448-8301-2ff63aaf71dc@group-B87A76F5A1EB: changes role from CANDIDATE to FOLLOWER at term 2 for REJECTED
2021-07-20 20:05:34,818 [04ab6d70-ea45-4448-8301-2ff63aaf71dc@group-B87A76F5A1EB-LeaderElection44] INFO  impl.RoleInfo (RoleInfo.java:shutdownLeaderElection(121)) - 04ab6d70-ea45-4448-8301-2ff63aaf71dc: shutdown 04ab6d70-ea45-4448-8301-2ff63aaf71dc@group-B87A76F5A1EB-LeaderElection44
2021-07-20 20:05:34,818 [04ab6d70-ea45-4448-8301-2ff63aaf71dc@group-B87A76F5A1EB-LeaderElection44] INFO  impl.RoleInfo (RoleInfo.java:updateAndGet(130)) - 04ab6d70-ea45-4448-8301-2ff63aaf71dc: start 04ab6d70-ea45-4448-8301-2ff63aaf71dc@group-B87A76F5A1EB-FollowerState
2021-07-20 20:05:34,820 [grpc-default-executor-1] INFO  server.RaftServer$Division (RaftServerImpl.java:requestVote(1042)) - 04ab6d70-ea45-4448-8301-2ff63aaf71dc@group-B87A76F5A1EB: receive requestVote(ELECTION, c2070e46-2fb8-4865-9842-aaf28229b296, group-B87A76F5A1EB, 2, (t:0, i:0))
2021-07-20 20:05:34,820 [grpc-default-executor-1] INFO  impl.VoteContext (VoteContext.java:log(48)) - 04ab6d70-ea45-4448-8301-2ff63aaf71dc@group-B87A76F5A1EB-FOLLOWER: reject ELECTION from c2070e46-2fb8-4865-9842-aaf28229b296: already has voted for 04ab6d70-ea45-4448-8301-2ff63aaf71dc at current term 2
2021-07-20 20:05:34,820 [grpc-default-executor-1] INFO  server.RaftServer$Division (RaftServerImpl.java:requestVote(1074)) - 04ab6d70-ea45-4448-8301-2ff63aaf71dc@group-B87A76F5A1EB replies to ELECTION vote request: c2070e46-2fb8-4865-9842-aaf28229b296<-04ab6d70-ea45-4448-8301-2ff63aaf71dc#0:FAIL-t2. Peer's state: 04ab6d70-ea45-4448-8301-2ff63aaf71dc@group-B87A76F5A1EB:t2, leader=null, voted=04ab6d70-ea45-4448-8301-2ff63aaf71dc, raftlog=04ab6d70-ea45-4448-8301-2ff63aaf71dc@group-B87A76F5A1EB-SegmentedRaftLog:OPENED:c-1,f-1,i0, conf=-1: [04ab6d70-ea45-4448-8301-2ff63aaf71dc|rpc:10.1.0.85:37589|dataStream:|priority:0, c2070e46-2fb8-4865-9842-aaf28229b296|rpc:10.1.0.85:37735|dataStream:|priority:1, ce149992-b5f4-48b7-837d-3c28b0a5cca8|rpc:10.1.0.85:37697|dataStream:|priority:0], old=null
2021-07-20 20:05:34,825 [grpc-default-executor-1] INFO  ratis.XceiverServerRatis (XceiverServerRatis.java:handleLeaderChangedNotification(857)) - Leader change notification received for group: group-C45BC7F5AE9E with new leaderId: 04ab6d70-ea45-4448-8301-2ff63aaf71dc
2021-07-20 20:05:34,825 [grpc-default-executor-1] INFO  server.RaftServer$Division (ServerState.java:setLeader(271)) - c2070e46-2fb8-4865-9842-aaf28229b296@group-C45BC7F5AE9E: change Leader from null to 04ab6d70-ea45-4448-8301-2ff63aaf71dc at term 2 for appendEntries, leader elected after 10293ms
2021-07-20 20:05:34,834 [grpc-default-executor-1] INFO  server.RaftServer$Division (RaftServerImpl.java:requestVote(1042)) - ce149992-b5f4-48b7-837d-3c28b0a5cca8@group-B87A76F5A1EB: receive requestVote(ELECTION, c2070e46-2fb8-4865-9842-aaf28229b296, group-B87A76F5A1EB, 2, (t:0, i:0))
2021-07-20 20:05:34,834 [grpc-default-executor-1] INFO  impl.VoteContext (VoteContext.java:log(48)) - ce149992-b5f4-48b7-837d-3c28b0a5cca8@group-B87A76F5A1EB-FOLLOWER: reject ELECTION from c2070e46-2fb8-4865-9842-aaf28229b296: already has voted for 04ab6d70-ea45-4448-8301-2ff63aaf71dc at current term 2
2021-07-20 20:05:34,834 [grpc-default-executor-1] INFO  server.RaftServer$Division (RaftServerImpl.java:requestVote(1074)) - ce149992-b5f4-48b7-837d-3c28b0a5cca8@group-B87A76F5A1EB replies to ELECTION vote request: c2070e46-2fb8-4865-9842-aaf28229b296<-ce149992-b5f4-48b7-837d-3c28b0a5cca8#0:FAIL-t2. Peer's state: ce149992-b5f4-48b7-837d-3c28b0a5cca8@group-B87A76F5A1EB:t2, leader=null, voted=04ab6d70-ea45-4448-8301-2ff63aaf71dc, raftlog=ce149992-b5f4-48b7-837d-3c28b0a5cca8@group-B87A76F5A1EB-SegmentedRaftLog:OPENED:c-1,f-1,i0, conf=-1: [04ab6d70-ea45-4448-8301-2ff63aaf71dc|rpc:10.1.0.85:37589|priority:0, c2070e46-2fb8-4865-9842-aaf28229b296|rpc:10.1.0.85:37735|priority:1, ce149992-b5f4-48b7-837d-3c28b0a5cca8|rpc:10.1.0.85:37697|priority:0], old=null
2021-07-20 20:05:34,835 [grpc-default-executor-6] INFO  ratis.XceiverServerRatis (XceiverServerRatis.java:handleLeaderChangedNotification(857)) - Leader change notification received for group: group-C45BC7F5AE9E with new leaderId: 04ab6d70-ea45-4448-8301-2ff63aaf71dc
2021-07-20 20:05:34,835 [grpc-default-executor-6] INFO  server.RaftServer$Division (ServerState.java:setLeader(271)) - ce149992-b5f4-48b7-837d-3c28b0a5cca8@group-C45BC7F5AE9E: change Leader from null to 04ab6d70-ea45-4448-8301-2ff63aaf71dc at term 2 for appendEntries, leader elected after 10322ms
2021-07-20 20:05:34,835 [c2070e46-2fb8-4865-9842-aaf28229b296@group-B87A76F5A1EB-LeaderElection45] INFO  impl.LeaderElection (LeaderElection.java:logAndReturn(89)) - c2070e46-2fb8-4865-9842-aaf28229b296@group-B87A76F5A1EB-LeaderElection45: ELECTION REJECTED received 2 response(s) and 0 exception(s):
2021-07-20 20:05:34,835 [c2070e46-2fb8-4865-9842-aaf28229b296@group-B87A76F5A1EB-LeaderElection45] INFO  impl.LeaderElection (LeaderElection.java:logAndReturn(93)) -   Response 0: c2070e46-2fb8-4865-9842-aaf28229b296<-04ab6d70-ea45-4448-8301-2ff63aaf71dc#0:FAIL-t2
2021-07-20 20:05:34,835 [c2070e46-2fb8-4865-9842-aaf28229b296@group-B87A76F5A1EB-LeaderElection45] INFO  impl.LeaderElection (LeaderElection.java:logAndReturn(93)) -   Response 1: c2070e46-2fb8-4865-9842-aaf28229b296<-ce149992-b5f4-48b7-837d-3c28b0a5cca8#0:FAIL-t2
2021-07-20 20:05:34,835 [c2070e46-2fb8-4865-9842-aaf28229b296@group-B87A76F5A1EB-LeaderElection45] INFO  impl.LeaderElection (LeaderElection.java:askForVotes(308)) - c2070e46-2fb8-4865-9842-aaf28229b296@group-B87A76F5A1EB-LeaderElection45 ELECTION round 0: result REJECTED
2021-07-20 20:05:34,835 [c2070e46-2fb8-4865-9842-aaf28229b296@group-B87A76F5A1EB-LeaderElection45] INFO  server.RaftServer$Division (RaftServerImpl.java:setRole(284)) - c2070e46-2fb8-4865-9842-aaf28229b296@group-B87A76F5A1EB: changes role from CANDIDATE to FOLLOWER at term 2 for REJECTED
2021-07-20 20:05:34,835 [c2070e46-2fb8-4865-9842-aaf28229b296@group-B87A76F5A1EB-LeaderElection45] INFO  impl.RoleInfo (RoleInfo.java:shutdownLeaderElection(121)) - c2070e46-2fb8-4865-9842-aaf28229b296: shutdown c2070e46-2fb8-4865-9842-aaf28229b296@group-B87A76F5A1EB-LeaderElection45
2021-07-20 20:05:34,835 [c2070e46-2fb8-4865-9842-aaf28229b296@group-B87A76F5A1EB-LeaderElection45] INFO  impl.RoleInfo (RoleInfo.java:updateAndGet(130)) - c2070e46-2fb8-4865-9842-aaf28229b296: start c2070e46-2fb8-4865-9842-aaf28229b296@group-B87A76F5A1EB-FollowerState
2021-07-20 20:05:34,841 [grpc-default-executor-5] INFO  server.RaftServer$Division (ServerState.java:setRaftConf(373)) - c2070e46-2fb8-4865-9842-aaf28229b296@group-C45BC7F5AE9E: set configuration 0: [04ab6d70-ea45-4448-8301-2ff63aaf71dc|rpc:10.1.0.85:37589|dataStream:|priority:1, c2070e46-2fb8-4865-9842-aaf28229b296|rpc:10.1.0.85:37735|dataStream:|priority:0, ce149992-b5f4-48b7-837d-3c28b0a5cca8|rpc:10.1.0.85:37697|dataStream:|priority:0], old=null
2021-07-20 20:05:34,841 [grpc-default-executor-5] INFO  segmented.SegmentedRaftLogWorker (SegmentedRaftLogWorker.java:startLogSegment(394)) - c2070e46-2fb8-4865-9842-aaf28229b296@group-C45BC7F5AE9E-SegmentedRaftLogWorker: Starting segment from index:0
2021-07-20 20:05:34,842 [grpc-default-executor-6] INFO  server.RaftServer$Division (ServerState.java:setRaftConf(373)) - ce149992-b5f4-48b7-837d-3c28b0a5cca8@group-C45BC7F5AE9E: set configuration 0: [04ab6d70-ea45-4448-8301-2ff63aaf71dc|rpc:10.1.0.85:37589|dataStream:|priority:1, c2070e46-2fb8-4865-9842-aaf28229b296|rpc:10.1.0.85:37735|dataStream:|priority:0, ce149992-b5f4-48b7-837d-3c28b0a5cca8|rpc:10.1.0.85:37697|dataStream:|priority:0], old=null
2021-07-20 20:05:34,842 [grpc-default-executor-6] INFO  segmented.SegmentedRaftLogWorker (SegmentedRaftLogWorker.java:startLogSegment(394)) - ce149992-b5f4-48b7-837d-3c28b0a5cca8@group-C45BC7F5AE9E-SegmentedRaftLogWorker: Starting segment from index:0
2021-07-20 20:05:34,843 [Listener at 127.0.0.1/46215] INFO  ozone.MiniOzoneClusterImpl (MiniOzoneClusterImpl.java:lambda$waitForClusterToBeReady$0(230)) - Nodes are ready. Got 3 of 3 DN Heartbeats.
2021-07-20 20:05:34,843 [Listener at 127.0.0.1/46215] INFO  ozone.MiniOzoneClusterImpl (MiniOzoneClusterImpl.java:lambda$waitForClusterToBeReady$0(233)) - Cluster exits safe mode
2021-07-20 20:05:34,843 [Listener at 127.0.0.1/46215] INFO  ozone.MiniOzoneClusterImpl (MiniOzoneClusterImpl.java:lambda$waitForClusterToBeReady$0(235)) - SCM became leader
2021-07-20 20:05:34,843 [Listener at 127.0.0.1/46215] INFO  ha.SequenceIdGenerator (SequenceIdGenerator.java:getNextId(127)) - Allocate a batch for containerId, change lastId from 0 to 1000.
2021-07-20 20:05:34,845 [c2070e46-2fb8-4865-9842-aaf28229b296@group-C45BC7F5AE9E-SegmentedRaftLogWorker] INFO  segmented.SegmentedRaftLogWorker (SegmentedRaftLogWorker.java:execute(601)) - c2070e46-2fb8-4865-9842-aaf28229b296@group-C45BC7F5AE9E-SegmentedRaftLogWorker: created new log segment /home/runner/work/ozone/ozone/mnt/ozone/hadoop-ozone/integration-test/target/test-dir/MiniOzoneClusterImpl-f5a46b5f-7322-4bfd-b1a2-40e9a3ca233c/datanode-2/data/ratis/70eb5b07-2880-4fcf-8b06-c45bc7f5ae9e/current/log_inprogress_0
2021-07-20 20:05:34,873 [ce149992-b5f4-48b7-837d-3c28b0a5cca8@group-C45BC7F5AE9E-SegmentedRaftLogWorker] INFO  segmented.SegmentedRaftLogWorker (SegmentedRaftLogWorker.java:execute(601)) - ce149992-b5f4-48b7-837d-3c28b0a5cca8@group-C45BC7F5AE9E-SegmentedRaftLogWorker: created new log segment /home/runner/work/ozone/ozone/mnt/ozone/hadoop-ozone/integration-test/target/test-dir/MiniOzoneClusterImpl-f5a46b5f-7322-4bfd-b1a2-40e9a3ca233c/datanode-0/data/ratis/70eb5b07-2880-4fcf-8b06-c45bc7f5ae9e/current/log_inprogress_0
2021-07-20 20:05:35,789 [Listener at 127.0.0.1/46215] ERROR ratis.XceiverServerRatis (XceiverServerRatis.java:triggerPipelineClose(672)) - pipeline Action CLOSE on pipeline PipelineID=70eb5b07-2880-4fcf-8b06-c45bc7f5ae9e.Reason : Unspecified failure reported in Ratis log
2021-07-20 20:05:35,825 [EventQueue-PipelineActionsForPipelineActionHandler] INFO  pipeline.PipelineActionHandler (PipelineActionHandler.java:processPipelineAction(82)) - Received pipeline action CLOSE for PipelineID=70eb5b07-2880-4fcf-8b06-c45bc7f5ae9e from datanode ce149992-b5f4-48b7-837d-3c28b0a5cca8. Reason : Unspecified failure reported in Ratis log
2021-07-20 20:05:35,827 [EventQueue-PipelineActionsForPipelineActionHandler] INFO  pipeline.PipelineManagerV2Impl (PipelineManagerV2Impl.java:closePipeline(343)) - Pipeline Pipeline[ Id: 70eb5b07-2880-4fcf-8b06-c45bc7f5ae9e, Nodes: ce149992-b5f4-48b7-837d-3c28b0a5cca8{ip: 10.1.0.85, host: fv-az148-341.bm4ck3pvxvsene1rjriu5fhcdb.bx.internal.cloudapp.net, ports: [REPLICATION=46277, RATIS=37697, RATIS_ADMIN=37697, RATIS_SERVER=37697, STANDALONE=40793], networkLocation: /default-rack, certSerialId: null, persistedOpState: IN_SERVICE, persistedOpStateExpiryEpochSec: 0}c2070e46-2fb8-4865-9842-aaf28229b296{ip: 10.1.0.85, host: fv-az148-341.bm4ck3pvxvsene1rjriu5fhcdb.bx.internal.cloudapp.net, ports: [REPLICATION=45485, RATIS=37735, RATIS_ADMIN=37735, RATIS_SERVER=37735, STANDALONE=35233], networkLocation: /default-rack, certSerialId: null, persistedOpState: IN_SERVICE, persistedOpStateExpiryEpochSec: 0}04ab6d70-ea45-4448-8301-2ff63aaf71dc{ip: 10.1.0.85, host: fv-az148-341.bm4ck3pvxvsene1rjriu5fhcdb.bx.internal.cloudapp.net, ports: [REPLICATION=44147, RATIS=37589, RATIS_ADMIN=37589, RATIS_SERVER=37589, STANDALONE=33115], networkLocation: /default-rack, certSerialId: null, persistedOpState: IN_SERVICE, persistedOpStateExpiryEpochSec: 0}, ReplicationConfig: RATIS/THREE, State:OPEN, leaderId:04ab6d70-ea45-4448-8301-2ff63aaf71dc, CreationTimestamp2021-07-20T20:05:21.841Z[Etc/UTC]] moved to CLOSED state
2021-07-20 20:05:35,837 [EventQueue-PipelineActionsForPipelineActionHandler] INFO  pipeline.RatisPipelineProvider (RatisPipelineProvider.java:lambda$close$1(222)) - Send pipeline:PipelineID=70eb5b07-2880-4fcf-8b06-c45bc7f5ae9e close command to datanode ce149992-b5f4-48b7-837d-3c28b0a5cca8
2021-07-20 20:05:35,837 [EventQueue-PipelineActionsForPipelineActionHandler] INFO  pipeline.RatisPipelineProvider (RatisPipelineProvider.java:lambda$close$1(222)) - Send pipeline:PipelineID=70eb5b07-2880-4fcf-8b06-c45bc7f5ae9e close command to datanode c2070e46-2fb8-4865-9842-aaf28229b296
2021-07-20 20:05:35,837 [EventQueue-PipelineActionsForPipelineActionHandler] INFO  pipeline.RatisPipelineProvider (RatisPipelineProvider.java:lambda$close$1(222)) - Send pipeline:PipelineID=70eb5b07-2880-4fcf-8b06-c45bc7f5ae9e close command to datanode 04ab6d70-ea45-4448-8301-2ff63aaf71dc
2021-07-20 20:05:35,850 [EventQueue-PipelineActionsForPipelineActionHandler] INFO  pipeline.PipelineStateManager (PipelineStateManagerV2Impl.java:removePipeline(211)) - Pipeline Pipeline[ Id: 70eb5b07-2880-4fcf-8b06-c45bc7f5ae9e, Nodes: ce149992-b5f4-48b7-837d-3c28b0a5cca8{ip: 10.1.0.85, host: fv-az148-341.bm4ck3pvxvsene1rjriu5fhcdb.bx.internal.cloudapp.net, ports: [REPLICATION=46277, RATIS=37697, RATIS_ADMIN=37697, RATIS_SERVER=37697, STANDALONE=40793], networkLocation: /default-rack, certSerialId: null, persistedOpState: IN_SERVICE, persistedOpStateExpiryEpochSec: 0}c2070e46-2fb8-4865-9842-aaf28229b296{ip: 10.1.0.85, host: fv-az148-341.bm4ck3pvxvsene1rjriu5fhcdb.bx.internal.cloudapp.net, ports: [REPLICATION=45485, RATIS=37735, RATIS_ADMIN=37735, RATIS_SERVER=37735, STANDALONE=35233], networkLocation: /default-rack, certSerialId: null, persistedOpState: IN_SERVICE, persistedOpStateExpiryEpochSec: 0}04ab6d70-ea45-4448-8301-2ff63aaf71dc{ip: 10.1.0.85, host: fv-az148-341.bm4ck3pvxvsene1rjriu5fhcdb.bx.internal.cloudapp.net, ports: [REPLICATION=44147, RATIS=37589, RATIS_ADMIN=37589, RATIS_SERVER=37589, STANDALONE=33115], networkLocation: /default-rack, certSerialId: null, persistedOpState: IN_SERVICE, persistedOpStateExpiryEpochSec: 0}, ReplicationConfig: RATIS/THREE, State:CLOSED, leaderId:04ab6d70-ea45-4448-8301-2ff63aaf71dc, CreationTimestamp2021-07-20T20:05:21.841Z[Etc/UTC]] removed.
2021-07-20 20:05:35,854 [EventQueue-CloseContainerForCloseContainerEventHandler] INFO  container.CloseContainerEventHandler (CloseContainerEventHandler.java:onMessage(69)) - Close container Event triggered for container : #1
2021-07-20 20:05:35,856 [EventQueue-CloseContainerForCloseContainerEventHandler] INFO  pipeline.PipelineStateManager (PipelineStateManagerV2Impl.java:removeContainerFromPipeline(237)) - Pipeline PipelineID=70eb5b07-2880-4fcf-8b06-c45bc7f5ae9e is not found in the pipeline2ContainerMap. Pipeline may have been closed already.
2021-07-20 20:05:35,856 [EventQueue-CloseContainerForCloseContainerEventHandler] INFO  container.CloseContainerEventHandler (CloseContainerEventHandler.java:onMessage(69)) - Close container Event triggered for container : #2
2021-07-20 20:05:35,857 [EventQueue-CloseContainerForCloseContainerEventHandler] INFO  pipeline.PipelineStateManager (PipelineStateManagerV2Impl.java:removeContainerFromPipeline(237)) - Pipeline PipelineID=70eb5b07-2880-4fcf-8b06-c45bc7f5ae9e is not found in the pipeline2ContainerMap. Pipeline may have been closed already.
2021-07-20 20:05:36,102 [Listener at 127.0.0.1/46215] INFO  ozone.MiniOzoneClusterImpl (MiniOzoneClusterImpl.java:shutdown(448)) - Shutting down the Mini Ozone Cluster
2021-07-20 20:05:36,103 [Listener at 127.0.0.1/46215] INFO  ozone.MiniOzoneClusterImpl (MiniOzoneClusterImpl.java:stop(463)) - Stopping the Mini Ozone Cluster
2021-07-20 20:05:36,103 [Listener at 127.0.0.1/46215] INFO  ozone.MiniOzoneClusterImpl (MiniOzoneClusterImpl.java:stopOM(545)) - Stopping the OzoneManager
2021-07-20 20:05:36,103 [Listener at 127.0.0.1/46215] INFO  ipc.Server (Server.java:stop(3414)) - Stopping server on 46215
2021-07-20 20:05:36,115 [IPC Server listener on 0] INFO  ipc.Server (Server.java:run(1376)) - Stopping IPC Server listener on 0
2021-07-20 20:05:36,116 [IPC Server Responder] INFO  ipc.Server (Server.java:run(1512)) - Stopping IPC Server Responder
2021-07-20 20:05:36,117 [Listener at 127.0.0.1/46215] INFO  server.RaftServer (RaftServerProxy.java:lambda$close$6(391)) - om1: close
2021-07-20 20:05:36,117 [Listener at 127.0.0.1/46215] INFO  server.RaftServer$Division (RaftServerImpl.java:lambda$close$4(406)) - om1@group-C5BA1605619E: shutdown
2021-07-20 20:05:36,117 [Listener at 127.0.0.1/46215] INFO  util.JmxRegister (JmxRegister.java:unregister(73)) - Successfully un-registered JMX Bean with object name Ratis:service=RaftServer,group=group-C5BA1605619E,id=om1
2021-07-20 20:05:36,117 [Listener at 127.0.0.1/46215] INFO  impl.RoleInfo (RoleInfo.java:shutdownLeaderState(91)) - om1: shutdown om1@group-C5BA1605619E-LeaderStateImpl
2021-07-20 20:05:36,117 [Listener at 127.0.0.1/46215] INFO  impl.PendingRequests (PendingRequests.java:sendNotLeaderResponses(249)) - om1@group-C5BA1605619E-PendingRequests: sendNotLeaderResponses
2021-07-20 20:05:36,118 [Listener at 127.0.0.1/46215] INFO  metrics.RatisMetrics (RatisMetrics.java:unregister(43)) - Unregistering Metrics Registry : ratis.log_appender.om1@group-C5BA1605619E
2021-07-20 20:05:36,120 [Listener at 127.0.0.1/46215] INFO  metrics.RatisMetrics (RatisMetrics.java:unregister(43)) - Unregistering Metrics Registry : ratis.server.om1@group-C5BA1605619E
2021-07-20 20:05:36,131 [om1@group-C5BA1605619E-StateMachineUpdater] INFO  ratis.OzoneManagerStateMachine (OzoneManagerStateMachine.java:takeSnapshot(396)) - Current Snapshot Index (t:1, i:0)
2021-07-20 20:05:36,131 [om1@group-C5BA1605619E-StateMachineUpdater] INFO  impl.StateMachineUpdater (StateMachineUpdater.java:takeSnapshot(281)) - om1@group-C5BA1605619E-StateMachineUpdater: Took a snapshot at index 0
2021-07-20 20:05:36,131 [om1@group-C5BA1605619E-StateMachineUpdater] INFO  impl.StateMachineUpdater (StateMachineUpdater.java:lambda$new$0(89)) - om1@group-C5BA1605619E-StateMachineUpdater: snapshotIndex: updateIncreasingly -1 -> 0
2021-07-20 20:05:36,131 [om1@group-C5BA1605619E-StateMachineUpdater] INFO  metrics.RatisMetrics (RatisMetrics.java:unregister(43)) - Unregistering Metrics Registry : ratis.state_machine.om1@group-C5BA1605619E
2021-07-20 20:05:36,134 [Listener at 127.0.0.1/46215] INFO  impl.StateMachineUpdater (StateMachineUpdater.java:stopAndJoin(149)) - om1@group-C5BA1605619E-StateMachineUpdater: set stopIndex = 0
2021-07-20 20:05:36,134 [Listener at 127.0.0.1/46215] INFO  server.RaftServer$Division (ServerState.java:close(405)) - om1@group-C5BA1605619E: closes. applyIndex: 0
2021-07-20 20:05:36,134 [om1@group-C5BA1605619E-SegmentedRaftLogWorker] INFO  segmented.SegmentedRaftLogWorker (SegmentedRaftLogWorker.java:run(327)) - om1@group-C5BA1605619E-SegmentedRaftLogWorker was interrupted, exiting. There are 0 tasks remaining in the queue.
2021-07-20 20:05:36,137 [Listener at 127.0.0.1/46215] INFO  segmented.SegmentedRaftLogWorker (SegmentedRaftLogWorker.java:close(237)) - om1@group-C5BA1605619E-SegmentedRaftLogWorker close()
2021-07-20 20:05:36,139 [Listener at 127.0.0.1/46215] INFO  metrics.RatisMetrics (RatisMetrics.java:unregister(43)) - Unregistering Metrics Registry : ratis.log_worker.om1@group-C5BA1605619E
2021-07-20 20:05:36,140 [Listener at 127.0.0.1/46215] INFO  metrics.RatisMetrics (RatisMetrics.java:unregister(43)) - Unregistering Metrics Registry : ratis.leader_election.om1@group-C5BA1605619E
2021-07-20 20:05:36,140 [Listener at 127.0.0.1/46215] INFO  metrics.RatisMetrics (RatisMetrics.java:unregister(43)) - Unregistering Metrics Registry : ratis.server.om1@group-C5BA1605619E
2021-07-20 20:05:36,140 [Listener at 127.0.0.1/46215] INFO  server.GrpcService (GrpcService.java:closeImpl(262)) - om1: shutdown server with port 9872 now
2021-07-20 20:05:36,141 [Listener at 127.0.0.1/46215] INFO  server.GrpcService (GrpcService.java:closeImpl(271)) - om1: shutdown server with port 9872 successfully
2021-07-20 20:05:36,141 [org.apache.ratis.util.JvmPauseMonitor$$Lambda$525/626539760@63cb9b91] INFO  util.JvmPauseMonitor (JvmPauseMonitor.java:run(109)) - JvmPauseMonitor-om1: Stopped
2021-07-20 20:05:36,141 [Listener at 127.0.0.1/46215] INFO  ratis.OzoneManagerDoubleBuffer (OzoneManagerDoubleBuffer.java:stop(437)) - Stopping OMDoubleBuffer flush thread
2021-07-20 20:05:36,142 [OMDoubleBufferFlushThread] INFO  ratis.OzoneManagerDoubleBuffer (OzoneManagerDoubleBuffer.java:flushTransactions(356)) - OMDoubleBuffer flush thread OMDoubleBufferFlushThread is interrupted and will exit. OMDoubleBufferFlushThread
2021-07-20 20:05:36,142 [Listener at 127.0.0.1/46215] INFO  utils.BackgroundService (BackgroundService.java:shutdown(132)) - Shutting down service KeyDeletingService
2021-07-20 20:05:36,143 [Listener at 127.0.0.1/46215] INFO  handler.ContextHandler (ContextHandler.java:doStop(1154)) - Stopped o.e.j.w.WebAppContext@2e44cf97{ozoneManager,/,null,STOPPED}{file:/home/runner/work/ozone/ozone/mnt/ozone/hadoop-ozone/integration-test/target/test-classes/webapps/ozoneManager}
2021-07-20 20:05:36,144 [Listener at 127.0.0.1/46215] INFO  server.AbstractConnector (AbstractConnector.java:doStop(381)) - Stopped ServerConnector@42f85e7f{HTTP/1.1, (http/1.1)}{0.0.0.0:0}
2021-07-20 20:05:36,145 [Listener at 127.0.0.1/46215] INFO  server.session (HouseKeeper.java:stopScavenging(149)) - node0 Stopped scavenging
2021-07-20 20:05:36,145 [Listener at 127.0.0.1/46215] INFO  handler.ContextHandler (ContextHandler.java:doStop(1154)) - Stopped o.e.j.s.ServletContextHandler@3ff9be8a{static,/static,file:///home/runner/work/ozone/ozone/mnt/ozone/hadoop-ozone/integration-test/target/test-classes/webapps/static,STOPPED}
2021-07-20 20:05:36,146 [Listener at 127.0.0.1/46215] INFO  handler.ContextHandler (ContextHandler.java:doStop(1154)) - Stopped o.e.j.s.ServletContextHandler@40efe4d5{logs,/logs,file:///home/runner/work/ozone/ozone/mnt/ozone/hadoop-ozone/integration-test/target/log,STOPPED}
2021-07-20 20:05:36,149 [Listener at 127.0.0.1/46215] INFO  ozone.MiniOzoneClusterImpl (MiniOzoneClusterImpl.java:stopDatanodes(522)) - Stopping the HddsDatanodes
2021-07-20 20:05:36,772 [Datanode State Machine Thread - 0] INFO  statemachine.DatanodeStateMachine (DatanodeStateMachine.java:lambda$startDaemon$0(456)) - Ozone container server started.
2021-07-20 20:05:36,792 [Datanode State Machine Thread - 0] INFO  statemachine.DatanodeStateMachine (DatanodeStateMachine.java:lambda$startDaemon$0(456)) - Ozone container server started.
2021-07-20 20:05:38,033 [Command processor thread] INFO  server.RaftServer (RaftServerProxy.java:remove(106)) - c2070e46-2fb8-4865-9842-aaf28229b296: remove  FOLLOWER c2070e46-2fb8-4865-9842-aaf28229b296@group-C45BC7F5AE9E:t2, leader=04ab6d70-ea45-4448-8301-2ff63aaf71dc, voted=04ab6d70-ea45-4448-8301-2ff63aaf71dc, raftlog=c2070e46-2fb8-4865-9842-aaf28229b296@group-C45BC7F5AE9E-SegmentedRaftLog:OPENED:c0,f0,i0, conf=0: [04ab6d70-ea45-4448-8301-2ff63aaf71dc|rpc:10.1.0.85:37589|dataStream:|priority:1, c2070e46-2fb8-4865-9842-aaf28229b296|rpc:10.1.0.85:37735|dataStream:|priority:0, ce149992-b5f4-48b7-837d-3c28b0a5cca8|rpc:10.1.0.85:37697|dataStream:|priority:0], old=null RUNNING
2021-07-20 20:05:38,033 [Command processor thread] INFO  server.RaftServer$Division (RaftServerImpl.java:lambda$close$4(406)) - c2070e46-2fb8-4865-9842-aaf28229b296@group-C45BC7F5AE9E: shutdown
2021-07-20 20:05:38,033 [Command processor thread] INFO  util.JmxRegister (JmxRegister.java:unregister(73)) - Successfully un-registered JMX Bean with object name Ratis:service=RaftServer,group=group-C45BC7F5AE9E,id=c2070e46-2fb8-4865-9842-aaf28229b296
2021-07-20 20:05:38,033 [Command processor thread] INFO  impl.RoleInfo (RoleInfo.java:shutdownFollowerState(108)) - c2070e46-2fb8-4865-9842-aaf28229b296: shutdown c2070e46-2fb8-4865-9842-aaf28229b296@group-C45BC7F5AE9E-FollowerState
2021-07-20 20:05:38,035 [Command processor thread] INFO  impl.StateMachineUpdater (StateMachineUpdater.java:stopAndJoin(149)) - c2070e46-2fb8-4865-9842-aaf28229b296@group-C45BC7F5AE9E-StateMachineUpdater: set stopIndex = 0
2021-07-20 20:05:38,036 [c2070e46-2fb8-4865-9842-aaf28229b296@group-C45BC7F5AE9E-FollowerState] INFO  impl.FollowerState (FollowerState.java:run(143)) - c2070e46-2fb8-4865-9842-aaf28229b296@group-C45BC7F5AE9E-FollowerState was interrupted: {}
java.lang.InterruptedException: sleep interrupted
	at java.lang.Thread.sleep(Native Method)
	at java.lang.Thread.sleep(Thread.java:340)
	at java.util.concurrent.TimeUnit.sleep(TimeUnit.java:386)
	at org.apache.ratis.util.TimeDuration.sleep(TimeDuration.java:324)
	at org.apache.ratis.util.TimeDuration.sleep(TimeDuration.java:309)
	at org.apache.ratis.server.impl.FollowerState.run(FollowerState.java:118)
2021-07-20 20:05:38,037 [c2070e46-2fb8-4865-9842-aaf28229b296@group-C45BC7F5AE9E-StateMachineUpdater] INFO  ratis.ContainerStateMachine (ContainerStateMachine.java:takeSnapshot(291)) - group-C45BC7F5AE9E: Taking a snapshot at:(t:2, i:0) file /home/runner/work/ozone/ozone/mnt/ozone/hadoop-ozone/integration-test/target/test-dir/MiniOzoneClusterImpl-f5a46b5f-7322-4bfd-b1a2-40e9a3ca233c/datanode-2/data/ratis/70eb5b07-2880-4fcf-8b06-c45bc7f5ae9e/sm/snapshot.2_0
2021-07-20 20:05:38,038 [c2070e46-2fb8-4865-9842-aaf28229b296@group-C45BC7F5AE9E-StateMachineUpdater] INFO  ratis.ContainerStateMachine (ContainerStateMachine.java:takeSnapshot(302)) - group-C45BC7F5AE9E: Finished taking a snapshot at:(t:2, i:0) file:/home/runner/work/ozone/ozone/mnt/ozone/hadoop-ozone/integration-test/target/test-dir/MiniOzoneClusterImpl-f5a46b5f-7322-4bfd-b1a2-40e9a3ca233c/datanode-2/data/ratis/70eb5b07-2880-4fcf-8b06-c45bc7f5ae9e/sm/snapshot.2_0 took: 1 ms
2021-07-20 20:05:38,038 [c2070e46-2fb8-4865-9842-aaf28229b296@group-C45BC7F5AE9E-StateMachineUpdater] INFO  impl.StateMachineUpdater (StateMachineUpdater.java:takeSnapshot(281)) - c2070e46-2fb8-4865-9842-aaf28229b296@group-C45BC7F5AE9E-StateMachineUpdater: Took a snapshot at index 0
2021-07-20 20:05:38,039 [c2070e46-2fb8-4865-9842-aaf28229b296@group-C45BC7F5AE9E-StateMachineUpdater] INFO  impl.StateMachineUpdater (StateMachineUpdater.java:lambda$new$0(89)) - c2070e46-2fb8-4865-9842-aaf28229b296@group-C45BC7F5AE9E-StateMachineUpdater: snapshotIndex: updateIncreasingly -1 -> 0
2021-07-20 20:05:38,039 [c2070e46-2fb8-4865-9842-aaf28229b296@group-C45BC7F5AE9E-StateMachineUpdater] INFO  metrics.RatisMetrics (RatisMetrics.java:unregister(43)) - Unregistering Metrics Registry : ratis.state_machine.c2070e46-2fb8-4865-9842-aaf28229b296@group-C45BC7F5AE9E
2021-07-20 20:05:38,040 [Command processor thread] INFO  server.RaftServer$Division (ServerState.java:close(405)) - c2070e46-2fb8-4865-9842-aaf28229b296@group-C45BC7F5AE9E: closes. applyIndex: 0
2021-07-20 20:05:38,040 [c2070e46-2fb8-4865-9842-aaf28229b296@group-C45BC7F5AE9E-SegmentedRaftLogWorker] INFO  segmented.SegmentedRaftLogWorker (SegmentedRaftLogWorker.java:run(327)) - c2070e46-2fb8-4865-9842-aaf28229b296@group-C45BC7F5AE9E-SegmentedRaftLogWorker was interrupted, exiting. There are 0 tasks remaining in the queue.
2021-07-20 20:05:38,042 [Command processor thread] INFO  segmented.SegmentedRaftLogWorker (SegmentedRaftLogWorker.java:close(237)) - c2070e46-2fb8-4865-9842-aaf28229b296@group-C45BC7F5AE9E-SegmentedRaftLogWorker close()
2021-07-20 20:05:38,042 [Command processor thread] INFO  metrics.RatisMetrics (RatisMetrics.java:unregister(43)) - Unregistering Metrics Registry : ratis.log_worker.c2070e46-2fb8-4865-9842-aaf28229b296@group-C45BC7F5AE9E
2021-07-20 20:05:38,043 [Command processor thread] INFO  metrics.RatisMetrics (RatisMetrics.java:unregister(43)) - Unregistering Metrics Registry : ratis.leader_election.c2070e46-2fb8-4865-9842-aaf28229b296@group-C45BC7F5AE9E
2021-07-20 20:05:38,043 [Command processor thread] INFO  metrics.RatisMetrics (RatisMetrics.java:unregister(43)) - Unregistering Metrics Registry : ratis.server.c2070e46-2fb8-4865-9842-aaf28229b296@group-C45BC7F5AE9E
2021-07-20 20:05:38,044 [Command processor thread] INFO  server.RaftServer$Division (RaftServerImpl.java:groupRemove(376)) - c2070e46-2fb8-4865-9842-aaf28229b296@group-C45BC7F5AE9E: Succeed to remove RaftStorageDirectory Storage Directory /home/runner/work/ozone/ozone/mnt/ozone/hadoop-ozone/integration-test/target/test-dir/MiniOzoneClusterImpl-f5a46b5f-7322-4bfd-b1a2-40e9a3ca233c/datanode-2/data/ratis/70eb5b07-2880-4fcf-8b06-c45bc7f5ae9e
2021-07-20 20:05:38,044 [Command processor thread] INFO  commandhandler.ClosePipelineCommandHandler (ClosePipelineCommandHandler.java:handle(75)) - Close Pipeline PipelineID=70eb5b07-2880-4fcf-8b06-c45bc7f5ae9e command on datanode c2070e46-2fb8-4865-9842-aaf28229b296.
2021-07-20 20:05:39,815 [ce149992-b5f4-48b7-837d-3c28b0a5cca8@group-B87A76F5A1EB-FollowerState] INFO  impl.FollowerState (FollowerState.java:run(134)) - ce149992-b5f4-48b7-837d-3c28b0a5cca8@group-B87A76F5A1EB-FollowerState: change to CANDIDATE, lastRpcElapsedTime:5005597391ns, electionTimeout:5005ms
2021-07-20 20:05:39,816 [ce149992-b5f4-48b7-837d-3c28b0a5cca8@group-B87A76F5A1EB-FollowerState] INFO  impl.RoleInfo (RoleInfo.java:shutdownFollowerState(108)) - ce149992-b5f4-48b7-837d-3c28b0a5cca8: shutdown ce149992-b5f4-48b7-837d-3c28b0a5cca8@group-B87A76F5A1EB-FollowerState
2021-07-20 20:05:39,816 [ce149992-b5f4-48b7-837d-3c28b0a5cca8@group-B87A76F5A1EB-FollowerState] INFO  server.RaftServer$Division (RaftServerImpl.java:setRole(284)) - ce149992-b5f4-48b7-837d-3c28b0a5cca8@group-B87A76F5A1EB: changes role from  FOLLOWER to CANDIDATE at term 2 for changeToCandidate
2021-07-20 20:05:39,817 [ce149992-b5f4-48b7-837d-3c28b0a5cca8@group-B87A76F5A1EB-FollowerState] INFO  server.RaftServerConfigKeys (ConfUtils.java:logGet(44)) - raft.server.leaderelection.pre-vote = false (custom)
2021-07-20 20:05:39,817 [ce149992-b5f4-48b7-837d-3c28b0a5cca8@group-B87A76F5A1EB-FollowerState] INFO  impl.RoleInfo (RoleInfo.java:updateAndGet(130)) - ce149992-b5f4-48b7-837d-3c28b0a5cca8: start ce149992-b5f4-48b7-837d-3c28b0a5cca8@group-B87A76F5A1EB-LeaderElection46
2021-07-20 20:05:39,820 [ce149992-b5f4-48b7-837d-3c28b0a5cca8@group-B87A76F5A1EB-LeaderElection46] INFO  impl.LeaderElection (LeaderElection.java:askForVotes(306)) - ce149992-b5f4-48b7-837d-3c28b0a5cca8@group-B87A76F5A1EB-LeaderElection46 ELECTION round 0: submit vote requests at term 3 for -1: [04ab6d70-ea45-4448-8301-2ff63aaf71dc|rpc:10.1.0.85:37589|priority:0, c2070e46-2fb8-4865-9842-aaf28229b296|rpc:10.1.0.85:37735|priority:1, ce149992-b5f4-48b7-837d-3c28b0a5cca8|rpc:10.1.0.85:37697|priority:0], old=null
2021-07-20 20:05:39,826 [04ab6d70-ea45-4448-8301-2ff63aaf71dc@group-B87A76F5A1EB-FollowerState] INFO  impl.FollowerState (FollowerState.java:run(134)) - 04ab6d70-ea45-4448-8301-2ff63aaf71dc@group-B87A76F5A1EB-FollowerState: change to CANDIDATE, lastRpcElapsedTime:5007898397ns, electionTimeout:5007ms
2021-07-20 20:05:39,826 [04ab6d70-ea45-4448-8301-2ff63aaf71dc@group-B87A76F5A1EB-FollowerState] INFO  impl.RoleInfo (RoleInfo.java:shutdownFollowerState(108)) - 04ab6d70-ea45-4448-8301-2ff63aaf71dc: shutdown 04ab6d70-ea45-4448-8301-2ff63aaf71dc@group-B87A76F5A1EB-FollowerState
2021-07-20 20:05:39,826 [04ab6d70-ea45-4448-8301-2ff63aaf71dc@group-B87A76F5A1EB-FollowerState] INFO  server.RaftServer$Division (RaftServerImpl.java:setRole(284)) - 04ab6d70-ea45-4448-8301-2ff63aaf71dc@group-B87A76F5A1EB: changes role from  FOLLOWER to CANDIDATE at term 2 for changeToCandidate
2021-07-20 20:05:39,834 [04ab6d70-ea45-4448-8301-2ff63aaf71dc@group-B87A76F5A1EB-FollowerState] INFO  server.RaftServerConfigKeys (ConfUtils.java:logGet(44)) - raft.server.leaderelection.pre-vote = false (custom)
2021-07-20 20:05:39,834 [04ab6d70-ea45-4448-8301-2ff63aaf71dc@group-B87A76F5A1EB-FollowerState] INFO  impl.RoleInfo (RoleInfo.java:updateAndGet(130)) - 04ab6d70-ea45-4448-8301-2ff63aaf71dc: start 04ab6d70-ea45-4448-8301-2ff63aaf71dc@group-B87A76F5A1EB-LeaderElection47
2021-07-20 20:05:39,839 [grpc-default-executor-5] INFO  server.RaftServer$Division (RaftServerImpl.java:requestVote(1042)) - 04ab6d70-ea45-4448-8301-2ff63aaf71dc@group-B87A76F5A1EB: receive requestVote(ELECTION, ce149992-b5f4-48b7-837d-3c28b0a5cca8, group-B87A76F5A1EB, 3, (t:0, i:0))
2021-07-20 20:05:39,839 [grpc-default-executor-5] INFO  impl.VoteContext (VoteContext.java:log(48)) - 04ab6d70-ea45-4448-8301-2ff63aaf71dc@group-B87A76F5A1EB-CANDIDATE: accept ELECTION from ce149992-b5f4-48b7-837d-3c28b0a5cca8: our priority 0 <= candidate's priority 0
2021-07-20 20:05:39,839 [grpc-default-executor-5] INFO  server.RaftServer$Division (RaftServerImpl.java:setRole(284)) - 04ab6d70-ea45-4448-8301-2ff63aaf71dc@group-B87A76F5A1EB: changes role from CANDIDATE to FOLLOWER at term 3 for candidate:ce149992-b5f4-48b7-837d-3c28b0a5cca8
2021-07-20 20:05:39,839 [grpc-default-executor-5] INFO  impl.RoleInfo (RoleInfo.java:shutdownLeaderElection(121)) - 04ab6d70-ea45-4448-8301-2ff63aaf71dc: shutdown 04ab6d70-ea45-4448-8301-2ff63aaf71dc@group-B87A76F5A1EB-LeaderElection47
2021-07-20 20:05:39,839 [grpc-default-executor-5] INFO  impl.RoleInfo (RoleInfo.java:updateAndGet(130)) - 04ab6d70-ea45-4448-8301-2ff63aaf71dc: start 04ab6d70-ea45-4448-8301-2ff63aaf71dc@group-B87A76F5A1EB-FollowerState
2021-07-20 20:05:39,842 [grpc-default-executor-6] INFO  server.RaftServer$Division (RaftServerImpl.java:requestVote(1042)) - c2070e46-2fb8-4865-9842-aaf28229b296@group-B87A76F5A1EB: receive requestVote(ELECTION, ce149992-b5f4-48b7-837d-3c28b0a5cca8, group-B87A76F5A1EB, 3, (t:0, i:0))
2021-07-20 20:05:39,842 [grpc-default-executor-6] INFO  impl.VoteContext (VoteContext.java:log(48)) - c2070e46-2fb8-4865-9842-aaf28229b296@group-B87A76F5A1EB-FOLLOWER: reject ELECTION from ce149992-b5f4-48b7-837d-3c28b0a5cca8: our priority 1 > candidate's priority 0
2021-07-20 20:05:39,842 [grpc-default-executor-6] INFO  server.RaftServer$Division (RaftServerImpl.java:setRole(284)) - c2070e46-2fb8-4865-9842-aaf28229b296@group-B87A76F5A1EB: changes role from  FOLLOWER to FOLLOWER at term 3 for candidate:ce149992-b5f4-48b7-837d-3c28b0a5cca8
2021-07-20 20:05:39,842 [grpc-default-executor-6] INFO  impl.RoleInfo (RoleInfo.java:shutdownFollowerState(108)) - c2070e46-2fb8-4865-9842-aaf28229b296: shutdown c2070e46-2fb8-4865-9842-aaf28229b296@group-B87A76F5A1EB-FollowerState
2021-07-20 20:05:39,842 [grpc-default-executor-6] INFO  impl.RoleInfo (RoleInfo.java:updateAndGet(130)) - c2070e46-2fb8-4865-9842-aaf28229b296: start c2070e46-2fb8-4865-9842-aaf28229b296@group-B87A76F5A1EB-FollowerState
2021-07-20 20:05:39,842 [c2070e46-2fb8-4865-9842-aaf28229b296@group-B87A76F5A1EB-FollowerState] INFO  impl.FollowerState (FollowerState.java:run(143)) - c2070e46-2fb8-4865-9842-aaf28229b296@group-B87A76F5A1EB-FollowerState was interrupted: {}
java.lang.InterruptedException: sleep interrupted
	at java.lang.Thread.sleep(Native Method)
	at java.lang.Thread.sleep(Thread.java:340)
	at java.util.concurrent.TimeUnit.sleep(TimeUnit.java:386)
	at org.apache.ratis.util.TimeDuration.sleep(TimeDuration.java:324)
	at org.apache.ratis.util.TimeDuration.sleep(TimeDuration.java:309)
	at org.apache.ratis.server.impl.FollowerState.run(FollowerState.java:118)
2021-07-20 20:05:39,843 [grpc-default-executor-5] INFO  server.RaftServer$Division (RaftServerImpl.java:requestVote(1074)) - 04ab6d70-ea45-4448-8301-2ff63aaf71dc@group-B87A76F5A1EB replies to ELECTION vote request: ce149992-b5f4-48b7-837d-3c28b0a5cca8<-04ab6d70-ea45-4448-8301-2ff63aaf71dc#0:OK-t3. Peer's state: 04ab6d70-ea45-4448-8301-2ff63aaf71dc@group-B87A76F5A1EB:t3, leader=null, voted=ce149992-b5f4-48b7-837d-3c28b0a5cca8, raftlog=04ab6d70-ea45-4448-8301-2ff63aaf71dc@group-B87A76F5A1EB-SegmentedRaftLog:OPENED:c-1,f-1,i0, conf=-1: [04ab6d70-ea45-4448-8301-2ff63aaf71dc|rpc:10.1.0.85:37589|dataStream:|priority:0, c2070e46-2fb8-4865-9842-aaf28229b296|rpc:10.1.0.85:37735|dataStream:|priority:1, ce149992-b5f4-48b7-837d-3c28b0a5cca8|rpc:10.1.0.85:37697|dataStream:|priority:0], old=null
2021-07-20 20:05:39,845 [04ab6d70-ea45-4448-8301-2ff63aaf71dc@group-B87A76F5A1EB-LeaderElection47] INFO  impl.LeaderElection (LeaderElection.java:run(230)) - 04ab6d70-ea45-4448-8301-2ff63aaf71dc@group-B87A76F5A1EB-LeaderElection47: skip running since this is already CLOSING
2021-07-20 20:05:39,847 [grpc-default-executor-6] INFO  server.RaftServer$Division (RaftServerImpl.java:requestVote(1074)) - c2070e46-2fb8-4865-9842-aaf28229b296@group-B87A76F5A1EB replies to ELECTION vote request: ce149992-b5f4-48b7-837d-3c28b0a5cca8<-c2070e46-2fb8-4865-9842-aaf28229b296#0:FAIL-t3. Peer's state: c2070e46-2fb8-4865-9842-aaf28229b296@group-B87A76F5A1EB:t3, leader=null, voted=null, raftlog=c2070e46-2fb8-4865-9842-aaf28229b296@group-B87A76F5A1EB-SegmentedRaftLog:OPENED:c-1,f-1,i0, conf=-1: [04ab6d70-ea45-4448-8301-2ff63aaf71dc|rpc:10.1.0.85:37589|dataStream:|priority:0, c2070e46-2fb8-4865-9842-aaf28229b296|rpc:10.1.0.85:37735|dataStream:|priority:1, ce149992-b5f4-48b7-837d-3c28b0a5cca8|rpc:10.1.0.85:37697|dataStream:|priority:0], old=null
2021-07-20 20:05:39,850 [ce149992-b5f4-48b7-837d-3c28b0a5cca8@group-B87A76F5A1EB-LeaderElection46] INFO  impl.LeaderElection (LeaderElection.java:logAndReturn(89)) - ce149992-b5f4-48b7-837d-3c28b0a5cca8@group-B87A76F5A1EB-LeaderElection46: ELECTION REJECTED received 2 response(s) and 0 exception(s):
2021-07-20 20:05:39,850 [ce149992-b5f4-48b7-837d-3c28b0a5cca8@group-B87A76F5A1EB-LeaderElection46] INFO  impl.LeaderElection (LeaderElection.java:logAndReturn(93)) -   Response 0: ce149992-b5f4-48b7-837d-3c28b0a5cca8<-04ab6d70-ea45-4448-8301-2ff63aaf71dc#0:OK-t3
2021-07-20 20:05:39,850 [ce149992-b5f4-48b7-837d-3c28b0a5cca8@group-B87A76F5A1EB-LeaderElection46] INFO  impl.LeaderElection (LeaderElection.java:logAndReturn(93)) -   Response 1: ce149992-b5f4-48b7-837d-3c28b0a5cca8<-c2070e46-2fb8-4865-9842-aaf28229b296#0:FAIL-t3
2021-07-20 20:05:39,850 [ce149992-b5f4-48b7-837d-3c28b0a5cca8@group-B87A76F5A1EB-LeaderElection46] INFO  impl.LeaderElection (LeaderElection.java:askForVotes(308)) - ce149992-b5f4-48b7-837d-3c28b0a5cca8@group-B87A76F5A1EB-LeaderElection46 ELECTION round 0: result REJECTED
2021-07-20 20:05:39,850 [ce149992-b5f4-48b7-837d-3c28b0a5cca8@group-B87A76F5A1EB-LeaderElection46] INFO  server.RaftServer$Division (RaftServerImpl.java:setRole(284)) - ce149992-b5f4-48b7-837d-3c28b0a5cca8@group-B87A76F5A1EB: changes role from CANDIDATE to FOLLOWER at term 3 for REJECTED
2021-07-20 20:05:39,850 [ce149992-b5f4-48b7-837d-3c28b0a5cca8@group-B87A76F5A1EB-LeaderElection46] INFO  impl.RoleInfo (RoleInfo.java:shutdownLeaderElection(121)) - ce149992-b5f4-48b7-837d-3c28b0a5cca8: shutdown ce149992-b5f4-48b7-837d-3c28b0a5cca8@group-B87A76F5A1EB-LeaderElection46
2021-07-20 20:05:39,850 [ce149992-b5f4-48b7-837d-3c28b0a5cca8@group-B87A76F5A1EB-LeaderElection46] INFO  impl.RoleInfo (RoleInfo.java:updateAndGet(130)) - ce149992-b5f4-48b7-837d-3c28b0a5cca8: start ce149992-b5f4-48b7-837d-3c28b0a5cca8@group-B87A76F5A1EB-FollowerState
2021-07-20 20:05:41,154 [Listener at 127.0.0.1/46215] INFO  ozoneimpl.OzoneContainer (OzoneContainer.java:stop(326)) - Attempting to stop container services.
2021-07-20 20:05:41,155 [Listener at 127.0.0.1/46215] INFO  server.RaftServer (RaftServerProxy.java:lambda$close$6(391)) - 04ab6d70-ea45-4448-8301-2ff63aaf71dc: close
2021-07-20 20:05:41,155 [Listener at 127.0.0.1/46215] INFO  server.RaftServer$Division (RaftServerImpl.java:lambda$close$4(406)) - 04ab6d70-ea45-4448-8301-2ff63aaf71dc@group-B87A76F5A1EB: shutdown
2021-07-20 20:05:41,155 [Listener at 127.0.0.1/46215] INFO  util.JmxRegister (JmxRegister.java:unregister(73)) - Successfully un-registered JMX Bean with object name Ratis:service=RaftServer,group=group-B87A76F5A1EB,id=04ab6d70-ea45-4448-8301-2ff63aaf71dc
2021-07-20 20:05:41,155 [Listener at 127.0.0.1/46215] INFO  impl.RoleInfo (RoleInfo.java:shutdownFollowerState(108)) - 04ab6d70-ea45-4448-8301-2ff63aaf71dc: shutdown 04ab6d70-ea45-4448-8301-2ff63aaf71dc@group-B87A76F5A1EB-FollowerState
2021-07-20 20:05:41,155 [Listener at 127.0.0.1/46215] INFO  impl.StateMachineUpdater (StateMachineUpdater.java:stopAndJoin(149)) - 04ab6d70-ea45-4448-8301-2ff63aaf71dc@group-B87A76F5A1EB-StateMachineUpdater: set stopIndex = -1
2021-07-20 20:05:41,155 [04ab6d70-ea45-4448-8301-2ff63aaf71dc@group-B87A76F5A1EB-FollowerState] INFO  impl.FollowerState (FollowerState.java:run(143)) - 04ab6d70-ea45-4448-8301-2ff63aaf71dc@group-B87A76F5A1EB-FollowerState was interrupted: {}
java.lang.InterruptedException: sleep interrupted
	at java.lang.Thread.sleep(Native Method)
	at java.lang.Thread.sleep(Thread.java:340)
	at java.util.concurrent.TimeUnit.sleep(TimeUnit.java:386)
	at org.apache.ratis.util.TimeDuration.sleep(TimeDuration.java:324)
	at org.apache.ratis.util.TimeDuration.sleep(TimeDuration.java:309)
	at org.apache.ratis.server.impl.FollowerState.run(FollowerState.java:118)
2021-07-20 20:05:41,155 [04ab6d70-ea45-4448-8301-2ff63aaf71dc@group-B87A76F5A1EB-StateMachineUpdater] INFO  metrics.RatisMetrics (RatisMetrics.java:unregister(43)) - Unregistering Metrics Registry : ratis.state_machine.04ab6d70-ea45-4448-8301-2ff63aaf71dc@group-B87A76F5A1EB
2021-07-20 20:05:41,156 [Listener at 127.0.0.1/46215] INFO  server.RaftServer$Division (ServerState.java:close(405)) - 04ab6d70-ea45-4448-8301-2ff63aaf71dc@group-B87A76F5A1EB: closes. applyIndex: -1
2021-07-20 20:05:41,157 [04ab6d70-ea45-4448-8301-2ff63aaf71dc@group-B87A76F5A1EB-SegmentedRaftLogWorker] INFO  segmented.SegmentedRaftLogWorker (SegmentedRaftLogWorker.java:run(327)) - 04ab6d70-ea45-4448-8301-2ff63aaf71dc@group-B87A76F5A1EB-SegmentedRaftLogWorker was interrupted, exiting. There are 0 tasks remaining in the queue.
2021-07-20 20:05:41,157 [ForkJoinPool.commonPool-worker-1] INFO  ozoneimpl.OzoneContainer (OzoneContainer.java:stop(326)) - Attempting to stop container services.
2021-07-20 20:05:41,157 [ForkJoinPool.commonPool-worker-1] INFO  server.RaftServer (RaftServerProxy.java:lambda$close$6(391)) - ce149992-b5f4-48b7-837d-3c28b0a5cca8: close
2021-07-20 20:05:41,157 [ForkJoinPool.commonPool-worker-1] INFO  server.RaftServer$Division (RaftServerImpl.java:lambda$close$4(406)) - ce149992-b5f4-48b7-837d-3c28b0a5cca8@group-B87A76F5A1EB: shutdown
2021-07-20 20:05:41,158 [ForkJoinPool.commonPool-worker-1] INFO  util.JmxRegister (JmxRegister.java:unregister(73)) - Successfully un-registered JMX Bean with object name Ratis:service=RaftServer,group=group-B87A76F5A1EB,id=ce149992-b5f4-48b7-837d-3c28b0a5cca8
2021-07-20 20:05:41,158 [ForkJoinPool.commonPool-worker-1] INFO  impl.RoleInfo (RoleInfo.java:shutdownFollowerState(108)) - ce149992-b5f4-48b7-837d-3c28b0a5cca8: shutdown ce149992-b5f4-48b7-837d-3c28b0a5cca8@group-B87A76F5A1EB-FollowerState
2021-07-20 20:05:41,158 [ForkJoinPool.commonPool-worker-1] INFO  impl.StateMachineUpdater (StateMachineUpdater.java:stopAndJoin(149)) - ce149992-b5f4-48b7-837d-3c28b0a5cca8@group-B87A76F5A1EB-StateMachineUpdater: set stopIndex = -1
2021-07-20 20:05:41,158 [ce149992-b5f4-48b7-837d-3c28b0a5cca8@group-B87A76F5A1EB-StateMachineUpdater] INFO  metrics.RatisMetrics (RatisMetrics.java:unregister(43)) - Unregistering Metrics Registry : ratis.state_machine.ce149992-b5f4-48b7-837d-3c28b0a5cca8@group-B87A76F5A1EB
2021-07-20 20:05:41,158 [ce149992-b5f4-48b7-837d-3c28b0a5cca8@group-B87A76F5A1EB-FollowerState] INFO  impl.FollowerState (FollowerState.java:run(143)) - ce149992-b5f4-48b7-837d-3c28b0a5cca8@group-B87A76F5A1EB-FollowerState was interrupted: {}
java.lang.InterruptedException: sleep interrupted
	at java.lang.Thread.sleep(Native Method)
	at java.lang.Thread.sleep(Thread.java:340)
	at java.util.concurrent.TimeUnit.sleep(TimeUnit.java:386)
	at org.apache.ratis.util.TimeDuration.sleep(TimeDuration.java:324)
	at org.apache.ratis.util.TimeDuration.sleep(TimeDuration.java:309)
	at org.apache.ratis.server.impl.FollowerState.run(FollowerState.java:118)
2021-07-20 20:05:41,158 [Listener at 127.0.0.1/46215] INFO  segmented.SegmentedRaftLogWorker (SegmentedRaftLogWorker.java:close(237)) - 04ab6d70-ea45-4448-8301-2ff63aaf71dc@group-B87A76F5A1EB-SegmentedRaftLogWorker close()
2021-07-20 20:05:41,158 [ForkJoinPool.commonPool-worker-1] INFO  server.RaftServer$Division (ServerState.java:close(405)) - ce149992-b5f4-48b7-837d-3c28b0a5cca8@group-B87A76F5A1EB: closes. applyIndex: -1
2021-07-20 20:05:41,159 [ce149992-b5f4-48b7-837d-3c28b0a5cca8@group-B87A76F5A1EB-SegmentedRaftLogWorker] INFO  segmented.SegmentedRaftLogWorker (SegmentedRaftLogWorker.java:run(327)) - ce149992-b5f4-48b7-837d-3c28b0a5cca8@group-B87A76F5A1EB-SegmentedRaftLogWorker was interrupted, exiting. There are 0 tasks remaining in the queue.
2021-07-20 20:05:41,159 [Listener at 127.0.0.1/46215] INFO  metrics.RatisMetrics (RatisMetrics.java:unregister(43)) - Unregistering Metrics Registry : ratis.log_worker.04ab6d70-ea45-4448-8301-2ff63aaf71dc@group-B87A76F5A1EB
2021-07-20 20:05:41,160 [Listener at 127.0.0.1/46215] INFO  metrics.RatisMetrics (RatisMetrics.java:unregister(43)) - Unregistering Metrics Registry : ratis.leader_election.04ab6d70-ea45-4448-8301-2ff63aaf71dc@group-B87A76F5A1EB
2021-07-20 20:05:41,160 [Listener at 127.0.0.1/46215] INFO  metrics.RatisMetrics (RatisMetrics.java:unregister(43)) - Unregistering Metrics Registry : ratis.server.04ab6d70-ea45-4448-8301-2ff63aaf71dc@group-B87A76F5A1EB
2021-07-20 20:05:41,160 [Listener at 127.0.0.1/46215] INFO  server.RaftServer$Division (RaftServerImpl.java:lambda$close$4(406)) - 04ab6d70-ea45-4448-8301-2ff63aaf71dc@group-C45BC7F5AE9E: shutdown
2021-07-20 20:05:41,160 [Listener at 127.0.0.1/46215] INFO  util.JmxRegister (JmxRegister.java:unregister(73)) - Successfully un-registered JMX Bean with object name Ratis:service=RaftServer,group=group-C45BC7F5AE9E,id=04ab6d70-ea45-4448-8301-2ff63aaf71dc
2021-07-20 20:05:41,160 [Listener at 127.0.0.1/46215] INFO  impl.RoleInfo (RoleInfo.java:shutdownLeaderState(91)) - 04ab6d70-ea45-4448-8301-2ff63aaf71dc: shutdown 04ab6d70-ea45-4448-8301-2ff63aaf71dc@group-C45BC7F5AE9E-LeaderStateImpl
2021-07-20 20:05:41,160 [Listener at 127.0.0.1/46215] INFO  metrics.RatisMetrics (RatisMetrics.java:unregister(43)) - Unregistering Metrics Registry : ratis_grpc.log_appender.04ab6d70-ea45-4448-8301-2ff63aaf71dc@group-C45BC7F5AE9E
2021-07-20 20:05:41,161 [Listener at 127.0.0.1/46215] INFO  metrics.RatisMetrics (RatisMetrics.java:unregister(43)) - Unregistering Metrics Registry : ratis_grpc.log_appender.04ab6d70-ea45-4448-8301-2ff63aaf71dc@group-C45BC7F5AE9E
2021-07-20 20:05:41,161 [Listener at 127.0.0.1/46215] INFO  impl.PendingRequests (PendingRequests.java:sendNotLeaderResponses(249)) - 04ab6d70-ea45-4448-8301-2ff63aaf71dc@group-C45BC7F5AE9E-PendingRequests: sendNotLeaderResponses
2021-07-20 20:05:41,161 [04ab6d70-ea45-4448-8301-2ff63aaf71dc@group-C45BC7F5AE9E->c2070e46-2fb8-4865-9842-aaf28229b296-GrpcLogAppender-LogAppenderDaemon] WARN  server.GrpcLogAppender (GrpcLogAppender.java:mayWait(175)) - 04ab6d70-ea45-4448-8301-2ff63aaf71dc@group-C45BC7F5AE9E->c2070e46-2fb8-4865-9842-aaf28229b296-GrpcLogAppender: Wait interrupted by java.lang.InterruptedException
2021-07-20 20:05:41,161 [ForkJoinPool.commonPool-worker-1] INFO  segmented.SegmentedRaftLogWorker (SegmentedRaftLogWorker.java:close(237)) - ce149992-b5f4-48b7-837d-3c28b0a5cca8@group-B87A76F5A1EB-SegmentedRaftLogWorker close()
2021-07-20 20:05:41,161 [04ab6d70-ea45-4448-8301-2ff63aaf71dc@group-C45BC7F5AE9E->ce149992-b5f4-48b7-837d-3c28b0a5cca8-GrpcLogAppender-LogAppenderDaemon] WARN  server.GrpcLogAppender (GrpcLogAppender.java:mayWait(175)) - 04ab6d70-ea45-4448-8301-2ff63aaf71dc@group-C45BC7F5AE9E->ce149992-b5f4-48b7-837d-3c28b0a5cca8-GrpcLogAppender: Wait interrupted by java.lang.InterruptedException
2021-07-20 20:05:41,161 [Listener at 127.0.0.1/46215] INFO  metrics.RatisMetrics (RatisMetrics.java:unregister(43)) - Unregistering Metrics Registry : ratis.log_appender.04ab6d70-ea45-4448-8301-2ff63aaf71dc@group-C45BC7F5AE9E
2021-07-20 20:05:41,165 [Listener at 127.0.0.1/46215] INFO  metrics.RatisMetrics (RatisMetrics.java:unregister(43)) - Unregistering Metrics Registry : ratis.server.04ab6d70-ea45-4448-8301-2ff63aaf71dc@group-C45BC7F5AE9E
2021-07-20 20:05:41,162 [ForkJoinPool.commonPool-worker-1] INFO  metrics.RatisMetrics (RatisMetrics.java:unregister(43)) - Unregistering Metrics Registry : ratis.log_worker.ce149992-b5f4-48b7-837d-3c28b0a5cca8@group-B87A76F5A1EB
2021-07-20 20:05:41,165 [ForkJoinPool.commonPool-worker-1] INFO  metrics.RatisMetrics (RatisMetrics.java:unregister(43)) - Unregistering Metrics Registry : ratis.leader_election.ce149992-b5f4-48b7-837d-3c28b0a5cca8@group-B87A76F5A1EB
2021-07-20 20:05:41,165 [ForkJoinPool.commonPool-worker-1] INFO  metrics.RatisMetrics (RatisMetrics.java:unregister(43)) - Unregistering Metrics Registry : ratis.server.ce149992-b5f4-48b7-837d-3c28b0a5cca8@group-B87A76F5A1EB
2021-07-20 20:05:41,165 [ForkJoinPool.commonPool-worker-1] INFO  server.RaftServer$Division (RaftServerImpl.java:lambda$close$4(406)) - ce149992-b5f4-48b7-837d-3c28b0a5cca8@group-C45BC7F5AE9E: shutdown
2021-07-20 20:05:41,165 [ForkJoinPool.commonPool-worker-1] INFO  util.JmxRegister (JmxRegister.java:unregister(73)) - Successfully un-registered JMX Bean with object name Ratis:service=RaftServer,group=group-C45BC7F5AE9E,id=ce149992-b5f4-48b7-837d-3c28b0a5cca8
2021-07-20 20:05:41,166 [ForkJoinPool.commonPool-worker-1] INFO  impl.RoleInfo (RoleInfo.java:shutdownFollowerState(108)) - ce149992-b5f4-48b7-837d-3c28b0a5cca8: shutdown ce149992-b5f4-48b7-837d-3c28b0a5cca8@group-C45BC7F5AE9E-FollowerState
2021-07-20 20:05:41,166 [ForkJoinPool.commonPool-worker-1] INFO  impl.StateMachineUpdater (StateMachineUpdater.java:stopAndJoin(149)) - ce149992-b5f4-48b7-837d-3c28b0a5cca8@group-C45BC7F5AE9E-StateMachineUpdater: set stopIndex = 0
2021-07-20 20:05:41,166 [grpc-default-executor-6] INFO  server.GrpcServerProtocolService (GrpcServerProtocolService.java:onCompleted(140)) - c2070e46-2fb8-4865-9842-aaf28229b296: Completed APPEND_ENTRIES, lastRequest: 04ab6d70-ea45-4448-8301-2ff63aaf71dc->c2070e46-2fb8-4865-9842-aaf28229b296#1-t2,previous=(t:0, i:0),leaderCommit=0,initializing? true,entries: size=1, first=(t:2, i:0), CONFIGURATIONENTRY
2021-07-20 20:05:41,167 [grpc-default-executor-5] INFO  server.GrpcServerProtocolService (GrpcServerProtocolService.java:onCompleted(140)) - ce149992-b5f4-48b7-837d-3c28b0a5cca8: Completed APPEND_ENTRIES, lastRequest: 04ab6d70-ea45-4448-8301-2ff63aaf71dc->ce149992-b5f4-48b7-837d-3c28b0a5cca8#1-t2,previous=(t:0, i:0),leaderCommit=0,initializing? true,entries: size=1, first=(t:2, i:0), CONFIGURATIONENTRY
2021-07-20 20:05:41,167 [ce149992-b5f4-48b7-837d-3c28b0a5cca8@group-C45BC7F5AE9E-FollowerState] INFO  impl.FollowerState (FollowerState.java:run(143)) - ce149992-b5f4-48b7-837d-3c28b0a5cca8@group-C45BC7F5AE9E-FollowerState was interrupted: {}
java.lang.InterruptedException: sleep interrupted
	at java.lang.Thread.sleep(Native Method)
	at java.lang.Thread.sleep(Thread.java:340)
	at java.util.concurrent.TimeUnit.sleep(TimeUnit.java:386)
	at org.apache.ratis.util.TimeDuration.sleep(TimeDuration.java:324)
	at org.apache.ratis.util.TimeDuration.sleep(TimeDuration.java:309)
	at org.apache.ratis.server.impl.FollowerState.run(FollowerState.java:118)
2021-07-20 20:05:41,168 [ce149992-b5f4-48b7-837d-3c28b0a5cca8@group-C45BC7F5AE9E-StateMachineUpdater] INFO  ratis.ContainerStateMachine (ContainerStateMachine.java:takeSnapshot(291)) - group-C45BC7F5AE9E: Taking a snapshot at:(t:2, i:0) file /home/runner/work/ozone/ozone/mnt/ozone/hadoop-ozone/integration-test/target/test-dir/MiniOzoneClusterImpl-f5a46b5f-7322-4bfd-b1a2-40e9a3ca233c/datanode-0/data/ratis/70eb5b07-2880-4fcf-8b06-c45bc7f5ae9e/sm/snapshot.2_0
2021-07-20 20:05:41,169 [Listener at 127.0.0.1/46215] INFO  impl.StateMachineUpdater (StateMachineUpdater.java:stopAndJoin(149)) - 04ab6d70-ea45-4448-8301-2ff63aaf71dc@group-C45BC7F5AE9E-StateMachineUpdater: set stopIndex = 0
2021-07-20 20:05:41,170 [ce149992-b5f4-48b7-837d-3c28b0a5cca8@group-C45BC7F5AE9E-StateMachineUpdater] INFO  ratis.ContainerStateMachine (ContainerStateMachine.java:takeSnapshot(302)) - group-C45BC7F5AE9E: Finished taking a snapshot at:(t:2, i:0) file:/home/runner/work/ozone/ozone/mnt/ozone/hadoop-ozone/integration-test/target/test-dir/MiniOzoneClusterImpl-f5a46b5f-7322-4bfd-b1a2-40e9a3ca233c/datanode-0/data/ratis/70eb5b07-2880-4fcf-8b06-c45bc7f5ae9e/sm/snapshot.2_0 took: 2 ms
2021-07-20 20:05:41,170 [04ab6d70-ea45-4448-8301-2ff63aaf71dc@group-C45BC7F5AE9E-StateMachineUpdater] INFO  ratis.ContainerStateMachine (ContainerStateMachine.java:takeSnapshot(291)) - group-C45BC7F5AE9E: Taking a snapshot at:(t:2, i:0) file /home/runner/work/ozone/ozone/mnt/ozone/hadoop-ozone/integration-test/target/test-dir/MiniOzoneClusterImpl-f5a46b5f-7322-4bfd-b1a2-40e9a3ca233c/datanode-1/data/ratis/70eb5b07-2880-4fcf-8b06-c45bc7f5ae9e/sm/snapshot.2_0
2021-07-20 20:05:41,170 [ce149992-b5f4-48b7-837d-3c28b0a5cca8@group-C45BC7F5AE9E-StateMachineUpdater] INFO  impl.StateMachineUpdater (StateMachineUpdater.java:takeSnapshot(281)) - ce149992-b5f4-48b7-837d-3c28b0a5cca8@group-C45BC7F5AE9E-StateMachineUpdater: Took a snapshot at index 0
2021-07-20 20:05:41,170 [ce149992-b5f4-48b7-837d-3c28b0a5cca8@group-C45BC7F5AE9E-StateMachineUpdater] INFO  impl.StateMachineUpdater (StateMachineUpdater.java:lambda$new$0(89)) - ce149992-b5f4-48b7-837d-3c28b0a5cca8@group-C45BC7F5AE9E-StateMachineUpdater: snapshotIndex: updateIncreasingly -1 -> 0
2021-07-20 20:05:41,170 [ce149992-b5f4-48b7-837d-3c28b0a5cca8@group-C45BC7F5AE9E-StateMachineUpdater] INFO  metrics.RatisMetrics (RatisMetrics.java:unregister(43)) - Unregistering Metrics Registry : ratis.state_machine.ce149992-b5f4-48b7-837d-3c28b0a5cca8@group-C45BC7F5AE9E
2021-07-20 20:05:41,170 [04ab6d70-ea45-4448-8301-2ff63aaf71dc@group-C45BC7F5AE9E-StateMachineUpdater] INFO  ratis.ContainerStateMachine (ContainerStateMachine.java:takeSnapshot(302)) - group-C45BC7F5AE9E: Finished taking a snapshot at:(t:2, i:0) file:/home/runner/work/ozone/ozone/mnt/ozone/hadoop-ozone/integration-test/target/test-dir/MiniOzoneClusterImpl-f5a46b5f-7322-4bfd-b1a2-40e9a3ca233c/datanode-1/data/ratis/70eb5b07-2880-4fcf-8b06-c45bc7f5ae9e/sm/snapshot.2_0 took: 1 ms
2021-07-20 20:05:41,171 [04ab6d70-ea45-4448-8301-2ff63aaf71dc@group-C45BC7F5AE9E-StateMachineUpdater] INFO  impl.StateMachineUpdater (StateMachineUpdater.java:takeSnapshot(281)) - 04ab6d70-ea45-4448-8301-2ff63aaf71dc@group-C45BC7F5AE9E-StateMachineUpdater: Took a snapshot at index 0
2021-07-20 20:05:41,171 [04ab6d70-ea45-4448-8301-2ff63aaf71dc@group-C45BC7F5AE9E-StateMachineUpdater] INFO  impl.StateMachineUpdater (StateMachineUpdater.java:lambda$new$0(89)) - 04ab6d70-ea45-4448-8301-2ff63aaf71dc@group-C45BC7F5AE9E-StateMachineUpdater: snapshotIndex: updateIncreasingly -1 -> 0
2021-07-20 20:05:41,171 [04ab6d70-ea45-4448-8301-2ff63aaf71dc@group-C45BC7F5AE9E-StateMachineUpdater] INFO  metrics.RatisMetrics (RatisMetrics.java:unregister(43)) - Unregistering Metrics Registry : ratis.state_machine.04ab6d70-ea45-4448-8301-2ff63aaf71dc@group-C45BC7F5AE9E
2021-07-20 20:05:41,174 [ForkJoinPool.commonPool-worker-1] INFO  server.RaftServer$Division (ServerState.java:close(405)) - ce149992-b5f4-48b7-837d-3c28b0a5cca8@group-C45BC7F5AE9E: closes. applyIndex: 0
2021-07-20 20:05:41,175 [grpc-default-executor-6] INFO  server.GrpcLogAppender (GrpcLogAppender.java:onCompleted(344)) - 04ab6d70-ea45-4448-8301-2ff63aaf71dc@group-C45BC7F5AE9E->ce149992-b5f4-48b7-837d-3c28b0a5cca8-AppendLogResponseHandler: follower responses appendEntries COMPLETED
2021-07-20 20:05:41,175 [ce149992-b5f4-48b7-837d-3c28b0a5cca8@group-C45BC7F5AE9E-SegmentedRaftLogWorker] INFO  segmented.SegmentedRaftLogWorker (SegmentedRaftLogWorker.java:run(327)) - ce149992-b5f4-48b7-837d-3c28b0a5cca8@group-C45BC7F5AE9E-SegmentedRaftLogWorker was interrupted, exiting. There are 0 tasks remaining in the queue.
2021-07-20 20:05:41,175 [ForkJoinPool.commonPool-worker-1] INFO  segmented.SegmentedRaftLogWorker (SegmentedRaftLogWorker.java:close(237)) - ce149992-b5f4-48b7-837d-3c28b0a5cca8@group-C45BC7F5AE9E-SegmentedRaftLogWorker close()
2021-07-20 20:05:41,175 [grpc-default-executor-6] INFO  leader.FollowerInfo (FollowerInfoImpl.java:lambda$new$0(46)) - 04ab6d70-ea45-4448-8301-2ff63aaf71dc@group-C45BC7F5AE9E->ce149992-b5f4-48b7-837d-3c28b0a5cca8: nextIndex: updateUnconditionally 1 -> 0
2021-07-20 20:05:41,175 [grpc-default-executor-5] INFO  server.GrpcLogAppender (GrpcLogAppender.java:onCompleted(344)) - 04ab6d70-ea45-4448-8301-2ff63aaf71dc@group-C45BC7F5AE9E->c2070e46-2fb8-4865-9842-aaf28229b296-AppendLogResponseHandler: follower responses appendEntries COMPLETED
2021-07-20 20:05:41,176 [ForkJoinPool.commonPool-worker-1] INFO  metrics.RatisMetrics (RatisMetrics.java:unregister(43)) - Unregistering Metrics Registry : ratis.log_worker.ce149992-b5f4-48b7-837d-3c28b0a5cca8@group-C45BC7F5AE9E
2021-07-20 20:05:41,176 [Listener at 127.0.0.1/46215] INFO  server.RaftServer$Division (ServerState.java:close(405)) - 04ab6d70-ea45-4448-8301-2ff63aaf71dc@group-C45BC7F5AE9E: closes. applyIndex: 0
2021-07-20 20:05:41,176 [grpc-default-executor-5] INFO  leader.FollowerInfo (FollowerInfoImpl.java:lambda$new$0(46)) - 04ab6d70-ea45-4448-8301-2ff63aaf71dc@group-C45BC7F5AE9E->c2070e46-2fb8-4865-9842-aaf28229b296: nextIndex: updateUnconditionally 1 -> 0
2021-07-20 20:05:41,176 [04ab6d70-ea45-4448-8301-2ff63aaf71dc@group-C45BC7F5AE9E-SegmentedRaftLogWorker] INFO  segmented.SegmentedRaftLogWorker (SegmentedRaftLogWorker.java:run(327)) - 04ab6d70-ea45-4448-8301-2ff63aaf71dc@group-C45BC7F5AE9E-SegmentedRaftLogWorker was interrupted, exiting. There are 0 tasks remaining in the queue.
2021-07-20 20:05:41,176 [ForkJoinPool.commonPool-worker-1] INFO  metrics.RatisMetrics (RatisMetrics.java:unregister(43)) - Unregistering Metrics Registry : ratis.leader_election.ce149992-b5f4-48b7-837d-3c28b0a5cca8@group-C45BC7F5AE9E
2021-07-20 20:05:41,177 [Listener at 127.0.0.1/46215] INFO  segmented.SegmentedRaftLogWorker (SegmentedRaftLogWorker.java:close(237)) - 04ab6d70-ea45-4448-8301-2ff63aaf71dc@group-C45BC7F5AE9E-SegmentedRaftLogWorker close()
2021-07-20 20:05:41,177 [ForkJoinPool.commonPool-worker-1] INFO  metrics.RatisMetrics (RatisMetrics.java:unregister(43)) - Unregistering Metrics Registry : ratis.server.ce149992-b5f4-48b7-837d-3c28b0a5cca8@group-C45BC7F5AE9E
2021-07-20 20:05:41,178 [Listener at 127.0.0.1/46215] INFO  metrics.RatisMetrics (RatisMetrics.java:unregister(43)) - Unregistering Metrics Registry : ratis.log_worker.04ab6d70-ea45-4448-8301-2ff63aaf71dc@group-C45BC7F5AE9E
2021-07-20 20:05:41,178 [ForkJoinPool.commonPool-worker-1] INFO  server.RaftServer$Division (RaftServerImpl.java:lambda$close$4(406)) - ce149992-b5f4-48b7-837d-3c28b0a5cca8@group-E2D5270DBEEA: shutdown
2021-07-20 20:05:41,178 [Listener at 127.0.0.1/46215] INFO  metrics.RatisMetrics (RatisMetrics.java:unregister(43)) - Unregistering Metrics Registry : ratis.leader_election.04ab6d70-ea45-4448-8301-2ff63aaf71dc@group-C45BC7F5AE9E
2021-07-20 20:05:41,178 [ForkJoinPool.commonPool-worker-1] INFO  util.JmxRegister (JmxRegister.java:unregister(73)) - Successfully un-registered JMX Bean with object name Ratis:service=RaftServer,group=group-E2D5270DBEEA,id=ce149992-b5f4-48b7-837d-3c28b0a5cca8
2021-07-20 20:05:41,178 [ForkJoinPool.commonPool-worker-1] INFO  impl.RoleInfo (RoleInfo.java:shutdownLeaderState(91)) - ce149992-b5f4-48b7-837d-3c28b0a5cca8: shutdown ce149992-b5f4-48b7-837d-3c28b0a5cca8@group-E2D5270DBEEA-LeaderStateImpl
2021-07-20 20:05:41,178 [Listener at 127.0.0.1/46215] INFO  metrics.RatisMetrics (RatisMetrics.java:unregister(43)) - Unregistering Metrics Registry : ratis.server.04ab6d70-ea45-4448-8301-2ff63aaf71dc@group-C45BC7F5AE9E
2021-07-20 20:05:41,178 [Listener at 127.0.0.1/46215] INFO  server.RaftServer$Division (RaftServerImpl.java:lambda$close$4(406)) - 04ab6d70-ea45-4448-8301-2ff63aaf71dc@group-D7C0FE1B3BF3: shutdown
2021-07-20 20:05:41,179 [Listener at 127.0.0.1/46215] INFO  util.JmxRegister (JmxRegister.java:unregister(73)) - Successfully un-registered JMX Bean with object name Ratis:service=RaftServer,group=group-D7C0FE1B3BF3,id=04ab6d70-ea45-4448-8301-2ff63aaf71dc
2021-07-20 20:05:41,179 [Listener at 127.0.0.1/46215] INFO  impl.RoleInfo (RoleInfo.java:shutdownLeaderState(91)) - 04ab6d70-ea45-4448-8301-2ff63aaf71dc: shutdown 04ab6d70-ea45-4448-8301-2ff63aaf71dc@group-D7C0FE1B3BF3-LeaderStateImpl
2021-07-20 20:05:41,179 [Listener at 127.0.0.1/46215] INFO  impl.PendingRequests (PendingRequests.java:sendNotLeaderResponses(249)) - 04ab6d70-ea45-4448-8301-2ff63aaf71dc@group-D7C0FE1B3BF3-PendingRequests: sendNotLeaderResponses
2021-07-20 20:05:41,179 [Listener at 127.0.0.1/46215] INFO  metrics.RatisMetrics (RatisMetrics.java:unregister(43)) - Unregistering Metrics Registry : ratis.log_appender.04ab6d70-ea45-4448-8301-2ff63aaf71dc@group-D7C0FE1B3BF3
2021-07-20 20:05:41,180 [Listener at 127.0.0.1/46215] INFO  metrics.RatisMetrics (RatisMetrics.java:unregister(43)) - Unregistering Metrics Registry : ratis.server.04ab6d70-ea45-4448-8301-2ff63aaf71dc@group-D7C0FE1B3BF3
2021-07-20 20:05:41,178 [ForkJoinPool.commonPool-worker-1] INFO  impl.PendingRequests (PendingRequests.java:sendNotLeaderResponses(249)) - ce149992-b5f4-48b7-837d-3c28b0a5cca8@group-E2D5270DBEEA-PendingRequests: sendNotLeaderResponses
2021-07-20 20:05:41,183 [ForkJoinPool.commonPool-worker-1] INFO  metrics.RatisMetrics (RatisMetrics.java:unregister(43)) - Unregistering Metrics Registry : ratis.log_appender.ce149992-b5f4-48b7-837d-3c28b0a5cca8@group-E2D5270DBEEA
2021-07-20 20:05:41,184 [ForkJoinPool.commonPool-worker-1] INFO  metrics.RatisMetrics (RatisMetrics.java:unregister(43)) - Unregistering Metrics Registry : ratis.server.ce149992-b5f4-48b7-837d-3c28b0a5cca8@group-E2D5270DBEEA
2021-07-20 20:05:41,188 [ForkJoinPool.commonPool-worker-1] INFO  impl.StateMachineUpdater (StateMachineUpdater.java:stopAndJoin(149)) - ce149992-b5f4-48b7-837d-3c28b0a5cca8@group-E2D5270DBEEA-StateMachineUpdater: set stopIndex = 0
2021-07-20 20:05:41,188 [ce149992-b5f4-48b7-837d-3c28b0a5cca8@group-E2D5270DBEEA-StateMachineUpdater] INFO  ratis.ContainerStateMachine (ContainerStateMachine.java:takeSnapshot(291)) - group-E2D5270DBEEA: Taking a snapshot at:(t:1, i:0) file /home/runner/work/ozone/ozone/mnt/ozone/hadoop-ozone/integration-test/target/test-dir/MiniOzoneClusterImpl-f5a46b5f-7322-4bfd-b1a2-40e9a3ca233c/datanode-0/data/ratis/e8b47204-3500-4ad8-a322-e2d5270dbeea/sm/snapshot.1_0
2021-07-20 20:05:41,188 [04ab6d70-ea45-4448-8301-2ff63aaf71dc@group-D7C0FE1B3BF3-StateMachineUpdater] INFO  ratis.ContainerStateMachine (ContainerStateMachine.java:takeSnapshot(291)) - group-D7C0FE1B3BF3: Taking a snapshot at:(t:1, i:0) file /home/runner/work/ozone/ozone/mnt/ozone/hadoop-ozone/integration-test/target/test-dir/MiniOzoneClusterImpl-f5a46b5f-7322-4bfd-b1a2-40e9a3ca233c/datanode-1/data/ratis/ac19465d-4702-4dee-833b-d7c0fe1b3bf3/sm/snapshot.1_0
2021-07-20 20:05:41,189 [Listener at 127.0.0.1/46215] INFO  impl.StateMachineUpdater (StateMachineUpdater.java:stopAndJoin(149)) - 04ab6d70-ea45-4448-8301-2ff63aaf71dc@group-D7C0FE1B3BF3-StateMachineUpdater: set stopIndex = 0
2021-07-20 20:05:41,189 [ce149992-b5f4-48b7-837d-3c28b0a5cca8@group-E2D5270DBEEA-StateMachineUpdater] INFO  ratis.ContainerStateMachine (ContainerStateMachine.java:takeSnapshot(302)) - group-E2D5270DBEEA: Finished taking a snapshot at:(t:1, i:0) file:/home/runner/work/ozone/ozone/mnt/ozone/hadoop-ozone/integration-test/target/test-dir/MiniOzoneClusterImpl-f5a46b5f-7322-4bfd-b1a2-40e9a3ca233c/datanode-0/data/ratis/e8b47204-3500-4ad8-a322-e2d5270dbeea/sm/snapshot.1_0 took: 1 ms
2021-07-20 20:05:41,189 [ce149992-b5f4-48b7-837d-3c28b0a5cca8@group-E2D5270DBEEA-StateMachineUpdater] INFO  impl.StateMachineUpdater (StateMachineUpdater.java:takeSnapshot(281)) - ce149992-b5f4-48b7-837d-3c28b0a5cca8@group-E2D5270DBEEA-StateMachineUpdater: Took a snapshot at index 0
2021-07-20 20:05:41,189 [ce149992-b5f4-48b7-837d-3c28b0a5cca8@group-E2D5270DBEEA-StateMachineUpdater] INFO  impl.StateMachineUpdater (StateMachineUpdater.java:lambda$new$0(89)) - ce149992-b5f4-48b7-837d-3c28b0a5cca8@group-E2D5270DBEEA-StateMachineUpdater: snapshotIndex: updateIncreasingly -1 -> 0
2021-07-20 20:05:41,190 [ce149992-b5f4-48b7-837d-3c28b0a5cca8@group-E2D5270DBEEA-StateMachineUpdater] INFO  metrics.RatisMetrics (RatisMetrics.java:unregister(43)) - Unregistering Metrics Registry : ratis.state_machine.ce149992-b5f4-48b7-837d-3c28b0a5cca8@group-E2D5270DBEEA
2021-07-20 20:05:41,190 [ForkJoinPool.commonPool-worker-1] INFO  server.RaftServer$Division (ServerState.java:close(405)) - ce149992-b5f4-48b7-837d-3c28b0a5cca8@group-E2D5270DBEEA: closes. applyIndex: 0
2021-07-20 20:05:41,190 [ce149992-b5f4-48b7-837d-3c28b0a5cca8@group-E2D5270DBEEA-SegmentedRaftLogWorker] INFO  segmented.SegmentedRaftLogWorker (SegmentedRaftLogWorker.java:run(327)) - ce149992-b5f4-48b7-837d-3c28b0a5cca8@group-E2D5270DBEEA-SegmentedRaftLogWorker was interrupted, exiting. There are 0 tasks remaining in the queue.
2021-07-20 20:05:41,190 [ForkJoinPool.commonPool-worker-1] INFO  segmented.SegmentedRaftLogWorker (SegmentedRaftLogWorker.java:close(237)) - ce149992-b5f4-48b7-837d-3c28b0a5cca8@group-E2D5270DBEEA-SegmentedRaftLogWorker close()
2021-07-20 20:05:41,189 [04ab6d70-ea45-4448-8301-2ff63aaf71dc@group-D7C0FE1B3BF3-StateMachineUpdater] INFO  ratis.ContainerStateMachine (ContainerStateMachine.java:takeSnapshot(302)) - group-D7C0FE1B3BF3: Finished taking a snapshot at:(t:1, i:0) file:/home/runner/work/ozone/ozone/mnt/ozone/hadoop-ozone/integration-test/target/test-dir/MiniOzoneClusterImpl-f5a46b5f-7322-4bfd-b1a2-40e9a3ca233c/datanode-1/data/ratis/ac19465d-4702-4dee-833b-d7c0fe1b3bf3/sm/snapshot.1_0 took: 1 ms
2021-07-20 20:05:41,191 [ForkJoinPool.commonPool-worker-1] INFO  metrics.RatisMetrics (RatisMetrics.java:unregister(43)) - Unregistering Metrics Registry : ratis.log_worker.ce149992-b5f4-48b7-837d-3c28b0a5cca8@group-E2D5270DBEEA
2021-07-20 20:05:41,191 [04ab6d70-ea45-4448-8301-2ff63aaf71dc@group-D7C0FE1B3BF3-StateMachineUpdater] INFO  impl.StateMachineUpdater (StateMachineUpdater.java:takeSnapshot(281)) - 04ab6d70-ea45-4448-8301-2ff63aaf71dc@group-D7C0FE1B3BF3-StateMachineUpdater: Took a snapshot at index 0
2021-07-20 20:05:41,191 [04ab6d70-ea45-4448-8301-2ff63aaf71dc@group-D7C0FE1B3BF3-StateMachineUpdater] INFO  impl.StateMachineUpdater (StateMachineUpdater.java:lambda$new$0(89)) - 04ab6d70-ea45-4448-8301-2ff63aaf71dc@group-D7C0FE1B3BF3-StateMachineUpdater: snapshotIndex: updateIncreasingly -1 -> 0
2021-07-20 20:05:41,191 [ForkJoinPool.commonPool-worker-1] INFO  metrics.RatisMetrics (RatisMetrics.java:unregister(43)) - Unregistering Metrics Registry : ratis.leader_election.ce149992-b5f4-48b7-837d-3c28b0a5cca8@group-E2D5270DBEEA
2021-07-20 20:05:41,191 [04ab6d70-ea45-4448-8301-2ff63aaf71dc@group-D7C0FE1B3BF3-StateMachineUpdater] INFO  metrics.RatisMetrics (RatisMetrics.java:unregister(43)) - Unregistering Metrics Registry : ratis.state_machine.04ab6d70-ea45-4448-8301-2ff63aaf71dc@group-D7C0FE1B3BF3
2021-07-20 20:05:41,192 [ForkJoinPool.commonPool-worker-1] INFO  metrics.RatisMetrics (RatisMetrics.java:unregister(43)) - Unregistering Metrics Registry : ratis.server.ce149992-b5f4-48b7-837d-3c28b0a5cca8@group-E2D5270DBEEA
2021-07-20 20:05:41,192 [ForkJoinPool.commonPool-worker-1] INFO  server.GrpcService (GrpcService.java:closeImpl(262)) - ce149992-b5f4-48b7-837d-3c28b0a5cca8: shutdown server with port 37697 now
2021-07-20 20:05:41,192 [Listener at 127.0.0.1/46215] INFO  server.RaftServer$Division (ServerState.java:close(405)) - 04ab6d70-ea45-4448-8301-2ff63aaf71dc@group-D7C0FE1B3BF3: closes. applyIndex: 0
2021-07-20 20:05:41,194 [04ab6d70-ea45-4448-8301-2ff63aaf71dc@group-D7C0FE1B3BF3-SegmentedRaftLogWorker] INFO  segmented.SegmentedRaftLogWorker (SegmentedRaftLogWorker.java:run(327)) - 04ab6d70-ea45-4448-8301-2ff63aaf71dc@group-D7C0FE1B3BF3-SegmentedRaftLogWorker was interrupted, exiting. There are 0 tasks remaining in the queue.
2021-07-20 20:05:41,197 [Listener at 127.0.0.1/46215] INFO  segmented.SegmentedRaftLogWorker (SegmentedRaftLogWorker.java:close(237)) - 04ab6d70-ea45-4448-8301-2ff63aaf71dc@group-D7C0FE1B3BF3-SegmentedRaftLogWorker close()
2021-07-20 20:05:41,198 [Listener at 127.0.0.1/46215] INFO  metrics.RatisMetrics (RatisMetrics.java:unregister(43)) - Unregistering Metrics Registry : ratis.log_worker.04ab6d70-ea45-4448-8301-2ff63aaf71dc@group-D7C0FE1B3BF3
2021-07-20 20:05:41,198 [Listener at 127.0.0.1/46215] INFO  metrics.RatisMetrics (RatisMetrics.java:unregister(43)) - Unregistering Metrics Registry : ratis.leader_election.04ab6d70-ea45-4448-8301-2ff63aaf71dc@group-D7C0FE1B3BF3
2021-07-20 20:05:41,198 [Listener at 127.0.0.1/46215] INFO  metrics.RatisMetrics (RatisMetrics.java:unregister(43)) - Unregistering Metrics Registry : ratis.server.04ab6d70-ea45-4448-8301-2ff63aaf71dc@group-D7C0FE1B3BF3
2021-07-20 20:05:41,198 [Listener at 127.0.0.1/46215] INFO  server.GrpcService (GrpcService.java:closeImpl(262)) - 04ab6d70-ea45-4448-8301-2ff63aaf71dc: shutdown server with port 37589 now
2021-07-20 20:05:41,204 [Listener at 127.0.0.1/46215] INFO  server.GrpcService (GrpcService.java:closeImpl(271)) - 04ab6d70-ea45-4448-8301-2ff63aaf71dc: shutdown server with port 37589 successfully
2021-07-20 20:05:41,204 [org.apache.ratis.util.JvmPauseMonitor$$Lambda$525/626539760@5078f73e] INFO  util.JvmPauseMonitor (JvmPauseMonitor.java:run(109)) - JvmPauseMonitor-04ab6d70-ea45-4448-8301-2ff63aaf71dc: Stopped
2021-07-20 20:05:41,205 [Listener at 127.0.0.1/46215] INFO  utils.BackgroundService (BackgroundService.java:shutdown(132)) - Shutting down service BlockDeletingService
2021-07-20 20:05:41,206 [ForkJoinPool.commonPool-worker-1] INFO  server.GrpcService (GrpcService.java:closeImpl(271)) - ce149992-b5f4-48b7-837d-3c28b0a5cca8: shutdown server with port 37697 successfully
2021-07-20 20:05:41,206 [org.apache.ratis.util.JvmPauseMonitor$$Lambda$525/626539760@60787c65] INFO  util.JvmPauseMonitor (JvmPauseMonitor.java:run(109)) - JvmPauseMonitor-ce149992-b5f4-48b7-837d-3c28b0a5cca8: Stopped
2021-07-20 20:05:41,208 [ForkJoinPool.commonPool-worker-1] INFO  utils.BackgroundService (BackgroundService.java:shutdown(132)) - Shutting down service BlockDeletingService
2021-07-20 20:05:41,208 [Listener at 127.0.0.1/46215] INFO  statemachine.DatanodeStateMachine (DatanodeStateMachine.java:stopDaemon(514)) - Ozone container server stopped.
2021-07-20 20:05:41,210 [ForkJoinPool.commonPool-worker-1] INFO  statemachine.DatanodeStateMachine (DatanodeStateMachine.java:stopDaemon(514)) - Ozone container server stopped.
2021-07-20 20:05:41,211 [ForkJoinPool.commonPool-worker-1] INFO  handler.ContextHandler (ContextHandler.java:doStop(1154)) - Stopped o.e.j.w.WebAppContext@23fc55c9{hddsDatanode,/,null,STOPPED}{jar:file:/home/runner/.m2/repository/org/apache/ozone/hdds-container-service/1.2.0-SNAPSHOT/hdds-container-service-1.2.0-SNAPSHOT.jar!/webapps/hddsDatanode}
2021-07-20 20:05:41,212 [Listener at 127.0.0.1/46215] INFO  handler.ContextHandler (ContextHandler.java:doStop(1154)) - Stopped o.e.j.w.WebAppContext@1293b171{hddsDatanode,/,null,STOPPED}{jar:file:/home/runner/.m2/repository/org/apache/ozone/hdds-container-service/1.2.0-SNAPSHOT/hdds-container-service-1.2.0-SNAPSHOT.jar!/webapps/hddsDatanode}
2021-07-20 20:05:41,213 [ForkJoinPool.commonPool-worker-1] INFO  server.AbstractConnector (AbstractConnector.java:doStop(381)) - Stopped ServerConnector@6b5cfc4{HTTP/1.1, (http/1.1)}{0.0.0.0:0}
2021-07-20 20:05:41,213 [Listener at 127.0.0.1/46215] INFO  server.AbstractConnector (AbstractConnector.java:doStop(381)) - Stopped ServerConnector@517f3122{HTTP/1.1, (http/1.1)}{0.0.0.0:0}
2021-07-20 20:05:41,213 [Listener at 127.0.0.1/46215] INFO  server.session (HouseKeeper.java:stopScavenging(149)) - node0 Stopped scavenging
2021-07-20 20:05:41,213 [Listener at 127.0.0.1/46215] INFO  handler.ContextHandler (ContextHandler.java:doStop(1154)) - Stopped o.e.j.s.ServletContextHandler@12c8d017{static,/static,jar:file:/home/runner/.m2/repository/org/apache/ozone/hdds-container-service/1.2.0-SNAPSHOT/hdds-container-service-1.2.0-SNAPSHOT.jar!/webapps/static,STOPPED}
2021-07-20 20:05:41,214 [Listener at 127.0.0.1/46215] INFO  handler.ContextHandler (ContextHandler.java:doStop(1154)) - Stopped o.e.j.s.ServletContextHandler@dd37e05{logs,/logs,file:///home/runner/work/ozone/ozone/mnt/ozone/hadoop-ozone/integration-test/target/log,STOPPED}
2021-07-20 20:05:41,213 [ForkJoinPool.commonPool-worker-1] INFO  server.session (HouseKeeper.java:stopScavenging(149)) - node0 Stopped scavenging
2021-07-20 20:05:41,215 [ForkJoinPool.commonPool-worker-1] INFO  handler.ContextHandler (ContextHandler.java:doStop(1154)) - Stopped o.e.j.s.ServletContextHandler@3aeedc32{static,/static,jar:file:/home/runner/.m2/repository/org/apache/ozone/hdds-container-service/1.2.0-SNAPSHOT/hdds-container-service-1.2.0-SNAPSHOT.jar!/webapps/static,STOPPED}
2021-07-20 20:05:41,216 [ForkJoinPool.commonPool-worker-1] INFO  handler.ContextHandler (ContextHandler.java:doStop(1154)) - Stopped o.e.j.s.ServletContextHandler@5cbe1e07{logs,/logs,file:///home/runner/work/ozone/ozone/mnt/ozone/hadoop-ozone/integration-test/target/log,STOPPED}
2021-07-20 20:05:42,034 [Datanode State Machine Thread - 0] INFO  statemachine.DatanodeStateMachine (DatanodeStateMachine.java:lambda$startDaemon$0(456)) - Ozone container server started.
2021-07-20 20:05:45,018 [c2070e46-2fb8-4865-9842-aaf28229b296@group-B87A76F5A1EB-FollowerState] INFO  impl.FollowerState (FollowerState.java:run(134)) - c2070e46-2fb8-4865-9842-aaf28229b296@group-B87A76F5A1EB-FollowerState: change to CANDIDATE, lastRpcElapsedTime:5176182461ns, electionTimeout:5171ms
2021-07-20 20:05:45,019 [c2070e46-2fb8-4865-9842-aaf28229b296@group-B87A76F5A1EB-FollowerState] INFO  impl.RoleInfo (RoleInfo.java:shutdownFollowerState(108)) - c2070e46-2fb8-4865-9842-aaf28229b296: shutdown c2070e46-2fb8-4865-9842-aaf28229b296@group-B87A76F5A1EB-FollowerState
2021-07-20 20:05:45,019 [c2070e46-2fb8-4865-9842-aaf28229b296@group-B87A76F5A1EB-FollowerState] INFO  server.RaftServer$Division (RaftServerImpl.java:setRole(284)) - c2070e46-2fb8-4865-9842-aaf28229b296@group-B87A76F5A1EB: changes role from  FOLLOWER to CANDIDATE at term 3 for changeToCandidate
2021-07-20 20:05:45,019 [c2070e46-2fb8-4865-9842-aaf28229b296@group-B87A76F5A1EB-FollowerState] INFO  server.RaftServerConfigKeys (ConfUtils.java:logGet(44)) - raft.server.leaderelection.pre-vote = false (custom)
2021-07-20 20:05:45,019 [c2070e46-2fb8-4865-9842-aaf28229b296@group-B87A76F5A1EB-FollowerState] INFO  impl.RoleInfo (RoleInfo.java:updateAndGet(130)) - c2070e46-2fb8-4865-9842-aaf28229b296: start c2070e46-2fb8-4865-9842-aaf28229b296@group-B87A76F5A1EB-LeaderElection48
2021-07-20 20:05:45,024 [c2070e46-2fb8-4865-9842-aaf28229b296@group-B87A76F5A1EB-LeaderElection48] INFO  impl.LeaderElection (LeaderElection.java:askForVotes(306)) - c2070e46-2fb8-4865-9842-aaf28229b296@group-B87A76F5A1EB-LeaderElection48 ELECTION round 0: submit vote requests at term 4 for -1: [04ab6d70-ea45-4448-8301-2ff63aaf71dc|rpc:10.1.0.85:37589|dataStream:|priority:0, c2070e46-2fb8-4865-9842-aaf28229b296|rpc:10.1.0.85:37735|dataStream:|priority:1, ce149992-b5f4-48b7-837d-3c28b0a5cca8|rpc:10.1.0.85:37697|dataStream:|priority:0], old=null
2021-07-20 20:05:45,039 [c2070e46-2fb8-4865-9842-aaf28229b296@group-B87A76F5A1EB-LeaderElection48] INFO  impl.LeaderElection (LogUtils.java:infoOrTrace(137)) - c2070e46-2fb8-4865-9842-aaf28229b296@group-B87A76F5A1EB-LeaderElection48 got exception when requesting votes: java.util.concurrent.ExecutionException: org.apache.ratis.thirdparty.io.grpc.StatusRuntimeException: UNAVAILABLE: io exception
2021-07-20 20:05:45,043 [c2070e46-2fb8-4865-9842-aaf28229b296@group-B87A76F5A1EB-LeaderElection48] INFO  impl.LeaderElection (LogUtils.java:infoOrTrace(137)) - c2070e46-2fb8-4865-9842-aaf28229b296@group-B87A76F5A1EB-LeaderElection48 got exception when requesting votes: java.util.concurrent.ExecutionException: org.apache.ratis.thirdparty.io.grpc.StatusRuntimeException: UNAVAILABLE: io exception
2021-07-20 20:05:45,043 [c2070e46-2fb8-4865-9842-aaf28229b296@group-B87A76F5A1EB-LeaderElection48] INFO  impl.LeaderElection (LeaderElection.java:logAndReturn(89)) - c2070e46-2fb8-4865-9842-aaf28229b296@group-B87A76F5A1EB-LeaderElection48: ELECTION REJECTED received 0 response(s) and 2 exception(s):
2021-07-20 20:05:45,043 [c2070e46-2fb8-4865-9842-aaf28229b296@group-B87A76F5A1EB-LeaderElection48] INFO  impl.LeaderElection (LogUtils.java:infoOrTrace(137)) -   Exception 0: java.util.concurrent.ExecutionException: org.apache.ratis.thirdparty.io.grpc.StatusRuntimeException: UNAVAILABLE: io exception
2021-07-20 20:05:45,043 [c2070e46-2fb8-4865-9842-aaf28229b296@group-B87A76F5A1EB-LeaderElection48] INFO  impl.LeaderElection (LogUtils.java:infoOrTrace(137)) -   Exception 1: java.util.concurrent.ExecutionException: org.apache.ratis.thirdparty.io.grpc.StatusRuntimeException: UNAVAILABLE: io exception
2021-07-20 20:05:45,044 [c2070e46-2fb8-4865-9842-aaf28229b296@group-B87A76F5A1EB-LeaderElection48] INFO  impl.LeaderElection (LeaderElection.java:askForVotes(308)) - c2070e46-2fb8-4865-9842-aaf28229b296@group-B87A76F5A1EB-LeaderElection48 ELECTION round 0: result REJECTED
2021-07-20 20:05:45,044 [c2070e46-2fb8-4865-9842-aaf28229b296@group-B87A76F5A1EB-LeaderElection48] INFO  server.RaftServer$Division (RaftServerImpl.java:setRole(284)) - c2070e46-2fb8-4865-9842-aaf28229b296@group-B87A76F5A1EB: changes role from CANDIDATE to FOLLOWER at term 4 for REJECTED
2021-07-20 20:05:45,044 [c2070e46-2fb8-4865-9842-aaf28229b296@group-B87A76F5A1EB-LeaderElection48] INFO  impl.RoleInfo (RoleInfo.java:shutdownLeaderElection(121)) - c2070e46-2fb8-4865-9842-aaf28229b296: shutdown c2070e46-2fb8-4865-9842-aaf28229b296@group-B87A76F5A1EB-LeaderElection48
2021-07-20 20:05:45,044 [c2070e46-2fb8-4865-9842-aaf28229b296@group-B87A76F5A1EB-LeaderElection48] INFO  impl.RoleInfo (RoleInfo.java:updateAndGet(130)) - c2070e46-2fb8-4865-9842-aaf28229b296: start c2070e46-2fb8-4865-9842-aaf28229b296@group-B87A76F5A1EB-FollowerState
2021-07-20 20:05:46,216 [Listener at 127.0.0.1/46215] INFO  ozoneimpl.OzoneContainer (OzoneContainer.java:stop(326)) - Attempting to stop container services.
2021-07-20 20:05:46,217 [Listener at 127.0.0.1/46215] INFO  server.RaftServer (RaftServerProxy.java:lambda$close$6(391)) - c2070e46-2fb8-4865-9842-aaf28229b296: close
2021-07-20 20:05:46,218 [Listener at 127.0.0.1/46215] INFO  server.RaftServer$Division (RaftServerImpl.java:lambda$close$4(406)) - c2070e46-2fb8-4865-9842-aaf28229b296@group-B87A76F5A1EB: shutdown
2021-07-20 20:05:46,218 [Listener at 127.0.0.1/46215] INFO  util.JmxRegister (JmxRegister.java:unregister(73)) - Successfully un-registered JMX Bean with object name Ratis:service=RaftServer,group=group-B87A76F5A1EB,id=c2070e46-2fb8-4865-9842-aaf28229b296
2021-07-20 20:05:46,218 [Listener at 127.0.0.1/46215] INFO  impl.RoleInfo (RoleInfo.java:shutdownFollowerState(108)) - c2070e46-2fb8-4865-9842-aaf28229b296: shutdown c2070e46-2fb8-4865-9842-aaf28229b296@group-B87A76F5A1EB-FollowerState
2021-07-20 20:05:46,218 [Listener at 127.0.0.1/46215] INFO  impl.StateMachineUpdater (StateMachineUpdater.java:stopAndJoin(149)) - c2070e46-2fb8-4865-9842-aaf28229b296@group-B87A76F5A1EB-StateMachineUpdater: set stopIndex = -1
2021-07-20 20:05:46,218 [c2070e46-2fb8-4865-9842-aaf28229b296@group-B87A76F5A1EB-StateMachineUpdater] INFO  metrics.RatisMetrics (RatisMetrics.java:unregister(43)) - Unregistering Metrics Registry : ratis.state_machine.c2070e46-2fb8-4865-9842-aaf28229b296@group-B87A76F5A1EB
2021-07-20 20:05:46,218 [c2070e46-2fb8-4865-9842-aaf28229b296@group-B87A76F5A1EB-FollowerState] INFO  impl.FollowerState (FollowerState.java:run(143)) - c2070e46-2fb8-4865-9842-aaf28229b296@group-B87A76F5A1EB-FollowerState was interrupted: {}
java.lang.InterruptedException: sleep interrupted
	at java.lang.Thread.sleep(Native Method)
	at java.lang.Thread.sleep(Thread.java:340)
	at java.util.concurrent.TimeUnit.sleep(TimeUnit.java:386)
	at org.apache.ratis.util.TimeDuration.sleep(TimeDuration.java:324)
	at org.apache.ratis.util.TimeDuration.sleep(TimeDuration.java:309)
	at org.apache.ratis.server.impl.FollowerState.run(FollowerState.java:118)
2021-07-20 20:05:46,219 [Listener at 127.0.0.1/46215] INFO  server.RaftServer$Division (ServerState.java:close(405)) - c2070e46-2fb8-4865-9842-aaf28229b296@group-B87A76F5A1EB: closes. applyIndex: -1
2021-07-20 20:05:46,219 [c2070e46-2fb8-4865-9842-aaf28229b296@group-B87A76F5A1EB-SegmentedRaftLogWorker] INFO  segmented.SegmentedRaftLogWorker (SegmentedRaftLogWorker.java:run(327)) - c2070e46-2fb8-4865-9842-aaf28229b296@group-B87A76F5A1EB-SegmentedRaftLogWorker was interrupted, exiting. There are 0 tasks remaining in the queue.
2021-07-20 20:05:46,219 [Listener at 127.0.0.1/46215] INFO  segmented.SegmentedRaftLogWorker (SegmentedRaftLogWorker.java:close(237)) - c2070e46-2fb8-4865-9842-aaf28229b296@group-B87A76F5A1EB-SegmentedRaftLogWorker close()
2021-07-20 20:05:46,220 [Listener at 127.0.0.1/46215] INFO  metrics.RatisMetrics (RatisMetrics.java:unregister(43)) - Unregistering Metrics Registry : ratis.log_worker.c2070e46-2fb8-4865-9842-aaf28229b296@group-B87A76F5A1EB
2021-07-20 20:05:46,220 [Listener at 127.0.0.1/46215] INFO  metrics.RatisMetrics (RatisMetrics.java:unregister(43)) - Unregistering Metrics Registry : ratis.leader_election.c2070e46-2fb8-4865-9842-aaf28229b296@group-B87A76F5A1EB
2021-07-20 20:05:46,221 [Listener at 127.0.0.1/46215] INFO  metrics.RatisMetrics (RatisMetrics.java:unregister(43)) - Unregistering Metrics Registry : ratis.server.c2070e46-2fb8-4865-9842-aaf28229b296@group-B87A76F5A1EB
2021-07-20 20:05:46,221 [Listener at 127.0.0.1/46215] INFO  server.RaftServer$Division (RaftServerImpl.java:lambda$close$4(406)) - c2070e46-2fb8-4865-9842-aaf28229b296@group-EDFFCA5F43E8: shutdown
2021-07-20 20:05:46,221 [Listener at 127.0.0.1/46215] INFO  util.JmxRegister (JmxRegister.java:unregister(73)) - Successfully un-registered JMX Bean with object name Ratis:service=RaftServer,group=group-EDFFCA5F43E8,id=c2070e46-2fb8-4865-9842-aaf28229b296
2021-07-20 20:05:46,221 [Listener at 127.0.0.1/46215] INFO  impl.RoleInfo (RoleInfo.java:shutdownLeaderState(91)) - c2070e46-2fb8-4865-9842-aaf28229b296: shutdown c2070e46-2fb8-4865-9842-aaf28229b296@group-EDFFCA5F43E8-LeaderStateImpl
2021-07-20 20:05:46,222 [Listener at 127.0.0.1/46215] INFO  impl.PendingRequests (PendingRequests.java:sendNotLeaderResponses(249)) - c2070e46-2fb8-4865-9842-aaf28229b296@group-EDFFCA5F43E8-PendingRequests: sendNotLeaderResponses
2021-07-20 20:05:46,222 [Listener at 127.0.0.1/46215] INFO  metrics.RatisMetrics (RatisMetrics.java:unregister(43)) - Unregistering Metrics Registry : ratis.log_appender.c2070e46-2fb8-4865-9842-aaf28229b296@group-EDFFCA5F43E8
2021-07-20 20:05:46,222 [Listener at 127.0.0.1/46215] INFO  metrics.RatisMetrics (RatisMetrics.java:unregister(43)) - Unregistering Metrics Registry : ratis.server.c2070e46-2fb8-4865-9842-aaf28229b296@group-EDFFCA5F43E8
2021-07-20 20:05:46,223 [c2070e46-2fb8-4865-9842-aaf28229b296@group-EDFFCA5F43E8-StateMachineUpdater] INFO  ratis.ContainerStateMachine (ContainerStateMachine.java:takeSnapshot(291)) - group-EDFFCA5F43E8: Taking a snapshot at:(t:1, i:0) file /home/runner/work/ozone/ozone/mnt/ozone/hadoop-ozone/integration-test/target/test-dir/MiniOzoneClusterImpl-f5a46b5f-7322-4bfd-b1a2-40e9a3ca233c/datanode-2/data/ratis/d19d5926-55c2-45aa-96cb-edffca5f43e8/sm/snapshot.1_0
2021-07-20 20:05:46,223 [Listener at 127.0.0.1/46215] INFO  impl.StateMachineUpdater (StateMachineUpdater.java:stopAndJoin(149)) - c2070e46-2fb8-4865-9842-aaf28229b296@group-EDFFCA5F43E8-StateMachineUpdater: set stopIndex = 0
2021-07-20 20:05:46,224 [c2070e46-2fb8-4865-9842-aaf28229b296@group-EDFFCA5F43E8-StateMachineUpdater] INFO  ratis.ContainerStateMachine (ContainerStateMachine.java:takeSnapshot(302)) - group-EDFFCA5F43E8: Finished taking a snapshot at:(t:1, i:0) file:/home/runner/work/ozone/ozone/mnt/ozone/hadoop-ozone/integration-test/target/test-dir/MiniOzoneClusterImpl-f5a46b5f-7322-4bfd-b1a2-40e9a3ca233c/datanode-2/data/ratis/d19d5926-55c2-45aa-96cb-edffca5f43e8/sm/snapshot.1_0 took: 1 ms
2021-07-20 20:05:46,224 [c2070e46-2fb8-4865-9842-aaf28229b296@group-EDFFCA5F43E8-StateMachineUpdater] INFO  impl.StateMachineUpdater (StateMachineUpdater.java:takeSnapshot(281)) - c2070e46-2fb8-4865-9842-aaf28229b296@group-EDFFCA5F43E8-StateMachineUpdater: Took a snapshot at index 0
2021-07-20 20:05:46,225 [c2070e46-2fb8-4865-9842-aaf28229b296@group-EDFFCA5F43E8-StateMachineUpdater] INFO  impl.StateMachineUpdater (StateMachineUpdater.java:lambda$new$0(89)) - c2070e46-2fb8-4865-9842-aaf28229b296@group-EDFFCA5F43E8-StateMachineUpdater: snapshotIndex: updateIncreasingly -1 -> 0
2021-07-20 20:05:46,225 [c2070e46-2fb8-4865-9842-aaf28229b296@group-EDFFCA5F43E8-StateMachineUpdater] INFO  metrics.RatisMetrics (RatisMetrics.java:unregister(43)) - Unregistering Metrics Registry : ratis.state_machine.c2070e46-2fb8-4865-9842-aaf28229b296@group-EDFFCA5F43E8
2021-07-20 20:05:46,225 [Listener at 127.0.0.1/46215] INFO  server.RaftServer$Division (ServerState.java:close(405)) - c2070e46-2fb8-4865-9842-aaf28229b296@group-EDFFCA5F43E8: closes. applyIndex: 0
2021-07-20 20:05:46,226 [c2070e46-2fb8-4865-9842-aaf28229b296@group-EDFFCA5F43E8-SegmentedRaftLogWorker] INFO  segmented.SegmentedRaftLogWorker (SegmentedRaftLogWorker.java:run(327)) - c2070e46-2fb8-4865-9842-aaf28229b296@group-EDFFCA5F43E8-SegmentedRaftLogWorker was interrupted, exiting. There are 0 tasks remaining in the queue.
2021-07-20 20:05:46,226 [Listener at 127.0.0.1/46215] INFO  segmented.SegmentedRaftLogWorker (SegmentedRaftLogWorker.java:close(237)) - c2070e46-2fb8-4865-9842-aaf28229b296@group-EDFFCA5F43E8-SegmentedRaftLogWorker close()
2021-07-20 20:05:46,227 [Listener at 127.0.0.1/46215] INFO  metrics.RatisMetrics (RatisMetrics.java:unregister(43)) - Unregistering Metrics Registry : ratis.log_worker.c2070e46-2fb8-4865-9842-aaf28229b296@group-EDFFCA5F43E8
2021-07-20 20:05:46,227 [Listener at 127.0.0.1/46215] INFO  metrics.RatisMetrics (RatisMetrics.java:unregister(43)) - Unregistering Metrics Registry : ratis.leader_election.c2070e46-2fb8-4865-9842-aaf28229b296@group-EDFFCA5F43E8
2021-07-20 20:05:46,227 [Listener at 127.0.0.1/46215] INFO  metrics.RatisMetrics (RatisMetrics.java:unregister(43)) - Unregistering Metrics Registry : ratis.server.c2070e46-2fb8-4865-9842-aaf28229b296@group-EDFFCA5F43E8
2021-07-20 20:05:46,227 [Listener at 127.0.0.1/46215] INFO  server.GrpcService (GrpcService.java:closeImpl(262)) - c2070e46-2fb8-4865-9842-aaf28229b296: shutdown server with port 37735 now
2021-07-20 20:05:46,229 [Listener at 127.0.0.1/46215] INFO  server.GrpcService (GrpcService.java:closeImpl(271)) - c2070e46-2fb8-4865-9842-aaf28229b296: shutdown server with port 37735 successfully
2021-07-20 20:05:46,229 [org.apache.ratis.util.JvmPauseMonitor$$Lambda$525/626539760@5109fe1b] INFO  util.JvmPauseMonitor (JvmPauseMonitor.java:run(109)) - JvmPauseMonitor-c2070e46-2fb8-4865-9842-aaf28229b296: Stopped
2021-07-20 20:05:46,230 [Listener at 127.0.0.1/46215] INFO  utils.BackgroundService (BackgroundService.java:shutdown(132)) - Shutting down service BlockDeletingService
2021-07-20 20:05:46,233 [Listener at 127.0.0.1/46215] INFO  statemachine.DatanodeStateMachine (DatanodeStateMachine.java:stopDaemon(514)) - Ozone container server stopped.
2021-07-20 20:05:46,234 [Listener at 127.0.0.1/46215] INFO  handler.ContextHandler (ContextHandler.java:doStop(1154)) - Stopped o.e.j.w.WebAppContext@6d665177{hddsDatanode,/,null,STOPPED}{jar:file:/home/runner/.m2/repository/org/apache/ozone/hdds-container-service/1.2.0-SNAPSHOT/hdds-container-service-1.2.0-SNAPSHOT.jar!/webapps/hddsDatanode}
2021-07-20 20:05:46,237 [Listener at 127.0.0.1/46215] INFO  server.AbstractConnector (AbstractConnector.java:doStop(381)) - Stopped ServerConnector@2fee733c{HTTP/1.1, (http/1.1)}{0.0.0.0:0}
2021-07-20 20:05:46,237 [Listener at 127.0.0.1/46215] INFO  server.session (HouseKeeper.java:stopScavenging(149)) - node0 Stopped scavenging
2021-07-20 20:05:46,238 [Listener at 127.0.0.1/46215] INFO  handler.ContextHandler (ContextHandler.java:doStop(1154)) - Stopped o.e.j.s.ServletContextHandler@3631fb0{static,/static,jar:file:/home/runner/.m2/repository/org/apache/ozone/hdds-container-service/1.2.0-SNAPSHOT/hdds-container-service-1.2.0-SNAPSHOT.jar!/webapps/static,STOPPED}
2021-07-20 20:05:46,238 [Listener at 127.0.0.1/46215] INFO  handler.ContextHandler (ContextHandler.java:doStop(1154)) - Stopped o.e.j.s.ServletContextHandler@1d4e882f{logs,/logs,file:///home/runner/work/ozone/ozone/mnt/ozone/hadoop-ozone/integration-test/target/log,STOPPED}
2021-07-20 20:05:46,239 [Listener at 127.0.0.1/46215] INFO  ozone.MiniOzoneClusterImpl (MiniOzoneClusterImpl.java:stopSCM(537)) - Stopping the StorageContainerManager
2021-07-20 20:05:46,239 [Listener at 127.0.0.1/46215] INFO  server.StorageContainerManager (StorageContainerManager.java:stop(1337)) - Stopping Replication Manager Service.
2021-07-20 20:05:46,239 [Listener at 127.0.0.1/46215] INFO  container.ReplicationManager (ReplicationManager.java:stop(329)) - Stopping Replication Monitor Thread.
2021-07-20 20:05:46,239 [Listener at 127.0.0.1/46215] INFO  server.StorageContainerManager (StorageContainerManager.java:stop(1344)) - Stopping the Datanode Admin Monitor.
2021-07-20 20:05:46,240 [Listener at 127.0.0.1/46215] INFO  server.StorageContainerManager (StorageContainerManager.java:stop(1351)) - Stopping Lease Manager of the command watchers
2021-07-20 20:05:46,240 [Listener at 127.0.0.1/46215] INFO  server.StorageContainerManager (StorageContainerManager.java:stop(1358)) - Stopping datanode service RPC server
2021-07-20 20:05:46,240 [Listener at 127.0.0.1/46215] INFO  server.SCMDatanodeProtocolServer (SCMDatanodeProtocolServer.java:stop(389)) - Stopping the RPC server for DataNodes
2021-07-20 20:05:46,240 [Listener at 127.0.0.1/46215] INFO  ipc.Server (Server.java:stop(3414)) - Stopping server on 34229
2021-07-20 20:05:46,242 [IPC Server listener on 0] INFO  ipc.Server (Server.java:run(1376)) - Stopping IPC Server listener on 0
2021-07-20 20:05:46,250 [IPC Server Responder] INFO  ipc.Server (Server.java:run(1512)) - Stopping IPC Server Responder
2021-07-20 20:05:46,350 [SCM Heartbeat Processing Thread - 0] WARN  node.NodeStateManager (NodeStateManager.java:scheduleNextHealthCheck(799)) - Current Thread is interrupted, shutting down HB processing thread for Node Manager.
2021-07-20 20:05:46,351 [Listener at 127.0.0.1/46215] INFO  server.StorageContainerManager (StorageContainerManager.java:stop(1366)) - Stopping block service RPC server
2021-07-20 20:05:46,351 [Listener at 127.0.0.1/46215] INFO  server.SCMBlockProtocolServer (SCMBlockProtocolServer.java:stop(160)) - Stopping the RPC server for Block Protocol
2021-07-20 20:05:46,351 [Listener at 127.0.0.1/46215] INFO  ipc.Server (Server.java:stop(3414)) - Stopping server on 42321
2021-07-20 20:05:46,353 [IPC Server listener on 0] INFO  ipc.Server (Server.java:run(1376)) - Stopping IPC Server listener on 0
2021-07-20 20:05:46,353 [Listener at 127.0.0.1/46215] INFO  server.StorageContainerManager (StorageContainerManager.java:stop(1373)) - Stopping the StorageContainerLocationProtocol RPC server
2021-07-20 20:05:46,353 [Listener at 127.0.0.1/46215] INFO  server.SCMClientProtocolServer (SCMClientProtocolServer.java:stop(174)) - Stopping the RPC server for Client Protocol
2021-07-20 20:05:46,353 [Listener at 127.0.0.1/46215] INFO  ipc.Server (Server.java:stop(3414)) - Stopping server on 36777
2021-07-20 20:05:46,355 [IPC Server Responder] INFO  ipc.Server (Server.java:run(1512)) - Stopping IPC Server Responder
2021-07-20 20:05:46,355 [Listener at 127.0.0.1/46215] INFO  server.StorageContainerManager (StorageContainerManager.java:stop(1380)) - Stopping Storage Container Manager HTTP server.
2021-07-20 20:05:46,355 [IPC Server listener on 0] INFO  ipc.Server (Server.java:run(1376)) - Stopping IPC Server listener on 0
2021-07-20 20:05:46,357 [IPC Server Responder] INFO  ipc.Server (Server.java:run(1512)) - Stopping IPC Server Responder
2021-07-20 20:05:46,358 [Listener at 127.0.0.1/46215] INFO  handler.ContextHandler (ContextHandler.java:doStop(1154)) - Stopped o.e.j.w.WebAppContext@3bdfb233{scm,/,null,STOPPED}{file:/home/runner/work/ozone/ozone/mnt/ozone/hadoop-ozone/integration-test/target/test-classes/webapps/scm}
2021-07-20 20:05:46,359 [Listener at 127.0.0.1/46215] INFO  server.AbstractConnector (AbstractConnector.java:doStop(381)) - Stopped ServerConnector@203c6a2e{HTTP/1.1, (http/1.1)}{0.0.0.0:0}
2021-07-20 20:05:46,360 [Listener at 127.0.0.1/46215] INFO  server.session (HouseKeeper.java:stopScavenging(149)) - node0 Stopped scavenging
2021-07-20 20:05:46,360 [Listener at 127.0.0.1/46215] INFO  handler.ContextHandler (ContextHandler.java:doStop(1154)) - Stopped o.e.j.s.ServletContextHandler@2f8b702b{static,/static,file:///home/runner/work/ozone/ozone/mnt/ozone/hadoop-ozone/integration-test/target/test-classes/webapps/static,STOPPED}
2021-07-20 20:05:46,360 [Listener at 127.0.0.1/46215] INFO  handler.ContextHandler (ContextHandler.java:doStop(1154)) - Stopped o.e.j.s.ServletContextHandler@315ed7db{logs,/logs,file:///home/runner/work/ozone/ozone/mnt/ozone/hadoop-ozone/integration-test/target/log,STOPPED}
2021-07-20 20:05:46,361 [Listener at 127.0.0.1/46215] INFO  server.StorageContainerManager (StorageContainerManager.java:stop(1391)) - Stopping Block Manager Service.
2021-07-20 20:05:46,361 [Listener at 127.0.0.1/46215] INFO  utils.BackgroundService (BackgroundService.java:shutdown(132)) - Shutting down service SCMBlockDeletingService
2021-07-20 20:05:46,362 [Listener at 127.0.0.1/46215] INFO  utils.BackgroundService (BackgroundService.java:shutdown(132)) - Shutting down service SCMBlockDeletingService
2021-07-20 20:05:46,362 [Listener at 127.0.0.1/46215] INFO  server.StorageContainerManager (StorageContainerManager.java:stop(1418)) - Stopping SCM Event Queue.
2021-07-20 20:05:46,364 [Listener at 127.0.0.1/46215] INFO  server.StorageContainerManager (StorageContainerManager.java:stop(1429)) - Stopping SCM HA services.
2021-07-20 20:05:46,364 [Listener at 127.0.0.1/46215] INFO  pipeline.BackgroundPipelineCreator (BackgroundPipelineCreatorV2.java:stop(158)) - Stopping RatisPipelineUtilsThread.
2021-07-20 20:05:46,365 [Listener at 127.0.0.1/46215] INFO  server.StorageContainerManager (StorageContainerManager.java:stop(1439)) - Stopping SCM MetadataStore.
2021-07-20 20:05:46,366 [Listener at 127.0.0.1/46215] INFO  impl.MetricsSystemImpl (MetricsSystemImpl.java:stop(210)) - Stopping HddsDatanode metrics system...
2021-07-20 20:05:46,368 [prometheus] INFO  impl.MetricsSinkAdapter (MetricsSinkAdapter.java:publishMetricsFromQueue(141)) - prometheus thread interrupted.
2021-07-20 20:05:46,369 [Listener at 127.0.0.1/46215] INFO  impl.MetricsSystemImpl (MetricsSystemImpl.java:stop(216)) - HddsDatanode metrics system stopped.
]]></system-out>
  </testcase>
</testsuite>