<?xml version="1.0" encoding="UTF-8"?>
<testsuite xmlns:xsi="http://www.w3.org/2001/XMLSchema-instance" xsi:noNamespaceSchemaLocation="https://maven.apache.org/surefire/maven-surefire-plugin/xsd/surefire-test-report.xsd" version="3.0.2" name="org.apache.hadoop.ozone.container.common.transport.server.ratis.TestContainerStateMachineFollower" time="4.659" tests="5" errors="0" skipped="0" failures="1">
  <properties>
    <property name="java.specification.version" value="21"/>
    <property name="sun.jnu.encoding" value="UTF-8"/>
    <property name="java.class.path" value="/home/runner/work/ozone/ozone/hadoop-hdds/container-service/target/test-classes:/home/runner/work/ozone/ozone/hadoop-hdds/container-service/target/classes:/home/runner/.m2/repository/com/fasterxml/jackson/core/jackson-annotations/2.16.2/jackson-annotations-2.16.2.jar:/home/runner/.m2/repository/com/fasterxml/jackson/core/jackson-databind/2.16.2/jackson-databind-2.16.2.jar:/home/runner/.m2/repository/com/fasterxml/jackson/core/jackson-core/2.16.2/jackson-core-2.16.2.jar:/home/runner/.m2/repository/com/github/stephenc/jcip/jcip-annotations/1.0-1/jcip-annotations-1.0-1.jar:/home/runner/.m2/repository/com/google/guava/guava/33.5.0-jre/guava-33.5.0-jre.jar:/home/runner/.m2/repository/com/google/guava/failureaccess/1.0.3/failureaccess-1.0.3.jar:/home/runner/.m2/repository/com/google/guava/listenablefuture/9999.0-empty-to-avoid-conflict-with-guava/listenablefuture-9999.0-empty-to-avoid-conflict-with-guava.jar:/home/runner/.m2/repository/org/jspecify/jspecify/1.0.0/jspecify-1.0.0.jar:/home/runner/.m2/repository/com/google/errorprone/error_prone_annotations/2.29.2/error_prone_annotations-2.29.2.jar:/home/runner/.m2/repository/com/google/j2objc/j2objc-annotations/3.1/j2objc-annotations-3.1.jar:/home/runner/.m2/repository/com/google/protobuf/protobuf-java/2.5.0/protobuf-java-2.5.0.jar:/home/runner/.m2/repository/commons-codec/commons-codec/1.18.0/commons-codec-1.18.0.jar:/home/runner/.m2/repository/commons-io/commons-io/2.18.0/commons-io-2.18.0.jar:/home/runner/.m2/repository/info/picocli/picocli/4.7.7/picocli-4.7.7.jar:/home/runner/.m2/repository/io/netty/netty-buffer/4.1.119.Final/netty-buffer-4.1.119.Final.jar:/home/runner/.m2/repository/io/netty/netty-codec/4.1.119.Final/netty-codec-4.1.119.Final.jar:/home/runner/.m2/repository/io/netty/netty-common/4.1.119.Final/netty-common-4.1.119.Final.jar:/home/runner/.m2/repository/io/netty/netty-handler/4.1.119.Final/netty-handler-4.1.119.Final.jar:/home/runner/.m2/repository/io/netty/netty-resolver/4.1.119.Final/netty-resolver-4.1.119.Final.jar:/home/runner/.m2/repository/io/netty/netty-transport-native-unix-common/4.1.119.Final/netty-transport-native-unix-common-4.1.119.Final.jar:/home/runner/.m2/repository/io/netty/netty-transport/4.1.119.Final/netty-transport-4.1.119.Final.jar:/home/runner/.m2/repository/io/opentelemetry/opentelemetry-api/1.54.1/opentelemetry-api-1.54.1.jar:/home/runner/.m2/repository/io/opentelemetry/opentelemetry-context/1.54.1/opentelemetry-context-1.54.1.jar:/home/runner/.m2/repository/io/opentelemetry/opentelemetry-common/1.54.1/opentelemetry-common-1.54.1.jar:/home/runner/.m2/repository/jakarta/annotation/jakarta.annotation-api/2.1.1/jakarta.annotation-api-2.1.1.jar:/home/runner/.m2/repository/org/apache/commons/commons-collections4/4.4/commons-collections4-4.4.jar:/home/runner/.m2/repository/org/apache/commons/commons-compress/1.27.1/commons-compress-1.27.1.jar:/home/runner/.m2/repository/org/apache/commons/commons-lang3/3.18.0/commons-lang3-3.18.0.jar:/home/runner/.m2/repository/org/apache/commons/commons-text/1.13.1/commons-text-1.13.1.jar:/home/runner/.m2/repository/org/apache/hadoop/hadoop-auth/3.4.2/hadoop-auth-3.4.2.jar:/home/runner/.m2/repository/org/apache/httpcomponents/httpclient/4.5.14/httpclient-4.5.14.jar:/home/runner/.m2/repository/com/nimbusds/nimbus-jose-jwt/10.4/nimbus-jose-jwt-10.4.jar:/home/runner/.m2/repository/io/dropwizard/metrics/metrics-core/3.2.6/metrics-core-3.2.6.jar:/home/runner/.m2/repository/org/apache/kerby/kerb-core/1.0.1/kerb-core-1.0.1.jar:/home/runner/.m2/repository/org/apache/kerby/kerby-pkix/1.0.1/kerby-pkix-1.0.1.jar:/home/runner/.m2/repository/org/apache/kerby/kerby-asn1/1.0.1/kerby-asn1-1.0.1.jar:/home/runner/.m2/repository/org/apache/kerby/kerby-util/1.0.1/kerby-util-1.0.1.jar:/home/runner/.m2/repository/org/apache/kerby/kerb-util/1.0.1/kerb-util-1.0.1.jar:/home/runner/.m2/repository/org/apache/kerby/kerby-config/1.0.1/kerby-config-1.0.1.jar:/home/runner/.m2/repository/org/apache/kerby/kerb-crypto/1.0.1/kerb-crypto-1.0.1.jar:/home/runner/.m2/repository/org/apache/hadoop/thirdparty/hadoop-shaded-guava/1.4.0/hadoop-shaded-guava-1.4.0.jar:/home/runner/.m2/repository/org/apache/hadoop/hadoop-common/3.4.2/hadoop-common-3.4.2.jar:/home/runner/.m2/repository/org/apache/hadoop/thirdparty/hadoop-shaded-protobuf_3_25/1.4.0/hadoop-shaded-protobuf_3_25-1.4.0.jar:/home/runner/.m2/repository/org/apache/hadoop/hadoop-annotations/3.4.2/hadoop-annotations-3.4.2.jar:/home/runner/.m2/repository/commons-cli/commons-cli/1.8.0/commons-cli-1.8.0.jar:/home/runner/.m2/repository/commons-net/commons-net/3.11.1/commons-net-3.11.1.jar:/home/runner/.m2/repository/javax/servlet/javax.servlet-api/3.1.0/javax.servlet-api-3.1.0.jar:/home/runner/.m2/repository/jakarta/activation/jakarta.activation-api/1.2.2/jakarta.activation-api-1.2.2.jar:/home/runner/.m2/repository/org/eclipse/jetty/jetty-server/9.4.58.v20250814/jetty-server-9.4.58.v20250814.jar:/home/runner/.m2/repository/org/eclipse/jetty/jetty-io/9.4.58.v20250814/jetty-io-9.4.58.v20250814.jar:/home/runner/.m2/repository/org/eclipse/jetty/jetty-util/9.4.58.v20250814/jetty-util-9.4.58.v20250814.jar:/home/runner/.m2/repository/org/eclipse/jetty/jetty-servlet/9.4.58.v20250814/jetty-servlet-9.4.58.v20250814.jar:/home/runner/.m2/repository/org/eclipse/jetty/jetty-security/9.4.58.v20250814/jetty-security-9.4.58.v20250814.jar:/home/runner/.m2/repository/org/eclipse/jetty/jetty-webapp/9.4.58.v20250814/jetty-webapp-9.4.58.v20250814.jar:/home/runner/.m2/repository/org/eclipse/jetty/jetty-xml/9.4.58.v20250814/jetty-xml-9.4.58.v20250814.jar:/home/runner/.m2/repository/javax/servlet/jsp/jsp-api/2.1/jsp-api-2.1.jar:/home/runner/.m2/repository/org/codehaus/jettison/jettison/1.5.4/jettison-1.5.4.jar:/home/runner/.m2/repository/org/apache/commons/commons-configuration2/2.12.0/commons-configuration2-2.12.0.jar:/home/runner/.m2/repository/com/google/re2j/re2j/1.7/re2j-1.7.jar:/home/runner/.m2/repository/com/google/code/gson/gson/2.13.1/gson-2.13.1.jar:/home/runner/.m2/repository/com/jcraft/jsch/0.1.55/jsch-0.1.55.jar:/home/runner/.m2/repository/io/netty/netty-transport-native-epoll/4.1.119.Final/netty-transport-native-epoll-4.1.119.Final.jar:/home/runner/.m2/repository/io/netty/netty-transport-classes-epoll/4.1.119.Final/netty-transport-classes-epoll-4.1.119.Final.jar:/home/runner/.m2/repository/org/bouncycastle/bcprov-jdk18on/1.81/bcprov-jdk18on-1.81.jar:/home/runner/.m2/repository/org/codehaus/woodstox/stax2-api/4.2.1/stax2-api-4.2.1.jar:/home/runner/.m2/repository/com/fasterxml/woodstox/woodstox-core/5.4.0/woodstox-core-5.4.0.jar:/home/runner/.m2/repository/dnsjava/dnsjava/3.6.1/dnsjava-3.6.1.jar:/home/runner/.m2/repository/org/apache/hadoop/hadoop-hdfs/3.4.2/hadoop-hdfs-3.4.2.jar:/home/runner/.m2/repository/org/eclipse/jetty/jetty-util-ajax/9.4.58.v20250814/jetty-util-ajax-9.4.58.v20250814.jar:/home/runner/.m2/repository/commons-daemon/commons-daemon/1.4.0/commons-daemon-1.4.0.jar:/home/runner/.m2/repository/org/apache/logging/log4j/log4j-api/2.25.0/log4j-api-2.25.0.jar:/home/runner/work/ozone/ozone/hadoop-hdds/client/target/hdds-client-2.1.0-SNAPSHOT.jar:/home/runner/work/ozone/ozone/hadoop-hdds/erasurecode/target/hdds-erasurecode-2.1.0-SNAPSHOT.jar:/home/runner/work/ozone/ozone/hadoop-hdds/common/target/hdds-common-2.1.0-SNAPSHOT.jar:/home/runner/.m2/repository/com/fasterxml/jackson/datatype/jackson-datatype-jsr310/2.16.2/jackson-datatype-jsr310-2.16.2.jar:/home/runner/.m2/repository/commons-validator/commons-validator/1.10.0/commons-validator-1.10.0.jar:/home/runner/.m2/repository/commons-beanutils/commons-beanutils/1.11.0/commons-beanutils-1.11.0.jar:/home/runner/.m2/repository/commons-digester/commons-digester/2.1/commons-digester-2.1.jar:/home/runner/.m2/repository/commons-collections/commons-collections/3.2.2/commons-collections-3.2.2.jar:/home/runner/.m2/repository/io/opentelemetry/opentelemetry-exporter-otlp/1.54.1/opentelemetry-exporter-otlp-1.54.1.jar:/home/runner/.m2/repository/io/opentelemetry/opentelemetry-sdk-metrics/1.54.1/opentelemetry-sdk-metrics-1.54.1.jar:/home/runner/.m2/repository/io/opentelemetry/opentelemetry-sdk-logs/1.54.1/opentelemetry-sdk-logs-1.54.1.jar:/home/runner/.m2/repository/io/opentelemetry/opentelemetry-exporter-otlp-common/1.54.1/opentelemetry-exporter-otlp-common-1.54.1.jar:/home/runner/.m2/repository/io/opentelemetry/opentelemetry-exporter-common/1.54.1/opentelemetry-exporter-common-1.54.1.jar:/home/runner/.m2/repository/io/opentelemetry/opentelemetry-exporter-sender-okhttp/1.54.1/opentelemetry-exporter-sender-okhttp-1.54.1.jar:/home/runner/.m2/repository/com/squareup/okhttp3/okhttp-jvm/5.1.0/okhttp-jvm-5.1.0.jar:/home/runner/.m2/repository/com/squareup/okio/okio-jvm/3.15.0/okio-jvm-3.15.0.jar:/home/runner/.m2/repository/org/jetbrains/kotlin/kotlin-stdlib/1.9.25/kotlin-stdlib-1.9.25.jar:/home/runner/.m2/repository/org/jetbrains/annotations/13.0/annotations-13.0.jar:/home/runner/.m2/repository/io/opentelemetry/opentelemetry-sdk-extension-autoconfigure-spi/1.54.1/opentelemetry-sdk-extension-autoconfigure-spi-1.54.1.jar:/home/runner/.m2/repository/io/opentelemetry/opentelemetry-sdk/1.54.1/opentelemetry-sdk-1.54.1.jar:/home/runner/.m2/repository/io/opentelemetry/opentelemetry-sdk-common/1.54.1/opentelemetry-sdk-common-1.54.1.jar:/home/runner/.m2/repository/io/opentelemetry/opentelemetry-sdk-trace/1.54.1/opentelemetry-sdk-trace-1.54.1.jar:/home/runner/.m2/repository/jakarta/xml/bind/jakarta.xml.bind-api/2.3.3/jakarta.xml.bind-api-2.3.3.jar:/home/runner/.m2/repository/org/apache/commons/commons-pool2/2.12.1/commons-pool2-2.12.1.jar:/home/runner/.m2/repository/org/bouncycastle/bcpkix-jdk18on/1.81/bcpkix-jdk18on-1.81.jar:/home/runner/.m2/repository/org/bouncycastle/bcutil-jdk18on/1.81/bcutil-jdk18on-1.81.jar:/home/runner/.m2/repository/org/apache/ratis/ratis-metrics-dropwizard3/3.2.0/ratis-metrics-dropwizard3-3.2.0.jar:/home/runner/.m2/repository/org/slf4j/jcl-over-slf4j/2.0.17/jcl-over-slf4j-2.0.17.jar:/home/runner/.m2/repository/org/slf4j/slf4j-reload4j/2.0.17/slf4j-reload4j-2.0.17.jar:/home/runner/work/ozone/ozone/hadoop-hdds/config/target/hdds-config-2.1.0-SNAPSHOT.jar:/home/runner/work/ozone/ozone/hadoop-hdds/interface-client/target/hdds-interface-client-2.1.0-SNAPSHOT.jar:/home/runner/work/ozone/ozone/hadoop-hdds/interface-server/target/hdds-interface-server-2.1.0-SNAPSHOT.jar:/home/runner/work/ozone/ozone/hadoop-hdds/managed-rocksdb/target/hdds-managed-rocksdb-2.1.0-SNAPSHOT.jar:/home/runner/work/ozone/ozone/hadoop-hdds/framework/target/hdds-server-framework-2.1.0-SNAPSHOT.jar:/home/runner/.m2/repository/com/github/jnr/jnr-constants/0.10.4/jnr-constants-0.10.4.jar:/home/runner/.m2/repository/com/github/jnr/jnr-posix/3.1.20/jnr-posix-3.1.20.jar:/home/runner/.m2/repository/com/github/jnr/jnr-ffi/2.2.17/jnr-ffi-2.2.17.jar:/home/runner/.m2/repository/com/github/jnr/jffi/1.3.13/jffi-1.3.13.jar:/home/runner/.m2/repository/com/github/jnr/jffi/1.3.13/jffi-1.3.13-native.jar:/home/runner/.m2/repository/org/ow2/asm/asm/9.7.1/asm-9.7.1.jar:/home/runner/.m2/repository/org/ow2/asm/asm-commons/9.7.1/asm-commons-9.7.1.jar:/home/runner/.m2/repository/org/ow2/asm/asm-analysis/9.7.1/asm-analysis-9.7.1.jar:/home/runner/.m2/repository/org/ow2/asm/asm-tree/9.7.1/asm-tree-9.7.1.jar:/home/runner/.m2/repository/org/ow2/asm/asm-util/9.7.1/asm-util-9.7.1.jar:/home/runner/.m2/repository/com/github/jnr/jnr-a64asm/1.0.0/jnr-a64asm-1.0.0.jar:/home/runner/.m2/repository/com/github/jnr/jnr-x86asm/1.0.2/jnr-x86asm-1.0.2.jar:/home/runner/.m2/repository/commons-fileupload/commons-fileupload/1.6.0/commons-fileupload-1.6.0.jar:/home/runner/.m2/repository/io/grpc/grpc-api/1.71.0/grpc-api-1.71.0.jar:/home/runner/.m2/repository/io/prometheus/simpleclient/0.16.0/simpleclient-0.16.0.jar:/home/runner/.m2/repository/io/prometheus/simpleclient_common/0.16.0/simpleclient_common-0.16.0.jar:/home/runner/.m2/repository/io/prometheus/simpleclient_dropwizard/0.16.0/simpleclient_dropwizard-0.16.0.jar:/home/runner/.m2/repository/jakarta/ws/rs/jakarta.ws.rs-api/2.1.6/jakarta.ws.rs-api-2.1.6.jar:/home/runner/work/ozone/ozone/hadoop-hdds/interface-admin/target/hdds-interface-admin-2.1.0-SNAPSHOT.jar:/home/runner/work/ozone/ozone/hadoop-hdds/rocksdb-checkpoint-differ/target/rocksdb-checkpoint-differ-2.1.0-SNAPSHOT.jar:/home/runner/work/ozone/ozone/hadoop-hdds/rocks-native/target/hdds-rocks-native-2.1.0-SNAPSHOT.jar:/home/runner/.m2/repository/org/apache/ratis/ratis-metrics-api/3.2.0/ratis-metrics-api-3.2.0.jar:/home/runner/.m2/repository/org/eclipse/jetty/jetty-http/9.4.58.v20250814/jetty-http-9.4.58.v20250814.jar:/home/runner/.m2/repository/org/glassfish/jersey/containers/jersey-container-servlet-core/2.47/jersey-container-servlet-core-2.47.jar:/home/runner/.m2/repository/org/glassfish/hk2/external/jakarta.inject/2.6.1/jakarta.inject-2.6.1.jar:/home/runner/.m2/repository/org/glassfish/jersey/core/jersey-common/2.47/jersey-common-2.47.jar:/home/runner/.m2/repository/org/glassfish/hk2/osgi-resource-locator/1.0.3/osgi-resource-locator-1.0.3.jar:/home/runner/.m2/repository/org/glassfish/jersey/core/jersey-server/2.47/jersey-server-2.47.jar:/home/runner/.m2/repository/org/glassfish/jersey/core/jersey-client/2.47/jersey-client-2.47.jar:/home/runner/.m2/repository/jakarta/validation/jakarta.validation-api/2.0.2/jakarta.validation-api-2.0.2.jar:/home/runner/.m2/repository/org/reflections/reflections/0.10.2/reflections-0.10.2.jar:/home/runner/.m2/repository/org/javassist/javassist/3.30.2-GA/javassist-3.30.2-GA.jar:/home/runner/.m2/repository/com/lmax/disruptor/3.4.4/disruptor-3.4.4.jar:/home/runner/.m2/repository/org/apache/logging/log4j/log4j-core/2.25.0/log4j-core-2.25.0.jar:/home/runner/.m2/repository/org/xerial/snappy/snappy-java/1.1.10.8/snappy-java-1.1.10.8.jar:/home/runner/.m2/repository/org/apache/ratis/ratis-client/3.2.0/ratis-client-3.2.0.jar:/home/runner/.m2/repository/org/apache/ratis/ratis-common/3.2.0/ratis-common-3.2.0.jar:/home/runner/.m2/repository/org/apache/ratis/ratis-grpc/3.2.0/ratis-grpc-3.2.0.jar:/home/runner/.m2/repository/org/apache/ratis/ratis-netty/3.2.0/ratis-netty-3.2.0.jar:/home/runner/.m2/repository/org/apache/ratis/ratis-proto/3.2.0/ratis-proto-3.2.0.jar:/home/runner/.m2/repository/org/apache/ratis/ratis-server/3.2.0/ratis-server-3.2.0.jar:/home/runner/.m2/repository/org/apache/ratis/ratis-server-api/3.2.0/ratis-server-api-3.2.0.jar:/home/runner/.m2/repository/org/apache/ratis/ratis-thirdparty-misc/1.0.9/ratis-thirdparty-misc-1.0.9.jar:/home/runner/.m2/repository/org/rocksdb/rocksdbjni/7.7.3/rocksdbjni-7.7.3.jar:/home/runner/.m2/repository/org/slf4j/slf4j-api/2.0.17/slf4j-api-2.0.17.jar:/home/runner/.m2/repository/org/yaml/snakeyaml/2.5/snakeyaml-2.5.jar:/home/runner/work/ozone/ozone/hadoop-hdds/docs/target/hdds-docs-2.1.0-SNAPSHOT.jar:/home/runner/.m2/repository/com/github/luben/zstd-jni/1.5.7-5/zstd-jni-1.5.7-5.jar:/home/runner/.m2/repository/log4j/apache-log4j-extras/1.2.17/apache-log4j-extras-1.2.17.jar:/home/runner/.m2/repository/org/apache/hadoop/hadoop-hdfs-client/3.4.2/hadoop-hdfs-client-3.4.2.jar:/home/runner/.m2/repository/org/apache/httpcomponents/httpcore/4.4.16/httpcore-4.4.16.jar:/home/runner/.m2/repository/org/glassfish/jaxb/jaxb-runtime/2.3.9/jaxb-runtime-2.3.9.jar:/home/runner/.m2/repository/org/glassfish/jaxb/txw2/2.3.9/txw2-2.3.9.jar:/home/runner/.m2/repository/com/sun/istack/istack-commons-runtime/3.0.12/istack-commons-runtime-3.0.12.jar:/home/runner/.m2/repository/com/sun/activation/jakarta.activation/1.2.2/jakarta.activation-1.2.2.jar:/home/runner/.m2/repository/ch/qos/reload4j/reload4j/1.2.26/reload4j-1.2.26.jar:/home/runner/.m2/repository/org/apache/hadoop/hadoop-common/3.4.2/hadoop-common-3.4.2-tests.jar:/home/runner/.m2/repository/org/apache/commons/commons-math3/3.6.1/commons-math3-3.6.1.jar:/home/runner/.m2/repository/com/sun/jersey/jersey-core/1.19.4/jersey-core-1.19.4.jar:/home/runner/.m2/repository/javax/ws/rs/jsr311-api/1.1.1/jsr311-api-1.1.1.jar:/home/runner/.m2/repository/com/sun/jersey/jersey-servlet/1.19.4/jersey-servlet-1.19.4.jar:/home/runner/.m2/repository/com/github/pjfanning/jersey-json/1.22.0/jersey-json-1.22.0.jar:/home/runner/.m2/repository/com/sun/xml/bind/jaxb-impl/2.2.3-1/jaxb-impl-2.2.3-1.jar:/home/runner/.m2/repository/javax/xml/bind/jaxb-api/2.2.2/jaxb-api-2.2.2.jar:/home/runner/.m2/repository/javax/xml/stream/stax-api/1.0-2/stax-api-1.0-2.jar:/home/runner/.m2/repository/javax/activation/activation/1.1/activation-1.1.jar:/home/runner/.m2/repository/com/sun/jersey/jersey-server/1.19.4/jersey-server-1.19.4.jar:/home/runner/.m2/repository/org/apache/avro/avro/1.11.4/avro-1.11.4.jar:/home/runner/.m2/repository/org/apache/curator/curator-client/4.2.0/curator-client-4.2.0.jar:/home/runner/.m2/repository/org/apache/curator/curator-recipes/5.2.0/curator-recipes-5.2.0.jar:/home/runner/.m2/repository/org/apache/curator/curator-framework/4.2.0/curator-framework-4.2.0.jar:/home/runner/.m2/repository/com/google/code/findbugs/jsr305/3.0.2/jsr305-3.0.2.jar:/home/runner/.m2/repository/org/apache/zookeeper/zookeeper/3.8.4/zookeeper-3.8.4.jar:/home/runner/.m2/repository/org/apache/zookeeper/zookeeper-jute/3.8.4/zookeeper-jute-3.8.4.jar:/home/runner/.m2/repository/org/apache/yetus/audience-annotations/0.12.0/audience-annotations-0.12.0.jar:/home/runner/work/ozone/ozone/hadoop-hdds/common/target/hdds-common-2.1.0-SNAPSHOT-tests.jar:/home/runner/work/ozone/ozone/hadoop-hdds/framework/target/hdds-server-framework-2.1.0-SNAPSHOT-tests.jar:/home/runner/work/ozone/ozone/hadoop-hdds/test-utils/target/hdds-test-utils-2.1.0-SNAPSHOT-tests.jar:/home/runner/.m2/repository/org/assertj/assertj-core/3.27.6/assertj-core-3.27.6.jar:/home/runner/.m2/repository/net/bytebuddy/byte-buddy/1.17.7/byte-buddy-1.17.7.jar:/home/runner/.m2/repository/org/junit/jupiter/junit-jupiter-api/5.14.0/junit-jupiter-api-5.14.0.jar:/home/runner/.m2/repository/org/opentest4j/opentest4j/1.3.0/opentest4j-1.3.0.jar:/home/runner/.m2/repository/org/junit/platform/junit-platform-commons/1.14.0/junit-platform-commons-1.14.0.jar:/home/runner/.m2/repository/org/apiguardian/apiguardian-api/1.1.2/apiguardian-api-1.1.2.jar:/home/runner/.m2/repository/org/junit/jupiter/junit-jupiter-params/5.14.0/junit-jupiter-params-5.14.0.jar:/home/runner/.m2/repository/org/mockito/mockito-core/4.11.0/mockito-core-4.11.0.jar:/home/runner/.m2/repository/net/bytebuddy/byte-buddy-agent/1.12.19/byte-buddy-agent-1.12.19.jar:/home/runner/.m2/repository/org/objenesis/objenesis/3.3/objenesis-3.3.jar:/home/runner/.m2/repository/org/mockito/mockito-inline/4.11.0/mockito-inline-4.11.0.jar:/home/runner/.m2/repository/org/mockito/mockito-junit-jupiter/4.11.0/mockito-junit-jupiter-4.11.0.jar:/home/runner/work/ozone/ozone/hadoop-hdds/container-service/target/gradle-enterprise/test-listeners.jar:"/>
    <property name="java.vm.vendor" value="Eclipse Adoptium"/>
    <property name="sun.arch.data.model" value="64"/>
    <property name="test.build.dir" value="/home/runner/work/ozone/ozone/hadoop-hdds/container-service/target/test-dir"/>
    <property name="test.cache.data" value=""/>
    <property name="java.vendor.url" value="https://adoptium.net/"/>
    <property name="user.timezone" value="Etc/UTC"/>
    <property name="maven-surefire-plugin.argLineAccessArgs" value=" --add-opens java.management/com.sun.jmx.mbeanserver=ALL-UNNAMED --add-exports java.management/com.sun.jmx.mbeanserver=ALL-UNNAMED --add-opens java.base/java.nio=ALL-UNNAMED --add-opens java.base/java.lang=ALL-UNNAMED --add-opens java.base/java.lang.reflect=ALL-UNNAMED"/>
    <property name="os.name" value="Linux"/>
    <property name="java.vm.specification.version" value="21"/>
    <property name="test.build.data" value="/home/runner/work/ozone/ozone/hadoop-hdds/container-service/target/test-dir"/>
    <property name="sun.java.launcher" value="SUN_STANDARD"/>
    <property name="sun.boot.library.path" value="/usr/lib/jvm/temurin-21-jdk-amd64/lib"/>
    <property name="sun.java.command" value="/home/runner/work/ozone/ozone/hadoop-hdds/container-service/target/surefire/surefirebooter-20251014184851727_1036.jar /home/runner/work/ozone/ozone/hadoop-hdds/container-service/target/surefire 2025-10-14T18-47-15_487-jvmRun1 surefire-20251014184851727_1034tmp surefire_53-20251014184851727_1035tmp"/>
    <property name="jdk.debug" value="release"/>
    <property name="native.lib.tmp.dir" value="/tmp"/>
    <property name="surefire.test.class.path" value="/home/runner/work/ozone/ozone/hadoop-hdds/container-service/target/test-classes:/home/runner/work/ozone/ozone/hadoop-hdds/container-service/target/classes:/home/runner/.m2/repository/com/fasterxml/jackson/core/jackson-annotations/2.16.2/jackson-annotations-2.16.2.jar:/home/runner/.m2/repository/com/fasterxml/jackson/core/jackson-databind/2.16.2/jackson-databind-2.16.2.jar:/home/runner/.m2/repository/com/fasterxml/jackson/core/jackson-core/2.16.2/jackson-core-2.16.2.jar:/home/runner/.m2/repository/com/github/stephenc/jcip/jcip-annotations/1.0-1/jcip-annotations-1.0-1.jar:/home/runner/.m2/repository/com/google/guava/guava/33.5.0-jre/guava-33.5.0-jre.jar:/home/runner/.m2/repository/com/google/guava/failureaccess/1.0.3/failureaccess-1.0.3.jar:/home/runner/.m2/repository/com/google/guava/listenablefuture/9999.0-empty-to-avoid-conflict-with-guava/listenablefuture-9999.0-empty-to-avoid-conflict-with-guava.jar:/home/runner/.m2/repository/org/jspecify/jspecify/1.0.0/jspecify-1.0.0.jar:/home/runner/.m2/repository/com/google/errorprone/error_prone_annotations/2.29.2/error_prone_annotations-2.29.2.jar:/home/runner/.m2/repository/com/google/j2objc/j2objc-annotations/3.1/j2objc-annotations-3.1.jar:/home/runner/.m2/repository/com/google/protobuf/protobuf-java/2.5.0/protobuf-java-2.5.0.jar:/home/runner/.m2/repository/commons-codec/commons-codec/1.18.0/commons-codec-1.18.0.jar:/home/runner/.m2/repository/commons-io/commons-io/2.18.0/commons-io-2.18.0.jar:/home/runner/.m2/repository/info/picocli/picocli/4.7.7/picocli-4.7.7.jar:/home/runner/.m2/repository/io/netty/netty-buffer/4.1.119.Final/netty-buffer-4.1.119.Final.jar:/home/runner/.m2/repository/io/netty/netty-codec/4.1.119.Final/netty-codec-4.1.119.Final.jar:/home/runner/.m2/repository/io/netty/netty-common/4.1.119.Final/netty-common-4.1.119.Final.jar:/home/runner/.m2/repository/io/netty/netty-handler/4.1.119.Final/netty-handler-4.1.119.Final.jar:/home/runner/.m2/repository/io/netty/netty-resolver/4.1.119.Final/netty-resolver-4.1.119.Final.jar:/home/runner/.m2/repository/io/netty/netty-transport-native-unix-common/4.1.119.Final/netty-transport-native-unix-common-4.1.119.Final.jar:/home/runner/.m2/repository/io/netty/netty-transport/4.1.119.Final/netty-transport-4.1.119.Final.jar:/home/runner/.m2/repository/io/opentelemetry/opentelemetry-api/1.54.1/opentelemetry-api-1.54.1.jar:/home/runner/.m2/repository/io/opentelemetry/opentelemetry-context/1.54.1/opentelemetry-context-1.54.1.jar:/home/runner/.m2/repository/io/opentelemetry/opentelemetry-common/1.54.1/opentelemetry-common-1.54.1.jar:/home/runner/.m2/repository/jakarta/annotation/jakarta.annotation-api/2.1.1/jakarta.annotation-api-2.1.1.jar:/home/runner/.m2/repository/org/apache/commons/commons-collections4/4.4/commons-collections4-4.4.jar:/home/runner/.m2/repository/org/apache/commons/commons-compress/1.27.1/commons-compress-1.27.1.jar:/home/runner/.m2/repository/org/apache/commons/commons-lang3/3.18.0/commons-lang3-3.18.0.jar:/home/runner/.m2/repository/org/apache/commons/commons-text/1.13.1/commons-text-1.13.1.jar:/home/runner/.m2/repository/org/apache/hadoop/hadoop-auth/3.4.2/hadoop-auth-3.4.2.jar:/home/runner/.m2/repository/org/apache/httpcomponents/httpclient/4.5.14/httpclient-4.5.14.jar:/home/runner/.m2/repository/com/nimbusds/nimbus-jose-jwt/10.4/nimbus-jose-jwt-10.4.jar:/home/runner/.m2/repository/io/dropwizard/metrics/metrics-core/3.2.6/metrics-core-3.2.6.jar:/home/runner/.m2/repository/org/apache/kerby/kerb-core/1.0.1/kerb-core-1.0.1.jar:/home/runner/.m2/repository/org/apache/kerby/kerby-pkix/1.0.1/kerby-pkix-1.0.1.jar:/home/runner/.m2/repository/org/apache/kerby/kerby-asn1/1.0.1/kerby-asn1-1.0.1.jar:/home/runner/.m2/repository/org/apache/kerby/kerby-util/1.0.1/kerby-util-1.0.1.jar:/home/runner/.m2/repository/org/apache/kerby/kerb-util/1.0.1/kerb-util-1.0.1.jar:/home/runner/.m2/repository/org/apache/kerby/kerby-config/1.0.1/kerby-config-1.0.1.jar:/home/runner/.m2/repository/org/apache/kerby/kerb-crypto/1.0.1/kerb-crypto-1.0.1.jar:/home/runner/.m2/repository/org/apache/hadoop/thirdparty/hadoop-shaded-guava/1.4.0/hadoop-shaded-guava-1.4.0.jar:/home/runner/.m2/repository/org/apache/hadoop/hadoop-common/3.4.2/hadoop-common-3.4.2.jar:/home/runner/.m2/repository/org/apache/hadoop/thirdparty/hadoop-shaded-protobuf_3_25/1.4.0/hadoop-shaded-protobuf_3_25-1.4.0.jar:/home/runner/.m2/repository/org/apache/hadoop/hadoop-annotations/3.4.2/hadoop-annotations-3.4.2.jar:/home/runner/.m2/repository/commons-cli/commons-cli/1.8.0/commons-cli-1.8.0.jar:/home/runner/.m2/repository/commons-net/commons-net/3.11.1/commons-net-3.11.1.jar:/home/runner/.m2/repository/javax/servlet/javax.servlet-api/3.1.0/javax.servlet-api-3.1.0.jar:/home/runner/.m2/repository/jakarta/activation/jakarta.activation-api/1.2.2/jakarta.activation-api-1.2.2.jar:/home/runner/.m2/repository/org/eclipse/jetty/jetty-server/9.4.58.v20250814/jetty-server-9.4.58.v20250814.jar:/home/runner/.m2/repository/org/eclipse/jetty/jetty-io/9.4.58.v20250814/jetty-io-9.4.58.v20250814.jar:/home/runner/.m2/repository/org/eclipse/jetty/jetty-util/9.4.58.v20250814/jetty-util-9.4.58.v20250814.jar:/home/runner/.m2/repository/org/eclipse/jetty/jetty-servlet/9.4.58.v20250814/jetty-servlet-9.4.58.v20250814.jar:/home/runner/.m2/repository/org/eclipse/jetty/jetty-security/9.4.58.v20250814/jetty-security-9.4.58.v20250814.jar:/home/runner/.m2/repository/org/eclipse/jetty/jetty-webapp/9.4.58.v20250814/jetty-webapp-9.4.58.v20250814.jar:/home/runner/.m2/repository/org/eclipse/jetty/jetty-xml/9.4.58.v20250814/jetty-xml-9.4.58.v20250814.jar:/home/runner/.m2/repository/javax/servlet/jsp/jsp-api/2.1/jsp-api-2.1.jar:/home/runner/.m2/repository/org/codehaus/jettison/jettison/1.5.4/jettison-1.5.4.jar:/home/runner/.m2/repository/org/apache/commons/commons-configuration2/2.12.0/commons-configuration2-2.12.0.jar:/home/runner/.m2/repository/com/google/re2j/re2j/1.7/re2j-1.7.jar:/home/runner/.m2/repository/com/google/code/gson/gson/2.13.1/gson-2.13.1.jar:/home/runner/.m2/repository/com/jcraft/jsch/0.1.55/jsch-0.1.55.jar:/home/runner/.m2/repository/io/netty/netty-transport-native-epoll/4.1.119.Final/netty-transport-native-epoll-4.1.119.Final.jar:/home/runner/.m2/repository/io/netty/netty-transport-classes-epoll/4.1.119.Final/netty-transport-classes-epoll-4.1.119.Final.jar:/home/runner/.m2/repository/org/bouncycastle/bcprov-jdk18on/1.81/bcprov-jdk18on-1.81.jar:/home/runner/.m2/repository/org/codehaus/woodstox/stax2-api/4.2.1/stax2-api-4.2.1.jar:/home/runner/.m2/repository/com/fasterxml/woodstox/woodstox-core/5.4.0/woodstox-core-5.4.0.jar:/home/runner/.m2/repository/dnsjava/dnsjava/3.6.1/dnsjava-3.6.1.jar:/home/runner/.m2/repository/org/apache/hadoop/hadoop-hdfs/3.4.2/hadoop-hdfs-3.4.2.jar:/home/runner/.m2/repository/org/eclipse/jetty/jetty-util-ajax/9.4.58.v20250814/jetty-util-ajax-9.4.58.v20250814.jar:/home/runner/.m2/repository/commons-daemon/commons-daemon/1.4.0/commons-daemon-1.4.0.jar:/home/runner/.m2/repository/org/apache/logging/log4j/log4j-api/2.25.0/log4j-api-2.25.0.jar:/home/runner/work/ozone/ozone/hadoop-hdds/client/target/hdds-client-2.1.0-SNAPSHOT.jar:/home/runner/work/ozone/ozone/hadoop-hdds/erasurecode/target/hdds-erasurecode-2.1.0-SNAPSHOT.jar:/home/runner/work/ozone/ozone/hadoop-hdds/common/target/hdds-common-2.1.0-SNAPSHOT.jar:/home/runner/.m2/repository/com/fasterxml/jackson/datatype/jackson-datatype-jsr310/2.16.2/jackson-datatype-jsr310-2.16.2.jar:/home/runner/.m2/repository/commons-validator/commons-validator/1.10.0/commons-validator-1.10.0.jar:/home/runner/.m2/repository/commons-beanutils/commons-beanutils/1.11.0/commons-beanutils-1.11.0.jar:/home/runner/.m2/repository/commons-digester/commons-digester/2.1/commons-digester-2.1.jar:/home/runner/.m2/repository/commons-collections/commons-collections/3.2.2/commons-collections-3.2.2.jar:/home/runner/.m2/repository/io/opentelemetry/opentelemetry-exporter-otlp/1.54.1/opentelemetry-exporter-otlp-1.54.1.jar:/home/runner/.m2/repository/io/opentelemetry/opentelemetry-sdk-metrics/1.54.1/opentelemetry-sdk-metrics-1.54.1.jar:/home/runner/.m2/repository/io/opentelemetry/opentelemetry-sdk-logs/1.54.1/opentelemetry-sdk-logs-1.54.1.jar:/home/runner/.m2/repository/io/opentelemetry/opentelemetry-exporter-otlp-common/1.54.1/opentelemetry-exporter-otlp-common-1.54.1.jar:/home/runner/.m2/repository/io/opentelemetry/opentelemetry-exporter-common/1.54.1/opentelemetry-exporter-common-1.54.1.jar:/home/runner/.m2/repository/io/opentelemetry/opentelemetry-exporter-sender-okhttp/1.54.1/opentelemetry-exporter-sender-okhttp-1.54.1.jar:/home/runner/.m2/repository/com/squareup/okhttp3/okhttp-jvm/5.1.0/okhttp-jvm-5.1.0.jar:/home/runner/.m2/repository/com/squareup/okio/okio-jvm/3.15.0/okio-jvm-3.15.0.jar:/home/runner/.m2/repository/org/jetbrains/kotlin/kotlin-stdlib/1.9.25/kotlin-stdlib-1.9.25.jar:/home/runner/.m2/repository/org/jetbrains/annotations/13.0/annotations-13.0.jar:/home/runner/.m2/repository/io/opentelemetry/opentelemetry-sdk-extension-autoconfigure-spi/1.54.1/opentelemetry-sdk-extension-autoconfigure-spi-1.54.1.jar:/home/runner/.m2/repository/io/opentelemetry/opentelemetry-sdk/1.54.1/opentelemetry-sdk-1.54.1.jar:/home/runner/.m2/repository/io/opentelemetry/opentelemetry-sdk-common/1.54.1/opentelemetry-sdk-common-1.54.1.jar:/home/runner/.m2/repository/io/opentelemetry/opentelemetry-sdk-trace/1.54.1/opentelemetry-sdk-trace-1.54.1.jar:/home/runner/.m2/repository/jakarta/xml/bind/jakarta.xml.bind-api/2.3.3/jakarta.xml.bind-api-2.3.3.jar:/home/runner/.m2/repository/org/apache/commons/commons-pool2/2.12.1/commons-pool2-2.12.1.jar:/home/runner/.m2/repository/org/bouncycastle/bcpkix-jdk18on/1.81/bcpkix-jdk18on-1.81.jar:/home/runner/.m2/repository/org/bouncycastle/bcutil-jdk18on/1.81/bcutil-jdk18on-1.81.jar:/home/runner/.m2/repository/org/apache/ratis/ratis-metrics-dropwizard3/3.2.0/ratis-metrics-dropwizard3-3.2.0.jar:/home/runner/.m2/repository/org/slf4j/jcl-over-slf4j/2.0.17/jcl-over-slf4j-2.0.17.jar:/home/runner/.m2/repository/org/slf4j/slf4j-reload4j/2.0.17/slf4j-reload4j-2.0.17.jar:/home/runner/work/ozone/ozone/hadoop-hdds/config/target/hdds-config-2.1.0-SNAPSHOT.jar:/home/runner/work/ozone/ozone/hadoop-hdds/interface-client/target/hdds-interface-client-2.1.0-SNAPSHOT.jar:/home/runner/work/ozone/ozone/hadoop-hdds/interface-server/target/hdds-interface-server-2.1.0-SNAPSHOT.jar:/home/runner/work/ozone/ozone/hadoop-hdds/managed-rocksdb/target/hdds-managed-rocksdb-2.1.0-SNAPSHOT.jar:/home/runner/work/ozone/ozone/hadoop-hdds/framework/target/hdds-server-framework-2.1.0-SNAPSHOT.jar:/home/runner/.m2/repository/com/github/jnr/jnr-constants/0.10.4/jnr-constants-0.10.4.jar:/home/runner/.m2/repository/com/github/jnr/jnr-posix/3.1.20/jnr-posix-3.1.20.jar:/home/runner/.m2/repository/com/github/jnr/jnr-ffi/2.2.17/jnr-ffi-2.2.17.jar:/home/runner/.m2/repository/com/github/jnr/jffi/1.3.13/jffi-1.3.13.jar:/home/runner/.m2/repository/com/github/jnr/jffi/1.3.13/jffi-1.3.13-native.jar:/home/runner/.m2/repository/org/ow2/asm/asm/9.7.1/asm-9.7.1.jar:/home/runner/.m2/repository/org/ow2/asm/asm-commons/9.7.1/asm-commons-9.7.1.jar:/home/runner/.m2/repository/org/ow2/asm/asm-analysis/9.7.1/asm-analysis-9.7.1.jar:/home/runner/.m2/repository/org/ow2/asm/asm-tree/9.7.1/asm-tree-9.7.1.jar:/home/runner/.m2/repository/org/ow2/asm/asm-util/9.7.1/asm-util-9.7.1.jar:/home/runner/.m2/repository/com/github/jnr/jnr-a64asm/1.0.0/jnr-a64asm-1.0.0.jar:/home/runner/.m2/repository/com/github/jnr/jnr-x86asm/1.0.2/jnr-x86asm-1.0.2.jar:/home/runner/.m2/repository/commons-fileupload/commons-fileupload/1.6.0/commons-fileupload-1.6.0.jar:/home/runner/.m2/repository/io/grpc/grpc-api/1.71.0/grpc-api-1.71.0.jar:/home/runner/.m2/repository/io/prometheus/simpleclient/0.16.0/simpleclient-0.16.0.jar:/home/runner/.m2/repository/io/prometheus/simpleclient_common/0.16.0/simpleclient_common-0.16.0.jar:/home/runner/.m2/repository/io/prometheus/simpleclient_dropwizard/0.16.0/simpleclient_dropwizard-0.16.0.jar:/home/runner/.m2/repository/jakarta/ws/rs/jakarta.ws.rs-api/2.1.6/jakarta.ws.rs-api-2.1.6.jar:/home/runner/work/ozone/ozone/hadoop-hdds/interface-admin/target/hdds-interface-admin-2.1.0-SNAPSHOT.jar:/home/runner/work/ozone/ozone/hadoop-hdds/rocksdb-checkpoint-differ/target/rocksdb-checkpoint-differ-2.1.0-SNAPSHOT.jar:/home/runner/work/ozone/ozone/hadoop-hdds/rocks-native/target/hdds-rocks-native-2.1.0-SNAPSHOT.jar:/home/runner/.m2/repository/org/apache/ratis/ratis-metrics-api/3.2.0/ratis-metrics-api-3.2.0.jar:/home/runner/.m2/repository/org/eclipse/jetty/jetty-http/9.4.58.v20250814/jetty-http-9.4.58.v20250814.jar:/home/runner/.m2/repository/org/glassfish/jersey/containers/jersey-container-servlet-core/2.47/jersey-container-servlet-core-2.47.jar:/home/runner/.m2/repository/org/glassfish/hk2/external/jakarta.inject/2.6.1/jakarta.inject-2.6.1.jar:/home/runner/.m2/repository/org/glassfish/jersey/core/jersey-common/2.47/jersey-common-2.47.jar:/home/runner/.m2/repository/org/glassfish/hk2/osgi-resource-locator/1.0.3/osgi-resource-locator-1.0.3.jar:/home/runner/.m2/repository/org/glassfish/jersey/core/jersey-server/2.47/jersey-server-2.47.jar:/home/runner/.m2/repository/org/glassfish/jersey/core/jersey-client/2.47/jersey-client-2.47.jar:/home/runner/.m2/repository/jakarta/validation/jakarta.validation-api/2.0.2/jakarta.validation-api-2.0.2.jar:/home/runner/.m2/repository/org/reflections/reflections/0.10.2/reflections-0.10.2.jar:/home/runner/.m2/repository/org/javassist/javassist/3.30.2-GA/javassist-3.30.2-GA.jar:/home/runner/.m2/repository/com/lmax/disruptor/3.4.4/disruptor-3.4.4.jar:/home/runner/.m2/repository/org/apache/logging/log4j/log4j-core/2.25.0/log4j-core-2.25.0.jar:/home/runner/.m2/repository/org/xerial/snappy/snappy-java/1.1.10.8/snappy-java-1.1.10.8.jar:/home/runner/.m2/repository/org/apache/ratis/ratis-client/3.2.0/ratis-client-3.2.0.jar:/home/runner/.m2/repository/org/apache/ratis/ratis-common/3.2.0/ratis-common-3.2.0.jar:/home/runner/.m2/repository/org/apache/ratis/ratis-grpc/3.2.0/ratis-grpc-3.2.0.jar:/home/runner/.m2/repository/org/apache/ratis/ratis-netty/3.2.0/ratis-netty-3.2.0.jar:/home/runner/.m2/repository/org/apache/ratis/ratis-proto/3.2.0/ratis-proto-3.2.0.jar:/home/runner/.m2/repository/org/apache/ratis/ratis-server/3.2.0/ratis-server-3.2.0.jar:/home/runner/.m2/repository/org/apache/ratis/ratis-server-api/3.2.0/ratis-server-api-3.2.0.jar:/home/runner/.m2/repository/org/apache/ratis/ratis-thirdparty-misc/1.0.9/ratis-thirdparty-misc-1.0.9.jar:/home/runner/.m2/repository/org/rocksdb/rocksdbjni/7.7.3/rocksdbjni-7.7.3.jar:/home/runner/.m2/repository/org/slf4j/slf4j-api/2.0.17/slf4j-api-2.0.17.jar:/home/runner/.m2/repository/org/yaml/snakeyaml/2.5/snakeyaml-2.5.jar:/home/runner/work/ozone/ozone/hadoop-hdds/docs/target/hdds-docs-2.1.0-SNAPSHOT.jar:/home/runner/.m2/repository/com/github/luben/zstd-jni/1.5.7-5/zstd-jni-1.5.7-5.jar:/home/runner/.m2/repository/log4j/apache-log4j-extras/1.2.17/apache-log4j-extras-1.2.17.jar:/home/runner/.m2/repository/org/apache/hadoop/hadoop-hdfs-client/3.4.2/hadoop-hdfs-client-3.4.2.jar:/home/runner/.m2/repository/org/apache/httpcomponents/httpcore/4.4.16/httpcore-4.4.16.jar:/home/runner/.m2/repository/org/glassfish/jaxb/jaxb-runtime/2.3.9/jaxb-runtime-2.3.9.jar:/home/runner/.m2/repository/org/glassfish/jaxb/txw2/2.3.9/txw2-2.3.9.jar:/home/runner/.m2/repository/com/sun/istack/istack-commons-runtime/3.0.12/istack-commons-runtime-3.0.12.jar:/home/runner/.m2/repository/com/sun/activation/jakarta.activation/1.2.2/jakarta.activation-1.2.2.jar:/home/runner/.m2/repository/ch/qos/reload4j/reload4j/1.2.26/reload4j-1.2.26.jar:/home/runner/.m2/repository/org/apache/hadoop/hadoop-common/3.4.2/hadoop-common-3.4.2-tests.jar:/home/runner/.m2/repository/org/apache/commons/commons-math3/3.6.1/commons-math3-3.6.1.jar:/home/runner/.m2/repository/com/sun/jersey/jersey-core/1.19.4/jersey-core-1.19.4.jar:/home/runner/.m2/repository/javax/ws/rs/jsr311-api/1.1.1/jsr311-api-1.1.1.jar:/home/runner/.m2/repository/com/sun/jersey/jersey-servlet/1.19.4/jersey-servlet-1.19.4.jar:/home/runner/.m2/repository/com/github/pjfanning/jersey-json/1.22.0/jersey-json-1.22.0.jar:/home/runner/.m2/repository/com/sun/xml/bind/jaxb-impl/2.2.3-1/jaxb-impl-2.2.3-1.jar:/home/runner/.m2/repository/javax/xml/bind/jaxb-api/2.2.2/jaxb-api-2.2.2.jar:/home/runner/.m2/repository/javax/xml/stream/stax-api/1.0-2/stax-api-1.0-2.jar:/home/runner/.m2/repository/javax/activation/activation/1.1/activation-1.1.jar:/home/runner/.m2/repository/com/sun/jersey/jersey-server/1.19.4/jersey-server-1.19.4.jar:/home/runner/.m2/repository/org/apache/avro/avro/1.11.4/avro-1.11.4.jar:/home/runner/.m2/repository/org/apache/curator/curator-client/4.2.0/curator-client-4.2.0.jar:/home/runner/.m2/repository/org/apache/curator/curator-recipes/5.2.0/curator-recipes-5.2.0.jar:/home/runner/.m2/repository/org/apache/curator/curator-framework/4.2.0/curator-framework-4.2.0.jar:/home/runner/.m2/repository/com/google/code/findbugs/jsr305/3.0.2/jsr305-3.0.2.jar:/home/runner/.m2/repository/org/apache/zookeeper/zookeeper/3.8.4/zookeeper-3.8.4.jar:/home/runner/.m2/repository/org/apache/zookeeper/zookeeper-jute/3.8.4/zookeeper-jute-3.8.4.jar:/home/runner/.m2/repository/org/apache/yetus/audience-annotations/0.12.0/audience-annotations-0.12.0.jar:/home/runner/work/ozone/ozone/hadoop-hdds/common/target/hdds-common-2.1.0-SNAPSHOT-tests.jar:/home/runner/work/ozone/ozone/hadoop-hdds/framework/target/hdds-server-framework-2.1.0-SNAPSHOT-tests.jar:/home/runner/work/ozone/ozone/hadoop-hdds/test-utils/target/hdds-test-utils-2.1.0-SNAPSHOT-tests.jar:/home/runner/.m2/repository/org/assertj/assertj-core/3.27.6/assertj-core-3.27.6.jar:/home/runner/.m2/repository/net/bytebuddy/byte-buddy/1.17.7/byte-buddy-1.17.7.jar:/home/runner/.m2/repository/org/junit/jupiter/junit-jupiter-api/5.14.0/junit-jupiter-api-5.14.0.jar:/home/runner/.m2/repository/org/opentest4j/opentest4j/1.3.0/opentest4j-1.3.0.jar:/home/runner/.m2/repository/org/junit/platform/junit-platform-commons/1.14.0/junit-platform-commons-1.14.0.jar:/home/runner/.m2/repository/org/apiguardian/apiguardian-api/1.1.2/apiguardian-api-1.1.2.jar:/home/runner/.m2/repository/org/junit/jupiter/junit-jupiter-params/5.14.0/junit-jupiter-params-5.14.0.jar:/home/runner/.m2/repository/org/mockito/mockito-core/4.11.0/mockito-core-4.11.0.jar:/home/runner/.m2/repository/net/bytebuddy/byte-buddy-agent/1.12.19/byte-buddy-agent-1.12.19.jar:/home/runner/.m2/repository/org/objenesis/objenesis/3.3/objenesis-3.3.jar:/home/runner/.m2/repository/org/mockito/mockito-inline/4.11.0/mockito-inline-4.11.0.jar:/home/runner/.m2/repository/org/mockito/mockito-junit-jupiter/4.11.0/mockito-junit-jupiter-4.11.0.jar:/home/runner/work/ozone/ozone/hadoop-hdds/container-service/target/gradle-enterprise/test-listeners.jar:"/>
    <property name="sun.cpu.endian" value="little"/>
    <property name="user.home" value="/home/runner"/>
    <property name="user.language" value="en"/>
    <property name="java.specification.vendor" value="Oracle Corporation"/>
    <property name="skipRecon" value="true"/>
    <property name="java.version.date" value="2025-07-15"/>
    <property name="java.home" value="/usr/lib/jvm/temurin-21-jdk-amd64"/>
    <property name="java.security.krb5.conf" value="/home/runner/work/ozone/ozone/hadoop-hdds/container-service/target/test-classes/krb5.conf"/>
    <property name="file.separator" value="/"/>
    <property name="basedir" value="/home/runner/work/ozone/ozone/hadoop-hdds/container-service"/>
    <property name="java.vm.compressedOopsMode" value="Zero based"/>
    <property name="line.separator" value="&#10;"/>
    <property name="java.vm.specification.vendor" value="Oracle Corporation"/>
    <property name="java.specification.name" value="Java Platform API Specification"/>
    <property name="surefire.real.class.path" value="/home/runner/work/ozone/ozone/hadoop-hdds/container-service/target/surefire/surefirebooter-20251014184851727_1036.jar"/>
    <property name="hadoop.log.dir" value="/home/runner/work/ozone/ozone/hadoop-hdds/container-service/target/log"/>
    <property name="sun.management.compiler" value="HotSpot 64-Bit Tiered Compilers"/>
    <property name="skipShade" value="true"/>
    <property name="java.runtime.version" value="21.0.8+9-LTS"/>
    <property name="user.name" value="runner"/>
    <property name="java.net.preferIPv4Stack" value="true"/>
    <property name="stdout.encoding" value="UTF-8"/>
    <property name="path.separator" value=":"/>
    <property name="java.security.egd" value="file:///dev/urandom"/>
    <property name="os.version" value="6.11.0-1018-azure"/>
    <property name="java.runtime.name" value="OpenJDK Runtime Environment"/>
    <property name="com.gradle.maven.scan.extension.test.listener.junitplatform.NestedExecutionSafeDelegatingTestExecutionListener" value="ffaa6af"/>
    <property name="file.encoding" value="UTF-8"/>
    <property name="java.vm.name" value="OpenJDK 64-Bit Server VM"/>
    <property name="rocks_tools_native" value="true"/>
    <property name="java.vendor.version" value="Temurin-21.0.8+9"/>
    <property name="test.build.webapps" value=""/>
    <property name="develocity.listener.surefire.forkId" value="1"/>
    <property name="localRepository" value="/home/runner/.m2/repository"/>
    <property name="java.vendor.url.bug" value="https://github.com/adoptium/adoptium-support/issues"/>
    <property name="java.io.tmpdir" value="/tmp"/>
    <property name="require.test.libhadoop" value=""/>
    <property name="java.version" value="21.0.8"/>
    <property name="user.dir" value="/home/runner/work/ozone/ozone/hadoop-hdds/container-service"/>
    <property name="os.arch" value="amd64"/>
    <property name="java.vm.specification.name" value="Java Virtual Machine Specification"/>
    <property name="test.build.classes" value="/home/runner/work/ozone/ozone/hadoop-hdds/container-service/target/test-classes"/>
    <property name="native.encoding" value="UTF-8"/>
    <property name="hadoop.tmp.dir" value="/home/runner/work/ozone/ozone/hadoop-hdds/container-service/target/tmp"/>
    <property name="java.library.path" value="/usr/java/packages/lib:/usr/lib64:/lib64:/lib:/usr/lib"/>
    <property name="java.vm.info" value="mixed mode, sharing"/>
    <property name="stderr.encoding" value="UTF-8"/>
    <property name="java.vendor" value="Eclipse Adoptium"/>
    <property name="java.vm.version" value="21.0.8+9-LTS"/>
    <property name="sun.io.unicode.encoding" value="UnicodeLittle"/>
    <property name="develocity.listener.port" value="42179"/>
    <property name="java.class.version" value="65.0"/>
  </properties>
  <testcase name="testWriteFailure(boolean)[1]" classname="org.apache.hadoop.ozone.container.common.transport.server.ratis.TestContainerStateMachineFollower" time="2.315">
    <system-out><![CDATA[2025-10-14 18:55:04,291 [ChunkWriter-1-0] ERROR ratis.ContainerStateMachine (ContainerStateMachine.java:lambda$writeStateMachineData$2(626)) - null: writeChunk writeStateMachineData failed: blockIdcontainerID: 1
localID: 1
 logIndex 1 chunkName 
java.lang.RuntimeException
	at org.apache.hadoop.ozone.container.common.transport.server.ratis.ContainerStateMachine.dispatchCommand(ContainerStateMachine.java:567)
	at org.apache.hadoop.ozone.container.common.transport.server.ratis.ContainerStateMachine.lambda$writeStateMachineData$2(ContainerStateMachine.java:622)
	at java.base/java.util.concurrent.FutureTask.run(FutureTask.java:317)
	at java.base/java.util.concurrent.ThreadPoolExecutor.runWorker(ThreadPoolExecutor.java:1144)
	at java.base/java.util.concurrent.ThreadPoolExecutor$Worker.run(ThreadPoolExecutor.java:642)
	at java.base/java.lang.Thread.run(Thread.java:1583)
2025-10-14 18:55:04,313 [ChunkWriter-1-0] WARN  ratis.ContainerStateMachine (ContainerUtils.java:logAndReturnError(94)) - Operation: WriteChunk , Trace ID:  , Message: Prev writes to containers [1] failed, stopping all writes to container , Result: CONTAINER_UNHEALTHY , StorageContainerException Occurred.
org.apache.hadoop.hdds.scm.container.common.helpers.StorageContainerException: Prev writes to containers [1] failed, stopping all writes to container
	at org.apache.hadoop.ozone.container.common.transport.server.ratis.ContainerStateMachine.checkContainerHealthy(ContainerStateMachine.java:407)
	at org.apache.hadoop.ozone.container.common.transport.server.ratis.ContainerStateMachine.lambda$writeStateMachineData$2(ContainerStateMachine.java:614)
	at java.base/java.util.concurrent.FutureTask.run(FutureTask.java:317)
	at java.base/java.util.concurrent.ThreadPoolExecutor.runWorker(ThreadPoolExecutor.java:1144)
	at java.base/java.util.concurrent.ThreadPoolExecutor$Worker.run(ThreadPoolExecutor.java:642)
	at java.base/java.lang.Thread.run(Thread.java:1583)
2025-10-14 18:55:04,373 [ChunkWriter-1-0] ERROR ratis.ContainerStateMachine (ContainerStateMachine.java:handleCommandResult(662)) - null: writeChunk writeStateMachineData failed: blockIdcontainerID: 2
localID: 1
 logIndex 2 chunkName  Error message: Prev writes to containers [1] failed, stopping all writes to container Container Result: CONTAINER_UNHEALTHY
]]></system-out>
    <system-err><![CDATA[WARNING: A Java agent has been loaded dynamically (/home/runner/.m2/repository/net/bytebuddy/byte-buddy-agent/1.12.19/byte-buddy-agent-1.12.19.jar)
WARNING: If a serviceability tool is in use, please run with -XX:+EnableDynamicAgentLoading to hide this warning
WARNING: If a serviceability tool is not in use, please run with -Djdk.instrument.traceUsage for more information
WARNING: Dynamic loading of agents will be disallowed by default in a future release
]]></system-err>
  </testcase>
  <testcase name="testWriteFailure(boolean)[2]" classname="org.apache.hadoop.ozone.container.common.transport.server.ratis.TestContainerStateMachineFollower" time="0.021">
    <system-out><![CDATA[2025-10-14 18:55:04,410 [ChunkWriter-1-0] ERROR ratis.ContainerStateMachine (ContainerStateMachine.java:handleCommandResult(662)) - null: writeChunk writeStateMachineData failed: blockIdcontainerID: 1
localID: 1
 logIndex 1 chunkName  Error message:  Container Result: CONTAINER_INTERNAL_ERROR
2025-10-14 18:55:04,412 [ChunkWriter-1-0] WARN  ratis.ContainerStateMachine (ContainerUtils.java:logAndReturnError(94)) - Operation: WriteChunk , Trace ID:  , Message: Prev writes to containers [1] failed, stopping all writes to container , Result: CONTAINER_UNHEALTHY , StorageContainerException Occurred.
org.apache.hadoop.hdds.scm.container.common.helpers.StorageContainerException: Prev writes to containers [1] failed, stopping all writes to container
	at org.apache.hadoop.ozone.container.common.transport.server.ratis.ContainerStateMachine.checkContainerHealthy(ContainerStateMachine.java:407)
	at org.apache.hadoop.ozone.container.common.transport.server.ratis.ContainerStateMachine.lambda$writeStateMachineData$2(ContainerStateMachine.java:614)
	at java.base/java.util.concurrent.FutureTask.run(FutureTask.java:317)
	at java.base/java.util.concurrent.ThreadPoolExecutor.runWorker(ThreadPoolExecutor.java:1144)
	at java.base/java.util.concurrent.ThreadPoolExecutor$Worker.run(ThreadPoolExecutor.java:642)
	at java.base/java.lang.Thread.run(Thread.java:1583)
2025-10-14 18:55:04,413 [ChunkWriter-1-0] ERROR ratis.ContainerStateMachine (ContainerStateMachine.java:handleCommandResult(662)) - null: writeChunk writeStateMachineData failed: blockIdcontainerID: 2
localID: 1
 logIndex 2 chunkName  Error message: Prev writes to containers [1] failed, stopping all writes to container Container Result: CONTAINER_UNHEALTHY
]]></system-out>
  </testcase>
  <testcase name="testWriteTimout" classname="org.apache.hadoop.ozone.container.common.transport.server.ratis.TestContainerStateMachineFollower" time="2.02">
    <system-out><![CDATA[2025-10-14 18:55:06,432 [main] ERROR ratis.ContainerStateMachine (ContainerStateMachine.java:validateLongRunningWrite(706)) - Write chunk has taken 2001895360ns crossing threshold 1000000000ns for index 1 groupId null, cancelling pending write chunk for this group
2025-10-14 18:55:06,433 [ChunkWriter-1-0] ERROR ratis.ContainerStateMachine (ContainerStateMachine.java:lambda$writeStateMachineData$2(626)) - null: writeChunk writeStateMachineData failed: blockIdcontainerID: 1
localID: 1
 logIndex 1 chunkName 
java.lang.InterruptedException: sleep interrupted
	at java.base/java.lang.Thread.sleep0(Native Method)
	at java.base/java.lang.Thread.sleep(Thread.java:509)
	at org.apache.hadoop.ozone.container.common.transport.server.ratis.TestContainerStateMachine.lambda$testWriteTimout$1(TestContainerStateMachine.java:218)
	at org.mockito.internal.stubbing.StubbedInvocationMatcher.answer(StubbedInvocationMatcher.java:42)
	at org.mockito.internal.handler.MockHandlerImpl.handle(MockHandlerImpl.java:103)
	at org.mockito.internal.handler.NullResultGuardian.handle(NullResultGuardian.java:29)
	at org.mockito.internal.handler.InvocationNotifierHandler.handle(InvocationNotifierHandler.java:34)
	at org.mockito.internal.creation.bytebuddy.MockMethodInterceptor.doIntercept(MockMethodInterceptor.java:82)
	at org.mockito.internal.creation.bytebuddy.MockMethodInterceptor.doIntercept(MockMethodInterceptor.java:56)
	at org.mockito.internal.creation.bytebuddy.MockMethodInterceptor$DispatcherDefaultingToRealMethod.interceptAbstract(MockMethodInterceptor.java:161)
	at org.apache.hadoop.ozone.container.common.interfaces.ContainerDispatcher$MockitoMock$eUvyqyR3.dispatch(Unknown Source)
	at org.apache.hadoop.ozone.container.common.transport.server.ratis.ContainerStateMachine.dispatchCommand(ContainerStateMachine.java:567)
	at org.apache.hadoop.ozone.container.common.transport.server.ratis.ContainerStateMachine.lambda$writeStateMachineData$2(ContainerStateMachine.java:622)
	at java.base/java.util.concurrent.FutureTask.run(FutureTask.java:317)
	at java.base/java.util.concurrent.ThreadPoolExecutor.runWorker(ThreadPoolExecutor.java:1144)
	at java.base/java.util.concurrent.ThreadPoolExecutor$Worker.run(ThreadPoolExecutor.java:642)
	at java.base/java.lang.Thread.run(Thread.java:1583)
]]></system-out>
  </testcase>
  <testcase name="testApplyTransactionFailure(boolean)[1]" classname="org.apache.hadoop.ozone.container.common.transport.server.ratis.TestContainerStateMachineFollower" time="0.035">
    <system-out><![CDATA[2025-10-14 18:55:06,459 [containerOpContainerOp-829a2aad-2599-4371-97ae-10dcfcea91a4-0] ERROR ratis.ContainerStateMachine (ContainerStateMachine.java:lambda$applyTransaction$10(1136)) - null: failed to applyTransaction at logIndex 1 for WriteChunk
java.lang.RuntimeException
	at org.apache.hadoop.ozone.container.common.transport.server.ratis.ContainerStateMachine.dispatchCommand(ContainerStateMachine.java:567)
	at org.apache.hadoop.ozone.container.common.transport.server.ratis.ContainerStateMachine.lambda$applyTransaction$8(ContainerStateMachine.java:1061)
	at org.apache.ratis.util.TaskQueue.lambda$submit$0(TaskQueue.java:121)
	at org.apache.ratis.util.LogUtils.runAndLog(LogUtils.java:38)
	at org.apache.ratis.util.LogUtils$1.run(LogUtils.java:78)
	at java.base/java.util.concurrent.Executors$RunnableAdapter.call(Executors.java:572)
	at java.base/java.util.concurrent.FutureTask.run(FutureTask.java:317)
	at java.base/java.util.concurrent.ThreadPoolExecutor.runWorker(ThreadPoolExecutor.java:1144)
	at java.base/java.util.concurrent.ThreadPoolExecutor$Worker.run(ThreadPoolExecutor.java:642)
	at java.base/java.lang.Thread.run(Thread.java:1583)
2025-10-14 18:55:06,461 [main] ERROR ratis.ContainerStateMachine (ContainerStateMachine.java:lambda$applyTransaction$10(1136)) - null: failed to applyTransaction at logIndex 1 for WriteChunk
java.util.concurrent.CompletionException: java.lang.RuntimeException
	at java.base/java.util.concurrent.CompletableFuture.encodeThrowable(CompletableFuture.java:332)
	at java.base/java.util.concurrent.CompletableFuture.completeThrowable(CompletableFuture.java:347)
	at java.base/java.util.concurrent.CompletableFuture$UniApply.tryFire(CompletableFuture.java:636)
	at java.base/java.util.concurrent.CompletableFuture.postComplete(CompletableFuture.java:510)
	at java.base/java.util.concurrent.CompletableFuture.completeExceptionally(CompletableFuture.java:2194)
	at org.apache.ratis.util.TaskQueue.lambda$submit$0(TaskQueue.java:131)
	at org.apache.ratis.util.LogUtils.runAndLog(LogUtils.java:38)
	at org.apache.ratis.util.LogUtils$1.run(LogUtils.java:78)
	at java.base/java.util.concurrent.Executors$RunnableAdapter.call(Executors.java:572)
	at java.base/java.util.concurrent.FutureTask.run(FutureTask.java:317)
	at java.base/java.util.concurrent.ThreadPoolExecutor.runWorker(ThreadPoolExecutor.java:1144)
	at java.base/java.util.concurrent.ThreadPoolExecutor$Worker.run(ThreadPoolExecutor.java:642)
	at java.base/java.lang.Thread.run(Thread.java:1583)
Caused by: java.lang.RuntimeException
	at org.apache.hadoop.ozone.container.common.transport.server.ratis.ContainerStateMachine.dispatchCommand(ContainerStateMachine.java:567)
	at org.apache.hadoop.ozone.container.common.transport.server.ratis.ContainerStateMachine.lambda$applyTransaction$8(ContainerStateMachine.java:1061)
	at org.apache.ratis.util.TaskQueue.lambda$submit$0(TaskQueue.java:121)
	... 7 more
2025-10-14 18:55:06,465 [containerOpContainerOp-829a2aad-2599-4371-97ae-10dcfcea91a4-1] WARN  ratis.ContainerStateMachine (ContainerUtils.java:logAndReturnError(94)) - Operation: WriteChunk , Trace ID:  , Message: Prev writes to container 1 failed, stopping all writes to container , Result: CONTAINER_UNHEALTHY , StorageContainerException Occurred.
org.apache.hadoop.hdds.scm.container.common.helpers.StorageContainerException: Prev writes to container 1 failed, stopping all writes to container
	at org.apache.hadoop.ozone.container.common.transport.server.ratis.ContainerStateMachine.checkContainerHealthy(ContainerStateMachine.java:404)
	at org.apache.hadoop.ozone.container.common.transport.server.ratis.ContainerStateMachine.lambda$applyTransaction$8(ContainerStateMachine.java:1052)
	at org.apache.ratis.util.TaskQueue.lambda$submit$0(TaskQueue.java:121)
	at org.apache.ratis.util.LogUtils.runAndLog(LogUtils.java:38)
	at org.apache.ratis.util.LogUtils$1.run(LogUtils.java:78)
	at java.base/java.util.concurrent.Executors$RunnableAdapter.call(Executors.java:572)
	at java.base/java.util.concurrent.FutureTask.run(FutureTask.java:317)
	at java.base/java.util.concurrent.ThreadPoolExecutor.runWorker(ThreadPoolExecutor.java:1144)
	at java.base/java.util.concurrent.ThreadPoolExecutor$Worker.run(ThreadPoolExecutor.java:642)
	at java.base/java.lang.Thread.run(Thread.java:1583)
2025-10-14 18:55:06,467 [containerOpContainerOp-829a2aad-2599-4371-97ae-10dcfcea91a4-1] ERROR ratis.ContainerStateMachine (ContainerStateMachine.java:lambda$applyTransaction$11(1163)) - gid null : ApplyTransaction failed. cmd WriteChunk logIndex 1 msg : Prev writes to container 1 failed, stopping all writes to container Container Result: CONTAINER_UNHEALTHY
]]></system-out>
  </testcase>
  <testcase name="testApplyTransactionFailure(boolean)[2]" classname="org.apache.hadoop.ozone.container.common.transport.server.ratis.TestContainerStateMachineFollower" time="0.075">
    <failure message="&#10;containerDispatcher.dispatch(&#10;    &lt;any org.apache.hadoop.hdds.protocol.datanode.proto.ContainerProtos.ContainerCommandRequestProto&gt;,&#10;    &lt;any org.apache.hadoop.ozone.container.common.transport.server.ratis.DispatcherContext&gt;&#10;);&#10;Never wanted here:&#10;-&gt; at org.apache.hadoop.ozone.container.common.transport.server.ratis.TestContainerStateMachine.testApplyTransactionFailure(TestContainerStateMachine.java:182)&#10;But invoked here:&#10;-&gt; at org.apache.hadoop.ozone.container.common.transport.server.ratis.ContainerStateMachine.dispatchCommand(ContainerStateMachine.java:567) with arguments: [cmdType: WriteChunk&#10;containerID: 1&#10;datanodeUuid: &quot;82a38bf2-0df1-4dc6-9631-5d22646a2a5a&quot;&#10;writeChunk {&#10;  blockID {&#10;    containerID: 1&#10;    localID: 1&#10;  }&#10;}&#10;, APPLY_TRANSACTION-COMMIT_DATA(t:1, i:1)]&#10;" type="org.mockito.exceptions.verification.NeverWantedButInvoked"><![CDATA[org.mockito.exceptions.verification.NeverWantedButInvoked: 

containerDispatcher.dispatch(
    <any org.apache.hadoop.hdds.protocol.datanode.proto.ContainerProtos.ContainerCommandRequestProto>,
    <any org.apache.hadoop.ozone.container.common.transport.server.ratis.DispatcherContext>
);
Never wanted here:
-> at org.apache.hadoop.ozone.container.common.transport.server.ratis.TestContainerStateMachine.testApplyTransactionFailure(TestContainerStateMachine.java:182)
But invoked here:
-> at org.apache.hadoop.ozone.container.common.transport.server.ratis.ContainerStateMachine.dispatchCommand(ContainerStateMachine.java:567) with arguments: [cmdType: WriteChunk
containerID: 1
datanodeUuid: "82a38bf2-0df1-4dc6-9631-5d22646a2a5a"
writeChunk {
  blockID {
    containerID: 1
    localID: 1
  }
}
, APPLY_TRANSACTION-COMMIT_DATA(t:1, i:1)]

	at org.apache.hadoop.ozone.container.common.transport.server.ratis.TestContainerStateMachine.testApplyTransactionFailure(TestContainerStateMachine.java:182)
	at org.apache.hadoop.ozone.container.common.transport.server.ratis.TestContainerStateMachineFollower.testApplyTransactionFailure(TestContainerStateMachineFollower.java:23)
	at java.base/java.lang.reflect.Method.invoke(Method.java:580)
	at java.base/java.util.Optional.ifPresent(Optional.java:178)
	at java.base/java.util.stream.ForEachOps$ForEachOp$OfRef.accept(ForEachOps.java:184)
	at java.base/java.util.stream.ReferencePipeline$3$1.accept(ReferencePipeline.java:197)
	at java.base/java.util.stream.ForEachOps$ForEachOp$OfRef.accept(ForEachOps.java:184)
	at java.base/java.util.stream.ForEachOps$ForEachOp$OfRef.accept(ForEachOps.java:184)
	at java.base/java.util.stream.ReferencePipeline$3$1.accept(ReferencePipeline.java:197)
	at java.base/java.util.Spliterators$ArraySpliterator.forEachRemaining(Spliterators.java:1024)
	at java.base/java.util.stream.AbstractPipeline.copyInto(AbstractPipeline.java:509)
	at java.base/java.util.stream.AbstractPipeline.wrapAndCopyInto(AbstractPipeline.java:499)
	at java.base/java.util.stream.ForEachOps$ForEachOp.evaluateSequential(ForEachOps.java:151)
	at java.base/java.util.stream.ForEachOps$ForEachOp$OfRef.evaluateSequential(ForEachOps.java:174)
	at java.base/java.util.stream.AbstractPipeline.evaluate(AbstractPipeline.java:234)
	at java.base/java.util.stream.ReferencePipeline.forEach(ReferencePipeline.java:596)
	at java.base/java.util.stream.ReferencePipeline$7$1.accept(ReferencePipeline.java:276)
	at java.base/java.util.ArrayList$ArrayListSpliterator.forEachRemaining(ArrayList.java:1708)
	at java.base/java.util.stream.AbstractPipeline.copyInto(AbstractPipeline.java:509)
	at java.base/java.util.stream.AbstractPipeline.wrapAndCopyInto(AbstractPipeline.java:499)
	at java.base/java.util.stream.ForEachOps$ForEachOp.evaluateSequential(ForEachOps.java:151)
	at java.base/java.util.stream.ForEachOps$ForEachOp$OfRef.evaluateSequential(ForEachOps.java:174)
	at java.base/java.util.stream.AbstractPipeline.evaluate(AbstractPipeline.java:234)
	at java.base/java.util.stream.ReferencePipeline.forEach(ReferencePipeline.java:596)
	at java.base/java.util.stream.ReferencePipeline$7$1.accept(ReferencePipeline.java:276)
	at java.base/java.util.stream.ReferencePipeline$3$1.accept(ReferencePipeline.java:197)
	at java.base/java.util.stream.ReferencePipeline$3$1.accept(ReferencePipeline.java:197)
	at java.base/java.util.stream.ReferencePipeline$3$1.accept(ReferencePipeline.java:197)
	at java.base/java.util.ArrayList$ArrayListSpliterator.forEachRemaining(ArrayList.java:1708)
	at java.base/java.util.stream.AbstractPipeline.copyInto(AbstractPipeline.java:509)
	at java.base/java.util.stream.AbstractPipeline.wrapAndCopyInto(AbstractPipeline.java:499)
	at java.base/java.util.stream.ForEachOps$ForEachOp.evaluateSequential(ForEachOps.java:151)
	at java.base/java.util.stream.ForEachOps$ForEachOp$OfRef.evaluateSequential(ForEachOps.java:174)
	at java.base/java.util.stream.AbstractPipeline.evaluate(AbstractPipeline.java:234)
	at java.base/java.util.stream.ReferencePipeline.forEach(ReferencePipeline.java:596)
	at java.base/java.util.ArrayList.forEach(ArrayList.java:1596)
	at java.base/java.util.ArrayList.forEach(ArrayList.java:1596)
]]></failure>
    <system-out><![CDATA[2025-10-14 18:55:06,489 [containerOpContainerOp-880efe2f-edfa-4b9f-8f96-470ce237b6cd-0] ERROR ratis.ContainerStateMachine (ContainerStateMachine.java:lambda$applyTransaction$11(1163)) - gid null : ApplyTransaction failed. cmd WriteChunk logIndex 1 msg :  Container Result: CONTAINER_INTERNAL_ERROR
2025-10-14 18:55:06,492 [containerOpContainerOp-880efe2f-edfa-4b9f-8f96-470ce237b6cd-1] ERROR ratis.ContainerStateMachine (ContainerStateMachine.java:lambda$applyTransaction$10(1136)) - null: failed to applyTransaction at logIndex 1 for WriteChunk
java.util.concurrent.CompletionException: java.lang.NullPointerException: Cannot invoke "org.apache.hadoop.hdds.protocol.datanode.proto.ContainerProtos$ContainerCommandResponseProto.getResult()" because "r" is null
	at java.base/java.util.concurrent.CompletableFuture.encodeThrowable(CompletableFuture.java:315)
	at java.base/java.util.concurrent.CompletableFuture.completeThrowable(CompletableFuture.java:320)
	at java.base/java.util.concurrent.CompletableFuture$UniApply.tryFire(CompletableFuture.java:649)
	at java.base/java.util.concurrent.CompletableFuture.postComplete(CompletableFuture.java:510)
	at java.base/java.util.concurrent.CompletableFuture.complete(CompletableFuture.java:2179)
	at org.apache.ratis.util.TaskQueue.lambda$submit$0(TaskQueue.java:133)
	at org.apache.ratis.util.LogUtils.runAndLog(LogUtils.java:38)
	at org.apache.ratis.util.LogUtils$1.run(LogUtils.java:78)
	at java.base/java.util.concurrent.Executors$RunnableAdapter.call(Executors.java:572)
	at java.base/java.util.concurrent.FutureTask.run(FutureTask.java:317)
	at java.base/java.util.concurrent.ThreadPoolExecutor.runWorker(ThreadPoolExecutor.java:1144)
	at java.base/java.util.concurrent.ThreadPoolExecutor$Worker.run(ThreadPoolExecutor.java:642)
	at java.base/java.lang.Thread.run(Thread.java:1583)
Caused by: java.lang.NullPointerException: Cannot invoke "org.apache.hadoop.hdds.protocol.datanode.proto.ContainerProtos$ContainerCommandResponseProto.getResult()" because "r" is null
	at org.apache.hadoop.ozone.container.common.transport.server.ratis.ContainerStateMachine.lambda$applyTransaction$11(ContainerStateMachine.java:1157)
	at java.base/java.util.concurrent.CompletableFuture$UniApply.tryFire(CompletableFuture.java:646)
	... 10 more
]]></system-out>
  </testcase>
</testsuite>