<?xml version="1.0" encoding="UTF-8"?>
<testsuite xmlns:xsi="http://www.w3.org/2001/XMLSchema-instance" xsi:noNamespaceSchemaLocation="https://maven.apache.org/surefire/maven-surefire-plugin/xsd/surefire-test-report.xsd" version="3.0.2" name="org.apache.hadoop.ozone.client.rpc.read.TestKeyInputStream" time="85.133" tests="4" errors="0" skipped="0" failures="1">
  <properties>
    <property name="java.specification.version" value="21"/>
    <property name="sun.jnu.encoding" value="UTF-8"/>
    <property name="java.class.path" value="/home/runner/work/ozone/ozone/hadoop-ozone/integration-test/target/test-classes:/home/runner/work/ozone/ozone/hadoop-ozone/integration-test/target/classes:/home/runner/work/ozone/ozone/hadoop-hdds/server-scm/target/hdds-server-scm-2.1.0-SNAPSHOT.jar:/home/runner/.m2/repository/com/fasterxml/jackson/core/jackson-annotations/2.16.2/jackson-annotations-2.16.2.jar:/home/runner/.m2/repository/com/fasterxml/jackson/core/jackson-core/2.16.2/jackson-core-2.16.2.jar:/home/runner/.m2/repository/com/fasterxml/jackson/core/jackson-databind/2.16.2/jackson-databind-2.16.2.jar:/home/runner/.m2/repository/com/google/guava/guava/32.1.3-jre/guava-32.1.3-jre.jar:/home/runner/.m2/repository/com/google/guava/failureaccess/1.0.1/failureaccess-1.0.1.jar:/home/runner/.m2/repository/com/google/guava/listenablefuture/9999.0-empty-to-avoid-conflict-with-guava/listenablefuture-9999.0-empty-to-avoid-conflict-with-guava.jar:/home/runner/.m2/repository/org/checkerframework/checker-qual/3.37.0/checker-qual-3.37.0.jar:/home/runner/.m2/repository/com/google/errorprone/error_prone_annotations/2.29.2/error_prone_annotations-2.29.2.jar:/home/runner/.m2/repository/com/google/j2objc/j2objc-annotations/2.8/j2objc-annotations-2.8.jar:/home/runner/.m2/repository/com/google/protobuf/protobuf-java/2.5.0/protobuf-java-2.5.0.jar:/home/runner/.m2/repository/commons-collections/commons-collections/3.2.2/commons-collections-3.2.2.jar:/home/runner/.m2/repository/commons-io/commons-io/2.18.0/commons-io-2.18.0.jar:/home/runner/.m2/repository/info/picocli/picocli/4.7.7/picocli-4.7.7.jar:/home/runner/.m2/repository/io/dropwizard/metrics/metrics-core/3.2.6/metrics-core-3.2.6.jar:/home/runner/.m2/repository/jakarta/annotation/jakarta.annotation-api/2.1.1/jakarta.annotation-api-2.1.1.jar:/home/runner/.m2/repository/javax/servlet/javax.servlet-api/3.1.0/javax.servlet-api-3.1.0.jar:/home/runner/.m2/repository/org/apache/commons/commons-compress/1.27.1/commons-compress-1.27.1.jar:/home/runner/.m2/repository/org/apache/commons/commons-text/1.12.0/commons-text-1.12.0.jar:/home/runner/.m2/repository/org/apache/hadoop/hadoop-auth/3.4.1/hadoop-auth-3.4.1.jar:/home/runner/.m2/repository/org/apache/hadoop/hadoop-common/3.4.1/hadoop-common-3.4.1.jar:/home/runner/work/ozone/ozone/hadoop-hdds/client/target/hdds-client-2.1.0-SNAPSHOT.jar:/home/runner/work/ozone/ozone/hadoop-hdds/common/target/hdds-common-2.1.0-SNAPSHOT.jar:/home/runner/work/ozone/ozone/hadoop-hdds/config/target/hdds-config-2.1.0-SNAPSHOT.jar:/home/runner/work/ozone/ozone/hadoop-hdds/container-service/target/hdds-container-service-2.1.0-SNAPSHOT.jar:/home/runner/work/ozone/ozone/hadoop-hdds/interface-admin/target/hdds-interface-admin-2.1.0-SNAPSHOT.jar:/home/runner/work/ozone/ozone/hadoop-hdds/interface-client/target/hdds-interface-client-2.1.0-SNAPSHOT.jar:/home/runner/work/ozone/ozone/hadoop-hdds/interface-server/target/hdds-interface-server-2.1.0-SNAPSHOT.jar:/home/runner/work/ozone/ozone/hadoop-hdds/framework/target/hdds-server-framework-2.1.0-SNAPSHOT.jar:/home/runner/.m2/repository/org/apache/ratis/ratis-client/3.1.2/ratis-client-3.1.2.jar:/home/runner/.m2/repository/org/apache/ratis/ratis-common/3.1.2/ratis-common-3.1.2.jar:/home/runner/.m2/repository/org/apache/ratis/ratis-grpc/3.1.2/ratis-grpc-3.1.2.jar:/home/runner/.m2/repository/org/apache/ratis/ratis-netty/3.1.2/ratis-netty-3.1.2.jar:/home/runner/.m2/repository/org/apache/ratis/ratis-proto/3.1.2/ratis-proto-3.1.2.jar:/home/runner/.m2/repository/org/apache/ratis/ratis-server-api/3.1.2/ratis-server-api-3.1.2.jar:/home/runner/.m2/repository/org/apache/ratis/ratis-thirdparty-misc/1.0.6/ratis-thirdparty-misc-1.0.6.jar:/home/runner/.m2/repository/org/bouncycastle/bcpkix-jdk18on/1.80/bcpkix-jdk18on-1.80.jar:/home/runner/.m2/repository/org/bouncycastle/bcprov-jdk18on/1.80/bcprov-jdk18on-1.80.jar:/home/runner/.m2/repository/org/eclipse/jetty/jetty-webapp/9.4.57.v20241219/jetty-webapp-9.4.57.v20241219.jar:/home/runner/.m2/repository/org/eclipse/jetty/jetty-xml/9.4.57.v20241219/jetty-xml-9.4.57.v20241219.jar:/home/runner/.m2/repository/org/slf4j/slf4j-api/2.0.17/slf4j-api-2.0.17.jar:/home/runner/work/ozone/ozone/hadoop-ozone/cli-admin/target/ozone-cli-admin-2.1.0-SNAPSHOT.jar:/home/runner/.m2/repository/com/fasterxml/jackson/datatype/jackson-datatype-jsr310/2.16.2/jackson-datatype-jsr310-2.16.2.jar:/home/runner/work/ozone/ozone/hadoop-hdds/hadoop-dependency-client/target/hdds-hadoop-dependency-client-2.1.0-SNAPSHOT.jar:/home/runner/work/ozone/ozone/hadoop-ozone/interface-client/target/ozone-interface-client-2.1.0-SNAPSHOT.jar:/home/runner/.m2/repository/commons-codec/commons-codec/1.17.1/commons-codec-1.17.1.jar:/home/runner/work/ozone/ozone/hadoop-ozone/cli-shell/target/ozone-cli-shell-2.1.0-SNAPSHOT.jar:/home/runner/.m2/repository/info/picocli/picocli-shell-jline3/4.7.7/picocli-shell-jline3-4.7.7.jar:/home/runner/.m2/repository/jakarta/xml/bind/jakarta.xml.bind-api/2.3.3/jakarta.xml.bind-api-2.3.3.jar:/home/runner/.m2/repository/org/apache/httpcomponents/httpclient/4.5.14/httpclient-4.5.14.jar:/home/runner/work/ozone/ozone/hadoop-ozone/ozonefs-common/target/ozone-filesystem-common-2.1.0-SNAPSHOT.jar:/home/runner/.m2/repository/org/jline/jline/3.29.0/jline-3.29.0.jar:/home/runner/.m2/repository/org/slf4j/slf4j-reload4j/2.0.17/slf4j-reload4j-2.0.17.jar:/home/runner/work/ozone/ozone/hadoop-ozone/client/target/ozone-client-2.1.0-SNAPSHOT.jar:/home/runner/.m2/repository/com/github/stephenc/jcip/jcip-annotations/1.0-1/jcip-annotations-1.0-1.jar:/home/runner/work/ozone/ozone/hadoop-hdds/erasurecode/target/hdds-erasurecode-2.1.0-SNAPSHOT.jar:/home/runner/work/ozone/ozone/hadoop-ozone/common/target/ozone-common-2.1.0-SNAPSHOT.jar:/home/runner/.m2/repository/io/grpc/grpc-api/1.58.0/grpc-api-1.58.0.jar:/home/runner/.m2/repository/io/grpc/grpc-netty/1.58.0/grpc-netty-1.58.0.jar:/home/runner/.m2/repository/io/grpc/grpc-core/1.58.0/grpc-core-1.58.0.jar:/home/runner/.m2/repository/com/google/android/annotations/4.1.1.4/annotations-4.1.1.4.jar:/home/runner/.m2/repository/org/codehaus/mojo/animal-sniffer-annotations/1.23/animal-sniffer-annotations-1.23.jar:/home/runner/.m2/repository/io/grpc/grpc-context/1.58.0/grpc-context-1.58.0.jar:/home/runner/.m2/repository/io/grpc/grpc-util/1.58.0/grpc-util-1.58.0.jar:/home/runner/.m2/repository/io/perfmark/perfmark-api/0.26.0/perfmark-api-0.26.0.jar:/home/runner/.m2/repository/io/netty/netty-codec-http2/4.1.109.Final/netty-codec-http2-4.1.109.Final.jar:/home/runner/.m2/repository/io/netty/netty-codec-http/4.1.109.Final/netty-codec-http-4.1.109.Final.jar:/home/runner/.m2/repository/io/netty/netty-common/4.1.109.Final/netty-common-4.1.109.Final.jar:/home/runner/.m2/repository/io/netty/netty-handler/4.1.109.Final/netty-handler-4.1.109.Final.jar:/home/runner/.m2/repository/io/netty/netty-resolver/4.1.109.Final/netty-resolver-4.1.109.Final.jar:/home/runner/.m2/repository/io/netty/netty-handler-proxy/4.1.109.Final/netty-handler-proxy-4.1.109.Final.jar:/home/runner/.m2/repository/io/netty/netty-codec-socks/4.1.109.Final/netty-codec-socks-4.1.109.Final.jar:/home/runner/.m2/repository/org/apache/httpcomponents/httpcore/4.4.16/httpcore-4.4.16.jar:/home/runner/.m2/repository/io/netty/netty-tcnative-boringssl-static/2.0.65.Final/netty-tcnative-boringssl-static-2.0.65.Final.jar:/home/runner/.m2/repository/io/netty/netty-tcnative-classes/2.0.65.Final/netty-tcnative-classes-2.0.65.Final.jar:/home/runner/.m2/repository/io/netty/netty-tcnative-boringssl-static/2.0.65.Final/netty-tcnative-boringssl-static-2.0.65.Final-linux-x86_64.jar:/home/runner/.m2/repository/io/netty/netty-tcnative-boringssl-static/2.0.65.Final/netty-tcnative-boringssl-static-2.0.65.Final-linux-aarch_64.jar:/home/runner/.m2/repository/io/netty/netty-tcnative-boringssl-static/2.0.65.Final/netty-tcnative-boringssl-static-2.0.65.Final-osx-x86_64.jar:/home/runner/.m2/repository/io/netty/netty-tcnative-boringssl-static/2.0.65.Final/netty-tcnative-boringssl-static-2.0.65.Final-osx-aarch_64.jar:/home/runner/.m2/repository/io/netty/netty-tcnative-boringssl-static/2.0.65.Final/netty-tcnative-boringssl-static-2.0.65.Final-windows-x86_64.jar:/home/runner/work/ozone/ozone/hadoop-ozone/csi/target/ozone-csi-2.1.0-SNAPSHOT.jar:/home/runner/.m2/repository/ch/qos/reload4j/reload4j/1.2.26/reload4j-1.2.26.jar:/home/runner/.m2/repository/com/google/protobuf/protobuf-java-util/3.19.6/protobuf-java-util-3.19.6.jar:/home/runner/.m2/repository/io/grpc/grpc-protobuf/1.58.0/grpc-protobuf-1.58.0.jar:/home/runner/.m2/repository/com/google/api/grpc/proto-google-common-protos/2.22.0/proto-google-common-protos-2.22.0.jar:/home/runner/.m2/repository/io/grpc/grpc-protobuf-lite/1.58.0/grpc-protobuf-lite-1.58.0.jar:/home/runner/.m2/repository/io/grpc/grpc-stub/1.58.0/grpc-stub-1.58.0.jar:/home/runner/.m2/repository/io/netty/netty-transport/4.1.109.Final/netty-transport-4.1.109.Final.jar:/home/runner/.m2/repository/io/netty/netty-transport-classes-epoll/4.1.109.Final/netty-transport-classes-epoll-4.1.109.Final.jar:/home/runner/.m2/repository/io/netty/netty-transport-native-epoll/4.1.109.Final/netty-transport-native-epoll-4.1.109.Final-linux-x86_64.jar:/home/runner/.m2/repository/io/netty/netty-transport-native-unix-common/4.1.109.Final/netty-transport-native-unix-common-4.1.109.Final.jar:/home/runner/work/ozone/ozone/hadoop-ozone/ozonefs/target/ozone-filesystem-2.1.0-SNAPSHOT.jar:/home/runner/.m2/repository/io/opentracing/opentracing-api/0.33.0/opentracing-api-0.33.0.jar:/home/runner/.m2/repository/io/opentracing/opentracing-util/0.33.0/opentracing-util-0.33.0.jar:/home/runner/.m2/repository/io/opentracing/opentracing-noop/0.33.0/opentracing-noop-0.33.0.jar:/home/runner/work/ozone/ozone/hadoop-ozone/freon/target/ozone-freon-2.1.0-SNAPSHOT.jar:/home/runner/.m2/repository/com/amazonaws/aws-java-sdk-core/1.12.661/aws-java-sdk-core-1.12.661.jar:/home/runner/.m2/repository/com/fasterxml/jackson/dataformat/jackson-dataformat-cbor/2.16.2/jackson-dataformat-cbor-2.16.2.jar:/home/runner/.m2/repository/joda-time/joda-time/2.12.7/joda-time-2.12.7.jar:/home/runner/.m2/repository/com/amazonaws/aws-java-sdk-s3/1.12.661/aws-java-sdk-s3-1.12.661.jar:/home/runner/.m2/repository/com/amazonaws/aws-java-sdk-kms/1.12.661/aws-java-sdk-kms-1.12.661.jar:/home/runner/.m2/repository/com/amazonaws/jmespath-java/1.12.661/jmespath-java-1.12.661.jar:/home/runner/.m2/repository/org/apache/hadoop/hadoop-hdfs/3.4.1/hadoop-hdfs-3.4.1.jar:/home/runner/work/ozone/ozone/hadoop-ozone/interface-storage/target/ozone-interface-storage-2.1.0-SNAPSHOT.jar:/home/runner/.m2/repository/org/kohsuke/metainf-services/metainf-services/1.11/metainf-services-1.11.jar:/home/runner/work/ozone/ozone/hadoop-ozone/ozone-manager/target/ozone-manager-2.1.0-SNAPSHOT.jar:/home/runner/.m2/repository/com/sun/jersey/jersey-client/1.19.4/jersey-client-1.19.4.jar:/home/runner/.m2/repository/org/apache/hadoop/hadoop-hdfs-client/3.4.1/hadoop-hdfs-client-3.4.1.jar:/home/runner/.m2/repository/org/apache/kerby/kerby-util/1.0.1/kerby-util-1.0.1.jar:/home/runner/.m2/repository/org/apache/logging/log4j/log4j-api/2.24.2/log4j-api-2.24.2.jar:/home/runner/work/ozone/ozone/hadoop-hdds/managed-rocksdb/target/hdds-managed-rocksdb-2.1.0-SNAPSHOT.jar:/home/runner/work/ozone/ozone/hadoop-hdds/rocks-native/target/hdds-rocks-native-2.1.0-SNAPSHOT.jar:/home/runner/.m2/repository/org/eclipse/jetty/jetty-io/9.4.57.v20241219/jetty-io-9.4.57.v20241219.jar:/home/runner/work/ozone/ozone/hadoop-hdds/rocksdb-checkpoint-differ/target/rocksdb-checkpoint-differ-2.1.0-SNAPSHOT.jar:/home/runner/.m2/repository/com/github/vlsi/mxgraph/jgraphx/3.9.12/jgraphx-3.9.12.jar:/home/runner/.m2/repository/org/jgrapht/jgrapht-core/1.4.0/jgrapht-core-1.4.0.jar:/home/runner/.m2/repository/org/jheaps/jheaps/0.11/jheaps-0.11.jar:/home/runner/.m2/repository/org/jgrapht/jgrapht-ext/1.4.0/jgrapht-ext-1.4.0.jar:/home/runner/.m2/repository/org/apache/ranger/ranger-intg/2.6.0/ranger-intg-2.6.0.jar:/home/runner/.m2/repository/org/apache/ranger/ranger-plugins-common/2.6.0/ranger-plugins-common-2.6.0.jar:/home/runner/.m2/repository/com/fasterxml/jackson/jaxrs/jackson-jaxrs-base/2.16.2/jackson-jaxrs-base-2.16.2.jar:/home/runner/.m2/repository/com/fasterxml/jackson/jaxrs/jackson-jaxrs-json-provider/2.16.2/jackson-jaxrs-json-provider-2.16.2.jar:/home/runner/.m2/repository/com/kstruct/gethostname4j/1.0.0/gethostname4j-1.0.0.jar:/home/runner/.m2/repository/commons-lang/commons-lang/2.6/commons-lang-2.6.jar:/home/runner/.m2/repository/net/java/dev/jna/jna/5.2.0/jna-5.2.0.jar:/home/runner/.m2/repository/net/java/dev/jna/jna-platform/5.2.0/jna-platform-5.2.0.jar:/home/runner/.m2/repository/org/apache/ranger/ranger-plugin-classloader/2.6.0/ranger-plugin-classloader-2.6.0.jar:/home/runner/.m2/repository/org/apache/ranger/ranger-plugins-audit/2.6.0/ranger-plugins-audit-2.6.0.jar:/home/runner/.m2/repository/com/amazonaws/aws-java-sdk-logs/1.12.765/aws-java-sdk-logs-1.12.765.jar:/home/runner/.m2/repository/com/carrotsearch/hppc/0.8.0/hppc-0.8.0.jar:/home/runner/.m2/repository/io/airlift/aircompressor/0.27/aircompressor-0.27.jar:/home/runner/.m2/repository/org/apache/httpcomponents/httpasyncclient/4.1.4/httpasyncclient-4.1.4.jar:/home/runner/.m2/repository/org/apache/httpcomponents/httpcore-nio/4.4.16/httpcore-nio-4.4.16.jar:/home/runner/.m2/repository/org/apache/httpcomponents/httpmime/4.5.13/httpmime-4.5.13.jar:/home/runner/.m2/repository/org/apache/orc/orc-core/1.5.8/orc-core-1.5.8.jar:/home/runner/.m2/repository/org/apache/orc/orc-shims/1.5.8/orc-shims-1.5.8.jar:/home/runner/.m2/repository/org/eclipse/jetty/jetty-client/9.4.57.v20241219/jetty-client-9.4.57.v20241219.jar:/home/runner/.m2/repository/org/apache/ranger/ranger-plugins-cred/2.6.0/ranger-plugins-cred-2.6.0.jar:/home/runner/.m2/repository/org/aspectj/aspectjrt/1.9.7/aspectjrt-1.9.7.jar:/home/runner/.m2/repository/org/aspectj/aspectjweaver/1.9.7/aspectjweaver-1.9.7.jar:/home/runner/.m2/repository/org/eclipse/jetty/jetty-util/9.4.57.v20241219/jetty-util-9.4.57.v20241219.jar:/home/runner/.m2/repository/org/reflections/reflections/0.10.2/reflections-0.10.2.jar:/home/runner/.m2/repository/org/rocksdb/rocksdbjni/7.7.3/rocksdbjni-7.7.3.jar:/home/runner/work/ozone/ozone/hadoop-ozone/recon/target/ozone-recon-2.1.0-SNAPSHOT.jar:/home/runner/.m2/repository/aopalliance/aopalliance/1.0/aopalliance-1.0.jar:/home/runner/.m2/repository/com/google/inject/guice/6.0.0/guice-6.0.0.jar:/home/runner/.m2/repository/jakarta/inject/jakarta.inject-api/2.0.1/jakarta.inject-api-2.0.1.jar:/home/runner/.m2/repository/com/google/inject/extensions/guice-assistedinject/6.0.0/guice-assistedinject-6.0.0.jar:/home/runner/.m2/repository/com/google/inject/extensions/guice-servlet/6.0.0/guice-servlet-6.0.0.jar:/home/runner/.m2/repository/com/jolbox/bonecp/0.8.0.RELEASE/bonecp-0.8.0.RELEASE.jar:/home/runner/.m2/repository/jakarta/activation/jakarta.activation-api/1.2.2/jakarta.activation-api-1.2.2.jar:/home/runner/.m2/repository/jakarta/validation/jakarta.validation-api/2.0.2/jakarta.validation-api-2.0.2.jar:/home/runner/.m2/repository/jakarta/ws/rs/jakarta.ws.rs-api/2.1.6/jakarta.ws.rs-api-2.1.6.jar:/home/runner/.m2/repository/javax/inject/javax.inject/1/javax.inject-1.jar:/home/runner/.m2/repository/org/apache/derby/derby/10.14.2.0/derby-10.14.2.0.jar:/home/runner/work/ozone/ozone/hadoop-ozone/recon-codegen/target/ozone-reconcodegen-2.1.0-SNAPSHOT.jar:/home/runner/.m2/repository/org/eclipse/jetty/jetty-servlet/9.4.57.v20241219/jetty-servlet-9.4.57.v20241219.jar:/home/runner/.m2/repository/org/eclipse/jetty/jetty-security/9.4.57.v20241219/jetty-security-9.4.57.v20241219.jar:/home/runner/.m2/repository/org/glassfish/hk2/guice-bridge/2.6.1/guice-bridge-2.6.1.jar:/home/runner/.m2/repository/org/glassfish/hk2/hk2-api/2.6.1/hk2-api-2.6.1.jar:/home/runner/.m2/repository/org/glassfish/hk2/hk2-utils/2.6.1/hk2-utils-2.6.1.jar:/home/runner/.m2/repository/org/glassfish/hk2/external/aopalliance-repackaged/2.6.1/aopalliance-repackaged-2.6.1.jar:/home/runner/.m2/repository/org/glassfish/hk2/external/jakarta.inject/2.6.1/jakarta.inject-2.6.1.jar:/home/runner/.m2/repository/org/glassfish/jersey/containers/jersey-container-servlet/2.46/jersey-container-servlet-2.46.jar:/home/runner/.m2/repository/org/glassfish/jersey/containers/jersey-container-servlet-core/2.46/jersey-container-servlet-core-2.46.jar:/home/runner/.m2/repository/org/glassfish/jersey/core/jersey-common/2.46/jersey-common-2.46.jar:/home/runner/.m2/repository/org/glassfish/hk2/osgi-resource-locator/1.0.3/osgi-resource-locator-1.0.3.jar:/home/runner/.m2/repository/org/glassfish/jersey/core/jersey-server/2.46/jersey-server-2.46.jar:/home/runner/.m2/repository/org/glassfish/jersey/core/jersey-client/2.46/jersey-client-2.46.jar:/home/runner/.m2/repository/org/glassfish/jersey/inject/jersey-hk2/2.46/jersey-hk2-2.46.jar:/home/runner/.m2/repository/org/glassfish/hk2/hk2-locator/2.6.1/hk2-locator-2.6.1.jar:/home/runner/.m2/repository/org/glassfish/jersey/media/jersey-media-jaxb/2.46/jersey-media-jaxb-2.46.jar:/home/runner/.m2/repository/org/glassfish/jersey/media/jersey-media-json-jackson/2.46/jersey-media-json-jackson-2.46.jar:/home/runner/.m2/repository/org/glassfish/jersey/ext/jersey-entity-filtering/2.46/jersey-entity-filtering-2.46.jar:/home/runner/.m2/repository/com/fasterxml/jackson/module/jackson-module-jaxb-annotations/2.16.2/jackson-module-jaxb-annotations-2.16.2.jar:/home/runner/.m2/repository/org/javassist/javassist/3.30.2-GA/javassist-3.30.2-GA.jar:/home/runner/.m2/repository/org/jooq/jooq/3.11.10/jooq-3.11.10.jar:/home/runner/.m2/repository/org/jooq/jooq-codegen/3.11.10/jooq-codegen-3.11.10.jar:/home/runner/.m2/repository/org/jooq/jooq-meta/3.11.10/jooq-meta-3.11.10.jar:/home/runner/.m2/repository/org/springframework/spring-core/5.3.39/spring-core-5.3.39.jar:/home/runner/.m2/repository/org/springframework/spring-jdbc/5.3.39/spring-jdbc-5.3.39.jar:/home/runner/.m2/repository/org/springframework/spring-beans/5.3.39/spring-beans-5.3.39.jar:/home/runner/.m2/repository/org/springframework/spring-tx/5.3.39/spring-tx-5.3.39.jar:/home/runner/.m2/repository/org/xerial/sqlite-jdbc/3.49.1.0/sqlite-jdbc-3.49.1.0.jar:/home/runner/work/ozone/ozone/hadoop-ozone/s3gateway/target/ozone-s3gateway-2.1.0-SNAPSHOT.jar:/home/runner/work/ozone/ozone/hadoop-ozone/tools/target/ozone-tools-2.1.0-SNAPSHOT.jar:/home/runner/.m2/repository/org/apache/ratis/ratis-shell/3.1.2/ratis-shell-3.1.2.jar:/home/runner/.m2/repository/org/apache/ratis/ratis-tools/3.1.2/ratis-tools-3.1.2.jar:/home/runner/.m2/repository/org/glassfish/jaxb/jaxb-runtime/2.3.9/jaxb-runtime-2.3.9.jar:/home/runner/.m2/repository/org/glassfish/jaxb/txw2/2.3.9/txw2-2.3.9.jar:/home/runner/.m2/repository/com/sun/istack/istack-commons-runtime/3.0.12/istack-commons-runtime-3.0.12.jar:/home/runner/.m2/repository/com/sun/activation/jakarta.activation/1.2.2/jakarta.activation-1.2.2.jar:/home/runner/.m2/repository/org/apache/ratis/ratis-server/3.1.2/ratis-server-3.1.2.jar:/home/runner/.m2/repository/org/apache/ratis/ratis-metrics-api/3.1.2/ratis-metrics-api-3.1.2.jar:/home/runner/.m2/repository/org/hamcrest/hamcrest/2.2/hamcrest-2.2.jar:/home/runner/.m2/repository/org/slf4j/jul-to-slf4j/2.0.17/jul-to-slf4j-2.0.17.jar:/home/runner/.m2/repository/org/apache/commons/commons-lang3/3.17.0/commons-lang3-3.17.0.jar:/home/runner/.m2/repository/org/apache/hadoop/hadoop-common/3.4.1/hadoop-common-3.4.1-tests.jar:/home/runner/.m2/repository/org/apache/hadoop/thirdparty/hadoop-shaded-protobuf_3_25/1.4.0/hadoop-shaded-protobuf_3_25-1.4.0.jar:/home/runner/.m2/repository/org/apache/hadoop/hadoop-annotations/3.4.1/hadoop-annotations-3.4.1.jar:/home/runner/.m2/repository/org/apache/hadoop/thirdparty/hadoop-shaded-guava/1.3.0/hadoop-shaded-guava-1.3.0.jar:/home/runner/.m2/repository/commons-cli/commons-cli/1.8.0/commons-cli-1.8.0.jar:/home/runner/.m2/repository/org/apache/commons/commons-math3/3.6.1/commons-math3-3.6.1.jar:/home/runner/.m2/repository/commons-net/commons-net/3.11.1/commons-net-3.11.1.jar:/home/runner/.m2/repository/org/eclipse/jetty/jetty-server/9.4.57.v20241219/jetty-server-9.4.57.v20241219.jar:/home/runner/.m2/repository/javax/servlet/jsp/jsp-api/2.1/jsp-api-2.1.jar:/home/runner/.m2/repository/com/sun/jersey/jersey-core/1.19.4/jersey-core-1.19.4.jar:/home/runner/.m2/repository/javax/ws/rs/jsr311-api/1.1.1/jsr311-api-1.1.1.jar:/home/runner/.m2/repository/com/sun/jersey/jersey-servlet/1.19.4/jersey-servlet-1.19.4.jar:/home/runner/.m2/repository/com/github/pjfanning/jersey-json/1.22.0/jersey-json-1.22.0.jar:/home/runner/.m2/repository/com/sun/xml/bind/jaxb-impl/2.2.3-1/jaxb-impl-2.2.3-1.jar:/home/runner/.m2/repository/org/codehaus/jettison/jettison/1.5.4/jettison-1.5.4.jar:/home/runner/.m2/repository/com/sun/jersey/jersey-server/1.19.4/jersey-server-1.19.4.jar:/home/runner/.m2/repository/commons-beanutils/commons-beanutils/1.9.4/commons-beanutils-1.9.4.jar:/home/runner/.m2/repository/org/apache/commons/commons-configuration2/2.11.0/commons-configuration2-2.11.0.jar:/home/runner/.m2/repository/org/apache/avro/avro/1.9.2/avro-1.9.2.jar:/home/runner/.m2/repository/com/google/re2j/re2j/1.7/re2j-1.7.jar:/home/runner/.m2/repository/com/google/code/gson/gson/2.10.1/gson-2.10.1.jar:/home/runner/.m2/repository/com/jcraft/jsch/0.1.55/jsch-0.1.55.jar:/home/runner/.m2/repository/org/apache/curator/curator-client/4.2.0/curator-client-4.2.0.jar:/home/runner/.m2/repository/org/apache/curator/curator-recipes/5.2.0/curator-recipes-5.2.0.jar:/home/runner/.m2/repository/org/apache/curator/curator-framework/4.2.0/curator-framework-4.2.0.jar:/home/runner/.m2/repository/com/google/code/findbugs/jsr305/3.0.2/jsr305-3.0.2.jar:/home/runner/.m2/repository/org/apache/zookeeper/zookeeper/3.8.4/zookeeper-3.8.4.jar:/home/runner/.m2/repository/org/apache/zookeeper/zookeeper-jute/3.8.4/zookeeper-jute-3.8.4.jar:/home/runner/.m2/repository/org/apache/yetus/audience-annotations/0.12.0/audience-annotations-0.12.0.jar:/home/runner/.m2/repository/io/netty/netty-transport-native-epoll/4.1.109.Final/netty-transport-native-epoll-4.1.109.Final.jar:/home/runner/.m2/repository/org/apache/kerby/kerb-core/1.0.1/kerb-core-1.0.1.jar:/home/runner/.m2/repository/org/apache/kerby/kerby-pkix/1.0.1/kerby-pkix-1.0.1.jar:/home/runner/.m2/repository/org/apache/kerby/kerby-asn1/1.0.1/kerby-asn1-1.0.1.jar:/home/runner/.m2/repository/org/codehaus/woodstox/stax2-api/4.2.1/stax2-api-4.2.1.jar:/home/runner/.m2/repository/com/fasterxml/woodstox/woodstox-core/5.4.0/woodstox-core-5.4.0.jar:/home/runner/.m2/repository/dnsjava/dnsjava/3.6.1/dnsjava-3.6.1.jar:/home/runner/.m2/repository/org/xerial/snappy/snappy-java/1.1.10.7/snappy-java-1.1.10.7.jar:/home/runner/.m2/repository/org/apache/hadoop/hadoop-distcp/3.4.1/hadoop-distcp-3.4.1.jar:/home/runner/.m2/repository/org/apache/hadoop/hadoop-distcp/3.4.1/hadoop-distcp-3.4.1-tests.jar:/home/runner/.m2/repository/org/apache/hadoop/hadoop-hdfs/3.4.1/hadoop-hdfs-3.4.1-tests.jar:/home/runner/.m2/repository/org/eclipse/jetty/jetty-util-ajax/9.4.57.v20241219/jetty-util-ajax-9.4.57.v20241219.jar:/home/runner/.m2/repository/commons-daemon/commons-daemon/1.4.0/commons-daemon-1.4.0.jar:/home/runner/.m2/repository/io/netty/netty-all/4.1.109.Final/netty-all-4.1.109.Final.jar:/home/runner/.m2/repository/io/netty/netty-codec-dns/4.1.109.Final/netty-codec-dns-4.1.109.Final.jar:/home/runner/.m2/repository/io/netty/netty-codec-haproxy/4.1.109.Final/netty-codec-haproxy-4.1.109.Final.jar:/home/runner/.m2/repository/io/netty/netty-codec-memcache/4.1.109.Final/netty-codec-memcache-4.1.109.Final.jar:/home/runner/.m2/repository/io/netty/netty-codec-mqtt/4.1.109.Final/netty-codec-mqtt-4.1.109.Final.jar:/home/runner/.m2/repository/io/netty/netty-codec-redis/4.1.109.Final/netty-codec-redis-4.1.109.Final.jar:/home/runner/.m2/repository/io/netty/netty-codec-smtp/4.1.109.Final/netty-codec-smtp-4.1.109.Final.jar:/home/runner/.m2/repository/io/netty/netty-codec-stomp/4.1.109.Final/netty-codec-stomp-4.1.109.Final.jar:/home/runner/.m2/repository/io/netty/netty-codec-xml/4.1.109.Final/netty-codec-xml-4.1.109.Final.jar:/home/runner/.m2/repository/io/netty/netty-handler-ssl-ocsp/4.1.109.Final/netty-handler-ssl-ocsp-4.1.109.Final.jar:/home/runner/.m2/repository/io/netty/netty-resolver-dns/4.1.109.Final/netty-resolver-dns-4.1.109.Final.jar:/home/runner/.m2/repository/io/netty/netty-transport-rxtx/4.1.109.Final/netty-transport-rxtx-4.1.109.Final.jar:/home/runner/.m2/repository/io/netty/netty-transport-sctp/4.1.109.Final/netty-transport-sctp-4.1.109.Final.jar:/home/runner/.m2/repository/io/netty/netty-transport-udt/4.1.109.Final/netty-transport-udt-4.1.109.Final.jar:/home/runner/.m2/repository/io/netty/netty-transport-classes-kqueue/4.1.109.Final/netty-transport-classes-kqueue-4.1.109.Final.jar:/home/runner/.m2/repository/io/netty/netty-resolver-dns-classes-macos/4.1.109.Final/netty-resolver-dns-classes-macos-4.1.109.Final.jar:/home/runner/.m2/repository/io/netty/netty-transport-native-epoll/4.1.109.Final/netty-transport-native-epoll-4.1.109.Final-linux-aarch_64.jar:/home/runner/.m2/repository/io/netty/netty-transport-native-epoll/4.1.109.Final/netty-transport-native-epoll-4.1.109.Final-linux-riscv64.jar:/home/runner/.m2/repository/io/netty/netty-transport-native-kqueue/4.1.109.Final/netty-transport-native-kqueue-4.1.109.Final-osx-x86_64.jar:/home/runner/.m2/repository/io/netty/netty-transport-native-kqueue/4.1.109.Final/netty-transport-native-kqueue-4.1.109.Final-osx-aarch_64.jar:/home/runner/.m2/repository/io/netty/netty-resolver-dns-native-macos/4.1.109.Final/netty-resolver-dns-native-macos-4.1.109.Final-osx-x86_64.jar:/home/runner/.m2/repository/io/netty/netty-resolver-dns-native-macos/4.1.109.Final/netty-resolver-dns-native-macos-4.1.109.Final-osx-aarch_64.jar:/home/runner/.m2/repository/org/fusesource/leveldbjni/leveldbjni-all/1.8/leveldbjni-all-1.8.jar:/home/runner/.m2/repository/org/apache/hadoop/hadoop-kms/3.4.1/hadoop-kms-3.4.1.jar:/home/runner/.m2/repository/org/apache/hadoop/hadoop-kms/3.4.1/hadoop-kms-3.4.1-tests.jar:/home/runner/.m2/repository/org/apache/hadoop/hadoop-mapreduce-client-core/3.4.1/hadoop-mapreduce-client-core-3.4.1.jar:/home/runner/.m2/repository/org/apache/hadoop/hadoop-yarn-client/3.4.1/hadoop-yarn-client-3.4.1.jar:/home/runner/.m2/repository/org/eclipse/jetty/websocket/websocket-client/9.4.53.v20231009/websocket-client-9.4.53.v20231009.jar:/home/runner/.m2/repository/org/eclipse/jetty/websocket/websocket-common/9.4.53.v20231009/websocket-common-9.4.53.v20231009.jar:/home/runner/.m2/repository/org/eclipse/jetty/websocket/websocket-api/9.4.53.v20231009/websocket-api-9.4.53.v20231009.jar:/home/runner/.m2/repository/org/apache/hadoop/hadoop-yarn-api/3.4.1/hadoop-yarn-api-3.4.1.jar:/home/runner/.m2/repository/org/apache/hadoop/hadoop-yarn-common/3.4.1/hadoop-yarn-common-3.4.1.jar:/home/runner/.m2/repository/javax/xml/bind/jaxb-api/2.2.11/jaxb-api-2.2.11.jar:/home/runner/.m2/repository/com/sun/jersey/contribs/jersey-guice/1.19.4/jersey-guice-1.19.4.jar:/home/runner/.m2/repository/org/apache/hadoop/hadoop-mapreduce-client-jobclient/3.4.1/hadoop-mapreduce-client-jobclient-3.4.1.jar:/home/runner/.m2/repository/org/apache/hadoop/hadoop-mapreduce-client-common/3.4.1/hadoop-mapreduce-client-common-3.4.1.jar:/home/runner/.m2/repository/org/apache/hadoop/hadoop-minikdc/3.4.1/hadoop-minikdc-3.4.1.jar:/home/runner/.m2/repository/org/apache/kerby/kerb-simplekdc/2.0.3/kerb-simplekdc-2.0.3.jar:/home/runner/.m2/repository/org/apache/kerby/kerb-client/2.0.3/kerb-client-2.0.3.jar:/home/runner/.m2/repository/org/apache/kerby/kerb-common/2.0.3/kerb-common-2.0.3.jar:/home/runner/.m2/repository/org/apache/kerby/token-provider/2.0.3/token-provider-2.0.3.jar:/home/runner/.m2/repository/org/apache/kerby/kerb-admin/2.0.3/kerb-admin-2.0.3.jar:/home/runner/.m2/repository/org/apache/kerby/kerb-server/2.0.3/kerb-server-2.0.3.jar:/home/runner/.m2/repository/org/apache/kerby/kerb-identity/2.0.3/kerb-identity-2.0.3.jar:/home/runner/.m2/repository/org/apache/kerby/kerby-xdr/2.0.3/kerby-xdr-2.0.3.jar:/home/runner/.m2/repository/junit/junit/4.13.2/junit-4.13.2.jar:/home/runner/.m2/repository/org/hamcrest/hamcrest-core/1.3/hamcrest-core-1.3.jar:/home/runner/work/ozone/ozone/hadoop-hdds/common/target/hdds-common-2.1.0-SNAPSHOT-tests.jar:/home/runner/.m2/repository/commons-validator/commons-validator/1.6/commons-validator-1.6.jar:/home/runner/.m2/repository/commons-digester/commons-digester/1.8.1/commons-digester-1.8.1.jar:/home/runner/.m2/repository/io/jaegertracing/jaeger-client/1.8.1/jaeger-client-1.8.1.jar:/home/runner/.m2/repository/io/jaegertracing/jaeger-thrift/1.8.1/jaeger-thrift-1.8.1.jar:/home/runner/.m2/repository/org/apache/thrift/libthrift/0.15.0/libthrift-0.15.0.jar:/home/runner/.m2/repository/com/squareup/okhttp3/okhttp/4.12.0/okhttp-4.12.0.jar:/home/runner/.m2/repository/com/squareup/okio/okio/3.6.0/okio-3.6.0.jar:/home/runner/.m2/repository/com/squareup/okio/okio-jvm/3.6.0/okio-jvm-3.6.0.jar:/home/runner/.m2/repository/org/jetbrains/kotlin/kotlin-stdlib-common/1.9.25/kotlin-stdlib-common-1.9.25.jar:/home/runner/.m2/repository/org/jetbrains/kotlin/kotlin-stdlib-jdk8/1.9.25/kotlin-stdlib-jdk8-1.9.25.jar:/home/runner/.m2/repository/org/jetbrains/kotlin/kotlin-stdlib-jdk7/1.9.25/kotlin-stdlib-jdk7-1.9.25.jar:/home/runner/.m2/repository/io/jaegertracing/jaeger-tracerresolver/1.8.1/jaeger-tracerresolver-1.8.1.jar:/home/runner/.m2/repository/io/opentracing/contrib/opentracing-tracerresolver/0.1.8/opentracing-tracerresolver-0.1.8.jar:/home/runner/.m2/repository/io/jaegertracing/jaeger-core/1.8.1/jaeger-core-1.8.1.jar:/home/runner/.m2/repository/javax/annotation/javax.annotation-api/1.3.2/javax.annotation-api-1.3.2.jar:/home/runner/work/ozone/ozone/hadoop-hdds/annotations/target/hdds-annotation-processing-2.1.0-SNAPSHOT.jar:/home/runner/.m2/repository/org/apache/ratis/ratis-metrics-dropwizard3/3.1.2/ratis-metrics-dropwizard3-3.1.2.jar:/home/runner/.m2/repository/org/bouncycastle/bcutil-jdk18on/1.80/bcutil-jdk18on-1.80.jar:/home/runner/.m2/repository/org/jetbrains/kotlin/kotlin-stdlib/1.9.25/kotlin-stdlib-1.9.25.jar:/home/runner/.m2/repository/org/jetbrains/annotations/13.0/annotations-13.0.jar:/home/runner/.m2/repository/org/slf4j/jcl-over-slf4j/2.0.17/jcl-over-slf4j-2.0.17.jar:/home/runner/.m2/repository/org/yaml/snakeyaml/2.0/snakeyaml-2.0.jar:/home/runner/work/ozone/ozone/hadoop-hdds/container-service/target/hdds-container-service-2.1.0-SNAPSHOT-tests.jar:/home/runner/.m2/repository/com/github/luben/zstd-jni/1.5.7-2/zstd-jni-1.5.7-2.jar:/home/runner/.m2/repository/io/netty/netty-buffer/4.1.109.Final/netty-buffer-4.1.109.Final.jar:/home/runner/.m2/repository/io/netty/netty-codec/4.1.109.Final/netty-codec-4.1.109.Final.jar:/home/runner/.m2/repository/log4j/apache-log4j-extras/1.2.17/apache-log4j-extras-1.2.17.jar:/home/runner/work/ozone/ozone/hadoop-hdds/framework/target/hdds-server-framework-2.1.0-SNAPSHOT-tests.jar:/home/runner/.m2/repository/com/github/jnr/jnr-constants/0.10.4/jnr-constants-0.10.4.jar:/home/runner/.m2/repository/com/github/jnr/jnr-posix/3.1.20/jnr-posix-3.1.20.jar:/home/runner/.m2/repository/com/github/jnr/jnr-ffi/2.2.17/jnr-ffi-2.2.17.jar:/home/runner/.m2/repository/com/github/jnr/jffi/1.3.13/jffi-1.3.13.jar:/home/runner/.m2/repository/com/github/jnr/jffi/1.3.13/jffi-1.3.13-native.jar:/home/runner/.m2/repository/org/ow2/asm/asm/9.7.1/asm-9.7.1.jar:/home/runner/.m2/repository/org/ow2/asm/asm-commons/9.7.1/asm-commons-9.7.1.jar:/home/runner/.m2/repository/org/ow2/asm/asm-analysis/9.7.1/asm-analysis-9.7.1.jar:/home/runner/.m2/repository/org/ow2/asm/asm-tree/9.7.1/asm-tree-9.7.1.jar:/home/runner/.m2/repository/org/ow2/asm/asm-util/9.7.1/asm-util-9.7.1.jar:/home/runner/.m2/repository/com/github/jnr/jnr-a64asm/1.0.0/jnr-a64asm-1.0.0.jar:/home/runner/.m2/repository/com/github/jnr/jnr-x86asm/1.0.2/jnr-x86asm-1.0.2.jar:/home/runner/.m2/repository/commons-fileupload/commons-fileupload/1.5/commons-fileupload-1.5.jar:/home/runner/.m2/repository/io/prometheus/simpleclient/0.16.0/simpleclient-0.16.0.jar:/home/runner/.m2/repository/io/prometheus/simpleclient_common/0.16.0/simpleclient_common-0.16.0.jar:/home/runner/.m2/repository/io/prometheus/simpleclient_dropwizard/0.16.0/simpleclient_dropwizard-0.16.0.jar:/home/runner/.m2/repository/org/apache/logging/log4j/log4j-core/2.24.2/log4j-core-2.24.2.jar:/home/runner/.m2/repository/org/eclipse/jetty/jetty-http/9.4.57.v20241219/jetty-http-9.4.57.v20241219.jar:/home/runner/.m2/repository/com/lmax/disruptor/3.4.4/disruptor-3.4.4.jar:/home/runner/.m2/repository/com/nimbusds/nimbus-jose-jwt/9.40/nimbus-jose-jwt-9.40.jar:/home/runner/.m2/repository/org/apache/kerby/kerb-util/1.0.1/kerb-util-1.0.1.jar:/home/runner/.m2/repository/org/apache/kerby/kerby-config/1.0.1/kerby-config-1.0.1.jar:/home/runner/.m2/repository/org/apache/kerby/kerb-crypto/1.0.1/kerb-crypto-1.0.1.jar:/home/runner/work/ozone/ozone/hadoop-hdds/server-scm/target/hdds-server-scm-2.1.0-SNAPSHOT-tests.jar:/home/runner/work/ozone/ozone/hadoop-hdds/test-utils/target/hdds-test-utils-2.1.0-SNAPSHOT-tests.jar:/home/runner/work/ozone/ozone/hadoop-ozone/ozone-manager/target/ozone-manager-2.1.0-SNAPSHOT-tests.jar:/home/runner/work/ozone/ozone/hadoop-ozone/mini-cluster/target/ozone-mini-cluster-2.1.0-SNAPSHOT.jar:/home/runner/.m2/repository/org/assertj/assertj-core/3.27.3/assertj-core-3.27.3.jar:/home/runner/.m2/repository/net/bytebuddy/byte-buddy/1.15.11/byte-buddy-1.15.11.jar:/home/runner/.m2/repository/org/junit/jupiter/junit-jupiter-api/5.12.2/junit-jupiter-api-5.12.2.jar:/home/runner/.m2/repository/org/opentest4j/opentest4j/1.3.0/opentest4j-1.3.0.jar:/home/runner/.m2/repository/org/junit/platform/junit-platform-commons/1.12.2/junit-platform-commons-1.12.2.jar:/home/runner/.m2/repository/org/apiguardian/apiguardian-api/1.1.2/apiguardian-api-1.1.2.jar:/home/runner/.m2/repository/org/junit/jupiter/junit-jupiter-params/5.12.2/junit-jupiter-params-5.12.2.jar:/home/runner/.m2/repository/org/mockito/mockito-core/4.11.0/mockito-core-4.11.0.jar:/home/runner/.m2/repository/net/bytebuddy/byte-buddy-agent/1.12.19/byte-buddy-agent-1.12.19.jar:/home/runner/.m2/repository/org/objenesis/objenesis/3.3/objenesis-3.3.jar:/home/runner/.m2/repository/org/mockito/mockito-inline/4.11.0/mockito-inline-4.11.0.jar:/home/runner/.m2/repository/org/mockito/mockito-junit-jupiter/4.11.0/mockito-junit-jupiter-4.11.0.jar:/home/runner/work/ozone/ozone/hadoop-ozone/integration-test/target/gradle-enterprise/test-listeners.jar:"/>
    <property name="java.vm.vendor" value="Eclipse Adoptium"/>
    <property name="sun.arch.data.model" value="64"/>
    <property name="test.build.dir" value="/home/runner/work/ozone/ozone/hadoop-ozone/integration-test/target/test-dir"/>
    <property name="test.cache.data" value=""/>
    <property name="java.vendor.url" value="https://adoptium.net/"/>
    <property name="user.timezone" value="Etc/UTC"/>
    <property name="maven-surefire-plugin.argLineAccessArgs" value=" --add-opens java.management/com.sun.jmx.mbeanserver=ALL-UNNAMED --add-exports java.management/com.sun.jmx.mbeanserver=ALL-UNNAMED --add-opens java.base/java.nio=ALL-UNNAMED --add-opens java.base/java.lang=ALL-UNNAMED --add-opens java.base/java.lang.reflect=ALL-UNNAMED"/>
    <property name="os.name" value="Linux"/>
    <property name="java.vm.specification.version" value="21"/>
    <property name="test.build.data" value="/home/runner/work/ozone/ozone/hadoop-ozone/integration-test/target/test-dir"/>
    <property name="sun.java.launcher" value="SUN_STANDARD"/>
    <property name="sun.boot.library.path" value="/usr/lib/jvm/temurin-21-jdk-amd64/lib"/>
    <property name="sun.java.command" value="/home/runner/work/ozone/ozone/hadoop-ozone/integration-test/target/surefire/surefirebooter-20250508120501537_371.jar /home/runner/work/ozone/ozone/hadoop-ozone/integration-test/target/surefire 2025-05-08T12-01-04_087-jvmRun1 surefire-20250508120501537_369tmp surefire_27-20250508120501537_370tmp"/>
    <property name="jdk.debug" value="release"/>
    <property name="native.lib.tmp.dir" value="/tmp"/>
    <property name="surefire.test.class.path" value="/home/runner/work/ozone/ozone/hadoop-ozone/integration-test/target/test-classes:/home/runner/work/ozone/ozone/hadoop-ozone/integration-test/target/classes:/home/runner/work/ozone/ozone/hadoop-hdds/server-scm/target/hdds-server-scm-2.1.0-SNAPSHOT.jar:/home/runner/.m2/repository/com/fasterxml/jackson/core/jackson-annotations/2.16.2/jackson-annotations-2.16.2.jar:/home/runner/.m2/repository/com/fasterxml/jackson/core/jackson-core/2.16.2/jackson-core-2.16.2.jar:/home/runner/.m2/repository/com/fasterxml/jackson/core/jackson-databind/2.16.2/jackson-databind-2.16.2.jar:/home/runner/.m2/repository/com/google/guava/guava/32.1.3-jre/guava-32.1.3-jre.jar:/home/runner/.m2/repository/com/google/guava/failureaccess/1.0.1/failureaccess-1.0.1.jar:/home/runner/.m2/repository/com/google/guava/listenablefuture/9999.0-empty-to-avoid-conflict-with-guava/listenablefuture-9999.0-empty-to-avoid-conflict-with-guava.jar:/home/runner/.m2/repository/org/checkerframework/checker-qual/3.37.0/checker-qual-3.37.0.jar:/home/runner/.m2/repository/com/google/errorprone/error_prone_annotations/2.29.2/error_prone_annotations-2.29.2.jar:/home/runner/.m2/repository/com/google/j2objc/j2objc-annotations/2.8/j2objc-annotations-2.8.jar:/home/runner/.m2/repository/com/google/protobuf/protobuf-java/2.5.0/protobuf-java-2.5.0.jar:/home/runner/.m2/repository/commons-collections/commons-collections/3.2.2/commons-collections-3.2.2.jar:/home/runner/.m2/repository/commons-io/commons-io/2.18.0/commons-io-2.18.0.jar:/home/runner/.m2/repository/info/picocli/picocli/4.7.7/picocli-4.7.7.jar:/home/runner/.m2/repository/io/dropwizard/metrics/metrics-core/3.2.6/metrics-core-3.2.6.jar:/home/runner/.m2/repository/jakarta/annotation/jakarta.annotation-api/2.1.1/jakarta.annotation-api-2.1.1.jar:/home/runner/.m2/repository/javax/servlet/javax.servlet-api/3.1.0/javax.servlet-api-3.1.0.jar:/home/runner/.m2/repository/org/apache/commons/commons-compress/1.27.1/commons-compress-1.27.1.jar:/home/runner/.m2/repository/org/apache/commons/commons-text/1.12.0/commons-text-1.12.0.jar:/home/runner/.m2/repository/org/apache/hadoop/hadoop-auth/3.4.1/hadoop-auth-3.4.1.jar:/home/runner/.m2/repository/org/apache/hadoop/hadoop-common/3.4.1/hadoop-common-3.4.1.jar:/home/runner/work/ozone/ozone/hadoop-hdds/client/target/hdds-client-2.1.0-SNAPSHOT.jar:/home/runner/work/ozone/ozone/hadoop-hdds/common/target/hdds-common-2.1.0-SNAPSHOT.jar:/home/runner/work/ozone/ozone/hadoop-hdds/config/target/hdds-config-2.1.0-SNAPSHOT.jar:/home/runner/work/ozone/ozone/hadoop-hdds/container-service/target/hdds-container-service-2.1.0-SNAPSHOT.jar:/home/runner/work/ozone/ozone/hadoop-hdds/interface-admin/target/hdds-interface-admin-2.1.0-SNAPSHOT.jar:/home/runner/work/ozone/ozone/hadoop-hdds/interface-client/target/hdds-interface-client-2.1.0-SNAPSHOT.jar:/home/runner/work/ozone/ozone/hadoop-hdds/interface-server/target/hdds-interface-server-2.1.0-SNAPSHOT.jar:/home/runner/work/ozone/ozone/hadoop-hdds/framework/target/hdds-server-framework-2.1.0-SNAPSHOT.jar:/home/runner/.m2/repository/org/apache/ratis/ratis-client/3.1.2/ratis-client-3.1.2.jar:/home/runner/.m2/repository/org/apache/ratis/ratis-common/3.1.2/ratis-common-3.1.2.jar:/home/runner/.m2/repository/org/apache/ratis/ratis-grpc/3.1.2/ratis-grpc-3.1.2.jar:/home/runner/.m2/repository/org/apache/ratis/ratis-netty/3.1.2/ratis-netty-3.1.2.jar:/home/runner/.m2/repository/org/apache/ratis/ratis-proto/3.1.2/ratis-proto-3.1.2.jar:/home/runner/.m2/repository/org/apache/ratis/ratis-server-api/3.1.2/ratis-server-api-3.1.2.jar:/home/runner/.m2/repository/org/apache/ratis/ratis-thirdparty-misc/1.0.6/ratis-thirdparty-misc-1.0.6.jar:/home/runner/.m2/repository/org/bouncycastle/bcpkix-jdk18on/1.80/bcpkix-jdk18on-1.80.jar:/home/runner/.m2/repository/org/bouncycastle/bcprov-jdk18on/1.80/bcprov-jdk18on-1.80.jar:/home/runner/.m2/repository/org/eclipse/jetty/jetty-webapp/9.4.57.v20241219/jetty-webapp-9.4.57.v20241219.jar:/home/runner/.m2/repository/org/eclipse/jetty/jetty-xml/9.4.57.v20241219/jetty-xml-9.4.57.v20241219.jar:/home/runner/.m2/repository/org/slf4j/slf4j-api/2.0.17/slf4j-api-2.0.17.jar:/home/runner/work/ozone/ozone/hadoop-ozone/cli-admin/target/ozone-cli-admin-2.1.0-SNAPSHOT.jar:/home/runner/.m2/repository/com/fasterxml/jackson/datatype/jackson-datatype-jsr310/2.16.2/jackson-datatype-jsr310-2.16.2.jar:/home/runner/work/ozone/ozone/hadoop-hdds/hadoop-dependency-client/target/hdds-hadoop-dependency-client-2.1.0-SNAPSHOT.jar:/home/runner/work/ozone/ozone/hadoop-ozone/interface-client/target/ozone-interface-client-2.1.0-SNAPSHOT.jar:/home/runner/.m2/repository/commons-codec/commons-codec/1.17.1/commons-codec-1.17.1.jar:/home/runner/work/ozone/ozone/hadoop-ozone/cli-shell/target/ozone-cli-shell-2.1.0-SNAPSHOT.jar:/home/runner/.m2/repository/info/picocli/picocli-shell-jline3/4.7.7/picocli-shell-jline3-4.7.7.jar:/home/runner/.m2/repository/jakarta/xml/bind/jakarta.xml.bind-api/2.3.3/jakarta.xml.bind-api-2.3.3.jar:/home/runner/.m2/repository/org/apache/httpcomponents/httpclient/4.5.14/httpclient-4.5.14.jar:/home/runner/work/ozone/ozone/hadoop-ozone/ozonefs-common/target/ozone-filesystem-common-2.1.0-SNAPSHOT.jar:/home/runner/.m2/repository/org/jline/jline/3.29.0/jline-3.29.0.jar:/home/runner/.m2/repository/org/slf4j/slf4j-reload4j/2.0.17/slf4j-reload4j-2.0.17.jar:/home/runner/work/ozone/ozone/hadoop-ozone/client/target/ozone-client-2.1.0-SNAPSHOT.jar:/home/runner/.m2/repository/com/github/stephenc/jcip/jcip-annotations/1.0-1/jcip-annotations-1.0-1.jar:/home/runner/work/ozone/ozone/hadoop-hdds/erasurecode/target/hdds-erasurecode-2.1.0-SNAPSHOT.jar:/home/runner/work/ozone/ozone/hadoop-ozone/common/target/ozone-common-2.1.0-SNAPSHOT.jar:/home/runner/.m2/repository/io/grpc/grpc-api/1.58.0/grpc-api-1.58.0.jar:/home/runner/.m2/repository/io/grpc/grpc-netty/1.58.0/grpc-netty-1.58.0.jar:/home/runner/.m2/repository/io/grpc/grpc-core/1.58.0/grpc-core-1.58.0.jar:/home/runner/.m2/repository/com/google/android/annotations/4.1.1.4/annotations-4.1.1.4.jar:/home/runner/.m2/repository/org/codehaus/mojo/animal-sniffer-annotations/1.23/animal-sniffer-annotations-1.23.jar:/home/runner/.m2/repository/io/grpc/grpc-context/1.58.0/grpc-context-1.58.0.jar:/home/runner/.m2/repository/io/grpc/grpc-util/1.58.0/grpc-util-1.58.0.jar:/home/runner/.m2/repository/io/perfmark/perfmark-api/0.26.0/perfmark-api-0.26.0.jar:/home/runner/.m2/repository/io/netty/netty-codec-http2/4.1.109.Final/netty-codec-http2-4.1.109.Final.jar:/home/runner/.m2/repository/io/netty/netty-codec-http/4.1.109.Final/netty-codec-http-4.1.109.Final.jar:/home/runner/.m2/repository/io/netty/netty-common/4.1.109.Final/netty-common-4.1.109.Final.jar:/home/runner/.m2/repository/io/netty/netty-handler/4.1.109.Final/netty-handler-4.1.109.Final.jar:/home/runner/.m2/repository/io/netty/netty-resolver/4.1.109.Final/netty-resolver-4.1.109.Final.jar:/home/runner/.m2/repository/io/netty/netty-handler-proxy/4.1.109.Final/netty-handler-proxy-4.1.109.Final.jar:/home/runner/.m2/repository/io/netty/netty-codec-socks/4.1.109.Final/netty-codec-socks-4.1.109.Final.jar:/home/runner/.m2/repository/org/apache/httpcomponents/httpcore/4.4.16/httpcore-4.4.16.jar:/home/runner/.m2/repository/io/netty/netty-tcnative-boringssl-static/2.0.65.Final/netty-tcnative-boringssl-static-2.0.65.Final.jar:/home/runner/.m2/repository/io/netty/netty-tcnative-classes/2.0.65.Final/netty-tcnative-classes-2.0.65.Final.jar:/home/runner/.m2/repository/io/netty/netty-tcnative-boringssl-static/2.0.65.Final/netty-tcnative-boringssl-static-2.0.65.Final-linux-x86_64.jar:/home/runner/.m2/repository/io/netty/netty-tcnative-boringssl-static/2.0.65.Final/netty-tcnative-boringssl-static-2.0.65.Final-linux-aarch_64.jar:/home/runner/.m2/repository/io/netty/netty-tcnative-boringssl-static/2.0.65.Final/netty-tcnative-boringssl-static-2.0.65.Final-osx-x86_64.jar:/home/runner/.m2/repository/io/netty/netty-tcnative-boringssl-static/2.0.65.Final/netty-tcnative-boringssl-static-2.0.65.Final-osx-aarch_64.jar:/home/runner/.m2/repository/io/netty/netty-tcnative-boringssl-static/2.0.65.Final/netty-tcnative-boringssl-static-2.0.65.Final-windows-x86_64.jar:/home/runner/work/ozone/ozone/hadoop-ozone/csi/target/ozone-csi-2.1.0-SNAPSHOT.jar:/home/runner/.m2/repository/ch/qos/reload4j/reload4j/1.2.26/reload4j-1.2.26.jar:/home/runner/.m2/repository/com/google/protobuf/protobuf-java-util/3.19.6/protobuf-java-util-3.19.6.jar:/home/runner/.m2/repository/io/grpc/grpc-protobuf/1.58.0/grpc-protobuf-1.58.0.jar:/home/runner/.m2/repository/com/google/api/grpc/proto-google-common-protos/2.22.0/proto-google-common-protos-2.22.0.jar:/home/runner/.m2/repository/io/grpc/grpc-protobuf-lite/1.58.0/grpc-protobuf-lite-1.58.0.jar:/home/runner/.m2/repository/io/grpc/grpc-stub/1.58.0/grpc-stub-1.58.0.jar:/home/runner/.m2/repository/io/netty/netty-transport/4.1.109.Final/netty-transport-4.1.109.Final.jar:/home/runner/.m2/repository/io/netty/netty-transport-classes-epoll/4.1.109.Final/netty-transport-classes-epoll-4.1.109.Final.jar:/home/runner/.m2/repository/io/netty/netty-transport-native-epoll/4.1.109.Final/netty-transport-native-epoll-4.1.109.Final-linux-x86_64.jar:/home/runner/.m2/repository/io/netty/netty-transport-native-unix-common/4.1.109.Final/netty-transport-native-unix-common-4.1.109.Final.jar:/home/runner/work/ozone/ozone/hadoop-ozone/ozonefs/target/ozone-filesystem-2.1.0-SNAPSHOT.jar:/home/runner/.m2/repository/io/opentracing/opentracing-api/0.33.0/opentracing-api-0.33.0.jar:/home/runner/.m2/repository/io/opentracing/opentracing-util/0.33.0/opentracing-util-0.33.0.jar:/home/runner/.m2/repository/io/opentracing/opentracing-noop/0.33.0/opentracing-noop-0.33.0.jar:/home/runner/work/ozone/ozone/hadoop-ozone/freon/target/ozone-freon-2.1.0-SNAPSHOT.jar:/home/runner/.m2/repository/com/amazonaws/aws-java-sdk-core/1.12.661/aws-java-sdk-core-1.12.661.jar:/home/runner/.m2/repository/com/fasterxml/jackson/dataformat/jackson-dataformat-cbor/2.16.2/jackson-dataformat-cbor-2.16.2.jar:/home/runner/.m2/repository/joda-time/joda-time/2.12.7/joda-time-2.12.7.jar:/home/runner/.m2/repository/com/amazonaws/aws-java-sdk-s3/1.12.661/aws-java-sdk-s3-1.12.661.jar:/home/runner/.m2/repository/com/amazonaws/aws-java-sdk-kms/1.12.661/aws-java-sdk-kms-1.12.661.jar:/home/runner/.m2/repository/com/amazonaws/jmespath-java/1.12.661/jmespath-java-1.12.661.jar:/home/runner/.m2/repository/org/apache/hadoop/hadoop-hdfs/3.4.1/hadoop-hdfs-3.4.1.jar:/home/runner/work/ozone/ozone/hadoop-ozone/interface-storage/target/ozone-interface-storage-2.1.0-SNAPSHOT.jar:/home/runner/.m2/repository/org/kohsuke/metainf-services/metainf-services/1.11/metainf-services-1.11.jar:/home/runner/work/ozone/ozone/hadoop-ozone/ozone-manager/target/ozone-manager-2.1.0-SNAPSHOT.jar:/home/runner/.m2/repository/com/sun/jersey/jersey-client/1.19.4/jersey-client-1.19.4.jar:/home/runner/.m2/repository/org/apache/hadoop/hadoop-hdfs-client/3.4.1/hadoop-hdfs-client-3.4.1.jar:/home/runner/.m2/repository/org/apache/kerby/kerby-util/1.0.1/kerby-util-1.0.1.jar:/home/runner/.m2/repository/org/apache/logging/log4j/log4j-api/2.24.2/log4j-api-2.24.2.jar:/home/runner/work/ozone/ozone/hadoop-hdds/managed-rocksdb/target/hdds-managed-rocksdb-2.1.0-SNAPSHOT.jar:/home/runner/work/ozone/ozone/hadoop-hdds/rocks-native/target/hdds-rocks-native-2.1.0-SNAPSHOT.jar:/home/runner/.m2/repository/org/eclipse/jetty/jetty-io/9.4.57.v20241219/jetty-io-9.4.57.v20241219.jar:/home/runner/work/ozone/ozone/hadoop-hdds/rocksdb-checkpoint-differ/target/rocksdb-checkpoint-differ-2.1.0-SNAPSHOT.jar:/home/runner/.m2/repository/com/github/vlsi/mxgraph/jgraphx/3.9.12/jgraphx-3.9.12.jar:/home/runner/.m2/repository/org/jgrapht/jgrapht-core/1.4.0/jgrapht-core-1.4.0.jar:/home/runner/.m2/repository/org/jheaps/jheaps/0.11/jheaps-0.11.jar:/home/runner/.m2/repository/org/jgrapht/jgrapht-ext/1.4.0/jgrapht-ext-1.4.0.jar:/home/runner/.m2/repository/org/apache/ranger/ranger-intg/2.6.0/ranger-intg-2.6.0.jar:/home/runner/.m2/repository/org/apache/ranger/ranger-plugins-common/2.6.0/ranger-plugins-common-2.6.0.jar:/home/runner/.m2/repository/com/fasterxml/jackson/jaxrs/jackson-jaxrs-base/2.16.2/jackson-jaxrs-base-2.16.2.jar:/home/runner/.m2/repository/com/fasterxml/jackson/jaxrs/jackson-jaxrs-json-provider/2.16.2/jackson-jaxrs-json-provider-2.16.2.jar:/home/runner/.m2/repository/com/kstruct/gethostname4j/1.0.0/gethostname4j-1.0.0.jar:/home/runner/.m2/repository/commons-lang/commons-lang/2.6/commons-lang-2.6.jar:/home/runner/.m2/repository/net/java/dev/jna/jna/5.2.0/jna-5.2.0.jar:/home/runner/.m2/repository/net/java/dev/jna/jna-platform/5.2.0/jna-platform-5.2.0.jar:/home/runner/.m2/repository/org/apache/ranger/ranger-plugin-classloader/2.6.0/ranger-plugin-classloader-2.6.0.jar:/home/runner/.m2/repository/org/apache/ranger/ranger-plugins-audit/2.6.0/ranger-plugins-audit-2.6.0.jar:/home/runner/.m2/repository/com/amazonaws/aws-java-sdk-logs/1.12.765/aws-java-sdk-logs-1.12.765.jar:/home/runner/.m2/repository/com/carrotsearch/hppc/0.8.0/hppc-0.8.0.jar:/home/runner/.m2/repository/io/airlift/aircompressor/0.27/aircompressor-0.27.jar:/home/runner/.m2/repository/org/apache/httpcomponents/httpasyncclient/4.1.4/httpasyncclient-4.1.4.jar:/home/runner/.m2/repository/org/apache/httpcomponents/httpcore-nio/4.4.16/httpcore-nio-4.4.16.jar:/home/runner/.m2/repository/org/apache/httpcomponents/httpmime/4.5.13/httpmime-4.5.13.jar:/home/runner/.m2/repository/org/apache/orc/orc-core/1.5.8/orc-core-1.5.8.jar:/home/runner/.m2/repository/org/apache/orc/orc-shims/1.5.8/orc-shims-1.5.8.jar:/home/runner/.m2/repository/org/eclipse/jetty/jetty-client/9.4.57.v20241219/jetty-client-9.4.57.v20241219.jar:/home/runner/.m2/repository/org/apache/ranger/ranger-plugins-cred/2.6.0/ranger-plugins-cred-2.6.0.jar:/home/runner/.m2/repository/org/aspectj/aspectjrt/1.9.7/aspectjrt-1.9.7.jar:/home/runner/.m2/repository/org/aspectj/aspectjweaver/1.9.7/aspectjweaver-1.9.7.jar:/home/runner/.m2/repository/org/eclipse/jetty/jetty-util/9.4.57.v20241219/jetty-util-9.4.57.v20241219.jar:/home/runner/.m2/repository/org/reflections/reflections/0.10.2/reflections-0.10.2.jar:/home/runner/.m2/repository/org/rocksdb/rocksdbjni/7.7.3/rocksdbjni-7.7.3.jar:/home/runner/work/ozone/ozone/hadoop-ozone/recon/target/ozone-recon-2.1.0-SNAPSHOT.jar:/home/runner/.m2/repository/aopalliance/aopalliance/1.0/aopalliance-1.0.jar:/home/runner/.m2/repository/com/google/inject/guice/6.0.0/guice-6.0.0.jar:/home/runner/.m2/repository/jakarta/inject/jakarta.inject-api/2.0.1/jakarta.inject-api-2.0.1.jar:/home/runner/.m2/repository/com/google/inject/extensions/guice-assistedinject/6.0.0/guice-assistedinject-6.0.0.jar:/home/runner/.m2/repository/com/google/inject/extensions/guice-servlet/6.0.0/guice-servlet-6.0.0.jar:/home/runner/.m2/repository/com/jolbox/bonecp/0.8.0.RELEASE/bonecp-0.8.0.RELEASE.jar:/home/runner/.m2/repository/jakarta/activation/jakarta.activation-api/1.2.2/jakarta.activation-api-1.2.2.jar:/home/runner/.m2/repository/jakarta/validation/jakarta.validation-api/2.0.2/jakarta.validation-api-2.0.2.jar:/home/runner/.m2/repository/jakarta/ws/rs/jakarta.ws.rs-api/2.1.6/jakarta.ws.rs-api-2.1.6.jar:/home/runner/.m2/repository/javax/inject/javax.inject/1/javax.inject-1.jar:/home/runner/.m2/repository/org/apache/derby/derby/10.14.2.0/derby-10.14.2.0.jar:/home/runner/work/ozone/ozone/hadoop-ozone/recon-codegen/target/ozone-reconcodegen-2.1.0-SNAPSHOT.jar:/home/runner/.m2/repository/org/eclipse/jetty/jetty-servlet/9.4.57.v20241219/jetty-servlet-9.4.57.v20241219.jar:/home/runner/.m2/repository/org/eclipse/jetty/jetty-security/9.4.57.v20241219/jetty-security-9.4.57.v20241219.jar:/home/runner/.m2/repository/org/glassfish/hk2/guice-bridge/2.6.1/guice-bridge-2.6.1.jar:/home/runner/.m2/repository/org/glassfish/hk2/hk2-api/2.6.1/hk2-api-2.6.1.jar:/home/runner/.m2/repository/org/glassfish/hk2/hk2-utils/2.6.1/hk2-utils-2.6.1.jar:/home/runner/.m2/repository/org/glassfish/hk2/external/aopalliance-repackaged/2.6.1/aopalliance-repackaged-2.6.1.jar:/home/runner/.m2/repository/org/glassfish/hk2/external/jakarta.inject/2.6.1/jakarta.inject-2.6.1.jar:/home/runner/.m2/repository/org/glassfish/jersey/containers/jersey-container-servlet/2.46/jersey-container-servlet-2.46.jar:/home/runner/.m2/repository/org/glassfish/jersey/containers/jersey-container-servlet-core/2.46/jersey-container-servlet-core-2.46.jar:/home/runner/.m2/repository/org/glassfish/jersey/core/jersey-common/2.46/jersey-common-2.46.jar:/home/runner/.m2/repository/org/glassfish/hk2/osgi-resource-locator/1.0.3/osgi-resource-locator-1.0.3.jar:/home/runner/.m2/repository/org/glassfish/jersey/core/jersey-server/2.46/jersey-server-2.46.jar:/home/runner/.m2/repository/org/glassfish/jersey/core/jersey-client/2.46/jersey-client-2.46.jar:/home/runner/.m2/repository/org/glassfish/jersey/inject/jersey-hk2/2.46/jersey-hk2-2.46.jar:/home/runner/.m2/repository/org/glassfish/hk2/hk2-locator/2.6.1/hk2-locator-2.6.1.jar:/home/runner/.m2/repository/org/glassfish/jersey/media/jersey-media-jaxb/2.46/jersey-media-jaxb-2.46.jar:/home/runner/.m2/repository/org/glassfish/jersey/media/jersey-media-json-jackson/2.46/jersey-media-json-jackson-2.46.jar:/home/runner/.m2/repository/org/glassfish/jersey/ext/jersey-entity-filtering/2.46/jersey-entity-filtering-2.46.jar:/home/runner/.m2/repository/com/fasterxml/jackson/module/jackson-module-jaxb-annotations/2.16.2/jackson-module-jaxb-annotations-2.16.2.jar:/home/runner/.m2/repository/org/javassist/javassist/3.30.2-GA/javassist-3.30.2-GA.jar:/home/runner/.m2/repository/org/jooq/jooq/3.11.10/jooq-3.11.10.jar:/home/runner/.m2/repository/org/jooq/jooq-codegen/3.11.10/jooq-codegen-3.11.10.jar:/home/runner/.m2/repository/org/jooq/jooq-meta/3.11.10/jooq-meta-3.11.10.jar:/home/runner/.m2/repository/org/springframework/spring-core/5.3.39/spring-core-5.3.39.jar:/home/runner/.m2/repository/org/springframework/spring-jdbc/5.3.39/spring-jdbc-5.3.39.jar:/home/runner/.m2/repository/org/springframework/spring-beans/5.3.39/spring-beans-5.3.39.jar:/home/runner/.m2/repository/org/springframework/spring-tx/5.3.39/spring-tx-5.3.39.jar:/home/runner/.m2/repository/org/xerial/sqlite-jdbc/3.49.1.0/sqlite-jdbc-3.49.1.0.jar:/home/runner/work/ozone/ozone/hadoop-ozone/s3gateway/target/ozone-s3gateway-2.1.0-SNAPSHOT.jar:/home/runner/work/ozone/ozone/hadoop-ozone/tools/target/ozone-tools-2.1.0-SNAPSHOT.jar:/home/runner/.m2/repository/org/apache/ratis/ratis-shell/3.1.2/ratis-shell-3.1.2.jar:/home/runner/.m2/repository/org/apache/ratis/ratis-tools/3.1.2/ratis-tools-3.1.2.jar:/home/runner/.m2/repository/org/glassfish/jaxb/jaxb-runtime/2.3.9/jaxb-runtime-2.3.9.jar:/home/runner/.m2/repository/org/glassfish/jaxb/txw2/2.3.9/txw2-2.3.9.jar:/home/runner/.m2/repository/com/sun/istack/istack-commons-runtime/3.0.12/istack-commons-runtime-3.0.12.jar:/home/runner/.m2/repository/com/sun/activation/jakarta.activation/1.2.2/jakarta.activation-1.2.2.jar:/home/runner/.m2/repository/org/apache/ratis/ratis-server/3.1.2/ratis-server-3.1.2.jar:/home/runner/.m2/repository/org/apache/ratis/ratis-metrics-api/3.1.2/ratis-metrics-api-3.1.2.jar:/home/runner/.m2/repository/org/hamcrest/hamcrest/2.2/hamcrest-2.2.jar:/home/runner/.m2/repository/org/slf4j/jul-to-slf4j/2.0.17/jul-to-slf4j-2.0.17.jar:/home/runner/.m2/repository/org/apache/commons/commons-lang3/3.17.0/commons-lang3-3.17.0.jar:/home/runner/.m2/repository/org/apache/hadoop/hadoop-common/3.4.1/hadoop-common-3.4.1-tests.jar:/home/runner/.m2/repository/org/apache/hadoop/thirdparty/hadoop-shaded-protobuf_3_25/1.4.0/hadoop-shaded-protobuf_3_25-1.4.0.jar:/home/runner/.m2/repository/org/apache/hadoop/hadoop-annotations/3.4.1/hadoop-annotations-3.4.1.jar:/home/runner/.m2/repository/org/apache/hadoop/thirdparty/hadoop-shaded-guava/1.3.0/hadoop-shaded-guava-1.3.0.jar:/home/runner/.m2/repository/commons-cli/commons-cli/1.8.0/commons-cli-1.8.0.jar:/home/runner/.m2/repository/org/apache/commons/commons-math3/3.6.1/commons-math3-3.6.1.jar:/home/runner/.m2/repository/commons-net/commons-net/3.11.1/commons-net-3.11.1.jar:/home/runner/.m2/repository/org/eclipse/jetty/jetty-server/9.4.57.v20241219/jetty-server-9.4.57.v20241219.jar:/home/runner/.m2/repository/javax/servlet/jsp/jsp-api/2.1/jsp-api-2.1.jar:/home/runner/.m2/repository/com/sun/jersey/jersey-core/1.19.4/jersey-core-1.19.4.jar:/home/runner/.m2/repository/javax/ws/rs/jsr311-api/1.1.1/jsr311-api-1.1.1.jar:/home/runner/.m2/repository/com/sun/jersey/jersey-servlet/1.19.4/jersey-servlet-1.19.4.jar:/home/runner/.m2/repository/com/github/pjfanning/jersey-json/1.22.0/jersey-json-1.22.0.jar:/home/runner/.m2/repository/com/sun/xml/bind/jaxb-impl/2.2.3-1/jaxb-impl-2.2.3-1.jar:/home/runner/.m2/repository/org/codehaus/jettison/jettison/1.5.4/jettison-1.5.4.jar:/home/runner/.m2/repository/com/sun/jersey/jersey-server/1.19.4/jersey-server-1.19.4.jar:/home/runner/.m2/repository/commons-beanutils/commons-beanutils/1.9.4/commons-beanutils-1.9.4.jar:/home/runner/.m2/repository/org/apache/commons/commons-configuration2/2.11.0/commons-configuration2-2.11.0.jar:/home/runner/.m2/repository/org/apache/avro/avro/1.9.2/avro-1.9.2.jar:/home/runner/.m2/repository/com/google/re2j/re2j/1.7/re2j-1.7.jar:/home/runner/.m2/repository/com/google/code/gson/gson/2.10.1/gson-2.10.1.jar:/home/runner/.m2/repository/com/jcraft/jsch/0.1.55/jsch-0.1.55.jar:/home/runner/.m2/repository/org/apache/curator/curator-client/4.2.0/curator-client-4.2.0.jar:/home/runner/.m2/repository/org/apache/curator/curator-recipes/5.2.0/curator-recipes-5.2.0.jar:/home/runner/.m2/repository/org/apache/curator/curator-framework/4.2.0/curator-framework-4.2.0.jar:/home/runner/.m2/repository/com/google/code/findbugs/jsr305/3.0.2/jsr305-3.0.2.jar:/home/runner/.m2/repository/org/apache/zookeeper/zookeeper/3.8.4/zookeeper-3.8.4.jar:/home/runner/.m2/repository/org/apache/zookeeper/zookeeper-jute/3.8.4/zookeeper-jute-3.8.4.jar:/home/runner/.m2/repository/org/apache/yetus/audience-annotations/0.12.0/audience-annotations-0.12.0.jar:/home/runner/.m2/repository/io/netty/netty-transport-native-epoll/4.1.109.Final/netty-transport-native-epoll-4.1.109.Final.jar:/home/runner/.m2/repository/org/apache/kerby/kerb-core/1.0.1/kerb-core-1.0.1.jar:/home/runner/.m2/repository/org/apache/kerby/kerby-pkix/1.0.1/kerby-pkix-1.0.1.jar:/home/runner/.m2/repository/org/apache/kerby/kerby-asn1/1.0.1/kerby-asn1-1.0.1.jar:/home/runner/.m2/repository/org/codehaus/woodstox/stax2-api/4.2.1/stax2-api-4.2.1.jar:/home/runner/.m2/repository/com/fasterxml/woodstox/woodstox-core/5.4.0/woodstox-core-5.4.0.jar:/home/runner/.m2/repository/dnsjava/dnsjava/3.6.1/dnsjava-3.6.1.jar:/home/runner/.m2/repository/org/xerial/snappy/snappy-java/1.1.10.7/snappy-java-1.1.10.7.jar:/home/runner/.m2/repository/org/apache/hadoop/hadoop-distcp/3.4.1/hadoop-distcp-3.4.1.jar:/home/runner/.m2/repository/org/apache/hadoop/hadoop-distcp/3.4.1/hadoop-distcp-3.4.1-tests.jar:/home/runner/.m2/repository/org/apache/hadoop/hadoop-hdfs/3.4.1/hadoop-hdfs-3.4.1-tests.jar:/home/runner/.m2/repository/org/eclipse/jetty/jetty-util-ajax/9.4.57.v20241219/jetty-util-ajax-9.4.57.v20241219.jar:/home/runner/.m2/repository/commons-daemon/commons-daemon/1.4.0/commons-daemon-1.4.0.jar:/home/runner/.m2/repository/io/netty/netty-all/4.1.109.Final/netty-all-4.1.109.Final.jar:/home/runner/.m2/repository/io/netty/netty-codec-dns/4.1.109.Final/netty-codec-dns-4.1.109.Final.jar:/home/runner/.m2/repository/io/netty/netty-codec-haproxy/4.1.109.Final/netty-codec-haproxy-4.1.109.Final.jar:/home/runner/.m2/repository/io/netty/netty-codec-memcache/4.1.109.Final/netty-codec-memcache-4.1.109.Final.jar:/home/runner/.m2/repository/io/netty/netty-codec-mqtt/4.1.109.Final/netty-codec-mqtt-4.1.109.Final.jar:/home/runner/.m2/repository/io/netty/netty-codec-redis/4.1.109.Final/netty-codec-redis-4.1.109.Final.jar:/home/runner/.m2/repository/io/netty/netty-codec-smtp/4.1.109.Final/netty-codec-smtp-4.1.109.Final.jar:/home/runner/.m2/repository/io/netty/netty-codec-stomp/4.1.109.Final/netty-codec-stomp-4.1.109.Final.jar:/home/runner/.m2/repository/io/netty/netty-codec-xml/4.1.109.Final/netty-codec-xml-4.1.109.Final.jar:/home/runner/.m2/repository/io/netty/netty-handler-ssl-ocsp/4.1.109.Final/netty-handler-ssl-ocsp-4.1.109.Final.jar:/home/runner/.m2/repository/io/netty/netty-resolver-dns/4.1.109.Final/netty-resolver-dns-4.1.109.Final.jar:/home/runner/.m2/repository/io/netty/netty-transport-rxtx/4.1.109.Final/netty-transport-rxtx-4.1.109.Final.jar:/home/runner/.m2/repository/io/netty/netty-transport-sctp/4.1.109.Final/netty-transport-sctp-4.1.109.Final.jar:/home/runner/.m2/repository/io/netty/netty-transport-udt/4.1.109.Final/netty-transport-udt-4.1.109.Final.jar:/home/runner/.m2/repository/io/netty/netty-transport-classes-kqueue/4.1.109.Final/netty-transport-classes-kqueue-4.1.109.Final.jar:/home/runner/.m2/repository/io/netty/netty-resolver-dns-classes-macos/4.1.109.Final/netty-resolver-dns-classes-macos-4.1.109.Final.jar:/home/runner/.m2/repository/io/netty/netty-transport-native-epoll/4.1.109.Final/netty-transport-native-epoll-4.1.109.Final-linux-aarch_64.jar:/home/runner/.m2/repository/io/netty/netty-transport-native-epoll/4.1.109.Final/netty-transport-native-epoll-4.1.109.Final-linux-riscv64.jar:/home/runner/.m2/repository/io/netty/netty-transport-native-kqueue/4.1.109.Final/netty-transport-native-kqueue-4.1.109.Final-osx-x86_64.jar:/home/runner/.m2/repository/io/netty/netty-transport-native-kqueue/4.1.109.Final/netty-transport-native-kqueue-4.1.109.Final-osx-aarch_64.jar:/home/runner/.m2/repository/io/netty/netty-resolver-dns-native-macos/4.1.109.Final/netty-resolver-dns-native-macos-4.1.109.Final-osx-x86_64.jar:/home/runner/.m2/repository/io/netty/netty-resolver-dns-native-macos/4.1.109.Final/netty-resolver-dns-native-macos-4.1.109.Final-osx-aarch_64.jar:/home/runner/.m2/repository/org/fusesource/leveldbjni/leveldbjni-all/1.8/leveldbjni-all-1.8.jar:/home/runner/.m2/repository/org/apache/hadoop/hadoop-kms/3.4.1/hadoop-kms-3.4.1.jar:/home/runner/.m2/repository/org/apache/hadoop/hadoop-kms/3.4.1/hadoop-kms-3.4.1-tests.jar:/home/runner/.m2/repository/org/apache/hadoop/hadoop-mapreduce-client-core/3.4.1/hadoop-mapreduce-client-core-3.4.1.jar:/home/runner/.m2/repository/org/apache/hadoop/hadoop-yarn-client/3.4.1/hadoop-yarn-client-3.4.1.jar:/home/runner/.m2/repository/org/eclipse/jetty/websocket/websocket-client/9.4.53.v20231009/websocket-client-9.4.53.v20231009.jar:/home/runner/.m2/repository/org/eclipse/jetty/websocket/websocket-common/9.4.53.v20231009/websocket-common-9.4.53.v20231009.jar:/home/runner/.m2/repository/org/eclipse/jetty/websocket/websocket-api/9.4.53.v20231009/websocket-api-9.4.53.v20231009.jar:/home/runner/.m2/repository/org/apache/hadoop/hadoop-yarn-api/3.4.1/hadoop-yarn-api-3.4.1.jar:/home/runner/.m2/repository/org/apache/hadoop/hadoop-yarn-common/3.4.1/hadoop-yarn-common-3.4.1.jar:/home/runner/.m2/repository/javax/xml/bind/jaxb-api/2.2.11/jaxb-api-2.2.11.jar:/home/runner/.m2/repository/com/sun/jersey/contribs/jersey-guice/1.19.4/jersey-guice-1.19.4.jar:/home/runner/.m2/repository/org/apache/hadoop/hadoop-mapreduce-client-jobclient/3.4.1/hadoop-mapreduce-client-jobclient-3.4.1.jar:/home/runner/.m2/repository/org/apache/hadoop/hadoop-mapreduce-client-common/3.4.1/hadoop-mapreduce-client-common-3.4.1.jar:/home/runner/.m2/repository/org/apache/hadoop/hadoop-minikdc/3.4.1/hadoop-minikdc-3.4.1.jar:/home/runner/.m2/repository/org/apache/kerby/kerb-simplekdc/2.0.3/kerb-simplekdc-2.0.3.jar:/home/runner/.m2/repository/org/apache/kerby/kerb-client/2.0.3/kerb-client-2.0.3.jar:/home/runner/.m2/repository/org/apache/kerby/kerb-common/2.0.3/kerb-common-2.0.3.jar:/home/runner/.m2/repository/org/apache/kerby/token-provider/2.0.3/token-provider-2.0.3.jar:/home/runner/.m2/repository/org/apache/kerby/kerb-admin/2.0.3/kerb-admin-2.0.3.jar:/home/runner/.m2/repository/org/apache/kerby/kerb-server/2.0.3/kerb-server-2.0.3.jar:/home/runner/.m2/repository/org/apache/kerby/kerb-identity/2.0.3/kerb-identity-2.0.3.jar:/home/runner/.m2/repository/org/apache/kerby/kerby-xdr/2.0.3/kerby-xdr-2.0.3.jar:/home/runner/.m2/repository/junit/junit/4.13.2/junit-4.13.2.jar:/home/runner/.m2/repository/org/hamcrest/hamcrest-core/1.3/hamcrest-core-1.3.jar:/home/runner/work/ozone/ozone/hadoop-hdds/common/target/hdds-common-2.1.0-SNAPSHOT-tests.jar:/home/runner/.m2/repository/commons-validator/commons-validator/1.6/commons-validator-1.6.jar:/home/runner/.m2/repository/commons-digester/commons-digester/1.8.1/commons-digester-1.8.1.jar:/home/runner/.m2/repository/io/jaegertracing/jaeger-client/1.8.1/jaeger-client-1.8.1.jar:/home/runner/.m2/repository/io/jaegertracing/jaeger-thrift/1.8.1/jaeger-thrift-1.8.1.jar:/home/runner/.m2/repository/org/apache/thrift/libthrift/0.15.0/libthrift-0.15.0.jar:/home/runner/.m2/repository/com/squareup/okhttp3/okhttp/4.12.0/okhttp-4.12.0.jar:/home/runner/.m2/repository/com/squareup/okio/okio/3.6.0/okio-3.6.0.jar:/home/runner/.m2/repository/com/squareup/okio/okio-jvm/3.6.0/okio-jvm-3.6.0.jar:/home/runner/.m2/repository/org/jetbrains/kotlin/kotlin-stdlib-common/1.9.25/kotlin-stdlib-common-1.9.25.jar:/home/runner/.m2/repository/org/jetbrains/kotlin/kotlin-stdlib-jdk8/1.9.25/kotlin-stdlib-jdk8-1.9.25.jar:/home/runner/.m2/repository/org/jetbrains/kotlin/kotlin-stdlib-jdk7/1.9.25/kotlin-stdlib-jdk7-1.9.25.jar:/home/runner/.m2/repository/io/jaegertracing/jaeger-tracerresolver/1.8.1/jaeger-tracerresolver-1.8.1.jar:/home/runner/.m2/repository/io/opentracing/contrib/opentracing-tracerresolver/0.1.8/opentracing-tracerresolver-0.1.8.jar:/home/runner/.m2/repository/io/jaegertracing/jaeger-core/1.8.1/jaeger-core-1.8.1.jar:/home/runner/.m2/repository/javax/annotation/javax.annotation-api/1.3.2/javax.annotation-api-1.3.2.jar:/home/runner/work/ozone/ozone/hadoop-hdds/annotations/target/hdds-annotation-processing-2.1.0-SNAPSHOT.jar:/home/runner/.m2/repository/org/apache/ratis/ratis-metrics-dropwizard3/3.1.2/ratis-metrics-dropwizard3-3.1.2.jar:/home/runner/.m2/repository/org/bouncycastle/bcutil-jdk18on/1.80/bcutil-jdk18on-1.80.jar:/home/runner/.m2/repository/org/jetbrains/kotlin/kotlin-stdlib/1.9.25/kotlin-stdlib-1.9.25.jar:/home/runner/.m2/repository/org/jetbrains/annotations/13.0/annotations-13.0.jar:/home/runner/.m2/repository/org/slf4j/jcl-over-slf4j/2.0.17/jcl-over-slf4j-2.0.17.jar:/home/runner/.m2/repository/org/yaml/snakeyaml/2.0/snakeyaml-2.0.jar:/home/runner/work/ozone/ozone/hadoop-hdds/container-service/target/hdds-container-service-2.1.0-SNAPSHOT-tests.jar:/home/runner/.m2/repository/com/github/luben/zstd-jni/1.5.7-2/zstd-jni-1.5.7-2.jar:/home/runner/.m2/repository/io/netty/netty-buffer/4.1.109.Final/netty-buffer-4.1.109.Final.jar:/home/runner/.m2/repository/io/netty/netty-codec/4.1.109.Final/netty-codec-4.1.109.Final.jar:/home/runner/.m2/repository/log4j/apache-log4j-extras/1.2.17/apache-log4j-extras-1.2.17.jar:/home/runner/work/ozone/ozone/hadoop-hdds/framework/target/hdds-server-framework-2.1.0-SNAPSHOT-tests.jar:/home/runner/.m2/repository/com/github/jnr/jnr-constants/0.10.4/jnr-constants-0.10.4.jar:/home/runner/.m2/repository/com/github/jnr/jnr-posix/3.1.20/jnr-posix-3.1.20.jar:/home/runner/.m2/repository/com/github/jnr/jnr-ffi/2.2.17/jnr-ffi-2.2.17.jar:/home/runner/.m2/repository/com/github/jnr/jffi/1.3.13/jffi-1.3.13.jar:/home/runner/.m2/repository/com/github/jnr/jffi/1.3.13/jffi-1.3.13-native.jar:/home/runner/.m2/repository/org/ow2/asm/asm/9.7.1/asm-9.7.1.jar:/home/runner/.m2/repository/org/ow2/asm/asm-commons/9.7.1/asm-commons-9.7.1.jar:/home/runner/.m2/repository/org/ow2/asm/asm-analysis/9.7.1/asm-analysis-9.7.1.jar:/home/runner/.m2/repository/org/ow2/asm/asm-tree/9.7.1/asm-tree-9.7.1.jar:/home/runner/.m2/repository/org/ow2/asm/asm-util/9.7.1/asm-util-9.7.1.jar:/home/runner/.m2/repository/com/github/jnr/jnr-a64asm/1.0.0/jnr-a64asm-1.0.0.jar:/home/runner/.m2/repository/com/github/jnr/jnr-x86asm/1.0.2/jnr-x86asm-1.0.2.jar:/home/runner/.m2/repository/commons-fileupload/commons-fileupload/1.5/commons-fileupload-1.5.jar:/home/runner/.m2/repository/io/prometheus/simpleclient/0.16.0/simpleclient-0.16.0.jar:/home/runner/.m2/repository/io/prometheus/simpleclient_common/0.16.0/simpleclient_common-0.16.0.jar:/home/runner/.m2/repository/io/prometheus/simpleclient_dropwizard/0.16.0/simpleclient_dropwizard-0.16.0.jar:/home/runner/.m2/repository/org/apache/logging/log4j/log4j-core/2.24.2/log4j-core-2.24.2.jar:/home/runner/.m2/repository/org/eclipse/jetty/jetty-http/9.4.57.v20241219/jetty-http-9.4.57.v20241219.jar:/home/runner/.m2/repository/com/lmax/disruptor/3.4.4/disruptor-3.4.4.jar:/home/runner/.m2/repository/com/nimbusds/nimbus-jose-jwt/9.40/nimbus-jose-jwt-9.40.jar:/home/runner/.m2/repository/org/apache/kerby/kerb-util/1.0.1/kerb-util-1.0.1.jar:/home/runner/.m2/repository/org/apache/kerby/kerby-config/1.0.1/kerby-config-1.0.1.jar:/home/runner/.m2/repository/org/apache/kerby/kerb-crypto/1.0.1/kerb-crypto-1.0.1.jar:/home/runner/work/ozone/ozone/hadoop-hdds/server-scm/target/hdds-server-scm-2.1.0-SNAPSHOT-tests.jar:/home/runner/work/ozone/ozone/hadoop-hdds/test-utils/target/hdds-test-utils-2.1.0-SNAPSHOT-tests.jar:/home/runner/work/ozone/ozone/hadoop-ozone/ozone-manager/target/ozone-manager-2.1.0-SNAPSHOT-tests.jar:/home/runner/work/ozone/ozone/hadoop-ozone/mini-cluster/target/ozone-mini-cluster-2.1.0-SNAPSHOT.jar:/home/runner/.m2/repository/org/assertj/assertj-core/3.27.3/assertj-core-3.27.3.jar:/home/runner/.m2/repository/net/bytebuddy/byte-buddy/1.15.11/byte-buddy-1.15.11.jar:/home/runner/.m2/repository/org/junit/jupiter/junit-jupiter-api/5.12.2/junit-jupiter-api-5.12.2.jar:/home/runner/.m2/repository/org/opentest4j/opentest4j/1.3.0/opentest4j-1.3.0.jar:/home/runner/.m2/repository/org/junit/platform/junit-platform-commons/1.12.2/junit-platform-commons-1.12.2.jar:/home/runner/.m2/repository/org/apiguardian/apiguardian-api/1.1.2/apiguardian-api-1.1.2.jar:/home/runner/.m2/repository/org/junit/jupiter/junit-jupiter-params/5.12.2/junit-jupiter-params-5.12.2.jar:/home/runner/.m2/repository/org/mockito/mockito-core/4.11.0/mockito-core-4.11.0.jar:/home/runner/.m2/repository/net/bytebuddy/byte-buddy-agent/1.12.19/byte-buddy-agent-1.12.19.jar:/home/runner/.m2/repository/org/objenesis/objenesis/3.3/objenesis-3.3.jar:/home/runner/.m2/repository/org/mockito/mockito-inline/4.11.0/mockito-inline-4.11.0.jar:/home/runner/.m2/repository/org/mockito/mockito-junit-jupiter/4.11.0/mockito-junit-jupiter-4.11.0.jar:/home/runner/work/ozone/ozone/hadoop-ozone/integration-test/target/gradle-enterprise/test-listeners.jar:"/>
    <property name="sun.cpu.endian" value="little"/>
    <property name="user.home" value="/home/runner"/>
    <property name="user.language" value="en"/>
    <property name="java.specification.vendor" value="Oracle Corporation"/>
    <property name="skipRecon" value="true"/>
    <property name="java.version.date" value="2025-04-15"/>
    <property name="java.home" value="/usr/lib/jvm/temurin-21-jdk-amd64"/>
    <property name="java.security.krb5.conf" value="/home/runner/work/ozone/ozone/hadoop-ozone/integration-test/target/test-classes/krb5.conf"/>
    <property name="file.separator" value="/"/>
    <property name="basedir" value="/home/runner/work/ozone/ozone/hadoop-ozone/integration-test"/>
    <property name="java.vm.compressedOopsMode" value="Zero based"/>
    <property name="line.separator" value="&#10;"/>
    <property name="java.vm.specification.vendor" value="Oracle Corporation"/>
    <property name="java.specification.name" value="Java Platform API Specification"/>
    <property name="surefire.real.class.path" value="/home/runner/work/ozone/ozone/hadoop-ozone/integration-test/target/surefire/surefirebooter-20250508120501537_371.jar"/>
    <property name="hadoop.log.dir" value="/home/runner/work/ozone/ozone/hadoop-ozone/integration-test/target/log"/>
    <property name="sun.management.compiler" value="HotSpot 64-Bit Tiered Compilers"/>
    <property name="skipShade" value="true"/>
    <property name="java.runtime.version" value="21.0.7+6-LTS"/>
    <property name="user.name" value="runner"/>
    <property name="java.net.preferIPv4Stack" value="true"/>
    <property name="stdout.encoding" value="UTF-8"/>
    <property name="path.separator" value=":"/>
    <property name="java.security.egd" value="file:///dev/urandom"/>
    <property name="os.version" value="6.11.0-1013-azure"/>
    <property name="java.runtime.name" value="OpenJDK Runtime Environment"/>
    <property name="com.gradle.maven.scan.extension.test.listener.junitplatform.NestedExecutionSafeDelegatingTestExecutionListener" value="9cb8225"/>
    <property name="file.encoding" value="UTF-8"/>
    <property name="java.vm.name" value="OpenJDK 64-Bit Server VM"/>
    <property name="rocks_tools_native" value="true"/>
    <property name="java.vendor.version" value="Temurin-21.0.7+6"/>
    <property name="test.build.webapps" value=""/>
    <property name="develocity.listener.surefire.forkId" value="1"/>
    <property name="localRepository" value="/home/runner/.m2/repository"/>
    <property name="java.vendor.url.bug" value="https://github.com/adoptium/adoptium-support/issues"/>
    <property name="jetty.git.hash" value="df524e6b29271c2e09ba9aea83c18dc9db464a31"/>
    <property name="java.io.tmpdir" value="/tmp"/>
    <property name="require.test.libhadoop" value=""/>
    <property name="java.version" value="21.0.7"/>
    <property name="user.dir" value="/home/runner/work/ozone/ozone/hadoop-ozone/integration-test"/>
    <property name="os.arch" value="amd64"/>
    <property name="java.vm.specification.name" value="Java Virtual Machine Specification"/>
    <property name="test.build.classes" value="/home/runner/work/ozone/ozone/hadoop-ozone/integration-test/target/test-classes"/>
    <property name="org.apache.ratis.thirdparty.io.netty.allocator.useCacheForAllThreads" value="false"/>
    <property name="native.encoding" value="UTF-8"/>
    <property name="hadoop.tmp.dir" value="/home/runner/work/ozone/ozone/hadoop-ozone/integration-test/target/tmp"/>
    <property name="java.library.path" value="/usr/java/packages/lib:/usr/lib64:/lib64:/lib:/usr/lib"/>
    <property name="java.vm.info" value="mixed mode, sharing"/>
    <property name="stderr.encoding" value="UTF-8"/>
    <property name="java.vendor" value="Eclipse Adoptium"/>
    <property name="java.vm.version" value="21.0.7+6-LTS"/>
    <property name="sun.io.unicode.encoding" value="UnicodeLittle"/>
    <property name="develocity.listener.port" value="35863"/>
    <property name="java.class.version" value="65.0"/>
  </properties>
  <testcase name="testNonReplicationReads(ContainerLayoutVersion)[1]" classname="org.apache.hadoop.ozone.client.rpc.read.TestKeyInputStream" time="12.481">
    <system-out><![CDATA[2025-05-08 12:13:43,902 [main] WARN  server.ServerUtils (ServerUtils.java:getScmDbDir(138)) - ozone.scm.db.dirs is not configured. We recommend adding this setting. Falling back to ozone.metadata.dirs instead.
2025-05-08 12:13:44,135 [main] INFO  reflections.Reflections (Reflections.java:scan(219)) - Reflections took 203 ms to scan 7 urls, producing 165 keys and 367 values
2025-05-08 12:13:44,255 [main] INFO  ha.SCMHANodeDetails (SCMHANodeDetails.java:loadSCMHAConfig(162)) - ServiceID for StorageContainerManager is null
2025-05-08 12:13:44,256 [main] INFO  ha.SCMHANodeDetails (SCMHANodeDetails.java:loadSCMHAConfig(166)) - ozone.scm.default.service.id is not defined, falling back to ozone.scm.service.ids to find serviceID for StorageContainerManager if it is HA enabled cluster
2025-05-08 12:13:44,398 [main] INFO  server.RaftServerConfigKeys (ConfUtils.java:logGet(46)) - raft.server.log.appender.buffer.byte-limit = 4194304 (custom)
2025-05-08 12:13:44,417 [main] INFO  server.RaftServer (ConfUtils.java:logGet(46)) - raft.rpc.type = GRPC (default)
2025-05-08 12:13:44,457 [main] INFO  grpc.GrpcConfigKeys (ConfUtils.java:logFallback(53)) - raft.grpc.admin.host = null (fallback to raft.grpc.server.host)
2025-05-08 12:13:44,457 [main] INFO  grpc.GrpcConfigKeys (ConfUtils.java:logFallback(53)) - raft.grpc.admin.port = 15004 (fallback to raft.grpc.server.port)
2025-05-08 12:13:44,458 [main] INFO  grpc.GrpcConfigKeys (ConfUtils.java:logFallback(53)) - raft.grpc.client.host = null (fallback to raft.grpc.server.host)
2025-05-08 12:13:44,458 [main] INFO  grpc.GrpcConfigKeys (ConfUtils.java:logFallback(53)) - raft.grpc.client.port = 15004 (fallback to raft.grpc.server.port)
2025-05-08 12:13:44,459 [main] INFO  grpc.GrpcConfigKeys (ConfUtils.java:logGet(46)) - raft.grpc.server.host = null (default)
2025-05-08 12:13:44,459 [main] INFO  grpc.GrpcConfigKeys (ConfUtils.java:logGet(46)) - raft.grpc.server.port = 15004 (custom)
2025-05-08 12:13:44,460 [main] INFO  server.GrpcService (ConfUtils.java:logGet(46)) - raft.grpc.message.size.max = 5242880 (custom)
2025-05-08 12:13:44,460 [main] INFO  server.GrpcService (ConfUtils.java:logGet(46)) - raft.grpc.flow.control.window = 1MB (=1048576) (default)
2025-05-08 12:13:44,461 [main] INFO  server.RaftServerConfigKeys (ConfUtils.java:logGet(46)) - raft.server.rpc.request.timeout = 30000ms (custom)
2025-05-08 12:13:44,467 [main] INFO  grpc.GrpcConfigKeys (ConfUtils.java:logGet(46)) - raft.grpc.server.heartbeat.channel = true (default)
2025-05-08 12:13:44,468 [main] INFO  server.RaftServerConfigKeys (ConfUtils.java:logGet(46)) - raft.server.log.appender.buffer.byte-limit = 4194304 (custom)
2025-05-08 12:13:44,470 [main] INFO  grpc.GrpcConfigKeys (ConfUtils.java:logGet(46)) - raft.grpc.server.async.request.thread.pool.cached = true (default)
2025-05-08 12:13:44,470 [main] INFO  grpc.GrpcConfigKeys (ConfUtils.java:logGet(46)) - raft.grpc.server.async.request.thread.pool.size = 32 (default)
2025-05-08 12:13:44,622 [main] INFO  impl.DataStreamServerImpl (ConfUtils.java:logGet(46)) - raft.datastream.type = DISABLED (default)
2025-05-08 12:13:44,624 [main] INFO  server.RaftServerConfigKeys (ConfUtils.java:logGet(46)) - raft.server.sleep.deviation.threshold = 300ms (default)
2025-05-08 12:13:44,624 [main] INFO  server.RaftServerConfigKeys (ConfUtils.java:logGet(46)) - raft.server.close.threshold = 60s (default)
2025-05-08 12:13:44,625 [main] INFO  server.RaftServerConfigKeys (ConfUtils.java:logGet(46)) - raft.server.leaderelection.leader.step-down.wait-time = 10s (default)
2025-05-08 12:13:44,629 [main] INFO  server.RaftServerConfigKeys (ConfUtils.java:logGet(46)) - raft.server.storage.dir = [/home/runner/work/ozone/ozone/hadoop-ozone/integration-test/target/test-dir/MiniOzoneClusterImpl-efc39a28-6472-4ee4-b6fc-2c7f8ca0458d/ozone-meta/scm-ha] (custom)
2025-05-08 12:13:44,630 [main] INFO  server.RaftServerConfigKeys (ConfUtils.java:logGet(46)) - raft.server.threadpool.proxy.cached = true (default)
2025-05-08 12:13:44,630 [main] INFO  server.RaftServerConfigKeys (ConfUtils.java:logGet(46)) - raft.server.threadpool.proxy.size = 0 (default)
2025-05-08 12:13:44,636 [main] INFO  server.RaftServer (RaftServerProxy.java:addNew(100)) - aa40a6e8-77ba-434d-b9e7-e4aad8dcbfb7: addNew group-2C7F8CA0458D:[aa40a6e8-77ba-434d-b9e7-e4aad8dcbfb7|fv-az1940-623:15004] returns group-2C7F8CA0458D:java.util.concurrent.CompletableFuture@5edc70ed[Not completed]
2025-05-08 12:13:44,646 [aa40a6e8-77ba-434d-b9e7-e4aad8dcbfb7-groupManagement] INFO  server.RaftServer$Division (RaftServerImpl.java:<init>(255)) - aa40a6e8-77ba-434d-b9e7-e4aad8dcbfb7: new RaftServerImpl for group-2C7F8CA0458D:[aa40a6e8-77ba-434d-b9e7-e4aad8dcbfb7|fv-az1940-623:15004] with SCMStateMachine:uninitialized
2025-05-08 12:13:44,648 [aa40a6e8-77ba-434d-b9e7-e4aad8dcbfb7-groupManagement] INFO  server.RaftServerConfigKeys (ConfUtils.java:logGet(46)) - raft.server.rpc.timeout.min = 5000ms (custom)
2025-05-08 12:13:44,648 [aa40a6e8-77ba-434d-b9e7-e4aad8dcbfb7-groupManagement] INFO  server.RaftServerConfigKeys (ConfUtils.java:logGet(46)) - raft.server.rpc.timeout.max = 5200ms (custom)
2025-05-08 12:13:44,649 [aa40a6e8-77ba-434d-b9e7-e4aad8dcbfb7-groupManagement] INFO  server.RaftServerConfigKeys (ConfUtils.java:logGet(46)) - raft.server.rpc.sleep.time = 25ms (default)
2025-05-08 12:13:44,649 [aa40a6e8-77ba-434d-b9e7-e4aad8dcbfb7-groupManagement] INFO  server.RaftServerConfigKeys (ConfUtils.java:logGet(46)) - raft.server.rpc.slowness.timeout = 120000ms (custom)
2025-05-08 12:13:44,649 [aa40a6e8-77ba-434d-b9e7-e4aad8dcbfb7-groupManagement] INFO  server.RaftServerConfigKeys (ConfUtils.java:logGet(46)) - raft.server.leaderelection.leader.step-down.wait-time = 10s (default)
2025-05-08 12:13:44,649 [aa40a6e8-77ba-434d-b9e7-e4aad8dcbfb7-groupManagement] INFO  server.RaftServerConfigKeys (ConfUtils.java:logGet(46)) - raft.server.leaderelection.member.majority-add = false (default)
2025-05-08 12:13:44,650 [aa40a6e8-77ba-434d-b9e7-e4aad8dcbfb7-groupManagement] INFO  server.RaftServerConfigKeys (ConfUtils.java:logGet(46)) - raft.server.sleep.deviation.threshold = 300ms (default)
2025-05-08 12:13:44,654 [aa40a6e8-77ba-434d-b9e7-e4aad8dcbfb7-groupManagement] INFO  server.RaftServer$Division (ServerState.java:<init>(114)) - aa40a6e8-77ba-434d-b9e7-e4aad8dcbfb7@group-2C7F8CA0458D: ConfigurationManager, init=conf: {index: -1, cur=peers:[aa40a6e8-77ba-434d-b9e7-e4aad8dcbfb7|fv-az1940-623:15004]|listeners:[], old=null}, confs=<EMPTY_MAP>
2025-05-08 12:13:44,658 [aa40a6e8-77ba-434d-b9e7-e4aad8dcbfb7-groupManagement] INFO  server.RaftServerConfigKeys (ConfUtils.java:logGet(46)) - raft.server.notification.no-leader.timeout = 60s (default)
2025-05-08 12:13:44,660 [aa40a6e8-77ba-434d-b9e7-e4aad8dcbfb7-groupManagement] INFO  server.RaftServerConfigKeys (ConfUtils.java:logGet(46)) - raft.server.read.timeout = 10s (default)
2025-05-08 12:13:44,662 [aa40a6e8-77ba-434d-b9e7-e4aad8dcbfb7-groupManagement] INFO  server.RaftServerConfigKeys (ConfUtils.java:logGet(46)) - raft.server.retrycache.expirytime = 60000ms (default)
2025-05-08 12:13:44,663 [aa40a6e8-77ba-434d-b9e7-e4aad8dcbfb7-groupManagement] INFO  server.RaftServerConfigKeys (ConfUtils.java:logGet(46)) - raft.server.retrycache.statistics.expirytime = 100ms (default)
2025-05-08 12:13:44,665 [aa40a6e8-77ba-434d-b9e7-e4aad8dcbfb7-groupManagement] INFO  server.RaftServerConfigKeys (ConfUtils.java:logGet(46)) - raft.server.read.option = DEFAULT (default)
2025-05-08 12:13:44,666 [aa40a6e8-77ba-434d-b9e7-e4aad8dcbfb7-groupManagement] INFO  server.RaftServerConfigKeys (ConfUtils.java:logGet(46)) - raft.server.read.read-after-write-consistent.write-index-cache.expiry-time = 60s (default)
2025-05-08 12:13:44,785 [aa40a6e8-77ba-434d-b9e7-e4aad8dcbfb7-groupManagement] INFO  server.RaftServerConfigKeys (ConfUtils.java:logGet(46)) - raft.server.rpc.request.timeout = 30000ms (custom)
2025-05-08 12:13:44,788 [aa40a6e8-77ba-434d-b9e7-e4aad8dcbfb7-groupManagement] INFO  server.RaftServerConfigKeys (ConfUtils.java:logGet(46)) - raft.server.log.appender.install.snapshot.enabled = false (custom)
2025-05-08 12:13:44,788 [aa40a6e8-77ba-434d-b9e7-e4aad8dcbfb7-groupManagement] INFO  server.RaftServerConfigKeys (ConfUtils.java:logGet(46)) - raft.server.threadpool.server.cached = true (default)
2025-05-08 12:13:44,788 [aa40a6e8-77ba-434d-b9e7-e4aad8dcbfb7-groupManagement] INFO  server.RaftServerConfigKeys (ConfUtils.java:logGet(46)) - raft.server.threadpool.server.size = 0 (default)
2025-05-08 12:13:44,789 [aa40a6e8-77ba-434d-b9e7-e4aad8dcbfb7-groupManagement] INFO  server.RaftServerConfigKeys (ConfUtils.java:logGet(46)) - raft.server.threadpool.client.cached = true (default)
2025-05-08 12:13:44,789 [aa40a6e8-77ba-434d-b9e7-e4aad8dcbfb7-groupManagement] INFO  server.RaftServerConfigKeys (ConfUtils.java:logGet(46)) - raft.server.threadpool.client.size = 0 (default)
2025-05-08 12:13:44,790 [aa40a6e8-77ba-434d-b9e7-e4aad8dcbfb7-impl-thread1] INFO  server.RaftServerConfigKeys (ConfUtils.java:logGet(46)) - raft.server.storage.free-space.min = 0MB (=0) (default)
2025-05-08 12:13:44,791 [aa40a6e8-77ba-434d-b9e7-e4aad8dcbfb7-impl-thread1] INFO  server.RaftServerConfigKeys (ConfUtils.java:logGet(46)) - raft.server.log.corruption.policy = EXCEPTION (default)
2025-05-08 12:13:44,791 [aa40a6e8-77ba-434d-b9e7-e4aad8dcbfb7-impl-thread1] INFO  server.RaftServerConfigKeys (ConfUtils.java:logGet(46)) - raft.server.storage.dir = [/home/runner/work/ozone/ozone/hadoop-ozone/integration-test/target/test-dir/MiniOzoneClusterImpl-efc39a28-6472-4ee4-b6fc-2c7f8ca0458d/ozone-meta/scm-ha] (custom)
2025-05-08 12:13:44,796 [aa40a6e8-77ba-434d-b9e7-e4aad8dcbfb7-impl-thread1] INFO  storage.RaftStorageDirectory (RaftStorageDirectoryImpl.java:analyzeStorage(138)) - The storage directory /home/runner/work/ozone/ozone/hadoop-ozone/integration-test/target/test-dir/MiniOzoneClusterImpl-efc39a28-6472-4ee4-b6fc-2c7f8ca0458d/ozone-meta/scm-ha/efc39a28-6472-4ee4-b6fc-2c7f8ca0458d does not exist. Creating ...
2025-05-08 12:13:44,799 [aa40a6e8-77ba-434d-b9e7-e4aad8dcbfb7-impl-thread1] INFO  storage.RaftStorageDirectory (RaftStorageDirectoryImpl.java:tryLock(229)) - Lock on /home/runner/work/ozone/ozone/hadoop-ozone/integration-test/target/test-dir/MiniOzoneClusterImpl-efc39a28-6472-4ee4-b6fc-2c7f8ca0458d/ozone-meta/scm-ha/efc39a28-6472-4ee4-b6fc-2c7f8ca0458d/in_use.lock acquired by nodename 33187@fv-az1940-623
2025-05-08 12:13:44,803 [aa40a6e8-77ba-434d-b9e7-e4aad8dcbfb7-impl-thread1] INFO  storage.RaftStorage (RaftStorageImpl.java:format(98)) - Storage directory /home/runner/work/ozone/ozone/hadoop-ozone/integration-test/target/test-dir/MiniOzoneClusterImpl-efc39a28-6472-4ee4-b6fc-2c7f8ca0458d/ozone-meta/scm-ha/efc39a28-6472-4ee4-b6fc-2c7f8ca0458d has been successfully formatted.
2025-05-08 12:13:44,804 [aa40a6e8-77ba-434d-b9e7-e4aad8dcbfb7-impl-thread1] INFO  ha.SCMStateMachine (SCMStateMachine.java:lambda$initialize$0(135)) - aa40a6e8-77ba-434d-b9e7-e4aad8dcbfb7: initialize group-2C7F8CA0458D
2025-05-08 12:13:44,805 [aa40a6e8-77ba-434d-b9e7-e4aad8dcbfb7-impl-thread1] INFO  server.RaftServerConfigKeys (ConfUtils.java:logGet(46)) - raft.server.log.use.memory = false (default)
2025-05-08 12:13:44,810 [aa40a6e8-77ba-434d-b9e7-e4aad8dcbfb7-impl-thread1] INFO  server.RaftServerConfigKeys (ConfUtils.java:logGet(46)) - raft.server.log.purge.gap = 1000000 (custom)
2025-05-08 12:13:44,810 [aa40a6e8-77ba-434d-b9e7-e4aad8dcbfb7-impl-thread1] INFO  server.RaftServerConfigKeys (ConfUtils.java:logGet(46)) - raft.server.log.appender.buffer.byte-limit = 4194304 (custom)
2025-05-08 12:13:44,811 [aa40a6e8-77ba-434d-b9e7-e4aad8dcbfb7-impl-thread1] INFO  server.RaftServerConfigKeys (ConfUtils.java:logGet(46)) - raft.server.log.statemachine.data.read.timeout = 1000ms (default)
2025-05-08 12:13:44,812 [aa40a6e8-77ba-434d-b9e7-e4aad8dcbfb7-impl-thread1] INFO  server.RaftServerConfigKeys (ConfUtils.java:logGet(46)) - raft.server.log.purge.preservation.log.num = 0 (default)
2025-05-08 12:13:44,814 [aa40a6e8-77ba-434d-b9e7-e4aad8dcbfb7-impl-thread1] INFO  server.RaftServerConfigKeys (ConfUtils.java:logGet(46)) - raft.server.log.segment.size.max = 4194304 (custom)
2025-05-08 12:13:44,817 [aa40a6e8-77ba-434d-b9e7-e4aad8dcbfb7-impl-thread1] INFO  server.RaftServerConfigKeys (ConfUtils.java:logGet(46)) - raft.server.log.segment.cache.num.max = 2 (custom)
2025-05-08 12:13:44,818 [aa40a6e8-77ba-434d-b9e7-e4aad8dcbfb7-impl-thread1] INFO  server.RaftServerConfigKeys (ConfUtils.java:logGet(46)) - raft.server.log.segment.cache.size.max = 200MB (=209715200) (default)
2025-05-08 12:13:44,818 [aa40a6e8-77ba-434d-b9e7-e4aad8dcbfb7-impl-thread1] INFO  server.RaftServerConfigKeys (ConfUtils.java:logGet(46)) - raft.server.log.appender.buffer.byte-limit = 4194304 (custom)
2025-05-08 12:13:44,820 [aa40a6e8-77ba-434d-b9e7-e4aad8dcbfb7-impl-thread1] INFO  util.AwaitToRun (AwaitToRun.java:start(81)) - Thread[#39,aa40a6e8-77ba-434d-b9e7-e4aad8dcbfb7@group-2C7F8CA0458D-cacheEviction-AwaitToRun,5,main] started
2025-05-08 12:13:44,823 [aa40a6e8-77ba-434d-b9e7-e4aad8dcbfb7-impl-thread1] INFO  segmented.SegmentedRaftLogWorker (SegmentedRaftLogWorker.java:<init>(188)) - new aa40a6e8-77ba-434d-b9e7-e4aad8dcbfb7@group-2C7F8CA0458D-SegmentedRaftLogWorker for RaftStorageImpl:Storage Directory /home/runner/work/ozone/ozone/hadoop-ozone/integration-test/target/test-dir/MiniOzoneClusterImpl-efc39a28-6472-4ee4-b6fc-2c7f8ca0458d/ozone-meta/scm-ha/efc39a28-6472-4ee4-b6fc-2c7f8ca0458d
2025-05-08 12:13:44,823 [aa40a6e8-77ba-434d-b9e7-e4aad8dcbfb7-impl-thread1] INFO  server.RaftServerConfigKeys (ConfUtils.java:logGet(46)) - raft.server.log.queue.byte-limit = 64MB (=67108864) (default)
2025-05-08 12:13:44,823 [aa40a6e8-77ba-434d-b9e7-e4aad8dcbfb7-impl-thread1] INFO  server.RaftServerConfigKeys (ConfUtils.java:logGet(46)) - raft.server.log.queue.element-limit = 4096 (default)
2025-05-08 12:13:44,825 [aa40a6e8-77ba-434d-b9e7-e4aad8dcbfb7-impl-thread1] INFO  server.RaftServerConfigKeys (ConfUtils.java:logGet(46)) - raft.server.log.segment.size.max = 4194304 (custom)
2025-05-08 12:13:44,825 [aa40a6e8-77ba-434d-b9e7-e4aad8dcbfb7-impl-thread1] INFO  server.RaftServerConfigKeys (ConfUtils.java:logGet(46)) - raft.server.log.preallocated.size = 4194304 (custom)
2025-05-08 12:13:44,826 [aa40a6e8-77ba-434d-b9e7-e4aad8dcbfb7-impl-thread1] INFO  server.RaftServerConfigKeys (ConfUtils.java:logGet(46)) - raft.server.log.force.sync.num = 128 (default)
2025-05-08 12:13:44,826 [aa40a6e8-77ba-434d-b9e7-e4aad8dcbfb7-impl-thread1] INFO  server.RaftServerConfigKeys (ConfUtils.java:logGet(46)) - raft.server.log.statemachine.data.sync = true (default)
2025-05-08 12:13:44,826 [aa40a6e8-77ba-434d-b9e7-e4aad8dcbfb7-impl-thread1] INFO  server.RaftServerConfigKeys (ConfUtils.java:logGet(46)) - raft.server.log.statemachine.data.sync.timeout = 10s (default)
2025-05-08 12:13:44,827 [aa40a6e8-77ba-434d-b9e7-e4aad8dcbfb7-impl-thread1] INFO  server.RaftServerConfigKeys (ConfUtils.java:logGet(46)) - raft.server.log.statemachine.data.sync.timeout.retry = -1 (default)
2025-05-08 12:13:44,829 [aa40a6e8-77ba-434d-b9e7-e4aad8dcbfb7-impl-thread1] INFO  server.RaftServerConfigKeys (ConfUtils.java:logGet(46)) - raft.server.log.write.buffer.size = 4194312 (custom)
2025-05-08 12:13:44,830 [aa40a6e8-77ba-434d-b9e7-e4aad8dcbfb7-impl-thread1] INFO  server.RaftServerConfigKeys (ConfUtils.java:logGet(46)) - raft.server.log.appender.buffer.byte-limit = 4194304 (custom)
2025-05-08 12:13:44,831 [aa40a6e8-77ba-434d-b9e7-e4aad8dcbfb7-impl-thread1] INFO  server.RaftServerConfigKeys (ConfUtils.java:logGet(46)) - raft.server.log.unsafe-flush.enabled = false (default)
2025-05-08 12:13:44,831 [aa40a6e8-77ba-434d-b9e7-e4aad8dcbfb7-impl-thread1] INFO  server.RaftServerConfigKeys (ConfUtils.java:logGet(46)) - raft.server.log.async-flush.enabled = false (default)
2025-05-08 12:13:44,831 [aa40a6e8-77ba-434d-b9e7-e4aad8dcbfb7-impl-thread1] INFO  server.RaftServerConfigKeys (ConfUtils.java:logGet(46)) - raft.server.log.statemachine.data.caching.enabled = false (default)
2025-05-08 12:13:44,835 [aa40a6e8-77ba-434d-b9e7-e4aad8dcbfb7-impl-thread1] INFO  segmented.SegmentedRaftLogWorker (SegmentedRaftLogWorker.java:lambda$new$0(139)) - aa40a6e8-77ba-434d-b9e7-e4aad8dcbfb7@group-2C7F8CA0458D-SegmentedRaftLogWorker: flushIndex: setUnconditionally 0 -> -1
2025-05-08 12:13:44,835 [aa40a6e8-77ba-434d-b9e7-e4aad8dcbfb7-impl-thread1] INFO  segmented.SegmentedRaftLogWorker (SegmentedRaftLogWorker.java:lambda$new$0(139)) - aa40a6e8-77ba-434d-b9e7-e4aad8dcbfb7@group-2C7F8CA0458D-SegmentedRaftLogWorker: safeCacheEvictIndex: setUnconditionally 0 -> -1
2025-05-08 12:13:44,836 [aa40a6e8-77ba-434d-b9e7-e4aad8dcbfb7-impl-thread1] INFO  server.RaftServer$Division (RaftServerImpl.java:start(391)) - aa40a6e8-77ba-434d-b9e7-e4aad8dcbfb7@group-2C7F8CA0458D: start as a follower, conf=conf: {index: -1, cur=peers:[aa40a6e8-77ba-434d-b9e7-e4aad8dcbfb7|fv-az1940-623:15004]|listeners:[], old=null}
2025-05-08 12:13:44,837 [aa40a6e8-77ba-434d-b9e7-e4aad8dcbfb7-impl-thread1] INFO  server.RaftServer$Division (RaftServerImpl.java:setRole(378)) - aa40a6e8-77ba-434d-b9e7-e4aad8dcbfb7@group-2C7F8CA0458D: changes role from      null to FOLLOWER at term 0 for startAsFollower
2025-05-08 12:13:44,838 [aa40a6e8-77ba-434d-b9e7-e4aad8dcbfb7-impl-thread1] INFO  impl.RoleInfo (RoleInfo.java:updateAndGet(148)) - aa40a6e8-77ba-434d-b9e7-e4aad8dcbfb7: start aa40a6e8-77ba-434d-b9e7-e4aad8dcbfb7@group-2C7F8CA0458D-FollowerState
2025-05-08 12:13:44,839 [aa40a6e8-77ba-434d-b9e7-e4aad8dcbfb7@group-2C7F8CA0458D-FollowerState] INFO  server.RaftServerConfigKeys (ConfUtils.java:logGet(46)) - raft.server.rpc.first-election.timeout.min = 1000ms (custom)
2025-05-08 12:13:44,840 [aa40a6e8-77ba-434d-b9e7-e4aad8dcbfb7@group-2C7F8CA0458D-FollowerState] INFO  server.RaftServerConfigKeys (ConfUtils.java:logGet(46)) - raft.server.rpc.first-election.timeout.max = 1200ms (custom)
2025-05-08 12:13:44,839 [aa40a6e8-77ba-434d-b9e7-e4aad8dcbfb7-impl-thread1] INFO  util.JmxRegister (JmxRegister.java:tryRegister(44)) - Successfully registered JMX Bean with object name Ratis:service=RaftServer,group=group-2C7F8CA0458D,id=aa40a6e8-77ba-434d-b9e7-e4aad8dcbfb7
2025-05-08 12:13:44,840 [aa40a6e8-77ba-434d-b9e7-e4aad8dcbfb7-impl-thread1] INFO  util.JmxRegister (JmxRegister.java:register(58)) - register mxBean class org.apache.ratis.server.impl.RaftServerJmxAdapter as Ratis:service=RaftServer,group=group-2C7F8CA0458D,id=aa40a6e8-77ba-434d-b9e7-e4aad8dcbfb7
2025-05-08 12:13:44,842 [aa40a6e8-77ba-434d-b9e7-e4aad8dcbfb7-impl-thread1] INFO  server.RaftServerConfigKeys (ConfUtils.java:logGet(46)) - raft.server.snapshot.trigger-when-stop.enabled = true (default)
2025-05-08 12:13:44,842 [aa40a6e8-77ba-434d-b9e7-e4aad8dcbfb7-impl-thread1] INFO  server.RaftServerConfigKeys (ConfUtils.java:logGet(46)) - raft.server.snapshot.trigger-when-remove.enabled = true (default)
2025-05-08 12:13:44,843 [aa40a6e8-77ba-434d-b9e7-e4aad8dcbfb7-impl-thread1] INFO  server.RaftServerConfigKeys (ConfUtils.java:logGet(46)) - raft.server.snapshot.auto.trigger.enabled = true (custom)
2025-05-08 12:13:44,844 [aa40a6e8-77ba-434d-b9e7-e4aad8dcbfb7-impl-thread1] INFO  server.RaftServerConfigKeys (ConfUtils.java:logGet(46)) - raft.server.snapshot.auto.trigger.threshold = 1000 (custom)
2025-05-08 12:13:44,844 [aa40a6e8-77ba-434d-b9e7-e4aad8dcbfb7-impl-thread1] INFO  server.RaftServerConfigKeys (ConfUtils.java:logGet(46)) - raft.server.snapshot.retention.file.num = -1 (default)
2025-05-08 12:13:44,844 [aa40a6e8-77ba-434d-b9e7-e4aad8dcbfb7-impl-thread1] INFO  server.RaftServerConfigKeys (ConfUtils.java:logGet(46)) - raft.server.log.purge.upto.snapshot.index = false (default)
2025-05-08 12:13:44,848 [aa40a6e8-77ba-434d-b9e7-e4aad8dcbfb7-impl-thread1] INFO  server.RaftServer$Division (RaftServerImpl.java:start(405)) - aa40a6e8-77ba-434d-b9e7-e4aad8dcbfb7@group-2C7F8CA0458D: Successfully started.
2025-05-08 12:13:44,848 [main] INFO  server.RaftServer (RaftServerProxy.java:startImpl(407)) - aa40a6e8-77ba-434d-b9e7-e4aad8dcbfb7: start RPC server
2025-05-08 12:13:44,885 [main] INFO  server.GrpcService (GrpcService.java:startImpl(334)) - aa40a6e8-77ba-434d-b9e7-e4aad8dcbfb7: GrpcService started, listening on 15004
2025-05-08 12:13:44,887 [JvmPauseMonitor0] INFO  util.JvmPauseMonitor (JvmPauseMonitor.java:run(146)) - JvmPauseMonitor-aa40a6e8-77ba-434d-b9e7-e4aad8dcbfb7: Started
2025-05-08 12:13:45,980 [aa40a6e8-77ba-434d-b9e7-e4aad8dcbfb7@group-2C7F8CA0458D-FollowerState] INFO  impl.FollowerState (FollowerState.java:runImpl(161)) - aa40a6e8-77ba-434d-b9e7-e4aad8dcbfb7@group-2C7F8CA0458D-FollowerState: change to CANDIDATE, lastRpcElapsedTime:1141863870ns, electionTimeout:1139ms
2025-05-08 12:13:45,980 [aa40a6e8-77ba-434d-b9e7-e4aad8dcbfb7@group-2C7F8CA0458D-FollowerState] INFO  impl.RoleInfo (RoleInfo.java:shutdownFollowerState(121)) - aa40a6e8-77ba-434d-b9e7-e4aad8dcbfb7: shutdown aa40a6e8-77ba-434d-b9e7-e4aad8dcbfb7@group-2C7F8CA0458D-FollowerState
2025-05-08 12:13:45,980 [aa40a6e8-77ba-434d-b9e7-e4aad8dcbfb7@group-2C7F8CA0458D-FollowerState] INFO  server.RaftServer$Division (RaftServerImpl.java:setRole(378)) - aa40a6e8-77ba-434d-b9e7-e4aad8dcbfb7@group-2C7F8CA0458D: changes role from  FOLLOWER to CANDIDATE at term 0 for changeToCandidate
2025-05-08 12:13:45,983 [aa40a6e8-77ba-434d-b9e7-e4aad8dcbfb7@group-2C7F8CA0458D-FollowerState] INFO  server.RaftServerConfigKeys (ConfUtils.java:logGet(46)) - raft.server.leaderelection.pre-vote = true (default)
2025-05-08 12:13:45,983 [aa40a6e8-77ba-434d-b9e7-e4aad8dcbfb7@group-2C7F8CA0458D-FollowerState] INFO  impl.RoleInfo (RoleInfo.java:updateAndGet(148)) - aa40a6e8-77ba-434d-b9e7-e4aad8dcbfb7: start aa40a6e8-77ba-434d-b9e7-e4aad8dcbfb7@group-2C7F8CA0458D-LeaderElection1
2025-05-08 12:13:45,985 [aa40a6e8-77ba-434d-b9e7-e4aad8dcbfb7@group-2C7F8CA0458D-LeaderElection1] INFO  impl.LeaderElection (LeaderElection.java:askForVotes(332)) - aa40a6e8-77ba-434d-b9e7-e4aad8dcbfb7@group-2C7F8CA0458D-LeaderElection1 PRE_VOTE round 0: submit vote requests at term 0 for conf: {index: -1, cur=peers:[aa40a6e8-77ba-434d-b9e7-e4aad8dcbfb7|fv-az1940-623:15004]|listeners:[], old=null}
2025-05-08 12:13:45,986 [aa40a6e8-77ba-434d-b9e7-e4aad8dcbfb7@group-2C7F8CA0458D-LeaderElection1] INFO  impl.LeaderElection (LeaderElection.java:askForVotes(334)) - aa40a6e8-77ba-434d-b9e7-e4aad8dcbfb7@group-2C7F8CA0458D-LeaderElection1 PRE_VOTE round 0: result PASSED (term=0)
2025-05-08 12:13:45,988 [aa40a6e8-77ba-434d-b9e7-e4aad8dcbfb7@group-2C7F8CA0458D-LeaderElection1] INFO  impl.LeaderElection (LeaderElection.java:askForVotes(332)) - aa40a6e8-77ba-434d-b9e7-e4aad8dcbfb7@group-2C7F8CA0458D-LeaderElection1 ELECTION round 0: submit vote requests at term 1 for conf: {index: -1, cur=peers:[aa40a6e8-77ba-434d-b9e7-e4aad8dcbfb7|fv-az1940-623:15004]|listeners:[], old=null}
2025-05-08 12:13:45,988 [aa40a6e8-77ba-434d-b9e7-e4aad8dcbfb7@group-2C7F8CA0458D-LeaderElection1] INFO  impl.LeaderElection (LeaderElection.java:askForVotes(334)) - aa40a6e8-77ba-434d-b9e7-e4aad8dcbfb7@group-2C7F8CA0458D-LeaderElection1 ELECTION round 0: result PASSED (term=1)
2025-05-08 12:13:45,988 [aa40a6e8-77ba-434d-b9e7-e4aad8dcbfb7@group-2C7F8CA0458D-LeaderElection1] INFO  impl.RoleInfo (RoleInfo.java:shutdownLeaderElection(141)) - aa40a6e8-77ba-434d-b9e7-e4aad8dcbfb7: shutdown aa40a6e8-77ba-434d-b9e7-e4aad8dcbfb7@group-2C7F8CA0458D-LeaderElection1
2025-05-08 12:13:45,989 [aa40a6e8-77ba-434d-b9e7-e4aad8dcbfb7@group-2C7F8CA0458D-LeaderElection1] INFO  server.RaftServer$Division (RaftServerImpl.java:setRole(378)) - aa40a6e8-77ba-434d-b9e7-e4aad8dcbfb7@group-2C7F8CA0458D: changes role from CANDIDATE to LEADER at term 1 for changeToLeader
2025-05-08 12:13:45,992 [aa40a6e8-77ba-434d-b9e7-e4aad8dcbfb7@group-2C7F8CA0458D-LeaderElection1] INFO  server.RaftServerConfigKeys (ConfUtils.java:logGet(46)) - raft.server.staging.catchup.gap = 1000 (default)
2025-05-08 12:13:45,994 [aa40a6e8-77ba-434d-b9e7-e4aad8dcbfb7@group-2C7F8CA0458D-LeaderElection1] INFO  server.RaftServerConfigKeys (ConfUtils.java:logGet(46)) - raft.server.write.element-limit = 4096 (default)
2025-05-08 12:13:45,995 [aa40a6e8-77ba-434d-b9e7-e4aad8dcbfb7@group-2C7F8CA0458D-LeaderElection1] INFO  server.RaftServerConfigKeys (ConfUtils.java:logGet(46)) - raft.server.write.byte-limit = 64MB (=67108864) (default)
2025-05-08 12:13:45,997 [aa40a6e8-77ba-434d-b9e7-e4aad8dcbfb7@group-2C7F8CA0458D-LeaderElection1] INFO  server.RaftServerConfigKeys (ConfUtils.java:logGet(46)) - raft.server.watch.timeout = 10s (default)
2025-05-08 12:13:45,997 [aa40a6e8-77ba-434d-b9e7-e4aad8dcbfb7@group-2C7F8CA0458D-LeaderElection1] INFO  server.RaftServerConfigKeys (ConfUtils.java:logGet(46)) - raft.server.watch.timeout.denomination = 1s (default)
2025-05-08 12:13:45,998 [aa40a6e8-77ba-434d-b9e7-e4aad8dcbfb7@group-2C7F8CA0458D-LeaderElection1] INFO  server.RaftServerConfigKeys (ConfUtils.java:logGet(46)) - raft.server.watch.element-limit = 65536 (default)
2025-05-08 12:13:46,003 [aa40a6e8-77ba-434d-b9e7-e4aad8dcbfb7@group-2C7F8CA0458D-LeaderElection1] INFO  server.RaftServerConfigKeys (ConfUtils.java:logGet(46)) - raft.server.read.leader.lease.enabled = false (default)
2025-05-08 12:13:46,004 [aa40a6e8-77ba-434d-b9e7-e4aad8dcbfb7@group-2C7F8CA0458D-LeaderElection1] INFO  server.RaftServerConfigKeys (ConfUtils.java:logGet(46)) - raft.server.read.leader.lease.timeout.ratio = 0.9 (default)
2025-05-08 12:13:46,004 [aa40a6e8-77ba-434d-b9e7-e4aad8dcbfb7@group-2C7F8CA0458D-LeaderElection1] INFO  server.RaftServerConfigKeys (ConfUtils.java:logGet(46)) - raft.server.rpc.timeout.min = 5000ms (custom)
2025-05-08 12:13:46,005 [aa40a6e8-77ba-434d-b9e7-e4aad8dcbfb7@group-2C7F8CA0458D-LeaderElection1] INFO  server.RaftServerConfigKeys (ConfUtils.java:logGet(46)) - raft.server.log.log-metadata.enabled = true (default)
2025-05-08 12:13:46,005 [aa40a6e8-77ba-434d-b9e7-e4aad8dcbfb7@group-2C7F8CA0458D-LeaderElection1] INFO  server.RaftServerConfigKeys (ConfUtils.java:logGet(46)) - raft.server.write.element-limit = 4096 (default)
2025-05-08 12:13:46,005 [aa40a6e8-77ba-434d-b9e7-e4aad8dcbfb7@group-2C7F8CA0458D-LeaderElection1] INFO  server.RaftServerConfigKeys (ConfUtils.java:logGet(46)) - raft.server.write.follower.gap.ratio.max = -1.0 (default)
2025-05-08 12:13:46,007 [aa40a6e8-77ba-434d-b9e7-e4aad8dcbfb7@group-2C7F8CA0458D-LeaderElection1] INFO  impl.RoleInfo (RoleInfo.java:updateAndGet(148)) - aa40a6e8-77ba-434d-b9e7-e4aad8dcbfb7: start aa40a6e8-77ba-434d-b9e7-e4aad8dcbfb7@group-2C7F8CA0458D-LeaderStateImpl
2025-05-08 12:13:46,007 [aa40a6e8-77ba-434d-b9e7-e4aad8dcbfb7@group-2C7F8CA0458D-LeaderElection1] INFO  server.RaftServer$Division (RaftServerImpl.java:setFirstElection(562)) - aa40a6e8-77ba-434d-b9e7-e4aad8dcbfb7@group-2C7F8CA0458D: set firstElectionSinceStartup to false for becomeLeader
2025-05-08 12:13:46,007 [aa40a6e8-77ba-434d-b9e7-e4aad8dcbfb7@group-2C7F8CA0458D-LeaderElection1] INFO  server.RaftServer$Division (ServerState.java:setLeader(272)) - aa40a6e8-77ba-434d-b9e7-e4aad8dcbfb7@group-2C7F8CA0458D: change Leader from null to aa40a6e8-77ba-434d-b9e7-e4aad8dcbfb7 at term 1 for becomeLeader, leader elected after 1349ms
2025-05-08 12:13:46,019 [aa40a6e8-77ba-434d-b9e7-e4aad8dcbfb7@group-2C7F8CA0458D-LeaderElection1] INFO  segmented.SegmentedRaftLogWorker (SegmentedRaftLogWorker.java:startLogSegment(438)) - aa40a6e8-77ba-434d-b9e7-e4aad8dcbfb7@group-2C7F8CA0458D-SegmentedRaftLogWorker: Starting segment from index:0
2025-05-08 12:13:46,031 [aa40a6e8-77ba-434d-b9e7-e4aad8dcbfb7@group-2C7F8CA0458D-LeaderElection1] INFO  server.RaftServer$Division (ServerState.java:setRaftConf(386)) - aa40a6e8-77ba-434d-b9e7-e4aad8dcbfb7@group-2C7F8CA0458D: set configuration conf: {index: 0, cur=peers:[aa40a6e8-77ba-434d-b9e7-e4aad8dcbfb7|fv-az1940-623:15004]|listeners:[], old=null}
2025-05-08 12:13:46,039 [aa40a6e8-77ba-434d-b9e7-e4aad8dcbfb7@group-2C7F8CA0458D-SegmentedRaftLogWorker] INFO  segmented.BufferedWriteChannel (BufferedWriteChannel.java:open(61)) - open log_inprogress_0 at position 0
2025-05-08 12:13:46,049 [aa40a6e8-77ba-434d-b9e7-e4aad8dcbfb7@group-2C7F8CA0458D-SegmentedRaftLogWorker] INFO  segmented.SegmentedRaftLogWorker (SegmentedRaftLogWorker.java:execute(644)) - aa40a6e8-77ba-434d-b9e7-e4aad8dcbfb7@group-2C7F8CA0458D-SegmentedRaftLogWorker: created new log segment /home/runner/work/ozone/ozone/hadoop-ozone/integration-test/target/test-dir/MiniOzoneClusterImpl-efc39a28-6472-4ee4-b6fc-2c7f8ca0458d/ozone-meta/scm-ha/efc39a28-6472-4ee4-b6fc-2c7f8ca0458d/current/log_inprogress_0
2025-05-08 12:13:46,058 [aa40a6e8-77ba-434d-b9e7-e4aad8dcbfb7@group-2C7F8CA0458D-StateMachineUpdater] INFO  server.RaftServer$Division (LeaderStateImpl.java:checkStartIndex(313)) - Leader aa40a6e8-77ba-434d-b9e7-e4aad8dcbfb7@group-2C7F8CA0458D-LeaderStateImpl is ready since appliedIndex == startIndex == 0
2025-05-08 12:13:46,888 [main] INFO  server.RaftServer (RaftServerProxy.java:lambda$close$9(417)) - aa40a6e8-77ba-434d-b9e7-e4aad8dcbfb7: close
2025-05-08 12:13:46,889 [aa40a6e8-77ba-434d-b9e7-e4aad8dcbfb7-impl-thread1] INFO  server.RaftServer$Division (RaftServerImpl.java:lambda$close$1(513)) - aa40a6e8-77ba-434d-b9e7-e4aad8dcbfb7@group-2C7F8CA0458D: shutdown
2025-05-08 12:13:46,889 [main] INFO  server.GrpcService (GrpcService.java:closeImpl(343)) - aa40a6e8-77ba-434d-b9e7-e4aad8dcbfb7: shutdown server GrpcServerProtocolService now
2025-05-08 12:13:46,889 [aa40a6e8-77ba-434d-b9e7-e4aad8dcbfb7-impl-thread1] INFO  util.JmxRegister (JmxRegister.java:unregister(74)) - Successfully un-registered JMX Bean with object name Ratis:service=RaftServer,group=group-2C7F8CA0458D,id=aa40a6e8-77ba-434d-b9e7-e4aad8dcbfb7
2025-05-08 12:13:46,889 [aa40a6e8-77ba-434d-b9e7-e4aad8dcbfb7-impl-thread1] INFO  impl.RoleInfo (RoleInfo.java:shutdownLeaderState(103)) - aa40a6e8-77ba-434d-b9e7-e4aad8dcbfb7: shutdown aa40a6e8-77ba-434d-b9e7-e4aad8dcbfb7@group-2C7F8CA0458D-LeaderStateImpl
2025-05-08 12:13:46,892 [aa40a6e8-77ba-434d-b9e7-e4aad8dcbfb7-impl-thread1] INFO  impl.PendingRequests (PendingRequests.java:sendNotLeaderResponses(287)) - aa40a6e8-77ba-434d-b9e7-e4aad8dcbfb7@group-2C7F8CA0458D-PendingRequests: sendNotLeaderResponses
2025-05-08 12:13:46,894 [main] INFO  server.GrpcService (GrpcService.java:closeImpl(352)) - aa40a6e8-77ba-434d-b9e7-e4aad8dcbfb7: shutdown server GrpcServerProtocolService successfully
2025-05-08 12:13:46,895 [aa40a6e8-77ba-434d-b9e7-e4aad8dcbfb7-impl-thread1] INFO  impl.StateMachineUpdater (StateMachineUpdater.java:stopAndJoin(164)) - aa40a6e8-77ba-434d-b9e7-e4aad8dcbfb7@group-2C7F8CA0458D-StateMachineUpdater: set stopIndex = 0
2025-05-08 12:13:46,896 [aa40a6e8-77ba-434d-b9e7-e4aad8dcbfb7@group-2C7F8CA0458D-StateMachineUpdater] INFO  impl.StateMachineUpdater (StateMachineUpdater.java:takeSnapshot(303)) - aa40a6e8-77ba-434d-b9e7-e4aad8dcbfb7@group-2C7F8CA0458D-StateMachineUpdater: Took a snapshot at index 0
2025-05-08 12:13:46,896 [aa40a6e8-77ba-434d-b9e7-e4aad8dcbfb7@group-2C7F8CA0458D-StateMachineUpdater] INFO  impl.StateMachineUpdater (StateMachineUpdater.java:lambda$new$0(102)) - aa40a6e8-77ba-434d-b9e7-e4aad8dcbfb7@group-2C7F8CA0458D-StateMachineUpdater: snapshotIndex: updateIncreasingly -1 -> 0
2025-05-08 12:13:46,898 [aa40a6e8-77ba-434d-b9e7-e4aad8dcbfb7@group-2C7F8CA0458D-StateMachineUpdater] INFO  impl.StateMachineUpdater (StateMachineUpdater.java:stop(141)) - aa40a6e8-77ba-434d-b9e7-e4aad8dcbfb7@group-2C7F8CA0458D-StateMachineUpdater: closing SCMStateMachine, lastApplied=(t:1, i:0)
2025-05-08 12:13:46,899 [aa40a6e8-77ba-434d-b9e7-e4aad8dcbfb7@group-2C7F8CA0458D-cacheEviction-AwaitToRun] INFO  util.AwaitToRun (AwaitToRun.java:run(49)) - aa40a6e8-77ba-434d-b9e7-e4aad8dcbfb7@group-2C7F8CA0458D-cacheEviction-AwaitToRun-AwaitForSignal is interrupted
2025-05-08 12:13:47,054 [aa40a6e8-77ba-434d-b9e7-e4aad8dcbfb7-impl-thread1] INFO  segmented.SegmentedRaftLogWorker (SegmentedRaftLogWorker.java:close(252)) - aa40a6e8-77ba-434d-b9e7-e4aad8dcbfb7@group-2C7F8CA0458D-SegmentedRaftLogWorker close()
2025-05-08 12:13:47,059 [JvmPauseMonitor0] INFO  util.JvmPauseMonitor (JvmPauseMonitor.java:run(152)) - JvmPauseMonitor-aa40a6e8-77ba-434d-b9e7-e4aad8dcbfb7: Stopped
2025-05-08 12:13:47,087 [main] WARN  server.ServerUtils (ServerUtils.java:getScmDbDir(138)) - ozone.scm.db.dirs is not configured. We recommend adding this setting. Falling back to ozone.metadata.dirs instead.
2025-05-08 12:13:47,089 [main] INFO  ha.SCMHANodeDetails (SCMHANodeDetails.java:loadSCMHAConfig(162)) - ServiceID for StorageContainerManager is null
2025-05-08 12:13:47,089 [main] INFO  ha.SCMHANodeDetails (SCMHANodeDetails.java:loadSCMHAConfig(166)) - ozone.scm.default.service.id is not defined, falling back to ozone.scm.service.ids to find serviceID for StorageContainerManager if it is HA enabled cluster
2025-05-08 12:13:47,433 [main] WARN  utils.HAUtils (HAUtils.java:getMetaDir(311)) - ozone.scm.db.dirs is not configured. We recommend adding this setting. Falling back to ozone.metadata.dirs instead.
2025-05-08 12:13:47,527 [main] WARN  db.DBStoreBuilder (DBStoreBuilder.java:getDBDirPath(160)) - ozone.scm.db.dirs is not configured. We recommend adding this setting. Falling back to ozone.metadata.dirs instead.
2025-05-08 12:13:47,681 [main] INFO  net.NodeSchemaLoader (NodeSchemaLoader.java:loadSchemaFromFile(128)) - Loading schema from [jar:file:/home/runner/work/ozone/ozone/hadoop-hdds/common/target/hdds-common-2.1.0-SNAPSHOT.jar!/network-topology-default.xml]
2025-05-08 12:13:47,683 [main] INFO  net.NodeSchemaLoader (NodeSchemaLoader.java:loadSchema(175)) - Loading network topology layer schema file
2025-05-08 12:13:47,774 [main] INFO  ha.SCMRatisServerImpl (SCMRatisServerImpl.java:<init>(100)) - starting Raft server for scm:aa40a6e8-77ba-434d-b9e7-e4aad8dcbfb7
2025-05-08 12:13:47,778 [main] INFO  server.RaftServerConfigKeys (ConfUtils.java:logGet(46)) - raft.server.log.appender.buffer.byte-limit = 4194304 (custom)
2025-05-08 12:13:47,780 [main] INFO  server.RaftServer (ConfUtils.java:logGet(46)) - raft.rpc.type = GRPC (default)
2025-05-08 12:13:47,780 [main] INFO  grpc.GrpcConfigKeys (ConfUtils.java:logFallback(53)) - raft.grpc.admin.host = null (fallback to raft.grpc.server.host)
2025-05-08 12:13:47,780 [main] INFO  grpc.GrpcConfigKeys (ConfUtils.java:logFallback(53)) - raft.grpc.admin.port = 15004 (fallback to raft.grpc.server.port)
2025-05-08 12:13:47,780 [main] INFO  grpc.GrpcConfigKeys (ConfUtils.java:logFallback(53)) - raft.grpc.client.host = null (fallback to raft.grpc.server.host)
2025-05-08 12:13:47,781 [main] INFO  grpc.GrpcConfigKeys (ConfUtils.java:logFallback(53)) - raft.grpc.client.port = 15004 (fallback to raft.grpc.server.port)
2025-05-08 12:13:47,781 [main] INFO  grpc.GrpcConfigKeys (ConfUtils.java:logGet(46)) - raft.grpc.server.host = null (default)
2025-05-08 12:13:47,781 [main] INFO  grpc.GrpcConfigKeys (ConfUtils.java:logGet(46)) - raft.grpc.server.port = 15004 (custom)
2025-05-08 12:13:47,781 [main] INFO  server.GrpcService (ConfUtils.java:logGet(46)) - raft.grpc.message.size.max = 5242880 (custom)
2025-05-08 12:13:47,782 [main] INFO  server.GrpcService (ConfUtils.java:logGet(46)) - raft.grpc.flow.control.window = 1MB (=1048576) (default)
2025-05-08 12:13:47,782 [main] INFO  server.RaftServerConfigKeys (ConfUtils.java:logGet(46)) - raft.server.rpc.request.timeout = 30000ms (custom)
2025-05-08 12:13:47,782 [main] INFO  grpc.GrpcConfigKeys (ConfUtils.java:logGet(46)) - raft.grpc.server.heartbeat.channel = true (default)
2025-05-08 12:13:47,782 [main] INFO  server.RaftServerConfigKeys (ConfUtils.java:logGet(46)) - raft.server.log.appender.buffer.byte-limit = 4194304 (custom)
2025-05-08 12:13:47,782 [main] INFO  grpc.GrpcConfigKeys (ConfUtils.java:logGet(46)) - raft.grpc.server.async.request.thread.pool.cached = true (default)
2025-05-08 12:13:47,783 [main] INFO  grpc.GrpcConfigKeys (ConfUtils.java:logGet(46)) - raft.grpc.server.async.request.thread.pool.size = 32 (default)
2025-05-08 12:13:47,784 [main] INFO  impl.DataStreamServerImpl (ConfUtils.java:logGet(46)) - raft.datastream.type = DISABLED (default)
2025-05-08 12:13:47,784 [main] INFO  server.RaftServerConfigKeys (ConfUtils.java:logGet(46)) - raft.server.sleep.deviation.threshold = 300ms (default)
2025-05-08 12:13:47,784 [main] INFO  server.RaftServerConfigKeys (ConfUtils.java:logGet(46)) - raft.server.close.threshold = 60s (default)
2025-05-08 12:13:47,784 [main] INFO  server.RaftServerConfigKeys (ConfUtils.java:logGet(46)) - raft.server.leaderelection.leader.step-down.wait-time = 10s (default)
2025-05-08 12:13:47,785 [main] INFO  server.RaftServerConfigKeys (ConfUtils.java:logGet(46)) - raft.server.storage.dir = [/home/runner/work/ozone/ozone/hadoop-ozone/integration-test/target/test-dir/MiniOzoneClusterImpl-efc39a28-6472-4ee4-b6fc-2c7f8ca0458d/ozone-meta/scm-ha] (custom)
2025-05-08 12:13:47,785 [main] INFO  server.RaftServerConfigKeys (ConfUtils.java:logGet(46)) - raft.server.threadpool.proxy.cached = true (default)
2025-05-08 12:13:47,785 [main] INFO  server.RaftServerConfigKeys (ConfUtils.java:logGet(46)) - raft.server.threadpool.proxy.size = 0 (default)
2025-05-08 12:13:47,786 [aa40a6e8-77ba-434d-b9e7-e4aad8dcbfb7-impl-thread1] INFO  server.RaftServer (RaftServerProxy.java:initGroupDir(265)) - aa40a6e8-77ba-434d-b9e7-e4aad8dcbfb7: found a subdirectory /home/runner/work/ozone/ozone/hadoop-ozone/integration-test/target/test-dir/MiniOzoneClusterImpl-efc39a28-6472-4ee4-b6fc-2c7f8ca0458d/ozone-meta/scm-ha/efc39a28-6472-4ee4-b6fc-2c7f8ca0458d
2025-05-08 12:13:47,787 [main] INFO  server.RaftServer (RaftServerProxy.java:addNew(100)) - aa40a6e8-77ba-434d-b9e7-e4aad8dcbfb7: addNew group-2C7F8CA0458D:[] returns group-2C7F8CA0458D:java.util.concurrent.CompletableFuture@22865072[Not completed]
2025-05-08 12:13:47,789 [aa40a6e8-77ba-434d-b9e7-e4aad8dcbfb7-groupManagement] INFO  server.RaftServer$Division (RaftServerImpl.java:<init>(255)) - aa40a6e8-77ba-434d-b9e7-e4aad8dcbfb7: new RaftServerImpl for group-2C7F8CA0458D:[] with SCMStateMachine:uninitialized
2025-05-08 12:13:47,790 [aa40a6e8-77ba-434d-b9e7-e4aad8dcbfb7-groupManagement] INFO  server.RaftServerConfigKeys (ConfUtils.java:logGet(46)) - raft.server.rpc.timeout.min = 5000ms (custom)
2025-05-08 12:13:47,790 [aa40a6e8-77ba-434d-b9e7-e4aad8dcbfb7-groupManagement] INFO  server.RaftServerConfigKeys (ConfUtils.java:logGet(46)) - raft.server.rpc.timeout.max = 5200ms (custom)
2025-05-08 12:13:47,790 [aa40a6e8-77ba-434d-b9e7-e4aad8dcbfb7-groupManagement] INFO  server.RaftServerConfigKeys (ConfUtils.java:logGet(46)) - raft.server.rpc.sleep.time = 25ms (default)
2025-05-08 12:13:47,791 [aa40a6e8-77ba-434d-b9e7-e4aad8dcbfb7-groupManagement] INFO  server.RaftServerConfigKeys (ConfUtils.java:logGet(46)) - raft.server.rpc.slowness.timeout = 120000ms (custom)
2025-05-08 12:13:47,791 [aa40a6e8-77ba-434d-b9e7-e4aad8dcbfb7-groupManagement] INFO  server.RaftServerConfigKeys (ConfUtils.java:logGet(46)) - raft.server.leaderelection.leader.step-down.wait-time = 10s (default)
2025-05-08 12:13:47,791 [aa40a6e8-77ba-434d-b9e7-e4aad8dcbfb7-groupManagement] INFO  server.RaftServerConfigKeys (ConfUtils.java:logGet(46)) - raft.server.leaderelection.member.majority-add = false (default)
2025-05-08 12:13:47,791 [aa40a6e8-77ba-434d-b9e7-e4aad8dcbfb7-groupManagement] INFO  server.RaftServerConfigKeys (ConfUtils.java:logGet(46)) - raft.server.sleep.deviation.threshold = 300ms (default)
2025-05-08 12:13:47,791 [aa40a6e8-77ba-434d-b9e7-e4aad8dcbfb7-groupManagement] INFO  server.RaftServer$Division (ServerState.java:<init>(114)) - aa40a6e8-77ba-434d-b9e7-e4aad8dcbfb7@group-2C7F8CA0458D: ConfigurationManager, init=conf: {index: -1, cur=peers:[]|listeners:[], old=null}, confs=<EMPTY_MAP>
2025-05-08 12:13:47,791 [aa40a6e8-77ba-434d-b9e7-e4aad8dcbfb7-groupManagement] INFO  server.RaftServerConfigKeys (ConfUtils.java:logGet(46)) - raft.server.notification.no-leader.timeout = 60s (default)
2025-05-08 12:13:47,792 [aa40a6e8-77ba-434d-b9e7-e4aad8dcbfb7-groupManagement] INFO  server.RaftServerConfigKeys (ConfUtils.java:logGet(46)) - raft.server.read.timeout = 10s (default)
2025-05-08 12:13:47,792 [aa40a6e8-77ba-434d-b9e7-e4aad8dcbfb7-groupManagement] INFO  server.RaftServerConfigKeys (ConfUtils.java:logGet(46)) - raft.server.retrycache.expirytime = 60000ms (default)
2025-05-08 12:13:47,792 [aa40a6e8-77ba-434d-b9e7-e4aad8dcbfb7-groupManagement] INFO  server.RaftServerConfigKeys (ConfUtils.java:logGet(46)) - raft.server.retrycache.statistics.expirytime = 100ms (default)
2025-05-08 12:13:47,792 [aa40a6e8-77ba-434d-b9e7-e4aad8dcbfb7-groupManagement] INFO  server.RaftServerConfigKeys (ConfUtils.java:logGet(46)) - raft.server.read.option = DEFAULT (default)
2025-05-08 12:13:47,792 [aa40a6e8-77ba-434d-b9e7-e4aad8dcbfb7-groupManagement] INFO  server.RaftServerConfigKeys (ConfUtils.java:logGet(46)) - raft.server.read.read-after-write-consistent.write-index-cache.expiry-time = 60s (default)
2025-05-08 12:13:47,800 [aa40a6e8-77ba-434d-b9e7-e4aad8dcbfb7-groupManagement] INFO  server.RaftServerConfigKeys (ConfUtils.java:logGet(46)) - raft.server.rpc.request.timeout = 30000ms (custom)
2025-05-08 12:13:47,801 [aa40a6e8-77ba-434d-b9e7-e4aad8dcbfb7-groupManagement] INFO  server.RaftServerConfigKeys (ConfUtils.java:logGet(46)) - raft.server.log.appender.install.snapshot.enabled = false (custom)
2025-05-08 12:13:47,801 [aa40a6e8-77ba-434d-b9e7-e4aad8dcbfb7-groupManagement] INFO  server.RaftServerConfigKeys (ConfUtils.java:logGet(46)) - raft.server.threadpool.server.cached = true (default)
2025-05-08 12:13:47,801 [aa40a6e8-77ba-434d-b9e7-e4aad8dcbfb7-groupManagement] INFO  server.RaftServerConfigKeys (ConfUtils.java:logGet(46)) - raft.server.threadpool.server.size = 0 (default)
2025-05-08 12:13:47,801 [aa40a6e8-77ba-434d-b9e7-e4aad8dcbfb7-groupManagement] INFO  server.RaftServerConfigKeys (ConfUtils.java:logGet(46)) - raft.server.threadpool.client.cached = true (default)
2025-05-08 12:13:47,801 [aa40a6e8-77ba-434d-b9e7-e4aad8dcbfb7-groupManagement] INFO  server.RaftServerConfigKeys (ConfUtils.java:logGet(46)) - raft.server.threadpool.client.size = 0 (default)
2025-05-08 12:13:47,803 [main] INFO  ha.SCMSnapshotProvider (SCMSnapshotProvider.java:<init>(61)) - Initializing SCM Snapshot Provider
2025-05-08 12:13:47,803 [main] WARN  server.ServerUtils (ServerUtils.java:getDefaultRatisDirectory(304)) - Storage directory for Ratis is not configured. It is a good idea to map this to an SSD disk. Falling back to ozone.metadata.dirs
2025-05-08 12:13:47,803 [main] WARN  ha.SCMHAUtils (SCMHAUtils.java:getSCMRatisSnapshotDirectory(120)) - SCM snapshot dir is not configured. Falling back to ozone.metadata.dirs config
2025-05-08 12:13:47,824 [main] INFO  upgrade.AbstractLayoutVersionManager (AbstractLayoutVersionManager.java:init(80)) - Initializing Layout version manager with metadata layout = HBASE_SUPPORT (version = 8), software layout = HBASE_SUPPORT (version = 8)
2025-05-08 12:13:47,848 [main] INFO  ha.SequenceIdGenerator (SequenceIdGenerator.java:upgradeToSequenceId(355)) - upgrade localId to 115816896921600000
2025-05-08 12:13:47,850 [main] INFO  ha.SequenceIdGenerator (SequenceIdGenerator.java:upgradeToSequenceId(365)) - upgrade delTxnId to 0
2025-05-08 12:13:47,856 [main] INFO  ha.SequenceIdGenerator (SequenceIdGenerator.java:upgradeToSequenceId(382)) - upgrade containerId to 0
2025-05-08 12:13:47,859 [main] INFO  ha.SequenceIdGenerator (SequenceIdGenerator.java:upgradeToCertificateSequenceId(419)) - upgrade CertificateId to 2
2025-05-08 12:13:47,861 [main] INFO  ha.SequenceIdGenerator (SequenceIdGenerator.java:<init>(232)) - Init the HA SequenceIdGenerator.
2025-05-08 12:13:47,912 [main] INFO  node.SCMNodeManager (SCMNodeManager.java:<init>(182)) - Entering startup safe mode.
2025-05-08 12:13:47,923 [main] INFO  algorithms.ContainerPlacementPolicyFactory (ContainerPlacementPolicyFactory.java:getPolicyInternal(84)) - Create container placement policy of type org.apache.hadoop.hdds.scm.container.placement.algorithms.SCMContainerPlacementRackAware
2025-05-08 12:13:47,928 [main] INFO  algorithms.ContainerPlacementPolicyFactory (ContainerPlacementPolicyFactory.java:getPolicyInternal(84)) - Create container placement policy of type org.apache.hadoop.hdds.scm.container.placement.algorithms.SCMContainerPlacementRackScatter
2025-05-08 12:13:47,935 [main] INFO  pipeline.PipelineStateManagerImpl (PipelineStateManagerImpl.java:initialize(75)) - No pipeline exists in current db
2025-05-08 12:13:47,946 [main] INFO  algorithms.LeaderChoosePolicyFactory (LeaderChoosePolicyFactory.java:getPolicy(55)) - Create leader choose policy of type org.apache.hadoop.hdds.scm.pipeline.leader.choose.algorithms.MinLeaderCountChoosePolicy
2025-05-08 12:13:47,947 [main] INFO  algorithms.ContainerPlacementPolicyFactory (ContainerPlacementPolicyFactory.java:getPolicyInternal(84)) - Create container placement policy of type org.apache.hadoop.hdds.scm.container.placement.algorithms.SCMContainerPlacementRackScatter
2025-05-08 12:13:47,953 [main] INFO  ha.SCMServiceManager (SCMServiceManager.java:register(42)) - Registering service BackgroundPipelineCreator.
2025-05-08 12:13:47,953 [main] INFO  pipeline.BackgroundPipelineCreator (BackgroundPipelineCreator.java:start(126)) - Starting RatisPipelineUtilsThread.
2025-05-08 12:13:47,955 [main] INFO  BackgroundPipelineScrubber (BackgroundSCMService.java:start(64)) - Starting BackgroundPipelineScrubber Service.
2025-05-08 12:13:47,956 [main] INFO  ha.SCMServiceManager (SCMServiceManager.java:register(42)) - Registering service BackgroundPipelineScrubber.
2025-05-08 12:13:47,961 [main] INFO  ExpiredContainerReplicaOpScrubber (BackgroundSCMService.java:start(64)) - Starting ExpiredContainerReplicaOpScrubber Service.
2025-05-08 12:13:47,962 [main] INFO  ha.SCMServiceManager (SCMServiceManager.java:register(42)) - Registering service ExpiredContainerReplicaOpScrubber.
2025-05-08 12:13:47,984 [main] INFO  algorithms.PipelineChoosePolicyFactory (PipelineChoosePolicyFactory.java:createPipelineChoosePolicyFromClass(78)) - Create pipeline choose policy of type org.apache.hadoop.hdds.scm.pipeline.choose.algorithms.RandomPipelineChoosePolicy
2025-05-08 12:13:47,984 [main] INFO  algorithms.PipelineChoosePolicyFactory (PipelineChoosePolicyFactory.java:createPipelineChoosePolicyFromClass(78)) - Create pipeline choose policy of type org.apache.hadoop.hdds.scm.pipeline.choose.algorithms.RandomPipelineChoosePolicy
2025-05-08 12:13:48,008 [main] INFO  ha.SCMServiceManager (SCMServiceManager.java:register(42)) - Registering service SCMBlockDeletingService.
2025-05-08 12:13:48,053 [main] INFO  replication.ReplicationManager (ReplicationManager.java:start(285)) - Starting Replication Monitor Thread.
2025-05-08 12:13:48,054 [main] INFO  ha.SCMServiceManager (SCMServiceManager.java:register(42)) - Registering service ReplicationManager.
2025-05-08 12:13:48,065 [main] INFO  safemode.RatisContainerSafeModeRule (RatisContainerSafeModeRule.java:initializeRule(160)) - Refreshed Containers with one replica threshold count 0.
2025-05-08 12:13:48,066 [main] INFO  safemode.ECContainerSafeModeRule (ECContainerSafeModeRule.java:initializeRule(205)) - Refreshed Containers with ec n replica threshold count 0.
2025-05-08 12:13:48,075 [main] INFO  safemode.HealthyPipelineSafeModeRule (HealthyPipelineSafeModeRule.java:initializeRule(177)) - Total pipeline count is 0, healthy pipeline threshold count is 1
2025-05-08 12:13:48,077 [main] INFO  safemode.OneReplicaPipelineSafeModeRule (OneReplicaPipelineSafeModeRule.java:initializeRule(190)) - Total pipeline count is 0, pipeline's with at least one datanode reported threshold count is 0
2025-05-08 12:13:48,118 [main] INFO  server.StorageContainerManager (StorageContainerManager.java:<init>(430)) - SCM start with adminUsers: [runner]
2025-05-08 12:13:48,377 [main] INFO  audit.AuditLogger (AuditLogger.java:refreshDebugCmdSet(133)) - Refresh DebugCmdSet for SCMAudit to [].
2025-05-08 12:13:48,401 [main] INFO  ipc.CallQueueManager (CallQueueManager.java:<init>(93)) - Using callQueue: class java.util.concurrent.LinkedBlockingQueue, queueCapacity: 10000, scheduler: class org.apache.hadoop.ipc.DefaultRpcScheduler, ipcBackoff: false, ipcFailOver: false.
2025-05-08 12:13:48,428 [main] INFO  ipc.Server (Server.java:<init>(1438)) - Listener at 0.0.0.0:15002
2025-05-08 12:13:48,429 [Socket Reader #2 for port 15002] INFO  ipc.Server (Server.java:run(1474)) - Starting Socket Reader #2 for port 15002
2025-05-08 12:13:48,430 [Socket Reader #1 for port 15002] INFO  ipc.Server (Server.java:run(1474)) - Starting Socket Reader #1 for port 15002
2025-05-08 12:13:48,431 [Socket Reader #3 for port 15002] INFO  ipc.Server (Server.java:run(1474)) - Starting Socket Reader #3 for port 15002
2025-05-08 12:13:48,432 [Socket Reader #4 for port 15002] INFO  ipc.Server (Server.java:run(1474)) - Starting Socket Reader #4 for port 15002
2025-05-08 12:13:48,432 [Socket Reader #5 for port 15002] INFO  ipc.Server (Server.java:run(1474)) - Starting Socket Reader #5 for port 15002
2025-05-08 12:13:48,432 [Socket Reader #6 for port 15002] INFO  ipc.Server (Server.java:run(1474)) - Starting Socket Reader #6 for port 15002
2025-05-08 12:13:48,433 [Socket Reader #7 for port 15002] INFO  ipc.Server (Server.java:run(1474)) - Starting Socket Reader #7 for port 15002
2025-05-08 12:13:48,433 [Socket Reader #8 for port 15002] INFO  ipc.Server (Server.java:run(1474)) - Starting Socket Reader #8 for port 15002
2025-05-08 12:13:48,434 [Socket Reader #9 for port 15002] INFO  ipc.Server (Server.java:run(1474)) - Starting Socket Reader #9 for port 15002
2025-05-08 12:13:48,435 [Socket Reader #10 for port 15002] INFO  ipc.Server (Server.java:run(1474)) - Starting Socket Reader #10 for port 15002
2025-05-08 12:13:48,474 [main] INFO  audit.AuditLogger (AuditLogger.java:refreshDebugCmdSet(133)) - Refresh DebugCmdSet for SCMAudit to [].
2025-05-08 12:13:48,479 [main] INFO  ipc.CallQueueManager (CallQueueManager.java:<init>(93)) - Using callQueue: class java.util.concurrent.LinkedBlockingQueue, queueCapacity: 10000, scheduler: class org.apache.hadoop.ipc.DefaultRpcScheduler, ipcBackoff: false, ipcFailOver: false.
2025-05-08 12:13:48,479 [main] INFO  ipc.Server (Server.java:<init>(1438)) - Listener at 0.0.0.0:15001
2025-05-08 12:13:48,480 [Socket Reader #1 for port 15001] INFO  ipc.Server (Server.java:run(1474)) - Starting Socket Reader #1 for port 15001
2025-05-08 12:13:48,480 [Socket Reader #2 for port 15001] INFO  ipc.Server (Server.java:run(1474)) - Starting Socket Reader #2 for port 15001
2025-05-08 12:13:48,481 [Socket Reader #3 for port 15001] INFO  ipc.Server (Server.java:run(1474)) - Starting Socket Reader #3 for port 15001
2025-05-08 12:13:48,481 [Socket Reader #4 for port 15001] INFO  ipc.Server (Server.java:run(1474)) - Starting Socket Reader #4 for port 15001
2025-05-08 12:13:48,482 [Socket Reader #5 for port 15001] INFO  ipc.Server (Server.java:run(1474)) - Starting Socket Reader #5 for port 15001
2025-05-08 12:13:48,482 [Socket Reader #6 for port 15001] INFO  ipc.Server (Server.java:run(1474)) - Starting Socket Reader #6 for port 15001
2025-05-08 12:13:48,483 [Socket Reader #7 for port 15001] INFO  ipc.Server (Server.java:run(1474)) - Starting Socket Reader #7 for port 15001
2025-05-08 12:13:48,483 [Socket Reader #8 for port 15001] INFO  ipc.Server (Server.java:run(1474)) - Starting Socket Reader #8 for port 15001
2025-05-08 12:13:48,484 [Socket Reader #9 for port 15001] INFO  ipc.Server (Server.java:run(1474)) - Starting Socket Reader #9 for port 15001
2025-05-08 12:13:48,484 [Socket Reader #10 for port 15001] INFO  ipc.Server (Server.java:run(1474)) - Starting Socket Reader #10 for port 15001
2025-05-08 12:13:48,519 [main] INFO  audit.AuditLogger (AuditLogger.java:refreshDebugCmdSet(133)) - Refresh DebugCmdSet for SCMAudit to [].
2025-05-08 12:13:48,529 [main] INFO  ipc.CallQueueManager (CallQueueManager.java:<init>(93)) - Using callQueue: class java.util.concurrent.LinkedBlockingQueue, queueCapacity: 10000, scheduler: class org.apache.hadoop.ipc.DefaultRpcScheduler, ipcBackoff: false, ipcFailOver: false.
2025-05-08 12:13:48,530 [main] INFO  ipc.Server (Server.java:<init>(1438)) - Listener at 0.0.0.0:15000
2025-05-08 12:13:48,530 [Socket Reader #1 for port 15000] INFO  ipc.Server (Server.java:run(1474)) - Starting Socket Reader #1 for port 15000
2025-05-08 12:13:48,531 [Socket Reader #2 for port 15000] INFO  ipc.Server (Server.java:run(1474)) - Starting Socket Reader #2 for port 15000
2025-05-08 12:13:48,531 [Socket Reader #3 for port 15000] INFO  ipc.Server (Server.java:run(1474)) - Starting Socket Reader #3 for port 15000
2025-05-08 12:13:48,532 [Socket Reader #4 for port 15000] INFO  ipc.Server (Server.java:run(1474)) - Starting Socket Reader #4 for port 15000
2025-05-08 12:13:48,533 [Socket Reader #5 for port 15000] INFO  ipc.Server (Server.java:run(1474)) - Starting Socket Reader #5 for port 15000
2025-05-08 12:13:48,534 [Socket Reader #6 for port 15000] INFO  ipc.Server (Server.java:run(1474)) - Starting Socket Reader #6 for port 15000
2025-05-08 12:13:48,534 [Socket Reader #7 for port 15000] INFO  ipc.Server (Server.java:run(1474)) - Starting Socket Reader #7 for port 15000
2025-05-08 12:13:48,534 [Socket Reader #8 for port 15000] INFO  ipc.Server (Server.java:run(1474)) - Starting Socket Reader #8 for port 15000
2025-05-08 12:13:48,535 [Socket Reader #9 for port 15000] INFO  ipc.Server (Server.java:run(1474)) - Starting Socket Reader #9 for port 15000
2025-05-08 12:13:48,535 [Socket Reader #10 for port 15000] INFO  ipc.Server (Server.java:run(1474)) - Starting Socket Reader #10 for port 15000
2025-05-08 12:13:48,586 [main] INFO  ha.SCMServiceManager (SCMServiceManager.java:register(42)) - Registering service ContainerBalancer.
2025-05-08 12:13:48,587 [main] INFO  ha.SCMContext (SCMContext.java:updateSafeModeStatus(224)) - Update SafeModeStatus from SafeModeStatus{safeModeStatus=true, preCheckPassed=false} to SafeModeStatus{safeModeStatus=true, preCheckPassed=false}.
2025-05-08 12:13:48,592 [main] INFO  server.StorageContainerManager (StorageContainerManager.java:start(1508)) - StorageContainerLocationProtocol RPC server is listening at /0.0.0.0:15000
2025-05-08 12:13:48,594 [main] INFO  ha.SCMRatisServerImpl (SCMRatisServerImpl.java:start(203)) - starting ratis server 0.0.0.0:15004
2025-05-08 12:13:48,594 [aa40a6e8-77ba-434d-b9e7-e4aad8dcbfb7-impl-thread1] INFO  server.RaftServerConfigKeys (ConfUtils.java:logGet(46)) - raft.server.storage.free-space.min = 0MB (=0) (default)
2025-05-08 12:13:48,594 [aa40a6e8-77ba-434d-b9e7-e4aad8dcbfb7-impl-thread1] INFO  server.RaftServerConfigKeys (ConfUtils.java:logGet(46)) - raft.server.log.corruption.policy = EXCEPTION (default)
2025-05-08 12:13:48,595 [aa40a6e8-77ba-434d-b9e7-e4aad8dcbfb7-impl-thread1] INFO  server.RaftServerConfigKeys (ConfUtils.java:logGet(46)) - raft.server.storage.dir = [/home/runner/work/ozone/ozone/hadoop-ozone/integration-test/target/test-dir/MiniOzoneClusterImpl-efc39a28-6472-4ee4-b6fc-2c7f8ca0458d/ozone-meta/scm-ha] (custom)
2025-05-08 12:13:48,596 [aa40a6e8-77ba-434d-b9e7-e4aad8dcbfb7-impl-thread1] INFO  storage.RaftStorageDirectory (RaftStorageDirectoryImpl.java:tryLock(229)) - Lock on /home/runner/work/ozone/ozone/hadoop-ozone/integration-test/target/test-dir/MiniOzoneClusterImpl-efc39a28-6472-4ee4-b6fc-2c7f8ca0458d/ozone-meta/scm-ha/efc39a28-6472-4ee4-b6fc-2c7f8ca0458d/in_use.lock acquired by nodename 33187@fv-az1940-623
2025-05-08 12:13:48,598 [aa40a6e8-77ba-434d-b9e7-e4aad8dcbfb7-impl-thread1] INFO  storage.RaftStorage (RaftStorageImpl.java:analyzeAndRecoverStorage(118)) - Read RaftStorageMetadata{term=1, votedFor=aa40a6e8-77ba-434d-b9e7-e4aad8dcbfb7} from /home/runner/work/ozone/ozone/hadoop-ozone/integration-test/target/test-dir/MiniOzoneClusterImpl-efc39a28-6472-4ee4-b6fc-2c7f8ca0458d/ozone-meta/scm-ha/efc39a28-6472-4ee4-b6fc-2c7f8ca0458d/current/raft-meta
2025-05-08 12:13:48,600 [aa40a6e8-77ba-434d-b9e7-e4aad8dcbfb7-impl-thread1] INFO  server.RaftServer$Division (ServerState.java:setRaftConf(386)) - aa40a6e8-77ba-434d-b9e7-e4aad8dcbfb7@group-2C7F8CA0458D: set configuration conf: {index: 0, cur=peers:[aa40a6e8-77ba-434d-b9e7-e4aad8dcbfb7|fv-az1940-623:15004]|listeners:[], old=null}
2025-05-08 12:13:48,600 [aa40a6e8-77ba-434d-b9e7-e4aad8dcbfb7-impl-thread1] INFO  ha.SCMStateMachine (SCMStateMachine.java:lambda$initialize$0(135)) - aa40a6e8-77ba-434d-b9e7-e4aad8dcbfb7: initialize group-2C7F8CA0458D
2025-05-08 12:13:48,600 [aa40a6e8-77ba-434d-b9e7-e4aad8dcbfb7-impl-thread1] INFO  server.RaftServerConfigKeys (ConfUtils.java:logGet(46)) - raft.server.log.use.memory = false (default)
2025-05-08 12:13:48,600 [aa40a6e8-77ba-434d-b9e7-e4aad8dcbfb7-impl-thread1] INFO  server.RaftServerConfigKeys (ConfUtils.java:logGet(46)) - raft.server.log.purge.gap = 1000000 (custom)
2025-05-08 12:13:48,601 [aa40a6e8-77ba-434d-b9e7-e4aad8dcbfb7-impl-thread1] INFO  server.RaftServerConfigKeys (ConfUtils.java:logGet(46)) - raft.server.log.appender.buffer.byte-limit = 4194304 (custom)
2025-05-08 12:13:48,601 [aa40a6e8-77ba-434d-b9e7-e4aad8dcbfb7-impl-thread1] INFO  server.RaftServerConfigKeys (ConfUtils.java:logGet(46)) - raft.server.log.statemachine.data.read.timeout = 1000ms (default)
2025-05-08 12:13:48,601 [aa40a6e8-77ba-434d-b9e7-e4aad8dcbfb7-impl-thread1] INFO  server.RaftServerConfigKeys (ConfUtils.java:logGet(46)) - raft.server.log.purge.preservation.log.num = 0 (default)
2025-05-08 12:13:48,603 [aa40a6e8-77ba-434d-b9e7-e4aad8dcbfb7-impl-thread1] INFO  server.RaftServerConfigKeys (ConfUtils.java:logGet(46)) - raft.server.log.segment.size.max = 4194304 (custom)
2025-05-08 12:13:48,604 [aa40a6e8-77ba-434d-b9e7-e4aad8dcbfb7-impl-thread1] INFO  server.RaftServerConfigKeys (ConfUtils.java:logGet(46)) - raft.server.log.segment.cache.num.max = 2 (custom)
2025-05-08 12:13:48,604 [aa40a6e8-77ba-434d-b9e7-e4aad8dcbfb7-impl-thread1] INFO  server.RaftServerConfigKeys (ConfUtils.java:logGet(46)) - raft.server.log.segment.cache.size.max = 200MB (=209715200) (default)
2025-05-08 12:13:48,604 [aa40a6e8-77ba-434d-b9e7-e4aad8dcbfb7-impl-thread1] INFO  server.RaftServerConfigKeys (ConfUtils.java:logGet(46)) - raft.server.log.appender.buffer.byte-limit = 4194304 (custom)
2025-05-08 12:13:48,605 [aa40a6e8-77ba-434d-b9e7-e4aad8dcbfb7-impl-thread1] INFO  util.AwaitToRun (AwaitToRun.java:start(81)) - Thread[#112,aa40a6e8-77ba-434d-b9e7-e4aad8dcbfb7@group-2C7F8CA0458D-cacheEviction-AwaitToRun,5,main] started
2025-05-08 12:13:48,605 [aa40a6e8-77ba-434d-b9e7-e4aad8dcbfb7-impl-thread1] INFO  segmented.SegmentedRaftLogWorker (SegmentedRaftLogWorker.java:<init>(188)) - new aa40a6e8-77ba-434d-b9e7-e4aad8dcbfb7@group-2C7F8CA0458D-SegmentedRaftLogWorker for RaftStorageImpl:Storage Directory /home/runner/work/ozone/ozone/hadoop-ozone/integration-test/target/test-dir/MiniOzoneClusterImpl-efc39a28-6472-4ee4-b6fc-2c7f8ca0458d/ozone-meta/scm-ha/efc39a28-6472-4ee4-b6fc-2c7f8ca0458d
2025-05-08 12:13:48,606 [aa40a6e8-77ba-434d-b9e7-e4aad8dcbfb7-impl-thread1] INFO  server.RaftServerConfigKeys (ConfUtils.java:logGet(46)) - raft.server.log.queue.byte-limit = 64MB (=67108864) (default)
2025-05-08 12:13:48,606 [aa40a6e8-77ba-434d-b9e7-e4aad8dcbfb7-impl-thread1] INFO  server.RaftServerConfigKeys (ConfUtils.java:logGet(46)) - raft.server.log.queue.element-limit = 4096 (default)
2025-05-08 12:13:48,606 [aa40a6e8-77ba-434d-b9e7-e4aad8dcbfb7-impl-thread1] INFO  server.RaftServerConfigKeys (ConfUtils.java:logGet(46)) - raft.server.log.segment.size.max = 4194304 (custom)
2025-05-08 12:13:48,606 [aa40a6e8-77ba-434d-b9e7-e4aad8dcbfb7-impl-thread1] INFO  server.RaftServerConfigKeys (ConfUtils.java:logGet(46)) - raft.server.log.preallocated.size = 4194304 (custom)
2025-05-08 12:13:48,606 [aa40a6e8-77ba-434d-b9e7-e4aad8dcbfb7-impl-thread1] INFO  server.RaftServerConfigKeys (ConfUtils.java:logGet(46)) - raft.server.log.force.sync.num = 128 (default)
2025-05-08 12:13:48,606 [aa40a6e8-77ba-434d-b9e7-e4aad8dcbfb7-impl-thread1] INFO  server.RaftServerConfigKeys (ConfUtils.java:logGet(46)) - raft.server.log.statemachine.data.sync = true (default)
2025-05-08 12:13:48,606 [aa40a6e8-77ba-434d-b9e7-e4aad8dcbfb7-impl-thread1] INFO  server.RaftServerConfigKeys (ConfUtils.java:logGet(46)) - raft.server.log.statemachine.data.sync.timeout = 10s (default)
2025-05-08 12:13:48,606 [aa40a6e8-77ba-434d-b9e7-e4aad8dcbfb7-impl-thread1] INFO  server.RaftServerConfigKeys (ConfUtils.java:logGet(46)) - raft.server.log.statemachine.data.sync.timeout.retry = -1 (default)
2025-05-08 12:13:48,607 [aa40a6e8-77ba-434d-b9e7-e4aad8dcbfb7-impl-thread1] INFO  server.RaftServerConfigKeys (ConfUtils.java:logGet(46)) - raft.server.log.write.buffer.size = 4194312 (custom)
2025-05-08 12:13:48,608 [aa40a6e8-77ba-434d-b9e7-e4aad8dcbfb7-impl-thread1] INFO  server.RaftServerConfigKeys (ConfUtils.java:logGet(46)) - raft.server.log.appender.buffer.byte-limit = 4194304 (custom)
2025-05-08 12:13:48,608 [aa40a6e8-77ba-434d-b9e7-e4aad8dcbfb7-impl-thread1] INFO  server.RaftServerConfigKeys (ConfUtils.java:logGet(46)) - raft.server.log.unsafe-flush.enabled = false (default)
2025-05-08 12:13:48,608 [aa40a6e8-77ba-434d-b9e7-e4aad8dcbfb7-impl-thread1] INFO  server.RaftServerConfigKeys (ConfUtils.java:logGet(46)) - raft.server.log.async-flush.enabled = false (default)
2025-05-08 12:13:48,608 [aa40a6e8-77ba-434d-b9e7-e4aad8dcbfb7-impl-thread1] INFO  server.RaftServerConfigKeys (ConfUtils.java:logGet(46)) - raft.server.log.statemachine.data.caching.enabled = false (default)
2025-05-08 12:13:48,613 [aa40a6e8-77ba-434d-b9e7-e4aad8dcbfb7-impl-thread1] INFO  server.RaftServer$Division (ServerState.java:setRaftConf(386)) - aa40a6e8-77ba-434d-b9e7-e4aad8dcbfb7@group-2C7F8CA0458D: set configuration conf: {index: 0, cur=peers:[aa40a6e8-77ba-434d-b9e7-e4aad8dcbfb7|fv-az1940-623:15004]|listeners:[], old=null}
2025-05-08 12:13:48,613 [aa40a6e8-77ba-434d-b9e7-e4aad8dcbfb7-impl-thread1] INFO  segmented.LogSegment (LogSegment.java:loadSegment(171)) - Successfully read 1 entries from segment file /home/runner/work/ozone/ozone/hadoop-ozone/integration-test/target/test-dir/MiniOzoneClusterImpl-efc39a28-6472-4ee4-b6fc-2c7f8ca0458d/ozone-meta/scm-ha/efc39a28-6472-4ee4-b6fc-2c7f8ca0458d/current/log_inprogress_0
2025-05-08 12:13:48,614 [aa40a6e8-77ba-434d-b9e7-e4aad8dcbfb7-impl-thread1] INFO  segmented.SegmentedRaftLogWorker (SegmentedRaftLogWorker.java:lambda$new$0(139)) - aa40a6e8-77ba-434d-b9e7-e4aad8dcbfb7@group-2C7F8CA0458D-SegmentedRaftLogWorker: safeCacheEvictIndex: setUnconditionally 0 -> -1
2025-05-08 12:13:48,614 [aa40a6e8-77ba-434d-b9e7-e4aad8dcbfb7-impl-thread1] INFO  segmented.BufferedWriteChannel (BufferedWriteChannel.java:open(61)) - open log_inprogress_0 (append) at position 80
2025-05-08 12:13:48,615 [aa40a6e8-77ba-434d-b9e7-e4aad8dcbfb7-impl-thread1] INFO  server.RaftServer$Division (RaftServerImpl.java:start(391)) - aa40a6e8-77ba-434d-b9e7-e4aad8dcbfb7@group-2C7F8CA0458D: start as a follower, conf=conf: {index: 0, cur=peers:[aa40a6e8-77ba-434d-b9e7-e4aad8dcbfb7|fv-az1940-623:15004]|listeners:[], old=null}
2025-05-08 12:13:48,616 [aa40a6e8-77ba-434d-b9e7-e4aad8dcbfb7-impl-thread1] INFO  server.RaftServer$Division (RaftServerImpl.java:setRole(378)) - aa40a6e8-77ba-434d-b9e7-e4aad8dcbfb7@group-2C7F8CA0458D: changes role from      null to FOLLOWER at term 1 for startAsFollower
2025-05-08 12:13:48,616 [aa40a6e8-77ba-434d-b9e7-e4aad8dcbfb7-impl-thread1] INFO  impl.RoleInfo (RoleInfo.java:updateAndGet(148)) - aa40a6e8-77ba-434d-b9e7-e4aad8dcbfb7: start aa40a6e8-77ba-434d-b9e7-e4aad8dcbfb7@group-2C7F8CA0458D-FollowerState
2025-05-08 12:13:48,617 [aa40a6e8-77ba-434d-b9e7-e4aad8dcbfb7-impl-thread1] INFO  util.JmxRegister (JmxRegister.java:tryRegister(44)) - Successfully registered JMX Bean with object name Ratis:service=RaftServer,group=group-2C7F8CA0458D,id=aa40a6e8-77ba-434d-b9e7-e4aad8dcbfb7
2025-05-08 12:13:48,619 [aa40a6e8-77ba-434d-b9e7-e4aad8dcbfb7-impl-thread1] INFO  util.JmxRegister (JmxRegister.java:register(58)) - register mxBean class org.apache.ratis.server.impl.RaftServerJmxAdapter as Ratis:service=RaftServer,group=group-2C7F8CA0458D,id=aa40a6e8-77ba-434d-b9e7-e4aad8dcbfb7
2025-05-08 12:13:48,619 [aa40a6e8-77ba-434d-b9e7-e4aad8dcbfb7-impl-thread1] INFO  server.RaftServerConfigKeys (ConfUtils.java:logGet(46)) - raft.server.snapshot.trigger-when-stop.enabled = true (default)
2025-05-08 12:13:48,619 [aa40a6e8-77ba-434d-b9e7-e4aad8dcbfb7-impl-thread1] INFO  server.RaftServerConfigKeys (ConfUtils.java:logGet(46)) - raft.server.snapshot.trigger-when-remove.enabled = true (default)
2025-05-08 12:13:48,619 [aa40a6e8-77ba-434d-b9e7-e4aad8dcbfb7-impl-thread1] INFO  server.RaftServerConfigKeys (ConfUtils.java:logGet(46)) - raft.server.snapshot.auto.trigger.enabled = true (custom)
2025-05-08 12:13:48,619 [aa40a6e8-77ba-434d-b9e7-e4aad8dcbfb7-impl-thread1] INFO  server.RaftServerConfigKeys (ConfUtils.java:logGet(46)) - raft.server.snapshot.auto.trigger.threshold = 1000 (custom)
2025-05-08 12:13:48,619 [aa40a6e8-77ba-434d-b9e7-e4aad8dcbfb7-impl-thread1] INFO  server.RaftServerConfigKeys (ConfUtils.java:logGet(46)) - raft.server.snapshot.retention.file.num = -1 (default)
2025-05-08 12:13:48,619 [aa40a6e8-77ba-434d-b9e7-e4aad8dcbfb7-impl-thread1] INFO  server.RaftServerConfigKeys (ConfUtils.java:logGet(46)) - raft.server.log.purge.upto.snapshot.index = false (default)
2025-05-08 12:13:48,618 [aa40a6e8-77ba-434d-b9e7-e4aad8dcbfb7@group-2C7F8CA0458D-FollowerState] INFO  server.RaftServerConfigKeys (ConfUtils.java:logGet(46)) - raft.server.rpc.first-election.timeout.min = 1000ms (custom)
2025-05-08 12:13:48,620 [aa40a6e8-77ba-434d-b9e7-e4aad8dcbfb7@group-2C7F8CA0458D-FollowerState] INFO  server.RaftServerConfigKeys (ConfUtils.java:logGet(46)) - raft.server.rpc.first-election.timeout.max = 1200ms (custom)
2025-05-08 12:13:48,621 [aa40a6e8-77ba-434d-b9e7-e4aad8dcbfb7-impl-thread1] INFO  server.RaftServer$Division (RaftServerImpl.java:start(405)) - aa40a6e8-77ba-434d-b9e7-e4aad8dcbfb7@group-2C7F8CA0458D: Successfully started.
2025-05-08 12:13:48,622 [main] INFO  server.RaftServer (RaftServerProxy.java:startImpl(407)) - aa40a6e8-77ba-434d-b9e7-e4aad8dcbfb7: start RPC server
2025-05-08 12:13:48,623 [main] INFO  server.GrpcService (GrpcService.java:startImpl(334)) - aa40a6e8-77ba-434d-b9e7-e4aad8dcbfb7: GrpcService started, listening on 15004
2025-05-08 12:13:48,626 [JvmPauseMonitor1] INFO  util.JvmPauseMonitor (JvmPauseMonitor.java:run(146)) - JvmPauseMonitor-aa40a6e8-77ba-434d-b9e7-e4aad8dcbfb7: Started
2025-05-08 12:13:48,631 [main] INFO  ha.SCMHAManagerImpl (SCMHAManagerImpl.java:start(131)) -  scm role is FOLLOWER peers [aa40a6e8-77ba-434d-b9e7-e4aad8dcbfb7|fv-az1940-623:15004]
2025-05-08 12:13:48,631 [main] INFO  ha.InterSCMGrpcService (InterSCMGrpcProtocolService.java:start(98)) - Starting SCM Grpc Service at port 15005
2025-05-08 12:13:48,632 [main] INFO  SCMHATransactionMonitor (BackgroundSCMService.java:start(64)) - Starting SCMHATransactionMonitor Service.
2025-05-08 12:13:48,633 [main] INFO  ha.SCMServiceManager (SCMServiceManager.java:register(42)) - Registering service SCMHATransactionMonitor.
2025-05-08 12:13:48,633 [main] INFO  SCMHATransactionMonitor (BackgroundSCMService.java:start(61)) - SCMHATransactionMonitor Service is already running, skip start.
2025-05-08 12:13:48,681 [main] WARN  impl.MetricsConfig (MetricsConfig.java:loadFirst(138)) - Cannot locate configuration: tried hadoop-metrics2-storagecontainermanager.properties,hadoop-metrics2.properties
2025-05-08 12:13:48,690 [main] INFO  impl.MetricsSystemImpl (MetricsSystemImpl.java:startTimer(378)) - Scheduled Metric snapshot period at 10 second(s).
2025-05-08 12:13:48,690 [main] INFO  impl.MetricsSystemImpl (MetricsSystemImpl.java:start(191)) - StorageContainerManager metrics system started
2025-05-08 12:13:48,814 [main] INFO  server.SCMClientProtocolServer (SCMClientProtocolServer.java:start(207)) - RPC server for Client  is listening at /0.0.0.0:15000
2025-05-08 12:13:48,815 [IPC Server Responder] INFO  ipc.Server (Server.java:run(1713)) - IPC Server Responder: starting
2025-05-08 12:13:48,816 [IPC Server listener on 15000] INFO  ipc.Server (Server.java:run(1553)) - IPC Server listener on 15000: starting
2025-05-08 12:13:48,832 [main] INFO  server.StorageContainerManager (StorageContainerManager.java:start(1521)) - ScmBlockLocationProtocol RPC server is listening at /0.0.0.0:15001
2025-05-08 12:13:48,833 [main] INFO  server.SCMBlockProtocolServer (SCMBlockProtocolServer.java:start(166)) - RPC server for Block Protocol is listening at /0.0.0.0:15001
2025-05-08 12:13:48,833 [IPC Server Responder] INFO  ipc.Server (Server.java:run(1713)) - IPC Server Responder: starting
2025-05-08 12:13:48,834 [IPC Server listener on 15001] INFO  ipc.Server (Server.java:run(1553)) - IPC Server listener on 15001: starting
2025-05-08 12:13:48,861 [main] INFO  http.BaseHttpServer (BaseHttpServer.java:newHttpServer2BuilderForOzone(229)) - Starting Web-server for scm at: http://0.0.0.0:15003
2025-05-08 12:13:48,862 [main] INFO  http.BaseHttpServer (BaseHttpServer.java:<init>(107)) - Hadoop Security Enabled: false Ozone Security Enabled: false Ozone HTTP Security Enabled: false 
2025-05-08 12:13:48,880 [main] INFO  util.log (Log.java:initialized(170)) - Logging initialized @6190ms to org.eclipse.jetty.util.log.Slf4jLog
2025-05-08 12:13:48,936 [main] WARN  server.AuthenticationFilter (AuthenticationFilter.java:constructSecretProvider(240)) - Unable to initialize FileSignerSecretProvider, falling back to use random secrets. Reason: Could not read signature secret file: /home/runner/hadoop-http-auth-signature-secret
2025-05-08 12:13:48,954 [main] INFO  http.HttpServer2 (HttpServer2.java:addGlobalFilter(1042)) - Added global filter 'safety' (class=org.apache.hadoop.hdds.server.http.HttpServer2$QuotingInputFilter)
2025-05-08 12:13:48,956 [main] INFO  http.HttpServer2 (HttpServer2.java:addFilter(1018)) - Added filter static_user_filter (class=org.apache.hadoop.http.lib.StaticUserWebFilter$StaticUserFilter) to context scm
2025-05-08 12:13:48,957 [main] INFO  http.HttpServer2 (HttpServer2.java:addFilter(1026)) - Added filter static_user_filter (class=org.apache.hadoop.http.lib.StaticUserWebFilter$StaticUserFilter) to context logs
2025-05-08 12:13:48,957 [main] INFO  http.HttpServer2 (HttpServer2.java:addFilter(1026)) - Added filter static_user_filter (class=org.apache.hadoop.http.lib.StaticUserWebFilter$StaticUserFilter) to context static
2025-05-08 12:13:48,980 [main] INFO  http.BaseHttpServer (BaseHttpServer.java:<init>(195)) - HTTP server of scm uses base directory /home/runner/work/ozone/ozone/hadoop-ozone/integration-test/target/test-dir/MiniOzoneClusterImpl-efc39a28-6472-4ee4-b6fc-2c7f8ca0458d/ozone-meta/webserver
2025-05-08 12:13:48,981 [main] INFO  http.HttpServer2 (HttpServer2.java:bindListener(1242)) - Jetty bound to port 15003
2025-05-08 12:13:48,983 [main] INFO  server.Server (Server.java:doStart(375)) - jetty-9.4.57.v20241219; built: 2025-01-08T21:24:30.412Z; git: df524e6b29271c2e09ba9aea83c18dc9db464a31; jvm 21.0.7+6-LTS
2025-05-08 12:13:49,001 [main] INFO  server.session (DefaultSessionIdManager.java:doStart(334)) - DefaultSessionIdManager workerName=node0
2025-05-08 12:13:49,001 [main] INFO  server.session (DefaultSessionIdManager.java:doStart(339)) - No SessionScavenger set, using defaults
2025-05-08 12:13:49,002 [main] INFO  server.session (HouseKeeper.java:startScavenging(132)) - node0 Scavenging every 660000ms
2025-05-08 12:13:49,017 [main] INFO  handler.ContextHandler (ContextHandler.java:doStart(921)) - Started o.e.j.s.ServletContextHandler@1be3a294{logs,/logs,file:///home/runner/work/ozone/ozone/hadoop-ozone/integration-test/target/log,AVAILABLE}
2025-05-08 12:13:49,018 [main] INFO  handler.ContextHandler (ContextHandler.java:doStart(921)) - Started o.e.j.s.ServletContextHandler@252d2ac0{static,/static,file:///home/runner/work/ozone/ozone/hadoop-ozone/integration-test/target/test-classes/webapps/static,AVAILABLE}
2025-05-08 12:13:49,051 [main] INFO  handler.ContextHandler (ContextHandler.java:doStart(921)) - Started o.e.j.w.WebAppContext@408980aa{scm,/,file:///home/runner/work/ozone/ozone/hadoop-ozone/integration-test/target/test-classes/webapps/scm/,AVAILABLE}{file:/home/runner/work/ozone/ozone/hadoop-ozone/integration-test/target/test-classes/webapps/scm}
2025-05-08 12:13:49,055 [main] INFO  server.AbstractConnector (AbstractConnector.java:doStart(333)) - Started ServerConnector@3006aef5{HTTP/1.1, (http/1.1)}{0.0.0.0:15003}
2025-05-08 12:13:49,056 [main] INFO  server.Server (Server.java:doStart(415)) - Started @6366ms
2025-05-08 12:13:49,057 [main] INFO  impl.MetricsSinkAdapter (MetricsSinkAdapter.java:start(204)) - Sink prometheus started
2025-05-08 12:13:49,057 [main] INFO  impl.MetricsSystemImpl (MetricsSystemImpl.java:registerSink(305)) - Registered sink prometheus
2025-05-08 12:13:49,058 [main] INFO  http.BaseHttpServer (BaseHttpServer.java:updateConnectorAddress(359)) - HTTP server of scm listening at http://0.0.0.0:15003
2025-05-08 12:13:49,064 [main] WARN  server.ServerUtils (ServerUtils.java:getDBPath(292)) - ozone.om.db.dirs is not configured. We recommend adding this setting. Falling back to ozone.metadata.dirs instead.
2025-05-08 12:13:49,117 [main] INFO  audit.AuditLogger (AuditLogger.java:refreshDebugCmdSet(133)) - Refresh DebugCmdSet for OMAudit to [].
2025-05-08 12:13:49,133 [main] INFO  audit.AuditLogger (AuditLogger.java:refreshDebugCmdSet(133)) - Refresh DebugCmdSet for OMSystemAudit to [].
2025-05-08 12:13:49,169 [main] INFO  ha.OMHANodeDetails (OMHANodeDetails.java:loadOMHAConfig(113)) - ozone.om.internal.service.id is not defined, falling back to ozone.om.service.ids to find serviceID for OzoneManager if it is HA enabled cluster
2025-05-08 12:13:49,172 [main] INFO  ha.OMHANodeDetails (OMHANodeDetails.java:loadOMHAConfig(224)) - Configuration does not have ozone.om.address set. Falling back to the default OM address /127.0.0.1:15006
2025-05-08 12:13:49,172 [main] INFO  ha.OMHANodeDetails (OMHANodeDetails.java:getOMNodeDetailsForNonHA(252)) - OM Service ID is not set. Setting it to the default ID: omServiceIdDefault
2025-05-08 12:13:49,172 [main] INFO  ha.OMHANodeDetails (OMHANodeDetails.java:getOMNodeDetailsForNonHA(259)) - OM Node ID is not set. Setting it to the default ID: om1
2025-05-08 12:13:49,175 [main] WARN  server.ServerUtils (ServerUtils.java:getDBPath(292)) - ozone.om.db.dirs is not configured. We recommend adding this setting. Falling back to ozone.metadata.dirs instead.
2025-05-08 12:13:49,179 [main] INFO  upgrade.AbstractLayoutVersionManager (AbstractLayoutVersionManager.java:init(80)) - Initializing Layout version manager with metadata layout = DELEGATION_TOKEN_SYMMETRIC_SIGN (version = 8), software layout = DELEGATION_TOKEN_SYMMETRIC_SIGN (version = 8)
2025-05-08 12:13:49,279 [main] INFO  reflections.Reflections (Reflections.java:scan(219)) - Reflections took 99 ms to scan 2 urls, producing 207 keys and 616 values
2025-05-08 12:13:49,282 [main] INFO  upgrade.OMLayoutVersionManager (OMLayoutVersionManager.java:lambda$0(110)) - Skipping Upgrade Action QuotaRepairUpgradeAction since it has been finalized.
2025-05-08 12:13:49,283 [main] INFO  upgrade.OMLayoutVersionManager (OMLayoutVersionManager.java:lambda$0(110)) - Skipping Upgrade Action MockOmUpgradeAction since it has been finalized.
2025-05-08 12:13:49,285 [main] WARN  server.ServerUtils (ServerUtils.java:getDBPath(292)) - ozone.om.db.dirs is not configured. We recommend adding this setting. Falling back to ozone.metadata.dirs instead.
2025-05-08 12:13:49,289 [main] INFO  om.OzoneManager (OzoneManager.java:setReplicationFromConfig(4592)) - Set default replication in OM: RATIS/3 -> RATIS/THREE
2025-05-08 12:13:49,296 [main] INFO  proxy.SCMContainerLocationFailoverProxyProvider (SCMFailoverProxyProviderBase.java:<init>(120)) - Created fail-over proxy for protocol StorageContainerLocationProtocolPB with 1 nodes: [nodeId=scmNodeId,nodeAddress=/0.0.0.0:15000]
2025-05-08 12:13:49,334 [main] INFO  proxy.SCMBlockLocationFailoverProxyProvider (SCMFailoverProxyProviderBase.java:<init>(120)) - Created fail-over proxy for protocol ScmBlockLocationProtocolPB with 1 nodes: [nodeId=scmNodeId,nodeAddress=/0.0.0.0:15001]
2025-05-08 12:13:49,346 [main] INFO  proxy.SCMBlockLocationFailoverProxyProvider (SCMFailoverProxyProviderBase.java:<init>(120)) - Created fail-over proxy for protocol ScmBlockLocationProtocolPB with 1 nodes: [nodeId=scmNodeId,nodeAddress=/0.0.0.0:15001]
2025-05-08 12:13:49,756 [aa40a6e8-77ba-434d-b9e7-e4aad8dcbfb7@group-2C7F8CA0458D-FollowerState] INFO  impl.FollowerState (FollowerState.java:runImpl(161)) - aa40a6e8-77ba-434d-b9e7-e4aad8dcbfb7@group-2C7F8CA0458D-FollowerState: change to CANDIDATE, lastRpcElapsedTime:1140735693ns, electionTimeout:1136ms
2025-05-08 12:13:49,757 [aa40a6e8-77ba-434d-b9e7-e4aad8dcbfb7@group-2C7F8CA0458D-FollowerState] INFO  impl.RoleInfo (RoleInfo.java:shutdownFollowerState(121)) - aa40a6e8-77ba-434d-b9e7-e4aad8dcbfb7: shutdown aa40a6e8-77ba-434d-b9e7-e4aad8dcbfb7@group-2C7F8CA0458D-FollowerState
2025-05-08 12:13:49,757 [aa40a6e8-77ba-434d-b9e7-e4aad8dcbfb7@group-2C7F8CA0458D-FollowerState] INFO  server.RaftServer$Division (RaftServerImpl.java:setRole(378)) - aa40a6e8-77ba-434d-b9e7-e4aad8dcbfb7@group-2C7F8CA0458D: changes role from  FOLLOWER to CANDIDATE at term 1 for changeToCandidate
2025-05-08 12:13:49,757 [aa40a6e8-77ba-434d-b9e7-e4aad8dcbfb7@group-2C7F8CA0458D-FollowerState] INFO  server.RaftServerConfigKeys (ConfUtils.java:logGet(46)) - raft.server.leaderelection.pre-vote = true (default)
2025-05-08 12:13:49,757 [aa40a6e8-77ba-434d-b9e7-e4aad8dcbfb7@group-2C7F8CA0458D-FollowerState] INFO  impl.RoleInfo (RoleInfo.java:updateAndGet(148)) - aa40a6e8-77ba-434d-b9e7-e4aad8dcbfb7: start aa40a6e8-77ba-434d-b9e7-e4aad8dcbfb7@group-2C7F8CA0458D-LeaderElection2
2025-05-08 12:13:49,758 [aa40a6e8-77ba-434d-b9e7-e4aad8dcbfb7@group-2C7F8CA0458D-LeaderElection2] INFO  impl.LeaderElection (LeaderElection.java:askForVotes(332)) - aa40a6e8-77ba-434d-b9e7-e4aad8dcbfb7@group-2C7F8CA0458D-LeaderElection2 PRE_VOTE round 0: submit vote requests at term 1 for conf: {index: 0, cur=peers:[aa40a6e8-77ba-434d-b9e7-e4aad8dcbfb7|fv-az1940-623:15004]|listeners:[], old=null}
2025-05-08 12:13:49,759 [aa40a6e8-77ba-434d-b9e7-e4aad8dcbfb7@group-2C7F8CA0458D-LeaderElection2] INFO  impl.LeaderElection (LeaderElection.java:askForVotes(334)) - aa40a6e8-77ba-434d-b9e7-e4aad8dcbfb7@group-2C7F8CA0458D-LeaderElection2 PRE_VOTE round 0: result PASSED (term=1)
2025-05-08 12:13:49,760 [aa40a6e8-77ba-434d-b9e7-e4aad8dcbfb7@group-2C7F8CA0458D-LeaderElection2] INFO  impl.LeaderElection (LeaderElection.java:askForVotes(332)) - aa40a6e8-77ba-434d-b9e7-e4aad8dcbfb7@group-2C7F8CA0458D-LeaderElection2 ELECTION round 0: submit vote requests at term 2 for conf: {index: 0, cur=peers:[aa40a6e8-77ba-434d-b9e7-e4aad8dcbfb7|fv-az1940-623:15004]|listeners:[], old=null}
2025-05-08 12:13:49,761 [aa40a6e8-77ba-434d-b9e7-e4aad8dcbfb7@group-2C7F8CA0458D-LeaderElection2] INFO  impl.LeaderElection (LeaderElection.java:askForVotes(334)) - aa40a6e8-77ba-434d-b9e7-e4aad8dcbfb7@group-2C7F8CA0458D-LeaderElection2 ELECTION round 0: result PASSED (term=2)
2025-05-08 12:13:49,761 [aa40a6e8-77ba-434d-b9e7-e4aad8dcbfb7@group-2C7F8CA0458D-LeaderElection2] INFO  impl.RoleInfo (RoleInfo.java:shutdownLeaderElection(141)) - aa40a6e8-77ba-434d-b9e7-e4aad8dcbfb7: shutdown aa40a6e8-77ba-434d-b9e7-e4aad8dcbfb7@group-2C7F8CA0458D-LeaderElection2
2025-05-08 12:13:49,761 [aa40a6e8-77ba-434d-b9e7-e4aad8dcbfb7@group-2C7F8CA0458D-LeaderElection2] INFO  server.RaftServer$Division (RaftServerImpl.java:setRole(378)) - aa40a6e8-77ba-434d-b9e7-e4aad8dcbfb7@group-2C7F8CA0458D: changes role from CANDIDATE to LEADER at term 2 for changeToLeader
2025-05-08 12:13:49,761 [aa40a6e8-77ba-434d-b9e7-e4aad8dcbfb7@group-2C7F8CA0458D-LeaderElection2] INFO  server.RaftServerConfigKeys (ConfUtils.java:logGet(46)) - raft.server.staging.catchup.gap = 1000 (default)
2025-05-08 12:13:49,762 [aa40a6e8-77ba-434d-b9e7-e4aad8dcbfb7@group-2C7F8CA0458D-LeaderElection2] INFO  server.RaftServerConfigKeys (ConfUtils.java:logGet(46)) - raft.server.write.element-limit = 4096 (default)
2025-05-08 12:13:49,762 [aa40a6e8-77ba-434d-b9e7-e4aad8dcbfb7@group-2C7F8CA0458D-LeaderElection2] INFO  server.RaftServerConfigKeys (ConfUtils.java:logGet(46)) - raft.server.write.byte-limit = 64MB (=67108864) (default)
2025-05-08 12:13:49,762 [aa40a6e8-77ba-434d-b9e7-e4aad8dcbfb7@group-2C7F8CA0458D-LeaderElection2] INFO  server.RaftServerConfigKeys (ConfUtils.java:logGet(46)) - raft.server.watch.timeout = 10s (default)
2025-05-08 12:13:49,762 [aa40a6e8-77ba-434d-b9e7-e4aad8dcbfb7@group-2C7F8CA0458D-LeaderElection2] INFO  server.RaftServerConfigKeys (ConfUtils.java:logGet(46)) - raft.server.watch.timeout.denomination = 1s (default)
2025-05-08 12:13:49,762 [aa40a6e8-77ba-434d-b9e7-e4aad8dcbfb7@group-2C7F8CA0458D-LeaderElection2] INFO  server.RaftServerConfigKeys (ConfUtils.java:logGet(46)) - raft.server.watch.element-limit = 65536 (default)
2025-05-08 12:13:49,763 [aa40a6e8-77ba-434d-b9e7-e4aad8dcbfb7@group-2C7F8CA0458D-LeaderElection2] INFO  server.RaftServerConfigKeys (ConfUtils.java:logGet(46)) - raft.server.read.leader.lease.enabled = false (default)
2025-05-08 12:13:49,763 [aa40a6e8-77ba-434d-b9e7-e4aad8dcbfb7@group-2C7F8CA0458D-LeaderElection2] INFO  server.RaftServerConfigKeys (ConfUtils.java:logGet(46)) - raft.server.read.leader.lease.timeout.ratio = 0.9 (default)
2025-05-08 12:13:49,764 [aa40a6e8-77ba-434d-b9e7-e4aad8dcbfb7@group-2C7F8CA0458D-LeaderElection2] INFO  server.RaftServerConfigKeys (ConfUtils.java:logGet(46)) - raft.server.rpc.timeout.min = 5000ms (custom)
2025-05-08 12:13:49,764 [aa40a6e8-77ba-434d-b9e7-e4aad8dcbfb7@group-2C7F8CA0458D-LeaderElection2] INFO  server.RaftServerConfigKeys (ConfUtils.java:logGet(46)) - raft.server.log.log-metadata.enabled = true (default)
2025-05-08 12:13:49,764 [aa40a6e8-77ba-434d-b9e7-e4aad8dcbfb7@group-2C7F8CA0458D-LeaderElection2] INFO  server.RaftServerConfigKeys (ConfUtils.java:logGet(46)) - raft.server.write.element-limit = 4096 (default)
2025-05-08 12:13:49,764 [aa40a6e8-77ba-434d-b9e7-e4aad8dcbfb7@group-2C7F8CA0458D-LeaderElection2] INFO  server.RaftServerConfigKeys (ConfUtils.java:logGet(46)) - raft.server.write.follower.gap.ratio.max = -1.0 (default)
2025-05-08 12:13:49,764 [aa40a6e8-77ba-434d-b9e7-e4aad8dcbfb7@group-2C7F8CA0458D-LeaderElection2] INFO  impl.RoleInfo (RoleInfo.java:updateAndGet(148)) - aa40a6e8-77ba-434d-b9e7-e4aad8dcbfb7: start aa40a6e8-77ba-434d-b9e7-e4aad8dcbfb7@group-2C7F8CA0458D-LeaderStateImpl
2025-05-08 12:13:49,764 [aa40a6e8-77ba-434d-b9e7-e4aad8dcbfb7@group-2C7F8CA0458D-LeaderElection2] INFO  server.RaftServer$Division (RaftServerImpl.java:setFirstElection(562)) - aa40a6e8-77ba-434d-b9e7-e4aad8dcbfb7@group-2C7F8CA0458D: set firstElectionSinceStartup to false for becomeLeader
2025-05-08 12:13:49,764 [aa40a6e8-77ba-434d-b9e7-e4aad8dcbfb7@group-2C7F8CA0458D-LeaderElection2] INFO  ha.SCMStateMachine (SCMStateMachine.java:notifyLeaderChanged(291)) - current SCM becomes leader of term 2.
2025-05-08 12:13:49,764 [aa40a6e8-77ba-434d-b9e7-e4aad8dcbfb7@group-2C7F8CA0458D-LeaderElection2] INFO  ha.SCMContext (SCMContext.java:updateLeaderAndTerm(95)) - update <isLeader,term> from <false,0> to <true,2>
2025-05-08 12:13:49,767 [aa40a6e8-77ba-434d-b9e7-e4aad8dcbfb7@group-2C7F8CA0458D-LeaderElection2] INFO  server.RaftServer$Division (ServerState.java:setLeader(272)) - aa40a6e8-77ba-434d-b9e7-e4aad8dcbfb7@group-2C7F8CA0458D: change Leader from null to aa40a6e8-77ba-434d-b9e7-e4aad8dcbfb7 at term 2 for becomeLeader, leader elected after 1972ms
2025-05-08 12:13:49,767 [aa40a6e8-77ba-434d-b9e7-e4aad8dcbfb7@group-2C7F8CA0458D-LeaderElection2] INFO  segmented.SegmentedRaftLogWorker (SegmentedRaftLogWorker.java:rollLogSegment(443)) - aa40a6e8-77ba-434d-b9e7-e4aad8dcbfb7@group-2C7F8CA0458D-SegmentedRaftLogWorker: Rolling segment log-0_0 to index:0
2025-05-08 12:13:49,768 [aa40a6e8-77ba-434d-b9e7-e4aad8dcbfb7@group-2C7F8CA0458D-LeaderElection2] INFO  server.RaftServer$Division (ServerState.java:setRaftConf(386)) - aa40a6e8-77ba-434d-b9e7-e4aad8dcbfb7@group-2C7F8CA0458D: set configuration conf: {index: 1, cur=peers:[aa40a6e8-77ba-434d-b9e7-e4aad8dcbfb7|fv-az1940-623:15004]|listeners:[], old=null}
2025-05-08 12:13:49,769 [aa40a6e8-77ba-434d-b9e7-e4aad8dcbfb7@group-2C7F8CA0458D-SegmentedRaftLogWorker] INFO  segmented.SegmentedRaftLogWorker (SegmentedRaftLogWorker.java:execute(601)) - aa40a6e8-77ba-434d-b9e7-e4aad8dcbfb7@group-2C7F8CA0458D-SegmentedRaftLogWorker: Rolled log segment from /home/runner/work/ozone/ozone/hadoop-ozone/integration-test/target/test-dir/MiniOzoneClusterImpl-efc39a28-6472-4ee4-b6fc-2c7f8ca0458d/ozone-meta/scm-ha/efc39a28-6472-4ee4-b6fc-2c7f8ca0458d/current/log_inprogress_0 to /home/runner/work/ozone/ozone/hadoop-ozone/integration-test/target/test-dir/MiniOzoneClusterImpl-efc39a28-6472-4ee4-b6fc-2c7f8ca0458d/ozone-meta/scm-ha/efc39a28-6472-4ee4-b6fc-2c7f8ca0458d/current/log_0-0
2025-05-08 12:13:49,771 [aa40a6e8-77ba-434d-b9e7-e4aad8dcbfb7@group-2C7F8CA0458D-SegmentedRaftLogWorker] INFO  segmented.BufferedWriteChannel (BufferedWriteChannel.java:open(61)) - open log_inprogress_1 at position 0
2025-05-08 12:13:49,779 [aa40a6e8-77ba-434d-b9e7-e4aad8dcbfb7@group-2C7F8CA0458D-SegmentedRaftLogWorker] INFO  segmented.SegmentedRaftLogWorker (SegmentedRaftLogWorker.java:execute(644)) - aa40a6e8-77ba-434d-b9e7-e4aad8dcbfb7@group-2C7F8CA0458D-SegmentedRaftLogWorker: created new log segment /home/runner/work/ozone/ozone/hadoop-ozone/integration-test/target/test-dir/MiniOzoneClusterImpl-efc39a28-6472-4ee4-b6fc-2c7f8ca0458d/ozone-meta/scm-ha/efc39a28-6472-4ee4-b6fc-2c7f8ca0458d/current/log_inprogress_1
2025-05-08 12:13:49,784 [aa40a6e8-77ba-434d-b9e7-e4aad8dcbfb7@group-2C7F8CA0458D-StateMachineUpdater] INFO  server.RaftServer$Division (LeaderStateImpl.java:checkStartIndex(313)) - Leader aa40a6e8-77ba-434d-b9e7-e4aad8dcbfb7@group-2C7F8CA0458D-LeaderStateImpl is ready since appliedIndex == startIndex == 1
2025-05-08 12:13:49,784 [aa40a6e8-77ba-434d-b9e7-e4aad8dcbfb7@group-2C7F8CA0458D-StateMachineUpdater] INFO  ha.SCMContext (SCMContext.java:setLeaderReady(122)) - update <isLeaderReady> from <false> to <true>
2025-05-08 12:13:49,785 [aa40a6e8-77ba-434d-b9e7-e4aad8dcbfb7@group-2C7F8CA0458D-StateMachineUpdater] INFO  pipeline.BackgroundPipelineCreator (BackgroundPipelineCreator.java:notifyStatusChanged(268)) - Service BackgroundPipelineCreator transitions to RUNNING.
2025-05-08 12:13:49,786 [aa40a6e8-77ba-434d-b9e7-e4aad8dcbfb7@group-2C7F8CA0458D-StateMachineUpdater] INFO  safemode.RatisContainerSafeModeRule (RatisContainerSafeModeRule.java:initializeRule(160)) - Refreshed Containers with one replica threshold count 0.
2025-05-08 12:13:49,786 [aa40a6e8-77ba-434d-b9e7-e4aad8dcbfb7@group-2C7F8CA0458D-StateMachineUpdater] INFO  safemode.HealthyPipelineSafeModeRule (HealthyPipelineSafeModeRule.java:initializeRule(173)) - Refreshed total pipeline count is 0, healthy pipeline threshold count is 1
2025-05-08 12:13:49,786 [aa40a6e8-77ba-434d-b9e7-e4aad8dcbfb7@group-2C7F8CA0458D-StateMachineUpdater] INFO  safemode.ECContainerSafeModeRule (ECContainerSafeModeRule.java:initializeRule(205)) - Refreshed Containers with ec n replica threshold count 0.
2025-05-08 12:13:49,786 [aa40a6e8-77ba-434d-b9e7-e4aad8dcbfb7@group-2C7F8CA0458D-StateMachineUpdater] INFO  safemode.OneReplicaPipelineSafeModeRule (OneReplicaPipelineSafeModeRule.java:initializeRule(186)) - Refreshed Total pipeline count is 0, pipeline's with at least one datanode reported threshold count is 0
2025-05-08 12:13:49,786 [aa40a6e8-77ba-434d-b9e7-e4aad8dcbfb7@group-2C7F8CA0458D-StateMachineUpdater] INFO  server.SCMDatanodeProtocolServer (SCMDatanodeProtocolServer.java:start(193)) - ScmDatanodeProtocol RPC server for DataNodes is listening at /0.0.0.0:15002
2025-05-08 12:13:49,787 [IPC Server Responder] INFO  ipc.Server (Server.java:run(1713)) - IPC Server Responder: starting
2025-05-08 12:13:49,787 [IPC Server listener on 15002] INFO  ipc.Server (Server.java:run(1553)) - IPC Server listener on 15002: starting
2025-05-08 12:13:50,054 [ReplicationMonitor] INFO  replication.ReplicationManager (ReplicationManager.java:processAll(357)) - Replication Manager is not ready to run until 3000ms after safemode exit
2025-05-08 12:13:51,055 [ReplicationMonitor] INFO  replication.ReplicationManager (ReplicationManager.java:processAll(357)) - Replication Manager is not ready to run until 3000ms after safemode exit
2025-05-08 12:13:51,498 [main] INFO  om.OzoneManager (OzoneManager.java:<init>(670)) - OM start with adminUsers: [runner]
2025-05-08 12:13:51,511 [main] WARN  server.ServerUtils (ServerUtils.java:getDBPath(292)) - ozone.om.db.dirs is not configured. We recommend adding this setting. Falling back to ozone.metadata.dirs instead.
2025-05-08 12:13:51,790 [main] INFO  om.OzoneManager (OzoneManager.java:instantiateServices(914)) - S3 Multi-Tenancy is disabled
2025-05-08 12:13:51,815 [main] INFO  om.OmSnapshotManager (OmSnapshotManager.java:<init>(187)) - Ozone filesystem snapshot feature is enabled.
2025-05-08 12:13:51,824 [main] WARN  server.ServerUtils (ServerUtils.java:getDBPath(292)) - ozone.om.snapshot.diff.db.dir is not configured. We recommend adding this setting. Falling back to ozone.metadata.dirs instead.
2025-05-08 12:13:51,869 [main] INFO  utils.NativeLibraryLoader (NativeLibraryLoader.java:loadLibrary(120)) - Loading Library: ozone_rocksdb_tools
2025-05-08 12:13:52,015 [main] INFO  om.OzoneManager (OzoneManager.java:addS3GVolumeToDB(4650)) - Created Volume s3v With Owner runner required for S3Gateway operations.
2025-05-08 12:13:52,055 [ReplicationMonitor] INFO  replication.ReplicationManager (ReplicationManager.java:processAll(357)) - Replication Manager is not ready to run until 3000ms after safemode exit
2025-05-08 12:13:52,074 [main] WARN  server.ServerUtils (ServerUtils.java:getDefaultRatisDirectory(304)) - Storage directory for Ratis is not configured. It is a good idea to map this to an SSD disk. Falling back to ozone.metadata.dirs
2025-05-08 12:13:52,075 [main] WARN  utils.OzoneManagerRatisUtils (OzoneManagerRatisUtils.java:getOMRatisSnapshotDirectory(488)) - ozone.om.ratis.snapshot.dir is not configured. Falling back to ozone.metadata.dirs config
2025-05-08 12:13:52,079 [main] WARN  dropwizard3.Dm3MetricRegistriesImpl (Dm3MetricRegistriesImpl.java:addReporterRegistration(114)) - New reporters are added after registries were created. Some metrics will be missing from the reporter. Please add reporter before adding any new registry.
2025-05-08 12:13:52,079 [main] WARN  dropwizard3.Dm3MetricRegistriesImpl (Dm3MetricRegistriesImpl.java:addReporterRegistration(114)) - New reporters are added after registries were created. Some metrics will be missing from the reporter. Please add reporter before adding any new registry.
2025-05-08 12:13:52,080 [main] WARN  server.ServerUtils (ServerUtils.java:getDefaultRatisDirectory(304)) - Storage directory for Ratis is not configured. It is a good idea to map this to an SSD disk. Falling back to ozone.metadata.dirs
2025-05-08 12:13:52,080 [main] INFO  server.RaftServerConfigKeys (ConfUtils.java:logGet(46)) - raft.server.log.appender.buffer.byte-limit = 4194304 (custom)
2025-05-08 12:13:52,083 [main] INFO  ratis.OzoneManagerRatisServer (OzoneManagerRatisServer.java:<init>(167)) - Instantiating OM Ratis server with groupID: omServiceIdDefault and peers: localhost:15009
2025-05-08 12:13:52,089 [main] INFO  ratis.OzoneManagerStateMachine (OzoneManagerStateMachine.java:loadSnapshotInfoFromDB(618)) - TransactionInfo not found in OM DB.
2025-05-08 12:13:52,126 [main] INFO  server.RaftServer (ConfUtils.java:logGet(46)) - raft.rpc.type = GRPC (default)
2025-05-08 12:13:52,127 [main] INFO  grpc.GrpcConfigKeys (ConfUtils.java:logFallback(53)) - raft.grpc.admin.host = null (fallback to raft.grpc.server.host)
2025-05-08 12:13:52,127 [main] INFO  grpc.GrpcConfigKeys (ConfUtils.java:logFallback(53)) - raft.grpc.admin.port = 15009 (fallback to raft.grpc.server.port)
2025-05-08 12:13:52,127 [main] INFO  grpc.GrpcConfigKeys (ConfUtils.java:logFallback(53)) - raft.grpc.client.host = null (fallback to raft.grpc.server.host)
2025-05-08 12:13:52,128 [main] INFO  grpc.GrpcConfigKeys (ConfUtils.java:logFallback(53)) - raft.grpc.client.port = 15009 (fallback to raft.grpc.server.port)
2025-05-08 12:13:52,128 [main] INFO  grpc.GrpcConfigKeys (ConfUtils.java:logGet(46)) - raft.grpc.server.host = null (default)
2025-05-08 12:13:52,128 [main] INFO  grpc.GrpcConfigKeys (ConfUtils.java:logGet(46)) - raft.grpc.server.port = 15009 (custom)
2025-05-08 12:13:52,128 [main] INFO  server.GrpcService (ConfUtils.java:logGet(46)) - raft.grpc.message.size.max = 5242880 (custom)
2025-05-08 12:13:52,128 [main] INFO  server.GrpcService (ConfUtils.java:logGet(46)) - raft.grpc.flow.control.window = 1MB (=1048576) (default)
2025-05-08 12:13:52,128 [main] INFO  server.RaftServerConfigKeys (ConfUtils.java:logGet(46)) - raft.server.rpc.request.timeout = 3000ms (default)
2025-05-08 12:13:52,129 [main] INFO  grpc.GrpcConfigKeys (ConfUtils.java:logGet(46)) - raft.grpc.server.heartbeat.channel = true (default)
2025-05-08 12:13:52,129 [main] INFO  server.RaftServerConfigKeys (ConfUtils.java:logGet(46)) - raft.server.log.appender.buffer.byte-limit = 4194304 (custom)
2025-05-08 12:13:52,129 [main] INFO  grpc.GrpcConfigKeys (ConfUtils.java:logGet(46)) - raft.grpc.server.async.request.thread.pool.cached = true (default)
2025-05-08 12:13:52,129 [main] INFO  grpc.GrpcConfigKeys (ConfUtils.java:logGet(46)) - raft.grpc.server.async.request.thread.pool.size = 32 (default)
2025-05-08 12:13:52,131 [main] INFO  impl.DataStreamServerImpl (ConfUtils.java:logGet(46)) - raft.datastream.type = DISABLED (default)
2025-05-08 12:13:52,131 [main] INFO  server.RaftServerConfigKeys (ConfUtils.java:logGet(46)) - raft.server.sleep.deviation.threshold = 300ms (default)
2025-05-08 12:13:52,131 [main] INFO  server.RaftServerConfigKeys (ConfUtils.java:logGet(46)) - raft.server.close.threshold = 60s (default)
2025-05-08 12:13:52,131 [main] INFO  server.RaftServerConfigKeys (ConfUtils.java:logGet(46)) - raft.server.leaderelection.leader.step-down.wait-time = 10s (default)
2025-05-08 12:13:52,132 [main] INFO  server.RaftServerConfigKeys (ConfUtils.java:logGet(46)) - raft.server.storage.dir = [/home/runner/work/ozone/ozone/hadoop-ozone/integration-test/target/test-dir/MiniOzoneClusterImpl-efc39a28-6472-4ee4-b6fc-2c7f8ca0458d/ozone-meta/ratis] (custom)
2025-05-08 12:13:52,132 [main] INFO  server.RaftServerConfigKeys (ConfUtils.java:logGet(46)) - raft.server.threadpool.proxy.cached = true (default)
2025-05-08 12:13:52,132 [main] INFO  server.RaftServerConfigKeys (ConfUtils.java:logGet(46)) - raft.server.threadpool.proxy.size = 0 (default)
2025-05-08 12:13:52,133 [main] INFO  server.RaftServer (RaftServerProxy.java:addNew(100)) - om1: addNew group-C5BA1605619E:[om1|localhost:15009] returns group-C5BA1605619E:java.util.concurrent.CompletableFuture@6d49bd08[Not completed]
2025-05-08 12:13:52,133 [main] INFO  om.OzoneManager (OzoneManager.java:initializeRatisServer(2284)) - OzoneManager Ratis server initialized at port 15009
2025-05-08 12:13:52,139 [om1-groupManagement] INFO  server.RaftServer$Division (RaftServerImpl.java:<init>(255)) - om1: new RaftServerImpl for group-C5BA1605619E:[om1|localhost:15009] with OzoneManagerStateMachine:uninitialized
2025-05-08 12:13:52,139 [om1-groupManagement] INFO  server.RaftServerConfigKeys (ConfUtils.java:logGet(46)) - raft.server.rpc.timeout.min = 1s (custom)
2025-05-08 12:13:52,139 [om1-groupManagement] INFO  server.RaftServerConfigKeys (ConfUtils.java:logGet(46)) - raft.server.rpc.timeout.max = 1200ms (custom)
2025-05-08 12:13:52,139 [om1-groupManagement] INFO  server.RaftServerConfigKeys (ConfUtils.java:logGet(46)) - raft.server.rpc.sleep.time = 25ms (default)
2025-05-08 12:13:52,139 [om1-groupManagement] INFO  server.RaftServerConfigKeys (ConfUtils.java:logGet(46)) - raft.server.rpc.slowness.timeout = 120s (custom)
2025-05-08 12:13:52,140 [om1-groupManagement] INFO  server.RaftServerConfigKeys (ConfUtils.java:logGet(46)) - raft.server.leaderelection.leader.step-down.wait-time = 10s (default)
2025-05-08 12:13:52,140 [om1-groupManagement] INFO  server.RaftServerConfigKeys (ConfUtils.java:logGet(46)) - raft.server.leaderelection.member.majority-add = false (default)
2025-05-08 12:13:52,140 [om1-groupManagement] INFO  server.RaftServerConfigKeys (ConfUtils.java:logGet(46)) - raft.server.sleep.deviation.threshold = 300ms (default)
2025-05-08 12:13:52,140 [om1-groupManagement] INFO  server.RaftServer$Division (ServerState.java:<init>(114)) - om1@group-C5BA1605619E: ConfigurationManager, init=conf: {index: -1, cur=peers:[om1|localhost:15009]|listeners:[], old=null}, confs=<EMPTY_MAP>
2025-05-08 12:13:52,140 [om1-groupManagement] INFO  server.RaftServerConfigKeys (ConfUtils.java:logGet(46)) - raft.server.notification.no-leader.timeout = 120s (custom)
2025-05-08 12:13:52,140 [om1-groupManagement] INFO  server.RaftServerConfigKeys (ConfUtils.java:logGet(46)) - raft.server.read.timeout = 10s (default)
2025-05-08 12:13:52,140 [om1-groupManagement] INFO  server.RaftServerConfigKeys (ConfUtils.java:logGet(46)) - raft.server.retrycache.expirytime = 300s (custom)
2025-05-08 12:13:52,140 [om1-groupManagement] INFO  server.RaftServerConfigKeys (ConfUtils.java:logGet(46)) - raft.server.retrycache.statistics.expirytime = 100ms (default)
2025-05-08 12:13:52,141 [om1-groupManagement] INFO  server.RaftServerConfigKeys (ConfUtils.java:logGet(46)) - raft.server.read.option = DEFAULT (default)
2025-05-08 12:13:52,141 [om1-groupManagement] INFO  server.RaftServerConfigKeys (ConfUtils.java:logGet(46)) - raft.server.read.read-after-write-consistent.write-index-cache.expiry-time = 60s (default)
2025-05-08 12:13:52,145 [main] INFO  om.OzoneManager (OzoneManager.java:getRpcServer(1340)) - Creating RPC Server
2025-05-08 12:13:52,147 [om1-groupManagement] INFO  server.RaftServerConfigKeys (ConfUtils.java:logGet(46)) - raft.server.rpc.request.timeout = 3000ms (default)
2025-05-08 12:13:52,147 [om1-groupManagement] INFO  server.RaftServerConfigKeys (ConfUtils.java:logGet(46)) - raft.server.log.appender.install.snapshot.enabled = false (custom)
2025-05-08 12:13:52,147 [om1-groupManagement] INFO  server.RaftServerConfigKeys (ConfUtils.java:logGet(46)) - raft.server.threadpool.server.cached = true (default)
2025-05-08 12:13:52,147 [om1-groupManagement] INFO  server.RaftServerConfigKeys (ConfUtils.java:logGet(46)) - raft.server.threadpool.server.size = 0 (default)
2025-05-08 12:13:52,147 [om1-groupManagement] INFO  server.RaftServerConfigKeys (ConfUtils.java:logGet(46)) - raft.server.threadpool.client.cached = true (default)
2025-05-08 12:13:52,148 [om1-groupManagement] INFO  server.RaftServerConfigKeys (ConfUtils.java:logGet(46)) - raft.server.threadpool.client.size = 0 (default)
2025-05-08 12:13:53,056 [ReplicationMonitor] INFO  replication.ReplicationManager (ReplicationManager.java:processAll(357)) - Replication Manager is not ready to run until 3000ms after safemode exit
2025-05-08 12:13:53,071 [main] INFO  reflections.Reflections (Reflections.java:scan(219)) - Reflections took 887 ms to scan 24 urls, producing 61 keys and 7511 values
2025-05-08 12:13:53,233 [main] INFO  ipc.CallQueueManager (CallQueueManager.java:<init>(93)) - Using callQueue: class java.util.concurrent.LinkedBlockingQueue, queueCapacity: 2000, scheduler: class org.apache.hadoop.ipc.DefaultRpcScheduler, ipcBackoff: false, ipcFailOver: false.
2025-05-08 12:13:53,234 [main] INFO  ipc.Server (Server.java:<init>(1438)) - Listener at 127.0.0.1:15006
2025-05-08 12:13:53,234 [Socket Reader #1 for port 15006] INFO  ipc.Server (Server.java:run(1474)) - Starting Socket Reader #1 for port 15006
2025-05-08 12:13:53,235 [Socket Reader #2 for port 15006] INFO  ipc.Server (Server.java:run(1474)) - Starting Socket Reader #2 for port 15006
2025-05-08 12:13:53,236 [Socket Reader #3 for port 15006] INFO  ipc.Server (Server.java:run(1474)) - Starting Socket Reader #3 for port 15006
2025-05-08 12:13:53,236 [Socket Reader #4 for port 15006] INFO  ipc.Server (Server.java:run(1474)) - Starting Socket Reader #4 for port 15006
2025-05-08 12:13:53,236 [Socket Reader #5 for port 15006] INFO  ipc.Server (Server.java:run(1474)) - Starting Socket Reader #5 for port 15006
2025-05-08 12:13:53,237 [Socket Reader #6 for port 15006] INFO  ipc.Server (Server.java:run(1474)) - Starting Socket Reader #6 for port 15006
2025-05-08 12:13:53,237 [Socket Reader #7 for port 15006] INFO  ipc.Server (Server.java:run(1474)) - Starting Socket Reader #7 for port 15006
2025-05-08 12:13:53,238 [Socket Reader #8 for port 15006] INFO  ipc.Server (Server.java:run(1474)) - Starting Socket Reader #8 for port 15006
2025-05-08 12:13:53,238 [Socket Reader #9 for port 15006] INFO  ipc.Server (Server.java:run(1474)) - Starting Socket Reader #9 for port 15006
2025-05-08 12:13:53,238 [Socket Reader #10 for port 15006] INFO  ipc.Server (Server.java:run(1474)) - Starting Socket Reader #10 for port 15006
2025-05-08 12:13:53,269 [main] INFO  impl.MetricsSystemImpl (MetricsSystemImpl.java:init(158)) - OzoneManager metrics system started (again)
2025-05-08 12:13:53,284 [main] INFO  om.OzoneManager (OzoneManager.java:start(1768)) - OzoneManager RPC server is listening at localhost/127.0.0.1:15006
2025-05-08 12:13:53,286 [main] INFO  ratis.OzoneManagerRatisServer (OzoneManagerRatisServer.java:start(628)) - Starting OzoneManagerRatisServer om1 at port 15009
2025-05-08 12:13:53,286 [om1-impl-thread1] INFO  server.RaftServerConfigKeys (ConfUtils.java:logGet(46)) - raft.server.storage.free-space.min = 0MB (=0) (default)
2025-05-08 12:13:53,286 [om1-impl-thread1] INFO  server.RaftServerConfigKeys (ConfUtils.java:logGet(46)) - raft.server.log.corruption.policy = EXCEPTION (default)
2025-05-08 12:13:53,286 [om1-impl-thread1] INFO  server.RaftServerConfigKeys (ConfUtils.java:logGet(46)) - raft.server.storage.dir = [/home/runner/work/ozone/ozone/hadoop-ozone/integration-test/target/test-dir/MiniOzoneClusterImpl-efc39a28-6472-4ee4-b6fc-2c7f8ca0458d/ozone-meta/ratis] (custom)
2025-05-08 12:13:53,287 [om1-impl-thread1] INFO  storage.RaftStorageDirectory (RaftStorageDirectoryImpl.java:analyzeStorage(138)) - The storage directory /home/runner/work/ozone/ozone/hadoop-ozone/integration-test/target/test-dir/MiniOzoneClusterImpl-efc39a28-6472-4ee4-b6fc-2c7f8ca0458d/ozone-meta/ratis/bf265839-605b-3f16-9796-c5ba1605619e does not exist. Creating ...
2025-05-08 12:13:53,291 [om1-impl-thread1] INFO  storage.RaftStorageDirectory (RaftStorageDirectoryImpl.java:tryLock(229)) - Lock on /home/runner/work/ozone/ozone/hadoop-ozone/integration-test/target/test-dir/MiniOzoneClusterImpl-efc39a28-6472-4ee4-b6fc-2c7f8ca0458d/ozone-meta/ratis/bf265839-605b-3f16-9796-c5ba1605619e/in_use.lock acquired by nodename 33187@fv-az1940-623
2025-05-08 12:13:53,292 [om1-impl-thread1] INFO  storage.RaftStorage (RaftStorageImpl.java:format(98)) - Storage directory /home/runner/work/ozone/ozone/hadoop-ozone/integration-test/target/test-dir/MiniOzoneClusterImpl-efc39a28-6472-4ee4-b6fc-2c7f8ca0458d/ozone-meta/ratis/bf265839-605b-3f16-9796-c5ba1605619e has been successfully formatted.
2025-05-08 12:13:53,293 [om1-impl-thread1] INFO  ratis.OzoneManagerStateMachine (OzoneManagerStateMachine.java:lambda$0(138)) - om1: initialize group-C5BA1605619E with (t:0, i:~)
2025-05-08 12:13:53,293 [om1-impl-thread1] INFO  server.RaftServerConfigKeys (ConfUtils.java:logGet(46)) - raft.server.log.use.memory = false (default)
2025-05-08 12:13:53,293 [om1-impl-thread1] INFO  server.RaftServerConfigKeys (ConfUtils.java:logGet(46)) - raft.server.log.purge.gap = 1000000 (custom)
2025-05-08 12:13:53,294 [om1-impl-thread1] INFO  server.RaftServerConfigKeys (ConfUtils.java:logGet(46)) - raft.server.log.appender.buffer.byte-limit = 4194304 (custom)
2025-05-08 12:13:53,294 [om1-impl-thread1] INFO  server.RaftServerConfigKeys (ConfUtils.java:logGet(46)) - raft.server.log.statemachine.data.read.timeout = 1000ms (default)
2025-05-08 12:13:53,294 [om1-impl-thread1] INFO  server.RaftServerConfigKeys (ConfUtils.java:logGet(46)) - raft.server.log.purge.preservation.log.num = 0 (default)
2025-05-08 12:13:53,296 [om1-impl-thread1] INFO  server.RaftServerConfigKeys (ConfUtils.java:logGet(46)) - raft.server.log.segment.size.max = 4194304 (custom)
2025-05-08 12:13:53,297 [om1-impl-thread1] INFO  server.RaftServerConfigKeys (ConfUtils.java:logGet(46)) - raft.server.log.segment.cache.num.max = 2 (custom)
2025-05-08 12:13:53,297 [om1-impl-thread1] INFO  server.RaftServerConfigKeys (ConfUtils.java:logGet(46)) - raft.server.log.segment.cache.size.max = 200MB (=209715200) (default)
2025-05-08 12:13:53,297 [om1-impl-thread1] INFO  server.RaftServerConfigKeys (ConfUtils.java:logGet(46)) - raft.server.log.appender.buffer.byte-limit = 4194304 (custom)
2025-05-08 12:13:53,298 [om1-impl-thread1] INFO  util.AwaitToRun (AwaitToRun.java:start(81)) - Thread[#462,om1@group-C5BA1605619E-cacheEviction-AwaitToRun,5,main] started
2025-05-08 12:13:53,298 [om1-impl-thread1] INFO  segmented.SegmentedRaftLogWorker (SegmentedRaftLogWorker.java:<init>(188)) - new om1@group-C5BA1605619E-SegmentedRaftLogWorker for RaftStorageImpl:Storage Directory /home/runner/work/ozone/ozone/hadoop-ozone/integration-test/target/test-dir/MiniOzoneClusterImpl-efc39a28-6472-4ee4-b6fc-2c7f8ca0458d/ozone-meta/ratis/bf265839-605b-3f16-9796-c5ba1605619e
2025-05-08 12:13:53,298 [om1-impl-thread1] INFO  server.RaftServerConfigKeys (ConfUtils.java:logGet(46)) - raft.server.log.queue.byte-limit = 64MB (=67108864) (default)
2025-05-08 12:13:53,298 [om1-impl-thread1] INFO  server.RaftServerConfigKeys (ConfUtils.java:logGet(46)) - raft.server.log.queue.element-limit = 4096 (default)
2025-05-08 12:13:53,299 [om1-impl-thread1] INFO  server.RaftServerConfigKeys (ConfUtils.java:logGet(46)) - raft.server.log.segment.size.max = 4194304 (custom)
2025-05-08 12:13:53,299 [om1-impl-thread1] INFO  server.RaftServerConfigKeys (ConfUtils.java:logGet(46)) - raft.server.log.preallocated.size = 4194304 (custom)
2025-05-08 12:13:53,299 [om1-impl-thread1] INFO  server.RaftServerConfigKeys (ConfUtils.java:logGet(46)) - raft.server.log.force.sync.num = 128 (default)
2025-05-08 12:13:53,299 [om1-impl-thread1] INFO  server.RaftServerConfigKeys (ConfUtils.java:logGet(46)) - raft.server.log.statemachine.data.sync = true (default)
2025-05-08 12:13:53,299 [om1-impl-thread1] INFO  server.RaftServerConfigKeys (ConfUtils.java:logGet(46)) - raft.server.log.statemachine.data.sync.timeout = 10s (default)
2025-05-08 12:13:53,299 [om1-impl-thread1] INFO  server.RaftServerConfigKeys (ConfUtils.java:logGet(46)) - raft.server.log.statemachine.data.sync.timeout.retry = -1 (default)
2025-05-08 12:13:53,300 [om1-impl-thread1] INFO  server.RaftServerConfigKeys (ConfUtils.java:logGet(46)) - raft.server.log.write.buffer.size = 4194312 (custom)
2025-05-08 12:13:53,301 [om1-impl-thread1] INFO  server.RaftServerConfigKeys (ConfUtils.java:logGet(46)) - raft.server.log.appender.buffer.byte-limit = 4194304 (custom)
2025-05-08 12:13:53,301 [om1-impl-thread1] INFO  server.RaftServerConfigKeys (ConfUtils.java:logGet(46)) - raft.server.log.unsafe-flush.enabled = false (default)
2025-05-08 12:13:53,301 [om1-impl-thread1] INFO  server.RaftServerConfigKeys (ConfUtils.java:logGet(46)) - raft.server.log.async-flush.enabled = false (default)
2025-05-08 12:13:53,301 [om1-impl-thread1] INFO  server.RaftServerConfigKeys (ConfUtils.java:logGet(46)) - raft.server.log.statemachine.data.caching.enabled = false (default)
2025-05-08 12:13:53,301 [om1-impl-thread1] INFO  segmented.SegmentedRaftLogWorker (SegmentedRaftLogWorker.java:lambda$new$0(139)) - om1@group-C5BA1605619E-SegmentedRaftLogWorker: flushIndex: setUnconditionally 0 -> -1
2025-05-08 12:13:53,301 [om1-impl-thread1] INFO  segmented.SegmentedRaftLogWorker (SegmentedRaftLogWorker.java:lambda$new$0(139)) - om1@group-C5BA1605619E-SegmentedRaftLogWorker: safeCacheEvictIndex: setUnconditionally 0 -> -1
2025-05-08 12:13:53,302 [om1-impl-thread1] INFO  server.RaftServer$Division (RaftServerImpl.java:start(391)) - om1@group-C5BA1605619E: start as a follower, conf=conf: {index: -1, cur=peers:[om1|localhost:15009]|listeners:[], old=null}
2025-05-08 12:13:53,302 [om1-impl-thread1] INFO  server.RaftServer$Division (RaftServerImpl.java:setRole(378)) - om1@group-C5BA1605619E: changes role from      null to FOLLOWER at term 0 for startAsFollower
2025-05-08 12:13:53,302 [om1-impl-thread1] INFO  impl.RoleInfo (RoleInfo.java:updateAndGet(148)) - om1: start om1@group-C5BA1605619E-FollowerState
2025-05-08 12:13:53,303 [om1@group-C5BA1605619E-FollowerState] INFO  server.RaftServerConfigKeys (ConfUtils.java:logFallback(53)) - raft.server.rpc.first-election.timeout.min = 1s (fallback to raft.server.rpc.timeout.min)
2025-05-08 12:13:53,303 [om1@group-C5BA1605619E-FollowerState] INFO  server.RaftServerConfigKeys (ConfUtils.java:logFallback(53)) - raft.server.rpc.first-election.timeout.max = 1200ms (fallback to raft.server.rpc.timeout.max)
2025-05-08 12:13:53,303 [om1-impl-thread1] INFO  util.JmxRegister (JmxRegister.java:tryRegister(44)) - Successfully registered JMX Bean with object name Ratis:service=RaftServer,group=group-C5BA1605619E,id=om1
2025-05-08 12:13:53,303 [om1-impl-thread1] INFO  util.JmxRegister (JmxRegister.java:register(58)) - register mxBean class org.apache.ratis.server.impl.RaftServerJmxAdapter as Ratis:service=RaftServer,group=group-C5BA1605619E,id=om1
2025-05-08 12:13:53,303 [om1-impl-thread1] INFO  server.RaftServerConfigKeys (ConfUtils.java:logGet(46)) - raft.server.snapshot.trigger-when-stop.enabled = true (default)
2025-05-08 12:13:53,304 [om1-impl-thread1] INFO  server.RaftServerConfigKeys (ConfUtils.java:logGet(46)) - raft.server.snapshot.trigger-when-remove.enabled = true (default)
2025-05-08 12:13:53,304 [om1-impl-thread1] INFO  server.RaftServerConfigKeys (ConfUtils.java:logGet(46)) - raft.server.snapshot.auto.trigger.enabled = true (custom)
2025-05-08 12:13:53,304 [om1-impl-thread1] INFO  server.RaftServerConfigKeys (ConfUtils.java:logGet(46)) - raft.server.snapshot.auto.trigger.threshold = 400000 (default)
2025-05-08 12:13:53,304 [om1-impl-thread1] INFO  server.RaftServerConfigKeys (ConfUtils.java:logGet(46)) - raft.server.snapshot.retention.file.num = -1 (default)
2025-05-08 12:13:53,304 [om1-impl-thread1] INFO  server.RaftServerConfigKeys (ConfUtils.java:logGet(46)) - raft.server.log.purge.upto.snapshot.index = true (custom)
2025-05-08 12:13:53,305 [om1-impl-thread1] INFO  server.RaftServer$Division (RaftServerImpl.java:start(405)) - om1@group-C5BA1605619E: Successfully started.
2025-05-08 12:13:53,305 [main] INFO  server.RaftServer (RaftServerProxy.java:startImpl(407)) - om1: start RPC server
2025-05-08 12:13:53,305 [main] INFO  server.GrpcService (GrpcService.java:startImpl(334)) - om1: GrpcService started, listening on 15009
2025-05-08 12:13:53,306 [JvmPauseMonitor2] INFO  util.JvmPauseMonitor (JvmPauseMonitor.java:run(146)) - JvmPauseMonitor-om1: Started
2025-05-08 12:13:53,307 [main] INFO  om.OzoneManager (OzoneManager.java:start(1783)) - Version File has different layout version (8) than OM DB (null). That is expected if this OM has never been finalized to a newer layout version.
2025-05-08 12:13:53,321 [main] INFO  client.ScmTopologyClient (ScmTopologyClient.java:start(70)) - Initial network topology fetched from SCM: /.
2025-05-08 12:13:53,321 [main] INFO  net.NodeSchemaLoader (NodeSchemaLoader.java:loadSchemaFromFile(128)) - Loading schema from [jar:file:/home/runner/work/ozone/ozone/hadoop-hdds/common/target/hdds-common-2.1.0-SNAPSHOT.jar!/network-topology-default.xml]
2025-05-08 12:13:53,322 [main] INFO  net.NodeSchemaLoader (NodeSchemaLoader.java:loadSchema(175)) - Loading network topology layer schema file
2025-05-08 12:13:53,339 [main] INFO  http.BaseHttpServer (BaseHttpServer.java:newHttpServer2BuilderForOzone(229)) - Starting Web-server for ozoneManager at: http://0.0.0.0:15007
2025-05-08 12:13:53,339 [main] INFO  http.BaseHttpServer (BaseHttpServer.java:<init>(107)) - Hadoop Security Enabled: false Ozone Security Enabled: false Ozone HTTP Security Enabled: false 
2025-05-08 12:13:53,341 [main] WARN  server.AuthenticationFilter (AuthenticationFilter.java:constructSecretProvider(240)) - Unable to initialize FileSignerSecretProvider, falling back to use random secrets. Reason: Could not read signature secret file: /home/runner/hadoop-http-auth-signature-secret
2025-05-08 12:13:53,345 [main] INFO  http.HttpServer2 (HttpServer2.java:addGlobalFilter(1042)) - Added global filter 'safety' (class=org.apache.hadoop.hdds.server.http.HttpServer2$QuotingInputFilter)
2025-05-08 12:13:53,346 [main] INFO  http.HttpServer2 (HttpServer2.java:addFilter(1018)) - Added filter static_user_filter (class=org.apache.hadoop.http.lib.StaticUserWebFilter$StaticUserFilter) to context ozoneManager
2025-05-08 12:13:53,346 [main] INFO  http.HttpServer2 (HttpServer2.java:addFilter(1026)) - Added filter static_user_filter (class=org.apache.hadoop.http.lib.StaticUserWebFilter$StaticUserFilter) to context static
2025-05-08 12:13:53,346 [main] INFO  http.HttpServer2 (HttpServer2.java:addFilter(1026)) - Added filter static_user_filter (class=org.apache.hadoop.http.lib.StaticUserWebFilter$StaticUserFilter) to context logs
2025-05-08 12:13:53,347 [main] INFO  http.BaseHttpServer (BaseHttpServer.java:<init>(195)) - HTTP server of ozoneManager uses base directory /home/runner/work/ozone/ozone/hadoop-ozone/integration-test/target/test-dir/MiniOzoneClusterImpl-efc39a28-6472-4ee4-b6fc-2c7f8ca0458d/ozone-meta/webserver
2025-05-08 12:13:53,350 [main] INFO  http.HttpServer2 (HttpServer2.java:bindListener(1242)) - Jetty bound to port 15007
2025-05-08 12:13:53,350 [main] INFO  server.Server (Server.java:doStart(375)) - jetty-9.4.57.v20241219; built: 2025-01-08T21:24:30.412Z; git: df524e6b29271c2e09ba9aea83c18dc9db464a31; jvm 21.0.7+6-LTS
2025-05-08 12:13:53,353 [main] INFO  server.session (DefaultSessionIdManager.java:doStart(334)) - DefaultSessionIdManager workerName=node0
2025-05-08 12:13:53,353 [main] INFO  server.session (DefaultSessionIdManager.java:doStart(339)) - No SessionScavenger set, using defaults
2025-05-08 12:13:53,353 [main] INFO  server.session (HouseKeeper.java:startScavenging(132)) - node0 Scavenging every 600000ms
2025-05-08 12:13:53,354 [main] INFO  handler.ContextHandler (ContextHandler.java:doStart(921)) - Started o.e.j.s.ServletContextHandler@6b907eec{logs,/logs,file:///home/runner/work/ozone/ozone/hadoop-ozone/integration-test/target/log,AVAILABLE}
2025-05-08 12:13:53,355 [main] INFO  handler.ContextHandler (ContextHandler.java:doStart(921)) - Started o.e.j.s.ServletContextHandler@33e31972{static,/static,file:///home/runner/work/ozone/ozone/hadoop-ozone/integration-test/target/test-classes/webapps/static,AVAILABLE}
2025-05-08 12:13:53,363 [main] INFO  handler.ContextHandler (ContextHandler.java:doStart(921)) - Started o.e.j.w.WebAppContext@6e28a726{ozoneManager,/,file:///home/runner/work/ozone/ozone/hadoop-ozone/integration-test/target/test-classes/webapps/ozoneManager/,AVAILABLE}{file:/home/runner/work/ozone/ozone/hadoop-ozone/integration-test/target/test-classes/webapps/ozoneManager}
2025-05-08 12:13:53,364 [main] INFO  server.AbstractConnector (AbstractConnector.java:doStart(333)) - Started ServerConnector@18cbd36b{HTTP/1.1, (http/1.1)}{0.0.0.0:15007}
2025-05-08 12:13:53,364 [main] INFO  server.Server (Server.java:doStart(415)) - Started @10675ms
2025-05-08 12:13:53,365 [main] WARN  impl.MetricsSystemImpl (MetricsSystemImpl.java:register(279)) - Sink prometheus already exists!
2025-05-08 12:13:53,365 [main] INFO  http.BaseHttpServer (BaseHttpServer.java:updateConnectorAddress(359)) - HTTP server of ozoneManager listening at http://0.0.0.0:15007
2025-05-08 12:13:53,365 [IPC Server Responder] INFO  ipc.Server (Server.java:run(1713)) - IPC Server Responder: starting
2025-05-08 12:13:53,366 [IPC Server listener on 15006] INFO  ipc.Server (Server.java:run(1553)) - IPC Server listener on 15006: starting
2025-05-08 12:13:53,368 [main] INFO  om.OzoneManager (OzoneManager.java:startTrashEmptier(2238)) - Trash Interval set to 0. Files deleted won't move to trash
2025-05-08 12:13:53,381 [main] INFO  db.CodecBuffer (CodecBuffer.java:set(85)) - Successfully set constructor to LeakDetector::newCodecBuffer: org.apache.hadoop.hdds.utils.db.CodecBuffer$$Lambda/0x00007f53e07998e0@307eaa06
2025-05-08 12:13:53,461 [main] WARN  dropwizard3.Dm3MetricRegistriesImpl (Dm3MetricRegistriesImpl.java:addReporterRegistration(114)) - New reporters are added after registries were created. Some metrics will be missing from the reporter. Please add reporter before adding any new registry.
2025-05-08 12:13:53,461 [main] WARN  dropwizard3.Dm3MetricRegistriesImpl (Dm3MetricRegistriesImpl.java:addReporterRegistration(114)) - New reporters are added after registries were created. Some metrics will be missing from the reporter. Please add reporter before adding any new registry.
2025-05-08 12:13:53,461 [main] INFO  impl.MetricsSystemImpl (MetricsSystemImpl.java:init(158)) - HddsDatanode metrics system started (again)
2025-05-08 12:13:53,476 [main] INFO  protocol.DatanodeDetails (DatanodeDetails.java:validateDatanodeIpAddress(199)) - Updating IP address of datanode 73de0732-aa09-4d2e-8ccf-f79b8b9cbabe(fv-az1940-623.0zbqxzsnpk4e1nv31zgfd13wxg.dx.internal.cloudapp.net/null) to 10.1.0.147
2025-05-08 12:13:53,477 [main] INFO  ozone.HddsDatanodeService (HddsDatanodeService.java:start(234)) - HddsDatanodeService 73de0732-aa09-4d2e-8ccf-f79b8b9cbabe(fv-az1940-623.0zbqxzsnpk4e1nv31zgfd13wxg.dx.internal.cloudapp.net/10.1.0.147)
2025-05-08 12:13:53,481 [main] INFO  upgrade.AbstractLayoutVersionManager (AbstractLayoutVersionManager.java:init(80)) - Initializing Layout version manager with metadata layout = HBASE_SUPPORT (version = 8), software layout = HBASE_SUPPORT (version = 8)
2025-05-08 12:13:53,483 [main] INFO  statemachine.DatanodeStateMachine (DatanodeStateMachine.java:getEndPointTaskThreadPoolSize(298)) - Datanode State Machine Task Thread Pool size 2
2025-05-08 12:13:53,522 [main] INFO  volume.HddsVolume (HddsVolume.java:<init>(158)) - HddsVolume: { id=DS-656b9d7e-7692-4317-829b-8d22e5c4e90f dir=/home/runner/work/ozone/ozone/hadoop-ozone/integration-test/target/test-dir/MiniOzoneClusterImpl-efc39a28-6472-4ee4-b6fc-2c7f8ca0458d/ozone-meta/datanode-1/data-0/hdds type=DISK capacity=9222449699674390527 used=0 available=9222449699674390527 minFree=5368709120 committed=0 }
2025-05-08 12:13:53,523 [main] INFO  volume.MutableVolumeSet (MutableVolumeSet.java:initializeVolumeSet(166)) - Added Volume : /home/runner/work/ozone/ozone/hadoop-ozone/integration-test/target/test-dir/MiniOzoneClusterImpl-efc39a28-6472-4ee4-b6fc-2c7f8ca0458d/ozone-meta/datanode-1/data-0/hdds to VolumeSet
2025-05-08 12:13:53,526 [main] INFO  volume.MutableVolumeSet (MutableVolumeSet.java:initializeVolumeSet(166)) - Added Volume : /home/runner/work/ozone/ozone/hadoop-ozone/integration-test/target/test-dir/MiniOzoneClusterImpl-efc39a28-6472-4ee4-b6fc-2c7f8ca0458d/ozone-meta/datanode-1/ratis to VolumeSet
2025-05-08 12:13:53,529 [main] INFO  ozoneimpl.OzoneContainer (HddsVolumeUtil.java:loadAllHddsVolumeDbStore(102)) - Load 1 volumes DbStore cost: 0ms
2025-05-08 12:13:53,531 [main] WARN  db.DBStoreBuilder (DBStoreBuilder.java:getDBDirPath(160)) - ozone.scm.datanode.id.dir is not configured. We recommend adding this setting. Falling back to ozone.metadata.dirs instead.
2025-05-08 12:13:53,535 [main] WARN  db.DBStoreBuilder (DBStoreBuilder.java:getDBDirPath(160)) - ozone.scm.datanode.id.dir is not configured. We recommend adding this setting. Falling back to ozone.metadata.dirs instead.
2025-05-08 12:13:53,568 [main] INFO  impl.FilePerChunkStrategy (FilePerChunkStrategy.java:<init>(79)) - ozone.chunk.read.mapped.buffer.max.count is load with 0
2025-05-08 12:13:53,571 [main] INFO  impl.FilePerBlockStrategy (FilePerBlockStrategy.java:<init>(87)) - ozone.chunk.read.mapped.buffer.max.count is load with 0
2025-05-08 12:13:53,598 [main] INFO  audit.AuditLogger (AuditLogger.java:refreshDebugCmdSet(133)) - Refresh DebugCmdSet for DNAudit to [].
2025-05-08 12:13:53,611 [main] INFO  server.RaftServerConfigKeys (ConfUtils.java:logGet(46)) - raft.server.log.appender.buffer.byte-limit = 33554432 (custom)
2025-05-08 12:13:53,620 [main] INFO  server.RaftServer (ConfUtils.java:logGet(46)) - raft.rpc.type = GRPC (default)
2025-05-08 12:13:53,620 [main] INFO  grpc.GrpcConfigKeys (ConfUtils.java:logFallback(53)) - raft.grpc.admin.host = null (fallback to raft.grpc.server.host)
2025-05-08 12:13:53,621 [main] INFO  grpc.GrpcConfigKeys (ConfUtils.java:logGet(46)) - raft.grpc.admin.port = 15014 (custom)
2025-05-08 12:13:53,621 [main] INFO  grpc.GrpcConfigKeys (ConfUtils.java:logFallback(53)) - raft.grpc.client.host = null (fallback to raft.grpc.server.host)
2025-05-08 12:13:53,621 [main] INFO  grpc.GrpcConfigKeys (ConfUtils.java:logGet(46)) - raft.grpc.client.port = 15013 (custom)
2025-05-08 12:13:53,621 [main] INFO  grpc.GrpcConfigKeys (ConfUtils.java:logGet(46)) - raft.grpc.server.host = null (default)
2025-05-08 12:13:53,621 [main] INFO  grpc.GrpcConfigKeys (ConfUtils.java:logGet(46)) - raft.grpc.server.port = 15015 (custom)
2025-05-08 12:13:53,621 [main] INFO  server.GrpcService (ConfUtils.java:logGet(46)) - raft.grpc.message.size.max = 34603008 (custom)
2025-05-08 12:13:53,621 [main] INFO  server.GrpcService (ConfUtils.java:logGet(46)) - raft.grpc.flow.control.window = 5MB (=5242880) (custom)
2025-05-08 12:13:53,622 [main] INFO  server.RaftServerConfigKeys (ConfUtils.java:logGet(46)) - raft.server.rpc.request.timeout = 60s (custom)
2025-05-08 12:13:53,622 [main] INFO  grpc.GrpcConfigKeys (ConfUtils.java:logGet(46)) - raft.grpc.server.heartbeat.channel = true (default)
2025-05-08 12:13:53,622 [main] INFO  server.RaftServerConfigKeys (ConfUtils.java:logGet(46)) - raft.server.log.appender.buffer.byte-limit = 33554432 (custom)
2025-05-08 12:13:53,622 [main] INFO  grpc.GrpcConfigKeys (ConfUtils.java:logGet(46)) - raft.grpc.server.async.request.thread.pool.cached = true (default)
2025-05-08 12:13:53,622 [main] INFO  grpc.GrpcConfigKeys (ConfUtils.java:logGet(46)) - raft.grpc.server.async.request.thread.pool.size = 32 (default)
2025-05-08 12:13:53,624 [main] INFO  impl.DataStreamServerImpl (ConfUtils.java:logGet(46)) - raft.datastream.type = NETTY (custom)
2025-05-08 12:13:53,631 [main] INFO  server.RaftServerConfigKeys (ConfUtils.java:logGet(46)) - raft.server.data-stream.async.request.thread.pool.cached = false (default)
2025-05-08 12:13:53,631 [main] INFO  server.RaftServerConfigKeys (ConfUtils.java:logGet(46)) - raft.server.data-stream.async.request.thread.pool.size = 20 (custom)
2025-05-08 12:13:53,631 [main] INFO  server.RaftServerConfigKeys (ConfUtils.java:logGet(46)) - raft.server.data-stream.async.write.thread.pool.size = 16 (default)
2025-05-08 12:13:53,633 [main] INFO  netty.NettyConfigKeys$DataStream (ConfUtils.java:logGet(46)) - raft.netty.dataStream.server.channel.inactive.grace-period = 10min (default)
2025-05-08 12:13:53,633 [main] INFO  server.RaftServerConfigKeys (ConfUtils.java:logGet(46)) - raft.server.data-stream.client.pool.size = 10 (default)
2025-05-08 12:13:53,634 [main] INFO  netty.NettyConfigKeys$DataStream (ConfUtils.java:logGet(46)) - raft.netty.dataStream.server.use-epoll = true (default)
2025-05-08 12:13:53,634 [main] INFO  netty.NettyConfigKeys$DataStream (ConfUtils.java:logGet(46)) - raft.netty.dataStream.server.boss-group.size = 0 (default)
2025-05-08 12:13:53,635 [main] INFO  netty.NettyUtils (NettyUtils.java:newEventLoopGroup(74)) - Create EpollEventLoopGroup for 73de0732-aa09-4d2e-8ccf-f79b8b9cbabe-NettyServerStreamRpc-bossGroup; Thread size is 0.
2025-05-08 12:13:53,636 [main] INFO  netty.NettyConfigKeys$DataStream (ConfUtils.java:logGet(46)) - raft.netty.dataStream.server.worker-group.size = 0 (default)
2025-05-08 12:13:53,636 [main] INFO  netty.NettyUtils (NettyUtils.java:newEventLoopGroup(74)) - Create EpollEventLoopGroup for 73de0732-aa09-4d2e-8ccf-f79b8b9cbabe-NettyServerStreamRpc-workerGroup; Thread size is 0.
2025-05-08 12:13:53,636 [main] INFO  netty.NettyConfigKeys$DataStream (ConfUtils.java:logGet(46)) - raft.netty.dataStream.server.tls.conf = null (default)
2025-05-08 12:13:53,637 [main] INFO  netty.NettyConfigKeys$DataStream (ConfUtils.java:logGet(46)) - raft.netty.dataStream.host = null (default)
2025-05-08 12:13:53,637 [main] INFO  netty.NettyConfigKeys$DataStream (ConfUtils.java:logGet(46)) - raft.netty.dataStream.port = 15016 (custom)
2025-05-08 12:13:53,640 [main] INFO  server.RaftServerConfigKeys (ConfUtils.java:logGet(46)) - raft.server.sleep.deviation.threshold = 300ms (default)
2025-05-08 12:13:53,640 [main] INFO  server.RaftServerConfigKeys (ConfUtils.java:logGet(46)) - raft.server.close.threshold = 60s (default)
2025-05-08 12:13:53,640 [main] INFO  server.RaftServerConfigKeys (ConfUtils.java:logGet(46)) - raft.server.leaderelection.leader.step-down.wait-time = 10s (default)
2025-05-08 12:13:53,641 [main] INFO  server.RaftServerConfigKeys (ConfUtils.java:logGet(46)) - raft.server.storage.dir = [/home/runner/work/ozone/ozone/hadoop-ozone/integration-test/target/test-dir/MiniOzoneClusterImpl-efc39a28-6472-4ee4-b6fc-2c7f8ca0458d/ozone-meta/datanode-1/ratis] (custom)
2025-05-08 12:13:53,641 [main] INFO  server.RaftServerConfigKeys (ConfUtils.java:logGet(46)) - raft.server.threadpool.proxy.cached = true (default)
2025-05-08 12:13:53,641 [main] INFO  server.RaftServerConfigKeys (ConfUtils.java:logGet(46)) - raft.server.threadpool.proxy.size = 0 (default)
2025-05-08 12:13:53,642 [73de0732-aa09-4d2e-8ccf-f79b8b9cbabe-impl-thread1] INFO  server.RaftServer (RaftServerProxy.java:initGroupDir(265)) - 73de0732-aa09-4d2e-8ccf-f79b8b9cbabe: found a subdirectory /home/runner/work/ozone/ozone/hadoop-ozone/integration-test/target/test-dir/MiniOzoneClusterImpl-efc39a28-6472-4ee4-b6fc-2c7f8ca0458d/ozone-meta/datanode-1/ratis/tmp
2025-05-08 12:13:53,642 [73de0732-aa09-4d2e-8ccf-f79b8b9cbabe-impl-thread1] INFO  server.RaftServer (RaftServerProxy.java:initGroupDir(270)) - 73de0732-aa09-4d2e-8ccf-f79b8b9cbabe: The directory /home/runner/work/ozone/ozone/hadoop-ozone/integration-test/target/test-dir/MiniOzoneClusterImpl-efc39a28-6472-4ee4-b6fc-2c7f8ca0458d/ozone-meta/datanode-1/ratis/tmp is not a group directory; ignoring it. 
2025-05-08 12:13:53,645 [main] INFO  replication.ReplicationServer (ReplicationServer.java:<init>(84)) - Initializing replication server with thread count = 10 queue length = 4096
2025-05-08 12:13:53,651 [73de0732-aa09-4d2e-8ccf-f79b8b9cbabe-NettyServerStreamRpc-bossGroup--thread1] INFO  logging.LoggingHandler (AbstractInternalLogger.java:log(148)) - [id: 0x8a5b4b2d] REGISTERED
2025-05-08 12:13:53,651 [73de0732-aa09-4d2e-8ccf-f79b8b9cbabe-NettyServerStreamRpc-bossGroup--thread1] INFO  logging.LoggingHandler (AbstractInternalLogger.java:log(148)) - [id: 0x8a5b4b2d] BIND: 0.0.0.0/0.0.0.0:15016
2025-05-08 12:13:53,652 [73de0732-aa09-4d2e-8ccf-f79b8b9cbabe-NettyServerStreamRpc-bossGroup--thread1] INFO  logging.LoggingHandler (AbstractInternalLogger.java:log(148)) - [id: 0x8a5b4b2d, L:/0.0.0.0:15016] ACTIVE
2025-05-08 12:13:53,662 [main] INFO  server.XceiverServerGrpc (XceiverServerGrpc.java:<init>(131)) - GrpcServer channel type EpollServerSocketChannel
2025-05-08 12:13:53,686 [main] INFO  replication.ReplicationSupervisor (ReplicationSupervisor.java:build(169)) - Initializing replication supervisor with thread count = 10
2025-05-08 12:13:53,687 [main] INFO  replication.ReplicationSupervisor (ReplicationSupervisor.java:nodeStateUpdated(358)) - Node state updated to IN_SERVICE, scaling executor pool size to 10
2025-05-08 12:13:53,713 [main] INFO  lib.Interns (Interns.java:removeEldestEntry(50)) - Metrics intern cache overflow at 2011 for MetricsSystem={MetricsSystem=MetricsInfoImpl{name=MetricsSystem, description=MetricsSystem}, MetricsSystem record=MetricsInfoImpl{name=MetricsSystem, description=MetricsSystem record}}
2025-05-08 12:13:53,736 [main] INFO  http.BaseHttpServer (BaseHttpServer.java:newHttpServer2BuilderForOzone(229)) - Starting Web-server for hddsDatanode at: http://0.0.0.0:15010
2025-05-08 12:13:53,736 [main] INFO  http.BaseHttpServer (BaseHttpServer.java:<init>(107)) - Hadoop Security Enabled: false Ozone Security Enabled: false Ozone HTTP Security Enabled: false 
2025-05-08 12:13:53,740 [main] WARN  server.AuthenticationFilter (AuthenticationFilter.java:constructSecretProvider(240)) - Unable to initialize FileSignerSecretProvider, falling back to use random secrets. Reason: Could not read signature secret file: /home/runner/hadoop-http-auth-signature-secret
2025-05-08 12:13:53,744 [main] INFO  http.HttpServer2 (HttpServer2.java:addGlobalFilter(1042)) - Added global filter 'safety' (class=org.apache.hadoop.hdds.server.http.HttpServer2$QuotingInputFilter)
2025-05-08 12:13:53,746 [main] INFO  http.HttpServer2 (HttpServer2.java:addFilter(1018)) - Added filter static_user_filter (class=org.apache.hadoop.http.lib.StaticUserWebFilter$StaticUserFilter) to context hddsDatanode
2025-05-08 12:13:53,746 [main] INFO  http.HttpServer2 (HttpServer2.java:addFilter(1026)) - Added filter static_user_filter (class=org.apache.hadoop.http.lib.StaticUserWebFilter$StaticUserFilter) to context logs
2025-05-08 12:13:53,746 [main] INFO  http.HttpServer2 (HttpServer2.java:addFilter(1026)) - Added filter static_user_filter (class=org.apache.hadoop.http.lib.StaticUserWebFilter$StaticUserFilter) to context static
2025-05-08 12:13:53,747 [main] INFO  http.BaseHttpServer (BaseHttpServer.java:<init>(195)) - HTTP server of hddsDatanode uses base directory /home/runner/work/ozone/ozone/hadoop-ozone/integration-test/target/test-dir/MiniOzoneClusterImpl-efc39a28-6472-4ee4-b6fc-2c7f8ca0458d/ozone-meta/datanode-1/meta/webserver
2025-05-08 12:13:53,748 [main] INFO  http.HttpServer2 (HttpServer2.java:bindListener(1242)) - Jetty bound to port 15010
2025-05-08 12:13:53,748 [main] INFO  server.Server (Server.java:doStart(375)) - jetty-9.4.57.v20241219; built: 2025-01-08T21:24:30.412Z; git: df524e6b29271c2e09ba9aea83c18dc9db464a31; jvm 21.0.7+6-LTS
2025-05-08 12:13:53,749 [main] INFO  server.session (DefaultSessionIdManager.java:doStart(334)) - DefaultSessionIdManager workerName=node0
2025-05-08 12:13:53,750 [main] INFO  server.session (DefaultSessionIdManager.java:doStart(339)) - No SessionScavenger set, using defaults
2025-05-08 12:13:53,750 [main] INFO  server.session (HouseKeeper.java:startScavenging(132)) - node0 Scavenging every 660000ms
2025-05-08 12:13:53,750 [main] INFO  handler.ContextHandler (ContextHandler.java:doStart(921)) - Started o.e.j.s.ServletContextHandler@4443aec3{logs,/logs,file:///home/runner/work/ozone/ozone/hadoop-ozone/integration-test/target/log,AVAILABLE}
2025-05-08 12:13:53,751 [main] INFO  handler.ContextHandler (ContextHandler.java:doStart(921)) - Started o.e.j.s.ServletContextHandler@2ebff011{static,/static,jar:file:/home/runner/work/ozone/ozone/hadoop-hdds/container-service/target/hdds-container-service-2.1.0-SNAPSHOT.jar!/webapps/static,AVAILABLE}
2025-05-08 12:13:53,939 [main] INFO  handler.ContextHandler (ContextHandler.java:doStart(921)) - Started o.e.j.w.WebAppContext@14f31f10{hddsDatanode,/,file:///home/runner/work/ozone/ozone/hadoop-ozone/integration-test/target/test-dir/MiniOzoneClusterImpl-efc39a28-6472-4ee4-b6fc-2c7f8ca0458d/ozone-meta/datanode-1/meta/webserver/jetty-0_0_0_0-15010-hdds-container-service-2_1_0-SNAPSHOT_jar-_-any-4278976373896379413/webapp/,AVAILABLE}{jar:file:/home/runner/work/ozone/ozone/hadoop-hdds/container-service/target/hdds-container-service-2.1.0-SNAPSHOT.jar!/webapps/hddsDatanode}
2025-05-08 12:13:53,940 [main] INFO  server.AbstractConnector (AbstractConnector.java:doStart(333)) - Started ServerConnector@599cc8a8{HTTP/1.1, (http/1.1)}{0.0.0.0:15010}
2025-05-08 12:13:53,940 [main] INFO  server.Server (Server.java:doStart(415)) - Started @11250ms
2025-05-08 12:13:53,940 [main] WARN  impl.MetricsSystemImpl (MetricsSystemImpl.java:register(279)) - Sink prometheus already exists!
2025-05-08 12:13:53,940 [main] INFO  http.BaseHttpServer (BaseHttpServer.java:updateConnectorAddress(359)) - HTTP server of hddsDatanode listening at http://0.0.0.0:15010
2025-05-08 12:13:53,943 [main] INFO  ipc.CallQueueManager (CallQueueManager.java:<init>(93)) - Using callQueue: class java.util.concurrent.LinkedBlockingQueue, queueCapacity: 1000, scheduler: class org.apache.hadoop.ipc.DefaultRpcScheduler, ipcBackoff: false, ipcFailOver: false.
2025-05-08 12:13:53,943 [main] INFO  ipc.Server (Server.java:<init>(1438)) - Listener at 0.0.0.0:15011
2025-05-08 12:13:53,944 [Socket Reader #1 for port 15011] INFO  ipc.Server (Server.java:run(1474)) - Starting Socket Reader #1 for port 15011
2025-05-08 12:13:53,944 [Socket Reader #2 for port 15011] INFO  ipc.Server (Server.java:run(1474)) - Starting Socket Reader #2 for port 15011
2025-05-08 12:13:53,944 [Socket Reader #3 for port 15011] INFO  ipc.Server (Server.java:run(1474)) - Starting Socket Reader #3 for port 15011
2025-05-08 12:13:53,945 [Socket Reader #4 for port 15011] INFO  ipc.Server (Server.java:run(1474)) - Starting Socket Reader #4 for port 15011
2025-05-08 12:13:53,945 [Socket Reader #5 for port 15011] INFO  ipc.Server (Server.java:run(1474)) - Starting Socket Reader #5 for port 15011
2025-05-08 12:13:53,946 [Socket Reader #6 for port 15011] INFO  ipc.Server (Server.java:run(1474)) - Starting Socket Reader #6 for port 15011
2025-05-08 12:13:53,946 [Socket Reader #7 for port 15011] INFO  ipc.Server (Server.java:run(1474)) - Starting Socket Reader #7 for port 15011
2025-05-08 12:13:53,947 [Socket Reader #8 for port 15011] INFO  ipc.Server (Server.java:run(1474)) - Starting Socket Reader #8 for port 15011
2025-05-08 12:13:53,947 [Socket Reader #9 for port 15011] INFO  ipc.Server (Server.java:run(1474)) - Starting Socket Reader #9 for port 15011
2025-05-08 12:13:53,947 [Socket Reader #10 for port 15011] INFO  ipc.Server (Server.java:run(1474)) - Starting Socket Reader #10 for port 15011
2025-05-08 12:13:53,950 [main] INFO  ozone.HddsDatanodeService (HddsDatanodeService.java:start(325)) - Datanode start with admins: [runner]
2025-05-08 12:13:53,950 [main] INFO  ozone.HddsDatanodeClientProtocolServer (HddsDatanodeClientProtocolServer.java:start(76)) - RPC server for Client /0.0.0.0:15011
2025-05-08 12:13:53,951 [IPC Server Responder] INFO  ipc.Server (Server.java:run(1713)) - IPC Server Responder: starting
2025-05-08 12:13:53,951 [IPC Server listener on 15011] INFO  ipc.Server (Server.java:run(1553)) - IPC Server listener on 15011: starting
2025-05-08 12:13:53,954 [main] WARN  dropwizard3.Dm3MetricRegistriesImpl (Dm3MetricRegistriesImpl.java:addReporterRegistration(114)) - New reporters are added after registries were created. Some metrics will be missing from the reporter. Please add reporter before adding any new registry.
2025-05-08 12:13:53,954 [main] WARN  dropwizard3.Dm3MetricRegistriesImpl (Dm3MetricRegistriesImpl.java:addReporterRegistration(114)) - New reporters are added after registries were created. Some metrics will be missing from the reporter. Please add reporter before adding any new registry.
2025-05-08 12:13:53,954 [main] INFO  impl.MetricsSystemImpl (MetricsSystemImpl.java:init(158)) - HddsDatanode metrics system started (again)
2025-05-08 12:13:53,957 [73de0732-aa09-4d2e-8ccf-f79b8b9cbabe-DatanodeStateMachineDaemonThread] INFO  statemachine.DatanodeStateMachine (DatanodeStateMachine.java:startStateMachineThread(340)) - Ozone container server started.
2025-05-08 12:13:53,971 [main] INFO  protocol.DatanodeDetails (DatanodeDetails.java:validateDatanodeIpAddress(199)) - Updating IP address of datanode 317162a0-bd3d-40ad-b205-542abbf35090(fv-az1940-623.0zbqxzsnpk4e1nv31zgfd13wxg.dx.internal.cloudapp.net/null) to 10.1.0.147
2025-05-08 12:13:53,972 [main] INFO  ozone.HddsDatanodeService (HddsDatanodeService.java:start(234)) - HddsDatanodeService 317162a0-bd3d-40ad-b205-542abbf35090(fv-az1940-623.0zbqxzsnpk4e1nv31zgfd13wxg.dx.internal.cloudapp.net/10.1.0.147)
2025-05-08 12:13:53,977 [main] INFO  upgrade.AbstractLayoutVersionManager (AbstractLayoutVersionManager.java:init(80)) - Initializing Layout version manager with metadata layout = HBASE_SUPPORT (version = 8), software layout = HBASE_SUPPORT (version = 8)
2025-05-08 12:13:53,978 [main] INFO  statemachine.DatanodeStateMachine (DatanodeStateMachine.java:getEndPointTaskThreadPoolSize(298)) - Datanode State Machine Task Thread Pool size 2
2025-05-08 12:13:53,982 [main] INFO  volume.HddsVolume (HddsVolume.java:<init>(158)) - HddsVolume: { id=DS-c63af06f-8213-45c2-96a7-2711b5352914 dir=/home/runner/work/ozone/ozone/hadoop-ozone/integration-test/target/test-dir/MiniOzoneClusterImpl-efc39a28-6472-4ee4-b6fc-2c7f8ca0458d/ozone-meta/datanode-2/data-0/hdds type=DISK capacity=9222449699674390527 used=0 available=9222449699674390527 minFree=5368709120 committed=0 }
2025-05-08 12:13:53,983 [main] INFO  volume.MutableVolumeSet (MutableVolumeSet.java:initializeVolumeSet(166)) - Added Volume : /home/runner/work/ozone/ozone/hadoop-ozone/integration-test/target/test-dir/MiniOzoneClusterImpl-efc39a28-6472-4ee4-b6fc-2c7f8ca0458d/ozone-meta/datanode-2/data-0/hdds to VolumeSet
2025-05-08 12:13:53,985 [main] INFO  volume.MutableVolumeSet (MutableVolumeSet.java:initializeVolumeSet(166)) - Added Volume : /home/runner/work/ozone/ozone/hadoop-ozone/integration-test/target/test-dir/MiniOzoneClusterImpl-efc39a28-6472-4ee4-b6fc-2c7f8ca0458d/ozone-meta/datanode-2/ratis to VolumeSet
2025-05-08 12:13:53,986 [main] INFO  ozoneimpl.OzoneContainer (HddsVolumeUtil.java:loadAllHddsVolumeDbStore(102)) - Load 1 volumes DbStore cost: 0ms
2025-05-08 12:13:53,987 [main] WARN  db.DBStoreBuilder (DBStoreBuilder.java:getDBDirPath(160)) - ozone.scm.datanode.id.dir is not configured. We recommend adding this setting. Falling back to ozone.metadata.dirs instead.
2025-05-08 12:13:53,991 [main] WARN  db.DBStoreBuilder (DBStoreBuilder.java:getDBDirPath(160)) - ozone.scm.datanode.id.dir is not configured. We recommend adding this setting. Falling back to ozone.metadata.dirs instead.
2025-05-08 12:13:54,015 [main] INFO  impl.FilePerChunkStrategy (FilePerChunkStrategy.java:<init>(79)) - ozone.chunk.read.mapped.buffer.max.count is load with 0
2025-05-08 12:13:54,016 [main] INFO  impl.FilePerBlockStrategy (FilePerBlockStrategy.java:<init>(87)) - ozone.chunk.read.mapped.buffer.max.count is load with 0
2025-05-08 12:13:54,017 [main] INFO  server.RaftServerConfigKeys (ConfUtils.java:logGet(46)) - raft.server.log.appender.buffer.byte-limit = 33554432 (custom)
2025-05-08 12:13:54,020 [main] INFO  server.RaftServer (ConfUtils.java:logGet(46)) - raft.rpc.type = GRPC (default)
2025-05-08 12:13:54,021 [main] INFO  grpc.GrpcConfigKeys (ConfUtils.java:logFallback(53)) - raft.grpc.admin.host = null (fallback to raft.grpc.server.host)
2025-05-08 12:13:54,021 [main] INFO  grpc.GrpcConfigKeys (ConfUtils.java:logGet(46)) - raft.grpc.admin.port = 15022 (custom)
2025-05-08 12:13:54,021 [main] INFO  grpc.GrpcConfigKeys (ConfUtils.java:logFallback(53)) - raft.grpc.client.host = null (fallback to raft.grpc.server.host)
2025-05-08 12:13:54,021 [main] INFO  grpc.GrpcConfigKeys (ConfUtils.java:logGet(46)) - raft.grpc.client.port = 15021 (custom)
2025-05-08 12:13:54,021 [main] INFO  grpc.GrpcConfigKeys (ConfUtils.java:logGet(46)) - raft.grpc.server.host = null (default)
2025-05-08 12:13:54,022 [main] INFO  grpc.GrpcConfigKeys (ConfUtils.java:logGet(46)) - raft.grpc.server.port = 15023 (custom)
2025-05-08 12:13:54,022 [main] INFO  server.GrpcService (ConfUtils.java:logGet(46)) - raft.grpc.message.size.max = 34603008 (custom)
2025-05-08 12:13:54,023 [main] INFO  server.GrpcService (ConfUtils.java:logGet(46)) - raft.grpc.flow.control.window = 5MB (=5242880) (custom)
2025-05-08 12:13:54,023 [main] INFO  server.RaftServerConfigKeys (ConfUtils.java:logGet(46)) - raft.server.rpc.request.timeout = 60s (custom)
2025-05-08 12:13:54,023 [main] INFO  grpc.GrpcConfigKeys (ConfUtils.java:logGet(46)) - raft.grpc.server.heartbeat.channel = true (default)
2025-05-08 12:13:54,023 [main] INFO  server.RaftServerConfigKeys (ConfUtils.java:logGet(46)) - raft.server.log.appender.buffer.byte-limit = 33554432 (custom)
2025-05-08 12:13:54,023 [main] INFO  grpc.GrpcConfigKeys (ConfUtils.java:logGet(46)) - raft.grpc.server.async.request.thread.pool.cached = true (default)
2025-05-08 12:13:54,023 [main] INFO  grpc.GrpcConfigKeys (ConfUtils.java:logGet(46)) - raft.grpc.server.async.request.thread.pool.size = 32 (default)
2025-05-08 12:13:54,025 [main] INFO  impl.DataStreamServerImpl (ConfUtils.java:logGet(46)) - raft.datastream.type = NETTY (custom)
2025-05-08 12:13:54,026 [main] INFO  server.RaftServerConfigKeys (ConfUtils.java:logGet(46)) - raft.server.data-stream.async.request.thread.pool.cached = false (default)
2025-05-08 12:13:54,026 [main] INFO  server.RaftServerConfigKeys (ConfUtils.java:logGet(46)) - raft.server.data-stream.async.request.thread.pool.size = 20 (custom)
2025-05-08 12:13:54,026 [main] INFO  server.RaftServerConfigKeys (ConfUtils.java:logGet(46)) - raft.server.data-stream.async.write.thread.pool.size = 16 (default)
2025-05-08 12:13:54,026 [main] INFO  netty.NettyConfigKeys$DataStream (ConfUtils.java:logGet(46)) - raft.netty.dataStream.server.channel.inactive.grace-period = 10min (default)
2025-05-08 12:13:54,026 [main] INFO  server.RaftServerConfigKeys (ConfUtils.java:logGet(46)) - raft.server.data-stream.client.pool.size = 10 (default)
2025-05-08 12:13:54,026 [main] INFO  netty.NettyConfigKeys$DataStream (ConfUtils.java:logGet(46)) - raft.netty.dataStream.server.use-epoll = true (default)
2025-05-08 12:13:54,027 [main] INFO  netty.NettyConfigKeys$DataStream (ConfUtils.java:logGet(46)) - raft.netty.dataStream.server.boss-group.size = 0 (default)
2025-05-08 12:13:54,027 [main] INFO  netty.NettyUtils (NettyUtils.java:newEventLoopGroup(74)) - Create EpollEventLoopGroup for 317162a0-bd3d-40ad-b205-542abbf35090-NettyServerStreamRpc-bossGroup; Thread size is 0.
2025-05-08 12:13:54,028 [main] INFO  netty.NettyConfigKeys$DataStream (ConfUtils.java:logGet(46)) - raft.netty.dataStream.server.worker-group.size = 0 (default)
2025-05-08 12:13:54,028 [main] INFO  netty.NettyUtils (NettyUtils.java:newEventLoopGroup(74)) - Create EpollEventLoopGroup for 317162a0-bd3d-40ad-b205-542abbf35090-NettyServerStreamRpc-workerGroup; Thread size is 0.
2025-05-08 12:13:54,029 [main] INFO  netty.NettyConfigKeys$DataStream (ConfUtils.java:logGet(46)) - raft.netty.dataStream.server.tls.conf = null (default)
2025-05-08 12:13:54,029 [main] INFO  netty.NettyConfigKeys$DataStream (ConfUtils.java:logGet(46)) - raft.netty.dataStream.host = null (default)
2025-05-08 12:13:54,029 [main] INFO  netty.NettyConfigKeys$DataStream (ConfUtils.java:logGet(46)) - raft.netty.dataStream.port = 15024 (custom)
2025-05-08 12:13:54,030 [main] INFO  server.RaftServerConfigKeys (ConfUtils.java:logGet(46)) - raft.server.sleep.deviation.threshold = 300ms (default)
2025-05-08 12:13:54,030 [main] INFO  server.RaftServerConfigKeys (ConfUtils.java:logGet(46)) - raft.server.close.threshold = 60s (default)
2025-05-08 12:13:54,031 [main] INFO  server.RaftServerConfigKeys (ConfUtils.java:logGet(46)) - raft.server.leaderelection.leader.step-down.wait-time = 10s (default)
2025-05-08 12:13:54,031 [main] INFO  server.RaftServerConfigKeys (ConfUtils.java:logGet(46)) - raft.server.storage.dir = [/home/runner/work/ozone/ozone/hadoop-ozone/integration-test/target/test-dir/MiniOzoneClusterImpl-efc39a28-6472-4ee4-b6fc-2c7f8ca0458d/ozone-meta/datanode-2/ratis] (custom)
2025-05-08 12:13:54,031 [main] INFO  server.RaftServerConfigKeys (ConfUtils.java:logGet(46)) - raft.server.threadpool.proxy.cached = true (default)
2025-05-08 12:13:54,030 [317162a0-bd3d-40ad-b205-542abbf35090-NettyServerStreamRpc-bossGroup--thread1] INFO  logging.LoggingHandler (AbstractInternalLogger.java:log(148)) - [id: 0x9d525fdc] REGISTERED
2025-05-08 12:13:54,031 [317162a0-bd3d-40ad-b205-542abbf35090-NettyServerStreamRpc-bossGroup--thread1] INFO  logging.LoggingHandler (AbstractInternalLogger.java:log(148)) - [id: 0x9d525fdc] BIND: 0.0.0.0/0.0.0.0:15024
2025-05-08 12:13:54,032 [317162a0-bd3d-40ad-b205-542abbf35090-NettyServerStreamRpc-bossGroup--thread1] INFO  logging.LoggingHandler (AbstractInternalLogger.java:log(148)) - [id: 0x9d525fdc, L:/0.0.0.0:15024] ACTIVE
2025-05-08 12:13:54,032 [main] INFO  server.RaftServerConfigKeys (ConfUtils.java:logGet(46)) - raft.server.threadpool.proxy.size = 0 (default)
2025-05-08 12:13:54,033 [317162a0-bd3d-40ad-b205-542abbf35090-impl-thread1] INFO  server.RaftServer (RaftServerProxy.java:initGroupDir(265)) - 317162a0-bd3d-40ad-b205-542abbf35090: found a subdirectory /home/runner/work/ozone/ozone/hadoop-ozone/integration-test/target/test-dir/MiniOzoneClusterImpl-efc39a28-6472-4ee4-b6fc-2c7f8ca0458d/ozone-meta/datanode-2/ratis/tmp
2025-05-08 12:13:54,033 [317162a0-bd3d-40ad-b205-542abbf35090-impl-thread1] INFO  server.RaftServer (RaftServerProxy.java:initGroupDir(270)) - 317162a0-bd3d-40ad-b205-542abbf35090: The directory /home/runner/work/ozone/ozone/hadoop-ozone/integration-test/target/test-dir/MiniOzoneClusterImpl-efc39a28-6472-4ee4-b6fc-2c7f8ca0458d/ozone-meta/datanode-2/ratis/tmp is not a group directory; ignoring it. 
2025-05-08 12:13:54,034 [main] INFO  replication.ReplicationServer (ReplicationServer.java:<init>(84)) - Initializing replication server with thread count = 10 queue length = 4096
2025-05-08 12:13:54,037 [main] INFO  server.XceiverServerGrpc (XceiverServerGrpc.java:<init>(131)) - GrpcServer channel type EpollServerSocketChannel
2025-05-08 12:13:54,042 [73de0732-aa09-4d2e-8ccf-f79b8b9cbabe-DatanodeStateMachineTaskThread-0] INFO  datanode.InitDatanodeState (InitDatanodeState.java:persistContainerDatanodeDetails(139)) - DatanodeDetails is persisted to /home/runner/work/ozone/ozone/hadoop-ozone/integration-test/target/test-dir/MiniOzoneClusterImpl-efc39a28-6472-4ee4-b6fc-2c7f8ca0458d/ozone-meta/datanode-1/meta/datanode.id
2025-05-08 12:13:54,042 [main] INFO  replication.ReplicationSupervisor (ReplicationSupervisor.java:build(169)) - Initializing replication supervisor with thread count = 10
2025-05-08 12:13:54,042 [main] INFO  replication.ReplicationSupervisor (ReplicationSupervisor.java:nodeStateUpdated(358)) - Node state updated to IN_SERVICE, scaling executor pool size to 10
2025-05-08 12:13:54,047 [main] INFO  http.BaseHttpServer (BaseHttpServer.java:newHttpServer2BuilderForOzone(229)) - Starting Web-server for hddsDatanode at: http://0.0.0.0:15018
2025-05-08 12:13:54,047 [main] INFO  http.BaseHttpServer (BaseHttpServer.java:<init>(107)) - Hadoop Security Enabled: false Ozone Security Enabled: false Ozone HTTP Security Enabled: false 
2025-05-08 12:13:54,049 [main] WARN  server.AuthenticationFilter (AuthenticationFilter.java:constructSecretProvider(240)) - Unable to initialize FileSignerSecretProvider, falling back to use random secrets. Reason: Could not read signature secret file: /home/runner/hadoop-http-auth-signature-secret
2025-05-08 12:13:54,052 [main] INFO  http.HttpServer2 (HttpServer2.java:addGlobalFilter(1042)) - Added global filter 'safety' (class=org.apache.hadoop.hdds.server.http.HttpServer2$QuotingInputFilter)
2025-05-08 12:13:54,054 [main] INFO  http.HttpServer2 (HttpServer2.java:addFilter(1018)) - Added filter static_user_filter (class=org.apache.hadoop.http.lib.StaticUserWebFilter$StaticUserFilter) to context hddsDatanode
2025-05-08 12:13:54,054 [main] INFO  http.HttpServer2 (HttpServer2.java:addFilter(1026)) - Added filter static_user_filter (class=org.apache.hadoop.http.lib.StaticUserWebFilter$StaticUserFilter) to context static
2025-05-08 12:13:54,054 [main] INFO  http.HttpServer2 (HttpServer2.java:addFilter(1026)) - Added filter static_user_filter (class=org.apache.hadoop.http.lib.StaticUserWebFilter$StaticUserFilter) to context logs
2025-05-08 12:13:54,055 [main] INFO  http.BaseHttpServer (BaseHttpServer.java:<init>(195)) - HTTP server of hddsDatanode uses base directory /home/runner/work/ozone/ozone/hadoop-ozone/integration-test/target/test-dir/MiniOzoneClusterImpl-efc39a28-6472-4ee4-b6fc-2c7f8ca0458d/ozone-meta/datanode-2/meta/webserver
2025-05-08 12:13:54,055 [main] INFO  http.HttpServer2 (HttpServer2.java:bindListener(1242)) - Jetty bound to port 15018
2025-05-08 12:13:54,055 [main] INFO  server.Server (Server.java:doStart(375)) - jetty-9.4.57.v20241219; built: 2025-01-08T21:24:30.412Z; git: df524e6b29271c2e09ba9aea83c18dc9db464a31; jvm 21.0.7+6-LTS
2025-05-08 12:13:54,057 [ReplicationMonitor] INFO  replication.ReplicationManager (ReplicationManager.java:processAll(357)) - Replication Manager is not ready to run until 3000ms after safemode exit
2025-05-08 12:13:54,057 [main] INFO  server.session (DefaultSessionIdManager.java:doStart(334)) - DefaultSessionIdManager workerName=node0
2025-05-08 12:13:54,057 [main] INFO  server.session (DefaultSessionIdManager.java:doStart(339)) - No SessionScavenger set, using defaults
2025-05-08 12:13:54,058 [main] INFO  server.session (HouseKeeper.java:startScavenging(132)) - node0 Scavenging every 660000ms
2025-05-08 12:13:54,059 [main] INFO  handler.ContextHandler (ContextHandler.java:doStart(921)) - Started o.e.j.s.ServletContextHandler@1e35c3ff{logs,/logs,file:///home/runner/work/ozone/ozone/hadoop-ozone/integration-test/target/log,AVAILABLE}
2025-05-08 12:13:54,059 [main] INFO  handler.ContextHandler (ContextHandler.java:doStart(921)) - Started o.e.j.s.ServletContextHandler@193c3354{static,/static,jar:file:/home/runner/work/ozone/ozone/hadoop-hdds/container-service/target/hdds-container-service-2.1.0-SNAPSHOT.jar!/webapps/static,AVAILABLE}
2025-05-08 12:13:54,204 [main] INFO  handler.ContextHandler (ContextHandler.java:doStart(921)) - Started o.e.j.w.WebAppContext@2b4f99e5{hddsDatanode,/,file:///home/runner/work/ozone/ozone/hadoop-ozone/integration-test/target/test-dir/MiniOzoneClusterImpl-efc39a28-6472-4ee4-b6fc-2c7f8ca0458d/ozone-meta/datanode-2/meta/webserver/jetty-0_0_0_0-15018-hdds-container-service-2_1_0-SNAPSHOT_jar-_-any-4351886242223221690/webapp/,AVAILABLE}{jar:file:/home/runner/work/ozone/ozone/hadoop-hdds/container-service/target/hdds-container-service-2.1.0-SNAPSHOT.jar!/webapps/hddsDatanode}
2025-05-08 12:13:54,205 [main] INFO  server.AbstractConnector (AbstractConnector.java:doStart(333)) - Started ServerConnector@685d92cf{HTTP/1.1, (http/1.1)}{0.0.0.0:15018}
2025-05-08 12:13:54,205 [main] INFO  server.Server (Server.java:doStart(415)) - Started @11516ms
2025-05-08 12:13:54,205 [main] WARN  impl.MetricsSystemImpl (MetricsSystemImpl.java:register(279)) - Sink prometheus already exists!
2025-05-08 12:13:54,206 [main] INFO  http.BaseHttpServer (BaseHttpServer.java:updateConnectorAddress(359)) - HTTP server of hddsDatanode listening at http://0.0.0.0:15018
2025-05-08 12:13:54,206 [main] INFO  ipc.CallQueueManager (CallQueueManager.java:<init>(93)) - Using callQueue: class java.util.concurrent.LinkedBlockingQueue, queueCapacity: 1000, scheduler: class org.apache.hadoop.ipc.DefaultRpcScheduler, ipcBackoff: false, ipcFailOver: false.
2025-05-08 12:13:54,206 [main] INFO  ipc.Server (Server.java:<init>(1438)) - Listener at 0.0.0.0:15019
2025-05-08 12:13:54,207 [Socket Reader #1 for port 15019] INFO  ipc.Server (Server.java:run(1474)) - Starting Socket Reader #1 for port 15019
2025-05-08 12:13:54,207 [Socket Reader #2 for port 15019] INFO  ipc.Server (Server.java:run(1474)) - Starting Socket Reader #2 for port 15019
2025-05-08 12:13:54,207 [Socket Reader #3 for port 15019] INFO  ipc.Server (Server.java:run(1474)) - Starting Socket Reader #3 for port 15019
2025-05-08 12:13:54,207 [Socket Reader #4 for port 15019] INFO  ipc.Server (Server.java:run(1474)) - Starting Socket Reader #4 for port 15019
2025-05-08 12:13:54,207 [Socket Reader #5 for port 15019] INFO  ipc.Server (Server.java:run(1474)) - Starting Socket Reader #5 for port 15019
2025-05-08 12:13:54,208 [Socket Reader #6 for port 15019] INFO  ipc.Server (Server.java:run(1474)) - Starting Socket Reader #6 for port 15019
2025-05-08 12:13:54,208 [Socket Reader #7 for port 15019] INFO  ipc.Server (Server.java:run(1474)) - Starting Socket Reader #7 for port 15019
2025-05-08 12:13:54,208 [Socket Reader #8 for port 15019] INFO  ipc.Server (Server.java:run(1474)) - Starting Socket Reader #8 for port 15019
2025-05-08 12:13:54,208 [Socket Reader #9 for port 15019] INFO  ipc.Server (Server.java:run(1474)) - Starting Socket Reader #9 for port 15019
2025-05-08 12:13:54,208 [Socket Reader #10 for port 15019] INFO  ipc.Server (Server.java:run(1474)) - Starting Socket Reader #10 for port 15019
2025-05-08 12:13:54,210 [main] INFO  ozone.HddsDatanodeService (HddsDatanodeService.java:start(325)) - Datanode start with admins: [runner]
2025-05-08 12:13:54,211 [main] INFO  ozone.HddsDatanodeClientProtocolServer (HddsDatanodeClientProtocolServer.java:start(76)) - RPC server for Client /0.0.0.0:15019
2025-05-08 12:13:54,211 [IPC Server Responder] INFO  ipc.Server (Server.java:run(1713)) - IPC Server Responder: starting
2025-05-08 12:13:54,211 [IPC Server listener on 15019] INFO  ipc.Server (Server.java:run(1553)) - IPC Server listener on 15019: starting
2025-05-08 12:13:54,213 [main] WARN  dropwizard3.Dm3MetricRegistriesImpl (Dm3MetricRegistriesImpl.java:addReporterRegistration(114)) - New reporters are added after registries were created. Some metrics will be missing from the reporter. Please add reporter before adding any new registry.
2025-05-08 12:13:54,213 [main] WARN  dropwizard3.Dm3MetricRegistriesImpl (Dm3MetricRegistriesImpl.java:addReporterRegistration(114)) - New reporters are added after registries were created. Some metrics will be missing from the reporter. Please add reporter before adding any new registry.
2025-05-08 12:13:54,213 [main] INFO  impl.MetricsSystemImpl (MetricsSystemImpl.java:init(158)) - HddsDatanode metrics system started (again)
2025-05-08 12:13:54,217 [317162a0-bd3d-40ad-b205-542abbf35090-DatanodeStateMachineDaemonThread] INFO  statemachine.DatanodeStateMachine (DatanodeStateMachine.java:startStateMachineThread(340)) - Ozone container server started.
2025-05-08 12:13:54,222 [317162a0-bd3d-40ad-b205-542abbf35090-DatanodeStateMachineTaskThread-0] INFO  datanode.InitDatanodeState (InitDatanodeState.java:persistContainerDatanodeDetails(139)) - DatanodeDetails is persisted to /home/runner/work/ozone/ozone/hadoop-ozone/integration-test/target/test-dir/MiniOzoneClusterImpl-efc39a28-6472-4ee4-b6fc-2c7f8ca0458d/ozone-meta/datanode-2/meta/datanode.id
2025-05-08 12:13:54,229 [main] INFO  protocol.DatanodeDetails (DatanodeDetails.java:validateDatanodeIpAddress(199)) - Updating IP address of datanode 7c8f0716-ab75-44b9-b6ec-eb9ccd1caa65(fv-az1940-623.0zbqxzsnpk4e1nv31zgfd13wxg.dx.internal.cloudapp.net/null) to 10.1.0.147
2025-05-08 12:13:54,229 [main] INFO  ozone.HddsDatanodeService (HddsDatanodeService.java:start(234)) - HddsDatanodeService 7c8f0716-ab75-44b9-b6ec-eb9ccd1caa65(fv-az1940-623.0zbqxzsnpk4e1nv31zgfd13wxg.dx.internal.cloudapp.net/10.1.0.147)
2025-05-08 12:13:54,232 [main] INFO  upgrade.AbstractLayoutVersionManager (AbstractLayoutVersionManager.java:init(80)) - Initializing Layout version manager with metadata layout = HBASE_SUPPORT (version = 8), software layout = HBASE_SUPPORT (version = 8)
2025-05-08 12:13:54,233 [main] INFO  statemachine.DatanodeStateMachine (DatanodeStateMachine.java:getEndPointTaskThreadPoolSize(298)) - Datanode State Machine Task Thread Pool size 2
2025-05-08 12:13:54,237 [main] INFO  volume.HddsVolume (HddsVolume.java:<init>(158)) - HddsVolume: { id=DS-2583a122-d9fe-46ed-a448-604e603ca47e dir=/home/runner/work/ozone/ozone/hadoop-ozone/integration-test/target/test-dir/MiniOzoneClusterImpl-efc39a28-6472-4ee4-b6fc-2c7f8ca0458d/ozone-meta/datanode-3/data-0/hdds type=DISK capacity=9222449699674390527 used=0 available=9222449699674390527 minFree=5368709120 committed=0 }
2025-05-08 12:13:54,237 [main] INFO  volume.MutableVolumeSet (MutableVolumeSet.java:initializeVolumeSet(166)) - Added Volume : /home/runner/work/ozone/ozone/hadoop-ozone/integration-test/target/test-dir/MiniOzoneClusterImpl-efc39a28-6472-4ee4-b6fc-2c7f8ca0458d/ozone-meta/datanode-3/data-0/hdds to VolumeSet
2025-05-08 12:13:54,239 [main] INFO  volume.MutableVolumeSet (MutableVolumeSet.java:initializeVolumeSet(166)) - Added Volume : /home/runner/work/ozone/ozone/hadoop-ozone/integration-test/target/test-dir/MiniOzoneClusterImpl-efc39a28-6472-4ee4-b6fc-2c7f8ca0458d/ozone-meta/datanode-3/ratis to VolumeSet
2025-05-08 12:13:54,240 [main] INFO  ozoneimpl.OzoneContainer (HddsVolumeUtil.java:loadAllHddsVolumeDbStore(102)) - Load 1 volumes DbStore cost: 0ms
2025-05-08 12:13:54,240 [main] WARN  db.DBStoreBuilder (DBStoreBuilder.java:getDBDirPath(160)) - ozone.scm.datanode.id.dir is not configured. We recommend adding this setting. Falling back to ozone.metadata.dirs instead.
2025-05-08 12:13:54,241 [main] WARN  db.DBStoreBuilder (DBStoreBuilder.java:getDBDirPath(160)) - ozone.scm.datanode.id.dir is not configured. We recommend adding this setting. Falling back to ozone.metadata.dirs instead.
2025-05-08 12:13:54,258 [main] INFO  impl.FilePerChunkStrategy (FilePerChunkStrategy.java:<init>(79)) - ozone.chunk.read.mapped.buffer.max.count is load with 0
2025-05-08 12:13:54,258 [main] INFO  impl.FilePerBlockStrategy (FilePerBlockStrategy.java:<init>(87)) - ozone.chunk.read.mapped.buffer.max.count is load with 0
2025-05-08 12:13:54,260 [main] INFO  server.RaftServerConfigKeys (ConfUtils.java:logGet(46)) - raft.server.log.appender.buffer.byte-limit = 33554432 (custom)
2025-05-08 12:13:54,262 [main] INFO  server.RaftServer (ConfUtils.java:logGet(46)) - raft.rpc.type = GRPC (default)
2025-05-08 12:13:54,262 [main] INFO  grpc.GrpcConfigKeys (ConfUtils.java:logFallback(53)) - raft.grpc.admin.host = null (fallback to raft.grpc.server.host)
2025-05-08 12:13:54,262 [main] INFO  grpc.GrpcConfigKeys (ConfUtils.java:logGet(46)) - raft.grpc.admin.port = 15030 (custom)
2025-05-08 12:13:54,262 [main] INFO  grpc.GrpcConfigKeys (ConfUtils.java:logFallback(53)) - raft.grpc.client.host = null (fallback to raft.grpc.server.host)
2025-05-08 12:13:54,262 [main] INFO  grpc.GrpcConfigKeys (ConfUtils.java:logGet(46)) - raft.grpc.client.port = 15029 (custom)
2025-05-08 12:13:54,262 [main] INFO  grpc.GrpcConfigKeys (ConfUtils.java:logGet(46)) - raft.grpc.server.host = null (default)
2025-05-08 12:13:54,262 [main] INFO  grpc.GrpcConfigKeys (ConfUtils.java:logGet(46)) - raft.grpc.server.port = 15031 (custom)
2025-05-08 12:13:54,262 [main] INFO  server.GrpcService (ConfUtils.java:logGet(46)) - raft.grpc.message.size.max = 34603008 (custom)
2025-05-08 12:13:54,262 [main] INFO  server.GrpcService (ConfUtils.java:logGet(46)) - raft.grpc.flow.control.window = 5MB (=5242880) (custom)
2025-05-08 12:13:54,263 [main] INFO  server.RaftServerConfigKeys (ConfUtils.java:logGet(46)) - raft.server.rpc.request.timeout = 60s (custom)
2025-05-08 12:13:54,263 [main] INFO  grpc.GrpcConfigKeys (ConfUtils.java:logGet(46)) - raft.grpc.server.heartbeat.channel = true (default)
2025-05-08 12:13:54,263 [main] INFO  server.RaftServerConfigKeys (ConfUtils.java:logGet(46)) - raft.server.log.appender.buffer.byte-limit = 33554432 (custom)
2025-05-08 12:13:54,263 [main] INFO  grpc.GrpcConfigKeys (ConfUtils.java:logGet(46)) - raft.grpc.server.async.request.thread.pool.cached = true (default)
2025-05-08 12:13:54,263 [main] INFO  grpc.GrpcConfigKeys (ConfUtils.java:logGet(46)) - raft.grpc.server.async.request.thread.pool.size = 32 (default)
2025-05-08 12:13:54,264 [main] INFO  impl.DataStreamServerImpl (ConfUtils.java:logGet(46)) - raft.datastream.type = NETTY (custom)
2025-05-08 12:13:54,265 [main] INFO  server.RaftServerConfigKeys (ConfUtils.java:logGet(46)) - raft.server.data-stream.async.request.thread.pool.cached = false (default)
2025-05-08 12:13:54,265 [main] INFO  server.RaftServerConfigKeys (ConfUtils.java:logGet(46)) - raft.server.data-stream.async.request.thread.pool.size = 20 (custom)
2025-05-08 12:13:54,265 [main] INFO  server.RaftServerConfigKeys (ConfUtils.java:logGet(46)) - raft.server.data-stream.async.write.thread.pool.size = 16 (default)
2025-05-08 12:13:54,265 [main] INFO  netty.NettyConfigKeys$DataStream (ConfUtils.java:logGet(46)) - raft.netty.dataStream.server.channel.inactive.grace-period = 10min (default)
2025-05-08 12:13:54,265 [main] INFO  server.RaftServerConfigKeys (ConfUtils.java:logGet(46)) - raft.server.data-stream.client.pool.size = 10 (default)
2025-05-08 12:13:54,265 [main] INFO  netty.NettyConfigKeys$DataStream (ConfUtils.java:logGet(46)) - raft.netty.dataStream.server.use-epoll = true (default)
2025-05-08 12:13:54,265 [main] INFO  netty.NettyConfigKeys$DataStream (ConfUtils.java:logGet(46)) - raft.netty.dataStream.server.boss-group.size = 0 (default)
2025-05-08 12:13:54,265 [main] INFO  netty.NettyUtils (NettyUtils.java:newEventLoopGroup(74)) - Create EpollEventLoopGroup for 7c8f0716-ab75-44b9-b6ec-eb9ccd1caa65-NettyServerStreamRpc-bossGroup; Thread size is 0.
2025-05-08 12:13:54,266 [main] INFO  netty.NettyConfigKeys$DataStream (ConfUtils.java:logGet(46)) - raft.netty.dataStream.server.worker-group.size = 0 (default)
2025-05-08 12:13:54,266 [main] INFO  netty.NettyUtils (NettyUtils.java:newEventLoopGroup(74)) - Create EpollEventLoopGroup for 7c8f0716-ab75-44b9-b6ec-eb9ccd1caa65-NettyServerStreamRpc-workerGroup; Thread size is 0.
2025-05-08 12:13:54,267 [main] INFO  netty.NettyConfigKeys$DataStream (ConfUtils.java:logGet(46)) - raft.netty.dataStream.server.tls.conf = null (default)
2025-05-08 12:13:54,267 [main] INFO  netty.NettyConfigKeys$DataStream (ConfUtils.java:logGet(46)) - raft.netty.dataStream.host = null (default)
2025-05-08 12:13:54,267 [main] INFO  netty.NettyConfigKeys$DataStream (ConfUtils.java:logGet(46)) - raft.netty.dataStream.port = 15032 (custom)
2025-05-08 12:13:54,268 [main] INFO  server.RaftServerConfigKeys (ConfUtils.java:logGet(46)) - raft.server.sleep.deviation.threshold = 300ms (default)
2025-05-08 12:13:54,268 [main] INFO  server.RaftServerConfigKeys (ConfUtils.java:logGet(46)) - raft.server.close.threshold = 60s (default)
2025-05-08 12:13:54,268 [main] INFO  server.RaftServerConfigKeys (ConfUtils.java:logGet(46)) - raft.server.leaderelection.leader.step-down.wait-time = 10s (default)
2025-05-08 12:13:54,268 [7c8f0716-ab75-44b9-b6ec-eb9ccd1caa65-NettyServerStreamRpc-bossGroup--thread1] INFO  logging.LoggingHandler (AbstractInternalLogger.java:log(148)) - [id: 0x5d826828] REGISTERED
2025-05-08 12:13:54,269 [7c8f0716-ab75-44b9-b6ec-eb9ccd1caa65-NettyServerStreamRpc-bossGroup--thread1] INFO  logging.LoggingHandler (AbstractInternalLogger.java:log(148)) - [id: 0x5d826828] BIND: 0.0.0.0/0.0.0.0:15032
2025-05-08 12:13:54,269 [7c8f0716-ab75-44b9-b6ec-eb9ccd1caa65-NettyServerStreamRpc-bossGroup--thread1] INFO  logging.LoggingHandler (AbstractInternalLogger.java:log(148)) - [id: 0x5d826828, L:/0.0.0.0:15032] ACTIVE
2025-05-08 12:13:54,269 [main] INFO  server.RaftServerConfigKeys (ConfUtils.java:logGet(46)) - raft.server.storage.dir = [/home/runner/work/ozone/ozone/hadoop-ozone/integration-test/target/test-dir/MiniOzoneClusterImpl-efc39a28-6472-4ee4-b6fc-2c7f8ca0458d/ozone-meta/datanode-3/ratis] (custom)
2025-05-08 12:13:54,269 [main] INFO  server.RaftServerConfigKeys (ConfUtils.java:logGet(46)) - raft.server.threadpool.proxy.cached = true (default)
2025-05-08 12:13:54,269 [main] INFO  server.RaftServerConfigKeys (ConfUtils.java:logGet(46)) - raft.server.threadpool.proxy.size = 0 (default)
2025-05-08 12:13:54,270 [7c8f0716-ab75-44b9-b6ec-eb9ccd1caa65-impl-thread1] INFO  server.RaftServer (RaftServerProxy.java:initGroupDir(265)) - 7c8f0716-ab75-44b9-b6ec-eb9ccd1caa65: found a subdirectory /home/runner/work/ozone/ozone/hadoop-ozone/integration-test/target/test-dir/MiniOzoneClusterImpl-efc39a28-6472-4ee4-b6fc-2c7f8ca0458d/ozone-meta/datanode-3/ratis/tmp
2025-05-08 12:13:54,270 [7c8f0716-ab75-44b9-b6ec-eb9ccd1caa65-impl-thread1] INFO  server.RaftServer (RaftServerProxy.java:initGroupDir(270)) - 7c8f0716-ab75-44b9-b6ec-eb9ccd1caa65: The directory /home/runner/work/ozone/ozone/hadoop-ozone/integration-test/target/test-dir/MiniOzoneClusterImpl-efc39a28-6472-4ee4-b6fc-2c7f8ca0458d/ozone-meta/datanode-3/ratis/tmp is not a group directory; ignoring it. 
2025-05-08 12:13:54,271 [main] INFO  replication.ReplicationServer (ReplicationServer.java:<init>(84)) - Initializing replication server with thread count = 10 queue length = 4096
2025-05-08 12:13:54,272 [main] INFO  server.XceiverServerGrpc (XceiverServerGrpc.java:<init>(131)) - GrpcServer channel type EpollServerSocketChannel
2025-05-08 12:13:54,274 [main] INFO  replication.ReplicationSupervisor (ReplicationSupervisor.java:build(169)) - Initializing replication supervisor with thread count = 10
2025-05-08 12:13:54,274 [main] INFO  replication.ReplicationSupervisor (ReplicationSupervisor.java:nodeStateUpdated(358)) - Node state updated to IN_SERVICE, scaling executor pool size to 10
2025-05-08 12:13:54,277 [main] INFO  http.BaseHttpServer (BaseHttpServer.java:newHttpServer2BuilderForOzone(229)) - Starting Web-server for hddsDatanode at: http://0.0.0.0:15026
2025-05-08 12:13:54,277 [main] INFO  http.BaseHttpServer (BaseHttpServer.java:<init>(107)) - Hadoop Security Enabled: false Ozone Security Enabled: false Ozone HTTP Security Enabled: false 
2025-05-08 12:13:54,279 [main] WARN  server.AuthenticationFilter (AuthenticationFilter.java:constructSecretProvider(240)) - Unable to initialize FileSignerSecretProvider, falling back to use random secrets. Reason: Could not read signature secret file: /home/runner/hadoop-http-auth-signature-secret
2025-05-08 12:13:54,282 [main] INFO  http.HttpServer2 (HttpServer2.java:addGlobalFilter(1042)) - Added global filter 'safety' (class=org.apache.hadoop.hdds.server.http.HttpServer2$QuotingInputFilter)
2025-05-08 12:13:54,283 [main] INFO  http.HttpServer2 (HttpServer2.java:addFilter(1018)) - Added filter static_user_filter (class=org.apache.hadoop.http.lib.StaticUserWebFilter$StaticUserFilter) to context hddsDatanode
2025-05-08 12:13:54,284 [main] INFO  http.HttpServer2 (HttpServer2.java:addFilter(1026)) - Added filter static_user_filter (class=org.apache.hadoop.http.lib.StaticUserWebFilter$StaticUserFilter) to context static
2025-05-08 12:13:54,284 [main] INFO  http.HttpServer2 (HttpServer2.java:addFilter(1026)) - Added filter static_user_filter (class=org.apache.hadoop.http.lib.StaticUserWebFilter$StaticUserFilter) to context logs
2025-05-08 12:13:54,284 [main] INFO  http.BaseHttpServer (BaseHttpServer.java:<init>(195)) - HTTP server of hddsDatanode uses base directory /home/runner/work/ozone/ozone/hadoop-ozone/integration-test/target/test-dir/MiniOzoneClusterImpl-efc39a28-6472-4ee4-b6fc-2c7f8ca0458d/ozone-meta/datanode-3/meta/webserver
2025-05-08 12:13:54,285 [main] INFO  http.HttpServer2 (HttpServer2.java:bindListener(1242)) - Jetty bound to port 15026
2025-05-08 12:13:54,285 [main] INFO  server.Server (Server.java:doStart(375)) - jetty-9.4.57.v20241219; built: 2025-01-08T21:24:30.412Z; git: df524e6b29271c2e09ba9aea83c18dc9db464a31; jvm 21.0.7+6-LTS
2025-05-08 12:13:54,287 [main] INFO  server.session (DefaultSessionIdManager.java:doStart(334)) - DefaultSessionIdManager workerName=node0
2025-05-08 12:13:54,287 [main] INFO  server.session (DefaultSessionIdManager.java:doStart(339)) - No SessionScavenger set, using defaults
2025-05-08 12:13:54,288 [main] INFO  server.session (HouseKeeper.java:startScavenging(132)) - node0 Scavenging every 660000ms
2025-05-08 12:13:54,288 [main] INFO  handler.ContextHandler (ContextHandler.java:doStart(921)) - Started o.e.j.s.ServletContextHandler@3d57b228{logs,/logs,file:///home/runner/work/ozone/ozone/hadoop-ozone/integration-test/target/log,AVAILABLE}
2025-05-08 12:13:54,289 [main] INFO  handler.ContextHandler (ContextHandler.java:doStart(921)) - Started o.e.j.s.ServletContextHandler@64ed45eb{static,/static,jar:file:/home/runner/work/ozone/ozone/hadoop-hdds/container-service/target/hdds-container-service-2.1.0-SNAPSHOT.jar!/webapps/static,AVAILABLE}
2025-05-08 12:13:54,368 [om1@group-C5BA1605619E-FollowerState] INFO  impl.FollowerState (FollowerState.java:runImpl(161)) - om1@group-C5BA1605619E-FollowerState: change to CANDIDATE, lastRpcElapsedTime:1065887422ns, electionTimeout:1065ms
2025-05-08 12:13:54,368 [om1@group-C5BA1605619E-FollowerState] INFO  impl.RoleInfo (RoleInfo.java:shutdownFollowerState(121)) - om1: shutdown om1@group-C5BA1605619E-FollowerState
2025-05-08 12:13:54,369 [om1@group-C5BA1605619E-FollowerState] INFO  server.RaftServer$Division (RaftServerImpl.java:setRole(378)) - om1@group-C5BA1605619E: changes role from  FOLLOWER to CANDIDATE at term 0 for changeToCandidate
2025-05-08 12:13:54,369 [om1@group-C5BA1605619E-FollowerState] INFO  server.RaftServerConfigKeys (ConfUtils.java:logGet(46)) - raft.server.leaderelection.pre-vote = true (default)
2025-05-08 12:13:54,369 [om1@group-C5BA1605619E-FollowerState] INFO  impl.RoleInfo (RoleInfo.java:updateAndGet(148)) - om1: start om1@group-C5BA1605619E-LeaderElection3
2025-05-08 12:13:54,370 [om1@group-C5BA1605619E-LeaderElection3] INFO  impl.LeaderElection (LeaderElection.java:askForVotes(332)) - om1@group-C5BA1605619E-LeaderElection3 PRE_VOTE round 0: submit vote requests at term 0 for conf: {index: -1, cur=peers:[om1|localhost:15009]|listeners:[], old=null}
2025-05-08 12:13:54,370 [om1@group-C5BA1605619E-LeaderElection3] INFO  impl.LeaderElection (LeaderElection.java:askForVotes(334)) - om1@group-C5BA1605619E-LeaderElection3 PRE_VOTE round 0: result PASSED (term=0)
2025-05-08 12:13:54,371 [om1@group-C5BA1605619E-LeaderElection3] INFO  impl.LeaderElection (LeaderElection.java:askForVotes(332)) - om1@group-C5BA1605619E-LeaderElection3 ELECTION round 0: submit vote requests at term 1 for conf: {index: -1, cur=peers:[om1|localhost:15009]|listeners:[], old=null}
2025-05-08 12:13:54,371 [om1@group-C5BA1605619E-LeaderElection3] INFO  impl.LeaderElection (LeaderElection.java:askForVotes(334)) - om1@group-C5BA1605619E-LeaderElection3 ELECTION round 0: result PASSED (term=1)
2025-05-08 12:13:54,371 [om1@group-C5BA1605619E-LeaderElection3] INFO  impl.RoleInfo (RoleInfo.java:shutdownLeaderElection(141)) - om1: shutdown om1@group-C5BA1605619E-LeaderElection3
2025-05-08 12:13:54,372 [om1@group-C5BA1605619E-LeaderElection3] INFO  server.RaftServer$Division (RaftServerImpl.java:setRole(378)) - om1@group-C5BA1605619E: changes role from CANDIDATE to LEADER at term 1 for changeToLeader
2025-05-08 12:13:54,372 [om1@group-C5BA1605619E-LeaderElection3] INFO  server.RaftServerConfigKeys (ConfUtils.java:logGet(46)) - raft.server.staging.catchup.gap = 1000 (default)
2025-05-08 12:13:54,372 [om1@group-C5BA1605619E-LeaderElection3] INFO  server.RaftServerConfigKeys (ConfUtils.java:logGet(46)) - raft.server.write.element-limit = 4096 (default)
2025-05-08 12:13:54,372 [om1@group-C5BA1605619E-LeaderElection3] INFO  server.RaftServerConfigKeys (ConfUtils.java:logGet(46)) - raft.server.write.byte-limit = 64MB (=67108864) (default)
2025-05-08 12:13:54,373 [om1@group-C5BA1605619E-LeaderElection3] INFO  server.RaftServerConfigKeys (ConfUtils.java:logGet(46)) - raft.server.watch.timeout = 10s (default)
2025-05-08 12:13:54,373 [om1@group-C5BA1605619E-LeaderElection3] INFO  server.RaftServerConfigKeys (ConfUtils.java:logGet(46)) - raft.server.watch.timeout.denomination = 1s (default)
2025-05-08 12:13:54,373 [om1@group-C5BA1605619E-LeaderElection3] INFO  server.RaftServerConfigKeys (ConfUtils.java:logGet(46)) - raft.server.watch.element-limit = 65536 (default)
2025-05-08 12:13:54,373 [om1@group-C5BA1605619E-LeaderElection3] INFO  server.RaftServerConfigKeys (ConfUtils.java:logGet(46)) - raft.server.read.leader.lease.enabled = false (default)
2025-05-08 12:13:54,374 [om1@group-C5BA1605619E-LeaderElection3] INFO  server.RaftServerConfigKeys (ConfUtils.java:logGet(46)) - raft.server.read.leader.lease.timeout.ratio = 0.9 (default)
2025-05-08 12:13:54,374 [om1@group-C5BA1605619E-LeaderElection3] INFO  server.RaftServerConfigKeys (ConfUtils.java:logGet(46)) - raft.server.rpc.timeout.min = 1s (custom)
2025-05-08 12:13:54,374 [om1@group-C5BA1605619E-LeaderElection3] INFO  server.RaftServerConfigKeys (ConfUtils.java:logGet(46)) - raft.server.log.log-metadata.enabled = true (default)
2025-05-08 12:13:54,374 [om1@group-C5BA1605619E-LeaderElection3] INFO  server.RaftServerConfigKeys (ConfUtils.java:logGet(46)) - raft.server.write.element-limit = 4096 (default)
2025-05-08 12:13:54,374 [om1@group-C5BA1605619E-LeaderElection3] INFO  server.RaftServerConfigKeys (ConfUtils.java:logGet(46)) - raft.server.write.follower.gap.ratio.max = -1.0 (default)
2025-05-08 12:13:54,374 [om1@group-C5BA1605619E-LeaderElection3] INFO  impl.RoleInfo (RoleInfo.java:updateAndGet(148)) - om1: start om1@group-C5BA1605619E-LeaderStateImpl
2025-05-08 12:13:54,374 [om1@group-C5BA1605619E-LeaderElection3] INFO  server.RaftServer$Division (RaftServerImpl.java:setFirstElection(562)) - om1@group-C5BA1605619E: set firstElectionSinceStartup to false for becomeLeader
2025-05-08 12:13:54,376 [om1@group-C5BA1605619E-LeaderElection3] INFO  ratis.OzoneManagerStateMachine (OzoneManagerStateMachine.java:notifyLeaderChanged(174)) - om1@group-C5BA1605619E: leader changed to om1
2025-05-08 12:13:54,376 [om1@group-C5BA1605619E-LeaderElection3] INFO  server.RaftServer$Division (ServerState.java:setLeader(272)) - om1@group-C5BA1605619E: change Leader from null to om1 at term 1 for becomeLeader, leader elected after 2234ms
2025-05-08 12:13:54,376 [om1@group-C5BA1605619E-LeaderElection3] INFO  segmented.SegmentedRaftLogWorker (SegmentedRaftLogWorker.java:startLogSegment(438)) - om1@group-C5BA1605619E-SegmentedRaftLogWorker: Starting segment from index:0
2025-05-08 12:13:54,377 [om1@group-C5BA1605619E-LeaderElection3] INFO  server.RaftServer$Division (ServerState.java:setRaftConf(386)) - om1@group-C5BA1605619E: set configuration conf: {index: 0, cur=peers:[om1|localhost:15009]|listeners:[], old=null}
2025-05-08 12:13:54,377 [om1@group-C5BA1605619E-SegmentedRaftLogWorker] INFO  segmented.BufferedWriteChannel (BufferedWriteChannel.java:open(61)) - open log_inprogress_0 at position 0
2025-05-08 12:13:54,385 [om1@group-C5BA1605619E-SegmentedRaftLogWorker] INFO  segmented.SegmentedRaftLogWorker (SegmentedRaftLogWorker.java:execute(644)) - om1@group-C5BA1605619E-SegmentedRaftLogWorker: created new log segment /home/runner/work/ozone/ozone/hadoop-ozone/integration-test/target/test-dir/MiniOzoneClusterImpl-efc39a28-6472-4ee4-b6fc-2c7f8ca0458d/ozone-meta/ratis/bf265839-605b-3f16-9796-c5ba1605619e/current/log_inprogress_0
2025-05-08 12:13:54,387 [om1@group-C5BA1605619E-StateMachineUpdater] INFO  ratis.OzoneManagerStateMachine (OzoneManagerStateMachine.java:notifyConfigurationChanged(236)) - notifyConfigurationChanged from Ratis: term=1, index=0, New Peer list: om1(localhost:15009)
2025-05-08 12:13:54,388 [om1@group-C5BA1605619E-StateMachineUpdater] INFO  server.RaftServer$Division (LeaderStateImpl.java:checkStartIndex(313)) - Leader om1@group-C5BA1605619E-LeaderStateImpl is ready since appliedIndex == startIndex == 0
2025-05-08 12:13:54,431 [main] INFO  handler.ContextHandler (ContextHandler.java:doStart(921)) - Started o.e.j.w.WebAppContext@368d76d7{hddsDatanode,/,file:///home/runner/work/ozone/ozone/hadoop-ozone/integration-test/target/test-dir/MiniOzoneClusterImpl-efc39a28-6472-4ee4-b6fc-2c7f8ca0458d/ozone-meta/datanode-3/meta/webserver/jetty-0_0_0_0-15026-hdds-container-service-2_1_0-SNAPSHOT_jar-_-any-1996488492060662326/webapp/,AVAILABLE}{jar:file:/home/runner/work/ozone/ozone/hadoop-hdds/container-service/target/hdds-container-service-2.1.0-SNAPSHOT.jar!/webapps/hddsDatanode}
2025-05-08 12:13:54,432 [main] INFO  server.AbstractConnector (AbstractConnector.java:doStart(333)) - Started ServerConnector@656096e1{HTTP/1.1, (http/1.1)}{0.0.0.0:15026}
2025-05-08 12:13:54,432 [main] INFO  server.Server (Server.java:doStart(415)) - Started @11743ms
2025-05-08 12:13:54,432 [main] WARN  impl.MetricsSystemImpl (MetricsSystemImpl.java:register(279)) - Sink prometheus already exists!
2025-05-08 12:13:54,433 [main] INFO  http.BaseHttpServer (BaseHttpServer.java:updateConnectorAddress(359)) - HTTP server of hddsDatanode listening at http://0.0.0.0:15026
2025-05-08 12:13:54,433 [main] INFO  ipc.CallQueueManager (CallQueueManager.java:<init>(93)) - Using callQueue: class java.util.concurrent.LinkedBlockingQueue, queueCapacity: 1000, scheduler: class org.apache.hadoop.ipc.DefaultRpcScheduler, ipcBackoff: false, ipcFailOver: false.
2025-05-08 12:13:54,433 [main] INFO  ipc.Server (Server.java:<init>(1438)) - Listener at 0.0.0.0:15027
2025-05-08 12:13:54,434 [Socket Reader #1 for port 15027] INFO  ipc.Server (Server.java:run(1474)) - Starting Socket Reader #1 for port 15027
2025-05-08 12:13:54,434 [Socket Reader #2 for port 15027] INFO  ipc.Server (Server.java:run(1474)) - Starting Socket Reader #2 for port 15027
2025-05-08 12:13:54,434 [Socket Reader #3 for port 15027] INFO  ipc.Server (Server.java:run(1474)) - Starting Socket Reader #3 for port 15027
2025-05-08 12:13:54,434 [Socket Reader #4 for port 15027] INFO  ipc.Server (Server.java:run(1474)) - Starting Socket Reader #4 for port 15027
2025-05-08 12:13:54,435 [Socket Reader #5 for port 15027] INFO  ipc.Server (Server.java:run(1474)) - Starting Socket Reader #5 for port 15027
2025-05-08 12:13:54,435 [Socket Reader #6 for port 15027] INFO  ipc.Server (Server.java:run(1474)) - Starting Socket Reader #6 for port 15027
2025-05-08 12:13:54,435 [Socket Reader #7 for port 15027] INFO  ipc.Server (Server.java:run(1474)) - Starting Socket Reader #7 for port 15027
2025-05-08 12:13:54,435 [Socket Reader #8 for port 15027] INFO  ipc.Server (Server.java:run(1474)) - Starting Socket Reader #8 for port 15027
2025-05-08 12:13:54,435 [Socket Reader #9 for port 15027] INFO  ipc.Server (Server.java:run(1474)) - Starting Socket Reader #9 for port 15027
2025-05-08 12:13:54,435 [Socket Reader #10 for port 15027] INFO  ipc.Server (Server.java:run(1474)) - Starting Socket Reader #10 for port 15027
2025-05-08 12:13:54,437 [main] INFO  ozone.HddsDatanodeService (HddsDatanodeService.java:start(325)) - Datanode start with admins: [runner]
2025-05-08 12:13:54,437 [main] INFO  ozone.HddsDatanodeClientProtocolServer (HddsDatanodeClientProtocolServer.java:start(76)) - RPC server for Client /0.0.0.0:15027
2025-05-08 12:13:54,438 [IPC Server Responder] INFO  ipc.Server (Server.java:run(1713)) - IPC Server Responder: starting
2025-05-08 12:13:54,438 [IPC Server listener on 15027] INFO  ipc.Server (Server.java:run(1553)) - IPC Server listener on 15027: starting
2025-05-08 12:13:54,439 [main] WARN  dropwizard3.Dm3MetricRegistriesImpl (Dm3MetricRegistriesImpl.java:addReporterRegistration(114)) - New reporters are added after registries were created. Some metrics will be missing from the reporter. Please add reporter before adding any new registry.
2025-05-08 12:13:54,439 [main] WARN  dropwizard3.Dm3MetricRegistriesImpl (Dm3MetricRegistriesImpl.java:addReporterRegistration(114)) - New reporters are added after registries were created. Some metrics will be missing from the reporter. Please add reporter before adding any new registry.
2025-05-08 12:13:54,439 [main] INFO  impl.MetricsSystemImpl (MetricsSystemImpl.java:init(158)) - HddsDatanode metrics system started (again)
2025-05-08 12:13:54,441 [7c8f0716-ab75-44b9-b6ec-eb9ccd1caa65-DatanodeStateMachineDaemonThread] INFO  statemachine.DatanodeStateMachine (DatanodeStateMachine.java:startStateMachineThread(340)) - Ozone container server started.
2025-05-08 12:13:54,447 [7c8f0716-ab75-44b9-b6ec-eb9ccd1caa65-DatanodeStateMachineTaskThread-0] INFO  datanode.InitDatanodeState (InitDatanodeState.java:persistContainerDatanodeDetails(139)) - DatanodeDetails is persisted to /home/runner/work/ozone/ozone/hadoop-ozone/integration-test/target/test-dir/MiniOzoneClusterImpl-efc39a28-6472-4ee4-b6fc-2c7f8ca0458d/ozone-meta/datanode-3/meta/datanode.id
2025-05-08 12:13:54,452 [main] INFO  protocol.DatanodeDetails (DatanodeDetails.java:validateDatanodeIpAddress(199)) - Updating IP address of datanode 2ac133fa-68ef-4921-8bb4-d040b7072d41(fv-az1940-623.0zbqxzsnpk4e1nv31zgfd13wxg.dx.internal.cloudapp.net/null) to 10.1.0.147
2025-05-08 12:13:54,452 [main] INFO  ozone.HddsDatanodeService (HddsDatanodeService.java:start(234)) - HddsDatanodeService 2ac133fa-68ef-4921-8bb4-d040b7072d41(fv-az1940-623.0zbqxzsnpk4e1nv31zgfd13wxg.dx.internal.cloudapp.net/10.1.0.147)
2025-05-08 12:13:54,455 [main] INFO  upgrade.AbstractLayoutVersionManager (AbstractLayoutVersionManager.java:init(80)) - Initializing Layout version manager with metadata layout = HBASE_SUPPORT (version = 8), software layout = HBASE_SUPPORT (version = 8)
2025-05-08 12:13:54,456 [main] INFO  statemachine.DatanodeStateMachine (DatanodeStateMachine.java:getEndPointTaskThreadPoolSize(298)) - Datanode State Machine Task Thread Pool size 2
2025-05-08 12:13:54,461 [main] INFO  volume.HddsVolume (HddsVolume.java:<init>(158)) - HddsVolume: { id=DS-5286b461-b285-4055-ad18-1f13bb394275 dir=/home/runner/work/ozone/ozone/hadoop-ozone/integration-test/target/test-dir/MiniOzoneClusterImpl-efc39a28-6472-4ee4-b6fc-2c7f8ca0458d/ozone-meta/datanode-4/data-0/hdds type=DISK capacity=9222449699674390527 used=0 available=9222449699674390527 minFree=5368709120 committed=0 }
2025-05-08 12:13:54,462 [main] INFO  volume.MutableVolumeSet (MutableVolumeSet.java:initializeVolumeSet(166)) - Added Volume : /home/runner/work/ozone/ozone/hadoop-ozone/integration-test/target/test-dir/MiniOzoneClusterImpl-efc39a28-6472-4ee4-b6fc-2c7f8ca0458d/ozone-meta/datanode-4/data-0/hdds to VolumeSet
2025-05-08 12:13:54,463 [main] INFO  volume.MutableVolumeSet (MutableVolumeSet.java:initializeVolumeSet(166)) - Added Volume : /home/runner/work/ozone/ozone/hadoop-ozone/integration-test/target/test-dir/MiniOzoneClusterImpl-efc39a28-6472-4ee4-b6fc-2c7f8ca0458d/ozone-meta/datanode-4/ratis to VolumeSet
2025-05-08 12:13:54,464 [main] INFO  ozoneimpl.OzoneContainer (HddsVolumeUtil.java:loadAllHddsVolumeDbStore(102)) - Load 1 volumes DbStore cost: 0ms
2025-05-08 12:13:54,465 [main] WARN  db.DBStoreBuilder (DBStoreBuilder.java:getDBDirPath(160)) - ozone.scm.datanode.id.dir is not configured. We recommend adding this setting. Falling back to ozone.metadata.dirs instead.
2025-05-08 12:13:54,466 [main] WARN  db.DBStoreBuilder (DBStoreBuilder.java:getDBDirPath(160)) - ozone.scm.datanode.id.dir is not configured. We recommend adding this setting. Falling back to ozone.metadata.dirs instead.
2025-05-08 12:13:54,486 [main] INFO  impl.FilePerChunkStrategy (FilePerChunkStrategy.java:<init>(79)) - ozone.chunk.read.mapped.buffer.max.count is load with 0
2025-05-08 12:13:54,486 [main] INFO  impl.FilePerBlockStrategy (FilePerBlockStrategy.java:<init>(87)) - ozone.chunk.read.mapped.buffer.max.count is load with 0
2025-05-08 12:13:54,488 [main] INFO  server.RaftServerConfigKeys (ConfUtils.java:logGet(46)) - raft.server.log.appender.buffer.byte-limit = 33554432 (custom)
2025-05-08 12:13:54,490 [main] INFO  server.RaftServer (ConfUtils.java:logGet(46)) - raft.rpc.type = GRPC (default)
2025-05-08 12:13:54,490 [main] INFO  grpc.GrpcConfigKeys (ConfUtils.java:logFallback(53)) - raft.grpc.admin.host = null (fallback to raft.grpc.server.host)
2025-05-08 12:13:54,490 [main] INFO  grpc.GrpcConfigKeys (ConfUtils.java:logGet(46)) - raft.grpc.admin.port = 15038 (custom)
2025-05-08 12:13:54,490 [main] INFO  grpc.GrpcConfigKeys (ConfUtils.java:logFallback(53)) - raft.grpc.client.host = null (fallback to raft.grpc.server.host)
2025-05-08 12:13:54,490 [main] INFO  grpc.GrpcConfigKeys (ConfUtils.java:logGet(46)) - raft.grpc.client.port = 15037 (custom)
2025-05-08 12:13:54,491 [main] INFO  grpc.GrpcConfigKeys (ConfUtils.java:logGet(46)) - raft.grpc.server.host = null (default)
2025-05-08 12:13:54,491 [main] INFO  grpc.GrpcConfigKeys (ConfUtils.java:logGet(46)) - raft.grpc.server.port = 15039 (custom)
2025-05-08 12:13:54,491 [main] INFO  server.GrpcService (ConfUtils.java:logGet(46)) - raft.grpc.message.size.max = 34603008 (custom)
2025-05-08 12:13:54,491 [main] INFO  server.GrpcService (ConfUtils.java:logGet(46)) - raft.grpc.flow.control.window = 5MB (=5242880) (custom)
2025-05-08 12:13:54,491 [main] INFO  server.RaftServerConfigKeys (ConfUtils.java:logGet(46)) - raft.server.rpc.request.timeout = 60s (custom)
2025-05-08 12:13:54,491 [main] INFO  grpc.GrpcConfigKeys (ConfUtils.java:logGet(46)) - raft.grpc.server.heartbeat.channel = true (default)
2025-05-08 12:13:54,491 [main] INFO  server.RaftServerConfigKeys (ConfUtils.java:logGet(46)) - raft.server.log.appender.buffer.byte-limit = 33554432 (custom)
2025-05-08 12:13:54,491 [main] INFO  grpc.GrpcConfigKeys (ConfUtils.java:logGet(46)) - raft.grpc.server.async.request.thread.pool.cached = true (default)
2025-05-08 12:13:54,492 [main] INFO  grpc.GrpcConfigKeys (ConfUtils.java:logGet(46)) - raft.grpc.server.async.request.thread.pool.size = 32 (default)
2025-05-08 12:13:54,493 [main] INFO  impl.DataStreamServerImpl (ConfUtils.java:logGet(46)) - raft.datastream.type = NETTY (custom)
2025-05-08 12:13:54,494 [main] INFO  server.RaftServerConfigKeys (ConfUtils.java:logGet(46)) - raft.server.data-stream.async.request.thread.pool.cached = false (default)
2025-05-08 12:13:54,494 [main] INFO  server.RaftServerConfigKeys (ConfUtils.java:logGet(46)) - raft.server.data-stream.async.request.thread.pool.size = 20 (custom)
2025-05-08 12:13:54,494 [main] INFO  server.RaftServerConfigKeys (ConfUtils.java:logGet(46)) - raft.server.data-stream.async.write.thread.pool.size = 16 (default)
2025-05-08 12:13:54,495 [main] INFO  netty.NettyConfigKeys$DataStream (ConfUtils.java:logGet(46)) - raft.netty.dataStream.server.channel.inactive.grace-period = 10min (default)
2025-05-08 12:13:54,495 [main] INFO  server.RaftServerConfigKeys (ConfUtils.java:logGet(46)) - raft.server.data-stream.client.pool.size = 10 (default)
2025-05-08 12:13:54,495 [main] INFO  netty.NettyConfigKeys$DataStream (ConfUtils.java:logGet(46)) - raft.netty.dataStream.server.use-epoll = true (default)
2025-05-08 12:13:54,495 [main] INFO  netty.NettyConfigKeys$DataStream (ConfUtils.java:logGet(46)) - raft.netty.dataStream.server.boss-group.size = 0 (default)
2025-05-08 12:13:54,495 [main] INFO  netty.NettyUtils (NettyUtils.java:newEventLoopGroup(74)) - Create EpollEventLoopGroup for 2ac133fa-68ef-4921-8bb4-d040b7072d41-NettyServerStreamRpc-bossGroup; Thread size is 0.
2025-05-08 12:13:54,496 [main] INFO  netty.NettyConfigKeys$DataStream (ConfUtils.java:logGet(46)) - raft.netty.dataStream.server.worker-group.size = 0 (default)
2025-05-08 12:13:54,496 [main] INFO  netty.NettyUtils (NettyUtils.java:newEventLoopGroup(74)) - Create EpollEventLoopGroup for 2ac133fa-68ef-4921-8bb4-d040b7072d41-NettyServerStreamRpc-workerGroup; Thread size is 0.
2025-05-08 12:13:54,497 [main] INFO  netty.NettyConfigKeys$DataStream (ConfUtils.java:logGet(46)) - raft.netty.dataStream.server.tls.conf = null (default)
2025-05-08 12:13:54,497 [main] INFO  netty.NettyConfigKeys$DataStream (ConfUtils.java:logGet(46)) - raft.netty.dataStream.host = null (default)
2025-05-08 12:13:54,497 [main] INFO  netty.NettyConfigKeys$DataStream (ConfUtils.java:logGet(46)) - raft.netty.dataStream.port = 15040 (custom)
2025-05-08 12:13:54,498 [main] INFO  server.RaftServerConfigKeys (ConfUtils.java:logGet(46)) - raft.server.sleep.deviation.threshold = 300ms (default)
2025-05-08 12:13:54,498 [main] INFO  server.RaftServerConfigKeys (ConfUtils.java:logGet(46)) - raft.server.close.threshold = 60s (default)
2025-05-08 12:13:54,498 [main] INFO  server.RaftServerConfigKeys (ConfUtils.java:logGet(46)) - raft.server.leaderelection.leader.step-down.wait-time = 10s (default)
2025-05-08 12:13:54,498 [main] INFO  server.RaftServerConfigKeys (ConfUtils.java:logGet(46)) - raft.server.storage.dir = [/home/runner/work/ozone/ozone/hadoop-ozone/integration-test/target/test-dir/MiniOzoneClusterImpl-efc39a28-6472-4ee4-b6fc-2c7f8ca0458d/ozone-meta/datanode-4/ratis] (custom)
2025-05-08 12:13:54,498 [main] INFO  server.RaftServerConfigKeys (ConfUtils.java:logGet(46)) - raft.server.threadpool.proxy.cached = true (default)
2025-05-08 12:13:54,498 [main] INFO  server.RaftServerConfigKeys (ConfUtils.java:logGet(46)) - raft.server.threadpool.proxy.size = 0 (default)
2025-05-08 12:13:54,498 [2ac133fa-68ef-4921-8bb4-d040b7072d41-NettyServerStreamRpc-bossGroup--thread1] INFO  logging.LoggingHandler (AbstractInternalLogger.java:log(148)) - [id: 0x20078aef] REGISTERED
2025-05-08 12:13:54,499 [2ac133fa-68ef-4921-8bb4-d040b7072d41-NettyServerStreamRpc-bossGroup--thread1] INFO  logging.LoggingHandler (AbstractInternalLogger.java:log(148)) - [id: 0x20078aef] BIND: 0.0.0.0/0.0.0.0:15040
2025-05-08 12:13:54,499 [2ac133fa-68ef-4921-8bb4-d040b7072d41-NettyServerStreamRpc-bossGroup--thread1] INFO  logging.LoggingHandler (AbstractInternalLogger.java:log(148)) - [id: 0x20078aef, L:/0.0.0.0:15040] ACTIVE
2025-05-08 12:13:54,499 [2ac133fa-68ef-4921-8bb4-d040b7072d41-impl-thread1] INFO  server.RaftServer (RaftServerProxy.java:initGroupDir(265)) - 2ac133fa-68ef-4921-8bb4-d040b7072d41: found a subdirectory /home/runner/work/ozone/ozone/hadoop-ozone/integration-test/target/test-dir/MiniOzoneClusterImpl-efc39a28-6472-4ee4-b6fc-2c7f8ca0458d/ozone-meta/datanode-4/ratis/tmp
2025-05-08 12:13:54,500 [2ac133fa-68ef-4921-8bb4-d040b7072d41-impl-thread1] INFO  server.RaftServer (RaftServerProxy.java:initGroupDir(270)) - 2ac133fa-68ef-4921-8bb4-d040b7072d41: The directory /home/runner/work/ozone/ozone/hadoop-ozone/integration-test/target/test-dir/MiniOzoneClusterImpl-efc39a28-6472-4ee4-b6fc-2c7f8ca0458d/ozone-meta/datanode-4/ratis/tmp is not a group directory; ignoring it. 
2025-05-08 12:13:54,500 [main] INFO  replication.ReplicationServer (ReplicationServer.java:<init>(84)) - Initializing replication server with thread count = 10 queue length = 4096
2025-05-08 12:13:54,502 [main] INFO  server.XceiverServerGrpc (XceiverServerGrpc.java:<init>(131)) - GrpcServer channel type EpollServerSocketChannel
2025-05-08 12:13:54,504 [main] INFO  replication.ReplicationSupervisor (ReplicationSupervisor.java:build(169)) - Initializing replication supervisor with thread count = 10
2025-05-08 12:13:54,504 [main] INFO  replication.ReplicationSupervisor (ReplicationSupervisor.java:nodeStateUpdated(358)) - Node state updated to IN_SERVICE, scaling executor pool size to 10
2025-05-08 12:13:54,507 [main] INFO  http.BaseHttpServer (BaseHttpServer.java:newHttpServer2BuilderForOzone(229)) - Starting Web-server for hddsDatanode at: http://0.0.0.0:15034
2025-05-08 12:13:54,507 [main] INFO  http.BaseHttpServer (BaseHttpServer.java:<init>(107)) - Hadoop Security Enabled: false Ozone Security Enabled: false Ozone HTTP Security Enabled: false 
2025-05-08 12:13:54,509 [main] WARN  server.AuthenticationFilter (AuthenticationFilter.java:constructSecretProvider(240)) - Unable to initialize FileSignerSecretProvider, falling back to use random secrets. Reason: Could not read signature secret file: /home/runner/hadoop-http-auth-signature-secret
2025-05-08 12:13:54,512 [main] INFO  http.HttpServer2 (HttpServer2.java:addGlobalFilter(1042)) - Added global filter 'safety' (class=org.apache.hadoop.hdds.server.http.HttpServer2$QuotingInputFilter)
2025-05-08 12:13:54,514 [main] INFO  http.HttpServer2 (HttpServer2.java:addFilter(1018)) - Added filter static_user_filter (class=org.apache.hadoop.http.lib.StaticUserWebFilter$StaticUserFilter) to context hddsDatanode
2025-05-08 12:13:54,515 [main] INFO  http.HttpServer2 (HttpServer2.java:addFilter(1026)) - Added filter static_user_filter (class=org.apache.hadoop.http.lib.StaticUserWebFilter$StaticUserFilter) to context static
2025-05-08 12:13:54,515 [main] INFO  http.HttpServer2 (HttpServer2.java:addFilter(1026)) - Added filter static_user_filter (class=org.apache.hadoop.http.lib.StaticUserWebFilter$StaticUserFilter) to context logs
2025-05-08 12:13:54,515 [main] INFO  http.BaseHttpServer (BaseHttpServer.java:<init>(195)) - HTTP server of hddsDatanode uses base directory /home/runner/work/ozone/ozone/hadoop-ozone/integration-test/target/test-dir/MiniOzoneClusterImpl-efc39a28-6472-4ee4-b6fc-2c7f8ca0458d/ozone-meta/datanode-4/meta/webserver
2025-05-08 12:13:54,516 [main] INFO  http.HttpServer2 (HttpServer2.java:bindListener(1242)) - Jetty bound to port 15034
2025-05-08 12:13:54,516 [main] INFO  server.Server (Server.java:doStart(375)) - jetty-9.4.57.v20241219; built: 2025-01-08T21:24:30.412Z; git: df524e6b29271c2e09ba9aea83c18dc9db464a31; jvm 21.0.7+6-LTS
2025-05-08 12:13:54,518 [main] INFO  server.session (DefaultSessionIdManager.java:doStart(334)) - DefaultSessionIdManager workerName=node0
2025-05-08 12:13:54,519 [main] INFO  server.session (DefaultSessionIdManager.java:doStart(339)) - No SessionScavenger set, using defaults
2025-05-08 12:13:54,519 [main] INFO  server.session (HouseKeeper.java:startScavenging(132)) - node0 Scavenging every 600000ms
2025-05-08 12:13:54,520 [main] INFO  handler.ContextHandler (ContextHandler.java:doStart(921)) - Started o.e.j.s.ServletContextHandler@270741c2{logs,/logs,file:///home/runner/work/ozone/ozone/hadoop-ozone/integration-test/target/log,AVAILABLE}
2025-05-08 12:13:54,520 [main] INFO  handler.ContextHandler (ContextHandler.java:doStart(921)) - Started o.e.j.s.ServletContextHandler@289d98a{static,/static,jar:file:/home/runner/work/ozone/ozone/hadoop-hdds/container-service/target/hdds-container-service-2.1.0-SNAPSHOT.jar!/webapps/static,AVAILABLE}
2025-05-08 12:13:54,567 [73de0732-aa09-4d2e-8ccf-f79b8b9cbabe-EndpointStateMachineTaskThread-/0.0.0.0:15002-0 ] INFO  utils.DatanodeStoreCache (DatanodeStoreCache.java:addDB(70)) - Added db /home/runner/work/ozone/ozone/hadoop-ozone/integration-test/target/test-dir/MiniOzoneClusterImpl-efc39a28-6472-4ee4-b6fc-2c7f8ca0458d/ozone-meta/datanode-1/data-0/hdds/efc39a28-6472-4ee4-b6fc-2c7f8ca0458d/DS-4211fdd9-5955-441a-99da-f9a72912602a/container.db to cache
2025-05-08 12:13:54,567 [73de0732-aa09-4d2e-8ccf-f79b8b9cbabe-EndpointStateMachineTaskThread-/0.0.0.0:15002-0 ] INFO  volume.HddsVolume (HddsVolume.java:createDbStore(510)) - SchemaV3 db is created and loaded at /home/runner/work/ozone/ozone/hadoop-ozone/integration-test/target/test-dir/MiniOzoneClusterImpl-efc39a28-6472-4ee4-b6fc-2c7f8ca0458d/ozone-meta/datanode-1/data-0/hdds/efc39a28-6472-4ee4-b6fc-2c7f8ca0458d/DS-4211fdd9-5955-441a-99da-f9a72912602a/container.db for volume DS-4211fdd9-5955-441a-99da-f9a72912602a
2025-05-08 12:13:54,576 [73de0732-aa09-4d2e-8ccf-f79b8b9cbabe-ContainerReader-0] INFO  ozoneimpl.ContainerReader (ContainerReader.java:readVolume(144)) - Start to verify containers on volume /home/runner/work/ozone/ozone/hadoop-ozone/integration-test/target/test-dir/MiniOzoneClusterImpl-efc39a28-6472-4ee4-b6fc-2c7f8ca0458d/ozone-meta/datanode-1/data-0/hdds
2025-05-08 12:13:54,576 [73de0732-aa09-4d2e-8ccf-f79b8b9cbabe-ContainerReader-0] INFO  ozoneimpl.ContainerReader (ContainerReader.java:readVolume(174)) - Finish verifying containers on volume /home/runner/work/ozone/ozone/hadoop-ozone/integration-test/target/test-dir/MiniOzoneClusterImpl-efc39a28-6472-4ee4-b6fc-2c7f8ca0458d/ozone-meta/datanode-1/data-0/hdds
2025-05-08 12:13:54,578 [73de0732-aa09-4d2e-8ccf-f79b8b9cbabe-EndpointStateMachineTaskThread-/0.0.0.0:15002-0 ] INFO  ozoneimpl.OzoneContainer (OzoneContainer.java:buildContainerSet(364)) - Build ContainerSet costs 0s
2025-05-08 12:13:54,580 [73de0732-aa09-4d2e-8ccf-f79b8b9cbabe-EndpointStateMachineTaskThread-/0.0.0.0:15002-0 ] INFO  volume.ThrottledAsyncChecker (ThrottledAsyncChecker.java:schedule(138)) - Scheduling a check for /home/runner/work/ozone/ozone/hadoop-ozone/integration-test/target/test-dir/MiniOzoneClusterImpl-efc39a28-6472-4ee4-b6fc-2c7f8ca0458d/ozone-meta/datanode-1/data-0/hdds
2025-05-08 12:13:54,585 [73de0732-aa09-4d2e-8ccf-f79b8b9cbabe-EndpointStateMachineTaskThread-/0.0.0.0:15002-0 ] INFO  volume.StorageVolumeChecker (StorageVolumeChecker.java:checkAllVolumes(215)) - Scheduled health check for volume /home/runner/work/ozone/ozone/hadoop-ozone/integration-test/target/test-dir/MiniOzoneClusterImpl-efc39a28-6472-4ee4-b6fc-2c7f8ca0458d/ozone-meta/datanode-1/data-0/hdds
2025-05-08 12:13:54,593 [73de0732-aa09-4d2e-8ccf-f79b8b9cbabe-EndpointStateMachineTaskThread-/0.0.0.0:15002-0 ] INFO  volume.ThrottledAsyncChecker (ThrottledAsyncChecker.java:schedule(138)) - Scheduling a check for /home/runner/work/ozone/ozone/hadoop-ozone/integration-test/target/test-dir/MiniOzoneClusterImpl-efc39a28-6472-4ee4-b6fc-2c7f8ca0458d/ozone-meta/datanode-1/ratis
2025-05-08 12:13:54,593 [73de0732-aa09-4d2e-8ccf-f79b8b9cbabe-EndpointStateMachineTaskThread-/0.0.0.0:15002-0 ] INFO  volume.StorageVolumeChecker (StorageVolumeChecker.java:checkAllVolumes(215)) - Scheduled health check for volume /home/runner/work/ozone/ozone/hadoop-ozone/integration-test/target/test-dir/MiniOzoneClusterImpl-efc39a28-6472-4ee4-b6fc-2c7f8ca0458d/ozone-meta/datanode-1/ratis
2025-05-08 12:13:54,594 [73de0732-aa09-4d2e-8ccf-f79b8b9cbabe-EndpointStateMachineTaskThread-/0.0.0.0:15002-0 ] INFO  ozoneimpl.OzoneContainer (OzoneContainer.java:start(512)) - Attempting to start container services.
2025-05-08 12:13:54,603 [ContainerMetadataScanner] INFO  ozoneimpl.AbstractBackgroundContainerScanner (AbstractBackgroundContainerScanner.java:runIteration(89)) - Completed an iteration in 0 minutes. Number of iterations (since the data-node restart) : 1, Number of containers scanned in this iteration : 0, Number of unhealthy containers found in this iteration : 0
2025-05-08 12:13:54,606 [ContainerDataScanner(/home/runner/work/ozone/ozone/hadoop-ozone/integration-test/target/test-dir/MiniOzoneClusterImpl-efc39a28-6472-4ee4-b6fc-2c7f8ca0458d/ozone-meta/datanode-1/data-0/hdds)] INFO  ozoneimpl.AbstractBackgroundContainerScanner (AbstractBackgroundContainerScanner.java:runIteration(89)) - Completed an iteration in 0 minutes. Number of iterations (since the data-node restart) : 1, Number of containers scanned in this iteration : 0, Number of unhealthy containers found in this iteration : 0
2025-05-08 12:13:54,607 [73de0732-aa09-4d2e-8ccf-f79b8b9cbabe-EndpointStateMachineTaskThread-/0.0.0.0:15002-0 ] INFO  replication.ReplicationServer (ReplicationServer.java:start(137)) - ReplicationServer is started using port 15017
2025-05-08 12:13:54,608 [73de0732-aa09-4d2e-8ccf-f79b8b9cbabe-EndpointStateMachineTaskThread-/0.0.0.0:15002-0 ] INFO  ratis.XceiverServerRatis (XceiverServerRatis.java:start(559)) - Starting XceiverServerRatis(73de0732-aa09-4d2e-8ccf-f79b8b9cbabe)
2025-05-08 12:13:54,609 [73de0732-aa09-4d2e-8ccf-f79b8b9cbabe-EndpointStateMachineTaskThread-/0.0.0.0:15002-0 ] INFO  server.RaftServer (RaftServerProxy.java:startImpl(407)) - 73de0732-aa09-4d2e-8ccf-f79b8b9cbabe: start RPC server
2025-05-08 12:13:54,610 [73de0732-aa09-4d2e-8ccf-f79b8b9cbabe-EndpointStateMachineTaskThread-/0.0.0.0:15002-0 ] INFO  server.GrpcService (GrpcService.java:startImpl(334)) - 73de0732-aa09-4d2e-8ccf-f79b8b9cbabe: GrpcService started, listening on 15013
2025-05-08 12:13:54,610 [73de0732-aa09-4d2e-8ccf-f79b8b9cbabe-EndpointStateMachineTaskThread-/0.0.0.0:15002-0 ] INFO  server.GrpcService (GrpcService.java:startImpl(334)) - 73de0732-aa09-4d2e-8ccf-f79b8b9cbabe: GrpcService started, listening on 15015
2025-05-08 12:13:54,611 [73de0732-aa09-4d2e-8ccf-f79b8b9cbabe-EndpointStateMachineTaskThread-/0.0.0.0:15002-0 ] INFO  server.GrpcService (GrpcService.java:startImpl(334)) - 73de0732-aa09-4d2e-8ccf-f79b8b9cbabe: GrpcService started, listening on 15014
2025-05-08 12:13:54,612 [73de0732-aa09-4d2e-8ccf-f79b8b9cbabe-EndpointStateMachineTaskThread-/0.0.0.0:15002-0 ] INFO  ratis.XceiverServerRatis (XceiverServerRatis.java:getRealPort(586)) - XceiverServerRatis(73de0732-aa09-4d2e-8ccf-f79b8b9cbabe) is started using port RATIS=15013
2025-05-08 12:13:54,612 [JvmPauseMonitor3] INFO  util.JvmPauseMonitor (JvmPauseMonitor.java:run(146)) - JvmPauseMonitor-73de0732-aa09-4d2e-8ccf-f79b8b9cbabe: Started
2025-05-08 12:13:54,612 [73de0732-aa09-4d2e-8ccf-f79b8b9cbabe-EndpointStateMachineTaskThread-/0.0.0.0:15002-0 ] INFO  ratis.XceiverServerRatis (XceiverServerRatis.java:getRealPort(586)) - XceiverServerRatis(73de0732-aa09-4d2e-8ccf-f79b8b9cbabe) is started using port RATIS_ADMIN=15014
2025-05-08 12:13:54,612 [73de0732-aa09-4d2e-8ccf-f79b8b9cbabe-EndpointStateMachineTaskThread-/0.0.0.0:15002-0 ] INFO  ratis.XceiverServerRatis (XceiverServerRatis.java:getRealPort(586)) - XceiverServerRatis(73de0732-aa09-4d2e-8ccf-f79b8b9cbabe) is started using port RATIS_SERVER=15015
2025-05-08 12:13:54,612 [73de0732-aa09-4d2e-8ccf-f79b8b9cbabe-EndpointStateMachineTaskThread-/0.0.0.0:15002-0 ] INFO  ratis.XceiverServerRatis (XceiverServerRatis.java:getRealPort(586)) - XceiverServerRatis(73de0732-aa09-4d2e-8ccf-f79b8b9cbabe) is started using port RATIS_DATASTREAM=15016
2025-05-08 12:13:54,616 [73de0732-aa09-4d2e-8ccf-f79b8b9cbabe-BlockDeletingService#0] INFO  interfaces.ContainerDeletionChoosingPolicyTemplate (ContainerDeletionChoosingPolicyTemplate.java:chooseContainerForBlockDeletion(83)) - Chosen 0/5000 blocks from 0 candidate containers.
2025-05-08 12:13:54,676 [main] INFO  handler.ContextHandler (ContextHandler.java:doStart(921)) - Started o.e.j.w.WebAppContext@453d15d7{hddsDatanode,/,file:///home/runner/work/ozone/ozone/hadoop-ozone/integration-test/target/test-dir/MiniOzoneClusterImpl-efc39a28-6472-4ee4-b6fc-2c7f8ca0458d/ozone-meta/datanode-4/meta/webserver/jetty-0_0_0_0-15034-hdds-container-service-2_1_0-SNAPSHOT_jar-_-any-2669925639696515980/webapp/,AVAILABLE}{jar:file:/home/runner/work/ozone/ozone/hadoop-hdds/container-service/target/hdds-container-service-2.1.0-SNAPSHOT.jar!/webapps/hddsDatanode}
2025-05-08 12:13:54,677 [main] INFO  server.AbstractConnector (AbstractConnector.java:doStart(333)) - Started ServerConnector@5762dc14{HTTP/1.1, (http/1.1)}{0.0.0.0:15034}
2025-05-08 12:13:54,677 [main] INFO  server.Server (Server.java:doStart(415)) - Started @11988ms
2025-05-08 12:13:54,677 [main] WARN  impl.MetricsSystemImpl (MetricsSystemImpl.java:register(279)) - Sink prometheus already exists!
2025-05-08 12:13:54,677 [main] INFO  http.BaseHttpServer (BaseHttpServer.java:updateConnectorAddress(359)) - HTTP server of hddsDatanode listening at http://0.0.0.0:15034
2025-05-08 12:13:54,678 [main] INFO  ipc.CallQueueManager (CallQueueManager.java:<init>(93)) - Using callQueue: class java.util.concurrent.LinkedBlockingQueue, queueCapacity: 1000, scheduler: class org.apache.hadoop.ipc.DefaultRpcScheduler, ipcBackoff: false, ipcFailOver: false.
2025-05-08 12:13:54,678 [main] INFO  ipc.Server (Server.java:<init>(1438)) - Listener at 0.0.0.0:15035
2025-05-08 12:13:54,679 [Socket Reader #1 for port 15035] INFO  ipc.Server (Server.java:run(1474)) - Starting Socket Reader #1 for port 15035
2025-05-08 12:13:54,679 [Socket Reader #2 for port 15035] INFO  ipc.Server (Server.java:run(1474)) - Starting Socket Reader #2 for port 15035
2025-05-08 12:13:54,679 [Socket Reader #3 for port 15035] INFO  ipc.Server (Server.java:run(1474)) - Starting Socket Reader #3 for port 15035
2025-05-08 12:13:54,680 [Socket Reader #4 for port 15035] INFO  ipc.Server (Server.java:run(1474)) - Starting Socket Reader #4 for port 15035
2025-05-08 12:13:54,680 [Socket Reader #5 for port 15035] INFO  ipc.Server (Server.java:run(1474)) - Starting Socket Reader #5 for port 15035
2025-05-08 12:13:54,680 [Socket Reader #6 for port 15035] INFO  ipc.Server (Server.java:run(1474)) - Starting Socket Reader #6 for port 15035
2025-05-08 12:13:54,681 [Socket Reader #7 for port 15035] INFO  ipc.Server (Server.java:run(1474)) - Starting Socket Reader #7 for port 15035
2025-05-08 12:13:54,681 [Socket Reader #8 for port 15035] INFO  ipc.Server (Server.java:run(1474)) - Starting Socket Reader #8 for port 15035
2025-05-08 12:13:54,681 [Socket Reader #9 for port 15035] INFO  ipc.Server (Server.java:run(1474)) - Starting Socket Reader #9 for port 15035
2025-05-08 12:13:54,682 [Socket Reader #10 for port 15035] INFO  ipc.Server (Server.java:run(1474)) - Starting Socket Reader #10 for port 15035
2025-05-08 12:13:54,684 [main] INFO  ozone.HddsDatanodeService (HddsDatanodeService.java:start(325)) - Datanode start with admins: [runner]
2025-05-08 12:13:54,684 [main] INFO  ozone.HddsDatanodeClientProtocolServer (HddsDatanodeClientProtocolServer.java:start(76)) - RPC server for Client /0.0.0.0:15035
2025-05-08 12:13:54,684 [IPC Server Responder] INFO  ipc.Server (Server.java:run(1713)) - IPC Server Responder: starting
2025-05-08 12:13:54,684 [IPC Server listener on 15035] INFO  ipc.Server (Server.java:run(1553)) - IPC Server listener on 15035: starting
2025-05-08 12:13:54,686 [main] WARN  dropwizard3.Dm3MetricRegistriesImpl (Dm3MetricRegistriesImpl.java:addReporterRegistration(114)) - New reporters are added after registries were created. Some metrics will be missing from the reporter. Please add reporter before adding any new registry.
2025-05-08 12:13:54,686 [main] WARN  dropwizard3.Dm3MetricRegistriesImpl (Dm3MetricRegistriesImpl.java:addReporterRegistration(114)) - New reporters are added after registries were created. Some metrics will be missing from the reporter. Please add reporter before adding any new registry.
2025-05-08 12:13:54,687 [main] INFO  impl.MetricsSystemImpl (MetricsSystemImpl.java:init(158)) - HddsDatanode metrics system started (again)
2025-05-08 12:13:54,688 [2ac133fa-68ef-4921-8bb4-d040b7072d41-DatanodeStateMachineDaemonThread] INFO  statemachine.DatanodeStateMachine (DatanodeStateMachine.java:startStateMachineThread(340)) - Ozone container server started.
2025-05-08 12:13:54,693 [2ac133fa-68ef-4921-8bb4-d040b7072d41-DatanodeStateMachineTaskThread-0] INFO  datanode.InitDatanodeState (InitDatanodeState.java:persistContainerDatanodeDetails(139)) - DatanodeDetails is persisted to /home/runner/work/ozone/ozone/hadoop-ozone/integration-test/target/test-dir/MiniOzoneClusterImpl-efc39a28-6472-4ee4-b6fc-2c7f8ca0458d/ozone-meta/datanode-4/meta/datanode.id
2025-05-08 12:13:54,702 [main] INFO  protocol.DatanodeDetails (DatanodeDetails.java:validateDatanodeIpAddress(199)) - Updating IP address of datanode 39727330-a832-4a1a-a148-c345636681a8(fv-az1940-623.0zbqxzsnpk4e1nv31zgfd13wxg.dx.internal.cloudapp.net/null) to 10.1.0.147
2025-05-08 12:13:54,702 [main] INFO  ozone.HddsDatanodeService (HddsDatanodeService.java:start(234)) - HddsDatanodeService 39727330-a832-4a1a-a148-c345636681a8(fv-az1940-623.0zbqxzsnpk4e1nv31zgfd13wxg.dx.internal.cloudapp.net/10.1.0.147)
2025-05-08 12:13:54,704 [main] INFO  upgrade.AbstractLayoutVersionManager (AbstractLayoutVersionManager.java:init(80)) - Initializing Layout version manager with metadata layout = HBASE_SUPPORT (version = 8), software layout = HBASE_SUPPORT (version = 8)
2025-05-08 12:13:54,705 [main] INFO  statemachine.DatanodeStateMachine (DatanodeStateMachine.java:getEndPointTaskThreadPoolSize(298)) - Datanode State Machine Task Thread Pool size 2
2025-05-08 12:13:54,709 [main] INFO  volume.HddsVolume (HddsVolume.java:<init>(158)) - HddsVolume: { id=DS-05428703-01a5-4c71-876e-b6e065b827bd dir=/home/runner/work/ozone/ozone/hadoop-ozone/integration-test/target/test-dir/MiniOzoneClusterImpl-efc39a28-6472-4ee4-b6fc-2c7f8ca0458d/ozone-meta/datanode-5/data-0/hdds type=DISK capacity=9222449699674390527 used=0 available=9222449699674390527 minFree=5368709120 committed=0 }
2025-05-08 12:13:54,710 [main] INFO  volume.MutableVolumeSet (MutableVolumeSet.java:initializeVolumeSet(166)) - Added Volume : /home/runner/work/ozone/ozone/hadoop-ozone/integration-test/target/test-dir/MiniOzoneClusterImpl-efc39a28-6472-4ee4-b6fc-2c7f8ca0458d/ozone-meta/datanode-5/data-0/hdds to VolumeSet
2025-05-08 12:13:54,711 [main] INFO  volume.MutableVolumeSet (MutableVolumeSet.java:initializeVolumeSet(166)) - Added Volume : /home/runner/work/ozone/ozone/hadoop-ozone/integration-test/target/test-dir/MiniOzoneClusterImpl-efc39a28-6472-4ee4-b6fc-2c7f8ca0458d/ozone-meta/datanode-5/ratis to VolumeSet
2025-05-08 12:13:54,712 [main] INFO  ozoneimpl.OzoneContainer (HddsVolumeUtil.java:loadAllHddsVolumeDbStore(102)) - Load 1 volumes DbStore cost: 0ms
2025-05-08 12:13:54,712 [main] WARN  db.DBStoreBuilder (DBStoreBuilder.java:getDBDirPath(160)) - ozone.scm.datanode.id.dir is not configured. We recommend adding this setting. Falling back to ozone.metadata.dirs instead.
2025-05-08 12:13:54,713 [main] WARN  db.DBStoreBuilder (DBStoreBuilder.java:getDBDirPath(160)) - ozone.scm.datanode.id.dir is not configured. We recommend adding this setting. Falling back to ozone.metadata.dirs instead.
2025-05-08 12:13:54,732 [main] INFO  impl.FilePerChunkStrategy (FilePerChunkStrategy.java:<init>(79)) - ozone.chunk.read.mapped.buffer.max.count is load with 0
2025-05-08 12:13:54,734 [main] INFO  impl.FilePerBlockStrategy (FilePerBlockStrategy.java:<init>(87)) - ozone.chunk.read.mapped.buffer.max.count is load with 0
2025-05-08 12:13:54,737 [main] INFO  server.RaftServerConfigKeys (ConfUtils.java:logGet(46)) - raft.server.log.appender.buffer.byte-limit = 33554432 (custom)
2025-05-08 12:13:54,739 [main] INFO  server.RaftServer (ConfUtils.java:logGet(46)) - raft.rpc.type = GRPC (default)
2025-05-08 12:13:54,739 [main] INFO  grpc.GrpcConfigKeys (ConfUtils.java:logFallback(53)) - raft.grpc.admin.host = null (fallback to raft.grpc.server.host)
2025-05-08 12:13:54,739 [main] INFO  grpc.GrpcConfigKeys (ConfUtils.java:logGet(46)) - raft.grpc.admin.port = 15046 (custom)
2025-05-08 12:13:54,739 [main] INFO  grpc.GrpcConfigKeys (ConfUtils.java:logFallback(53)) - raft.grpc.client.host = null (fallback to raft.grpc.server.host)
2025-05-08 12:13:54,739 [main] INFO  grpc.GrpcConfigKeys (ConfUtils.java:logGet(46)) - raft.grpc.client.port = 15045 (custom)
2025-05-08 12:13:54,739 [main] INFO  grpc.GrpcConfigKeys (ConfUtils.java:logGet(46)) - raft.grpc.server.host = null (default)
2025-05-08 12:13:54,739 [main] INFO  grpc.GrpcConfigKeys (ConfUtils.java:logGet(46)) - raft.grpc.server.port = 15047 (custom)
2025-05-08 12:13:54,739 [main] INFO  server.GrpcService (ConfUtils.java:logGet(46)) - raft.grpc.message.size.max = 34603008 (custom)
2025-05-08 12:13:54,739 [main] INFO  server.GrpcService (ConfUtils.java:logGet(46)) - raft.grpc.flow.control.window = 5MB (=5242880) (custom)
2025-05-08 12:13:54,741 [main] INFO  server.RaftServerConfigKeys (ConfUtils.java:logGet(46)) - raft.server.rpc.request.timeout = 60s (custom)
2025-05-08 12:13:54,741 [main] INFO  grpc.GrpcConfigKeys (ConfUtils.java:logGet(46)) - raft.grpc.server.heartbeat.channel = true (default)
2025-05-08 12:13:54,742 [main] INFO  server.RaftServerConfigKeys (ConfUtils.java:logGet(46)) - raft.server.log.appender.buffer.byte-limit = 33554432 (custom)
2025-05-08 12:13:54,742 [main] INFO  grpc.GrpcConfigKeys (ConfUtils.java:logGet(46)) - raft.grpc.server.async.request.thread.pool.cached = true (default)
2025-05-08 12:13:54,742 [main] INFO  grpc.GrpcConfigKeys (ConfUtils.java:logGet(46)) - raft.grpc.server.async.request.thread.pool.size = 32 (default)
2025-05-08 12:13:54,744 [main] INFO  impl.DataStreamServerImpl (ConfUtils.java:logGet(46)) - raft.datastream.type = NETTY (custom)
2025-05-08 12:13:54,744 [main] INFO  server.RaftServerConfigKeys (ConfUtils.java:logGet(46)) - raft.server.data-stream.async.request.thread.pool.cached = false (default)
2025-05-08 12:13:54,744 [main] INFO  server.RaftServerConfigKeys (ConfUtils.java:logGet(46)) - raft.server.data-stream.async.request.thread.pool.size = 20 (custom)
2025-05-08 12:13:54,745 [main] INFO  server.RaftServerConfigKeys (ConfUtils.java:logGet(46)) - raft.server.data-stream.async.write.thread.pool.size = 16 (default)
2025-05-08 12:13:54,745 [main] INFO  netty.NettyConfigKeys$DataStream (ConfUtils.java:logGet(46)) - raft.netty.dataStream.server.channel.inactive.grace-period = 10min (default)
2025-05-08 12:13:54,745 [main] INFO  server.RaftServerConfigKeys (ConfUtils.java:logGet(46)) - raft.server.data-stream.client.pool.size = 10 (default)
2025-05-08 12:13:54,745 [main] INFO  netty.NettyConfigKeys$DataStream (ConfUtils.java:logGet(46)) - raft.netty.dataStream.server.use-epoll = true (default)
2025-05-08 12:13:54,745 [main] INFO  netty.NettyConfigKeys$DataStream (ConfUtils.java:logGet(46)) - raft.netty.dataStream.server.boss-group.size = 0 (default)
2025-05-08 12:13:54,745 [main] INFO  netty.NettyUtils (NettyUtils.java:newEventLoopGroup(74)) - Create EpollEventLoopGroup for 39727330-a832-4a1a-a148-c345636681a8-NettyServerStreamRpc-bossGroup; Thread size is 0.
2025-05-08 12:13:54,746 [main] INFO  netty.NettyConfigKeys$DataStream (ConfUtils.java:logGet(46)) - raft.netty.dataStream.server.worker-group.size = 0 (default)
2025-05-08 12:13:54,746 [main] INFO  netty.NettyUtils (NettyUtils.java:newEventLoopGroup(74)) - Create EpollEventLoopGroup for 39727330-a832-4a1a-a148-c345636681a8-NettyServerStreamRpc-workerGroup; Thread size is 0.
2025-05-08 12:13:54,746 [main] INFO  netty.NettyConfigKeys$DataStream (ConfUtils.java:logGet(46)) - raft.netty.dataStream.server.tls.conf = null (default)
2025-05-08 12:13:54,746 [main] INFO  netty.NettyConfigKeys$DataStream (ConfUtils.java:logGet(46)) - raft.netty.dataStream.host = null (default)
2025-05-08 12:13:54,747 [main] INFO  netty.NettyConfigKeys$DataStream (ConfUtils.java:logGet(46)) - raft.netty.dataStream.port = 15048 (custom)
2025-05-08 12:13:54,747 [main] INFO  server.RaftServerConfigKeys (ConfUtils.java:logGet(46)) - raft.server.sleep.deviation.threshold = 300ms (default)
2025-05-08 12:13:54,747 [39727330-a832-4a1a-a148-c345636681a8-NettyServerStreamRpc-bossGroup--thread1] INFO  logging.LoggingHandler (AbstractInternalLogger.java:log(148)) - [id: 0x0407f206] REGISTERED
2025-05-08 12:13:54,748 [39727330-a832-4a1a-a148-c345636681a8-NettyServerStreamRpc-bossGroup--thread1] INFO  logging.LoggingHandler (AbstractInternalLogger.java:log(148)) - [id: 0x0407f206] BIND: 0.0.0.0/0.0.0.0:15048
2025-05-08 12:13:54,748 [39727330-a832-4a1a-a148-c345636681a8-NettyServerStreamRpc-bossGroup--thread1] INFO  logging.LoggingHandler (AbstractInternalLogger.java:log(148)) - [id: 0x0407f206, L:/0.0.0.0:15048] ACTIVE
2025-05-08 12:13:54,748 [main] INFO  server.RaftServerConfigKeys (ConfUtils.java:logGet(46)) - raft.server.close.threshold = 60s (default)
2025-05-08 12:13:54,748 [main] INFO  server.RaftServerConfigKeys (ConfUtils.java:logGet(46)) - raft.server.leaderelection.leader.step-down.wait-time = 10s (default)
2025-05-08 12:13:54,748 [main] INFO  server.RaftServerConfigKeys (ConfUtils.java:logGet(46)) - raft.server.storage.dir = [/home/runner/work/ozone/ozone/hadoop-ozone/integration-test/target/test-dir/MiniOzoneClusterImpl-efc39a28-6472-4ee4-b6fc-2c7f8ca0458d/ozone-meta/datanode-5/ratis] (custom)
2025-05-08 12:13:54,748 [main] INFO  server.RaftServerConfigKeys (ConfUtils.java:logGet(46)) - raft.server.threadpool.proxy.cached = true (default)
2025-05-08 12:13:54,748 [main] INFO  server.RaftServerConfigKeys (ConfUtils.java:logGet(46)) - raft.server.threadpool.proxy.size = 0 (default)
2025-05-08 12:13:54,749 [39727330-a832-4a1a-a148-c345636681a8-impl-thread1] INFO  server.RaftServer (RaftServerProxy.java:initGroupDir(265)) - 39727330-a832-4a1a-a148-c345636681a8: found a subdirectory /home/runner/work/ozone/ozone/hadoop-ozone/integration-test/target/test-dir/MiniOzoneClusterImpl-efc39a28-6472-4ee4-b6fc-2c7f8ca0458d/ozone-meta/datanode-5/ratis/tmp
2025-05-08 12:13:54,749 [39727330-a832-4a1a-a148-c345636681a8-impl-thread1] INFO  server.RaftServer (RaftServerProxy.java:initGroupDir(270)) - 39727330-a832-4a1a-a148-c345636681a8: The directory /home/runner/work/ozone/ozone/hadoop-ozone/integration-test/target/test-dir/MiniOzoneClusterImpl-efc39a28-6472-4ee4-b6fc-2c7f8ca0458d/ozone-meta/datanode-5/ratis/tmp is not a group directory; ignoring it. 
2025-05-08 12:13:54,750 [main] INFO  replication.ReplicationServer (ReplicationServer.java:<init>(84)) - Initializing replication server with thread count = 10 queue length = 4096
2025-05-08 12:13:54,752 [main] INFO  server.XceiverServerGrpc (XceiverServerGrpc.java:<init>(131)) - GrpcServer channel type EpollServerSocketChannel
2025-05-08 12:13:54,755 [main] INFO  replication.ReplicationSupervisor (ReplicationSupervisor.java:build(169)) - Initializing replication supervisor with thread count = 10
2025-05-08 12:13:54,755 [main] INFO  replication.ReplicationSupervisor (ReplicationSupervisor.java:nodeStateUpdated(358)) - Node state updated to IN_SERVICE, scaling executor pool size to 10
2025-05-08 12:13:54,759 [main] INFO  http.BaseHttpServer (BaseHttpServer.java:newHttpServer2BuilderForOzone(229)) - Starting Web-server for hddsDatanode at: http://0.0.0.0:15042
2025-05-08 12:13:54,760 [main] INFO  http.BaseHttpServer (BaseHttpServer.java:<init>(107)) - Hadoop Security Enabled: false Ozone Security Enabled: false Ozone HTTP Security Enabled: false 
2025-05-08 12:13:54,762 [main] WARN  server.AuthenticationFilter (AuthenticationFilter.java:constructSecretProvider(240)) - Unable to initialize FileSignerSecretProvider, falling back to use random secrets. Reason: Could not read signature secret file: /home/runner/hadoop-http-auth-signature-secret
2025-05-08 12:13:54,764 [main] INFO  http.HttpServer2 (HttpServer2.java:addGlobalFilter(1042)) - Added global filter 'safety' (class=org.apache.hadoop.hdds.server.http.HttpServer2$QuotingInputFilter)
2025-05-08 12:13:54,765 [main] INFO  http.HttpServer2 (HttpServer2.java:addFilter(1018)) - Added filter static_user_filter (class=org.apache.hadoop.http.lib.StaticUserWebFilter$StaticUserFilter) to context hddsDatanode
2025-05-08 12:13:54,766 [main] INFO  http.HttpServer2 (HttpServer2.java:addFilter(1026)) - Added filter static_user_filter (class=org.apache.hadoop.http.lib.StaticUserWebFilter$StaticUserFilter) to context static
2025-05-08 12:13:54,766 [main] INFO  http.HttpServer2 (HttpServer2.java:addFilter(1026)) - Added filter static_user_filter (class=org.apache.hadoop.http.lib.StaticUserWebFilter$StaticUserFilter) to context logs
2025-05-08 12:13:54,766 [main] INFO  http.BaseHttpServer (BaseHttpServer.java:<init>(195)) - HTTP server of hddsDatanode uses base directory /home/runner/work/ozone/ozone/hadoop-ozone/integration-test/target/test-dir/MiniOzoneClusterImpl-efc39a28-6472-4ee4-b6fc-2c7f8ca0458d/ozone-meta/datanode-5/meta/webserver
2025-05-08 12:13:54,767 [main] INFO  http.HttpServer2 (HttpServer2.java:bindListener(1242)) - Jetty bound to port 15042
2025-05-08 12:13:54,767 [main] INFO  server.Server (Server.java:doStart(375)) - jetty-9.4.57.v20241219; built: 2025-01-08T21:24:30.412Z; git: df524e6b29271c2e09ba9aea83c18dc9db464a31; jvm 21.0.7+6-LTS
2025-05-08 12:13:54,769 [main] INFO  server.session (DefaultSessionIdManager.java:doStart(334)) - DefaultSessionIdManager workerName=node0
2025-05-08 12:13:54,769 [main] INFO  server.session (DefaultSessionIdManager.java:doStart(339)) - No SessionScavenger set, using defaults
2025-05-08 12:13:54,769 [main] INFO  server.session (HouseKeeper.java:startScavenging(132)) - node0 Scavenging every 600000ms
2025-05-08 12:13:54,771 [main] INFO  handler.ContextHandler (ContextHandler.java:doStart(921)) - Started o.e.j.s.ServletContextHandler@1e9c1335{logs,/logs,file:///home/runner/work/ozone/ozone/hadoop-ozone/integration-test/target/log,AVAILABLE}
2025-05-08 12:13:54,771 [main] INFO  handler.ContextHandler (ContextHandler.java:doStart(921)) - Started o.e.j.s.ServletContextHandler@6614a420{static,/static,jar:file:/home/runner/work/ozone/ozone/hadoop-hdds/container-service/target/hdds-container-service-2.1.0-SNAPSHOT.jar!/webapps/static,AVAILABLE}
2025-05-08 12:13:54,784 [317162a0-bd3d-40ad-b205-542abbf35090-EndpointStateMachineTaskThread-/0.0.0.0:15002-0 ] INFO  utils.DatanodeStoreCache (DatanodeStoreCache.java:addDB(70)) - Added db /home/runner/work/ozone/ozone/hadoop-ozone/integration-test/target/test-dir/MiniOzoneClusterImpl-efc39a28-6472-4ee4-b6fc-2c7f8ca0458d/ozone-meta/datanode-2/data-0/hdds/efc39a28-6472-4ee4-b6fc-2c7f8ca0458d/DS-5ee5989c-d014-42a6-9cca-2e07972b07ac/container.db to cache
2025-05-08 12:13:54,784 [317162a0-bd3d-40ad-b205-542abbf35090-EndpointStateMachineTaskThread-/0.0.0.0:15002-0 ] INFO  volume.HddsVolume (HddsVolume.java:createDbStore(510)) - SchemaV3 db is created and loaded at /home/runner/work/ozone/ozone/hadoop-ozone/integration-test/target/test-dir/MiniOzoneClusterImpl-efc39a28-6472-4ee4-b6fc-2c7f8ca0458d/ozone-meta/datanode-2/data-0/hdds/efc39a28-6472-4ee4-b6fc-2c7f8ca0458d/DS-5ee5989c-d014-42a6-9cca-2e07972b07ac/container.db for volume DS-5ee5989c-d014-42a6-9cca-2e07972b07ac
2025-05-08 12:13:54,788 [317162a0-bd3d-40ad-b205-542abbf35090-ContainerReader-0] INFO  ozoneimpl.ContainerReader (ContainerReader.java:readVolume(144)) - Start to verify containers on volume /home/runner/work/ozone/ozone/hadoop-ozone/integration-test/target/test-dir/MiniOzoneClusterImpl-efc39a28-6472-4ee4-b6fc-2c7f8ca0458d/ozone-meta/datanode-2/data-0/hdds
2025-05-08 12:13:54,788 [317162a0-bd3d-40ad-b205-542abbf35090-ContainerReader-0] INFO  ozoneimpl.ContainerReader (ContainerReader.java:readVolume(174)) - Finish verifying containers on volume /home/runner/work/ozone/ozone/hadoop-ozone/integration-test/target/test-dir/MiniOzoneClusterImpl-efc39a28-6472-4ee4-b6fc-2c7f8ca0458d/ozone-meta/datanode-2/data-0/hdds
2025-05-08 12:13:54,788 [317162a0-bd3d-40ad-b205-542abbf35090-EndpointStateMachineTaskThread-/0.0.0.0:15002-0 ] INFO  ozoneimpl.OzoneContainer (OzoneContainer.java:buildContainerSet(364)) - Build ContainerSet costs 0s
2025-05-08 12:13:54,789 [317162a0-bd3d-40ad-b205-542abbf35090-EndpointStateMachineTaskThread-/0.0.0.0:15002-0 ] INFO  volume.ThrottledAsyncChecker (ThrottledAsyncChecker.java:schedule(138)) - Scheduling a check for /home/runner/work/ozone/ozone/hadoop-ozone/integration-test/target/test-dir/MiniOzoneClusterImpl-efc39a28-6472-4ee4-b6fc-2c7f8ca0458d/ozone-meta/datanode-2/data-0/hdds
2025-05-08 12:13:54,790 [317162a0-bd3d-40ad-b205-542abbf35090-EndpointStateMachineTaskThread-/0.0.0.0:15002-0 ] INFO  volume.StorageVolumeChecker (StorageVolumeChecker.java:checkAllVolumes(215)) - Scheduled health check for volume /home/runner/work/ozone/ozone/hadoop-ozone/integration-test/target/test-dir/MiniOzoneClusterImpl-efc39a28-6472-4ee4-b6fc-2c7f8ca0458d/ozone-meta/datanode-2/data-0/hdds
2025-05-08 12:13:54,794 [317162a0-bd3d-40ad-b205-542abbf35090-EndpointStateMachineTaskThread-/0.0.0.0:15002-0 ] INFO  volume.ThrottledAsyncChecker (ThrottledAsyncChecker.java:schedule(138)) - Scheduling a check for /home/runner/work/ozone/ozone/hadoop-ozone/integration-test/target/test-dir/MiniOzoneClusterImpl-efc39a28-6472-4ee4-b6fc-2c7f8ca0458d/ozone-meta/datanode-2/ratis
2025-05-08 12:13:54,795 [317162a0-bd3d-40ad-b205-542abbf35090-EndpointStateMachineTaskThread-/0.0.0.0:15002-0 ] INFO  volume.StorageVolumeChecker (StorageVolumeChecker.java:checkAllVolumes(215)) - Scheduled health check for volume /home/runner/work/ozone/ozone/hadoop-ozone/integration-test/target/test-dir/MiniOzoneClusterImpl-efc39a28-6472-4ee4-b6fc-2c7f8ca0458d/ozone-meta/datanode-2/ratis
2025-05-08 12:13:54,796 [317162a0-bd3d-40ad-b205-542abbf35090-EndpointStateMachineTaskThread-/0.0.0.0:15002-0 ] INFO  ozoneimpl.OzoneContainer (OzoneContainer.java:start(512)) - Attempting to start container services.
2025-05-08 12:13:54,796 [317162a0-bd3d-40ad-b205-542abbf35090-EndpointStateMachineTaskThread-/0.0.0.0:15002-0 ] WARN  ozoneimpl.OnDemandContainerDataScanner (OnDemandContainerDataScanner.java:init(74)) - Trying to initialize on demand scanner a second time on a datanode.
2025-05-08 12:13:54,797 [ContainerMetadataScanner] INFO  ozoneimpl.AbstractBackgroundContainerScanner (AbstractBackgroundContainerScanner.java:runIteration(89)) - Completed an iteration in 0 minutes. Number of iterations (since the data-node restart) : 1, Number of containers scanned in this iteration : 0, Number of unhealthy containers found in this iteration : 0
2025-05-08 12:13:54,797 [ContainerDataScanner(/home/runner/work/ozone/ozone/hadoop-ozone/integration-test/target/test-dir/MiniOzoneClusterImpl-efc39a28-6472-4ee4-b6fc-2c7f8ca0458d/ozone-meta/datanode-2/data-0/hdds)] INFO  ozoneimpl.AbstractBackgroundContainerScanner (AbstractBackgroundContainerScanner.java:runIteration(89)) - Completed an iteration in 0 minutes. Number of iterations (since the data-node restart) : 1, Number of containers scanned in this iteration : 0, Number of unhealthy containers found in this iteration : 0
2025-05-08 12:13:54,798 [317162a0-bd3d-40ad-b205-542abbf35090-EndpointStateMachineTaskThread-/0.0.0.0:15002-0 ] INFO  replication.ReplicationServer (ReplicationServer.java:start(137)) - ReplicationServer is started using port 15025
2025-05-08 12:13:54,800 [317162a0-bd3d-40ad-b205-542abbf35090-EndpointStateMachineTaskThread-/0.0.0.0:15002-0 ] INFO  ratis.XceiverServerRatis (XceiverServerRatis.java:start(559)) - Starting XceiverServerRatis(317162a0-bd3d-40ad-b205-542abbf35090)
2025-05-08 12:13:54,801 [317162a0-bd3d-40ad-b205-542abbf35090-EndpointStateMachineTaskThread-/0.0.0.0:15002-0 ] INFO  server.RaftServer (RaftServerProxy.java:startImpl(407)) - 317162a0-bd3d-40ad-b205-542abbf35090: start RPC server
2025-05-08 12:13:54,802 [317162a0-bd3d-40ad-b205-542abbf35090-EndpointStateMachineTaskThread-/0.0.0.0:15002-0 ] INFO  server.GrpcService (GrpcService.java:startImpl(334)) - 317162a0-bd3d-40ad-b205-542abbf35090: GrpcService started, listening on 15021
2025-05-08 12:13:54,803 [317162a0-bd3d-40ad-b205-542abbf35090-EndpointStateMachineTaskThread-/0.0.0.0:15002-0 ] INFO  server.GrpcService (GrpcService.java:startImpl(334)) - 317162a0-bd3d-40ad-b205-542abbf35090: GrpcService started, listening on 15023
2025-05-08 12:13:54,804 [317162a0-bd3d-40ad-b205-542abbf35090-EndpointStateMachineTaskThread-/0.0.0.0:15002-0 ] INFO  server.GrpcService (GrpcService.java:startImpl(334)) - 317162a0-bd3d-40ad-b205-542abbf35090: GrpcService started, listening on 15022
2025-05-08 12:13:54,804 [317162a0-bd3d-40ad-b205-542abbf35090-EndpointStateMachineTaskThread-/0.0.0.0:15002-0 ] INFO  ratis.XceiverServerRatis (XceiverServerRatis.java:getRealPort(586)) - XceiverServerRatis(317162a0-bd3d-40ad-b205-542abbf35090) is started using port RATIS=15021
2025-05-08 12:13:54,804 [JvmPauseMonitor4] INFO  util.JvmPauseMonitor (JvmPauseMonitor.java:run(146)) - JvmPauseMonitor-317162a0-bd3d-40ad-b205-542abbf35090: Started
2025-05-08 12:13:54,804 [317162a0-bd3d-40ad-b205-542abbf35090-EndpointStateMachineTaskThread-/0.0.0.0:15002-0 ] INFO  ratis.XceiverServerRatis (XceiverServerRatis.java:getRealPort(586)) - XceiverServerRatis(317162a0-bd3d-40ad-b205-542abbf35090) is started using port RATIS_ADMIN=15022
2025-05-08 12:13:54,805 [317162a0-bd3d-40ad-b205-542abbf35090-EndpointStateMachineTaskThread-/0.0.0.0:15002-0 ] INFO  ratis.XceiverServerRatis (XceiverServerRatis.java:getRealPort(586)) - XceiverServerRatis(317162a0-bd3d-40ad-b205-542abbf35090) is started using port RATIS_SERVER=15023
2025-05-08 12:13:54,805 [317162a0-bd3d-40ad-b205-542abbf35090-EndpointStateMachineTaskThread-/0.0.0.0:15002-0 ] INFO  ratis.XceiverServerRatis (XceiverServerRatis.java:getRealPort(586)) - XceiverServerRatis(317162a0-bd3d-40ad-b205-542abbf35090) is started using port RATIS_DATASTREAM=15024
2025-05-08 12:13:54,812 [317162a0-bd3d-40ad-b205-542abbf35090-BlockDeletingService#0] INFO  interfaces.ContainerDeletionChoosingPolicyTemplate (ContainerDeletionChoosingPolicyTemplate.java:chooseContainerForBlockDeletion(83)) - Chosen 0/5000 blocks from 0 candidate containers.
2025-05-08 12:13:54,942 [main] INFO  handler.ContextHandler (ContextHandler.java:doStart(921)) - Started o.e.j.w.WebAppContext@6f39e2a6{hddsDatanode,/,file:///home/runner/work/ozone/ozone/hadoop-ozone/integration-test/target/test-dir/MiniOzoneClusterImpl-efc39a28-6472-4ee4-b6fc-2c7f8ca0458d/ozone-meta/datanode-5/meta/webserver/jetty-0_0_0_0-15042-hdds-container-service-2_1_0-SNAPSHOT_jar-_-any-11306857136961103391/webapp/,AVAILABLE}{jar:file:/home/runner/work/ozone/ozone/hadoop-hdds/container-service/target/hdds-container-service-2.1.0-SNAPSHOT.jar!/webapps/hddsDatanode}
2025-05-08 12:13:54,943 [main] INFO  server.AbstractConnector (AbstractConnector.java:doStart(333)) - Started ServerConnector@3649dc49{HTTP/1.1, (http/1.1)}{0.0.0.0:15042}
2025-05-08 12:13:54,943 [main] INFO  server.Server (Server.java:doStart(415)) - Started @12253ms
2025-05-08 12:13:54,943 [main] WARN  impl.MetricsSystemImpl (MetricsSystemImpl.java:register(279)) - Sink prometheus already exists!
2025-05-08 12:13:54,944 [main] INFO  http.BaseHttpServer (BaseHttpServer.java:updateConnectorAddress(359)) - HTTP server of hddsDatanode listening at http://0.0.0.0:15042
2025-05-08 12:13:54,944 [main] INFO  ipc.CallQueueManager (CallQueueManager.java:<init>(93)) - Using callQueue: class java.util.concurrent.LinkedBlockingQueue, queueCapacity: 1000, scheduler: class org.apache.hadoop.ipc.DefaultRpcScheduler, ipcBackoff: false, ipcFailOver: false.
2025-05-08 12:13:54,944 [main] INFO  ipc.Server (Server.java:<init>(1438)) - Listener at 0.0.0.0:15043
2025-05-08 12:13:54,945 [Socket Reader #1 for port 15043] INFO  ipc.Server (Server.java:run(1474)) - Starting Socket Reader #1 for port 15043
2025-05-08 12:13:54,945 [Socket Reader #2 for port 15043] INFO  ipc.Server (Server.java:run(1474)) - Starting Socket Reader #2 for port 15043
2025-05-08 12:13:54,945 [Socket Reader #3 for port 15043] INFO  ipc.Server (Server.java:run(1474)) - Starting Socket Reader #3 for port 15043
2025-05-08 12:13:54,945 [Socket Reader #4 for port 15043] INFO  ipc.Server (Server.java:run(1474)) - Starting Socket Reader #4 for port 15043
2025-05-08 12:13:54,945 [Socket Reader #5 for port 15043] INFO  ipc.Server (Server.java:run(1474)) - Starting Socket Reader #5 for port 15043
2025-05-08 12:13:54,946 [Socket Reader #6 for port 15043] INFO  ipc.Server (Server.java:run(1474)) - Starting Socket Reader #6 for port 15043
2025-05-08 12:13:54,946 [Socket Reader #7 for port 15043] INFO  ipc.Server (Server.java:run(1474)) - Starting Socket Reader #7 for port 15043
2025-05-08 12:13:54,946 [Socket Reader #8 for port 15043] INFO  ipc.Server (Server.java:run(1474)) - Starting Socket Reader #8 for port 15043
2025-05-08 12:13:54,947 [Socket Reader #9 for port 15043] INFO  ipc.Server (Server.java:run(1474)) - Starting Socket Reader #9 for port 15043
2025-05-08 12:13:54,947 [Socket Reader #10 for port 15043] INFO  ipc.Server (Server.java:run(1474)) - Starting Socket Reader #10 for port 15043
2025-05-08 12:13:54,949 [main] INFO  ozone.HddsDatanodeService (HddsDatanodeService.java:start(325)) - Datanode start with admins: [runner]
2025-05-08 12:13:54,949 [main] INFO  ozone.HddsDatanodeClientProtocolServer (HddsDatanodeClientProtocolServer.java:start(76)) - RPC server for Client /0.0.0.0:15043
2025-05-08 12:13:54,950 [IPC Server Responder] INFO  ipc.Server (Server.java:run(1713)) - IPC Server Responder: starting
2025-05-08 12:13:54,950 [IPC Server listener on 15043] INFO  ipc.Server (Server.java:run(1553)) - IPC Server listener on 15043: starting
2025-05-08 12:13:54,953 [39727330-a832-4a1a-a148-c345636681a8-DatanodeStateMachineDaemonThread] INFO  statemachine.DatanodeStateMachine (DatanodeStateMachine.java:startStateMachineThread(340)) - Ozone container server started.
2025-05-08 12:13:54,956 [main] INFO  ozone.MiniOzoneClusterImpl (MiniOzoneClusterImpl.java:lambda$waitForClusterToBeReady$0(190)) - Waiting for nodes to be ready. Got 0 of 5 DN Heartbeats.
2025-05-08 12:13:54,956 [main] INFO  ozone.MiniOzoneClusterImpl (MiniOzoneClusterImpl.java:lambda$waitForClusterToBeReady$0(193)) - Waiting for cluster to exit safe mode
2025-05-08 12:13:54,956 [main] INFO  ozone.MiniOzoneClusterImpl (MiniOzoneClusterImpl.java:lambda$waitForClusterToBeReady$0(195)) - SCM became leader
2025-05-08 12:13:54,958 [39727330-a832-4a1a-a148-c345636681a8-DatanodeStateMachineTaskThread-0] INFO  datanode.InitDatanodeState (InitDatanodeState.java:persistContainerDatanodeDetails(139)) - DatanodeDetails is persisted to /home/runner/work/ozone/ozone/hadoop-ozone/integration-test/target/test-dir/MiniOzoneClusterImpl-efc39a28-6472-4ee4-b6fc-2c7f8ca0458d/ozone-meta/datanode-5/meta/datanode.id
2025-05-08 12:13:54,983 [7c8f0716-ab75-44b9-b6ec-eb9ccd1caa65-EndpointStateMachineTaskThread-/0.0.0.0:15002-0 ] INFO  utils.DatanodeStoreCache (DatanodeStoreCache.java:addDB(70)) - Added db /home/runner/work/ozone/ozone/hadoop-ozone/integration-test/target/test-dir/MiniOzoneClusterImpl-efc39a28-6472-4ee4-b6fc-2c7f8ca0458d/ozone-meta/datanode-3/data-0/hdds/efc39a28-6472-4ee4-b6fc-2c7f8ca0458d/DS-d78b44f1-460a-4c7a-8bc6-a770e4961356/container.db to cache
2025-05-08 12:13:54,983 [7c8f0716-ab75-44b9-b6ec-eb9ccd1caa65-EndpointStateMachineTaskThread-/0.0.0.0:15002-0 ] INFO  volume.HddsVolume (HddsVolume.java:createDbStore(510)) - SchemaV3 db is created and loaded at /home/runner/work/ozone/ozone/hadoop-ozone/integration-test/target/test-dir/MiniOzoneClusterImpl-efc39a28-6472-4ee4-b6fc-2c7f8ca0458d/ozone-meta/datanode-3/data-0/hdds/efc39a28-6472-4ee4-b6fc-2c7f8ca0458d/DS-d78b44f1-460a-4c7a-8bc6-a770e4961356/container.db for volume DS-d78b44f1-460a-4c7a-8bc6-a770e4961356
2025-05-08 12:13:54,986 [7c8f0716-ab75-44b9-b6ec-eb9ccd1caa65-ContainerReader-0] INFO  ozoneimpl.ContainerReader (ContainerReader.java:readVolume(144)) - Start to verify containers on volume /home/runner/work/ozone/ozone/hadoop-ozone/integration-test/target/test-dir/MiniOzoneClusterImpl-efc39a28-6472-4ee4-b6fc-2c7f8ca0458d/ozone-meta/datanode-3/data-0/hdds
2025-05-08 12:13:54,986 [7c8f0716-ab75-44b9-b6ec-eb9ccd1caa65-ContainerReader-0] INFO  ozoneimpl.ContainerReader (ContainerReader.java:readVolume(174)) - Finish verifying containers on volume /home/runner/work/ozone/ozone/hadoop-ozone/integration-test/target/test-dir/MiniOzoneClusterImpl-efc39a28-6472-4ee4-b6fc-2c7f8ca0458d/ozone-meta/datanode-3/data-0/hdds
2025-05-08 12:13:54,987 [7c8f0716-ab75-44b9-b6ec-eb9ccd1caa65-EndpointStateMachineTaskThread-/0.0.0.0:15002-0 ] INFO  ozoneimpl.OzoneContainer (OzoneContainer.java:buildContainerSet(364)) - Build ContainerSet costs 0s
2025-05-08 12:13:54,987 [7c8f0716-ab75-44b9-b6ec-eb9ccd1caa65-EndpointStateMachineTaskThread-/0.0.0.0:15002-0 ] INFO  volume.ThrottledAsyncChecker (ThrottledAsyncChecker.java:schedule(138)) - Scheduling a check for /home/runner/work/ozone/ozone/hadoop-ozone/integration-test/target/test-dir/MiniOzoneClusterImpl-efc39a28-6472-4ee4-b6fc-2c7f8ca0458d/ozone-meta/datanode-3/data-0/hdds
2025-05-08 12:13:54,989 [7c8f0716-ab75-44b9-b6ec-eb9ccd1caa65-EndpointStateMachineTaskThread-/0.0.0.0:15002-0 ] INFO  volume.StorageVolumeChecker (StorageVolumeChecker.java:checkAllVolumes(215)) - Scheduled health check for volume /home/runner/work/ozone/ozone/hadoop-ozone/integration-test/target/test-dir/MiniOzoneClusterImpl-efc39a28-6472-4ee4-b6fc-2c7f8ca0458d/ozone-meta/datanode-3/data-0/hdds
2025-05-08 12:13:54,991 [IPC Server handler 1 on default port 15002] INFO  net.NetworkTopologyImpl (NetworkTopologyImpl.java:add(133)) - Added a new node: /default-rack/73de0732-aa09-4d2e-8ccf-f79b8b9cbabe
2025-05-08 12:13:54,992 [7c8f0716-ab75-44b9-b6ec-eb9ccd1caa65-EndpointStateMachineTaskThread-/0.0.0.0:15002-0 ] INFO  volume.ThrottledAsyncChecker (ThrottledAsyncChecker.java:schedule(138)) - Scheduling a check for /home/runner/work/ozone/ozone/hadoop-ozone/integration-test/target/test-dir/MiniOzoneClusterImpl-efc39a28-6472-4ee4-b6fc-2c7f8ca0458d/ozone-meta/datanode-3/ratis
2025-05-08 12:13:54,992 [7c8f0716-ab75-44b9-b6ec-eb9ccd1caa65-EndpointStateMachineTaskThread-/0.0.0.0:15002-0 ] INFO  volume.StorageVolumeChecker (StorageVolumeChecker.java:checkAllVolumes(215)) - Scheduled health check for volume /home/runner/work/ozone/ozone/hadoop-ozone/integration-test/target/test-dir/MiniOzoneClusterImpl-efc39a28-6472-4ee4-b6fc-2c7f8ca0458d/ozone-meta/datanode-3/ratis
2025-05-08 12:13:54,993 [7c8f0716-ab75-44b9-b6ec-eb9ccd1caa65-EndpointStateMachineTaskThread-/0.0.0.0:15002-0 ] INFO  ozoneimpl.OzoneContainer (OzoneContainer.java:start(512)) - Attempting to start container services.
2025-05-08 12:13:54,993 [IPC Server handler 1 on default port 15002] INFO  node.SCMNodeManager (SCMNodeManager.java:register(426)) - Registered datanode: 73de0732-aa09-4d2e-8ccf-f79b8b9cbabe{ip: 127.0.0.1, host: localhost, ports: [HTTP=15010, CLIENT_RPC=15011, REPLICATION=15017, RATIS=15013, RATIS_ADMIN=15014, RATIS_SERVER=15015, RATIS_DATASTREAM=15016, STANDALONE=15012], networkLocation: /default-rack, certSerialId: null, persistedOpState: null, persistedOpStateExpiryEpochSec: 0}
2025-05-08 12:13:54,993 [7c8f0716-ab75-44b9-b6ec-eb9ccd1caa65-EndpointStateMachineTaskThread-/0.0.0.0:15002-0 ] WARN  ozoneimpl.OnDemandContainerDataScanner (OnDemandContainerDataScanner.java:init(74)) - Trying to initialize on demand scanner a second time on a datanode.
2025-05-08 12:13:54,994 [ContainerMetadataScanner] INFO  ozoneimpl.AbstractBackgroundContainerScanner (AbstractBackgroundContainerScanner.java:runIteration(89)) - Completed an iteration in 0 minutes. Number of iterations (since the data-node restart) : 1, Number of containers scanned in this iteration : 0, Number of unhealthy containers found in this iteration : 0
2025-05-08 12:13:54,995 [ContainerDataScanner(/home/runner/work/ozone/ozone/hadoop-ozone/integration-test/target/test-dir/MiniOzoneClusterImpl-efc39a28-6472-4ee4-b6fc-2c7f8ca0458d/ozone-meta/datanode-3/data-0/hdds)] INFO  ozoneimpl.AbstractBackgroundContainerScanner (AbstractBackgroundContainerScanner.java:runIteration(89)) - Completed an iteration in 0 minutes. Number of iterations (since the data-node restart) : 1, Number of containers scanned in this iteration : 0, Number of unhealthy containers found in this iteration : 0
2025-05-08 12:13:54,995 [EventQueue-NewNodeForNewNodeHandler] INFO  pipeline.BackgroundPipelineCreator (BackgroundPipelineCreator.java:notifyEventTriggered(290)) - trigger a one-shot run on RatisPipelineUtilsThread.
2025-05-08 12:13:54,995 [7c8f0716-ab75-44b9-b6ec-eb9ccd1caa65-EndpointStateMachineTaskThread-/0.0.0.0:15002-0 ] INFO  replication.ReplicationServer (ReplicationServer.java:start(137)) - ReplicationServer is started using port 15033
2025-05-08 12:13:54,996 [7c8f0716-ab75-44b9-b6ec-eb9ccd1caa65-EndpointStateMachineTaskThread-/0.0.0.0:15002-0 ] INFO  ratis.XceiverServerRatis (XceiverServerRatis.java:start(559)) - Starting XceiverServerRatis(7c8f0716-ab75-44b9-b6ec-eb9ccd1caa65)
2025-05-08 12:13:54,996 [EventQueue-NodeRegistrationContainerReportForDataNodeSafeModeRule] INFO  safemode.SCMSafeModeManager (DataNodeSafeModeRule.java:process(79)) - SCM in safe mode. 1 DataNodes registered, 3 required.
2025-05-08 12:13:54,997 [EventQueue-PipelineReportForOneReplicaPipelineSafeModeRule] INFO  safemode.SCMSafeModeManager (SCMSafeModeManager.java:validateSafeModeExitRules(185)) - AtleastOneDatanodeReportedRule rule is successfully validated
2025-05-08 12:13:54,997 [EventQueue-ContainerRegistrationReportForECContainerSafeModeRule] INFO  safemode.SCMSafeModeManager (SCMSafeModeManager.java:validateSafeModeExitRules(185)) - ECContainerSafeModeRule rule is successfully validated
2025-05-08 12:13:54,997 [EventQueue-ContainerRegistrationReportForRatisContainerSafeModeRule] INFO  safemode.SCMSafeModeManager (SCMSafeModeManager.java:validateSafeModeExitRules(185)) - RatisContainerSafeModeRule rule is successfully validated
2025-05-08 12:13:55,000 [7c8f0716-ab75-44b9-b6ec-eb9ccd1caa65-EndpointStateMachineTaskThread-/0.0.0.0:15002-0 ] INFO  server.RaftServer (RaftServerProxy.java:startImpl(407)) - 7c8f0716-ab75-44b9-b6ec-eb9ccd1caa65: start RPC server
2025-05-08 12:13:55,000 [RatisPipelineUtilsThread-0] INFO  pipeline.RatisPipelineProvider (RatisPipelineProvider.java:lambda$create$0(208)) - Sending CreatePipelineCommand for pipeline:PipelineID=d3ebd350-a24c-4a07-8ac7-8aba74081f30 to datanode:73de0732-aa09-4d2e-8ccf-f79b8b9cbabe(localhost/127.0.0.1)
2025-05-08 12:13:55,001 [7c8f0716-ab75-44b9-b6ec-eb9ccd1caa65-EndpointStateMachineTaskThread-/0.0.0.0:15002-0 ] INFO  server.GrpcService (GrpcService.java:startImpl(334)) - 7c8f0716-ab75-44b9-b6ec-eb9ccd1caa65: GrpcService started, listening on 15029
2025-05-08 12:13:55,002 [7c8f0716-ab75-44b9-b6ec-eb9ccd1caa65-EndpointStateMachineTaskThread-/0.0.0.0:15002-0 ] INFO  server.GrpcService (GrpcService.java:startImpl(334)) - 7c8f0716-ab75-44b9-b6ec-eb9ccd1caa65: GrpcService started, listening on 15031
2025-05-08 12:13:55,002 [7c8f0716-ab75-44b9-b6ec-eb9ccd1caa65-EndpointStateMachineTaskThread-/0.0.0.0:15002-0 ] INFO  server.GrpcService (GrpcService.java:startImpl(334)) - 7c8f0716-ab75-44b9-b6ec-eb9ccd1caa65: GrpcService started, listening on 15030
2025-05-08 12:13:55,002 [7c8f0716-ab75-44b9-b6ec-eb9ccd1caa65-EndpointStateMachineTaskThread-/0.0.0.0:15002-0 ] INFO  ratis.XceiverServerRatis (XceiverServerRatis.java:getRealPort(586)) - XceiverServerRatis(7c8f0716-ab75-44b9-b6ec-eb9ccd1caa65) is started using port RATIS=15029
2025-05-08 12:13:55,003 [7c8f0716-ab75-44b9-b6ec-eb9ccd1caa65-EndpointStateMachineTaskThread-/0.0.0.0:15002-0 ] INFO  ratis.XceiverServerRatis (XceiverServerRatis.java:getRealPort(586)) - XceiverServerRatis(7c8f0716-ab75-44b9-b6ec-eb9ccd1caa65) is started using port RATIS_ADMIN=15030
2025-05-08 12:13:55,003 [7c8f0716-ab75-44b9-b6ec-eb9ccd1caa65-EndpointStateMachineTaskThread-/0.0.0.0:15002-0 ] INFO  ratis.XceiverServerRatis (XceiverServerRatis.java:getRealPort(586)) - XceiverServerRatis(7c8f0716-ab75-44b9-b6ec-eb9ccd1caa65) is started using port RATIS_SERVER=15031
2025-05-08 12:13:55,003 [7c8f0716-ab75-44b9-b6ec-eb9ccd1caa65-EndpointStateMachineTaskThread-/0.0.0.0:15002-0 ] INFO  ratis.XceiverServerRatis (XceiverServerRatis.java:getRealPort(586)) - XceiverServerRatis(7c8f0716-ab75-44b9-b6ec-eb9ccd1caa65) is started using port RATIS_DATASTREAM=15032
2025-05-08 12:13:55,003 [JvmPauseMonitor5] INFO  util.JvmPauseMonitor (JvmPauseMonitor.java:run(146)) - JvmPauseMonitor-7c8f0716-ab75-44b9-b6ec-eb9ccd1caa65: Started
2025-05-08 12:13:55,004 [7c8f0716-ab75-44b9-b6ec-eb9ccd1caa65-BlockDeletingService#0] INFO  interfaces.ContainerDeletionChoosingPolicyTemplate (ContainerDeletionChoosingPolicyTemplate.java:chooseContainerForBlockDeletion(83)) - Chosen 0/5000 blocks from 0 candidate containers.
2025-05-08 12:13:55,044 [aa40a6e8-77ba-434d-b9e7-e4aad8dcbfb7@group-2C7F8CA0458D-StateMachineUpdater] INFO  safemode.HealthyPipelineSafeModeRule (HealthyPipelineSafeModeRule.java:initializeRule(173)) - Refreshed total pipeline count is 0, healthy pipeline threshold count is 1
2025-05-08 12:13:55,047 [RatisPipelineUtilsThread-0] INFO  pipeline.BackgroundPipelineCreator (BackgroundPipelineCreator.java:createPipelines(246)) - Created new pipeline Pipeline{ Id: d3ebd350-a24c-4a07-8ac7-8aba74081f30, Nodes: [ {73de0732-aa09-4d2e-8ccf-f79b8b9cbabe(localhost/127.0.0.1), ReplicaIndex: 0},], ReplicationConfig: RATIS/ONE, State:ALLOCATED, leaderId:, CreationTimestamp2025-05-08T12:13:55.000202902Z[Etc/UTC]}
2025-05-08 12:13:55,057 [ReplicationMonitor] INFO  replication.ReplicationManager (ReplicationManager.java:processAll(357)) - Replication Manager is not ready to run until 3000ms after safemode exit
2025-05-08 12:13:55,219 [IPC Server handler 3 on default port 15002] INFO  net.NetworkTopologyImpl (NetworkTopologyImpl.java:add(133)) - Added a new node: /default-rack/317162a0-bd3d-40ad-b205-542abbf35090
2025-05-08 12:13:55,219 [IPC Server handler 3 on default port 15002] INFO  node.SCMNodeManager (SCMNodeManager.java:register(426)) - Registered datanode: 317162a0-bd3d-40ad-b205-542abbf35090{ip: 127.0.0.1, host: localhost, ports: [HTTP=15018, CLIENT_RPC=15019, REPLICATION=15025, RATIS=15021, RATIS_ADMIN=15022, RATIS_SERVER=15023, RATIS_DATASTREAM=15024, STANDALONE=15020], networkLocation: /default-rack, certSerialId: null, persistedOpState: null, persistedOpStateExpiryEpochSec: 0}
2025-05-08 12:13:55,219 [2ac133fa-68ef-4921-8bb4-d040b7072d41-EndpointStateMachineTaskThread-/0.0.0.0:15002-0 ] INFO  utils.DatanodeStoreCache (DatanodeStoreCache.java:addDB(70)) - Added db /home/runner/work/ozone/ozone/hadoop-ozone/integration-test/target/test-dir/MiniOzoneClusterImpl-efc39a28-6472-4ee4-b6fc-2c7f8ca0458d/ozone-meta/datanode-4/data-0/hdds/efc39a28-6472-4ee4-b6fc-2c7f8ca0458d/DS-839380c2-1a96-478e-b76e-e0fef97641bc/container.db to cache
2025-05-08 12:13:55,219 [2ac133fa-68ef-4921-8bb4-d040b7072d41-EndpointStateMachineTaskThread-/0.0.0.0:15002-0 ] INFO  volume.HddsVolume (HddsVolume.java:createDbStore(510)) - SchemaV3 db is created and loaded at /home/runner/work/ozone/ozone/hadoop-ozone/integration-test/target/test-dir/MiniOzoneClusterImpl-efc39a28-6472-4ee4-b6fc-2c7f8ca0458d/ozone-meta/datanode-4/data-0/hdds/efc39a28-6472-4ee4-b6fc-2c7f8ca0458d/DS-839380c2-1a96-478e-b76e-e0fef97641bc/container.db for volume DS-839380c2-1a96-478e-b76e-e0fef97641bc
2025-05-08 12:13:55,219 [EventQueue-NodeRegistrationContainerReportForDataNodeSafeModeRule] INFO  safemode.SCMSafeModeManager (DataNodeSafeModeRule.java:process(79)) - SCM in safe mode. 2 DataNodes registered, 3 required.
2025-05-08 12:13:55,220 [EventQueue-NewNodeForNewNodeHandler] INFO  pipeline.BackgroundPipelineCreator (BackgroundPipelineCreator.java:notifyEventTriggered(290)) - trigger a one-shot run on RatisPipelineUtilsThread.
2025-05-08 12:13:55,221 [RatisPipelineUtilsThread-0] INFO  pipeline.RatisPipelineProvider (RatisPipelineProvider.java:lambda$create$0(208)) - Sending CreatePipelineCommand for pipeline:PipelineID=41169cc5-0870-4dae-8491-2efd4d396d20 to datanode:317162a0-bd3d-40ad-b205-542abbf35090(localhost/127.0.0.1)
2025-05-08 12:13:55,222 [2ac133fa-68ef-4921-8bb4-d040b7072d41-ContainerReader-0] INFO  ozoneimpl.ContainerReader (ContainerReader.java:readVolume(144)) - Start to verify containers on volume /home/runner/work/ozone/ozone/hadoop-ozone/integration-test/target/test-dir/MiniOzoneClusterImpl-efc39a28-6472-4ee4-b6fc-2c7f8ca0458d/ozone-meta/datanode-4/data-0/hdds
2025-05-08 12:13:55,222 [2ac133fa-68ef-4921-8bb4-d040b7072d41-ContainerReader-0] INFO  ozoneimpl.ContainerReader (ContainerReader.java:readVolume(174)) - Finish verifying containers on volume /home/runner/work/ozone/ozone/hadoop-ozone/integration-test/target/test-dir/MiniOzoneClusterImpl-efc39a28-6472-4ee4-b6fc-2c7f8ca0458d/ozone-meta/datanode-4/data-0/hdds
2025-05-08 12:13:55,223 [2ac133fa-68ef-4921-8bb4-d040b7072d41-EndpointStateMachineTaskThread-/0.0.0.0:15002-0 ] INFO  ozoneimpl.OzoneContainer (OzoneContainer.java:buildContainerSet(364)) - Build ContainerSet costs 0s
2025-05-08 12:13:55,223 [2ac133fa-68ef-4921-8bb4-d040b7072d41-EndpointStateMachineTaskThread-/0.0.0.0:15002-0 ] INFO  volume.ThrottledAsyncChecker (ThrottledAsyncChecker.java:schedule(138)) - Scheduling a check for /home/runner/work/ozone/ozone/hadoop-ozone/integration-test/target/test-dir/MiniOzoneClusterImpl-efc39a28-6472-4ee4-b6fc-2c7f8ca0458d/ozone-meta/datanode-4/data-0/hdds
2025-05-08 12:13:55,224 [aa40a6e8-77ba-434d-b9e7-e4aad8dcbfb7@group-2C7F8CA0458D-StateMachineUpdater] INFO  safemode.HealthyPipelineSafeModeRule (HealthyPipelineSafeModeRule.java:initializeRule(173)) - Refreshed total pipeline count is 0, healthy pipeline threshold count is 1
2025-05-08 12:13:55,224 [2ac133fa-68ef-4921-8bb4-d040b7072d41-EndpointStateMachineTaskThread-/0.0.0.0:15002-0 ] INFO  volume.StorageVolumeChecker (StorageVolumeChecker.java:checkAllVolumes(215)) - Scheduled health check for volume /home/runner/work/ozone/ozone/hadoop-ozone/integration-test/target/test-dir/MiniOzoneClusterImpl-efc39a28-6472-4ee4-b6fc-2c7f8ca0458d/ozone-meta/datanode-4/data-0/hdds
2025-05-08 12:13:55,224 [RatisPipelineUtilsThread-0] INFO  pipeline.BackgroundPipelineCreator (BackgroundPipelineCreator.java:createPipelines(246)) - Created new pipeline Pipeline{ Id: 41169cc5-0870-4dae-8491-2efd4d396d20, Nodes: [ {317162a0-bd3d-40ad-b205-542abbf35090(localhost/127.0.0.1), ReplicaIndex: 0},], ReplicationConfig: RATIS/ONE, State:ALLOCATED, leaderId:, CreationTimestamp2025-05-08T12:13:55.221137383Z[Etc/UTC]}
2025-05-08 12:13:55,228 [2ac133fa-68ef-4921-8bb4-d040b7072d41-EndpointStateMachineTaskThread-/0.0.0.0:15002-0 ] INFO  volume.ThrottledAsyncChecker (ThrottledAsyncChecker.java:schedule(138)) - Scheduling a check for /home/runner/work/ozone/ozone/hadoop-ozone/integration-test/target/test-dir/MiniOzoneClusterImpl-efc39a28-6472-4ee4-b6fc-2c7f8ca0458d/ozone-meta/datanode-4/ratis
2025-05-08 12:13:55,228 [2ac133fa-68ef-4921-8bb4-d040b7072d41-EndpointStateMachineTaskThread-/0.0.0.0:15002-0 ] INFO  volume.StorageVolumeChecker (StorageVolumeChecker.java:checkAllVolumes(215)) - Scheduled health check for volume /home/runner/work/ozone/ozone/hadoop-ozone/integration-test/target/test-dir/MiniOzoneClusterImpl-efc39a28-6472-4ee4-b6fc-2c7f8ca0458d/ozone-meta/datanode-4/ratis
2025-05-08 12:13:55,229 [2ac133fa-68ef-4921-8bb4-d040b7072d41-EndpointStateMachineTaskThread-/0.0.0.0:15002-0 ] INFO  ozoneimpl.OzoneContainer (OzoneContainer.java:start(512)) - Attempting to start container services.
2025-05-08 12:13:55,229 [2ac133fa-68ef-4921-8bb4-d040b7072d41-EndpointStateMachineTaskThread-/0.0.0.0:15002-0 ] WARN  ozoneimpl.OnDemandContainerDataScanner (OnDemandContainerDataScanner.java:init(74)) - Trying to initialize on demand scanner a second time on a datanode.
2025-05-08 12:13:55,230 [ContainerMetadataScanner] INFO  ozoneimpl.AbstractBackgroundContainerScanner (AbstractBackgroundContainerScanner.java:runIteration(89)) - Completed an iteration in 0 minutes. Number of iterations (since the data-node restart) : 1, Number of containers scanned in this iteration : 0, Number of unhealthy containers found in this iteration : 0
2025-05-08 12:13:55,230 [ContainerDataScanner(/home/runner/work/ozone/ozone/hadoop-ozone/integration-test/target/test-dir/MiniOzoneClusterImpl-efc39a28-6472-4ee4-b6fc-2c7f8ca0458d/ozone-meta/datanode-4/data-0/hdds)] INFO  ozoneimpl.AbstractBackgroundContainerScanner (AbstractBackgroundContainerScanner.java:runIteration(89)) - Completed an iteration in 0 minutes. Number of iterations (since the data-node restart) : 1, Number of containers scanned in this iteration : 0, Number of unhealthy containers found in this iteration : 0
2025-05-08 12:13:55,230 [2ac133fa-68ef-4921-8bb4-d040b7072d41-EndpointStateMachineTaskThread-/0.0.0.0:15002-0 ] INFO  replication.ReplicationServer (ReplicationServer.java:start(137)) - ReplicationServer is started using port 15041
2025-05-08 12:13:55,231 [2ac133fa-68ef-4921-8bb4-d040b7072d41-EndpointStateMachineTaskThread-/0.0.0.0:15002-0 ] INFO  ratis.XceiverServerRatis (XceiverServerRatis.java:start(559)) - Starting XceiverServerRatis(2ac133fa-68ef-4921-8bb4-d040b7072d41)
2025-05-08 12:13:55,231 [2ac133fa-68ef-4921-8bb4-d040b7072d41-EndpointStateMachineTaskThread-/0.0.0.0:15002-0 ] INFO  server.RaftServer (RaftServerProxy.java:startImpl(407)) - 2ac133fa-68ef-4921-8bb4-d040b7072d41: start RPC server
2025-05-08 12:13:55,232 [2ac133fa-68ef-4921-8bb4-d040b7072d41-EndpointStateMachineTaskThread-/0.0.0.0:15002-0 ] INFO  server.GrpcService (GrpcService.java:startImpl(334)) - 2ac133fa-68ef-4921-8bb4-d040b7072d41: GrpcService started, listening on 15037
2025-05-08 12:13:55,232 [2ac133fa-68ef-4921-8bb4-d040b7072d41-EndpointStateMachineTaskThread-/0.0.0.0:15002-0 ] INFO  server.GrpcService (GrpcService.java:startImpl(334)) - 2ac133fa-68ef-4921-8bb4-d040b7072d41: GrpcService started, listening on 15039
2025-05-08 12:13:55,233 [2ac133fa-68ef-4921-8bb4-d040b7072d41-EndpointStateMachineTaskThread-/0.0.0.0:15002-0 ] INFO  server.GrpcService (GrpcService.java:startImpl(334)) - 2ac133fa-68ef-4921-8bb4-d040b7072d41: GrpcService started, listening on 15038
2025-05-08 12:13:55,233 [2ac133fa-68ef-4921-8bb4-d040b7072d41-EndpointStateMachineTaskThread-/0.0.0.0:15002-0 ] INFO  ratis.XceiverServerRatis (XceiverServerRatis.java:getRealPort(586)) - XceiverServerRatis(2ac133fa-68ef-4921-8bb4-d040b7072d41) is started using port RATIS=15037
2025-05-08 12:13:55,233 [JvmPauseMonitor6] INFO  util.JvmPauseMonitor (JvmPauseMonitor.java:run(146)) - JvmPauseMonitor-2ac133fa-68ef-4921-8bb4-d040b7072d41: Started
2025-05-08 12:13:55,233 [2ac133fa-68ef-4921-8bb4-d040b7072d41-EndpointStateMachineTaskThread-/0.0.0.0:15002-0 ] INFO  ratis.XceiverServerRatis (XceiverServerRatis.java:getRealPort(586)) - XceiverServerRatis(2ac133fa-68ef-4921-8bb4-d040b7072d41) is started using port RATIS_ADMIN=15038
2025-05-08 12:13:55,233 [2ac133fa-68ef-4921-8bb4-d040b7072d41-EndpointStateMachineTaskThread-/0.0.0.0:15002-0 ] INFO  ratis.XceiverServerRatis (XceiverServerRatis.java:getRealPort(586)) - XceiverServerRatis(2ac133fa-68ef-4921-8bb4-d040b7072d41) is started using port RATIS_SERVER=15039
2025-05-08 12:13:55,233 [2ac133fa-68ef-4921-8bb4-d040b7072d41-EndpointStateMachineTaskThread-/0.0.0.0:15002-0 ] INFO  ratis.XceiverServerRatis (XceiverServerRatis.java:getRealPort(586)) - XceiverServerRatis(2ac133fa-68ef-4921-8bb4-d040b7072d41) is started using port RATIS_DATASTREAM=15040
2025-05-08 12:13:55,234 [2ac133fa-68ef-4921-8bb4-d040b7072d41-BlockDeletingService#0] INFO  interfaces.ContainerDeletionChoosingPolicyTemplate (ContainerDeletionChoosingPolicyTemplate.java:chooseContainerForBlockDeletion(83)) - Chosen 0/5000 blocks from 0 candidate containers.
2025-05-08 12:13:55,443 [IPC Server handler 4 on default port 15002] INFO  net.NetworkTopologyImpl (NetworkTopologyImpl.java:add(133)) - Added a new node: /default-rack/7c8f0716-ab75-44b9-b6ec-eb9ccd1caa65
2025-05-08 12:13:55,444 [IPC Server handler 4 on default port 15002] INFO  node.SCMNodeManager (SCMNodeManager.java:register(426)) - Registered datanode: 7c8f0716-ab75-44b9-b6ec-eb9ccd1caa65{ip: 127.0.0.1, host: localhost, ports: [HTTP=15026, CLIENT_RPC=15027, REPLICATION=15033, RATIS=15029, RATIS_ADMIN=15030, RATIS_SERVER=15031, RATIS_DATASTREAM=15032, STANDALONE=15028], networkLocation: /default-rack, certSerialId: null, persistedOpState: null, persistedOpStateExpiryEpochSec: 0}
2025-05-08 12:13:55,444 [EventQueue-NewNodeForNewNodeHandler] INFO  pipeline.BackgroundPipelineCreator (BackgroundPipelineCreator.java:notifyEventTriggered(290)) - trigger a one-shot run on RatisPipelineUtilsThread.
2025-05-08 12:13:55,444 [EventQueue-NodeRegistrationContainerReportForDataNodeSafeModeRule] INFO  safemode.SCMSafeModeManager (DataNodeSafeModeRule.java:process(79)) - SCM in safe mode. 3 DataNodes registered, 3 required.
2025-05-08 12:13:55,444 [EventQueue-NodeRegistrationContainerReportForDataNodeSafeModeRule] INFO  safemode.SCMSafeModeManager (SCMSafeModeManager.java:validateSafeModeExitRules(185)) - DataNodeSafeModeRule rule is successfully validated
2025-05-08 12:13:55,444 [EventQueue-NodeRegistrationContainerReportForDataNodeSafeModeRule] INFO  safemode.SCMSafeModeManager (SCMSafeModeManager.java:completePreCheck(214)) - All SCM safe mode pre check rules have passed
2025-05-08 12:13:55,445 [EventQueue-NodeRegistrationContainerReportForDataNodeSafeModeRule] INFO  ha.SCMContext (SCMContext.java:updateSafeModeStatus(224)) - Update SafeModeStatus from SafeModeStatus{safeModeStatus=true, preCheckPassed=false} to SafeModeStatus{safeModeStatus=true, preCheckPassed=true}.
2025-05-08 12:13:55,445 [EventQueue-NodeRegistrationContainerReportForDataNodeSafeModeRule] INFO  pipeline.BackgroundPipelineCreator (BackgroundPipelineCreator.java:notifyEventTriggered(290)) - trigger a one-shot run on RatisPipelineUtilsThread.
2025-05-08 12:13:55,445 [RatisPipelineUtilsThread-0] INFO  pipeline.RatisPipelineProvider (RatisPipelineProvider.java:lambda$create$0(208)) - Sending CreatePipelineCommand for pipeline:PipelineID=01286881-081e-4ccb-bb09-d66a53b01281 to datanode:7c8f0716-ab75-44b9-b6ec-eb9ccd1caa65(localhost/127.0.0.1)
2025-05-08 12:13:55,448 [aa40a6e8-77ba-434d-b9e7-e4aad8dcbfb7@group-2C7F8CA0458D-StateMachineUpdater] INFO  safemode.HealthyPipelineSafeModeRule (HealthyPipelineSafeModeRule.java:initializeRule(173)) - Refreshed total pipeline count is 0, healthy pipeline threshold count is 1
2025-05-08 12:13:55,449 [RatisPipelineUtilsThread-0] INFO  pipeline.BackgroundPipelineCreator (BackgroundPipelineCreator.java:createPipelines(246)) - Created new pipeline Pipeline{ Id: 01286881-081e-4ccb-bb09-d66a53b01281, Nodes: [ {7c8f0716-ab75-44b9-b6ec-eb9ccd1caa65(localhost/127.0.0.1), ReplicaIndex: 0},], ReplicationConfig: RATIS/ONE, State:ALLOCATED, leaderId:, CreationTimestamp2025-05-08T12:13:55.445619515Z[Etc/UTC]}
2025-05-08 12:13:55,452 [RatisPipelineUtilsThread-0] INFO  pipeline.RatisPipelineProvider (RatisPipelineProvider.java:lambda$create$0(208)) - Sending CreatePipelineCommand for pipeline:PipelineID=30af3b1a-a629-40eb-b1f1-cf0b59c01792 to datanode:7c8f0716-ab75-44b9-b6ec-eb9ccd1caa65(localhost/127.0.0.1)
2025-05-08 12:13:55,452 [RatisPipelineUtilsThread-0] INFO  pipeline.RatisPipelineProvider (RatisPipelineProvider.java:lambda$create$0(208)) - Sending CreatePipelineCommand for pipeline:PipelineID=30af3b1a-a629-40eb-b1f1-cf0b59c01792 to datanode:73de0732-aa09-4d2e-8ccf-f79b8b9cbabe(localhost/127.0.0.1)
2025-05-08 12:13:55,452 [RatisPipelineUtilsThread-0] INFO  pipeline.RatisPipelineProvider (RatisPipelineProvider.java:lambda$create$0(208)) - Sending CreatePipelineCommand for pipeline:PipelineID=30af3b1a-a629-40eb-b1f1-cf0b59c01792 to datanode:317162a0-bd3d-40ad-b205-542abbf35090(localhost/127.0.0.1)
2025-05-08 12:13:55,455 [aa40a6e8-77ba-434d-b9e7-e4aad8dcbfb7@group-2C7F8CA0458D-StateMachineUpdater] INFO  safemode.HealthyPipelineSafeModeRule (HealthyPipelineSafeModeRule.java:initializeRule(173)) - Refreshed total pipeline count is 0, healthy pipeline threshold count is 1
2025-05-08 12:13:55,456 [RatisPipelineUtilsThread-0] INFO  pipeline.BackgroundPipelineCreator (BackgroundPipelineCreator.java:createPipelines(246)) - Created new pipeline Pipeline{ Id: 30af3b1a-a629-40eb-b1f1-cf0b59c01792, Nodes: [ {7c8f0716-ab75-44b9-b6ec-eb9ccd1caa65(localhost/127.0.0.1), ReplicaIndex: 0}, {73de0732-aa09-4d2e-8ccf-f79b8b9cbabe(localhost/127.0.0.1), ReplicaIndex: 0}, {317162a0-bd3d-40ad-b205-542abbf35090(localhost/127.0.0.1), ReplicaIndex: 0},], ReplicationConfig: RATIS/THREE, State:ALLOCATED, leaderId:, CreationTimestamp2025-05-08T12:13:55.452383001Z[Etc/UTC]}
2025-05-08 12:13:55,493 [39727330-a832-4a1a-a148-c345636681a8-EndpointStateMachineTaskThread-/0.0.0.0:15002-0 ] INFO  utils.DatanodeStoreCache (DatanodeStoreCache.java:addDB(70)) - Added db /home/runner/work/ozone/ozone/hadoop-ozone/integration-test/target/test-dir/MiniOzoneClusterImpl-efc39a28-6472-4ee4-b6fc-2c7f8ca0458d/ozone-meta/datanode-5/data-0/hdds/efc39a28-6472-4ee4-b6fc-2c7f8ca0458d/DS-4c62fedb-485c-458a-a3ca-637d0f47bafe/container.db to cache
2025-05-08 12:13:55,494 [39727330-a832-4a1a-a148-c345636681a8-EndpointStateMachineTaskThread-/0.0.0.0:15002-0 ] INFO  volume.HddsVolume (HddsVolume.java:createDbStore(510)) - SchemaV3 db is created and loaded at /home/runner/work/ozone/ozone/hadoop-ozone/integration-test/target/test-dir/MiniOzoneClusterImpl-efc39a28-6472-4ee4-b6fc-2c7f8ca0458d/ozone-meta/datanode-5/data-0/hdds/efc39a28-6472-4ee4-b6fc-2c7f8ca0458d/DS-4c62fedb-485c-458a-a3ca-637d0f47bafe/container.db for volume DS-4c62fedb-485c-458a-a3ca-637d0f47bafe
2025-05-08 12:13:55,497 [39727330-a832-4a1a-a148-c345636681a8-ContainerReader-0] INFO  ozoneimpl.ContainerReader (ContainerReader.java:readVolume(144)) - Start to verify containers on volume /home/runner/work/ozone/ozone/hadoop-ozone/integration-test/target/test-dir/MiniOzoneClusterImpl-efc39a28-6472-4ee4-b6fc-2c7f8ca0458d/ozone-meta/datanode-5/data-0/hdds
2025-05-08 12:13:55,497 [39727330-a832-4a1a-a148-c345636681a8-ContainerReader-0] INFO  ozoneimpl.ContainerReader (ContainerReader.java:readVolume(174)) - Finish verifying containers on volume /home/runner/work/ozone/ozone/hadoop-ozone/integration-test/target/test-dir/MiniOzoneClusterImpl-efc39a28-6472-4ee4-b6fc-2c7f8ca0458d/ozone-meta/datanode-5/data-0/hdds
2025-05-08 12:13:55,497 [39727330-a832-4a1a-a148-c345636681a8-EndpointStateMachineTaskThread-/0.0.0.0:15002-0 ] INFO  ozoneimpl.OzoneContainer (OzoneContainer.java:buildContainerSet(364)) - Build ContainerSet costs 0s
2025-05-08 12:13:55,498 [39727330-a832-4a1a-a148-c345636681a8-EndpointStateMachineTaskThread-/0.0.0.0:15002-0 ] INFO  volume.ThrottledAsyncChecker (ThrottledAsyncChecker.java:schedule(138)) - Scheduling a check for /home/runner/work/ozone/ozone/hadoop-ozone/integration-test/target/test-dir/MiniOzoneClusterImpl-efc39a28-6472-4ee4-b6fc-2c7f8ca0458d/ozone-meta/datanode-5/data-0/hdds
2025-05-08 12:13:55,499 [39727330-a832-4a1a-a148-c345636681a8-EndpointStateMachineTaskThread-/0.0.0.0:15002-0 ] INFO  volume.StorageVolumeChecker (StorageVolumeChecker.java:checkAllVolumes(215)) - Scheduled health check for volume /home/runner/work/ozone/ozone/hadoop-ozone/integration-test/target/test-dir/MiniOzoneClusterImpl-efc39a28-6472-4ee4-b6fc-2c7f8ca0458d/ozone-meta/datanode-5/data-0/hdds
2025-05-08 12:13:55,503 [39727330-a832-4a1a-a148-c345636681a8-EndpointStateMachineTaskThread-/0.0.0.0:15002-0 ] INFO  volume.ThrottledAsyncChecker (ThrottledAsyncChecker.java:schedule(138)) - Scheduling a check for /home/runner/work/ozone/ozone/hadoop-ozone/integration-test/target/test-dir/MiniOzoneClusterImpl-efc39a28-6472-4ee4-b6fc-2c7f8ca0458d/ozone-meta/datanode-5/ratis
2025-05-08 12:13:55,503 [39727330-a832-4a1a-a148-c345636681a8-EndpointStateMachineTaskThread-/0.0.0.0:15002-0 ] INFO  volume.StorageVolumeChecker (StorageVolumeChecker.java:checkAllVolumes(215)) - Scheduled health check for volume /home/runner/work/ozone/ozone/hadoop-ozone/integration-test/target/test-dir/MiniOzoneClusterImpl-efc39a28-6472-4ee4-b6fc-2c7f8ca0458d/ozone-meta/datanode-5/ratis
2025-05-08 12:13:55,505 [39727330-a832-4a1a-a148-c345636681a8-EndpointStateMachineTaskThread-/0.0.0.0:15002-0 ] INFO  ozoneimpl.OzoneContainer (OzoneContainer.java:start(512)) - Attempting to start container services.
2025-05-08 12:13:55,505 [39727330-a832-4a1a-a148-c345636681a8-EndpointStateMachineTaskThread-/0.0.0.0:15002-0 ] WARN  ozoneimpl.OnDemandContainerDataScanner (OnDemandContainerDataScanner.java:init(74)) - Trying to initialize on demand scanner a second time on a datanode.
2025-05-08 12:13:55,506 [ContainerMetadataScanner] INFO  ozoneimpl.AbstractBackgroundContainerScanner (AbstractBackgroundContainerScanner.java:runIteration(89)) - Completed an iteration in 0 minutes. Number of iterations (since the data-node restart) : 1, Number of containers scanned in this iteration : 0, Number of unhealthy containers found in this iteration : 0
2025-05-08 12:13:55,507 [ContainerDataScanner(/home/runner/work/ozone/ozone/hadoop-ozone/integration-test/target/test-dir/MiniOzoneClusterImpl-efc39a28-6472-4ee4-b6fc-2c7f8ca0458d/ozone-meta/datanode-5/data-0/hdds)] INFO  ozoneimpl.AbstractBackgroundContainerScanner (AbstractBackgroundContainerScanner.java:runIteration(89)) - Completed an iteration in 0 minutes. Number of iterations (since the data-node restart) : 1, Number of containers scanned in this iteration : 0, Number of unhealthy containers found in this iteration : 0
2025-05-08 12:13:55,508 [39727330-a832-4a1a-a148-c345636681a8-EndpointStateMachineTaskThread-/0.0.0.0:15002-0 ] INFO  replication.ReplicationServer (ReplicationServer.java:start(137)) - ReplicationServer is started using port 15049
2025-05-08 12:13:55,509 [39727330-a832-4a1a-a148-c345636681a8-EndpointStateMachineTaskThread-/0.0.0.0:15002-0 ] INFO  ratis.XceiverServerRatis (XceiverServerRatis.java:start(559)) - Starting XceiverServerRatis(39727330-a832-4a1a-a148-c345636681a8)
2025-05-08 12:13:55,510 [39727330-a832-4a1a-a148-c345636681a8-EndpointStateMachineTaskThread-/0.0.0.0:15002-0 ] INFO  server.RaftServer (RaftServerProxy.java:startImpl(407)) - 39727330-a832-4a1a-a148-c345636681a8: start RPC server
2025-05-08 12:13:55,510 [39727330-a832-4a1a-a148-c345636681a8-EndpointStateMachineTaskThread-/0.0.0.0:15002-0 ] INFO  server.GrpcService (GrpcService.java:startImpl(334)) - 39727330-a832-4a1a-a148-c345636681a8: GrpcService started, listening on 15045
2025-05-08 12:13:55,511 [39727330-a832-4a1a-a148-c345636681a8-EndpointStateMachineTaskThread-/0.0.0.0:15002-0 ] INFO  server.GrpcService (GrpcService.java:startImpl(334)) - 39727330-a832-4a1a-a148-c345636681a8: GrpcService started, listening on 15047
2025-05-08 12:13:55,512 [39727330-a832-4a1a-a148-c345636681a8-EndpointStateMachineTaskThread-/0.0.0.0:15002-0 ] INFO  server.GrpcService (GrpcService.java:startImpl(334)) - 39727330-a832-4a1a-a148-c345636681a8: GrpcService started, listening on 15046
2025-05-08 12:13:55,512 [39727330-a832-4a1a-a148-c345636681a8-EndpointStateMachineTaskThread-/0.0.0.0:15002-0 ] INFO  ratis.XceiverServerRatis (XceiverServerRatis.java:getRealPort(586)) - XceiverServerRatis(39727330-a832-4a1a-a148-c345636681a8) is started using port RATIS=15045
2025-05-08 12:13:55,512 [39727330-a832-4a1a-a148-c345636681a8-EndpointStateMachineTaskThread-/0.0.0.0:15002-0 ] INFO  ratis.XceiverServerRatis (XceiverServerRatis.java:getRealPort(586)) - XceiverServerRatis(39727330-a832-4a1a-a148-c345636681a8) is started using port RATIS_ADMIN=15046
2025-05-08 12:13:55,512 [39727330-a832-4a1a-a148-c345636681a8-EndpointStateMachineTaskThread-/0.0.0.0:15002-0 ] INFO  ratis.XceiverServerRatis (XceiverServerRatis.java:getRealPort(586)) - XceiverServerRatis(39727330-a832-4a1a-a148-c345636681a8) is started using port RATIS_SERVER=15047
2025-05-08 12:13:55,512 [39727330-a832-4a1a-a148-c345636681a8-EndpointStateMachineTaskThread-/0.0.0.0:15002-0 ] INFO  ratis.XceiverServerRatis (XceiverServerRatis.java:getRealPort(586)) - XceiverServerRatis(39727330-a832-4a1a-a148-c345636681a8) is started using port RATIS_DATASTREAM=15048
2025-05-08 12:13:55,512 [JvmPauseMonitor7] INFO  util.JvmPauseMonitor (JvmPauseMonitor.java:run(146)) - JvmPauseMonitor-39727330-a832-4a1a-a148-c345636681a8: Started
2025-05-08 12:13:55,514 [39727330-a832-4a1a-a148-c345636681a8-BlockDeletingService#0] INFO  interfaces.ContainerDeletionChoosingPolicyTemplate (ContainerDeletionChoosingPolicyTemplate.java:chooseContainerForBlockDeletion(83)) - Chosen 0/5000 blocks from 0 candidate containers.
2025-05-08 12:13:55,690 [IPC Server handler 7 on default port 15002] INFO  net.NetworkTopologyImpl (NetworkTopologyImpl.java:add(133)) - Added a new node: /default-rack/2ac133fa-68ef-4921-8bb4-d040b7072d41
2025-05-08 12:13:55,690 [IPC Server handler 7 on default port 15002] INFO  node.SCMNodeManager (SCMNodeManager.java:register(426)) - Registered datanode: 2ac133fa-68ef-4921-8bb4-d040b7072d41{ip: 127.0.0.1, host: localhost, ports: [HTTP=15034, CLIENT_RPC=15035, REPLICATION=15041, RATIS=15037, RATIS_ADMIN=15038, RATIS_SERVER=15039, RATIS_DATASTREAM=15040, STANDALONE=15036], networkLocation: /default-rack, certSerialId: null, persistedOpState: null, persistedOpStateExpiryEpochSec: 0}
2025-05-08 12:13:55,690 [EventQueue-NewNodeForNewNodeHandler] INFO  pipeline.BackgroundPipelineCreator (BackgroundPipelineCreator.java:notifyEventTriggered(290)) - trigger a one-shot run on RatisPipelineUtilsThread.
2025-05-08 12:13:55,691 [RatisPipelineUtilsThread-0] INFO  pipeline.RatisPipelineProvider (RatisPipelineProvider.java:lambda$create$0(208)) - Sending CreatePipelineCommand for pipeline:PipelineID=da6c9983-8d9a-4b94-8d72-1e43dcad66c2 to datanode:2ac133fa-68ef-4921-8bb4-d040b7072d41(localhost/127.0.0.1)
2025-05-08 12:13:55,694 [aa40a6e8-77ba-434d-b9e7-e4aad8dcbfb7@group-2C7F8CA0458D-StateMachineUpdater] INFO  safemode.HealthyPipelineSafeModeRule (HealthyPipelineSafeModeRule.java:initializeRule(173)) - Refreshed total pipeline count is 0, healthy pipeline threshold count is 1
2025-05-08 12:13:55,694 [RatisPipelineUtilsThread-0] INFO  pipeline.BackgroundPipelineCreator (BackgroundPipelineCreator.java:createPipelines(246)) - Created new pipeline Pipeline{ Id: da6c9983-8d9a-4b94-8d72-1e43dcad66c2, Nodes: [ {2ac133fa-68ef-4921-8bb4-d040b7072d41(localhost/127.0.0.1), ReplicaIndex: 0},], ReplicationConfig: RATIS/ONE, State:ALLOCATED, leaderId:, CreationTimestamp2025-05-08T12:13:55.691252226Z[Etc/UTC]}
2025-05-08 12:13:55,956 [IPC Server handler 1 on default port 15002] INFO  net.NetworkTopologyImpl (NetworkTopologyImpl.java:add(133)) - Added a new node: /default-rack/39727330-a832-4a1a-a148-c345636681a8
2025-05-08 12:13:55,956 [IPC Server handler 1 on default port 15002] INFO  node.SCMNodeManager (SCMNodeManager.java:register(426)) - Registered datanode: 39727330-a832-4a1a-a148-c345636681a8{ip: 127.0.0.1, host: localhost, ports: [HTTP=15042, CLIENT_RPC=15043, REPLICATION=15049, RATIS=15045, RATIS_ADMIN=15046, RATIS_SERVER=15047, RATIS_DATASTREAM=15048, STANDALONE=15044], networkLocation: /default-rack, certSerialId: null, persistedOpState: null, persistedOpStateExpiryEpochSec: 0}
2025-05-08 12:13:55,956 [EventQueue-NewNodeForNewNodeHandler] INFO  pipeline.BackgroundPipelineCreator (BackgroundPipelineCreator.java:notifyEventTriggered(290)) - trigger a one-shot run on RatisPipelineUtilsThread.
2025-05-08 12:13:55,957 [main] INFO  ozone.MiniOzoneClusterImpl (MiniOzoneClusterImpl.java:lambda$waitForClusterToBeReady$0(190)) - Nodes are ready. Got 5 of 5 DN Heartbeats.
2025-05-08 12:13:55,957 [main] INFO  ozone.MiniOzoneClusterImpl (MiniOzoneClusterImpl.java:lambda$waitForClusterToBeReady$0(193)) - Waiting for cluster to exit safe mode
2025-05-08 12:13:55,957 [main] INFO  ozone.MiniOzoneClusterImpl (MiniOzoneClusterImpl.java:lambda$waitForClusterToBeReady$0(195)) - SCM became leader
2025-05-08 12:13:55,957 [RatisPipelineUtilsThread-0] INFO  pipeline.RatisPipelineProvider (RatisPipelineProvider.java:lambda$create$0(208)) - Sending CreatePipelineCommand for pipeline:PipelineID=8e926d94-b426-4528-ae2e-70ea8a22823c to datanode:39727330-a832-4a1a-a148-c345636681a8(localhost/127.0.0.1)
2025-05-08 12:13:55,960 [aa40a6e8-77ba-434d-b9e7-e4aad8dcbfb7@group-2C7F8CA0458D-StateMachineUpdater] INFO  safemode.HealthyPipelineSafeModeRule (HealthyPipelineSafeModeRule.java:initializeRule(173)) - Refreshed total pipeline count is 0, healthy pipeline threshold count is 1
2025-05-08 12:13:55,960 [RatisPipelineUtilsThread-0] INFO  pipeline.BackgroundPipelineCreator (BackgroundPipelineCreator.java:createPipelines(246)) - Created new pipeline Pipeline{ Id: 8e926d94-b426-4528-ae2e-70ea8a22823c, Nodes: [ {39727330-a832-4a1a-a148-c345636681a8(localhost/127.0.0.1), ReplicaIndex: 0},], ReplicationConfig: RATIS/ONE, State:ALLOCATED, leaderId:, CreationTimestamp2025-05-08T12:13:55.957182009Z[Etc/UTC]}
2025-05-08 12:13:56,057 [ReplicationMonitor] INFO  replication.ReplicationManager (ReplicationManager.java:processAll(357)) - Replication Manager is not ready to run until 3000ms after safemode exit
2025-05-08 12:13:56,957 [main] INFO  ozone.MiniOzoneClusterImpl (MiniOzoneClusterImpl.java:lambda$waitForClusterToBeReady$0(190)) - Nodes are ready. Got 5 of 5 DN Heartbeats.
2025-05-08 12:13:56,957 [main] INFO  ozone.MiniOzoneClusterImpl (MiniOzoneClusterImpl.java:lambda$waitForClusterToBeReady$0(193)) - Waiting for cluster to exit safe mode
2025-05-08 12:13:56,957 [main] INFO  ozone.MiniOzoneClusterImpl (MiniOzoneClusterImpl.java:lambda$waitForClusterToBeReady$0(195)) - SCM became leader
2025-05-08 12:13:57,057 [ReplicationMonitor] INFO  replication.ReplicationManager (ReplicationManager.java:processAll(357)) - Replication Manager is not ready to run until 3000ms after safemode exit
2025-05-08 12:13:57,477 [73de0732-aa09-4d2e-8ccf-f79b8b9cbabe-PipelineCommandHandlerThread-0] INFO  server.RaftServer (RaftServerProxy.java:addNew(100)) - 73de0732-aa09-4d2e-8ccf-f79b8b9cbabe: addNew group-8ABA74081F30:[73de0732-aa09-4d2e-8ccf-f79b8b9cbabe|127.0.0.1:15015] returns group-8ABA74081F30:java.util.concurrent.CompletableFuture@1f480d32[Not completed]
2025-05-08 12:13:57,484 [73de0732-aa09-4d2e-8ccf-f79b8b9cbabe-groupManagement] INFO  server.RaftServer$Division (RaftServerImpl.java:<init>(255)) - 73de0732-aa09-4d2e-8ccf-f79b8b9cbabe: new RaftServerImpl for group-8ABA74081F30:[73de0732-aa09-4d2e-8ccf-f79b8b9cbabe|127.0.0.1:15015] with ContainerStateMachine:uninitialized
2025-05-08 12:13:57,484 [73de0732-aa09-4d2e-8ccf-f79b8b9cbabe-groupManagement] INFO  server.RaftServerConfigKeys (ConfUtils.java:logGet(46)) - raft.server.rpc.timeout.min = 5s (custom)
2025-05-08 12:13:57,484 [73de0732-aa09-4d2e-8ccf-f79b8b9cbabe-groupManagement] INFO  server.RaftServerConfigKeys (ConfUtils.java:logGet(46)) - raft.server.rpc.timeout.max = 5200ms (custom)
2025-05-08 12:13:57,484 [73de0732-aa09-4d2e-8ccf-f79b8b9cbabe-groupManagement] INFO  server.RaftServerConfigKeys (ConfUtils.java:logGet(46)) - raft.server.rpc.sleep.time = 25ms (default)
2025-05-08 12:13:57,485 [73de0732-aa09-4d2e-8ccf-f79b8b9cbabe-groupManagement] INFO  server.RaftServerConfigKeys (ConfUtils.java:logGet(46)) - raft.server.rpc.slowness.timeout = 300s (custom)
2025-05-08 12:13:57,485 [73de0732-aa09-4d2e-8ccf-f79b8b9cbabe-groupManagement] INFO  server.RaftServerConfigKeys (ConfUtils.java:logGet(46)) - raft.server.leaderelection.leader.step-down.wait-time = 10s (default)
2025-05-08 12:13:57,485 [73de0732-aa09-4d2e-8ccf-f79b8b9cbabe-groupManagement] INFO  server.RaftServerConfigKeys (ConfUtils.java:logGet(46)) - raft.server.leaderelection.member.majority-add = false (default)
2025-05-08 12:13:57,485 [73de0732-aa09-4d2e-8ccf-f79b8b9cbabe-groupManagement] INFO  server.RaftServerConfigKeys (ConfUtils.java:logGet(46)) - raft.server.sleep.deviation.threshold = 300ms (default)
2025-05-08 12:13:57,485 [73de0732-aa09-4d2e-8ccf-f79b8b9cbabe-groupManagement] INFO  server.RaftServer$Division (ServerState.java:<init>(114)) - 73de0732-aa09-4d2e-8ccf-f79b8b9cbabe@group-8ABA74081F30: ConfigurationManager, init=conf: {index: -1, cur=peers:[73de0732-aa09-4d2e-8ccf-f79b8b9cbabe|127.0.0.1:15015]|listeners:[], old=null}, confs=<EMPTY_MAP>
2025-05-08 12:13:57,485 [73de0732-aa09-4d2e-8ccf-f79b8b9cbabe-groupManagement] INFO  server.RaftServerConfigKeys (ConfUtils.java:logGet(46)) - raft.server.notification.no-leader.timeout = 300s (custom)
2025-05-08 12:13:57,485 [73de0732-aa09-4d2e-8ccf-f79b8b9cbabe-groupManagement] INFO  server.RaftServerConfigKeys (ConfUtils.java:logGet(46)) - raft.server.read.timeout = 10s (default)
2025-05-08 12:13:57,485 [73de0732-aa09-4d2e-8ccf-f79b8b9cbabe-groupManagement] INFO  server.RaftServerConfigKeys (ConfUtils.java:logGet(46)) - raft.server.retrycache.expirytime = 600000ms (custom)
2025-05-08 12:13:57,485 [73de0732-aa09-4d2e-8ccf-f79b8b9cbabe-groupManagement] INFO  server.RaftServerConfigKeys (ConfUtils.java:logGet(46)) - raft.server.retrycache.statistics.expirytime = 100ms (default)
2025-05-08 12:13:57,485 [73de0732-aa09-4d2e-8ccf-f79b8b9cbabe-groupManagement] INFO  server.RaftServerConfigKeys (ConfUtils.java:logGet(46)) - raft.server.read.option = DEFAULT (default)
2025-05-08 12:13:57,485 [73de0732-aa09-4d2e-8ccf-f79b8b9cbabe-groupManagement] INFO  server.RaftServerConfigKeys (ConfUtils.java:logGet(46)) - raft.server.read.read-after-write-consistent.write-index-cache.expiry-time = 60s (default)
2025-05-08 12:13:57,494 [73de0732-aa09-4d2e-8ccf-f79b8b9cbabe-groupManagement] INFO  server.RaftServerConfigKeys (ConfUtils.java:logGet(46)) - raft.server.rpc.request.timeout = 60s (custom)
2025-05-08 12:13:57,494 [73de0732-aa09-4d2e-8ccf-f79b8b9cbabe-groupManagement] INFO  server.RaftServerConfigKeys (ConfUtils.java:logGet(46)) - raft.server.log.appender.install.snapshot.enabled = false (custom)
2025-05-08 12:13:57,494 [73de0732-aa09-4d2e-8ccf-f79b8b9cbabe-groupManagement] INFO  server.RaftServerConfigKeys (ConfUtils.java:logGet(46)) - raft.server.threadpool.server.cached = true (default)
2025-05-08 12:13:57,494 [73de0732-aa09-4d2e-8ccf-f79b8b9cbabe-groupManagement] INFO  server.RaftServerConfigKeys (ConfUtils.java:logGet(46)) - raft.server.threadpool.server.size = 0 (default)
2025-05-08 12:13:57,494 [73de0732-aa09-4d2e-8ccf-f79b8b9cbabe-groupManagement] INFO  server.RaftServerConfigKeys (ConfUtils.java:logGet(46)) - raft.server.threadpool.client.cached = true (default)
2025-05-08 12:13:57,494 [73de0732-aa09-4d2e-8ccf-f79b8b9cbabe-groupManagement] INFO  server.RaftServerConfigKeys (ConfUtils.java:logGet(46)) - raft.server.threadpool.client.size = 0 (default)
2025-05-08 12:13:57,494 [73de0732-aa09-4d2e-8ccf-f79b8b9cbabe-groupManagement] INFO  server.RaftServerConfigKeys (ConfUtils.java:logGet(46)) - raft.server.storage.free-space.min = 0MB (=0) (default)
2025-05-08 12:13:57,495 [73de0732-aa09-4d2e-8ccf-f79b8b9cbabe-groupManagement] INFO  server.RaftServerConfigKeys (ConfUtils.java:logGet(46)) - raft.server.log.corruption.policy = EXCEPTION (default)
2025-05-08 12:13:57,495 [73de0732-aa09-4d2e-8ccf-f79b8b9cbabe-groupManagement] INFO  server.RaftServerConfigKeys (ConfUtils.java:logGet(46)) - raft.server.storage.dir = [/home/runner/work/ozone/ozone/hadoop-ozone/integration-test/target/test-dir/MiniOzoneClusterImpl-efc39a28-6472-4ee4-b6fc-2c7f8ca0458d/ozone-meta/datanode-1/ratis] (custom)
2025-05-08 12:13:57,495 [73de0732-aa09-4d2e-8ccf-f79b8b9cbabe-groupManagement] INFO  storage.RaftStorageDirectory (RaftStorageDirectoryImpl.java:analyzeStorage(138)) - The storage directory /home/runner/work/ozone/ozone/hadoop-ozone/integration-test/target/test-dir/MiniOzoneClusterImpl-efc39a28-6472-4ee4-b6fc-2c7f8ca0458d/ozone-meta/datanode-1/ratis/d3ebd350-a24c-4a07-8ac7-8aba74081f30 does not exist. Creating ...
2025-05-08 12:13:57,496 [73de0732-aa09-4d2e-8ccf-f79b8b9cbabe-groupManagement] INFO  storage.RaftStorageDirectory (RaftStorageDirectoryImpl.java:tryLock(229)) - Lock on /home/runner/work/ozone/ozone/hadoop-ozone/integration-test/target/test-dir/MiniOzoneClusterImpl-efc39a28-6472-4ee4-b6fc-2c7f8ca0458d/ozone-meta/datanode-1/ratis/d3ebd350-a24c-4a07-8ac7-8aba74081f30/in_use.lock acquired by nodename 33187@fv-az1940-623
2025-05-08 12:13:57,497 [73de0732-aa09-4d2e-8ccf-f79b8b9cbabe-groupManagement] INFO  storage.RaftStorage (RaftStorageImpl.java:format(98)) - Storage directory /home/runner/work/ozone/ozone/hadoop-ozone/integration-test/target/test-dir/MiniOzoneClusterImpl-efc39a28-6472-4ee4-b6fc-2c7f8ca0458d/ozone-meta/datanode-1/ratis/d3ebd350-a24c-4a07-8ac7-8aba74081f30 has been successfully formatted.
2025-05-08 12:13:57,501 [73de0732-aa09-4d2e-8ccf-f79b8b9cbabe-groupManagement] INFO  ratis.ContainerStateMachine (ContainerStateMachine.java:initialize(339)) - 73de0732-aa09-4d2e-8ccf-f79b8b9cbabe: initialize group-8ABA74081F30
2025-05-08 12:13:57,501 [73de0732-aa09-4d2e-8ccf-f79b8b9cbabe-groupManagement] INFO  ratis.ContainerStateMachine (ContainerStateMachine.java:loadSnapshot(347)) - group-8ABA74081F30: The snapshot info is null. Setting the last applied index to:(t:0, i:~)
2025-05-08 12:13:57,501 [73de0732-aa09-4d2e-8ccf-f79b8b9cbabe-groupManagement] INFO  server.RaftServerConfigKeys (ConfUtils.java:logGet(46)) - raft.server.log.use.memory = false (default)
2025-05-08 12:13:57,501 [73de0732-aa09-4d2e-8ccf-f79b8b9cbabe-groupManagement] INFO  server.RaftServerConfigKeys (ConfUtils.java:logGet(46)) - raft.server.log.purge.gap = 1000000 (custom)
2025-05-08 12:13:57,501 [73de0732-aa09-4d2e-8ccf-f79b8b9cbabe-groupManagement] INFO  server.RaftServerConfigKeys (ConfUtils.java:logGet(46)) - raft.server.log.appender.buffer.byte-limit = 33554432 (custom)
2025-05-08 12:13:57,501 [73de0732-aa09-4d2e-8ccf-f79b8b9cbabe-groupManagement] INFO  server.RaftServerConfigKeys (ConfUtils.java:logGet(46)) - raft.server.log.statemachine.data.read.timeout = 1000ms (default)
2025-05-08 12:13:57,501 [73de0732-aa09-4d2e-8ccf-f79b8b9cbabe-groupManagement] INFO  server.RaftServerConfigKeys (ConfUtils.java:logGet(46)) - raft.server.log.purge.preservation.log.num = 0 (default)
2025-05-08 12:13:57,504 [73de0732-aa09-4d2e-8ccf-f79b8b9cbabe-groupManagement] INFO  server.RaftServerConfigKeys (ConfUtils.java:logGet(46)) - raft.server.log.segment.size.max = 67108864 (custom)
2025-05-08 12:13:57,505 [73de0732-aa09-4d2e-8ccf-f79b8b9cbabe-groupManagement] INFO  server.RaftServerConfigKeys (ConfUtils.java:logGet(46)) - raft.server.log.segment.cache.num.max = 2 (custom)
2025-05-08 12:13:57,505 [73de0732-aa09-4d2e-8ccf-f79b8b9cbabe-groupManagement] INFO  server.RaftServerConfigKeys (ConfUtils.java:logGet(46)) - raft.server.log.segment.cache.size.max = 200MB (=209715200) (default)
2025-05-08 12:13:57,505 [73de0732-aa09-4d2e-8ccf-f79b8b9cbabe-groupManagement] INFO  server.RaftServerConfigKeys (ConfUtils.java:logGet(46)) - raft.server.log.appender.buffer.byte-limit = 33554432 (custom)
2025-05-08 12:13:57,505 [73de0732-aa09-4d2e-8ccf-f79b8b9cbabe-groupManagement] INFO  util.AwaitToRun (AwaitToRun.java:start(81)) - Thread[#853,73de0732-aa09-4d2e-8ccf-f79b8b9cbabe@group-8ABA74081F30-cacheEviction-AwaitToRun,5,main] started
2025-05-08 12:13:57,505 [73de0732-aa09-4d2e-8ccf-f79b8b9cbabe-groupManagement] INFO  segmented.SegmentedRaftLogWorker (SegmentedRaftLogWorker.java:<init>(188)) - new 73de0732-aa09-4d2e-8ccf-f79b8b9cbabe@group-8ABA74081F30-SegmentedRaftLogWorker for RaftStorageImpl:Storage Directory /home/runner/work/ozone/ozone/hadoop-ozone/integration-test/target/test-dir/MiniOzoneClusterImpl-efc39a28-6472-4ee4-b6fc-2c7f8ca0458d/ozone-meta/datanode-1/ratis/d3ebd350-a24c-4a07-8ac7-8aba74081f30
2025-05-08 12:13:57,505 [73de0732-aa09-4d2e-8ccf-f79b8b9cbabe-groupManagement] INFO  server.RaftServerConfigKeys (ConfUtils.java:logGet(46)) - raft.server.log.queue.byte-limit = 4294967296 (custom)
2025-05-08 12:13:57,505 [73de0732-aa09-4d2e-8ccf-f79b8b9cbabe-groupManagement] INFO  server.RaftServerConfigKeys (ConfUtils.java:logGet(46)) - raft.server.log.queue.element-limit = 1024 (custom)
2025-05-08 12:13:57,505 [73de0732-aa09-4d2e-8ccf-f79b8b9cbabe-groupManagement] INFO  server.RaftServerConfigKeys (ConfUtils.java:logGet(46)) - raft.server.log.segment.size.max = 67108864 (custom)
2025-05-08 12:13:57,506 [73de0732-aa09-4d2e-8ccf-f79b8b9cbabe-groupManagement] INFO  server.RaftServerConfigKeys (ConfUtils.java:logGet(46)) - raft.server.log.preallocated.size = 4194304 (custom)
2025-05-08 12:13:57,506 [73de0732-aa09-4d2e-8ccf-f79b8b9cbabe-groupManagement] INFO  server.RaftServerConfigKeys (ConfUtils.java:logGet(46)) - raft.server.log.force.sync.num = 128 (default)
2025-05-08 12:13:57,506 [73de0732-aa09-4d2e-8ccf-f79b8b9cbabe-groupManagement] INFO  server.RaftServerConfigKeys (ConfUtils.java:logGet(46)) - raft.server.log.statemachine.data.sync = true (default)
2025-05-08 12:13:57,506 [73de0732-aa09-4d2e-8ccf-f79b8b9cbabe-groupManagement] INFO  server.RaftServerConfigKeys (ConfUtils.java:logGet(46)) - raft.server.log.statemachine.data.sync.timeout = 10s (default)
2025-05-08 12:13:57,506 [73de0732-aa09-4d2e-8ccf-f79b8b9cbabe-groupManagement] INFO  server.RaftServerConfigKeys (ConfUtils.java:logGet(46)) - raft.server.log.statemachine.data.sync.timeout.retry = 30 (custom)
2025-05-08 12:13:57,506 [73de0732-aa09-4d2e-8ccf-f79b8b9cbabe-groupManagement] INFO  server.RaftServerConfigKeys (ConfUtils.java:logGet(46)) - raft.server.log.write.buffer.size = 33554440 (custom)
2025-05-08 12:13:57,512 [73de0732-aa09-4d2e-8ccf-f79b8b9cbabe-groupManagement] INFO  server.RaftServerConfigKeys (ConfUtils.java:logGet(46)) - raft.server.log.appender.buffer.byte-limit = 33554432 (custom)
2025-05-08 12:13:57,512 [73de0732-aa09-4d2e-8ccf-f79b8b9cbabe-groupManagement] INFO  server.RaftServerConfigKeys (ConfUtils.java:logGet(46)) - raft.server.log.unsafe-flush.enabled = false (default)
2025-05-08 12:13:57,512 [73de0732-aa09-4d2e-8ccf-f79b8b9cbabe-groupManagement] INFO  server.RaftServerConfigKeys (ConfUtils.java:logGet(46)) - raft.server.log.async-flush.enabled = false (default)
2025-05-08 12:13:57,512 [73de0732-aa09-4d2e-8ccf-f79b8b9cbabe-groupManagement] INFO  server.RaftServerConfigKeys (ConfUtils.java:logGet(46)) - raft.server.log.statemachine.data.caching.enabled = true (custom)
2025-05-08 12:13:57,513 [73de0732-aa09-4d2e-8ccf-f79b8b9cbabe-groupManagement] INFO  segmented.SegmentedRaftLogWorker (SegmentedRaftLogWorker.java:lambda$new$0(139)) - 73de0732-aa09-4d2e-8ccf-f79b8b9cbabe@group-8ABA74081F30-SegmentedRaftLogWorker: flushIndex: setUnconditionally 0 -> -1
2025-05-08 12:13:57,513 [73de0732-aa09-4d2e-8ccf-f79b8b9cbabe-groupManagement] INFO  segmented.SegmentedRaftLogWorker (SegmentedRaftLogWorker.java:lambda$new$0(139)) - 73de0732-aa09-4d2e-8ccf-f79b8b9cbabe@group-8ABA74081F30-SegmentedRaftLogWorker: safeCacheEvictIndex: setUnconditionally 0 -> -1
2025-05-08 12:13:57,513 [73de0732-aa09-4d2e-8ccf-f79b8b9cbabe-groupManagement] INFO  server.RaftServer$Division (RaftServerImpl.java:start(391)) - 73de0732-aa09-4d2e-8ccf-f79b8b9cbabe@group-8ABA74081F30: start as a follower, conf=conf: {index: -1, cur=peers:[73de0732-aa09-4d2e-8ccf-f79b8b9cbabe|127.0.0.1:15015]|listeners:[], old=null}
2025-05-08 12:13:57,513 [73de0732-aa09-4d2e-8ccf-f79b8b9cbabe-groupManagement] INFO  server.RaftServer$Division (RaftServerImpl.java:setRole(378)) - 73de0732-aa09-4d2e-8ccf-f79b8b9cbabe@group-8ABA74081F30: changes role from      null to FOLLOWER at term 0 for startAsFollower
2025-05-08 12:13:57,513 [73de0732-aa09-4d2e-8ccf-f79b8b9cbabe-groupManagement] INFO  impl.RoleInfo (RoleInfo.java:updateAndGet(148)) - 73de0732-aa09-4d2e-8ccf-f79b8b9cbabe: start 73de0732-aa09-4d2e-8ccf-f79b8b9cbabe@group-8ABA74081F30-FollowerState
2025-05-08 12:13:57,514 [73de0732-aa09-4d2e-8ccf-f79b8b9cbabe@group-8ABA74081F30-FollowerState] INFO  server.RaftServerConfigKeys (ConfUtils.java:logGet(46)) - raft.server.rpc.first-election.timeout.min = 1000ms (custom)
2025-05-08 12:13:57,514 [73de0732-aa09-4d2e-8ccf-f79b8b9cbabe@group-8ABA74081F30-FollowerState] INFO  server.RaftServerConfigKeys (ConfUtils.java:logGet(46)) - raft.server.rpc.first-election.timeout.max = 1200ms (custom)
2025-05-08 12:13:57,514 [73de0732-aa09-4d2e-8ccf-f79b8b9cbabe-groupManagement] INFO  util.JmxRegister (JmxRegister.java:tryRegister(44)) - Successfully registered JMX Bean with object name Ratis:service=RaftServer,group=group-8ABA74081F30,id=73de0732-aa09-4d2e-8ccf-f79b8b9cbabe
2025-05-08 12:13:57,514 [73de0732-aa09-4d2e-8ccf-f79b8b9cbabe-groupManagement] INFO  util.JmxRegister (JmxRegister.java:register(58)) - register mxBean class org.apache.ratis.server.impl.RaftServerJmxAdapter as Ratis:service=RaftServer,group=group-8ABA74081F30,id=73de0732-aa09-4d2e-8ccf-f79b8b9cbabe
2025-05-08 12:13:57,514 [73de0732-aa09-4d2e-8ccf-f79b8b9cbabe-groupManagement] INFO  server.RaftServerConfigKeys (ConfUtils.java:logGet(46)) - raft.server.snapshot.trigger-when-stop.enabled = true (default)
2025-05-08 12:13:57,514 [73de0732-aa09-4d2e-8ccf-f79b8b9cbabe-groupManagement] INFO  server.RaftServerConfigKeys (ConfUtils.java:logGet(46)) - raft.server.snapshot.trigger-when-remove.enabled = true (default)
2025-05-08 12:13:57,514 [73de0732-aa09-4d2e-8ccf-f79b8b9cbabe-groupManagement] INFO  server.RaftServerConfigKeys (ConfUtils.java:logGet(46)) - raft.server.snapshot.auto.trigger.enabled = true (custom)
2025-05-08 12:13:57,514 [73de0732-aa09-4d2e-8ccf-f79b8b9cbabe-groupManagement] INFO  server.RaftServerConfigKeys (ConfUtils.java:logGet(46)) - raft.server.snapshot.auto.trigger.threshold = 100000 (custom)
2025-05-08 12:13:57,514 [73de0732-aa09-4d2e-8ccf-f79b8b9cbabe-groupManagement] INFO  server.RaftServerConfigKeys (ConfUtils.java:logGet(46)) - raft.server.snapshot.retention.file.num = 5 (custom)
2025-05-08 12:13:57,514 [73de0732-aa09-4d2e-8ccf-f79b8b9cbabe-groupManagement] INFO  server.RaftServerConfigKeys (ConfUtils.java:logGet(46)) - raft.server.log.purge.upto.snapshot.index = false (default)
2025-05-08 12:13:57,516 [73de0732-aa09-4d2e-8ccf-f79b8b9cbabe-groupManagement] INFO  server.RaftServer$Division (RaftServerImpl.java:start(405)) - 73de0732-aa09-4d2e-8ccf-f79b8b9cbabe@group-8ABA74081F30: Successfully started.
2025-05-08 12:13:57,517 [73de0732-aa09-4d2e-8ccf-f79b8b9cbabe-PipelineCommandHandlerThread-0] INFO  ratis.XceiverServerRatis (XceiverServerRatis.java:addGroup(843)) - Created group PipelineID=d3ebd350-a24c-4a07-8ac7-8aba74081f30
2025-05-08 12:13:57,517 [73de0732-aa09-4d2e-8ccf-f79b8b9cbabe-PipelineCommandHandlerThread-0] INFO  commandhandler.CreatePipelineCommandHandler (CreatePipelineCommandHandler.java:lambda$handle$2(128)) - Created Pipeline RATIS ONE PipelineID=d3ebd350-a24c-4a07-8ac7-8aba74081f30.
2025-05-08 12:13:57,518 [73de0732-aa09-4d2e-8ccf-f79b8b9cbabe-PipelineCommandHandlerThread-0] INFO  server.RaftServer (RaftServerProxy.java:addNew(100)) - 73de0732-aa09-4d2e-8ccf-f79b8b9cbabe: addNew group-CF0B59C01792:[73de0732-aa09-4d2e-8ccf-f79b8b9cbabe|127.0.0.1:15015, 317162a0-bd3d-40ad-b205-542abbf35090|127.0.0.1:15023, 7c8f0716-ab75-44b9-b6ec-eb9ccd1caa65|127.0.0.1:15031] returns group-CF0B59C01792:java.util.concurrent.CompletableFuture@4cdba696[Not completed]
2025-05-08 12:13:57,519 [73de0732-aa09-4d2e-8ccf-f79b8b9cbabe-groupManagement] INFO  server.RaftServer$Division (RaftServerImpl.java:<init>(255)) - 73de0732-aa09-4d2e-8ccf-f79b8b9cbabe: new RaftServerImpl for group-CF0B59C01792:[73de0732-aa09-4d2e-8ccf-f79b8b9cbabe|127.0.0.1:15015, 317162a0-bd3d-40ad-b205-542abbf35090|127.0.0.1:15023, 7c8f0716-ab75-44b9-b6ec-eb9ccd1caa65|127.0.0.1:15031] with ContainerStateMachine:uninitialized
2025-05-08 12:13:57,520 [73de0732-aa09-4d2e-8ccf-f79b8b9cbabe-groupManagement] INFO  server.RaftServerConfigKeys (ConfUtils.java:logGet(46)) - raft.server.rpc.timeout.min = 5s (custom)
2025-05-08 12:13:57,520 [73de0732-aa09-4d2e-8ccf-f79b8b9cbabe-groupManagement] INFO  server.RaftServerConfigKeys (ConfUtils.java:logGet(46)) - raft.server.rpc.timeout.max = 5200ms (custom)
2025-05-08 12:13:57,520 [73de0732-aa09-4d2e-8ccf-f79b8b9cbabe-groupManagement] INFO  server.RaftServerConfigKeys (ConfUtils.java:logGet(46)) - raft.server.rpc.sleep.time = 25ms (default)
2025-05-08 12:13:57,520 [73de0732-aa09-4d2e-8ccf-f79b8b9cbabe-groupManagement] INFO  server.RaftServerConfigKeys (ConfUtils.java:logGet(46)) - raft.server.rpc.slowness.timeout = 300s (custom)
2025-05-08 12:13:57,520 [73de0732-aa09-4d2e-8ccf-f79b8b9cbabe-groupManagement] INFO  server.RaftServerConfigKeys (ConfUtils.java:logGet(46)) - raft.server.leaderelection.leader.step-down.wait-time = 10s (default)
2025-05-08 12:13:57,520 [73de0732-aa09-4d2e-8ccf-f79b8b9cbabe-groupManagement] INFO  server.RaftServerConfigKeys (ConfUtils.java:logGet(46)) - raft.server.leaderelection.member.majority-add = false (default)
2025-05-08 12:13:57,520 [73de0732-aa09-4d2e-8ccf-f79b8b9cbabe-groupManagement] INFO  server.RaftServerConfigKeys (ConfUtils.java:logGet(46)) - raft.server.sleep.deviation.threshold = 300ms (default)
2025-05-08 12:13:57,520 [73de0732-aa09-4d2e-8ccf-f79b8b9cbabe-groupManagement] INFO  server.RaftServer$Division (ServerState.java:<init>(114)) - 73de0732-aa09-4d2e-8ccf-f79b8b9cbabe@group-CF0B59C01792: ConfigurationManager, init=conf: {index: -1, cur=peers:[73de0732-aa09-4d2e-8ccf-f79b8b9cbabe|127.0.0.1:15015, 317162a0-bd3d-40ad-b205-542abbf35090|127.0.0.1:15023, 7c8f0716-ab75-44b9-b6ec-eb9ccd1caa65|127.0.0.1:15031]|listeners:[], old=null}, confs=<EMPTY_MAP>
2025-05-08 12:13:57,520 [73de0732-aa09-4d2e-8ccf-f79b8b9cbabe-groupManagement] INFO  server.RaftServerConfigKeys (ConfUtils.java:logGet(46)) - raft.server.notification.no-leader.timeout = 300s (custom)
2025-05-08 12:13:57,520 [73de0732-aa09-4d2e-8ccf-f79b8b9cbabe-groupManagement] INFO  server.RaftServerConfigKeys (ConfUtils.java:logGet(46)) - raft.server.read.timeout = 10s (default)
2025-05-08 12:13:57,520 [73de0732-aa09-4d2e-8ccf-f79b8b9cbabe-groupManagement] INFO  server.RaftServerConfigKeys (ConfUtils.java:logGet(46)) - raft.server.retrycache.expirytime = 600000ms (custom)
2025-05-08 12:13:57,520 [73de0732-aa09-4d2e-8ccf-f79b8b9cbabe-groupManagement] INFO  server.RaftServerConfigKeys (ConfUtils.java:logGet(46)) - raft.server.retrycache.statistics.expirytime = 100ms (default)
2025-05-08 12:13:57,520 [73de0732-aa09-4d2e-8ccf-f79b8b9cbabe-groupManagement] INFO  server.RaftServerConfigKeys (ConfUtils.java:logGet(46)) - raft.server.read.option = DEFAULT (default)
2025-05-08 12:13:57,520 [73de0732-aa09-4d2e-8ccf-f79b8b9cbabe-groupManagement] INFO  server.RaftServerConfigKeys (ConfUtils.java:logGet(46)) - raft.server.read.read-after-write-consistent.write-index-cache.expiry-time = 60s (default)
2025-05-08 12:13:57,526 [73de0732-aa09-4d2e-8ccf-f79b8b9cbabe-groupManagement] INFO  server.RaftServerConfigKeys (ConfUtils.java:logGet(46)) - raft.server.rpc.request.timeout = 60s (custom)
2025-05-08 12:13:57,526 [73de0732-aa09-4d2e-8ccf-f79b8b9cbabe-groupManagement] INFO  server.RaftServerConfigKeys (ConfUtils.java:logGet(46)) - raft.server.log.appender.install.snapshot.enabled = false (custom)
2025-05-08 12:13:57,526 [73de0732-aa09-4d2e-8ccf-f79b8b9cbabe-groupManagement] INFO  server.RaftServerConfigKeys (ConfUtils.java:logGet(46)) - raft.server.threadpool.server.cached = true (default)
2025-05-08 12:13:57,526 [73de0732-aa09-4d2e-8ccf-f79b8b9cbabe-groupManagement] INFO  server.RaftServerConfigKeys (ConfUtils.java:logGet(46)) - raft.server.threadpool.server.size = 0 (default)
2025-05-08 12:13:57,526 [73de0732-aa09-4d2e-8ccf-f79b8b9cbabe-groupManagement] INFO  server.RaftServerConfigKeys (ConfUtils.java:logGet(46)) - raft.server.threadpool.client.cached = true (default)
2025-05-08 12:13:57,526 [73de0732-aa09-4d2e-8ccf-f79b8b9cbabe-groupManagement] INFO  server.RaftServerConfigKeys (ConfUtils.java:logGet(46)) - raft.server.threadpool.client.size = 0 (default)
2025-05-08 12:13:57,526 [73de0732-aa09-4d2e-8ccf-f79b8b9cbabe-groupManagement] INFO  server.RaftServerConfigKeys (ConfUtils.java:logGet(46)) - raft.server.storage.free-space.min = 0MB (=0) (default)
2025-05-08 12:13:57,526 [73de0732-aa09-4d2e-8ccf-f79b8b9cbabe-groupManagement] INFO  server.RaftServerConfigKeys (ConfUtils.java:logGet(46)) - raft.server.log.corruption.policy = EXCEPTION (default)
2025-05-08 12:13:57,527 [73de0732-aa09-4d2e-8ccf-f79b8b9cbabe-groupManagement] INFO  server.RaftServerConfigKeys (ConfUtils.java:logGet(46)) - raft.server.storage.dir = [/home/runner/work/ozone/ozone/hadoop-ozone/integration-test/target/test-dir/MiniOzoneClusterImpl-efc39a28-6472-4ee4-b6fc-2c7f8ca0458d/ozone-meta/datanode-1/ratis] (custom)
2025-05-08 12:13:57,527 [73de0732-aa09-4d2e-8ccf-f79b8b9cbabe-groupManagement] INFO  storage.RaftStorageDirectory (RaftStorageDirectoryImpl.java:analyzeStorage(138)) - The storage directory /home/runner/work/ozone/ozone/hadoop-ozone/integration-test/target/test-dir/MiniOzoneClusterImpl-efc39a28-6472-4ee4-b6fc-2c7f8ca0458d/ozone-meta/datanode-1/ratis/30af3b1a-a629-40eb-b1f1-cf0b59c01792 does not exist. Creating ...
2025-05-08 12:13:57,529 [73de0732-aa09-4d2e-8ccf-f79b8b9cbabe-groupManagement] INFO  storage.RaftStorageDirectory (RaftStorageDirectoryImpl.java:tryLock(229)) - Lock on /home/runner/work/ozone/ozone/hadoop-ozone/integration-test/target/test-dir/MiniOzoneClusterImpl-efc39a28-6472-4ee4-b6fc-2c7f8ca0458d/ozone-meta/datanode-1/ratis/30af3b1a-a629-40eb-b1f1-cf0b59c01792/in_use.lock acquired by nodename 33187@fv-az1940-623
2025-05-08 12:13:57,530 [aa40a6e8-77ba-434d-b9e7-e4aad8dcbfb7@group-2C7F8CA0458D-StateMachineUpdater] INFO  safemode.HealthyPipelineSafeModeRule (HealthyPipelineSafeModeRule.java:initializeRule(173)) - Refreshed total pipeline count is 0, healthy pipeline threshold count is 1
2025-05-08 12:13:57,531 [EventQueue-PipelineReportForPipelineReportHandler] INFO  pipeline.PipelineReportHandler (PipelineReportHandler.java:processPipelineReport(134)) - Opened pipeline PipelineID=d3ebd350-a24c-4a07-8ac7-8aba74081f30
2025-05-08 12:13:57,531 [73de0732-aa09-4d2e-8ccf-f79b8b9cbabe-groupManagement] INFO  storage.RaftStorage (RaftStorageImpl.java:format(98)) - Storage directory /home/runner/work/ozone/ozone/hadoop-ozone/integration-test/target/test-dir/MiniOzoneClusterImpl-efc39a28-6472-4ee4-b6fc-2c7f8ca0458d/ozone-meta/datanode-1/ratis/30af3b1a-a629-40eb-b1f1-cf0b59c01792 has been successfully formatted.
2025-05-08 12:13:57,532 [73de0732-aa09-4d2e-8ccf-f79b8b9cbabe-groupManagement] INFO  ratis.ContainerStateMachine (ContainerStateMachine.java:initialize(339)) - 73de0732-aa09-4d2e-8ccf-f79b8b9cbabe: initialize group-CF0B59C01792
2025-05-08 12:13:57,532 [73de0732-aa09-4d2e-8ccf-f79b8b9cbabe-groupManagement] INFO  ratis.ContainerStateMachine (ContainerStateMachine.java:loadSnapshot(347)) - group-CF0B59C01792: The snapshot info is null. Setting the last applied index to:(t:0, i:~)
2025-05-08 12:13:57,532 [73de0732-aa09-4d2e-8ccf-f79b8b9cbabe-groupManagement] INFO  server.RaftServerConfigKeys (ConfUtils.java:logGet(46)) - raft.server.log.use.memory = false (default)
2025-05-08 12:13:57,532 [73de0732-aa09-4d2e-8ccf-f79b8b9cbabe-groupManagement] INFO  server.RaftServerConfigKeys (ConfUtils.java:logGet(46)) - raft.server.log.purge.gap = 1000000 (custom)
2025-05-08 12:13:57,532 [73de0732-aa09-4d2e-8ccf-f79b8b9cbabe-groupManagement] INFO  server.RaftServerConfigKeys (ConfUtils.java:logGet(46)) - raft.server.log.appender.buffer.byte-limit = 33554432 (custom)
2025-05-08 12:13:57,532 [73de0732-aa09-4d2e-8ccf-f79b8b9cbabe-groupManagement] INFO  server.RaftServerConfigKeys (ConfUtils.java:logGet(46)) - raft.server.log.statemachine.data.read.timeout = 1000ms (default)
2025-05-08 12:13:57,532 [73de0732-aa09-4d2e-8ccf-f79b8b9cbabe-groupManagement] INFO  server.RaftServerConfigKeys (ConfUtils.java:logGet(46)) - raft.server.log.purge.preservation.log.num = 0 (default)
2025-05-08 12:13:57,534 [EventQueue-OpenPipelineForHealthyPipelineSafeModeRule] INFO  safemode.SCMSafeModeManager (HealthyPipelineSafeModeRule.java:process(141)) - SCM in safe mode. Healthy pipelines reported count is 0, required healthy pipeline reported count is 1
2025-05-08 12:13:57,536 [EventQueue-OpenPipelineForHealthyPipelineSafeModeRule] INFO  safemode.SCMSafeModeManager (HealthyPipelineSafeModeRule.java:process(141)) - SCM in safe mode. Healthy pipelines reported count is 0, required healthy pipeline reported count is 1
2025-05-08 12:13:57,537 [73de0732-aa09-4d2e-8ccf-f79b8b9cbabe-groupManagement] INFO  server.RaftServerConfigKeys (ConfUtils.java:logGet(46)) - raft.server.log.segment.size.max = 67108864 (custom)
2025-05-08 12:13:57,538 [73de0732-aa09-4d2e-8ccf-f79b8b9cbabe-groupManagement] INFO  server.RaftServerConfigKeys (ConfUtils.java:logGet(46)) - raft.server.log.segment.cache.num.max = 2 (custom)
2025-05-08 12:13:57,538 [73de0732-aa09-4d2e-8ccf-f79b8b9cbabe-groupManagement] INFO  server.RaftServerConfigKeys (ConfUtils.java:logGet(46)) - raft.server.log.segment.cache.size.max = 200MB (=209715200) (default)
2025-05-08 12:13:57,538 [73de0732-aa09-4d2e-8ccf-f79b8b9cbabe-groupManagement] INFO  server.RaftServerConfigKeys (ConfUtils.java:logGet(46)) - raft.server.log.appender.buffer.byte-limit = 33554432 (custom)
2025-05-08 12:13:57,538 [73de0732-aa09-4d2e-8ccf-f79b8b9cbabe-groupManagement] INFO  util.AwaitToRun (AwaitToRun.java:start(81)) - Thread[#858,73de0732-aa09-4d2e-8ccf-f79b8b9cbabe@group-CF0B59C01792-cacheEviction-AwaitToRun,5,main] started
2025-05-08 12:13:57,538 [73de0732-aa09-4d2e-8ccf-f79b8b9cbabe-groupManagement] INFO  segmented.SegmentedRaftLogWorker (SegmentedRaftLogWorker.java:<init>(188)) - new 73de0732-aa09-4d2e-8ccf-f79b8b9cbabe@group-CF0B59C01792-SegmentedRaftLogWorker for RaftStorageImpl:Storage Directory /home/runner/work/ozone/ozone/hadoop-ozone/integration-test/target/test-dir/MiniOzoneClusterImpl-efc39a28-6472-4ee4-b6fc-2c7f8ca0458d/ozone-meta/datanode-1/ratis/30af3b1a-a629-40eb-b1f1-cf0b59c01792
2025-05-08 12:13:57,538 [73de0732-aa09-4d2e-8ccf-f79b8b9cbabe-groupManagement] INFO  server.RaftServerConfigKeys (ConfUtils.java:logGet(46)) - raft.server.log.queue.byte-limit = 4294967296 (custom)
2025-05-08 12:13:57,538 [73de0732-aa09-4d2e-8ccf-f79b8b9cbabe-groupManagement] INFO  server.RaftServerConfigKeys (ConfUtils.java:logGet(46)) - raft.server.log.queue.element-limit = 1024 (custom)
2025-05-08 12:13:57,538 [73de0732-aa09-4d2e-8ccf-f79b8b9cbabe-groupManagement] INFO  server.RaftServerConfigKeys (ConfUtils.java:logGet(46)) - raft.server.log.segment.size.max = 67108864 (custom)
2025-05-08 12:13:57,538 [73de0732-aa09-4d2e-8ccf-f79b8b9cbabe-groupManagement] INFO  server.RaftServerConfigKeys (ConfUtils.java:logGet(46)) - raft.server.log.preallocated.size = 4194304 (custom)
2025-05-08 12:13:57,538 [73de0732-aa09-4d2e-8ccf-f79b8b9cbabe-groupManagement] INFO  server.RaftServerConfigKeys (ConfUtils.java:logGet(46)) - raft.server.log.force.sync.num = 128 (default)
2025-05-08 12:13:57,539 [73de0732-aa09-4d2e-8ccf-f79b8b9cbabe-groupManagement] INFO  server.RaftServerConfigKeys (ConfUtils.java:logGet(46)) - raft.server.log.statemachine.data.sync = true (default)
2025-05-08 12:13:57,539 [73de0732-aa09-4d2e-8ccf-f79b8b9cbabe-groupManagement] INFO  server.RaftServerConfigKeys (ConfUtils.java:logGet(46)) - raft.server.log.statemachine.data.sync.timeout = 10s (default)
2025-05-08 12:13:57,539 [73de0732-aa09-4d2e-8ccf-f79b8b9cbabe-groupManagement] INFO  server.RaftServerConfigKeys (ConfUtils.java:logGet(46)) - raft.server.log.statemachine.data.sync.timeout.retry = 30 (custom)
2025-05-08 12:13:57,539 [73de0732-aa09-4d2e-8ccf-f79b8b9cbabe-groupManagement] INFO  server.RaftServerConfigKeys (ConfUtils.java:logGet(46)) - raft.server.log.write.buffer.size = 33554440 (custom)
2025-05-08 12:13:57,545 [73de0732-aa09-4d2e-8ccf-f79b8b9cbabe-groupManagement] INFO  server.RaftServerConfigKeys (ConfUtils.java:logGet(46)) - raft.server.log.appender.buffer.byte-limit = 33554432 (custom)
2025-05-08 12:13:57,545 [73de0732-aa09-4d2e-8ccf-f79b8b9cbabe-groupManagement] INFO  server.RaftServerConfigKeys (ConfUtils.java:logGet(46)) - raft.server.log.unsafe-flush.enabled = false (default)
2025-05-08 12:13:57,545 [73de0732-aa09-4d2e-8ccf-f79b8b9cbabe-groupManagement] INFO  server.RaftServerConfigKeys (ConfUtils.java:logGet(46)) - raft.server.log.async-flush.enabled = false (default)
2025-05-08 12:13:57,545 [73de0732-aa09-4d2e-8ccf-f79b8b9cbabe-groupManagement] INFO  server.RaftServerConfigKeys (ConfUtils.java:logGet(46)) - raft.server.log.statemachine.data.caching.enabled = true (custom)
2025-05-08 12:13:57,545 [73de0732-aa09-4d2e-8ccf-f79b8b9cbabe-groupManagement] INFO  segmented.SegmentedRaftLogWorker (SegmentedRaftLogWorker.java:lambda$new$0(139)) - 73de0732-aa09-4d2e-8ccf-f79b8b9cbabe@group-CF0B59C01792-SegmentedRaftLogWorker: flushIndex: setUnconditionally 0 -> -1
2025-05-08 12:13:57,545 [73de0732-aa09-4d2e-8ccf-f79b8b9cbabe-groupManagement] INFO  segmented.SegmentedRaftLogWorker (SegmentedRaftLogWorker.java:lambda$new$0(139)) - 73de0732-aa09-4d2e-8ccf-f79b8b9cbabe@group-CF0B59C01792-SegmentedRaftLogWorker: safeCacheEvictIndex: setUnconditionally 0 -> -1
2025-05-08 12:13:57,546 [73de0732-aa09-4d2e-8ccf-f79b8b9cbabe-groupManagement] INFO  server.RaftServer$Division (RaftServerImpl.java:start(391)) - 73de0732-aa09-4d2e-8ccf-f79b8b9cbabe@group-CF0B59C01792: start as a follower, conf=conf: {index: -1, cur=peers:[73de0732-aa09-4d2e-8ccf-f79b8b9cbabe|127.0.0.1:15015, 317162a0-bd3d-40ad-b205-542abbf35090|127.0.0.1:15023, 7c8f0716-ab75-44b9-b6ec-eb9ccd1caa65|127.0.0.1:15031]|listeners:[], old=null}
2025-05-08 12:13:57,546 [73de0732-aa09-4d2e-8ccf-f79b8b9cbabe-groupManagement] INFO  server.RaftServer$Division (RaftServerImpl.java:setRole(378)) - 73de0732-aa09-4d2e-8ccf-f79b8b9cbabe@group-CF0B59C01792: changes role from      null to FOLLOWER at term 0 for startAsFollower
2025-05-08 12:13:57,546 [73de0732-aa09-4d2e-8ccf-f79b8b9cbabe-groupManagement] INFO  impl.RoleInfo (RoleInfo.java:updateAndGet(148)) - 73de0732-aa09-4d2e-8ccf-f79b8b9cbabe: start 73de0732-aa09-4d2e-8ccf-f79b8b9cbabe@group-CF0B59C01792-FollowerState
2025-05-08 12:13:57,546 [73de0732-aa09-4d2e-8ccf-f79b8b9cbabe@group-CF0B59C01792-FollowerState] INFO  server.RaftServerConfigKeys (ConfUtils.java:logGet(46)) - raft.server.rpc.first-election.timeout.min = 1000ms (custom)
2025-05-08 12:13:57,546 [73de0732-aa09-4d2e-8ccf-f79b8b9cbabe@group-CF0B59C01792-FollowerState] INFO  server.RaftServerConfigKeys (ConfUtils.java:logGet(46)) - raft.server.rpc.first-election.timeout.max = 1200ms (custom)
2025-05-08 12:13:57,547 [73de0732-aa09-4d2e-8ccf-f79b8b9cbabe-groupManagement] INFO  util.JmxRegister (JmxRegister.java:tryRegister(44)) - Successfully registered JMX Bean with object name Ratis:service=RaftServer,group=group-CF0B59C01792,id=73de0732-aa09-4d2e-8ccf-f79b8b9cbabe
2025-05-08 12:13:57,547 [73de0732-aa09-4d2e-8ccf-f79b8b9cbabe-groupManagement] INFO  util.JmxRegister (JmxRegister.java:register(58)) - register mxBean class org.apache.ratis.server.impl.RaftServerJmxAdapter as Ratis:service=RaftServer,group=group-CF0B59C01792,id=73de0732-aa09-4d2e-8ccf-f79b8b9cbabe
2025-05-08 12:13:57,547 [73de0732-aa09-4d2e-8ccf-f79b8b9cbabe-groupManagement] INFO  server.RaftServerConfigKeys (ConfUtils.java:logGet(46)) - raft.server.snapshot.trigger-when-stop.enabled = true (default)
2025-05-08 12:13:57,547 [73de0732-aa09-4d2e-8ccf-f79b8b9cbabe-groupManagement] INFO  server.RaftServerConfigKeys (ConfUtils.java:logGet(46)) - raft.server.snapshot.trigger-when-remove.enabled = true (default)
2025-05-08 12:13:57,547 [73de0732-aa09-4d2e-8ccf-f79b8b9cbabe-groupManagement] INFO  server.RaftServerConfigKeys (ConfUtils.java:logGet(46)) - raft.server.snapshot.auto.trigger.enabled = true (custom)
2025-05-08 12:13:57,547 [73de0732-aa09-4d2e-8ccf-f79b8b9cbabe-groupManagement] INFO  server.RaftServerConfigKeys (ConfUtils.java:logGet(46)) - raft.server.snapshot.auto.trigger.threshold = 100000 (custom)
2025-05-08 12:13:57,547 [73de0732-aa09-4d2e-8ccf-f79b8b9cbabe-groupManagement] INFO  server.RaftServerConfigKeys (ConfUtils.java:logGet(46)) - raft.server.snapshot.retention.file.num = 5 (custom)
2025-05-08 12:13:57,547 [73de0732-aa09-4d2e-8ccf-f79b8b9cbabe-groupManagement] INFO  server.RaftServerConfigKeys (ConfUtils.java:logGet(46)) - raft.server.log.purge.upto.snapshot.index = false (default)
2025-05-08 12:13:57,548 [73de0732-aa09-4d2e-8ccf-f79b8b9cbabe-groupManagement] INFO  server.RaftServer$Division (RaftServerImpl.java:start(405)) - 73de0732-aa09-4d2e-8ccf-f79b8b9cbabe@group-CF0B59C01792: Successfully started.
2025-05-08 12:13:57,548 [73de0732-aa09-4d2e-8ccf-f79b8b9cbabe-PipelineCommandHandlerThread-0] INFO  ratis.XceiverServerRatis (XceiverServerRatis.java:addGroup(843)) - Created group PipelineID=30af3b1a-a629-40eb-b1f1-cf0b59c01792
2025-05-08 12:13:57,718 [317162a0-bd3d-40ad-b205-542abbf35090-PipelineCommandHandlerThread-0] INFO  server.RaftServer (RaftServerProxy.java:addNew(100)) - 317162a0-bd3d-40ad-b205-542abbf35090: addNew group-2EFD4D396D20:[317162a0-bd3d-40ad-b205-542abbf35090|127.0.0.1:15023] returns group-2EFD4D396D20:java.util.concurrent.CompletableFuture@38c284ce[Not completed]
2025-05-08 12:13:57,720 [317162a0-bd3d-40ad-b205-542abbf35090-groupManagement] INFO  server.RaftServer$Division (RaftServerImpl.java:<init>(255)) - 317162a0-bd3d-40ad-b205-542abbf35090: new RaftServerImpl for group-2EFD4D396D20:[317162a0-bd3d-40ad-b205-542abbf35090|127.0.0.1:15023] with ContainerStateMachine:uninitialized
2025-05-08 12:13:57,720 [317162a0-bd3d-40ad-b205-542abbf35090-groupManagement] INFO  server.RaftServerConfigKeys (ConfUtils.java:logGet(46)) - raft.server.rpc.timeout.min = 5s (custom)
2025-05-08 12:13:57,720 [317162a0-bd3d-40ad-b205-542abbf35090-groupManagement] INFO  server.RaftServerConfigKeys (ConfUtils.java:logGet(46)) - raft.server.rpc.timeout.max = 5200ms (custom)
2025-05-08 12:13:57,720 [317162a0-bd3d-40ad-b205-542abbf35090-groupManagement] INFO  server.RaftServerConfigKeys (ConfUtils.java:logGet(46)) - raft.server.rpc.sleep.time = 25ms (default)
2025-05-08 12:13:57,720 [317162a0-bd3d-40ad-b205-542abbf35090-groupManagement] INFO  server.RaftServerConfigKeys (ConfUtils.java:logGet(46)) - raft.server.rpc.slowness.timeout = 300s (custom)
2025-05-08 12:13:57,720 [317162a0-bd3d-40ad-b205-542abbf35090-groupManagement] INFO  server.RaftServerConfigKeys (ConfUtils.java:logGet(46)) - raft.server.leaderelection.leader.step-down.wait-time = 10s (default)
2025-05-08 12:13:57,720 [317162a0-bd3d-40ad-b205-542abbf35090-groupManagement] INFO  server.RaftServerConfigKeys (ConfUtils.java:logGet(46)) - raft.server.leaderelection.member.majority-add = false (default)
2025-05-08 12:13:57,721 [317162a0-bd3d-40ad-b205-542abbf35090-groupManagement] INFO  server.RaftServerConfigKeys (ConfUtils.java:logGet(46)) - raft.server.sleep.deviation.threshold = 300ms (default)
2025-05-08 12:13:57,721 [317162a0-bd3d-40ad-b205-542abbf35090-groupManagement] INFO  server.RaftServer$Division (ServerState.java:<init>(114)) - 317162a0-bd3d-40ad-b205-542abbf35090@group-2EFD4D396D20: ConfigurationManager, init=conf: {index: -1, cur=peers:[317162a0-bd3d-40ad-b205-542abbf35090|127.0.0.1:15023]|listeners:[], old=null}, confs=<EMPTY_MAP>
2025-05-08 12:13:57,721 [317162a0-bd3d-40ad-b205-542abbf35090-groupManagement] INFO  server.RaftServerConfigKeys (ConfUtils.java:logGet(46)) - raft.server.notification.no-leader.timeout = 300s (custom)
2025-05-08 12:13:57,721 [317162a0-bd3d-40ad-b205-542abbf35090-groupManagement] INFO  server.RaftServerConfigKeys (ConfUtils.java:logGet(46)) - raft.server.read.timeout = 10s (default)
2025-05-08 12:13:57,721 [317162a0-bd3d-40ad-b205-542abbf35090-groupManagement] INFO  server.RaftServerConfigKeys (ConfUtils.java:logGet(46)) - raft.server.retrycache.expirytime = 600000ms (custom)
2025-05-08 12:13:57,721 [317162a0-bd3d-40ad-b205-542abbf35090-groupManagement] INFO  server.RaftServerConfigKeys (ConfUtils.java:logGet(46)) - raft.server.retrycache.statistics.expirytime = 100ms (default)
2025-05-08 12:13:57,721 [317162a0-bd3d-40ad-b205-542abbf35090-groupManagement] INFO  server.RaftServerConfigKeys (ConfUtils.java:logGet(46)) - raft.server.read.option = DEFAULT (default)
2025-05-08 12:13:57,721 [317162a0-bd3d-40ad-b205-542abbf35090-groupManagement] INFO  server.RaftServerConfigKeys (ConfUtils.java:logGet(46)) - raft.server.read.read-after-write-consistent.write-index-cache.expiry-time = 60s (default)
2025-05-08 12:13:57,724 [grpc-default-executor-0] INFO  server.RaftServer (RaftServerProxy.java:addNew(100)) - 7c8f0716-ab75-44b9-b6ec-eb9ccd1caa65: addNew group-CF0B59C01792:[73de0732-aa09-4d2e-8ccf-f79b8b9cbabe|127.0.0.1:15015, 317162a0-bd3d-40ad-b205-542abbf35090|127.0.0.1:15023, 7c8f0716-ab75-44b9-b6ec-eb9ccd1caa65|127.0.0.1:15031] returns group-CF0B59C01792:java.util.concurrent.CompletableFuture@7ca0155b[Not completed]
2025-05-08 12:13:57,727 [7c8f0716-ab75-44b9-b6ec-eb9ccd1caa65-groupManagement] INFO  server.RaftServer$Division (RaftServerImpl.java:<init>(255)) - 7c8f0716-ab75-44b9-b6ec-eb9ccd1caa65: new RaftServerImpl for group-CF0B59C01792:[73de0732-aa09-4d2e-8ccf-f79b8b9cbabe|127.0.0.1:15015, 317162a0-bd3d-40ad-b205-542abbf35090|127.0.0.1:15023, 7c8f0716-ab75-44b9-b6ec-eb9ccd1caa65|127.0.0.1:15031] with ContainerStateMachine:uninitialized
2025-05-08 12:13:57,727 [7c8f0716-ab75-44b9-b6ec-eb9ccd1caa65-groupManagement] INFO  server.RaftServerConfigKeys (ConfUtils.java:logGet(46)) - raft.server.rpc.timeout.min = 5s (custom)
2025-05-08 12:13:57,727 [7c8f0716-ab75-44b9-b6ec-eb9ccd1caa65-groupManagement] INFO  server.RaftServerConfigKeys (ConfUtils.java:logGet(46)) - raft.server.rpc.timeout.max = 5200ms (custom)
2025-05-08 12:13:57,727 [7c8f0716-ab75-44b9-b6ec-eb9ccd1caa65-groupManagement] INFO  server.RaftServerConfigKeys (ConfUtils.java:logGet(46)) - raft.server.rpc.sleep.time = 25ms (default)
2025-05-08 12:13:57,727 [7c8f0716-ab75-44b9-b6ec-eb9ccd1caa65-groupManagement] INFO  server.RaftServerConfigKeys (ConfUtils.java:logGet(46)) - raft.server.rpc.slowness.timeout = 300s (custom)
2025-05-08 12:13:57,727 [7c8f0716-ab75-44b9-b6ec-eb9ccd1caa65-groupManagement] INFO  server.RaftServerConfigKeys (ConfUtils.java:logGet(46)) - raft.server.leaderelection.leader.step-down.wait-time = 10s (default)
2025-05-08 12:13:57,727 [7c8f0716-ab75-44b9-b6ec-eb9ccd1caa65-groupManagement] INFO  server.RaftServerConfigKeys (ConfUtils.java:logGet(46)) - raft.server.leaderelection.member.majority-add = false (default)
2025-05-08 12:13:57,727 [7c8f0716-ab75-44b9-b6ec-eb9ccd1caa65-groupManagement] INFO  server.RaftServerConfigKeys (ConfUtils.java:logGet(46)) - raft.server.sleep.deviation.threshold = 300ms (default)
2025-05-08 12:13:57,727 [7c8f0716-ab75-44b9-b6ec-eb9ccd1caa65-groupManagement] INFO  server.RaftServer$Division (ServerState.java:<init>(114)) - 7c8f0716-ab75-44b9-b6ec-eb9ccd1caa65@group-CF0B59C01792: ConfigurationManager, init=conf: {index: -1, cur=peers:[73de0732-aa09-4d2e-8ccf-f79b8b9cbabe|127.0.0.1:15015, 317162a0-bd3d-40ad-b205-542abbf35090|127.0.0.1:15023, 7c8f0716-ab75-44b9-b6ec-eb9ccd1caa65|127.0.0.1:15031]|listeners:[], old=null}, confs=<EMPTY_MAP>
2025-05-08 12:13:57,727 [7c8f0716-ab75-44b9-b6ec-eb9ccd1caa65-groupManagement] INFO  server.RaftServerConfigKeys (ConfUtils.java:logGet(46)) - raft.server.notification.no-leader.timeout = 300s (custom)
2025-05-08 12:13:57,727 [7c8f0716-ab75-44b9-b6ec-eb9ccd1caa65-groupManagement] INFO  server.RaftServerConfigKeys (ConfUtils.java:logGet(46)) - raft.server.read.timeout = 10s (default)
2025-05-08 12:13:57,727 [7c8f0716-ab75-44b9-b6ec-eb9ccd1caa65-groupManagement] INFO  server.RaftServerConfigKeys (ConfUtils.java:logGet(46)) - raft.server.retrycache.expirytime = 600000ms (custom)
2025-05-08 12:13:57,727 [7c8f0716-ab75-44b9-b6ec-eb9ccd1caa65-groupManagement] INFO  server.RaftServerConfigKeys (ConfUtils.java:logGet(46)) - raft.server.retrycache.statistics.expirytime = 100ms (default)
2025-05-08 12:13:57,727 [7c8f0716-ab75-44b9-b6ec-eb9ccd1caa65-groupManagement] INFO  server.RaftServerConfigKeys (ConfUtils.java:logGet(46)) - raft.server.read.option = DEFAULT (default)
2025-05-08 12:13:57,728 [7c8f0716-ab75-44b9-b6ec-eb9ccd1caa65-groupManagement] INFO  server.RaftServerConfigKeys (ConfUtils.java:logGet(46)) - raft.server.read.read-after-write-consistent.write-index-cache.expiry-time = 60s (default)
2025-05-08 12:13:57,728 [317162a0-bd3d-40ad-b205-542abbf35090-groupManagement] INFO  server.RaftServerConfigKeys (ConfUtils.java:logGet(46)) - raft.server.rpc.request.timeout = 60s (custom)
2025-05-08 12:13:57,728 [317162a0-bd3d-40ad-b205-542abbf35090-groupManagement] INFO  server.RaftServerConfigKeys (ConfUtils.java:logGet(46)) - raft.server.log.appender.install.snapshot.enabled = false (custom)
2025-05-08 12:13:57,728 [317162a0-bd3d-40ad-b205-542abbf35090-groupManagement] INFO  server.RaftServerConfigKeys (ConfUtils.java:logGet(46)) - raft.server.threadpool.server.cached = true (default)
2025-05-08 12:13:57,728 [317162a0-bd3d-40ad-b205-542abbf35090-groupManagement] INFO  server.RaftServerConfigKeys (ConfUtils.java:logGet(46)) - raft.server.threadpool.server.size = 0 (default)
2025-05-08 12:13:57,728 [317162a0-bd3d-40ad-b205-542abbf35090-groupManagement] INFO  server.RaftServerConfigKeys (ConfUtils.java:logGet(46)) - raft.server.threadpool.client.cached = true (default)
2025-05-08 12:13:57,728 [317162a0-bd3d-40ad-b205-542abbf35090-groupManagement] INFO  server.RaftServerConfigKeys (ConfUtils.java:logGet(46)) - raft.server.threadpool.client.size = 0 (default)
2025-05-08 12:13:57,728 [317162a0-bd3d-40ad-b205-542abbf35090-groupManagement] INFO  server.RaftServerConfigKeys (ConfUtils.java:logGet(46)) - raft.server.storage.free-space.min = 0MB (=0) (default)
2025-05-08 12:13:57,728 [317162a0-bd3d-40ad-b205-542abbf35090-groupManagement] INFO  server.RaftServerConfigKeys (ConfUtils.java:logGet(46)) - raft.server.log.corruption.policy = EXCEPTION (default)
2025-05-08 12:13:57,728 [317162a0-bd3d-40ad-b205-542abbf35090-groupManagement] INFO  server.RaftServerConfigKeys (ConfUtils.java:logGet(46)) - raft.server.storage.dir = [/home/runner/work/ozone/ozone/hadoop-ozone/integration-test/target/test-dir/MiniOzoneClusterImpl-efc39a28-6472-4ee4-b6fc-2c7f8ca0458d/ozone-meta/datanode-2/ratis] (custom)
2025-05-08 12:13:57,729 [317162a0-bd3d-40ad-b205-542abbf35090-groupManagement] INFO  storage.RaftStorageDirectory (RaftStorageDirectoryImpl.java:analyzeStorage(138)) - The storage directory /home/runner/work/ozone/ozone/hadoop-ozone/integration-test/target/test-dir/MiniOzoneClusterImpl-efc39a28-6472-4ee4-b6fc-2c7f8ca0458d/ozone-meta/datanode-2/ratis/41169cc5-0870-4dae-8491-2efd4d396d20 does not exist. Creating ...
2025-05-08 12:13:57,730 [317162a0-bd3d-40ad-b205-542abbf35090-groupManagement] INFO  storage.RaftStorageDirectory (RaftStorageDirectoryImpl.java:tryLock(229)) - Lock on /home/runner/work/ozone/ozone/hadoop-ozone/integration-test/target/test-dir/MiniOzoneClusterImpl-efc39a28-6472-4ee4-b6fc-2c7f8ca0458d/ozone-meta/datanode-2/ratis/41169cc5-0870-4dae-8491-2efd4d396d20/in_use.lock acquired by nodename 33187@fv-az1940-623
2025-05-08 12:13:57,731 [317162a0-bd3d-40ad-b205-542abbf35090-groupManagement] INFO  storage.RaftStorage (RaftStorageImpl.java:format(98)) - Storage directory /home/runner/work/ozone/ozone/hadoop-ozone/integration-test/target/test-dir/MiniOzoneClusterImpl-efc39a28-6472-4ee4-b6fc-2c7f8ca0458d/ozone-meta/datanode-2/ratis/41169cc5-0870-4dae-8491-2efd4d396d20 has been successfully formatted.
2025-05-08 12:13:57,732 [317162a0-bd3d-40ad-b205-542abbf35090-groupManagement] INFO  ratis.ContainerStateMachine (ContainerStateMachine.java:initialize(339)) - 317162a0-bd3d-40ad-b205-542abbf35090: initialize group-2EFD4D396D20
2025-05-08 12:13:57,732 [317162a0-bd3d-40ad-b205-542abbf35090-groupManagement] INFO  ratis.ContainerStateMachine (ContainerStateMachine.java:loadSnapshot(347)) - group-2EFD4D396D20: The snapshot info is null. Setting the last applied index to:(t:0, i:~)
2025-05-08 12:13:57,732 [317162a0-bd3d-40ad-b205-542abbf35090-groupManagement] INFO  server.RaftServerConfigKeys (ConfUtils.java:logGet(46)) - raft.server.log.use.memory = false (default)
2025-05-08 12:13:57,732 [317162a0-bd3d-40ad-b205-542abbf35090-groupManagement] INFO  server.RaftServerConfigKeys (ConfUtils.java:logGet(46)) - raft.server.log.purge.gap = 1000000 (custom)
2025-05-08 12:13:57,732 [317162a0-bd3d-40ad-b205-542abbf35090-groupManagement] INFO  server.RaftServerConfigKeys (ConfUtils.java:logGet(46)) - raft.server.log.appender.buffer.byte-limit = 33554432 (custom)
2025-05-08 12:13:57,732 [317162a0-bd3d-40ad-b205-542abbf35090-groupManagement] INFO  server.RaftServerConfigKeys (ConfUtils.java:logGet(46)) - raft.server.log.statemachine.data.read.timeout = 1000ms (default)
2025-05-08 12:13:57,732 [317162a0-bd3d-40ad-b205-542abbf35090-groupManagement] INFO  server.RaftServerConfigKeys (ConfUtils.java:logGet(46)) - raft.server.log.purge.preservation.log.num = 0 (default)
2025-05-08 12:13:57,734 [7c8f0716-ab75-44b9-b6ec-eb9ccd1caa65-groupManagement] INFO  server.RaftServerConfigKeys (ConfUtils.java:logGet(46)) - raft.server.rpc.request.timeout = 60s (custom)
2025-05-08 12:13:57,735 [7c8f0716-ab75-44b9-b6ec-eb9ccd1caa65-groupManagement] INFO  server.RaftServerConfigKeys (ConfUtils.java:logGet(46)) - raft.server.log.appender.install.snapshot.enabled = false (custom)
2025-05-08 12:13:57,735 [7c8f0716-ab75-44b9-b6ec-eb9ccd1caa65-groupManagement] INFO  server.RaftServerConfigKeys (ConfUtils.java:logGet(46)) - raft.server.threadpool.server.cached = true (default)
2025-05-08 12:13:57,735 [7c8f0716-ab75-44b9-b6ec-eb9ccd1caa65-groupManagement] INFO  server.RaftServerConfigKeys (ConfUtils.java:logGet(46)) - raft.server.threadpool.server.size = 0 (default)
2025-05-08 12:13:57,735 [7c8f0716-ab75-44b9-b6ec-eb9ccd1caa65-groupManagement] INFO  server.RaftServerConfigKeys (ConfUtils.java:logGet(46)) - raft.server.threadpool.client.cached = true (default)
2025-05-08 12:13:57,735 [7c8f0716-ab75-44b9-b6ec-eb9ccd1caa65-groupManagement] INFO  server.RaftServerConfigKeys (ConfUtils.java:logGet(46)) - raft.server.threadpool.client.size = 0 (default)
2025-05-08 12:13:57,735 [7c8f0716-ab75-44b9-b6ec-eb9ccd1caa65-groupManagement] INFO  server.RaftServerConfigKeys (ConfUtils.java:logGet(46)) - raft.server.storage.free-space.min = 0MB (=0) (default)
2025-05-08 12:13:57,735 [7c8f0716-ab75-44b9-b6ec-eb9ccd1caa65-groupManagement] INFO  server.RaftServerConfigKeys (ConfUtils.java:logGet(46)) - raft.server.log.corruption.policy = EXCEPTION (default)
2025-05-08 12:13:57,735 [7c8f0716-ab75-44b9-b6ec-eb9ccd1caa65-groupManagement] INFO  server.RaftServerConfigKeys (ConfUtils.java:logGet(46)) - raft.server.storage.dir = [/home/runner/work/ozone/ozone/hadoop-ozone/integration-test/target/test-dir/MiniOzoneClusterImpl-efc39a28-6472-4ee4-b6fc-2c7f8ca0458d/ozone-meta/datanode-3/ratis] (custom)
2025-05-08 12:13:57,736 [7c8f0716-ab75-44b9-b6ec-eb9ccd1caa65-groupManagement] INFO  storage.RaftStorageDirectory (RaftStorageDirectoryImpl.java:analyzeStorage(138)) - The storage directory /home/runner/work/ozone/ozone/hadoop-ozone/integration-test/target/test-dir/MiniOzoneClusterImpl-efc39a28-6472-4ee4-b6fc-2c7f8ca0458d/ozone-meta/datanode-3/ratis/30af3b1a-a629-40eb-b1f1-cf0b59c01792 does not exist. Creating ...
2025-05-08 12:13:57,737 [317162a0-bd3d-40ad-b205-542abbf35090-groupManagement] INFO  server.RaftServerConfigKeys (ConfUtils.java:logGet(46)) - raft.server.log.segment.size.max = 67108864 (custom)
2025-05-08 12:13:57,737 [317162a0-bd3d-40ad-b205-542abbf35090-groupManagement] INFO  server.RaftServerConfigKeys (ConfUtils.java:logGet(46)) - raft.server.log.segment.cache.num.max = 2 (custom)
2025-05-08 12:13:57,737 [317162a0-bd3d-40ad-b205-542abbf35090-groupManagement] INFO  server.RaftServerConfigKeys (ConfUtils.java:logGet(46)) - raft.server.log.segment.cache.size.max = 200MB (=209715200) (default)
2025-05-08 12:13:57,737 [317162a0-bd3d-40ad-b205-542abbf35090-groupManagement] INFO  server.RaftServerConfigKeys (ConfUtils.java:logGet(46)) - raft.server.log.appender.buffer.byte-limit = 33554432 (custom)
2025-05-08 12:13:57,737 [aa40a6e8-77ba-434d-b9e7-e4aad8dcbfb7@group-2C7F8CA0458D-StateMachineUpdater] INFO  safemode.HealthyPipelineSafeModeRule (HealthyPipelineSafeModeRule.java:initializeRule(173)) - Refreshed total pipeline count is 0, healthy pipeline threshold count is 1
2025-05-08 12:13:57,738 [317162a0-bd3d-40ad-b205-542abbf35090-groupManagement] INFO  util.AwaitToRun (AwaitToRun.java:start(81)) - Thread[#870,317162a0-bd3d-40ad-b205-542abbf35090@group-2EFD4D396D20-cacheEviction-AwaitToRun,5,main] started
2025-05-08 12:13:57,738 [7c8f0716-ab75-44b9-b6ec-eb9ccd1caa65-groupManagement] INFO  storage.RaftStorageDirectory (RaftStorageDirectoryImpl.java:tryLock(229)) - Lock on /home/runner/work/ozone/ozone/hadoop-ozone/integration-test/target/test-dir/MiniOzoneClusterImpl-efc39a28-6472-4ee4-b6fc-2c7f8ca0458d/ozone-meta/datanode-3/ratis/30af3b1a-a629-40eb-b1f1-cf0b59c01792/in_use.lock acquired by nodename 33187@fv-az1940-623
2025-05-08 12:13:57,738 [EventQueue-PipelineReportForPipelineReportHandler] INFO  pipeline.PipelineReportHandler (PipelineReportHandler.java:processPipelineReport(134)) - Opened pipeline PipelineID=41169cc5-0870-4dae-8491-2efd4d396d20
2025-05-08 12:13:57,738 [EventQueue-OpenPipelineForHealthyPipelineSafeModeRule] INFO  safemode.SCMSafeModeManager (HealthyPipelineSafeModeRule.java:process(141)) - SCM in safe mode. Healthy pipelines reported count is 0, required healthy pipeline reported count is 1
2025-05-08 12:13:57,738 [317162a0-bd3d-40ad-b205-542abbf35090-groupManagement] INFO  segmented.SegmentedRaftLogWorker (SegmentedRaftLogWorker.java:<init>(188)) - new 317162a0-bd3d-40ad-b205-542abbf35090@group-2EFD4D396D20-SegmentedRaftLogWorker for RaftStorageImpl:Storage Directory /home/runner/work/ozone/ozone/hadoop-ozone/integration-test/target/test-dir/MiniOzoneClusterImpl-efc39a28-6472-4ee4-b6fc-2c7f8ca0458d/ozone-meta/datanode-2/ratis/41169cc5-0870-4dae-8491-2efd4d396d20
2025-05-08 12:13:57,738 [317162a0-bd3d-40ad-b205-542abbf35090-groupManagement] INFO  server.RaftServerConfigKeys (ConfUtils.java:logGet(46)) - raft.server.log.queue.byte-limit = 4294967296 (custom)
2025-05-08 12:13:57,738 [317162a0-bd3d-40ad-b205-542abbf35090-groupManagement] INFO  server.RaftServerConfigKeys (ConfUtils.java:logGet(46)) - raft.server.log.queue.element-limit = 1024 (custom)
2025-05-08 12:13:57,739 [317162a0-bd3d-40ad-b205-542abbf35090-groupManagement] INFO  server.RaftServerConfigKeys (ConfUtils.java:logGet(46)) - raft.server.log.segment.size.max = 67108864 (custom)
2025-05-08 12:13:57,739 [317162a0-bd3d-40ad-b205-542abbf35090-groupManagement] INFO  server.RaftServerConfigKeys (ConfUtils.java:logGet(46)) - raft.server.log.preallocated.size = 4194304 (custom)
2025-05-08 12:13:57,739 [317162a0-bd3d-40ad-b205-542abbf35090-groupManagement] INFO  server.RaftServerConfigKeys (ConfUtils.java:logGet(46)) - raft.server.log.force.sync.num = 128 (default)
2025-05-08 12:13:57,739 [317162a0-bd3d-40ad-b205-542abbf35090-groupManagement] INFO  server.RaftServerConfigKeys (ConfUtils.java:logGet(46)) - raft.server.log.statemachine.data.sync = true (default)
2025-05-08 12:13:57,739 [317162a0-bd3d-40ad-b205-542abbf35090-groupManagement] INFO  server.RaftServerConfigKeys (ConfUtils.java:logGet(46)) - raft.server.log.statemachine.data.sync.timeout = 10s (default)
2025-05-08 12:13:57,739 [317162a0-bd3d-40ad-b205-542abbf35090-groupManagement] INFO  server.RaftServerConfigKeys (ConfUtils.java:logGet(46)) - raft.server.log.statemachine.data.sync.timeout.retry = 30 (custom)
2025-05-08 12:13:57,739 [317162a0-bd3d-40ad-b205-542abbf35090-groupManagement] INFO  server.RaftServerConfigKeys (ConfUtils.java:logGet(46)) - raft.server.log.write.buffer.size = 33554440 (custom)
2025-05-08 12:13:57,741 [7c8f0716-ab75-44b9-b6ec-eb9ccd1caa65-groupManagement] INFO  storage.RaftStorage (RaftStorageImpl.java:format(98)) - Storage directory /home/runner/work/ozone/ozone/hadoop-ozone/integration-test/target/test-dir/MiniOzoneClusterImpl-efc39a28-6472-4ee4-b6fc-2c7f8ca0458d/ozone-meta/datanode-3/ratis/30af3b1a-a629-40eb-b1f1-cf0b59c01792 has been successfully formatted.
2025-05-08 12:13:57,742 [7c8f0716-ab75-44b9-b6ec-eb9ccd1caa65-groupManagement] INFO  ratis.ContainerStateMachine (ContainerStateMachine.java:initialize(339)) - 7c8f0716-ab75-44b9-b6ec-eb9ccd1caa65: initialize group-CF0B59C01792
2025-05-08 12:13:57,742 [7c8f0716-ab75-44b9-b6ec-eb9ccd1caa65-groupManagement] INFO  ratis.ContainerStateMachine (ContainerStateMachine.java:loadSnapshot(347)) - group-CF0B59C01792: The snapshot info is null. Setting the last applied index to:(t:0, i:~)
2025-05-08 12:13:57,742 [7c8f0716-ab75-44b9-b6ec-eb9ccd1caa65-groupManagement] INFO  server.RaftServerConfigKeys (ConfUtils.java:logGet(46)) - raft.server.log.use.memory = false (default)
2025-05-08 12:13:57,742 [7c8f0716-ab75-44b9-b6ec-eb9ccd1caa65-groupManagement] INFO  server.RaftServerConfigKeys (ConfUtils.java:logGet(46)) - raft.server.log.purge.gap = 1000000 (custom)
2025-05-08 12:13:57,742 [7c8f0716-ab75-44b9-b6ec-eb9ccd1caa65-groupManagement] INFO  server.RaftServerConfigKeys (ConfUtils.java:logGet(46)) - raft.server.log.appender.buffer.byte-limit = 33554432 (custom)
2025-05-08 12:13:57,742 [7c8f0716-ab75-44b9-b6ec-eb9ccd1caa65-groupManagement] INFO  server.RaftServerConfigKeys (ConfUtils.java:logGet(46)) - raft.server.log.statemachine.data.read.timeout = 1000ms (default)
2025-05-08 12:13:57,742 [7c8f0716-ab75-44b9-b6ec-eb9ccd1caa65-groupManagement] INFO  server.RaftServerConfigKeys (ConfUtils.java:logGet(46)) - raft.server.log.purge.preservation.log.num = 0 (default)
2025-05-08 12:13:57,745 [317162a0-bd3d-40ad-b205-542abbf35090-groupManagement] INFO  server.RaftServerConfigKeys (ConfUtils.java:logGet(46)) - raft.server.log.appender.buffer.byte-limit = 33554432 (custom)
2025-05-08 12:13:57,745 [317162a0-bd3d-40ad-b205-542abbf35090-groupManagement] INFO  server.RaftServerConfigKeys (ConfUtils.java:logGet(46)) - raft.server.log.unsafe-flush.enabled = false (default)
2025-05-08 12:13:57,745 [317162a0-bd3d-40ad-b205-542abbf35090-groupManagement] INFO  server.RaftServerConfigKeys (ConfUtils.java:logGet(46)) - raft.server.log.async-flush.enabled = false (default)
2025-05-08 12:13:57,745 [317162a0-bd3d-40ad-b205-542abbf35090-groupManagement] INFO  server.RaftServerConfigKeys (ConfUtils.java:logGet(46)) - raft.server.log.statemachine.data.caching.enabled = true (custom)
2025-05-08 12:13:57,746 [317162a0-bd3d-40ad-b205-542abbf35090-groupManagement] INFO  segmented.SegmentedRaftLogWorker (SegmentedRaftLogWorker.java:lambda$new$0(139)) - 317162a0-bd3d-40ad-b205-542abbf35090@group-2EFD4D396D20-SegmentedRaftLogWorker: flushIndex: setUnconditionally 0 -> -1
2025-05-08 12:13:57,746 [317162a0-bd3d-40ad-b205-542abbf35090-groupManagement] INFO  segmented.SegmentedRaftLogWorker (SegmentedRaftLogWorker.java:lambda$new$0(139)) - 317162a0-bd3d-40ad-b205-542abbf35090@group-2EFD4D396D20-SegmentedRaftLogWorker: safeCacheEvictIndex: setUnconditionally 0 -> -1
2025-05-08 12:13:57,746 [317162a0-bd3d-40ad-b205-542abbf35090-groupManagement] INFO  server.RaftServer$Division (RaftServerImpl.java:start(391)) - 317162a0-bd3d-40ad-b205-542abbf35090@group-2EFD4D396D20: start as a follower, conf=conf: {index: -1, cur=peers:[317162a0-bd3d-40ad-b205-542abbf35090|127.0.0.1:15023]|listeners:[], old=null}
2025-05-08 12:13:57,746 [317162a0-bd3d-40ad-b205-542abbf35090-groupManagement] INFO  server.RaftServer$Division (RaftServerImpl.java:setRole(378)) - 317162a0-bd3d-40ad-b205-542abbf35090@group-2EFD4D396D20: changes role from      null to FOLLOWER at term 0 for startAsFollower
2025-05-08 12:13:57,746 [317162a0-bd3d-40ad-b205-542abbf35090-groupManagement] INFO  impl.RoleInfo (RoleInfo.java:updateAndGet(148)) - 317162a0-bd3d-40ad-b205-542abbf35090: start 317162a0-bd3d-40ad-b205-542abbf35090@group-2EFD4D396D20-FollowerState
2025-05-08 12:13:57,747 [7c8f0716-ab75-44b9-b6ec-eb9ccd1caa65-groupManagement] INFO  server.RaftServerConfigKeys (ConfUtils.java:logGet(46)) - raft.server.log.segment.size.max = 67108864 (custom)
2025-05-08 12:13:57,747 [317162a0-bd3d-40ad-b205-542abbf35090@group-2EFD4D396D20-FollowerState] INFO  server.RaftServerConfigKeys (ConfUtils.java:logGet(46)) - raft.server.rpc.first-election.timeout.min = 1000ms (custom)
2025-05-08 12:13:57,747 [317162a0-bd3d-40ad-b205-542abbf35090@group-2EFD4D396D20-FollowerState] INFO  server.RaftServerConfigKeys (ConfUtils.java:logGet(46)) - raft.server.rpc.first-election.timeout.max = 1200ms (custom)
2025-05-08 12:13:57,747 [7c8f0716-ab75-44b9-b6ec-eb9ccd1caa65-groupManagement] INFO  server.RaftServerConfigKeys (ConfUtils.java:logGet(46)) - raft.server.log.segment.cache.num.max = 2 (custom)
2025-05-08 12:13:57,747 [7c8f0716-ab75-44b9-b6ec-eb9ccd1caa65-groupManagement] INFO  server.RaftServerConfigKeys (ConfUtils.java:logGet(46)) - raft.server.log.segment.cache.size.max = 200MB (=209715200) (default)
2025-05-08 12:13:57,748 [7c8f0716-ab75-44b9-b6ec-eb9ccd1caa65-groupManagement] INFO  server.RaftServerConfigKeys (ConfUtils.java:logGet(46)) - raft.server.log.appender.buffer.byte-limit = 33554432 (custom)
2025-05-08 12:13:57,747 [317162a0-bd3d-40ad-b205-542abbf35090-groupManagement] INFO  util.JmxRegister (JmxRegister.java:tryRegister(44)) - Successfully registered JMX Bean with object name Ratis:service=RaftServer,group=group-2EFD4D396D20,id=317162a0-bd3d-40ad-b205-542abbf35090
2025-05-08 12:13:57,748 [317162a0-bd3d-40ad-b205-542abbf35090-groupManagement] INFO  util.JmxRegister (JmxRegister.java:register(58)) - register mxBean class org.apache.ratis.server.impl.RaftServerJmxAdapter as Ratis:service=RaftServer,group=group-2EFD4D396D20,id=317162a0-bd3d-40ad-b205-542abbf35090
2025-05-08 12:13:57,748 [317162a0-bd3d-40ad-b205-542abbf35090-groupManagement] INFO  server.RaftServerConfigKeys (ConfUtils.java:logGet(46)) - raft.server.snapshot.trigger-when-stop.enabled = true (default)
2025-05-08 12:13:57,748 [317162a0-bd3d-40ad-b205-542abbf35090-groupManagement] INFO  server.RaftServerConfigKeys (ConfUtils.java:logGet(46)) - raft.server.snapshot.trigger-when-remove.enabled = true (default)
2025-05-08 12:13:57,748 [317162a0-bd3d-40ad-b205-542abbf35090-groupManagement] INFO  server.RaftServerConfigKeys (ConfUtils.java:logGet(46)) - raft.server.snapshot.auto.trigger.enabled = true (custom)
2025-05-08 12:13:57,748 [317162a0-bd3d-40ad-b205-542abbf35090-groupManagement] INFO  server.RaftServerConfigKeys (ConfUtils.java:logGet(46)) - raft.server.snapshot.auto.trigger.threshold = 100000 (custom)
2025-05-08 12:13:57,749 [7c8f0716-ab75-44b9-b6ec-eb9ccd1caa65-groupManagement] INFO  util.AwaitToRun (AwaitToRun.java:start(81)) - Thread[#873,7c8f0716-ab75-44b9-b6ec-eb9ccd1caa65@group-CF0B59C01792-cacheEviction-AwaitToRun,5,main] started
2025-05-08 12:13:57,749 [7c8f0716-ab75-44b9-b6ec-eb9ccd1caa65-groupManagement] INFO  segmented.SegmentedRaftLogWorker (SegmentedRaftLogWorker.java:<init>(188)) - new 7c8f0716-ab75-44b9-b6ec-eb9ccd1caa65@group-CF0B59C01792-SegmentedRaftLogWorker for RaftStorageImpl:Storage Directory /home/runner/work/ozone/ozone/hadoop-ozone/integration-test/target/test-dir/MiniOzoneClusterImpl-efc39a28-6472-4ee4-b6fc-2c7f8ca0458d/ozone-meta/datanode-3/ratis/30af3b1a-a629-40eb-b1f1-cf0b59c01792
2025-05-08 12:13:57,749 [7c8f0716-ab75-44b9-b6ec-eb9ccd1caa65-groupManagement] INFO  server.RaftServerConfigKeys (ConfUtils.java:logGet(46)) - raft.server.log.queue.byte-limit = 4294967296 (custom)
2025-05-08 12:13:57,749 [7c8f0716-ab75-44b9-b6ec-eb9ccd1caa65-groupManagement] INFO  server.RaftServerConfigKeys (ConfUtils.java:logGet(46)) - raft.server.log.queue.element-limit = 1024 (custom)
2025-05-08 12:13:57,749 [317162a0-bd3d-40ad-b205-542abbf35090-groupManagement] INFO  server.RaftServerConfigKeys (ConfUtils.java:logGet(46)) - raft.server.snapshot.retention.file.num = 5 (custom)
2025-05-08 12:13:57,750 [7c8f0716-ab75-44b9-b6ec-eb9ccd1caa65-groupManagement] INFO  server.RaftServerConfigKeys (ConfUtils.java:logGet(46)) - raft.server.log.segment.size.max = 67108864 (custom)
2025-05-08 12:13:57,750 [7c8f0716-ab75-44b9-b6ec-eb9ccd1caa65-groupManagement] INFO  server.RaftServerConfigKeys (ConfUtils.java:logGet(46)) - raft.server.log.preallocated.size = 4194304 (custom)
2025-05-08 12:13:57,750 [7c8f0716-ab75-44b9-b6ec-eb9ccd1caa65-groupManagement] INFO  server.RaftServerConfigKeys (ConfUtils.java:logGet(46)) - raft.server.log.force.sync.num = 128 (default)
2025-05-08 12:13:57,750 [7c8f0716-ab75-44b9-b6ec-eb9ccd1caa65-groupManagement] INFO  server.RaftServerConfigKeys (ConfUtils.java:logGet(46)) - raft.server.log.statemachine.data.sync = true (default)
2025-05-08 12:13:57,750 [317162a0-bd3d-40ad-b205-542abbf35090-groupManagement] INFO  server.RaftServerConfigKeys (ConfUtils.java:logGet(46)) - raft.server.log.purge.upto.snapshot.index = false (default)
2025-05-08 12:13:57,750 [7c8f0716-ab75-44b9-b6ec-eb9ccd1caa65-groupManagement] INFO  server.RaftServerConfigKeys (ConfUtils.java:logGet(46)) - raft.server.log.statemachine.data.sync.timeout = 10s (default)
2025-05-08 12:13:57,751 [7c8f0716-ab75-44b9-b6ec-eb9ccd1caa65-groupManagement] INFO  server.RaftServerConfigKeys (ConfUtils.java:logGet(46)) - raft.server.log.statemachine.data.sync.timeout.retry = 30 (custom)
2025-05-08 12:13:57,751 [7c8f0716-ab75-44b9-b6ec-eb9ccd1caa65-groupManagement] INFO  server.RaftServerConfigKeys (ConfUtils.java:logGet(46)) - raft.server.log.write.buffer.size = 33554440 (custom)
2025-05-08 12:13:57,753 [317162a0-bd3d-40ad-b205-542abbf35090-groupManagement] INFO  server.RaftServer$Division (RaftServerImpl.java:start(405)) - 317162a0-bd3d-40ad-b205-542abbf35090@group-2EFD4D396D20: Successfully started.
2025-05-08 12:13:57,753 [317162a0-bd3d-40ad-b205-542abbf35090-PipelineCommandHandlerThread-0] INFO  ratis.XceiverServerRatis (XceiverServerRatis.java:addGroup(843)) - Created group PipelineID=41169cc5-0870-4dae-8491-2efd4d396d20
2025-05-08 12:13:57,754 [317162a0-bd3d-40ad-b205-542abbf35090-PipelineCommandHandlerThread-0] INFO  commandhandler.CreatePipelineCommandHandler (CreatePipelineCommandHandler.java:lambda$handle$2(128)) - Created Pipeline RATIS ONE PipelineID=41169cc5-0870-4dae-8491-2efd4d396d20.
2025-05-08 12:13:57,755 [317162a0-bd3d-40ad-b205-542abbf35090-PipelineCommandHandlerThread-0] INFO  server.RaftServer (RaftServerProxy.java:addNew(100)) - 317162a0-bd3d-40ad-b205-542abbf35090: addNew group-CF0B59C01792:[73de0732-aa09-4d2e-8ccf-f79b8b9cbabe|127.0.0.1:15015, 317162a0-bd3d-40ad-b205-542abbf35090|127.0.0.1:15023, 7c8f0716-ab75-44b9-b6ec-eb9ccd1caa65|127.0.0.1:15031] returns group-CF0B59C01792:java.util.concurrent.CompletableFuture@cbdb6ca[Not completed]
2025-05-08 12:13:57,757 [317162a0-bd3d-40ad-b205-542abbf35090-groupManagement] INFO  server.RaftServer$Division (RaftServerImpl.java:<init>(255)) - 317162a0-bd3d-40ad-b205-542abbf35090: new RaftServerImpl for group-CF0B59C01792:[73de0732-aa09-4d2e-8ccf-f79b8b9cbabe|127.0.0.1:15015, 317162a0-bd3d-40ad-b205-542abbf35090|127.0.0.1:15023, 7c8f0716-ab75-44b9-b6ec-eb9ccd1caa65|127.0.0.1:15031] with ContainerStateMachine:uninitialized
2025-05-08 12:13:57,757 [317162a0-bd3d-40ad-b205-542abbf35090-groupManagement] INFO  server.RaftServerConfigKeys (ConfUtils.java:logGet(46)) - raft.server.rpc.timeout.min = 5s (custom)
2025-05-08 12:13:57,758 [317162a0-bd3d-40ad-b205-542abbf35090-groupManagement] INFO  server.RaftServerConfigKeys (ConfUtils.java:logGet(46)) - raft.server.rpc.timeout.max = 5200ms (custom)
2025-05-08 12:13:57,758 [317162a0-bd3d-40ad-b205-542abbf35090-groupManagement] INFO  server.RaftServerConfigKeys (ConfUtils.java:logGet(46)) - raft.server.rpc.sleep.time = 25ms (default)
2025-05-08 12:13:57,758 [317162a0-bd3d-40ad-b205-542abbf35090-groupManagement] INFO  server.RaftServerConfigKeys (ConfUtils.java:logGet(46)) - raft.server.rpc.slowness.timeout = 300s (custom)
2025-05-08 12:13:57,758 [317162a0-bd3d-40ad-b205-542abbf35090-groupManagement] INFO  server.RaftServerConfigKeys (ConfUtils.java:logGet(46)) - raft.server.leaderelection.leader.step-down.wait-time = 10s (default)
2025-05-08 12:13:57,758 [317162a0-bd3d-40ad-b205-542abbf35090-groupManagement] INFO  server.RaftServerConfigKeys (ConfUtils.java:logGet(46)) - raft.server.leaderelection.member.majority-add = false (default)
2025-05-08 12:13:57,758 [317162a0-bd3d-40ad-b205-542abbf35090-groupManagement] INFO  server.RaftServerConfigKeys (ConfUtils.java:logGet(46)) - raft.server.sleep.deviation.threshold = 300ms (default)
2025-05-08 12:13:57,758 [317162a0-bd3d-40ad-b205-542abbf35090-groupManagement] INFO  server.RaftServer$Division (ServerState.java:<init>(114)) - 317162a0-bd3d-40ad-b205-542abbf35090@group-CF0B59C01792: ConfigurationManager, init=conf: {index: -1, cur=peers:[73de0732-aa09-4d2e-8ccf-f79b8b9cbabe|127.0.0.1:15015, 317162a0-bd3d-40ad-b205-542abbf35090|127.0.0.1:15023, 7c8f0716-ab75-44b9-b6ec-eb9ccd1caa65|127.0.0.1:15031]|listeners:[], old=null}, confs=<EMPTY_MAP>
2025-05-08 12:13:57,758 [317162a0-bd3d-40ad-b205-542abbf35090-groupManagement] INFO  server.RaftServerConfigKeys (ConfUtils.java:logGet(46)) - raft.server.notification.no-leader.timeout = 300s (custom)
2025-05-08 12:13:57,758 [317162a0-bd3d-40ad-b205-542abbf35090-groupManagement] INFO  server.RaftServerConfigKeys (ConfUtils.java:logGet(46)) - raft.server.read.timeout = 10s (default)
2025-05-08 12:13:57,758 [317162a0-bd3d-40ad-b205-542abbf35090-groupManagement] INFO  server.RaftServerConfigKeys (ConfUtils.java:logGet(46)) - raft.server.retrycache.expirytime = 600000ms (custom)
2025-05-08 12:13:57,758 [317162a0-bd3d-40ad-b205-542abbf35090-groupManagement] INFO  server.RaftServerConfigKeys (ConfUtils.java:logGet(46)) - raft.server.retrycache.statistics.expirytime = 100ms (default)
2025-05-08 12:13:57,758 [7c8f0716-ab75-44b9-b6ec-eb9ccd1caa65-groupManagement] INFO  server.RaftServerConfigKeys (ConfUtils.java:logGet(46)) - raft.server.log.appender.buffer.byte-limit = 33554432 (custom)
2025-05-08 12:13:57,758 [317162a0-bd3d-40ad-b205-542abbf35090-groupManagement] INFO  server.RaftServerConfigKeys (ConfUtils.java:logGet(46)) - raft.server.read.option = DEFAULT (default)
2025-05-08 12:13:57,758 [7c8f0716-ab75-44b9-b6ec-eb9ccd1caa65-groupManagement] INFO  server.RaftServerConfigKeys (ConfUtils.java:logGet(46)) - raft.server.log.unsafe-flush.enabled = false (default)
2025-05-08 12:13:57,758 [7c8f0716-ab75-44b9-b6ec-eb9ccd1caa65-groupManagement] INFO  server.RaftServerConfigKeys (ConfUtils.java:logGet(46)) - raft.server.log.async-flush.enabled = false (default)
2025-05-08 12:13:57,758 [317162a0-bd3d-40ad-b205-542abbf35090-groupManagement] INFO  server.RaftServerConfigKeys (ConfUtils.java:logGet(46)) - raft.server.read.read-after-write-consistent.write-index-cache.expiry-time = 60s (default)
2025-05-08 12:13:57,758 [7c8f0716-ab75-44b9-b6ec-eb9ccd1caa65-groupManagement] INFO  server.RaftServerConfigKeys (ConfUtils.java:logGet(46)) - raft.server.log.statemachine.data.caching.enabled = true (custom)
2025-05-08 12:13:57,759 [7c8f0716-ab75-44b9-b6ec-eb9ccd1caa65-groupManagement] INFO  segmented.SegmentedRaftLogWorker (SegmentedRaftLogWorker.java:lambda$new$0(139)) - 7c8f0716-ab75-44b9-b6ec-eb9ccd1caa65@group-CF0B59C01792-SegmentedRaftLogWorker: flushIndex: setUnconditionally 0 -> -1
2025-05-08 12:13:57,759 [7c8f0716-ab75-44b9-b6ec-eb9ccd1caa65-groupManagement] INFO  segmented.SegmentedRaftLogWorker (SegmentedRaftLogWorker.java:lambda$new$0(139)) - 7c8f0716-ab75-44b9-b6ec-eb9ccd1caa65@group-CF0B59C01792-SegmentedRaftLogWorker: safeCacheEvictIndex: setUnconditionally 0 -> -1
2025-05-08 12:13:57,759 [7c8f0716-ab75-44b9-b6ec-eb9ccd1caa65-groupManagement] INFO  server.RaftServer$Division (RaftServerImpl.java:start(391)) - 7c8f0716-ab75-44b9-b6ec-eb9ccd1caa65@group-CF0B59C01792: start as a follower, conf=conf: {index: -1, cur=peers:[73de0732-aa09-4d2e-8ccf-f79b8b9cbabe|127.0.0.1:15015, 317162a0-bd3d-40ad-b205-542abbf35090|127.0.0.1:15023, 7c8f0716-ab75-44b9-b6ec-eb9ccd1caa65|127.0.0.1:15031]|listeners:[], old=null}
2025-05-08 12:13:57,759 [7c8f0716-ab75-44b9-b6ec-eb9ccd1caa65-groupManagement] INFO  server.RaftServer$Division (RaftServerImpl.java:setRole(378)) - 7c8f0716-ab75-44b9-b6ec-eb9ccd1caa65@group-CF0B59C01792: changes role from      null to FOLLOWER at term 0 for startAsFollower
2025-05-08 12:13:57,759 [7c8f0716-ab75-44b9-b6ec-eb9ccd1caa65-groupManagement] INFO  impl.RoleInfo (RoleInfo.java:updateAndGet(148)) - 7c8f0716-ab75-44b9-b6ec-eb9ccd1caa65: start 7c8f0716-ab75-44b9-b6ec-eb9ccd1caa65@group-CF0B59C01792-FollowerState
2025-05-08 12:13:57,760 [7c8f0716-ab75-44b9-b6ec-eb9ccd1caa65-groupManagement] INFO  util.JmxRegister (JmxRegister.java:tryRegister(44)) - Successfully registered JMX Bean with object name Ratis:service=RaftServer,group=group-CF0B59C01792,id=7c8f0716-ab75-44b9-b6ec-eb9ccd1caa65
2025-05-08 12:13:57,760 [7c8f0716-ab75-44b9-b6ec-eb9ccd1caa65-groupManagement] INFO  util.JmxRegister (JmxRegister.java:register(58)) - register mxBean class org.apache.ratis.server.impl.RaftServerJmxAdapter as Ratis:service=RaftServer,group=group-CF0B59C01792,id=7c8f0716-ab75-44b9-b6ec-eb9ccd1caa65
2025-05-08 12:13:57,760 [7c8f0716-ab75-44b9-b6ec-eb9ccd1caa65-groupManagement] INFO  server.RaftServerConfigKeys (ConfUtils.java:logGet(46)) - raft.server.snapshot.trigger-when-stop.enabled = true (default)
2025-05-08 12:13:57,760 [7c8f0716-ab75-44b9-b6ec-eb9ccd1caa65-groupManagement] INFO  server.RaftServerConfigKeys (ConfUtils.java:logGet(46)) - raft.server.snapshot.trigger-when-remove.enabled = true (default)
2025-05-08 12:13:57,760 [7c8f0716-ab75-44b9-b6ec-eb9ccd1caa65-groupManagement] INFO  server.RaftServerConfigKeys (ConfUtils.java:logGet(46)) - raft.server.snapshot.auto.trigger.enabled = true (custom)
2025-05-08 12:13:57,760 [7c8f0716-ab75-44b9-b6ec-eb9ccd1caa65-groupManagement] INFO  server.RaftServerConfigKeys (ConfUtils.java:logGet(46)) - raft.server.snapshot.auto.trigger.threshold = 100000 (custom)
2025-05-08 12:13:57,760 [7c8f0716-ab75-44b9-b6ec-eb9ccd1caa65-groupManagement] INFO  server.RaftServerConfigKeys (ConfUtils.java:logGet(46)) - raft.server.snapshot.retention.file.num = 5 (custom)
2025-05-08 12:13:57,760 [7c8f0716-ab75-44b9-b6ec-eb9ccd1caa65@group-CF0B59C01792-FollowerState] INFO  server.RaftServerConfigKeys (ConfUtils.java:logGet(46)) - raft.server.rpc.first-election.timeout.min = 1000ms (custom)
2025-05-08 12:13:57,760 [7c8f0716-ab75-44b9-b6ec-eb9ccd1caa65@group-CF0B59C01792-FollowerState] INFO  server.RaftServerConfigKeys (ConfUtils.java:logGet(46)) - raft.server.rpc.first-election.timeout.max = 1200ms (custom)
2025-05-08 12:13:57,761 [7c8f0716-ab75-44b9-b6ec-eb9ccd1caa65-groupManagement] INFO  server.RaftServerConfigKeys (ConfUtils.java:logGet(46)) - raft.server.log.purge.upto.snapshot.index = false (default)
2025-05-08 12:13:57,762 [7c8f0716-ab75-44b9-b6ec-eb9ccd1caa65-groupManagement] INFO  server.RaftServer$Division (RaftServerImpl.java:start(405)) - 7c8f0716-ab75-44b9-b6ec-eb9ccd1caa65@group-CF0B59C01792: Successfully started.
2025-05-08 12:13:57,766 [317162a0-bd3d-40ad-b205-542abbf35090-groupManagement] INFO  server.RaftServerConfigKeys (ConfUtils.java:logGet(46)) - raft.server.rpc.request.timeout = 60s (custom)
2025-05-08 12:13:57,766 [317162a0-bd3d-40ad-b205-542abbf35090-groupManagement] INFO  server.RaftServerConfigKeys (ConfUtils.java:logGet(46)) - raft.server.log.appender.install.snapshot.enabled = false (custom)
2025-05-08 12:13:57,766 [317162a0-bd3d-40ad-b205-542abbf35090-groupManagement] INFO  server.RaftServerConfigKeys (ConfUtils.java:logGet(46)) - raft.server.threadpool.server.cached = true (default)
2025-05-08 12:13:57,767 [317162a0-bd3d-40ad-b205-542abbf35090-groupManagement] INFO  server.RaftServerConfigKeys (ConfUtils.java:logGet(46)) - raft.server.threadpool.server.size = 0 (default)
2025-05-08 12:13:57,768 [317162a0-bd3d-40ad-b205-542abbf35090-groupManagement] INFO  server.RaftServerConfigKeys (ConfUtils.java:logGet(46)) - raft.server.threadpool.client.cached = true (default)
2025-05-08 12:13:57,768 [317162a0-bd3d-40ad-b205-542abbf35090-groupManagement] INFO  server.RaftServerConfigKeys (ConfUtils.java:logGet(46)) - raft.server.threadpool.client.size = 0 (default)
2025-05-08 12:13:57,768 [317162a0-bd3d-40ad-b205-542abbf35090-groupManagement] INFO  server.RaftServerConfigKeys (ConfUtils.java:logGet(46)) - raft.server.storage.free-space.min = 0MB (=0) (default)
2025-05-08 12:13:57,768 [317162a0-bd3d-40ad-b205-542abbf35090-groupManagement] INFO  server.RaftServerConfigKeys (ConfUtils.java:logGet(46)) - raft.server.log.corruption.policy = EXCEPTION (default)
2025-05-08 12:13:57,768 [317162a0-bd3d-40ad-b205-542abbf35090-groupManagement] INFO  server.RaftServerConfigKeys (ConfUtils.java:logGet(46)) - raft.server.storage.dir = [/home/runner/work/ozone/ozone/hadoop-ozone/integration-test/target/test-dir/MiniOzoneClusterImpl-efc39a28-6472-4ee4-b6fc-2c7f8ca0458d/ozone-meta/datanode-2/ratis] (custom)
2025-05-08 12:13:57,768 [317162a0-bd3d-40ad-b205-542abbf35090-groupManagement] INFO  storage.RaftStorageDirectory (RaftStorageDirectoryImpl.java:analyzeStorage(138)) - The storage directory /home/runner/work/ozone/ozone/hadoop-ozone/integration-test/target/test-dir/MiniOzoneClusterImpl-efc39a28-6472-4ee4-b6fc-2c7f8ca0458d/ozone-meta/datanode-2/ratis/30af3b1a-a629-40eb-b1f1-cf0b59c01792 does not exist. Creating ...
2025-05-08 12:13:57,770 [317162a0-bd3d-40ad-b205-542abbf35090-groupManagement] INFO  storage.RaftStorageDirectory (RaftStorageDirectoryImpl.java:tryLock(229)) - Lock on /home/runner/work/ozone/ozone/hadoop-ozone/integration-test/target/test-dir/MiniOzoneClusterImpl-efc39a28-6472-4ee4-b6fc-2c7f8ca0458d/ozone-meta/datanode-2/ratis/30af3b1a-a629-40eb-b1f1-cf0b59c01792/in_use.lock acquired by nodename 33187@fv-az1940-623
2025-05-08 12:13:57,771 [317162a0-bd3d-40ad-b205-542abbf35090-groupManagement] INFO  storage.RaftStorage (RaftStorageImpl.java:format(98)) - Storage directory /home/runner/work/ozone/ozone/hadoop-ozone/integration-test/target/test-dir/MiniOzoneClusterImpl-efc39a28-6472-4ee4-b6fc-2c7f8ca0458d/ozone-meta/datanode-2/ratis/30af3b1a-a629-40eb-b1f1-cf0b59c01792 has been successfully formatted.
2025-05-08 12:13:57,772 [317162a0-bd3d-40ad-b205-542abbf35090-groupManagement] INFO  ratis.ContainerStateMachine (ContainerStateMachine.java:initialize(339)) - 317162a0-bd3d-40ad-b205-542abbf35090: initialize group-CF0B59C01792
2025-05-08 12:13:57,772 [317162a0-bd3d-40ad-b205-542abbf35090-groupManagement] INFO  ratis.ContainerStateMachine (ContainerStateMachine.java:loadSnapshot(347)) - group-CF0B59C01792: The snapshot info is null. Setting the last applied index to:(t:0, i:~)
2025-05-08 12:13:57,772 [317162a0-bd3d-40ad-b205-542abbf35090-groupManagement] INFO  server.RaftServerConfigKeys (ConfUtils.java:logGet(46)) - raft.server.log.use.memory = false (default)
2025-05-08 12:13:57,773 [317162a0-bd3d-40ad-b205-542abbf35090-groupManagement] INFO  server.RaftServerConfigKeys (ConfUtils.java:logGet(46)) - raft.server.log.purge.gap = 1000000 (custom)
2025-05-08 12:13:57,773 [317162a0-bd3d-40ad-b205-542abbf35090-groupManagement] INFO  server.RaftServerConfigKeys (ConfUtils.java:logGet(46)) - raft.server.log.appender.buffer.byte-limit = 33554432 (custom)
2025-05-08 12:13:57,773 [317162a0-bd3d-40ad-b205-542abbf35090-groupManagement] INFO  server.RaftServerConfigKeys (ConfUtils.java:logGet(46)) - raft.server.log.statemachine.data.read.timeout = 1000ms (default)
2025-05-08 12:13:57,773 [317162a0-bd3d-40ad-b205-542abbf35090-groupManagement] INFO  server.RaftServerConfigKeys (ConfUtils.java:logGet(46)) - raft.server.log.purge.preservation.log.num = 0 (default)
2025-05-08 12:13:57,776 [EventQueue-OpenPipelineForHealthyPipelineSafeModeRule] INFO  safemode.SCMSafeModeManager (HealthyPipelineSafeModeRule.java:process(141)) - SCM in safe mode. Healthy pipelines reported count is 0, required healthy pipeline reported count is 1
2025-05-08 12:13:57,777 [317162a0-bd3d-40ad-b205-542abbf35090-groupManagement] INFO  server.RaftServerConfigKeys (ConfUtils.java:logGet(46)) - raft.server.log.segment.size.max = 67108864 (custom)
2025-05-08 12:13:57,778 [317162a0-bd3d-40ad-b205-542abbf35090-groupManagement] INFO  server.RaftServerConfigKeys (ConfUtils.java:logGet(46)) - raft.server.log.segment.cache.num.max = 2 (custom)
2025-05-08 12:13:57,778 [317162a0-bd3d-40ad-b205-542abbf35090-groupManagement] INFO  server.RaftServerConfigKeys (ConfUtils.java:logGet(46)) - raft.server.log.segment.cache.size.max = 200MB (=209715200) (default)
2025-05-08 12:13:57,778 [317162a0-bd3d-40ad-b205-542abbf35090-groupManagement] INFO  server.RaftServerConfigKeys (ConfUtils.java:logGet(46)) - raft.server.log.appender.buffer.byte-limit = 33554432 (custom)
2025-05-08 12:13:57,779 [317162a0-bd3d-40ad-b205-542abbf35090-groupManagement] INFO  util.AwaitToRun (AwaitToRun.java:start(81)) - Thread[#878,317162a0-bd3d-40ad-b205-542abbf35090@group-CF0B59C01792-cacheEviction-AwaitToRun,5,main] started
2025-05-08 12:13:57,779 [317162a0-bd3d-40ad-b205-542abbf35090-groupManagement] INFO  segmented.SegmentedRaftLogWorker (SegmentedRaftLogWorker.java:<init>(188)) - new 317162a0-bd3d-40ad-b205-542abbf35090@group-CF0B59C01792-SegmentedRaftLogWorker for RaftStorageImpl:Storage Directory /home/runner/work/ozone/ozone/hadoop-ozone/integration-test/target/test-dir/MiniOzoneClusterImpl-efc39a28-6472-4ee4-b6fc-2c7f8ca0458d/ozone-meta/datanode-2/ratis/30af3b1a-a629-40eb-b1f1-cf0b59c01792
2025-05-08 12:13:57,779 [317162a0-bd3d-40ad-b205-542abbf35090-groupManagement] INFO  server.RaftServerConfigKeys (ConfUtils.java:logGet(46)) - raft.server.log.queue.byte-limit = 4294967296 (custom)
2025-05-08 12:13:57,779 [317162a0-bd3d-40ad-b205-542abbf35090-groupManagement] INFO  server.RaftServerConfigKeys (ConfUtils.java:logGet(46)) - raft.server.log.queue.element-limit = 1024 (custom)
2025-05-08 12:13:57,779 [317162a0-bd3d-40ad-b205-542abbf35090-groupManagement] INFO  server.RaftServerConfigKeys (ConfUtils.java:logGet(46)) - raft.server.log.segment.size.max = 67108864 (custom)
2025-05-08 12:13:57,779 [317162a0-bd3d-40ad-b205-542abbf35090-groupManagement] INFO  server.RaftServerConfigKeys (ConfUtils.java:logGet(46)) - raft.server.log.preallocated.size = 4194304 (custom)
2025-05-08 12:13:57,780 [317162a0-bd3d-40ad-b205-542abbf35090-groupManagement] INFO  server.RaftServerConfigKeys (ConfUtils.java:logGet(46)) - raft.server.log.force.sync.num = 128 (default)
2025-05-08 12:13:57,780 [317162a0-bd3d-40ad-b205-542abbf35090-groupManagement] INFO  server.RaftServerConfigKeys (ConfUtils.java:logGet(46)) - raft.server.log.statemachine.data.sync = true (default)
2025-05-08 12:13:57,780 [317162a0-bd3d-40ad-b205-542abbf35090-groupManagement] INFO  server.RaftServerConfigKeys (ConfUtils.java:logGet(46)) - raft.server.log.statemachine.data.sync.timeout = 10s (default)
2025-05-08 12:13:57,780 [317162a0-bd3d-40ad-b205-542abbf35090-groupManagement] INFO  server.RaftServerConfigKeys (ConfUtils.java:logGet(46)) - raft.server.log.statemachine.data.sync.timeout.retry = 30 (custom)
2025-05-08 12:13:57,781 [317162a0-bd3d-40ad-b205-542abbf35090-groupManagement] INFO  server.RaftServerConfigKeys (ConfUtils.java:logGet(46)) - raft.server.log.write.buffer.size = 33554440 (custom)
2025-05-08 12:13:57,789 [317162a0-bd3d-40ad-b205-542abbf35090-groupManagement] INFO  server.RaftServerConfigKeys (ConfUtils.java:logGet(46)) - raft.server.log.appender.buffer.byte-limit = 33554432 (custom)
2025-05-08 12:13:57,790 [317162a0-bd3d-40ad-b205-542abbf35090-groupManagement] INFO  server.RaftServerConfigKeys (ConfUtils.java:logGet(46)) - raft.server.log.unsafe-flush.enabled = false (default)
2025-05-08 12:13:57,790 [317162a0-bd3d-40ad-b205-542abbf35090-groupManagement] INFO  server.RaftServerConfigKeys (ConfUtils.java:logGet(46)) - raft.server.log.async-flush.enabled = false (default)
2025-05-08 12:13:57,790 [317162a0-bd3d-40ad-b205-542abbf35090-groupManagement] INFO  server.RaftServerConfigKeys (ConfUtils.java:logGet(46)) - raft.server.log.statemachine.data.caching.enabled = true (custom)
2025-05-08 12:13:57,790 [317162a0-bd3d-40ad-b205-542abbf35090-groupManagement] INFO  segmented.SegmentedRaftLogWorker (SegmentedRaftLogWorker.java:lambda$new$0(139)) - 317162a0-bd3d-40ad-b205-542abbf35090@group-CF0B59C01792-SegmentedRaftLogWorker: flushIndex: setUnconditionally 0 -> -1
2025-05-08 12:13:57,790 [317162a0-bd3d-40ad-b205-542abbf35090-groupManagement] INFO  segmented.SegmentedRaftLogWorker (SegmentedRaftLogWorker.java:lambda$new$0(139)) - 317162a0-bd3d-40ad-b205-542abbf35090@group-CF0B59C01792-SegmentedRaftLogWorker: safeCacheEvictIndex: setUnconditionally 0 -> -1
2025-05-08 12:13:57,791 [317162a0-bd3d-40ad-b205-542abbf35090-groupManagement] INFO  server.RaftServer$Division (RaftServerImpl.java:start(391)) - 317162a0-bd3d-40ad-b205-542abbf35090@group-CF0B59C01792: start as a follower, conf=conf: {index: -1, cur=peers:[73de0732-aa09-4d2e-8ccf-f79b8b9cbabe|127.0.0.1:15015, 317162a0-bd3d-40ad-b205-542abbf35090|127.0.0.1:15023, 7c8f0716-ab75-44b9-b6ec-eb9ccd1caa65|127.0.0.1:15031]|listeners:[], old=null}
2025-05-08 12:13:57,791 [317162a0-bd3d-40ad-b205-542abbf35090-groupManagement] INFO  server.RaftServer$Division (RaftServerImpl.java:setRole(378)) - 317162a0-bd3d-40ad-b205-542abbf35090@group-CF0B59C01792: changes role from      null to FOLLOWER at term 0 for startAsFollower
2025-05-08 12:13:57,792 [317162a0-bd3d-40ad-b205-542abbf35090-groupManagement] INFO  impl.RoleInfo (RoleInfo.java:updateAndGet(148)) - 317162a0-bd3d-40ad-b205-542abbf35090: start 317162a0-bd3d-40ad-b205-542abbf35090@group-CF0B59C01792-FollowerState
2025-05-08 12:13:57,793 [317162a0-bd3d-40ad-b205-542abbf35090-groupManagement] INFO  util.JmxRegister (JmxRegister.java:tryRegister(44)) - Successfully registered JMX Bean with object name Ratis:service=RaftServer,group=group-CF0B59C01792,id=317162a0-bd3d-40ad-b205-542abbf35090
2025-05-08 12:13:57,793 [317162a0-bd3d-40ad-b205-542abbf35090-groupManagement] INFO  util.JmxRegister (JmxRegister.java:register(58)) - register mxBean class org.apache.ratis.server.impl.RaftServerJmxAdapter as Ratis:service=RaftServer,group=group-CF0B59C01792,id=317162a0-bd3d-40ad-b205-542abbf35090
2025-05-08 12:13:57,793 [317162a0-bd3d-40ad-b205-542abbf35090-groupManagement] INFO  server.RaftServerConfigKeys (ConfUtils.java:logGet(46)) - raft.server.snapshot.trigger-when-stop.enabled = true (default)
2025-05-08 12:13:57,793 [317162a0-bd3d-40ad-b205-542abbf35090-groupManagement] INFO  server.RaftServerConfigKeys (ConfUtils.java:logGet(46)) - raft.server.snapshot.trigger-when-remove.enabled = true (default)
2025-05-08 12:13:57,793 [317162a0-bd3d-40ad-b205-542abbf35090-groupManagement] INFO  server.RaftServerConfigKeys (ConfUtils.java:logGet(46)) - raft.server.snapshot.auto.trigger.enabled = true (custom)
2025-05-08 12:13:57,793 [317162a0-bd3d-40ad-b205-542abbf35090-groupManagement] INFO  server.RaftServerConfigKeys (ConfUtils.java:logGet(46)) - raft.server.snapshot.auto.trigger.threshold = 100000 (custom)
2025-05-08 12:13:57,793 [317162a0-bd3d-40ad-b205-542abbf35090-groupManagement] INFO  server.RaftServerConfigKeys (ConfUtils.java:logGet(46)) - raft.server.snapshot.retention.file.num = 5 (custom)
2025-05-08 12:13:57,793 [317162a0-bd3d-40ad-b205-542abbf35090-groupManagement] INFO  server.RaftServerConfigKeys (ConfUtils.java:logGet(46)) - raft.server.log.purge.upto.snapshot.index = false (default)
2025-05-08 12:13:57,793 [317162a0-bd3d-40ad-b205-542abbf35090@group-CF0B59C01792-FollowerState] INFO  server.RaftServerConfigKeys (ConfUtils.java:logGet(46)) - raft.server.rpc.first-election.timeout.min = 1000ms (custom)
2025-05-08 12:13:57,794 [317162a0-bd3d-40ad-b205-542abbf35090@group-CF0B59C01792-FollowerState] INFO  server.RaftServerConfigKeys (ConfUtils.java:logGet(46)) - raft.server.rpc.first-election.timeout.max = 1200ms (custom)
2025-05-08 12:13:57,795 [317162a0-bd3d-40ad-b205-542abbf35090-groupManagement] INFO  server.RaftServer$Division (RaftServerImpl.java:start(405)) - 317162a0-bd3d-40ad-b205-542abbf35090@group-CF0B59C01792: Successfully started.
2025-05-08 12:13:57,795 [317162a0-bd3d-40ad-b205-542abbf35090-PipelineCommandHandlerThread-0] INFO  ratis.XceiverServerRatis (XceiverServerRatis.java:addGroup(843)) - Created group PipelineID=30af3b1a-a629-40eb-b1f1-cf0b59c01792
2025-05-08 12:13:57,836 [73de0732-aa09-4d2e-8ccf-f79b8b9cbabe-PipelineCommandHandlerThread-0] INFO  commandhandler.CreatePipelineCommandHandler (CreatePipelineCommandHandler.java:lambda$handle$2(128)) - Created Pipeline RATIS THREE PipelineID=30af3b1a-a629-40eb-b1f1-cf0b59c01792.
2025-05-08 12:13:57,868 [317162a0-bd3d-40ad-b205-542abbf35090-PipelineCommandHandlerThread-0] INFO  commandhandler.CreatePipelineCommandHandler (CreatePipelineCommandHandler.java:lambda$handle$2(128)) - Created Pipeline RATIS THREE PipelineID=30af3b1a-a629-40eb-b1f1-cf0b59c01792.
2025-05-08 12:13:57,943 [7c8f0716-ab75-44b9-b6ec-eb9ccd1caa65-PipelineCommandHandlerThread-0] INFO  server.RaftServer (RaftServerProxy.java:addNew(100)) - 7c8f0716-ab75-44b9-b6ec-eb9ccd1caa65: addNew group-D66A53B01281:[7c8f0716-ab75-44b9-b6ec-eb9ccd1caa65|127.0.0.1:15031] returns group-D66A53B01281:java.util.concurrent.CompletableFuture@170572aa[Not completed]
2025-05-08 12:13:57,944 [7c8f0716-ab75-44b9-b6ec-eb9ccd1caa65-groupManagement] INFO  server.RaftServer$Division (RaftServerImpl.java:<init>(255)) - 7c8f0716-ab75-44b9-b6ec-eb9ccd1caa65: new RaftServerImpl for group-D66A53B01281:[7c8f0716-ab75-44b9-b6ec-eb9ccd1caa65|127.0.0.1:15031] with ContainerStateMachine:uninitialized
2025-05-08 12:13:57,945 [7c8f0716-ab75-44b9-b6ec-eb9ccd1caa65-groupManagement] INFO  server.RaftServerConfigKeys (ConfUtils.java:logGet(46)) - raft.server.rpc.timeout.min = 5s (custom)
2025-05-08 12:13:57,945 [7c8f0716-ab75-44b9-b6ec-eb9ccd1caa65-groupManagement] INFO  server.RaftServerConfigKeys (ConfUtils.java:logGet(46)) - raft.server.rpc.timeout.max = 5200ms (custom)
2025-05-08 12:13:57,945 [7c8f0716-ab75-44b9-b6ec-eb9ccd1caa65-groupManagement] INFO  server.RaftServerConfigKeys (ConfUtils.java:logGet(46)) - raft.server.rpc.sleep.time = 25ms (default)
2025-05-08 12:13:57,945 [7c8f0716-ab75-44b9-b6ec-eb9ccd1caa65-groupManagement] INFO  server.RaftServerConfigKeys (ConfUtils.java:logGet(46)) - raft.server.rpc.slowness.timeout = 300s (custom)
2025-05-08 12:13:57,945 [7c8f0716-ab75-44b9-b6ec-eb9ccd1caa65-groupManagement] INFO  server.RaftServerConfigKeys (ConfUtils.java:logGet(46)) - raft.server.leaderelection.leader.step-down.wait-time = 10s (default)
2025-05-08 12:13:57,945 [7c8f0716-ab75-44b9-b6ec-eb9ccd1caa65-groupManagement] INFO  server.RaftServerConfigKeys (ConfUtils.java:logGet(46)) - raft.server.leaderelection.member.majority-add = false (default)
2025-05-08 12:13:57,945 [7c8f0716-ab75-44b9-b6ec-eb9ccd1caa65-groupManagement] INFO  server.RaftServerConfigKeys (ConfUtils.java:logGet(46)) - raft.server.sleep.deviation.threshold = 300ms (default)
2025-05-08 12:13:57,945 [7c8f0716-ab75-44b9-b6ec-eb9ccd1caa65-groupManagement] INFO  server.RaftServer$Division (ServerState.java:<init>(114)) - 7c8f0716-ab75-44b9-b6ec-eb9ccd1caa65@group-D66A53B01281: ConfigurationManager, init=conf: {index: -1, cur=peers:[7c8f0716-ab75-44b9-b6ec-eb9ccd1caa65|127.0.0.1:15031]|listeners:[], old=null}, confs=<EMPTY_MAP>
2025-05-08 12:13:57,945 [7c8f0716-ab75-44b9-b6ec-eb9ccd1caa65-groupManagement] INFO  server.RaftServerConfigKeys (ConfUtils.java:logGet(46)) - raft.server.notification.no-leader.timeout = 300s (custom)
2025-05-08 12:13:57,945 [7c8f0716-ab75-44b9-b6ec-eb9ccd1caa65-groupManagement] INFO  server.RaftServerConfigKeys (ConfUtils.java:logGet(46)) - raft.server.read.timeout = 10s (default)
2025-05-08 12:13:57,945 [7c8f0716-ab75-44b9-b6ec-eb9ccd1caa65-groupManagement] INFO  server.RaftServerConfigKeys (ConfUtils.java:logGet(46)) - raft.server.retrycache.expirytime = 600000ms (custom)
2025-05-08 12:13:57,945 [7c8f0716-ab75-44b9-b6ec-eb9ccd1caa65-groupManagement] INFO  server.RaftServerConfigKeys (ConfUtils.java:logGet(46)) - raft.server.retrycache.statistics.expirytime = 100ms (default)
2025-05-08 12:13:57,945 [7c8f0716-ab75-44b9-b6ec-eb9ccd1caa65-groupManagement] INFO  server.RaftServerConfigKeys (ConfUtils.java:logGet(46)) - raft.server.read.option = DEFAULT (default)
2025-05-08 12:13:57,946 [7c8f0716-ab75-44b9-b6ec-eb9ccd1caa65-groupManagement] INFO  server.RaftServerConfigKeys (ConfUtils.java:logGet(46)) - raft.server.read.read-after-write-consistent.write-index-cache.expiry-time = 60s (default)
2025-05-08 12:13:57,949 [7c8f0716-ab75-44b9-b6ec-eb9ccd1caa65-groupManagement] INFO  server.RaftServerConfigKeys (ConfUtils.java:logGet(46)) - raft.server.rpc.request.timeout = 60s (custom)
2025-05-08 12:13:57,949 [7c8f0716-ab75-44b9-b6ec-eb9ccd1caa65-groupManagement] INFO  server.RaftServerConfigKeys (ConfUtils.java:logGet(46)) - raft.server.log.appender.install.snapshot.enabled = false (custom)
2025-05-08 12:13:57,949 [7c8f0716-ab75-44b9-b6ec-eb9ccd1caa65-groupManagement] INFO  server.RaftServerConfigKeys (ConfUtils.java:logGet(46)) - raft.server.threadpool.server.cached = true (default)
2025-05-08 12:13:57,949 [7c8f0716-ab75-44b9-b6ec-eb9ccd1caa65-groupManagement] INFO  server.RaftServerConfigKeys (ConfUtils.java:logGet(46)) - raft.server.threadpool.server.size = 0 (default)
2025-05-08 12:13:57,949 [7c8f0716-ab75-44b9-b6ec-eb9ccd1caa65-groupManagement] INFO  server.RaftServerConfigKeys (ConfUtils.java:logGet(46)) - raft.server.threadpool.client.cached = true (default)
2025-05-08 12:13:57,949 [7c8f0716-ab75-44b9-b6ec-eb9ccd1caa65-groupManagement] INFO  server.RaftServerConfigKeys (ConfUtils.java:logGet(46)) - raft.server.threadpool.client.size = 0 (default)
2025-05-08 12:13:57,949 [7c8f0716-ab75-44b9-b6ec-eb9ccd1caa65-groupManagement] INFO  server.RaftServerConfigKeys (ConfUtils.java:logGet(46)) - raft.server.storage.free-space.min = 0MB (=0) (default)
2025-05-08 12:13:57,950 [7c8f0716-ab75-44b9-b6ec-eb9ccd1caa65-groupManagement] INFO  server.RaftServerConfigKeys (ConfUtils.java:logGet(46)) - raft.server.log.corruption.policy = EXCEPTION (default)
2025-05-08 12:13:57,950 [7c8f0716-ab75-44b9-b6ec-eb9ccd1caa65-groupManagement] INFO  server.RaftServerConfigKeys (ConfUtils.java:logGet(46)) - raft.server.storage.dir = [/home/runner/work/ozone/ozone/hadoop-ozone/integration-test/target/test-dir/MiniOzoneClusterImpl-efc39a28-6472-4ee4-b6fc-2c7f8ca0458d/ozone-meta/datanode-3/ratis] (custom)
2025-05-08 12:13:57,950 [7c8f0716-ab75-44b9-b6ec-eb9ccd1caa65-groupManagement] INFO  storage.RaftStorageDirectory (RaftStorageDirectoryImpl.java:analyzeStorage(138)) - The storage directory /home/runner/work/ozone/ozone/hadoop-ozone/integration-test/target/test-dir/MiniOzoneClusterImpl-efc39a28-6472-4ee4-b6fc-2c7f8ca0458d/ozone-meta/datanode-3/ratis/01286881-081e-4ccb-bb09-d66a53b01281 does not exist. Creating ...
2025-05-08 12:13:57,951 [7c8f0716-ab75-44b9-b6ec-eb9ccd1caa65-groupManagement] INFO  storage.RaftStorageDirectory (RaftStorageDirectoryImpl.java:tryLock(229)) - Lock on /home/runner/work/ozone/ozone/hadoop-ozone/integration-test/target/test-dir/MiniOzoneClusterImpl-efc39a28-6472-4ee4-b6fc-2c7f8ca0458d/ozone-meta/datanode-3/ratis/01286881-081e-4ccb-bb09-d66a53b01281/in_use.lock acquired by nodename 33187@fv-az1940-623
2025-05-08 12:13:57,952 [7c8f0716-ab75-44b9-b6ec-eb9ccd1caa65-groupManagement] INFO  storage.RaftStorage (RaftStorageImpl.java:format(98)) - Storage directory /home/runner/work/ozone/ozone/hadoop-ozone/integration-test/target/test-dir/MiniOzoneClusterImpl-efc39a28-6472-4ee4-b6fc-2c7f8ca0458d/ozone-meta/datanode-3/ratis/01286881-081e-4ccb-bb09-d66a53b01281 has been successfully formatted.
2025-05-08 12:13:57,953 [7c8f0716-ab75-44b9-b6ec-eb9ccd1caa65-groupManagement] INFO  ratis.ContainerStateMachine (ContainerStateMachine.java:initialize(339)) - 7c8f0716-ab75-44b9-b6ec-eb9ccd1caa65: initialize group-D66A53B01281
2025-05-08 12:13:57,953 [7c8f0716-ab75-44b9-b6ec-eb9ccd1caa65-groupManagement] INFO  ratis.ContainerStateMachine (ContainerStateMachine.java:loadSnapshot(347)) - group-D66A53B01281: The snapshot info is null. Setting the last applied index to:(t:0, i:~)
2025-05-08 12:13:57,953 [7c8f0716-ab75-44b9-b6ec-eb9ccd1caa65-groupManagement] INFO  server.RaftServerConfigKeys (ConfUtils.java:logGet(46)) - raft.server.log.use.memory = false (default)
2025-05-08 12:13:57,953 [7c8f0716-ab75-44b9-b6ec-eb9ccd1caa65-groupManagement] INFO  server.RaftServerConfigKeys (ConfUtils.java:logGet(46)) - raft.server.log.purge.gap = 1000000 (custom)
2025-05-08 12:13:57,954 [7c8f0716-ab75-44b9-b6ec-eb9ccd1caa65-groupManagement] INFO  server.RaftServerConfigKeys (ConfUtils.java:logGet(46)) - raft.server.log.appender.buffer.byte-limit = 33554432 (custom)
2025-05-08 12:13:57,954 [7c8f0716-ab75-44b9-b6ec-eb9ccd1caa65-groupManagement] INFO  server.RaftServerConfigKeys (ConfUtils.java:logGet(46)) - raft.server.log.statemachine.data.read.timeout = 1000ms (default)
2025-05-08 12:13:57,954 [7c8f0716-ab75-44b9-b6ec-eb9ccd1caa65-groupManagement] INFO  server.RaftServerConfigKeys (ConfUtils.java:logGet(46)) - raft.server.log.purge.preservation.log.num = 0 (default)
2025-05-08 12:13:57,956 [7c8f0716-ab75-44b9-b6ec-eb9ccd1caa65-groupManagement] INFO  server.RaftServerConfigKeys (ConfUtils.java:logGet(46)) - raft.server.log.segment.size.max = 67108864 (custom)
2025-05-08 12:13:57,958 [aa40a6e8-77ba-434d-b9e7-e4aad8dcbfb7@group-2C7F8CA0458D-StateMachineUpdater] INFO  safemode.HealthyPipelineSafeModeRule (HealthyPipelineSafeModeRule.java:initializeRule(173)) - Refreshed total pipeline count is 0, healthy pipeline threshold count is 1
2025-05-08 12:13:57,958 [EventQueue-PipelineReportForPipelineReportHandler] INFO  pipeline.PipelineReportHandler (PipelineReportHandler.java:processPipelineReport(134)) - Opened pipeline PipelineID=01286881-081e-4ccb-bb09-d66a53b01281
2025-05-08 12:13:57,958 [EventQueue-OpenPipelineForHealthyPipelineSafeModeRule] INFO  safemode.SCMSafeModeManager (HealthyPipelineSafeModeRule.java:process(141)) - SCM in safe mode. Healthy pipelines reported count is 0, required healthy pipeline reported count is 1
2025-05-08 12:13:57,959 [main] INFO  ozone.MiniOzoneClusterImpl (MiniOzoneClusterImpl.java:lambda$waitForClusterToBeReady$0(190)) - Nodes are ready. Got 5 of 5 DN Heartbeats.
2025-05-08 12:13:57,959 [main] INFO  ozone.MiniOzoneClusterImpl (MiniOzoneClusterImpl.java:lambda$waitForClusterToBeReady$0(193)) - Waiting for cluster to exit safe mode
2025-05-08 12:13:57,960 [main] INFO  ozone.MiniOzoneClusterImpl (MiniOzoneClusterImpl.java:lambda$waitForClusterToBeReady$0(195)) - SCM became leader
2025-05-08 12:13:57,959 [7c8f0716-ab75-44b9-b6ec-eb9ccd1caa65-groupManagement] INFO  server.RaftServerConfigKeys (ConfUtils.java:logGet(46)) - raft.server.log.segment.cache.num.max = 2 (custom)
2025-05-08 12:13:57,960 [7c8f0716-ab75-44b9-b6ec-eb9ccd1caa65-groupManagement] INFO  server.RaftServerConfigKeys (ConfUtils.java:logGet(46)) - raft.server.log.segment.cache.size.max = 200MB (=209715200) (default)
2025-05-08 12:13:57,960 [7c8f0716-ab75-44b9-b6ec-eb9ccd1caa65-groupManagement] INFO  server.RaftServerConfigKeys (ConfUtils.java:logGet(46)) - raft.server.log.appender.buffer.byte-limit = 33554432 (custom)
2025-05-08 12:13:57,960 [7c8f0716-ab75-44b9-b6ec-eb9ccd1caa65-groupManagement] INFO  util.AwaitToRun (AwaitToRun.java:start(81)) - Thread[#896,7c8f0716-ab75-44b9-b6ec-eb9ccd1caa65@group-D66A53B01281-cacheEviction-AwaitToRun,5,main] started
2025-05-08 12:13:57,960 [7c8f0716-ab75-44b9-b6ec-eb9ccd1caa65-groupManagement] INFO  segmented.SegmentedRaftLogWorker (SegmentedRaftLogWorker.java:<init>(188)) - new 7c8f0716-ab75-44b9-b6ec-eb9ccd1caa65@group-D66A53B01281-SegmentedRaftLogWorker for RaftStorageImpl:Storage Directory /home/runner/work/ozone/ozone/hadoop-ozone/integration-test/target/test-dir/MiniOzoneClusterImpl-efc39a28-6472-4ee4-b6fc-2c7f8ca0458d/ozone-meta/datanode-3/ratis/01286881-081e-4ccb-bb09-d66a53b01281
2025-05-08 12:13:57,960 [7c8f0716-ab75-44b9-b6ec-eb9ccd1caa65-groupManagement] INFO  server.RaftServerConfigKeys (ConfUtils.java:logGet(46)) - raft.server.log.queue.byte-limit = 4294967296 (custom)
2025-05-08 12:13:57,960 [7c8f0716-ab75-44b9-b6ec-eb9ccd1caa65-groupManagement] INFO  server.RaftServerConfigKeys (ConfUtils.java:logGet(46)) - raft.server.log.queue.element-limit = 1024 (custom)
2025-05-08 12:13:57,960 [7c8f0716-ab75-44b9-b6ec-eb9ccd1caa65-groupManagement] INFO  server.RaftServerConfigKeys (ConfUtils.java:logGet(46)) - raft.server.log.segment.size.max = 67108864 (custom)
2025-05-08 12:13:57,960 [7c8f0716-ab75-44b9-b6ec-eb9ccd1caa65-groupManagement] INFO  server.RaftServerConfigKeys (ConfUtils.java:logGet(46)) - raft.server.log.preallocated.size = 4194304 (custom)
2025-05-08 12:13:57,960 [7c8f0716-ab75-44b9-b6ec-eb9ccd1caa65-groupManagement] INFO  server.RaftServerConfigKeys (ConfUtils.java:logGet(46)) - raft.server.log.force.sync.num = 128 (default)
2025-05-08 12:13:57,960 [7c8f0716-ab75-44b9-b6ec-eb9ccd1caa65-groupManagement] INFO  server.RaftServerConfigKeys (ConfUtils.java:logGet(46)) - raft.server.log.statemachine.data.sync = true (default)
2025-05-08 12:13:57,961 [7c8f0716-ab75-44b9-b6ec-eb9ccd1caa65-groupManagement] INFO  server.RaftServerConfigKeys (ConfUtils.java:logGet(46)) - raft.server.log.statemachine.data.sync.timeout = 10s (default)
2025-05-08 12:13:57,961 [7c8f0716-ab75-44b9-b6ec-eb9ccd1caa65-groupManagement] INFO  server.RaftServerConfigKeys (ConfUtils.java:logGet(46)) - raft.server.log.statemachine.data.sync.timeout.retry = 30 (custom)
2025-05-08 12:13:57,961 [7c8f0716-ab75-44b9-b6ec-eb9ccd1caa65-groupManagement] INFO  server.RaftServerConfigKeys (ConfUtils.java:logGet(46)) - raft.server.log.write.buffer.size = 33554440 (custom)
2025-05-08 12:13:57,966 [7c8f0716-ab75-44b9-b6ec-eb9ccd1caa65-groupManagement] INFO  server.RaftServerConfigKeys (ConfUtils.java:logGet(46)) - raft.server.log.appender.buffer.byte-limit = 33554432 (custom)
2025-05-08 12:13:57,967 [7c8f0716-ab75-44b9-b6ec-eb9ccd1caa65-groupManagement] INFO  server.RaftServerConfigKeys (ConfUtils.java:logGet(46)) - raft.server.log.unsafe-flush.enabled = false (default)
2025-05-08 12:13:57,967 [7c8f0716-ab75-44b9-b6ec-eb9ccd1caa65-groupManagement] INFO  server.RaftServerConfigKeys (ConfUtils.java:logGet(46)) - raft.server.log.async-flush.enabled = false (default)
2025-05-08 12:13:57,967 [7c8f0716-ab75-44b9-b6ec-eb9ccd1caa65-groupManagement] INFO  server.RaftServerConfigKeys (ConfUtils.java:logGet(46)) - raft.server.log.statemachine.data.caching.enabled = true (custom)
2025-05-08 12:13:57,967 [7c8f0716-ab75-44b9-b6ec-eb9ccd1caa65-groupManagement] INFO  segmented.SegmentedRaftLogWorker (SegmentedRaftLogWorker.java:lambda$new$0(139)) - 7c8f0716-ab75-44b9-b6ec-eb9ccd1caa65@group-D66A53B01281-SegmentedRaftLogWorker: flushIndex: setUnconditionally 0 -> -1
2025-05-08 12:13:57,967 [7c8f0716-ab75-44b9-b6ec-eb9ccd1caa65-groupManagement] INFO  segmented.SegmentedRaftLogWorker (SegmentedRaftLogWorker.java:lambda$new$0(139)) - 7c8f0716-ab75-44b9-b6ec-eb9ccd1caa65@group-D66A53B01281-SegmentedRaftLogWorker: safeCacheEvictIndex: setUnconditionally 0 -> -1
2025-05-08 12:13:57,968 [7c8f0716-ab75-44b9-b6ec-eb9ccd1caa65-groupManagement] INFO  server.RaftServer$Division (RaftServerImpl.java:start(391)) - 7c8f0716-ab75-44b9-b6ec-eb9ccd1caa65@group-D66A53B01281: start as a follower, conf=conf: {index: -1, cur=peers:[7c8f0716-ab75-44b9-b6ec-eb9ccd1caa65|127.0.0.1:15031]|listeners:[], old=null}
2025-05-08 12:13:57,968 [7c8f0716-ab75-44b9-b6ec-eb9ccd1caa65-groupManagement] INFO  server.RaftServer$Division (RaftServerImpl.java:setRole(378)) - 7c8f0716-ab75-44b9-b6ec-eb9ccd1caa65@group-D66A53B01281: changes role from      null to FOLLOWER at term 0 for startAsFollower
2025-05-08 12:13:57,968 [7c8f0716-ab75-44b9-b6ec-eb9ccd1caa65-groupManagement] INFO  impl.RoleInfo (RoleInfo.java:updateAndGet(148)) - 7c8f0716-ab75-44b9-b6ec-eb9ccd1caa65: start 7c8f0716-ab75-44b9-b6ec-eb9ccd1caa65@group-D66A53B01281-FollowerState
2025-05-08 12:13:57,968 [7c8f0716-ab75-44b9-b6ec-eb9ccd1caa65@group-D66A53B01281-FollowerState] INFO  server.RaftServerConfigKeys (ConfUtils.java:logGet(46)) - raft.server.rpc.first-election.timeout.min = 1000ms (custom)
2025-05-08 12:13:57,968 [7c8f0716-ab75-44b9-b6ec-eb9ccd1caa65-groupManagement] INFO  util.JmxRegister (JmxRegister.java:tryRegister(44)) - Successfully registered JMX Bean with object name Ratis:service=RaftServer,group=group-D66A53B01281,id=7c8f0716-ab75-44b9-b6ec-eb9ccd1caa65
2025-05-08 12:13:57,969 [7c8f0716-ab75-44b9-b6ec-eb9ccd1caa65@group-D66A53B01281-FollowerState] INFO  server.RaftServerConfigKeys (ConfUtils.java:logGet(46)) - raft.server.rpc.first-election.timeout.max = 1200ms (custom)
2025-05-08 12:13:57,969 [7c8f0716-ab75-44b9-b6ec-eb9ccd1caa65-groupManagement] INFO  util.JmxRegister (JmxRegister.java:register(58)) - register mxBean class org.apache.ratis.server.impl.RaftServerJmxAdapter as Ratis:service=RaftServer,group=group-D66A53B01281,id=7c8f0716-ab75-44b9-b6ec-eb9ccd1caa65
2025-05-08 12:13:57,969 [7c8f0716-ab75-44b9-b6ec-eb9ccd1caa65-groupManagement] INFO  server.RaftServerConfigKeys (ConfUtils.java:logGet(46)) - raft.server.snapshot.trigger-when-stop.enabled = true (default)
2025-05-08 12:13:57,969 [7c8f0716-ab75-44b9-b6ec-eb9ccd1caa65-groupManagement] INFO  server.RaftServerConfigKeys (ConfUtils.java:logGet(46)) - raft.server.snapshot.trigger-when-remove.enabled = true (default)
2025-05-08 12:13:57,969 [7c8f0716-ab75-44b9-b6ec-eb9ccd1caa65-groupManagement] INFO  server.RaftServerConfigKeys (ConfUtils.java:logGet(46)) - raft.server.snapshot.auto.trigger.enabled = true (custom)
2025-05-08 12:13:57,970 [7c8f0716-ab75-44b9-b6ec-eb9ccd1caa65-groupManagement] INFO  server.RaftServerConfigKeys (ConfUtils.java:logGet(46)) - raft.server.snapshot.auto.trigger.threshold = 100000 (custom)
2025-05-08 12:13:57,970 [7c8f0716-ab75-44b9-b6ec-eb9ccd1caa65-groupManagement] INFO  server.RaftServerConfigKeys (ConfUtils.java:logGet(46)) - raft.server.snapshot.retention.file.num = 5 (custom)
2025-05-08 12:13:57,970 [7c8f0716-ab75-44b9-b6ec-eb9ccd1caa65-groupManagement] INFO  server.RaftServerConfigKeys (ConfUtils.java:logGet(46)) - raft.server.log.purge.upto.snapshot.index = false (default)
2025-05-08 12:13:57,971 [7c8f0716-ab75-44b9-b6ec-eb9ccd1caa65-groupManagement] INFO  server.RaftServer$Division (RaftServerImpl.java:start(405)) - 7c8f0716-ab75-44b9-b6ec-eb9ccd1caa65@group-D66A53B01281: Successfully started.
2025-05-08 12:13:57,972 [7c8f0716-ab75-44b9-b6ec-eb9ccd1caa65-PipelineCommandHandlerThread-0] INFO  ratis.XceiverServerRatis (XceiverServerRatis.java:addGroup(843)) - Created group PipelineID=01286881-081e-4ccb-bb09-d66a53b01281
2025-05-08 12:13:57,972 [7c8f0716-ab75-44b9-b6ec-eb9ccd1caa65-PipelineCommandHandlerThread-0] INFO  commandhandler.CreatePipelineCommandHandler (CreatePipelineCommandHandler.java:lambda$handle$2(128)) - Created Pipeline RATIS ONE PipelineID=01286881-081e-4ccb-bb09-d66a53b01281.
2025-05-08 12:13:58,058 [ReplicationMonitor] INFO  replication.ReplicationManager (ReplicationManager.java:processAll(357)) - Replication Manager is not ready to run until 3000ms after safemode exit
2025-05-08 12:13:58,189 [2ac133fa-68ef-4921-8bb4-d040b7072d41-PipelineCommandHandlerThread-0] INFO  server.RaftServer (RaftServerProxy.java:addNew(100)) - 2ac133fa-68ef-4921-8bb4-d040b7072d41: addNew group-1E43DCAD66C2:[2ac133fa-68ef-4921-8bb4-d040b7072d41|127.0.0.1:15039] returns group-1E43DCAD66C2:java.util.concurrent.CompletableFuture@2f55783b[Not completed]
2025-05-08 12:13:58,191 [2ac133fa-68ef-4921-8bb4-d040b7072d41-groupManagement] INFO  server.RaftServer$Division (RaftServerImpl.java:<init>(255)) - 2ac133fa-68ef-4921-8bb4-d040b7072d41: new RaftServerImpl for group-1E43DCAD66C2:[2ac133fa-68ef-4921-8bb4-d040b7072d41|127.0.0.1:15039] with ContainerStateMachine:uninitialized
2025-05-08 12:13:58,191 [2ac133fa-68ef-4921-8bb4-d040b7072d41-groupManagement] INFO  server.RaftServerConfigKeys (ConfUtils.java:logGet(46)) - raft.server.rpc.timeout.min = 5s (custom)
2025-05-08 12:13:58,191 [2ac133fa-68ef-4921-8bb4-d040b7072d41-groupManagement] INFO  server.RaftServerConfigKeys (ConfUtils.java:logGet(46)) - raft.server.rpc.timeout.max = 5200ms (custom)
2025-05-08 12:13:58,191 [2ac133fa-68ef-4921-8bb4-d040b7072d41-groupManagement] INFO  server.RaftServerConfigKeys (ConfUtils.java:logGet(46)) - raft.server.rpc.sleep.time = 25ms (default)
2025-05-08 12:13:58,191 [2ac133fa-68ef-4921-8bb4-d040b7072d41-groupManagement] INFO  server.RaftServerConfigKeys (ConfUtils.java:logGet(46)) - raft.server.rpc.slowness.timeout = 300s (custom)
2025-05-08 12:13:58,191 [2ac133fa-68ef-4921-8bb4-d040b7072d41-groupManagement] INFO  server.RaftServerConfigKeys (ConfUtils.java:logGet(46)) - raft.server.leaderelection.leader.step-down.wait-time = 10s (default)
2025-05-08 12:13:58,191 [2ac133fa-68ef-4921-8bb4-d040b7072d41-groupManagement] INFO  server.RaftServerConfigKeys (ConfUtils.java:logGet(46)) - raft.server.leaderelection.member.majority-add = false (default)
2025-05-08 12:13:58,191 [2ac133fa-68ef-4921-8bb4-d040b7072d41-groupManagement] INFO  server.RaftServerConfigKeys (ConfUtils.java:logGet(46)) - raft.server.sleep.deviation.threshold = 300ms (default)
2025-05-08 12:13:58,191 [2ac133fa-68ef-4921-8bb4-d040b7072d41-groupManagement] INFO  server.RaftServer$Division (ServerState.java:<init>(114)) - 2ac133fa-68ef-4921-8bb4-d040b7072d41@group-1E43DCAD66C2: ConfigurationManager, init=conf: {index: -1, cur=peers:[2ac133fa-68ef-4921-8bb4-d040b7072d41|127.0.0.1:15039]|listeners:[], old=null}, confs=<EMPTY_MAP>
2025-05-08 12:13:58,192 [2ac133fa-68ef-4921-8bb4-d040b7072d41-groupManagement] INFO  server.RaftServerConfigKeys (ConfUtils.java:logGet(46)) - raft.server.notification.no-leader.timeout = 300s (custom)
2025-05-08 12:13:58,192 [2ac133fa-68ef-4921-8bb4-d040b7072d41-groupManagement] INFO  server.RaftServerConfigKeys (ConfUtils.java:logGet(46)) - raft.server.read.timeout = 10s (default)
2025-05-08 12:13:58,192 [2ac133fa-68ef-4921-8bb4-d040b7072d41-groupManagement] INFO  server.RaftServerConfigKeys (ConfUtils.java:logGet(46)) - raft.server.retrycache.expirytime = 600000ms (custom)
2025-05-08 12:13:58,192 [2ac133fa-68ef-4921-8bb4-d040b7072d41-groupManagement] INFO  server.RaftServerConfigKeys (ConfUtils.java:logGet(46)) - raft.server.retrycache.statistics.expirytime = 100ms (default)
2025-05-08 12:13:58,192 [2ac133fa-68ef-4921-8bb4-d040b7072d41-groupManagement] INFO  server.RaftServerConfigKeys (ConfUtils.java:logGet(46)) - raft.server.read.option = DEFAULT (default)
2025-05-08 12:13:58,192 [2ac133fa-68ef-4921-8bb4-d040b7072d41-groupManagement] INFO  server.RaftServerConfigKeys (ConfUtils.java:logGet(46)) - raft.server.read.read-after-write-consistent.write-index-cache.expiry-time = 60s (default)
2025-05-08 12:13:58,195 [2ac133fa-68ef-4921-8bb4-d040b7072d41-groupManagement] INFO  server.RaftServerConfigKeys (ConfUtils.java:logGet(46)) - raft.server.rpc.request.timeout = 60s (custom)
2025-05-08 12:13:58,195 [2ac133fa-68ef-4921-8bb4-d040b7072d41-groupManagement] INFO  server.RaftServerConfigKeys (ConfUtils.java:logGet(46)) - raft.server.log.appender.install.snapshot.enabled = false (custom)
2025-05-08 12:13:58,195 [2ac133fa-68ef-4921-8bb4-d040b7072d41-groupManagement] INFO  server.RaftServerConfigKeys (ConfUtils.java:logGet(46)) - raft.server.threadpool.server.cached = true (default)
2025-05-08 12:13:58,195 [2ac133fa-68ef-4921-8bb4-d040b7072d41-groupManagement] INFO  server.RaftServerConfigKeys (ConfUtils.java:logGet(46)) - raft.server.threadpool.server.size = 0 (default)
2025-05-08 12:13:58,196 [2ac133fa-68ef-4921-8bb4-d040b7072d41-groupManagement] INFO  server.RaftServerConfigKeys (ConfUtils.java:logGet(46)) - raft.server.threadpool.client.cached = true (default)
2025-05-08 12:13:58,196 [2ac133fa-68ef-4921-8bb4-d040b7072d41-groupManagement] INFO  server.RaftServerConfigKeys (ConfUtils.java:logGet(46)) - raft.server.threadpool.client.size = 0 (default)
2025-05-08 12:13:58,196 [2ac133fa-68ef-4921-8bb4-d040b7072d41-groupManagement] INFO  server.RaftServerConfigKeys (ConfUtils.java:logGet(46)) - raft.server.storage.free-space.min = 0MB (=0) (default)
2025-05-08 12:13:58,196 [2ac133fa-68ef-4921-8bb4-d040b7072d41-groupManagement] INFO  server.RaftServerConfigKeys (ConfUtils.java:logGet(46)) - raft.server.log.corruption.policy = EXCEPTION (default)
2025-05-08 12:13:58,196 [2ac133fa-68ef-4921-8bb4-d040b7072d41-groupManagement] INFO  server.RaftServerConfigKeys (ConfUtils.java:logGet(46)) - raft.server.storage.dir = [/home/runner/work/ozone/ozone/hadoop-ozone/integration-test/target/test-dir/MiniOzoneClusterImpl-efc39a28-6472-4ee4-b6fc-2c7f8ca0458d/ozone-meta/datanode-4/ratis] (custom)
2025-05-08 12:13:58,196 [2ac133fa-68ef-4921-8bb4-d040b7072d41-groupManagement] INFO  storage.RaftStorageDirectory (RaftStorageDirectoryImpl.java:analyzeStorage(138)) - The storage directory /home/runner/work/ozone/ozone/hadoop-ozone/integration-test/target/test-dir/MiniOzoneClusterImpl-efc39a28-6472-4ee4-b6fc-2c7f8ca0458d/ozone-meta/datanode-4/ratis/da6c9983-8d9a-4b94-8d72-1e43dcad66c2 does not exist. Creating ...
2025-05-08 12:13:58,200 [2ac133fa-68ef-4921-8bb4-d040b7072d41-groupManagement] INFO  storage.RaftStorageDirectory (RaftStorageDirectoryImpl.java:tryLock(229)) - Lock on /home/runner/work/ozone/ozone/hadoop-ozone/integration-test/target/test-dir/MiniOzoneClusterImpl-efc39a28-6472-4ee4-b6fc-2c7f8ca0458d/ozone-meta/datanode-4/ratis/da6c9983-8d9a-4b94-8d72-1e43dcad66c2/in_use.lock acquired by nodename 33187@fv-az1940-623
2025-05-08 12:13:58,201 [2ac133fa-68ef-4921-8bb4-d040b7072d41-groupManagement] INFO  storage.RaftStorage (RaftStorageImpl.java:format(98)) - Storage directory /home/runner/work/ozone/ozone/hadoop-ozone/integration-test/target/test-dir/MiniOzoneClusterImpl-efc39a28-6472-4ee4-b6fc-2c7f8ca0458d/ozone-meta/datanode-4/ratis/da6c9983-8d9a-4b94-8d72-1e43dcad66c2 has been successfully formatted.
2025-05-08 12:13:58,202 [2ac133fa-68ef-4921-8bb4-d040b7072d41-groupManagement] INFO  ratis.ContainerStateMachine (ContainerStateMachine.java:initialize(339)) - 2ac133fa-68ef-4921-8bb4-d040b7072d41: initialize group-1E43DCAD66C2
2025-05-08 12:13:58,202 [2ac133fa-68ef-4921-8bb4-d040b7072d41-groupManagement] INFO  ratis.ContainerStateMachine (ContainerStateMachine.java:loadSnapshot(347)) - group-1E43DCAD66C2: The snapshot info is null. Setting the last applied index to:(t:0, i:~)
2025-05-08 12:13:58,202 [2ac133fa-68ef-4921-8bb4-d040b7072d41-groupManagement] INFO  server.RaftServerConfigKeys (ConfUtils.java:logGet(46)) - raft.server.log.use.memory = false (default)
2025-05-08 12:13:58,202 [2ac133fa-68ef-4921-8bb4-d040b7072d41-groupManagement] INFO  server.RaftServerConfigKeys (ConfUtils.java:logGet(46)) - raft.server.log.purge.gap = 1000000 (custom)
2025-05-08 12:13:58,202 [2ac133fa-68ef-4921-8bb4-d040b7072d41-groupManagement] INFO  server.RaftServerConfigKeys (ConfUtils.java:logGet(46)) - raft.server.log.appender.buffer.byte-limit = 33554432 (custom)
2025-05-08 12:13:58,202 [2ac133fa-68ef-4921-8bb4-d040b7072d41-groupManagement] INFO  server.RaftServerConfigKeys (ConfUtils.java:logGet(46)) - raft.server.log.statemachine.data.read.timeout = 1000ms (default)
2025-05-08 12:13:58,202 [2ac133fa-68ef-4921-8bb4-d040b7072d41-groupManagement] INFO  server.RaftServerConfigKeys (ConfUtils.java:logGet(46)) - raft.server.log.purge.preservation.log.num = 0 (default)
2025-05-08 12:13:58,204 [2ac133fa-68ef-4921-8bb4-d040b7072d41-groupManagement] INFO  server.RaftServerConfigKeys (ConfUtils.java:logGet(46)) - raft.server.log.segment.size.max = 67108864 (custom)
2025-05-08 12:13:58,205 [2ac133fa-68ef-4921-8bb4-d040b7072d41-groupManagement] INFO  server.RaftServerConfigKeys (ConfUtils.java:logGet(46)) - raft.server.log.segment.cache.num.max = 2 (custom)
2025-05-08 12:13:58,205 [2ac133fa-68ef-4921-8bb4-d040b7072d41-groupManagement] INFO  server.RaftServerConfigKeys (ConfUtils.java:logGet(46)) - raft.server.log.segment.cache.size.max = 200MB (=209715200) (default)
2025-05-08 12:13:58,205 [2ac133fa-68ef-4921-8bb4-d040b7072d41-groupManagement] INFO  server.RaftServerConfigKeys (ConfUtils.java:logGet(46)) - raft.server.log.appender.buffer.byte-limit = 33554432 (custom)
2025-05-08 12:13:58,205 [2ac133fa-68ef-4921-8bb4-d040b7072d41-groupManagement] INFO  util.AwaitToRun (AwaitToRun.java:start(81)) - Thread[#902,2ac133fa-68ef-4921-8bb4-d040b7072d41@group-1E43DCAD66C2-cacheEviction-AwaitToRun,5,main] started
2025-05-08 12:13:58,205 [2ac133fa-68ef-4921-8bb4-d040b7072d41-groupManagement] INFO  segmented.SegmentedRaftLogWorker (SegmentedRaftLogWorker.java:<init>(188)) - new 2ac133fa-68ef-4921-8bb4-d040b7072d41@group-1E43DCAD66C2-SegmentedRaftLogWorker for RaftStorageImpl:Storage Directory /home/runner/work/ozone/ozone/hadoop-ozone/integration-test/target/test-dir/MiniOzoneClusterImpl-efc39a28-6472-4ee4-b6fc-2c7f8ca0458d/ozone-meta/datanode-4/ratis/da6c9983-8d9a-4b94-8d72-1e43dcad66c2
2025-05-08 12:13:58,206 [2ac133fa-68ef-4921-8bb4-d040b7072d41-groupManagement] INFO  server.RaftServerConfigKeys (ConfUtils.java:logGet(46)) - raft.server.log.queue.byte-limit = 4294967296 (custom)
2025-05-08 12:13:58,206 [2ac133fa-68ef-4921-8bb4-d040b7072d41-groupManagement] INFO  server.RaftServerConfigKeys (ConfUtils.java:logGet(46)) - raft.server.log.queue.element-limit = 1024 (custom)
2025-05-08 12:13:58,206 [2ac133fa-68ef-4921-8bb4-d040b7072d41-groupManagement] INFO  server.RaftServerConfigKeys (ConfUtils.java:logGet(46)) - raft.server.log.segment.size.max = 67108864 (custom)
2025-05-08 12:13:58,206 [2ac133fa-68ef-4921-8bb4-d040b7072d41-groupManagement] INFO  server.RaftServerConfigKeys (ConfUtils.java:logGet(46)) - raft.server.log.preallocated.size = 4194304 (custom)
2025-05-08 12:13:58,206 [2ac133fa-68ef-4921-8bb4-d040b7072d41-groupManagement] INFO  server.RaftServerConfigKeys (ConfUtils.java:logGet(46)) - raft.server.log.force.sync.num = 128 (default)
2025-05-08 12:13:58,206 [2ac133fa-68ef-4921-8bb4-d040b7072d41-groupManagement] INFO  server.RaftServerConfigKeys (ConfUtils.java:logGet(46)) - raft.server.log.statemachine.data.sync = true (default)
2025-05-08 12:13:58,206 [2ac133fa-68ef-4921-8bb4-d040b7072d41-groupManagement] INFO  server.RaftServerConfigKeys (ConfUtils.java:logGet(46)) - raft.server.log.statemachine.data.sync.timeout = 10s (default)
2025-05-08 12:13:58,206 [2ac133fa-68ef-4921-8bb4-d040b7072d41-groupManagement] INFO  server.RaftServerConfigKeys (ConfUtils.java:logGet(46)) - raft.server.log.statemachine.data.sync.timeout.retry = 30 (custom)
2025-05-08 12:13:58,206 [2ac133fa-68ef-4921-8bb4-d040b7072d41-groupManagement] INFO  server.RaftServerConfigKeys (ConfUtils.java:logGet(46)) - raft.server.log.write.buffer.size = 33554440 (custom)
2025-05-08 12:13:58,209 [aa40a6e8-77ba-434d-b9e7-e4aad8dcbfb7@group-2C7F8CA0458D-StateMachineUpdater] INFO  safemode.HealthyPipelineSafeModeRule (HealthyPipelineSafeModeRule.java:initializeRule(173)) - Refreshed total pipeline count is 0, healthy pipeline threshold count is 1
2025-05-08 12:13:58,210 [EventQueue-PipelineReportForPipelineReportHandler] INFO  pipeline.PipelineReportHandler (PipelineReportHandler.java:processPipelineReport(134)) - Opened pipeline PipelineID=da6c9983-8d9a-4b94-8d72-1e43dcad66c2
2025-05-08 12:13:58,210 [EventQueue-OpenPipelineForHealthyPipelineSafeModeRule] INFO  safemode.SCMSafeModeManager (HealthyPipelineSafeModeRule.java:process(141)) - SCM in safe mode. Healthy pipelines reported count is 0, required healthy pipeline reported count is 1
2025-05-08 12:13:58,212 [2ac133fa-68ef-4921-8bb4-d040b7072d41-groupManagement] INFO  server.RaftServerConfigKeys (ConfUtils.java:logGet(46)) - raft.server.log.appender.buffer.byte-limit = 33554432 (custom)
2025-05-08 12:13:58,212 [2ac133fa-68ef-4921-8bb4-d040b7072d41-groupManagement] INFO  server.RaftServerConfigKeys (ConfUtils.java:logGet(46)) - raft.server.log.unsafe-flush.enabled = false (default)
2025-05-08 12:13:58,212 [2ac133fa-68ef-4921-8bb4-d040b7072d41-groupManagement] INFO  server.RaftServerConfigKeys (ConfUtils.java:logGet(46)) - raft.server.log.async-flush.enabled = false (default)
2025-05-08 12:13:58,212 [2ac133fa-68ef-4921-8bb4-d040b7072d41-groupManagement] INFO  server.RaftServerConfigKeys (ConfUtils.java:logGet(46)) - raft.server.log.statemachine.data.caching.enabled = true (custom)
2025-05-08 12:13:58,212 [2ac133fa-68ef-4921-8bb4-d040b7072d41-groupManagement] INFO  segmented.SegmentedRaftLogWorker (SegmentedRaftLogWorker.java:lambda$new$0(139)) - 2ac133fa-68ef-4921-8bb4-d040b7072d41@group-1E43DCAD66C2-SegmentedRaftLogWorker: flushIndex: setUnconditionally 0 -> -1
2025-05-08 12:13:58,212 [2ac133fa-68ef-4921-8bb4-d040b7072d41-groupManagement] INFO  segmented.SegmentedRaftLogWorker (SegmentedRaftLogWorker.java:lambda$new$0(139)) - 2ac133fa-68ef-4921-8bb4-d040b7072d41@group-1E43DCAD66C2-SegmentedRaftLogWorker: safeCacheEvictIndex: setUnconditionally 0 -> -1
2025-05-08 12:13:58,213 [2ac133fa-68ef-4921-8bb4-d040b7072d41-groupManagement] INFO  server.RaftServer$Division (RaftServerImpl.java:start(391)) - 2ac133fa-68ef-4921-8bb4-d040b7072d41@group-1E43DCAD66C2: start as a follower, conf=conf: {index: -1, cur=peers:[2ac133fa-68ef-4921-8bb4-d040b7072d41|127.0.0.1:15039]|listeners:[], old=null}
2025-05-08 12:13:58,213 [2ac133fa-68ef-4921-8bb4-d040b7072d41-groupManagement] INFO  server.RaftServer$Division (RaftServerImpl.java:setRole(378)) - 2ac133fa-68ef-4921-8bb4-d040b7072d41@group-1E43DCAD66C2: changes role from      null to FOLLOWER at term 0 for startAsFollower
2025-05-08 12:13:58,213 [2ac133fa-68ef-4921-8bb4-d040b7072d41-groupManagement] INFO  impl.RoleInfo (RoleInfo.java:updateAndGet(148)) - 2ac133fa-68ef-4921-8bb4-d040b7072d41: start 2ac133fa-68ef-4921-8bb4-d040b7072d41@group-1E43DCAD66C2-FollowerState
2025-05-08 12:13:58,213 [2ac133fa-68ef-4921-8bb4-d040b7072d41-groupManagement] INFO  util.JmxRegister (JmxRegister.java:tryRegister(44)) - Successfully registered JMX Bean with object name Ratis:service=RaftServer,group=group-1E43DCAD66C2,id=2ac133fa-68ef-4921-8bb4-d040b7072d41
2025-05-08 12:13:58,213 [2ac133fa-68ef-4921-8bb4-d040b7072d41-groupManagement] INFO  util.JmxRegister (JmxRegister.java:register(58)) - register mxBean class org.apache.ratis.server.impl.RaftServerJmxAdapter as Ratis:service=RaftServer,group=group-1E43DCAD66C2,id=2ac133fa-68ef-4921-8bb4-d040b7072d41
2025-05-08 12:13:58,213 [2ac133fa-68ef-4921-8bb4-d040b7072d41-groupManagement] INFO  server.RaftServerConfigKeys (ConfUtils.java:logGet(46)) - raft.server.snapshot.trigger-when-stop.enabled = true (default)
2025-05-08 12:13:58,213 [2ac133fa-68ef-4921-8bb4-d040b7072d41-groupManagement] INFO  server.RaftServerConfigKeys (ConfUtils.java:logGet(46)) - raft.server.snapshot.trigger-when-remove.enabled = true (default)
2025-05-08 12:13:58,213 [2ac133fa-68ef-4921-8bb4-d040b7072d41-groupManagement] INFO  server.RaftServerConfigKeys (ConfUtils.java:logGet(46)) - raft.server.snapshot.auto.trigger.enabled = true (custom)
2025-05-08 12:13:58,214 [2ac133fa-68ef-4921-8bb4-d040b7072d41-groupManagement] INFO  server.RaftServerConfigKeys (ConfUtils.java:logGet(46)) - raft.server.snapshot.auto.trigger.threshold = 100000 (custom)
2025-05-08 12:13:58,214 [2ac133fa-68ef-4921-8bb4-d040b7072d41-groupManagement] INFO  server.RaftServerConfigKeys (ConfUtils.java:logGet(46)) - raft.server.snapshot.retention.file.num = 5 (custom)
2025-05-08 12:13:58,214 [2ac133fa-68ef-4921-8bb4-d040b7072d41-groupManagement] INFO  server.RaftServerConfigKeys (ConfUtils.java:logGet(46)) - raft.server.log.purge.upto.snapshot.index = false (default)
2025-05-08 12:13:58,215 [2ac133fa-68ef-4921-8bb4-d040b7072d41@group-1E43DCAD66C2-FollowerState] INFO  server.RaftServerConfigKeys (ConfUtils.java:logGet(46)) - raft.server.rpc.first-election.timeout.min = 1000ms (custom)
2025-05-08 12:13:58,215 [2ac133fa-68ef-4921-8bb4-d040b7072d41@group-1E43DCAD66C2-FollowerState] INFO  server.RaftServerConfigKeys (ConfUtils.java:logGet(46)) - raft.server.rpc.first-election.timeout.max = 1200ms (custom)
2025-05-08 12:13:58,215 [2ac133fa-68ef-4921-8bb4-d040b7072d41-groupManagement] INFO  server.RaftServer$Division (RaftServerImpl.java:start(405)) - 2ac133fa-68ef-4921-8bb4-d040b7072d41@group-1E43DCAD66C2: Successfully started.
2025-05-08 12:13:58,215 [2ac133fa-68ef-4921-8bb4-d040b7072d41-PipelineCommandHandlerThread-0] INFO  ratis.XceiverServerRatis (XceiverServerRatis.java:addGroup(843)) - Created group PipelineID=da6c9983-8d9a-4b94-8d72-1e43dcad66c2
2025-05-08 12:13:58,215 [2ac133fa-68ef-4921-8bb4-d040b7072d41-PipelineCommandHandlerThread-0] INFO  commandhandler.CreatePipelineCommandHandler (CreatePipelineCommandHandler.java:lambda$handle$2(128)) - Created Pipeline RATIS ONE PipelineID=da6c9983-8d9a-4b94-8d72-1e43dcad66c2.
2025-05-08 12:13:58,454 [39727330-a832-4a1a-a148-c345636681a8-PipelineCommandHandlerThread-0] INFO  server.RaftServer (RaftServerProxy.java:addNew(100)) - 39727330-a832-4a1a-a148-c345636681a8: addNew group-70EA8A22823C:[39727330-a832-4a1a-a148-c345636681a8|127.0.0.1:15047] returns group-70EA8A22823C:java.util.concurrent.CompletableFuture@39a48453[Not completed]
2025-05-08 12:13:58,456 [39727330-a832-4a1a-a148-c345636681a8-groupManagement] INFO  server.RaftServer$Division (RaftServerImpl.java:<init>(255)) - 39727330-a832-4a1a-a148-c345636681a8: new RaftServerImpl for group-70EA8A22823C:[39727330-a832-4a1a-a148-c345636681a8|127.0.0.1:15047] with ContainerStateMachine:uninitialized
2025-05-08 12:13:58,456 [39727330-a832-4a1a-a148-c345636681a8-groupManagement] INFO  server.RaftServerConfigKeys (ConfUtils.java:logGet(46)) - raft.server.rpc.timeout.min = 5s (custom)
2025-05-08 12:13:58,456 [39727330-a832-4a1a-a148-c345636681a8-groupManagement] INFO  server.RaftServerConfigKeys (ConfUtils.java:logGet(46)) - raft.server.rpc.timeout.max = 5200ms (custom)
2025-05-08 12:13:58,456 [39727330-a832-4a1a-a148-c345636681a8-groupManagement] INFO  server.RaftServerConfigKeys (ConfUtils.java:logGet(46)) - raft.server.rpc.sleep.time = 25ms (default)
2025-05-08 12:13:58,456 [39727330-a832-4a1a-a148-c345636681a8-groupManagement] INFO  server.RaftServerConfigKeys (ConfUtils.java:logGet(46)) - raft.server.rpc.slowness.timeout = 300s (custom)
2025-05-08 12:13:58,456 [39727330-a832-4a1a-a148-c345636681a8-groupManagement] INFO  server.RaftServerConfigKeys (ConfUtils.java:logGet(46)) - raft.server.leaderelection.leader.step-down.wait-time = 10s (default)
2025-05-08 12:13:58,456 [39727330-a832-4a1a-a148-c345636681a8-groupManagement] INFO  server.RaftServerConfigKeys (ConfUtils.java:logGet(46)) - raft.server.leaderelection.member.majority-add = false (default)
2025-05-08 12:13:58,456 [39727330-a832-4a1a-a148-c345636681a8-groupManagement] INFO  server.RaftServerConfigKeys (ConfUtils.java:logGet(46)) - raft.server.sleep.deviation.threshold = 300ms (default)
2025-05-08 12:13:58,456 [39727330-a832-4a1a-a148-c345636681a8-groupManagement] INFO  server.RaftServer$Division (ServerState.java:<init>(114)) - 39727330-a832-4a1a-a148-c345636681a8@group-70EA8A22823C: ConfigurationManager, init=conf: {index: -1, cur=peers:[39727330-a832-4a1a-a148-c345636681a8|127.0.0.1:15047]|listeners:[], old=null}, confs=<EMPTY_MAP>
2025-05-08 12:13:58,456 [39727330-a832-4a1a-a148-c345636681a8-groupManagement] INFO  server.RaftServerConfigKeys (ConfUtils.java:logGet(46)) - raft.server.notification.no-leader.timeout = 300s (custom)
2025-05-08 12:13:58,456 [39727330-a832-4a1a-a148-c345636681a8-groupManagement] INFO  server.RaftServerConfigKeys (ConfUtils.java:logGet(46)) - raft.server.read.timeout = 10s (default)
2025-05-08 12:13:58,456 [39727330-a832-4a1a-a148-c345636681a8-groupManagement] INFO  server.RaftServerConfigKeys (ConfUtils.java:logGet(46)) - raft.server.retrycache.expirytime = 600000ms (custom)
2025-05-08 12:13:58,456 [39727330-a832-4a1a-a148-c345636681a8-groupManagement] INFO  server.RaftServerConfigKeys (ConfUtils.java:logGet(46)) - raft.server.retrycache.statistics.expirytime = 100ms (default)
2025-05-08 12:13:58,457 [39727330-a832-4a1a-a148-c345636681a8-groupManagement] INFO  server.RaftServerConfigKeys (ConfUtils.java:logGet(46)) - raft.server.read.option = DEFAULT (default)
2025-05-08 12:13:58,457 [39727330-a832-4a1a-a148-c345636681a8-groupManagement] INFO  server.RaftServerConfigKeys (ConfUtils.java:logGet(46)) - raft.server.read.read-after-write-consistent.write-index-cache.expiry-time = 60s (default)
2025-05-08 12:13:58,461 [39727330-a832-4a1a-a148-c345636681a8-groupManagement] INFO  server.RaftServerConfigKeys (ConfUtils.java:logGet(46)) - raft.server.rpc.request.timeout = 60s (custom)
2025-05-08 12:13:58,461 [39727330-a832-4a1a-a148-c345636681a8-groupManagement] INFO  server.RaftServerConfigKeys (ConfUtils.java:logGet(46)) - raft.server.log.appender.install.snapshot.enabled = false (custom)
2025-05-08 12:13:58,461 [39727330-a832-4a1a-a148-c345636681a8-groupManagement] INFO  server.RaftServerConfigKeys (ConfUtils.java:logGet(46)) - raft.server.threadpool.server.cached = true (default)
2025-05-08 12:13:58,461 [39727330-a832-4a1a-a148-c345636681a8-groupManagement] INFO  server.RaftServerConfigKeys (ConfUtils.java:logGet(46)) - raft.server.threadpool.server.size = 0 (default)
2025-05-08 12:13:58,461 [39727330-a832-4a1a-a148-c345636681a8-groupManagement] INFO  server.RaftServerConfigKeys (ConfUtils.java:logGet(46)) - raft.server.threadpool.client.cached = true (default)
2025-05-08 12:13:58,461 [39727330-a832-4a1a-a148-c345636681a8-groupManagement] INFO  server.RaftServerConfigKeys (ConfUtils.java:logGet(46)) - raft.server.threadpool.client.size = 0 (default)
2025-05-08 12:13:58,461 [39727330-a832-4a1a-a148-c345636681a8-groupManagement] INFO  server.RaftServerConfigKeys (ConfUtils.java:logGet(46)) - raft.server.storage.free-space.min = 0MB (=0) (default)
2025-05-08 12:13:58,461 [39727330-a832-4a1a-a148-c345636681a8-groupManagement] INFO  server.RaftServerConfigKeys (ConfUtils.java:logGet(46)) - raft.server.log.corruption.policy = EXCEPTION (default)
2025-05-08 12:13:58,461 [39727330-a832-4a1a-a148-c345636681a8-groupManagement] INFO  server.RaftServerConfigKeys (ConfUtils.java:logGet(46)) - raft.server.storage.dir = [/home/runner/work/ozone/ozone/hadoop-ozone/integration-test/target/test-dir/MiniOzoneClusterImpl-efc39a28-6472-4ee4-b6fc-2c7f8ca0458d/ozone-meta/datanode-5/ratis] (custom)
2025-05-08 12:13:58,461 [39727330-a832-4a1a-a148-c345636681a8-groupManagement] INFO  storage.RaftStorageDirectory (RaftStorageDirectoryImpl.java:analyzeStorage(138)) - The storage directory /home/runner/work/ozone/ozone/hadoop-ozone/integration-test/target/test-dir/MiniOzoneClusterImpl-efc39a28-6472-4ee4-b6fc-2c7f8ca0458d/ozone-meta/datanode-5/ratis/8e926d94-b426-4528-ae2e-70ea8a22823c does not exist. Creating ...
2025-05-08 12:13:58,462 [39727330-a832-4a1a-a148-c345636681a8-groupManagement] INFO  storage.RaftStorageDirectory (RaftStorageDirectoryImpl.java:tryLock(229)) - Lock on /home/runner/work/ozone/ozone/hadoop-ozone/integration-test/target/test-dir/MiniOzoneClusterImpl-efc39a28-6472-4ee4-b6fc-2c7f8ca0458d/ozone-meta/datanode-5/ratis/8e926d94-b426-4528-ae2e-70ea8a22823c/in_use.lock acquired by nodename 33187@fv-az1940-623
2025-05-08 12:13:58,464 [39727330-a832-4a1a-a148-c345636681a8-groupManagement] INFO  storage.RaftStorage (RaftStorageImpl.java:format(98)) - Storage directory /home/runner/work/ozone/ozone/hadoop-ozone/integration-test/target/test-dir/MiniOzoneClusterImpl-efc39a28-6472-4ee4-b6fc-2c7f8ca0458d/ozone-meta/datanode-5/ratis/8e926d94-b426-4528-ae2e-70ea8a22823c has been successfully formatted.
2025-05-08 12:13:58,464 [39727330-a832-4a1a-a148-c345636681a8-groupManagement] INFO  ratis.ContainerStateMachine (ContainerStateMachine.java:initialize(339)) - 39727330-a832-4a1a-a148-c345636681a8: initialize group-70EA8A22823C
2025-05-08 12:13:58,464 [39727330-a832-4a1a-a148-c345636681a8-groupManagement] INFO  ratis.ContainerStateMachine (ContainerStateMachine.java:loadSnapshot(347)) - group-70EA8A22823C: The snapshot info is null. Setting the last applied index to:(t:0, i:~)
2025-05-08 12:13:58,464 [39727330-a832-4a1a-a148-c345636681a8-groupManagement] INFO  server.RaftServerConfigKeys (ConfUtils.java:logGet(46)) - raft.server.log.use.memory = false (default)
2025-05-08 12:13:58,464 [39727330-a832-4a1a-a148-c345636681a8-groupManagement] INFO  server.RaftServerConfigKeys (ConfUtils.java:logGet(46)) - raft.server.log.purge.gap = 1000000 (custom)
2025-05-08 12:13:58,464 [39727330-a832-4a1a-a148-c345636681a8-groupManagement] INFO  server.RaftServerConfigKeys (ConfUtils.java:logGet(46)) - raft.server.log.appender.buffer.byte-limit = 33554432 (custom)
2025-05-08 12:13:58,464 [39727330-a832-4a1a-a148-c345636681a8-groupManagement] INFO  server.RaftServerConfigKeys (ConfUtils.java:logGet(46)) - raft.server.log.statemachine.data.read.timeout = 1000ms (default)
2025-05-08 12:13:58,465 [39727330-a832-4a1a-a148-c345636681a8-groupManagement] INFO  server.RaftServerConfigKeys (ConfUtils.java:logGet(46)) - raft.server.log.purge.preservation.log.num = 0 (default)
2025-05-08 12:13:58,466 [39727330-a832-4a1a-a148-c345636681a8-groupManagement] INFO  server.RaftServerConfigKeys (ConfUtils.java:logGet(46)) - raft.server.log.segment.size.max = 67108864 (custom)
2025-05-08 12:13:58,467 [39727330-a832-4a1a-a148-c345636681a8-groupManagement] INFO  server.RaftServerConfigKeys (ConfUtils.java:logGet(46)) - raft.server.log.segment.cache.num.max = 2 (custom)
2025-05-08 12:13:58,467 [39727330-a832-4a1a-a148-c345636681a8-groupManagement] INFO  server.RaftServerConfigKeys (ConfUtils.java:logGet(46)) - raft.server.log.segment.cache.size.max = 200MB (=209715200) (default)
2025-05-08 12:13:58,467 [39727330-a832-4a1a-a148-c345636681a8-groupManagement] INFO  server.RaftServerConfigKeys (ConfUtils.java:logGet(46)) - raft.server.log.appender.buffer.byte-limit = 33554432 (custom)
2025-05-08 12:13:58,467 [39727330-a832-4a1a-a148-c345636681a8-groupManagement] INFO  util.AwaitToRun (AwaitToRun.java:start(81)) - Thread[#908,39727330-a832-4a1a-a148-c345636681a8@group-70EA8A22823C-cacheEviction-AwaitToRun,5,main] started
2025-05-08 12:13:58,468 [39727330-a832-4a1a-a148-c345636681a8-groupManagement] INFO  segmented.SegmentedRaftLogWorker (SegmentedRaftLogWorker.java:<init>(188)) - new 39727330-a832-4a1a-a148-c345636681a8@group-70EA8A22823C-SegmentedRaftLogWorker for RaftStorageImpl:Storage Directory /home/runner/work/ozone/ozone/hadoop-ozone/integration-test/target/test-dir/MiniOzoneClusterImpl-efc39a28-6472-4ee4-b6fc-2c7f8ca0458d/ozone-meta/datanode-5/ratis/8e926d94-b426-4528-ae2e-70ea8a22823c
2025-05-08 12:13:58,468 [39727330-a832-4a1a-a148-c345636681a8-groupManagement] INFO  server.RaftServerConfigKeys (ConfUtils.java:logGet(46)) - raft.server.log.queue.byte-limit = 4294967296 (custom)
2025-05-08 12:13:58,468 [39727330-a832-4a1a-a148-c345636681a8-groupManagement] INFO  server.RaftServerConfigKeys (ConfUtils.java:logGet(46)) - raft.server.log.queue.element-limit = 1024 (custom)
2025-05-08 12:13:58,468 [39727330-a832-4a1a-a148-c345636681a8-groupManagement] INFO  server.RaftServerConfigKeys (ConfUtils.java:logGet(46)) - raft.server.log.segment.size.max = 67108864 (custom)
2025-05-08 12:13:58,468 [39727330-a832-4a1a-a148-c345636681a8-groupManagement] INFO  server.RaftServerConfigKeys (ConfUtils.java:logGet(46)) - raft.server.log.preallocated.size = 4194304 (custom)
2025-05-08 12:13:58,468 [39727330-a832-4a1a-a148-c345636681a8-groupManagement] INFO  server.RaftServerConfigKeys (ConfUtils.java:logGet(46)) - raft.server.log.force.sync.num = 128 (default)
2025-05-08 12:13:58,468 [39727330-a832-4a1a-a148-c345636681a8-groupManagement] INFO  server.RaftServerConfigKeys (ConfUtils.java:logGet(46)) - raft.server.log.statemachine.data.sync = true (default)
2025-05-08 12:13:58,468 [39727330-a832-4a1a-a148-c345636681a8-groupManagement] INFO  server.RaftServerConfigKeys (ConfUtils.java:logGet(46)) - raft.server.log.statemachine.data.sync.timeout = 10s (default)
2025-05-08 12:13:58,468 [39727330-a832-4a1a-a148-c345636681a8-groupManagement] INFO  server.RaftServerConfigKeys (ConfUtils.java:logGet(46)) - raft.server.log.statemachine.data.sync.timeout.retry = 30 (custom)
2025-05-08 12:13:58,469 [39727330-a832-4a1a-a148-c345636681a8-groupManagement] INFO  server.RaftServerConfigKeys (ConfUtils.java:logGet(46)) - raft.server.log.write.buffer.size = 33554440 (custom)
2025-05-08 12:13:58,470 [aa40a6e8-77ba-434d-b9e7-e4aad8dcbfb7@group-2C7F8CA0458D-StateMachineUpdater] INFO  safemode.HealthyPipelineSafeModeRule (HealthyPipelineSafeModeRule.java:initializeRule(173)) - Refreshed total pipeline count is 0, healthy pipeline threshold count is 1
2025-05-08 12:13:58,470 [EventQueue-PipelineReportForPipelineReportHandler] INFO  pipeline.PipelineReportHandler (PipelineReportHandler.java:processPipelineReport(134)) - Opened pipeline PipelineID=8e926d94-b426-4528-ae2e-70ea8a22823c
2025-05-08 12:13:58,471 [EventQueue-OpenPipelineForHealthyPipelineSafeModeRule] INFO  safemode.SCMSafeModeManager (HealthyPipelineSafeModeRule.java:process(141)) - SCM in safe mode. Healthy pipelines reported count is 0, required healthy pipeline reported count is 1
2025-05-08 12:13:58,474 [39727330-a832-4a1a-a148-c345636681a8-groupManagement] INFO  server.RaftServerConfigKeys (ConfUtils.java:logGet(46)) - raft.server.log.appender.buffer.byte-limit = 33554432 (custom)
2025-05-08 12:13:58,474 [39727330-a832-4a1a-a148-c345636681a8-groupManagement] INFO  server.RaftServerConfigKeys (ConfUtils.java:logGet(46)) - raft.server.log.unsafe-flush.enabled = false (default)
2025-05-08 12:13:58,474 [39727330-a832-4a1a-a148-c345636681a8-groupManagement] INFO  server.RaftServerConfigKeys (ConfUtils.java:logGet(46)) - raft.server.log.async-flush.enabled = false (default)
2025-05-08 12:13:58,474 [39727330-a832-4a1a-a148-c345636681a8-groupManagement] INFO  server.RaftServerConfigKeys (ConfUtils.java:logGet(46)) - raft.server.log.statemachine.data.caching.enabled = true (custom)
2025-05-08 12:13:58,474 [39727330-a832-4a1a-a148-c345636681a8-groupManagement] INFO  segmented.SegmentedRaftLogWorker (SegmentedRaftLogWorker.java:lambda$new$0(139)) - 39727330-a832-4a1a-a148-c345636681a8@group-70EA8A22823C-SegmentedRaftLogWorker: flushIndex: setUnconditionally 0 -> -1
2025-05-08 12:13:58,474 [39727330-a832-4a1a-a148-c345636681a8-groupManagement] INFO  segmented.SegmentedRaftLogWorker (SegmentedRaftLogWorker.java:lambda$new$0(139)) - 39727330-a832-4a1a-a148-c345636681a8@group-70EA8A22823C-SegmentedRaftLogWorker: safeCacheEvictIndex: setUnconditionally 0 -> -1
2025-05-08 12:13:58,475 [39727330-a832-4a1a-a148-c345636681a8-groupManagement] INFO  server.RaftServer$Division (RaftServerImpl.java:start(391)) - 39727330-a832-4a1a-a148-c345636681a8@group-70EA8A22823C: start as a follower, conf=conf: {index: -1, cur=peers:[39727330-a832-4a1a-a148-c345636681a8|127.0.0.1:15047]|listeners:[], old=null}
2025-05-08 12:13:58,475 [39727330-a832-4a1a-a148-c345636681a8-groupManagement] INFO  server.RaftServer$Division (RaftServerImpl.java:setRole(378)) - 39727330-a832-4a1a-a148-c345636681a8@group-70EA8A22823C: changes role from      null to FOLLOWER at term 0 for startAsFollower
2025-05-08 12:13:58,475 [39727330-a832-4a1a-a148-c345636681a8-groupManagement] INFO  impl.RoleInfo (RoleInfo.java:updateAndGet(148)) - 39727330-a832-4a1a-a148-c345636681a8: start 39727330-a832-4a1a-a148-c345636681a8@group-70EA8A22823C-FollowerState
2025-05-08 12:13:58,475 [39727330-a832-4a1a-a148-c345636681a8-groupManagement] INFO  util.JmxRegister (JmxRegister.java:tryRegister(44)) - Successfully registered JMX Bean with object name Ratis:service=RaftServer,group=group-70EA8A22823C,id=39727330-a832-4a1a-a148-c345636681a8
2025-05-08 12:13:58,475 [39727330-a832-4a1a-a148-c345636681a8-groupManagement] INFO  util.JmxRegister (JmxRegister.java:register(58)) - register mxBean class org.apache.ratis.server.impl.RaftServerJmxAdapter as Ratis:service=RaftServer,group=group-70EA8A22823C,id=39727330-a832-4a1a-a148-c345636681a8
2025-05-08 12:13:58,475 [39727330-a832-4a1a-a148-c345636681a8-groupManagement] INFO  server.RaftServerConfigKeys (ConfUtils.java:logGet(46)) - raft.server.snapshot.trigger-when-stop.enabled = true (default)
2025-05-08 12:13:58,475 [39727330-a832-4a1a-a148-c345636681a8-groupManagement] INFO  server.RaftServerConfigKeys (ConfUtils.java:logGet(46)) - raft.server.snapshot.trigger-when-remove.enabled = true (default)
2025-05-08 12:13:58,475 [39727330-a832-4a1a-a148-c345636681a8-groupManagement] INFO  server.RaftServerConfigKeys (ConfUtils.java:logGet(46)) - raft.server.snapshot.auto.trigger.enabled = true (custom)
2025-05-08 12:13:58,476 [39727330-a832-4a1a-a148-c345636681a8-groupManagement] INFO  server.RaftServerConfigKeys (ConfUtils.java:logGet(46)) - raft.server.snapshot.auto.trigger.threshold = 100000 (custom)
2025-05-08 12:13:58,476 [39727330-a832-4a1a-a148-c345636681a8-groupManagement] INFO  server.RaftServerConfigKeys (ConfUtils.java:logGet(46)) - raft.server.snapshot.retention.file.num = 5 (custom)
2025-05-08 12:13:58,476 [39727330-a832-4a1a-a148-c345636681a8-groupManagement] INFO  server.RaftServerConfigKeys (ConfUtils.java:logGet(46)) - raft.server.log.purge.upto.snapshot.index = false (default)
2025-05-08 12:13:58,476 [39727330-a832-4a1a-a148-c345636681a8@group-70EA8A22823C-FollowerState] INFO  server.RaftServerConfigKeys (ConfUtils.java:logGet(46)) - raft.server.rpc.first-election.timeout.min = 1000ms (custom)
2025-05-08 12:13:58,476 [39727330-a832-4a1a-a148-c345636681a8@group-70EA8A22823C-FollowerState] INFO  server.RaftServerConfigKeys (ConfUtils.java:logGet(46)) - raft.server.rpc.first-election.timeout.max = 1200ms (custom)
2025-05-08 12:13:58,476 [39727330-a832-4a1a-a148-c345636681a8-groupManagement] INFO  server.RaftServer$Division (RaftServerImpl.java:start(405)) - 39727330-a832-4a1a-a148-c345636681a8@group-70EA8A22823C: Successfully started.
2025-05-08 12:13:58,477 [39727330-a832-4a1a-a148-c345636681a8-PipelineCommandHandlerThread-0] INFO  ratis.XceiverServerRatis (XceiverServerRatis.java:addGroup(843)) - Created group PipelineID=8e926d94-b426-4528-ae2e-70ea8a22823c
2025-05-08 12:13:58,477 [39727330-a832-4a1a-a148-c345636681a8-PipelineCommandHandlerThread-0] INFO  commandhandler.CreatePipelineCommandHandler (CreatePipelineCommandHandler.java:lambda$handle$2(128)) - Created Pipeline RATIS ONE PipelineID=8e926d94-b426-4528-ae2e-70ea8a22823c.
2025-05-08 12:13:58,549 [73de0732-aa09-4d2e-8ccf-f79b8b9cbabe@group-8ABA74081F30-FollowerState] INFO  impl.FollowerState (FollowerState.java:runImpl(161)) - 73de0732-aa09-4d2e-8ccf-f79b8b9cbabe@group-8ABA74081F30-FollowerState: change to CANDIDATE, lastRpcElapsedTime:1035695662ns, electionTimeout:1035ms
2025-05-08 12:13:58,549 [73de0732-aa09-4d2e-8ccf-f79b8b9cbabe@group-8ABA74081F30-FollowerState] INFO  impl.RoleInfo (RoleInfo.java:shutdownFollowerState(121)) - 73de0732-aa09-4d2e-8ccf-f79b8b9cbabe: shutdown 73de0732-aa09-4d2e-8ccf-f79b8b9cbabe@group-8ABA74081F30-FollowerState
2025-05-08 12:13:58,549 [73de0732-aa09-4d2e-8ccf-f79b8b9cbabe@group-8ABA74081F30-FollowerState] INFO  server.RaftServer$Division (RaftServerImpl.java:setRole(378)) - 73de0732-aa09-4d2e-8ccf-f79b8b9cbabe@group-8ABA74081F30: changes role from  FOLLOWER to CANDIDATE at term 0 for changeToCandidate
2025-05-08 12:13:58,549 [73de0732-aa09-4d2e-8ccf-f79b8b9cbabe@group-8ABA74081F30-FollowerState] INFO  server.RaftServerConfigKeys (ConfUtils.java:logGet(46)) - raft.server.leaderelection.pre-vote = true (default)
2025-05-08 12:13:58,549 [73de0732-aa09-4d2e-8ccf-f79b8b9cbabe@group-8ABA74081F30-FollowerState] INFO  impl.RoleInfo (RoleInfo.java:updateAndGet(148)) - 73de0732-aa09-4d2e-8ccf-f79b8b9cbabe: start 73de0732-aa09-4d2e-8ccf-f79b8b9cbabe@group-8ABA74081F30-LeaderElection4
2025-05-08 12:13:58,550 [73de0732-aa09-4d2e-8ccf-f79b8b9cbabe@group-8ABA74081F30-LeaderElection4] INFO  impl.LeaderElection (LeaderElection.java:askForVotes(332)) - 73de0732-aa09-4d2e-8ccf-f79b8b9cbabe@group-8ABA74081F30-LeaderElection4 PRE_VOTE round 0: submit vote requests at term 0 for conf: {index: -1, cur=peers:[73de0732-aa09-4d2e-8ccf-f79b8b9cbabe|127.0.0.1:15015]|listeners:[], old=null}
2025-05-08 12:13:58,550 [73de0732-aa09-4d2e-8ccf-f79b8b9cbabe@group-8ABA74081F30-LeaderElection4] INFO  impl.LeaderElection (LeaderElection.java:askForVotes(334)) - 73de0732-aa09-4d2e-8ccf-f79b8b9cbabe@group-8ABA74081F30-LeaderElection4 PRE_VOTE round 0: result PASSED (term=0)
2025-05-08 12:13:58,551 [73de0732-aa09-4d2e-8ccf-f79b8b9cbabe@group-8ABA74081F30-LeaderElection4] INFO  impl.LeaderElection (LeaderElection.java:askForVotes(332)) - 73de0732-aa09-4d2e-8ccf-f79b8b9cbabe@group-8ABA74081F30-LeaderElection4 ELECTION round 0: submit vote requests at term 1 for conf: {index: -1, cur=peers:[73de0732-aa09-4d2e-8ccf-f79b8b9cbabe|127.0.0.1:15015]|listeners:[], old=null}
2025-05-08 12:13:58,551 [73de0732-aa09-4d2e-8ccf-f79b8b9cbabe@group-8ABA74081F30-LeaderElection4] INFO  impl.LeaderElection (LeaderElection.java:askForVotes(334)) - 73de0732-aa09-4d2e-8ccf-f79b8b9cbabe@group-8ABA74081F30-LeaderElection4 ELECTION round 0: result PASSED (term=1)
2025-05-08 12:13:58,551 [73de0732-aa09-4d2e-8ccf-f79b8b9cbabe@group-8ABA74081F30-LeaderElection4] INFO  impl.RoleInfo (RoleInfo.java:shutdownLeaderElection(141)) - 73de0732-aa09-4d2e-8ccf-f79b8b9cbabe: shutdown 73de0732-aa09-4d2e-8ccf-f79b8b9cbabe@group-8ABA74081F30-LeaderElection4
2025-05-08 12:13:58,551 [73de0732-aa09-4d2e-8ccf-f79b8b9cbabe@group-8ABA74081F30-LeaderElection4] INFO  server.RaftServer$Division (RaftServerImpl.java:setRole(378)) - 73de0732-aa09-4d2e-8ccf-f79b8b9cbabe@group-8ABA74081F30: changes role from CANDIDATE to LEADER at term 1 for changeToLeader
2025-05-08 12:13:58,551 [73de0732-aa09-4d2e-8ccf-f79b8b9cbabe@group-8ABA74081F30-LeaderElection4] INFO  server.RaftServerConfigKeys (ConfUtils.java:logGet(46)) - raft.server.staging.catchup.gap = 1000 (default)
2025-05-08 12:13:58,552 [73de0732-aa09-4d2e-8ccf-f79b8b9cbabe@group-8ABA74081F30-LeaderElection4] INFO  server.RaftServerConfigKeys (ConfUtils.java:logGet(46)) - raft.server.write.element-limit = 1024 (custom)
2025-05-08 12:13:58,552 [73de0732-aa09-4d2e-8ccf-f79b8b9cbabe@group-8ABA74081F30-LeaderElection4] INFO  server.RaftServerConfigKeys (ConfUtils.java:logGet(46)) - raft.server.write.byte-limit = 1024 M (=1073741824) (custom)
2025-05-08 12:13:58,552 [73de0732-aa09-4d2e-8ccf-f79b8b9cbabe@group-8ABA74081F30-LeaderElection4] INFO  server.RaftServerConfigKeys (ConfUtils.java:logGet(46)) - raft.server.watch.timeout = 30s (custom)
2025-05-08 12:13:58,552 [73de0732-aa09-4d2e-8ccf-f79b8b9cbabe@group-8ABA74081F30-LeaderElection4] INFO  server.RaftServerConfigKeys (ConfUtils.java:logGet(46)) - raft.server.watch.timeout.denomination = 1s (default)
2025-05-08 12:13:58,552 [73de0732-aa09-4d2e-8ccf-f79b8b9cbabe@group-8ABA74081F30-LeaderElection4] INFO  server.RaftServerConfigKeys (ConfUtils.java:logGet(46)) - raft.server.watch.element-limit = 65536 (default)
2025-05-08 12:13:58,553 [73de0732-aa09-4d2e-8ccf-f79b8b9cbabe@group-8ABA74081F30-LeaderElection4] INFO  server.RaftServerConfigKeys (ConfUtils.java:logGet(46)) - raft.server.read.leader.lease.enabled = false (default)
2025-05-08 12:13:58,553 [73de0732-aa09-4d2e-8ccf-f79b8b9cbabe@group-8ABA74081F30-LeaderElection4] INFO  server.RaftServerConfigKeys (ConfUtils.java:logGet(46)) - raft.server.read.leader.lease.timeout.ratio = 0.9 (default)
2025-05-08 12:13:58,553 [73de0732-aa09-4d2e-8ccf-f79b8b9cbabe@group-8ABA74081F30-LeaderElection4] INFO  server.RaftServerConfigKeys (ConfUtils.java:logGet(46)) - raft.server.rpc.timeout.min = 5s (custom)
2025-05-08 12:13:58,553 [73de0732-aa09-4d2e-8ccf-f79b8b9cbabe@group-8ABA74081F30-LeaderElection4] INFO  server.RaftServerConfigKeys (ConfUtils.java:logGet(46)) - raft.server.log.log-metadata.enabled = true (default)
2025-05-08 12:13:58,553 [73de0732-aa09-4d2e-8ccf-f79b8b9cbabe@group-8ABA74081F30-LeaderElection4] INFO  server.RaftServerConfigKeys (ConfUtils.java:logGet(46)) - raft.server.write.element-limit = 1024 (custom)
2025-05-08 12:13:58,553 [73de0732-aa09-4d2e-8ccf-f79b8b9cbabe@group-8ABA74081F30-LeaderElection4] INFO  server.RaftServerConfigKeys (ConfUtils.java:logGet(46)) - raft.server.write.follower.gap.ratio.max = -1.0 (default)
2025-05-08 12:13:58,554 [73de0732-aa09-4d2e-8ccf-f79b8b9cbabe@group-8ABA74081F30-LeaderElection4] INFO  impl.RoleInfo (RoleInfo.java:updateAndGet(148)) - 73de0732-aa09-4d2e-8ccf-f79b8b9cbabe: start 73de0732-aa09-4d2e-8ccf-f79b8b9cbabe@group-8ABA74081F30-LeaderStateImpl
2025-05-08 12:13:58,554 [73de0732-aa09-4d2e-8ccf-f79b8b9cbabe@group-8ABA74081F30-LeaderElection4] INFO  server.RaftServer$Division (RaftServerImpl.java:setFirstElection(562)) - 73de0732-aa09-4d2e-8ccf-f79b8b9cbabe@group-8ABA74081F30: set firstElectionSinceStartup to false for becomeLeader
2025-05-08 12:13:58,554 [73de0732-aa09-4d2e-8ccf-f79b8b9cbabe@group-8ABA74081F30-LeaderElection4] INFO  ratis.XceiverServerRatis (XceiverServerRatis.java:handleLeaderChangedNotification(944)) - Leader change notification received for group: group-8ABA74081F30 with new leaderId: 73de0732-aa09-4d2e-8ccf-f79b8b9cbabe
2025-05-08 12:13:58,555 [73de0732-aa09-4d2e-8ccf-f79b8b9cbabe@group-8ABA74081F30-LeaderElection4] INFO  server.RaftServer$Division (ServerState.java:setLeader(272)) - 73de0732-aa09-4d2e-8ccf-f79b8b9cbabe@group-8ABA74081F30: change Leader from null to 73de0732-aa09-4d2e-8ccf-f79b8b9cbabe at term 1 for becomeLeader, leader elected after 1068ms
2025-05-08 12:13:58,555 [73de0732-aa09-4d2e-8ccf-f79b8b9cbabe@group-8ABA74081F30-LeaderElection4] INFO  segmented.SegmentedRaftLogWorker (SegmentedRaftLogWorker.java:startLogSegment(438)) - 73de0732-aa09-4d2e-8ccf-f79b8b9cbabe@group-8ABA74081F30-SegmentedRaftLogWorker: Starting segment from index:0
2025-05-08 12:13:58,555 [73de0732-aa09-4d2e-8ccf-f79b8b9cbabe@group-8ABA74081F30-LeaderElection4] INFO  server.RaftServer$Division (ServerState.java:setRaftConf(386)) - 73de0732-aa09-4d2e-8ccf-f79b8b9cbabe@group-8ABA74081F30: set configuration conf: {index: 0, cur=peers:[73de0732-aa09-4d2e-8ccf-f79b8b9cbabe|127.0.0.1:15015]|listeners:[], old=null}
2025-05-08 12:13:58,556 [73de0732-aa09-4d2e-8ccf-f79b8b9cbabe@group-8ABA74081F30-SegmentedRaftLogWorker] INFO  segmented.BufferedWriteChannel (BufferedWriteChannel.java:open(61)) - open log_inprogress_0 at position 0
2025-05-08 12:13:58,558 [EventQueue-OpenPipelineForHealthyPipelineSafeModeRule] INFO  safemode.SCMSafeModeManager (HealthyPipelineSafeModeRule.java:process(141)) - SCM in safe mode. Healthy pipelines reported count is 0, required healthy pipeline reported count is 1
2025-05-08 12:13:58,565 [73de0732-aa09-4d2e-8ccf-f79b8b9cbabe@group-8ABA74081F30-SegmentedRaftLogWorker] INFO  segmented.SegmentedRaftLogWorker (SegmentedRaftLogWorker.java:execute(644)) - 73de0732-aa09-4d2e-8ccf-f79b8b9cbabe@group-8ABA74081F30-SegmentedRaftLogWorker: created new log segment /home/runner/work/ozone/ozone/hadoop-ozone/integration-test/target/test-dir/MiniOzoneClusterImpl-efc39a28-6472-4ee4-b6fc-2c7f8ca0458d/ozone-meta/datanode-1/ratis/d3ebd350-a24c-4a07-8ac7-8aba74081f30/current/log_inprogress_0
2025-05-08 12:13:58,567 [73de0732-aa09-4d2e-8ccf-f79b8b9cbabe@group-8ABA74081F30-StateMachineUpdater] INFO  server.RaftServer$Division (LeaderStateImpl.java:checkStartIndex(313)) - Leader 73de0732-aa09-4d2e-8ccf-f79b8b9cbabe@group-8ABA74081F30-LeaderStateImpl is ready since appliedIndex == startIndex == 0
2025-05-08 12:13:58,589 [73de0732-aa09-4d2e-8ccf-f79b8b9cbabe@group-CF0B59C01792-FollowerState] INFO  impl.FollowerState (FollowerState.java:runImpl(161)) - 73de0732-aa09-4d2e-8ccf-f79b8b9cbabe@group-CF0B59C01792-FollowerState: change to CANDIDATE, lastRpcElapsedTime:1042705782ns, electionTimeout:1042ms
2025-05-08 12:13:58,589 [73de0732-aa09-4d2e-8ccf-f79b8b9cbabe@group-CF0B59C01792-FollowerState] INFO  impl.RoleInfo (RoleInfo.java:shutdownFollowerState(121)) - 73de0732-aa09-4d2e-8ccf-f79b8b9cbabe: shutdown 73de0732-aa09-4d2e-8ccf-f79b8b9cbabe@group-CF0B59C01792-FollowerState
2025-05-08 12:13:58,589 [73de0732-aa09-4d2e-8ccf-f79b8b9cbabe@group-CF0B59C01792-FollowerState] INFO  server.RaftServer$Division (RaftServerImpl.java:setRole(378)) - 73de0732-aa09-4d2e-8ccf-f79b8b9cbabe@group-CF0B59C01792: changes role from  FOLLOWER to CANDIDATE at term 0 for changeToCandidate
2025-05-08 12:13:58,589 [73de0732-aa09-4d2e-8ccf-f79b8b9cbabe@group-CF0B59C01792-FollowerState] INFO  server.RaftServerConfigKeys (ConfUtils.java:logGet(46)) - raft.server.leaderelection.pre-vote = true (default)
2025-05-08 12:13:58,589 [73de0732-aa09-4d2e-8ccf-f79b8b9cbabe@group-CF0B59C01792-FollowerState] INFO  impl.RoleInfo (RoleInfo.java:updateAndGet(148)) - 73de0732-aa09-4d2e-8ccf-f79b8b9cbabe: start 73de0732-aa09-4d2e-8ccf-f79b8b9cbabe@group-CF0B59C01792-LeaderElection5
2025-05-08 12:13:58,589 [73de0732-aa09-4d2e-8ccf-f79b8b9cbabe@group-CF0B59C01792-LeaderElection5] INFO  impl.LeaderElection (LeaderElection.java:askForVotes(332)) - 73de0732-aa09-4d2e-8ccf-f79b8b9cbabe@group-CF0B59C01792-LeaderElection5 PRE_VOTE round 0: submit vote requests at term 0 for conf: {index: -1, cur=peers:[73de0732-aa09-4d2e-8ccf-f79b8b9cbabe|127.0.0.1:15015, 317162a0-bd3d-40ad-b205-542abbf35090|127.0.0.1:15023, 7c8f0716-ab75-44b9-b6ec-eb9ccd1caa65|127.0.0.1:15031]|listeners:[], old=null}
2025-05-08 12:13:58,592 [73de0732-aa09-4d2e-8ccf-f79b8b9cbabe@group-CF0B59C01792-LeaderElection5] INFO  server.RaftServerConfigKeys (ConfUtils.java:logGet(46)) - raft.server.rpc.first-election.timeout.min = 1000ms (custom)
2025-05-08 12:13:58,592 [73de0732-aa09-4d2e-8ccf-f79b8b9cbabe@group-CF0B59C01792-LeaderElection5] INFO  server.RaftServerConfigKeys (ConfUtils.java:logGet(46)) - raft.server.rpc.first-election.timeout.max = 1200ms (custom)
2025-05-08 12:13:58,592 [73de0732-aa09-4d2e-8ccf-f79b8b9cbabe@group-CF0B59C01792-LeaderElection5-1] INFO  server.GrpcServerProtocolClient (GrpcServerProtocolClient.java:<init>(65)) - Build channel for 317162a0-bd3d-40ad-b205-542abbf35090|127.0.0.1:15023
2025-05-08 12:13:58,592 [73de0732-aa09-4d2e-8ccf-f79b8b9cbabe@group-CF0B59C01792-LeaderElection5-2] INFO  server.GrpcServerProtocolClient (GrpcServerProtocolClient.java:<init>(65)) - Build channel for 7c8f0716-ab75-44b9-b6ec-eb9ccd1caa65|127.0.0.1:15031
2025-05-08 12:13:58,601 [grpc-default-executor-1] INFO  server.RaftServer$Division (RaftServerImpl.java:requestVote(1407)) - 7c8f0716-ab75-44b9-b6ec-eb9ccd1caa65@group-CF0B59C01792: receive requestVote(PRE_VOTE, 73de0732-aa09-4d2e-8ccf-f79b8b9cbabe, group-CF0B59C01792, 0, (t:0, i:0))
2025-05-08 12:13:58,601 [grpc-default-executor-0] INFO  server.RaftServer$Division (RaftServerImpl.java:requestVote(1407)) - 317162a0-bd3d-40ad-b205-542abbf35090@group-CF0B59C01792: receive requestVote(PRE_VOTE, 73de0732-aa09-4d2e-8ccf-f79b8b9cbabe, group-CF0B59C01792, 0, (t:0, i:0))
2025-05-08 12:13:58,602 [grpc-default-executor-0] INFO  impl.VoteContext (VoteContext.java:log(49)) - 317162a0-bd3d-40ad-b205-542abbf35090@group-CF0B59C01792-FOLLOWER: accept PRE_VOTE from 73de0732-aa09-4d2e-8ccf-f79b8b9cbabe: our priority 0 <= candidate's priority 0
2025-05-08 12:13:58,602 [grpc-default-executor-1] INFO  impl.VoteContext (VoteContext.java:log(49)) - 7c8f0716-ab75-44b9-b6ec-eb9ccd1caa65@group-CF0B59C01792-FOLLOWER: reject PRE_VOTE from 73de0732-aa09-4d2e-8ccf-f79b8b9cbabe: our priority 1 > candidate's priority 0
2025-05-08 12:13:58,604 [grpc-default-executor-0] INFO  server.RaftServer$Division (RaftServerImpl.java:requestVote(1441)) - 317162a0-bd3d-40ad-b205-542abbf35090@group-CF0B59C01792 replies to PRE_VOTE vote request: 73de0732-aa09-4d2e-8ccf-f79b8b9cbabe<-317162a0-bd3d-40ad-b205-542abbf35090#0:OK-t0. Peer's state: 317162a0-bd3d-40ad-b205-542abbf35090@group-CF0B59C01792:t0, leader=null, voted=, raftlog=Memoized:317162a0-bd3d-40ad-b205-542abbf35090@group-CF0B59C01792-SegmentedRaftLog:OPENED:c-1:lastnull, conf=conf: {index: -1, cur=peers:[73de0732-aa09-4d2e-8ccf-f79b8b9cbabe|127.0.0.1:15015, 317162a0-bd3d-40ad-b205-542abbf35090|127.0.0.1:15023, 7c8f0716-ab75-44b9-b6ec-eb9ccd1caa65|127.0.0.1:15031]|listeners:[], old=null}
2025-05-08 12:13:58,604 [grpc-default-executor-1] INFO  server.RaftServer$Division (RaftServerImpl.java:requestVote(1441)) - 7c8f0716-ab75-44b9-b6ec-eb9ccd1caa65@group-CF0B59C01792 replies to PRE_VOTE vote request: 73de0732-aa09-4d2e-8ccf-f79b8b9cbabe<-7c8f0716-ab75-44b9-b6ec-eb9ccd1caa65#0:FAIL-t0. Peer's state: 7c8f0716-ab75-44b9-b6ec-eb9ccd1caa65@group-CF0B59C01792:t0, leader=null, voted=, raftlog=Memoized:7c8f0716-ab75-44b9-b6ec-eb9ccd1caa65@group-CF0B59C01792-SegmentedRaftLog:OPENED:c-1:lastnull, conf=conf: {index: -1, cur=peers:[73de0732-aa09-4d2e-8ccf-f79b8b9cbabe|127.0.0.1:15015, 317162a0-bd3d-40ad-b205-542abbf35090|127.0.0.1:15023, 7c8f0716-ab75-44b9-b6ec-eb9ccd1caa65|127.0.0.1:15031]|listeners:[], old=null}
2025-05-08 12:13:58,606 [73de0732-aa09-4d2e-8ccf-f79b8b9cbabe@group-CF0B59C01792-LeaderElection5] INFO  impl.LeaderElection (LeaderElection.java:logAndReturn(90)) - 73de0732-aa09-4d2e-8ccf-f79b8b9cbabe@group-CF0B59C01792-LeaderElection5: PRE_VOTE REJECTED received 1 response(s) and 0 exception(s):
2025-05-08 12:13:58,606 [73de0732-aa09-4d2e-8ccf-f79b8b9cbabe@group-CF0B59C01792-LeaderElection5] INFO  impl.LeaderElection (LeaderElection.java:logAndReturn(94)) -   Response 0: 73de0732-aa09-4d2e-8ccf-f79b8b9cbabe<-7c8f0716-ab75-44b9-b6ec-eb9ccd1caa65#0:FAIL-t0
2025-05-08 12:13:58,606 [73de0732-aa09-4d2e-8ccf-f79b8b9cbabe@group-CF0B59C01792-LeaderElection5] INFO  impl.LeaderElection (LeaderElection.java:askForVotes(334)) - 73de0732-aa09-4d2e-8ccf-f79b8b9cbabe@group-CF0B59C01792-LeaderElection5 PRE_VOTE round 0: result REJECTED
2025-05-08 12:13:58,606 [73de0732-aa09-4d2e-8ccf-f79b8b9cbabe@group-CF0B59C01792-LeaderElection5] INFO  server.RaftServer$Division (RaftServerImpl.java:setRole(378)) - 73de0732-aa09-4d2e-8ccf-f79b8b9cbabe@group-CF0B59C01792: changes role from CANDIDATE to FOLLOWER at term 0 for REJECTED
2025-05-08 12:13:58,606 [73de0732-aa09-4d2e-8ccf-f79b8b9cbabe@group-CF0B59C01792-LeaderElection5] INFO  impl.RoleInfo (RoleInfo.java:shutdownLeaderElection(141)) - 73de0732-aa09-4d2e-8ccf-f79b8b9cbabe: shutdown 73de0732-aa09-4d2e-8ccf-f79b8b9cbabe@group-CF0B59C01792-LeaderElection5
2025-05-08 12:13:58,606 [73de0732-aa09-4d2e-8ccf-f79b8b9cbabe@group-CF0B59C01792-LeaderElection5] INFO  impl.RoleInfo (RoleInfo.java:updateAndGet(148)) - 73de0732-aa09-4d2e-8ccf-f79b8b9cbabe: start 73de0732-aa09-4d2e-8ccf-f79b8b9cbabe@group-CF0B59C01792-FollowerState
2025-05-08 12:13:58,607 [73de0732-aa09-4d2e-8ccf-f79b8b9cbabe@group-CF0B59C01792-LeaderElection5] INFO  server.RaftServer$Division (RaftServerImpl.java:setFirstElection(562)) - 73de0732-aa09-4d2e-8ccf-f79b8b9cbabe@group-CF0B59C01792: set firstElectionSinceStartup to false for REJECTED
2025-05-08 12:13:58,807 [317162a0-bd3d-40ad-b205-542abbf35090@group-CF0B59C01792-FollowerState] INFO  server.RaftServerConfigKeys (ConfUtils.java:logGet(46)) - raft.server.rpc.first-election.timeout.min = 1000ms (custom)
2025-05-08 12:13:58,807 [317162a0-bd3d-40ad-b205-542abbf35090@group-CF0B59C01792-FollowerState] INFO  server.RaftServerConfigKeys (ConfUtils.java:logGet(46)) - raft.server.rpc.first-election.timeout.max = 1200ms (custom)
2025-05-08 12:13:58,903 [7c8f0716-ab75-44b9-b6ec-eb9ccd1caa65@group-CF0B59C01792-FollowerState] INFO  impl.FollowerState (FollowerState.java:runImpl(161)) - 7c8f0716-ab75-44b9-b6ec-eb9ccd1caa65@group-CF0B59C01792-FollowerState: change to CANDIDATE, lastRpcElapsedTime:1143129518ns, electionTimeout:1142ms
2025-05-08 12:13:58,903 [7c8f0716-ab75-44b9-b6ec-eb9ccd1caa65@group-CF0B59C01792-FollowerState] INFO  impl.RoleInfo (RoleInfo.java:shutdownFollowerState(121)) - 7c8f0716-ab75-44b9-b6ec-eb9ccd1caa65: shutdown 7c8f0716-ab75-44b9-b6ec-eb9ccd1caa65@group-CF0B59C01792-FollowerState
2025-05-08 12:13:58,903 [7c8f0716-ab75-44b9-b6ec-eb9ccd1caa65@group-CF0B59C01792-FollowerState] INFO  server.RaftServer$Division (RaftServerImpl.java:setRole(378)) - 7c8f0716-ab75-44b9-b6ec-eb9ccd1caa65@group-CF0B59C01792: changes role from  FOLLOWER to CANDIDATE at term 0 for changeToCandidate
2025-05-08 12:13:58,903 [7c8f0716-ab75-44b9-b6ec-eb9ccd1caa65@group-CF0B59C01792-FollowerState] INFO  server.RaftServerConfigKeys (ConfUtils.java:logGet(46)) - raft.server.leaderelection.pre-vote = true (default)
2025-05-08 12:13:58,903 [7c8f0716-ab75-44b9-b6ec-eb9ccd1caa65@group-CF0B59C01792-FollowerState] INFO  impl.RoleInfo (RoleInfo.java:updateAndGet(148)) - 7c8f0716-ab75-44b9-b6ec-eb9ccd1caa65: start 7c8f0716-ab75-44b9-b6ec-eb9ccd1caa65@group-CF0B59C01792-LeaderElection6
2025-05-08 12:13:58,904 [7c8f0716-ab75-44b9-b6ec-eb9ccd1caa65@group-CF0B59C01792-LeaderElection6] INFO  impl.LeaderElection (LeaderElection.java:askForVotes(332)) - 7c8f0716-ab75-44b9-b6ec-eb9ccd1caa65@group-CF0B59C01792-LeaderElection6 PRE_VOTE round 0: submit vote requests at term 0 for conf: {index: -1, cur=peers:[73de0732-aa09-4d2e-8ccf-f79b8b9cbabe|127.0.0.1:15015, 317162a0-bd3d-40ad-b205-542abbf35090|127.0.0.1:15023, 7c8f0716-ab75-44b9-b6ec-eb9ccd1caa65|127.0.0.1:15031]|listeners:[], old=null}
2025-05-08 12:13:58,904 [7c8f0716-ab75-44b9-b6ec-eb9ccd1caa65@group-CF0B59C01792-LeaderElection6-1] INFO  server.GrpcServerProtocolClient (GrpcServerProtocolClient.java:<init>(65)) - Build channel for 73de0732-aa09-4d2e-8ccf-f79b8b9cbabe|127.0.0.1:15015
2025-05-08 12:13:58,904 [7c8f0716-ab75-44b9-b6ec-eb9ccd1caa65@group-CF0B59C01792-LeaderElection6] INFO  server.RaftServerConfigKeys (ConfUtils.java:logGet(46)) - raft.server.rpc.first-election.timeout.min = 1000ms (custom)
2025-05-08 12:13:58,904 [7c8f0716-ab75-44b9-b6ec-eb9ccd1caa65@group-CF0B59C01792-LeaderElection6] INFO  server.RaftServerConfigKeys (ConfUtils.java:logGet(46)) - raft.server.rpc.first-election.timeout.max = 1200ms (custom)
2025-05-08 12:13:58,904 [7c8f0716-ab75-44b9-b6ec-eb9ccd1caa65@group-CF0B59C01792-LeaderElection6-2] INFO  server.GrpcServerProtocolClient (GrpcServerProtocolClient.java:<init>(65)) - Build channel for 317162a0-bd3d-40ad-b205-542abbf35090|127.0.0.1:15023
2025-05-08 12:13:58,909 [grpc-default-executor-0] INFO  server.RaftServer$Division (RaftServerImpl.java:requestVote(1407)) - 317162a0-bd3d-40ad-b205-542abbf35090@group-CF0B59C01792: receive requestVote(PRE_VOTE, 7c8f0716-ab75-44b9-b6ec-eb9ccd1caa65, group-CF0B59C01792, 0, (t:0, i:0))
2025-05-08 12:13:58,910 [grpc-default-executor-1] INFO  server.RaftServer$Division (RaftServerImpl.java:requestVote(1407)) - 73de0732-aa09-4d2e-8ccf-f79b8b9cbabe@group-CF0B59C01792: receive requestVote(PRE_VOTE, 7c8f0716-ab75-44b9-b6ec-eb9ccd1caa65, group-CF0B59C01792, 0, (t:0, i:0))
2025-05-08 12:13:58,910 [grpc-default-executor-0] INFO  impl.VoteContext (VoteContext.java:log(49)) - 317162a0-bd3d-40ad-b205-542abbf35090@group-CF0B59C01792-FOLLOWER: accept PRE_VOTE from 7c8f0716-ab75-44b9-b6ec-eb9ccd1caa65: our priority 0 <= candidate's priority 1
2025-05-08 12:13:58,910 [grpc-default-executor-1] INFO  impl.VoteContext (VoteContext.java:log(49)) - 73de0732-aa09-4d2e-8ccf-f79b8b9cbabe@group-CF0B59C01792-FOLLOWER: accept PRE_VOTE from 7c8f0716-ab75-44b9-b6ec-eb9ccd1caa65: our priority 0 <= candidate's priority 1
2025-05-08 12:13:58,910 [grpc-default-executor-0] INFO  server.RaftServer$Division (RaftServerImpl.java:requestVote(1441)) - 317162a0-bd3d-40ad-b205-542abbf35090@group-CF0B59C01792 replies to PRE_VOTE vote request: 7c8f0716-ab75-44b9-b6ec-eb9ccd1caa65<-317162a0-bd3d-40ad-b205-542abbf35090#0:OK-t0. Peer's state: 317162a0-bd3d-40ad-b205-542abbf35090@group-CF0B59C01792:t0, leader=null, voted=, raftlog=Memoized:317162a0-bd3d-40ad-b205-542abbf35090@group-CF0B59C01792-SegmentedRaftLog:OPENED:c-1:lastnull, conf=conf: {index: -1, cur=peers:[73de0732-aa09-4d2e-8ccf-f79b8b9cbabe|127.0.0.1:15015, 317162a0-bd3d-40ad-b205-542abbf35090|127.0.0.1:15023, 7c8f0716-ab75-44b9-b6ec-eb9ccd1caa65|127.0.0.1:15031]|listeners:[], old=null}
2025-05-08 12:13:58,910 [grpc-default-executor-1] INFO  server.RaftServer$Division (RaftServerImpl.java:requestVote(1441)) - 73de0732-aa09-4d2e-8ccf-f79b8b9cbabe@group-CF0B59C01792 replies to PRE_VOTE vote request: 7c8f0716-ab75-44b9-b6ec-eb9ccd1caa65<-73de0732-aa09-4d2e-8ccf-f79b8b9cbabe#0:OK-t0. Peer's state: 73de0732-aa09-4d2e-8ccf-f79b8b9cbabe@group-CF0B59C01792:t0, leader=null, voted=, raftlog=Memoized:73de0732-aa09-4d2e-8ccf-f79b8b9cbabe@group-CF0B59C01792-SegmentedRaftLog:OPENED:c-1:lastnull, conf=conf: {index: -1, cur=peers:[73de0732-aa09-4d2e-8ccf-f79b8b9cbabe|127.0.0.1:15015, 317162a0-bd3d-40ad-b205-542abbf35090|127.0.0.1:15023, 7c8f0716-ab75-44b9-b6ec-eb9ccd1caa65|127.0.0.1:15031]|listeners:[], old=null}
2025-05-08 12:13:58,912 [7c8f0716-ab75-44b9-b6ec-eb9ccd1caa65@group-CF0B59C01792-LeaderElection6] INFO  impl.LeaderElection (LeaderElection.java:logAndReturn(90)) - 7c8f0716-ab75-44b9-b6ec-eb9ccd1caa65@group-CF0B59C01792-LeaderElection6: PRE_VOTE PASSED received 1 response(s) and 0 exception(s):
2025-05-08 12:13:58,912 [7c8f0716-ab75-44b9-b6ec-eb9ccd1caa65@group-CF0B59C01792-LeaderElection6] INFO  impl.LeaderElection (LeaderElection.java:logAndReturn(94)) -   Response 0: 7c8f0716-ab75-44b9-b6ec-eb9ccd1caa65<-317162a0-bd3d-40ad-b205-542abbf35090#0:OK-t0
2025-05-08 12:13:58,912 [7c8f0716-ab75-44b9-b6ec-eb9ccd1caa65@group-CF0B59C01792-LeaderElection6] INFO  impl.LeaderElection (LeaderElection.java:askForVotes(334)) - 7c8f0716-ab75-44b9-b6ec-eb9ccd1caa65@group-CF0B59C01792-LeaderElection6 PRE_VOTE round 0: result PASSED
2025-05-08 12:13:58,913 [7c8f0716-ab75-44b9-b6ec-eb9ccd1caa65@group-CF0B59C01792-LeaderElection6] INFO  impl.LeaderElection (LeaderElection.java:askForVotes(332)) - 7c8f0716-ab75-44b9-b6ec-eb9ccd1caa65@group-CF0B59C01792-LeaderElection6 ELECTION round 0: submit vote requests at term 1 for conf: {index: -1, cur=peers:[73de0732-aa09-4d2e-8ccf-f79b8b9cbabe|127.0.0.1:15015, 317162a0-bd3d-40ad-b205-542abbf35090|127.0.0.1:15023, 7c8f0716-ab75-44b9-b6ec-eb9ccd1caa65|127.0.0.1:15031]|listeners:[], old=null}
2025-05-08 12:13:58,913 [7c8f0716-ab75-44b9-b6ec-eb9ccd1caa65@group-CF0B59C01792-LeaderElection6] INFO  server.RaftServerConfigKeys (ConfUtils.java:logGet(46)) - raft.server.rpc.first-election.timeout.min = 1000ms (custom)
2025-05-08 12:13:58,913 [7c8f0716-ab75-44b9-b6ec-eb9ccd1caa65@group-CF0B59C01792-LeaderElection6] INFO  server.RaftServerConfigKeys (ConfUtils.java:logGet(46)) - raft.server.rpc.first-election.timeout.max = 1200ms (custom)
2025-05-08 12:13:58,915 [grpc-default-executor-0] INFO  server.RaftServer$Division (RaftServerImpl.java:requestVote(1407)) - 73de0732-aa09-4d2e-8ccf-f79b8b9cbabe@group-CF0B59C01792: receive requestVote(ELECTION, 7c8f0716-ab75-44b9-b6ec-eb9ccd1caa65, group-CF0B59C01792, 1, (t:0, i:0))
2025-05-08 12:13:58,915 [grpc-default-executor-1] INFO  server.RaftServer$Division (RaftServerImpl.java:requestVote(1407)) - 317162a0-bd3d-40ad-b205-542abbf35090@group-CF0B59C01792: receive requestVote(ELECTION, 7c8f0716-ab75-44b9-b6ec-eb9ccd1caa65, group-CF0B59C01792, 1, (t:0, i:0))
2025-05-08 12:13:58,915 [grpc-default-executor-1] INFO  impl.VoteContext (VoteContext.java:log(49)) - 317162a0-bd3d-40ad-b205-542abbf35090@group-CF0B59C01792-FOLLOWER: accept ELECTION from 7c8f0716-ab75-44b9-b6ec-eb9ccd1caa65: our priority 0 <= candidate's priority 1
2025-05-08 12:13:58,915 [grpc-default-executor-1] INFO  server.RaftServer$Division (RaftServerImpl.java:setRole(378)) - 317162a0-bd3d-40ad-b205-542abbf35090@group-CF0B59C01792: changes role from  FOLLOWER to FOLLOWER at term 0 for candidate:7c8f0716-ab75-44b9-b6ec-eb9ccd1caa65
2025-05-08 12:13:58,915 [grpc-default-executor-1] INFO  impl.RoleInfo (RoleInfo.java:shutdownFollowerState(121)) - 317162a0-bd3d-40ad-b205-542abbf35090: shutdown 317162a0-bd3d-40ad-b205-542abbf35090@group-CF0B59C01792-FollowerState
2025-05-08 12:13:58,916 [grpc-default-executor-1] INFO  impl.RoleInfo (RoleInfo.java:updateAndGet(148)) - 317162a0-bd3d-40ad-b205-542abbf35090: start 317162a0-bd3d-40ad-b205-542abbf35090@group-CF0B59C01792-FollowerState
2025-05-08 12:13:58,915 [grpc-default-executor-0] INFO  impl.VoteContext (VoteContext.java:log(49)) - 73de0732-aa09-4d2e-8ccf-f79b8b9cbabe@group-CF0B59C01792-FOLLOWER: accept ELECTION from 7c8f0716-ab75-44b9-b6ec-eb9ccd1caa65: our priority 0 <= candidate's priority 1
2025-05-08 12:13:58,916 [grpc-default-executor-1] INFO  server.RaftServer$Division (RaftServerImpl.java:setFirstElection(562)) - 317162a0-bd3d-40ad-b205-542abbf35090@group-CF0B59C01792: set firstElectionSinceStartup to false for candidate:7c8f0716-ab75-44b9-b6ec-eb9ccd1caa65
2025-05-08 12:13:58,916 [317162a0-bd3d-40ad-b205-542abbf35090@group-CF0B59C01792-FollowerState] INFO  impl.FollowerState (FollowerState.java:runImpl(170)) - 317162a0-bd3d-40ad-b205-542abbf35090@group-CF0B59C01792-FollowerState was interrupted
2025-05-08 12:13:58,916 [grpc-default-executor-0] INFO  server.RaftServer$Division (RaftServerImpl.java:setRole(378)) - 73de0732-aa09-4d2e-8ccf-f79b8b9cbabe@group-CF0B59C01792: changes role from  FOLLOWER to FOLLOWER at term 0 for candidate:7c8f0716-ab75-44b9-b6ec-eb9ccd1caa65
2025-05-08 12:13:58,916 [grpc-default-executor-0] INFO  impl.RoleInfo (RoleInfo.java:shutdownFollowerState(121)) - 73de0732-aa09-4d2e-8ccf-f79b8b9cbabe: shutdown 73de0732-aa09-4d2e-8ccf-f79b8b9cbabe@group-CF0B59C01792-FollowerState
2025-05-08 12:13:58,916 [grpc-default-executor-0] INFO  impl.RoleInfo (RoleInfo.java:updateAndGet(148)) - 73de0732-aa09-4d2e-8ccf-f79b8b9cbabe: start 73de0732-aa09-4d2e-8ccf-f79b8b9cbabe@group-CF0B59C01792-FollowerState
2025-05-08 12:13:58,917 [73de0732-aa09-4d2e-8ccf-f79b8b9cbabe@group-CF0B59C01792-FollowerState] INFO  impl.FollowerState (FollowerState.java:runImpl(170)) - 73de0732-aa09-4d2e-8ccf-f79b8b9cbabe@group-CF0B59C01792-FollowerState was interrupted
2025-05-08 12:13:58,918 [grpc-default-executor-0] INFO  server.RaftServer$Division (RaftServerImpl.java:requestVote(1441)) - 73de0732-aa09-4d2e-8ccf-f79b8b9cbabe@group-CF0B59C01792 replies to ELECTION vote request: 7c8f0716-ab75-44b9-b6ec-eb9ccd1caa65<-73de0732-aa09-4d2e-8ccf-f79b8b9cbabe#0:OK-t1. Peer's state: 73de0732-aa09-4d2e-8ccf-f79b8b9cbabe@group-CF0B59C01792:t1, leader=null, voted=7c8f0716-ab75-44b9-b6ec-eb9ccd1caa65, raftlog=Memoized:73de0732-aa09-4d2e-8ccf-f79b8b9cbabe@group-CF0B59C01792-SegmentedRaftLog:OPENED:c-1:lastnull, conf=conf: {index: -1, cur=peers:[73de0732-aa09-4d2e-8ccf-f79b8b9cbabe|127.0.0.1:15015, 317162a0-bd3d-40ad-b205-542abbf35090|127.0.0.1:15023, 7c8f0716-ab75-44b9-b6ec-eb9ccd1caa65|127.0.0.1:15031]|listeners:[], old=null}
2025-05-08 12:13:58,919 [grpc-default-executor-1] INFO  server.RaftServer$Division (RaftServerImpl.java:requestVote(1441)) - 317162a0-bd3d-40ad-b205-542abbf35090@group-CF0B59C01792 replies to ELECTION vote request: 7c8f0716-ab75-44b9-b6ec-eb9ccd1caa65<-317162a0-bd3d-40ad-b205-542abbf35090#0:OK-t1. Peer's state: 317162a0-bd3d-40ad-b205-542abbf35090@group-CF0B59C01792:t1, leader=null, voted=7c8f0716-ab75-44b9-b6ec-eb9ccd1caa65, raftlog=Memoized:317162a0-bd3d-40ad-b205-542abbf35090@group-CF0B59C01792-SegmentedRaftLog:OPENED:c-1:lastnull, conf=conf: {index: -1, cur=peers:[73de0732-aa09-4d2e-8ccf-f79b8b9cbabe|127.0.0.1:15015, 317162a0-bd3d-40ad-b205-542abbf35090|127.0.0.1:15023, 7c8f0716-ab75-44b9-b6ec-eb9ccd1caa65|127.0.0.1:15031]|listeners:[], old=null}
2025-05-08 12:13:58,921 [7c8f0716-ab75-44b9-b6ec-eb9ccd1caa65@group-CF0B59C01792-LeaderElection6] INFO  impl.LeaderElection (LeaderElection.java:logAndReturn(90)) - 7c8f0716-ab75-44b9-b6ec-eb9ccd1caa65@group-CF0B59C01792-LeaderElection6: ELECTION PASSED received 1 response(s) and 0 exception(s):
2025-05-08 12:13:58,921 [7c8f0716-ab75-44b9-b6ec-eb9ccd1caa65@group-CF0B59C01792-LeaderElection6] INFO  impl.LeaderElection (LeaderElection.java:logAndReturn(94)) -   Response 0: 7c8f0716-ab75-44b9-b6ec-eb9ccd1caa65<-73de0732-aa09-4d2e-8ccf-f79b8b9cbabe#0:OK-t1
2025-05-08 12:13:58,921 [7c8f0716-ab75-44b9-b6ec-eb9ccd1caa65@group-CF0B59C01792-LeaderElection6] INFO  impl.LeaderElection (LeaderElection.java:askForVotes(334)) - 7c8f0716-ab75-44b9-b6ec-eb9ccd1caa65@group-CF0B59C01792-LeaderElection6 ELECTION round 0: result PASSED
2025-05-08 12:13:58,921 [7c8f0716-ab75-44b9-b6ec-eb9ccd1caa65@group-CF0B59C01792-LeaderElection6] INFO  impl.RoleInfo (RoleInfo.java:shutdownLeaderElection(141)) - 7c8f0716-ab75-44b9-b6ec-eb9ccd1caa65: shutdown 7c8f0716-ab75-44b9-b6ec-eb9ccd1caa65@group-CF0B59C01792-LeaderElection6
2025-05-08 12:13:58,921 [7c8f0716-ab75-44b9-b6ec-eb9ccd1caa65@group-CF0B59C01792-LeaderElection6] INFO  server.RaftServer$Division (RaftServerImpl.java:setRole(378)) - 7c8f0716-ab75-44b9-b6ec-eb9ccd1caa65@group-CF0B59C01792: changes role from CANDIDATE to LEADER at term 1 for changeToLeader
2025-05-08 12:13:58,921 [7c8f0716-ab75-44b9-b6ec-eb9ccd1caa65@group-CF0B59C01792-LeaderElection6] INFO  server.RaftServerConfigKeys (ConfUtils.java:logGet(46)) - raft.server.staging.catchup.gap = 1000 (default)
2025-05-08 12:13:58,922 [7c8f0716-ab75-44b9-b6ec-eb9ccd1caa65@group-CF0B59C01792-LeaderElection6] INFO  server.RaftServerConfigKeys (ConfUtils.java:logGet(46)) - raft.server.write.element-limit = 1024 (custom)
2025-05-08 12:13:58,922 [7c8f0716-ab75-44b9-b6ec-eb9ccd1caa65@group-CF0B59C01792-LeaderElection6] INFO  server.RaftServerConfigKeys (ConfUtils.java:logGet(46)) - raft.server.write.byte-limit = 1024 M (=1073741824) (custom)
2025-05-08 12:13:58,922 [7c8f0716-ab75-44b9-b6ec-eb9ccd1caa65@group-CF0B59C01792-LeaderElection6] INFO  server.RaftServerConfigKeys (ConfUtils.java:logGet(46)) - raft.server.watch.timeout = 30s (custom)
2025-05-08 12:13:58,922 [7c8f0716-ab75-44b9-b6ec-eb9ccd1caa65@group-CF0B59C01792-LeaderElection6] INFO  server.RaftServerConfigKeys (ConfUtils.java:logGet(46)) - raft.server.watch.timeout.denomination = 1s (default)
2025-05-08 12:13:58,922 [7c8f0716-ab75-44b9-b6ec-eb9ccd1caa65@group-CF0B59C01792-LeaderElection6] INFO  server.RaftServerConfigKeys (ConfUtils.java:logGet(46)) - raft.server.watch.element-limit = 65536 (default)
2025-05-08 12:13:58,923 [7c8f0716-ab75-44b9-b6ec-eb9ccd1caa65@group-CF0B59C01792-LeaderElection6] INFO  server.RaftServerConfigKeys (ConfUtils.java:logGet(46)) - raft.server.read.leader.lease.enabled = false (default)
2025-05-08 12:13:58,923 [317162a0-bd3d-40ad-b205-542abbf35090@group-2EFD4D396D20-FollowerState] INFO  impl.FollowerState (FollowerState.java:runImpl(161)) - 317162a0-bd3d-40ad-b205-542abbf35090@group-2EFD4D396D20-FollowerState: change to CANDIDATE, lastRpcElapsedTime:1176693071ns, electionTimeout:1175ms
2025-05-08 12:13:58,923 [317162a0-bd3d-40ad-b205-542abbf35090@group-2EFD4D396D20-FollowerState] INFO  impl.RoleInfo (RoleInfo.java:shutdownFollowerState(121)) - 317162a0-bd3d-40ad-b205-542abbf35090: shutdown 317162a0-bd3d-40ad-b205-542abbf35090@group-2EFD4D396D20-FollowerState
2025-05-08 12:13:58,923 [317162a0-bd3d-40ad-b205-542abbf35090@group-2EFD4D396D20-FollowerState] INFO  server.RaftServer$Division (RaftServerImpl.java:setRole(378)) - 317162a0-bd3d-40ad-b205-542abbf35090@group-2EFD4D396D20: changes role from  FOLLOWER to CANDIDATE at term 0 for changeToCandidate
2025-05-08 12:13:58,923 [317162a0-bd3d-40ad-b205-542abbf35090@group-2EFD4D396D20-FollowerState] INFO  server.RaftServerConfigKeys (ConfUtils.java:logGet(46)) - raft.server.leaderelection.pre-vote = true (default)
2025-05-08 12:13:58,923 [317162a0-bd3d-40ad-b205-542abbf35090@group-2EFD4D396D20-FollowerState] INFO  impl.RoleInfo (RoleInfo.java:updateAndGet(148)) - 317162a0-bd3d-40ad-b205-542abbf35090: start 317162a0-bd3d-40ad-b205-542abbf35090@group-2EFD4D396D20-LeaderElection7
2025-05-08 12:13:58,923 [7c8f0716-ab75-44b9-b6ec-eb9ccd1caa65@group-CF0B59C01792-LeaderElection6] INFO  server.RaftServerConfigKeys (ConfUtils.java:logGet(46)) - raft.server.read.leader.lease.timeout.ratio = 0.9 (default)
2025-05-08 12:13:58,924 [7c8f0716-ab75-44b9-b6ec-eb9ccd1caa65@group-CF0B59C01792-LeaderElection6] INFO  server.RaftServerConfigKeys (ConfUtils.java:logGet(46)) - raft.server.rpc.timeout.min = 5s (custom)
2025-05-08 12:13:58,924 [7c8f0716-ab75-44b9-b6ec-eb9ccd1caa65@group-CF0B59C01792-LeaderElection6] INFO  server.RaftServerConfigKeys (ConfUtils.java:logGet(46)) - raft.server.log.log-metadata.enabled = true (default)
2025-05-08 12:13:58,924 [7c8f0716-ab75-44b9-b6ec-eb9ccd1caa65@group-CF0B59C01792-LeaderElection6] INFO  server.RaftServerConfigKeys (ConfUtils.java:logGet(46)) - raft.server.write.element-limit = 1024 (custom)
2025-05-08 12:13:58,924 [7c8f0716-ab75-44b9-b6ec-eb9ccd1caa65@group-CF0B59C01792-LeaderElection6] INFO  server.RaftServerConfigKeys (ConfUtils.java:logGet(46)) - raft.server.write.follower.gap.ratio.max = -1.0 (default)
2025-05-08 12:13:58,924 [317162a0-bd3d-40ad-b205-542abbf35090@group-2EFD4D396D20-LeaderElection7] INFO  impl.LeaderElection (LeaderElection.java:askForVotes(332)) - 317162a0-bd3d-40ad-b205-542abbf35090@group-2EFD4D396D20-LeaderElection7 PRE_VOTE round 0: submit vote requests at term 0 for conf: {index: -1, cur=peers:[317162a0-bd3d-40ad-b205-542abbf35090|127.0.0.1:15023]|listeners:[], old=null}
2025-05-08 12:13:58,924 [317162a0-bd3d-40ad-b205-542abbf35090@group-2EFD4D396D20-LeaderElection7] INFO  impl.LeaderElection (LeaderElection.java:askForVotes(334)) - 317162a0-bd3d-40ad-b205-542abbf35090@group-2EFD4D396D20-LeaderElection7 PRE_VOTE round 0: result PASSED (term=0)
2025-05-08 12:13:58,926 [317162a0-bd3d-40ad-b205-542abbf35090@group-2EFD4D396D20-LeaderElection7] INFO  impl.LeaderElection (LeaderElection.java:askForVotes(332)) - 317162a0-bd3d-40ad-b205-542abbf35090@group-2EFD4D396D20-LeaderElection7 ELECTION round 0: submit vote requests at term 1 for conf: {index: -1, cur=peers:[317162a0-bd3d-40ad-b205-542abbf35090|127.0.0.1:15023]|listeners:[], old=null}
2025-05-08 12:13:58,926 [317162a0-bd3d-40ad-b205-542abbf35090@group-2EFD4D396D20-LeaderElection7] INFO  impl.LeaderElection (LeaderElection.java:askForVotes(334)) - 317162a0-bd3d-40ad-b205-542abbf35090@group-2EFD4D396D20-LeaderElection7 ELECTION round 0: result PASSED (term=1)
2025-05-08 12:13:58,926 [317162a0-bd3d-40ad-b205-542abbf35090@group-2EFD4D396D20-LeaderElection7] INFO  impl.RoleInfo (RoleInfo.java:shutdownLeaderElection(141)) - 317162a0-bd3d-40ad-b205-542abbf35090: shutdown 317162a0-bd3d-40ad-b205-542abbf35090@group-2EFD4D396D20-LeaderElection7
2025-05-08 12:13:58,926 [317162a0-bd3d-40ad-b205-542abbf35090@group-2EFD4D396D20-LeaderElection7] INFO  server.RaftServer$Division (RaftServerImpl.java:setRole(378)) - 317162a0-bd3d-40ad-b205-542abbf35090@group-2EFD4D396D20: changes role from CANDIDATE to LEADER at term 1 for changeToLeader
2025-05-08 12:13:58,926 [317162a0-bd3d-40ad-b205-542abbf35090@group-2EFD4D396D20-LeaderElection7] INFO  server.RaftServerConfigKeys (ConfUtils.java:logGet(46)) - raft.server.staging.catchup.gap = 1000 (default)
2025-05-08 12:13:58,927 [317162a0-bd3d-40ad-b205-542abbf35090@group-2EFD4D396D20-LeaderElection7] INFO  server.RaftServerConfigKeys (ConfUtils.java:logGet(46)) - raft.server.write.element-limit = 1024 (custom)
2025-05-08 12:13:58,927 [317162a0-bd3d-40ad-b205-542abbf35090@group-2EFD4D396D20-LeaderElection7] INFO  server.RaftServerConfigKeys (ConfUtils.java:logGet(46)) - raft.server.write.byte-limit = 1024 M (=1073741824) (custom)
2025-05-08 12:13:58,927 [317162a0-bd3d-40ad-b205-542abbf35090@group-2EFD4D396D20-LeaderElection7] INFO  server.RaftServerConfigKeys (ConfUtils.java:logGet(46)) - raft.server.watch.timeout = 30s (custom)
2025-05-08 12:13:58,927 [317162a0-bd3d-40ad-b205-542abbf35090@group-2EFD4D396D20-LeaderElection7] INFO  server.RaftServerConfigKeys (ConfUtils.java:logGet(46)) - raft.server.watch.timeout.denomination = 1s (default)
2025-05-08 12:13:58,927 [317162a0-bd3d-40ad-b205-542abbf35090@group-2EFD4D396D20-LeaderElection7] INFO  server.RaftServerConfigKeys (ConfUtils.java:logGet(46)) - raft.server.watch.element-limit = 65536 (default)
2025-05-08 12:13:58,928 [317162a0-bd3d-40ad-b205-542abbf35090@group-2EFD4D396D20-LeaderElection7] INFO  server.RaftServerConfigKeys (ConfUtils.java:logGet(46)) - raft.server.read.leader.lease.enabled = false (default)
2025-05-08 12:13:58,928 [317162a0-bd3d-40ad-b205-542abbf35090@group-2EFD4D396D20-LeaderElection7] INFO  server.RaftServerConfigKeys (ConfUtils.java:logGet(46)) - raft.server.read.leader.lease.timeout.ratio = 0.9 (default)
2025-05-08 12:13:58,928 [317162a0-bd3d-40ad-b205-542abbf35090@group-2EFD4D396D20-LeaderElection7] INFO  server.RaftServerConfigKeys (ConfUtils.java:logGet(46)) - raft.server.rpc.timeout.min = 5s (custom)
2025-05-08 12:13:58,928 [317162a0-bd3d-40ad-b205-542abbf35090@group-2EFD4D396D20-LeaderElection7] INFO  server.RaftServerConfigKeys (ConfUtils.java:logGet(46)) - raft.server.log.log-metadata.enabled = true (default)
2025-05-08 12:13:58,929 [317162a0-bd3d-40ad-b205-542abbf35090@group-2EFD4D396D20-LeaderElection7] INFO  server.RaftServerConfigKeys (ConfUtils.java:logGet(46)) - raft.server.write.element-limit = 1024 (custom)
2025-05-08 12:13:58,929 [317162a0-bd3d-40ad-b205-542abbf35090@group-2EFD4D396D20-LeaderElection7] INFO  server.RaftServerConfigKeys (ConfUtils.java:logGet(46)) - raft.server.write.follower.gap.ratio.max = -1.0 (default)
2025-05-08 12:13:58,929 [317162a0-bd3d-40ad-b205-542abbf35090@group-2EFD4D396D20-LeaderElection7] INFO  impl.RoleInfo (RoleInfo.java:updateAndGet(148)) - 317162a0-bd3d-40ad-b205-542abbf35090: start 317162a0-bd3d-40ad-b205-542abbf35090@group-2EFD4D396D20-LeaderStateImpl
2025-05-08 12:13:58,929 [317162a0-bd3d-40ad-b205-542abbf35090@group-2EFD4D396D20-LeaderElection7] INFO  server.RaftServer$Division (RaftServerImpl.java:setFirstElection(562)) - 317162a0-bd3d-40ad-b205-542abbf35090@group-2EFD4D396D20: set firstElectionSinceStartup to false for becomeLeader
2025-05-08 12:13:58,929 [317162a0-bd3d-40ad-b205-542abbf35090@group-2EFD4D396D20-LeaderElection7] INFO  ratis.XceiverServerRatis (XceiverServerRatis.java:handleLeaderChangedNotification(944)) - Leader change notification received for group: group-2EFD4D396D20 with new leaderId: 317162a0-bd3d-40ad-b205-542abbf35090
2025-05-08 12:13:58,929 [317162a0-bd3d-40ad-b205-542abbf35090@group-2EFD4D396D20-LeaderElection7] INFO  server.RaftServer$Division (ServerState.java:setLeader(272)) - 317162a0-bd3d-40ad-b205-542abbf35090@group-2EFD4D396D20: change Leader from null to 317162a0-bd3d-40ad-b205-542abbf35090 at term 1 for becomeLeader, leader elected after 1208ms
2025-05-08 12:13:58,929 [317162a0-bd3d-40ad-b205-542abbf35090@group-2EFD4D396D20-LeaderElection7] INFO  segmented.SegmentedRaftLogWorker (SegmentedRaftLogWorker.java:startLogSegment(438)) - 317162a0-bd3d-40ad-b205-542abbf35090@group-2EFD4D396D20-SegmentedRaftLogWorker: Starting segment from index:0
2025-05-08 12:13:58,930 [317162a0-bd3d-40ad-b205-542abbf35090@group-2EFD4D396D20-LeaderElection7] INFO  server.RaftServer$Division (ServerState.java:setRaftConf(386)) - 317162a0-bd3d-40ad-b205-542abbf35090@group-2EFD4D396D20: set configuration conf: {index: 0, cur=peers:[317162a0-bd3d-40ad-b205-542abbf35090|127.0.0.1:15023]|listeners:[], old=null}
2025-05-08 12:13:58,931 [317162a0-bd3d-40ad-b205-542abbf35090@group-2EFD4D396D20-SegmentedRaftLogWorker] INFO  segmented.BufferedWriteChannel (BufferedWriteChannel.java:open(61)) - open log_inprogress_0 at position 0
2025-05-08 12:13:58,933 [EventQueue-OpenPipelineForHealthyPipelineSafeModeRule] INFO  safemode.SCMSafeModeManager (HealthyPipelineSafeModeRule.java:process(141)) - SCM in safe mode. Healthy pipelines reported count is 0, required healthy pipeline reported count is 1
2025-05-08 12:13:58,934 [7c8f0716-ab75-44b9-b6ec-eb9ccd1caa65@group-CF0B59C01792-LeaderElection6] INFO  server.RaftServerConfigKeys (ConfUtils.java:logGet(46)) - raft.server.log.appender.snapshot.chunk.size.max = 16MB (=16777216) (default)
2025-05-08 12:13:58,935 [7c8f0716-ab75-44b9-b6ec-eb9ccd1caa65@group-CF0B59C01792-LeaderElection6] INFO  server.RaftServerConfigKeys (ConfUtils.java:logGet(46)) - raft.server.log.appender.buffer.byte-limit = 33554432 (custom)
2025-05-08 12:13:58,935 [7c8f0716-ab75-44b9-b6ec-eb9ccd1caa65@group-CF0B59C01792-LeaderElection6] INFO  server.RaftServerConfigKeys (ConfUtils.java:logGet(46)) - raft.server.log.appender.buffer.element-limit = 1024 (custom)
2025-05-08 12:13:58,937 [7c8f0716-ab75-44b9-b6ec-eb9ccd1caa65@group-CF0B59C01792-LeaderElection6] INFO  server.RaftServerConfigKeys (ConfUtils.java:logGet(46)) - raft.server.log.appender.wait-time.min = 0μs (custom)
2025-05-08 12:13:58,939 [7c8f0716-ab75-44b9-b6ec-eb9ccd1caa65@group-CF0B59C01792-LeaderElection6] INFO  grpc.GrpcConfigKeys (ConfUtils.java:logGet(46)) - raft.grpc.server.leader.outstanding.appends.max = 8 (default)
2025-05-08 12:13:58,939 [7c8f0716-ab75-44b9-b6ec-eb9ccd1caa65@group-CF0B59C01792-LeaderElection6] INFO  server.RaftServerConfigKeys (ConfUtils.java:logGet(46)) - raft.server.rpc.request.timeout = 60s (custom)
2025-05-08 12:13:58,940 [7c8f0716-ab75-44b9-b6ec-eb9ccd1caa65@group-CF0B59C01792-LeaderElection6] INFO  grpc.GrpcConfigKeys (ConfUtils.java:logGet(46)) - raft.grpc.server.install_snapshot.request.element-limit = 8 (default)
2025-05-08 12:13:58,940 [7c8f0716-ab75-44b9-b6ec-eb9ccd1caa65@group-CF0B59C01792-LeaderElection6] INFO  grpc.GrpcConfigKeys (ConfUtils.java:logGet(46)) - raft.grpc.server.install_snapshot.request.timeout = 3000ms (default)
2025-05-08 12:13:58,940 [7c8f0716-ab75-44b9-b6ec-eb9ccd1caa65@group-CF0B59C01792-LeaderElection6] INFO  grpc.GrpcConfigKeys (ConfUtils.java:logGet(46)) - raft.grpc.server.log-message.batch.duration = 5s (default)
2025-05-08 12:13:58,940 [7c8f0716-ab75-44b9-b6ec-eb9ccd1caa65@group-CF0B59C01792-LeaderElection6] INFO  server.RaftServerConfigKeys (ConfUtils.java:logGet(46)) - raft.server.log.appender.install.snapshot.enabled = false (custom)
2025-05-08 12:13:58,940 [7c8f0716-ab75-44b9-b6ec-eb9ccd1caa65@group-CF0B59C01792-LeaderElection6] INFO  grpc.GrpcConfigKeys (ConfUtils.java:logGet(46)) - raft.grpc.server.heartbeat.channel = true (default)
2025-05-08 12:13:58,943 [7c8f0716-ab75-44b9-b6ec-eb9ccd1caa65@group-CF0B59C01792-LeaderElection6] INFO  server.RaftServerConfigKeys (ConfUtils.java:logGet(46)) - raft.server.log.appender.snapshot.chunk.size.max = 16MB (=16777216) (default)
2025-05-08 12:13:58,943 [7c8f0716-ab75-44b9-b6ec-eb9ccd1caa65@group-CF0B59C01792-LeaderElection6] INFO  server.RaftServerConfigKeys (ConfUtils.java:logGet(46)) - raft.server.log.appender.buffer.byte-limit = 33554432 (custom)
2025-05-08 12:13:58,943 [7c8f0716-ab75-44b9-b6ec-eb9ccd1caa65@group-CF0B59C01792-LeaderElection6] INFO  server.RaftServerConfigKeys (ConfUtils.java:logGet(46)) - raft.server.log.appender.buffer.element-limit = 1024 (custom)
2025-05-08 12:13:58,943 [7c8f0716-ab75-44b9-b6ec-eb9ccd1caa65@group-CF0B59C01792-LeaderElection6] INFO  server.RaftServerConfigKeys (ConfUtils.java:logGet(46)) - raft.server.log.appender.wait-time.min = 0μs (custom)
2025-05-08 12:13:58,943 [7c8f0716-ab75-44b9-b6ec-eb9ccd1caa65@group-CF0B59C01792-LeaderElection6] INFO  grpc.GrpcConfigKeys (ConfUtils.java:logGet(46)) - raft.grpc.server.leader.outstanding.appends.max = 8 (default)
2025-05-08 12:13:58,943 [7c8f0716-ab75-44b9-b6ec-eb9ccd1caa65@group-CF0B59C01792-LeaderElection6] INFO  server.RaftServerConfigKeys (ConfUtils.java:logGet(46)) - raft.server.rpc.request.timeout = 60s (custom)
2025-05-08 12:13:58,943 [7c8f0716-ab75-44b9-b6ec-eb9ccd1caa65@group-CF0B59C01792-LeaderElection6] INFO  grpc.GrpcConfigKeys (ConfUtils.java:logGet(46)) - raft.grpc.server.install_snapshot.request.element-limit = 8 (default)
2025-05-08 12:13:58,944 [7c8f0716-ab75-44b9-b6ec-eb9ccd1caa65@group-CF0B59C01792-LeaderElection6] INFO  grpc.GrpcConfigKeys (ConfUtils.java:logGet(46)) - raft.grpc.server.install_snapshot.request.timeout = 3000ms (default)
2025-05-08 12:13:58,944 [317162a0-bd3d-40ad-b205-542abbf35090@group-2EFD4D396D20-SegmentedRaftLogWorker] INFO  segmented.SegmentedRaftLogWorker (SegmentedRaftLogWorker.java:execute(644)) - 317162a0-bd3d-40ad-b205-542abbf35090@group-2EFD4D396D20-SegmentedRaftLogWorker: created new log segment /home/runner/work/ozone/ozone/hadoop-ozone/integration-test/target/test-dir/MiniOzoneClusterImpl-efc39a28-6472-4ee4-b6fc-2c7f8ca0458d/ozone-meta/datanode-2/ratis/41169cc5-0870-4dae-8491-2efd4d396d20/current/log_inprogress_0
2025-05-08 12:13:58,944 [7c8f0716-ab75-44b9-b6ec-eb9ccd1caa65@group-CF0B59C01792-LeaderElection6] INFO  grpc.GrpcConfigKeys (ConfUtils.java:logGet(46)) - raft.grpc.server.log-message.batch.duration = 5s (default)
2025-05-08 12:13:58,944 [7c8f0716-ab75-44b9-b6ec-eb9ccd1caa65@group-CF0B59C01792-LeaderElection6] INFO  server.RaftServerConfigKeys (ConfUtils.java:logGet(46)) - raft.server.log.appender.install.snapshot.enabled = false (custom)
2025-05-08 12:13:58,944 [7c8f0716-ab75-44b9-b6ec-eb9ccd1caa65@group-CF0B59C01792-LeaderElection6] INFO  grpc.GrpcConfigKeys (ConfUtils.java:logGet(46)) - raft.grpc.server.heartbeat.channel = true (default)
2025-05-08 12:13:58,945 [7c8f0716-ab75-44b9-b6ec-eb9ccd1caa65@group-CF0B59C01792-LeaderElection6] INFO  impl.RoleInfo (RoleInfo.java:updateAndGet(148)) - 7c8f0716-ab75-44b9-b6ec-eb9ccd1caa65: start 7c8f0716-ab75-44b9-b6ec-eb9ccd1caa65@group-CF0B59C01792-LeaderStateImpl
2025-05-08 12:13:58,945 [7c8f0716-ab75-44b9-b6ec-eb9ccd1caa65@group-CF0B59C01792-LeaderElection6] INFO  server.RaftServer$Division (RaftServerImpl.java:setFirstElection(562)) - 7c8f0716-ab75-44b9-b6ec-eb9ccd1caa65@group-CF0B59C01792: set firstElectionSinceStartup to false for becomeLeader
2025-05-08 12:13:58,945 [7c8f0716-ab75-44b9-b6ec-eb9ccd1caa65@group-CF0B59C01792-LeaderElection6] INFO  ratis.XceiverServerRatis (XceiverServerRatis.java:handleLeaderChangedNotification(944)) - Leader change notification received for group: group-CF0B59C01792 with new leaderId: 7c8f0716-ab75-44b9-b6ec-eb9ccd1caa65
2025-05-08 12:13:58,945 [7c8f0716-ab75-44b9-b6ec-eb9ccd1caa65@group-CF0B59C01792-LeaderElection6] INFO  server.RaftServer$Division (ServerState.java:setLeader(272)) - 7c8f0716-ab75-44b9-b6ec-eb9ccd1caa65@group-CF0B59C01792: change Leader from null to 7c8f0716-ab75-44b9-b6ec-eb9ccd1caa65 at term 1 for becomeLeader, leader elected after 1217ms
2025-05-08 12:13:58,946 [7c8f0716-ab75-44b9-b6ec-eb9ccd1caa65@group-CF0B59C01792-LeaderElection6] INFO  segmented.SegmentedRaftLogWorker (SegmentedRaftLogWorker.java:startLogSegment(438)) - 7c8f0716-ab75-44b9-b6ec-eb9ccd1caa65@group-CF0B59C01792-SegmentedRaftLogWorker: Starting segment from index:0
2025-05-08 12:13:58,946 [7c8f0716-ab75-44b9-b6ec-eb9ccd1caa65@group-CF0B59C01792-LeaderElection6] INFO  server.RaftServer$Division (ServerState.java:setRaftConf(386)) - 7c8f0716-ab75-44b9-b6ec-eb9ccd1caa65@group-CF0B59C01792: set configuration conf: {index: 0, cur=peers:[73de0732-aa09-4d2e-8ccf-f79b8b9cbabe|127.0.0.1:15015, 317162a0-bd3d-40ad-b205-542abbf35090|127.0.0.1:15023, 7c8f0716-ab75-44b9-b6ec-eb9ccd1caa65|127.0.0.1:15031]|listeners:[], old=null}
2025-05-08 12:13:58,947 [7c8f0716-ab75-44b9-b6ec-eb9ccd1caa65@group-CF0B59C01792-SegmentedRaftLogWorker] INFO  segmented.BufferedWriteChannel (BufferedWriteChannel.java:open(61)) - open log_inprogress_0 at position 0
2025-05-08 12:13:58,952 [317162a0-bd3d-40ad-b205-542abbf35090@group-2EFD4D396D20-StateMachineUpdater] INFO  server.RaftServer$Division (LeaderStateImpl.java:checkStartIndex(313)) - Leader 317162a0-bd3d-40ad-b205-542abbf35090@group-2EFD4D396D20-LeaderStateImpl is ready since appliedIndex == startIndex == 0
2025-05-08 12:13:58,953 [EventQueue-OpenPipelineForHealthyPipelineSafeModeRule] INFO  safemode.SCMSafeModeManager (HealthyPipelineSafeModeRule.java:process(141)) - SCM in safe mode. Healthy pipelines reported count is 0, required healthy pipeline reported count is 1
2025-05-08 12:13:58,957 [7c8f0716-ab75-44b9-b6ec-eb9ccd1caa65@group-CF0B59C01792-SegmentedRaftLogWorker] INFO  segmented.SegmentedRaftLogWorker (SegmentedRaftLogWorker.java:execute(644)) - 7c8f0716-ab75-44b9-b6ec-eb9ccd1caa65@group-CF0B59C01792-SegmentedRaftLogWorker: created new log segment /home/runner/work/ozone/ozone/hadoop-ozone/integration-test/target/test-dir/MiniOzoneClusterImpl-efc39a28-6472-4ee4-b6fc-2c7f8ca0458d/ozone-meta/datanode-3/ratis/30af3b1a-a629-40eb-b1f1-cf0b59c01792/current/log_inprogress_0
2025-05-08 12:13:58,958 [aa40a6e8-77ba-434d-b9e7-e4aad8dcbfb7@group-2C7F8CA0458D-StateMachineUpdater] INFO  safemode.HealthyPipelineSafeModeRule (HealthyPipelineSafeModeRule.java:initializeRule(173)) - Refreshed total pipeline count is 1, healthy pipeline threshold count is 1
2025-05-08 12:13:58,958 [EventQueue-PipelineReportForPipelineReportHandler] INFO  pipeline.PipelineReportHandler (PipelineReportHandler.java:processPipelineReport(134)) - Opened pipeline PipelineID=30af3b1a-a629-40eb-b1f1-cf0b59c01792
2025-05-08 12:13:58,959 [EventQueue-OpenPipelineForHealthyPipelineSafeModeRule] INFO  safemode.SCMSafeModeManager (HealthyPipelineSafeModeRule.java:process(141)) - SCM in safe mode. Healthy pipelines reported count is 1, required healthy pipeline reported count is 1
2025-05-08 12:13:58,960 [main] INFO  ozone.MiniOzoneClusterImpl (MiniOzoneClusterImpl.java:lambda$waitForClusterToBeReady$0(190)) - Nodes are ready. Got 5 of 5 DN Heartbeats.
2025-05-08 12:13:58,960 [main] INFO  ozone.MiniOzoneClusterImpl (MiniOzoneClusterImpl.java:lambda$waitForClusterToBeReady$0(193)) - Waiting for cluster to exit safe mode
2025-05-08 12:13:58,960 [main] INFO  ozone.MiniOzoneClusterImpl (MiniOzoneClusterImpl.java:lambda$waitForClusterToBeReady$0(195)) - SCM became leader
2025-05-08 12:13:58,960 [EventQueue-OpenPipelineForHealthyPipelineSafeModeRule] INFO  safemode.SCMSafeModeManager (SCMSafeModeManager.java:validateSafeModeExitRules(185)) - HealthyPipelineSafeModeRule rule is successfully validated
2025-05-08 12:13:58,960 [EventQueue-OpenPipelineForHealthyPipelineSafeModeRule] INFO  safemode.SCMSafeModeManager (SCMSafeModeManager.java:validateSafeModeExitRules(200)) - ScmSafeModeManager, all rules are successfully validated
2025-05-08 12:13:58,960 [EventQueue-OpenPipelineForHealthyPipelineSafeModeRule] INFO  safemode.SCMSafeModeManager (SCMSafeModeManager.java:exitSafeMode(230)) - SCM exiting safe mode.
2025-05-08 12:13:58,960 [EventQueue-OpenPipelineForHealthyPipelineSafeModeRule] INFO  ha.SCMContext (SCMContext.java:updateSafeModeStatus(224)) - Update SafeModeStatus from SafeModeStatus{safeModeStatus=true, preCheckPassed=true} to SafeModeStatus{safeModeStatus=false, preCheckPassed=true}.
2025-05-08 12:13:58,961 [EventQueue-OpenPipelineForHealthyPipelineSafeModeRule] INFO  BackgroundPipelineScrubber (BackgroundSCMService.java:notifyStatusChanged(78)) - Service BackgroundPipelineScrubber transitions to RUNNING.
2025-05-08 12:13:58,961 [EventQueue-OpenPipelineForHealthyPipelineSafeModeRule] INFO  ExpiredContainerReplicaOpScrubber (BackgroundSCMService.java:notifyStatusChanged(78)) - Service ExpiredContainerReplicaOpScrubber transitions to RUNNING.
2025-05-08 12:13:58,961 [EventQueue-OpenPipelineForHealthyPipelineSafeModeRule] INFO  block.SCMBlockDeletingService (SCMBlockDeletingService.java:notifyStatusChanged(250)) - notifyStatusChanged:RUNNING
2025-05-08 12:13:58,961 [EventQueue-OpenPipelineForHealthyPipelineSafeModeRule] INFO  replication.ReplicationManager (ReplicationManager.java:notifyStatusChanged(1387)) - Service ReplicationManager transitions to RUNNING.
2025-05-08 12:13:58,967 [EventQueue-OpenPipelineForHealthyPipelineSafeModeRule] WARN  balancer.ContainerBalancer (ContainerBalancer.java:shouldRun(134)) - Could not find persisted configuration for ContainerBalancer when checking if ContainerBalancer should run. ContainerBalancer should not run now.
2025-05-08 12:13:58,967 [EventQueue-OpenPipelineForHealthyPipelineSafeModeRule] INFO  SCMHATransactionMonitor (BackgroundSCMService.java:notifyStatusChanged(78)) - Service SCMHATransactionMonitor transitions to RUNNING.
2025-05-08 12:13:58,972 [73de0732-aa09-4d2e-8ccf-f79b8b9cbabe-server-thread1] INFO  ratis.XceiverServerRatis (XceiverServerRatis.java:handleLeaderChangedNotification(944)) - Leader change notification received for group: group-CF0B59C01792 with new leaderId: 7c8f0716-ab75-44b9-b6ec-eb9ccd1caa65
2025-05-08 12:13:58,973 [73de0732-aa09-4d2e-8ccf-f79b8b9cbabe-server-thread1] INFO  server.RaftServer$Division (ServerState.java:setLeader(272)) - 73de0732-aa09-4d2e-8ccf-f79b8b9cbabe@group-CF0B59C01792: change Leader from null to 7c8f0716-ab75-44b9-b6ec-eb9ccd1caa65 at term 1 for appendEntries, leader elected after 1452ms
2025-05-08 12:13:58,972 [317162a0-bd3d-40ad-b205-542abbf35090-server-thread1] INFO  ratis.XceiverServerRatis (XceiverServerRatis.java:handleLeaderChangedNotification(944)) - Leader change notification received for group: group-CF0B59C01792 with new leaderId: 7c8f0716-ab75-44b9-b6ec-eb9ccd1caa65
2025-05-08 12:13:58,973 [317162a0-bd3d-40ad-b205-542abbf35090-server-thread1] INFO  server.RaftServer$Division (ServerState.java:setLeader(272)) - 317162a0-bd3d-40ad-b205-542abbf35090@group-CF0B59C01792: change Leader from null to 7c8f0716-ab75-44b9-b6ec-eb9ccd1caa65 at term 1 for appendEntries, leader elected after 1214ms
2025-05-08 12:13:58,980 [73de0732-aa09-4d2e-8ccf-f79b8b9cbabe-server-thread1] INFO  server.RaftServer$Division (ServerState.java:setRaftConf(386)) - 73de0732-aa09-4d2e-8ccf-f79b8b9cbabe@group-CF0B59C01792: set configuration conf: {index: 0, cur=peers:[73de0732-aa09-4d2e-8ccf-f79b8b9cbabe|127.0.0.1:15015, 317162a0-bd3d-40ad-b205-542abbf35090|127.0.0.1:15023, 7c8f0716-ab75-44b9-b6ec-eb9ccd1caa65|127.0.0.1:15031]|listeners:[], old=null}
2025-05-08 12:13:58,982 [317162a0-bd3d-40ad-b205-542abbf35090-server-thread3] INFO  server.RaftServer$Division (ServerState.java:setRaftConf(386)) - 317162a0-bd3d-40ad-b205-542abbf35090@group-CF0B59C01792: set configuration conf: {index: 0, cur=peers:[73de0732-aa09-4d2e-8ccf-f79b8b9cbabe|127.0.0.1:15015, 317162a0-bd3d-40ad-b205-542abbf35090|127.0.0.1:15023, 7c8f0716-ab75-44b9-b6ec-eb9ccd1caa65|127.0.0.1:15031]|listeners:[], old=null}
2025-05-08 12:13:58,984 [317162a0-bd3d-40ad-b205-542abbf35090-server-thread3] INFO  segmented.SegmentedRaftLogWorker (SegmentedRaftLogWorker.java:startLogSegment(438)) - 317162a0-bd3d-40ad-b205-542abbf35090@group-CF0B59C01792-SegmentedRaftLogWorker: Starting segment from index:0
2025-05-08 12:13:58,984 [73de0732-aa09-4d2e-8ccf-f79b8b9cbabe-server-thread1] INFO  segmented.SegmentedRaftLogWorker (SegmentedRaftLogWorker.java:startLogSegment(438)) - 73de0732-aa09-4d2e-8ccf-f79b8b9cbabe@group-CF0B59C01792-SegmentedRaftLogWorker: Starting segment from index:0
2025-05-08 12:13:58,985 [317162a0-bd3d-40ad-b205-542abbf35090@group-CF0B59C01792-SegmentedRaftLogWorker] INFO  segmented.BufferedWriteChannel (BufferedWriteChannel.java:open(61)) - open log_inprogress_0 at position 0
2025-05-08 12:13:58,985 [73de0732-aa09-4d2e-8ccf-f79b8b9cbabe@group-CF0B59C01792-SegmentedRaftLogWorker] INFO  segmented.BufferedWriteChannel (BufferedWriteChannel.java:open(61)) - open log_inprogress_0 at position 0
2025-05-08 12:13:58,997 [317162a0-bd3d-40ad-b205-542abbf35090@group-CF0B59C01792-SegmentedRaftLogWorker] INFO  segmented.SegmentedRaftLogWorker (SegmentedRaftLogWorker.java:execute(644)) - 317162a0-bd3d-40ad-b205-542abbf35090@group-CF0B59C01792-SegmentedRaftLogWorker: created new log segment /home/runner/work/ozone/ozone/hadoop-ozone/integration-test/target/test-dir/MiniOzoneClusterImpl-efc39a28-6472-4ee4-b6fc-2c7f8ca0458d/ozone-meta/datanode-2/ratis/30af3b1a-a629-40eb-b1f1-cf0b59c01792/current/log_inprogress_0
2025-05-08 12:13:58,997 [73de0732-aa09-4d2e-8ccf-f79b8b9cbabe@group-CF0B59C01792-SegmentedRaftLogWorker] INFO  segmented.SegmentedRaftLogWorker (SegmentedRaftLogWorker.java:execute(644)) - 73de0732-aa09-4d2e-8ccf-f79b8b9cbabe@group-CF0B59C01792-SegmentedRaftLogWorker: created new log segment /home/runner/work/ozone/ozone/hadoop-ozone/integration-test/target/test-dir/MiniOzoneClusterImpl-efc39a28-6472-4ee4-b6fc-2c7f8ca0458d/ozone-meta/datanode-1/ratis/30af3b1a-a629-40eb-b1f1-cf0b59c01792/current/log_inprogress_0
2025-05-08 12:13:59,001 [7c8f0716-ab75-44b9-b6ec-eb9ccd1caa65@group-CF0B59C01792-StateMachineUpdater] INFO  server.RaftServer$Division (LeaderStateImpl.java:checkStartIndex(313)) - Leader 7c8f0716-ab75-44b9-b6ec-eb9ccd1caa65@group-CF0B59C01792-LeaderStateImpl is ready since appliedIndex == startIndex == 0
2025-05-08 12:13:59,058 [ReplicationMonitor] INFO  replication.ReplicationManager (ReplicationManager.java:processAll(357)) - Replication Manager is not ready to run until 3000ms after safemode exit
2025-05-08 12:13:59,062 [7c8f0716-ab75-44b9-b6ec-eb9ccd1caa65@group-D66A53B01281-FollowerState] INFO  impl.FollowerState (FollowerState.java:runImpl(161)) - 7c8f0716-ab75-44b9-b6ec-eb9ccd1caa65@group-D66A53B01281-FollowerState: change to CANDIDATE, lastRpcElapsedTime:1093930804ns, electionTimeout:1093ms
2025-05-08 12:13:59,062 [7c8f0716-ab75-44b9-b6ec-eb9ccd1caa65@group-D66A53B01281-FollowerState] INFO  impl.RoleInfo (RoleInfo.java:shutdownFollowerState(121)) - 7c8f0716-ab75-44b9-b6ec-eb9ccd1caa65: shutdown 7c8f0716-ab75-44b9-b6ec-eb9ccd1caa65@group-D66A53B01281-FollowerState
2025-05-08 12:13:59,062 [7c8f0716-ab75-44b9-b6ec-eb9ccd1caa65@group-D66A53B01281-FollowerState] INFO  server.RaftServer$Division (RaftServerImpl.java:setRole(378)) - 7c8f0716-ab75-44b9-b6ec-eb9ccd1caa65@group-D66A53B01281: changes role from  FOLLOWER to CANDIDATE at term 0 for changeToCandidate
2025-05-08 12:13:59,062 [7c8f0716-ab75-44b9-b6ec-eb9ccd1caa65@group-D66A53B01281-FollowerState] INFO  server.RaftServerConfigKeys (ConfUtils.java:logGet(46)) - raft.server.leaderelection.pre-vote = true (default)
2025-05-08 12:13:59,062 [7c8f0716-ab75-44b9-b6ec-eb9ccd1caa65@group-D66A53B01281-FollowerState] INFO  impl.RoleInfo (RoleInfo.java:updateAndGet(148)) - 7c8f0716-ab75-44b9-b6ec-eb9ccd1caa65: start 7c8f0716-ab75-44b9-b6ec-eb9ccd1caa65@group-D66A53B01281-LeaderElection8
2025-05-08 12:13:59,063 [7c8f0716-ab75-44b9-b6ec-eb9ccd1caa65@group-D66A53B01281-LeaderElection8] INFO  impl.LeaderElection (LeaderElection.java:askForVotes(332)) - 7c8f0716-ab75-44b9-b6ec-eb9ccd1caa65@group-D66A53B01281-LeaderElection8 PRE_VOTE round 0: submit vote requests at term 0 for conf: {index: -1, cur=peers:[7c8f0716-ab75-44b9-b6ec-eb9ccd1caa65|127.0.0.1:15031]|listeners:[], old=null}
2025-05-08 12:13:59,063 [7c8f0716-ab75-44b9-b6ec-eb9ccd1caa65@group-D66A53B01281-LeaderElection8] INFO  impl.LeaderElection (LeaderElection.java:askForVotes(334)) - 7c8f0716-ab75-44b9-b6ec-eb9ccd1caa65@group-D66A53B01281-LeaderElection8 PRE_VOTE round 0: result PASSED (term=0)
2025-05-08 12:13:59,064 [7c8f0716-ab75-44b9-b6ec-eb9ccd1caa65@group-D66A53B01281-LeaderElection8] INFO  impl.LeaderElection (LeaderElection.java:askForVotes(332)) - 7c8f0716-ab75-44b9-b6ec-eb9ccd1caa65@group-D66A53B01281-LeaderElection8 ELECTION round 0: submit vote requests at term 1 for conf: {index: -1, cur=peers:[7c8f0716-ab75-44b9-b6ec-eb9ccd1caa65|127.0.0.1:15031]|listeners:[], old=null}
2025-05-08 12:13:59,064 [7c8f0716-ab75-44b9-b6ec-eb9ccd1caa65@group-D66A53B01281-LeaderElection8] INFO  impl.LeaderElection (LeaderElection.java:askForVotes(334)) - 7c8f0716-ab75-44b9-b6ec-eb9ccd1caa65@group-D66A53B01281-LeaderElection8 ELECTION round 0: result PASSED (term=1)
2025-05-08 12:13:59,065 [7c8f0716-ab75-44b9-b6ec-eb9ccd1caa65@group-D66A53B01281-LeaderElection8] INFO  impl.RoleInfo (RoleInfo.java:shutdownLeaderElection(141)) - 7c8f0716-ab75-44b9-b6ec-eb9ccd1caa65: shutdown 7c8f0716-ab75-44b9-b6ec-eb9ccd1caa65@group-D66A53B01281-LeaderElection8
2025-05-08 12:13:59,065 [7c8f0716-ab75-44b9-b6ec-eb9ccd1caa65@group-D66A53B01281-LeaderElection8] INFO  server.RaftServer$Division (RaftServerImpl.java:setRole(378)) - 7c8f0716-ab75-44b9-b6ec-eb9ccd1caa65@group-D66A53B01281: changes role from CANDIDATE to LEADER at term 1 for changeToLeader
2025-05-08 12:13:59,065 [7c8f0716-ab75-44b9-b6ec-eb9ccd1caa65@group-D66A53B01281-LeaderElection8] INFO  server.RaftServerConfigKeys (ConfUtils.java:logGet(46)) - raft.server.staging.catchup.gap = 1000 (default)
2025-05-08 12:13:59,065 [7c8f0716-ab75-44b9-b6ec-eb9ccd1caa65@group-D66A53B01281-LeaderElection8] INFO  server.RaftServerConfigKeys (ConfUtils.java:logGet(46)) - raft.server.write.element-limit = 1024 (custom)
2025-05-08 12:13:59,065 [7c8f0716-ab75-44b9-b6ec-eb9ccd1caa65@group-D66A53B01281-LeaderElection8] INFO  server.RaftServerConfigKeys (ConfUtils.java:logGet(46)) - raft.server.write.byte-limit = 1024 M (=1073741824) (custom)
2025-05-08 12:13:59,066 [7c8f0716-ab75-44b9-b6ec-eb9ccd1caa65@group-D66A53B01281-LeaderElection8] INFO  server.RaftServerConfigKeys (ConfUtils.java:logGet(46)) - raft.server.watch.timeout = 30s (custom)
2025-05-08 12:13:59,066 [7c8f0716-ab75-44b9-b6ec-eb9ccd1caa65@group-D66A53B01281-LeaderElection8] INFO  server.RaftServerConfigKeys (ConfUtils.java:logGet(46)) - raft.server.watch.timeout.denomination = 1s (default)
2025-05-08 12:13:59,066 [7c8f0716-ab75-44b9-b6ec-eb9ccd1caa65@group-D66A53B01281-LeaderElection8] INFO  server.RaftServerConfigKeys (ConfUtils.java:logGet(46)) - raft.server.watch.element-limit = 65536 (default)
2025-05-08 12:13:59,066 [7c8f0716-ab75-44b9-b6ec-eb9ccd1caa65@group-D66A53B01281-LeaderElection8] INFO  server.RaftServerConfigKeys (ConfUtils.java:logGet(46)) - raft.server.read.leader.lease.enabled = false (default)
2025-05-08 12:13:59,067 [7c8f0716-ab75-44b9-b6ec-eb9ccd1caa65@group-D66A53B01281-LeaderElection8] INFO  server.RaftServerConfigKeys (ConfUtils.java:logGet(46)) - raft.server.read.leader.lease.timeout.ratio = 0.9 (default)
2025-05-08 12:13:59,067 [7c8f0716-ab75-44b9-b6ec-eb9ccd1caa65@group-D66A53B01281-LeaderElection8] INFO  server.RaftServerConfigKeys (ConfUtils.java:logGet(46)) - raft.server.rpc.timeout.min = 5s (custom)
2025-05-08 12:13:59,067 [7c8f0716-ab75-44b9-b6ec-eb9ccd1caa65@group-D66A53B01281-LeaderElection8] INFO  server.RaftServerConfigKeys (ConfUtils.java:logGet(46)) - raft.server.log.log-metadata.enabled = true (default)
2025-05-08 12:13:59,067 [7c8f0716-ab75-44b9-b6ec-eb9ccd1caa65@group-D66A53B01281-LeaderElection8] INFO  server.RaftServerConfigKeys (ConfUtils.java:logGet(46)) - raft.server.write.element-limit = 1024 (custom)
2025-05-08 12:13:59,067 [7c8f0716-ab75-44b9-b6ec-eb9ccd1caa65@group-D66A53B01281-LeaderElection8] INFO  server.RaftServerConfigKeys (ConfUtils.java:logGet(46)) - raft.server.write.follower.gap.ratio.max = -1.0 (default)
2025-05-08 12:13:59,067 [7c8f0716-ab75-44b9-b6ec-eb9ccd1caa65@group-D66A53B01281-LeaderElection8] INFO  impl.RoleInfo (RoleInfo.java:updateAndGet(148)) - 7c8f0716-ab75-44b9-b6ec-eb9ccd1caa65: start 7c8f0716-ab75-44b9-b6ec-eb9ccd1caa65@group-D66A53B01281-LeaderStateImpl
2025-05-08 12:13:59,067 [7c8f0716-ab75-44b9-b6ec-eb9ccd1caa65@group-D66A53B01281-LeaderElection8] INFO  server.RaftServer$Division (RaftServerImpl.java:setFirstElection(562)) - 7c8f0716-ab75-44b9-b6ec-eb9ccd1caa65@group-D66A53B01281: set firstElectionSinceStartup to false for becomeLeader
2025-05-08 12:13:59,067 [7c8f0716-ab75-44b9-b6ec-eb9ccd1caa65@group-D66A53B01281-LeaderElection8] INFO  ratis.XceiverServerRatis (XceiverServerRatis.java:handleLeaderChangedNotification(944)) - Leader change notification received for group: group-D66A53B01281 with new leaderId: 7c8f0716-ab75-44b9-b6ec-eb9ccd1caa65
2025-05-08 12:13:59,068 [7c8f0716-ab75-44b9-b6ec-eb9ccd1caa65@group-D66A53B01281-LeaderElection8] INFO  server.RaftServer$Division (ServerState.java:setLeader(272)) - 7c8f0716-ab75-44b9-b6ec-eb9ccd1caa65@group-D66A53B01281: change Leader from null to 7c8f0716-ab75-44b9-b6ec-eb9ccd1caa65 at term 1 for becomeLeader, leader elected after 1121ms
2025-05-08 12:13:59,068 [7c8f0716-ab75-44b9-b6ec-eb9ccd1caa65@group-D66A53B01281-LeaderElection8] INFO  segmented.SegmentedRaftLogWorker (SegmentedRaftLogWorker.java:startLogSegment(438)) - 7c8f0716-ab75-44b9-b6ec-eb9ccd1caa65@group-D66A53B01281-SegmentedRaftLogWorker: Starting segment from index:0
2025-05-08 12:13:59,068 [7c8f0716-ab75-44b9-b6ec-eb9ccd1caa65@group-D66A53B01281-LeaderElection8] INFO  server.RaftServer$Division (ServerState.java:setRaftConf(386)) - 7c8f0716-ab75-44b9-b6ec-eb9ccd1caa65@group-D66A53B01281: set configuration conf: {index: 0, cur=peers:[7c8f0716-ab75-44b9-b6ec-eb9ccd1caa65|127.0.0.1:15031]|listeners:[], old=null}
2025-05-08 12:13:59,068 [7c8f0716-ab75-44b9-b6ec-eb9ccd1caa65@group-D66A53B01281-SegmentedRaftLogWorker] INFO  segmented.BufferedWriteChannel (BufferedWriteChannel.java:open(61)) - open log_inprogress_0 at position 0
2025-05-08 12:13:59,078 [7c8f0716-ab75-44b9-b6ec-eb9ccd1caa65@group-D66A53B01281-SegmentedRaftLogWorker] INFO  segmented.SegmentedRaftLogWorker (SegmentedRaftLogWorker.java:execute(644)) - 7c8f0716-ab75-44b9-b6ec-eb9ccd1caa65@group-D66A53B01281-SegmentedRaftLogWorker: created new log segment /home/runner/work/ozone/ozone/hadoop-ozone/integration-test/target/test-dir/MiniOzoneClusterImpl-efc39a28-6472-4ee4-b6fc-2c7f8ca0458d/ozone-meta/datanode-3/ratis/01286881-081e-4ccb-bb09-d66a53b01281/current/log_inprogress_0
2025-05-08 12:13:59,080 [7c8f0716-ab75-44b9-b6ec-eb9ccd1caa65@group-D66A53B01281-StateMachineUpdater] INFO  server.RaftServer$Division (LeaderStateImpl.java:checkStartIndex(313)) - Leader 7c8f0716-ab75-44b9-b6ec-eb9ccd1caa65@group-D66A53B01281-LeaderStateImpl is ready since appliedIndex == startIndex == 0
2025-05-08 12:13:59,274 [2ac133fa-68ef-4921-8bb4-d040b7072d41@group-1E43DCAD66C2-FollowerState] INFO  impl.FollowerState (FollowerState.java:runImpl(161)) - 2ac133fa-68ef-4921-8bb4-d040b7072d41@group-1E43DCAD66C2-FollowerState: change to CANDIDATE, lastRpcElapsedTime:1060952343ns, electionTimeout:1059ms
2025-05-08 12:13:59,274 [2ac133fa-68ef-4921-8bb4-d040b7072d41@group-1E43DCAD66C2-FollowerState] INFO  impl.RoleInfo (RoleInfo.java:shutdownFollowerState(121)) - 2ac133fa-68ef-4921-8bb4-d040b7072d41: shutdown 2ac133fa-68ef-4921-8bb4-d040b7072d41@group-1E43DCAD66C2-FollowerState
2025-05-08 12:13:59,274 [2ac133fa-68ef-4921-8bb4-d040b7072d41@group-1E43DCAD66C2-FollowerState] INFO  server.RaftServer$Division (RaftServerImpl.java:setRole(378)) - 2ac133fa-68ef-4921-8bb4-d040b7072d41@group-1E43DCAD66C2: changes role from  FOLLOWER to CANDIDATE at term 0 for changeToCandidate
2025-05-08 12:13:59,274 [2ac133fa-68ef-4921-8bb4-d040b7072d41@group-1E43DCAD66C2-FollowerState] INFO  server.RaftServerConfigKeys (ConfUtils.java:logGet(46)) - raft.server.leaderelection.pre-vote = true (default)
2025-05-08 12:13:59,274 [2ac133fa-68ef-4921-8bb4-d040b7072d41@group-1E43DCAD66C2-FollowerState] INFO  impl.RoleInfo (RoleInfo.java:updateAndGet(148)) - 2ac133fa-68ef-4921-8bb4-d040b7072d41: start 2ac133fa-68ef-4921-8bb4-d040b7072d41@group-1E43DCAD66C2-LeaderElection9
2025-05-08 12:13:59,275 [2ac133fa-68ef-4921-8bb4-d040b7072d41@group-1E43DCAD66C2-LeaderElection9] INFO  impl.LeaderElection (LeaderElection.java:askForVotes(332)) - 2ac133fa-68ef-4921-8bb4-d040b7072d41@group-1E43DCAD66C2-LeaderElection9 PRE_VOTE round 0: submit vote requests at term 0 for conf: {index: -1, cur=peers:[2ac133fa-68ef-4921-8bb4-d040b7072d41|127.0.0.1:15039]|listeners:[], old=null}
2025-05-08 12:13:59,275 [2ac133fa-68ef-4921-8bb4-d040b7072d41@group-1E43DCAD66C2-LeaderElection9] INFO  impl.LeaderElection (LeaderElection.java:askForVotes(334)) - 2ac133fa-68ef-4921-8bb4-d040b7072d41@group-1E43DCAD66C2-LeaderElection9 PRE_VOTE round 0: result PASSED (term=0)
2025-05-08 12:13:59,277 [2ac133fa-68ef-4921-8bb4-d040b7072d41@group-1E43DCAD66C2-LeaderElection9] INFO  impl.LeaderElection (LeaderElection.java:askForVotes(332)) - 2ac133fa-68ef-4921-8bb4-d040b7072d41@group-1E43DCAD66C2-LeaderElection9 ELECTION round 0: submit vote requests at term 1 for conf: {index: -1, cur=peers:[2ac133fa-68ef-4921-8bb4-d040b7072d41|127.0.0.1:15039]|listeners:[], old=null}
2025-05-08 12:13:59,277 [2ac133fa-68ef-4921-8bb4-d040b7072d41@group-1E43DCAD66C2-LeaderElection9] INFO  impl.LeaderElection (LeaderElection.java:askForVotes(334)) - 2ac133fa-68ef-4921-8bb4-d040b7072d41@group-1E43DCAD66C2-LeaderElection9 ELECTION round 0: result PASSED (term=1)
2025-05-08 12:13:59,277 [2ac133fa-68ef-4921-8bb4-d040b7072d41@group-1E43DCAD66C2-LeaderElection9] INFO  impl.RoleInfo (RoleInfo.java:shutdownLeaderElection(141)) - 2ac133fa-68ef-4921-8bb4-d040b7072d41: shutdown 2ac133fa-68ef-4921-8bb4-d040b7072d41@group-1E43DCAD66C2-LeaderElection9
2025-05-08 12:13:59,277 [2ac133fa-68ef-4921-8bb4-d040b7072d41@group-1E43DCAD66C2-LeaderElection9] INFO  server.RaftServer$Division (RaftServerImpl.java:setRole(378)) - 2ac133fa-68ef-4921-8bb4-d040b7072d41@group-1E43DCAD66C2: changes role from CANDIDATE to LEADER at term 1 for changeToLeader
2025-05-08 12:13:59,277 [2ac133fa-68ef-4921-8bb4-d040b7072d41@group-1E43DCAD66C2-LeaderElection9] INFO  server.RaftServerConfigKeys (ConfUtils.java:logGet(46)) - raft.server.staging.catchup.gap = 1000 (default)
2025-05-08 12:13:59,277 [2ac133fa-68ef-4921-8bb4-d040b7072d41@group-1E43DCAD66C2-LeaderElection9] INFO  server.RaftServerConfigKeys (ConfUtils.java:logGet(46)) - raft.server.write.element-limit = 1024 (custom)
2025-05-08 12:13:59,277 [2ac133fa-68ef-4921-8bb4-d040b7072d41@group-1E43DCAD66C2-LeaderElection9] INFO  server.RaftServerConfigKeys (ConfUtils.java:logGet(46)) - raft.server.write.byte-limit = 1024 M (=1073741824) (custom)
2025-05-08 12:13:59,278 [2ac133fa-68ef-4921-8bb4-d040b7072d41@group-1E43DCAD66C2-LeaderElection9] INFO  server.RaftServerConfigKeys (ConfUtils.java:logGet(46)) - raft.server.watch.timeout = 30s (custom)
2025-05-08 12:13:59,278 [2ac133fa-68ef-4921-8bb4-d040b7072d41@group-1E43DCAD66C2-LeaderElection9] INFO  server.RaftServerConfigKeys (ConfUtils.java:logGet(46)) - raft.server.watch.timeout.denomination = 1s (default)
2025-05-08 12:13:59,278 [2ac133fa-68ef-4921-8bb4-d040b7072d41@group-1E43DCAD66C2-LeaderElection9] INFO  server.RaftServerConfigKeys (ConfUtils.java:logGet(46)) - raft.server.watch.element-limit = 65536 (default)
2025-05-08 12:13:59,278 [2ac133fa-68ef-4921-8bb4-d040b7072d41@group-1E43DCAD66C2-LeaderElection9] INFO  server.RaftServerConfigKeys (ConfUtils.java:logGet(46)) - raft.server.read.leader.lease.enabled = false (default)
2025-05-08 12:13:59,279 [2ac133fa-68ef-4921-8bb4-d040b7072d41@group-1E43DCAD66C2-LeaderElection9] INFO  server.RaftServerConfigKeys (ConfUtils.java:logGet(46)) - raft.server.read.leader.lease.timeout.ratio = 0.9 (default)
2025-05-08 12:13:59,279 [2ac133fa-68ef-4921-8bb4-d040b7072d41@group-1E43DCAD66C2-LeaderElection9] INFO  server.RaftServerConfigKeys (ConfUtils.java:logGet(46)) - raft.server.rpc.timeout.min = 5s (custom)
2025-05-08 12:13:59,279 [2ac133fa-68ef-4921-8bb4-d040b7072d41@group-1E43DCAD66C2-LeaderElection9] INFO  server.RaftServerConfigKeys (ConfUtils.java:logGet(46)) - raft.server.log.log-metadata.enabled = true (default)
2025-05-08 12:13:59,279 [2ac133fa-68ef-4921-8bb4-d040b7072d41@group-1E43DCAD66C2-LeaderElection9] INFO  server.RaftServerConfigKeys (ConfUtils.java:logGet(46)) - raft.server.write.element-limit = 1024 (custom)
2025-05-08 12:13:59,279 [2ac133fa-68ef-4921-8bb4-d040b7072d41@group-1E43DCAD66C2-LeaderElection9] INFO  server.RaftServerConfigKeys (ConfUtils.java:logGet(46)) - raft.server.write.follower.gap.ratio.max = -1.0 (default)
2025-05-08 12:13:59,279 [2ac133fa-68ef-4921-8bb4-d040b7072d41@group-1E43DCAD66C2-LeaderElection9] INFO  impl.RoleInfo (RoleInfo.java:updateAndGet(148)) - 2ac133fa-68ef-4921-8bb4-d040b7072d41: start 2ac133fa-68ef-4921-8bb4-d040b7072d41@group-1E43DCAD66C2-LeaderStateImpl
2025-05-08 12:13:59,279 [2ac133fa-68ef-4921-8bb4-d040b7072d41@group-1E43DCAD66C2-LeaderElection9] INFO  server.RaftServer$Division (RaftServerImpl.java:setFirstElection(562)) - 2ac133fa-68ef-4921-8bb4-d040b7072d41@group-1E43DCAD66C2: set firstElectionSinceStartup to false for becomeLeader
2025-05-08 12:13:59,279 [2ac133fa-68ef-4921-8bb4-d040b7072d41@group-1E43DCAD66C2-LeaderElection9] INFO  ratis.XceiverServerRatis (XceiverServerRatis.java:handleLeaderChangedNotification(944)) - Leader change notification received for group: group-1E43DCAD66C2 with new leaderId: 2ac133fa-68ef-4921-8bb4-d040b7072d41
2025-05-08 12:13:59,279 [2ac133fa-68ef-4921-8bb4-d040b7072d41@group-1E43DCAD66C2-LeaderElection9] INFO  server.RaftServer$Division (ServerState.java:setLeader(272)) - 2ac133fa-68ef-4921-8bb4-d040b7072d41@group-1E43DCAD66C2: change Leader from null to 2ac133fa-68ef-4921-8bb4-d040b7072d41 at term 1 for becomeLeader, leader elected after 1087ms
2025-05-08 12:13:59,280 [2ac133fa-68ef-4921-8bb4-d040b7072d41@group-1E43DCAD66C2-LeaderElection9] INFO  segmented.SegmentedRaftLogWorker (SegmentedRaftLogWorker.java:startLogSegment(438)) - 2ac133fa-68ef-4921-8bb4-d040b7072d41@group-1E43DCAD66C2-SegmentedRaftLogWorker: Starting segment from index:0
2025-05-08 12:13:59,280 [2ac133fa-68ef-4921-8bb4-d040b7072d41@group-1E43DCAD66C2-LeaderElection9] INFO  server.RaftServer$Division (ServerState.java:setRaftConf(386)) - 2ac133fa-68ef-4921-8bb4-d040b7072d41@group-1E43DCAD66C2: set configuration conf: {index: 0, cur=peers:[2ac133fa-68ef-4921-8bb4-d040b7072d41|127.0.0.1:15039]|listeners:[], old=null}
2025-05-08 12:13:59,281 [2ac133fa-68ef-4921-8bb4-d040b7072d41@group-1E43DCAD66C2-SegmentedRaftLogWorker] INFO  segmented.BufferedWriteChannel (BufferedWriteChannel.java:open(61)) - open log_inprogress_0 at position 0
2025-05-08 12:13:59,288 [2ac133fa-68ef-4921-8bb4-d040b7072d41@group-1E43DCAD66C2-SegmentedRaftLogWorker] INFO  segmented.SegmentedRaftLogWorker (SegmentedRaftLogWorker.java:execute(644)) - 2ac133fa-68ef-4921-8bb4-d040b7072d41@group-1E43DCAD66C2-SegmentedRaftLogWorker: created new log segment /home/runner/work/ozone/ozone/hadoop-ozone/integration-test/target/test-dir/MiniOzoneClusterImpl-efc39a28-6472-4ee4-b6fc-2c7f8ca0458d/ozone-meta/datanode-4/ratis/da6c9983-8d9a-4b94-8d72-1e43dcad66c2/current/log_inprogress_0
2025-05-08 12:13:59,290 [2ac133fa-68ef-4921-8bb4-d040b7072d41@group-1E43DCAD66C2-StateMachineUpdater] INFO  server.RaftServer$Division (LeaderStateImpl.java:checkStartIndex(313)) - Leader 2ac133fa-68ef-4921-8bb4-d040b7072d41@group-1E43DCAD66C2-LeaderStateImpl is ready since appliedIndex == startIndex == 0
2025-05-08 12:13:59,659 [39727330-a832-4a1a-a148-c345636681a8@group-70EA8A22823C-FollowerState] INFO  impl.FollowerState (FollowerState.java:runImpl(161)) - 39727330-a832-4a1a-a148-c345636681a8@group-70EA8A22823C-FollowerState: change to CANDIDATE, lastRpcElapsedTime:1184262449ns, electionTimeout:1183ms
2025-05-08 12:13:59,659 [39727330-a832-4a1a-a148-c345636681a8@group-70EA8A22823C-FollowerState] INFO  impl.RoleInfo (RoleInfo.java:shutdownFollowerState(121)) - 39727330-a832-4a1a-a148-c345636681a8: shutdown 39727330-a832-4a1a-a148-c345636681a8@group-70EA8A22823C-FollowerState
2025-05-08 12:13:59,659 [39727330-a832-4a1a-a148-c345636681a8@group-70EA8A22823C-FollowerState] INFO  server.RaftServer$Division (RaftServerImpl.java:setRole(378)) - 39727330-a832-4a1a-a148-c345636681a8@group-70EA8A22823C: changes role from  FOLLOWER to CANDIDATE at term 0 for changeToCandidate
2025-05-08 12:13:59,660 [39727330-a832-4a1a-a148-c345636681a8@group-70EA8A22823C-FollowerState] INFO  server.RaftServerConfigKeys (ConfUtils.java:logGet(46)) - raft.server.leaderelection.pre-vote = true (default)
2025-05-08 12:13:59,660 [39727330-a832-4a1a-a148-c345636681a8@group-70EA8A22823C-FollowerState] INFO  impl.RoleInfo (RoleInfo.java:updateAndGet(148)) - 39727330-a832-4a1a-a148-c345636681a8: start 39727330-a832-4a1a-a148-c345636681a8@group-70EA8A22823C-LeaderElection10
2025-05-08 12:13:59,660 [39727330-a832-4a1a-a148-c345636681a8@group-70EA8A22823C-LeaderElection10] INFO  impl.LeaderElection (LeaderElection.java:askForVotes(332)) - 39727330-a832-4a1a-a148-c345636681a8@group-70EA8A22823C-LeaderElection10 PRE_VOTE round 0: submit vote requests at term 0 for conf: {index: -1, cur=peers:[39727330-a832-4a1a-a148-c345636681a8|127.0.0.1:15047]|listeners:[], old=null}
2025-05-08 12:13:59,660 [39727330-a832-4a1a-a148-c345636681a8@group-70EA8A22823C-LeaderElection10] INFO  impl.LeaderElection (LeaderElection.java:askForVotes(334)) - 39727330-a832-4a1a-a148-c345636681a8@group-70EA8A22823C-LeaderElection10 PRE_VOTE round 0: result PASSED (term=0)
2025-05-08 12:13:59,662 [39727330-a832-4a1a-a148-c345636681a8@group-70EA8A22823C-LeaderElection10] INFO  impl.LeaderElection (LeaderElection.java:askForVotes(332)) - 39727330-a832-4a1a-a148-c345636681a8@group-70EA8A22823C-LeaderElection10 ELECTION round 0: submit vote requests at term 1 for conf: {index: -1, cur=peers:[39727330-a832-4a1a-a148-c345636681a8|127.0.0.1:15047]|listeners:[], old=null}
2025-05-08 12:13:59,662 [39727330-a832-4a1a-a148-c345636681a8@group-70EA8A22823C-LeaderElection10] INFO  impl.LeaderElection (LeaderElection.java:askForVotes(334)) - 39727330-a832-4a1a-a148-c345636681a8@group-70EA8A22823C-LeaderElection10 ELECTION round 0: result PASSED (term=1)
2025-05-08 12:13:59,662 [39727330-a832-4a1a-a148-c345636681a8@group-70EA8A22823C-LeaderElection10] INFO  impl.RoleInfo (RoleInfo.java:shutdownLeaderElection(141)) - 39727330-a832-4a1a-a148-c345636681a8: shutdown 39727330-a832-4a1a-a148-c345636681a8@group-70EA8A22823C-LeaderElection10
2025-05-08 12:13:59,662 [39727330-a832-4a1a-a148-c345636681a8@group-70EA8A22823C-LeaderElection10] INFO  server.RaftServer$Division (RaftServerImpl.java:setRole(378)) - 39727330-a832-4a1a-a148-c345636681a8@group-70EA8A22823C: changes role from CANDIDATE to LEADER at term 1 for changeToLeader
2025-05-08 12:13:59,662 [39727330-a832-4a1a-a148-c345636681a8@group-70EA8A22823C-LeaderElection10] INFO  server.RaftServerConfigKeys (ConfUtils.java:logGet(46)) - raft.server.staging.catchup.gap = 1000 (default)
2025-05-08 12:13:59,662 [39727330-a832-4a1a-a148-c345636681a8@group-70EA8A22823C-LeaderElection10] INFO  server.RaftServerConfigKeys (ConfUtils.java:logGet(46)) - raft.server.write.element-limit = 1024 (custom)
2025-05-08 12:13:59,662 [39727330-a832-4a1a-a148-c345636681a8@group-70EA8A22823C-LeaderElection10] INFO  server.RaftServerConfigKeys (ConfUtils.java:logGet(46)) - raft.server.write.byte-limit = 1024 M (=1073741824) (custom)
2025-05-08 12:13:59,663 [39727330-a832-4a1a-a148-c345636681a8@group-70EA8A22823C-LeaderElection10] INFO  server.RaftServerConfigKeys (ConfUtils.java:logGet(46)) - raft.server.watch.timeout = 30s (custom)
2025-05-08 12:13:59,663 [39727330-a832-4a1a-a148-c345636681a8@group-70EA8A22823C-LeaderElection10] INFO  server.RaftServerConfigKeys (ConfUtils.java:logGet(46)) - raft.server.watch.timeout.denomination = 1s (default)
2025-05-08 12:13:59,663 [39727330-a832-4a1a-a148-c345636681a8@group-70EA8A22823C-LeaderElection10] INFO  server.RaftServerConfigKeys (ConfUtils.java:logGet(46)) - raft.server.watch.element-limit = 65536 (default)
2025-05-08 12:13:59,663 [39727330-a832-4a1a-a148-c345636681a8@group-70EA8A22823C-LeaderElection10] INFO  server.RaftServerConfigKeys (ConfUtils.java:logGet(46)) - raft.server.read.leader.lease.enabled = false (default)
2025-05-08 12:13:59,663 [39727330-a832-4a1a-a148-c345636681a8@group-70EA8A22823C-LeaderElection10] INFO  server.RaftServerConfigKeys (ConfUtils.java:logGet(46)) - raft.server.read.leader.lease.timeout.ratio = 0.9 (default)
2025-05-08 12:13:59,663 [39727330-a832-4a1a-a148-c345636681a8@group-70EA8A22823C-LeaderElection10] INFO  server.RaftServerConfigKeys (ConfUtils.java:logGet(46)) - raft.server.rpc.timeout.min = 5s (custom)
2025-05-08 12:13:59,663 [39727330-a832-4a1a-a148-c345636681a8@group-70EA8A22823C-LeaderElection10] INFO  server.RaftServerConfigKeys (ConfUtils.java:logGet(46)) - raft.server.log.log-metadata.enabled = true (default)
2025-05-08 12:13:59,663 [39727330-a832-4a1a-a148-c345636681a8@group-70EA8A22823C-LeaderElection10] INFO  server.RaftServerConfigKeys (ConfUtils.java:logGet(46)) - raft.server.write.element-limit = 1024 (custom)
2025-05-08 12:13:59,663 [39727330-a832-4a1a-a148-c345636681a8@group-70EA8A22823C-LeaderElection10] INFO  server.RaftServerConfigKeys (ConfUtils.java:logGet(46)) - raft.server.write.follower.gap.ratio.max = -1.0 (default)
2025-05-08 12:13:59,664 [39727330-a832-4a1a-a148-c345636681a8@group-70EA8A22823C-LeaderElection10] INFO  impl.RoleInfo (RoleInfo.java:updateAndGet(148)) - 39727330-a832-4a1a-a148-c345636681a8: start 39727330-a832-4a1a-a148-c345636681a8@group-70EA8A22823C-LeaderStateImpl
2025-05-08 12:13:59,664 [39727330-a832-4a1a-a148-c345636681a8@group-70EA8A22823C-LeaderElection10] INFO  server.RaftServer$Division (RaftServerImpl.java:setFirstElection(562)) - 39727330-a832-4a1a-a148-c345636681a8@group-70EA8A22823C: set firstElectionSinceStartup to false for becomeLeader
2025-05-08 12:13:59,664 [39727330-a832-4a1a-a148-c345636681a8@group-70EA8A22823C-LeaderElection10] INFO  ratis.XceiverServerRatis (XceiverServerRatis.java:handleLeaderChangedNotification(944)) - Leader change notification received for group: group-70EA8A22823C with new leaderId: 39727330-a832-4a1a-a148-c345636681a8
2025-05-08 12:13:59,664 [39727330-a832-4a1a-a148-c345636681a8@group-70EA8A22823C-LeaderElection10] INFO  server.RaftServer$Division (ServerState.java:setLeader(272)) - 39727330-a832-4a1a-a148-c345636681a8@group-70EA8A22823C: change Leader from null to 39727330-a832-4a1a-a148-c345636681a8 at term 1 for becomeLeader, leader elected after 1207ms
2025-05-08 12:13:59,664 [39727330-a832-4a1a-a148-c345636681a8@group-70EA8A22823C-LeaderElection10] INFO  segmented.SegmentedRaftLogWorker (SegmentedRaftLogWorker.java:startLogSegment(438)) - 39727330-a832-4a1a-a148-c345636681a8@group-70EA8A22823C-SegmentedRaftLogWorker: Starting segment from index:0
2025-05-08 12:13:59,664 [39727330-a832-4a1a-a148-c345636681a8@group-70EA8A22823C-LeaderElection10] INFO  server.RaftServer$Division (ServerState.java:setRaftConf(386)) - 39727330-a832-4a1a-a148-c345636681a8@group-70EA8A22823C: set configuration conf: {index: 0, cur=peers:[39727330-a832-4a1a-a148-c345636681a8|127.0.0.1:15047]|listeners:[], old=null}
2025-05-08 12:13:59,665 [39727330-a832-4a1a-a148-c345636681a8@group-70EA8A22823C-SegmentedRaftLogWorker] INFO  segmented.BufferedWriteChannel (BufferedWriteChannel.java:open(61)) - open log_inprogress_0 at position 0
2025-05-08 12:13:59,673 [39727330-a832-4a1a-a148-c345636681a8@group-70EA8A22823C-SegmentedRaftLogWorker] INFO  segmented.SegmentedRaftLogWorker (SegmentedRaftLogWorker.java:execute(644)) - 39727330-a832-4a1a-a148-c345636681a8@group-70EA8A22823C-SegmentedRaftLogWorker: created new log segment /home/runner/work/ozone/ozone/hadoop-ozone/integration-test/target/test-dir/MiniOzoneClusterImpl-efc39a28-6472-4ee4-b6fc-2c7f8ca0458d/ozone-meta/datanode-5/ratis/8e926d94-b426-4528-ae2e-70ea8a22823c/current/log_inprogress_0
2025-05-08 12:13:59,675 [39727330-a832-4a1a-a148-c345636681a8@group-70EA8A22823C-StateMachineUpdater] INFO  server.RaftServer$Division (LeaderStateImpl.java:checkStartIndex(313)) - Leader 39727330-a832-4a1a-a148-c345636681a8@group-70EA8A22823C-LeaderStateImpl is ready since appliedIndex == startIndex == 0
2025-05-08 12:13:59,960 [main] INFO  ozone.MiniOzoneClusterImpl (MiniOzoneClusterImpl.java:lambda$waitForClusterToBeReady$0(190)) - Nodes are ready. Got 5 of 5 DN Heartbeats.
2025-05-08 12:13:59,960 [main] INFO  ozone.MiniOzoneClusterImpl (MiniOzoneClusterImpl.java:lambda$waitForClusterToBeReady$0(193)) - Cluster exits safe mode
2025-05-08 12:13:59,961 [main] INFO  ozone.MiniOzoneClusterImpl (MiniOzoneClusterImpl.java:lambda$waitForClusterToBeReady$0(195)) - SCM became leader
2025-05-08 12:14:00,058 [ReplicationMonitor] INFO  replication.ReplicationManager (ReplicationManager.java:processAll(357)) - Replication Manager is not ready to run until 3000ms after safemode exit
2025-05-08 12:14:00,354 [main] INFO  rpc.RpcClient (RpcClient.java:createVolume(463)) - Creating Volume: vol1214738824, with runner as owner and space quota set to -1 bytes, counts quota set to -1
2025-05-08 12:14:00,372 [om1-OMStateMachineApplyTransactionThread - 0] INFO  volume.OMVolumeCreateRequest (OMVolumeCreateRequest.java:validateAndUpdateCache(203)) - created volume:vol1214738824 for user:runner
2025-05-08 12:14:00,385 [main] INFO  rpc.RpcClient (RpcClient.java:createBucket(688)) - Creating Bucket: vol1214738824/bucket8728488557, with server-side default bucket layout, runner as owner, Versioning false, Storage Type set to DISK and Encryption set to false, Replication Type set to server-side default replication type, Namespace Quota set to -1, Space Quota set to -1 
2025-05-08 12:14:00,395 [om1-OMStateMachineApplyTransactionThread - 0] INFO  bucket.OMBucketCreateRequest (OMBucketCreateRequest.java:validateAndUpdateCache(292)) - created bucket: bucket8728488557 of layout FILE_SYSTEM_OPTIMIZED in volume: vol1214738824
2025-05-08 12:14:00,500 [IPC Server handler 2 on default port 15001] INFO  ha.SequenceIdGenerator (SequenceIdGenerator.java:getNextId(136)) - Allocate a batch for containerId, change lastId from 0 to 1000.
2025-05-08 12:14:00,509 [aa40a6e8-77ba-434d-b9e7-e4aad8dcbfb7@group-2C7F8CA0458D-StateMachineUpdater] WARN  ha.SequenceIdGenerator (SequenceIdGenerator.java:allocateBatch(249)) - Failed to allocate a batch for localId, expected lastId is 0, actual lastId is 115816896921600000.
2025-05-08 12:14:00,511 [IPC Server handler 2 on default port 15001] INFO  ha.SequenceIdGenerator (SequenceIdGenerator.java:getNextId(136)) - Allocate a batch for localId, change lastId from 115816896921600000 to 115816896921601000.
2025-05-08 12:14:00,570 [main] INFO  impl.MetricsSystemImpl (MetricsSystemImpl.java:init(158)) - XceiverClientMetrics metrics system started (again)
2025-05-08 12:14:01,059 [ReplicationMonitor] INFO  replication.ReplicationManager (ReplicationManager.java:processAll(357)) - Replication Manager is not ready to run until 3000ms after safemode exit
2025-05-08 12:14:02,063 [ReplicationMonitor] INFO  replication.ReplicationManager (ReplicationManager.java:processAll(382)) - Replication Monitor Thread took 3 milliseconds for processing 3 containers.
2025-05-08 12:14:03,064 [ReplicationMonitor] INFO  replication.ReplicationManager (ReplicationManager.java:processAll(382)) - Replication Monitor Thread took 1 milliseconds for processing 3 containers.
2025-05-08 12:14:04,066 [ReplicationMonitor] INFO  replication.ReplicationManager (ReplicationManager.java:processAll(382)) - Replication Monitor Thread took 0 milliseconds for processing 3 containers.
2025-05-08 12:14:05,067 [ReplicationMonitor] INFO  replication.ReplicationManager (ReplicationManager.java:processAll(382)) - Replication Monitor Thread took 0 milliseconds for processing 3 containers.
2025-05-08 12:14:06,068 [ReplicationMonitor] INFO  replication.ReplicationManager (ReplicationManager.java:processAll(382)) - Replication Monitor Thread took 0 milliseconds for processing 3 containers.
2025-05-08 12:14:07,069 [ReplicationMonitor] INFO  replication.ReplicationManager (ReplicationManager.java:processAll(382)) - Replication Monitor Thread took 1 milliseconds for processing 3 containers.
2025-05-08 12:14:08,070 [ReplicationMonitor] INFO  replication.ReplicationManager (ReplicationManager.java:processAll(382)) - Replication Monitor Thread took 1 milliseconds for processing 3 containers.
2025-05-08 12:14:09,073 [ReplicationMonitor] INFO  replication.ReplicationManager (ReplicationManager.java:processAll(382)) - Replication Monitor Thread took 0 milliseconds for processing 3 containers.
2025-05-08 12:14:10,077 [ReplicationMonitor] INFO  replication.ReplicationManager (ReplicationManager.java:processAll(382)) - Replication Monitor Thread took 1 milliseconds for processing 3 containers.
2025-05-08 12:14:11,049 [IPC Server handler 1 on default port 15001] INFO  algorithms.SCMContainerPlacementRackScatter (SCMContainerPlacementRackScatter.java:chooseDatanodesInternal(369)) - Chosen nodes: [39727330-a832-4a1a-a148-c345636681a8(localhost/127.0.0.1), 73de0732-aa09-4d2e-8ccf-f79b8b9cbabe(localhost/127.0.0.1), 7c8f0716-ab75-44b9-b6ec-eb9ccd1caa65(localhost/127.0.0.1), 2ac133fa-68ef-4921-8bb4-d040b7072d41(localhost/127.0.0.1), 317162a0-bd3d-40ad-b205-542abbf35090(localhost/127.0.0.1)]. isPolicySatisfied: true.
2025-05-08 12:14:11,055 [IPC Server handler 1 on default port 15001] INFO  pipeline.WritableECContainerProvider (WritableECContainerProvider.java:allocateContainer(209)) - Created and opened new pipeline Pipeline{ Id: 83b1f760-1813-4576-8df3-bb8a3a6e464c, Nodes: [ {39727330-a832-4a1a-a148-c345636681a8(localhost/127.0.0.1), ReplicaIndex: 1}, {73de0732-aa09-4d2e-8ccf-f79b8b9cbabe(localhost/127.0.0.1), ReplicaIndex: 2}, {7c8f0716-ab75-44b9-b6ec-eb9ccd1caa65(localhost/127.0.0.1), ReplicaIndex: 3}, {2ac133fa-68ef-4921-8bb4-d040b7072d41(localhost/127.0.0.1), ReplicaIndex: 4}, {317162a0-bd3d-40ad-b205-542abbf35090(localhost/127.0.0.1), ReplicaIndex: 5},], ReplicationConfig: EC{rs-3-2-1024k}, State:ALLOCATED, leaderId:, CreationTimestamp2025-05-08T12:14:11.050309391Z[Etc/UTC]}
2025-05-08 12:14:11,056 [IPC Server handler 1 on default port 15001] INFO  algorithms.SCMContainerPlacementRackScatter (SCMContainerPlacementRackScatter.java:chooseDatanodesInternal(369)) - Chosen nodes: [317162a0-bd3d-40ad-b205-542abbf35090(localhost/127.0.0.1), 7c8f0716-ab75-44b9-b6ec-eb9ccd1caa65(localhost/127.0.0.1), 2ac133fa-68ef-4921-8bb4-d040b7072d41(localhost/127.0.0.1), 73de0732-aa09-4d2e-8ccf-f79b8b9cbabe(localhost/127.0.0.1), 39727330-a832-4a1a-a148-c345636681a8(localhost/127.0.0.1)]. isPolicySatisfied: true.
2025-05-08 12:14:11,060 [IPC Server handler 1 on default port 15001] INFO  pipeline.WritableECContainerProvider (WritableECContainerProvider.java:allocateContainer(209)) - Created and opened new pipeline Pipeline{ Id: 1ec86d48-69ea-430d-a80f-2cf17e93e8fe, Nodes: [ {317162a0-bd3d-40ad-b205-542abbf35090(localhost/127.0.0.1), ReplicaIndex: 1}, {7c8f0716-ab75-44b9-b6ec-eb9ccd1caa65(localhost/127.0.0.1), ReplicaIndex: 2}, {2ac133fa-68ef-4921-8bb4-d040b7072d41(localhost/127.0.0.1), ReplicaIndex: 3}, {73de0732-aa09-4d2e-8ccf-f79b8b9cbabe(localhost/127.0.0.1), ReplicaIndex: 4}, {39727330-a832-4a1a-a148-c345636681a8(localhost/127.0.0.1), ReplicaIndex: 5},], ReplicationConfig: EC{rs-3-2-1024k}, State:ALLOCATED, leaderId:, CreationTimestamp2025-05-08T12:14:11.056284313Z[Etc/UTC]}
2025-05-08 12:14:11,061 [IPC Server handler 1 on default port 15001] INFO  algorithms.SCMContainerPlacementRackScatter (SCMContainerPlacementRackScatter.java:chooseDatanodesInternal(369)) - Chosen nodes: [7c8f0716-ab75-44b9-b6ec-eb9ccd1caa65(localhost/127.0.0.1), 2ac133fa-68ef-4921-8bb4-d040b7072d41(localhost/127.0.0.1), 317162a0-bd3d-40ad-b205-542abbf35090(localhost/127.0.0.1), 73de0732-aa09-4d2e-8ccf-f79b8b9cbabe(localhost/127.0.0.1), 39727330-a832-4a1a-a148-c345636681a8(localhost/127.0.0.1)]. isPolicySatisfied: true.
2025-05-08 12:14:11,066 [IPC Server handler 1 on default port 15001] INFO  pipeline.WritableECContainerProvider (WritableECContainerProvider.java:allocateContainer(209)) - Created and opened new pipeline Pipeline{ Id: a67c54ff-1b45-4d41-a23b-02f77bb186f4, Nodes: [ {7c8f0716-ab75-44b9-b6ec-eb9ccd1caa65(localhost/127.0.0.1), ReplicaIndex: 1}, {2ac133fa-68ef-4921-8bb4-d040b7072d41(localhost/127.0.0.1), ReplicaIndex: 2}, {317162a0-bd3d-40ad-b205-542abbf35090(localhost/127.0.0.1), ReplicaIndex: 3}, {73de0732-aa09-4d2e-8ccf-f79b8b9cbabe(localhost/127.0.0.1), ReplicaIndex: 4}, {39727330-a832-4a1a-a148-c345636681a8(localhost/127.0.0.1), ReplicaIndex: 5},], ReplicationConfig: EC{rs-3-2-1024k}, State:ALLOCATED, leaderId:, CreationTimestamp2025-05-08T12:14:11.061597689Z[Etc/UTC]}
2025-05-08 12:14:11,066 [IPC Server handler 1 on default port 15001] INFO  algorithms.SCMContainerPlacementRackScatter (SCMContainerPlacementRackScatter.java:chooseDatanodesInternal(369)) - Chosen nodes: [2ac133fa-68ef-4921-8bb4-d040b7072d41(localhost/127.0.0.1), 7c8f0716-ab75-44b9-b6ec-eb9ccd1caa65(localhost/127.0.0.1), 317162a0-bd3d-40ad-b205-542abbf35090(localhost/127.0.0.1), 39727330-a832-4a1a-a148-c345636681a8(localhost/127.0.0.1), 73de0732-aa09-4d2e-8ccf-f79b8b9cbabe(localhost/127.0.0.1)]. isPolicySatisfied: true.
2025-05-08 12:14:11,072 [IPC Server handler 1 on default port 15001] INFO  pipeline.WritableECContainerProvider (WritableECContainerProvider.java:allocateContainer(209)) - Created and opened new pipeline Pipeline{ Id: 6a708486-7b73-4682-80b4-31f55135d8d2, Nodes: [ {2ac133fa-68ef-4921-8bb4-d040b7072d41(localhost/127.0.0.1), ReplicaIndex: 1}, {7c8f0716-ab75-44b9-b6ec-eb9ccd1caa65(localhost/127.0.0.1), ReplicaIndex: 2}, {317162a0-bd3d-40ad-b205-542abbf35090(localhost/127.0.0.1), ReplicaIndex: 3}, {39727330-a832-4a1a-a148-c345636681a8(localhost/127.0.0.1), ReplicaIndex: 4}, {73de0732-aa09-4d2e-8ccf-f79b8b9cbabe(localhost/127.0.0.1), ReplicaIndex: 5},], ReplicationConfig: EC{rs-3-2-1024k}, State:ALLOCATED, leaderId:, CreationTimestamp2025-05-08T12:14:11.066833622Z[Etc/UTC]}
2025-05-08 12:14:11,083 [ReplicationMonitor] INFO  replication.ReplicationManager (ReplicationManager.java:processAll(382)) - Replication Monitor Thread took 2 milliseconds for processing 7 containers.
2025-05-08 12:14:11,098 [main] WARN  erasurecode.ErasureCodeNative (ErasureCodeNative.java:<clinit>(55)) - ISA-L support is not available in your platform... using builtin-java codec where applicable
2025-05-08 12:14:12,084 [ReplicationMonitor] INFO  replication.ReplicationManager (ReplicationManager.java:processAll(382)) - Replication Monitor Thread took 0 milliseconds for processing 7 containers.
]]></system-out>
  </testcase>
  <testcase name="testNonReplicationReads(ContainerLayoutVersion)[2]" classname="org.apache.hadoop.ozone.client.rpc.read.TestKeyInputStream" time="25.177">
    <system-out><![CDATA[2025-05-08 12:14:12,482 [EventQueue-CloseContainerForCloseContainerEventHandler] INFO  container.CloseContainerEventHandler (CloseContainerEventHandler.java:onMessage(88)) - Close container Event triggered for container : #1, current state: OPEN
2025-05-08 12:14:12,490 [EventQueue-CloseContainerForCloseContainerEventHandler] INFO  container.CloseContainerEventHandler (CloseContainerEventHandler.java:onMessage(88)) - Close container Event triggered for container : #1, current state: CLOSING
2025-05-08 12:14:12,491 [EventQueue-CloseContainerForCloseContainerEventHandler] INFO  container.CloseContainerEventHandler (CloseContainerEventHandler.java:onMessage(88)) - Close container Event triggered for container : #1, current state: CLOSING
2025-05-08 12:14:13,085 [ReplicationMonitor] INFO  replication.ReplicationManager (ReplicationManager.java:sendDatanodeCommand(663)) - Sending command [closeContainerCommand: cmdID: 1, encodedToken: "", term: 0, deadlineMsSinceEpoch: 0, containerID: 1, pipelineID: PipelineID=30af3b1a-a629-40eb-b1f1-cf0b59c01792, force: false] for container ContainerInfo{id=#1, state=CLOSING, stateEnterTime=2025-05-08T12:14:12.487474771Z, pipelineID=PipelineID=30af3b1a-a629-40eb-b1f1-cf0b59c01792, owner=omServiceIdDefault} to 7c8f0716-ab75-44b9-b6ec-eb9ccd1caa65(localhost/127.0.0.1) with datanode deadline 1746706813085 and scm deadline 1746707173085
2025-05-08 12:14:13,086 [ReplicationMonitor] INFO  replication.ReplicationManager (ReplicationManager.java:sendDatanodeCommand(663)) - Sending command [closeContainerCommand: cmdID: 1, encodedToken: "", term: 0, deadlineMsSinceEpoch: 0, containerID: 1, pipelineID: PipelineID=30af3b1a-a629-40eb-b1f1-cf0b59c01792, force: false] for container ContainerInfo{id=#1, state=CLOSING, stateEnterTime=2025-05-08T12:14:12.487474771Z, pipelineID=PipelineID=30af3b1a-a629-40eb-b1f1-cf0b59c01792, owner=omServiceIdDefault} to 73de0732-aa09-4d2e-8ccf-f79b8b9cbabe(localhost/127.0.0.1) with datanode deadline 1746706813086 and scm deadline 1746707173086
2025-05-08 12:14:13,086 [ReplicationMonitor] INFO  replication.ReplicationManager (ReplicationManager.java:sendDatanodeCommand(663)) - Sending command [closeContainerCommand: cmdID: 1, encodedToken: "", term: 0, deadlineMsSinceEpoch: 0, containerID: 1, pipelineID: PipelineID=30af3b1a-a629-40eb-b1f1-cf0b59c01792, force: false] for container ContainerInfo{id=#1, state=CLOSING, stateEnterTime=2025-05-08T12:14:12.487474771Z, pipelineID=PipelineID=30af3b1a-a629-40eb-b1f1-cf0b59c01792, owner=omServiceIdDefault} to 317162a0-bd3d-40ad-b205-542abbf35090(localhost/127.0.0.1) with datanode deadline 1746706813086 and scm deadline 1746707173086
2025-05-08 12:14:13,086 [ReplicationMonitor] INFO  replication.ReplicationManager (ReplicationManager.java:processAll(382)) - Replication Monitor Thread took 1 milliseconds for processing 7 containers.
2025-05-08 12:14:14,087 [ReplicationMonitor] INFO  replication.ReplicationManager (ReplicationManager.java:sendDatanodeCommand(663)) - Sending command [closeContainerCommand: cmdID: 1, encodedToken: "", term: 0, deadlineMsSinceEpoch: 0, containerID: 1, pipelineID: PipelineID=30af3b1a-a629-40eb-b1f1-cf0b59c01792, force: false] for container ContainerInfo{id=#1, state=CLOSING, stateEnterTime=2025-05-08T12:14:12.487474771Z, pipelineID=PipelineID=30af3b1a-a629-40eb-b1f1-cf0b59c01792, owner=omServiceIdDefault} to 7c8f0716-ab75-44b9-b6ec-eb9ccd1caa65(localhost/127.0.0.1) with datanode deadline 1746706814087 and scm deadline 1746707174087
2025-05-08 12:14:14,087 [ReplicationMonitor] INFO  replication.ReplicationManager (ReplicationManager.java:sendDatanodeCommand(663)) - Sending command [closeContainerCommand: cmdID: 1, encodedToken: "", term: 0, deadlineMsSinceEpoch: 0, containerID: 1, pipelineID: PipelineID=30af3b1a-a629-40eb-b1f1-cf0b59c01792, force: false] for container ContainerInfo{id=#1, state=CLOSING, stateEnterTime=2025-05-08T12:14:12.487474771Z, pipelineID=PipelineID=30af3b1a-a629-40eb-b1f1-cf0b59c01792, owner=omServiceIdDefault} to 73de0732-aa09-4d2e-8ccf-f79b8b9cbabe(localhost/127.0.0.1) with datanode deadline 1746706814087 and scm deadline 1746707174087
2025-05-08 12:14:14,087 [ReplicationMonitor] INFO  replication.ReplicationManager (ReplicationManager.java:sendDatanodeCommand(663)) - Sending command [closeContainerCommand: cmdID: 1, encodedToken: "", term: 0, deadlineMsSinceEpoch: 0, containerID: 1, pipelineID: PipelineID=30af3b1a-a629-40eb-b1f1-cf0b59c01792, force: false] for container ContainerInfo{id=#1, state=CLOSING, stateEnterTime=2025-05-08T12:14:12.487474771Z, pipelineID=PipelineID=30af3b1a-a629-40eb-b1f1-cf0b59c01792, owner=omServiceIdDefault} to 317162a0-bd3d-40ad-b205-542abbf35090(localhost/127.0.0.1) with datanode deadline 1746706814087 and scm deadline 1746707174087
2025-05-08 12:14:14,087 [ReplicationMonitor] INFO  replication.ReplicationManager (ReplicationManager.java:processAll(382)) - Replication Monitor Thread took 1 milliseconds for processing 7 containers.
2025-05-08 12:14:15,088 [ReplicationMonitor] INFO  replication.ReplicationManager (ReplicationManager.java:sendDatanodeCommand(663)) - Sending command [closeContainerCommand: cmdID: 1, encodedToken: "", term: 0, deadlineMsSinceEpoch: 0, containerID: 1, pipelineID: PipelineID=30af3b1a-a629-40eb-b1f1-cf0b59c01792, force: false] for container ContainerInfo{id=#1, state=CLOSING, stateEnterTime=2025-05-08T12:14:12.487474771Z, pipelineID=PipelineID=30af3b1a-a629-40eb-b1f1-cf0b59c01792, owner=omServiceIdDefault} to 7c8f0716-ab75-44b9-b6ec-eb9ccd1caa65(localhost/127.0.0.1) with datanode deadline 1746706815088 and scm deadline 1746707175088
2025-05-08 12:14:15,088 [ReplicationMonitor] INFO  replication.ReplicationManager (ReplicationManager.java:sendDatanodeCommand(663)) - Sending command [closeContainerCommand: cmdID: 1, encodedToken: "", term: 0, deadlineMsSinceEpoch: 0, containerID: 1, pipelineID: PipelineID=30af3b1a-a629-40eb-b1f1-cf0b59c01792, force: false] for container ContainerInfo{id=#1, state=CLOSING, stateEnterTime=2025-05-08T12:14:12.487474771Z, pipelineID=PipelineID=30af3b1a-a629-40eb-b1f1-cf0b59c01792, owner=omServiceIdDefault} to 73de0732-aa09-4d2e-8ccf-f79b8b9cbabe(localhost/127.0.0.1) with datanode deadline 1746706815088 and scm deadline 1746707175088
2025-05-08 12:14:15,088 [ReplicationMonitor] INFO  replication.ReplicationManager (ReplicationManager.java:sendDatanodeCommand(663)) - Sending command [closeContainerCommand: cmdID: 1, encodedToken: "", term: 0, deadlineMsSinceEpoch: 0, containerID: 1, pipelineID: PipelineID=30af3b1a-a629-40eb-b1f1-cf0b59c01792, force: false] for container ContainerInfo{id=#1, state=CLOSING, stateEnterTime=2025-05-08T12:14:12.487474771Z, pipelineID=PipelineID=30af3b1a-a629-40eb-b1f1-cf0b59c01792, owner=omServiceIdDefault} to 317162a0-bd3d-40ad-b205-542abbf35090(localhost/127.0.0.1) with datanode deadline 1746706815088 and scm deadline 1746707175088
2025-05-08 12:14:15,089 [ReplicationMonitor] INFO  replication.ReplicationManager (ReplicationManager.java:processAll(382)) - Replication Monitor Thread took 1 milliseconds for processing 7 containers.
2025-05-08 12:14:15,738 [73de0732-aa09-4d2e-8ccf-f79b8b9cbabe-CloseContainerThread-2] INFO  commandhandler.CloseContainerCommandHandler (CloseContainerCommandHandler.java:lambda$handle$0(154)) - Follower cannot close container #1.
2025-05-08 12:14:15,738 [73de0732-aa09-4d2e-8ccf-f79b8b9cbabe-CloseContainerThread-0] INFO  commandhandler.CloseContainerCommandHandler (CloseContainerCommandHandler.java:lambda$handle$0(154)) - Follower cannot close container #1.
2025-05-08 12:14:15,738 [73de0732-aa09-4d2e-8ccf-f79b8b9cbabe-CloseContainerThread-1] INFO  commandhandler.CloseContainerCommandHandler (CloseContainerCommandHandler.java:lambda$handle$0(154)) - Follower cannot close container #1.
2025-05-08 12:14:15,739 [73de0732-aa09-4d2e-8ccf-f79b8b9cbabe-CloseContainerThread-2] INFO  commandhandler.CloseContainerCommandHandler (CloseContainerCommandHandler.java:lambda$handle$0(154)) - Follower cannot close container #1.
2025-05-08 12:14:15,744 [317162a0-bd3d-40ad-b205-542abbf35090-CloseContainerThread-1] INFO  commandhandler.CloseContainerCommandHandler (CloseContainerCommandHandler.java:lambda$handle$0(154)) - Follower cannot close container #1.
2025-05-08 12:14:15,744 [317162a0-bd3d-40ad-b205-542abbf35090-CloseContainerThread-2] INFO  commandhandler.CloseContainerCommandHandler (CloseContainerCommandHandler.java:lambda$handle$0(154)) - Follower cannot close container #1.
2025-05-08 12:14:15,745 [317162a0-bd3d-40ad-b205-542abbf35090-CloseContainerThread-1] INFO  commandhandler.CloseContainerCommandHandler (CloseContainerCommandHandler.java:lambda$handle$0(154)) - Follower cannot close container #1.
2025-05-08 12:14:15,749 [317162a0-bd3d-40ad-b205-542abbf35090-CloseContainerThread-0] INFO  commandhandler.CloseContainerCommandHandler (CloseContainerCommandHandler.java:lambda$handle$0(154)) - Follower cannot close container #1.
2025-05-08 12:14:15,756 [7c8f0716-ab75-44b9-b6ec-eb9ccd1caa65-ContainerOp-30af3b1a-a629-40eb-b1f1-cf0b59c01792-5] INFO  keyvalue.KeyValueContainer (KeyValueContainer.java:flushAndSyncDB(511)) - Synced container: KeyValueContainerData #1 (CLOSING, non-empty, ri=0, origin=[dn_7c8f0716-ab75-44b9-b6ec-eb9ccd1caa65, pipeline_30af3b1a-a629-40eb-b1f1-cf0b59c01792])
2025-05-08 12:14:15,756 [7c8f0716-ab75-44b9-b6ec-eb9ccd1caa65-ContainerOp-30af3b1a-a629-40eb-b1f1-cf0b59c01792-5] INFO  keyvalue.KeyValueContainer (KeyValueContainer.java:flushAndSyncDB(511)) - Synced container: KeyValueContainerData #1 (CLOSING, non-empty, ri=0, origin=[dn_7c8f0716-ab75-44b9-b6ec-eb9ccd1caa65, pipeline_30af3b1a-a629-40eb-b1f1-cf0b59c01792])
2025-05-08 12:14:15,757 [317162a0-bd3d-40ad-b205-542abbf35090-ContainerOp-30af3b1a-a629-40eb-b1f1-cf0b59c01792-7] INFO  keyvalue.KeyValueContainer (KeyValueContainer.java:flushAndSyncDB(511)) - Synced container: KeyValueContainerData #1 (CLOSING, non-empty, ri=0, origin=[dn_317162a0-bd3d-40ad-b205-542abbf35090, pipeline_30af3b1a-a629-40eb-b1f1-cf0b59c01792])
2025-05-08 12:14:15,757 [317162a0-bd3d-40ad-b205-542abbf35090-ContainerOp-30af3b1a-a629-40eb-b1f1-cf0b59c01792-7] INFO  keyvalue.KeyValueContainer (KeyValueContainer.java:flushAndSyncDB(511)) - Synced container: KeyValueContainerData #1 (CLOSING, non-empty, ri=0, origin=[dn_317162a0-bd3d-40ad-b205-542abbf35090, pipeline_30af3b1a-a629-40eb-b1f1-cf0b59c01792])
2025-05-08 12:14:15,763 [73de0732-aa09-4d2e-8ccf-f79b8b9cbabe-ContainerOp-30af3b1a-a629-40eb-b1f1-cf0b59c01792-4] INFO  keyvalue.KeyValueContainer (KeyValueContainer.java:flushAndSyncDB(511)) - Synced container: KeyValueContainerData #1 (CLOSING, non-empty, ri=0, origin=[dn_73de0732-aa09-4d2e-8ccf-f79b8b9cbabe, pipeline_30af3b1a-a629-40eb-b1f1-cf0b59c01792])
2025-05-08 12:14:15,763 [73de0732-aa09-4d2e-8ccf-f79b8b9cbabe-ContainerOp-30af3b1a-a629-40eb-b1f1-cf0b59c01792-4] INFO  keyvalue.KeyValueContainer (KeyValueContainer.java:flushAndSyncDB(511)) - Synced container: KeyValueContainerData #1 (CLOSING, non-empty, ri=0, origin=[dn_73de0732-aa09-4d2e-8ccf-f79b8b9cbabe, pipeline_30af3b1a-a629-40eb-b1f1-cf0b59c01792])
2025-05-08 12:14:15,765 [317162a0-bd3d-40ad-b205-542abbf35090-ContainerOp-30af3b1a-a629-40eb-b1f1-cf0b59c01792-7] INFO  keyvalue.KeyValueContainer (KeyValueContainer.java:close(427)) - Closed container: KeyValueContainerData #1 (CLOSED, non-empty, ri=0, origin=[dn_317162a0-bd3d-40ad-b205-542abbf35090, pipeline_30af3b1a-a629-40eb-b1f1-cf0b59c01792])
2025-05-08 12:14:15,767 [7c8f0716-ab75-44b9-b6ec-eb9ccd1caa65-ContainerOp-30af3b1a-a629-40eb-b1f1-cf0b59c01792-5] INFO  keyvalue.KeyValueContainer (KeyValueContainer.java:close(427)) - Closed container: KeyValueContainerData #1 (CLOSED, non-empty, ri=0, origin=[dn_7c8f0716-ab75-44b9-b6ec-eb9ccd1caa65, pipeline_30af3b1a-a629-40eb-b1f1-cf0b59c01792])
2025-05-08 12:14:15,768 [73de0732-aa09-4d2e-8ccf-f79b8b9cbabe-ContainerOp-30af3b1a-a629-40eb-b1f1-cf0b59c01792-4] INFO  keyvalue.KeyValueContainer (KeyValueContainer.java:close(427)) - Closed container: KeyValueContainerData #1 (CLOSED, non-empty, ri=0, origin=[dn_73de0732-aa09-4d2e-8ccf-f79b8b9cbabe, pipeline_30af3b1a-a629-40eb-b1f1-cf0b59c01792])
2025-05-08 12:14:15,769 [FixedThreadPoolWithAffinityExecutor-1-0] INFO  container.IncrementalContainerReportHandler (AbstractContainerReportHandler.java:updateContainerState(289)) - CLOSE Container #1 (CLOSING, sid=216) r0 (CLOSED, bcsid=216, origin=317162a0-bd3d-40ad-b205-542abbf35090, non-empty) from dn 317162a0-bd3d-40ad-b205-542abbf35090(localhost/127.0.0.1)
2025-05-08 12:14:15,983 [EventQueue-CloseContainerForCloseContainerEventHandler] INFO  container.CloseContainerEventHandler (CloseContainerEventHandler.java:onMessage(88)) - Close container Event triggered for container : #2, current state: OPEN
2025-05-08 12:14:15,985 [EventQueue-CloseContainerForCloseContainerEventHandler] INFO  container.CloseContainerEventHandler (CloseContainerEventHandler.java:onMessage(88)) - Close container Event triggered for container : #2, current state: CLOSING
2025-05-08 12:14:15,985 [EventQueue-CloseContainerForCloseContainerEventHandler] INFO  container.CloseContainerEventHandler (CloseContainerEventHandler.java:onMessage(88)) - Close container Event triggered for container : #2, current state: CLOSING
2025-05-08 12:14:16,093 [ReplicationMonitor] INFO  replication.ReplicationManager (ReplicationManager.java:sendDatanodeCommand(663)) - Sending command [closeContainerCommand: cmdID: 2, encodedToken: "", term: 0, deadlineMsSinceEpoch: 0, containerID: 2, pipelineID: PipelineID=30af3b1a-a629-40eb-b1f1-cf0b59c01792, force: false] for container ContainerInfo{id=#2, state=CLOSING, stateEnterTime=2025-05-08T12:14:15.985210217Z, pipelineID=PipelineID=30af3b1a-a629-40eb-b1f1-cf0b59c01792, owner=omServiceIdDefault} to 73de0732-aa09-4d2e-8ccf-f79b8b9cbabe(localhost/127.0.0.1) with datanode deadline 1746706816093 and scm deadline 1746707176093
2025-05-08 12:14:16,093 [ReplicationMonitor] INFO  replication.ReplicationManager (ReplicationManager.java:sendDatanodeCommand(663)) - Sending command [closeContainerCommand: cmdID: 2, encodedToken: "", term: 0, deadlineMsSinceEpoch: 0, containerID: 2, pipelineID: PipelineID=30af3b1a-a629-40eb-b1f1-cf0b59c01792, force: false] for container ContainerInfo{id=#2, state=CLOSING, stateEnterTime=2025-05-08T12:14:15.985210217Z, pipelineID=PipelineID=30af3b1a-a629-40eb-b1f1-cf0b59c01792, owner=omServiceIdDefault} to 317162a0-bd3d-40ad-b205-542abbf35090(localhost/127.0.0.1) with datanode deadline 1746706816093 and scm deadline 1746707176093
2025-05-08 12:14:16,093 [ReplicationMonitor] INFO  replication.ReplicationManager (ReplicationManager.java:sendDatanodeCommand(663)) - Sending command [closeContainerCommand: cmdID: 2, encodedToken: "", term: 0, deadlineMsSinceEpoch: 0, containerID: 2, pipelineID: PipelineID=30af3b1a-a629-40eb-b1f1-cf0b59c01792, force: false] for container ContainerInfo{id=#2, state=CLOSING, stateEnterTime=2025-05-08T12:14:15.985210217Z, pipelineID=PipelineID=30af3b1a-a629-40eb-b1f1-cf0b59c01792, owner=omServiceIdDefault} to 7c8f0716-ab75-44b9-b6ec-eb9ccd1caa65(localhost/127.0.0.1) with datanode deadline 1746706816093 and scm deadline 1746707176093
2025-05-08 12:14:16,093 [ReplicationMonitor] INFO  replication.ReplicationManager (ReplicationManager.java:processAll(382)) - Replication Monitor Thread took 4 milliseconds for processing 7 containers.
2025-05-08 12:14:17,094 [ReplicationMonitor] INFO  replication.ReplicationManager (ReplicationManager.java:sendDatanodeCommand(663)) - Sending command [closeContainerCommand: cmdID: 2, encodedToken: "", term: 0, deadlineMsSinceEpoch: 0, containerID: 2, pipelineID: PipelineID=30af3b1a-a629-40eb-b1f1-cf0b59c01792, force: false] for container ContainerInfo{id=#2, state=CLOSING, stateEnterTime=2025-05-08T12:14:15.985210217Z, pipelineID=PipelineID=30af3b1a-a629-40eb-b1f1-cf0b59c01792, owner=omServiceIdDefault} to 73de0732-aa09-4d2e-8ccf-f79b8b9cbabe(localhost/127.0.0.1) with datanode deadline 1746706817094 and scm deadline 1746707177094
2025-05-08 12:14:17,094 [ReplicationMonitor] INFO  replication.ReplicationManager (ReplicationManager.java:sendDatanodeCommand(663)) - Sending command [closeContainerCommand: cmdID: 2, encodedToken: "", term: 0, deadlineMsSinceEpoch: 0, containerID: 2, pipelineID: PipelineID=30af3b1a-a629-40eb-b1f1-cf0b59c01792, force: false] for container ContainerInfo{id=#2, state=CLOSING, stateEnterTime=2025-05-08T12:14:15.985210217Z, pipelineID=PipelineID=30af3b1a-a629-40eb-b1f1-cf0b59c01792, owner=omServiceIdDefault} to 317162a0-bd3d-40ad-b205-542abbf35090(localhost/127.0.0.1) with datanode deadline 1746706817094 and scm deadline 1746707177094
2025-05-08 12:14:17,095 [ReplicationMonitor] INFO  replication.ReplicationManager (ReplicationManager.java:sendDatanodeCommand(663)) - Sending command [closeContainerCommand: cmdID: 2, encodedToken: "", term: 0, deadlineMsSinceEpoch: 0, containerID: 2, pipelineID: PipelineID=30af3b1a-a629-40eb-b1f1-cf0b59c01792, force: false] for container ContainerInfo{id=#2, state=CLOSING, stateEnterTime=2025-05-08T12:14:15.985210217Z, pipelineID=PipelineID=30af3b1a-a629-40eb-b1f1-cf0b59c01792, owner=omServiceIdDefault} to 7c8f0716-ab75-44b9-b6ec-eb9ccd1caa65(localhost/127.0.0.1) with datanode deadline 1746706817094 and scm deadline 1746707177094
2025-05-08 12:14:17,095 [ReplicationMonitor] INFO  replication.ReplicationManager (ReplicationManager.java:processAll(382)) - Replication Monitor Thread took 1 milliseconds for processing 7 containers.
2025-05-08 12:14:17,733 [73de0732-aa09-4d2e-8ccf-f79b8b9cbabe-CloseContainerThread-0] INFO  commandhandler.CloseContainerCommandHandler (CloseContainerCommandHandler.java:lambda$handle$0(154)) - Follower cannot close container #2.
2025-05-08 12:14:17,745 [317162a0-bd3d-40ad-b205-542abbf35090-CloseContainerThread-2] INFO  commandhandler.CloseContainerCommandHandler (CloseContainerCommandHandler.java:lambda$handle$0(154)) - Follower cannot close container #2.
2025-05-08 12:14:17,751 [73de0732-aa09-4d2e-8ccf-f79b8b9cbabe-ContainerOp-30af3b1a-a629-40eb-b1f1-cf0b59c01792-3] INFO  keyvalue.KeyValueContainer (KeyValueContainer.java:flushAndSyncDB(511)) - Synced container: KeyValueContainerData #2 (CLOSING, non-empty, ri=0, origin=[dn_73de0732-aa09-4d2e-8ccf-f79b8b9cbabe, pipeline_30af3b1a-a629-40eb-b1f1-cf0b59c01792])
2025-05-08 12:14:17,751 [73de0732-aa09-4d2e-8ccf-f79b8b9cbabe-ContainerOp-30af3b1a-a629-40eb-b1f1-cf0b59c01792-3] INFO  keyvalue.KeyValueContainer (KeyValueContainer.java:flushAndSyncDB(511)) - Synced container: KeyValueContainerData #2 (CLOSING, non-empty, ri=0, origin=[dn_73de0732-aa09-4d2e-8ccf-f79b8b9cbabe, pipeline_30af3b1a-a629-40eb-b1f1-cf0b59c01792])
2025-05-08 12:14:17,752 [7c8f0716-ab75-44b9-b6ec-eb9ccd1caa65-ContainerOp-30af3b1a-a629-40eb-b1f1-cf0b59c01792-8] INFO  keyvalue.KeyValueContainer (KeyValueContainer.java:flushAndSyncDB(511)) - Synced container: KeyValueContainerData #2 (CLOSING, non-empty, ri=0, origin=[dn_7c8f0716-ab75-44b9-b6ec-eb9ccd1caa65, pipeline_30af3b1a-a629-40eb-b1f1-cf0b59c01792])
2025-05-08 12:14:17,752 [7c8f0716-ab75-44b9-b6ec-eb9ccd1caa65-ContainerOp-30af3b1a-a629-40eb-b1f1-cf0b59c01792-8] INFO  keyvalue.KeyValueContainer (KeyValueContainer.java:flushAndSyncDB(511)) - Synced container: KeyValueContainerData #2 (CLOSING, non-empty, ri=0, origin=[dn_7c8f0716-ab75-44b9-b6ec-eb9ccd1caa65, pipeline_30af3b1a-a629-40eb-b1f1-cf0b59c01792])
2025-05-08 12:14:17,753 [317162a0-bd3d-40ad-b205-542abbf35090-ContainerOp-30af3b1a-a629-40eb-b1f1-cf0b59c01792-1] INFO  keyvalue.KeyValueContainer (KeyValueContainer.java:flushAndSyncDB(511)) - Synced container: KeyValueContainerData #2 (CLOSING, non-empty, ri=0, origin=[dn_317162a0-bd3d-40ad-b205-542abbf35090, pipeline_30af3b1a-a629-40eb-b1f1-cf0b59c01792])
2025-05-08 12:14:17,753 [317162a0-bd3d-40ad-b205-542abbf35090-ContainerOp-30af3b1a-a629-40eb-b1f1-cf0b59c01792-1] INFO  keyvalue.KeyValueContainer (KeyValueContainer.java:flushAndSyncDB(511)) - Synced container: KeyValueContainerData #2 (CLOSING, non-empty, ri=0, origin=[dn_317162a0-bd3d-40ad-b205-542abbf35090, pipeline_30af3b1a-a629-40eb-b1f1-cf0b59c01792])
2025-05-08 12:14:17,755 [73de0732-aa09-4d2e-8ccf-f79b8b9cbabe-ContainerOp-30af3b1a-a629-40eb-b1f1-cf0b59c01792-3] INFO  keyvalue.KeyValueContainer (KeyValueContainer.java:close(427)) - Closed container: KeyValueContainerData #2 (CLOSED, non-empty, ri=0, origin=[dn_73de0732-aa09-4d2e-8ccf-f79b8b9cbabe, pipeline_30af3b1a-a629-40eb-b1f1-cf0b59c01792])
2025-05-08 12:14:17,756 [7c8f0716-ab75-44b9-b6ec-eb9ccd1caa65-ContainerOp-30af3b1a-a629-40eb-b1f1-cf0b59c01792-8] INFO  keyvalue.KeyValueContainer (KeyValueContainer.java:close(427)) - Closed container: KeyValueContainerData #2 (CLOSED, non-empty, ri=0, origin=[dn_7c8f0716-ab75-44b9-b6ec-eb9ccd1caa65, pipeline_30af3b1a-a629-40eb-b1f1-cf0b59c01792])
2025-05-08 12:14:17,757 [317162a0-bd3d-40ad-b205-542abbf35090-ContainerOp-30af3b1a-a629-40eb-b1f1-cf0b59c01792-1] INFO  keyvalue.KeyValueContainer (KeyValueContainer.java:close(427)) - Closed container: KeyValueContainerData #2 (CLOSED, non-empty, ri=0, origin=[dn_317162a0-bd3d-40ad-b205-542abbf35090, pipeline_30af3b1a-a629-40eb-b1f1-cf0b59c01792])
2025-05-08 12:14:17,758 [FixedThreadPoolWithAffinityExecutor-9-0] INFO  container.IncrementalContainerReportHandler (AbstractContainerReportHandler.java:updateContainerState(289)) - CLOSE Container #2 (CLOSING, sid=222) r0 (CLOSED, bcsid=222, origin=73de0732-aa09-4d2e-8ccf-f79b8b9cbabe, non-empty) from dn 73de0732-aa09-4d2e-8ccf-f79b8b9cbabe(localhost/127.0.0.1)
2025-05-08 12:14:17,984 [EventQueue-CloseContainerForCloseContainerEventHandler] INFO  container.CloseContainerEventHandler (CloseContainerEventHandler.java:onMessage(88)) - Close container Event triggered for container : #3, current state: OPEN
2025-05-08 12:14:17,986 [EventQueue-CloseContainerForCloseContainerEventHandler] INFO  container.CloseContainerEventHandler (CloseContainerEventHandler.java:onMessage(88)) - Close container Event triggered for container : #3, current state: CLOSING
2025-05-08 12:14:17,986 [EventQueue-CloseContainerForCloseContainerEventHandler] INFO  container.CloseContainerEventHandler (CloseContainerEventHandler.java:onMessage(88)) - Close container Event triggered for container : #3, current state: CLOSING
2025-05-08 12:14:18,096 [ReplicationMonitor] INFO  replication.ReplicationManager (ReplicationManager.java:sendDatanodeCommand(663)) - Sending command [closeContainerCommand: cmdID: 3, encodedToken: "", term: 0, deadlineMsSinceEpoch: 0, containerID: 3, pipelineID: PipelineID=30af3b1a-a629-40eb-b1f1-cf0b59c01792, force: false] for container ContainerInfo{id=#3, state=CLOSING, stateEnterTime=2025-05-08T12:14:17.985990854Z, pipelineID=PipelineID=30af3b1a-a629-40eb-b1f1-cf0b59c01792, owner=omServiceIdDefault} to 73de0732-aa09-4d2e-8ccf-f79b8b9cbabe(localhost/127.0.0.1) with datanode deadline 1746706818095 and scm deadline 1746707178095
2025-05-08 12:14:18,096 [ReplicationMonitor] INFO  replication.ReplicationManager (ReplicationManager.java:sendDatanodeCommand(663)) - Sending command [closeContainerCommand: cmdID: 3, encodedToken: "", term: 0, deadlineMsSinceEpoch: 0, containerID: 3, pipelineID: PipelineID=30af3b1a-a629-40eb-b1f1-cf0b59c01792, force: false] for container ContainerInfo{id=#3, state=CLOSING, stateEnterTime=2025-05-08T12:14:17.985990854Z, pipelineID=PipelineID=30af3b1a-a629-40eb-b1f1-cf0b59c01792, owner=omServiceIdDefault} to 317162a0-bd3d-40ad-b205-542abbf35090(localhost/127.0.0.1) with datanode deadline 1746706818096 and scm deadline 1746707178096
2025-05-08 12:14:18,096 [ReplicationMonitor] INFO  replication.ReplicationManager (ReplicationManager.java:sendDatanodeCommand(663)) - Sending command [closeContainerCommand: cmdID: 3, encodedToken: "", term: 0, deadlineMsSinceEpoch: 0, containerID: 3, pipelineID: PipelineID=30af3b1a-a629-40eb-b1f1-cf0b59c01792, force: false] for container ContainerInfo{id=#3, state=CLOSING, stateEnterTime=2025-05-08T12:14:17.985990854Z, pipelineID=PipelineID=30af3b1a-a629-40eb-b1f1-cf0b59c01792, owner=omServiceIdDefault} to 7c8f0716-ab75-44b9-b6ec-eb9ccd1caa65(localhost/127.0.0.1) with datanode deadline 1746706818096 and scm deadline 1746707178096
2025-05-08 12:14:18,096 [ReplicationMonitor] INFO  replication.ReplicationManager (ReplicationManager.java:processAll(382)) - Replication Monitor Thread took 1 milliseconds for processing 7 containers.
2025-05-08 12:14:18,771 [317162a0-bd3d-40ad-b205-542abbf35090-CloseContainerThread-1] INFO  commandhandler.CloseContainerCommandHandler (CloseContainerCommandHandler.java:lambda$handle$0(154)) - Follower cannot close container #3.
2025-05-08 12:14:18,775 [7c8f0716-ab75-44b9-b6ec-eb9ccd1caa65-ContainerOp-30af3b1a-a629-40eb-b1f1-cf0b59c01792-7] INFO  keyvalue.KeyValueContainer (KeyValueContainer.java:flushAndSyncDB(511)) - Synced container: KeyValueContainerData #3 (CLOSING, non-empty, ri=0, origin=[dn_7c8f0716-ab75-44b9-b6ec-eb9ccd1caa65, pipeline_30af3b1a-a629-40eb-b1f1-cf0b59c01792])
2025-05-08 12:14:18,775 [7c8f0716-ab75-44b9-b6ec-eb9ccd1caa65-ContainerOp-30af3b1a-a629-40eb-b1f1-cf0b59c01792-7] INFO  keyvalue.KeyValueContainer (KeyValueContainer.java:flushAndSyncDB(511)) - Synced container: KeyValueContainerData #3 (CLOSING, non-empty, ri=0, origin=[dn_7c8f0716-ab75-44b9-b6ec-eb9ccd1caa65, pipeline_30af3b1a-a629-40eb-b1f1-cf0b59c01792])
2025-05-08 12:14:18,775 [73de0732-aa09-4d2e-8ccf-f79b8b9cbabe-CloseContainerThread-1] INFO  commandhandler.CloseContainerCommandHandler (CloseContainerCommandHandler.java:lambda$handle$0(154)) - Follower cannot close container #3.
2025-05-08 12:14:18,777 [317162a0-bd3d-40ad-b205-542abbf35090-ContainerOp-30af3b1a-a629-40eb-b1f1-cf0b59c01792-5] INFO  keyvalue.KeyValueContainer (KeyValueContainer.java:flushAndSyncDB(511)) - Synced container: KeyValueContainerData #3 (CLOSING, non-empty, ri=0, origin=[dn_317162a0-bd3d-40ad-b205-542abbf35090, pipeline_30af3b1a-a629-40eb-b1f1-cf0b59c01792])
2025-05-08 12:14:18,777 [317162a0-bd3d-40ad-b205-542abbf35090-ContainerOp-30af3b1a-a629-40eb-b1f1-cf0b59c01792-5] INFO  keyvalue.KeyValueContainer (KeyValueContainer.java:flushAndSyncDB(511)) - Synced container: KeyValueContainerData #3 (CLOSING, non-empty, ri=0, origin=[dn_317162a0-bd3d-40ad-b205-542abbf35090, pipeline_30af3b1a-a629-40eb-b1f1-cf0b59c01792])
2025-05-08 12:14:18,777 [73de0732-aa09-4d2e-8ccf-f79b8b9cbabe-ContainerOp-30af3b1a-a629-40eb-b1f1-cf0b59c01792-9] INFO  keyvalue.KeyValueContainer (KeyValueContainer.java:flushAndSyncDB(511)) - Synced container: KeyValueContainerData #3 (CLOSING, non-empty, ri=0, origin=[dn_73de0732-aa09-4d2e-8ccf-f79b8b9cbabe, pipeline_30af3b1a-a629-40eb-b1f1-cf0b59c01792])
2025-05-08 12:14:18,777 [73de0732-aa09-4d2e-8ccf-f79b8b9cbabe-ContainerOp-30af3b1a-a629-40eb-b1f1-cf0b59c01792-9] INFO  keyvalue.KeyValueContainer (KeyValueContainer.java:flushAndSyncDB(511)) - Synced container: KeyValueContainerData #3 (CLOSING, non-empty, ri=0, origin=[dn_73de0732-aa09-4d2e-8ccf-f79b8b9cbabe, pipeline_30af3b1a-a629-40eb-b1f1-cf0b59c01792])
2025-05-08 12:14:18,779 [7c8f0716-ab75-44b9-b6ec-eb9ccd1caa65-ContainerOp-30af3b1a-a629-40eb-b1f1-cf0b59c01792-7] INFO  keyvalue.KeyValueContainer (KeyValueContainer.java:close(427)) - Closed container: KeyValueContainerData #3 (CLOSED, non-empty, ri=0, origin=[dn_7c8f0716-ab75-44b9-b6ec-eb9ccd1caa65, pipeline_30af3b1a-a629-40eb-b1f1-cf0b59c01792])
2025-05-08 12:14:18,781 [73de0732-aa09-4d2e-8ccf-f79b8b9cbabe-ContainerOp-30af3b1a-a629-40eb-b1f1-cf0b59c01792-9] INFO  keyvalue.KeyValueContainer (KeyValueContainer.java:close(427)) - Closed container: KeyValueContainerData #3 (CLOSED, non-empty, ri=0, origin=[dn_73de0732-aa09-4d2e-8ccf-f79b8b9cbabe, pipeline_30af3b1a-a629-40eb-b1f1-cf0b59c01792])
2025-05-08 12:14:18,781 [FixedThreadPoolWithAffinityExecutor-0-0] INFO  container.IncrementalContainerReportHandler (AbstractContainerReportHandler.java:updateContainerState(289)) - CLOSE Container #3 (CLOSING, sid=204) r0 (CLOSED, bcsid=204, origin=7c8f0716-ab75-44b9-b6ec-eb9ccd1caa65, non-empty) from dn 7c8f0716-ab75-44b9-b6ec-eb9ccd1caa65(localhost/127.0.0.1)
2025-05-08 12:14:18,782 [317162a0-bd3d-40ad-b205-542abbf35090-ContainerOp-30af3b1a-a629-40eb-b1f1-cf0b59c01792-5] INFO  keyvalue.KeyValueContainer (KeyValueContainer.java:close(427)) - Closed container: KeyValueContainerData #3 (CLOSED, non-empty, ri=0, origin=[dn_317162a0-bd3d-40ad-b205-542abbf35090, pipeline_30af3b1a-a629-40eb-b1f1-cf0b59c01792])
2025-05-08 12:14:18,984 [EventQueue-CloseContainerForCloseContainerEventHandler] INFO  container.CloseContainerEventHandler (CloseContainerEventHandler.java:onMessage(88)) - Close container Event triggered for container : #4, current state: OPEN
2025-05-08 12:14:18,986 [EventQueue-CloseContainerForCloseContainerEventHandler] INFO  container.CloseContainerEventHandler (CloseContainerEventHandler.java:onMessage(88)) - Close container Event triggered for container : #4, current state: CLOSING
2025-05-08 12:14:18,986 [EventQueue-CloseContainerForCloseContainerEventHandler] INFO  container.CloseContainerEventHandler (CloseContainerEventHandler.java:onMessage(88)) - Close container Event triggered for container : #4, current state: CLOSING
2025-05-08 12:14:18,987 [EventQueue-CloseContainerForCloseContainerEventHandler] INFO  container.CloseContainerEventHandler (CloseContainerEventHandler.java:onMessage(88)) - Close container Event triggered for container : #4, current state: CLOSING
2025-05-08 12:14:18,987 [EventQueue-CloseContainerForCloseContainerEventHandler] INFO  container.CloseContainerEventHandler (CloseContainerEventHandler.java:onMessage(88)) - Close container Event triggered for container : #4, current state: CLOSING
2025-05-08 12:14:19,097 [ReplicationMonitor] INFO  replication.ReplicationManager (ReplicationManager.java:sendDatanodeCommand(663)) - Sending command [closeContainerCommand: cmdID: 4, encodedToken: "", term: 0, deadlineMsSinceEpoch: 0, containerID: 4, pipelineID: PipelineID=83b1f760-1813-4576-8df3-bb8a3a6e464c, force: true] for container ContainerInfo{id=#4, state=CLOSING, stateEnterTime=2025-05-08T12:14:18.986307077Z, pipelineID=PipelineID=83b1f760-1813-4576-8df3-bb8a3a6e464c, owner=omServiceIdDefault} to 73de0732-aa09-4d2e-8ccf-f79b8b9cbabe(localhost/127.0.0.1) with datanode deadline 1746706819097 and scm deadline 1746707179097
2025-05-08 12:14:19,097 [ReplicationMonitor] INFO  replication.ReplicationManager (ReplicationManager.java:sendDatanodeCommand(663)) - Sending command [closeContainerCommand: cmdID: 4, encodedToken: "", term: 0, deadlineMsSinceEpoch: 0, containerID: 4, pipelineID: PipelineID=83b1f760-1813-4576-8df3-bb8a3a6e464c, force: true] for container ContainerInfo{id=#4, state=CLOSING, stateEnterTime=2025-05-08T12:14:18.986307077Z, pipelineID=PipelineID=83b1f760-1813-4576-8df3-bb8a3a6e464c, owner=omServiceIdDefault} to 2ac133fa-68ef-4921-8bb4-d040b7072d41(localhost/127.0.0.1) with datanode deadline 1746706819097 and scm deadline 1746707179097
2025-05-08 12:14:19,098 [ReplicationMonitor] INFO  replication.ReplicationManager (ReplicationManager.java:sendDatanodeCommand(663)) - Sending command [closeContainerCommand: cmdID: 4, encodedToken: "", term: 0, deadlineMsSinceEpoch: 0, containerID: 4, pipelineID: PipelineID=83b1f760-1813-4576-8df3-bb8a3a6e464c, force: true] for container ContainerInfo{id=#4, state=CLOSING, stateEnterTime=2025-05-08T12:14:18.986307077Z, pipelineID=PipelineID=83b1f760-1813-4576-8df3-bb8a3a6e464c, owner=omServiceIdDefault} to 39727330-a832-4a1a-a148-c345636681a8(localhost/127.0.0.1) with datanode deadline 1746706819097 and scm deadline 1746707179097
2025-05-08 12:14:19,098 [ReplicationMonitor] INFO  replication.ReplicationManager (ReplicationManager.java:sendDatanodeCommand(663)) - Sending command [closeContainerCommand: cmdID: 4, encodedToken: "", term: 0, deadlineMsSinceEpoch: 0, containerID: 4, pipelineID: PipelineID=83b1f760-1813-4576-8df3-bb8a3a6e464c, force: true] for container ContainerInfo{id=#4, state=CLOSING, stateEnterTime=2025-05-08T12:14:18.986307077Z, pipelineID=PipelineID=83b1f760-1813-4576-8df3-bb8a3a6e464c, owner=omServiceIdDefault} to 317162a0-bd3d-40ad-b205-542abbf35090(localhost/127.0.0.1) with datanode deadline 1746706819098 and scm deadline 1746707179098
2025-05-08 12:14:19,098 [ReplicationMonitor] INFO  replication.ReplicationManager (ReplicationManager.java:sendDatanodeCommand(663)) - Sending command [closeContainerCommand: cmdID: 4, encodedToken: "", term: 0, deadlineMsSinceEpoch: 0, containerID: 4, pipelineID: PipelineID=83b1f760-1813-4576-8df3-bb8a3a6e464c, force: true] for container ContainerInfo{id=#4, state=CLOSING, stateEnterTime=2025-05-08T12:14:18.986307077Z, pipelineID=PipelineID=83b1f760-1813-4576-8df3-bb8a3a6e464c, owner=omServiceIdDefault} to 7c8f0716-ab75-44b9-b6ec-eb9ccd1caa65(localhost/127.0.0.1) with datanode deadline 1746706819098 and scm deadline 1746707179098
2025-05-08 12:14:19,098 [ReplicationMonitor] INFO  replication.ReplicationManager (ReplicationManager.java:processAll(382)) - Replication Monitor Thread took 2 milliseconds for processing 7 containers.
2025-05-08 12:14:20,099 [ReplicationMonitor] INFO  replication.ReplicationManager (ReplicationManager.java:sendDatanodeCommand(663)) - Sending command [closeContainerCommand: cmdID: 4, encodedToken: "", term: 0, deadlineMsSinceEpoch: 0, containerID: 4, pipelineID: PipelineID=83b1f760-1813-4576-8df3-bb8a3a6e464c, force: true] for container ContainerInfo{id=#4, state=CLOSING, stateEnterTime=2025-05-08T12:14:18.986307077Z, pipelineID=PipelineID=83b1f760-1813-4576-8df3-bb8a3a6e464c, owner=omServiceIdDefault} to 73de0732-aa09-4d2e-8ccf-f79b8b9cbabe(localhost/127.0.0.1) with datanode deadline 1746706820099 and scm deadline 1746707180099
2025-05-08 12:14:20,100 [ReplicationMonitor] INFO  replication.ReplicationManager (ReplicationManager.java:sendDatanodeCommand(663)) - Sending command [closeContainerCommand: cmdID: 4, encodedToken: "", term: 0, deadlineMsSinceEpoch: 0, containerID: 4, pipelineID: PipelineID=83b1f760-1813-4576-8df3-bb8a3a6e464c, force: true] for container ContainerInfo{id=#4, state=CLOSING, stateEnterTime=2025-05-08T12:14:18.986307077Z, pipelineID=PipelineID=83b1f760-1813-4576-8df3-bb8a3a6e464c, owner=omServiceIdDefault} to 2ac133fa-68ef-4921-8bb4-d040b7072d41(localhost/127.0.0.1) with datanode deadline 1746706820099 and scm deadline 1746707180099
2025-05-08 12:14:20,100 [ReplicationMonitor] INFO  replication.ReplicationManager (ReplicationManager.java:sendDatanodeCommand(663)) - Sending command [closeContainerCommand: cmdID: 4, encodedToken: "", term: 0, deadlineMsSinceEpoch: 0, containerID: 4, pipelineID: PipelineID=83b1f760-1813-4576-8df3-bb8a3a6e464c, force: true] for container ContainerInfo{id=#4, state=CLOSING, stateEnterTime=2025-05-08T12:14:18.986307077Z, pipelineID=PipelineID=83b1f760-1813-4576-8df3-bb8a3a6e464c, owner=omServiceIdDefault} to 39727330-a832-4a1a-a148-c345636681a8(localhost/127.0.0.1) with datanode deadline 1746706820100 and scm deadline 1746707180100
2025-05-08 12:14:20,100 [ReplicationMonitor] INFO  replication.ReplicationManager (ReplicationManager.java:sendDatanodeCommand(663)) - Sending command [closeContainerCommand: cmdID: 4, encodedToken: "", term: 0, deadlineMsSinceEpoch: 0, containerID: 4, pipelineID: PipelineID=83b1f760-1813-4576-8df3-bb8a3a6e464c, force: true] for container ContainerInfo{id=#4, state=CLOSING, stateEnterTime=2025-05-08T12:14:18.986307077Z, pipelineID=PipelineID=83b1f760-1813-4576-8df3-bb8a3a6e464c, owner=omServiceIdDefault} to 317162a0-bd3d-40ad-b205-542abbf35090(localhost/127.0.0.1) with datanode deadline 1746706820100 and scm deadline 1746707180100
2025-05-08 12:14:20,100 [ReplicationMonitor] INFO  replication.ReplicationManager (ReplicationManager.java:sendDatanodeCommand(663)) - Sending command [closeContainerCommand: cmdID: 4, encodedToken: "", term: 0, deadlineMsSinceEpoch: 0, containerID: 4, pipelineID: PipelineID=83b1f760-1813-4576-8df3-bb8a3a6e464c, force: true] for container ContainerInfo{id=#4, state=CLOSING, stateEnterTime=2025-05-08T12:14:18.986307077Z, pipelineID=PipelineID=83b1f760-1813-4576-8df3-bb8a3a6e464c, owner=omServiceIdDefault} to 7c8f0716-ab75-44b9-b6ec-eb9ccd1caa65(localhost/127.0.0.1) with datanode deadline 1746706820100 and scm deadline 1746707180100
2025-05-08 12:14:20,100 [ReplicationMonitor] INFO  replication.ReplicationManager (ReplicationManager.java:processAll(382)) - Replication Monitor Thread took 2 milliseconds for processing 7 containers.
2025-05-08 12:14:20,734 [39727330-a832-4a1a-a148-c345636681a8-CloseContainerThread-0] INFO  keyvalue.KeyValueContainer (KeyValueContainer.java:flushAndSyncDB(511)) - Synced container: KeyValueContainerData #4 (CLOSING, non-empty, ri=1, origin=[dn_39727330-a832-4a1a-a148-c345636681a8, pipeline_])
2025-05-08 12:14:20,735 [39727330-a832-4a1a-a148-c345636681a8-CloseContainerThread-0] INFO  keyvalue.KeyValueContainer (KeyValueContainer.java:flushAndSyncDB(511)) - Synced container: KeyValueContainerData #4 (CLOSING, non-empty, ri=1, origin=[dn_39727330-a832-4a1a-a148-c345636681a8, pipeline_])
2025-05-08 12:14:20,736 [2ac133fa-68ef-4921-8bb4-d040b7072d41-CloseContainerThread-0] INFO  keyvalue.KeyValueContainer (KeyValueContainer.java:flushAndSyncDB(511)) - Synced container: KeyValueContainerData #4 (CLOSING, non-empty, ri=4, origin=[dn_2ac133fa-68ef-4921-8bb4-d040b7072d41, pipeline_])
2025-05-08 12:14:20,736 [2ac133fa-68ef-4921-8bb4-d040b7072d41-CloseContainerThread-0] INFO  keyvalue.KeyValueContainer (KeyValueContainer.java:flushAndSyncDB(511)) - Synced container: KeyValueContainerData #4 (CLOSING, non-empty, ri=4, origin=[dn_2ac133fa-68ef-4921-8bb4-d040b7072d41, pipeline_])
2025-05-08 12:14:20,738 [39727330-a832-4a1a-a148-c345636681a8-CloseContainerThread-0] INFO  keyvalue.KeyValueContainer (KeyValueContainer.java:close(427)) - Closed container: KeyValueContainerData #4 (CLOSED, non-empty, ri=1, origin=[dn_39727330-a832-4a1a-a148-c345636681a8, pipeline_])
2025-05-08 12:14:20,739 [FixedThreadPoolWithAffinityExecutor-1-0] INFO  container.IncrementalContainerReportHandler (AbstractContainerReportHandler.java:updateContainerState(289)) - CLOSE Container #4 (CLOSING, sid=0) r1 (CLOSED, bcsid=0, origin=39727330-a832-4a1a-a148-c345636681a8, non-empty) from dn 39727330-a832-4a1a-a148-c345636681a8(localhost/127.0.0.1)
2025-05-08 12:14:20,739 [2ac133fa-68ef-4921-8bb4-d040b7072d41-CloseContainerThread-0] INFO  keyvalue.KeyValueContainer (KeyValueContainer.java:close(427)) - Closed container: KeyValueContainerData #4 (CLOSED, non-empty, ri=4, origin=[dn_2ac133fa-68ef-4921-8bb4-d040b7072d41, pipeline_])
2025-05-08 12:14:20,760 [73de0732-aa09-4d2e-8ccf-f79b8b9cbabe-CloseContainerThread-0] INFO  keyvalue.KeyValueContainer (KeyValueContainer.java:flushAndSyncDB(511)) - Synced container: KeyValueContainerData #4 (CLOSING, non-empty, ri=2, origin=[dn_73de0732-aa09-4d2e-8ccf-f79b8b9cbabe, pipeline_])
2025-05-08 12:14:20,760 [73de0732-aa09-4d2e-8ccf-f79b8b9cbabe-CloseContainerThread-0] INFO  keyvalue.KeyValueContainer (KeyValueContainer.java:flushAndSyncDB(511)) - Synced container: KeyValueContainerData #4 (CLOSING, non-empty, ri=2, origin=[dn_73de0732-aa09-4d2e-8ccf-f79b8b9cbabe, pipeline_])
2025-05-08 12:14:20,762 [7c8f0716-ab75-44b9-b6ec-eb9ccd1caa65-CloseContainerThread-1] INFO  keyvalue.KeyValueContainer (KeyValueContainer.java:flushAndSyncDB(511)) - Synced container: KeyValueContainerData #4 (CLOSING, non-empty, ri=3, origin=[dn_7c8f0716-ab75-44b9-b6ec-eb9ccd1caa65, pipeline_])
2025-05-08 12:14:20,762 [7c8f0716-ab75-44b9-b6ec-eb9ccd1caa65-CloseContainerThread-1] INFO  keyvalue.KeyValueContainer (KeyValueContainer.java:flushAndSyncDB(511)) - Synced container: KeyValueContainerData #4 (CLOSING, non-empty, ri=3, origin=[dn_7c8f0716-ab75-44b9-b6ec-eb9ccd1caa65, pipeline_])
2025-05-08 12:14:20,764 [317162a0-bd3d-40ad-b205-542abbf35090-CloseContainerThread-2] INFO  keyvalue.KeyValueContainer (KeyValueContainer.java:flushAndSyncDB(511)) - Synced container: KeyValueContainerData #4 (CLOSING, non-empty, ri=5, origin=[dn_317162a0-bd3d-40ad-b205-542abbf35090, pipeline_])
2025-05-08 12:14:20,764 [317162a0-bd3d-40ad-b205-542abbf35090-CloseContainerThread-2] INFO  keyvalue.KeyValueContainer (KeyValueContainer.java:flushAndSyncDB(511)) - Synced container: KeyValueContainerData #4 (CLOSING, non-empty, ri=5, origin=[dn_317162a0-bd3d-40ad-b205-542abbf35090, pipeline_])
2025-05-08 12:14:20,765 [7c8f0716-ab75-44b9-b6ec-eb9ccd1caa65-CloseContainerThread-1] INFO  keyvalue.KeyValueContainer (KeyValueContainer.java:close(427)) - Closed container: KeyValueContainerData #4 (CLOSED, non-empty, ri=3, origin=[dn_7c8f0716-ab75-44b9-b6ec-eb9ccd1caa65, pipeline_])
2025-05-08 12:14:20,766 [73de0732-aa09-4d2e-8ccf-f79b8b9cbabe-CloseContainerThread-0] INFO  keyvalue.KeyValueContainer (KeyValueContainer.java:close(427)) - Closed container: KeyValueContainerData #4 (CLOSED, non-empty, ri=2, origin=[dn_73de0732-aa09-4d2e-8ccf-f79b8b9cbabe, pipeline_])
2025-05-08 12:14:20,768 [317162a0-bd3d-40ad-b205-542abbf35090-CloseContainerThread-2] INFO  keyvalue.KeyValueContainer (KeyValueContainer.java:close(427)) - Closed container: KeyValueContainerData #4 (CLOSED, non-empty, ri=5, origin=[dn_317162a0-bd3d-40ad-b205-542abbf35090, pipeline_])
2025-05-08 12:14:20,985 [EventQueue-CloseContainerForCloseContainerEventHandler] INFO  container.CloseContainerEventHandler (CloseContainerEventHandler.java:onMessage(88)) - Close container Event triggered for container : #5, current state: OPEN
2025-05-08 12:14:20,987 [EventQueue-CloseContainerForCloseContainerEventHandler] INFO  container.CloseContainerEventHandler (CloseContainerEventHandler.java:onMessage(88)) - Close container Event triggered for container : #5, current state: CLOSING
2025-05-08 12:14:20,987 [EventQueue-CloseContainerForCloseContainerEventHandler] INFO  container.CloseContainerEventHandler (CloseContainerEventHandler.java:onMessage(88)) - Close container Event triggered for container : #5, current state: CLOSING
2025-05-08 12:14:20,987 [EventQueue-CloseContainerForCloseContainerEventHandler] INFO  container.CloseContainerEventHandler (CloseContainerEventHandler.java:onMessage(88)) - Close container Event triggered for container : #5, current state: CLOSING
2025-05-08 12:14:20,987 [EventQueue-CloseContainerForCloseContainerEventHandler] INFO  container.CloseContainerEventHandler (CloseContainerEventHandler.java:onMessage(88)) - Close container Event triggered for container : #5, current state: CLOSING
2025-05-08 12:14:21,104 [ReplicationMonitor] INFO  replication.ReplicationManager (ReplicationManager.java:sendDatanodeCommand(663)) - Sending command [closeContainerCommand: cmdID: 5, encodedToken: "", term: 0, deadlineMsSinceEpoch: 0, containerID: 5, pipelineID: PipelineID=1ec86d48-69ea-430d-a80f-2cf17e93e8fe, force: true] for container ContainerInfo{id=#5, state=CLOSING, stateEnterTime=2025-05-08T12:14:20.986854405Z, pipelineID=PipelineID=1ec86d48-69ea-430d-a80f-2cf17e93e8fe, owner=omServiceIdDefault} to 7c8f0716-ab75-44b9-b6ec-eb9ccd1caa65(localhost/127.0.0.1) with datanode deadline 1746706821104 and scm deadline 1746707181104
2025-05-08 12:14:21,104 [ReplicationMonitor] INFO  replication.ReplicationManager (ReplicationManager.java:sendDatanodeCommand(663)) - Sending command [closeContainerCommand: cmdID: 5, encodedToken: "", term: 0, deadlineMsSinceEpoch: 0, containerID: 5, pipelineID: PipelineID=1ec86d48-69ea-430d-a80f-2cf17e93e8fe, force: true] for container ContainerInfo{id=#5, state=CLOSING, stateEnterTime=2025-05-08T12:14:20.986854405Z, pipelineID=PipelineID=1ec86d48-69ea-430d-a80f-2cf17e93e8fe, owner=omServiceIdDefault} to 2ac133fa-68ef-4921-8bb4-d040b7072d41(localhost/127.0.0.1) with datanode deadline 1746706821104 and scm deadline 1746707181104
2025-05-08 12:14:21,104 [ReplicationMonitor] INFO  replication.ReplicationManager (ReplicationManager.java:sendDatanodeCommand(663)) - Sending command [closeContainerCommand: cmdID: 5, encodedToken: "", term: 0, deadlineMsSinceEpoch: 0, containerID: 5, pipelineID: PipelineID=1ec86d48-69ea-430d-a80f-2cf17e93e8fe, force: true] for container ContainerInfo{id=#5, state=CLOSING, stateEnterTime=2025-05-08T12:14:20.986854405Z, pipelineID=PipelineID=1ec86d48-69ea-430d-a80f-2cf17e93e8fe, owner=omServiceIdDefault} to 39727330-a832-4a1a-a148-c345636681a8(localhost/127.0.0.1) with datanode deadline 1746706821104 and scm deadline 1746707181104
2025-05-08 12:14:21,104 [ReplicationMonitor] INFO  replication.ReplicationManager (ReplicationManager.java:sendDatanodeCommand(663)) - Sending command [closeContainerCommand: cmdID: 5, encodedToken: "", term: 0, deadlineMsSinceEpoch: 0, containerID: 5, pipelineID: PipelineID=1ec86d48-69ea-430d-a80f-2cf17e93e8fe, force: true] for container ContainerInfo{id=#5, state=CLOSING, stateEnterTime=2025-05-08T12:14:20.986854405Z, pipelineID=PipelineID=1ec86d48-69ea-430d-a80f-2cf17e93e8fe, owner=omServiceIdDefault} to 317162a0-bd3d-40ad-b205-542abbf35090(localhost/127.0.0.1) with datanode deadline 1746706821104 and scm deadline 1746707181104
2025-05-08 12:14:21,104 [ReplicationMonitor] INFO  replication.ReplicationManager (ReplicationManager.java:sendDatanodeCommand(663)) - Sending command [closeContainerCommand: cmdID: 5, encodedToken: "", term: 0, deadlineMsSinceEpoch: 0, containerID: 5, pipelineID: PipelineID=1ec86d48-69ea-430d-a80f-2cf17e93e8fe, force: true] for container ContainerInfo{id=#5, state=CLOSING, stateEnterTime=2025-05-08T12:14:20.986854405Z, pipelineID=PipelineID=1ec86d48-69ea-430d-a80f-2cf17e93e8fe, owner=omServiceIdDefault} to 73de0732-aa09-4d2e-8ccf-f79b8b9cbabe(localhost/127.0.0.1) with datanode deadline 1746706821104 and scm deadline 1746707181104
2025-05-08 12:14:21,105 [ReplicationMonitor] INFO  replication.ReplicationManager (ReplicationManager.java:processAll(382)) - Replication Monitor Thread took 5 milliseconds for processing 7 containers.
2025-05-08 12:14:21,784 [7c8f0716-ab75-44b9-b6ec-eb9ccd1caa65-CloseContainerThread-1] INFO  keyvalue.KeyValueContainer (KeyValueContainer.java:flushAndSyncDB(511)) - Synced container: KeyValueContainerData #5 (CLOSING, non-empty, ri=2, origin=[dn_7c8f0716-ab75-44b9-b6ec-eb9ccd1caa65, pipeline_])
2025-05-08 12:14:21,784 [7c8f0716-ab75-44b9-b6ec-eb9ccd1caa65-CloseContainerThread-1] INFO  keyvalue.KeyValueContainer (KeyValueContainer.java:flushAndSyncDB(511)) - Synced container: KeyValueContainerData #5 (CLOSING, non-empty, ri=2, origin=[dn_7c8f0716-ab75-44b9-b6ec-eb9ccd1caa65, pipeline_])
2025-05-08 12:14:21,784 [73de0732-aa09-4d2e-8ccf-f79b8b9cbabe-CloseContainerThread-1] INFO  keyvalue.KeyValueContainer (KeyValueContainer.java:flushAndSyncDB(511)) - Synced container: KeyValueContainerData #5 (CLOSING, non-empty, ri=4, origin=[dn_73de0732-aa09-4d2e-8ccf-f79b8b9cbabe, pipeline_])
2025-05-08 12:14:21,785 [73de0732-aa09-4d2e-8ccf-f79b8b9cbabe-CloseContainerThread-1] INFO  keyvalue.KeyValueContainer (KeyValueContainer.java:flushAndSyncDB(511)) - Synced container: KeyValueContainerData #5 (CLOSING, non-empty, ri=4, origin=[dn_73de0732-aa09-4d2e-8ccf-f79b8b9cbabe, pipeline_])
2025-05-08 12:14:21,787 [317162a0-bd3d-40ad-b205-542abbf35090-CloseContainerThread-1] INFO  keyvalue.KeyValueContainer (KeyValueContainer.java:flushAndSyncDB(511)) - Synced container: KeyValueContainerData #5 (CLOSING, non-empty, ri=1, origin=[dn_317162a0-bd3d-40ad-b205-542abbf35090, pipeline_])
2025-05-08 12:14:21,788 [317162a0-bd3d-40ad-b205-542abbf35090-CloseContainerThread-1] INFO  keyvalue.KeyValueContainer (KeyValueContainer.java:flushAndSyncDB(511)) - Synced container: KeyValueContainerData #5 (CLOSING, non-empty, ri=1, origin=[dn_317162a0-bd3d-40ad-b205-542abbf35090, pipeline_])
2025-05-08 12:14:21,789 [73de0732-aa09-4d2e-8ccf-f79b8b9cbabe-CloseContainerThread-1] INFO  keyvalue.KeyValueContainer (KeyValueContainer.java:close(427)) - Closed container: KeyValueContainerData #5 (CLOSED, non-empty, ri=4, origin=[dn_73de0732-aa09-4d2e-8ccf-f79b8b9cbabe, pipeline_])
2025-05-08 12:14:21,789 [7c8f0716-ab75-44b9-b6ec-eb9ccd1caa65-CloseContainerThread-1] INFO  keyvalue.KeyValueContainer (KeyValueContainer.java:close(427)) - Closed container: KeyValueContainerData #5 (CLOSED, non-empty, ri=2, origin=[dn_7c8f0716-ab75-44b9-b6ec-eb9ccd1caa65, pipeline_])
2025-05-08 12:14:21,790 [FixedThreadPoolWithAffinityExecutor-9-0] INFO  container.IncrementalContainerReportHandler (AbstractContainerReportHandler.java:updateContainerState(289)) - CLOSE Container #5 (CLOSING, sid=0) r4 (CLOSED, bcsid=0, origin=73de0732-aa09-4d2e-8ccf-f79b8b9cbabe, non-empty) from dn 73de0732-aa09-4d2e-8ccf-f79b8b9cbabe(localhost/127.0.0.1)
2025-05-08 12:14:21,792 [317162a0-bd3d-40ad-b205-542abbf35090-CloseContainerThread-1] INFO  keyvalue.KeyValueContainer (KeyValueContainer.java:close(427)) - Closed container: KeyValueContainerData #5 (CLOSED, non-empty, ri=1, origin=[dn_317162a0-bd3d-40ad-b205-542abbf35090, pipeline_])
2025-05-08 12:14:22,106 [ReplicationMonitor] INFO  replication.ReplicationManager (ReplicationManager.java:sendDatanodeCommand(663)) - Sending command [closeContainerCommand: cmdID: 5, encodedToken: "", term: 0, deadlineMsSinceEpoch: 0, containerID: 5, pipelineID: PipelineID=1ec86d48-69ea-430d-a80f-2cf17e93e8fe, force: true] for container ContainerInfo{id=#5, state=CLOSED, stateEnterTime=2025-05-08T12:14:21.792687144Z, pipelineID=PipelineID=1ec86d48-69ea-430d-a80f-2cf17e93e8fe, owner=omServiceIdDefault} to 2ac133fa-68ef-4921-8bb4-d040b7072d41(localhost/127.0.0.1) with datanode deadline 1746706822106 and scm deadline 1746707182106
2025-05-08 12:14:22,106 [ReplicationMonitor] INFO  replication.ReplicationManager (ReplicationManager.java:sendDatanodeCommand(663)) - Sending command [closeContainerCommand: cmdID: 5, encodedToken: "", term: 0, deadlineMsSinceEpoch: 0, containerID: 5, pipelineID: PipelineID=1ec86d48-69ea-430d-a80f-2cf17e93e8fe, force: true] for container ContainerInfo{id=#5, state=CLOSED, stateEnterTime=2025-05-08T12:14:21.792687144Z, pipelineID=PipelineID=1ec86d48-69ea-430d-a80f-2cf17e93e8fe, owner=omServiceIdDefault} to 39727330-a832-4a1a-a148-c345636681a8(localhost/127.0.0.1) with datanode deadline 1746706822106 and scm deadline 1746707182106
2025-05-08 12:14:22,106 [ReplicationMonitor] INFO  replication.ReplicationManager (ReplicationManager.java:processAll(382)) - Replication Monitor Thread took 1 milliseconds for processing 7 containers.
2025-05-08 12:14:22,733 [39727330-a832-4a1a-a148-c345636681a8-CloseContainerThread-0] INFO  keyvalue.KeyValueContainer (KeyValueContainer.java:flushAndSyncDB(511)) - Synced container: KeyValueContainerData #5 (CLOSING, non-empty, ri=5, origin=[dn_39727330-a832-4a1a-a148-c345636681a8, pipeline_])
2025-05-08 12:14:22,733 [39727330-a832-4a1a-a148-c345636681a8-CloseContainerThread-0] INFO  keyvalue.KeyValueContainer (KeyValueContainer.java:flushAndSyncDB(511)) - Synced container: KeyValueContainerData #5 (CLOSING, non-empty, ri=5, origin=[dn_39727330-a832-4a1a-a148-c345636681a8, pipeline_])
2025-05-08 12:14:22,737 [2ac133fa-68ef-4921-8bb4-d040b7072d41-CloseContainerThread-0] INFO  keyvalue.KeyValueContainer (KeyValueContainer.java:flushAndSyncDB(511)) - Synced container: KeyValueContainerData #5 (CLOSING, non-empty, ri=3, origin=[dn_2ac133fa-68ef-4921-8bb4-d040b7072d41, pipeline_])
2025-05-08 12:14:22,737 [2ac133fa-68ef-4921-8bb4-d040b7072d41-CloseContainerThread-0] INFO  keyvalue.KeyValueContainer (KeyValueContainer.java:flushAndSyncDB(511)) - Synced container: KeyValueContainerData #5 (CLOSING, non-empty, ri=3, origin=[dn_2ac133fa-68ef-4921-8bb4-d040b7072d41, pipeline_])
2025-05-08 12:14:22,738 [39727330-a832-4a1a-a148-c345636681a8-CloseContainerThread-0] INFO  keyvalue.KeyValueContainer (KeyValueContainer.java:close(427)) - Closed container: KeyValueContainerData #5 (CLOSED, non-empty, ri=5, origin=[dn_39727330-a832-4a1a-a148-c345636681a8, pipeline_])
2025-05-08 12:14:22,740 [2ac133fa-68ef-4921-8bb4-d040b7072d41-CloseContainerThread-0] INFO  keyvalue.KeyValueContainer (KeyValueContainer.java:close(427)) - Closed container: KeyValueContainerData #5 (CLOSED, non-empty, ri=3, origin=[dn_2ac133fa-68ef-4921-8bb4-d040b7072d41, pipeline_])
2025-05-08 12:14:22,986 [EventQueue-CloseContainerForCloseContainerEventHandler] INFO  container.CloseContainerEventHandler (CloseContainerEventHandler.java:onMessage(88)) - Close container Event triggered for container : #6, current state: OPEN
2025-05-08 12:14:22,987 [EventQueue-CloseContainerForCloseContainerEventHandler] INFO  container.CloseContainerEventHandler (CloseContainerEventHandler.java:onMessage(88)) - Close container Event triggered for container : #6, current state: CLOSING
2025-05-08 12:14:22,988 [EventQueue-CloseContainerForCloseContainerEventHandler] INFO  container.CloseContainerEventHandler (CloseContainerEventHandler.java:onMessage(88)) - Close container Event triggered for container : #6, current state: CLOSING
2025-05-08 12:14:22,988 [EventQueue-CloseContainerForCloseContainerEventHandler] INFO  container.CloseContainerEventHandler (CloseContainerEventHandler.java:onMessage(88)) - Close container Event triggered for container : #6, current state: CLOSING
2025-05-08 12:14:22,988 [EventQueue-CloseContainerForCloseContainerEventHandler] INFO  container.CloseContainerEventHandler (CloseContainerEventHandler.java:onMessage(88)) - Close container Event triggered for container : #6, current state: CLOSING
2025-05-08 12:14:23,107 [ReplicationMonitor] INFO  replication.ReplicationManager (ReplicationManager.java:sendDatanodeCommand(663)) - Sending command [closeContainerCommand: cmdID: 6, encodedToken: "", term: 0, deadlineMsSinceEpoch: 0, containerID: 6, pipelineID: PipelineID=a67c54ff-1b45-4d41-a23b-02f77bb186f4, force: true] for container ContainerInfo{id=#6, state=CLOSING, stateEnterTime=2025-05-08T12:14:22.987448021Z, pipelineID=PipelineID=a67c54ff-1b45-4d41-a23b-02f77bb186f4, owner=omServiceIdDefault} to 73de0732-aa09-4d2e-8ccf-f79b8b9cbabe(localhost/127.0.0.1) with datanode deadline 1746706823107 and scm deadline 1746707183107
2025-05-08 12:14:23,108 [ReplicationMonitor] INFO  replication.ReplicationManager (ReplicationManager.java:sendDatanodeCommand(663)) - Sending command [closeContainerCommand: cmdID: 6, encodedToken: "", term: 0, deadlineMsSinceEpoch: 0, containerID: 6, pipelineID: PipelineID=a67c54ff-1b45-4d41-a23b-02f77bb186f4, force: true] for container ContainerInfo{id=#6, state=CLOSING, stateEnterTime=2025-05-08T12:14:22.987448021Z, pipelineID=PipelineID=a67c54ff-1b45-4d41-a23b-02f77bb186f4, owner=omServiceIdDefault} to 2ac133fa-68ef-4921-8bb4-d040b7072d41(localhost/127.0.0.1) with datanode deadline 1746706823108 and scm deadline 1746707183108
2025-05-08 12:14:23,108 [ReplicationMonitor] INFO  replication.ReplicationManager (ReplicationManager.java:sendDatanodeCommand(663)) - Sending command [closeContainerCommand: cmdID: 6, encodedToken: "", term: 0, deadlineMsSinceEpoch: 0, containerID: 6, pipelineID: PipelineID=a67c54ff-1b45-4d41-a23b-02f77bb186f4, force: true] for container ContainerInfo{id=#6, state=CLOSING, stateEnterTime=2025-05-08T12:14:22.987448021Z, pipelineID=PipelineID=a67c54ff-1b45-4d41-a23b-02f77bb186f4, owner=omServiceIdDefault} to 317162a0-bd3d-40ad-b205-542abbf35090(localhost/127.0.0.1) with datanode deadline 1746706823108 and scm deadline 1746707183108
2025-05-08 12:14:23,108 [ReplicationMonitor] INFO  replication.ReplicationManager (ReplicationManager.java:sendDatanodeCommand(663)) - Sending command [closeContainerCommand: cmdID: 6, encodedToken: "", term: 0, deadlineMsSinceEpoch: 0, containerID: 6, pipelineID: PipelineID=a67c54ff-1b45-4d41-a23b-02f77bb186f4, force: true] for container ContainerInfo{id=#6, state=CLOSING, stateEnterTime=2025-05-08T12:14:22.987448021Z, pipelineID=PipelineID=a67c54ff-1b45-4d41-a23b-02f77bb186f4, owner=omServiceIdDefault} to 7c8f0716-ab75-44b9-b6ec-eb9ccd1caa65(localhost/127.0.0.1) with datanode deadline 1746706823108 and scm deadline 1746707183108
2025-05-08 12:14:23,108 [ReplicationMonitor] INFO  replication.ReplicationManager (ReplicationManager.java:sendDatanodeCommand(663)) - Sending command [closeContainerCommand: cmdID: 6, encodedToken: "", term: 0, deadlineMsSinceEpoch: 0, containerID: 6, pipelineID: PipelineID=a67c54ff-1b45-4d41-a23b-02f77bb186f4, force: true] for container ContainerInfo{id=#6, state=CLOSING, stateEnterTime=2025-05-08T12:14:22.987448021Z, pipelineID=PipelineID=a67c54ff-1b45-4d41-a23b-02f77bb186f4, owner=omServiceIdDefault} to 39727330-a832-4a1a-a148-c345636681a8(localhost/127.0.0.1) with datanode deadline 1746706823108 and scm deadline 1746707183108
2025-05-08 12:14:23,108 [ReplicationMonitor] INFO  replication.ReplicationManager (ReplicationManager.java:processAll(382)) - Replication Monitor Thread took 2 milliseconds for processing 7 containers.
2025-05-08 12:14:24,109 [ReplicationMonitor] INFO  replication.ReplicationManager (ReplicationManager.java:sendDatanodeCommand(663)) - Sending command [closeContainerCommand: cmdID: 6, encodedToken: "", term: 0, deadlineMsSinceEpoch: 0, containerID: 6, pipelineID: PipelineID=a67c54ff-1b45-4d41-a23b-02f77bb186f4, force: true] for container ContainerInfo{id=#6, state=CLOSING, stateEnterTime=2025-05-08T12:14:22.987448021Z, pipelineID=PipelineID=a67c54ff-1b45-4d41-a23b-02f77bb186f4, owner=omServiceIdDefault} to 73de0732-aa09-4d2e-8ccf-f79b8b9cbabe(localhost/127.0.0.1) with datanode deadline 1746706824109 and scm deadline 1746707184109
2025-05-08 12:14:24,109 [ReplicationMonitor] INFO  replication.ReplicationManager (ReplicationManager.java:sendDatanodeCommand(663)) - Sending command [closeContainerCommand: cmdID: 6, encodedToken: "", term: 0, deadlineMsSinceEpoch: 0, containerID: 6, pipelineID: PipelineID=a67c54ff-1b45-4d41-a23b-02f77bb186f4, force: true] for container ContainerInfo{id=#6, state=CLOSING, stateEnterTime=2025-05-08T12:14:22.987448021Z, pipelineID=PipelineID=a67c54ff-1b45-4d41-a23b-02f77bb186f4, owner=omServiceIdDefault} to 2ac133fa-68ef-4921-8bb4-d040b7072d41(localhost/127.0.0.1) with datanode deadline 1746706824109 and scm deadline 1746707184109
2025-05-08 12:14:24,110 [ReplicationMonitor] INFO  replication.ReplicationManager (ReplicationManager.java:sendDatanodeCommand(663)) - Sending command [closeContainerCommand: cmdID: 6, encodedToken: "", term: 0, deadlineMsSinceEpoch: 0, containerID: 6, pipelineID: PipelineID=a67c54ff-1b45-4d41-a23b-02f77bb186f4, force: true] for container ContainerInfo{id=#6, state=CLOSING, stateEnterTime=2025-05-08T12:14:22.987448021Z, pipelineID=PipelineID=a67c54ff-1b45-4d41-a23b-02f77bb186f4, owner=omServiceIdDefault} to 317162a0-bd3d-40ad-b205-542abbf35090(localhost/127.0.0.1) with datanode deadline 1746706824109 and scm deadline 1746707184109
2025-05-08 12:14:24,110 [ReplicationMonitor] INFO  replication.ReplicationManager (ReplicationManager.java:sendDatanodeCommand(663)) - Sending command [closeContainerCommand: cmdID: 6, encodedToken: "", term: 0, deadlineMsSinceEpoch: 0, containerID: 6, pipelineID: PipelineID=a67c54ff-1b45-4d41-a23b-02f77bb186f4, force: true] for container ContainerInfo{id=#6, state=CLOSING, stateEnterTime=2025-05-08T12:14:22.987448021Z, pipelineID=PipelineID=a67c54ff-1b45-4d41-a23b-02f77bb186f4, owner=omServiceIdDefault} to 7c8f0716-ab75-44b9-b6ec-eb9ccd1caa65(localhost/127.0.0.1) with datanode deadline 1746706824110 and scm deadline 1746707184110
2025-05-08 12:14:24,110 [ReplicationMonitor] INFO  replication.ReplicationManager (ReplicationManager.java:sendDatanodeCommand(663)) - Sending command [closeContainerCommand: cmdID: 6, encodedToken: "", term: 0, deadlineMsSinceEpoch: 0, containerID: 6, pipelineID: PipelineID=a67c54ff-1b45-4d41-a23b-02f77bb186f4, force: true] for container ContainerInfo{id=#6, state=CLOSING, stateEnterTime=2025-05-08T12:14:22.987448021Z, pipelineID=PipelineID=a67c54ff-1b45-4d41-a23b-02f77bb186f4, owner=omServiceIdDefault} to 39727330-a832-4a1a-a148-c345636681a8(localhost/127.0.0.1) with datanode deadline 1746706824110 and scm deadline 1746707184110
2025-05-08 12:14:24,110 [ReplicationMonitor] INFO  replication.ReplicationManager (ReplicationManager.java:processAll(382)) - Replication Monitor Thread took 2 milliseconds for processing 7 containers.
2025-05-08 12:14:24,743 [39727330-a832-4a1a-a148-c345636681a8-CloseContainerThread-0] INFO  keyvalue.KeyValueContainer (KeyValueContainer.java:flushAndSyncDB(511)) - Synced container: KeyValueContainerData #6 (CLOSING, non-empty, ri=5, origin=[dn_39727330-a832-4a1a-a148-c345636681a8, pipeline_])
2025-05-08 12:14:24,743 [39727330-a832-4a1a-a148-c345636681a8-CloseContainerThread-0] INFO  keyvalue.KeyValueContainer (KeyValueContainer.java:flushAndSyncDB(511)) - Synced container: KeyValueContainerData #6 (CLOSING, non-empty, ri=5, origin=[dn_39727330-a832-4a1a-a148-c345636681a8, pipeline_])
2025-05-08 12:14:24,746 [39727330-a832-4a1a-a148-c345636681a8-CloseContainerThread-0] INFO  keyvalue.KeyValueContainer (KeyValueContainer.java:close(427)) - Closed container: KeyValueContainerData #6 (CLOSED, non-empty, ri=5, origin=[dn_39727330-a832-4a1a-a148-c345636681a8, pipeline_])
2025-05-08 12:14:24,747 [FixedThreadPoolWithAffinityExecutor-1-0] INFO  container.IncrementalContainerReportHandler (AbstractContainerReportHandler.java:updateContainerState(289)) - CLOSE Container #6 (CLOSING, sid=0) r5 (CLOSED, bcsid=0, origin=39727330-a832-4a1a-a148-c345636681a8, non-empty) from dn 39727330-a832-4a1a-a148-c345636681a8(localhost/127.0.0.1)
2025-05-08 12:14:24,793 [73de0732-aa09-4d2e-8ccf-f79b8b9cbabe-CloseContainerThread-0] INFO  keyvalue.KeyValueContainer (KeyValueContainer.java:flushAndSyncDB(511)) - Synced container: KeyValueContainerData #6 (CLOSING, non-empty, ri=4, origin=[dn_73de0732-aa09-4d2e-8ccf-f79b8b9cbabe, pipeline_])
2025-05-08 12:14:24,793 [73de0732-aa09-4d2e-8ccf-f79b8b9cbabe-CloseContainerThread-0] INFO  keyvalue.KeyValueContainer (KeyValueContainer.java:flushAndSyncDB(511)) - Synced container: KeyValueContainerData #6 (CLOSING, non-empty, ri=4, origin=[dn_73de0732-aa09-4d2e-8ccf-f79b8b9cbabe, pipeline_])
2025-05-08 12:14:24,795 [7c8f0716-ab75-44b9-b6ec-eb9ccd1caa65-CloseContainerThread-0] INFO  keyvalue.KeyValueContainer (KeyValueContainer.java:flushAndSyncDB(511)) - Synced container: KeyValueContainerData #6 (CLOSING, non-empty, ri=1, origin=[dn_7c8f0716-ab75-44b9-b6ec-eb9ccd1caa65, pipeline_])
2025-05-08 12:14:24,795 [7c8f0716-ab75-44b9-b6ec-eb9ccd1caa65-CloseContainerThread-0] INFO  keyvalue.KeyValueContainer (KeyValueContainer.java:flushAndSyncDB(511)) - Synced container: KeyValueContainerData #6 (CLOSING, non-empty, ri=1, origin=[dn_7c8f0716-ab75-44b9-b6ec-eb9ccd1caa65, pipeline_])
2025-05-08 12:14:24,796 [317162a0-bd3d-40ad-b205-542abbf35090-CloseContainerThread-2] INFO  keyvalue.KeyValueContainer (KeyValueContainer.java:flushAndSyncDB(511)) - Synced container: KeyValueContainerData #6 (CLOSING, non-empty, ri=3, origin=[dn_317162a0-bd3d-40ad-b205-542abbf35090, pipeline_])
2025-05-08 12:14:24,796 [317162a0-bd3d-40ad-b205-542abbf35090-CloseContainerThread-2] INFO  keyvalue.KeyValueContainer (KeyValueContainer.java:flushAndSyncDB(511)) - Synced container: KeyValueContainerData #6 (CLOSING, non-empty, ri=3, origin=[dn_317162a0-bd3d-40ad-b205-542abbf35090, pipeline_])
2025-05-08 12:14:24,797 [73de0732-aa09-4d2e-8ccf-f79b8b9cbabe-CloseContainerThread-0] INFO  keyvalue.KeyValueContainer (KeyValueContainer.java:close(427)) - Closed container: KeyValueContainerData #6 (CLOSED, non-empty, ri=4, origin=[dn_73de0732-aa09-4d2e-8ccf-f79b8b9cbabe, pipeline_])
2025-05-08 12:14:24,800 [7c8f0716-ab75-44b9-b6ec-eb9ccd1caa65-CloseContainerThread-0] INFO  keyvalue.KeyValueContainer (KeyValueContainer.java:close(427)) - Closed container: KeyValueContainerData #6 (CLOSED, non-empty, ri=1, origin=[dn_7c8f0716-ab75-44b9-b6ec-eb9ccd1caa65, pipeline_])
2025-05-08 12:14:24,802 [317162a0-bd3d-40ad-b205-542abbf35090-CloseContainerThread-2] INFO  keyvalue.KeyValueContainer (KeyValueContainer.java:close(427)) - Closed container: KeyValueContainerData #6 (CLOSED, non-empty, ri=3, origin=[dn_317162a0-bd3d-40ad-b205-542abbf35090, pipeline_])
2025-05-08 12:14:25,111 [ReplicationMonitor] INFO  replication.ReplicationManager (ReplicationManager.java:sendDatanodeCommand(663)) - Sending command [closeContainerCommand: cmdID: 6, encodedToken: "", term: 0, deadlineMsSinceEpoch: 0, containerID: 6, pipelineID: PipelineID=a67c54ff-1b45-4d41-a23b-02f77bb186f4, force: true] for container ContainerInfo{id=#6, state=CLOSED, stateEnterTime=2025-05-08T12:14:24.748735774Z, pipelineID=PipelineID=a67c54ff-1b45-4d41-a23b-02f77bb186f4, owner=omServiceIdDefault} to 2ac133fa-68ef-4921-8bb4-d040b7072d41(localhost/127.0.0.1) with datanode deadline 1746706825111 and scm deadline 1746707185111
2025-05-08 12:14:25,111 [ReplicationMonitor] INFO  replication.ReplicationManager (ReplicationManager.java:processAll(382)) - Replication Monitor Thread took 1 milliseconds for processing 7 containers.
2025-05-08 12:14:25,744 [2ac133fa-68ef-4921-8bb4-d040b7072d41-CloseContainerThread-2] INFO  keyvalue.KeyValueContainer (KeyValueContainer.java:flushAndSyncDB(511)) - Synced container: KeyValueContainerData #6 (CLOSING, non-empty, ri=2, origin=[dn_2ac133fa-68ef-4921-8bb4-d040b7072d41, pipeline_])
2025-05-08 12:14:25,744 [2ac133fa-68ef-4921-8bb4-d040b7072d41-CloseContainerThread-2] INFO  keyvalue.KeyValueContainer (KeyValueContainer.java:flushAndSyncDB(511)) - Synced container: KeyValueContainerData #6 (CLOSING, non-empty, ri=2, origin=[dn_2ac133fa-68ef-4921-8bb4-d040b7072d41, pipeline_])
2025-05-08 12:14:25,747 [2ac133fa-68ef-4921-8bb4-d040b7072d41-CloseContainerThread-2] INFO  keyvalue.KeyValueContainer (KeyValueContainer.java:close(427)) - Closed container: KeyValueContainerData #6 (CLOSED, non-empty, ri=2, origin=[dn_2ac133fa-68ef-4921-8bb4-d040b7072d41, pipeline_])
2025-05-08 12:14:25,986 [EventQueue-CloseContainerForCloseContainerEventHandler] INFO  container.CloseContainerEventHandler (CloseContainerEventHandler.java:onMessage(88)) - Close container Event triggered for container : #7, current state: OPEN
2025-05-08 12:14:25,988 [EventQueue-CloseContainerForCloseContainerEventHandler] INFO  container.CloseContainerEventHandler (CloseContainerEventHandler.java:onMessage(88)) - Close container Event triggered for container : #7, current state: CLOSING
2025-05-08 12:14:25,988 [EventQueue-CloseContainerForCloseContainerEventHandler] INFO  container.CloseContainerEventHandler (CloseContainerEventHandler.java:onMessage(88)) - Close container Event triggered for container : #7, current state: CLOSING
2025-05-08 12:14:25,988 [EventQueue-CloseContainerForCloseContainerEventHandler] INFO  container.CloseContainerEventHandler (CloseContainerEventHandler.java:onMessage(88)) - Close container Event triggered for container : #7, current state: CLOSING
2025-05-08 12:14:25,989 [EventQueue-CloseContainerForCloseContainerEventHandler] INFO  container.CloseContainerEventHandler (CloseContainerEventHandler.java:onMessage(88)) - Close container Event triggered for container : #7, current state: CLOSING
2025-05-08 12:14:26,113 [ReplicationMonitor] INFO  replication.ReplicationManager (ReplicationManager.java:sendDatanodeCommand(663)) - Sending command [closeContainerCommand: cmdID: 7, encodedToken: "", term: 0, deadlineMsSinceEpoch: 0, containerID: 7, pipelineID: PipelineID=6a708486-7b73-4682-80b4-31f55135d8d2, force: true] for container ContainerInfo{id=#7, state=CLOSING, stateEnterTime=2025-05-08T12:14:25.988263065Z, pipelineID=PipelineID=6a708486-7b73-4682-80b4-31f55135d8d2, owner=omServiceIdDefault} to 317162a0-bd3d-40ad-b205-542abbf35090(localhost/127.0.0.1) with datanode deadline 1746706826112 and scm deadline 1746707186112
2025-05-08 12:14:26,113 [ReplicationMonitor] INFO  replication.ReplicationManager (ReplicationManager.java:sendDatanodeCommand(663)) - Sending command [closeContainerCommand: cmdID: 7, encodedToken: "", term: 0, deadlineMsSinceEpoch: 0, containerID: 7, pipelineID: PipelineID=6a708486-7b73-4682-80b4-31f55135d8d2, force: true] for container ContainerInfo{id=#7, state=CLOSING, stateEnterTime=2025-05-08T12:14:25.988263065Z, pipelineID=PipelineID=6a708486-7b73-4682-80b4-31f55135d8d2, owner=omServiceIdDefault} to 7c8f0716-ab75-44b9-b6ec-eb9ccd1caa65(localhost/127.0.0.1) with datanode deadline 1746706826113 and scm deadline 1746707186113
2025-05-08 12:14:26,113 [ReplicationMonitor] INFO  replication.ReplicationManager (ReplicationManager.java:sendDatanodeCommand(663)) - Sending command [closeContainerCommand: cmdID: 7, encodedToken: "", term: 0, deadlineMsSinceEpoch: 0, containerID: 7, pipelineID: PipelineID=6a708486-7b73-4682-80b4-31f55135d8d2, force: true] for container ContainerInfo{id=#7, state=CLOSING, stateEnterTime=2025-05-08T12:14:25.988263065Z, pipelineID=PipelineID=6a708486-7b73-4682-80b4-31f55135d8d2, owner=omServiceIdDefault} to 2ac133fa-68ef-4921-8bb4-d040b7072d41(localhost/127.0.0.1) with datanode deadline 1746706826113 and scm deadline 1746707186113
2025-05-08 12:14:26,113 [ReplicationMonitor] INFO  replication.ReplicationManager (ReplicationManager.java:sendDatanodeCommand(663)) - Sending command [closeContainerCommand: cmdID: 7, encodedToken: "", term: 0, deadlineMsSinceEpoch: 0, containerID: 7, pipelineID: PipelineID=6a708486-7b73-4682-80b4-31f55135d8d2, force: true] for container ContainerInfo{id=#7, state=CLOSING, stateEnterTime=2025-05-08T12:14:25.988263065Z, pipelineID=PipelineID=6a708486-7b73-4682-80b4-31f55135d8d2, owner=omServiceIdDefault} to 39727330-a832-4a1a-a148-c345636681a8(localhost/127.0.0.1) with datanode deadline 1746706826113 and scm deadline 1746707186113
2025-05-08 12:14:26,113 [ReplicationMonitor] INFO  replication.ReplicationManager (ReplicationManager.java:sendDatanodeCommand(663)) - Sending command [closeContainerCommand: cmdID: 7, encodedToken: "", term: 0, deadlineMsSinceEpoch: 0, containerID: 7, pipelineID: PipelineID=6a708486-7b73-4682-80b4-31f55135d8d2, force: true] for container ContainerInfo{id=#7, state=CLOSING, stateEnterTime=2025-05-08T12:14:25.988263065Z, pipelineID=PipelineID=6a708486-7b73-4682-80b4-31f55135d8d2, owner=omServiceIdDefault} to 73de0732-aa09-4d2e-8ccf-f79b8b9cbabe(localhost/127.0.0.1) with datanode deadline 1746706826113 and scm deadline 1746707186113
2025-05-08 12:14:26,113 [ReplicationMonitor] INFO  replication.ReplicationManager (ReplicationManager.java:processAll(382)) - Replication Monitor Thread took 2 milliseconds for processing 7 containers.
2025-05-08 12:14:27,114 [ReplicationMonitor] INFO  replication.ReplicationManager (ReplicationManager.java:sendDatanodeCommand(663)) - Sending command [closeContainerCommand: cmdID: 7, encodedToken: "", term: 0, deadlineMsSinceEpoch: 0, containerID: 7, pipelineID: PipelineID=6a708486-7b73-4682-80b4-31f55135d8d2, force: true] for container ContainerInfo{id=#7, state=CLOSING, stateEnterTime=2025-05-08T12:14:25.988263065Z, pipelineID=PipelineID=6a708486-7b73-4682-80b4-31f55135d8d2, owner=omServiceIdDefault} to 317162a0-bd3d-40ad-b205-542abbf35090(localhost/127.0.0.1) with datanode deadline 1746706827114 and scm deadline 1746707187114
2025-05-08 12:14:27,114 [ReplicationMonitor] INFO  replication.ReplicationManager (ReplicationManager.java:sendDatanodeCommand(663)) - Sending command [closeContainerCommand: cmdID: 7, encodedToken: "", term: 0, deadlineMsSinceEpoch: 0, containerID: 7, pipelineID: PipelineID=6a708486-7b73-4682-80b4-31f55135d8d2, force: true] for container ContainerInfo{id=#7, state=CLOSING, stateEnterTime=2025-05-08T12:14:25.988263065Z, pipelineID=PipelineID=6a708486-7b73-4682-80b4-31f55135d8d2, owner=omServiceIdDefault} to 7c8f0716-ab75-44b9-b6ec-eb9ccd1caa65(localhost/127.0.0.1) with datanode deadline 1746706827114 and scm deadline 1746707187114
2025-05-08 12:14:27,115 [ReplicationMonitor] INFO  replication.ReplicationManager (ReplicationManager.java:sendDatanodeCommand(663)) - Sending command [closeContainerCommand: cmdID: 7, encodedToken: "", term: 0, deadlineMsSinceEpoch: 0, containerID: 7, pipelineID: PipelineID=6a708486-7b73-4682-80b4-31f55135d8d2, force: true] for container ContainerInfo{id=#7, state=CLOSING, stateEnterTime=2025-05-08T12:14:25.988263065Z, pipelineID=PipelineID=6a708486-7b73-4682-80b4-31f55135d8d2, owner=omServiceIdDefault} to 2ac133fa-68ef-4921-8bb4-d040b7072d41(localhost/127.0.0.1) with datanode deadline 1746706827114 and scm deadline 1746707187114
2025-05-08 12:14:27,115 [ReplicationMonitor] INFO  replication.ReplicationManager (ReplicationManager.java:sendDatanodeCommand(663)) - Sending command [closeContainerCommand: cmdID: 7, encodedToken: "", term: 0, deadlineMsSinceEpoch: 0, containerID: 7, pipelineID: PipelineID=6a708486-7b73-4682-80b4-31f55135d8d2, force: true] for container ContainerInfo{id=#7, state=CLOSING, stateEnterTime=2025-05-08T12:14:25.988263065Z, pipelineID=PipelineID=6a708486-7b73-4682-80b4-31f55135d8d2, owner=omServiceIdDefault} to 39727330-a832-4a1a-a148-c345636681a8(localhost/127.0.0.1) with datanode deadline 1746706827115 and scm deadline 1746707187115
2025-05-08 12:14:27,115 [ReplicationMonitor] INFO  replication.ReplicationManager (ReplicationManager.java:sendDatanodeCommand(663)) - Sending command [closeContainerCommand: cmdID: 7, encodedToken: "", term: 0, deadlineMsSinceEpoch: 0, containerID: 7, pipelineID: PipelineID=6a708486-7b73-4682-80b4-31f55135d8d2, force: true] for container ContainerInfo{id=#7, state=CLOSING, stateEnterTime=2025-05-08T12:14:25.988263065Z, pipelineID=PipelineID=6a708486-7b73-4682-80b4-31f55135d8d2, owner=omServiceIdDefault} to 73de0732-aa09-4d2e-8ccf-f79b8b9cbabe(localhost/127.0.0.1) with datanode deadline 1746706827115 and scm deadline 1746707187115
2025-05-08 12:14:27,115 [ReplicationMonitor] INFO  replication.ReplicationManager (ReplicationManager.java:processAll(382)) - Replication Monitor Thread took 2 milliseconds for processing 7 containers.
2025-05-08 12:14:27,753 [2ac133fa-68ef-4921-8bb4-d040b7072d41-CloseContainerThread-1] INFO  keyvalue.KeyValueContainer (KeyValueContainer.java:flushAndSyncDB(511)) - Synced container: KeyValueContainerData #7 (CLOSING, non-empty, ri=1, origin=[dn_2ac133fa-68ef-4921-8bb4-d040b7072d41, pipeline_])
2025-05-08 12:14:27,753 [2ac133fa-68ef-4921-8bb4-d040b7072d41-CloseContainerThread-1] INFO  keyvalue.KeyValueContainer (KeyValueContainer.java:flushAndSyncDB(511)) - Synced container: KeyValueContainerData #7 (CLOSING, non-empty, ri=1, origin=[dn_2ac133fa-68ef-4921-8bb4-d040b7072d41, pipeline_])
2025-05-08 12:14:27,762 [39727330-a832-4a1a-a148-c345636681a8-CloseContainerThread-0] INFO  keyvalue.KeyValueContainer (KeyValueContainer.java:flushAndSyncDB(511)) - Synced container: KeyValueContainerData #7 (CLOSING, non-empty, ri=4, origin=[dn_39727330-a832-4a1a-a148-c345636681a8, pipeline_])
2025-05-08 12:14:27,762 [39727330-a832-4a1a-a148-c345636681a8-CloseContainerThread-0] INFO  keyvalue.KeyValueContainer (KeyValueContainer.java:flushAndSyncDB(511)) - Synced container: KeyValueContainerData #7 (CLOSING, non-empty, ri=4, origin=[dn_39727330-a832-4a1a-a148-c345636681a8, pipeline_])
2025-05-08 12:14:27,768 [2ac133fa-68ef-4921-8bb4-d040b7072d41-CloseContainerThread-1] INFO  keyvalue.KeyValueContainer (KeyValueContainer.java:close(427)) - Closed container: KeyValueContainerData #7 (CLOSED, non-empty, ri=1, origin=[dn_2ac133fa-68ef-4921-8bb4-d040b7072d41, pipeline_])
2025-05-08 12:14:27,769 [FixedThreadPoolWithAffinityExecutor-8-0] INFO  container.IncrementalContainerReportHandler (AbstractContainerReportHandler.java:updateContainerState(289)) - CLOSE Container #7 (CLOSING, sid=0) r1 (CLOSED, bcsid=0, origin=2ac133fa-68ef-4921-8bb4-d040b7072d41, non-empty) from dn 2ac133fa-68ef-4921-8bb4-d040b7072d41(localhost/127.0.0.1)
2025-05-08 12:14:27,773 [39727330-a832-4a1a-a148-c345636681a8-CloseContainerThread-0] INFO  keyvalue.KeyValueContainer (KeyValueContainer.java:close(427)) - Closed container: KeyValueContainerData #7 (CLOSED, non-empty, ri=4, origin=[dn_39727330-a832-4a1a-a148-c345636681a8, pipeline_])
2025-05-08 12:14:27,805 [7c8f0716-ab75-44b9-b6ec-eb9ccd1caa65-CloseContainerThread-0] INFO  keyvalue.KeyValueContainer (KeyValueContainer.java:flushAndSyncDB(511)) - Synced container: KeyValueContainerData #7 (CLOSING, non-empty, ri=2, origin=[dn_7c8f0716-ab75-44b9-b6ec-eb9ccd1caa65, pipeline_])
2025-05-08 12:14:27,805 [7c8f0716-ab75-44b9-b6ec-eb9ccd1caa65-CloseContainerThread-0] INFO  keyvalue.KeyValueContainer (KeyValueContainer.java:flushAndSyncDB(511)) - Synced container: KeyValueContainerData #7 (CLOSING, non-empty, ri=2, origin=[dn_7c8f0716-ab75-44b9-b6ec-eb9ccd1caa65, pipeline_])
2025-05-08 12:14:27,806 [317162a0-bd3d-40ad-b205-542abbf35090-CloseContainerThread-2] INFO  keyvalue.KeyValueContainer (KeyValueContainer.java:flushAndSyncDB(511)) - Synced container: KeyValueContainerData #7 (CLOSING, non-empty, ri=3, origin=[dn_317162a0-bd3d-40ad-b205-542abbf35090, pipeline_])
2025-05-08 12:14:27,806 [317162a0-bd3d-40ad-b205-542abbf35090-CloseContainerThread-2] INFO  keyvalue.KeyValueContainer (KeyValueContainer.java:flushAndSyncDB(511)) - Synced container: KeyValueContainerData #7 (CLOSING, non-empty, ri=3, origin=[dn_317162a0-bd3d-40ad-b205-542abbf35090, pipeline_])
2025-05-08 12:14:27,810 [7c8f0716-ab75-44b9-b6ec-eb9ccd1caa65-CloseContainerThread-0] INFO  keyvalue.KeyValueContainer (KeyValueContainer.java:close(427)) - Closed container: KeyValueContainerData #7 (CLOSED, non-empty, ri=2, origin=[dn_7c8f0716-ab75-44b9-b6ec-eb9ccd1caa65, pipeline_])
2025-05-08 12:14:27,810 [317162a0-bd3d-40ad-b205-542abbf35090-CloseContainerThread-2] INFO  keyvalue.KeyValueContainer (KeyValueContainer.java:close(427)) - Closed container: KeyValueContainerData #7 (CLOSED, non-empty, ri=3, origin=[dn_317162a0-bd3d-40ad-b205-542abbf35090, pipeline_])
2025-05-08 12:14:28,116 [ReplicationMonitor] INFO  replication.ReplicationManager (ReplicationManager.java:sendDatanodeCommand(663)) - Sending command [closeContainerCommand: cmdID: 7, encodedToken: "", term: 0, deadlineMsSinceEpoch: 0, containerID: 7, pipelineID: PipelineID=6a708486-7b73-4682-80b4-31f55135d8d2, force: true] for container ContainerInfo{id=#7, state=CLOSED, stateEnterTime=2025-05-08T12:14:27.773500416Z, pipelineID=PipelineID=6a708486-7b73-4682-80b4-31f55135d8d2, owner=omServiceIdDefault} to 73de0732-aa09-4d2e-8ccf-f79b8b9cbabe(localhost/127.0.0.1) with datanode deadline 1746706828116 and scm deadline 1746707188116
2025-05-08 12:14:28,116 [ReplicationMonitor] INFO  replication.ReplicationManager (ReplicationManager.java:processAll(382)) - Replication Monitor Thread took 1 milliseconds for processing 7 containers.
2025-05-08 12:14:28,803 [73de0732-aa09-4d2e-8ccf-f79b8b9cbabe-CloseContainerThread-0] INFO  keyvalue.KeyValueContainer (KeyValueContainer.java:flushAndSyncDB(511)) - Synced container: KeyValueContainerData #7 (CLOSING, non-empty, ri=5, origin=[dn_73de0732-aa09-4d2e-8ccf-f79b8b9cbabe, pipeline_])
2025-05-08 12:14:28,803 [73de0732-aa09-4d2e-8ccf-f79b8b9cbabe-CloseContainerThread-0] INFO  keyvalue.KeyValueContainer (KeyValueContainer.java:flushAndSyncDB(511)) - Synced container: KeyValueContainerData #7 (CLOSING, non-empty, ri=5, origin=[dn_73de0732-aa09-4d2e-8ccf-f79b8b9cbabe, pipeline_])
2025-05-08 12:14:28,807 [73de0732-aa09-4d2e-8ccf-f79b8b9cbabe-CloseContainerThread-0] INFO  keyvalue.KeyValueContainer (KeyValueContainer.java:close(427)) - Closed container: KeyValueContainerData #7 (CLOSED, non-empty, ri=5, origin=[dn_73de0732-aa09-4d2e-8ccf-f79b8b9cbabe, pipeline_])
2025-05-08 12:14:28,987 [main] INFO  rpc.RpcClient (RpcClient.java:createVolume(463)) - Creating Volume: vol2551904936, with runner as owner and space quota set to -1 bytes, counts quota set to -1
2025-05-08 12:14:28,992 [om1-OMStateMachineApplyTransactionThread - 0] INFO  volume.OMVolumeCreateRequest (OMVolumeCreateRequest.java:validateAndUpdateCache(203)) - created volume:vol2551904936 for user:runner
2025-05-08 12:14:28,994 [main] INFO  rpc.RpcClient (RpcClient.java:createBucket(688)) - Creating Bucket: vol2551904936/bucket8909702451, with server-side default bucket layout, runner as owner, Versioning false, Storage Type set to DISK and Encryption set to false, Replication Type set to server-side default replication type, Namespace Quota set to -1, Space Quota set to -1 
2025-05-08 12:14:28,996 [om1-OMStateMachineApplyTransactionThread - 0] INFO  bucket.OMBucketCreateRequest (OMBucketCreateRequest.java:validateAndUpdateCache(292)) - created bucket: bucket8909702451 of layout FILE_SYSTEM_OPTIMIZED in volume: vol2551904936
2025-05-08 12:14:29,119 [ReplicationMonitor] INFO  replication.ReplicationManager (ReplicationManager.java:processAll(382)) - Replication Monitor Thread took 3 milliseconds for processing 10 containers.
2025-05-08 12:14:30,122 [ReplicationMonitor] INFO  replication.ReplicationManager (ReplicationManager.java:processAll(382)) - Replication Monitor Thread took 1 milliseconds for processing 10 containers.
2025-05-08 12:14:31,123 [ReplicationMonitor] INFO  replication.ReplicationManager (ReplicationManager.java:processAll(382)) - Replication Monitor Thread took 1 milliseconds for processing 10 containers.
2025-05-08 12:14:32,127 [ReplicationMonitor] INFO  replication.ReplicationManager (ReplicationManager.java:processAll(382)) - Replication Monitor Thread took 2 milliseconds for processing 10 containers.
2025-05-08 12:14:33,129 [ReplicationMonitor] INFO  replication.ReplicationManager (ReplicationManager.java:processAll(382)) - Replication Monitor Thread took 2 milliseconds for processing 10 containers.
2025-05-08 12:14:34,130 [ReplicationMonitor] INFO  replication.ReplicationManager (ReplicationManager.java:processAll(382)) - Replication Monitor Thread took 1 milliseconds for processing 10 containers.
2025-05-08 12:14:35,133 [ReplicationMonitor] INFO  replication.ReplicationManager (ReplicationManager.java:processAll(382)) - Replication Monitor Thread took 2 milliseconds for processing 10 containers.
2025-05-08 12:14:36,135 [ReplicationMonitor] INFO  replication.ReplicationManager (ReplicationManager.java:processAll(382)) - Replication Monitor Thread took 1 milliseconds for processing 10 containers.
2025-05-08 12:14:36,627 [IPC Server handler 15 on default port 15001] INFO  algorithms.SCMContainerPlacementRackScatter (SCMContainerPlacementRackScatter.java:chooseDatanodesInternal(369)) - Chosen nodes: [39727330-a832-4a1a-a148-c345636681a8(localhost/127.0.0.1), 73de0732-aa09-4d2e-8ccf-f79b8b9cbabe(localhost/127.0.0.1), 317162a0-bd3d-40ad-b205-542abbf35090(localhost/127.0.0.1), 2ac133fa-68ef-4921-8bb4-d040b7072d41(localhost/127.0.0.1), 7c8f0716-ab75-44b9-b6ec-eb9ccd1caa65(localhost/127.0.0.1)]. isPolicySatisfied: true.
2025-05-08 12:14:36,634 [IPC Server handler 15 on default port 15001] INFO  pipeline.WritableECContainerProvider (WritableECContainerProvider.java:allocateContainer(209)) - Created and opened new pipeline Pipeline{ Id: 982f7b9c-b744-4172-affd-323c17dc8487, Nodes: [ {39727330-a832-4a1a-a148-c345636681a8(localhost/127.0.0.1), ReplicaIndex: 1}, {73de0732-aa09-4d2e-8ccf-f79b8b9cbabe(localhost/127.0.0.1), ReplicaIndex: 2}, {317162a0-bd3d-40ad-b205-542abbf35090(localhost/127.0.0.1), ReplicaIndex: 3}, {2ac133fa-68ef-4921-8bb4-d040b7072d41(localhost/127.0.0.1), ReplicaIndex: 4}, {7c8f0716-ab75-44b9-b6ec-eb9ccd1caa65(localhost/127.0.0.1), ReplicaIndex: 5},], ReplicationConfig: EC{rs-3-2-1024k}, State:ALLOCATED, leaderId:, CreationTimestamp2025-05-08T12:14:36.628417998Z[Etc/UTC]}
2025-05-08 12:14:36,636 [IPC Server handler 15 on default port 15001] INFO  pipeline.PipelineManagerImpl (PipelineManagerImpl.java:closePipeline(509)) - Pipeline PipelineID=1ec86d48-69ea-430d-a80f-2cf17e93e8fe moved to CLOSED state
2025-05-08 12:14:36,638 [IPC Server handler 15 on default port 15001] INFO  pipeline.PipelineManagerImpl (PipelineManagerImpl.java:closePipeline(509)) - Pipeline PipelineID=a67c54ff-1b45-4d41-a23b-02f77bb186f4 moved to CLOSED state
2025-05-08 12:14:36,639 [IPC Server handler 15 on default port 15001] INFO  pipeline.PipelineManagerImpl (PipelineManagerImpl.java:closePipeline(509)) - Pipeline PipelineID=83b1f760-1813-4576-8df3-bb8a3a6e464c moved to CLOSED state
2025-05-08 12:14:36,639 [IPC Server handler 15 on default port 15001] INFO  algorithms.SCMContainerPlacementRackScatter (SCMContainerPlacementRackScatter.java:chooseDatanodesInternal(369)) - Chosen nodes: [2ac133fa-68ef-4921-8bb4-d040b7072d41(localhost/127.0.0.1), 73de0732-aa09-4d2e-8ccf-f79b8b9cbabe(localhost/127.0.0.1), 317162a0-bd3d-40ad-b205-542abbf35090(localhost/127.0.0.1), 39727330-a832-4a1a-a148-c345636681a8(localhost/127.0.0.1), 7c8f0716-ab75-44b9-b6ec-eb9ccd1caa65(localhost/127.0.0.1)]. isPolicySatisfied: true.
2025-05-08 12:14:36,642 [IPC Server handler 15 on default port 15001] INFO  pipeline.WritableECContainerProvider (WritableECContainerProvider.java:allocateContainer(209)) - Created and opened new pipeline Pipeline{ Id: c698bde7-de0e-4be4-823e-0823616dc383, Nodes: [ {2ac133fa-68ef-4921-8bb4-d040b7072d41(localhost/127.0.0.1), ReplicaIndex: 1}, {73de0732-aa09-4d2e-8ccf-f79b8b9cbabe(localhost/127.0.0.1), ReplicaIndex: 2}, {317162a0-bd3d-40ad-b205-542abbf35090(localhost/127.0.0.1), ReplicaIndex: 3}, {39727330-a832-4a1a-a148-c345636681a8(localhost/127.0.0.1), ReplicaIndex: 4}, {7c8f0716-ab75-44b9-b6ec-eb9ccd1caa65(localhost/127.0.0.1), ReplicaIndex: 5},], ReplicationConfig: EC{rs-3-2-1024k}, State:ALLOCATED, leaderId:, CreationTimestamp2025-05-08T12:14:36.639866684Z[Etc/UTC]}
2025-05-08 12:14:36,643 [IPC Server handler 15 on default port 15001] INFO  algorithms.SCMContainerPlacementRackScatter (SCMContainerPlacementRackScatter.java:chooseDatanodesInternal(369)) - Chosen nodes: [317162a0-bd3d-40ad-b205-542abbf35090(localhost/127.0.0.1), 39727330-a832-4a1a-a148-c345636681a8(localhost/127.0.0.1), 2ac133fa-68ef-4921-8bb4-d040b7072d41(localhost/127.0.0.1), 73de0732-aa09-4d2e-8ccf-f79b8b9cbabe(localhost/127.0.0.1), 7c8f0716-ab75-44b9-b6ec-eb9ccd1caa65(localhost/127.0.0.1)]. isPolicySatisfied: true.
2025-05-08 12:14:36,646 [IPC Server handler 15 on default port 15001] INFO  pipeline.WritableECContainerProvider (WritableECContainerProvider.java:allocateContainer(209)) - Created and opened new pipeline Pipeline{ Id: 05c24195-2f99-4dbd-9f4e-a0ffb3af0f66, Nodes: [ {317162a0-bd3d-40ad-b205-542abbf35090(localhost/127.0.0.1), ReplicaIndex: 1}, {39727330-a832-4a1a-a148-c345636681a8(localhost/127.0.0.1), ReplicaIndex: 2}, {2ac133fa-68ef-4921-8bb4-d040b7072d41(localhost/127.0.0.1), ReplicaIndex: 3}, {73de0732-aa09-4d2e-8ccf-f79b8b9cbabe(localhost/127.0.0.1), ReplicaIndex: 4}, {7c8f0716-ab75-44b9-b6ec-eb9ccd1caa65(localhost/127.0.0.1), ReplicaIndex: 5},], ReplicationConfig: EC{rs-3-2-1024k}, State:ALLOCATED, leaderId:, CreationTimestamp2025-05-08T12:14:36.643476984Z[Etc/UTC]}
2025-05-08 12:14:37,137 [ReplicationMonitor] INFO  replication.ReplicationManager (ReplicationManager.java:processAll(382)) - Replication Monitor Thread took 1 milliseconds for processing 13 containers.
]]></system-out>
  </testcase>
  <testcase name="readAfterReplication(boolean)[1]" classname="org.apache.hadoop.ozone.client.rpc.read.TestKeyInputStream" time="6.493">
    <system-out><![CDATA[2025-05-08 12:14:37,654 [main] INFO  rpc.RpcClient (RpcClient.java:createVolume(463)) - Creating Volume: vol6938037734, with runner as owner and space quota set to -1 bytes, counts quota set to -1
2025-05-08 12:14:37,656 [om1-OMStateMachineApplyTransactionThread - 0] INFO  volume.OMVolumeCreateRequest (OMVolumeCreateRequest.java:validateAndUpdateCache(203)) - created volume:vol6938037734 for user:runner
2025-05-08 12:14:37,658 [main] INFO  rpc.RpcClient (RpcClient.java:createBucket(688)) - Creating Bucket: vol6938037734/bucket1887101283, with server-side default bucket layout, runner as owner, Versioning false, Storage Type set to DISK and Encryption set to false, Replication Type set to server-side default replication type, Namespace Quota set to -1, Space Quota set to -1 
2025-05-08 12:14:37,660 [om1-OMStateMachineApplyTransactionThread - 0] INFO  bucket.OMBucketCreateRequest (OMBucketCreateRequest.java:validateAndUpdateCache(292)) - created bucket: bucket1887101283 of layout FILE_SYSTEM_OPTIMIZED in volume: vol6938037734
2025-05-08 12:14:37,699 [main] INFO  container.TestHelper (TestHelper.java:countReplicas(429)) - Container 10 has 3 replicas on [317162a0-bd3d-40ad-b205-542abbf35090, 73de0732-aa09-4d2e-8ccf-f79b8b9cbabe, 7c8f0716-ab75-44b9-b6ec-eb9ccd1caa65]
2025-05-08 12:14:37,699 [EventQueue-CloseContainerForCloseContainerEventHandler] INFO  container.CloseContainerEventHandler (CloseContainerEventHandler.java:onMessage(88)) - Close container Event triggered for container : #10, current state: OPEN
2025-05-08 12:14:37,700 [EventQueue-CloseContainerForCloseContainerEventHandler] INFO  container.CloseContainerEventHandler (CloseContainerEventHandler.java:onMessage(88)) - Close container Event triggered for container : #10, current state: CLOSING
2025-05-08 12:14:37,701 [EventQueue-CloseContainerForCloseContainerEventHandler] INFO  container.CloseContainerEventHandler (CloseContainerEventHandler.java:onMessage(88)) - Close container Event triggered for container : #10, current state: CLOSING
2025-05-08 12:14:38,139 [ReplicationMonitor] INFO  replication.ReplicationManager (ReplicationManager.java:sendDatanodeCommand(663)) - Sending command [closeContainerCommand: cmdID: 10, encodedToken: "", term: 0, deadlineMsSinceEpoch: 0, containerID: 10, pipelineID: PipelineID=30af3b1a-a629-40eb-b1f1-cf0b59c01792, force: false] for container ContainerInfo{id=#10, state=CLOSING, stateEnterTime=2025-05-08T12:14:37.700682773Z, pipelineID=PipelineID=30af3b1a-a629-40eb-b1f1-cf0b59c01792, owner=omServiceIdDefault} to 73de0732-aa09-4d2e-8ccf-f79b8b9cbabe(localhost/127.0.0.1) with datanode deadline 1746706838139 and scm deadline 1746707198139
2025-05-08 12:14:38,139 [ReplicationMonitor] INFO  replication.ReplicationManager (ReplicationManager.java:sendDatanodeCommand(663)) - Sending command [closeContainerCommand: cmdID: 10, encodedToken: "", term: 0, deadlineMsSinceEpoch: 0, containerID: 10, pipelineID: PipelineID=30af3b1a-a629-40eb-b1f1-cf0b59c01792, force: false] for container ContainerInfo{id=#10, state=CLOSING, stateEnterTime=2025-05-08T12:14:37.700682773Z, pipelineID=PipelineID=30af3b1a-a629-40eb-b1f1-cf0b59c01792, owner=omServiceIdDefault} to 317162a0-bd3d-40ad-b205-542abbf35090(localhost/127.0.0.1) with datanode deadline 1746706838139 and scm deadline 1746707198139
2025-05-08 12:14:38,139 [ReplicationMonitor] INFO  replication.ReplicationManager (ReplicationManager.java:sendDatanodeCommand(663)) - Sending command [closeContainerCommand: cmdID: 10, encodedToken: "", term: 0, deadlineMsSinceEpoch: 0, containerID: 10, pipelineID: PipelineID=30af3b1a-a629-40eb-b1f1-cf0b59c01792, force: false] for container ContainerInfo{id=#10, state=CLOSING, stateEnterTime=2025-05-08T12:14:37.700682773Z, pipelineID=PipelineID=30af3b1a-a629-40eb-b1f1-cf0b59c01792, owner=omServiceIdDefault} to 7c8f0716-ab75-44b9-b6ec-eb9ccd1caa65(localhost/127.0.0.1) with datanode deadline 1746706838139 and scm deadline 1746707198139
2025-05-08 12:14:38,140 [ReplicationMonitor] INFO  replication.ReplicationManager (ReplicationManager.java:processAll(382)) - Replication Monitor Thread took 2 milliseconds for processing 13 containers.
2025-05-08 12:14:39,141 [ReplicationMonitor] INFO  replication.ReplicationManager (ReplicationManager.java:sendDatanodeCommand(663)) - Sending command [closeContainerCommand: cmdID: 10, encodedToken: "", term: 0, deadlineMsSinceEpoch: 0, containerID: 10, pipelineID: PipelineID=30af3b1a-a629-40eb-b1f1-cf0b59c01792, force: false] for container ContainerInfo{id=#10, state=CLOSING, stateEnterTime=2025-05-08T12:14:37.700682773Z, pipelineID=PipelineID=30af3b1a-a629-40eb-b1f1-cf0b59c01792, owner=omServiceIdDefault} to 73de0732-aa09-4d2e-8ccf-f79b8b9cbabe(localhost/127.0.0.1) with datanode deadline 1746706839141 and scm deadline 1746707199141
2025-05-08 12:14:39,141 [ReplicationMonitor] INFO  replication.ReplicationManager (ReplicationManager.java:sendDatanodeCommand(663)) - Sending command [closeContainerCommand: cmdID: 10, encodedToken: "", term: 0, deadlineMsSinceEpoch: 0, containerID: 10, pipelineID: PipelineID=30af3b1a-a629-40eb-b1f1-cf0b59c01792, force: false] for container ContainerInfo{id=#10, state=CLOSING, stateEnterTime=2025-05-08T12:14:37.700682773Z, pipelineID=PipelineID=30af3b1a-a629-40eb-b1f1-cf0b59c01792, owner=omServiceIdDefault} to 317162a0-bd3d-40ad-b205-542abbf35090(localhost/127.0.0.1) with datanode deadline 1746706839141 and scm deadline 1746707199141
2025-05-08 12:14:39,141 [ReplicationMonitor] INFO  replication.ReplicationManager (ReplicationManager.java:sendDatanodeCommand(663)) - Sending command [closeContainerCommand: cmdID: 10, encodedToken: "", term: 0, deadlineMsSinceEpoch: 0, containerID: 10, pipelineID: PipelineID=30af3b1a-a629-40eb-b1f1-cf0b59c01792, force: false] for container ContainerInfo{id=#10, state=CLOSING, stateEnterTime=2025-05-08T12:14:37.700682773Z, pipelineID=PipelineID=30af3b1a-a629-40eb-b1f1-cf0b59c01792, owner=omServiceIdDefault} to 7c8f0716-ab75-44b9-b6ec-eb9ccd1caa65(localhost/127.0.0.1) with datanode deadline 1746706839141 and scm deadline 1746707199141
2025-05-08 12:14:39,142 [ReplicationMonitor] INFO  replication.ReplicationManager (ReplicationManager.java:processAll(382)) - Replication Monitor Thread took 2 milliseconds for processing 13 containers.
2025-05-08 12:14:40,143 [ReplicationMonitor] INFO  replication.ReplicationManager (ReplicationManager.java:sendDatanodeCommand(663)) - Sending command [closeContainerCommand: cmdID: 10, encodedToken: "", term: 0, deadlineMsSinceEpoch: 0, containerID: 10, pipelineID: PipelineID=30af3b1a-a629-40eb-b1f1-cf0b59c01792, force: false] for container ContainerInfo{id=#10, state=CLOSING, stateEnterTime=2025-05-08T12:14:37.700682773Z, pipelineID=PipelineID=30af3b1a-a629-40eb-b1f1-cf0b59c01792, owner=omServiceIdDefault} to 73de0732-aa09-4d2e-8ccf-f79b8b9cbabe(localhost/127.0.0.1) with datanode deadline 1746706840143 and scm deadline 1746707200143
2025-05-08 12:14:40,143 [ReplicationMonitor] INFO  replication.ReplicationManager (ReplicationManager.java:sendDatanodeCommand(663)) - Sending command [closeContainerCommand: cmdID: 10, encodedToken: "", term: 0, deadlineMsSinceEpoch: 0, containerID: 10, pipelineID: PipelineID=30af3b1a-a629-40eb-b1f1-cf0b59c01792, force: false] for container ContainerInfo{id=#10, state=CLOSING, stateEnterTime=2025-05-08T12:14:37.700682773Z, pipelineID=PipelineID=30af3b1a-a629-40eb-b1f1-cf0b59c01792, owner=omServiceIdDefault} to 317162a0-bd3d-40ad-b205-542abbf35090(localhost/127.0.0.1) with datanode deadline 1746706840143 and scm deadline 1746707200143
2025-05-08 12:14:40,143 [ReplicationMonitor] INFO  replication.ReplicationManager (ReplicationManager.java:sendDatanodeCommand(663)) - Sending command [closeContainerCommand: cmdID: 10, encodedToken: "", term: 0, deadlineMsSinceEpoch: 0, containerID: 10, pipelineID: PipelineID=30af3b1a-a629-40eb-b1f1-cf0b59c01792, force: false] for container ContainerInfo{id=#10, state=CLOSING, stateEnterTime=2025-05-08T12:14:37.700682773Z, pipelineID=PipelineID=30af3b1a-a629-40eb-b1f1-cf0b59c01792, owner=omServiceIdDefault} to 7c8f0716-ab75-44b9-b6ec-eb9ccd1caa65(localhost/127.0.0.1) with datanode deadline 1746706840143 and scm deadline 1746707200143
2025-05-08 12:14:40,143 [ReplicationMonitor] INFO  replication.ReplicationManager (ReplicationManager.java:processAll(382)) - Replication Monitor Thread took 1 milliseconds for processing 13 containers.
2025-05-08 12:14:41,046 [73de0732-aa09-4d2e-8ccf-f79b8b9cbabe-CloseContainerThread-0] INFO  commandhandler.CloseContainerCommandHandler (CloseContainerCommandHandler.java:lambda$handle$0(154)) - Follower cannot close container #10.
2025-05-08 12:14:41,047 [317162a0-bd3d-40ad-b205-542abbf35090-CloseContainerThread-1] INFO  commandhandler.CloseContainerCommandHandler (CloseContainerCommandHandler.java:lambda$handle$0(154)) - Follower cannot close container #10.
2025-05-08 12:14:41,047 [73de0732-aa09-4d2e-8ccf-f79b8b9cbabe-CloseContainerThread-2] INFO  commandhandler.CloseContainerCommandHandler (CloseContainerCommandHandler.java:lambda$handle$0(154)) - Follower cannot close container #10.
2025-05-08 12:14:41,049 [317162a0-bd3d-40ad-b205-542abbf35090-CloseContainerThread-0] INFO  commandhandler.CloseContainerCommandHandler (CloseContainerCommandHandler.java:lambda$handle$0(154)) - Follower cannot close container #10.
2025-05-08 12:14:41,049 [317162a0-bd3d-40ad-b205-542abbf35090-CloseContainerThread-2] INFO  commandhandler.CloseContainerCommandHandler (CloseContainerCommandHandler.java:lambda$handle$0(154)) - Follower cannot close container #10.
2025-05-08 12:14:41,050 [73de0732-aa09-4d2e-8ccf-f79b8b9cbabe-CloseContainerThread-1] INFO  commandhandler.CloseContainerCommandHandler (CloseContainerCommandHandler.java:lambda$handle$0(154)) - Follower cannot close container #10.
2025-05-08 12:14:41,054 [7c8f0716-ab75-44b9-b6ec-eb9ccd1caa65-ContainerOp-30af3b1a-a629-40eb-b1f1-cf0b59c01792-1] INFO  keyvalue.KeyValueContainer (KeyValueContainer.java:flushAndSyncDB(511)) - Synced container: KeyValueContainerData #10 (CLOSING, non-empty, ri=0, origin=[dn_7c8f0716-ab75-44b9-b6ec-eb9ccd1caa65, pipeline_30af3b1a-a629-40eb-b1f1-cf0b59c01792])
2025-05-08 12:14:41,054 [7c8f0716-ab75-44b9-b6ec-eb9ccd1caa65-ContainerOp-30af3b1a-a629-40eb-b1f1-cf0b59c01792-1] INFO  keyvalue.KeyValueContainer (KeyValueContainer.java:flushAndSyncDB(511)) - Synced container: KeyValueContainerData #10 (CLOSING, non-empty, ri=0, origin=[dn_7c8f0716-ab75-44b9-b6ec-eb9ccd1caa65, pipeline_30af3b1a-a629-40eb-b1f1-cf0b59c01792])
2025-05-08 12:14:41,055 [317162a0-bd3d-40ad-b205-542abbf35090-ContainerOp-30af3b1a-a629-40eb-b1f1-cf0b59c01792-8] INFO  keyvalue.KeyValueContainer (KeyValueContainer.java:flushAndSyncDB(511)) - Synced container: KeyValueContainerData #10 (CLOSING, non-empty, ri=0, origin=[dn_317162a0-bd3d-40ad-b205-542abbf35090, pipeline_30af3b1a-a629-40eb-b1f1-cf0b59c01792])
2025-05-08 12:14:41,054 [73de0732-aa09-4d2e-8ccf-f79b8b9cbabe-ContainerOp-30af3b1a-a629-40eb-b1f1-cf0b59c01792-0] INFO  keyvalue.KeyValueContainer (KeyValueContainer.java:flushAndSyncDB(511)) - Synced container: KeyValueContainerData #10 (CLOSING, non-empty, ri=0, origin=[dn_73de0732-aa09-4d2e-8ccf-f79b8b9cbabe, pipeline_30af3b1a-a629-40eb-b1f1-cf0b59c01792])
2025-05-08 12:14:41,055 [73de0732-aa09-4d2e-8ccf-f79b8b9cbabe-ContainerOp-30af3b1a-a629-40eb-b1f1-cf0b59c01792-0] INFO  keyvalue.KeyValueContainer (KeyValueContainer.java:flushAndSyncDB(511)) - Synced container: KeyValueContainerData #10 (CLOSING, non-empty, ri=0, origin=[dn_73de0732-aa09-4d2e-8ccf-f79b8b9cbabe, pipeline_30af3b1a-a629-40eb-b1f1-cf0b59c01792])
2025-05-08 12:14:41,055 [317162a0-bd3d-40ad-b205-542abbf35090-ContainerOp-30af3b1a-a629-40eb-b1f1-cf0b59c01792-8] INFO  keyvalue.KeyValueContainer (KeyValueContainer.java:flushAndSyncDB(511)) - Synced container: KeyValueContainerData #10 (CLOSING, non-empty, ri=0, origin=[dn_317162a0-bd3d-40ad-b205-542abbf35090, pipeline_30af3b1a-a629-40eb-b1f1-cf0b59c01792])
2025-05-08 12:14:41,060 [73de0732-aa09-4d2e-8ccf-f79b8b9cbabe-ContainerOp-30af3b1a-a629-40eb-b1f1-cf0b59c01792-0] INFO  keyvalue.KeyValueContainer (KeyValueContainer.java:close(427)) - Closed container: KeyValueContainerData #10 (CLOSED, non-empty, ri=0, origin=[dn_73de0732-aa09-4d2e-8ccf-f79b8b9cbabe, pipeline_30af3b1a-a629-40eb-b1f1-cf0b59c01792])
2025-05-08 12:14:41,060 [7c8f0716-ab75-44b9-b6ec-eb9ccd1caa65-ContainerOp-30af3b1a-a629-40eb-b1f1-cf0b59c01792-1] INFO  keyvalue.KeyValueContainer (KeyValueContainer.java:close(427)) - Closed container: KeyValueContainerData #10 (CLOSED, non-empty, ri=0, origin=[dn_7c8f0716-ab75-44b9-b6ec-eb9ccd1caa65, pipeline_30af3b1a-a629-40eb-b1f1-cf0b59c01792])
2025-05-08 12:14:41,060 [317162a0-bd3d-40ad-b205-542abbf35090-ContainerOp-30af3b1a-a629-40eb-b1f1-cf0b59c01792-8] INFO  keyvalue.KeyValueContainer (KeyValueContainer.java:close(427)) - Closed container: KeyValueContainerData #10 (CLOSED, non-empty, ri=0, origin=[dn_317162a0-bd3d-40ad-b205-542abbf35090, pipeline_30af3b1a-a629-40eb-b1f1-cf0b59c01792])
2025-05-08 12:14:41,062 [FixedThreadPoolWithAffinityExecutor-0-0] INFO  container.IncrementalContainerReportHandler (AbstractContainerReportHandler.java:updateContainerState(289)) - CLOSE Container #10 (CLOSING, sid=459) r0 (CLOSED, bcsid=459, origin=7c8f0716-ab75-44b9-b6ec-eb9ccd1caa65, non-empty) from dn 7c8f0716-ab75-44b9-b6ec-eb9ccd1caa65(localhost/127.0.0.1)
2025-05-08 12:14:41,144 [ReplicationMonitor] INFO  replication.ReplicationManager (ReplicationManager.java:processAll(382)) - Replication Monitor Thread took 1 milliseconds for processing 13 containers.
2025-05-08 12:14:41,210 [main] INFO  ozoneimpl.OzoneContainer (OzoneContainer.java:stop(536)) - Attempting to stop container services.
2025-05-08 12:14:41,210 [ContainerMetadataScanner] WARN  ozoneimpl.AbstractBackgroundContainerScanner (AbstractBackgroundContainerScanner.java:handleRemainingSleep(136)) - Background container scan was interrupted.
2025-05-08 12:14:41,210 [ContainerMetadataScanner] INFO  ozoneimpl.AbstractBackgroundContainerScanner (AbstractBackgroundContainerScanner.java:run(63)) - org.apache.hadoop.ozone.container.ozoneimpl.BackgroundContainerMetadataScanner@67aacfa6 exiting.
2025-05-08 12:14:41,211 [main] INFO  ozoneimpl.BackgroundContainerDataScanner (BackgroundContainerDataScanner.java:shutdown(141)) - ContainerDataScanner(/home/runner/work/ozone/ozone/hadoop-ozone/integration-test/target/test-dir/MiniOzoneClusterImpl-efc39a28-6472-4ee4-b6fc-2c7f8ca0458d/ozone-meta/datanode-3/data-0/hdds) is shutting down. 
2025-05-08 12:14:41,211 [ContainerDataScanner(/home/runner/work/ozone/ozone/hadoop-ozone/integration-test/target/test-dir/MiniOzoneClusterImpl-efc39a28-6472-4ee4-b6fc-2c7f8ca0458d/ozone-meta/datanode-3/data-0/hdds)] WARN  ozoneimpl.AbstractBackgroundContainerScanner (AbstractBackgroundContainerScanner.java:handleRemainingSleep(136)) - Background container scan was interrupted.
2025-05-08 12:14:41,211 [ContainerDataScanner(/home/runner/work/ozone/ozone/hadoop-ozone/integration-test/target/test-dir/MiniOzoneClusterImpl-efc39a28-6472-4ee4-b6fc-2c7f8ca0458d/ozone-meta/datanode-3/data-0/hdds)] INFO  ozoneimpl.AbstractBackgroundContainerScanner (AbstractBackgroundContainerScanner.java:run(63)) - ContainerDataScanner(/home/runner/work/ozone/ozone/hadoop-ozone/integration-test/target/test-dir/MiniOzoneClusterImpl-efc39a28-6472-4ee4-b6fc-2c7f8ca0458d/ozone-meta/datanode-3/data-0/hdds, DS-d78b44f1-460a-4c7a-8bc6-a770e4961356) exiting.
2025-05-08 12:14:41,211 [main] INFO  ozoneimpl.OnDemandContainerDataScanner (OnDemandContainerDataScanner.java:shutdownScanner(208)) - On-demand container scanner is shutting down.
2025-05-08 12:14:41,216 [main] INFO  ratis.XceiverServerRatis (XceiverServerRatis.java:stop(594)) - Closing XceiverServerRatis(7c8f0716-ab75-44b9-b6ec-eb9ccd1caa65)
2025-05-08 12:14:41,216 [main] INFO  server.RaftServer (RaftServerProxy.java:lambda$close$9(417)) - 7c8f0716-ab75-44b9-b6ec-eb9ccd1caa65: close
2025-05-08 12:14:41,216 [7c8f0716-ab75-44b9-b6ec-eb9ccd1caa65-impl-thread1] INFO  server.RaftServer$Division (RaftServerImpl.java:lambda$close$1(513)) - 7c8f0716-ab75-44b9-b6ec-eb9ccd1caa65@group-D66A53B01281: shutdown
2025-05-08 12:14:41,217 [7c8f0716-ab75-44b9-b6ec-eb9ccd1caa65-impl-thread1] INFO  util.JmxRegister (JmxRegister.java:unregister(74)) - Successfully un-registered JMX Bean with object name Ratis:service=RaftServer,group=group-D66A53B01281,id=7c8f0716-ab75-44b9-b6ec-eb9ccd1caa65
2025-05-08 12:14:41,217 [main] INFO  server.GrpcService (GrpcService.java:closeImpl(343)) - 7c8f0716-ab75-44b9-b6ec-eb9ccd1caa65: shutdown server org.apache.ratis.grpc.server.GrpcClientProtocolService now
2025-05-08 12:14:41,217 [7c8f0716-ab75-44b9-b6ec-eb9ccd1caa65-impl-thread2] INFO  server.RaftServer$Division (RaftServerImpl.java:lambda$close$1(513)) - 7c8f0716-ab75-44b9-b6ec-eb9ccd1caa65@group-CF0B59C01792: shutdown
2025-05-08 12:14:41,217 [7c8f0716-ab75-44b9-b6ec-eb9ccd1caa65-impl-thread2] INFO  util.JmxRegister (JmxRegister.java:unregister(74)) - Successfully un-registered JMX Bean with object name Ratis:service=RaftServer,group=group-CF0B59C01792,id=7c8f0716-ab75-44b9-b6ec-eb9ccd1caa65
2025-05-08 12:14:41,217 [7c8f0716-ab75-44b9-b6ec-eb9ccd1caa65-impl-thread2] INFO  impl.RoleInfo (RoleInfo.java:shutdownLeaderState(103)) - 7c8f0716-ab75-44b9-b6ec-eb9ccd1caa65: shutdown 7c8f0716-ab75-44b9-b6ec-eb9ccd1caa65@group-CF0B59C01792-LeaderStateImpl
2025-05-08 12:14:41,217 [7c8f0716-ab75-44b9-b6ec-eb9ccd1caa65-impl-thread1] INFO  impl.RoleInfo (RoleInfo.java:shutdownLeaderState(103)) - 7c8f0716-ab75-44b9-b6ec-eb9ccd1caa65: shutdown 7c8f0716-ab75-44b9-b6ec-eb9ccd1caa65@group-D66A53B01281-LeaderStateImpl
2025-05-08 12:14:41,217 [7c8f0716-ab75-44b9-b6ec-eb9ccd1caa65-impl-thread1] INFO  impl.PendingRequests (PendingRequests.java:sendNotLeaderResponses(287)) - 7c8f0716-ab75-44b9-b6ec-eb9ccd1caa65@group-D66A53B01281-PendingRequests: sendNotLeaderResponses
2025-05-08 12:14:41,217 [7c8f0716-ab75-44b9-b6ec-eb9ccd1caa65@group-CF0B59C01792->317162a0-bd3d-40ad-b205-542abbf35090-GrpcLogAppender-LogAppenderDaemon] WARN  server.GrpcLogAppender (GrpcLogAppender.java:mayWait(293)) - 7c8f0716-ab75-44b9-b6ec-eb9ccd1caa65@group-CF0B59C01792->317162a0-bd3d-40ad-b205-542abbf35090-GrpcLogAppender: Wait interrupted by java.lang.InterruptedException
2025-05-08 12:14:41,217 [7c8f0716-ab75-44b9-b6ec-eb9ccd1caa65-impl-thread2] INFO  impl.PendingRequests (PendingRequests.java:sendNotLeaderResponses(287)) - 7c8f0716-ab75-44b9-b6ec-eb9ccd1caa65@group-CF0B59C01792-PendingRequests: sendNotLeaderResponses
2025-05-08 12:14:41,218 [7c8f0716-ab75-44b9-b6ec-eb9ccd1caa65-impl-thread1] INFO  impl.StateMachineUpdater (StateMachineUpdater.java:stopAndJoin(164)) - 7c8f0716-ab75-44b9-b6ec-eb9ccd1caa65@group-D66A53B01281-StateMachineUpdater: set stopIndex = 0
2025-05-08 12:14:41,219 [7c8f0716-ab75-44b9-b6ec-eb9ccd1caa65@group-CF0B59C01792->73de0732-aa09-4d2e-8ccf-f79b8b9cbabe-GrpcLogAppender-LogAppenderDaemon] WARN  server.GrpcLogAppender (GrpcLogAppender.java:mayWait(293)) - 7c8f0716-ab75-44b9-b6ec-eb9ccd1caa65@group-CF0B59C01792->73de0732-aa09-4d2e-8ccf-f79b8b9cbabe-GrpcLogAppender: Wait interrupted by java.lang.InterruptedException
2025-05-08 12:14:41,219 [7c8f0716-ab75-44b9-b6ec-eb9ccd1caa65-impl-thread2] INFO  impl.StateMachineUpdater (StateMachineUpdater.java:stopAndJoin(164)) - 7c8f0716-ab75-44b9-b6ec-eb9ccd1caa65@group-CF0B59C01792-StateMachineUpdater: set stopIndex = 468
2025-05-08 12:14:41,219 [grpc-default-executor-6] WARN  server.GrpcClientProtocolService (LogUtils.java:warn(121)) - 4-OrderedRequestStreamObserver4: onError: org.apache.ratis.thirdparty.io.grpc.StatusRuntimeException: CANCELLED: client cancelled
2025-05-08 12:14:41,220 [7c8f0716-ab75-44b9-b6ec-eb9ccd1caa65@group-D66A53B01281-StateMachineUpdater] INFO  ratis.ContainerStateMachine (ContainerStateMachine.java:takeSnapshot(427)) - group-D66A53B01281: Taking a snapshot at:(t:1, i:0) file /home/runner/work/ozone/ozone/hadoop-ozone/integration-test/target/test-dir/MiniOzoneClusterImpl-efc39a28-6472-4ee4-b6fc-2c7f8ca0458d/ozone-meta/datanode-3/ratis/01286881-081e-4ccb-bb09-d66a53b01281/sm/snapshot.1_0
2025-05-08 12:14:41,221 [grpc-default-executor-5] INFO  server.GrpcServerProtocolService (GrpcServerProtocolService.java:onCompleted(157)) - 317162a0-bd3d-40ad-b205-542abbf35090: Completed APPEND_ENTRIES, lastRequest: 7c8f0716-ab75-44b9-b6ec-eb9ccd1caa65->317162a0-bd3d-40ad-b205-542abbf35090#823-t1,previous=(t:1, i:467),leaderCommit=467,initializing? false,entries: size=1, first=(t:1, i:468), METADATAENTRY(c:467)
2025-05-08 12:14:41,221 [grpc-default-executor-5] INFO  server.GrpcServerProtocolService (GrpcServerProtocolService.java:lambda$onCompleted$5(159)) - 317162a0-bd3d-40ad-b205-542abbf35090: Completed APPEND_ENTRIES, lastReply: null
2025-05-08 12:14:41,221 [Thread-697] INFO  server.GrpcServerProtocolClient (GrpcServerProtocolClient.java:close(105)) - 73de0732-aa09-4d2e-8ccf-f79b8b9cbabe Close channels
2025-05-08 12:14:41,221 [7c8f0716-ab75-44b9-b6ec-eb9ccd1caa65@group-CF0B59C01792-StateMachineUpdater] INFO  ratis.ContainerStateMachine (ContainerStateMachine.java:takeSnapshot(427)) - group-CF0B59C01792: Taking a snapshot at:(t:1, i:468) file /home/runner/work/ozone/ozone/hadoop-ozone/integration-test/target/test-dir/MiniOzoneClusterImpl-efc39a28-6472-4ee4-b6fc-2c7f8ca0458d/ozone-meta/datanode-3/ratis/30af3b1a-a629-40eb-b1f1-cf0b59c01792/sm/snapshot.1_468
2025-05-08 12:14:41,221 [Thread-698] INFO  server.GrpcServerProtocolClient (GrpcServerProtocolClient.java:close(105)) - 317162a0-bd3d-40ad-b205-542abbf35090 Close channels
2025-05-08 12:14:41,222 [grpc-default-executor-0] WARN  server.GrpcClientProtocolService (LogUtils.java:warn(121)) - 5-UnorderedRequestStreamObserver5: onError: org.apache.ratis.thirdparty.io.grpc.StatusRuntimeException: CANCELLED: client cancelled
2025-05-08 12:14:41,222 [grpc-default-executor-0] INFO  server.GrpcServerProtocolService (GrpcServerProtocolService.java:onCompleted(157)) - 73de0732-aa09-4d2e-8ccf-f79b8b9cbabe: Completed APPEND_ENTRIES, lastRequest: 7c8f0716-ab75-44b9-b6ec-eb9ccd1caa65->73de0732-aa09-4d2e-8ccf-f79b8b9cbabe#816-t1,previous=(t:1, i:467),leaderCommit=467,initializing? false,entries: size=1, first=(t:1, i:468), METADATAENTRY(c:467)
2025-05-08 12:14:41,222 [grpc-default-executor-0] INFO  server.GrpcServerProtocolService (GrpcServerProtocolService.java:lambda$onCompleted$5(159)) - 73de0732-aa09-4d2e-8ccf-f79b8b9cbabe: Completed APPEND_ENTRIES, lastReply: null
2025-05-08 12:14:41,222 [grpc-default-executor-6] INFO  server.GrpcServerProtocolService (GrpcServerProtocolService.java:onCompleted(157)) - 317162a0-bd3d-40ad-b205-542abbf35090: Completed APPEND_ENTRIES, lastRequest: null
2025-05-08 12:14:41,223 [grpc-default-executor-0] INFO  server.GrpcServerProtocolService (GrpcServerProtocolService.java:onCompleted(157)) - 73de0732-aa09-4d2e-8ccf-f79b8b9cbabe: Completed APPEND_ENTRIES, lastRequest: null
2025-05-08 12:14:41,223 [grpc-default-executor-3] INFO  server.GrpcLogAppender (GrpcLogAppender.java:onCompleted(550)) - 7c8f0716-ab75-44b9-b6ec-eb9ccd1caa65@group-CF0B59C01792->317162a0-bd3d-40ad-b205-542abbf35090-AppendLogResponseHandler: follower responses appendEntries COMPLETED
2025-05-08 12:14:41,224 [grpc-default-executor-3] WARN  server.GrpcLogAppender (GrpcLogAppender.java:resetClient(230)) - 7c8f0716-ab75-44b9-b6ec-eb9ccd1caa65@group-CF0B59C01792->317162a0-bd3d-40ad-b205-542abbf35090-GrpcLogAppender: Failed to getClient for 317162a0-bd3d-40ad-b205-542abbf35090
org.apache.ratis.protocol.exceptions.AlreadyClosedException: 7c8f0716-ab75-44b9-b6ec-eb9ccd1caa65 is already CLOSED
	at org.apache.ratis.util.PeerProxyMap$PeerAndProxy.getProxy(PeerProxyMap.java:67)
	at org.apache.ratis.util.PeerProxyMap.getProxy(PeerProxyMap.java:124)
	at org.apache.ratis.grpc.server.GrpcLogAppender.getClient(GrpcLogAppender.java:200)
	at org.apache.ratis.grpc.server.GrpcLogAppender.resetClient(GrpcLogAppender.java:205)
	at org.apache.ratis.grpc.server.GrpcLogAppender.access$800(GrpcLogAppender.java:64)
	at org.apache.ratis.grpc.server.GrpcLogAppender$AppendLogResponseHandler.onCompleted(GrpcLogAppender.java:551)
	at org.apache.ratis.thirdparty.io.grpc.stub.ClientCalls$StreamObserverToCallListenerAdapter.onClose(ClientCalls.java:479)
	at org.apache.ratis.thirdparty.io.grpc.internal.ClientCallImpl.closeObserver(ClientCallImpl.java:567)
	at org.apache.ratis.thirdparty.io.grpc.internal.ClientCallImpl.access$300(ClientCallImpl.java:71)
	at org.apache.ratis.thirdparty.io.grpc.internal.ClientCallImpl$ClientStreamListenerImpl$1StreamClosed.runInternal(ClientCallImpl.java:735)
	at org.apache.ratis.thirdparty.io.grpc.internal.ClientCallImpl$ClientStreamListenerImpl$1StreamClosed.runInContext(ClientCallImpl.java:716)
	at org.apache.ratis.thirdparty.io.grpc.internal.ContextRunnable.run(ContextRunnable.java:37)
	at org.apache.ratis.thirdparty.io.grpc.internal.SerializingExecutor.run(SerializingExecutor.java:133)
	at java.base/java.util.concurrent.ThreadPoolExecutor.runWorker(ThreadPoolExecutor.java:1144)
	at java.base/java.util.concurrent.ThreadPoolExecutor$Worker.run(ThreadPoolExecutor.java:642)
	at java.base/java.lang.Thread.run(Thread.java:1583)
2025-05-08 12:14:41,224 [grpc-default-executor-5] INFO  server.GrpcLogAppender (GrpcLogAppender.java:onCompleted(550)) - 7c8f0716-ab75-44b9-b6ec-eb9ccd1caa65@group-CF0B59C01792->73de0732-aa09-4d2e-8ccf-f79b8b9cbabe-AppendLogResponseHandler: follower responses appendEntries COMPLETED
2025-05-08 12:14:41,224 [grpc-default-executor-5] WARN  server.GrpcLogAppender (GrpcLogAppender.java:resetClient(230)) - 7c8f0716-ab75-44b9-b6ec-eb9ccd1caa65@group-CF0B59C01792->73de0732-aa09-4d2e-8ccf-f79b8b9cbabe-GrpcLogAppender: Failed to getClient for 73de0732-aa09-4d2e-8ccf-f79b8b9cbabe
org.apache.ratis.protocol.exceptions.AlreadyClosedException: 7c8f0716-ab75-44b9-b6ec-eb9ccd1caa65 is already CLOSED
	at org.apache.ratis.util.PeerProxyMap$PeerAndProxy.getProxy(PeerProxyMap.java:67)
	at org.apache.ratis.util.PeerProxyMap.getProxy(PeerProxyMap.java:124)
	at org.apache.ratis.grpc.server.GrpcLogAppender.getClient(GrpcLogAppender.java:200)
	at org.apache.ratis.grpc.server.GrpcLogAppender.resetClient(GrpcLogAppender.java:205)
	at org.apache.ratis.grpc.server.GrpcLogAppender.access$800(GrpcLogAppender.java:64)
	at org.apache.ratis.grpc.server.GrpcLogAppender$AppendLogResponseHandler.onCompleted(GrpcLogAppender.java:551)
	at org.apache.ratis.thirdparty.io.grpc.stub.ClientCalls$StreamObserverToCallListenerAdapter.onClose(ClientCalls.java:479)
	at org.apache.ratis.thirdparty.io.grpc.internal.ClientCallImpl.closeObserver(ClientCallImpl.java:567)
	at org.apache.ratis.thirdparty.io.grpc.internal.ClientCallImpl.access$300(ClientCallImpl.java:71)
	at org.apache.ratis.thirdparty.io.grpc.internal.ClientCallImpl$ClientStreamListenerImpl$1StreamClosed.runInternal(ClientCallImpl.java:735)
	at org.apache.ratis.thirdparty.io.grpc.internal.ClientCallImpl$ClientStreamListenerImpl$1StreamClosed.runInContext(ClientCallImpl.java:716)
	at org.apache.ratis.thirdparty.io.grpc.internal.ContextRunnable.run(ContextRunnable.java:37)
	at org.apache.ratis.thirdparty.io.grpc.internal.SerializingExecutor.run(SerializingExecutor.java:133)
	at java.base/java.util.concurrent.ThreadPoolExecutor.runWorker(ThreadPoolExecutor.java:1144)
	at java.base/java.util.concurrent.ThreadPoolExecutor$Worker.run(ThreadPoolExecutor.java:642)
	at java.base/java.lang.Thread.run(Thread.java:1583)
2025-05-08 12:14:41,234 [7c8f0716-ab75-44b9-b6ec-eb9ccd1caa65@group-D66A53B01281-StateMachineUpdater] INFO  ratis.ContainerStateMachine (ContainerStateMachine.java:takeSnapshot(436)) - group-D66A53B01281: Finished taking a snapshot at:(t:1, i:0) file:/home/runner/work/ozone/ozone/hadoop-ozone/integration-test/target/test-dir/MiniOzoneClusterImpl-efc39a28-6472-4ee4-b6fc-2c7f8ca0458d/ozone-meta/datanode-3/ratis/01286881-081e-4ccb-bb09-d66a53b01281/sm/snapshot.1_0 took: 14 ms
2025-05-08 12:14:41,235 [7c8f0716-ab75-44b9-b6ec-eb9ccd1caa65@group-D66A53B01281-StateMachineUpdater] INFO  impl.StateMachineUpdater (StateMachineUpdater.java:takeSnapshot(303)) - 7c8f0716-ab75-44b9-b6ec-eb9ccd1caa65@group-D66A53B01281-StateMachineUpdater: Took a snapshot at index 0
2025-05-08 12:14:41,235 [7c8f0716-ab75-44b9-b6ec-eb9ccd1caa65@group-D66A53B01281-StateMachineUpdater] INFO  impl.StateMachineUpdater (StateMachineUpdater.java:lambda$new$0(102)) - 7c8f0716-ab75-44b9-b6ec-eb9ccd1caa65@group-D66A53B01281-StateMachineUpdater: snapshotIndex: updateIncreasingly -1 -> 0
2025-05-08 12:14:41,236 [7c8f0716-ab75-44b9-b6ec-eb9ccd1caa65@group-D66A53B01281-StateMachineUpdater] INFO  impl.StateMachineUpdater (StateMachineUpdater.java:stop(141)) - 7c8f0716-ab75-44b9-b6ec-eb9ccd1caa65@group-D66A53B01281-StateMachineUpdater: closing ContainerStateMachine, lastApplied=(t:1, i:0)
2025-05-08 12:14:41,236 [7c8f0716-ab75-44b9-b6ec-eb9ccd1caa65@group-D66A53B01281-cacheEviction-AwaitToRun] INFO  util.AwaitToRun (AwaitToRun.java:run(49)) - 7c8f0716-ab75-44b9-b6ec-eb9ccd1caa65@group-D66A53B01281-cacheEviction-AwaitToRun-AwaitForSignal is interrupted
2025-05-08 12:14:41,236 [7c8f0716-ab75-44b9-b6ec-eb9ccd1caa65@group-CF0B59C01792-StateMachineUpdater] INFO  ratis.ContainerStateMachine (ContainerStateMachine.java:takeSnapshot(436)) - group-CF0B59C01792: Finished taking a snapshot at:(t:1, i:468) file:/home/runner/work/ozone/ozone/hadoop-ozone/integration-test/target/test-dir/MiniOzoneClusterImpl-efc39a28-6472-4ee4-b6fc-2c7f8ca0458d/ozone-meta/datanode-3/ratis/30af3b1a-a629-40eb-b1f1-cf0b59c01792/sm/snapshot.1_468 took: 15 ms
2025-05-08 12:14:41,236 [7c8f0716-ab75-44b9-b6ec-eb9ccd1caa65@group-CF0B59C01792-StateMachineUpdater] INFO  impl.StateMachineUpdater (StateMachineUpdater.java:takeSnapshot(303)) - 7c8f0716-ab75-44b9-b6ec-eb9ccd1caa65@group-CF0B59C01792-StateMachineUpdater: Took a snapshot at index 468
2025-05-08 12:14:41,236 [7c8f0716-ab75-44b9-b6ec-eb9ccd1caa65@group-CF0B59C01792-StateMachineUpdater] INFO  impl.StateMachineUpdater (StateMachineUpdater.java:lambda$new$0(102)) - 7c8f0716-ab75-44b9-b6ec-eb9ccd1caa65@group-CF0B59C01792-StateMachineUpdater: snapshotIndex: updateIncreasingly -1 -> 468
2025-05-08 12:14:41,236 [7c8f0716-ab75-44b9-b6ec-eb9ccd1caa65@group-CF0B59C01792-StateMachineUpdater] INFO  impl.StateMachineUpdater (StateMachineUpdater.java:stop(141)) - 7c8f0716-ab75-44b9-b6ec-eb9ccd1caa65@group-CF0B59C01792-StateMachineUpdater: closing ContainerStateMachine, lastApplied=(t:1, i:468)
2025-05-08 12:14:41,237 [7c8f0716-ab75-44b9-b6ec-eb9ccd1caa65@group-CF0B59C01792-cacheEviction-AwaitToRun] INFO  util.AwaitToRun (AwaitToRun.java:run(49)) - 7c8f0716-ab75-44b9-b6ec-eb9ccd1caa65@group-CF0B59C01792-cacheEviction-AwaitToRun-AwaitForSignal is interrupted
2025-05-08 12:14:41,241 [grpc-default-executor-6] INFO  server.GrpcServerProtocolService (GrpcServerProtocolService.java:lambda$onCompleted$5(159)) - 317162a0-bd3d-40ad-b205-542abbf35090: Completed APPEND_ENTRIES, lastReply: serverReply {
  requestorId: "7c8f0716-ab75-44b9-b6ec-eb9ccd1caa65"
  replyId: "317162a0-bd3d-40ad-b205-542abbf35090"
  raftGroupId {
    id: "0\257;\032\246)@\353\261\361\317\vY\300\027\222"
  }
  callId: 816
  success: true
}
term: 1
nextIndex: 464
followerCommit: 463
matchIndex: 18446744073709551615
isHearbeat: true

2025-05-08 12:14:41,241 [grpc-default-executor-0] INFO  server.GrpcServerProtocolService (GrpcServerProtocolService.java:lambda$onCompleted$5(159)) - 73de0732-aa09-4d2e-8ccf-f79b8b9cbabe: Completed APPEND_ENTRIES, lastReply: serverReply {
  requestorId: "7c8f0716-ab75-44b9-b6ec-eb9ccd1caa65"
  replyId: "73de0732-aa09-4d2e-8ccf-f79b8b9cbabe"
  raftGroupId {
    id: "0\257;\032\246)@\353\261\361\317\vY\300\027\222"
  }
  callId: 808
  success: true
}
term: 1
nextIndex: 464
followerCommit: 463
matchIndex: 18446744073709551615
isHearbeat: true

2025-05-08 12:14:41,241 [grpc-default-executor-6] INFO  server.GrpcLogAppender (GrpcLogAppender.java:onCompleted(550)) - 7c8f0716-ab75-44b9-b6ec-eb9ccd1caa65@group-CF0B59C01792->73de0732-aa09-4d2e-8ccf-f79b8b9cbabe-AppendLogResponseHandler: follower responses appendEntries COMPLETED
2025-05-08 12:14:41,241 [grpc-default-executor-6] WARN  server.GrpcLogAppender (GrpcLogAppender.java:resetClient(230)) - 7c8f0716-ab75-44b9-b6ec-eb9ccd1caa65@group-CF0B59C01792->73de0732-aa09-4d2e-8ccf-f79b8b9cbabe-GrpcLogAppender: Failed to getClient for 73de0732-aa09-4d2e-8ccf-f79b8b9cbabe
org.apache.ratis.protocol.exceptions.AlreadyClosedException: 7c8f0716-ab75-44b9-b6ec-eb9ccd1caa65 is already CLOSED
	at org.apache.ratis.util.PeerProxyMap$PeerAndProxy.getProxy(PeerProxyMap.java:67)
	at org.apache.ratis.util.PeerProxyMap.getProxy(PeerProxyMap.java:124)
	at org.apache.ratis.grpc.server.GrpcLogAppender.getClient(GrpcLogAppender.java:200)
	at org.apache.ratis.grpc.server.GrpcLogAppender.resetClient(GrpcLogAppender.java:205)
	at org.apache.ratis.grpc.server.GrpcLogAppender.access$800(GrpcLogAppender.java:64)
	at org.apache.ratis.grpc.server.GrpcLogAppender$AppendLogResponseHandler.onCompleted(GrpcLogAppender.java:551)
	at org.apache.ratis.thirdparty.io.grpc.stub.ClientCalls$StreamObserverToCallListenerAdapter.onClose(ClientCalls.java:479)
	at org.apache.ratis.thirdparty.io.grpc.internal.DelayedClientCall$DelayedListener$3.run(DelayedClientCall.java:489)
	at org.apache.ratis.thirdparty.io.grpc.internal.DelayedClientCall$DelayedListener.delayOrExecute(DelayedClientCall.java:453)
	at org.apache.ratis.thirdparty.io.grpc.internal.DelayedClientCall$DelayedListener.onClose(DelayedClientCall.java:486)
	at org.apache.ratis.thirdparty.io.grpc.internal.ClientCallImpl.closeObserver(ClientCallImpl.java:567)
	at org.apache.ratis.thirdparty.io.grpc.internal.ClientCallImpl.access$300(ClientCallImpl.java:71)
	at org.apache.ratis.thirdparty.io.grpc.internal.ClientCallImpl$ClientStreamListenerImpl$1StreamClosed.runInternal(ClientCallImpl.java:735)
	at org.apache.ratis.thirdparty.io.grpc.internal.ClientCallImpl$ClientStreamListenerImpl$1StreamClosed.runInContext(ClientCallImpl.java:716)
	at org.apache.ratis.thirdparty.io.grpc.internal.ContextRunnable.run(ContextRunnable.java:37)
	at org.apache.ratis.thirdparty.io.grpc.internal.SerializingExecutor.run(SerializingExecutor.java:133)
	at java.base/java.util.concurrent.ThreadPoolExecutor.runWorker(ThreadPoolExecutor.java:1144)
	at java.base/java.util.concurrent.ThreadPoolExecutor$Worker.run(ThreadPoolExecutor.java:642)
	at java.base/java.lang.Thread.run(Thread.java:1583)
2025-05-08 12:14:41,242 [grpc-default-executor-0] INFO  server.GrpcLogAppender (GrpcLogAppender.java:onCompleted(550)) - 7c8f0716-ab75-44b9-b6ec-eb9ccd1caa65@group-CF0B59C01792->317162a0-bd3d-40ad-b205-542abbf35090-AppendLogResponseHandler: follower responses appendEntries COMPLETED
2025-05-08 12:14:41,243 [grpc-default-executor-0] WARN  server.GrpcLogAppender (GrpcLogAppender.java:resetClient(230)) - 7c8f0716-ab75-44b9-b6ec-eb9ccd1caa65@group-CF0B59C01792->317162a0-bd3d-40ad-b205-542abbf35090-GrpcLogAppender: Failed to getClient for 317162a0-bd3d-40ad-b205-542abbf35090
org.apache.ratis.protocol.exceptions.AlreadyClosedException: 7c8f0716-ab75-44b9-b6ec-eb9ccd1caa65 is already CLOSED
	at org.apache.ratis.util.PeerProxyMap$PeerAndProxy.getProxy(PeerProxyMap.java:67)
	at org.apache.ratis.util.PeerProxyMap.getProxy(PeerProxyMap.java:124)
	at org.apache.ratis.grpc.server.GrpcLogAppender.getClient(GrpcLogAppender.java:200)
	at org.apache.ratis.grpc.server.GrpcLogAppender.resetClient(GrpcLogAppender.java:205)
	at org.apache.ratis.grpc.server.GrpcLogAppender.access$800(GrpcLogAppender.java:64)
	at org.apache.ratis.grpc.server.GrpcLogAppender$AppendLogResponseHandler.onCompleted(GrpcLogAppender.java:551)
	at org.apache.ratis.thirdparty.io.grpc.stub.ClientCalls$StreamObserverToCallListenerAdapter.onClose(ClientCalls.java:479)
	at org.apache.ratis.thirdparty.io.grpc.internal.DelayedClientCall$DelayedListener$3.run(DelayedClientCall.java:489)
	at org.apache.ratis.thirdparty.io.grpc.internal.DelayedClientCall$DelayedListener.delayOrExecute(DelayedClientCall.java:453)
	at org.apache.ratis.thirdparty.io.grpc.internal.DelayedClientCall$DelayedListener.onClose(DelayedClientCall.java:486)
	at org.apache.ratis.thirdparty.io.grpc.internal.ClientCallImpl.closeObserver(ClientCallImpl.java:567)
	at org.apache.ratis.thirdparty.io.grpc.internal.ClientCallImpl.access$300(ClientCallImpl.java:71)
	at org.apache.ratis.thirdparty.io.grpc.internal.ClientCallImpl$ClientStreamListenerImpl$1StreamClosed.runInternal(ClientCallImpl.java:735)
	at org.apache.ratis.thirdparty.io.grpc.internal.ClientCallImpl$ClientStreamListenerImpl$1StreamClosed.runInContext(ClientCallImpl.java:716)
	at org.apache.ratis.thirdparty.io.grpc.internal.ContextRunnable.run(ContextRunnable.java:37)
	at org.apache.ratis.thirdparty.io.grpc.internal.SerializingExecutor.run(SerializingExecutor.java:133)
	at java.base/java.util.concurrent.ThreadPoolExecutor.runWorker(ThreadPoolExecutor.java:1144)
	at java.base/java.util.concurrent.ThreadPoolExecutor$Worker.run(ThreadPoolExecutor.java:642)
	at java.base/java.lang.Thread.run(Thread.java:1583)
2025-05-08 12:14:41,243 [main] INFO  server.GrpcService (GrpcService.java:closeImpl(352)) - 7c8f0716-ab75-44b9-b6ec-eb9ccd1caa65: shutdown server org.apache.ratis.grpc.server.GrpcClientProtocolService successfully
2025-05-08 12:14:41,243 [main] INFO  server.GrpcService (GrpcService.java:closeImpl(343)) - 7c8f0716-ab75-44b9-b6ec-eb9ccd1caa65: shutdown server GrpcServerProtocolService now
2025-05-08 12:14:41,244 [main] INFO  server.GrpcService (GrpcService.java:closeImpl(352)) - 7c8f0716-ab75-44b9-b6ec-eb9ccd1caa65: shutdown server GrpcServerProtocolService successfully
2025-05-08 12:14:41,244 [main] INFO  server.GrpcService (GrpcService.java:closeImpl(343)) - 7c8f0716-ab75-44b9-b6ec-eb9ccd1caa65: shutdown server org.apache.ratis.grpc.server.GrpcAdminProtocolService now
2025-05-08 12:14:41,245 [main] INFO  server.GrpcService (GrpcService.java:closeImpl(352)) - 7c8f0716-ab75-44b9-b6ec-eb9ccd1caa65: shutdown server org.apache.ratis.grpc.server.GrpcAdminProtocolService successfully
2025-05-08 12:14:41,249 [7c8f0716-ab75-44b9-b6ec-eb9ccd1caa65-NettyServerStreamRpc-bossGroup--thread1] INFO  logging.LoggingHandler (AbstractInternalLogger.java:log(148)) - [id: 0x5d826828, L:/0.0.0.0:15032] CLOSE
2025-05-08 12:14:41,249 [7c8f0716-ab75-44b9-b6ec-eb9ccd1caa65-NettyServerStreamRpc-bossGroup--thread1] INFO  logging.LoggingHandler (AbstractInternalLogger.java:log(148)) - [id: 0x5d826828, L:/0.0.0.0:15032] INACTIVE
2025-05-08 12:14:41,249 [7c8f0716-ab75-44b9-b6ec-eb9ccd1caa65-NettyServerStreamRpc-bossGroup--thread1] INFO  logging.LoggingHandler (AbstractInternalLogger.java:log(148)) - [id: 0x5d826828, L:/0.0.0.0:15032] UNREGISTERED
2025-05-08 12:14:42,056 [7c8f0716-ab75-44b9-b6ec-eb9ccd1caa65-impl-thread2] INFO  segmented.SegmentedRaftLogWorker (SegmentedRaftLogWorker.java:close(252)) - 7c8f0716-ab75-44b9-b6ec-eb9ccd1caa65@group-CF0B59C01792-SegmentedRaftLogWorker close()
2025-05-08 12:14:42,057 [7c8f0716-ab75-44b9-b6ec-eb9ccd1caa65-impl-thread2] INFO  ratis.ContainerStateMachine (ContainerStateMachine.java:notifyServerShutdown(1038)) - group-CF0B59C01792 is closed by HddsDatanodeService
2025-05-08 12:14:42,087 [7c8f0716-ab75-44b9-b6ec-eb9ccd1caa65-impl-thread1] INFO  segmented.SegmentedRaftLogWorker (SegmentedRaftLogWorker.java:close(252)) - 7c8f0716-ab75-44b9-b6ec-eb9ccd1caa65@group-D66A53B01281-SegmentedRaftLogWorker close()
2025-05-08 12:14:42,087 [7c8f0716-ab75-44b9-b6ec-eb9ccd1caa65-impl-thread1] INFO  ratis.ContainerStateMachine (ContainerStateMachine.java:notifyServerShutdown(1038)) - group-D66A53B01281 is closed by HddsDatanodeService
2025-05-08 12:14:42,087 [JvmPauseMonitor5] INFO  util.JvmPauseMonitor (JvmPauseMonitor.java:run(152)) - JvmPauseMonitor-7c8f0716-ab75-44b9-b6ec-eb9ccd1caa65: Stopped
2025-05-08 12:14:42,146 [ReplicationMonitor] INFO  replication.ReplicationManager (ReplicationManager.java:processAll(382)) - Replication Monitor Thread took 1 milliseconds for processing 13 containers.
2025-05-08 12:14:43,147 [ReplicationMonitor] INFO  replication.ReplicationManager (ReplicationManager.java:processAll(382)) - Replication Monitor Thread took 1 milliseconds for processing 13 containers.
2025-05-08 12:14:44,100 [main] INFO  utils.DatanodeStoreCache (DatanodeStoreCache.java:shutdownCache(114)) - Skip clearing cache in mini cluster mode. Entries left: [/home/runner/work/ozone/ozone/hadoop-ozone/integration-test/target/test-dir/MiniOzoneClusterImpl-efc39a28-6472-4ee4-b6fc-2c7f8ca0458d/ozone-meta/datanode-1/data-0/hdds/efc39a28-6472-4ee4-b6fc-2c7f8ca0458d/DS-4211fdd9-5955-441a-99da-f9a72912602a/container.db, /home/runner/work/ozone/ozone/hadoop-ozone/integration-test/target/test-dir/MiniOzoneClusterImpl-efc39a28-6472-4ee4-b6fc-2c7f8ca0458d/ozone-meta/datanode-2/data-0/hdds/efc39a28-6472-4ee4-b6fc-2c7f8ca0458d/DS-5ee5989c-d014-42a6-9cca-2e07972b07ac/container.db, /home/runner/work/ozone/ozone/hadoop-ozone/integration-test/target/test-dir/MiniOzoneClusterImpl-efc39a28-6472-4ee4-b6fc-2c7f8ca0458d/ozone-meta/datanode-3/data-0/hdds/efc39a28-6472-4ee4-b6fc-2c7f8ca0458d/DS-d78b44f1-460a-4c7a-8bc6-a770e4961356/container.db, /home/runner/work/ozone/ozone/hadoop-ozone/integration-test/target/test-dir/MiniOzoneClusterImpl-efc39a28-6472-4ee4-b6fc-2c7f8ca0458d/ozone-meta/datanode-4/data-0/hdds/efc39a28-6472-4ee4-b6fc-2c7f8ca0458d/DS-839380c2-1a96-478e-b76e-e0fef97641bc/container.db, /home/runner/work/ozone/ozone/hadoop-ozone/integration-test/target/test-dir/MiniOzoneClusterImpl-efc39a28-6472-4ee4-b6fc-2c7f8ca0458d/ozone-meta/datanode-5/data-0/hdds/efc39a28-6472-4ee4-b6fc-2c7f8ca0458d/DS-4c62fedb-485c-458a-a3ca-637d0f47bafe/container.db]
2025-05-08 12:14:44,103 [main] INFO  utils.DatanodeStoreCache (DatanodeStoreCache.java:removeDB(108)) - Removed db /home/runner/work/ozone/ozone/hadoop-ozone/integration-test/target/test-dir/MiniOzoneClusterImpl-efc39a28-6472-4ee4-b6fc-2c7f8ca0458d/ozone-meta/datanode-3/data-0/hdds/efc39a28-6472-4ee4-b6fc-2c7f8ca0458d/DS-d78b44f1-460a-4c7a-8bc6-a770e4961356/container.db from cache
2025-05-08 12:14:44,103 [main] INFO  volume.HddsVolume (HddsVolume.java:closeDbStore(543)) - SchemaV3 db is stopped at /home/runner/work/ozone/ozone/hadoop-ozone/integration-test/target/test-dir/MiniOzoneClusterImpl-efc39a28-6472-4ee4-b6fc-2c7f8ca0458d/ozone-meta/datanode-3/data-0/hdds/efc39a28-6472-4ee4-b6fc-2c7f8ca0458d/DS-d78b44f1-460a-4c7a-8bc6-a770e4961356/container.db for volume DS-d78b44f1-460a-4c7a-8bc6-a770e4961356
2025-05-08 12:14:44,104 [main] INFO  utils.BackgroundService (BackgroundService.java:shutdown(160)) - Shutting down service BlockDeletingService
2025-05-08 12:14:44,105 [main] INFO  utils.BackgroundService (BackgroundService.java:shutdown(160)) - Shutting down service StaleRecoveringContainerScrubbingService
2025-05-08 12:14:44,106 [main] INFO  statemachine.DatanodeStateMachine (DatanodeStateMachine.java:stopDaemon(630)) - Ozone container server stopped.
2025-05-08 12:14:44,120 [main] INFO  handler.ContextHandler (ContextHandler.java:doStop(1159)) - Stopped o.e.j.w.WebAppContext@368d76d7{hddsDatanode,/,null,STOPPED}{jar:file:/home/runner/work/ozone/ozone/hadoop-hdds/container-service/target/hdds-container-service-2.1.0-SNAPSHOT.jar!/webapps/hddsDatanode}
2025-05-08 12:14:44,122 [main] INFO  server.AbstractConnector (AbstractConnector.java:doStop(383)) - Stopped ServerConnector@656096e1{HTTP/1.1, (http/1.1)}{0.0.0.0:15026}
2025-05-08 12:14:44,122 [main] INFO  server.session (HouseKeeper.java:stopScavenging(149)) - node0 Stopped scavenging
2025-05-08 12:14:44,122 [main] INFO  handler.ContextHandler (ContextHandler.java:doStop(1159)) - Stopped o.e.j.s.ServletContextHandler@64ed45eb{static,/static,jar:file:/home/runner/work/ozone/ozone/hadoop-hdds/container-service/target/hdds-container-service-2.1.0-SNAPSHOT.jar!/webapps/static,STOPPED}
2025-05-08 12:14:44,123 [main] INFO  handler.ContextHandler (ContextHandler.java:doStop(1159)) - Stopped o.e.j.s.ServletContextHandler@3d57b228{logs,/logs,file:///home/runner/work/ozone/ozone/hadoop-ozone/integration-test/target/log,STOPPED}
2025-05-08 12:14:44,124 [main] INFO  ozone.HddsDatanodeClientProtocolServer (HddsDatanodeClientProtocolServer.java:stop(82)) - Stopping the RPC server for Client Protocol
2025-05-08 12:14:44,125 [main] INFO  ipc.Server (Server.java:stop(3697)) - Stopping server on 15027
2025-05-08 12:14:44,126 [IPC Server listener on 15027] INFO  ipc.Server (Server.java:run(1585)) - Stopping IPC Server listener on 15027
2025-05-08 12:14:44,127 [IPC Server Responder] INFO  ipc.Server (Server.java:run(1718)) - Stopping IPC Server Responder
]]></system-out>
  </testcase>
  <testcase name="readAfterReplication(boolean)[2]" classname="org.apache.hadoop.ozone.client.rpc.read.TestKeyInputStream" time="19.237">
    <failure message="expected: &lt;3&gt; but was: &lt;1&gt;" type="org.opentest4j.AssertionFailedError"><![CDATA[org.opentest4j.AssertionFailedError: expected: <3> but was: <1>
	at org.junit.jupiter.api.AssertionFailureBuilder.build(AssertionFailureBuilder.java:151)
	at org.junit.jupiter.api.AssertionFailureBuilder.buildAndThrow(AssertionFailureBuilder.java:132)
	at org.junit.jupiter.api.AssertEquals.failNotEqual(AssertEquals.java:197)
	at org.junit.jupiter.api.AssertEquals.assertEquals(AssertEquals.java:150)
	at org.junit.jupiter.api.AssertEquals.assertEquals(AssertEquals.java:145)
	at org.junit.jupiter.api.Assertions.assertEquals(Assertions.java:531)
	at org.apache.hadoop.ozone.client.rpc.read.TestKeyInputStream.testReadAfterReplication(TestKeyInputStream.java:412)
	at org.apache.hadoop.ozone.client.rpc.read.TestKeyInputStream.readAfterReplication(TestKeyInputStream.java:387)
	at java.base/java.lang.reflect.Method.invoke(Method.java:580)
	at java.base/java.util.Optional.ifPresent(Optional.java:178)
	at java.base/java.util.stream.ForEachOps$ForEachOp$OfRef.accept(ForEachOps.java:184)
	at java.base/java.util.stream.ReferencePipeline$3$1.accept(ReferencePipeline.java:197)
	at java.base/java.util.stream.ForEachOps$ForEachOp$OfRef.accept(ForEachOps.java:184)
	at java.base/java.util.stream.ForEachOps$ForEachOp$OfRef.accept(ForEachOps.java:184)
	at java.base/java.util.stream.ReferencePipeline$3$1.accept(ReferencePipeline.java:197)
	at java.base/java.util.Spliterators$ArraySpliterator.forEachRemaining(Spliterators.java:1024)
	at java.base/java.util.stream.AbstractPipeline.copyInto(AbstractPipeline.java:509)
	at java.base/java.util.stream.AbstractPipeline.wrapAndCopyInto(AbstractPipeline.java:499)
	at java.base/java.util.stream.ForEachOps$ForEachOp.evaluateSequential(ForEachOps.java:151)
	at java.base/java.util.stream.ForEachOps$ForEachOp$OfRef.evaluateSequential(ForEachOps.java:174)
	at java.base/java.util.stream.AbstractPipeline.evaluate(AbstractPipeline.java:234)
	at java.base/java.util.stream.ReferencePipeline.forEach(ReferencePipeline.java:596)
	at java.base/java.util.stream.ReferencePipeline$7$1.accept(ReferencePipeline.java:276)
	at java.base/java.util.ArrayList$ArrayListSpliterator.forEachRemaining(ArrayList.java:1708)
	at java.base/java.util.stream.AbstractPipeline.copyInto(AbstractPipeline.java:509)
	at java.base/java.util.stream.AbstractPipeline.wrapAndCopyInto(AbstractPipeline.java:499)
	at java.base/java.util.stream.ForEachOps$ForEachOp.evaluateSequential(ForEachOps.java:151)
	at java.base/java.util.stream.ForEachOps$ForEachOp$OfRef.evaluateSequential(ForEachOps.java:174)
	at java.base/java.util.stream.AbstractPipeline.evaluate(AbstractPipeline.java:234)
	at java.base/java.util.stream.ReferencePipeline.forEach(ReferencePipeline.java:596)
	at java.base/java.util.stream.ReferencePipeline$7$1.accept(ReferencePipeline.java:276)
	at java.base/java.util.stream.ReferencePipeline$3$1.accept(ReferencePipeline.java:197)
	at java.base/java.util.stream.ReferencePipeline$3$1.accept(ReferencePipeline.java:197)
	at java.base/java.util.stream.ReferencePipeline$3$1.accept(ReferencePipeline.java:197)
	at java.base/java.util.ArrayList$ArrayListSpliterator.forEachRemaining(ArrayList.java:1708)
	at java.base/java.util.stream.AbstractPipeline.copyInto(AbstractPipeline.java:509)
	at java.base/java.util.stream.AbstractPipeline.wrapAndCopyInto(AbstractPipeline.java:499)
	at java.base/java.util.stream.ForEachOps$ForEachOp.evaluateSequential(ForEachOps.java:151)
	at java.base/java.util.stream.ForEachOps$ForEachOp$OfRef.evaluateSequential(ForEachOps.java:174)
	at java.base/java.util.stream.AbstractPipeline.evaluate(AbstractPipeline.java:234)
	at java.base/java.util.stream.ReferencePipeline.forEach(ReferencePipeline.java:596)
	at java.base/java.util.ArrayList.forEach(ArrayList.java:1596)
	at java.base/java.util.ArrayList.forEach(ArrayList.java:1596)
]]></failure>
    <system-out><![CDATA[2025-05-08 12:14:44,146 [main] INFO  rpc.RpcClient (RpcClient.java:createVolume(463)) - Creating Volume: vol9629839850, with runner as owner and space quota set to -1 bytes, counts quota set to -1
2025-05-08 12:14:44,148 [om1-OMStateMachineApplyTransactionThread - 0] INFO  volume.OMVolumeCreateRequest (OMVolumeCreateRequest.java:validateAndUpdateCache(203)) - created volume:vol9629839850 for user:runner
2025-05-08 12:14:44,148 [ReplicationMonitor] INFO  replication.ReplicationManager (ReplicationManager.java:processAll(382)) - Replication Monitor Thread took 1 milliseconds for processing 13 containers.
2025-05-08 12:14:44,150 [main] INFO  rpc.RpcClient (RpcClient.java:createBucket(688)) - Creating Bucket: vol9629839850/bucket6472170556, with server-side default bucket layout, runner as owner, Versioning false, Storage Type set to DISK and Encryption set to false, Replication Type set to server-side default replication type, Namespace Quota set to -1, Space Quota set to -1 
2025-05-08 12:14:44,152 [om1-OMStateMachineApplyTransactionThread - 0] INFO  bucket.OMBucketCreateRequest (OMBucketCreateRequest.java:validateAndUpdateCache(292)) - created bucket: bucket6472170556 of layout FILE_SYSTEM_OPTIMIZED in volume: vol9629839850
2025-05-08 12:14:44,158 [EventQueue-StaleNodeForStaleNodeHandler] INFO  node.StaleNodeHandler (StaleNodeHandler.java:onMessage(51)) - Datanode 7c8f0716-ab75-44b9-b6ec-eb9ccd1caa65(localhost/127.0.0.1) moved to stale state. Finalizing its pipelines [PipelineID=6a708486-7b73-4682-80b4-31f55135d8d2, PipelineID=1ec86d48-69ea-430d-a80f-2cf17e93e8fe, PipelineID=c698bde7-de0e-4be4-823e-0823616dc383, PipelineID=05c24195-2f99-4dbd-9f4e-a0ffb3af0f66, PipelineID=01286881-081e-4ccb-bb09-d66a53b01281, PipelineID=a67c54ff-1b45-4d41-a23b-02f77bb186f4, PipelineID=30af3b1a-a629-40eb-b1f1-cf0b59c01792, PipelineID=83b1f760-1813-4576-8df3-bb8a3a6e464c, PipelineID=982f7b9c-b744-4172-affd-323c17dc8487]
2025-05-08 12:14:44,160 [EventQueue-StaleNodeForStaleNodeHandler] INFO  pipeline.PipelineManagerImpl (PipelineManagerImpl.java:closePipeline(509)) - Pipeline PipelineID=6a708486-7b73-4682-80b4-31f55135d8d2 moved to CLOSED state
2025-05-08 12:14:44,162 [EventQueue-StaleNodeForStaleNodeHandler] INFO  pipeline.PipelineManagerImpl (PipelineManagerImpl.java:closeContainersForPipeline(487)) - Container #12 closed for pipeline=PipelineID=c698bde7-de0e-4be4-823e-0823616dc383
2025-05-08 12:14:44,163 [EventQueue-CloseContainerForCloseContainerEventHandler] INFO  container.CloseContainerEventHandler (CloseContainerEventHandler.java:onMessage(88)) - Close container Event triggered for container : #12, current state: CLOSING
2025-05-08 12:14:44,164 [EventQueue-StaleNodeForStaleNodeHandler] INFO  pipeline.PipelineManagerImpl (PipelineManagerImpl.java:closePipeline(509)) - Pipeline PipelineID=c698bde7-de0e-4be4-823e-0823616dc383 moved to CLOSED state
2025-05-08 12:14:44,165 [EventQueue-StaleNodeForStaleNodeHandler] INFO  pipeline.PipelineManagerImpl (PipelineManagerImpl.java:closeContainersForPipeline(487)) - Container #13 closed for pipeline=PipelineID=05c24195-2f99-4dbd-9f4e-a0ffb3af0f66
2025-05-08 12:14:44,165 [EventQueue-CloseContainerForCloseContainerEventHandler] INFO  container.CloseContainerEventHandler (CloseContainerEventHandler.java:onMessage(88)) - Close container Event triggered for container : #13, current state: CLOSING
2025-05-08 12:14:44,168 [EventQueue-StaleNodeForStaleNodeHandler] INFO  pipeline.PipelineManagerImpl (PipelineManagerImpl.java:closePipeline(509)) - Pipeline PipelineID=05c24195-2f99-4dbd-9f4e-a0ffb3af0f66 moved to CLOSED state
2025-05-08 12:14:44,169 [EventQueue-StaleNodeForStaleNodeHandler] INFO  pipeline.PipelineManagerImpl (PipelineManagerImpl.java:closePipeline(509)) - Pipeline PipelineID=01286881-081e-4ccb-bb09-d66a53b01281 moved to CLOSED state
2025-05-08 12:14:44,170 [EventQueue-StaleNodeForStaleNodeHandler] INFO  pipeline.PipelineManagerImpl (PipelineManagerImpl.java:closeContainersForPipeline(487)) - Container #8 closed for pipeline=PipelineID=30af3b1a-a629-40eb-b1f1-cf0b59c01792
2025-05-08 12:14:44,171 [EventQueue-CloseContainerForCloseContainerEventHandler] INFO  container.CloseContainerEventHandler (CloseContainerEventHandler.java:onMessage(88)) - Close container Event triggered for container : #8, current state: CLOSING
2025-05-08 12:14:44,172 [EventQueue-StaleNodeForStaleNodeHandler] INFO  pipeline.PipelineManagerImpl (PipelineManagerImpl.java:closeContainersForPipeline(487)) - Container #9 closed for pipeline=PipelineID=30af3b1a-a629-40eb-b1f1-cf0b59c01792
2025-05-08 12:14:44,172 [EventQueue-CloseContainerForCloseContainerEventHandler] INFO  container.CloseContainerEventHandler (CloseContainerEventHandler.java:onMessage(88)) - Close container Event triggered for container : #9, current state: CLOSING
2025-05-08 12:14:44,173 [EventQueue-CloseContainerForCloseContainerEventHandler] INFO  container.CloseContainerEventHandler (CloseContainerEventHandler.java:onMessage(88)) - Close container Event triggered for container : #14, current state: CLOSING
2025-05-08 12:14:44,173 [EventQueue-StaleNodeForStaleNodeHandler] INFO  pipeline.PipelineManagerImpl (PipelineManagerImpl.java:closeContainersForPipeline(487)) - Container #14 closed for pipeline=PipelineID=30af3b1a-a629-40eb-b1f1-cf0b59c01792
2025-05-08 12:14:44,174 [grpc-default-executor-6] ERROR impl.OrderedAsync (OrderedAsync.java:lambda$null$6(215)) -  client-D6BD214FDD90: Failed* RaftClientRequest:client-D6BD214FDD90->7c8f0716-ab75-44b9-b6ec-eb9ccd1caa65@group-CF0B59C01792, cid=342, seq=1*, Watch(0), null
java.util.concurrent.CompletionException: java.io.IOException: org.apache.ratis.thirdparty.io.grpc.StatusRuntimeException: UNAVAILABLE: io exception
	at java.base/java.util.concurrent.CompletableFuture.encodeThrowable(CompletableFuture.java:332)
	at java.base/java.util.concurrent.CompletableFuture.completeThrowable(CompletableFuture.java:347)
	at java.base/java.util.concurrent.CompletableFuture$UniAccept.tryFire(CompletableFuture.java:708)
	at java.base/java.util.concurrent.CompletableFuture.postComplete(CompletableFuture.java:510)
	at java.base/java.util.concurrent.CompletableFuture.completeExceptionally(CompletableFuture.java:2194)
	at org.apache.ratis.grpc.client.GrpcClientProtocolClient$AsyncStreamObservers.completeReplyExceptionally(GrpcClientProtocolClient.java:397)
	at org.apache.ratis.grpc.client.GrpcClientProtocolClient$AsyncStreamObservers.access$000(GrpcClientProtocolClient.java:303)
	at org.apache.ratis.grpc.client.GrpcClientProtocolClient$AsyncStreamObservers$1.onError(GrpcClientProtocolClient.java:334)
	at org.apache.ratis.thirdparty.io.grpc.stub.ClientCalls$StreamObserverToCallListenerAdapter.onClose(ClientCalls.java:481)
	at org.apache.ratis.thirdparty.io.grpc.PartialForwardingClientCallListener.onClose(PartialForwardingClientCallListener.java:39)
	at org.apache.ratis.thirdparty.io.grpc.ForwardingClientCallListener.onClose(ForwardingClientCallListener.java:23)
	at org.apache.ratis.grpc.metrics.intercept.client.MetricClientCallListener.onClose(MetricClientCallListener.java:47)
	at org.apache.ratis.thirdparty.io.grpc.internal.DelayedClientCall$DelayedListener$3.run(DelayedClientCall.java:489)
	at org.apache.ratis.thirdparty.io.grpc.internal.DelayedClientCall$DelayedListener.delayOrExecute(DelayedClientCall.java:453)
	at org.apache.ratis.thirdparty.io.grpc.internal.DelayedClientCall$DelayedListener.onClose(DelayedClientCall.java:486)
	at org.apache.ratis.thirdparty.io.grpc.internal.ClientCallImpl.closeObserver(ClientCallImpl.java:567)
	at org.apache.ratis.thirdparty.io.grpc.internal.ClientCallImpl.access$300(ClientCallImpl.java:71)
	at org.apache.ratis.thirdparty.io.grpc.internal.ClientCallImpl$ClientStreamListenerImpl$1StreamClosed.runInternal(ClientCallImpl.java:735)
	at org.apache.ratis.thirdparty.io.grpc.internal.ClientCallImpl$ClientStreamListenerImpl$1StreamClosed.runInContext(ClientCallImpl.java:716)
	at org.apache.ratis.thirdparty.io.grpc.internal.ContextRunnable.run(ContextRunnable.java:37)
	at org.apache.ratis.thirdparty.io.grpc.internal.SerializingExecutor.run(SerializingExecutor.java:133)
	at java.base/java.util.concurrent.ThreadPoolExecutor.runWorker(ThreadPoolExecutor.java:1144)
	at java.base/java.util.concurrent.ThreadPoolExecutor$Worker.run(ThreadPoolExecutor.java:642)
	at java.base/java.lang.Thread.run(Thread.java:1583)
Caused by: java.io.IOException: org.apache.ratis.thirdparty.io.grpc.StatusRuntimeException: UNAVAILABLE: io exception
	at org.apache.ratis.grpc.GrpcUtil.unwrapException(GrpcUtil.java:99)
	at org.apache.ratis.grpc.GrpcUtil.unwrapIOException(GrpcUtil.java:159)
	at org.apache.ratis.grpc.client.GrpcClientProtocolClient$AsyncStreamObservers$1.onError(GrpcClientProtocolClient.java:333)
	... 16 more
Caused by: org.apache.ratis.thirdparty.io.grpc.StatusRuntimeException: UNAVAILABLE: io exception
	at org.apache.ratis.thirdparty.io.grpc.Status.asRuntimeException(Status.java:537)
	... 16 more
Caused by: org.apache.ratis.thirdparty.io.netty.channel.AbstractChannel$AnnotatedConnectException: finishConnect(..) failed: Connection refused: /127.0.0.1:15029
Caused by: java.net.ConnectException: finishConnect(..) failed: Connection refused
	at org.apache.ratis.thirdparty.io.netty.channel.unix.Errors.newConnectException0(Errors.java:166)
	at org.apache.ratis.thirdparty.io.netty.channel.unix.Errors.handleConnectErrno(Errors.java:131)
	at org.apache.ratis.thirdparty.io.netty.channel.unix.Socket.finishConnect(Socket.java:359)
	at org.apache.ratis.thirdparty.io.netty.channel.epoll.AbstractEpollChannel$AbstractEpollUnsafe.doFinishConnect(AbstractEpollChannel.java:715)
	at org.apache.ratis.thirdparty.io.netty.channel.epoll.AbstractEpollChannel$AbstractEpollUnsafe.finishConnect(AbstractEpollChannel.java:692)
	at org.apache.ratis.thirdparty.io.netty.channel.epoll.AbstractEpollChannel$AbstractEpollUnsafe.epollOutReady(AbstractEpollChannel.java:567)
	at org.apache.ratis.thirdparty.io.netty.channel.epoll.EpollEventLoop.processReady(EpollEventLoop.java:491)
	at org.apache.ratis.thirdparty.io.netty.channel.epoll.EpollEventLoop.run(EpollEventLoop.java:399)
	at org.apache.ratis.thirdparty.io.netty.util.concurrent.SingleThreadEventExecutor$4.run(SingleThreadEventExecutor.java:997)
	at org.apache.ratis.thirdparty.io.netty.util.internal.ThreadExecutorMap$2.run(ThreadExecutorMap.java:74)
	at org.apache.ratis.thirdparty.io.netty.util.concurrent.FastThreadLocalRunnable.run(FastThreadLocalRunnable.java:30)
	at java.base/java.lang.Thread.run(Thread.java:1583)
2025-05-08 12:14:44,174 [EventQueue-StaleNodeForStaleNodeHandler] INFO  pipeline.PipelineManagerImpl (PipelineManagerImpl.java:closePipeline(509)) - Pipeline PipelineID=30af3b1a-a629-40eb-b1f1-cf0b59c01792 moved to CLOSED state
2025-05-08 12:14:44,176 [EventQueue-CloseContainerForCloseContainerEventHandler] INFO  container.CloseContainerEventHandler (CloseContainerEventHandler.java:onMessage(88)) - Close container Event triggered for container : #11, current state: CLOSING
2025-05-08 12:14:44,176 [EventQueue-StaleNodeForStaleNodeHandler] INFO  pipeline.PipelineManagerImpl (PipelineManagerImpl.java:closeContainersForPipeline(487)) - Container #11 closed for pipeline=PipelineID=982f7b9c-b744-4172-affd-323c17dc8487
2025-05-08 12:14:44,177 [EventQueue-StaleNodeForStaleNodeHandler] INFO  pipeline.PipelineManagerImpl (PipelineManagerImpl.java:closePipeline(509)) - Pipeline PipelineID=982f7b9c-b744-4172-affd-323c17dc8487 moved to CLOSED state
2025-05-08 12:14:45,150 [ReplicationMonitor] INFO  replication.ReplicationManager (ReplicationManager.java:sendDatanodeCommand(663)) - Sending command [closeContainerCommand: cmdID: 8, encodedToken: "", term: 0, deadlineMsSinceEpoch: 0, containerID: 8, pipelineID: PipelineID=30af3b1a-a629-40eb-b1f1-cf0b59c01792, force: false] for container ContainerInfo{id=#8, state=CLOSING, stateEnterTime=2025-05-08T12:14:44.170429543Z, pipelineID=PipelineID=30af3b1a-a629-40eb-b1f1-cf0b59c01792, owner=omServiceIdDefault} to 73de0732-aa09-4d2e-8ccf-f79b8b9cbabe(localhost/127.0.0.1) with datanode deadline 1746706845149 and scm deadline 1746707205149
2025-05-08 12:14:45,150 [ReplicationMonitor] INFO  replication.ReplicationManager (ReplicationManager.java:sendDatanodeCommand(663)) - Sending command [closeContainerCommand: cmdID: 8, encodedToken: "", term: 0, deadlineMsSinceEpoch: 0, containerID: 8, pipelineID: PipelineID=30af3b1a-a629-40eb-b1f1-cf0b59c01792, force: false] for container ContainerInfo{id=#8, state=CLOSING, stateEnterTime=2025-05-08T12:14:44.170429543Z, pipelineID=PipelineID=30af3b1a-a629-40eb-b1f1-cf0b59c01792, owner=omServiceIdDefault} to 317162a0-bd3d-40ad-b205-542abbf35090(localhost/127.0.0.1) with datanode deadline 1746706845150 and scm deadline 1746707205150
2025-05-08 12:14:45,150 [ReplicationMonitor] INFO  replication.ReplicationManager (ReplicationManager.java:sendDatanodeCommand(663)) - Sending command [closeContainerCommand: cmdID: 8, encodedToken: "", term: 0, deadlineMsSinceEpoch: 0, containerID: 8, pipelineID: PipelineID=30af3b1a-a629-40eb-b1f1-cf0b59c01792, force: false] for container ContainerInfo{id=#8, state=CLOSING, stateEnterTime=2025-05-08T12:14:44.170429543Z, pipelineID=PipelineID=30af3b1a-a629-40eb-b1f1-cf0b59c01792, owner=omServiceIdDefault} to 7c8f0716-ab75-44b9-b6ec-eb9ccd1caa65(localhost/127.0.0.1) with datanode deadline 1746706845150 and scm deadline 1746707205150
2025-05-08 12:14:45,150 [ReplicationMonitor] INFO  replication.ReplicationManager (ReplicationManager.java:sendDatanodeCommand(663)) - Sending command [closeContainerCommand: cmdID: 9, encodedToken: "", term: 0, deadlineMsSinceEpoch: 0, containerID: 9, pipelineID: PipelineID=30af3b1a-a629-40eb-b1f1-cf0b59c01792, force: false] for container ContainerInfo{id=#9, state=CLOSING, stateEnterTime=2025-05-08T12:14:44.172303767Z, pipelineID=PipelineID=30af3b1a-a629-40eb-b1f1-cf0b59c01792, owner=omServiceIdDefault} to 317162a0-bd3d-40ad-b205-542abbf35090(localhost/127.0.0.1) with datanode deadline 1746706845150 and scm deadline 1746707205150
2025-05-08 12:14:45,150 [ReplicationMonitor] INFO  replication.ReplicationManager (ReplicationManager.java:sendDatanodeCommand(663)) - Sending command [closeContainerCommand: cmdID: 9, encodedToken: "", term: 0, deadlineMsSinceEpoch: 0, containerID: 9, pipelineID: PipelineID=30af3b1a-a629-40eb-b1f1-cf0b59c01792, force: false] for container ContainerInfo{id=#9, state=CLOSING, stateEnterTime=2025-05-08T12:14:44.172303767Z, pipelineID=PipelineID=30af3b1a-a629-40eb-b1f1-cf0b59c01792, owner=omServiceIdDefault} to 7c8f0716-ab75-44b9-b6ec-eb9ccd1caa65(localhost/127.0.0.1) with datanode deadline 1746706845150 and scm deadline 1746707205150
2025-05-08 12:14:45,150 [ReplicationMonitor] INFO  replication.ReplicationManager (ReplicationManager.java:sendDatanodeCommand(663)) - Sending command [closeContainerCommand: cmdID: 9, encodedToken: "", term: 0, deadlineMsSinceEpoch: 0, containerID: 9, pipelineID: PipelineID=30af3b1a-a629-40eb-b1f1-cf0b59c01792, force: false] for container ContainerInfo{id=#9, state=CLOSING, stateEnterTime=2025-05-08T12:14:44.172303767Z, pipelineID=PipelineID=30af3b1a-a629-40eb-b1f1-cf0b59c01792, owner=omServiceIdDefault} to 73de0732-aa09-4d2e-8ccf-f79b8b9cbabe(localhost/127.0.0.1) with datanode deadline 1746706845150 and scm deadline 1746707205150
2025-05-08 12:14:45,150 [ReplicationMonitor] INFO  replication.ReplicationManager (ReplicationManager.java:sendDatanodeCommand(663)) - Sending command [closeContainerCommand: cmdID: 11, encodedToken: "", term: 0, deadlineMsSinceEpoch: 0, containerID: 11, pipelineID: PipelineID=982f7b9c-b744-4172-affd-323c17dc8487, force: true] for container ContainerInfo{id=#11, state=CLOSING, stateEnterTime=2025-05-08T12:14:44.176386946Z, pipelineID=PipelineID=982f7b9c-b744-4172-affd-323c17dc8487, owner=omServiceIdDefault} to 2ac133fa-68ef-4921-8bb4-d040b7072d41(localhost/127.0.0.1) with datanode deadline 1746706845150 and scm deadline 1746707205150
2025-05-08 12:14:45,150 [ReplicationMonitor] INFO  replication.ReplicationManager (ReplicationManager.java:sendDatanodeCommand(663)) - Sending command [closeContainerCommand: cmdID: 11, encodedToken: "", term: 0, deadlineMsSinceEpoch: 0, containerID: 11, pipelineID: PipelineID=982f7b9c-b744-4172-affd-323c17dc8487, force: true] for container ContainerInfo{id=#11, state=CLOSING, stateEnterTime=2025-05-08T12:14:44.176386946Z, pipelineID=PipelineID=982f7b9c-b744-4172-affd-323c17dc8487, owner=omServiceIdDefault} to 39727330-a832-4a1a-a148-c345636681a8(localhost/127.0.0.1) with datanode deadline 1746706845150 and scm deadline 1746707205150
2025-05-08 12:14:45,151 [ReplicationMonitor] INFO  replication.ReplicationManager (ReplicationManager.java:sendDatanodeCommand(663)) - Sending command [closeContainerCommand: cmdID: 11, encodedToken: "", term: 0, deadlineMsSinceEpoch: 0, containerID: 11, pipelineID: PipelineID=982f7b9c-b744-4172-affd-323c17dc8487, force: true] for container ContainerInfo{id=#11, state=CLOSING, stateEnterTime=2025-05-08T12:14:44.176386946Z, pipelineID=PipelineID=982f7b9c-b744-4172-affd-323c17dc8487, owner=omServiceIdDefault} to 317162a0-bd3d-40ad-b205-542abbf35090(localhost/127.0.0.1) with datanode deadline 1746706845151 and scm deadline 1746707205151
2025-05-08 12:14:45,151 [ReplicationMonitor] INFO  replication.ReplicationManager (ReplicationManager.java:sendDatanodeCommand(663)) - Sending command [closeContainerCommand: cmdID: 11, encodedToken: "", term: 0, deadlineMsSinceEpoch: 0, containerID: 11, pipelineID: PipelineID=982f7b9c-b744-4172-affd-323c17dc8487, force: true] for container ContainerInfo{id=#11, state=CLOSING, stateEnterTime=2025-05-08T12:14:44.176386946Z, pipelineID=PipelineID=982f7b9c-b744-4172-affd-323c17dc8487, owner=omServiceIdDefault} to 73de0732-aa09-4d2e-8ccf-f79b8b9cbabe(localhost/127.0.0.1) with datanode deadline 1746706845151 and scm deadline 1746707205151
2025-05-08 12:14:45,151 [ReplicationMonitor] INFO  replication.ReplicationManager (ReplicationManager.java:sendDatanodeCommand(663)) - Sending command [closeContainerCommand: cmdID: 11, encodedToken: "", term: 0, deadlineMsSinceEpoch: 0, containerID: 11, pipelineID: PipelineID=982f7b9c-b744-4172-affd-323c17dc8487, force: true] for container ContainerInfo{id=#11, state=CLOSING, stateEnterTime=2025-05-08T12:14:44.176386946Z, pipelineID=PipelineID=982f7b9c-b744-4172-affd-323c17dc8487, owner=omServiceIdDefault} to 7c8f0716-ab75-44b9-b6ec-eb9ccd1caa65(localhost/127.0.0.1) with datanode deadline 1746706845151 and scm deadline 1746707205151
2025-05-08 12:14:45,151 [ReplicationMonitor] INFO  replication.ReplicationManager (ReplicationManager.java:sendDatanodeCommand(663)) - Sending command [closeContainerCommand: cmdID: 12, encodedToken: "", term: 0, deadlineMsSinceEpoch: 0, containerID: 12, pipelineID: PipelineID=c698bde7-de0e-4be4-823e-0823616dc383, force: true] for container ContainerInfo{id=#12, state=CLOSING, stateEnterTime=2025-05-08T12:14:44.162080682Z, pipelineID=PipelineID=c698bde7-de0e-4be4-823e-0823616dc383, owner=omServiceIdDefault} to 39727330-a832-4a1a-a148-c345636681a8(localhost/127.0.0.1) with datanode deadline 1746706845151 and scm deadline 1746707205151
2025-05-08 12:14:45,151 [ReplicationMonitor] INFO  replication.ReplicationManager (ReplicationManager.java:sendDatanodeCommand(663)) - Sending command [closeContainerCommand: cmdID: 12, encodedToken: "", term: 0, deadlineMsSinceEpoch: 0, containerID: 12, pipelineID: PipelineID=c698bde7-de0e-4be4-823e-0823616dc383, force: true] for container ContainerInfo{id=#12, state=CLOSING, stateEnterTime=2025-05-08T12:14:44.162080682Z, pipelineID=PipelineID=c698bde7-de0e-4be4-823e-0823616dc383, owner=omServiceIdDefault} to 317162a0-bd3d-40ad-b205-542abbf35090(localhost/127.0.0.1) with datanode deadline 1746706845151 and scm deadline 1746707205151
2025-05-08 12:14:45,151 [ReplicationMonitor] INFO  replication.ReplicationManager (ReplicationManager.java:sendDatanodeCommand(663)) - Sending command [closeContainerCommand: cmdID: 12, encodedToken: "", term: 0, deadlineMsSinceEpoch: 0, containerID: 12, pipelineID: PipelineID=c698bde7-de0e-4be4-823e-0823616dc383, force: true] for container ContainerInfo{id=#12, state=CLOSING, stateEnterTime=2025-05-08T12:14:44.162080682Z, pipelineID=PipelineID=c698bde7-de0e-4be4-823e-0823616dc383, owner=omServiceIdDefault} to 7c8f0716-ab75-44b9-b6ec-eb9ccd1caa65(localhost/127.0.0.1) with datanode deadline 1746706845151 and scm deadline 1746707205151
2025-05-08 12:14:45,151 [ReplicationMonitor] INFO  replication.ReplicationManager (ReplicationManager.java:sendDatanodeCommand(663)) - Sending command [closeContainerCommand: cmdID: 12, encodedToken: "", term: 0, deadlineMsSinceEpoch: 0, containerID: 12, pipelineID: PipelineID=c698bde7-de0e-4be4-823e-0823616dc383, force: true] for container ContainerInfo{id=#12, state=CLOSING, stateEnterTime=2025-05-08T12:14:44.162080682Z, pipelineID=PipelineID=c698bde7-de0e-4be4-823e-0823616dc383, owner=omServiceIdDefault} to 73de0732-aa09-4d2e-8ccf-f79b8b9cbabe(localhost/127.0.0.1) with datanode deadline 1746706845151 and scm deadline 1746707205151
2025-05-08 12:14:45,151 [ReplicationMonitor] INFO  replication.ReplicationManager (ReplicationManager.java:sendDatanodeCommand(663)) - Sending command [closeContainerCommand: cmdID: 12, encodedToken: "", term: 0, deadlineMsSinceEpoch: 0, containerID: 12, pipelineID: PipelineID=c698bde7-de0e-4be4-823e-0823616dc383, force: true] for container ContainerInfo{id=#12, state=CLOSING, stateEnterTime=2025-05-08T12:14:44.162080682Z, pipelineID=PipelineID=c698bde7-de0e-4be4-823e-0823616dc383, owner=omServiceIdDefault} to 2ac133fa-68ef-4921-8bb4-d040b7072d41(localhost/127.0.0.1) with datanode deadline 1746706845151 and scm deadline 1746707205151
2025-05-08 12:14:45,152 [ReplicationMonitor] INFO  replication.ReplicationManager (ReplicationManager.java:sendDatanodeCommand(663)) - Sending command [closeContainerCommand: cmdID: 13, encodedToken: "", term: 0, deadlineMsSinceEpoch: 0, containerID: 13, pipelineID: PipelineID=05c24195-2f99-4dbd-9f4e-a0ffb3af0f66, force: true] for container ContainerInfo{id=#13, state=CLOSING, stateEnterTime=2025-05-08T12:14:44.165478393Z, pipelineID=PipelineID=05c24195-2f99-4dbd-9f4e-a0ffb3af0f66, owner=omServiceIdDefault} to 73de0732-aa09-4d2e-8ccf-f79b8b9cbabe(localhost/127.0.0.1) with datanode deadline 1746706845152 and scm deadline 1746707205152
2025-05-08 12:14:45,152 [ReplicationMonitor] INFO  replication.ReplicationManager (ReplicationManager.java:sendDatanodeCommand(663)) - Sending command [closeContainerCommand: cmdID: 13, encodedToken: "", term: 0, deadlineMsSinceEpoch: 0, containerID: 13, pipelineID: PipelineID=05c24195-2f99-4dbd-9f4e-a0ffb3af0f66, force: true] for container ContainerInfo{id=#13, state=CLOSING, stateEnterTime=2025-05-08T12:14:44.165478393Z, pipelineID=PipelineID=05c24195-2f99-4dbd-9f4e-a0ffb3af0f66, owner=omServiceIdDefault} to 7c8f0716-ab75-44b9-b6ec-eb9ccd1caa65(localhost/127.0.0.1) with datanode deadline 1746706845152 and scm deadline 1746707205152
2025-05-08 12:14:45,152 [ReplicationMonitor] INFO  replication.ReplicationManager (ReplicationManager.java:sendDatanodeCommand(663)) - Sending command [closeContainerCommand: cmdID: 13, encodedToken: "", term: 0, deadlineMsSinceEpoch: 0, containerID: 13, pipelineID: PipelineID=05c24195-2f99-4dbd-9f4e-a0ffb3af0f66, force: true] for container ContainerInfo{id=#13, state=CLOSING, stateEnterTime=2025-05-08T12:14:44.165478393Z, pipelineID=PipelineID=05c24195-2f99-4dbd-9f4e-a0ffb3af0f66, owner=omServiceIdDefault} to 2ac133fa-68ef-4921-8bb4-d040b7072d41(localhost/127.0.0.1) with datanode deadline 1746706845152 and scm deadline 1746707205152
2025-05-08 12:14:45,152 [ReplicationMonitor] INFO  replication.ReplicationManager (ReplicationManager.java:sendDatanodeCommand(663)) - Sending command [closeContainerCommand: cmdID: 13, encodedToken: "", term: 0, deadlineMsSinceEpoch: 0, containerID: 13, pipelineID: PipelineID=05c24195-2f99-4dbd-9f4e-a0ffb3af0f66, force: true] for container ContainerInfo{id=#13, state=CLOSING, stateEnterTime=2025-05-08T12:14:44.165478393Z, pipelineID=PipelineID=05c24195-2f99-4dbd-9f4e-a0ffb3af0f66, owner=omServiceIdDefault} to 39727330-a832-4a1a-a148-c345636681a8(localhost/127.0.0.1) with datanode deadline 1746706845152 and scm deadline 1746707205152
2025-05-08 12:14:45,152 [ReplicationMonitor] INFO  replication.ReplicationManager (ReplicationManager.java:sendDatanodeCommand(663)) - Sending command [closeContainerCommand: cmdID: 13, encodedToken: "", term: 0, deadlineMsSinceEpoch: 0, containerID: 13, pipelineID: PipelineID=05c24195-2f99-4dbd-9f4e-a0ffb3af0f66, force: true] for container ContainerInfo{id=#13, state=CLOSING, stateEnterTime=2025-05-08T12:14:44.165478393Z, pipelineID=PipelineID=05c24195-2f99-4dbd-9f4e-a0ffb3af0f66, owner=omServiceIdDefault} to 317162a0-bd3d-40ad-b205-542abbf35090(localhost/127.0.0.1) with datanode deadline 1746706845152 and scm deadline 1746707205152
2025-05-08 12:14:45,152 [ReplicationMonitor] INFO  replication.ReplicationManager (ReplicationManager.java:processAll(382)) - Replication Monitor Thread took 4 milliseconds for processing 14 containers.
2025-05-08 12:14:46,154 [ReplicationMonitor] INFO  replication.ReplicationManager (ReplicationManager.java:sendDatanodeCommand(663)) - Sending command [closeContainerCommand: cmdID: 8, encodedToken: "", term: 0, deadlineMsSinceEpoch: 0, containerID: 8, pipelineID: PipelineID=30af3b1a-a629-40eb-b1f1-cf0b59c01792, force: false] for container ContainerInfo{id=#8, state=CLOSING, stateEnterTime=2025-05-08T12:14:44.170429543Z, pipelineID=PipelineID=30af3b1a-a629-40eb-b1f1-cf0b59c01792, owner=omServiceIdDefault} to 73de0732-aa09-4d2e-8ccf-f79b8b9cbabe(localhost/127.0.0.1) with datanode deadline 1746706846154 and scm deadline 1746707206154
2025-05-08 12:14:46,154 [ReplicationMonitor] INFO  replication.ReplicationManager (ReplicationManager.java:sendDatanodeCommand(663)) - Sending command [closeContainerCommand: cmdID: 8, encodedToken: "", term: 0, deadlineMsSinceEpoch: 0, containerID: 8, pipelineID: PipelineID=30af3b1a-a629-40eb-b1f1-cf0b59c01792, force: false] for container ContainerInfo{id=#8, state=CLOSING, stateEnterTime=2025-05-08T12:14:44.170429543Z, pipelineID=PipelineID=30af3b1a-a629-40eb-b1f1-cf0b59c01792, owner=omServiceIdDefault} to 317162a0-bd3d-40ad-b205-542abbf35090(localhost/127.0.0.1) with datanode deadline 1746706846154 and scm deadline 1746707206154
2025-05-08 12:14:46,154 [ReplicationMonitor] INFO  replication.ReplicationManager (ReplicationManager.java:sendDatanodeCommand(663)) - Sending command [closeContainerCommand: cmdID: 8, encodedToken: "", term: 0, deadlineMsSinceEpoch: 0, containerID: 8, pipelineID: PipelineID=30af3b1a-a629-40eb-b1f1-cf0b59c01792, force: false] for container ContainerInfo{id=#8, state=CLOSING, stateEnterTime=2025-05-08T12:14:44.170429543Z, pipelineID=PipelineID=30af3b1a-a629-40eb-b1f1-cf0b59c01792, owner=omServiceIdDefault} to 7c8f0716-ab75-44b9-b6ec-eb9ccd1caa65(localhost/127.0.0.1) with datanode deadline 1746706846154 and scm deadline 1746707206154
2025-05-08 12:14:46,154 [ReplicationMonitor] INFO  replication.ReplicationManager (ReplicationManager.java:sendDatanodeCommand(663)) - Sending command [closeContainerCommand: cmdID: 9, encodedToken: "", term: 0, deadlineMsSinceEpoch: 0, containerID: 9, pipelineID: PipelineID=30af3b1a-a629-40eb-b1f1-cf0b59c01792, force: false] for container ContainerInfo{id=#9, state=CLOSING, stateEnterTime=2025-05-08T12:14:44.172303767Z, pipelineID=PipelineID=30af3b1a-a629-40eb-b1f1-cf0b59c01792, owner=omServiceIdDefault} to 317162a0-bd3d-40ad-b205-542abbf35090(localhost/127.0.0.1) with datanode deadline 1746706846154 and scm deadline 1746707206154
2025-05-08 12:14:46,154 [ReplicationMonitor] INFO  replication.ReplicationManager (ReplicationManager.java:sendDatanodeCommand(663)) - Sending command [closeContainerCommand: cmdID: 9, encodedToken: "", term: 0, deadlineMsSinceEpoch: 0, containerID: 9, pipelineID: PipelineID=30af3b1a-a629-40eb-b1f1-cf0b59c01792, force: false] for container ContainerInfo{id=#9, state=CLOSING, stateEnterTime=2025-05-08T12:14:44.172303767Z, pipelineID=PipelineID=30af3b1a-a629-40eb-b1f1-cf0b59c01792, owner=omServiceIdDefault} to 7c8f0716-ab75-44b9-b6ec-eb9ccd1caa65(localhost/127.0.0.1) with datanode deadline 1746706846154 and scm deadline 1746707206154
2025-05-08 12:14:46,154 [ReplicationMonitor] INFO  replication.ReplicationManager (ReplicationManager.java:sendDatanodeCommand(663)) - Sending command [closeContainerCommand: cmdID: 9, encodedToken: "", term: 0, deadlineMsSinceEpoch: 0, containerID: 9, pipelineID: PipelineID=30af3b1a-a629-40eb-b1f1-cf0b59c01792, force: false] for container ContainerInfo{id=#9, state=CLOSING, stateEnterTime=2025-05-08T12:14:44.172303767Z, pipelineID=PipelineID=30af3b1a-a629-40eb-b1f1-cf0b59c01792, owner=omServiceIdDefault} to 73de0732-aa09-4d2e-8ccf-f79b8b9cbabe(localhost/127.0.0.1) with datanode deadline 1746706846154 and scm deadline 1746707206154
2025-05-08 12:14:46,155 [ReplicationMonitor] INFO  replication.ReplicationManager (ReplicationManager.java:sendDatanodeCommand(663)) - Sending command [closeContainerCommand: cmdID: 11, encodedToken: "", term: 0, deadlineMsSinceEpoch: 0, containerID: 11, pipelineID: PipelineID=982f7b9c-b744-4172-affd-323c17dc8487, force: true] for container ContainerInfo{id=#11, state=CLOSING, stateEnterTime=2025-05-08T12:14:44.176386946Z, pipelineID=PipelineID=982f7b9c-b744-4172-affd-323c17dc8487, owner=omServiceIdDefault} to 2ac133fa-68ef-4921-8bb4-d040b7072d41(localhost/127.0.0.1) with datanode deadline 1746706846155 and scm deadline 1746707206155
2025-05-08 12:14:46,155 [ReplicationMonitor] INFO  replication.ReplicationManager (ReplicationManager.java:sendDatanodeCommand(663)) - Sending command [closeContainerCommand: cmdID: 11, encodedToken: "", term: 0, deadlineMsSinceEpoch: 0, containerID: 11, pipelineID: PipelineID=982f7b9c-b744-4172-affd-323c17dc8487, force: true] for container ContainerInfo{id=#11, state=CLOSING, stateEnterTime=2025-05-08T12:14:44.176386946Z, pipelineID=PipelineID=982f7b9c-b744-4172-affd-323c17dc8487, owner=omServiceIdDefault} to 39727330-a832-4a1a-a148-c345636681a8(localhost/127.0.0.1) with datanode deadline 1746706846155 and scm deadline 1746707206155
2025-05-08 12:14:46,155 [ReplicationMonitor] INFO  replication.ReplicationManager (ReplicationManager.java:sendDatanodeCommand(663)) - Sending command [closeContainerCommand: cmdID: 11, encodedToken: "", term: 0, deadlineMsSinceEpoch: 0, containerID: 11, pipelineID: PipelineID=982f7b9c-b744-4172-affd-323c17dc8487, force: true] for container ContainerInfo{id=#11, state=CLOSING, stateEnterTime=2025-05-08T12:14:44.176386946Z, pipelineID=PipelineID=982f7b9c-b744-4172-affd-323c17dc8487, owner=omServiceIdDefault} to 317162a0-bd3d-40ad-b205-542abbf35090(localhost/127.0.0.1) with datanode deadline 1746706846155 and scm deadline 1746707206155
2025-05-08 12:14:46,155 [ReplicationMonitor] INFO  replication.ReplicationManager (ReplicationManager.java:sendDatanodeCommand(663)) - Sending command [closeContainerCommand: cmdID: 11, encodedToken: "", term: 0, deadlineMsSinceEpoch: 0, containerID: 11, pipelineID: PipelineID=982f7b9c-b744-4172-affd-323c17dc8487, force: true] for container ContainerInfo{id=#11, state=CLOSING, stateEnterTime=2025-05-08T12:14:44.176386946Z, pipelineID=PipelineID=982f7b9c-b744-4172-affd-323c17dc8487, owner=omServiceIdDefault} to 73de0732-aa09-4d2e-8ccf-f79b8b9cbabe(localhost/127.0.0.1) with datanode deadline 1746706846155 and scm deadline 1746707206155
2025-05-08 12:14:46,155 [ReplicationMonitor] INFO  replication.ReplicationManager (ReplicationManager.java:sendDatanodeCommand(663)) - Sending command [closeContainerCommand: cmdID: 11, encodedToken: "", term: 0, deadlineMsSinceEpoch: 0, containerID: 11, pipelineID: PipelineID=982f7b9c-b744-4172-affd-323c17dc8487, force: true] for container ContainerInfo{id=#11, state=CLOSING, stateEnterTime=2025-05-08T12:14:44.176386946Z, pipelineID=PipelineID=982f7b9c-b744-4172-affd-323c17dc8487, owner=omServiceIdDefault} to 7c8f0716-ab75-44b9-b6ec-eb9ccd1caa65(localhost/127.0.0.1) with datanode deadline 1746706846155 and scm deadline 1746707206155
2025-05-08 12:14:46,155 [ReplicationMonitor] INFO  replication.ReplicationManager (ReplicationManager.java:sendDatanodeCommand(663)) - Sending command [closeContainerCommand: cmdID: 12, encodedToken: "", term: 0, deadlineMsSinceEpoch: 0, containerID: 12, pipelineID: PipelineID=c698bde7-de0e-4be4-823e-0823616dc383, force: true] for container ContainerInfo{id=#12, state=CLOSING, stateEnterTime=2025-05-08T12:14:44.162080682Z, pipelineID=PipelineID=c698bde7-de0e-4be4-823e-0823616dc383, owner=omServiceIdDefault} to 39727330-a832-4a1a-a148-c345636681a8(localhost/127.0.0.1) with datanode deadline 1746706846155 and scm deadline 1746707206155
2025-05-08 12:14:46,155 [ReplicationMonitor] INFO  replication.ReplicationManager (ReplicationManager.java:sendDatanodeCommand(663)) - Sending command [closeContainerCommand: cmdID: 12, encodedToken: "", term: 0, deadlineMsSinceEpoch: 0, containerID: 12, pipelineID: PipelineID=c698bde7-de0e-4be4-823e-0823616dc383, force: true] for container ContainerInfo{id=#12, state=CLOSING, stateEnterTime=2025-05-08T12:14:44.162080682Z, pipelineID=PipelineID=c698bde7-de0e-4be4-823e-0823616dc383, owner=omServiceIdDefault} to 317162a0-bd3d-40ad-b205-542abbf35090(localhost/127.0.0.1) with datanode deadline 1746706846155 and scm deadline 1746707206155
2025-05-08 12:14:46,156 [ReplicationMonitor] INFO  replication.ReplicationManager (ReplicationManager.java:sendDatanodeCommand(663)) - Sending command [closeContainerCommand: cmdID: 12, encodedToken: "", term: 0, deadlineMsSinceEpoch: 0, containerID: 12, pipelineID: PipelineID=c698bde7-de0e-4be4-823e-0823616dc383, force: true] for container ContainerInfo{id=#12, state=CLOSING, stateEnterTime=2025-05-08T12:14:44.162080682Z, pipelineID=PipelineID=c698bde7-de0e-4be4-823e-0823616dc383, owner=omServiceIdDefault} to 7c8f0716-ab75-44b9-b6ec-eb9ccd1caa65(localhost/127.0.0.1) with datanode deadline 1746706846155 and scm deadline 1746707206155
2025-05-08 12:14:46,156 [ReplicationMonitor] INFO  replication.ReplicationManager (ReplicationManager.java:sendDatanodeCommand(663)) - Sending command [closeContainerCommand: cmdID: 12, encodedToken: "", term: 0, deadlineMsSinceEpoch: 0, containerID: 12, pipelineID: PipelineID=c698bde7-de0e-4be4-823e-0823616dc383, force: true] for container ContainerInfo{id=#12, state=CLOSING, stateEnterTime=2025-05-08T12:14:44.162080682Z, pipelineID=PipelineID=c698bde7-de0e-4be4-823e-0823616dc383, owner=omServiceIdDefault} to 73de0732-aa09-4d2e-8ccf-f79b8b9cbabe(localhost/127.0.0.1) with datanode deadline 1746706846156 and scm deadline 1746707206156
2025-05-08 12:14:46,156 [ReplicationMonitor] INFO  replication.ReplicationManager (ReplicationManager.java:sendDatanodeCommand(663)) - Sending command [closeContainerCommand: cmdID: 12, encodedToken: "", term: 0, deadlineMsSinceEpoch: 0, containerID: 12, pipelineID: PipelineID=c698bde7-de0e-4be4-823e-0823616dc383, force: true] for container ContainerInfo{id=#12, state=CLOSING, stateEnterTime=2025-05-08T12:14:44.162080682Z, pipelineID=PipelineID=c698bde7-de0e-4be4-823e-0823616dc383, owner=omServiceIdDefault} to 2ac133fa-68ef-4921-8bb4-d040b7072d41(localhost/127.0.0.1) with datanode deadline 1746706846156 and scm deadline 1746707206156
2025-05-08 12:14:46,156 [ReplicationMonitor] INFO  replication.ReplicationManager (ReplicationManager.java:sendDatanodeCommand(663)) - Sending command [closeContainerCommand: cmdID: 13, encodedToken: "", term: 0, deadlineMsSinceEpoch: 0, containerID: 13, pipelineID: PipelineID=05c24195-2f99-4dbd-9f4e-a0ffb3af0f66, force: true] for container ContainerInfo{id=#13, state=CLOSING, stateEnterTime=2025-05-08T12:14:44.165478393Z, pipelineID=PipelineID=05c24195-2f99-4dbd-9f4e-a0ffb3af0f66, owner=omServiceIdDefault} to 73de0732-aa09-4d2e-8ccf-f79b8b9cbabe(localhost/127.0.0.1) with datanode deadline 1746706846156 and scm deadline 1746707206156
2025-05-08 12:14:46,156 [ReplicationMonitor] INFO  replication.ReplicationManager (ReplicationManager.java:sendDatanodeCommand(663)) - Sending command [closeContainerCommand: cmdID: 13, encodedToken: "", term: 0, deadlineMsSinceEpoch: 0, containerID: 13, pipelineID: PipelineID=05c24195-2f99-4dbd-9f4e-a0ffb3af0f66, force: true] for container ContainerInfo{id=#13, state=CLOSING, stateEnterTime=2025-05-08T12:14:44.165478393Z, pipelineID=PipelineID=05c24195-2f99-4dbd-9f4e-a0ffb3af0f66, owner=omServiceIdDefault} to 7c8f0716-ab75-44b9-b6ec-eb9ccd1caa65(localhost/127.0.0.1) with datanode deadline 1746706846156 and scm deadline 1746707206156
2025-05-08 12:14:46,156 [ReplicationMonitor] INFO  replication.ReplicationManager (ReplicationManager.java:sendDatanodeCommand(663)) - Sending command [closeContainerCommand: cmdID: 13, encodedToken: "", term: 0, deadlineMsSinceEpoch: 0, containerID: 13, pipelineID: PipelineID=05c24195-2f99-4dbd-9f4e-a0ffb3af0f66, force: true] for container ContainerInfo{id=#13, state=CLOSING, stateEnterTime=2025-05-08T12:14:44.165478393Z, pipelineID=PipelineID=05c24195-2f99-4dbd-9f4e-a0ffb3af0f66, owner=omServiceIdDefault} to 2ac133fa-68ef-4921-8bb4-d040b7072d41(localhost/127.0.0.1) with datanode deadline 1746706846156 and scm deadline 1746707206156
2025-05-08 12:14:46,156 [ReplicationMonitor] INFO  replication.ReplicationManager (ReplicationManager.java:sendDatanodeCommand(663)) - Sending command [closeContainerCommand: cmdID: 13, encodedToken: "", term: 0, deadlineMsSinceEpoch: 0, containerID: 13, pipelineID: PipelineID=05c24195-2f99-4dbd-9f4e-a0ffb3af0f66, force: true] for container ContainerInfo{id=#13, state=CLOSING, stateEnterTime=2025-05-08T12:14:44.165478393Z, pipelineID=PipelineID=05c24195-2f99-4dbd-9f4e-a0ffb3af0f66, owner=omServiceIdDefault} to 39727330-a832-4a1a-a148-c345636681a8(localhost/127.0.0.1) with datanode deadline 1746706846156 and scm deadline 1746707206156
2025-05-08 12:14:46,156 [ReplicationMonitor] INFO  replication.ReplicationManager (ReplicationManager.java:sendDatanodeCommand(663)) - Sending command [closeContainerCommand: cmdID: 13, encodedToken: "", term: 0, deadlineMsSinceEpoch: 0, containerID: 13, pipelineID: PipelineID=05c24195-2f99-4dbd-9f4e-a0ffb3af0f66, force: true] for container ContainerInfo{id=#13, state=CLOSING, stateEnterTime=2025-05-08T12:14:44.165478393Z, pipelineID=PipelineID=05c24195-2f99-4dbd-9f4e-a0ffb3af0f66, owner=omServiceIdDefault} to 317162a0-bd3d-40ad-b205-542abbf35090(localhost/127.0.0.1) with datanode deadline 1746706846156 and scm deadline 1746707206156
2025-05-08 12:14:46,156 [ReplicationMonitor] INFO  replication.ReplicationManager (ReplicationManager.java:processAll(382)) - Replication Monitor Thread took 3 milliseconds for processing 14 containers.
2025-05-08 12:14:47,062 [2ac133fa-68ef-4921-8bb4-d040b7072d41-CloseContainerThread-1] INFO  keyvalue.KeyValueContainer (KeyValueContainer.java:flushAndSyncDB(511)) - Synced container: KeyValueContainerData #11 (CLOSING, non-empty, ri=4, origin=[dn_2ac133fa-68ef-4921-8bb4-d040b7072d41, pipeline_])
2025-05-08 12:14:47,062 [2ac133fa-68ef-4921-8bb4-d040b7072d41-CloseContainerThread-0] INFO  keyvalue.KeyValueContainer (KeyValueContainer.java:flushAndSyncDB(511)) - Synced container: KeyValueContainerData #12 (CLOSING, non-empty, ri=1, origin=[dn_2ac133fa-68ef-4921-8bb4-d040b7072d41, pipeline_])
2025-05-08 12:14:47,063 [2ac133fa-68ef-4921-8bb4-d040b7072d41-CloseContainerThread-1] INFO  keyvalue.KeyValueContainer (KeyValueContainer.java:flushAndSyncDB(511)) - Synced container: KeyValueContainerData #11 (CLOSING, non-empty, ri=4, origin=[dn_2ac133fa-68ef-4921-8bb4-d040b7072d41, pipeline_])
2025-05-08 12:14:47,063 [2ac133fa-68ef-4921-8bb4-d040b7072d41-CloseContainerThread-0] INFO  keyvalue.KeyValueContainer (KeyValueContainer.java:flushAndSyncDB(511)) - Synced container: KeyValueContainerData #12 (CLOSING, non-empty, ri=1, origin=[dn_2ac133fa-68ef-4921-8bb4-d040b7072d41, pipeline_])
2025-05-08 12:14:47,062 [2ac133fa-68ef-4921-8bb4-d040b7072d41-CloseContainerThread-2] INFO  keyvalue.KeyValueContainer (KeyValueContainer.java:flushAndSyncDB(511)) - Synced container: KeyValueContainerData #13 (CLOSING, non-empty, ri=3, origin=[dn_2ac133fa-68ef-4921-8bb4-d040b7072d41, pipeline_])
2025-05-08 12:14:47,064 [2ac133fa-68ef-4921-8bb4-d040b7072d41-CloseContainerThread-2] INFO  keyvalue.KeyValueContainer (KeyValueContainer.java:flushAndSyncDB(511)) - Synced container: KeyValueContainerData #13 (CLOSING, non-empty, ri=3, origin=[dn_2ac133fa-68ef-4921-8bb4-d040b7072d41, pipeline_])
2025-05-08 12:14:47,067 [2ac133fa-68ef-4921-8bb4-d040b7072d41-CloseContainerThread-1] INFO  keyvalue.KeyValueContainer (KeyValueContainer.java:close(427)) - Closed container: KeyValueContainerData #11 (CLOSED, non-empty, ri=4, origin=[dn_2ac133fa-68ef-4921-8bb4-d040b7072d41, pipeline_])
2025-05-08 12:14:47,067 [2ac133fa-68ef-4921-8bb4-d040b7072d41-CloseContainerThread-0] INFO  keyvalue.KeyValueContainer (KeyValueContainer.java:close(427)) - Closed container: KeyValueContainerData #12 (CLOSED, non-empty, ri=1, origin=[dn_2ac133fa-68ef-4921-8bb4-d040b7072d41, pipeline_])
2025-05-08 12:14:47,068 [FixedThreadPoolWithAffinityExecutor-8-0] INFO  container.IncrementalContainerReportHandler (AbstractContainerReportHandler.java:updateContainerState(289)) - CLOSE Container #11 (CLOSING, sid=0) r4 (CLOSED, bcsid=0, origin=2ac133fa-68ef-4921-8bb4-d040b7072d41, non-empty) from dn 2ac133fa-68ef-4921-8bb4-d040b7072d41(localhost/127.0.0.1)
2025-05-08 12:14:47,069 [2ac133fa-68ef-4921-8bb4-d040b7072d41-CloseContainerThread-2] INFO  keyvalue.KeyValueContainer (KeyValueContainer.java:close(427)) - Closed container: KeyValueContainerData #13 (CLOSED, non-empty, ri=3, origin=[dn_2ac133fa-68ef-4921-8bb4-d040b7072d41, pipeline_])
2025-05-08 12:14:47,070 [FixedThreadPoolWithAffinityExecutor-8-0] INFO  container.IncrementalContainerReportHandler (AbstractContainerReportHandler.java:updateContainerState(289)) - CLOSE Container #12 (CLOSING, sid=0) r1 (CLOSED, bcsid=0, origin=2ac133fa-68ef-4921-8bb4-d040b7072d41, non-empty) from dn 2ac133fa-68ef-4921-8bb4-d040b7072d41(localhost/127.0.0.1)
2025-05-08 12:14:47,158 [ReplicationMonitor] INFO  replication.ReplicationManager (ReplicationManager.java:sendDatanodeCommand(663)) - Sending command [closeContainerCommand: cmdID: 8, encodedToken: "", term: 0, deadlineMsSinceEpoch: 0, containerID: 8, pipelineID: PipelineID=30af3b1a-a629-40eb-b1f1-cf0b59c01792, force: false] for container ContainerInfo{id=#8, state=CLOSING, stateEnterTime=2025-05-08T12:14:44.170429543Z, pipelineID=PipelineID=30af3b1a-a629-40eb-b1f1-cf0b59c01792, owner=omServiceIdDefault} to 73de0732-aa09-4d2e-8ccf-f79b8b9cbabe(localhost/127.0.0.1) with datanode deadline 1746706847158 and scm deadline 1746707207158
2025-05-08 12:14:47,158 [ReplicationMonitor] INFO  replication.ReplicationManager (ReplicationManager.java:sendDatanodeCommand(663)) - Sending command [closeContainerCommand: cmdID: 8, encodedToken: "", term: 0, deadlineMsSinceEpoch: 0, containerID: 8, pipelineID: PipelineID=30af3b1a-a629-40eb-b1f1-cf0b59c01792, force: false] for container ContainerInfo{id=#8, state=CLOSING, stateEnterTime=2025-05-08T12:14:44.170429543Z, pipelineID=PipelineID=30af3b1a-a629-40eb-b1f1-cf0b59c01792, owner=omServiceIdDefault} to 317162a0-bd3d-40ad-b205-542abbf35090(localhost/127.0.0.1) with datanode deadline 1746706847158 and scm deadline 1746707207158
2025-05-08 12:14:47,158 [ReplicationMonitor] INFO  replication.ReplicationManager (ReplicationManager.java:sendDatanodeCommand(663)) - Sending command [closeContainerCommand: cmdID: 8, encodedToken: "", term: 0, deadlineMsSinceEpoch: 0, containerID: 8, pipelineID: PipelineID=30af3b1a-a629-40eb-b1f1-cf0b59c01792, force: false] for container ContainerInfo{id=#8, state=CLOSING, stateEnterTime=2025-05-08T12:14:44.170429543Z, pipelineID=PipelineID=30af3b1a-a629-40eb-b1f1-cf0b59c01792, owner=omServiceIdDefault} to 7c8f0716-ab75-44b9-b6ec-eb9ccd1caa65(localhost/127.0.0.1) with datanode deadline 1746706847158 and scm deadline 1746707207158
2025-05-08 12:14:47,158 [ReplicationMonitor] INFO  replication.ReplicationManager (ReplicationManager.java:sendDatanodeCommand(663)) - Sending command [closeContainerCommand: cmdID: 9, encodedToken: "", term: 0, deadlineMsSinceEpoch: 0, containerID: 9, pipelineID: PipelineID=30af3b1a-a629-40eb-b1f1-cf0b59c01792, force: false] for container ContainerInfo{id=#9, state=CLOSING, stateEnterTime=2025-05-08T12:14:44.172303767Z, pipelineID=PipelineID=30af3b1a-a629-40eb-b1f1-cf0b59c01792, owner=omServiceIdDefault} to 317162a0-bd3d-40ad-b205-542abbf35090(localhost/127.0.0.1) with datanode deadline 1746706847158 and scm deadline 1746707207158
2025-05-08 12:14:47,158 [ReplicationMonitor] INFO  replication.ReplicationManager (ReplicationManager.java:sendDatanodeCommand(663)) - Sending command [closeContainerCommand: cmdID: 9, encodedToken: "", term: 0, deadlineMsSinceEpoch: 0, containerID: 9, pipelineID: PipelineID=30af3b1a-a629-40eb-b1f1-cf0b59c01792, force: false] for container ContainerInfo{id=#9, state=CLOSING, stateEnterTime=2025-05-08T12:14:44.172303767Z, pipelineID=PipelineID=30af3b1a-a629-40eb-b1f1-cf0b59c01792, owner=omServiceIdDefault} to 7c8f0716-ab75-44b9-b6ec-eb9ccd1caa65(localhost/127.0.0.1) with datanode deadline 1746706847158 and scm deadline 1746707207158
2025-05-08 12:14:47,158 [ReplicationMonitor] INFO  replication.ReplicationManager (ReplicationManager.java:sendDatanodeCommand(663)) - Sending command [closeContainerCommand: cmdID: 9, encodedToken: "", term: 0, deadlineMsSinceEpoch: 0, containerID: 9, pipelineID: PipelineID=30af3b1a-a629-40eb-b1f1-cf0b59c01792, force: false] for container ContainerInfo{id=#9, state=CLOSING, stateEnterTime=2025-05-08T12:14:44.172303767Z, pipelineID=PipelineID=30af3b1a-a629-40eb-b1f1-cf0b59c01792, owner=omServiceIdDefault} to 73de0732-aa09-4d2e-8ccf-f79b8b9cbabe(localhost/127.0.0.1) with datanode deadline 1746706847158 and scm deadline 1746707207158
2025-05-08 12:14:47,158 [ReplicationMonitor] INFO  replication.ReplicationManager (ReplicationManager.java:sendDatanodeCommand(663)) - Sending command [closeContainerCommand: cmdID: 11, encodedToken: "", term: 0, deadlineMsSinceEpoch: 0, containerID: 11, pipelineID: PipelineID=982f7b9c-b744-4172-affd-323c17dc8487, force: true] for container ContainerInfo{id=#11, state=CLOSED, stateEnterTime=2025-05-08T12:14:47.070061849Z, pipelineID=PipelineID=982f7b9c-b744-4172-affd-323c17dc8487, owner=omServiceIdDefault} to 39727330-a832-4a1a-a148-c345636681a8(localhost/127.0.0.1) with datanode deadline 1746706847158 and scm deadline 1746707207158
2025-05-08 12:14:47,159 [ReplicationMonitor] INFO  replication.ReplicationManager (ReplicationManager.java:sendDatanodeCommand(663)) - Sending command [closeContainerCommand: cmdID: 11, encodedToken: "", term: 0, deadlineMsSinceEpoch: 0, containerID: 11, pipelineID: PipelineID=982f7b9c-b744-4172-affd-323c17dc8487, force: true] for container ContainerInfo{id=#11, state=CLOSED, stateEnterTime=2025-05-08T12:14:47.070061849Z, pipelineID=PipelineID=982f7b9c-b744-4172-affd-323c17dc8487, owner=omServiceIdDefault} to 317162a0-bd3d-40ad-b205-542abbf35090(localhost/127.0.0.1) with datanode deadline 1746706847159 and scm deadline 1746707207159
2025-05-08 12:14:47,159 [ReplicationMonitor] INFO  replication.ReplicationManager (ReplicationManager.java:sendDatanodeCommand(663)) - Sending command [closeContainerCommand: cmdID: 11, encodedToken: "", term: 0, deadlineMsSinceEpoch: 0, containerID: 11, pipelineID: PipelineID=982f7b9c-b744-4172-affd-323c17dc8487, force: true] for container ContainerInfo{id=#11, state=CLOSED, stateEnterTime=2025-05-08T12:14:47.070061849Z, pipelineID=PipelineID=982f7b9c-b744-4172-affd-323c17dc8487, owner=omServiceIdDefault} to 73de0732-aa09-4d2e-8ccf-f79b8b9cbabe(localhost/127.0.0.1) with datanode deadline 1746706847159 and scm deadline 1746707207159
2025-05-08 12:14:47,159 [ReplicationMonitor] INFO  replication.ReplicationManager (ReplicationManager.java:sendDatanodeCommand(663)) - Sending command [closeContainerCommand: cmdID: 11, encodedToken: "", term: 0, deadlineMsSinceEpoch: 0, containerID: 11, pipelineID: PipelineID=982f7b9c-b744-4172-affd-323c17dc8487, force: true] for container ContainerInfo{id=#11, state=CLOSED, stateEnterTime=2025-05-08T12:14:47.070061849Z, pipelineID=PipelineID=982f7b9c-b744-4172-affd-323c17dc8487, owner=omServiceIdDefault} to 7c8f0716-ab75-44b9-b6ec-eb9ccd1caa65(localhost/127.0.0.1) with datanode deadline 1746706847159 and scm deadline 1746707207159
2025-05-08 12:14:47,159 [ReplicationMonitor] INFO  replication.ReplicationManager (ReplicationManager.java:sendDatanodeCommand(663)) - Sending command [closeContainerCommand: cmdID: 12, encodedToken: "", term: 0, deadlineMsSinceEpoch: 0, containerID: 12, pipelineID: PipelineID=c698bde7-de0e-4be4-823e-0823616dc383, force: true] for container ContainerInfo{id=#12, state=CLOSED, stateEnterTime=2025-05-08T12:14:47.071449933Z, pipelineID=PipelineID=c698bde7-de0e-4be4-823e-0823616dc383, owner=omServiceIdDefault} to 39727330-a832-4a1a-a148-c345636681a8(localhost/127.0.0.1) with datanode deadline 1746706847159 and scm deadline 1746707207159
2025-05-08 12:14:47,159 [ReplicationMonitor] INFO  replication.ReplicationManager (ReplicationManager.java:sendDatanodeCommand(663)) - Sending command [closeContainerCommand: cmdID: 12, encodedToken: "", term: 0, deadlineMsSinceEpoch: 0, containerID: 12, pipelineID: PipelineID=c698bde7-de0e-4be4-823e-0823616dc383, force: true] for container ContainerInfo{id=#12, state=CLOSED, stateEnterTime=2025-05-08T12:14:47.071449933Z, pipelineID=PipelineID=c698bde7-de0e-4be4-823e-0823616dc383, owner=omServiceIdDefault} to 317162a0-bd3d-40ad-b205-542abbf35090(localhost/127.0.0.1) with datanode deadline 1746706847159 and scm deadline 1746707207159
2025-05-08 12:14:47,159 [ReplicationMonitor] INFO  replication.ReplicationManager (ReplicationManager.java:sendDatanodeCommand(663)) - Sending command [closeContainerCommand: cmdID: 12, encodedToken: "", term: 0, deadlineMsSinceEpoch: 0, containerID: 12, pipelineID: PipelineID=c698bde7-de0e-4be4-823e-0823616dc383, force: true] for container ContainerInfo{id=#12, state=CLOSED, stateEnterTime=2025-05-08T12:14:47.071449933Z, pipelineID=PipelineID=c698bde7-de0e-4be4-823e-0823616dc383, owner=omServiceIdDefault} to 7c8f0716-ab75-44b9-b6ec-eb9ccd1caa65(localhost/127.0.0.1) with datanode deadline 1746706847159 and scm deadline 1746707207159
2025-05-08 12:14:47,159 [ReplicationMonitor] INFO  replication.ReplicationManager (ReplicationManager.java:sendDatanodeCommand(663)) - Sending command [closeContainerCommand: cmdID: 12, encodedToken: "", term: 0, deadlineMsSinceEpoch: 0, containerID: 12, pipelineID: PipelineID=c698bde7-de0e-4be4-823e-0823616dc383, force: true] for container ContainerInfo{id=#12, state=CLOSED, stateEnterTime=2025-05-08T12:14:47.071449933Z, pipelineID=PipelineID=c698bde7-de0e-4be4-823e-0823616dc383, owner=omServiceIdDefault} to 73de0732-aa09-4d2e-8ccf-f79b8b9cbabe(localhost/127.0.0.1) with datanode deadline 1746706847159 and scm deadline 1746707207159
2025-05-08 12:14:47,159 [ReplicationMonitor] INFO  replication.ReplicationManager (ReplicationManager.java:sendDatanodeCommand(663)) - Sending command [closeContainerCommand: cmdID: 13, encodedToken: "", term: 0, deadlineMsSinceEpoch: 0, containerID: 13, pipelineID: PipelineID=05c24195-2f99-4dbd-9f4e-a0ffb3af0f66, force: true] for container ContainerInfo{id=#13, state=CLOSING, stateEnterTime=2025-05-08T12:14:44.165478393Z, pipelineID=PipelineID=05c24195-2f99-4dbd-9f4e-a0ffb3af0f66, owner=omServiceIdDefault} to 73de0732-aa09-4d2e-8ccf-f79b8b9cbabe(localhost/127.0.0.1) with datanode deadline 1746706847159 and scm deadline 1746707207159
2025-05-08 12:14:47,159 [ReplicationMonitor] INFO  replication.ReplicationManager (ReplicationManager.java:sendDatanodeCommand(663)) - Sending command [closeContainerCommand: cmdID: 13, encodedToken: "", term: 0, deadlineMsSinceEpoch: 0, containerID: 13, pipelineID: PipelineID=05c24195-2f99-4dbd-9f4e-a0ffb3af0f66, force: true] for container ContainerInfo{id=#13, state=CLOSING, stateEnterTime=2025-05-08T12:14:44.165478393Z, pipelineID=PipelineID=05c24195-2f99-4dbd-9f4e-a0ffb3af0f66, owner=omServiceIdDefault} to 7c8f0716-ab75-44b9-b6ec-eb9ccd1caa65(localhost/127.0.0.1) with datanode deadline 1746706847159 and scm deadline 1746707207159
2025-05-08 12:14:47,160 [ReplicationMonitor] INFO  replication.ReplicationManager (ReplicationManager.java:sendDatanodeCommand(663)) - Sending command [closeContainerCommand: cmdID: 13, encodedToken: "", term: 0, deadlineMsSinceEpoch: 0, containerID: 13, pipelineID: PipelineID=05c24195-2f99-4dbd-9f4e-a0ffb3af0f66, force: true] for container ContainerInfo{id=#13, state=CLOSING, stateEnterTime=2025-05-08T12:14:44.165478393Z, pipelineID=PipelineID=05c24195-2f99-4dbd-9f4e-a0ffb3af0f66, owner=omServiceIdDefault} to 2ac133fa-68ef-4921-8bb4-d040b7072d41(localhost/127.0.0.1) with datanode deadline 1746706847160 and scm deadline 1746707207160
2025-05-08 12:14:47,160 [ReplicationMonitor] INFO  replication.ReplicationManager (ReplicationManager.java:sendDatanodeCommand(663)) - Sending command [closeContainerCommand: cmdID: 13, encodedToken: "", term: 0, deadlineMsSinceEpoch: 0, containerID: 13, pipelineID: PipelineID=05c24195-2f99-4dbd-9f4e-a0ffb3af0f66, force: true] for container ContainerInfo{id=#13, state=CLOSING, stateEnterTime=2025-05-08T12:14:44.165478393Z, pipelineID=PipelineID=05c24195-2f99-4dbd-9f4e-a0ffb3af0f66, owner=omServiceIdDefault} to 39727330-a832-4a1a-a148-c345636681a8(localhost/127.0.0.1) with datanode deadline 1746706847160 and scm deadline 1746707207160
2025-05-08 12:14:47,160 [ReplicationMonitor] INFO  replication.ReplicationManager (ReplicationManager.java:sendDatanodeCommand(663)) - Sending command [closeContainerCommand: cmdID: 13, encodedToken: "", term: 0, deadlineMsSinceEpoch: 0, containerID: 13, pipelineID: PipelineID=05c24195-2f99-4dbd-9f4e-a0ffb3af0f66, force: true] for container ContainerInfo{id=#13, state=CLOSING, stateEnterTime=2025-05-08T12:14:44.165478393Z, pipelineID=PipelineID=05c24195-2f99-4dbd-9f4e-a0ffb3af0f66, owner=omServiceIdDefault} to 317162a0-bd3d-40ad-b205-542abbf35090(localhost/127.0.0.1) with datanode deadline 1746706847160 and scm deadline 1746707207160
2025-05-08 12:14:47,160 [ReplicationMonitor] INFO  replication.ReplicationManager (ReplicationManager.java:processAll(382)) - Replication Monitor Thread took 3 milliseconds for processing 14 containers.
2025-05-08 12:14:47,162 [EventQueue-DeadNodeForDeadNodeHandler] INFO  node.DeadNodeHandler (DeadNodeHandler.java:onMessage(91)) - A dead datanode is detected. 7c8f0716-ab75-44b9-b6ec-eb9ccd1caa65(localhost/127.0.0.1)
2025-05-08 12:14:47,164 [EventQueue-DeadNodeForDeadNodeHandler] INFO  pipeline.PipelineManagerImpl (PipelineManagerImpl.java:removePipeline(462)) - Pipeline Pipeline{ Id: 6a708486-7b73-4682-80b4-31f55135d8d2, Nodes: [ {2ac133fa-68ef-4921-8bb4-d040b7072d41(localhost/127.0.0.1), ReplicaIndex: 1}, {7c8f0716-ab75-44b9-b6ec-eb9ccd1caa65(localhost/127.0.0.1), ReplicaIndex: 2}, {317162a0-bd3d-40ad-b205-542abbf35090(localhost/127.0.0.1), ReplicaIndex: 3}, {39727330-a832-4a1a-a148-c345636681a8(localhost/127.0.0.1), ReplicaIndex: 4}, {73de0732-aa09-4d2e-8ccf-f79b8b9cbabe(localhost/127.0.0.1), ReplicaIndex: 5},], ReplicationConfig: EC{rs-3-2-1024k}, State:CLOSED, leaderId:, CreationTimestamp2025-05-08T12:14:11.066Z[Etc/UTC]} removed.
2025-05-08 12:14:47,165 [EventQueue-DeadNodeForDeadNodeHandler] INFO  pipeline.PipelineManagerImpl (PipelineManagerImpl.java:removePipeline(462)) - Pipeline Pipeline{ Id: 1ec86d48-69ea-430d-a80f-2cf17e93e8fe, Nodes: [ {317162a0-bd3d-40ad-b205-542abbf35090(localhost/127.0.0.1), ReplicaIndex: 1}, {7c8f0716-ab75-44b9-b6ec-eb9ccd1caa65(localhost/127.0.0.1), ReplicaIndex: 2}, {2ac133fa-68ef-4921-8bb4-d040b7072d41(localhost/127.0.0.1), ReplicaIndex: 3}, {73de0732-aa09-4d2e-8ccf-f79b8b9cbabe(localhost/127.0.0.1), ReplicaIndex: 4}, {39727330-a832-4a1a-a148-c345636681a8(localhost/127.0.0.1), ReplicaIndex: 5},], ReplicationConfig: EC{rs-3-2-1024k}, State:CLOSED, leaderId:, CreationTimestamp2025-05-08T12:14:11.056Z[Etc/UTC]} removed.
2025-05-08 12:14:47,166 [EventQueue-DeadNodeForDeadNodeHandler] INFO  pipeline.PipelineManagerImpl (PipelineManagerImpl.java:removePipeline(462)) - Pipeline Pipeline{ Id: c698bde7-de0e-4be4-823e-0823616dc383, Nodes: [ {2ac133fa-68ef-4921-8bb4-d040b7072d41(localhost/127.0.0.1), ReplicaIndex: 1}, {73de0732-aa09-4d2e-8ccf-f79b8b9cbabe(localhost/127.0.0.1), ReplicaIndex: 2}, {317162a0-bd3d-40ad-b205-542abbf35090(localhost/127.0.0.1), ReplicaIndex: 3}, {39727330-a832-4a1a-a148-c345636681a8(localhost/127.0.0.1), ReplicaIndex: 4}, {7c8f0716-ab75-44b9-b6ec-eb9ccd1caa65(localhost/127.0.0.1), ReplicaIndex: 5},], ReplicationConfig: EC{rs-3-2-1024k}, State:CLOSED, leaderId:, CreationTimestamp2025-05-08T12:14:36.639Z[Etc/UTC]} removed.
2025-05-08 12:14:47,167 [EventQueue-DeadNodeForDeadNodeHandler] INFO  pipeline.PipelineManagerImpl (PipelineManagerImpl.java:removePipeline(462)) - Pipeline Pipeline{ Id: 05c24195-2f99-4dbd-9f4e-a0ffb3af0f66, Nodes: [ {317162a0-bd3d-40ad-b205-542abbf35090(localhost/127.0.0.1), ReplicaIndex: 1}, {39727330-a832-4a1a-a148-c345636681a8(localhost/127.0.0.1), ReplicaIndex: 2}, {2ac133fa-68ef-4921-8bb4-d040b7072d41(localhost/127.0.0.1), ReplicaIndex: 3}, {73de0732-aa09-4d2e-8ccf-f79b8b9cbabe(localhost/127.0.0.1), ReplicaIndex: 4}, {7c8f0716-ab75-44b9-b6ec-eb9ccd1caa65(localhost/127.0.0.1), ReplicaIndex: 5},], ReplicationConfig: EC{rs-3-2-1024k}, State:CLOSED, leaderId:, CreationTimestamp2025-05-08T12:14:36.643Z[Etc/UTC]} removed.
2025-05-08 12:14:47,168 [EventQueue-DeadNodeForDeadNodeHandler] INFO  pipeline.RatisPipelineProvider (RatisPipelineProvider.java:lambda$close$4(273)) - Send pipeline:PipelineID=01286881-081e-4ccb-bb09-d66a53b01281 close command to datanode 7c8f0716-ab75-44b9-b6ec-eb9ccd1caa65
2025-05-08 12:14:47,168 [EventQueue-DeadNodeForDeadNodeHandler] INFO  pipeline.PipelineManagerImpl (PipelineManagerImpl.java:removePipeline(462)) - Pipeline Pipeline{ Id: 01286881-081e-4ccb-bb09-d66a53b01281, Nodes: [ {7c8f0716-ab75-44b9-b6ec-eb9ccd1caa65(localhost/127.0.0.1), ReplicaIndex: 0},], ReplicationConfig: RATIS/ONE, State:CLOSED, leaderId:7c8f0716-ab75-44b9-b6ec-eb9ccd1caa65, CreationTimestamp2025-05-08T12:13:55.445Z[Etc/UTC]} removed.
2025-05-08 12:14:47,169 [EventQueue-DeadNodeForDeadNodeHandler] INFO  pipeline.PipelineManagerImpl (PipelineManagerImpl.java:removePipeline(462)) - Pipeline Pipeline{ Id: a67c54ff-1b45-4d41-a23b-02f77bb186f4, Nodes: [ {7c8f0716-ab75-44b9-b6ec-eb9ccd1caa65(localhost/127.0.0.1), ReplicaIndex: 1}, {2ac133fa-68ef-4921-8bb4-d040b7072d41(localhost/127.0.0.1), ReplicaIndex: 2}, {317162a0-bd3d-40ad-b205-542abbf35090(localhost/127.0.0.1), ReplicaIndex: 3}, {73de0732-aa09-4d2e-8ccf-f79b8b9cbabe(localhost/127.0.0.1), ReplicaIndex: 4}, {39727330-a832-4a1a-a148-c345636681a8(localhost/127.0.0.1), ReplicaIndex: 5},], ReplicationConfig: EC{rs-3-2-1024k}, State:CLOSED, leaderId:, CreationTimestamp2025-05-08T12:14:11.061Z[Etc/UTC]} removed.
2025-05-08 12:14:47,170 [EventQueue-DeadNodeForDeadNodeHandler] INFO  pipeline.RatisPipelineProvider (RatisPipelineProvider.java:lambda$close$4(273)) - Send pipeline:PipelineID=30af3b1a-a629-40eb-b1f1-cf0b59c01792 close command to datanode 7c8f0716-ab75-44b9-b6ec-eb9ccd1caa65
2025-05-08 12:14:47,170 [EventQueue-DeadNodeForDeadNodeHandler] INFO  pipeline.RatisPipelineProvider (RatisPipelineProvider.java:lambda$close$4(273)) - Send pipeline:PipelineID=30af3b1a-a629-40eb-b1f1-cf0b59c01792 close command to datanode 73de0732-aa09-4d2e-8ccf-f79b8b9cbabe
2025-05-08 12:14:47,170 [EventQueue-DeadNodeForDeadNodeHandler] INFO  pipeline.RatisPipelineProvider (RatisPipelineProvider.java:lambda$close$4(273)) - Send pipeline:PipelineID=30af3b1a-a629-40eb-b1f1-cf0b59c01792 close command to datanode 317162a0-bd3d-40ad-b205-542abbf35090
2025-05-08 12:14:47,170 [EventQueue-DeadNodeForDeadNodeHandler] INFO  pipeline.PipelineManagerImpl (PipelineManagerImpl.java:removePipeline(462)) - Pipeline Pipeline{ Id: 30af3b1a-a629-40eb-b1f1-cf0b59c01792, Nodes: [ {7c8f0716-ab75-44b9-b6ec-eb9ccd1caa65(localhost/127.0.0.1), ReplicaIndex: 0}, {73de0732-aa09-4d2e-8ccf-f79b8b9cbabe(localhost/127.0.0.1), ReplicaIndex: 0}, {317162a0-bd3d-40ad-b205-542abbf35090(localhost/127.0.0.1), ReplicaIndex: 0},], ReplicationConfig: RATIS/THREE, State:CLOSED, leaderId:7c8f0716-ab75-44b9-b6ec-eb9ccd1caa65, CreationTimestamp2025-05-08T12:13:55.452Z[Etc/UTC]} removed.
2025-05-08 12:14:47,171 [EventQueue-DeadNodeForDeadNodeHandler] INFO  pipeline.PipelineManagerImpl (PipelineManagerImpl.java:removePipeline(462)) - Pipeline Pipeline{ Id: 83b1f760-1813-4576-8df3-bb8a3a6e464c, Nodes: [ {39727330-a832-4a1a-a148-c345636681a8(localhost/127.0.0.1), ReplicaIndex: 1}, {73de0732-aa09-4d2e-8ccf-f79b8b9cbabe(localhost/127.0.0.1), ReplicaIndex: 2}, {7c8f0716-ab75-44b9-b6ec-eb9ccd1caa65(localhost/127.0.0.1), ReplicaIndex: 3}, {2ac133fa-68ef-4921-8bb4-d040b7072d41(localhost/127.0.0.1), ReplicaIndex: 4}, {317162a0-bd3d-40ad-b205-542abbf35090(localhost/127.0.0.1), ReplicaIndex: 5},], ReplicationConfig: EC{rs-3-2-1024k}, State:CLOSED, leaderId:, CreationTimestamp2025-05-08T12:14:11.050Z[Etc/UTC]} removed.
2025-05-08 12:14:47,172 [EventQueue-DeadNodeForDeadNodeHandler] INFO  pipeline.PipelineManagerImpl (PipelineManagerImpl.java:removePipeline(462)) - Pipeline Pipeline{ Id: 982f7b9c-b744-4172-affd-323c17dc8487, Nodes: [ {39727330-a832-4a1a-a148-c345636681a8(localhost/127.0.0.1), ReplicaIndex: 1}, {73de0732-aa09-4d2e-8ccf-f79b8b9cbabe(localhost/127.0.0.1), ReplicaIndex: 2}, {317162a0-bd3d-40ad-b205-542abbf35090(localhost/127.0.0.1), ReplicaIndex: 3}, {2ac133fa-68ef-4921-8bb4-d040b7072d41(localhost/127.0.0.1), ReplicaIndex: 4}, {7c8f0716-ab75-44b9-b6ec-eb9ccd1caa65(localhost/127.0.0.1), ReplicaIndex: 5},], ReplicationConfig: EC{rs-3-2-1024k}, State:CLOSED, leaderId:, CreationTimestamp2025-05-08T12:14:36.628Z[Etc/UTC]} removed.
2025-05-08 12:14:47,173 [EventQueue-DeadNodeForDeadNodeHandler] INFO  node.DeadNodeHandler (DeadNodeHandler.java:onMessage(113)) - Clearing command queue of size 23 for DN 7c8f0716-ab75-44b9-b6ec-eb9ccd1caa65(localhost/127.0.0.1)
2025-05-08 12:14:47,173 [EventQueue-DeadNodeForDeadNodeHandler] INFO  net.NetworkTopologyImpl (NetworkTopologyImpl.java:remove(211)) - Removed a node: /default-rack/7c8f0716-ab75-44b9-b6ec-eb9ccd1caa65
2025-05-08 12:14:47,174 [ReplicationMonitor] INFO  replication.ReplicationManager (ReplicationManager.java:sendDatanodeCommand(663)) - Sending command [closeContainerCommand: cmdID: 8, encodedToken: "", term: 0, deadlineMsSinceEpoch: 0, containerID: 8, pipelineID: PipelineID=30af3b1a-a629-40eb-b1f1-cf0b59c01792, force: false] for container ContainerInfo{id=#8, state=CLOSING, stateEnterTime=2025-05-08T12:14:44.170429543Z, pipelineID=PipelineID=30af3b1a-a629-40eb-b1f1-cf0b59c01792, owner=omServiceIdDefault} to 73de0732-aa09-4d2e-8ccf-f79b8b9cbabe(localhost/127.0.0.1) with datanode deadline 1746706847174 and scm deadline 1746707207174
2025-05-08 12:14:47,175 [ReplicationMonitor] INFO  replication.ReplicationManager (ReplicationManager.java:sendDatanodeCommand(663)) - Sending command [closeContainerCommand: cmdID: 8, encodedToken: "", term: 0, deadlineMsSinceEpoch: 0, containerID: 8, pipelineID: PipelineID=30af3b1a-a629-40eb-b1f1-cf0b59c01792, force: false] for container ContainerInfo{id=#8, state=CLOSING, stateEnterTime=2025-05-08T12:14:44.170429543Z, pipelineID=PipelineID=30af3b1a-a629-40eb-b1f1-cf0b59c01792, owner=omServiceIdDefault} to 317162a0-bd3d-40ad-b205-542abbf35090(localhost/127.0.0.1) with datanode deadline 1746706847175 and scm deadline 1746707207175
2025-05-08 12:14:47,175 [ReplicationMonitor] INFO  replication.ReplicationManager (ReplicationManager.java:sendDatanodeCommand(663)) - Sending command [closeContainerCommand: cmdID: 9, encodedToken: "", term: 0, deadlineMsSinceEpoch: 0, containerID: 9, pipelineID: PipelineID=30af3b1a-a629-40eb-b1f1-cf0b59c01792, force: false] for container ContainerInfo{id=#9, state=CLOSING, stateEnterTime=2025-05-08T12:14:44.172303767Z, pipelineID=PipelineID=30af3b1a-a629-40eb-b1f1-cf0b59c01792, owner=omServiceIdDefault} to 317162a0-bd3d-40ad-b205-542abbf35090(localhost/127.0.0.1) with datanode deadline 1746706847175 and scm deadline 1746707207175
2025-05-08 12:14:47,175 [ReplicationMonitor] INFO  replication.ReplicationManager (ReplicationManager.java:sendDatanodeCommand(663)) - Sending command [closeContainerCommand: cmdID: 9, encodedToken: "", term: 0, deadlineMsSinceEpoch: 0, containerID: 9, pipelineID: PipelineID=30af3b1a-a629-40eb-b1f1-cf0b59c01792, force: false] for container ContainerInfo{id=#9, state=CLOSING, stateEnterTime=2025-05-08T12:14:44.172303767Z, pipelineID=PipelineID=30af3b1a-a629-40eb-b1f1-cf0b59c01792, owner=omServiceIdDefault} to 73de0732-aa09-4d2e-8ccf-f79b8b9cbabe(localhost/127.0.0.1) with datanode deadline 1746706847175 and scm deadline 1746707207175
2025-05-08 12:14:47,175 [ReplicationMonitor] INFO  replication.ReplicationManager (ReplicationManager.java:sendDatanodeCommand(663)) - Sending command [closeContainerCommand: cmdID: 11, encodedToken: "", term: 0, deadlineMsSinceEpoch: 0, containerID: 11, pipelineID: PipelineID=982f7b9c-b744-4172-affd-323c17dc8487, force: true] for container ContainerInfo{id=#11, state=CLOSED, stateEnterTime=2025-05-08T12:14:47.070061849Z, pipelineID=PipelineID=982f7b9c-b744-4172-affd-323c17dc8487, owner=omServiceIdDefault} to 39727330-a832-4a1a-a148-c345636681a8(localhost/127.0.0.1) with datanode deadline 1746706847175 and scm deadline 1746707207175
2025-05-08 12:14:47,175 [ReplicationMonitor] INFO  replication.ReplicationManager (ReplicationManager.java:sendDatanodeCommand(663)) - Sending command [closeContainerCommand: cmdID: 11, encodedToken: "", term: 0, deadlineMsSinceEpoch: 0, containerID: 11, pipelineID: PipelineID=982f7b9c-b744-4172-affd-323c17dc8487, force: true] for container ContainerInfo{id=#11, state=CLOSED, stateEnterTime=2025-05-08T12:14:47.070061849Z, pipelineID=PipelineID=982f7b9c-b744-4172-affd-323c17dc8487, owner=omServiceIdDefault} to 317162a0-bd3d-40ad-b205-542abbf35090(localhost/127.0.0.1) with datanode deadline 1746706847175 and scm deadline 1746707207175
2025-05-08 12:14:47,175 [ReplicationMonitor] INFO  replication.ReplicationManager (ReplicationManager.java:sendDatanodeCommand(663)) - Sending command [closeContainerCommand: cmdID: 11, encodedToken: "", term: 0, deadlineMsSinceEpoch: 0, containerID: 11, pipelineID: PipelineID=982f7b9c-b744-4172-affd-323c17dc8487, force: true] for container ContainerInfo{id=#11, state=CLOSED, stateEnterTime=2025-05-08T12:14:47.070061849Z, pipelineID=PipelineID=982f7b9c-b744-4172-affd-323c17dc8487, owner=omServiceIdDefault} to 73de0732-aa09-4d2e-8ccf-f79b8b9cbabe(localhost/127.0.0.1) with datanode deadline 1746706847175 and scm deadline 1746707207175
2025-05-08 12:14:47,175 [ReplicationMonitor] INFO  replication.ReplicationManager (ReplicationManager.java:sendDatanodeCommand(663)) - Sending command [closeContainerCommand: cmdID: 12, encodedToken: "", term: 0, deadlineMsSinceEpoch: 0, containerID: 12, pipelineID: PipelineID=c698bde7-de0e-4be4-823e-0823616dc383, force: true] for container ContainerInfo{id=#12, state=CLOSED, stateEnterTime=2025-05-08T12:14:47.071449933Z, pipelineID=PipelineID=c698bde7-de0e-4be4-823e-0823616dc383, owner=omServiceIdDefault} to 39727330-a832-4a1a-a148-c345636681a8(localhost/127.0.0.1) with datanode deadline 1746706847175 and scm deadline 1746707207175
2025-05-08 12:14:47,175 [ReplicationMonitor] INFO  replication.ReplicationManager (ReplicationManager.java:sendDatanodeCommand(663)) - Sending command [closeContainerCommand: cmdID: 12, encodedToken: "", term: 0, deadlineMsSinceEpoch: 0, containerID: 12, pipelineID: PipelineID=c698bde7-de0e-4be4-823e-0823616dc383, force: true] for container ContainerInfo{id=#12, state=CLOSED, stateEnterTime=2025-05-08T12:14:47.071449933Z, pipelineID=PipelineID=c698bde7-de0e-4be4-823e-0823616dc383, owner=omServiceIdDefault} to 317162a0-bd3d-40ad-b205-542abbf35090(localhost/127.0.0.1) with datanode deadline 1746706847175 and scm deadline 1746707207175
2025-05-08 12:14:47,176 [ReplicationMonitor] INFO  replication.ReplicationManager (ReplicationManager.java:sendDatanodeCommand(663)) - Sending command [closeContainerCommand: cmdID: 12, encodedToken: "", term: 0, deadlineMsSinceEpoch: 0, containerID: 12, pipelineID: PipelineID=c698bde7-de0e-4be4-823e-0823616dc383, force: true] for container ContainerInfo{id=#12, state=CLOSED, stateEnterTime=2025-05-08T12:14:47.071449933Z, pipelineID=PipelineID=c698bde7-de0e-4be4-823e-0823616dc383, owner=omServiceIdDefault} to 73de0732-aa09-4d2e-8ccf-f79b8b9cbabe(localhost/127.0.0.1) with datanode deadline 1746706847175 and scm deadline 1746707207175
2025-05-08 12:14:47,176 [ReplicationMonitor] INFO  replication.ReplicationManager (ReplicationManager.java:sendDatanodeCommand(663)) - Sending command [closeContainerCommand: cmdID: 13, encodedToken: "", term: 0, deadlineMsSinceEpoch: 0, containerID: 13, pipelineID: PipelineID=05c24195-2f99-4dbd-9f4e-a0ffb3af0f66, force: true] for container ContainerInfo{id=#13, state=CLOSING, stateEnterTime=2025-05-08T12:14:44.165478393Z, pipelineID=PipelineID=05c24195-2f99-4dbd-9f4e-a0ffb3af0f66, owner=omServiceIdDefault} to 73de0732-aa09-4d2e-8ccf-f79b8b9cbabe(localhost/127.0.0.1) with datanode deadline 1746706847176 and scm deadline 1746707207176
2025-05-08 12:14:47,176 [ReplicationMonitor] INFO  replication.ReplicationManager (ReplicationManager.java:sendDatanodeCommand(663)) - Sending command [closeContainerCommand: cmdID: 13, encodedToken: "", term: 0, deadlineMsSinceEpoch: 0, containerID: 13, pipelineID: PipelineID=05c24195-2f99-4dbd-9f4e-a0ffb3af0f66, force: true] for container ContainerInfo{id=#13, state=CLOSING, stateEnterTime=2025-05-08T12:14:44.165478393Z, pipelineID=PipelineID=05c24195-2f99-4dbd-9f4e-a0ffb3af0f66, owner=omServiceIdDefault} to 2ac133fa-68ef-4921-8bb4-d040b7072d41(localhost/127.0.0.1) with datanode deadline 1746706847176 and scm deadline 1746707207176
2025-05-08 12:14:47,176 [ReplicationMonitor] INFO  replication.ReplicationManager (ReplicationManager.java:sendDatanodeCommand(663)) - Sending command [closeContainerCommand: cmdID: 13, encodedToken: "", term: 0, deadlineMsSinceEpoch: 0, containerID: 13, pipelineID: PipelineID=05c24195-2f99-4dbd-9f4e-a0ffb3af0f66, force: true] for container ContainerInfo{id=#13, state=CLOSING, stateEnterTime=2025-05-08T12:14:44.165478393Z, pipelineID=PipelineID=05c24195-2f99-4dbd-9f4e-a0ffb3af0f66, owner=omServiceIdDefault} to 39727330-a832-4a1a-a148-c345636681a8(localhost/127.0.0.1) with datanode deadline 1746706847176 and scm deadline 1746707207176
2025-05-08 12:14:47,176 [ReplicationMonitor] INFO  replication.ReplicationManager (ReplicationManager.java:sendDatanodeCommand(663)) - Sending command [closeContainerCommand: cmdID: 13, encodedToken: "", term: 0, deadlineMsSinceEpoch: 0, containerID: 13, pipelineID: PipelineID=05c24195-2f99-4dbd-9f4e-a0ffb3af0f66, force: true] for container ContainerInfo{id=#13, state=CLOSING, stateEnterTime=2025-05-08T12:14:44.165478393Z, pipelineID=PipelineID=05c24195-2f99-4dbd-9f4e-a0ffb3af0f66, owner=omServiceIdDefault} to 317162a0-bd3d-40ad-b205-542abbf35090(localhost/127.0.0.1) with datanode deadline 1746706847176 and scm deadline 1746707207176
2025-05-08 12:14:47,176 [ReplicationMonitor] INFO  replication.ReplicationManager (ReplicationManager.java:processAll(382)) - Replication Monitor Thread took 3 milliseconds for processing 14 containers.
2025-05-08 12:14:48,059 [UnderReplicatedProcessor] INFO  net.NetworkTopologyImpl (NetworkTopologyImpl.java:chooseNodeInternal(671)) - No available node in (scope="/" excludedScope="[/default-rack/317162a0-bd3d-40ad-b205-542abbf35090, /default-rack/73de0732-aa09-4d2e-8ccf-f79b8b9cbabe]" excludedNodes="[317162a0-bd3d-40ad-b205-542abbf35090(localhost/127.0.0.1), 73de0732-aa09-4d2e-8ccf-f79b8b9cbabe(localhost/127.0.0.1)]"  ancestorGen="1").
2025-05-08 12:14:48,060 [UnderReplicatedProcessor] WARN  algorithms.SCMContainerPlacementRackAware (SCMContainerPlacementRackAware.java:chooseNode(482)) - Failed to find the datanode for container. excludedNodes:[317162a0-bd3d-40ad-b205-542abbf35090(localhost/127.0.0.1), 73de0732-aa09-4d2e-8ccf-f79b8b9cbabe(localhost/127.0.0.1)], affinityNode:
2025-05-08 12:14:48,062 [UnderReplicatedProcessor] INFO  replication.ReplicationManager (ReplicationManager.java:sendDatanodeCommand(663)) - Sending command [replicateContainerCommand: cmdID: 1746706435009, encodedToken: "", term: 0, deadlineMsSinceEpoch: 0, containerId=1, replicaIndex=0, targetNode=39727330-a832-4a1a-a148-c345636681a8(localhost/127.0.0.1), priority=NORMAL] for container ContainerInfo{id=#1, state=CLOSED, stateEnterTime=2025-05-08T12:14:15.772638582Z, pipelineID=PipelineID=30af3b1a-a629-40eb-b1f1-cf0b59c01792, owner=omServiceIdDefault} to 317162a0-bd3d-40ad-b205-542abbf35090(localhost/127.0.0.1) with datanode deadline 1746706848062 and scm deadline 1746707208062
2025-05-08 12:14:48,067 [UnderReplicatedProcessor] WARN  replication.ECUnderReplicationHandler (ECUnderReplicationHandler.java:processMissingIndexes(397)) - Cannot proceed for EC container reconstruction for #12, due to insufficient source replicas found. Number of source replicas needed: 3. Number of available source replicas are: 1. Available sources are: {1=(ContainerReplica{#12 (CLOSED) currentDN=2ac133fa-68ef-4921-8bb4-d040b7072d41(localhost/127.0.0.1), originDN=2ac133fa-68ef-4921-8bb4-d040b7072d41, bcsid=0, replicaIndex=1, keyCount=1, bytesUsed=8388608, non-empty},IN_SERVICE(no expiry)-HEALTHY)}
2025-05-08 12:14:48,069 [UnderReplicatedProcessor] WARN  replication.ECUnderReplicationHandler (ECUnderReplicationHandler.java:processAndSendCommands(228)) - Container #12 is under replicated, but no commands were created to correct it
2025-05-08 12:14:48,070 [UnderReplicatedProcessor] WARN  replication.ECUnderReplicationHandler (ECUnderReplicationHandler.java:processMissingIndexes(397)) - Cannot proceed for EC container reconstruction for #11, due to insufficient source replicas found. Number of source replicas needed: 3. Number of available source replicas are: 1. Available sources are: {4=(ContainerReplica{#11 (CLOSED) currentDN=2ac133fa-68ef-4921-8bb4-d040b7072d41(localhost/127.0.0.1), originDN=2ac133fa-68ef-4921-8bb4-d040b7072d41, bcsid=0, replicaIndex=4, keyCount=2, bytesUsed=16777216, non-empty},IN_SERVICE(no expiry)-HEALTHY)}
2025-05-08 12:14:48,070 [UnderReplicatedProcessor] WARN  replication.ECUnderReplicationHandler (ECUnderReplicationHandler.java:processAndSendCommands(228)) - Container #11 is under replicated, but no commands were created to correct it
2025-05-08 12:14:48,070 [UnderReplicatedProcessor] INFO  net.NetworkTopologyImpl (NetworkTopologyImpl.java:chooseNodeInternal(671)) - No available node in (scope="/" excludedScope="[/default-rack/317162a0-bd3d-40ad-b205-542abbf35090, /default-rack/73de0732-aa09-4d2e-8ccf-f79b8b9cbabe]" excludedNodes="[317162a0-bd3d-40ad-b205-542abbf35090(localhost/127.0.0.1), 73de0732-aa09-4d2e-8ccf-f79b8b9cbabe(localhost/127.0.0.1)]"  ancestorGen="1").
2025-05-08 12:14:48,070 [UnderReplicatedProcessor] WARN  algorithms.SCMContainerPlacementRackAware (SCMContainerPlacementRackAware.java:chooseNode(482)) - Failed to find the datanode for container. excludedNodes:[317162a0-bd3d-40ad-b205-542abbf35090(localhost/127.0.0.1), 73de0732-aa09-4d2e-8ccf-f79b8b9cbabe(localhost/127.0.0.1)], affinityNode:
2025-05-08 12:14:48,070 [UnderReplicatedProcessor] INFO  replication.ReplicationManager (ReplicationManager.java:sendDatanodeCommand(663)) - Sending command [replicateContainerCommand: cmdID: 1746706435010, encodedToken: "", term: 0, deadlineMsSinceEpoch: 0, containerId=10, replicaIndex=0, targetNode=39727330-a832-4a1a-a148-c345636681a8(localhost/127.0.0.1), priority=NORMAL] for container ContainerInfo{id=#10, state=CLOSED, stateEnterTime=2025-05-08T12:14:41.064237392Z, pipelineID=PipelineID=30af3b1a-a629-40eb-b1f1-cf0b59c01792, owner=omServiceIdDefault} to 73de0732-aa09-4d2e-8ccf-f79b8b9cbabe(localhost/127.0.0.1) with datanode deadline 1746706848070 and scm deadline 1746707208070
2025-05-08 12:14:48,069 [39727330-a832-4a1a-a148-c345636681a8-CloseContainerThread-1] INFO  keyvalue.KeyValueContainer (KeyValueContainer.java:flushAndSyncDB(511)) - Synced container: KeyValueContainerData #12 (CLOSING, non-empty, ri=4, origin=[dn_39727330-a832-4a1a-a148-c345636681a8, pipeline_])
2025-05-08 12:14:48,071 [UnderReplicatedProcessor] ERROR replication.UnhealthyReplicationProcessor (UnhealthyReplicationProcessor.java:processAll(125)) - Error processing Health result of class: class org.apache.hadoop.hdds.scm.container.replication.ContainerHealthResult$UnderReplicatedHealthResult for container ContainerInfo{id=#7, state=CLOSED, stateEnterTime=2025-05-08T12:14:27.773500416Z, pipelineID=PipelineID=6a708486-7b73-4682-80b4-31f55135d8d2, owner=omServiceIdDefault}
org.apache.hadoop.hdds.scm.exceptions.SCMException: Placement Policy: class org.apache.hadoop.hdds.scm.container.placement.algorithms.SCMContainerPlacementRackScatter did not return any nodes. Number of required Nodes 1, Data size Required: 10737418240
	at org.apache.hadoop.hdds.scm.container.replication.ReplicationManagerUtil.getTargetDatanodes(ReplicationManagerUtil.java:100)
	at org.apache.hadoop.hdds.scm.container.replication.ECUnderReplicationHandler.getTargetDatanodes(ECUnderReplicationHandler.java:413)
	at org.apache.hadoop.hdds.scm.container.replication.ECUnderReplicationHandler.processMissingIndexes(ECUnderReplicationHandler.java:306)
	at org.apache.hadoop.hdds.scm.container.replication.ECUnderReplicationHandler.processAndSendCommands(ECUnderReplicationHandler.java:162)
	at org.apache.hadoop.hdds.scm.container.replication.ReplicationManager.processUnderReplicatedContainer(ReplicationManager.java:772)
	at org.apache.hadoop.hdds.scm.container.replication.UnderReplicatedProcessor.sendDatanodeCommands(UnderReplicatedProcessor.java:60)
	at org.apache.hadoop.hdds.scm.container.replication.UnderReplicatedProcessor.sendDatanodeCommands(UnderReplicatedProcessor.java:29)
	at org.apache.hadoop.hdds.scm.container.replication.UnhealthyReplicationProcessor.processContainer(UnhealthyReplicationProcessor.java:154)
	at org.apache.hadoop.hdds.scm.container.replication.UnhealthyReplicationProcessor.processAll(UnhealthyReplicationProcessor.java:114)
	at org.apache.hadoop.hdds.scm.container.replication.UnhealthyReplicationProcessor.run(UnhealthyReplicationProcessor.java:163)
	at java.base/java.lang.Thread.run(Thread.java:1583)
2025-05-08 12:14:48,071 [39727330-a832-4a1a-a148-c345636681a8-CloseContainerThread-1] INFO  keyvalue.KeyValueContainer (KeyValueContainer.java:flushAndSyncDB(511)) - Synced container: KeyValueContainerData #12 (CLOSING, non-empty, ri=4, origin=[dn_39727330-a832-4a1a-a148-c345636681a8, pipeline_])
2025-05-08 12:14:48,072 [73de0732-aa09-4d2e-8ccf-f79b8b9cbabe-CloseContainerThread-1] INFO  commandhandler.CloseContainerCommandHandler (CloseContainerCommandHandler.java:lambda$handle$0(154)) - Follower cannot close container #9.
2025-05-08 12:14:48,069 [39727330-a832-4a1a-a148-c345636681a8-CloseContainerThread-2] INFO  keyvalue.KeyValueContainer (KeyValueContainer.java:flushAndSyncDB(511)) - Synced container: KeyValueContainerData #13 (CLOSING, non-empty, ri=2, origin=[dn_39727330-a832-4a1a-a148-c345636681a8, pipeline_])
2025-05-08 12:14:48,073 [39727330-a832-4a1a-a148-c345636681a8-CloseContainerThread-2] INFO  keyvalue.KeyValueContainer (KeyValueContainer.java:flushAndSyncDB(511)) - Synced container: KeyValueContainerData #13 (CLOSING, non-empty, ri=2, origin=[dn_39727330-a832-4a1a-a148-c345636681a8, pipeline_])
2025-05-08 12:14:48,073 [UnderReplicatedProcessor] ERROR replication.UnhealthyReplicationProcessor (UnhealthyReplicationProcessor.java:processAll(125)) - Error processing Health result of class: class org.apache.hadoop.hdds.scm.container.replication.ContainerHealthResult$UnderReplicatedHealthResult for container ContainerInfo{id=#6, state=CLOSED, stateEnterTime=2025-05-08T12:14:24.748735774Z, pipelineID=PipelineID=a67c54ff-1b45-4d41-a23b-02f77bb186f4, owner=omServiceIdDefault}
org.apache.hadoop.hdds.scm.exceptions.SCMException: Placement Policy: class org.apache.hadoop.hdds.scm.container.placement.algorithms.SCMContainerPlacementRackScatter did not return any nodes. Number of required Nodes 1, Data size Required: 10737418240
	at org.apache.hadoop.hdds.scm.container.replication.ReplicationManagerUtil.getTargetDatanodes(ReplicationManagerUtil.java:100)
	at org.apache.hadoop.hdds.scm.container.replication.ECUnderReplicationHandler.getTargetDatanodes(ECUnderReplicationHandler.java:413)
	at org.apache.hadoop.hdds.scm.container.replication.ECUnderReplicationHandler.processMissingIndexes(ECUnderReplicationHandler.java:306)
	at org.apache.hadoop.hdds.scm.container.replication.ECUnderReplicationHandler.processAndSendCommands(ECUnderReplicationHandler.java:162)
	at org.apache.hadoop.hdds.scm.container.replication.ReplicationManager.processUnderReplicatedContainer(ReplicationManager.java:772)
	at org.apache.hadoop.hdds.scm.container.replication.UnderReplicatedProcessor.sendDatanodeCommands(UnderReplicatedProcessor.java:60)
	at org.apache.hadoop.hdds.scm.container.replication.UnderReplicatedProcessor.sendDatanodeCommands(UnderReplicatedProcessor.java:29)
	at org.apache.hadoop.hdds.scm.container.replication.UnhealthyReplicationProcessor.processContainer(UnhealthyReplicationProcessor.java:154)
	at org.apache.hadoop.hdds.scm.container.replication.UnhealthyReplicationProcessor.processAll(UnhealthyReplicationProcessor.java:114)
	at org.apache.hadoop.hdds.scm.container.replication.UnhealthyReplicationProcessor.run(UnhealthyReplicationProcessor.java:163)
	at java.base/java.lang.Thread.run(Thread.java:1583)
2025-05-08 12:14:48,069 [39727330-a832-4a1a-a148-c345636681a8-CloseContainerThread-0] INFO  keyvalue.KeyValueContainer (KeyValueContainer.java:flushAndSyncDB(511)) - Synced container: KeyValueContainerData #11 (CLOSING, non-empty, ri=1, origin=[dn_39727330-a832-4a1a-a148-c345636681a8, pipeline_])
2025-05-08 12:14:48,075 [39727330-a832-4a1a-a148-c345636681a8-CloseContainerThread-0] INFO  keyvalue.KeyValueContainer (KeyValueContainer.java:flushAndSyncDB(511)) - Synced container: KeyValueContainerData #11 (CLOSING, non-empty, ri=1, origin=[dn_39727330-a832-4a1a-a148-c345636681a8, pipeline_])
2025-05-08 12:14:48,075 [UnderReplicatedProcessor] ERROR replication.UnhealthyReplicationProcessor (UnhealthyReplicationProcessor.java:processAll(125)) - Error processing Health result of class: class org.apache.hadoop.hdds.scm.container.replication.ContainerHealthResult$UnderReplicatedHealthResult for container ContainerInfo{id=#5, state=CLOSED, stateEnterTime=2025-05-08T12:14:21.792687144Z, pipelineID=PipelineID=1ec86d48-69ea-430d-a80f-2cf17e93e8fe, owner=omServiceIdDefault}
org.apache.hadoop.hdds.scm.exceptions.SCMException: Placement Policy: class org.apache.hadoop.hdds.scm.container.placement.algorithms.SCMContainerPlacementRackScatter did not return any nodes. Number of required Nodes 1, Data size Required: 10737418240
	at org.apache.hadoop.hdds.scm.container.replication.ReplicationManagerUtil.getTargetDatanodes(ReplicationManagerUtil.java:100)
	at org.apache.hadoop.hdds.scm.container.replication.ECUnderReplicationHandler.getTargetDatanodes(ECUnderReplicationHandler.java:413)
	at org.apache.hadoop.hdds.scm.container.replication.ECUnderReplicationHandler.processMissingIndexes(ECUnderReplicationHandler.java:306)
	at org.apache.hadoop.hdds.scm.container.replication.ECUnderReplicationHandler.processAndSendCommands(ECUnderReplicationHandler.java:162)
	at org.apache.hadoop.hdds.scm.container.replication.ReplicationManager.processUnderReplicatedContainer(ReplicationManager.java:772)
	at org.apache.hadoop.hdds.scm.container.replication.UnderReplicatedProcessor.sendDatanodeCommands(UnderReplicatedProcessor.java:60)
	at org.apache.hadoop.hdds.scm.container.replication.UnderReplicatedProcessor.sendDatanodeCommands(UnderReplicatedProcessor.java:29)
	at org.apache.hadoop.hdds.scm.container.replication.UnhealthyReplicationProcessor.processContainer(UnhealthyReplicationProcessor.java:154)
	at org.apache.hadoop.hdds.scm.container.replication.UnhealthyReplicationProcessor.processAll(UnhealthyReplicationProcessor.java:114)
	at org.apache.hadoop.hdds.scm.container.replication.UnhealthyReplicationProcessor.run(UnhealthyReplicationProcessor.java:163)
	at java.base/java.lang.Thread.run(Thread.java:1583)
2025-05-08 12:14:48,073 [73de0732-aa09-4d2e-8ccf-f79b8b9cbabe-CloseContainerThread-2] INFO  commandhandler.CloseContainerCommandHandler (CloseContainerCommandHandler.java:lambda$handle$0(154)) - Follower cannot close container #8.
2025-05-08 12:14:48,076 [UnderReplicatedProcessor] ERROR replication.UnhealthyReplicationProcessor (UnhealthyReplicationProcessor.java:processAll(125)) - Error processing Health result of class: class org.apache.hadoop.hdds.scm.container.replication.ContainerHealthResult$UnderReplicatedHealthResult for container ContainerInfo{id=#4, state=CLOSED, stateEnterTime=2025-05-08T12:14:20.740734181Z, pipelineID=PipelineID=83b1f760-1813-4576-8df3-bb8a3a6e464c, owner=omServiceIdDefault}
org.apache.hadoop.hdds.scm.exceptions.SCMException: Placement Policy: class org.apache.hadoop.hdds.scm.container.placement.algorithms.SCMContainerPlacementRackScatter did not return any nodes. Number of required Nodes 1, Data size Required: 10737418240
	at org.apache.hadoop.hdds.scm.container.replication.ReplicationManagerUtil.getTargetDatanodes(ReplicationManagerUtil.java:100)
	at org.apache.hadoop.hdds.scm.container.replication.ECUnderReplicationHandler.getTargetDatanodes(ECUnderReplicationHandler.java:413)
	at org.apache.hadoop.hdds.scm.container.replication.ECUnderReplicationHandler.processMissingIndexes(ECUnderReplicationHandler.java:306)
	at org.apache.hadoop.hdds.scm.container.replication.ECUnderReplicationHandler.processAndSendCommands(ECUnderReplicationHandler.java:162)
	at org.apache.hadoop.hdds.scm.container.replication.ReplicationManager.processUnderReplicatedContainer(ReplicationManager.java:772)
	at org.apache.hadoop.hdds.scm.container.replication.UnderReplicatedProcessor.sendDatanodeCommands(UnderReplicatedProcessor.java:60)
	at org.apache.hadoop.hdds.scm.container.replication.UnderReplicatedProcessor.sendDatanodeCommands(UnderReplicatedProcessor.java:29)
	at org.apache.hadoop.hdds.scm.container.replication.UnhealthyReplicationProcessor.processContainer(UnhealthyReplicationProcessor.java:154)
	at org.apache.hadoop.hdds.scm.container.replication.UnhealthyReplicationProcessor.processAll(UnhealthyReplicationProcessor.java:114)
	at org.apache.hadoop.hdds.scm.container.replication.UnhealthyReplicationProcessor.run(UnhealthyReplicationProcessor.java:163)
	at java.base/java.lang.Thread.run(Thread.java:1583)
2025-05-08 12:14:48,076 [317162a0-bd3d-40ad-b205-542abbf35090-CloseContainerThread-2] INFO  commandhandler.CloseContainerCommandHandler (CloseContainerCommandHandler.java:lambda$handle$0(154)) - Follower cannot close container #9.
2025-05-08 12:14:48,076 [317162a0-bd3d-40ad-b205-542abbf35090-CloseContainerThread-0] INFO  commandhandler.CloseContainerCommandHandler (CloseContainerCommandHandler.java:lambda$handle$0(154)) - Follower cannot close container #8.
2025-05-08 12:14:48,077 [73de0732-aa09-4d2e-8ccf-f79b8b9cbabe-CloseContainerThread-0] INFO  keyvalue.KeyValueContainer (KeyValueContainer.java:flushAndSyncDB(511)) - Synced container: KeyValueContainerData #11 (CLOSING, non-empty, ri=2, origin=[dn_73de0732-aa09-4d2e-8ccf-f79b8b9cbabe, pipeline_])
2025-05-08 12:14:48,077 [73de0732-aa09-4d2e-8ccf-f79b8b9cbabe-CloseContainerThread-0] INFO  keyvalue.KeyValueContainer (KeyValueContainer.java:flushAndSyncDB(511)) - Synced container: KeyValueContainerData #11 (CLOSING, non-empty, ri=2, origin=[dn_73de0732-aa09-4d2e-8ccf-f79b8b9cbabe, pipeline_])
2025-05-08 12:14:48,078 [UnderReplicatedProcessor] INFO  net.NetworkTopologyImpl (NetworkTopologyImpl.java:chooseNodeInternal(671)) - No available node in (scope="/" excludedScope="[/default-rack/317162a0-bd3d-40ad-b205-542abbf35090, /default-rack/73de0732-aa09-4d2e-8ccf-f79b8b9cbabe]" excludedNodes="[317162a0-bd3d-40ad-b205-542abbf35090(localhost/127.0.0.1), 73de0732-aa09-4d2e-8ccf-f79b8b9cbabe(localhost/127.0.0.1)]"  ancestorGen="1").
2025-05-08 12:14:48,078 [UnderReplicatedProcessor] WARN  algorithms.SCMContainerPlacementRackAware (SCMContainerPlacementRackAware.java:chooseNode(482)) - Failed to find the datanode for container. excludedNodes:[317162a0-bd3d-40ad-b205-542abbf35090(localhost/127.0.0.1), 73de0732-aa09-4d2e-8ccf-f79b8b9cbabe(localhost/127.0.0.1)], affinityNode:
2025-05-08 12:14:48,078 [UnderReplicatedProcessor] INFO  replication.ReplicationManager (ReplicationManager.java:sendDatanodeCommand(663)) - Sending command [replicateContainerCommand: cmdID: 1746706435011, encodedToken: "", term: 0, deadlineMsSinceEpoch: 0, containerId=3, replicaIndex=0, targetNode=39727330-a832-4a1a-a148-c345636681a8(localhost/127.0.0.1), priority=NORMAL] for container ContainerInfo{id=#3, state=CLOSED, stateEnterTime=2025-05-08T12:14:18.783309905Z, pipelineID=PipelineID=30af3b1a-a629-40eb-b1f1-cf0b59c01792, owner=omServiceIdDefault} to 317162a0-bd3d-40ad-b205-542abbf35090(localhost/127.0.0.1) with datanode deadline 1746706848078 and scm deadline 1746707208078
2025-05-08 12:14:48,080 [UnderReplicatedProcessor] INFO  net.NetworkTopologyImpl (NetworkTopologyImpl.java:chooseNodeInternal(671)) - No available node in (scope="/" excludedScope="[/default-rack/317162a0-bd3d-40ad-b205-542abbf35090, /default-rack/73de0732-aa09-4d2e-8ccf-f79b8b9cbabe]" excludedNodes="[317162a0-bd3d-40ad-b205-542abbf35090(localhost/127.0.0.1), 73de0732-aa09-4d2e-8ccf-f79b8b9cbabe(localhost/127.0.0.1)]"  ancestorGen="1").
2025-05-08 12:14:48,079 [317162a0-bd3d-40ad-b205-542abbf35090-CloseContainerThread-1] INFO  keyvalue.KeyValueContainer (KeyValueContainer.java:flushAndSyncDB(511)) - Synced container: KeyValueContainerData #11 (CLOSING, non-empty, ri=3, origin=[dn_317162a0-bd3d-40ad-b205-542abbf35090, pipeline_])
2025-05-08 12:14:48,081 [317162a0-bd3d-40ad-b205-542abbf35090-CloseContainerThread-1] INFO  keyvalue.KeyValueContainer (KeyValueContainer.java:flushAndSyncDB(511)) - Synced container: KeyValueContainerData #11 (CLOSING, non-empty, ri=3, origin=[dn_317162a0-bd3d-40ad-b205-542abbf35090, pipeline_])
2025-05-08 12:14:48,081 [UnderReplicatedProcessor] WARN  algorithms.SCMContainerPlacementRackAware (SCMContainerPlacementRackAware.java:chooseNode(482)) - Failed to find the datanode for container. excludedNodes:[317162a0-bd3d-40ad-b205-542abbf35090(localhost/127.0.0.1), 73de0732-aa09-4d2e-8ccf-f79b8b9cbabe(localhost/127.0.0.1)], affinityNode:
2025-05-08 12:14:48,081 [UnderReplicatedProcessor] INFO  replication.ReplicationManager (ReplicationManager.java:sendDatanodeCommand(663)) - Sending command [replicateContainerCommand: cmdID: 1746706435012, encodedToken: "", term: 0, deadlineMsSinceEpoch: 0, containerId=2, replicaIndex=0, targetNode=39727330-a832-4a1a-a148-c345636681a8(localhost/127.0.0.1), priority=NORMAL] for container ContainerInfo{id=#2, state=CLOSED, stateEnterTime=2025-05-08T12:14:17.760285099Z, pipelineID=PipelineID=30af3b1a-a629-40eb-b1f1-cf0b59c01792, owner=omServiceIdDefault} to 73de0732-aa09-4d2e-8ccf-f79b8b9cbabe(localhost/127.0.0.1) with datanode deadline 1746706848081 and scm deadline 1746707208081
2025-05-08 12:14:48,081 [UnderReplicatedProcessor] INFO  replication.UnhealthyReplicationProcessor (UnhealthyReplicationProcessor.java:processAll(136)) - Processed 6 containers with health state counts {UNDER_REPLICATED=6}, failed processing 4, deferred due to load 0
2025-05-08 12:14:48,080 [39727330-a832-4a1a-a148-c345636681a8-CloseContainerThread-2] INFO  keyvalue.KeyValueContainer (KeyValueContainer.java:close(427)) - Closed container: KeyValueContainerData #13 (CLOSED, non-empty, ri=2, origin=[dn_39727330-a832-4a1a-a148-c345636681a8, pipeline_])
2025-05-08 12:14:48,080 [39727330-a832-4a1a-a148-c345636681a8-CloseContainerThread-1] INFO  keyvalue.KeyValueContainer (KeyValueContainer.java:close(427)) - Closed container: KeyValueContainerData #12 (CLOSED, non-empty, ri=4, origin=[dn_39727330-a832-4a1a-a148-c345636681a8, pipeline_])
2025-05-08 12:14:48,082 [73de0732-aa09-4d2e-8ccf-f79b8b9cbabe-CloseContainerThread-1] INFO  keyvalue.KeyValueContainer (KeyValueContainer.java:flushAndSyncDB(511)) - Synced container: KeyValueContainerData #12 (CLOSING, non-empty, ri=2, origin=[dn_73de0732-aa09-4d2e-8ccf-f79b8b9cbabe, pipeline_])
2025-05-08 12:14:48,082 [73de0732-aa09-4d2e-8ccf-f79b8b9cbabe-CloseContainerThread-1] INFO  keyvalue.KeyValueContainer (KeyValueContainer.java:flushAndSyncDB(511)) - Synced container: KeyValueContainerData #12 (CLOSING, non-empty, ri=2, origin=[dn_73de0732-aa09-4d2e-8ccf-f79b8b9cbabe, pipeline_])
2025-05-08 12:14:48,086 [317162a0-bd3d-40ad-b205-542abbf35090-CloseContainerThread-1] INFO  keyvalue.KeyValueContainer (KeyValueContainer.java:close(427)) - Closed container: KeyValueContainerData #11 (CLOSED, non-empty, ri=3, origin=[dn_317162a0-bd3d-40ad-b205-542abbf35090, pipeline_])
2025-05-08 12:14:48,087 [73de0732-aa09-4d2e-8ccf-f79b8b9cbabe-CloseContainerThread-0] INFO  keyvalue.KeyValueContainer (KeyValueContainer.java:close(427)) - Closed container: KeyValueContainerData #11 (CLOSED, non-empty, ri=2, origin=[dn_73de0732-aa09-4d2e-8ccf-f79b8b9cbabe, pipeline_])
2025-05-08 12:14:48,087 [317162a0-bd3d-40ad-b205-542abbf35090-CloseContainerThread-2] INFO  keyvalue.KeyValueContainer (KeyValueContainer.java:flushAndSyncDB(511)) - Synced container: KeyValueContainerData #12 (CLOSING, non-empty, ri=3, origin=[dn_317162a0-bd3d-40ad-b205-542abbf35090, pipeline_])
2025-05-08 12:14:48,087 [317162a0-bd3d-40ad-b205-542abbf35090-CloseContainerThread-2] INFO  keyvalue.KeyValueContainer (KeyValueContainer.java:flushAndSyncDB(511)) - Synced container: KeyValueContainerData #12 (CLOSING, non-empty, ri=3, origin=[dn_317162a0-bd3d-40ad-b205-542abbf35090, pipeline_])
2025-05-08 12:14:48,089 [317162a0-bd3d-40ad-b205-542abbf35090-CloseContainerThread-0] INFO  keyvalue.KeyValueContainer (KeyValueContainer.java:flushAndSyncDB(511)) - Synced container: KeyValueContainerData #13 (CLOSING, non-empty, ri=1, origin=[dn_317162a0-bd3d-40ad-b205-542abbf35090, pipeline_])
2025-05-08 12:14:48,089 [317162a0-bd3d-40ad-b205-542abbf35090-CloseContainerThread-0] INFO  keyvalue.KeyValueContainer (KeyValueContainer.java:flushAndSyncDB(511)) - Synced container: KeyValueContainerData #13 (CLOSING, non-empty, ri=1, origin=[dn_317162a0-bd3d-40ad-b205-542abbf35090, pipeline_])
2025-05-08 12:14:48,090 [39727330-a832-4a1a-a148-c345636681a8-CloseContainerThread-0] INFO  keyvalue.KeyValueContainer (KeyValueContainer.java:close(427)) - Closed container: KeyValueContainerData #11 (CLOSED, non-empty, ri=1, origin=[dn_39727330-a832-4a1a-a148-c345636681a8, pipeline_])
2025-05-08 12:14:48,090 [73de0732-aa09-4d2e-8ccf-f79b8b9cbabe-CloseContainerThread-0] INFO  keyvalue.KeyValueContainer (KeyValueContainer.java:flushAndSyncDB(511)) - Synced container: KeyValueContainerData #13 (CLOSING, non-empty, ri=4, origin=[dn_73de0732-aa09-4d2e-8ccf-f79b8b9cbabe, pipeline_])
2025-05-08 12:14:48,090 [73de0732-aa09-4d2e-8ccf-f79b8b9cbabe-CloseContainerThread-0] INFO  keyvalue.KeyValueContainer (KeyValueContainer.java:flushAndSyncDB(511)) - Synced container: KeyValueContainerData #13 (CLOSING, non-empty, ri=4, origin=[dn_73de0732-aa09-4d2e-8ccf-f79b8b9cbabe, pipeline_])
2025-05-08 12:14:48,092 [73de0732-aa09-4d2e-8ccf-f79b8b9cbabe-CloseContainerThread-1] INFO  keyvalue.KeyValueContainer (KeyValueContainer.java:close(427)) - Closed container: KeyValueContainerData #12 (CLOSED, non-empty, ri=2, origin=[dn_73de0732-aa09-4d2e-8ccf-f79b8b9cbabe, pipeline_])
2025-05-08 12:14:48,093 [73de0732-aa09-4d2e-8ccf-f79b8b9cbabe-CloseContainerThread-1] INFO  commandhandler.CloseContainerCommandHandler (CloseContainerCommandHandler.java:lambda$handle$0(154)) - Follower cannot close container #8.
2025-05-08 12:14:48,094 [73de0732-aa09-4d2e-8ccf-f79b8b9cbabe-CloseContainerThread-1] INFO  commandhandler.CloseContainerCommandHandler (CloseContainerCommandHandler.java:lambda$handle$0(154)) - Follower cannot close container #9.
2025-05-08 12:14:48,094 [73de0732-aa09-4d2e-8ccf-f79b8b9cbabe-CloseContainerThread-1] INFO  commandhandler.CloseContainerCommandHandler (CloseContainerCommandHandler.java:lambda$handle$0(105)) - Container #14 does not exist in datanode. Its pipeline may have closed before it was created. Container close failed.
2025-05-08 12:14:48,095 [73de0732-aa09-4d2e-8ccf-f79b8b9cbabe-CloseContainerThread-1] INFO  commandhandler.CloseContainerCommandHandler (CloseContainerCommandHandler.java:lambda$handle$0(154)) - Follower cannot close container #8.
2025-05-08 12:14:48,095 [73de0732-aa09-4d2e-8ccf-f79b8b9cbabe-CloseContainerThread-1] INFO  commandhandler.CloseContainerCommandHandler (CloseContainerCommandHandler.java:lambda$handle$0(154)) - Follower cannot close container #9.
2025-05-08 12:14:48,097 [317162a0-bd3d-40ad-b205-542abbf35090-CloseContainerThread-2] INFO  keyvalue.KeyValueContainer (KeyValueContainer.java:close(427)) - Closed container: KeyValueContainerData #12 (CLOSED, non-empty, ri=3, origin=[dn_317162a0-bd3d-40ad-b205-542abbf35090, pipeline_])
2025-05-08 12:14:48,097 [317162a0-bd3d-40ad-b205-542abbf35090-CloseContainerThread-0] INFO  keyvalue.KeyValueContainer (KeyValueContainer.java:close(427)) - Closed container: KeyValueContainerData #13 (CLOSED, non-empty, ri=1, origin=[dn_317162a0-bd3d-40ad-b205-542abbf35090, pipeline_])
2025-05-08 12:14:48,098 [317162a0-bd3d-40ad-b205-542abbf35090-CloseContainerThread-0] INFO  commandhandler.CloseContainerCommandHandler (CloseContainerCommandHandler.java:lambda$handle$0(154)) - Follower cannot close container #9.
2025-05-08 12:14:48,098 [317162a0-bd3d-40ad-b205-542abbf35090-CloseContainerThread-0] INFO  commandhandler.CloseContainerCommandHandler (CloseContainerCommandHandler.java:lambda$handle$0(105)) - Container #14 does not exist in datanode. Its pipeline may have closed before it was created. Container close failed.
2025-05-08 12:14:48,099 [317162a0-bd3d-40ad-b205-542abbf35090-CloseContainerThread-0] INFO  commandhandler.CloseContainerCommandHandler (CloseContainerCommandHandler.java:lambda$handle$0(154)) - Follower cannot close container #8.
2025-05-08 12:14:48,099 [317162a0-bd3d-40ad-b205-542abbf35090-CloseContainerThread-2] INFO  commandhandler.CloseContainerCommandHandler (CloseContainerCommandHandler.java:lambda$handle$0(154)) - Follower cannot close container #8.
2025-05-08 12:14:48,099 [317162a0-bd3d-40ad-b205-542abbf35090-CloseContainerThread-0] INFO  commandhandler.CloseContainerCommandHandler (CloseContainerCommandHandler.java:lambda$handle$0(154)) - Follower cannot close container #9.
2025-05-08 12:14:48,100 [73de0732-aa09-4d2e-8ccf-f79b8b9cbabe-CloseContainerThread-0] INFO  keyvalue.KeyValueContainer (KeyValueContainer.java:close(427)) - Closed container: KeyValueContainerData #13 (CLOSED, non-empty, ri=4, origin=[dn_73de0732-aa09-4d2e-8ccf-f79b8b9cbabe, pipeline_])
2025-05-08 12:14:48,101 [FixedThreadPoolWithAffinityExecutor-1-0] INFO  container.IncrementalContainerReportHandler (AbstractContainerReportHandler.java:updateContainerState(289)) - CLOSE Container #13 (CLOSING, sid=0) r1 (CLOSED, bcsid=0, origin=317162a0-bd3d-40ad-b205-542abbf35090, non-empty) from dn 317162a0-bd3d-40ad-b205-542abbf35090(localhost/127.0.0.1)
2025-05-08 12:14:48,177 [ReplicationMonitor] INFO  replication.ReplicationManager (ReplicationManager.java:sendDatanodeCommand(663)) - Sending command [closeContainerCommand: cmdID: 8, encodedToken: "", term: 0, deadlineMsSinceEpoch: 0, containerID: 8, pipelineID: PipelineID=30af3b1a-a629-40eb-b1f1-cf0b59c01792, force: false] for container ContainerInfo{id=#8, state=CLOSING, stateEnterTime=2025-05-08T12:14:44.170429543Z, pipelineID=PipelineID=30af3b1a-a629-40eb-b1f1-cf0b59c01792, owner=omServiceIdDefault} to 73de0732-aa09-4d2e-8ccf-f79b8b9cbabe(localhost/127.0.0.1) with datanode deadline 1746706848177 and scm deadline 1746707208177
2025-05-08 12:14:48,177 [ReplicationMonitor] INFO  replication.ReplicationManager (ReplicationManager.java:sendDatanodeCommand(663)) - Sending command [closeContainerCommand: cmdID: 8, encodedToken: "", term: 0, deadlineMsSinceEpoch: 0, containerID: 8, pipelineID: PipelineID=30af3b1a-a629-40eb-b1f1-cf0b59c01792, force: false] for container ContainerInfo{id=#8, state=CLOSING, stateEnterTime=2025-05-08T12:14:44.170429543Z, pipelineID=PipelineID=30af3b1a-a629-40eb-b1f1-cf0b59c01792, owner=omServiceIdDefault} to 317162a0-bd3d-40ad-b205-542abbf35090(localhost/127.0.0.1) with datanode deadline 1746706848177 and scm deadline 1746707208177
2025-05-08 12:14:48,177 [ReplicationMonitor] INFO  replication.ReplicationManager (ReplicationManager.java:sendDatanodeCommand(663)) - Sending command [closeContainerCommand: cmdID: 9, encodedToken: "", term: 0, deadlineMsSinceEpoch: 0, containerID: 9, pipelineID: PipelineID=30af3b1a-a629-40eb-b1f1-cf0b59c01792, force: false] for container ContainerInfo{id=#9, state=CLOSING, stateEnterTime=2025-05-08T12:14:44.172303767Z, pipelineID=PipelineID=30af3b1a-a629-40eb-b1f1-cf0b59c01792, owner=omServiceIdDefault} to 317162a0-bd3d-40ad-b205-542abbf35090(localhost/127.0.0.1) with datanode deadline 1746706848177 and scm deadline 1746707208177
2025-05-08 12:14:48,177 [ReplicationMonitor] INFO  replication.ReplicationManager (ReplicationManager.java:sendDatanodeCommand(663)) - Sending command [closeContainerCommand: cmdID: 9, encodedToken: "", term: 0, deadlineMsSinceEpoch: 0, containerID: 9, pipelineID: PipelineID=30af3b1a-a629-40eb-b1f1-cf0b59c01792, force: false] for container ContainerInfo{id=#9, state=CLOSING, stateEnterTime=2025-05-08T12:14:44.172303767Z, pipelineID=PipelineID=30af3b1a-a629-40eb-b1f1-cf0b59c01792, owner=omServiceIdDefault} to 73de0732-aa09-4d2e-8ccf-f79b8b9cbabe(localhost/127.0.0.1) with datanode deadline 1746706848177 and scm deadline 1746707208177
2025-05-08 12:14:48,178 [ReplicationMonitor] INFO  replication.ReplicationManager (ReplicationManager.java:processAll(382)) - Replication Monitor Thread took 2 milliseconds for processing 14 containers.
2025-05-08 12:14:49,179 [ReplicationMonitor] INFO  replication.ReplicationManager (ReplicationManager.java:sendDatanodeCommand(663)) - Sending command [closeContainerCommand: cmdID: 8, encodedToken: "", term: 0, deadlineMsSinceEpoch: 0, containerID: 8, pipelineID: PipelineID=30af3b1a-a629-40eb-b1f1-cf0b59c01792, force: false] for container ContainerInfo{id=#8, state=CLOSING, stateEnterTime=2025-05-08T12:14:44.170429543Z, pipelineID=PipelineID=30af3b1a-a629-40eb-b1f1-cf0b59c01792, owner=omServiceIdDefault} to 73de0732-aa09-4d2e-8ccf-f79b8b9cbabe(localhost/127.0.0.1) with datanode deadline 1746706849179 and scm deadline 1746707209179
2025-05-08 12:14:49,179 [ReplicationMonitor] INFO  replication.ReplicationManager (ReplicationManager.java:sendDatanodeCommand(663)) - Sending command [closeContainerCommand: cmdID: 8, encodedToken: "", term: 0, deadlineMsSinceEpoch: 0, containerID: 8, pipelineID: PipelineID=30af3b1a-a629-40eb-b1f1-cf0b59c01792, force: false] for container ContainerInfo{id=#8, state=CLOSING, stateEnterTime=2025-05-08T12:14:44.170429543Z, pipelineID=PipelineID=30af3b1a-a629-40eb-b1f1-cf0b59c01792, owner=omServiceIdDefault} to 317162a0-bd3d-40ad-b205-542abbf35090(localhost/127.0.0.1) with datanode deadline 1746706849179 and scm deadline 1746707209179
2025-05-08 12:14:49,179 [ReplicationMonitor] INFO  replication.ReplicationManager (ReplicationManager.java:sendDatanodeCommand(663)) - Sending command [closeContainerCommand: cmdID: 9, encodedToken: "", term: 0, deadlineMsSinceEpoch: 0, containerID: 9, pipelineID: PipelineID=30af3b1a-a629-40eb-b1f1-cf0b59c01792, force: false] for container ContainerInfo{id=#9, state=CLOSING, stateEnterTime=2025-05-08T12:14:44.172303767Z, pipelineID=PipelineID=30af3b1a-a629-40eb-b1f1-cf0b59c01792, owner=omServiceIdDefault} to 317162a0-bd3d-40ad-b205-542abbf35090(localhost/127.0.0.1) with datanode deadline 1746706849179 and scm deadline 1746707209179
2025-05-08 12:14:49,179 [ReplicationMonitor] INFO  replication.ReplicationManager (ReplicationManager.java:sendDatanodeCommand(663)) - Sending command [closeContainerCommand: cmdID: 9, encodedToken: "", term: 0, deadlineMsSinceEpoch: 0, containerID: 9, pipelineID: PipelineID=30af3b1a-a629-40eb-b1f1-cf0b59c01792, force: false] for container ContainerInfo{id=#9, state=CLOSING, stateEnterTime=2025-05-08T12:14:44.172303767Z, pipelineID=PipelineID=30af3b1a-a629-40eb-b1f1-cf0b59c01792, owner=omServiceIdDefault} to 73de0732-aa09-4d2e-8ccf-f79b8b9cbabe(localhost/127.0.0.1) with datanode deadline 1746706849179 and scm deadline 1746707209179
2025-05-08 12:14:49,182 [ReplicationMonitor] INFO  replication.ReplicationManager (ReplicationManager.java:processAll(382)) - Replication Monitor Thread took 4 milliseconds for processing 14 containers.
2025-05-08 12:14:49,756 [317162a0-bd3d-40ad-b205-542abbf35090@group-CF0B59C01792-FollowerState] INFO  impl.FollowerState (FollowerState.java:runImpl(161)) - 317162a0-bd3d-40ad-b205-542abbf35090@group-CF0B59C01792-FollowerState: change to CANDIDATE, lastRpcElapsedTime:8699073272ns, electionTimeout:5189ms
2025-05-08 12:14:49,757 [317162a0-bd3d-40ad-b205-542abbf35090@group-CF0B59C01792-FollowerState] INFO  impl.RoleInfo (RoleInfo.java:shutdownFollowerState(121)) - 317162a0-bd3d-40ad-b205-542abbf35090: shutdown 317162a0-bd3d-40ad-b205-542abbf35090@group-CF0B59C01792-FollowerState
2025-05-08 12:14:49,757 [317162a0-bd3d-40ad-b205-542abbf35090@group-CF0B59C01792-FollowerState] INFO  server.RaftServer$Division (RaftServerImpl.java:setRole(378)) - 317162a0-bd3d-40ad-b205-542abbf35090@group-CF0B59C01792: changes role from  FOLLOWER to CANDIDATE at term 1 for changeToCandidate
2025-05-08 12:14:49,757 [317162a0-bd3d-40ad-b205-542abbf35090@group-CF0B59C01792-FollowerState] INFO  server.RaftServerConfigKeys (ConfUtils.java:logGet(46)) - raft.server.leaderelection.pre-vote = true (default)
2025-05-08 12:14:49,757 [317162a0-bd3d-40ad-b205-542abbf35090@group-CF0B59C01792-FollowerState] INFO  impl.RoleInfo (RoleInfo.java:updateAndGet(148)) - 317162a0-bd3d-40ad-b205-542abbf35090: start 317162a0-bd3d-40ad-b205-542abbf35090@group-CF0B59C01792-LeaderElection11
2025-05-08 12:14:49,757 [317162a0-bd3d-40ad-b205-542abbf35090@group-CF0B59C01792-LeaderElection11] INFO  server.RaftServer$Division (ServerState.java:setLeader(272)) - 317162a0-bd3d-40ad-b205-542abbf35090@group-CF0B59C01792: change Leader from 7c8f0716-ab75-44b9-b6ec-eb9ccd1caa65 to null at term 1 for PRE_VOTE
2025-05-08 12:14:49,757 [317162a0-bd3d-40ad-b205-542abbf35090@group-CF0B59C01792-LeaderElection11] INFO  impl.LeaderElection (LeaderElection.java:askForVotes(332)) - 317162a0-bd3d-40ad-b205-542abbf35090@group-CF0B59C01792-LeaderElection11 PRE_VOTE round 0: submit vote requests at term 1 for conf: {index: 0, cur=peers:[73de0732-aa09-4d2e-8ccf-f79b8b9cbabe|127.0.0.1:15015, 317162a0-bd3d-40ad-b205-542abbf35090|127.0.0.1:15023, 7c8f0716-ab75-44b9-b6ec-eb9ccd1caa65|127.0.0.1:15031]|listeners:[], old=null}
2025-05-08 12:14:49,758 [317162a0-bd3d-40ad-b205-542abbf35090@group-CF0B59C01792-LeaderElection11-1] INFO  server.GrpcServerProtocolClient (GrpcServerProtocolClient.java:<init>(65)) - Build channel for 73de0732-aa09-4d2e-8ccf-f79b8b9cbabe|127.0.0.1:15015
2025-05-08 12:14:49,758 [317162a0-bd3d-40ad-b205-542abbf35090@group-CF0B59C01792-LeaderElection11-2] INFO  server.GrpcServerProtocolClient (GrpcServerProtocolClient.java:<init>(65)) - Build channel for 7c8f0716-ab75-44b9-b6ec-eb9ccd1caa65|127.0.0.1:15031
2025-05-08 12:14:49,761 [317162a0-bd3d-40ad-b205-542abbf35090@group-CF0B59C01792-LeaderElection11] INFO  impl.LeaderElection (LogUtils.java:infoOrTrace(136)) - 317162a0-bd3d-40ad-b205-542abbf35090@group-CF0B59C01792-LeaderElection11 got exception when requesting votes: java.util.concurrent.ExecutionException: org.apache.ratis.thirdparty.io.grpc.StatusRuntimeException: UNAVAILABLE: io exception
2025-05-08 12:14:49,762 [grpc-default-executor-5] INFO  server.RaftServer$Division (RaftServerImpl.java:requestVote(1407)) - 73de0732-aa09-4d2e-8ccf-f79b8b9cbabe@group-CF0B59C01792: receive requestVote(PRE_VOTE, 317162a0-bd3d-40ad-b205-542abbf35090, group-CF0B59C01792, 1, (t:1, i:468))
2025-05-08 12:14:49,762 [grpc-default-executor-5] INFO  impl.VoteContext (VoteContext.java:log(49)) - 73de0732-aa09-4d2e-8ccf-f79b8b9cbabe@group-CF0B59C01792-FOLLOWER: accept PRE_VOTE from 317162a0-bd3d-40ad-b205-542abbf35090: our priority 0 <= candidate's priority 0
2025-05-08 12:14:49,762 [grpc-default-executor-5] INFO  server.RaftServer$Division (RaftServerImpl.java:requestVote(1441)) - 73de0732-aa09-4d2e-8ccf-f79b8b9cbabe@group-CF0B59C01792 replies to PRE_VOTE vote request: 317162a0-bd3d-40ad-b205-542abbf35090<-73de0732-aa09-4d2e-8ccf-f79b8b9cbabe#0:OK-t1. Peer's state: 73de0732-aa09-4d2e-8ccf-f79b8b9cbabe@group-CF0B59C01792:t1, leader=7c8f0716-ab75-44b9-b6ec-eb9ccd1caa65, voted=7c8f0716-ab75-44b9-b6ec-eb9ccd1caa65, raftlog=Memoized:73de0732-aa09-4d2e-8ccf-f79b8b9cbabe@group-CF0B59C01792-SegmentedRaftLog:OPENED:c467:last(t:1, i:468), conf=conf: {index: 0, cur=peers:[73de0732-aa09-4d2e-8ccf-f79b8b9cbabe|127.0.0.1:15015, 317162a0-bd3d-40ad-b205-542abbf35090|127.0.0.1:15023, 7c8f0716-ab75-44b9-b6ec-eb9ccd1caa65|127.0.0.1:15031]|listeners:[], old=null}
2025-05-08 12:14:49,763 [317162a0-bd3d-40ad-b205-542abbf35090@group-CF0B59C01792-LeaderElection11] INFO  impl.LeaderElection (LeaderElection.java:logAndReturn(90)) - 317162a0-bd3d-40ad-b205-542abbf35090@group-CF0B59C01792-LeaderElection11: PRE_VOTE PASSED received 1 response(s) and 1 exception(s):
2025-05-08 12:14:49,763 [317162a0-bd3d-40ad-b205-542abbf35090@group-CF0B59C01792-LeaderElection11] INFO  impl.LeaderElection (LeaderElection.java:logAndReturn(94)) -   Response 0: 317162a0-bd3d-40ad-b205-542abbf35090<-73de0732-aa09-4d2e-8ccf-f79b8b9cbabe#0:OK-t1
2025-05-08 12:14:49,763 [317162a0-bd3d-40ad-b205-542abbf35090@group-CF0B59C01792-LeaderElection11] INFO  impl.LeaderElection (LogUtils.java:infoOrTrace(136)) -   Exception 1: java.util.concurrent.ExecutionException: org.apache.ratis.thirdparty.io.grpc.StatusRuntimeException: UNAVAILABLE: io exception
2025-05-08 12:14:49,763 [317162a0-bd3d-40ad-b205-542abbf35090@group-CF0B59C01792-LeaderElection11] INFO  impl.LeaderElection (LeaderElection.java:askForVotes(334)) - 317162a0-bd3d-40ad-b205-542abbf35090@group-CF0B59C01792-LeaderElection11 PRE_VOTE round 0: result PASSED
2025-05-08 12:14:49,764 [317162a0-bd3d-40ad-b205-542abbf35090@group-CF0B59C01792-LeaderElection11] INFO  impl.LeaderElection (LeaderElection.java:askForVotes(332)) - 317162a0-bd3d-40ad-b205-542abbf35090@group-CF0B59C01792-LeaderElection11 ELECTION round 0: submit vote requests at term 2 for conf: {index: 0, cur=peers:[73de0732-aa09-4d2e-8ccf-f79b8b9cbabe|127.0.0.1:15015, 317162a0-bd3d-40ad-b205-542abbf35090|127.0.0.1:15023, 7c8f0716-ab75-44b9-b6ec-eb9ccd1caa65|127.0.0.1:15031]|listeners:[], old=null}
2025-05-08 12:14:49,765 [317162a0-bd3d-40ad-b205-542abbf35090@group-CF0B59C01792-LeaderElection11] INFO  impl.LeaderElection (LogUtils.java:infoOrTrace(136)) - 317162a0-bd3d-40ad-b205-542abbf35090@group-CF0B59C01792-LeaderElection11 got exception when requesting votes: java.util.concurrent.ExecutionException: org.apache.ratis.thirdparty.io.grpc.StatusRuntimeException: UNAVAILABLE: io exception
2025-05-08 12:14:49,765 [grpc-default-executor-5] INFO  server.RaftServer$Division (RaftServerImpl.java:requestVote(1407)) - 73de0732-aa09-4d2e-8ccf-f79b8b9cbabe@group-CF0B59C01792: receive requestVote(ELECTION, 317162a0-bd3d-40ad-b205-542abbf35090, group-CF0B59C01792, 2, (t:1, i:468))
2025-05-08 12:14:49,765 [grpc-default-executor-5] INFO  impl.VoteContext (VoteContext.java:log(49)) - 73de0732-aa09-4d2e-8ccf-f79b8b9cbabe@group-CF0B59C01792-FOLLOWER: accept ELECTION from 317162a0-bd3d-40ad-b205-542abbf35090: our priority 0 <= candidate's priority 0
2025-05-08 12:14:49,765 [grpc-default-executor-5] INFO  server.RaftServer$Division (RaftServerImpl.java:setRole(378)) - 73de0732-aa09-4d2e-8ccf-f79b8b9cbabe@group-CF0B59C01792: changes role from  FOLLOWER to FOLLOWER at term 1 for candidate:317162a0-bd3d-40ad-b205-542abbf35090
2025-05-08 12:14:49,765 [grpc-default-executor-5] INFO  impl.RoleInfo (RoleInfo.java:shutdownFollowerState(121)) - 73de0732-aa09-4d2e-8ccf-f79b8b9cbabe: shutdown 73de0732-aa09-4d2e-8ccf-f79b8b9cbabe@group-CF0B59C01792-FollowerState
2025-05-08 12:14:49,765 [grpc-default-executor-5] INFO  server.RaftServer$Division (ServerState.java:setLeader(272)) - 73de0732-aa09-4d2e-8ccf-f79b8b9cbabe@group-CF0B59C01792: change Leader from 7c8f0716-ab75-44b9-b6ec-eb9ccd1caa65 to null at term 2 for updateCurrentTerm
2025-05-08 12:14:49,765 [73de0732-aa09-4d2e-8ccf-f79b8b9cbabe@group-CF0B59C01792-FollowerState] INFO  impl.FollowerState (FollowerState.java:runImpl(170)) - 73de0732-aa09-4d2e-8ccf-f79b8b9cbabe@group-CF0B59C01792-FollowerState was interrupted
2025-05-08 12:14:49,765 [grpc-default-executor-5] INFO  impl.RoleInfo (RoleInfo.java:updateAndGet(148)) - 73de0732-aa09-4d2e-8ccf-f79b8b9cbabe: start 73de0732-aa09-4d2e-8ccf-f79b8b9cbabe@group-CF0B59C01792-FollowerState
2025-05-08 12:14:49,767 [grpc-default-executor-5] INFO  server.RaftServer$Division (RaftServerImpl.java:requestVote(1441)) - 73de0732-aa09-4d2e-8ccf-f79b8b9cbabe@group-CF0B59C01792 replies to ELECTION vote request: 317162a0-bd3d-40ad-b205-542abbf35090<-73de0732-aa09-4d2e-8ccf-f79b8b9cbabe#0:OK-t2. Peer's state: 73de0732-aa09-4d2e-8ccf-f79b8b9cbabe@group-CF0B59C01792:t2, leader=null, voted=317162a0-bd3d-40ad-b205-542abbf35090, raftlog=Memoized:73de0732-aa09-4d2e-8ccf-f79b8b9cbabe@group-CF0B59C01792-SegmentedRaftLog:OPENED:c467:last(t:1, i:468), conf=conf: {index: 0, cur=peers:[73de0732-aa09-4d2e-8ccf-f79b8b9cbabe|127.0.0.1:15015, 317162a0-bd3d-40ad-b205-542abbf35090|127.0.0.1:15023, 7c8f0716-ab75-44b9-b6ec-eb9ccd1caa65|127.0.0.1:15031]|listeners:[], old=null}
2025-05-08 12:14:49,767 [317162a0-bd3d-40ad-b205-542abbf35090@group-CF0B59C01792-LeaderElection11] INFO  impl.LeaderElection (LeaderElection.java:logAndReturn(90)) - 317162a0-bd3d-40ad-b205-542abbf35090@group-CF0B59C01792-LeaderElection11: ELECTION PASSED received 1 response(s) and 1 exception(s):
2025-05-08 12:14:49,767 [317162a0-bd3d-40ad-b205-542abbf35090@group-CF0B59C01792-LeaderElection11] INFO  impl.LeaderElection (LeaderElection.java:logAndReturn(94)) -   Response 0: 317162a0-bd3d-40ad-b205-542abbf35090<-73de0732-aa09-4d2e-8ccf-f79b8b9cbabe#0:OK-t2
2025-05-08 12:14:49,767 [317162a0-bd3d-40ad-b205-542abbf35090@group-CF0B59C01792-LeaderElection11] INFO  impl.LeaderElection (LogUtils.java:infoOrTrace(136)) -   Exception 1: java.util.concurrent.ExecutionException: org.apache.ratis.thirdparty.io.grpc.StatusRuntimeException: UNAVAILABLE: io exception
2025-05-08 12:14:49,767 [317162a0-bd3d-40ad-b205-542abbf35090@group-CF0B59C01792-LeaderElection11] INFO  impl.LeaderElection (LeaderElection.java:askForVotes(334)) - 317162a0-bd3d-40ad-b205-542abbf35090@group-CF0B59C01792-LeaderElection11 ELECTION round 0: result PASSED
2025-05-08 12:14:49,767 [317162a0-bd3d-40ad-b205-542abbf35090@group-CF0B59C01792-LeaderElection11] INFO  impl.RoleInfo (RoleInfo.java:shutdownLeaderElection(141)) - 317162a0-bd3d-40ad-b205-542abbf35090: shutdown 317162a0-bd3d-40ad-b205-542abbf35090@group-CF0B59C01792-LeaderElection11
2025-05-08 12:14:49,767 [317162a0-bd3d-40ad-b205-542abbf35090@group-CF0B59C01792-LeaderElection11] INFO  server.RaftServer$Division (RaftServerImpl.java:setRole(378)) - 317162a0-bd3d-40ad-b205-542abbf35090@group-CF0B59C01792: changes role from CANDIDATE to LEADER at term 2 for changeToLeader
2025-05-08 12:14:49,767 [317162a0-bd3d-40ad-b205-542abbf35090@group-CF0B59C01792-LeaderElection11] INFO  server.RaftServerConfigKeys (ConfUtils.java:logGet(46)) - raft.server.staging.catchup.gap = 1000 (default)
2025-05-08 12:14:49,768 [317162a0-bd3d-40ad-b205-542abbf35090@group-CF0B59C01792-LeaderElection11] INFO  server.RaftServerConfigKeys (ConfUtils.java:logGet(46)) - raft.server.write.element-limit = 1024 (custom)
2025-05-08 12:14:49,768 [317162a0-bd3d-40ad-b205-542abbf35090@group-CF0B59C01792-LeaderElection11] INFO  server.RaftServerConfigKeys (ConfUtils.java:logGet(46)) - raft.server.write.byte-limit = 1024 M (=1073741824) (custom)
2025-05-08 12:14:49,768 [317162a0-bd3d-40ad-b205-542abbf35090@group-CF0B59C01792-LeaderElection11] INFO  server.RaftServerConfigKeys (ConfUtils.java:logGet(46)) - raft.server.watch.timeout = 30s (custom)
2025-05-08 12:14:49,768 [317162a0-bd3d-40ad-b205-542abbf35090@group-CF0B59C01792-LeaderElection11] INFO  server.RaftServerConfigKeys (ConfUtils.java:logGet(46)) - raft.server.watch.timeout.denomination = 1s (default)
2025-05-08 12:14:49,768 [317162a0-bd3d-40ad-b205-542abbf35090@group-CF0B59C01792-LeaderElection11] INFO  server.RaftServerConfigKeys (ConfUtils.java:logGet(46)) - raft.server.watch.element-limit = 65536 (default)
2025-05-08 12:14:49,769 [317162a0-bd3d-40ad-b205-542abbf35090@group-CF0B59C01792-LeaderElection11] INFO  server.RaftServerConfigKeys (ConfUtils.java:logGet(46)) - raft.server.read.leader.lease.enabled = false (default)
2025-05-08 12:14:49,769 [317162a0-bd3d-40ad-b205-542abbf35090@group-CF0B59C01792-LeaderElection11] INFO  server.RaftServerConfigKeys (ConfUtils.java:logGet(46)) - raft.server.read.leader.lease.timeout.ratio = 0.9 (default)
2025-05-08 12:14:49,769 [317162a0-bd3d-40ad-b205-542abbf35090@group-CF0B59C01792-LeaderElection11] INFO  server.RaftServerConfigKeys (ConfUtils.java:logGet(46)) - raft.server.rpc.timeout.min = 5s (custom)
2025-05-08 12:14:49,769 [317162a0-bd3d-40ad-b205-542abbf35090@group-CF0B59C01792-LeaderElection11] INFO  server.RaftServerConfigKeys (ConfUtils.java:logGet(46)) - raft.server.log.log-metadata.enabled = true (default)
2025-05-08 12:14:49,769 [317162a0-bd3d-40ad-b205-542abbf35090@group-CF0B59C01792-LeaderElection11] INFO  server.RaftServerConfigKeys (ConfUtils.java:logGet(46)) - raft.server.write.element-limit = 1024 (custom)
2025-05-08 12:14:49,769 [317162a0-bd3d-40ad-b205-542abbf35090@group-CF0B59C01792-LeaderElection11] INFO  server.RaftServerConfigKeys (ConfUtils.java:logGet(46)) - raft.server.write.follower.gap.ratio.max = -1.0 (default)
2025-05-08 12:14:49,770 [317162a0-bd3d-40ad-b205-542abbf35090@group-CF0B59C01792-LeaderElection11] INFO  server.RaftServerConfigKeys (ConfUtils.java:logGet(46)) - raft.server.log.appender.snapshot.chunk.size.max = 16MB (=16777216) (default)
2025-05-08 12:14:49,770 [317162a0-bd3d-40ad-b205-542abbf35090@group-CF0B59C01792-LeaderElection11] INFO  server.RaftServerConfigKeys (ConfUtils.java:logGet(46)) - raft.server.log.appender.buffer.byte-limit = 33554432 (custom)
2025-05-08 12:14:49,770 [317162a0-bd3d-40ad-b205-542abbf35090@group-CF0B59C01792-LeaderElection11] INFO  server.RaftServerConfigKeys (ConfUtils.java:logGet(46)) - raft.server.log.appender.buffer.element-limit = 1024 (custom)
2025-05-08 12:14:49,770 [317162a0-bd3d-40ad-b205-542abbf35090@group-CF0B59C01792-LeaderElection11] INFO  server.RaftServerConfigKeys (ConfUtils.java:logGet(46)) - raft.server.log.appender.wait-time.min = 0μs (custom)
2025-05-08 12:14:49,770 [317162a0-bd3d-40ad-b205-542abbf35090@group-CF0B59C01792-LeaderElection11] INFO  grpc.GrpcConfigKeys (ConfUtils.java:logGet(46)) - raft.grpc.server.leader.outstanding.appends.max = 8 (default)
2025-05-08 12:14:49,770 [317162a0-bd3d-40ad-b205-542abbf35090@group-CF0B59C01792-LeaderElection11] INFO  server.RaftServerConfigKeys (ConfUtils.java:logGet(46)) - raft.server.rpc.request.timeout = 60s (custom)
2025-05-08 12:14:49,770 [317162a0-bd3d-40ad-b205-542abbf35090@group-CF0B59C01792-LeaderElection11] INFO  grpc.GrpcConfigKeys (ConfUtils.java:logGet(46)) - raft.grpc.server.install_snapshot.request.element-limit = 8 (default)
2025-05-08 12:14:49,770 [317162a0-bd3d-40ad-b205-542abbf35090@group-CF0B59C01792-LeaderElection11] INFO  grpc.GrpcConfigKeys (ConfUtils.java:logGet(46)) - raft.grpc.server.install_snapshot.request.timeout = 3000ms (default)
2025-05-08 12:14:49,771 [317162a0-bd3d-40ad-b205-542abbf35090@group-CF0B59C01792-LeaderElection11] INFO  grpc.GrpcConfigKeys (ConfUtils.java:logGet(46)) - raft.grpc.server.log-message.batch.duration = 5s (default)
2025-05-08 12:14:49,771 [317162a0-bd3d-40ad-b205-542abbf35090@group-CF0B59C01792-LeaderElection11] INFO  server.RaftServerConfigKeys (ConfUtils.java:logGet(46)) - raft.server.log.appender.install.snapshot.enabled = false (custom)
2025-05-08 12:14:49,771 [317162a0-bd3d-40ad-b205-542abbf35090@group-CF0B59C01792-LeaderElection11] INFO  grpc.GrpcConfigKeys (ConfUtils.java:logGet(46)) - raft.grpc.server.heartbeat.channel = true (default)
2025-05-08 12:14:49,772 [317162a0-bd3d-40ad-b205-542abbf35090@group-CF0B59C01792-LeaderElection11] INFO  server.RaftServerConfigKeys (ConfUtils.java:logGet(46)) - raft.server.log.appender.snapshot.chunk.size.max = 16MB (=16777216) (default)
2025-05-08 12:14:49,772 [317162a0-bd3d-40ad-b205-542abbf35090@group-CF0B59C01792-LeaderElection11] INFO  server.RaftServerConfigKeys (ConfUtils.java:logGet(46)) - raft.server.log.appender.buffer.byte-limit = 33554432 (custom)
2025-05-08 12:14:49,772 [317162a0-bd3d-40ad-b205-542abbf35090@group-CF0B59C01792-LeaderElection11] INFO  server.RaftServerConfigKeys (ConfUtils.java:logGet(46)) - raft.server.log.appender.buffer.element-limit = 1024 (custom)
2025-05-08 12:14:49,772 [317162a0-bd3d-40ad-b205-542abbf35090@group-CF0B59C01792-LeaderElection11] INFO  server.RaftServerConfigKeys (ConfUtils.java:logGet(46)) - raft.server.log.appender.wait-time.min = 0μs (custom)
2025-05-08 12:14:49,772 [317162a0-bd3d-40ad-b205-542abbf35090@group-CF0B59C01792-LeaderElection11] INFO  grpc.GrpcConfigKeys (ConfUtils.java:logGet(46)) - raft.grpc.server.leader.outstanding.appends.max = 8 (default)
2025-05-08 12:14:49,772 [317162a0-bd3d-40ad-b205-542abbf35090@group-CF0B59C01792-LeaderElection11] INFO  server.RaftServerConfigKeys (ConfUtils.java:logGet(46)) - raft.server.rpc.request.timeout = 60s (custom)
2025-05-08 12:14:49,772 [317162a0-bd3d-40ad-b205-542abbf35090@group-CF0B59C01792-LeaderElection11] INFO  grpc.GrpcConfigKeys (ConfUtils.java:logGet(46)) - raft.grpc.server.install_snapshot.request.element-limit = 8 (default)
2025-05-08 12:14:49,772 [317162a0-bd3d-40ad-b205-542abbf35090@group-CF0B59C01792-LeaderElection11] INFO  grpc.GrpcConfigKeys (ConfUtils.java:logGet(46)) - raft.grpc.server.install_snapshot.request.timeout = 3000ms (default)
2025-05-08 12:14:49,772 [317162a0-bd3d-40ad-b205-542abbf35090@group-CF0B59C01792-LeaderElection11] INFO  grpc.GrpcConfigKeys (ConfUtils.java:logGet(46)) - raft.grpc.server.log-message.batch.duration = 5s (default)
2025-05-08 12:14:49,772 [317162a0-bd3d-40ad-b205-542abbf35090@group-CF0B59C01792-LeaderElection11] INFO  server.RaftServerConfigKeys (ConfUtils.java:logGet(46)) - raft.server.log.appender.install.snapshot.enabled = false (custom)
2025-05-08 12:14:49,772 [317162a0-bd3d-40ad-b205-542abbf35090@group-CF0B59C01792-LeaderElection11] INFO  grpc.GrpcConfigKeys (ConfUtils.java:logGet(46)) - raft.grpc.server.heartbeat.channel = true (default)
2025-05-08 12:14:49,773 [317162a0-bd3d-40ad-b205-542abbf35090@group-CF0B59C01792-LeaderElection11] INFO  impl.RoleInfo (RoleInfo.java:updateAndGet(148)) - 317162a0-bd3d-40ad-b205-542abbf35090: start 317162a0-bd3d-40ad-b205-542abbf35090@group-CF0B59C01792-LeaderStateImpl
2025-05-08 12:14:49,773 [317162a0-bd3d-40ad-b205-542abbf35090@group-CF0B59C01792-LeaderElection11] INFO  ratis.XceiverServerRatis (XceiverServerRatis.java:handleLeaderChangedNotification(944)) - Leader change notification received for group: group-CF0B59C01792 with new leaderId: 317162a0-bd3d-40ad-b205-542abbf35090
2025-05-08 12:14:49,773 [317162a0-bd3d-40ad-b205-542abbf35090@group-CF0B59C01792-LeaderElection11] INFO  server.RaftServer$Division (ServerState.java:setLeader(272)) - 317162a0-bd3d-40ad-b205-542abbf35090@group-CF0B59C01792: change Leader from null to 317162a0-bd3d-40ad-b205-542abbf35090 at term 2 for becomeLeader, leader elected after 15ms
2025-05-08 12:14:49,773 [317162a0-bd3d-40ad-b205-542abbf35090@group-CF0B59C01792-LeaderElection11] INFO  segmented.SegmentedRaftLogWorker (SegmentedRaftLogWorker.java:rollLogSegment(443)) - 317162a0-bd3d-40ad-b205-542abbf35090@group-CF0B59C01792-SegmentedRaftLogWorker: Rolling segment log-0_468 to index:468
2025-05-08 12:14:49,775 [317162a0-bd3d-40ad-b205-542abbf35090@group-CF0B59C01792-SegmentedRaftLogWorker] INFO  segmented.SegmentedRaftLogWorker (SegmentedRaftLogWorker.java:execute(601)) - 317162a0-bd3d-40ad-b205-542abbf35090@group-CF0B59C01792-SegmentedRaftLogWorker: Rolled log segment from /home/runner/work/ozone/ozone/hadoop-ozone/integration-test/target/test-dir/MiniOzoneClusterImpl-efc39a28-6472-4ee4-b6fc-2c7f8ca0458d/ozone-meta/datanode-2/ratis/30af3b1a-a629-40eb-b1f1-cf0b59c01792/current/log_inprogress_0 to /home/runner/work/ozone/ozone/hadoop-ozone/integration-test/target/test-dir/MiniOzoneClusterImpl-efc39a28-6472-4ee4-b6fc-2c7f8ca0458d/ozone-meta/datanode-2/ratis/30af3b1a-a629-40eb-b1f1-cf0b59c01792/current/log_0-468
2025-05-08 12:14:49,775 [317162a0-bd3d-40ad-b205-542abbf35090@group-CF0B59C01792-SegmentedRaftLogWorker] INFO  segmented.BufferedWriteChannel (BufferedWriteChannel.java:open(61)) - open log_inprogress_469 at position 0
2025-05-08 12:14:49,775 [317162a0-bd3d-40ad-b205-542abbf35090@group-CF0B59C01792-LeaderElection11] INFO  server.RaftServer$Division (ServerState.java:setRaftConf(386)) - 317162a0-bd3d-40ad-b205-542abbf35090@group-CF0B59C01792: set configuration conf: {index: 469, cur=peers:[73de0732-aa09-4d2e-8ccf-f79b8b9cbabe|127.0.0.1:15015, 317162a0-bd3d-40ad-b205-542abbf35090|127.0.0.1:15023, 7c8f0716-ab75-44b9-b6ec-eb9ccd1caa65|127.0.0.1:15031]|listeners:[], old=null}
2025-05-08 12:14:49,777 [EventQueue-PipelineReportForPipelineReportHandler] INFO  pipeline.PipelineReportHandler (PipelineReportHandler.java:handlePipelineNotFoundException(98)) - Pipeline PipelineID=30af3b1a-a629-40eb-b1f1-cf0b59c01792, reported by datanode 317162a0-bd3d-40ad-b205-542abbf35090(localhost/127.0.0.1) is not found.
2025-05-08 12:14:49,778 [grpc-default-executor-5] WARN  server.GrpcLogAppender (LogUtils.java:warn(121)) - 317162a0-bd3d-40ad-b205-542abbf35090@group-CF0B59C01792->7c8f0716-ab75-44b9-b6ec-eb9ccd1caa65-AppendLogResponseHandler: Failed appendEntries: org.apache.ratis.thirdparty.io.grpc.StatusRuntimeException: UNAVAILABLE: io exception
2025-05-08 12:14:49,781 [73de0732-aa09-4d2e-8ccf-f79b8b9cbabe-server-thread5] INFO  ratis.XceiverServerRatis (XceiverServerRatis.java:handleLeaderChangedNotification(944)) - Leader change notification received for group: group-CF0B59C01792 with new leaderId: 317162a0-bd3d-40ad-b205-542abbf35090
2025-05-08 12:14:49,781 [73de0732-aa09-4d2e-8ccf-f79b8b9cbabe-server-thread5] INFO  server.RaftServer$Division (ServerState.java:setLeader(272)) - 73de0732-aa09-4d2e-8ccf-f79b8b9cbabe@group-CF0B59C01792: change Leader from null to 317162a0-bd3d-40ad-b205-542abbf35090 at term 2 for appendEntries, leader elected after 15ms
2025-05-08 12:14:49,782 [grpc-default-executor-5] WARN  server.GrpcLogAppender (GrpcLogAppender.java:lambda$resetClient$1(221)) - 317162a0-bd3d-40ad-b205-542abbf35090@group-CF0B59C01792->7c8f0716-ab75-44b9-b6ec-eb9ccd1caa65-GrpcLogAppender: Follower failed (request=null, errorCount=1); keep nextIndex (469) unchanged and retry.
2025-05-08 12:14:49,782 [73de0732-aa09-4d2e-8ccf-f79b8b9cbabe-server-thread1] INFO  server.RaftServer$Division (ServerState.java:setRaftConf(386)) - 73de0732-aa09-4d2e-8ccf-f79b8b9cbabe@group-CF0B59C01792: set configuration conf: {index: 469, cur=peers:[73de0732-aa09-4d2e-8ccf-f79b8b9cbabe|127.0.0.1:15015, 317162a0-bd3d-40ad-b205-542abbf35090|127.0.0.1:15023, 7c8f0716-ab75-44b9-b6ec-eb9ccd1caa65|127.0.0.1:15031]|listeners:[], old=null}
2025-05-08 12:14:49,783 [grpc-default-executor-0] WARN  server.GrpcLogAppender (GrpcLogAppender.java:lambda$resetClient$1(221)) - 317162a0-bd3d-40ad-b205-542abbf35090@group-CF0B59C01792->7c8f0716-ab75-44b9-b6ec-eb9ccd1caa65-GrpcLogAppender: Follower failed (request=null, errorCount=3); keep nextIndex (470) unchanged and retry.
2025-05-08 12:14:49,783 [73de0732-aa09-4d2e-8ccf-f79b8b9cbabe-server-thread1] INFO  segmented.SegmentedRaftLogWorker (SegmentedRaftLogWorker.java:rollLogSegment(443)) - 73de0732-aa09-4d2e-8ccf-f79b8b9cbabe@group-CF0B59C01792-SegmentedRaftLogWorker: Rolling segment log-0_468 to index:468
2025-05-08 12:14:49,785 [73de0732-aa09-4d2e-8ccf-f79b8b9cbabe@group-CF0B59C01792-SegmentedRaftLogWorker] INFO  segmented.SegmentedRaftLogWorker (SegmentedRaftLogWorker.java:execute(601)) - 73de0732-aa09-4d2e-8ccf-f79b8b9cbabe@group-CF0B59C01792-SegmentedRaftLogWorker: Rolled log segment from /home/runner/work/ozone/ozone/hadoop-ozone/integration-test/target/test-dir/MiniOzoneClusterImpl-efc39a28-6472-4ee4-b6fc-2c7f8ca0458d/ozone-meta/datanode-1/ratis/30af3b1a-a629-40eb-b1f1-cf0b59c01792/current/log_inprogress_0 to /home/runner/work/ozone/ozone/hadoop-ozone/integration-test/target/test-dir/MiniOzoneClusterImpl-efc39a28-6472-4ee4-b6fc-2c7f8ca0458d/ozone-meta/datanode-1/ratis/30af3b1a-a629-40eb-b1f1-cf0b59c01792/current/log_0-468
2025-05-08 12:14:49,785 [73de0732-aa09-4d2e-8ccf-f79b8b9cbabe@group-CF0B59C01792-SegmentedRaftLogWorker] INFO  segmented.BufferedWriteChannel (BufferedWriteChannel.java:open(61)) - open log_inprogress_469 at position 0
2025-05-08 12:14:49,785 [317162a0-bd3d-40ad-b205-542abbf35090@group-CF0B59C01792-SegmentedRaftLogWorker] INFO  segmented.SegmentedRaftLogWorker (SegmentedRaftLogWorker.java:execute(644)) - 317162a0-bd3d-40ad-b205-542abbf35090@group-CF0B59C01792-SegmentedRaftLogWorker: created new log segment /home/runner/work/ozone/ozone/hadoop-ozone/integration-test/target/test-dir/MiniOzoneClusterImpl-efc39a28-6472-4ee4-b6fc-2c7f8ca0458d/ozone-meta/datanode-2/ratis/30af3b1a-a629-40eb-b1f1-cf0b59c01792/current/log_inprogress_469
2025-05-08 12:14:49,793 [73de0732-aa09-4d2e-8ccf-f79b8b9cbabe@group-CF0B59C01792-SegmentedRaftLogWorker] INFO  segmented.SegmentedRaftLogWorker (SegmentedRaftLogWorker.java:execute(644)) - 73de0732-aa09-4d2e-8ccf-f79b8b9cbabe@group-CF0B59C01792-SegmentedRaftLogWorker: created new log segment /home/runner/work/ozone/ozone/hadoop-ozone/integration-test/target/test-dir/MiniOzoneClusterImpl-efc39a28-6472-4ee4-b6fc-2c7f8ca0458d/ozone-meta/datanode-1/ratis/30af3b1a-a629-40eb-b1f1-cf0b59c01792/current/log_inprogress_469
2025-05-08 12:14:49,795 [grpc-default-executor-3] WARN  server.GrpcLogAppender (GrpcLogAppender.java:lambda$resetClient$1(221)) - 317162a0-bd3d-40ad-b205-542abbf35090@group-CF0B59C01792->7c8f0716-ab75-44b9-b6ec-eb9ccd1caa65-GrpcLogAppender: Follower failed (request=null, errorCount=5); keep nextIndex (471) unchanged and retry.
2025-05-08 12:14:49,795 [317162a0-bd3d-40ad-b205-542abbf35090@group-CF0B59C01792-StateMachineUpdater] INFO  server.RaftServer$Division (LeaderStateImpl.java:checkStartIndex(313)) - Leader 317162a0-bd3d-40ad-b205-542abbf35090@group-CF0B59C01792-LeaderStateImpl is ready since appliedIndex == startIndex == 469
2025-05-08 12:14:49,836 [grpc-default-executor-3] ERROR impl.OrderedAsync (OrderedAsync.java:lambda$null$6(215)) -  client-D6BD214FDD90: Failed* RaftClientRequest:client-D6BD214FDD90->73de0732-aa09-4d2e-8ccf-f79b8b9cbabe@group-CF0B59C01792, cid=342, seq=1*, Watch(0), null
java.util.concurrent.CompletionException: org.apache.ratis.protocol.exceptions.NotLeaderException: Server 73de0732-aa09-4d2e-8ccf-f79b8b9cbabe@group-CF0B59C01792 is not the leader, suggested leader is: 317162a0-bd3d-40ad-b205-542abbf35090|127.0.0.1:15023
	at java.base/java.util.concurrent.CompletableFuture.encodeThrowable(CompletableFuture.java:332)
	at java.base/java.util.concurrent.CompletableFuture.completeThrowable(CompletableFuture.java:347)
	at java.base/java.util.concurrent.CompletableFuture$UniAccept.tryFire(CompletableFuture.java:708)
	at java.base/java.util.concurrent.CompletableFuture.postComplete(CompletableFuture.java:510)
	at java.base/java.util.concurrent.CompletableFuture.completeExceptionally(CompletableFuture.java:2194)
	at org.apache.ratis.grpc.client.GrpcClientProtocolClient$AsyncStreamObservers.completeReplyExceptionally(GrpcClientProtocolClient.java:397)
	at org.apache.ratis.grpc.client.GrpcClientProtocolClient$AsyncStreamObservers.access$000(GrpcClientProtocolClient.java:303)
	at org.apache.ratis.grpc.client.GrpcClientProtocolClient$AsyncStreamObservers$1.onNext(GrpcClientProtocolClient.java:317)
	at org.apache.ratis.grpc.client.GrpcClientProtocolClient$AsyncStreamObservers$1.onNext(GrpcClientProtocolClient.java:308)
	at org.apache.ratis.thirdparty.io.grpc.stub.ClientCalls$StreamObserverToCallListenerAdapter.onMessage(ClientCalls.java:468)
	at org.apache.ratis.thirdparty.io.grpc.ForwardingClientCallListener.onMessage(ForwardingClientCallListener.java:33)
	at org.apache.ratis.thirdparty.io.grpc.internal.ClientCallImpl$ClientStreamListenerImpl$1MessagesAvailable.runInternal(ClientCallImpl.java:660)
	at org.apache.ratis.thirdparty.io.grpc.internal.ClientCallImpl$ClientStreamListenerImpl$1MessagesAvailable.runInContext(ClientCallImpl.java:647)
	at org.apache.ratis.thirdparty.io.grpc.internal.ContextRunnable.run(ContextRunnable.java:37)
	at org.apache.ratis.thirdparty.io.grpc.internal.SerializingExecutor.run(SerializingExecutor.java:133)
	at java.base/java.util.concurrent.ThreadPoolExecutor.runWorker(ThreadPoolExecutor.java:1144)
	at java.base/java.util.concurrent.ThreadPoolExecutor$Worker.run(ThreadPoolExecutor.java:642)
	at java.base/java.lang.Thread.run(Thread.java:1583)
Caused by: org.apache.ratis.protocol.exceptions.NotLeaderException: Server 73de0732-aa09-4d2e-8ccf-f79b8b9cbabe@group-CF0B59C01792 is not the leader, suggested leader is: 317162a0-bd3d-40ad-b205-542abbf35090|127.0.0.1:15023
	at org.apache.ratis.client.impl.ClientProtoUtils.toRaftClientReply(ClientProtoUtils.java:402)
	at org.apache.ratis.grpc.client.GrpcClientProtocolClient$AsyncStreamObservers$1.onNext(GrpcClientProtocolClient.java:313)
	... 10 more
2025-05-08 12:14:49,843 [grpc-default-executor-5] WARN  server.GrpcLogAppender (GrpcLogAppender.java:lambda$resetClient$1(221)) - 317162a0-bd3d-40ad-b205-542abbf35090@group-CF0B59C01792->7c8f0716-ab75-44b9-b6ec-eb9ccd1caa65-GrpcLogAppender: Follower failed (request=null, errorCount=7); keep nextIndex (472) unchanged and retry.
2025-05-08 12:14:49,845 [grpc-default-executor-6] WARN  server.GrpcLogAppender (GrpcLogAppender.java:lambda$resetClient$1(221)) - 317162a0-bd3d-40ad-b205-542abbf35090@group-CF0B59C01792->7c8f0716-ab75-44b9-b6ec-eb9ccd1caa65-GrpcLogAppender: Follower failed (request=null, errorCount=9); keep nextIndex (473) unchanged and retry.
2025-05-08 12:14:49,845 [grpc-default-executor-3] WARN  server.GrpcLogAppender (GrpcLogAppender.java:lambda$resetClient$1(221)) - 317162a0-bd3d-40ad-b205-542abbf35090@group-CF0B59C01792->7c8f0716-ab75-44b9-b6ec-eb9ccd1caa65-GrpcLogAppender: Follower failed (request=null, errorCount=10); keep nextIndex (474) unchanged and retry.
2025-05-08 12:14:49,849 [grpc-default-executor-5] WARN  server.GrpcLogAppender (GrpcLogAppender.java:lambda$resetClient$1(221)) - 317162a0-bd3d-40ad-b205-542abbf35090@group-CF0B59C01792->7c8f0716-ab75-44b9-b6ec-eb9ccd1caa65-GrpcLogAppender: Follower failed (request=null, errorCount=13); keep nextIndex (475) unchanged and retry.
2025-05-08 12:14:49,861 [grpc-default-executor-0] WARN  server.GrpcLogAppender (GrpcLogAppender.java:lambda$resetClient$1(221)) - 317162a0-bd3d-40ad-b205-542abbf35090@group-CF0B59C01792->7c8f0716-ab75-44b9-b6ec-eb9ccd1caa65-GrpcLogAppender: Follower failed (request=null, errorCount=15); keep nextIndex (477) unchanged and retry.
2025-05-08 12:14:49,864 [grpc-default-executor-5] WARN  server.GrpcLogAppender (GrpcLogAppender.java:lambda$resetClient$1(221)) - 317162a0-bd3d-40ad-b205-542abbf35090@group-CF0B59C01792->7c8f0716-ab75-44b9-b6ec-eb9ccd1caa65-GrpcLogAppender: Follower failed (request=null, errorCount=17); keep nextIndex (478) unchanged and retry.
2025-05-08 12:14:50,062 [73de0732-aa09-4d2e-8ccf-f79b8b9cbabe-CloseContainerThread-0] INFO  commandhandler.CloseContainerCommandHandler (CloseContainerCommandHandler.java:lambda$handle$0(154)) - Follower cannot close container #9.
2025-05-08 12:14:50,063 [73de0732-aa09-4d2e-8ccf-f79b8b9cbabe-CloseContainerThread-2] INFO  commandhandler.CloseContainerCommandHandler (CloseContainerCommandHandler.java:lambda$handle$0(154)) - Follower cannot close container #8.
2025-05-08 12:14:50,064 [73de0732-aa09-4d2e-8ccf-f79b8b9cbabe-CloseContainerThread-1] INFO  commandhandler.CloseContainerCommandHandler (CloseContainerCommandHandler.java:lambda$handle$0(154)) - Follower cannot close container #8.
2025-05-08 12:14:50,065 [73de0732-aa09-4d2e-8ccf-f79b8b9cbabe-CloseContainerThread-0] INFO  commandhandler.CloseContainerCommandHandler (CloseContainerCommandHandler.java:lambda$handle$0(154)) - Follower cannot close container #9.
2025-05-08 12:14:50,067 [73de0732-aa09-4d2e-8ccf-f79b8b9cbabe-CloseContainerThread-1] INFO  commandhandler.CloseContainerCommandHandler (CloseContainerCommandHandler.java:lambda$handle$0(154)) - Follower cannot close container #9.
2025-05-08 12:14:50,068 [73de0732-aa09-4d2e-8ccf-f79b8b9cbabe-CloseContainerThread-1] INFO  commandhandler.CloseContainerCommandHandler (CloseContainerCommandHandler.java:lambda$handle$0(154)) - Follower cannot close container #8.
2025-05-08 12:14:50,068 [73de0732-aa09-4d2e-8ccf-f79b8b9cbabe-CloseContainerThread-1] INFO  commandhandler.CloseContainerCommandHandler (CloseContainerCommandHandler.java:lambda$handle$0(154)) - Follower cannot close container #9.
2025-05-08 12:14:50,068 [73de0732-aa09-4d2e-8ccf-f79b8b9cbabe-CloseContainerThread-2] INFO  commandhandler.CloseContainerCommandHandler (CloseContainerCommandHandler.java:lambda$handle$0(154)) - Follower cannot close container #8.
2025-05-08 12:14:50,070 [grpc-default-executor-5] WARN  server.GrpcLogAppender (GrpcLogAppender.java:lambda$resetClient$1(221)) - 317162a0-bd3d-40ad-b205-542abbf35090@group-CF0B59C01792->7c8f0716-ab75-44b9-b6ec-eb9ccd1caa65-GrpcLogAppender: Follower failed (request=null, errorCount=19); keep nextIndex (480) unchanged and retry.
2025-05-08 12:14:50,071 [grpc-default-executor-3] WARN  server.GrpcLogAppender (GrpcLogAppender.java:lambda$resetClient$1(221)) - 317162a0-bd3d-40ad-b205-542abbf35090@group-CF0B59C01792->7c8f0716-ab75-44b9-b6ec-eb9ccd1caa65-GrpcLogAppender: Follower failed (request=null, errorCount=21); keep nextIndex (481) unchanged and retry.
2025-05-08 12:14:50,073 [317162a0-bd3d-40ad-b205-542abbf35090-ContainerReplicationThread-1] INFO  replication.PushReplicator (PushReplicator.java:replicate(56)) - Starting replication of container 3 to 39727330-a832-4a1a-a148-c345636681a8(localhost/127.0.0.1) using NO_COMPRESSION
2025-05-08 12:14:50,073 [317162a0-bd3d-40ad-b205-542abbf35090-ContainerReplicationThread-0] INFO  replication.PushReplicator (PushReplicator.java:replicate(56)) - Starting replication of container 1 to 39727330-a832-4a1a-a148-c345636681a8(localhost/127.0.0.1) using NO_COMPRESSION
2025-05-08 12:14:50,073 [73de0732-aa09-4d2e-8ccf-f79b8b9cbabe-ContainerReplicationThread-0] INFO  replication.PushReplicator (PushReplicator.java:replicate(56)) - Starting replication of container 10 to 39727330-a832-4a1a-a148-c345636681a8(localhost/127.0.0.1) using NO_COMPRESSION
2025-05-08 12:14:50,073 [73de0732-aa09-4d2e-8ccf-f79b8b9cbabe-ContainerReplicationThread-1] INFO  replication.PushReplicator (PushReplicator.java:replicate(56)) - Starting replication of container 2 to 39727330-a832-4a1a-a148-c345636681a8(localhost/127.0.0.1) using NO_COMPRESSION
2025-05-08 12:14:50,075 [317162a0-bd3d-40ad-b205-542abbf35090-ContainerOp-30af3b1a-a629-40eb-b1f1-cf0b59c01792-2] INFO  keyvalue.KeyValueContainer (KeyValueContainer.java:flushAndSyncDB(511)) - Synced container: KeyValueContainerData #9 (CLOSING, non-empty, ri=0, origin=[dn_317162a0-bd3d-40ad-b205-542abbf35090, pipeline_30af3b1a-a629-40eb-b1f1-cf0b59c01792])
2025-05-08 12:14:50,075 [317162a0-bd3d-40ad-b205-542abbf35090-ContainerOp-30af3b1a-a629-40eb-b1f1-cf0b59c01792-2] INFO  keyvalue.KeyValueContainer (KeyValueContainer.java:flushAndSyncDB(511)) - Synced container: KeyValueContainerData #9 (CLOSING, non-empty, ri=0, origin=[dn_317162a0-bd3d-40ad-b205-542abbf35090, pipeline_30af3b1a-a629-40eb-b1f1-cf0b59c01792])
2025-05-08 12:14:50,077 [317162a0-bd3d-40ad-b205-542abbf35090-ContainerOp-30af3b1a-a629-40eb-b1f1-cf0b59c01792-9] INFO  keyvalue.KeyValueContainer (KeyValueContainer.java:flushAndSyncDB(511)) - Synced container: KeyValueContainerData #8 (CLOSING, non-empty, ri=0, origin=[dn_317162a0-bd3d-40ad-b205-542abbf35090, pipeline_30af3b1a-a629-40eb-b1f1-cf0b59c01792])
2025-05-08 12:14:50,077 [317162a0-bd3d-40ad-b205-542abbf35090-ContainerOp-30af3b1a-a629-40eb-b1f1-cf0b59c01792-9] INFO  keyvalue.KeyValueContainer (KeyValueContainer.java:flushAndSyncDB(511)) - Synced container: KeyValueContainerData #8 (CLOSING, non-empty, ri=0, origin=[dn_317162a0-bd3d-40ad-b205-542abbf35090, pipeline_30af3b1a-a629-40eb-b1f1-cf0b59c01792])
2025-05-08 12:14:50,081 [grpc-default-executor-2] INFO  server.RaftServer (RaftServerProxy.java:remove(111)) - 317162a0-bd3d-40ad-b205-542abbf35090: remove    LEADER 317162a0-bd3d-40ad-b205-542abbf35090@group-CF0B59C01792:t2, leader=317162a0-bd3d-40ad-b205-542abbf35090, voted=317162a0-bd3d-40ad-b205-542abbf35090, raftlog=Memoized:317162a0-bd3d-40ad-b205-542abbf35090@group-CF0B59C01792-SegmentedRaftLog:OPENED:c480:last(t:2, i:482), conf=conf: {index: 469, cur=peers:[73de0732-aa09-4d2e-8ccf-f79b8b9cbabe|127.0.0.1:15015, 317162a0-bd3d-40ad-b205-542abbf35090|127.0.0.1:15023, 7c8f0716-ab75-44b9-b6ec-eb9ccd1caa65|127.0.0.1:15031]|listeners:[], old=null} RUNNING
2025-05-08 12:14:50,082 [73de0732-aa09-4d2e-8ccf-f79b8b9cbabe-ContainerOp-30af3b1a-a629-40eb-b1f1-cf0b59c01792-3] INFO  keyvalue.KeyValueContainer (KeyValueContainer.java:flushAndSyncDB(511)) - Synced container: KeyValueContainerData #9 (CLOSING, non-empty, ri=0, origin=[dn_73de0732-aa09-4d2e-8ccf-f79b8b9cbabe, pipeline_30af3b1a-a629-40eb-b1f1-cf0b59c01792])
2025-05-08 12:14:50,082 [73de0732-aa09-4d2e-8ccf-f79b8b9cbabe-ContainerOp-30af3b1a-a629-40eb-b1f1-cf0b59c01792-3] INFO  keyvalue.KeyValueContainer (KeyValueContainer.java:flushAndSyncDB(511)) - Synced container: KeyValueContainerData #9 (CLOSING, non-empty, ri=0, origin=[dn_73de0732-aa09-4d2e-8ccf-f79b8b9cbabe, pipeline_30af3b1a-a629-40eb-b1f1-cf0b59c01792])
2025-05-08 12:14:50,083 [grpc-default-executor-2] INFO  server.RaftServer$Division (RaftServerImpl.java:lambda$close$1(513)) - 317162a0-bd3d-40ad-b205-542abbf35090@group-CF0B59C01792: shutdown
2025-05-08 12:14:50,083 [grpc-default-executor-2] INFO  util.JmxRegister (JmxRegister.java:unregister(74)) - Successfully un-registered JMX Bean with object name Ratis:service=RaftServer,group=group-CF0B59C01792,id=317162a0-bd3d-40ad-b205-542abbf35090
2025-05-08 12:14:50,083 [grpc-default-executor-2] INFO  impl.RoleInfo (RoleInfo.java:shutdownLeaderState(103)) - 317162a0-bd3d-40ad-b205-542abbf35090: shutdown 317162a0-bd3d-40ad-b205-542abbf35090@group-CF0B59C01792-LeaderStateImpl
2025-05-08 12:14:50,083 [grpc-default-executor-2] INFO  impl.PendingRequests (PendingRequests.java:sendNotLeaderResponses(287)) - 317162a0-bd3d-40ad-b205-542abbf35090@group-CF0B59C01792-PendingRequests: sendNotLeaderResponses
2025-05-08 12:14:50,083 [grpc-default-executor-7] INFO  server.GrpcLogAppender (GrpcLogAppender.java:onError(537)) - 317162a0-bd3d-40ad-b205-542abbf35090@group-CF0B59C01792->7c8f0716-ab75-44b9-b6ec-eb9ccd1caa65-GrpcLogAppender is already stopped
2025-05-08 12:14:50,083 [grpc-default-executor-0] WARN  server.GrpcLogAppender (GrpcLogAppender.java:lambda$resetClient$1(221)) - 317162a0-bd3d-40ad-b205-542abbf35090@group-CF0B59C01792->7c8f0716-ab75-44b9-b6ec-eb9ccd1caa65-GrpcLogAppender: Follower failed (request=null, errorCount=23); keep nextIndex (483) unchanged and retry.
2025-05-08 12:14:50,083 [317162a0-bd3d-40ad-b205-542abbf35090@group-CF0B59C01792->7c8f0716-ab75-44b9-b6ec-eb9ccd1caa65-GrpcLogAppender-LogAppenderDaemon] INFO  leader.LogAppenderDaemon (LogAppenderDaemon.java:run(87)) - 317162a0-bd3d-40ad-b205-542abbf35090@group-CF0B59C01792->7c8f0716-ab75-44b9-b6ec-eb9ccd1caa65-GrpcLogAppender-LogAppenderDaemon I/O was interrupted: java.io.InterruptedIOException: Interrupted appendLog, heartbeat? false
2025-05-08 12:14:50,083 [317162a0-bd3d-40ad-b205-542abbf35090@group-CF0B59C01792->73de0732-aa09-4d2e-8ccf-f79b8b9cbabe-GrpcLogAppender-LogAppenderDaemon] WARN  server.GrpcLogAppender (GrpcLogAppender.java:mayWait(293)) - 317162a0-bd3d-40ad-b205-542abbf35090@group-CF0B59C01792->73de0732-aa09-4d2e-8ccf-f79b8b9cbabe-GrpcLogAppender: Wait interrupted by java.lang.InterruptedException
2025-05-08 12:14:50,084 [317162a0-bd3d-40ad-b205-542abbf35090-ContainerOp-30af3b1a-a629-40eb-b1f1-cf0b59c01792-9] INFO  keyvalue.KeyValueContainer (KeyValueContainer.java:close(427)) - Closed container: KeyValueContainerData #8 (CLOSED, non-empty, ri=0, origin=[dn_317162a0-bd3d-40ad-b205-542abbf35090, pipeline_30af3b1a-a629-40eb-b1f1-cf0b59c01792])
2025-05-08 12:14:50,084 [73de0732-aa09-4d2e-8ccf-f79b8b9cbabe-ContainerOp-30af3b1a-a629-40eb-b1f1-cf0b59c01792-5] INFO  keyvalue.KeyValueContainer (KeyValueContainer.java:flushAndSyncDB(511)) - Synced container: KeyValueContainerData #8 (CLOSING, non-empty, ri=0, origin=[dn_73de0732-aa09-4d2e-8ccf-f79b8b9cbabe, pipeline_30af3b1a-a629-40eb-b1f1-cf0b59c01792])
2025-05-08 12:14:50,084 [73de0732-aa09-4d2e-8ccf-f79b8b9cbabe-ContainerOp-30af3b1a-a629-40eb-b1f1-cf0b59c01792-5] INFO  keyvalue.KeyValueContainer (KeyValueContainer.java:flushAndSyncDB(511)) - Synced container: KeyValueContainerData #8 (CLOSING, non-empty, ri=0, origin=[dn_73de0732-aa09-4d2e-8ccf-f79b8b9cbabe, pipeline_30af3b1a-a629-40eb-b1f1-cf0b59c01792])
2025-05-08 12:14:50,085 [grpc-default-executor-0] INFO  server.GrpcServerProtocolService (GrpcServerProtocolService.java:onCompleted(157)) - 73de0732-aa09-4d2e-8ccf-f79b8b9cbabe: Completed APPEND_ENTRIES, lastRequest: null
2025-05-08 12:14:50,086 [grpc-default-executor-0] INFO  server.GrpcServerProtocolService (GrpcServerProtocolService.java:lambda$onCompleted$5(159)) - 73de0732-aa09-4d2e-8ccf-f79b8b9cbabe: Completed APPEND_ENTRIES, lastReply: serverReply {
  requestorId: "317162a0-bd3d-40ad-b205-542abbf35090"
  replyId: "73de0732-aa09-4d2e-8ccf-f79b8b9cbabe"
  raftGroupId {
    id: "0\257;\032\246)@\353\261\361\317\vY\300\027\222"
  }
  success: true
}
term: 2
nextIndex: 469
followerCommit: 467
matchIndex: 18446744073709551615
isHearbeat: true

2025-05-08 12:14:50,088 [317162a0-bd3d-40ad-b205-542abbf35090-CloseContainerThread-0] INFO  commandhandler.CloseContainerCommandHandler (CloseContainerCommandHandler.java:lambda$handle$0(154)) - Follower cannot close container #8.
2025-05-08 12:14:50,089 [73de0732-aa09-4d2e-8ccf-f79b8b9cbabe-ContainerOp-30af3b1a-a629-40eb-b1f1-cf0b59c01792-3] INFO  keyvalue.KeyValueContainer (KeyValueContainer.java:close(427)) - Closed container: KeyValueContainerData #9 (CLOSED, non-empty, ri=0, origin=[dn_73de0732-aa09-4d2e-8ccf-f79b8b9cbabe, pipeline_30af3b1a-a629-40eb-b1f1-cf0b59c01792])
2025-05-08 12:14:50,088 [317162a0-bd3d-40ad-b205-542abbf35090-CloseContainerThread-2] INFO  commandhandler.CloseContainerCommandHandler (CloseContainerCommandHandler.java:lambda$handle$0(154)) - Follower cannot close container #9.
2025-05-08 12:14:50,089 [null-request--thread1] INFO  server.GrpcClientProtocolService (GrpcClientProtocolService.java:lambda$processClientRequest$0(284)) - Failed RaftClientRequest:client-D6BD214FDD90->317162a0-bd3d-40ad-b205-542abbf35090@group-CF0B59C01792, cid=347, seq=null, Watch-ALL_COMMITTED(473), Message:<EMPTY>, reply=RaftClientReply:client-D6BD214FDD90->317162a0-bd3d-40ad-b205-542abbf35090@group-CF0B59C01792, cid=347, FAILED org.apache.ratis.protocol.exceptions.NotLeaderException: Server 317162a0-bd3d-40ad-b205-542abbf35090@group-CF0B59C01792 is not the leader, logIndex=0, commits[317162a0-bd3d-40ad-b205-542abbf35090:c482]
2025-05-08 12:14:50,089 [grpc-default-executor-2] INFO  impl.StateMachineUpdater (StateMachineUpdater.java:stopAndJoin(164)) - 317162a0-bd3d-40ad-b205-542abbf35090@group-CF0B59C01792-StateMachineUpdater: set stopIndex = 482
2025-05-08 12:14:50,089 [null-request--thread1] INFO  server.GrpcClientProtocolService (GrpcClientProtocolService.java:lambda$processClientRequest$0(284)) - Failed RaftClientRequest:client-D6BD214FDD90->317162a0-bd3d-40ad-b205-542abbf35090@group-CF0B59C01792, cid=348, seq=null, Watch-ALL_COMMITTED(474), Message:<EMPTY>, reply=RaftClientReply:client-D6BD214FDD90->317162a0-bd3d-40ad-b205-542abbf35090@group-CF0B59C01792, cid=348, FAILED org.apache.ratis.protocol.exceptions.NotLeaderException: Server 317162a0-bd3d-40ad-b205-542abbf35090@group-CF0B59C01792 is not the leader, logIndex=0, commits[317162a0-bd3d-40ad-b205-542abbf35090:c482]
2025-05-08 12:14:50,088 [317162a0-bd3d-40ad-b205-542abbf35090-ContainerOp-30af3b1a-a629-40eb-b1f1-cf0b59c01792-2] INFO  keyvalue.KeyValueContainer (KeyValueContainer.java:close(427)) - Closed container: KeyValueContainerData #9 (CLOSED, non-empty, ri=0, origin=[dn_317162a0-bd3d-40ad-b205-542abbf35090, pipeline_30af3b1a-a629-40eb-b1f1-cf0b59c01792])
2025-05-08 12:14:50,088 [317162a0-bd3d-40ad-b205-542abbf35090-CloseContainerThread-1] INFO  commandhandler.CloseContainerCommandHandler (CloseContainerCommandHandler.java:lambda$handle$0(154)) - Follower cannot close container #8.
2025-05-08 12:14:50,090 [317162a0-bd3d-40ad-b205-542abbf35090@group-CF0B59C01792-StateMachineUpdater] INFO  ratis.ContainerStateMachine (ContainerStateMachine.java:takeSnapshot(427)) - group-CF0B59C01792: Taking a snapshot at:(t:2, i:482) file /home/runner/work/ozone/ozone/hadoop-ozone/integration-test/target/test-dir/MiniOzoneClusterImpl-efc39a28-6472-4ee4-b6fc-2c7f8ca0458d/ozone-meta/datanode-2/ratis/30af3b1a-a629-40eb-b1f1-cf0b59c01792/sm/snapshot.2_482
2025-05-08 12:14:50,089 [grpc-default-executor-0] INFO  server.GrpcLogAppender (GrpcLogAppender.java:onCompleted(550)) - 317162a0-bd3d-40ad-b205-542abbf35090@group-CF0B59C01792->73de0732-aa09-4d2e-8ccf-f79b8b9cbabe-AppendLogResponseHandler: follower responses appendEntries COMPLETED
2025-05-08 12:14:50,091 [FixedThreadPoolWithAffinityExecutor-1-0] INFO  container.IncrementalContainerReportHandler (AbstractContainerReportHandler.java:updateContainerState(289)) - CLOSE Container #8 (CLOSING, sid=445) r0 (CLOSED, bcsid=445, origin=317162a0-bd3d-40ad-b205-542abbf35090, non-empty) from dn 317162a0-bd3d-40ad-b205-542abbf35090(localhost/127.0.0.1)
2025-05-08 12:14:50,091 [grpc-default-executor-7] INFO  server.GrpcServerProtocolService (GrpcServerProtocolService.java:onCompleted(157)) - 73de0732-aa09-4d2e-8ccf-f79b8b9cbabe: Completed APPEND_ENTRIES, lastRequest: 317162a0-bd3d-40ad-b205-542abbf35090->73de0732-aa09-4d2e-8ccf-f79b8b9cbabe#12-t2,previous=(t:2, i:480),leaderCommit=480,initializing? false,entries: size=2, first=(t:2, i:481), METADATAENTRY(c:479)
2025-05-08 12:14:50,091 [grpc-default-executor-7] INFO  server.GrpcServerProtocolService (GrpcServerProtocolService.java:lambda$onCompleted$5(159)) - 73de0732-aa09-4d2e-8ccf-f79b8b9cbabe: Completed APPEND_ENTRIES, lastReply: null
2025-05-08 12:14:50,091 [FixedThreadPoolWithAffinityExecutor-9-0] INFO  container.IncrementalContainerReportHandler (AbstractContainerReportHandler.java:updateContainerState(289)) - CLOSE Container #9 (CLOSING, sid=451) r0 (CLOSED, bcsid=451, origin=73de0732-aa09-4d2e-8ccf-f79b8b9cbabe, non-empty) from dn 73de0732-aa09-4d2e-8ccf-f79b8b9cbabe(localhost/127.0.0.1)
2025-05-08 12:14:50,092 [73de0732-aa09-4d2e-8ccf-f79b8b9cbabe-ContainerOp-30af3b1a-a629-40eb-b1f1-cf0b59c01792-5] INFO  keyvalue.KeyValueContainer (KeyValueContainer.java:close(427)) - Closed container: KeyValueContainerData #8 (CLOSED, non-empty, ri=0, origin=[dn_73de0732-aa09-4d2e-8ccf-f79b8b9cbabe, pipeline_30af3b1a-a629-40eb-b1f1-cf0b59c01792])
2025-05-08 12:14:50,094 [317162a0-bd3d-40ad-b205-542abbf35090@group-CF0B59C01792-StateMachineUpdater] INFO  ratis.ContainerStateMachine (ContainerStateMachine.java:takeSnapshot(436)) - group-CF0B59C01792: Finished taking a snapshot at:(t:2, i:482) file:/home/runner/work/ozone/ozone/hadoop-ozone/integration-test/target/test-dir/MiniOzoneClusterImpl-efc39a28-6472-4ee4-b6fc-2c7f8ca0458d/ozone-meta/datanode-2/ratis/30af3b1a-a629-40eb-b1f1-cf0b59c01792/sm/snapshot.2_482 took: 5 ms
2025-05-08 12:14:50,094 [317162a0-bd3d-40ad-b205-542abbf35090@group-CF0B59C01792-StateMachineUpdater] INFO  impl.StateMachineUpdater (StateMachineUpdater.java:takeSnapshot(303)) - 317162a0-bd3d-40ad-b205-542abbf35090@group-CF0B59C01792-StateMachineUpdater: Took a snapshot at index 482
2025-05-08 12:14:50,094 [317162a0-bd3d-40ad-b205-542abbf35090@group-CF0B59C01792-StateMachineUpdater] INFO  impl.StateMachineUpdater (StateMachineUpdater.java:lambda$new$0(102)) - 317162a0-bd3d-40ad-b205-542abbf35090@group-CF0B59C01792-StateMachineUpdater: snapshotIndex: updateIncreasingly -1 -> 482
2025-05-08 12:14:50,095 [317162a0-bd3d-40ad-b205-542abbf35090@group-CF0B59C01792-StateMachineUpdater] INFO  impl.StateMachineUpdater (StateMachineUpdater.java:stop(141)) - 317162a0-bd3d-40ad-b205-542abbf35090@group-CF0B59C01792-StateMachineUpdater: closing ContainerStateMachine, lastApplied=(t:2, i:482)
2025-05-08 12:14:50,098 [317162a0-bd3d-40ad-b205-542abbf35090@group-CF0B59C01792-cacheEviction-AwaitToRun] INFO  util.AwaitToRun (AwaitToRun.java:run(49)) - 317162a0-bd3d-40ad-b205-542abbf35090@group-CF0B59C01792-cacheEviction-AwaitToRun-AwaitForSignal is interrupted
2025-05-08 12:14:50,102 [grpc-default-executor-0] INFO  server.GrpcLogAppender (GrpcLogAppender.java:onCompleted(550)) - 317162a0-bd3d-40ad-b205-542abbf35090@group-CF0B59C01792->73de0732-aa09-4d2e-8ccf-f79b8b9cbabe-AppendLogResponseHandler: follower responses appendEntries COMPLETED
2025-05-08 12:14:50,102 [grpc-default-executor-7] INFO  server.RaftServer (RaftServerProxy.java:remove(111)) - 73de0732-aa09-4d2e-8ccf-f79b8b9cbabe: remove  FOLLOWER 73de0732-aa09-4d2e-8ccf-f79b8b9cbabe@group-CF0B59C01792:t2, leader=317162a0-bd3d-40ad-b205-542abbf35090, voted=317162a0-bd3d-40ad-b205-542abbf35090, raftlog=Memoized:73de0732-aa09-4d2e-8ccf-f79b8b9cbabe@group-CF0B59C01792-SegmentedRaftLog:OPENED:c480:last(t:2, i:482), conf=conf: {index: 469, cur=peers:[73de0732-aa09-4d2e-8ccf-f79b8b9cbabe|127.0.0.1:15015, 317162a0-bd3d-40ad-b205-542abbf35090|127.0.0.1:15023, 7c8f0716-ab75-44b9-b6ec-eb9ccd1caa65|127.0.0.1:15031]|listeners:[], old=null} RUNNING
2025-05-08 12:14:50,102 [grpc-default-executor-7] INFO  server.RaftServer$Division (RaftServerImpl.java:lambda$close$1(513)) - 73de0732-aa09-4d2e-8ccf-f79b8b9cbabe@group-CF0B59C01792: shutdown
2025-05-08 12:14:50,102 [grpc-default-executor-7] INFO  util.JmxRegister (JmxRegister.java:unregister(74)) - Successfully un-registered JMX Bean with object name Ratis:service=RaftServer,group=group-CF0B59C01792,id=73de0732-aa09-4d2e-8ccf-f79b8b9cbabe
2025-05-08 12:14:50,103 [grpc-default-executor-7] INFO  impl.RoleInfo (RoleInfo.java:shutdownFollowerState(121)) - 73de0732-aa09-4d2e-8ccf-f79b8b9cbabe: shutdown 73de0732-aa09-4d2e-8ccf-f79b8b9cbabe@group-CF0B59C01792-FollowerState
2025-05-08 12:14:50,103 [grpc-default-executor-7] INFO  impl.StateMachineUpdater (StateMachineUpdater.java:stopAndJoin(164)) - 73de0732-aa09-4d2e-8ccf-f79b8b9cbabe@group-CF0B59C01792-StateMachineUpdater: set stopIndex = 480
2025-05-08 12:14:50,103 [73de0732-aa09-4d2e-8ccf-f79b8b9cbabe@group-CF0B59C01792-StateMachineUpdater] INFO  ratis.ContainerStateMachine (ContainerStateMachine.java:takeSnapshot(427)) - group-CF0B59C01792: Taking a snapshot at:(t:2, i:480) file /home/runner/work/ozone/ozone/hadoop-ozone/integration-test/target/test-dir/MiniOzoneClusterImpl-efc39a28-6472-4ee4-b6fc-2c7f8ca0458d/ozone-meta/datanode-1/ratis/30af3b1a-a629-40eb-b1f1-cf0b59c01792/sm/snapshot.2_480
2025-05-08 12:14:50,103 [73de0732-aa09-4d2e-8ccf-f79b8b9cbabe@group-CF0B59C01792-FollowerState] INFO  impl.FollowerState (FollowerState.java:runImpl(170)) - 73de0732-aa09-4d2e-8ccf-f79b8b9cbabe@group-CF0B59C01792-FollowerState was interrupted
2025-05-08 12:14:50,105 [73de0732-aa09-4d2e-8ccf-f79b8b9cbabe@group-CF0B59C01792-StateMachineUpdater] INFO  ratis.ContainerStateMachine (ContainerStateMachine.java:takeSnapshot(436)) - group-CF0B59C01792: Finished taking a snapshot at:(t:2, i:480) file:/home/runner/work/ozone/ozone/hadoop-ozone/integration-test/target/test-dir/MiniOzoneClusterImpl-efc39a28-6472-4ee4-b6fc-2c7f8ca0458d/ozone-meta/datanode-1/ratis/30af3b1a-a629-40eb-b1f1-cf0b59c01792/sm/snapshot.2_480 took: 2 ms
2025-05-08 12:14:50,105 [73de0732-aa09-4d2e-8ccf-f79b8b9cbabe@group-CF0B59C01792-StateMachineUpdater] INFO  impl.StateMachineUpdater (StateMachineUpdater.java:takeSnapshot(303)) - 73de0732-aa09-4d2e-8ccf-f79b8b9cbabe@group-CF0B59C01792-StateMachineUpdater: Took a snapshot at index 480
2025-05-08 12:14:50,105 [73de0732-aa09-4d2e-8ccf-f79b8b9cbabe@group-CF0B59C01792-StateMachineUpdater] INFO  impl.StateMachineUpdater (StateMachineUpdater.java:lambda$new$0(102)) - 73de0732-aa09-4d2e-8ccf-f79b8b9cbabe@group-CF0B59C01792-StateMachineUpdater: snapshotIndex: updateIncreasingly -1 -> 480
2025-05-08 12:14:50,105 [73de0732-aa09-4d2e-8ccf-f79b8b9cbabe@group-CF0B59C01792-StateMachineUpdater] INFO  impl.StateMachineUpdater (StateMachineUpdater.java:stop(141)) - 73de0732-aa09-4d2e-8ccf-f79b8b9cbabe@group-CF0B59C01792-StateMachineUpdater: closing ContainerStateMachine, lastApplied=(t:2, i:480)
2025-05-08 12:14:50,106 [73de0732-aa09-4d2e-8ccf-f79b8b9cbabe@group-CF0B59C01792-cacheEviction-AwaitToRun] INFO  util.AwaitToRun (AwaitToRun.java:run(49)) - 73de0732-aa09-4d2e-8ccf-f79b8b9cbabe@group-CF0B59C01792-cacheEviction-AwaitToRun-AwaitForSignal is interrupted
2025-05-08 12:14:50,140 [39727330-a832-4a1a-a148-c345636681a8-ReplicationContainerReader-4] INFO  replication.SendContainerRequestHandler (SendContainerRequestHandler.java:onNext(107)) - Accepting container 10
2025-05-08 12:14:50,142 [39727330-a832-4a1a-a148-c345636681a8-ReplicationContainerReader-6] INFO  replication.SendContainerRequestHandler (SendContainerRequestHandler.java:onNext(107)) - Accepting container 2
2025-05-08 12:14:50,142 [39727330-a832-4a1a-a148-c345636681a8-ReplicationContainerReader-5] INFO  replication.SendContainerRequestHandler (SendContainerRequestHandler.java:onNext(107)) - Accepting container 3
2025-05-08 12:14:50,148 [39727330-a832-4a1a-a148-c345636681a8-ReplicationContainerReader-8] INFO  replication.SendContainerRequestHandler (SendContainerRequestHandler.java:onNext(107)) - Accepting container 1
2025-05-08 12:14:50,184 [ReplicationMonitor] INFO  replication.ReplicationManager (ReplicationManager.java:sendDatanodeCommand(663)) - Sending command [closeContainerCommand: cmdID: 14, encodedToken: "", term: 0, deadlineMsSinceEpoch: 0, containerID: 14, pipelineID: PipelineID=30af3b1a-a629-40eb-b1f1-cf0b59c01792, force: false] for container ContainerInfo{id=#14, state=CLOSED, stateEnterTime=2025-05-08T12:14:49.181754190Z, pipelineID=PipelineID=30af3b1a-a629-40eb-b1f1-cf0b59c01792, owner=omServiceIdDefault} to 317162a0-bd3d-40ad-b205-542abbf35090(localhost/127.0.0.1) with datanode deadline 1746706850184 and scm deadline 1746707210184
2025-05-08 12:14:50,184 [ReplicationMonitor] INFO  replication.ReplicationManager (ReplicationManager.java:sendDatanodeCommand(663)) - Sending command [closeContainerCommand: cmdID: 14, encodedToken: "", term: 0, deadlineMsSinceEpoch: 0, containerID: 14, pipelineID: PipelineID=30af3b1a-a629-40eb-b1f1-cf0b59c01792, force: false] for container ContainerInfo{id=#14, state=CLOSED, stateEnterTime=2025-05-08T12:14:49.181754190Z, pipelineID=PipelineID=30af3b1a-a629-40eb-b1f1-cf0b59c01792, owner=omServiceIdDefault} to 73de0732-aa09-4d2e-8ccf-f79b8b9cbabe(localhost/127.0.0.1) with datanode deadline 1746706850184 and scm deadline 1746707210184
2025-05-08 12:14:50,184 [ReplicationMonitor] INFO  replication.ReplicationManager (ReplicationManager.java:processAll(382)) - Replication Monitor Thread took 2 milliseconds for processing 14 containers.
2025-05-08 12:14:50,255 [73de0732-aa09-4d2e-8ccf-f79b8b9cbabe-ContainerReplicationThread-0] INFO  replication.GrpcOutputStream (GrpcOutputStream.java:close(115)) - Sent 20996096 bytes for container 10
2025-05-08 12:14:50,262 [39727330-a832-4a1a-a148-c345636681a8-ReplicationContainerReader-5] INFO  replication.SendContainerRequestHandler (SendContainerRequestHandler.java:onCompleted(146)) - Container 10 is downloaded with size 20996096, starting to import.
2025-05-08 12:14:50,295 [317162a0-bd3d-40ad-b205-542abbf35090-ContainerReplicationThread-1] INFO  replication.GrpcOutputStream (GrpcOutputStream.java:close(115)) - Sent 18897408 bytes for container 3
2025-05-08 12:14:50,296 [39727330-a832-4a1a-a148-c345636681a8-ReplicationContainerReader-9] INFO  replication.SendContainerRequestHandler (SendContainerRequestHandler.java:onCompleted(146)) - Container 3 is downloaded with size 18897408, starting to import.
2025-05-08 12:14:50,392 [317162a0-bd3d-40ad-b205-542abbf35090-ContainerReplicationThread-0] INFO  replication.GrpcOutputStream (GrpcOutputStream.java:close(115)) - Sent 27811328 bytes for container 1
2025-05-08 12:14:50,394 [39727330-a832-4a1a-a148-c345636681a8-ReplicationContainerReader-3] INFO  replication.SendContainerRequestHandler (SendContainerRequestHandler.java:onCompleted(146)) - Container 1 is downloaded with size 27811328, starting to import.
2025-05-08 12:14:50,459 [39727330-a832-4a1a-a148-c345636681a8-ReplicationContainerReader-9] INFO  replication.SendContainerRequestHandler (SendContainerRequestHandler.java:onCompleted(152)) - Container 3 is replicated successfully
2025-05-08 12:14:50,461 [39727330-a832-4a1a-a148-c345636681a8-ReplicationContainerReader-5] INFO  replication.SendContainerRequestHandler (SendContainerRequestHandler.java:onCompleted(152)) - Container 10 is replicated successfully
2025-05-08 12:14:50,467 [grpc-default-executor-0] INFO  replication.GrpcContainerUploader (GrpcContainerUploader.java:onCompleted(131)) - Finished uploading container 10 to 39727330-a832-4a1a-a148-c345636681a8(localhost/127.0.0.1)
2025-05-08 12:14:50,467 [73de0732-aa09-4d2e-8ccf-f79b8b9cbabe-ContainerReplicationThread-0] INFO  replication.ReplicationSupervisor (ReplicationSupervisor.java:run(416)) - Successful DONE replicateContainerCommand: cmdID: 1746706435010, encodedToken: "", term: 2, deadlineMsSinceEpoch: 1746706848070, containerId=10, replicaIndex=0, targetNode=39727330-a832-4a1a-a148-c345636681a8(localhost/127.0.0.1), priority=NORMAL, transferred 20996096 bytes
2025-05-08 12:14:50,468 [grpc-default-executor-0] INFO  replication.GrpcContainerUploader (GrpcContainerUploader.java:onCompleted(131)) - Finished uploading container 3 to 39727330-a832-4a1a-a148-c345636681a8(localhost/127.0.0.1)
2025-05-08 12:14:50,468 [317162a0-bd3d-40ad-b205-542abbf35090-ContainerReplicationThread-1] INFO  replication.ReplicationSupervisor (ReplicationSupervisor.java:run(416)) - Successful DONE replicateContainerCommand: cmdID: 1746706435011, encodedToken: "", term: 2, deadlineMsSinceEpoch: 1746706848078, containerId=3, replicaIndex=0, targetNode=39727330-a832-4a1a-a148-c345636681a8(localhost/127.0.0.1), priority=NORMAL, transferred 18897408 bytes
2025-05-08 12:14:50,497 [73de0732-aa09-4d2e-8ccf-f79b8b9cbabe-ContainerReplicationThread-1] INFO  replication.GrpcOutputStream (GrpcOutputStream.java:close(115)) - Sent 36200448 bytes for container 2
2025-05-08 12:14:50,499 [39727330-a832-4a1a-a148-c345636681a8-ReplicationContainerReader-1] INFO  replication.SendContainerRequestHandler (SendContainerRequestHandler.java:onCompleted(146)) - Container 2 is downloaded with size 36200448, starting to import.
2025-05-08 12:14:50,518 [39727330-a832-4a1a-a148-c345636681a8-ReplicationContainerReader-3] INFO  replication.SendContainerRequestHandler (SendContainerRequestHandler.java:onCompleted(152)) - Container 1 is replicated successfully
2025-05-08 12:14:50,519 [grpc-default-executor-0] INFO  replication.GrpcContainerUploader (GrpcContainerUploader.java:onCompleted(131)) - Finished uploading container 1 to 39727330-a832-4a1a-a148-c345636681a8(localhost/127.0.0.1)
2025-05-08 12:14:50,520 [317162a0-bd3d-40ad-b205-542abbf35090-ContainerReplicationThread-0] INFO  replication.ReplicationSupervisor (ReplicationSupervisor.java:run(416)) - Successful DONE replicateContainerCommand: cmdID: 1746706435009, encodedToken: "", term: 2, deadlineMsSinceEpoch: 1746706848062, containerId=1, replicaIndex=0, targetNode=39727330-a832-4a1a-a148-c345636681a8(localhost/127.0.0.1), priority=NORMAL, transferred 27811328 bytes
2025-05-08 12:14:50,619 [39727330-a832-4a1a-a148-c345636681a8-ReplicationContainerReader-1] INFO  replication.SendContainerRequestHandler (SendContainerRequestHandler.java:onCompleted(152)) - Container 2 is replicated successfully
2025-05-08 12:14:50,619 [grpc-default-executor-0] INFO  replication.GrpcContainerUploader (GrpcContainerUploader.java:onCompleted(131)) - Finished uploading container 2 to 39727330-a832-4a1a-a148-c345636681a8(localhost/127.0.0.1)
2025-05-08 12:14:50,619 [73de0732-aa09-4d2e-8ccf-f79b8b9cbabe-ContainerReplicationThread-1] INFO  replication.ReplicationSupervisor (ReplicationSupervisor.java:run(416)) - Successful DONE replicateContainerCommand: cmdID: 1746706435012, encodedToken: "", term: 2, deadlineMsSinceEpoch: 1746706848081, containerId=2, replicaIndex=0, targetNode=39727330-a832-4a1a-a148-c345636681a8(localhost/127.0.0.1), priority=NORMAL, transferred 36200448 bytes
2025-05-08 12:14:51,073 [grpc-default-executor-2] INFO  segmented.SegmentedRaftLogWorker (SegmentedRaftLogWorker.java:close(252)) - 317162a0-bd3d-40ad-b205-542abbf35090@group-CF0B59C01792-SegmentedRaftLogWorker close()
2025-05-08 12:14:51,075 [grpc-default-executor-7] INFO  segmented.SegmentedRaftLogWorker (SegmentedRaftLogWorker.java:close(252)) - 73de0732-aa09-4d2e-8ccf-f79b8b9cbabe@group-CF0B59C01792-SegmentedRaftLogWorker close()
2025-05-08 12:14:51,080 [grpc-default-executor-2] INFO  keyvalue.KeyValueContainer (KeyValueContainer.java:flushAndSyncDB(511)) - Synced container: KeyValueContainerData #14 (CLOSING, non-empty, ri=0, origin=[dn_317162a0-bd3d-40ad-b205-542abbf35090, pipeline_30af3b1a-a629-40eb-b1f1-cf0b59c01792])
2025-05-08 12:14:51,080 [grpc-default-executor-2] INFO  keyvalue.KeyValueContainer (KeyValueContainer.java:flushAndSyncDB(511)) - Synced container: KeyValueContainerData #14 (CLOSING, non-empty, ri=0, origin=[dn_317162a0-bd3d-40ad-b205-542abbf35090, pipeline_30af3b1a-a629-40eb-b1f1-cf0b59c01792])
2025-05-08 12:14:51,080 [grpc-default-executor-7] INFO  keyvalue.KeyValueContainer (KeyValueContainer.java:flushAndSyncDB(511)) - Synced container: KeyValueContainerData #14 (CLOSING, non-empty, ri=0, origin=[dn_73de0732-aa09-4d2e-8ccf-f79b8b9cbabe, pipeline_30af3b1a-a629-40eb-b1f1-cf0b59c01792])
2025-05-08 12:14:51,080 [grpc-default-executor-7] INFO  keyvalue.KeyValueContainer (KeyValueContainer.java:flushAndSyncDB(511)) - Synced container: KeyValueContainerData #14 (CLOSING, non-empty, ri=0, origin=[dn_73de0732-aa09-4d2e-8ccf-f79b8b9cbabe, pipeline_30af3b1a-a629-40eb-b1f1-cf0b59c01792])
2025-05-08 12:14:51,082 [FixedThreadPoolWithAffinityExecutor-9-0] ERROR container.IncrementalContainerReportHandler (AbstractContainerReportHandler.java:updateContainerStats(135)) - Container CLOSED with sequence ID lower than a replica: Container #14 (CLOSED, sid=0) r0 (CLOSING, bcsid=474, origin=73de0732-aa09-4d2e-8ccf-f79b8b9cbabe, non-empty) from dn 73de0732-aa09-4d2e-8ccf-f79b8b9cbabe(localhost/127.0.0.1), proto=containerID: 14 state: CLOSING used: 2097152 keyCount: 1 readCount: 0 writeCount: 2 readBytes: 0 writeBytes: 2097152 deleteTransactionId: 0 blockCommitSequenceId: 474 originNodeId: "73de0732-aa09-4d2e-8ccf-f79b8b9cbabe" replicaIndex: 0 isEmpty: false
2025-05-08 12:14:51,082 [FixedThreadPoolWithAffinityExecutor-1-0] ERROR container.IncrementalContainerReportHandler (AbstractContainerReportHandler.java:updateContainerStats(135)) - Container CLOSED with sequence ID lower than a replica: Container #14 (CLOSED, sid=0) r0 (CLOSING, bcsid=474, origin=317162a0-bd3d-40ad-b205-542abbf35090, non-empty) from dn 317162a0-bd3d-40ad-b205-542abbf35090(localhost/127.0.0.1), proto=containerID: 14 state: CLOSING used: 2097152 keyCount: 1 readCount: 0 writeCount: 2 readBytes: 0 writeBytes: 2097152 deleteTransactionId: 0 blockCommitSequenceId: 474 originNodeId: "317162a0-bd3d-40ad-b205-542abbf35090" replicaIndex: 0 isEmpty: false
2025-05-08 12:14:51,086 [grpc-default-executor-7] INFO  server.RaftServer$Division (RaftServerImpl.java:groupRemove(483)) - 73de0732-aa09-4d2e-8ccf-f79b8b9cbabe@group-CF0B59C01792: Succeed to remove RaftStorageDirectory Storage Directory /home/runner/work/ozone/ozone/hadoop-ozone/integration-test/target/test-dir/MiniOzoneClusterImpl-efc39a28-6472-4ee4-b6fc-2c7f8ca0458d/ozone-meta/datanode-1/ratis/30af3b1a-a629-40eb-b1f1-cf0b59c01792
2025-05-08 12:14:51,086 [grpc-default-executor-2] INFO  server.RaftServer$Division (RaftServerImpl.java:groupRemove(483)) - 317162a0-bd3d-40ad-b205-542abbf35090@group-CF0B59C01792: Succeed to remove RaftStorageDirectory Storage Directory /home/runner/work/ozone/ozone/hadoop-ozone/integration-test/target/test-dir/MiniOzoneClusterImpl-efc39a28-6472-4ee4-b6fc-2c7f8ca0458d/ozone-meta/datanode-2/ratis/30af3b1a-a629-40eb-b1f1-cf0b59c01792
2025-05-08 12:14:51,098 [73de0732-aa09-4d2e-8ccf-f79b8b9cbabe-PipelineCommandHandlerThread-0] WARN  commandhandler.ClosePipelineCommandHandler (ClosePipelineCommandHandler.java:lambda$handle$1(134)) - Failed to remove group group-CF0B59C01792 of pipeline PipelineID=30af3b1a-a629-40eb-b1f1-cf0b59c01792 on peer 7c8f0716-ab75-44b9-b6ec-eb9ccd1caa65
java.io.IOException: org.apache.ratis.thirdparty.io.grpc.StatusRuntimeException: UNAVAILABLE: io exception
	at org.apache.ratis.grpc.GrpcUtil.unwrapException(GrpcUtil.java:99)
	at org.apache.ratis.grpc.client.GrpcClientProtocolClient.blockingCall(GrpcClientProtocolClient.java:226)
	at org.apache.ratis.grpc.client.GrpcClientProtocolClient.groupAdd(GrpcClientProtocolClient.java:173)
	at org.apache.ratis.grpc.client.GrpcClientRpc.sendRequest(GrpcClientRpc.java:98)
	at org.apache.ratis.client.impl.BlockingImpl.sendRequest(BlockingImpl.java:147)
	at org.apache.ratis.client.impl.BlockingImpl.sendRequestWithRetry(BlockingImpl.java:109)
	at org.apache.ratis.client.impl.GroupManagementImpl.remove(GroupManagementImpl.java:61)
	at org.apache.hadoop.ozone.container.common.statemachine.commandhandler.ClosePipelineCommandHandler.lambda$handle$1(ClosePipelineCommandHandler.java:126)
	at java.base/java.util.stream.ForEachOps$ForEachOp$OfRef.accept(ForEachOps.java:184)
	at java.base/java.util.stream.ReferencePipeline$2$1.accept(ReferencePipeline.java:179)
	at java.base/java.util.HashMap$ValueSpliterator.forEachRemaining(HashMap.java:1787)
	at java.base/java.util.stream.AbstractPipeline.copyInto(AbstractPipeline.java:509)
	at java.base/java.util.stream.AbstractPipeline.wrapAndCopyInto(AbstractPipeline.java:499)
	at java.base/java.util.stream.ForEachOps$ForEachOp.evaluateSequential(ForEachOps.java:151)
	at java.base/java.util.stream.ForEachOps$ForEachOp$OfRef.evaluateSequential(ForEachOps.java:174)
	at java.base/java.util.stream.AbstractPipeline.evaluate(AbstractPipeline.java:234)
	at java.base/java.util.stream.ReferencePipeline.forEach(ReferencePipeline.java:596)
	at org.apache.hadoop.ozone.container.common.statemachine.commandhandler.ClosePipelineCommandHandler.lambda$handle$2(ClosePipelineCommandHandler.java:123)
	at java.base/java.util.concurrent.CompletableFuture$AsyncRun.run(CompletableFuture.java:1804)
	at java.base/java.util.concurrent.ThreadPoolExecutor.runWorker(ThreadPoolExecutor.java:1144)
	at java.base/java.util.concurrent.ThreadPoolExecutor$Worker.run(ThreadPoolExecutor.java:642)
	at java.base/java.lang.Thread.run(Thread.java:1583)
Caused by: org.apache.ratis.thirdparty.io.grpc.StatusRuntimeException: UNAVAILABLE: io exception
	at org.apache.ratis.thirdparty.io.grpc.stub.ClientCalls.toStatusRuntimeException(ClientCalls.java:268)
	at org.apache.ratis.thirdparty.io.grpc.stub.ClientCalls.getUnchecked(ClientCalls.java:249)
	at org.apache.ratis.thirdparty.io.grpc.stub.ClientCalls.blockingUnaryCall(ClientCalls.java:167)
	at org.apache.ratis.proto.grpc.AdminProtocolServiceGrpc$AdminProtocolServiceBlockingStub.groupManagement(AdminProtocolServiceGrpc.java:468)
	at org.apache.ratis.grpc.client.GrpcClientProtocolClient.lambda$groupAdd$6(GrpcClientProtocolClient.java:175)
	at org.apache.ratis.grpc.client.GrpcClientProtocolClient.blockingCall(GrpcClientProtocolClient.java:224)
	... 20 more
Caused by: org.apache.ratis.thirdparty.io.netty.channel.AbstractChannel$AnnotatedConnectException: finishConnect(..) failed: Connection refused: /127.0.0.1:15030
Caused by: java.net.ConnectException: finishConnect(..) failed: Connection refused
	at org.apache.ratis.thirdparty.io.netty.channel.unix.Errors.newConnectException0(Errors.java:166)
	at org.apache.ratis.thirdparty.io.netty.channel.unix.Errors.handleConnectErrno(Errors.java:131)
	at org.apache.ratis.thirdparty.io.netty.channel.unix.Socket.finishConnect(Socket.java:359)
	at org.apache.ratis.thirdparty.io.netty.channel.epoll.AbstractEpollChannel$AbstractEpollUnsafe.doFinishConnect(AbstractEpollChannel.java:715)
	at org.apache.ratis.thirdparty.io.netty.channel.epoll.AbstractEpollChannel$AbstractEpollUnsafe.finishConnect(AbstractEpollChannel.java:692)
	at org.apache.ratis.thirdparty.io.netty.channel.epoll.AbstractEpollChannel$AbstractEpollUnsafe.epollOutReady(AbstractEpollChannel.java:567)
	at org.apache.ratis.thirdparty.io.netty.channel.epoll.EpollEventLoop.processReady(EpollEventLoop.java:491)
	at org.apache.ratis.thirdparty.io.netty.channel.epoll.EpollEventLoop.run(EpollEventLoop.java:399)
	at org.apache.ratis.thirdparty.io.netty.util.concurrent.SingleThreadEventExecutor$4.run(SingleThreadEventExecutor.java:997)
	at org.apache.ratis.thirdparty.io.netty.util.internal.ThreadExecutorMap$2.run(ThreadExecutorMap.java:74)
	at org.apache.ratis.thirdparty.io.netty.util.concurrent.FastThreadLocalRunnable.run(FastThreadLocalRunnable.java:30)
	at java.base/java.lang.Thread.run(Thread.java:1583)
2025-05-08 12:14:51,098 [317162a0-bd3d-40ad-b205-542abbf35090-PipelineCommandHandlerThread-0] WARN  commandhandler.ClosePipelineCommandHandler (ClosePipelineCommandHandler.java:lambda$handle$1(134)) - Failed to remove group group-CF0B59C01792 of pipeline PipelineID=30af3b1a-a629-40eb-b1f1-cf0b59c01792 on peer 7c8f0716-ab75-44b9-b6ec-eb9ccd1caa65
java.io.IOException: org.apache.ratis.thirdparty.io.grpc.StatusRuntimeException: UNAVAILABLE: io exception
	at org.apache.ratis.grpc.GrpcUtil.unwrapException(GrpcUtil.java:99)
	at org.apache.ratis.grpc.client.GrpcClientProtocolClient.blockingCall(GrpcClientProtocolClient.java:226)
	at org.apache.ratis.grpc.client.GrpcClientProtocolClient.groupAdd(GrpcClientProtocolClient.java:173)
	at org.apache.ratis.grpc.client.GrpcClientRpc.sendRequest(GrpcClientRpc.java:98)
	at org.apache.ratis.client.impl.BlockingImpl.sendRequest(BlockingImpl.java:147)
	at org.apache.ratis.client.impl.BlockingImpl.sendRequestWithRetry(BlockingImpl.java:109)
	at org.apache.ratis.client.impl.GroupManagementImpl.remove(GroupManagementImpl.java:61)
	at org.apache.hadoop.ozone.container.common.statemachine.commandhandler.ClosePipelineCommandHandler.lambda$handle$1(ClosePipelineCommandHandler.java:126)
	at java.base/java.util.stream.ForEachOps$ForEachOp$OfRef.accept(ForEachOps.java:184)
	at java.base/java.util.stream.ReferencePipeline$2$1.accept(ReferencePipeline.java:179)
	at java.base/java.util.HashMap$ValueSpliterator.forEachRemaining(HashMap.java:1787)
	at java.base/java.util.stream.AbstractPipeline.copyInto(AbstractPipeline.java:509)
	at java.base/java.util.stream.AbstractPipeline.wrapAndCopyInto(AbstractPipeline.java:499)
	at java.base/java.util.stream.ForEachOps$ForEachOp.evaluateSequential(ForEachOps.java:151)
	at java.base/java.util.stream.ForEachOps$ForEachOp$OfRef.evaluateSequential(ForEachOps.java:174)
	at java.base/java.util.stream.AbstractPipeline.evaluate(AbstractPipeline.java:234)
	at java.base/java.util.stream.ReferencePipeline.forEach(ReferencePipeline.java:596)
	at org.apache.hadoop.ozone.container.common.statemachine.commandhandler.ClosePipelineCommandHandler.lambda$handle$2(ClosePipelineCommandHandler.java:123)
	at java.base/java.util.concurrent.CompletableFuture$AsyncRun.run(CompletableFuture.java:1804)
	at java.base/java.util.concurrent.ThreadPoolExecutor.runWorker(ThreadPoolExecutor.java:1144)
	at java.base/java.util.concurrent.ThreadPoolExecutor$Worker.run(ThreadPoolExecutor.java:642)
	at java.base/java.lang.Thread.run(Thread.java:1583)
Caused by: org.apache.ratis.thirdparty.io.grpc.StatusRuntimeException: UNAVAILABLE: io exception
	at org.apache.ratis.thirdparty.io.grpc.stub.ClientCalls.toStatusRuntimeException(ClientCalls.java:268)
	at org.apache.ratis.thirdparty.io.grpc.stub.ClientCalls.getUnchecked(ClientCalls.java:249)
	at org.apache.ratis.thirdparty.io.grpc.stub.ClientCalls.blockingUnaryCall(ClientCalls.java:167)
	at org.apache.ratis.proto.grpc.AdminProtocolServiceGrpc$AdminProtocolServiceBlockingStub.groupManagement(AdminProtocolServiceGrpc.java:468)
	at org.apache.ratis.grpc.client.GrpcClientProtocolClient.lambda$groupAdd$6(GrpcClientProtocolClient.java:175)
	at org.apache.ratis.grpc.client.GrpcClientProtocolClient.blockingCall(GrpcClientProtocolClient.java:224)
	... 20 more
Caused by: org.apache.ratis.thirdparty.io.netty.channel.AbstractChannel$AnnotatedConnectException: finishConnect(..) failed: Connection refused: /127.0.0.1:15030
Caused by: java.net.ConnectException: finishConnect(..) failed: Connection refused
	at org.apache.ratis.thirdparty.io.netty.channel.unix.Errors.newConnectException0(Errors.java:166)
	at org.apache.ratis.thirdparty.io.netty.channel.unix.Errors.handleConnectErrno(Errors.java:131)
	at org.apache.ratis.thirdparty.io.netty.channel.unix.Socket.finishConnect(Socket.java:359)
	at org.apache.ratis.thirdparty.io.netty.channel.epoll.AbstractEpollChannel$AbstractEpollUnsafe.doFinishConnect(AbstractEpollChannel.java:715)
	at org.apache.ratis.thirdparty.io.netty.channel.epoll.AbstractEpollChannel$AbstractEpollUnsafe.finishConnect(AbstractEpollChannel.java:692)
	at org.apache.ratis.thirdparty.io.netty.channel.epoll.AbstractEpollChannel$AbstractEpollUnsafe.epollOutReady(AbstractEpollChannel.java:567)
	at org.apache.ratis.thirdparty.io.netty.channel.epoll.EpollEventLoop.processReady(EpollEventLoop.java:491)
	at org.apache.ratis.thirdparty.io.netty.channel.epoll.EpollEventLoop.run(EpollEventLoop.java:399)
	at org.apache.ratis.thirdparty.io.netty.util.concurrent.SingleThreadEventExecutor$4.run(SingleThreadEventExecutor.java:997)
	at org.apache.ratis.thirdparty.io.netty.util.internal.ThreadExecutorMap$2.run(ThreadExecutorMap.java:74)
	at org.apache.ratis.thirdparty.io.netty.util.concurrent.FastThreadLocalRunnable.run(FastThreadLocalRunnable.java:30)
	at java.base/java.lang.Thread.run(Thread.java:1583)
2025-05-08 12:14:51,099 [317162a0-bd3d-40ad-b205-542abbf35090-PipelineCommandHandlerThread-0] WARN  server.RaftServer (RaftServerProxy.java:remove(106)) - 317162a0-bd3d-40ad-b205-542abbf35090: does not contain group: group-CF0B59C01792
2025-05-08 12:14:51,098 [73de0732-aa09-4d2e-8ccf-f79b8b9cbabe-PipelineCommandHandlerThread-0] WARN  server.RaftServer (RaftServerProxy.java:remove(106)) - 73de0732-aa09-4d2e-8ccf-f79b8b9cbabe: does not contain group: group-CF0B59C01792
2025-05-08 12:14:51,186 [ReplicationMonitor] INFO  replication.ReplicationManager (ReplicationManager.java:sendDatanodeCommand(663)) - Sending command [closeContainerCommand: cmdID: 14, encodedToken: "", term: 0, deadlineMsSinceEpoch: 0, containerID: 14, pipelineID: PipelineID=30af3b1a-a629-40eb-b1f1-cf0b59c01792, force: false] for container ContainerInfo{id=#14, state=CLOSED, stateEnterTime=2025-05-08T12:14:49.181754190Z, pipelineID=PipelineID=30af3b1a-a629-40eb-b1f1-cf0b59c01792, owner=omServiceIdDefault} to 317162a0-bd3d-40ad-b205-542abbf35090(localhost/127.0.0.1) with datanode deadline 1746706851185 and scm deadline 1746707211185
2025-05-08 12:14:51,186 [ReplicationMonitor] INFO  replication.ReplicationManager (ReplicationManager.java:sendDatanodeCommand(663)) - Sending command [closeContainerCommand: cmdID: 14, encodedToken: "", term: 0, deadlineMsSinceEpoch: 0, containerID: 14, pipelineID: PipelineID=30af3b1a-a629-40eb-b1f1-cf0b59c01792, force: false] for container ContainerInfo{id=#14, state=CLOSED, stateEnterTime=2025-05-08T12:14:49.181754190Z, pipelineID=PipelineID=30af3b1a-a629-40eb-b1f1-cf0b59c01792, owner=omServiceIdDefault} to 73de0732-aa09-4d2e-8ccf-f79b8b9cbabe(localhost/127.0.0.1) with datanode deadline 1746706851186 and scm deadline 1746707211186
2025-05-08 12:14:51,186 [ReplicationMonitor] INFO  replication.ReplicationManager (ReplicationManager.java:processAll(382)) - Replication Monitor Thread took 2 milliseconds for processing 14 containers.
2025-05-08 12:14:52,187 [ReplicationMonitor] INFO  replication.ReplicationManager (ReplicationManager.java:sendDatanodeCommand(663)) - Sending command [closeContainerCommand: cmdID: 14, encodedToken: "", term: 0, deadlineMsSinceEpoch: 0, containerID: 14, pipelineID: PipelineID=30af3b1a-a629-40eb-b1f1-cf0b59c01792, force: false] for container ContainerInfo{id=#14, state=CLOSED, stateEnterTime=2025-05-08T12:14:49.181754190Z, pipelineID=PipelineID=30af3b1a-a629-40eb-b1f1-cf0b59c01792, owner=omServiceIdDefault} to 317162a0-bd3d-40ad-b205-542abbf35090(localhost/127.0.0.1) with datanode deadline 1746706852187 and scm deadline 1746707212187
2025-05-08 12:14:52,188 [ReplicationMonitor] INFO  replication.ReplicationManager (ReplicationManager.java:sendDatanodeCommand(663)) - Sending command [closeContainerCommand: cmdID: 14, encodedToken: "", term: 0, deadlineMsSinceEpoch: 0, containerID: 14, pipelineID: PipelineID=30af3b1a-a629-40eb-b1f1-cf0b59c01792, force: false] for container ContainerInfo{id=#14, state=CLOSED, stateEnterTime=2025-05-08T12:14:49.181754190Z, pipelineID=PipelineID=30af3b1a-a629-40eb-b1f1-cf0b59c01792, owner=omServiceIdDefault} to 73de0732-aa09-4d2e-8ccf-f79b8b9cbabe(localhost/127.0.0.1) with datanode deadline 1746706852188 and scm deadline 1746707212188
2025-05-08 12:14:52,188 [ReplicationMonitor] INFO  replication.ReplicationManager (ReplicationManager.java:processAll(382)) - Replication Monitor Thread took 2 milliseconds for processing 14 containers.
2025-05-08 12:14:53,189 [ReplicationMonitor] INFO  replication.ReplicationManager (ReplicationManager.java:sendDatanodeCommand(663)) - Sending command [closeContainerCommand: cmdID: 14, encodedToken: "", term: 0, deadlineMsSinceEpoch: 0, containerID: 14, pipelineID: PipelineID=30af3b1a-a629-40eb-b1f1-cf0b59c01792, force: false] for container ContainerInfo{id=#14, state=CLOSED, stateEnterTime=2025-05-08T12:14:49.181754190Z, pipelineID=PipelineID=30af3b1a-a629-40eb-b1f1-cf0b59c01792, owner=omServiceIdDefault} to 317162a0-bd3d-40ad-b205-542abbf35090(localhost/127.0.0.1) with datanode deadline 1746706853189 and scm deadline 1746707213189
2025-05-08 12:14:53,189 [ReplicationMonitor] INFO  replication.ReplicationManager (ReplicationManager.java:sendDatanodeCommand(663)) - Sending command [closeContainerCommand: cmdID: 14, encodedToken: "", term: 0, deadlineMsSinceEpoch: 0, containerID: 14, pipelineID: PipelineID=30af3b1a-a629-40eb-b1f1-cf0b59c01792, force: false] for container ContainerInfo{id=#14, state=CLOSED, stateEnterTime=2025-05-08T12:14:49.181754190Z, pipelineID=PipelineID=30af3b1a-a629-40eb-b1f1-cf0b59c01792, owner=omServiceIdDefault} to 73de0732-aa09-4d2e-8ccf-f79b8b9cbabe(localhost/127.0.0.1) with datanode deadline 1746706853189 and scm deadline 1746707213189
2025-05-08 12:14:53,190 [ReplicationMonitor] INFO  replication.ReplicationManager (ReplicationManager.java:processAll(382)) - Replication Monitor Thread took 2 milliseconds for processing 14 containers.
2025-05-08 12:14:54,191 [ReplicationMonitor] INFO  replication.ReplicationManager (ReplicationManager.java:sendDatanodeCommand(663)) - Sending command [closeContainerCommand: cmdID: 14, encodedToken: "", term: 0, deadlineMsSinceEpoch: 0, containerID: 14, pipelineID: PipelineID=30af3b1a-a629-40eb-b1f1-cf0b59c01792, force: false] for container ContainerInfo{id=#14, state=CLOSED, stateEnterTime=2025-05-08T12:14:49.181754190Z, pipelineID=PipelineID=30af3b1a-a629-40eb-b1f1-cf0b59c01792, owner=omServiceIdDefault} to 317162a0-bd3d-40ad-b205-542abbf35090(localhost/127.0.0.1) with datanode deadline 1746706854191 and scm deadline 1746707214191
2025-05-08 12:14:54,191 [ReplicationMonitor] INFO  replication.ReplicationManager (ReplicationManager.java:sendDatanodeCommand(663)) - Sending command [closeContainerCommand: cmdID: 14, encodedToken: "", term: 0, deadlineMsSinceEpoch: 0, containerID: 14, pipelineID: PipelineID=30af3b1a-a629-40eb-b1f1-cf0b59c01792, force: false] for container ContainerInfo{id=#14, state=CLOSED, stateEnterTime=2025-05-08T12:14:49.181754190Z, pipelineID=PipelineID=30af3b1a-a629-40eb-b1f1-cf0b59c01792, owner=omServiceIdDefault} to 73de0732-aa09-4d2e-8ccf-f79b8b9cbabe(localhost/127.0.0.1) with datanode deadline 1746706854191 and scm deadline 1746707214191
2025-05-08 12:14:54,191 [ReplicationMonitor] INFO  replication.ReplicationManager (ReplicationManager.java:processAll(382)) - Replication Monitor Thread took 1 milliseconds for processing 14 containers.
2025-05-08 12:14:54,616 [73de0732-aa09-4d2e-8ccf-f79b8b9cbabe-BlockDeletingService#0] INFO  interfaces.ContainerDeletionChoosingPolicyTemplate (ContainerDeletionChoosingPolicyTemplate.java:chooseContainerForBlockDeletion(83)) - Chosen 0/5000 blocks from 0 candidate containers.
2025-05-08 12:14:54,718 [ForkJoinPool.commonPool-worker-1] WARN  scm.XceiverClientRatis (XceiverClientRatis.java:lambda$watchForCommit$6(313)) - ALL_COMMITTED way commit failed on pipeline Pipeline{ Id: 30af3b1a-a629-40eb-b1f1-cf0b59c01792, Nodes: [ {7c8f0716-ab75-44b9-b6ec-eb9ccd1caa65(localhost/127.0.0.1), ReplicaIndex: 0}, {73de0732-aa09-4d2e-8ccf-f79b8b9cbabe(localhost/127.0.0.1), ReplicaIndex: 0}, {317162a0-bd3d-40ad-b205-542abbf35090(localhost/127.0.0.1), ReplicaIndex: 0},], ReplicationConfig: RATIS/THREE, State:OPEN, leaderId:7c8f0716-ab75-44b9-b6ec-eb9ccd1caa65, CreationTimestamp2025-05-08T12:13:55.452Z[Etc/UTC]}
java.util.concurrent.CompletionException: org.apache.ratis.protocol.exceptions.RaftRetryFailureException: Failed RaftClientRequest:client-D6BD214FDD90->73de0732-aa09-4d2e-8ccf-f79b8b9cbabe@group-CF0B59C01792, cid=348, seq=null, Watch-ALL_COMMITTED(474), null for 2 attempts with RequestTypeDependentRetryPolicy{WRITE->ExceptionDependentRetry(maxAttempts=2147483647; defaultPolicy=MultipleLinearRandomRetry[5x5s, 5x10s, 5x15s, 5x20s, 5x25s, 10x60s]; map={org.apache.ratis.protocol.exceptions.GroupMismatchException->NoRetry, org.apache.ratis.protocol.exceptions.NotReplicatedException->NoRetry, org.apache.ratis.protocol.exceptions.ResourceUnavailableException->org.apache.ratis.retry.ExponentialBackoffRetry@24eb8000, org.apache.ratis.protocol.exceptions.StateMachineException->NoRetry, org.apache.ratis.protocol.exceptions.TimeoutIOException->org.apache.ratis.retry.ExponentialBackoffRetry@24eb8000}), WATCH->ExceptionDependentRetry(maxAttempts=2147483647; defaultPolicy=MultipleLinearRandomRetry[5x5s, 5x10s, 5x15s, 5x20s, 5x25s, 10x60s]; map={org.apache.ratis.protocol.exceptions.GroupMismatchException->NoRetry, org.apache.ratis.protocol.exceptions.NotReplicatedException->NoRetry, org.apache.ratis.protocol.exceptions.ResourceUnavailableException->org.apache.ratis.retry.ExponentialBackoffRetry@24eb8000, org.apache.ratis.protocol.exceptions.StateMachineException->NoRetry, org.apache.ratis.protocol.exceptions.TimeoutIOException->NoRetry})}
	at java.base/java.util.concurrent.CompletableFuture.encodeThrowable(CompletableFuture.java:332)
	at java.base/java.util.concurrent.CompletableFuture.completeThrowable(CompletableFuture.java:347)
	at java.base/java.util.concurrent.CompletableFuture$UniApply.tryFire(CompletableFuture.java:636)
	at java.base/java.util.concurrent.CompletableFuture.postComplete(CompletableFuture.java:510)
	at java.base/java.util.concurrent.CompletableFuture.completeExceptionally(CompletableFuture.java:2194)
	at org.apache.ratis.client.impl.UnorderedAsync.lambda$sendRequestWithRetry$4(UnorderedAsync.java:102)
	at java.base/java.util.concurrent.CompletableFuture.uniWhenComplete(CompletableFuture.java:863)
	at java.base/java.util.concurrent.CompletableFuture$UniWhenComplete.tryFire(CompletableFuture.java:841)
	at java.base/java.util.concurrent.CompletableFuture$Completion.exec(CompletableFuture.java:483)
	at java.base/java.util.concurrent.ForkJoinTask.doExec(ForkJoinTask.java:387)
	at java.base/java.util.concurrent.ForkJoinPool$WorkQueue.topLevelExec(ForkJoinPool.java:1312)
	at java.base/java.util.concurrent.ForkJoinPool.scan(ForkJoinPool.java:1843)
	at java.base/java.util.concurrent.ForkJoinPool.runWorker(ForkJoinPool.java:1808)
	at java.base/java.util.concurrent.ForkJoinWorkerThread.run(ForkJoinWorkerThread.java:188)
Caused by: org.apache.ratis.protocol.exceptions.RaftRetryFailureException: Failed RaftClientRequest:client-D6BD214FDD90->73de0732-aa09-4d2e-8ccf-f79b8b9cbabe@group-CF0B59C01792, cid=348, seq=null, Watch-ALL_COMMITTED(474), null for 2 attempts with RequestTypeDependentRetryPolicy{WRITE->ExceptionDependentRetry(maxAttempts=2147483647; defaultPolicy=MultipleLinearRandomRetry[5x5s, 5x10s, 5x15s, 5x20s, 5x25s, 10x60s]; map={org.apache.ratis.protocol.exceptions.GroupMismatchException->NoRetry, org.apache.ratis.protocol.exceptions.NotReplicatedException->NoRetry, org.apache.ratis.protocol.exceptions.ResourceUnavailableException->org.apache.ratis.retry.ExponentialBackoffRetry@24eb8000, org.apache.ratis.protocol.exceptions.StateMachineException->NoRetry, org.apache.ratis.protocol.exceptions.TimeoutIOException->org.apache.ratis.retry.ExponentialBackoffRetry@24eb8000}), WATCH->ExceptionDependentRetry(maxAttempts=2147483647; defaultPolicy=MultipleLinearRandomRetry[5x5s, 5x10s, 5x15s, 5x20s, 5x25s, 10x60s]; map={org.apache.ratis.protocol.exceptions.GroupMismatchException->NoRetry, org.apache.ratis.protocol.exceptions.NotReplicatedException->NoRetry, org.apache.ratis.protocol.exceptions.ResourceUnavailableException->org.apache.ratis.retry.ExponentialBackoffRetry@24eb8000, org.apache.ratis.protocol.exceptions.StateMachineException->NoRetry, org.apache.ratis.protocol.exceptions.TimeoutIOException->NoRetry})}
	at org.apache.ratis.client.impl.RaftClientImpl.noMoreRetries(RaftClientImpl.java:352)
	... 9 more
Caused by: org.apache.ratis.protocol.exceptions.GroupMismatchException: 73de0732-aa09-4d2e-8ccf-f79b8b9cbabe: group-CF0B59C01792 not found.
	at org.apache.ratis.server.impl.RaftServerProxy$ImplMap.get(RaftServerProxy.java:155)
	at org.apache.ratis.server.impl.RaftServerProxy.getImplFuture(RaftServerProxy.java:365)
	at org.apache.ratis.server.impl.RaftServerProxy.submitClientRequestAsync(RaftServerProxy.java:449)
	at org.apache.ratis.grpc.server.GrpcClientProtocolService$RequestStreamObserver.processClientRequest(GrpcClientProtocolService.java:226)
	at org.apache.ratis.grpc.server.GrpcClientProtocolService$UnorderedRequestStreamObserver.processClientRequest(GrpcClientProtocolService.java:282)
	at org.apache.ratis.grpc.server.GrpcClientProtocolService$RequestStreamObserver.onNext(GrpcClientProtocolService.java:246)
	at org.apache.ratis.grpc.server.GrpcClientProtocolService$RequestStreamObserver.onNext(GrpcClientProtocolService.java:169)
	at org.apache.ratis.thirdparty.io.grpc.stub.ServerCalls$StreamingServerCallHandler$StreamingServerCallListener.onMessage(ServerCalls.java:262)
	at org.apache.ratis.thirdparty.io.grpc.internal.ServerCallImpl$ServerStreamListenerImpl.messagesAvailableInternal(ServerCallImpl.java:329)
	at org.apache.ratis.thirdparty.io.grpc.internal.ServerCallImpl$ServerStreamListenerImpl.messagesAvailable(ServerCallImpl.java:314)
	at org.apache.ratis.thirdparty.io.grpc.internal.ServerImpl$JumpToApplicationThreadServerStreamListener$1MessagesAvailable.runInContext(ServerImpl.java:833)
	at org.apache.ratis.thirdparty.io.grpc.internal.ContextRunnable.run(ContextRunnable.java:37)
	at org.apache.ratis.thirdparty.io.grpc.internal.SerializingExecutor.run(SerializingExecutor.java:133)
	at java.base/java.util.concurrent.ThreadPoolExecutor.runWorker(ThreadPoolExecutor.java:1144)
	at java.base/java.util.concurrent.ThreadPoolExecutor$Worker.run(ThreadPoolExecutor.java:642)
	at java.base/java.lang.Thread.run(Thread.java:1583)
2025-05-08 12:14:54,719 [main] ERROR storage.BlockOutputStream (BlockOutputStream.java:handleFlush(689)) - Failed to flush. error: Unexpected Storage Container Exception: java.util.concurrent.CompletionException: org.apache.ratis.protocol.exceptions.RaftRetryFailureException: Failed RaftClientRequest:client-D6BD214FDD90->73de0732-aa09-4d2e-8ccf-f79b8b9cbabe@group-CF0B59C01792, cid=348, seq=null, Watch-ALL_COMMITTED(474), null for 2 attempts with RequestTypeDependentRetryPolicy{WRITE->ExceptionDependentRetry(maxAttempts=2147483647; defaultPolicy=MultipleLinearRandomRetry[5x5s, 5x10s, 5x15s, 5x20s, 5x25s, 10x60s]; map={org.apache.ratis.protocol.exceptions.GroupMismatchException->NoRetry, org.apache.ratis.protocol.exceptions.NotReplicatedException->NoRetry, org.apache.ratis.protocol.exceptions.ResourceUnavailableException->org.apache.ratis.retry.ExponentialBackoffRetry@24eb8000, org.apache.ratis.protocol.exceptions.StateMachineException->NoRetry, org.apache.ratis.protocol.exceptions.TimeoutIOException->org.apache.ratis.retry.ExponentialBackoffRetry@24eb8000}), WATCH->ExceptionDependentRetry(maxAttempts=2147483647; defaultPolicy=MultipleLinearRandomRetry[5x5s, 5x10s, 5x15s, 5x20s, 5x25s, 10x60s]; map={org.apache.ratis.protocol.exceptions.GroupMismatchException->NoRetry, org.apache.ratis.protocol.exceptions.NotReplicatedException->NoRetry, org.apache.ratis.protocol.exceptions.ResourceUnavailableException->org.apache.ratis.retry.ExponentialBackoffRetry@24eb8000, org.apache.ratis.protocol.exceptions.StateMachineException->NoRetry, org.apache.ratis.protocol.exceptions.TimeoutIOException->NoRetry})}
java.io.IOException: Unexpected Storage Container Exception: java.util.concurrent.CompletionException: org.apache.ratis.protocol.exceptions.RaftRetryFailureException: Failed RaftClientRequest:client-D6BD214FDD90->73de0732-aa09-4d2e-8ccf-f79b8b9cbabe@group-CF0B59C01792, cid=348, seq=null, Watch-ALL_COMMITTED(474), null for 2 attempts with RequestTypeDependentRetryPolicy{WRITE->ExceptionDependentRetry(maxAttempts=2147483647; defaultPolicy=MultipleLinearRandomRetry[5x5s, 5x10s, 5x15s, 5x20s, 5x25s, 10x60s]; map={org.apache.ratis.protocol.exceptions.GroupMismatchException->NoRetry, org.apache.ratis.protocol.exceptions.NotReplicatedException->NoRetry, org.apache.ratis.protocol.exceptions.ResourceUnavailableException->org.apache.ratis.retry.ExponentialBackoffRetry@24eb8000, org.apache.ratis.protocol.exceptions.StateMachineException->NoRetry, org.apache.ratis.protocol.exceptions.TimeoutIOException->org.apache.ratis.retry.ExponentialBackoffRetry@24eb8000}), WATCH->ExceptionDependentRetry(maxAttempts=2147483647; defaultPolicy=MultipleLinearRandomRetry[5x5s, 5x10s, 5x15s, 5x20s, 5x25s, 10x60s]; map={org.apache.ratis.protocol.exceptions.GroupMismatchException->NoRetry, org.apache.ratis.protocol.exceptions.NotReplicatedException->NoRetry, org.apache.ratis.protocol.exceptions.ResourceUnavailableException->org.apache.ratis.retry.ExponentialBackoffRetry@24eb8000, org.apache.ratis.protocol.exceptions.StateMachineException->NoRetry, org.apache.ratis.protocol.exceptions.TimeoutIOException->NoRetry})}
	at org.apache.hadoop.hdds.scm.storage.BlockOutputStream.setIoException(BlockOutputStream.java:825)
	at org.apache.hadoop.hdds.scm.storage.BlockOutputStream.lambda$watchForCommit$3(BlockOutputStream.java:540)
	at java.base/java.util.concurrent.CompletableFuture.uniExceptionally(CompletableFuture.java:990)
	at java.base/java.util.concurrent.CompletableFuture$UniExceptionally.tryFire(CompletableFuture.java:974)
	at java.base/java.util.concurrent.CompletableFuture.postComplete(CompletableFuture.java:510)
	at java.base/java.util.concurrent.CompletableFuture.completeExceptionally(CompletableFuture.java:2194)
	at org.apache.hadoop.hdds.scm.XceiverClientRatis.lambda$watchForCommit$6(XceiverClientRatis.java:329)
	at java.base/java.util.concurrent.CompletableFuture.uniExceptionally(CompletableFuture.java:990)
	at java.base/java.util.concurrent.CompletableFuture$UniExceptionally.tryFire(CompletableFuture.java:974)
	at java.base/java.util.concurrent.CompletableFuture.postComplete(CompletableFuture.java:510)
	at java.base/java.util.concurrent.CompletableFuture.completeExceptionally(CompletableFuture.java:2194)
	at org.apache.ratis.client.impl.UnorderedAsync.lambda$sendRequestWithRetry$4(UnorderedAsync.java:102)
	at java.base/java.util.concurrent.CompletableFuture.uniWhenComplete(CompletableFuture.java:863)
	at java.base/java.util.concurrent.CompletableFuture$UniWhenComplete.tryFire(CompletableFuture.java:841)
	at java.base/java.util.concurrent.CompletableFuture$Completion.exec(CompletableFuture.java:483)
	at java.base/java.util.concurrent.ForkJoinTask.doExec(ForkJoinTask.java:387)
	at java.base/java.util.concurrent.ForkJoinPool$WorkQueue.topLevelExec(ForkJoinPool.java:1312)
	at java.base/java.util.concurrent.ForkJoinPool.scan(ForkJoinPool.java:1843)
	at java.base/java.util.concurrent.ForkJoinPool.runWorker(ForkJoinPool.java:1808)
	at java.base/java.util.concurrent.ForkJoinWorkerThread.run(ForkJoinWorkerThread.java:188)
Caused by: java.util.concurrent.CompletionException: org.apache.ratis.protocol.exceptions.RaftRetryFailureException: Failed RaftClientRequest:client-D6BD214FDD90->73de0732-aa09-4d2e-8ccf-f79b8b9cbabe@group-CF0B59C01792, cid=348, seq=null, Watch-ALL_COMMITTED(474), null for 2 attempts with RequestTypeDependentRetryPolicy{WRITE->ExceptionDependentRetry(maxAttempts=2147483647; defaultPolicy=MultipleLinearRandomRetry[5x5s, 5x10s, 5x15s, 5x20s, 5x25s, 10x60s]; map={org.apache.ratis.protocol.exceptions.GroupMismatchException->NoRetry, org.apache.ratis.protocol.exceptions.NotReplicatedException->NoRetry, org.apache.ratis.protocol.exceptions.ResourceUnavailableException->org.apache.ratis.retry.ExponentialBackoffRetry@24eb8000, org.apache.ratis.protocol.exceptions.StateMachineException->NoRetry, org.apache.ratis.protocol.exceptions.TimeoutIOException->org.apache.ratis.retry.ExponentialBackoffRetry@24eb8000}), WATCH->ExceptionDependentRetry(maxAttempts=2147483647; defaultPolicy=MultipleLinearRandomRetry[5x5s, 5x10s, 5x15s, 5x20s, 5x25s, 10x60s]; map={org.apache.ratis.protocol.exceptions.GroupMismatchException->NoRetry, org.apache.ratis.protocol.exceptions.NotReplicatedException->NoRetry, org.apache.ratis.protocol.exceptions.ResourceUnavailableException->org.apache.ratis.retry.ExponentialBackoffRetry@24eb8000, org.apache.ratis.protocol.exceptions.StateMachineException->NoRetry, org.apache.ratis.protocol.exceptions.TimeoutIOException->NoRetry})}
	at java.base/java.util.concurrent.CompletableFuture.encodeThrowable(CompletableFuture.java:332)
	at java.base/java.util.concurrent.CompletableFuture.completeThrowable(CompletableFuture.java:347)
	at java.base/java.util.concurrent.CompletableFuture$UniApply.tryFire(CompletableFuture.java:636)
	... 11 more
Caused by: org.apache.ratis.protocol.exceptions.RaftRetryFailureException: Failed RaftClientRequest:client-D6BD214FDD90->73de0732-aa09-4d2e-8ccf-f79b8b9cbabe@group-CF0B59C01792, cid=348, seq=null, Watch-ALL_COMMITTED(474), null for 2 attempts with RequestTypeDependentRetryPolicy{WRITE->ExceptionDependentRetry(maxAttempts=2147483647; defaultPolicy=MultipleLinearRandomRetry[5x5s, 5x10s, 5x15s, 5x20s, 5x25s, 10x60s]; map={org.apache.ratis.protocol.exceptions.GroupMismatchException->NoRetry, org.apache.ratis.protocol.exceptions.NotReplicatedException->NoRetry, org.apache.ratis.protocol.exceptions.ResourceUnavailableException->org.apache.ratis.retry.ExponentialBackoffRetry@24eb8000, org.apache.ratis.protocol.exceptions.StateMachineException->NoRetry, org.apache.ratis.protocol.exceptions.TimeoutIOException->org.apache.ratis.retry.ExponentialBackoffRetry@24eb8000}), WATCH->ExceptionDependentRetry(maxAttempts=2147483647; defaultPolicy=MultipleLinearRandomRetry[5x5s, 5x10s, 5x15s, 5x20s, 5x25s, 10x60s]; map={org.apache.ratis.protocol.exceptions.GroupMismatchException->NoRetry, org.apache.ratis.protocol.exceptions.NotReplicatedException->NoRetry, org.apache.ratis.protocol.exceptions.ResourceUnavailableException->org.apache.ratis.retry.ExponentialBackoffRetry@24eb8000, org.apache.ratis.protocol.exceptions.StateMachineException->NoRetry, org.apache.ratis.protocol.exceptions.TimeoutIOException->NoRetry})}
	at org.apache.ratis.client.impl.RaftClientImpl.noMoreRetries(RaftClientImpl.java:352)
	... 9 more
Caused by: org.apache.ratis.protocol.exceptions.GroupMismatchException: 73de0732-aa09-4d2e-8ccf-f79b8b9cbabe: group-CF0B59C01792 not found.
	at org.apache.ratis.server.impl.RaftServerProxy$ImplMap.get(RaftServerProxy.java:155)
	at org.apache.ratis.server.impl.RaftServerProxy.getImplFuture(RaftServerProxy.java:365)
	at org.apache.ratis.server.impl.RaftServerProxy.submitClientRequestAsync(RaftServerProxy.java:449)
	at org.apache.ratis.grpc.server.GrpcClientProtocolService$RequestStreamObserver.processClientRequest(GrpcClientProtocolService.java:226)
	at org.apache.ratis.grpc.server.GrpcClientProtocolService$UnorderedRequestStreamObserver.processClientRequest(GrpcClientProtocolService.java:282)
	at org.apache.ratis.grpc.server.GrpcClientProtocolService$RequestStreamObserver.onNext(GrpcClientProtocolService.java:246)
	at org.apache.ratis.grpc.server.GrpcClientProtocolService$RequestStreamObserver.onNext(GrpcClientProtocolService.java:169)
	at org.apache.ratis.thirdparty.io.grpc.stub.ServerCalls$StreamingServerCallHandler$StreamingServerCallListener.onMessage(ServerCalls.java:262)
	at org.apache.ratis.thirdparty.io.grpc.internal.ServerCallImpl$ServerStreamListenerImpl.messagesAvailableInternal(ServerCallImpl.java:329)
	at org.apache.ratis.thirdparty.io.grpc.internal.ServerCallImpl$ServerStreamListenerImpl.messagesAvailable(ServerCallImpl.java:314)
	at org.apache.ratis.thirdparty.io.grpc.internal.ServerImpl$JumpToApplicationThreadServerStreamListener$1MessagesAvailable.runInContext(ServerImpl.java:833)
	at org.apache.ratis.thirdparty.io.grpc.internal.ContextRunnable.run(ContextRunnable.java:37)
	at org.apache.ratis.thirdparty.io.grpc.internal.SerializingExecutor.run(SerializingExecutor.java:133)
	at java.base/java.util.concurrent.ThreadPoolExecutor.runWorker(ThreadPoolExecutor.java:1144)
	at java.base/java.util.concurrent.ThreadPoolExecutor$Worker.run(ThreadPoolExecutor.java:642)
	at java.base/java.lang.Thread.run(Thread.java:1583)
2025-05-08 12:14:54,778 [timer6] WARN  server.GrpcLogAppender (LogUtils.java:warn(121)) - 317162a0-bd3d-40ad-b205-542abbf35090@group-CF0B59C01792->7c8f0716-ab75-44b9-b6ec-eb9ccd1caa65-AppendLogResponseHandler: Failed appendEntries (Repeated 23 times in the last 5.000s): org.apache.ratis.thirdparty.io.grpc.StatusRuntimeException: UNAVAILABLE: io exception
2025-05-08 12:14:54,782 [timer2] WARN  server.GrpcLogAppender (GrpcLogAppender.java:lambda$resetClient$1(221)) - 317162a0-bd3d-40ad-b205-542abbf35090@group-CF0B59C01792->7c8f0716-ab75-44b9-b6ec-eb9ccd1caa65-GrpcLogAppender: Follower failed (request=null, errorCount=2); keep nextIndex (469) unchanged and retry. (Repeated 2 times in the last 5.001s)
2025-05-08 12:14:54,783 [timer3] WARN  server.GrpcLogAppender (GrpcLogAppender.java:lambda$resetClient$1(221)) - 317162a0-bd3d-40ad-b205-542abbf35090@group-CF0B59C01792->7c8f0716-ab75-44b9-b6ec-eb9ccd1caa65-GrpcLogAppender: Follower failed (request=null, errorCount=4); keep nextIndex (470) unchanged and retry. (Repeated 2 times in the last 5.001s)
2025-05-08 12:14:54,795 [timer6] WARN  server.GrpcLogAppender (GrpcLogAppender.java:lambda$resetClient$1(221)) - 317162a0-bd3d-40ad-b205-542abbf35090@group-CF0B59C01792->7c8f0716-ab75-44b9-b6ec-eb9ccd1caa65-GrpcLogAppender: Follower failed (request=null, errorCount=6); keep nextIndex (471) unchanged and retry. (Repeated 2 times in the last 5.001s)
2025-05-08 12:14:54,813 [317162a0-bd3d-40ad-b205-542abbf35090-BlockDeletingService#0] INFO  interfaces.ContainerDeletionChoosingPolicyTemplate (ContainerDeletionChoosingPolicyTemplate.java:chooseContainerForBlockDeletion(83)) - Chosen 0/5000 blocks from 0 candidate containers.
2025-05-08 12:14:54,843 [timer7] WARN  server.GrpcLogAppender (GrpcLogAppender.java:lambda$resetClient$1(221)) - 317162a0-bd3d-40ad-b205-542abbf35090@group-CF0B59C01792->7c8f0716-ab75-44b9-b6ec-eb9ccd1caa65-GrpcLogAppender: Follower failed (request=null, errorCount=8); keep nextIndex (472) unchanged and retry. (Repeated 2 times in the last 5.000s)
2025-05-08 12:14:54,845 [timer3] WARN  server.GrpcLogAppender (GrpcLogAppender.java:lambda$resetClient$1(221)) - 317162a0-bd3d-40ad-b205-542abbf35090@group-CF0B59C01792->7c8f0716-ab75-44b9-b6ec-eb9ccd1caa65-GrpcLogAppender: Follower failed (request=null, errorCount=12); keep nextIndex (474) unchanged and retry. (Repeated 3 times in the last 5.000s)
2025-05-08 12:14:54,850 [timer6] WARN  server.GrpcLogAppender (GrpcLogAppender.java:lambda$resetClient$1(221)) - 317162a0-bd3d-40ad-b205-542abbf35090@group-CF0B59C01792->7c8f0716-ab75-44b9-b6ec-eb9ccd1caa65-GrpcLogAppender: Follower failed (request=null, errorCount=14); keep nextIndex (475) unchanged and retry. (Repeated 2 times in the last 5.000s)
2025-05-08 12:14:54,862 [timer2] WARN  server.GrpcLogAppender (GrpcLogAppender.java:lambda$resetClient$1(221)) - 317162a0-bd3d-40ad-b205-542abbf35090@group-CF0B59C01792->7c8f0716-ab75-44b9-b6ec-eb9ccd1caa65-GrpcLogAppender: Follower failed (request=null, errorCount=16); keep nextIndex (477) unchanged and retry. (Repeated 2 times in the last 5.001s)
2025-05-08 12:14:54,864 [timer4] WARN  server.GrpcLogAppender (GrpcLogAppender.java:lambda$resetClient$1(221)) - 317162a0-bd3d-40ad-b205-542abbf35090@group-CF0B59C01792->7c8f0716-ab75-44b9-b6ec-eb9ccd1caa65-GrpcLogAppender: Follower failed (request=null, errorCount=18); keep nextIndex (478) unchanged and retry. (Repeated 2 times in the last 5.000s)
2025-05-08 12:14:55,070 [timer5] WARN  server.GrpcLogAppender (GrpcLogAppender.java:lambda$resetClient$1(221)) - 317162a0-bd3d-40ad-b205-542abbf35090@group-CF0B59C01792->7c8f0716-ab75-44b9-b6ec-eb9ccd1caa65-GrpcLogAppender: Follower failed (request=null, errorCount=20); keep nextIndex (480) unchanged and retry. (Repeated 2 times in the last 5.000s)
2025-05-08 12:14:55,071 [timer6] WARN  server.GrpcLogAppender (GrpcLogAppender.java:lambda$resetClient$1(221)) - 317162a0-bd3d-40ad-b205-542abbf35090@group-CF0B59C01792->7c8f0716-ab75-44b9-b6ec-eb9ccd1caa65-GrpcLogAppender: Follower failed (request=null, errorCount=22); keep nextIndex (481) unchanged and retry. (Repeated 2 times in the last 4.999s)
2025-05-08 12:14:55,192 [ReplicationMonitor] INFO  replication.ReplicationManager (ReplicationManager.java:sendDatanodeCommand(663)) - Sending command [closeContainerCommand: cmdID: 14, encodedToken: "", term: 0, deadlineMsSinceEpoch: 0, containerID: 14, pipelineID: PipelineID=30af3b1a-a629-40eb-b1f1-cf0b59c01792, force: false] for container ContainerInfo{id=#14, state=CLOSED, stateEnterTime=2025-05-08T12:14:49.181754190Z, pipelineID=PipelineID=30af3b1a-a629-40eb-b1f1-cf0b59c01792, owner=omServiceIdDefault} to 317162a0-bd3d-40ad-b205-542abbf35090(localhost/127.0.0.1) with datanode deadline 1746706855192 and scm deadline 1746707215192
2025-05-08 12:14:55,193 [ReplicationMonitor] INFO  replication.ReplicationManager (ReplicationManager.java:sendDatanodeCommand(663)) - Sending command [closeContainerCommand: cmdID: 14, encodedToken: "", term: 0, deadlineMsSinceEpoch: 0, containerID: 14, pipelineID: PipelineID=30af3b1a-a629-40eb-b1f1-cf0b59c01792, force: false] for container ContainerInfo{id=#14, state=CLOSED, stateEnterTime=2025-05-08T12:14:49.181754190Z, pipelineID=PipelineID=30af3b1a-a629-40eb-b1f1-cf0b59c01792, owner=omServiceIdDefault} to 73de0732-aa09-4d2e-8ccf-f79b8b9cbabe(localhost/127.0.0.1) with datanode deadline 1746706855193 and scm deadline 1746707215193
2025-05-08 12:14:55,193 [ReplicationMonitor] INFO  replication.ReplicationManager (ReplicationManager.java:processAll(382)) - Replication Monitor Thread took 2 milliseconds for processing 14 containers.
2025-05-08 12:14:55,235 [2ac133fa-68ef-4921-8bb4-d040b7072d41-BlockDeletingService#0] INFO  interfaces.ContainerDeletionChoosingPolicyTemplate (ContainerDeletionChoosingPolicyTemplate.java:chooseContainerForBlockDeletion(83)) - Chosen 0/5000 blocks from 0 candidate containers.
2025-05-08 12:14:55,516 [39727330-a832-4a1a-a148-c345636681a8-BlockDeletingService#0] INFO  interfaces.ContainerDeletionChoosingPolicyTemplate (ContainerDeletionChoosingPolicyTemplate.java:chooseContainerForBlockDeletion(83)) - Chosen 0/5000 blocks from 0 candidate containers.
2025-05-08 12:14:56,194 [ReplicationMonitor] INFO  replication.ReplicationManager (ReplicationManager.java:sendDatanodeCommand(663)) - Sending command [closeContainerCommand: cmdID: 14, encodedToken: "", term: 0, deadlineMsSinceEpoch: 0, containerID: 14, pipelineID: PipelineID=30af3b1a-a629-40eb-b1f1-cf0b59c01792, force: false] for container ContainerInfo{id=#14, state=CLOSED, stateEnterTime=2025-05-08T12:14:49.181754190Z, pipelineID=PipelineID=30af3b1a-a629-40eb-b1f1-cf0b59c01792, owner=omServiceIdDefault} to 317162a0-bd3d-40ad-b205-542abbf35090(localhost/127.0.0.1) with datanode deadline 1746706856194 and scm deadline 1746707216194
2025-05-08 12:14:56,194 [ReplicationMonitor] INFO  replication.ReplicationManager (ReplicationManager.java:sendDatanodeCommand(663)) - Sending command [closeContainerCommand: cmdID: 14, encodedToken: "", term: 0, deadlineMsSinceEpoch: 0, containerID: 14, pipelineID: PipelineID=30af3b1a-a629-40eb-b1f1-cf0b59c01792, force: false] for container ContainerInfo{id=#14, state=CLOSED, stateEnterTime=2025-05-08T12:14:49.181754190Z, pipelineID=PipelineID=30af3b1a-a629-40eb-b1f1-cf0b59c01792, owner=omServiceIdDefault} to 73de0732-aa09-4d2e-8ccf-f79b8b9cbabe(localhost/127.0.0.1) with datanode deadline 1746706856194 and scm deadline 1746707216194
2025-05-08 12:14:56,194 [ReplicationMonitor] INFO  replication.ReplicationManager (ReplicationManager.java:processAll(382)) - Replication Monitor Thread took 1 milliseconds for processing 14 containers.
2025-05-08 12:14:57,195 [ReplicationMonitor] INFO  replication.ReplicationManager (ReplicationManager.java:sendDatanodeCommand(663)) - Sending command [closeContainerCommand: cmdID: 14, encodedToken: "", term: 0, deadlineMsSinceEpoch: 0, containerID: 14, pipelineID: PipelineID=30af3b1a-a629-40eb-b1f1-cf0b59c01792, force: false] for container ContainerInfo{id=#14, state=CLOSED, stateEnterTime=2025-05-08T12:14:49.181754190Z, pipelineID=PipelineID=30af3b1a-a629-40eb-b1f1-cf0b59c01792, owner=omServiceIdDefault} to 317162a0-bd3d-40ad-b205-542abbf35090(localhost/127.0.0.1) with datanode deadline 1746706857195 and scm deadline 1746707217195
2025-05-08 12:14:57,196 [ReplicationMonitor] INFO  replication.ReplicationManager (ReplicationManager.java:sendDatanodeCommand(663)) - Sending command [closeContainerCommand: cmdID: 14, encodedToken: "", term: 0, deadlineMsSinceEpoch: 0, containerID: 14, pipelineID: PipelineID=30af3b1a-a629-40eb-b1f1-cf0b59c01792, force: false] for container ContainerInfo{id=#14, state=CLOSED, stateEnterTime=2025-05-08T12:14:49.181754190Z, pipelineID=PipelineID=30af3b1a-a629-40eb-b1f1-cf0b59c01792, owner=omServiceIdDefault} to 73de0732-aa09-4d2e-8ccf-f79b8b9cbabe(localhost/127.0.0.1) with datanode deadline 1746706857196 and scm deadline 1746707217196
2025-05-08 12:14:57,196 [ReplicationMonitor] INFO  replication.ReplicationManager (ReplicationManager.java:processAll(382)) - Replication Monitor Thread took 2 milliseconds for processing 14 containers.
2025-05-08 12:14:58,197 [ReplicationMonitor] INFO  replication.ReplicationManager (ReplicationManager.java:sendDatanodeCommand(663)) - Sending command [closeContainerCommand: cmdID: 14, encodedToken: "", term: 0, deadlineMsSinceEpoch: 0, containerID: 14, pipelineID: PipelineID=30af3b1a-a629-40eb-b1f1-cf0b59c01792, force: false] for container ContainerInfo{id=#14, state=CLOSED, stateEnterTime=2025-05-08T12:14:49.181754190Z, pipelineID=PipelineID=30af3b1a-a629-40eb-b1f1-cf0b59c01792, owner=omServiceIdDefault} to 317162a0-bd3d-40ad-b205-542abbf35090(localhost/127.0.0.1) with datanode deadline 1746706858197 and scm deadline 1746707218197
2025-05-08 12:14:58,197 [ReplicationMonitor] INFO  replication.ReplicationManager (ReplicationManager.java:sendDatanodeCommand(663)) - Sending command [closeContainerCommand: cmdID: 14, encodedToken: "", term: 0, deadlineMsSinceEpoch: 0, containerID: 14, pipelineID: PipelineID=30af3b1a-a629-40eb-b1f1-cf0b59c01792, force: false] for container ContainerInfo{id=#14, state=CLOSED, stateEnterTime=2025-05-08T12:14:49.181754190Z, pipelineID=PipelineID=30af3b1a-a629-40eb-b1f1-cf0b59c01792, owner=omServiceIdDefault} to 73de0732-aa09-4d2e-8ccf-f79b8b9cbabe(localhost/127.0.0.1) with datanode deadline 1746706858197 and scm deadline 1746707218197
2025-05-08 12:14:58,197 [ReplicationMonitor] INFO  replication.ReplicationManager (ReplicationManager.java:processAll(382)) - Replication Monitor Thread took 1 milliseconds for processing 14 containers.
2025-05-08 12:14:59,199 [ReplicationMonitor] INFO  replication.ReplicationManager (ReplicationManager.java:sendDatanodeCommand(663)) - Sending command [closeContainerCommand: cmdID: 14, encodedToken: "", term: 0, deadlineMsSinceEpoch: 0, containerID: 14, pipelineID: PipelineID=30af3b1a-a629-40eb-b1f1-cf0b59c01792, force: false] for container ContainerInfo{id=#14, state=CLOSED, stateEnterTime=2025-05-08T12:14:49.181754190Z, pipelineID=PipelineID=30af3b1a-a629-40eb-b1f1-cf0b59c01792, owner=omServiceIdDefault} to 317162a0-bd3d-40ad-b205-542abbf35090(localhost/127.0.0.1) with datanode deadline 1746706859199 and scm deadline 1746707219199
2025-05-08 12:14:59,199 [ReplicationMonitor] INFO  replication.ReplicationManager (ReplicationManager.java:sendDatanodeCommand(663)) - Sending command [closeContainerCommand: cmdID: 14, encodedToken: "", term: 0, deadlineMsSinceEpoch: 0, containerID: 14, pipelineID: PipelineID=30af3b1a-a629-40eb-b1f1-cf0b59c01792, force: false] for container ContainerInfo{id=#14, state=CLOSED, stateEnterTime=2025-05-08T12:14:49.181754190Z, pipelineID=PipelineID=30af3b1a-a629-40eb-b1f1-cf0b59c01792, owner=omServiceIdDefault} to 73de0732-aa09-4d2e-8ccf-f79b8b9cbabe(localhost/127.0.0.1) with datanode deadline 1746706859199 and scm deadline 1746707219199
2025-05-08 12:14:59,199 [ReplicationMonitor] INFO  replication.ReplicationManager (ReplicationManager.java:processAll(382)) - Replication Monitor Thread took 2 milliseconds for processing 14 containers.
2025-05-08 12:15:00,200 [ReplicationMonitor] INFO  replication.ReplicationManager (ReplicationManager.java:sendDatanodeCommand(663)) - Sending command [closeContainerCommand: cmdID: 14, encodedToken: "", term: 0, deadlineMsSinceEpoch: 0, containerID: 14, pipelineID: PipelineID=30af3b1a-a629-40eb-b1f1-cf0b59c01792, force: false] for container ContainerInfo{id=#14, state=CLOSED, stateEnterTime=2025-05-08T12:14:49.181754190Z, pipelineID=PipelineID=30af3b1a-a629-40eb-b1f1-cf0b59c01792, owner=omServiceIdDefault} to 317162a0-bd3d-40ad-b205-542abbf35090(localhost/127.0.0.1) with datanode deadline 1746706860200 and scm deadline 1746707220200
2025-05-08 12:15:00,200 [ReplicationMonitor] INFO  replication.ReplicationManager (ReplicationManager.java:sendDatanodeCommand(663)) - Sending command [closeContainerCommand: cmdID: 14, encodedToken: "", term: 0, deadlineMsSinceEpoch: 0, containerID: 14, pipelineID: PipelineID=30af3b1a-a629-40eb-b1f1-cf0b59c01792, force: false] for container ContainerInfo{id=#14, state=CLOSED, stateEnterTime=2025-05-08T12:14:49.181754190Z, pipelineID=PipelineID=30af3b1a-a629-40eb-b1f1-cf0b59c01792, owner=omServiceIdDefault} to 73de0732-aa09-4d2e-8ccf-f79b8b9cbabe(localhost/127.0.0.1) with datanode deadline 1746706860200 and scm deadline 1746707220200
2025-05-08 12:15:00,201 [ReplicationMonitor] INFO  replication.ReplicationManager (ReplicationManager.java:processAll(382)) - Replication Monitor Thread took 2 milliseconds for processing 14 containers.
2025-05-08 12:15:00,286 [ForkJoinPool.commonPool-worker-1] WARN  scm.XceiverClientRatis (XceiverClientRatis.java:lambda$watchForCommit$6(313)) - ALL_COMMITTED way commit failed on pipeline Pipeline{ Id: 30af3b1a-a629-40eb-b1f1-cf0b59c01792, Nodes: [ {7c8f0716-ab75-44b9-b6ec-eb9ccd1caa65(localhost/127.0.0.1), ReplicaIndex: 0}, {73de0732-aa09-4d2e-8ccf-f79b8b9cbabe(localhost/127.0.0.1), ReplicaIndex: 0}, {317162a0-bd3d-40ad-b205-542abbf35090(localhost/127.0.0.1), ReplicaIndex: 0},], ReplicationConfig: RATIS/THREE, State:OPEN, leaderId:7c8f0716-ab75-44b9-b6ec-eb9ccd1caa65, CreationTimestamp2025-05-08T12:13:55.452Z[Etc/UTC]}
java.util.concurrent.CompletionException: org.apache.ratis.protocol.exceptions.RaftRetryFailureException: Failed RaftClientRequest:client-D6BD214FDD90->317162a0-bd3d-40ad-b205-542abbf35090@group-CF0B59C01792, cid=347, seq=null, Watch-ALL_COMMITTED(473), null for 3 attempts with RequestTypeDependentRetryPolicy{WRITE->ExceptionDependentRetry(maxAttempts=2147483647; defaultPolicy=MultipleLinearRandomRetry[5x5s, 5x10s, 5x15s, 5x20s, 5x25s, 10x60s]; map={org.apache.ratis.protocol.exceptions.GroupMismatchException->NoRetry, org.apache.ratis.protocol.exceptions.NotReplicatedException->NoRetry, org.apache.ratis.protocol.exceptions.ResourceUnavailableException->org.apache.ratis.retry.ExponentialBackoffRetry@24eb8000, org.apache.ratis.protocol.exceptions.StateMachineException->NoRetry, org.apache.ratis.protocol.exceptions.TimeoutIOException->org.apache.ratis.retry.ExponentialBackoffRetry@24eb8000}), WATCH->ExceptionDependentRetry(maxAttempts=2147483647; defaultPolicy=MultipleLinearRandomRetry[5x5s, 5x10s, 5x15s, 5x20s, 5x25s, 10x60s]; map={org.apache.ratis.protocol.exceptions.GroupMismatchException->NoRetry, org.apache.ratis.protocol.exceptions.NotReplicatedException->NoRetry, org.apache.ratis.protocol.exceptions.ResourceUnavailableException->org.apache.ratis.retry.ExponentialBackoffRetry@24eb8000, org.apache.ratis.protocol.exceptions.StateMachineException->NoRetry, org.apache.ratis.protocol.exceptions.TimeoutIOException->NoRetry})}
	at java.base/java.util.concurrent.CompletableFuture.encodeThrowable(CompletableFuture.java:332)
	at java.base/java.util.concurrent.CompletableFuture.completeThrowable(CompletableFuture.java:347)
	at java.base/java.util.concurrent.CompletableFuture$UniApply.tryFire(CompletableFuture.java:636)
	at java.base/java.util.concurrent.CompletableFuture.postComplete(CompletableFuture.java:510)
	at java.base/java.util.concurrent.CompletableFuture.completeExceptionally(CompletableFuture.java:2194)
	at org.apache.ratis.client.impl.UnorderedAsync.lambda$sendRequestWithRetry$4(UnorderedAsync.java:102)
	at java.base/java.util.concurrent.CompletableFuture.uniWhenComplete(CompletableFuture.java:863)
	at java.base/java.util.concurrent.CompletableFuture$UniWhenComplete.tryFire(CompletableFuture.java:841)
	at java.base/java.util.concurrent.CompletableFuture$Completion.exec(CompletableFuture.java:483)
	at java.base/java.util.concurrent.ForkJoinTask.doExec(ForkJoinTask.java:387)
	at java.base/java.util.concurrent.ForkJoinPool$WorkQueue.topLevelExec(ForkJoinPool.java:1312)
	at java.base/java.util.concurrent.ForkJoinPool.scan(ForkJoinPool.java:1843)
	at java.base/java.util.concurrent.ForkJoinPool.runWorker(ForkJoinPool.java:1808)
	at java.base/java.util.concurrent.ForkJoinWorkerThread.run(ForkJoinWorkerThread.java:188)
Caused by: org.apache.ratis.protocol.exceptions.RaftRetryFailureException: Failed RaftClientRequest:client-D6BD214FDD90->317162a0-bd3d-40ad-b205-542abbf35090@group-CF0B59C01792, cid=347, seq=null, Watch-ALL_COMMITTED(473), null for 3 attempts with RequestTypeDependentRetryPolicy{WRITE->ExceptionDependentRetry(maxAttempts=2147483647; defaultPolicy=MultipleLinearRandomRetry[5x5s, 5x10s, 5x15s, 5x20s, 5x25s, 10x60s]; map={org.apache.ratis.protocol.exceptions.GroupMismatchException->NoRetry, org.apache.ratis.protocol.exceptions.NotReplicatedException->NoRetry, org.apache.ratis.protocol.exceptions.ResourceUnavailableException->org.apache.ratis.retry.ExponentialBackoffRetry@24eb8000, org.apache.ratis.protocol.exceptions.StateMachineException->NoRetry, org.apache.ratis.protocol.exceptions.TimeoutIOException->org.apache.ratis.retry.ExponentialBackoffRetry@24eb8000}), WATCH->ExceptionDependentRetry(maxAttempts=2147483647; defaultPolicy=MultipleLinearRandomRetry[5x5s, 5x10s, 5x15s, 5x20s, 5x25s, 10x60s]; map={org.apache.ratis.protocol.exceptions.GroupMismatchException->NoRetry, org.apache.ratis.protocol.exceptions.NotReplicatedException->NoRetry, org.apache.ratis.protocol.exceptions.ResourceUnavailableException->org.apache.ratis.retry.ExponentialBackoffRetry@24eb8000, org.apache.ratis.protocol.exceptions.StateMachineException->NoRetry, org.apache.ratis.protocol.exceptions.TimeoutIOException->NoRetry})}
	at org.apache.ratis.client.impl.RaftClientImpl.noMoreRetries(RaftClientImpl.java:352)
	... 9 more
Caused by: org.apache.ratis.protocol.exceptions.GroupMismatchException: 317162a0-bd3d-40ad-b205-542abbf35090: group-CF0B59C01792 not found.
	at org.apache.ratis.server.impl.RaftServerProxy$ImplMap.get(RaftServerProxy.java:155)
	at org.apache.ratis.server.impl.RaftServerProxy.getImplFuture(RaftServerProxy.java:365)
	at org.apache.ratis.server.impl.RaftServerProxy.submitClientRequestAsync(RaftServerProxy.java:449)
	at org.apache.ratis.grpc.server.GrpcClientProtocolService$RequestStreamObserver.processClientRequest(GrpcClientProtocolService.java:226)
	at org.apache.ratis.grpc.server.GrpcClientProtocolService$UnorderedRequestStreamObserver.processClientRequest(GrpcClientProtocolService.java:282)
	at org.apache.ratis.grpc.server.GrpcClientProtocolService$RequestStreamObserver.onNext(GrpcClientProtocolService.java:246)
	at org.apache.ratis.grpc.server.GrpcClientProtocolService$RequestStreamObserver.onNext(GrpcClientProtocolService.java:169)
	at org.apache.ratis.thirdparty.io.grpc.stub.ServerCalls$StreamingServerCallHandler$StreamingServerCallListener.onMessage(ServerCalls.java:262)
	at org.apache.ratis.thirdparty.io.grpc.internal.ServerCallImpl$ServerStreamListenerImpl.messagesAvailableInternal(ServerCallImpl.java:329)
	at org.apache.ratis.thirdparty.io.grpc.internal.ServerCallImpl$ServerStreamListenerImpl.messagesAvailable(ServerCallImpl.java:314)
	at org.apache.ratis.thirdparty.io.grpc.internal.ServerImpl$JumpToApplicationThreadServerStreamListener$1MessagesAvailable.runInContext(ServerImpl.java:833)
	at org.apache.ratis.thirdparty.io.grpc.internal.ContextRunnable.run(ContextRunnable.java:37)
	at org.apache.ratis.thirdparty.io.grpc.internal.SerializingExecutor.run(SerializingExecutor.java:133)
	at java.base/java.util.concurrent.ThreadPoolExecutor.runWorker(ThreadPoolExecutor.java:1144)
	at java.base/java.util.concurrent.ThreadPoolExecutor$Worker.run(ThreadPoolExecutor.java:642)
	at java.base/java.lang.Thread.run(Thread.java:1583)
2025-05-08 12:15:00,287 [main] WARN  io.KeyOutputStream (KeyOutputStream.java:handleExceptionInternal(377)) - Encountered exception java.io.IOException: Unexpected Storage Container Exception: java.util.concurrent.CompletionException: org.apache.ratis.protocol.exceptions.RaftRetryFailureException: Failed RaftClientRequest:client-D6BD214FDD90->73de0732-aa09-4d2e-8ccf-f79b8b9cbabe@group-CF0B59C01792, cid=348, seq=null, Watch-ALL_COMMITTED(474), null for 2 attempts with RequestTypeDependentRetryPolicy{WRITE->ExceptionDependentRetry(maxAttempts=2147483647; defaultPolicy=MultipleLinearRandomRetry[5x5s, 5x10s, 5x15s, 5x20s, 5x25s, 10x60s]; map={org.apache.ratis.protocol.exceptions.GroupMismatchException->NoRetry, org.apache.ratis.protocol.exceptions.NotReplicatedException->NoRetry, org.apache.ratis.protocol.exceptions.ResourceUnavailableException->org.apache.ratis.retry.ExponentialBackoffRetry@24eb8000, org.apache.ratis.protocol.exceptions.StateMachineException->NoRetry, org.apache.ratis.protocol.exceptions.TimeoutIOException->org.apache.ratis.retry.ExponentialBackoffRetry@24eb8000}), WATCH->ExceptionDependentRetry(maxAttempts=2147483647; defaultPolicy=MultipleLinearRandomRetry[5x5s, 5x10s, 5x15s, 5x20s, 5x25s, 10x60s]; map={org.apache.ratis.protocol.exceptions.GroupMismatchException->NoRetry, org.apache.ratis.protocol.exceptions.NotReplicatedException->NoRetry, org.apache.ratis.protocol.exceptions.ResourceUnavailableException->org.apache.ratis.retry.ExponentialBackoffRetry@24eb8000, org.apache.ratis.protocol.exceptions.StateMachineException->NoRetry, org.apache.ratis.protocol.exceptions.TimeoutIOException->NoRetry})} on the pipeline Pipeline{ Id: 30af3b1a-a629-40eb-b1f1-cf0b59c01792, Nodes: [ {7c8f0716-ab75-44b9-b6ec-eb9ccd1caa65(localhost/127.0.0.1), ReplicaIndex: 0}, {73de0732-aa09-4d2e-8ccf-f79b8b9cbabe(localhost/127.0.0.1), ReplicaIndex: 0}, {317162a0-bd3d-40ad-b205-542abbf35090(localhost/127.0.0.1), ReplicaIndex: 0},], ReplicationConfig: RATIS/THREE, State:OPEN, leaderId:7c8f0716-ab75-44b9-b6ec-eb9ccd1caa65, CreationTimestamp2025-05-08T12:13:55.452Z[Etc/UTC]}. The last committed block length is 0, uncommitted data length is 2097152 retry count 0
2025-05-08 12:15:00,295 [IPC Server handler 15 on default port 15001] INFO  pipeline.RatisPipelineProvider (RatisPipelineProvider.java:lambda$create$0(208)) - Sending CreatePipelineCommand for pipeline:PipelineID=7a81baaa-000d-4560-a2d5-89e7c0b669eb to datanode:2ac133fa-68ef-4921-8bb4-d040b7072d41(localhost/127.0.0.1)
2025-05-08 12:15:00,295 [IPC Server handler 15 on default port 15001] INFO  pipeline.RatisPipelineProvider (RatisPipelineProvider.java:lambda$create$0(208)) - Sending CreatePipelineCommand for pipeline:PipelineID=7a81baaa-000d-4560-a2d5-89e7c0b669eb to datanode:73de0732-aa09-4d2e-8ccf-f79b8b9cbabe(localhost/127.0.0.1)
2025-05-08 12:15:00,295 [IPC Server handler 15 on default port 15001] INFO  pipeline.RatisPipelineProvider (RatisPipelineProvider.java:lambda$create$0(208)) - Sending CreatePipelineCommand for pipeline:PipelineID=7a81baaa-000d-4560-a2d5-89e7c0b669eb to datanode:317162a0-bd3d-40ad-b205-542abbf35090(localhost/127.0.0.1)
2025-05-08 12:15:01,202 [ReplicationMonitor] INFO  replication.ReplicationManager (ReplicationManager.java:sendDatanodeCommand(663)) - Sending command [closeContainerCommand: cmdID: 14, encodedToken: "", term: 0, deadlineMsSinceEpoch: 0, containerID: 14, pipelineID: PipelineID=30af3b1a-a629-40eb-b1f1-cf0b59c01792, force: false] for container ContainerInfo{id=#14, state=CLOSED, stateEnterTime=2025-05-08T12:14:49.181754190Z, pipelineID=PipelineID=30af3b1a-a629-40eb-b1f1-cf0b59c01792, owner=omServiceIdDefault} to 317162a0-bd3d-40ad-b205-542abbf35090(localhost/127.0.0.1) with datanode deadline 1746706861202 and scm deadline 1746707221202
2025-05-08 12:15:01,202 [ReplicationMonitor] INFO  replication.ReplicationManager (ReplicationManager.java:sendDatanodeCommand(663)) - Sending command [closeContainerCommand: cmdID: 14, encodedToken: "", term: 0, deadlineMsSinceEpoch: 0, containerID: 14, pipelineID: PipelineID=30af3b1a-a629-40eb-b1f1-cf0b59c01792, force: false] for container ContainerInfo{id=#14, state=CLOSED, stateEnterTime=2025-05-08T12:14:49.181754190Z, pipelineID=PipelineID=30af3b1a-a629-40eb-b1f1-cf0b59c01792, owner=omServiceIdDefault} to 73de0732-aa09-4d2e-8ccf-f79b8b9cbabe(localhost/127.0.0.1) with datanode deadline 1746706861202 and scm deadline 1746707221202
2025-05-08 12:15:01,202 [ReplicationMonitor] INFO  replication.ReplicationManager (ReplicationManager.java:processAll(382)) - Replication Monitor Thread took 1 milliseconds for processing 14 containers.
2025-05-08 12:15:02,073 [2ac133fa-68ef-4921-8bb4-d040b7072d41-PipelineCommandHandlerThread-0] INFO  server.RaftServer (RaftServerProxy.java:addNew(100)) - 2ac133fa-68ef-4921-8bb4-d040b7072d41: addNew group-89E7C0B669EB:[2ac133fa-68ef-4921-8bb4-d040b7072d41|127.0.0.1:15039, 73de0732-aa09-4d2e-8ccf-f79b8b9cbabe|127.0.0.1:15015, 317162a0-bd3d-40ad-b205-542abbf35090|127.0.0.1:15023] returns group-89E7C0B669EB:java.util.concurrent.CompletableFuture@33e5691c[Not completed]
2025-05-08 12:15:02,075 [2ac133fa-68ef-4921-8bb4-d040b7072d41-groupManagement] INFO  server.RaftServer$Division (RaftServerImpl.java:<init>(255)) - 2ac133fa-68ef-4921-8bb4-d040b7072d41: new RaftServerImpl for group-89E7C0B669EB:[2ac133fa-68ef-4921-8bb4-d040b7072d41|127.0.0.1:15039, 73de0732-aa09-4d2e-8ccf-f79b8b9cbabe|127.0.0.1:15015, 317162a0-bd3d-40ad-b205-542abbf35090|127.0.0.1:15023] with ContainerStateMachine:uninitialized
2025-05-08 12:15:02,075 [2ac133fa-68ef-4921-8bb4-d040b7072d41-groupManagement] INFO  server.RaftServerConfigKeys (ConfUtils.java:logGet(46)) - raft.server.rpc.timeout.min = 5s (custom)
2025-05-08 12:15:02,075 [2ac133fa-68ef-4921-8bb4-d040b7072d41-groupManagement] INFO  server.RaftServerConfigKeys (ConfUtils.java:logGet(46)) - raft.server.rpc.timeout.max = 5200ms (custom)
2025-05-08 12:15:02,075 [2ac133fa-68ef-4921-8bb4-d040b7072d41-groupManagement] INFO  server.RaftServerConfigKeys (ConfUtils.java:logGet(46)) - raft.server.rpc.sleep.time = 25ms (default)
2025-05-08 12:15:02,075 [2ac133fa-68ef-4921-8bb4-d040b7072d41-groupManagement] INFO  server.RaftServerConfigKeys (ConfUtils.java:logGet(46)) - raft.server.rpc.slowness.timeout = 300s (custom)
2025-05-08 12:15:02,075 [2ac133fa-68ef-4921-8bb4-d040b7072d41-groupManagement] INFO  server.RaftServerConfigKeys (ConfUtils.java:logGet(46)) - raft.server.leaderelection.leader.step-down.wait-time = 10s (default)
2025-05-08 12:15:02,075 [2ac133fa-68ef-4921-8bb4-d040b7072d41-groupManagement] INFO  server.RaftServerConfigKeys (ConfUtils.java:logGet(46)) - raft.server.leaderelection.member.majority-add = false (default)
2025-05-08 12:15:02,075 [2ac133fa-68ef-4921-8bb4-d040b7072d41-groupManagement] INFO  server.RaftServerConfigKeys (ConfUtils.java:logGet(46)) - raft.server.sleep.deviation.threshold = 300ms (default)
2025-05-08 12:15:02,075 [2ac133fa-68ef-4921-8bb4-d040b7072d41-groupManagement] INFO  server.RaftServer$Division (ServerState.java:<init>(114)) - 2ac133fa-68ef-4921-8bb4-d040b7072d41@group-89E7C0B669EB: ConfigurationManager, init=conf: {index: -1, cur=peers:[2ac133fa-68ef-4921-8bb4-d040b7072d41|127.0.0.1:15039, 73de0732-aa09-4d2e-8ccf-f79b8b9cbabe|127.0.0.1:15015, 317162a0-bd3d-40ad-b205-542abbf35090|127.0.0.1:15023]|listeners:[], old=null}, confs=<EMPTY_MAP>
2025-05-08 12:15:02,076 [2ac133fa-68ef-4921-8bb4-d040b7072d41-groupManagement] INFO  server.RaftServerConfigKeys (ConfUtils.java:logGet(46)) - raft.server.notification.no-leader.timeout = 300s (custom)
2025-05-08 12:15:02,076 [2ac133fa-68ef-4921-8bb4-d040b7072d41-groupManagement] INFO  server.RaftServerConfigKeys (ConfUtils.java:logGet(46)) - raft.server.read.timeout = 10s (default)
2025-05-08 12:15:02,076 [2ac133fa-68ef-4921-8bb4-d040b7072d41-groupManagement] INFO  server.RaftServerConfigKeys (ConfUtils.java:logGet(46)) - raft.server.retrycache.expirytime = 600000ms (custom)
2025-05-08 12:15:02,076 [2ac133fa-68ef-4921-8bb4-d040b7072d41-groupManagement] INFO  server.RaftServerConfigKeys (ConfUtils.java:logGet(46)) - raft.server.retrycache.statistics.expirytime = 100ms (default)
2025-05-08 12:15:02,076 [2ac133fa-68ef-4921-8bb4-d040b7072d41-groupManagement] INFO  server.RaftServerConfigKeys (ConfUtils.java:logGet(46)) - raft.server.read.option = DEFAULT (default)
2025-05-08 12:15:02,076 [2ac133fa-68ef-4921-8bb4-d040b7072d41-groupManagement] INFO  server.RaftServerConfigKeys (ConfUtils.java:logGet(46)) - raft.server.read.read-after-write-consistent.write-index-cache.expiry-time = 60s (default)
2025-05-08 12:15:02,079 [2ac133fa-68ef-4921-8bb4-d040b7072d41-groupManagement] INFO  server.RaftServerConfigKeys (ConfUtils.java:logGet(46)) - raft.server.rpc.request.timeout = 60s (custom)
2025-05-08 12:15:02,079 [2ac133fa-68ef-4921-8bb4-d040b7072d41-groupManagement] INFO  server.RaftServerConfigKeys (ConfUtils.java:logGet(46)) - raft.server.log.appender.install.snapshot.enabled = false (custom)
2025-05-08 12:15:02,079 [2ac133fa-68ef-4921-8bb4-d040b7072d41-groupManagement] INFO  server.RaftServerConfigKeys (ConfUtils.java:logGet(46)) - raft.server.threadpool.server.cached = true (default)
2025-05-08 12:15:02,079 [2ac133fa-68ef-4921-8bb4-d040b7072d41-groupManagement] INFO  server.RaftServerConfigKeys (ConfUtils.java:logGet(46)) - raft.server.threadpool.server.size = 0 (default)
2025-05-08 12:15:02,079 [2ac133fa-68ef-4921-8bb4-d040b7072d41-groupManagement] INFO  server.RaftServerConfigKeys (ConfUtils.java:logGet(46)) - raft.server.threadpool.client.cached = true (default)
2025-05-08 12:15:02,079 [2ac133fa-68ef-4921-8bb4-d040b7072d41-groupManagement] INFO  server.RaftServerConfigKeys (ConfUtils.java:logGet(46)) - raft.server.threadpool.client.size = 0 (default)
2025-05-08 12:15:02,079 [2ac133fa-68ef-4921-8bb4-d040b7072d41-groupManagement] INFO  server.RaftServerConfigKeys (ConfUtils.java:logGet(46)) - raft.server.storage.free-space.min = 0MB (=0) (default)
2025-05-08 12:15:02,079 [2ac133fa-68ef-4921-8bb4-d040b7072d41-groupManagement] INFO  server.RaftServerConfigKeys (ConfUtils.java:logGet(46)) - raft.server.log.corruption.policy = EXCEPTION (default)
2025-05-08 12:15:02,079 [2ac133fa-68ef-4921-8bb4-d040b7072d41-groupManagement] INFO  server.RaftServerConfigKeys (ConfUtils.java:logGet(46)) - raft.server.storage.dir = [/home/runner/work/ozone/ozone/hadoop-ozone/integration-test/target/test-dir/MiniOzoneClusterImpl-efc39a28-6472-4ee4-b6fc-2c7f8ca0458d/ozone-meta/datanode-4/ratis] (custom)
2025-05-08 12:15:02,079 [2ac133fa-68ef-4921-8bb4-d040b7072d41-groupManagement] INFO  storage.RaftStorageDirectory (RaftStorageDirectoryImpl.java:analyzeStorage(138)) - The storage directory /home/runner/work/ozone/ozone/hadoop-ozone/integration-test/target/test-dir/MiniOzoneClusterImpl-efc39a28-6472-4ee4-b6fc-2c7f8ca0458d/ozone-meta/datanode-4/ratis/7a81baaa-000d-4560-a2d5-89e7c0b669eb does not exist. Creating ...
2025-05-08 12:15:02,080 [2ac133fa-68ef-4921-8bb4-d040b7072d41-groupManagement] INFO  storage.RaftStorageDirectory (RaftStorageDirectoryImpl.java:tryLock(229)) - Lock on /home/runner/work/ozone/ozone/hadoop-ozone/integration-test/target/test-dir/MiniOzoneClusterImpl-efc39a28-6472-4ee4-b6fc-2c7f8ca0458d/ozone-meta/datanode-4/ratis/7a81baaa-000d-4560-a2d5-89e7c0b669eb/in_use.lock acquired by nodename 33187@fv-az1940-623
2025-05-08 12:15:02,081 [2ac133fa-68ef-4921-8bb4-d040b7072d41-groupManagement] INFO  storage.RaftStorage (RaftStorageImpl.java:format(98)) - Storage directory /home/runner/work/ozone/ozone/hadoop-ozone/integration-test/target/test-dir/MiniOzoneClusterImpl-efc39a28-6472-4ee4-b6fc-2c7f8ca0458d/ozone-meta/datanode-4/ratis/7a81baaa-000d-4560-a2d5-89e7c0b669eb has been successfully formatted.
2025-05-08 12:15:02,082 [2ac133fa-68ef-4921-8bb4-d040b7072d41-groupManagement] INFO  ratis.ContainerStateMachine (ContainerStateMachine.java:initialize(339)) - 2ac133fa-68ef-4921-8bb4-d040b7072d41: initialize group-89E7C0B669EB
2025-05-08 12:15:02,082 [2ac133fa-68ef-4921-8bb4-d040b7072d41-groupManagement] INFO  ratis.ContainerStateMachine (ContainerStateMachine.java:loadSnapshot(347)) - group-89E7C0B669EB: The snapshot info is null. Setting the last applied index to:(t:0, i:~)
2025-05-08 12:15:02,082 [2ac133fa-68ef-4921-8bb4-d040b7072d41-groupManagement] INFO  server.RaftServerConfigKeys (ConfUtils.java:logGet(46)) - raft.server.log.use.memory = false (default)
2025-05-08 12:15:02,082 [2ac133fa-68ef-4921-8bb4-d040b7072d41-groupManagement] INFO  server.RaftServerConfigKeys (ConfUtils.java:logGet(46)) - raft.server.log.purge.gap = 1000000 (custom)
2025-05-08 12:15:02,082 [2ac133fa-68ef-4921-8bb4-d040b7072d41-groupManagement] INFO  server.RaftServerConfigKeys (ConfUtils.java:logGet(46)) - raft.server.log.appender.buffer.byte-limit = 33554432 (custom)
2025-05-08 12:15:02,082 [2ac133fa-68ef-4921-8bb4-d040b7072d41-groupManagement] INFO  server.RaftServerConfigKeys (ConfUtils.java:logGet(46)) - raft.server.log.statemachine.data.read.timeout = 1000ms (default)
2025-05-08 12:15:02,082 [2ac133fa-68ef-4921-8bb4-d040b7072d41-groupManagement] INFO  server.RaftServerConfigKeys (ConfUtils.java:logGet(46)) - raft.server.log.purge.preservation.log.num = 0 (default)
2025-05-08 12:15:02,083 [2ac133fa-68ef-4921-8bb4-d040b7072d41-groupManagement] INFO  server.RaftServerConfigKeys (ConfUtils.java:logGet(46)) - raft.server.log.segment.size.max = 67108864 (custom)
2025-05-08 12:15:02,084 [2ac133fa-68ef-4921-8bb4-d040b7072d41-groupManagement] INFO  server.RaftServerConfigKeys (ConfUtils.java:logGet(46)) - raft.server.log.segment.cache.num.max = 2 (custom)
2025-05-08 12:15:02,084 [2ac133fa-68ef-4921-8bb4-d040b7072d41-groupManagement] INFO  server.RaftServerConfigKeys (ConfUtils.java:logGet(46)) - raft.server.log.segment.cache.size.max = 200MB (=209715200) (default)
2025-05-08 12:15:02,084 [2ac133fa-68ef-4921-8bb4-d040b7072d41-groupManagement] INFO  server.RaftServerConfigKeys (ConfUtils.java:logGet(46)) - raft.server.log.appender.buffer.byte-limit = 33554432 (custom)
2025-05-08 12:15:02,084 [2ac133fa-68ef-4921-8bb4-d040b7072d41-groupManagement] INFO  util.AwaitToRun (AwaitToRun.java:start(81)) - Thread[#1200,2ac133fa-68ef-4921-8bb4-d040b7072d41@group-89E7C0B669EB-cacheEviction-AwaitToRun,5,main] started
2025-05-08 12:15:02,084 [2ac133fa-68ef-4921-8bb4-d040b7072d41-groupManagement] INFO  segmented.SegmentedRaftLogWorker (SegmentedRaftLogWorker.java:<init>(188)) - new 2ac133fa-68ef-4921-8bb4-d040b7072d41@group-89E7C0B669EB-SegmentedRaftLogWorker for RaftStorageImpl:Storage Directory /home/runner/work/ozone/ozone/hadoop-ozone/integration-test/target/test-dir/MiniOzoneClusterImpl-efc39a28-6472-4ee4-b6fc-2c7f8ca0458d/ozone-meta/datanode-4/ratis/7a81baaa-000d-4560-a2d5-89e7c0b669eb
2025-05-08 12:15:02,084 [2ac133fa-68ef-4921-8bb4-d040b7072d41-groupManagement] INFO  server.RaftServerConfigKeys (ConfUtils.java:logGet(46)) - raft.server.log.queue.byte-limit = 4294967296 (custom)
2025-05-08 12:15:02,084 [2ac133fa-68ef-4921-8bb4-d040b7072d41-groupManagement] INFO  server.RaftServerConfigKeys (ConfUtils.java:logGet(46)) - raft.server.log.queue.element-limit = 1024 (custom)
2025-05-08 12:15:02,084 [2ac133fa-68ef-4921-8bb4-d040b7072d41-groupManagement] INFO  server.RaftServerConfigKeys (ConfUtils.java:logGet(46)) - raft.server.log.segment.size.max = 67108864 (custom)
2025-05-08 12:15:02,084 [2ac133fa-68ef-4921-8bb4-d040b7072d41-groupManagement] INFO  server.RaftServerConfigKeys (ConfUtils.java:logGet(46)) - raft.server.log.preallocated.size = 4194304 (custom)
2025-05-08 12:15:02,084 [2ac133fa-68ef-4921-8bb4-d040b7072d41-groupManagement] INFO  server.RaftServerConfigKeys (ConfUtils.java:logGet(46)) - raft.server.log.force.sync.num = 128 (default)
2025-05-08 12:15:02,084 [2ac133fa-68ef-4921-8bb4-d040b7072d41-groupManagement] INFO  server.RaftServerConfigKeys (ConfUtils.java:logGet(46)) - raft.server.log.statemachine.data.sync = true (default)
2025-05-08 12:15:02,085 [2ac133fa-68ef-4921-8bb4-d040b7072d41-groupManagement] INFO  server.RaftServerConfigKeys (ConfUtils.java:logGet(46)) - raft.server.log.statemachine.data.sync.timeout = 10s (default)
2025-05-08 12:15:02,085 [2ac133fa-68ef-4921-8bb4-d040b7072d41-groupManagement] INFO  server.RaftServerConfigKeys (ConfUtils.java:logGet(46)) - raft.server.log.statemachine.data.sync.timeout.retry = 30 (custom)
2025-05-08 12:15:02,085 [2ac133fa-68ef-4921-8bb4-d040b7072d41-groupManagement] INFO  server.RaftServerConfigKeys (ConfUtils.java:logGet(46)) - raft.server.log.write.buffer.size = 33554440 (custom)
2025-05-08 12:15:02,090 [2ac133fa-68ef-4921-8bb4-d040b7072d41-groupManagement] INFO  server.RaftServerConfigKeys (ConfUtils.java:logGet(46)) - raft.server.log.appender.buffer.byte-limit = 33554432 (custom)
2025-05-08 12:15:02,090 [2ac133fa-68ef-4921-8bb4-d040b7072d41-groupManagement] INFO  server.RaftServerConfigKeys (ConfUtils.java:logGet(46)) - raft.server.log.unsafe-flush.enabled = false (default)
2025-05-08 12:15:02,090 [2ac133fa-68ef-4921-8bb4-d040b7072d41-groupManagement] INFO  server.RaftServerConfigKeys (ConfUtils.java:logGet(46)) - raft.server.log.async-flush.enabled = false (default)
2025-05-08 12:15:02,090 [2ac133fa-68ef-4921-8bb4-d040b7072d41-groupManagement] INFO  server.RaftServerConfigKeys (ConfUtils.java:logGet(46)) - raft.server.log.statemachine.data.caching.enabled = true (custom)
2025-05-08 12:15:02,091 [2ac133fa-68ef-4921-8bb4-d040b7072d41-groupManagement] INFO  segmented.SegmentedRaftLogWorker (SegmentedRaftLogWorker.java:lambda$new$0(139)) - 2ac133fa-68ef-4921-8bb4-d040b7072d41@group-89E7C0B669EB-SegmentedRaftLogWorker: flushIndex: setUnconditionally 0 -> -1
2025-05-08 12:15:02,091 [2ac133fa-68ef-4921-8bb4-d040b7072d41-groupManagement] INFO  segmented.SegmentedRaftLogWorker (SegmentedRaftLogWorker.java:lambda$new$0(139)) - 2ac133fa-68ef-4921-8bb4-d040b7072d41@group-89E7C0B669EB-SegmentedRaftLogWorker: safeCacheEvictIndex: setUnconditionally 0 -> -1
2025-05-08 12:15:02,091 [2ac133fa-68ef-4921-8bb4-d040b7072d41-groupManagement] INFO  server.RaftServer$Division (RaftServerImpl.java:start(391)) - 2ac133fa-68ef-4921-8bb4-d040b7072d41@group-89E7C0B669EB: start as a follower, conf=conf: {index: -1, cur=peers:[2ac133fa-68ef-4921-8bb4-d040b7072d41|127.0.0.1:15039, 73de0732-aa09-4d2e-8ccf-f79b8b9cbabe|127.0.0.1:15015, 317162a0-bd3d-40ad-b205-542abbf35090|127.0.0.1:15023]|listeners:[], old=null}
2025-05-08 12:15:02,091 [2ac133fa-68ef-4921-8bb4-d040b7072d41-groupManagement] INFO  server.RaftServer$Division (RaftServerImpl.java:setRole(378)) - 2ac133fa-68ef-4921-8bb4-d040b7072d41@group-89E7C0B669EB: changes role from      null to FOLLOWER at term 0 for startAsFollower
2025-05-08 12:15:02,091 [2ac133fa-68ef-4921-8bb4-d040b7072d41-groupManagement] INFO  impl.RoleInfo (RoleInfo.java:updateAndGet(148)) - 2ac133fa-68ef-4921-8bb4-d040b7072d41: start 2ac133fa-68ef-4921-8bb4-d040b7072d41@group-89E7C0B669EB-FollowerState
2025-05-08 12:15:02,091 [2ac133fa-68ef-4921-8bb4-d040b7072d41@group-89E7C0B669EB-FollowerState] INFO  server.RaftServerConfigKeys (ConfUtils.java:logGet(46)) - raft.server.rpc.first-election.timeout.min = 1000ms (custom)
2025-05-08 12:15:02,091 [2ac133fa-68ef-4921-8bb4-d040b7072d41@group-89E7C0B669EB-FollowerState] INFO  server.RaftServerConfigKeys (ConfUtils.java:logGet(46)) - raft.server.rpc.first-election.timeout.max = 1200ms (custom)
2025-05-08 12:15:02,091 [2ac133fa-68ef-4921-8bb4-d040b7072d41-groupManagement] INFO  util.JmxRegister (JmxRegister.java:tryRegister(44)) - Successfully registered JMX Bean with object name Ratis:service=RaftServer,group=group-89E7C0B669EB,id=2ac133fa-68ef-4921-8bb4-d040b7072d41
2025-05-08 12:15:02,092 [2ac133fa-68ef-4921-8bb4-d040b7072d41-groupManagement] INFO  util.JmxRegister (JmxRegister.java:register(58)) - register mxBean class org.apache.ratis.server.impl.RaftServerJmxAdapter as Ratis:service=RaftServer,group=group-89E7C0B669EB,id=2ac133fa-68ef-4921-8bb4-d040b7072d41
2025-05-08 12:15:02,092 [2ac133fa-68ef-4921-8bb4-d040b7072d41-groupManagement] INFO  server.RaftServerConfigKeys (ConfUtils.java:logGet(46)) - raft.server.snapshot.trigger-when-stop.enabled = true (default)
2025-05-08 12:15:02,092 [2ac133fa-68ef-4921-8bb4-d040b7072d41-groupManagement] INFO  server.RaftServerConfigKeys (ConfUtils.java:logGet(46)) - raft.server.snapshot.trigger-when-remove.enabled = true (default)
2025-05-08 12:15:02,092 [2ac133fa-68ef-4921-8bb4-d040b7072d41-groupManagement] INFO  server.RaftServerConfigKeys (ConfUtils.java:logGet(46)) - raft.server.snapshot.auto.trigger.enabled = true (custom)
2025-05-08 12:15:02,092 [2ac133fa-68ef-4921-8bb4-d040b7072d41-groupManagement] INFO  server.RaftServerConfigKeys (ConfUtils.java:logGet(46)) - raft.server.snapshot.auto.trigger.threshold = 100000 (custom)
2025-05-08 12:15:02,092 [2ac133fa-68ef-4921-8bb4-d040b7072d41-groupManagement] INFO  server.RaftServerConfigKeys (ConfUtils.java:logGet(46)) - raft.server.snapshot.retention.file.num = 5 (custom)
2025-05-08 12:15:02,092 [2ac133fa-68ef-4921-8bb4-d040b7072d41-groupManagement] INFO  server.RaftServerConfigKeys (ConfUtils.java:logGet(46)) - raft.server.log.purge.upto.snapshot.index = false (default)
2025-05-08 12:15:02,093 [2ac133fa-68ef-4921-8bb4-d040b7072d41-groupManagement] INFO  server.RaftServer$Division (RaftServerImpl.java:start(405)) - 2ac133fa-68ef-4921-8bb4-d040b7072d41@group-89E7C0B669EB: Successfully started.
2025-05-08 12:15:02,093 [2ac133fa-68ef-4921-8bb4-d040b7072d41-PipelineCommandHandlerThread-0] INFO  ratis.XceiverServerRatis (XceiverServerRatis.java:addGroup(843)) - Created group PipelineID=7a81baaa-000d-4560-a2d5-89e7c0b669eb
2025-05-08 12:15:02,098 [grpc-default-executor-7] INFO  server.RaftServer (RaftServerProxy.java:addNew(100)) - 73de0732-aa09-4d2e-8ccf-f79b8b9cbabe: addNew group-89E7C0B669EB:[2ac133fa-68ef-4921-8bb4-d040b7072d41|127.0.0.1:15039, 73de0732-aa09-4d2e-8ccf-f79b8b9cbabe|127.0.0.1:15015, 317162a0-bd3d-40ad-b205-542abbf35090|127.0.0.1:15023] returns group-89E7C0B669EB:java.util.concurrent.CompletableFuture@316ebc2e[Not completed]
2025-05-08 12:15:02,099 [73de0732-aa09-4d2e-8ccf-f79b8b9cbabe-groupManagement] INFO  server.RaftServer$Division (RaftServerImpl.java:<init>(255)) - 73de0732-aa09-4d2e-8ccf-f79b8b9cbabe: new RaftServerImpl for group-89E7C0B669EB:[2ac133fa-68ef-4921-8bb4-d040b7072d41|127.0.0.1:15039, 73de0732-aa09-4d2e-8ccf-f79b8b9cbabe|127.0.0.1:15015, 317162a0-bd3d-40ad-b205-542abbf35090|127.0.0.1:15023] with ContainerStateMachine:uninitialized
2025-05-08 12:15:02,099 [73de0732-aa09-4d2e-8ccf-f79b8b9cbabe-groupManagement] INFO  server.RaftServerConfigKeys (ConfUtils.java:logGet(46)) - raft.server.rpc.timeout.min = 5s (custom)
2025-05-08 12:15:02,099 [73de0732-aa09-4d2e-8ccf-f79b8b9cbabe-groupManagement] INFO  server.RaftServerConfigKeys (ConfUtils.java:logGet(46)) - raft.server.rpc.timeout.max = 5200ms (custom)
2025-05-08 12:15:02,100 [73de0732-aa09-4d2e-8ccf-f79b8b9cbabe-groupManagement] INFO  server.RaftServerConfigKeys (ConfUtils.java:logGet(46)) - raft.server.rpc.sleep.time = 25ms (default)
2025-05-08 12:15:02,100 [73de0732-aa09-4d2e-8ccf-f79b8b9cbabe-groupManagement] INFO  server.RaftServerConfigKeys (ConfUtils.java:logGet(46)) - raft.server.rpc.slowness.timeout = 300s (custom)
2025-05-08 12:15:02,100 [73de0732-aa09-4d2e-8ccf-f79b8b9cbabe-groupManagement] INFO  server.RaftServerConfigKeys (ConfUtils.java:logGet(46)) - raft.server.leaderelection.leader.step-down.wait-time = 10s (default)
2025-05-08 12:15:02,100 [73de0732-aa09-4d2e-8ccf-f79b8b9cbabe-groupManagement] INFO  server.RaftServerConfigKeys (ConfUtils.java:logGet(46)) - raft.server.leaderelection.member.majority-add = false (default)
2025-05-08 12:15:02,100 [73de0732-aa09-4d2e-8ccf-f79b8b9cbabe-groupManagement] INFO  server.RaftServerConfigKeys (ConfUtils.java:logGet(46)) - raft.server.sleep.deviation.threshold = 300ms (default)
2025-05-08 12:15:02,100 [73de0732-aa09-4d2e-8ccf-f79b8b9cbabe-groupManagement] INFO  server.RaftServer$Division (ServerState.java:<init>(114)) - 73de0732-aa09-4d2e-8ccf-f79b8b9cbabe@group-89E7C0B669EB: ConfigurationManager, init=conf: {index: -1, cur=peers:[2ac133fa-68ef-4921-8bb4-d040b7072d41|127.0.0.1:15039, 73de0732-aa09-4d2e-8ccf-f79b8b9cbabe|127.0.0.1:15015, 317162a0-bd3d-40ad-b205-542abbf35090|127.0.0.1:15023]|listeners:[], old=null}, confs=<EMPTY_MAP>
2025-05-08 12:15:02,100 [73de0732-aa09-4d2e-8ccf-f79b8b9cbabe-groupManagement] INFO  server.RaftServerConfigKeys (ConfUtils.java:logGet(46)) - raft.server.notification.no-leader.timeout = 300s (custom)
2025-05-08 12:15:02,100 [73de0732-aa09-4d2e-8ccf-f79b8b9cbabe-groupManagement] INFO  server.RaftServerConfigKeys (ConfUtils.java:logGet(46)) - raft.server.read.timeout = 10s (default)
2025-05-08 12:15:02,100 [73de0732-aa09-4d2e-8ccf-f79b8b9cbabe-groupManagement] INFO  server.RaftServerConfigKeys (ConfUtils.java:logGet(46)) - raft.server.retrycache.expirytime = 600000ms (custom)
2025-05-08 12:15:02,100 [73de0732-aa09-4d2e-8ccf-f79b8b9cbabe-groupManagement] INFO  server.RaftServerConfigKeys (ConfUtils.java:logGet(46)) - raft.server.retrycache.statistics.expirytime = 100ms (default)
2025-05-08 12:15:02,100 [73de0732-aa09-4d2e-8ccf-f79b8b9cbabe-groupManagement] INFO  server.RaftServerConfigKeys (ConfUtils.java:logGet(46)) - raft.server.read.option = DEFAULT (default)
2025-05-08 12:15:02,100 [73de0732-aa09-4d2e-8ccf-f79b8b9cbabe-groupManagement] INFO  server.RaftServerConfigKeys (ConfUtils.java:logGet(46)) - raft.server.read.read-after-write-consistent.write-index-cache.expiry-time = 60s (default)
2025-05-08 12:15:02,102 [73de0732-aa09-4d2e-8ccf-f79b8b9cbabe-groupManagement] INFO  server.RaftServerConfigKeys (ConfUtils.java:logGet(46)) - raft.server.rpc.request.timeout = 60s (custom)
2025-05-08 12:15:02,102 [73de0732-aa09-4d2e-8ccf-f79b8b9cbabe-groupManagement] INFO  server.RaftServerConfigKeys (ConfUtils.java:logGet(46)) - raft.server.log.appender.install.snapshot.enabled = false (custom)
2025-05-08 12:15:02,102 [73de0732-aa09-4d2e-8ccf-f79b8b9cbabe-groupManagement] INFO  server.RaftServerConfigKeys (ConfUtils.java:logGet(46)) - raft.server.threadpool.server.cached = true (default)
2025-05-08 12:15:02,102 [73de0732-aa09-4d2e-8ccf-f79b8b9cbabe-groupManagement] INFO  server.RaftServerConfigKeys (ConfUtils.java:logGet(46)) - raft.server.threadpool.server.size = 0 (default)
2025-05-08 12:15:02,103 [73de0732-aa09-4d2e-8ccf-f79b8b9cbabe-groupManagement] INFO  server.RaftServerConfigKeys (ConfUtils.java:logGet(46)) - raft.server.threadpool.client.cached = true (default)
2025-05-08 12:15:02,103 [73de0732-aa09-4d2e-8ccf-f79b8b9cbabe-groupManagement] INFO  server.RaftServerConfigKeys (ConfUtils.java:logGet(46)) - raft.server.threadpool.client.size = 0 (default)
2025-05-08 12:15:02,103 [73de0732-aa09-4d2e-8ccf-f79b8b9cbabe-groupManagement] INFO  server.RaftServerConfigKeys (ConfUtils.java:logGet(46)) - raft.server.storage.free-space.min = 0MB (=0) (default)
2025-05-08 12:15:02,103 [73de0732-aa09-4d2e-8ccf-f79b8b9cbabe-groupManagement] INFO  server.RaftServerConfigKeys (ConfUtils.java:logGet(46)) - raft.server.log.corruption.policy = EXCEPTION (default)
2025-05-08 12:15:02,103 [73de0732-aa09-4d2e-8ccf-f79b8b9cbabe-groupManagement] INFO  server.RaftServerConfigKeys (ConfUtils.java:logGet(46)) - raft.server.storage.dir = [/home/runner/work/ozone/ozone/hadoop-ozone/integration-test/target/test-dir/MiniOzoneClusterImpl-efc39a28-6472-4ee4-b6fc-2c7f8ca0458d/ozone-meta/datanode-1/ratis] (custom)
2025-05-08 12:15:02,103 [73de0732-aa09-4d2e-8ccf-f79b8b9cbabe-groupManagement] INFO  storage.RaftStorageDirectory (RaftStorageDirectoryImpl.java:analyzeStorage(138)) - The storage directory /home/runner/work/ozone/ozone/hadoop-ozone/integration-test/target/test-dir/MiniOzoneClusterImpl-efc39a28-6472-4ee4-b6fc-2c7f8ca0458d/ozone-meta/datanode-1/ratis/7a81baaa-000d-4560-a2d5-89e7c0b669eb does not exist. Creating ...
2025-05-08 12:15:02,106 [73de0732-aa09-4d2e-8ccf-f79b8b9cbabe-groupManagement] INFO  storage.RaftStorageDirectory (RaftStorageDirectoryImpl.java:tryLock(229)) - Lock on /home/runner/work/ozone/ozone/hadoop-ozone/integration-test/target/test-dir/MiniOzoneClusterImpl-efc39a28-6472-4ee4-b6fc-2c7f8ca0458d/ozone-meta/datanode-1/ratis/7a81baaa-000d-4560-a2d5-89e7c0b669eb/in_use.lock acquired by nodename 33187@fv-az1940-623
2025-05-08 12:15:02,107 [73de0732-aa09-4d2e-8ccf-f79b8b9cbabe-groupManagement] INFO  storage.RaftStorage (RaftStorageImpl.java:format(98)) - Storage directory /home/runner/work/ozone/ozone/hadoop-ozone/integration-test/target/test-dir/MiniOzoneClusterImpl-efc39a28-6472-4ee4-b6fc-2c7f8ca0458d/ozone-meta/datanode-1/ratis/7a81baaa-000d-4560-a2d5-89e7c0b669eb has been successfully formatted.
2025-05-08 12:15:02,108 [73de0732-aa09-4d2e-8ccf-f79b8b9cbabe-groupManagement] INFO  ratis.ContainerStateMachine (ContainerStateMachine.java:initialize(339)) - 73de0732-aa09-4d2e-8ccf-f79b8b9cbabe: initialize group-89E7C0B669EB
2025-05-08 12:15:02,108 [73de0732-aa09-4d2e-8ccf-f79b8b9cbabe-groupManagement] INFO  ratis.ContainerStateMachine (ContainerStateMachine.java:loadSnapshot(347)) - group-89E7C0B669EB: The snapshot info is null. Setting the last applied index to:(t:0, i:~)
2025-05-08 12:15:02,108 [73de0732-aa09-4d2e-8ccf-f79b8b9cbabe-groupManagement] INFO  server.RaftServerConfigKeys (ConfUtils.java:logGet(46)) - raft.server.log.use.memory = false (default)
2025-05-08 12:15:02,108 [73de0732-aa09-4d2e-8ccf-f79b8b9cbabe-groupManagement] INFO  server.RaftServerConfigKeys (ConfUtils.java:logGet(46)) - raft.server.log.purge.gap = 1000000 (custom)
2025-05-08 12:15:02,108 [73de0732-aa09-4d2e-8ccf-f79b8b9cbabe-groupManagement] INFO  server.RaftServerConfigKeys (ConfUtils.java:logGet(46)) - raft.server.log.appender.buffer.byte-limit = 33554432 (custom)
2025-05-08 12:15:02,108 [73de0732-aa09-4d2e-8ccf-f79b8b9cbabe-groupManagement] INFO  server.RaftServerConfigKeys (ConfUtils.java:logGet(46)) - raft.server.log.statemachine.data.read.timeout = 1000ms (default)
2025-05-08 12:15:02,108 [73de0732-aa09-4d2e-8ccf-f79b8b9cbabe-groupManagement] INFO  server.RaftServerConfigKeys (ConfUtils.java:logGet(46)) - raft.server.log.purge.preservation.log.num = 0 (default)
2025-05-08 12:15:02,109 [73de0732-aa09-4d2e-8ccf-f79b8b9cbabe-groupManagement] INFO  server.RaftServerConfigKeys (ConfUtils.java:logGet(46)) - raft.server.log.segment.size.max = 67108864 (custom)
2025-05-08 12:15:02,109 [73de0732-aa09-4d2e-8ccf-f79b8b9cbabe-groupManagement] INFO  server.RaftServerConfigKeys (ConfUtils.java:logGet(46)) - raft.server.log.segment.cache.num.max = 2 (custom)
2025-05-08 12:15:02,109 [73de0732-aa09-4d2e-8ccf-f79b8b9cbabe-groupManagement] INFO  server.RaftServerConfigKeys (ConfUtils.java:logGet(46)) - raft.server.log.segment.cache.size.max = 200MB (=209715200) (default)
2025-05-08 12:15:02,109 [73de0732-aa09-4d2e-8ccf-f79b8b9cbabe-groupManagement] INFO  server.RaftServerConfigKeys (ConfUtils.java:logGet(46)) - raft.server.log.appender.buffer.byte-limit = 33554432 (custom)
2025-05-08 12:15:02,110 [73de0732-aa09-4d2e-8ccf-f79b8b9cbabe-groupManagement] INFO  util.AwaitToRun (AwaitToRun.java:start(81)) - Thread[#1204,73de0732-aa09-4d2e-8ccf-f79b8b9cbabe@group-89E7C0B669EB-cacheEviction-AwaitToRun,5,main] started
2025-05-08 12:15:02,110 [73de0732-aa09-4d2e-8ccf-f79b8b9cbabe-groupManagement] INFO  segmented.SegmentedRaftLogWorker (SegmentedRaftLogWorker.java:<init>(188)) - new 73de0732-aa09-4d2e-8ccf-f79b8b9cbabe@group-89E7C0B669EB-SegmentedRaftLogWorker for RaftStorageImpl:Storage Directory /home/runner/work/ozone/ozone/hadoop-ozone/integration-test/target/test-dir/MiniOzoneClusterImpl-efc39a28-6472-4ee4-b6fc-2c7f8ca0458d/ozone-meta/datanode-1/ratis/7a81baaa-000d-4560-a2d5-89e7c0b669eb
2025-05-08 12:15:02,110 [73de0732-aa09-4d2e-8ccf-f79b8b9cbabe-groupManagement] INFO  server.RaftServerConfigKeys (ConfUtils.java:logGet(46)) - raft.server.log.queue.byte-limit = 4294967296 (custom)
2025-05-08 12:15:02,110 [73de0732-aa09-4d2e-8ccf-f79b8b9cbabe-groupManagement] INFO  server.RaftServerConfigKeys (ConfUtils.java:logGet(46)) - raft.server.log.queue.element-limit = 1024 (custom)
2025-05-08 12:15:02,110 [73de0732-aa09-4d2e-8ccf-f79b8b9cbabe-groupManagement] INFO  server.RaftServerConfigKeys (ConfUtils.java:logGet(46)) - raft.server.log.segment.size.max = 67108864 (custom)
2025-05-08 12:15:02,110 [73de0732-aa09-4d2e-8ccf-f79b8b9cbabe-groupManagement] INFO  server.RaftServerConfigKeys (ConfUtils.java:logGet(46)) - raft.server.log.preallocated.size = 4194304 (custom)
2025-05-08 12:15:02,110 [73de0732-aa09-4d2e-8ccf-f79b8b9cbabe-groupManagement] INFO  server.RaftServerConfigKeys (ConfUtils.java:logGet(46)) - raft.server.log.force.sync.num = 128 (default)
2025-05-08 12:15:02,110 [73de0732-aa09-4d2e-8ccf-f79b8b9cbabe-groupManagement] INFO  server.RaftServerConfigKeys (ConfUtils.java:logGet(46)) - raft.server.log.statemachine.data.sync = true (default)
2025-05-08 12:15:02,110 [73de0732-aa09-4d2e-8ccf-f79b8b9cbabe-groupManagement] INFO  server.RaftServerConfigKeys (ConfUtils.java:logGet(46)) - raft.server.log.statemachine.data.sync.timeout = 10s (default)
2025-05-08 12:15:02,110 [73de0732-aa09-4d2e-8ccf-f79b8b9cbabe-groupManagement] INFO  server.RaftServerConfigKeys (ConfUtils.java:logGet(46)) - raft.server.log.statemachine.data.sync.timeout.retry = 30 (custom)
2025-05-08 12:15:02,110 [73de0732-aa09-4d2e-8ccf-f79b8b9cbabe-groupManagement] INFO  server.RaftServerConfigKeys (ConfUtils.java:logGet(46)) - raft.server.log.write.buffer.size = 33554440 (custom)
2025-05-08 12:15:02,115 [73de0732-aa09-4d2e-8ccf-f79b8b9cbabe-groupManagement] INFO  server.RaftServerConfigKeys (ConfUtils.java:logGet(46)) - raft.server.log.appender.buffer.byte-limit = 33554432 (custom)
2025-05-08 12:15:02,115 [73de0732-aa09-4d2e-8ccf-f79b8b9cbabe-groupManagement] INFO  server.RaftServerConfigKeys (ConfUtils.java:logGet(46)) - raft.server.log.unsafe-flush.enabled = false (default)
2025-05-08 12:15:02,115 [73de0732-aa09-4d2e-8ccf-f79b8b9cbabe-groupManagement] INFO  server.RaftServerConfigKeys (ConfUtils.java:logGet(46)) - raft.server.log.async-flush.enabled = false (default)
2025-05-08 12:15:02,115 [73de0732-aa09-4d2e-8ccf-f79b8b9cbabe-groupManagement] INFO  server.RaftServerConfigKeys (ConfUtils.java:logGet(46)) - raft.server.log.statemachine.data.caching.enabled = true (custom)
2025-05-08 12:15:02,115 [73de0732-aa09-4d2e-8ccf-f79b8b9cbabe-groupManagement] INFO  segmented.SegmentedRaftLogWorker (SegmentedRaftLogWorker.java:lambda$new$0(139)) - 73de0732-aa09-4d2e-8ccf-f79b8b9cbabe@group-89E7C0B669EB-SegmentedRaftLogWorker: flushIndex: setUnconditionally 0 -> -1
2025-05-08 12:15:02,115 [73de0732-aa09-4d2e-8ccf-f79b8b9cbabe-groupManagement] INFO  segmented.SegmentedRaftLogWorker (SegmentedRaftLogWorker.java:lambda$new$0(139)) - 73de0732-aa09-4d2e-8ccf-f79b8b9cbabe@group-89E7C0B669EB-SegmentedRaftLogWorker: safeCacheEvictIndex: setUnconditionally 0 -> -1
2025-05-08 12:15:02,115 [73de0732-aa09-4d2e-8ccf-f79b8b9cbabe-groupManagement] INFO  server.RaftServer$Division (RaftServerImpl.java:start(391)) - 73de0732-aa09-4d2e-8ccf-f79b8b9cbabe@group-89E7C0B669EB: start as a follower, conf=conf: {index: -1, cur=peers:[2ac133fa-68ef-4921-8bb4-d040b7072d41|127.0.0.1:15039, 73de0732-aa09-4d2e-8ccf-f79b8b9cbabe|127.0.0.1:15015, 317162a0-bd3d-40ad-b205-542abbf35090|127.0.0.1:15023]|listeners:[], old=null}
2025-05-08 12:15:02,115 [73de0732-aa09-4d2e-8ccf-f79b8b9cbabe-groupManagement] INFO  server.RaftServer$Division (RaftServerImpl.java:setRole(378)) - 73de0732-aa09-4d2e-8ccf-f79b8b9cbabe@group-89E7C0B669EB: changes role from      null to FOLLOWER at term 0 for startAsFollower
2025-05-08 12:15:02,115 [73de0732-aa09-4d2e-8ccf-f79b8b9cbabe-groupManagement] INFO  impl.RoleInfo (RoleInfo.java:updateAndGet(148)) - 73de0732-aa09-4d2e-8ccf-f79b8b9cbabe: start 73de0732-aa09-4d2e-8ccf-f79b8b9cbabe@group-89E7C0B669EB-FollowerState
2025-05-08 12:15:02,116 [73de0732-aa09-4d2e-8ccf-f79b8b9cbabe@group-89E7C0B669EB-FollowerState] INFO  server.RaftServerConfigKeys (ConfUtils.java:logGet(46)) - raft.server.rpc.first-election.timeout.min = 1000ms (custom)
2025-05-08 12:15:02,116 [73de0732-aa09-4d2e-8ccf-f79b8b9cbabe@group-89E7C0B669EB-FollowerState] INFO  server.RaftServerConfigKeys (ConfUtils.java:logGet(46)) - raft.server.rpc.first-election.timeout.max = 1200ms (custom)
2025-05-08 12:15:02,116 [73de0732-aa09-4d2e-8ccf-f79b8b9cbabe-groupManagement] INFO  util.JmxRegister (JmxRegister.java:tryRegister(44)) - Successfully registered JMX Bean with object name Ratis:service=RaftServer,group=group-89E7C0B669EB,id=73de0732-aa09-4d2e-8ccf-f79b8b9cbabe
2025-05-08 12:15:02,116 [73de0732-aa09-4d2e-8ccf-f79b8b9cbabe-groupManagement] INFO  util.JmxRegister (JmxRegister.java:register(58)) - register mxBean class org.apache.ratis.server.impl.RaftServerJmxAdapter as Ratis:service=RaftServer,group=group-89E7C0B669EB,id=73de0732-aa09-4d2e-8ccf-f79b8b9cbabe
2025-05-08 12:15:02,116 [73de0732-aa09-4d2e-8ccf-f79b8b9cbabe-groupManagement] INFO  server.RaftServerConfigKeys (ConfUtils.java:logGet(46)) - raft.server.snapshot.trigger-when-stop.enabled = true (default)
2025-05-08 12:15:02,116 [73de0732-aa09-4d2e-8ccf-f79b8b9cbabe-groupManagement] INFO  server.RaftServerConfigKeys (ConfUtils.java:logGet(46)) - raft.server.snapshot.trigger-when-remove.enabled = true (default)
2025-05-08 12:15:02,116 [73de0732-aa09-4d2e-8ccf-f79b8b9cbabe-groupManagement] INFO  server.RaftServerConfigKeys (ConfUtils.java:logGet(46)) - raft.server.snapshot.auto.trigger.enabled = true (custom)
2025-05-08 12:15:02,116 [73de0732-aa09-4d2e-8ccf-f79b8b9cbabe-groupManagement] INFO  server.RaftServerConfigKeys (ConfUtils.java:logGet(46)) - raft.server.snapshot.auto.trigger.threshold = 100000 (custom)
2025-05-08 12:15:02,116 [73de0732-aa09-4d2e-8ccf-f79b8b9cbabe-groupManagement] INFO  server.RaftServerConfigKeys (ConfUtils.java:logGet(46)) - raft.server.snapshot.retention.file.num = 5 (custom)
2025-05-08 12:15:02,116 [73de0732-aa09-4d2e-8ccf-f79b8b9cbabe-groupManagement] INFO  server.RaftServerConfigKeys (ConfUtils.java:logGet(46)) - raft.server.log.purge.upto.snapshot.index = false (default)
2025-05-08 12:15:02,117 [73de0732-aa09-4d2e-8ccf-f79b8b9cbabe-groupManagement] INFO  server.RaftServer$Division (RaftServerImpl.java:start(405)) - 73de0732-aa09-4d2e-8ccf-f79b8b9cbabe@group-89E7C0B669EB: Successfully started.
2025-05-08 12:15:02,124 [grpc-default-executor-7] INFO  server.RaftServer (RaftServerProxy.java:addNew(100)) - 317162a0-bd3d-40ad-b205-542abbf35090: addNew group-89E7C0B669EB:[2ac133fa-68ef-4921-8bb4-d040b7072d41|127.0.0.1:15039, 73de0732-aa09-4d2e-8ccf-f79b8b9cbabe|127.0.0.1:15015, 317162a0-bd3d-40ad-b205-542abbf35090|127.0.0.1:15023] returns group-89E7C0B669EB:java.util.concurrent.CompletableFuture@1b85db49[Not completed]
2025-05-08 12:15:02,125 [317162a0-bd3d-40ad-b205-542abbf35090-groupManagement] INFO  server.RaftServer$Division (RaftServerImpl.java:<init>(255)) - 317162a0-bd3d-40ad-b205-542abbf35090: new RaftServerImpl for group-89E7C0B669EB:[2ac133fa-68ef-4921-8bb4-d040b7072d41|127.0.0.1:15039, 73de0732-aa09-4d2e-8ccf-f79b8b9cbabe|127.0.0.1:15015, 317162a0-bd3d-40ad-b205-542abbf35090|127.0.0.1:15023] with ContainerStateMachine:uninitialized
2025-05-08 12:15:02,125 [317162a0-bd3d-40ad-b205-542abbf35090-groupManagement] INFO  server.RaftServerConfigKeys (ConfUtils.java:logGet(46)) - raft.server.rpc.timeout.min = 5s (custom)
2025-05-08 12:15:02,125 [317162a0-bd3d-40ad-b205-542abbf35090-groupManagement] INFO  server.RaftServerConfigKeys (ConfUtils.java:logGet(46)) - raft.server.rpc.timeout.max = 5200ms (custom)
2025-05-08 12:15:02,125 [317162a0-bd3d-40ad-b205-542abbf35090-groupManagement] INFO  server.RaftServerConfigKeys (ConfUtils.java:logGet(46)) - raft.server.rpc.sleep.time = 25ms (default)
2025-05-08 12:15:02,125 [317162a0-bd3d-40ad-b205-542abbf35090-groupManagement] INFO  server.RaftServerConfigKeys (ConfUtils.java:logGet(46)) - raft.server.rpc.slowness.timeout = 300s (custom)
2025-05-08 12:15:02,125 [317162a0-bd3d-40ad-b205-542abbf35090-groupManagement] INFO  server.RaftServerConfigKeys (ConfUtils.java:logGet(46)) - raft.server.leaderelection.leader.step-down.wait-time = 10s (default)
2025-05-08 12:15:02,126 [317162a0-bd3d-40ad-b205-542abbf35090-groupManagement] INFO  server.RaftServerConfigKeys (ConfUtils.java:logGet(46)) - raft.server.leaderelection.member.majority-add = false (default)
2025-05-08 12:15:02,126 [317162a0-bd3d-40ad-b205-542abbf35090-groupManagement] INFO  server.RaftServerConfigKeys (ConfUtils.java:logGet(46)) - raft.server.sleep.deviation.threshold = 300ms (default)
2025-05-08 12:15:02,126 [317162a0-bd3d-40ad-b205-542abbf35090-groupManagement] INFO  server.RaftServer$Division (ServerState.java:<init>(114)) - 317162a0-bd3d-40ad-b205-542abbf35090@group-89E7C0B669EB: ConfigurationManager, init=conf: {index: -1, cur=peers:[2ac133fa-68ef-4921-8bb4-d040b7072d41|127.0.0.1:15039, 73de0732-aa09-4d2e-8ccf-f79b8b9cbabe|127.0.0.1:15015, 317162a0-bd3d-40ad-b205-542abbf35090|127.0.0.1:15023]|listeners:[], old=null}, confs=<EMPTY_MAP>
2025-05-08 12:15:02,126 [317162a0-bd3d-40ad-b205-542abbf35090-groupManagement] INFO  server.RaftServerConfigKeys (ConfUtils.java:logGet(46)) - raft.server.notification.no-leader.timeout = 300s (custom)
2025-05-08 12:15:02,126 [317162a0-bd3d-40ad-b205-542abbf35090-groupManagement] INFO  server.RaftServerConfigKeys (ConfUtils.java:logGet(46)) - raft.server.read.timeout = 10s (default)
2025-05-08 12:15:02,126 [317162a0-bd3d-40ad-b205-542abbf35090-groupManagement] INFO  server.RaftServerConfigKeys (ConfUtils.java:logGet(46)) - raft.server.retrycache.expirytime = 600000ms (custom)
2025-05-08 12:15:02,126 [317162a0-bd3d-40ad-b205-542abbf35090-groupManagement] INFO  server.RaftServerConfigKeys (ConfUtils.java:logGet(46)) - raft.server.retrycache.statistics.expirytime = 100ms (default)
2025-05-08 12:15:02,126 [317162a0-bd3d-40ad-b205-542abbf35090-groupManagement] INFO  server.RaftServerConfigKeys (ConfUtils.java:logGet(46)) - raft.server.read.option = DEFAULT (default)
2025-05-08 12:15:02,126 [317162a0-bd3d-40ad-b205-542abbf35090-groupManagement] INFO  server.RaftServerConfigKeys (ConfUtils.java:logGet(46)) - raft.server.read.read-after-write-consistent.write-index-cache.expiry-time = 60s (default)
2025-05-08 12:15:02,129 [317162a0-bd3d-40ad-b205-542abbf35090-groupManagement] INFO  server.RaftServerConfigKeys (ConfUtils.java:logGet(46)) - raft.server.rpc.request.timeout = 60s (custom)
2025-05-08 12:15:02,129 [317162a0-bd3d-40ad-b205-542abbf35090-groupManagement] INFO  server.RaftServerConfigKeys (ConfUtils.java:logGet(46)) - raft.server.log.appender.install.snapshot.enabled = false (custom)
2025-05-08 12:15:02,129 [317162a0-bd3d-40ad-b205-542abbf35090-groupManagement] INFO  server.RaftServerConfigKeys (ConfUtils.java:logGet(46)) - raft.server.threadpool.server.cached = true (default)
2025-05-08 12:15:02,129 [317162a0-bd3d-40ad-b205-542abbf35090-groupManagement] INFO  server.RaftServerConfigKeys (ConfUtils.java:logGet(46)) - raft.server.threadpool.server.size = 0 (default)
2025-05-08 12:15:02,129 [317162a0-bd3d-40ad-b205-542abbf35090-groupManagement] INFO  server.RaftServerConfigKeys (ConfUtils.java:logGet(46)) - raft.server.threadpool.client.cached = true (default)
2025-05-08 12:15:02,129 [317162a0-bd3d-40ad-b205-542abbf35090-groupManagement] INFO  server.RaftServerConfigKeys (ConfUtils.java:logGet(46)) - raft.server.threadpool.client.size = 0 (default)
2025-05-08 12:15:02,129 [317162a0-bd3d-40ad-b205-542abbf35090-groupManagement] INFO  server.RaftServerConfigKeys (ConfUtils.java:logGet(46)) - raft.server.storage.free-space.min = 0MB (=0) (default)
2025-05-08 12:15:02,129 [317162a0-bd3d-40ad-b205-542abbf35090-groupManagement] INFO  server.RaftServerConfigKeys (ConfUtils.java:logGet(46)) - raft.server.log.corruption.policy = EXCEPTION (default)
2025-05-08 12:15:02,129 [317162a0-bd3d-40ad-b205-542abbf35090-groupManagement] INFO  server.RaftServerConfigKeys (ConfUtils.java:logGet(46)) - raft.server.storage.dir = [/home/runner/work/ozone/ozone/hadoop-ozone/integration-test/target/test-dir/MiniOzoneClusterImpl-efc39a28-6472-4ee4-b6fc-2c7f8ca0458d/ozone-meta/datanode-2/ratis] (custom)
2025-05-08 12:15:02,129 [317162a0-bd3d-40ad-b205-542abbf35090-groupManagement] INFO  storage.RaftStorageDirectory (RaftStorageDirectoryImpl.java:analyzeStorage(138)) - The storage directory /home/runner/work/ozone/ozone/hadoop-ozone/integration-test/target/test-dir/MiniOzoneClusterImpl-efc39a28-6472-4ee4-b6fc-2c7f8ca0458d/ozone-meta/datanode-2/ratis/7a81baaa-000d-4560-a2d5-89e7c0b669eb does not exist. Creating ...
2025-05-08 12:15:02,131 [317162a0-bd3d-40ad-b205-542abbf35090-groupManagement] INFO  storage.RaftStorageDirectory (RaftStorageDirectoryImpl.java:tryLock(229)) - Lock on /home/runner/work/ozone/ozone/hadoop-ozone/integration-test/target/test-dir/MiniOzoneClusterImpl-efc39a28-6472-4ee4-b6fc-2c7f8ca0458d/ozone-meta/datanode-2/ratis/7a81baaa-000d-4560-a2d5-89e7c0b669eb/in_use.lock acquired by nodename 33187@fv-az1940-623
2025-05-08 12:15:02,132 [317162a0-bd3d-40ad-b205-542abbf35090-groupManagement] INFO  storage.RaftStorage (RaftStorageImpl.java:format(98)) - Storage directory /home/runner/work/ozone/ozone/hadoop-ozone/integration-test/target/test-dir/MiniOzoneClusterImpl-efc39a28-6472-4ee4-b6fc-2c7f8ca0458d/ozone-meta/datanode-2/ratis/7a81baaa-000d-4560-a2d5-89e7c0b669eb has been successfully formatted.
2025-05-08 12:15:02,132 [317162a0-bd3d-40ad-b205-542abbf35090-groupManagement] INFO  ratis.ContainerStateMachine (ContainerStateMachine.java:initialize(339)) - 317162a0-bd3d-40ad-b205-542abbf35090: initialize group-89E7C0B669EB
2025-05-08 12:15:02,133 [317162a0-bd3d-40ad-b205-542abbf35090-groupManagement] INFO  ratis.ContainerStateMachine (ContainerStateMachine.java:loadSnapshot(347)) - group-89E7C0B669EB: The snapshot info is null. Setting the last applied index to:(t:0, i:~)
2025-05-08 12:15:02,133 [317162a0-bd3d-40ad-b205-542abbf35090-groupManagement] INFO  server.RaftServerConfigKeys (ConfUtils.java:logGet(46)) - raft.server.log.use.memory = false (default)
2025-05-08 12:15:02,133 [317162a0-bd3d-40ad-b205-542abbf35090-groupManagement] INFO  server.RaftServerConfigKeys (ConfUtils.java:logGet(46)) - raft.server.log.purge.gap = 1000000 (custom)
2025-05-08 12:15:02,133 [317162a0-bd3d-40ad-b205-542abbf35090-groupManagement] INFO  server.RaftServerConfigKeys (ConfUtils.java:logGet(46)) - raft.server.log.appender.buffer.byte-limit = 33554432 (custom)
2025-05-08 12:15:02,133 [317162a0-bd3d-40ad-b205-542abbf35090-groupManagement] INFO  server.RaftServerConfigKeys (ConfUtils.java:logGet(46)) - raft.server.log.statemachine.data.read.timeout = 1000ms (default)
2025-05-08 12:15:02,133 [317162a0-bd3d-40ad-b205-542abbf35090-groupManagement] INFO  server.RaftServerConfigKeys (ConfUtils.java:logGet(46)) - raft.server.log.purge.preservation.log.num = 0 (default)
2025-05-08 12:15:02,134 [317162a0-bd3d-40ad-b205-542abbf35090-groupManagement] INFO  server.RaftServerConfigKeys (ConfUtils.java:logGet(46)) - raft.server.log.segment.size.max = 67108864 (custom)
2025-05-08 12:15:02,134 [317162a0-bd3d-40ad-b205-542abbf35090-groupManagement] INFO  server.RaftServerConfigKeys (ConfUtils.java:logGet(46)) - raft.server.log.segment.cache.num.max = 2 (custom)
2025-05-08 12:15:02,135 [317162a0-bd3d-40ad-b205-542abbf35090-groupManagement] INFO  server.RaftServerConfigKeys (ConfUtils.java:logGet(46)) - raft.server.log.segment.cache.size.max = 200MB (=209715200) (default)
2025-05-08 12:15:02,135 [317162a0-bd3d-40ad-b205-542abbf35090-groupManagement] INFO  server.RaftServerConfigKeys (ConfUtils.java:logGet(46)) - raft.server.log.appender.buffer.byte-limit = 33554432 (custom)
2025-05-08 12:15:02,135 [317162a0-bd3d-40ad-b205-542abbf35090-groupManagement] INFO  util.AwaitToRun (AwaitToRun.java:start(81)) - Thread[#1211,317162a0-bd3d-40ad-b205-542abbf35090@group-89E7C0B669EB-cacheEviction-AwaitToRun,5,main] started
2025-05-08 12:15:02,135 [317162a0-bd3d-40ad-b205-542abbf35090-groupManagement] INFO  segmented.SegmentedRaftLogWorker (SegmentedRaftLogWorker.java:<init>(188)) - new 317162a0-bd3d-40ad-b205-542abbf35090@group-89E7C0B669EB-SegmentedRaftLogWorker for RaftStorageImpl:Storage Directory /home/runner/work/ozone/ozone/hadoop-ozone/integration-test/target/test-dir/MiniOzoneClusterImpl-efc39a28-6472-4ee4-b6fc-2c7f8ca0458d/ozone-meta/datanode-2/ratis/7a81baaa-000d-4560-a2d5-89e7c0b669eb
2025-05-08 12:15:02,135 [317162a0-bd3d-40ad-b205-542abbf35090-groupManagement] INFO  server.RaftServerConfigKeys (ConfUtils.java:logGet(46)) - raft.server.log.queue.byte-limit = 4294967296 (custom)
2025-05-08 12:15:02,135 [317162a0-bd3d-40ad-b205-542abbf35090-groupManagement] INFO  server.RaftServerConfigKeys (ConfUtils.java:logGet(46)) - raft.server.log.queue.element-limit = 1024 (custom)
2025-05-08 12:15:02,135 [317162a0-bd3d-40ad-b205-542abbf35090-groupManagement] INFO  server.RaftServerConfigKeys (ConfUtils.java:logGet(46)) - raft.server.log.segment.size.max = 67108864 (custom)
2025-05-08 12:15:02,135 [317162a0-bd3d-40ad-b205-542abbf35090-groupManagement] INFO  server.RaftServerConfigKeys (ConfUtils.java:logGet(46)) - raft.server.log.preallocated.size = 4194304 (custom)
2025-05-08 12:15:02,135 [317162a0-bd3d-40ad-b205-542abbf35090-groupManagement] INFO  server.RaftServerConfigKeys (ConfUtils.java:logGet(46)) - raft.server.log.force.sync.num = 128 (default)
2025-05-08 12:15:02,135 [317162a0-bd3d-40ad-b205-542abbf35090-groupManagement] INFO  server.RaftServerConfigKeys (ConfUtils.java:logGet(46)) - raft.server.log.statemachine.data.sync = true (default)
2025-05-08 12:15:02,135 [317162a0-bd3d-40ad-b205-542abbf35090-groupManagement] INFO  server.RaftServerConfigKeys (ConfUtils.java:logGet(46)) - raft.server.log.statemachine.data.sync.timeout = 10s (default)
2025-05-08 12:15:02,135 [317162a0-bd3d-40ad-b205-542abbf35090-groupManagement] INFO  server.RaftServerConfigKeys (ConfUtils.java:logGet(46)) - raft.server.log.statemachine.data.sync.timeout.retry = 30 (custom)
2025-05-08 12:15:02,136 [317162a0-bd3d-40ad-b205-542abbf35090-groupManagement] INFO  server.RaftServerConfigKeys (ConfUtils.java:logGet(46)) - raft.server.log.write.buffer.size = 33554440 (custom)
2025-05-08 12:15:02,141 [317162a0-bd3d-40ad-b205-542abbf35090-groupManagement] INFO  server.RaftServerConfigKeys (ConfUtils.java:logGet(46)) - raft.server.log.appender.buffer.byte-limit = 33554432 (custom)
2025-05-08 12:15:02,141 [317162a0-bd3d-40ad-b205-542abbf35090-groupManagement] INFO  server.RaftServerConfigKeys (ConfUtils.java:logGet(46)) - raft.server.log.unsafe-flush.enabled = false (default)
2025-05-08 12:15:02,141 [317162a0-bd3d-40ad-b205-542abbf35090-groupManagement] INFO  server.RaftServerConfigKeys (ConfUtils.java:logGet(46)) - raft.server.log.async-flush.enabled = false (default)
2025-05-08 12:15:02,141 [317162a0-bd3d-40ad-b205-542abbf35090-groupManagement] INFO  server.RaftServerConfigKeys (ConfUtils.java:logGet(46)) - raft.server.log.statemachine.data.caching.enabled = true (custom)
2025-05-08 12:15:02,141 [317162a0-bd3d-40ad-b205-542abbf35090-groupManagement] INFO  segmented.SegmentedRaftLogWorker (SegmentedRaftLogWorker.java:lambda$new$0(139)) - 317162a0-bd3d-40ad-b205-542abbf35090@group-89E7C0B669EB-SegmentedRaftLogWorker: flushIndex: setUnconditionally 0 -> -1
2025-05-08 12:15:02,141 [317162a0-bd3d-40ad-b205-542abbf35090-groupManagement] INFO  segmented.SegmentedRaftLogWorker (SegmentedRaftLogWorker.java:lambda$new$0(139)) - 317162a0-bd3d-40ad-b205-542abbf35090@group-89E7C0B669EB-SegmentedRaftLogWorker: safeCacheEvictIndex: setUnconditionally 0 -> -1
2025-05-08 12:15:02,142 [317162a0-bd3d-40ad-b205-542abbf35090-groupManagement] INFO  server.RaftServer$Division (RaftServerImpl.java:start(391)) - 317162a0-bd3d-40ad-b205-542abbf35090@group-89E7C0B669EB: start as a follower, conf=conf: {index: -1, cur=peers:[2ac133fa-68ef-4921-8bb4-d040b7072d41|127.0.0.1:15039, 73de0732-aa09-4d2e-8ccf-f79b8b9cbabe|127.0.0.1:15015, 317162a0-bd3d-40ad-b205-542abbf35090|127.0.0.1:15023]|listeners:[], old=null}
2025-05-08 12:15:02,142 [317162a0-bd3d-40ad-b205-542abbf35090-groupManagement] INFO  server.RaftServer$Division (RaftServerImpl.java:setRole(378)) - 317162a0-bd3d-40ad-b205-542abbf35090@group-89E7C0B669EB: changes role from      null to FOLLOWER at term 0 for startAsFollower
2025-05-08 12:15:02,142 [317162a0-bd3d-40ad-b205-542abbf35090-groupManagement] INFO  impl.RoleInfo (RoleInfo.java:updateAndGet(148)) - 317162a0-bd3d-40ad-b205-542abbf35090: start 317162a0-bd3d-40ad-b205-542abbf35090@group-89E7C0B669EB-FollowerState
2025-05-08 12:15:02,142 [317162a0-bd3d-40ad-b205-542abbf35090-groupManagement] INFO  util.JmxRegister (JmxRegister.java:tryRegister(44)) - Successfully registered JMX Bean with object name Ratis:service=RaftServer,group=group-89E7C0B669EB,id=317162a0-bd3d-40ad-b205-542abbf35090
2025-05-08 12:15:02,142 [317162a0-bd3d-40ad-b205-542abbf35090-groupManagement] INFO  util.JmxRegister (JmxRegister.java:register(58)) - register mxBean class org.apache.ratis.server.impl.RaftServerJmxAdapter as Ratis:service=RaftServer,group=group-89E7C0B669EB,id=317162a0-bd3d-40ad-b205-542abbf35090
2025-05-08 12:15:02,142 [317162a0-bd3d-40ad-b205-542abbf35090-groupManagement] INFO  server.RaftServerConfigKeys (ConfUtils.java:logGet(46)) - raft.server.snapshot.trigger-when-stop.enabled = true (default)
2025-05-08 12:15:02,142 [317162a0-bd3d-40ad-b205-542abbf35090-groupManagement] INFO  server.RaftServerConfigKeys (ConfUtils.java:logGet(46)) - raft.server.snapshot.trigger-when-remove.enabled = true (default)
2025-05-08 12:15:02,142 [317162a0-bd3d-40ad-b205-542abbf35090-groupManagement] INFO  server.RaftServerConfigKeys (ConfUtils.java:logGet(46)) - raft.server.snapshot.auto.trigger.enabled = true (custom)
2025-05-08 12:15:02,142 [317162a0-bd3d-40ad-b205-542abbf35090-groupManagement] INFO  server.RaftServerConfigKeys (ConfUtils.java:logGet(46)) - raft.server.snapshot.auto.trigger.threshold = 100000 (custom)
2025-05-08 12:15:02,142 [317162a0-bd3d-40ad-b205-542abbf35090-groupManagement] INFO  server.RaftServerConfigKeys (ConfUtils.java:logGet(46)) - raft.server.snapshot.retention.file.num = 5 (custom)
2025-05-08 12:15:02,142 [317162a0-bd3d-40ad-b205-542abbf35090-groupManagement] INFO  server.RaftServerConfigKeys (ConfUtils.java:logGet(46)) - raft.server.log.purge.upto.snapshot.index = false (default)
2025-05-08 12:15:02,143 [317162a0-bd3d-40ad-b205-542abbf35090@group-89E7C0B669EB-FollowerState] INFO  server.RaftServerConfigKeys (ConfUtils.java:logGet(46)) - raft.server.rpc.first-election.timeout.min = 1000ms (custom)
2025-05-08 12:15:02,143 [317162a0-bd3d-40ad-b205-542abbf35090@group-89E7C0B669EB-FollowerState] INFO  server.RaftServerConfigKeys (ConfUtils.java:logGet(46)) - raft.server.rpc.first-election.timeout.max = 1200ms (custom)
2025-05-08 12:15:02,143 [317162a0-bd3d-40ad-b205-542abbf35090-groupManagement] INFO  server.RaftServer$Division (RaftServerImpl.java:start(405)) - 317162a0-bd3d-40ad-b205-542abbf35090@group-89E7C0B669EB: Successfully started.
2025-05-08 12:15:02,145 [2ac133fa-68ef-4921-8bb4-d040b7072d41-PipelineCommandHandlerThread-0] INFO  commandhandler.CreatePipelineCommandHandler (CreatePipelineCommandHandler.java:lambda$handle$2(128)) - Created Pipeline RATIS THREE PipelineID=7a81baaa-000d-4560-a2d5-89e7c0b669eb.
2025-05-08 12:15:02,204 [ReplicationMonitor] INFO  replication.ReplicationManager (ReplicationManager.java:sendDatanodeCommand(663)) - Sending command [closeContainerCommand: cmdID: 14, encodedToken: "", term: 0, deadlineMsSinceEpoch: 0, containerID: 14, pipelineID: PipelineID=30af3b1a-a629-40eb-b1f1-cf0b59c01792, force: false] for container ContainerInfo{id=#14, state=CLOSED, stateEnterTime=2025-05-08T12:14:49.181754190Z, pipelineID=PipelineID=30af3b1a-a629-40eb-b1f1-cf0b59c01792, owner=omServiceIdDefault} to 317162a0-bd3d-40ad-b205-542abbf35090(localhost/127.0.0.1) with datanode deadline 1746706862204 and scm deadline 1746707222204
2025-05-08 12:15:02,204 [ReplicationMonitor] INFO  replication.ReplicationManager (ReplicationManager.java:sendDatanodeCommand(663)) - Sending command [closeContainerCommand: cmdID: 14, encodedToken: "", term: 0, deadlineMsSinceEpoch: 0, containerID: 14, pipelineID: PipelineID=30af3b1a-a629-40eb-b1f1-cf0b59c01792, force: false] for container ContainerInfo{id=#14, state=CLOSED, stateEnterTime=2025-05-08T12:14:49.181754190Z, pipelineID=PipelineID=30af3b1a-a629-40eb-b1f1-cf0b59c01792, owner=omServiceIdDefault} to 73de0732-aa09-4d2e-8ccf-f79b8b9cbabe(localhost/127.0.0.1) with datanode deadline 1746706862204 and scm deadline 1746707222204
2025-05-08 12:15:02,204 [ReplicationMonitor] INFO  replication.ReplicationManager (ReplicationManager.java:processAll(382)) - Replication Monitor Thread took 2 milliseconds for processing 14 containers.
2025-05-08 12:15:03,143 [73de0732-aa09-4d2e-8ccf-f79b8b9cbabe@group-89E7C0B669EB-FollowerState] INFO  impl.FollowerState (FollowerState.java:runImpl(161)) - 73de0732-aa09-4d2e-8ccf-f79b8b9cbabe@group-89E7C0B669EB-FollowerState: change to CANDIDATE, lastRpcElapsedTime:1027481061ns, electionTimeout:1027ms
2025-05-08 12:15:03,143 [73de0732-aa09-4d2e-8ccf-f79b8b9cbabe@group-89E7C0B669EB-FollowerState] INFO  impl.RoleInfo (RoleInfo.java:shutdownFollowerState(121)) - 73de0732-aa09-4d2e-8ccf-f79b8b9cbabe: shutdown 73de0732-aa09-4d2e-8ccf-f79b8b9cbabe@group-89E7C0B669EB-FollowerState
2025-05-08 12:15:03,143 [73de0732-aa09-4d2e-8ccf-f79b8b9cbabe@group-89E7C0B669EB-FollowerState] INFO  server.RaftServer$Division (RaftServerImpl.java:setRole(378)) - 73de0732-aa09-4d2e-8ccf-f79b8b9cbabe@group-89E7C0B669EB: changes role from  FOLLOWER to CANDIDATE at term 0 for changeToCandidate
2025-05-08 12:15:03,143 [73de0732-aa09-4d2e-8ccf-f79b8b9cbabe@group-89E7C0B669EB-FollowerState] INFO  server.RaftServerConfigKeys (ConfUtils.java:logGet(46)) - raft.server.leaderelection.pre-vote = true (default)
2025-05-08 12:15:03,143 [73de0732-aa09-4d2e-8ccf-f79b8b9cbabe@group-89E7C0B669EB-FollowerState] INFO  impl.RoleInfo (RoleInfo.java:updateAndGet(148)) - 73de0732-aa09-4d2e-8ccf-f79b8b9cbabe: start 73de0732-aa09-4d2e-8ccf-f79b8b9cbabe@group-89E7C0B669EB-LeaderElection12
2025-05-08 12:15:03,144 [73de0732-aa09-4d2e-8ccf-f79b8b9cbabe@group-89E7C0B669EB-LeaderElection12] INFO  impl.LeaderElection (LeaderElection.java:askForVotes(332)) - 73de0732-aa09-4d2e-8ccf-f79b8b9cbabe@group-89E7C0B669EB-LeaderElection12 PRE_VOTE round 0: submit vote requests at term 0 for conf: {index: -1, cur=peers:[2ac133fa-68ef-4921-8bb4-d040b7072d41|127.0.0.1:15039, 73de0732-aa09-4d2e-8ccf-f79b8b9cbabe|127.0.0.1:15015, 317162a0-bd3d-40ad-b205-542abbf35090|127.0.0.1:15023]|listeners:[], old=null}
2025-05-08 12:15:03,144 [73de0732-aa09-4d2e-8ccf-f79b8b9cbabe@group-89E7C0B669EB-LeaderElection12-1] INFO  server.GrpcServerProtocolClient (GrpcServerProtocolClient.java:<init>(65)) - Build channel for 2ac133fa-68ef-4921-8bb4-d040b7072d41|127.0.0.1:15039
2025-05-08 12:15:03,144 [73de0732-aa09-4d2e-8ccf-f79b8b9cbabe@group-89E7C0B669EB-LeaderElection12] INFO  server.RaftServerConfigKeys (ConfUtils.java:logGet(46)) - raft.server.rpc.first-election.timeout.min = 1000ms (custom)
2025-05-08 12:15:03,144 [73de0732-aa09-4d2e-8ccf-f79b8b9cbabe@group-89E7C0B669EB-LeaderElection12] INFO  server.RaftServerConfigKeys (ConfUtils.java:logGet(46)) - raft.server.rpc.first-election.timeout.max = 1200ms (custom)
2025-05-08 12:15:03,145 [grpc-default-executor-7] INFO  server.RaftServer$Division (RaftServerImpl.java:requestVote(1407)) - 317162a0-bd3d-40ad-b205-542abbf35090@group-89E7C0B669EB: receive requestVote(PRE_VOTE, 73de0732-aa09-4d2e-8ccf-f79b8b9cbabe, group-89E7C0B669EB, 0, (t:0, i:0))
2025-05-08 12:15:03,145 [grpc-default-executor-7] INFO  impl.VoteContext (VoteContext.java:log(49)) - 317162a0-bd3d-40ad-b205-542abbf35090@group-89E7C0B669EB-FOLLOWER: accept PRE_VOTE from 73de0732-aa09-4d2e-8ccf-f79b8b9cbabe: our priority 0 <= candidate's priority 0
2025-05-08 12:15:03,145 [grpc-default-executor-7] INFO  server.RaftServer$Division (RaftServerImpl.java:requestVote(1441)) - 317162a0-bd3d-40ad-b205-542abbf35090@group-89E7C0B669EB replies to PRE_VOTE vote request: 73de0732-aa09-4d2e-8ccf-f79b8b9cbabe<-317162a0-bd3d-40ad-b205-542abbf35090#0:OK-t0. Peer's state: 317162a0-bd3d-40ad-b205-542abbf35090@group-89E7C0B669EB:t0, leader=null, voted=, raftlog=Memoized:317162a0-bd3d-40ad-b205-542abbf35090@group-89E7C0B669EB-SegmentedRaftLog:OPENED:c-1:lastnull, conf=conf: {index: -1, cur=peers:[2ac133fa-68ef-4921-8bb4-d040b7072d41|127.0.0.1:15039, 73de0732-aa09-4d2e-8ccf-f79b8b9cbabe|127.0.0.1:15015, 317162a0-bd3d-40ad-b205-542abbf35090|127.0.0.1:15023]|listeners:[], old=null}
2025-05-08 12:15:03,148 [grpc-default-executor-2] INFO  server.RaftServer$Division (RaftServerImpl.java:requestVote(1407)) - 2ac133fa-68ef-4921-8bb4-d040b7072d41@group-89E7C0B669EB: receive requestVote(PRE_VOTE, 73de0732-aa09-4d2e-8ccf-f79b8b9cbabe, group-89E7C0B669EB, 0, (t:0, i:0))
2025-05-08 12:15:03,148 [grpc-default-executor-2] INFO  impl.VoteContext (VoteContext.java:log(49)) - 2ac133fa-68ef-4921-8bb4-d040b7072d41@group-89E7C0B669EB-FOLLOWER: reject PRE_VOTE from 73de0732-aa09-4d2e-8ccf-f79b8b9cbabe: our priority 1 > candidate's priority 0
2025-05-08 12:15:03,148 [grpc-default-executor-2] INFO  server.RaftServer$Division (RaftServerImpl.java:requestVote(1441)) - 2ac133fa-68ef-4921-8bb4-d040b7072d41@group-89E7C0B669EB replies to PRE_VOTE vote request: 73de0732-aa09-4d2e-8ccf-f79b8b9cbabe<-2ac133fa-68ef-4921-8bb4-d040b7072d41#0:FAIL-t0. Peer's state: 2ac133fa-68ef-4921-8bb4-d040b7072d41@group-89E7C0B669EB:t0, leader=null, voted=, raftlog=Memoized:2ac133fa-68ef-4921-8bb4-d040b7072d41@group-89E7C0B669EB-SegmentedRaftLog:OPENED:c-1:lastnull, conf=conf: {index: -1, cur=peers:[2ac133fa-68ef-4921-8bb4-d040b7072d41|127.0.0.1:15039, 73de0732-aa09-4d2e-8ccf-f79b8b9cbabe|127.0.0.1:15015, 317162a0-bd3d-40ad-b205-542abbf35090|127.0.0.1:15023]|listeners:[], old=null}
2025-05-08 12:15:03,148 [73de0732-aa09-4d2e-8ccf-f79b8b9cbabe@group-89E7C0B669EB-LeaderElection12] INFO  impl.LeaderElection (LeaderElection.java:logAndReturn(90)) - 73de0732-aa09-4d2e-8ccf-f79b8b9cbabe@group-89E7C0B669EB-LeaderElection12: PRE_VOTE REJECTED received 2 response(s) and 0 exception(s):
2025-05-08 12:15:03,148 [73de0732-aa09-4d2e-8ccf-f79b8b9cbabe@group-89E7C0B669EB-LeaderElection12] INFO  impl.LeaderElection (LeaderElection.java:logAndReturn(94)) -   Response 0: 73de0732-aa09-4d2e-8ccf-f79b8b9cbabe<-317162a0-bd3d-40ad-b205-542abbf35090#0:OK-t0
2025-05-08 12:15:03,148 [73de0732-aa09-4d2e-8ccf-f79b8b9cbabe@group-89E7C0B669EB-LeaderElection12] INFO  impl.LeaderElection (LeaderElection.java:logAndReturn(94)) -   Response 1: 73de0732-aa09-4d2e-8ccf-f79b8b9cbabe<-2ac133fa-68ef-4921-8bb4-d040b7072d41#0:FAIL-t0
2025-05-08 12:15:03,148 [73de0732-aa09-4d2e-8ccf-f79b8b9cbabe@group-89E7C0B669EB-LeaderElection12] INFO  impl.LeaderElection (LeaderElection.java:askForVotes(334)) - 73de0732-aa09-4d2e-8ccf-f79b8b9cbabe@group-89E7C0B669EB-LeaderElection12 PRE_VOTE round 0: result REJECTED
2025-05-08 12:15:03,149 [73de0732-aa09-4d2e-8ccf-f79b8b9cbabe@group-89E7C0B669EB-LeaderElection12] INFO  server.RaftServer$Division (RaftServerImpl.java:setRole(378)) - 73de0732-aa09-4d2e-8ccf-f79b8b9cbabe@group-89E7C0B669EB: changes role from CANDIDATE to FOLLOWER at term 0 for REJECTED
2025-05-08 12:15:03,149 [73de0732-aa09-4d2e-8ccf-f79b8b9cbabe@group-89E7C0B669EB-LeaderElection12] INFO  impl.RoleInfo (RoleInfo.java:shutdownLeaderElection(141)) - 73de0732-aa09-4d2e-8ccf-f79b8b9cbabe: shutdown 73de0732-aa09-4d2e-8ccf-f79b8b9cbabe@group-89E7C0B669EB-LeaderElection12
2025-05-08 12:15:03,149 [73de0732-aa09-4d2e-8ccf-f79b8b9cbabe@group-89E7C0B669EB-LeaderElection12] INFO  impl.RoleInfo (RoleInfo.java:updateAndGet(148)) - 73de0732-aa09-4d2e-8ccf-f79b8b9cbabe: start 73de0732-aa09-4d2e-8ccf-f79b8b9cbabe@group-89E7C0B669EB-FollowerState
2025-05-08 12:15:03,149 [73de0732-aa09-4d2e-8ccf-f79b8b9cbabe@group-89E7C0B669EB-LeaderElection12] INFO  server.RaftServer$Division (RaftServerImpl.java:setFirstElection(562)) - 73de0732-aa09-4d2e-8ccf-f79b8b9cbabe@group-89E7C0B669EB: set firstElectionSinceStartup to false for REJECTED
2025-05-08 12:15:03,153 [317162a0-bd3d-40ad-b205-542abbf35090@group-89E7C0B669EB-FollowerState] INFO  server.RaftServerConfigKeys (ConfUtils.java:logGet(46)) - raft.server.rpc.first-election.timeout.min = 1000ms (custom)
2025-05-08 12:15:03,153 [317162a0-bd3d-40ad-b205-542abbf35090@group-89E7C0B669EB-FollowerState] INFO  server.RaftServerConfigKeys (ConfUtils.java:logGet(46)) - raft.server.rpc.first-election.timeout.max = 1200ms (custom)
2025-05-08 12:15:03,205 [ReplicationMonitor] INFO  replication.ReplicationManager (ReplicationManager.java:sendDatanodeCommand(663)) - Sending command [closeContainerCommand: cmdID: 14, encodedToken: "", term: 0, deadlineMsSinceEpoch: 0, containerID: 14, pipelineID: PipelineID=30af3b1a-a629-40eb-b1f1-cf0b59c01792, force: false] for container ContainerInfo{id=#14, state=CLOSED, stateEnterTime=2025-05-08T12:14:49.181754190Z, pipelineID=PipelineID=30af3b1a-a629-40eb-b1f1-cf0b59c01792, owner=omServiceIdDefault} to 317162a0-bd3d-40ad-b205-542abbf35090(localhost/127.0.0.1) with datanode deadline 1746706863205 and scm deadline 1746707223205
2025-05-08 12:15:03,205 [ReplicationMonitor] INFO  replication.ReplicationManager (ReplicationManager.java:sendDatanodeCommand(663)) - Sending command [closeContainerCommand: cmdID: 14, encodedToken: "", term: 0, deadlineMsSinceEpoch: 0, containerID: 14, pipelineID: PipelineID=30af3b1a-a629-40eb-b1f1-cf0b59c01792, force: false] for container ContainerInfo{id=#14, state=CLOSED, stateEnterTime=2025-05-08T12:14:49.181754190Z, pipelineID=PipelineID=30af3b1a-a629-40eb-b1f1-cf0b59c01792, owner=omServiceIdDefault} to 73de0732-aa09-4d2e-8ccf-f79b8b9cbabe(localhost/127.0.0.1) with datanode deadline 1746706863205 and scm deadline 1746707223205
2025-05-08 12:15:03,205 [ReplicationMonitor] INFO  replication.ReplicationManager (ReplicationManager.java:processAll(382)) - Replication Monitor Thread took 1 milliseconds for processing 14 containers.
2025-05-08 12:15:03,237 [2ac133fa-68ef-4921-8bb4-d040b7072d41@group-89E7C0B669EB-FollowerState] INFO  impl.FollowerState (FollowerState.java:runImpl(161)) - 2ac133fa-68ef-4921-8bb4-d040b7072d41@group-89E7C0B669EB-FollowerState: change to CANDIDATE, lastRpcElapsedTime:1145612270ns, electionTimeout:1145ms
2025-05-08 12:15:03,237 [2ac133fa-68ef-4921-8bb4-d040b7072d41@group-89E7C0B669EB-FollowerState] INFO  impl.RoleInfo (RoleInfo.java:shutdownFollowerState(121)) - 2ac133fa-68ef-4921-8bb4-d040b7072d41: shutdown 2ac133fa-68ef-4921-8bb4-d040b7072d41@group-89E7C0B669EB-FollowerState
2025-05-08 12:15:03,237 [2ac133fa-68ef-4921-8bb4-d040b7072d41@group-89E7C0B669EB-FollowerState] INFO  server.RaftServer$Division (RaftServerImpl.java:setRole(378)) - 2ac133fa-68ef-4921-8bb4-d040b7072d41@group-89E7C0B669EB: changes role from  FOLLOWER to CANDIDATE at term 0 for changeToCandidate
2025-05-08 12:15:03,237 [2ac133fa-68ef-4921-8bb4-d040b7072d41@group-89E7C0B669EB-FollowerState] INFO  server.RaftServerConfigKeys (ConfUtils.java:logGet(46)) - raft.server.leaderelection.pre-vote = true (default)
2025-05-08 12:15:03,237 [2ac133fa-68ef-4921-8bb4-d040b7072d41@group-89E7C0B669EB-FollowerState] INFO  impl.RoleInfo (RoleInfo.java:updateAndGet(148)) - 2ac133fa-68ef-4921-8bb4-d040b7072d41: start 2ac133fa-68ef-4921-8bb4-d040b7072d41@group-89E7C0B669EB-LeaderElection13
2025-05-08 12:15:03,237 [2ac133fa-68ef-4921-8bb4-d040b7072d41@group-89E7C0B669EB-LeaderElection13] INFO  impl.LeaderElection (LeaderElection.java:askForVotes(332)) - 2ac133fa-68ef-4921-8bb4-d040b7072d41@group-89E7C0B669EB-LeaderElection13 PRE_VOTE round 0: submit vote requests at term 0 for conf: {index: -1, cur=peers:[2ac133fa-68ef-4921-8bb4-d040b7072d41|127.0.0.1:15039, 73de0732-aa09-4d2e-8ccf-f79b8b9cbabe|127.0.0.1:15015, 317162a0-bd3d-40ad-b205-542abbf35090|127.0.0.1:15023]|listeners:[], old=null}
2025-05-08 12:15:03,238 [2ac133fa-68ef-4921-8bb4-d040b7072d41@group-89E7C0B669EB-LeaderElection13-1] INFO  server.GrpcServerProtocolClient (GrpcServerProtocolClient.java:<init>(65)) - Build channel for 73de0732-aa09-4d2e-8ccf-f79b8b9cbabe|127.0.0.1:15015
2025-05-08 12:15:03,238 [2ac133fa-68ef-4921-8bb4-d040b7072d41@group-89E7C0B669EB-LeaderElection13-2] INFO  server.GrpcServerProtocolClient (GrpcServerProtocolClient.java:<init>(65)) - Build channel for 317162a0-bd3d-40ad-b205-542abbf35090|127.0.0.1:15023
2025-05-08 12:15:03,238 [2ac133fa-68ef-4921-8bb4-d040b7072d41@group-89E7C0B669EB-LeaderElection13] INFO  server.RaftServerConfigKeys (ConfUtils.java:logGet(46)) - raft.server.rpc.first-election.timeout.min = 1000ms (custom)
2025-05-08 12:15:03,238 [2ac133fa-68ef-4921-8bb4-d040b7072d41@group-89E7C0B669EB-LeaderElection13] INFO  server.RaftServerConfigKeys (ConfUtils.java:logGet(46)) - raft.server.rpc.first-election.timeout.max = 1200ms (custom)
2025-05-08 12:15:03,241 [grpc-default-executor-7] INFO  server.RaftServer$Division (RaftServerImpl.java:requestVote(1407)) - 317162a0-bd3d-40ad-b205-542abbf35090@group-89E7C0B669EB: receive requestVote(PRE_VOTE, 2ac133fa-68ef-4921-8bb4-d040b7072d41, group-89E7C0B669EB, 0, (t:0, i:0))
2025-05-08 12:15:03,241 [grpc-default-executor-7] INFO  impl.VoteContext (VoteContext.java:log(49)) - 317162a0-bd3d-40ad-b205-542abbf35090@group-89E7C0B669EB-FOLLOWER: accept PRE_VOTE from 2ac133fa-68ef-4921-8bb4-d040b7072d41: our priority 0 <= candidate's priority 1
2025-05-08 12:15:03,241 [grpc-default-executor-7] INFO  server.RaftServer$Division (RaftServerImpl.java:requestVote(1441)) - 317162a0-bd3d-40ad-b205-542abbf35090@group-89E7C0B669EB replies to PRE_VOTE vote request: 2ac133fa-68ef-4921-8bb4-d040b7072d41<-317162a0-bd3d-40ad-b205-542abbf35090#0:OK-t0. Peer's state: 317162a0-bd3d-40ad-b205-542abbf35090@group-89E7C0B669EB:t0, leader=null, voted=, raftlog=Memoized:317162a0-bd3d-40ad-b205-542abbf35090@group-89E7C0B669EB-SegmentedRaftLog:OPENED:c-1:lastnull, conf=conf: {index: -1, cur=peers:[2ac133fa-68ef-4921-8bb4-d040b7072d41|127.0.0.1:15039, 73de0732-aa09-4d2e-8ccf-f79b8b9cbabe|127.0.0.1:15015, 317162a0-bd3d-40ad-b205-542abbf35090|127.0.0.1:15023]|listeners:[], old=null}
2025-05-08 12:15:03,241 [grpc-default-executor-7] INFO  server.RaftServer$Division (RaftServerImpl.java:requestVote(1407)) - 73de0732-aa09-4d2e-8ccf-f79b8b9cbabe@group-89E7C0B669EB: receive requestVote(PRE_VOTE, 2ac133fa-68ef-4921-8bb4-d040b7072d41, group-89E7C0B669EB, 0, (t:0, i:0))
2025-05-08 12:15:03,241 [grpc-default-executor-7] INFO  impl.VoteContext (VoteContext.java:log(49)) - 73de0732-aa09-4d2e-8ccf-f79b8b9cbabe@group-89E7C0B669EB-FOLLOWER: accept PRE_VOTE from 2ac133fa-68ef-4921-8bb4-d040b7072d41: our priority 0 <= candidate's priority 1
2025-05-08 12:15:03,241 [grpc-default-executor-7] INFO  server.RaftServer$Division (RaftServerImpl.java:requestVote(1441)) - 73de0732-aa09-4d2e-8ccf-f79b8b9cbabe@group-89E7C0B669EB replies to PRE_VOTE vote request: 2ac133fa-68ef-4921-8bb4-d040b7072d41<-73de0732-aa09-4d2e-8ccf-f79b8b9cbabe#0:OK-t0. Peer's state: 73de0732-aa09-4d2e-8ccf-f79b8b9cbabe@group-89E7C0B669EB:t0, leader=null, voted=, raftlog=Memoized:73de0732-aa09-4d2e-8ccf-f79b8b9cbabe@group-89E7C0B669EB-SegmentedRaftLog:OPENED:c-1:lastnull, conf=conf: {index: -1, cur=peers:[2ac133fa-68ef-4921-8bb4-d040b7072d41|127.0.0.1:15039, 73de0732-aa09-4d2e-8ccf-f79b8b9cbabe|127.0.0.1:15015, 317162a0-bd3d-40ad-b205-542abbf35090|127.0.0.1:15023]|listeners:[], old=null}
2025-05-08 12:15:03,242 [2ac133fa-68ef-4921-8bb4-d040b7072d41@group-89E7C0B669EB-LeaderElection13] INFO  impl.LeaderElection (LeaderElection.java:logAndReturn(90)) - 2ac133fa-68ef-4921-8bb4-d040b7072d41@group-89E7C0B669EB-LeaderElection13: PRE_VOTE PASSED received 1 response(s) and 0 exception(s):
2025-05-08 12:15:03,242 [2ac133fa-68ef-4921-8bb4-d040b7072d41@group-89E7C0B669EB-LeaderElection13] INFO  impl.LeaderElection (LeaderElection.java:logAndReturn(94)) -   Response 0: 2ac133fa-68ef-4921-8bb4-d040b7072d41<-317162a0-bd3d-40ad-b205-542abbf35090#0:OK-t0
2025-05-08 12:15:03,242 [2ac133fa-68ef-4921-8bb4-d040b7072d41@group-89E7C0B669EB-LeaderElection13] INFO  impl.LeaderElection (LeaderElection.java:askForVotes(334)) - 2ac133fa-68ef-4921-8bb4-d040b7072d41@group-89E7C0B669EB-LeaderElection13 PRE_VOTE round 0: result PASSED
2025-05-08 12:15:03,243 [2ac133fa-68ef-4921-8bb4-d040b7072d41@group-89E7C0B669EB-LeaderElection13] INFO  impl.LeaderElection (LeaderElection.java:askForVotes(332)) - 2ac133fa-68ef-4921-8bb4-d040b7072d41@group-89E7C0B669EB-LeaderElection13 ELECTION round 0: submit vote requests at term 1 for conf: {index: -1, cur=peers:[2ac133fa-68ef-4921-8bb4-d040b7072d41|127.0.0.1:15039, 73de0732-aa09-4d2e-8ccf-f79b8b9cbabe|127.0.0.1:15015, 317162a0-bd3d-40ad-b205-542abbf35090|127.0.0.1:15023]|listeners:[], old=null}
2025-05-08 12:15:03,244 [2ac133fa-68ef-4921-8bb4-d040b7072d41@group-89E7C0B669EB-LeaderElection13] INFO  server.RaftServerConfigKeys (ConfUtils.java:logGet(46)) - raft.server.rpc.first-election.timeout.min = 1000ms (custom)
2025-05-08 12:15:03,244 [2ac133fa-68ef-4921-8bb4-d040b7072d41@group-89E7C0B669EB-LeaderElection13] INFO  server.RaftServerConfigKeys (ConfUtils.java:logGet(46)) - raft.server.rpc.first-election.timeout.max = 1200ms (custom)
2025-05-08 12:15:03,244 [grpc-default-executor-7] INFO  server.RaftServer$Division (RaftServerImpl.java:requestVote(1407)) - 73de0732-aa09-4d2e-8ccf-f79b8b9cbabe@group-89E7C0B669EB: receive requestVote(ELECTION, 2ac133fa-68ef-4921-8bb4-d040b7072d41, group-89E7C0B669EB, 1, (t:0, i:0))
2025-05-08 12:15:03,244 [grpc-default-executor-7] INFO  impl.VoteContext (VoteContext.java:log(49)) - 73de0732-aa09-4d2e-8ccf-f79b8b9cbabe@group-89E7C0B669EB-FOLLOWER: accept ELECTION from 2ac133fa-68ef-4921-8bb4-d040b7072d41: our priority 0 <= candidate's priority 1
2025-05-08 12:15:03,244 [grpc-default-executor-7] INFO  server.RaftServer$Division (RaftServerImpl.java:setRole(378)) - 73de0732-aa09-4d2e-8ccf-f79b8b9cbabe@group-89E7C0B669EB: changes role from  FOLLOWER to FOLLOWER at term 0 for candidate:2ac133fa-68ef-4921-8bb4-d040b7072d41
2025-05-08 12:15:03,244 [grpc-default-executor-7] INFO  impl.RoleInfo (RoleInfo.java:shutdownFollowerState(121)) - 73de0732-aa09-4d2e-8ccf-f79b8b9cbabe: shutdown 73de0732-aa09-4d2e-8ccf-f79b8b9cbabe@group-89E7C0B669EB-FollowerState
2025-05-08 12:15:03,244 [grpc-default-executor-2] INFO  server.RaftServer$Division (RaftServerImpl.java:requestVote(1407)) - 317162a0-bd3d-40ad-b205-542abbf35090@group-89E7C0B669EB: receive requestVote(ELECTION, 2ac133fa-68ef-4921-8bb4-d040b7072d41, group-89E7C0B669EB, 1, (t:0, i:0))
2025-05-08 12:15:03,244 [grpc-default-executor-2] INFO  impl.VoteContext (VoteContext.java:log(49)) - 317162a0-bd3d-40ad-b205-542abbf35090@group-89E7C0B669EB-FOLLOWER: accept ELECTION from 2ac133fa-68ef-4921-8bb4-d040b7072d41: our priority 0 <= candidate's priority 1
2025-05-08 12:15:03,244 [grpc-default-executor-2] INFO  server.RaftServer$Division (RaftServerImpl.java:setRole(378)) - 317162a0-bd3d-40ad-b205-542abbf35090@group-89E7C0B669EB: changes role from  FOLLOWER to FOLLOWER at term 0 for candidate:2ac133fa-68ef-4921-8bb4-d040b7072d41
2025-05-08 12:15:03,244 [grpc-default-executor-7] INFO  impl.RoleInfo (RoleInfo.java:updateAndGet(148)) - 73de0732-aa09-4d2e-8ccf-f79b8b9cbabe: start 73de0732-aa09-4d2e-8ccf-f79b8b9cbabe@group-89E7C0B669EB-FollowerState
2025-05-08 12:15:03,244 [grpc-default-executor-2] INFO  impl.RoleInfo (RoleInfo.java:shutdownFollowerState(121)) - 317162a0-bd3d-40ad-b205-542abbf35090: shutdown 317162a0-bd3d-40ad-b205-542abbf35090@group-89E7C0B669EB-FollowerState
2025-05-08 12:15:03,244 [73de0732-aa09-4d2e-8ccf-f79b8b9cbabe@group-89E7C0B669EB-FollowerState] INFO  impl.FollowerState (FollowerState.java:runImpl(170)) - 73de0732-aa09-4d2e-8ccf-f79b8b9cbabe@group-89E7C0B669EB-FollowerState was interrupted
2025-05-08 12:15:03,245 [grpc-default-executor-2] INFO  impl.RoleInfo (RoleInfo.java:updateAndGet(148)) - 317162a0-bd3d-40ad-b205-542abbf35090: start 317162a0-bd3d-40ad-b205-542abbf35090@group-89E7C0B669EB-FollowerState
2025-05-08 12:15:03,245 [grpc-default-executor-2] INFO  server.RaftServer$Division (RaftServerImpl.java:setFirstElection(562)) - 317162a0-bd3d-40ad-b205-542abbf35090@group-89E7C0B669EB: set firstElectionSinceStartup to false for candidate:2ac133fa-68ef-4921-8bb4-d040b7072d41
2025-05-08 12:15:03,245 [317162a0-bd3d-40ad-b205-542abbf35090@group-89E7C0B669EB-FollowerState] INFO  impl.FollowerState (FollowerState.java:runImpl(170)) - 317162a0-bd3d-40ad-b205-542abbf35090@group-89E7C0B669EB-FollowerState was interrupted
2025-05-08 12:15:03,246 [grpc-default-executor-7] INFO  server.RaftServer$Division (RaftServerImpl.java:requestVote(1441)) - 73de0732-aa09-4d2e-8ccf-f79b8b9cbabe@group-89E7C0B669EB replies to ELECTION vote request: 2ac133fa-68ef-4921-8bb4-d040b7072d41<-73de0732-aa09-4d2e-8ccf-f79b8b9cbabe#0:OK-t1. Peer's state: 73de0732-aa09-4d2e-8ccf-f79b8b9cbabe@group-89E7C0B669EB:t1, leader=null, voted=2ac133fa-68ef-4921-8bb4-d040b7072d41, raftlog=Memoized:73de0732-aa09-4d2e-8ccf-f79b8b9cbabe@group-89E7C0B669EB-SegmentedRaftLog:OPENED:c-1:lastnull, conf=conf: {index: -1, cur=peers:[2ac133fa-68ef-4921-8bb4-d040b7072d41|127.0.0.1:15039, 73de0732-aa09-4d2e-8ccf-f79b8b9cbabe|127.0.0.1:15015, 317162a0-bd3d-40ad-b205-542abbf35090|127.0.0.1:15023]|listeners:[], old=null}
2025-05-08 12:15:03,246 [grpc-default-executor-2] INFO  server.RaftServer$Division (RaftServerImpl.java:requestVote(1441)) - 317162a0-bd3d-40ad-b205-542abbf35090@group-89E7C0B669EB replies to ELECTION vote request: 2ac133fa-68ef-4921-8bb4-d040b7072d41<-317162a0-bd3d-40ad-b205-542abbf35090#0:OK-t1. Peer's state: 317162a0-bd3d-40ad-b205-542abbf35090@group-89E7C0B669EB:t1, leader=null, voted=2ac133fa-68ef-4921-8bb4-d040b7072d41, raftlog=Memoized:317162a0-bd3d-40ad-b205-542abbf35090@group-89E7C0B669EB-SegmentedRaftLog:OPENED:c-1:lastnull, conf=conf: {index: -1, cur=peers:[2ac133fa-68ef-4921-8bb4-d040b7072d41|127.0.0.1:15039, 73de0732-aa09-4d2e-8ccf-f79b8b9cbabe|127.0.0.1:15015, 317162a0-bd3d-40ad-b205-542abbf35090|127.0.0.1:15023]|listeners:[], old=null}
2025-05-08 12:15:03,246 [2ac133fa-68ef-4921-8bb4-d040b7072d41@group-89E7C0B669EB-LeaderElection13] INFO  impl.LeaderElection (LeaderElection.java:logAndReturn(90)) - 2ac133fa-68ef-4921-8bb4-d040b7072d41@group-89E7C0B669EB-LeaderElection13: ELECTION PASSED received 1 response(s) and 0 exception(s):
2025-05-08 12:15:03,246 [2ac133fa-68ef-4921-8bb4-d040b7072d41@group-89E7C0B669EB-LeaderElection13] INFO  impl.LeaderElection (LeaderElection.java:logAndReturn(94)) -   Response 0: 2ac133fa-68ef-4921-8bb4-d040b7072d41<-73de0732-aa09-4d2e-8ccf-f79b8b9cbabe#0:OK-t1
2025-05-08 12:15:03,246 [2ac133fa-68ef-4921-8bb4-d040b7072d41@group-89E7C0B669EB-LeaderElection13] INFO  impl.LeaderElection (LeaderElection.java:askForVotes(334)) - 2ac133fa-68ef-4921-8bb4-d040b7072d41@group-89E7C0B669EB-LeaderElection13 ELECTION round 0: result PASSED
2025-05-08 12:15:03,246 [2ac133fa-68ef-4921-8bb4-d040b7072d41@group-89E7C0B669EB-LeaderElection13] INFO  impl.RoleInfo (RoleInfo.java:shutdownLeaderElection(141)) - 2ac133fa-68ef-4921-8bb4-d040b7072d41: shutdown 2ac133fa-68ef-4921-8bb4-d040b7072d41@group-89E7C0B669EB-LeaderElection13
2025-05-08 12:15:03,246 [2ac133fa-68ef-4921-8bb4-d040b7072d41@group-89E7C0B669EB-LeaderElection13] INFO  server.RaftServer$Division (RaftServerImpl.java:setRole(378)) - 2ac133fa-68ef-4921-8bb4-d040b7072d41@group-89E7C0B669EB: changes role from CANDIDATE to LEADER at term 1 for changeToLeader
2025-05-08 12:15:03,247 [2ac133fa-68ef-4921-8bb4-d040b7072d41@group-89E7C0B669EB-LeaderElection13] INFO  server.RaftServerConfigKeys (ConfUtils.java:logGet(46)) - raft.server.staging.catchup.gap = 1000 (default)
2025-05-08 12:15:03,247 [2ac133fa-68ef-4921-8bb4-d040b7072d41@group-89E7C0B669EB-LeaderElection13] INFO  server.RaftServerConfigKeys (ConfUtils.java:logGet(46)) - raft.server.write.element-limit = 1024 (custom)
2025-05-08 12:15:03,247 [2ac133fa-68ef-4921-8bb4-d040b7072d41@group-89E7C0B669EB-LeaderElection13] INFO  server.RaftServerConfigKeys (ConfUtils.java:logGet(46)) - raft.server.write.byte-limit = 1024 M (=1073741824) (custom)
2025-05-08 12:15:03,247 [2ac133fa-68ef-4921-8bb4-d040b7072d41@group-89E7C0B669EB-LeaderElection13] INFO  server.RaftServerConfigKeys (ConfUtils.java:logGet(46)) - raft.server.watch.timeout = 30s (custom)
2025-05-08 12:15:03,247 [2ac133fa-68ef-4921-8bb4-d040b7072d41@group-89E7C0B669EB-LeaderElection13] INFO  server.RaftServerConfigKeys (ConfUtils.java:logGet(46)) - raft.server.watch.timeout.denomination = 1s (default)
2025-05-08 12:15:03,247 [2ac133fa-68ef-4921-8bb4-d040b7072d41@group-89E7C0B669EB-LeaderElection13] INFO  server.RaftServerConfigKeys (ConfUtils.java:logGet(46)) - raft.server.watch.element-limit = 65536 (default)
2025-05-08 12:15:03,248 [2ac133fa-68ef-4921-8bb4-d040b7072d41@group-89E7C0B669EB-LeaderElection13] INFO  server.RaftServerConfigKeys (ConfUtils.java:logGet(46)) - raft.server.read.leader.lease.enabled = false (default)
2025-05-08 12:15:03,248 [2ac133fa-68ef-4921-8bb4-d040b7072d41@group-89E7C0B669EB-LeaderElection13] INFO  server.RaftServerConfigKeys (ConfUtils.java:logGet(46)) - raft.server.read.leader.lease.timeout.ratio = 0.9 (default)
2025-05-08 12:15:03,248 [2ac133fa-68ef-4921-8bb4-d040b7072d41@group-89E7C0B669EB-LeaderElection13] INFO  server.RaftServerConfigKeys (ConfUtils.java:logGet(46)) - raft.server.rpc.timeout.min = 5s (custom)
2025-05-08 12:15:03,248 [2ac133fa-68ef-4921-8bb4-d040b7072d41@group-89E7C0B669EB-LeaderElection13] INFO  server.RaftServerConfigKeys (ConfUtils.java:logGet(46)) - raft.server.log.log-metadata.enabled = true (default)
2025-05-08 12:15:03,248 [2ac133fa-68ef-4921-8bb4-d040b7072d41@group-89E7C0B669EB-LeaderElection13] INFO  server.RaftServerConfigKeys (ConfUtils.java:logGet(46)) - raft.server.write.element-limit = 1024 (custom)
2025-05-08 12:15:03,248 [2ac133fa-68ef-4921-8bb4-d040b7072d41@group-89E7C0B669EB-LeaderElection13] INFO  server.RaftServerConfigKeys (ConfUtils.java:logGet(46)) - raft.server.write.follower.gap.ratio.max = -1.0 (default)
2025-05-08 12:15:03,249 [2ac133fa-68ef-4921-8bb4-d040b7072d41@group-89E7C0B669EB-LeaderElection13] INFO  server.RaftServerConfigKeys (ConfUtils.java:logGet(46)) - raft.server.log.appender.snapshot.chunk.size.max = 16MB (=16777216) (default)
2025-05-08 12:15:03,249 [2ac133fa-68ef-4921-8bb4-d040b7072d41@group-89E7C0B669EB-LeaderElection13] INFO  server.RaftServerConfigKeys (ConfUtils.java:logGet(46)) - raft.server.log.appender.buffer.byte-limit = 33554432 (custom)
2025-05-08 12:15:03,249 [2ac133fa-68ef-4921-8bb4-d040b7072d41@group-89E7C0B669EB-LeaderElection13] INFO  server.RaftServerConfigKeys (ConfUtils.java:logGet(46)) - raft.server.log.appender.buffer.element-limit = 1024 (custom)
2025-05-08 12:15:03,249 [2ac133fa-68ef-4921-8bb4-d040b7072d41@group-89E7C0B669EB-LeaderElection13] INFO  server.RaftServerConfigKeys (ConfUtils.java:logGet(46)) - raft.server.log.appender.wait-time.min = 0μs (custom)
2025-05-08 12:15:03,249 [2ac133fa-68ef-4921-8bb4-d040b7072d41@group-89E7C0B669EB-LeaderElection13] INFO  grpc.GrpcConfigKeys (ConfUtils.java:logGet(46)) - raft.grpc.server.leader.outstanding.appends.max = 8 (default)
2025-05-08 12:15:03,249 [2ac133fa-68ef-4921-8bb4-d040b7072d41@group-89E7C0B669EB-LeaderElection13] INFO  server.RaftServerConfigKeys (ConfUtils.java:logGet(46)) - raft.server.rpc.request.timeout = 60s (custom)
2025-05-08 12:15:03,249 [2ac133fa-68ef-4921-8bb4-d040b7072d41@group-89E7C0B669EB-LeaderElection13] INFO  grpc.GrpcConfigKeys (ConfUtils.java:logGet(46)) - raft.grpc.server.install_snapshot.request.element-limit = 8 (default)
2025-05-08 12:15:03,249 [2ac133fa-68ef-4921-8bb4-d040b7072d41@group-89E7C0B669EB-LeaderElection13] INFO  grpc.GrpcConfigKeys (ConfUtils.java:logGet(46)) - raft.grpc.server.install_snapshot.request.timeout = 3000ms (default)
2025-05-08 12:15:03,250 [2ac133fa-68ef-4921-8bb4-d040b7072d41@group-89E7C0B669EB-LeaderElection13] INFO  grpc.GrpcConfigKeys (ConfUtils.java:logGet(46)) - raft.grpc.server.log-message.batch.duration = 5s (default)
2025-05-08 12:15:03,250 [2ac133fa-68ef-4921-8bb4-d040b7072d41@group-89E7C0B669EB-LeaderElection13] INFO  server.RaftServerConfigKeys (ConfUtils.java:logGet(46)) - raft.server.log.appender.install.snapshot.enabled = false (custom)
2025-05-08 12:15:03,250 [2ac133fa-68ef-4921-8bb4-d040b7072d41@group-89E7C0B669EB-LeaderElection13] INFO  grpc.GrpcConfigKeys (ConfUtils.java:logGet(46)) - raft.grpc.server.heartbeat.channel = true (default)
2025-05-08 12:15:03,250 [2ac133fa-68ef-4921-8bb4-d040b7072d41@group-89E7C0B669EB-LeaderElection13] INFO  server.RaftServerConfigKeys (ConfUtils.java:logGet(46)) - raft.server.log.appender.snapshot.chunk.size.max = 16MB (=16777216) (default)
2025-05-08 12:15:03,251 [2ac133fa-68ef-4921-8bb4-d040b7072d41@group-89E7C0B669EB-LeaderElection13] INFO  server.RaftServerConfigKeys (ConfUtils.java:logGet(46)) - raft.server.log.appender.buffer.byte-limit = 33554432 (custom)
2025-05-08 12:15:03,251 [2ac133fa-68ef-4921-8bb4-d040b7072d41@group-89E7C0B669EB-LeaderElection13] INFO  server.RaftServerConfigKeys (ConfUtils.java:logGet(46)) - raft.server.log.appender.buffer.element-limit = 1024 (custom)
2025-05-08 12:15:03,251 [2ac133fa-68ef-4921-8bb4-d040b7072d41@group-89E7C0B669EB-LeaderElection13] INFO  server.RaftServerConfigKeys (ConfUtils.java:logGet(46)) - raft.server.log.appender.wait-time.min = 0μs (custom)
2025-05-08 12:15:03,251 [2ac133fa-68ef-4921-8bb4-d040b7072d41@group-89E7C0B669EB-LeaderElection13] INFO  grpc.GrpcConfigKeys (ConfUtils.java:logGet(46)) - raft.grpc.server.leader.outstanding.appends.max = 8 (default)
2025-05-08 12:15:03,251 [2ac133fa-68ef-4921-8bb4-d040b7072d41@group-89E7C0B669EB-LeaderElection13] INFO  server.RaftServerConfigKeys (ConfUtils.java:logGet(46)) - raft.server.rpc.request.timeout = 60s (custom)
2025-05-08 12:15:03,251 [2ac133fa-68ef-4921-8bb4-d040b7072d41@group-89E7C0B669EB-LeaderElection13] INFO  grpc.GrpcConfigKeys (ConfUtils.java:logGet(46)) - raft.grpc.server.install_snapshot.request.element-limit = 8 (default)
2025-05-08 12:15:03,251 [2ac133fa-68ef-4921-8bb4-d040b7072d41@group-89E7C0B669EB-LeaderElection13] INFO  grpc.GrpcConfigKeys (ConfUtils.java:logGet(46)) - raft.grpc.server.install_snapshot.request.timeout = 3000ms (default)
2025-05-08 12:15:03,251 [2ac133fa-68ef-4921-8bb4-d040b7072d41@group-89E7C0B669EB-LeaderElection13] INFO  grpc.GrpcConfigKeys (ConfUtils.java:logGet(46)) - raft.grpc.server.log-message.batch.duration = 5s (default)
2025-05-08 12:15:03,251 [2ac133fa-68ef-4921-8bb4-d040b7072d41@group-89E7C0B669EB-LeaderElection13] INFO  server.RaftServerConfigKeys (ConfUtils.java:logGet(46)) - raft.server.log.appender.install.snapshot.enabled = false (custom)
2025-05-08 12:15:03,251 [2ac133fa-68ef-4921-8bb4-d040b7072d41@group-89E7C0B669EB-LeaderElection13] INFO  grpc.GrpcConfigKeys (ConfUtils.java:logGet(46)) - raft.grpc.server.heartbeat.channel = true (default)
2025-05-08 12:15:03,251 [2ac133fa-68ef-4921-8bb4-d040b7072d41@group-89E7C0B669EB-LeaderElection13] INFO  impl.RoleInfo (RoleInfo.java:updateAndGet(148)) - 2ac133fa-68ef-4921-8bb4-d040b7072d41: start 2ac133fa-68ef-4921-8bb4-d040b7072d41@group-89E7C0B669EB-LeaderStateImpl
2025-05-08 12:15:03,251 [2ac133fa-68ef-4921-8bb4-d040b7072d41@group-89E7C0B669EB-LeaderElection13] INFO  server.RaftServer$Division (RaftServerImpl.java:setFirstElection(562)) - 2ac133fa-68ef-4921-8bb4-d040b7072d41@group-89E7C0B669EB: set firstElectionSinceStartup to false for becomeLeader
2025-05-08 12:15:03,251 [2ac133fa-68ef-4921-8bb4-d040b7072d41@group-89E7C0B669EB-LeaderElection13] INFO  ratis.XceiverServerRatis (XceiverServerRatis.java:handleLeaderChangedNotification(944)) - Leader change notification received for group: group-89E7C0B669EB with new leaderId: 2ac133fa-68ef-4921-8bb4-d040b7072d41
2025-05-08 12:15:03,251 [2ac133fa-68ef-4921-8bb4-d040b7072d41@group-89E7C0B669EB-LeaderElection13] INFO  server.RaftServer$Division (ServerState.java:setLeader(272)) - 2ac133fa-68ef-4921-8bb4-d040b7072d41@group-89E7C0B669EB: change Leader from null to 2ac133fa-68ef-4921-8bb4-d040b7072d41 at term 1 for becomeLeader, leader elected after 1175ms
2025-05-08 12:15:03,252 [2ac133fa-68ef-4921-8bb4-d040b7072d41@group-89E7C0B669EB-LeaderElection13] INFO  segmented.SegmentedRaftLogWorker (SegmentedRaftLogWorker.java:startLogSegment(438)) - 2ac133fa-68ef-4921-8bb4-d040b7072d41@group-89E7C0B669EB-SegmentedRaftLogWorker: Starting segment from index:0
2025-05-08 12:15:03,252 [2ac133fa-68ef-4921-8bb4-d040b7072d41@group-89E7C0B669EB-LeaderElection13] INFO  server.RaftServer$Division (ServerState.java:setRaftConf(386)) - 2ac133fa-68ef-4921-8bb4-d040b7072d41@group-89E7C0B669EB: set configuration conf: {index: 0, cur=peers:[2ac133fa-68ef-4921-8bb4-d040b7072d41|127.0.0.1:15039, 73de0732-aa09-4d2e-8ccf-f79b8b9cbabe|127.0.0.1:15015, 317162a0-bd3d-40ad-b205-542abbf35090|127.0.0.1:15023]|listeners:[], old=null}
2025-05-08 12:15:03,252 [2ac133fa-68ef-4921-8bb4-d040b7072d41@group-89E7C0B669EB-SegmentedRaftLogWorker] INFO  segmented.BufferedWriteChannel (BufferedWriteChannel.java:open(61)) - open log_inprogress_0 at position 0
2025-05-08 12:15:03,255 [EventQueue-PipelineReportForPipelineReportHandler] INFO  pipeline.PipelineReportHandler (PipelineReportHandler.java:processPipelineReport(134)) - Opened pipeline PipelineID=7a81baaa-000d-4560-a2d5-89e7c0b669eb
2025-05-08 12:15:03,259 [73de0732-aa09-4d2e-8ccf-f79b8b9cbabe-server-thread1] INFO  ratis.XceiverServerRatis (XceiverServerRatis.java:handleLeaderChangedNotification(944)) - Leader change notification received for group: group-89E7C0B669EB with new leaderId: 2ac133fa-68ef-4921-8bb4-d040b7072d41
2025-05-08 12:15:03,259 [73de0732-aa09-4d2e-8ccf-f79b8b9cbabe-server-thread1] INFO  server.RaftServer$Division (ServerState.java:setLeader(272)) - 73de0732-aa09-4d2e-8ccf-f79b8b9cbabe@group-89E7C0B669EB: change Leader from null to 2ac133fa-68ef-4921-8bb4-d040b7072d41 at term 1 for appendEntries, leader elected after 1159ms
2025-05-08 12:15:03,259 [73de0732-aa09-4d2e-8ccf-f79b8b9cbabe-server-thread2] INFO  server.RaftServer$Division (ServerState.java:setRaftConf(386)) - 73de0732-aa09-4d2e-8ccf-f79b8b9cbabe@group-89E7C0B669EB: set configuration conf: {index: 0, cur=peers:[2ac133fa-68ef-4921-8bb4-d040b7072d41|127.0.0.1:15039, 73de0732-aa09-4d2e-8ccf-f79b8b9cbabe|127.0.0.1:15015, 317162a0-bd3d-40ad-b205-542abbf35090|127.0.0.1:15023]|listeners:[], old=null}
2025-05-08 12:15:03,259 [73de0732-aa09-4d2e-8ccf-f79b8b9cbabe-server-thread2] INFO  segmented.SegmentedRaftLogWorker (SegmentedRaftLogWorker.java:startLogSegment(438)) - 73de0732-aa09-4d2e-8ccf-f79b8b9cbabe@group-89E7C0B669EB-SegmentedRaftLogWorker: Starting segment from index:0
2025-05-08 12:15:03,259 [317162a0-bd3d-40ad-b205-542abbf35090-server-thread1] INFO  ratis.XceiverServerRatis (XceiverServerRatis.java:handleLeaderChangedNotification(944)) - Leader change notification received for group: group-89E7C0B669EB with new leaderId: 2ac133fa-68ef-4921-8bb4-d040b7072d41
2025-05-08 12:15:03,260 [317162a0-bd3d-40ad-b205-542abbf35090-server-thread1] INFO  server.RaftServer$Division (ServerState.java:setLeader(272)) - 317162a0-bd3d-40ad-b205-542abbf35090@group-89E7C0B669EB: change Leader from null to 2ac133fa-68ef-4921-8bb4-d040b7072d41 at term 1 for appendEntries, leader elected after 1133ms
2025-05-08 12:15:03,260 [73de0732-aa09-4d2e-8ccf-f79b8b9cbabe@group-89E7C0B669EB-SegmentedRaftLogWorker] INFO  segmented.BufferedWriteChannel (BufferedWriteChannel.java:open(61)) - open log_inprogress_0 at position 0
2025-05-08 12:15:03,263 [317162a0-bd3d-40ad-b205-542abbf35090-server-thread2] INFO  server.RaftServer$Division (ServerState.java:setRaftConf(386)) - 317162a0-bd3d-40ad-b205-542abbf35090@group-89E7C0B669EB: set configuration conf: {index: 0, cur=peers:[2ac133fa-68ef-4921-8bb4-d040b7072d41|127.0.0.1:15039, 73de0732-aa09-4d2e-8ccf-f79b8b9cbabe|127.0.0.1:15015, 317162a0-bd3d-40ad-b205-542abbf35090|127.0.0.1:15023]|listeners:[], old=null}
2025-05-08 12:15:03,263 [317162a0-bd3d-40ad-b205-542abbf35090-server-thread2] INFO  segmented.SegmentedRaftLogWorker (SegmentedRaftLogWorker.java:startLogSegment(438)) - 317162a0-bd3d-40ad-b205-542abbf35090@group-89E7C0B669EB-SegmentedRaftLogWorker: Starting segment from index:0
2025-05-08 12:15:03,263 [2ac133fa-68ef-4921-8bb4-d040b7072d41@group-89E7C0B669EB-SegmentedRaftLogWorker] INFO  segmented.SegmentedRaftLogWorker (SegmentedRaftLogWorker.java:execute(644)) - 2ac133fa-68ef-4921-8bb4-d040b7072d41@group-89E7C0B669EB-SegmentedRaftLogWorker: created new log segment /home/runner/work/ozone/ozone/hadoop-ozone/integration-test/target/test-dir/MiniOzoneClusterImpl-efc39a28-6472-4ee4-b6fc-2c7f8ca0458d/ozone-meta/datanode-4/ratis/7a81baaa-000d-4560-a2d5-89e7c0b669eb/current/log_inprogress_0
2025-05-08 12:15:03,263 [317162a0-bd3d-40ad-b205-542abbf35090@group-89E7C0B669EB-SegmentedRaftLogWorker] INFO  segmented.BufferedWriteChannel (BufferedWriteChannel.java:open(61)) - open log_inprogress_0 at position 0
2025-05-08 12:15:03,272 [73de0732-aa09-4d2e-8ccf-f79b8b9cbabe@group-89E7C0B669EB-SegmentedRaftLogWorker] INFO  segmented.SegmentedRaftLogWorker (SegmentedRaftLogWorker.java:execute(644)) - 73de0732-aa09-4d2e-8ccf-f79b8b9cbabe@group-89E7C0B669EB-SegmentedRaftLogWorker: created new log segment /home/runner/work/ozone/ozone/hadoop-ozone/integration-test/target/test-dir/MiniOzoneClusterImpl-efc39a28-6472-4ee4-b6fc-2c7f8ca0458d/ozone-meta/datanode-1/ratis/7a81baaa-000d-4560-a2d5-89e7c0b669eb/current/log_inprogress_0
2025-05-08 12:15:03,273 [317162a0-bd3d-40ad-b205-542abbf35090@group-89E7C0B669EB-SegmentedRaftLogWorker] INFO  segmented.SegmentedRaftLogWorker (SegmentedRaftLogWorker.java:execute(644)) - 317162a0-bd3d-40ad-b205-542abbf35090@group-89E7C0B669EB-SegmentedRaftLogWorker: created new log segment /home/runner/work/ozone/ozone/hadoop-ozone/integration-test/target/test-dir/MiniOzoneClusterImpl-efc39a28-6472-4ee4-b6fc-2c7f8ca0458d/ozone-meta/datanode-2/ratis/7a81baaa-000d-4560-a2d5-89e7c0b669eb/current/log_inprogress_0
2025-05-08 12:15:03,275 [2ac133fa-68ef-4921-8bb4-d040b7072d41@group-89E7C0B669EB-StateMachineUpdater] INFO  server.RaftServer$Division (LeaderStateImpl.java:checkStartIndex(313)) - Leader 2ac133fa-68ef-4921-8bb4-d040b7072d41@group-89E7C0B669EB-LeaderStateImpl is ready since appliedIndex == startIndex == 0
2025-05-08 12:15:03,344 [main] INFO  io.BlockOutputStreamEntry (BlockOutputStreamEntry.java:writeOnRetry(192)) - BlockOutputStreamEntry:287577d0-2622-473f-b0e5-2c068b6bd7e2 conID: 15 locID: 115816896921600039 bcsId: 0 replicaIndex: null: Finish retrying with len 2097152, currentPosition 2097152
2025-05-08 12:15:03,345 [main] INFO  io.BlockOutputStreamEntry (BlockOutputStreamEntry.java:finishRetryHandling(141)) - BlockOutputStreamEntry:287577d0-2622-473f-b0e5-2c068b6bd7e2 conID: 15 locID: 115816896921600039 bcsId: 0 replicaIndex: null: Exiting retry handling mode
2025-05-08 12:15:03,357 [main] INFO  container.TestHelper (TestHelper.java:countReplicas(429)) - Container 15 has 1 replicas on [2ac133fa-68ef-4921-8bb4-d040b7072d41]
]]></system-out>
  </testcase>
</testsuite>