<?xml version="1.0" encoding="UTF-8"?>
<testsuite xmlns:xsi="http://www.w3.org/2001/XMLSchema-instance" xsi:noNamespaceSchemaLocation="https://maven.apache.org/surefire/maven-surefire-plugin/xsd/surefire-test-report-3.0.xsd" version="3.0" name="org.apache.hadoop.ozone.scm.TestGetCommittedBlockLengthAndPutKey" time="327.463" tests="3" errors="1" skipped="0" failures="0">
  <properties>
    <property name="awt.toolkit" value="sun.awt.X11.XToolkit"/>
    <property name="file.encoding.pkg" value="sun.io"/>
    <property name="java.specification.version" value="1.8"/>
    <property name="sun.cpu.isalist" value=""/>
    <property name="sun.jnu.encoding" value="UTF-8"/>
    <property name="java.class.path" value="/home/runner/work/ozone/ozone/hadoop-ozone/integration-test/target/test-classes:/home/runner/work/ozone/ozone/hadoop-ozone/integration-test/target/classes:/home/runner/.m2/repository/org/apache/ozone/ozone-common/1.4.0-SNAPSHOT/ozone-common-1.4.0-SNAPSHOT.jar:/home/runner/.m2/repository/io/grpc/grpc-netty/1.51.1/grpc-netty-1.51.1.jar:/home/runner/.m2/repository/io/grpc/grpc-core/1.51.1/grpc-core-1.51.1.jar:/home/runner/.m2/repository/com/google/android/annotations/4.1.1.4/annotations-4.1.1.4.jar:/home/runner/.m2/repository/org/codehaus/mojo/animal-sniffer-annotations/1.21/animal-sniffer-annotations-1.21.jar:/home/runner/.m2/repository/com/google/errorprone/error_prone_annotations/2.2.0/error_prone_annotations-2.2.0.jar:/home/runner/.m2/repository/io/perfmark/perfmark-api/0.25.0/perfmark-api-0.25.0.jar:/home/runner/.m2/repository/io/netty/netty-codec-http2/4.1.86.Final/netty-codec-http2-4.1.86.Final.jar:/home/runner/.m2/repository/io/netty/netty-common/4.1.86.Final/netty-common-4.1.86.Final.jar:/home/runner/.m2/repository/io/netty/netty-buffer/4.1.86.Final/netty-buffer-4.1.86.Final.jar:/home/runner/.m2/repository/io/netty/netty-codec-http/4.1.86.Final/netty-codec-http-4.1.86.Final.jar:/home/runner/.m2/repository/io/netty/netty-handler-proxy/4.1.86.Final/netty-handler-proxy-4.1.86.Final.jar:/home/runner/.m2/repository/io/netty/netty-codec-socks/4.1.86.Final/netty-codec-socks-4.1.86.Final.jar:/home/runner/.m2/repository/io/netty/netty-tcnative-boringssl-static/2.0.54.Final/netty-tcnative-boringssl-static-2.0.54.Final.jar:/home/runner/.m2/repository/io/netty/netty-tcnative-classes/2.0.54.Final/netty-tcnative-classes-2.0.54.Final.jar:/home/runner/.m2/repository/io/netty/netty-tcnative-boringssl-static/2.0.54.Final/netty-tcnative-boringssl-static-2.0.54.Final-linux-x86_64.jar:/home/runner/.m2/repository/io/netty/netty-tcnative-boringssl-static/2.0.54.Final/netty-tcnative-boringssl-static-2.0.54.Final-linux-aarch_64.jar:/home/runner/.m2/repository/io/netty/netty-tcnative-boringssl-static/2.0.54.Final/netty-tcnative-boringssl-static-2.0.54.Final-osx-x86_64.jar:/home/runner/.m2/repository/io/netty/netty-tcnative-boringssl-static/2.0.54.Final/netty-tcnative-boringssl-static-2.0.54.Final-osx-aarch_64.jar:/home/runner/.m2/repository/io/netty/netty-tcnative-boringssl-static/2.0.54.Final/netty-tcnative-boringssl-static-2.0.54.Final-windows-x86_64.jar:/home/runner/.m2/repository/org/apache/commons/commons-compress/1.21/commons-compress-1.21.jar:/home/runner/.m2/repository/org/apache/ozone/hdds-common/1.4.0-SNAPSHOT/hdds-common-1.4.0-SNAPSHOT.jar:/home/runner/.m2/repository/org/apache/ozone/hdds-client/1.4.0-SNAPSHOT/hdds-client-1.4.0-SNAPSHOT.jar:/home/runner/.m2/repository/org/apache/ozone/ozone-interface-client/1.4.0-SNAPSHOT/ozone-interface-client-1.4.0-SNAPSHOT.jar:/home/runner/.m2/repository/org/apache/hadoop/hadoop-hdfs-client/3.3.5/hadoop-hdfs-client-3.3.5.jar:/home/runner/.m2/repository/com/squareup/okhttp3/okhttp/4.9.3/okhttp-4.9.3.jar:/home/runner/.m2/repository/com/squareup/okio/okio/2.8.0/okio-2.8.0.jar:/home/runner/.m2/repository/org/jetbrains/kotlin/kotlin-stdlib-common/1.6.21/kotlin-stdlib-common-1.6.21.jar:/home/runner/.m2/repository/org/apache/ozone/hdds-test-utils/1.4.0-SNAPSHOT/hdds-test-utils-1.4.0-SNAPSHOT.jar:/home/runner/.m2/repository/com/google/guava/guava/31.1-jre/guava-31.1-jre.jar:/home/runner/.m2/repository/com/google/guava/failureaccess/1.0.1/failureaccess-1.0.1.jar:/home/runner/.m2/repository/com/google/guava/listenablefuture/9999.0-empty-to-avoid-conflict-with-guava/listenablefuture-9999.0-empty-to-avoid-conflict-with-guava.jar:/home/runner/.m2/repository/com/google/code/findbugs/jsr305/3.0.0/jsr305-3.0.0.jar:/home/runner/.m2/repository/org/checkerframework/checker-qual/3.12.0/checker-qual-3.12.0.jar:/home/runner/.m2/repository/com/google/j2objc/j2objc-annotations/1.3/j2objc-annotations-1.3.jar:/home/runner/.m2/repository/commons-io/commons-io/2.11.0/commons-io-2.11.0.jar:/home/runner/.m2/repository/commons-logging/commons-logging/1.2/commons-logging-1.2.jar:/home/runner/.m2/repository/ch/qos/reload4j/reload4j/1.2.22/reload4j-1.2.22.jar:/home/runner/.m2/repository/org/slf4j/slf4j-api/1.7.36/slf4j-api-1.7.36.jar:/home/runner/.m2/repository/org/apache/ozone/hdds-server-scm/1.4.0-SNAPSHOT/hdds-server-scm-1.4.0-SNAPSHOT.jar:/home/runner/.m2/repository/org/apache/ozone/hdds-container-service/1.4.0-SNAPSHOT/hdds-container-service-1.4.0-SNAPSHOT.jar:/home/runner/.m2/repository/org/apache/ozone/hdds-hadoop-dependency-server/1.4.0-SNAPSHOT/hdds-hadoop-dependency-server-1.4.0-SNAPSHOT.jar:/home/runner/.m2/repository/org/apache/hadoop/hadoop-hdfs/3.3.5/hadoop-hdfs-3.3.5.jar:/home/runner/.m2/repository/commons-daemon/commons-daemon/1.0.13/commons-daemon-1.0.13.jar:/home/runner/.m2/repository/org/apache/ozone/hdds-server-framework/1.4.0-SNAPSHOT/hdds-server-framework-1.4.0-SNAPSHOT.jar:/home/runner/.m2/repository/io/dropwizard/metrics/metrics-core/3.2.4/metrics-core-3.2.4.jar:/home/runner/.m2/repository/org/apache/commons/commons-text/1.4/commons-text-1.4.jar:/home/runner/.m2/repository/org/bouncycastle/bcprov-jdk15on/1.67/bcprov-jdk15on-1.67.jar:/home/runner/.m2/repository/com/google/protobuf/protobuf-java/2.5.0/protobuf-java-2.5.0.jar:/home/runner/.m2/repository/org/apache/ozone/hdds-server-framework/1.4.0-SNAPSHOT/hdds-server-framework-1.4.0-SNAPSHOT-tests.jar:/home/runner/.m2/repository/org/apache/ozone/hdds-interface-server/1.4.0-SNAPSHOT/hdds-interface-server-1.4.0-SNAPSHOT.jar:/home/runner/.m2/repository/org/apache/ozone/hdds-interface-admin/1.4.0-SNAPSHOT/hdds-interface-admin-1.4.0-SNAPSHOT.jar:/home/runner/.m2/repository/org/apache/ozone/hdds-managed-rocksdb/1.4.0-SNAPSHOT/hdds-managed-rocksdb-1.4.0-SNAPSHOT.jar:/home/runner/.m2/repository/org/rocksdb/rocksdbjni/7.7.3/rocksdbjni-7.7.3.jar:/home/runner/.m2/repository/org/slf4j/slf4j-reload4j/1.7.36/slf4j-reload4j-1.7.36.jar:/home/runner/.m2/repository/org/apache/commons/commons-configuration2/2.1.1/commons-configuration2-2.1.1.jar:/home/runner/.m2/repository/org/apache/logging/log4j/log4j-core/2.17.1/log4j-core-2.17.1.jar:/home/runner/.m2/repository/com/lmax/disruptor/3.4.2/disruptor-3.4.2.jar:/home/runner/.m2/repository/org/eclipse/jetty/jetty-util/9.4.51.v20230217/jetty-util-9.4.51.v20230217.jar:/home/runner/.m2/repository/org/eclipse/jetty/jetty-server/9.4.51.v20230217/jetty-server-9.4.51.v20230217.jar:/home/runner/.m2/repository/org/eclipse/jetty/jetty-http/9.4.51.v20230217/jetty-http-9.4.51.v20230217.jar:/home/runner/.m2/repository/org/eclipse/jetty/jetty-io/9.4.51.v20230217/jetty-io-9.4.51.v20230217.jar:/home/runner/.m2/repository/org/eclipse/jetty/jetty-servlet/9.4.51.v20230217/jetty-servlet-9.4.51.v20230217.jar:/home/runner/.m2/repository/org/eclipse/jetty/jetty-security/9.4.51.v20230217/jetty-security-9.4.51.v20230217.jar:/home/runner/.m2/repository/org/eclipse/jetty/jetty-util-ajax/9.4.51.v20230217/jetty-util-ajax-9.4.51.v20230217.jar:/home/runner/.m2/repository/org/eclipse/jetty/jetty-webapp/9.4.51.v20230217/jetty-webapp-9.4.51.v20230217.jar:/home/runner/.m2/repository/org/eclipse/jetty/jetty-xml/9.4.51.v20230217/jetty-xml-9.4.51.v20230217.jar:/home/runner/.m2/repository/org/apache/ratis/ratis-server/2.5.1/ratis-server-2.5.1.jar:/home/runner/.m2/repository/org/apache/ratis/ratis-thirdparty-misc/1.0.4/ratis-thirdparty-misc-1.0.4.jar:/home/runner/.m2/repository/org/apache/ratis/ratis-proto/2.5.1/ratis-proto-2.5.1.jar:/home/runner/.m2/repository/org/apache/ratis/ratis-common/2.5.1/ratis-common-2.5.1.jar:/home/runner/.m2/repository/org/apache/ratis/ratis-client/2.5.1/ratis-client-2.5.1.jar:/home/runner/.m2/repository/org/apache/ratis/ratis-server-api/2.5.1/ratis-server-api-2.5.1.jar:/home/runner/.m2/repository/org/apache/ratis/ratis-metrics/2.5.1/ratis-metrics-2.5.1.jar:/home/runner/.m2/repository/io/prometheus/simpleclient_dropwizard/0.7.0/simpleclient_dropwizard-0.7.0.jar:/home/runner/.m2/repository/io/prometheus/simpleclient/0.7.0/simpleclient-0.7.0.jar:/home/runner/.m2/repository/io/prometheus/simpleclient_common/0.7.0/simpleclient_common-0.7.0.jar:/home/runner/.m2/repository/com/fasterxml/jackson/datatype/jackson-datatype-jsr310/2.13.4/jackson-datatype-jsr310-2.13.4.jar:/home/runner/.m2/repository/com/fasterxml/jackson/core/jackson-core/2.13.4/jackson-core-2.13.4.jar:/home/runner/.m2/repository/com/github/spotbugs/spotbugs-annotations/3.1.12/spotbugs-annotations-3.1.12.jar:/home/runner/.m2/repository/org/apache/ozone/rocksdb-checkpoint-differ/1.4.0-SNAPSHOT/rocksdb-checkpoint-differ-1.4.0-SNAPSHOT.jar:/home/runner/.m2/repository/org/awaitility/awaitility/4.2.0/awaitility-4.2.0.jar:/home/runner/.m2/repository/org/hamcrest/hamcrest/2.1/hamcrest-2.1.jar:/home/runner/.m2/repository/org/apache/ozone/ozone-manager/1.4.0-SNAPSHOT/ozone-manager-1.4.0-SNAPSHOT.jar:/home/runner/.m2/repository/org/aspectj/aspectjrt/1.9.7/aspectjrt-1.9.7.jar:/home/runner/.m2/repository/org/aspectj/aspectjweaver/1.9.7/aspectjweaver-1.9.7.jar:/home/runner/.m2/repository/org/apache/ozone/hdds-interface-client/1.4.0-SNAPSHOT/hdds-interface-client-1.4.0-SNAPSHOT.jar:/home/runner/.m2/repository/org/apache/hadoop/thirdparty/hadoop-shaded-protobuf_3_7/1.1.1/hadoop-shaded-protobuf_3_7-1.1.1.jar:/home/runner/.m2/repository/org/apache/ozone/ozone-interface-storage/1.4.0-SNAPSHOT/ozone-interface-storage-1.4.0-SNAPSHOT.jar:/home/runner/.m2/repository/org/reflections/reflections/0.9.11/reflections-0.9.11.jar:/home/runner/.m2/repository/com/sun/jersey/jersey-client/1.19/jersey-client-1.19.jar:/home/runner/.m2/repository/org/codehaus/jackson/jackson-core-asl/1.9.13/jackson-core-asl-1.9.13.jar:/home/runner/.m2/repository/org/codehaus/jackson/jackson-mapper-asl/1.9.13/jackson-mapper-asl-1.9.13.jar:/home/runner/.m2/repository/org/codehaus/jackson/jackson-jaxrs/1.9.13/jackson-jaxrs-1.9.13.jar:/home/runner/.m2/repository/org/apache/ranger/ranger-intg/2.3.0/ranger-intg-2.3.0.jar:/home/runner/.m2/repository/org/apache/ranger/ranger-plugins-common/2.3.0/ranger-plugins-common-2.3.0.jar:/home/runner/.m2/repository/commons-lang/commons-lang/2.6/commons-lang-2.6.jar:/home/runner/.m2/repository/org/apache/ranger/ranger-plugins-cred/2.3.0/ranger-plugins-cred-2.3.0.jar:/home/runner/.m2/repository/org/apache/ranger/ranger-plugins-audit/2.3.0/ranger-plugins-audit-2.3.0.jar:/home/runner/.m2/repository/org/eclipse/jetty/jetty-client/9.4.51.v20230217/jetty-client-9.4.51.v20230217.jar:/home/runner/.m2/repository/org/apache/httpcomponents/httpmime/4.5.6/httpmime-4.5.6.jar:/home/runner/.m2/repository/org/apache/httpcomponents/httpcore-nio/4.4.13/httpcore-nio-4.4.13.jar:/home/runner/.m2/repository/org/apache/httpcomponents/httpasyncclient/4.1.3/httpasyncclient-4.1.3.jar:/home/runner/.m2/repository/com/carrotsearch/hppc/0.8.0/hppc-0.8.0.jar:/home/runner/.m2/repository/org/apache/orc/orc-core/1.5.8/orc-core-1.5.8.jar:/home/runner/.m2/repository/net/java/dev/jna/jna/5.2.0/jna-5.2.0.jar:/home/runner/.m2/repository/net/java/dev/jna/jna-platform/5.2.0/jna-platform-5.2.0.jar:/home/runner/.m2/repository/com/kstruct/gethostname4j/0.0.2/gethostname4j-0.0.2.jar:/home/runner/.m2/repository/org/apache/ranger/ranger-plugin-classloader/2.3.0/ranger-plugin-classloader-2.3.0.jar:/home/runner/.m2/repository/org/apache/ozone/hdds-rocks-native/1.4.0-f5e225007-SNAPSHOT/hdds-rocks-native-1.4.0-f5e225007-SNAPSHOT.jar:/home/runner/.m2/repository/org/apache/hadoop/hadoop-minikdc/3.3.5/hadoop-minikdc-3.3.5.jar:/home/runner/.m2/repository/org/apache/kerby/kerb-simplekdc/1.0.1/kerb-simplekdc-1.0.1.jar:/home/runner/.m2/repository/org/apache/kerby/kerb-client/1.0.1/kerb-client-1.0.1.jar:/home/runner/.m2/repository/org/apache/kerby/kerby-config/1.0.1/kerby-config-1.0.1.jar:/home/runner/.m2/repository/org/apache/kerby/kerb-common/1.0.1/kerb-common-1.0.1.jar:/home/runner/.m2/repository/org/apache/kerby/kerb-crypto/1.0.1/kerb-crypto-1.0.1.jar:/home/runner/.m2/repository/org/apache/kerby/kerb-util/1.0.1/kerb-util-1.0.1.jar:/home/runner/.m2/repository/org/apache/kerby/token-provider/1.0.1/token-provider-1.0.1.jar:/home/runner/.m2/repository/org/apache/kerby/kerb-admin/1.0.1/kerb-admin-1.0.1.jar:/home/runner/.m2/repository/org/apache/kerby/kerb-server/1.0.1/kerb-server-1.0.1.jar:/home/runner/.m2/repository/org/apache/kerby/kerb-identity/1.0.1/kerb-identity-1.0.1.jar:/home/runner/.m2/repository/org/apache/kerby/kerby-xdr/1.0.1/kerby-xdr-1.0.1.jar:/home/runner/.m2/repository/org/apache/ozone/ozone-s3gateway/1.4.0-SNAPSHOT/ozone-s3gateway-1.4.0-SNAPSHOT.jar:/home/runner/.m2/repository/org/javassist/javassist/3.21.0-GA/javassist-3.21.0-GA.jar:/home/runner/.m2/repository/org/jboss/weld/servlet/weld-servlet-shaded/3.1.9.Final/weld-servlet-shaded-3.1.9.Final.jar:/home/runner/.m2/repository/org/glassfish/jersey/containers/jersey-container-servlet-core/2.34/jersey-container-servlet-core-2.34.jar:/home/runner/.m2/repository/org/glassfish/hk2/external/jakarta.inject/2.6.1/jakarta.inject-2.6.1.jar:/home/runner/.m2/repository/org/glassfish/jersey/core/jersey-common/2.34/jersey-common-2.34.jar:/home/runner/.m2/repository/jakarta/ws/rs/jakarta.ws.rs-api/2.1.6/jakarta.ws.rs-api-2.1.6.jar:/home/runner/.m2/repository/org/glassfish/jersey/ext/cdi/jersey-cdi1x/2.34/jersey-cdi1x-2.34.jar:/home/runner/.m2/repository/org/glassfish/jersey/inject/jersey-hk2/2.34/jersey-hk2-2.34.jar:/home/runner/.m2/repository/org/glassfish/hk2/hk2-locator/2.6.1/hk2-locator-2.6.1.jar:/home/runner/.m2/repository/org/glassfish/jersey/media/jersey-media-jaxb/2.34/jersey-media-jaxb-2.34.jar:/home/runner/.m2/repository/org/glassfish/hk2/osgi-resource-locator/1.0.3/osgi-resource-locator-1.0.3.jar:/home/runner/.m2/repository/org/glassfish/hk2/hk2-api/2.5.0/hk2-api-2.5.0.jar:/home/runner/.m2/repository/org/glassfish/hk2/hk2-utils/2.5.0/hk2-utils-2.5.0.jar:/home/runner/.m2/repository/org/glassfish/hk2/external/aopalliance-repackaged/2.5.0/aopalliance-repackaged-2.5.0.jar:/home/runner/.m2/repository/com/fasterxml/jackson/dataformat/jackson-dataformat-xml/2.13.4/jackson-dataformat-xml-2.13.4.jar:/home/runner/.m2/repository/org/codehaus/woodstox/stax2-api/4.2.1/stax2-api-4.2.1.jar:/home/runner/.m2/repository/com/fasterxml/woodstox/woodstox-core/5.4.0/woodstox-core-5.4.0.jar:/home/runner/.m2/repository/com/fasterxml/jackson/module/jackson-module-jaxb-annotations/2.13.4/jackson-module-jaxb-annotations-2.13.4.jar:/home/runner/.m2/repository/jakarta/xml/bind/jakarta.xml.bind-api/2.3.3/jakarta.xml.bind-api-2.3.3.jar:/home/runner/.m2/repository/jakarta/activation/jakarta.activation-api/1.2.2/jakarta.activation-api-1.2.2.jar:/home/runner/.m2/repository/javax/enterprise/cdi-api/2.0/cdi-api-2.0.jar:/home/runner/.m2/repository/javax/el/javax.el-api/3.0.0/javax.el-api-3.0.0.jar:/home/runner/.m2/repository/javax/interceptor/javax.interceptor-api/1.2/javax.interceptor-api-1.2.jar:/home/runner/.m2/repository/javax/inject/javax.inject/1/javax.inject-1.jar:/home/runner/.m2/repository/javax/xml/bind/jaxb-api/2.3.0/jaxb-api-2.3.0.jar:/home/runner/.m2/repository/org/glassfish/jaxb/jaxb-runtime/2.3.0.1/jaxb-runtime-2.3.0.1.jar:/home/runner/.m2/repository/org/glassfish/jaxb/jaxb-core/2.3.0.1/jaxb-core-2.3.0.1.jar:/home/runner/.m2/repository/org/glassfish/jaxb/txw2/2.3.0.1/txw2-2.3.0.1.jar:/home/runner/.m2/repository/com/sun/istack/istack-commons-runtime/3.0.5/istack-commons-runtime-3.0.5.jar:/home/runner/.m2/repository/org/jvnet/staxex/stax-ex/1.7.8/stax-ex-1.7.8.jar:/home/runner/.m2/repository/com/sun/xml/fastinfoset/FastInfoset/1.2.13/FastInfoset-1.2.13.jar:/home/runner/.m2/repository/javax/activation/activation/1.1.1/activation-1.1.1.jar:/home/runner/.m2/repository/io/grpc/grpc-protobuf/1.51.1/grpc-protobuf-1.51.1.jar:/home/runner/.m2/repository/com/google/api/grpc/proto-google-common-protos/2.9.0/proto-google-common-protos-2.9.0.jar:/home/runner/.m2/repository/io/grpc/grpc-protobuf-lite/1.51.1/grpc-protobuf-lite-1.51.1.jar:/home/runner/.m2/repository/io/grpc/grpc-stub/1.51.1/grpc-stub-1.51.1.jar:/home/runner/.m2/repository/io/netty/netty-transport/4.1.86.Final/netty-transport-4.1.86.Final.jar:/home/runner/.m2/repository/io/netty/netty-resolver/4.1.86.Final/netty-resolver-4.1.86.Final.jar:/home/runner/.m2/repository/org/apache/ozone/ozone-csi/1.4.0-SNAPSHOT/ozone-csi-1.4.0-SNAPSHOT.jar:/home/runner/.m2/repository/com/google/protobuf/protobuf-java-util/3.19.6/protobuf-java-util-3.19.6.jar:/home/runner/.m2/repository/com/google/code/gson/gson/2.9.0/gson-2.9.0.jar:/home/runner/.m2/repository/org/apache/ozone/hdds-config/1.4.0-SNAPSHOT/hdds-config-1.4.0-SNAPSHOT.jar:/home/runner/.m2/repository/io/netty/netty-transport-native-epoll/4.1.86.Final/netty-transport-native-epoll-4.1.86.Final-linux-x86_64.jar:/home/runner/.m2/repository/io/netty/netty-transport-classes-epoll/4.1.86.Final/netty-transport-classes-epoll-4.1.86.Final.jar:/home/runner/.m2/repository/io/netty/netty-transport-native-unix-common/4.1.86.Final/netty-transport-native-unix-common-4.1.86.Final.jar:/home/runner/.m2/repository/org/apache/ozone/ozone-recon/1.4.0-SNAPSHOT/ozone-recon-1.4.0-SNAPSHOT.jar:/home/runner/.m2/repository/org/apache/ozone/ozone-reconcodegen/1.4.0-SNAPSHOT/ozone-reconcodegen-1.4.0-SNAPSHOT.jar:/home/runner/.m2/repository/com/google/inject/guice/5.1.0/guice-5.1.0.jar:/home/runner/.m2/repository/aopalliance/aopalliance/1.0/aopalliance-1.0.jar:/home/runner/.m2/repository/com/google/inject/extensions/guice-assistedinject/5.1.0/guice-assistedinject-5.1.0.jar:/home/runner/.m2/repository/com/google/inject/extensions/guice-servlet/5.1.0/guice-servlet-5.1.0.jar:/home/runner/.m2/repository/org/glassfish/jersey/containers/jersey-container-servlet/2.34/jersey-container-servlet-2.34.jar:/home/runner/.m2/repository/org/glassfish/hk2/guice-bridge/2.5.0/guice-bridge-2.5.0.jar:/home/runner/.m2/repository/org/glassfish/jersey/core/jersey-server/2.34/jersey-server-2.34.jar:/home/runner/.m2/repository/org/glassfish/jersey/core/jersey-client/2.34/jersey-client-2.34.jar:/home/runner/.m2/repository/jakarta/annotation/jakarta.annotation-api/1.3.5/jakarta.annotation-api-1.3.5.jar:/home/runner/.m2/repository/jakarta/validation/jakarta.validation-api/2.0.2/jakarta.validation-api-2.0.2.jar:/home/runner/.m2/repository/org/glassfish/jersey/media/jersey-media-json-jackson/2.34/jersey-media-json-jackson-2.34.jar:/home/runner/.m2/repository/org/glassfish/jersey/ext/jersey-entity-filtering/2.34/jersey-entity-filtering-2.34.jar:/home/runner/.m2/repository/org/jooq/jooq/3.11.10/jooq-3.11.10.jar:/home/runner/.m2/repository/org/jooq/jooq-meta/3.11.10/jooq-meta-3.11.10.jar:/home/runner/.m2/repository/org/jooq/jooq-codegen/3.11.10/jooq-codegen-3.11.10.jar:/home/runner/.m2/repository/com/jolbox/bonecp/0.8.0.RELEASE/bonecp-0.8.0.RELEASE.jar:/home/runner/.m2/repository/org/apache/derby/derby/10.14.2.0/derby-10.14.2.0.jar:/home/runner/.m2/repository/org/xerial/sqlite-jdbc/3.41.2.2/sqlite-jdbc-3.41.2.2.jar:/home/runner/.m2/repository/org/springframework/spring-jdbc/5.3.27/spring-jdbc-5.3.27.jar:/home/runner/.m2/repository/org/springframework/spring-beans/5.3.27/spring-beans-5.3.27.jar:/home/runner/.m2/repository/org/springframework/spring-core/5.3.27/spring-core-5.3.27.jar:/home/runner/.m2/repository/org/springframework/spring-tx/5.3.27/spring-tx-5.3.27.jar:/home/runner/.m2/repository/org/apache/ozone/ozone-client/1.4.0-SNAPSHOT/ozone-client-1.4.0-SNAPSHOT.jar:/home/runner/.m2/repository/org/apache/ozone/hdds-erasurecode/1.4.0-SNAPSHOT/hdds-erasurecode-1.4.0-SNAPSHOT.jar:/home/runner/.m2/repository/org/apache/ozone/ozone-filesystem/1.4.0-SNAPSHOT/ozone-filesystem-1.4.0-SNAPSHOT.jar:/home/runner/.m2/repository/org/apache/ozone/ozone-filesystem-common/1.4.0-SNAPSHOT/ozone-filesystem-common-1.4.0-SNAPSHOT.jar:/home/runner/.m2/repository/org/apache/ozone/ozone-tools/1.4.0-SNAPSHOT/ozone-tools-1.4.0-SNAPSHOT.jar:/home/runner/.m2/repository/com/amazonaws/aws-java-sdk-core/1.12.261/aws-java-sdk-core-1.12.261.jar:/home/runner/.m2/repository/org/apache/httpcomponents/httpclient/4.5.13/httpclient-4.5.13.jar:/home/runner/.m2/repository/org/apache/httpcomponents/httpcore/4.4.13/httpcore-4.4.13.jar:/home/runner/.m2/repository/software/amazon/ion/ion-java/1.0.2/ion-java-1.0.2.jar:/home/runner/.m2/repository/com/fasterxml/jackson/dataformat/jackson-dataformat-cbor/2.13.4/jackson-dataformat-cbor-2.13.4.jar:/home/runner/.m2/repository/joda-time/joda-time/2.10.6/joda-time-2.10.6.jar:/home/runner/.m2/repository/com/amazonaws/aws-java-sdk-s3/1.12.261/aws-java-sdk-s3-1.12.261.jar:/home/runner/.m2/repository/com/amazonaws/aws-java-sdk-kms/1.12.261/aws-java-sdk-kms-1.12.261.jar:/home/runner/.m2/repository/com/amazonaws/jmespath-java/1.12.261/jmespath-java-1.12.261.jar:/home/runner/.m2/repository/org/kohsuke/metainf-services/metainf-services/1.8/metainf-services-1.8.jar:/home/runner/.m2/repository/org/apache/ozone/hdds-tools/1.4.0-SNAPSHOT/hdds-tools-1.4.0-SNAPSHOT.jar:/home/runner/.m2/repository/org/apache/ratis/ratis-tools/2.5.1/ratis-tools-2.5.1.jar:/home/runner/.m2/repository/commons-cli/commons-cli/1.2/commons-cli-1.2.jar:/home/runner/.m2/repository/org/apache/commons/commons-lang3/3.7/commons-lang3-3.7.jar:/home/runner/.m2/repository/org/apache/ozone/ozone-manager/1.4.0-SNAPSHOT/ozone-manager-1.4.0-SNAPSHOT-tests.jar:/home/runner/.m2/repository/org/apache/ozone/hdds-common/1.4.0-SNAPSHOT/hdds-common-1.4.0-SNAPSHOT-tests.jar:/home/runner/.m2/repository/org/apache/ozone/hdds-hadoop-dependency-client/1.4.0-SNAPSHOT/hdds-hadoop-dependency-client-1.4.0-SNAPSHOT.jar:/home/runner/.m2/repository/info/picocli/picocli/4.6.1/picocli-4.6.1.jar:/home/runner/.m2/repository/com/fasterxml/jackson/core/jackson-annotations/2.13.4/jackson-annotations-2.13.4.jar:/home/runner/.m2/repository/org/apache/ozone/hdds-annotation-processing/1.4.0-SNAPSHOT/hdds-annotation-processing-1.4.0-SNAPSHOT.jar:/home/runner/.m2/repository/javax/annotation/javax.annotation-api/1.2/javax.annotation-api-1.2.jar:/home/runner/.m2/repository/org/apache/ratis/ratis-netty/2.5.1/ratis-netty-2.5.1.jar:/home/runner/.m2/repository/org/apache/ratis/ratis-grpc/2.5.1/ratis-grpc-2.5.1.jar:/home/runner/.m2/repository/org/apache/logging/log4j/log4j-api/2.17.1/log4j-api-2.17.1.jar:/home/runner/.m2/repository/org/apache/commons/commons-pool2/2.6.0/commons-pool2-2.6.0.jar:/home/runner/.m2/repository/org/bouncycastle/bcpkix-jdk15on/1.67/bcpkix-jdk15on-1.67.jar:/home/runner/.m2/repository/commons-validator/commons-validator/1.6/commons-validator-1.6.jar:/home/runner/.m2/repository/commons-beanutils/commons-beanutils/1.9.4/commons-beanutils-1.9.4.jar:/home/runner/.m2/repository/commons-digester/commons-digester/1.8.1/commons-digester-1.8.1.jar:/home/runner/.m2/repository/commons-collections/commons-collections/3.2.2/commons-collections-3.2.2.jar:/home/runner/.m2/repository/io/jaegertracing/jaeger-client/1.6.0/jaeger-client-1.6.0.jar:/home/runner/.m2/repository/io/jaegertracing/jaeger-thrift/1.6.0/jaeger-thrift-1.6.0.jar:/home/runner/.m2/repository/org/apache/thrift/libthrift/0.14.1/libthrift-0.14.1.jar:/home/runner/.m2/repository/io/jaegertracing/jaeger-core/1.6.0/jaeger-core-1.6.0.jar:/home/runner/.m2/repository/io/jaegertracing/jaeger-tracerresolver/1.6.0/jaeger-tracerresolver-1.6.0.jar:/home/runner/.m2/repository/io/opentracing/contrib/opentracing-tracerresolver/0.1.8/opentracing-tracerresolver-0.1.8.jar:/home/runner/.m2/repository/org/jetbrains/kotlin/kotlin-stdlib/1.6.21/kotlin-stdlib-1.6.21.jar:/home/runner/.m2/repository/org/jetbrains/annotations/13.0/annotations-13.0.jar:/home/runner/.m2/repository/io/opentracing/opentracing-util/0.33.0/opentracing-util-0.33.0.jar:/home/runner/.m2/repository/io/opentracing/opentracing-api/0.33.0/opentracing-api-0.33.0.jar:/home/runner/.m2/repository/io/opentracing/opentracing-noop/0.33.0/opentracing-noop-0.33.0.jar:/home/runner/.m2/repository/org/yaml/snakeyaml/2.0/snakeyaml-2.0.jar:/home/runner/.m2/repository/io/grpc/grpc-api/1.51.1/grpc-api-1.51.1.jar:/home/runner/.m2/repository/io/grpc/grpc-context/1.51.1/grpc-context-1.51.1.jar:/home/runner/.m2/repository/junit/junit/4.13.1/junit-4.13.1.jar:/home/runner/.m2/repository/org/hamcrest/hamcrest-core/1.3/hamcrest-core-1.3.jar:/home/runner/.m2/repository/org/junit/jupiter/junit-jupiter-api/5.8.2/junit-jupiter-api-5.8.2.jar:/home/runner/.m2/repository/org/opentest4j/opentest4j/1.2.0/opentest4j-1.2.0.jar:/home/runner/.m2/repository/org/junit/platform/junit-platform-commons/1.8.2/junit-platform-commons-1.8.2.jar:/home/runner/.m2/repository/org/apiguardian/apiguardian-api/1.1.2/apiguardian-api-1.1.2.jar:/home/runner/.m2/repository/org/junit/jupiter/junit-jupiter-params/5.8.2/junit-jupiter-params-5.8.2.jar:/home/runner/.m2/repository/org/junit/jupiter/junit-jupiter-migrationsupport/5.8.2/junit-jupiter-migrationsupport-5.8.2.jar:/home/runner/.m2/repository/org/junit/jupiter/junit-jupiter-engine/5.8.2/junit-jupiter-engine-5.8.2.jar:/home/runner/.m2/repository/org/junit/platform/junit-platform-engine/1.8.2/junit-platform-engine-1.8.2.jar:/home/runner/.m2/repository/org/junit/vintage/junit-vintage-engine/5.8.2/junit-vintage-engine-5.8.2.jar:/home/runner/.m2/repository/org/junit/platform/junit-platform-launcher/1.8.2/junit-platform-launcher-1.8.2.jar:/home/runner/.m2/repository/org/mockito/mockito-core/3.5.9/mockito-core-3.5.9.jar:/home/runner/.m2/repository/net/bytebuddy/byte-buddy/1.10.13/byte-buddy-1.10.13.jar:/home/runner/.m2/repository/net/bytebuddy/byte-buddy-agent/1.10.13/byte-buddy-agent-1.10.13.jar:/home/runner/.m2/repository/org/objenesis/objenesis/1.0/objenesis-1.0.jar:/home/runner/.m2/repository/org/apache/hadoop/hadoop-kms/3.3.5/hadoop-kms-3.3.5.jar:/home/runner/.m2/repository/org/apache/hadoop/hadoop-auth/3.3.5/hadoop-auth-3.3.5.jar:/home/runner/.m2/repository/com/nimbusds/nimbus-jose-jwt/9.8.1/nimbus-jose-jwt-9.8.1.jar:/home/runner/.m2/repository/com/github/stephenc/jcip/jcip-annotations/1.0-1/jcip-annotations-1.0-1.jar:/home/runner/.m2/repository/net/minidev/json-smart/2.4.7/json-smart-2.4.7.jar:/home/runner/.m2/repository/net/minidev/accessors-smart/2.4.7/accessors-smart-2.4.7.jar:/home/runner/.m2/repository/org/ow2/asm/asm/5.0.4/asm-5.0.4.jar:/home/runner/.m2/repository/org/apache/zookeeper/zookeeper/3.5.6/zookeeper-3.5.6.jar:/home/runner/.m2/repository/org/apache/zookeeper/zookeeper-jute/3.5.6/zookeeper-jute-3.5.6.jar:/home/runner/.m2/repository/org/apache/yetus/audience-annotations/0.5.0/audience-annotations-0.5.0.jar:/home/runner/.m2/repository/org/apache/curator/curator-framework/4.2.0/curator-framework-4.2.0.jar:/home/runner/.m2/repository/org/apache/hadoop/thirdparty/hadoop-shaded-guava/1.1.1/hadoop-shaded-guava-1.1.1.jar:/home/runner/.m2/repository/com/sun/jersey/jersey-core/1.19/jersey-core-1.19.jar:/home/runner/.m2/repository/javax/ws/rs/jsr311-api/1.1.1/jsr311-api-1.1.1.jar:/home/runner/.m2/repository/com/sun/jersey/jersey-server/1.19/jersey-server-1.19.jar:/home/runner/.m2/repository/javax/servlet/javax.servlet-api/3.1.0/javax.servlet-api-3.1.0.jar:/home/runner/.m2/repository/org/apache/hadoop/hadoop-common/3.3.5/hadoop-common-3.3.5.jar:/home/runner/.m2/repository/org/apache/commons/commons-math3/3.1.1/commons-math3-3.1.1.jar:/home/runner/.m2/repository/commons-net/commons-net/3.9.0/commons-net-3.9.0.jar:/home/runner/.m2/repository/com/sun/jersey/jersey-servlet/1.19/jersey-servlet-1.19.jar:/home/runner/.m2/repository/com/github/pjfanning/jersey-json/1.20/jersey-json-1.20.jar:/home/runner/.m2/repository/org/codehaus/jettison/jettison/1.1/jettison-1.1.jar:/home/runner/.m2/repository/com/sun/xml/bind/jaxb-impl/2.2.3-1/jaxb-impl-2.2.3-1.jar:/home/runner/.m2/repository/com/google/re2j/re2j/1.1/re2j-1.1.jar:/home/runner/.m2/repository/com/jcraft/jsch/0.1.54/jsch-0.1.54.jar:/home/runner/.m2/repository/org/apache/curator/curator-client/4.2.0/curator-client-4.2.0.jar:/home/runner/.m2/repository/org/apache/curator/curator-recipes/4.2.0/curator-recipes-4.2.0.jar:/home/runner/.m2/repository/org/apache/kerby/kerb-core/1.0.1/kerb-core-1.0.1.jar:/home/runner/.m2/repository/org/apache/kerby/kerby-pkix/1.0.1/kerby-pkix-1.0.1.jar:/home/runner/.m2/repository/org/apache/kerby/kerby-asn1/1.0.1/kerby-asn1-1.0.1.jar:/home/runner/.m2/repository/org/apache/kerby/kerby-util/1.0.1/kerby-util-1.0.1.jar:/home/runner/.m2/repository/dnsjava/dnsjava/2.1.7/dnsjava-2.1.7.jar:/home/runner/.m2/repository/org/xerial/snappy/snappy-java/1.1.8.2/snappy-java-1.1.8.2.jar:/home/runner/.m2/repository/com/fasterxml/jackson/core/jackson-databind/2.13.4.2/jackson-databind-2.13.4.2.jar:/home/runner/.m2/repository/org/apache/hadoop/hadoop-kms/3.3.5/hadoop-kms-3.3.5-tests.jar:/home/runner/.m2/repository/org/apache/ozone/hdds-server-scm/1.4.0-SNAPSHOT/hdds-server-scm-1.4.0-SNAPSHOT-tests.jar:/home/runner/.m2/repository/org/apache/ozone/hdds-container-service/1.4.0-SNAPSHOT/hdds-container-service-1.4.0-SNAPSHOT-tests.jar:/home/runner/.m2/repository/com/github/luben/zstd-jni/1.5.2-5/zstd-jni-1.5.2-5.jar:/home/runner/.m2/repository/commons-codec/commons-codec/1.15/commons-codec-1.15.jar:/home/runner/.m2/repository/io/netty/netty-codec/4.1.86.Final/netty-codec-4.1.86.Final.jar:/home/runner/.m2/repository/io/netty/netty-handler/4.1.86.Final/netty-handler-4.1.86.Final.jar:/home/runner/.m2/repository/org/apache/ozone/hdds-hadoop-dependency-test/1.4.0-SNAPSHOT/hdds-hadoop-dependency-test-1.4.0-SNAPSHOT.jar:/home/runner/.m2/repository/org/apache/hadoop/hadoop-common/3.3.5/hadoop-common-3.3.5-tests.jar:/home/runner/.m2/repository/org/apache/hadoop/hadoop-hdfs/3.3.5/hadoop-hdfs-3.3.5-tests.jar:/home/runner/.m2/repository/org/assertj/assertj-core/3.12.2/assertj-core-3.12.2.jar:/home/runner/.m2/repository/org/apache/hadoop/hadoop-distcp/3.3.5/hadoop-distcp-3.3.5.jar:/home/runner/.m2/repository/org/apache/hadoop/hadoop-mapreduce-client-jobclient/3.3.5/hadoop-mapreduce-client-jobclient-3.3.5.jar:/home/runner/.m2/repository/org/apache/hadoop/hadoop-mapreduce-client-common/3.3.5/hadoop-mapreduce-client-common-3.3.5.jar:/home/runner/.m2/repository/org/apache/hadoop/hadoop-yarn-common/3.3.5/hadoop-yarn-common-3.3.5.jar:/home/runner/.m2/repository/org/apache/hadoop/hadoop-yarn-api/3.3.5/hadoop-yarn-api-3.3.5.jar:/home/runner/.m2/repository/com/sun/jersey/contribs/jersey-guice/1.19/jersey-guice-1.19.jar:/home/runner/.m2/repository/com/fasterxml/jackson/jaxrs/jackson-jaxrs-json-provider/2.13.4/jackson-jaxrs-json-provider-2.13.4.jar:/home/runner/.m2/repository/com/fasterxml/jackson/jaxrs/jackson-jaxrs-base/2.13.4/jackson-jaxrs-base-2.13.4.jar:/home/runner/.m2/repository/org/apache/hadoop/hadoop-yarn-client/3.3.5/hadoop-yarn-client-3.3.5.jar:/home/runner/.m2/repository/org/eclipse/jetty/websocket/websocket-client/9.4.48.v20220622/websocket-client-9.4.48.v20220622.jar:/home/runner/.m2/repository/org/eclipse/jetty/websocket/websocket-common/9.4.48.v20220622/websocket-common-9.4.48.v20220622.jar:/home/runner/.m2/repository/org/eclipse/jetty/websocket/websocket-api/9.4.48.v20220622/websocket-api-9.4.48.v20220622.jar:/home/runner/.m2/repository/org/jline/jline/3.9.0/jline-3.9.0.jar:/home/runner/.m2/repository/org/apache/hadoop/hadoop-mapreduce-client-core/3.3.5/hadoop-mapreduce-client-core-3.3.5.jar:/home/runner/.m2/repository/org/apache/avro/avro/1.7.7/avro-1.7.7.jar:/home/runner/.m2/repository/com/thoughtworks/paranamer/paranamer/2.3/paranamer-2.3.jar:/home/runner/.m2/repository/org/apache/hadoop/hadoop-annotations/3.3.5/hadoop-annotations-3.3.5.jar:/usr/lib/jvm/temurin-8-jdk-amd64/jre/../lib/tools.jar:/home/runner/.m2/repository/io/netty/netty/3.10.6.Final/netty-3.10.6.Final.jar:/home/runner/.m2/repository/org/apache/hadoop/hadoop-distcp/3.3.5/hadoop-distcp-3.3.5-tests.jar:/home/runner/.m2/repository/org/slf4j/jul-to-slf4j/1.7.36/jul-to-slf4j-1.7.36.jar:"/>
    <property name="java.vm.vendor" value="Temurin"/>
    <property name="sun.arch.data.model" value="64"/>
    <property name="test.build.dir" value="/home/runner/work/ozone/ozone/hadoop-ozone/integration-test/target/test-dir"/>
    <property name="test.cache.data" value=""/>
    <property name="java.vendor.url" value="https://adoptium.net/"/>
    <property name="user.timezone" value="Etc/UTC"/>
    <property name="os.name" value="Linux"/>
    <property name="java.vm.specification.version" value="1.8"/>
    <property name="test.build.data" value="/home/runner/work/ozone/ozone/hadoop-ozone/integration-test/target/test-dir"/>
    <property name="sun.java.launcher" value="SUN_STANDARD"/>
    <property name="sun.boot.library.path" value="/usr/lib/jvm/temurin-8-jdk-amd64/jre/lib/amd64"/>
    <property name="sun.java.command" value="/home/runner/work/ozone/ozone/hadoop-ozone/integration-test/target/surefire/surefirebooter11617928687567274.jar /home/runner/work/ozone/ozone/hadoop-ozone/integration-test/target/surefire 2023-06-13T01-38-26_117-jvmRun1 surefire8003889268317687354tmp surefire_91793917938177189854tmp"/>
    <property name="native.lib.tmp.dir" value="/tmp"/>
    <property name="surefire.test.class.path" value="/home/runner/work/ozone/ozone/hadoop-ozone/integration-test/target/test-classes:/home/runner/work/ozone/ozone/hadoop-ozone/integration-test/target/classes:/home/runner/.m2/repository/org/apache/ozone/ozone-common/1.4.0-SNAPSHOT/ozone-common-1.4.0-SNAPSHOT.jar:/home/runner/.m2/repository/io/grpc/grpc-netty/1.51.1/grpc-netty-1.51.1.jar:/home/runner/.m2/repository/io/grpc/grpc-core/1.51.1/grpc-core-1.51.1.jar:/home/runner/.m2/repository/com/google/android/annotations/4.1.1.4/annotations-4.1.1.4.jar:/home/runner/.m2/repository/org/codehaus/mojo/animal-sniffer-annotations/1.21/animal-sniffer-annotations-1.21.jar:/home/runner/.m2/repository/com/google/errorprone/error_prone_annotations/2.2.0/error_prone_annotations-2.2.0.jar:/home/runner/.m2/repository/io/perfmark/perfmark-api/0.25.0/perfmark-api-0.25.0.jar:/home/runner/.m2/repository/io/netty/netty-codec-http2/4.1.86.Final/netty-codec-http2-4.1.86.Final.jar:/home/runner/.m2/repository/io/netty/netty-common/4.1.86.Final/netty-common-4.1.86.Final.jar:/home/runner/.m2/repository/io/netty/netty-buffer/4.1.86.Final/netty-buffer-4.1.86.Final.jar:/home/runner/.m2/repository/io/netty/netty-codec-http/4.1.86.Final/netty-codec-http-4.1.86.Final.jar:/home/runner/.m2/repository/io/netty/netty-handler-proxy/4.1.86.Final/netty-handler-proxy-4.1.86.Final.jar:/home/runner/.m2/repository/io/netty/netty-codec-socks/4.1.86.Final/netty-codec-socks-4.1.86.Final.jar:/home/runner/.m2/repository/io/netty/netty-tcnative-boringssl-static/2.0.54.Final/netty-tcnative-boringssl-static-2.0.54.Final.jar:/home/runner/.m2/repository/io/netty/netty-tcnative-classes/2.0.54.Final/netty-tcnative-classes-2.0.54.Final.jar:/home/runner/.m2/repository/io/netty/netty-tcnative-boringssl-static/2.0.54.Final/netty-tcnative-boringssl-static-2.0.54.Final-linux-x86_64.jar:/home/runner/.m2/repository/io/netty/netty-tcnative-boringssl-static/2.0.54.Final/netty-tcnative-boringssl-static-2.0.54.Final-linux-aarch_64.jar:/home/runner/.m2/repository/io/netty/netty-tcnative-boringssl-static/2.0.54.Final/netty-tcnative-boringssl-static-2.0.54.Final-osx-x86_64.jar:/home/runner/.m2/repository/io/netty/netty-tcnative-boringssl-static/2.0.54.Final/netty-tcnative-boringssl-static-2.0.54.Final-osx-aarch_64.jar:/home/runner/.m2/repository/io/netty/netty-tcnative-boringssl-static/2.0.54.Final/netty-tcnative-boringssl-static-2.0.54.Final-windows-x86_64.jar:/home/runner/.m2/repository/org/apache/commons/commons-compress/1.21/commons-compress-1.21.jar:/home/runner/.m2/repository/org/apache/ozone/hdds-common/1.4.0-SNAPSHOT/hdds-common-1.4.0-SNAPSHOT.jar:/home/runner/.m2/repository/org/apache/ozone/hdds-client/1.4.0-SNAPSHOT/hdds-client-1.4.0-SNAPSHOT.jar:/home/runner/.m2/repository/org/apache/ozone/ozone-interface-client/1.4.0-SNAPSHOT/ozone-interface-client-1.4.0-SNAPSHOT.jar:/home/runner/.m2/repository/org/apache/hadoop/hadoop-hdfs-client/3.3.5/hadoop-hdfs-client-3.3.5.jar:/home/runner/.m2/repository/com/squareup/okhttp3/okhttp/4.9.3/okhttp-4.9.3.jar:/home/runner/.m2/repository/com/squareup/okio/okio/2.8.0/okio-2.8.0.jar:/home/runner/.m2/repository/org/jetbrains/kotlin/kotlin-stdlib-common/1.6.21/kotlin-stdlib-common-1.6.21.jar:/home/runner/.m2/repository/org/apache/ozone/hdds-test-utils/1.4.0-SNAPSHOT/hdds-test-utils-1.4.0-SNAPSHOT.jar:/home/runner/.m2/repository/com/google/guava/guava/31.1-jre/guava-31.1-jre.jar:/home/runner/.m2/repository/com/google/guava/failureaccess/1.0.1/failureaccess-1.0.1.jar:/home/runner/.m2/repository/com/google/guava/listenablefuture/9999.0-empty-to-avoid-conflict-with-guava/listenablefuture-9999.0-empty-to-avoid-conflict-with-guava.jar:/home/runner/.m2/repository/com/google/code/findbugs/jsr305/3.0.0/jsr305-3.0.0.jar:/home/runner/.m2/repository/org/checkerframework/checker-qual/3.12.0/checker-qual-3.12.0.jar:/home/runner/.m2/repository/com/google/j2objc/j2objc-annotations/1.3/j2objc-annotations-1.3.jar:/home/runner/.m2/repository/commons-io/commons-io/2.11.0/commons-io-2.11.0.jar:/home/runner/.m2/repository/commons-logging/commons-logging/1.2/commons-logging-1.2.jar:/home/runner/.m2/repository/ch/qos/reload4j/reload4j/1.2.22/reload4j-1.2.22.jar:/home/runner/.m2/repository/org/slf4j/slf4j-api/1.7.36/slf4j-api-1.7.36.jar:/home/runner/.m2/repository/org/apache/ozone/hdds-server-scm/1.4.0-SNAPSHOT/hdds-server-scm-1.4.0-SNAPSHOT.jar:/home/runner/.m2/repository/org/apache/ozone/hdds-container-service/1.4.0-SNAPSHOT/hdds-container-service-1.4.0-SNAPSHOT.jar:/home/runner/.m2/repository/org/apache/ozone/hdds-hadoop-dependency-server/1.4.0-SNAPSHOT/hdds-hadoop-dependency-server-1.4.0-SNAPSHOT.jar:/home/runner/.m2/repository/org/apache/hadoop/hadoop-hdfs/3.3.5/hadoop-hdfs-3.3.5.jar:/home/runner/.m2/repository/commons-daemon/commons-daemon/1.0.13/commons-daemon-1.0.13.jar:/home/runner/.m2/repository/org/apache/ozone/hdds-server-framework/1.4.0-SNAPSHOT/hdds-server-framework-1.4.0-SNAPSHOT.jar:/home/runner/.m2/repository/io/dropwizard/metrics/metrics-core/3.2.4/metrics-core-3.2.4.jar:/home/runner/.m2/repository/org/apache/commons/commons-text/1.4/commons-text-1.4.jar:/home/runner/.m2/repository/org/bouncycastle/bcprov-jdk15on/1.67/bcprov-jdk15on-1.67.jar:/home/runner/.m2/repository/com/google/protobuf/protobuf-java/2.5.0/protobuf-java-2.5.0.jar:/home/runner/.m2/repository/org/apache/ozone/hdds-server-framework/1.4.0-SNAPSHOT/hdds-server-framework-1.4.0-SNAPSHOT-tests.jar:/home/runner/.m2/repository/org/apache/ozone/hdds-interface-server/1.4.0-SNAPSHOT/hdds-interface-server-1.4.0-SNAPSHOT.jar:/home/runner/.m2/repository/org/apache/ozone/hdds-interface-admin/1.4.0-SNAPSHOT/hdds-interface-admin-1.4.0-SNAPSHOT.jar:/home/runner/.m2/repository/org/apache/ozone/hdds-managed-rocksdb/1.4.0-SNAPSHOT/hdds-managed-rocksdb-1.4.0-SNAPSHOT.jar:/home/runner/.m2/repository/org/rocksdb/rocksdbjni/7.7.3/rocksdbjni-7.7.3.jar:/home/runner/.m2/repository/org/slf4j/slf4j-reload4j/1.7.36/slf4j-reload4j-1.7.36.jar:/home/runner/.m2/repository/org/apache/commons/commons-configuration2/2.1.1/commons-configuration2-2.1.1.jar:/home/runner/.m2/repository/org/apache/logging/log4j/log4j-core/2.17.1/log4j-core-2.17.1.jar:/home/runner/.m2/repository/com/lmax/disruptor/3.4.2/disruptor-3.4.2.jar:/home/runner/.m2/repository/org/eclipse/jetty/jetty-util/9.4.51.v20230217/jetty-util-9.4.51.v20230217.jar:/home/runner/.m2/repository/org/eclipse/jetty/jetty-server/9.4.51.v20230217/jetty-server-9.4.51.v20230217.jar:/home/runner/.m2/repository/org/eclipse/jetty/jetty-http/9.4.51.v20230217/jetty-http-9.4.51.v20230217.jar:/home/runner/.m2/repository/org/eclipse/jetty/jetty-io/9.4.51.v20230217/jetty-io-9.4.51.v20230217.jar:/home/runner/.m2/repository/org/eclipse/jetty/jetty-servlet/9.4.51.v20230217/jetty-servlet-9.4.51.v20230217.jar:/home/runner/.m2/repository/org/eclipse/jetty/jetty-security/9.4.51.v20230217/jetty-security-9.4.51.v20230217.jar:/home/runner/.m2/repository/org/eclipse/jetty/jetty-util-ajax/9.4.51.v20230217/jetty-util-ajax-9.4.51.v20230217.jar:/home/runner/.m2/repository/org/eclipse/jetty/jetty-webapp/9.4.51.v20230217/jetty-webapp-9.4.51.v20230217.jar:/home/runner/.m2/repository/org/eclipse/jetty/jetty-xml/9.4.51.v20230217/jetty-xml-9.4.51.v20230217.jar:/home/runner/.m2/repository/org/apache/ratis/ratis-server/2.5.1/ratis-server-2.5.1.jar:/home/runner/.m2/repository/org/apache/ratis/ratis-thirdparty-misc/1.0.4/ratis-thirdparty-misc-1.0.4.jar:/home/runner/.m2/repository/org/apache/ratis/ratis-proto/2.5.1/ratis-proto-2.5.1.jar:/home/runner/.m2/repository/org/apache/ratis/ratis-common/2.5.1/ratis-common-2.5.1.jar:/home/runner/.m2/repository/org/apache/ratis/ratis-client/2.5.1/ratis-client-2.5.1.jar:/home/runner/.m2/repository/org/apache/ratis/ratis-server-api/2.5.1/ratis-server-api-2.5.1.jar:/home/runner/.m2/repository/org/apache/ratis/ratis-metrics/2.5.1/ratis-metrics-2.5.1.jar:/home/runner/.m2/repository/io/prometheus/simpleclient_dropwizard/0.7.0/simpleclient_dropwizard-0.7.0.jar:/home/runner/.m2/repository/io/prometheus/simpleclient/0.7.0/simpleclient-0.7.0.jar:/home/runner/.m2/repository/io/prometheus/simpleclient_common/0.7.0/simpleclient_common-0.7.0.jar:/home/runner/.m2/repository/com/fasterxml/jackson/datatype/jackson-datatype-jsr310/2.13.4/jackson-datatype-jsr310-2.13.4.jar:/home/runner/.m2/repository/com/fasterxml/jackson/core/jackson-core/2.13.4/jackson-core-2.13.4.jar:/home/runner/.m2/repository/com/github/spotbugs/spotbugs-annotations/3.1.12/spotbugs-annotations-3.1.12.jar:/home/runner/.m2/repository/org/apache/ozone/rocksdb-checkpoint-differ/1.4.0-SNAPSHOT/rocksdb-checkpoint-differ-1.4.0-SNAPSHOT.jar:/home/runner/.m2/repository/org/awaitility/awaitility/4.2.0/awaitility-4.2.0.jar:/home/runner/.m2/repository/org/hamcrest/hamcrest/2.1/hamcrest-2.1.jar:/home/runner/.m2/repository/org/apache/ozone/ozone-manager/1.4.0-SNAPSHOT/ozone-manager-1.4.0-SNAPSHOT.jar:/home/runner/.m2/repository/org/aspectj/aspectjrt/1.9.7/aspectjrt-1.9.7.jar:/home/runner/.m2/repository/org/aspectj/aspectjweaver/1.9.7/aspectjweaver-1.9.7.jar:/home/runner/.m2/repository/org/apache/ozone/hdds-interface-client/1.4.0-SNAPSHOT/hdds-interface-client-1.4.0-SNAPSHOT.jar:/home/runner/.m2/repository/org/apache/hadoop/thirdparty/hadoop-shaded-protobuf_3_7/1.1.1/hadoop-shaded-protobuf_3_7-1.1.1.jar:/home/runner/.m2/repository/org/apache/ozone/ozone-interface-storage/1.4.0-SNAPSHOT/ozone-interface-storage-1.4.0-SNAPSHOT.jar:/home/runner/.m2/repository/org/reflections/reflections/0.9.11/reflections-0.9.11.jar:/home/runner/.m2/repository/com/sun/jersey/jersey-client/1.19/jersey-client-1.19.jar:/home/runner/.m2/repository/org/codehaus/jackson/jackson-core-asl/1.9.13/jackson-core-asl-1.9.13.jar:/home/runner/.m2/repository/org/codehaus/jackson/jackson-mapper-asl/1.9.13/jackson-mapper-asl-1.9.13.jar:/home/runner/.m2/repository/org/codehaus/jackson/jackson-jaxrs/1.9.13/jackson-jaxrs-1.9.13.jar:/home/runner/.m2/repository/org/apache/ranger/ranger-intg/2.3.0/ranger-intg-2.3.0.jar:/home/runner/.m2/repository/org/apache/ranger/ranger-plugins-common/2.3.0/ranger-plugins-common-2.3.0.jar:/home/runner/.m2/repository/commons-lang/commons-lang/2.6/commons-lang-2.6.jar:/home/runner/.m2/repository/org/apache/ranger/ranger-plugins-cred/2.3.0/ranger-plugins-cred-2.3.0.jar:/home/runner/.m2/repository/org/apache/ranger/ranger-plugins-audit/2.3.0/ranger-plugins-audit-2.3.0.jar:/home/runner/.m2/repository/org/eclipse/jetty/jetty-client/9.4.51.v20230217/jetty-client-9.4.51.v20230217.jar:/home/runner/.m2/repository/org/apache/httpcomponents/httpmime/4.5.6/httpmime-4.5.6.jar:/home/runner/.m2/repository/org/apache/httpcomponents/httpcore-nio/4.4.13/httpcore-nio-4.4.13.jar:/home/runner/.m2/repository/org/apache/httpcomponents/httpasyncclient/4.1.3/httpasyncclient-4.1.3.jar:/home/runner/.m2/repository/com/carrotsearch/hppc/0.8.0/hppc-0.8.0.jar:/home/runner/.m2/repository/org/apache/orc/orc-core/1.5.8/orc-core-1.5.8.jar:/home/runner/.m2/repository/net/java/dev/jna/jna/5.2.0/jna-5.2.0.jar:/home/runner/.m2/repository/net/java/dev/jna/jna-platform/5.2.0/jna-platform-5.2.0.jar:/home/runner/.m2/repository/com/kstruct/gethostname4j/0.0.2/gethostname4j-0.0.2.jar:/home/runner/.m2/repository/org/apache/ranger/ranger-plugin-classloader/2.3.0/ranger-plugin-classloader-2.3.0.jar:/home/runner/.m2/repository/org/apache/ozone/hdds-rocks-native/1.4.0-f5e225007-SNAPSHOT/hdds-rocks-native-1.4.0-f5e225007-SNAPSHOT.jar:/home/runner/.m2/repository/org/apache/hadoop/hadoop-minikdc/3.3.5/hadoop-minikdc-3.3.5.jar:/home/runner/.m2/repository/org/apache/kerby/kerb-simplekdc/1.0.1/kerb-simplekdc-1.0.1.jar:/home/runner/.m2/repository/org/apache/kerby/kerb-client/1.0.1/kerb-client-1.0.1.jar:/home/runner/.m2/repository/org/apache/kerby/kerby-config/1.0.1/kerby-config-1.0.1.jar:/home/runner/.m2/repository/org/apache/kerby/kerb-common/1.0.1/kerb-common-1.0.1.jar:/home/runner/.m2/repository/org/apache/kerby/kerb-crypto/1.0.1/kerb-crypto-1.0.1.jar:/home/runner/.m2/repository/org/apache/kerby/kerb-util/1.0.1/kerb-util-1.0.1.jar:/home/runner/.m2/repository/org/apache/kerby/token-provider/1.0.1/token-provider-1.0.1.jar:/home/runner/.m2/repository/org/apache/kerby/kerb-admin/1.0.1/kerb-admin-1.0.1.jar:/home/runner/.m2/repository/org/apache/kerby/kerb-server/1.0.1/kerb-server-1.0.1.jar:/home/runner/.m2/repository/org/apache/kerby/kerb-identity/1.0.1/kerb-identity-1.0.1.jar:/home/runner/.m2/repository/org/apache/kerby/kerby-xdr/1.0.1/kerby-xdr-1.0.1.jar:/home/runner/.m2/repository/org/apache/ozone/ozone-s3gateway/1.4.0-SNAPSHOT/ozone-s3gateway-1.4.0-SNAPSHOT.jar:/home/runner/.m2/repository/org/javassist/javassist/3.21.0-GA/javassist-3.21.0-GA.jar:/home/runner/.m2/repository/org/jboss/weld/servlet/weld-servlet-shaded/3.1.9.Final/weld-servlet-shaded-3.1.9.Final.jar:/home/runner/.m2/repository/org/glassfish/jersey/containers/jersey-container-servlet-core/2.34/jersey-container-servlet-core-2.34.jar:/home/runner/.m2/repository/org/glassfish/hk2/external/jakarta.inject/2.6.1/jakarta.inject-2.6.1.jar:/home/runner/.m2/repository/org/glassfish/jersey/core/jersey-common/2.34/jersey-common-2.34.jar:/home/runner/.m2/repository/jakarta/ws/rs/jakarta.ws.rs-api/2.1.6/jakarta.ws.rs-api-2.1.6.jar:/home/runner/.m2/repository/org/glassfish/jersey/ext/cdi/jersey-cdi1x/2.34/jersey-cdi1x-2.34.jar:/home/runner/.m2/repository/org/glassfish/jersey/inject/jersey-hk2/2.34/jersey-hk2-2.34.jar:/home/runner/.m2/repository/org/glassfish/hk2/hk2-locator/2.6.1/hk2-locator-2.6.1.jar:/home/runner/.m2/repository/org/glassfish/jersey/media/jersey-media-jaxb/2.34/jersey-media-jaxb-2.34.jar:/home/runner/.m2/repository/org/glassfish/hk2/osgi-resource-locator/1.0.3/osgi-resource-locator-1.0.3.jar:/home/runner/.m2/repository/org/glassfish/hk2/hk2-api/2.5.0/hk2-api-2.5.0.jar:/home/runner/.m2/repository/org/glassfish/hk2/hk2-utils/2.5.0/hk2-utils-2.5.0.jar:/home/runner/.m2/repository/org/glassfish/hk2/external/aopalliance-repackaged/2.5.0/aopalliance-repackaged-2.5.0.jar:/home/runner/.m2/repository/com/fasterxml/jackson/dataformat/jackson-dataformat-xml/2.13.4/jackson-dataformat-xml-2.13.4.jar:/home/runner/.m2/repository/org/codehaus/woodstox/stax2-api/4.2.1/stax2-api-4.2.1.jar:/home/runner/.m2/repository/com/fasterxml/woodstox/woodstox-core/5.4.0/woodstox-core-5.4.0.jar:/home/runner/.m2/repository/com/fasterxml/jackson/module/jackson-module-jaxb-annotations/2.13.4/jackson-module-jaxb-annotations-2.13.4.jar:/home/runner/.m2/repository/jakarta/xml/bind/jakarta.xml.bind-api/2.3.3/jakarta.xml.bind-api-2.3.3.jar:/home/runner/.m2/repository/jakarta/activation/jakarta.activation-api/1.2.2/jakarta.activation-api-1.2.2.jar:/home/runner/.m2/repository/javax/enterprise/cdi-api/2.0/cdi-api-2.0.jar:/home/runner/.m2/repository/javax/el/javax.el-api/3.0.0/javax.el-api-3.0.0.jar:/home/runner/.m2/repository/javax/interceptor/javax.interceptor-api/1.2/javax.interceptor-api-1.2.jar:/home/runner/.m2/repository/javax/inject/javax.inject/1/javax.inject-1.jar:/home/runner/.m2/repository/javax/xml/bind/jaxb-api/2.3.0/jaxb-api-2.3.0.jar:/home/runner/.m2/repository/org/glassfish/jaxb/jaxb-runtime/2.3.0.1/jaxb-runtime-2.3.0.1.jar:/home/runner/.m2/repository/org/glassfish/jaxb/jaxb-core/2.3.0.1/jaxb-core-2.3.0.1.jar:/home/runner/.m2/repository/org/glassfish/jaxb/txw2/2.3.0.1/txw2-2.3.0.1.jar:/home/runner/.m2/repository/com/sun/istack/istack-commons-runtime/3.0.5/istack-commons-runtime-3.0.5.jar:/home/runner/.m2/repository/org/jvnet/staxex/stax-ex/1.7.8/stax-ex-1.7.8.jar:/home/runner/.m2/repository/com/sun/xml/fastinfoset/FastInfoset/1.2.13/FastInfoset-1.2.13.jar:/home/runner/.m2/repository/javax/activation/activation/1.1.1/activation-1.1.1.jar:/home/runner/.m2/repository/io/grpc/grpc-protobuf/1.51.1/grpc-protobuf-1.51.1.jar:/home/runner/.m2/repository/com/google/api/grpc/proto-google-common-protos/2.9.0/proto-google-common-protos-2.9.0.jar:/home/runner/.m2/repository/io/grpc/grpc-protobuf-lite/1.51.1/grpc-protobuf-lite-1.51.1.jar:/home/runner/.m2/repository/io/grpc/grpc-stub/1.51.1/grpc-stub-1.51.1.jar:/home/runner/.m2/repository/io/netty/netty-transport/4.1.86.Final/netty-transport-4.1.86.Final.jar:/home/runner/.m2/repository/io/netty/netty-resolver/4.1.86.Final/netty-resolver-4.1.86.Final.jar:/home/runner/.m2/repository/org/apache/ozone/ozone-csi/1.4.0-SNAPSHOT/ozone-csi-1.4.0-SNAPSHOT.jar:/home/runner/.m2/repository/com/google/protobuf/protobuf-java-util/3.19.6/protobuf-java-util-3.19.6.jar:/home/runner/.m2/repository/com/google/code/gson/gson/2.9.0/gson-2.9.0.jar:/home/runner/.m2/repository/org/apache/ozone/hdds-config/1.4.0-SNAPSHOT/hdds-config-1.4.0-SNAPSHOT.jar:/home/runner/.m2/repository/io/netty/netty-transport-native-epoll/4.1.86.Final/netty-transport-native-epoll-4.1.86.Final-linux-x86_64.jar:/home/runner/.m2/repository/io/netty/netty-transport-classes-epoll/4.1.86.Final/netty-transport-classes-epoll-4.1.86.Final.jar:/home/runner/.m2/repository/io/netty/netty-transport-native-unix-common/4.1.86.Final/netty-transport-native-unix-common-4.1.86.Final.jar:/home/runner/.m2/repository/org/apache/ozone/ozone-recon/1.4.0-SNAPSHOT/ozone-recon-1.4.0-SNAPSHOT.jar:/home/runner/.m2/repository/org/apache/ozone/ozone-reconcodegen/1.4.0-SNAPSHOT/ozone-reconcodegen-1.4.0-SNAPSHOT.jar:/home/runner/.m2/repository/com/google/inject/guice/5.1.0/guice-5.1.0.jar:/home/runner/.m2/repository/aopalliance/aopalliance/1.0/aopalliance-1.0.jar:/home/runner/.m2/repository/com/google/inject/extensions/guice-assistedinject/5.1.0/guice-assistedinject-5.1.0.jar:/home/runner/.m2/repository/com/google/inject/extensions/guice-servlet/5.1.0/guice-servlet-5.1.0.jar:/home/runner/.m2/repository/org/glassfish/jersey/containers/jersey-container-servlet/2.34/jersey-container-servlet-2.34.jar:/home/runner/.m2/repository/org/glassfish/hk2/guice-bridge/2.5.0/guice-bridge-2.5.0.jar:/home/runner/.m2/repository/org/glassfish/jersey/core/jersey-server/2.34/jersey-server-2.34.jar:/home/runner/.m2/repository/org/glassfish/jersey/core/jersey-client/2.34/jersey-client-2.34.jar:/home/runner/.m2/repository/jakarta/annotation/jakarta.annotation-api/1.3.5/jakarta.annotation-api-1.3.5.jar:/home/runner/.m2/repository/jakarta/validation/jakarta.validation-api/2.0.2/jakarta.validation-api-2.0.2.jar:/home/runner/.m2/repository/org/glassfish/jersey/media/jersey-media-json-jackson/2.34/jersey-media-json-jackson-2.34.jar:/home/runner/.m2/repository/org/glassfish/jersey/ext/jersey-entity-filtering/2.34/jersey-entity-filtering-2.34.jar:/home/runner/.m2/repository/org/jooq/jooq/3.11.10/jooq-3.11.10.jar:/home/runner/.m2/repository/org/jooq/jooq-meta/3.11.10/jooq-meta-3.11.10.jar:/home/runner/.m2/repository/org/jooq/jooq-codegen/3.11.10/jooq-codegen-3.11.10.jar:/home/runner/.m2/repository/com/jolbox/bonecp/0.8.0.RELEASE/bonecp-0.8.0.RELEASE.jar:/home/runner/.m2/repository/org/apache/derby/derby/10.14.2.0/derby-10.14.2.0.jar:/home/runner/.m2/repository/org/xerial/sqlite-jdbc/3.41.2.2/sqlite-jdbc-3.41.2.2.jar:/home/runner/.m2/repository/org/springframework/spring-jdbc/5.3.27/spring-jdbc-5.3.27.jar:/home/runner/.m2/repository/org/springframework/spring-beans/5.3.27/spring-beans-5.3.27.jar:/home/runner/.m2/repository/org/springframework/spring-core/5.3.27/spring-core-5.3.27.jar:/home/runner/.m2/repository/org/springframework/spring-tx/5.3.27/spring-tx-5.3.27.jar:/home/runner/.m2/repository/org/apache/ozone/ozone-client/1.4.0-SNAPSHOT/ozone-client-1.4.0-SNAPSHOT.jar:/home/runner/.m2/repository/org/apache/ozone/hdds-erasurecode/1.4.0-SNAPSHOT/hdds-erasurecode-1.4.0-SNAPSHOT.jar:/home/runner/.m2/repository/org/apache/ozone/ozone-filesystem/1.4.0-SNAPSHOT/ozone-filesystem-1.4.0-SNAPSHOT.jar:/home/runner/.m2/repository/org/apache/ozone/ozone-filesystem-common/1.4.0-SNAPSHOT/ozone-filesystem-common-1.4.0-SNAPSHOT.jar:/home/runner/.m2/repository/org/apache/ozone/ozone-tools/1.4.0-SNAPSHOT/ozone-tools-1.4.0-SNAPSHOT.jar:/home/runner/.m2/repository/com/amazonaws/aws-java-sdk-core/1.12.261/aws-java-sdk-core-1.12.261.jar:/home/runner/.m2/repository/org/apache/httpcomponents/httpclient/4.5.13/httpclient-4.5.13.jar:/home/runner/.m2/repository/org/apache/httpcomponents/httpcore/4.4.13/httpcore-4.4.13.jar:/home/runner/.m2/repository/software/amazon/ion/ion-java/1.0.2/ion-java-1.0.2.jar:/home/runner/.m2/repository/com/fasterxml/jackson/dataformat/jackson-dataformat-cbor/2.13.4/jackson-dataformat-cbor-2.13.4.jar:/home/runner/.m2/repository/joda-time/joda-time/2.10.6/joda-time-2.10.6.jar:/home/runner/.m2/repository/com/amazonaws/aws-java-sdk-s3/1.12.261/aws-java-sdk-s3-1.12.261.jar:/home/runner/.m2/repository/com/amazonaws/aws-java-sdk-kms/1.12.261/aws-java-sdk-kms-1.12.261.jar:/home/runner/.m2/repository/com/amazonaws/jmespath-java/1.12.261/jmespath-java-1.12.261.jar:/home/runner/.m2/repository/org/kohsuke/metainf-services/metainf-services/1.8/metainf-services-1.8.jar:/home/runner/.m2/repository/org/apache/ozone/hdds-tools/1.4.0-SNAPSHOT/hdds-tools-1.4.0-SNAPSHOT.jar:/home/runner/.m2/repository/org/apache/ratis/ratis-tools/2.5.1/ratis-tools-2.5.1.jar:/home/runner/.m2/repository/commons-cli/commons-cli/1.2/commons-cli-1.2.jar:/home/runner/.m2/repository/org/apache/commons/commons-lang3/3.7/commons-lang3-3.7.jar:/home/runner/.m2/repository/org/apache/ozone/ozone-manager/1.4.0-SNAPSHOT/ozone-manager-1.4.0-SNAPSHOT-tests.jar:/home/runner/.m2/repository/org/apache/ozone/hdds-common/1.4.0-SNAPSHOT/hdds-common-1.4.0-SNAPSHOT-tests.jar:/home/runner/.m2/repository/org/apache/ozone/hdds-hadoop-dependency-client/1.4.0-SNAPSHOT/hdds-hadoop-dependency-client-1.4.0-SNAPSHOT.jar:/home/runner/.m2/repository/info/picocli/picocli/4.6.1/picocli-4.6.1.jar:/home/runner/.m2/repository/com/fasterxml/jackson/core/jackson-annotations/2.13.4/jackson-annotations-2.13.4.jar:/home/runner/.m2/repository/org/apache/ozone/hdds-annotation-processing/1.4.0-SNAPSHOT/hdds-annotation-processing-1.4.0-SNAPSHOT.jar:/home/runner/.m2/repository/javax/annotation/javax.annotation-api/1.2/javax.annotation-api-1.2.jar:/home/runner/.m2/repository/org/apache/ratis/ratis-netty/2.5.1/ratis-netty-2.5.1.jar:/home/runner/.m2/repository/org/apache/ratis/ratis-grpc/2.5.1/ratis-grpc-2.5.1.jar:/home/runner/.m2/repository/org/apache/logging/log4j/log4j-api/2.17.1/log4j-api-2.17.1.jar:/home/runner/.m2/repository/org/apache/commons/commons-pool2/2.6.0/commons-pool2-2.6.0.jar:/home/runner/.m2/repository/org/bouncycastle/bcpkix-jdk15on/1.67/bcpkix-jdk15on-1.67.jar:/home/runner/.m2/repository/commons-validator/commons-validator/1.6/commons-validator-1.6.jar:/home/runner/.m2/repository/commons-beanutils/commons-beanutils/1.9.4/commons-beanutils-1.9.4.jar:/home/runner/.m2/repository/commons-digester/commons-digester/1.8.1/commons-digester-1.8.1.jar:/home/runner/.m2/repository/commons-collections/commons-collections/3.2.2/commons-collections-3.2.2.jar:/home/runner/.m2/repository/io/jaegertracing/jaeger-client/1.6.0/jaeger-client-1.6.0.jar:/home/runner/.m2/repository/io/jaegertracing/jaeger-thrift/1.6.0/jaeger-thrift-1.6.0.jar:/home/runner/.m2/repository/org/apache/thrift/libthrift/0.14.1/libthrift-0.14.1.jar:/home/runner/.m2/repository/io/jaegertracing/jaeger-core/1.6.0/jaeger-core-1.6.0.jar:/home/runner/.m2/repository/io/jaegertracing/jaeger-tracerresolver/1.6.0/jaeger-tracerresolver-1.6.0.jar:/home/runner/.m2/repository/io/opentracing/contrib/opentracing-tracerresolver/0.1.8/opentracing-tracerresolver-0.1.8.jar:/home/runner/.m2/repository/org/jetbrains/kotlin/kotlin-stdlib/1.6.21/kotlin-stdlib-1.6.21.jar:/home/runner/.m2/repository/org/jetbrains/annotations/13.0/annotations-13.0.jar:/home/runner/.m2/repository/io/opentracing/opentracing-util/0.33.0/opentracing-util-0.33.0.jar:/home/runner/.m2/repository/io/opentracing/opentracing-api/0.33.0/opentracing-api-0.33.0.jar:/home/runner/.m2/repository/io/opentracing/opentracing-noop/0.33.0/opentracing-noop-0.33.0.jar:/home/runner/.m2/repository/org/yaml/snakeyaml/2.0/snakeyaml-2.0.jar:/home/runner/.m2/repository/io/grpc/grpc-api/1.51.1/grpc-api-1.51.1.jar:/home/runner/.m2/repository/io/grpc/grpc-context/1.51.1/grpc-context-1.51.1.jar:/home/runner/.m2/repository/junit/junit/4.13.1/junit-4.13.1.jar:/home/runner/.m2/repository/org/hamcrest/hamcrest-core/1.3/hamcrest-core-1.3.jar:/home/runner/.m2/repository/org/junit/jupiter/junit-jupiter-api/5.8.2/junit-jupiter-api-5.8.2.jar:/home/runner/.m2/repository/org/opentest4j/opentest4j/1.2.0/opentest4j-1.2.0.jar:/home/runner/.m2/repository/org/junit/platform/junit-platform-commons/1.8.2/junit-platform-commons-1.8.2.jar:/home/runner/.m2/repository/org/apiguardian/apiguardian-api/1.1.2/apiguardian-api-1.1.2.jar:/home/runner/.m2/repository/org/junit/jupiter/junit-jupiter-params/5.8.2/junit-jupiter-params-5.8.2.jar:/home/runner/.m2/repository/org/junit/jupiter/junit-jupiter-migrationsupport/5.8.2/junit-jupiter-migrationsupport-5.8.2.jar:/home/runner/.m2/repository/org/junit/jupiter/junit-jupiter-engine/5.8.2/junit-jupiter-engine-5.8.2.jar:/home/runner/.m2/repository/org/junit/platform/junit-platform-engine/1.8.2/junit-platform-engine-1.8.2.jar:/home/runner/.m2/repository/org/junit/vintage/junit-vintage-engine/5.8.2/junit-vintage-engine-5.8.2.jar:/home/runner/.m2/repository/org/junit/platform/junit-platform-launcher/1.8.2/junit-platform-launcher-1.8.2.jar:/home/runner/.m2/repository/org/mockito/mockito-core/3.5.9/mockito-core-3.5.9.jar:/home/runner/.m2/repository/net/bytebuddy/byte-buddy/1.10.13/byte-buddy-1.10.13.jar:/home/runner/.m2/repository/net/bytebuddy/byte-buddy-agent/1.10.13/byte-buddy-agent-1.10.13.jar:/home/runner/.m2/repository/org/objenesis/objenesis/1.0/objenesis-1.0.jar:/home/runner/.m2/repository/org/apache/hadoop/hadoop-kms/3.3.5/hadoop-kms-3.3.5.jar:/home/runner/.m2/repository/org/apache/hadoop/hadoop-auth/3.3.5/hadoop-auth-3.3.5.jar:/home/runner/.m2/repository/com/nimbusds/nimbus-jose-jwt/9.8.1/nimbus-jose-jwt-9.8.1.jar:/home/runner/.m2/repository/com/github/stephenc/jcip/jcip-annotations/1.0-1/jcip-annotations-1.0-1.jar:/home/runner/.m2/repository/net/minidev/json-smart/2.4.7/json-smart-2.4.7.jar:/home/runner/.m2/repository/net/minidev/accessors-smart/2.4.7/accessors-smart-2.4.7.jar:/home/runner/.m2/repository/org/ow2/asm/asm/5.0.4/asm-5.0.4.jar:/home/runner/.m2/repository/org/apache/zookeeper/zookeeper/3.5.6/zookeeper-3.5.6.jar:/home/runner/.m2/repository/org/apache/zookeeper/zookeeper-jute/3.5.6/zookeeper-jute-3.5.6.jar:/home/runner/.m2/repository/org/apache/yetus/audience-annotations/0.5.0/audience-annotations-0.5.0.jar:/home/runner/.m2/repository/org/apache/curator/curator-framework/4.2.0/curator-framework-4.2.0.jar:/home/runner/.m2/repository/org/apache/hadoop/thirdparty/hadoop-shaded-guava/1.1.1/hadoop-shaded-guava-1.1.1.jar:/home/runner/.m2/repository/com/sun/jersey/jersey-core/1.19/jersey-core-1.19.jar:/home/runner/.m2/repository/javax/ws/rs/jsr311-api/1.1.1/jsr311-api-1.1.1.jar:/home/runner/.m2/repository/com/sun/jersey/jersey-server/1.19/jersey-server-1.19.jar:/home/runner/.m2/repository/javax/servlet/javax.servlet-api/3.1.0/javax.servlet-api-3.1.0.jar:/home/runner/.m2/repository/org/apache/hadoop/hadoop-common/3.3.5/hadoop-common-3.3.5.jar:/home/runner/.m2/repository/org/apache/commons/commons-math3/3.1.1/commons-math3-3.1.1.jar:/home/runner/.m2/repository/commons-net/commons-net/3.9.0/commons-net-3.9.0.jar:/home/runner/.m2/repository/com/sun/jersey/jersey-servlet/1.19/jersey-servlet-1.19.jar:/home/runner/.m2/repository/com/github/pjfanning/jersey-json/1.20/jersey-json-1.20.jar:/home/runner/.m2/repository/org/codehaus/jettison/jettison/1.1/jettison-1.1.jar:/home/runner/.m2/repository/com/sun/xml/bind/jaxb-impl/2.2.3-1/jaxb-impl-2.2.3-1.jar:/home/runner/.m2/repository/com/google/re2j/re2j/1.1/re2j-1.1.jar:/home/runner/.m2/repository/com/jcraft/jsch/0.1.54/jsch-0.1.54.jar:/home/runner/.m2/repository/org/apache/curator/curator-client/4.2.0/curator-client-4.2.0.jar:/home/runner/.m2/repository/org/apache/curator/curator-recipes/4.2.0/curator-recipes-4.2.0.jar:/home/runner/.m2/repository/org/apache/kerby/kerb-core/1.0.1/kerb-core-1.0.1.jar:/home/runner/.m2/repository/org/apache/kerby/kerby-pkix/1.0.1/kerby-pkix-1.0.1.jar:/home/runner/.m2/repository/org/apache/kerby/kerby-asn1/1.0.1/kerby-asn1-1.0.1.jar:/home/runner/.m2/repository/org/apache/kerby/kerby-util/1.0.1/kerby-util-1.0.1.jar:/home/runner/.m2/repository/dnsjava/dnsjava/2.1.7/dnsjava-2.1.7.jar:/home/runner/.m2/repository/org/xerial/snappy/snappy-java/1.1.8.2/snappy-java-1.1.8.2.jar:/home/runner/.m2/repository/com/fasterxml/jackson/core/jackson-databind/2.13.4.2/jackson-databind-2.13.4.2.jar:/home/runner/.m2/repository/org/apache/hadoop/hadoop-kms/3.3.5/hadoop-kms-3.3.5-tests.jar:/home/runner/.m2/repository/org/apache/ozone/hdds-server-scm/1.4.0-SNAPSHOT/hdds-server-scm-1.4.0-SNAPSHOT-tests.jar:/home/runner/.m2/repository/org/apache/ozone/hdds-container-service/1.4.0-SNAPSHOT/hdds-container-service-1.4.0-SNAPSHOT-tests.jar:/home/runner/.m2/repository/com/github/luben/zstd-jni/1.5.2-5/zstd-jni-1.5.2-5.jar:/home/runner/.m2/repository/commons-codec/commons-codec/1.15/commons-codec-1.15.jar:/home/runner/.m2/repository/io/netty/netty-codec/4.1.86.Final/netty-codec-4.1.86.Final.jar:/home/runner/.m2/repository/io/netty/netty-handler/4.1.86.Final/netty-handler-4.1.86.Final.jar:/home/runner/.m2/repository/org/apache/ozone/hdds-hadoop-dependency-test/1.4.0-SNAPSHOT/hdds-hadoop-dependency-test-1.4.0-SNAPSHOT.jar:/home/runner/.m2/repository/org/apache/hadoop/hadoop-common/3.3.5/hadoop-common-3.3.5-tests.jar:/home/runner/.m2/repository/org/apache/hadoop/hadoop-hdfs/3.3.5/hadoop-hdfs-3.3.5-tests.jar:/home/runner/.m2/repository/org/assertj/assertj-core/3.12.2/assertj-core-3.12.2.jar:/home/runner/.m2/repository/org/apache/hadoop/hadoop-distcp/3.3.5/hadoop-distcp-3.3.5.jar:/home/runner/.m2/repository/org/apache/hadoop/hadoop-mapreduce-client-jobclient/3.3.5/hadoop-mapreduce-client-jobclient-3.3.5.jar:/home/runner/.m2/repository/org/apache/hadoop/hadoop-mapreduce-client-common/3.3.5/hadoop-mapreduce-client-common-3.3.5.jar:/home/runner/.m2/repository/org/apache/hadoop/hadoop-yarn-common/3.3.5/hadoop-yarn-common-3.3.5.jar:/home/runner/.m2/repository/org/apache/hadoop/hadoop-yarn-api/3.3.5/hadoop-yarn-api-3.3.5.jar:/home/runner/.m2/repository/com/sun/jersey/contribs/jersey-guice/1.19/jersey-guice-1.19.jar:/home/runner/.m2/repository/com/fasterxml/jackson/jaxrs/jackson-jaxrs-json-provider/2.13.4/jackson-jaxrs-json-provider-2.13.4.jar:/home/runner/.m2/repository/com/fasterxml/jackson/jaxrs/jackson-jaxrs-base/2.13.4/jackson-jaxrs-base-2.13.4.jar:/home/runner/.m2/repository/org/apache/hadoop/hadoop-yarn-client/3.3.5/hadoop-yarn-client-3.3.5.jar:/home/runner/.m2/repository/org/eclipse/jetty/websocket/websocket-client/9.4.48.v20220622/websocket-client-9.4.48.v20220622.jar:/home/runner/.m2/repository/org/eclipse/jetty/websocket/websocket-common/9.4.48.v20220622/websocket-common-9.4.48.v20220622.jar:/home/runner/.m2/repository/org/eclipse/jetty/websocket/websocket-api/9.4.48.v20220622/websocket-api-9.4.48.v20220622.jar:/home/runner/.m2/repository/org/jline/jline/3.9.0/jline-3.9.0.jar:/home/runner/.m2/repository/org/apache/hadoop/hadoop-mapreduce-client-core/3.3.5/hadoop-mapreduce-client-core-3.3.5.jar:/home/runner/.m2/repository/org/apache/avro/avro/1.7.7/avro-1.7.7.jar:/home/runner/.m2/repository/com/thoughtworks/paranamer/paranamer/2.3/paranamer-2.3.jar:/home/runner/.m2/repository/org/apache/hadoop/hadoop-annotations/3.3.5/hadoop-annotations-3.3.5.jar:/usr/lib/jvm/temurin-8-jdk-amd64/jre/../lib/tools.jar:/home/runner/.m2/repository/io/netty/netty/3.10.6.Final/netty-3.10.6.Final.jar:/home/runner/.m2/repository/org/apache/hadoop/hadoop-distcp/3.3.5/hadoop-distcp-3.3.5-tests.jar:/home/runner/.m2/repository/org/slf4j/jul-to-slf4j/1.7.36/jul-to-slf4j-1.7.36.jar:"/>
    <property name="sun.cpu.endian" value="little"/>
    <property name="user.home" value="/home/runner"/>
    <property name="user.language" value="en"/>
    <property name="java.specification.vendor" value="Oracle Corporation"/>
    <property name="java.home" value="/usr/lib/jvm/temurin-8-jdk-amd64/jre"/>
    <property name="java.security.krb5.conf" value="/home/runner/work/ozone/ozone/hadoop-ozone/integration-test/target/test-classes/krb5.conf"/>
    <property name="file.separator" value="/"/>
    <property name="basedir" value="/home/runner/work/ozone/ozone/hadoop-ozone/integration-test"/>
    <property name="line.separator" value="&#10;"/>
    <property name="java.vm.specification.vendor" value="Oracle Corporation"/>
    <property name="java.specification.name" value="Java Platform API Specification"/>
    <property name="skip.installnpx" value="true"/>
    <property name="java.awt.graphicsenv" value="sun.awt.X11GraphicsEnvironment"/>
    <property name="hdds.rocks.native.version" value="1.4.0-f5e225007-SNAPSHOT"/>
    <property name="surefire.real.class.path" value="/home/runner/work/ozone/ozone/hadoop-ozone/integration-test/target/surefire/surefirebooter11617928687567274.jar:/home/runner/.m2/repository/org/jacoco/org.jacoco.agent/0.8.5/org.jacoco.agent-0.8.5-runtime.jar"/>
    <property name="sun.boot.class.path" value="/usr/lib/jvm/temurin-8-jdk-amd64/jre/lib/resources.jar:/usr/lib/jvm/temurin-8-jdk-amd64/jre/lib/rt.jar:/usr/lib/jvm/temurin-8-jdk-amd64/jre/lib/sunrsasign.jar:/usr/lib/jvm/temurin-8-jdk-amd64/jre/lib/jsse.jar:/usr/lib/jvm/temurin-8-jdk-amd64/jre/lib/jce.jar:/usr/lib/jvm/temurin-8-jdk-amd64/jre/lib/charsets.jar:/usr/lib/jvm/temurin-8-jdk-amd64/jre/lib/jfr.jar:/usr/lib/jvm/temurin-8-jdk-amd64/jre/classes"/>
    <property name="hadoop.log.dir" value="/home/runner/work/ozone/ozone/hadoop-ozone/integration-test/target/log"/>
    <property name="sun.management.compiler" value="HotSpot 64-Bit Tiered Compilers"/>
    <property name="java.runtime.version" value="1.8.0_372-b07"/>
    <property name="skip.npx" value="true"/>
    <property name="user.name" value="runner"/>
    <property name="java.net.preferIPv4Stack" value="true"/>
    <property name="path.separator" value=":"/>
    <property name="java.security.egd" value="file:///dev/urandom"/>
    <property name="os.version" value="5.15.0-1038-azure"/>
    <property name="java.endorsed.dirs" value="/usr/lib/jvm/temurin-8-jdk-amd64/jre/lib/endorsed"/>
    <property name="java.runtime.name" value="OpenJDK Runtime Environment"/>
    <property name="file.encoding" value="UTF-8"/>
    <property name="java.vm.name" value="OpenJDK 64-Bit Server VM"/>
    <property name="test.build.webapps" value=""/>
    <property name="localRepository" value="/home/runner/.m2/repository"/>
    <property name="jetty.git.hash" value="b45c405e4544384de066f814ed42ae3dceacdd49"/>
    <property name="java.vendor.url.bug" value="https://github.com/adoptium/adoptium-support/issues"/>
    <property name="require.test.libhadoop" value=""/>
    <property name="java.io.tmpdir" value="/tmp"/>
    <property name="java.version" value="1.8.0_372"/>
    <property name="user.dir" value="/home/runner/work/ozone/ozone/hadoop-ozone/integration-test"/>
    <property name="os.arch" value="amd64"/>
    <property name="test.build.classes" value="/home/runner/work/ozone/ozone/hadoop-ozone/integration-test/target/test-classes"/>
    <property name="java.vm.specification.name" value="Java Virtual Machine Specification"/>
    <property name="java.awt.printerjob" value="sun.print.PSPrinterJob"/>
    <property name="sun.os.patch.level" value="unknown"/>
    <property name="org.apache.ratis.thirdparty.io.netty.allocator.useCacheForAllThreads" value="false"/>
    <property name="hadoop.tmp.dir" value="/home/runner/work/ozone/ozone/hadoop-ozone/integration-test/target/tmp"/>
    <property name="java.library.path" value="/usr/java/packages/lib/amd64:/usr/lib64:/lib64:/lib:/usr/lib"/>
    <property name="java.vendor" value="Temurin"/>
    <property name="java.vm.info" value="mixed mode"/>
    <property name="java.vm.version" value="25.372-b07"/>
    <property name="java.specification.maintenance.version" value="4"/>
    <property name="sun.io.unicode.encoding" value="UnicodeLittle"/>
    <property name="java.ext.dirs" value="/usr/lib/jvm/temurin-8-jdk-amd64/jre/lib/ext:/usr/java/packages/lib/ext"/>
    <property name="java.class.version" value="52.0"/>
  </properties>
  <testcase name="testGetCommittedBlockLengthForInvalidBlock" classname="org.apache.hadoop.ozone.scm.TestGetCommittedBlockLengthAndPutKey" time="0.628">
    <system-out><![CDATA[2023-06-13 01:49:47,554 [main] WARN  server.ServerUtils (ServerUtils.java:getScmDbDir(155)) - ozone.scm.db.dirs is not configured. We recommend adding this setting. Falling back to ozone.metadata.dirs instead.
2023-06-13 01:49:47,768 [main] INFO  reflections.Reflections (Reflections.java:scan(232)) - Reflections took 152 ms to scan 7 urls, producing 158 keys and 368 values 
2023-06-13 01:49:47,940 [main] WARN  server.ServerUtils (ServerUtils.java:getScmDbDir(155)) - ozone.scm.db.dirs is not configured. We recommend adding this setting. Falling back to ozone.metadata.dirs instead.
2023-06-13 01:49:47,944 [main] INFO  ha.SCMHANodeDetails (SCMHANodeDetails.java:loadSCMHAConfig(209)) - ServiceID for StorageContainerManager is null
2023-06-13 01:49:47,951 [main] WARN  ha.SCMHANodeDetails (SCMHANodeDetails.java:validateSCMHAConfig(182)) - Invalid config ozone.scm.ratis.enable. The config was not specified, but the default value true conflicts with the expected config value false. Falling back to the expected value. Current State of SCM: SCM is running in Non-HA without Ratis Ratis SCM -> Non Ratis SCM or Non HA SCM -> HA SCM is not supported
2023-06-13 01:49:47,951 [main] INFO  ha.SCMHANodeDetails (SCMHANodeDetails.java:loadSCMHAConfig(214)) - ozone.scm.default.service.id is not defined, falling back to ozone.scm.service.ids to find serviceID for StorageContainerManager if it is HA enabled cluster
2023-06-13 01:49:48,577 [main] WARN  utils.HAUtils (HAUtils.java:getMetaDir(352)) - ozone.scm.db.dirs is not configured. We recommend adding this setting. Falling back to ozone.metadata.dirs instead.
2023-06-13 01:49:48,718 [main] WARN  db.DBStoreBuilder (DBStoreBuilder.java:applyDBDefinition(165)) - ozone.scm.db.dirs is not configured. We recommend adding this setting. Falling back to ozone.metadata.dirs instead.
2023-06-13 01:49:48,920 [main] INFO  net.NodeSchemaLoader (NodeSchemaLoader.java:loadSchemaFromFile(129)) - Loading schema from [jar:file:/home/runner/.m2/repository/org/apache/ozone/hdds-common/1.4.0-SNAPSHOT/hdds-common-1.4.0-SNAPSHOT.jar!/network-topology-default.xml]
2023-06-13 01:49:48,922 [main] INFO  net.NodeSchemaLoader (NodeSchemaLoader.java:loadSchema(176)) - Loading network topology layer schema file
2023-06-13 01:49:48,959 [main] INFO  metrics.MetricRegistries (MetricRegistriesLoader.java:load(64)) - Loaded MetricRegistries class org.apache.ratis.metrics.impl.MetricRegistriesImpl
2023-06-13 01:49:48,973 [main] INFO  upgrade.AbstractLayoutVersionManager (AbstractLayoutVersionManager.java:init(83)) - Initializing Layout version manager with metadata layout = HADOOP_PRC_PORTS_IN_DATANODEDETAILS (version = 7), software layout = HADOOP_PRC_PORTS_IN_DATANODEDETAILS (version = 7)
2023-06-13 01:49:49,125 [main] INFO  ha.SequenceIdGenerator (SequenceIdGenerator.java:upgradeToSequenceId(349)) - upgrade localId to 111677748019200000
2023-06-13 01:49:49,127 [main] INFO  ha.SequenceIdGenerator (SequenceIdGenerator.java:upgradeToSequenceId(359)) - upgrade delTxnId to 0
2023-06-13 01:49:49,131 [main] INFO  ha.SequenceIdGenerator (SequenceIdGenerator.java:upgradeToSequenceId(376)) - upgrade containerId to 0
2023-06-13 01:49:49,133 [main] INFO  ha.SequenceIdGenerator (SequenceIdGenerator.java:<init>(220)) - Init the HA SequenceIdGenerator.
2023-06-13 01:49:49,189 [main] WARN  server.ServerUtils (ServerUtils.java:sanitizeUserArgs(80)) - ozone.scm.stale.node.interval value = 300000 is larger than max = 100000 based on the key value of ozone.scm.heartbeat.thread.interval, reset to the max value 100000.
2023-06-13 01:49:49,189 [main] WARN  server.ServerUtils (ServerUtils.java:sanitizeUserArgs(80)) - ozone.scm.stale.node.interval value = 300000 is larger than max = 100000 based on the key value of ozone.scm.heartbeat.thread.interval, reset to the max value 100000.
2023-06-13 01:49:49,198 [main] INFO  node.SCMNodeManager (SCMNodeManager.java:<init>(159)) - Entering startup safe mode.
2023-06-13 01:49:49,213 [main] INFO  algorithms.ContainerPlacementPolicyFactory (ContainerPlacementPolicyFactory.java:getPolicyInternal(86)) - Create container placement policy of type org.apache.hadoop.hdds.scm.container.placement.algorithms.SCMContainerPlacementCapacity
2023-06-13 01:49:49,217 [main] INFO  algorithms.ContainerPlacementPolicyFactory (ContainerPlacementPolicyFactory.java:getPolicyInternal(86)) - Create container placement policy of type org.apache.hadoop.hdds.scm.container.placement.algorithms.SCMContainerPlacementRackScatter
2023-06-13 01:49:49,226 [main] INFO  pipeline.PipelineStateManagerImpl (PipelineStateManagerImpl.java:initialize(78)) - No pipeline exists in current db
2023-06-13 01:49:49,241 [main] INFO  algorithms.LeaderChoosePolicyFactory (LeaderChoosePolicyFactory.java:getPolicy(57)) - Create leader choose policy of type org.apache.hadoop.hdds.scm.pipeline.leader.choose.algorithms.MinLeaderCountChoosePolicy
2023-06-13 01:49:49,242 [main] INFO  algorithms.ContainerPlacementPolicyFactory (ContainerPlacementPolicyFactory.java:getPolicyInternal(86)) - Create container placement policy of type org.apache.hadoop.hdds.scm.container.placement.algorithms.SCMContainerPlacementRackScatter
2023-06-13 01:49:49,251 [main] INFO  ha.SCMServiceManager (SCMServiceManager.java:register(42)) - Registering service BackgroundPipelineCreator.
2023-06-13 01:49:49,252 [main] INFO  pipeline.BackgroundPipelineCreator (BackgroundPipelineCreator.java:start(124)) - Starting RatisPipelineUtilsThread.
2023-06-13 01:49:49,259 [main] INFO  BackgroundPipelineScrubber (BackgroundSCMService.java:start(68)) - Starting BackgroundPipelineScrubber Service.
2023-06-13 01:49:49,259 [main] INFO  ha.SCMServiceManager (SCMServiceManager.java:register(42)) - Registering service BackgroundPipelineScrubber.
2023-06-13 01:49:49,265 [main] INFO  ExpiredContainerReplicaOpScrubber (BackgroundSCMService.java:start(68)) - Starting ExpiredContainerReplicaOpScrubber Service.
2023-06-13 01:49:49,266 [main] INFO  ha.SCMServiceManager (SCMServiceManager.java:register(42)) - Registering service ExpiredContainerReplicaOpScrubber.
2023-06-13 01:49:49,308 [main] INFO  algorithms.PipelineChoosePolicyFactory (PipelineChoosePolicyFactory.java:createPipelineChoosePolicyFromClass(73)) - Create pipeline choose policy of type org.apache.hadoop.hdds.scm.pipeline.choose.algorithms.RandomPipelineChoosePolicy
2023-06-13 01:49:49,327 [main] INFO  ha.SCMServiceManager (SCMServiceManager.java:register(42)) - Registering service SCMBlockDeletingService.
2023-06-13 01:49:49,389 [main] INFO  replication.ReplicationManager (ReplicationManager.java:start(300)) - Starting Replication Monitor Thread.
2023-06-13 01:49:49,401 [main] INFO  ha.SCMServiceManager (SCMServiceManager.java:register(42)) - Registering service ReplicationManager.
2023-06-13 01:49:49,405 [ReplicationMonitor] INFO  replication.ReplicationManager (ReplicationManager.java:processAll(375)) - Replication Manager is not ready to run until 3000ms after safemode exit
2023-06-13 01:49:49,412 [main] INFO  safemode.ContainerSafeModeRule (ContainerSafeModeRule.java:<init>(89)) - containers with one replica threshold count 0
2023-06-13 01:49:49,416 [main] INFO  safemode.HealthyPipelineSafeModeRule (HealthyPipelineSafeModeRule.java:initializeRule(169)) - Total pipeline count is 0, healthy pipeline threshold count is 1
2023-06-13 01:49:49,418 [main] INFO  safemode.OneReplicaPipelineSafeModeRule (OneReplicaPipelineSafeModeRule.java:initializeRule(180)) - Total pipeline count is 0, pipeline's with at least one datanode reported threshold count is 0
2023-06-13 01:49:49,466 [main] INFO  server.StorageContainerManager (StorageContainerManager.java:<init>(408)) - SCM start with adminUsers: [runner]
2023-06-13 01:49:49,787 [main] INFO  audit.AuditLogger (AuditLogger.java:refreshDebugCmdSet(126)) - Refresh DebugCmdSet for SCMAudit to [].
2023-06-13 01:49:49,820 [main] INFO  ipc.CallQueueManager (CallQueueManager.java:<init>(90)) - Using callQueue: class java.util.concurrent.LinkedBlockingQueue, queueCapacity: 2000, scheduler: class org.apache.hadoop.ipc.DefaultRpcScheduler, ipcBackoff: false.
2023-06-13 01:49:49,856 [Socket Reader #1 for port 15002] INFO  ipc.Server (Server.java:run(1319)) - Starting Socket Reader #1 for port 15002
2023-06-13 01:49:49,887 [Listener at 0.0.0.0/15002] INFO  hdds.HddsUtils (HddsUtils.java:preserveThreadName(848)) - Restoring thread name: main
2023-06-13 01:49:49,915 [main] INFO  audit.AuditLogger (AuditLogger.java:refreshDebugCmdSet(126)) - Refresh DebugCmdSet for SCMAudit to [].
2023-06-13 01:49:49,920 [main] INFO  ipc.CallQueueManager (CallQueueManager.java:<init>(90)) - Using callQueue: class java.util.concurrent.LinkedBlockingQueue, queueCapacity: 2000, scheduler: class org.apache.hadoop.ipc.DefaultRpcScheduler, ipcBackoff: false.
2023-06-13 01:49:49,921 [Socket Reader #1 for port 15001] INFO  ipc.Server (Server.java:run(1319)) - Starting Socket Reader #1 for port 15001
2023-06-13 01:49:49,923 [Listener at 0.0.0.0/15001] INFO  hdds.HddsUtils (HddsUtils.java:preserveThreadName(848)) - Restoring thread name: main
2023-06-13 01:49:49,957 [main] INFO  audit.AuditLogger (AuditLogger.java:refreshDebugCmdSet(126)) - Refresh DebugCmdSet for SCMAudit to [].
2023-06-13 01:49:49,967 [main] INFO  ipc.CallQueueManager (CallQueueManager.java:<init>(90)) - Using callQueue: class java.util.concurrent.LinkedBlockingQueue, queueCapacity: 2000, scheduler: class org.apache.hadoop.ipc.DefaultRpcScheduler, ipcBackoff: false.
2023-06-13 01:49:49,968 [Socket Reader #1 for port 15000] INFO  ipc.Server (Server.java:run(1319)) - Starting Socket Reader #1 for port 15000
2023-06-13 01:49:49,969 [Listener at 0.0.0.0/15000] INFO  hdds.HddsUtils (HddsUtils.java:preserveThreadName(848)) - Restoring thread name: main
2023-06-13 01:49:50,012 [main] INFO  ha.SCMServiceManager (SCMServiceManager.java:register(42)) - Registering service ContainerBalancer.
2023-06-13 01:49:50,014 [main] INFO  server.StorageContainerManager (StorageContainerManager.java:<init>(425)) - 
Container Balancer status:
Key                            Value
Running                        false
Container Balancer Configuration values:
Key                                                Value
Threshold                                          10
Max Datanodes to Involve per Iteration(percent)    20
Max Size to Move per Iteration                     500GB
Max Size Entering Target per Iteration             26GB
Max Size Leaving Source per Iteration              26GB

2023-06-13 01:49:50,014 [main] INFO  ha.SCMContext (SCMContext.java:updateSafeModeStatus(228)) - Update SafeModeStatus from SafeModeStatus{safeModeStatus=true, preCheckPassed=false} to SafeModeStatus{safeModeStatus=true, preCheckPassed=false}.
2023-06-13 01:49:50,017 [main] INFO  server.StorageContainerManager (StorageContainerManager.java:start(1479)) - StorageContainerLocationProtocol RPC server is listening at /0.0.0.0:15000
2023-06-13 01:49:50,084 [main] WARN  impl.MetricsConfig (MetricsConfig.java:loadFirst(136)) - Cannot locate configuration: tried hadoop-metrics2-storagecontainermanager.properties,hadoop-metrics2.properties
2023-06-13 01:49:50,096 [main] INFO  impl.MetricsSystemImpl (MetricsSystemImpl.java:startTimer(378)) - Scheduled Metric snapshot period at 10 second(s).
2023-06-13 01:49:50,096 [main] INFO  impl.MetricsSystemImpl (MetricsSystemImpl.java:start(191)) - StorageContainerManager metrics system started
2023-06-13 01:49:50,320 [main] INFO  server.SCMClientProtocolServer (SCMClientProtocolServer.java:start(201)) - RPC server for Client  is listening at /0.0.0.0:15000
2023-06-13 01:49:50,325 [IPC Server Responder] INFO  ipc.Server (Server.java:run(1558)) - IPC Server Responder: starting
2023-06-13 01:49:50,326 [IPC Server listener on 15000] INFO  ipc.Server (Server.java:run(1398)) - IPC Server listener on 15000: starting
2023-06-13 01:49:50,334 [main] INFO  server.StorageContainerManager (StorageContainerManager.java:start(1492)) - ScmBlockLocationProtocol RPC server is listening at /0.0.0.0:15001
2023-06-13 01:49:50,335 [main] INFO  server.SCMBlockProtocolServer (SCMBlockProtocolServer.java:start(152)) - RPC server for Block Protocol is listening at /0.0.0.0:15001
2023-06-13 01:49:50,343 [IPC Server Responder] INFO  ipc.Server (Server.java:run(1558)) - IPC Server Responder: starting
2023-06-13 01:49:50,345 [IPC Server listener on 15001] INFO  ipc.Server (Server.java:run(1398)) - IPC Server listener on 15001: starting
2023-06-13 01:49:50,347 [main] INFO  server.SCMDatanodeProtocolServer (SCMDatanodeProtocolServer.java:start(193)) - ScmDatanodeProtocol RPC server for DataNodes is listening at /0.0.0.0:15002
2023-06-13 01:49:50,347 [IPC Server Responder] INFO  ipc.Server (Server.java:run(1558)) - IPC Server Responder: starting
2023-06-13 01:49:50,348 [IPC Server listener on 15002] INFO  ipc.Server (Server.java:run(1398)) - IPC Server listener on 15002: starting
2023-06-13 01:49:50,360 [JvmPauseMonitor0] INFO  util.JvmPauseMonitor (JvmPauseMonitor.java:run(103)) - JvmPauseMonitor-3666561f-50fd-40ed-82c2-1c47fa7909ca: Started
2023-06-13 01:49:50,371 [main] INFO  http.BaseHttpServer (BaseHttpServer.java:newHttpServer2BuilderForOzone(224)) - Starting Web-server for scm at: http://0.0.0.0:15003
2023-06-13 01:49:50,371 [main] INFO  http.BaseHttpServer (BaseHttpServer.java:<init>(111)) - Hadoop Security Enabled: false Ozone Security Enabled: false Ozone HTTP Security Enabled: false 
2023-06-13 01:49:50,394 [main] INFO  util.log (Log.java:initialized(170)) - Logging initialized @4212ms to org.eclipse.jetty.util.log.Slf4jLog
2023-06-13 01:49:50,476 [main] WARN  server.AuthenticationFilter (AuthenticationFilter.java:constructSecretProvider(240)) - Unable to initialize FileSignerSecretProvider, falling back to use random secrets. Reason: Could not read signature secret file: /home/runner/hadoop-http-auth-signature-secret
2023-06-13 01:49:50,481 [main] INFO  http.HttpRequestLog (HttpRequestLog.java:getRequestLog(86)) - Http request log for http.requests.scm is not defined
2023-06-13 01:49:50,487 [main] INFO  http.HttpServer2 (HttpServer2.java:addGlobalFilter(1031)) - Added global filter 'safety' (class=org.apache.hadoop.hdds.server.http.HttpServer2$QuotingInputFilter)
2023-06-13 01:49:50,489 [main] INFO  http.HttpServer2 (HttpServer2.java:addFilter(1007)) - Added filter static_user_filter (class=org.apache.hadoop.http.lib.StaticUserWebFilter$StaticUserFilter) to context scm
2023-06-13 01:49:50,490 [main] INFO  http.HttpServer2 (HttpServer2.java:addFilter(1015)) - Added filter static_user_filter (class=org.apache.hadoop.http.lib.StaticUserWebFilter$StaticUserFilter) to context logs
2023-06-13 01:49:50,490 [main] INFO  http.HttpServer2 (HttpServer2.java:addFilter(1015)) - Added filter static_user_filter (class=org.apache.hadoop.http.lib.StaticUserWebFilter$StaticUserFilter) to context static
2023-06-13 01:49:50,522 [main] INFO  http.BaseHttpServer (BaseHttpServer.java:<init>(190)) - HTTP server of scm uses base directory /home/runner/work/ozone/ozone/hadoop-ozone/integration-test/target/test-dir/MiniOzoneClusterImpl-5f2dcc83-6c9d-45c9-8141-0f4d2c5ecdef/ozone-meta/webserver
2023-06-13 01:49:50,523 [main] INFO  http.HttpServer2 (HttpServer2.java:bindListener(1250)) - Jetty bound to port 15003
2023-06-13 01:49:50,524 [main] INFO  server.Server (Server.java:doStart(375)) - jetty-9.4.51.v20230217; built: 2023-02-17T08:19:37.309Z; git: b45c405e4544384de066f814ed42ae3dceacdd49; jvm 1.8.0_372-b07
2023-06-13 01:49:50,551 [main] INFO  server.session (DefaultSessionIdManager.java:doStart(334)) - DefaultSessionIdManager workerName=node0
2023-06-13 01:49:50,551 [main] INFO  server.session (DefaultSessionIdManager.java:doStart(339)) - No SessionScavenger set, using defaults
2023-06-13 01:49:50,552 [main] INFO  server.session (HouseKeeper.java:startScavenging(132)) - node0 Scavenging every 660000ms
2023-06-13 01:49:50,563 [main] INFO  handler.ContextHandler (ContextHandler.java:doStart(921)) - Started o.e.j.s.ServletContextHandler@1b641c97{logs,/logs,file:///home/runner/work/ozone/ozone/hadoop-ozone/integration-test/target/log,AVAILABLE}
2023-06-13 01:49:50,564 [main] INFO  handler.ContextHandler (ContextHandler.java:doStart(921)) - Started o.e.j.s.ServletContextHandler@299615a5{static,/static,file:///home/runner/work/ozone/ozone/hadoop-ozone/integration-test/target/test-classes/webapps/static,AVAILABLE}
2023-06-13 01:49:50,600 [main] INFO  handler.ContextHandler (ContextHandler.java:doStart(921)) - Started o.e.j.w.WebAppContext@56c7e2d1{scm,/,file:///home/runner/work/ozone/ozone/hadoop-ozone/integration-test/target/test-classes/webapps/scm/,AVAILABLE}{file:/home/runner/work/ozone/ozone/hadoop-ozone/integration-test/target/test-classes/webapps/scm}
2023-06-13 01:49:50,607 [main] INFO  server.AbstractConnector (AbstractConnector.java:doStart(333)) - Started ServerConnector@6d3a56ea{HTTP/1.1, (http/1.1)}{0.0.0.0:15003}
2023-06-13 01:49:50,608 [main] INFO  server.Server (Server.java:doStart(415)) - Started @4426ms
2023-06-13 01:49:50,610 [main] INFO  impl.MetricsSinkAdapter (MetricsSinkAdapter.java:start(204)) - Sink prometheus started
2023-06-13 01:49:50,610 [main] INFO  impl.MetricsSystemImpl (MetricsSystemImpl.java:registerSink(305)) - Registered sink prometheus
2023-06-13 01:49:50,611 [main] INFO  http.BaseHttpServer (BaseHttpServer.java:updateConnectorAddress(344)) - HTTP server of scm listening at http://0.0.0.0:15003
2023-06-13 01:49:50,614 [main] WARN  server.ServerUtils (ServerUtils.java:getDBPath(311)) - ozone.om.db.dirs is not configured. We recommend adding this setting. Falling back to ozone.metadata.dirs instead.
2023-06-13 01:49:50,672 [main] INFO  audit.AuditLogger (AuditLogger.java:refreshDebugCmdSet(126)) - Refresh DebugCmdSet for OMAudit to [].
2023-06-13 01:49:50,743 [main] INFO  ha.OMHANodeDetails (OMHANodeDetails.java:loadOMHAConfig(115)) - ozone.om.internal.service.id is not defined, falling back to ozone.om.service.ids to find serviceID for OzoneManager if it is HA enabled cluster
2023-06-13 01:49:50,746 [main] INFO  ha.OMHANodeDetails (OMHANodeDetails.java:loadOMHAConfig(226)) - Configuration does not have ozone.om.address set. Falling back to the default OM address /127.0.0.1:15004
2023-06-13 01:49:50,747 [main] INFO  ha.OMHANodeDetails (OMHANodeDetails.java:getOMNodeDetailsForNonHA(254)) - OM Service ID is not set. Setting it to the default ID: omServiceIdDefault
2023-06-13 01:49:50,747 [main] INFO  ha.OMHANodeDetails (OMHANodeDetails.java:getOMNodeDetailsForNonHA(261)) - OM Node ID is not set. Setting it to the default ID: om1
2023-06-13 01:49:50,751 [main] WARN  server.ServerUtils (ServerUtils.java:getDBPath(311)) - ozone.om.db.dirs is not configured. We recommend adding this setting. Falling back to ozone.metadata.dirs instead.
2023-06-13 01:49:50,754 [main] INFO  upgrade.AbstractLayoutVersionManager (AbstractLayoutVersionManager.java:init(83)) - Initializing Layout version manager with metadata layout = FILESYSTEM_SNAPSHOT (version = 5), software layout = FILESYSTEM_SNAPSHOT (version = 5)
2023-06-13 01:49:50,831 [main] INFO  reflections.Reflections (Reflections.java:scan(232)) - Reflections took 74 ms to scan 2 urls, producing 180 keys and 498 values [using 2 cores]
2023-06-13 01:49:50,835 [main] INFO  upgrade.OMLayoutVersionManager (OMLayoutVersionManager.java:lambda$0(115)) - Skipping Upgrade Action MockOmUpgradeAction since it has been finalized.
2023-06-13 01:49:50,837 [main] WARN  server.ServerUtils (ServerUtils.java:getDBPath(311)) - ozone.om.db.dirs is not configured. We recommend adding this setting. Falling back to ozone.metadata.dirs instead.
2023-06-13 01:49:51,002 [main] INFO  proxy.SCMBlockLocationFailoverProxyProvider (SCMBlockLocationFailoverProxyProvider.java:<init>(114)) - Created block location fail-over proxy with 1 nodes: [nodeId=scmNodeId,nodeAddress=/0.0.0.0:15001]
2023-06-13 01:49:51,058 [main] INFO  proxy.SCMBlockLocationFailoverProxyProvider (SCMBlockLocationFailoverProxyProvider.java:<init>(114)) - Created block location fail-over proxy with 1 nodes: [nodeId=scmNodeId,nodeAddress=/0.0.0.0:15001]
2023-06-13 01:49:51,264 [main] INFO  om.OzoneManager (OzoneManager.java:<init>(644)) - OM start with adminUsers: [runner]
2023-06-13 01:49:51,279 [main] WARN  server.ServerUtils (ServerUtils.java:getDBPath(311)) - ozone.om.db.dirs is not configured. We recommend adding this setting. Falling back to ozone.metadata.dirs instead.
2023-06-13 01:49:51,308 [main] INFO  helpers.OmKeyInfo (OmKeyInfo.java:getCodec(71)) - OmKeyInfo.getCodec ignorePipeline = true
2023-06-13 01:49:51,612 [main] INFO  om.OzoneManager (OzoneManager.java:instantiateServices(773)) - S3 Multi-Tenancy is disabled
2023-06-13 01:49:51,646 [main] INFO  om.OmSnapshotManager (OmSnapshotManager.java:<init>(170)) - Ozone filesystem snapshot feature is enabled.
2023-06-13 01:49:51,653 [main] WARN  server.ServerUtils (ServerUtils.java:getDBPath(311)) - ozone.om.snapshot.diff.db.dir is not configured. We recommend adding this setting. Falling back to ozone.metadata.dirs instead.
2023-06-13 01:49:51,689 [main] INFO  utils.NativeLibraryLoader (NativeLibraryLoader.java:loadLibrary(105)) - Loading Library: ozone_rocksdb_tools
2023-06-13 01:49:53,752 [main] INFO  om.OzoneManager (OzoneManager.java:addS3GVolumeToDB(4237)) - Created Volume s3v With Owner runner required for S3Gateway operations.
2023-06-13 01:49:53,813 [main] WARN  server.ServerUtils (ServerUtils.java:getDefaultRatisDirectory(323)) - Storage directory for Ratis is not configured. It is a good idea to map this to an SSD disk. Falling back to ozone.metadata.dirs
2023-06-13 01:49:53,814 [main] WARN  utils.OzoneManagerRatisUtils (OzoneManagerRatisUtils.java:getOMRatisSnapshotDirectory(461)) - ozone.om.ratis.snapshot.dir is not configured. Falling back to ozone.metadata.dirs config
2023-06-13 01:49:53,828 [main] WARN  server.ServerUtils (ServerUtils.java:getDefaultRatisDirectory(323)) - Storage directory for Ratis is not configured. It is a good idea to map this to an SSD disk. Falling back to ozone.metadata.dirs
2023-06-13 01:49:53,854 [main] INFO  ratis.OzoneManagerRatisServer (OzoneManagerRatisServer.java:<init>(163)) - Instantiating OM Ratis server with groupID: omServiceIdDefault and peers: localhost:15007
2023-06-13 01:49:53,863 [main] INFO  ratis.OzoneManagerStateMachine (OzoneManagerStateMachine.java:loadSnapshotInfoFromDB(670)) - LastAppliedIndex is set from TransactionInfo from OM DB as (t:0, i:~)
2023-06-13 01:49:53,927 [main] INFO  server.RaftServer (ConfUtils.java:logGet(46)) - raft.rpc.type = GRPC (default)
2023-06-13 01:49:53,936 [main] INFO  grpc.GrpcConfigKeys (ConfUtils.java:logFallback(53)) - raft.grpc.admin.host = null (fallback to raft.grpc.server.host)
2023-06-13 01:49:53,937 [main] INFO  grpc.GrpcConfigKeys (ConfUtils.java:logFallback(53)) - raft.grpc.admin.port = 15007 (fallback to raft.grpc.server.port)
2023-06-13 01:49:53,938 [main] INFO  grpc.GrpcConfigKeys (ConfUtils.java:logFallback(53)) - raft.grpc.client.host = null (fallback to raft.grpc.server.host)
2023-06-13 01:49:53,938 [main] INFO  grpc.GrpcConfigKeys (ConfUtils.java:logFallback(53)) - raft.grpc.client.port = 15007 (fallback to raft.grpc.server.port)
2023-06-13 01:49:53,938 [main] INFO  grpc.GrpcConfigKeys (ConfUtils.java:logGet(46)) - raft.grpc.server.host = null (default)
2023-06-13 01:49:53,939 [main] INFO  grpc.GrpcConfigKeys (ConfUtils.java:logGet(46)) - raft.grpc.server.port = 15007 (custom)
2023-06-13 01:49:53,940 [main] INFO  server.GrpcService (ConfUtils.java:logGet(46)) - raft.grpc.message.size.max = 33554432 (custom)
2023-06-13 01:49:53,942 [main] INFO  server.RaftServerConfigKeys (ConfUtils.java:logGet(46)) - raft.server.log.appender.buffer.byte-limit = 33554432 (custom)
2023-06-13 01:49:53,944 [main] INFO  server.GrpcService (ConfUtils.java:logGet(46)) - raft.grpc.flow.control.window = 1MB (=1048576) (default)
2023-06-13 01:49:53,946 [main] INFO  server.RaftServerConfigKeys (ConfUtils.java:logGet(46)) - raft.server.rpc.request.timeout = 3000ms (default)
2023-06-13 01:49:53,957 [main] INFO  grpc.GrpcConfigKeys (ConfUtils.java:logGet(46)) - raft.grpc.server.heartbeat.channel = true (default)
2023-06-13 01:49:53,961 [main] INFO  grpc.GrpcConfigKeys (ConfUtils.java:logGet(46)) - raft.grpc.server.async.request.thread.pool.cached = true (default)
2023-06-13 01:49:53,961 [main] INFO  grpc.GrpcConfigKeys (ConfUtils.java:logGet(46)) - raft.grpc.server.async.request.thread.pool.size = 32 (default)
2023-06-13 01:49:54,160 [main] INFO  impl.DataStreamServerImpl (ConfUtils.java:logGet(46)) - raft.datastream.type = DISABLED (default)
2023-06-13 01:49:54,163 [main] INFO  server.RaftServerConfigKeys (ConfUtils.java:logGet(46)) - raft.server.threadpool.proxy.cached = true (default)
2023-06-13 01:49:54,163 [main] INFO  server.RaftServerConfigKeys (ConfUtils.java:logGet(46)) - raft.server.threadpool.proxy.size = 0 (default)
2023-06-13 01:49:54,163 [main] INFO  server.RaftServerConfigKeys (ConfUtils.java:logGet(46)) - raft.server.rpc.slowness.timeout = 120s (custom)
2023-06-13 01:49:54,163 [main] INFO  server.RaftServerConfigKeys (ConfUtils.java:logGet(46)) - raft.server.leaderelection.leader.step-down.wait-time = 10s (default)
2023-06-13 01:49:54,165 [main] INFO  server.RaftServerConfigKeys (ConfUtils.java:logGet(46)) - raft.server.storage.dir = [/home/runner/work/ozone/ozone/hadoop-ozone/integration-test/target/test-dir/MiniOzoneClusterImpl-5f2dcc83-6c9d-45c9-8141-0f4d2c5ecdef/ozone-meta/ratis] (custom)
2023-06-13 01:49:54,173 [main] INFO  server.RaftServer (RaftServerProxy.java:addNew(98)) - om1: addNew group-C5BA1605619E:[om1|rpc:localhost:15007|priority:0|startupRole:FOLLOWER] returns group-C5BA1605619E:java.util.concurrent.CompletableFuture@578ce232[Not completed]
2023-06-13 01:49:54,173 [main] INFO  om.OzoneManager (OzoneManager.java:initializeRatisServer(2107)) - OzoneManager Ratis server initialized at port 15007
2023-06-13 01:49:54,176 [main] INFO  om.OzoneManager (OzoneManager.java:getRpcServer(1166)) - Creating RPC Server
2023-06-13 01:49:54,195 [om1-groupManagement] INFO  server.RaftServer$Division (RaftServerImpl.java:<init>(198)) - om1: new RaftServerImpl for group-C5BA1605619E:[om1|rpc:localhost:15007|priority:0|startupRole:FOLLOWER] with OzoneManagerStateMachine:uninitialized
2023-06-13 01:49:54,196 [om1-groupManagement] INFO  server.RaftServerConfigKeys (ConfUtils.java:logGet(46)) - raft.server.rpc.timeout.min = 1s (custom)
2023-06-13 01:49:54,197 [om1-groupManagement] INFO  server.RaftServerConfigKeys (ConfUtils.java:logGet(46)) - raft.server.rpc.timeout.max = 1200ms (custom)
2023-06-13 01:49:54,197 [om1-groupManagement] INFO  server.RaftServerConfigKeys (ConfUtils.java:logGet(46)) - raft.server.rpc.sleep.time = 25ms (default)
2023-06-13 01:49:54,198 [om1-groupManagement] INFO  server.RaftServerConfigKeys (ConfUtils.java:logGet(46)) - raft.server.rpc.slowness.timeout = 120s (custom)
2023-06-13 01:49:54,198 [om1-groupManagement] INFO  server.RaftServerConfigKeys (ConfUtils.java:logGet(46)) - raft.server.leaderelection.leader.step-down.wait-time = 10s (default)
2023-06-13 01:49:54,198 [om1-groupManagement] INFO  server.RaftServerConfigKeys (ConfUtils.java:logGet(46)) - raft.server.sleep.deviation.threshold = 300ms (default)
2023-06-13 01:49:54,209 [om1-groupManagement] INFO  server.RaftServer$Division (ServerState.java:<init>(120)) - om1@group-C5BA1605619E: ConfigurationManager, init=-1: peers:[om1|rpc:localhost:15007|priority:0|startupRole:FOLLOWER]|listeners:[], old=null, confs=<EMPTY_MAP>
2023-06-13 01:49:54,210 [om1-groupManagement] INFO  server.RaftServerConfigKeys (ConfUtils.java:logGet(46)) - raft.server.storage.dir = [/home/runner/work/ozone/ozone/hadoop-ozone/integration-test/target/test-dir/MiniOzoneClusterImpl-5f2dcc83-6c9d-45c9-8141-0f4d2c5ecdef/ozone-meta/ratis] (custom)
2023-06-13 01:49:54,218 [om1-groupManagement] INFO  server.RaftServerConfigKeys (ConfUtils.java:logGet(46)) - raft.server.log.corruption.policy = EXCEPTION (default)
2023-06-13 01:49:54,219 [om1-groupManagement] INFO  server.RaftServerConfigKeys (ConfUtils.java:logGet(46)) - raft.server.storage.free-space.min = 0MB (=0) (default)
2023-06-13 01:49:54,230 [om1-groupManagement] INFO  server.RaftServerConfigKeys (ConfUtils.java:logGet(46)) - raft.server.notification.no-leader.timeout = 120s (custom)
2023-06-13 01:49:54,237 [om1-groupManagement] INFO  server.RaftServerConfigKeys (ConfUtils.java:logGet(46)) - raft.server.read.timeout = 10s (default)
2023-06-13 01:49:54,367 [om1-groupManagement] INFO  server.RaftServerConfigKeys (ConfUtils.java:logGet(46)) - raft.server.retrycache.expirytime = 300s (custom)
2023-06-13 01:49:54,367 [om1-groupManagement] INFO  server.RaftServerConfigKeys (ConfUtils.java:logGet(46)) - raft.server.retrycache.statistics.expirytime = 100μs (default)
2023-06-13 01:49:54,416 [om1-groupManagement] INFO  server.RaftServerConfigKeys (ConfUtils.java:logGet(46)) - raft.server.read.option = DEFAULT (default)
2023-06-13 01:49:54,496 [om1-groupManagement] INFO  server.RaftServerConfigKeys (ConfUtils.java:logGet(46)) - raft.server.rpc.request.timeout = 3000ms (default)
2023-06-13 01:49:54,498 [om1-groupManagement] INFO  server.RaftServerConfigKeys (ConfUtils.java:logGet(46)) - raft.server.log.appender.install.snapshot.enabled = false (custom)
2023-06-13 01:49:54,499 [om1-groupManagement] INFO  server.RaftServerConfigKeys (ConfUtils.java:logGet(46)) - raft.server.threadpool.server.cached = true (default)
2023-06-13 01:49:54,499 [om1-groupManagement] INFO  server.RaftServerConfigKeys (ConfUtils.java:logGet(46)) - raft.server.threadpool.server.size = 0 (default)
2023-06-13 01:49:54,499 [om1-groupManagement] INFO  server.RaftServerConfigKeys (ConfUtils.java:logGet(46)) - raft.server.threadpool.client.cached = true (default)
2023-06-13 01:49:54,499 [om1-groupManagement] INFO  server.RaftServerConfigKeys (ConfUtils.java:logGet(46)) - raft.server.threadpool.client.size = 0 (default)
2023-06-13 01:49:55,045 [main] INFO  reflections.Reflections (Reflections.java:scan(232)) - Reflections took 666 ms to scan 19 urls, producing 69 keys and 5329 values [using 2 cores]
2023-06-13 01:49:55,204 [main] INFO  ipc.CallQueueManager (CallQueueManager.java:<init>(90)) - Using callQueue: class java.util.concurrent.LinkedBlockingQueue, queueCapacity: 2000, scheduler: class org.apache.hadoop.ipc.DefaultRpcScheduler, ipcBackoff: false.
2023-06-13 01:49:55,204 [Socket Reader #1 for port 15004] INFO  ipc.Server (Server.java:run(1319)) - Starting Socket Reader #1 for port 15004
2023-06-13 01:49:55,213 [Listener at 127.0.0.1/15004] INFO  hdds.HddsUtils (HddsUtils.java:preserveThreadName(848)) - Restoring thread name: main
2023-06-13 01:49:55,242 [main] INFO  impl.MetricsSystemImpl (MetricsSystemImpl.java:init(158)) - OzoneManager metrics system started (again)
2023-06-13 01:49:55,256 [main] INFO  om.OzoneManager (OzoneManager.java:start(1588)) - OzoneManager RPC server is listening at localhost/127.0.0.1:15004
2023-06-13 01:49:55,256 [main] INFO  ratis.OzoneManagerRatisServer (OzoneManagerRatisServer.java:start(558)) - Starting OzoneManagerRatisServer om1 at port 15007
2023-06-13 01:49:55,258 [om1-impl-thread1] INFO  storage.RaftStorageDirectory (RaftStorageDirectoryImpl.java:analyzeStorage(137)) - The storage directory /home/runner/work/ozone/ozone/hadoop-ozone/integration-test/target/test-dir/MiniOzoneClusterImpl-5f2dcc83-6c9d-45c9-8141-0f4d2c5ecdef/ozone-meta/ratis/bf265839-605b-3f16-9796-c5ba1605619e does not exist. Creating ...
2023-06-13 01:49:55,262 [om1-impl-thread1] INFO  storage.RaftStorageDirectory (RaftStorageDirectoryImpl.java:tryLock(231)) - Lock on /home/runner/work/ozone/ozone/hadoop-ozone/integration-test/target/test-dir/MiniOzoneClusterImpl-5f2dcc83-6c9d-45c9-8141-0f4d2c5ecdef/ozone-meta/ratis/bf265839-605b-3f16-9796-c5ba1605619e/in_use.lock acquired by nodename 24814@fv-az670-278
2023-06-13 01:49:55,267 [om1-impl-thread1] INFO  storage.RaftStorage (RaftStorageImpl.java:format(96)) - Storage directory /home/runner/work/ozone/ozone/hadoop-ozone/integration-test/target/test-dir/MiniOzoneClusterImpl-5f2dcc83-6c9d-45c9-8141-0f4d2c5ecdef/ozone-meta/ratis/bf265839-605b-3f16-9796-c5ba1605619e has been successfully formatted.
2023-06-13 01:49:55,270 [om1-impl-thread1] INFO  server.RaftServerConfigKeys (ConfUtils.java:logGet(46)) - raft.server.log.use.memory = false (default)
2023-06-13 01:49:55,276 [om1-impl-thread1] INFO  server.RaftServerConfigKeys (ConfUtils.java:logGet(46)) - raft.server.log.purge.gap = 1000000 (custom)
2023-06-13 01:49:55,276 [om1-impl-thread1] INFO  server.RaftServerConfigKeys (ConfUtils.java:logGet(46)) - raft.server.log.appender.buffer.byte-limit = 33554432 (custom)
2023-06-13 01:49:55,277 [om1-impl-thread1] INFO  server.RaftServerConfigKeys (ConfUtils.java:logGet(46)) - raft.server.log.statemachine.data.read.timeout = 1000ms (default)
2023-06-13 01:49:55,278 [om1-impl-thread1] INFO  server.RaftServerConfigKeys (ConfUtils.java:logGet(46)) - raft.server.log.purge.preservation.log.num = 0 (default)
2023-06-13 01:49:55,280 [om1-impl-thread1] INFO  server.RaftServerConfigKeys (ConfUtils.java:logGet(46)) - raft.server.log.segment.size.max = 4194304 (custom)
2023-06-13 01:49:55,284 [om1-impl-thread1] INFO  server.RaftServerConfigKeys (ConfUtils.java:logGet(46)) - raft.server.log.segment.cache.num.max = 2 (custom)
2023-06-13 01:49:55,285 [om1-impl-thread1] INFO  server.RaftServerConfigKeys (ConfUtils.java:logGet(46)) - raft.server.log.segment.cache.size.max = 200MB (=209715200) (default)
2023-06-13 01:49:55,285 [om1-impl-thread1] INFO  server.RaftServerConfigKeys (ConfUtils.java:logGet(46)) - raft.server.log.appender.buffer.byte-limit = 33554432 (custom)
2023-06-13 01:49:55,289 [om1-impl-thread1] INFO  segmented.SegmentedRaftLogWorker (SegmentedRaftLogWorker.java:<init>(188)) - new om1@group-C5BA1605619E-SegmentedRaftLogWorker for RaftStorageImpl:Storage Directory /home/runner/work/ozone/ozone/hadoop-ozone/integration-test/target/test-dir/MiniOzoneClusterImpl-5f2dcc83-6c9d-45c9-8141-0f4d2c5ecdef/ozone-meta/ratis/bf265839-605b-3f16-9796-c5ba1605619e
2023-06-13 01:49:55,290 [om1-impl-thread1] INFO  server.RaftServerConfigKeys (ConfUtils.java:logGet(46)) - raft.server.log.queue.byte-limit = 64MB (=67108864) (default)
2023-06-13 01:49:55,290 [om1-impl-thread1] INFO  server.RaftServerConfigKeys (ConfUtils.java:logGet(46)) - raft.server.log.queue.element-limit = 4096 (default)
2023-06-13 01:49:55,291 [om1-impl-thread1] INFO  server.RaftServerConfigKeys (ConfUtils.java:logGet(46)) - raft.server.log.segment.size.max = 4194304 (custom)
2023-06-13 01:49:55,291 [om1-impl-thread1] INFO  server.RaftServerConfigKeys (ConfUtils.java:logGet(46)) - raft.server.log.preallocated.size = 4194304 (custom)
2023-06-13 01:49:55,291 [om1-impl-thread1] INFO  server.RaftServerConfigKeys (ConfUtils.java:logGet(46)) - raft.server.log.force.sync.num = 128 (default)
2023-06-13 01:49:55,292 [om1-impl-thread1] INFO  server.RaftServerConfigKeys (ConfUtils.java:logGet(46)) - raft.server.log.statemachine.data.sync = true (default)
2023-06-13 01:49:55,292 [om1-impl-thread1] INFO  server.RaftServerConfigKeys (ConfUtils.java:logGet(46)) - raft.server.log.statemachine.data.sync.timeout = 10s (default)
2023-06-13 01:49:55,292 [om1-impl-thread1] INFO  server.RaftServerConfigKeys (ConfUtils.java:logGet(46)) - raft.server.log.statemachine.data.sync.timeout.retry = -1 (default)
2023-06-13 01:49:55,299 [om1-impl-thread1] INFO  server.RaftServerConfigKeys (ConfUtils.java:logGet(46)) - raft.server.log.write.buffer.size = 64KB (=65536) (default)
2023-06-13 01:49:55,300 [om1-impl-thread1] INFO  server.RaftServerConfigKeys (ConfUtils.java:logGet(46)) - raft.server.log.appender.buffer.byte-limit = 33554432 (custom)
2023-06-13 01:49:55,303 [om1-impl-thread1] INFO  server.RaftServerConfigKeys (ConfUtils.java:logGet(46)) - raft.server.log.unsafe-flush.enabled = false (default)
2023-06-13 01:49:55,303 [om1-impl-thread1] INFO  server.RaftServerConfigKeys (ConfUtils.java:logGet(46)) - raft.server.log.async-flush.enabled = false (default)
2023-06-13 01:49:55,304 [om1-impl-thread1] INFO  server.RaftServerConfigKeys (ConfUtils.java:logGet(46)) - raft.server.log.statemachine.data.caching.enabled = false (default)
2023-06-13 01:49:55,308 [om1-impl-thread1] INFO  segmented.SegmentedRaftLogWorker (SegmentedRaftLogWorker.java:lambda$new$0(135)) - om1@group-C5BA1605619E-SegmentedRaftLogWorker: flushIndex: setUnconditionally 0 -> -1
2023-06-13 01:49:55,308 [om1-impl-thread1] INFO  segmented.SegmentedRaftLogWorker (SegmentedRaftLogWorker.java:lambda$new$0(135)) - om1@group-C5BA1605619E-SegmentedRaftLogWorker: safeCacheEvictIndex: setUnconditionally 0 -> -1
2023-06-13 01:49:55,310 [om1-impl-thread1] INFO  server.RaftServer$Division (RaftServerImpl.java:start(342)) - om1@group-C5BA1605619E: start as a follower, conf=-1: peers:[om1|rpc:localhost:15007|priority:0|startupRole:FOLLOWER]|listeners:[], old=null
2023-06-13 01:49:55,314 [om1-impl-thread1] INFO  server.RaftServer$Division (RaftServerImpl.java:setRole(329)) - om1@group-C5BA1605619E: changes role from      null to FOLLOWER at term 0 for startAsFollower
2023-06-13 01:49:55,315 [om1-impl-thread1] INFO  impl.RoleInfo (RoleInfo.java:updateAndGet(139)) - om1: start om1@group-C5BA1605619E-FollowerState
2023-06-13 01:49:55,318 [om1-impl-thread1] INFO  util.JmxRegister (JmxRegister.java:tryRegister(44)) - Successfully registered JMX Bean with object name Ratis:service=RaftServer,group=group-C5BA1605619E,id=om1
2023-06-13 01:49:55,319 [om1-impl-thread1] INFO  server.RaftServerConfigKeys (ConfUtils.java:logGet(46)) - raft.server.snapshot.auto.trigger.enabled = true (custom)
2023-06-13 01:49:55,320 [om1-impl-thread1] INFO  server.RaftServerConfigKeys (ConfUtils.java:logGet(46)) - raft.server.snapshot.auto.trigger.threshold = 400000 (default)
2023-06-13 01:49:55,320 [om1-impl-thread1] INFO  server.RaftServerConfigKeys (ConfUtils.java:logGet(46)) - raft.server.snapshot.retention.file.num = -1 (default)
2023-06-13 01:49:55,321 [om1-impl-thread1] INFO  server.RaftServerConfigKeys (ConfUtils.java:logGet(46)) - raft.server.log.purge.upto.snapshot.index = true (custom)
2023-06-13 01:49:55,323 [om1@group-C5BA1605619E-FollowerState] INFO  server.RaftServerConfigKeys (ConfUtils.java:logFallback(53)) - raft.server.rpc.first-election.timeout.min = 1s (fallback to raft.server.rpc.timeout.min)
2023-06-13 01:49:55,324 [om1@group-C5BA1605619E-FollowerState] INFO  server.RaftServerConfigKeys (ConfUtils.java:logFallback(53)) - raft.server.rpc.first-election.timeout.max = 1200ms (fallback to raft.server.rpc.timeout.max)
2023-06-13 01:49:55,325 [main] INFO  server.RaftServer (RaftServerProxy.java:startImpl(400)) - om1: start RPC server
2023-06-13 01:49:55,370 [main] INFO  server.GrpcService (GrpcService.java:startImpl(302)) - om1: GrpcService started, listening on 15007
2023-06-13 01:49:55,374 [main] INFO  om.OzoneManager (OzoneManager.java:start(1604)) - Version File has different layout version (5) than OM DB (null). That is expected if this OM has never been finalized to a newer layout version.
2023-06-13 01:49:55,376 [JvmPauseMonitor1] INFO  util.JvmPauseMonitor (JvmPauseMonitor.java:run(103)) - JvmPauseMonitor-om1: Started
2023-06-13 01:49:55,389 [main] INFO  http.BaseHttpServer (BaseHttpServer.java:newHttpServer2BuilderForOzone(224)) - Starting Web-server for ozoneManager at: http://0.0.0.0:15005
2023-06-13 01:49:55,389 [main] INFO  http.BaseHttpServer (BaseHttpServer.java:<init>(111)) - Hadoop Security Enabled: false Ozone Security Enabled: false Ozone HTTP Security Enabled: false 
2023-06-13 01:49:55,391 [main] WARN  server.AuthenticationFilter (AuthenticationFilter.java:constructSecretProvider(240)) - Unable to initialize FileSignerSecretProvider, falling back to use random secrets. Reason: Could not read signature secret file: /home/runner/hadoop-http-auth-signature-secret
2023-06-13 01:49:55,397 [main] INFO  http.HttpRequestLog (HttpRequestLog.java:getRequestLog(86)) - Http request log for http.requests.ozoneManager is not defined
2023-06-13 01:49:55,399 [main] INFO  http.HttpServer2 (HttpServer2.java:addGlobalFilter(1031)) - Added global filter 'safety' (class=org.apache.hadoop.hdds.server.http.HttpServer2$QuotingInputFilter)
2023-06-13 01:49:55,400 [main] INFO  http.HttpServer2 (HttpServer2.java:addFilter(1007)) - Added filter static_user_filter (class=org.apache.hadoop.http.lib.StaticUserWebFilter$StaticUserFilter) to context ozoneManager
2023-06-13 01:49:55,400 [main] INFO  http.HttpServer2 (HttpServer2.java:addFilter(1015)) - Added filter static_user_filter (class=org.apache.hadoop.http.lib.StaticUserWebFilter$StaticUserFilter) to context logs
2023-06-13 01:49:55,401 [main] INFO  http.HttpServer2 (HttpServer2.java:addFilter(1015)) - Added filter static_user_filter (class=org.apache.hadoop.http.lib.StaticUserWebFilter$StaticUserFilter) to context static
2023-06-13 01:49:55,401 [main] INFO  http.BaseHttpServer (BaseHttpServer.java:<init>(190)) - HTTP server of ozoneManager uses base directory /home/runner/work/ozone/ozone/hadoop-ozone/integration-test/target/test-dir/MiniOzoneClusterImpl-5f2dcc83-6c9d-45c9-8141-0f4d2c5ecdef/ozone-meta/webserver
2023-06-13 01:49:55,404 [main] INFO  http.HttpServer2 (HttpServer2.java:bindListener(1250)) - Jetty bound to port 15005
2023-06-13 01:49:55,404 [main] INFO  server.Server (Server.java:doStart(375)) - jetty-9.4.51.v20230217; built: 2023-02-17T08:19:37.309Z; git: b45c405e4544384de066f814ed42ae3dceacdd49; jvm 1.8.0_372-b07
2023-06-13 01:49:55,406 [main] INFO  server.session (DefaultSessionIdManager.java:doStart(334)) - DefaultSessionIdManager workerName=node0
2023-06-13 01:49:55,407 [main] INFO  server.session (DefaultSessionIdManager.java:doStart(339)) - No SessionScavenger set, using defaults
2023-06-13 01:49:55,407 [main] INFO  server.session (HouseKeeper.java:startScavenging(132)) - node0 Scavenging every 600000ms
2023-06-13 01:49:55,408 [main] INFO  handler.ContextHandler (ContextHandler.java:doStart(921)) - Started o.e.j.s.ServletContextHandler@26293a52{logs,/logs,file:///home/runner/work/ozone/ozone/hadoop-ozone/integration-test/target/log,AVAILABLE}
2023-06-13 01:49:55,409 [main] INFO  handler.ContextHandler (ContextHandler.java:doStart(921)) - Started o.e.j.s.ServletContextHandler@213b9116{static,/static,file:///home/runner/work/ozone/ozone/hadoop-ozone/integration-test/target/test-classes/webapps/static,AVAILABLE}
2023-06-13 01:49:55,412 [main] INFO  handler.ContextHandler (ContextHandler.java:doStart(921)) - Started o.e.j.w.WebAppContext@3826543{ozoneManager,/,file:///home/runner/work/ozone/ozone/hadoop-ozone/integration-test/target/test-classes/webapps/ozoneManager/,AVAILABLE}{file:/home/runner/work/ozone/ozone/hadoop-ozone/integration-test/target/test-classes/webapps/ozoneManager}
2023-06-13 01:49:55,415 [main] INFO  server.AbstractConnector (AbstractConnector.java:doStart(333)) - Started ServerConnector@176e95bb{HTTP/1.1, (http/1.1)}{0.0.0.0:15005}
2023-06-13 01:49:55,416 [main] INFO  server.Server (Server.java:doStart(415)) - Started @9234ms
2023-06-13 01:49:55,416 [main] WARN  impl.MetricsSystemImpl (MetricsSystemImpl.java:register(279)) - Sink prometheus already exists!
2023-06-13 01:49:55,416 [main] INFO  http.BaseHttpServer (BaseHttpServer.java:updateConnectorAddress(344)) - HTTP server of ozoneManager listening at http://0.0.0.0:15005
2023-06-13 01:49:55,417 [IPC Server Responder] INFO  ipc.Server (Server.java:run(1558)) - IPC Server Responder: starting
2023-06-13 01:49:55,419 [IPC Server listener on 15004] INFO  ipc.Server (Server.java:run(1398)) - IPC Server listener on 15004: starting
2023-06-13 01:49:55,426 [main] INFO  om.OzoneManager (OzoneManager.java:startTrashEmptier(2060)) - Trash Interval set to 0. Files deleted won't move to trash
2023-06-13 01:49:55,592 [main] WARN  impl.MetricRegistriesImpl (MetricRegistriesImpl.java:addReporterRegistration(111)) - New reporters are added after registries were created. Some metrics will be missing from the reporter. Please add reporter before adding any new registry.
2023-06-13 01:49:55,593 [main] WARN  impl.MetricRegistriesImpl (MetricRegistriesImpl.java:addReporterRegistration(111)) - New reporters are added after registries were created. Some metrics will be missing from the reporter. Please add reporter before adding any new registry.
2023-06-13 01:49:55,593 [main] INFO  impl.MetricsSystemImpl (MetricsSystemImpl.java:init(158)) - HddsDatanode metrics system started (again)
2023-06-13 01:49:55,614 [main] INFO  ozone.HddsDatanodeService (HddsDatanodeService.java:start(262)) - HddsDatanodeService host:fv-az670-278.vvj1krob40nuzn3jnzu5queufe.phxx.internal.cloudapp.net ip:10.1.0.18
2023-06-13 01:49:55,651 [main] INFO  upgrade.AbstractLayoutVersionManager (AbstractLayoutVersionManager.java:init(83)) - Initializing Layout version manager with metadata layout = HADOOP_PRC_PORTS_IN_DATANODEDETAILS (version = 7), software layout = HADOOP_PRC_PORTS_IN_DATANODEDETAILS (version = 7)
2023-06-13 01:49:55,653 [main] INFO  statemachine.DatanodeStateMachine (DatanodeStateMachine.java:getEndPointTaskThreadPoolSize(279)) - Datanode State Machine Task Thread Pool size 2
2023-06-13 01:49:55,718 [main] INFO  volume.HddsVolume (HddsVolume.java:<init>(130)) - Creating HddsVolume: /home/runner/work/ozone/ozone/hadoop-ozone/integration-test/target/test-dir/MiniOzoneClusterImpl-5f2dcc83-6c9d-45c9-8141-0f4d2c5ecdef/datanode-0/data-0/containers/hdds of storage type : DISK capacity : 9223372036854775807
2023-06-13 01:49:55,720 [main] INFO  volume.MutableVolumeSet (MutableVolumeSet.java:initializeVolumeSet(175)) - Added Volume : /home/runner/work/ozone/ozone/hadoop-ozone/integration-test/target/test-dir/MiniOzoneClusterImpl-5f2dcc83-6c9d-45c9-8141-0f4d2c5ecdef/datanode-0/data-0/containers/hdds to VolumeSet
2023-06-13 01:49:55,722 [main] INFO  volume.ThrottledAsyncChecker (ThrottledAsyncChecker.java:schedule(141)) - Scheduling a check for /home/runner/work/ozone/ozone/hadoop-ozone/integration-test/target/test-dir/MiniOzoneClusterImpl-5f2dcc83-6c9d-45c9-8141-0f4d2c5ecdef/datanode-0/data-0/containers/hdds
2023-06-13 01:49:55,736 [main] INFO  volume.StorageVolumeChecker (StorageVolumeChecker.java:checkAllVolumes(202)) - Scheduled health check for volume /home/runner/work/ozone/ozone/hadoop-ozone/integration-test/target/test-dir/MiniOzoneClusterImpl-5f2dcc83-6c9d-45c9-8141-0f4d2c5ecdef/datanode-0/data-0/containers/hdds
2023-06-13 01:49:55,757 [main] INFO  volume.MutableVolumeSet (MutableVolumeSet.java:initializeVolumeSet(175)) - Added Volume : /home/runner/work/ozone/ozone/hadoop-ozone/integration-test/target/test-dir/MiniOzoneClusterImpl-5f2dcc83-6c9d-45c9-8141-0f4d2c5ecdef/datanode-0/data/ratis to VolumeSet
2023-06-13 01:49:55,758 [main] INFO  volume.ThrottledAsyncChecker (ThrottledAsyncChecker.java:schedule(141)) - Scheduling a check for /home/runner/work/ozone/ozone/hadoop-ozone/integration-test/target/test-dir/MiniOzoneClusterImpl-5f2dcc83-6c9d-45c9-8141-0f4d2c5ecdef/datanode-0/data/ratis
2023-06-13 01:49:55,759 [main] INFO  volume.StorageVolumeChecker (StorageVolumeChecker.java:checkAllVolumes(202)) - Scheduled health check for volume /home/runner/work/ozone/ozone/hadoop-ozone/integration-test/target/test-dir/MiniOzoneClusterImpl-5f2dcc83-6c9d-45c9-8141-0f4d2c5ecdef/datanode-0/data/ratis
2023-06-13 01:49:55,782 [Thread-140] INFO  ozoneimpl.ContainerReader (ContainerReader.java:readVolume(175)) - Finish verifying containers on volume /home/runner/work/ozone/ozone/hadoop-ozone/integration-test/target/test-dir/MiniOzoneClusterImpl-5f2dcc83-6c9d-45c9-8141-0f4d2c5ecdef/datanode-0/data-0/containers/hdds
2023-06-13 01:49:55,783 [main] INFO  ozoneimpl.OzoneContainer (OzoneContainer.java:buildContainerSet(316)) - Build ContainerSet costs 0s
2023-06-13 01:49:55,838 [main] INFO  audit.AuditLogger (AuditLogger.java:refreshDebugCmdSet(126)) - Refresh DebugCmdSet for DNAudit to [].
2023-06-13 01:49:55,864 [main] INFO  server.RaftServer (ConfUtils.java:logGet(46)) - raft.rpc.type = GRPC (default)
2023-06-13 01:49:55,865 [main] INFO  grpc.GrpcConfigKeys (ConfUtils.java:logFallback(53)) - raft.grpc.admin.host = null (fallback to raft.grpc.server.host)
2023-06-13 01:49:55,865 [main] INFO  grpc.GrpcConfigKeys (ConfUtils.java:logGet(46)) - raft.grpc.admin.port = 15013 (custom)
2023-06-13 01:49:55,865 [main] INFO  grpc.GrpcConfigKeys (ConfUtils.java:logFallback(53)) - raft.grpc.client.host = null (fallback to raft.grpc.server.host)
2023-06-13 01:49:55,865 [main] INFO  grpc.GrpcConfigKeys (ConfUtils.java:logGet(46)) - raft.grpc.client.port = 15012 (custom)
2023-06-13 01:49:55,865 [main] INFO  grpc.GrpcConfigKeys (ConfUtils.java:logGet(46)) - raft.grpc.server.host = null (default)
2023-06-13 01:49:55,866 [main] INFO  grpc.GrpcConfigKeys (ConfUtils.java:logGet(46)) - raft.grpc.server.port = 15014 (custom)
2023-06-13 01:49:55,866 [main] INFO  server.GrpcService (ConfUtils.java:logGet(46)) - raft.grpc.message.size.max = 32MB (=33554432) (custom)
2023-06-13 01:49:55,866 [main] INFO  server.RaftServerConfigKeys (ConfUtils.java:logGet(46)) - raft.server.log.appender.buffer.byte-limit = 33554432 (custom)
2023-06-13 01:49:55,866 [main] INFO  server.GrpcService (ConfUtils.java:logGet(46)) - raft.grpc.flow.control.window = 5MB (=5242880) (custom)
2023-06-13 01:49:55,866 [main] INFO  server.RaftServerConfigKeys (ConfUtils.java:logGet(46)) - raft.server.rpc.request.timeout = 60s (custom)
2023-06-13 01:49:55,866 [main] INFO  grpc.GrpcConfigKeys (ConfUtils.java:logGet(46)) - raft.grpc.server.heartbeat.channel = true (default)
2023-06-13 01:49:55,866 [main] INFO  grpc.GrpcConfigKeys (ConfUtils.java:logGet(46)) - raft.grpc.server.async.request.thread.pool.cached = true (default)
2023-06-13 01:49:55,867 [main] INFO  grpc.GrpcConfigKeys (ConfUtils.java:logGet(46)) - raft.grpc.server.async.request.thread.pool.size = 32 (default)
2023-06-13 01:49:55,869 [main] INFO  impl.DataStreamServerImpl (ConfUtils.java:logGet(46)) - raft.datastream.type = NETTY (custom)
2023-06-13 01:49:55,877 [main] INFO  server.RaftServerConfigKeys (ConfUtils.java:logGet(46)) - raft.server.data-stream.async.request.thread.pool.cached = false (default)
2023-06-13 01:49:55,877 [main] INFO  server.RaftServerConfigKeys (ConfUtils.java:logGet(46)) - raft.server.data-stream.async.request.thread.pool.size = 20 (custom)
2023-06-13 01:49:55,878 [main] INFO  server.RaftServerConfigKeys (ConfUtils.java:logGet(46)) - raft.server.data-stream.async.write.thread.pool.size = 16 (default)
2023-06-13 01:49:55,879 [main] INFO  server.RaftServerConfigKeys (ConfUtils.java:logGet(46)) - raft.server.data-stream.client.pool.size = 10 (default)
2023-06-13 01:49:55,881 [main] INFO  netty.NettyConfigKeys$DataStream (ConfUtils.java:logGet(46)) - raft.netty.dataStream.server.use-epoll = false (default)
2023-06-13 01:49:55,881 [main] INFO  netty.NettyConfigKeys$DataStream (ConfUtils.java:logGet(46)) - raft.netty.dataStream.server.boss-group.size = 0 (default)
2023-06-13 01:49:55,887 [main] INFO  netty.NettyConfigKeys$DataStream (ConfUtils.java:logGet(46)) - raft.netty.dataStream.server.worker-group.size = 0 (default)
2023-06-13 01:49:55,887 [main] INFO  netty.NettyConfigKeys$DataStream (ConfUtils.java:logGet(46)) - raft.netty.dataStream.server.tls.conf = null (default)
2023-06-13 01:49:55,889 [main] INFO  netty.NettyConfigKeys$DataStream (ConfUtils.java:logGet(46)) - raft.netty.dataStream.host = null (default)
2023-06-13 01:49:55,889 [main] INFO  netty.NettyConfigKeys$DataStream (ConfUtils.java:logGet(46)) - raft.netty.dataStream.port = 15015 (custom)
2023-06-13 01:49:55,896 [main] INFO  server.RaftServerConfigKeys (ConfUtils.java:logGet(46)) - raft.server.threadpool.proxy.cached = true (default)
2023-06-13 01:49:55,896 [main] INFO  server.RaftServerConfigKeys (ConfUtils.java:logGet(46)) - raft.server.threadpool.proxy.size = 0 (default)
2023-06-13 01:49:55,896 [main] INFO  server.RaftServerConfigKeys (ConfUtils.java:logGet(46)) - raft.server.rpc.slowness.timeout = 300s (custom)
2023-06-13 01:49:55,896 [main] INFO  server.RaftServerConfigKeys (ConfUtils.java:logGet(46)) - raft.server.leaderelection.leader.step-down.wait-time = 10s (default)
2023-06-13 01:49:55,897 [main] INFO  server.RaftServerConfigKeys (ConfUtils.java:logGet(46)) - raft.server.storage.dir = [/home/runner/work/ozone/ozone/hadoop-ozone/integration-test/target/test-dir/MiniOzoneClusterImpl-5f2dcc83-6c9d-45c9-8141-0f4d2c5ecdef/datanode-0/data/ratis] (custom)
2023-06-13 01:49:55,918 [949cbcb3-ffc8-4fb9-988d-3e8d33dd06ba-NettyServerStreamRpc-bossGroup--thread1] INFO  logging.LoggingHandler (AbstractInternalLogger.java:log(148)) - [id: 0x255f465b] REGISTERED
2023-06-13 01:49:55,918 [949cbcb3-ffc8-4fb9-988d-3e8d33dd06ba-NettyServerStreamRpc-bossGroup--thread1] INFO  logging.LoggingHandler (AbstractInternalLogger.java:log(148)) - [id: 0x255f465b] BIND: 0.0.0.0/0.0.0.0:15015
2023-06-13 01:49:55,919 [949cbcb3-ffc8-4fb9-988d-3e8d33dd06ba-NettyServerStreamRpc-bossGroup--thread1] INFO  logging.LoggingHandler (AbstractInternalLogger.java:log(148)) - [id: 0x255f465b, L:/0:0:0:0:0:0:0:0:15015] ACTIVE
2023-06-13 01:49:55,923 [main] INFO  server.XceiverServerGrpc (XceiverServerGrpc.java:<init>(132)) - GrpcServer channel type EpollServerSocketChannel
2023-06-13 01:49:55,953 [main] INFO  replication.ReplicationSupervisor (ReplicationSupervisor.java:nodeStateUpdated(305)) - Node state updated to IN_SERVICE, scaling executor pool size to 10
2023-06-13 01:49:55,991 [main] INFO  http.BaseHttpServer (BaseHttpServer.java:newHttpServer2BuilderForOzone(224)) - Starting Web-server for hddsDatanode at: http://0.0.0.0:15009
2023-06-13 01:49:55,992 [main] INFO  http.BaseHttpServer (BaseHttpServer.java:<init>(111)) - Hadoop Security Enabled: false Ozone Security Enabled: false Ozone HTTP Security Enabled: false 
2023-06-13 01:49:55,993 [main] WARN  server.AuthenticationFilter (AuthenticationFilter.java:constructSecretProvider(240)) - Unable to initialize FileSignerSecretProvider, falling back to use random secrets. Reason: Could not read signature secret file: /home/runner/hadoop-http-auth-signature-secret
2023-06-13 01:49:55,994 [main] INFO  http.HttpRequestLog (HttpRequestLog.java:getRequestLog(86)) - Http request log for http.requests.hddsDatanode is not defined
2023-06-13 01:49:55,995 [main] INFO  http.HttpServer2 (HttpServer2.java:addGlobalFilter(1031)) - Added global filter 'safety' (class=org.apache.hadoop.hdds.server.http.HttpServer2$QuotingInputFilter)
2023-06-13 01:49:55,996 [main] INFO  http.HttpServer2 (HttpServer2.java:addFilter(1007)) - Added filter static_user_filter (class=org.apache.hadoop.http.lib.StaticUserWebFilter$StaticUserFilter) to context hddsDatanode
2023-06-13 01:49:55,996 [main] INFO  http.HttpServer2 (HttpServer2.java:addFilter(1015)) - Added filter static_user_filter (class=org.apache.hadoop.http.lib.StaticUserWebFilter$StaticUserFilter) to context static
2023-06-13 01:49:55,997 [main] INFO  http.HttpServer2 (HttpServer2.java:addFilter(1015)) - Added filter static_user_filter (class=org.apache.hadoop.http.lib.StaticUserWebFilter$StaticUserFilter) to context logs
2023-06-13 01:49:55,998 [main] INFO  http.BaseHttpServer (BaseHttpServer.java:<init>(190)) - HTTP server of hddsDatanode uses base directory /home/runner/work/ozone/ozone/hadoop-ozone/integration-test/target/test-dir/MiniOzoneClusterImpl-5f2dcc83-6c9d-45c9-8141-0f4d2c5ecdef/datanode-0/meta/webserver
2023-06-13 01:49:55,998 [main] INFO  http.HttpServer2 (HttpServer2.java:bindListener(1250)) - Jetty bound to port 15009
2023-06-13 01:49:55,998 [main] INFO  server.Server (Server.java:doStart(375)) - jetty-9.4.51.v20230217; built: 2023-02-17T08:19:37.309Z; git: b45c405e4544384de066f814ed42ae3dceacdd49; jvm 1.8.0_372-b07
2023-06-13 01:49:56,006 [main] INFO  server.session (DefaultSessionIdManager.java:doStart(334)) - DefaultSessionIdManager workerName=node0
2023-06-13 01:49:56,006 [main] INFO  server.session (DefaultSessionIdManager.java:doStart(339)) - No SessionScavenger set, using defaults
2023-06-13 01:49:56,006 [main] INFO  server.session (HouseKeeper.java:startScavenging(132)) - node0 Scavenging every 660000ms
2023-06-13 01:49:56,007 [main] INFO  handler.ContextHandler (ContextHandler.java:doStart(921)) - Started o.e.j.s.ServletContextHandler@3fbcb4c1{logs,/logs,file:///home/runner/work/ozone/ozone/hadoop-ozone/integration-test/target/log,AVAILABLE}
2023-06-13 01:49:56,007 [main] INFO  handler.ContextHandler (ContextHandler.java:doStart(921)) - Started o.e.j.s.ServletContextHandler@6e22f6ba{static,/static,jar:file:/home/runner/.m2/repository/org/apache/ozone/hdds-container-service/1.4.0-SNAPSHOT/hdds-container-service-1.4.0-SNAPSHOT.jar!/webapps/static,AVAILABLE}
2023-06-13 01:49:56,238 [main] INFO  handler.ContextHandler (ContextHandler.java:doStart(921)) - Started o.e.j.w.WebAppContext@5587b442{hddsDatanode,/,file:///home/runner/work/ozone/ozone/hadoop-ozone/integration-test/target/test-dir/MiniOzoneClusterImpl-5f2dcc83-6c9d-45c9-8141-0f4d2c5ecdef/datanode-0/meta/webserver/jetty-0_0_0_0-15009-hdds-container-service-1_4_0-SNAPSHOT_jar-_-any-1381469611651569677/webapp/,AVAILABLE}{jar:file:/home/runner/.m2/repository/org/apache/ozone/hdds-container-service/1.4.0-SNAPSHOT/hdds-container-service-1.4.0-SNAPSHOT.jar!/webapps/hddsDatanode}
2023-06-13 01:49:56,239 [main] INFO  server.AbstractConnector (AbstractConnector.java:doStart(333)) - Started ServerConnector@2b20c226{HTTP/1.1, (http/1.1)}{0.0.0.0:15009}
2023-06-13 01:49:56,240 [main] INFO  server.Server (Server.java:doStart(415)) - Started @10058ms
2023-06-13 01:49:56,240 [main] WARN  impl.MetricsSystemImpl (MetricsSystemImpl.java:register(279)) - Sink prometheus already exists!
2023-06-13 01:49:56,240 [main] INFO  http.BaseHttpServer (BaseHttpServer.java:updateConnectorAddress(344)) - HTTP server of hddsDatanode listening at http://0.0.0.0:15009
2023-06-13 01:49:56,243 [main] INFO  ipc.CallQueueManager (CallQueueManager.java:<init>(90)) - Using callQueue: class java.util.concurrent.LinkedBlockingQueue, queueCapacity: 100, scheduler: class org.apache.hadoop.ipc.DefaultRpcScheduler, ipcBackoff: false.
2023-06-13 01:49:56,244 [Socket Reader #1 for port 15010] INFO  ipc.Server (Server.java:run(1319)) - Starting Socket Reader #1 for port 15010
2023-06-13 01:49:56,249 [Listener at 0.0.0.0/15010] INFO  hdds.HddsUtils (HddsUtils.java:preserveThreadName(848)) - Restoring thread name: main
2023-06-13 01:49:56,249 [main] INFO  ozone.HddsDatanodeService (HddsDatanodeService.java:start(344)) - Datanode start with admins: [runner]
2023-06-13 01:49:56,249 [main] INFO  ozone.HddsDatanodeClientProtocolServer (HddsDatanodeClientProtocolServer.java:start(72)) - RPC server for Client /0.0.0.0:15010
2023-06-13 01:49:56,250 [IPC Server Responder] INFO  ipc.Server (Server.java:run(1558)) - IPC Server Responder: starting
2023-06-13 01:49:56,250 [IPC Server listener on 15010] INFO  ipc.Server (Server.java:run(1398)) - IPC Server listener on 15010: starting
2023-06-13 01:49:56,251 [main] WARN  impl.MetricRegistriesImpl (MetricRegistriesImpl.java:addReporterRegistration(111)) - New reporters are added after registries were created. Some metrics will be missing from the reporter. Please add reporter before adding any new registry.
2023-06-13 01:49:56,251 [main] WARN  impl.MetricRegistriesImpl (MetricRegistriesImpl.java:addReporterRegistration(111)) - New reporters are added after registries were created. Some metrics will be missing from the reporter. Please add reporter before adding any new registry.
2023-06-13 01:49:56,252 [main] INFO  impl.MetricsSystemImpl (MetricsSystemImpl.java:init(158)) - HddsDatanode metrics system started (again)
2023-06-13 01:49:56,258 [Datanode State Machine Daemon Thread] INFO  statemachine.DatanodeStateMachine (DatanodeStateMachine.java:lambda$startDaemon$0(531)) - Ozone container server started.
2023-06-13 01:49:56,268 [main] INFO  ozone.HddsDatanodeService (HddsDatanodeService.java:start(262)) - HddsDatanodeService host:fv-az670-278.vvj1krob40nuzn3jnzu5queufe.phxx.internal.cloudapp.net ip:10.1.0.18
2023-06-13 01:49:56,304 [main] INFO  upgrade.AbstractLayoutVersionManager (AbstractLayoutVersionManager.java:init(83)) - Initializing Layout version manager with metadata layout = HADOOP_PRC_PORTS_IN_DATANODEDETAILS (version = 7), software layout = HADOOP_PRC_PORTS_IN_DATANODEDETAILS (version = 7)
2023-06-13 01:49:56,305 [main] INFO  statemachine.DatanodeStateMachine (DatanodeStateMachine.java:getEndPointTaskThreadPoolSize(279)) - Datanode State Machine Task Thread Pool size 2
2023-06-13 01:49:56,312 [main] INFO  volume.HddsVolume (HddsVolume.java:<init>(130)) - Creating HddsVolume: /home/runner/work/ozone/ozone/hadoop-ozone/integration-test/target/test-dir/MiniOzoneClusterImpl-5f2dcc83-6c9d-45c9-8141-0f4d2c5ecdef/datanode-1/data-0/containers/hdds of storage type : DISK capacity : 9223372036854775807
2023-06-13 01:49:56,313 [main] INFO  volume.MutableVolumeSet (MutableVolumeSet.java:initializeVolumeSet(175)) - Added Volume : /home/runner/work/ozone/ozone/hadoop-ozone/integration-test/target/test-dir/MiniOzoneClusterImpl-5f2dcc83-6c9d-45c9-8141-0f4d2c5ecdef/datanode-1/data-0/containers/hdds to VolumeSet
2023-06-13 01:49:56,313 [main] INFO  volume.ThrottledAsyncChecker (ThrottledAsyncChecker.java:schedule(141)) - Scheduling a check for /home/runner/work/ozone/ozone/hadoop-ozone/integration-test/target/test-dir/MiniOzoneClusterImpl-5f2dcc83-6c9d-45c9-8141-0f4d2c5ecdef/datanode-1/data-0/containers/hdds
2023-06-13 01:49:56,325 [main] INFO  volume.StorageVolumeChecker (StorageVolumeChecker.java:checkAllVolumes(202)) - Scheduled health check for volume /home/runner/work/ozone/ozone/hadoop-ozone/integration-test/target/test-dir/MiniOzoneClusterImpl-5f2dcc83-6c9d-45c9-8141-0f4d2c5ecdef/datanode-1/data-0/containers/hdds
2023-06-13 01:49:56,350 [main] INFO  volume.MutableVolumeSet (MutableVolumeSet.java:initializeVolumeSet(175)) - Added Volume : /home/runner/work/ozone/ozone/hadoop-ozone/integration-test/target/test-dir/MiniOzoneClusterImpl-5f2dcc83-6c9d-45c9-8141-0f4d2c5ecdef/datanode-1/data/ratis to VolumeSet
2023-06-13 01:49:56,352 [main] INFO  volume.ThrottledAsyncChecker (ThrottledAsyncChecker.java:schedule(141)) - Scheduling a check for /home/runner/work/ozone/ozone/hadoop-ozone/integration-test/target/test-dir/MiniOzoneClusterImpl-5f2dcc83-6c9d-45c9-8141-0f4d2c5ecdef/datanode-1/data/ratis
2023-06-13 01:49:56,354 [main] INFO  volume.StorageVolumeChecker (StorageVolumeChecker.java:checkAllVolumes(202)) - Scheduled health check for volume /home/runner/work/ozone/ozone/hadoop-ozone/integration-test/target/test-dir/MiniOzoneClusterImpl-5f2dcc83-6c9d-45c9-8141-0f4d2c5ecdef/datanode-1/data/ratis
2023-06-13 01:49:56,367 [om1@group-C5BA1605619E-FollowerState] INFO  impl.FollowerState (FollowerState.java:run(143)) - om1@group-C5BA1605619E-FollowerState: change to CANDIDATE, lastRpcElapsedTime:1052219790ns, electionTimeout:1043ms
2023-06-13 01:49:56,368 [om1@group-C5BA1605619E-FollowerState] INFO  impl.RoleInfo (RoleInfo.java:shutdownFollowerState(110)) - om1: shutdown om1@group-C5BA1605619E-FollowerState
2023-06-13 01:49:56,369 [om1@group-C5BA1605619E-FollowerState] INFO  server.RaftServer$Division (RaftServerImpl.java:setRole(329)) - om1@group-C5BA1605619E: changes role from  FOLLOWER to CANDIDATE at term 0 for changeToCandidate
2023-06-13 01:49:56,372 [om1@group-C5BA1605619E-FollowerState] INFO  server.RaftServerConfigKeys (ConfUtils.java:logGet(46)) - raft.server.leaderelection.pre-vote = true (default)
2023-06-13 01:49:56,372 [om1@group-C5BA1605619E-FollowerState] INFO  impl.RoleInfo (RoleInfo.java:updateAndGet(139)) - om1: start om1@group-C5BA1605619E-LeaderElection1
2023-06-13 01:49:56,389 [om1@group-C5BA1605619E-LeaderElection1] INFO  impl.LeaderElection (LeaderElection.java:askForVotes(321)) - om1@group-C5BA1605619E-LeaderElection1 PRE_VOTE round 0: submit vote requests at term 0 for -1: peers:[om1|rpc:localhost:15007|priority:0|startupRole:FOLLOWER]|listeners:[], old=null
2023-06-13 01:49:56,390 [om1@group-C5BA1605619E-LeaderElection1] INFO  impl.LeaderElection (LeaderElection.java:askForVotes(323)) - om1@group-C5BA1605619E-LeaderElection1 PRE_VOTE round 0: result PASSED (term=0)
2023-06-13 01:49:56,391 [Datanode State Machine Task Thread - 0] INFO  datanode.InitDatanodeState (InitDatanodeState.java:persistContainerDatanodeDetails(138)) - DatanodeDetails is persisted to /home/runner/work/ozone/ozone/hadoop-ozone/integration-test/target/test-dir/MiniOzoneClusterImpl-5f2dcc83-6c9d-45c9-8141-0f4d2c5ecdef/datanode-0/meta/datanode.id
2023-06-13 01:49:56,389 [Thread-158] INFO  ozoneimpl.ContainerReader (ContainerReader.java:readVolume(175)) - Finish verifying containers on volume /home/runner/work/ozone/ozone/hadoop-ozone/integration-test/target/test-dir/MiniOzoneClusterImpl-5f2dcc83-6c9d-45c9-8141-0f4d2c5ecdef/datanode-1/data-0/containers/hdds
2023-06-13 01:49:56,391 [main] INFO  ozoneimpl.OzoneContainer (OzoneContainer.java:buildContainerSet(316)) - Build ContainerSet costs 0s
2023-06-13 01:49:56,392 [om1@group-C5BA1605619E-LeaderElection1] INFO  impl.LeaderElection (LeaderElection.java:askForVotes(321)) - om1@group-C5BA1605619E-LeaderElection1 ELECTION round 0: submit vote requests at term 1 for -1: peers:[om1|rpc:localhost:15007|priority:0|startupRole:FOLLOWER]|listeners:[], old=null
2023-06-13 01:49:56,392 [om1@group-C5BA1605619E-LeaderElection1] INFO  impl.LeaderElection (LeaderElection.java:askForVotes(323)) - om1@group-C5BA1605619E-LeaderElection1 ELECTION round 0: result PASSED (term=1)
2023-06-13 01:49:56,392 [om1@group-C5BA1605619E-LeaderElection1] INFO  impl.RoleInfo (RoleInfo.java:shutdownLeaderElection(130)) - om1: shutdown om1@group-C5BA1605619E-LeaderElection1
2023-06-13 01:49:56,392 [om1@group-C5BA1605619E-LeaderElection1] INFO  server.RaftServer$Division (RaftServerImpl.java:setRole(329)) - om1@group-C5BA1605619E: changes role from CANDIDATE to LEADER at term 1 for changeToLeader
2023-06-13 01:49:56,394 [om1@group-C5BA1605619E-LeaderElection1] INFO  server.RaftServer$Division (ServerState.java:setLeader(317)) - om1@group-C5BA1605619E: change Leader from null to om1 at term 1 for becomeLeader, leader elected after 2162ms
2023-06-13 01:49:56,399 [main] INFO  server.RaftServer (ConfUtils.java:logGet(46)) - raft.rpc.type = GRPC (default)
2023-06-13 01:49:56,400 [om1@group-C5BA1605619E-LeaderElection1] INFO  server.RaftServerConfigKeys (ConfUtils.java:logGet(46)) - raft.server.staging.catchup.gap = 1000 (default)
2023-06-13 01:49:56,401 [main] INFO  grpc.GrpcConfigKeys (ConfUtils.java:logFallback(53)) - raft.grpc.admin.host = null (fallback to raft.grpc.server.host)
2023-06-13 01:49:56,401 [main] INFO  grpc.GrpcConfigKeys (ConfUtils.java:logGet(46)) - raft.grpc.admin.port = 15022 (custom)
2023-06-13 01:49:56,401 [main] INFO  grpc.GrpcConfigKeys (ConfUtils.java:logFallback(53)) - raft.grpc.client.host = null (fallback to raft.grpc.server.host)
2023-06-13 01:49:56,404 [om1@group-C5BA1605619E-LeaderElection1] INFO  server.RaftServerConfigKeys (ConfUtils.java:logGet(46)) - raft.server.write.element-limit = 4096 (default)
2023-06-13 01:49:56,405 [om1@group-C5BA1605619E-LeaderElection1] INFO  server.RaftServerConfigKeys (ConfUtils.java:logGet(46)) - raft.server.write.byte-limit = 64MB (=67108864) (default)
2023-06-13 01:49:56,407 [main] INFO  grpc.GrpcConfigKeys (ConfUtils.java:logGet(46)) - raft.grpc.client.port = 15021 (custom)
2023-06-13 01:49:56,407 [main] INFO  grpc.GrpcConfigKeys (ConfUtils.java:logGet(46)) - raft.grpc.server.host = null (default)
2023-06-13 01:49:56,407 [main] INFO  grpc.GrpcConfigKeys (ConfUtils.java:logGet(46)) - raft.grpc.server.port = 15023 (custom)
2023-06-13 01:49:56,408 [main] INFO  server.GrpcService (ConfUtils.java:logGet(46)) - raft.grpc.message.size.max = 32MB (=33554432) (custom)
2023-06-13 01:49:56,408 [main] INFO  server.RaftServerConfigKeys (ConfUtils.java:logGet(46)) - raft.server.log.appender.buffer.byte-limit = 33554432 (custom)
2023-06-13 01:49:56,408 [main] INFO  server.GrpcService (ConfUtils.java:logGet(46)) - raft.grpc.flow.control.window = 5MB (=5242880) (custom)
2023-06-13 01:49:56,408 [om1@group-C5BA1605619E-LeaderElection1] INFO  server.RaftServerConfigKeys (ConfUtils.java:logGet(46)) - raft.server.watch.timeout = 10s (default)
2023-06-13 01:49:56,408 [om1@group-C5BA1605619E-LeaderElection1] INFO  server.RaftServerConfigKeys (ConfUtils.java:logGet(46)) - raft.server.watch.timeout.denomination = 1s (default)
2023-06-13 01:49:56,408 [main] INFO  server.RaftServerConfigKeys (ConfUtils.java:logGet(46)) - raft.server.rpc.request.timeout = 60s (custom)
2023-06-13 01:49:56,409 [om1@group-C5BA1605619E-LeaderElection1] INFO  server.RaftServerConfigKeys (ConfUtils.java:logGet(46)) - raft.server.watch.element-limit = 65536 (default)
2023-06-13 01:49:56,409 [main] INFO  grpc.GrpcConfigKeys (ConfUtils.java:logGet(46)) - raft.grpc.server.heartbeat.channel = true (default)
2023-06-13 01:49:56,409 [main] INFO  grpc.GrpcConfigKeys (ConfUtils.java:logGet(46)) - raft.grpc.server.async.request.thread.pool.cached = true (default)
2023-06-13 01:49:56,409 [main] INFO  grpc.GrpcConfigKeys (ConfUtils.java:logGet(46)) - raft.grpc.server.async.request.thread.pool.size = 32 (default)
2023-06-13 01:49:56,413 [om1@group-C5BA1605619E-LeaderElection1] INFO  server.RaftServerConfigKeys (ConfUtils.java:logGet(46)) - raft.server.write.element-limit = 4096 (default)
2023-06-13 01:49:56,414 [om1@group-C5BA1605619E-LeaderElection1] INFO  server.RaftServerConfigKeys (ConfUtils.java:logGet(46)) - raft.server.write.follower.gap.ratio.max = -1.0 (default)
2023-06-13 01:49:56,416 [om1@group-C5BA1605619E-LeaderElection1] INFO  impl.RoleInfo (RoleInfo.java:updateAndGet(139)) - om1: start om1@group-C5BA1605619E-LeaderStateImpl
2023-06-13 01:49:56,417 [main] INFO  impl.DataStreamServerImpl (ConfUtils.java:logGet(46)) - raft.datastream.type = NETTY (custom)
2023-06-13 01:49:56,419 [main] INFO  server.RaftServerConfigKeys (ConfUtils.java:logGet(46)) - raft.server.data-stream.async.request.thread.pool.cached = false (default)
2023-06-13 01:49:56,419 [main] INFO  server.RaftServerConfigKeys (ConfUtils.java:logGet(46)) - raft.server.data-stream.async.request.thread.pool.size = 20 (custom)
2023-06-13 01:49:56,420 [main] INFO  server.RaftServerConfigKeys (ConfUtils.java:logGet(46)) - raft.server.data-stream.async.write.thread.pool.size = 16 (default)
2023-06-13 01:49:56,420 [main] INFO  server.RaftServerConfigKeys (ConfUtils.java:logGet(46)) - raft.server.data-stream.client.pool.size = 10 (default)
2023-06-13 01:49:56,420 [main] INFO  netty.NettyConfigKeys$DataStream (ConfUtils.java:logGet(46)) - raft.netty.dataStream.server.use-epoll = false (default)
2023-06-13 01:49:56,420 [main] INFO  netty.NettyConfigKeys$DataStream (ConfUtils.java:logGet(46)) - raft.netty.dataStream.server.boss-group.size = 0 (default)
2023-06-13 01:49:56,422 [main] INFO  netty.NettyConfigKeys$DataStream (ConfUtils.java:logGet(46)) - raft.netty.dataStream.server.worker-group.size = 0 (default)
2023-06-13 01:49:56,423 [main] INFO  netty.NettyConfigKeys$DataStream (ConfUtils.java:logGet(46)) - raft.netty.dataStream.server.tls.conf = null (default)
2023-06-13 01:49:56,423 [main] INFO  netty.NettyConfigKeys$DataStream (ConfUtils.java:logGet(46)) - raft.netty.dataStream.host = null (default)
2023-06-13 01:49:56,423 [main] INFO  netty.NettyConfigKeys$DataStream (ConfUtils.java:logGet(46)) - raft.netty.dataStream.port = 15024 (custom)
2023-06-13 01:49:56,428 [main] INFO  server.RaftServerConfigKeys (ConfUtils.java:logGet(46)) - raft.server.threadpool.proxy.cached = true (default)
2023-06-13 01:49:56,429 [main] INFO  server.RaftServerConfigKeys (ConfUtils.java:logGet(46)) - raft.server.threadpool.proxy.size = 0 (default)
2023-06-13 01:49:56,429 [main] INFO  server.RaftServerConfigKeys (ConfUtils.java:logGet(46)) - raft.server.rpc.slowness.timeout = 300s (custom)
2023-06-13 01:49:56,429 [main] INFO  server.RaftServerConfigKeys (ConfUtils.java:logGet(46)) - raft.server.leaderelection.leader.step-down.wait-time = 10s (default)
2023-06-13 01:49:56,429 [main] INFO  server.RaftServerConfigKeys (ConfUtils.java:logGet(46)) - raft.server.storage.dir = [/home/runner/work/ozone/ozone/hadoop-ozone/integration-test/target/test-dir/MiniOzoneClusterImpl-5f2dcc83-6c9d-45c9-8141-0f4d2c5ecdef/datanode-1/data/ratis] (custom)
2023-06-13 01:49:56,433 [f3f9e814-e788-48e2-bdc0-593c71648247-NettyServerStreamRpc-bossGroup--thread1] INFO  logging.LoggingHandler (AbstractInternalLogger.java:log(148)) - [id: 0x1d6c20aa] REGISTERED
2023-06-13 01:49:56,434 [f3f9e814-e788-48e2-bdc0-593c71648247-NettyServerStreamRpc-bossGroup--thread1] INFO  logging.LoggingHandler (AbstractInternalLogger.java:log(148)) - [id: 0x1d6c20aa] BIND: 0.0.0.0/0.0.0.0:15024
2023-06-13 01:49:56,434 [f3f9e814-e788-48e2-bdc0-593c71648247-NettyServerStreamRpc-bossGroup--thread1] INFO  logging.LoggingHandler (AbstractInternalLogger.java:log(148)) - [id: 0x1d6c20aa, L:/0:0:0:0:0:0:0:0:15024] ACTIVE
2023-06-13 01:49:56,437 [main] INFO  server.XceiverServerGrpc (XceiverServerGrpc.java:<init>(132)) - GrpcServer channel type EpollServerSocketChannel
2023-06-13 01:49:56,442 [main] INFO  replication.ReplicationSupervisor (ReplicationSupervisor.java:nodeStateUpdated(305)) - Node state updated to IN_SERVICE, scaling executor pool size to 10
2023-06-13 01:49:56,447 [main] INFO  http.BaseHttpServer (BaseHttpServer.java:newHttpServer2BuilderForOzone(224)) - Starting Web-server for hddsDatanode at: http://0.0.0.0:15018
2023-06-13 01:49:56,448 [main] INFO  http.BaseHttpServer (BaseHttpServer.java:<init>(111)) - Hadoop Security Enabled: false Ozone Security Enabled: false Ozone HTTP Security Enabled: false 
2023-06-13 01:49:56,449 [main] WARN  server.AuthenticationFilter (AuthenticationFilter.java:constructSecretProvider(240)) - Unable to initialize FileSignerSecretProvider, falling back to use random secrets. Reason: Could not read signature secret file: /home/runner/hadoop-http-auth-signature-secret
2023-06-13 01:49:56,445 [om1@group-C5BA1605619E-LeaderElection1] INFO  segmented.SegmentedRaftLogWorker (SegmentedRaftLogWorker.java:startLogSegment(447)) - om1@group-C5BA1605619E-SegmentedRaftLogWorker: Starting segment from index:0
2023-06-13 01:49:56,452 [main] INFO  http.HttpRequestLog (HttpRequestLog.java:getRequestLog(86)) - Http request log for http.requests.hddsDatanode is not defined
2023-06-13 01:49:56,456 [main] INFO  http.HttpServer2 (HttpServer2.java:addGlobalFilter(1031)) - Added global filter 'safety' (class=org.apache.hadoop.hdds.server.http.HttpServer2$QuotingInputFilter)
2023-06-13 01:49:56,458 [main] INFO  http.HttpServer2 (HttpServer2.java:addFilter(1007)) - Added filter static_user_filter (class=org.apache.hadoop.http.lib.StaticUserWebFilter$StaticUserFilter) to context hddsDatanode
2023-06-13 01:49:56,458 [main] INFO  http.HttpServer2 (HttpServer2.java:addFilter(1015)) - Added filter static_user_filter (class=org.apache.hadoop.http.lib.StaticUserWebFilter$StaticUserFilter) to context logs
2023-06-13 01:49:56,458 [main] INFO  http.HttpServer2 (HttpServer2.java:addFilter(1015)) - Added filter static_user_filter (class=org.apache.hadoop.http.lib.StaticUserWebFilter$StaticUserFilter) to context static
2023-06-13 01:49:56,460 [main] INFO  http.BaseHttpServer (BaseHttpServer.java:<init>(190)) - HTTP server of hddsDatanode uses base directory /home/runner/work/ozone/ozone/hadoop-ozone/integration-test/target/test-dir/MiniOzoneClusterImpl-5f2dcc83-6c9d-45c9-8141-0f4d2c5ecdef/datanode-1/meta/webserver
2023-06-13 01:49:56,460 [main] INFO  http.HttpServer2 (HttpServer2.java:bindListener(1250)) - Jetty bound to port 15018
2023-06-13 01:49:56,460 [main] INFO  server.Server (Server.java:doStart(375)) - jetty-9.4.51.v20230217; built: 2023-02-17T08:19:37.309Z; git: b45c405e4544384de066f814ed42ae3dceacdd49; jvm 1.8.0_372-b07
2023-06-13 01:49:56,462 [main] INFO  server.session (DefaultSessionIdManager.java:doStart(334)) - DefaultSessionIdManager workerName=node0
2023-06-13 01:49:56,465 [main] INFO  server.session (DefaultSessionIdManager.java:doStart(339)) - No SessionScavenger set, using defaults
2023-06-13 01:49:56,466 [main] INFO  server.session (HouseKeeper.java:startScavenging(132)) - node0 Scavenging every 660000ms
2023-06-13 01:49:56,469 [main] INFO  handler.ContextHandler (ContextHandler.java:doStart(921)) - Started o.e.j.s.ServletContextHandler@45f80a0a{logs,/logs,file:///home/runner/work/ozone/ozone/hadoop-ozone/integration-test/target/log,AVAILABLE}
2023-06-13 01:49:56,470 [main] INFO  handler.ContextHandler (ContextHandler.java:doStart(921)) - Started o.e.j.s.ServletContextHandler@3b91f637{static,/static,jar:file:/home/runner/.m2/repository/org/apache/ozone/hdds-container-service/1.4.0-SNAPSHOT/hdds-container-service-1.4.0-SNAPSHOT.jar!/webapps/static,AVAILABLE}
2023-06-13 01:49:56,554 [om1@group-C5BA1605619E-LeaderElection1] INFO  server.RaftServer$Division (ServerState.java:setRaftConf(434)) - om1@group-C5BA1605619E: set configuration 0: peers:[om1|rpc:localhost:15007|admin:|client:|dataStream:|priority:0|startupRole:FOLLOWER]|listeners:[], old=null
2023-06-13 01:49:56,618 [om1@group-C5BA1605619E-SegmentedRaftLogWorker] INFO  segmented.SegmentedRaftLogWorker (SegmentedRaftLogWorker.java:execute(651)) - om1@group-C5BA1605619E-SegmentedRaftLogWorker: created new log segment /home/runner/work/ozone/ozone/hadoop-ozone/integration-test/target/test-dir/MiniOzoneClusterImpl-5f2dcc83-6c9d-45c9-8141-0f4d2c5ecdef/ozone-meta/ratis/bf265839-605b-3f16-9796-c5ba1605619e/current/log_inprogress_0
2023-06-13 01:49:56,730 [main] INFO  handler.ContextHandler (ContextHandler.java:doStart(921)) - Started o.e.j.w.WebAppContext@58a9b1b9{hddsDatanode,/,file:///home/runner/work/ozone/ozone/hadoop-ozone/integration-test/target/test-dir/MiniOzoneClusterImpl-5f2dcc83-6c9d-45c9-8141-0f4d2c5ecdef/datanode-1/meta/webserver/jetty-0_0_0_0-15018-hdds-container-service-1_4_0-SNAPSHOT_jar-_-any-2955204608173006983/webapp/,AVAILABLE}{jar:file:/home/runner/.m2/repository/org/apache/ozone/hdds-container-service/1.4.0-SNAPSHOT/hdds-container-service-1.4.0-SNAPSHOT.jar!/webapps/hddsDatanode}
2023-06-13 01:49:56,732 [main] INFO  server.AbstractConnector (AbstractConnector.java:doStart(333)) - Started ServerConnector@4afbbe76{HTTP/1.1, (http/1.1)}{0.0.0.0:15018}
2023-06-13 01:49:56,732 [main] INFO  server.Server (Server.java:doStart(415)) - Started @10550ms
2023-06-13 01:49:56,732 [main] WARN  impl.MetricsSystemImpl (MetricsSystemImpl.java:register(279)) - Sink prometheus already exists!
2023-06-13 01:49:56,733 [main] INFO  http.BaseHttpServer (BaseHttpServer.java:updateConnectorAddress(344)) - HTTP server of hddsDatanode listening at http://0.0.0.0:15018
2023-06-13 01:49:56,734 [main] INFO  ipc.CallQueueManager (CallQueueManager.java:<init>(90)) - Using callQueue: class java.util.concurrent.LinkedBlockingQueue, queueCapacity: 100, scheduler: class org.apache.hadoop.ipc.DefaultRpcScheduler, ipcBackoff: false.
2023-06-13 01:49:56,734 [Socket Reader #1 for port 15019] INFO  ipc.Server (Server.java:run(1319)) - Starting Socket Reader #1 for port 15019
2023-06-13 01:49:56,739 [Listener at 0.0.0.0/15019] INFO  hdds.HddsUtils (HddsUtils.java:preserveThreadName(848)) - Restoring thread name: main
2023-06-13 01:49:56,741 [main] INFO  ozone.HddsDatanodeService (HddsDatanodeService.java:start(344)) - Datanode start with admins: [runner]
2023-06-13 01:49:56,741 [main] INFO  ozone.HddsDatanodeClientProtocolServer (HddsDatanodeClientProtocolServer.java:start(72)) - RPC server for Client /0.0.0.0:15019
2023-06-13 01:49:56,742 [IPC Server Responder] INFO  ipc.Server (Server.java:run(1558)) - IPC Server Responder: starting
2023-06-13 01:49:56,742 [IPC Server listener on 15019] INFO  ipc.Server (Server.java:run(1398)) - IPC Server listener on 15019: starting
2023-06-13 01:49:56,742 [main] WARN  impl.MetricRegistriesImpl (MetricRegistriesImpl.java:addReporterRegistration(111)) - New reporters are added after registries were created. Some metrics will be missing from the reporter. Please add reporter before adding any new registry.
2023-06-13 01:49:56,743 [main] WARN  impl.MetricRegistriesImpl (MetricRegistriesImpl.java:addReporterRegistration(111)) - New reporters are added after registries were created. Some metrics will be missing from the reporter. Please add reporter before adding any new registry.
2023-06-13 01:49:56,743 [main] INFO  impl.MetricsSystemImpl (MetricsSystemImpl.java:init(158)) - HddsDatanode metrics system started (again)
2023-06-13 01:49:56,749 [Datanode State Machine Daemon Thread] INFO  statemachine.DatanodeStateMachine (DatanodeStateMachine.java:lambda$startDaemon$0(531)) - Ozone container server started.
2023-06-13 01:49:56,765 [main] INFO  ozone.HddsDatanodeService (HddsDatanodeService.java:start(262)) - HddsDatanodeService host:fv-az670-278.vvj1krob40nuzn3jnzu5queufe.phxx.internal.cloudapp.net ip:10.1.0.18
2023-06-13 01:49:56,767 [Datanode State Machine Task Thread - 0] INFO  datanode.InitDatanodeState (InitDatanodeState.java:persistContainerDatanodeDetails(138)) - DatanodeDetails is persisted to /home/runner/work/ozone/ozone/hadoop-ozone/integration-test/target/test-dir/MiniOzoneClusterImpl-5f2dcc83-6c9d-45c9-8141-0f4d2c5ecdef/datanode-1/meta/datanode.id
2023-06-13 01:49:56,783 [om1@group-C5BA1605619E-StateMachineUpdater] INFO  ratis.OzoneManagerStateMachine (OzoneManagerStateMachine.java:notifyConfigurationChanged(201)) - Received Configuration change notification from Ratis. New Peer list:
[id: "om1"
address: "localhost:15007"
startupRole: FOLLOWER
]
2023-06-13 01:49:56,793 [main] INFO  upgrade.AbstractLayoutVersionManager (AbstractLayoutVersionManager.java:init(83)) - Initializing Layout version manager with metadata layout = HADOOP_PRC_PORTS_IN_DATANODEDETAILS (version = 7), software layout = HADOOP_PRC_PORTS_IN_DATANODEDETAILS (version = 7)
2023-06-13 01:49:56,794 [main] INFO  statemachine.DatanodeStateMachine (DatanodeStateMachine.java:getEndPointTaskThreadPoolSize(279)) - Datanode State Machine Task Thread Pool size 2
2023-06-13 01:49:56,796 [main] INFO  volume.HddsVolume (HddsVolume.java:<init>(130)) - Creating HddsVolume: /home/runner/work/ozone/ozone/hadoop-ozone/integration-test/target/test-dir/MiniOzoneClusterImpl-5f2dcc83-6c9d-45c9-8141-0f4d2c5ecdef/datanode-2/data-0/containers/hdds of storage type : DISK capacity : 9223372036854775807
2023-06-13 01:49:56,796 [main] INFO  volume.MutableVolumeSet (MutableVolumeSet.java:initializeVolumeSet(175)) - Added Volume : /home/runner/work/ozone/ozone/hadoop-ozone/integration-test/target/test-dir/MiniOzoneClusterImpl-5f2dcc83-6c9d-45c9-8141-0f4d2c5ecdef/datanode-2/data-0/containers/hdds to VolumeSet
2023-06-13 01:49:56,796 [main] INFO  volume.ThrottledAsyncChecker (ThrottledAsyncChecker.java:schedule(141)) - Scheduling a check for /home/runner/work/ozone/ozone/hadoop-ozone/integration-test/target/test-dir/MiniOzoneClusterImpl-5f2dcc83-6c9d-45c9-8141-0f4d2c5ecdef/datanode-2/data-0/containers/hdds
2023-06-13 01:49:56,801 [main] INFO  volume.StorageVolumeChecker (StorageVolumeChecker.java:checkAllVolumes(202)) - Scheduled health check for volume /home/runner/work/ozone/ozone/hadoop-ozone/integration-test/target/test-dir/MiniOzoneClusterImpl-5f2dcc83-6c9d-45c9-8141-0f4d2c5ecdef/datanode-2/data-0/containers/hdds
2023-06-13 01:49:56,812 [main] INFO  volume.MutableVolumeSet (MutableVolumeSet.java:initializeVolumeSet(175)) - Added Volume : /home/runner/work/ozone/ozone/hadoop-ozone/integration-test/target/test-dir/MiniOzoneClusterImpl-5f2dcc83-6c9d-45c9-8141-0f4d2c5ecdef/datanode-2/data/ratis to VolumeSet
2023-06-13 01:49:56,813 [main] INFO  volume.ThrottledAsyncChecker (ThrottledAsyncChecker.java:schedule(141)) - Scheduling a check for /home/runner/work/ozone/ozone/hadoop-ozone/integration-test/target/test-dir/MiniOzoneClusterImpl-5f2dcc83-6c9d-45c9-8141-0f4d2c5ecdef/datanode-2/data/ratis
2023-06-13 01:49:56,813 [main] INFO  volume.StorageVolumeChecker (StorageVolumeChecker.java:checkAllVolumes(202)) - Scheduled health check for volume /home/runner/work/ozone/ozone/hadoop-ozone/integration-test/target/test-dir/MiniOzoneClusterImpl-5f2dcc83-6c9d-45c9-8141-0f4d2c5ecdef/datanode-2/data/ratis
2023-06-13 01:49:56,823 [Thread-176] INFO  ozoneimpl.ContainerReader (ContainerReader.java:readVolume(175)) - Finish verifying containers on volume /home/runner/work/ozone/ozone/hadoop-ozone/integration-test/target/test-dir/MiniOzoneClusterImpl-5f2dcc83-6c9d-45c9-8141-0f4d2c5ecdef/datanode-2/data-0/containers/hdds
2023-06-13 01:49:56,824 [main] INFO  ozoneimpl.OzoneContainer (OzoneContainer.java:buildContainerSet(316)) - Build ContainerSet costs 0s
2023-06-13 01:49:56,827 [main] INFO  server.RaftServer (ConfUtils.java:logGet(46)) - raft.rpc.type = GRPC (default)
2023-06-13 01:49:56,827 [main] INFO  grpc.GrpcConfigKeys (ConfUtils.java:logFallback(53)) - raft.grpc.admin.host = null (fallback to raft.grpc.server.host)
2023-06-13 01:49:56,827 [main] INFO  grpc.GrpcConfigKeys (ConfUtils.java:logGet(46)) - raft.grpc.admin.port = 15031 (custom)
2023-06-13 01:49:56,827 [main] INFO  grpc.GrpcConfigKeys (ConfUtils.java:logFallback(53)) - raft.grpc.client.host = null (fallback to raft.grpc.server.host)
2023-06-13 01:49:56,827 [main] INFO  grpc.GrpcConfigKeys (ConfUtils.java:logGet(46)) - raft.grpc.client.port = 15030 (custom)
2023-06-13 01:49:56,827 [main] INFO  grpc.GrpcConfigKeys (ConfUtils.java:logGet(46)) - raft.grpc.server.host = null (default)
2023-06-13 01:49:56,828 [main] INFO  grpc.GrpcConfigKeys (ConfUtils.java:logGet(46)) - raft.grpc.server.port = 15032 (custom)
2023-06-13 01:49:56,828 [main] INFO  server.GrpcService (ConfUtils.java:logGet(46)) - raft.grpc.message.size.max = 32MB (=33554432) (custom)
2023-06-13 01:49:56,828 [main] INFO  server.RaftServerConfigKeys (ConfUtils.java:logGet(46)) - raft.server.log.appender.buffer.byte-limit = 33554432 (custom)
2023-06-13 01:49:56,828 [main] INFO  server.GrpcService (ConfUtils.java:logGet(46)) - raft.grpc.flow.control.window = 5MB (=5242880) (custom)
2023-06-13 01:49:56,828 [main] INFO  server.RaftServerConfigKeys (ConfUtils.java:logGet(46)) - raft.server.rpc.request.timeout = 60s (custom)
2023-06-13 01:49:56,828 [main] INFO  grpc.GrpcConfigKeys (ConfUtils.java:logGet(46)) - raft.grpc.server.heartbeat.channel = true (default)
2023-06-13 01:49:56,828 [main] INFO  grpc.GrpcConfigKeys (ConfUtils.java:logGet(46)) - raft.grpc.server.async.request.thread.pool.cached = true (default)
2023-06-13 01:49:56,828 [main] INFO  grpc.GrpcConfigKeys (ConfUtils.java:logGet(46)) - raft.grpc.server.async.request.thread.pool.size = 32 (default)
2023-06-13 01:49:56,830 [main] INFO  impl.DataStreamServerImpl (ConfUtils.java:logGet(46)) - raft.datastream.type = NETTY (custom)
2023-06-13 01:49:56,831 [main] INFO  server.RaftServerConfigKeys (ConfUtils.java:logGet(46)) - raft.server.data-stream.async.request.thread.pool.cached = false (default)
2023-06-13 01:49:56,831 [main] INFO  server.RaftServerConfigKeys (ConfUtils.java:logGet(46)) - raft.server.data-stream.async.request.thread.pool.size = 20 (custom)
2023-06-13 01:49:56,831 [main] INFO  server.RaftServerConfigKeys (ConfUtils.java:logGet(46)) - raft.server.data-stream.async.write.thread.pool.size = 16 (default)
2023-06-13 01:49:56,831 [main] INFO  server.RaftServerConfigKeys (ConfUtils.java:logGet(46)) - raft.server.data-stream.client.pool.size = 10 (default)
2023-06-13 01:49:56,831 [main] INFO  netty.NettyConfigKeys$DataStream (ConfUtils.java:logGet(46)) - raft.netty.dataStream.server.use-epoll = false (default)
2023-06-13 01:49:56,831 [main] INFO  netty.NettyConfigKeys$DataStream (ConfUtils.java:logGet(46)) - raft.netty.dataStream.server.boss-group.size = 0 (default)
2023-06-13 01:49:56,832 [main] INFO  netty.NettyConfigKeys$DataStream (ConfUtils.java:logGet(46)) - raft.netty.dataStream.server.worker-group.size = 0 (default)
2023-06-13 01:49:56,832 [main] INFO  netty.NettyConfigKeys$DataStream (ConfUtils.java:logGet(46)) - raft.netty.dataStream.server.tls.conf = null (default)
2023-06-13 01:49:56,832 [main] INFO  netty.NettyConfigKeys$DataStream (ConfUtils.java:logGet(46)) - raft.netty.dataStream.host = null (default)
2023-06-13 01:49:56,832 [main] INFO  netty.NettyConfigKeys$DataStream (ConfUtils.java:logGet(46)) - raft.netty.dataStream.port = 15033 (custom)
2023-06-13 01:49:56,833 [main] INFO  server.RaftServerConfigKeys (ConfUtils.java:logGet(46)) - raft.server.threadpool.proxy.cached = true (default)
2023-06-13 01:49:56,833 [main] INFO  server.RaftServerConfigKeys (ConfUtils.java:logGet(46)) - raft.server.threadpool.proxy.size = 0 (default)
2023-06-13 01:49:56,833 [main] INFO  server.RaftServerConfigKeys (ConfUtils.java:logGet(46)) - raft.server.rpc.slowness.timeout = 300s (custom)
2023-06-13 01:49:56,833 [main] INFO  server.RaftServerConfigKeys (ConfUtils.java:logGet(46)) - raft.server.leaderelection.leader.step-down.wait-time = 10s (default)
2023-06-13 01:49:56,833 [main] INFO  server.RaftServerConfigKeys (ConfUtils.java:logGet(46)) - raft.server.storage.dir = [/home/runner/work/ozone/ozone/hadoop-ozone/integration-test/target/test-dir/MiniOzoneClusterImpl-5f2dcc83-6c9d-45c9-8141-0f4d2c5ecdef/datanode-2/data/ratis] (custom)
2023-06-13 01:49:56,835 [3ffa4cce-b7d6-4a2e-8013-f08ece989394-NettyServerStreamRpc-bossGroup--thread1] INFO  logging.LoggingHandler (AbstractInternalLogger.java:log(148)) - [id: 0x4506cd46] REGISTERED
2023-06-13 01:49:56,835 [3ffa4cce-b7d6-4a2e-8013-f08ece989394-NettyServerStreamRpc-bossGroup--thread1] INFO  logging.LoggingHandler (AbstractInternalLogger.java:log(148)) - [id: 0x4506cd46] BIND: 0.0.0.0/0.0.0.0:15033
2023-06-13 01:49:56,835 [3ffa4cce-b7d6-4a2e-8013-f08ece989394-NettyServerStreamRpc-bossGroup--thread1] INFO  logging.LoggingHandler (AbstractInternalLogger.java:log(148)) - [id: 0x4506cd46, L:/0:0:0:0:0:0:0:0:15033] ACTIVE
2023-06-13 01:49:56,836 [main] INFO  server.XceiverServerGrpc (XceiverServerGrpc.java:<init>(132)) - GrpcServer channel type EpollServerSocketChannel
2023-06-13 01:49:56,840 [main] INFO  replication.ReplicationSupervisor (ReplicationSupervisor.java:nodeStateUpdated(305)) - Node state updated to IN_SERVICE, scaling executor pool size to 10
2023-06-13 01:49:56,841 [main] INFO  http.BaseHttpServer (BaseHttpServer.java:newHttpServer2BuilderForOzone(224)) - Starting Web-server for hddsDatanode at: http://0.0.0.0:15027
2023-06-13 01:49:56,842 [main] INFO  http.BaseHttpServer (BaseHttpServer.java:<init>(111)) - Hadoop Security Enabled: false Ozone Security Enabled: false Ozone HTTP Security Enabled: false 
2023-06-13 01:49:56,843 [main] WARN  server.AuthenticationFilter (AuthenticationFilter.java:constructSecretProvider(240)) - Unable to initialize FileSignerSecretProvider, falling back to use random secrets. Reason: Could not read signature secret file: /home/runner/hadoop-http-auth-signature-secret
2023-06-13 01:49:56,844 [main] INFO  http.HttpRequestLog (HttpRequestLog.java:getRequestLog(86)) - Http request log for http.requests.hddsDatanode is not defined
2023-06-13 01:49:56,845 [main] INFO  http.HttpServer2 (HttpServer2.java:addGlobalFilter(1031)) - Added global filter 'safety' (class=org.apache.hadoop.hdds.server.http.HttpServer2$QuotingInputFilter)
2023-06-13 01:49:56,846 [main] INFO  http.HttpServer2 (HttpServer2.java:addFilter(1007)) - Added filter static_user_filter (class=org.apache.hadoop.http.lib.StaticUserWebFilter$StaticUserFilter) to context hddsDatanode
2023-06-13 01:49:56,846 [main] INFO  http.HttpServer2 (HttpServer2.java:addFilter(1015)) - Added filter static_user_filter (class=org.apache.hadoop.http.lib.StaticUserWebFilter$StaticUserFilter) to context logs
2023-06-13 01:49:56,846 [main] INFO  http.HttpServer2 (HttpServer2.java:addFilter(1015)) - Added filter static_user_filter (class=org.apache.hadoop.http.lib.StaticUserWebFilter$StaticUserFilter) to context static
2023-06-13 01:49:56,847 [main] INFO  http.BaseHttpServer (BaseHttpServer.java:<init>(190)) - HTTP server of hddsDatanode uses base directory /home/runner/work/ozone/ozone/hadoop-ozone/integration-test/target/test-dir/MiniOzoneClusterImpl-5f2dcc83-6c9d-45c9-8141-0f4d2c5ecdef/datanode-2/meta/webserver
2023-06-13 01:49:56,847 [main] INFO  http.HttpServer2 (HttpServer2.java:bindListener(1250)) - Jetty bound to port 15027
2023-06-13 01:49:56,847 [main] INFO  server.Server (Server.java:doStart(375)) - jetty-9.4.51.v20230217; built: 2023-02-17T08:19:37.309Z; git: b45c405e4544384de066f814ed42ae3dceacdd49; jvm 1.8.0_372-b07
2023-06-13 01:49:56,853 [main] INFO  server.session (DefaultSessionIdManager.java:doStart(334)) - DefaultSessionIdManager workerName=node0
2023-06-13 01:49:56,855 [main] INFO  server.session (DefaultSessionIdManager.java:doStart(339)) - No SessionScavenger set, using defaults
2023-06-13 01:49:56,855 [main] INFO  server.session (HouseKeeper.java:startScavenging(132)) - node0 Scavenging every 600000ms
2023-06-13 01:49:56,859 [main] INFO  handler.ContextHandler (ContextHandler.java:doStart(921)) - Started o.e.j.s.ServletContextHandler@113c8c87{logs,/logs,file:///home/runner/work/ozone/ozone/hadoop-ozone/integration-test/target/log,AVAILABLE}
2023-06-13 01:49:56,860 [main] INFO  handler.ContextHandler (ContextHandler.java:doStart(921)) - Started o.e.j.s.ServletContextHandler@4e4a5f25{static,/static,jar:file:/home/runner/.m2/repository/org/apache/ozone/hdds-container-service/1.4.0-SNAPSHOT/hdds-container-service-1.4.0-SNAPSHOT.jar!/webapps/static,AVAILABLE}
2023-06-13 01:49:57,060 [main] INFO  handler.ContextHandler (ContextHandler.java:doStart(921)) - Started o.e.j.w.WebAppContext@1564d5de{hddsDatanode,/,file:///home/runner/work/ozone/ozone/hadoop-ozone/integration-test/target/test-dir/MiniOzoneClusterImpl-5f2dcc83-6c9d-45c9-8141-0f4d2c5ecdef/datanode-2/meta/webserver/jetty-0_0_0_0-15027-hdds-container-service-1_4_0-SNAPSHOT_jar-_-any-6803360845113201524/webapp/,AVAILABLE}{jar:file:/home/runner/.m2/repository/org/apache/ozone/hdds-container-service/1.4.0-SNAPSHOT/hdds-container-service-1.4.0-SNAPSHOT.jar!/webapps/hddsDatanode}
2023-06-13 01:49:57,061 [main] INFO  server.AbstractConnector (AbstractConnector.java:doStart(333)) - Started ServerConnector@1d4d81f1{HTTP/1.1, (http/1.1)}{0.0.0.0:15027}
2023-06-13 01:49:57,062 [main] INFO  server.Server (Server.java:doStart(415)) - Started @10880ms
2023-06-13 01:49:57,062 [main] WARN  impl.MetricsSystemImpl (MetricsSystemImpl.java:register(279)) - Sink prometheus already exists!
2023-06-13 01:49:57,062 [main] INFO  http.BaseHttpServer (BaseHttpServer.java:updateConnectorAddress(344)) - HTTP server of hddsDatanode listening at http://0.0.0.0:15027
2023-06-13 01:49:57,063 [main] INFO  ipc.CallQueueManager (CallQueueManager.java:<init>(90)) - Using callQueue: class java.util.concurrent.LinkedBlockingQueue, queueCapacity: 100, scheduler: class org.apache.hadoop.ipc.DefaultRpcScheduler, ipcBackoff: false.
2023-06-13 01:49:57,063 [Socket Reader #1 for port 15028] INFO  ipc.Server (Server.java:run(1319)) - Starting Socket Reader #1 for port 15028
2023-06-13 01:49:57,067 [Listener at 0.0.0.0/15028] INFO  hdds.HddsUtils (HddsUtils.java:preserveThreadName(848)) - Restoring thread name: main
2023-06-13 01:49:57,068 [main] INFO  ozone.HddsDatanodeService (HddsDatanodeService.java:start(344)) - Datanode start with admins: [runner]
2023-06-13 01:49:57,068 [main] INFO  ozone.HddsDatanodeClientProtocolServer (HddsDatanodeClientProtocolServer.java:start(72)) - RPC server for Client /0.0.0.0:15028
2023-06-13 01:49:57,068 [IPC Server Responder] INFO  ipc.Server (Server.java:run(1558)) - IPC Server Responder: starting
2023-06-13 01:49:57,068 [IPC Server listener on 15028] INFO  ipc.Server (Server.java:run(1398)) - IPC Server listener on 15028: starting
2023-06-13 01:49:57,073 [main] INFO  ozone.MiniOzoneClusterImpl (MiniOzoneClusterImpl.java:lambda$waitForClusterToBeReady$0(224)) - Waiting for nodes to be ready. Got 0 of 3 DN Heartbeats.
2023-06-13 01:49:57,073 [main] INFO  ozone.MiniOzoneClusterImpl (MiniOzoneClusterImpl.java:lambda$waitForClusterToBeReady$0(227)) - Waiting for cluster to exit safe mode
2023-06-13 01:49:57,074 [main] INFO  ozone.MiniOzoneClusterImpl (MiniOzoneClusterImpl.java:lambda$waitForClusterToBeReady$0(229)) - SCM became leader
2023-06-13 01:49:57,074 [Datanode State Machine Daemon Thread] INFO  statemachine.DatanodeStateMachine (DatanodeStateMachine.java:lambda$startDaemon$0(531)) - Ozone container server started.
2023-06-13 01:49:57,080 [Datanode State Machine Task Thread - 0] INFO  datanode.InitDatanodeState (InitDatanodeState.java:persistContainerDatanodeDetails(138)) - DatanodeDetails is persisted to /home/runner/work/ozone/ozone/hadoop-ozone/integration-test/target/test-dir/MiniOzoneClusterImpl-5f2dcc83-6c9d-45c9-8141-0f4d2c5ecdef/datanode-2/meta/datanode.id
2023-06-13 01:49:58,074 [main] INFO  ozone.MiniOzoneClusterImpl (MiniOzoneClusterImpl.java:lambda$waitForClusterToBeReady$0(224)) - Waiting for nodes to be ready. Got 0 of 3 DN Heartbeats.
2023-06-13 01:49:58,074 [main] INFO  ozone.MiniOzoneClusterImpl (MiniOzoneClusterImpl.java:lambda$waitForClusterToBeReady$0(227)) - Waiting for cluster to exit safe mode
2023-06-13 01:49:58,075 [main] INFO  ozone.MiniOzoneClusterImpl (MiniOzoneClusterImpl.java:lambda$waitForClusterToBeReady$0(229)) - SCM became leader
2023-06-13 01:49:58,401 [EndpointStateMachine task thread for /0.0.0.0:15002 - 0 ] INFO  utils.DatanodeStoreCache (DatanodeStoreCache.java:addDB(66)) - Added db /home/runner/work/ozone/ozone/hadoop-ozone/integration-test/target/test-dir/MiniOzoneClusterImpl-5f2dcc83-6c9d-45c9-8141-0f4d2c5ecdef/datanode-0/data-0/containers/hdds/5f2dcc83-6c9d-45c9-8141-0f4d2c5ecdef/DS-15f7a97c-cc2d-4f6e-bc0e-3d4ef675a823/container.db to cache
2023-06-13 01:49:58,401 [EndpointStateMachine task thread for /0.0.0.0:15002 - 0 ] INFO  volume.HddsVolume (HddsVolume.java:createDbStore(350)) - SchemaV3 db is created and loaded at /home/runner/work/ozone/ozone/hadoop-ozone/integration-test/target/test-dir/MiniOzoneClusterImpl-5f2dcc83-6c9d-45c9-8141-0f4d2c5ecdef/datanode-0/data-0/containers/hdds/5f2dcc83-6c9d-45c9-8141-0f4d2c5ecdef/DS-15f7a97c-cc2d-4f6e-bc0e-3d4ef675a823/container.db for volume DS-15f7a97c-cc2d-4f6e-bc0e-3d4ef675a823
2023-06-13 01:49:58,406 [EndpointStateMachine task thread for /0.0.0.0:15002 - 0 ] INFO  ozoneimpl.OzoneContainer (OzoneContainer.java:start(411)) - Attempting to start container services.
2023-06-13 01:49:58,408 [EndpointStateMachine task thread for /0.0.0.0:15002 - 0 ] INFO  ozoneimpl.OzoneContainer (OzoneContainer.java:startContainerScrub(327)) - Scheduled background container scanners and the on-demand container scanner have been disabled.
2023-06-13 01:49:58,415 [EndpointStateMachine task thread for /0.0.0.0:15002 - 0 ] INFO  replication.ReplicationServer (ReplicationServer.java:start(128)) - ReplicationServer is started using port 15016
2023-06-13 01:49:58,415 [EndpointStateMachine task thread for /0.0.0.0:15002 - 0 ] INFO  ratis.XceiverServerRatis (XceiverServerRatis.java:start(517)) - Starting XceiverServerRatis 949cbcb3-ffc8-4fb9-988d-3e8d33dd06ba
2023-06-13 01:49:58,419 [EndpointStateMachine task thread for /0.0.0.0:15002 - 0 ] INFO  server.RaftServer (RaftServerProxy.java:startImpl(400)) - 949cbcb3-ffc8-4fb9-988d-3e8d33dd06ba: start RPC server
2023-06-13 01:49:58,423 [EndpointStateMachine task thread for /0.0.0.0:15002 - 0 ] INFO  server.GrpcService (GrpcService.java:startImpl(302)) - 949cbcb3-ffc8-4fb9-988d-3e8d33dd06ba: GrpcService started, listening on 15012
2023-06-13 01:49:58,424 [EndpointStateMachine task thread for /0.0.0.0:15002 - 0 ] INFO  server.GrpcService (GrpcService.java:startImpl(302)) - 949cbcb3-ffc8-4fb9-988d-3e8d33dd06ba: GrpcService started, listening on 15014
2023-06-13 01:49:58,426 [EndpointStateMachine task thread for /0.0.0.0:15002 - 0 ] INFO  server.GrpcService (GrpcService.java:startImpl(302)) - 949cbcb3-ffc8-4fb9-988d-3e8d33dd06ba: GrpcService started, listening on 15013
2023-06-13 01:49:58,431 [EndpointStateMachine task thread for /0.0.0.0:15002 - 0 ] INFO  ratis.XceiverServerRatis (XceiverServerRatis.java:getRealPort(543)) - XceiverServerRatis 949cbcb3-ffc8-4fb9-988d-3e8d33dd06ba is started using port 15012 for RATIS
2023-06-13 01:49:58,431 [EndpointStateMachine task thread for /0.0.0.0:15002 - 0 ] INFO  ratis.XceiverServerRatis (XceiverServerRatis.java:getRealPort(543)) - XceiverServerRatis 949cbcb3-ffc8-4fb9-988d-3e8d33dd06ba is started using port 15013 for RATIS_ADMIN
2023-06-13 01:49:58,431 [EndpointStateMachine task thread for /0.0.0.0:15002 - 0 ] INFO  ratis.XceiverServerRatis (XceiverServerRatis.java:getRealPort(543)) - XceiverServerRatis 949cbcb3-ffc8-4fb9-988d-3e8d33dd06ba is started using port 15014 for RATIS_SERVER
2023-06-13 01:49:58,431 [EndpointStateMachine task thread for /0.0.0.0:15002 - 0 ] INFO  ratis.XceiverServerRatis (XceiverServerRatis.java:getRealPort(543)) - XceiverServerRatis 949cbcb3-ffc8-4fb9-988d-3e8d33dd06ba is started using port 15015 for RATIS_DATASTREAM
2023-06-13 01:49:58,431 [JvmPauseMonitor2] INFO  util.JvmPauseMonitor (JvmPauseMonitor.java:run(103)) - JvmPauseMonitor-949cbcb3-ffc8-4fb9-988d-3e8d33dd06ba: Started
2023-06-13 01:49:58,436 [BlockDeletingService#0] INFO  interfaces.ContainerDeletionChoosingPolicyTemplate (ContainerDeletionChoosingPolicyTemplate.java:chooseContainerForBlockDeletion(83)) - Chosen 0/5000 blocks from 0 candidate containers.
2023-06-13 01:49:58,790 [EndpointStateMachine task thread for /0.0.0.0:15002 - 0 ] INFO  utils.DatanodeStoreCache (DatanodeStoreCache.java:addDB(66)) - Added db /home/runner/work/ozone/ozone/hadoop-ozone/integration-test/target/test-dir/MiniOzoneClusterImpl-5f2dcc83-6c9d-45c9-8141-0f4d2c5ecdef/datanode-1/data-0/containers/hdds/5f2dcc83-6c9d-45c9-8141-0f4d2c5ecdef/DS-3f82f1f4-9a86-489e-8d49-adf56fb10d0c/container.db to cache
2023-06-13 01:49:58,790 [EndpointStateMachine task thread for /0.0.0.0:15002 - 0 ] INFO  volume.HddsVolume (HddsVolume.java:createDbStore(350)) - SchemaV3 db is created and loaded at /home/runner/work/ozone/ozone/hadoop-ozone/integration-test/target/test-dir/MiniOzoneClusterImpl-5f2dcc83-6c9d-45c9-8141-0f4d2c5ecdef/datanode-1/data-0/containers/hdds/5f2dcc83-6c9d-45c9-8141-0f4d2c5ecdef/DS-3f82f1f4-9a86-489e-8d49-adf56fb10d0c/container.db for volume DS-3f82f1f4-9a86-489e-8d49-adf56fb10d0c
2023-06-13 01:49:58,791 [EndpointStateMachine task thread for /0.0.0.0:15002 - 0 ] INFO  ozoneimpl.OzoneContainer (OzoneContainer.java:start(411)) - Attempting to start container services.
2023-06-13 01:49:58,791 [EndpointStateMachine task thread for /0.0.0.0:15002 - 0 ] INFO  ozoneimpl.OzoneContainer (OzoneContainer.java:startContainerScrub(327)) - Scheduled background container scanners and the on-demand container scanner have been disabled.
2023-06-13 01:49:58,792 [EndpointStateMachine task thread for /0.0.0.0:15002 - 0 ] INFO  replication.ReplicationServer (ReplicationServer.java:start(128)) - ReplicationServer is started using port 15025
2023-06-13 01:49:58,792 [EndpointStateMachine task thread for /0.0.0.0:15002 - 0 ] INFO  ratis.XceiverServerRatis (XceiverServerRatis.java:start(517)) - Starting XceiverServerRatis f3f9e814-e788-48e2-bdc0-593c71648247
2023-06-13 01:49:58,795 [EndpointStateMachine task thread for /0.0.0.0:15002 - 0 ] INFO  server.RaftServer (RaftServerProxy.java:startImpl(400)) - f3f9e814-e788-48e2-bdc0-593c71648247: start RPC server
2023-06-13 01:49:58,798 [EndpointStateMachine task thread for /0.0.0.0:15002 - 0 ] INFO  server.GrpcService (GrpcService.java:startImpl(302)) - f3f9e814-e788-48e2-bdc0-593c71648247: GrpcService started, listening on 15021
2023-06-13 01:49:58,799 [EndpointStateMachine task thread for /0.0.0.0:15002 - 0 ] INFO  server.GrpcService (GrpcService.java:startImpl(302)) - f3f9e814-e788-48e2-bdc0-593c71648247: GrpcService started, listening on 15023
2023-06-13 01:49:58,800 [EndpointStateMachine task thread for /0.0.0.0:15002 - 0 ] INFO  server.GrpcService (GrpcService.java:startImpl(302)) - f3f9e814-e788-48e2-bdc0-593c71648247: GrpcService started, listening on 15022
2023-06-13 01:49:58,801 [EndpointStateMachine task thread for /0.0.0.0:15002 - 0 ] INFO  ratis.XceiverServerRatis (XceiverServerRatis.java:getRealPort(543)) - XceiverServerRatis f3f9e814-e788-48e2-bdc0-593c71648247 is started using port 15021 for RATIS
2023-06-13 01:49:58,801 [EndpointStateMachine task thread for /0.0.0.0:15002 - 0 ] INFO  ratis.XceiverServerRatis (XceiverServerRatis.java:getRealPort(543)) - XceiverServerRatis f3f9e814-e788-48e2-bdc0-593c71648247 is started using port 15022 for RATIS_ADMIN
2023-06-13 01:49:58,801 [EndpointStateMachine task thread for /0.0.0.0:15002 - 0 ] INFO  ratis.XceiverServerRatis (XceiverServerRatis.java:getRealPort(543)) - XceiverServerRatis f3f9e814-e788-48e2-bdc0-593c71648247 is started using port 15023 for RATIS_SERVER
2023-06-13 01:49:58,801 [EndpointStateMachine task thread for /0.0.0.0:15002 - 0 ] INFO  ratis.XceiverServerRatis (XceiverServerRatis.java:getRealPort(543)) - XceiverServerRatis f3f9e814-e788-48e2-bdc0-593c71648247 is started using port 15024 for RATIS_DATASTREAM
2023-06-13 01:49:58,801 [JvmPauseMonitor3] INFO  util.JvmPauseMonitor (JvmPauseMonitor.java:run(103)) - JvmPauseMonitor-f3f9e814-e788-48e2-bdc0-593c71648247: Started
2023-06-13 01:49:58,813 [BlockDeletingService#0] INFO  interfaces.ContainerDeletionChoosingPolicyTemplate (ContainerDeletionChoosingPolicyTemplate.java:chooseContainerForBlockDeletion(83)) - Chosen 0/5000 blocks from 0 candidate containers.
2023-06-13 01:49:59,075 [main] INFO  ozone.MiniOzoneClusterImpl (MiniOzoneClusterImpl.java:lambda$waitForClusterToBeReady$0(224)) - Waiting for nodes to be ready. Got 0 of 3 DN Heartbeats.
2023-06-13 01:49:59,075 [main] INFO  ozone.MiniOzoneClusterImpl (MiniOzoneClusterImpl.java:lambda$waitForClusterToBeReady$0(227)) - Waiting for cluster to exit safe mode
2023-06-13 01:49:59,075 [main] INFO  ozone.MiniOzoneClusterImpl (MiniOzoneClusterImpl.java:lambda$waitForClusterToBeReady$0(229)) - SCM became leader
2023-06-13 01:49:59,112 [EndpointStateMachine task thread for /0.0.0.0:15002 - 0 ] INFO  utils.DatanodeStoreCache (DatanodeStoreCache.java:addDB(66)) - Added db /home/runner/work/ozone/ozone/hadoop-ozone/integration-test/target/test-dir/MiniOzoneClusterImpl-5f2dcc83-6c9d-45c9-8141-0f4d2c5ecdef/datanode-2/data-0/containers/hdds/5f2dcc83-6c9d-45c9-8141-0f4d2c5ecdef/DS-b373ecb3-0bf3-412c-a013-674a03dd418b/container.db to cache
2023-06-13 01:49:59,113 [EndpointStateMachine task thread for /0.0.0.0:15002 - 0 ] INFO  volume.HddsVolume (HddsVolume.java:createDbStore(350)) - SchemaV3 db is created and loaded at /home/runner/work/ozone/ozone/hadoop-ozone/integration-test/target/test-dir/MiniOzoneClusterImpl-5f2dcc83-6c9d-45c9-8141-0f4d2c5ecdef/datanode-2/data-0/containers/hdds/5f2dcc83-6c9d-45c9-8141-0f4d2c5ecdef/DS-b373ecb3-0bf3-412c-a013-674a03dd418b/container.db for volume DS-b373ecb3-0bf3-412c-a013-674a03dd418b
2023-06-13 01:49:59,113 [EndpointStateMachine task thread for /0.0.0.0:15002 - 0 ] INFO  ozoneimpl.OzoneContainer (OzoneContainer.java:start(411)) - Attempting to start container services.
2023-06-13 01:49:59,113 [EndpointStateMachine task thread for /0.0.0.0:15002 - 0 ] INFO  ozoneimpl.OzoneContainer (OzoneContainer.java:startContainerScrub(327)) - Scheduled background container scanners and the on-demand container scanner have been disabled.
2023-06-13 01:49:59,115 [EndpointStateMachine task thread for /0.0.0.0:15002 - 0 ] INFO  replication.ReplicationServer (ReplicationServer.java:start(128)) - ReplicationServer is started using port 15034
2023-06-13 01:49:59,115 [EndpointStateMachine task thread for /0.0.0.0:15002 - 0 ] INFO  ratis.XceiverServerRatis (XceiverServerRatis.java:start(517)) - Starting XceiverServerRatis 3ffa4cce-b7d6-4a2e-8013-f08ece989394
2023-06-13 01:49:59,115 [EndpointStateMachine task thread for /0.0.0.0:15002 - 0 ] INFO  server.RaftServer (RaftServerProxy.java:startImpl(400)) - 3ffa4cce-b7d6-4a2e-8013-f08ece989394: start RPC server
2023-06-13 01:49:59,117 [EndpointStateMachine task thread for /0.0.0.0:15002 - 0 ] INFO  server.GrpcService (GrpcService.java:startImpl(302)) - 3ffa4cce-b7d6-4a2e-8013-f08ece989394: GrpcService started, listening on 15030
2023-06-13 01:49:59,118 [EndpointStateMachine task thread for /0.0.0.0:15002 - 0 ] INFO  server.GrpcService (GrpcService.java:startImpl(302)) - 3ffa4cce-b7d6-4a2e-8013-f08ece989394: GrpcService started, listening on 15032
2023-06-13 01:49:59,120 [EndpointStateMachine task thread for /0.0.0.0:15002 - 0 ] INFO  server.GrpcService (GrpcService.java:startImpl(302)) - 3ffa4cce-b7d6-4a2e-8013-f08ece989394: GrpcService started, listening on 15031
2023-06-13 01:49:59,120 [EndpointStateMachine task thread for /0.0.0.0:15002 - 0 ] INFO  ratis.XceiverServerRatis (XceiverServerRatis.java:getRealPort(543)) - XceiverServerRatis 3ffa4cce-b7d6-4a2e-8013-f08ece989394 is started using port 15030 for RATIS
2023-06-13 01:49:59,120 [EndpointStateMachine task thread for /0.0.0.0:15002 - 0 ] INFO  ratis.XceiverServerRatis (XceiverServerRatis.java:getRealPort(543)) - XceiverServerRatis 3ffa4cce-b7d6-4a2e-8013-f08ece989394 is started using port 15031 for RATIS_ADMIN
2023-06-13 01:49:59,120 [JvmPauseMonitor4] INFO  util.JvmPauseMonitor (JvmPauseMonitor.java:run(103)) - JvmPauseMonitor-3ffa4cce-b7d6-4a2e-8013-f08ece989394: Started
2023-06-13 01:49:59,120 [EndpointStateMachine task thread for /0.0.0.0:15002 - 0 ] INFO  ratis.XceiverServerRatis (XceiverServerRatis.java:getRealPort(543)) - XceiverServerRatis 3ffa4cce-b7d6-4a2e-8013-f08ece989394 is started using port 15032 for RATIS_SERVER
2023-06-13 01:49:59,120 [EndpointStateMachine task thread for /0.0.0.0:15002 - 0 ] INFO  ratis.XceiverServerRatis (XceiverServerRatis.java:getRealPort(543)) - XceiverServerRatis 3ffa4cce-b7d6-4a2e-8013-f08ece989394 is started using port 15033 for RATIS_DATASTREAM
2023-06-13 01:49:59,125 [BlockDeletingService#0] INFO  interfaces.ContainerDeletionChoosingPolicyTemplate (ContainerDeletionChoosingPolicyTemplate.java:chooseContainerForBlockDeletion(83)) - Chosen 0/5000 blocks from 0 candidate containers.
2023-06-13 01:50:00,075 [main] INFO  ozone.MiniOzoneClusterImpl (MiniOzoneClusterImpl.java:lambda$waitForClusterToBeReady$0(224)) - Waiting for nodes to be ready. Got 0 of 3 DN Heartbeats.
2023-06-13 01:50:00,076 [main] INFO  ozone.MiniOzoneClusterImpl (MiniOzoneClusterImpl.java:lambda$waitForClusterToBeReady$0(227)) - Waiting for cluster to exit safe mode
2023-06-13 01:50:00,076 [main] INFO  ozone.MiniOzoneClusterImpl (MiniOzoneClusterImpl.java:lambda$waitForClusterToBeReady$0(229)) - SCM became leader
2023-06-13 01:50:00,307 [IPC Server handler 17 on default port 15002] INFO  net.NetworkTopologyImpl (NetworkTopologyImpl.java:add(112)) - Added a new node: /default-rack/949cbcb3-ffc8-4fb9-988d-3e8d33dd06ba
2023-06-13 01:50:00,309 [IPC Server handler 17 on default port 15002] INFO  node.SCMNodeManager (SCMNodeManager.java:register(407)) - Registered Data node : 949cbcb3-ffc8-4fb9-988d-3e8d33dd06ba{ip: 10.1.0.18, host: fv-az670-278.vvj1krob40nuzn3jnzu5queufe.phxx.internal.cloudapp.net, ports: [HTTP=15009, CLIENT_RPC=15010, REPLICATION=15016, RATIS=15012, RATIS_ADMIN=15013, RATIS_SERVER=15014, RATIS_DATASTREAM=15015, STANDALONE=15011], networkLocation: /default-rack, certSerialId: null, persistedOpState: null, persistedOpStateExpiryEpochSec: 0}
2023-06-13 01:50:00,311 [EventQueue-NewNodeForNewNodeHandler] INFO  pipeline.BackgroundPipelineCreator (BackgroundPipelineCreator.java:notifyEventTriggered(276)) - trigger a one-shot run on RatisPipelineUtilsThread.
2023-06-13 01:50:00,312 [EventQueue-NodeRegistrationContainerReportForDataNodeSafeModeRule] INFO  safemode.SCMSafeModeManager (DataNodeSafeModeRule.java:process(71)) - SCM in safe mode. 1 DataNodes registered, 3 required.
2023-06-13 01:50:00,317 [RatisPipelineUtilsThread - 0] INFO  pipeline.RatisPipelineProvider (RatisPipelineProvider.java:lambda$create$0(206)) - Sending CreatePipelineCommand for pipeline:PipelineID=eb359ad2-bc59-434e-9191-95dd06e557a6 to datanode:949cbcb3-ffc8-4fb9-988d-3e8d33dd06ba
2023-06-13 01:50:00,312 [EventQueue-NodeRegistrationContainerReportForContainerSafeModeRule] INFO  safemode.SCMSafeModeManager (SCMSafeModeManager.java:validateSafeModeExitRules(200)) - ContainerSafeModeRule rule is successfully validated
2023-06-13 01:50:00,321 [EventQueue-PipelineReportForOneReplicaPipelineSafeModeRule] INFO  safemode.SCMSafeModeManager (SCMSafeModeManager.java:validateSafeModeExitRules(200)) - AtleastOneDatanodeReportedRule rule is successfully validated
2023-06-13 01:50:00,330 [RatisPipelineUtilsThread - 0] INFO  pipeline.PipelineStateManagerImpl (PipelineStateManagerImpl.java:addPipeline(103)) - Created pipeline Pipeline[ Id: eb359ad2-bc59-434e-9191-95dd06e557a6, Nodes: 949cbcb3-ffc8-4fb9-988d-3e8d33dd06ba(fv-az670-278.vvj1krob40nuzn3jnzu5queufe.phxx.internal.cloudapp.net/10.1.0.18), ReplicationConfig: RATIS/ONE, State:ALLOCATED, leaderId:, CreationTimestamp2023-06-13T01:50:00.316Z[Etc/UTC]].
2023-06-13 01:50:00,755 [IPC Server handler 19 on default port 15002] INFO  net.NetworkTopologyImpl (NetworkTopologyImpl.java:add(112)) - Added a new node: /default-rack/f3f9e814-e788-48e2-bdc0-593c71648247
2023-06-13 01:50:00,756 [IPC Server handler 19 on default port 15002] INFO  node.SCMNodeManager (SCMNodeManager.java:register(407)) - Registered Data node : f3f9e814-e788-48e2-bdc0-593c71648247{ip: 10.1.0.18, host: fv-az670-278.vvj1krob40nuzn3jnzu5queufe.phxx.internal.cloudapp.net, ports: [HTTP=15018, CLIENT_RPC=15019, REPLICATION=15025, RATIS=15021, RATIS_ADMIN=15022, RATIS_SERVER=15023, RATIS_DATASTREAM=15024, STANDALONE=15020], networkLocation: /default-rack, certSerialId: null, persistedOpState: null, persistedOpStateExpiryEpochSec: 0}
2023-06-13 01:50:00,756 [EventQueue-NodeRegistrationContainerReportForDataNodeSafeModeRule] INFO  safemode.SCMSafeModeManager (DataNodeSafeModeRule.java:process(71)) - SCM in safe mode. 2 DataNodes registered, 3 required.
2023-06-13 01:50:00,756 [EventQueue-NewNodeForNewNodeHandler] INFO  pipeline.BackgroundPipelineCreator (BackgroundPipelineCreator.java:notifyEventTriggered(276)) - trigger a one-shot run on RatisPipelineUtilsThread.
2023-06-13 01:50:00,758 [RatisPipelineUtilsThread - 0] INFO  pipeline.RatisPipelineProvider (RatisPipelineProvider.java:lambda$create$0(206)) - Sending CreatePipelineCommand for pipeline:PipelineID=d99e06f1-f3ae-49e4-aa5e-5a8f78c1b316 to datanode:f3f9e814-e788-48e2-bdc0-593c71648247
2023-06-13 01:50:00,759 [RatisPipelineUtilsThread - 0] INFO  pipeline.PipelineStateManagerImpl (PipelineStateManagerImpl.java:addPipeline(103)) - Created pipeline Pipeline[ Id: d99e06f1-f3ae-49e4-aa5e-5a8f78c1b316, Nodes: f3f9e814-e788-48e2-bdc0-593c71648247(fv-az670-278.vvj1krob40nuzn3jnzu5queufe.phxx.internal.cloudapp.net/10.1.0.18), ReplicationConfig: RATIS/ONE, State:ALLOCATED, leaderId:, CreationTimestamp2023-06-13T01:50:00.758Z[Etc/UTC]].
2023-06-13 01:50:01,076 [main] INFO  ozone.MiniOzoneClusterImpl (MiniOzoneClusterImpl.java:lambda$waitForClusterToBeReady$0(224)) - Waiting for nodes to be ready. Got 2 of 3 DN Heartbeats.
2023-06-13 01:50:01,076 [main] INFO  ozone.MiniOzoneClusterImpl (MiniOzoneClusterImpl.java:lambda$waitForClusterToBeReady$0(227)) - Waiting for cluster to exit safe mode
2023-06-13 01:50:01,076 [main] INFO  ozone.MiniOzoneClusterImpl (MiniOzoneClusterImpl.java:lambda$waitForClusterToBeReady$0(229)) - SCM became leader
2023-06-13 01:50:01,079 [IPC Server handler 18 on default port 15002] INFO  net.NetworkTopologyImpl (NetworkTopologyImpl.java:add(112)) - Added a new node: /default-rack/3ffa4cce-b7d6-4a2e-8013-f08ece989394
2023-06-13 01:50:01,080 [IPC Server handler 18 on default port 15002] INFO  node.SCMNodeManager (SCMNodeManager.java:register(407)) - Registered Data node : 3ffa4cce-b7d6-4a2e-8013-f08ece989394{ip: 10.1.0.18, host: fv-az670-278.vvj1krob40nuzn3jnzu5queufe.phxx.internal.cloudapp.net, ports: [HTTP=15027, CLIENT_RPC=15028, REPLICATION=15034, RATIS=15030, RATIS_ADMIN=15031, RATIS_SERVER=15032, RATIS_DATASTREAM=15033, STANDALONE=15029], networkLocation: /default-rack, certSerialId: null, persistedOpState: null, persistedOpStateExpiryEpochSec: 0}
2023-06-13 01:50:01,080 [EventQueue-NewNodeForNewNodeHandler] INFO  pipeline.BackgroundPipelineCreator (BackgroundPipelineCreator.java:notifyEventTriggered(276)) - trigger a one-shot run on RatisPipelineUtilsThread.
2023-06-13 01:50:01,080 [EventQueue-NodeRegistrationContainerReportForDataNodeSafeModeRule] INFO  safemode.SCMSafeModeManager (DataNodeSafeModeRule.java:process(71)) - SCM in safe mode. 3 DataNodes registered, 3 required.
2023-06-13 01:50:01,081 [EventQueue-NodeRegistrationContainerReportForDataNodeSafeModeRule] INFO  safemode.SCMSafeModeManager (SCMSafeModeManager.java:validateSafeModeExitRules(200)) - DataNodeSafeModeRule rule is successfully validated
2023-06-13 01:50:01,081 [EventQueue-NodeRegistrationContainerReportForDataNodeSafeModeRule] INFO  safemode.SCMSafeModeManager (SCMSafeModeManager.java:completePreCheck(229)) - All SCM safe mode pre check rules have passed
2023-06-13 01:50:01,081 [EventQueue-NodeRegistrationContainerReportForDataNodeSafeModeRule] INFO  ha.SCMContext (SCMContext.java:updateSafeModeStatus(228)) - Update SafeModeStatus from SafeModeStatus{safeModeStatus=true, preCheckPassed=false} to SafeModeStatus{safeModeStatus=true, preCheckPassed=true}.
2023-06-13 01:50:01,081 [EventQueue-NodeRegistrationContainerReportForDataNodeSafeModeRule] INFO  pipeline.BackgroundPipelineCreator (BackgroundPipelineCreator.java:notifyEventTriggered(276)) - trigger a one-shot run on RatisPipelineUtilsThread.
2023-06-13 01:50:01,080 [RatisPipelineUtilsThread - 0] INFO  pipeline.RatisPipelineProvider (RatisPipelineProvider.java:lambda$create$0(206)) - Sending CreatePipelineCommand for pipeline:PipelineID=9ea593bc-2134-41c8-8879-591350ee5043 to datanode:3ffa4cce-b7d6-4a2e-8013-f08ece989394
2023-06-13 01:50:01,082 [RatisPipelineUtilsThread - 0] INFO  pipeline.PipelineStateManagerImpl (PipelineStateManagerImpl.java:addPipeline(103)) - Created pipeline Pipeline[ Id: 9ea593bc-2134-41c8-8879-591350ee5043, Nodes: 3ffa4cce-b7d6-4a2e-8013-f08ece989394(fv-az670-278.vvj1krob40nuzn3jnzu5queufe.phxx.internal.cloudapp.net/10.1.0.18), ReplicationConfig: RATIS/ONE, State:ALLOCATED, leaderId:, CreationTimestamp2023-06-13T01:50:01.080Z[Etc/UTC]].
2023-06-13 01:50:01,085 [RatisPipelineUtilsThread - 0] INFO  pipeline.RatisPipelineProvider (RatisPipelineProvider.java:lambda$create$0(206)) - Sending CreatePipelineCommand for pipeline:PipelineID=b36d0372-f5f7-44a1-bd20-9d1fc8b4240e to datanode:3ffa4cce-b7d6-4a2e-8013-f08ece989394
2023-06-13 01:50:01,085 [RatisPipelineUtilsThread - 0] INFO  pipeline.RatisPipelineProvider (RatisPipelineProvider.java:lambda$create$0(206)) - Sending CreatePipelineCommand for pipeline:PipelineID=b36d0372-f5f7-44a1-bd20-9d1fc8b4240e to datanode:949cbcb3-ffc8-4fb9-988d-3e8d33dd06ba
2023-06-13 01:50:01,085 [RatisPipelineUtilsThread - 0] INFO  pipeline.RatisPipelineProvider (RatisPipelineProvider.java:lambda$create$0(206)) - Sending CreatePipelineCommand for pipeline:PipelineID=b36d0372-f5f7-44a1-bd20-9d1fc8b4240e to datanode:f3f9e814-e788-48e2-bdc0-593c71648247
2023-06-13 01:50:01,087 [RatisPipelineUtilsThread - 0] INFO  pipeline.PipelineStateManagerImpl (PipelineStateManagerImpl.java:addPipeline(103)) - Created pipeline Pipeline[ Id: b36d0372-f5f7-44a1-bd20-9d1fc8b4240e, Nodes: 3ffa4cce-b7d6-4a2e-8013-f08ece989394(fv-az670-278.vvj1krob40nuzn3jnzu5queufe.phxx.internal.cloudapp.net/10.1.0.18)949cbcb3-ffc8-4fb9-988d-3e8d33dd06ba(fv-az670-278.vvj1krob40nuzn3jnzu5queufe.phxx.internal.cloudapp.net/10.1.0.18)f3f9e814-e788-48e2-bdc0-593c71648247(fv-az670-278.vvj1krob40nuzn3jnzu5queufe.phxx.internal.cloudapp.net/10.1.0.18), ReplicationConfig: RATIS/THREE, State:ALLOCATED, leaderId:, CreationTimestamp2023-06-13T01:50:01.085Z[Etc/UTC]].
2023-06-13 01:50:01,088 [RatisPipelineUtilsThread - 0] INFO  pipeline.RatisPipelineProvider (RatisPipelineProvider.java:lambda$create$0(206)) - Sending CreatePipelineCommand for pipeline:PipelineID=02835971-0f79-4a2e-8078-c31b729b81a5 to datanode:3ffa4cce-b7d6-4a2e-8013-f08ece989394
2023-06-13 01:50:01,088 [RatisPipelineUtilsThread - 0] INFO  pipeline.RatisPipelineProvider (RatisPipelineProvider.java:lambda$create$0(206)) - Sending CreatePipelineCommand for pipeline:PipelineID=02835971-0f79-4a2e-8078-c31b729b81a5 to datanode:949cbcb3-ffc8-4fb9-988d-3e8d33dd06ba
2023-06-13 01:50:01,088 [RatisPipelineUtilsThread - 0] INFO  pipeline.RatisPipelineProvider (RatisPipelineProvider.java:lambda$create$0(206)) - Sending CreatePipelineCommand for pipeline:PipelineID=02835971-0f79-4a2e-8078-c31b729b81a5 to datanode:f3f9e814-e788-48e2-bdc0-593c71648247
2023-06-13 01:50:01,089 [RatisPipelineUtilsThread - 0] INFO  pipeline.PipelineStateManagerImpl (PipelineStateManagerImpl.java:addPipeline(103)) - Created pipeline Pipeline[ Id: 02835971-0f79-4a2e-8078-c31b729b81a5, Nodes: 3ffa4cce-b7d6-4a2e-8013-f08ece989394(fv-az670-278.vvj1krob40nuzn3jnzu5queufe.phxx.internal.cloudapp.net/10.1.0.18)949cbcb3-ffc8-4fb9-988d-3e8d33dd06ba(fv-az670-278.vvj1krob40nuzn3jnzu5queufe.phxx.internal.cloudapp.net/10.1.0.18)f3f9e814-e788-48e2-bdc0-593c71648247(fv-az670-278.vvj1krob40nuzn3jnzu5queufe.phxx.internal.cloudapp.net/10.1.0.18), ReplicationConfig: RATIS/THREE, State:ALLOCATED, leaderId:, CreationTimestamp2023-06-13T01:50:01.088Z[Etc/UTC]].
2023-06-13 01:50:01,089 [RatisPipelineUtilsThread - 0] INFO  pipeline.PipelineManagerImpl (PipelineManagerImpl.java:recordMetricsForPipeline(826)) - Pipeline: PipelineID=02835971-0f79-4a2e-8078-c31b729b81a5 contains same datanodes as previous pipelines: PipelineID=b36d0372-f5f7-44a1-bd20-9d1fc8b4240e nodeIds: 3ffa4cce-b7d6-4a2e-8013-f08ece989394, 949cbcb3-ffc8-4fb9-988d-3e8d33dd06ba, f3f9e814-e788-48e2-bdc0-593c71648247
2023-06-13 01:50:01,090 [RatisPipelineUtilsThread - 0] WARN  pipeline.PipelinePlacementPolicy (PipelinePlacementPolicy.java:filterViableNodes(166)) - Pipeline creation failed due to no sufficient healthy datanodes. Required 3. Found 0. Excluded 3.
2023-06-13 01:50:01,091 [RatisPipelineUtilsThread - 0] WARN  pipeline.PipelinePlacementPolicy (PipelinePlacementPolicy.java:filterViableNodes(166)) - Pipeline creation failed due to no sufficient healthy datanodes. Required 3. Found 0. Excluded 3.
2023-06-13 01:50:02,077 [main] INFO  ozone.MiniOzoneClusterImpl (MiniOzoneClusterImpl.java:lambda$waitForClusterToBeReady$0(224)) - Nodes are ready. Got 3 of 3 DN Heartbeats.
2023-06-13 01:50:02,077 [main] INFO  ozone.MiniOzoneClusterImpl (MiniOzoneClusterImpl.java:lambda$waitForClusterToBeReady$0(227)) - Waiting for cluster to exit safe mode
2023-06-13 01:50:02,078 [main] INFO  ozone.MiniOzoneClusterImpl (MiniOzoneClusterImpl.java:lambda$waitForClusterToBeReady$0(229)) - SCM became leader
2023-06-13 01:50:03,078 [main] INFO  ozone.MiniOzoneClusterImpl (MiniOzoneClusterImpl.java:lambda$waitForClusterToBeReady$0(224)) - Nodes are ready. Got 3 of 3 DN Heartbeats.
2023-06-13 01:50:03,078 [main] INFO  ozone.MiniOzoneClusterImpl (MiniOzoneClusterImpl.java:lambda$waitForClusterToBeReady$0(227)) - Waiting for cluster to exit safe mode
2023-06-13 01:50:03,078 [main] INFO  ozone.MiniOzoneClusterImpl (MiniOzoneClusterImpl.java:lambda$waitForClusterToBeReady$0(229)) - SCM became leader
2023-06-13 01:50:03,301 [PipelineCommandHandlerThread-0] INFO  server.RaftServer (RaftServerProxy.java:addNew(98)) - 949cbcb3-ffc8-4fb9-988d-3e8d33dd06ba: addNew group-95DD06E557A6:[949cbcb3-ffc8-4fb9-988d-3e8d33dd06ba|rpc:10.1.0.18:15014|admin:10.1.0.18:15013|client:10.1.0.18:15012|dataStream:10.1.0.18:15015|priority:1|startupRole:FOLLOWER] returns group-95DD06E557A6:java.util.concurrent.CompletableFuture@770ae86a[Not completed]
2023-06-13 01:50:03,313 [949cbcb3-ffc8-4fb9-988d-3e8d33dd06ba-groupManagement] INFO  server.RaftServer$Division (RaftServerImpl.java:<init>(198)) - 949cbcb3-ffc8-4fb9-988d-3e8d33dd06ba: new RaftServerImpl for group-95DD06E557A6:[949cbcb3-ffc8-4fb9-988d-3e8d33dd06ba|rpc:10.1.0.18:15014|admin:10.1.0.18:15013|client:10.1.0.18:15012|dataStream:10.1.0.18:15015|priority:1|startupRole:FOLLOWER] with ContainerStateMachine:uninitialized
2023-06-13 01:50:03,313 [949cbcb3-ffc8-4fb9-988d-3e8d33dd06ba-groupManagement] INFO  server.RaftServerConfigKeys (ConfUtils.java:logGet(46)) - raft.server.rpc.timeout.min = 5s (custom)
2023-06-13 01:50:03,313 [949cbcb3-ffc8-4fb9-988d-3e8d33dd06ba-groupManagement] INFO  server.RaftServerConfigKeys (ConfUtils.java:logGet(46)) - raft.server.rpc.timeout.max = 5200ms (custom)
2023-06-13 01:50:03,313 [949cbcb3-ffc8-4fb9-988d-3e8d33dd06ba-groupManagement] INFO  server.RaftServerConfigKeys (ConfUtils.java:logGet(46)) - raft.server.rpc.sleep.time = 25ms (default)
2023-06-13 01:50:03,313 [949cbcb3-ffc8-4fb9-988d-3e8d33dd06ba-groupManagement] INFO  server.RaftServerConfigKeys (ConfUtils.java:logGet(46)) - raft.server.rpc.slowness.timeout = 300s (custom)
2023-06-13 01:50:03,313 [949cbcb3-ffc8-4fb9-988d-3e8d33dd06ba-groupManagement] INFO  server.RaftServerConfigKeys (ConfUtils.java:logGet(46)) - raft.server.leaderelection.leader.step-down.wait-time = 10s (default)
2023-06-13 01:50:03,313 [949cbcb3-ffc8-4fb9-988d-3e8d33dd06ba-groupManagement] INFO  server.RaftServerConfigKeys (ConfUtils.java:logGet(46)) - raft.server.sleep.deviation.threshold = 300ms (default)
2023-06-13 01:50:03,313 [949cbcb3-ffc8-4fb9-988d-3e8d33dd06ba-groupManagement] INFO  server.RaftServer$Division (ServerState.java:<init>(120)) - 949cbcb3-ffc8-4fb9-988d-3e8d33dd06ba@group-95DD06E557A6: ConfigurationManager, init=-1: peers:[949cbcb3-ffc8-4fb9-988d-3e8d33dd06ba|rpc:10.1.0.18:15014|admin:10.1.0.18:15013|client:10.1.0.18:15012|dataStream:10.1.0.18:15015|priority:1|startupRole:FOLLOWER]|listeners:[], old=null, confs=<EMPTY_MAP>
2023-06-13 01:50:03,313 [949cbcb3-ffc8-4fb9-988d-3e8d33dd06ba-groupManagement] INFO  server.RaftServerConfigKeys (ConfUtils.java:logGet(46)) - raft.server.storage.dir = [/home/runner/work/ozone/ozone/hadoop-ozone/integration-test/target/test-dir/MiniOzoneClusterImpl-5f2dcc83-6c9d-45c9-8141-0f4d2c5ecdef/datanode-0/data/ratis] (custom)
2023-06-13 01:50:03,313 [949cbcb3-ffc8-4fb9-988d-3e8d33dd06ba-groupManagement] INFO  server.RaftServerConfigKeys (ConfUtils.java:logGet(46)) - raft.server.log.corruption.policy = EXCEPTION (default)
2023-06-13 01:50:03,314 [949cbcb3-ffc8-4fb9-988d-3e8d33dd06ba-groupManagement] INFO  server.RaftServerConfigKeys (ConfUtils.java:logGet(46)) - raft.server.storage.free-space.min = 0MB (=0) (default)
2023-06-13 01:50:03,314 [949cbcb3-ffc8-4fb9-988d-3e8d33dd06ba-groupManagement] INFO  server.RaftServerConfigKeys (ConfUtils.java:logGet(46)) - raft.server.notification.no-leader.timeout = 300s (custom)
2023-06-13 01:50:03,314 [949cbcb3-ffc8-4fb9-988d-3e8d33dd06ba-groupManagement] INFO  server.RaftServerConfigKeys (ConfUtils.java:logGet(46)) - raft.server.read.timeout = 10s (default)
2023-06-13 01:50:03,314 [949cbcb3-ffc8-4fb9-988d-3e8d33dd06ba-groupManagement] INFO  server.RaftServerConfigKeys (ConfUtils.java:logGet(46)) - raft.server.retrycache.expirytime = 600000ms (custom)
2023-06-13 01:50:03,314 [949cbcb3-ffc8-4fb9-988d-3e8d33dd06ba-groupManagement] INFO  server.RaftServerConfigKeys (ConfUtils.java:logGet(46)) - raft.server.retrycache.statistics.expirytime = 100μs (default)
2023-06-13 01:50:03,314 [949cbcb3-ffc8-4fb9-988d-3e8d33dd06ba-groupManagement] INFO  server.RaftServerConfigKeys (ConfUtils.java:logGet(46)) - raft.server.read.option = DEFAULT (default)
2023-06-13 01:50:03,316 [949cbcb3-ffc8-4fb9-988d-3e8d33dd06ba-groupManagement] INFO  server.RaftServerConfigKeys (ConfUtils.java:logGet(46)) - raft.server.rpc.request.timeout = 60s (custom)
2023-06-13 01:50:03,316 [949cbcb3-ffc8-4fb9-988d-3e8d33dd06ba-groupManagement] INFO  server.RaftServerConfigKeys (ConfUtils.java:logGet(46)) - raft.server.log.appender.install.snapshot.enabled = false (custom)
2023-06-13 01:50:03,316 [949cbcb3-ffc8-4fb9-988d-3e8d33dd06ba-groupManagement] INFO  server.RaftServerConfigKeys (ConfUtils.java:logGet(46)) - raft.server.threadpool.server.cached = true (default)
2023-06-13 01:50:03,316 [949cbcb3-ffc8-4fb9-988d-3e8d33dd06ba-groupManagement] INFO  server.RaftServerConfigKeys (ConfUtils.java:logGet(46)) - raft.server.threadpool.server.size = 0 (default)
2023-06-13 01:50:03,316 [949cbcb3-ffc8-4fb9-988d-3e8d33dd06ba-groupManagement] INFO  server.RaftServerConfigKeys (ConfUtils.java:logGet(46)) - raft.server.threadpool.client.cached = true (default)
2023-06-13 01:50:03,316 [949cbcb3-ffc8-4fb9-988d-3e8d33dd06ba-groupManagement] INFO  server.RaftServerConfigKeys (ConfUtils.java:logGet(46)) - raft.server.threadpool.client.size = 0 (default)
2023-06-13 01:50:03,316 [949cbcb3-ffc8-4fb9-988d-3e8d33dd06ba-groupManagement] INFO  storage.RaftStorageDirectory (RaftStorageDirectoryImpl.java:analyzeStorage(137)) - The storage directory /home/runner/work/ozone/ozone/hadoop-ozone/integration-test/target/test-dir/MiniOzoneClusterImpl-5f2dcc83-6c9d-45c9-8141-0f4d2c5ecdef/datanode-0/data/ratis/eb359ad2-bc59-434e-9191-95dd06e557a6 does not exist. Creating ...
2023-06-13 01:50:03,319 [949cbcb3-ffc8-4fb9-988d-3e8d33dd06ba-groupManagement] INFO  storage.RaftStorageDirectory (RaftStorageDirectoryImpl.java:tryLock(231)) - Lock on /home/runner/work/ozone/ozone/hadoop-ozone/integration-test/target/test-dir/MiniOzoneClusterImpl-5f2dcc83-6c9d-45c9-8141-0f4d2c5ecdef/datanode-0/data/ratis/eb359ad2-bc59-434e-9191-95dd06e557a6/in_use.lock acquired by nodename 24814@fv-az670-278
2023-06-13 01:50:03,321 [949cbcb3-ffc8-4fb9-988d-3e8d33dd06ba-groupManagement] INFO  storage.RaftStorage (RaftStorageImpl.java:format(96)) - Storage directory /home/runner/work/ozone/ozone/hadoop-ozone/integration-test/target/test-dir/MiniOzoneClusterImpl-5f2dcc83-6c9d-45c9-8141-0f4d2c5ecdef/datanode-0/data/ratis/eb359ad2-bc59-434e-9191-95dd06e557a6 has been successfully formatted.
2023-06-13 01:50:03,325 [949cbcb3-ffc8-4fb9-988d-3e8d33dd06ba-groupManagement] INFO  ratis.ContainerStateMachine (ContainerStateMachine.java:loadSnapshot(262)) - group-95DD06E557A6: The snapshot info is null. Setting the last applied indexto:(t:0, i:~)
2023-06-13 01:50:03,325 [949cbcb3-ffc8-4fb9-988d-3e8d33dd06ba-groupManagement] INFO  server.RaftServerConfigKeys (ConfUtils.java:logGet(46)) - raft.server.log.use.memory = false (default)
2023-06-13 01:50:03,325 [949cbcb3-ffc8-4fb9-988d-3e8d33dd06ba-groupManagement] INFO  server.RaftServerConfigKeys (ConfUtils.java:logGet(46)) - raft.server.log.purge.gap = 1000000 (custom)
2023-06-13 01:50:03,325 [949cbcb3-ffc8-4fb9-988d-3e8d33dd06ba-groupManagement] INFO  server.RaftServerConfigKeys (ConfUtils.java:logGet(46)) - raft.server.log.appender.buffer.byte-limit = 33554432 (custom)
2023-06-13 01:50:03,325 [949cbcb3-ffc8-4fb9-988d-3e8d33dd06ba-groupManagement] INFO  server.RaftServerConfigKeys (ConfUtils.java:logGet(46)) - raft.server.log.statemachine.data.read.timeout = 1000ms (default)
2023-06-13 01:50:03,325 [949cbcb3-ffc8-4fb9-988d-3e8d33dd06ba-groupManagement] INFO  server.RaftServerConfigKeys (ConfUtils.java:logGet(46)) - raft.server.log.purge.preservation.log.num = 0 (default)
2023-06-13 01:50:03,325 [949cbcb3-ffc8-4fb9-988d-3e8d33dd06ba-groupManagement] INFO  server.RaftServerConfigKeys (ConfUtils.java:logGet(46)) - raft.server.log.segment.size.max = 1048576 (custom)
2023-06-13 01:50:03,326 [949cbcb3-ffc8-4fb9-988d-3e8d33dd06ba-groupManagement] INFO  server.RaftServerConfigKeys (ConfUtils.java:logGet(46)) - raft.server.log.segment.cache.num.max = 2 (custom)
2023-06-13 01:50:03,326 [949cbcb3-ffc8-4fb9-988d-3e8d33dd06ba-groupManagement] INFO  server.RaftServerConfigKeys (ConfUtils.java:logGet(46)) - raft.server.log.segment.cache.size.max = 200MB (=209715200) (default)
2023-06-13 01:50:03,326 [949cbcb3-ffc8-4fb9-988d-3e8d33dd06ba-groupManagement] INFO  server.RaftServerConfigKeys (ConfUtils.java:logGet(46)) - raft.server.log.appender.buffer.byte-limit = 33554432 (custom)
2023-06-13 01:50:03,326 [949cbcb3-ffc8-4fb9-988d-3e8d33dd06ba-groupManagement] INFO  segmented.SegmentedRaftLogWorker (SegmentedRaftLogWorker.java:<init>(188)) - new 949cbcb3-ffc8-4fb9-988d-3e8d33dd06ba@group-95DD06E557A6-SegmentedRaftLogWorker for RaftStorageImpl:Storage Directory /home/runner/work/ozone/ozone/hadoop-ozone/integration-test/target/test-dir/MiniOzoneClusterImpl-5f2dcc83-6c9d-45c9-8141-0f4d2c5ecdef/datanode-0/data/ratis/eb359ad2-bc59-434e-9191-95dd06e557a6
2023-06-13 01:50:03,326 [949cbcb3-ffc8-4fb9-988d-3e8d33dd06ba-groupManagement] INFO  server.RaftServerConfigKeys (ConfUtils.java:logGet(46)) - raft.server.log.queue.byte-limit = 4294967296 (custom)
2023-06-13 01:50:03,326 [949cbcb3-ffc8-4fb9-988d-3e8d33dd06ba-groupManagement] INFO  server.RaftServerConfigKeys (ConfUtils.java:logGet(46)) - raft.server.log.queue.element-limit = 1024 (custom)
2023-06-13 01:50:03,326 [949cbcb3-ffc8-4fb9-988d-3e8d33dd06ba-groupManagement] INFO  server.RaftServerConfigKeys (ConfUtils.java:logGet(46)) - raft.server.log.segment.size.max = 1048576 (custom)
2023-06-13 01:50:03,326 [949cbcb3-ffc8-4fb9-988d-3e8d33dd06ba-groupManagement] INFO  server.RaftServerConfigKeys (ConfUtils.java:logGet(46)) - raft.server.log.preallocated.size = 16384 (custom)
2023-06-13 01:50:03,326 [949cbcb3-ffc8-4fb9-988d-3e8d33dd06ba-groupManagement] INFO  server.RaftServerConfigKeys (ConfUtils.java:logGet(46)) - raft.server.log.force.sync.num = 128 (default)
2023-06-13 01:50:03,327 [949cbcb3-ffc8-4fb9-988d-3e8d33dd06ba-groupManagement] INFO  server.RaftServerConfigKeys (ConfUtils.java:logGet(46)) - raft.server.log.statemachine.data.sync = true (default)
2023-06-13 01:50:03,327 [949cbcb3-ffc8-4fb9-988d-3e8d33dd06ba-groupManagement] INFO  server.RaftServerConfigKeys (ConfUtils.java:logGet(46)) - raft.server.log.statemachine.data.sync.timeout = 10s (default)
2023-06-13 01:50:03,327 [949cbcb3-ffc8-4fb9-988d-3e8d33dd06ba-groupManagement] INFO  server.RaftServerConfigKeys (ConfUtils.java:logGet(46)) - raft.server.log.statemachine.data.sync.timeout.retry = -1 (default)
2023-06-13 01:50:03,328 [949cbcb3-ffc8-4fb9-988d-3e8d33dd06ba-groupManagement] INFO  server.RaftServerConfigKeys (ConfUtils.java:logGet(46)) - raft.server.log.write.buffer.size = 1048576 (custom)
2023-06-13 01:50:03,329 [949cbcb3-ffc8-4fb9-988d-3e8d33dd06ba-groupManagement] INFO  server.RaftServerConfigKeys (ConfUtils.java:logGet(46)) - raft.server.log.appender.buffer.byte-limit = 33554432 (custom)
2023-06-13 01:50:03,335 [949cbcb3-ffc8-4fb9-988d-3e8d33dd06ba-groupManagement] INFO  server.RaftServerConfigKeys (ConfUtils.java:logGet(46)) - raft.server.log.unsafe-flush.enabled = false (default)
2023-06-13 01:50:03,335 [949cbcb3-ffc8-4fb9-988d-3e8d33dd06ba-groupManagement] INFO  server.RaftServerConfigKeys (ConfUtils.java:logGet(46)) - raft.server.log.async-flush.enabled = false (default)
2023-06-13 01:50:03,335 [949cbcb3-ffc8-4fb9-988d-3e8d33dd06ba-groupManagement] INFO  server.RaftServerConfigKeys (ConfUtils.java:logGet(46)) - raft.server.log.statemachine.data.caching.enabled = true (custom)
2023-06-13 01:50:03,335 [949cbcb3-ffc8-4fb9-988d-3e8d33dd06ba-groupManagement] INFO  segmented.SegmentedRaftLogWorker (SegmentedRaftLogWorker.java:lambda$new$0(135)) - 949cbcb3-ffc8-4fb9-988d-3e8d33dd06ba@group-95DD06E557A6-SegmentedRaftLogWorker: flushIndex: setUnconditionally 0 -> -1
2023-06-13 01:50:03,335 [949cbcb3-ffc8-4fb9-988d-3e8d33dd06ba-groupManagement] INFO  segmented.SegmentedRaftLogWorker (SegmentedRaftLogWorker.java:lambda$new$0(135)) - 949cbcb3-ffc8-4fb9-988d-3e8d33dd06ba@group-95DD06E557A6-SegmentedRaftLogWorker: safeCacheEvictIndex: setUnconditionally 0 -> -1
2023-06-13 01:50:03,338 [949cbcb3-ffc8-4fb9-988d-3e8d33dd06ba-groupManagement] INFO  server.RaftServer$Division (RaftServerImpl.java:start(342)) - 949cbcb3-ffc8-4fb9-988d-3e8d33dd06ba@group-95DD06E557A6: start as a follower, conf=-1: peers:[949cbcb3-ffc8-4fb9-988d-3e8d33dd06ba|rpc:10.1.0.18:15014|admin:10.1.0.18:15013|client:10.1.0.18:15012|dataStream:10.1.0.18:15015|priority:1|startupRole:FOLLOWER]|listeners:[], old=null
2023-06-13 01:50:03,338 [949cbcb3-ffc8-4fb9-988d-3e8d33dd06ba-groupManagement] INFO  server.RaftServer$Division (RaftServerImpl.java:setRole(329)) - 949cbcb3-ffc8-4fb9-988d-3e8d33dd06ba@group-95DD06E557A6: changes role from      null to FOLLOWER at term 0 for startAsFollower
2023-06-13 01:50:03,338 [949cbcb3-ffc8-4fb9-988d-3e8d33dd06ba-groupManagement] INFO  impl.RoleInfo (RoleInfo.java:updateAndGet(139)) - 949cbcb3-ffc8-4fb9-988d-3e8d33dd06ba: start 949cbcb3-ffc8-4fb9-988d-3e8d33dd06ba@group-95DD06E557A6-FollowerState
2023-06-13 01:50:03,339 [EventQueue-PipelineReportForPipelineReportHandler] INFO  pipeline.PipelineManagerImpl (PipelineManagerImpl.java:openPipeline(367)) - Pipeline Pipeline[ Id: eb359ad2-bc59-434e-9191-95dd06e557a6, Nodes: 949cbcb3-ffc8-4fb9-988d-3e8d33dd06ba(fv-az670-278.vvj1krob40nuzn3jnzu5queufe.phxx.internal.cloudapp.net/10.1.0.18), ReplicationConfig: RATIS/ONE, State:ALLOCATED, leaderId:949cbcb3-ffc8-4fb9-988d-3e8d33dd06ba, CreationTimestamp2023-06-13T01:50:00.316Z[Etc/UTC]] moved to OPEN state
2023-06-13 01:50:03,341 [949cbcb3-ffc8-4fb9-988d-3e8d33dd06ba@group-95DD06E557A6-FollowerState] INFO  server.RaftServerConfigKeys (ConfUtils.java:logFallback(53)) - raft.server.rpc.first-election.timeout.min = 5s (fallback to raft.server.rpc.timeout.min)
2023-06-13 01:50:03,341 [949cbcb3-ffc8-4fb9-988d-3e8d33dd06ba-groupManagement] INFO  util.JmxRegister (JmxRegister.java:tryRegister(44)) - Successfully registered JMX Bean with object name Ratis:service=RaftServer,group=group-95DD06E557A6,id=949cbcb3-ffc8-4fb9-988d-3e8d33dd06ba
2023-06-13 01:50:03,342 [EventQueue-OpenPipelineForHealthyPipelineSafeModeRule] INFO  safemode.SCMSafeModeManager (HealthyPipelineSafeModeRule.java:process(137)) - SCM in safe mode. Healthy pipelines reported count is 0, required healthy pipeline reported count is 1
2023-06-13 01:50:03,342 [949cbcb3-ffc8-4fb9-988d-3e8d33dd06ba-groupManagement] INFO  server.RaftServerConfigKeys (ConfUtils.java:logGet(46)) - raft.server.snapshot.auto.trigger.enabled = true (custom)
2023-06-13 01:50:03,342 [949cbcb3-ffc8-4fb9-988d-3e8d33dd06ba-groupManagement] INFO  server.RaftServerConfigKeys (ConfUtils.java:logGet(46)) - raft.server.snapshot.auto.trigger.threshold = 10000 (custom)
2023-06-13 01:50:03,342 [949cbcb3-ffc8-4fb9-988d-3e8d33dd06ba-groupManagement] INFO  server.RaftServerConfigKeys (ConfUtils.java:logGet(46)) - raft.server.snapshot.retention.file.num = 5 (custom)
2023-06-13 01:50:03,342 [949cbcb3-ffc8-4fb9-988d-3e8d33dd06ba-groupManagement] INFO  server.RaftServerConfigKeys (ConfUtils.java:logGet(46)) - raft.server.log.purge.upto.snapshot.index = false (default)
2023-06-13 01:50:03,343 [949cbcb3-ffc8-4fb9-988d-3e8d33dd06ba@group-95DD06E557A6-FollowerState] INFO  server.RaftServerConfigKeys (ConfUtils.java:logFallback(53)) - raft.server.rpc.first-election.timeout.max = 5200ms (fallback to raft.server.rpc.timeout.max)
2023-06-13 01:50:03,350 [PipelineCommandHandlerThread-0] INFO  ratis.XceiverServerRatis (XceiverServerRatis.java:addGroup(804)) - Created group PipelineID=eb359ad2-bc59-434e-9191-95dd06e557a6
2023-06-13 01:50:03,351 [PipelineCommandHandlerThread-0] INFO  commandhandler.CreatePipelineCommandHandler (CreatePipelineCommandHandler.java:lambda$handle$2(124)) - Created Pipeline RATIS ONE PipelineID=eb359ad2-bc59-434e-9191-95dd06e557a6.
2023-06-13 01:50:03,351 [PipelineCommandHandlerThread-0] INFO  server.RaftServer (RaftServerProxy.java:addNew(98)) - 949cbcb3-ffc8-4fb9-988d-3e8d33dd06ba: addNew group-9D1FC8B4240E:[f3f9e814-e788-48e2-bdc0-593c71648247|rpc:10.1.0.18:15023|admin:10.1.0.18:15022|client:10.1.0.18:15021|dataStream:10.1.0.18:15024|priority:1|startupRole:FOLLOWER, 949cbcb3-ffc8-4fb9-988d-3e8d33dd06ba|rpc:10.1.0.18:15014|admin:10.1.0.18:15013|client:10.1.0.18:15012|dataStream:10.1.0.18:15015|priority:0|startupRole:FOLLOWER, 3ffa4cce-b7d6-4a2e-8013-f08ece989394|rpc:10.1.0.18:15032|admin:10.1.0.18:15031|client:10.1.0.18:15030|dataStream:10.1.0.18:15033|priority:0|startupRole:FOLLOWER] returns group-9D1FC8B4240E:java.util.concurrent.CompletableFuture@3afde07[Not completed]
2023-06-13 01:50:03,352 [949cbcb3-ffc8-4fb9-988d-3e8d33dd06ba-groupManagement] INFO  server.RaftServer$Division (RaftServerImpl.java:<init>(198)) - 949cbcb3-ffc8-4fb9-988d-3e8d33dd06ba: new RaftServerImpl for group-9D1FC8B4240E:[f3f9e814-e788-48e2-bdc0-593c71648247|rpc:10.1.0.18:15023|admin:10.1.0.18:15022|client:10.1.0.18:15021|dataStream:10.1.0.18:15024|priority:1|startupRole:FOLLOWER, 949cbcb3-ffc8-4fb9-988d-3e8d33dd06ba|rpc:10.1.0.18:15014|admin:10.1.0.18:15013|client:10.1.0.18:15012|dataStream:10.1.0.18:15015|priority:0|startupRole:FOLLOWER, 3ffa4cce-b7d6-4a2e-8013-f08ece989394|rpc:10.1.0.18:15032|admin:10.1.0.18:15031|client:10.1.0.18:15030|dataStream:10.1.0.18:15033|priority:0|startupRole:FOLLOWER] with ContainerStateMachine:uninitialized
2023-06-13 01:50:03,352 [949cbcb3-ffc8-4fb9-988d-3e8d33dd06ba-groupManagement] INFO  server.RaftServerConfigKeys (ConfUtils.java:logGet(46)) - raft.server.rpc.timeout.min = 5s (custom)
2023-06-13 01:50:03,353 [949cbcb3-ffc8-4fb9-988d-3e8d33dd06ba-groupManagement] INFO  server.RaftServerConfigKeys (ConfUtils.java:logGet(46)) - raft.server.rpc.timeout.max = 5200ms (custom)
2023-06-13 01:50:03,353 [949cbcb3-ffc8-4fb9-988d-3e8d33dd06ba-groupManagement] INFO  server.RaftServerConfigKeys (ConfUtils.java:logGet(46)) - raft.server.rpc.sleep.time = 25ms (default)
2023-06-13 01:50:03,353 [949cbcb3-ffc8-4fb9-988d-3e8d33dd06ba-groupManagement] INFO  server.RaftServerConfigKeys (ConfUtils.java:logGet(46)) - raft.server.rpc.slowness.timeout = 300s (custom)
2023-06-13 01:50:03,353 [949cbcb3-ffc8-4fb9-988d-3e8d33dd06ba-groupManagement] INFO  server.RaftServerConfigKeys (ConfUtils.java:logGet(46)) - raft.server.leaderelection.leader.step-down.wait-time = 10s (default)
2023-06-13 01:50:03,353 [949cbcb3-ffc8-4fb9-988d-3e8d33dd06ba-groupManagement] INFO  server.RaftServerConfigKeys (ConfUtils.java:logGet(46)) - raft.server.sleep.deviation.threshold = 300ms (default)
2023-06-13 01:50:03,354 [949cbcb3-ffc8-4fb9-988d-3e8d33dd06ba-groupManagement] INFO  server.RaftServer$Division (ServerState.java:<init>(120)) - 949cbcb3-ffc8-4fb9-988d-3e8d33dd06ba@group-9D1FC8B4240E: ConfigurationManager, init=-1: peers:[f3f9e814-e788-48e2-bdc0-593c71648247|rpc:10.1.0.18:15023|admin:10.1.0.18:15022|client:10.1.0.18:15021|dataStream:10.1.0.18:15024|priority:1|startupRole:FOLLOWER, 949cbcb3-ffc8-4fb9-988d-3e8d33dd06ba|rpc:10.1.0.18:15014|admin:10.1.0.18:15013|client:10.1.0.18:15012|dataStream:10.1.0.18:15015|priority:0|startupRole:FOLLOWER, 3ffa4cce-b7d6-4a2e-8013-f08ece989394|rpc:10.1.0.18:15032|admin:10.1.0.18:15031|client:10.1.0.18:15030|dataStream:10.1.0.18:15033|priority:0|startupRole:FOLLOWER]|listeners:[], old=null, confs=<EMPTY_MAP>
2023-06-13 01:50:03,354 [949cbcb3-ffc8-4fb9-988d-3e8d33dd06ba-groupManagement] INFO  server.RaftServerConfigKeys (ConfUtils.java:logGet(46)) - raft.server.storage.dir = [/home/runner/work/ozone/ozone/hadoop-ozone/integration-test/target/test-dir/MiniOzoneClusterImpl-5f2dcc83-6c9d-45c9-8141-0f4d2c5ecdef/datanode-0/data/ratis] (custom)
2023-06-13 01:50:03,354 [949cbcb3-ffc8-4fb9-988d-3e8d33dd06ba-groupManagement] INFO  server.RaftServerConfigKeys (ConfUtils.java:logGet(46)) - raft.server.log.corruption.policy = EXCEPTION (default)
2023-06-13 01:50:03,354 [949cbcb3-ffc8-4fb9-988d-3e8d33dd06ba-groupManagement] INFO  server.RaftServerConfigKeys (ConfUtils.java:logGet(46)) - raft.server.storage.free-space.min = 0MB (=0) (default)
2023-06-13 01:50:03,354 [949cbcb3-ffc8-4fb9-988d-3e8d33dd06ba-groupManagement] INFO  server.RaftServerConfigKeys (ConfUtils.java:logGet(46)) - raft.server.notification.no-leader.timeout = 300s (custom)
2023-06-13 01:50:03,354 [949cbcb3-ffc8-4fb9-988d-3e8d33dd06ba-groupManagement] INFO  server.RaftServerConfigKeys (ConfUtils.java:logGet(46)) - raft.server.read.timeout = 10s (default)
2023-06-13 01:50:03,354 [949cbcb3-ffc8-4fb9-988d-3e8d33dd06ba-groupManagement] INFO  server.RaftServerConfigKeys (ConfUtils.java:logGet(46)) - raft.server.retrycache.expirytime = 600000ms (custom)
2023-06-13 01:50:03,354 [949cbcb3-ffc8-4fb9-988d-3e8d33dd06ba-groupManagement] INFO  server.RaftServerConfigKeys (ConfUtils.java:logGet(46)) - raft.server.retrycache.statistics.expirytime = 100μs (default)
2023-06-13 01:50:03,354 [949cbcb3-ffc8-4fb9-988d-3e8d33dd06ba-groupManagement] INFO  server.RaftServerConfigKeys (ConfUtils.java:logGet(46)) - raft.server.read.option = DEFAULT (default)
2023-06-13 01:50:03,357 [949cbcb3-ffc8-4fb9-988d-3e8d33dd06ba-groupManagement] INFO  server.RaftServerConfigKeys (ConfUtils.java:logGet(46)) - raft.server.rpc.request.timeout = 60s (custom)
2023-06-13 01:50:03,357 [949cbcb3-ffc8-4fb9-988d-3e8d33dd06ba-groupManagement] INFO  server.RaftServerConfigKeys (ConfUtils.java:logGet(46)) - raft.server.log.appender.install.snapshot.enabled = false (custom)
2023-06-13 01:50:03,357 [949cbcb3-ffc8-4fb9-988d-3e8d33dd06ba-groupManagement] INFO  server.RaftServerConfigKeys (ConfUtils.java:logGet(46)) - raft.server.threadpool.server.cached = true (default)
2023-06-13 01:50:03,357 [949cbcb3-ffc8-4fb9-988d-3e8d33dd06ba-groupManagement] INFO  server.RaftServerConfigKeys (ConfUtils.java:logGet(46)) - raft.server.threadpool.server.size = 0 (default)
2023-06-13 01:50:03,357 [949cbcb3-ffc8-4fb9-988d-3e8d33dd06ba-groupManagement] INFO  server.RaftServerConfigKeys (ConfUtils.java:logGet(46)) - raft.server.threadpool.client.cached = true (default)
2023-06-13 01:50:03,357 [949cbcb3-ffc8-4fb9-988d-3e8d33dd06ba-groupManagement] INFO  server.RaftServerConfigKeys (ConfUtils.java:logGet(46)) - raft.server.threadpool.client.size = 0 (default)
2023-06-13 01:50:03,357 [949cbcb3-ffc8-4fb9-988d-3e8d33dd06ba-groupManagement] INFO  storage.RaftStorageDirectory (RaftStorageDirectoryImpl.java:analyzeStorage(137)) - The storage directory /home/runner/work/ozone/ozone/hadoop-ozone/integration-test/target/test-dir/MiniOzoneClusterImpl-5f2dcc83-6c9d-45c9-8141-0f4d2c5ecdef/datanode-0/data/ratis/b36d0372-f5f7-44a1-bd20-9d1fc8b4240e does not exist. Creating ...
2023-06-13 01:50:03,358 [949cbcb3-ffc8-4fb9-988d-3e8d33dd06ba-groupManagement] INFO  storage.RaftStorageDirectory (RaftStorageDirectoryImpl.java:tryLock(231)) - Lock on /home/runner/work/ozone/ozone/hadoop-ozone/integration-test/target/test-dir/MiniOzoneClusterImpl-5f2dcc83-6c9d-45c9-8141-0f4d2c5ecdef/datanode-0/data/ratis/b36d0372-f5f7-44a1-bd20-9d1fc8b4240e/in_use.lock acquired by nodename 24814@fv-az670-278
2023-06-13 01:50:03,360 [949cbcb3-ffc8-4fb9-988d-3e8d33dd06ba-groupManagement] INFO  storage.RaftStorage (RaftStorageImpl.java:format(96)) - Storage directory /home/runner/work/ozone/ozone/hadoop-ozone/integration-test/target/test-dir/MiniOzoneClusterImpl-5f2dcc83-6c9d-45c9-8141-0f4d2c5ecdef/datanode-0/data/ratis/b36d0372-f5f7-44a1-bd20-9d1fc8b4240e has been successfully formatted.
2023-06-13 01:50:03,362 [949cbcb3-ffc8-4fb9-988d-3e8d33dd06ba-groupManagement] INFO  ratis.ContainerStateMachine (ContainerStateMachine.java:loadSnapshot(262)) - group-9D1FC8B4240E: The snapshot info is null. Setting the last applied indexto:(t:0, i:~)
2023-06-13 01:50:03,362 [949cbcb3-ffc8-4fb9-988d-3e8d33dd06ba-groupManagement] INFO  server.RaftServerConfigKeys (ConfUtils.java:logGet(46)) - raft.server.log.use.memory = false (default)
2023-06-13 01:50:03,362 [949cbcb3-ffc8-4fb9-988d-3e8d33dd06ba-groupManagement] INFO  server.RaftServerConfigKeys (ConfUtils.java:logGet(46)) - raft.server.log.purge.gap = 1000000 (custom)
2023-06-13 01:50:03,362 [949cbcb3-ffc8-4fb9-988d-3e8d33dd06ba-groupManagement] INFO  server.RaftServerConfigKeys (ConfUtils.java:logGet(46)) - raft.server.log.appender.buffer.byte-limit = 33554432 (custom)
2023-06-13 01:50:03,362 [949cbcb3-ffc8-4fb9-988d-3e8d33dd06ba-groupManagement] INFO  server.RaftServerConfigKeys (ConfUtils.java:logGet(46)) - raft.server.log.statemachine.data.read.timeout = 1000ms (default)
2023-06-13 01:50:03,362 [949cbcb3-ffc8-4fb9-988d-3e8d33dd06ba-groupManagement] INFO  server.RaftServerConfigKeys (ConfUtils.java:logGet(46)) - raft.server.log.purge.preservation.log.num = 0 (default)
2023-06-13 01:50:03,362 [949cbcb3-ffc8-4fb9-988d-3e8d33dd06ba-groupManagement] INFO  server.RaftServerConfigKeys (ConfUtils.java:logGet(46)) - raft.server.log.segment.size.max = 1048576 (custom)
2023-06-13 01:50:03,362 [EventQueue-OpenPipelineForHealthyPipelineSafeModeRule] INFO  safemode.SCMSafeModeManager (HealthyPipelineSafeModeRule.java:process(137)) - SCM in safe mode. Healthy pipelines reported count is 0, required healthy pipeline reported count is 1
2023-06-13 01:50:03,370 [949cbcb3-ffc8-4fb9-988d-3e8d33dd06ba-groupManagement] INFO  server.RaftServerConfigKeys (ConfUtils.java:logGet(46)) - raft.server.log.segment.cache.num.max = 2 (custom)
2023-06-13 01:50:03,370 [949cbcb3-ffc8-4fb9-988d-3e8d33dd06ba-groupManagement] INFO  server.RaftServerConfigKeys (ConfUtils.java:logGet(46)) - raft.server.log.segment.cache.size.max = 200MB (=209715200) (default)
2023-06-13 01:50:03,370 [949cbcb3-ffc8-4fb9-988d-3e8d33dd06ba-groupManagement] INFO  server.RaftServerConfigKeys (ConfUtils.java:logGet(46)) - raft.server.log.appender.buffer.byte-limit = 33554432 (custom)
2023-06-13 01:50:03,370 [949cbcb3-ffc8-4fb9-988d-3e8d33dd06ba-groupManagement] INFO  segmented.SegmentedRaftLogWorker (SegmentedRaftLogWorker.java:<init>(188)) - new 949cbcb3-ffc8-4fb9-988d-3e8d33dd06ba@group-9D1FC8B4240E-SegmentedRaftLogWorker for RaftStorageImpl:Storage Directory /home/runner/work/ozone/ozone/hadoop-ozone/integration-test/target/test-dir/MiniOzoneClusterImpl-5f2dcc83-6c9d-45c9-8141-0f4d2c5ecdef/datanode-0/data/ratis/b36d0372-f5f7-44a1-bd20-9d1fc8b4240e
2023-06-13 01:50:03,370 [949cbcb3-ffc8-4fb9-988d-3e8d33dd06ba-groupManagement] INFO  server.RaftServerConfigKeys (ConfUtils.java:logGet(46)) - raft.server.log.queue.byte-limit = 4294967296 (custom)
2023-06-13 01:50:03,370 [949cbcb3-ffc8-4fb9-988d-3e8d33dd06ba-groupManagement] INFO  server.RaftServerConfigKeys (ConfUtils.java:logGet(46)) - raft.server.log.queue.element-limit = 1024 (custom)
2023-06-13 01:50:03,370 [949cbcb3-ffc8-4fb9-988d-3e8d33dd06ba-groupManagement] INFO  server.RaftServerConfigKeys (ConfUtils.java:logGet(46)) - raft.server.log.segment.size.max = 1048576 (custom)
2023-06-13 01:50:03,370 [949cbcb3-ffc8-4fb9-988d-3e8d33dd06ba-groupManagement] INFO  server.RaftServerConfigKeys (ConfUtils.java:logGet(46)) - raft.server.log.preallocated.size = 16384 (custom)
2023-06-13 01:50:03,370 [949cbcb3-ffc8-4fb9-988d-3e8d33dd06ba-groupManagement] INFO  server.RaftServerConfigKeys (ConfUtils.java:logGet(46)) - raft.server.log.force.sync.num = 128 (default)
2023-06-13 01:50:03,370 [949cbcb3-ffc8-4fb9-988d-3e8d33dd06ba-groupManagement] INFO  server.RaftServerConfigKeys (ConfUtils.java:logGet(46)) - raft.server.log.statemachine.data.sync = true (default)
2023-06-13 01:50:03,373 [949cbcb3-ffc8-4fb9-988d-3e8d33dd06ba-groupManagement] INFO  server.RaftServerConfigKeys (ConfUtils.java:logGet(46)) - raft.server.log.statemachine.data.sync.timeout = 10s (default)
2023-06-13 01:50:03,373 [949cbcb3-ffc8-4fb9-988d-3e8d33dd06ba-groupManagement] INFO  server.RaftServerConfigKeys (ConfUtils.java:logGet(46)) - raft.server.log.statemachine.data.sync.timeout.retry = -1 (default)
2023-06-13 01:50:03,376 [949cbcb3-ffc8-4fb9-988d-3e8d33dd06ba-groupManagement] INFO  server.RaftServerConfigKeys (ConfUtils.java:logGet(46)) - raft.server.log.write.buffer.size = 1048576 (custom)
2023-06-13 01:50:03,377 [949cbcb3-ffc8-4fb9-988d-3e8d33dd06ba-groupManagement] INFO  server.RaftServerConfigKeys (ConfUtils.java:logGet(46)) - raft.server.log.appender.buffer.byte-limit = 33554432 (custom)
2023-06-13 01:50:03,380 [949cbcb3-ffc8-4fb9-988d-3e8d33dd06ba-groupManagement] INFO  server.RaftServerConfigKeys (ConfUtils.java:logGet(46)) - raft.server.log.unsafe-flush.enabled = false (default)
2023-06-13 01:50:03,380 [949cbcb3-ffc8-4fb9-988d-3e8d33dd06ba-groupManagement] INFO  server.RaftServerConfigKeys (ConfUtils.java:logGet(46)) - raft.server.log.async-flush.enabled = false (default)
2023-06-13 01:50:03,380 [949cbcb3-ffc8-4fb9-988d-3e8d33dd06ba-groupManagement] INFO  server.RaftServerConfigKeys (ConfUtils.java:logGet(46)) - raft.server.log.statemachine.data.caching.enabled = true (custom)
2023-06-13 01:50:03,380 [949cbcb3-ffc8-4fb9-988d-3e8d33dd06ba-groupManagement] INFO  segmented.SegmentedRaftLogWorker (SegmentedRaftLogWorker.java:lambda$new$0(135)) - 949cbcb3-ffc8-4fb9-988d-3e8d33dd06ba@group-9D1FC8B4240E-SegmentedRaftLogWorker: flushIndex: setUnconditionally 0 -> -1
2023-06-13 01:50:03,380 [949cbcb3-ffc8-4fb9-988d-3e8d33dd06ba-groupManagement] INFO  segmented.SegmentedRaftLogWorker (SegmentedRaftLogWorker.java:lambda$new$0(135)) - 949cbcb3-ffc8-4fb9-988d-3e8d33dd06ba@group-9D1FC8B4240E-SegmentedRaftLogWorker: safeCacheEvictIndex: setUnconditionally 0 -> -1
2023-06-13 01:50:03,381 [949cbcb3-ffc8-4fb9-988d-3e8d33dd06ba-groupManagement] INFO  server.RaftServer$Division (RaftServerImpl.java:start(342)) - 949cbcb3-ffc8-4fb9-988d-3e8d33dd06ba@group-9D1FC8B4240E: start as a follower, conf=-1: peers:[f3f9e814-e788-48e2-bdc0-593c71648247|rpc:10.1.0.18:15023|admin:10.1.0.18:15022|client:10.1.0.18:15021|dataStream:10.1.0.18:15024|priority:1|startupRole:FOLLOWER, 949cbcb3-ffc8-4fb9-988d-3e8d33dd06ba|rpc:10.1.0.18:15014|admin:10.1.0.18:15013|client:10.1.0.18:15012|dataStream:10.1.0.18:15015|priority:0|startupRole:FOLLOWER, 3ffa4cce-b7d6-4a2e-8013-f08ece989394|rpc:10.1.0.18:15032|admin:10.1.0.18:15031|client:10.1.0.18:15030|dataStream:10.1.0.18:15033|priority:0|startupRole:FOLLOWER]|listeners:[], old=null
2023-06-13 01:50:03,381 [949cbcb3-ffc8-4fb9-988d-3e8d33dd06ba-groupManagement] INFO  server.RaftServer$Division (RaftServerImpl.java:setRole(329)) - 949cbcb3-ffc8-4fb9-988d-3e8d33dd06ba@group-9D1FC8B4240E: changes role from      null to FOLLOWER at term 0 for startAsFollower
2023-06-13 01:50:03,381 [949cbcb3-ffc8-4fb9-988d-3e8d33dd06ba-groupManagement] INFO  impl.RoleInfo (RoleInfo.java:updateAndGet(139)) - 949cbcb3-ffc8-4fb9-988d-3e8d33dd06ba: start 949cbcb3-ffc8-4fb9-988d-3e8d33dd06ba@group-9D1FC8B4240E-FollowerState
2023-06-13 01:50:03,382 [949cbcb3-ffc8-4fb9-988d-3e8d33dd06ba@group-9D1FC8B4240E-FollowerState] INFO  server.RaftServerConfigKeys (ConfUtils.java:logFallback(53)) - raft.server.rpc.first-election.timeout.min = 5s (fallback to raft.server.rpc.timeout.min)
2023-06-13 01:50:03,383 [949cbcb3-ffc8-4fb9-988d-3e8d33dd06ba-groupManagement] INFO  util.JmxRegister (JmxRegister.java:tryRegister(44)) - Successfully registered JMX Bean with object name Ratis:service=RaftServer,group=group-9D1FC8B4240E,id=949cbcb3-ffc8-4fb9-988d-3e8d33dd06ba
2023-06-13 01:50:03,383 [949cbcb3-ffc8-4fb9-988d-3e8d33dd06ba@group-9D1FC8B4240E-FollowerState] INFO  server.RaftServerConfigKeys (ConfUtils.java:logFallback(53)) - raft.server.rpc.first-election.timeout.max = 5200ms (fallback to raft.server.rpc.timeout.max)
2023-06-13 01:50:03,383 [949cbcb3-ffc8-4fb9-988d-3e8d33dd06ba-groupManagement] INFO  server.RaftServerConfigKeys (ConfUtils.java:logGet(46)) - raft.server.snapshot.auto.trigger.enabled = true (custom)
2023-06-13 01:50:03,383 [949cbcb3-ffc8-4fb9-988d-3e8d33dd06ba-groupManagement] INFO  server.RaftServerConfigKeys (ConfUtils.java:logGet(46)) - raft.server.snapshot.auto.trigger.threshold = 10000 (custom)
2023-06-13 01:50:03,383 [949cbcb3-ffc8-4fb9-988d-3e8d33dd06ba-groupManagement] INFO  server.RaftServerConfigKeys (ConfUtils.java:logGet(46)) - raft.server.snapshot.retention.file.num = 5 (custom)
2023-06-13 01:50:03,385 [949cbcb3-ffc8-4fb9-988d-3e8d33dd06ba-groupManagement] INFO  server.RaftServerConfigKeys (ConfUtils.java:logGet(46)) - raft.server.log.purge.upto.snapshot.index = false (default)
2023-06-13 01:50:03,387 [PipelineCommandHandlerThread-0] INFO  ratis.XceiverServerRatis (XceiverServerRatis.java:addGroup(804)) - Created group PipelineID=b36d0372-f5f7-44a1-bd20-9d1fc8b4240e
2023-06-13 01:50:03,699 [grpc-default-executor-0] INFO  server.RaftServer (RaftServerProxy.java:addNew(98)) - 3ffa4cce-b7d6-4a2e-8013-f08ece989394: addNew group-9D1FC8B4240E:[f3f9e814-e788-48e2-bdc0-593c71648247|rpc:10.1.0.18:15023|admin:10.1.0.18:15022|client:10.1.0.18:15021|dataStream:10.1.0.18:15024|priority:1|startupRole:FOLLOWER, 949cbcb3-ffc8-4fb9-988d-3e8d33dd06ba|rpc:10.1.0.18:15014|admin:10.1.0.18:15013|client:10.1.0.18:15012|dataStream:10.1.0.18:15015|priority:0|startupRole:FOLLOWER, 3ffa4cce-b7d6-4a2e-8013-f08ece989394|rpc:10.1.0.18:15032|admin:10.1.0.18:15031|client:10.1.0.18:15030|dataStream:10.1.0.18:15033|priority:0|startupRole:FOLLOWER] returns group-9D1FC8B4240E:java.util.concurrent.CompletableFuture@286af1d7[Not completed]
2023-06-13 01:50:03,701 [3ffa4cce-b7d6-4a2e-8013-f08ece989394-groupManagement] INFO  server.RaftServer$Division (RaftServerImpl.java:<init>(198)) - 3ffa4cce-b7d6-4a2e-8013-f08ece989394: new RaftServerImpl for group-9D1FC8B4240E:[f3f9e814-e788-48e2-bdc0-593c71648247|rpc:10.1.0.18:15023|admin:10.1.0.18:15022|client:10.1.0.18:15021|dataStream:10.1.0.18:15024|priority:1|startupRole:FOLLOWER, 949cbcb3-ffc8-4fb9-988d-3e8d33dd06ba|rpc:10.1.0.18:15014|admin:10.1.0.18:15013|client:10.1.0.18:15012|dataStream:10.1.0.18:15015|priority:0|startupRole:FOLLOWER, 3ffa4cce-b7d6-4a2e-8013-f08ece989394|rpc:10.1.0.18:15032|admin:10.1.0.18:15031|client:10.1.0.18:15030|dataStream:10.1.0.18:15033|priority:0|startupRole:FOLLOWER] with ContainerStateMachine:uninitialized
2023-06-13 01:50:03,701 [3ffa4cce-b7d6-4a2e-8013-f08ece989394-groupManagement] INFO  server.RaftServerConfigKeys (ConfUtils.java:logGet(46)) - raft.server.rpc.timeout.min = 5s (custom)
2023-06-13 01:50:03,701 [3ffa4cce-b7d6-4a2e-8013-f08ece989394-groupManagement] INFO  server.RaftServerConfigKeys (ConfUtils.java:logGet(46)) - raft.server.rpc.timeout.max = 5200ms (custom)
2023-06-13 01:50:03,701 [3ffa4cce-b7d6-4a2e-8013-f08ece989394-groupManagement] INFO  server.RaftServerConfigKeys (ConfUtils.java:logGet(46)) - raft.server.rpc.sleep.time = 25ms (default)
2023-06-13 01:50:03,702 [3ffa4cce-b7d6-4a2e-8013-f08ece989394-groupManagement] INFO  server.RaftServerConfigKeys (ConfUtils.java:logGet(46)) - raft.server.rpc.slowness.timeout = 300s (custom)
2023-06-13 01:50:03,702 [3ffa4cce-b7d6-4a2e-8013-f08ece989394-groupManagement] INFO  server.RaftServerConfigKeys (ConfUtils.java:logGet(46)) - raft.server.leaderelection.leader.step-down.wait-time = 10s (default)
2023-06-13 01:50:03,702 [3ffa4cce-b7d6-4a2e-8013-f08ece989394-groupManagement] INFO  server.RaftServerConfigKeys (ConfUtils.java:logGet(46)) - raft.server.sleep.deviation.threshold = 300ms (default)
2023-06-13 01:50:03,702 [3ffa4cce-b7d6-4a2e-8013-f08ece989394-groupManagement] INFO  server.RaftServer$Division (ServerState.java:<init>(120)) - 3ffa4cce-b7d6-4a2e-8013-f08ece989394@group-9D1FC8B4240E: ConfigurationManager, init=-1: peers:[f3f9e814-e788-48e2-bdc0-593c71648247|rpc:10.1.0.18:15023|admin:10.1.0.18:15022|client:10.1.0.18:15021|dataStream:10.1.0.18:15024|priority:1|startupRole:FOLLOWER, 949cbcb3-ffc8-4fb9-988d-3e8d33dd06ba|rpc:10.1.0.18:15014|admin:10.1.0.18:15013|client:10.1.0.18:15012|dataStream:10.1.0.18:15015|priority:0|startupRole:FOLLOWER, 3ffa4cce-b7d6-4a2e-8013-f08ece989394|rpc:10.1.0.18:15032|admin:10.1.0.18:15031|client:10.1.0.18:15030|dataStream:10.1.0.18:15033|priority:0|startupRole:FOLLOWER]|listeners:[], old=null, confs=<EMPTY_MAP>
2023-06-13 01:50:03,702 [3ffa4cce-b7d6-4a2e-8013-f08ece989394-groupManagement] INFO  server.RaftServerConfigKeys (ConfUtils.java:logGet(46)) - raft.server.storage.dir = [/home/runner/work/ozone/ozone/hadoop-ozone/integration-test/target/test-dir/MiniOzoneClusterImpl-5f2dcc83-6c9d-45c9-8141-0f4d2c5ecdef/datanode-2/data/ratis] (custom)
2023-06-13 01:50:03,702 [3ffa4cce-b7d6-4a2e-8013-f08ece989394-groupManagement] INFO  server.RaftServerConfigKeys (ConfUtils.java:logGet(46)) - raft.server.log.corruption.policy = EXCEPTION (default)
2023-06-13 01:50:03,702 [3ffa4cce-b7d6-4a2e-8013-f08ece989394-groupManagement] INFO  server.RaftServerConfigKeys (ConfUtils.java:logGet(46)) - raft.server.storage.free-space.min = 0MB (=0) (default)
2023-06-13 01:50:03,702 [3ffa4cce-b7d6-4a2e-8013-f08ece989394-groupManagement] INFO  server.RaftServerConfigKeys (ConfUtils.java:logGet(46)) - raft.server.notification.no-leader.timeout = 300s (custom)
2023-06-13 01:50:03,702 [3ffa4cce-b7d6-4a2e-8013-f08ece989394-groupManagement] INFO  server.RaftServerConfigKeys (ConfUtils.java:logGet(46)) - raft.server.read.timeout = 10s (default)
2023-06-13 01:50:03,702 [3ffa4cce-b7d6-4a2e-8013-f08ece989394-groupManagement] INFO  server.RaftServerConfigKeys (ConfUtils.java:logGet(46)) - raft.server.retrycache.expirytime = 600000ms (custom)
2023-06-13 01:50:03,702 [3ffa4cce-b7d6-4a2e-8013-f08ece989394-groupManagement] INFO  server.RaftServerConfigKeys (ConfUtils.java:logGet(46)) - raft.server.retrycache.statistics.expirytime = 100μs (default)
2023-06-13 01:50:03,702 [3ffa4cce-b7d6-4a2e-8013-f08ece989394-groupManagement] INFO  server.RaftServerConfigKeys (ConfUtils.java:logGet(46)) - raft.server.read.option = DEFAULT (default)
2023-06-13 01:50:03,704 [3ffa4cce-b7d6-4a2e-8013-f08ece989394-groupManagement] INFO  server.RaftServerConfigKeys (ConfUtils.java:logGet(46)) - raft.server.rpc.request.timeout = 60s (custom)
2023-06-13 01:50:03,704 [3ffa4cce-b7d6-4a2e-8013-f08ece989394-groupManagement] INFO  server.RaftServerConfigKeys (ConfUtils.java:logGet(46)) - raft.server.log.appender.install.snapshot.enabled = false (custom)
2023-06-13 01:50:03,704 [3ffa4cce-b7d6-4a2e-8013-f08ece989394-groupManagement] INFO  server.RaftServerConfigKeys (ConfUtils.java:logGet(46)) - raft.server.threadpool.server.cached = true (default)
2023-06-13 01:50:03,704 [3ffa4cce-b7d6-4a2e-8013-f08ece989394-groupManagement] INFO  server.RaftServerConfigKeys (ConfUtils.java:logGet(46)) - raft.server.threadpool.server.size = 0 (default)
2023-06-13 01:50:03,704 [3ffa4cce-b7d6-4a2e-8013-f08ece989394-groupManagement] INFO  server.RaftServerConfigKeys (ConfUtils.java:logGet(46)) - raft.server.threadpool.client.cached = true (default)
2023-06-13 01:50:03,704 [3ffa4cce-b7d6-4a2e-8013-f08ece989394-groupManagement] INFO  server.RaftServerConfigKeys (ConfUtils.java:logGet(46)) - raft.server.threadpool.client.size = 0 (default)
2023-06-13 01:50:03,704 [3ffa4cce-b7d6-4a2e-8013-f08ece989394-groupManagement] INFO  storage.RaftStorageDirectory (RaftStorageDirectoryImpl.java:analyzeStorage(137)) - The storage directory /home/runner/work/ozone/ozone/hadoop-ozone/integration-test/target/test-dir/MiniOzoneClusterImpl-5f2dcc83-6c9d-45c9-8141-0f4d2c5ecdef/datanode-2/data/ratis/b36d0372-f5f7-44a1-bd20-9d1fc8b4240e does not exist. Creating ...
2023-06-13 01:50:03,706 [3ffa4cce-b7d6-4a2e-8013-f08ece989394-groupManagement] INFO  storage.RaftStorageDirectory (RaftStorageDirectoryImpl.java:tryLock(231)) - Lock on /home/runner/work/ozone/ozone/hadoop-ozone/integration-test/target/test-dir/MiniOzoneClusterImpl-5f2dcc83-6c9d-45c9-8141-0f4d2c5ecdef/datanode-2/data/ratis/b36d0372-f5f7-44a1-bd20-9d1fc8b4240e/in_use.lock acquired by nodename 24814@fv-az670-278
2023-06-13 01:50:03,707 [3ffa4cce-b7d6-4a2e-8013-f08ece989394-groupManagement] INFO  storage.RaftStorage (RaftStorageImpl.java:format(96)) - Storage directory /home/runner/work/ozone/ozone/hadoop-ozone/integration-test/target/test-dir/MiniOzoneClusterImpl-5f2dcc83-6c9d-45c9-8141-0f4d2c5ecdef/datanode-2/data/ratis/b36d0372-f5f7-44a1-bd20-9d1fc8b4240e has been successfully formatted.
2023-06-13 01:50:03,708 [3ffa4cce-b7d6-4a2e-8013-f08ece989394-groupManagement] INFO  ratis.ContainerStateMachine (ContainerStateMachine.java:loadSnapshot(262)) - group-9D1FC8B4240E: The snapshot info is null. Setting the last applied indexto:(t:0, i:~)
2023-06-13 01:50:03,709 [3ffa4cce-b7d6-4a2e-8013-f08ece989394-groupManagement] INFO  server.RaftServerConfigKeys (ConfUtils.java:logGet(46)) - raft.server.log.use.memory = false (default)
2023-06-13 01:50:03,709 [3ffa4cce-b7d6-4a2e-8013-f08ece989394-groupManagement] INFO  server.RaftServerConfigKeys (ConfUtils.java:logGet(46)) - raft.server.log.purge.gap = 1000000 (custom)
2023-06-13 01:50:03,709 [3ffa4cce-b7d6-4a2e-8013-f08ece989394-groupManagement] INFO  server.RaftServerConfigKeys (ConfUtils.java:logGet(46)) - raft.server.log.appender.buffer.byte-limit = 33554432 (custom)
2023-06-13 01:50:03,709 [3ffa4cce-b7d6-4a2e-8013-f08ece989394-groupManagement] INFO  server.RaftServerConfigKeys (ConfUtils.java:logGet(46)) - raft.server.log.statemachine.data.read.timeout = 1000ms (default)
2023-06-13 01:50:03,709 [3ffa4cce-b7d6-4a2e-8013-f08ece989394-groupManagement] INFO  server.RaftServerConfigKeys (ConfUtils.java:logGet(46)) - raft.server.log.purge.preservation.log.num = 0 (default)
2023-06-13 01:50:03,709 [3ffa4cce-b7d6-4a2e-8013-f08ece989394-groupManagement] INFO  server.RaftServerConfigKeys (ConfUtils.java:logGet(46)) - raft.server.log.segment.size.max = 1048576 (custom)
2023-06-13 01:50:03,710 [3ffa4cce-b7d6-4a2e-8013-f08ece989394-groupManagement] INFO  server.RaftServerConfigKeys (ConfUtils.java:logGet(46)) - raft.server.log.segment.cache.num.max = 2 (custom)
2023-06-13 01:50:03,710 [3ffa4cce-b7d6-4a2e-8013-f08ece989394-groupManagement] INFO  server.RaftServerConfigKeys (ConfUtils.java:logGet(46)) - raft.server.log.segment.cache.size.max = 200MB (=209715200) (default)
2023-06-13 01:50:03,710 [3ffa4cce-b7d6-4a2e-8013-f08ece989394-groupManagement] INFO  server.RaftServerConfigKeys (ConfUtils.java:logGet(46)) - raft.server.log.appender.buffer.byte-limit = 33554432 (custom)
2023-06-13 01:50:03,710 [3ffa4cce-b7d6-4a2e-8013-f08ece989394-groupManagement] INFO  segmented.SegmentedRaftLogWorker (SegmentedRaftLogWorker.java:<init>(188)) - new 3ffa4cce-b7d6-4a2e-8013-f08ece989394@group-9D1FC8B4240E-SegmentedRaftLogWorker for RaftStorageImpl:Storage Directory /home/runner/work/ozone/ozone/hadoop-ozone/integration-test/target/test-dir/MiniOzoneClusterImpl-5f2dcc83-6c9d-45c9-8141-0f4d2c5ecdef/datanode-2/data/ratis/b36d0372-f5f7-44a1-bd20-9d1fc8b4240e
2023-06-13 01:50:03,710 [3ffa4cce-b7d6-4a2e-8013-f08ece989394-groupManagement] INFO  server.RaftServerConfigKeys (ConfUtils.java:logGet(46)) - raft.server.log.queue.byte-limit = 4294967296 (custom)
2023-06-13 01:50:03,710 [3ffa4cce-b7d6-4a2e-8013-f08ece989394-groupManagement] INFO  server.RaftServerConfigKeys (ConfUtils.java:logGet(46)) - raft.server.log.queue.element-limit = 1024 (custom)
2023-06-13 01:50:03,710 [3ffa4cce-b7d6-4a2e-8013-f08ece989394-groupManagement] INFO  server.RaftServerConfigKeys (ConfUtils.java:logGet(46)) - raft.server.log.segment.size.max = 1048576 (custom)
2023-06-13 01:50:03,710 [3ffa4cce-b7d6-4a2e-8013-f08ece989394-groupManagement] INFO  server.RaftServerConfigKeys (ConfUtils.java:logGet(46)) - raft.server.log.preallocated.size = 16384 (custom)
2023-06-13 01:50:03,710 [3ffa4cce-b7d6-4a2e-8013-f08ece989394-groupManagement] INFO  server.RaftServerConfigKeys (ConfUtils.java:logGet(46)) - raft.server.log.force.sync.num = 128 (default)
2023-06-13 01:50:03,710 [3ffa4cce-b7d6-4a2e-8013-f08ece989394-groupManagement] INFO  server.RaftServerConfigKeys (ConfUtils.java:logGet(46)) - raft.server.log.statemachine.data.sync = true (default)
2023-06-13 01:50:03,710 [3ffa4cce-b7d6-4a2e-8013-f08ece989394-groupManagement] INFO  server.RaftServerConfigKeys (ConfUtils.java:logGet(46)) - raft.server.log.statemachine.data.sync.timeout = 10s (default)
2023-06-13 01:50:03,710 [3ffa4cce-b7d6-4a2e-8013-f08ece989394-groupManagement] INFO  server.RaftServerConfigKeys (ConfUtils.java:logGet(46)) - raft.server.log.statemachine.data.sync.timeout.retry = -1 (default)
2023-06-13 01:50:03,711 [3ffa4cce-b7d6-4a2e-8013-f08ece989394-groupManagement] INFO  server.RaftServerConfigKeys (ConfUtils.java:logGet(46)) - raft.server.log.write.buffer.size = 1048576 (custom)
2023-06-13 01:50:03,712 [3ffa4cce-b7d6-4a2e-8013-f08ece989394-groupManagement] INFO  server.RaftServerConfigKeys (ConfUtils.java:logGet(46)) - raft.server.log.appender.buffer.byte-limit = 33554432 (custom)
2023-06-13 01:50:03,716 [3ffa4cce-b7d6-4a2e-8013-f08ece989394-groupManagement] INFO  server.RaftServerConfigKeys (ConfUtils.java:logGet(46)) - raft.server.log.unsafe-flush.enabled = false (default)
2023-06-13 01:50:03,716 [3ffa4cce-b7d6-4a2e-8013-f08ece989394-groupManagement] INFO  server.RaftServerConfigKeys (ConfUtils.java:logGet(46)) - raft.server.log.async-flush.enabled = false (default)
2023-06-13 01:50:03,716 [3ffa4cce-b7d6-4a2e-8013-f08ece989394-groupManagement] INFO  server.RaftServerConfigKeys (ConfUtils.java:logGet(46)) - raft.server.log.statemachine.data.caching.enabled = true (custom)
2023-06-13 01:50:03,717 [3ffa4cce-b7d6-4a2e-8013-f08ece989394-groupManagement] INFO  segmented.SegmentedRaftLogWorker (SegmentedRaftLogWorker.java:lambda$new$0(135)) - 3ffa4cce-b7d6-4a2e-8013-f08ece989394@group-9D1FC8B4240E-SegmentedRaftLogWorker: flushIndex: setUnconditionally 0 -> -1
2023-06-13 01:50:03,717 [3ffa4cce-b7d6-4a2e-8013-f08ece989394-groupManagement] INFO  segmented.SegmentedRaftLogWorker (SegmentedRaftLogWorker.java:lambda$new$0(135)) - 3ffa4cce-b7d6-4a2e-8013-f08ece989394@group-9D1FC8B4240E-SegmentedRaftLogWorker: safeCacheEvictIndex: setUnconditionally 0 -> -1
2023-06-13 01:50:03,717 [3ffa4cce-b7d6-4a2e-8013-f08ece989394-groupManagement] INFO  server.RaftServer$Division (RaftServerImpl.java:start(342)) - 3ffa4cce-b7d6-4a2e-8013-f08ece989394@group-9D1FC8B4240E: start as a follower, conf=-1: peers:[f3f9e814-e788-48e2-bdc0-593c71648247|rpc:10.1.0.18:15023|admin:10.1.0.18:15022|client:10.1.0.18:15021|dataStream:10.1.0.18:15024|priority:1|startupRole:FOLLOWER, 949cbcb3-ffc8-4fb9-988d-3e8d33dd06ba|rpc:10.1.0.18:15014|admin:10.1.0.18:15013|client:10.1.0.18:15012|dataStream:10.1.0.18:15015|priority:0|startupRole:FOLLOWER, 3ffa4cce-b7d6-4a2e-8013-f08ece989394|rpc:10.1.0.18:15032|admin:10.1.0.18:15031|client:10.1.0.18:15030|dataStream:10.1.0.18:15033|priority:0|startupRole:FOLLOWER]|listeners:[], old=null
2023-06-13 01:50:03,717 [3ffa4cce-b7d6-4a2e-8013-f08ece989394-groupManagement] INFO  server.RaftServer$Division (RaftServerImpl.java:setRole(329)) - 3ffa4cce-b7d6-4a2e-8013-f08ece989394@group-9D1FC8B4240E: changes role from      null to FOLLOWER at term 0 for startAsFollower
2023-06-13 01:50:03,717 [3ffa4cce-b7d6-4a2e-8013-f08ece989394-groupManagement] INFO  impl.RoleInfo (RoleInfo.java:updateAndGet(139)) - 3ffa4cce-b7d6-4a2e-8013-f08ece989394: start 3ffa4cce-b7d6-4a2e-8013-f08ece989394@group-9D1FC8B4240E-FollowerState
2023-06-13 01:50:03,717 [3ffa4cce-b7d6-4a2e-8013-f08ece989394-groupManagement] INFO  util.JmxRegister (JmxRegister.java:tryRegister(44)) - Successfully registered JMX Bean with object name Ratis:service=RaftServer,group=group-9D1FC8B4240E,id=3ffa4cce-b7d6-4a2e-8013-f08ece989394
2023-06-13 01:50:03,717 [3ffa4cce-b7d6-4a2e-8013-f08ece989394-groupManagement] INFO  server.RaftServerConfigKeys (ConfUtils.java:logGet(46)) - raft.server.snapshot.auto.trigger.enabled = true (custom)
2023-06-13 01:50:03,717 [3ffa4cce-b7d6-4a2e-8013-f08ece989394-groupManagement] INFO  server.RaftServerConfigKeys (ConfUtils.java:logGet(46)) - raft.server.snapshot.auto.trigger.threshold = 10000 (custom)
2023-06-13 01:50:03,717 [3ffa4cce-b7d6-4a2e-8013-f08ece989394-groupManagement] INFO  server.RaftServerConfigKeys (ConfUtils.java:logGet(46)) - raft.server.snapshot.retention.file.num = 5 (custom)
2023-06-13 01:50:03,718 [3ffa4cce-b7d6-4a2e-8013-f08ece989394-groupManagement] INFO  server.RaftServerConfigKeys (ConfUtils.java:logGet(46)) - raft.server.log.purge.upto.snapshot.index = false (default)
2023-06-13 01:50:03,718 [3ffa4cce-b7d6-4a2e-8013-f08ece989394@group-9D1FC8B4240E-FollowerState] INFO  server.RaftServerConfigKeys (ConfUtils.java:logFallback(53)) - raft.server.rpc.first-election.timeout.min = 5s (fallback to raft.server.rpc.timeout.min)
2023-06-13 01:50:03,731 [3ffa4cce-b7d6-4a2e-8013-f08ece989394@group-9D1FC8B4240E-FollowerState] INFO  server.RaftServerConfigKeys (ConfUtils.java:logFallback(53)) - raft.server.rpc.first-election.timeout.max = 5200ms (fallback to raft.server.rpc.timeout.max)
2023-06-13 01:50:03,775 [PipelineCommandHandlerThread-0] INFO  server.RaftServer (RaftServerProxy.java:addNew(98)) - f3f9e814-e788-48e2-bdc0-593c71648247: addNew group-5A8F78C1B316:[f3f9e814-e788-48e2-bdc0-593c71648247|rpc:10.1.0.18:15023|admin:10.1.0.18:15022|client:10.1.0.18:15021|dataStream:10.1.0.18:15024|priority:1|startupRole:FOLLOWER] returns group-5A8F78C1B316:java.util.concurrent.CompletableFuture@67ed3c37[Not completed]
2023-06-13 01:50:03,778 [f3f9e814-e788-48e2-bdc0-593c71648247-groupManagement] INFO  server.RaftServer$Division (RaftServerImpl.java:<init>(198)) - f3f9e814-e788-48e2-bdc0-593c71648247: new RaftServerImpl for group-5A8F78C1B316:[f3f9e814-e788-48e2-bdc0-593c71648247|rpc:10.1.0.18:15023|admin:10.1.0.18:15022|client:10.1.0.18:15021|dataStream:10.1.0.18:15024|priority:1|startupRole:FOLLOWER] with ContainerStateMachine:uninitialized
2023-06-13 01:50:03,779 [f3f9e814-e788-48e2-bdc0-593c71648247-groupManagement] INFO  server.RaftServerConfigKeys (ConfUtils.java:logGet(46)) - raft.server.rpc.timeout.min = 5s (custom)
2023-06-13 01:50:03,779 [f3f9e814-e788-48e2-bdc0-593c71648247-groupManagement] INFO  server.RaftServerConfigKeys (ConfUtils.java:logGet(46)) - raft.server.rpc.timeout.max = 5200ms (custom)
2023-06-13 01:50:03,779 [f3f9e814-e788-48e2-bdc0-593c71648247-groupManagement] INFO  server.RaftServerConfigKeys (ConfUtils.java:logGet(46)) - raft.server.rpc.sleep.time = 25ms (default)
2023-06-13 01:50:03,779 [f3f9e814-e788-48e2-bdc0-593c71648247-groupManagement] INFO  server.RaftServerConfigKeys (ConfUtils.java:logGet(46)) - raft.server.rpc.slowness.timeout = 300s (custom)
2023-06-13 01:50:03,779 [f3f9e814-e788-48e2-bdc0-593c71648247-groupManagement] INFO  server.RaftServerConfigKeys (ConfUtils.java:logGet(46)) - raft.server.leaderelection.leader.step-down.wait-time = 10s (default)
2023-06-13 01:50:03,779 [f3f9e814-e788-48e2-bdc0-593c71648247-groupManagement] INFO  server.RaftServerConfigKeys (ConfUtils.java:logGet(46)) - raft.server.sleep.deviation.threshold = 300ms (default)
2023-06-13 01:50:03,779 [f3f9e814-e788-48e2-bdc0-593c71648247-groupManagement] INFO  server.RaftServer$Division (ServerState.java:<init>(120)) - f3f9e814-e788-48e2-bdc0-593c71648247@group-5A8F78C1B316: ConfigurationManager, init=-1: peers:[f3f9e814-e788-48e2-bdc0-593c71648247|rpc:10.1.0.18:15023|admin:10.1.0.18:15022|client:10.1.0.18:15021|dataStream:10.1.0.18:15024|priority:1|startupRole:FOLLOWER]|listeners:[], old=null, confs=<EMPTY_MAP>
2023-06-13 01:50:03,795 [f3f9e814-e788-48e2-bdc0-593c71648247-groupManagement] INFO  server.RaftServerConfigKeys (ConfUtils.java:logGet(46)) - raft.server.storage.dir = [/home/runner/work/ozone/ozone/hadoop-ozone/integration-test/target/test-dir/MiniOzoneClusterImpl-5f2dcc83-6c9d-45c9-8141-0f4d2c5ecdef/datanode-1/data/ratis] (custom)
2023-06-13 01:50:03,796 [f3f9e814-e788-48e2-bdc0-593c71648247-groupManagement] INFO  server.RaftServerConfigKeys (ConfUtils.java:logGet(46)) - raft.server.log.corruption.policy = EXCEPTION (default)
2023-06-13 01:50:03,796 [f3f9e814-e788-48e2-bdc0-593c71648247-groupManagement] INFO  server.RaftServerConfigKeys (ConfUtils.java:logGet(46)) - raft.server.storage.free-space.min = 0MB (=0) (default)
2023-06-13 01:50:03,796 [f3f9e814-e788-48e2-bdc0-593c71648247-groupManagement] INFO  server.RaftServerConfigKeys (ConfUtils.java:logGet(46)) - raft.server.notification.no-leader.timeout = 300s (custom)
2023-06-13 01:50:03,800 [f3f9e814-e788-48e2-bdc0-593c71648247-groupManagement] INFO  server.RaftServerConfigKeys (ConfUtils.java:logGet(46)) - raft.server.read.timeout = 10s (default)
2023-06-13 01:50:03,800 [f3f9e814-e788-48e2-bdc0-593c71648247-groupManagement] INFO  server.RaftServerConfigKeys (ConfUtils.java:logGet(46)) - raft.server.retrycache.expirytime = 600000ms (custom)
2023-06-13 01:50:03,800 [f3f9e814-e788-48e2-bdc0-593c71648247-groupManagement] INFO  server.RaftServerConfigKeys (ConfUtils.java:logGet(46)) - raft.server.retrycache.statistics.expirytime = 100μs (default)
2023-06-13 01:50:03,800 [f3f9e814-e788-48e2-bdc0-593c71648247-groupManagement] INFO  server.RaftServerConfigKeys (ConfUtils.java:logGet(46)) - raft.server.read.option = DEFAULT (default)
2023-06-13 01:50:03,801 [grpc-default-executor-0] INFO  server.RaftServer (RaftServerProxy.java:addNew(98)) - f3f9e814-e788-48e2-bdc0-593c71648247: addNew group-9D1FC8B4240E:[f3f9e814-e788-48e2-bdc0-593c71648247|rpc:10.1.0.18:15023|admin:10.1.0.18:15022|client:10.1.0.18:15021|dataStream:10.1.0.18:15024|priority:1|startupRole:FOLLOWER, 949cbcb3-ffc8-4fb9-988d-3e8d33dd06ba|rpc:10.1.0.18:15014|admin:10.1.0.18:15013|client:10.1.0.18:15012|dataStream:10.1.0.18:15015|priority:0|startupRole:FOLLOWER, 3ffa4cce-b7d6-4a2e-8013-f08ece989394|rpc:10.1.0.18:15032|admin:10.1.0.18:15031|client:10.1.0.18:15030|dataStream:10.1.0.18:15033|priority:0|startupRole:FOLLOWER] returns group-9D1FC8B4240E:java.util.concurrent.CompletableFuture@464b56ba[Not completed]
2023-06-13 01:50:03,802 [f3f9e814-e788-48e2-bdc0-593c71648247-groupManagement] INFO  server.RaftServerConfigKeys (ConfUtils.java:logGet(46)) - raft.server.rpc.request.timeout = 60s (custom)
2023-06-13 01:50:03,802 [f3f9e814-e788-48e2-bdc0-593c71648247-groupManagement] INFO  server.RaftServerConfigKeys (ConfUtils.java:logGet(46)) - raft.server.log.appender.install.snapshot.enabled = false (custom)
2023-06-13 01:50:03,802 [f3f9e814-e788-48e2-bdc0-593c71648247-groupManagement] INFO  server.RaftServerConfigKeys (ConfUtils.java:logGet(46)) - raft.server.threadpool.server.cached = true (default)
2023-06-13 01:50:03,802 [f3f9e814-e788-48e2-bdc0-593c71648247-groupManagement] INFO  server.RaftServerConfigKeys (ConfUtils.java:logGet(46)) - raft.server.threadpool.server.size = 0 (default)
2023-06-13 01:50:03,802 [f3f9e814-e788-48e2-bdc0-593c71648247-groupManagement] INFO  server.RaftServerConfigKeys (ConfUtils.java:logGet(46)) - raft.server.threadpool.client.cached = true (default)
2023-06-13 01:50:03,802 [f3f9e814-e788-48e2-bdc0-593c71648247-groupManagement] INFO  server.RaftServerConfigKeys (ConfUtils.java:logGet(46)) - raft.server.threadpool.client.size = 0 (default)
2023-06-13 01:50:03,803 [f3f9e814-e788-48e2-bdc0-593c71648247-groupManagement] INFO  server.RaftServer$Division (RaftServerImpl.java:<init>(198)) - f3f9e814-e788-48e2-bdc0-593c71648247: new RaftServerImpl for group-9D1FC8B4240E:[f3f9e814-e788-48e2-bdc0-593c71648247|rpc:10.1.0.18:15023|admin:10.1.0.18:15022|client:10.1.0.18:15021|dataStream:10.1.0.18:15024|priority:1|startupRole:FOLLOWER, 949cbcb3-ffc8-4fb9-988d-3e8d33dd06ba|rpc:10.1.0.18:15014|admin:10.1.0.18:15013|client:10.1.0.18:15012|dataStream:10.1.0.18:15015|priority:0|startupRole:FOLLOWER, 3ffa4cce-b7d6-4a2e-8013-f08ece989394|rpc:10.1.0.18:15032|admin:10.1.0.18:15031|client:10.1.0.18:15030|dataStream:10.1.0.18:15033|priority:0|startupRole:FOLLOWER] with ContainerStateMachine:uninitialized
2023-06-13 01:50:03,803 [f3f9e814-e788-48e2-bdc0-593c71648247-groupManagement] INFO  server.RaftServerConfigKeys (ConfUtils.java:logGet(46)) - raft.server.rpc.timeout.min = 5s (custom)
2023-06-13 01:50:03,803 [f3f9e814-e788-48e2-bdc0-593c71648247-groupManagement] INFO  server.RaftServerConfigKeys (ConfUtils.java:logGet(46)) - raft.server.rpc.timeout.max = 5200ms (custom)
2023-06-13 01:50:03,803 [f3f9e814-e788-48e2-bdc0-593c71648247-groupManagement] INFO  server.RaftServerConfigKeys (ConfUtils.java:logGet(46)) - raft.server.rpc.sleep.time = 25ms (default)
2023-06-13 01:50:03,803 [f3f9e814-e788-48e2-bdc0-593c71648247-groupManagement] INFO  server.RaftServerConfigKeys (ConfUtils.java:logGet(46)) - raft.server.rpc.slowness.timeout = 300s (custom)
2023-06-13 01:50:03,803 [f3f9e814-e788-48e2-bdc0-593c71648247-groupManagement] INFO  server.RaftServerConfigKeys (ConfUtils.java:logGet(46)) - raft.server.leaderelection.leader.step-down.wait-time = 10s (default)
2023-06-13 01:50:03,803 [f3f9e814-e788-48e2-bdc0-593c71648247-groupManagement] INFO  server.RaftServerConfigKeys (ConfUtils.java:logGet(46)) - raft.server.sleep.deviation.threshold = 300ms (default)
2023-06-13 01:50:03,804 [f3f9e814-e788-48e2-bdc0-593c71648247-groupManagement] INFO  server.RaftServer$Division (ServerState.java:<init>(120)) - f3f9e814-e788-48e2-bdc0-593c71648247@group-9D1FC8B4240E: ConfigurationManager, init=-1: peers:[f3f9e814-e788-48e2-bdc0-593c71648247|rpc:10.1.0.18:15023|admin:10.1.0.18:15022|client:10.1.0.18:15021|dataStream:10.1.0.18:15024|priority:1|startupRole:FOLLOWER, 949cbcb3-ffc8-4fb9-988d-3e8d33dd06ba|rpc:10.1.0.18:15014|admin:10.1.0.18:15013|client:10.1.0.18:15012|dataStream:10.1.0.18:15015|priority:0|startupRole:FOLLOWER, 3ffa4cce-b7d6-4a2e-8013-f08ece989394|rpc:10.1.0.18:15032|admin:10.1.0.18:15031|client:10.1.0.18:15030|dataStream:10.1.0.18:15033|priority:0|startupRole:FOLLOWER]|listeners:[], old=null, confs=<EMPTY_MAP>
2023-06-13 01:50:03,804 [f3f9e814-e788-48e2-bdc0-593c71648247-groupManagement] INFO  server.RaftServerConfigKeys (ConfUtils.java:logGet(46)) - raft.server.storage.dir = [/home/runner/work/ozone/ozone/hadoop-ozone/integration-test/target/test-dir/MiniOzoneClusterImpl-5f2dcc83-6c9d-45c9-8141-0f4d2c5ecdef/datanode-1/data/ratis] (custom)
2023-06-13 01:50:03,804 [f3f9e814-e788-48e2-bdc0-593c71648247-groupManagement] INFO  server.RaftServerConfigKeys (ConfUtils.java:logGet(46)) - raft.server.log.corruption.policy = EXCEPTION (default)
2023-06-13 01:50:03,804 [f3f9e814-e788-48e2-bdc0-593c71648247-groupManagement] INFO  server.RaftServerConfigKeys (ConfUtils.java:logGet(46)) - raft.server.storage.free-space.min = 0MB (=0) (default)
2023-06-13 01:50:03,804 [f3f9e814-e788-48e2-bdc0-593c71648247-groupManagement] INFO  server.RaftServerConfigKeys (ConfUtils.java:logGet(46)) - raft.server.notification.no-leader.timeout = 300s (custom)
2023-06-13 01:50:03,804 [f3f9e814-e788-48e2-bdc0-593c71648247-groupManagement] INFO  server.RaftServerConfigKeys (ConfUtils.java:logGet(46)) - raft.server.read.timeout = 10s (default)
2023-06-13 01:50:03,804 [f3f9e814-e788-48e2-bdc0-593c71648247-groupManagement] INFO  server.RaftServerConfigKeys (ConfUtils.java:logGet(46)) - raft.server.retrycache.expirytime = 600000ms (custom)
2023-06-13 01:50:03,804 [f3f9e814-e788-48e2-bdc0-593c71648247-groupManagement] INFO  server.RaftServerConfigKeys (ConfUtils.java:logGet(46)) - raft.server.retrycache.statistics.expirytime = 100μs (default)
2023-06-13 01:50:03,804 [f3f9e814-e788-48e2-bdc0-593c71648247-groupManagement] INFO  server.RaftServerConfigKeys (ConfUtils.java:logGet(46)) - raft.server.read.option = DEFAULT (default)
2023-06-13 01:50:03,805 [f3f9e814-e788-48e2-bdc0-593c71648247-groupManagement] INFO  server.RaftServerConfigKeys (ConfUtils.java:logGet(46)) - raft.server.rpc.request.timeout = 60s (custom)
2023-06-13 01:50:03,805 [f3f9e814-e788-48e2-bdc0-593c71648247-groupManagement] INFO  server.RaftServerConfigKeys (ConfUtils.java:logGet(46)) - raft.server.log.appender.install.snapshot.enabled = false (custom)
2023-06-13 01:50:03,805 [f3f9e814-e788-48e2-bdc0-593c71648247-groupManagement] INFO  server.RaftServerConfigKeys (ConfUtils.java:logGet(46)) - raft.server.threadpool.server.cached = true (default)
2023-06-13 01:50:03,805 [f3f9e814-e788-48e2-bdc0-593c71648247-groupManagement] INFO  server.RaftServerConfigKeys (ConfUtils.java:logGet(46)) - raft.server.threadpool.server.size = 0 (default)
2023-06-13 01:50:03,805 [f3f9e814-e788-48e2-bdc0-593c71648247-groupManagement] INFO  server.RaftServerConfigKeys (ConfUtils.java:logGet(46)) - raft.server.threadpool.client.cached = true (default)
2023-06-13 01:50:03,805 [f3f9e814-e788-48e2-bdc0-593c71648247-groupManagement] INFO  server.RaftServerConfigKeys (ConfUtils.java:logGet(46)) - raft.server.threadpool.client.size = 0 (default)
2023-06-13 01:50:03,806 [f3f9e814-e788-48e2-bdc0-593c71648247-groupManagement] INFO  storage.RaftStorageDirectory (RaftStorageDirectoryImpl.java:analyzeStorage(137)) - The storage directory /home/runner/work/ozone/ozone/hadoop-ozone/integration-test/target/test-dir/MiniOzoneClusterImpl-5f2dcc83-6c9d-45c9-8141-0f4d2c5ecdef/datanode-1/data/ratis/d99e06f1-f3ae-49e4-aa5e-5a8f78c1b316 does not exist. Creating ...
2023-06-13 01:50:03,807 [f3f9e814-e788-48e2-bdc0-593c71648247-groupManagement] INFO  storage.RaftStorageDirectory (RaftStorageDirectoryImpl.java:tryLock(231)) - Lock on /home/runner/work/ozone/ozone/hadoop-ozone/integration-test/target/test-dir/MiniOzoneClusterImpl-5f2dcc83-6c9d-45c9-8141-0f4d2c5ecdef/datanode-1/data/ratis/d99e06f1-f3ae-49e4-aa5e-5a8f78c1b316/in_use.lock acquired by nodename 24814@fv-az670-278
2023-06-13 01:50:03,808 [f3f9e814-e788-48e2-bdc0-593c71648247-groupManagement] INFO  storage.RaftStorage (RaftStorageImpl.java:format(96)) - Storage directory /home/runner/work/ozone/ozone/hadoop-ozone/integration-test/target/test-dir/MiniOzoneClusterImpl-5f2dcc83-6c9d-45c9-8141-0f4d2c5ecdef/datanode-1/data/ratis/d99e06f1-f3ae-49e4-aa5e-5a8f78c1b316 has been successfully formatted.
2023-06-13 01:50:03,808 [f3f9e814-e788-48e2-bdc0-593c71648247-groupManagement] INFO  ratis.ContainerStateMachine (ContainerStateMachine.java:loadSnapshot(262)) - group-5A8F78C1B316: The snapshot info is null. Setting the last applied indexto:(t:0, i:~)
2023-06-13 01:50:03,809 [f3f9e814-e788-48e2-bdc0-593c71648247-groupManagement] INFO  server.RaftServerConfigKeys (ConfUtils.java:logGet(46)) - raft.server.log.use.memory = false (default)
2023-06-13 01:50:03,810 [f3f9e814-e788-48e2-bdc0-593c71648247-groupManagement] INFO  server.RaftServerConfigKeys (ConfUtils.java:logGet(46)) - raft.server.log.purge.gap = 1000000 (custom)
2023-06-13 01:50:03,810 [f3f9e814-e788-48e2-bdc0-593c71648247-groupManagement] INFO  server.RaftServerConfigKeys (ConfUtils.java:logGet(46)) - raft.server.log.appender.buffer.byte-limit = 33554432 (custom)
2023-06-13 01:50:03,810 [f3f9e814-e788-48e2-bdc0-593c71648247-groupManagement] INFO  server.RaftServerConfigKeys (ConfUtils.java:logGet(46)) - raft.server.log.statemachine.data.read.timeout = 1000ms (default)
2023-06-13 01:50:03,810 [f3f9e814-e788-48e2-bdc0-593c71648247-groupManagement] INFO  server.RaftServerConfigKeys (ConfUtils.java:logGet(46)) - raft.server.log.purge.preservation.log.num = 0 (default)
2023-06-13 01:50:03,812 [EventQueue-PipelineReportForPipelineReportHandler] INFO  pipeline.PipelineManagerImpl (PipelineManagerImpl.java:openPipeline(367)) - Pipeline Pipeline[ Id: d99e06f1-f3ae-49e4-aa5e-5a8f78c1b316, Nodes: f3f9e814-e788-48e2-bdc0-593c71648247(fv-az670-278.vvj1krob40nuzn3jnzu5queufe.phxx.internal.cloudapp.net/10.1.0.18), ReplicationConfig: RATIS/ONE, State:ALLOCATED, leaderId:f3f9e814-e788-48e2-bdc0-593c71648247, CreationTimestamp2023-06-13T01:50:00.758Z[Etc/UTC]] moved to OPEN state
2023-06-13 01:50:03,812 [f3f9e814-e788-48e2-bdc0-593c71648247-groupManagement] INFO  server.RaftServerConfigKeys (ConfUtils.java:logGet(46)) - raft.server.log.segment.size.max = 1048576 (custom)
2023-06-13 01:50:03,813 [f3f9e814-e788-48e2-bdc0-593c71648247-groupManagement] INFO  server.RaftServerConfigKeys (ConfUtils.java:logGet(46)) - raft.server.log.segment.cache.num.max = 2 (custom)
2023-06-13 01:50:03,813 [f3f9e814-e788-48e2-bdc0-593c71648247-groupManagement] INFO  server.RaftServerConfigKeys (ConfUtils.java:logGet(46)) - raft.server.log.segment.cache.size.max = 200MB (=209715200) (default)
2023-06-13 01:50:03,813 [f3f9e814-e788-48e2-bdc0-593c71648247-groupManagement] INFO  server.RaftServerConfigKeys (ConfUtils.java:logGet(46)) - raft.server.log.appender.buffer.byte-limit = 33554432 (custom)
2023-06-13 01:50:03,813 [EventQueue-OpenPipelineForHealthyPipelineSafeModeRule] INFO  safemode.SCMSafeModeManager (HealthyPipelineSafeModeRule.java:process(137)) - SCM in safe mode. Healthy pipelines reported count is 0, required healthy pipeline reported count is 1
2023-06-13 01:50:03,813 [f3f9e814-e788-48e2-bdc0-593c71648247-groupManagement] INFO  segmented.SegmentedRaftLogWorker (SegmentedRaftLogWorker.java:<init>(188)) - new f3f9e814-e788-48e2-bdc0-593c71648247@group-5A8F78C1B316-SegmentedRaftLogWorker for RaftStorageImpl:Storage Directory /home/runner/work/ozone/ozone/hadoop-ozone/integration-test/target/test-dir/MiniOzoneClusterImpl-5f2dcc83-6c9d-45c9-8141-0f4d2c5ecdef/datanode-1/data/ratis/d99e06f1-f3ae-49e4-aa5e-5a8f78c1b316
2023-06-13 01:50:03,813 [f3f9e814-e788-48e2-bdc0-593c71648247-groupManagement] INFO  server.RaftServerConfigKeys (ConfUtils.java:logGet(46)) - raft.server.log.queue.byte-limit = 4294967296 (custom)
2023-06-13 01:50:03,813 [f3f9e814-e788-48e2-bdc0-593c71648247-groupManagement] INFO  server.RaftServerConfigKeys (ConfUtils.java:logGet(46)) - raft.server.log.queue.element-limit = 1024 (custom)
2023-06-13 01:50:03,813 [f3f9e814-e788-48e2-bdc0-593c71648247-groupManagement] INFO  server.RaftServerConfigKeys (ConfUtils.java:logGet(46)) - raft.server.log.segment.size.max = 1048576 (custom)
2023-06-13 01:50:03,813 [f3f9e814-e788-48e2-bdc0-593c71648247-groupManagement] INFO  server.RaftServerConfigKeys (ConfUtils.java:logGet(46)) - raft.server.log.preallocated.size = 16384 (custom)
2023-06-13 01:50:03,813 [f3f9e814-e788-48e2-bdc0-593c71648247-groupManagement] INFO  server.RaftServerConfigKeys (ConfUtils.java:logGet(46)) - raft.server.log.force.sync.num = 128 (default)
2023-06-13 01:50:03,814 [f3f9e814-e788-48e2-bdc0-593c71648247-groupManagement] INFO  server.RaftServerConfigKeys (ConfUtils.java:logGet(46)) - raft.server.log.statemachine.data.sync = true (default)
2023-06-13 01:50:03,814 [f3f9e814-e788-48e2-bdc0-593c71648247-groupManagement] INFO  server.RaftServerConfigKeys (ConfUtils.java:logGet(46)) - raft.server.log.statemachine.data.sync.timeout = 10s (default)
2023-06-13 01:50:03,814 [f3f9e814-e788-48e2-bdc0-593c71648247-groupManagement] INFO  server.RaftServerConfigKeys (ConfUtils.java:logGet(46)) - raft.server.log.statemachine.data.sync.timeout.retry = -1 (default)
2023-06-13 01:50:03,814 [f3f9e814-e788-48e2-bdc0-593c71648247-groupManagement] INFO  server.RaftServerConfigKeys (ConfUtils.java:logGet(46)) - raft.server.log.write.buffer.size = 1048576 (custom)
2023-06-13 01:50:03,815 [f3f9e814-e788-48e2-bdc0-593c71648247-groupManagement] INFO  server.RaftServerConfigKeys (ConfUtils.java:logGet(46)) - raft.server.log.appender.buffer.byte-limit = 33554432 (custom)
2023-06-13 01:50:03,818 [f3f9e814-e788-48e2-bdc0-593c71648247-groupManagement] INFO  server.RaftServerConfigKeys (ConfUtils.java:logGet(46)) - raft.server.log.unsafe-flush.enabled = false (default)
2023-06-13 01:50:03,818 [f3f9e814-e788-48e2-bdc0-593c71648247-groupManagement] INFO  server.RaftServerConfigKeys (ConfUtils.java:logGet(46)) - raft.server.log.async-flush.enabled = false (default)
2023-06-13 01:50:03,819 [f3f9e814-e788-48e2-bdc0-593c71648247-groupManagement] INFO  server.RaftServerConfigKeys (ConfUtils.java:logGet(46)) - raft.server.log.statemachine.data.caching.enabled = true (custom)
2023-06-13 01:50:03,819 [f3f9e814-e788-48e2-bdc0-593c71648247-groupManagement] INFO  segmented.SegmentedRaftLogWorker (SegmentedRaftLogWorker.java:lambda$new$0(135)) - f3f9e814-e788-48e2-bdc0-593c71648247@group-5A8F78C1B316-SegmentedRaftLogWorker: flushIndex: setUnconditionally 0 -> -1
2023-06-13 01:50:03,819 [f3f9e814-e788-48e2-bdc0-593c71648247-groupManagement] INFO  segmented.SegmentedRaftLogWorker (SegmentedRaftLogWorker.java:lambda$new$0(135)) - f3f9e814-e788-48e2-bdc0-593c71648247@group-5A8F78C1B316-SegmentedRaftLogWorker: safeCacheEvictIndex: setUnconditionally 0 -> -1
2023-06-13 01:50:03,819 [f3f9e814-e788-48e2-bdc0-593c71648247-groupManagement] INFO  server.RaftServer$Division (RaftServerImpl.java:start(342)) - f3f9e814-e788-48e2-bdc0-593c71648247@group-5A8F78C1B316: start as a follower, conf=-1: peers:[f3f9e814-e788-48e2-bdc0-593c71648247|rpc:10.1.0.18:15023|admin:10.1.0.18:15022|client:10.1.0.18:15021|dataStream:10.1.0.18:15024|priority:1|startupRole:FOLLOWER]|listeners:[], old=null
2023-06-13 01:50:03,819 [f3f9e814-e788-48e2-bdc0-593c71648247-groupManagement] INFO  server.RaftServer$Division (RaftServerImpl.java:setRole(329)) - f3f9e814-e788-48e2-bdc0-593c71648247@group-5A8F78C1B316: changes role from      null to FOLLOWER at term 0 for startAsFollower
2023-06-13 01:50:03,819 [f3f9e814-e788-48e2-bdc0-593c71648247-groupManagement] INFO  impl.RoleInfo (RoleInfo.java:updateAndGet(139)) - f3f9e814-e788-48e2-bdc0-593c71648247: start f3f9e814-e788-48e2-bdc0-593c71648247@group-5A8F78C1B316-FollowerState
2023-06-13 01:50:03,821 [f3f9e814-e788-48e2-bdc0-593c71648247-groupManagement] INFO  util.JmxRegister (JmxRegister.java:tryRegister(44)) - Successfully registered JMX Bean with object name Ratis:service=RaftServer,group=group-5A8F78C1B316,id=f3f9e814-e788-48e2-bdc0-593c71648247
2023-06-13 01:50:03,821 [f3f9e814-e788-48e2-bdc0-593c71648247-groupManagement] INFO  server.RaftServerConfigKeys (ConfUtils.java:logGet(46)) - raft.server.snapshot.auto.trigger.enabled = true (custom)
2023-06-13 01:50:03,821 [f3f9e814-e788-48e2-bdc0-593c71648247-groupManagement] INFO  server.RaftServerConfigKeys (ConfUtils.java:logGet(46)) - raft.server.snapshot.auto.trigger.threshold = 10000 (custom)
2023-06-13 01:50:03,821 [f3f9e814-e788-48e2-bdc0-593c71648247-groupManagement] INFO  server.RaftServerConfigKeys (ConfUtils.java:logGet(46)) - raft.server.snapshot.retention.file.num = 5 (custom)
2023-06-13 01:50:03,821 [f3f9e814-e788-48e2-bdc0-593c71648247-groupManagement] INFO  server.RaftServerConfigKeys (ConfUtils.java:logGet(46)) - raft.server.log.purge.upto.snapshot.index = false (default)
2023-06-13 01:50:03,822 [f3f9e814-e788-48e2-bdc0-593c71648247@group-5A8F78C1B316-FollowerState] INFO  server.RaftServerConfigKeys (ConfUtils.java:logFallback(53)) - raft.server.rpc.first-election.timeout.min = 5s (fallback to raft.server.rpc.timeout.min)
2023-06-13 01:50:03,822 [f3f9e814-e788-48e2-bdc0-593c71648247@group-5A8F78C1B316-FollowerState] INFO  server.RaftServerConfigKeys (ConfUtils.java:logFallback(53)) - raft.server.rpc.first-election.timeout.max = 5200ms (fallback to raft.server.rpc.timeout.max)
2023-06-13 01:50:03,825 [PipelineCommandHandlerThread-0] INFO  ratis.XceiverServerRatis (XceiverServerRatis.java:addGroup(804)) - Created group PipelineID=d99e06f1-f3ae-49e4-aa5e-5a8f78c1b316
2023-06-13 01:50:03,825 [f3f9e814-e788-48e2-bdc0-593c71648247-groupManagement] INFO  storage.RaftStorageDirectory (RaftStorageDirectoryImpl.java:analyzeStorage(137)) - The storage directory /home/runner/work/ozone/ozone/hadoop-ozone/integration-test/target/test-dir/MiniOzoneClusterImpl-5f2dcc83-6c9d-45c9-8141-0f4d2c5ecdef/datanode-1/data/ratis/b36d0372-f5f7-44a1-bd20-9d1fc8b4240e does not exist. Creating ...
2023-06-13 01:50:03,825 [PipelineCommandHandlerThread-0] INFO  commandhandler.CreatePipelineCommandHandler (CreatePipelineCommandHandler.java:lambda$handle$2(124)) - Created Pipeline RATIS ONE PipelineID=d99e06f1-f3ae-49e4-aa5e-5a8f78c1b316.
2023-06-13 01:50:03,826 [PipelineCommandHandlerThread-0] INFO  server.RaftServer (RaftServerProxy.java:addNew(98)) - f3f9e814-e788-48e2-bdc0-593c71648247: addNew group-C31B729B81A5:[f3f9e814-e788-48e2-bdc0-593c71648247|rpc:10.1.0.18:15023|admin:10.1.0.18:15022|client:10.1.0.18:15021|dataStream:10.1.0.18:15024|priority:0|startupRole:FOLLOWER, 949cbcb3-ffc8-4fb9-988d-3e8d33dd06ba|rpc:10.1.0.18:15014|admin:10.1.0.18:15013|client:10.1.0.18:15012|dataStream:10.1.0.18:15015|priority:1|startupRole:FOLLOWER, 3ffa4cce-b7d6-4a2e-8013-f08ece989394|rpc:10.1.0.18:15032|admin:10.1.0.18:15031|client:10.1.0.18:15030|dataStream:10.1.0.18:15033|priority:0|startupRole:FOLLOWER] returns group-C31B729B81A5:java.util.concurrent.CompletableFuture@63d2b412[Not completed]
2023-06-13 01:50:03,826 [f3f9e814-e788-48e2-bdc0-593c71648247-groupManagement] INFO  storage.RaftStorageDirectory (RaftStorageDirectoryImpl.java:tryLock(231)) - Lock on /home/runner/work/ozone/ozone/hadoop-ozone/integration-test/target/test-dir/MiniOzoneClusterImpl-5f2dcc83-6c9d-45c9-8141-0f4d2c5ecdef/datanode-1/data/ratis/b36d0372-f5f7-44a1-bd20-9d1fc8b4240e/in_use.lock acquired by nodename 24814@fv-az670-278
2023-06-13 01:50:03,827 [f3f9e814-e788-48e2-bdc0-593c71648247-groupManagement] INFO  storage.RaftStorage (RaftStorageImpl.java:format(96)) - Storage directory /home/runner/work/ozone/ozone/hadoop-ozone/integration-test/target/test-dir/MiniOzoneClusterImpl-5f2dcc83-6c9d-45c9-8141-0f4d2c5ecdef/datanode-1/data/ratis/b36d0372-f5f7-44a1-bd20-9d1fc8b4240e has been successfully formatted.
2023-06-13 01:50:03,828 [f3f9e814-e788-48e2-bdc0-593c71648247-groupManagement] INFO  ratis.ContainerStateMachine (ContainerStateMachine.java:loadSnapshot(262)) - group-9D1FC8B4240E: The snapshot info is null. Setting the last applied indexto:(t:0, i:~)
2023-06-13 01:50:03,828 [f3f9e814-e788-48e2-bdc0-593c71648247-groupManagement] INFO  server.RaftServerConfigKeys (ConfUtils.java:logGet(46)) - raft.server.log.use.memory = false (default)
2023-06-13 01:50:03,828 [f3f9e814-e788-48e2-bdc0-593c71648247-groupManagement] INFO  server.RaftServerConfigKeys (ConfUtils.java:logGet(46)) - raft.server.log.purge.gap = 1000000 (custom)
2023-06-13 01:50:03,828 [f3f9e814-e788-48e2-bdc0-593c71648247-groupManagement] INFO  server.RaftServerConfigKeys (ConfUtils.java:logGet(46)) - raft.server.log.appender.buffer.byte-limit = 33554432 (custom)
2023-06-13 01:50:03,828 [f3f9e814-e788-48e2-bdc0-593c71648247-groupManagement] INFO  server.RaftServerConfigKeys (ConfUtils.java:logGet(46)) - raft.server.log.statemachine.data.read.timeout = 1000ms (default)
2023-06-13 01:50:03,828 [f3f9e814-e788-48e2-bdc0-593c71648247-groupManagement] INFO  server.RaftServerConfigKeys (ConfUtils.java:logGet(46)) - raft.server.log.purge.preservation.log.num = 0 (default)
2023-06-13 01:50:03,828 [f3f9e814-e788-48e2-bdc0-593c71648247-groupManagement] INFO  server.RaftServerConfigKeys (ConfUtils.java:logGet(46)) - raft.server.log.segment.size.max = 1048576 (custom)
2023-06-13 01:50:03,828 [f3f9e814-e788-48e2-bdc0-593c71648247-groupManagement] INFO  server.RaftServerConfigKeys (ConfUtils.java:logGet(46)) - raft.server.log.segment.cache.num.max = 2 (custom)
2023-06-13 01:50:03,828 [f3f9e814-e788-48e2-bdc0-593c71648247-groupManagement] INFO  server.RaftServerConfigKeys (ConfUtils.java:logGet(46)) - raft.server.log.segment.cache.size.max = 200MB (=209715200) (default)
2023-06-13 01:50:03,828 [f3f9e814-e788-48e2-bdc0-593c71648247-groupManagement] INFO  server.RaftServerConfigKeys (ConfUtils.java:logGet(46)) - raft.server.log.appender.buffer.byte-limit = 33554432 (custom)
2023-06-13 01:50:03,829 [f3f9e814-e788-48e2-bdc0-593c71648247-groupManagement] INFO  segmented.SegmentedRaftLogWorker (SegmentedRaftLogWorker.java:<init>(188)) - new f3f9e814-e788-48e2-bdc0-593c71648247@group-9D1FC8B4240E-SegmentedRaftLogWorker for RaftStorageImpl:Storage Directory /home/runner/work/ozone/ozone/hadoop-ozone/integration-test/target/test-dir/MiniOzoneClusterImpl-5f2dcc83-6c9d-45c9-8141-0f4d2c5ecdef/datanode-1/data/ratis/b36d0372-f5f7-44a1-bd20-9d1fc8b4240e
2023-06-13 01:50:03,829 [f3f9e814-e788-48e2-bdc0-593c71648247-groupManagement] INFO  server.RaftServerConfigKeys (ConfUtils.java:logGet(46)) - raft.server.log.queue.byte-limit = 4294967296 (custom)
2023-06-13 01:50:03,829 [f3f9e814-e788-48e2-bdc0-593c71648247-groupManagement] INFO  server.RaftServerConfigKeys (ConfUtils.java:logGet(46)) - raft.server.log.queue.element-limit = 1024 (custom)
2023-06-13 01:50:03,833 [f3f9e814-e788-48e2-bdc0-593c71648247-groupManagement] INFO  server.RaftServerConfigKeys (ConfUtils.java:logGet(46)) - raft.server.log.segment.size.max = 1048576 (custom)
2023-06-13 01:50:03,833 [f3f9e814-e788-48e2-bdc0-593c71648247-groupManagement] INFO  server.RaftServerConfigKeys (ConfUtils.java:logGet(46)) - raft.server.log.preallocated.size = 16384 (custom)
2023-06-13 01:50:03,833 [f3f9e814-e788-48e2-bdc0-593c71648247-groupManagement] INFO  server.RaftServerConfigKeys (ConfUtils.java:logGet(46)) - raft.server.log.force.sync.num = 128 (default)
2023-06-13 01:50:03,833 [f3f9e814-e788-48e2-bdc0-593c71648247-groupManagement] INFO  server.RaftServerConfigKeys (ConfUtils.java:logGet(46)) - raft.server.log.statemachine.data.sync = true (default)
2023-06-13 01:50:03,834 [f3f9e814-e788-48e2-bdc0-593c71648247-groupManagement] INFO  server.RaftServerConfigKeys (ConfUtils.java:logGet(46)) - raft.server.log.statemachine.data.sync.timeout = 10s (default)
2023-06-13 01:50:03,834 [f3f9e814-e788-48e2-bdc0-593c71648247-groupManagement] INFO  server.RaftServerConfigKeys (ConfUtils.java:logGet(46)) - raft.server.log.statemachine.data.sync.timeout.retry = -1 (default)
2023-06-13 01:50:03,834 [f3f9e814-e788-48e2-bdc0-593c71648247-groupManagement] INFO  server.RaftServerConfigKeys (ConfUtils.java:logGet(46)) - raft.server.log.write.buffer.size = 1048576 (custom)
2023-06-13 01:50:03,835 [f3f9e814-e788-48e2-bdc0-593c71648247-groupManagement] INFO  server.RaftServerConfigKeys (ConfUtils.java:logGet(46)) - raft.server.log.appender.buffer.byte-limit = 33554432 (custom)
2023-06-13 01:50:03,999 [f3f9e814-e788-48e2-bdc0-593c71648247-groupManagement] INFO  server.RaftServerConfigKeys (ConfUtils.java:logGet(46)) - raft.server.log.unsafe-flush.enabled = false (default)
2023-06-13 01:50:03,999 [f3f9e814-e788-48e2-bdc0-593c71648247-groupManagement] INFO  server.RaftServerConfigKeys (ConfUtils.java:logGet(46)) - raft.server.log.async-flush.enabled = false (default)
2023-06-13 01:50:03,999 [f3f9e814-e788-48e2-bdc0-593c71648247-groupManagement] INFO  server.RaftServerConfigKeys (ConfUtils.java:logGet(46)) - raft.server.log.statemachine.data.caching.enabled = true (custom)
2023-06-13 01:50:04,000 [f3f9e814-e788-48e2-bdc0-593c71648247-groupManagement] INFO  segmented.SegmentedRaftLogWorker (SegmentedRaftLogWorker.java:lambda$new$0(135)) - f3f9e814-e788-48e2-bdc0-593c71648247@group-9D1FC8B4240E-SegmentedRaftLogWorker: flushIndex: setUnconditionally 0 -> -1
2023-06-13 01:50:04,000 [f3f9e814-e788-48e2-bdc0-593c71648247-groupManagement] INFO  segmented.SegmentedRaftLogWorker (SegmentedRaftLogWorker.java:lambda$new$0(135)) - f3f9e814-e788-48e2-bdc0-593c71648247@group-9D1FC8B4240E-SegmentedRaftLogWorker: safeCacheEvictIndex: setUnconditionally 0 -> -1
2023-06-13 01:50:04,000 [f3f9e814-e788-48e2-bdc0-593c71648247-groupManagement] INFO  server.RaftServer$Division (RaftServerImpl.java:start(342)) - f3f9e814-e788-48e2-bdc0-593c71648247@group-9D1FC8B4240E: start as a follower, conf=-1: peers:[f3f9e814-e788-48e2-bdc0-593c71648247|rpc:10.1.0.18:15023|admin:10.1.0.18:15022|client:10.1.0.18:15021|dataStream:10.1.0.18:15024|priority:1|startupRole:FOLLOWER, 949cbcb3-ffc8-4fb9-988d-3e8d33dd06ba|rpc:10.1.0.18:15014|admin:10.1.0.18:15013|client:10.1.0.18:15012|dataStream:10.1.0.18:15015|priority:0|startupRole:FOLLOWER, 3ffa4cce-b7d6-4a2e-8013-f08ece989394|rpc:10.1.0.18:15032|admin:10.1.0.18:15031|client:10.1.0.18:15030|dataStream:10.1.0.18:15033|priority:0|startupRole:FOLLOWER]|listeners:[], old=null
2023-06-13 01:50:04,000 [f3f9e814-e788-48e2-bdc0-593c71648247-groupManagement] INFO  server.RaftServer$Division (RaftServerImpl.java:setRole(329)) - f3f9e814-e788-48e2-bdc0-593c71648247@group-9D1FC8B4240E: changes role from      null to FOLLOWER at term 0 for startAsFollower
2023-06-13 01:50:04,000 [JvmPauseMonitor1] WARN  util.JvmPauseMonitor (JvmPauseMonitor.java:detectPause(124)) - JvmPauseMonitor-om1: Detected pause in JVM or host machine approximately 0.109s with 0.160s GC time.
GC pool 'PS MarkSweep' had collection(s): count=1 time=118ms
GC pool 'PS Scavenge' had collection(s): count=1 time=42ms
2023-06-13 01:50:04,003 [EventQueue-OpenPipelineForHealthyPipelineSafeModeRule] INFO  safemode.SCMSafeModeManager (HealthyPipelineSafeModeRule.java:process(137)) - SCM in safe mode. Healthy pipelines reported count is 0, required healthy pipeline reported count is 1
2023-06-13 01:50:04,001 [f3f9e814-e788-48e2-bdc0-593c71648247-groupManagement] INFO  impl.RoleInfo (RoleInfo.java:updateAndGet(139)) - f3f9e814-e788-48e2-bdc0-593c71648247: start f3f9e814-e788-48e2-bdc0-593c71648247@group-9D1FC8B4240E-FollowerState
2023-06-13 01:50:04,000 [JvmPauseMonitor0] WARN  util.JvmPauseMonitor (JvmPauseMonitor.java:detectPause(124)) - JvmPauseMonitor-3666561f-50fd-40ed-82c2-1c47fa7909ca: Detected pause in JVM or host machine approximately 0.129s with 0.160s GC time.
GC pool 'PS MarkSweep' had collection(s): count=1 time=118ms
GC pool 'PS Scavenge' had collection(s): count=1 time=42ms
2023-06-13 01:50:04,009 [f3f9e814-e788-48e2-bdc0-593c71648247-groupManagement] INFO  util.JmxRegister (JmxRegister.java:tryRegister(44)) - Successfully registered JMX Bean with object name Ratis:service=RaftServer,group=group-9D1FC8B4240E,id=f3f9e814-e788-48e2-bdc0-593c71648247
2023-06-13 01:50:04,009 [f3f9e814-e788-48e2-bdc0-593c71648247-groupManagement] INFO  server.RaftServerConfigKeys (ConfUtils.java:logGet(46)) - raft.server.snapshot.auto.trigger.enabled = true (custom)
2023-06-13 01:50:04,011 [f3f9e814-e788-48e2-bdc0-593c71648247-groupManagement] INFO  server.RaftServerConfigKeys (ConfUtils.java:logGet(46)) - raft.server.snapshot.auto.trigger.threshold = 10000 (custom)
2023-06-13 01:50:04,011 [f3f9e814-e788-48e2-bdc0-593c71648247@group-9D1FC8B4240E-FollowerState] INFO  server.RaftServerConfigKeys (ConfUtils.java:logFallback(53)) - raft.server.rpc.first-election.timeout.min = 5s (fallback to raft.server.rpc.timeout.min)
2023-06-13 01:50:04,011 [f3f9e814-e788-48e2-bdc0-593c71648247-groupManagement] INFO  server.RaftServerConfigKeys (ConfUtils.java:logGet(46)) - raft.server.snapshot.retention.file.num = 5 (custom)
2023-06-13 01:50:04,011 [f3f9e814-e788-48e2-bdc0-593c71648247-groupManagement] INFO  server.RaftServerConfigKeys (ConfUtils.java:logGet(46)) - raft.server.log.purge.upto.snapshot.index = false (default)
2023-06-13 01:50:04,017 [f3f9e814-e788-48e2-bdc0-593c71648247@group-9D1FC8B4240E-FollowerState] INFO  server.RaftServerConfigKeys (ConfUtils.java:logFallback(53)) - raft.server.rpc.first-election.timeout.max = 5200ms (fallback to raft.server.rpc.timeout.max)
2023-06-13 01:50:04,020 [f3f9e814-e788-48e2-bdc0-593c71648247-groupManagement] INFO  server.RaftServer$Division (RaftServerImpl.java:<init>(198)) - f3f9e814-e788-48e2-bdc0-593c71648247: new RaftServerImpl for group-C31B729B81A5:[f3f9e814-e788-48e2-bdc0-593c71648247|rpc:10.1.0.18:15023|admin:10.1.0.18:15022|client:10.1.0.18:15021|dataStream:10.1.0.18:15024|priority:0|startupRole:FOLLOWER, 949cbcb3-ffc8-4fb9-988d-3e8d33dd06ba|rpc:10.1.0.18:15014|admin:10.1.0.18:15013|client:10.1.0.18:15012|dataStream:10.1.0.18:15015|priority:1|startupRole:FOLLOWER, 3ffa4cce-b7d6-4a2e-8013-f08ece989394|rpc:10.1.0.18:15032|admin:10.1.0.18:15031|client:10.1.0.18:15030|dataStream:10.1.0.18:15033|priority:0|startupRole:FOLLOWER] with ContainerStateMachine:uninitialized
2023-06-13 01:50:04,020 [f3f9e814-e788-48e2-bdc0-593c71648247-groupManagement] INFO  server.RaftServerConfigKeys (ConfUtils.java:logGet(46)) - raft.server.rpc.timeout.min = 5s (custom)
2023-06-13 01:50:04,020 [f3f9e814-e788-48e2-bdc0-593c71648247-groupManagement] INFO  server.RaftServerConfigKeys (ConfUtils.java:logGet(46)) - raft.server.rpc.timeout.max = 5200ms (custom)
2023-06-13 01:50:04,020 [f3f9e814-e788-48e2-bdc0-593c71648247-groupManagement] INFO  server.RaftServerConfigKeys (ConfUtils.java:logGet(46)) - raft.server.rpc.sleep.time = 25ms (default)
2023-06-13 01:50:04,020 [f3f9e814-e788-48e2-bdc0-593c71648247-groupManagement] INFO  server.RaftServerConfigKeys (ConfUtils.java:logGet(46)) - raft.server.rpc.slowness.timeout = 300s (custom)
2023-06-13 01:50:04,020 [f3f9e814-e788-48e2-bdc0-593c71648247-groupManagement] INFO  server.RaftServerConfigKeys (ConfUtils.java:logGet(46)) - raft.server.leaderelection.leader.step-down.wait-time = 10s (default)
2023-06-13 01:50:04,020 [f3f9e814-e788-48e2-bdc0-593c71648247-groupManagement] INFO  server.RaftServerConfigKeys (ConfUtils.java:logGet(46)) - raft.server.sleep.deviation.threshold = 300ms (default)
2023-06-13 01:50:04,020 [f3f9e814-e788-48e2-bdc0-593c71648247-groupManagement] INFO  server.RaftServer$Division (ServerState.java:<init>(120)) - f3f9e814-e788-48e2-bdc0-593c71648247@group-C31B729B81A5: ConfigurationManager, init=-1: peers:[f3f9e814-e788-48e2-bdc0-593c71648247|rpc:10.1.0.18:15023|admin:10.1.0.18:15022|client:10.1.0.18:15021|dataStream:10.1.0.18:15024|priority:0|startupRole:FOLLOWER, 949cbcb3-ffc8-4fb9-988d-3e8d33dd06ba|rpc:10.1.0.18:15014|admin:10.1.0.18:15013|client:10.1.0.18:15012|dataStream:10.1.0.18:15015|priority:1|startupRole:FOLLOWER, 3ffa4cce-b7d6-4a2e-8013-f08ece989394|rpc:10.1.0.18:15032|admin:10.1.0.18:15031|client:10.1.0.18:15030|dataStream:10.1.0.18:15033|priority:0|startupRole:FOLLOWER]|listeners:[], old=null, confs=<EMPTY_MAP>
2023-06-13 01:50:04,020 [f3f9e814-e788-48e2-bdc0-593c71648247-groupManagement] INFO  server.RaftServerConfigKeys (ConfUtils.java:logGet(46)) - raft.server.storage.dir = [/home/runner/work/ozone/ozone/hadoop-ozone/integration-test/target/test-dir/MiniOzoneClusterImpl-5f2dcc83-6c9d-45c9-8141-0f4d2c5ecdef/datanode-1/data/ratis] (custom)
2023-06-13 01:50:04,020 [f3f9e814-e788-48e2-bdc0-593c71648247-groupManagement] INFO  server.RaftServerConfigKeys (ConfUtils.java:logGet(46)) - raft.server.log.corruption.policy = EXCEPTION (default)
2023-06-13 01:50:04,020 [f3f9e814-e788-48e2-bdc0-593c71648247-groupManagement] INFO  server.RaftServerConfigKeys (ConfUtils.java:logGet(46)) - raft.server.storage.free-space.min = 0MB (=0) (default)
2023-06-13 01:50:04,020 [f3f9e814-e788-48e2-bdc0-593c71648247-groupManagement] INFO  server.RaftServerConfigKeys (ConfUtils.java:logGet(46)) - raft.server.notification.no-leader.timeout = 300s (custom)
2023-06-13 01:50:04,021 [f3f9e814-e788-48e2-bdc0-593c71648247-groupManagement] INFO  server.RaftServerConfigKeys (ConfUtils.java:logGet(46)) - raft.server.read.timeout = 10s (default)
2023-06-13 01:50:04,021 [f3f9e814-e788-48e2-bdc0-593c71648247-groupManagement] INFO  server.RaftServerConfigKeys (ConfUtils.java:logGet(46)) - raft.server.retrycache.expirytime = 600000ms (custom)
2023-06-13 01:50:04,021 [f3f9e814-e788-48e2-bdc0-593c71648247-groupManagement] INFO  server.RaftServerConfigKeys (ConfUtils.java:logGet(46)) - raft.server.retrycache.statistics.expirytime = 100μs (default)
2023-06-13 01:50:04,021 [f3f9e814-e788-48e2-bdc0-593c71648247-groupManagement] INFO  server.RaftServerConfigKeys (ConfUtils.java:logGet(46)) - raft.server.read.option = DEFAULT (default)
2023-06-13 01:50:04,022 [f3f9e814-e788-48e2-bdc0-593c71648247-groupManagement] INFO  server.RaftServerConfigKeys (ConfUtils.java:logGet(46)) - raft.server.rpc.request.timeout = 60s (custom)
2023-06-13 01:50:04,022 [f3f9e814-e788-48e2-bdc0-593c71648247-groupManagement] INFO  server.RaftServerConfigKeys (ConfUtils.java:logGet(46)) - raft.server.log.appender.install.snapshot.enabled = false (custom)
2023-06-13 01:50:04,022 [f3f9e814-e788-48e2-bdc0-593c71648247-groupManagement] INFO  server.RaftServerConfigKeys (ConfUtils.java:logGet(46)) - raft.server.threadpool.server.cached = true (default)
2023-06-13 01:50:04,022 [f3f9e814-e788-48e2-bdc0-593c71648247-groupManagement] INFO  server.RaftServerConfigKeys (ConfUtils.java:logGet(46)) - raft.server.threadpool.server.size = 0 (default)
2023-06-13 01:50:04,022 [f3f9e814-e788-48e2-bdc0-593c71648247-groupManagement] INFO  server.RaftServerConfigKeys (ConfUtils.java:logGet(46)) - raft.server.threadpool.client.cached = true (default)
2023-06-13 01:50:04,022 [f3f9e814-e788-48e2-bdc0-593c71648247-groupManagement] INFO  server.RaftServerConfigKeys (ConfUtils.java:logGet(46)) - raft.server.threadpool.client.size = 0 (default)
2023-06-13 01:50:04,025 [f3f9e814-e788-48e2-bdc0-593c71648247-groupManagement] INFO  storage.RaftStorageDirectory (RaftStorageDirectoryImpl.java:analyzeStorage(137)) - The storage directory /home/runner/work/ozone/ozone/hadoop-ozone/integration-test/target/test-dir/MiniOzoneClusterImpl-5f2dcc83-6c9d-45c9-8141-0f4d2c5ecdef/datanode-1/data/ratis/02835971-0f79-4a2e-8078-c31b729b81a5 does not exist. Creating ...
2023-06-13 01:50:04,026 [f3f9e814-e788-48e2-bdc0-593c71648247-groupManagement] INFO  storage.RaftStorageDirectory (RaftStorageDirectoryImpl.java:tryLock(231)) - Lock on /home/runner/work/ozone/ozone/hadoop-ozone/integration-test/target/test-dir/MiniOzoneClusterImpl-5f2dcc83-6c9d-45c9-8141-0f4d2c5ecdef/datanode-1/data/ratis/02835971-0f79-4a2e-8078-c31b729b81a5/in_use.lock acquired by nodename 24814@fv-az670-278
2023-06-13 01:50:04,029 [f3f9e814-e788-48e2-bdc0-593c71648247-groupManagement] INFO  storage.RaftStorage (RaftStorageImpl.java:format(96)) - Storage directory /home/runner/work/ozone/ozone/hadoop-ozone/integration-test/target/test-dir/MiniOzoneClusterImpl-5f2dcc83-6c9d-45c9-8141-0f4d2c5ecdef/datanode-1/data/ratis/02835971-0f79-4a2e-8078-c31b729b81a5 has been successfully formatted.
2023-06-13 01:50:04,029 [f3f9e814-e788-48e2-bdc0-593c71648247-groupManagement] INFO  ratis.ContainerStateMachine (ContainerStateMachine.java:loadSnapshot(262)) - group-C31B729B81A5: The snapshot info is null. Setting the last applied indexto:(t:0, i:~)
2023-06-13 01:50:04,029 [f3f9e814-e788-48e2-bdc0-593c71648247-groupManagement] INFO  server.RaftServerConfigKeys (ConfUtils.java:logGet(46)) - raft.server.log.use.memory = false (default)
2023-06-13 01:50:04,030 [f3f9e814-e788-48e2-bdc0-593c71648247-groupManagement] INFO  server.RaftServerConfigKeys (ConfUtils.java:logGet(46)) - raft.server.log.purge.gap = 1000000 (custom)
2023-06-13 01:50:04,030 [f3f9e814-e788-48e2-bdc0-593c71648247-groupManagement] INFO  server.RaftServerConfigKeys (ConfUtils.java:logGet(46)) - raft.server.log.appender.buffer.byte-limit = 33554432 (custom)
2023-06-13 01:50:04,030 [f3f9e814-e788-48e2-bdc0-593c71648247-groupManagement] INFO  server.RaftServerConfigKeys (ConfUtils.java:logGet(46)) - raft.server.log.statemachine.data.read.timeout = 1000ms (default)
2023-06-13 01:50:04,030 [f3f9e814-e788-48e2-bdc0-593c71648247-groupManagement] INFO  server.RaftServerConfigKeys (ConfUtils.java:logGet(46)) - raft.server.log.purge.preservation.log.num = 0 (default)
2023-06-13 01:50:04,030 [f3f9e814-e788-48e2-bdc0-593c71648247-groupManagement] INFO  server.RaftServerConfigKeys (ConfUtils.java:logGet(46)) - raft.server.log.segment.size.max = 1048576 (custom)
2023-06-13 01:50:04,031 [f3f9e814-e788-48e2-bdc0-593c71648247-groupManagement] INFO  server.RaftServerConfigKeys (ConfUtils.java:logGet(46)) - raft.server.log.segment.cache.num.max = 2 (custom)
2023-06-13 01:50:04,031 [f3f9e814-e788-48e2-bdc0-593c71648247-groupManagement] INFO  server.RaftServerConfigKeys (ConfUtils.java:logGet(46)) - raft.server.log.segment.cache.size.max = 200MB (=209715200) (default)
2023-06-13 01:50:04,031 [f3f9e814-e788-48e2-bdc0-593c71648247-groupManagement] INFO  server.RaftServerConfigKeys (ConfUtils.java:logGet(46)) - raft.server.log.appender.buffer.byte-limit = 33554432 (custom)
2023-06-13 01:50:04,031 [f3f9e814-e788-48e2-bdc0-593c71648247-groupManagement] INFO  segmented.SegmentedRaftLogWorker (SegmentedRaftLogWorker.java:<init>(188)) - new f3f9e814-e788-48e2-bdc0-593c71648247@group-C31B729B81A5-SegmentedRaftLogWorker for RaftStorageImpl:Storage Directory /home/runner/work/ozone/ozone/hadoop-ozone/integration-test/target/test-dir/MiniOzoneClusterImpl-5f2dcc83-6c9d-45c9-8141-0f4d2c5ecdef/datanode-1/data/ratis/02835971-0f79-4a2e-8078-c31b729b81a5
2023-06-13 01:50:04,031 [f3f9e814-e788-48e2-bdc0-593c71648247-groupManagement] INFO  server.RaftServerConfigKeys (ConfUtils.java:logGet(46)) - raft.server.log.queue.byte-limit = 4294967296 (custom)
2023-06-13 01:50:04,031 [f3f9e814-e788-48e2-bdc0-593c71648247-groupManagement] INFO  server.RaftServerConfigKeys (ConfUtils.java:logGet(46)) - raft.server.log.queue.element-limit = 1024 (custom)
2023-06-13 01:50:04,031 [f3f9e814-e788-48e2-bdc0-593c71648247-groupManagement] INFO  server.RaftServerConfigKeys (ConfUtils.java:logGet(46)) - raft.server.log.segment.size.max = 1048576 (custom)
2023-06-13 01:50:04,031 [f3f9e814-e788-48e2-bdc0-593c71648247-groupManagement] INFO  server.RaftServerConfigKeys (ConfUtils.java:logGet(46)) - raft.server.log.preallocated.size = 16384 (custom)
2023-06-13 01:50:04,031 [f3f9e814-e788-48e2-bdc0-593c71648247-groupManagement] INFO  server.RaftServerConfigKeys (ConfUtils.java:logGet(46)) - raft.server.log.force.sync.num = 128 (default)
2023-06-13 01:50:04,031 [f3f9e814-e788-48e2-bdc0-593c71648247-groupManagement] INFO  server.RaftServerConfigKeys (ConfUtils.java:logGet(46)) - raft.server.log.statemachine.data.sync = true (default)
2023-06-13 01:50:04,031 [f3f9e814-e788-48e2-bdc0-593c71648247-groupManagement] INFO  server.RaftServerConfigKeys (ConfUtils.java:logGet(46)) - raft.server.log.statemachine.data.sync.timeout = 10s (default)
2023-06-13 01:50:04,031 [f3f9e814-e788-48e2-bdc0-593c71648247-groupManagement] INFO  server.RaftServerConfigKeys (ConfUtils.java:logGet(46)) - raft.server.log.statemachine.data.sync.timeout.retry = -1 (default)
2023-06-13 01:50:04,033 [EventQueue-OpenPipelineForHealthyPipelineSafeModeRule] INFO  safemode.SCMSafeModeManager (HealthyPipelineSafeModeRule.java:process(137)) - SCM in safe mode. Healthy pipelines reported count is 0, required healthy pipeline reported count is 1
2023-06-13 01:50:04,038 [f3f9e814-e788-48e2-bdc0-593c71648247-groupManagement] INFO  server.RaftServerConfigKeys (ConfUtils.java:logGet(46)) - raft.server.log.write.buffer.size = 1048576 (custom)
2023-06-13 01:50:04,038 [f3f9e814-e788-48e2-bdc0-593c71648247-groupManagement] INFO  server.RaftServerConfigKeys (ConfUtils.java:logGet(46)) - raft.server.log.appender.buffer.byte-limit = 33554432 (custom)
2023-06-13 01:50:04,041 [PipelineCommandHandlerThread-0] INFO  commandhandler.CreatePipelineCommandHandler (CreatePipelineCommandHandler.java:lambda$handle$2(124)) - Created Pipeline RATIS THREE PipelineID=b36d0372-f5f7-44a1-bd20-9d1fc8b4240e.
2023-06-13 01:50:04,042 [PipelineCommandHandlerThread-0] INFO  server.RaftServer (RaftServerProxy.java:addNew(98)) - 949cbcb3-ffc8-4fb9-988d-3e8d33dd06ba: addNew group-C31B729B81A5:[f3f9e814-e788-48e2-bdc0-593c71648247|rpc:10.1.0.18:15023|admin:10.1.0.18:15022|client:10.1.0.18:15021|dataStream:10.1.0.18:15024|priority:0|startupRole:FOLLOWER, 949cbcb3-ffc8-4fb9-988d-3e8d33dd06ba|rpc:10.1.0.18:15014|admin:10.1.0.18:15013|client:10.1.0.18:15012|dataStream:10.1.0.18:15015|priority:1|startupRole:FOLLOWER, 3ffa4cce-b7d6-4a2e-8013-f08ece989394|rpc:10.1.0.18:15032|admin:10.1.0.18:15031|client:10.1.0.18:15030|dataStream:10.1.0.18:15033|priority:0|startupRole:FOLLOWER] returns group-C31B729B81A5:java.util.concurrent.CompletableFuture@bc6b039[Not completed]
2023-06-13 01:50:04,043 [949cbcb3-ffc8-4fb9-988d-3e8d33dd06ba-groupManagement] INFO  server.RaftServer$Division (RaftServerImpl.java:<init>(198)) - 949cbcb3-ffc8-4fb9-988d-3e8d33dd06ba: new RaftServerImpl for group-C31B729B81A5:[f3f9e814-e788-48e2-bdc0-593c71648247|rpc:10.1.0.18:15023|admin:10.1.0.18:15022|client:10.1.0.18:15021|dataStream:10.1.0.18:15024|priority:0|startupRole:FOLLOWER, 949cbcb3-ffc8-4fb9-988d-3e8d33dd06ba|rpc:10.1.0.18:15014|admin:10.1.0.18:15013|client:10.1.0.18:15012|dataStream:10.1.0.18:15015|priority:1|startupRole:FOLLOWER, 3ffa4cce-b7d6-4a2e-8013-f08ece989394|rpc:10.1.0.18:15032|admin:10.1.0.18:15031|client:10.1.0.18:15030|dataStream:10.1.0.18:15033|priority:0|startupRole:FOLLOWER] with ContainerStateMachine:uninitialized
2023-06-13 01:50:04,043 [949cbcb3-ffc8-4fb9-988d-3e8d33dd06ba-groupManagement] INFO  server.RaftServerConfigKeys (ConfUtils.java:logGet(46)) - raft.server.rpc.timeout.min = 5s (custom)
2023-06-13 01:50:04,043 [949cbcb3-ffc8-4fb9-988d-3e8d33dd06ba-groupManagement] INFO  server.RaftServerConfigKeys (ConfUtils.java:logGet(46)) - raft.server.rpc.timeout.max = 5200ms (custom)
2023-06-13 01:50:04,043 [949cbcb3-ffc8-4fb9-988d-3e8d33dd06ba-groupManagement] INFO  server.RaftServerConfigKeys (ConfUtils.java:logGet(46)) - raft.server.rpc.sleep.time = 25ms (default)
2023-06-13 01:50:04,043 [949cbcb3-ffc8-4fb9-988d-3e8d33dd06ba-groupManagement] INFO  server.RaftServerConfigKeys (ConfUtils.java:logGet(46)) - raft.server.rpc.slowness.timeout = 300s (custom)
2023-06-13 01:50:04,043 [949cbcb3-ffc8-4fb9-988d-3e8d33dd06ba-groupManagement] INFO  server.RaftServerConfigKeys (ConfUtils.java:logGet(46)) - raft.server.leaderelection.leader.step-down.wait-time = 10s (default)
2023-06-13 01:50:04,043 [949cbcb3-ffc8-4fb9-988d-3e8d33dd06ba-groupManagement] INFO  server.RaftServerConfigKeys (ConfUtils.java:logGet(46)) - raft.server.sleep.deviation.threshold = 300ms (default)
2023-06-13 01:50:04,043 [949cbcb3-ffc8-4fb9-988d-3e8d33dd06ba-groupManagement] INFO  server.RaftServer$Division (ServerState.java:<init>(120)) - 949cbcb3-ffc8-4fb9-988d-3e8d33dd06ba@group-C31B729B81A5: ConfigurationManager, init=-1: peers:[f3f9e814-e788-48e2-bdc0-593c71648247|rpc:10.1.0.18:15023|admin:10.1.0.18:15022|client:10.1.0.18:15021|dataStream:10.1.0.18:15024|priority:0|startupRole:FOLLOWER, 949cbcb3-ffc8-4fb9-988d-3e8d33dd06ba|rpc:10.1.0.18:15014|admin:10.1.0.18:15013|client:10.1.0.18:15012|dataStream:10.1.0.18:15015|priority:1|startupRole:FOLLOWER, 3ffa4cce-b7d6-4a2e-8013-f08ece989394|rpc:10.1.0.18:15032|admin:10.1.0.18:15031|client:10.1.0.18:15030|dataStream:10.1.0.18:15033|priority:0|startupRole:FOLLOWER]|listeners:[], old=null, confs=<EMPTY_MAP>
2023-06-13 01:50:04,043 [949cbcb3-ffc8-4fb9-988d-3e8d33dd06ba-groupManagement] INFO  server.RaftServerConfigKeys (ConfUtils.java:logGet(46)) - raft.server.storage.dir = [/home/runner/work/ozone/ozone/hadoop-ozone/integration-test/target/test-dir/MiniOzoneClusterImpl-5f2dcc83-6c9d-45c9-8141-0f4d2c5ecdef/datanode-0/data/ratis] (custom)
2023-06-13 01:50:04,043 [949cbcb3-ffc8-4fb9-988d-3e8d33dd06ba-groupManagement] INFO  server.RaftServerConfigKeys (ConfUtils.java:logGet(46)) - raft.server.log.corruption.policy = EXCEPTION (default)
2023-06-13 01:50:04,043 [949cbcb3-ffc8-4fb9-988d-3e8d33dd06ba-groupManagement] INFO  server.RaftServerConfigKeys (ConfUtils.java:logGet(46)) - raft.server.storage.free-space.min = 0MB (=0) (default)
2023-06-13 01:50:04,043 [949cbcb3-ffc8-4fb9-988d-3e8d33dd06ba-groupManagement] INFO  server.RaftServerConfigKeys (ConfUtils.java:logGet(46)) - raft.server.notification.no-leader.timeout = 300s (custom)
2023-06-13 01:50:04,043 [949cbcb3-ffc8-4fb9-988d-3e8d33dd06ba-groupManagement] INFO  server.RaftServerConfigKeys (ConfUtils.java:logGet(46)) - raft.server.read.timeout = 10s (default)
2023-06-13 01:50:04,043 [949cbcb3-ffc8-4fb9-988d-3e8d33dd06ba-groupManagement] INFO  server.RaftServerConfigKeys (ConfUtils.java:logGet(46)) - raft.server.retrycache.expirytime = 600000ms (custom)
2023-06-13 01:50:04,043 [949cbcb3-ffc8-4fb9-988d-3e8d33dd06ba-groupManagement] INFO  server.RaftServerConfigKeys (ConfUtils.java:logGet(46)) - raft.server.retrycache.statistics.expirytime = 100μs (default)
2023-06-13 01:50:04,044 [949cbcb3-ffc8-4fb9-988d-3e8d33dd06ba-groupManagement] INFO  server.RaftServerConfigKeys (ConfUtils.java:logGet(46)) - raft.server.read.option = DEFAULT (default)
2023-06-13 01:50:04,044 [949cbcb3-ffc8-4fb9-988d-3e8d33dd06ba-groupManagement] INFO  server.RaftServerConfigKeys (ConfUtils.java:logGet(46)) - raft.server.rpc.request.timeout = 60s (custom)
2023-06-13 01:50:04,044 [949cbcb3-ffc8-4fb9-988d-3e8d33dd06ba-groupManagement] INFO  server.RaftServerConfigKeys (ConfUtils.java:logGet(46)) - raft.server.log.appender.install.snapshot.enabled = false (custom)
2023-06-13 01:50:04,044 [949cbcb3-ffc8-4fb9-988d-3e8d33dd06ba-groupManagement] INFO  server.RaftServerConfigKeys (ConfUtils.java:logGet(46)) - raft.server.threadpool.server.cached = true (default)
2023-06-13 01:50:04,044 [949cbcb3-ffc8-4fb9-988d-3e8d33dd06ba-groupManagement] INFO  server.RaftServerConfigKeys (ConfUtils.java:logGet(46)) - raft.server.threadpool.server.size = 0 (default)
2023-06-13 01:50:04,045 [949cbcb3-ffc8-4fb9-988d-3e8d33dd06ba-groupManagement] INFO  server.RaftServerConfigKeys (ConfUtils.java:logGet(46)) - raft.server.threadpool.client.cached = true (default)
2023-06-13 01:50:04,045 [949cbcb3-ffc8-4fb9-988d-3e8d33dd06ba-groupManagement] INFO  server.RaftServerConfigKeys (ConfUtils.java:logGet(46)) - raft.server.threadpool.client.size = 0 (default)
2023-06-13 01:50:04,045 [949cbcb3-ffc8-4fb9-988d-3e8d33dd06ba-groupManagement] INFO  storage.RaftStorageDirectory (RaftStorageDirectoryImpl.java:analyzeStorage(137)) - The storage directory /home/runner/work/ozone/ozone/hadoop-ozone/integration-test/target/test-dir/MiniOzoneClusterImpl-5f2dcc83-6c9d-45c9-8141-0f4d2c5ecdef/datanode-0/data/ratis/02835971-0f79-4a2e-8078-c31b729b81a5 does not exist. Creating ...
2023-06-13 01:50:04,045 [f3f9e814-e788-48e2-bdc0-593c71648247-groupManagement] INFO  server.RaftServerConfigKeys (ConfUtils.java:logGet(46)) - raft.server.log.unsafe-flush.enabled = false (default)
2023-06-13 01:50:04,045 [f3f9e814-e788-48e2-bdc0-593c71648247-groupManagement] INFO  server.RaftServerConfigKeys (ConfUtils.java:logGet(46)) - raft.server.log.async-flush.enabled = false (default)
2023-06-13 01:50:04,046 [f3f9e814-e788-48e2-bdc0-593c71648247-groupManagement] INFO  server.RaftServerConfigKeys (ConfUtils.java:logGet(46)) - raft.server.log.statemachine.data.caching.enabled = true (custom)
2023-06-13 01:50:04,046 [f3f9e814-e788-48e2-bdc0-593c71648247-groupManagement] INFO  segmented.SegmentedRaftLogWorker (SegmentedRaftLogWorker.java:lambda$new$0(135)) - f3f9e814-e788-48e2-bdc0-593c71648247@group-C31B729B81A5-SegmentedRaftLogWorker: flushIndex: setUnconditionally 0 -> -1
2023-06-13 01:50:04,046 [f3f9e814-e788-48e2-bdc0-593c71648247-groupManagement] INFO  segmented.SegmentedRaftLogWorker (SegmentedRaftLogWorker.java:lambda$new$0(135)) - f3f9e814-e788-48e2-bdc0-593c71648247@group-C31B729B81A5-SegmentedRaftLogWorker: safeCacheEvictIndex: setUnconditionally 0 -> -1
2023-06-13 01:50:04,046 [949cbcb3-ffc8-4fb9-988d-3e8d33dd06ba-groupManagement] INFO  storage.RaftStorageDirectory (RaftStorageDirectoryImpl.java:tryLock(231)) - Lock on /home/runner/work/ozone/ozone/hadoop-ozone/integration-test/target/test-dir/MiniOzoneClusterImpl-5f2dcc83-6c9d-45c9-8141-0f4d2c5ecdef/datanode-0/data/ratis/02835971-0f79-4a2e-8078-c31b729b81a5/in_use.lock acquired by nodename 24814@fv-az670-278
2023-06-13 01:50:04,046 [f3f9e814-e788-48e2-bdc0-593c71648247-groupManagement] INFO  server.RaftServer$Division (RaftServerImpl.java:start(342)) - f3f9e814-e788-48e2-bdc0-593c71648247@group-C31B729B81A5: start as a follower, conf=-1: peers:[f3f9e814-e788-48e2-bdc0-593c71648247|rpc:10.1.0.18:15023|admin:10.1.0.18:15022|client:10.1.0.18:15021|dataStream:10.1.0.18:15024|priority:0|startupRole:FOLLOWER, 949cbcb3-ffc8-4fb9-988d-3e8d33dd06ba|rpc:10.1.0.18:15014|admin:10.1.0.18:15013|client:10.1.0.18:15012|dataStream:10.1.0.18:15015|priority:1|startupRole:FOLLOWER, 3ffa4cce-b7d6-4a2e-8013-f08ece989394|rpc:10.1.0.18:15032|admin:10.1.0.18:15031|client:10.1.0.18:15030|dataStream:10.1.0.18:15033|priority:0|startupRole:FOLLOWER]|listeners:[], old=null
2023-06-13 01:50:04,046 [f3f9e814-e788-48e2-bdc0-593c71648247-groupManagement] INFO  server.RaftServer$Division (RaftServerImpl.java:setRole(329)) - f3f9e814-e788-48e2-bdc0-593c71648247@group-C31B729B81A5: changes role from      null to FOLLOWER at term 0 for startAsFollower
2023-06-13 01:50:04,047 [f3f9e814-e788-48e2-bdc0-593c71648247-groupManagement] INFO  impl.RoleInfo (RoleInfo.java:updateAndGet(139)) - f3f9e814-e788-48e2-bdc0-593c71648247: start f3f9e814-e788-48e2-bdc0-593c71648247@group-C31B729B81A5-FollowerState
2023-06-13 01:50:04,047 [949cbcb3-ffc8-4fb9-988d-3e8d33dd06ba-groupManagement] INFO  storage.RaftStorage (RaftStorageImpl.java:format(96)) - Storage directory /home/runner/work/ozone/ozone/hadoop-ozone/integration-test/target/test-dir/MiniOzoneClusterImpl-5f2dcc83-6c9d-45c9-8141-0f4d2c5ecdef/datanode-0/data/ratis/02835971-0f79-4a2e-8078-c31b729b81a5 has been successfully formatted.
2023-06-13 01:50:04,049 [949cbcb3-ffc8-4fb9-988d-3e8d33dd06ba-groupManagement] INFO  ratis.ContainerStateMachine (ContainerStateMachine.java:loadSnapshot(262)) - group-C31B729B81A5: The snapshot info is null. Setting the last applied indexto:(t:0, i:~)
2023-06-13 01:50:04,049 [949cbcb3-ffc8-4fb9-988d-3e8d33dd06ba-groupManagement] INFO  server.RaftServerConfigKeys (ConfUtils.java:logGet(46)) - raft.server.log.use.memory = false (default)
2023-06-13 01:50:04,049 [949cbcb3-ffc8-4fb9-988d-3e8d33dd06ba-groupManagement] INFO  server.RaftServerConfigKeys (ConfUtils.java:logGet(46)) - raft.server.log.purge.gap = 1000000 (custom)
2023-06-13 01:50:04,049 [949cbcb3-ffc8-4fb9-988d-3e8d33dd06ba-groupManagement] INFO  server.RaftServerConfigKeys (ConfUtils.java:logGet(46)) - raft.server.log.appender.buffer.byte-limit = 33554432 (custom)
2023-06-13 01:50:04,049 [949cbcb3-ffc8-4fb9-988d-3e8d33dd06ba-groupManagement] INFO  server.RaftServerConfigKeys (ConfUtils.java:logGet(46)) - raft.server.log.statemachine.data.read.timeout = 1000ms (default)
2023-06-13 01:50:04,049 [949cbcb3-ffc8-4fb9-988d-3e8d33dd06ba-groupManagement] INFO  server.RaftServerConfigKeys (ConfUtils.java:logGet(46)) - raft.server.log.purge.preservation.log.num = 0 (default)
2023-06-13 01:50:04,049 [949cbcb3-ffc8-4fb9-988d-3e8d33dd06ba-groupManagement] INFO  server.RaftServerConfigKeys (ConfUtils.java:logGet(46)) - raft.server.log.segment.size.max = 1048576 (custom)
2023-06-13 01:50:04,049 [949cbcb3-ffc8-4fb9-988d-3e8d33dd06ba-groupManagement] INFO  server.RaftServerConfigKeys (ConfUtils.java:logGet(46)) - raft.server.log.segment.cache.num.max = 2 (custom)
2023-06-13 01:50:04,050 [949cbcb3-ffc8-4fb9-988d-3e8d33dd06ba-groupManagement] INFO  server.RaftServerConfigKeys (ConfUtils.java:logGet(46)) - raft.server.log.segment.cache.size.max = 200MB (=209715200) (default)
2023-06-13 01:50:04,050 [949cbcb3-ffc8-4fb9-988d-3e8d33dd06ba-groupManagement] INFO  server.RaftServerConfigKeys (ConfUtils.java:logGet(46)) - raft.server.log.appender.buffer.byte-limit = 33554432 (custom)
2023-06-13 01:50:04,050 [949cbcb3-ffc8-4fb9-988d-3e8d33dd06ba-groupManagement] INFO  segmented.SegmentedRaftLogWorker (SegmentedRaftLogWorker.java:<init>(188)) - new 949cbcb3-ffc8-4fb9-988d-3e8d33dd06ba@group-C31B729B81A5-SegmentedRaftLogWorker for RaftStorageImpl:Storage Directory /home/runner/work/ozone/ozone/hadoop-ozone/integration-test/target/test-dir/MiniOzoneClusterImpl-5f2dcc83-6c9d-45c9-8141-0f4d2c5ecdef/datanode-0/data/ratis/02835971-0f79-4a2e-8078-c31b729b81a5
2023-06-13 01:50:04,050 [949cbcb3-ffc8-4fb9-988d-3e8d33dd06ba-groupManagement] INFO  server.RaftServerConfigKeys (ConfUtils.java:logGet(46)) - raft.server.log.queue.byte-limit = 4294967296 (custom)
2023-06-13 01:50:04,050 [949cbcb3-ffc8-4fb9-988d-3e8d33dd06ba-groupManagement] INFO  server.RaftServerConfigKeys (ConfUtils.java:logGet(46)) - raft.server.log.queue.element-limit = 1024 (custom)
2023-06-13 01:50:04,050 [949cbcb3-ffc8-4fb9-988d-3e8d33dd06ba-groupManagement] INFO  server.RaftServerConfigKeys (ConfUtils.java:logGet(46)) - raft.server.log.segment.size.max = 1048576 (custom)
2023-06-13 01:50:04,050 [949cbcb3-ffc8-4fb9-988d-3e8d33dd06ba-groupManagement] INFO  server.RaftServerConfigKeys (ConfUtils.java:logGet(46)) - raft.server.log.preallocated.size = 16384 (custom)
2023-06-13 01:50:04,050 [949cbcb3-ffc8-4fb9-988d-3e8d33dd06ba-groupManagement] INFO  server.RaftServerConfigKeys (ConfUtils.java:logGet(46)) - raft.server.log.force.sync.num = 128 (default)
2023-06-13 01:50:04,050 [949cbcb3-ffc8-4fb9-988d-3e8d33dd06ba-groupManagement] INFO  server.RaftServerConfigKeys (ConfUtils.java:logGet(46)) - raft.server.log.statemachine.data.sync = true (default)
2023-06-13 01:50:04,050 [949cbcb3-ffc8-4fb9-988d-3e8d33dd06ba-groupManagement] INFO  server.RaftServerConfigKeys (ConfUtils.java:logGet(46)) - raft.server.log.statemachine.data.sync.timeout = 10s (default)
2023-06-13 01:50:04,050 [949cbcb3-ffc8-4fb9-988d-3e8d33dd06ba-groupManagement] INFO  server.RaftServerConfigKeys (ConfUtils.java:logGet(46)) - raft.server.log.statemachine.data.sync.timeout.retry = -1 (default)
2023-06-13 01:50:04,051 [949cbcb3-ffc8-4fb9-988d-3e8d33dd06ba-groupManagement] INFO  server.RaftServerConfigKeys (ConfUtils.java:logGet(46)) - raft.server.log.write.buffer.size = 1048576 (custom)
2023-06-13 01:50:04,051 [949cbcb3-ffc8-4fb9-988d-3e8d33dd06ba-groupManagement] INFO  server.RaftServerConfigKeys (ConfUtils.java:logGet(46)) - raft.server.log.appender.buffer.byte-limit = 33554432 (custom)
2023-06-13 01:50:04,052 [f3f9e814-e788-48e2-bdc0-593c71648247@group-C31B729B81A5-FollowerState] INFO  server.RaftServerConfigKeys (ConfUtils.java:logFallback(53)) - raft.server.rpc.first-election.timeout.min = 5s (fallback to raft.server.rpc.timeout.min)
2023-06-13 01:50:04,052 [f3f9e814-e788-48e2-bdc0-593c71648247@group-C31B729B81A5-FollowerState] INFO  server.RaftServerConfigKeys (ConfUtils.java:logFallback(53)) - raft.server.rpc.first-election.timeout.max = 5200ms (fallback to raft.server.rpc.timeout.max)
2023-06-13 01:50:04,048 [f3f9e814-e788-48e2-bdc0-593c71648247-groupManagement] INFO  util.JmxRegister (JmxRegister.java:tryRegister(44)) - Successfully registered JMX Bean with object name Ratis:service=RaftServer,group=group-C31B729B81A5,id=f3f9e814-e788-48e2-bdc0-593c71648247
2023-06-13 01:50:04,061 [f3f9e814-e788-48e2-bdc0-593c71648247-groupManagement] INFO  server.RaftServerConfigKeys (ConfUtils.java:logGet(46)) - raft.server.snapshot.auto.trigger.enabled = true (custom)
2023-06-13 01:50:04,061 [f3f9e814-e788-48e2-bdc0-593c71648247-groupManagement] INFO  server.RaftServerConfigKeys (ConfUtils.java:logGet(46)) - raft.server.snapshot.auto.trigger.threshold = 10000 (custom)
2023-06-13 01:50:04,061 [f3f9e814-e788-48e2-bdc0-593c71648247-groupManagement] INFO  server.RaftServerConfigKeys (ConfUtils.java:logGet(46)) - raft.server.snapshot.retention.file.num = 5 (custom)
2023-06-13 01:50:04,061 [f3f9e814-e788-48e2-bdc0-593c71648247-groupManagement] INFO  server.RaftServerConfigKeys (ConfUtils.java:logGet(46)) - raft.server.log.purge.upto.snapshot.index = false (default)
2023-06-13 01:50:04,060 [EventQueue-OpenPipelineForHealthyPipelineSafeModeRule] INFO  safemode.SCMSafeModeManager (HealthyPipelineSafeModeRule.java:process(137)) - SCM in safe mode. Healthy pipelines reported count is 0, required healthy pipeline reported count is 1
2023-06-13 01:50:04,061 [949cbcb3-ffc8-4fb9-988d-3e8d33dd06ba-groupManagement] INFO  server.RaftServerConfigKeys (ConfUtils.java:logGet(46)) - raft.server.log.unsafe-flush.enabled = false (default)
2023-06-13 01:50:04,062 [949cbcb3-ffc8-4fb9-988d-3e8d33dd06ba-groupManagement] INFO  server.RaftServerConfigKeys (ConfUtils.java:logGet(46)) - raft.server.log.async-flush.enabled = false (default)
2023-06-13 01:50:04,062 [949cbcb3-ffc8-4fb9-988d-3e8d33dd06ba-groupManagement] INFO  server.RaftServerConfigKeys (ConfUtils.java:logGet(46)) - raft.server.log.statemachine.data.caching.enabled = true (custom)
2023-06-13 01:50:04,062 [949cbcb3-ffc8-4fb9-988d-3e8d33dd06ba-groupManagement] INFO  segmented.SegmentedRaftLogWorker (SegmentedRaftLogWorker.java:lambda$new$0(135)) - 949cbcb3-ffc8-4fb9-988d-3e8d33dd06ba@group-C31B729B81A5-SegmentedRaftLogWorker: flushIndex: setUnconditionally 0 -> -1
2023-06-13 01:50:04,062 [949cbcb3-ffc8-4fb9-988d-3e8d33dd06ba-groupManagement] INFO  segmented.SegmentedRaftLogWorker (SegmentedRaftLogWorker.java:lambda$new$0(135)) - 949cbcb3-ffc8-4fb9-988d-3e8d33dd06ba@group-C31B729B81A5-SegmentedRaftLogWorker: safeCacheEvictIndex: setUnconditionally 0 -> -1
2023-06-13 01:50:04,064 [PipelineCommandHandlerThread-0] INFO  ratis.XceiverServerRatis (XceiverServerRatis.java:addGroup(804)) - Created group PipelineID=02835971-0f79-4a2e-8078-c31b729b81a5
2023-06-13 01:50:04,064 [949cbcb3-ffc8-4fb9-988d-3e8d33dd06ba-groupManagement] INFO  server.RaftServer$Division (RaftServerImpl.java:start(342)) - 949cbcb3-ffc8-4fb9-988d-3e8d33dd06ba@group-C31B729B81A5: start as a follower, conf=-1: peers:[f3f9e814-e788-48e2-bdc0-593c71648247|rpc:10.1.0.18:15023|admin:10.1.0.18:15022|client:10.1.0.18:15021|dataStream:10.1.0.18:15024|priority:0|startupRole:FOLLOWER, 949cbcb3-ffc8-4fb9-988d-3e8d33dd06ba|rpc:10.1.0.18:15014|admin:10.1.0.18:15013|client:10.1.0.18:15012|dataStream:10.1.0.18:15015|priority:1|startupRole:FOLLOWER, 3ffa4cce-b7d6-4a2e-8013-f08ece989394|rpc:10.1.0.18:15032|admin:10.1.0.18:15031|client:10.1.0.18:15030|dataStream:10.1.0.18:15033|priority:0|startupRole:FOLLOWER]|listeners:[], old=null
2023-06-13 01:50:04,064 [949cbcb3-ffc8-4fb9-988d-3e8d33dd06ba-groupManagement] INFO  server.RaftServer$Division (RaftServerImpl.java:setRole(329)) - 949cbcb3-ffc8-4fb9-988d-3e8d33dd06ba@group-C31B729B81A5: changes role from      null to FOLLOWER at term 0 for startAsFollower
2023-06-13 01:50:04,064 [949cbcb3-ffc8-4fb9-988d-3e8d33dd06ba-groupManagement] INFO  impl.RoleInfo (RoleInfo.java:updateAndGet(139)) - 949cbcb3-ffc8-4fb9-988d-3e8d33dd06ba: start 949cbcb3-ffc8-4fb9-988d-3e8d33dd06ba@group-C31B729B81A5-FollowerState
2023-06-13 01:50:04,066 [949cbcb3-ffc8-4fb9-988d-3e8d33dd06ba-groupManagement] INFO  util.JmxRegister (JmxRegister.java:tryRegister(44)) - Successfully registered JMX Bean with object name Ratis:service=RaftServer,group=group-C31B729B81A5,id=949cbcb3-ffc8-4fb9-988d-3e8d33dd06ba
2023-06-13 01:50:04,066 [949cbcb3-ffc8-4fb9-988d-3e8d33dd06ba-groupManagement] INFO  server.RaftServerConfigKeys (ConfUtils.java:logGet(46)) - raft.server.snapshot.auto.trigger.enabled = true (custom)
2023-06-13 01:50:04,066 [949cbcb3-ffc8-4fb9-988d-3e8d33dd06ba-groupManagement] INFO  server.RaftServerConfigKeys (ConfUtils.java:logGet(46)) - raft.server.snapshot.auto.trigger.threshold = 10000 (custom)
2023-06-13 01:50:04,066 [949cbcb3-ffc8-4fb9-988d-3e8d33dd06ba-groupManagement] INFO  server.RaftServerConfigKeys (ConfUtils.java:logGet(46)) - raft.server.snapshot.retention.file.num = 5 (custom)
2023-06-13 01:50:04,066 [949cbcb3-ffc8-4fb9-988d-3e8d33dd06ba-groupManagement] INFO  server.RaftServerConfigKeys (ConfUtils.java:logGet(46)) - raft.server.log.purge.upto.snapshot.index = false (default)
2023-06-13 01:50:04,067 [949cbcb3-ffc8-4fb9-988d-3e8d33dd06ba@group-C31B729B81A5-FollowerState] INFO  server.RaftServerConfigKeys (ConfUtils.java:logFallback(53)) - raft.server.rpc.first-election.timeout.min = 5s (fallback to raft.server.rpc.timeout.min)
2023-06-13 01:50:04,069 [PipelineCommandHandlerThread-0] INFO  ratis.XceiverServerRatis (XceiverServerRatis.java:addGroup(804)) - Created group PipelineID=02835971-0f79-4a2e-8078-c31b729b81a5
2023-06-13 01:50:04,074 [949cbcb3-ffc8-4fb9-988d-3e8d33dd06ba@group-C31B729B81A5-FollowerState] INFO  server.RaftServerConfigKeys (ConfUtils.java:logFallback(53)) - raft.server.rpc.first-election.timeout.max = 5200ms (fallback to raft.server.rpc.timeout.max)
2023-06-13 01:50:04,078 [main] INFO  ozone.MiniOzoneClusterImpl (MiniOzoneClusterImpl.java:lambda$waitForClusterToBeReady$0(224)) - Nodes are ready. Got 3 of 3 DN Heartbeats.
2023-06-13 01:50:04,079 [main] INFO  ozone.MiniOzoneClusterImpl (MiniOzoneClusterImpl.java:lambda$waitForClusterToBeReady$0(227)) - Waiting for cluster to exit safe mode
2023-06-13 01:50:04,079 [main] INFO  ozone.MiniOzoneClusterImpl (MiniOzoneClusterImpl.java:lambda$waitForClusterToBeReady$0(229)) - SCM became leader
2023-06-13 01:50:04,082 [PipelineCommandHandlerThread-0] INFO  server.RaftServer (RaftServerProxy.java:addNew(98)) - 3ffa4cce-b7d6-4a2e-8013-f08ece989394: addNew group-591350EE5043:[3ffa4cce-b7d6-4a2e-8013-f08ece989394|rpc:10.1.0.18:15032|admin:10.1.0.18:15031|client:10.1.0.18:15030|dataStream:10.1.0.18:15033|priority:1|startupRole:FOLLOWER] returns group-591350EE5043:java.util.concurrent.CompletableFuture@2248582d[Not completed]
2023-06-13 01:50:04,084 [3ffa4cce-b7d6-4a2e-8013-f08ece989394-groupManagement] INFO  server.RaftServer$Division (RaftServerImpl.java:<init>(198)) - 3ffa4cce-b7d6-4a2e-8013-f08ece989394: new RaftServerImpl for group-591350EE5043:[3ffa4cce-b7d6-4a2e-8013-f08ece989394|rpc:10.1.0.18:15032|admin:10.1.0.18:15031|client:10.1.0.18:15030|dataStream:10.1.0.18:15033|priority:1|startupRole:FOLLOWER] with ContainerStateMachine:uninitialized
2023-06-13 01:50:04,084 [3ffa4cce-b7d6-4a2e-8013-f08ece989394-groupManagement] INFO  server.RaftServerConfigKeys (ConfUtils.java:logGet(46)) - raft.server.rpc.timeout.min = 5s (custom)
2023-06-13 01:50:04,084 [3ffa4cce-b7d6-4a2e-8013-f08ece989394-groupManagement] INFO  server.RaftServerConfigKeys (ConfUtils.java:logGet(46)) - raft.server.rpc.timeout.max = 5200ms (custom)
2023-06-13 01:50:04,084 [3ffa4cce-b7d6-4a2e-8013-f08ece989394-groupManagement] INFO  server.RaftServerConfigKeys (ConfUtils.java:logGet(46)) - raft.server.rpc.sleep.time = 25ms (default)
2023-06-13 01:50:04,084 [3ffa4cce-b7d6-4a2e-8013-f08ece989394-groupManagement] INFO  server.RaftServerConfigKeys (ConfUtils.java:logGet(46)) - raft.server.rpc.slowness.timeout = 300s (custom)
2023-06-13 01:50:04,084 [3ffa4cce-b7d6-4a2e-8013-f08ece989394-groupManagement] INFO  server.RaftServerConfigKeys (ConfUtils.java:logGet(46)) - raft.server.leaderelection.leader.step-down.wait-time = 10s (default)
2023-06-13 01:50:04,084 [3ffa4cce-b7d6-4a2e-8013-f08ece989394-groupManagement] INFO  server.RaftServerConfigKeys (ConfUtils.java:logGet(46)) - raft.server.sleep.deviation.threshold = 300ms (default)
2023-06-13 01:50:04,084 [3ffa4cce-b7d6-4a2e-8013-f08ece989394-groupManagement] INFO  server.RaftServer$Division (ServerState.java:<init>(120)) - 3ffa4cce-b7d6-4a2e-8013-f08ece989394@group-591350EE5043: ConfigurationManager, init=-1: peers:[3ffa4cce-b7d6-4a2e-8013-f08ece989394|rpc:10.1.0.18:15032|admin:10.1.0.18:15031|client:10.1.0.18:15030|dataStream:10.1.0.18:15033|priority:1|startupRole:FOLLOWER]|listeners:[], old=null, confs=<EMPTY_MAP>
2023-06-13 01:50:04,085 [3ffa4cce-b7d6-4a2e-8013-f08ece989394-groupManagement] INFO  server.RaftServerConfigKeys (ConfUtils.java:logGet(46)) - raft.server.storage.dir = [/home/runner/work/ozone/ozone/hadoop-ozone/integration-test/target/test-dir/MiniOzoneClusterImpl-5f2dcc83-6c9d-45c9-8141-0f4d2c5ecdef/datanode-2/data/ratis] (custom)
2023-06-13 01:50:04,085 [3ffa4cce-b7d6-4a2e-8013-f08ece989394-groupManagement] INFO  server.RaftServerConfigKeys (ConfUtils.java:logGet(46)) - raft.server.log.corruption.policy = EXCEPTION (default)
2023-06-13 01:50:04,085 [3ffa4cce-b7d6-4a2e-8013-f08ece989394-groupManagement] INFO  server.RaftServerConfigKeys (ConfUtils.java:logGet(46)) - raft.server.storage.free-space.min = 0MB (=0) (default)
2023-06-13 01:50:04,085 [3ffa4cce-b7d6-4a2e-8013-f08ece989394-groupManagement] INFO  server.RaftServerConfigKeys (ConfUtils.java:logGet(46)) - raft.server.notification.no-leader.timeout = 300s (custom)
2023-06-13 01:50:04,085 [3ffa4cce-b7d6-4a2e-8013-f08ece989394-groupManagement] INFO  server.RaftServerConfigKeys (ConfUtils.java:logGet(46)) - raft.server.read.timeout = 10s (default)
2023-06-13 01:50:04,085 [3ffa4cce-b7d6-4a2e-8013-f08ece989394-groupManagement] INFO  server.RaftServerConfigKeys (ConfUtils.java:logGet(46)) - raft.server.retrycache.expirytime = 600000ms (custom)
2023-06-13 01:50:04,085 [3ffa4cce-b7d6-4a2e-8013-f08ece989394-groupManagement] INFO  server.RaftServerConfigKeys (ConfUtils.java:logGet(46)) - raft.server.retrycache.statistics.expirytime = 100μs (default)
2023-06-13 01:50:04,086 [3ffa4cce-b7d6-4a2e-8013-f08ece989394-groupManagement] INFO  server.RaftServerConfigKeys (ConfUtils.java:logGet(46)) - raft.server.read.option = DEFAULT (default)
2023-06-13 01:50:04,086 [3ffa4cce-b7d6-4a2e-8013-f08ece989394-groupManagement] INFO  server.RaftServerConfigKeys (ConfUtils.java:logGet(46)) - raft.server.rpc.request.timeout = 60s (custom)
2023-06-13 01:50:04,086 [3ffa4cce-b7d6-4a2e-8013-f08ece989394-groupManagement] INFO  server.RaftServerConfigKeys (ConfUtils.java:logGet(46)) - raft.server.log.appender.install.snapshot.enabled = false (custom)
2023-06-13 01:50:04,086 [3ffa4cce-b7d6-4a2e-8013-f08ece989394-groupManagement] INFO  server.RaftServerConfigKeys (ConfUtils.java:logGet(46)) - raft.server.threadpool.server.cached = true (default)
2023-06-13 01:50:04,086 [3ffa4cce-b7d6-4a2e-8013-f08ece989394-groupManagement] INFO  server.RaftServerConfigKeys (ConfUtils.java:logGet(46)) - raft.server.threadpool.server.size = 0 (default)
2023-06-13 01:50:04,086 [3ffa4cce-b7d6-4a2e-8013-f08ece989394-groupManagement] INFO  server.RaftServerConfigKeys (ConfUtils.java:logGet(46)) - raft.server.threadpool.client.cached = true (default)
2023-06-13 01:50:04,086 [3ffa4cce-b7d6-4a2e-8013-f08ece989394-groupManagement] INFO  server.RaftServerConfigKeys (ConfUtils.java:logGet(46)) - raft.server.threadpool.client.size = 0 (default)
2023-06-13 01:50:04,087 [3ffa4cce-b7d6-4a2e-8013-f08ece989394-groupManagement] INFO  storage.RaftStorageDirectory (RaftStorageDirectoryImpl.java:analyzeStorage(137)) - The storage directory /home/runner/work/ozone/ozone/hadoop-ozone/integration-test/target/test-dir/MiniOzoneClusterImpl-5f2dcc83-6c9d-45c9-8141-0f4d2c5ecdef/datanode-2/data/ratis/9ea593bc-2134-41c8-8879-591350ee5043 does not exist. Creating ...
2023-06-13 01:50:04,088 [3ffa4cce-b7d6-4a2e-8013-f08ece989394-groupManagement] INFO  storage.RaftStorageDirectory (RaftStorageDirectoryImpl.java:tryLock(231)) - Lock on /home/runner/work/ozone/ozone/hadoop-ozone/integration-test/target/test-dir/MiniOzoneClusterImpl-5f2dcc83-6c9d-45c9-8141-0f4d2c5ecdef/datanode-2/data/ratis/9ea593bc-2134-41c8-8879-591350ee5043/in_use.lock acquired by nodename 24814@fv-az670-278
2023-06-13 01:50:04,089 [3ffa4cce-b7d6-4a2e-8013-f08ece989394-groupManagement] INFO  storage.RaftStorage (RaftStorageImpl.java:format(96)) - Storage directory /home/runner/work/ozone/ozone/hadoop-ozone/integration-test/target/test-dir/MiniOzoneClusterImpl-5f2dcc83-6c9d-45c9-8141-0f4d2c5ecdef/datanode-2/data/ratis/9ea593bc-2134-41c8-8879-591350ee5043 has been successfully formatted.
2023-06-13 01:50:04,090 [3ffa4cce-b7d6-4a2e-8013-f08ece989394-groupManagement] INFO  ratis.ContainerStateMachine (ContainerStateMachine.java:loadSnapshot(262)) - group-591350EE5043: The snapshot info is null. Setting the last applied indexto:(t:0, i:~)
2023-06-13 01:50:04,090 [3ffa4cce-b7d6-4a2e-8013-f08ece989394-groupManagement] INFO  server.RaftServerConfigKeys (ConfUtils.java:logGet(46)) - raft.server.log.use.memory = false (default)
2023-06-13 01:50:04,090 [3ffa4cce-b7d6-4a2e-8013-f08ece989394-groupManagement] INFO  server.RaftServerConfigKeys (ConfUtils.java:logGet(46)) - raft.server.log.purge.gap = 1000000 (custom)
2023-06-13 01:50:04,091 [3ffa4cce-b7d6-4a2e-8013-f08ece989394-groupManagement] INFO  server.RaftServerConfigKeys (ConfUtils.java:logGet(46)) - raft.server.log.appender.buffer.byte-limit = 33554432 (custom)
2023-06-13 01:50:04,091 [3ffa4cce-b7d6-4a2e-8013-f08ece989394-groupManagement] INFO  server.RaftServerConfigKeys (ConfUtils.java:logGet(46)) - raft.server.log.statemachine.data.read.timeout = 1000ms (default)
2023-06-13 01:50:04,092 [3ffa4cce-b7d6-4a2e-8013-f08ece989394-groupManagement] INFO  server.RaftServerConfigKeys (ConfUtils.java:logGet(46)) - raft.server.log.purge.preservation.log.num = 0 (default)
2023-06-13 01:50:04,092 [3ffa4cce-b7d6-4a2e-8013-f08ece989394-groupManagement] INFO  server.RaftServerConfigKeys (ConfUtils.java:logGet(46)) - raft.server.log.segment.size.max = 1048576 (custom)
2023-06-13 01:50:04,093 [3ffa4cce-b7d6-4a2e-8013-f08ece989394-groupManagement] INFO  server.RaftServerConfigKeys (ConfUtils.java:logGet(46)) - raft.server.log.segment.cache.num.max = 2 (custom)
2023-06-13 01:50:04,093 [3ffa4cce-b7d6-4a2e-8013-f08ece989394-groupManagement] INFO  server.RaftServerConfigKeys (ConfUtils.java:logGet(46)) - raft.server.log.segment.cache.size.max = 200MB (=209715200) (default)
2023-06-13 01:50:04,093 [3ffa4cce-b7d6-4a2e-8013-f08ece989394-groupManagement] INFO  server.RaftServerConfigKeys (ConfUtils.java:logGet(46)) - raft.server.log.appender.buffer.byte-limit = 33554432 (custom)
2023-06-13 01:50:04,093 [3ffa4cce-b7d6-4a2e-8013-f08ece989394-groupManagement] INFO  segmented.SegmentedRaftLogWorker (SegmentedRaftLogWorker.java:<init>(188)) - new 3ffa4cce-b7d6-4a2e-8013-f08ece989394@group-591350EE5043-SegmentedRaftLogWorker for RaftStorageImpl:Storage Directory /home/runner/work/ozone/ozone/hadoop-ozone/integration-test/target/test-dir/MiniOzoneClusterImpl-5f2dcc83-6c9d-45c9-8141-0f4d2c5ecdef/datanode-2/data/ratis/9ea593bc-2134-41c8-8879-591350ee5043
2023-06-13 01:50:04,093 [3ffa4cce-b7d6-4a2e-8013-f08ece989394-groupManagement] INFO  server.RaftServerConfigKeys (ConfUtils.java:logGet(46)) - raft.server.log.queue.byte-limit = 4294967296 (custom)
2023-06-13 01:50:04,093 [3ffa4cce-b7d6-4a2e-8013-f08ece989394-groupManagement] INFO  server.RaftServerConfigKeys (ConfUtils.java:logGet(46)) - raft.server.log.queue.element-limit = 1024 (custom)
2023-06-13 01:50:04,093 [3ffa4cce-b7d6-4a2e-8013-f08ece989394-groupManagement] INFO  server.RaftServerConfigKeys (ConfUtils.java:logGet(46)) - raft.server.log.segment.size.max = 1048576 (custom)
2023-06-13 01:50:04,093 [3ffa4cce-b7d6-4a2e-8013-f08ece989394-groupManagement] INFO  server.RaftServerConfigKeys (ConfUtils.java:logGet(46)) - raft.server.log.preallocated.size = 16384 (custom)
2023-06-13 01:50:04,093 [3ffa4cce-b7d6-4a2e-8013-f08ece989394-groupManagement] INFO  server.RaftServerConfigKeys (ConfUtils.java:logGet(46)) - raft.server.log.force.sync.num = 128 (default)
2023-06-13 01:50:04,093 [3ffa4cce-b7d6-4a2e-8013-f08ece989394-groupManagement] INFO  server.RaftServerConfigKeys (ConfUtils.java:logGet(46)) - raft.server.log.statemachine.data.sync = true (default)
2023-06-13 01:50:04,097 [3ffa4cce-b7d6-4a2e-8013-f08ece989394-groupManagement] INFO  server.RaftServerConfigKeys (ConfUtils.java:logGet(46)) - raft.server.log.statemachine.data.sync.timeout = 10s (default)
2023-06-13 01:50:04,097 [3ffa4cce-b7d6-4a2e-8013-f08ece989394-groupManagement] INFO  server.RaftServerConfigKeys (ConfUtils.java:logGet(46)) - raft.server.log.statemachine.data.sync.timeout.retry = -1 (default)
2023-06-13 01:50:04,098 [EventQueue-PipelineReportForPipelineReportHandler] INFO  pipeline.PipelineManagerImpl (PipelineManagerImpl.java:openPipeline(367)) - Pipeline Pipeline[ Id: 9ea593bc-2134-41c8-8879-591350ee5043, Nodes: 3ffa4cce-b7d6-4a2e-8013-f08ece989394(fv-az670-278.vvj1krob40nuzn3jnzu5queufe.phxx.internal.cloudapp.net/10.1.0.18), ReplicationConfig: RATIS/ONE, State:ALLOCATED, leaderId:3ffa4cce-b7d6-4a2e-8013-f08ece989394, CreationTimestamp2023-06-13T01:50:01.080Z[Etc/UTC]] moved to OPEN state
2023-06-13 01:50:04,098 [3ffa4cce-b7d6-4a2e-8013-f08ece989394-groupManagement] INFO  server.RaftServerConfigKeys (ConfUtils.java:logGet(46)) - raft.server.log.write.buffer.size = 1048576 (custom)
2023-06-13 01:50:04,099 [EventQueue-OpenPipelineForHealthyPipelineSafeModeRule] INFO  safemode.SCMSafeModeManager (HealthyPipelineSafeModeRule.java:process(137)) - SCM in safe mode. Healthy pipelines reported count is 0, required healthy pipeline reported count is 1
2023-06-13 01:50:04,099 [3ffa4cce-b7d6-4a2e-8013-f08ece989394-groupManagement] INFO  server.RaftServerConfigKeys (ConfUtils.java:logGet(46)) - raft.server.log.appender.buffer.byte-limit = 33554432 (custom)
2023-06-13 01:50:04,103 [3ffa4cce-b7d6-4a2e-8013-f08ece989394-groupManagement] INFO  server.RaftServerConfigKeys (ConfUtils.java:logGet(46)) - raft.server.log.unsafe-flush.enabled = false (default)
2023-06-13 01:50:04,107 [3ffa4cce-b7d6-4a2e-8013-f08ece989394-groupManagement] INFO  server.RaftServerConfigKeys (ConfUtils.java:logGet(46)) - raft.server.log.async-flush.enabled = false (default)
2023-06-13 01:50:04,107 [3ffa4cce-b7d6-4a2e-8013-f08ece989394-groupManagement] INFO  server.RaftServerConfigKeys (ConfUtils.java:logGet(46)) - raft.server.log.statemachine.data.caching.enabled = true (custom)
2023-06-13 01:50:04,107 [grpc-default-executor-0] INFO  server.RaftServer (RaftServerProxy.java:addNew(98)) - 3ffa4cce-b7d6-4a2e-8013-f08ece989394: addNew group-C31B729B81A5:[f3f9e814-e788-48e2-bdc0-593c71648247|rpc:10.1.0.18:15023|admin:10.1.0.18:15022|client:10.1.0.18:15021|dataStream:10.1.0.18:15024|priority:0|startupRole:FOLLOWER, 949cbcb3-ffc8-4fb9-988d-3e8d33dd06ba|rpc:10.1.0.18:15014|admin:10.1.0.18:15013|client:10.1.0.18:15012|dataStream:10.1.0.18:15015|priority:1|startupRole:FOLLOWER, 3ffa4cce-b7d6-4a2e-8013-f08ece989394|rpc:10.1.0.18:15032|admin:10.1.0.18:15031|client:10.1.0.18:15030|dataStream:10.1.0.18:15033|priority:0|startupRole:FOLLOWER] returns group-C31B729B81A5:java.util.concurrent.CompletableFuture@23133b5a[Not completed]
2023-06-13 01:50:04,108 [3ffa4cce-b7d6-4a2e-8013-f08ece989394-groupManagement] INFO  segmented.SegmentedRaftLogWorker (SegmentedRaftLogWorker.java:lambda$new$0(135)) - 3ffa4cce-b7d6-4a2e-8013-f08ece989394@group-591350EE5043-SegmentedRaftLogWorker: flushIndex: setUnconditionally 0 -> -1
2023-06-13 01:50:04,108 [3ffa4cce-b7d6-4a2e-8013-f08ece989394-groupManagement] INFO  segmented.SegmentedRaftLogWorker (SegmentedRaftLogWorker.java:lambda$new$0(135)) - 3ffa4cce-b7d6-4a2e-8013-f08ece989394@group-591350EE5043-SegmentedRaftLogWorker: safeCacheEvictIndex: setUnconditionally 0 -> -1
2023-06-13 01:50:04,108 [3ffa4cce-b7d6-4a2e-8013-f08ece989394-groupManagement] INFO  server.RaftServer$Division (RaftServerImpl.java:start(342)) - 3ffa4cce-b7d6-4a2e-8013-f08ece989394@group-591350EE5043: start as a follower, conf=-1: peers:[3ffa4cce-b7d6-4a2e-8013-f08ece989394|rpc:10.1.0.18:15032|admin:10.1.0.18:15031|client:10.1.0.18:15030|dataStream:10.1.0.18:15033|priority:1|startupRole:FOLLOWER]|listeners:[], old=null
2023-06-13 01:50:04,108 [3ffa4cce-b7d6-4a2e-8013-f08ece989394-groupManagement] INFO  server.RaftServer$Division (RaftServerImpl.java:setRole(329)) - 3ffa4cce-b7d6-4a2e-8013-f08ece989394@group-591350EE5043: changes role from      null to FOLLOWER at term 0 for startAsFollower
2023-06-13 01:50:04,108 [3ffa4cce-b7d6-4a2e-8013-f08ece989394-groupManagement] INFO  impl.RoleInfo (RoleInfo.java:updateAndGet(139)) - 3ffa4cce-b7d6-4a2e-8013-f08ece989394: start 3ffa4cce-b7d6-4a2e-8013-f08ece989394@group-591350EE5043-FollowerState
2023-06-13 01:50:04,108 [3ffa4cce-b7d6-4a2e-8013-f08ece989394@group-591350EE5043-FollowerState] INFO  server.RaftServerConfigKeys (ConfUtils.java:logFallback(53)) - raft.server.rpc.first-election.timeout.min = 5s (fallback to raft.server.rpc.timeout.min)
2023-06-13 01:50:04,109 [3ffa4cce-b7d6-4a2e-8013-f08ece989394@group-591350EE5043-FollowerState] INFO  server.RaftServerConfigKeys (ConfUtils.java:logFallback(53)) - raft.server.rpc.first-election.timeout.max = 5200ms (fallback to raft.server.rpc.timeout.max)
2023-06-13 01:50:04,108 [3ffa4cce-b7d6-4a2e-8013-f08ece989394-groupManagement] INFO  util.JmxRegister (JmxRegister.java:tryRegister(44)) - Successfully registered JMX Bean with object name Ratis:service=RaftServer,group=group-591350EE5043,id=3ffa4cce-b7d6-4a2e-8013-f08ece989394
2023-06-13 01:50:04,112 [3ffa4cce-b7d6-4a2e-8013-f08ece989394-groupManagement] INFO  server.RaftServerConfigKeys (ConfUtils.java:logGet(46)) - raft.server.snapshot.auto.trigger.enabled = true (custom)
2023-06-13 01:50:04,112 [3ffa4cce-b7d6-4a2e-8013-f08ece989394-groupManagement] INFO  server.RaftServerConfigKeys (ConfUtils.java:logGet(46)) - raft.server.snapshot.auto.trigger.threshold = 10000 (custom)
2023-06-13 01:50:04,112 [3ffa4cce-b7d6-4a2e-8013-f08ece989394-groupManagement] INFO  server.RaftServerConfigKeys (ConfUtils.java:logGet(46)) - raft.server.snapshot.retention.file.num = 5 (custom)
2023-06-13 01:50:04,112 [3ffa4cce-b7d6-4a2e-8013-f08ece989394-groupManagement] INFO  server.RaftServerConfigKeys (ConfUtils.java:logGet(46)) - raft.server.log.purge.upto.snapshot.index = false (default)
2023-06-13 01:50:04,116 [3ffa4cce-b7d6-4a2e-8013-f08ece989394-groupManagement] INFO  server.RaftServer$Division (RaftServerImpl.java:<init>(198)) - 3ffa4cce-b7d6-4a2e-8013-f08ece989394: new RaftServerImpl for group-C31B729B81A5:[f3f9e814-e788-48e2-bdc0-593c71648247|rpc:10.1.0.18:15023|admin:10.1.0.18:15022|client:10.1.0.18:15021|dataStream:10.1.0.18:15024|priority:0|startupRole:FOLLOWER, 949cbcb3-ffc8-4fb9-988d-3e8d33dd06ba|rpc:10.1.0.18:15014|admin:10.1.0.18:15013|client:10.1.0.18:15012|dataStream:10.1.0.18:15015|priority:1|startupRole:FOLLOWER, 3ffa4cce-b7d6-4a2e-8013-f08ece989394|rpc:10.1.0.18:15032|admin:10.1.0.18:15031|client:10.1.0.18:15030|dataStream:10.1.0.18:15033|priority:0|startupRole:FOLLOWER] with ContainerStateMachine:uninitialized
2023-06-13 01:50:04,116 [3ffa4cce-b7d6-4a2e-8013-f08ece989394-groupManagement] INFO  server.RaftServerConfigKeys (ConfUtils.java:logGet(46)) - raft.server.rpc.timeout.min = 5s (custom)
2023-06-13 01:50:04,116 [3ffa4cce-b7d6-4a2e-8013-f08ece989394-groupManagement] INFO  server.RaftServerConfigKeys (ConfUtils.java:logGet(46)) - raft.server.rpc.timeout.max = 5200ms (custom)
2023-06-13 01:50:04,116 [3ffa4cce-b7d6-4a2e-8013-f08ece989394-groupManagement] INFO  server.RaftServerConfigKeys (ConfUtils.java:logGet(46)) - raft.server.rpc.sleep.time = 25ms (default)
2023-06-13 01:50:04,116 [3ffa4cce-b7d6-4a2e-8013-f08ece989394-groupManagement] INFO  server.RaftServerConfigKeys (ConfUtils.java:logGet(46)) - raft.server.rpc.slowness.timeout = 300s (custom)
2023-06-13 01:50:04,116 [3ffa4cce-b7d6-4a2e-8013-f08ece989394-groupManagement] INFO  server.RaftServerConfigKeys (ConfUtils.java:logGet(46)) - raft.server.leaderelection.leader.step-down.wait-time = 10s (default)
2023-06-13 01:50:04,116 [3ffa4cce-b7d6-4a2e-8013-f08ece989394-groupManagement] INFO  server.RaftServerConfigKeys (ConfUtils.java:logGet(46)) - raft.server.sleep.deviation.threshold = 300ms (default)
2023-06-13 01:50:04,116 [3ffa4cce-b7d6-4a2e-8013-f08ece989394-groupManagement] INFO  server.RaftServer$Division (ServerState.java:<init>(120)) - 3ffa4cce-b7d6-4a2e-8013-f08ece989394@group-C31B729B81A5: ConfigurationManager, init=-1: peers:[f3f9e814-e788-48e2-bdc0-593c71648247|rpc:10.1.0.18:15023|admin:10.1.0.18:15022|client:10.1.0.18:15021|dataStream:10.1.0.18:15024|priority:0|startupRole:FOLLOWER, 949cbcb3-ffc8-4fb9-988d-3e8d33dd06ba|rpc:10.1.0.18:15014|admin:10.1.0.18:15013|client:10.1.0.18:15012|dataStream:10.1.0.18:15015|priority:1|startupRole:FOLLOWER, 3ffa4cce-b7d6-4a2e-8013-f08ece989394|rpc:10.1.0.18:15032|admin:10.1.0.18:15031|client:10.1.0.18:15030|dataStream:10.1.0.18:15033|priority:0|startupRole:FOLLOWER]|listeners:[], old=null, confs=<EMPTY_MAP>
2023-06-13 01:50:04,116 [3ffa4cce-b7d6-4a2e-8013-f08ece989394-groupManagement] INFO  server.RaftServerConfigKeys (ConfUtils.java:logGet(46)) - raft.server.storage.dir = [/home/runner/work/ozone/ozone/hadoop-ozone/integration-test/target/test-dir/MiniOzoneClusterImpl-5f2dcc83-6c9d-45c9-8141-0f4d2c5ecdef/datanode-2/data/ratis] (custom)
2023-06-13 01:50:04,117 [3ffa4cce-b7d6-4a2e-8013-f08ece989394-groupManagement] INFO  server.RaftServerConfigKeys (ConfUtils.java:logGet(46)) - raft.server.log.corruption.policy = EXCEPTION (default)
2023-06-13 01:50:04,117 [3ffa4cce-b7d6-4a2e-8013-f08ece989394-groupManagement] INFO  server.RaftServerConfigKeys (ConfUtils.java:logGet(46)) - raft.server.storage.free-space.min = 0MB (=0) (default)
2023-06-13 01:50:04,117 [3ffa4cce-b7d6-4a2e-8013-f08ece989394-groupManagement] INFO  server.RaftServerConfigKeys (ConfUtils.java:logGet(46)) - raft.server.notification.no-leader.timeout = 300s (custom)
2023-06-13 01:50:04,123 [3ffa4cce-b7d6-4a2e-8013-f08ece989394-groupManagement] INFO  server.RaftServerConfigKeys (ConfUtils.java:logGet(46)) - raft.server.read.timeout = 10s (default)
2023-06-13 01:50:04,123 [3ffa4cce-b7d6-4a2e-8013-f08ece989394-groupManagement] INFO  server.RaftServerConfigKeys (ConfUtils.java:logGet(46)) - raft.server.retrycache.expirytime = 600000ms (custom)
2023-06-13 01:50:04,123 [3ffa4cce-b7d6-4a2e-8013-f08ece989394-groupManagement] INFO  server.RaftServerConfigKeys (ConfUtils.java:logGet(46)) - raft.server.retrycache.statistics.expirytime = 100μs (default)
2023-06-13 01:50:04,123 [3ffa4cce-b7d6-4a2e-8013-f08ece989394-groupManagement] INFO  server.RaftServerConfigKeys (ConfUtils.java:logGet(46)) - raft.server.read.option = DEFAULT (default)
2023-06-13 01:50:04,124 [3ffa4cce-b7d6-4a2e-8013-f08ece989394-groupManagement] INFO  server.RaftServerConfigKeys (ConfUtils.java:logGet(46)) - raft.server.rpc.request.timeout = 60s (custom)
2023-06-13 01:50:04,124 [3ffa4cce-b7d6-4a2e-8013-f08ece989394-groupManagement] INFO  server.RaftServerConfigKeys (ConfUtils.java:logGet(46)) - raft.server.log.appender.install.snapshot.enabled = false (custom)
2023-06-13 01:50:04,124 [3ffa4cce-b7d6-4a2e-8013-f08ece989394-groupManagement] INFO  server.RaftServerConfigKeys (ConfUtils.java:logGet(46)) - raft.server.threadpool.server.cached = true (default)
2023-06-13 01:50:04,124 [3ffa4cce-b7d6-4a2e-8013-f08ece989394-groupManagement] INFO  server.RaftServerConfigKeys (ConfUtils.java:logGet(46)) - raft.server.threadpool.server.size = 0 (default)
2023-06-13 01:50:04,124 [3ffa4cce-b7d6-4a2e-8013-f08ece989394-groupManagement] INFO  server.RaftServerConfigKeys (ConfUtils.java:logGet(46)) - raft.server.threadpool.client.cached = true (default)
2023-06-13 01:50:04,124 [3ffa4cce-b7d6-4a2e-8013-f08ece989394-groupManagement] INFO  server.RaftServerConfigKeys (ConfUtils.java:logGet(46)) - raft.server.threadpool.client.size = 0 (default)
2023-06-13 01:50:04,124 [3ffa4cce-b7d6-4a2e-8013-f08ece989394-groupManagement] INFO  storage.RaftStorageDirectory (RaftStorageDirectoryImpl.java:analyzeStorage(137)) - The storage directory /home/runner/work/ozone/ozone/hadoop-ozone/integration-test/target/test-dir/MiniOzoneClusterImpl-5f2dcc83-6c9d-45c9-8141-0f4d2c5ecdef/datanode-2/data/ratis/02835971-0f79-4a2e-8078-c31b729b81a5 does not exist. Creating ...
2023-06-13 01:50:04,125 [PipelineCommandHandlerThread-0] INFO  ratis.XceiverServerRatis (XceiverServerRatis.java:addGroup(804)) - Created group PipelineID=9ea593bc-2134-41c8-8879-591350ee5043
2023-06-13 01:50:04,125 [PipelineCommandHandlerThread-0] INFO  commandhandler.CreatePipelineCommandHandler (CreatePipelineCommandHandler.java:lambda$handle$2(124)) - Created Pipeline RATIS ONE PipelineID=9ea593bc-2134-41c8-8879-591350ee5043.
2023-06-13 01:50:04,127 [3ffa4cce-b7d6-4a2e-8013-f08ece989394-groupManagement] INFO  storage.RaftStorageDirectory (RaftStorageDirectoryImpl.java:tryLock(231)) - Lock on /home/runner/work/ozone/ozone/hadoop-ozone/integration-test/target/test-dir/MiniOzoneClusterImpl-5f2dcc83-6c9d-45c9-8141-0f4d2c5ecdef/datanode-2/data/ratis/02835971-0f79-4a2e-8078-c31b729b81a5/in_use.lock acquired by nodename 24814@fv-az670-278
2023-06-13 01:50:04,130 [3ffa4cce-b7d6-4a2e-8013-f08ece989394-groupManagement] INFO  storage.RaftStorage (RaftStorageImpl.java:format(96)) - Storage directory /home/runner/work/ozone/ozone/hadoop-ozone/integration-test/target/test-dir/MiniOzoneClusterImpl-5f2dcc83-6c9d-45c9-8141-0f4d2c5ecdef/datanode-2/data/ratis/02835971-0f79-4a2e-8078-c31b729b81a5 has been successfully formatted.
2023-06-13 01:50:04,130 [3ffa4cce-b7d6-4a2e-8013-f08ece989394-groupManagement] INFO  ratis.ContainerStateMachine (ContainerStateMachine.java:loadSnapshot(262)) - group-C31B729B81A5: The snapshot info is null. Setting the last applied indexto:(t:0, i:~)
2023-06-13 01:50:04,130 [3ffa4cce-b7d6-4a2e-8013-f08ece989394-groupManagement] INFO  server.RaftServerConfigKeys (ConfUtils.java:logGet(46)) - raft.server.log.use.memory = false (default)
2023-06-13 01:50:04,130 [3ffa4cce-b7d6-4a2e-8013-f08ece989394-groupManagement] INFO  server.RaftServerConfigKeys (ConfUtils.java:logGet(46)) - raft.server.log.purge.gap = 1000000 (custom)
2023-06-13 01:50:04,130 [3ffa4cce-b7d6-4a2e-8013-f08ece989394-groupManagement] INFO  server.RaftServerConfigKeys (ConfUtils.java:logGet(46)) - raft.server.log.appender.buffer.byte-limit = 33554432 (custom)
2023-06-13 01:50:04,130 [3ffa4cce-b7d6-4a2e-8013-f08ece989394-groupManagement] INFO  server.RaftServerConfigKeys (ConfUtils.java:logGet(46)) - raft.server.log.statemachine.data.read.timeout = 1000ms (default)
2023-06-13 01:50:04,130 [3ffa4cce-b7d6-4a2e-8013-f08ece989394-groupManagement] INFO  server.RaftServerConfigKeys (ConfUtils.java:logGet(46)) - raft.server.log.purge.preservation.log.num = 0 (default)
2023-06-13 01:50:04,131 [3ffa4cce-b7d6-4a2e-8013-f08ece989394-groupManagement] INFO  server.RaftServerConfigKeys (ConfUtils.java:logGet(46)) - raft.server.log.segment.size.max = 1048576 (custom)
2023-06-13 01:50:04,131 [3ffa4cce-b7d6-4a2e-8013-f08ece989394-groupManagement] INFO  server.RaftServerConfigKeys (ConfUtils.java:logGet(46)) - raft.server.log.segment.cache.num.max = 2 (custom)
2023-06-13 01:50:04,131 [3ffa4cce-b7d6-4a2e-8013-f08ece989394-groupManagement] INFO  server.RaftServerConfigKeys (ConfUtils.java:logGet(46)) - raft.server.log.segment.cache.size.max = 200MB (=209715200) (default)
2023-06-13 01:50:04,131 [3ffa4cce-b7d6-4a2e-8013-f08ece989394-groupManagement] INFO  server.RaftServerConfigKeys (ConfUtils.java:logGet(46)) - raft.server.log.appender.buffer.byte-limit = 33554432 (custom)
2023-06-13 01:50:04,131 [3ffa4cce-b7d6-4a2e-8013-f08ece989394-groupManagement] INFO  segmented.SegmentedRaftLogWorker (SegmentedRaftLogWorker.java:<init>(188)) - new 3ffa4cce-b7d6-4a2e-8013-f08ece989394@group-C31B729B81A5-SegmentedRaftLogWorker for RaftStorageImpl:Storage Directory /home/runner/work/ozone/ozone/hadoop-ozone/integration-test/target/test-dir/MiniOzoneClusterImpl-5f2dcc83-6c9d-45c9-8141-0f4d2c5ecdef/datanode-2/data/ratis/02835971-0f79-4a2e-8078-c31b729b81a5
2023-06-13 01:50:04,131 [3ffa4cce-b7d6-4a2e-8013-f08ece989394-groupManagement] INFO  server.RaftServerConfigKeys (ConfUtils.java:logGet(46)) - raft.server.log.queue.byte-limit = 4294967296 (custom)
2023-06-13 01:50:04,132 [3ffa4cce-b7d6-4a2e-8013-f08ece989394-groupManagement] INFO  server.RaftServerConfigKeys (ConfUtils.java:logGet(46)) - raft.server.log.queue.element-limit = 1024 (custom)
2023-06-13 01:50:04,132 [3ffa4cce-b7d6-4a2e-8013-f08ece989394-groupManagement] INFO  server.RaftServerConfigKeys (ConfUtils.java:logGet(46)) - raft.server.log.segment.size.max = 1048576 (custom)
2023-06-13 01:50:04,132 [EventQueue-OpenPipelineForHealthyPipelineSafeModeRule] INFO  safemode.SCMSafeModeManager (HealthyPipelineSafeModeRule.java:process(137)) - SCM in safe mode. Healthy pipelines reported count is 0, required healthy pipeline reported count is 1
2023-06-13 01:50:04,132 [3ffa4cce-b7d6-4a2e-8013-f08ece989394-groupManagement] INFO  server.RaftServerConfigKeys (ConfUtils.java:logGet(46)) - raft.server.log.preallocated.size = 16384 (custom)
2023-06-13 01:50:04,132 [3ffa4cce-b7d6-4a2e-8013-f08ece989394-groupManagement] INFO  server.RaftServerConfigKeys (ConfUtils.java:logGet(46)) - raft.server.log.force.sync.num = 128 (default)
2023-06-13 01:50:04,132 [3ffa4cce-b7d6-4a2e-8013-f08ece989394-groupManagement] INFO  server.RaftServerConfigKeys (ConfUtils.java:logGet(46)) - raft.server.log.statemachine.data.sync = true (default)
2023-06-13 01:50:04,132 [3ffa4cce-b7d6-4a2e-8013-f08ece989394-groupManagement] INFO  server.RaftServerConfigKeys (ConfUtils.java:logGet(46)) - raft.server.log.statemachine.data.sync.timeout = 10s (default)
2023-06-13 01:50:04,132 [3ffa4cce-b7d6-4a2e-8013-f08ece989394-groupManagement] INFO  server.RaftServerConfigKeys (ConfUtils.java:logGet(46)) - raft.server.log.statemachine.data.sync.timeout.retry = -1 (default)
2023-06-13 01:50:04,133 [3ffa4cce-b7d6-4a2e-8013-f08ece989394-groupManagement] INFO  server.RaftServerConfigKeys (ConfUtils.java:logGet(46)) - raft.server.log.write.buffer.size = 1048576 (custom)
2023-06-13 01:50:04,133 [3ffa4cce-b7d6-4a2e-8013-f08ece989394-groupManagement] INFO  server.RaftServerConfigKeys (ConfUtils.java:logGet(46)) - raft.server.log.appender.buffer.byte-limit = 33554432 (custom)
2023-06-13 01:50:04,136 [3ffa4cce-b7d6-4a2e-8013-f08ece989394-groupManagement] INFO  server.RaftServerConfigKeys (ConfUtils.java:logGet(46)) - raft.server.log.unsafe-flush.enabled = false (default)
2023-06-13 01:50:04,136 [3ffa4cce-b7d6-4a2e-8013-f08ece989394-groupManagement] INFO  server.RaftServerConfigKeys (ConfUtils.java:logGet(46)) - raft.server.log.async-flush.enabled = false (default)
2023-06-13 01:50:04,136 [3ffa4cce-b7d6-4a2e-8013-f08ece989394-groupManagement] INFO  server.RaftServerConfigKeys (ConfUtils.java:logGet(46)) - raft.server.log.statemachine.data.caching.enabled = true (custom)
2023-06-13 01:50:04,136 [3ffa4cce-b7d6-4a2e-8013-f08ece989394-groupManagement] INFO  segmented.SegmentedRaftLogWorker (SegmentedRaftLogWorker.java:lambda$new$0(135)) - 3ffa4cce-b7d6-4a2e-8013-f08ece989394@group-C31B729B81A5-SegmentedRaftLogWorker: flushIndex: setUnconditionally 0 -> -1
2023-06-13 01:50:04,136 [3ffa4cce-b7d6-4a2e-8013-f08ece989394-groupManagement] INFO  segmented.SegmentedRaftLogWorker (SegmentedRaftLogWorker.java:lambda$new$0(135)) - 3ffa4cce-b7d6-4a2e-8013-f08ece989394@group-C31B729B81A5-SegmentedRaftLogWorker: safeCacheEvictIndex: setUnconditionally 0 -> -1
2023-06-13 01:50:04,149 [3ffa4cce-b7d6-4a2e-8013-f08ece989394-groupManagement] INFO  server.RaftServer$Division (RaftServerImpl.java:start(342)) - 3ffa4cce-b7d6-4a2e-8013-f08ece989394@group-C31B729B81A5: start as a follower, conf=-1: peers:[f3f9e814-e788-48e2-bdc0-593c71648247|rpc:10.1.0.18:15023|admin:10.1.0.18:15022|client:10.1.0.18:15021|dataStream:10.1.0.18:15024|priority:0|startupRole:FOLLOWER, 949cbcb3-ffc8-4fb9-988d-3e8d33dd06ba|rpc:10.1.0.18:15014|admin:10.1.0.18:15013|client:10.1.0.18:15012|dataStream:10.1.0.18:15015|priority:1|startupRole:FOLLOWER, 3ffa4cce-b7d6-4a2e-8013-f08ece989394|rpc:10.1.0.18:15032|admin:10.1.0.18:15031|client:10.1.0.18:15030|dataStream:10.1.0.18:15033|priority:0|startupRole:FOLLOWER]|listeners:[], old=null
2023-06-13 01:50:04,149 [3ffa4cce-b7d6-4a2e-8013-f08ece989394-groupManagement] INFO  server.RaftServer$Division (RaftServerImpl.java:setRole(329)) - 3ffa4cce-b7d6-4a2e-8013-f08ece989394@group-C31B729B81A5: changes role from      null to FOLLOWER at term 0 for startAsFollower
2023-06-13 01:50:04,149 [3ffa4cce-b7d6-4a2e-8013-f08ece989394-groupManagement] INFO  impl.RoleInfo (RoleInfo.java:updateAndGet(139)) - 3ffa4cce-b7d6-4a2e-8013-f08ece989394: start 3ffa4cce-b7d6-4a2e-8013-f08ece989394@group-C31B729B81A5-FollowerState
2023-06-13 01:50:04,150 [3ffa4cce-b7d6-4a2e-8013-f08ece989394-groupManagement] INFO  util.JmxRegister (JmxRegister.java:tryRegister(44)) - Successfully registered JMX Bean with object name Ratis:service=RaftServer,group=group-C31B729B81A5,id=3ffa4cce-b7d6-4a2e-8013-f08ece989394
2023-06-13 01:50:04,150 [3ffa4cce-b7d6-4a2e-8013-f08ece989394-groupManagement] INFO  server.RaftServerConfigKeys (ConfUtils.java:logGet(46)) - raft.server.snapshot.auto.trigger.enabled = true (custom)
2023-06-13 01:50:04,151 [3ffa4cce-b7d6-4a2e-8013-f08ece989394-groupManagement] INFO  server.RaftServerConfigKeys (ConfUtils.java:logGet(46)) - raft.server.snapshot.auto.trigger.threshold = 10000 (custom)
2023-06-13 01:50:04,151 [3ffa4cce-b7d6-4a2e-8013-f08ece989394-groupManagement] INFO  server.RaftServerConfigKeys (ConfUtils.java:logGet(46)) - raft.server.snapshot.retention.file.num = 5 (custom)
2023-06-13 01:50:04,151 [3ffa4cce-b7d6-4a2e-8013-f08ece989394-groupManagement] INFO  server.RaftServerConfigKeys (ConfUtils.java:logGet(46)) - raft.server.log.purge.upto.snapshot.index = false (default)
2023-06-13 01:50:04,164 [3ffa4cce-b7d6-4a2e-8013-f08ece989394@group-C31B729B81A5-FollowerState] INFO  server.RaftServerConfigKeys (ConfUtils.java:logFallback(53)) - raft.server.rpc.first-election.timeout.min = 5s (fallback to raft.server.rpc.timeout.min)
2023-06-13 01:50:04,164 [3ffa4cce-b7d6-4a2e-8013-f08ece989394@group-C31B729B81A5-FollowerState] INFO  server.RaftServerConfigKeys (ConfUtils.java:logFallback(53)) - raft.server.rpc.first-election.timeout.max = 5200ms (fallback to raft.server.rpc.timeout.max)
2023-06-13 01:50:04,209 [PipelineCommandHandlerThread-0] INFO  commandhandler.CreatePipelineCommandHandler (CreatePipelineCommandHandler.java:lambda$handle$2(124)) - Created Pipeline RATIS THREE PipelineID=02835971-0f79-4a2e-8078-c31b729b81a5.
2023-06-13 01:50:04,230 [PipelineCommandHandlerThread-0] INFO  commandhandler.CreatePipelineCommandHandler (CreatePipelineCommandHandler.java:lambda$handle$2(124)) - Created Pipeline RATIS THREE PipelineID=02835971-0f79-4a2e-8078-c31b729b81a5.
2023-06-13 01:50:05,079 [main] INFO  ozone.MiniOzoneClusterImpl (MiniOzoneClusterImpl.java:lambda$waitForClusterToBeReady$0(224)) - Nodes are ready. Got 3 of 3 DN Heartbeats.
2023-06-13 01:50:05,079 [main] INFO  ozone.MiniOzoneClusterImpl (MiniOzoneClusterImpl.java:lambda$waitForClusterToBeReady$0(227)) - Waiting for cluster to exit safe mode
2023-06-13 01:50:05,079 [main] INFO  ozone.MiniOzoneClusterImpl (MiniOzoneClusterImpl.java:lambda$waitForClusterToBeReady$0(229)) - SCM became leader
2023-06-13 01:50:06,079 [main] INFO  ozone.MiniOzoneClusterImpl (MiniOzoneClusterImpl.java:lambda$waitForClusterToBeReady$0(224)) - Nodes are ready. Got 3 of 3 DN Heartbeats.
2023-06-13 01:50:06,080 [main] INFO  ozone.MiniOzoneClusterImpl (MiniOzoneClusterImpl.java:lambda$waitForClusterToBeReady$0(227)) - Waiting for cluster to exit safe mode
2023-06-13 01:50:06,080 [main] INFO  ozone.MiniOzoneClusterImpl (MiniOzoneClusterImpl.java:lambda$waitForClusterToBeReady$0(229)) - SCM became leader
2023-06-13 01:50:07,080 [main] INFO  ozone.MiniOzoneClusterImpl (MiniOzoneClusterImpl.java:lambda$waitForClusterToBeReady$0(224)) - Nodes are ready. Got 3 of 3 DN Heartbeats.
2023-06-13 01:50:07,080 [main] INFO  ozone.MiniOzoneClusterImpl (MiniOzoneClusterImpl.java:lambda$waitForClusterToBeReady$0(227)) - Waiting for cluster to exit safe mode
2023-06-13 01:50:07,080 [main] INFO  ozone.MiniOzoneClusterImpl (MiniOzoneClusterImpl.java:lambda$waitForClusterToBeReady$0(229)) - SCM became leader
2023-06-13 01:50:08,083 [main] INFO  ozone.MiniOzoneClusterImpl (MiniOzoneClusterImpl.java:lambda$waitForClusterToBeReady$0(224)) - Nodes are ready. Got 3 of 3 DN Heartbeats.
2023-06-13 01:50:08,083 [main] INFO  ozone.MiniOzoneClusterImpl (MiniOzoneClusterImpl.java:lambda$waitForClusterToBeReady$0(227)) - Waiting for cluster to exit safe mode
2023-06-13 01:50:08,083 [main] INFO  ozone.MiniOzoneClusterImpl (MiniOzoneClusterImpl.java:lambda$waitForClusterToBeReady$0(229)) - SCM became leader
2023-06-13 01:50:08,361 [949cbcb3-ffc8-4fb9-988d-3e8d33dd06ba@group-95DD06E557A6-FollowerState] INFO  impl.FollowerState (FollowerState.java:run(143)) - 949cbcb3-ffc8-4fb9-988d-3e8d33dd06ba@group-95DD06E557A6-FollowerState: change to CANDIDATE, lastRpcElapsedTime:5023203147ns, electionTimeout:5018ms
2023-06-13 01:50:08,362 [949cbcb3-ffc8-4fb9-988d-3e8d33dd06ba@group-95DD06E557A6-FollowerState] INFO  impl.RoleInfo (RoleInfo.java:shutdownFollowerState(110)) - 949cbcb3-ffc8-4fb9-988d-3e8d33dd06ba: shutdown 949cbcb3-ffc8-4fb9-988d-3e8d33dd06ba@group-95DD06E557A6-FollowerState
2023-06-13 01:50:08,362 [949cbcb3-ffc8-4fb9-988d-3e8d33dd06ba@group-95DD06E557A6-FollowerState] INFO  server.RaftServer$Division (RaftServerImpl.java:setRole(329)) - 949cbcb3-ffc8-4fb9-988d-3e8d33dd06ba@group-95DD06E557A6: changes role from  FOLLOWER to CANDIDATE at term 0 for changeToCandidate
2023-06-13 01:50:08,362 [949cbcb3-ffc8-4fb9-988d-3e8d33dd06ba@group-95DD06E557A6-FollowerState] INFO  server.RaftServerConfigKeys (ConfUtils.java:logGet(46)) - raft.server.leaderelection.pre-vote = true (default)
2023-06-13 01:50:08,362 [949cbcb3-ffc8-4fb9-988d-3e8d33dd06ba@group-95DD06E557A6-FollowerState] INFO  impl.RoleInfo (RoleInfo.java:updateAndGet(139)) - 949cbcb3-ffc8-4fb9-988d-3e8d33dd06ba: start 949cbcb3-ffc8-4fb9-988d-3e8d33dd06ba@group-95DD06E557A6-LeaderElection2
2023-06-13 01:50:08,363 [949cbcb3-ffc8-4fb9-988d-3e8d33dd06ba@group-95DD06E557A6-LeaderElection2] INFO  impl.LeaderElection (LeaderElection.java:askForVotes(321)) - 949cbcb3-ffc8-4fb9-988d-3e8d33dd06ba@group-95DD06E557A6-LeaderElection2 PRE_VOTE round 0: submit vote requests at term 0 for -1: peers:[949cbcb3-ffc8-4fb9-988d-3e8d33dd06ba|rpc:10.1.0.18:15014|admin:10.1.0.18:15013|client:10.1.0.18:15012|dataStream:10.1.0.18:15015|priority:1|startupRole:FOLLOWER]|listeners:[], old=null
2023-06-13 01:50:08,363 [949cbcb3-ffc8-4fb9-988d-3e8d33dd06ba@group-95DD06E557A6-LeaderElection2] INFO  impl.LeaderElection (LeaderElection.java:askForVotes(323)) - 949cbcb3-ffc8-4fb9-988d-3e8d33dd06ba@group-95DD06E557A6-LeaderElection2 PRE_VOTE round 0: result PASSED (term=0)
2023-06-13 01:50:08,365 [949cbcb3-ffc8-4fb9-988d-3e8d33dd06ba@group-95DD06E557A6-LeaderElection2] INFO  impl.LeaderElection (LeaderElection.java:askForVotes(321)) - 949cbcb3-ffc8-4fb9-988d-3e8d33dd06ba@group-95DD06E557A6-LeaderElection2 ELECTION round 0: submit vote requests at term 1 for -1: peers:[949cbcb3-ffc8-4fb9-988d-3e8d33dd06ba|rpc:10.1.0.18:15014|admin:10.1.0.18:15013|client:10.1.0.18:15012|dataStream:10.1.0.18:15015|priority:1|startupRole:FOLLOWER]|listeners:[], old=null
2023-06-13 01:50:08,365 [949cbcb3-ffc8-4fb9-988d-3e8d33dd06ba@group-95DD06E557A6-LeaderElection2] INFO  impl.LeaderElection (LeaderElection.java:askForVotes(323)) - 949cbcb3-ffc8-4fb9-988d-3e8d33dd06ba@group-95DD06E557A6-LeaderElection2 ELECTION round 0: result PASSED (term=1)
2023-06-13 01:50:08,365 [949cbcb3-ffc8-4fb9-988d-3e8d33dd06ba@group-95DD06E557A6-LeaderElection2] INFO  impl.RoleInfo (RoleInfo.java:shutdownLeaderElection(130)) - 949cbcb3-ffc8-4fb9-988d-3e8d33dd06ba: shutdown 949cbcb3-ffc8-4fb9-988d-3e8d33dd06ba@group-95DD06E557A6-LeaderElection2
2023-06-13 01:50:08,365 [949cbcb3-ffc8-4fb9-988d-3e8d33dd06ba@group-95DD06E557A6-LeaderElection2] INFO  server.RaftServer$Division (RaftServerImpl.java:setRole(329)) - 949cbcb3-ffc8-4fb9-988d-3e8d33dd06ba@group-95DD06E557A6: changes role from CANDIDATE to LEADER at term 1 for changeToLeader
2023-06-13 01:50:08,365 [949cbcb3-ffc8-4fb9-988d-3e8d33dd06ba@group-95DD06E557A6-LeaderElection2] INFO  ratis.XceiverServerRatis (XceiverServerRatis.java:handleLeaderChangedNotification(902)) - Leader change notification received for group: group-95DD06E557A6 with new leaderId: 949cbcb3-ffc8-4fb9-988d-3e8d33dd06ba
2023-06-13 01:50:08,365 [949cbcb3-ffc8-4fb9-988d-3e8d33dd06ba@group-95DD06E557A6-LeaderElection2] INFO  server.RaftServer$Division (ServerState.java:setLeader(317)) - 949cbcb3-ffc8-4fb9-988d-3e8d33dd06ba@group-95DD06E557A6: change Leader from null to 949cbcb3-ffc8-4fb9-988d-3e8d33dd06ba at term 1 for becomeLeader, leader elected after 5051ms
2023-06-13 01:50:08,365 [949cbcb3-ffc8-4fb9-988d-3e8d33dd06ba@group-95DD06E557A6-LeaderElection2] INFO  server.RaftServerConfigKeys (ConfUtils.java:logGet(46)) - raft.server.staging.catchup.gap = 1000 (default)
2023-06-13 01:50:08,366 [949cbcb3-ffc8-4fb9-988d-3e8d33dd06ba@group-95DD06E557A6-LeaderElection2] INFO  server.RaftServerConfigKeys (ConfUtils.java:logGet(46)) - raft.server.write.element-limit = 1024 (custom)
2023-06-13 01:50:08,366 [949cbcb3-ffc8-4fb9-988d-3e8d33dd06ba@group-95DD06E557A6-LeaderElection2] INFO  server.RaftServerConfigKeys (ConfUtils.java:logGet(46)) - raft.server.write.byte-limit = 1024 M (=1073741824) (custom)
2023-06-13 01:50:08,366 [949cbcb3-ffc8-4fb9-988d-3e8d33dd06ba@group-95DD06E557A6-LeaderElection2] INFO  server.RaftServerConfigKeys (ConfUtils.java:logGet(46)) - raft.server.watch.timeout = 180s (custom)
2023-06-13 01:50:08,366 [949cbcb3-ffc8-4fb9-988d-3e8d33dd06ba@group-95DD06E557A6-LeaderElection2] INFO  server.RaftServerConfigKeys (ConfUtils.java:logGet(46)) - raft.server.watch.timeout.denomination = 1s (default)
2023-06-13 01:50:08,366 [949cbcb3-ffc8-4fb9-988d-3e8d33dd06ba@group-95DD06E557A6-LeaderElection2] INFO  server.RaftServerConfigKeys (ConfUtils.java:logGet(46)) - raft.server.watch.element-limit = 65536 (default)
2023-06-13 01:50:08,367 [949cbcb3-ffc8-4fb9-988d-3e8d33dd06ba@group-95DD06E557A6-LeaderElection2] INFO  server.RaftServerConfigKeys (ConfUtils.java:logGet(46)) - raft.server.write.element-limit = 1024 (custom)
2023-06-13 01:50:08,367 [949cbcb3-ffc8-4fb9-988d-3e8d33dd06ba@group-95DD06E557A6-LeaderElection2] INFO  server.RaftServerConfigKeys (ConfUtils.java:logGet(46)) - raft.server.write.follower.gap.ratio.max = -1.0 (default)
2023-06-13 01:50:08,367 [EventQueue-OpenPipelineForHealthyPipelineSafeModeRule] INFO  safemode.SCMSafeModeManager (HealthyPipelineSafeModeRule.java:process(137)) - SCM in safe mode. Healthy pipelines reported count is 0, required healthy pipeline reported count is 1
2023-06-13 01:50:08,367 [949cbcb3-ffc8-4fb9-988d-3e8d33dd06ba@group-95DD06E557A6-LeaderElection2] INFO  impl.RoleInfo (RoleInfo.java:updateAndGet(139)) - 949cbcb3-ffc8-4fb9-988d-3e8d33dd06ba: start 949cbcb3-ffc8-4fb9-988d-3e8d33dd06ba@group-95DD06E557A6-LeaderStateImpl
2023-06-13 01:50:08,368 [949cbcb3-ffc8-4fb9-988d-3e8d33dd06ba@group-95DD06E557A6-LeaderElection2] INFO  segmented.SegmentedRaftLogWorker (SegmentedRaftLogWorker.java:startLogSegment(447)) - 949cbcb3-ffc8-4fb9-988d-3e8d33dd06ba@group-95DD06E557A6-SegmentedRaftLogWorker: Starting segment from index:0
2023-06-13 01:50:08,369 [949cbcb3-ffc8-4fb9-988d-3e8d33dd06ba@group-95DD06E557A6-SegmentedRaftLogWorker] INFO  segmented.SegmentedRaftLogWorker (SegmentedRaftLogWorker.java:execute(651)) - 949cbcb3-ffc8-4fb9-988d-3e8d33dd06ba@group-95DD06E557A6-SegmentedRaftLogWorker: created new log segment /home/runner/work/ozone/ozone/hadoop-ozone/integration-test/target/test-dir/MiniOzoneClusterImpl-5f2dcc83-6c9d-45c9-8141-0f4d2c5ecdef/datanode-0/data/ratis/eb359ad2-bc59-434e-9191-95dd06e557a6/current/log_inprogress_0
2023-06-13 01:50:08,372 [949cbcb3-ffc8-4fb9-988d-3e8d33dd06ba@group-95DD06E557A6-LeaderElection2] INFO  server.RaftServer$Division (ServerState.java:setRaftConf(434)) - 949cbcb3-ffc8-4fb9-988d-3e8d33dd06ba@group-95DD06E557A6: set configuration 0: peers:[949cbcb3-ffc8-4fb9-988d-3e8d33dd06ba|rpc:10.1.0.18:15014|admin:10.1.0.18:15013|client:10.1.0.18:15012|dataStream:10.1.0.18:15015|priority:1|startupRole:FOLLOWER]|listeners:[], old=null
2023-06-13 01:50:08,559 [949cbcb3-ffc8-4fb9-988d-3e8d33dd06ba@group-9D1FC8B4240E-FollowerState] INFO  impl.FollowerState (FollowerState.java:run(143)) - 949cbcb3-ffc8-4fb9-988d-3e8d33dd06ba@group-9D1FC8B4240E-FollowerState: change to CANDIDATE, lastRpcElapsedTime:5178319010ns, electionTimeout:5176ms
2023-06-13 01:50:08,560 [949cbcb3-ffc8-4fb9-988d-3e8d33dd06ba@group-9D1FC8B4240E-FollowerState] INFO  impl.RoleInfo (RoleInfo.java:shutdownFollowerState(110)) - 949cbcb3-ffc8-4fb9-988d-3e8d33dd06ba: shutdown 949cbcb3-ffc8-4fb9-988d-3e8d33dd06ba@group-9D1FC8B4240E-FollowerState
2023-06-13 01:50:08,560 [949cbcb3-ffc8-4fb9-988d-3e8d33dd06ba@group-9D1FC8B4240E-FollowerState] INFO  server.RaftServer$Division (RaftServerImpl.java:setRole(329)) - 949cbcb3-ffc8-4fb9-988d-3e8d33dd06ba@group-9D1FC8B4240E: changes role from  FOLLOWER to CANDIDATE at term 0 for changeToCandidate
2023-06-13 01:50:08,560 [949cbcb3-ffc8-4fb9-988d-3e8d33dd06ba@group-9D1FC8B4240E-FollowerState] INFO  server.RaftServerConfigKeys (ConfUtils.java:logGet(46)) - raft.server.leaderelection.pre-vote = true (default)
2023-06-13 01:50:08,560 [949cbcb3-ffc8-4fb9-988d-3e8d33dd06ba@group-9D1FC8B4240E-FollowerState] INFO  impl.RoleInfo (RoleInfo.java:updateAndGet(139)) - 949cbcb3-ffc8-4fb9-988d-3e8d33dd06ba: start 949cbcb3-ffc8-4fb9-988d-3e8d33dd06ba@group-9D1FC8B4240E-LeaderElection3
2023-06-13 01:50:08,562 [949cbcb3-ffc8-4fb9-988d-3e8d33dd06ba@group-9D1FC8B4240E-LeaderElection3] INFO  impl.LeaderElection (LeaderElection.java:askForVotes(321)) - 949cbcb3-ffc8-4fb9-988d-3e8d33dd06ba@group-9D1FC8B4240E-LeaderElection3 PRE_VOTE round 0: submit vote requests at term 0 for -1: peers:[f3f9e814-e788-48e2-bdc0-593c71648247|rpc:10.1.0.18:15023|admin:10.1.0.18:15022|client:10.1.0.18:15021|dataStream:10.1.0.18:15024|priority:1|startupRole:FOLLOWER, 949cbcb3-ffc8-4fb9-988d-3e8d33dd06ba|rpc:10.1.0.18:15014|admin:10.1.0.18:15013|client:10.1.0.18:15012|dataStream:10.1.0.18:15015|priority:0|startupRole:FOLLOWER, 3ffa4cce-b7d6-4a2e-8013-f08ece989394|rpc:10.1.0.18:15032|admin:10.1.0.18:15031|client:10.1.0.18:15030|dataStream:10.1.0.18:15033|priority:0|startupRole:FOLLOWER]|listeners:[], old=null
2023-06-13 01:50:08,567 [949cbcb3-ffc8-4fb9-988d-3e8d33dd06ba@group-9D1FC8B4240E-LeaderElection3] INFO  server.RaftServerConfigKeys (ConfUtils.java:logFallback(53)) - raft.server.rpc.first-election.timeout.min = 5s (fallback to raft.server.rpc.timeout.min)
2023-06-13 01:50:08,567 [949cbcb3-ffc8-4fb9-988d-3e8d33dd06ba@group-9D1FC8B4240E-LeaderElection3] INFO  server.RaftServerConfigKeys (ConfUtils.java:logFallback(53)) - raft.server.rpc.first-election.timeout.max = 5200ms (fallback to raft.server.rpc.timeout.max)
2023-06-13 01:50:08,568 [949cbcb3-ffc8-4fb9-988d-3e8d33dd06ba@group-9D1FC8B4240E-LeaderElection3-1] INFO  server.GrpcServerProtocolClient (GrpcServerProtocolClient.java:<init>(65)) - Build channel for f3f9e814-e788-48e2-bdc0-593c71648247
2023-06-13 01:50:08,570 [949cbcb3-ffc8-4fb9-988d-3e8d33dd06ba@group-9D1FC8B4240E-LeaderElection3-2] INFO  server.GrpcServerProtocolClient (GrpcServerProtocolClient.java:<init>(65)) - Build channel for 3ffa4cce-b7d6-4a2e-8013-f08ece989394
2023-06-13 01:50:08,590 [grpc-default-executor-1] INFO  server.RaftServer$Division (RaftServerImpl.java:requestVote(1302)) - f3f9e814-e788-48e2-bdc0-593c71648247@group-9D1FC8B4240E: receive requestVote(PRE_VOTE, 949cbcb3-ffc8-4fb9-988d-3e8d33dd06ba, group-9D1FC8B4240E, 0, (t:0, i:0))
2023-06-13 01:50:08,592 [grpc-default-executor-0] INFO  server.RaftServer$Division (RaftServerImpl.java:requestVote(1302)) - 3ffa4cce-b7d6-4a2e-8013-f08ece989394@group-9D1FC8B4240E: receive requestVote(PRE_VOTE, 949cbcb3-ffc8-4fb9-988d-3e8d33dd06ba, group-9D1FC8B4240E, 0, (t:0, i:0))
2023-06-13 01:50:08,596 [grpc-default-executor-0] INFO  impl.VoteContext (VoteContext.java:log(49)) - 3ffa4cce-b7d6-4a2e-8013-f08ece989394@group-9D1FC8B4240E-FOLLOWER: accept PRE_VOTE from 949cbcb3-ffc8-4fb9-988d-3e8d33dd06ba: our priority 0 <= candidate's priority 0
2023-06-13 01:50:08,599 [grpc-default-executor-0] INFO  server.RaftServer$Division (RaftServerImpl.java:requestVote(1335)) - 3ffa4cce-b7d6-4a2e-8013-f08ece989394@group-9D1FC8B4240E replies to PRE_VOTE vote request: 949cbcb3-ffc8-4fb9-988d-3e8d33dd06ba<-3ffa4cce-b7d6-4a2e-8013-f08ece989394#0:OK-t0. Peer's state: 3ffa4cce-b7d6-4a2e-8013-f08ece989394@group-9D1FC8B4240E:t0, leader=null, voted=, raftlog=Memoized:3ffa4cce-b7d6-4a2e-8013-f08ece989394@group-9D1FC8B4240E-SegmentedRaftLog:OPENED:c-1, conf=-1: peers:[f3f9e814-e788-48e2-bdc0-593c71648247|rpc:10.1.0.18:15023|admin:10.1.0.18:15022|client:10.1.0.18:15021|dataStream:10.1.0.18:15024|priority:1|startupRole:FOLLOWER, 949cbcb3-ffc8-4fb9-988d-3e8d33dd06ba|rpc:10.1.0.18:15014|admin:10.1.0.18:15013|client:10.1.0.18:15012|dataStream:10.1.0.18:15015|priority:0|startupRole:FOLLOWER, 3ffa4cce-b7d6-4a2e-8013-f08ece989394|rpc:10.1.0.18:15032|admin:10.1.0.18:15031|client:10.1.0.18:15030|dataStream:10.1.0.18:15033|priority:0|startupRole:FOLLOWER]|listeners:[], old=null
2023-06-13 01:50:08,596 [grpc-default-executor-1] INFO  impl.VoteContext (VoteContext.java:log(49)) - f3f9e814-e788-48e2-bdc0-593c71648247@group-9D1FC8B4240E-FOLLOWER: reject PRE_VOTE from 949cbcb3-ffc8-4fb9-988d-3e8d33dd06ba: our priority 1 > candidate's priority 0
2023-06-13 01:50:08,602 [grpc-default-executor-1] INFO  server.RaftServer$Division (RaftServerImpl.java:requestVote(1335)) - f3f9e814-e788-48e2-bdc0-593c71648247@group-9D1FC8B4240E replies to PRE_VOTE vote request: 949cbcb3-ffc8-4fb9-988d-3e8d33dd06ba<-f3f9e814-e788-48e2-bdc0-593c71648247#0:FAIL-t0. Peer's state: f3f9e814-e788-48e2-bdc0-593c71648247@group-9D1FC8B4240E:t0, leader=null, voted=, raftlog=Memoized:f3f9e814-e788-48e2-bdc0-593c71648247@group-9D1FC8B4240E-SegmentedRaftLog:OPENED:c-1, conf=-1: peers:[f3f9e814-e788-48e2-bdc0-593c71648247|rpc:10.1.0.18:15023|admin:10.1.0.18:15022|client:10.1.0.18:15021|dataStream:10.1.0.18:15024|priority:1|startupRole:FOLLOWER, 949cbcb3-ffc8-4fb9-988d-3e8d33dd06ba|rpc:10.1.0.18:15014|admin:10.1.0.18:15013|client:10.1.0.18:15012|dataStream:10.1.0.18:15015|priority:0|startupRole:FOLLOWER, 3ffa4cce-b7d6-4a2e-8013-f08ece989394|rpc:10.1.0.18:15032|admin:10.1.0.18:15031|client:10.1.0.18:15030|dataStream:10.1.0.18:15033|priority:0|startupRole:FOLLOWER]|listeners:[], old=null
2023-06-13 01:50:08,609 [949cbcb3-ffc8-4fb9-988d-3e8d33dd06ba@group-9D1FC8B4240E-LeaderElection3] INFO  impl.LeaderElection (LeaderElection.java:logAndReturn(90)) - 949cbcb3-ffc8-4fb9-988d-3e8d33dd06ba@group-9D1FC8B4240E-LeaderElection3: PRE_VOTE REJECTED received 2 response(s) and 0 exception(s):
2023-06-13 01:50:08,610 [949cbcb3-ffc8-4fb9-988d-3e8d33dd06ba@group-9D1FC8B4240E-LeaderElection3] INFO  impl.LeaderElection (LeaderElection.java:logAndReturn(94)) -   Response 0: 949cbcb3-ffc8-4fb9-988d-3e8d33dd06ba<-f3f9e814-e788-48e2-bdc0-593c71648247#0:FAIL-t0
2023-06-13 01:50:08,610 [949cbcb3-ffc8-4fb9-988d-3e8d33dd06ba@group-9D1FC8B4240E-LeaderElection3] INFO  impl.LeaderElection (LeaderElection.java:logAndReturn(94)) -   Response 1: 949cbcb3-ffc8-4fb9-988d-3e8d33dd06ba<-3ffa4cce-b7d6-4a2e-8013-f08ece989394#0:OK-t0
2023-06-13 01:50:08,610 [949cbcb3-ffc8-4fb9-988d-3e8d33dd06ba@group-9D1FC8B4240E-LeaderElection3] INFO  impl.LeaderElection (LeaderElection.java:askForVotes(323)) - 949cbcb3-ffc8-4fb9-988d-3e8d33dd06ba@group-9D1FC8B4240E-LeaderElection3 PRE_VOTE round 0: result REJECTED
2023-06-13 01:50:08,610 [949cbcb3-ffc8-4fb9-988d-3e8d33dd06ba@group-9D1FC8B4240E-LeaderElection3] INFO  server.RaftServer$Division (RaftServerImpl.java:setRole(329)) - 949cbcb3-ffc8-4fb9-988d-3e8d33dd06ba@group-9D1FC8B4240E: changes role from CANDIDATE to FOLLOWER at term 0 for REJECTED
2023-06-13 01:50:08,611 [949cbcb3-ffc8-4fb9-988d-3e8d33dd06ba@group-9D1FC8B4240E-LeaderElection3] INFO  impl.RoleInfo (RoleInfo.java:shutdownLeaderElection(130)) - 949cbcb3-ffc8-4fb9-988d-3e8d33dd06ba: shutdown 949cbcb3-ffc8-4fb9-988d-3e8d33dd06ba@group-9D1FC8B4240E-LeaderElection3
2023-06-13 01:50:08,611 [949cbcb3-ffc8-4fb9-988d-3e8d33dd06ba@group-9D1FC8B4240E-LeaderElection3] INFO  impl.RoleInfo (RoleInfo.java:updateAndGet(139)) - 949cbcb3-ffc8-4fb9-988d-3e8d33dd06ba: start 949cbcb3-ffc8-4fb9-988d-3e8d33dd06ba@group-9D1FC8B4240E-FollowerState
2023-06-13 01:50:08,912 [f3f9e814-e788-48e2-bdc0-593c71648247@group-5A8F78C1B316-FollowerState] INFO  impl.FollowerState (FollowerState.java:run(143)) - f3f9e814-e788-48e2-bdc0-593c71648247@group-5A8F78C1B316-FollowerState: change to CANDIDATE, lastRpcElapsedTime:5092176627ns, electionTimeout:5089ms
2023-06-13 01:50:08,912 [f3f9e814-e788-48e2-bdc0-593c71648247@group-5A8F78C1B316-FollowerState] INFO  impl.RoleInfo (RoleInfo.java:shutdownFollowerState(110)) - f3f9e814-e788-48e2-bdc0-593c71648247: shutdown f3f9e814-e788-48e2-bdc0-593c71648247@group-5A8F78C1B316-FollowerState
2023-06-13 01:50:08,913 [f3f9e814-e788-48e2-bdc0-593c71648247@group-5A8F78C1B316-FollowerState] INFO  server.RaftServer$Division (RaftServerImpl.java:setRole(329)) - f3f9e814-e788-48e2-bdc0-593c71648247@group-5A8F78C1B316: changes role from  FOLLOWER to CANDIDATE at term 0 for changeToCandidate
2023-06-13 01:50:08,914 [f3f9e814-e788-48e2-bdc0-593c71648247@group-5A8F78C1B316-FollowerState] INFO  server.RaftServerConfigKeys (ConfUtils.java:logGet(46)) - raft.server.leaderelection.pre-vote = true (default)
2023-06-13 01:50:08,914 [f3f9e814-e788-48e2-bdc0-593c71648247@group-5A8F78C1B316-FollowerState] INFO  impl.RoleInfo (RoleInfo.java:updateAndGet(139)) - f3f9e814-e788-48e2-bdc0-593c71648247: start f3f9e814-e788-48e2-bdc0-593c71648247@group-5A8F78C1B316-LeaderElection4
2023-06-13 01:50:08,916 [3ffa4cce-b7d6-4a2e-8013-f08ece989394@group-9D1FC8B4240E-FollowerState] INFO  server.RaftServerConfigKeys (ConfUtils.java:logFallback(53)) - raft.server.rpc.first-election.timeout.min = 5s (fallback to raft.server.rpc.timeout.min)
2023-06-13 01:50:08,916 [3ffa4cce-b7d6-4a2e-8013-f08ece989394@group-9D1FC8B4240E-FollowerState] INFO  server.RaftServerConfigKeys (ConfUtils.java:logFallback(53)) - raft.server.rpc.first-election.timeout.max = 5200ms (fallback to raft.server.rpc.timeout.max)
2023-06-13 01:50:08,917 [f3f9e814-e788-48e2-bdc0-593c71648247@group-5A8F78C1B316-LeaderElection4] INFO  impl.LeaderElection (LeaderElection.java:askForVotes(321)) - f3f9e814-e788-48e2-bdc0-593c71648247@group-5A8F78C1B316-LeaderElection4 PRE_VOTE round 0: submit vote requests at term 0 for -1: peers:[f3f9e814-e788-48e2-bdc0-593c71648247|rpc:10.1.0.18:15023|admin:10.1.0.18:15022|client:10.1.0.18:15021|dataStream:10.1.0.18:15024|priority:1|startupRole:FOLLOWER]|listeners:[], old=null
2023-06-13 01:50:08,917 [f3f9e814-e788-48e2-bdc0-593c71648247@group-5A8F78C1B316-LeaderElection4] INFO  impl.LeaderElection (LeaderElection.java:askForVotes(323)) - f3f9e814-e788-48e2-bdc0-593c71648247@group-5A8F78C1B316-LeaderElection4 PRE_VOTE round 0: result PASSED (term=0)
2023-06-13 01:50:08,919 [f3f9e814-e788-48e2-bdc0-593c71648247@group-5A8F78C1B316-LeaderElection4] INFO  impl.LeaderElection (LeaderElection.java:askForVotes(321)) - f3f9e814-e788-48e2-bdc0-593c71648247@group-5A8F78C1B316-LeaderElection4 ELECTION round 0: submit vote requests at term 1 for -1: peers:[f3f9e814-e788-48e2-bdc0-593c71648247|rpc:10.1.0.18:15023|admin:10.1.0.18:15022|client:10.1.0.18:15021|dataStream:10.1.0.18:15024|priority:1|startupRole:FOLLOWER]|listeners:[], old=null
2023-06-13 01:50:08,919 [f3f9e814-e788-48e2-bdc0-593c71648247@group-5A8F78C1B316-LeaderElection4] INFO  impl.LeaderElection (LeaderElection.java:askForVotes(323)) - f3f9e814-e788-48e2-bdc0-593c71648247@group-5A8F78C1B316-LeaderElection4 ELECTION round 0: result PASSED (term=1)
2023-06-13 01:50:08,919 [f3f9e814-e788-48e2-bdc0-593c71648247@group-5A8F78C1B316-LeaderElection4] INFO  impl.RoleInfo (RoleInfo.java:shutdownLeaderElection(130)) - f3f9e814-e788-48e2-bdc0-593c71648247: shutdown f3f9e814-e788-48e2-bdc0-593c71648247@group-5A8F78C1B316-LeaderElection4
2023-06-13 01:50:08,919 [f3f9e814-e788-48e2-bdc0-593c71648247@group-5A8F78C1B316-LeaderElection4] INFO  server.RaftServer$Division (RaftServerImpl.java:setRole(329)) - f3f9e814-e788-48e2-bdc0-593c71648247@group-5A8F78C1B316: changes role from CANDIDATE to LEADER at term 1 for changeToLeader
2023-06-13 01:50:08,919 [f3f9e814-e788-48e2-bdc0-593c71648247@group-5A8F78C1B316-LeaderElection4] INFO  ratis.XceiverServerRatis (XceiverServerRatis.java:handleLeaderChangedNotification(902)) - Leader change notification received for group: group-5A8F78C1B316 with new leaderId: f3f9e814-e788-48e2-bdc0-593c71648247
2023-06-13 01:50:08,919 [f3f9e814-e788-48e2-bdc0-593c71648247@group-5A8F78C1B316-LeaderElection4] INFO  server.RaftServer$Division (ServerState.java:setLeader(317)) - f3f9e814-e788-48e2-bdc0-593c71648247@group-5A8F78C1B316: change Leader from null to f3f9e814-e788-48e2-bdc0-593c71648247 at term 1 for becomeLeader, leader elected after 5123ms
2023-06-13 01:50:08,919 [f3f9e814-e788-48e2-bdc0-593c71648247@group-5A8F78C1B316-LeaderElection4] INFO  server.RaftServerConfigKeys (ConfUtils.java:logGet(46)) - raft.server.staging.catchup.gap = 1000 (default)
2023-06-13 01:50:08,922 [EventQueue-OpenPipelineForHealthyPipelineSafeModeRule] INFO  safemode.SCMSafeModeManager (HealthyPipelineSafeModeRule.java:process(137)) - SCM in safe mode. Healthy pipelines reported count is 0, required healthy pipeline reported count is 1
2023-06-13 01:50:08,922 [f3f9e814-e788-48e2-bdc0-593c71648247@group-5A8F78C1B316-LeaderElection4] INFO  server.RaftServerConfigKeys (ConfUtils.java:logGet(46)) - raft.server.write.element-limit = 1024 (custom)
2023-06-13 01:50:08,922 [f3f9e814-e788-48e2-bdc0-593c71648247@group-5A8F78C1B316-LeaderElection4] INFO  server.RaftServerConfigKeys (ConfUtils.java:logGet(46)) - raft.server.write.byte-limit = 1024 M (=1073741824) (custom)
2023-06-13 01:50:08,923 [f3f9e814-e788-48e2-bdc0-593c71648247@group-5A8F78C1B316-LeaderElection4] INFO  server.RaftServerConfigKeys (ConfUtils.java:logGet(46)) - raft.server.watch.timeout = 180s (custom)
2023-06-13 01:50:08,923 [f3f9e814-e788-48e2-bdc0-593c71648247@group-5A8F78C1B316-LeaderElection4] INFO  server.RaftServerConfigKeys (ConfUtils.java:logGet(46)) - raft.server.watch.timeout.denomination = 1s (default)
2023-06-13 01:50:08,923 [f3f9e814-e788-48e2-bdc0-593c71648247@group-5A8F78C1B316-LeaderElection4] INFO  server.RaftServerConfigKeys (ConfUtils.java:logGet(46)) - raft.server.watch.element-limit = 65536 (default)
2023-06-13 01:50:08,923 [f3f9e814-e788-48e2-bdc0-593c71648247@group-5A8F78C1B316-LeaderElection4] INFO  server.RaftServerConfigKeys (ConfUtils.java:logGet(46)) - raft.server.write.element-limit = 1024 (custom)
2023-06-13 01:50:08,923 [f3f9e814-e788-48e2-bdc0-593c71648247@group-5A8F78C1B316-LeaderElection4] INFO  server.RaftServerConfigKeys (ConfUtils.java:logGet(46)) - raft.server.write.follower.gap.ratio.max = -1.0 (default)
2023-06-13 01:50:08,923 [f3f9e814-e788-48e2-bdc0-593c71648247@group-5A8F78C1B316-LeaderElection4] INFO  impl.RoleInfo (RoleInfo.java:updateAndGet(139)) - f3f9e814-e788-48e2-bdc0-593c71648247: start f3f9e814-e788-48e2-bdc0-593c71648247@group-5A8F78C1B316-LeaderStateImpl
2023-06-13 01:50:08,923 [f3f9e814-e788-48e2-bdc0-593c71648247@group-5A8F78C1B316-LeaderElection4] INFO  segmented.SegmentedRaftLogWorker (SegmentedRaftLogWorker.java:startLogSegment(447)) - f3f9e814-e788-48e2-bdc0-593c71648247@group-5A8F78C1B316-SegmentedRaftLogWorker: Starting segment from index:0
2023-06-13 01:50:08,924 [f3f9e814-e788-48e2-bdc0-593c71648247@group-5A8F78C1B316-SegmentedRaftLogWorker] INFO  segmented.SegmentedRaftLogWorker (SegmentedRaftLogWorker.java:execute(651)) - f3f9e814-e788-48e2-bdc0-593c71648247@group-5A8F78C1B316-SegmentedRaftLogWorker: created new log segment /home/runner/work/ozone/ozone/hadoop-ozone/integration-test/target/test-dir/MiniOzoneClusterImpl-5f2dcc83-6c9d-45c9-8141-0f4d2c5ecdef/datanode-1/data/ratis/d99e06f1-f3ae-49e4-aa5e-5a8f78c1b316/current/log_inprogress_0
2023-06-13 01:50:08,926 [f3f9e814-e788-48e2-bdc0-593c71648247@group-5A8F78C1B316-LeaderElection4] INFO  server.RaftServer$Division (ServerState.java:setRaftConf(434)) - f3f9e814-e788-48e2-bdc0-593c71648247@group-5A8F78C1B316: set configuration 0: peers:[f3f9e814-e788-48e2-bdc0-593c71648247|rpc:10.1.0.18:15023|admin:10.1.0.18:15022|client:10.1.0.18:15021|dataStream:10.1.0.18:15024|priority:1|startupRole:FOLLOWER]|listeners:[], old=null
2023-06-13 01:50:09,084 [main] INFO  ozone.MiniOzoneClusterImpl (MiniOzoneClusterImpl.java:lambda$waitForClusterToBeReady$0(224)) - Nodes are ready. Got 3 of 3 DN Heartbeats.
2023-06-13 01:50:09,084 [main] INFO  ozone.MiniOzoneClusterImpl (MiniOzoneClusterImpl.java:lambda$waitForClusterToBeReady$0(227)) - Waiting for cluster to exit safe mode
2023-06-13 01:50:09,084 [main] INFO  ozone.MiniOzoneClusterImpl (MiniOzoneClusterImpl.java:lambda$waitForClusterToBeReady$0(229)) - SCM became leader
2023-06-13 01:50:09,129 [f3f9e814-e788-48e2-bdc0-593c71648247@group-9D1FC8B4240E-FollowerState] INFO  impl.FollowerState (FollowerState.java:run(143)) - f3f9e814-e788-48e2-bdc0-593c71648247@group-9D1FC8B4240E-FollowerState: change to CANDIDATE, lastRpcElapsedTime:5127363739ns, electionTimeout:5111ms
2023-06-13 01:50:09,129 [f3f9e814-e788-48e2-bdc0-593c71648247@group-9D1FC8B4240E-FollowerState] INFO  impl.RoleInfo (RoleInfo.java:shutdownFollowerState(110)) - f3f9e814-e788-48e2-bdc0-593c71648247: shutdown f3f9e814-e788-48e2-bdc0-593c71648247@group-9D1FC8B4240E-FollowerState
2023-06-13 01:50:09,129 [f3f9e814-e788-48e2-bdc0-593c71648247@group-9D1FC8B4240E-FollowerState] INFO  server.RaftServer$Division (RaftServerImpl.java:setRole(329)) - f3f9e814-e788-48e2-bdc0-593c71648247@group-9D1FC8B4240E: changes role from  FOLLOWER to CANDIDATE at term 0 for changeToCandidate
2023-06-13 01:50:09,129 [f3f9e814-e788-48e2-bdc0-593c71648247@group-9D1FC8B4240E-FollowerState] INFO  server.RaftServerConfigKeys (ConfUtils.java:logGet(46)) - raft.server.leaderelection.pre-vote = true (default)
2023-06-13 01:50:09,129 [f3f9e814-e788-48e2-bdc0-593c71648247@group-9D1FC8B4240E-FollowerState] INFO  impl.RoleInfo (RoleInfo.java:updateAndGet(139)) - f3f9e814-e788-48e2-bdc0-593c71648247: start f3f9e814-e788-48e2-bdc0-593c71648247@group-9D1FC8B4240E-LeaderElection5
2023-06-13 01:50:09,137 [f3f9e814-e788-48e2-bdc0-593c71648247@group-9D1FC8B4240E-LeaderElection5] INFO  impl.LeaderElection (LeaderElection.java:askForVotes(321)) - f3f9e814-e788-48e2-bdc0-593c71648247@group-9D1FC8B4240E-LeaderElection5 PRE_VOTE round 0: submit vote requests at term 0 for -1: peers:[f3f9e814-e788-48e2-bdc0-593c71648247|rpc:10.1.0.18:15023|admin:10.1.0.18:15022|client:10.1.0.18:15021|dataStream:10.1.0.18:15024|priority:1|startupRole:FOLLOWER, 949cbcb3-ffc8-4fb9-988d-3e8d33dd06ba|rpc:10.1.0.18:15014|admin:10.1.0.18:15013|client:10.1.0.18:15012|dataStream:10.1.0.18:15015|priority:0|startupRole:FOLLOWER, 3ffa4cce-b7d6-4a2e-8013-f08ece989394|rpc:10.1.0.18:15032|admin:10.1.0.18:15031|client:10.1.0.18:15030|dataStream:10.1.0.18:15033|priority:0|startupRole:FOLLOWER]|listeners:[], old=null
2023-06-13 01:50:09,139 [f3f9e814-e788-48e2-bdc0-593c71648247@group-9D1FC8B4240E-LeaderElection5-1] INFO  server.GrpcServerProtocolClient (GrpcServerProtocolClient.java:<init>(65)) - Build channel for 949cbcb3-ffc8-4fb9-988d-3e8d33dd06ba
2023-06-13 01:50:09,141 [f3f9e814-e788-48e2-bdc0-593c71648247@group-9D1FC8B4240E-LeaderElection5] INFO  server.RaftServerConfigKeys (ConfUtils.java:logFallback(53)) - raft.server.rpc.first-election.timeout.min = 5s (fallback to raft.server.rpc.timeout.min)
2023-06-13 01:50:09,145 [f3f9e814-e788-48e2-bdc0-593c71648247@group-9D1FC8B4240E-LeaderElection5] INFO  server.RaftServerConfigKeys (ConfUtils.java:logFallback(53)) - raft.server.rpc.first-election.timeout.max = 5200ms (fallback to raft.server.rpc.timeout.max)
2023-06-13 01:50:09,148 [f3f9e814-e788-48e2-bdc0-593c71648247@group-9D1FC8B4240E-LeaderElection5-2] INFO  server.GrpcServerProtocolClient (GrpcServerProtocolClient.java:<init>(65)) - Build channel for 3ffa4cce-b7d6-4a2e-8013-f08ece989394
2023-06-13 01:50:09,163 [grpc-default-executor-0] INFO  server.RaftServer$Division (RaftServerImpl.java:requestVote(1302)) - 949cbcb3-ffc8-4fb9-988d-3e8d33dd06ba@group-9D1FC8B4240E: receive requestVote(PRE_VOTE, f3f9e814-e788-48e2-bdc0-593c71648247, group-9D1FC8B4240E, 0, (t:0, i:0))
2023-06-13 01:50:09,163 [grpc-default-executor-0] INFO  impl.VoteContext (VoteContext.java:log(49)) - 949cbcb3-ffc8-4fb9-988d-3e8d33dd06ba@group-9D1FC8B4240E-FOLLOWER: accept PRE_VOTE from f3f9e814-e788-48e2-bdc0-593c71648247: our priority 0 <= candidate's priority 1
2023-06-13 01:50:09,163 [grpc-default-executor-0] INFO  server.RaftServer$Division (RaftServerImpl.java:requestVote(1335)) - 949cbcb3-ffc8-4fb9-988d-3e8d33dd06ba@group-9D1FC8B4240E replies to PRE_VOTE vote request: f3f9e814-e788-48e2-bdc0-593c71648247<-949cbcb3-ffc8-4fb9-988d-3e8d33dd06ba#0:OK-t0. Peer's state: 949cbcb3-ffc8-4fb9-988d-3e8d33dd06ba@group-9D1FC8B4240E:t0, leader=null, voted=, raftlog=Memoized:949cbcb3-ffc8-4fb9-988d-3e8d33dd06ba@group-9D1FC8B4240E-SegmentedRaftLog:OPENED:c-1, conf=-1: peers:[f3f9e814-e788-48e2-bdc0-593c71648247|rpc:10.1.0.18:15023|admin:10.1.0.18:15022|client:10.1.0.18:15021|dataStream:10.1.0.18:15024|priority:1|startupRole:FOLLOWER, 949cbcb3-ffc8-4fb9-988d-3e8d33dd06ba|rpc:10.1.0.18:15014|admin:10.1.0.18:15013|client:10.1.0.18:15012|dataStream:10.1.0.18:15015|priority:0|startupRole:FOLLOWER, 3ffa4cce-b7d6-4a2e-8013-f08ece989394|rpc:10.1.0.18:15032|admin:10.1.0.18:15031|client:10.1.0.18:15030|dataStream:10.1.0.18:15033|priority:0|startupRole:FOLLOWER]|listeners:[], old=null
2023-06-13 01:50:09,165 [f3f9e814-e788-48e2-bdc0-593c71648247@group-9D1FC8B4240E-LeaderElection5] INFO  impl.LeaderElection (LeaderElection.java:logAndReturn(90)) - f3f9e814-e788-48e2-bdc0-593c71648247@group-9D1FC8B4240E-LeaderElection5: PRE_VOTE PASSED received 1 response(s) and 0 exception(s):
2023-06-13 01:50:09,165 [f3f9e814-e788-48e2-bdc0-593c71648247@group-9D1FC8B4240E-LeaderElection5] INFO  impl.LeaderElection (LeaderElection.java:logAndReturn(94)) -   Response 0: f3f9e814-e788-48e2-bdc0-593c71648247<-949cbcb3-ffc8-4fb9-988d-3e8d33dd06ba#0:OK-t0
2023-06-13 01:50:09,166 [f3f9e814-e788-48e2-bdc0-593c71648247@group-9D1FC8B4240E-LeaderElection5] INFO  impl.LeaderElection (LeaderElection.java:askForVotes(323)) - f3f9e814-e788-48e2-bdc0-593c71648247@group-9D1FC8B4240E-LeaderElection5 PRE_VOTE round 0: result PASSED
2023-06-13 01:50:09,168 [f3f9e814-e788-48e2-bdc0-593c71648247@group-9D1FC8B4240E-LeaderElection5] INFO  impl.LeaderElection (LeaderElection.java:askForVotes(321)) - f3f9e814-e788-48e2-bdc0-593c71648247@group-9D1FC8B4240E-LeaderElection5 ELECTION round 0: submit vote requests at term 1 for -1: peers:[f3f9e814-e788-48e2-bdc0-593c71648247|rpc:10.1.0.18:15023|admin:10.1.0.18:15022|client:10.1.0.18:15021|dataStream:10.1.0.18:15024|priority:1|startupRole:FOLLOWER, 949cbcb3-ffc8-4fb9-988d-3e8d33dd06ba|rpc:10.1.0.18:15014|admin:10.1.0.18:15013|client:10.1.0.18:15012|dataStream:10.1.0.18:15015|priority:0|startupRole:FOLLOWER, 3ffa4cce-b7d6-4a2e-8013-f08ece989394|rpc:10.1.0.18:15032|admin:10.1.0.18:15031|client:10.1.0.18:15030|dataStream:10.1.0.18:15033|priority:0|startupRole:FOLLOWER]|listeners:[], old=null
2023-06-13 01:50:09,171 [f3f9e814-e788-48e2-bdc0-593c71648247@group-9D1FC8B4240E-LeaderElection5] INFO  server.RaftServerConfigKeys (ConfUtils.java:logFallback(53)) - raft.server.rpc.first-election.timeout.min = 5s (fallback to raft.server.rpc.timeout.min)
2023-06-13 01:50:09,171 [f3f9e814-e788-48e2-bdc0-593c71648247@group-9D1FC8B4240E-LeaderElection5] INFO  server.RaftServerConfigKeys (ConfUtils.java:logFallback(53)) - raft.server.rpc.first-election.timeout.max = 5200ms (fallback to raft.server.rpc.timeout.max)
2023-06-13 01:50:09,172 [grpc-default-executor-0] INFO  server.RaftServer$Division (RaftServerImpl.java:requestVote(1302)) - 3ffa4cce-b7d6-4a2e-8013-f08ece989394@group-9D1FC8B4240E: receive requestVote(PRE_VOTE, f3f9e814-e788-48e2-bdc0-593c71648247, group-9D1FC8B4240E, 0, (t:0, i:0))
2023-06-13 01:50:09,172 [grpc-default-executor-0] INFO  impl.VoteContext (VoteContext.java:log(49)) - 3ffa4cce-b7d6-4a2e-8013-f08ece989394@group-9D1FC8B4240E-FOLLOWER: accept PRE_VOTE from f3f9e814-e788-48e2-bdc0-593c71648247: our priority 0 <= candidate's priority 1
2023-06-13 01:50:09,172 [grpc-default-executor-0] INFO  server.RaftServer$Division (RaftServerImpl.java:requestVote(1335)) - 3ffa4cce-b7d6-4a2e-8013-f08ece989394@group-9D1FC8B4240E replies to PRE_VOTE vote request: f3f9e814-e788-48e2-bdc0-593c71648247<-3ffa4cce-b7d6-4a2e-8013-f08ece989394#0:OK-t0. Peer's state: 3ffa4cce-b7d6-4a2e-8013-f08ece989394@group-9D1FC8B4240E:t0, leader=null, voted=, raftlog=Memoized:3ffa4cce-b7d6-4a2e-8013-f08ece989394@group-9D1FC8B4240E-SegmentedRaftLog:OPENED:c-1, conf=-1: peers:[f3f9e814-e788-48e2-bdc0-593c71648247|rpc:10.1.0.18:15023|admin:10.1.0.18:15022|client:10.1.0.18:15021|dataStream:10.1.0.18:15024|priority:1|startupRole:FOLLOWER, 949cbcb3-ffc8-4fb9-988d-3e8d33dd06ba|rpc:10.1.0.18:15014|admin:10.1.0.18:15013|client:10.1.0.18:15012|dataStream:10.1.0.18:15015|priority:0|startupRole:FOLLOWER, 3ffa4cce-b7d6-4a2e-8013-f08ece989394|rpc:10.1.0.18:15032|admin:10.1.0.18:15031|client:10.1.0.18:15030|dataStream:10.1.0.18:15033|priority:0|startupRole:FOLLOWER]|listeners:[], old=null
2023-06-13 01:50:09,173 [3ffa4cce-b7d6-4a2e-8013-f08ece989394@group-C31B729B81A5-FollowerState] INFO  impl.FollowerState (FollowerState.java:run(143)) - 3ffa4cce-b7d6-4a2e-8013-f08ece989394@group-C31B729B81A5-FollowerState: change to CANDIDATE, lastRpcElapsedTime:5024023716ns, electionTimeout:5008ms
2023-06-13 01:50:09,173 [3ffa4cce-b7d6-4a2e-8013-f08ece989394@group-C31B729B81A5-FollowerState] INFO  impl.RoleInfo (RoleInfo.java:shutdownFollowerState(110)) - 3ffa4cce-b7d6-4a2e-8013-f08ece989394: shutdown 3ffa4cce-b7d6-4a2e-8013-f08ece989394@group-C31B729B81A5-FollowerState
2023-06-13 01:50:09,173 [3ffa4cce-b7d6-4a2e-8013-f08ece989394@group-C31B729B81A5-FollowerState] INFO  server.RaftServer$Division (RaftServerImpl.java:setRole(329)) - 3ffa4cce-b7d6-4a2e-8013-f08ece989394@group-C31B729B81A5: changes role from  FOLLOWER to CANDIDATE at term 0 for changeToCandidate
2023-06-13 01:50:09,173 [3ffa4cce-b7d6-4a2e-8013-f08ece989394@group-C31B729B81A5-FollowerState] INFO  server.RaftServerConfigKeys (ConfUtils.java:logGet(46)) - raft.server.leaderelection.pre-vote = true (default)
2023-06-13 01:50:09,173 [3ffa4cce-b7d6-4a2e-8013-f08ece989394@group-C31B729B81A5-FollowerState] INFO  impl.RoleInfo (RoleInfo.java:updateAndGet(139)) - 3ffa4cce-b7d6-4a2e-8013-f08ece989394: start 3ffa4cce-b7d6-4a2e-8013-f08ece989394@group-C31B729B81A5-LeaderElection6
2023-06-13 01:50:09,177 [949cbcb3-ffc8-4fb9-988d-3e8d33dd06ba@group-C31B729B81A5-FollowerState] INFO  impl.FollowerState (FollowerState.java:run(143)) - 949cbcb3-ffc8-4fb9-988d-3e8d33dd06ba@group-C31B729B81A5-FollowerState: change to CANDIDATE, lastRpcElapsedTime:5113345752ns, electionTimeout:5101ms
2023-06-13 01:50:09,179 [949cbcb3-ffc8-4fb9-988d-3e8d33dd06ba@group-C31B729B81A5-FollowerState] INFO  impl.RoleInfo (RoleInfo.java:shutdownFollowerState(110)) - 949cbcb3-ffc8-4fb9-988d-3e8d33dd06ba: shutdown 949cbcb3-ffc8-4fb9-988d-3e8d33dd06ba@group-C31B729B81A5-FollowerState
2023-06-13 01:50:09,179 [949cbcb3-ffc8-4fb9-988d-3e8d33dd06ba@group-C31B729B81A5-FollowerState] INFO  server.RaftServer$Division (RaftServerImpl.java:setRole(329)) - 949cbcb3-ffc8-4fb9-988d-3e8d33dd06ba@group-C31B729B81A5: changes role from  FOLLOWER to CANDIDATE at term 0 for changeToCandidate
2023-06-13 01:50:09,179 [949cbcb3-ffc8-4fb9-988d-3e8d33dd06ba@group-C31B729B81A5-FollowerState] INFO  server.RaftServerConfigKeys (ConfUtils.java:logGet(46)) - raft.server.leaderelection.pre-vote = true (default)
2023-06-13 01:50:09,179 [949cbcb3-ffc8-4fb9-988d-3e8d33dd06ba@group-C31B729B81A5-FollowerState] INFO  impl.RoleInfo (RoleInfo.java:updateAndGet(139)) - 949cbcb3-ffc8-4fb9-988d-3e8d33dd06ba: start 949cbcb3-ffc8-4fb9-988d-3e8d33dd06ba@group-C31B729B81A5-LeaderElection7
2023-06-13 01:50:09,188 [3ffa4cce-b7d6-4a2e-8013-f08ece989394@group-C31B729B81A5-LeaderElection6] INFO  impl.LeaderElection (LeaderElection.java:askForVotes(321)) - 3ffa4cce-b7d6-4a2e-8013-f08ece989394@group-C31B729B81A5-LeaderElection6 PRE_VOTE round 0: submit vote requests at term 0 for -1: peers:[f3f9e814-e788-48e2-bdc0-593c71648247|rpc:10.1.0.18:15023|admin:10.1.0.18:15022|client:10.1.0.18:15021|dataStream:10.1.0.18:15024|priority:0|startupRole:FOLLOWER, 949cbcb3-ffc8-4fb9-988d-3e8d33dd06ba|rpc:10.1.0.18:15014|admin:10.1.0.18:15013|client:10.1.0.18:15012|dataStream:10.1.0.18:15015|priority:1|startupRole:FOLLOWER, 3ffa4cce-b7d6-4a2e-8013-f08ece989394|rpc:10.1.0.18:15032|admin:10.1.0.18:15031|client:10.1.0.18:15030|dataStream:10.1.0.18:15033|priority:0|startupRole:FOLLOWER]|listeners:[], old=null
2023-06-13 01:50:09,189 [949cbcb3-ffc8-4fb9-988d-3e8d33dd06ba@group-C31B729B81A5-LeaderElection7] INFO  impl.LeaderElection (LeaderElection.java:askForVotes(321)) - 949cbcb3-ffc8-4fb9-988d-3e8d33dd06ba@group-C31B729B81A5-LeaderElection7 PRE_VOTE round 0: submit vote requests at term 0 for -1: peers:[f3f9e814-e788-48e2-bdc0-593c71648247|rpc:10.1.0.18:15023|admin:10.1.0.18:15022|client:10.1.0.18:15021|dataStream:10.1.0.18:15024|priority:0|startupRole:FOLLOWER, 949cbcb3-ffc8-4fb9-988d-3e8d33dd06ba|rpc:10.1.0.18:15014|admin:10.1.0.18:15013|client:10.1.0.18:15012|dataStream:10.1.0.18:15015|priority:1|startupRole:FOLLOWER, 3ffa4cce-b7d6-4a2e-8013-f08ece989394|rpc:10.1.0.18:15032|admin:10.1.0.18:15031|client:10.1.0.18:15030|dataStream:10.1.0.18:15033|priority:0|startupRole:FOLLOWER]|listeners:[], old=null
2023-06-13 01:50:09,188 [grpc-default-executor-0] INFO  server.RaftServer$Division (RaftServerImpl.java:requestVote(1302)) - 949cbcb3-ffc8-4fb9-988d-3e8d33dd06ba@group-9D1FC8B4240E: receive requestVote(ELECTION, f3f9e814-e788-48e2-bdc0-593c71648247, group-9D1FC8B4240E, 1, (t:0, i:0))
2023-06-13 01:50:09,191 [grpc-default-executor-0] INFO  impl.VoteContext (VoteContext.java:log(49)) - 949cbcb3-ffc8-4fb9-988d-3e8d33dd06ba@group-9D1FC8B4240E-FOLLOWER: accept ELECTION from f3f9e814-e788-48e2-bdc0-593c71648247: our priority 0 <= candidate's priority 1
2023-06-13 01:50:09,191 [grpc-default-executor-0] INFO  server.RaftServer$Division (RaftServerImpl.java:setRole(329)) - 949cbcb3-ffc8-4fb9-988d-3e8d33dd06ba@group-9D1FC8B4240E: changes role from  FOLLOWER to FOLLOWER at term 1 for candidate:f3f9e814-e788-48e2-bdc0-593c71648247
2023-06-13 01:50:09,191 [grpc-default-executor-0] INFO  impl.RoleInfo (RoleInfo.java:shutdownFollowerState(110)) - 949cbcb3-ffc8-4fb9-988d-3e8d33dd06ba: shutdown 949cbcb3-ffc8-4fb9-988d-3e8d33dd06ba@group-9D1FC8B4240E-FollowerState
2023-06-13 01:50:09,191 [grpc-default-executor-0] INFO  impl.RoleInfo (RoleInfo.java:updateAndGet(139)) - 949cbcb3-ffc8-4fb9-988d-3e8d33dd06ba: start 949cbcb3-ffc8-4fb9-988d-3e8d33dd06ba@group-9D1FC8B4240E-FollowerState
2023-06-13 01:50:09,191 [949cbcb3-ffc8-4fb9-988d-3e8d33dd06ba@group-9D1FC8B4240E-FollowerState] INFO  impl.FollowerState (FollowerState.java:run(152)) - 949cbcb3-ffc8-4fb9-988d-3e8d33dd06ba@group-9D1FC8B4240E-FollowerState was interrupted
2023-06-13 01:50:09,188 [grpc-default-executor-1] INFO  server.RaftServer$Division (RaftServerImpl.java:requestVote(1302)) - 3ffa4cce-b7d6-4a2e-8013-f08ece989394@group-9D1FC8B4240E: receive requestVote(ELECTION, f3f9e814-e788-48e2-bdc0-593c71648247, group-9D1FC8B4240E, 1, (t:0, i:0))
2023-06-13 01:50:09,197 [grpc-default-executor-1] INFO  impl.VoteContext (VoteContext.java:log(49)) - 3ffa4cce-b7d6-4a2e-8013-f08ece989394@group-9D1FC8B4240E-FOLLOWER: accept ELECTION from f3f9e814-e788-48e2-bdc0-593c71648247: our priority 0 <= candidate's priority 1
2023-06-13 01:50:09,197 [grpc-default-executor-1] INFO  server.RaftServer$Division (RaftServerImpl.java:setRole(329)) - 3ffa4cce-b7d6-4a2e-8013-f08ece989394@group-9D1FC8B4240E: changes role from  FOLLOWER to FOLLOWER at term 1 for candidate:f3f9e814-e788-48e2-bdc0-593c71648247
2023-06-13 01:50:09,197 [grpc-default-executor-1] INFO  impl.RoleInfo (RoleInfo.java:shutdownFollowerState(110)) - 3ffa4cce-b7d6-4a2e-8013-f08ece989394: shutdown 3ffa4cce-b7d6-4a2e-8013-f08ece989394@group-9D1FC8B4240E-FollowerState
2023-06-13 01:50:09,190 [3ffa4cce-b7d6-4a2e-8013-f08ece989394@group-C31B729B81A5-LeaderElection6-2] INFO  server.GrpcServerProtocolClient (GrpcServerProtocolClient.java:<init>(65)) - Build channel for 949cbcb3-ffc8-4fb9-988d-3e8d33dd06ba
2023-06-13 01:50:09,190 [3ffa4cce-b7d6-4a2e-8013-f08ece989394@group-C31B729B81A5-LeaderElection6] INFO  server.RaftServerConfigKeys (ConfUtils.java:logFallback(53)) - raft.server.rpc.first-election.timeout.min = 5s (fallback to raft.server.rpc.timeout.min)
2023-06-13 01:50:09,198 [3ffa4cce-b7d6-4a2e-8013-f08ece989394@group-C31B729B81A5-LeaderElection6] INFO  server.RaftServerConfigKeys (ConfUtils.java:logFallback(53)) - raft.server.rpc.first-election.timeout.max = 5200ms (fallback to raft.server.rpc.timeout.max)
2023-06-13 01:50:09,198 [949cbcb3-ffc8-4fb9-988d-3e8d33dd06ba@group-C31B729B81A5-LeaderElection7] INFO  server.RaftServerConfigKeys (ConfUtils.java:logFallback(53)) - raft.server.rpc.first-election.timeout.min = 5s (fallback to raft.server.rpc.timeout.min)
2023-06-13 01:50:09,198 [949cbcb3-ffc8-4fb9-988d-3e8d33dd06ba@group-C31B729B81A5-LeaderElection7] INFO  server.RaftServerConfigKeys (ConfUtils.java:logFallback(53)) - raft.server.rpc.first-election.timeout.max = 5200ms (fallback to raft.server.rpc.timeout.max)
2023-06-13 01:50:09,190 [3ffa4cce-b7d6-4a2e-8013-f08ece989394@group-C31B729B81A5-LeaderElection6-1] INFO  server.GrpcServerProtocolClient (GrpcServerProtocolClient.java:<init>(65)) - Build channel for f3f9e814-e788-48e2-bdc0-593c71648247
2023-06-13 01:50:09,203 [grpc-default-executor-0] INFO  server.RaftServer$Division (RaftServerImpl.java:requestVote(1335)) - 949cbcb3-ffc8-4fb9-988d-3e8d33dd06ba@group-9D1FC8B4240E replies to ELECTION vote request: f3f9e814-e788-48e2-bdc0-593c71648247<-949cbcb3-ffc8-4fb9-988d-3e8d33dd06ba#0:OK-t1. Peer's state: 949cbcb3-ffc8-4fb9-988d-3e8d33dd06ba@group-9D1FC8B4240E:t1, leader=null, voted=f3f9e814-e788-48e2-bdc0-593c71648247, raftlog=Memoized:949cbcb3-ffc8-4fb9-988d-3e8d33dd06ba@group-9D1FC8B4240E-SegmentedRaftLog:OPENED:c-1, conf=-1: peers:[f3f9e814-e788-48e2-bdc0-593c71648247|rpc:10.1.0.18:15023|admin:10.1.0.18:15022|client:10.1.0.18:15021|dataStream:10.1.0.18:15024|priority:1|startupRole:FOLLOWER, 949cbcb3-ffc8-4fb9-988d-3e8d33dd06ba|rpc:10.1.0.18:15014|admin:10.1.0.18:15013|client:10.1.0.18:15012|dataStream:10.1.0.18:15015|priority:0|startupRole:FOLLOWER, 3ffa4cce-b7d6-4a2e-8013-f08ece989394|rpc:10.1.0.18:15032|admin:10.1.0.18:15031|client:10.1.0.18:15030|dataStream:10.1.0.18:15033|priority:0|startupRole:FOLLOWER]|listeners:[], old=null
2023-06-13 01:50:09,209 [grpc-default-executor-1] INFO  impl.RoleInfo (RoleInfo.java:updateAndGet(139)) - 3ffa4cce-b7d6-4a2e-8013-f08ece989394: start 3ffa4cce-b7d6-4a2e-8013-f08ece989394@group-9D1FC8B4240E-FollowerState
2023-06-13 01:50:09,209 [3ffa4cce-b7d6-4a2e-8013-f08ece989394@group-9D1FC8B4240E-FollowerState] INFO  impl.FollowerState (FollowerState.java:run(152)) - 3ffa4cce-b7d6-4a2e-8013-f08ece989394@group-9D1FC8B4240E-FollowerState was interrupted
2023-06-13 01:50:09,213 [f3f9e814-e788-48e2-bdc0-593c71648247@group-9D1FC8B4240E-LeaderElection5] INFO  impl.LeaderElection (LeaderElection.java:logAndReturn(90)) - f3f9e814-e788-48e2-bdc0-593c71648247@group-9D1FC8B4240E-LeaderElection5: ELECTION PASSED received 1 response(s) and 0 exception(s):
2023-06-13 01:50:09,213 [f3f9e814-e788-48e2-bdc0-593c71648247@group-9D1FC8B4240E-LeaderElection5] INFO  impl.LeaderElection (LeaderElection.java:logAndReturn(94)) -   Response 0: f3f9e814-e788-48e2-bdc0-593c71648247<-949cbcb3-ffc8-4fb9-988d-3e8d33dd06ba#0:OK-t1
2023-06-13 01:50:09,213 [f3f9e814-e788-48e2-bdc0-593c71648247@group-9D1FC8B4240E-LeaderElection5] INFO  impl.LeaderElection (LeaderElection.java:askForVotes(323)) - f3f9e814-e788-48e2-bdc0-593c71648247@group-9D1FC8B4240E-LeaderElection5 ELECTION round 0: result PASSED
2023-06-13 01:50:09,213 [f3f9e814-e788-48e2-bdc0-593c71648247@group-9D1FC8B4240E-LeaderElection5] INFO  impl.RoleInfo (RoleInfo.java:shutdownLeaderElection(130)) - f3f9e814-e788-48e2-bdc0-593c71648247: shutdown f3f9e814-e788-48e2-bdc0-593c71648247@group-9D1FC8B4240E-LeaderElection5
2023-06-13 01:50:09,213 [f3f9e814-e788-48e2-bdc0-593c71648247@group-9D1FC8B4240E-LeaderElection5] INFO  server.RaftServer$Division (RaftServerImpl.java:setRole(329)) - f3f9e814-e788-48e2-bdc0-593c71648247@group-9D1FC8B4240E: changes role from CANDIDATE to LEADER at term 1 for changeToLeader
2023-06-13 01:50:09,213 [f3f9e814-e788-48e2-bdc0-593c71648247@group-9D1FC8B4240E-LeaderElection5] INFO  ratis.XceiverServerRatis (XceiverServerRatis.java:handleLeaderChangedNotification(902)) - Leader change notification received for group: group-9D1FC8B4240E with new leaderId: f3f9e814-e788-48e2-bdc0-593c71648247
2023-06-13 01:50:09,214 [f3f9e814-e788-48e2-bdc0-593c71648247@group-9D1FC8B4240E-LeaderElection5] INFO  server.RaftServer$Division (ServerState.java:setLeader(317)) - f3f9e814-e788-48e2-bdc0-593c71648247@group-9D1FC8B4240E: change Leader from null to f3f9e814-e788-48e2-bdc0-593c71648247 at term 1 for becomeLeader, leader elected after 5409ms
2023-06-13 01:50:09,214 [f3f9e814-e788-48e2-bdc0-593c71648247@group-9D1FC8B4240E-LeaderElection5] INFO  server.RaftServerConfigKeys (ConfUtils.java:logGet(46)) - raft.server.staging.catchup.gap = 1000 (default)
2023-06-13 01:50:09,214 [f3f9e814-e788-48e2-bdc0-593c71648247@group-9D1FC8B4240E-LeaderElection5] INFO  server.RaftServerConfigKeys (ConfUtils.java:logGet(46)) - raft.server.write.element-limit = 1024 (custom)
2023-06-13 01:50:09,214 [f3f9e814-e788-48e2-bdc0-593c71648247@group-9D1FC8B4240E-LeaderElection5] INFO  server.RaftServerConfigKeys (ConfUtils.java:logGet(46)) - raft.server.write.byte-limit = 1024 M (=1073741824) (custom)
2023-06-13 01:50:09,214 [f3f9e814-e788-48e2-bdc0-593c71648247@group-9D1FC8B4240E-LeaderElection5] INFO  server.RaftServerConfigKeys (ConfUtils.java:logGet(46)) - raft.server.watch.timeout = 180s (custom)
2023-06-13 01:50:09,214 [f3f9e814-e788-48e2-bdc0-593c71648247@group-9D1FC8B4240E-LeaderElection5] INFO  server.RaftServerConfigKeys (ConfUtils.java:logGet(46)) - raft.server.watch.timeout.denomination = 1s (default)
2023-06-13 01:50:09,214 [f3f9e814-e788-48e2-bdc0-593c71648247@group-9D1FC8B4240E-LeaderElection5] INFO  server.RaftServerConfigKeys (ConfUtils.java:logGet(46)) - raft.server.watch.element-limit = 65536 (default)
2023-06-13 01:50:09,214 [f3f9e814-e788-48e2-bdc0-593c71648247@group-9D1FC8B4240E-LeaderElection5] INFO  server.RaftServerConfigKeys (ConfUtils.java:logGet(46)) - raft.server.write.element-limit = 1024 (custom)
2023-06-13 01:50:09,214 [f3f9e814-e788-48e2-bdc0-593c71648247@group-9D1FC8B4240E-LeaderElection5] INFO  server.RaftServerConfigKeys (ConfUtils.java:logGet(46)) - raft.server.write.follower.gap.ratio.max = -1.0 (default)
2023-06-13 01:50:09,211 [grpc-default-executor-1] INFO  server.RaftServer$Division (RaftServerImpl.java:requestVote(1335)) - 3ffa4cce-b7d6-4a2e-8013-f08ece989394@group-9D1FC8B4240E replies to ELECTION vote request: f3f9e814-e788-48e2-bdc0-593c71648247<-3ffa4cce-b7d6-4a2e-8013-f08ece989394#0:OK-t1. Peer's state: 3ffa4cce-b7d6-4a2e-8013-f08ece989394@group-9D1FC8B4240E:t1, leader=null, voted=f3f9e814-e788-48e2-bdc0-593c71648247, raftlog=Memoized:3ffa4cce-b7d6-4a2e-8013-f08ece989394@group-9D1FC8B4240E-SegmentedRaftLog:OPENED:c-1, conf=-1: peers:[f3f9e814-e788-48e2-bdc0-593c71648247|rpc:10.1.0.18:15023|admin:10.1.0.18:15022|client:10.1.0.18:15021|dataStream:10.1.0.18:15024|priority:1|startupRole:FOLLOWER, 949cbcb3-ffc8-4fb9-988d-3e8d33dd06ba|rpc:10.1.0.18:15014|admin:10.1.0.18:15013|client:10.1.0.18:15012|dataStream:10.1.0.18:15015|priority:0|startupRole:FOLLOWER, 3ffa4cce-b7d6-4a2e-8013-f08ece989394|rpc:10.1.0.18:15032|admin:10.1.0.18:15031|client:10.1.0.18:15030|dataStream:10.1.0.18:15033|priority:0|startupRole:FOLLOWER]|listeners:[], old=null
2023-06-13 01:50:09,210 [grpc-default-executor-2] INFO  server.RaftServer$Division (RaftServerImpl.java:requestVote(1302)) - f3f9e814-e788-48e2-bdc0-593c71648247@group-C31B729B81A5: receive requestVote(PRE_VOTE, 949cbcb3-ffc8-4fb9-988d-3e8d33dd06ba, group-C31B729B81A5, 0, (t:0, i:0))
2023-06-13 01:50:09,217 [grpc-default-executor-2] INFO  impl.VoteContext (VoteContext.java:log(49)) - f3f9e814-e788-48e2-bdc0-593c71648247@group-C31B729B81A5-FOLLOWER: accept PRE_VOTE from 949cbcb3-ffc8-4fb9-988d-3e8d33dd06ba: our priority 0 <= candidate's priority 1
2023-06-13 01:50:09,217 [grpc-default-executor-2] INFO  server.RaftServer$Division (RaftServerImpl.java:requestVote(1335)) - f3f9e814-e788-48e2-bdc0-593c71648247@group-C31B729B81A5 replies to PRE_VOTE vote request: 949cbcb3-ffc8-4fb9-988d-3e8d33dd06ba<-f3f9e814-e788-48e2-bdc0-593c71648247#0:OK-t0. Peer's state: f3f9e814-e788-48e2-bdc0-593c71648247@group-C31B729B81A5:t0, leader=null, voted=, raftlog=Memoized:f3f9e814-e788-48e2-bdc0-593c71648247@group-C31B729B81A5-SegmentedRaftLog:OPENED:c-1, conf=-1: peers:[f3f9e814-e788-48e2-bdc0-593c71648247|rpc:10.1.0.18:15023|admin:10.1.0.18:15022|client:10.1.0.18:15021|dataStream:10.1.0.18:15024|priority:0|startupRole:FOLLOWER, 949cbcb3-ffc8-4fb9-988d-3e8d33dd06ba|rpc:10.1.0.18:15014|admin:10.1.0.18:15013|client:10.1.0.18:15012|dataStream:10.1.0.18:15015|priority:1|startupRole:FOLLOWER, 3ffa4cce-b7d6-4a2e-8013-f08ece989394|rpc:10.1.0.18:15032|admin:10.1.0.18:15031|client:10.1.0.18:15030|dataStream:10.1.0.18:15033|priority:0|startupRole:FOLLOWER]|listeners:[], old=null
2023-06-13 01:50:09,210 [grpc-default-executor-0] INFO  server.RaftServer$Division (RaftServerImpl.java:requestVote(1302)) - 3ffa4cce-b7d6-4a2e-8013-f08ece989394@group-C31B729B81A5: receive requestVote(PRE_VOTE, 949cbcb3-ffc8-4fb9-988d-3e8d33dd06ba, group-C31B729B81A5, 0, (t:0, i:0))
2023-06-13 01:50:09,220 [grpc-default-executor-0] INFO  impl.VoteContext (VoteContext.java:log(49)) - 3ffa4cce-b7d6-4a2e-8013-f08ece989394@group-C31B729B81A5-CANDIDATE: accept PRE_VOTE from 949cbcb3-ffc8-4fb9-988d-3e8d33dd06ba: our priority 0 <= candidate's priority 1
2023-06-13 01:50:09,220 [grpc-default-executor-0] INFO  server.RaftServer$Division (RaftServerImpl.java:requestVote(1335)) - 3ffa4cce-b7d6-4a2e-8013-f08ece989394@group-C31B729B81A5 replies to PRE_VOTE vote request: 949cbcb3-ffc8-4fb9-988d-3e8d33dd06ba<-3ffa4cce-b7d6-4a2e-8013-f08ece989394#0:OK-t0. Peer's state: 3ffa4cce-b7d6-4a2e-8013-f08ece989394@group-C31B729B81A5:t0, leader=null, voted=, raftlog=Memoized:3ffa4cce-b7d6-4a2e-8013-f08ece989394@group-C31B729B81A5-SegmentedRaftLog:OPENED:c-1, conf=-1: peers:[f3f9e814-e788-48e2-bdc0-593c71648247|rpc:10.1.0.18:15023|admin:10.1.0.18:15022|client:10.1.0.18:15021|dataStream:10.1.0.18:15024|priority:0|startupRole:FOLLOWER, 949cbcb3-ffc8-4fb9-988d-3e8d33dd06ba|rpc:10.1.0.18:15014|admin:10.1.0.18:15013|client:10.1.0.18:15012|dataStream:10.1.0.18:15015|priority:1|startupRole:FOLLOWER, 3ffa4cce-b7d6-4a2e-8013-f08ece989394|rpc:10.1.0.18:15032|admin:10.1.0.18:15031|client:10.1.0.18:15030|dataStream:10.1.0.18:15033|priority:0|startupRole:FOLLOWER]|listeners:[], old=null
2023-06-13 01:50:09,221 [EventQueue-PipelineReportForPipelineReportHandler] INFO  pipeline.PipelineManagerImpl (PipelineManagerImpl.java:openPipeline(367)) - Pipeline Pipeline[ Id: b36d0372-f5f7-44a1-bd20-9d1fc8b4240e, Nodes: 3ffa4cce-b7d6-4a2e-8013-f08ece989394(fv-az670-278.vvj1krob40nuzn3jnzu5queufe.phxx.internal.cloudapp.net/10.1.0.18)949cbcb3-ffc8-4fb9-988d-3e8d33dd06ba(fv-az670-278.vvj1krob40nuzn3jnzu5queufe.phxx.internal.cloudapp.net/10.1.0.18)f3f9e814-e788-48e2-bdc0-593c71648247(fv-az670-278.vvj1krob40nuzn3jnzu5queufe.phxx.internal.cloudapp.net/10.1.0.18), ReplicationConfig: RATIS/THREE, State:ALLOCATED, leaderId:f3f9e814-e788-48e2-bdc0-593c71648247, CreationTimestamp2023-06-13T01:50:01.085Z[Etc/UTC]] moved to OPEN state
2023-06-13 01:50:09,221 [949cbcb3-ffc8-4fb9-988d-3e8d33dd06ba@group-C31B729B81A5-LeaderElection7] INFO  impl.LeaderElection (LeaderElection.java:logAndReturn(90)) - 949cbcb3-ffc8-4fb9-988d-3e8d33dd06ba@group-C31B729B81A5-LeaderElection7: PRE_VOTE PASSED received 1 response(s) and 0 exception(s):
2023-06-13 01:50:09,221 [EventQueue-OpenPipelineForHealthyPipelineSafeModeRule] INFO  safemode.SCMSafeModeManager (HealthyPipelineSafeModeRule.java:process(137)) - SCM in safe mode. Healthy pipelines reported count is 0, required healthy pipeline reported count is 1
2023-06-13 01:50:09,225 [949cbcb3-ffc8-4fb9-988d-3e8d33dd06ba@group-C31B729B81A5-LeaderElection7] INFO  impl.LeaderElection (LeaderElection.java:logAndReturn(94)) -   Response 0: 949cbcb3-ffc8-4fb9-988d-3e8d33dd06ba<-f3f9e814-e788-48e2-bdc0-593c71648247#0:OK-t0
2023-06-13 01:50:09,229 [EventQueue-OpenPipelineForHealthyPipelineSafeModeRule] INFO  safemode.SCMSafeModeManager (HealthyPipelineSafeModeRule.java:process(137)) - SCM in safe mode. Healthy pipelines reported count is 1, required healthy pipeline reported count is 1
2023-06-13 01:50:09,229 [949cbcb3-ffc8-4fb9-988d-3e8d33dd06ba@group-C31B729B81A5-LeaderElection7] INFO  impl.LeaderElection (LeaderElection.java:askForVotes(323)) - 949cbcb3-ffc8-4fb9-988d-3e8d33dd06ba@group-C31B729B81A5-LeaderElection7 PRE_VOTE round 0: result PASSED
2023-06-13 01:50:09,229 [EventQueue-OpenPipelineForHealthyPipelineSafeModeRule] INFO  safemode.SCMSafeModeManager (SCMSafeModeManager.java:validateSafeModeExitRules(200)) - HealthyPipelineSafeModeRule rule is successfully validated
2023-06-13 01:50:09,229 [EventQueue-OpenPipelineForHealthyPipelineSafeModeRule] INFO  safemode.SCMSafeModeManager (SCMSafeModeManager.java:validateSafeModeExitRules(215)) - ScmSafeModeManager, all rules are successfully validated
2023-06-13 01:50:09,229 [EventQueue-OpenPipelineForHealthyPipelineSafeModeRule] INFO  safemode.SCMSafeModeManager (SCMSafeModeManager.java:exitSafeMode(244)) - SCM exiting safe mode.
2023-06-13 01:50:09,229 [EventQueue-OpenPipelineForHealthyPipelineSafeModeRule] INFO  ha.SCMContext (SCMContext.java:updateSafeModeStatus(228)) - Update SafeModeStatus from SafeModeStatus{safeModeStatus=true, preCheckPassed=true} to SafeModeStatus{safeModeStatus=false, preCheckPassed=true}.
2023-06-13 01:50:09,229 [EventQueue-OpenPipelineForHealthyPipelineSafeModeRule] INFO  pipeline.BackgroundPipelineCreator (BackgroundPipelineCreator.java:notifyStatusChanged(254)) - Service BackgroundPipelineCreator transitions to RUNNING.
2023-06-13 01:50:09,229 [EventQueue-OpenPipelineForHealthyPipelineSafeModeRule] INFO  BackgroundPipelineScrubber (BackgroundSCMService.java:notifyStatusChanged(82)) - Service BackgroundPipelineScrubber transitions to RUNNING.
2023-06-13 01:50:09,230 [EventQueue-OpenPipelineForHealthyPipelineSafeModeRule] INFO  ExpiredContainerReplicaOpScrubber (BackgroundSCMService.java:notifyStatusChanged(82)) - Service ExpiredContainerReplicaOpScrubber transitions to RUNNING.
2023-06-13 01:50:09,230 [EventQueue-OpenPipelineForHealthyPipelineSafeModeRule] INFO  replication.ReplicationManager (ReplicationManager.java:notifyStatusChanged(1373)) - Service ReplicationManager transitions to RUNNING.
2023-06-13 01:50:09,231 [949cbcb3-ffc8-4fb9-988d-3e8d33dd06ba@group-C31B729B81A5-LeaderElection7] INFO  impl.LeaderElection (LeaderElection.java:askForVotes(321)) - 949cbcb3-ffc8-4fb9-988d-3e8d33dd06ba@group-C31B729B81A5-LeaderElection7 ELECTION round 0: submit vote requests at term 1 for -1: peers:[f3f9e814-e788-48e2-bdc0-593c71648247|rpc:10.1.0.18:15023|admin:10.1.0.18:15022|client:10.1.0.18:15021|dataStream:10.1.0.18:15024|priority:0|startupRole:FOLLOWER, 949cbcb3-ffc8-4fb9-988d-3e8d33dd06ba|rpc:10.1.0.18:15014|admin:10.1.0.18:15013|client:10.1.0.18:15012|dataStream:10.1.0.18:15015|priority:1|startupRole:FOLLOWER, 3ffa4cce-b7d6-4a2e-8013-f08ece989394|rpc:10.1.0.18:15032|admin:10.1.0.18:15031|client:10.1.0.18:15030|dataStream:10.1.0.18:15033|priority:0|startupRole:FOLLOWER]|listeners:[], old=null
2023-06-13 01:50:09,231 [f3f9e814-e788-48e2-bdc0-593c71648247@group-C31B729B81A5-FollowerState] INFO  server.RaftServerConfigKeys (ConfUtils.java:logFallback(53)) - raft.server.rpc.first-election.timeout.min = 5s (fallback to raft.server.rpc.timeout.min)
2023-06-13 01:50:09,232 [f3f9e814-e788-48e2-bdc0-593c71648247@group-C31B729B81A5-FollowerState] INFO  server.RaftServerConfigKeys (ConfUtils.java:logFallback(53)) - raft.server.rpc.first-election.timeout.max = 5200ms (fallback to raft.server.rpc.timeout.max)
2023-06-13 01:50:09,234 [EventQueue-OpenPipelineForHealthyPipelineSafeModeRule] WARN  balancer.ContainerBalancer (ContainerBalancer.java:shouldRun(135)) - Could not find persisted configuration for ContainerBalancer when checking if ContainerBalancer should run. ContainerBalancer should not run now.
2023-06-13 01:50:09,237 [grpc-default-executor-0] INFO  server.RaftServer$Division (RaftServerImpl.java:requestVote(1302)) - f3f9e814-e788-48e2-bdc0-593c71648247@group-C31B729B81A5: receive requestVote(PRE_VOTE, 3ffa4cce-b7d6-4a2e-8013-f08ece989394, group-C31B729B81A5, 0, (t:0, i:0))
2023-06-13 01:50:09,239 [f3f9e814-e788-48e2-bdc0-593c71648247@group-9D1FC8B4240E-LeaderElection5] INFO  server.RaftServerConfigKeys (ConfUtils.java:logGet(46)) - raft.server.log.appender.snapshot.chunk.size.max = 16MB (=16777216) (default)
2023-06-13 01:50:09,239 [f3f9e814-e788-48e2-bdc0-593c71648247@group-9D1FC8B4240E-LeaderElection5] INFO  server.RaftServerConfigKeys (ConfUtils.java:logGet(46)) - raft.server.log.appender.buffer.byte-limit = 33554432 (custom)
2023-06-13 01:50:09,240 [f3f9e814-e788-48e2-bdc0-593c71648247@group-9D1FC8B4240E-LeaderElection5] INFO  server.RaftServerConfigKeys (ConfUtils.java:logGet(46)) - raft.server.log.appender.buffer.element-limit = 1 (custom)
2023-06-13 01:50:09,240 [949cbcb3-ffc8-4fb9-988d-3e8d33dd06ba@group-C31B729B81A5-LeaderElection7] INFO  server.RaftServerConfigKeys (ConfUtils.java:logFallback(53)) - raft.server.rpc.first-election.timeout.min = 5s (fallback to raft.server.rpc.timeout.min)
2023-06-13 01:50:09,241 [949cbcb3-ffc8-4fb9-988d-3e8d33dd06ba@group-C31B729B81A5-LeaderElection7] INFO  server.RaftServerConfigKeys (ConfUtils.java:logFallback(53)) - raft.server.rpc.first-election.timeout.max = 5200ms (fallback to raft.server.rpc.timeout.max)
2023-06-13 01:50:09,241 [grpc-default-executor-0] INFO  impl.VoteContext (VoteContext.java:log(49)) - f3f9e814-e788-48e2-bdc0-593c71648247@group-C31B729B81A5-FOLLOWER: accept PRE_VOTE from 3ffa4cce-b7d6-4a2e-8013-f08ece989394: our priority 0 <= candidate's priority 0
2023-06-13 01:50:09,241 [grpc-default-executor-0] INFO  server.RaftServer$Division (RaftServerImpl.java:requestVote(1335)) - f3f9e814-e788-48e2-bdc0-593c71648247@group-C31B729B81A5 replies to PRE_VOTE vote request: 3ffa4cce-b7d6-4a2e-8013-f08ece989394<-f3f9e814-e788-48e2-bdc0-593c71648247#0:OK-t0. Peer's state: f3f9e814-e788-48e2-bdc0-593c71648247@group-C31B729B81A5:t0, leader=null, voted=, raftlog=Memoized:f3f9e814-e788-48e2-bdc0-593c71648247@group-C31B729B81A5-SegmentedRaftLog:OPENED:c-1, conf=-1: peers:[f3f9e814-e788-48e2-bdc0-593c71648247|rpc:10.1.0.18:15023|admin:10.1.0.18:15022|client:10.1.0.18:15021|dataStream:10.1.0.18:15024|priority:0|startupRole:FOLLOWER, 949cbcb3-ffc8-4fb9-988d-3e8d33dd06ba|rpc:10.1.0.18:15014|admin:10.1.0.18:15013|client:10.1.0.18:15012|dataStream:10.1.0.18:15015|priority:1|startupRole:FOLLOWER, 3ffa4cce-b7d6-4a2e-8013-f08ece989394|rpc:10.1.0.18:15032|admin:10.1.0.18:15031|client:10.1.0.18:15030|dataStream:10.1.0.18:15033|priority:0|startupRole:FOLLOWER]|listeners:[], old=null
2023-06-13 01:50:09,246 [grpc-default-executor-0] INFO  server.RaftServer$Division (RaftServerImpl.java:requestVote(1302)) - f3f9e814-e788-48e2-bdc0-593c71648247@group-C31B729B81A5: receive requestVote(ELECTION, 949cbcb3-ffc8-4fb9-988d-3e8d33dd06ba, group-C31B729B81A5, 1, (t:0, i:0))
2023-06-13 01:50:09,247 [grpc-default-executor-0] INFO  impl.VoteContext (VoteContext.java:log(49)) - f3f9e814-e788-48e2-bdc0-593c71648247@group-C31B729B81A5-FOLLOWER: accept ELECTION from 949cbcb3-ffc8-4fb9-988d-3e8d33dd06ba: our priority 0 <= candidate's priority 1
2023-06-13 01:50:09,247 [grpc-default-executor-0] INFO  server.RaftServer$Division (RaftServerImpl.java:setRole(329)) - f3f9e814-e788-48e2-bdc0-593c71648247@group-C31B729B81A5: changes role from  FOLLOWER to FOLLOWER at term 1 for candidate:949cbcb3-ffc8-4fb9-988d-3e8d33dd06ba
2023-06-13 01:50:09,247 [grpc-default-executor-0] INFO  impl.RoleInfo (RoleInfo.java:shutdownFollowerState(110)) - f3f9e814-e788-48e2-bdc0-593c71648247: shutdown f3f9e814-e788-48e2-bdc0-593c71648247@group-C31B729B81A5-FollowerState
2023-06-13 01:50:09,247 [grpc-default-executor-0] INFO  impl.RoleInfo (RoleInfo.java:updateAndGet(139)) - f3f9e814-e788-48e2-bdc0-593c71648247: start f3f9e814-e788-48e2-bdc0-593c71648247@group-C31B729B81A5-FollowerState
2023-06-13 01:50:09,247 [f3f9e814-e788-48e2-bdc0-593c71648247@group-C31B729B81A5-FollowerState] INFO  impl.FollowerState (FollowerState.java:run(152)) - f3f9e814-e788-48e2-bdc0-593c71648247@group-C31B729B81A5-FollowerState was interrupted
2023-06-13 01:50:09,253 [grpc-default-executor-2] INFO  server.RaftServer$Division (RaftServerImpl.java:requestVote(1302)) - 949cbcb3-ffc8-4fb9-988d-3e8d33dd06ba@group-C31B729B81A5: receive requestVote(PRE_VOTE, 3ffa4cce-b7d6-4a2e-8013-f08ece989394, group-C31B729B81A5, 0, (t:0, i:0))
2023-06-13 01:50:09,253 [grpc-default-executor-2] INFO  impl.VoteContext (VoteContext.java:log(49)) - 949cbcb3-ffc8-4fb9-988d-3e8d33dd06ba@group-C31B729B81A5-CANDIDATE: reject PRE_VOTE from 3ffa4cce-b7d6-4a2e-8013-f08ece989394: our priority 1 > candidate's priority 0
2023-06-13 01:50:09,254 [grpc-default-executor-2] INFO  server.RaftServer$Division (RaftServerImpl.java:requestVote(1335)) - 949cbcb3-ffc8-4fb9-988d-3e8d33dd06ba@group-C31B729B81A5 replies to PRE_VOTE vote request: 3ffa4cce-b7d6-4a2e-8013-f08ece989394<-949cbcb3-ffc8-4fb9-988d-3e8d33dd06ba#0:FAIL-t1. Peer's state: 949cbcb3-ffc8-4fb9-988d-3e8d33dd06ba@group-C31B729B81A5:t1, leader=null, voted=949cbcb3-ffc8-4fb9-988d-3e8d33dd06ba, raftlog=Memoized:949cbcb3-ffc8-4fb9-988d-3e8d33dd06ba@group-C31B729B81A5-SegmentedRaftLog:OPENED:c-1, conf=-1: peers:[f3f9e814-e788-48e2-bdc0-593c71648247|rpc:10.1.0.18:15023|admin:10.1.0.18:15022|client:10.1.0.18:15021|dataStream:10.1.0.18:15024|priority:0|startupRole:FOLLOWER, 949cbcb3-ffc8-4fb9-988d-3e8d33dd06ba|rpc:10.1.0.18:15014|admin:10.1.0.18:15013|client:10.1.0.18:15012|dataStream:10.1.0.18:15015|priority:1|startupRole:FOLLOWER, 3ffa4cce-b7d6-4a2e-8013-f08ece989394|rpc:10.1.0.18:15032|admin:10.1.0.18:15031|client:10.1.0.18:15030|dataStream:10.1.0.18:15033|priority:0|startupRole:FOLLOWER]|listeners:[], old=null
2023-06-13 01:50:09,249 [grpc-default-executor-0] INFO  server.RaftServer$Division (RaftServerImpl.java:requestVote(1335)) - f3f9e814-e788-48e2-bdc0-593c71648247@group-C31B729B81A5 replies to ELECTION vote request: 949cbcb3-ffc8-4fb9-988d-3e8d33dd06ba<-f3f9e814-e788-48e2-bdc0-593c71648247#0:OK-t1. Peer's state: f3f9e814-e788-48e2-bdc0-593c71648247@group-C31B729B81A5:t1, leader=null, voted=949cbcb3-ffc8-4fb9-988d-3e8d33dd06ba, raftlog=Memoized:f3f9e814-e788-48e2-bdc0-593c71648247@group-C31B729B81A5-SegmentedRaftLog:OPENED:c-1, conf=-1: peers:[f3f9e814-e788-48e2-bdc0-593c71648247|rpc:10.1.0.18:15023|admin:10.1.0.18:15022|client:10.1.0.18:15021|dataStream:10.1.0.18:15024|priority:0|startupRole:FOLLOWER, 949cbcb3-ffc8-4fb9-988d-3e8d33dd06ba|rpc:10.1.0.18:15014|admin:10.1.0.18:15013|client:10.1.0.18:15012|dataStream:10.1.0.18:15015|priority:1|startupRole:FOLLOWER, 3ffa4cce-b7d6-4a2e-8013-f08ece989394|rpc:10.1.0.18:15032|admin:10.1.0.18:15031|client:10.1.0.18:15030|dataStream:10.1.0.18:15033|priority:0|startupRole:FOLLOWER]|listeners:[], old=null
2023-06-13 01:50:09,248 [grpc-default-executor-5] INFO  server.RaftServer$Division (RaftServerImpl.java:requestVote(1302)) - 3ffa4cce-b7d6-4a2e-8013-f08ece989394@group-C31B729B81A5: receive requestVote(ELECTION, 949cbcb3-ffc8-4fb9-988d-3e8d33dd06ba, group-C31B729B81A5, 1, (t:0, i:0))
2023-06-13 01:50:09,256 [grpc-default-executor-5] INFO  impl.VoteContext (VoteContext.java:log(49)) - 3ffa4cce-b7d6-4a2e-8013-f08ece989394@group-C31B729B81A5-CANDIDATE: accept ELECTION from 949cbcb3-ffc8-4fb9-988d-3e8d33dd06ba: our priority 0 <= candidate's priority 1
2023-06-13 01:50:09,256 [grpc-default-executor-5] INFO  server.RaftServer$Division (RaftServerImpl.java:setRole(329)) - 3ffa4cce-b7d6-4a2e-8013-f08ece989394@group-C31B729B81A5: changes role from CANDIDATE to FOLLOWER at term 1 for candidate:949cbcb3-ffc8-4fb9-988d-3e8d33dd06ba
2023-06-13 01:50:09,256 [grpc-default-executor-5] INFO  impl.RoleInfo (RoleInfo.java:shutdownLeaderElection(130)) - 3ffa4cce-b7d6-4a2e-8013-f08ece989394: shutdown 3ffa4cce-b7d6-4a2e-8013-f08ece989394@group-C31B729B81A5-LeaderElection6
2023-06-13 01:50:09,256 [grpc-default-executor-5] INFO  impl.RoleInfo (RoleInfo.java:updateAndGet(139)) - 3ffa4cce-b7d6-4a2e-8013-f08ece989394: start 3ffa4cce-b7d6-4a2e-8013-f08ece989394@group-C31B729B81A5-FollowerState
2023-06-13 01:50:09,256 [949cbcb3-ffc8-4fb9-988d-3e8d33dd06ba@group-C31B729B81A5-LeaderElection7] INFO  impl.LeaderElection (LeaderElection.java:logAndReturn(90)) - 949cbcb3-ffc8-4fb9-988d-3e8d33dd06ba@group-C31B729B81A5-LeaderElection7: ELECTION PASSED received 1 response(s) and 0 exception(s):
2023-06-13 01:50:09,256 [3ffa4cce-b7d6-4a2e-8013-f08ece989394@group-C31B729B81A5-LeaderElection6] INFO  impl.LeaderElection (LeaderElection.java:logAndReturn(90)) - 3ffa4cce-b7d6-4a2e-8013-f08ece989394@group-C31B729B81A5-LeaderElection6: PRE_VOTE DISCOVERED_A_NEW_TERM (term=1) received 2 response(s) and 0 exception(s):
2023-06-13 01:50:09,257 [3ffa4cce-b7d6-4a2e-8013-f08ece989394@group-C31B729B81A5-LeaderElection6] INFO  impl.LeaderElection (LeaderElection.java:logAndReturn(94)) -   Response 0: 3ffa4cce-b7d6-4a2e-8013-f08ece989394<-f3f9e814-e788-48e2-bdc0-593c71648247#0:OK-t0
2023-06-13 01:50:09,257 [3ffa4cce-b7d6-4a2e-8013-f08ece989394@group-C31B729B81A5-LeaderElection6] INFO  impl.LeaderElection (LeaderElection.java:logAndReturn(94)) -   Response 1: 3ffa4cce-b7d6-4a2e-8013-f08ece989394<-949cbcb3-ffc8-4fb9-988d-3e8d33dd06ba#0:FAIL-t1
2023-06-13 01:50:09,257 [3ffa4cce-b7d6-4a2e-8013-f08ece989394@group-C31B729B81A5-LeaderElection6] INFO  impl.LeaderElection (LeaderElection.java:askForVotes(323)) - 3ffa4cce-b7d6-4a2e-8013-f08ece989394@group-C31B729B81A5-LeaderElection6 PRE_VOTE round 0: result DISCOVERED_A_NEW_TERM (term=1)
2023-06-13 01:50:09,257 [949cbcb3-ffc8-4fb9-988d-3e8d33dd06ba@group-C31B729B81A5-LeaderElection7] INFO  impl.LeaderElection (LeaderElection.java:logAndReturn(94)) -   Response 0: 949cbcb3-ffc8-4fb9-988d-3e8d33dd06ba<-f3f9e814-e788-48e2-bdc0-593c71648247#0:OK-t1
2023-06-13 01:50:09,257 [949cbcb3-ffc8-4fb9-988d-3e8d33dd06ba@group-C31B729B81A5-LeaderElection7] INFO  impl.LeaderElection (LeaderElection.java:askForVotes(323)) - 949cbcb3-ffc8-4fb9-988d-3e8d33dd06ba@group-C31B729B81A5-LeaderElection7 ELECTION round 0: result PASSED
2023-06-13 01:50:09,257 [949cbcb3-ffc8-4fb9-988d-3e8d33dd06ba@group-C31B729B81A5-LeaderElection7] INFO  impl.RoleInfo (RoleInfo.java:shutdownLeaderElection(130)) - 949cbcb3-ffc8-4fb9-988d-3e8d33dd06ba: shutdown 949cbcb3-ffc8-4fb9-988d-3e8d33dd06ba@group-C31B729B81A5-LeaderElection7
2023-06-13 01:50:09,257 [949cbcb3-ffc8-4fb9-988d-3e8d33dd06ba@group-C31B729B81A5-LeaderElection7] INFO  server.RaftServer$Division (RaftServerImpl.java:setRole(329)) - 949cbcb3-ffc8-4fb9-988d-3e8d33dd06ba@group-C31B729B81A5: changes role from CANDIDATE to LEADER at term 1 for changeToLeader
2023-06-13 01:50:09,257 [949cbcb3-ffc8-4fb9-988d-3e8d33dd06ba@group-C31B729B81A5-LeaderElection7] INFO  ratis.XceiverServerRatis (XceiverServerRatis.java:handleLeaderChangedNotification(902)) - Leader change notification received for group: group-C31B729B81A5 with new leaderId: 949cbcb3-ffc8-4fb9-988d-3e8d33dd06ba
2023-06-13 01:50:09,258 [949cbcb3-ffc8-4fb9-988d-3e8d33dd06ba@group-C31B729B81A5-LeaderElection7] INFO  server.RaftServer$Division (ServerState.java:setLeader(317)) - 949cbcb3-ffc8-4fb9-988d-3e8d33dd06ba@group-C31B729B81A5: change Leader from null to 949cbcb3-ffc8-4fb9-988d-3e8d33dd06ba at term 1 for becomeLeader, leader elected after 5214ms
2023-06-13 01:50:09,258 [949cbcb3-ffc8-4fb9-988d-3e8d33dd06ba@group-C31B729B81A5-LeaderElection7] INFO  server.RaftServerConfigKeys (ConfUtils.java:logGet(46)) - raft.server.staging.catchup.gap = 1000 (default)
2023-06-13 01:50:09,258 [949cbcb3-ffc8-4fb9-988d-3e8d33dd06ba@group-C31B729B81A5-LeaderElection7] INFO  server.RaftServerConfigKeys (ConfUtils.java:logGet(46)) - raft.server.write.element-limit = 1024 (custom)
2023-06-13 01:50:09,258 [949cbcb3-ffc8-4fb9-988d-3e8d33dd06ba@group-C31B729B81A5-LeaderElection7] INFO  server.RaftServerConfigKeys (ConfUtils.java:logGet(46)) - raft.server.write.byte-limit = 1024 M (=1073741824) (custom)
2023-06-13 01:50:09,258 [949cbcb3-ffc8-4fb9-988d-3e8d33dd06ba@group-C31B729B81A5-LeaderElection7] INFO  server.RaftServerConfigKeys (ConfUtils.java:logGet(46)) - raft.server.watch.timeout = 180s (custom)
2023-06-13 01:50:09,258 [949cbcb3-ffc8-4fb9-988d-3e8d33dd06ba@group-C31B729B81A5-LeaderElection7] INFO  server.RaftServerConfigKeys (ConfUtils.java:logGet(46)) - raft.server.watch.timeout.denomination = 1s (default)
2023-06-13 01:50:09,258 [949cbcb3-ffc8-4fb9-988d-3e8d33dd06ba@group-C31B729B81A5-LeaderElection7] INFO  server.RaftServerConfigKeys (ConfUtils.java:logGet(46)) - raft.server.watch.element-limit = 65536 (default)
2023-06-13 01:50:09,258 [949cbcb3-ffc8-4fb9-988d-3e8d33dd06ba@group-C31B729B81A5-LeaderElection7] INFO  server.RaftServerConfigKeys (ConfUtils.java:logGet(46)) - raft.server.write.element-limit = 1024 (custom)
2023-06-13 01:50:09,258 [949cbcb3-ffc8-4fb9-988d-3e8d33dd06ba@group-C31B729B81A5-LeaderElection7] INFO  server.RaftServerConfigKeys (ConfUtils.java:logGet(46)) - raft.server.write.follower.gap.ratio.max = -1.0 (default)
2023-06-13 01:50:09,259 [949cbcb3-ffc8-4fb9-988d-3e8d33dd06ba@group-C31B729B81A5-LeaderElection7] INFO  server.RaftServerConfigKeys (ConfUtils.java:logGet(46)) - raft.server.log.appender.snapshot.chunk.size.max = 16MB (=16777216) (default)
2023-06-13 01:50:09,259 [949cbcb3-ffc8-4fb9-988d-3e8d33dd06ba@group-C31B729B81A5-LeaderElection7] INFO  server.RaftServerConfigKeys (ConfUtils.java:logGet(46)) - raft.server.log.appender.buffer.byte-limit = 33554432 (custom)
2023-06-13 01:50:09,259 [949cbcb3-ffc8-4fb9-988d-3e8d33dd06ba@group-C31B729B81A5-LeaderElection7] INFO  server.RaftServerConfigKeys (ConfUtils.java:logGet(46)) - raft.server.log.appender.buffer.element-limit = 1 (custom)
2023-06-13 01:50:09,261 [EventQueue-PipelineReportForPipelineReportHandler] INFO  pipeline.PipelineManagerImpl (PipelineManagerImpl.java:openPipeline(367)) - Pipeline Pipeline[ Id: 02835971-0f79-4a2e-8078-c31b729b81a5, Nodes: 3ffa4cce-b7d6-4a2e-8013-f08ece989394(fv-az670-278.vvj1krob40nuzn3jnzu5queufe.phxx.internal.cloudapp.net/10.1.0.18)949cbcb3-ffc8-4fb9-988d-3e8d33dd06ba(fv-az670-278.vvj1krob40nuzn3jnzu5queufe.phxx.internal.cloudapp.net/10.1.0.18)f3f9e814-e788-48e2-bdc0-593c71648247(fv-az670-278.vvj1krob40nuzn3jnzu5queufe.phxx.internal.cloudapp.net/10.1.0.18), ReplicationConfig: RATIS/THREE, State:ALLOCATED, leaderId:949cbcb3-ffc8-4fb9-988d-3e8d33dd06ba, CreationTimestamp2023-06-13T01:50:01.088Z[Etc/UTC]] moved to OPEN state
2023-06-13 01:50:09,261 [grpc-default-executor-5] INFO  server.RaftServer$Division (RaftServerImpl.java:requestVote(1335)) - 3ffa4cce-b7d6-4a2e-8013-f08ece989394@group-C31B729B81A5 replies to ELECTION vote request: 949cbcb3-ffc8-4fb9-988d-3e8d33dd06ba<-3ffa4cce-b7d6-4a2e-8013-f08ece989394#0:OK-t1. Peer's state: 3ffa4cce-b7d6-4a2e-8013-f08ece989394@group-C31B729B81A5:t1, leader=null, voted=949cbcb3-ffc8-4fb9-988d-3e8d33dd06ba, raftlog=Memoized:3ffa4cce-b7d6-4a2e-8013-f08ece989394@group-C31B729B81A5-SegmentedRaftLog:OPENED:c-1, conf=-1: peers:[f3f9e814-e788-48e2-bdc0-593c71648247|rpc:10.1.0.18:15023|admin:10.1.0.18:15022|client:10.1.0.18:15021|dataStream:10.1.0.18:15024|priority:0|startupRole:FOLLOWER, 949cbcb3-ffc8-4fb9-988d-3e8d33dd06ba|rpc:10.1.0.18:15014|admin:10.1.0.18:15013|client:10.1.0.18:15012|dataStream:10.1.0.18:15015|priority:1|startupRole:FOLLOWER, 3ffa4cce-b7d6-4a2e-8013-f08ece989394|rpc:10.1.0.18:15032|admin:10.1.0.18:15031|client:10.1.0.18:15030|dataStream:10.1.0.18:15033|priority:0|startupRole:FOLLOWER]|listeners:[], old=null
2023-06-13 01:50:09,266 [949cbcb3-ffc8-4fb9-988d-3e8d33dd06ba@group-C31B729B81A5-LeaderElection7] INFO  server.RaftServerConfigKeys (ConfUtils.java:logGet(46)) - raft.server.log.appender.wait-time.min = 10ms (default)
2023-06-13 01:50:09,266 [f3f9e814-e788-48e2-bdc0-593c71648247@group-9D1FC8B4240E-LeaderElection5] INFO  server.RaftServerConfigKeys (ConfUtils.java:logGet(46)) - raft.server.log.appender.wait-time.min = 10ms (default)
2023-06-13 01:50:09,268 [949cbcb3-ffc8-4fb9-988d-3e8d33dd06ba@group-C31B729B81A5-LeaderElection7] INFO  grpc.GrpcConfigKeys (ConfUtils.java:logGet(46)) - raft.grpc.server.leader.outstanding.appends.max = 128 (default)
2023-06-13 01:50:09,268 [f3f9e814-e788-48e2-bdc0-593c71648247@group-9D1FC8B4240E-LeaderElection5] INFO  grpc.GrpcConfigKeys (ConfUtils.java:logGet(46)) - raft.grpc.server.leader.outstanding.appends.max = 128 (default)
2023-06-13 01:50:09,268 [949cbcb3-ffc8-4fb9-988d-3e8d33dd06ba@group-C31B729B81A5-LeaderElection7] INFO  server.RaftServerConfigKeys (ConfUtils.java:logGet(46)) - raft.server.rpc.request.timeout = 60s (custom)
2023-06-13 01:50:09,268 [f3f9e814-e788-48e2-bdc0-593c71648247@group-9D1FC8B4240E-LeaderElection5] INFO  server.RaftServerConfigKeys (ConfUtils.java:logGet(46)) - raft.server.rpc.request.timeout = 60s (custom)
2023-06-13 01:50:09,268 [949cbcb3-ffc8-4fb9-988d-3e8d33dd06ba@group-C31B729B81A5-LeaderElection7] INFO  grpc.GrpcConfigKeys (ConfUtils.java:logGet(46)) - raft.grpc.server.install_snapshot.request.element-limit = 8 (default)
2023-06-13 01:50:09,268 [f3f9e814-e788-48e2-bdc0-593c71648247@group-9D1FC8B4240E-LeaderElection5] INFO  grpc.GrpcConfigKeys (ConfUtils.java:logGet(46)) - raft.grpc.server.install_snapshot.request.element-limit = 8 (default)
2023-06-13 01:50:09,269 [f3f9e814-e788-48e2-bdc0-593c71648247@group-9D1FC8B4240E-LeaderElection5] INFO  grpc.GrpcConfigKeys (ConfUtils.java:logGet(46)) - raft.grpc.server.install_snapshot.request.timeout = 3000ms (default)
2023-06-13 01:50:09,269 [949cbcb3-ffc8-4fb9-988d-3e8d33dd06ba@group-C31B729B81A5-LeaderElection7] INFO  grpc.GrpcConfigKeys (ConfUtils.java:logGet(46)) - raft.grpc.server.install_snapshot.request.timeout = 3000ms (default)
2023-06-13 01:50:09,269 [f3f9e814-e788-48e2-bdc0-593c71648247@group-9D1FC8B4240E-LeaderElection5] INFO  server.RaftServerConfigKeys (ConfUtils.java:logGet(46)) - raft.server.log.appender.install.snapshot.enabled = false (custom)
2023-06-13 01:50:09,269 [949cbcb3-ffc8-4fb9-988d-3e8d33dd06ba@group-C31B729B81A5-LeaderElection7] INFO  server.RaftServerConfigKeys (ConfUtils.java:logGet(46)) - raft.server.log.appender.install.snapshot.enabled = false (custom)
2023-06-13 01:50:09,269 [f3f9e814-e788-48e2-bdc0-593c71648247@group-9D1FC8B4240E-LeaderElection5] INFO  grpc.GrpcConfigKeys (ConfUtils.java:logGet(46)) - raft.grpc.server.heartbeat.channel = true (default)
2023-06-13 01:50:09,269 [949cbcb3-ffc8-4fb9-988d-3e8d33dd06ba@group-C31B729B81A5-LeaderElection7] INFO  grpc.GrpcConfigKeys (ConfUtils.java:logGet(46)) - raft.grpc.server.heartbeat.channel = true (default)
2023-06-13 01:50:09,272 [f3f9e814-e788-48e2-bdc0-593c71648247@group-9D1FC8B4240E-LeaderElection5] INFO  server.RaftServerConfigKeys (ConfUtils.java:logGet(46)) - raft.server.log.appender.snapshot.chunk.size.max = 16MB (=16777216) (default)
2023-06-13 01:50:09,272 [f3f9e814-e788-48e2-bdc0-593c71648247@group-9D1FC8B4240E-LeaderElection5] INFO  server.RaftServerConfigKeys (ConfUtils.java:logGet(46)) - raft.server.log.appender.buffer.byte-limit = 33554432 (custom)
2023-06-13 01:50:09,272 [949cbcb3-ffc8-4fb9-988d-3e8d33dd06ba@group-C31B729B81A5-LeaderElection7] INFO  server.RaftServerConfigKeys (ConfUtils.java:logGet(46)) - raft.server.log.appender.snapshot.chunk.size.max = 16MB (=16777216) (default)
2023-06-13 01:50:09,272 [f3f9e814-e788-48e2-bdc0-593c71648247@group-9D1FC8B4240E-LeaderElection5] INFO  server.RaftServerConfigKeys (ConfUtils.java:logGet(46)) - raft.server.log.appender.buffer.element-limit = 1 (custom)
2023-06-13 01:50:09,272 [949cbcb3-ffc8-4fb9-988d-3e8d33dd06ba@group-C31B729B81A5-LeaderElection7] INFO  server.RaftServerConfigKeys (ConfUtils.java:logGet(46)) - raft.server.log.appender.buffer.byte-limit = 33554432 (custom)
2023-06-13 01:50:09,272 [f3f9e814-e788-48e2-bdc0-593c71648247@group-9D1FC8B4240E-LeaderElection5] INFO  server.RaftServerConfigKeys (ConfUtils.java:logGet(46)) - raft.server.log.appender.wait-time.min = 10ms (default)
2023-06-13 01:50:09,272 [949cbcb3-ffc8-4fb9-988d-3e8d33dd06ba@group-C31B729B81A5-LeaderElection7] INFO  server.RaftServerConfigKeys (ConfUtils.java:logGet(46)) - raft.server.log.appender.buffer.element-limit = 1 (custom)
2023-06-13 01:50:09,272 [f3f9e814-e788-48e2-bdc0-593c71648247@group-9D1FC8B4240E-LeaderElection5] INFO  grpc.GrpcConfigKeys (ConfUtils.java:logGet(46)) - raft.grpc.server.leader.outstanding.appends.max = 128 (default)
2023-06-13 01:50:09,272 [949cbcb3-ffc8-4fb9-988d-3e8d33dd06ba@group-C31B729B81A5-LeaderElection7] INFO  server.RaftServerConfigKeys (ConfUtils.java:logGet(46)) - raft.server.log.appender.wait-time.min = 10ms (default)
2023-06-13 01:50:09,272 [f3f9e814-e788-48e2-bdc0-593c71648247@group-9D1FC8B4240E-LeaderElection5] INFO  server.RaftServerConfigKeys (ConfUtils.java:logGet(46)) - raft.server.rpc.request.timeout = 60s (custom)
2023-06-13 01:50:09,272 [949cbcb3-ffc8-4fb9-988d-3e8d33dd06ba@group-C31B729B81A5-LeaderElection7] INFO  grpc.GrpcConfigKeys (ConfUtils.java:logGet(46)) - raft.grpc.server.leader.outstanding.appends.max = 128 (default)
2023-06-13 01:50:09,272 [f3f9e814-e788-48e2-bdc0-593c71648247@group-9D1FC8B4240E-LeaderElection5] INFO  grpc.GrpcConfigKeys (ConfUtils.java:logGet(46)) - raft.grpc.server.install_snapshot.request.element-limit = 8 (default)
2023-06-13 01:50:09,272 [949cbcb3-ffc8-4fb9-988d-3e8d33dd06ba@group-C31B729B81A5-LeaderElection7] INFO  server.RaftServerConfigKeys (ConfUtils.java:logGet(46)) - raft.server.rpc.request.timeout = 60s (custom)
2023-06-13 01:50:09,272 [f3f9e814-e788-48e2-bdc0-593c71648247@group-9D1FC8B4240E-LeaderElection5] INFO  grpc.GrpcConfigKeys (ConfUtils.java:logGet(46)) - raft.grpc.server.install_snapshot.request.timeout = 3000ms (default)
2023-06-13 01:50:09,272 [f3f9e814-e788-48e2-bdc0-593c71648247@group-9D1FC8B4240E-LeaderElection5] INFO  server.RaftServerConfigKeys (ConfUtils.java:logGet(46)) - raft.server.log.appender.install.snapshot.enabled = false (custom)
2023-06-13 01:50:09,272 [949cbcb3-ffc8-4fb9-988d-3e8d33dd06ba@group-C31B729B81A5-LeaderElection7] INFO  grpc.GrpcConfigKeys (ConfUtils.java:logGet(46)) - raft.grpc.server.install_snapshot.request.element-limit = 8 (default)
2023-06-13 01:50:09,272 [f3f9e814-e788-48e2-bdc0-593c71648247@group-9D1FC8B4240E-LeaderElection5] INFO  grpc.GrpcConfigKeys (ConfUtils.java:logGet(46)) - raft.grpc.server.heartbeat.channel = true (default)
2023-06-13 01:50:09,272 [949cbcb3-ffc8-4fb9-988d-3e8d33dd06ba@group-C31B729B81A5-LeaderElection7] INFO  grpc.GrpcConfigKeys (ConfUtils.java:logGet(46)) - raft.grpc.server.install_snapshot.request.timeout = 3000ms (default)
2023-06-13 01:50:09,272 [949cbcb3-ffc8-4fb9-988d-3e8d33dd06ba@group-C31B729B81A5-LeaderElection7] INFO  server.RaftServerConfigKeys (ConfUtils.java:logGet(46)) - raft.server.log.appender.install.snapshot.enabled = false (custom)
2023-06-13 01:50:09,272 [949cbcb3-ffc8-4fb9-988d-3e8d33dd06ba@group-C31B729B81A5-LeaderElection7] INFO  grpc.GrpcConfigKeys (ConfUtils.java:logGet(46)) - raft.grpc.server.heartbeat.channel = true (default)
2023-06-13 01:50:09,273 [f3f9e814-e788-48e2-bdc0-593c71648247@group-9D1FC8B4240E-LeaderElection5] INFO  impl.RoleInfo (RoleInfo.java:updateAndGet(139)) - f3f9e814-e788-48e2-bdc0-593c71648247: start f3f9e814-e788-48e2-bdc0-593c71648247@group-9D1FC8B4240E-LeaderStateImpl
2023-06-13 01:50:09,273 [949cbcb3-ffc8-4fb9-988d-3e8d33dd06ba@group-C31B729B81A5-LeaderElection7] INFO  impl.RoleInfo (RoleInfo.java:updateAndGet(139)) - 949cbcb3-ffc8-4fb9-988d-3e8d33dd06ba: start 949cbcb3-ffc8-4fb9-988d-3e8d33dd06ba@group-C31B729B81A5-LeaderStateImpl
2023-06-13 01:50:09,273 [f3f9e814-e788-48e2-bdc0-593c71648247@group-9D1FC8B4240E-LeaderElection5] INFO  segmented.SegmentedRaftLogWorker (SegmentedRaftLogWorker.java:startLogSegment(447)) - f3f9e814-e788-48e2-bdc0-593c71648247@group-9D1FC8B4240E-SegmentedRaftLogWorker: Starting segment from index:0
2023-06-13 01:50:09,274 [949cbcb3-ffc8-4fb9-988d-3e8d33dd06ba@group-C31B729B81A5-LeaderElection7] INFO  segmented.SegmentedRaftLogWorker (SegmentedRaftLogWorker.java:startLogSegment(447)) - 949cbcb3-ffc8-4fb9-988d-3e8d33dd06ba@group-C31B729B81A5-SegmentedRaftLogWorker: Starting segment from index:0
2023-06-13 01:50:09,275 [f3f9e814-e788-48e2-bdc0-593c71648247@group-9D1FC8B4240E-SegmentedRaftLogWorker] INFO  segmented.SegmentedRaftLogWorker (SegmentedRaftLogWorker.java:execute(651)) - f3f9e814-e788-48e2-bdc0-593c71648247@group-9D1FC8B4240E-SegmentedRaftLogWorker: created new log segment /home/runner/work/ozone/ozone/hadoop-ozone/integration-test/target/test-dir/MiniOzoneClusterImpl-5f2dcc83-6c9d-45c9-8141-0f4d2c5ecdef/datanode-1/data/ratis/b36d0372-f5f7-44a1-bd20-9d1fc8b4240e/current/log_inprogress_0
2023-06-13 01:50:09,276 [949cbcb3-ffc8-4fb9-988d-3e8d33dd06ba@group-C31B729B81A5-SegmentedRaftLogWorker] INFO  segmented.SegmentedRaftLogWorker (SegmentedRaftLogWorker.java:execute(651)) - 949cbcb3-ffc8-4fb9-988d-3e8d33dd06ba@group-C31B729B81A5-SegmentedRaftLogWorker: created new log segment /home/runner/work/ozone/ozone/hadoop-ozone/integration-test/target/test-dir/MiniOzoneClusterImpl-5f2dcc83-6c9d-45c9-8141-0f4d2c5ecdef/datanode-0/data/ratis/02835971-0f79-4a2e-8078-c31b729b81a5/current/log_inprogress_0
2023-06-13 01:50:09,285 [f3f9e814-e788-48e2-bdc0-593c71648247@group-9D1FC8B4240E-LeaderElection5] INFO  server.RaftServer$Division (ServerState.java:setRaftConf(434)) - f3f9e814-e788-48e2-bdc0-593c71648247@group-9D1FC8B4240E: set configuration 0: peers:[f3f9e814-e788-48e2-bdc0-593c71648247|rpc:10.1.0.18:15023|admin:10.1.0.18:15022|client:10.1.0.18:15021|dataStream:10.1.0.18:15024|priority:1|startupRole:FOLLOWER, 949cbcb3-ffc8-4fb9-988d-3e8d33dd06ba|rpc:10.1.0.18:15014|admin:10.1.0.18:15013|client:10.1.0.18:15012|dataStream:10.1.0.18:15015|priority:0|startupRole:FOLLOWER, 3ffa4cce-b7d6-4a2e-8013-f08ece989394|rpc:10.1.0.18:15032|admin:10.1.0.18:15031|client:10.1.0.18:15030|dataStream:10.1.0.18:15033|priority:0|startupRole:FOLLOWER]|listeners:[], old=null
2023-06-13 01:50:09,288 [949cbcb3-ffc8-4fb9-988d-3e8d33dd06ba@group-C31B729B81A5-LeaderElection7] INFO  server.RaftServer$Division (ServerState.java:setRaftConf(434)) - 949cbcb3-ffc8-4fb9-988d-3e8d33dd06ba@group-C31B729B81A5: set configuration 0: peers:[f3f9e814-e788-48e2-bdc0-593c71648247|rpc:10.1.0.18:15023|admin:10.1.0.18:15022|client:10.1.0.18:15021|dataStream:10.1.0.18:15024|priority:0|startupRole:FOLLOWER, 949cbcb3-ffc8-4fb9-988d-3e8d33dd06ba|rpc:10.1.0.18:15014|admin:10.1.0.18:15013|client:10.1.0.18:15012|dataStream:10.1.0.18:15015|priority:1|startupRole:FOLLOWER, 3ffa4cce-b7d6-4a2e-8013-f08ece989394|rpc:10.1.0.18:15032|admin:10.1.0.18:15031|client:10.1.0.18:15030|dataStream:10.1.0.18:15033|priority:0|startupRole:FOLLOWER]|listeners:[], old=null
2023-06-13 01:50:09,309 [3ffa4cce-b7d6-4a2e-8013-f08ece989394@group-591350EE5043-FollowerState] INFO  impl.FollowerState (FollowerState.java:run(143)) - 3ffa4cce-b7d6-4a2e-8013-f08ece989394@group-591350EE5043-FollowerState: change to CANDIDATE, lastRpcElapsedTime:5201253910ns, electionTimeout:5200ms
2023-06-13 01:50:09,311 [3ffa4cce-b7d6-4a2e-8013-f08ece989394@group-591350EE5043-FollowerState] INFO  impl.RoleInfo (RoleInfo.java:shutdownFollowerState(110)) - 3ffa4cce-b7d6-4a2e-8013-f08ece989394: shutdown 3ffa4cce-b7d6-4a2e-8013-f08ece989394@group-591350EE5043-FollowerState
2023-06-13 01:50:09,311 [3ffa4cce-b7d6-4a2e-8013-f08ece989394@group-591350EE5043-FollowerState] INFO  server.RaftServer$Division (RaftServerImpl.java:setRole(329)) - 3ffa4cce-b7d6-4a2e-8013-f08ece989394@group-591350EE5043: changes role from  FOLLOWER to CANDIDATE at term 0 for changeToCandidate
2023-06-13 01:50:09,311 [3ffa4cce-b7d6-4a2e-8013-f08ece989394@group-591350EE5043-FollowerState] INFO  server.RaftServerConfigKeys (ConfUtils.java:logGet(46)) - raft.server.leaderelection.pre-vote = true (default)
2023-06-13 01:50:09,311 [3ffa4cce-b7d6-4a2e-8013-f08ece989394@group-591350EE5043-FollowerState] INFO  impl.RoleInfo (RoleInfo.java:updateAndGet(139)) - 3ffa4cce-b7d6-4a2e-8013-f08ece989394: start 3ffa4cce-b7d6-4a2e-8013-f08ece989394@group-591350EE5043-LeaderElection8
2023-06-13 01:50:09,326 [3ffa4cce-b7d6-4a2e-8013-f08ece989394@group-591350EE5043-LeaderElection8] INFO  impl.LeaderElection (LeaderElection.java:askForVotes(321)) - 3ffa4cce-b7d6-4a2e-8013-f08ece989394@group-591350EE5043-LeaderElection8 PRE_VOTE round 0: submit vote requests at term 0 for -1: peers:[3ffa4cce-b7d6-4a2e-8013-f08ece989394|rpc:10.1.0.18:15032|admin:10.1.0.18:15031|client:10.1.0.18:15030|dataStream:10.1.0.18:15033|priority:1|startupRole:FOLLOWER]|listeners:[], old=null
2023-06-13 01:50:09,326 [3ffa4cce-b7d6-4a2e-8013-f08ece989394@group-591350EE5043-LeaderElection8] INFO  impl.LeaderElection (LeaderElection.java:askForVotes(323)) - 3ffa4cce-b7d6-4a2e-8013-f08ece989394@group-591350EE5043-LeaderElection8 PRE_VOTE round 0: result PASSED (term=0)
2023-06-13 01:50:09,328 [3ffa4cce-b7d6-4a2e-8013-f08ece989394@group-591350EE5043-LeaderElection8] INFO  impl.LeaderElection (LeaderElection.java:askForVotes(321)) - 3ffa4cce-b7d6-4a2e-8013-f08ece989394@group-591350EE5043-LeaderElection8 ELECTION round 0: submit vote requests at term 1 for -1: peers:[3ffa4cce-b7d6-4a2e-8013-f08ece989394|rpc:10.1.0.18:15032|admin:10.1.0.18:15031|client:10.1.0.18:15030|dataStream:10.1.0.18:15033|priority:1|startupRole:FOLLOWER]|listeners:[], old=null
2023-06-13 01:50:09,328 [3ffa4cce-b7d6-4a2e-8013-f08ece989394@group-591350EE5043-LeaderElection8] INFO  impl.LeaderElection (LeaderElection.java:askForVotes(323)) - 3ffa4cce-b7d6-4a2e-8013-f08ece989394@group-591350EE5043-LeaderElection8 ELECTION round 0: result PASSED (term=1)
2023-06-13 01:50:09,328 [3ffa4cce-b7d6-4a2e-8013-f08ece989394@group-591350EE5043-LeaderElection8] INFO  impl.RoleInfo (RoleInfo.java:shutdownLeaderElection(130)) - 3ffa4cce-b7d6-4a2e-8013-f08ece989394: shutdown 3ffa4cce-b7d6-4a2e-8013-f08ece989394@group-591350EE5043-LeaderElection8
2023-06-13 01:50:09,328 [3ffa4cce-b7d6-4a2e-8013-f08ece989394@group-591350EE5043-LeaderElection8] INFO  server.RaftServer$Division (RaftServerImpl.java:setRole(329)) - 3ffa4cce-b7d6-4a2e-8013-f08ece989394@group-591350EE5043: changes role from CANDIDATE to LEADER at term 1 for changeToLeader
2023-06-13 01:50:09,328 [3ffa4cce-b7d6-4a2e-8013-f08ece989394@group-591350EE5043-LeaderElection8] INFO  ratis.XceiverServerRatis (XceiverServerRatis.java:handleLeaderChangedNotification(902)) - Leader change notification received for group: group-591350EE5043 with new leaderId: 3ffa4cce-b7d6-4a2e-8013-f08ece989394
2023-06-13 01:50:09,332 [3ffa4cce-b7d6-4a2e-8013-f08ece989394-server-thread1] INFO  ratis.XceiverServerRatis (XceiverServerRatis.java:handleLeaderChangedNotification(902)) - Leader change notification received for group: group-9D1FC8B4240E with new leaderId: f3f9e814-e788-48e2-bdc0-593c71648247
2023-06-13 01:50:09,332 [3ffa4cce-b7d6-4a2e-8013-f08ece989394-server-thread1] INFO  server.RaftServer$Division (ServerState.java:setLeader(317)) - 3ffa4cce-b7d6-4a2e-8013-f08ece989394@group-9D1FC8B4240E: change Leader from null to f3f9e814-e788-48e2-bdc0-593c71648247 at term 1 for appendEntries, leader elected after 5629ms
2023-06-13 01:50:09,341 [949cbcb3-ffc8-4fb9-988d-3e8d33dd06ba-server-thread1] INFO  ratis.XceiverServerRatis (XceiverServerRatis.java:handleLeaderChangedNotification(902)) - Leader change notification received for group: group-9D1FC8B4240E with new leaderId: f3f9e814-e788-48e2-bdc0-593c71648247
2023-06-13 01:50:09,341 [949cbcb3-ffc8-4fb9-988d-3e8d33dd06ba-server-thread1] INFO  server.RaftServer$Division (ServerState.java:setLeader(317)) - 949cbcb3-ffc8-4fb9-988d-3e8d33dd06ba@group-9D1FC8B4240E: change Leader from null to f3f9e814-e788-48e2-bdc0-593c71648247 at term 1 for appendEntries, leader elected after 5987ms
2023-06-13 01:50:09,342 [3ffa4cce-b7d6-4a2e-8013-f08ece989394@group-591350EE5043-LeaderElection8] INFO  server.RaftServer$Division (ServerState.java:setLeader(317)) - 3ffa4cce-b7d6-4a2e-8013-f08ece989394@group-591350EE5043: change Leader from null to 3ffa4cce-b7d6-4a2e-8013-f08ece989394 at term 1 for becomeLeader, leader elected after 5242ms
2023-06-13 01:50:09,343 [3ffa4cce-b7d6-4a2e-8013-f08ece989394@group-591350EE5043-LeaderElection8] INFO  server.RaftServerConfigKeys (ConfUtils.java:logGet(46)) - raft.server.staging.catchup.gap = 1000 (default)
2023-06-13 01:50:09,348 [3ffa4cce-b7d6-4a2e-8013-f08ece989394@group-591350EE5043-LeaderElection8] INFO  server.RaftServerConfigKeys (ConfUtils.java:logGet(46)) - raft.server.write.element-limit = 1024 (custom)
2023-06-13 01:50:09,348 [3ffa4cce-b7d6-4a2e-8013-f08ece989394@group-591350EE5043-LeaderElection8] INFO  server.RaftServerConfigKeys (ConfUtils.java:logGet(46)) - raft.server.write.byte-limit = 1024 M (=1073741824) (custom)
2023-06-13 01:50:09,348 [3ffa4cce-b7d6-4a2e-8013-f08ece989394@group-591350EE5043-LeaderElection8] INFO  server.RaftServerConfigKeys (ConfUtils.java:logGet(46)) - raft.server.watch.timeout = 180s (custom)
2023-06-13 01:50:09,348 [3ffa4cce-b7d6-4a2e-8013-f08ece989394@group-591350EE5043-LeaderElection8] INFO  server.RaftServerConfigKeys (ConfUtils.java:logGet(46)) - raft.server.watch.timeout.denomination = 1s (default)
2023-06-13 01:50:09,348 [3ffa4cce-b7d6-4a2e-8013-f08ece989394@group-591350EE5043-LeaderElection8] INFO  server.RaftServerConfigKeys (ConfUtils.java:logGet(46)) - raft.server.watch.element-limit = 65536 (default)
2023-06-13 01:50:09,348 [3ffa4cce-b7d6-4a2e-8013-f08ece989394@group-591350EE5043-LeaderElection8] INFO  server.RaftServerConfigKeys (ConfUtils.java:logGet(46)) - raft.server.write.element-limit = 1024 (custom)
2023-06-13 01:50:09,348 [3ffa4cce-b7d6-4a2e-8013-f08ece989394@group-591350EE5043-LeaderElection8] INFO  server.RaftServerConfigKeys (ConfUtils.java:logGet(46)) - raft.server.write.follower.gap.ratio.max = -1.0 (default)
2023-06-13 01:50:09,348 [3ffa4cce-b7d6-4a2e-8013-f08ece989394@group-591350EE5043-LeaderElection8] INFO  impl.RoleInfo (RoleInfo.java:updateAndGet(139)) - 3ffa4cce-b7d6-4a2e-8013-f08ece989394: start 3ffa4cce-b7d6-4a2e-8013-f08ece989394@group-591350EE5043-LeaderStateImpl
2023-06-13 01:50:09,349 [3ffa4cce-b7d6-4a2e-8013-f08ece989394@group-591350EE5043-LeaderElection8] INFO  segmented.SegmentedRaftLogWorker (SegmentedRaftLogWorker.java:startLogSegment(447)) - 3ffa4cce-b7d6-4a2e-8013-f08ece989394@group-591350EE5043-SegmentedRaftLogWorker: Starting segment from index:0
2023-06-13 01:50:09,350 [3ffa4cce-b7d6-4a2e-8013-f08ece989394@group-591350EE5043-SegmentedRaftLogWorker] INFO  segmented.SegmentedRaftLogWorker (SegmentedRaftLogWorker.java:execute(651)) - 3ffa4cce-b7d6-4a2e-8013-f08ece989394@group-591350EE5043-SegmentedRaftLogWorker: created new log segment /home/runner/work/ozone/ozone/hadoop-ozone/integration-test/target/test-dir/MiniOzoneClusterImpl-5f2dcc83-6c9d-45c9-8141-0f4d2c5ecdef/datanode-2/data/ratis/9ea593bc-2134-41c8-8879-591350ee5043/current/log_inprogress_0
2023-06-13 01:50:09,355 [3ffa4cce-b7d6-4a2e-8013-f08ece989394-server-thread2] INFO  server.RaftServer$Division (ServerState.java:setRaftConf(434)) - 3ffa4cce-b7d6-4a2e-8013-f08ece989394@group-9D1FC8B4240E: set configuration 0: peers:[f3f9e814-e788-48e2-bdc0-593c71648247|rpc:10.1.0.18:15023|admin:10.1.0.18:15022|client:10.1.0.18:15021|dataStream:10.1.0.18:15024|priority:1|startupRole:FOLLOWER, 949cbcb3-ffc8-4fb9-988d-3e8d33dd06ba|rpc:10.1.0.18:15014|admin:10.1.0.18:15013|client:10.1.0.18:15012|dataStream:10.1.0.18:15015|priority:0|startupRole:FOLLOWER, 3ffa4cce-b7d6-4a2e-8013-f08ece989394|rpc:10.1.0.18:15032|admin:10.1.0.18:15031|client:10.1.0.18:15030|dataStream:10.1.0.18:15033|priority:0|startupRole:FOLLOWER]|listeners:[], old=null
2023-06-13 01:50:09,355 [3ffa4cce-b7d6-4a2e-8013-f08ece989394-server-thread2] INFO  segmented.SegmentedRaftLogWorker (SegmentedRaftLogWorker.java:startLogSegment(447)) - 3ffa4cce-b7d6-4a2e-8013-f08ece989394@group-9D1FC8B4240E-SegmentedRaftLogWorker: Starting segment from index:0
2023-06-13 01:50:09,355 [f3f9e814-e788-48e2-bdc0-593c71648247-server-thread2] INFO  ratis.XceiverServerRatis (XceiverServerRatis.java:handleLeaderChangedNotification(902)) - Leader change notification received for group: group-C31B729B81A5 with new leaderId: 949cbcb3-ffc8-4fb9-988d-3e8d33dd06ba
2023-06-13 01:50:09,356 [f3f9e814-e788-48e2-bdc0-593c71648247-server-thread2] INFO  server.RaftServer$Division (ServerState.java:setLeader(317)) - f3f9e814-e788-48e2-bdc0-593c71648247@group-C31B729B81A5: change Leader from null to 949cbcb3-ffc8-4fb9-988d-3e8d33dd06ba at term 1 for appendEntries, leader elected after 5334ms
2023-06-13 01:50:09,357 [3ffa4cce-b7d6-4a2e-8013-f08ece989394@group-591350EE5043-LeaderElection8] INFO  server.RaftServer$Division (ServerState.java:setRaftConf(434)) - 3ffa4cce-b7d6-4a2e-8013-f08ece989394@group-591350EE5043: set configuration 0: peers:[3ffa4cce-b7d6-4a2e-8013-f08ece989394|rpc:10.1.0.18:15032|admin:10.1.0.18:15031|client:10.1.0.18:15030|dataStream:10.1.0.18:15033|priority:1|startupRole:FOLLOWER]|listeners:[], old=null
2023-06-13 01:50:09,364 [3ffa4cce-b7d6-4a2e-8013-f08ece989394-server-thread1] INFO  ratis.XceiverServerRatis (XceiverServerRatis.java:handleLeaderChangedNotification(902)) - Leader change notification received for group: group-C31B729B81A5 with new leaderId: 949cbcb3-ffc8-4fb9-988d-3e8d33dd06ba
2023-06-13 01:50:09,364 [3ffa4cce-b7d6-4a2e-8013-f08ece989394-server-thread1] INFO  server.RaftServer$Division (ServerState.java:setLeader(317)) - 3ffa4cce-b7d6-4a2e-8013-f08ece989394@group-C31B729B81A5: change Leader from null to 949cbcb3-ffc8-4fb9-988d-3e8d33dd06ba at term 1 for appendEntries, leader elected after 5246ms
2023-06-13 01:50:09,364 [3ffa4cce-b7d6-4a2e-8013-f08ece989394@group-9D1FC8B4240E-SegmentedRaftLogWorker] INFO  segmented.SegmentedRaftLogWorker (SegmentedRaftLogWorker.java:execute(651)) - 3ffa4cce-b7d6-4a2e-8013-f08ece989394@group-9D1FC8B4240E-SegmentedRaftLogWorker: created new log segment /home/runner/work/ozone/ozone/hadoop-ozone/integration-test/target/test-dir/MiniOzoneClusterImpl-5f2dcc83-6c9d-45c9-8141-0f4d2c5ecdef/datanode-2/data/ratis/b36d0372-f5f7-44a1-bd20-9d1fc8b4240e/current/log_inprogress_0
2023-06-13 01:50:09,370 [f3f9e814-e788-48e2-bdc0-593c71648247-server-thread2] INFO  server.RaftServer$Division (ServerState.java:setRaftConf(434)) - f3f9e814-e788-48e2-bdc0-593c71648247@group-C31B729B81A5: set configuration 0: peers:[f3f9e814-e788-48e2-bdc0-593c71648247|rpc:10.1.0.18:15023|admin:10.1.0.18:15022|client:10.1.0.18:15021|dataStream:10.1.0.18:15024|priority:0|startupRole:FOLLOWER, 949cbcb3-ffc8-4fb9-988d-3e8d33dd06ba|rpc:10.1.0.18:15014|admin:10.1.0.18:15013|client:10.1.0.18:15012|dataStream:10.1.0.18:15015|priority:1|startupRole:FOLLOWER, 3ffa4cce-b7d6-4a2e-8013-f08ece989394|rpc:10.1.0.18:15032|admin:10.1.0.18:15031|client:10.1.0.18:15030|dataStream:10.1.0.18:15033|priority:0|startupRole:FOLLOWER]|listeners:[], old=null
2023-06-13 01:50:09,370 [949cbcb3-ffc8-4fb9-988d-3e8d33dd06ba-server-thread1] INFO  server.RaftServer$Division (ServerState.java:setRaftConf(434)) - 949cbcb3-ffc8-4fb9-988d-3e8d33dd06ba@group-9D1FC8B4240E: set configuration 0: peers:[f3f9e814-e788-48e2-bdc0-593c71648247|rpc:10.1.0.18:15023|admin:10.1.0.18:15022|client:10.1.0.18:15021|dataStream:10.1.0.18:15024|priority:1|startupRole:FOLLOWER, 949cbcb3-ffc8-4fb9-988d-3e8d33dd06ba|rpc:10.1.0.18:15014|admin:10.1.0.18:15013|client:10.1.0.18:15012|dataStream:10.1.0.18:15015|priority:0|startupRole:FOLLOWER, 3ffa4cce-b7d6-4a2e-8013-f08ece989394|rpc:10.1.0.18:15032|admin:10.1.0.18:15031|client:10.1.0.18:15030|dataStream:10.1.0.18:15033|priority:0|startupRole:FOLLOWER]|listeners:[], old=null
2023-06-13 01:50:09,371 [3ffa4cce-b7d6-4a2e-8013-f08ece989394-server-thread1] INFO  server.RaftServer$Division (ServerState.java:setRaftConf(434)) - 3ffa4cce-b7d6-4a2e-8013-f08ece989394@group-C31B729B81A5: set configuration 0: peers:[f3f9e814-e788-48e2-bdc0-593c71648247|rpc:10.1.0.18:15023|admin:10.1.0.18:15022|client:10.1.0.18:15021|dataStream:10.1.0.18:15024|priority:0|startupRole:FOLLOWER, 949cbcb3-ffc8-4fb9-988d-3e8d33dd06ba|rpc:10.1.0.18:15014|admin:10.1.0.18:15013|client:10.1.0.18:15012|dataStream:10.1.0.18:15015|priority:1|startupRole:FOLLOWER, 3ffa4cce-b7d6-4a2e-8013-f08ece989394|rpc:10.1.0.18:15032|admin:10.1.0.18:15031|client:10.1.0.18:15030|dataStream:10.1.0.18:15033|priority:0|startupRole:FOLLOWER]|listeners:[], old=null
2023-06-13 01:50:09,377 [949cbcb3-ffc8-4fb9-988d-3e8d33dd06ba-server-thread1] INFO  segmented.SegmentedRaftLogWorker (SegmentedRaftLogWorker.java:startLogSegment(447)) - 949cbcb3-ffc8-4fb9-988d-3e8d33dd06ba@group-9D1FC8B4240E-SegmentedRaftLogWorker: Starting segment from index:0
2023-06-13 01:50:09,379 [3ffa4cce-b7d6-4a2e-8013-f08ece989394-server-thread1] INFO  segmented.SegmentedRaftLogWorker (SegmentedRaftLogWorker.java:startLogSegment(447)) - 3ffa4cce-b7d6-4a2e-8013-f08ece989394@group-C31B729B81A5-SegmentedRaftLogWorker: Starting segment from index:0
2023-06-13 01:50:09,380 [f3f9e814-e788-48e2-bdc0-593c71648247-server-thread2] INFO  segmented.SegmentedRaftLogWorker (SegmentedRaftLogWorker.java:startLogSegment(447)) - f3f9e814-e788-48e2-bdc0-593c71648247@group-C31B729B81A5-SegmentedRaftLogWorker: Starting segment from index:0
2023-06-13 01:50:09,383 [949cbcb3-ffc8-4fb9-988d-3e8d33dd06ba@group-9D1FC8B4240E-SegmentedRaftLogWorker] INFO  segmented.SegmentedRaftLogWorker (SegmentedRaftLogWorker.java:execute(651)) - 949cbcb3-ffc8-4fb9-988d-3e8d33dd06ba@group-9D1FC8B4240E-SegmentedRaftLogWorker: created new log segment /home/runner/work/ozone/ozone/hadoop-ozone/integration-test/target/test-dir/MiniOzoneClusterImpl-5f2dcc83-6c9d-45c9-8141-0f4d2c5ecdef/datanode-0/data/ratis/b36d0372-f5f7-44a1-bd20-9d1fc8b4240e/current/log_inprogress_0
2023-06-13 01:50:09,383 [3ffa4cce-b7d6-4a2e-8013-f08ece989394@group-C31B729B81A5-SegmentedRaftLogWorker] INFO  segmented.SegmentedRaftLogWorker (SegmentedRaftLogWorker.java:execute(651)) - 3ffa4cce-b7d6-4a2e-8013-f08ece989394@group-C31B729B81A5-SegmentedRaftLogWorker: created new log segment /home/runner/work/ozone/ozone/hadoop-ozone/integration-test/target/test-dir/MiniOzoneClusterImpl-5f2dcc83-6c9d-45c9-8141-0f4d2c5ecdef/datanode-2/data/ratis/02835971-0f79-4a2e-8078-c31b729b81a5/current/log_inprogress_0
2023-06-13 01:50:09,384 [f3f9e814-e788-48e2-bdc0-593c71648247@group-C31B729B81A5-SegmentedRaftLogWorker] INFO  segmented.SegmentedRaftLogWorker (SegmentedRaftLogWorker.java:execute(651)) - f3f9e814-e788-48e2-bdc0-593c71648247@group-C31B729B81A5-SegmentedRaftLogWorker: created new log segment /home/runner/work/ozone/ozone/hadoop-ozone/integration-test/target/test-dir/MiniOzoneClusterImpl-5f2dcc83-6c9d-45c9-8141-0f4d2c5ecdef/datanode-1/data/ratis/02835971-0f79-4a2e-8078-c31b729b81a5/current/log_inprogress_0
2023-06-13 01:50:10,084 [main] INFO  ozone.MiniOzoneClusterImpl (MiniOzoneClusterImpl.java:lambda$waitForClusterToBeReady$0(224)) - Nodes are ready. Got 3 of 3 DN Heartbeats.
2023-06-13 01:50:10,085 [main] INFO  ozone.MiniOzoneClusterImpl (MiniOzoneClusterImpl.java:lambda$waitForClusterToBeReady$0(227)) - Cluster exits safe mode
2023-06-13 01:50:10,085 [main] INFO  ozone.MiniOzoneClusterImpl (MiniOzoneClusterImpl.java:lambda$waitForClusterToBeReady$0(229)) - SCM became leader
2023-06-13 01:50:10,307 [IPC Server handler 7 on default port 15000] INFO  pipeline.PipelineStateManagerImpl (PipelineStateManagerImpl.java:addPipeline(103)) - Created pipeline Pipeline[ Id: 23b17db3-cea4-43ff-878a-93b495554bf3, Nodes: f3f9e814-e788-48e2-bdc0-593c71648247(fv-az670-278.vvj1krob40nuzn3jnzu5queufe.phxx.internal.cloudapp.net/10.1.0.18), ReplicationConfig: STANDALONE/ONE, State:OPEN, leaderId:, CreationTimestamp2023-06-13T01:50:10.306Z[Etc/UTC]].
2023-06-13 01:50:10,309 [IPC Server handler 7 on default port 15000] INFO  ha.SequenceIdGenerator (SequenceIdGenerator.java:getNextId(128)) - Allocate a batch for containerId, change lastId from 0 to 1000.
2023-06-13 01:50:10,336 [main] INFO  impl.MetricsSystemImpl (MetricsSystemImpl.java:init(158)) - XceiverClientMetrics metrics system started (again)
2023-06-13 01:50:10,337 [main] INFO  lib.Interns (Interns.java:removeEldestEntry(50)) - Metrics intern cache overflow at 2011 for MetricsSystem={MetricsSystem=MetricsInfoImpl{name=MetricsSystem, description=MetricsSystem}, MetricsSystem record=MetricsInfoImpl{name=MetricsSystem, description=MetricsSystem record}}
2023-06-13 01:50:10,485 [ChunkReader-1] INFO  keyvalue.KeyValueContainer (KeyValueContainer.java:flushAndSyncDB(446)) - Container 1 is synced with bcsId 0.
2023-06-13 01:50:10,485 [ChunkReader-1] INFO  keyvalue.KeyValueContainer (KeyValueContainer.java:flushAndSyncDB(446)) - Container 1 is synced with bcsId 0.
2023-06-13 01:50:10,486 [FixedThreadPoolWithAffinityExecutor-9-0] WARN  container.IncrementalContainerReportHandler (AbstractContainerReportHandler.java:updateContainerState(259)) - Container #1 is in OPEN state, but the datanode f3f9e814-e788-48e2-bdc0-593c71648247(fv-az670-278.vvj1krob40nuzn3jnzu5queufe.phxx.internal.cloudapp.net/10.1.0.18) reports an CLOSING replica.
2023-06-13 01:50:10,490 [ChunkReader-1] INFO  keyvalue.KeyValueContainer (KeyValueContainer.java:close(361)) - Container 1 is closed with bcsId 0.
2023-06-13 01:50:10,493 [FixedThreadPoolWithAffinityExecutor-9-0] WARN  container.IncrementalContainerReportHandler (AbstractContainerReportHandler.java:updateContainerState(259)) - Container #1 is in OPEN state, but the datanode f3f9e814-e788-48e2-bdc0-593c71648247(fv-az670-278.vvj1krob40nuzn3jnzu5queufe.phxx.internal.cloudapp.net/10.1.0.18) reports an CLOSED replica.
2023-06-13 01:50:10,691 [ChunkReader-3] WARN  keyvalue.KeyValueHandler (ContainerUtils.java:logAndReturnError(95)) - Operation: GetCommittedBlockLength , Trace ID:  , Message: Unable to find the block. BlockID : conID: 1 locID: 110534394542292993 bcsId: 0 , Result: NO_SUCH_BLOCK , StorageContainerException Occurred.
org.apache.hadoop.hdds.scm.container.common.helpers.StorageContainerException: Unable to find the block. BlockID : conID: 1 locID: 110534394542292993 bcsId: 0
	at org.apache.hadoop.ozone.container.keyvalue.impl.BlockManagerImpl.getBlockByID(BlockManagerImpl.java:359)
	at org.apache.hadoop.ozone.container.keyvalue.impl.BlockManagerImpl.getCommittedBlockLength(BlockManagerImpl.java:284)
	at org.apache.hadoop.ozone.container.keyvalue.KeyValueHandler.handleGetCommittedBlockLength(KeyValueHandler.java:629)
	at org.apache.hadoop.ozone.container.keyvalue.KeyValueHandler.dispatchRequest(KeyValueHandler.java:286)
	at org.apache.hadoop.ozone.container.keyvalue.KeyValueHandler.handle(KeyValueHandler.java:232)
	at org.apache.hadoop.ozone.container.common.impl.HddsDispatcher.dispatchRequest(HddsDispatcher.java:322)
	at org.apache.hadoop.ozone.container.common.impl.HddsDispatcher.lambda$dispatch$0(HddsDispatcher.java:173)
	at org.apache.hadoop.hdds.server.OzoneProtocolMessageDispatcher.processRequest(OzoneProtocolMessageDispatcher.java:87)
	at org.apache.hadoop.ozone.container.common.impl.HddsDispatcher.dispatch(HddsDispatcher.java:172)
	at org.apache.hadoop.ozone.container.common.transport.server.GrpcXceiverService$1.onNext(GrpcXceiverService.java:57)
	at org.apache.hadoop.ozone.container.common.transport.server.GrpcXceiverService$1.onNext(GrpcXceiverService.java:50)
	at org.apache.ratis.thirdparty.io.grpc.stub.ServerCalls$StreamingServerCallHandler$StreamingServerCallListener.onMessage(ServerCalls.java:262)
	at org.apache.ratis.thirdparty.io.grpc.ForwardingServerCallListener.onMessage(ForwardingServerCallListener.java:33)
	at org.apache.hadoop.hdds.tracing.GrpcServerInterceptor$1.onMessage(GrpcServerInterceptor.java:49)
	at org.apache.ratis.thirdparty.io.grpc.internal.ServerCallImpl$ServerStreamListenerImpl.messagesAvailableInternal(ServerCallImpl.java:333)
	at org.apache.ratis.thirdparty.io.grpc.internal.ServerCallImpl$ServerStreamListenerImpl.messagesAvailable(ServerCallImpl.java:316)
	at org.apache.ratis.thirdparty.io.grpc.internal.ServerImpl$JumpToApplicationThreadServerStreamListener$1MessagesAvailable.runInContext(ServerImpl.java:835)
	at org.apache.ratis.thirdparty.io.grpc.internal.ContextRunnable.run(ContextRunnable.java:37)
	at org.apache.ratis.thirdparty.io.grpc.internal.SerializingExecutor.run(SerializingExecutor.java:133)
	at java.util.concurrent.ThreadPoolExecutor.runWorker(ThreadPoolExecutor.java:1149)
	at java.util.concurrent.ThreadPoolExecutor$Worker.run(ThreadPoolExecutor.java:624)
	at java.lang.Thread.run(Thread.java:750)
01:50:10.695 [ChunkReader-3] ERROR DNAudit - user=null | ip=null | op=GET_COMMITTED_BLOCK_LENGTH {blockData=conID: 1 locID: 110534394542292993 bcsId: 0} | ret=FAILURE
java.lang.Exception: Unable to find the block. BlockID : conID: 1 locID: 110534394542292993 bcsId: 0
	at org.apache.hadoop.ozone.container.common.impl.HddsDispatcher.dispatchRequest(HddsDispatcher.java:391) ~[hdds-container-service-1.4.0-SNAPSHOT.jar:?]
	at org.apache.hadoop.ozone.container.common.impl.HddsDispatcher.lambda$dispatch$0(HddsDispatcher.java:173) ~[hdds-container-service-1.4.0-SNAPSHOT.jar:?]
	at org.apache.hadoop.hdds.server.OzoneProtocolMessageDispatcher.processRequest(OzoneProtocolMessageDispatcher.java:87) [hdds-server-framework-1.4.0-SNAPSHOT.jar:?]
	at org.apache.hadoop.ozone.container.common.impl.HddsDispatcher.dispatch(HddsDispatcher.java:172) [hdds-container-service-1.4.0-SNAPSHOT.jar:?]
	at org.apache.hadoop.ozone.container.common.transport.server.GrpcXceiverService$1.onNext(GrpcXceiverService.java:57) [hdds-container-service-1.4.0-SNAPSHOT.jar:?]
	at org.apache.hadoop.ozone.container.common.transport.server.GrpcXceiverService$1.onNext(GrpcXceiverService.java:50) [hdds-container-service-1.4.0-SNAPSHOT.jar:?]
	at org.apache.ratis.thirdparty.io.grpc.stub.ServerCalls$StreamingServerCallHandler$StreamingServerCallListener.onMessage(ServerCalls.java:262) [ratis-thirdparty-misc-1.0.4.jar:1.0.4]
	at org.apache.ratis.thirdparty.io.grpc.ForwardingServerCallListener.onMessage(ForwardingServerCallListener.java:33) [ratis-thirdparty-misc-1.0.4.jar:1.0.4]
	at org.apache.hadoop.hdds.tracing.GrpcServerInterceptor$1.onMessage(GrpcServerInterceptor.java:49) [hdds-common-1.4.0-SNAPSHOT.jar:?]
	at org.apache.ratis.thirdparty.io.grpc.internal.ServerCallImpl$ServerStreamListenerImpl.messagesAvailableInternal(ServerCallImpl.java:333) [ratis-thirdparty-misc-1.0.4.jar:1.0.4]
	at org.apache.ratis.thirdparty.io.grpc.internal.ServerCallImpl$ServerStreamListenerImpl.messagesAvailable(ServerCallImpl.java:316) [ratis-thirdparty-misc-1.0.4.jar:1.0.4]
	at org.apache.ratis.thirdparty.io.grpc.internal.ServerImpl$JumpToApplicationThreadServerStreamListener$1MessagesAvailable.runInContext(ServerImpl.java:835) [ratis-thirdparty-misc-1.0.4.jar:1.0.4]
	at org.apache.ratis.thirdparty.io.grpc.internal.ContextRunnable.run(ContextRunnable.java:37) [ratis-thirdparty-misc-1.0.4.jar:1.0.4]
	at org.apache.ratis.thirdparty.io.grpc.internal.SerializingExecutor.run(SerializingExecutor.java:133) [ratis-thirdparty-misc-1.0.4.jar:1.0.4]
	at java.util.concurrent.ThreadPoolExecutor.runWorker(ThreadPoolExecutor.java:1149) [?:1.8.0_372]
	at java.util.concurrent.ThreadPoolExecutor$Worker.run(ThreadPoolExecutor.java:624) [?:1.8.0_372]
	at java.lang.Thread.run(Thread.java:750) [?:1.8.0_372]
2023-06-13 01:50:10,713 [main] ERROR scm.XceiverClientGrpc (XceiverClientGrpc.java:sendCommandWithRetry(453)) - Failed to execute command GetCommittedBlockLength on the pipeline Pipeline[ Id: 23b17db3-cea4-43ff-878a-93b495554bf3, Nodes: f3f9e814-e788-48e2-bdc0-593c71648247(fv-az670-278.vvj1krob40nuzn3jnzu5queufe.phxx.internal.cloudapp.net/10.1.0.18), ReplicationConfig: STANDALONE/ONE, State:OPEN, leaderId:, CreationTimestamp2023-06-13T01:50:10.306Z[Etc/UTC]].
]]></system-out>
  </testcase>
  <testcase name="tesGetCommittedBlockLength" classname="org.apache.hadoop.ozone.scm.TestGetCommittedBlockLengthAndPutKey" time="0.104"/>
  <testcase name="tesPutKeyResposne" classname="org.apache.hadoop.ozone.scm.TestGetCommittedBlockLengthAndPutKey" time="300.029">
    <error type="java.util.concurrent.TimeoutException"><![CDATA[java.util.concurrent.TimeoutException: tesPutKeyResposne() timed out after 300 seconds
	at org.junit.jupiter.engine.extension.TimeoutInvocation.createTimeoutException(TimeoutInvocation.java:70)
	at org.junit.jupiter.engine.extension.TimeoutInvocation.proceed(TimeoutInvocation.java:59)
	at org.junit.jupiter.engine.extension.TimeoutExtension.intercept(TimeoutExtension.java:149)
	at org.junit.jupiter.engine.extension.TimeoutExtension.interceptTestableMethod(TimeoutExtension.java:140)
	at org.junit.jupiter.engine.extension.TimeoutExtension.interceptTestMethod(TimeoutExtension.java:84)
	at org.junit.jupiter.engine.execution.ExecutableInvoker$ReflectiveInterceptorCall.lambda$ofVoidMethod$0(ExecutableInvoker.java:115)
	at org.junit.jupiter.engine.execution.ExecutableInvoker.lambda$invoke$0(ExecutableInvoker.java:105)
	at org.junit.jupiter.engine.execution.InvocationInterceptorChain$InterceptedInvocation.proceed(InvocationInterceptorChain.java:106)
	at org.junit.jupiter.engine.execution.InvocationInterceptorChain.proceed(InvocationInterceptorChain.java:64)
	at org.junit.jupiter.engine.execution.InvocationInterceptorChain.chainAndInvoke(InvocationInterceptorChain.java:45)
	at org.junit.jupiter.engine.execution.InvocationInterceptorChain.invoke(InvocationInterceptorChain.java:37)
	at org.junit.jupiter.engine.execution.ExecutableInvoker.invoke(ExecutableInvoker.java:104)
	at org.junit.jupiter.engine.execution.ExecutableInvoker.invoke(ExecutableInvoker.java:98)
	at org.junit.jupiter.engine.descriptor.TestMethodTestDescriptor.lambda$invokeTestMethod$7(TestMethodTestDescriptor.java:214)
	at org.junit.platform.engine.support.hierarchical.ThrowableCollector.execute(ThrowableCollector.java:73)
	at org.junit.jupiter.engine.descriptor.TestMethodTestDescriptor.invokeTestMethod(TestMethodTestDescriptor.java:210)
	at org.junit.jupiter.engine.descriptor.TestMethodTestDescriptor.execute(TestMethodTestDescriptor.java:135)
	at org.junit.jupiter.engine.descriptor.TestMethodTestDescriptor.execute(TestMethodTestDescriptor.java:66)
	at org.junit.platform.engine.support.hierarchical.NodeTestTask.lambda$executeRecursively$6(NodeTestTask.java:151)
	at org.junit.platform.engine.support.hierarchical.ThrowableCollector.execute(ThrowableCollector.java:73)
	at org.junit.platform.engine.support.hierarchical.NodeTestTask.lambda$executeRecursively$8(NodeTestTask.java:141)
	at org.junit.platform.engine.support.hierarchical.Node.around(Node.java:137)
	at org.junit.platform.engine.support.hierarchical.NodeTestTask.lambda$executeRecursively$9(NodeTestTask.java:139)
	at org.junit.platform.engine.support.hierarchical.ThrowableCollector.execute(ThrowableCollector.java:73)
	at org.junit.platform.engine.support.hierarchical.NodeTestTask.executeRecursively(NodeTestTask.java:138)
	at org.junit.platform.engine.support.hierarchical.NodeTestTask.execute(NodeTestTask.java:95)
	at java.util.ArrayList.forEach(ArrayList.java:1259)
	at org.junit.platform.engine.support.hierarchical.SameThreadHierarchicalTestExecutorService.invokeAll(SameThreadHierarchicalTestExecutorService.java:41)
	at org.junit.platform.engine.support.hierarchical.NodeTestTask.lambda$executeRecursively$6(NodeTestTask.java:155)
	at org.junit.platform.engine.support.hierarchical.ThrowableCollector.execute(ThrowableCollector.java:73)
	at org.junit.platform.engine.support.hierarchical.NodeTestTask.lambda$executeRecursively$8(NodeTestTask.java:141)
	at org.junit.platform.engine.support.hierarchical.Node.around(Node.java:137)
	at org.junit.platform.engine.support.hierarchical.NodeTestTask.lambda$executeRecursively$9(NodeTestTask.java:139)
	at org.junit.platform.engine.support.hierarchical.ThrowableCollector.execute(ThrowableCollector.java:73)
	at org.junit.platform.engine.support.hierarchical.NodeTestTask.executeRecursively(NodeTestTask.java:138)
	at org.junit.platform.engine.support.hierarchical.NodeTestTask.execute(NodeTestTask.java:95)
	at java.util.ArrayList.forEach(ArrayList.java:1259)
	at org.junit.platform.engine.support.hierarchical.SameThreadHierarchicalTestExecutorService.invokeAll(SameThreadHierarchicalTestExecutorService.java:41)
	at org.junit.platform.engine.support.hierarchical.NodeTestTask.lambda$executeRecursively$6(NodeTestTask.java:155)
	at org.junit.platform.engine.support.hierarchical.ThrowableCollector.execute(ThrowableCollector.java:73)
	at org.junit.platform.engine.support.hierarchical.NodeTestTask.lambda$executeRecursively$8(NodeTestTask.java:141)
	at org.junit.platform.engine.support.hierarchical.Node.around(Node.java:137)
	at org.junit.platform.engine.support.hierarchical.NodeTestTask.lambda$executeRecursively$9(NodeTestTask.java:139)
	at org.junit.platform.engine.support.hierarchical.ThrowableCollector.execute(ThrowableCollector.java:73)
	at org.junit.platform.engine.support.hierarchical.NodeTestTask.executeRecursively(NodeTestTask.java:138)
	at org.junit.platform.engine.support.hierarchical.NodeTestTask.execute(NodeTestTask.java:95)
	at org.junit.platform.engine.support.hierarchical.SameThreadHierarchicalTestExecutorService.submit(SameThreadHierarchicalTestExecutorService.java:35)
	at org.junit.platform.engine.support.hierarchical.HierarchicalTestExecutor.execute(HierarchicalTestExecutor.java:57)
	at org.junit.platform.engine.support.hierarchical.HierarchicalTestEngine.execute(HierarchicalTestEngine.java:54)
	at org.junit.platform.launcher.core.EngineExecutionOrchestrator.execute(EngineExecutionOrchestrator.java:107)
	at org.junit.platform.launcher.core.EngineExecutionOrchestrator.execute(EngineExecutionOrchestrator.java:88)
	at org.junit.platform.launcher.core.EngineExecutionOrchestrator.lambda$execute$0(EngineExecutionOrchestrator.java:54)
	at org.junit.platform.launcher.core.EngineExecutionOrchestrator.withInterceptedStreams(EngineExecutionOrchestrator.java:67)
	at org.junit.platform.launcher.core.EngineExecutionOrchestrator.execute(EngineExecutionOrchestrator.java:52)
	at org.junit.platform.launcher.core.DefaultLauncher.execute(DefaultLauncher.java:114)
	at org.junit.platform.launcher.core.DefaultLauncher.execute(DefaultLauncher.java:86)
	at org.junit.platform.launcher.core.DefaultLauncherSession$DelegatingLauncher.execute(DefaultLauncherSession.java:86)
	at org.junit.platform.launcher.core.SessionPerRequestLauncher.execute(SessionPerRequestLauncher.java:53)
	at org.apache.maven.surefire.junitplatform.JUnitPlatformProvider.execute(JUnitPlatformProvider.java:188)
	at org.apache.maven.surefire.junitplatform.JUnitPlatformProvider.invokeAllTests(JUnitPlatformProvider.java:154)
	at org.apache.maven.surefire.junitplatform.JUnitPlatformProvider.invoke(JUnitPlatformProvider.java:124)
	at org.apache.maven.surefire.booter.ForkedBooter.runSuitesInProcess(ForkedBooter.java:428)
	at org.apache.maven.surefire.booter.ForkedBooter.execute(ForkedBooter.java:162)
	at org.apache.maven.surefire.booter.ForkedBooter.run(ForkedBooter.java:562)
	at org.apache.maven.surefire.booter.ForkedBooter.main(ForkedBooter.java:548)
	Suppressed: java.io.IOException: Failed to execute command cmdType: WriteChunk
containerID: 3
datanodeUuid: "3ffa4cce-b7d6-4a2e-8013-f08ece989394"
writeChunk {
  blockID {
    containerID: 3
    localID: 110534394570211331
    blockCommitSequenceId: 0
  }
  chunkData {
    chunkName: "110534394570211331.data.0"
    offset: 0
    len: 0
    checksumData {
      type: CRC32
      bytesPerChecksum: 1048576
    }
  }
  data: "<redacted>"
}

		at org.apache.hadoop.hdds.scm.XceiverClientSpi.getIOExceptionForSendCommand(XceiverClientSpi.java:162)
		at org.apache.hadoop.hdds.scm.XceiverClientSpi.sendCommand(XceiverClientSpi.java:125)
		at org.apache.hadoop.ozone.scm.TestGetCommittedBlockLengthAndPutKey.tesPutKeyResposne(TestGetCommittedBlockLengthAndPutKey.java:162)
		at sun.reflect.NativeMethodAccessorImpl.invoke0(Native Method)
		at sun.reflect.NativeMethodAccessorImpl.invoke(NativeMethodAccessorImpl.java:62)
		at sun.reflect.DelegatingMethodAccessorImpl.invoke(DelegatingMethodAccessorImpl.java:43)
		at java.lang.reflect.Method.invoke(Method.java:498)
		at org.junit.platform.commons.util.ReflectionUtils.invokeMethod(ReflectionUtils.java:725)
		at org.junit.jupiter.engine.execution.MethodInvocation.proceed(MethodInvocation.java:60)
		at org.junit.jupiter.engine.execution.InvocationInterceptorChain$ValidatingInvocation.proceed(InvocationInterceptorChain.java:131)
		at org.junit.jupiter.engine.extension.TimeoutInvocation.proceed(TimeoutInvocation.java:46)
		... 63 more
	Caused by: java.lang.InterruptedException
		at java.util.concurrent.CompletableFuture.reportGet(CompletableFuture.java:347)
		at java.util.concurrent.CompletableFuture.get(CompletableFuture.java:1908)
		at org.apache.hadoop.hdds.scm.XceiverClientSpi.sendCommand(XceiverClientSpi.java:121)
		... 72 more
]]></error>
    <system-out><![CDATA[2023-06-13 01:50:58,437 [BlockDeletingService#0] INFO  interfaces.ContainerDeletionChoosingPolicyTemplate (ContainerDeletionChoosingPolicyTemplate.java:chooseContainerForBlockDeletion(83)) - Chosen 0/5000 blocks from 0 candidate containers.
2023-06-13 01:50:58,814 [BlockDeletingService#0] INFO  interfaces.ContainerDeletionChoosingPolicyTemplate (ContainerDeletionChoosingPolicyTemplate.java:chooseContainerForBlockDeletion(83)) - Chosen 0/5000 blocks from 0 candidate containers.
2023-06-13 01:50:59,125 [BlockDeletingService#0] INFO  interfaces.ContainerDeletionChoosingPolicyTemplate (ContainerDeletionChoosingPolicyTemplate.java:chooseContainerForBlockDeletion(83)) - Chosen 0/5000 blocks from 0 candidate containers.
2023-06-13 01:51:58,439 [BlockDeletingService#1] INFO  interfaces.ContainerDeletionChoosingPolicyTemplate (ContainerDeletionChoosingPolicyTemplate.java:chooseContainerForBlockDeletion(83)) - Chosen 0/5000 blocks from 0 candidate containers.
2023-06-13 01:51:58,815 [BlockDeletingService#1] INFO  interfaces.ContainerDeletionChoosingPolicyTemplate (ContainerDeletionChoosingPolicyTemplate.java:chooseContainerForBlockDeletion(83)) - Chosen 0/5000 blocks from 0 candidate containers.
2023-06-13 01:51:59,126 [BlockDeletingService#1] INFO  interfaces.ContainerDeletionChoosingPolicyTemplate (ContainerDeletionChoosingPolicyTemplate.java:chooseContainerForBlockDeletion(83)) - Chosen 0/5000 blocks from 0 candidate containers.
2023-06-13 01:52:01,092 [RatisPipelineUtilsThread - 0] WARN  pipeline.PipelinePlacementPolicy (PipelinePlacementPolicy.java:filterViableNodes(166)) - Pipeline creation failed due to no sufficient healthy datanodes. Required 3. Found 0. Excluded 3.
2023-06-13 01:52:58,439 [BlockDeletingService#0] INFO  interfaces.ContainerDeletionChoosingPolicyTemplate (ContainerDeletionChoosingPolicyTemplate.java:chooseContainerForBlockDeletion(83)) - Chosen 0/5000 blocks from 0 candidate containers.
2023-06-13 01:52:58,815 [BlockDeletingService#0] INFO  interfaces.ContainerDeletionChoosingPolicyTemplate (ContainerDeletionChoosingPolicyTemplate.java:chooseContainerForBlockDeletion(83)) - Chosen 0/5000 blocks from 0 candidate containers.
2023-06-13 01:52:59,126 [BlockDeletingService#0] INFO  interfaces.ContainerDeletionChoosingPolicyTemplate (ContainerDeletionChoosingPolicyTemplate.java:chooseContainerForBlockDeletion(83)) - Chosen 0/5000 blocks from 0 candidate containers.
2023-06-13 01:53:58,439 [BlockDeletingService#2] INFO  interfaces.ContainerDeletionChoosingPolicyTemplate (ContainerDeletionChoosingPolicyTemplate.java:chooseContainerForBlockDeletion(83)) - Chosen 0/5000 blocks from 0 candidate containers.
2023-06-13 01:53:58,815 [BlockDeletingService#2] INFO  interfaces.ContainerDeletionChoosingPolicyTemplate (ContainerDeletionChoosingPolicyTemplate.java:chooseContainerForBlockDeletion(83)) - Chosen 0/5000 blocks from 0 candidate containers.
2023-06-13 01:53:59,127 [BlockDeletingService#2] INFO  interfaces.ContainerDeletionChoosingPolicyTemplate (ContainerDeletionChoosingPolicyTemplate.java:chooseContainerForBlockDeletion(83)) - Chosen 0/5000 blocks from 0 candidate containers.
2023-06-13 01:54:01,093 [RatisPipelineUtilsThread - 0] WARN  pipeline.PipelinePlacementPolicy (PipelinePlacementPolicy.java:filterViableNodes(166)) - Pipeline creation failed due to no sufficient healthy datanodes. Required 3. Found 0. Excluded 3.
2023-06-13 01:54:49,410 [EventQueue-CloseContainerForCloseContainerEventHandler] INFO  container.CloseContainerEventHandler (CloseContainerEventHandler.java:onMessage(89)) - Close container Event triggered for container : #1, current state: OPEN
2023-06-13 01:54:49,410 [ReplicationMonitor] INFO  replication.ReplicationManager (ReplicationManager.java:processAll(403)) - Replication Monitor Thread took 5 milliseconds for processing 3 containers.
2023-06-13 01:54:58,440 [BlockDeletingService#1] INFO  interfaces.ContainerDeletionChoosingPolicyTemplate (ContainerDeletionChoosingPolicyTemplate.java:chooseContainerForBlockDeletion(83)) - Chosen 0/5000 blocks from 0 candidate containers.
2023-06-13 01:54:58,816 [BlockDeletingService#1] INFO  interfaces.ContainerDeletionChoosingPolicyTemplate (ContainerDeletionChoosingPolicyTemplate.java:chooseContainerForBlockDeletion(83)) - Chosen 0/5000 blocks from 0 candidate containers.
2023-06-13 01:54:59,127 [BlockDeletingService#1] INFO  interfaces.ContainerDeletionChoosingPolicyTemplate (ContainerDeletionChoosingPolicyTemplate.java:chooseContainerForBlockDeletion(83)) - Chosen 0/5000 blocks from 0 candidate containers.
]]></system-out>
  </testcase>
</testsuite>