<?xml version="1.0" encoding="UTF-8"?>
<testsuite xmlns:xsi="http://www.w3.org/2001/XMLSchema-instance" xsi:noNamespaceSchemaLocation="https://maven.apache.org/surefire/maven-surefire-plugin/xsd/surefire-test-report.xsd" version="3.0.2" name="org.apache.ozone.test.NonHATests$ContainerOperations" time="2.589" tests="10" errors="0" skipped="0" failures="1">
  <properties>
    <property name="java.specification.version" value="21"/>
    <property name="sun.jnu.encoding" value="UTF-8"/>
    <property name="java.class.path" value="/home/runner/work/ozone/ozone/hadoop-ozone/integration-test/target/test-classes:/home/runner/work/ozone/ozone/hadoop-ozone/integration-test/target/classes:/home/runner/.m2/repository/ch/qos/reload4j/reload4j/1.2.26/reload4j-1.2.26.jar:/home/runner/.m2/repository/com/fasterxml/jackson/core/jackson-core/2.16.2/jackson-core-2.16.2.jar:/home/runner/.m2/repository/com/fasterxml/jackson/core/jackson-databind/2.16.2/jackson-databind-2.16.2.jar:/home/runner/.m2/repository/com/fasterxml/jackson/core/jackson-annotations/2.16.2/jackson-annotations-2.16.2.jar:/home/runner/.m2/repository/com/github/stephenc/jcip/jcip-annotations/1.0-1/jcip-annotations-1.0-1.jar:/home/runner/.m2/repository/com/google/guava/guava/32.1.3-jre/guava-32.1.3-jre.jar:/home/runner/.m2/repository/com/google/guava/failureaccess/1.0.1/failureaccess-1.0.1.jar:/home/runner/.m2/repository/com/google/guava/listenablefuture/9999.0-empty-to-avoid-conflict-with-guava/listenablefuture-9999.0-empty-to-avoid-conflict-with-guava.jar:/home/runner/.m2/repository/org/checkerframework/checker-qual/3.37.0/checker-qual-3.37.0.jar:/home/runner/.m2/repository/com/google/errorprone/error_prone_annotations/2.29.2/error_prone_annotations-2.29.2.jar:/home/runner/.m2/repository/com/google/j2objc/j2objc-annotations/2.8/j2objc-annotations-2.8.jar:/home/runner/.m2/repository/com/google/protobuf/protobuf-java/2.5.0/protobuf-java-2.5.0.jar:/home/runner/.m2/repository/com/squareup/okhttp3/okhttp/4.12.0/okhttp-4.12.0.jar:/home/runner/.m2/repository/com/squareup/okio/okio/3.6.0/okio-3.6.0.jar:/home/runner/.m2/repository/com/squareup/okio/okio-jvm/3.6.0/okio-jvm-3.6.0.jar:/home/runner/.m2/repository/org/jetbrains/kotlin/kotlin-stdlib-common/1.9.25/kotlin-stdlib-common-1.9.25.jar:/home/runner/.m2/repository/org/jetbrains/kotlin/kotlin-stdlib-jdk8/1.9.25/kotlin-stdlib-jdk8-1.9.25.jar:/home/runner/.m2/repository/org/jetbrains/kotlin/kotlin-stdlib/1.9.25/kotlin-stdlib-1.9.25.jar:/home/runner/.m2/repository/org/jetbrains/annotations/13.0/annotations-13.0.jar:/home/runner/.m2/repository/org/jetbrains/kotlin/kotlin-stdlib-jdk7/1.9.25/kotlin-stdlib-jdk7-1.9.25.jar:/home/runner/.m2/repository/commons-codec/commons-codec/1.18.0/commons-codec-1.18.0.jar:/home/runner/.m2/repository/commons-io/commons-io/2.18.0/commons-io-2.18.0.jar:/home/runner/.m2/repository/commons-validator/commons-validator/1.6/commons-validator-1.6.jar:/home/runner/.m2/repository/commons-beanutils/commons-beanutils/1.11.0/commons-beanutils-1.11.0.jar:/home/runner/.m2/repository/commons-digester/commons-digester/1.8.1/commons-digester-1.8.1.jar:/home/runner/.m2/repository/commons-collections/commons-collections/3.2.2/commons-collections-3.2.2.jar:/home/runner/.m2/repository/info/picocli/picocli/4.7.7/picocli-4.7.7.jar:/home/runner/.m2/repository/jakarta/annotation/jakarta.annotation-api/2.1.1/jakarta.annotation-api-2.1.1.jar:/home/runner/.m2/repository/jakarta/xml/bind/jakarta.xml.bind-api/2.3.3/jakarta.xml.bind-api-2.3.3.jar:/home/runner/.m2/repository/jakarta/activation/jakarta.activation-api/1.2.2/jakarta.activation-api-1.2.2.jar:/home/runner/.m2/repository/javax/servlet/javax.servlet-api/3.1.0/javax.servlet-api-3.1.0.jar:/home/runner/.m2/repository/javax/ws/rs/jsr311-api/1.1.1/jsr311-api-1.1.1.jar:/home/runner/.m2/repository/org/apache/commons/commons-compress/1.27.1/commons-compress-1.27.1.jar:/home/runner/.m2/repository/org/apache/commons/commons-lang3/3.17.0/commons-lang3-3.17.0.jar:/home/runner/.m2/repository/org/apache/commons/commons-text/1.13.1/commons-text-1.13.1.jar:/home/runner/.m2/repository/org/apache/hadoop/hadoop-auth/3.4.1/hadoop-auth-3.4.1.jar:/home/runner/.m2/repository/com/nimbusds/nimbus-jose-jwt/9.40/nimbus-jose-jwt-9.40.jar:/home/runner/.m2/repository/io/dropwizard/metrics/metrics-core/3.2.6/metrics-core-3.2.6.jar:/home/runner/.m2/repository/org/apache/kerby/kerb-core/1.0.1/kerb-core-1.0.1.jar:/home/runner/.m2/repository/org/apache/kerby/kerby-pkix/1.0.1/kerby-pkix-1.0.1.jar:/home/runner/.m2/repository/org/apache/kerby/kerby-asn1/1.0.1/kerby-asn1-1.0.1.jar:/home/runner/.m2/repository/org/apache/kerby/kerb-util/1.0.1/kerb-util-1.0.1.jar:/home/runner/.m2/repository/org/apache/kerby/kerby-config/1.0.1/kerby-config-1.0.1.jar:/home/runner/.m2/repository/org/apache/kerby/kerb-crypto/1.0.1/kerb-crypto-1.0.1.jar:/home/runner/.m2/repository/org/apache/hadoop/thirdparty/hadoop-shaded-guava/1.3.0/hadoop-shaded-guava-1.3.0.jar:/home/runner/.m2/repository/org/apache/hadoop/hadoop-common/3.4.1/hadoop-common-3.4.1.jar:/home/runner/.m2/repository/org/apache/hadoop/thirdparty/hadoop-shaded-protobuf_3_25/1.4.0/hadoop-shaded-protobuf_3_25-1.4.0.jar:/home/runner/.m2/repository/org/apache/hadoop/hadoop-annotations/3.4.1/hadoop-annotations-3.4.1.jar:/home/runner/.m2/repository/commons-cli/commons-cli/1.8.0/commons-cli-1.8.0.jar:/home/runner/.m2/repository/commons-net/commons-net/3.11.1/commons-net-3.11.1.jar:/home/runner/.m2/repository/org/eclipse/jetty/jetty-server/9.4.57.v20241219/jetty-server-9.4.57.v20241219.jar:/home/runner/.m2/repository/org/eclipse/jetty/jetty-io/9.4.57.v20241219/jetty-io-9.4.57.v20241219.jar:/home/runner/.m2/repository/org/eclipse/jetty/jetty-util/9.4.57.v20241219/jetty-util-9.4.57.v20241219.jar:/home/runner/.m2/repository/org/eclipse/jetty/jetty-servlet/9.4.57.v20241219/jetty-servlet-9.4.57.v20241219.jar:/home/runner/.m2/repository/org/eclipse/jetty/jetty-security/9.4.57.v20241219/jetty-security-9.4.57.v20241219.jar:/home/runner/.m2/repository/org/eclipse/jetty/jetty-webapp/9.4.57.v20241219/jetty-webapp-9.4.57.v20241219.jar:/home/runner/.m2/repository/org/eclipse/jetty/jetty-xml/9.4.57.v20241219/jetty-xml-9.4.57.v20241219.jar:/home/runner/.m2/repository/javax/servlet/jsp/jsp-api/2.1/jsp-api-2.1.jar:/home/runner/.m2/repository/org/codehaus/jettison/jettison/1.5.4/jettison-1.5.4.jar:/home/runner/.m2/repository/org/apache/commons/commons-configuration2/2.12.0/commons-configuration2-2.12.0.jar:/home/runner/.m2/repository/com/google/re2j/re2j/1.7/re2j-1.7.jar:/home/runner/.m2/repository/com/google/code/gson/gson/2.10.1/gson-2.10.1.jar:/home/runner/.m2/repository/com/jcraft/jsch/0.1.55/jsch-0.1.55.jar:/home/runner/.m2/repository/io/netty/netty-handler/4.1.119.Final/netty-handler-4.1.119.Final.jar:/home/runner/.m2/repository/io/netty/netty-resolver/4.1.119.Final/netty-resolver-4.1.119.Final.jar:/home/runner/.m2/repository/io/netty/netty-transport-native-epoll/4.1.119.Final/netty-transport-native-epoll-4.1.119.Final.jar:/home/runner/.m2/repository/org/bouncycastle/bcprov-jdk18on/1.81/bcprov-jdk18on-1.81.jar:/home/runner/.m2/repository/org/codehaus/woodstox/stax2-api/4.2.1/stax2-api-4.2.1.jar:/home/runner/.m2/repository/com/fasterxml/woodstox/woodstox-core/5.4.0/woodstox-core-5.4.0.jar:/home/runner/.m2/repository/dnsjava/dnsjava/3.6.1/dnsjava-3.6.1.jar:/home/runner/.m2/repository/org/apache/hadoop/hadoop-common/3.4.1/hadoop-common-3.4.1-tests.jar:/home/runner/.m2/repository/org/apache/commons/commons-math3/3.6.1/commons-math3-3.6.1.jar:/home/runner/.m2/repository/com/sun/jersey/jersey-core/1.19.4/jersey-core-1.19.4.jar:/home/runner/.m2/repository/com/sun/jersey/jersey-servlet/1.19.4/jersey-servlet-1.19.4.jar:/home/runner/.m2/repository/com/github/pjfanning/jersey-json/1.22.0/jersey-json-1.22.0.jar:/home/runner/.m2/repository/com/sun/xml/bind/jaxb-impl/2.2.3-1/jaxb-impl-2.2.3-1.jar:/home/runner/.m2/repository/com/sun/jersey/jersey-server/1.19.4/jersey-server-1.19.4.jar:/home/runner/.m2/repository/org/slf4j/slf4j-reload4j/2.0.17/slf4j-reload4j-2.0.17.jar:/home/runner/.m2/repository/org/apache/avro/avro/1.9.2/avro-1.9.2.jar:/home/runner/.m2/repository/org/apache/curator/curator-client/4.2.0/curator-client-4.2.0.jar:/home/runner/.m2/repository/org/apache/curator/curator-recipes/5.2.0/curator-recipes-5.2.0.jar:/home/runner/.m2/repository/org/apache/curator/curator-framework/4.2.0/curator-framework-4.2.0.jar:/home/runner/.m2/repository/com/google/code/findbugs/jsr305/3.0.2/jsr305-3.0.2.jar:/home/runner/.m2/repository/org/apache/zookeeper/zookeeper/3.8.4/zookeeper-3.8.4.jar:/home/runner/.m2/repository/org/apache/zookeeper/zookeeper-jute/3.8.4/zookeeper-jute-3.8.4.jar:/home/runner/.m2/repository/org/apache/yetus/audience-annotations/0.12.0/audience-annotations-0.12.0.jar:/home/runner/.m2/repository/org/xerial/snappy/snappy-java/1.1.10.8/snappy-java-1.1.10.8.jar:/home/runner/.m2/repository/org/apache/hadoop/hadoop-distcp/3.4.1/hadoop-distcp-3.4.1.jar:/home/runner/.m2/repository/org/apache/hadoop/hadoop-distcp/3.4.1/hadoop-distcp-3.4.1-tests.jar:/home/runner/.m2/repository/org/apache/hadoop/hadoop-hdfs/3.4.1/hadoop-hdfs-3.4.1.jar:/home/runner/.m2/repository/org/eclipse/jetty/jetty-util-ajax/9.4.57.v20241219/jetty-util-ajax-9.4.57.v20241219.jar:/home/runner/.m2/repository/commons-daemon/commons-daemon/1.4.0/commons-daemon-1.4.0.jar:/home/runner/.m2/repository/org/apache/hadoop/hadoop-hdfs/3.4.1/hadoop-hdfs-3.4.1-tests.jar:/home/runner/.m2/repository/io/netty/netty-all/4.1.119.Final/netty-all-4.1.119.Final.jar:/home/runner/.m2/repository/io/netty/netty-codec-dns/4.1.119.Final/netty-codec-dns-4.1.119.Final.jar:/home/runner/.m2/repository/io/netty/netty-codec-haproxy/4.1.119.Final/netty-codec-haproxy-4.1.119.Final.jar:/home/runner/.m2/repository/io/netty/netty-codec-http/4.1.119.Final/netty-codec-http-4.1.119.Final.jar:/home/runner/.m2/repository/io/netty/netty-codec-memcache/4.1.119.Final/netty-codec-memcache-4.1.119.Final.jar:/home/runner/.m2/repository/io/netty/netty-codec-mqtt/4.1.119.Final/netty-codec-mqtt-4.1.119.Final.jar:/home/runner/.m2/repository/io/netty/netty-codec-redis/4.1.119.Final/netty-codec-redis-4.1.119.Final.jar:/home/runner/.m2/repository/io/netty/netty-codec-smtp/4.1.119.Final/netty-codec-smtp-4.1.119.Final.jar:/home/runner/.m2/repository/io/netty/netty-codec-socks/4.1.119.Final/netty-codec-socks-4.1.119.Final.jar:/home/runner/.m2/repository/io/netty/netty-codec-stomp/4.1.119.Final/netty-codec-stomp-4.1.119.Final.jar:/home/runner/.m2/repository/io/netty/netty-codec-xml/4.1.119.Final/netty-codec-xml-4.1.119.Final.jar:/home/runner/.m2/repository/io/netty/netty-handler-ssl-ocsp/4.1.119.Final/netty-handler-ssl-ocsp-4.1.119.Final.jar:/home/runner/.m2/repository/io/netty/netty-resolver-dns/4.1.119.Final/netty-resolver-dns-4.1.119.Final.jar:/home/runner/.m2/repository/io/netty/netty-transport-rxtx/4.1.119.Final/netty-transport-rxtx-4.1.119.Final.jar:/home/runner/.m2/repository/io/netty/netty-transport-sctp/4.1.119.Final/netty-transport-sctp-4.1.119.Final.jar:/home/runner/.m2/repository/io/netty/netty-transport-udt/4.1.119.Final/netty-transport-udt-4.1.119.Final.jar:/home/runner/.m2/repository/io/netty/netty-transport-classes-kqueue/4.1.119.Final/netty-transport-classes-kqueue-4.1.119.Final.jar:/home/runner/.m2/repository/io/netty/netty-resolver-dns-classes-macos/4.1.119.Final/netty-resolver-dns-classes-macos-4.1.119.Final.jar:/home/runner/.m2/repository/io/netty/netty-transport-native-epoll/4.1.119.Final/netty-transport-native-epoll-4.1.119.Final-linux-aarch_64.jar:/home/runner/.m2/repository/io/netty/netty-transport-native-epoll/4.1.119.Final/netty-transport-native-epoll-4.1.119.Final-linux-riscv64.jar:/home/runner/.m2/repository/io/netty/netty-transport-native-kqueue/4.1.119.Final/netty-transport-native-kqueue-4.1.119.Final-osx-x86_64.jar:/home/runner/.m2/repository/io/netty/netty-transport-native-kqueue/4.1.119.Final/netty-transport-native-kqueue-4.1.119.Final-osx-aarch_64.jar:/home/runner/.m2/repository/io/netty/netty-resolver-dns-native-macos/4.1.119.Final/netty-resolver-dns-native-macos-4.1.119.Final-osx-x86_64.jar:/home/runner/.m2/repository/io/netty/netty-resolver-dns-native-macos/4.1.119.Final/netty-resolver-dns-native-macos-4.1.119.Final-osx-aarch_64.jar:/home/runner/.m2/repository/org/fusesource/leveldbjni/leveldbjni-all/1.8/leveldbjni-all-1.8.jar:/home/runner/.m2/repository/org/apache/hadoop/hadoop-hdfs-client/3.4.1/hadoop-hdfs-client-3.4.1.jar:/home/runner/.m2/repository/org/apache/hadoop/hadoop-kms/3.4.1/hadoop-kms-3.4.1.jar:/home/runner/.m2/repository/org/apache/hadoop/hadoop-kms/3.4.1/hadoop-kms-3.4.1-tests.jar:/home/runner/.m2/repository/org/apache/hadoop/hadoop-mapreduce-client-core/3.4.1/hadoop-mapreduce-client-core-3.4.1.jar:/home/runner/.m2/repository/org/apache/hadoop/hadoop-yarn-client/3.4.1/hadoop-yarn-client-3.4.1.jar:/home/runner/.m2/repository/org/eclipse/jetty/websocket/websocket-client/9.4.53.v20231009/websocket-client-9.4.53.v20231009.jar:/home/runner/.m2/repository/org/eclipse/jetty/jetty-client/9.4.57.v20241219/jetty-client-9.4.57.v20241219.jar:/home/runner/.m2/repository/org/eclipse/jetty/websocket/websocket-common/9.4.53.v20231009/websocket-common-9.4.53.v20231009.jar:/home/runner/.m2/repository/org/eclipse/jetty/websocket/websocket-api/9.4.53.v20231009/websocket-api-9.4.53.v20231009.jar:/home/runner/.m2/repository/org/apache/hadoop/hadoop-yarn-api/3.4.1/hadoop-yarn-api-3.4.1.jar:/home/runner/.m2/repository/org/apache/hadoop/hadoop-yarn-common/3.4.1/hadoop-yarn-common-3.4.1.jar:/home/runner/.m2/repository/javax/xml/bind/jaxb-api/2.2.11/jaxb-api-2.2.11.jar:/home/runner/.m2/repository/com/sun/jersey/contribs/jersey-guice/1.19.4/jersey-guice-1.19.4.jar:/home/runner/.m2/repository/com/fasterxml/jackson/module/jackson-module-jaxb-annotations/2.16.2/jackson-module-jaxb-annotations-2.16.2.jar:/home/runner/.m2/repository/com/fasterxml/jackson/jaxrs/jackson-jaxrs-json-provider/2.16.2/jackson-jaxrs-json-provider-2.16.2.jar:/home/runner/.m2/repository/com/google/inject/extensions/guice-servlet/6.0.0/guice-servlet-6.0.0.jar:/home/runner/.m2/repository/org/apache/hadoop/hadoop-mapreduce-client-jobclient/3.4.1/hadoop-mapreduce-client-jobclient-3.4.1.jar:/home/runner/.m2/repository/org/apache/hadoop/hadoop-mapreduce-client-common/3.4.1/hadoop-mapreduce-client-common-3.4.1.jar:/home/runner/.m2/repository/org/apache/hadoop/hadoop-minikdc/3.4.1/hadoop-minikdc-3.4.1.jar:/home/runner/.m2/repository/org/apache/kerby/kerb-simplekdc/2.0.3/kerb-simplekdc-2.0.3.jar:/home/runner/.m2/repository/org/apache/kerby/kerb-client/2.0.3/kerb-client-2.0.3.jar:/home/runner/.m2/repository/org/apache/kerby/kerb-common/2.0.3/kerb-common-2.0.3.jar:/home/runner/.m2/repository/org/apache/kerby/token-provider/2.0.3/token-provider-2.0.3.jar:/home/runner/.m2/repository/org/apache/kerby/kerb-admin/2.0.3/kerb-admin-2.0.3.jar:/home/runner/.m2/repository/org/apache/kerby/kerb-server/2.0.3/kerb-server-2.0.3.jar:/home/runner/.m2/repository/org/apache/kerby/kerb-identity/2.0.3/kerb-identity-2.0.3.jar:/home/runner/.m2/repository/org/apache/kerby/kerby-xdr/2.0.3/kerby-xdr-2.0.3.jar:/home/runner/.m2/repository/junit/junit/4.13.2/junit-4.13.2.jar:/home/runner/.m2/repository/org/hamcrest/hamcrest-core/1.3/hamcrest-core-1.3.jar:/home/runner/.m2/repository/org/apache/httpcomponents/httpclient/4.5.14/httpclient-4.5.14.jar:/home/runner/.m2/repository/org/apache/httpcomponents/httpcore/4.4.16/httpcore-4.4.16.jar:/home/runner/.m2/repository/org/apache/kerby/kerby-util/1.0.1/kerby-util-1.0.1.jar:/home/runner/work/ozone/ozone/hadoop-hdds/client/target/hdds-client-2.1.0-SNAPSHOT.jar:/home/runner/.m2/repository/io/opentracing/opentracing-api/0.33.0/opentracing-api-0.33.0.jar:/home/runner/.m2/repository/io/opentracing/opentracing-util/0.33.0/opentracing-util-0.33.0.jar:/home/runner/.m2/repository/io/opentracing/opentracing-noop/0.33.0/opentracing-noop-0.33.0.jar:/home/runner/work/ozone/ozone/hadoop-hdds/erasurecode/target/hdds-erasurecode-2.1.0-SNAPSHOT.jar:/home/runner/work/ozone/ozone/hadoop-hdds/common/target/hdds-common-2.1.0-SNAPSHOT.jar:/home/runner/.m2/repository/com/fasterxml/jackson/datatype/jackson-datatype-jsr310/2.16.2/jackson-datatype-jsr310-2.16.2.jar:/home/runner/.m2/repository/io/jaegertracing/jaeger-core/1.8.1/jaeger-core-1.8.1.jar:/home/runner/.m2/repository/org/apache/ratis/ratis-netty/3.2.0/ratis-netty-3.2.0.jar:/home/runner/.m2/repository/org/yaml/snakeyaml/2.0/snakeyaml-2.0.jar:/home/runner/.m2/repository/io/jaegertracing/jaeger-client/1.8.1/jaeger-client-1.8.1.jar:/home/runner/.m2/repository/io/jaegertracing/jaeger-thrift/1.8.1/jaeger-thrift-1.8.1.jar:/home/runner/.m2/repository/org/apache/thrift/libthrift/0.15.0/libthrift-0.15.0.jar:/home/runner/.m2/repository/io/jaegertracing/jaeger-tracerresolver/1.8.1/jaeger-tracerresolver-1.8.1.jar:/home/runner/.m2/repository/io/opentracing/contrib/opentracing-tracerresolver/0.1.8/opentracing-tracerresolver-0.1.8.jar:/home/runner/.m2/repository/org/apache/ratis/ratis-metrics-dropwizard3/3.2.0/ratis-metrics-dropwizard3-3.2.0.jar:/home/runner/.m2/repository/org/slf4j/jcl-over-slf4j/2.0.17/jcl-over-slf4j-2.0.17.jar:/home/runner/work/ozone/ozone/hadoop-hdds/common/target/hdds-common-2.1.0-SNAPSHOT-tests.jar:/home/runner/work/ozone/ozone/hadoop-hdds/config/target/hdds-config-2.1.0-SNAPSHOT.jar:/home/runner/work/ozone/ozone/hadoop-hdds/container-service/target/hdds-container-service-2.1.0-SNAPSHOT.jar:/home/runner/.m2/repository/io/netty/netty-buffer/4.1.119.Final/netty-buffer-4.1.119.Final.jar:/home/runner/.m2/repository/io/netty/netty-codec/4.1.119.Final/netty-codec-4.1.119.Final.jar:/home/runner/.m2/repository/io/netty/netty-common/4.1.119.Final/netty-common-4.1.119.Final.jar:/home/runner/.m2/repository/io/netty/netty-transport/4.1.119.Final/netty-transport-4.1.119.Final.jar:/home/runner/.m2/repository/org/apache/logging/log4j/log4j-api/2.25.0/log4j-api-2.25.0.jar:/home/runner/.m2/repository/com/github/luben/zstd-jni/1.5.7-4/zstd-jni-1.5.7-4.jar:/home/runner/.m2/repository/log4j/apache-log4j-extras/1.2.17/apache-log4j-extras-1.2.17.jar:/home/runner/.m2/repository/org/glassfish/jaxb/jaxb-runtime/2.3.9/jaxb-runtime-2.3.9.jar:/home/runner/.m2/repository/org/glassfish/jaxb/txw2/2.3.9/txw2-2.3.9.jar:/home/runner/.m2/repository/com/sun/istack/istack-commons-runtime/3.0.12/istack-commons-runtime-3.0.12.jar:/home/runner/.m2/repository/com/sun/activation/jakarta.activation/1.2.2/jakarta.activation-1.2.2.jar:/home/runner/work/ozone/ozone/hadoop-hdds/container-service/target/hdds-container-service-2.1.0-SNAPSHOT-tests.jar:/home/runner/work/ozone/ozone/hadoop-hdds/interface-admin/target/hdds-interface-admin-2.1.0-SNAPSHOT.jar:/home/runner/work/ozone/ozone/hadoop-hdds/interface-client/target/hdds-interface-client-2.1.0-SNAPSHOT.jar:/home/runner/work/ozone/ozone/hadoop-hdds/interface-server/target/hdds-interface-server-2.1.0-SNAPSHOT.jar:/home/runner/work/ozone/ozone/hadoop-hdds/managed-rocksdb/target/hdds-managed-rocksdb-2.1.0-SNAPSHOT.jar:/home/runner/work/ozone/ozone/hadoop-hdds/rocks-native/target/hdds-rocks-native-2.1.0-SNAPSHOT.jar:/home/runner/work/ozone/ozone/hadoop-hdds/framework/target/hdds-server-framework-2.1.0-SNAPSHOT.jar:/home/runner/.m2/repository/com/github/jnr/jnr-constants/0.10.4/jnr-constants-0.10.4.jar:/home/runner/.m2/repository/com/github/jnr/jnr-posix/3.1.20/jnr-posix-3.1.20.jar:/home/runner/.m2/repository/com/github/jnr/jnr-ffi/2.2.17/jnr-ffi-2.2.17.jar:/home/runner/.m2/repository/com/github/jnr/jffi/1.3.13/jffi-1.3.13.jar:/home/runner/.m2/repository/com/github/jnr/jffi/1.3.13/jffi-1.3.13-native.jar:/home/runner/.m2/repository/org/ow2/asm/asm/9.7.1/asm-9.7.1.jar:/home/runner/.m2/repository/org/ow2/asm/asm-commons/9.7.1/asm-commons-9.7.1.jar:/home/runner/.m2/repository/org/ow2/asm/asm-analysis/9.7.1/asm-analysis-9.7.1.jar:/home/runner/.m2/repository/org/ow2/asm/asm-tree/9.7.1/asm-tree-9.7.1.jar:/home/runner/.m2/repository/org/ow2/asm/asm-util/9.7.1/asm-util-9.7.1.jar:/home/runner/.m2/repository/com/github/jnr/jnr-a64asm/1.0.0/jnr-a64asm-1.0.0.jar:/home/runner/.m2/repository/com/github/jnr/jnr-x86asm/1.0.2/jnr-x86asm-1.0.2.jar:/home/runner/.m2/repository/commons-fileupload/commons-fileupload/1.5/commons-fileupload-1.5.jar:/home/runner/.m2/repository/io/grpc/grpc-api/1.71.0/grpc-api-1.71.0.jar:/home/runner/.m2/repository/io/prometheus/simpleclient/0.16.0/simpleclient-0.16.0.jar:/home/runner/.m2/repository/io/prometheus/simpleclient_common/0.16.0/simpleclient_common-0.16.0.jar:/home/runner/.m2/repository/io/prometheus/simpleclient_dropwizard/0.16.0/simpleclient_dropwizard-0.16.0.jar:/home/runner/.m2/repository/jakarta/ws/rs/jakarta.ws.rs-api/2.1.6/jakarta.ws.rs-api-2.1.6.jar:/home/runner/.m2/repository/org/eclipse/jetty/jetty-http/9.4.57.v20241219/jetty-http-9.4.57.v20241219.jar:/home/runner/.m2/repository/org/glassfish/jersey/containers/jersey-container-servlet-core/2.47/jersey-container-servlet-core-2.47.jar:/home/runner/.m2/repository/org/glassfish/jersey/core/jersey-server/2.47/jersey-server-2.47.jar:/home/runner/.m2/repository/org/glassfish/jersey/core/jersey-client/2.47/jersey-client-2.47.jar:/home/runner/.m2/repository/com/lmax/disruptor/3.4.4/disruptor-3.4.4.jar:/home/runner/.m2/repository/org/apache/logging/log4j/log4j-core/2.25.0/log4j-core-2.25.0.jar:/home/runner/work/ozone/ozone/hadoop-hdds/framework/target/hdds-server-framework-2.1.0-SNAPSHOT-tests.jar:/home/runner/work/ozone/ozone/hadoop-hdds/server-scm/target/hdds-server-scm-2.1.0-SNAPSHOT.jar:/home/runner/work/ozone/ozone/hadoop-hdds/server-scm/target/hdds-server-scm-2.1.0-SNAPSHOT-tests.jar:/home/runner/work/ozone/ozone/hadoop-hdds/test-utils/target/hdds-test-utils-2.1.0-SNAPSHOT-tests.jar:/home/runner/work/ozone/ozone/hadoop-ozone/cli-admin/target/ozone-cli-admin-2.1.0-SNAPSHOT.jar:/home/runner/work/ozone/ozone/hadoop-ozone/cli-shell/target/ozone-cli-shell-2.1.0-SNAPSHOT.jar:/home/runner/.m2/repository/info/picocli/picocli-shell-jline3/4.7.7/picocli-shell-jline3-4.7.7.jar:/home/runner/.m2/repository/org/jline/jline/3.30.4/jline-3.30.4.jar:/home/runner/work/ozone/ozone/hadoop-ozone/client/target/ozone-client-2.1.0-SNAPSHOT.jar:/home/runner/work/ozone/ozone/hadoop-ozone/common/target/ozone-common-2.1.0-SNAPSHOT.jar:/home/runner/.m2/repository/io/grpc/grpc-netty/1.71.0/grpc-netty-1.71.0.jar:/home/runner/.m2/repository/org/codehaus/mojo/animal-sniffer-annotations/1.24/animal-sniffer-annotations-1.24.jar:/home/runner/.m2/repository/io/grpc/grpc-core/1.71.0/grpc-core-1.71.0.jar:/home/runner/.m2/repository/com/google/android/annotations/4.1.1.4/annotations-4.1.1.4.jar:/home/runner/.m2/repository/io/grpc/grpc-context/1.71.0/grpc-context-1.71.0.jar:/home/runner/.m2/repository/io/perfmark/perfmark-api/0.27.0/perfmark-api-0.27.0.jar:/home/runner/.m2/repository/io/grpc/grpc-util/1.71.0/grpc-util-1.71.0.jar:/home/runner/.m2/repository/io/netty/netty-codec-http2/4.1.119.Final/netty-codec-http2-4.1.119.Final.jar:/home/runner/.m2/repository/io/netty/netty-handler-proxy/4.1.119.Final/netty-handler-proxy-4.1.119.Final.jar:/home/runner/.m2/repository/io/netty/netty-tcnative-boringssl-static/2.0.70.Final/netty-tcnative-boringssl-static-2.0.70.Final.jar:/home/runner/.m2/repository/io/netty/netty-tcnative-classes/2.0.70.Final/netty-tcnative-classes-2.0.70.Final.jar:/home/runner/.m2/repository/io/netty/netty-tcnative-boringssl-static/2.0.70.Final/netty-tcnative-boringssl-static-2.0.70.Final-linux-x86_64.jar:/home/runner/.m2/repository/io/netty/netty-tcnative-boringssl-static/2.0.70.Final/netty-tcnative-boringssl-static-2.0.70.Final-linux-aarch_64.jar:/home/runner/.m2/repository/io/netty/netty-tcnative-boringssl-static/2.0.70.Final/netty-tcnative-boringssl-static-2.0.70.Final-osx-x86_64.jar:/home/runner/.m2/repository/io/netty/netty-tcnative-boringssl-static/2.0.70.Final/netty-tcnative-boringssl-static-2.0.70.Final-osx-aarch_64.jar:/home/runner/.m2/repository/io/netty/netty-tcnative-boringssl-static/2.0.70.Final/netty-tcnative-boringssl-static-2.0.70.Final-windows-x86_64.jar:/home/runner/work/ozone/ozone/hadoop-ozone/csi/target/ozone-csi-2.1.0-SNAPSHOT.jar:/home/runner/.m2/repository/io/grpc/grpc-protobuf/1.71.0/grpc-protobuf-1.71.0.jar:/home/runner/.m2/repository/com/google/api/grpc/proto-google-common-protos/2.51.0/proto-google-common-protos-2.51.0.jar:/home/runner/.m2/repository/io/grpc/grpc-protobuf-lite/1.71.0/grpc-protobuf-lite-1.71.0.jar:/home/runner/.m2/repository/io/grpc/grpc-stub/1.71.0/grpc-stub-1.71.0.jar:/home/runner/.m2/repository/io/netty/netty-transport-classes-epoll/4.1.119.Final/netty-transport-classes-epoll-4.1.119.Final.jar:/home/runner/.m2/repository/io/netty/netty-transport-native-unix-common/4.1.119.Final/netty-transport-native-unix-common-4.1.119.Final.jar:/home/runner/.m2/repository/io/netty/netty-transport-native-epoll/4.1.119.Final/netty-transport-native-epoll-4.1.119.Final-linux-x86_64.jar:/home/runner/work/ozone/ozone/hadoop-ozone/ozonefs/target/ozone-filesystem-2.1.0-SNAPSHOT.jar:/home/runner/work/ozone/ozone/hadoop-ozone/ozonefs-common/target/ozone-filesystem-common-2.1.0-SNAPSHOT.jar:/home/runner/work/ozone/ozone/hadoop-ozone/freon/target/ozone-freon-2.1.0-SNAPSHOT.jar:/home/runner/.m2/repository/com/amazonaws/aws-java-sdk-core/1.12.661/aws-java-sdk-core-1.12.661.jar:/home/runner/.m2/repository/com/fasterxml/jackson/dataformat/jackson-dataformat-cbor/2.16.2/jackson-dataformat-cbor-2.16.2.jar:/home/runner/.m2/repository/joda-time/joda-time/2.12.7/joda-time-2.12.7.jar:/home/runner/.m2/repository/com/amazonaws/aws-java-sdk-s3/1.12.661/aws-java-sdk-s3-1.12.661.jar:/home/runner/.m2/repository/com/amazonaws/aws-java-sdk-kms/1.12.661/aws-java-sdk-kms-1.12.661.jar:/home/runner/.m2/repository/com/amazonaws/jmespath-java/1.12.661/jmespath-java-1.12.661.jar:/home/runner/work/ozone/ozone/hadoop-ozone/interface-client/target/ozone-interface-client-2.1.0-SNAPSHOT.jar:/home/runner/work/ozone/ozone/hadoop-ozone/interface-storage/target/ozone-interface-storage-2.1.0-SNAPSHOT.jar:/home/runner/work/ozone/ozone/hadoop-ozone/ozone-manager/target/ozone-manager-2.1.0-SNAPSHOT.jar:/home/runner/.m2/repository/com/sun/jersey/jersey-client/1.19.4/jersey-client-1.19.4.jar:/home/runner/.m2/repository/org/apache/ranger/ranger-plugins-common/2.6.0/ranger-plugins-common-2.6.0.jar:/home/runner/.m2/repository/com/fasterxml/jackson/jaxrs/jackson-jaxrs-base/2.16.2/jackson-jaxrs-base-2.16.2.jar:/home/runner/.m2/repository/com/kstruct/gethostname4j/1.0.0/gethostname4j-1.0.0.jar:/home/runner/.m2/repository/commons-lang/commons-lang/2.6/commons-lang-2.6.jar:/home/runner/.m2/repository/net/java/dev/jna/jna/5.2.0/jna-5.2.0.jar:/home/runner/.m2/repository/net/java/dev/jna/jna-platform/5.2.0/jna-platform-5.2.0.jar:/home/runner/.m2/repository/org/apache/ranger/ranger-plugin-classloader/2.6.0/ranger-plugin-classloader-2.6.0.jar:/home/runner/.m2/repository/org/apache/ranger/ranger-plugins-audit/2.6.0/ranger-plugins-audit-2.6.0.jar:/home/runner/.m2/repository/com/amazonaws/aws-java-sdk-logs/1.12.765/aws-java-sdk-logs-1.12.765.jar:/home/runner/.m2/repository/com/carrotsearch/hppc/0.8.0/hppc-0.8.0.jar:/home/runner/.m2/repository/io/airlift/aircompressor/0.27/aircompressor-0.27.jar:/home/runner/.m2/repository/org/apache/httpcomponents/httpasyncclient/4.1.4/httpasyncclient-4.1.4.jar:/home/runner/.m2/repository/org/apache/httpcomponents/httpcore-nio/4.4.16/httpcore-nio-4.4.16.jar:/home/runner/.m2/repository/org/apache/httpcomponents/httpmime/4.5.13/httpmime-4.5.13.jar:/home/runner/.m2/repository/org/apache/orc/orc-core/1.5.8/orc-core-1.5.8.jar:/home/runner/.m2/repository/org/apache/orc/orc-shims/1.5.8/orc-shims-1.5.8.jar:/home/runner/.m2/repository/org/apache/ranger/ranger-plugins-cred/2.6.0/ranger-plugins-cred-2.6.0.jar:/home/runner/.m2/repository/org/aspectj/aspectjrt/1.9.7/aspectjrt-1.9.7.jar:/home/runner/work/ozone/ozone/hadoop-ozone/ozone-manager/target/ozone-manager-2.1.0-SNAPSHOT-tests.jar:/home/runner/work/ozone/ozone/hadoop-ozone/mini-cluster/target/ozone-mini-cluster-2.1.0-SNAPSHOT.jar:/home/runner/work/ozone/ozone/hadoop-ozone/recon/target/ozone-recon-2.1.0-SNAPSHOT.jar:/home/runner/.m2/repository/aopalliance/aopalliance/1.0/aopalliance-1.0.jar:/home/runner/.m2/repository/com/google/inject/guice/6.0.0/guice-6.0.0.jar:/home/runner/.m2/repository/jakarta/inject/jakarta.inject-api/2.0.1/jakarta.inject-api-2.0.1.jar:/home/runner/.m2/repository/com/jolbox/bonecp/0.8.0.RELEASE/bonecp-0.8.0.RELEASE.jar:/home/runner/.m2/repository/jakarta/validation/jakarta.validation-api/2.0.2/jakarta.validation-api-2.0.2.jar:/home/runner/.m2/repository/javax/annotation/javax.annotation-api/1.3.2/javax.annotation-api-1.3.2.jar:/home/runner/.m2/repository/javax/inject/javax.inject/1/javax.inject-1.jar:/home/runner/.m2/repository/org/apache/derby/derby/10.14.2.0/derby-10.14.2.0.jar:/home/runner/.m2/repository/org/glassfish/hk2/guice-bridge/2.6.1/guice-bridge-2.6.1.jar:/home/runner/.m2/repository/org/glassfish/hk2/hk2-api/2.6.1/hk2-api-2.6.1.jar:/home/runner/.m2/repository/org/glassfish/hk2/hk2-utils/2.6.1/hk2-utils-2.6.1.jar:/home/runner/.m2/repository/org/glassfish/hk2/external/aopalliance-repackaged/2.6.1/aopalliance-repackaged-2.6.1.jar:/home/runner/.m2/repository/org/glassfish/jersey/core/jersey-common/2.47/jersey-common-2.47.jar:/home/runner/.m2/repository/org/glassfish/hk2/osgi-resource-locator/1.0.3/osgi-resource-locator-1.0.3.jar:/home/runner/.m2/repository/org/jooq/jooq/3.11.10/jooq-3.11.10.jar:/home/runner/.m2/repository/org/springframework/spring-core/5.3.39/spring-core-5.3.39.jar:/home/runner/.m2/repository/org/springframework/spring-jdbc/5.3.39/spring-jdbc-5.3.39.jar:/home/runner/.m2/repository/org/springframework/spring-beans/5.3.39/spring-beans-5.3.39.jar:/home/runner/.m2/repository/org/springframework/spring-tx/5.3.39/spring-tx-5.3.39.jar:/home/runner/.m2/repository/org/xerial/sqlite-jdbc/3.50.3.0/sqlite-jdbc-3.50.3.0.jar:/home/runner/.m2/repository/com/google/inject/extensions/guice-assistedinject/6.0.0/guice-assistedinject-6.0.0.jar:/home/runner/.m2/repository/org/glassfish/hk2/external/jakarta.inject/2.6.1/jakarta.inject-2.6.1.jar:/home/runner/.m2/repository/org/glassfish/jersey/inject/jersey-hk2/2.47/jersey-hk2-2.47.jar:/home/runner/.m2/repository/org/glassfish/hk2/hk2-locator/2.6.1/hk2-locator-2.6.1.jar:/home/runner/.m2/repository/org/glassfish/jersey/media/jersey-media-jaxb/2.47/jersey-media-jaxb-2.47.jar:/home/runner/.m2/repository/org/glassfish/jersey/media/jersey-media-json-jackson/2.47/jersey-media-json-jackson-2.47.jar:/home/runner/.m2/repository/org/glassfish/jersey/ext/jersey-entity-filtering/2.47/jersey-entity-filtering-2.47.jar:/home/runner/work/ozone/ozone/hadoop-ozone/recon-codegen/target/ozone-reconcodegen-2.1.0-SNAPSHOT.jar:/home/runner/.m2/repository/org/jooq/jooq-codegen/3.11.10/jooq-codegen-3.11.10.jar:/home/runner/.m2/repository/org/jooq/jooq-meta/3.11.10/jooq-meta-3.11.10.jar:/home/runner/work/ozone/ozone/hadoop-ozone/s3gateway/target/ozone-s3gateway-2.1.0-SNAPSHOT.jar:/home/runner/work/ozone/ozone/hadoop-ozone/tools/target/ozone-tools-2.1.0-SNAPSHOT.jar:/home/runner/.m2/repository/com/github/vlsi/mxgraph/jgraphx/3.9.12/jgraphx-3.9.12.jar:/home/runner/.m2/repository/org/apache/ratis/ratis-shell/3.2.0/ratis-shell-3.2.0.jar:/home/runner/.m2/repository/org/apache/ratis/ratis-tools/3.2.0/ratis-tools-3.2.0.jar:/home/runner/.m2/repository/org/jgrapht/jgrapht-core/1.4.0/jgrapht-core-1.4.0.jar:/home/runner/.m2/repository/org/jheaps/jheaps/0.11/jheaps-0.11.jar:/home/runner/.m2/repository/org/jgrapht/jgrapht-ext/1.4.0/jgrapht-ext-1.4.0.jar:/home/runner/work/ozone/ozone/hadoop-hdds/rocksdb-checkpoint-differ/target/rocksdb-checkpoint-differ-2.1.0-SNAPSHOT.jar:/home/runner/.m2/repository/org/apache/ranger/ranger-intg/2.6.0/ranger-intg-2.6.0.jar:/home/runner/.m2/repository/org/apache/ratis/ratis-client/3.2.0/ratis-client-3.2.0.jar:/home/runner/.m2/repository/org/apache/ratis/ratis-common/3.2.0/ratis-common-3.2.0.jar:/home/runner/.m2/repository/org/apache/ratis/ratis-grpc/3.2.0/ratis-grpc-3.2.0.jar:/home/runner/.m2/repository/org/apache/ratis/ratis-metrics-api/3.2.0/ratis-metrics-api-3.2.0.jar:/home/runner/.m2/repository/org/apache/ratis/ratis-proto/3.2.0/ratis-proto-3.2.0.jar:/home/runner/.m2/repository/org/apache/ratis/ratis-server/3.2.0/ratis-server-3.2.0.jar:/home/runner/.m2/repository/org/apache/ratis/ratis-server-api/3.2.0/ratis-server-api-3.2.0.jar:/home/runner/.m2/repository/org/apache/ratis/ratis-thirdparty-misc/1.0.9/ratis-thirdparty-misc-1.0.9.jar:/home/runner/.m2/repository/org/bouncycastle/bcpkix-jdk18on/1.81/bcpkix-jdk18on-1.81.jar:/home/runner/.m2/repository/org/bouncycastle/bcutil-jdk18on/1.81/bcutil-jdk18on-1.81.jar:/home/runner/.m2/repository/org/hamcrest/hamcrest/2.2/hamcrest-2.2.jar:/home/runner/.m2/repository/org/reflections/reflections/0.10.2/reflections-0.10.2.jar:/home/runner/.m2/repository/org/javassist/javassist/3.30.2-GA/javassist-3.30.2-GA.jar:/home/runner/.m2/repository/org/rocksdb/rocksdbjni/7.7.3/rocksdbjni-7.7.3.jar:/home/runner/.m2/repository/org/slf4j/jul-to-slf4j/2.0.17/jul-to-slf4j-2.0.17.jar:/home/runner/.m2/repository/org/slf4j/slf4j-api/2.0.17/slf4j-api-2.0.17.jar:/home/runner/.m2/repository/org/assertj/assertj-core/3.27.3/assertj-core-3.27.3.jar:/home/runner/.m2/repository/net/bytebuddy/byte-buddy/1.15.11/byte-buddy-1.15.11.jar:/home/runner/.m2/repository/org/junit/jupiter/junit-jupiter-api/5.13.4/junit-jupiter-api-5.13.4.jar:/home/runner/.m2/repository/org/opentest4j/opentest4j/1.3.0/opentest4j-1.3.0.jar:/home/runner/.m2/repository/org/junit/platform/junit-platform-commons/1.13.4/junit-platform-commons-1.13.4.jar:/home/runner/.m2/repository/org/apiguardian/apiguardian-api/1.1.2/apiguardian-api-1.1.2.jar:/home/runner/.m2/repository/org/junit/jupiter/junit-jupiter-params/5.13.4/junit-jupiter-params-5.13.4.jar:/home/runner/.m2/repository/org/mockito/mockito-core/4.11.0/mockito-core-4.11.0.jar:/home/runner/.m2/repository/net/bytebuddy/byte-buddy-agent/1.12.19/byte-buddy-agent-1.12.19.jar:/home/runner/.m2/repository/org/objenesis/objenesis/3.3/objenesis-3.3.jar:/home/runner/.m2/repository/org/mockito/mockito-inline/4.11.0/mockito-inline-4.11.0.jar:/home/runner/.m2/repository/org/mockito/mockito-junit-jupiter/4.11.0/mockito-junit-jupiter-4.11.0.jar:/home/runner/work/ozone/ozone/hadoop-ozone/integration-test/target/gradle-enterprise/test-listeners.jar:"/>
    <property name="java.vm.vendor" value="Eclipse Adoptium"/>
    <property name="sun.arch.data.model" value="64"/>
    <property name="test.build.dir" value="/home/runner/work/ozone/ozone/hadoop-ozone/integration-test/target/test-dir"/>
    <property name="test.cache.data" value=""/>
    <property name="java.vendor.url" value="https://adoptium.net/"/>
    <property name="user.timezone" value="Etc/UTC"/>
    <property name="maven-surefire-plugin.argLineAccessArgs" value=" --add-opens java.management/com.sun.jmx.mbeanserver=ALL-UNNAMED --add-exports java.management/com.sun.jmx.mbeanserver=ALL-UNNAMED --add-opens java.base/java.nio=ALL-UNNAMED --add-opens java.base/java.lang=ALL-UNNAMED --add-opens java.base/java.lang.reflect=ALL-UNNAMED"/>
    <property name="os.name" value="Linux"/>
    <property name="java.vm.specification.version" value="21"/>
    <property name="test.build.data" value="/home/runner/work/ozone/ozone/hadoop-ozone/integration-test/target/test-dir"/>
    <property name="sun.java.launcher" value="SUN_STANDARD"/>
    <property name="sun.boot.library.path" value="/usr/lib/jvm/temurin-21-jdk-amd64/lib"/>
    <property name="sun.java.command" value="/home/runner/work/ozone/ozone/hadoop-ozone/integration-test/target/surefire/surefirebooter-20250730085006253_1091.jar /home/runner/work/ozone/ozone/hadoop-ozone/integration-test/target/surefire 2025-07-30T08-40-39_275-jvmRun1 surefire-20250730085006253_1089tmp surefire_159-20250730085006253_1090tmp"/>
    <property name="jdk.debug" value="release"/>
    <property name="native.lib.tmp.dir" value="/tmp"/>
    <property name="surefire.test.class.path" value="/home/runner/work/ozone/ozone/hadoop-ozone/integration-test/target/test-classes:/home/runner/work/ozone/ozone/hadoop-ozone/integration-test/target/classes:/home/runner/.m2/repository/ch/qos/reload4j/reload4j/1.2.26/reload4j-1.2.26.jar:/home/runner/.m2/repository/com/fasterxml/jackson/core/jackson-core/2.16.2/jackson-core-2.16.2.jar:/home/runner/.m2/repository/com/fasterxml/jackson/core/jackson-databind/2.16.2/jackson-databind-2.16.2.jar:/home/runner/.m2/repository/com/fasterxml/jackson/core/jackson-annotations/2.16.2/jackson-annotations-2.16.2.jar:/home/runner/.m2/repository/com/github/stephenc/jcip/jcip-annotations/1.0-1/jcip-annotations-1.0-1.jar:/home/runner/.m2/repository/com/google/guava/guava/32.1.3-jre/guava-32.1.3-jre.jar:/home/runner/.m2/repository/com/google/guava/failureaccess/1.0.1/failureaccess-1.0.1.jar:/home/runner/.m2/repository/com/google/guava/listenablefuture/9999.0-empty-to-avoid-conflict-with-guava/listenablefuture-9999.0-empty-to-avoid-conflict-with-guava.jar:/home/runner/.m2/repository/org/checkerframework/checker-qual/3.37.0/checker-qual-3.37.0.jar:/home/runner/.m2/repository/com/google/errorprone/error_prone_annotations/2.29.2/error_prone_annotations-2.29.2.jar:/home/runner/.m2/repository/com/google/j2objc/j2objc-annotations/2.8/j2objc-annotations-2.8.jar:/home/runner/.m2/repository/com/google/protobuf/protobuf-java/2.5.0/protobuf-java-2.5.0.jar:/home/runner/.m2/repository/com/squareup/okhttp3/okhttp/4.12.0/okhttp-4.12.0.jar:/home/runner/.m2/repository/com/squareup/okio/okio/3.6.0/okio-3.6.0.jar:/home/runner/.m2/repository/com/squareup/okio/okio-jvm/3.6.0/okio-jvm-3.6.0.jar:/home/runner/.m2/repository/org/jetbrains/kotlin/kotlin-stdlib-common/1.9.25/kotlin-stdlib-common-1.9.25.jar:/home/runner/.m2/repository/org/jetbrains/kotlin/kotlin-stdlib-jdk8/1.9.25/kotlin-stdlib-jdk8-1.9.25.jar:/home/runner/.m2/repository/org/jetbrains/kotlin/kotlin-stdlib/1.9.25/kotlin-stdlib-1.9.25.jar:/home/runner/.m2/repository/org/jetbrains/annotations/13.0/annotations-13.0.jar:/home/runner/.m2/repository/org/jetbrains/kotlin/kotlin-stdlib-jdk7/1.9.25/kotlin-stdlib-jdk7-1.9.25.jar:/home/runner/.m2/repository/commons-codec/commons-codec/1.18.0/commons-codec-1.18.0.jar:/home/runner/.m2/repository/commons-io/commons-io/2.18.0/commons-io-2.18.0.jar:/home/runner/.m2/repository/commons-validator/commons-validator/1.6/commons-validator-1.6.jar:/home/runner/.m2/repository/commons-beanutils/commons-beanutils/1.11.0/commons-beanutils-1.11.0.jar:/home/runner/.m2/repository/commons-digester/commons-digester/1.8.1/commons-digester-1.8.1.jar:/home/runner/.m2/repository/commons-collections/commons-collections/3.2.2/commons-collections-3.2.2.jar:/home/runner/.m2/repository/info/picocli/picocli/4.7.7/picocli-4.7.7.jar:/home/runner/.m2/repository/jakarta/annotation/jakarta.annotation-api/2.1.1/jakarta.annotation-api-2.1.1.jar:/home/runner/.m2/repository/jakarta/xml/bind/jakarta.xml.bind-api/2.3.3/jakarta.xml.bind-api-2.3.3.jar:/home/runner/.m2/repository/jakarta/activation/jakarta.activation-api/1.2.2/jakarta.activation-api-1.2.2.jar:/home/runner/.m2/repository/javax/servlet/javax.servlet-api/3.1.0/javax.servlet-api-3.1.0.jar:/home/runner/.m2/repository/javax/ws/rs/jsr311-api/1.1.1/jsr311-api-1.1.1.jar:/home/runner/.m2/repository/org/apache/commons/commons-compress/1.27.1/commons-compress-1.27.1.jar:/home/runner/.m2/repository/org/apache/commons/commons-lang3/3.17.0/commons-lang3-3.17.0.jar:/home/runner/.m2/repository/org/apache/commons/commons-text/1.13.1/commons-text-1.13.1.jar:/home/runner/.m2/repository/org/apache/hadoop/hadoop-auth/3.4.1/hadoop-auth-3.4.1.jar:/home/runner/.m2/repository/com/nimbusds/nimbus-jose-jwt/9.40/nimbus-jose-jwt-9.40.jar:/home/runner/.m2/repository/io/dropwizard/metrics/metrics-core/3.2.6/metrics-core-3.2.6.jar:/home/runner/.m2/repository/org/apache/kerby/kerb-core/1.0.1/kerb-core-1.0.1.jar:/home/runner/.m2/repository/org/apache/kerby/kerby-pkix/1.0.1/kerby-pkix-1.0.1.jar:/home/runner/.m2/repository/org/apache/kerby/kerby-asn1/1.0.1/kerby-asn1-1.0.1.jar:/home/runner/.m2/repository/org/apache/kerby/kerb-util/1.0.1/kerb-util-1.0.1.jar:/home/runner/.m2/repository/org/apache/kerby/kerby-config/1.0.1/kerby-config-1.0.1.jar:/home/runner/.m2/repository/org/apache/kerby/kerb-crypto/1.0.1/kerb-crypto-1.0.1.jar:/home/runner/.m2/repository/org/apache/hadoop/thirdparty/hadoop-shaded-guava/1.3.0/hadoop-shaded-guava-1.3.0.jar:/home/runner/.m2/repository/org/apache/hadoop/hadoop-common/3.4.1/hadoop-common-3.4.1.jar:/home/runner/.m2/repository/org/apache/hadoop/thirdparty/hadoop-shaded-protobuf_3_25/1.4.0/hadoop-shaded-protobuf_3_25-1.4.0.jar:/home/runner/.m2/repository/org/apache/hadoop/hadoop-annotations/3.4.1/hadoop-annotations-3.4.1.jar:/home/runner/.m2/repository/commons-cli/commons-cli/1.8.0/commons-cli-1.8.0.jar:/home/runner/.m2/repository/commons-net/commons-net/3.11.1/commons-net-3.11.1.jar:/home/runner/.m2/repository/org/eclipse/jetty/jetty-server/9.4.57.v20241219/jetty-server-9.4.57.v20241219.jar:/home/runner/.m2/repository/org/eclipse/jetty/jetty-io/9.4.57.v20241219/jetty-io-9.4.57.v20241219.jar:/home/runner/.m2/repository/org/eclipse/jetty/jetty-util/9.4.57.v20241219/jetty-util-9.4.57.v20241219.jar:/home/runner/.m2/repository/org/eclipse/jetty/jetty-servlet/9.4.57.v20241219/jetty-servlet-9.4.57.v20241219.jar:/home/runner/.m2/repository/org/eclipse/jetty/jetty-security/9.4.57.v20241219/jetty-security-9.4.57.v20241219.jar:/home/runner/.m2/repository/org/eclipse/jetty/jetty-webapp/9.4.57.v20241219/jetty-webapp-9.4.57.v20241219.jar:/home/runner/.m2/repository/org/eclipse/jetty/jetty-xml/9.4.57.v20241219/jetty-xml-9.4.57.v20241219.jar:/home/runner/.m2/repository/javax/servlet/jsp/jsp-api/2.1/jsp-api-2.1.jar:/home/runner/.m2/repository/org/codehaus/jettison/jettison/1.5.4/jettison-1.5.4.jar:/home/runner/.m2/repository/org/apache/commons/commons-configuration2/2.12.0/commons-configuration2-2.12.0.jar:/home/runner/.m2/repository/com/google/re2j/re2j/1.7/re2j-1.7.jar:/home/runner/.m2/repository/com/google/code/gson/gson/2.10.1/gson-2.10.1.jar:/home/runner/.m2/repository/com/jcraft/jsch/0.1.55/jsch-0.1.55.jar:/home/runner/.m2/repository/io/netty/netty-handler/4.1.119.Final/netty-handler-4.1.119.Final.jar:/home/runner/.m2/repository/io/netty/netty-resolver/4.1.119.Final/netty-resolver-4.1.119.Final.jar:/home/runner/.m2/repository/io/netty/netty-transport-native-epoll/4.1.119.Final/netty-transport-native-epoll-4.1.119.Final.jar:/home/runner/.m2/repository/org/bouncycastle/bcprov-jdk18on/1.81/bcprov-jdk18on-1.81.jar:/home/runner/.m2/repository/org/codehaus/woodstox/stax2-api/4.2.1/stax2-api-4.2.1.jar:/home/runner/.m2/repository/com/fasterxml/woodstox/woodstox-core/5.4.0/woodstox-core-5.4.0.jar:/home/runner/.m2/repository/dnsjava/dnsjava/3.6.1/dnsjava-3.6.1.jar:/home/runner/.m2/repository/org/apache/hadoop/hadoop-common/3.4.1/hadoop-common-3.4.1-tests.jar:/home/runner/.m2/repository/org/apache/commons/commons-math3/3.6.1/commons-math3-3.6.1.jar:/home/runner/.m2/repository/com/sun/jersey/jersey-core/1.19.4/jersey-core-1.19.4.jar:/home/runner/.m2/repository/com/sun/jersey/jersey-servlet/1.19.4/jersey-servlet-1.19.4.jar:/home/runner/.m2/repository/com/github/pjfanning/jersey-json/1.22.0/jersey-json-1.22.0.jar:/home/runner/.m2/repository/com/sun/xml/bind/jaxb-impl/2.2.3-1/jaxb-impl-2.2.3-1.jar:/home/runner/.m2/repository/com/sun/jersey/jersey-server/1.19.4/jersey-server-1.19.4.jar:/home/runner/.m2/repository/org/slf4j/slf4j-reload4j/2.0.17/slf4j-reload4j-2.0.17.jar:/home/runner/.m2/repository/org/apache/avro/avro/1.9.2/avro-1.9.2.jar:/home/runner/.m2/repository/org/apache/curator/curator-client/4.2.0/curator-client-4.2.0.jar:/home/runner/.m2/repository/org/apache/curator/curator-recipes/5.2.0/curator-recipes-5.2.0.jar:/home/runner/.m2/repository/org/apache/curator/curator-framework/4.2.0/curator-framework-4.2.0.jar:/home/runner/.m2/repository/com/google/code/findbugs/jsr305/3.0.2/jsr305-3.0.2.jar:/home/runner/.m2/repository/org/apache/zookeeper/zookeeper/3.8.4/zookeeper-3.8.4.jar:/home/runner/.m2/repository/org/apache/zookeeper/zookeeper-jute/3.8.4/zookeeper-jute-3.8.4.jar:/home/runner/.m2/repository/org/apache/yetus/audience-annotations/0.12.0/audience-annotations-0.12.0.jar:/home/runner/.m2/repository/org/xerial/snappy/snappy-java/1.1.10.8/snappy-java-1.1.10.8.jar:/home/runner/.m2/repository/org/apache/hadoop/hadoop-distcp/3.4.1/hadoop-distcp-3.4.1.jar:/home/runner/.m2/repository/org/apache/hadoop/hadoop-distcp/3.4.1/hadoop-distcp-3.4.1-tests.jar:/home/runner/.m2/repository/org/apache/hadoop/hadoop-hdfs/3.4.1/hadoop-hdfs-3.4.1.jar:/home/runner/.m2/repository/org/eclipse/jetty/jetty-util-ajax/9.4.57.v20241219/jetty-util-ajax-9.4.57.v20241219.jar:/home/runner/.m2/repository/commons-daemon/commons-daemon/1.4.0/commons-daemon-1.4.0.jar:/home/runner/.m2/repository/org/apache/hadoop/hadoop-hdfs/3.4.1/hadoop-hdfs-3.4.1-tests.jar:/home/runner/.m2/repository/io/netty/netty-all/4.1.119.Final/netty-all-4.1.119.Final.jar:/home/runner/.m2/repository/io/netty/netty-codec-dns/4.1.119.Final/netty-codec-dns-4.1.119.Final.jar:/home/runner/.m2/repository/io/netty/netty-codec-haproxy/4.1.119.Final/netty-codec-haproxy-4.1.119.Final.jar:/home/runner/.m2/repository/io/netty/netty-codec-http/4.1.119.Final/netty-codec-http-4.1.119.Final.jar:/home/runner/.m2/repository/io/netty/netty-codec-memcache/4.1.119.Final/netty-codec-memcache-4.1.119.Final.jar:/home/runner/.m2/repository/io/netty/netty-codec-mqtt/4.1.119.Final/netty-codec-mqtt-4.1.119.Final.jar:/home/runner/.m2/repository/io/netty/netty-codec-redis/4.1.119.Final/netty-codec-redis-4.1.119.Final.jar:/home/runner/.m2/repository/io/netty/netty-codec-smtp/4.1.119.Final/netty-codec-smtp-4.1.119.Final.jar:/home/runner/.m2/repository/io/netty/netty-codec-socks/4.1.119.Final/netty-codec-socks-4.1.119.Final.jar:/home/runner/.m2/repository/io/netty/netty-codec-stomp/4.1.119.Final/netty-codec-stomp-4.1.119.Final.jar:/home/runner/.m2/repository/io/netty/netty-codec-xml/4.1.119.Final/netty-codec-xml-4.1.119.Final.jar:/home/runner/.m2/repository/io/netty/netty-handler-ssl-ocsp/4.1.119.Final/netty-handler-ssl-ocsp-4.1.119.Final.jar:/home/runner/.m2/repository/io/netty/netty-resolver-dns/4.1.119.Final/netty-resolver-dns-4.1.119.Final.jar:/home/runner/.m2/repository/io/netty/netty-transport-rxtx/4.1.119.Final/netty-transport-rxtx-4.1.119.Final.jar:/home/runner/.m2/repository/io/netty/netty-transport-sctp/4.1.119.Final/netty-transport-sctp-4.1.119.Final.jar:/home/runner/.m2/repository/io/netty/netty-transport-udt/4.1.119.Final/netty-transport-udt-4.1.119.Final.jar:/home/runner/.m2/repository/io/netty/netty-transport-classes-kqueue/4.1.119.Final/netty-transport-classes-kqueue-4.1.119.Final.jar:/home/runner/.m2/repository/io/netty/netty-resolver-dns-classes-macos/4.1.119.Final/netty-resolver-dns-classes-macos-4.1.119.Final.jar:/home/runner/.m2/repository/io/netty/netty-transport-native-epoll/4.1.119.Final/netty-transport-native-epoll-4.1.119.Final-linux-aarch_64.jar:/home/runner/.m2/repository/io/netty/netty-transport-native-epoll/4.1.119.Final/netty-transport-native-epoll-4.1.119.Final-linux-riscv64.jar:/home/runner/.m2/repository/io/netty/netty-transport-native-kqueue/4.1.119.Final/netty-transport-native-kqueue-4.1.119.Final-osx-x86_64.jar:/home/runner/.m2/repository/io/netty/netty-transport-native-kqueue/4.1.119.Final/netty-transport-native-kqueue-4.1.119.Final-osx-aarch_64.jar:/home/runner/.m2/repository/io/netty/netty-resolver-dns-native-macos/4.1.119.Final/netty-resolver-dns-native-macos-4.1.119.Final-osx-x86_64.jar:/home/runner/.m2/repository/io/netty/netty-resolver-dns-native-macos/4.1.119.Final/netty-resolver-dns-native-macos-4.1.119.Final-osx-aarch_64.jar:/home/runner/.m2/repository/org/fusesource/leveldbjni/leveldbjni-all/1.8/leveldbjni-all-1.8.jar:/home/runner/.m2/repository/org/apache/hadoop/hadoop-hdfs-client/3.4.1/hadoop-hdfs-client-3.4.1.jar:/home/runner/.m2/repository/org/apache/hadoop/hadoop-kms/3.4.1/hadoop-kms-3.4.1.jar:/home/runner/.m2/repository/org/apache/hadoop/hadoop-kms/3.4.1/hadoop-kms-3.4.1-tests.jar:/home/runner/.m2/repository/org/apache/hadoop/hadoop-mapreduce-client-core/3.4.1/hadoop-mapreduce-client-core-3.4.1.jar:/home/runner/.m2/repository/org/apache/hadoop/hadoop-yarn-client/3.4.1/hadoop-yarn-client-3.4.1.jar:/home/runner/.m2/repository/org/eclipse/jetty/websocket/websocket-client/9.4.53.v20231009/websocket-client-9.4.53.v20231009.jar:/home/runner/.m2/repository/org/eclipse/jetty/jetty-client/9.4.57.v20241219/jetty-client-9.4.57.v20241219.jar:/home/runner/.m2/repository/org/eclipse/jetty/websocket/websocket-common/9.4.53.v20231009/websocket-common-9.4.53.v20231009.jar:/home/runner/.m2/repository/org/eclipse/jetty/websocket/websocket-api/9.4.53.v20231009/websocket-api-9.4.53.v20231009.jar:/home/runner/.m2/repository/org/apache/hadoop/hadoop-yarn-api/3.4.1/hadoop-yarn-api-3.4.1.jar:/home/runner/.m2/repository/org/apache/hadoop/hadoop-yarn-common/3.4.1/hadoop-yarn-common-3.4.1.jar:/home/runner/.m2/repository/javax/xml/bind/jaxb-api/2.2.11/jaxb-api-2.2.11.jar:/home/runner/.m2/repository/com/sun/jersey/contribs/jersey-guice/1.19.4/jersey-guice-1.19.4.jar:/home/runner/.m2/repository/com/fasterxml/jackson/module/jackson-module-jaxb-annotations/2.16.2/jackson-module-jaxb-annotations-2.16.2.jar:/home/runner/.m2/repository/com/fasterxml/jackson/jaxrs/jackson-jaxrs-json-provider/2.16.2/jackson-jaxrs-json-provider-2.16.2.jar:/home/runner/.m2/repository/com/google/inject/extensions/guice-servlet/6.0.0/guice-servlet-6.0.0.jar:/home/runner/.m2/repository/org/apache/hadoop/hadoop-mapreduce-client-jobclient/3.4.1/hadoop-mapreduce-client-jobclient-3.4.1.jar:/home/runner/.m2/repository/org/apache/hadoop/hadoop-mapreduce-client-common/3.4.1/hadoop-mapreduce-client-common-3.4.1.jar:/home/runner/.m2/repository/org/apache/hadoop/hadoop-minikdc/3.4.1/hadoop-minikdc-3.4.1.jar:/home/runner/.m2/repository/org/apache/kerby/kerb-simplekdc/2.0.3/kerb-simplekdc-2.0.3.jar:/home/runner/.m2/repository/org/apache/kerby/kerb-client/2.0.3/kerb-client-2.0.3.jar:/home/runner/.m2/repository/org/apache/kerby/kerb-common/2.0.3/kerb-common-2.0.3.jar:/home/runner/.m2/repository/org/apache/kerby/token-provider/2.0.3/token-provider-2.0.3.jar:/home/runner/.m2/repository/org/apache/kerby/kerb-admin/2.0.3/kerb-admin-2.0.3.jar:/home/runner/.m2/repository/org/apache/kerby/kerb-server/2.0.3/kerb-server-2.0.3.jar:/home/runner/.m2/repository/org/apache/kerby/kerb-identity/2.0.3/kerb-identity-2.0.3.jar:/home/runner/.m2/repository/org/apache/kerby/kerby-xdr/2.0.3/kerby-xdr-2.0.3.jar:/home/runner/.m2/repository/junit/junit/4.13.2/junit-4.13.2.jar:/home/runner/.m2/repository/org/hamcrest/hamcrest-core/1.3/hamcrest-core-1.3.jar:/home/runner/.m2/repository/org/apache/httpcomponents/httpclient/4.5.14/httpclient-4.5.14.jar:/home/runner/.m2/repository/org/apache/httpcomponents/httpcore/4.4.16/httpcore-4.4.16.jar:/home/runner/.m2/repository/org/apache/kerby/kerby-util/1.0.1/kerby-util-1.0.1.jar:/home/runner/work/ozone/ozone/hadoop-hdds/client/target/hdds-client-2.1.0-SNAPSHOT.jar:/home/runner/.m2/repository/io/opentracing/opentracing-api/0.33.0/opentracing-api-0.33.0.jar:/home/runner/.m2/repository/io/opentracing/opentracing-util/0.33.0/opentracing-util-0.33.0.jar:/home/runner/.m2/repository/io/opentracing/opentracing-noop/0.33.0/opentracing-noop-0.33.0.jar:/home/runner/work/ozone/ozone/hadoop-hdds/erasurecode/target/hdds-erasurecode-2.1.0-SNAPSHOT.jar:/home/runner/work/ozone/ozone/hadoop-hdds/common/target/hdds-common-2.1.0-SNAPSHOT.jar:/home/runner/.m2/repository/com/fasterxml/jackson/datatype/jackson-datatype-jsr310/2.16.2/jackson-datatype-jsr310-2.16.2.jar:/home/runner/.m2/repository/io/jaegertracing/jaeger-core/1.8.1/jaeger-core-1.8.1.jar:/home/runner/.m2/repository/org/apache/ratis/ratis-netty/3.2.0/ratis-netty-3.2.0.jar:/home/runner/.m2/repository/org/yaml/snakeyaml/2.0/snakeyaml-2.0.jar:/home/runner/.m2/repository/io/jaegertracing/jaeger-client/1.8.1/jaeger-client-1.8.1.jar:/home/runner/.m2/repository/io/jaegertracing/jaeger-thrift/1.8.1/jaeger-thrift-1.8.1.jar:/home/runner/.m2/repository/org/apache/thrift/libthrift/0.15.0/libthrift-0.15.0.jar:/home/runner/.m2/repository/io/jaegertracing/jaeger-tracerresolver/1.8.1/jaeger-tracerresolver-1.8.1.jar:/home/runner/.m2/repository/io/opentracing/contrib/opentracing-tracerresolver/0.1.8/opentracing-tracerresolver-0.1.8.jar:/home/runner/.m2/repository/org/apache/ratis/ratis-metrics-dropwizard3/3.2.0/ratis-metrics-dropwizard3-3.2.0.jar:/home/runner/.m2/repository/org/slf4j/jcl-over-slf4j/2.0.17/jcl-over-slf4j-2.0.17.jar:/home/runner/work/ozone/ozone/hadoop-hdds/common/target/hdds-common-2.1.0-SNAPSHOT-tests.jar:/home/runner/work/ozone/ozone/hadoop-hdds/config/target/hdds-config-2.1.0-SNAPSHOT.jar:/home/runner/work/ozone/ozone/hadoop-hdds/container-service/target/hdds-container-service-2.1.0-SNAPSHOT.jar:/home/runner/.m2/repository/io/netty/netty-buffer/4.1.119.Final/netty-buffer-4.1.119.Final.jar:/home/runner/.m2/repository/io/netty/netty-codec/4.1.119.Final/netty-codec-4.1.119.Final.jar:/home/runner/.m2/repository/io/netty/netty-common/4.1.119.Final/netty-common-4.1.119.Final.jar:/home/runner/.m2/repository/io/netty/netty-transport/4.1.119.Final/netty-transport-4.1.119.Final.jar:/home/runner/.m2/repository/org/apache/logging/log4j/log4j-api/2.25.0/log4j-api-2.25.0.jar:/home/runner/.m2/repository/com/github/luben/zstd-jni/1.5.7-4/zstd-jni-1.5.7-4.jar:/home/runner/.m2/repository/log4j/apache-log4j-extras/1.2.17/apache-log4j-extras-1.2.17.jar:/home/runner/.m2/repository/org/glassfish/jaxb/jaxb-runtime/2.3.9/jaxb-runtime-2.3.9.jar:/home/runner/.m2/repository/org/glassfish/jaxb/txw2/2.3.9/txw2-2.3.9.jar:/home/runner/.m2/repository/com/sun/istack/istack-commons-runtime/3.0.12/istack-commons-runtime-3.0.12.jar:/home/runner/.m2/repository/com/sun/activation/jakarta.activation/1.2.2/jakarta.activation-1.2.2.jar:/home/runner/work/ozone/ozone/hadoop-hdds/container-service/target/hdds-container-service-2.1.0-SNAPSHOT-tests.jar:/home/runner/work/ozone/ozone/hadoop-hdds/interface-admin/target/hdds-interface-admin-2.1.0-SNAPSHOT.jar:/home/runner/work/ozone/ozone/hadoop-hdds/interface-client/target/hdds-interface-client-2.1.0-SNAPSHOT.jar:/home/runner/work/ozone/ozone/hadoop-hdds/interface-server/target/hdds-interface-server-2.1.0-SNAPSHOT.jar:/home/runner/work/ozone/ozone/hadoop-hdds/managed-rocksdb/target/hdds-managed-rocksdb-2.1.0-SNAPSHOT.jar:/home/runner/work/ozone/ozone/hadoop-hdds/rocks-native/target/hdds-rocks-native-2.1.0-SNAPSHOT.jar:/home/runner/work/ozone/ozone/hadoop-hdds/framework/target/hdds-server-framework-2.1.0-SNAPSHOT.jar:/home/runner/.m2/repository/com/github/jnr/jnr-constants/0.10.4/jnr-constants-0.10.4.jar:/home/runner/.m2/repository/com/github/jnr/jnr-posix/3.1.20/jnr-posix-3.1.20.jar:/home/runner/.m2/repository/com/github/jnr/jnr-ffi/2.2.17/jnr-ffi-2.2.17.jar:/home/runner/.m2/repository/com/github/jnr/jffi/1.3.13/jffi-1.3.13.jar:/home/runner/.m2/repository/com/github/jnr/jffi/1.3.13/jffi-1.3.13-native.jar:/home/runner/.m2/repository/org/ow2/asm/asm/9.7.1/asm-9.7.1.jar:/home/runner/.m2/repository/org/ow2/asm/asm-commons/9.7.1/asm-commons-9.7.1.jar:/home/runner/.m2/repository/org/ow2/asm/asm-analysis/9.7.1/asm-analysis-9.7.1.jar:/home/runner/.m2/repository/org/ow2/asm/asm-tree/9.7.1/asm-tree-9.7.1.jar:/home/runner/.m2/repository/org/ow2/asm/asm-util/9.7.1/asm-util-9.7.1.jar:/home/runner/.m2/repository/com/github/jnr/jnr-a64asm/1.0.0/jnr-a64asm-1.0.0.jar:/home/runner/.m2/repository/com/github/jnr/jnr-x86asm/1.0.2/jnr-x86asm-1.0.2.jar:/home/runner/.m2/repository/commons-fileupload/commons-fileupload/1.5/commons-fileupload-1.5.jar:/home/runner/.m2/repository/io/grpc/grpc-api/1.71.0/grpc-api-1.71.0.jar:/home/runner/.m2/repository/io/prometheus/simpleclient/0.16.0/simpleclient-0.16.0.jar:/home/runner/.m2/repository/io/prometheus/simpleclient_common/0.16.0/simpleclient_common-0.16.0.jar:/home/runner/.m2/repository/io/prometheus/simpleclient_dropwizard/0.16.0/simpleclient_dropwizard-0.16.0.jar:/home/runner/.m2/repository/jakarta/ws/rs/jakarta.ws.rs-api/2.1.6/jakarta.ws.rs-api-2.1.6.jar:/home/runner/.m2/repository/org/eclipse/jetty/jetty-http/9.4.57.v20241219/jetty-http-9.4.57.v20241219.jar:/home/runner/.m2/repository/org/glassfish/jersey/containers/jersey-container-servlet-core/2.47/jersey-container-servlet-core-2.47.jar:/home/runner/.m2/repository/org/glassfish/jersey/core/jersey-server/2.47/jersey-server-2.47.jar:/home/runner/.m2/repository/org/glassfish/jersey/core/jersey-client/2.47/jersey-client-2.47.jar:/home/runner/.m2/repository/com/lmax/disruptor/3.4.4/disruptor-3.4.4.jar:/home/runner/.m2/repository/org/apache/logging/log4j/log4j-core/2.25.0/log4j-core-2.25.0.jar:/home/runner/work/ozone/ozone/hadoop-hdds/framework/target/hdds-server-framework-2.1.0-SNAPSHOT-tests.jar:/home/runner/work/ozone/ozone/hadoop-hdds/server-scm/target/hdds-server-scm-2.1.0-SNAPSHOT.jar:/home/runner/work/ozone/ozone/hadoop-hdds/server-scm/target/hdds-server-scm-2.1.0-SNAPSHOT-tests.jar:/home/runner/work/ozone/ozone/hadoop-hdds/test-utils/target/hdds-test-utils-2.1.0-SNAPSHOT-tests.jar:/home/runner/work/ozone/ozone/hadoop-ozone/cli-admin/target/ozone-cli-admin-2.1.0-SNAPSHOT.jar:/home/runner/work/ozone/ozone/hadoop-ozone/cli-shell/target/ozone-cli-shell-2.1.0-SNAPSHOT.jar:/home/runner/.m2/repository/info/picocli/picocli-shell-jline3/4.7.7/picocli-shell-jline3-4.7.7.jar:/home/runner/.m2/repository/org/jline/jline/3.30.4/jline-3.30.4.jar:/home/runner/work/ozone/ozone/hadoop-ozone/client/target/ozone-client-2.1.0-SNAPSHOT.jar:/home/runner/work/ozone/ozone/hadoop-ozone/common/target/ozone-common-2.1.0-SNAPSHOT.jar:/home/runner/.m2/repository/io/grpc/grpc-netty/1.71.0/grpc-netty-1.71.0.jar:/home/runner/.m2/repository/org/codehaus/mojo/animal-sniffer-annotations/1.24/animal-sniffer-annotations-1.24.jar:/home/runner/.m2/repository/io/grpc/grpc-core/1.71.0/grpc-core-1.71.0.jar:/home/runner/.m2/repository/com/google/android/annotations/4.1.1.4/annotations-4.1.1.4.jar:/home/runner/.m2/repository/io/grpc/grpc-context/1.71.0/grpc-context-1.71.0.jar:/home/runner/.m2/repository/io/perfmark/perfmark-api/0.27.0/perfmark-api-0.27.0.jar:/home/runner/.m2/repository/io/grpc/grpc-util/1.71.0/grpc-util-1.71.0.jar:/home/runner/.m2/repository/io/netty/netty-codec-http2/4.1.119.Final/netty-codec-http2-4.1.119.Final.jar:/home/runner/.m2/repository/io/netty/netty-handler-proxy/4.1.119.Final/netty-handler-proxy-4.1.119.Final.jar:/home/runner/.m2/repository/io/netty/netty-tcnative-boringssl-static/2.0.70.Final/netty-tcnative-boringssl-static-2.0.70.Final.jar:/home/runner/.m2/repository/io/netty/netty-tcnative-classes/2.0.70.Final/netty-tcnative-classes-2.0.70.Final.jar:/home/runner/.m2/repository/io/netty/netty-tcnative-boringssl-static/2.0.70.Final/netty-tcnative-boringssl-static-2.0.70.Final-linux-x86_64.jar:/home/runner/.m2/repository/io/netty/netty-tcnative-boringssl-static/2.0.70.Final/netty-tcnative-boringssl-static-2.0.70.Final-linux-aarch_64.jar:/home/runner/.m2/repository/io/netty/netty-tcnative-boringssl-static/2.0.70.Final/netty-tcnative-boringssl-static-2.0.70.Final-osx-x86_64.jar:/home/runner/.m2/repository/io/netty/netty-tcnative-boringssl-static/2.0.70.Final/netty-tcnative-boringssl-static-2.0.70.Final-osx-aarch_64.jar:/home/runner/.m2/repository/io/netty/netty-tcnative-boringssl-static/2.0.70.Final/netty-tcnative-boringssl-static-2.0.70.Final-windows-x86_64.jar:/home/runner/work/ozone/ozone/hadoop-ozone/csi/target/ozone-csi-2.1.0-SNAPSHOT.jar:/home/runner/.m2/repository/io/grpc/grpc-protobuf/1.71.0/grpc-protobuf-1.71.0.jar:/home/runner/.m2/repository/com/google/api/grpc/proto-google-common-protos/2.51.0/proto-google-common-protos-2.51.0.jar:/home/runner/.m2/repository/io/grpc/grpc-protobuf-lite/1.71.0/grpc-protobuf-lite-1.71.0.jar:/home/runner/.m2/repository/io/grpc/grpc-stub/1.71.0/grpc-stub-1.71.0.jar:/home/runner/.m2/repository/io/netty/netty-transport-classes-epoll/4.1.119.Final/netty-transport-classes-epoll-4.1.119.Final.jar:/home/runner/.m2/repository/io/netty/netty-transport-native-unix-common/4.1.119.Final/netty-transport-native-unix-common-4.1.119.Final.jar:/home/runner/.m2/repository/io/netty/netty-transport-native-epoll/4.1.119.Final/netty-transport-native-epoll-4.1.119.Final-linux-x86_64.jar:/home/runner/work/ozone/ozone/hadoop-ozone/ozonefs/target/ozone-filesystem-2.1.0-SNAPSHOT.jar:/home/runner/work/ozone/ozone/hadoop-ozone/ozonefs-common/target/ozone-filesystem-common-2.1.0-SNAPSHOT.jar:/home/runner/work/ozone/ozone/hadoop-ozone/freon/target/ozone-freon-2.1.0-SNAPSHOT.jar:/home/runner/.m2/repository/com/amazonaws/aws-java-sdk-core/1.12.661/aws-java-sdk-core-1.12.661.jar:/home/runner/.m2/repository/com/fasterxml/jackson/dataformat/jackson-dataformat-cbor/2.16.2/jackson-dataformat-cbor-2.16.2.jar:/home/runner/.m2/repository/joda-time/joda-time/2.12.7/joda-time-2.12.7.jar:/home/runner/.m2/repository/com/amazonaws/aws-java-sdk-s3/1.12.661/aws-java-sdk-s3-1.12.661.jar:/home/runner/.m2/repository/com/amazonaws/aws-java-sdk-kms/1.12.661/aws-java-sdk-kms-1.12.661.jar:/home/runner/.m2/repository/com/amazonaws/jmespath-java/1.12.661/jmespath-java-1.12.661.jar:/home/runner/work/ozone/ozone/hadoop-ozone/interface-client/target/ozone-interface-client-2.1.0-SNAPSHOT.jar:/home/runner/work/ozone/ozone/hadoop-ozone/interface-storage/target/ozone-interface-storage-2.1.0-SNAPSHOT.jar:/home/runner/work/ozone/ozone/hadoop-ozone/ozone-manager/target/ozone-manager-2.1.0-SNAPSHOT.jar:/home/runner/.m2/repository/com/sun/jersey/jersey-client/1.19.4/jersey-client-1.19.4.jar:/home/runner/.m2/repository/org/apache/ranger/ranger-plugins-common/2.6.0/ranger-plugins-common-2.6.0.jar:/home/runner/.m2/repository/com/fasterxml/jackson/jaxrs/jackson-jaxrs-base/2.16.2/jackson-jaxrs-base-2.16.2.jar:/home/runner/.m2/repository/com/kstruct/gethostname4j/1.0.0/gethostname4j-1.0.0.jar:/home/runner/.m2/repository/commons-lang/commons-lang/2.6/commons-lang-2.6.jar:/home/runner/.m2/repository/net/java/dev/jna/jna/5.2.0/jna-5.2.0.jar:/home/runner/.m2/repository/net/java/dev/jna/jna-platform/5.2.0/jna-platform-5.2.0.jar:/home/runner/.m2/repository/org/apache/ranger/ranger-plugin-classloader/2.6.0/ranger-plugin-classloader-2.6.0.jar:/home/runner/.m2/repository/org/apache/ranger/ranger-plugins-audit/2.6.0/ranger-plugins-audit-2.6.0.jar:/home/runner/.m2/repository/com/amazonaws/aws-java-sdk-logs/1.12.765/aws-java-sdk-logs-1.12.765.jar:/home/runner/.m2/repository/com/carrotsearch/hppc/0.8.0/hppc-0.8.0.jar:/home/runner/.m2/repository/io/airlift/aircompressor/0.27/aircompressor-0.27.jar:/home/runner/.m2/repository/org/apache/httpcomponents/httpasyncclient/4.1.4/httpasyncclient-4.1.4.jar:/home/runner/.m2/repository/org/apache/httpcomponents/httpcore-nio/4.4.16/httpcore-nio-4.4.16.jar:/home/runner/.m2/repository/org/apache/httpcomponents/httpmime/4.5.13/httpmime-4.5.13.jar:/home/runner/.m2/repository/org/apache/orc/orc-core/1.5.8/orc-core-1.5.8.jar:/home/runner/.m2/repository/org/apache/orc/orc-shims/1.5.8/orc-shims-1.5.8.jar:/home/runner/.m2/repository/org/apache/ranger/ranger-plugins-cred/2.6.0/ranger-plugins-cred-2.6.0.jar:/home/runner/.m2/repository/org/aspectj/aspectjrt/1.9.7/aspectjrt-1.9.7.jar:/home/runner/work/ozone/ozone/hadoop-ozone/ozone-manager/target/ozone-manager-2.1.0-SNAPSHOT-tests.jar:/home/runner/work/ozone/ozone/hadoop-ozone/mini-cluster/target/ozone-mini-cluster-2.1.0-SNAPSHOT.jar:/home/runner/work/ozone/ozone/hadoop-ozone/recon/target/ozone-recon-2.1.0-SNAPSHOT.jar:/home/runner/.m2/repository/aopalliance/aopalliance/1.0/aopalliance-1.0.jar:/home/runner/.m2/repository/com/google/inject/guice/6.0.0/guice-6.0.0.jar:/home/runner/.m2/repository/jakarta/inject/jakarta.inject-api/2.0.1/jakarta.inject-api-2.0.1.jar:/home/runner/.m2/repository/com/jolbox/bonecp/0.8.0.RELEASE/bonecp-0.8.0.RELEASE.jar:/home/runner/.m2/repository/jakarta/validation/jakarta.validation-api/2.0.2/jakarta.validation-api-2.0.2.jar:/home/runner/.m2/repository/javax/annotation/javax.annotation-api/1.3.2/javax.annotation-api-1.3.2.jar:/home/runner/.m2/repository/javax/inject/javax.inject/1/javax.inject-1.jar:/home/runner/.m2/repository/org/apache/derby/derby/10.14.2.0/derby-10.14.2.0.jar:/home/runner/.m2/repository/org/glassfish/hk2/guice-bridge/2.6.1/guice-bridge-2.6.1.jar:/home/runner/.m2/repository/org/glassfish/hk2/hk2-api/2.6.1/hk2-api-2.6.1.jar:/home/runner/.m2/repository/org/glassfish/hk2/hk2-utils/2.6.1/hk2-utils-2.6.1.jar:/home/runner/.m2/repository/org/glassfish/hk2/external/aopalliance-repackaged/2.6.1/aopalliance-repackaged-2.6.1.jar:/home/runner/.m2/repository/org/glassfish/jersey/core/jersey-common/2.47/jersey-common-2.47.jar:/home/runner/.m2/repository/org/glassfish/hk2/osgi-resource-locator/1.0.3/osgi-resource-locator-1.0.3.jar:/home/runner/.m2/repository/org/jooq/jooq/3.11.10/jooq-3.11.10.jar:/home/runner/.m2/repository/org/springframework/spring-core/5.3.39/spring-core-5.3.39.jar:/home/runner/.m2/repository/org/springframework/spring-jdbc/5.3.39/spring-jdbc-5.3.39.jar:/home/runner/.m2/repository/org/springframework/spring-beans/5.3.39/spring-beans-5.3.39.jar:/home/runner/.m2/repository/org/springframework/spring-tx/5.3.39/spring-tx-5.3.39.jar:/home/runner/.m2/repository/org/xerial/sqlite-jdbc/3.50.3.0/sqlite-jdbc-3.50.3.0.jar:/home/runner/.m2/repository/com/google/inject/extensions/guice-assistedinject/6.0.0/guice-assistedinject-6.0.0.jar:/home/runner/.m2/repository/org/glassfish/hk2/external/jakarta.inject/2.6.1/jakarta.inject-2.6.1.jar:/home/runner/.m2/repository/org/glassfish/jersey/inject/jersey-hk2/2.47/jersey-hk2-2.47.jar:/home/runner/.m2/repository/org/glassfish/hk2/hk2-locator/2.6.1/hk2-locator-2.6.1.jar:/home/runner/.m2/repository/org/glassfish/jersey/media/jersey-media-jaxb/2.47/jersey-media-jaxb-2.47.jar:/home/runner/.m2/repository/org/glassfish/jersey/media/jersey-media-json-jackson/2.47/jersey-media-json-jackson-2.47.jar:/home/runner/.m2/repository/org/glassfish/jersey/ext/jersey-entity-filtering/2.47/jersey-entity-filtering-2.47.jar:/home/runner/work/ozone/ozone/hadoop-ozone/recon-codegen/target/ozone-reconcodegen-2.1.0-SNAPSHOT.jar:/home/runner/.m2/repository/org/jooq/jooq-codegen/3.11.10/jooq-codegen-3.11.10.jar:/home/runner/.m2/repository/org/jooq/jooq-meta/3.11.10/jooq-meta-3.11.10.jar:/home/runner/work/ozone/ozone/hadoop-ozone/s3gateway/target/ozone-s3gateway-2.1.0-SNAPSHOT.jar:/home/runner/work/ozone/ozone/hadoop-ozone/tools/target/ozone-tools-2.1.0-SNAPSHOT.jar:/home/runner/.m2/repository/com/github/vlsi/mxgraph/jgraphx/3.9.12/jgraphx-3.9.12.jar:/home/runner/.m2/repository/org/apache/ratis/ratis-shell/3.2.0/ratis-shell-3.2.0.jar:/home/runner/.m2/repository/org/apache/ratis/ratis-tools/3.2.0/ratis-tools-3.2.0.jar:/home/runner/.m2/repository/org/jgrapht/jgrapht-core/1.4.0/jgrapht-core-1.4.0.jar:/home/runner/.m2/repository/org/jheaps/jheaps/0.11/jheaps-0.11.jar:/home/runner/.m2/repository/org/jgrapht/jgrapht-ext/1.4.0/jgrapht-ext-1.4.0.jar:/home/runner/work/ozone/ozone/hadoop-hdds/rocksdb-checkpoint-differ/target/rocksdb-checkpoint-differ-2.1.0-SNAPSHOT.jar:/home/runner/.m2/repository/org/apache/ranger/ranger-intg/2.6.0/ranger-intg-2.6.0.jar:/home/runner/.m2/repository/org/apache/ratis/ratis-client/3.2.0/ratis-client-3.2.0.jar:/home/runner/.m2/repository/org/apache/ratis/ratis-common/3.2.0/ratis-common-3.2.0.jar:/home/runner/.m2/repository/org/apache/ratis/ratis-grpc/3.2.0/ratis-grpc-3.2.0.jar:/home/runner/.m2/repository/org/apache/ratis/ratis-metrics-api/3.2.0/ratis-metrics-api-3.2.0.jar:/home/runner/.m2/repository/org/apache/ratis/ratis-proto/3.2.0/ratis-proto-3.2.0.jar:/home/runner/.m2/repository/org/apache/ratis/ratis-server/3.2.0/ratis-server-3.2.0.jar:/home/runner/.m2/repository/org/apache/ratis/ratis-server-api/3.2.0/ratis-server-api-3.2.0.jar:/home/runner/.m2/repository/org/apache/ratis/ratis-thirdparty-misc/1.0.9/ratis-thirdparty-misc-1.0.9.jar:/home/runner/.m2/repository/org/bouncycastle/bcpkix-jdk18on/1.81/bcpkix-jdk18on-1.81.jar:/home/runner/.m2/repository/org/bouncycastle/bcutil-jdk18on/1.81/bcutil-jdk18on-1.81.jar:/home/runner/.m2/repository/org/hamcrest/hamcrest/2.2/hamcrest-2.2.jar:/home/runner/.m2/repository/org/reflections/reflections/0.10.2/reflections-0.10.2.jar:/home/runner/.m2/repository/org/javassist/javassist/3.30.2-GA/javassist-3.30.2-GA.jar:/home/runner/.m2/repository/org/rocksdb/rocksdbjni/7.7.3/rocksdbjni-7.7.3.jar:/home/runner/.m2/repository/org/slf4j/jul-to-slf4j/2.0.17/jul-to-slf4j-2.0.17.jar:/home/runner/.m2/repository/org/slf4j/slf4j-api/2.0.17/slf4j-api-2.0.17.jar:/home/runner/.m2/repository/org/assertj/assertj-core/3.27.3/assertj-core-3.27.3.jar:/home/runner/.m2/repository/net/bytebuddy/byte-buddy/1.15.11/byte-buddy-1.15.11.jar:/home/runner/.m2/repository/org/junit/jupiter/junit-jupiter-api/5.13.4/junit-jupiter-api-5.13.4.jar:/home/runner/.m2/repository/org/opentest4j/opentest4j/1.3.0/opentest4j-1.3.0.jar:/home/runner/.m2/repository/org/junit/platform/junit-platform-commons/1.13.4/junit-platform-commons-1.13.4.jar:/home/runner/.m2/repository/org/apiguardian/apiguardian-api/1.1.2/apiguardian-api-1.1.2.jar:/home/runner/.m2/repository/org/junit/jupiter/junit-jupiter-params/5.13.4/junit-jupiter-params-5.13.4.jar:/home/runner/.m2/repository/org/mockito/mockito-core/4.11.0/mockito-core-4.11.0.jar:/home/runner/.m2/repository/net/bytebuddy/byte-buddy-agent/1.12.19/byte-buddy-agent-1.12.19.jar:/home/runner/.m2/repository/org/objenesis/objenesis/3.3/objenesis-3.3.jar:/home/runner/.m2/repository/org/mockito/mockito-inline/4.11.0/mockito-inline-4.11.0.jar:/home/runner/.m2/repository/org/mockito/mockito-junit-jupiter/4.11.0/mockito-junit-jupiter-4.11.0.jar:/home/runner/work/ozone/ozone/hadoop-ozone/integration-test/target/gradle-enterprise/test-listeners.jar:"/>
    <property name="sun.cpu.endian" value="little"/>
    <property name="user.home" value="/home/runner"/>
    <property name="user.language" value="en"/>
    <property name="java.specification.vendor" value="Oracle Corporation"/>
    <property name="skipRecon" value="true"/>
    <property name="java.version.date" value="2025-07-15"/>
    <property name="java.home" value="/usr/lib/jvm/temurin-21-jdk-amd64"/>
    <property name="java.security.krb5.conf" value="/home/runner/work/ozone/ozone/hadoop-ozone/integration-test/target/test-classes/krb5.conf"/>
    <property name="file.separator" value="/"/>
    <property name="basedir" value="/home/runner/work/ozone/ozone/hadoop-ozone/integration-test"/>
    <property name="java.vm.compressedOopsMode" value="Zero based"/>
    <property name="line.separator" value="&#10;"/>
    <property name="java.vm.specification.vendor" value="Oracle Corporation"/>
    <property name="java.specification.name" value="Java Platform API Specification"/>
    <property name="surefire.real.class.path" value="/home/runner/work/ozone/ozone/hadoop-ozone/integration-test/target/surefire/surefirebooter-20250730085006253_1091.jar"/>
    <property name="hadoop.log.dir" value="/home/runner/work/ozone/ozone/hadoop-ozone/integration-test/target/log"/>
    <property name="sun.management.compiler" value="HotSpot 64-Bit Tiered Compilers"/>
    <property name="skipShade" value="true"/>
    <property name="java.runtime.version" value="21.0.8+9-LTS"/>
    <property name="user.name" value="runner"/>
    <property name="java.net.preferIPv4Stack" value="true"/>
    <property name="stdout.encoding" value="UTF-8"/>
    <property name="path.separator" value=":"/>
    <property name="java.security.egd" value="file:///dev/urandom"/>
    <property name="os.version" value="6.11.0-1018-azure"/>
    <property name="java.runtime.name" value="OpenJDK Runtime Environment"/>
    <property name="com.gradle.maven.scan.extension.test.listener.junitplatform.NestedExecutionSafeDelegatingTestExecutionListener" value="56ace400"/>
    <property name="file.encoding" value="UTF-8"/>
    <property name="java.vm.name" value="OpenJDK 64-Bit Server VM"/>
    <property name="rocks_tools_native" value="true"/>
    <property name="java.vendor.version" value="Temurin-21.0.8+9"/>
    <property name="test.build.webapps" value=""/>
    <property name="develocity.listener.surefire.forkId" value="1"/>
    <property name="localRepository" value="/home/runner/.m2/repository"/>
    <property name="java.vendor.url.bug" value="https://github.com/adoptium/adoptium-support/issues"/>
    <property name="jetty.git.hash" value="df524e6b29271c2e09ba9aea83c18dc9db464a31"/>
    <property name="java.io.tmpdir" value="/tmp"/>
    <property name="require.test.libhadoop" value=""/>
    <property name="java.version" value="21.0.8"/>
    <property name="user.dir" value="/home/runner/work/ozone/ozone/hadoop-ozone/integration-test"/>
    <property name="os.arch" value="amd64"/>
    <property name="java.vm.specification.name" value="Java Virtual Machine Specification"/>
    <property name="test.build.classes" value="/home/runner/work/ozone/ozone/hadoop-ozone/integration-test/target/test-classes"/>
    <property name="org.apache.ratis.thirdparty.io.netty.allocator.useCacheForAllThreads" value="false"/>
    <property name="native.encoding" value="UTF-8"/>
    <property name="hadoop.tmp.dir" value="/home/runner/work/ozone/ozone/hadoop-ozone/integration-test/target/tmp"/>
    <property name="java.library.path" value="/usr/java/packages/lib:/usr/lib64:/lib64:/lib:/usr/lib"/>
    <property name="java.vm.info" value="mixed mode, sharing"/>
    <property name="stderr.encoding" value="UTF-8"/>
    <property name="java.vendor" value="Eclipse Adoptium"/>
    <property name="java.vm.version" value="21.0.8+9-LTS"/>
    <property name="sun.io.unicode.encoding" value="UnicodeLittle"/>
    <property name="develocity.listener.port" value="45723"/>
    <property name="java.class.version" value="65.0"/>
  </properties>
  <testcase name="testCreateEC" classname="org.apache.ozone.test.NonHATests$ContainerOperations" time="0.022">
    <system-out><![CDATA[2025-07-30 09:17:14,928 [ForkJoinPool-1-worker-1] INFO  proxy.SCMContainerLocationFailoverProxyProvider (SCMFailoverProxyProviderBase.java:<init>(120)) - Created fail-over proxy for protocol StorageContainerLocationProtocolPB with 1 nodes: [nodeId=scmNodeId,nodeAddress=/0.0.0.0:15000]
2025-07-30 09:17:14,928 [ForkJoinPool-1-worker-1] INFO  proxy.SecretKeyProtocolFailoverProxyProvider (SCMFailoverProxyProviderBase.java:<init>(120)) - Created fail-over proxy for protocol SecretKeyProtocolScmPB with 1 nodes: [nodeId=scmNodeId,nodeAddress=/0.0.0.0:9961]
2025-07-30 09:17:14,950 [FixedThreadPoolWithAffinityExecutor-0-0] ERROR report.ContainerReportValidator$ECReplicaValidator (ContainerReportValidator.java:validate(71)) - ContainerReplicaReport for ContainerID: 66 in Datanode: 8e3ee17b-5e05-47fa-951d-7a13ab9ecc42(localhost/127.0.0.1) failed. Replica Index should be between 1 and 5. Given Replica Index: 0
]]></system-out>
  </testcase>
  <testcase name="testCreateRatis" classname="org.apache.ozone.test.NonHATests$ContainerOperations" time="2.43">
    <system-out><![CDATA[2025-07-30 09:17:14,953 [IPC Server handler 19 on default port 15000] INFO  pipeline.RatisPipelineProvider (RatisPipelineProvider.java:lambda$create$0(208)) - Sending CreatePipelineCommand for pipeline:Pipeline-235ff1ab-83e2-46fa-a16e-27133e9d9e5b to datanode:5f0bcb51-14d7-4b8c-a5e9-239c9c50a8c6(localhost/127.0.0.1)
2025-07-30 09:17:14,953 [IPC Server handler 19 on default port 15000] INFO  pipeline.RatisPipelineProvider (RatisPipelineProvider.java:lambda$create$0(208)) - Sending CreatePipelineCommand for pipeline:Pipeline-235ff1ab-83e2-46fa-a16e-27133e9d9e5b to datanode:4ce797ff-0e2f-4a08-9573-f0dfcfa9338d(localhost/127.0.0.1)
2025-07-30 09:17:14,954 [IPC Server handler 19 on default port 15000] INFO  pipeline.RatisPipelineProvider (RatisPipelineProvider.java:lambda$create$0(208)) - Sending CreatePipelineCommand for pipeline:Pipeline-235ff1ab-83e2-46fa-a16e-27133e9d9e5b to datanode:dd478f6b-723f-4ec8-b32a-39cde8da1193(localhost/127.0.0.1)
2025-07-30 09:17:15,040 [grpc-default-executor-4] INFO  segmented.SegmentedRaftLogWorker (SegmentedRaftLogWorker.java:close(254)) - 4ce797ff-0e2f-4a08-9573-f0dfcfa9338d@group-2A48B7F33A72-SegmentedRaftLogWorker close()
2025-07-30 09:17:15,042 [grpc-default-executor-4] INFO  server.RaftServer$Division (RaftServerImpl.java:groupRemove(497)) - 4ce797ff-0e2f-4a08-9573-f0dfcfa9338d@group-2A48B7F33A72: Succeed to remove RaftStorageDirectory Storage Directory /home/runner/work/ozone/ozone/hadoop-ozone/integration-test/target/test-dir/MiniOzoneClusterImpl-e9c86eaa-746e-4e37-9ca0-2f0a1dedb253/ozone-meta/datanode-2/ratis/bb732298-f773-49f8-a16e-2a48b7f33a72
2025-07-30 09:17:15,051 [grpc-default-executor-2] INFO  segmented.SegmentedRaftLogWorker (SegmentedRaftLogWorker.java:close(254)) - 5f0bcb51-14d7-4b8c-a5e9-239c9c50a8c6@group-2A48B7F33A72-SegmentedRaftLogWorker close()
2025-07-30 09:17:15,053 [grpc-default-executor-4] INFO  server.RaftServer (RaftServerProxy.java:remove(116)) - 8e3ee17b-5e05-47fa-951d-7a13ab9ecc42: remove  FOLLOWER (RUNNING): 8e3ee17b-5e05-47fa-951d-7a13ab9ecc42@group-2A48B7F33A72:t1, leader=4ce797ff-0e2f-4a08-9573-f0dfcfa9338d, voted=4ce797ff-0e2f-4a08-9573-f0dfcfa9338d, raftlog=Memoized:8e3ee17b-5e05-47fa-951d-7a13ab9ecc42@group-2A48B7F33A72-SegmentedRaftLog:OPENED:c0:last(t:1, i:0), conf=conf: {index: 0, cur=peers:[4ce797ff-0e2f-4a08-9573-f0dfcfa9338d|127.0.0.1:15023, 5f0bcb51-14d7-4b8c-a5e9-239c9c50a8c6|127.0.0.1:15015, 8e3ee17b-5e05-47fa-951d-7a13ab9ecc42|127.0.0.1:15039]|listeners:[], old=null}
2025-07-30 09:17:15,053 [grpc-default-executor-4] INFO  server.RaftServer$Division (RaftServerImpl.java:lambda$close$1(527)) - 8e3ee17b-5e05-47fa-951d-7a13ab9ecc42@group-2A48B7F33A72: shutdown
2025-07-30 09:17:15,054 [grpc-default-executor-4] INFO  util.JmxRegister (JmxRegister.java:unregister(74)) - Successfully un-registered JMX Bean with object name Ratis:service=RaftServer,group=group-2A48B7F33A72,id=8e3ee17b-5e05-47fa-951d-7a13ab9ecc42
2025-07-30 09:17:15,054 [grpc-default-executor-4] INFO  impl.RoleInfo (RoleInfo.java:shutdownFollowerState(121)) - 8e3ee17b-5e05-47fa-951d-7a13ab9ecc42: shutdown 8e3ee17b-5e05-47fa-951d-7a13ab9ecc42@group-2A48B7F33A72-FollowerState
2025-07-30 09:17:15,054 [8e3ee17b-5e05-47fa-951d-7a13ab9ecc42@group-2A48B7F33A72-FollowerState] INFO  impl.FollowerState (FollowerState.java:runImpl(170)) - 8e3ee17b-5e05-47fa-951d-7a13ab9ecc42@group-2A48B7F33A72-FollowerState was interrupted
2025-07-30 09:17:15,054 [grpc-default-executor-4] INFO  impl.StateMachineUpdater (StateMachineUpdater.java:stopAndJoin(163)) - 8e3ee17b-5e05-47fa-951d-7a13ab9ecc42@group-2A48B7F33A72-StateMachineUpdater: set stopIndex = 0
2025-07-30 09:17:15,054 [8e3ee17b-5e05-47fa-951d-7a13ab9ecc42@group-2A48B7F33A72-StateMachineUpdater] INFO  ratis.ContainerStateMachine (ContainerStateMachine.java:takeSnapshot(427)) - group-2A48B7F33A72: Taking a snapshot at:(t:1, i:0) file /home/runner/work/ozone/ozone/hadoop-ozone/integration-test/target/test-dir/MiniOzoneClusterImpl-e9c86eaa-746e-4e37-9ca0-2f0a1dedb253/ozone-meta/datanode-4/ratis/bb732298-f773-49f8-a16e-2a48b7f33a72/sm/snapshot.1_0
2025-07-30 09:17:15,055 [grpc-default-executor-2] INFO  server.RaftServer$Division (RaftServerImpl.java:groupRemove(497)) - 5f0bcb51-14d7-4b8c-a5e9-239c9c50a8c6@group-2A48B7F33A72: Succeed to remove RaftStorageDirectory Storage Directory /home/runner/work/ozone/ozone/hadoop-ozone/integration-test/target/test-dir/MiniOzoneClusterImpl-e9c86eaa-746e-4e37-9ca0-2f0a1dedb253/ozone-meta/datanode-1/ratis/bb732298-f773-49f8-a16e-2a48b7f33a72
2025-07-30 09:17:15,057 [8e3ee17b-5e05-47fa-951d-7a13ab9ecc42@group-2A48B7F33A72-StateMachineUpdater] INFO  ratis.ContainerStateMachine (ContainerStateMachine.java:takeSnapshot(436)) - group-2A48B7F33A72: Finished taking a snapshot at:(t:1, i:0) file:/home/runner/work/ozone/ozone/hadoop-ozone/integration-test/target/test-dir/MiniOzoneClusterImpl-e9c86eaa-746e-4e37-9ca0-2f0a1dedb253/ozone-meta/datanode-4/ratis/bb732298-f773-49f8-a16e-2a48b7f33a72/sm/snapshot.1_0 took: 2 ms
2025-07-30 09:17:15,058 [8e3ee17b-5e05-47fa-951d-7a13ab9ecc42@group-2A48B7F33A72-StateMachineUpdater] INFO  impl.StateMachineUpdater (StateMachineUpdater.java:takeSnapshot(307)) - 8e3ee17b-5e05-47fa-951d-7a13ab9ecc42@group-2A48B7F33A72-StateMachineUpdater: Took a snapshot at index 0
2025-07-30 09:17:15,058 [8e3ee17b-5e05-47fa-951d-7a13ab9ecc42@group-2A48B7F33A72-StateMachineUpdater] INFO  impl.StateMachineUpdater (StateMachineUpdater.java:lambda$new$0(101)) - 8e3ee17b-5e05-47fa-951d-7a13ab9ecc42@group-2A48B7F33A72-StateMachineUpdater: snapshotIndex: updateIncreasingly -1 -> 0
2025-07-30 09:17:15,058 [8e3ee17b-5e05-47fa-951d-7a13ab9ecc42@group-2A48B7F33A72-StateMachineUpdater] INFO  impl.StateMachineUpdater (StateMachineUpdater.java:stop(140)) - 8e3ee17b-5e05-47fa-951d-7a13ab9ecc42@group-2A48B7F33A72-StateMachineUpdater: closing ContainerStateMachine, lastApplied=(t:1, i:0)
2025-07-30 09:17:15,058 [8e3ee17b-5e05-47fa-951d-7a13ab9ecc42@group-2A48B7F33A72-cacheEviction-AwaitToRun] INFO  util.AwaitToRun (AwaitToRun.java:run(49)) - 8e3ee17b-5e05-47fa-951d-7a13ab9ecc42@group-2A48B7F33A72-cacheEviction-AwaitToRun-AwaitForSignal is interrupted
2025-07-30 09:17:15,060 [8e3ee17b-5e05-47fa-951d-7a13ab9ecc42-PipelineCommandHandlerThread-0] WARN  server.RaftServer (RaftServerProxy.java:remove(111)) - 8e3ee17b-5e05-47fa-951d-7a13ab9ecc42: does not contain group: group-2A48B7F33A72
2025-07-30 09:17:16,033 [4ce797ff-0e2f-4a08-9573-f0dfcfa9338d-PipelineCommandHandlerThread-0] INFO  server.RaftServer (RaftServerProxy.java:addNew(105)) - 4ce797ff-0e2f-4a08-9573-f0dfcfa9338d: addNew group-27133E9D9E5B:[4ce797ff-0e2f-4a08-9573-f0dfcfa9338d|127.0.0.1:15023, 5f0bcb51-14d7-4b8c-a5e9-239c9c50a8c6|127.0.0.1:15015, dd478f6b-723f-4ec8-b32a-39cde8da1193|127.0.0.1:15031] returns group-27133E9D9E5B:java.util.concurrent.CompletableFuture@6fb64f57[Not completed]
2025-07-30 09:17:16,035 [4ce797ff-0e2f-4a08-9573-f0dfcfa9338d-groupManagement] INFO  server.RaftServer$Division (RaftServerImpl.java:<init>(268)) - 4ce797ff-0e2f-4a08-9573-f0dfcfa9338d: new RaftServerImpl for group-27133E9D9E5B:[4ce797ff-0e2f-4a08-9573-f0dfcfa9338d|127.0.0.1:15023, 5f0bcb51-14d7-4b8c-a5e9-239c9c50a8c6|127.0.0.1:15015, dd478f6b-723f-4ec8-b32a-39cde8da1193|127.0.0.1:15031] with ContainerStateMachine:uninitialized
2025-07-30 09:17:16,035 [4ce797ff-0e2f-4a08-9573-f0dfcfa9338d-groupManagement] INFO  server.RaftServer$Division (ServerState.java:<init>(114)) - 4ce797ff-0e2f-4a08-9573-f0dfcfa9338d@group-27133E9D9E5B: ConfigurationManager, init=conf: {index: -1, cur=peers:[4ce797ff-0e2f-4a08-9573-f0dfcfa9338d|127.0.0.1:15023, 5f0bcb51-14d7-4b8c-a5e9-239c9c50a8c6|127.0.0.1:15015, dd478f6b-723f-4ec8-b32a-39cde8da1193|127.0.0.1:15031]|listeners:[], old=null}, confs=<EMPTY_MAP>
2025-07-30 09:17:16,039 [4ce797ff-0e2f-4a08-9573-f0dfcfa9338d-groupManagement] INFO  server.RaftServerConfigKeys (ConfUtils.java:logGet(62)) - raft.server.storage.dir = [/home/runner/work/ozone/ozone/hadoop-ozone/integration-test/target/test-dir/MiniOzoneClusterImpl-e9c86eaa-746e-4e37-9ca0-2f0a1dedb253/ozone-meta/datanode-2/ratis] (custom)
2025-07-30 09:17:16,040 [4ce797ff-0e2f-4a08-9573-f0dfcfa9338d-groupManagement] INFO  storage.RaftStorageDirectory (RaftStorageDirectoryImpl.java:analyzeStorage(138)) - The storage directory /home/runner/work/ozone/ozone/hadoop-ozone/integration-test/target/test-dir/MiniOzoneClusterImpl-e9c86eaa-746e-4e37-9ca0-2f0a1dedb253/ozone-meta/datanode-2/ratis/235ff1ab-83e2-46fa-a16e-27133e9d9e5b does not exist. Creating ...
2025-07-30 09:17:16,041 [4ce797ff-0e2f-4a08-9573-f0dfcfa9338d-groupManagement] INFO  storage.RaftStorageDirectory (RaftStorageDirectoryImpl.java:tryLock(229)) - Lock on /home/runner/work/ozone/ozone/hadoop-ozone/integration-test/target/test-dir/MiniOzoneClusterImpl-e9c86eaa-746e-4e37-9ca0-2f0a1dedb253/ozone-meta/datanode-2/ratis/235ff1ab-83e2-46fa-a16e-27133e9d9e5b/in_use.lock acquired by nodename 101963@localhost
2025-07-30 09:17:16,042 [4ce797ff-0e2f-4a08-9573-f0dfcfa9338d-groupManagement] INFO  storage.RaftStorage (RaftStorageImpl.java:format(98)) - Storage directory /home/runner/work/ozone/ozone/hadoop-ozone/integration-test/target/test-dir/MiniOzoneClusterImpl-e9c86eaa-746e-4e37-9ca0-2f0a1dedb253/ozone-meta/datanode-2/ratis/235ff1ab-83e2-46fa-a16e-27133e9d9e5b has been successfully formatted.
2025-07-30 09:17:16,043 [4ce797ff-0e2f-4a08-9573-f0dfcfa9338d-groupManagement] INFO  ratis.ContainerStateMachine (ContainerStateMachine.java:initialize(339)) - 4ce797ff-0e2f-4a08-9573-f0dfcfa9338d: initialize group-27133E9D9E5B
2025-07-30 09:17:16,043 [4ce797ff-0e2f-4a08-9573-f0dfcfa9338d-groupManagement] INFO  ratis.ContainerStateMachine (ContainerStateMachine.java:loadSnapshot(347)) - group-27133E9D9E5B: The snapshot info is null. Setting the last applied index to:<INITIAL_VALUE>
2025-07-30 09:17:16,043 [4ce797ff-0e2f-4a08-9573-f0dfcfa9338d-groupManagement] INFO  server.RaftServerConfigKeys (ConfUtils.java:logGet(62)) - raft.server.log.appender.buffer.byte-limit = 33554432 (custom)
2025-07-30 09:17:16,045 [4ce797ff-0e2f-4a08-9573-f0dfcfa9338d-groupManagement] INFO  server.RaftServerConfigKeys (ConfUtils.java:logGet(62)) - raft.server.log.segment.size.max = 67108864 (custom)
2025-07-30 09:17:16,045 [4ce797ff-0e2f-4a08-9573-f0dfcfa9338d-groupManagement] INFO  server.RaftServerConfigKeys (ConfUtils.java:logGet(62)) - raft.server.log.appender.buffer.byte-limit = 33554432 (custom)
2025-07-30 09:17:16,046 [4ce797ff-0e2f-4a08-9573-f0dfcfa9338d-groupManagement] INFO  util.AwaitToRun (AwaitToRun.java:start(81)) - Thread[#2253,4ce797ff-0e2f-4a08-9573-f0dfcfa9338d@group-27133E9D9E5B-cacheEviction-AwaitToRun,5,main] started
2025-07-30 09:17:16,047 [4ce797ff-0e2f-4a08-9573-f0dfcfa9338d-groupManagement] INFO  segmented.SegmentedRaftLogWorker (SegmentedRaftLogWorker.java:<init>(190)) - new 4ce797ff-0e2f-4a08-9573-f0dfcfa9338d@group-27133E9D9E5B-SegmentedRaftLogWorker for RaftStorageImpl:Storage Directory /home/runner/work/ozone/ozone/hadoop-ozone/integration-test/target/test-dir/MiniOzoneClusterImpl-e9c86eaa-746e-4e37-9ca0-2f0a1dedb253/ozone-meta/datanode-2/ratis/235ff1ab-83e2-46fa-a16e-27133e9d9e5b
2025-07-30 09:17:16,047 [4ce797ff-0e2f-4a08-9573-f0dfcfa9338d-groupManagement] INFO  server.RaftServerConfigKeys (ConfUtils.java:logGet(62)) - raft.server.log.queue.byte-limit = 4294967296 (custom)
2025-07-30 09:17:16,048 [4ce797ff-0e2f-4a08-9573-f0dfcfa9338d-groupManagement] INFO  server.RaftServerConfigKeys (ConfUtils.java:logGet(62)) - raft.server.log.segment.size.max = 67108864 (custom)
2025-07-30 09:17:16,048 [4ce797ff-0e2f-4a08-9573-f0dfcfa9338d-groupManagement] INFO  server.RaftServerConfigKeys (ConfUtils.java:logGet(62)) - raft.server.log.preallocated.size = 4194304 (custom)
2025-07-30 09:17:16,049 [4ce797ff-0e2f-4a08-9573-f0dfcfa9338d-groupManagement] INFO  server.RaftServerConfigKeys (ConfUtils.java:logGet(62)) - raft.server.log.write.buffer.size = 33554440 (custom)
2025-07-30 09:17:16,053 [grpc-default-executor-4] INFO  segmented.SegmentedRaftLogWorker (SegmentedRaftLogWorker.java:close(254)) - 8e3ee17b-5e05-47fa-951d-7a13ab9ecc42@group-2A48B7F33A72-SegmentedRaftLogWorker close()
2025-07-30 09:17:16,056 [grpc-default-executor-4] INFO  server.RaftServer$Division (RaftServerImpl.java:groupRemove(497)) - 8e3ee17b-5e05-47fa-951d-7a13ab9ecc42@group-2A48B7F33A72: Succeed to remove RaftStorageDirectory Storage Directory /home/runner/work/ozone/ozone/hadoop-ozone/integration-test/target/test-dir/MiniOzoneClusterImpl-e9c86eaa-746e-4e37-9ca0-2f0a1dedb253/ozone-meta/datanode-4/ratis/bb732298-f773-49f8-a16e-2a48b7f33a72
2025-07-30 09:17:16,057 [4ce797ff-0e2f-4a08-9573-f0dfcfa9338d-groupManagement] INFO  server.RaftServerConfigKeys (ConfUtils.java:logGet(62)) - raft.server.log.appender.buffer.byte-limit = 33554432 (custom)
2025-07-30 09:17:16,057 [4ce797ff-0e2f-4a08-9573-f0dfcfa9338d-groupManagement] INFO  segmented.SegmentedRaftLogWorker (SegmentedRaftLogWorker.java:lambda$new$0(141)) - 4ce797ff-0e2f-4a08-9573-f0dfcfa9338d@group-27133E9D9E5B-SegmentedRaftLogWorker: flushIndex: setUnconditionally 0 -> -1
2025-07-30 09:17:16,058 [4ce797ff-0e2f-4a08-9573-f0dfcfa9338d-groupManagement] INFO  segmented.SegmentedRaftLogWorker (SegmentedRaftLogWorker.java:lambda$new$0(141)) - 4ce797ff-0e2f-4a08-9573-f0dfcfa9338d@group-27133E9D9E5B-SegmentedRaftLogWorker: safeCacheEvictIndex: setUnconditionally 0 -> -1
2025-07-30 09:17:16,058 [4ce797ff-0e2f-4a08-9573-f0dfcfa9338d-groupManagement] INFO  server.RaftServer$Division (RaftServerImpl.java:start(405)) - 4ce797ff-0e2f-4a08-9573-f0dfcfa9338d@group-27133E9D9E5B: start as a follower, conf=conf: {index: -1, cur=peers:[4ce797ff-0e2f-4a08-9573-f0dfcfa9338d|127.0.0.1:15023, 5f0bcb51-14d7-4b8c-a5e9-239c9c50a8c6|127.0.0.1:15015, dd478f6b-723f-4ec8-b32a-39cde8da1193|127.0.0.1:15031]|listeners:[], old=null}
2025-07-30 09:17:16,058 [4ce797ff-0e2f-4a08-9573-f0dfcfa9338d-groupManagement] INFO  server.RaftServer$Division (RaftServerImpl.java:setRole(392)) - 4ce797ff-0e2f-4a08-9573-f0dfcfa9338d@group-27133E9D9E5B: changes role from      null to FOLLOWER at term 0 for startAsFollower
2025-07-30 09:17:16,058 [4ce797ff-0e2f-4a08-9573-f0dfcfa9338d-groupManagement] INFO  impl.RoleInfo (RoleInfo.java:updateAndGet(148)) - 4ce797ff-0e2f-4a08-9573-f0dfcfa9338d: start 4ce797ff-0e2f-4a08-9573-f0dfcfa9338d@group-27133E9D9E5B-FollowerState
2025-07-30 09:17:16,059 [4ce797ff-0e2f-4a08-9573-f0dfcfa9338d-groupManagement] INFO  util.JmxRegister (JmxRegister.java:tryRegister(44)) - Successfully registered JMX Bean with object name Ratis:service=RaftServer,group=group-27133E9D9E5B,id=4ce797ff-0e2f-4a08-9573-f0dfcfa9338d
2025-07-30 09:17:16,059 [4ce797ff-0e2f-4a08-9573-f0dfcfa9338d-groupManagement] INFO  util.JmxRegister (JmxRegister.java:register(58)) - register mxBean class org.apache.ratis.server.impl.RaftServerJmxAdapter as Ratis:service=RaftServer,group=group-27133E9D9E5B,id=4ce797ff-0e2f-4a08-9573-f0dfcfa9338d
2025-07-30 09:17:16,062 [4ce797ff-0e2f-4a08-9573-f0dfcfa9338d-groupManagement] INFO  server.RaftServer$Division (RaftServerImpl.java:start(419)) - 4ce797ff-0e2f-4a08-9573-f0dfcfa9338d@group-27133E9D9E5B: Successfully started.
2025-07-30 09:17:16,063 [4ce797ff-0e2f-4a08-9573-f0dfcfa9338d-PipelineCommandHandlerThread-0] INFO  ratis.XceiverServerRatis (XceiverServerRatis.java:addGroup(843)) - Created group Pipeline-235ff1ab-83e2-46fa-a16e-27133e9d9e5b
2025-07-30 09:17:16,066 [5f0bcb51-14d7-4b8c-a5e9-239c9c50a8c6-PipelineCommandHandlerThread-0] WARN  server.RaftServer (RaftServerProxy.java:remove(111)) - 5f0bcb51-14d7-4b8c-a5e9-239c9c50a8c6: does not contain group: group-2A48B7F33A72
2025-07-30 09:17:16,073 [grpc-default-executor-4] INFO  server.RaftServer (RaftServerProxy.java:addNew(105)) - 5f0bcb51-14d7-4b8c-a5e9-239c9c50a8c6: addNew group-27133E9D9E5B:[4ce797ff-0e2f-4a08-9573-f0dfcfa9338d|127.0.0.1:15023, 5f0bcb51-14d7-4b8c-a5e9-239c9c50a8c6|127.0.0.1:15015, dd478f6b-723f-4ec8-b32a-39cde8da1193|127.0.0.1:15031] returns group-27133E9D9E5B:java.util.concurrent.CompletableFuture@3b0a30b8[Not completed]
2025-07-30 09:17:16,094 [5f0bcb51-14d7-4b8c-a5e9-239c9c50a8c6-groupManagement] INFO  server.RaftServer$Division (RaftServerImpl.java:<init>(268)) - 5f0bcb51-14d7-4b8c-a5e9-239c9c50a8c6: new RaftServerImpl for group-27133E9D9E5B:[4ce797ff-0e2f-4a08-9573-f0dfcfa9338d|127.0.0.1:15023, 5f0bcb51-14d7-4b8c-a5e9-239c9c50a8c6|127.0.0.1:15015, dd478f6b-723f-4ec8-b32a-39cde8da1193|127.0.0.1:15031] with ContainerStateMachine:uninitialized
2025-07-30 09:17:16,094 [5f0bcb51-14d7-4b8c-a5e9-239c9c50a8c6-groupManagement] INFO  server.RaftServer$Division (ServerState.java:<init>(114)) - 5f0bcb51-14d7-4b8c-a5e9-239c9c50a8c6@group-27133E9D9E5B: ConfigurationManager, init=conf: {index: -1, cur=peers:[4ce797ff-0e2f-4a08-9573-f0dfcfa9338d|127.0.0.1:15023, 5f0bcb51-14d7-4b8c-a5e9-239c9c50a8c6|127.0.0.1:15015, dd478f6b-723f-4ec8-b32a-39cde8da1193|127.0.0.1:15031]|listeners:[], old=null}, confs=<EMPTY_MAP>
2025-07-30 09:17:16,099 [5f0bcb51-14d7-4b8c-a5e9-239c9c50a8c6-groupManagement] INFO  server.RaftServerConfigKeys (ConfUtils.java:logGet(62)) - raft.server.storage.dir = [/home/runner/work/ozone/ozone/hadoop-ozone/integration-test/target/test-dir/MiniOzoneClusterImpl-e9c86eaa-746e-4e37-9ca0-2f0a1dedb253/ozone-meta/datanode-1/ratis] (custom)
2025-07-30 09:17:16,099 [5f0bcb51-14d7-4b8c-a5e9-239c9c50a8c6-groupManagement] INFO  storage.RaftStorageDirectory (RaftStorageDirectoryImpl.java:analyzeStorage(138)) - The storage directory /home/runner/work/ozone/ozone/hadoop-ozone/integration-test/target/test-dir/MiniOzoneClusterImpl-e9c86eaa-746e-4e37-9ca0-2f0a1dedb253/ozone-meta/datanode-1/ratis/235ff1ab-83e2-46fa-a16e-27133e9d9e5b does not exist. Creating ...
2025-07-30 09:17:16,102 [5f0bcb51-14d7-4b8c-a5e9-239c9c50a8c6-groupManagement] INFO  storage.RaftStorageDirectory (RaftStorageDirectoryImpl.java:tryLock(229)) - Lock on /home/runner/work/ozone/ozone/hadoop-ozone/integration-test/target/test-dir/MiniOzoneClusterImpl-e9c86eaa-746e-4e37-9ca0-2f0a1dedb253/ozone-meta/datanode-1/ratis/235ff1ab-83e2-46fa-a16e-27133e9d9e5b/in_use.lock acquired by nodename 101963@localhost
2025-07-30 09:17:16,103 [5f0bcb51-14d7-4b8c-a5e9-239c9c50a8c6-groupManagement] INFO  storage.RaftStorage (RaftStorageImpl.java:format(98)) - Storage directory /home/runner/work/ozone/ozone/hadoop-ozone/integration-test/target/test-dir/MiniOzoneClusterImpl-e9c86eaa-746e-4e37-9ca0-2f0a1dedb253/ozone-meta/datanode-1/ratis/235ff1ab-83e2-46fa-a16e-27133e9d9e5b has been successfully formatted.
2025-07-30 09:17:16,103 [5f0bcb51-14d7-4b8c-a5e9-239c9c50a8c6-groupManagement] INFO  ratis.ContainerStateMachine (ContainerStateMachine.java:initialize(339)) - 5f0bcb51-14d7-4b8c-a5e9-239c9c50a8c6: initialize group-27133E9D9E5B
2025-07-30 09:17:16,103 [5f0bcb51-14d7-4b8c-a5e9-239c9c50a8c6-groupManagement] INFO  ratis.ContainerStateMachine (ContainerStateMachine.java:loadSnapshot(347)) - group-27133E9D9E5B: The snapshot info is null. Setting the last applied index to:<INITIAL_VALUE>
2025-07-30 09:17:16,104 [5f0bcb51-14d7-4b8c-a5e9-239c9c50a8c6-groupManagement] INFO  server.RaftServerConfigKeys (ConfUtils.java:logGet(62)) - raft.server.log.appender.buffer.byte-limit = 33554432 (custom)
2025-07-30 09:17:16,107 [5f0bcb51-14d7-4b8c-a5e9-239c9c50a8c6-groupManagement] INFO  server.RaftServerConfigKeys (ConfUtils.java:logGet(62)) - raft.server.log.segment.size.max = 67108864 (custom)
2025-07-30 09:17:16,108 [5f0bcb51-14d7-4b8c-a5e9-239c9c50a8c6-groupManagement] INFO  server.RaftServerConfigKeys (ConfUtils.java:logGet(62)) - raft.server.log.appender.buffer.byte-limit = 33554432 (custom)
2025-07-30 09:17:16,109 [5f0bcb51-14d7-4b8c-a5e9-239c9c50a8c6-groupManagement] INFO  util.AwaitToRun (AwaitToRun.java:start(81)) - Thread[#2258,5f0bcb51-14d7-4b8c-a5e9-239c9c50a8c6@group-27133E9D9E5B-cacheEviction-AwaitToRun,5,main] started
2025-07-30 09:17:16,110 [5f0bcb51-14d7-4b8c-a5e9-239c9c50a8c6-groupManagement] INFO  segmented.SegmentedRaftLogWorker (SegmentedRaftLogWorker.java:<init>(190)) - new 5f0bcb51-14d7-4b8c-a5e9-239c9c50a8c6@group-27133E9D9E5B-SegmentedRaftLogWorker for RaftStorageImpl:Storage Directory /home/runner/work/ozone/ozone/hadoop-ozone/integration-test/target/test-dir/MiniOzoneClusterImpl-e9c86eaa-746e-4e37-9ca0-2f0a1dedb253/ozone-meta/datanode-1/ratis/235ff1ab-83e2-46fa-a16e-27133e9d9e5b
2025-07-30 09:17:16,110 [5f0bcb51-14d7-4b8c-a5e9-239c9c50a8c6-groupManagement] INFO  server.RaftServerConfigKeys (ConfUtils.java:logGet(62)) - raft.server.log.queue.byte-limit = 4294967296 (custom)
2025-07-30 09:17:16,110 [5f0bcb51-14d7-4b8c-a5e9-239c9c50a8c6-groupManagement] INFO  server.RaftServerConfigKeys (ConfUtils.java:logGet(62)) - raft.server.log.segment.size.max = 67108864 (custom)
2025-07-30 09:17:16,110 [5f0bcb51-14d7-4b8c-a5e9-239c9c50a8c6-groupManagement] INFO  server.RaftServerConfigKeys (ConfUtils.java:logGet(62)) - raft.server.log.preallocated.size = 4194304 (custom)
2025-07-30 09:17:16,110 [5f0bcb51-14d7-4b8c-a5e9-239c9c50a8c6-groupManagement] INFO  server.RaftServerConfigKeys (ConfUtils.java:logGet(62)) - raft.server.log.write.buffer.size = 33554440 (custom)
2025-07-30 09:17:16,116 [5f0bcb51-14d7-4b8c-a5e9-239c9c50a8c6-groupManagement] INFO  server.RaftServerConfigKeys (ConfUtils.java:logGet(62)) - raft.server.log.appender.buffer.byte-limit = 33554432 (custom)
2025-07-30 09:17:16,116 [5f0bcb51-14d7-4b8c-a5e9-239c9c50a8c6-groupManagement] INFO  segmented.SegmentedRaftLogWorker (SegmentedRaftLogWorker.java:lambda$new$0(141)) - 5f0bcb51-14d7-4b8c-a5e9-239c9c50a8c6@group-27133E9D9E5B-SegmentedRaftLogWorker: flushIndex: setUnconditionally 0 -> -1
2025-07-30 09:17:16,117 [5f0bcb51-14d7-4b8c-a5e9-239c9c50a8c6-groupManagement] INFO  segmented.SegmentedRaftLogWorker (SegmentedRaftLogWorker.java:lambda$new$0(141)) - 5f0bcb51-14d7-4b8c-a5e9-239c9c50a8c6@group-27133E9D9E5B-SegmentedRaftLogWorker: safeCacheEvictIndex: setUnconditionally 0 -> -1
2025-07-30 09:17:16,117 [5f0bcb51-14d7-4b8c-a5e9-239c9c50a8c6-groupManagement] INFO  server.RaftServer$Division (RaftServerImpl.java:start(405)) - 5f0bcb51-14d7-4b8c-a5e9-239c9c50a8c6@group-27133E9D9E5B: start as a follower, conf=conf: {index: -1, cur=peers:[4ce797ff-0e2f-4a08-9573-f0dfcfa9338d|127.0.0.1:15023, 5f0bcb51-14d7-4b8c-a5e9-239c9c50a8c6|127.0.0.1:15015, dd478f6b-723f-4ec8-b32a-39cde8da1193|127.0.0.1:15031]|listeners:[], old=null}
2025-07-30 09:17:16,117 [5f0bcb51-14d7-4b8c-a5e9-239c9c50a8c6-groupManagement] INFO  server.RaftServer$Division (RaftServerImpl.java:setRole(392)) - 5f0bcb51-14d7-4b8c-a5e9-239c9c50a8c6@group-27133E9D9E5B: changes role from      null to FOLLOWER at term 0 for startAsFollower
2025-07-30 09:17:16,118 [5f0bcb51-14d7-4b8c-a5e9-239c9c50a8c6-groupManagement] INFO  impl.RoleInfo (RoleInfo.java:updateAndGet(148)) - 5f0bcb51-14d7-4b8c-a5e9-239c9c50a8c6: start 5f0bcb51-14d7-4b8c-a5e9-239c9c50a8c6@group-27133E9D9E5B-FollowerState
2025-07-30 09:17:16,118 [5f0bcb51-14d7-4b8c-a5e9-239c9c50a8c6-groupManagement] INFO  util.JmxRegister (JmxRegister.java:tryRegister(44)) - Successfully registered JMX Bean with object name Ratis:service=RaftServer,group=group-27133E9D9E5B,id=5f0bcb51-14d7-4b8c-a5e9-239c9c50a8c6
2025-07-30 09:17:16,118 [5f0bcb51-14d7-4b8c-a5e9-239c9c50a8c6-groupManagement] INFO  util.JmxRegister (JmxRegister.java:register(58)) - register mxBean class org.apache.ratis.server.impl.RaftServerJmxAdapter as Ratis:service=RaftServer,group=group-27133E9D9E5B,id=5f0bcb51-14d7-4b8c-a5e9-239c9c50a8c6
2025-07-30 09:17:16,119 [5f0bcb51-14d7-4b8c-a5e9-239c9c50a8c6-groupManagement] INFO  server.RaftServer$Division (RaftServerImpl.java:start(419)) - 5f0bcb51-14d7-4b8c-a5e9-239c9c50a8c6@group-27133E9D9E5B: Successfully started.
2025-07-30 09:17:16,130 [grpc-default-executor-4] INFO  server.RaftServer (RaftServerProxy.java:addNew(105)) - dd478f6b-723f-4ec8-b32a-39cde8da1193: addNew group-27133E9D9E5B:[4ce797ff-0e2f-4a08-9573-f0dfcfa9338d|127.0.0.1:15023, 5f0bcb51-14d7-4b8c-a5e9-239c9c50a8c6|127.0.0.1:15015, dd478f6b-723f-4ec8-b32a-39cde8da1193|127.0.0.1:15031] returns group-27133E9D9E5B:java.util.concurrent.CompletableFuture@36dee24c[Not completed]
2025-07-30 09:17:16,132 [dd478f6b-723f-4ec8-b32a-39cde8da1193-groupManagement] INFO  server.RaftServer$Division (RaftServerImpl.java:<init>(268)) - dd478f6b-723f-4ec8-b32a-39cde8da1193: new RaftServerImpl for group-27133E9D9E5B:[4ce797ff-0e2f-4a08-9573-f0dfcfa9338d|127.0.0.1:15023, 5f0bcb51-14d7-4b8c-a5e9-239c9c50a8c6|127.0.0.1:15015, dd478f6b-723f-4ec8-b32a-39cde8da1193|127.0.0.1:15031] with ContainerStateMachine:uninitialized
2025-07-30 09:17:16,132 [dd478f6b-723f-4ec8-b32a-39cde8da1193-groupManagement] INFO  server.RaftServer$Division (ServerState.java:<init>(114)) - dd478f6b-723f-4ec8-b32a-39cde8da1193@group-27133E9D9E5B: ConfigurationManager, init=conf: {index: -1, cur=peers:[4ce797ff-0e2f-4a08-9573-f0dfcfa9338d|127.0.0.1:15023, 5f0bcb51-14d7-4b8c-a5e9-239c9c50a8c6|127.0.0.1:15015, dd478f6b-723f-4ec8-b32a-39cde8da1193|127.0.0.1:15031]|listeners:[], old=null}, confs=<EMPTY_MAP>
2025-07-30 09:17:16,135 [dd478f6b-723f-4ec8-b32a-39cde8da1193-groupManagement] INFO  server.RaftServerConfigKeys (ConfUtils.java:logGet(62)) - raft.server.storage.dir = [/home/runner/work/ozone/ozone/hadoop-ozone/integration-test/target/test-dir/MiniOzoneClusterImpl-e9c86eaa-746e-4e37-9ca0-2f0a1dedb253/ozone-meta/datanode-3/ratis] (custom)
2025-07-30 09:17:16,135 [dd478f6b-723f-4ec8-b32a-39cde8da1193-groupManagement] INFO  storage.RaftStorageDirectory (RaftStorageDirectoryImpl.java:analyzeStorage(138)) - The storage directory /home/runner/work/ozone/ozone/hadoop-ozone/integration-test/target/test-dir/MiniOzoneClusterImpl-e9c86eaa-746e-4e37-9ca0-2f0a1dedb253/ozone-meta/datanode-3/ratis/235ff1ab-83e2-46fa-a16e-27133e9d9e5b does not exist. Creating ...
2025-07-30 09:17:16,136 [dd478f6b-723f-4ec8-b32a-39cde8da1193-groupManagement] INFO  storage.RaftStorageDirectory (RaftStorageDirectoryImpl.java:tryLock(229)) - Lock on /home/runner/work/ozone/ozone/hadoop-ozone/integration-test/target/test-dir/MiniOzoneClusterImpl-e9c86eaa-746e-4e37-9ca0-2f0a1dedb253/ozone-meta/datanode-3/ratis/235ff1ab-83e2-46fa-a16e-27133e9d9e5b/in_use.lock acquired by nodename 101963@localhost
2025-07-30 09:17:16,137 [dd478f6b-723f-4ec8-b32a-39cde8da1193-groupManagement] INFO  storage.RaftStorage (RaftStorageImpl.java:format(98)) - Storage directory /home/runner/work/ozone/ozone/hadoop-ozone/integration-test/target/test-dir/MiniOzoneClusterImpl-e9c86eaa-746e-4e37-9ca0-2f0a1dedb253/ozone-meta/datanode-3/ratis/235ff1ab-83e2-46fa-a16e-27133e9d9e5b has been successfully formatted.
2025-07-30 09:17:16,138 [dd478f6b-723f-4ec8-b32a-39cde8da1193-groupManagement] INFO  ratis.ContainerStateMachine (ContainerStateMachine.java:initialize(339)) - dd478f6b-723f-4ec8-b32a-39cde8da1193: initialize group-27133E9D9E5B
2025-07-30 09:17:16,138 [dd478f6b-723f-4ec8-b32a-39cde8da1193-groupManagement] INFO  ratis.ContainerStateMachine (ContainerStateMachine.java:loadSnapshot(347)) - group-27133E9D9E5B: The snapshot info is null. Setting the last applied index to:<INITIAL_VALUE>
2025-07-30 09:17:16,138 [dd478f6b-723f-4ec8-b32a-39cde8da1193-groupManagement] INFO  server.RaftServerConfigKeys (ConfUtils.java:logGet(62)) - raft.server.log.appender.buffer.byte-limit = 33554432 (custom)
2025-07-30 09:17:16,140 [dd478f6b-723f-4ec8-b32a-39cde8da1193-groupManagement] INFO  server.RaftServerConfigKeys (ConfUtils.java:logGet(62)) - raft.server.log.segment.size.max = 67108864 (custom)
2025-07-30 09:17:16,141 [dd478f6b-723f-4ec8-b32a-39cde8da1193-groupManagement] INFO  server.RaftServerConfigKeys (ConfUtils.java:logGet(62)) - raft.server.log.appender.buffer.byte-limit = 33554432 (custom)
2025-07-30 09:17:16,141 [dd478f6b-723f-4ec8-b32a-39cde8da1193-groupManagement] INFO  util.AwaitToRun (AwaitToRun.java:start(81)) - Thread[#2265,dd478f6b-723f-4ec8-b32a-39cde8da1193@group-27133E9D9E5B-cacheEviction-AwaitToRun,5,main] started
2025-07-30 09:17:16,142 [dd478f6b-723f-4ec8-b32a-39cde8da1193-groupManagement] INFO  segmented.SegmentedRaftLogWorker (SegmentedRaftLogWorker.java:<init>(190)) - new dd478f6b-723f-4ec8-b32a-39cde8da1193@group-27133E9D9E5B-SegmentedRaftLogWorker for RaftStorageImpl:Storage Directory /home/runner/work/ozone/ozone/hadoop-ozone/integration-test/target/test-dir/MiniOzoneClusterImpl-e9c86eaa-746e-4e37-9ca0-2f0a1dedb253/ozone-meta/datanode-3/ratis/235ff1ab-83e2-46fa-a16e-27133e9d9e5b
2025-07-30 09:17:16,142 [dd478f6b-723f-4ec8-b32a-39cde8da1193-groupManagement] INFO  server.RaftServerConfigKeys (ConfUtils.java:logGet(62)) - raft.server.log.queue.byte-limit = 4294967296 (custom)
2025-07-30 09:17:16,142 [dd478f6b-723f-4ec8-b32a-39cde8da1193-groupManagement] INFO  server.RaftServerConfigKeys (ConfUtils.java:logGet(62)) - raft.server.log.segment.size.max = 67108864 (custom)
2025-07-30 09:17:16,143 [dd478f6b-723f-4ec8-b32a-39cde8da1193-groupManagement] INFO  server.RaftServerConfigKeys (ConfUtils.java:logGet(62)) - raft.server.log.preallocated.size = 4194304 (custom)
2025-07-30 09:17:16,143 [dd478f6b-723f-4ec8-b32a-39cde8da1193-groupManagement] INFO  server.RaftServerConfigKeys (ConfUtils.java:logGet(62)) - raft.server.log.write.buffer.size = 33554440 (custom)
2025-07-30 09:17:16,150 [dd478f6b-723f-4ec8-b32a-39cde8da1193-groupManagement] INFO  server.RaftServerConfigKeys (ConfUtils.java:logGet(62)) - raft.server.log.appender.buffer.byte-limit = 33554432 (custom)
2025-07-30 09:17:16,151 [dd478f6b-723f-4ec8-b32a-39cde8da1193-groupManagement] INFO  segmented.SegmentedRaftLogWorker (SegmentedRaftLogWorker.java:lambda$new$0(141)) - dd478f6b-723f-4ec8-b32a-39cde8da1193@group-27133E9D9E5B-SegmentedRaftLogWorker: flushIndex: setUnconditionally 0 -> -1
2025-07-30 09:17:16,151 [dd478f6b-723f-4ec8-b32a-39cde8da1193-groupManagement] INFO  segmented.SegmentedRaftLogWorker (SegmentedRaftLogWorker.java:lambda$new$0(141)) - dd478f6b-723f-4ec8-b32a-39cde8da1193@group-27133E9D9E5B-SegmentedRaftLogWorker: safeCacheEvictIndex: setUnconditionally 0 -> -1
2025-07-30 09:17:16,151 [dd478f6b-723f-4ec8-b32a-39cde8da1193-groupManagement] INFO  server.RaftServer$Division (RaftServerImpl.java:start(405)) - dd478f6b-723f-4ec8-b32a-39cde8da1193@group-27133E9D9E5B: start as a follower, conf=conf: {index: -1, cur=peers:[4ce797ff-0e2f-4a08-9573-f0dfcfa9338d|127.0.0.1:15023, 5f0bcb51-14d7-4b8c-a5e9-239c9c50a8c6|127.0.0.1:15015, dd478f6b-723f-4ec8-b32a-39cde8da1193|127.0.0.1:15031]|listeners:[], old=null}
2025-07-30 09:17:16,151 [dd478f6b-723f-4ec8-b32a-39cde8da1193-groupManagement] INFO  server.RaftServer$Division (RaftServerImpl.java:setRole(392)) - dd478f6b-723f-4ec8-b32a-39cde8da1193@group-27133E9D9E5B: changes role from      null to FOLLOWER at term 0 for startAsFollower
2025-07-30 09:17:16,152 [dd478f6b-723f-4ec8-b32a-39cde8da1193-groupManagement] INFO  impl.RoleInfo (RoleInfo.java:updateAndGet(148)) - dd478f6b-723f-4ec8-b32a-39cde8da1193: start dd478f6b-723f-4ec8-b32a-39cde8da1193@group-27133E9D9E5B-FollowerState
2025-07-30 09:17:16,152 [dd478f6b-723f-4ec8-b32a-39cde8da1193-groupManagement] INFO  util.JmxRegister (JmxRegister.java:tryRegister(44)) - Successfully registered JMX Bean with object name Ratis:service=RaftServer,group=group-27133E9D9E5B,id=dd478f6b-723f-4ec8-b32a-39cde8da1193
2025-07-30 09:17:16,152 [dd478f6b-723f-4ec8-b32a-39cde8da1193-groupManagement] INFO  util.JmxRegister (JmxRegister.java:register(58)) - register mxBean class org.apache.ratis.server.impl.RaftServerJmxAdapter as Ratis:service=RaftServer,group=group-27133E9D9E5B,id=dd478f6b-723f-4ec8-b32a-39cde8da1193
2025-07-30 09:17:16,153 [dd478f6b-723f-4ec8-b32a-39cde8da1193-groupManagement] INFO  server.RaftServer$Division (RaftServerImpl.java:start(419)) - dd478f6b-723f-4ec8-b32a-39cde8da1193@group-27133E9D9E5B: Successfully started.
2025-07-30 09:17:16,158 [4ce797ff-0e2f-4a08-9573-f0dfcfa9338d-PipelineCommandHandlerThread-0] INFO  commandhandler.CreatePipelineCommandHandler (CreatePipelineCommandHandler.java:lambda$handle$2(127)) - Created Pipeline RATIS THREE Pipeline-235ff1ab-83e2-46fa-a16e-27133e9d9e5b.
2025-07-30 09:17:16,675 [dd478f6b-723f-4ec8-b32a-39cde8da1193-CloseContainerThread-0] INFO  commandhandler.CloseContainerCommandHandler (CloseContainerCommandHandler.java:lambda$handle$0(105)) - Container #31 does not exist in datanode. Its pipeline may have closed before it was created. Container close failed.
2025-07-30 09:17:16,675 [dd478f6b-723f-4ec8-b32a-39cde8da1193-CloseContainerThread-0] INFO  commandhandler.CloseContainerCommandHandler (CloseContainerCommandHandler.java:lambda$handle$0(105)) - Container #32 does not exist in datanode. Its pipeline may have closed before it was created. Container close failed.
2025-07-30 09:17:16,675 [dd478f6b-723f-4ec8-b32a-39cde8da1193-CloseContainerThread-0] INFO  commandhandler.CloseContainerCommandHandler (CloseContainerCommandHandler.java:lambda$handle$0(105)) - Container #33 does not exist in datanode. Its pipeline may have closed before it was created. Container close failed.
2025-07-30 09:17:16,675 [dd478f6b-723f-4ec8-b32a-39cde8da1193-CloseContainerThread-0] INFO  commandhandler.CloseContainerCommandHandler (CloseContainerCommandHandler.java:lambda$handle$0(105)) - Container #34 does not exist in datanode. Its pipeline may have closed before it was created. Container close failed.
2025-07-30 09:17:16,684 [dd478f6b-723f-4ec8-b32a-39cde8da1193-CloseContainerThread-2] INFO  keyvalue.KeyValueContainer (KeyValueContainer.java:flushAndSyncDB(514)) - Synced container: KeyValueContainerData #5 (CLOSING, non-empty, ri=2, origin=[dn_dd478f6b-723f-4ec8-b32a-39cde8da1193, pipeline_])
2025-07-30 09:17:16,684 [dd478f6b-723f-4ec8-b32a-39cde8da1193-CloseContainerThread-2] INFO  keyvalue.KeyValueContainer (KeyValueContainer.java:flushAndSyncDB(514)) - Synced container: KeyValueContainerData #5 (CLOSING, non-empty, ri=2, origin=[dn_dd478f6b-723f-4ec8-b32a-39cde8da1193, pipeline_])
2025-07-30 09:17:16,686 [dd478f6b-723f-4ec8-b32a-39cde8da1193-ContainerOp-3e646af8-c8f7-47af-91d0-ed6adda3cdc4-9] INFO  keyvalue.KeyValueContainer (KeyValueContainer.java:flushAndSyncDB(514)) - Synced container: KeyValueContainerData #11 (CLOSING, non-empty, ri=0, origin=[dn_dd478f6b-723f-4ec8-b32a-39cde8da1193, pipeline_3e646af8-c8f7-47af-91d0-ed6adda3cdc4])
2025-07-30 09:17:16,686 [dd478f6b-723f-4ec8-b32a-39cde8da1193-ContainerOp-3e646af8-c8f7-47af-91d0-ed6adda3cdc4-9] INFO  keyvalue.KeyValueContainer (KeyValueContainer.java:flushAndSyncDB(514)) - Synced container: KeyValueContainerData #11 (CLOSING, non-empty, ri=0, origin=[dn_dd478f6b-723f-4ec8-b32a-39cde8da1193, pipeline_3e646af8-c8f7-47af-91d0-ed6adda3cdc4])
2025-07-30 09:17:16,688 [dd478f6b-723f-4ec8-b32a-39cde8da1193-CloseContainerThread-2] INFO  keyvalue.KeyValueContainer (KeyValueContainer.java:close(430)) - Closed container: KeyValueContainerData #5 (CLOSED, non-empty, ri=2, origin=[dn_dd478f6b-723f-4ec8-b32a-39cde8da1193, pipeline_])
2025-07-30 09:17:16,690 [dd478f6b-723f-4ec8-b32a-39cde8da1193-ContainerOp-3e646af8-c8f7-47af-91d0-ed6adda3cdc4-9] INFO  keyvalue.KeyValueContainer (KeyValueContainer.java:close(430)) - Closed container: KeyValueContainerData #11 (CLOSED, non-empty, ri=0, origin=[dn_dd478f6b-723f-4ec8-b32a-39cde8da1193, pipeline_3e646af8-c8f7-47af-91d0-ed6adda3cdc4])
2025-07-30 09:17:16,692 [FixedThreadPoolWithAffinityExecutor-9-0] INFO  container.IncrementalContainerReportHandler (AbstractContainerReportHandler.java:updateContainerState(289)) - CLOSE Container #11 (CLOSING, sid=2) r0 (CLOSED, bcsid=2, origin=dd478f6b-723f-4ec8-b32a-39cde8da1193, non-empty) from dn dd478f6b-723f-4ec8-b32a-39cde8da1193(localhost/127.0.0.1)
2025-07-30 09:17:16,777 [5f0bcb51-14d7-4b8c-a5e9-239c9c50a8c6-CloseContainerThread-2] INFO  commandhandler.CloseContainerCommandHandler (CloseContainerCommandHandler.java:lambda$handle$0(105)) - Container #8 does not exist in datanode. Its pipeline may have closed before it was created. Container close failed.
2025-07-30 09:17:16,777 [5f0bcb51-14d7-4b8c-a5e9-239c9c50a8c6-CloseContainerThread-1] INFO  commandhandler.CloseContainerCommandHandler (CloseContainerCommandHandler.java:lambda$handle$0(105)) - Container #7 does not exist in datanode. Its pipeline may have closed before it was created. Container close failed.
2025-07-30 09:17:16,787 [5f0bcb51-14d7-4b8c-a5e9-239c9c50a8c6-CloseContainerThread-0] INFO  keyvalue.KeyValueContainer (KeyValueContainer.java:flushAndSyncDB(514)) - Synced container: KeyValueContainerData #5 (CLOSING, non-empty, ri=5, origin=[dn_5f0bcb51-14d7-4b8c-a5e9-239c9c50a8c6, pipeline_])
2025-07-30 09:17:16,787 [5f0bcb51-14d7-4b8c-a5e9-239c9c50a8c6-CloseContainerThread-0] INFO  keyvalue.KeyValueContainer (KeyValueContainer.java:flushAndSyncDB(514)) - Synced container: KeyValueContainerData #5 (CLOSING, non-empty, ri=5, origin=[dn_5f0bcb51-14d7-4b8c-a5e9-239c9c50a8c6, pipeline_])
2025-07-30 09:17:16,791 [5f0bcb51-14d7-4b8c-a5e9-239c9c50a8c6-ContainerOp-aa56ae8a-67a5-494e-bcb3-006eb283e485-4] INFO  keyvalue.KeyValueContainer (KeyValueContainer.java:flushAndSyncDB(514)) - Synced container: KeyValueContainerData #10 (CLOSING, non-empty, ri=0, origin=[dn_5f0bcb51-14d7-4b8c-a5e9-239c9c50a8c6, pipeline_aa56ae8a-67a5-494e-bcb3-006eb283e485])
2025-07-30 09:17:16,791 [5f0bcb51-14d7-4b8c-a5e9-239c9c50a8c6-ContainerOp-aa56ae8a-67a5-494e-bcb3-006eb283e485-5] INFO  keyvalue.KeyValueContainer (KeyValueContainer.java:flushAndSyncDB(514)) - Synced container: KeyValueContainerData #13 (CLOSING, non-empty, ri=0, origin=[dn_5f0bcb51-14d7-4b8c-a5e9-239c9c50a8c6, pipeline_aa56ae8a-67a5-494e-bcb3-006eb283e485])
2025-07-30 09:17:16,791 [5f0bcb51-14d7-4b8c-a5e9-239c9c50a8c6-ContainerOp-aa56ae8a-67a5-494e-bcb3-006eb283e485-5] INFO  keyvalue.KeyValueContainer (KeyValueContainer.java:flushAndSyncDB(514)) - Synced container: KeyValueContainerData #13 (CLOSING, non-empty, ri=0, origin=[dn_5f0bcb51-14d7-4b8c-a5e9-239c9c50a8c6, pipeline_aa56ae8a-67a5-494e-bcb3-006eb283e485])
2025-07-30 09:17:16,791 [5f0bcb51-14d7-4b8c-a5e9-239c9c50a8c6-ContainerOp-aa56ae8a-67a5-494e-bcb3-006eb283e485-4] INFO  keyvalue.KeyValueContainer (KeyValueContainer.java:flushAndSyncDB(514)) - Synced container: KeyValueContainerData #10 (CLOSING, non-empty, ri=0, origin=[dn_5f0bcb51-14d7-4b8c-a5e9-239c9c50a8c6, pipeline_aa56ae8a-67a5-494e-bcb3-006eb283e485])
2025-07-30 09:17:16,794 [5f0bcb51-14d7-4b8c-a5e9-239c9c50a8c6-CloseContainerThread-0] INFO  keyvalue.KeyValueContainer (KeyValueContainer.java:close(430)) - Closed container: KeyValueContainerData #5 (CLOSED, non-empty, ri=5, origin=[dn_5f0bcb51-14d7-4b8c-a5e9-239c9c50a8c6, pipeline_])
2025-07-30 09:17:16,795 [5f0bcb51-14d7-4b8c-a5e9-239c9c50a8c6-CloseContainerThread-0] INFO  commandhandler.CloseContainerCommandHandler (CloseContainerCommandHandler.java:lambda$handle$0(105)) - Container #31 does not exist in datanode. Its pipeline may have closed before it was created. Container close failed.
2025-07-30 09:17:16,795 [5f0bcb51-14d7-4b8c-a5e9-239c9c50a8c6-CloseContainerThread-0] INFO  commandhandler.CloseContainerCommandHandler (CloseContainerCommandHandler.java:lambda$handle$0(105)) - Container #32 does not exist in datanode. Its pipeline may have closed before it was created. Container close failed.
2025-07-30 09:17:16,796 [5f0bcb51-14d7-4b8c-a5e9-239c9c50a8c6-CloseContainerThread-0] INFO  commandhandler.CloseContainerCommandHandler (CloseContainerCommandHandler.java:lambda$handle$0(105)) - Container #33 does not exist in datanode. Its pipeline may have closed before it was created. Container close failed.
2025-07-30 09:17:16,796 [5f0bcb51-14d7-4b8c-a5e9-239c9c50a8c6-CloseContainerThread-0] INFO  commandhandler.CloseContainerCommandHandler (CloseContainerCommandHandler.java:lambda$handle$0(105)) - Container #34 does not exist in datanode. Its pipeline may have closed before it was created. Container close failed.
2025-07-30 09:17:16,797 [5f0bcb51-14d7-4b8c-a5e9-239c9c50a8c6-ContainerOp-aa56ae8a-67a5-494e-bcb3-006eb283e485-5] INFO  keyvalue.KeyValueContainer (KeyValueContainer.java:close(430)) - Closed container: KeyValueContainerData #13 (CLOSED, non-empty, ri=0, origin=[dn_5f0bcb51-14d7-4b8c-a5e9-239c9c50a8c6, pipeline_aa56ae8a-67a5-494e-bcb3-006eb283e485])
2025-07-30 09:17:16,796 [5f0bcb51-14d7-4b8c-a5e9-239c9c50a8c6-ContainerOp-aa56ae8a-67a5-494e-bcb3-006eb283e485-4] INFO  keyvalue.KeyValueContainer (KeyValueContainer.java:close(430)) - Closed container: KeyValueContainerData #10 (CLOSED, non-empty, ri=0, origin=[dn_5f0bcb51-14d7-4b8c-a5e9-239c9c50a8c6, pipeline_aa56ae8a-67a5-494e-bcb3-006eb283e485])
2025-07-30 09:17:16,798 [FixedThreadPoolWithAffinityExecutor-1-0] INFO  container.IncrementalContainerReportHandler (AbstractContainerReportHandler.java:updateContainerState(289)) - CLOSE Container #5 (CLOSING, sid=0) r5 (CLOSED, bcsid=0, origin=5f0bcb51-14d7-4b8c-a5e9-239c9c50a8c6, non-empty) from dn 5f0bcb51-14d7-4b8c-a5e9-239c9c50a8c6(localhost/127.0.0.1)
2025-07-30 09:17:16,800 [FixedThreadPoolWithAffinityExecutor-1-0] INFO  container.IncrementalContainerReportHandler (AbstractContainerReportHandler.java:updateContainerState(289)) - CLOSE Container #13 (CLOSING, sid=5) r0 (CLOSED, bcsid=5, origin=5f0bcb51-14d7-4b8c-a5e9-239c9c50a8c6, non-empty) from dn 5f0bcb51-14d7-4b8c-a5e9-239c9c50a8c6(localhost/127.0.0.1)
2025-07-30 09:17:16,802 [FixedThreadPoolWithAffinityExecutor-1-0] INFO  container.IncrementalContainerReportHandler (AbstractContainerReportHandler.java:updateContainerState(289)) - CLOSE Container #10 (CLOSING, sid=2) r0 (CLOSED, bcsid=2, origin=5f0bcb51-14d7-4b8c-a5e9-239c9c50a8c6, non-empty) from dn 5f0bcb51-14d7-4b8c-a5e9-239c9c50a8c6(localhost/127.0.0.1)
2025-07-30 09:17:16,826 [8e3ee17b-5e05-47fa-951d-7a13ab9ecc42-CloseContainerThread-0] INFO  commandhandler.CloseContainerCommandHandler (CloseContainerCommandHandler.java:lambda$handle$0(105)) - Container #31 does not exist in datanode. Its pipeline may have closed before it was created. Container close failed.
2025-07-30 09:17:16,827 [8e3ee17b-5e05-47fa-951d-7a13ab9ecc42-CloseContainerThread-0] INFO  commandhandler.CloseContainerCommandHandler (CloseContainerCommandHandler.java:lambda$handle$0(105)) - Container #32 does not exist in datanode. Its pipeline may have closed before it was created. Container close failed.
2025-07-30 09:17:16,827 [8e3ee17b-5e05-47fa-951d-7a13ab9ecc42-CloseContainerThread-0] INFO  commandhandler.CloseContainerCommandHandler (CloseContainerCommandHandler.java:lambda$handle$0(105)) - Container #33 does not exist in datanode. Its pipeline may have closed before it was created. Container close failed.
2025-07-30 09:17:16,827 [8e3ee17b-5e05-47fa-951d-7a13ab9ecc42-CloseContainerThread-0] INFO  commandhandler.CloseContainerCommandHandler (CloseContainerCommandHandler.java:lambda$handle$0(105)) - Container #34 does not exist in datanode. Its pipeline may have closed before it was created. Container close failed.
2025-07-30 09:17:16,831 [8e3ee17b-5e05-47fa-951d-7a13ab9ecc42-CloseContainerThread-1] INFO  keyvalue.KeyValueContainer (KeyValueContainer.java:flushAndSyncDB(514)) - Synced container: KeyValueContainerData #5 (CLOSING, non-empty, ri=1, origin=[dn_8e3ee17b-5e05-47fa-951d-7a13ab9ecc42, pipeline_])
2025-07-30 09:17:16,831 [8e3ee17b-5e05-47fa-951d-7a13ab9ecc42-CloseContainerThread-1] INFO  keyvalue.KeyValueContainer (KeyValueContainer.java:flushAndSyncDB(514)) - Synced container: KeyValueContainerData #5 (CLOSING, non-empty, ri=1, origin=[dn_8e3ee17b-5e05-47fa-951d-7a13ab9ecc42, pipeline_])
2025-07-30 09:17:16,833 [8e3ee17b-5e05-47fa-951d-7a13ab9ecc42-ContainerOp-fff654a3-02f6-4fcc-a99b-90b89f30eeba-5] INFO  keyvalue.KeyValueContainer (KeyValueContainer.java:flushAndSyncDB(514)) - Synced container: KeyValueContainerData #14 (CLOSING, non-empty, ri=0, origin=[dn_8e3ee17b-5e05-47fa-951d-7a13ab9ecc42, pipeline_fff654a3-02f6-4fcc-a99b-90b89f30eeba])
2025-07-30 09:17:16,833 [8e3ee17b-5e05-47fa-951d-7a13ab9ecc42-ContainerOp-fff654a3-02f6-4fcc-a99b-90b89f30eeba-5] INFO  keyvalue.KeyValueContainer (KeyValueContainer.java:flushAndSyncDB(514)) - Synced container: KeyValueContainerData #14 (CLOSING, non-empty, ri=0, origin=[dn_8e3ee17b-5e05-47fa-951d-7a13ab9ecc42, pipeline_fff654a3-02f6-4fcc-a99b-90b89f30eeba])
2025-07-30 09:17:16,838 [8e3ee17b-5e05-47fa-951d-7a13ab9ecc42-CloseContainerThread-1] INFO  keyvalue.KeyValueContainer (KeyValueContainer.java:close(430)) - Closed container: KeyValueContainerData #5 (CLOSED, non-empty, ri=1, origin=[dn_8e3ee17b-5e05-47fa-951d-7a13ab9ecc42, pipeline_])
2025-07-30 09:17:16,838 [8e3ee17b-5e05-47fa-951d-7a13ab9ecc42-ContainerOp-fff654a3-02f6-4fcc-a99b-90b89f30eeba-5] INFO  keyvalue.KeyValueContainer (KeyValueContainer.java:close(430)) - Closed container: KeyValueContainerData #14 (CLOSED, non-empty, ri=0, origin=[dn_8e3ee17b-5e05-47fa-951d-7a13ab9ecc42, pipeline_fff654a3-02f6-4fcc-a99b-90b89f30eeba])
2025-07-30 09:17:16,841 [FixedThreadPoolWithAffinityExecutor-0-0] INFO  container.IncrementalContainerReportHandler (AbstractContainerReportHandler.java:updateContainerState(289)) - CLOSE Container #14 (CLOSING, sid=2) r0 (CLOSED, bcsid=2, origin=8e3ee17b-5e05-47fa-951d-7a13ab9ecc42, non-empty) from dn 8e3ee17b-5e05-47fa-951d-7a13ab9ecc42(localhost/127.0.0.1)
2025-07-30 09:17:17,109 [186c80e8-a68d-4b90-a935-9d2ae0e10711-CloseContainerThread-1] INFO  keyvalue.KeyValueContainer (KeyValueContainer.java:flushAndSyncDB(514)) - Synced container: KeyValueContainerData #5 (CLOSING, non-empty, ri=3, origin=[dn_186c80e8-a68d-4b90-a935-9d2ae0e10711, pipeline_])
2025-07-30 09:17:17,110 [186c80e8-a68d-4b90-a935-9d2ae0e10711-CloseContainerThread-1] INFO  keyvalue.KeyValueContainer (KeyValueContainer.java:flushAndSyncDB(514)) - Synced container: KeyValueContainerData #5 (CLOSING, non-empty, ri=3, origin=[dn_186c80e8-a68d-4b90-a935-9d2ae0e10711, pipeline_])
2025-07-30 09:17:17,113 [186c80e8-a68d-4b90-a935-9d2ae0e10711-CloseContainerThread-1] INFO  keyvalue.KeyValueContainer (KeyValueContainer.java:close(430)) - Closed container: KeyValueContainerData #5 (CLOSED, non-empty, ri=3, origin=[dn_186c80e8-a68d-4b90-a935-9d2ae0e10711, pipeline_])
2025-07-30 09:17:17,114 [186c80e8-a68d-4b90-a935-9d2ae0e10711-ContainerOp-60f3ce03-8571-437e-80f3-b840a8d7b659-8] INFO  keyvalue.KeyValueContainer (KeyValueContainer.java:flushAndSyncDB(514)) - Synced container: KeyValueContainerData #15 (CLOSING, non-empty, ri=0, origin=[dn_186c80e8-a68d-4b90-a935-9d2ae0e10711, pipeline_60f3ce03-8571-437e-80f3-b840a8d7b659])
2025-07-30 09:17:17,114 [186c80e8-a68d-4b90-a935-9d2ae0e10711-ContainerOp-60f3ce03-8571-437e-80f3-b840a8d7b659-8] INFO  keyvalue.KeyValueContainer (KeyValueContainer.java:flushAndSyncDB(514)) - Synced container: KeyValueContainerData #15 (CLOSING, non-empty, ri=0, origin=[dn_186c80e8-a68d-4b90-a935-9d2ae0e10711, pipeline_60f3ce03-8571-437e-80f3-b840a8d7b659])
2025-07-30 09:17:17,114 [186c80e8-a68d-4b90-a935-9d2ae0e10711-CloseContainerThread-1] INFO  commandhandler.CloseContainerCommandHandler (CloseContainerCommandHandler.java:lambda$handle$0(105)) - Container #31 does not exist in datanode. Its pipeline may have closed before it was created. Container close failed.
2025-07-30 09:17:17,114 [186c80e8-a68d-4b90-a935-9d2ae0e10711-CloseContainerThread-1] INFO  commandhandler.CloseContainerCommandHandler (CloseContainerCommandHandler.java:lambda$handle$0(105)) - Container #32 does not exist in datanode. Its pipeline may have closed before it was created. Container close failed.
2025-07-30 09:17:17,114 [186c80e8-a68d-4b90-a935-9d2ae0e10711-CloseContainerThread-1] INFO  commandhandler.CloseContainerCommandHandler (CloseContainerCommandHandler.java:lambda$handle$0(105)) - Container #33 does not exist in datanode. Its pipeline may have closed before it was created. Container close failed.
2025-07-30 09:17:17,114 [186c80e8-a68d-4b90-a935-9d2ae0e10711-CloseContainerThread-1] INFO  commandhandler.CloseContainerCommandHandler (CloseContainerCommandHandler.java:lambda$handle$0(105)) - Container #34 does not exist in datanode. Its pipeline may have closed before it was created. Container close failed.
2025-07-30 09:17:17,116 [186c80e8-a68d-4b90-a935-9d2ae0e10711-ContainerOp-60f3ce03-8571-437e-80f3-b840a8d7b659-9] INFO  keyvalue.KeyValueContainer (KeyValueContainer.java:flushAndSyncDB(514)) - Synced container: KeyValueContainerData #12 (CLOSING, non-empty, ri=0, origin=[dn_186c80e8-a68d-4b90-a935-9d2ae0e10711, pipeline_60f3ce03-8571-437e-80f3-b840a8d7b659])
2025-07-30 09:17:17,116 [186c80e8-a68d-4b90-a935-9d2ae0e10711-ContainerOp-60f3ce03-8571-437e-80f3-b840a8d7b659-9] INFO  keyvalue.KeyValueContainer (KeyValueContainer.java:flushAndSyncDB(514)) - Synced container: KeyValueContainerData #12 (CLOSING, non-empty, ri=0, origin=[dn_186c80e8-a68d-4b90-a935-9d2ae0e10711, pipeline_60f3ce03-8571-437e-80f3-b840a8d7b659])
2025-07-30 09:17:17,117 [186c80e8-a68d-4b90-a935-9d2ae0e10711-ContainerOp-60f3ce03-8571-437e-80f3-b840a8d7b659-8] INFO  keyvalue.KeyValueContainer (KeyValueContainer.java:close(430)) - Closed container: KeyValueContainerData #15 (CLOSED, non-empty, ri=0, origin=[dn_186c80e8-a68d-4b90-a935-9d2ae0e10711, pipeline_60f3ce03-8571-437e-80f3-b840a8d7b659])
2025-07-30 09:17:17,120 [186c80e8-a68d-4b90-a935-9d2ae0e10711-ContainerOp-60f3ce03-8571-437e-80f3-b840a8d7b659-9] INFO  keyvalue.KeyValueContainer (KeyValueContainer.java:close(430)) - Closed container: KeyValueContainerData #12 (CLOSED, non-empty, ri=0, origin=[dn_186c80e8-a68d-4b90-a935-9d2ae0e10711, pipeline_60f3ce03-8571-437e-80f3-b840a8d7b659])
2025-07-30 09:17:17,121 [FixedThreadPoolWithAffinityExecutor-1-0] INFO  container.IncrementalContainerReportHandler (AbstractContainerReportHandler.java:updateContainerState(289)) - CLOSE Container #15 (CLOSING, sid=11) r0 (CLOSED, bcsid=11, origin=186c80e8-a68d-4b90-a935-9d2ae0e10711, non-empty) from dn 186c80e8-a68d-4b90-a935-9d2ae0e10711(localhost/127.0.0.1)
2025-07-30 09:17:17,122 [FixedThreadPoolWithAffinityExecutor-1-0] INFO  container.IncrementalContainerReportHandler (AbstractContainerReportHandler.java:updateContainerState(289)) - CLOSE Container #12 (CLOSING, sid=8) r0 (CLOSED, bcsid=8, origin=186c80e8-a68d-4b90-a935-9d2ae0e10711, non-empty) from dn 186c80e8-a68d-4b90-a935-9d2ae0e10711(localhost/127.0.0.1)
2025-07-30 09:17:17,259 [4ce797ff-0e2f-4a08-9573-f0dfcfa9338d@group-27133E9D9E5B-FollowerState] INFO  impl.FollowerState (FollowerState.java:runImpl(161)) - 4ce797ff-0e2f-4a08-9573-f0dfcfa9338d@group-27133E9D9E5B-FollowerState: change to CANDIDATE, lastRpcElapsedTime:1200526624ns, electionTimeout:1200ms
2025-07-30 09:17:17,259 [4ce797ff-0e2f-4a08-9573-f0dfcfa9338d@group-27133E9D9E5B-FollowerState] INFO  impl.RoleInfo (RoleInfo.java:shutdownFollowerState(121)) - 4ce797ff-0e2f-4a08-9573-f0dfcfa9338d: shutdown 4ce797ff-0e2f-4a08-9573-f0dfcfa9338d@group-27133E9D9E5B-FollowerState
2025-07-30 09:17:17,259 [4ce797ff-0e2f-4a08-9573-f0dfcfa9338d@group-27133E9D9E5B-FollowerState] INFO  server.RaftServer$Division (RaftServerImpl.java:setRole(392)) - 4ce797ff-0e2f-4a08-9573-f0dfcfa9338d@group-27133E9D9E5B: changes role from  FOLLOWER to CANDIDATE at term 0 for changeToCandidate
2025-07-30 09:17:17,259 [4ce797ff-0e2f-4a08-9573-f0dfcfa9338d@group-27133E9D9E5B-FollowerState] INFO  impl.RoleInfo (RoleInfo.java:updateAndGet(148)) - 4ce797ff-0e2f-4a08-9573-f0dfcfa9338d: start 4ce797ff-0e2f-4a08-9573-f0dfcfa9338d@group-27133E9D9E5B-LeaderElection14
2025-07-30 09:17:17,260 [4ce797ff-0e2f-4a08-9573-f0dfcfa9338d@group-27133E9D9E5B-LeaderElection14] INFO  impl.LeaderElection (LeaderElection.java:askForVotes(448)) - 4ce797ff-0e2f-4a08-9573-f0dfcfa9338d@group-27133E9D9E5B-LeaderElection14 PRE_VOTE round 0: submit vote requests at term 0 for conf: {index: -1, cur=peers:[4ce797ff-0e2f-4a08-9573-f0dfcfa9338d|127.0.0.1:15023, 5f0bcb51-14d7-4b8c-a5e9-239c9c50a8c6|127.0.0.1:15015, dd478f6b-723f-4ec8-b32a-39cde8da1193|127.0.0.1:15031]|listeners:[], old=null}
2025-07-30 09:17:17,260 [4ce797ff-0e2f-4a08-9573-f0dfcfa9338d@group-27133E9D9E5B-LeaderElection14-2] INFO  server.GrpcServerProtocolClient (GrpcServerProtocolClient.java:<init>(65)) - Build channel for dd478f6b-723f-4ec8-b32a-39cde8da1193|127.0.0.1:15031
2025-07-30 09:17:17,262 [grpc-default-executor-5] INFO  server.RaftServer$Division (RaftServerImpl.java:requestVote(1421)) - 5f0bcb51-14d7-4b8c-a5e9-239c9c50a8c6@group-27133E9D9E5B: receive requestVote(PRE_VOTE, 4ce797ff-0e2f-4a08-9573-f0dfcfa9338d, group-27133E9D9E5B, 0, <PROTO_DEFAULT>)
2025-07-30 09:17:17,262 [grpc-default-executor-5] INFO  impl.VoteContext (VoteContext.java:log(49)) - 5f0bcb51-14d7-4b8c-a5e9-239c9c50a8c6@group-27133E9D9E5B-FOLLOWER: accept PRE_VOTE from 4ce797ff-0e2f-4a08-9573-f0dfcfa9338d: our priority 0 <= candidate's priority 1
2025-07-30 09:17:17,262 [grpc-default-executor-5] INFO  server.RaftServer$Division (RaftServerImpl.java:requestVote(1455)) - 5f0bcb51-14d7-4b8c-a5e9-239c9c50a8c6@group-27133E9D9E5B replies to PRE_VOTE vote request: 4ce797ff-0e2f-4a08-9573-f0dfcfa9338d<-5f0bcb51-14d7-4b8c-a5e9-239c9c50a8c6#0:OK-t0-last:<INITIAL_VALUE>. Peer's state: 5f0bcb51-14d7-4b8c-a5e9-239c9c50a8c6@group-27133E9D9E5B:t0, leader=null, voted=, raftlog=Memoized:5f0bcb51-14d7-4b8c-a5e9-239c9c50a8c6@group-27133E9D9E5B-SegmentedRaftLog:OPENED:c-1:lastnull, conf=conf: {index: -1, cur=peers:[4ce797ff-0e2f-4a08-9573-f0dfcfa9338d|127.0.0.1:15023, 5f0bcb51-14d7-4b8c-a5e9-239c9c50a8c6|127.0.0.1:15015, dd478f6b-723f-4ec8-b32a-39cde8da1193|127.0.0.1:15031]|listeners:[], old=null}
2025-07-30 09:17:17,263 [4ce797ff-0e2f-4a08-9573-f0dfcfa9338d@group-27133E9D9E5B-LeaderElection14] INFO  impl.LeaderElection (LeaderElection.java:logAndReturn(206)) - 4ce797ff-0e2f-4a08-9573-f0dfcfa9338d@group-27133E9D9E5B-LeaderElection14: PRE_VOTE PASSED received 1 response(s) and 0 exception(s):
2025-07-30 09:17:17,263 [4ce797ff-0e2f-4a08-9573-f0dfcfa9338d@group-27133E9D9E5B-LeaderElection14] INFO  impl.LeaderElection (LeaderElection.java:logAndReturn(210)) -   Response 0: 4ce797ff-0e2f-4a08-9573-f0dfcfa9338d<-5f0bcb51-14d7-4b8c-a5e9-239c9c50a8c6#0:OK-t0-last:<INITIAL_VALUE>
2025-07-30 09:17:17,264 [4ce797ff-0e2f-4a08-9573-f0dfcfa9338d@group-27133E9D9E5B-LeaderElection14] INFO  impl.LeaderElection (LeaderElection.java:askForVotes(450)) - 4ce797ff-0e2f-4a08-9573-f0dfcfa9338d@group-27133E9D9E5B-LeaderElection14 PRE_VOTE round 0: result PASSED
2025-07-30 09:17:17,265 [4ce797ff-0e2f-4a08-9573-f0dfcfa9338d@group-27133E9D9E5B-LeaderElection14] INFO  impl.LeaderElection (LeaderElection.java:askForVotes(448)) - 4ce797ff-0e2f-4a08-9573-f0dfcfa9338d@group-27133E9D9E5B-LeaderElection14 ELECTION round 0: submit vote requests at term 1 for conf: {index: -1, cur=peers:[4ce797ff-0e2f-4a08-9573-f0dfcfa9338d|127.0.0.1:15023, 5f0bcb51-14d7-4b8c-a5e9-239c9c50a8c6|127.0.0.1:15015, dd478f6b-723f-4ec8-b32a-39cde8da1193|127.0.0.1:15031]|listeners:[], old=null}
2025-07-30 09:17:17,267 [grpc-default-executor-4] INFO  server.RaftServer$Division (RaftServerImpl.java:requestVote(1421)) - 5f0bcb51-14d7-4b8c-a5e9-239c9c50a8c6@group-27133E9D9E5B: receive requestVote(ELECTION, 4ce797ff-0e2f-4a08-9573-f0dfcfa9338d, group-27133E9D9E5B, 1, <PROTO_DEFAULT>)
2025-07-30 09:17:17,267 [grpc-default-executor-4] INFO  impl.VoteContext (VoteContext.java:log(49)) - 5f0bcb51-14d7-4b8c-a5e9-239c9c50a8c6@group-27133E9D9E5B-FOLLOWER: accept ELECTION from 4ce797ff-0e2f-4a08-9573-f0dfcfa9338d: our priority 0 <= candidate's priority 1
2025-07-30 09:17:17,267 [grpc-default-executor-4] INFO  server.RaftServer$Division (RaftServerImpl.java:setRole(392)) - 5f0bcb51-14d7-4b8c-a5e9-239c9c50a8c6@group-27133E9D9E5B: changes role from  FOLLOWER to FOLLOWER at term 0 for candidate:4ce797ff-0e2f-4a08-9573-f0dfcfa9338d
2025-07-30 09:17:17,267 [grpc-default-executor-4] INFO  impl.RoleInfo (RoleInfo.java:shutdownFollowerState(121)) - 5f0bcb51-14d7-4b8c-a5e9-239c9c50a8c6: shutdown 5f0bcb51-14d7-4b8c-a5e9-239c9c50a8c6@group-27133E9D9E5B-FollowerState
2025-07-30 09:17:17,267 [grpc-default-executor-4] INFO  impl.RoleInfo (RoleInfo.java:updateAndGet(148)) - 5f0bcb51-14d7-4b8c-a5e9-239c9c50a8c6: start 5f0bcb51-14d7-4b8c-a5e9-239c9c50a8c6@group-27133E9D9E5B-FollowerState
2025-07-30 09:17:17,267 [grpc-default-executor-5] INFO  server.RaftServer$Division (RaftServerImpl.java:requestVote(1421)) - dd478f6b-723f-4ec8-b32a-39cde8da1193@group-27133E9D9E5B: receive requestVote(ELECTION, 4ce797ff-0e2f-4a08-9573-f0dfcfa9338d, group-27133E9D9E5B, 1, <PROTO_DEFAULT>)
2025-07-30 09:17:17,267 [5f0bcb51-14d7-4b8c-a5e9-239c9c50a8c6@group-27133E9D9E5B-FollowerState] INFO  impl.FollowerState (FollowerState.java:runImpl(170)) - 5f0bcb51-14d7-4b8c-a5e9-239c9c50a8c6@group-27133E9D9E5B-FollowerState was interrupted
2025-07-30 09:17:17,267 [grpc-default-executor-4] INFO  server.RaftServer$Division (RaftServerImpl.java:setFirstElection(576)) - 5f0bcb51-14d7-4b8c-a5e9-239c9c50a8c6@group-27133E9D9E5B: set firstElectionSinceStartup to false for candidate:4ce797ff-0e2f-4a08-9573-f0dfcfa9338d
2025-07-30 09:17:17,268 [grpc-default-executor-5] INFO  impl.VoteContext (VoteContext.java:log(49)) - dd478f6b-723f-4ec8-b32a-39cde8da1193@group-27133E9D9E5B-FOLLOWER: accept ELECTION from 4ce797ff-0e2f-4a08-9573-f0dfcfa9338d: our priority 0 <= candidate's priority 1
2025-07-30 09:17:17,268 [grpc-default-executor-5] INFO  server.RaftServer$Division (RaftServerImpl.java:setRole(392)) - dd478f6b-723f-4ec8-b32a-39cde8da1193@group-27133E9D9E5B: changes role from  FOLLOWER to FOLLOWER at term 0 for candidate:4ce797ff-0e2f-4a08-9573-f0dfcfa9338d
2025-07-30 09:17:17,268 [grpc-default-executor-5] INFO  impl.RoleInfo (RoleInfo.java:shutdownFollowerState(121)) - dd478f6b-723f-4ec8-b32a-39cde8da1193: shutdown dd478f6b-723f-4ec8-b32a-39cde8da1193@group-27133E9D9E5B-FollowerState
2025-07-30 09:17:17,268 [grpc-default-executor-5] INFO  impl.RoleInfo (RoleInfo.java:updateAndGet(148)) - dd478f6b-723f-4ec8-b32a-39cde8da1193: start dd478f6b-723f-4ec8-b32a-39cde8da1193@group-27133E9D9E5B-FollowerState
2025-07-30 09:17:17,268 [dd478f6b-723f-4ec8-b32a-39cde8da1193@group-27133E9D9E5B-FollowerState] INFO  impl.FollowerState (FollowerState.java:runImpl(170)) - dd478f6b-723f-4ec8-b32a-39cde8da1193@group-27133E9D9E5B-FollowerState was interrupted
2025-07-30 09:17:17,269 [grpc-default-executor-5] INFO  server.RaftServer$Division (RaftServerImpl.java:setFirstElection(576)) - dd478f6b-723f-4ec8-b32a-39cde8da1193@group-27133E9D9E5B: set firstElectionSinceStartup to false for candidate:4ce797ff-0e2f-4a08-9573-f0dfcfa9338d
2025-07-30 09:17:17,269 [grpc-default-executor-4] INFO  server.RaftServer$Division (RaftServerImpl.java:requestVote(1455)) - 5f0bcb51-14d7-4b8c-a5e9-239c9c50a8c6@group-27133E9D9E5B replies to ELECTION vote request: 4ce797ff-0e2f-4a08-9573-f0dfcfa9338d<-5f0bcb51-14d7-4b8c-a5e9-239c9c50a8c6#0:OK-t1-last:<INITIAL_VALUE>. Peer's state: 5f0bcb51-14d7-4b8c-a5e9-239c9c50a8c6@group-27133E9D9E5B:t1, leader=null, voted=4ce797ff-0e2f-4a08-9573-f0dfcfa9338d, raftlog=Memoized:5f0bcb51-14d7-4b8c-a5e9-239c9c50a8c6@group-27133E9D9E5B-SegmentedRaftLog:OPENED:c-1:lastnull, conf=conf: {index: -1, cur=peers:[4ce797ff-0e2f-4a08-9573-f0dfcfa9338d|127.0.0.1:15023, 5f0bcb51-14d7-4b8c-a5e9-239c9c50a8c6|127.0.0.1:15015, dd478f6b-723f-4ec8-b32a-39cde8da1193|127.0.0.1:15031]|listeners:[], old=null}
2025-07-30 09:17:17,270 [grpc-default-executor-5] INFO  server.RaftServer$Division (RaftServerImpl.java:requestVote(1455)) - dd478f6b-723f-4ec8-b32a-39cde8da1193@group-27133E9D9E5B replies to ELECTION vote request: 4ce797ff-0e2f-4a08-9573-f0dfcfa9338d<-dd478f6b-723f-4ec8-b32a-39cde8da1193#0:OK-t1-last:<INITIAL_VALUE>. Peer's state: dd478f6b-723f-4ec8-b32a-39cde8da1193@group-27133E9D9E5B:t1, leader=null, voted=4ce797ff-0e2f-4a08-9573-f0dfcfa9338d, raftlog=Memoized:dd478f6b-723f-4ec8-b32a-39cde8da1193@group-27133E9D9E5B-SegmentedRaftLog:OPENED:c-1:lastnull, conf=conf: {index: -1, cur=peers:[4ce797ff-0e2f-4a08-9573-f0dfcfa9338d|127.0.0.1:15023, 5f0bcb51-14d7-4b8c-a5e9-239c9c50a8c6|127.0.0.1:15015, dd478f6b-723f-4ec8-b32a-39cde8da1193|127.0.0.1:15031]|listeners:[], old=null}
2025-07-30 09:17:17,270 [4ce797ff-0e2f-4a08-9573-f0dfcfa9338d@group-27133E9D9E5B-LeaderElection14] INFO  impl.LeaderElection (LeaderElection.java:logAndReturn(206)) - 4ce797ff-0e2f-4a08-9573-f0dfcfa9338d@group-27133E9D9E5B-LeaderElection14: ELECTION PASSED received 1 response(s) and 0 exception(s):
2025-07-30 09:17:17,270 [4ce797ff-0e2f-4a08-9573-f0dfcfa9338d@group-27133E9D9E5B-LeaderElection14] INFO  impl.LeaderElection (LeaderElection.java:logAndReturn(210)) -   Response 0: 4ce797ff-0e2f-4a08-9573-f0dfcfa9338d<-5f0bcb51-14d7-4b8c-a5e9-239c9c50a8c6#0:OK-t1-last:<INITIAL_VALUE>
2025-07-30 09:17:17,270 [4ce797ff-0e2f-4a08-9573-f0dfcfa9338d@group-27133E9D9E5B-LeaderElection14] INFO  impl.LeaderElection (LeaderElection.java:askForVotes(450)) - 4ce797ff-0e2f-4a08-9573-f0dfcfa9338d@group-27133E9D9E5B-LeaderElection14 ELECTION round 0: result PASSED
2025-07-30 09:17:17,270 [4ce797ff-0e2f-4a08-9573-f0dfcfa9338d@group-27133E9D9E5B-LeaderElection14] INFO  impl.RoleInfo (RoleInfo.java:shutdownLeaderElection(141)) - 4ce797ff-0e2f-4a08-9573-f0dfcfa9338d: shutdown 4ce797ff-0e2f-4a08-9573-f0dfcfa9338d@group-27133E9D9E5B-LeaderElection14
2025-07-30 09:17:17,270 [4ce797ff-0e2f-4a08-9573-f0dfcfa9338d@group-27133E9D9E5B-LeaderElection14] INFO  server.RaftServer$Division (RaftServerImpl.java:setRole(392)) - 4ce797ff-0e2f-4a08-9573-f0dfcfa9338d@group-27133E9D9E5B: changes role from CANDIDATE to LEADER at term 1 for changeToLeader
2025-07-30 09:17:17,270 [4ce797ff-0e2f-4a08-9573-f0dfcfa9338d@group-27133E9D9E5B-LeaderElection14] INFO  server.RaftServerConfigKeys (ConfUtils.java:logFallback(69)) - raft.server.staging.timeout = 15600ms (fallback to raft.server.rpc.timeout.max)
2025-07-30 09:17:17,271 [4ce797ff-0e2f-4a08-9573-f0dfcfa9338d@group-27133E9D9E5B-LeaderElection14] INFO  server.RaftServerConfigKeys (ConfUtils.java:logGet(62)) - raft.server.write.byte-limit = 1024 M (=1073741824) (custom)
2025-07-30 09:17:17,272 [4ce797ff-0e2f-4a08-9573-f0dfcfa9338d@group-27133E9D9E5B-LeaderElection14] INFO  server.RaftServerConfigKeys (ConfUtils.java:logGet(62)) - raft.server.log.appender.buffer.byte-limit = 33554432 (custom)
2025-07-30 09:17:17,273 [4ce797ff-0e2f-4a08-9573-f0dfcfa9338d@group-27133E9D9E5B-LeaderElection14] INFO  server.RaftServerConfigKeys (ConfUtils.java:logGet(62)) - raft.server.log.appender.buffer.byte-limit = 33554432 (custom)
2025-07-30 09:17:17,273 [4ce797ff-0e2f-4a08-9573-f0dfcfa9338d@group-27133E9D9E5B-LeaderElection14] INFO  impl.RoleInfo (RoleInfo.java:updateAndGet(148)) - 4ce797ff-0e2f-4a08-9573-f0dfcfa9338d: start 4ce797ff-0e2f-4a08-9573-f0dfcfa9338d@group-27133E9D9E5B-LeaderStateImpl
2025-07-30 09:17:17,274 [4ce797ff-0e2f-4a08-9573-f0dfcfa9338d@group-27133E9D9E5B-LeaderElection14] INFO  server.RaftServer$Division (RaftServerImpl.java:setFirstElection(576)) - 4ce797ff-0e2f-4a08-9573-f0dfcfa9338d@group-27133E9D9E5B: set firstElectionSinceStartup to false for becomeLeader
2025-07-30 09:17:17,274 [4ce797ff-0e2f-4a08-9573-f0dfcfa9338d@group-27133E9D9E5B-LeaderElection14] INFO  ratis.XceiverServerRatis (XceiverServerRatis.java:handleLeaderChangedNotification(944)) - Leader change notification received for group: group-27133E9D9E5B with new leaderId: 4ce797ff-0e2f-4a08-9573-f0dfcfa9338d
2025-07-30 09:17:17,274 [4ce797ff-0e2f-4a08-9573-f0dfcfa9338d@group-27133E9D9E5B-LeaderElection14] INFO  server.RaftServer$Division (ServerState.java:setLeader(272)) - 4ce797ff-0e2f-4a08-9573-f0dfcfa9338d@group-27133E9D9E5B: change Leader from null to 4ce797ff-0e2f-4a08-9573-f0dfcfa9338d at term 1 for becomeLeader, leader elected after 1238ms
2025-07-30 09:17:17,274 [4ce797ff-0e2f-4a08-9573-f0dfcfa9338d@group-27133E9D9E5B-LeaderElection14] INFO  segmented.SegmentedRaftLogWorker (SegmentedRaftLogWorker.java:startLogSegment(440)) - 4ce797ff-0e2f-4a08-9573-f0dfcfa9338d@group-27133E9D9E5B-SegmentedRaftLogWorker: Starting segment from index:0
2025-07-30 09:17:17,274 [4ce797ff-0e2f-4a08-9573-f0dfcfa9338d@group-27133E9D9E5B-LeaderElection14] INFO  server.RaftServer$Division (ServerState.java:setRaftConf(386)) - 4ce797ff-0e2f-4a08-9573-f0dfcfa9338d@group-27133E9D9E5B: set configuration conf: {index: 0, cur=peers:[4ce797ff-0e2f-4a08-9573-f0dfcfa9338d|127.0.0.1:15023, 5f0bcb51-14d7-4b8c-a5e9-239c9c50a8c6|127.0.0.1:15015, dd478f6b-723f-4ec8-b32a-39cde8da1193|127.0.0.1:15031]|listeners:[], old=null}
2025-07-30 09:17:17,275 [4ce797ff-0e2f-4a08-9573-f0dfcfa9338d@group-27133E9D9E5B-SegmentedRaftLogWorker] INFO  segmented.BufferedWriteChannel (BufferedWriteChannel.java:open(61)) - open log_inprogress_0 at position 0
2025-07-30 09:17:17,281 [grpc-default-executor-2] INFO  ratis.XceiverServerRatis (XceiverServerRatis.java:handleLeaderChangedNotification(944)) - Leader change notification received for group: group-27133E9D9E5B with new leaderId: 4ce797ff-0e2f-4a08-9573-f0dfcfa9338d
2025-07-30 09:17:17,282 [grpc-default-executor-2] INFO  server.RaftServer$Division (ServerState.java:setLeader(272)) - dd478f6b-723f-4ec8-b32a-39cde8da1193@group-27133E9D9E5B: change Leader from null to 4ce797ff-0e2f-4a08-9573-f0dfcfa9338d at term 1 for appendEntries, leader elected after 1149ms
2025-07-30 09:17:17,282 [grpc-default-executor-5] INFO  ratis.XceiverServerRatis (XceiverServerRatis.java:handleLeaderChangedNotification(944)) - Leader change notification received for group: group-27133E9D9E5B with new leaderId: 4ce797ff-0e2f-4a08-9573-f0dfcfa9338d
2025-07-30 09:17:17,282 [grpc-default-executor-5] INFO  server.RaftServer$Division (ServerState.java:setLeader(272)) - 5f0bcb51-14d7-4b8c-a5e9-239c9c50a8c6@group-27133E9D9E5B: change Leader from null to 4ce797ff-0e2f-4a08-9573-f0dfcfa9338d at term 1 for appendEntries, leader elected after 1187ms
2025-07-30 09:17:17,282 [grpc-default-executor-5] INFO  server.RaftServer$Division (ServerState.java:setRaftConf(386)) - 5f0bcb51-14d7-4b8c-a5e9-239c9c50a8c6@group-27133E9D9E5B: set configuration conf: {index: 0, cur=peers:[4ce797ff-0e2f-4a08-9573-f0dfcfa9338d|127.0.0.1:15023, 5f0bcb51-14d7-4b8c-a5e9-239c9c50a8c6|127.0.0.1:15015, dd478f6b-723f-4ec8-b32a-39cde8da1193|127.0.0.1:15031]|listeners:[], old=null}
2025-07-30 09:17:17,282 [grpc-default-executor-5] INFO  segmented.SegmentedRaftLogWorker (SegmentedRaftLogWorker.java:startLogSegment(440)) - 5f0bcb51-14d7-4b8c-a5e9-239c9c50a8c6@group-27133E9D9E5B-SegmentedRaftLogWorker: Starting segment from index:0
2025-07-30 09:17:17,282 [EventQueue-PipelineReportForPipelineReportHandler] INFO  pipeline.PipelineReportHandler (PipelineReportHandler.java:processPipelineReport(134)) - Opened pipeline Pipeline-235ff1ab-83e2-46fa-a16e-27133e9d9e5b
2025-07-30 09:17:17,283 [grpc-default-executor-5] INFO  server.RaftServer$Division (ServerState.java:setRaftConf(386)) - dd478f6b-723f-4ec8-b32a-39cde8da1193@group-27133E9D9E5B: set configuration conf: {index: 0, cur=peers:[4ce797ff-0e2f-4a08-9573-f0dfcfa9338d|127.0.0.1:15023, 5f0bcb51-14d7-4b8c-a5e9-239c9c50a8c6|127.0.0.1:15015, dd478f6b-723f-4ec8-b32a-39cde8da1193|127.0.0.1:15031]|listeners:[], old=null}
2025-07-30 09:17:17,283 [5f0bcb51-14d7-4b8c-a5e9-239c9c50a8c6@group-27133E9D9E5B-SegmentedRaftLogWorker] INFO  segmented.BufferedWriteChannel (BufferedWriteChannel.java:open(61)) - open log_inprogress_0 at position 0
2025-07-30 09:17:17,287 [grpc-default-executor-5] INFO  segmented.SegmentedRaftLogWorker (SegmentedRaftLogWorker.java:startLogSegment(440)) - dd478f6b-723f-4ec8-b32a-39cde8da1193@group-27133E9D9E5B-SegmentedRaftLogWorker: Starting segment from index:0
2025-07-30 09:17:17,287 [4ce797ff-0e2f-4a08-9573-f0dfcfa9338d@group-27133E9D9E5B-SegmentedRaftLogWorker] INFO  segmented.SegmentedRaftLogWorker (SegmentedRaftLogWorker.java:execute(647)) - 4ce797ff-0e2f-4a08-9573-f0dfcfa9338d@group-27133E9D9E5B-SegmentedRaftLogWorker: created new log segment /home/runner/work/ozone/ozone/hadoop-ozone/integration-test/target/test-dir/MiniOzoneClusterImpl-e9c86eaa-746e-4e37-9ca0-2f0a1dedb253/ozone-meta/datanode-2/ratis/235ff1ab-83e2-46fa-a16e-27133e9d9e5b/current/log_inprogress_0
2025-07-30 09:17:17,289 [dd478f6b-723f-4ec8-b32a-39cde8da1193@group-27133E9D9E5B-SegmentedRaftLogWorker] INFO  segmented.BufferedWriteChannel (BufferedWriteChannel.java:open(61)) - open log_inprogress_0 at position 0
2025-07-30 09:17:17,294 [5f0bcb51-14d7-4b8c-a5e9-239c9c50a8c6@group-27133E9D9E5B-SegmentedRaftLogWorker] INFO  segmented.SegmentedRaftLogWorker (SegmentedRaftLogWorker.java:execute(647)) - 5f0bcb51-14d7-4b8c-a5e9-239c9c50a8c6@group-27133E9D9E5B-SegmentedRaftLogWorker: created new log segment /home/runner/work/ozone/ozone/hadoop-ozone/integration-test/target/test-dir/MiniOzoneClusterImpl-e9c86eaa-746e-4e37-9ca0-2f0a1dedb253/ozone-meta/datanode-1/ratis/235ff1ab-83e2-46fa-a16e-27133e9d9e5b/current/log_inprogress_0
2025-07-30 09:17:17,296 [dd478f6b-723f-4ec8-b32a-39cde8da1193@group-27133E9D9E5B-SegmentedRaftLogWorker] INFO  segmented.SegmentedRaftLogWorker (SegmentedRaftLogWorker.java:execute(647)) - dd478f6b-723f-4ec8-b32a-39cde8da1193@group-27133E9D9E5B-SegmentedRaftLogWorker: created new log segment /home/runner/work/ozone/ozone/hadoop-ozone/integration-test/target/test-dir/MiniOzoneClusterImpl-e9c86eaa-746e-4e37-9ca0-2f0a1dedb253/ozone-meta/datanode-3/ratis/235ff1ab-83e2-46fa-a16e-27133e9d9e5b/current/log_inprogress_0
2025-07-30 09:17:17,298 [4ce797ff-0e2f-4a08-9573-f0dfcfa9338d@group-27133E9D9E5B-StateMachineUpdater] INFO  server.RaftServer$Division (LeaderStateImpl.java:checkStartIndex(309)) - Leader 4ce797ff-0e2f-4a08-9573-f0dfcfa9338d@group-27133E9D9E5B-LeaderStateImpl is ready since appliedIndex == startIndex == 0
]]></system-out>
  </testcase>
  <testcase name="testDatanodeUsageInfoContainerCount" classname="org.apache.ozone.test.NonHATests$ContainerOperations" time="0.017">
    <failure message="expected: &lt;26&gt; but was: &lt;27&gt;" type="org.opentest4j.AssertionFailedError"><![CDATA[org.opentest4j.AssertionFailedError: expected: <26> but was: <27>
	at org.apache.hadoop.hdds.scm.TestContainerOperations.testDatanodeUsageInfoContainerCount(TestContainerOperations.java:206)
	at java.base/java.lang.reflect.Method.invoke(Method.java:580)
	at java.base/java.util.concurrent.ForkJoinTask.doExec(ForkJoinTask.java:387)
	at java.base/java.util.concurrent.ForkJoinPool$WorkQueue.topLevelExec(ForkJoinPool.java:1312)
	at java.base/java.util.concurrent.ForkJoinPool.scan(ForkJoinPool.java:1843)
	at java.base/java.util.concurrent.ForkJoinPool.runWorker(ForkJoinPool.java:1808)
	at java.base/java.util.concurrent.ForkJoinWorkerThread.run(ForkJoinWorkerThread.java:188)
]]></failure>
  </testcase>
  <testcase name="testListContainerExceedMaxAllowedCountOperations" classname="org.apache.ozone.test.NonHATests$ContainerOperations" time="0.031">
    <system-out><![CDATA[2025-07-30 09:17:17,423 [ForkJoinPool-1-worker-1] WARN  cli.ContainerOperationClient (ContainerOperationClient.java:listContainer(354)) - Attempting to list 2 containers. However, this exceeds the cluster's current limit of 1. The results will be capped at the maximum allowed count.
]]></system-out>
  </testcase>
  <testcase name="testHealthyNodesCount" classname="org.apache.ozone.test.NonHATests$ContainerOperations" time="0.002"/>
  <testcase name="testNodeOperationalStates" classname="org.apache.ozone.test.NonHATests$ContainerOperations" time="0.01">
    <system-out><![CDATA[2025-07-30 09:17:17,433 [EventQueue-HealthyReadonlyToHealthyNodeForReadOnlyHealthyToHealthyNodeHandler] INFO  node.ReadOnlyHealthyToHealthyNodeHandler (ReadOnlyHealthyToHealthyNodeHandler.java:onMessage(46)) - Datanode 5f0bcb51-14d7-4b8c-a5e9-239c9c50a8c6(localhost/127.0.0.1) moved to HEALTHY state.
2025-07-30 09:17:17,433 [EventQueue-HealthyReadonlyToHealthyNodeForReadOnlyHealthyToHealthyNodeHandler] INFO  pipeline.BackgroundPipelineCreator (BackgroundPipelineCreator.java:notifyEventTriggered(290)) - trigger a one-shot run on RatisPipelineUtilsThread.
2025-07-30 09:17:17,434 [RatisPipelineUtilsThread-0] INFO  pipeline.RatisPipelineProvider (RatisPipelineProvider.java:lambda$create$0(208)) - Sending CreatePipelineCommand for pipeline:Pipeline-c4db3f91-2be7-41bd-8e91-c83adb9900c2 to datanode:4ce797ff-0e2f-4a08-9573-f0dfcfa9338d(localhost/127.0.0.1)
2025-07-30 09:17:17,437 [EventQueue-HealthyReadonlyToHealthyNodeForReadOnlyHealthyToHealthyNodeHandler] INFO  node.ReadOnlyHealthyToHealthyNodeHandler (ReadOnlyHealthyToHealthyNodeHandler.java:onMessage(46)) - Datanode 5f0bcb51-14d7-4b8c-a5e9-239c9c50a8c6(localhost/127.0.0.1) moved to HEALTHY state.
2025-07-30 09:17:17,437 [EventQueue-HealthyReadonlyToHealthyNodeForReadOnlyHealthyToHealthyNodeHandler] INFO  pipeline.BackgroundPipelineCreator (BackgroundPipelineCreator.java:notifyEventTriggered(290)) - trigger a one-shot run on RatisPipelineUtilsThread.
2025-07-30 09:17:17,437 [RatisPipelineUtilsThread-0] INFO  pipeline.BackgroundPipelineCreator (BackgroundPipelineCreator.java:createPipelines(246)) - Created new pipeline Pipeline{ Id: c4db3f91-2be7-41bd-8e91-c83adb9900c2, Nodes: [ {4ce797ff-0e2f-4a08-9573-f0dfcfa9338d(localhost/127.0.0.1), ReplicaIndex: 0},], ReplicationConfig: RATIS/ONE, State:ALLOCATED, leaderId:, CreationTimestamp2025-07-30T09:17:17.434775451Z[Etc/UTC]}
2025-07-30 09:17:17,438 [RatisPipelineUtilsThread-0] INFO  pipeline.RatisPipelineProvider (RatisPipelineProvider.java:lambda$create$0(208)) - Sending CreatePipelineCommand for pipeline:Pipeline-9badeb08-8d53-49f6-8209-ebaa78597836 to datanode:8e3ee17b-5e05-47fa-951d-7a13ab9ecc42(localhost/127.0.0.1)
2025-07-30 09:17:17,438 [RatisPipelineUtilsThread-0] INFO  pipeline.RatisPipelineProvider (RatisPipelineProvider.java:lambda$create$0(208)) - Sending CreatePipelineCommand for pipeline:Pipeline-9badeb08-8d53-49f6-8209-ebaa78597836 to datanode:186c80e8-a68d-4b90-a935-9d2ae0e10711(localhost/127.0.0.1)
2025-07-30 09:17:17,438 [RatisPipelineUtilsThread-0] INFO  pipeline.RatisPipelineProvider (RatisPipelineProvider.java:lambda$create$0(208)) - Sending CreatePipelineCommand for pipeline:Pipeline-9badeb08-8d53-49f6-8209-ebaa78597836 to datanode:5f0bcb51-14d7-4b8c-a5e9-239c9c50a8c6(localhost/127.0.0.1)
2025-07-30 09:17:17,439 [EventQueue-HealthyReadonlyToHealthyNodeForReadOnlyHealthyToHealthyNodeHandler] INFO  node.ReadOnlyHealthyToHealthyNodeHandler (ReadOnlyHealthyToHealthyNodeHandler.java:onMessage(46)) - Datanode 5f0bcb51-14d7-4b8c-a5e9-239c9c50a8c6(localhost/127.0.0.1) moved to HEALTHY state.
2025-07-30 09:17:17,439 [EventQueue-HealthyReadonlyToHealthyNodeForReadOnlyHealthyToHealthyNodeHandler] INFO  pipeline.BackgroundPipelineCreator (BackgroundPipelineCreator.java:notifyEventTriggered(290)) - trigger a one-shot run on RatisPipelineUtilsThread.
2025-07-30 09:17:17,440 [EventQueue-HealthyReadonlyToHealthyNodeForReadOnlyHealthyToHealthyNodeHandler] INFO  node.ReadOnlyHealthyToHealthyNodeHandler (ReadOnlyHealthyToHealthyNodeHandler.java:onMessage(46)) - Datanode 5f0bcb51-14d7-4b8c-a5e9-239c9c50a8c6(localhost/127.0.0.1) moved to HEALTHY state.
2025-07-30 09:17:17,440 [EventQueue-HealthyReadonlyToHealthyNodeForReadOnlyHealthyToHealthyNodeHandler] INFO  pipeline.BackgroundPipelineCreator (BackgroundPipelineCreator.java:notifyEventTriggered(290)) - trigger a one-shot run on RatisPipelineUtilsThread.
2025-07-30 09:17:17,441 [EventQueue-HealthyReadonlyToHealthyNodeForReadOnlyHealthyToHealthyNodeHandler] INFO  node.ReadOnlyHealthyToHealthyNodeHandler (ReadOnlyHealthyToHealthyNodeHandler.java:onMessage(46)) - Datanode 5f0bcb51-14d7-4b8c-a5e9-239c9c50a8c6(localhost/127.0.0.1) moved to HEALTHY state.
2025-07-30 09:17:17,441 [EventQueue-HealthyReadonlyToHealthyNodeForReadOnlyHealthyToHealthyNodeHandler] INFO  pipeline.BackgroundPipelineCreator (BackgroundPipelineCreator.java:notifyEventTriggered(290)) - trigger a one-shot run on RatisPipelineUtilsThread.
2025-07-30 09:17:17,441 [EventQueue-HealthyReadonlyToHealthyNodeForReadOnlyHealthyToHealthyNodeHandler] INFO  node.ReadOnlyHealthyToHealthyNodeHandler (ReadOnlyHealthyToHealthyNodeHandler.java:onMessage(46)) - Datanode 5f0bcb51-14d7-4b8c-a5e9-239c9c50a8c6(localhost/127.0.0.1) moved to HEALTHY state.
2025-07-30 09:17:17,442 [EventQueue-HealthyReadonlyToHealthyNodeForReadOnlyHealthyToHealthyNodeHandler] INFO  pipeline.BackgroundPipelineCreator (BackgroundPipelineCreator.java:notifyEventTriggered(290)) - trigger a one-shot run on RatisPipelineUtilsThread.
2025-07-30 09:17:17,442 [RatisPipelineUtilsThread-0] INFO  pipeline.BackgroundPipelineCreator (BackgroundPipelineCreator.java:createPipelines(246)) - Created new pipeline Pipeline{ Id: 9badeb08-8d53-49f6-8209-ebaa78597836, Nodes: [ {8e3ee17b-5e05-47fa-951d-7a13ab9ecc42(localhost/127.0.0.1), ReplicaIndex: 0}, {186c80e8-a68d-4b90-a935-9d2ae0e10711(localhost/127.0.0.1), ReplicaIndex: 0}, {5f0bcb51-14d7-4b8c-a5e9-239c9c50a8c6(localhost/127.0.0.1), ReplicaIndex: 0},], ReplicationConfig: RATIS/THREE, State:ALLOCATED, leaderId:, CreationTimestamp2025-07-30T09:17:17.438721285Z[Etc/UTC]}
]]></system-out>
  </testcase>
  <testcase name="testDatanodeUsageInfoCompatibility" classname="org.apache.ozone.test.NonHATests$ContainerOperations" time="0.005">
    <system-out><![CDATA[2025-07-30 09:17:17,443 [EventQueue-HealthyReadonlyToHealthyNodeForReadOnlyHealthyToHealthyNodeHandler] INFO  node.ReadOnlyHealthyToHealthyNodeHandler (ReadOnlyHealthyToHealthyNodeHandler.java:onMessage(46)) - Datanode 5f0bcb51-14d7-4b8c-a5e9-239c9c50a8c6(localhost/127.0.0.1) moved to HEALTHY state.
2025-07-30 09:17:17,443 [EventQueue-HealthyReadonlyToHealthyNodeForReadOnlyHealthyToHealthyNodeHandler] INFO  pipeline.BackgroundPipelineCreator (BackgroundPipelineCreator.java:notifyEventTriggered(290)) - trigger a one-shot run on RatisPipelineUtilsThread.
2025-07-30 09:17:17,444 [RatisPipelineUtilsThread-0] INFO  pipeline.RatisPipelineProvider (RatisPipelineProvider.java:lambda$create$0(208)) - Sending CreatePipelineCommand for pipeline:Pipeline-943c7c4f-3497-4e01-b51a-79996a5c67c0 to datanode:186c80e8-a68d-4b90-a935-9d2ae0e10711(localhost/127.0.0.1)
2025-07-30 09:17:17,444 [RatisPipelineUtilsThread-0] INFO  pipeline.RatisPipelineProvider (RatisPipelineProvider.java:lambda$create$0(208)) - Sending CreatePipelineCommand for pipeline:Pipeline-943c7c4f-3497-4e01-b51a-79996a5c67c0 to datanode:4ce797ff-0e2f-4a08-9573-f0dfcfa9338d(localhost/127.0.0.1)
2025-07-30 09:17:17,444 [RatisPipelineUtilsThread-0] INFO  pipeline.RatisPipelineProvider (RatisPipelineProvider.java:lambda$create$0(208)) - Sending CreatePipelineCommand for pipeline:Pipeline-943c7c4f-3497-4e01-b51a-79996a5c67c0 to datanode:dd478f6b-723f-4ec8-b32a-39cde8da1193(localhost/127.0.0.1)
2025-07-30 09:17:17,446 [RatisPipelineUtilsThread-0] INFO  pipeline.BackgroundPipelineCreator (BackgroundPipelineCreator.java:createPipelines(246)) - Created new pipeline Pipeline{ Id: 943c7c4f-3497-4e01-b51a-79996a5c67c0, Nodes: [ {186c80e8-a68d-4b90-a935-9d2ae0e10711(localhost/127.0.0.1), ReplicaIndex: 0}, {4ce797ff-0e2f-4a08-9573-f0dfcfa9338d(localhost/127.0.0.1), ReplicaIndex: 0}, {dd478f6b-723f-4ec8-b32a-39cde8da1193(localhost/127.0.0.1), ReplicaIndex: 0},], ReplicationConfig: RATIS/THREE, State:ALLOCATED, leaderId:, CreationTimestamp2025-07-30T09:17:17.443160467Z[Etc/UTC]}
]]></system-out>
  </testcase>
  <testcase name="testGetPipeline" classname="org.apache.ozone.test.NonHATests$ContainerOperations" time="0.013">
    <system-out><![CDATA[2025-07-30T09:17:17.452841987Z IPC Server handler 32 on default port 15000 ERROR user=runner | ip=127.0.0.1 | op=GET_PIPELINE {pipelineID=635a8be9-cdb1-404a-bf3b-702745da6992} | ret=FAILURE
org.apache.hadoop.hdds.scm.pipeline.PipelineNotFoundException: Pipeline-635a8be9-cdb1-404a-bf3b-702745da6992 not found
	at org.apache.hadoop.hdds.scm.pipeline.PipelineStateMap.getPipeline(PipelineStateMap.java:150)
	at org.apache.hadoop.hdds.scm.pipeline.PipelineStateManagerImpl.getPipeline(PipelineStateManagerImpl.java:133)
	at java.base/jdk.internal.reflect.DirectMethodHandleAccessor.invoke(DirectMethodHandleAccessor.java:103)
	at java.base/java.lang.reflect.Method.invoke(Method.java:580)
	at org.apache.hadoop.hdds.scm.ha.SCMHAInvocationHandler.invokeLocal(SCMHAInvocationHandler.java:90)
	at org.apache.hadoop.hdds.scm.ha.SCMHAInvocationHandler.invoke(SCMHAInvocationHandler.java:73)
	at jdk.proxy2/jdk.proxy2.$Proxy51.getPipeline(Unknown Source)
	at org.apache.hadoop.hdds.scm.pipeline.PipelineManagerImpl.getPipeline(PipelineManagerImpl.java:336)
	at org.apache.hadoop.hdds.scm.server.SCMClientProtocolServer.getPipeline(SCMClientProtocolServer.java:836)
	at org.apache.hadoop.hdds.scm.protocol.StorageContainerLocationProtocolServerSideTranslatorPB.getPipeline(StorageContainerLocationProtocolServerSideTranslatorPB.java:979)
	at org.apache.hadoop.hdds.scm.protocol.StorageContainerLocationProtocolServerSideTranslatorPB.processRequest(StorageContainerLocationProtocolServerSideTranslatorPB.java:618)
	at org.apache.hadoop.hdds.server.OzoneProtocolMessageDispatcher.processRequest(OzoneProtocolMessageDispatcher.java:87)
	at org.apache.hadoop.hdds.scm.protocol.StorageContainerLocationProtocolServerSideTranslatorPB.submitRequest(StorageContainerLocationProtocolServerSideTranslatorPB.java:236)
	at org.apache.hadoop.hdds.protocol.proto.StorageContainerLocationProtocolProtos$StorageContainerLocationProtocolService$2.callBlockingMethod(StorageContainerLocationProtocolProtos.java)
	at org.apache.hadoop.ipc.ProtobufRpcEngine$Server.processCall(ProtobufRpcEngine.java:484)
	at org.apache.hadoop.ipc.ProtobufRpcEngine2$Server$ProtoBufRpcInvoker.call(ProtobufRpcEngine2.java:595)
	at org.apache.hadoop.ipc.ProtobufRpcEngine2$Server$ProtoBufRpcInvoker.call(ProtobufRpcEngine2.java:573)
	at org.apache.hadoop.ipc.RPC$Server.call(RPC.java:1227)
	at org.apache.hadoop.ipc.Server$RpcCall.run(Server.java:1246)
	at org.apache.hadoop.ipc.Server$RpcCall.run(Server.java:1169)
	at java.base/java.security.AccessController.doPrivileged(AccessController.java:714)
	at java.base/javax.security.auth.Subject.doAs(Subject.java:525)
	at org.apache.hadoop.security.UserGroupInformation.doAs(UserGroupInformation.java:1953)
	at org.apache.hadoop.ipc.Server$Handler.run(Server.java:3198)
2025-07-30 09:17:17,453 [IPC Server handler 32 on default port 15000] INFO  ipc.Server (Server.java:logException(3260)) - IPC Server handler 32 on default port 15000, call Call#3922 Retry#0 org.apache.hadoop.hdds.scm.protocol.StorageContainerLocationProtocol.submitRequest from 127.0.0.1:40540
org.apache.hadoop.hdds.scm.pipeline.PipelineNotFoundException: Pipeline-635a8be9-cdb1-404a-bf3b-702745da6992 not found
	at org.apache.hadoop.hdds.scm.pipeline.PipelineStateMap.getPipeline(PipelineStateMap.java:150)
	at org.apache.hadoop.hdds.scm.pipeline.PipelineStateManagerImpl.getPipeline(PipelineStateManagerImpl.java:133)
	at java.base/jdk.internal.reflect.DirectMethodHandleAccessor.invoke(DirectMethodHandleAccessor.java:103)
	at java.base/java.lang.reflect.Method.invoke(Method.java:580)
	at org.apache.hadoop.hdds.scm.ha.SCMHAInvocationHandler.invokeLocal(SCMHAInvocationHandler.java:90)
	at org.apache.hadoop.hdds.scm.ha.SCMHAInvocationHandler.invoke(SCMHAInvocationHandler.java:73)
	at jdk.proxy2/jdk.proxy2.$Proxy51.getPipeline(Unknown Source)
	at org.apache.hadoop.hdds.scm.pipeline.PipelineManagerImpl.getPipeline(PipelineManagerImpl.java:336)
	at org.apache.hadoop.hdds.scm.server.SCMClientProtocolServer.getPipeline(SCMClientProtocolServer.java:836)
	at org.apache.hadoop.hdds.scm.protocol.StorageContainerLocationProtocolServerSideTranslatorPB.getPipeline(StorageContainerLocationProtocolServerSideTranslatorPB.java:979)
	at org.apache.hadoop.hdds.scm.protocol.StorageContainerLocationProtocolServerSideTranslatorPB.processRequest(StorageContainerLocationProtocolServerSideTranslatorPB.java:618)
	at org.apache.hadoop.hdds.server.OzoneProtocolMessageDispatcher.processRequest(OzoneProtocolMessageDispatcher.java:87)
	at org.apache.hadoop.hdds.scm.protocol.StorageContainerLocationProtocolServerSideTranslatorPB.submitRequest(StorageContainerLocationProtocolServerSideTranslatorPB.java:236)
	at org.apache.hadoop.hdds.protocol.proto.StorageContainerLocationProtocolProtos$StorageContainerLocationProtocolService$2.callBlockingMethod(StorageContainerLocationProtocolProtos.java)
	at org.apache.hadoop.ipc.ProtobufRpcEngine$Server.processCall(ProtobufRpcEngine.java:484)
	at org.apache.hadoop.ipc.ProtobufRpcEngine2$Server$ProtoBufRpcInvoker.call(ProtobufRpcEngine2.java:595)
	at org.apache.hadoop.ipc.ProtobufRpcEngine2$Server$ProtoBufRpcInvoker.call(ProtobufRpcEngine2.java:573)
	at org.apache.hadoop.ipc.RPC$Server.call(RPC.java:1227)
	at org.apache.hadoop.ipc.Server$RpcCall.run(Server.java:1246)
	at org.apache.hadoop.ipc.Server$RpcCall.run(Server.java:1169)
	at java.base/java.security.AccessController.doPrivileged(AccessController.java:714)
	at java.base/javax.security.auth.Subject.doAs(Subject.java:525)
	at org.apache.hadoop.security.UserGroupInformation.doAs(UserGroupInformation.java:1953)
	at org.apache.hadoop.ipc.Server$Handler.run(Server.java:3198)
]]></system-out>
  </testcase>
  <testcase name="testCreate" classname="org.apache.ozone.test.NonHATests$ContainerOperations" time="0.011"/>
  <testcase name="testContainerStateMachineIdempotency" classname="org.apache.ozone.test.NonHATests$ContainerOperations" time="0.041">
    <system-out><![CDATA[2025-07-30 09:17:17,490 [5f0bcb51-14d7-4b8c-a5e9-239c9c50a8c6-ChunkReader-6] WARN  helpers.ChunkUtils (ChunkUtils.java:validateChunkForOverwrite(378)) - Duplicate write chunk request. Chunk overwrite without explicit request. ChunkInfo{chunkName='114941430168420618.data.0, offset=0, len=227}
2025-07-30 09:17:17,501 [5f0bcb51-14d7-4b8c-a5e9-239c9c50a8c6-ChunkReader-7] INFO  keyvalue.KeyValueContainer (KeyValueContainer.java:flushAndSyncDB(514)) - Synced container: KeyValueContainerData #71 (CLOSING, non-empty, ri=0, origin=[dn_5f0bcb51-14d7-4b8c-a5e9-239c9c50a8c6, pipeline_])
2025-07-30 09:17:17,502 [5f0bcb51-14d7-4b8c-a5e9-239c9c50a8c6-ChunkReader-7] INFO  keyvalue.KeyValueContainer (KeyValueContainer.java:flushAndSyncDB(514)) - Synced container: KeyValueContainerData #71 (CLOSING, non-empty, ri=0, origin=[dn_5f0bcb51-14d7-4b8c-a5e9-239c9c50a8c6, pipeline_])
2025-07-30 09:17:17,503 [FixedThreadPoolWithAffinityExecutor-1-0] INFO  container.IncrementalContainerReportHandler (AbstractContainerReportHandler.java:updateContainerState(253)) - FINALIZE (i.e. CLOSING) Container #71 (OPEN, sid=0) r0 (CLOSING, bcsid=0, origin=5f0bcb51-14d7-4b8c-a5e9-239c9c50a8c6, non-empty) from dn 5f0bcb51-14d7-4b8c-a5e9-239c9c50a8c6(localhost/127.0.0.1)
2025-07-30 09:17:17,506 [5f0bcb51-14d7-4b8c-a5e9-239c9c50a8c6-ChunkReader-7] INFO  keyvalue.KeyValueContainer (KeyValueContainer.java:close(430)) - Closed container: KeyValueContainerData #71 (CLOSED, non-empty, ri=0, origin=[dn_5f0bcb51-14d7-4b8c-a5e9-239c9c50a8c6, pipeline_])
2025-07-30 09:17:17,510 [FixedThreadPoolWithAffinityExecutor-1-0] INFO  container.IncrementalContainerReportHandler (AbstractContainerReportHandler.java:updateContainerState(289)) - CLOSE Container #71 (CLOSING, sid=0) r0 (CLOSED, bcsid=0, origin=5f0bcb51-14d7-4b8c-a5e9-239c9c50a8c6, non-empty) from dn 5f0bcb51-14d7-4b8c-a5e9-239c9c50a8c6(localhost/127.0.0.1)
]]></system-out>
  </testcase>
</testsuite>