<?xml version="1.0" encoding="UTF-8"?>
<testsuite xmlns:xsi="http://www.w3.org/2001/XMLSchema-instance" xsi:noNamespaceSchemaLocation="https://maven.apache.org/surefire/maven-surefire-plugin/xsd/surefire-test-report-3.0.xsd" version="3.0" name="org.apache.hadoop.ozone.scm.node.TestDecommissionAndMaintenance" time="223.916" tests="7" errors="2" skipped="0" failures="0">
  <properties>
    <property name="awt.toolkit" value="sun.awt.X11.XToolkit"/>
    <property name="file.encoding.pkg" value="sun.io"/>
    <property name="java.specification.version" value="1.8"/>
    <property name="sun.cpu.isalist" value=""/>
    <property name="sun.jnu.encoding" value="UTF-8"/>
    <property name="java.class.path" value="/home/runner/work/ozone/ozone/hadoop-ozone/integration-test/target/test-classes:/home/runner/work/ozone/ozone/hadoop-ozone/integration-test/target/classes:/home/runner/.m2/repository/org/apache/ozone/ozone-common/1.3.0-SNAPSHOT/ozone-common-1.3.0-SNAPSHOT.jar:/home/runner/.m2/repository/io/grpc/grpc-netty/1.48.1/grpc-netty-1.48.1.jar:/home/runner/.m2/repository/io/grpc/grpc-core/1.48.1/grpc-core-1.48.1.jar:/home/runner/.m2/repository/com/google/android/annotations/4.1.1.4/annotations-4.1.1.4.jar:/home/runner/.m2/repository/org/codehaus/mojo/animal-sniffer-annotations/1.21/animal-sniffer-annotations-1.21.jar:/home/runner/.m2/repository/com/google/errorprone/error_prone_annotations/2.2.0/error_prone_annotations-2.2.0.jar:/home/runner/.m2/repository/io/perfmark/perfmark-api/0.25.0/perfmark-api-0.25.0.jar:/home/runner/.m2/repository/io/netty/netty-codec-http2/4.1.77.Final/netty-codec-http2-4.1.77.Final.jar:/home/runner/.m2/repository/io/netty/netty-common/4.1.77.Final/netty-common-4.1.77.Final.jar:/home/runner/.m2/repository/io/netty/netty-buffer/4.1.77.Final/netty-buffer-4.1.77.Final.jar:/home/runner/.m2/repository/io/netty/netty-codec-http/4.1.77.Final/netty-codec-http-4.1.77.Final.jar:/home/runner/.m2/repository/io/netty/netty-handler-proxy/4.1.77.Final/netty-handler-proxy-4.1.77.Final.jar:/home/runner/.m2/repository/io/netty/netty-codec-socks/4.1.77.Final/netty-codec-socks-4.1.77.Final.jar:/home/runner/.m2/repository/io/netty/netty-tcnative-boringssl-static/2.0.52.Final/netty-tcnative-boringssl-static-2.0.52.Final.jar:/home/runner/.m2/repository/io/netty/netty-tcnative-classes/2.0.52.Final/netty-tcnative-classes-2.0.52.Final.jar:/home/runner/.m2/repository/io/netty/netty-tcnative-boringssl-static/2.0.52.Final/netty-tcnative-boringssl-static-2.0.52.Final-linux-x86_64.jar:/home/runner/.m2/repository/io/netty/netty-tcnative-boringssl-static/2.0.52.Final/netty-tcnative-boringssl-static-2.0.52.Final-linux-aarch_64.jar:/home/runner/.m2/repository/io/netty/netty-tcnative-boringssl-static/2.0.52.Final/netty-tcnative-boringssl-static-2.0.52.Final-osx-x86_64.jar:/home/runner/.m2/repository/io/netty/netty-tcnative-boringssl-static/2.0.52.Final/netty-tcnative-boringssl-static-2.0.52.Final-osx-aarch_64.jar:/home/runner/.m2/repository/io/netty/netty-tcnative-boringssl-static/2.0.52.Final/netty-tcnative-boringssl-static-2.0.52.Final-windows-x86_64.jar:/home/runner/.m2/repository/org/apache/commons/commons-compress/1.21/commons-compress-1.21.jar:/home/runner/.m2/repository/org/apache/ozone/hdds-common/1.3.0-SNAPSHOT/hdds-common-1.3.0-SNAPSHOT.jar:/home/runner/.m2/repository/org/apache/ozone/hdds-client/1.3.0-SNAPSHOT/hdds-client-1.3.0-SNAPSHOT.jar:/home/runner/.m2/repository/org/apache/ozone/ozone-interface-client/1.3.0-SNAPSHOT/ozone-interface-client-1.3.0-SNAPSHOT.jar:/home/runner/.m2/repository/org/apache/ozone/hdds-test-utils/1.3.0-SNAPSHOT/hdds-test-utils-1.3.0-SNAPSHOT.jar:/home/runner/.m2/repository/com/google/guava/guava/31.1-jre/guava-31.1-jre.jar:/home/runner/.m2/repository/com/google/guava/failureaccess/1.0.1/failureaccess-1.0.1.jar:/home/runner/.m2/repository/com/google/guava/listenablefuture/9999.0-empty-to-avoid-conflict-with-guava/listenablefuture-9999.0-empty-to-avoid-conflict-with-guava.jar:/home/runner/.m2/repository/com/google/code/findbugs/jsr305/3.0.0/jsr305-3.0.0.jar:/home/runner/.m2/repository/org/checkerframework/checker-qual/3.12.0/checker-qual-3.12.0.jar:/home/runner/.m2/repository/com/google/j2objc/j2objc-annotations/1.3/j2objc-annotations-1.3.jar:/home/runner/.m2/repository/commons-io/commons-io/2.11.0/commons-io-2.11.0.jar:/home/runner/.m2/repository/commons-logging/commons-logging/1.2/commons-logging-1.2.jar:/home/runner/.m2/repository/ch/qos/reload4j/reload4j/1.2.22/reload4j-1.2.22.jar:/home/runner/.m2/repository/org/slf4j/slf4j-api/1.7.36/slf4j-api-1.7.36.jar:/home/runner/.m2/repository/org/apache/ozone/hdds-server-scm/1.3.0-SNAPSHOT/hdds-server-scm-1.3.0-SNAPSHOT.jar:/home/runner/.m2/repository/org/apache/ozone/hdds-container-service/1.3.0-SNAPSHOT/hdds-container-service-1.3.0-SNAPSHOT.jar:/home/runner/.m2/repository/org/apache/ozone/hdds-hadoop-dependency-server/1.3.0-SNAPSHOT/hdds-hadoop-dependency-server-1.3.0-SNAPSHOT.jar:/home/runner/.m2/repository/org/apache/hadoop/hadoop-hdfs/3.3.4/hadoop-hdfs-3.3.4.jar:/home/runner/.m2/repository/org/eclipse/jetty/jetty-util-ajax/9.4.49.v20220914/jetty-util-ajax-9.4.49.v20220914.jar:/home/runner/.m2/repository/commons-daemon/commons-daemon/1.0.13/commons-daemon-1.0.13.jar:/home/runner/.m2/repository/org/apache/ozone/hdds-server-framework/1.3.0-SNAPSHOT/hdds-server-framework-1.3.0-SNAPSHOT.jar:/home/runner/.m2/repository/org/apache/ozone/hdds-interface-server/1.3.0-SNAPSHOT/hdds-interface-server-1.3.0-SNAPSHOT.jar:/home/runner/.m2/repository/org/apache/commons/commons-configuration2/2.1.1/commons-configuration2-2.1.1.jar:/home/runner/.m2/repository/org/apache/logging/log4j/log4j-core/2.17.1/log4j-core-2.17.1.jar:/home/runner/.m2/repository/com/lmax/disruptor/3.4.2/disruptor-3.4.2.jar:/home/runner/.m2/repository/org/eclipse/jetty/jetty-servlet/9.4.49.v20220914/jetty-servlet-9.4.49.v20220914.jar:/home/runner/.m2/repository/org/eclipse/jetty/jetty-security/9.4.49.v20220914/jetty-security-9.4.49.v20220914.jar:/home/runner/.m2/repository/org/rocksdb/rocksdbjni/7.7.3/rocksdbjni-7.7.3.jar:/home/runner/.m2/repository/io/prometheus/simpleclient_dropwizard/0.7.0/simpleclient_dropwizard-0.7.0.jar:/home/runner/.m2/repository/io/prometheus/simpleclient/0.7.0/simpleclient-0.7.0.jar:/home/runner/.m2/repository/io/prometheus/simpleclient_common/0.7.0/simpleclient_common-0.7.0.jar:/home/runner/.m2/repository/com/github/spotbugs/spotbugs-annotations/3.1.12/spotbugs-annotations-3.1.12.jar:/home/runner/.m2/repository/io/dropwizard/metrics/metrics-core/3.2.4/metrics-core-3.2.4.jar:/home/runner/.m2/repository/org/apache/commons/commons-text/1.4/commons-text-1.4.jar:/home/runner/.m2/repository/org/apache/hadoop/hadoop-hdfs-client/3.3.4/hadoop-hdfs-client-3.3.4.jar:/home/runner/.m2/repository/com/squareup/okhttp3/okhttp/4.9.3/okhttp-4.9.3.jar:/home/runner/.m2/repository/com/squareup/okio/okio/2.8.0/okio-2.8.0.jar:/home/runner/.m2/repository/org/jetbrains/kotlin/kotlin-stdlib-common/1.4.10/kotlin-stdlib-common-1.4.10.jar:/home/runner/.m2/repository/org/bouncycastle/bcprov-jdk15on/1.67/bcprov-jdk15on-1.67.jar:/home/runner/.m2/repository/com/google/protobuf/protobuf-java/2.5.0/protobuf-java-2.5.0.jar:/home/runner/.m2/repository/org/apache/ozone/ozone-manager/1.3.0-SNAPSHOT/ozone-manager-1.3.0-SNAPSHOT.jar:/home/runner/.m2/repository/org/aspectj/aspectjrt/1.9.7/aspectjrt-1.9.7.jar:/home/runner/.m2/repository/org/aspectj/aspectjweaver/1.9.7/aspectjweaver-1.9.7.jar:/home/runner/.m2/repository/org/apache/ozone/hdds-interface-client/1.3.0-SNAPSHOT/hdds-interface-client-1.3.0-SNAPSHOT.jar:/home/runner/.m2/repository/org/apache/hadoop/thirdparty/hadoop-shaded-protobuf_3_7/1.1.1/hadoop-shaded-protobuf_3_7-1.1.1.jar:/home/runner/.m2/repository/org/apache/ozone/ozone-interface-storage/1.3.0-SNAPSHOT/ozone-interface-storage-1.3.0-SNAPSHOT.jar:/home/runner/.m2/repository/org/reflections/reflections/0.9.11/reflections-0.9.11.jar:/home/runner/.m2/repository/com/sun/jersey/jersey-client/1.19/jersey-client-1.19.jar:/home/runner/.m2/repository/org/apache/ranger/ranger-intg/2.3.0/ranger-intg-2.3.0.jar:/home/runner/.m2/repository/org/apache/ranger/ranger-plugins-common/2.3.0/ranger-plugins-common-2.3.0.jar:/home/runner/.m2/repository/commons-lang/commons-lang/2.6/commons-lang-2.6.jar:/home/runner/.m2/repository/org/codehaus/jackson/jackson-jaxrs/1.9.13/jackson-jaxrs-1.9.13.jar:/home/runner/.m2/repository/org/apache/ranger/ranger-plugins-cred/2.3.0/ranger-plugins-cred-2.3.0.jar:/home/runner/.m2/repository/org/apache/ranger/ranger-plugins-audit/2.3.0/ranger-plugins-audit-2.3.0.jar:/home/runner/.m2/repository/org/eclipse/jetty/jetty-client/9.4.31.v20200723/jetty-client-9.4.31.v20200723.jar:/home/runner/.m2/repository/org/apache/httpcomponents/httpmime/4.5.6/httpmime-4.5.6.jar:/home/runner/.m2/repository/org/apache/httpcomponents/httpcore-nio/4.4.6/httpcore-nio-4.4.6.jar:/home/runner/.m2/repository/org/apache/httpcomponents/httpasyncclient/4.1.3/httpasyncclient-4.1.3.jar:/home/runner/.m2/repository/com/carrotsearch/hppc/0.8.0/hppc-0.8.0.jar:/home/runner/.m2/repository/org/apache/orc/orc-core/1.5.8/orc-core-1.5.8.jar:/home/runner/.m2/repository/net/java/dev/jna/jna/5.2.0/jna-5.2.0.jar:/home/runner/.m2/repository/net/java/dev/jna/jna-platform/5.2.0/jna-platform-5.2.0.jar:/home/runner/.m2/repository/com/kstruct/gethostname4j/0.0.2/gethostname4j-0.0.2.jar:/home/runner/.m2/repository/org/apache/ranger/ranger-plugin-classloader/2.3.0/ranger-plugin-classloader-2.3.0.jar:/home/runner/.m2/repository/org/apache/hadoop/hadoop-minikdc/3.3.4/hadoop-minikdc-3.3.4.jar:/home/runner/.m2/repository/org/apache/kerby/kerb-simplekdc/1.0.1/kerb-simplekdc-1.0.1.jar:/home/runner/.m2/repository/org/apache/kerby/kerb-client/1.0.1/kerb-client-1.0.1.jar:/home/runner/.m2/repository/org/apache/kerby/kerby-config/1.0.1/kerby-config-1.0.1.jar:/home/runner/.m2/repository/org/apache/kerby/kerb-common/1.0.1/kerb-common-1.0.1.jar:/home/runner/.m2/repository/org/apache/kerby/kerb-crypto/1.0.1/kerb-crypto-1.0.1.jar:/home/runner/.m2/repository/org/apache/kerby/kerb-util/1.0.1/kerb-util-1.0.1.jar:/home/runner/.m2/repository/org/apache/kerby/token-provider/1.0.1/token-provider-1.0.1.jar:/home/runner/.m2/repository/org/apache/kerby/kerb-admin/1.0.1/kerb-admin-1.0.1.jar:/home/runner/.m2/repository/org/apache/kerby/kerb-server/1.0.1/kerb-server-1.0.1.jar:/home/runner/.m2/repository/org/apache/kerby/kerb-identity/1.0.1/kerb-identity-1.0.1.jar:/home/runner/.m2/repository/org/apache/kerby/kerby-xdr/1.0.1/kerby-xdr-1.0.1.jar:/home/runner/.m2/repository/org/apache/ozone/ozone-s3gateway/1.3.0-SNAPSHOT/ozone-s3gateway-1.3.0-SNAPSHOT.jar:/home/runner/.m2/repository/org/javassist/javassist/3.21.0-GA/javassist-3.21.0-GA.jar:/home/runner/.m2/repository/org/jboss/weld/servlet/weld-servlet/2.4.7.Final/weld-servlet-2.4.7.Final.jar:/home/runner/.m2/repository/org/glassfish/jersey/containers/jersey-container-servlet-core/2.34/jersey-container-servlet-core-2.34.jar:/home/runner/.m2/repository/org/glassfish/hk2/external/jakarta.inject/2.6.1/jakarta.inject-2.6.1.jar:/home/runner/.m2/repository/org/glassfish/jersey/core/jersey-common/2.34/jersey-common-2.34.jar:/home/runner/.m2/repository/jakarta/ws/rs/jakarta.ws.rs-api/2.1.6/jakarta.ws.rs-api-2.1.6.jar:/home/runner/.m2/repository/org/glassfish/jersey/ext/cdi/jersey-cdi1x/2.34/jersey-cdi1x-2.34.jar:/home/runner/.m2/repository/org/glassfish/jersey/inject/jersey-hk2/2.34/jersey-hk2-2.34.jar:/home/runner/.m2/repository/org/glassfish/hk2/hk2-locator/2.6.1/hk2-locator-2.6.1.jar:/home/runner/.m2/repository/org/glassfish/jersey/media/jersey-media-jaxb/2.34/jersey-media-jaxb-2.34.jar:/home/runner/.m2/repository/org/glassfish/hk2/osgi-resource-locator/1.0.3/osgi-resource-locator-1.0.3.jar:/home/runner/.m2/repository/org/glassfish/hk2/hk2-api/2.5.0/hk2-api-2.5.0.jar:/home/runner/.m2/repository/org/glassfish/hk2/hk2-utils/2.5.0/hk2-utils-2.5.0.jar:/home/runner/.m2/repository/org/glassfish/hk2/external/aopalliance-repackaged/2.5.0/aopalliance-repackaged-2.5.0.jar:/home/runner/.m2/repository/com/fasterxml/jackson/dataformat/jackson-dataformat-xml/2.13.4/jackson-dataformat-xml-2.13.4.jar:/home/runner/.m2/repository/com/fasterxml/jackson/core/jackson-core/2.13.4/jackson-core-2.13.4.jar:/home/runner/.m2/repository/org/codehaus/woodstox/stax2-api/4.2.1/stax2-api-4.2.1.jar:/home/runner/.m2/repository/com/fasterxml/woodstox/woodstox-core/5.4.0/woodstox-core-5.4.0.jar:/home/runner/.m2/repository/com/fasterxml/jackson/module/jackson-module-jaxb-annotations/2.13.4/jackson-module-jaxb-annotations-2.13.4.jar:/home/runner/.m2/repository/jakarta/xml/bind/jakarta.xml.bind-api/2.3.3/jakarta.xml.bind-api-2.3.3.jar:/home/runner/.m2/repository/jakarta/activation/jakarta.activation-api/1.2.1/jakarta.activation-api-1.2.1.jar:/home/runner/.m2/repository/javax/enterprise/cdi-api/1.2/cdi-api-1.2.jar:/home/runner/.m2/repository/javax/el/javax.el-api/3.0.0/javax.el-api-3.0.0.jar:/home/runner/.m2/repository/javax/interceptor/javax.interceptor-api/1.2/javax.interceptor-api-1.2.jar:/home/runner/.m2/repository/javax/inject/javax.inject/1/javax.inject-1.jar:/home/runner/.m2/repository/javax/xml/bind/jaxb-api/2.3.0/jaxb-api-2.3.0.jar:/home/runner/.m2/repository/org/glassfish/jaxb/jaxb-runtime/2.3.0.1/jaxb-runtime-2.3.0.1.jar:/home/runner/.m2/repository/org/glassfish/jaxb/jaxb-core/2.3.0.1/jaxb-core-2.3.0.1.jar:/home/runner/.m2/repository/org/glassfish/jaxb/txw2/2.3.0.1/txw2-2.3.0.1.jar:/home/runner/.m2/repository/com/sun/istack/istack-commons-runtime/3.0.5/istack-commons-runtime-3.0.5.jar:/home/runner/.m2/repository/org/jvnet/staxex/stax-ex/1.7.8/stax-ex-1.7.8.jar:/home/runner/.m2/repository/com/sun/xml/fastinfoset/FastInfoset/1.2.13/FastInfoset-1.2.13.jar:/home/runner/.m2/repository/javax/activation/activation/1.1.1/activation-1.1.1.jar:/home/runner/.m2/repository/io/grpc/grpc-protobuf/1.48.1/grpc-protobuf-1.48.1.jar:/home/runner/.m2/repository/io/grpc/grpc-api/1.48.1/grpc-api-1.48.1.jar:/home/runner/.m2/repository/io/grpc/grpc-context/1.48.1/grpc-context-1.48.1.jar:/home/runner/.m2/repository/com/google/api/grpc/proto-google-common-protos/2.9.0/proto-google-common-protos-2.9.0.jar:/home/runner/.m2/repository/io/grpc/grpc-protobuf-lite/1.48.1/grpc-protobuf-lite-1.48.1.jar:/home/runner/.m2/repository/io/grpc/grpc-stub/1.48.1/grpc-stub-1.48.1.jar:/home/runner/.m2/repository/io/netty/netty-transport/4.1.77.Final/netty-transport-4.1.77.Final.jar:/home/runner/.m2/repository/io/netty/netty-resolver/4.1.77.Final/netty-resolver-4.1.77.Final.jar:/home/runner/.m2/repository/org/apache/ozone/ozone-csi/1.3.0-SNAPSHOT/ozone-csi-1.3.0-SNAPSHOT.jar:/home/runner/.m2/repository/com/google/protobuf/protobuf-java-util/3.19.6/protobuf-java-util-3.19.6.jar:/home/runner/.m2/repository/com/google/code/gson/gson/2.9.0/gson-2.9.0.jar:/home/runner/.m2/repository/org/apache/ozone/hdds-config/1.3.0-SNAPSHOT/hdds-config-1.3.0-SNAPSHOT.jar:/home/runner/.m2/repository/io/netty/netty-transport-native-epoll/4.1.77.Final/netty-transport-native-epoll-4.1.77.Final-linux-x86_64.jar:/home/runner/.m2/repository/io/netty/netty-transport-classes-epoll/4.1.77.Final/netty-transport-classes-epoll-4.1.77.Final.jar:/home/runner/.m2/repository/io/netty/netty-transport-native-unix-common/4.1.77.Final/netty-transport-native-unix-common-4.1.77.Final.jar:/home/runner/.m2/repository/org/slf4j/slf4j-reload4j/1.7.36/slf4j-reload4j-1.7.36.jar:/home/runner/.m2/repository/org/apache/ozone/ozone-recon/1.3.0-SNAPSHOT/ozone-recon-1.3.0-SNAPSHOT.jar:/home/runner/.m2/repository/org/apache/ozone/ozone-reconcodegen/1.3.0-SNAPSHOT/ozone-reconcodegen-1.3.0-SNAPSHOT.jar:/home/runner/.m2/repository/com/google/inject/extensions/guice-multibindings/4.0/guice-multibindings-4.0.jar:/home/runner/.m2/repository/com/google/inject/guice/4.0/guice-4.0.jar:/home/runner/.m2/repository/aopalliance/aopalliance/1.0/aopalliance-1.0.jar:/home/runner/.m2/repository/com/google/inject/extensions/guice-assistedinject/4.0/guice-assistedinject-4.0.jar:/home/runner/.m2/repository/com/google/inject/extensions/guice-servlet/4.0/guice-servlet-4.0.jar:/home/runner/.m2/repository/org/glassfish/jersey/containers/jersey-container-servlet/2.34/jersey-container-servlet-2.34.jar:/home/runner/.m2/repository/org/glassfish/hk2/guice-bridge/2.5.0/guice-bridge-2.5.0.jar:/home/runner/.m2/repository/org/glassfish/jersey/core/jersey-server/2.34/jersey-server-2.34.jar:/home/runner/.m2/repository/org/glassfish/jersey/core/jersey-client/2.34/jersey-client-2.34.jar:/home/runner/.m2/repository/jakarta/annotation/jakarta.annotation-api/1.3.5/jakarta.annotation-api-1.3.5.jar:/home/runner/.m2/repository/jakarta/validation/jakarta.validation-api/2.0.2/jakarta.validation-api-2.0.2.jar:/home/runner/.m2/repository/org/glassfish/jersey/media/jersey-media-json-jackson/2.34/jersey-media-json-jackson-2.34.jar:/home/runner/.m2/repository/org/glassfish/jersey/ext/jersey-entity-filtering/2.34/jersey-entity-filtering-2.34.jar:/home/runner/.m2/repository/org/jooq/jooq/3.11.10/jooq-3.11.10.jar:/home/runner/.m2/repository/org/jooq/jooq-meta/3.11.10/jooq-meta-3.11.10.jar:/home/runner/.m2/repository/org/jooq/jooq-codegen/3.11.10/jooq-codegen-3.11.10.jar:/home/runner/.m2/repository/com/jolbox/bonecp/0.8.0.RELEASE/bonecp-0.8.0.RELEASE.jar:/home/runner/.m2/repository/org/apache/derby/derby/10.14.2.0/derby-10.14.2.0.jar:/home/runner/.m2/repository/org/xerial/sqlite-jdbc/3.25.2/sqlite-jdbc-3.25.2.jar:/home/runner/.m2/repository/org/springframework/spring-jdbc/5.3.23/spring-jdbc-5.3.23.jar:/home/runner/.m2/repository/org/springframework/spring-beans/5.3.23/spring-beans-5.3.23.jar:/home/runner/.m2/repository/org/springframework/spring-core/5.3.23/spring-core-5.3.23.jar:/home/runner/.m2/repository/org/springframework/spring-jcl/5.3.23/spring-jcl-5.3.23.jar:/home/runner/.m2/repository/org/springframework/spring-tx/5.3.23/spring-tx-5.3.23.jar:/home/runner/.m2/repository/org/apache/ozone/ozone-client/1.3.0-SNAPSHOT/ozone-client-1.3.0-SNAPSHOT.jar:/home/runner/.m2/repository/org/apache/ozone/hdds-erasurecode/1.3.0-SNAPSHOT/hdds-erasurecode-1.3.0-SNAPSHOT.jar:/home/runner/.m2/repository/org/apache/ozone/ozone-filesystem/1.3.0-SNAPSHOT/ozone-filesystem-1.3.0-SNAPSHOT.jar:/home/runner/.m2/repository/org/apache/ozone/ozone-filesystem-common/1.3.0-SNAPSHOT/ozone-filesystem-common-1.3.0-SNAPSHOT.jar:/home/runner/.m2/repository/org/apache/ozone/ozone-tools/1.3.0-SNAPSHOT/ozone-tools-1.3.0-SNAPSHOT.jar:/home/runner/.m2/repository/org/apache/ratis/ratis-tools/2.4.2-8b8bdda-SNAPSHOT/ratis-tools-2.4.2-8b8bdda-SNAPSHOT.jar:/home/runner/.m2/repository/com/amazonaws/aws-java-sdk-core/1.12.261/aws-java-sdk-core-1.12.261.jar:/home/runner/.m2/repository/org/apache/httpcomponents/httpclient/4.5.13/httpclient-4.5.13.jar:/home/runner/.m2/repository/org/apache/httpcomponents/httpcore/4.4.13/httpcore-4.4.13.jar:/home/runner/.m2/repository/software/amazon/ion/ion-java/1.0.2/ion-java-1.0.2.jar:/home/runner/.m2/repository/com/fasterxml/jackson/dataformat/jackson-dataformat-cbor/2.13.4/jackson-dataformat-cbor-2.13.4.jar:/home/runner/.m2/repository/joda-time/joda-time/2.8.1/joda-time-2.8.1.jar:/home/runner/.m2/repository/com/amazonaws/aws-java-sdk-s3/1.12.261/aws-java-sdk-s3-1.12.261.jar:/home/runner/.m2/repository/com/amazonaws/aws-java-sdk-kms/1.12.261/aws-java-sdk-kms-1.12.261.jar:/home/runner/.m2/repository/com/amazonaws/jmespath-java/1.12.261/jmespath-java-1.12.261.jar:/home/runner/.m2/repository/org/kohsuke/metainf-services/metainf-services/1.8/metainf-services-1.8.jar:/home/runner/.m2/repository/org/apache/ozone/hdds-tools/1.3.0-SNAPSHOT/hdds-tools-1.3.0-SNAPSHOT.jar:/home/runner/.m2/repository/commons-cli/commons-cli/1.2/commons-cli-1.2.jar:/home/runner/.m2/repository/org/apache/commons/commons-lang3/3.7/commons-lang3-3.7.jar:/home/runner/.m2/repository/org/apache/ozone/ozone-manager/1.3.0-SNAPSHOT/ozone-manager-1.3.0-SNAPSHOT-tests.jar:/home/runner/.m2/repository/org/apache/ozone/hdds-common/1.3.0-SNAPSHOT/hdds-common-1.3.0-SNAPSHOT-tests.jar:/home/runner/.m2/repository/org/apache/ozone/hdds-hadoop-dependency-client/1.3.0-SNAPSHOT/hdds-hadoop-dependency-client-1.3.0-SNAPSHOT.jar:/home/runner/.m2/repository/info/picocli/picocli/4.6.1/picocli-4.6.1.jar:/home/runner/.m2/repository/com/fasterxml/jackson/core/jackson-annotations/2.13.4/jackson-annotations-2.13.4.jar:/home/runner/.m2/repository/com/fasterxml/jackson/datatype/jackson-datatype-jsr310/2.13.4/jackson-datatype-jsr310-2.13.4.jar:/home/runner/.m2/repository/org/apache/ozone/hdds-annotation-processing/1.3.0-SNAPSHOT/hdds-annotation-processing-1.3.0-SNAPSHOT.jar:/home/runner/.m2/repository/javax/annotation/javax.annotation-api/1.2/javax.annotation-api-1.2.jar:/home/runner/.m2/repository/org/apache/ratis/ratis-server/2.4.2-8b8bdda-SNAPSHOT/ratis-server-2.4.2-8b8bdda-SNAPSHOT.jar:/home/runner/.m2/repository/org/apache/ratis/ratis-client/2.4.2-8b8bdda-SNAPSHOT/ratis-client-2.4.2-8b8bdda-SNAPSHOT.jar:/home/runner/.m2/repository/org/apache/ratis/ratis-server-api/2.4.2-8b8bdda-SNAPSHOT/ratis-server-api-2.4.2-8b8bdda-SNAPSHOT.jar:/home/runner/.m2/repository/org/apache/ratis/ratis-metrics/2.4.2-8b8bdda-SNAPSHOT/ratis-metrics-2.4.2-8b8bdda-SNAPSHOT.jar:/home/runner/.m2/repository/org/apache/ratis/ratis-netty/2.4.2-8b8bdda-SNAPSHOT/ratis-netty-2.4.2-8b8bdda-SNAPSHOT.jar:/home/runner/.m2/repository/org/apache/ratis/ratis-grpc/2.4.2-8b8bdda-SNAPSHOT/ratis-grpc-2.4.2-8b8bdda-SNAPSHOT.jar:/home/runner/.m2/repository/org/apache/logging/log4j/log4j-api/2.17.1/log4j-api-2.17.1.jar:/home/runner/.m2/repository/org/apache/commons/commons-pool2/2.6.0/commons-pool2-2.6.0.jar:/home/runner/.m2/repository/org/bouncycastle/bcpkix-jdk15on/1.67/bcpkix-jdk15on-1.67.jar:/home/runner/.m2/repository/commons-validator/commons-validator/1.6/commons-validator-1.6.jar:/home/runner/.m2/repository/commons-beanutils/commons-beanutils/1.9.4/commons-beanutils-1.9.4.jar:/home/runner/.m2/repository/commons-digester/commons-digester/1.8.1/commons-digester-1.8.1.jar:/home/runner/.m2/repository/commons-collections/commons-collections/3.2.2/commons-collections-3.2.2.jar:/home/runner/.m2/repository/io/jaegertracing/jaeger-client/1.6.0/jaeger-client-1.6.0.jar:/home/runner/.m2/repository/io/jaegertracing/jaeger-thrift/1.6.0/jaeger-thrift-1.6.0.jar:/home/runner/.m2/repository/org/apache/thrift/libthrift/0.14.1/libthrift-0.14.1.jar:/home/runner/.m2/repository/io/jaegertracing/jaeger-core/1.6.0/jaeger-core-1.6.0.jar:/home/runner/.m2/repository/io/jaegertracing/jaeger-tracerresolver/1.6.0/jaeger-tracerresolver-1.6.0.jar:/home/runner/.m2/repository/io/opentracing/contrib/opentracing-tracerresolver/0.1.8/opentracing-tracerresolver-0.1.8.jar:/home/runner/.m2/repository/org/jetbrains/kotlin/kotlin-stdlib/1.6.21/kotlin-stdlib-1.6.21.jar:/home/runner/.m2/repository/org/jetbrains/annotations/13.0/annotations-13.0.jar:/home/runner/.m2/repository/io/opentracing/opentracing-util/0.33.0/opentracing-util-0.33.0.jar:/home/runner/.m2/repository/io/opentracing/opentracing-api/0.33.0/opentracing-api-0.33.0.jar:/home/runner/.m2/repository/io/opentracing/opentracing-noop/0.33.0/opentracing-noop-0.33.0.jar:/home/runner/.m2/repository/org/yaml/snakeyaml/1.33/snakeyaml-1.33.jar:/home/runner/.m2/repository/org/apache/ozone/hdds-interface-admin/1.3.0-SNAPSHOT/hdds-interface-admin-1.3.0-SNAPSHOT.jar:/home/runner/.m2/repository/junit/junit/4.13.1/junit-4.13.1.jar:/home/runner/.m2/repository/org/hamcrest/hamcrest-core/1.3/hamcrest-core-1.3.jar:/home/runner/.m2/repository/org/junit/jupiter/junit-jupiter-api/5.8.2/junit-jupiter-api-5.8.2.jar:/home/runner/.m2/repository/org/opentest4j/opentest4j/1.2.0/opentest4j-1.2.0.jar:/home/runner/.m2/repository/org/junit/platform/junit-platform-commons/1.8.2/junit-platform-commons-1.8.2.jar:/home/runner/.m2/repository/org/apiguardian/apiguardian-api/1.1.2/apiguardian-api-1.1.2.jar:/home/runner/.m2/repository/org/junit/jupiter/junit-jupiter-params/5.8.2/junit-jupiter-params-5.8.2.jar:/home/runner/.m2/repository/org/junit/jupiter/junit-jupiter-migrationsupport/5.8.2/junit-jupiter-migrationsupport-5.8.2.jar:/home/runner/.m2/repository/org/junit/jupiter/junit-jupiter-engine/5.8.2/junit-jupiter-engine-5.8.2.jar:/home/runner/.m2/repository/org/junit/platform/junit-platform-engine/1.8.2/junit-platform-engine-1.8.2.jar:/home/runner/.m2/repository/org/junit/vintage/junit-vintage-engine/5.8.2/junit-vintage-engine-5.8.2.jar:/home/runner/.m2/repository/org/junit/platform/junit-platform-launcher/1.8.2/junit-platform-launcher-1.8.2.jar:/home/runner/.m2/repository/org/mockito/mockito-core/2.28.2/mockito-core-2.28.2.jar:/home/runner/.m2/repository/net/bytebuddy/byte-buddy/1.9.10/byte-buddy-1.9.10.jar:/home/runner/.m2/repository/net/bytebuddy/byte-buddy-agent/1.9.10/byte-buddy-agent-1.9.10.jar:/home/runner/.m2/repository/org/objenesis/objenesis/1.0/objenesis-1.0.jar:/home/runner/.m2/repository/org/apache/hadoop/hadoop-kms/3.3.4/hadoop-kms-3.3.4.jar:/home/runner/.m2/repository/org/apache/hadoop/hadoop-auth/3.3.4/hadoop-auth-3.3.4.jar:/home/runner/.m2/repository/com/nimbusds/nimbus-jose-jwt/9.8.1/nimbus-jose-jwt-9.8.1.jar:/home/runner/.m2/repository/com/github/stephenc/jcip/jcip-annotations/1.0-1/jcip-annotations-1.0-1.jar:/home/runner/.m2/repository/net/minidev/json-smart/2.4.7/json-smart-2.4.7.jar:/home/runner/.m2/repository/net/minidev/accessors-smart/2.4.7/accessors-smart-2.4.7.jar:/home/runner/.m2/repository/org/ow2/asm/asm/5.0.4/asm-5.0.4.jar:/home/runner/.m2/repository/org/apache/zookeeper/zookeeper/3.5.6/zookeeper-3.5.6.jar:/home/runner/.m2/repository/org/apache/zookeeper/zookeeper-jute/3.5.6/zookeeper-jute-3.5.6.jar:/home/runner/.m2/repository/org/apache/yetus/audience-annotations/0.5.0/audience-annotations-0.5.0.jar:/home/runner/.m2/repository/org/apache/curator/curator-framework/4.2.0/curator-framework-4.2.0.jar:/home/runner/.m2/repository/org/apache/hadoop/thirdparty/hadoop-shaded-guava/1.1.1/hadoop-shaded-guava-1.1.1.jar:/home/runner/.m2/repository/com/sun/jersey/jersey-core/1.19/jersey-core-1.19.jar:/home/runner/.m2/repository/javax/ws/rs/jsr311-api/1.1.1/jsr311-api-1.1.1.jar:/home/runner/.m2/repository/com/sun/jersey/jersey-server/1.19/jersey-server-1.19.jar:/home/runner/.m2/repository/javax/servlet/javax.servlet-api/3.1.0/javax.servlet-api-3.1.0.jar:/home/runner/.m2/repository/org/eclipse/jetty/jetty-server/9.4.49.v20220914/jetty-server-9.4.49.v20220914.jar:/home/runner/.m2/repository/org/eclipse/jetty/jetty-http/9.4.49.v20220914/jetty-http-9.4.49.v20220914.jar:/home/runner/.m2/repository/org/eclipse/jetty/jetty-io/9.4.49.v20220914/jetty-io-9.4.49.v20220914.jar:/home/runner/.m2/repository/org/eclipse/jetty/jetty-webapp/9.4.49.v20220914/jetty-webapp-9.4.49.v20220914.jar:/home/runner/.m2/repository/org/eclipse/jetty/jetty-xml/9.4.49.v20220914/jetty-xml-9.4.49.v20220914.jar:/home/runner/.m2/repository/org/apache/hadoop/hadoop-common/3.3.4/hadoop-common-3.3.4.jar:/home/runner/.m2/repository/org/apache/commons/commons-math3/3.1.1/commons-math3-3.1.1.jar:/home/runner/.m2/repository/commons-net/commons-net/3.9.0/commons-net-3.9.0.jar:/home/runner/.m2/repository/com/sun/jersey/jersey-servlet/1.19/jersey-servlet-1.19.jar:/home/runner/.m2/repository/com/sun/jersey/jersey-json/1.19/jersey-json-1.19.jar:/home/runner/.m2/repository/org/codehaus/jettison/jettison/1.1/jettison-1.1.jar:/home/runner/.m2/repository/com/sun/xml/bind/jaxb-impl/2.2.3-1/jaxb-impl-2.2.3-1.jar:/home/runner/.m2/repository/org/codehaus/jackson/jackson-xc/1.9.2/jackson-xc-1.9.2.jar:/home/runner/.m2/repository/com/google/re2j/re2j/1.1/re2j-1.1.jar:/home/runner/.m2/repository/com/jcraft/jsch/0.1.54/jsch-0.1.54.jar:/home/runner/.m2/repository/org/apache/curator/curator-client/4.2.0/curator-client-4.2.0.jar:/home/runner/.m2/repository/org/apache/curator/curator-recipes/4.2.0/curator-recipes-4.2.0.jar:/home/runner/.m2/repository/org/apache/kerby/kerb-core/1.0.1/kerb-core-1.0.1.jar:/home/runner/.m2/repository/org/apache/kerby/kerby-pkix/1.0.1/kerby-pkix-1.0.1.jar:/home/runner/.m2/repository/org/apache/kerby/kerby-asn1/1.0.1/kerby-asn1-1.0.1.jar:/home/runner/.m2/repository/org/apache/kerby/kerby-util/1.0.1/kerby-util-1.0.1.jar:/home/runner/.m2/repository/dnsjava/dnsjava/2.1.7/dnsjava-2.1.7.jar:/home/runner/.m2/repository/org/xerial/snappy/snappy-java/1.1.8.2/snappy-java-1.1.8.2.jar:/home/runner/.m2/repository/org/eclipse/jetty/jetty-util/9.4.49.v20220914/jetty-util-9.4.49.v20220914.jar:/home/runner/.m2/repository/com/fasterxml/jackson/core/jackson-databind/2.13.4.2/jackson-databind-2.13.4.2.jar:/home/runner/.m2/repository/org/apache/hadoop/hadoop-kms/3.3.4/hadoop-kms-3.3.4-tests.jar:/home/runner/.m2/repository/org/apache/ozone/hdds-server-scm/1.3.0-SNAPSHOT/hdds-server-scm-1.3.0-SNAPSHOT-tests.jar:/home/runner/.m2/repository/org/apache/ozone/hdds-container-service/1.3.0-SNAPSHOT/hdds-container-service-1.3.0-SNAPSHOT-tests.jar:/home/runner/.m2/repository/commons-codec/commons-codec/1.15/commons-codec-1.15.jar:/home/runner/.m2/repository/io/netty/netty-codec/4.1.77.Final/netty-codec-4.1.77.Final.jar:/home/runner/.m2/repository/io/netty/netty-handler/4.1.77.Final/netty-handler-4.1.77.Final.jar:/home/runner/.m2/repository/org/apache/ozone/hdds-hadoop-dependency-test/1.3.0-SNAPSHOT/hdds-hadoop-dependency-test-1.3.0-SNAPSHOT.jar:/home/runner/.m2/repository/org/apache/hadoop/hadoop-common/3.3.4/hadoop-common-3.3.4-tests.jar:/home/runner/.m2/repository/org/apache/hadoop/hadoop-hdfs/3.3.4/hadoop-hdfs-3.3.4-tests.jar:/home/runner/.m2/repository/org/assertj/assertj-core/3.12.2/assertj-core-3.12.2.jar:/home/runner/.m2/repository/org/apache/hadoop/hadoop-distcp/3.3.4/hadoop-distcp-3.3.4.jar:/home/runner/.m2/repository/org/apache/hadoop/hadoop-mapreduce-client-jobclient/3.3.4/hadoop-mapreduce-client-jobclient-3.3.4.jar:/home/runner/.m2/repository/org/apache/hadoop/hadoop-mapreduce-client-common/3.3.4/hadoop-mapreduce-client-common-3.3.4.jar:/home/runner/.m2/repository/org/apache/hadoop/hadoop-yarn-common/3.3.4/hadoop-yarn-common-3.3.4.jar:/home/runner/.m2/repository/org/apache/hadoop/hadoop-yarn-api/3.3.4/hadoop-yarn-api-3.3.4.jar:/home/runner/.m2/repository/com/sun/jersey/contribs/jersey-guice/1.19/jersey-guice-1.19.jar:/home/runner/.m2/repository/com/fasterxml/jackson/jaxrs/jackson-jaxrs-json-provider/2.13.4/jackson-jaxrs-json-provider-2.13.4.jar:/home/runner/.m2/repository/com/fasterxml/jackson/jaxrs/jackson-jaxrs-base/2.13.4/jackson-jaxrs-base-2.13.4.jar:/home/runner/.m2/repository/org/apache/hadoop/hadoop-yarn-client/3.3.4/hadoop-yarn-client-3.3.4.jar:/home/runner/.m2/repository/org/eclipse/jetty/websocket/websocket-client/9.4.43.v20210629/websocket-client-9.4.43.v20210629.jar:/home/runner/.m2/repository/org/eclipse/jetty/websocket/websocket-common/9.4.43.v20210629/websocket-common-9.4.43.v20210629.jar:/home/runner/.m2/repository/org/eclipse/jetty/websocket/websocket-api/9.4.43.v20210629/websocket-api-9.4.43.v20210629.jar:/home/runner/.m2/repository/org/jline/jline/3.9.0/jline-3.9.0.jar:/home/runner/.m2/repository/org/apache/hadoop/hadoop-mapreduce-client-core/3.3.4/hadoop-mapreduce-client-core-3.3.4.jar:/home/runner/.m2/repository/org/apache/avro/avro/1.7.7/avro-1.7.7.jar:/home/runner/.m2/repository/org/codehaus/jackson/jackson-core-asl/1.9.13/jackson-core-asl-1.9.13.jar:/home/runner/.m2/repository/org/codehaus/jackson/jackson-mapper-asl/1.9.13/jackson-mapper-asl-1.9.13.jar:/home/runner/.m2/repository/com/thoughtworks/paranamer/paranamer/2.3/paranamer-2.3.jar:/home/runner/.m2/repository/org/apache/hadoop/hadoop-annotations/3.3.4/hadoop-annotations-3.3.4.jar:/usr/lib/jvm/temurin-8-jdk-amd64/jre/../lib/tools.jar:/home/runner/.m2/repository/io/netty/netty/3.10.6.Final/netty-3.10.6.Final.jar:/home/runner/.m2/repository/org/apache/hadoop/hadoop-distcp/3.3.4/hadoop-distcp-3.3.4-tests.jar:/home/runner/.m2/repository/org/slf4j/jul-to-slf4j/1.7.36/jul-to-slf4j-1.7.36.jar:/home/runner/.m2/repository/org/apache/ratis/ratis-common/2.4.2-8b8bdda-SNAPSHOT/ratis-common-2.4.2-8b8bdda-SNAPSHOT.jar:/home/runner/.m2/repository/org/apache/ratis/ratis-thirdparty-misc/1.0.3/ratis-thirdparty-misc-1.0.3.jar:/home/runner/.m2/repository/org/apache/ratis/ratis-proto/2.4.2-8b8bdda-SNAPSHOT/ratis-proto-2.4.2-8b8bdda-SNAPSHOT.jar:"/>
    <property name="java.vm.vendor" value="Temurin"/>
    <property name="sun.arch.data.model" value="64"/>
    <property name="test.build.dir" value="/home/runner/work/ozone/ozone/hadoop-ozone/integration-test/target/test-dir"/>
    <property name="test.cache.data" value=""/>
    <property name="java.vendor.url" value="https://adoptium.net/"/>
    <property name="user.timezone" value="Etc/UTC"/>
    <property name="java.vm.specification.version" value="1.8"/>
    <property name="os.name" value="Linux"/>
    <property name="test.build.data" value="/home/runner/work/ozone/ozone/hadoop-ozone/integration-test/target/test-dir"/>
    <property name="sun.java.launcher" value="SUN_STANDARD"/>
    <property name="sun.boot.library.path" value="/usr/lib/jvm/temurin-8-jdk-amd64/jre/lib/amd64"/>
    <property name="sun.java.command" value="/home/runner/work/ozone/ozone/hadoop-ozone/integration-test/target/surefire/surefirebooter5219359137130728688.jar /home/runner/work/ozone/ozone/hadoop-ozone/integration-test/target/surefire 2022-12-15T22-21-33_122-jvmRun1 surefire337219911705322793tmp surefire_05385961482636304237tmp"/>
    <property name="surefire.test.class.path" value="/home/runner/work/ozone/ozone/hadoop-ozone/integration-test/target/test-classes:/home/runner/work/ozone/ozone/hadoop-ozone/integration-test/target/classes:/home/runner/.m2/repository/org/apache/ozone/ozone-common/1.3.0-SNAPSHOT/ozone-common-1.3.0-SNAPSHOT.jar:/home/runner/.m2/repository/io/grpc/grpc-netty/1.48.1/grpc-netty-1.48.1.jar:/home/runner/.m2/repository/io/grpc/grpc-core/1.48.1/grpc-core-1.48.1.jar:/home/runner/.m2/repository/com/google/android/annotations/4.1.1.4/annotations-4.1.1.4.jar:/home/runner/.m2/repository/org/codehaus/mojo/animal-sniffer-annotations/1.21/animal-sniffer-annotations-1.21.jar:/home/runner/.m2/repository/com/google/errorprone/error_prone_annotations/2.2.0/error_prone_annotations-2.2.0.jar:/home/runner/.m2/repository/io/perfmark/perfmark-api/0.25.0/perfmark-api-0.25.0.jar:/home/runner/.m2/repository/io/netty/netty-codec-http2/4.1.77.Final/netty-codec-http2-4.1.77.Final.jar:/home/runner/.m2/repository/io/netty/netty-common/4.1.77.Final/netty-common-4.1.77.Final.jar:/home/runner/.m2/repository/io/netty/netty-buffer/4.1.77.Final/netty-buffer-4.1.77.Final.jar:/home/runner/.m2/repository/io/netty/netty-codec-http/4.1.77.Final/netty-codec-http-4.1.77.Final.jar:/home/runner/.m2/repository/io/netty/netty-handler-proxy/4.1.77.Final/netty-handler-proxy-4.1.77.Final.jar:/home/runner/.m2/repository/io/netty/netty-codec-socks/4.1.77.Final/netty-codec-socks-4.1.77.Final.jar:/home/runner/.m2/repository/io/netty/netty-tcnative-boringssl-static/2.0.52.Final/netty-tcnative-boringssl-static-2.0.52.Final.jar:/home/runner/.m2/repository/io/netty/netty-tcnative-classes/2.0.52.Final/netty-tcnative-classes-2.0.52.Final.jar:/home/runner/.m2/repository/io/netty/netty-tcnative-boringssl-static/2.0.52.Final/netty-tcnative-boringssl-static-2.0.52.Final-linux-x86_64.jar:/home/runner/.m2/repository/io/netty/netty-tcnative-boringssl-static/2.0.52.Final/netty-tcnative-boringssl-static-2.0.52.Final-linux-aarch_64.jar:/home/runner/.m2/repository/io/netty/netty-tcnative-boringssl-static/2.0.52.Final/netty-tcnative-boringssl-static-2.0.52.Final-osx-x86_64.jar:/home/runner/.m2/repository/io/netty/netty-tcnative-boringssl-static/2.0.52.Final/netty-tcnative-boringssl-static-2.0.52.Final-osx-aarch_64.jar:/home/runner/.m2/repository/io/netty/netty-tcnative-boringssl-static/2.0.52.Final/netty-tcnative-boringssl-static-2.0.52.Final-windows-x86_64.jar:/home/runner/.m2/repository/org/apache/commons/commons-compress/1.21/commons-compress-1.21.jar:/home/runner/.m2/repository/org/apache/ozone/hdds-common/1.3.0-SNAPSHOT/hdds-common-1.3.0-SNAPSHOT.jar:/home/runner/.m2/repository/org/apache/ozone/hdds-client/1.3.0-SNAPSHOT/hdds-client-1.3.0-SNAPSHOT.jar:/home/runner/.m2/repository/org/apache/ozone/ozone-interface-client/1.3.0-SNAPSHOT/ozone-interface-client-1.3.0-SNAPSHOT.jar:/home/runner/.m2/repository/org/apache/ozone/hdds-test-utils/1.3.0-SNAPSHOT/hdds-test-utils-1.3.0-SNAPSHOT.jar:/home/runner/.m2/repository/com/google/guava/guava/31.1-jre/guava-31.1-jre.jar:/home/runner/.m2/repository/com/google/guava/failureaccess/1.0.1/failureaccess-1.0.1.jar:/home/runner/.m2/repository/com/google/guava/listenablefuture/9999.0-empty-to-avoid-conflict-with-guava/listenablefuture-9999.0-empty-to-avoid-conflict-with-guava.jar:/home/runner/.m2/repository/com/google/code/findbugs/jsr305/3.0.0/jsr305-3.0.0.jar:/home/runner/.m2/repository/org/checkerframework/checker-qual/3.12.0/checker-qual-3.12.0.jar:/home/runner/.m2/repository/com/google/j2objc/j2objc-annotations/1.3/j2objc-annotations-1.3.jar:/home/runner/.m2/repository/commons-io/commons-io/2.11.0/commons-io-2.11.0.jar:/home/runner/.m2/repository/commons-logging/commons-logging/1.2/commons-logging-1.2.jar:/home/runner/.m2/repository/ch/qos/reload4j/reload4j/1.2.22/reload4j-1.2.22.jar:/home/runner/.m2/repository/org/slf4j/slf4j-api/1.7.36/slf4j-api-1.7.36.jar:/home/runner/.m2/repository/org/apache/ozone/hdds-server-scm/1.3.0-SNAPSHOT/hdds-server-scm-1.3.0-SNAPSHOT.jar:/home/runner/.m2/repository/org/apache/ozone/hdds-container-service/1.3.0-SNAPSHOT/hdds-container-service-1.3.0-SNAPSHOT.jar:/home/runner/.m2/repository/org/apache/ozone/hdds-hadoop-dependency-server/1.3.0-SNAPSHOT/hdds-hadoop-dependency-server-1.3.0-SNAPSHOT.jar:/home/runner/.m2/repository/org/apache/hadoop/hadoop-hdfs/3.3.4/hadoop-hdfs-3.3.4.jar:/home/runner/.m2/repository/org/eclipse/jetty/jetty-util-ajax/9.4.49.v20220914/jetty-util-ajax-9.4.49.v20220914.jar:/home/runner/.m2/repository/commons-daemon/commons-daemon/1.0.13/commons-daemon-1.0.13.jar:/home/runner/.m2/repository/org/apache/ozone/hdds-server-framework/1.3.0-SNAPSHOT/hdds-server-framework-1.3.0-SNAPSHOT.jar:/home/runner/.m2/repository/org/apache/ozone/hdds-interface-server/1.3.0-SNAPSHOT/hdds-interface-server-1.3.0-SNAPSHOT.jar:/home/runner/.m2/repository/org/apache/commons/commons-configuration2/2.1.1/commons-configuration2-2.1.1.jar:/home/runner/.m2/repository/org/apache/logging/log4j/log4j-core/2.17.1/log4j-core-2.17.1.jar:/home/runner/.m2/repository/com/lmax/disruptor/3.4.2/disruptor-3.4.2.jar:/home/runner/.m2/repository/org/eclipse/jetty/jetty-servlet/9.4.49.v20220914/jetty-servlet-9.4.49.v20220914.jar:/home/runner/.m2/repository/org/eclipse/jetty/jetty-security/9.4.49.v20220914/jetty-security-9.4.49.v20220914.jar:/home/runner/.m2/repository/org/rocksdb/rocksdbjni/7.7.3/rocksdbjni-7.7.3.jar:/home/runner/.m2/repository/io/prometheus/simpleclient_dropwizard/0.7.0/simpleclient_dropwizard-0.7.0.jar:/home/runner/.m2/repository/io/prometheus/simpleclient/0.7.0/simpleclient-0.7.0.jar:/home/runner/.m2/repository/io/prometheus/simpleclient_common/0.7.0/simpleclient_common-0.7.0.jar:/home/runner/.m2/repository/com/github/spotbugs/spotbugs-annotations/3.1.12/spotbugs-annotations-3.1.12.jar:/home/runner/.m2/repository/io/dropwizard/metrics/metrics-core/3.2.4/metrics-core-3.2.4.jar:/home/runner/.m2/repository/org/apache/commons/commons-text/1.4/commons-text-1.4.jar:/home/runner/.m2/repository/org/apache/hadoop/hadoop-hdfs-client/3.3.4/hadoop-hdfs-client-3.3.4.jar:/home/runner/.m2/repository/com/squareup/okhttp3/okhttp/4.9.3/okhttp-4.9.3.jar:/home/runner/.m2/repository/com/squareup/okio/okio/2.8.0/okio-2.8.0.jar:/home/runner/.m2/repository/org/jetbrains/kotlin/kotlin-stdlib-common/1.4.10/kotlin-stdlib-common-1.4.10.jar:/home/runner/.m2/repository/org/bouncycastle/bcprov-jdk15on/1.67/bcprov-jdk15on-1.67.jar:/home/runner/.m2/repository/com/google/protobuf/protobuf-java/2.5.0/protobuf-java-2.5.0.jar:/home/runner/.m2/repository/org/apache/ozone/ozone-manager/1.3.0-SNAPSHOT/ozone-manager-1.3.0-SNAPSHOT.jar:/home/runner/.m2/repository/org/aspectj/aspectjrt/1.9.7/aspectjrt-1.9.7.jar:/home/runner/.m2/repository/org/aspectj/aspectjweaver/1.9.7/aspectjweaver-1.9.7.jar:/home/runner/.m2/repository/org/apache/ozone/hdds-interface-client/1.3.0-SNAPSHOT/hdds-interface-client-1.3.0-SNAPSHOT.jar:/home/runner/.m2/repository/org/apache/hadoop/thirdparty/hadoop-shaded-protobuf_3_7/1.1.1/hadoop-shaded-protobuf_3_7-1.1.1.jar:/home/runner/.m2/repository/org/apache/ozone/ozone-interface-storage/1.3.0-SNAPSHOT/ozone-interface-storage-1.3.0-SNAPSHOT.jar:/home/runner/.m2/repository/org/reflections/reflections/0.9.11/reflections-0.9.11.jar:/home/runner/.m2/repository/com/sun/jersey/jersey-client/1.19/jersey-client-1.19.jar:/home/runner/.m2/repository/org/apache/ranger/ranger-intg/2.3.0/ranger-intg-2.3.0.jar:/home/runner/.m2/repository/org/apache/ranger/ranger-plugins-common/2.3.0/ranger-plugins-common-2.3.0.jar:/home/runner/.m2/repository/commons-lang/commons-lang/2.6/commons-lang-2.6.jar:/home/runner/.m2/repository/org/codehaus/jackson/jackson-jaxrs/1.9.13/jackson-jaxrs-1.9.13.jar:/home/runner/.m2/repository/org/apache/ranger/ranger-plugins-cred/2.3.0/ranger-plugins-cred-2.3.0.jar:/home/runner/.m2/repository/org/apache/ranger/ranger-plugins-audit/2.3.0/ranger-plugins-audit-2.3.0.jar:/home/runner/.m2/repository/org/eclipse/jetty/jetty-client/9.4.31.v20200723/jetty-client-9.4.31.v20200723.jar:/home/runner/.m2/repository/org/apache/httpcomponents/httpmime/4.5.6/httpmime-4.5.6.jar:/home/runner/.m2/repository/org/apache/httpcomponents/httpcore-nio/4.4.6/httpcore-nio-4.4.6.jar:/home/runner/.m2/repository/org/apache/httpcomponents/httpasyncclient/4.1.3/httpasyncclient-4.1.3.jar:/home/runner/.m2/repository/com/carrotsearch/hppc/0.8.0/hppc-0.8.0.jar:/home/runner/.m2/repository/org/apache/orc/orc-core/1.5.8/orc-core-1.5.8.jar:/home/runner/.m2/repository/net/java/dev/jna/jna/5.2.0/jna-5.2.0.jar:/home/runner/.m2/repository/net/java/dev/jna/jna-platform/5.2.0/jna-platform-5.2.0.jar:/home/runner/.m2/repository/com/kstruct/gethostname4j/0.0.2/gethostname4j-0.0.2.jar:/home/runner/.m2/repository/org/apache/ranger/ranger-plugin-classloader/2.3.0/ranger-plugin-classloader-2.3.0.jar:/home/runner/.m2/repository/org/apache/hadoop/hadoop-minikdc/3.3.4/hadoop-minikdc-3.3.4.jar:/home/runner/.m2/repository/org/apache/kerby/kerb-simplekdc/1.0.1/kerb-simplekdc-1.0.1.jar:/home/runner/.m2/repository/org/apache/kerby/kerb-client/1.0.1/kerb-client-1.0.1.jar:/home/runner/.m2/repository/org/apache/kerby/kerby-config/1.0.1/kerby-config-1.0.1.jar:/home/runner/.m2/repository/org/apache/kerby/kerb-common/1.0.1/kerb-common-1.0.1.jar:/home/runner/.m2/repository/org/apache/kerby/kerb-crypto/1.0.1/kerb-crypto-1.0.1.jar:/home/runner/.m2/repository/org/apache/kerby/kerb-util/1.0.1/kerb-util-1.0.1.jar:/home/runner/.m2/repository/org/apache/kerby/token-provider/1.0.1/token-provider-1.0.1.jar:/home/runner/.m2/repository/org/apache/kerby/kerb-admin/1.0.1/kerb-admin-1.0.1.jar:/home/runner/.m2/repository/org/apache/kerby/kerb-server/1.0.1/kerb-server-1.0.1.jar:/home/runner/.m2/repository/org/apache/kerby/kerb-identity/1.0.1/kerb-identity-1.0.1.jar:/home/runner/.m2/repository/org/apache/kerby/kerby-xdr/1.0.1/kerby-xdr-1.0.1.jar:/home/runner/.m2/repository/org/apache/ozone/ozone-s3gateway/1.3.0-SNAPSHOT/ozone-s3gateway-1.3.0-SNAPSHOT.jar:/home/runner/.m2/repository/org/javassist/javassist/3.21.0-GA/javassist-3.21.0-GA.jar:/home/runner/.m2/repository/org/jboss/weld/servlet/weld-servlet/2.4.7.Final/weld-servlet-2.4.7.Final.jar:/home/runner/.m2/repository/org/glassfish/jersey/containers/jersey-container-servlet-core/2.34/jersey-container-servlet-core-2.34.jar:/home/runner/.m2/repository/org/glassfish/hk2/external/jakarta.inject/2.6.1/jakarta.inject-2.6.1.jar:/home/runner/.m2/repository/org/glassfish/jersey/core/jersey-common/2.34/jersey-common-2.34.jar:/home/runner/.m2/repository/jakarta/ws/rs/jakarta.ws.rs-api/2.1.6/jakarta.ws.rs-api-2.1.6.jar:/home/runner/.m2/repository/org/glassfish/jersey/ext/cdi/jersey-cdi1x/2.34/jersey-cdi1x-2.34.jar:/home/runner/.m2/repository/org/glassfish/jersey/inject/jersey-hk2/2.34/jersey-hk2-2.34.jar:/home/runner/.m2/repository/org/glassfish/hk2/hk2-locator/2.6.1/hk2-locator-2.6.1.jar:/home/runner/.m2/repository/org/glassfish/jersey/media/jersey-media-jaxb/2.34/jersey-media-jaxb-2.34.jar:/home/runner/.m2/repository/org/glassfish/hk2/osgi-resource-locator/1.0.3/osgi-resource-locator-1.0.3.jar:/home/runner/.m2/repository/org/glassfish/hk2/hk2-api/2.5.0/hk2-api-2.5.0.jar:/home/runner/.m2/repository/org/glassfish/hk2/hk2-utils/2.5.0/hk2-utils-2.5.0.jar:/home/runner/.m2/repository/org/glassfish/hk2/external/aopalliance-repackaged/2.5.0/aopalliance-repackaged-2.5.0.jar:/home/runner/.m2/repository/com/fasterxml/jackson/dataformat/jackson-dataformat-xml/2.13.4/jackson-dataformat-xml-2.13.4.jar:/home/runner/.m2/repository/com/fasterxml/jackson/core/jackson-core/2.13.4/jackson-core-2.13.4.jar:/home/runner/.m2/repository/org/codehaus/woodstox/stax2-api/4.2.1/stax2-api-4.2.1.jar:/home/runner/.m2/repository/com/fasterxml/woodstox/woodstox-core/5.4.0/woodstox-core-5.4.0.jar:/home/runner/.m2/repository/com/fasterxml/jackson/module/jackson-module-jaxb-annotations/2.13.4/jackson-module-jaxb-annotations-2.13.4.jar:/home/runner/.m2/repository/jakarta/xml/bind/jakarta.xml.bind-api/2.3.3/jakarta.xml.bind-api-2.3.3.jar:/home/runner/.m2/repository/jakarta/activation/jakarta.activation-api/1.2.1/jakarta.activation-api-1.2.1.jar:/home/runner/.m2/repository/javax/enterprise/cdi-api/1.2/cdi-api-1.2.jar:/home/runner/.m2/repository/javax/el/javax.el-api/3.0.0/javax.el-api-3.0.0.jar:/home/runner/.m2/repository/javax/interceptor/javax.interceptor-api/1.2/javax.interceptor-api-1.2.jar:/home/runner/.m2/repository/javax/inject/javax.inject/1/javax.inject-1.jar:/home/runner/.m2/repository/javax/xml/bind/jaxb-api/2.3.0/jaxb-api-2.3.0.jar:/home/runner/.m2/repository/org/glassfish/jaxb/jaxb-runtime/2.3.0.1/jaxb-runtime-2.3.0.1.jar:/home/runner/.m2/repository/org/glassfish/jaxb/jaxb-core/2.3.0.1/jaxb-core-2.3.0.1.jar:/home/runner/.m2/repository/org/glassfish/jaxb/txw2/2.3.0.1/txw2-2.3.0.1.jar:/home/runner/.m2/repository/com/sun/istack/istack-commons-runtime/3.0.5/istack-commons-runtime-3.0.5.jar:/home/runner/.m2/repository/org/jvnet/staxex/stax-ex/1.7.8/stax-ex-1.7.8.jar:/home/runner/.m2/repository/com/sun/xml/fastinfoset/FastInfoset/1.2.13/FastInfoset-1.2.13.jar:/home/runner/.m2/repository/javax/activation/activation/1.1.1/activation-1.1.1.jar:/home/runner/.m2/repository/io/grpc/grpc-protobuf/1.48.1/grpc-protobuf-1.48.1.jar:/home/runner/.m2/repository/io/grpc/grpc-api/1.48.1/grpc-api-1.48.1.jar:/home/runner/.m2/repository/io/grpc/grpc-context/1.48.1/grpc-context-1.48.1.jar:/home/runner/.m2/repository/com/google/api/grpc/proto-google-common-protos/2.9.0/proto-google-common-protos-2.9.0.jar:/home/runner/.m2/repository/io/grpc/grpc-protobuf-lite/1.48.1/grpc-protobuf-lite-1.48.1.jar:/home/runner/.m2/repository/io/grpc/grpc-stub/1.48.1/grpc-stub-1.48.1.jar:/home/runner/.m2/repository/io/netty/netty-transport/4.1.77.Final/netty-transport-4.1.77.Final.jar:/home/runner/.m2/repository/io/netty/netty-resolver/4.1.77.Final/netty-resolver-4.1.77.Final.jar:/home/runner/.m2/repository/org/apache/ozone/ozone-csi/1.3.0-SNAPSHOT/ozone-csi-1.3.0-SNAPSHOT.jar:/home/runner/.m2/repository/com/google/protobuf/protobuf-java-util/3.19.6/protobuf-java-util-3.19.6.jar:/home/runner/.m2/repository/com/google/code/gson/gson/2.9.0/gson-2.9.0.jar:/home/runner/.m2/repository/org/apache/ozone/hdds-config/1.3.0-SNAPSHOT/hdds-config-1.3.0-SNAPSHOT.jar:/home/runner/.m2/repository/io/netty/netty-transport-native-epoll/4.1.77.Final/netty-transport-native-epoll-4.1.77.Final-linux-x86_64.jar:/home/runner/.m2/repository/io/netty/netty-transport-classes-epoll/4.1.77.Final/netty-transport-classes-epoll-4.1.77.Final.jar:/home/runner/.m2/repository/io/netty/netty-transport-native-unix-common/4.1.77.Final/netty-transport-native-unix-common-4.1.77.Final.jar:/home/runner/.m2/repository/org/slf4j/slf4j-reload4j/1.7.36/slf4j-reload4j-1.7.36.jar:/home/runner/.m2/repository/org/apache/ozone/ozone-recon/1.3.0-SNAPSHOT/ozone-recon-1.3.0-SNAPSHOT.jar:/home/runner/.m2/repository/org/apache/ozone/ozone-reconcodegen/1.3.0-SNAPSHOT/ozone-reconcodegen-1.3.0-SNAPSHOT.jar:/home/runner/.m2/repository/com/google/inject/extensions/guice-multibindings/4.0/guice-multibindings-4.0.jar:/home/runner/.m2/repository/com/google/inject/guice/4.0/guice-4.0.jar:/home/runner/.m2/repository/aopalliance/aopalliance/1.0/aopalliance-1.0.jar:/home/runner/.m2/repository/com/google/inject/extensions/guice-assistedinject/4.0/guice-assistedinject-4.0.jar:/home/runner/.m2/repository/com/google/inject/extensions/guice-servlet/4.0/guice-servlet-4.0.jar:/home/runner/.m2/repository/org/glassfish/jersey/containers/jersey-container-servlet/2.34/jersey-container-servlet-2.34.jar:/home/runner/.m2/repository/org/glassfish/hk2/guice-bridge/2.5.0/guice-bridge-2.5.0.jar:/home/runner/.m2/repository/org/glassfish/jersey/core/jersey-server/2.34/jersey-server-2.34.jar:/home/runner/.m2/repository/org/glassfish/jersey/core/jersey-client/2.34/jersey-client-2.34.jar:/home/runner/.m2/repository/jakarta/annotation/jakarta.annotation-api/1.3.5/jakarta.annotation-api-1.3.5.jar:/home/runner/.m2/repository/jakarta/validation/jakarta.validation-api/2.0.2/jakarta.validation-api-2.0.2.jar:/home/runner/.m2/repository/org/glassfish/jersey/media/jersey-media-json-jackson/2.34/jersey-media-json-jackson-2.34.jar:/home/runner/.m2/repository/org/glassfish/jersey/ext/jersey-entity-filtering/2.34/jersey-entity-filtering-2.34.jar:/home/runner/.m2/repository/org/jooq/jooq/3.11.10/jooq-3.11.10.jar:/home/runner/.m2/repository/org/jooq/jooq-meta/3.11.10/jooq-meta-3.11.10.jar:/home/runner/.m2/repository/org/jooq/jooq-codegen/3.11.10/jooq-codegen-3.11.10.jar:/home/runner/.m2/repository/com/jolbox/bonecp/0.8.0.RELEASE/bonecp-0.8.0.RELEASE.jar:/home/runner/.m2/repository/org/apache/derby/derby/10.14.2.0/derby-10.14.2.0.jar:/home/runner/.m2/repository/org/xerial/sqlite-jdbc/3.25.2/sqlite-jdbc-3.25.2.jar:/home/runner/.m2/repository/org/springframework/spring-jdbc/5.3.23/spring-jdbc-5.3.23.jar:/home/runner/.m2/repository/org/springframework/spring-beans/5.3.23/spring-beans-5.3.23.jar:/home/runner/.m2/repository/org/springframework/spring-core/5.3.23/spring-core-5.3.23.jar:/home/runner/.m2/repository/org/springframework/spring-jcl/5.3.23/spring-jcl-5.3.23.jar:/home/runner/.m2/repository/org/springframework/spring-tx/5.3.23/spring-tx-5.3.23.jar:/home/runner/.m2/repository/org/apache/ozone/ozone-client/1.3.0-SNAPSHOT/ozone-client-1.3.0-SNAPSHOT.jar:/home/runner/.m2/repository/org/apache/ozone/hdds-erasurecode/1.3.0-SNAPSHOT/hdds-erasurecode-1.3.0-SNAPSHOT.jar:/home/runner/.m2/repository/org/apache/ozone/ozone-filesystem/1.3.0-SNAPSHOT/ozone-filesystem-1.3.0-SNAPSHOT.jar:/home/runner/.m2/repository/org/apache/ozone/ozone-filesystem-common/1.3.0-SNAPSHOT/ozone-filesystem-common-1.3.0-SNAPSHOT.jar:/home/runner/.m2/repository/org/apache/ozone/ozone-tools/1.3.0-SNAPSHOT/ozone-tools-1.3.0-SNAPSHOT.jar:/home/runner/.m2/repository/org/apache/ratis/ratis-tools/2.4.2-8b8bdda-SNAPSHOT/ratis-tools-2.4.2-8b8bdda-SNAPSHOT.jar:/home/runner/.m2/repository/com/amazonaws/aws-java-sdk-core/1.12.261/aws-java-sdk-core-1.12.261.jar:/home/runner/.m2/repository/org/apache/httpcomponents/httpclient/4.5.13/httpclient-4.5.13.jar:/home/runner/.m2/repository/org/apache/httpcomponents/httpcore/4.4.13/httpcore-4.4.13.jar:/home/runner/.m2/repository/software/amazon/ion/ion-java/1.0.2/ion-java-1.0.2.jar:/home/runner/.m2/repository/com/fasterxml/jackson/dataformat/jackson-dataformat-cbor/2.13.4/jackson-dataformat-cbor-2.13.4.jar:/home/runner/.m2/repository/joda-time/joda-time/2.8.1/joda-time-2.8.1.jar:/home/runner/.m2/repository/com/amazonaws/aws-java-sdk-s3/1.12.261/aws-java-sdk-s3-1.12.261.jar:/home/runner/.m2/repository/com/amazonaws/aws-java-sdk-kms/1.12.261/aws-java-sdk-kms-1.12.261.jar:/home/runner/.m2/repository/com/amazonaws/jmespath-java/1.12.261/jmespath-java-1.12.261.jar:/home/runner/.m2/repository/org/kohsuke/metainf-services/metainf-services/1.8/metainf-services-1.8.jar:/home/runner/.m2/repository/org/apache/ozone/hdds-tools/1.3.0-SNAPSHOT/hdds-tools-1.3.0-SNAPSHOT.jar:/home/runner/.m2/repository/commons-cli/commons-cli/1.2/commons-cli-1.2.jar:/home/runner/.m2/repository/org/apache/commons/commons-lang3/3.7/commons-lang3-3.7.jar:/home/runner/.m2/repository/org/apache/ozone/ozone-manager/1.3.0-SNAPSHOT/ozone-manager-1.3.0-SNAPSHOT-tests.jar:/home/runner/.m2/repository/org/apache/ozone/hdds-common/1.3.0-SNAPSHOT/hdds-common-1.3.0-SNAPSHOT-tests.jar:/home/runner/.m2/repository/org/apache/ozone/hdds-hadoop-dependency-client/1.3.0-SNAPSHOT/hdds-hadoop-dependency-client-1.3.0-SNAPSHOT.jar:/home/runner/.m2/repository/info/picocli/picocli/4.6.1/picocli-4.6.1.jar:/home/runner/.m2/repository/com/fasterxml/jackson/core/jackson-annotations/2.13.4/jackson-annotations-2.13.4.jar:/home/runner/.m2/repository/com/fasterxml/jackson/datatype/jackson-datatype-jsr310/2.13.4/jackson-datatype-jsr310-2.13.4.jar:/home/runner/.m2/repository/org/apache/ozone/hdds-annotation-processing/1.3.0-SNAPSHOT/hdds-annotation-processing-1.3.0-SNAPSHOT.jar:/home/runner/.m2/repository/javax/annotation/javax.annotation-api/1.2/javax.annotation-api-1.2.jar:/home/runner/.m2/repository/org/apache/ratis/ratis-server/2.4.2-8b8bdda-SNAPSHOT/ratis-server-2.4.2-8b8bdda-SNAPSHOT.jar:/home/runner/.m2/repository/org/apache/ratis/ratis-client/2.4.2-8b8bdda-SNAPSHOT/ratis-client-2.4.2-8b8bdda-SNAPSHOT.jar:/home/runner/.m2/repository/org/apache/ratis/ratis-server-api/2.4.2-8b8bdda-SNAPSHOT/ratis-server-api-2.4.2-8b8bdda-SNAPSHOT.jar:/home/runner/.m2/repository/org/apache/ratis/ratis-metrics/2.4.2-8b8bdda-SNAPSHOT/ratis-metrics-2.4.2-8b8bdda-SNAPSHOT.jar:/home/runner/.m2/repository/org/apache/ratis/ratis-netty/2.4.2-8b8bdda-SNAPSHOT/ratis-netty-2.4.2-8b8bdda-SNAPSHOT.jar:/home/runner/.m2/repository/org/apache/ratis/ratis-grpc/2.4.2-8b8bdda-SNAPSHOT/ratis-grpc-2.4.2-8b8bdda-SNAPSHOT.jar:/home/runner/.m2/repository/org/apache/logging/log4j/log4j-api/2.17.1/log4j-api-2.17.1.jar:/home/runner/.m2/repository/org/apache/commons/commons-pool2/2.6.0/commons-pool2-2.6.0.jar:/home/runner/.m2/repository/org/bouncycastle/bcpkix-jdk15on/1.67/bcpkix-jdk15on-1.67.jar:/home/runner/.m2/repository/commons-validator/commons-validator/1.6/commons-validator-1.6.jar:/home/runner/.m2/repository/commons-beanutils/commons-beanutils/1.9.4/commons-beanutils-1.9.4.jar:/home/runner/.m2/repository/commons-digester/commons-digester/1.8.1/commons-digester-1.8.1.jar:/home/runner/.m2/repository/commons-collections/commons-collections/3.2.2/commons-collections-3.2.2.jar:/home/runner/.m2/repository/io/jaegertracing/jaeger-client/1.6.0/jaeger-client-1.6.0.jar:/home/runner/.m2/repository/io/jaegertracing/jaeger-thrift/1.6.0/jaeger-thrift-1.6.0.jar:/home/runner/.m2/repository/org/apache/thrift/libthrift/0.14.1/libthrift-0.14.1.jar:/home/runner/.m2/repository/io/jaegertracing/jaeger-core/1.6.0/jaeger-core-1.6.0.jar:/home/runner/.m2/repository/io/jaegertracing/jaeger-tracerresolver/1.6.0/jaeger-tracerresolver-1.6.0.jar:/home/runner/.m2/repository/io/opentracing/contrib/opentracing-tracerresolver/0.1.8/opentracing-tracerresolver-0.1.8.jar:/home/runner/.m2/repository/org/jetbrains/kotlin/kotlin-stdlib/1.6.21/kotlin-stdlib-1.6.21.jar:/home/runner/.m2/repository/org/jetbrains/annotations/13.0/annotations-13.0.jar:/home/runner/.m2/repository/io/opentracing/opentracing-util/0.33.0/opentracing-util-0.33.0.jar:/home/runner/.m2/repository/io/opentracing/opentracing-api/0.33.0/opentracing-api-0.33.0.jar:/home/runner/.m2/repository/io/opentracing/opentracing-noop/0.33.0/opentracing-noop-0.33.0.jar:/home/runner/.m2/repository/org/yaml/snakeyaml/1.33/snakeyaml-1.33.jar:/home/runner/.m2/repository/org/apache/ozone/hdds-interface-admin/1.3.0-SNAPSHOT/hdds-interface-admin-1.3.0-SNAPSHOT.jar:/home/runner/.m2/repository/junit/junit/4.13.1/junit-4.13.1.jar:/home/runner/.m2/repository/org/hamcrest/hamcrest-core/1.3/hamcrest-core-1.3.jar:/home/runner/.m2/repository/org/junit/jupiter/junit-jupiter-api/5.8.2/junit-jupiter-api-5.8.2.jar:/home/runner/.m2/repository/org/opentest4j/opentest4j/1.2.0/opentest4j-1.2.0.jar:/home/runner/.m2/repository/org/junit/platform/junit-platform-commons/1.8.2/junit-platform-commons-1.8.2.jar:/home/runner/.m2/repository/org/apiguardian/apiguardian-api/1.1.2/apiguardian-api-1.1.2.jar:/home/runner/.m2/repository/org/junit/jupiter/junit-jupiter-params/5.8.2/junit-jupiter-params-5.8.2.jar:/home/runner/.m2/repository/org/junit/jupiter/junit-jupiter-migrationsupport/5.8.2/junit-jupiter-migrationsupport-5.8.2.jar:/home/runner/.m2/repository/org/junit/jupiter/junit-jupiter-engine/5.8.2/junit-jupiter-engine-5.8.2.jar:/home/runner/.m2/repository/org/junit/platform/junit-platform-engine/1.8.2/junit-platform-engine-1.8.2.jar:/home/runner/.m2/repository/org/junit/vintage/junit-vintage-engine/5.8.2/junit-vintage-engine-5.8.2.jar:/home/runner/.m2/repository/org/junit/platform/junit-platform-launcher/1.8.2/junit-platform-launcher-1.8.2.jar:/home/runner/.m2/repository/org/mockito/mockito-core/2.28.2/mockito-core-2.28.2.jar:/home/runner/.m2/repository/net/bytebuddy/byte-buddy/1.9.10/byte-buddy-1.9.10.jar:/home/runner/.m2/repository/net/bytebuddy/byte-buddy-agent/1.9.10/byte-buddy-agent-1.9.10.jar:/home/runner/.m2/repository/org/objenesis/objenesis/1.0/objenesis-1.0.jar:/home/runner/.m2/repository/org/apache/hadoop/hadoop-kms/3.3.4/hadoop-kms-3.3.4.jar:/home/runner/.m2/repository/org/apache/hadoop/hadoop-auth/3.3.4/hadoop-auth-3.3.4.jar:/home/runner/.m2/repository/com/nimbusds/nimbus-jose-jwt/9.8.1/nimbus-jose-jwt-9.8.1.jar:/home/runner/.m2/repository/com/github/stephenc/jcip/jcip-annotations/1.0-1/jcip-annotations-1.0-1.jar:/home/runner/.m2/repository/net/minidev/json-smart/2.4.7/json-smart-2.4.7.jar:/home/runner/.m2/repository/net/minidev/accessors-smart/2.4.7/accessors-smart-2.4.7.jar:/home/runner/.m2/repository/org/ow2/asm/asm/5.0.4/asm-5.0.4.jar:/home/runner/.m2/repository/org/apache/zookeeper/zookeeper/3.5.6/zookeeper-3.5.6.jar:/home/runner/.m2/repository/org/apache/zookeeper/zookeeper-jute/3.5.6/zookeeper-jute-3.5.6.jar:/home/runner/.m2/repository/org/apache/yetus/audience-annotations/0.5.0/audience-annotations-0.5.0.jar:/home/runner/.m2/repository/org/apache/curator/curator-framework/4.2.0/curator-framework-4.2.0.jar:/home/runner/.m2/repository/org/apache/hadoop/thirdparty/hadoop-shaded-guava/1.1.1/hadoop-shaded-guava-1.1.1.jar:/home/runner/.m2/repository/com/sun/jersey/jersey-core/1.19/jersey-core-1.19.jar:/home/runner/.m2/repository/javax/ws/rs/jsr311-api/1.1.1/jsr311-api-1.1.1.jar:/home/runner/.m2/repository/com/sun/jersey/jersey-server/1.19/jersey-server-1.19.jar:/home/runner/.m2/repository/javax/servlet/javax.servlet-api/3.1.0/javax.servlet-api-3.1.0.jar:/home/runner/.m2/repository/org/eclipse/jetty/jetty-server/9.4.49.v20220914/jetty-server-9.4.49.v20220914.jar:/home/runner/.m2/repository/org/eclipse/jetty/jetty-http/9.4.49.v20220914/jetty-http-9.4.49.v20220914.jar:/home/runner/.m2/repository/org/eclipse/jetty/jetty-io/9.4.49.v20220914/jetty-io-9.4.49.v20220914.jar:/home/runner/.m2/repository/org/eclipse/jetty/jetty-webapp/9.4.49.v20220914/jetty-webapp-9.4.49.v20220914.jar:/home/runner/.m2/repository/org/eclipse/jetty/jetty-xml/9.4.49.v20220914/jetty-xml-9.4.49.v20220914.jar:/home/runner/.m2/repository/org/apache/hadoop/hadoop-common/3.3.4/hadoop-common-3.3.4.jar:/home/runner/.m2/repository/org/apache/commons/commons-math3/3.1.1/commons-math3-3.1.1.jar:/home/runner/.m2/repository/commons-net/commons-net/3.9.0/commons-net-3.9.0.jar:/home/runner/.m2/repository/com/sun/jersey/jersey-servlet/1.19/jersey-servlet-1.19.jar:/home/runner/.m2/repository/com/sun/jersey/jersey-json/1.19/jersey-json-1.19.jar:/home/runner/.m2/repository/org/codehaus/jettison/jettison/1.1/jettison-1.1.jar:/home/runner/.m2/repository/com/sun/xml/bind/jaxb-impl/2.2.3-1/jaxb-impl-2.2.3-1.jar:/home/runner/.m2/repository/org/codehaus/jackson/jackson-xc/1.9.2/jackson-xc-1.9.2.jar:/home/runner/.m2/repository/com/google/re2j/re2j/1.1/re2j-1.1.jar:/home/runner/.m2/repository/com/jcraft/jsch/0.1.54/jsch-0.1.54.jar:/home/runner/.m2/repository/org/apache/curator/curator-client/4.2.0/curator-client-4.2.0.jar:/home/runner/.m2/repository/org/apache/curator/curator-recipes/4.2.0/curator-recipes-4.2.0.jar:/home/runner/.m2/repository/org/apache/kerby/kerb-core/1.0.1/kerb-core-1.0.1.jar:/home/runner/.m2/repository/org/apache/kerby/kerby-pkix/1.0.1/kerby-pkix-1.0.1.jar:/home/runner/.m2/repository/org/apache/kerby/kerby-asn1/1.0.1/kerby-asn1-1.0.1.jar:/home/runner/.m2/repository/org/apache/kerby/kerby-util/1.0.1/kerby-util-1.0.1.jar:/home/runner/.m2/repository/dnsjava/dnsjava/2.1.7/dnsjava-2.1.7.jar:/home/runner/.m2/repository/org/xerial/snappy/snappy-java/1.1.8.2/snappy-java-1.1.8.2.jar:/home/runner/.m2/repository/org/eclipse/jetty/jetty-util/9.4.49.v20220914/jetty-util-9.4.49.v20220914.jar:/home/runner/.m2/repository/com/fasterxml/jackson/core/jackson-databind/2.13.4.2/jackson-databind-2.13.4.2.jar:/home/runner/.m2/repository/org/apache/hadoop/hadoop-kms/3.3.4/hadoop-kms-3.3.4-tests.jar:/home/runner/.m2/repository/org/apache/ozone/hdds-server-scm/1.3.0-SNAPSHOT/hdds-server-scm-1.3.0-SNAPSHOT-tests.jar:/home/runner/.m2/repository/org/apache/ozone/hdds-container-service/1.3.0-SNAPSHOT/hdds-container-service-1.3.0-SNAPSHOT-tests.jar:/home/runner/.m2/repository/commons-codec/commons-codec/1.15/commons-codec-1.15.jar:/home/runner/.m2/repository/io/netty/netty-codec/4.1.77.Final/netty-codec-4.1.77.Final.jar:/home/runner/.m2/repository/io/netty/netty-handler/4.1.77.Final/netty-handler-4.1.77.Final.jar:/home/runner/.m2/repository/org/apache/ozone/hdds-hadoop-dependency-test/1.3.0-SNAPSHOT/hdds-hadoop-dependency-test-1.3.0-SNAPSHOT.jar:/home/runner/.m2/repository/org/apache/hadoop/hadoop-common/3.3.4/hadoop-common-3.3.4-tests.jar:/home/runner/.m2/repository/org/apache/hadoop/hadoop-hdfs/3.3.4/hadoop-hdfs-3.3.4-tests.jar:/home/runner/.m2/repository/org/assertj/assertj-core/3.12.2/assertj-core-3.12.2.jar:/home/runner/.m2/repository/org/apache/hadoop/hadoop-distcp/3.3.4/hadoop-distcp-3.3.4.jar:/home/runner/.m2/repository/org/apache/hadoop/hadoop-mapreduce-client-jobclient/3.3.4/hadoop-mapreduce-client-jobclient-3.3.4.jar:/home/runner/.m2/repository/org/apache/hadoop/hadoop-mapreduce-client-common/3.3.4/hadoop-mapreduce-client-common-3.3.4.jar:/home/runner/.m2/repository/org/apache/hadoop/hadoop-yarn-common/3.3.4/hadoop-yarn-common-3.3.4.jar:/home/runner/.m2/repository/org/apache/hadoop/hadoop-yarn-api/3.3.4/hadoop-yarn-api-3.3.4.jar:/home/runner/.m2/repository/com/sun/jersey/contribs/jersey-guice/1.19/jersey-guice-1.19.jar:/home/runner/.m2/repository/com/fasterxml/jackson/jaxrs/jackson-jaxrs-json-provider/2.13.4/jackson-jaxrs-json-provider-2.13.4.jar:/home/runner/.m2/repository/com/fasterxml/jackson/jaxrs/jackson-jaxrs-base/2.13.4/jackson-jaxrs-base-2.13.4.jar:/home/runner/.m2/repository/org/apache/hadoop/hadoop-yarn-client/3.3.4/hadoop-yarn-client-3.3.4.jar:/home/runner/.m2/repository/org/eclipse/jetty/websocket/websocket-client/9.4.43.v20210629/websocket-client-9.4.43.v20210629.jar:/home/runner/.m2/repository/org/eclipse/jetty/websocket/websocket-common/9.4.43.v20210629/websocket-common-9.4.43.v20210629.jar:/home/runner/.m2/repository/org/eclipse/jetty/websocket/websocket-api/9.4.43.v20210629/websocket-api-9.4.43.v20210629.jar:/home/runner/.m2/repository/org/jline/jline/3.9.0/jline-3.9.0.jar:/home/runner/.m2/repository/org/apache/hadoop/hadoop-mapreduce-client-core/3.3.4/hadoop-mapreduce-client-core-3.3.4.jar:/home/runner/.m2/repository/org/apache/avro/avro/1.7.7/avro-1.7.7.jar:/home/runner/.m2/repository/org/codehaus/jackson/jackson-core-asl/1.9.13/jackson-core-asl-1.9.13.jar:/home/runner/.m2/repository/org/codehaus/jackson/jackson-mapper-asl/1.9.13/jackson-mapper-asl-1.9.13.jar:/home/runner/.m2/repository/com/thoughtworks/paranamer/paranamer/2.3/paranamer-2.3.jar:/home/runner/.m2/repository/org/apache/hadoop/hadoop-annotations/3.3.4/hadoop-annotations-3.3.4.jar:/usr/lib/jvm/temurin-8-jdk-amd64/jre/../lib/tools.jar:/home/runner/.m2/repository/io/netty/netty/3.10.6.Final/netty-3.10.6.Final.jar:/home/runner/.m2/repository/org/apache/hadoop/hadoop-distcp/3.3.4/hadoop-distcp-3.3.4-tests.jar:/home/runner/.m2/repository/org/slf4j/jul-to-slf4j/1.7.36/jul-to-slf4j-1.7.36.jar:/home/runner/.m2/repository/org/apache/ratis/ratis-common/2.4.2-8b8bdda-SNAPSHOT/ratis-common-2.4.2-8b8bdda-SNAPSHOT.jar:/home/runner/.m2/repository/org/apache/ratis/ratis-thirdparty-misc/1.0.3/ratis-thirdparty-misc-1.0.3.jar:/home/runner/.m2/repository/org/apache/ratis/ratis-proto/2.4.2-8b8bdda-SNAPSHOT/ratis-proto-2.4.2-8b8bdda-SNAPSHOT.jar:"/>
    <property name="sun.cpu.endian" value="little"/>
    <property name="user.home" value="/home/runner"/>
    <property name="user.language" value="en"/>
    <property name="java.specification.vendor" value="Oracle Corporation"/>
    <property name="java.home" value="/usr/lib/jvm/temurin-8-jdk-amd64/jre"/>
    <property name="java.security.krb5.conf" value="/home/runner/work/ozone/ozone/hadoop-ozone/integration-test/target/test-classes/krb5.conf"/>
    <property name="file.separator" value="/"/>
    <property name="basedir" value="/home/runner/work/ozone/ozone/hadoop-ozone/integration-test"/>
    <property name="line.separator" value="&#10;"/>
    <property name="java.vm.specification.vendor" value="Oracle Corporation"/>
    <property name="java.specification.name" value="Java Platform API Specification"/>
    <property name="skip.installnpx" value="true"/>
    <property name="java.awt.graphicsenv" value="sun.awt.X11GraphicsEnvironment"/>
    <property name="surefire.fork.timeout" value="3600"/>
    <property name="surefire.real.class.path" value="/home/runner/work/ozone/ozone/hadoop-ozone/integration-test/target/surefire/surefirebooter5219359137130728688.jar:/home/runner/.m2/repository/org/jacoco/org.jacoco.agent/0.8.5/org.jacoco.agent-0.8.5-runtime.jar"/>
    <property name="sun.boot.class.path" value="/usr/lib/jvm/temurin-8-jdk-amd64/jre/lib/resources.jar:/usr/lib/jvm/temurin-8-jdk-amd64/jre/lib/rt.jar:/usr/lib/jvm/temurin-8-jdk-amd64/jre/lib/sunrsasign.jar:/usr/lib/jvm/temurin-8-jdk-amd64/jre/lib/jsse.jar:/usr/lib/jvm/temurin-8-jdk-amd64/jre/lib/jce.jar:/usr/lib/jvm/temurin-8-jdk-amd64/jre/lib/charsets.jar:/usr/lib/jvm/temurin-8-jdk-amd64/jre/lib/jfr.jar:/usr/lib/jvm/temurin-8-jdk-amd64/jre/classes"/>
    <property name="hadoop.log.dir" value="/home/runner/work/ozone/ozone/hadoop-ozone/integration-test/target/log"/>
    <property name="sun.management.compiler" value="HotSpot 64-Bit Tiered Compilers"/>
    <property name="java.runtime.version" value="1.8.0_352-b08"/>
    <property name="skip.npx" value="true"/>
    <property name="user.name" value="runner"/>
    <property name="java.net.preferIPv4Stack" value="true"/>
    <property name="path.separator" value=":"/>
    <property name="java.security.egd" value="file:///dev/urandom"/>
    <property name="os.version" value="5.15.0-1023-azure"/>
    <property name="java.endorsed.dirs" value="/usr/lib/jvm/temurin-8-jdk-amd64/jre/lib/endorsed"/>
    <property name="java.runtime.name" value="OpenJDK Runtime Environment"/>
    <property name="file.encoding" value="UTF-8"/>
    <property name="java.vm.name" value="OpenJDK 64-Bit Server VM"/>
    <property name="test.build.webapps" value=""/>
    <property name="localRepository" value="/home/runner/.m2/repository"/>
    <property name="jetty.git.hash" value="4231a3b2e4cb8548a412a789936d640a97b1aa0a"/>
    <property name="java.vendor.url.bug" value="https://github.com/adoptium/adoptium-support/issues"/>
    <property name="require.test.libhadoop" value=""/>
    <property name="java.io.tmpdir" value="/tmp"/>
    <property name="java.version" value="1.8.0_352"/>
    <property name="surefire.rerunFailingTestsCount" value="5"/>
    <property name="user.dir" value="/home/runner/work/ozone/ozone/hadoop-ozone/integration-test"/>
    <property name="os.arch" value="amd64"/>
    <property name="test.build.classes" value="/home/runner/work/ozone/ozone/hadoop-ozone/integration-test/target/test-classes"/>
    <property name="java.vm.specification.name" value="Java Virtual Machine Specification"/>
    <property name="java.awt.printerjob" value="sun.print.PSPrinterJob"/>
    <property name="sun.os.patch.level" value="unknown"/>
    <property name="org.apache.ratis.thirdparty.io.netty.allocator.useCacheForAllThreads" value="false"/>
    <property name="hadoop.tmp.dir" value="/home/runner/work/ozone/ozone/hadoop-ozone/integration-test/target/tmp"/>
    <property name="java.library.path" value="/usr/java/packages/lib/amd64:/usr/lib64:/lib64:/lib:/usr/lib"/>
    <property name="java.vendor" value="Temurin"/>
    <property name="java.vm.info" value="mixed mode"/>
    <property name="java.vm.version" value="25.352-b08"/>
    <property name="java.specification.maintenance.version" value="4"/>
    <property name="sun.io.unicode.encoding" value="UnicodeLittle"/>
    <property name="java.ext.dirs" value="/usr/lib/jvm/temurin-8-jdk-amd64/jre/lib/ext:/usr/java/packages/lib/ext"/>
    <property name="java.class.version" value="52.0"/>
  </properties>
  <testcase name="testNodeWithOpenPipelineCanBeDecommissionedAndRecommissioned" classname="org.apache.hadoop.ozone.scm.node.TestDecommissionAndMaintenance" time="46.267">
    <error type="java.lang.IllegalStateException"><![CDATA[java.lang.IllegalStateException: zip file closed
	at java.util.zip.ZipFile.ensureOpen(ZipFile.java:690)
	at java.util.zip.ZipFile.access$200(ZipFile.java:61)
	at java.util.zip.ZipFile$ZipEntryIterator.hasNext(ZipFile.java:512)
	at java.util.zip.ZipFile$ZipEntryIterator.hasMoreElements(ZipFile.java:507)
	at java.util.jar.JarFile$JarEntryIterator.hasNext(JarFile.java:264)
	at java.util.jar.JarFile$JarEntryIterator.hasMoreElements(JarFile.java:273)
	at org.reflections.vfs.ZipDir$1$1.computeNext(ZipDir.java:30)
	at org.reflections.vfs.ZipDir$1$1.computeNext(ZipDir.java:26)
	at com.google.common.collect.AbstractIterator.tryToComputeNext(AbstractIterator.java:146)
	at com.google.common.collect.AbstractIterator.hasNext(AbstractIterator.java:141)
	at org.reflections.Reflections.scan(Reflections.java:243)
	at org.reflections.Reflections.scan(Reflections.java:202)
	at org.reflections.Reflections.<init>(Reflections.java:123)
	at org.reflections.Reflections.<init>(Reflections.java:168)
	at org.apache.hadoop.hdds.upgrade.HDDSLayoutVersionManager.registerUpgradeActions(HDDSLayoutVersionManager.java:64)
	at org.apache.hadoop.hdds.upgrade.HDDSLayoutVersionManager.<init>(HDDSLayoutVersionManager.java:51)
	at org.apache.hadoop.ozone.container.common.statemachine.DatanodeStateMachine.<init>(DatanodeStateMachine.java:151)
	at org.apache.hadoop.ozone.HddsDatanodeService.start(HddsDatanodeService.java:279)
	at org.apache.hadoop.ozone.HddsDatanodeService.start(HddsDatanodeService.java:209)
	at org.apache.hadoop.ozone.MiniOzoneClusterImpl.restartHddsDatanode(MiniOzoneClusterImpl.java:418)
	at org.apache.hadoop.ozone.scm.node.TestDecommissionAndMaintenance.testNodeWithOpenPipelineCanBeDecommissionedAndRecommissioned(TestDecommissionAndMaintenance.java:229)
	at sun.reflect.NativeMethodAccessorImpl.invoke0(Native Method)
	at sun.reflect.NativeMethodAccessorImpl.invoke(NativeMethodAccessorImpl.java:62)
	at sun.reflect.DelegatingMethodAccessorImpl.invoke(DelegatingMethodAccessorImpl.java:43)
	at java.lang.reflect.Method.invoke(Method.java:498)
	at org.junit.platform.commons.util.ReflectionUtils.invokeMethod(ReflectionUtils.java:725)
	at org.junit.jupiter.engine.execution.MethodInvocation.proceed(MethodInvocation.java:60)
	at org.junit.jupiter.engine.execution.InvocationInterceptorChain$ValidatingInvocation.proceed(InvocationInterceptorChain.java:131)
	at org.junit.jupiter.engine.extension.TimeoutExtension.intercept(TimeoutExtension.java:149)
	at org.junit.jupiter.engine.extension.TimeoutExtension.interceptTestableMethod(TimeoutExtension.java:140)
	at org.junit.jupiter.engine.extension.TimeoutExtension.interceptTestMethod(TimeoutExtension.java:84)
	at org.junit.jupiter.engine.execution.ExecutableInvoker$ReflectiveInterceptorCall.lambda$ofVoidMethod$0(ExecutableInvoker.java:115)
	at org.junit.jupiter.engine.execution.ExecutableInvoker.lambda$invoke$0(ExecutableInvoker.java:105)
	at org.junit.jupiter.engine.execution.InvocationInterceptorChain$InterceptedInvocation.proceed(InvocationInterceptorChain.java:106)
	at org.junit.jupiter.engine.execution.InvocationInterceptorChain.proceed(InvocationInterceptorChain.java:64)
	at org.junit.jupiter.engine.execution.InvocationInterceptorChain.chainAndInvoke(InvocationInterceptorChain.java:45)
	at org.junit.jupiter.engine.execution.InvocationInterceptorChain.invoke(InvocationInterceptorChain.java:37)
	at org.junit.jupiter.engine.execution.ExecutableInvoker.invoke(ExecutableInvoker.java:104)
	at org.junit.jupiter.engine.execution.ExecutableInvoker.invoke(ExecutableInvoker.java:98)
	at org.junit.jupiter.engine.descriptor.TestMethodTestDescriptor.lambda$invokeTestMethod$7(TestMethodTestDescriptor.java:214)
	at org.junit.platform.engine.support.hierarchical.ThrowableCollector.execute(ThrowableCollector.java:73)
	at org.junit.jupiter.engine.descriptor.TestMethodTestDescriptor.invokeTestMethod(TestMethodTestDescriptor.java:210)
	at org.junit.jupiter.engine.descriptor.TestMethodTestDescriptor.execute(TestMethodTestDescriptor.java:135)
	at org.junit.jupiter.engine.descriptor.TestMethodTestDescriptor.execute(TestMethodTestDescriptor.java:66)
	at org.junit.platform.engine.support.hierarchical.NodeTestTask.lambda$executeRecursively$6(NodeTestTask.java:151)
	at org.junit.platform.engine.support.hierarchical.ThrowableCollector.execute(ThrowableCollector.java:73)
	at org.junit.platform.engine.support.hierarchical.NodeTestTask.lambda$executeRecursively$8(NodeTestTask.java:141)
	at org.junit.platform.engine.support.hierarchical.Node.around(Node.java:137)
	at org.junit.platform.engine.support.hierarchical.NodeTestTask.lambda$executeRecursively$9(NodeTestTask.java:139)
	at org.junit.platform.engine.support.hierarchical.ThrowableCollector.execute(ThrowableCollector.java:73)
	at org.junit.platform.engine.support.hierarchical.NodeTestTask.executeRecursively(NodeTestTask.java:138)
	at org.junit.platform.engine.support.hierarchical.NodeTestTask.execute(NodeTestTask.java:95)
	at java.util.ArrayList.forEach(ArrayList.java:1259)
	at org.junit.platform.engine.support.hierarchical.SameThreadHierarchicalTestExecutorService.invokeAll(SameThreadHierarchicalTestExecutorService.java:41)
	at org.junit.platform.engine.support.hierarchical.NodeTestTask.lambda$executeRecursively$6(NodeTestTask.java:155)
	at org.junit.platform.engine.support.hierarchical.ThrowableCollector.execute(ThrowableCollector.java:73)
	at org.junit.platform.engine.support.hierarchical.NodeTestTask.lambda$executeRecursively$8(NodeTestTask.java:141)
	at org.junit.platform.engine.support.hierarchical.Node.around(Node.java:137)
	at org.junit.platform.engine.support.hierarchical.NodeTestTask.lambda$executeRecursively$9(NodeTestTask.java:139)
	at org.junit.platform.engine.support.hierarchical.ThrowableCollector.execute(ThrowableCollector.java:73)
	at org.junit.platform.engine.support.hierarchical.NodeTestTask.executeRecursively(NodeTestTask.java:138)
	at org.junit.platform.engine.support.hierarchical.NodeTestTask.execute(NodeTestTask.java:95)
	at java.util.ArrayList.forEach(ArrayList.java:1259)
	at org.junit.platform.engine.support.hierarchical.SameThreadHierarchicalTestExecutorService.invokeAll(SameThreadHierarchicalTestExecutorService.java:41)
	at org.junit.platform.engine.support.hierarchical.NodeTestTask.lambda$executeRecursively$6(NodeTestTask.java:155)
	at org.junit.platform.engine.support.hierarchical.ThrowableCollector.execute(ThrowableCollector.java:73)
	at org.junit.platform.engine.support.hierarchical.NodeTestTask.lambda$executeRecursively$8(NodeTestTask.java:141)
	at org.junit.platform.engine.support.hierarchical.Node.around(Node.java:137)
	at org.junit.platform.engine.support.hierarchical.NodeTestTask.lambda$executeRecursively$9(NodeTestTask.java:139)
	at org.junit.platform.engine.support.hierarchical.ThrowableCollector.execute(ThrowableCollector.java:73)
	at org.junit.platform.engine.support.hierarchical.NodeTestTask.executeRecursively(NodeTestTask.java:138)
	at org.junit.platform.engine.support.hierarchical.NodeTestTask.execute(NodeTestTask.java:95)
	at org.junit.platform.engine.support.hierarchical.SameThreadHierarchicalTestExecutorService.submit(SameThreadHierarchicalTestExecutorService.java:35)
	at org.junit.platform.engine.support.hierarchical.HierarchicalTestExecutor.execute(HierarchicalTestExecutor.java:57)
	at org.junit.platform.engine.support.hierarchical.HierarchicalTestEngine.execute(HierarchicalTestEngine.java:54)
	at org.junit.platform.launcher.core.EngineExecutionOrchestrator.execute(EngineExecutionOrchestrator.java:107)
	at org.junit.platform.launcher.core.EngineExecutionOrchestrator.execute(EngineExecutionOrchestrator.java:88)
	at org.junit.platform.launcher.core.EngineExecutionOrchestrator.lambda$execute$0(EngineExecutionOrchestrator.java:54)
	at org.junit.platform.launcher.core.EngineExecutionOrchestrator.withInterceptedStreams(EngineExecutionOrchestrator.java:67)
	at org.junit.platform.launcher.core.EngineExecutionOrchestrator.execute(EngineExecutionOrchestrator.java:52)
	at org.junit.platform.launcher.core.DefaultLauncher.execute(DefaultLauncher.java:114)
	at org.junit.platform.launcher.core.DefaultLauncher.execute(DefaultLauncher.java:86)
	at org.junit.platform.launcher.core.DefaultLauncherSession$DelegatingLauncher.execute(DefaultLauncherSession.java:86)
	at org.junit.platform.launcher.core.SessionPerRequestLauncher.execute(SessionPerRequestLauncher.java:53)
	at org.apache.maven.surefire.junitplatform.JUnitPlatformProvider.execute(JUnitPlatformProvider.java:188)
	at org.apache.maven.surefire.junitplatform.JUnitPlatformProvider.invokeAllTests(JUnitPlatformProvider.java:154)
	at org.apache.maven.surefire.junitplatform.JUnitPlatformProvider.invoke(JUnitPlatformProvider.java:124)
	at org.apache.maven.surefire.booter.ForkedBooter.runSuitesInProcess(ForkedBooter.java:428)
	at org.apache.maven.surefire.booter.ForkedBooter.execute(ForkedBooter.java:162)
	at org.apache.maven.surefire.booter.ForkedBooter.run(ForkedBooter.java:562)
	at org.apache.maven.surefire.booter.ForkedBooter.main(ForkedBooter.java:548)
]]></error>
    <system-out><![CDATA[2022-12-15 22:21:38,222 [Mini-Cluster-Provider-Create] WARN  server.ServerUtils (ServerUtils.java:getScmDbDir(148)) - ozone.scm.db.dirs is not configured. We recommend adding this setting. Falling back to ozone.metadata.dirs instead.
2022-12-15 22:21:38,296 [Mini-Cluster-Provider-Create] WARN  server.ServerUtils (ServerUtils.java:getScmDbDir(148)) - ozone.scm.db.dirs is not configured. We recommend adding this setting. Falling back to ozone.metadata.dirs instead.
2022-12-15 22:21:38,300 [Mini-Cluster-Provider-Create] INFO  ha.SCMHANodeDetails (SCMHANodeDetails.java:loadSCMHAConfig(209)) - ServiceID for StorageContainerManager is null
2022-12-15 22:21:38,309 [Mini-Cluster-Provider-Create] WARN  ha.SCMHANodeDetails (SCMHANodeDetails.java:validateSCMHAConfig(182)) - Invalid config ozone.scm.ratis.enable. The config was not specified, but the default value true conflicts with the expected config value false. Falling back to the expected value. Current State of SCM: SCM is running in Non-HA without Ratis Ratis SCM -> Non Ratis SCM or Non HA SCM -> HA SCM is not supported
2022-12-15 22:21:38,310 [Mini-Cluster-Provider-Create] INFO  ha.SCMHANodeDetails (SCMHANodeDetails.java:loadSCMHAConfig(214)) - ozone.scm.default.service.id is not defined, falling back to ozone.scm.service.ids to find serviceID for StorageContainerManager if it is HA enabled cluster
2022-12-15 22:21:38,827 [Mini-Cluster-Provider-Create] WARN  utils.HAUtils (HAUtils.java:getMetaDir(342)) - ozone.scm.db.dirs is not configured. We recommend adding this setting. Falling back to ozone.metadata.dirs instead.
2022-12-15 22:21:38,979 [Mini-Cluster-Provider-Create] WARN  db.DBStoreBuilder (DBStoreBuilder.java:applyDBDefinition(144)) - ozone.scm.db.dirs is not configured. We recommend adding this setting. Falling back to ozone.metadata.dirs instead.
2022-12-15 22:21:39,342 [Mini-Cluster-Provider-Create] INFO  net.NodeSchemaLoader (NodeSchemaLoader.java:loadSchemaFromFile(129)) - Loading schema from [jar:file:/home/runner/.m2/repository/org/apache/ozone/hdds-common/1.3.0-SNAPSHOT/hdds-common-1.3.0-SNAPSHOT.jar!/network-topology-default.xml]
2022-12-15 22:21:39,343 [Mini-Cluster-Provider-Create] INFO  net.NodeSchemaLoader (NodeSchemaLoader.java:loadSchema(176)) - Loading network topology layer schema file
2022-12-15 22:21:39,407 [Mini-Cluster-Provider-Create] INFO  metrics.MetricRegistries (MetricRegistriesLoader.java:load(64)) - Loaded MetricRegistries class org.apache.ratis.metrics.impl.MetricRegistriesImpl
2022-12-15 22:21:39,425 [Mini-Cluster-Provider-Create] INFO  upgrade.AbstractLayoutVersionManager (AbstractLayoutVersionManager.java:init(83)) - Initializing Layout version manager with metadata layout = DATANODE_SCHEMA_V3 (version = 4), software layout = DATANODE_SCHEMA_V3 (version = 4)
2022-12-15 22:21:39,723 [Mini-Cluster-Provider-Create] INFO  reflections.Reflections (Reflections.java:scan(232)) - Reflections took 186 ms to scan 7 urls, producing 140 keys and 342 values 
2022-12-15 22:21:39,845 [Mini-Cluster-Provider-Create] INFO  ha.SequenceIdGenerator (SequenceIdGenerator.java:upgradeToSequenceId(349)) - upgrade localId to 109611004723200000
2022-12-15 22:21:39,845 [Mini-Cluster-Provider-Create] INFO  ha.SequenceIdGenerator (SequenceIdGenerator.java:upgradeToSequenceId(359)) - upgrade delTxnId to 0
2022-12-15 22:21:39,849 [Mini-Cluster-Provider-Create] INFO  ha.SequenceIdGenerator (SequenceIdGenerator.java:upgradeToSequenceId(376)) - upgrade containerId to 0
2022-12-15 22:21:39,851 [Mini-Cluster-Provider-Create] INFO  ha.SequenceIdGenerator (SequenceIdGenerator.java:<init>(220)) - Init the HA SequenceIdGenerator.
2022-12-15 22:21:39,915 [Mini-Cluster-Provider-Create] INFO  node.SCMNodeManager (SCMNodeManager.java:<init>(149)) - Entering startup safe mode.
2022-12-15 22:21:40,009 [Mini-Cluster-Provider-Create] INFO  algorithms.ContainerPlacementPolicyFactory (ContainerPlacementPolicyFactory.java:getPolicyInternal(86)) - Create container placement policy of type org.apache.hadoop.hdds.scm.container.placement.algorithms.SCMContainerPlacementRandom
2022-12-15 22:21:40,022 [Mini-Cluster-Provider-Create] INFO  algorithms.ContainerPlacementPolicyFactory (ContainerPlacementPolicyFactory.java:getPolicyInternal(86)) - Create container placement policy of type org.apache.hadoop.hdds.scm.container.placement.algorithms.SCMContainerPlacementRackScatter
2022-12-15 22:21:40,033 [Mini-Cluster-Provider-Create] INFO  pipeline.PipelineStateManagerImpl (PipelineStateManagerImpl.java:initialize(78)) - No pipeline exists in current db
2022-12-15 22:21:40,068 [Mini-Cluster-Provider-Create] INFO  algorithms.LeaderChoosePolicyFactory (LeaderChoosePolicyFactory.java:getPolicy(57)) - Create leader choose policy of type org.apache.hadoop.hdds.scm.pipeline.leader.choose.algorithms.MinLeaderCountChoosePolicy
2022-12-15 22:21:40,069 [Mini-Cluster-Provider-Create] INFO  algorithms.ContainerPlacementPolicyFactory (ContainerPlacementPolicyFactory.java:getPolicyInternal(86)) - Create container placement policy of type org.apache.hadoop.hdds.scm.container.placement.algorithms.SCMContainerPlacementRackScatter
2022-12-15 22:21:40,074 [Mini-Cluster-Provider-Create] INFO  ha.SCMServiceManager (SCMServiceManager.java:register(42)) - Registering service BackgroundPipelineCreator.
2022-12-15 22:21:40,075 [Mini-Cluster-Provider-Create] INFO  pipeline.BackgroundPipelineCreator (BackgroundPipelineCreator.java:start(124)) - Starting RatisPipelineUtilsThread.
2022-12-15 22:21:40,079 [Mini-Cluster-Provider-Create] INFO  BackgroundPipelineScrubber (BackgroundSCMService.java:start(68)) - Starting BackgroundPipelineScrubber Service.
2022-12-15 22:21:40,080 [Mini-Cluster-Provider-Create] INFO  ha.SCMServiceManager (SCMServiceManager.java:register(42)) - Registering service BackgroundPipelineScrubber.
2022-12-15 22:21:40,087 [Mini-Cluster-Provider-Create] INFO  ExpiredContainerReplicaOpScrubber (BackgroundSCMService.java:start(68)) - Starting ExpiredContainerReplicaOpScrubber Service.
2022-12-15 22:21:40,087 [Mini-Cluster-Provider-Create] INFO  ha.SCMServiceManager (SCMServiceManager.java:register(42)) - Registering service ExpiredContainerReplicaOpScrubber.
2022-12-15 22:21:40,131 [Mini-Cluster-Provider-Create] INFO  algorithms.PipelineChoosePolicyFactory (PipelineChoosePolicyFactory.java:createPipelineChoosePolicyFromClass(73)) - Create pipeline choose policy of type org.apache.hadoop.hdds.scm.pipeline.choose.algorithms.RandomPipelineChoosePolicy
2022-12-15 22:21:40,147 [Mini-Cluster-Provider-Create] INFO  ha.SCMServiceManager (SCMServiceManager.java:register(42)) - Registering service SCMBlockDeletingService.
2022-12-15 22:21:40,190 [Mini-Cluster-Provider-Create] INFO  replication.ReplicationManager (ReplicationManager.java:start(258)) - Starting Replication Monitor Thread.
2022-12-15 22:21:40,201 [Mini-Cluster-Provider-Create] INFO  ha.SCMServiceManager (SCMServiceManager.java:register(42)) - Registering service ReplicationManager.
2022-12-15 22:21:40,203 [ReplicationMonitor] INFO  replication.ReplicationManager (ReplicationManager.java:processAll(327)) - Replication Manager is not ready to run until 3000ms after safemode exit
2022-12-15 22:21:40,211 [Mini-Cluster-Provider-Create] INFO  safemode.ContainerSafeModeRule (ContainerSafeModeRule.java:<init>(89)) - containers with one replica threshold count 0
2022-12-15 22:21:40,214 [Mini-Cluster-Provider-Create] INFO  safemode.HealthyPipelineSafeModeRule (HealthyPipelineSafeModeRule.java:initializeRule(169)) - Total pipeline count is 0, healthy pipeline threshold count is 1
2022-12-15 22:21:40,216 [Mini-Cluster-Provider-Create] INFO  safemode.OneReplicaPipelineSafeModeRule (OneReplicaPipelineSafeModeRule.java:initializeRule(180)) - Total pipeline count is 0, pipeline's with at least one datanode reported threshold count is 0
2022-12-15 22:21:40,716 [Mini-Cluster-Provider-Create] INFO  audit.AuditLogger (AuditLogger.java:refreshDebugCmdSet(126)) - Refresh DebugCmdSet for SCMAudit to [].
2022-12-15 22:21:40,755 [Mini-Cluster-Provider-Create] INFO  ipc.CallQueueManager (CallQueueManager.java:<init>(90)) - Using callQueue: class java.util.concurrent.LinkedBlockingQueue, queueCapacity: 2000, scheduler: class org.apache.hadoop.ipc.DefaultRpcScheduler, ipcBackoff: false.
2022-12-15 22:21:40,814 [Socket Reader #1 for port 0] INFO  ipc.Server (Server.java:run(1273)) - Starting Socket Reader #1 for port 0
2022-12-15 22:21:40,895 [Listener at 0.0.0.0/45573] INFO  audit.AuditLogger (AuditLogger.java:refreshDebugCmdSet(126)) - Refresh DebugCmdSet for SCMAudit to [].
2022-12-15 22:21:40,901 [Listener at 0.0.0.0/45573] INFO  ipc.CallQueueManager (CallQueueManager.java:<init>(90)) - Using callQueue: class java.util.concurrent.LinkedBlockingQueue, queueCapacity: 2000, scheduler: class org.apache.hadoop.ipc.DefaultRpcScheduler, ipcBackoff: false.
2022-12-15 22:21:40,903 [Socket Reader #1 for port 0] INFO  ipc.Server (Server.java:run(1273)) - Starting Socket Reader #1 for port 0
2022-12-15 22:21:40,940 [Listener at 0.0.0.0/37919] INFO  audit.AuditLogger (AuditLogger.java:refreshDebugCmdSet(126)) - Refresh DebugCmdSet for SCMAudit to [].
2022-12-15 22:21:40,952 [Listener at 0.0.0.0/37919] INFO  ipc.CallQueueManager (CallQueueManager.java:<init>(90)) - Using callQueue: class java.util.concurrent.LinkedBlockingQueue, queueCapacity: 2000, scheduler: class org.apache.hadoop.ipc.DefaultRpcScheduler, ipcBackoff: false.
2022-12-15 22:21:40,954 [Socket Reader #1 for port 0] INFO  ipc.Server (Server.java:run(1273)) - Starting Socket Reader #1 for port 0
2022-12-15 22:21:41,020 [Listener at 0.0.0.0/45111] INFO  ha.SCMServiceManager (SCMServiceManager.java:register(42)) - Registering service ContainerBalancer.
2022-12-15 22:21:41,021 [Listener at 0.0.0.0/45111] INFO  server.StorageContainerManager (StorageContainerManager.java:<init>(398)) - 
Container Balancer status:
Key                            Value
Running                        true
Container Balancer Configuration values:
Key                                                Value
Threshold                                          10
Max Datanodes to Involve per Iteration(percent)    20
Max Size to Move per Iteration                     500GB
Max Size Entering Target per Iteration             26GB
Max Size Leaving Source per Iteration              26GB

2022-12-15 22:21:41,021 [Listener at 0.0.0.0/45111] INFO  ha.SCMContext (SCMContext.java:updateSafeModeStatus(228)) - Update SafeModeStatus from SafeModeStatus{safeModeStatus=true, preCheckPassed=false} to SafeModeStatus{safeModeStatus=true, preCheckPassed=false}.
2022-12-15 22:21:41,024 [Listener at 0.0.0.0/45111] INFO  server.StorageContainerManager (StorageContainerManager.java:start(1420)) - StorageContainerLocationProtocol RPC server is listening at /0.0.0.0:45111
2022-12-15 22:21:41,193 [Listener at 0.0.0.0/45111] WARN  impl.MetricsConfig (MetricsConfig.java:loadFirst(136)) - Cannot locate configuration: tried hadoop-metrics2-storagecontainermanager.properties,hadoop-metrics2.properties
2022-12-15 22:21:41,204 [ReplicationMonitor] INFO  replication.ReplicationManager (ReplicationManager.java:processAll(327)) - Replication Manager is not ready to run until 3000ms after safemode exit
2022-12-15 22:21:41,215 [Listener at 0.0.0.0/45111] INFO  impl.MetricsSystemImpl (MetricsSystemImpl.java:startTimer(378)) - Scheduled Metric snapshot period at 10 second(s).
2022-12-15 22:21:41,219 [Listener at 0.0.0.0/45111] INFO  impl.MetricsSystemImpl (MetricsSystemImpl.java:start(191)) - StorageContainerManager metrics system started
2022-12-15 22:21:41,500 [Listener at 0.0.0.0/45111] INFO  server.SCMClientProtocolServer (SCMClientProtocolServer.java:start(170)) - RPC server for Client  is listening at /0.0.0.0:45111
2022-12-15 22:21:41,500 [IPC Server Responder] INFO  ipc.Server (Server.java:run(1512)) - IPC Server Responder: starting
2022-12-15 22:21:41,505 [IPC Server listener on 0] INFO  ipc.Server (Server.java:run(1352)) - IPC Server listener on 0: starting
2022-12-15 22:21:41,509 [Listener at 0.0.0.0/45111] INFO  server.StorageContainerManager (StorageContainerManager.java:start(1434)) - ScmBlockLocationProtocol RPC server is listening at /0.0.0.0:37919
2022-12-15 22:21:41,509 [Listener at 0.0.0.0/45111] INFO  server.SCMBlockProtocolServer (SCMBlockProtocolServer.java:start(152)) - RPC server for Block Protocol is listening at /0.0.0.0:37919
2022-12-15 22:21:41,511 [IPC Server Responder] INFO  ipc.Server (Server.java:run(1512)) - IPC Server Responder: starting
2022-12-15 22:21:41,511 [IPC Server listener on 0] INFO  ipc.Server (Server.java:run(1352)) - IPC Server listener on 0: starting
2022-12-15 22:21:41,517 [Listener at 0.0.0.0/45111] INFO  server.SCMDatanodeProtocolServer (SCMDatanodeProtocolServer.java:start(186)) - ScmDatanodeProtocol RPC server for DataNodes is listening at /0.0.0.0:45573
2022-12-15 22:21:41,518 [IPC Server Responder] INFO  ipc.Server (Server.java:run(1512)) - IPC Server Responder: starting
2022-12-15 22:21:41,518 [IPC Server listener on 0] INFO  ipc.Server (Server.java:run(1352)) - IPC Server listener on 0: starting
2022-12-15 22:21:41,541 [org.apache.hadoop.util.JvmPauseMonitor$Monitor@1dd82489] INFO  util.JvmPauseMonitor (JvmPauseMonitor.java:run(188)) - Starting JVM pause monitor
2022-12-15 22:21:41,567 [Listener at 0.0.0.0/45111] INFO  http.BaseHttpServer (BaseHttpServer.java:newHttpServer2BuilderForOzone(213)) - Starting Web-server for scm at: http://0.0.0.0:0
2022-12-15 22:21:41,568 [Listener at 0.0.0.0/45111] INFO  http.BaseHttpServer (BaseHttpServer.java:<init>(108)) - Hadoop Security Enabled: false Ozone Security Enabled: false Ozone HTTP Security Enabled: false 
2022-12-15 22:21:41,600 [Listener at 0.0.0.0/45111] INFO  util.log (Log.java:initialized(170)) - Logging initialized @5315ms to org.eclipse.jetty.util.log.Slf4jLog
2022-12-15 22:21:41,745 [Listener at 0.0.0.0/45111] WARN  server.AuthenticationFilter (AuthenticationFilter.java:constructSecretProvider(240)) - Unable to initialize FileSignerSecretProvider, falling back to use random secrets. Reason: Could not read signature secret file: /home/runner/hadoop-http-auth-signature-secret
2022-12-15 22:21:41,754 [Listener at 0.0.0.0/45111] WARN  http.HttpRequestLog (HttpRequestLog.java:getRequestLog(103)) - Jetty request log can only be enabled using Log4j
2022-12-15 22:21:41,762 [Listener at 0.0.0.0/45111] INFO  http.HttpServer2 (HttpServer2.java:addGlobalFilter(1031)) - Added global filter 'safety' (class=org.apache.hadoop.hdds.server.http.HttpServer2$QuotingInputFilter)
2022-12-15 22:21:41,764 [Listener at 0.0.0.0/45111] INFO  http.HttpServer2 (HttpServer2.java:addFilter(1007)) - Added filter static_user_filter (class=org.apache.hadoop.http.lib.StaticUserWebFilter$StaticUserFilter) to context scm
2022-12-15 22:21:41,765 [Listener at 0.0.0.0/45111] INFO  http.HttpServer2 (HttpServer2.java:addFilter(1015)) - Added filter static_user_filter (class=org.apache.hadoop.http.lib.StaticUserWebFilter$StaticUserFilter) to context static
2022-12-15 22:21:41,765 [Listener at 0.0.0.0/45111] INFO  http.HttpServer2 (HttpServer2.java:addFilter(1015)) - Added filter static_user_filter (class=org.apache.hadoop.http.lib.StaticUserWebFilter$StaticUserFilter) to context logs
2022-12-15 22:21:41,820 [Listener at 0.0.0.0/45111] INFO  http.HttpServer2 (HttpServer2.java:bindListener(1250)) - Jetty bound to port 40519
2022-12-15 22:21:41,821 [Listener at 0.0.0.0/45111] INFO  server.Server (Server.java:doStart(375)) - jetty-9.4.49.v20220914; built: 2022-09-14T01:07:36.601Z; git: 4231a3b2e4cb8548a412a789936d640a97b1aa0a; jvm 1.8.0_352-b08
2022-12-15 22:21:41,864 [Listener at 0.0.0.0/45111] INFO  server.session (DefaultSessionIdManager.java:doStart(334)) - DefaultSessionIdManager workerName=node0
2022-12-15 22:21:41,864 [Listener at 0.0.0.0/45111] INFO  server.session (DefaultSessionIdManager.java:doStart(339)) - No SessionScavenger set, using defaults
2022-12-15 22:21:41,866 [Listener at 0.0.0.0/45111] INFO  server.session (HouseKeeper.java:startScavenging(132)) - node0 Scavenging every 600000ms
2022-12-15 22:21:41,882 [Listener at 0.0.0.0/45111] INFO  handler.ContextHandler (ContextHandler.java:doStart(921)) - Started o.e.j.s.ServletContextHandler@eeff542{logs,/logs,file:///home/runner/work/ozone/ozone/hadoop-ozone/integration-test/target/log,AVAILABLE}
2022-12-15 22:21:41,883 [Listener at 0.0.0.0/45111] INFO  handler.ContextHandler (ContextHandler.java:doStart(921)) - Started o.e.j.s.ServletContextHandler@484c0679{static,/static,file:///home/runner/work/ozone/ozone/hadoop-ozone/integration-test/target/test-classes/webapps/static,AVAILABLE}
2022-12-15 22:21:41,938 [Listener at 0.0.0.0/45111] INFO  handler.ContextHandler (ContextHandler.java:doStart(921)) - Started o.e.j.w.WebAppContext@cfb248f{scm,/,file:///home/runner/work/ozone/ozone/hadoop-ozone/integration-test/target/test-classes/webapps/scm/,AVAILABLE}{file:/home/runner/work/ozone/ozone/hadoop-ozone/integration-test/target/test-classes/webapps/scm}
2022-12-15 22:21:41,953 [Listener at 0.0.0.0/45111] INFO  server.AbstractConnector (AbstractConnector.java:doStart(333)) - Started ServerConnector@4eca3438{HTTP/1.1, (http/1.1)}{0.0.0.0:40519}
2022-12-15 22:21:41,953 [Listener at 0.0.0.0/45111] INFO  server.Server (Server.java:doStart(415)) - Started @5667ms
2022-12-15 22:21:41,955 [Listener at 0.0.0.0/45111] INFO  impl.MetricsSinkAdapter (MetricsSinkAdapter.java:start(204)) - Sink prometheus started
2022-12-15 22:21:41,956 [Listener at 0.0.0.0/45111] INFO  impl.MetricsSystemImpl (MetricsSystemImpl.java:registerSink(305)) - Registered sink prometheus
2022-12-15 22:21:41,958 [Listener at 0.0.0.0/45111] INFO  http.BaseHttpServer (BaseHttpServer.java:updateConnectorAddress(333)) - HTTP server of scm listening at http://0.0.0.0:40519
2022-12-15 22:21:41,960 [Listener at 0.0.0.0/45111] WARN  server.ServerUtils (ServerUtils.java:getDBPath(225)) - ozone.om.db.dirs is not configured. We recommend adding this setting. Falling back to ozone.metadata.dirs instead.
2022-12-15 22:21:42,050 [Listener at 0.0.0.0/45111] INFO  audit.AuditLogger (AuditLogger.java:refreshDebugCmdSet(126)) - Refresh DebugCmdSet for OMAudit to [].
2022-12-15 22:21:42,160 [Listener at 0.0.0.0/45111] INFO  ha.OMHANodeDetails (OMHANodeDetails.java:loadOMHAConfig(115)) - ozone.om.internal.service.id is not defined, falling back to ozone.om.service.ids to find serviceID for OzoneManager if it is HA enabled cluster
2022-12-15 22:21:42,165 [Listener at 0.0.0.0/45111] INFO  ha.OMHANodeDetails (OMHANodeDetails.java:loadOMHAConfig(226)) - Configuration does not have ozone.om.address set. Falling back to the default OM address /127.0.0.1:0
2022-12-15 22:21:42,165 [Listener at 0.0.0.0/45111] INFO  ha.OMHANodeDetails (OMHANodeDetails.java:getOMNodeDetailsForNonHA(254)) - OM Service ID is not set. Setting it to the default ID: omServiceIdDefault
2022-12-15 22:21:42,165 [Listener at 0.0.0.0/45111] INFO  ha.OMHANodeDetails (OMHANodeDetails.java:getOMNodeDetailsForNonHA(261)) - OM Node ID is not set. Setting it to the default ID: om1
2022-12-15 22:21:42,169 [Listener at 0.0.0.0/45111] WARN  server.ServerUtils (ServerUtils.java:getDBPath(225)) - ozone.om.db.dirs is not configured. We recommend adding this setting. Falling back to ozone.metadata.dirs instead.
2022-12-15 22:21:42,173 [Listener at 0.0.0.0/45111] INFO  upgrade.AbstractLayoutVersionManager (AbstractLayoutVersionManager.java:init(83)) - Initializing Layout version manager with metadata layout = MULTITENANCY_SCHEMA (version = 3), software layout = MULTITENANCY_SCHEMA (version = 3)
2022-12-15 22:21:42,204 [ReplicationMonitor] INFO  replication.ReplicationManager (ReplicationManager.java:processAll(327)) - Replication Manager is not ready to run until 3000ms after safemode exit
2022-12-15 22:21:42,289 [Listener at 0.0.0.0/45111] INFO  reflections.Reflections (Reflections.java:scan(232)) - Reflections took 108 ms to scan 2 urls, producing 154 keys and 428 values [using 2 cores]
2022-12-15 22:21:42,296 [Listener at 0.0.0.0/45111] INFO  upgrade.OMLayoutVersionManager (OMLayoutVersionManager.java:lambda$0(115)) - Skipping Upgrade Action MockOmUpgradeAction since it has been finalized.
2022-12-15 22:21:42,297 [Listener at 0.0.0.0/45111] WARN  server.ServerUtils (ServerUtils.java:getDBPath(225)) - ozone.om.db.dirs is not configured. We recommend adding this setting. Falling back to ozone.metadata.dirs instead.
2022-12-15 22:21:42,479 [Listener at 0.0.0.0/45111] INFO  proxy.SCMBlockLocationFailoverProxyProvider (SCMBlockLocationFailoverProxyProvider.java:<init>(114)) - Created block location fail-over proxy with 1 nodes: [nodeId=scmNodeId,nodeAddress=/0.0.0.0:37919]
2022-12-15 22:21:42,524 [Listener at 0.0.0.0/45111] INFO  proxy.SCMBlockLocationFailoverProxyProvider (SCMBlockLocationFailoverProxyProvider.java:<init>(114)) - Created block location fail-over proxy with 1 nodes: [nodeId=scmNodeId,nodeAddress=/0.0.0.0:37919]
2022-12-15 22:21:42,774 [Listener at 0.0.0.0/45111] WARN  server.ServerUtils (ServerUtils.java:getDBPath(225)) - ozone.om.db.dirs is not configured. We recommend adding this setting. Falling back to ozone.metadata.dirs instead.
2022-12-15 22:21:42,781 [Listener at 0.0.0.0/45111] INFO  codec.OmKeyInfoCodec (OmKeyInfoCodec.java:<init>(49)) - OmKeyInfoCodec ignorePipeline = true
2022-12-15 22:21:42,783 [Listener at 0.0.0.0/45111] INFO  codec.RepeatedOmKeyInfoCodec (RepeatedOmKeyInfoCodec.java:<init>(41)) - RepeatedOmKeyInfoCodec ignorePipeline = true
2022-12-15 22:21:43,047 [Listener at 0.0.0.0/45111] INFO  om.OzoneManager (OzoneManager.java:instantiateServices(715)) - S3 Multi-Tenancy is disabled
2022-12-15 22:21:43,191 [Listener at 0.0.0.0/45111] INFO  om.OzoneManager (OzoneManager.java:addS3GVolumeToDB(4400)) - Created Volume s3v With Owner runner required for S3Gateway operations.
2022-12-15 22:21:43,205 [ReplicationMonitor] INFO  replication.ReplicationManager (ReplicationManager.java:processAll(327)) - Replication Manager is not ready to run until 3000ms after safemode exit
2022-12-15 22:21:43,278 [Listener at 0.0.0.0/45111] WARN  server.ServerUtils (ServerUtils.java:getDefaultRatisDirectory(237)) - Storage directory for Ratis is not configured. It is a good idea to map this to an SSD disk. Falling back to ozone.metadata.dirs
2022-12-15 22:21:43,279 [Listener at 0.0.0.0/45111] WARN  utils.OzoneManagerRatisUtils (OzoneManagerRatisUtils.java:getOMRatisSnapshotDirectory(434)) - ozone.om.ratis.snapshot.dir is not configured. Falling back to ozone.metadata.dirs config
2022-12-15 22:21:43,302 [Listener at 0.0.0.0/45111] WARN  server.ServerUtils (ServerUtils.java:getDefaultRatisDirectory(237)) - Storage directory for Ratis is not configured. It is a good idea to map this to an SSD disk. Falling back to ozone.metadata.dirs
2022-12-15 22:21:43,359 [Listener at 0.0.0.0/45111] INFO  ratis.OzoneManagerRatisServer (OzoneManagerRatisServer.java:<init>(160)) - Instantiating OM Ratis server with groupID: omServiceIdDefault and peers: localhost:33857
2022-12-15 22:21:43,375 [Listener at 0.0.0.0/45111] INFO  ratis.OzoneManagerStateMachine (OzoneManagerStateMachine.java:loadSnapshotInfoFromDB(636)) - LastAppliedIndex is set from TransactionInfo from OM DB as (t:0, i:~)
2022-12-15 22:21:43,461 [Listener at 0.0.0.0/45111] INFO  server.RaftServer (ConfUtils.java:logGet(46)) - raft.rpc.type = GRPC (default)
2022-12-15 22:21:43,572 [Listener at 0.0.0.0/45111] INFO  grpc.GrpcConfigKeys (ConfUtils.java:logFallback(53)) - raft.grpc.admin.host = null (fallback to raft.grpc.server.host)
2022-12-15 22:21:43,574 [Listener at 0.0.0.0/45111] INFO  grpc.GrpcConfigKeys (ConfUtils.java:logFallback(53)) - raft.grpc.admin.port = 33857 (fallback to raft.grpc.server.port)
2022-12-15 22:21:43,574 [Listener at 0.0.0.0/45111] INFO  grpc.GrpcConfigKeys (ConfUtils.java:logFallback(53)) - raft.grpc.client.host = null (fallback to raft.grpc.server.host)
2022-12-15 22:21:43,575 [Listener at 0.0.0.0/45111] INFO  grpc.GrpcConfigKeys (ConfUtils.java:logFallback(53)) - raft.grpc.client.port = 33857 (fallback to raft.grpc.server.port)
2022-12-15 22:21:43,575 [Listener at 0.0.0.0/45111] INFO  grpc.GrpcConfigKeys (ConfUtils.java:logGet(46)) - raft.grpc.server.host = null (default)
2022-12-15 22:21:43,575 [Listener at 0.0.0.0/45111] INFO  grpc.GrpcConfigKeys (ConfUtils.java:logGet(46)) - raft.grpc.server.port = 33857 (custom)
2022-12-15 22:21:43,576 [Listener at 0.0.0.0/45111] INFO  server.GrpcService (ConfUtils.java:logGet(46)) - raft.grpc.message.size.max = 33554432 (custom)
2022-12-15 22:21:43,577 [Listener at 0.0.0.0/45111] INFO  server.RaftServerConfigKeys (ConfUtils.java:logGet(46)) - raft.server.log.appender.buffer.byte-limit = 33554432 (custom)
2022-12-15 22:21:43,578 [Listener at 0.0.0.0/45111] INFO  server.GrpcService (ConfUtils.java:logGet(46)) - raft.grpc.flow.control.window = 1MB (=1048576) (default)
2022-12-15 22:21:43,578 [Listener at 0.0.0.0/45111] INFO  server.RaftServerConfigKeys (ConfUtils.java:logGet(46)) - raft.server.rpc.request.timeout = 3000ms (default)
2022-12-15 22:21:43,599 [Listener at 0.0.0.0/45111] INFO  grpc.GrpcConfigKeys (ConfUtils.java:logGet(46)) - raft.grpc.server.heartbeat.channel = true (default)
2022-12-15 22:21:43,602 [Listener at 0.0.0.0/45111] INFO  grpc.GrpcConfigKeys (ConfUtils.java:logGet(46)) - raft.grpc.server.async.request.thread.pool.cached = true (default)
2022-12-15 22:21:43,602 [Listener at 0.0.0.0/45111] INFO  grpc.GrpcConfigKeys (ConfUtils.java:logGet(46)) - raft.grpc.server.async.request.thread.pool.size = 32 (default)
2022-12-15 22:21:43,990 [Listener at 0.0.0.0/45111] INFO  impl.DataStreamServerImpl (ConfUtils.java:logGet(46)) - raft.datastream.type = DISABLED (default)
2022-12-15 22:21:43,995 [Listener at 0.0.0.0/45111] INFO  server.RaftServerConfigKeys (ConfUtils.java:logGet(46)) - raft.server.threadpool.proxy.cached = true (default)
2022-12-15 22:21:43,996 [Listener at 0.0.0.0/45111] INFO  server.RaftServerConfigKeys (ConfUtils.java:logGet(46)) - raft.server.threadpool.proxy.size = 0 (default)
2022-12-15 22:21:43,996 [Listener at 0.0.0.0/45111] INFO  server.RaftServerConfigKeys (ConfUtils.java:logGet(46)) - raft.server.rpc.slowness.timeout = 120s (custom)
2022-12-15 22:21:43,996 [Listener at 0.0.0.0/45111] INFO  server.RaftServerConfigKeys (ConfUtils.java:logGet(46)) - raft.server.leaderelection.leader.step-down.wait-time = 10s (default)
2022-12-15 22:21:44,000 [Listener at 0.0.0.0/45111] INFO  server.RaftServerConfigKeys (ConfUtils.java:logGet(46)) - raft.server.storage.dir = [/home/runner/work/ozone/ozone/hadoop-ozone/integration-test/target/test-dir/MiniOzoneClusterImpl-67032562-5e12-4c4f-a5ab-79ddd1e2132c/ozone-meta/ratis] (custom)
2022-12-15 22:21:44,010 [Listener at 0.0.0.0/45111] INFO  server.RaftServer (RaftServerProxy.java:addNew(96)) - om1: addNew group-C5BA1605619E:[om1|rpc:localhost:33857|priority:0|startupRole:FOLLOWER] returns group-C5BA1605619E:java.util.concurrent.CompletableFuture@42fc3288[Not completed]
2022-12-15 22:21:44,010 [Listener at 0.0.0.0/45111] INFO  om.OzoneManager (OzoneManager.java:initializeRatisServer(1977)) - OzoneManager Ratis server initialized at port 33857
2022-12-15 22:21:44,052 [Listener at 0.0.0.0/45111] INFO  om.OzoneManager (OzoneManager.java:getRpcServer(1104)) - Creating RPC Server
2022-12-15 22:21:44,070 [pool-54-thread-1] INFO  server.RaftServer$Division (RaftServerImpl.java:<init>(195)) - om1: new RaftServerImpl for group-C5BA1605619E:[om1|rpc:localhost:33857|priority:0|startupRole:FOLLOWER] with OzoneManagerStateMachine:uninitialized
2022-12-15 22:21:44,076 [pool-54-thread-1] INFO  server.RaftServerConfigKeys (ConfUtils.java:logGet(46)) - raft.server.rpc.timeout.min = 1s (custom)
2022-12-15 22:21:44,076 [pool-54-thread-1] INFO  server.RaftServerConfigKeys (ConfUtils.java:logGet(46)) - raft.server.rpc.timeout.max = 1200ms (custom)
2022-12-15 22:21:44,077 [pool-54-thread-1] INFO  server.RaftServerConfigKeys (ConfUtils.java:logGet(46)) - raft.server.rpc.sleep.time = 25ms (default)
2022-12-15 22:21:44,077 [pool-54-thread-1] INFO  server.RaftServerConfigKeys (ConfUtils.java:logGet(46)) - raft.server.rpc.slowness.timeout = 120s (custom)
2022-12-15 22:21:44,077 [pool-54-thread-1] INFO  server.RaftServerConfigKeys (ConfUtils.java:logGet(46)) - raft.server.leaderelection.leader.step-down.wait-time = 10s (default)
2022-12-15 22:21:44,078 [pool-54-thread-1] INFO  server.RaftServerConfigKeys (ConfUtils.java:logGet(46)) - raft.server.sleep.deviation.threshold = 300ms (default)
2022-12-15 22:21:44,103 [pool-54-thread-1] INFO  server.RaftServer$Division (ServerState.java:<init>(118)) - om1@group-C5BA1605619E: ConfigurationManager, init=-1: peers:[om1|rpc:localhost:33857|priority:0|startupRole:FOLLOWER]|listeners:[], old=null, confs=<EMPTY_MAP>
2022-12-15 22:21:44,103 [pool-54-thread-1] INFO  server.RaftServerConfigKeys (ConfUtils.java:logGet(46)) - raft.server.storage.dir = [/home/runner/work/ozone/ozone/hadoop-ozone/integration-test/target/test-dir/MiniOzoneClusterImpl-67032562-5e12-4c4f-a5ab-79ddd1e2132c/ozone-meta/ratis] (custom)
2022-12-15 22:21:44,123 [pool-54-thread-1] INFO  server.RaftServerConfigKeys (ConfUtils.java:logGet(46)) - raft.server.log.corruption.policy = EXCEPTION (default)
2022-12-15 22:21:44,124 [pool-54-thread-1] INFO  server.RaftServerConfigKeys (ConfUtils.java:logGet(46)) - raft.server.storage.free-space.min = 0MB (=0) (default)
2022-12-15 22:21:44,149 [pool-54-thread-1] INFO  server.RaftServerConfigKeys (ConfUtils.java:logGet(46)) - raft.server.notification.no-leader.timeout = 120s (custom)
2022-12-15 22:21:44,153 [pool-54-thread-1] INFO  server.RaftServerConfigKeys (ConfUtils.java:logGet(46)) - raft.server.retrycache.expirytime = 300s (custom)
2022-12-15 22:21:44,153 [pool-54-thread-1] INFO  server.RaftServerConfigKeys (ConfUtils.java:logGet(46)) - raft.server.retrycache.statistics.expirytime = 100μs (default)
2022-12-15 22:21:44,205 [ReplicationMonitor] INFO  replication.ReplicationManager (ReplicationManager.java:processAll(327)) - Replication Manager is not ready to run until 3000ms after safemode exit
2022-12-15 22:21:44,383 [pool-54-thread-1] INFO  server.RaftServerConfigKeys (ConfUtils.java:logGet(46)) - raft.server.log.appender.install.snapshot.enabled = false (custom)
2022-12-15 22:21:44,384 [pool-54-thread-1] INFO  server.RaftServerConfigKeys (ConfUtils.java:logGet(46)) - raft.server.threadpool.server.cached = true (default)
2022-12-15 22:21:44,385 [pool-54-thread-1] INFO  server.RaftServerConfigKeys (ConfUtils.java:logGet(46)) - raft.server.threadpool.server.size = 0 (default)
2022-12-15 22:21:44,386 [pool-54-thread-1] INFO  server.RaftServerConfigKeys (ConfUtils.java:logGet(46)) - raft.server.threadpool.client.cached = true (default)
2022-12-15 22:21:44,387 [pool-54-thread-1] INFO  server.RaftServerConfigKeys (ConfUtils.java:logGet(46)) - raft.server.threadpool.client.size = 0 (default)
2022-12-15 22:21:45,129 [Listener at 0.0.0.0/45111] INFO  reflections.Reflections (Reflections.java:scan(232)) - Reflections took 998 ms to scan 19 urls, producing 67 keys and 4459 values [using 2 cores]
2022-12-15 22:21:45,205 [ReplicationMonitor] INFO  replication.ReplicationManager (ReplicationManager.java:processAll(327)) - Replication Manager is not ready to run until 3000ms after safemode exit
2022-12-15 22:21:45,321 [Listener at 0.0.0.0/45111] INFO  ipc.CallQueueManager (CallQueueManager.java:<init>(90)) - Using callQueue: class java.util.concurrent.LinkedBlockingQueue, queueCapacity: 2000, scheduler: class org.apache.hadoop.ipc.DefaultRpcScheduler, ipcBackoff: false.
2022-12-15 22:21:45,332 [Socket Reader #1 for port 0] INFO  ipc.Server (Server.java:run(1273)) - Starting Socket Reader #1 for port 0
2022-12-15 22:21:45,365 [Listener at 127.0.0.1/44409] INFO  impl.MetricsSystemImpl (MetricsSystemImpl.java:init(158)) - OzoneManager metrics system started (again)
2022-12-15 22:21:45,382 [Listener at 127.0.0.1/44409] INFO  om.OzoneManager (OzoneManager.java:start(1484)) - OzoneManager RPC server is listening at localhost/127.0.0.1:44409
2022-12-15 22:21:45,382 [Listener at 127.0.0.1/44409] INFO  ratis.OzoneManagerRatisServer (OzoneManagerRatisServer.java:start(555)) - Starting OzoneManagerRatisServer om1 at port 33857
2022-12-15 22:21:45,385 [om1-impl-thread1] INFO  storage.RaftStorageDirectory (RaftStorageDirectoryImpl.java:analyzeStorage(137)) - The storage directory /home/runner/work/ozone/ozone/hadoop-ozone/integration-test/target/test-dir/MiniOzoneClusterImpl-67032562-5e12-4c4f-a5ab-79ddd1e2132c/ozone-meta/ratis/bf265839-605b-3f16-9796-c5ba1605619e does not exist. Creating ...
2022-12-15 22:21:45,392 [om1-impl-thread1] INFO  storage.RaftStorageDirectory (RaftStorageDirectoryImpl.java:tryLock(231)) - Lock on /home/runner/work/ozone/ozone/hadoop-ozone/integration-test/target/test-dir/MiniOzoneClusterImpl-67032562-5e12-4c4f-a5ab-79ddd1e2132c/ozone-meta/ratis/bf265839-605b-3f16-9796-c5ba1605619e/in_use.lock acquired by nodename 2635@fv-az83-67
2022-12-15 22:21:45,401 [om1-impl-thread1] INFO  storage.RaftStorage (RaftStorageImpl.java:format(96)) - Storage directory /home/runner/work/ozone/ozone/hadoop-ozone/integration-test/target/test-dir/MiniOzoneClusterImpl-67032562-5e12-4c4f-a5ab-79ddd1e2132c/ozone-meta/ratis/bf265839-605b-3f16-9796-c5ba1605619e has been successfully formatted.
2022-12-15 22:21:45,404 [om1-impl-thread1] INFO  server.RaftServerConfigKeys (ConfUtils.java:logGet(46)) - raft.server.log.use.memory = false (default)
2022-12-15 22:21:45,413 [om1-impl-thread1] INFO  server.RaftServerConfigKeys (ConfUtils.java:logGet(46)) - raft.server.log.purge.gap = 1000000 (custom)
2022-12-15 22:21:45,414 [om1-impl-thread1] INFO  server.RaftServerConfigKeys (ConfUtils.java:logGet(46)) - raft.server.log.appender.buffer.byte-limit = 33554432 (custom)
2022-12-15 22:21:45,416 [om1-impl-thread1] INFO  server.RaftServerConfigKeys (ConfUtils.java:logGet(46)) - raft.server.log.statemachine.data.read.timeout = 1000ms (default)
2022-12-15 22:21:45,417 [om1-impl-thread1] INFO  server.RaftServerConfigKeys (ConfUtils.java:logGet(46)) - raft.server.log.purge.preservation.log.num = 0 (default)
2022-12-15 22:21:45,420 [om1-impl-thread1] INFO  server.RaftServerConfigKeys (ConfUtils.java:logGet(46)) - raft.server.log.segment.size.max = 4194304 (custom)
2022-12-15 22:21:45,426 [om1-impl-thread1] INFO  server.RaftServerConfigKeys (ConfUtils.java:logGet(46)) - raft.server.log.segment.cache.num.max = 2 (custom)
2022-12-15 22:21:45,427 [om1-impl-thread1] INFO  server.RaftServerConfigKeys (ConfUtils.java:logGet(46)) - raft.server.log.segment.cache.size.max = 200MB (=209715200) (default)
2022-12-15 22:21:45,433 [om1-impl-thread1] INFO  segmented.SegmentedRaftLogWorker (SegmentedRaftLogWorker.java:<init>(189)) - new om1@group-C5BA1605619E-SegmentedRaftLogWorker for RaftStorageImpl:Storage Directory /home/runner/work/ozone/ozone/hadoop-ozone/integration-test/target/test-dir/MiniOzoneClusterImpl-67032562-5e12-4c4f-a5ab-79ddd1e2132c/ozone-meta/ratis/bf265839-605b-3f16-9796-c5ba1605619e
2022-12-15 22:21:45,434 [om1-impl-thread1] INFO  server.RaftServerConfigKeys (ConfUtils.java:logGet(46)) - raft.server.log.queue.byte-limit = 64MB (=67108864) (default)
2022-12-15 22:21:45,434 [om1-impl-thread1] INFO  server.RaftServerConfigKeys (ConfUtils.java:logGet(46)) - raft.server.log.queue.element-limit = 4096 (default)
2022-12-15 22:21:45,436 [om1-impl-thread1] INFO  server.RaftServerConfigKeys (ConfUtils.java:logGet(46)) - raft.server.log.segment.size.max = 4194304 (custom)
2022-12-15 22:21:45,436 [om1-impl-thread1] INFO  server.RaftServerConfigKeys (ConfUtils.java:logGet(46)) - raft.server.log.preallocated.size = 4194304 (custom)
2022-12-15 22:21:45,436 [om1-impl-thread1] INFO  server.RaftServerConfigKeys (ConfUtils.java:logGet(46)) - raft.server.log.force.sync.num = 128 (default)
2022-12-15 22:21:45,437 [om1-impl-thread1] INFO  server.RaftServerConfigKeys (ConfUtils.java:logGet(46)) - raft.server.log.statemachine.data.sync = true (default)
2022-12-15 22:21:45,438 [om1-impl-thread1] INFO  server.RaftServerConfigKeys (ConfUtils.java:logGet(46)) - raft.server.log.statemachine.data.sync.timeout = 10s (default)
2022-12-15 22:21:45,438 [om1-impl-thread1] INFO  server.RaftServerConfigKeys (ConfUtils.java:logGet(46)) - raft.server.log.statemachine.data.sync.timeout.retry = -1 (default)
2022-12-15 22:21:45,449 [om1-impl-thread1] INFO  server.RaftServerConfigKeys (ConfUtils.java:logGet(46)) - raft.server.log.write.buffer.size = 64KB (=65536) (default)
2022-12-15 22:21:45,450 [om1-impl-thread1] INFO  server.RaftServerConfigKeys (ConfUtils.java:logGet(46)) - raft.server.log.appender.buffer.byte-limit = 33554432 (custom)
2022-12-15 22:21:45,457 [om1-impl-thread1] INFO  server.RaftServerConfigKeys (ConfUtils.java:logGet(46)) - raft.server.log.unsafe-flush.enabled = false (default)
2022-12-15 22:21:45,457 [om1-impl-thread1] INFO  server.RaftServerConfigKeys (ConfUtils.java:logGet(46)) - raft.server.log.async-flush.enabled = false (default)
2022-12-15 22:21:45,458 [om1-impl-thread1] INFO  server.RaftServerConfigKeys (ConfUtils.java:logGet(46)) - raft.server.log.statemachine.data.caching.enabled = false (default)
2022-12-15 22:21:45,467 [om1-impl-thread1] INFO  segmented.SegmentedRaftLogWorker (SegmentedRaftLogWorker.java:lambda$new$0(135)) - om1@group-C5BA1605619E-SegmentedRaftLogWorker: flushIndex: setUnconditionally 0 -> -1
2022-12-15 22:21:45,467 [om1-impl-thread1] INFO  segmented.SegmentedRaftLogWorker (SegmentedRaftLogWorker.java:lambda$new$0(135)) - om1@group-C5BA1605619E-SegmentedRaftLogWorker: safeCacheEvictIndex: setUnconditionally 0 -> -1
2022-12-15 22:21:45,469 [om1-impl-thread1] INFO  server.RaftServer$Division (RaftServerImpl.java:start(334)) - om1@group-C5BA1605619E: start as a follower, conf=-1: peers:[om1|rpc:localhost:33857|priority:0|startupRole:FOLLOWER]|listeners:[], old=null
2022-12-15 22:21:45,470 [om1-impl-thread1] INFO  server.RaftServer$Division (RaftServerImpl.java:setRole(321)) - om1@group-C5BA1605619E: changes role from      null to FOLLOWER at term 0 for startAsFollower
2022-12-15 22:21:45,472 [om1-impl-thread1] INFO  impl.RoleInfo (RoleInfo.java:updateAndGet(139)) - om1: start om1@group-C5BA1605619E-FollowerState
2022-12-15 22:21:45,473 [om1-impl-thread1] INFO  util.JmxRegister (JmxRegister.java:tryRegister(44)) - Successfully registered JMX Bean with object name Ratis:service=RaftServer,group=group-C5BA1605619E,id=om1
2022-12-15 22:21:45,475 [om1-impl-thread1] INFO  server.RaftServerConfigKeys (ConfUtils.java:logGet(46)) - raft.server.snapshot.auto.trigger.enabled = true (custom)
2022-12-15 22:21:45,476 [om1-impl-thread1] INFO  server.RaftServerConfigKeys (ConfUtils.java:logGet(46)) - raft.server.snapshot.auto.trigger.threshold = 400000 (default)
2022-12-15 22:21:45,476 [om1-impl-thread1] INFO  server.RaftServerConfigKeys (ConfUtils.java:logGet(46)) - raft.server.snapshot.retention.file.num = -1 (default)
2022-12-15 22:21:45,477 [om1-impl-thread1] INFO  server.RaftServerConfigKeys (ConfUtils.java:logGet(46)) - raft.server.log.purge.upto.snapshot.index = true (custom)
2022-12-15 22:21:45,477 [om1@group-C5BA1605619E-FollowerState] INFO  server.RaftServerConfigKeys (ConfUtils.java:logFallback(53)) - raft.server.rpc.first-election.timeout.min = 1s (fallback to raft.server.rpc.timeout.min)
2022-12-15 22:21:45,478 [om1@group-C5BA1605619E-FollowerState] INFO  server.RaftServerConfigKeys (ConfUtils.java:logFallback(53)) - raft.server.rpc.first-election.timeout.max = 1200ms (fallback to raft.server.rpc.timeout.max)
2022-12-15 22:21:45,482 [Listener at 127.0.0.1/44409] INFO  server.RaftServer (RaftServerProxy.java:startImpl(393)) - om1: start RPC server
2022-12-15 22:21:45,567 [Listener at 127.0.0.1/44409] INFO  server.GrpcService (GrpcService.java:startImpl(262)) - om1: GrpcService started, listening on 33857
2022-12-15 22:21:45,570 [Listener at 127.0.0.1/44409] INFO  om.OzoneManager (OzoneManager.java:start(1500)) - Version File has different layout version (3) than OM DB (null). That is expected if this OM has never been finalized to a newer layout version.
2022-12-15 22:21:45,574 [JvmPauseMonitor0] INFO  util.JvmPauseMonitor (JvmPauseMonitor.java:run(105)) - JvmPauseMonitor-om1: Started
2022-12-15 22:21:45,593 [Listener at 127.0.0.1/44409] INFO  http.BaseHttpServer (BaseHttpServer.java:newHttpServer2BuilderForOzone(213)) - Starting Web-server for ozoneManager at: http://0.0.0.0:0
2022-12-15 22:21:45,593 [Listener at 127.0.0.1/44409] INFO  http.BaseHttpServer (BaseHttpServer.java:<init>(108)) - Hadoop Security Enabled: false Ozone Security Enabled: false Ozone HTTP Security Enabled: false 
2022-12-15 22:21:45,595 [Listener at 127.0.0.1/44409] WARN  server.AuthenticationFilter (AuthenticationFilter.java:constructSecretProvider(240)) - Unable to initialize FileSignerSecretProvider, falling back to use random secrets. Reason: Could not read signature secret file: /home/runner/hadoop-http-auth-signature-secret
2022-12-15 22:21:45,600 [Listener at 127.0.0.1/44409] WARN  http.HttpRequestLog (HttpRequestLog.java:getRequestLog(103)) - Jetty request log can only be enabled using Log4j
2022-12-15 22:21:45,602 [Listener at 127.0.0.1/44409] INFO  http.HttpServer2 (HttpServer2.java:addGlobalFilter(1031)) - Added global filter 'safety' (class=org.apache.hadoop.hdds.server.http.HttpServer2$QuotingInputFilter)
2022-12-15 22:21:45,603 [Listener at 127.0.0.1/44409] INFO  http.HttpServer2 (HttpServer2.java:addFilter(1007)) - Added filter static_user_filter (class=org.apache.hadoop.http.lib.StaticUserWebFilter$StaticUserFilter) to context ozoneManager
2022-12-15 22:21:45,603 [Listener at 127.0.0.1/44409] INFO  http.HttpServer2 (HttpServer2.java:addFilter(1015)) - Added filter static_user_filter (class=org.apache.hadoop.http.lib.StaticUserWebFilter$StaticUserFilter) to context logs
2022-12-15 22:21:45,603 [Listener at 127.0.0.1/44409] INFO  http.HttpServer2 (HttpServer2.java:addFilter(1015)) - Added filter static_user_filter (class=org.apache.hadoop.http.lib.StaticUserWebFilter$StaticUserFilter) to context static
2022-12-15 22:21:45,606 [Listener at 127.0.0.1/44409] INFO  http.HttpServer2 (HttpServer2.java:bindListener(1250)) - Jetty bound to port 40693
2022-12-15 22:21:45,607 [Listener at 127.0.0.1/44409] INFO  server.Server (Server.java:doStart(375)) - jetty-9.4.49.v20220914; built: 2022-09-14T01:07:36.601Z; git: 4231a3b2e4cb8548a412a789936d640a97b1aa0a; jvm 1.8.0_352-b08
2022-12-15 22:21:45,625 [Listener at 127.0.0.1/44409] INFO  server.session (DefaultSessionIdManager.java:doStart(334)) - DefaultSessionIdManager workerName=node0
2022-12-15 22:21:45,626 [Listener at 127.0.0.1/44409] INFO  server.session (DefaultSessionIdManager.java:doStart(339)) - No SessionScavenger set, using defaults
2022-12-15 22:21:45,626 [Listener at 127.0.0.1/44409] INFO  server.session (HouseKeeper.java:startScavenging(132)) - node0 Scavenging every 660000ms
2022-12-15 22:21:45,630 [Listener at 127.0.0.1/44409] INFO  handler.ContextHandler (ContextHandler.java:doStart(921)) - Started o.e.j.s.ServletContextHandler@7c1fc787{logs,/logs,file:///home/runner/work/ozone/ozone/hadoop-ozone/integration-test/target/log,AVAILABLE}
2022-12-15 22:21:45,630 [Listener at 127.0.0.1/44409] INFO  handler.ContextHandler (ContextHandler.java:doStart(921)) - Started o.e.j.s.ServletContextHandler@1a7ab4b6{static,/static,file:///home/runner/work/ozone/ozone/hadoop-ozone/integration-test/target/test-classes/webapps/static,AVAILABLE}
2022-12-15 22:21:45,635 [Listener at 127.0.0.1/44409] INFO  handler.ContextHandler (ContextHandler.java:doStart(921)) - Started o.e.j.w.WebAppContext@46bf79e{ozoneManager,/,file:///home/runner/work/ozone/ozone/hadoop-ozone/integration-test/target/test-classes/webapps/ozoneManager/,AVAILABLE}{file:/home/runner/work/ozone/ozone/hadoop-ozone/integration-test/target/test-classes/webapps/ozoneManager}
2022-12-15 22:21:45,637 [Listener at 127.0.0.1/44409] INFO  server.AbstractConnector (AbstractConnector.java:doStart(333)) - Started ServerConnector@5e5a02d0{HTTP/1.1, (http/1.1)}{0.0.0.0:40693}
2022-12-15 22:21:45,637 [Listener at 127.0.0.1/44409] INFO  server.Server (Server.java:doStart(415)) - Started @9351ms
2022-12-15 22:21:45,637 [Listener at 127.0.0.1/44409] WARN  impl.MetricsSystemImpl (MetricsSystemImpl.java:register(279)) - Sink prometheus already exists!
2022-12-15 22:21:45,638 [Listener at 127.0.0.1/44409] INFO  http.BaseHttpServer (BaseHttpServer.java:updateConnectorAddress(333)) - HTTP server of ozoneManager listening at http://0.0.0.0:40693
2022-12-15 22:21:45,638 [IPC Server Responder] INFO  ipc.Server (Server.java:run(1512)) - IPC Server Responder: starting
2022-12-15 22:21:45,638 [IPC Server listener on 0] INFO  ipc.Server (Server.java:run(1352)) - IPC Server listener on 0: starting
2022-12-15 22:21:45,650 [Listener at 127.0.0.1/44409] INFO  om.OzoneManager (OzoneManager.java:startTrashEmptier(1921)) - Trash Interval set to 0. Files deleted won't move to trash
2022-12-15 22:21:45,658 [org.apache.hadoop.util.JvmPauseMonitor$Monitor@38d93bca] INFO  util.JvmPauseMonitor (JvmPauseMonitor.java:run(188)) - Starting JVM pause monitor
2022-12-15 22:21:45,891 [Listener at 127.0.0.1/44409] WARN  impl.MetricRegistriesImpl (MetricRegistriesImpl.java:addReporterRegistration(111)) - New reporters are added after registries were created. Some metrics will be missing from the reporter. Please add reporter before adding any new registry.
2022-12-15 22:21:45,891 [Listener at 127.0.0.1/44409] WARN  impl.MetricRegistriesImpl (MetricRegistriesImpl.java:addReporterRegistration(111)) - New reporters are added after registries were created. Some metrics will be missing from the reporter. Please add reporter before adding any new registry.
2022-12-15 22:21:45,892 [Listener at 127.0.0.1/44409] INFO  impl.MetricsSystemImpl (MetricsSystemImpl.java:init(158)) - HddsDatanode metrics system started (again)
2022-12-15 22:21:45,915 [Listener at 127.0.0.1/44409] INFO  ozone.HddsDatanodeService (HddsDatanodeService.java:start(236)) - HddsDatanodeService host:fv-az83-67.pawgbth4qraerhbqawdeo1jfng.dx.internal.cloudapp.net ip:10.1.0.13
2022-12-15 22:21:45,976 [Listener at 127.0.0.1/44409] INFO  upgrade.AbstractLayoutVersionManager (AbstractLayoutVersionManager.java:init(83)) - Initializing Layout version manager with metadata layout = DATANODE_SCHEMA_V3 (version = 4), software layout = DATANODE_SCHEMA_V3 (version = 4)
2022-12-15 22:21:46,049 [Listener at 127.0.0.1/44409] INFO  reflections.Reflections (Reflections.java:scan(232)) - Reflections took 71 ms to scan 7 urls, producing 140 keys and 342 values 
2022-12-15 22:21:46,057 [Listener at 127.0.0.1/44409] INFO  statemachine.DatanodeStateMachine (DatanodeStateMachine.java:getEndPointTaskThreadPoolSize(249)) - Datanode State Machine Task Thread Pool size 2
2022-12-15 22:21:46,132 [Listener at 127.0.0.1/44409] INFO  volume.HddsVolume (HddsVolume.java:<init>(117)) - Creating HddsVolume: /home/runner/work/ozone/ozone/hadoop-ozone/integration-test/target/test-dir/MiniOzoneClusterImpl-67032562-5e12-4c4f-a5ab-79ddd1e2132c/datanode-0/data-0/containers/hdds of storage type : DISK capacity : 9223372036854775807
2022-12-15 22:21:46,137 [Listener at 127.0.0.1/44409] INFO  volume.MutableVolumeSet (MutableVolumeSet.java:initializeVolumeSet(174)) - Added Volume : /home/runner/work/ozone/ozone/hadoop-ozone/integration-test/target/test-dir/MiniOzoneClusterImpl-67032562-5e12-4c4f-a5ab-79ddd1e2132c/datanode-0/data-0/containers/hdds to VolumeSet
2022-12-15 22:21:46,138 [Listener at 127.0.0.1/44409] INFO  volume.ThrottledAsyncChecker (ThrottledAsyncChecker.java:schedule(141)) - Scheduling a check for /home/runner/work/ozone/ozone/hadoop-ozone/integration-test/target/test-dir/MiniOzoneClusterImpl-67032562-5e12-4c4f-a5ab-79ddd1e2132c/datanode-0/data-0/containers/hdds
2022-12-15 22:21:46,164 [Listener at 127.0.0.1/44409] INFO  volume.StorageVolumeChecker (StorageVolumeChecker.java:checkAllVolumes(202)) - Scheduled health check for volume /home/runner/work/ozone/ozone/hadoop-ozone/integration-test/target/test-dir/MiniOzoneClusterImpl-67032562-5e12-4c4f-a5ab-79ddd1e2132c/datanode-0/data-0/containers/hdds
2022-12-15 22:21:46,188 [Listener at 127.0.0.1/44409] INFO  volume.MutableVolumeSet (MutableVolumeSet.java:initializeVolumeSet(174)) - Added Volume : /home/runner/work/ozone/ozone/hadoop-ozone/integration-test/target/test-dir/MiniOzoneClusterImpl-67032562-5e12-4c4f-a5ab-79ddd1e2132c/datanode-0/data/ratis to VolumeSet
2022-12-15 22:21:46,188 [Listener at 127.0.0.1/44409] INFO  volume.ThrottledAsyncChecker (ThrottledAsyncChecker.java:schedule(141)) - Scheduling a check for /home/runner/work/ozone/ozone/hadoop-ozone/integration-test/target/test-dir/MiniOzoneClusterImpl-67032562-5e12-4c4f-a5ab-79ddd1e2132c/datanode-0/data/ratis
2022-12-15 22:21:46,189 [Listener at 127.0.0.1/44409] INFO  volume.StorageVolumeChecker (StorageVolumeChecker.java:checkAllVolumes(202)) - Scheduled health check for volume /home/runner/work/ozone/ozone/hadoop-ozone/integration-test/target/test-dir/MiniOzoneClusterImpl-67032562-5e12-4c4f-a5ab-79ddd1e2132c/datanode-0/data/ratis
2022-12-15 22:21:46,206 [ReplicationMonitor] INFO  replication.ReplicationManager (ReplicationManager.java:processAll(327)) - Replication Manager is not ready to run until 3000ms after safemode exit
2022-12-15 22:21:46,217 [Thread-137] INFO  ozoneimpl.ContainerReader (ContainerReader.java:readVolume(175)) - Finish verifying containers on volume /home/runner/work/ozone/ozone/hadoop-ozone/integration-test/target/test-dir/MiniOzoneClusterImpl-67032562-5e12-4c4f-a5ab-79ddd1e2132c/datanode-0/data-0/containers/hdds
2022-12-15 22:21:46,217 [Listener at 127.0.0.1/44409] INFO  ozoneimpl.OzoneContainer (OzoneContainer.java:buildContainerSet(301)) - Build ContainerSet costs 0s
2022-12-15 22:21:46,282 [Listener at 127.0.0.1/44409] INFO  audit.AuditLogger (AuditLogger.java:refreshDebugCmdSet(126)) - Refresh DebugCmdSet for DNAudit to [].
2022-12-15 22:21:46,314 [Listener at 127.0.0.1/44409] INFO  server.RaftServer (ConfUtils.java:logGet(46)) - raft.rpc.type = GRPC (default)
2022-12-15 22:21:46,315 [Listener at 127.0.0.1/44409] INFO  grpc.GrpcConfigKeys (ConfUtils.java:logFallback(53)) - raft.grpc.admin.host = null (fallback to raft.grpc.server.host)
2022-12-15 22:21:46,315 [Listener at 127.0.0.1/44409] INFO  grpc.GrpcConfigKeys (ConfUtils.java:logGet(46)) - raft.grpc.admin.port = 0 (custom)
2022-12-15 22:21:46,317 [Listener at 127.0.0.1/44409] INFO  grpc.GrpcConfigKeys (ConfUtils.java:logFallback(53)) - raft.grpc.client.host = null (fallback to raft.grpc.server.host)
2022-12-15 22:21:46,318 [Listener at 127.0.0.1/44409] INFO  grpc.GrpcConfigKeys (ConfUtils.java:logGet(46)) - raft.grpc.client.port = 0 (custom)
2022-12-15 22:21:46,318 [Listener at 127.0.0.1/44409] INFO  grpc.GrpcConfigKeys (ConfUtils.java:logGet(46)) - raft.grpc.server.host = null (default)
2022-12-15 22:21:46,318 [Listener at 127.0.0.1/44409] INFO  grpc.GrpcConfigKeys (ConfUtils.java:logGet(46)) - raft.grpc.server.port = 0 (default)
2022-12-15 22:21:46,318 [Listener at 127.0.0.1/44409] INFO  server.GrpcService (ConfUtils.java:logGet(46)) - raft.grpc.message.size.max = 32MB (=33554432) (custom)
2022-12-15 22:21:46,318 [Listener at 127.0.0.1/44409] INFO  server.RaftServerConfigKeys (ConfUtils.java:logGet(46)) - raft.server.log.appender.buffer.byte-limit = 33554432 (custom)
2022-12-15 22:21:46,318 [Listener at 127.0.0.1/44409] INFO  server.GrpcService (ConfUtils.java:logGet(46)) - raft.grpc.flow.control.window = 5MB (=5242880) (custom)
2022-12-15 22:21:46,319 [Listener at 127.0.0.1/44409] INFO  server.RaftServerConfigKeys (ConfUtils.java:logGet(46)) - raft.server.rpc.request.timeout = 60s (custom)
2022-12-15 22:21:46,319 [Listener at 127.0.0.1/44409] INFO  grpc.GrpcConfigKeys (ConfUtils.java:logGet(46)) - raft.grpc.server.heartbeat.channel = true (default)
2022-12-15 22:21:46,319 [Listener at 127.0.0.1/44409] INFO  grpc.GrpcConfigKeys (ConfUtils.java:logGet(46)) - raft.grpc.server.async.request.thread.pool.cached = true (default)
2022-12-15 22:21:46,319 [Listener at 127.0.0.1/44409] INFO  grpc.GrpcConfigKeys (ConfUtils.java:logGet(46)) - raft.grpc.server.async.request.thread.pool.size = 32 (default)
2022-12-15 22:21:46,321 [Listener at 127.0.0.1/44409] INFO  impl.DataStreamServerImpl (ConfUtils.java:logGet(46)) - raft.datastream.type = DISABLED (default)
2022-12-15 22:21:46,321 [Listener at 127.0.0.1/44409] INFO  server.RaftServerConfigKeys (ConfUtils.java:logGet(46)) - raft.server.threadpool.proxy.cached = true (default)
2022-12-15 22:21:46,321 [Listener at 127.0.0.1/44409] INFO  server.RaftServerConfigKeys (ConfUtils.java:logGet(46)) - raft.server.threadpool.proxy.size = 0 (default)
2022-12-15 22:21:46,321 [Listener at 127.0.0.1/44409] INFO  server.RaftServerConfigKeys (ConfUtils.java:logGet(46)) - raft.server.rpc.slowness.timeout = 300s (custom)
2022-12-15 22:21:46,321 [Listener at 127.0.0.1/44409] INFO  server.RaftServerConfigKeys (ConfUtils.java:logGet(46)) - raft.server.leaderelection.leader.step-down.wait-time = 10s (default)
2022-12-15 22:21:46,322 [Listener at 127.0.0.1/44409] INFO  server.RaftServerConfigKeys (ConfUtils.java:logGet(46)) - raft.server.storage.dir = [/home/runner/work/ozone/ozone/hadoop-ozone/integration-test/target/test-dir/MiniOzoneClusterImpl-67032562-5e12-4c4f-a5ab-79ddd1e2132c/datanode-0/data/ratis] (custom)
2022-12-15 22:21:46,343 [Listener at 127.0.0.1/44409] INFO  server.XceiverServerGrpc (XceiverServerGrpc.java:<init>(132)) - GrpcServer channel type EpollServerSocketChannel
2022-12-15 22:21:46,419 [Listener at 127.0.0.1/44409] INFO  http.BaseHttpServer (BaseHttpServer.java:newHttpServer2BuilderForOzone(213)) - Starting Web-server for hddsDatanode at: http://0.0.0.0:0
2022-12-15 22:21:46,420 [Listener at 127.0.0.1/44409] INFO  http.BaseHttpServer (BaseHttpServer.java:<init>(108)) - Hadoop Security Enabled: false Ozone Security Enabled: false Ozone HTTP Security Enabled: false 
2022-12-15 22:21:46,421 [Listener at 127.0.0.1/44409] WARN  server.AuthenticationFilter (AuthenticationFilter.java:constructSecretProvider(240)) - Unable to initialize FileSignerSecretProvider, falling back to use random secrets. Reason: Could not read signature secret file: /home/runner/hadoop-http-auth-signature-secret
2022-12-15 22:21:46,424 [Listener at 127.0.0.1/44409] WARN  http.HttpRequestLog (HttpRequestLog.java:getRequestLog(103)) - Jetty request log can only be enabled using Log4j
2022-12-15 22:21:46,426 [Listener at 127.0.0.1/44409] INFO  http.HttpServer2 (HttpServer2.java:addGlobalFilter(1031)) - Added global filter 'safety' (class=org.apache.hadoop.hdds.server.http.HttpServer2$QuotingInputFilter)
2022-12-15 22:21:46,427 [Listener at 127.0.0.1/44409] INFO  http.HttpServer2 (HttpServer2.java:addFilter(1007)) - Added filter static_user_filter (class=org.apache.hadoop.http.lib.StaticUserWebFilter$StaticUserFilter) to context hddsDatanode
2022-12-15 22:21:46,427 [Listener at 127.0.0.1/44409] INFO  http.HttpServer2 (HttpServer2.java:addFilter(1015)) - Added filter static_user_filter (class=org.apache.hadoop.http.lib.StaticUserWebFilter$StaticUserFilter) to context static
2022-12-15 22:21:46,427 [Listener at 127.0.0.1/44409] INFO  http.HttpServer2 (HttpServer2.java:addFilter(1015)) - Added filter static_user_filter (class=org.apache.hadoop.http.lib.StaticUserWebFilter$StaticUserFilter) to context logs
2022-12-15 22:21:46,429 [Listener at 127.0.0.1/44409] INFO  http.HttpServer2 (HttpServer2.java:bindListener(1250)) - Jetty bound to port 38743
2022-12-15 22:21:46,429 [Listener at 127.0.0.1/44409] INFO  server.Server (Server.java:doStart(375)) - jetty-9.4.49.v20220914; built: 2022-09-14T01:07:36.601Z; git: 4231a3b2e4cb8548a412a789936d640a97b1aa0a; jvm 1.8.0_352-b08
2022-12-15 22:21:46,435 [Listener at 127.0.0.1/44409] INFO  server.session (DefaultSessionIdManager.java:doStart(334)) - DefaultSessionIdManager workerName=node0
2022-12-15 22:21:46,435 [Listener at 127.0.0.1/44409] INFO  server.session (DefaultSessionIdManager.java:doStart(339)) - No SessionScavenger set, using defaults
2022-12-15 22:21:46,436 [Listener at 127.0.0.1/44409] INFO  server.session (HouseKeeper.java:startScavenging(132)) - node0 Scavenging every 660000ms
2022-12-15 22:21:46,437 [Listener at 127.0.0.1/44409] INFO  handler.ContextHandler (ContextHandler.java:doStart(921)) - Started o.e.j.s.ServletContextHandler@7c8fdb94{logs,/logs,file:///home/runner/work/ozone/ozone/hadoop-ozone/integration-test/target/log,AVAILABLE}
2022-12-15 22:21:46,437 [Listener at 127.0.0.1/44409] INFO  handler.ContextHandler (ContextHandler.java:doStart(921)) - Started o.e.j.s.ServletContextHandler@559465f1{static,/static,jar:file:/home/runner/.m2/repository/org/apache/ozone/hdds-container-service/1.3.0-SNAPSHOT/hdds-container-service-1.3.0-SNAPSHOT.jar!/webapps/static,AVAILABLE}
2022-12-15 22:21:46,650 [om1@group-C5BA1605619E-FollowerState] INFO  impl.FollowerState (FollowerState.java:run(143)) - om1@group-C5BA1605619E-FollowerState: change to CANDIDATE, lastRpcElapsedTime:1178469424ns, electionTimeout:1170ms
2022-12-15 22:21:46,651 [om1@group-C5BA1605619E-FollowerState] INFO  impl.RoleInfo (RoleInfo.java:shutdownFollowerState(110)) - om1: shutdown om1@group-C5BA1605619E-FollowerState
2022-12-15 22:21:46,652 [om1@group-C5BA1605619E-FollowerState] INFO  server.RaftServer$Division (RaftServerImpl.java:setRole(321)) - om1@group-C5BA1605619E: changes role from  FOLLOWER to CANDIDATE at term 0 for changeToCandidate
2022-12-15 22:21:46,655 [om1@group-C5BA1605619E-FollowerState] INFO  server.RaftServerConfigKeys (ConfUtils.java:logGet(46)) - raft.server.leaderelection.pre-vote = false (custom)
2022-12-15 22:21:46,655 [om1@group-C5BA1605619E-FollowerState] INFO  impl.RoleInfo (RoleInfo.java:updateAndGet(139)) - om1: start om1@group-C5BA1605619E-LeaderElection1
2022-12-15 22:21:46,670 [om1@group-C5BA1605619E-LeaderElection1] INFO  impl.LeaderElection (LeaderElection.java:askForVotes(312)) - om1@group-C5BA1605619E-LeaderElection1 ELECTION round 0: submit vote requests at term 1 for -1: peers:[om1|rpc:localhost:33857|priority:0|startupRole:FOLLOWER]|listeners:[], old=null
2022-12-15 22:21:46,671 [om1@group-C5BA1605619E-LeaderElection1] INFO  impl.LeaderElection (LeaderElection.java:askForVotes(314)) - om1@group-C5BA1605619E-LeaderElection1 ELECTION round 0: result PASSED (term=1)
2022-12-15 22:21:46,673 [om1@group-C5BA1605619E-LeaderElection1] INFO  impl.RoleInfo (RoleInfo.java:shutdownLeaderElection(130)) - om1: shutdown om1@group-C5BA1605619E-LeaderElection1
2022-12-15 22:21:46,674 [om1@group-C5BA1605619E-LeaderElection1] INFO  server.RaftServer$Division (RaftServerImpl.java:setRole(321)) - om1@group-C5BA1605619E: changes role from CANDIDATE to LEADER at term 1 for changeToLeader
2022-12-15 22:21:46,674 [om1@group-C5BA1605619E-LeaderElection1] INFO  server.RaftServer$Division (ServerState.java:setLeader(313)) - om1@group-C5BA1605619E: change Leader from null to om1 at term 1 for becomeLeader, leader elected after 2525ms
2022-12-15 22:21:46,689 [om1@group-C5BA1605619E-LeaderElection1] INFO  server.RaftServerConfigKeys (ConfUtils.java:logGet(46)) - raft.server.staging.catchup.gap = 1000 (default)
2022-12-15 22:21:46,695 [om1@group-C5BA1605619E-LeaderElection1] INFO  server.RaftServerConfigKeys (ConfUtils.java:logGet(46)) - raft.server.write.element-limit = 4096 (default)
2022-12-15 22:21:46,695 [om1@group-C5BA1605619E-LeaderElection1] INFO  server.RaftServerConfigKeys (ConfUtils.java:logGet(46)) - raft.server.write.byte-limit = 64MB (=67108864) (default)
2022-12-15 22:21:46,701 [om1@group-C5BA1605619E-LeaderElection1] INFO  server.RaftServerConfigKeys (ConfUtils.java:logGet(46)) - raft.server.watch.timeout = 10s (default)
2022-12-15 22:21:46,701 [om1@group-C5BA1605619E-LeaderElection1] INFO  server.RaftServerConfigKeys (ConfUtils.java:logGet(46)) - raft.server.watch.timeout.denomination = 1s (default)
2022-12-15 22:21:46,702 [om1@group-C5BA1605619E-LeaderElection1] INFO  server.RaftServerConfigKeys (ConfUtils.java:logGet(46)) - raft.server.watch.element-limit = 65536 (default)
2022-12-15 22:21:46,708 [om1@group-C5BA1605619E-LeaderElection1] INFO  server.RaftServerConfigKeys (ConfUtils.java:logGet(46)) - raft.server.write.element-limit = 4096 (default)
2022-12-15 22:21:46,712 [om1@group-C5BA1605619E-LeaderElection1] INFO  server.RaftServerConfigKeys (ConfUtils.java:logGet(46)) - raft.server.write.follower.gap.ratio.max = -1.0 (default)
2022-12-15 22:21:46,719 [om1@group-C5BA1605619E-LeaderElection1] INFO  impl.RoleInfo (RoleInfo.java:updateAndGet(139)) - om1: start om1@group-C5BA1605619E-LeaderStateImpl
2022-12-15 22:21:46,752 [om1@group-C5BA1605619E-LeaderElection1] INFO  segmented.SegmentedRaftLogWorker (SegmentedRaftLogWorker.java:startLogSegment(452)) - om1@group-C5BA1605619E-SegmentedRaftLogWorker: Starting segment from index:0
2022-12-15 22:21:46,768 [Listener at 127.0.0.1/44409] INFO  handler.ContextHandler (ContextHandler.java:doStart(921)) - Started o.e.j.w.WebAppContext@18d5dd62{hddsDatanode,/,file:///tmp/jetty-0_0_0_0-38743-hdds-container-service-1_3_0-SNAPSHOT_jar-_-any-4855336161846529449/webapp/,AVAILABLE}{jar:file:/home/runner/.m2/repository/org/apache/ozone/hdds-container-service/1.3.0-SNAPSHOT/hdds-container-service-1.3.0-SNAPSHOT.jar!/webapps/hddsDatanode}
2022-12-15 22:21:46,770 [Listener at 127.0.0.1/44409] INFO  server.AbstractConnector (AbstractConnector.java:doStart(333)) - Started ServerConnector@45b15e75{HTTP/1.1, (http/1.1)}{0.0.0.0:38743}
2022-12-15 22:21:46,770 [Listener at 127.0.0.1/44409] INFO  server.Server (Server.java:doStart(415)) - Started @10484ms
2022-12-15 22:21:46,770 [Listener at 127.0.0.1/44409] WARN  impl.MetricsSystemImpl (MetricsSystemImpl.java:register(279)) - Sink prometheus already exists!
2022-12-15 22:21:46,779 [Listener at 127.0.0.1/44409] INFO  http.BaseHttpServer (BaseHttpServer.java:updateConnectorAddress(333)) - HTTP server of hddsDatanode listening at http://0.0.0.0:38743
2022-12-15 22:21:46,783 [Listener at 127.0.0.1/44409] WARN  impl.MetricRegistriesImpl (MetricRegistriesImpl.java:addReporterRegistration(111)) - New reporters are added after registries were created. Some metrics will be missing from the reporter. Please add reporter before adding any new registry.
2022-12-15 22:21:46,783 [Listener at 127.0.0.1/44409] WARN  impl.MetricRegistriesImpl (MetricRegistriesImpl.java:addReporterRegistration(111)) - New reporters are added after registries were created. Some metrics will be missing from the reporter. Please add reporter before adding any new registry.
2022-12-15 22:21:46,783 [Listener at 127.0.0.1/44409] INFO  impl.MetricsSystemImpl (MetricsSystemImpl.java:init(158)) - HddsDatanode metrics system started (again)
2022-12-15 22:21:46,789 [Datanode State Machine Daemon Thread] INFO  statemachine.DatanodeStateMachine (DatanodeStateMachine.java:lambda$startDaemon$0(509)) - Ozone container server started.
2022-12-15 22:21:46,817 [Listener at 127.0.0.1/44409] INFO  ozone.HddsDatanodeService (HddsDatanodeService.java:start(236)) - HddsDatanodeService host:fv-az83-67.pawgbth4qraerhbqawdeo1jfng.dx.internal.cloudapp.net ip:10.1.0.13
2022-12-15 22:21:46,830 [om1@group-C5BA1605619E-LeaderElection1] INFO  server.RaftServer$Division (ServerState.java:setRaftConf(430)) - om1@group-C5BA1605619E: set configuration 0: peers:[om1|rpc:localhost:33857|admin:|client:|dataStream:|priority:0|startupRole:FOLLOWER]|listeners:[], old=null
2022-12-15 22:21:46,840 [org.apache.hadoop.util.JvmPauseMonitor$Monitor@5bb37a09] INFO  util.JvmPauseMonitor (JvmPauseMonitor.java:run(188)) - Starting JVM pause monitor
2022-12-15 22:21:46,862 [Listener at 127.0.0.1/44409] INFO  upgrade.AbstractLayoutVersionManager (AbstractLayoutVersionManager.java:init(83)) - Initializing Layout version manager with metadata layout = DATANODE_SCHEMA_V3 (version = 4), software layout = DATANODE_SCHEMA_V3 (version = 4)
2022-12-15 22:21:46,918 [om1@group-C5BA1605619E-SegmentedRaftLogWorker] INFO  segmented.SegmentedRaftLogWorker (SegmentedRaftLogWorker.java:execute(656)) - om1@group-C5BA1605619E-SegmentedRaftLogWorker: created new log segment /home/runner/work/ozone/ozone/hadoop-ozone/integration-test/target/test-dir/MiniOzoneClusterImpl-67032562-5e12-4c4f-a5ab-79ddd1e2132c/ozone-meta/ratis/bf265839-605b-3f16-9796-c5ba1605619e/current/log_inprogress_0
2022-12-15 22:21:47,011 [Listener at 127.0.0.1/44409] INFO  reflections.Reflections (Reflections.java:scan(232)) - Reflections took 148 ms to scan 7 urls, producing 140 keys and 342 values 
2022-12-15 22:21:47,015 [Listener at 127.0.0.1/44409] INFO  statemachine.DatanodeStateMachine (DatanodeStateMachine.java:getEndPointTaskThreadPoolSize(249)) - Datanode State Machine Task Thread Pool size 2
2022-12-15 22:21:47,025 [Listener at 127.0.0.1/44409] INFO  volume.HddsVolume (HddsVolume.java:<init>(117)) - Creating HddsVolume: /home/runner/work/ozone/ozone/hadoop-ozone/integration-test/target/test-dir/MiniOzoneClusterImpl-67032562-5e12-4c4f-a5ab-79ddd1e2132c/datanode-1/data-0/containers/hdds of storage type : DISK capacity : 9223372036854775807
2022-12-15 22:21:47,026 [Listener at 127.0.0.1/44409] INFO  volume.MutableVolumeSet (MutableVolumeSet.java:initializeVolumeSet(174)) - Added Volume : /home/runner/work/ozone/ozone/hadoop-ozone/integration-test/target/test-dir/MiniOzoneClusterImpl-67032562-5e12-4c4f-a5ab-79ddd1e2132c/datanode-1/data-0/containers/hdds to VolumeSet
2022-12-15 22:21:47,026 [Listener at 127.0.0.1/44409] INFO  volume.ThrottledAsyncChecker (ThrottledAsyncChecker.java:schedule(141)) - Scheduling a check for /home/runner/work/ozone/ozone/hadoop-ozone/integration-test/target/test-dir/MiniOzoneClusterImpl-67032562-5e12-4c4f-a5ab-79ddd1e2132c/datanode-1/data-0/containers/hdds
2022-12-15 22:21:47,043 [Listener at 127.0.0.1/44409] INFO  volume.StorageVolumeChecker (StorageVolumeChecker.java:checkAllVolumes(202)) - Scheduled health check for volume /home/runner/work/ozone/ozone/hadoop-ozone/integration-test/target/test-dir/MiniOzoneClusterImpl-67032562-5e12-4c4f-a5ab-79ddd1e2132c/datanode-1/data-0/containers/hdds
2022-12-15 22:21:47,067 [Listener at 127.0.0.1/44409] INFO  volume.MutableVolumeSet (MutableVolumeSet.java:initializeVolumeSet(174)) - Added Volume : /home/runner/work/ozone/ozone/hadoop-ozone/integration-test/target/test-dir/MiniOzoneClusterImpl-67032562-5e12-4c4f-a5ab-79ddd1e2132c/datanode-1/data/ratis to VolumeSet
2022-12-15 22:21:47,067 [Listener at 127.0.0.1/44409] INFO  volume.ThrottledAsyncChecker (ThrottledAsyncChecker.java:schedule(141)) - Scheduling a check for /home/runner/work/ozone/ozone/hadoop-ozone/integration-test/target/test-dir/MiniOzoneClusterImpl-67032562-5e12-4c4f-a5ab-79ddd1e2132c/datanode-1/data/ratis
2022-12-15 22:21:47,068 [Listener at 127.0.0.1/44409] INFO  volume.StorageVolumeChecker (StorageVolumeChecker.java:checkAllVolumes(202)) - Scheduled health check for volume /home/runner/work/ozone/ozone/hadoop-ozone/integration-test/target/test-dir/MiniOzoneClusterImpl-67032562-5e12-4c4f-a5ab-79ddd1e2132c/datanode-1/data/ratis
2022-12-15 22:21:47,110 [Datanode State Machine Task Thread - 0] INFO  datanode.InitDatanodeState (InitDatanodeState.java:persistContainerDatanodeDetails(138)) - DatanodeDetails is persisted to /home/runner/work/ozone/ozone/hadoop-ozone/integration-test/target/test-dir/MiniOzoneClusterImpl-67032562-5e12-4c4f-a5ab-79ddd1e2132c/datanode-0/meta/datanode.id
2022-12-15 22:21:47,112 [Thread-152] INFO  ozoneimpl.ContainerReader (ContainerReader.java:readVolume(175)) - Finish verifying containers on volume /home/runner/work/ozone/ozone/hadoop-ozone/integration-test/target/test-dir/MiniOzoneClusterImpl-67032562-5e12-4c4f-a5ab-79ddd1e2132c/datanode-1/data-0/containers/hdds
2022-12-15 22:21:47,113 [Listener at 127.0.0.1/44409] INFO  ozoneimpl.OzoneContainer (OzoneContainer.java:buildContainerSet(301)) - Build ContainerSet costs 0s
2022-12-15 22:21:47,117 [Listener at 127.0.0.1/44409] INFO  server.RaftServer (ConfUtils.java:logGet(46)) - raft.rpc.type = GRPC (default)
2022-12-15 22:21:47,118 [Listener at 127.0.0.1/44409] INFO  grpc.GrpcConfigKeys (ConfUtils.java:logFallback(53)) - raft.grpc.admin.host = null (fallback to raft.grpc.server.host)
2022-12-15 22:21:47,118 [Listener at 127.0.0.1/44409] INFO  grpc.GrpcConfigKeys (ConfUtils.java:logGet(46)) - raft.grpc.admin.port = 0 (custom)
2022-12-15 22:21:47,118 [Listener at 127.0.0.1/44409] INFO  grpc.GrpcConfigKeys (ConfUtils.java:logFallback(53)) - raft.grpc.client.host = null (fallback to raft.grpc.server.host)
2022-12-15 22:21:47,118 [Listener at 127.0.0.1/44409] INFO  grpc.GrpcConfigKeys (ConfUtils.java:logGet(46)) - raft.grpc.client.port = 0 (custom)
2022-12-15 22:21:47,118 [Listener at 127.0.0.1/44409] INFO  grpc.GrpcConfigKeys (ConfUtils.java:logGet(46)) - raft.grpc.server.host = null (default)
2022-12-15 22:21:47,118 [Listener at 127.0.0.1/44409] INFO  grpc.GrpcConfigKeys (ConfUtils.java:logGet(46)) - raft.grpc.server.port = 0 (default)
2022-12-15 22:21:47,118 [Listener at 127.0.0.1/44409] INFO  server.GrpcService (ConfUtils.java:logGet(46)) - raft.grpc.message.size.max = 32MB (=33554432) (custom)
2022-12-15 22:21:47,118 [Listener at 127.0.0.1/44409] INFO  server.RaftServerConfigKeys (ConfUtils.java:logGet(46)) - raft.server.log.appender.buffer.byte-limit = 33554432 (custom)
2022-12-15 22:21:47,119 [Listener at 127.0.0.1/44409] INFO  server.GrpcService (ConfUtils.java:logGet(46)) - raft.grpc.flow.control.window = 5MB (=5242880) (custom)
2022-12-15 22:21:47,119 [Listener at 127.0.0.1/44409] INFO  server.RaftServerConfigKeys (ConfUtils.java:logGet(46)) - raft.server.rpc.request.timeout = 60s (custom)
2022-12-15 22:21:47,119 [Listener at 127.0.0.1/44409] INFO  grpc.GrpcConfigKeys (ConfUtils.java:logGet(46)) - raft.grpc.server.heartbeat.channel = true (default)
2022-12-15 22:21:47,119 [Listener at 127.0.0.1/44409] INFO  grpc.GrpcConfigKeys (ConfUtils.java:logGet(46)) - raft.grpc.server.async.request.thread.pool.cached = true (default)
2022-12-15 22:21:47,119 [Listener at 127.0.0.1/44409] INFO  grpc.GrpcConfigKeys (ConfUtils.java:logGet(46)) - raft.grpc.server.async.request.thread.pool.size = 32 (default)
2022-12-15 22:21:47,130 [Listener at 127.0.0.1/44409] INFO  impl.DataStreamServerImpl (ConfUtils.java:logGet(46)) - raft.datastream.type = DISABLED (default)
2022-12-15 22:21:47,131 [Listener at 127.0.0.1/44409] INFO  server.RaftServerConfigKeys (ConfUtils.java:logGet(46)) - raft.server.threadpool.proxy.cached = true (default)
2022-12-15 22:21:47,131 [Listener at 127.0.0.1/44409] INFO  server.RaftServerConfigKeys (ConfUtils.java:logGet(46)) - raft.server.threadpool.proxy.size = 0 (default)
2022-12-15 22:21:47,131 [Listener at 127.0.0.1/44409] INFO  server.RaftServerConfigKeys (ConfUtils.java:logGet(46)) - raft.server.rpc.slowness.timeout = 300s (custom)
2022-12-15 22:21:47,131 [Listener at 127.0.0.1/44409] INFO  server.RaftServerConfigKeys (ConfUtils.java:logGet(46)) - raft.server.leaderelection.leader.step-down.wait-time = 10s (default)
2022-12-15 22:21:47,131 [Listener at 127.0.0.1/44409] INFO  server.RaftServerConfigKeys (ConfUtils.java:logGet(46)) - raft.server.storage.dir = [/home/runner/work/ozone/ozone/hadoop-ozone/integration-test/target/test-dir/MiniOzoneClusterImpl-67032562-5e12-4c4f-a5ab-79ddd1e2132c/datanode-1/data/ratis] (custom)
2022-12-15 22:21:47,140 [Listener at 127.0.0.1/44409] INFO  server.XceiverServerGrpc (XceiverServerGrpc.java:<init>(132)) - GrpcServer channel type EpollServerSocketChannel
2022-12-15 22:21:47,155 [Listener at 127.0.0.1/44409] INFO  http.BaseHttpServer (BaseHttpServer.java:newHttpServer2BuilderForOzone(213)) - Starting Web-server for hddsDatanode at: http://0.0.0.0:0
2022-12-15 22:21:47,156 [Listener at 127.0.0.1/44409] INFO  http.BaseHttpServer (BaseHttpServer.java:<init>(108)) - Hadoop Security Enabled: false Ozone Security Enabled: false Ozone HTTP Security Enabled: false 
2022-12-15 22:21:47,157 [Listener at 127.0.0.1/44409] WARN  server.AuthenticationFilter (AuthenticationFilter.java:constructSecretProvider(240)) - Unable to initialize FileSignerSecretProvider, falling back to use random secrets. Reason: Could not read signature secret file: /home/runner/hadoop-http-auth-signature-secret
2022-12-15 22:21:47,162 [Listener at 127.0.0.1/44409] WARN  http.HttpRequestLog (HttpRequestLog.java:getRequestLog(103)) - Jetty request log can only be enabled using Log4j
2022-12-15 22:21:47,163 [Listener at 127.0.0.1/44409] INFO  http.HttpServer2 (HttpServer2.java:addGlobalFilter(1031)) - Added global filter 'safety' (class=org.apache.hadoop.hdds.server.http.HttpServer2$QuotingInputFilter)
2022-12-15 22:21:47,164 [Listener at 127.0.0.1/44409] INFO  http.HttpServer2 (HttpServer2.java:addFilter(1007)) - Added filter static_user_filter (class=org.apache.hadoop.http.lib.StaticUserWebFilter$StaticUserFilter) to context hddsDatanode
2022-12-15 22:21:47,165 [Listener at 127.0.0.1/44409] INFO  http.HttpServer2 (HttpServer2.java:addFilter(1015)) - Added filter static_user_filter (class=org.apache.hadoop.http.lib.StaticUserWebFilter$StaticUserFilter) to context static
2022-12-15 22:21:47,165 [Listener at 127.0.0.1/44409] INFO  http.HttpServer2 (HttpServer2.java:addFilter(1015)) - Added filter static_user_filter (class=org.apache.hadoop.http.lib.StaticUserWebFilter$StaticUserFilter) to context logs
2022-12-15 22:21:47,165 [Listener at 127.0.0.1/44409] INFO  http.HttpServer2 (HttpServer2.java:bindListener(1250)) - Jetty bound to port 38411
2022-12-15 22:21:47,166 [Listener at 127.0.0.1/44409] INFO  server.Server (Server.java:doStart(375)) - jetty-9.4.49.v20220914; built: 2022-09-14T01:07:36.601Z; git: 4231a3b2e4cb8548a412a789936d640a97b1aa0a; jvm 1.8.0_352-b08
2022-12-15 22:21:47,172 [om1@group-C5BA1605619E-StateMachineUpdater] INFO  ratis.OzoneManagerStateMachine (OzoneManagerStateMachine.java:notifyConfigurationChanged(192)) - Received Configuration change notification from Ratis. New Peer list:
[id: "om1"
address: "localhost:33857"
startupRole: FOLLOWER
]
2022-12-15 22:21:47,177 [Listener at 127.0.0.1/44409] INFO  server.session (DefaultSessionIdManager.java:doStart(334)) - DefaultSessionIdManager workerName=node0
2022-12-15 22:21:47,177 [Listener at 127.0.0.1/44409] INFO  server.session (DefaultSessionIdManager.java:doStart(339)) - No SessionScavenger set, using defaults
2022-12-15 22:21:47,177 [Listener at 127.0.0.1/44409] INFO  server.session (HouseKeeper.java:startScavenging(132)) - node0 Scavenging every 600000ms
2022-12-15 22:21:47,178 [Listener at 127.0.0.1/44409] INFO  handler.ContextHandler (ContextHandler.java:doStart(921)) - Started o.e.j.s.ServletContextHandler@79b6bb5a{logs,/logs,file:///home/runner/work/ozone/ozone/hadoop-ozone/integration-test/target/log,AVAILABLE}
2022-12-15 22:21:47,178 [Listener at 127.0.0.1/44409] INFO  handler.ContextHandler (ContextHandler.java:doStart(921)) - Started o.e.j.s.ServletContextHandler@4274d3b7{static,/static,jar:file:/home/runner/.m2/repository/org/apache/ozone/hdds-container-service/1.3.0-SNAPSHOT/hdds-container-service-1.3.0-SNAPSHOT.jar!/webapps/static,AVAILABLE}
2022-12-15 22:21:47,206 [ReplicationMonitor] INFO  replication.ReplicationManager (ReplicationManager.java:processAll(327)) - Replication Manager is not ready to run until 3000ms after safemode exit
2022-12-15 22:21:47,393 [Listener at 127.0.0.1/44409] INFO  handler.ContextHandler (ContextHandler.java:doStart(921)) - Started o.e.j.w.WebAppContext@67af574d{hddsDatanode,/,file:///tmp/jetty-0_0_0_0-38411-hdds-container-service-1_3_0-SNAPSHOT_jar-_-any-2916941305247993596/webapp/,AVAILABLE}{jar:file:/home/runner/.m2/repository/org/apache/ozone/hdds-container-service/1.3.0-SNAPSHOT/hdds-container-service-1.3.0-SNAPSHOT.jar!/webapps/hddsDatanode}
2022-12-15 22:21:47,394 [Listener at 127.0.0.1/44409] INFO  server.AbstractConnector (AbstractConnector.java:doStart(333)) - Started ServerConnector@108dd90f{HTTP/1.1, (http/1.1)}{0.0.0.0:38411}
2022-12-15 22:21:47,394 [Listener at 127.0.0.1/44409] INFO  server.Server (Server.java:doStart(415)) - Started @11109ms
2022-12-15 22:21:47,394 [Listener at 127.0.0.1/44409] WARN  impl.MetricsSystemImpl (MetricsSystemImpl.java:register(279)) - Sink prometheus already exists!
2022-12-15 22:21:47,395 [Listener at 127.0.0.1/44409] INFO  http.BaseHttpServer (BaseHttpServer.java:updateConnectorAddress(333)) - HTTP server of hddsDatanode listening at http://0.0.0.0:38411
2022-12-15 22:21:47,400 [Listener at 127.0.0.1/44409] WARN  impl.MetricRegistriesImpl (MetricRegistriesImpl.java:addReporterRegistration(111)) - New reporters are added after registries were created. Some metrics will be missing from the reporter. Please add reporter before adding any new registry.
2022-12-15 22:21:47,400 [Listener at 127.0.0.1/44409] WARN  impl.MetricRegistriesImpl (MetricRegistriesImpl.java:addReporterRegistration(111)) - New reporters are added after registries were created. Some metrics will be missing from the reporter. Please add reporter before adding any new registry.
2022-12-15 22:21:47,400 [Listener at 127.0.0.1/44409] INFO  impl.MetricsSystemImpl (MetricsSystemImpl.java:init(158)) - HddsDatanode metrics system started (again)
2022-12-15 22:21:47,402 [Datanode State Machine Daemon Thread] INFO  statemachine.DatanodeStateMachine (DatanodeStateMachine.java:lambda$startDaemon$0(509)) - Ozone container server started.
2022-12-15 22:21:47,412 [org.apache.hadoop.util.JvmPauseMonitor$Monitor@2348fb41] INFO  util.JvmPauseMonitor (JvmPauseMonitor.java:run(188)) - Starting JVM pause monitor
2022-12-15 22:21:47,428 [Listener at 127.0.0.1/44409] INFO  ozone.HddsDatanodeService (HddsDatanodeService.java:start(236)) - HddsDatanodeService host:fv-az83-67.pawgbth4qraerhbqawdeo1jfng.dx.internal.cloudapp.net ip:10.1.0.13
2022-12-15 22:21:47,433 [Datanode State Machine Task Thread - 0] INFO  datanode.InitDatanodeState (InitDatanodeState.java:persistContainerDatanodeDetails(138)) - DatanodeDetails is persisted to /home/runner/work/ozone/ozone/hadoop-ozone/integration-test/target/test-dir/MiniOzoneClusterImpl-67032562-5e12-4c4f-a5ab-79ddd1e2132c/datanode-1/meta/datanode.id
2022-12-15 22:21:47,472 [Listener at 127.0.0.1/44409] INFO  upgrade.AbstractLayoutVersionManager (AbstractLayoutVersionManager.java:init(83)) - Initializing Layout version manager with metadata layout = DATANODE_SCHEMA_V3 (version = 4), software layout = DATANODE_SCHEMA_V3 (version = 4)
2022-12-15 22:21:47,532 [Listener at 127.0.0.1/44409] INFO  reflections.Reflections (Reflections.java:scan(232)) - Reflections took 58 ms to scan 7 urls, producing 140 keys and 342 values 
2022-12-15 22:21:47,534 [Listener at 127.0.0.1/44409] INFO  statemachine.DatanodeStateMachine (DatanodeStateMachine.java:getEndPointTaskThreadPoolSize(249)) - Datanode State Machine Task Thread Pool size 2
2022-12-15 22:21:47,537 [Listener at 127.0.0.1/44409] INFO  volume.HddsVolume (HddsVolume.java:<init>(117)) - Creating HddsVolume: /home/runner/work/ozone/ozone/hadoop-ozone/integration-test/target/test-dir/MiniOzoneClusterImpl-67032562-5e12-4c4f-a5ab-79ddd1e2132c/datanode-2/data-0/containers/hdds of storage type : DISK capacity : 9223372036854775807
2022-12-15 22:21:47,537 [Listener at 127.0.0.1/44409] INFO  volume.MutableVolumeSet (MutableVolumeSet.java:initializeVolumeSet(174)) - Added Volume : /home/runner/work/ozone/ozone/hadoop-ozone/integration-test/target/test-dir/MiniOzoneClusterImpl-67032562-5e12-4c4f-a5ab-79ddd1e2132c/datanode-2/data-0/containers/hdds to VolumeSet
2022-12-15 22:21:47,537 [Listener at 127.0.0.1/44409] INFO  volume.ThrottledAsyncChecker (ThrottledAsyncChecker.java:schedule(141)) - Scheduling a check for /home/runner/work/ozone/ozone/hadoop-ozone/integration-test/target/test-dir/MiniOzoneClusterImpl-67032562-5e12-4c4f-a5ab-79ddd1e2132c/datanode-2/data-0/containers/hdds
2022-12-15 22:21:47,538 [Listener at 127.0.0.1/44409] INFO  volume.StorageVolumeChecker (StorageVolumeChecker.java:checkAllVolumes(202)) - Scheduled health check for volume /home/runner/work/ozone/ozone/hadoop-ozone/integration-test/target/test-dir/MiniOzoneClusterImpl-67032562-5e12-4c4f-a5ab-79ddd1e2132c/datanode-2/data-0/containers/hdds
2022-12-15 22:21:47,550 [Listener at 127.0.0.1/44409] INFO  volume.MutableVolumeSet (MutableVolumeSet.java:initializeVolumeSet(174)) - Added Volume : /home/runner/work/ozone/ozone/hadoop-ozone/integration-test/target/test-dir/MiniOzoneClusterImpl-67032562-5e12-4c4f-a5ab-79ddd1e2132c/datanode-2/data/ratis to VolumeSet
2022-12-15 22:21:47,550 [Listener at 127.0.0.1/44409] INFO  volume.ThrottledAsyncChecker (ThrottledAsyncChecker.java:schedule(141)) - Scheduling a check for /home/runner/work/ozone/ozone/hadoop-ozone/integration-test/target/test-dir/MiniOzoneClusterImpl-67032562-5e12-4c4f-a5ab-79ddd1e2132c/datanode-2/data/ratis
2022-12-15 22:21:47,550 [Listener at 127.0.0.1/44409] INFO  volume.StorageVolumeChecker (StorageVolumeChecker.java:checkAllVolumes(202)) - Scheduled health check for volume /home/runner/work/ozone/ozone/hadoop-ozone/integration-test/target/test-dir/MiniOzoneClusterImpl-67032562-5e12-4c4f-a5ab-79ddd1e2132c/datanode-2/data/ratis
2022-12-15 22:21:47,562 [Thread-165] INFO  ozoneimpl.ContainerReader (ContainerReader.java:readVolume(175)) - Finish verifying containers on volume /home/runner/work/ozone/ozone/hadoop-ozone/integration-test/target/test-dir/MiniOzoneClusterImpl-67032562-5e12-4c4f-a5ab-79ddd1e2132c/datanode-2/data-0/containers/hdds
2022-12-15 22:21:47,562 [Listener at 127.0.0.1/44409] INFO  ozoneimpl.OzoneContainer (OzoneContainer.java:buildContainerSet(301)) - Build ContainerSet costs 0s
2022-12-15 22:21:47,566 [Listener at 127.0.0.1/44409] INFO  server.RaftServer (ConfUtils.java:logGet(46)) - raft.rpc.type = GRPC (default)
2022-12-15 22:21:47,566 [Listener at 127.0.0.1/44409] INFO  grpc.GrpcConfigKeys (ConfUtils.java:logFallback(53)) - raft.grpc.admin.host = null (fallback to raft.grpc.server.host)
2022-12-15 22:21:47,566 [Listener at 127.0.0.1/44409] INFO  grpc.GrpcConfigKeys (ConfUtils.java:logGet(46)) - raft.grpc.admin.port = 0 (custom)
2022-12-15 22:21:47,566 [Listener at 127.0.0.1/44409] INFO  grpc.GrpcConfigKeys (ConfUtils.java:logFallback(53)) - raft.grpc.client.host = null (fallback to raft.grpc.server.host)
2022-12-15 22:21:47,567 [Listener at 127.0.0.1/44409] INFO  grpc.GrpcConfigKeys (ConfUtils.java:logGet(46)) - raft.grpc.client.port = 0 (custom)
2022-12-15 22:21:47,567 [Listener at 127.0.0.1/44409] INFO  grpc.GrpcConfigKeys (ConfUtils.java:logGet(46)) - raft.grpc.server.host = null (default)
2022-12-15 22:21:47,567 [Listener at 127.0.0.1/44409] INFO  grpc.GrpcConfigKeys (ConfUtils.java:logGet(46)) - raft.grpc.server.port = 0 (default)
2022-12-15 22:21:47,567 [Listener at 127.0.0.1/44409] INFO  server.GrpcService (ConfUtils.java:logGet(46)) - raft.grpc.message.size.max = 32MB (=33554432) (custom)
2022-12-15 22:21:47,567 [Listener at 127.0.0.1/44409] INFO  server.RaftServerConfigKeys (ConfUtils.java:logGet(46)) - raft.server.log.appender.buffer.byte-limit = 33554432 (custom)
2022-12-15 22:21:47,567 [Listener at 127.0.0.1/44409] INFO  server.GrpcService (ConfUtils.java:logGet(46)) - raft.grpc.flow.control.window = 5MB (=5242880) (custom)
2022-12-15 22:21:47,567 [Listener at 127.0.0.1/44409] INFO  server.RaftServerConfigKeys (ConfUtils.java:logGet(46)) - raft.server.rpc.request.timeout = 60s (custom)
2022-12-15 22:21:47,567 [Listener at 127.0.0.1/44409] INFO  grpc.GrpcConfigKeys (ConfUtils.java:logGet(46)) - raft.grpc.server.heartbeat.channel = true (default)
2022-12-15 22:21:47,567 [Listener at 127.0.0.1/44409] INFO  grpc.GrpcConfigKeys (ConfUtils.java:logGet(46)) - raft.grpc.server.async.request.thread.pool.cached = true (default)
2022-12-15 22:21:47,568 [Listener at 127.0.0.1/44409] INFO  grpc.GrpcConfigKeys (ConfUtils.java:logGet(46)) - raft.grpc.server.async.request.thread.pool.size = 32 (default)
2022-12-15 22:21:47,581 [Listener at 127.0.0.1/44409] INFO  impl.DataStreamServerImpl (ConfUtils.java:logGet(46)) - raft.datastream.type = DISABLED (default)
2022-12-15 22:21:47,584 [Listener at 127.0.0.1/44409] INFO  server.RaftServerConfigKeys (ConfUtils.java:logGet(46)) - raft.server.threadpool.proxy.cached = true (default)
2022-12-15 22:21:47,584 [Listener at 127.0.0.1/44409] INFO  server.RaftServerConfigKeys (ConfUtils.java:logGet(46)) - raft.server.threadpool.proxy.size = 0 (default)
2022-12-15 22:21:47,584 [Listener at 127.0.0.1/44409] INFO  server.RaftServerConfigKeys (ConfUtils.java:logGet(46)) - raft.server.rpc.slowness.timeout = 300s (custom)
2022-12-15 22:21:47,584 [Listener at 127.0.0.1/44409] INFO  server.RaftServerConfigKeys (ConfUtils.java:logGet(46)) - raft.server.leaderelection.leader.step-down.wait-time = 10s (default)
2022-12-15 22:21:47,585 [Listener at 127.0.0.1/44409] INFO  server.RaftServerConfigKeys (ConfUtils.java:logGet(46)) - raft.server.storage.dir = [/home/runner/work/ozone/ozone/hadoop-ozone/integration-test/target/test-dir/MiniOzoneClusterImpl-67032562-5e12-4c4f-a5ab-79ddd1e2132c/datanode-2/data/ratis] (custom)
2022-12-15 22:21:47,596 [Listener at 127.0.0.1/44409] INFO  server.XceiverServerGrpc (XceiverServerGrpc.java:<init>(132)) - GrpcServer channel type EpollServerSocketChannel
2022-12-15 22:21:47,601 [Listener at 127.0.0.1/44409] INFO  http.BaseHttpServer (BaseHttpServer.java:newHttpServer2BuilderForOzone(213)) - Starting Web-server for hddsDatanode at: http://0.0.0.0:0
2022-12-15 22:21:47,601 [Listener at 127.0.0.1/44409] INFO  http.BaseHttpServer (BaseHttpServer.java:<init>(108)) - Hadoop Security Enabled: false Ozone Security Enabled: false Ozone HTTP Security Enabled: false 
2022-12-15 22:21:47,603 [Listener at 127.0.0.1/44409] WARN  server.AuthenticationFilter (AuthenticationFilter.java:constructSecretProvider(240)) - Unable to initialize FileSignerSecretProvider, falling back to use random secrets. Reason: Could not read signature secret file: /home/runner/hadoop-http-auth-signature-secret
2022-12-15 22:21:47,604 [Listener at 127.0.0.1/44409] WARN  http.HttpRequestLog (HttpRequestLog.java:getRequestLog(103)) - Jetty request log can only be enabled using Log4j
2022-12-15 22:21:47,606 [Listener at 127.0.0.1/44409] INFO  http.HttpServer2 (HttpServer2.java:addGlobalFilter(1031)) - Added global filter 'safety' (class=org.apache.hadoop.hdds.server.http.HttpServer2$QuotingInputFilter)
2022-12-15 22:21:47,606 [Listener at 127.0.0.1/44409] INFO  http.HttpServer2 (HttpServer2.java:addFilter(1007)) - Added filter static_user_filter (class=org.apache.hadoop.http.lib.StaticUserWebFilter$StaticUserFilter) to context hddsDatanode
2022-12-15 22:21:47,607 [Listener at 127.0.0.1/44409] INFO  http.HttpServer2 (HttpServer2.java:addFilter(1015)) - Added filter static_user_filter (class=org.apache.hadoop.http.lib.StaticUserWebFilter$StaticUserFilter) to context static
2022-12-15 22:21:47,607 [Listener at 127.0.0.1/44409] INFO  http.HttpServer2 (HttpServer2.java:addFilter(1015)) - Added filter static_user_filter (class=org.apache.hadoop.http.lib.StaticUserWebFilter$StaticUserFilter) to context logs
2022-12-15 22:21:47,607 [Listener at 127.0.0.1/44409] INFO  http.HttpServer2 (HttpServer2.java:bindListener(1250)) - Jetty bound to port 34601
2022-12-15 22:21:47,607 [Listener at 127.0.0.1/44409] INFO  server.Server (Server.java:doStart(375)) - jetty-9.4.49.v20220914; built: 2022-09-14T01:07:36.601Z; git: 4231a3b2e4cb8548a412a789936d640a97b1aa0a; jvm 1.8.0_352-b08
2022-12-15 22:21:47,617 [Listener at 127.0.0.1/44409] INFO  server.session (DefaultSessionIdManager.java:doStart(334)) - DefaultSessionIdManager workerName=node0
2022-12-15 22:21:47,617 [Listener at 127.0.0.1/44409] INFO  server.session (DefaultSessionIdManager.java:doStart(339)) - No SessionScavenger set, using defaults
2022-12-15 22:21:47,617 [Listener at 127.0.0.1/44409] INFO  server.session (HouseKeeper.java:startScavenging(132)) - node0 Scavenging every 600000ms
2022-12-15 22:21:47,618 [Listener at 127.0.0.1/44409] INFO  handler.ContextHandler (ContextHandler.java:doStart(921)) - Started o.e.j.s.ServletContextHandler@1be634a3{logs,/logs,file:///home/runner/work/ozone/ozone/hadoop-ozone/integration-test/target/log,AVAILABLE}
2022-12-15 22:21:47,619 [Listener at 127.0.0.1/44409] INFO  handler.ContextHandler (ContextHandler.java:doStart(921)) - Started o.e.j.s.ServletContextHandler@66507a6{static,/static,jar:file:/home/runner/.m2/repository/org/apache/ozone/hdds-container-service/1.3.0-SNAPSHOT/hdds-container-service-1.3.0-SNAPSHOT.jar!/webapps/static,AVAILABLE}
2022-12-15 22:21:47,831 [Listener at 127.0.0.1/44409] INFO  handler.ContextHandler (ContextHandler.java:doStart(921)) - Started o.e.j.w.WebAppContext@5c430e97{hddsDatanode,/,file:///tmp/jetty-0_0_0_0-34601-hdds-container-service-1_3_0-SNAPSHOT_jar-_-any-3539411625619349439/webapp/,AVAILABLE}{jar:file:/home/runner/.m2/repository/org/apache/ozone/hdds-container-service/1.3.0-SNAPSHOT/hdds-container-service-1.3.0-SNAPSHOT.jar!/webapps/hddsDatanode}
2022-12-15 22:21:47,832 [Listener at 127.0.0.1/44409] INFO  server.AbstractConnector (AbstractConnector.java:doStart(333)) - Started ServerConnector@664feaf4{HTTP/1.1, (http/1.1)}{0.0.0.0:34601}
2022-12-15 22:21:47,833 [Listener at 127.0.0.1/44409] INFO  server.Server (Server.java:doStart(415)) - Started @11547ms
2022-12-15 22:21:47,833 [Listener at 127.0.0.1/44409] WARN  impl.MetricsSystemImpl (MetricsSystemImpl.java:register(279)) - Sink prometheus already exists!
2022-12-15 22:21:47,833 [Listener at 127.0.0.1/44409] INFO  http.BaseHttpServer (BaseHttpServer.java:updateConnectorAddress(333)) - HTTP server of hddsDatanode listening at http://0.0.0.0:34601
2022-12-15 22:21:47,834 [Listener at 127.0.0.1/44409] WARN  impl.MetricRegistriesImpl (MetricRegistriesImpl.java:addReporterRegistration(111)) - New reporters are added after registries were created. Some metrics will be missing from the reporter. Please add reporter before adding any new registry.
2022-12-15 22:21:47,834 [Listener at 127.0.0.1/44409] WARN  impl.MetricRegistriesImpl (MetricRegistriesImpl.java:addReporterRegistration(111)) - New reporters are added after registries were created. Some metrics will be missing from the reporter. Please add reporter before adding any new registry.
2022-12-15 22:21:47,834 [Listener at 127.0.0.1/44409] INFO  impl.MetricsSystemImpl (MetricsSystemImpl.java:init(158)) - HddsDatanode metrics system started (again)
2022-12-15 22:21:47,836 [Datanode State Machine Daemon Thread] INFO  statemachine.DatanodeStateMachine (DatanodeStateMachine.java:lambda$startDaemon$0(509)) - Ozone container server started.
2022-12-15 22:21:47,843 [org.apache.hadoop.util.JvmPauseMonitor$Monitor@47aeac67] INFO  util.JvmPauseMonitor (JvmPauseMonitor.java:run(188)) - Starting JVM pause monitor
2022-12-15 22:21:47,848 [Listener at 127.0.0.1/44409] INFO  ozone.HddsDatanodeService (HddsDatanodeService.java:start(236)) - HddsDatanodeService host:fv-az83-67.pawgbth4qraerhbqawdeo1jfng.dx.internal.cloudapp.net ip:10.1.0.13
2022-12-15 22:21:47,851 [Datanode State Machine Task Thread - 0] INFO  datanode.InitDatanodeState (InitDatanodeState.java:persistContainerDatanodeDetails(138)) - DatanodeDetails is persisted to /home/runner/work/ozone/ozone/hadoop-ozone/integration-test/target/test-dir/MiniOzoneClusterImpl-67032562-5e12-4c4f-a5ab-79ddd1e2132c/datanode-2/meta/datanode.id
2022-12-15 22:21:47,899 [Listener at 127.0.0.1/44409] INFO  upgrade.AbstractLayoutVersionManager (AbstractLayoutVersionManager.java:init(83)) - Initializing Layout version manager with metadata layout = DATANODE_SCHEMA_V3 (version = 4), software layout = DATANODE_SCHEMA_V3 (version = 4)
2022-12-15 22:21:47,956 [Listener at 127.0.0.1/44409] INFO  reflections.Reflections (Reflections.java:scan(232)) - Reflections took 56 ms to scan 7 urls, producing 140 keys and 342 values 
2022-12-15 22:21:47,957 [Listener at 127.0.0.1/44409] INFO  statemachine.DatanodeStateMachine (DatanodeStateMachine.java:getEndPointTaskThreadPoolSize(249)) - Datanode State Machine Task Thread Pool size 2
2022-12-15 22:21:47,961 [Listener at 127.0.0.1/44409] INFO  volume.HddsVolume (HddsVolume.java:<init>(117)) - Creating HddsVolume: /home/runner/work/ozone/ozone/hadoop-ozone/integration-test/target/test-dir/MiniOzoneClusterImpl-67032562-5e12-4c4f-a5ab-79ddd1e2132c/datanode-3/data-0/containers/hdds of storage type : DISK capacity : 9223372036854775807
2022-12-15 22:21:47,961 [Listener at 127.0.0.1/44409] INFO  volume.MutableVolumeSet (MutableVolumeSet.java:initializeVolumeSet(174)) - Added Volume : /home/runner/work/ozone/ozone/hadoop-ozone/integration-test/target/test-dir/MiniOzoneClusterImpl-67032562-5e12-4c4f-a5ab-79ddd1e2132c/datanode-3/data-0/containers/hdds to VolumeSet
2022-12-15 22:21:47,961 [Listener at 127.0.0.1/44409] INFO  volume.ThrottledAsyncChecker (ThrottledAsyncChecker.java:schedule(141)) - Scheduling a check for /home/runner/work/ozone/ozone/hadoop-ozone/integration-test/target/test-dir/MiniOzoneClusterImpl-67032562-5e12-4c4f-a5ab-79ddd1e2132c/datanode-3/data-0/containers/hdds
2022-12-15 22:21:47,968 [Listener at 127.0.0.1/44409] INFO  volume.StorageVolumeChecker (StorageVolumeChecker.java:checkAllVolumes(202)) - Scheduled health check for volume /home/runner/work/ozone/ozone/hadoop-ozone/integration-test/target/test-dir/MiniOzoneClusterImpl-67032562-5e12-4c4f-a5ab-79ddd1e2132c/datanode-3/data-0/containers/hdds
2022-12-15 22:21:47,987 [Listener at 127.0.0.1/44409] INFO  volume.MutableVolumeSet (MutableVolumeSet.java:initializeVolumeSet(174)) - Added Volume : /home/runner/work/ozone/ozone/hadoop-ozone/integration-test/target/test-dir/MiniOzoneClusterImpl-67032562-5e12-4c4f-a5ab-79ddd1e2132c/datanode-3/data/ratis to VolumeSet
2022-12-15 22:21:47,988 [Listener at 127.0.0.1/44409] INFO  volume.ThrottledAsyncChecker (ThrottledAsyncChecker.java:schedule(141)) - Scheduling a check for /home/runner/work/ozone/ozone/hadoop-ozone/integration-test/target/test-dir/MiniOzoneClusterImpl-67032562-5e12-4c4f-a5ab-79ddd1e2132c/datanode-3/data/ratis
2022-12-15 22:21:47,988 [Listener at 127.0.0.1/44409] INFO  volume.StorageVolumeChecker (StorageVolumeChecker.java:checkAllVolumes(202)) - Scheduled health check for volume /home/runner/work/ozone/ozone/hadoop-ozone/integration-test/target/test-dir/MiniOzoneClusterImpl-67032562-5e12-4c4f-a5ab-79ddd1e2132c/datanode-3/data/ratis
2022-12-15 22:21:48,005 [Thread-178] INFO  ozoneimpl.ContainerReader (ContainerReader.java:readVolume(175)) - Finish verifying containers on volume /home/runner/work/ozone/ozone/hadoop-ozone/integration-test/target/test-dir/MiniOzoneClusterImpl-67032562-5e12-4c4f-a5ab-79ddd1e2132c/datanode-3/data-0/containers/hdds
2022-12-15 22:21:48,005 [Listener at 127.0.0.1/44409] INFO  ozoneimpl.OzoneContainer (OzoneContainer.java:buildContainerSet(301)) - Build ContainerSet costs 0s
2022-12-15 22:21:48,010 [Listener at 127.0.0.1/44409] INFO  server.RaftServer (ConfUtils.java:logGet(46)) - raft.rpc.type = GRPC (default)
2022-12-15 22:21:48,010 [Listener at 127.0.0.1/44409] INFO  grpc.GrpcConfigKeys (ConfUtils.java:logFallback(53)) - raft.grpc.admin.host = null (fallback to raft.grpc.server.host)
2022-12-15 22:21:48,010 [Listener at 127.0.0.1/44409] INFO  grpc.GrpcConfigKeys (ConfUtils.java:logGet(46)) - raft.grpc.admin.port = 0 (custom)
2022-12-15 22:21:48,010 [Listener at 127.0.0.1/44409] INFO  grpc.GrpcConfigKeys (ConfUtils.java:logFallback(53)) - raft.grpc.client.host = null (fallback to raft.grpc.server.host)
2022-12-15 22:21:48,010 [Listener at 127.0.0.1/44409] INFO  grpc.GrpcConfigKeys (ConfUtils.java:logGet(46)) - raft.grpc.client.port = 0 (custom)
2022-12-15 22:21:48,010 [Listener at 127.0.0.1/44409] INFO  grpc.GrpcConfigKeys (ConfUtils.java:logGet(46)) - raft.grpc.server.host = null (default)
2022-12-15 22:21:48,010 [Listener at 127.0.0.1/44409] INFO  grpc.GrpcConfigKeys (ConfUtils.java:logGet(46)) - raft.grpc.server.port = 0 (default)
2022-12-15 22:21:48,011 [Listener at 127.0.0.1/44409] INFO  server.GrpcService (ConfUtils.java:logGet(46)) - raft.grpc.message.size.max = 32MB (=33554432) (custom)
2022-12-15 22:21:48,011 [Listener at 127.0.0.1/44409] INFO  server.RaftServerConfigKeys (ConfUtils.java:logGet(46)) - raft.server.log.appender.buffer.byte-limit = 33554432 (custom)
2022-12-15 22:21:48,011 [Listener at 127.0.0.1/44409] INFO  server.GrpcService (ConfUtils.java:logGet(46)) - raft.grpc.flow.control.window = 5MB (=5242880) (custom)
2022-12-15 22:21:48,011 [Listener at 127.0.0.1/44409] INFO  server.RaftServerConfigKeys (ConfUtils.java:logGet(46)) - raft.server.rpc.request.timeout = 60s (custom)
2022-12-15 22:21:48,011 [Listener at 127.0.0.1/44409] INFO  grpc.GrpcConfigKeys (ConfUtils.java:logGet(46)) - raft.grpc.server.heartbeat.channel = true (default)
2022-12-15 22:21:48,011 [Listener at 127.0.0.1/44409] INFO  grpc.GrpcConfigKeys (ConfUtils.java:logGet(46)) - raft.grpc.server.async.request.thread.pool.cached = true (default)
2022-12-15 22:21:48,011 [Listener at 127.0.0.1/44409] INFO  grpc.GrpcConfigKeys (ConfUtils.java:logGet(46)) - raft.grpc.server.async.request.thread.pool.size = 32 (default)
2022-12-15 22:21:48,013 [Listener at 127.0.0.1/44409] INFO  impl.DataStreamServerImpl (ConfUtils.java:logGet(46)) - raft.datastream.type = DISABLED (default)
2022-12-15 22:21:48,013 [Listener at 127.0.0.1/44409] INFO  server.RaftServerConfigKeys (ConfUtils.java:logGet(46)) - raft.server.threadpool.proxy.cached = true (default)
2022-12-15 22:21:48,013 [Listener at 127.0.0.1/44409] INFO  server.RaftServerConfigKeys (ConfUtils.java:logGet(46)) - raft.server.threadpool.proxy.size = 0 (default)
2022-12-15 22:21:48,013 [Listener at 127.0.0.1/44409] INFO  server.RaftServerConfigKeys (ConfUtils.java:logGet(46)) - raft.server.rpc.slowness.timeout = 300s (custom)
2022-12-15 22:21:48,014 [Listener at 127.0.0.1/44409] INFO  server.RaftServerConfigKeys (ConfUtils.java:logGet(46)) - raft.server.leaderelection.leader.step-down.wait-time = 10s (default)
2022-12-15 22:21:48,014 [Listener at 127.0.0.1/44409] INFO  server.RaftServerConfigKeys (ConfUtils.java:logGet(46)) - raft.server.storage.dir = [/home/runner/work/ozone/ozone/hadoop-ozone/integration-test/target/test-dir/MiniOzoneClusterImpl-67032562-5e12-4c4f-a5ab-79ddd1e2132c/datanode-3/data/ratis] (custom)
2022-12-15 22:21:48,017 [Listener at 127.0.0.1/44409] INFO  server.XceiverServerGrpc (XceiverServerGrpc.java:<init>(132)) - GrpcServer channel type EpollServerSocketChannel
2022-12-15 22:21:48,021 [Listener at 127.0.0.1/44409] INFO  http.BaseHttpServer (BaseHttpServer.java:newHttpServer2BuilderForOzone(213)) - Starting Web-server for hddsDatanode at: http://0.0.0.0:0
2022-12-15 22:21:48,021 [Listener at 127.0.0.1/44409] INFO  http.BaseHttpServer (BaseHttpServer.java:<init>(108)) - Hadoop Security Enabled: false Ozone Security Enabled: false Ozone HTTP Security Enabled: false 
2022-12-15 22:21:48,022 [Listener at 127.0.0.1/44409] WARN  server.AuthenticationFilter (AuthenticationFilter.java:constructSecretProvider(240)) - Unable to initialize FileSignerSecretProvider, falling back to use random secrets. Reason: Could not read signature secret file: /home/runner/hadoop-http-auth-signature-secret
2022-12-15 22:21:48,023 [Listener at 127.0.0.1/44409] WARN  http.HttpRequestLog (HttpRequestLog.java:getRequestLog(103)) - Jetty request log can only be enabled using Log4j
2022-12-15 22:21:48,028 [Listener at 127.0.0.1/44409] INFO  http.HttpServer2 (HttpServer2.java:addGlobalFilter(1031)) - Added global filter 'safety' (class=org.apache.hadoop.hdds.server.http.HttpServer2$QuotingInputFilter)
2022-12-15 22:21:48,029 [Listener at 127.0.0.1/44409] INFO  http.HttpServer2 (HttpServer2.java:addFilter(1007)) - Added filter static_user_filter (class=org.apache.hadoop.http.lib.StaticUserWebFilter$StaticUserFilter) to context hddsDatanode
2022-12-15 22:21:48,029 [Listener at 127.0.0.1/44409] INFO  http.HttpServer2 (HttpServer2.java:addFilter(1015)) - Added filter static_user_filter (class=org.apache.hadoop.http.lib.StaticUserWebFilter$StaticUserFilter) to context static
2022-12-15 22:21:48,029 [Listener at 127.0.0.1/44409] INFO  http.HttpServer2 (HttpServer2.java:addFilter(1015)) - Added filter static_user_filter (class=org.apache.hadoop.http.lib.StaticUserWebFilter$StaticUserFilter) to context logs
2022-12-15 22:21:48,030 [Listener at 127.0.0.1/44409] INFO  http.HttpServer2 (HttpServer2.java:bindListener(1250)) - Jetty bound to port 34461
2022-12-15 22:21:48,030 [Listener at 127.0.0.1/44409] INFO  server.Server (Server.java:doStart(375)) - jetty-9.4.49.v20220914; built: 2022-09-14T01:07:36.601Z; git: 4231a3b2e4cb8548a412a789936d640a97b1aa0a; jvm 1.8.0_352-b08
2022-12-15 22:21:48,032 [Listener at 127.0.0.1/44409] INFO  server.session (DefaultSessionIdManager.java:doStart(334)) - DefaultSessionIdManager workerName=node0
2022-12-15 22:21:48,032 [Listener at 127.0.0.1/44409] INFO  server.session (DefaultSessionIdManager.java:doStart(339)) - No SessionScavenger set, using defaults
2022-12-15 22:21:48,032 [Listener at 127.0.0.1/44409] INFO  server.session (HouseKeeper.java:startScavenging(132)) - node0 Scavenging every 660000ms
2022-12-15 22:21:48,033 [Listener at 127.0.0.1/44409] INFO  handler.ContextHandler (ContextHandler.java:doStart(921)) - Started o.e.j.s.ServletContextHandler@5a65bdea{logs,/logs,file:///home/runner/work/ozone/ozone/hadoop-ozone/integration-test/target/log,AVAILABLE}
2022-12-15 22:21:48,033 [Listener at 127.0.0.1/44409] INFO  handler.ContextHandler (ContextHandler.java:doStart(921)) - Started o.e.j.s.ServletContextHandler@3f3d603d{static,/static,jar:file:/home/runner/.m2/repository/org/apache/ozone/hdds-container-service/1.3.0-SNAPSHOT/hdds-container-service-1.3.0-SNAPSHOT.jar!/webapps/static,AVAILABLE}
2022-12-15 22:21:48,206 [ReplicationMonitor] INFO  replication.ReplicationManager (ReplicationManager.java:processAll(327)) - Replication Manager is not ready to run until 3000ms after safemode exit
2022-12-15 22:21:48,249 [Listener at 127.0.0.1/44409] INFO  handler.ContextHandler (ContextHandler.java:doStart(921)) - Started o.e.j.w.WebAppContext@4019b5b6{hddsDatanode,/,file:///tmp/jetty-0_0_0_0-34461-hdds-container-service-1_3_0-SNAPSHOT_jar-_-any-8359854097168274738/webapp/,AVAILABLE}{jar:file:/home/runner/.m2/repository/org/apache/ozone/hdds-container-service/1.3.0-SNAPSHOT/hdds-container-service-1.3.0-SNAPSHOT.jar!/webapps/hddsDatanode}
2022-12-15 22:21:48,251 [Listener at 127.0.0.1/44409] INFO  server.AbstractConnector (AbstractConnector.java:doStart(333)) - Started ServerConnector@4d9cec7a{HTTP/1.1, (http/1.1)}{0.0.0.0:34461}
2022-12-15 22:21:48,251 [Listener at 127.0.0.1/44409] INFO  server.Server (Server.java:doStart(415)) - Started @11966ms
2022-12-15 22:21:48,251 [Listener at 127.0.0.1/44409] WARN  impl.MetricsSystemImpl (MetricsSystemImpl.java:register(279)) - Sink prometheus already exists!
2022-12-15 22:21:48,253 [Listener at 127.0.0.1/44409] INFO  http.BaseHttpServer (BaseHttpServer.java:updateConnectorAddress(333)) - HTTP server of hddsDatanode listening at http://0.0.0.0:34461
2022-12-15 22:21:48,254 [Datanode State Machine Daemon Thread] INFO  statemachine.DatanodeStateMachine (DatanodeStateMachine.java:lambda$startDaemon$0(509)) - Ozone container server started.
2022-12-15 22:21:48,255 [Listener at 127.0.0.1/44409] WARN  impl.MetricRegistriesImpl (MetricRegistriesImpl.java:addReporterRegistration(111)) - New reporters are added after registries were created. Some metrics will be missing from the reporter. Please add reporter before adding any new registry.
2022-12-15 22:21:48,255 [Listener at 127.0.0.1/44409] WARN  impl.MetricRegistriesImpl (MetricRegistriesImpl.java:addReporterRegistration(111)) - New reporters are added after registries were created. Some metrics will be missing from the reporter. Please add reporter before adding any new registry.
2022-12-15 22:21:48,255 [Listener at 127.0.0.1/44409] INFO  impl.MetricsSystemImpl (MetricsSystemImpl.java:init(158)) - HddsDatanode metrics system started (again)
2022-12-15 22:21:48,268 [org.apache.hadoop.util.JvmPauseMonitor$Monitor@52ad0cdf] INFO  util.JvmPauseMonitor (JvmPauseMonitor.java:run(188)) - Starting JVM pause monitor
2022-12-15 22:21:48,271 [Listener at 127.0.0.1/44409] INFO  ozone.HddsDatanodeService (HddsDatanodeService.java:start(236)) - HddsDatanodeService host:fv-az83-67.pawgbth4qraerhbqawdeo1jfng.dx.internal.cloudapp.net ip:10.1.0.13
2022-12-15 22:21:48,273 [Datanode State Machine Task Thread - 0] INFO  datanode.InitDatanodeState (InitDatanodeState.java:persistContainerDatanodeDetails(138)) - DatanodeDetails is persisted to /home/runner/work/ozone/ozone/hadoop-ozone/integration-test/target/test-dir/MiniOzoneClusterImpl-67032562-5e12-4c4f-a5ab-79ddd1e2132c/datanode-3/meta/datanode.id
2022-12-15 22:21:48,311 [Listener at 127.0.0.1/44409] INFO  upgrade.AbstractLayoutVersionManager (AbstractLayoutVersionManager.java:init(83)) - Initializing Layout version manager with metadata layout = DATANODE_SCHEMA_V3 (version = 4), software layout = DATANODE_SCHEMA_V3 (version = 4)
2022-12-15 22:21:48,368 [Listener at 127.0.0.1/44409] INFO  reflections.Reflections (Reflections.java:scan(232)) - Reflections took 55 ms to scan 7 urls, producing 140 keys and 342 values 
2022-12-15 22:21:48,370 [Listener at 127.0.0.1/44409] INFO  statemachine.DatanodeStateMachine (DatanodeStateMachine.java:getEndPointTaskThreadPoolSize(249)) - Datanode State Machine Task Thread Pool size 2
2022-12-15 22:21:48,373 [Listener at 127.0.0.1/44409] INFO  volume.HddsVolume (HddsVolume.java:<init>(117)) - Creating HddsVolume: /home/runner/work/ozone/ozone/hadoop-ozone/integration-test/target/test-dir/MiniOzoneClusterImpl-67032562-5e12-4c4f-a5ab-79ddd1e2132c/datanode-4/data-0/containers/hdds of storage type : DISK capacity : 9223372036854775807
2022-12-15 22:21:48,373 [Listener at 127.0.0.1/44409] INFO  volume.MutableVolumeSet (MutableVolumeSet.java:initializeVolumeSet(174)) - Added Volume : /home/runner/work/ozone/ozone/hadoop-ozone/integration-test/target/test-dir/MiniOzoneClusterImpl-67032562-5e12-4c4f-a5ab-79ddd1e2132c/datanode-4/data-0/containers/hdds to VolumeSet
2022-12-15 22:21:48,374 [Listener at 127.0.0.1/44409] INFO  volume.ThrottledAsyncChecker (ThrottledAsyncChecker.java:schedule(141)) - Scheduling a check for /home/runner/work/ozone/ozone/hadoop-ozone/integration-test/target/test-dir/MiniOzoneClusterImpl-67032562-5e12-4c4f-a5ab-79ddd1e2132c/datanode-4/data-0/containers/hdds
2022-12-15 22:21:48,375 [Listener at 127.0.0.1/44409] INFO  volume.StorageVolumeChecker (StorageVolumeChecker.java:checkAllVolumes(202)) - Scheduled health check for volume /home/runner/work/ozone/ozone/hadoop-ozone/integration-test/target/test-dir/MiniOzoneClusterImpl-67032562-5e12-4c4f-a5ab-79ddd1e2132c/datanode-4/data-0/containers/hdds
2022-12-15 22:21:48,387 [Listener at 127.0.0.1/44409] INFO  volume.MutableVolumeSet (MutableVolumeSet.java:initializeVolumeSet(174)) - Added Volume : /home/runner/work/ozone/ozone/hadoop-ozone/integration-test/target/test-dir/MiniOzoneClusterImpl-67032562-5e12-4c4f-a5ab-79ddd1e2132c/datanode-4/data/ratis to VolumeSet
2022-12-15 22:21:48,388 [Listener at 127.0.0.1/44409] INFO  volume.ThrottledAsyncChecker (ThrottledAsyncChecker.java:schedule(141)) - Scheduling a check for /home/runner/work/ozone/ozone/hadoop-ozone/integration-test/target/test-dir/MiniOzoneClusterImpl-67032562-5e12-4c4f-a5ab-79ddd1e2132c/datanode-4/data/ratis
2022-12-15 22:21:48,388 [Listener at 127.0.0.1/44409] INFO  volume.StorageVolumeChecker (StorageVolumeChecker.java:checkAllVolumes(202)) - Scheduled health check for volume /home/runner/work/ozone/ozone/hadoop-ozone/integration-test/target/test-dir/MiniOzoneClusterImpl-67032562-5e12-4c4f-a5ab-79ddd1e2132c/datanode-4/data/ratis
2022-12-15 22:21:48,403 [Thread-191] INFO  ozoneimpl.ContainerReader (ContainerReader.java:readVolume(175)) - Finish verifying containers on volume /home/runner/work/ozone/ozone/hadoop-ozone/integration-test/target/test-dir/MiniOzoneClusterImpl-67032562-5e12-4c4f-a5ab-79ddd1e2132c/datanode-4/data-0/containers/hdds
2022-12-15 22:21:48,404 [Listener at 127.0.0.1/44409] INFO  ozoneimpl.OzoneContainer (OzoneContainer.java:buildContainerSet(301)) - Build ContainerSet costs 0s
2022-12-15 22:21:48,408 [Listener at 127.0.0.1/44409] INFO  server.RaftServer (ConfUtils.java:logGet(46)) - raft.rpc.type = GRPC (default)
2022-12-15 22:21:48,408 [Listener at 127.0.0.1/44409] INFO  grpc.GrpcConfigKeys (ConfUtils.java:logFallback(53)) - raft.grpc.admin.host = null (fallback to raft.grpc.server.host)
2022-12-15 22:21:48,408 [Listener at 127.0.0.1/44409] INFO  grpc.GrpcConfigKeys (ConfUtils.java:logGet(46)) - raft.grpc.admin.port = 0 (custom)
2022-12-15 22:21:48,408 [Listener at 127.0.0.1/44409] INFO  grpc.GrpcConfigKeys (ConfUtils.java:logFallback(53)) - raft.grpc.client.host = null (fallback to raft.grpc.server.host)
2022-12-15 22:21:48,408 [Listener at 127.0.0.1/44409] INFO  grpc.GrpcConfigKeys (ConfUtils.java:logGet(46)) - raft.grpc.client.port = 0 (custom)
2022-12-15 22:21:48,408 [Listener at 127.0.0.1/44409] INFO  grpc.GrpcConfigKeys (ConfUtils.java:logGet(46)) - raft.grpc.server.host = null (default)
2022-12-15 22:21:48,409 [Listener at 127.0.0.1/44409] INFO  grpc.GrpcConfigKeys (ConfUtils.java:logGet(46)) - raft.grpc.server.port = 0 (default)
2022-12-15 22:21:48,409 [Listener at 127.0.0.1/44409] INFO  server.GrpcService (ConfUtils.java:logGet(46)) - raft.grpc.message.size.max = 32MB (=33554432) (custom)
2022-12-15 22:21:48,409 [Listener at 127.0.0.1/44409] INFO  server.RaftServerConfigKeys (ConfUtils.java:logGet(46)) - raft.server.log.appender.buffer.byte-limit = 33554432 (custom)
2022-12-15 22:21:48,409 [Listener at 127.0.0.1/44409] INFO  server.GrpcService (ConfUtils.java:logGet(46)) - raft.grpc.flow.control.window = 5MB (=5242880) (custom)
2022-12-15 22:21:48,409 [Listener at 127.0.0.1/44409] INFO  server.RaftServerConfigKeys (ConfUtils.java:logGet(46)) - raft.server.rpc.request.timeout = 60s (custom)
2022-12-15 22:21:48,409 [Listener at 127.0.0.1/44409] INFO  grpc.GrpcConfigKeys (ConfUtils.java:logGet(46)) - raft.grpc.server.heartbeat.channel = true (default)
2022-12-15 22:21:48,409 [Listener at 127.0.0.1/44409] INFO  grpc.GrpcConfigKeys (ConfUtils.java:logGet(46)) - raft.grpc.server.async.request.thread.pool.cached = true (default)
2022-12-15 22:21:48,409 [Listener at 127.0.0.1/44409] INFO  grpc.GrpcConfigKeys (ConfUtils.java:logGet(46)) - raft.grpc.server.async.request.thread.pool.size = 32 (default)
2022-12-15 22:21:48,411 [Listener at 127.0.0.1/44409] INFO  impl.DataStreamServerImpl (ConfUtils.java:logGet(46)) - raft.datastream.type = DISABLED (default)
2022-12-15 22:21:48,411 [Listener at 127.0.0.1/44409] INFO  server.RaftServerConfigKeys (ConfUtils.java:logGet(46)) - raft.server.threadpool.proxy.cached = true (default)
2022-12-15 22:21:48,411 [Listener at 127.0.0.1/44409] INFO  server.RaftServerConfigKeys (ConfUtils.java:logGet(46)) - raft.server.threadpool.proxy.size = 0 (default)
2022-12-15 22:21:48,411 [Listener at 127.0.0.1/44409] INFO  server.RaftServerConfigKeys (ConfUtils.java:logGet(46)) - raft.server.rpc.slowness.timeout = 300s (custom)
2022-12-15 22:21:48,411 [Listener at 127.0.0.1/44409] INFO  server.RaftServerConfigKeys (ConfUtils.java:logGet(46)) - raft.server.leaderelection.leader.step-down.wait-time = 10s (default)
2022-12-15 22:21:48,411 [Listener at 127.0.0.1/44409] INFO  server.RaftServerConfigKeys (ConfUtils.java:logGet(46)) - raft.server.storage.dir = [/home/runner/work/ozone/ozone/hadoop-ozone/integration-test/target/test-dir/MiniOzoneClusterImpl-67032562-5e12-4c4f-a5ab-79ddd1e2132c/datanode-4/data/ratis] (custom)
2022-12-15 22:21:48,413 [Listener at 127.0.0.1/44409] INFO  server.XceiverServerGrpc (XceiverServerGrpc.java:<init>(132)) - GrpcServer channel type EpollServerSocketChannel
2022-12-15 22:21:48,416 [Listener at 127.0.0.1/44409] INFO  http.BaseHttpServer (BaseHttpServer.java:newHttpServer2BuilderForOzone(213)) - Starting Web-server for hddsDatanode at: http://0.0.0.0:0
2022-12-15 22:21:48,416 [Listener at 127.0.0.1/44409] INFO  http.BaseHttpServer (BaseHttpServer.java:<init>(108)) - Hadoop Security Enabled: false Ozone Security Enabled: false Ozone HTTP Security Enabled: false 
2022-12-15 22:21:48,418 [Listener at 127.0.0.1/44409] WARN  server.AuthenticationFilter (AuthenticationFilter.java:constructSecretProvider(240)) - Unable to initialize FileSignerSecretProvider, falling back to use random secrets. Reason: Could not read signature secret file: /home/runner/hadoop-http-auth-signature-secret
2022-12-15 22:21:48,419 [Listener at 127.0.0.1/44409] WARN  http.HttpRequestLog (HttpRequestLog.java:getRequestLog(103)) - Jetty request log can only be enabled using Log4j
2022-12-15 22:21:48,420 [Listener at 127.0.0.1/44409] INFO  http.HttpServer2 (HttpServer2.java:addGlobalFilter(1031)) - Added global filter 'safety' (class=org.apache.hadoop.hdds.server.http.HttpServer2$QuotingInputFilter)
2022-12-15 22:21:48,423 [Listener at 127.0.0.1/44409] INFO  http.HttpServer2 (HttpServer2.java:addFilter(1007)) - Added filter static_user_filter (class=org.apache.hadoop.http.lib.StaticUserWebFilter$StaticUserFilter) to context hddsDatanode
2022-12-15 22:21:48,423 [Listener at 127.0.0.1/44409] INFO  http.HttpServer2 (HttpServer2.java:addFilter(1015)) - Added filter static_user_filter (class=org.apache.hadoop.http.lib.StaticUserWebFilter$StaticUserFilter) to context static
2022-12-15 22:21:48,423 [Listener at 127.0.0.1/44409] INFO  http.HttpServer2 (HttpServer2.java:addFilter(1015)) - Added filter static_user_filter (class=org.apache.hadoop.http.lib.StaticUserWebFilter$StaticUserFilter) to context logs
2022-12-15 22:21:48,424 [Listener at 127.0.0.1/44409] INFO  http.HttpServer2 (HttpServer2.java:bindListener(1250)) - Jetty bound to port 35539
2022-12-15 22:21:48,424 [Listener at 127.0.0.1/44409] INFO  server.Server (Server.java:doStart(375)) - jetty-9.4.49.v20220914; built: 2022-09-14T01:07:36.601Z; git: 4231a3b2e4cb8548a412a789936d640a97b1aa0a; jvm 1.8.0_352-b08
2022-12-15 22:21:48,426 [Listener at 127.0.0.1/44409] INFO  server.session (DefaultSessionIdManager.java:doStart(334)) - DefaultSessionIdManager workerName=node0
2022-12-15 22:21:48,426 [Listener at 127.0.0.1/44409] INFO  server.session (DefaultSessionIdManager.java:doStart(339)) - No SessionScavenger set, using defaults
2022-12-15 22:21:48,426 [Listener at 127.0.0.1/44409] INFO  server.session (HouseKeeper.java:startScavenging(132)) - node0 Scavenging every 660000ms
2022-12-15 22:21:48,427 [Listener at 127.0.0.1/44409] INFO  handler.ContextHandler (ContextHandler.java:doStart(921)) - Started o.e.j.s.ServletContextHandler@5d8b0dd2{logs,/logs,file:///home/runner/work/ozone/ozone/hadoop-ozone/integration-test/target/log,AVAILABLE}
2022-12-15 22:21:48,428 [Listener at 127.0.0.1/44409] INFO  handler.ContextHandler (ContextHandler.java:doStart(921)) - Started o.e.j.s.ServletContextHandler@28f7f542{static,/static,jar:file:/home/runner/.m2/repository/org/apache/ozone/hdds-container-service/1.3.0-SNAPSHOT/hdds-container-service-1.3.0-SNAPSHOT.jar!/webapps/static,AVAILABLE}
2022-12-15 22:21:48,656 [Listener at 127.0.0.1/44409] INFO  handler.ContextHandler (ContextHandler.java:doStart(921)) - Started o.e.j.w.WebAppContext@4c756712{hddsDatanode,/,file:///tmp/jetty-0_0_0_0-35539-hdds-container-service-1_3_0-SNAPSHOT_jar-_-any-5325095814633765130/webapp/,AVAILABLE}{jar:file:/home/runner/.m2/repository/org/apache/ozone/hdds-container-service/1.3.0-SNAPSHOT/hdds-container-service-1.3.0-SNAPSHOT.jar!/webapps/hddsDatanode}
2022-12-15 22:21:48,658 [Listener at 127.0.0.1/44409] INFO  server.AbstractConnector (AbstractConnector.java:doStart(333)) - Started ServerConnector@4f69385e{HTTP/1.1, (http/1.1)}{0.0.0.0:35539}
2022-12-15 22:21:48,658 [Listener at 127.0.0.1/44409] INFO  server.Server (Server.java:doStart(415)) - Started @12372ms
2022-12-15 22:21:48,658 [Listener at 127.0.0.1/44409] WARN  impl.MetricsSystemImpl (MetricsSystemImpl.java:register(279)) - Sink prometheus already exists!
2022-12-15 22:21:48,659 [Listener at 127.0.0.1/44409] INFO  http.BaseHttpServer (BaseHttpServer.java:updateConnectorAddress(333)) - HTTP server of hddsDatanode listening at http://0.0.0.0:35539
2022-12-15 22:21:48,660 [Datanode State Machine Daemon Thread] INFO  statemachine.DatanodeStateMachine (DatanodeStateMachine.java:lambda$startDaemon$0(509)) - Ozone container server started.
2022-12-15 22:21:48,660 [Listener at 127.0.0.1/44409] WARN  impl.MetricRegistriesImpl (MetricRegistriesImpl.java:addReporterRegistration(111)) - New reporters are added after registries were created. Some metrics will be missing from the reporter. Please add reporter before adding any new registry.
2022-12-15 22:21:48,661 [Listener at 127.0.0.1/44409] WARN  impl.MetricRegistriesImpl (MetricRegistriesImpl.java:addReporterRegistration(111)) - New reporters are added after registries were created. Some metrics will be missing from the reporter. Please add reporter before adding any new registry.
2022-12-15 22:21:48,661 [Listener at 127.0.0.1/44409] INFO  impl.MetricsSystemImpl (MetricsSystemImpl.java:init(158)) - HddsDatanode metrics system started (again)
2022-12-15 22:21:48,676 [Listener at 127.0.0.1/44409] INFO  ozone.HddsDatanodeService (HddsDatanodeService.java:start(236)) - HddsDatanodeService host:fv-az83-67.pawgbth4qraerhbqawdeo1jfng.dx.internal.cloudapp.net ip:10.1.0.13
2022-12-15 22:21:48,677 [org.apache.hadoop.util.JvmPauseMonitor$Monitor@6a1345f6] INFO  util.JvmPauseMonitor (JvmPauseMonitor.java:run(188)) - Starting JVM pause monitor
2022-12-15 22:21:48,686 [Datanode State Machine Task Thread - 0] INFO  datanode.InitDatanodeState (InitDatanodeState.java:persistContainerDatanodeDetails(138)) - DatanodeDetails is persisted to /home/runner/work/ozone/ozone/hadoop-ozone/integration-test/target/test-dir/MiniOzoneClusterImpl-67032562-5e12-4c4f-a5ab-79ddd1e2132c/datanode-4/meta/datanode.id
2022-12-15 22:21:48,705 [Listener at 127.0.0.1/44409] INFO  upgrade.AbstractLayoutVersionManager (AbstractLayoutVersionManager.java:init(83)) - Initializing Layout version manager with metadata layout = DATANODE_SCHEMA_V3 (version = 4), software layout = DATANODE_SCHEMA_V3 (version = 4)
2022-12-15 22:21:48,804 [Listener at 127.0.0.1/44409] INFO  reflections.Reflections (Reflections.java:scan(232)) - Reflections took 97 ms to scan 7 urls, producing 140 keys and 342 values 
2022-12-15 22:21:48,806 [Listener at 127.0.0.1/44409] INFO  statemachine.DatanodeStateMachine (DatanodeStateMachine.java:getEndPointTaskThreadPoolSize(249)) - Datanode State Machine Task Thread Pool size 2
2022-12-15 22:21:48,808 [Listener at 127.0.0.1/44409] INFO  volume.HddsVolume (HddsVolume.java:<init>(117)) - Creating HddsVolume: /home/runner/work/ozone/ozone/hadoop-ozone/integration-test/target/test-dir/MiniOzoneClusterImpl-67032562-5e12-4c4f-a5ab-79ddd1e2132c/datanode-5/data-0/containers/hdds of storage type : DISK capacity : 9223372036854775807
2022-12-15 22:21:48,809 [Listener at 127.0.0.1/44409] INFO  volume.MutableVolumeSet (MutableVolumeSet.java:initializeVolumeSet(174)) - Added Volume : /home/runner/work/ozone/ozone/hadoop-ozone/integration-test/target/test-dir/MiniOzoneClusterImpl-67032562-5e12-4c4f-a5ab-79ddd1e2132c/datanode-5/data-0/containers/hdds to VolumeSet
2022-12-15 22:21:48,809 [Listener at 127.0.0.1/44409] INFO  volume.ThrottledAsyncChecker (ThrottledAsyncChecker.java:schedule(141)) - Scheduling a check for /home/runner/work/ozone/ozone/hadoop-ozone/integration-test/target/test-dir/MiniOzoneClusterImpl-67032562-5e12-4c4f-a5ab-79ddd1e2132c/datanode-5/data-0/containers/hdds
2022-12-15 22:21:48,809 [Listener at 127.0.0.1/44409] INFO  volume.StorageVolumeChecker (StorageVolumeChecker.java:checkAllVolumes(202)) - Scheduled health check for volume /home/runner/work/ozone/ozone/hadoop-ozone/integration-test/target/test-dir/MiniOzoneClusterImpl-67032562-5e12-4c4f-a5ab-79ddd1e2132c/datanode-5/data-0/containers/hdds
2022-12-15 22:21:48,826 [Listener at 127.0.0.1/44409] INFO  volume.MutableVolumeSet (MutableVolumeSet.java:initializeVolumeSet(174)) - Added Volume : /home/runner/work/ozone/ozone/hadoop-ozone/integration-test/target/test-dir/MiniOzoneClusterImpl-67032562-5e12-4c4f-a5ab-79ddd1e2132c/datanode-5/data/ratis to VolumeSet
2022-12-15 22:21:48,826 [Listener at 127.0.0.1/44409] INFO  volume.ThrottledAsyncChecker (ThrottledAsyncChecker.java:schedule(141)) - Scheduling a check for /home/runner/work/ozone/ozone/hadoop-ozone/integration-test/target/test-dir/MiniOzoneClusterImpl-67032562-5e12-4c4f-a5ab-79ddd1e2132c/datanode-5/data/ratis
2022-12-15 22:21:48,826 [Listener at 127.0.0.1/44409] INFO  volume.StorageVolumeChecker (StorageVolumeChecker.java:checkAllVolumes(202)) - Scheduled health check for volume /home/runner/work/ozone/ozone/hadoop-ozone/integration-test/target/test-dir/MiniOzoneClusterImpl-67032562-5e12-4c4f-a5ab-79ddd1e2132c/datanode-5/data/ratis
2022-12-15 22:21:48,848 [Thread-204] INFO  ozoneimpl.ContainerReader (ContainerReader.java:readVolume(175)) - Finish verifying containers on volume /home/runner/work/ozone/ozone/hadoop-ozone/integration-test/target/test-dir/MiniOzoneClusterImpl-67032562-5e12-4c4f-a5ab-79ddd1e2132c/datanode-5/data-0/containers/hdds
2022-12-15 22:21:48,848 [Listener at 127.0.0.1/44409] INFO  ozoneimpl.OzoneContainer (OzoneContainer.java:buildContainerSet(301)) - Build ContainerSet costs 0s
2022-12-15 22:21:48,858 [Listener at 127.0.0.1/44409] INFO  server.RaftServer (ConfUtils.java:logGet(46)) - raft.rpc.type = GRPC (default)
2022-12-15 22:21:48,864 [Listener at 127.0.0.1/44409] INFO  grpc.GrpcConfigKeys (ConfUtils.java:logFallback(53)) - raft.grpc.admin.host = null (fallback to raft.grpc.server.host)
2022-12-15 22:21:48,864 [Listener at 127.0.0.1/44409] INFO  grpc.GrpcConfigKeys (ConfUtils.java:logGet(46)) - raft.grpc.admin.port = 0 (custom)
2022-12-15 22:21:48,864 [Listener at 127.0.0.1/44409] INFO  grpc.GrpcConfigKeys (ConfUtils.java:logFallback(53)) - raft.grpc.client.host = null (fallback to raft.grpc.server.host)
2022-12-15 22:21:48,864 [Listener at 127.0.0.1/44409] INFO  grpc.GrpcConfigKeys (ConfUtils.java:logGet(46)) - raft.grpc.client.port = 0 (custom)
2022-12-15 22:21:48,864 [Listener at 127.0.0.1/44409] INFO  grpc.GrpcConfigKeys (ConfUtils.java:logGet(46)) - raft.grpc.server.host = null (default)
2022-12-15 22:21:48,864 [Listener at 127.0.0.1/44409] INFO  grpc.GrpcConfigKeys (ConfUtils.java:logGet(46)) - raft.grpc.server.port = 0 (default)
2022-12-15 22:21:48,865 [Listener at 127.0.0.1/44409] INFO  server.GrpcService (ConfUtils.java:logGet(46)) - raft.grpc.message.size.max = 32MB (=33554432) (custom)
2022-12-15 22:21:48,868 [Listener at 127.0.0.1/44409] INFO  server.RaftServerConfigKeys (ConfUtils.java:logGet(46)) - raft.server.log.appender.buffer.byte-limit = 33554432 (custom)
2022-12-15 22:21:48,869 [Listener at 127.0.0.1/44409] INFO  server.GrpcService (ConfUtils.java:logGet(46)) - raft.grpc.flow.control.window = 5MB (=5242880) (custom)
2022-12-15 22:21:48,873 [Listener at 127.0.0.1/44409] INFO  server.RaftServerConfigKeys (ConfUtils.java:logGet(46)) - raft.server.rpc.request.timeout = 60s (custom)
2022-12-15 22:21:48,873 [Listener at 127.0.0.1/44409] INFO  grpc.GrpcConfigKeys (ConfUtils.java:logGet(46)) - raft.grpc.server.heartbeat.channel = true (default)
2022-12-15 22:21:48,873 [Listener at 127.0.0.1/44409] INFO  grpc.GrpcConfigKeys (ConfUtils.java:logGet(46)) - raft.grpc.server.async.request.thread.pool.cached = true (default)
2022-12-15 22:21:48,873 [Listener at 127.0.0.1/44409] INFO  grpc.GrpcConfigKeys (ConfUtils.java:logGet(46)) - raft.grpc.server.async.request.thread.pool.size = 32 (default)
2022-12-15 22:21:48,875 [Listener at 127.0.0.1/44409] INFO  impl.DataStreamServerImpl (ConfUtils.java:logGet(46)) - raft.datastream.type = DISABLED (default)
2022-12-15 22:21:48,876 [Listener at 127.0.0.1/44409] INFO  server.RaftServerConfigKeys (ConfUtils.java:logGet(46)) - raft.server.threadpool.proxy.cached = true (default)
2022-12-15 22:21:48,877 [Listener at 127.0.0.1/44409] INFO  server.RaftServerConfigKeys (ConfUtils.java:logGet(46)) - raft.server.threadpool.proxy.size = 0 (default)
2022-12-15 22:21:48,877 [Listener at 127.0.0.1/44409] INFO  server.RaftServerConfigKeys (ConfUtils.java:logGet(46)) - raft.server.rpc.slowness.timeout = 300s (custom)
2022-12-15 22:21:48,877 [Listener at 127.0.0.1/44409] INFO  server.RaftServerConfigKeys (ConfUtils.java:logGet(46)) - raft.server.leaderelection.leader.step-down.wait-time = 10s (default)
2022-12-15 22:21:48,877 [Listener at 127.0.0.1/44409] INFO  server.RaftServerConfigKeys (ConfUtils.java:logGet(46)) - raft.server.storage.dir = [/home/runner/work/ozone/ozone/hadoop-ozone/integration-test/target/test-dir/MiniOzoneClusterImpl-67032562-5e12-4c4f-a5ab-79ddd1e2132c/datanode-5/data/ratis] (custom)
2022-12-15 22:21:48,886 [Listener at 127.0.0.1/44409] INFO  server.XceiverServerGrpc (XceiverServerGrpc.java:<init>(132)) - GrpcServer channel type EpollServerSocketChannel
2022-12-15 22:21:48,891 [Listener at 127.0.0.1/44409] INFO  http.BaseHttpServer (BaseHttpServer.java:newHttpServer2BuilderForOzone(213)) - Starting Web-server for hddsDatanode at: http://0.0.0.0:0
2022-12-15 22:21:48,891 [Listener at 127.0.0.1/44409] INFO  http.BaseHttpServer (BaseHttpServer.java:<init>(108)) - Hadoop Security Enabled: false Ozone Security Enabled: false Ozone HTTP Security Enabled: false 
2022-12-15 22:21:48,892 [Listener at 127.0.0.1/44409] WARN  server.AuthenticationFilter (AuthenticationFilter.java:constructSecretProvider(240)) - Unable to initialize FileSignerSecretProvider, falling back to use random secrets. Reason: Could not read signature secret file: /home/runner/hadoop-http-auth-signature-secret
2022-12-15 22:21:48,895 [Listener at 127.0.0.1/44409] WARN  http.HttpRequestLog (HttpRequestLog.java:getRequestLog(103)) - Jetty request log can only be enabled using Log4j
2022-12-15 22:21:48,899 [Listener at 127.0.0.1/44409] INFO  http.HttpServer2 (HttpServer2.java:addGlobalFilter(1031)) - Added global filter 'safety' (class=org.apache.hadoop.hdds.server.http.HttpServer2$QuotingInputFilter)
2022-12-15 22:21:48,900 [Listener at 127.0.0.1/44409] INFO  http.HttpServer2 (HttpServer2.java:addFilter(1007)) - Added filter static_user_filter (class=org.apache.hadoop.http.lib.StaticUserWebFilter$StaticUserFilter) to context hddsDatanode
2022-12-15 22:21:48,900 [Listener at 127.0.0.1/44409] INFO  http.HttpServer2 (HttpServer2.java:addFilter(1015)) - Added filter static_user_filter (class=org.apache.hadoop.http.lib.StaticUserWebFilter$StaticUserFilter) to context static
2022-12-15 22:21:48,900 [Listener at 127.0.0.1/44409] INFO  http.HttpServer2 (HttpServer2.java:addFilter(1015)) - Added filter static_user_filter (class=org.apache.hadoop.http.lib.StaticUserWebFilter$StaticUserFilter) to context logs
2022-12-15 22:21:48,901 [Listener at 127.0.0.1/44409] INFO  http.HttpServer2 (HttpServer2.java:bindListener(1250)) - Jetty bound to port 45079
2022-12-15 22:21:48,901 [Listener at 127.0.0.1/44409] INFO  server.Server (Server.java:doStart(375)) - jetty-9.4.49.v20220914; built: 2022-09-14T01:07:36.601Z; git: 4231a3b2e4cb8548a412a789936d640a97b1aa0a; jvm 1.8.0_352-b08
2022-12-15 22:21:48,906 [Listener at 127.0.0.1/44409] INFO  server.session (DefaultSessionIdManager.java:doStart(334)) - DefaultSessionIdManager workerName=node0
2022-12-15 22:21:48,906 [Listener at 127.0.0.1/44409] INFO  server.session (DefaultSessionIdManager.java:doStart(339)) - No SessionScavenger set, using defaults
2022-12-15 22:21:48,907 [Listener at 127.0.0.1/44409] INFO  server.session (HouseKeeper.java:startScavenging(132)) - node0 Scavenging every 660000ms
2022-12-15 22:21:48,908 [Listener at 127.0.0.1/44409] INFO  handler.ContextHandler (ContextHandler.java:doStart(921)) - Started o.e.j.s.ServletContextHandler@520a8e91{logs,/logs,file:///home/runner/work/ozone/ozone/hadoop-ozone/integration-test/target/log,AVAILABLE}
2022-12-15 22:21:48,908 [Listener at 127.0.0.1/44409] INFO  handler.ContextHandler (ContextHandler.java:doStart(921)) - Started o.e.j.s.ServletContextHandler@18ecc8bb{static,/static,jar:file:/home/runner/.m2/repository/org/apache/ozone/hdds-container-service/1.3.0-SNAPSHOT/hdds-container-service-1.3.0-SNAPSHOT.jar!/webapps/static,AVAILABLE}
2022-12-15 22:21:49,078 [EndpointStateMachine task thread for /0.0.0.0:45573 - 0 ] INFO  utils.DatanodeStoreCache (DatanodeStoreCache.java:addDB(58)) - Added db /home/runner/work/ozone/ozone/hadoop-ozone/integration-test/target/test-dir/MiniOzoneClusterImpl-67032562-5e12-4c4f-a5ab-79ddd1e2132c/datanode-0/data-0/containers/hdds/67032562-5e12-4c4f-a5ab-79ddd1e2132c/DS-22452591-ad9c-45c9-b7d7-d88bcae24da4/container.db to cache
2022-12-15 22:21:49,078 [EndpointStateMachine task thread for /0.0.0.0:45573 - 0 ] INFO  volume.HddsVolume (HddsVolume.java:createDbStore(307)) - SchemaV3 db is created and loaded at /home/runner/work/ozone/ozone/hadoop-ozone/integration-test/target/test-dir/MiniOzoneClusterImpl-67032562-5e12-4c4f-a5ab-79ddd1e2132c/datanode-0/data-0/containers/hdds/67032562-5e12-4c4f-a5ab-79ddd1e2132c/DS-22452591-ad9c-45c9-b7d7-d88bcae24da4/container.db for volume DS-22452591-ad9c-45c9-b7d7-d88bcae24da4
2022-12-15 22:21:49,079 [EndpointStateMachine task thread for /0.0.0.0:45573 - 0 ] INFO  ozoneimpl.OzoneContainer (OzoneContainer.java:start(395)) - Attempting to start container services.
2022-12-15 22:21:49,082 [EndpointStateMachine task thread for /0.0.0.0:45573 - 0 ] INFO  ozoneimpl.OzoneContainer (OzoneContainer.java:startContainerScrub(312)) - Scheduled background container scanners and the on-demand container scanner have been disabled.
2022-12-15 22:21:49,085 [EndpointStateMachine task thread for /0.0.0.0:45573 - 0 ] INFO  replication.ReplicationServer (ReplicationServer.java:start(106)) - ReplicationServer is started using port 41383
2022-12-15 22:21:49,090 [EndpointStateMachine task thread for /0.0.0.0:45573 - 0 ] INFO  ratis.XceiverServerRatis (XceiverServerRatis.java:start(481)) - Starting XceiverServerRatis 1e86e54b-7ea4-4ffe-a764-33ccb592660f
2022-12-15 22:21:49,092 [EndpointStateMachine task thread for /0.0.0.0:45573 - 0 ] INFO  server.RaftServer (RaftServerProxy.java:startImpl(393)) - 1e86e54b-7ea4-4ffe-a764-33ccb592660f: start RPC server
2022-12-15 22:21:49,095 [EndpointStateMachine task thread for /0.0.0.0:45573 - 0 ] INFO  server.GrpcService (GrpcService.java:startImpl(262)) - 1e86e54b-7ea4-4ffe-a764-33ccb592660f: GrpcService started, listening on 45413
2022-12-15 22:21:49,096 [EndpointStateMachine task thread for /0.0.0.0:45573 - 0 ] INFO  ratis.XceiverServerRatis (XceiverServerRatis.java:getRealPort(502)) - XceiverServerRatis 1e86e54b-7ea4-4ffe-a764-33ccb592660f is started using port 45413 for RATIS
2022-12-15 22:21:49,096 [EndpointStateMachine task thread for /0.0.0.0:45573 - 0 ] INFO  ratis.XceiverServerRatis (XceiverServerRatis.java:getRealPort(502)) - XceiverServerRatis 1e86e54b-7ea4-4ffe-a764-33ccb592660f is started using port 45413 for RATIS_ADMIN
2022-12-15 22:21:49,096 [EndpointStateMachine task thread for /0.0.0.0:45573 - 0 ] INFO  ratis.XceiverServerRatis (XceiverServerRatis.java:getRealPort(502)) - XceiverServerRatis 1e86e54b-7ea4-4ffe-a764-33ccb592660f is started using port 45413 for RATIS_SERVER
2022-12-15 22:21:49,097 [JvmPauseMonitor1] INFO  util.JvmPauseMonitor (JvmPauseMonitor.java:run(105)) - JvmPauseMonitor-1e86e54b-7ea4-4ffe-a764-33ccb592660f: Started
2022-12-15 22:21:49,105 [EndpointStateMachine task thread for /0.0.0.0:45573 - 0 ] INFO  server.XceiverServerGrpc (XceiverServerGrpc.java:start(180)) - XceiverServerGrpc 1e86e54b-7ea4-4ffe-a764-33ccb592660f is started using port 39139
2022-12-15 22:21:49,200 [Listener at 127.0.0.1/44409] INFO  handler.ContextHandler (ContextHandler.java:doStart(921)) - Started o.e.j.w.WebAppContext@15443c91{hddsDatanode,/,file:///tmp/jetty-0_0_0_0-45079-hdds-container-service-1_3_0-SNAPSHOT_jar-_-any-2558953045605647424/webapp/,AVAILABLE}{jar:file:/home/runner/.m2/repository/org/apache/ozone/hdds-container-service/1.3.0-SNAPSHOT/hdds-container-service-1.3.0-SNAPSHOT.jar!/webapps/hddsDatanode}
2022-12-15 22:21:49,202 [Listener at 127.0.0.1/44409] INFO  server.AbstractConnector (AbstractConnector.java:doStart(333)) - Started ServerConnector@c8f67e5{HTTP/1.1, (http/1.1)}{0.0.0.0:45079}
2022-12-15 22:21:49,202 [Listener at 127.0.0.1/44409] INFO  server.Server (Server.java:doStart(415)) - Started @12916ms
2022-12-15 22:21:49,203 [Listener at 127.0.0.1/44409] WARN  impl.MetricsSystemImpl (MetricsSystemImpl.java:register(279)) - Sink prometheus already exists!
2022-12-15 22:21:49,203 [Listener at 127.0.0.1/44409] INFO  http.BaseHttpServer (BaseHttpServer.java:updateConnectorAddress(333)) - HTTP server of hddsDatanode listening at http://0.0.0.0:45079
2022-12-15 22:21:49,204 [Datanode State Machine Daemon Thread] INFO  statemachine.DatanodeStateMachine (DatanodeStateMachine.java:lambda$startDaemon$0(509)) - Ozone container server started.
2022-12-15 22:21:49,204 [Listener at 127.0.0.1/44409] WARN  impl.MetricRegistriesImpl (MetricRegistriesImpl.java:addReporterRegistration(111)) - New reporters are added after registries were created. Some metrics will be missing from the reporter. Please add reporter before adding any new registry.
2022-12-15 22:21:49,204 [Listener at 127.0.0.1/44409] WARN  impl.MetricRegistriesImpl (MetricRegistriesImpl.java:addReporterRegistration(111)) - New reporters are added after registries were created. Some metrics will be missing from the reporter. Please add reporter before adding any new registry.
2022-12-15 22:21:49,205 [Listener at 127.0.0.1/44409] INFO  impl.MetricsSystemImpl (MetricsSystemImpl.java:init(158)) - HddsDatanode metrics system started (again)
2022-12-15 22:21:49,207 [ReplicationMonitor] INFO  replication.ReplicationManager (ReplicationManager.java:processAll(327)) - Replication Manager is not ready to run until 3000ms after safemode exit
2022-12-15 22:21:49,219 [org.apache.hadoop.util.JvmPauseMonitor$Monitor@9a06a86] INFO  util.JvmPauseMonitor (JvmPauseMonitor.java:run(188)) - Starting JVM pause monitor
2022-12-15 22:21:49,224 [Datanode State Machine Task Thread - 0] INFO  datanode.InitDatanodeState (InitDatanodeState.java:persistContainerDatanodeDetails(138)) - DatanodeDetails is persisted to /home/runner/work/ozone/ozone/hadoop-ozone/integration-test/target/test-dir/MiniOzoneClusterImpl-67032562-5e12-4c4f-a5ab-79ddd1e2132c/datanode-5/meta/datanode.id
2022-12-15 22:21:49,225 [Listener at 127.0.0.1/44409] INFO  ozone.HddsDatanodeService (HddsDatanodeService.java:start(236)) - HddsDatanodeService host:fv-az83-67.pawgbth4qraerhbqawdeo1jfng.dx.internal.cloudapp.net ip:10.1.0.13
2022-12-15 22:21:49,262 [Listener at 127.0.0.1/44409] INFO  upgrade.AbstractLayoutVersionManager (AbstractLayoutVersionManager.java:init(83)) - Initializing Layout version manager with metadata layout = DATANODE_SCHEMA_V3 (version = 4), software layout = DATANODE_SCHEMA_V3 (version = 4)
2022-12-15 22:21:49,321 [Listener at 127.0.0.1/44409] INFO  reflections.Reflections (Reflections.java:scan(232)) - Reflections took 57 ms to scan 7 urls, producing 140 keys and 342 values 
2022-12-15 22:21:49,322 [Listener at 127.0.0.1/44409] INFO  statemachine.DatanodeStateMachine (DatanodeStateMachine.java:getEndPointTaskThreadPoolSize(249)) - Datanode State Machine Task Thread Pool size 2
2022-12-15 22:21:49,326 [Listener at 127.0.0.1/44409] INFO  volume.HddsVolume (HddsVolume.java:<init>(117)) - Creating HddsVolume: /home/runner/work/ozone/ozone/hadoop-ozone/integration-test/target/test-dir/MiniOzoneClusterImpl-67032562-5e12-4c4f-a5ab-79ddd1e2132c/datanode-6/data-0/containers/hdds of storage type : DISK capacity : 9223372036854775807
2022-12-15 22:21:49,326 [Listener at 127.0.0.1/44409] INFO  volume.MutableVolumeSet (MutableVolumeSet.java:initializeVolumeSet(174)) - Added Volume : /home/runner/work/ozone/ozone/hadoop-ozone/integration-test/target/test-dir/MiniOzoneClusterImpl-67032562-5e12-4c4f-a5ab-79ddd1e2132c/datanode-6/data-0/containers/hdds to VolumeSet
2022-12-15 22:21:49,326 [Listener at 127.0.0.1/44409] INFO  volume.ThrottledAsyncChecker (ThrottledAsyncChecker.java:schedule(141)) - Scheduling a check for /home/runner/work/ozone/ozone/hadoop-ozone/integration-test/target/test-dir/MiniOzoneClusterImpl-67032562-5e12-4c4f-a5ab-79ddd1e2132c/datanode-6/data-0/containers/hdds
2022-12-15 22:21:49,327 [Listener at 127.0.0.1/44409] INFO  volume.StorageVolumeChecker (StorageVolumeChecker.java:checkAllVolumes(202)) - Scheduled health check for volume /home/runner/work/ozone/ozone/hadoop-ozone/integration-test/target/test-dir/MiniOzoneClusterImpl-67032562-5e12-4c4f-a5ab-79ddd1e2132c/datanode-6/data-0/containers/hdds
2022-12-15 22:21:49,342 [Listener at 127.0.0.1/44409] INFO  volume.MutableVolumeSet (MutableVolumeSet.java:initializeVolumeSet(174)) - Added Volume : /home/runner/work/ozone/ozone/hadoop-ozone/integration-test/target/test-dir/MiniOzoneClusterImpl-67032562-5e12-4c4f-a5ab-79ddd1e2132c/datanode-6/data/ratis to VolumeSet
2022-12-15 22:21:49,342 [Listener at 127.0.0.1/44409] INFO  volume.ThrottledAsyncChecker (ThrottledAsyncChecker.java:schedule(141)) - Scheduling a check for /home/runner/work/ozone/ozone/hadoop-ozone/integration-test/target/test-dir/MiniOzoneClusterImpl-67032562-5e12-4c4f-a5ab-79ddd1e2132c/datanode-6/data/ratis
2022-12-15 22:21:49,344 [Listener at 127.0.0.1/44409] INFO  volume.StorageVolumeChecker (StorageVolumeChecker.java:checkAllVolumes(202)) - Scheduled health check for volume /home/runner/work/ozone/ozone/hadoop-ozone/integration-test/target/test-dir/MiniOzoneClusterImpl-67032562-5e12-4c4f-a5ab-79ddd1e2132c/datanode-6/data/ratis
2022-12-15 22:21:49,359 [Thread-223] INFO  ozoneimpl.ContainerReader (ContainerReader.java:readVolume(175)) - Finish verifying containers on volume /home/runner/work/ozone/ozone/hadoop-ozone/integration-test/target/test-dir/MiniOzoneClusterImpl-67032562-5e12-4c4f-a5ab-79ddd1e2132c/datanode-6/data-0/containers/hdds
2022-12-15 22:21:49,360 [Listener at 127.0.0.1/44409] INFO  ozoneimpl.OzoneContainer (OzoneContainer.java:buildContainerSet(301)) - Build ContainerSet costs 0s
2022-12-15 22:21:49,374 [Listener at 127.0.0.1/44409] INFO  server.RaftServer (ConfUtils.java:logGet(46)) - raft.rpc.type = GRPC (default)
2022-12-15 22:21:49,375 [Listener at 127.0.0.1/44409] INFO  grpc.GrpcConfigKeys (ConfUtils.java:logFallback(53)) - raft.grpc.admin.host = null (fallback to raft.grpc.server.host)
2022-12-15 22:21:49,375 [Listener at 127.0.0.1/44409] INFO  grpc.GrpcConfigKeys (ConfUtils.java:logGet(46)) - raft.grpc.admin.port = 0 (custom)
2022-12-15 22:21:49,375 [Listener at 127.0.0.1/44409] INFO  grpc.GrpcConfigKeys (ConfUtils.java:logFallback(53)) - raft.grpc.client.host = null (fallback to raft.grpc.server.host)
2022-12-15 22:21:49,375 [Listener at 127.0.0.1/44409] INFO  grpc.GrpcConfigKeys (ConfUtils.java:logGet(46)) - raft.grpc.client.port = 0 (custom)
2022-12-15 22:21:49,375 [Listener at 127.0.0.1/44409] INFO  grpc.GrpcConfigKeys (ConfUtils.java:logGet(46)) - raft.grpc.server.host = null (default)
2022-12-15 22:21:49,375 [Listener at 127.0.0.1/44409] INFO  grpc.GrpcConfigKeys (ConfUtils.java:logGet(46)) - raft.grpc.server.port = 0 (default)
2022-12-15 22:21:49,375 [Listener at 127.0.0.1/44409] INFO  server.GrpcService (ConfUtils.java:logGet(46)) - raft.grpc.message.size.max = 32MB (=33554432) (custom)
2022-12-15 22:21:49,376 [Listener at 127.0.0.1/44409] INFO  server.RaftServerConfigKeys (ConfUtils.java:logGet(46)) - raft.server.log.appender.buffer.byte-limit = 33554432 (custom)
2022-12-15 22:21:49,376 [Listener at 127.0.0.1/44409] INFO  server.GrpcService (ConfUtils.java:logGet(46)) - raft.grpc.flow.control.window = 5MB (=5242880) (custom)
2022-12-15 22:21:49,376 [Listener at 127.0.0.1/44409] INFO  server.RaftServerConfigKeys (ConfUtils.java:logGet(46)) - raft.server.rpc.request.timeout = 60s (custom)
2022-12-15 22:21:49,376 [Listener at 127.0.0.1/44409] INFO  grpc.GrpcConfigKeys (ConfUtils.java:logGet(46)) - raft.grpc.server.heartbeat.channel = true (default)
2022-12-15 22:21:49,376 [Listener at 127.0.0.1/44409] INFO  grpc.GrpcConfigKeys (ConfUtils.java:logGet(46)) - raft.grpc.server.async.request.thread.pool.cached = true (default)
2022-12-15 22:21:49,376 [Listener at 127.0.0.1/44409] INFO  grpc.GrpcConfigKeys (ConfUtils.java:logGet(46)) - raft.grpc.server.async.request.thread.pool.size = 32 (default)
2022-12-15 22:21:49,379 [Listener at 127.0.0.1/44409] INFO  impl.DataStreamServerImpl (ConfUtils.java:logGet(46)) - raft.datastream.type = DISABLED (default)
2022-12-15 22:21:49,380 [Listener at 127.0.0.1/44409] INFO  server.RaftServerConfigKeys (ConfUtils.java:logGet(46)) - raft.server.threadpool.proxy.cached = true (default)
2022-12-15 22:21:49,380 [Listener at 127.0.0.1/44409] INFO  server.RaftServerConfigKeys (ConfUtils.java:logGet(46)) - raft.server.threadpool.proxy.size = 0 (default)
2022-12-15 22:21:49,380 [Listener at 127.0.0.1/44409] INFO  server.RaftServerConfigKeys (ConfUtils.java:logGet(46)) - raft.server.rpc.slowness.timeout = 300s (custom)
2022-12-15 22:21:49,380 [Listener at 127.0.0.1/44409] INFO  server.RaftServerConfigKeys (ConfUtils.java:logGet(46)) - raft.server.leaderelection.leader.step-down.wait-time = 10s (default)
2022-12-15 22:21:49,380 [Listener at 127.0.0.1/44409] INFO  server.RaftServerConfigKeys (ConfUtils.java:logGet(46)) - raft.server.storage.dir = [/home/runner/work/ozone/ozone/hadoop-ozone/integration-test/target/test-dir/MiniOzoneClusterImpl-67032562-5e12-4c4f-a5ab-79ddd1e2132c/datanode-6/data/ratis] (custom)
2022-12-15 22:21:49,384 [Listener at 127.0.0.1/44409] INFO  server.XceiverServerGrpc (XceiverServerGrpc.java:<init>(132)) - GrpcServer channel type EpollServerSocketChannel
2022-12-15 22:21:49,392 [Listener at 127.0.0.1/44409] INFO  http.BaseHttpServer (BaseHttpServer.java:newHttpServer2BuilderForOzone(213)) - Starting Web-server for hddsDatanode at: http://0.0.0.0:0
2022-12-15 22:21:49,392 [Listener at 127.0.0.1/44409] INFO  http.BaseHttpServer (BaseHttpServer.java:<init>(108)) - Hadoop Security Enabled: false Ozone Security Enabled: false Ozone HTTP Security Enabled: false 
2022-12-15 22:21:49,394 [Listener at 127.0.0.1/44409] WARN  server.AuthenticationFilter (AuthenticationFilter.java:constructSecretProvider(240)) - Unable to initialize FileSignerSecretProvider, falling back to use random secrets. Reason: Could not read signature secret file: /home/runner/hadoop-http-auth-signature-secret
2022-12-15 22:21:49,395 [Listener at 127.0.0.1/44409] WARN  http.HttpRequestLog (HttpRequestLog.java:getRequestLog(103)) - Jetty request log can only be enabled using Log4j
2022-12-15 22:21:49,398 [Listener at 127.0.0.1/44409] INFO  http.HttpServer2 (HttpServer2.java:addGlobalFilter(1031)) - Added global filter 'safety' (class=org.apache.hadoop.hdds.server.http.HttpServer2$QuotingInputFilter)
2022-12-15 22:21:49,399 [Listener at 127.0.0.1/44409] INFO  http.HttpServer2 (HttpServer2.java:addFilter(1007)) - Added filter static_user_filter (class=org.apache.hadoop.http.lib.StaticUserWebFilter$StaticUserFilter) to context hddsDatanode
2022-12-15 22:21:49,399 [Listener at 127.0.0.1/44409] INFO  http.HttpServer2 (HttpServer2.java:addFilter(1015)) - Added filter static_user_filter (class=org.apache.hadoop.http.lib.StaticUserWebFilter$StaticUserFilter) to context logs
2022-12-15 22:21:49,399 [Listener at 127.0.0.1/44409] INFO  http.HttpServer2 (HttpServer2.java:addFilter(1015)) - Added filter static_user_filter (class=org.apache.hadoop.http.lib.StaticUserWebFilter$StaticUserFilter) to context static
2022-12-15 22:21:49,399 [Listener at 127.0.0.1/44409] INFO  http.HttpServer2 (HttpServer2.java:bindListener(1250)) - Jetty bound to port 40129
2022-12-15 22:21:49,400 [Listener at 127.0.0.1/44409] INFO  server.Server (Server.java:doStart(375)) - jetty-9.4.49.v20220914; built: 2022-09-14T01:07:36.601Z; git: 4231a3b2e4cb8548a412a789936d640a97b1aa0a; jvm 1.8.0_352-b08
2022-12-15 22:21:49,404 [Listener at 127.0.0.1/44409] INFO  server.session (DefaultSessionIdManager.java:doStart(334)) - DefaultSessionIdManager workerName=node0
2022-12-15 22:21:49,404 [Listener at 127.0.0.1/44409] INFO  server.session (DefaultSessionIdManager.java:doStart(339)) - No SessionScavenger set, using defaults
2022-12-15 22:21:49,405 [Listener at 127.0.0.1/44409] INFO  server.session (HouseKeeper.java:startScavenging(132)) - node0 Scavenging every 600000ms
2022-12-15 22:21:49,406 [Listener at 127.0.0.1/44409] INFO  handler.ContextHandler (ContextHandler.java:doStart(921)) - Started o.e.j.s.ServletContextHandler@2ce0de56{logs,/logs,file:///home/runner/work/ozone/ozone/hadoop-ozone/integration-test/target/log,AVAILABLE}
2022-12-15 22:21:49,407 [Listener at 127.0.0.1/44409] INFO  handler.ContextHandler (ContextHandler.java:doStart(921)) - Started o.e.j.s.ServletContextHandler@63eb965c{static,/static,jar:file:/home/runner/.m2/repository/org/apache/ozone/hdds-container-service/1.3.0-SNAPSHOT/hdds-container-service-1.3.0-SNAPSHOT.jar!/webapps/static,AVAILABLE}
2022-12-15 22:21:49,491 [EndpointStateMachine task thread for /0.0.0.0:45573 - 0 ] INFO  utils.DatanodeStoreCache (DatanodeStoreCache.java:addDB(58)) - Added db /home/runner/work/ozone/ozone/hadoop-ozone/integration-test/target/test-dir/MiniOzoneClusterImpl-67032562-5e12-4c4f-a5ab-79ddd1e2132c/datanode-1/data-0/containers/hdds/67032562-5e12-4c4f-a5ab-79ddd1e2132c/DS-0a407fa8-5ab7-4436-85b7-97b4777978b8/container.db to cache
2022-12-15 22:21:49,491 [EndpointStateMachine task thread for /0.0.0.0:45573 - 0 ] INFO  volume.HddsVolume (HddsVolume.java:createDbStore(307)) - SchemaV3 db is created and loaded at /home/runner/work/ozone/ozone/hadoop-ozone/integration-test/target/test-dir/MiniOzoneClusterImpl-67032562-5e12-4c4f-a5ab-79ddd1e2132c/datanode-1/data-0/containers/hdds/67032562-5e12-4c4f-a5ab-79ddd1e2132c/DS-0a407fa8-5ab7-4436-85b7-97b4777978b8/container.db for volume DS-0a407fa8-5ab7-4436-85b7-97b4777978b8
2022-12-15 22:21:49,492 [EndpointStateMachine task thread for /0.0.0.0:45573 - 0 ] INFO  ozoneimpl.OzoneContainer (OzoneContainer.java:start(395)) - Attempting to start container services.
2022-12-15 22:21:49,492 [EndpointStateMachine task thread for /0.0.0.0:45573 - 0 ] INFO  ozoneimpl.OzoneContainer (OzoneContainer.java:startContainerScrub(312)) - Scheduled background container scanners and the on-demand container scanner have been disabled.
2022-12-15 22:21:49,497 [EndpointStateMachine task thread for /0.0.0.0:45573 - 0 ] INFO  replication.ReplicationServer (ReplicationServer.java:start(106)) - ReplicationServer is started using port 33725
2022-12-15 22:21:49,498 [EndpointStateMachine task thread for /0.0.0.0:45573 - 0 ] INFO  ratis.XceiverServerRatis (XceiverServerRatis.java:start(481)) - Starting XceiverServerRatis e0198350-5a80-4cc9-b4d4-fe7f34161fcd
2022-12-15 22:21:49,500 [EndpointStateMachine task thread for /0.0.0.0:45573 - 0 ] INFO  server.RaftServer (RaftServerProxy.java:startImpl(393)) - e0198350-5a80-4cc9-b4d4-fe7f34161fcd: start RPC server
2022-12-15 22:21:49,506 [EndpointStateMachine task thread for /0.0.0.0:45573 - 0 ] INFO  server.GrpcService (GrpcService.java:startImpl(262)) - e0198350-5a80-4cc9-b4d4-fe7f34161fcd: GrpcService started, listening on 33167
2022-12-15 22:21:49,507 [EndpointStateMachine task thread for /0.0.0.0:45573 - 0 ] INFO  ratis.XceiverServerRatis (XceiverServerRatis.java:getRealPort(502)) - XceiverServerRatis e0198350-5a80-4cc9-b4d4-fe7f34161fcd is started using port 33167 for RATIS
2022-12-15 22:21:49,507 [EndpointStateMachine task thread for /0.0.0.0:45573 - 0 ] INFO  ratis.XceiverServerRatis (XceiverServerRatis.java:getRealPort(502)) - XceiverServerRatis e0198350-5a80-4cc9-b4d4-fe7f34161fcd is started using port 33167 for RATIS_ADMIN
2022-12-15 22:21:49,507 [JvmPauseMonitor2] INFO  util.JvmPauseMonitor (JvmPauseMonitor.java:run(105)) - JvmPauseMonitor-e0198350-5a80-4cc9-b4d4-fe7f34161fcd: Started
2022-12-15 22:21:49,507 [EndpointStateMachine task thread for /0.0.0.0:45573 - 0 ] INFO  ratis.XceiverServerRatis (XceiverServerRatis.java:getRealPort(502)) - XceiverServerRatis e0198350-5a80-4cc9-b4d4-fe7f34161fcd is started using port 33167 for RATIS_SERVER
2022-12-15 22:21:49,510 [EndpointStateMachine task thread for /0.0.0.0:45573 - 0 ] INFO  server.XceiverServerGrpc (XceiverServerGrpc.java:start(180)) - XceiverServerGrpc e0198350-5a80-4cc9-b4d4-fe7f34161fcd is started using port 40941
2022-12-15 22:21:49,667 [Listener at 127.0.0.1/44409] INFO  handler.ContextHandler (ContextHandler.java:doStart(921)) - Started o.e.j.w.WebAppContext@8fdde05{hddsDatanode,/,file:///tmp/jetty-0_0_0_0-40129-hdds-container-service-1_3_0-SNAPSHOT_jar-_-any-1095264616292182426/webapp/,AVAILABLE}{jar:file:/home/runner/.m2/repository/org/apache/ozone/hdds-container-service/1.3.0-SNAPSHOT/hdds-container-service-1.3.0-SNAPSHOT.jar!/webapps/hddsDatanode}
2022-12-15 22:21:49,670 [Listener at 127.0.0.1/44409] INFO  server.AbstractConnector (AbstractConnector.java:doStart(333)) - Started ServerConnector@2f6e58ea{HTTP/1.1, (http/1.1)}{0.0.0.0:40129}
2022-12-15 22:21:49,670 [Listener at 127.0.0.1/44409] INFO  server.Server (Server.java:doStart(415)) - Started @13385ms
2022-12-15 22:21:49,670 [Listener at 127.0.0.1/44409] WARN  impl.MetricsSystemImpl (MetricsSystemImpl.java:register(279)) - Sink prometheus already exists!
2022-12-15 22:21:49,671 [Listener at 127.0.0.1/44409] INFO  http.BaseHttpServer (BaseHttpServer.java:updateConnectorAddress(333)) - HTTP server of hddsDatanode listening at http://0.0.0.0:40129
2022-12-15 22:21:49,672 [Datanode State Machine Daemon Thread] INFO  statemachine.DatanodeStateMachine (DatanodeStateMachine.java:lambda$startDaemon$0(509)) - Ozone container server started.
2022-12-15 22:21:49,679 [Listener at 127.0.0.1/44409] INFO  ozone.MiniOzoneClusterImpl (MiniOzoneClusterImpl.java:lambda$waitForClusterToBeReady$0(216)) - Waiting for nodes to be ready. Got 0 of 7 DN Heartbeats.
2022-12-15 22:21:49,679 [Listener at 127.0.0.1/44409] INFO  ozone.MiniOzoneClusterImpl (MiniOzoneClusterImpl.java:lambda$waitForClusterToBeReady$0(219)) - Waiting for cluster to exit safe mode
2022-12-15 22:21:49,679 [Listener at 127.0.0.1/44409] INFO  ozone.MiniOzoneClusterImpl (MiniOzoneClusterImpl.java:lambda$waitForClusterToBeReady$0(221)) - SCM became leader
2022-12-15 22:21:49,686 [org.apache.hadoop.util.JvmPauseMonitor$Monitor@57bfa8f] INFO  util.JvmPauseMonitor (JvmPauseMonitor.java:run(188)) - Starting JVM pause monitor
2022-12-15 22:21:49,695 [Datanode State Machine Task Thread - 0] INFO  datanode.InitDatanodeState (InitDatanodeState.java:persistContainerDatanodeDetails(138)) - DatanodeDetails is persisted to /home/runner/work/ozone/ozone/hadoop-ozone/integration-test/target/test-dir/MiniOzoneClusterImpl-67032562-5e12-4c4f-a5ab-79ddd1e2132c/datanode-6/meta/datanode.id
2022-12-15 22:21:49,905 [EndpointStateMachine task thread for /0.0.0.0:45573 - 0 ] INFO  utils.DatanodeStoreCache (DatanodeStoreCache.java:addDB(58)) - Added db /home/runner/work/ozone/ozone/hadoop-ozone/integration-test/target/test-dir/MiniOzoneClusterImpl-67032562-5e12-4c4f-a5ab-79ddd1e2132c/datanode-2/data-0/containers/hdds/67032562-5e12-4c4f-a5ab-79ddd1e2132c/DS-e8128db8-a353-4569-876c-35e4c95aa5c9/container.db to cache
2022-12-15 22:21:49,905 [EndpointStateMachine task thread for /0.0.0.0:45573 - 0 ] INFO  volume.HddsVolume (HddsVolume.java:createDbStore(307)) - SchemaV3 db is created and loaded at /home/runner/work/ozone/ozone/hadoop-ozone/integration-test/target/test-dir/MiniOzoneClusterImpl-67032562-5e12-4c4f-a5ab-79ddd1e2132c/datanode-2/data-0/containers/hdds/67032562-5e12-4c4f-a5ab-79ddd1e2132c/DS-e8128db8-a353-4569-876c-35e4c95aa5c9/container.db for volume DS-e8128db8-a353-4569-876c-35e4c95aa5c9
2022-12-15 22:21:49,906 [EndpointStateMachine task thread for /0.0.0.0:45573 - 0 ] INFO  ozoneimpl.OzoneContainer (OzoneContainer.java:start(395)) - Attempting to start container services.
2022-12-15 22:21:49,906 [EndpointStateMachine task thread for /0.0.0.0:45573 - 0 ] INFO  ozoneimpl.OzoneContainer (OzoneContainer.java:startContainerScrub(312)) - Scheduled background container scanners and the on-demand container scanner have been disabled.
2022-12-15 22:21:49,909 [EndpointStateMachine task thread for /0.0.0.0:45573 - 0 ] INFO  replication.ReplicationServer (ReplicationServer.java:start(106)) - ReplicationServer is started using port 42995
2022-12-15 22:21:49,909 [EndpointStateMachine task thread for /0.0.0.0:45573 - 0 ] INFO  ratis.XceiverServerRatis (XceiverServerRatis.java:start(481)) - Starting XceiverServerRatis 8742ce53-ec43-4b5d-92fb-ca295b19fdac
2022-12-15 22:21:49,912 [EndpointStateMachine task thread for /0.0.0.0:45573 - 0 ] INFO  server.RaftServer (RaftServerProxy.java:startImpl(393)) - 8742ce53-ec43-4b5d-92fb-ca295b19fdac: start RPC server
2022-12-15 22:21:49,915 [EndpointStateMachine task thread for /0.0.0.0:45573 - 0 ] INFO  server.GrpcService (GrpcService.java:startImpl(262)) - 8742ce53-ec43-4b5d-92fb-ca295b19fdac: GrpcService started, listening on 44977
2022-12-15 22:21:49,916 [EndpointStateMachine task thread for /0.0.0.0:45573 - 0 ] INFO  ratis.XceiverServerRatis (XceiverServerRatis.java:getRealPort(502)) - XceiverServerRatis 8742ce53-ec43-4b5d-92fb-ca295b19fdac is started using port 44977 for RATIS
2022-12-15 22:21:49,916 [JvmPauseMonitor3] INFO  util.JvmPauseMonitor (JvmPauseMonitor.java:run(105)) - JvmPauseMonitor-8742ce53-ec43-4b5d-92fb-ca295b19fdac: Started
2022-12-15 22:21:49,916 [EndpointStateMachine task thread for /0.0.0.0:45573 - 0 ] INFO  ratis.XceiverServerRatis (XceiverServerRatis.java:getRealPort(502)) - XceiverServerRatis 8742ce53-ec43-4b5d-92fb-ca295b19fdac is started using port 44977 for RATIS_ADMIN
2022-12-15 22:21:49,917 [EndpointStateMachine task thread for /0.0.0.0:45573 - 0 ] INFO  ratis.XceiverServerRatis (XceiverServerRatis.java:getRealPort(502)) - XceiverServerRatis 8742ce53-ec43-4b5d-92fb-ca295b19fdac is started using port 44977 for RATIS_SERVER
2022-12-15 22:21:49,922 [EndpointStateMachine task thread for /0.0.0.0:45573 - 0 ] INFO  server.XceiverServerGrpc (XceiverServerGrpc.java:start(180)) - XceiverServerGrpc 8742ce53-ec43-4b5d-92fb-ca295b19fdac is started using port 39581
2022-12-15 22:21:50,208 [ReplicationMonitor] INFO  replication.ReplicationManager (ReplicationManager.java:processAll(327)) - Replication Manager is not ready to run until 3000ms after safemode exit
2022-12-15 22:21:50,318 [EndpointStateMachine task thread for /0.0.0.0:45573 - 0 ] INFO  utils.DatanodeStoreCache (DatanodeStoreCache.java:addDB(58)) - Added db /home/runner/work/ozone/ozone/hadoop-ozone/integration-test/target/test-dir/MiniOzoneClusterImpl-67032562-5e12-4c4f-a5ab-79ddd1e2132c/datanode-3/data-0/containers/hdds/67032562-5e12-4c4f-a5ab-79ddd1e2132c/DS-75b39394-3949-4f8e-82a6-9efeefd2ee26/container.db to cache
2022-12-15 22:21:50,318 [EndpointStateMachine task thread for /0.0.0.0:45573 - 0 ] INFO  volume.HddsVolume (HddsVolume.java:createDbStore(307)) - SchemaV3 db is created and loaded at /home/runner/work/ozone/ozone/hadoop-ozone/integration-test/target/test-dir/MiniOzoneClusterImpl-67032562-5e12-4c4f-a5ab-79ddd1e2132c/datanode-3/data-0/containers/hdds/67032562-5e12-4c4f-a5ab-79ddd1e2132c/DS-75b39394-3949-4f8e-82a6-9efeefd2ee26/container.db for volume DS-75b39394-3949-4f8e-82a6-9efeefd2ee26
2022-12-15 22:21:50,318 [EndpointStateMachine task thread for /0.0.0.0:45573 - 0 ] INFO  ozoneimpl.OzoneContainer (OzoneContainer.java:start(395)) - Attempting to start container services.
2022-12-15 22:21:50,318 [EndpointStateMachine task thread for /0.0.0.0:45573 - 0 ] INFO  ozoneimpl.OzoneContainer (OzoneContainer.java:startContainerScrub(312)) - Scheduled background container scanners and the on-demand container scanner have been disabled.
2022-12-15 22:21:50,322 [EndpointStateMachine task thread for /0.0.0.0:45573 - 0 ] INFO  replication.ReplicationServer (ReplicationServer.java:start(106)) - ReplicationServer is started using port 36657
2022-12-15 22:21:50,322 [EndpointStateMachine task thread for /0.0.0.0:45573 - 0 ] INFO  ratis.XceiverServerRatis (XceiverServerRatis.java:start(481)) - Starting XceiverServerRatis 36e1593a-57cf-42fc-9e99-3bc8e6c88ec2
2022-12-15 22:21:50,328 [EndpointStateMachine task thread for /0.0.0.0:45573 - 0 ] INFO  server.RaftServer (RaftServerProxy.java:startImpl(393)) - 36e1593a-57cf-42fc-9e99-3bc8e6c88ec2: start RPC server
2022-12-15 22:21:50,331 [EndpointStateMachine task thread for /0.0.0.0:45573 - 0 ] INFO  server.GrpcService (GrpcService.java:startImpl(262)) - 36e1593a-57cf-42fc-9e99-3bc8e6c88ec2: GrpcService started, listening on 46439
2022-12-15 22:21:50,331 [EndpointStateMachine task thread for /0.0.0.0:45573 - 0 ] INFO  ratis.XceiverServerRatis (XceiverServerRatis.java:getRealPort(502)) - XceiverServerRatis 36e1593a-57cf-42fc-9e99-3bc8e6c88ec2 is started using port 46439 for RATIS
2022-12-15 22:21:50,331 [JvmPauseMonitor4] INFO  util.JvmPauseMonitor (JvmPauseMonitor.java:run(105)) - JvmPauseMonitor-36e1593a-57cf-42fc-9e99-3bc8e6c88ec2: Started
2022-12-15 22:21:50,331 [EndpointStateMachine task thread for /0.0.0.0:45573 - 0 ] INFO  ratis.XceiverServerRatis (XceiverServerRatis.java:getRealPort(502)) - XceiverServerRatis 36e1593a-57cf-42fc-9e99-3bc8e6c88ec2 is started using port 46439 for RATIS_ADMIN
2022-12-15 22:21:50,332 [EndpointStateMachine task thread for /0.0.0.0:45573 - 0 ] INFO  ratis.XceiverServerRatis (XceiverServerRatis.java:getRealPort(502)) - XceiverServerRatis 36e1593a-57cf-42fc-9e99-3bc8e6c88ec2 is started using port 46439 for RATIS_SERVER
2022-12-15 22:21:50,336 [EndpointStateMachine task thread for /0.0.0.0:45573 - 0 ] INFO  server.XceiverServerGrpc (XceiverServerGrpc.java:start(180)) - XceiverServerGrpc 36e1593a-57cf-42fc-9e99-3bc8e6c88ec2 is started using port 39281
2022-12-15 22:21:50,679 [Listener at 127.0.0.1/44409] INFO  ozone.MiniOzoneClusterImpl (MiniOzoneClusterImpl.java:lambda$waitForClusterToBeReady$0(216)) - Waiting for nodes to be ready. Got 0 of 7 DN Heartbeats.
2022-12-15 22:21:50,680 [Listener at 127.0.0.1/44409] INFO  ozone.MiniOzoneClusterImpl (MiniOzoneClusterImpl.java:lambda$waitForClusterToBeReady$0(219)) - Waiting for cluster to exit safe mode
2022-12-15 22:21:50,681 [Listener at 127.0.0.1/44409] INFO  ozone.MiniOzoneClusterImpl (MiniOzoneClusterImpl.java:lambda$waitForClusterToBeReady$0(221)) - SCM became leader
2022-12-15 22:21:50,736 [EndpointStateMachine task thread for /0.0.0.0:45573 - 0 ] INFO  utils.DatanodeStoreCache (DatanodeStoreCache.java:addDB(58)) - Added db /home/runner/work/ozone/ozone/hadoop-ozone/integration-test/target/test-dir/MiniOzoneClusterImpl-67032562-5e12-4c4f-a5ab-79ddd1e2132c/datanode-4/data-0/containers/hdds/67032562-5e12-4c4f-a5ab-79ddd1e2132c/DS-568e9f70-02c5-4cd5-878f-8cc846e635c6/container.db to cache
2022-12-15 22:21:50,736 [EndpointStateMachine task thread for /0.0.0.0:45573 - 0 ] INFO  volume.HddsVolume (HddsVolume.java:createDbStore(307)) - SchemaV3 db is created and loaded at /home/runner/work/ozone/ozone/hadoop-ozone/integration-test/target/test-dir/MiniOzoneClusterImpl-67032562-5e12-4c4f-a5ab-79ddd1e2132c/datanode-4/data-0/containers/hdds/67032562-5e12-4c4f-a5ab-79ddd1e2132c/DS-568e9f70-02c5-4cd5-878f-8cc846e635c6/container.db for volume DS-568e9f70-02c5-4cd5-878f-8cc846e635c6
2022-12-15 22:21:50,737 [EndpointStateMachine task thread for /0.0.0.0:45573 - 0 ] INFO  ozoneimpl.OzoneContainer (OzoneContainer.java:start(395)) - Attempting to start container services.
2022-12-15 22:21:50,737 [EndpointStateMachine task thread for /0.0.0.0:45573 - 0 ] INFO  ozoneimpl.OzoneContainer (OzoneContainer.java:startContainerScrub(312)) - Scheduled background container scanners and the on-demand container scanner have been disabled.
2022-12-15 22:21:50,739 [EndpointStateMachine task thread for /0.0.0.0:45573 - 0 ] INFO  replication.ReplicationServer (ReplicationServer.java:start(106)) - ReplicationServer is started using port 37293
2022-12-15 22:21:50,740 [EndpointStateMachine task thread for /0.0.0.0:45573 - 0 ] INFO  ratis.XceiverServerRatis (XceiverServerRatis.java:start(481)) - Starting XceiverServerRatis 9af99ef4-a70d-4375-9c0d-594670c86eaa
2022-12-15 22:21:50,746 [EndpointStateMachine task thread for /0.0.0.0:45573 - 0 ] INFO  server.RaftServer (RaftServerProxy.java:startImpl(393)) - 9af99ef4-a70d-4375-9c0d-594670c86eaa: start RPC server
2022-12-15 22:21:50,748 [EndpointStateMachine task thread for /0.0.0.0:45573 - 0 ] INFO  server.GrpcService (GrpcService.java:startImpl(262)) - 9af99ef4-a70d-4375-9c0d-594670c86eaa: GrpcService started, listening on 37969
2022-12-15 22:21:50,749 [EndpointStateMachine task thread for /0.0.0.0:45573 - 0 ] INFO  ratis.XceiverServerRatis (XceiverServerRatis.java:getRealPort(502)) - XceiverServerRatis 9af99ef4-a70d-4375-9c0d-594670c86eaa is started using port 37969 for RATIS
2022-12-15 22:21:50,749 [EndpointStateMachine task thread for /0.0.0.0:45573 - 0 ] INFO  ratis.XceiverServerRatis (XceiverServerRatis.java:getRealPort(502)) - XceiverServerRatis 9af99ef4-a70d-4375-9c0d-594670c86eaa is started using port 37969 for RATIS_ADMIN
2022-12-15 22:21:50,749 [JvmPauseMonitor5] INFO  util.JvmPauseMonitor (JvmPauseMonitor.java:run(105)) - JvmPauseMonitor-9af99ef4-a70d-4375-9c0d-594670c86eaa: Started
2022-12-15 22:21:50,749 [EndpointStateMachine task thread for /0.0.0.0:45573 - 0 ] INFO  ratis.XceiverServerRatis (XceiverServerRatis.java:getRealPort(502)) - XceiverServerRatis 9af99ef4-a70d-4375-9c0d-594670c86eaa is started using port 37969 for RATIS_SERVER
2022-12-15 22:21:50,753 [EndpointStateMachine task thread for /0.0.0.0:45573 - 0 ] INFO  server.XceiverServerGrpc (XceiverServerGrpc.java:start(180)) - XceiverServerGrpc 9af99ef4-a70d-4375-9c0d-594670c86eaa is started using port 45841
2022-12-15 22:21:50,848 [IPC Server handler 1 on default port 45573] INFO  net.NetworkTopologyImpl (NetworkTopologyImpl.java:add(112)) - Added a new node: /default-rack/1e86e54b-7ea4-4ffe-a764-33ccb592660f
2022-12-15 22:21:50,850 [IPC Server handler 1 on default port 45573] INFO  node.SCMNodeManager (SCMNodeManager.java:register(397)) - Registered Data node : 1e86e54b-7ea4-4ffe-a764-33ccb592660f{ip: 10.1.0.13, host: fv-az83-67.pawgbth4qraerhbqawdeo1jfng.dx.internal.cloudapp.net, ports: [REPLICATION=41383, RATIS=45413, RATIS_ADMIN=45413, RATIS_SERVER=45413, STANDALONE=39139], networkLocation: /default-rack, certSerialId: null, persistedOpState: null, persistedOpStateExpiryEpochSec: 0}
2022-12-15 22:21:50,855 [EventQueue-NewNodeForNewNodeHandler] INFO  pipeline.BackgroundPipelineCreator (BackgroundPipelineCreator.java:notifyEventTriggered(276)) - trigger a one-shot run on RatisPipelineUtilsThread.
2022-12-15 22:21:50,869 [EventQueue-NodeRegistrationContainerReportForDataNodeSafeModeRule] INFO  safemode.SCMSafeModeManager (DataNodeSafeModeRule.java:process(71)) - SCM in safe mode. 1 DataNodes registered, 3 required.
2022-12-15 22:21:50,871 [EventQueue-NodeRegistrationContainerReportForContainerSafeModeRule] INFO  safemode.SCMSafeModeManager (SCMSafeModeManager.java:validateSafeModeExitRules(200)) - ContainerSafeModeRule rule is successfully validated
2022-12-15 22:21:50,876 [RatisPipelineUtilsThread - 0] INFO  pipeline.RatisPipelineProvider (RatisPipelineProvider.java:lambda$create$0(206)) - Sending CreatePipelineCommand for pipeline:PipelineID=2f56ceb8-1d04-4962-b9c6-7f8dc05f6ad4 to datanode:1e86e54b-7ea4-4ffe-a764-33ccb592660f
2022-12-15 22:21:50,885 [EventQueue-PipelineReportForOneReplicaPipelineSafeModeRule] INFO  safemode.SCMSafeModeManager (SCMSafeModeManager.java:validateSafeModeExitRules(200)) - AtleastOneDatanodeReportedRule rule is successfully validated
2022-12-15 22:21:50,906 [RatisPipelineUtilsThread - 0] INFO  pipeline.PipelineStateManagerImpl (PipelineStateManagerImpl.java:addPipeline(103)) - Created pipeline Pipeline[ Id: 2f56ceb8-1d04-4962-b9c6-7f8dc05f6ad4, Nodes: 1e86e54b-7ea4-4ffe-a764-33ccb592660f{ip: 10.1.0.13, host: fv-az83-67.pawgbth4qraerhbqawdeo1jfng.dx.internal.cloudapp.net, ports: [REPLICATION=41383, RATIS=45413, RATIS_ADMIN=45413, RATIS_SERVER=45413, STANDALONE=39139], networkLocation: /default-rack, certSerialId: null, persistedOpState: IN_SERVICE, persistedOpStateExpiryEpochSec: 0}, ReplicationConfig: RATIS/ONE, State:ALLOCATED, leaderId:, CreationTimestamp2022-12-15T22:21:50.873Z[Etc/UTC]].
2022-12-15 22:21:51,208 [ReplicationMonitor] INFO  replication.ReplicationManager (ReplicationManager.java:processAll(327)) - Replication Manager is not ready to run until 3000ms after safemode exit
2022-12-15 22:21:51,310 [EndpointStateMachine task thread for /0.0.0.0:45573 - 0 ] INFO  utils.DatanodeStoreCache (DatanodeStoreCache.java:addDB(58)) - Added db /home/runner/work/ozone/ozone/hadoop-ozone/integration-test/target/test-dir/MiniOzoneClusterImpl-67032562-5e12-4c4f-a5ab-79ddd1e2132c/datanode-5/data-0/containers/hdds/67032562-5e12-4c4f-a5ab-79ddd1e2132c/DS-4add7b51-f886-47ae-9a2a-476a48cd5b36/container.db to cache
2022-12-15 22:21:51,328 [EndpointStateMachine task thread for /0.0.0.0:45573 - 0 ] INFO  volume.HddsVolume (HddsVolume.java:createDbStore(307)) - SchemaV3 db is created and loaded at /home/runner/work/ozone/ozone/hadoop-ozone/integration-test/target/test-dir/MiniOzoneClusterImpl-67032562-5e12-4c4f-a5ab-79ddd1e2132c/datanode-5/data-0/containers/hdds/67032562-5e12-4c4f-a5ab-79ddd1e2132c/DS-4add7b51-f886-47ae-9a2a-476a48cd5b36/container.db for volume DS-4add7b51-f886-47ae-9a2a-476a48cd5b36
2022-12-15 22:21:51,329 [EndpointStateMachine task thread for /0.0.0.0:45573 - 0 ] INFO  ozoneimpl.OzoneContainer (OzoneContainer.java:start(395)) - Attempting to start container services.
2022-12-15 22:21:51,329 [EndpointStateMachine task thread for /0.0.0.0:45573 - 0 ] INFO  ozoneimpl.OzoneContainer (OzoneContainer.java:startContainerScrub(312)) - Scheduled background container scanners and the on-demand container scanner have been disabled.
2022-12-15 22:21:51,334 [EndpointStateMachine task thread for /0.0.0.0:45573 - 0 ] INFO  replication.ReplicationServer (ReplicationServer.java:start(106)) - ReplicationServer is started using port 35393
2022-12-15 22:21:51,335 [EndpointStateMachine task thread for /0.0.0.0:45573 - 0 ] INFO  ratis.XceiverServerRatis (XceiverServerRatis.java:start(481)) - Starting XceiverServerRatis c0e45f45-48a3-418c-b3ac-112e0491709c
2022-12-15 22:21:51,342 [EndpointStateMachine task thread for /0.0.0.0:45573 - 0 ] INFO  server.RaftServer (RaftServerProxy.java:startImpl(393)) - c0e45f45-48a3-418c-b3ac-112e0491709c: start RPC server
2022-12-15 22:21:51,345 [EndpointStateMachine task thread for /0.0.0.0:45573 - 0 ] INFO  server.GrpcService (GrpcService.java:startImpl(262)) - c0e45f45-48a3-418c-b3ac-112e0491709c: GrpcService started, listening on 40363
2022-12-15 22:21:51,345 [EndpointStateMachine task thread for /0.0.0.0:45573 - 0 ] INFO  ratis.XceiverServerRatis (XceiverServerRatis.java:getRealPort(502)) - XceiverServerRatis c0e45f45-48a3-418c-b3ac-112e0491709c is started using port 40363 for RATIS
2022-12-15 22:21:51,345 [JvmPauseMonitor6] INFO  util.JvmPauseMonitor (JvmPauseMonitor.java:run(105)) - JvmPauseMonitor-c0e45f45-48a3-418c-b3ac-112e0491709c: Started
2022-12-15 22:21:51,345 [EndpointStateMachine task thread for /0.0.0.0:45573 - 0 ] INFO  ratis.XceiverServerRatis (XceiverServerRatis.java:getRealPort(502)) - XceiverServerRatis c0e45f45-48a3-418c-b3ac-112e0491709c is started using port 40363 for RATIS_ADMIN
2022-12-15 22:21:51,345 [EndpointStateMachine task thread for /0.0.0.0:45573 - 0 ] INFO  ratis.XceiverServerRatis (XceiverServerRatis.java:getRealPort(502)) - XceiverServerRatis c0e45f45-48a3-418c-b3ac-112e0491709c is started using port 40363 for RATIS_SERVER
2022-12-15 22:21:51,364 [EndpointStateMachine task thread for /0.0.0.0:45573 - 0 ] INFO  server.XceiverServerGrpc (XceiverServerGrpc.java:start(180)) - XceiverServerGrpc c0e45f45-48a3-418c-b3ac-112e0491709c is started using port 44419
2022-12-15 22:21:51,413 [IPC Server handler 3 on default port 45573] INFO  net.NetworkTopologyImpl (NetworkTopologyImpl.java:add(112)) - Added a new node: /default-rack/e0198350-5a80-4cc9-b4d4-fe7f34161fcd
2022-12-15 22:21:51,414 [IPC Server handler 3 on default port 45573] INFO  node.SCMNodeManager (SCMNodeManager.java:register(397)) - Registered Data node : e0198350-5a80-4cc9-b4d4-fe7f34161fcd{ip: 10.1.0.13, host: fv-az83-67.pawgbth4qraerhbqawdeo1jfng.dx.internal.cloudapp.net, ports: [REPLICATION=33725, RATIS=33167, RATIS_ADMIN=33167, RATIS_SERVER=33167, STANDALONE=40941], networkLocation: /default-rack, certSerialId: null, persistedOpState: null, persistedOpStateExpiryEpochSec: 0}
2022-12-15 22:21:51,415 [EventQueue-NewNodeForNewNodeHandler] INFO  pipeline.BackgroundPipelineCreator (BackgroundPipelineCreator.java:notifyEventTriggered(276)) - trigger a one-shot run on RatisPipelineUtilsThread.
2022-12-15 22:21:51,417 [EventQueue-NodeRegistrationContainerReportForDataNodeSafeModeRule] INFO  safemode.SCMSafeModeManager (DataNodeSafeModeRule.java:process(71)) - SCM in safe mode. 2 DataNodes registered, 3 required.
2022-12-15 22:21:51,418 [RatisPipelineUtilsThread - 0] INFO  pipeline.RatisPipelineProvider (RatisPipelineProvider.java:lambda$create$0(206)) - Sending CreatePipelineCommand for pipeline:PipelineID=55ee4c18-7593-4743-b403-1d44e66206f9 to datanode:e0198350-5a80-4cc9-b4d4-fe7f34161fcd
2022-12-15 22:21:51,418 [RatisPipelineUtilsThread - 0] INFO  pipeline.PipelineStateManagerImpl (PipelineStateManagerImpl.java:addPipeline(103)) - Created pipeline Pipeline[ Id: 55ee4c18-7593-4743-b403-1d44e66206f9, Nodes: e0198350-5a80-4cc9-b4d4-fe7f34161fcd{ip: 10.1.0.13, host: fv-az83-67.pawgbth4qraerhbqawdeo1jfng.dx.internal.cloudapp.net, ports: [REPLICATION=33725, RATIS=33167, RATIS_ADMIN=33167, RATIS_SERVER=33167, STANDALONE=40941], networkLocation: /default-rack, certSerialId: null, persistedOpState: IN_SERVICE, persistedOpStateExpiryEpochSec: 0}, ReplicationConfig: RATIS/ONE, State:ALLOCATED, leaderId:, CreationTimestamp2022-12-15T22:21:51.417Z[Etc/UTC]].
2022-12-15 22:21:51,682 [Listener at 127.0.0.1/44409] INFO  ozone.MiniOzoneClusterImpl (MiniOzoneClusterImpl.java:lambda$waitForClusterToBeReady$0(216)) - Waiting for nodes to be ready. Got 2 of 7 DN Heartbeats.
2022-12-15 22:21:51,682 [Listener at 127.0.0.1/44409] INFO  ozone.MiniOzoneClusterImpl (MiniOzoneClusterImpl.java:lambda$waitForClusterToBeReady$0(219)) - Waiting for cluster to exit safe mode
2022-12-15 22:21:51,682 [Listener at 127.0.0.1/44409] INFO  ozone.MiniOzoneClusterImpl (MiniOzoneClusterImpl.java:lambda$waitForClusterToBeReady$0(221)) - SCM became leader
2022-12-15 22:21:51,742 [EndpointStateMachine task thread for /0.0.0.0:45573 - 0 ] INFO  utils.DatanodeStoreCache (DatanodeStoreCache.java:addDB(58)) - Added db /home/runner/work/ozone/ozone/hadoop-ozone/integration-test/target/test-dir/MiniOzoneClusterImpl-67032562-5e12-4c4f-a5ab-79ddd1e2132c/datanode-6/data-0/containers/hdds/67032562-5e12-4c4f-a5ab-79ddd1e2132c/DS-d14187c8-74fb-4672-a7db-4ae0c0af20c3/container.db to cache
2022-12-15 22:21:51,743 [EndpointStateMachine task thread for /0.0.0.0:45573 - 0 ] INFO  volume.HddsVolume (HddsVolume.java:createDbStore(307)) - SchemaV3 db is created and loaded at /home/runner/work/ozone/ozone/hadoop-ozone/integration-test/target/test-dir/MiniOzoneClusterImpl-67032562-5e12-4c4f-a5ab-79ddd1e2132c/datanode-6/data-0/containers/hdds/67032562-5e12-4c4f-a5ab-79ddd1e2132c/DS-d14187c8-74fb-4672-a7db-4ae0c0af20c3/container.db for volume DS-d14187c8-74fb-4672-a7db-4ae0c0af20c3
2022-12-15 22:21:51,744 [EndpointStateMachine task thread for /0.0.0.0:45573 - 0 ] INFO  ozoneimpl.OzoneContainer (OzoneContainer.java:start(395)) - Attempting to start container services.
2022-12-15 22:21:51,744 [EndpointStateMachine task thread for /0.0.0.0:45573 - 0 ] INFO  ozoneimpl.OzoneContainer (OzoneContainer.java:startContainerScrub(312)) - Scheduled background container scanners and the on-demand container scanner have been disabled.
2022-12-15 22:21:51,749 [EndpointStateMachine task thread for /0.0.0.0:45573 - 0 ] INFO  replication.ReplicationServer (ReplicationServer.java:start(106)) - ReplicationServer is started using port 35121
2022-12-15 22:21:51,750 [EndpointStateMachine task thread for /0.0.0.0:45573 - 0 ] INFO  ratis.XceiverServerRatis (XceiverServerRatis.java:start(481)) - Starting XceiverServerRatis 30cdbfed-5eb6-4d94-b03b-823178923405
2022-12-15 22:21:51,755 [EndpointStateMachine task thread for /0.0.0.0:45573 - 0 ] INFO  server.RaftServer (RaftServerProxy.java:startImpl(393)) - 30cdbfed-5eb6-4d94-b03b-823178923405: start RPC server
2022-12-15 22:21:51,761 [EndpointStateMachine task thread for /0.0.0.0:45573 - 0 ] INFO  server.GrpcService (GrpcService.java:startImpl(262)) - 30cdbfed-5eb6-4d94-b03b-823178923405: GrpcService started, listening on 40489
2022-12-15 22:21:51,761 [EndpointStateMachine task thread for /0.0.0.0:45573 - 0 ] INFO  ratis.XceiverServerRatis (XceiverServerRatis.java:getRealPort(502)) - XceiverServerRatis 30cdbfed-5eb6-4d94-b03b-823178923405 is started using port 40489 for RATIS
2022-12-15 22:21:51,761 [EndpointStateMachine task thread for /0.0.0.0:45573 - 0 ] INFO  ratis.XceiverServerRatis (XceiverServerRatis.java:getRealPort(502)) - XceiverServerRatis 30cdbfed-5eb6-4d94-b03b-823178923405 is started using port 40489 for RATIS_ADMIN
2022-12-15 22:21:51,761 [EndpointStateMachine task thread for /0.0.0.0:45573 - 0 ] INFO  ratis.XceiverServerRatis (XceiverServerRatis.java:getRealPort(502)) - XceiverServerRatis 30cdbfed-5eb6-4d94-b03b-823178923405 is started using port 40489 for RATIS_SERVER
2022-12-15 22:21:51,761 [JvmPauseMonitor7] INFO  util.JvmPauseMonitor (JvmPauseMonitor.java:run(105)) - JvmPauseMonitor-30cdbfed-5eb6-4d94-b03b-823178923405: Started
2022-12-15 22:21:51,764 [EndpointStateMachine task thread for /0.0.0.0:45573 - 0 ] INFO  server.XceiverServerGrpc (XceiverServerGrpc.java:start(180)) - XceiverServerGrpc 30cdbfed-5eb6-4d94-b03b-823178923405 is started using port 36205
2022-12-15 22:21:51,849 [IPC Server handler 2 on default port 45573] INFO  net.NetworkTopologyImpl (NetworkTopologyImpl.java:add(112)) - Added a new node: /default-rack/8742ce53-ec43-4b5d-92fb-ca295b19fdac
2022-12-15 22:21:51,850 [IPC Server handler 2 on default port 45573] INFO  node.SCMNodeManager (SCMNodeManager.java:register(397)) - Registered Data node : 8742ce53-ec43-4b5d-92fb-ca295b19fdac{ip: 10.1.0.13, host: fv-az83-67.pawgbth4qraerhbqawdeo1jfng.dx.internal.cloudapp.net, ports: [REPLICATION=42995, RATIS=44977, RATIS_ADMIN=44977, RATIS_SERVER=44977, STANDALONE=39581], networkLocation: /default-rack, certSerialId: null, persistedOpState: null, persistedOpStateExpiryEpochSec: 0}
2022-12-15 22:21:51,851 [EventQueue-NewNodeForNewNodeHandler] INFO  pipeline.BackgroundPipelineCreator (BackgroundPipelineCreator.java:notifyEventTriggered(276)) - trigger a one-shot run on RatisPipelineUtilsThread.
2022-12-15 22:21:51,851 [EventQueue-NodeRegistrationContainerReportForDataNodeSafeModeRule] INFO  safemode.SCMSafeModeManager (DataNodeSafeModeRule.java:process(71)) - SCM in safe mode. 3 DataNodes registered, 3 required.
2022-12-15 22:21:51,851 [EventQueue-NodeRegistrationContainerReportForDataNodeSafeModeRule] INFO  safemode.SCMSafeModeManager (SCMSafeModeManager.java:validateSafeModeExitRules(200)) - DataNodeSafeModeRule rule is successfully validated
2022-12-15 22:21:51,851 [RatisPipelineUtilsThread - 0] INFO  pipeline.RatisPipelineProvider (RatisPipelineProvider.java:lambda$create$0(206)) - Sending CreatePipelineCommand for pipeline:PipelineID=06cb33b6-921a-4e91-ac4a-5ea29d18738c to datanode:8742ce53-ec43-4b5d-92fb-ca295b19fdac
2022-12-15 22:21:51,851 [EventQueue-NodeRegistrationContainerReportForDataNodeSafeModeRule] INFO  safemode.SCMSafeModeManager (SCMSafeModeManager.java:completePreCheck(229)) - All SCM safe mode pre check rules have passed
2022-12-15 22:21:51,851 [EventQueue-NodeRegistrationContainerReportForDataNodeSafeModeRule] INFO  ha.SCMContext (SCMContext.java:updateSafeModeStatus(228)) - Update SafeModeStatus from SafeModeStatus{safeModeStatus=true, preCheckPassed=false} to SafeModeStatus{safeModeStatus=true, preCheckPassed=true}.
2022-12-15 22:21:51,852 [EventQueue-NodeRegistrationContainerReportForDataNodeSafeModeRule] INFO  pipeline.BackgroundPipelineCreator (BackgroundPipelineCreator.java:notifyEventTriggered(276)) - trigger a one-shot run on RatisPipelineUtilsThread.
2022-12-15 22:21:51,852 [RatisPipelineUtilsThread - 0] INFO  pipeline.PipelineStateManagerImpl (PipelineStateManagerImpl.java:addPipeline(103)) - Created pipeline Pipeline[ Id: 06cb33b6-921a-4e91-ac4a-5ea29d18738c, Nodes: 8742ce53-ec43-4b5d-92fb-ca295b19fdac{ip: 10.1.0.13, host: fv-az83-67.pawgbth4qraerhbqawdeo1jfng.dx.internal.cloudapp.net, ports: [REPLICATION=42995, RATIS=44977, RATIS_ADMIN=44977, RATIS_SERVER=44977, STANDALONE=39581], networkLocation: /default-rack, certSerialId: null, persistedOpState: IN_SERVICE, persistedOpStateExpiryEpochSec: 0}, ReplicationConfig: RATIS/ONE, State:ALLOCATED, leaderId:, CreationTimestamp2022-12-15T22:21:51.851Z[Etc/UTC]].
2022-12-15 22:21:51,858 [RatisPipelineUtilsThread - 0] INFO  pipeline.RatisPipelineProvider (RatisPipelineProvider.java:lambda$create$0(206)) - Sending CreatePipelineCommand for pipeline:PipelineID=4bb29f98-1168-434f-a1c3-5ab91dfa3848 to datanode:1e86e54b-7ea4-4ffe-a764-33ccb592660f
2022-12-15 22:21:51,858 [RatisPipelineUtilsThread - 0] INFO  pipeline.RatisPipelineProvider (RatisPipelineProvider.java:lambda$create$0(206)) - Sending CreatePipelineCommand for pipeline:PipelineID=4bb29f98-1168-434f-a1c3-5ab91dfa3848 to datanode:e0198350-5a80-4cc9-b4d4-fe7f34161fcd
2022-12-15 22:21:51,858 [RatisPipelineUtilsThread - 0] INFO  pipeline.RatisPipelineProvider (RatisPipelineProvider.java:lambda$create$0(206)) - Sending CreatePipelineCommand for pipeline:PipelineID=4bb29f98-1168-434f-a1c3-5ab91dfa3848 to datanode:8742ce53-ec43-4b5d-92fb-ca295b19fdac
2022-12-15 22:21:51,859 [RatisPipelineUtilsThread - 0] INFO  pipeline.PipelineStateManagerImpl (PipelineStateManagerImpl.java:addPipeline(103)) - Created pipeline Pipeline[ Id: 4bb29f98-1168-434f-a1c3-5ab91dfa3848, Nodes: 1e86e54b-7ea4-4ffe-a764-33ccb592660f{ip: 10.1.0.13, host: fv-az83-67.pawgbth4qraerhbqawdeo1jfng.dx.internal.cloudapp.net, ports: [REPLICATION=41383, RATIS=45413, RATIS_ADMIN=45413, RATIS_SERVER=45413, STANDALONE=39139], networkLocation: /default-rack, certSerialId: null, persistedOpState: IN_SERVICE, persistedOpStateExpiryEpochSec: 0}e0198350-5a80-4cc9-b4d4-fe7f34161fcd{ip: 10.1.0.13, host: fv-az83-67.pawgbth4qraerhbqawdeo1jfng.dx.internal.cloudapp.net, ports: [REPLICATION=33725, RATIS=33167, RATIS_ADMIN=33167, RATIS_SERVER=33167, STANDALONE=40941], networkLocation: /default-rack, certSerialId: null, persistedOpState: IN_SERVICE, persistedOpStateExpiryEpochSec: 0}8742ce53-ec43-4b5d-92fb-ca295b19fdac{ip: 10.1.0.13, host: fv-az83-67.pawgbth4qraerhbqawdeo1jfng.dx.internal.cloudapp.net, ports: [REPLICATION=42995, RATIS=44977, RATIS_ADMIN=44977, RATIS_SERVER=44977, STANDALONE=39581], networkLocation: /default-rack, certSerialId: null, persistedOpState: IN_SERVICE, persistedOpStateExpiryEpochSec: 0}, ReplicationConfig: RATIS/THREE, State:ALLOCATED, leaderId:, CreationTimestamp2022-12-15T22:21:51.858Z[Etc/UTC]].
2022-12-15 22:21:51,860 [RatisPipelineUtilsThread - 0] WARN  pipeline.PipelinePlacementPolicy (PipelinePlacementPolicy.java:filterViableNodes(158)) - Pipeline creation failed due to no sufficient healthy datanodes. Required 3. Found 0.
2022-12-15 22:21:51,862 [RatisPipelineUtilsThread - 0] WARN  pipeline.PipelinePlacementPolicy (PipelinePlacementPolicy.java:filterViableNodes(158)) - Pipeline creation failed due to no sufficient healthy datanodes. Required 3. Found 0.
2022-12-15 22:21:52,208 [ReplicationMonitor] INFO  replication.ReplicationManager (ReplicationManager.java:processAll(327)) - Replication Manager is not ready to run until 3000ms after safemode exit
2022-12-15 22:21:52,270 [IPC Server handler 3 on default port 45573] INFO  net.NetworkTopologyImpl (NetworkTopologyImpl.java:add(112)) - Added a new node: /default-rack/36e1593a-57cf-42fc-9e99-3bc8e6c88ec2
2022-12-15 22:21:52,271 [IPC Server handler 3 on default port 45573] INFO  node.SCMNodeManager (SCMNodeManager.java:register(397)) - Registered Data node : 36e1593a-57cf-42fc-9e99-3bc8e6c88ec2{ip: 10.1.0.13, host: fv-az83-67.pawgbth4qraerhbqawdeo1jfng.dx.internal.cloudapp.net, ports: [REPLICATION=36657, RATIS=46439, RATIS_ADMIN=46439, RATIS_SERVER=46439, STANDALONE=39281], networkLocation: /default-rack, certSerialId: null, persistedOpState: null, persistedOpStateExpiryEpochSec: 0}
2022-12-15 22:21:52,272 [EventQueue-NewNodeForNewNodeHandler] INFO  pipeline.BackgroundPipelineCreator (BackgroundPipelineCreator.java:notifyEventTriggered(276)) - trigger a one-shot run on RatisPipelineUtilsThread.
2022-12-15 22:21:52,273 [RatisPipelineUtilsThread - 0] INFO  pipeline.RatisPipelineProvider (RatisPipelineProvider.java:lambda$create$0(206)) - Sending CreatePipelineCommand for pipeline:PipelineID=658a3268-a310-4b39-ab33-a62f8bb22e68 to datanode:36e1593a-57cf-42fc-9e99-3bc8e6c88ec2
2022-12-15 22:21:52,274 [RatisPipelineUtilsThread - 0] INFO  pipeline.PipelineStateManagerImpl (PipelineStateManagerImpl.java:addPipeline(103)) - Created pipeline Pipeline[ Id: 658a3268-a310-4b39-ab33-a62f8bb22e68, Nodes: 36e1593a-57cf-42fc-9e99-3bc8e6c88ec2{ip: 10.1.0.13, host: fv-az83-67.pawgbth4qraerhbqawdeo1jfng.dx.internal.cloudapp.net, ports: [REPLICATION=36657, RATIS=46439, RATIS_ADMIN=46439, RATIS_SERVER=46439, STANDALONE=39281], networkLocation: /default-rack, certSerialId: null, persistedOpState: IN_SERVICE, persistedOpStateExpiryEpochSec: 0}, ReplicationConfig: RATIS/ONE, State:ALLOCATED, leaderId:, CreationTimestamp2022-12-15T22:21:52.273Z[Etc/UTC]].
2022-12-15 22:21:52,275 [RatisPipelineUtilsThread - 0] WARN  pipeline.PipelinePlacementPolicy (PipelinePlacementPolicy.java:filterViableNodes(158)) - Pipeline creation failed due to no sufficient healthy datanodes. Required 3. Found 1.
2022-12-15 22:21:52,680 [IPC Server handler 0 on default port 45573] INFO  net.NetworkTopologyImpl (NetworkTopologyImpl.java:add(112)) - Added a new node: /default-rack/9af99ef4-a70d-4375-9c0d-594670c86eaa
2022-12-15 22:21:52,681 [IPC Server handler 0 on default port 45573] INFO  node.SCMNodeManager (SCMNodeManager.java:register(397)) - Registered Data node : 9af99ef4-a70d-4375-9c0d-594670c86eaa{ip: 10.1.0.13, host: fv-az83-67.pawgbth4qraerhbqawdeo1jfng.dx.internal.cloudapp.net, ports: [REPLICATION=37293, RATIS=37969, RATIS_ADMIN=37969, RATIS_SERVER=37969, STANDALONE=45841], networkLocation: /default-rack, certSerialId: null, persistedOpState: null, persistedOpStateExpiryEpochSec: 0}
2022-12-15 22:21:52,682 [EventQueue-NewNodeForNewNodeHandler] INFO  pipeline.BackgroundPipelineCreator (BackgroundPipelineCreator.java:notifyEventTriggered(276)) - trigger a one-shot run on RatisPipelineUtilsThread.
2022-12-15 22:21:52,682 [Listener at 127.0.0.1/44409] INFO  ozone.MiniOzoneClusterImpl (MiniOzoneClusterImpl.java:lambda$waitForClusterToBeReady$0(216)) - Waiting for nodes to be ready. Got 5 of 7 DN Heartbeats.
2022-12-15 22:21:52,682 [Listener at 127.0.0.1/44409] INFO  ozone.MiniOzoneClusterImpl (MiniOzoneClusterImpl.java:lambda$waitForClusterToBeReady$0(219)) - Waiting for cluster to exit safe mode
2022-12-15 22:21:52,682 [Listener at 127.0.0.1/44409] INFO  ozone.MiniOzoneClusterImpl (MiniOzoneClusterImpl.java:lambda$waitForClusterToBeReady$0(221)) - SCM became leader
2022-12-15 22:21:52,683 [RatisPipelineUtilsThread - 0] INFO  pipeline.RatisPipelineProvider (RatisPipelineProvider.java:lambda$create$0(206)) - Sending CreatePipelineCommand for pipeline:PipelineID=6e385720-725f-4bca-9036-c7ce7c2009d5 to datanode:9af99ef4-a70d-4375-9c0d-594670c86eaa
2022-12-15 22:21:52,684 [RatisPipelineUtilsThread - 0] INFO  pipeline.PipelineStateManagerImpl (PipelineStateManagerImpl.java:addPipeline(103)) - Created pipeline Pipeline[ Id: 6e385720-725f-4bca-9036-c7ce7c2009d5, Nodes: 9af99ef4-a70d-4375-9c0d-594670c86eaa{ip: 10.1.0.13, host: fv-az83-67.pawgbth4qraerhbqawdeo1jfng.dx.internal.cloudapp.net, ports: [REPLICATION=37293, RATIS=37969, RATIS_ADMIN=37969, RATIS_SERVER=37969, STANDALONE=45841], networkLocation: /default-rack, certSerialId: null, persistedOpState: IN_SERVICE, persistedOpStateExpiryEpochSec: 0}, ReplicationConfig: RATIS/ONE, State:ALLOCATED, leaderId:, CreationTimestamp2022-12-15T22:21:52.683Z[Etc/UTC]].
2022-12-15 22:21:52,684 [RatisPipelineUtilsThread - 0] WARN  pipeline.PipelinePlacementPolicy (PipelinePlacementPolicy.java:filterViableNodes(158)) - Pipeline creation failed due to no sufficient healthy datanodes. Required 3. Found 2.
2022-12-15 22:21:52,864 [EventQueue-CommandQueueReportForCommandQueueReportHandler] WARN  events.EventQueue (EventQueue.java:fireEvent(216)) - No event handler registered for event TypedEvent{payloadType=DatanodeDetails, name='Datanode_Command_Queue_Updated'}
2022-12-15 22:21:53,210 [ReplicationMonitor] INFO  replication.ReplicationManager (ReplicationManager.java:processAll(327)) - Replication Manager is not ready to run until 3000ms after safemode exit
2022-12-15 22:21:53,222 [IPC Server handler 9 on default port 45573] INFO  net.NetworkTopologyImpl (NetworkTopologyImpl.java:add(112)) - Added a new node: /default-rack/c0e45f45-48a3-418c-b3ac-112e0491709c
2022-12-15 22:21:53,222 [IPC Server handler 9 on default port 45573] INFO  node.SCMNodeManager (SCMNodeManager.java:register(397)) - Registered Data node : c0e45f45-48a3-418c-b3ac-112e0491709c{ip: 10.1.0.13, host: fv-az83-67.pawgbth4qraerhbqawdeo1jfng.dx.internal.cloudapp.net, ports: [REPLICATION=35393, RATIS=40363, RATIS_ADMIN=40363, RATIS_SERVER=40363, STANDALONE=44419], networkLocation: /default-rack, certSerialId: null, persistedOpState: null, persistedOpStateExpiryEpochSec: 0}
2022-12-15 22:21:53,223 [EventQueue-NewNodeForNewNodeHandler] INFO  pipeline.BackgroundPipelineCreator (BackgroundPipelineCreator.java:notifyEventTriggered(276)) - trigger a one-shot run on RatisPipelineUtilsThread.
2022-12-15 22:21:53,223 [RatisPipelineUtilsThread - 0] INFO  pipeline.RatisPipelineProvider (RatisPipelineProvider.java:lambda$create$0(206)) - Sending CreatePipelineCommand for pipeline:PipelineID=c2b1cf5f-e953-402c-8c5a-3ed7b0640c31 to datanode:c0e45f45-48a3-418c-b3ac-112e0491709c
2022-12-15 22:21:53,224 [RatisPipelineUtilsThread - 0] INFO  pipeline.PipelineStateManagerImpl (PipelineStateManagerImpl.java:addPipeline(103)) - Created pipeline Pipeline[ Id: c2b1cf5f-e953-402c-8c5a-3ed7b0640c31, Nodes: c0e45f45-48a3-418c-b3ac-112e0491709c{ip: 10.1.0.13, host: fv-az83-67.pawgbth4qraerhbqawdeo1jfng.dx.internal.cloudapp.net, ports: [REPLICATION=35393, RATIS=40363, RATIS_ADMIN=40363, RATIS_SERVER=40363, STANDALONE=44419], networkLocation: /default-rack, certSerialId: null, persistedOpState: IN_SERVICE, persistedOpStateExpiryEpochSec: 0}, ReplicationConfig: RATIS/ONE, State:ALLOCATED, leaderId:, CreationTimestamp2022-12-15T22:21:53.223Z[Etc/UTC]].
2022-12-15 22:21:53,225 [RatisPipelineUtilsThread - 0] INFO  pipeline.RatisPipelineProvider (RatisPipelineProvider.java:lambda$create$0(206)) - Sending CreatePipelineCommand for pipeline:PipelineID=e4f8cbde-cbfa-4a3d-9a7a-d5dd31449dcd to datanode:36e1593a-57cf-42fc-9e99-3bc8e6c88ec2
2022-12-15 22:21:53,225 [RatisPipelineUtilsThread - 0] INFO  pipeline.RatisPipelineProvider (RatisPipelineProvider.java:lambda$create$0(206)) - Sending CreatePipelineCommand for pipeline:PipelineID=e4f8cbde-cbfa-4a3d-9a7a-d5dd31449dcd to datanode:c0e45f45-48a3-418c-b3ac-112e0491709c
2022-12-15 22:21:53,225 [RatisPipelineUtilsThread - 0] INFO  pipeline.RatisPipelineProvider (RatisPipelineProvider.java:lambda$create$0(206)) - Sending CreatePipelineCommand for pipeline:PipelineID=e4f8cbde-cbfa-4a3d-9a7a-d5dd31449dcd to datanode:9af99ef4-a70d-4375-9c0d-594670c86eaa
2022-12-15 22:21:53,226 [RatisPipelineUtilsThread - 0] INFO  pipeline.PipelineStateManagerImpl (PipelineStateManagerImpl.java:addPipeline(103)) - Created pipeline Pipeline[ Id: e4f8cbde-cbfa-4a3d-9a7a-d5dd31449dcd, Nodes: 36e1593a-57cf-42fc-9e99-3bc8e6c88ec2{ip: 10.1.0.13, host: fv-az83-67.pawgbth4qraerhbqawdeo1jfng.dx.internal.cloudapp.net, ports: [REPLICATION=36657, RATIS=46439, RATIS_ADMIN=46439, RATIS_SERVER=46439, STANDALONE=39281], networkLocation: /default-rack, certSerialId: null, persistedOpState: IN_SERVICE, persistedOpStateExpiryEpochSec: 0}c0e45f45-48a3-418c-b3ac-112e0491709c{ip: 10.1.0.13, host: fv-az83-67.pawgbth4qraerhbqawdeo1jfng.dx.internal.cloudapp.net, ports: [REPLICATION=35393, RATIS=40363, RATIS_ADMIN=40363, RATIS_SERVER=40363, STANDALONE=44419], networkLocation: /default-rack, certSerialId: null, persistedOpState: IN_SERVICE, persistedOpStateExpiryEpochSec: 0}9af99ef4-a70d-4375-9c0d-594670c86eaa{ip: 10.1.0.13, host: fv-az83-67.pawgbth4qraerhbqawdeo1jfng.dx.internal.cloudapp.net, ports: [REPLICATION=37293, RATIS=37969, RATIS_ADMIN=37969, RATIS_SERVER=37969, STANDALONE=45841], networkLocation: /default-rack, certSerialId: null, persistedOpState: IN_SERVICE, persistedOpStateExpiryEpochSec: 0}, ReplicationConfig: RATIS/THREE, State:ALLOCATED, leaderId:, CreationTimestamp2022-12-15T22:21:53.225Z[Etc/UTC]].
2022-12-15 22:21:53,227 [RatisPipelineUtilsThread - 0] WARN  pipeline.PipelinePlacementPolicy (PipelinePlacementPolicy.java:filterViableNodes(158)) - Pipeline creation failed due to no sufficient healthy datanodes. Required 3. Found 0.
2022-12-15 22:21:53,415 [EventQueue-CommandQueueReportForCommandQueueReportHandler] WARN  events.EventQueue (EventQueue.java:fireEvent(216)) - No event handler registered for event TypedEvent{payloadType=DatanodeDetails, name='Datanode_Command_Queue_Updated'}
2022-12-15 22:21:53,683 [Listener at 127.0.0.1/44409] INFO  ozone.MiniOzoneClusterImpl (MiniOzoneClusterImpl.java:lambda$waitForClusterToBeReady$0(216)) - Waiting for nodes to be ready. Got 6 of 7 DN Heartbeats.
2022-12-15 22:21:53,683 [Listener at 127.0.0.1/44409] INFO  ozone.MiniOzoneClusterImpl (MiniOzoneClusterImpl.java:lambda$waitForClusterToBeReady$0(219)) - Waiting for cluster to exit safe mode
2022-12-15 22:21:53,683 [Listener at 127.0.0.1/44409] INFO  ozone.MiniOzoneClusterImpl (MiniOzoneClusterImpl.java:lambda$waitForClusterToBeReady$0(221)) - SCM became leader
2022-12-15 22:21:53,688 [IPC Server handler 1 on default port 45573] INFO  net.NetworkTopologyImpl (NetworkTopologyImpl.java:add(112)) - Added a new node: /default-rack/30cdbfed-5eb6-4d94-b03b-823178923405
2022-12-15 22:21:53,688 [IPC Server handler 1 on default port 45573] INFO  node.SCMNodeManager (SCMNodeManager.java:register(397)) - Registered Data node : 30cdbfed-5eb6-4d94-b03b-823178923405{ip: 10.1.0.13, host: fv-az83-67.pawgbth4qraerhbqawdeo1jfng.dx.internal.cloudapp.net, ports: [REPLICATION=35121, RATIS=40489, RATIS_ADMIN=40489, RATIS_SERVER=40489, STANDALONE=36205], networkLocation: /default-rack, certSerialId: null, persistedOpState: null, persistedOpStateExpiryEpochSec: 0}
2022-12-15 22:21:53,690 [EventQueue-NewNodeForNewNodeHandler] INFO  pipeline.BackgroundPipelineCreator (BackgroundPipelineCreator.java:notifyEventTriggered(276)) - trigger a one-shot run on RatisPipelineUtilsThread.
2022-12-15 22:21:53,691 [RatisPipelineUtilsThread - 0] INFO  pipeline.RatisPipelineProvider (RatisPipelineProvider.java:lambda$create$0(206)) - Sending CreatePipelineCommand for pipeline:PipelineID=9b95cf66-5b76-49bf-8596-018cd0df57f0 to datanode:30cdbfed-5eb6-4d94-b03b-823178923405
2022-12-15 22:21:53,692 [RatisPipelineUtilsThread - 0] INFO  pipeline.PipelineStateManagerImpl (PipelineStateManagerImpl.java:addPipeline(103)) - Created pipeline Pipeline[ Id: 9b95cf66-5b76-49bf-8596-018cd0df57f0, Nodes: 30cdbfed-5eb6-4d94-b03b-823178923405{ip: 10.1.0.13, host: fv-az83-67.pawgbth4qraerhbqawdeo1jfng.dx.internal.cloudapp.net, ports: [REPLICATION=35121, RATIS=40489, RATIS_ADMIN=40489, RATIS_SERVER=40489, STANDALONE=36205], networkLocation: /default-rack, certSerialId: null, persistedOpState: IN_SERVICE, persistedOpStateExpiryEpochSec: 0}, ReplicationConfig: RATIS/ONE, State:ALLOCATED, leaderId:, CreationTimestamp2022-12-15T22:21:53.691Z[Etc/UTC]].
2022-12-15 22:21:53,693 [RatisPipelineUtilsThread - 0] WARN  pipeline.PipelinePlacementPolicy (PipelinePlacementPolicy.java:filterViableNodes(158)) - Pipeline creation failed due to no sufficient healthy datanodes. Required 3. Found 1.
2022-12-15 22:21:53,835 [EventQueue-CommandQueueReportForCommandQueueReportHandler] WARN  events.EventQueue (EventQueue.java:fireEvent(216)) - No event handler registered for event TypedEvent{payloadType=DatanodeDetails, name='Datanode_Command_Queue_Updated'}
2022-12-15 22:21:53,848 [EventQueue-CommandQueueReportForCommandQueueReportHandler] WARN  events.EventQueue (EventQueue.java:fireEvent(216)) - No event handler registered for event TypedEvent{payloadType=DatanodeDetails, name='Datanode_Command_Queue_Updated'}
2022-12-15 22:21:53,877 [Command processor thread] INFO  server.RaftServer (RaftServerProxy.java:addNew(96)) - 1e86e54b-7ea4-4ffe-a764-33ccb592660f: addNew group-7F8DC05F6AD4:[1e86e54b-7ea4-4ffe-a764-33ccb592660f|rpc:10.1.0.13:45413|priority:1|startupRole:FOLLOWER] returns group-7F8DC05F6AD4:java.util.concurrent.CompletableFuture@75e00ff[Not completed]
2022-12-15 22:21:53,891 [pool-71-thread-1] INFO  server.RaftServer$Division (RaftServerImpl.java:<init>(195)) - 1e86e54b-7ea4-4ffe-a764-33ccb592660f: new RaftServerImpl for group-7F8DC05F6AD4:[1e86e54b-7ea4-4ffe-a764-33ccb592660f|rpc:10.1.0.13:45413|priority:1|startupRole:FOLLOWER] with ContainerStateMachine:uninitialized
2022-12-15 22:21:53,892 [pool-71-thread-1] INFO  server.RaftServerConfigKeys (ConfUtils.java:logGet(46)) - raft.server.rpc.timeout.min = 5s (custom)
2022-12-15 22:21:53,892 [pool-71-thread-1] INFO  server.RaftServerConfigKeys (ConfUtils.java:logGet(46)) - raft.server.rpc.timeout.max = 5200ms (custom)
2022-12-15 22:21:53,892 [pool-71-thread-1] INFO  server.RaftServerConfigKeys (ConfUtils.java:logGet(46)) - raft.server.rpc.sleep.time = 25ms (default)
2022-12-15 22:21:53,892 [pool-71-thread-1] INFO  server.RaftServerConfigKeys (ConfUtils.java:logGet(46)) - raft.server.rpc.slowness.timeout = 300s (custom)
2022-12-15 22:21:53,892 [pool-71-thread-1] INFO  server.RaftServerConfigKeys (ConfUtils.java:logGet(46)) - raft.server.leaderelection.leader.step-down.wait-time = 10s (default)
2022-12-15 22:21:53,892 [pool-71-thread-1] INFO  server.RaftServerConfigKeys (ConfUtils.java:logGet(46)) - raft.server.sleep.deviation.threshold = 300ms (default)
2022-12-15 22:21:53,892 [pool-71-thread-1] INFO  server.RaftServer$Division (ServerState.java:<init>(118)) - 1e86e54b-7ea4-4ffe-a764-33ccb592660f@group-7F8DC05F6AD4: ConfigurationManager, init=-1: peers:[1e86e54b-7ea4-4ffe-a764-33ccb592660f|rpc:10.1.0.13:45413|priority:1|startupRole:FOLLOWER]|listeners:[], old=null, confs=<EMPTY_MAP>
2022-12-15 22:21:53,893 [pool-71-thread-1] INFO  server.RaftServerConfigKeys (ConfUtils.java:logGet(46)) - raft.server.storage.dir = [/home/runner/work/ozone/ozone/hadoop-ozone/integration-test/target/test-dir/MiniOzoneClusterImpl-67032562-5e12-4c4f-a5ab-79ddd1e2132c/datanode-0/data/ratis] (custom)
2022-12-15 22:21:53,893 [pool-71-thread-1] INFO  server.RaftServerConfigKeys (ConfUtils.java:logGet(46)) - raft.server.log.corruption.policy = EXCEPTION (default)
2022-12-15 22:21:53,893 [pool-71-thread-1] INFO  server.RaftServerConfigKeys (ConfUtils.java:logGet(46)) - raft.server.storage.free-space.min = 0MB (=0) (default)
2022-12-15 22:21:53,893 [pool-71-thread-1] INFO  server.RaftServerConfigKeys (ConfUtils.java:logGet(46)) - raft.server.notification.no-leader.timeout = 300s (custom)
2022-12-15 22:21:53,893 [pool-71-thread-1] INFO  server.RaftServerConfigKeys (ConfUtils.java:logGet(46)) - raft.server.retrycache.expirytime = 600000ms (custom)
2022-12-15 22:21:53,893 [pool-71-thread-1] INFO  server.RaftServerConfigKeys (ConfUtils.java:logGet(46)) - raft.server.retrycache.statistics.expirytime = 100μs (default)
2022-12-15 22:21:53,901 [pool-71-thread-1] INFO  server.RaftServerConfigKeys (ConfUtils.java:logGet(46)) - raft.server.log.appender.install.snapshot.enabled = false (custom)
2022-12-15 22:21:53,901 [pool-71-thread-1] INFO  server.RaftServerConfigKeys (ConfUtils.java:logGet(46)) - raft.server.threadpool.server.cached = true (default)
2022-12-15 22:21:53,901 [pool-71-thread-1] INFO  server.RaftServerConfigKeys (ConfUtils.java:logGet(46)) - raft.server.threadpool.server.size = 0 (default)
2022-12-15 22:21:53,901 [pool-71-thread-1] INFO  server.RaftServerConfigKeys (ConfUtils.java:logGet(46)) - raft.server.threadpool.client.cached = true (default)
2022-12-15 22:21:53,901 [pool-71-thread-1] INFO  server.RaftServerConfigKeys (ConfUtils.java:logGet(46)) - raft.server.threadpool.client.size = 0 (default)
2022-12-15 22:21:53,901 [pool-71-thread-1] INFO  storage.RaftStorageDirectory (RaftStorageDirectoryImpl.java:analyzeStorage(137)) - The storage directory /home/runner/work/ozone/ozone/hadoop-ozone/integration-test/target/test-dir/MiniOzoneClusterImpl-67032562-5e12-4c4f-a5ab-79ddd1e2132c/datanode-0/data/ratis/2f56ceb8-1d04-4962-b9c6-7f8dc05f6ad4 does not exist. Creating ...
2022-12-15 22:21:53,907 [pool-71-thread-1] INFO  storage.RaftStorageDirectory (RaftStorageDirectoryImpl.java:tryLock(231)) - Lock on /home/runner/work/ozone/ozone/hadoop-ozone/integration-test/target/test-dir/MiniOzoneClusterImpl-67032562-5e12-4c4f-a5ab-79ddd1e2132c/datanode-0/data/ratis/2f56ceb8-1d04-4962-b9c6-7f8dc05f6ad4/in_use.lock acquired by nodename 2635@fv-az83-67
2022-12-15 22:21:53,910 [pool-71-thread-1] INFO  storage.RaftStorage (RaftStorageImpl.java:format(96)) - Storage directory /home/runner/work/ozone/ozone/hadoop-ozone/integration-test/target/test-dir/MiniOzoneClusterImpl-67032562-5e12-4c4f-a5ab-79ddd1e2132c/datanode-0/data/ratis/2f56ceb8-1d04-4962-b9c6-7f8dc05f6ad4 has been successfully formatted.
2022-12-15 22:21:53,915 [pool-71-thread-1] INFO  ratis.ContainerStateMachine (ContainerStateMachine.java:loadSnapshot(236)) - group-7F8DC05F6AD4: The snapshot info is null. Setting the last applied indexto:(t:0, i:~)
2022-12-15 22:21:53,915 [pool-71-thread-1] INFO  server.RaftServerConfigKeys (ConfUtils.java:logGet(46)) - raft.server.log.use.memory = false (default)
2022-12-15 22:21:53,915 [pool-71-thread-1] INFO  server.RaftServerConfigKeys (ConfUtils.java:logGet(46)) - raft.server.log.purge.gap = 1000000 (custom)
2022-12-15 22:21:53,915 [pool-71-thread-1] INFO  server.RaftServerConfigKeys (ConfUtils.java:logGet(46)) - raft.server.log.appender.buffer.byte-limit = 33554432 (custom)
2022-12-15 22:21:53,916 [pool-71-thread-1] INFO  server.RaftServerConfigKeys (ConfUtils.java:logGet(46)) - raft.server.log.statemachine.data.read.timeout = 1000ms (default)
2022-12-15 22:21:53,916 [pool-71-thread-1] INFO  server.RaftServerConfigKeys (ConfUtils.java:logGet(46)) - raft.server.log.purge.preservation.log.num = 0 (default)
2022-12-15 22:21:53,921 [pool-71-thread-1] INFO  server.RaftServerConfigKeys (ConfUtils.java:logGet(46)) - raft.server.log.segment.size.max = 1048576 (custom)
2022-12-15 22:21:53,922 [EventQueue-CommandQueueReportForCommandQueueReportHandler] WARN  events.EventQueue (EventQueue.java:fireEvent(216)) - No event handler registered for event TypedEvent{payloadType=DatanodeDetails, name='Datanode_Command_Queue_Updated'}
2022-12-15 22:21:53,922 [EventQueue-PipelineReportForPipelineReportHandler] INFO  pipeline.PipelineManagerImpl (PipelineManagerImpl.java:openPipeline(367)) - Pipeline Pipeline[ Id: 2f56ceb8-1d04-4962-b9c6-7f8dc05f6ad4, Nodes: 1e86e54b-7ea4-4ffe-a764-33ccb592660f{ip: 10.1.0.13, host: fv-az83-67.pawgbth4qraerhbqawdeo1jfng.dx.internal.cloudapp.net, ports: [REPLICATION=41383, RATIS=45413, RATIS_ADMIN=45413, RATIS_SERVER=45413, STANDALONE=39139], networkLocation: /default-rack, certSerialId: null, persistedOpState: IN_SERVICE, persistedOpStateExpiryEpochSec: 0}, ReplicationConfig: RATIS/ONE, State:ALLOCATED, leaderId:1e86e54b-7ea4-4ffe-a764-33ccb592660f, CreationTimestamp2022-12-15T22:21:50.873Z[Etc/UTC]] moved to OPEN state
2022-12-15 22:21:53,925 [pool-71-thread-1] INFO  server.RaftServerConfigKeys (ConfUtils.java:logGet(46)) - raft.server.log.segment.cache.num.max = 2 (custom)
2022-12-15 22:21:53,926 [pool-71-thread-1] INFO  server.RaftServerConfigKeys (ConfUtils.java:logGet(46)) - raft.server.log.segment.cache.size.max = 200MB (=209715200) (default)
2022-12-15 22:21:53,926 [pool-71-thread-1] INFO  segmented.SegmentedRaftLogWorker (SegmentedRaftLogWorker.java:<init>(189)) - new 1e86e54b-7ea4-4ffe-a764-33ccb592660f@group-7F8DC05F6AD4-SegmentedRaftLogWorker for RaftStorageImpl:Storage Directory /home/runner/work/ozone/ozone/hadoop-ozone/integration-test/target/test-dir/MiniOzoneClusterImpl-67032562-5e12-4c4f-a5ab-79ddd1e2132c/datanode-0/data/ratis/2f56ceb8-1d04-4962-b9c6-7f8dc05f6ad4
2022-12-15 22:21:53,926 [pool-71-thread-1] INFO  server.RaftServerConfigKeys (ConfUtils.java:logGet(46)) - raft.server.log.queue.byte-limit = 4294967296 (custom)
2022-12-15 22:21:53,926 [pool-71-thread-1] INFO  server.RaftServerConfigKeys (ConfUtils.java:logGet(46)) - raft.server.log.queue.element-limit = 1024 (custom)
2022-12-15 22:21:53,926 [pool-71-thread-1] INFO  server.RaftServerConfigKeys (ConfUtils.java:logGet(46)) - raft.server.log.segment.size.max = 1048576 (custom)
2022-12-15 22:21:53,926 [pool-71-thread-1] INFO  server.RaftServerConfigKeys (ConfUtils.java:logGet(46)) - raft.server.log.preallocated.size = 16384 (custom)
2022-12-15 22:21:53,926 [pool-71-thread-1] INFO  server.RaftServerConfigKeys (ConfUtils.java:logGet(46)) - raft.server.log.force.sync.num = 128 (default)
2022-12-15 22:21:53,927 [pool-71-thread-1] INFO  server.RaftServerConfigKeys (ConfUtils.java:logGet(46)) - raft.server.log.statemachine.data.sync = true (default)
2022-12-15 22:21:53,927 [pool-71-thread-1] INFO  server.RaftServerConfigKeys (ConfUtils.java:logGet(46)) - raft.server.log.statemachine.data.sync.timeout = 10s (default)
2022-12-15 22:21:53,927 [pool-71-thread-1] INFO  server.RaftServerConfigKeys (ConfUtils.java:logGet(46)) - raft.server.log.statemachine.data.sync.timeout.retry = -1 (default)
2022-12-15 22:21:53,931 [EventQueue-OpenPipelineForHealthyPipelineSafeModeRule] INFO  safemode.SCMSafeModeManager (HealthyPipelineSafeModeRule.java:process(137)) - SCM in safe mode. Healthy pipelines reported count is 0, required healthy pipeline reported count is 1
2022-12-15 22:21:53,934 [pool-71-thread-1] INFO  server.RaftServerConfigKeys (ConfUtils.java:logGet(46)) - raft.server.log.write.buffer.size = 1048576 (custom)
2022-12-15 22:21:53,935 [pool-71-thread-1] INFO  server.RaftServerConfigKeys (ConfUtils.java:logGet(46)) - raft.server.log.appender.buffer.byte-limit = 33554432 (custom)
2022-12-15 22:21:53,941 [pool-71-thread-1] INFO  server.RaftServerConfigKeys (ConfUtils.java:logGet(46)) - raft.server.log.unsafe-flush.enabled = false (default)
2022-12-15 22:21:53,941 [pool-71-thread-1] INFO  server.RaftServerConfigKeys (ConfUtils.java:logGet(46)) - raft.server.log.async-flush.enabled = false (default)
2022-12-15 22:21:53,942 [pool-71-thread-1] INFO  server.RaftServerConfigKeys (ConfUtils.java:logGet(46)) - raft.server.log.statemachine.data.caching.enabled = true (custom)
2022-12-15 22:21:53,942 [pool-71-thread-1] INFO  segmented.SegmentedRaftLogWorker (SegmentedRaftLogWorker.java:lambda$new$0(135)) - 1e86e54b-7ea4-4ffe-a764-33ccb592660f@group-7F8DC05F6AD4-SegmentedRaftLogWorker: flushIndex: setUnconditionally 0 -> -1
2022-12-15 22:21:53,942 [pool-71-thread-1] INFO  segmented.SegmentedRaftLogWorker (SegmentedRaftLogWorker.java:lambda$new$0(135)) - 1e86e54b-7ea4-4ffe-a764-33ccb592660f@group-7F8DC05F6AD4-SegmentedRaftLogWorker: safeCacheEvictIndex: setUnconditionally 0 -> -1
2022-12-15 22:21:53,943 [pool-71-thread-1] INFO  server.RaftServer$Division (RaftServerImpl.java:start(334)) - 1e86e54b-7ea4-4ffe-a764-33ccb592660f@group-7F8DC05F6AD4: start as a follower, conf=-1: peers:[1e86e54b-7ea4-4ffe-a764-33ccb592660f|rpc:10.1.0.13:45413|priority:1|startupRole:FOLLOWER]|listeners:[], old=null
2022-12-15 22:21:53,945 [pool-71-thread-1] INFO  server.RaftServer$Division (RaftServerImpl.java:setRole(321)) - 1e86e54b-7ea4-4ffe-a764-33ccb592660f@group-7F8DC05F6AD4: changes role from      null to FOLLOWER at term 0 for startAsFollower
2022-12-15 22:21:53,945 [pool-71-thread-1] INFO  impl.RoleInfo (RoleInfo.java:updateAndGet(139)) - 1e86e54b-7ea4-4ffe-a764-33ccb592660f: start 1e86e54b-7ea4-4ffe-a764-33ccb592660f@group-7F8DC05F6AD4-FollowerState
2022-12-15 22:21:53,946 [pool-71-thread-1] INFO  util.JmxRegister (JmxRegister.java:tryRegister(44)) - Successfully registered JMX Bean with object name Ratis:service=RaftServer,group=group-7F8DC05F6AD4,id=1e86e54b-7ea4-4ffe-a764-33ccb592660f
2022-12-15 22:21:53,946 [pool-71-thread-1] INFO  server.RaftServerConfigKeys (ConfUtils.java:logGet(46)) - raft.server.snapshot.auto.trigger.enabled = true (custom)
2022-12-15 22:21:53,946 [pool-71-thread-1] INFO  server.RaftServerConfigKeys (ConfUtils.java:logGet(46)) - raft.server.snapshot.auto.trigger.threshold = 10000 (custom)
2022-12-15 22:21:53,946 [pool-71-thread-1] INFO  server.RaftServerConfigKeys (ConfUtils.java:logGet(46)) - raft.server.snapshot.retention.file.num = 5 (custom)
2022-12-15 22:21:53,946 [pool-71-thread-1] INFO  server.RaftServerConfigKeys (ConfUtils.java:logGet(46)) - raft.server.log.purge.upto.snapshot.index = false (default)
2022-12-15 22:21:53,948 [1e86e54b-7ea4-4ffe-a764-33ccb592660f@group-7F8DC05F6AD4-FollowerState] INFO  server.RaftServerConfigKeys (ConfUtils.java:logFallback(53)) - raft.server.rpc.first-election.timeout.min = 5s (fallback to raft.server.rpc.timeout.min)
2022-12-15 22:21:53,948 [1e86e54b-7ea4-4ffe-a764-33ccb592660f@group-7F8DC05F6AD4-FollowerState] INFO  server.RaftServerConfigKeys (ConfUtils.java:logFallback(53)) - raft.server.rpc.first-election.timeout.max = 5200ms (fallback to raft.server.rpc.timeout.max)
2022-12-15 22:21:53,960 [Command processor thread] INFO  ratis.XceiverServerRatis (XceiverServerRatis.java:addGroup(765)) - Created group PipelineID=2f56ceb8-1d04-4962-b9c6-7f8dc05f6ad4
2022-12-15 22:21:53,960 [Command processor thread] INFO  commandhandler.CreatePipelineCommandHandler (CreatePipelineCommandHandler.java:handle(113)) - Created Pipeline RATIS ONE PipelineID=2f56ceb8-1d04-4962-b9c6-7f8dc05f6ad4.
2022-12-15 22:21:53,961 [Command processor thread] INFO  server.RaftServer (RaftServerProxy.java:addNew(96)) - 1e86e54b-7ea4-4ffe-a764-33ccb592660f: addNew group-5AB91DFA3848:[e0198350-5a80-4cc9-b4d4-fe7f34161fcd|rpc:10.1.0.13:33167|priority:1|startupRole:FOLLOWER, 8742ce53-ec43-4b5d-92fb-ca295b19fdac|rpc:10.1.0.13:44977|priority:0|startupRole:FOLLOWER, 1e86e54b-7ea4-4ffe-a764-33ccb592660f|rpc:10.1.0.13:45413|priority:0|startupRole:FOLLOWER] returns group-5AB91DFA3848:java.util.concurrent.CompletableFuture@48ac1e2b[Not completed]
2022-12-15 22:21:53,964 [pool-71-thread-1] INFO  server.RaftServer$Division (RaftServerImpl.java:<init>(195)) - 1e86e54b-7ea4-4ffe-a764-33ccb592660f: new RaftServerImpl for group-5AB91DFA3848:[e0198350-5a80-4cc9-b4d4-fe7f34161fcd|rpc:10.1.0.13:33167|priority:1|startupRole:FOLLOWER, 8742ce53-ec43-4b5d-92fb-ca295b19fdac|rpc:10.1.0.13:44977|priority:0|startupRole:FOLLOWER, 1e86e54b-7ea4-4ffe-a764-33ccb592660f|rpc:10.1.0.13:45413|priority:0|startupRole:FOLLOWER] with ContainerStateMachine:uninitialized
2022-12-15 22:21:53,964 [pool-71-thread-1] INFO  server.RaftServerConfigKeys (ConfUtils.java:logGet(46)) - raft.server.rpc.timeout.min = 5s (custom)
2022-12-15 22:21:53,964 [pool-71-thread-1] INFO  server.RaftServerConfigKeys (ConfUtils.java:logGet(46)) - raft.server.rpc.timeout.max = 5200ms (custom)
2022-12-15 22:21:53,964 [pool-71-thread-1] INFO  server.RaftServerConfigKeys (ConfUtils.java:logGet(46)) - raft.server.rpc.sleep.time = 25ms (default)
2022-12-15 22:21:53,967 [pool-71-thread-1] INFO  server.RaftServerConfigKeys (ConfUtils.java:logGet(46)) - raft.server.rpc.slowness.timeout = 300s (custom)
2022-12-15 22:21:53,967 [pool-71-thread-1] INFO  server.RaftServerConfigKeys (ConfUtils.java:logGet(46)) - raft.server.leaderelection.leader.step-down.wait-time = 10s (default)
2022-12-15 22:21:53,967 [pool-71-thread-1] INFO  server.RaftServerConfigKeys (ConfUtils.java:logGet(46)) - raft.server.sleep.deviation.threshold = 300ms (default)
2022-12-15 22:21:53,967 [pool-71-thread-1] INFO  server.RaftServer$Division (ServerState.java:<init>(118)) - 1e86e54b-7ea4-4ffe-a764-33ccb592660f@group-5AB91DFA3848: ConfigurationManager, init=-1: peers:[e0198350-5a80-4cc9-b4d4-fe7f34161fcd|rpc:10.1.0.13:33167|priority:1|startupRole:FOLLOWER, 8742ce53-ec43-4b5d-92fb-ca295b19fdac|rpc:10.1.0.13:44977|priority:0|startupRole:FOLLOWER, 1e86e54b-7ea4-4ffe-a764-33ccb592660f|rpc:10.1.0.13:45413|priority:0|startupRole:FOLLOWER]|listeners:[], old=null, confs=<EMPTY_MAP>
2022-12-15 22:21:53,967 [pool-71-thread-1] INFO  server.RaftServerConfigKeys (ConfUtils.java:logGet(46)) - raft.server.storage.dir = [/home/runner/work/ozone/ozone/hadoop-ozone/integration-test/target/test-dir/MiniOzoneClusterImpl-67032562-5e12-4c4f-a5ab-79ddd1e2132c/datanode-0/data/ratis] (custom)
2022-12-15 22:21:53,967 [pool-71-thread-1] INFO  server.RaftServerConfigKeys (ConfUtils.java:logGet(46)) - raft.server.log.corruption.policy = EXCEPTION (default)
2022-12-15 22:21:53,967 [pool-71-thread-1] INFO  server.RaftServerConfigKeys (ConfUtils.java:logGet(46)) - raft.server.storage.free-space.min = 0MB (=0) (default)
2022-12-15 22:21:53,967 [pool-71-thread-1] INFO  server.RaftServerConfigKeys (ConfUtils.java:logGet(46)) - raft.server.notification.no-leader.timeout = 300s (custom)
2022-12-15 22:21:53,968 [pool-71-thread-1] INFO  server.RaftServerConfigKeys (ConfUtils.java:logGet(46)) - raft.server.retrycache.expirytime = 600000ms (custom)
2022-12-15 22:21:53,968 [pool-71-thread-1] INFO  server.RaftServerConfigKeys (ConfUtils.java:logGet(46)) - raft.server.retrycache.statistics.expirytime = 100μs (default)
2022-12-15 22:21:53,978 [pool-71-thread-1] INFO  server.RaftServerConfigKeys (ConfUtils.java:logGet(46)) - raft.server.log.appender.install.snapshot.enabled = false (custom)
2022-12-15 22:21:53,980 [pool-71-thread-1] INFO  server.RaftServerConfigKeys (ConfUtils.java:logGet(46)) - raft.server.threadpool.server.cached = true (default)
2022-12-15 22:21:53,980 [pool-71-thread-1] INFO  server.RaftServerConfigKeys (ConfUtils.java:logGet(46)) - raft.server.threadpool.server.size = 0 (default)
2022-12-15 22:21:53,980 [pool-71-thread-1] INFO  server.RaftServerConfigKeys (ConfUtils.java:logGet(46)) - raft.server.threadpool.client.cached = true (default)
2022-12-15 22:21:53,980 [pool-71-thread-1] INFO  server.RaftServerConfigKeys (ConfUtils.java:logGet(46)) - raft.server.threadpool.client.size = 0 (default)
2022-12-15 22:21:53,981 [pool-71-thread-1] INFO  storage.RaftStorageDirectory (RaftStorageDirectoryImpl.java:analyzeStorage(137)) - The storage directory /home/runner/work/ozone/ozone/hadoop-ozone/integration-test/target/test-dir/MiniOzoneClusterImpl-67032562-5e12-4c4f-a5ab-79ddd1e2132c/datanode-0/data/ratis/4bb29f98-1168-434f-a1c3-5ab91dfa3848 does not exist. Creating ...
2022-12-15 22:21:53,984 [pool-71-thread-1] INFO  storage.RaftStorageDirectory (RaftStorageDirectoryImpl.java:tryLock(231)) - Lock on /home/runner/work/ozone/ozone/hadoop-ozone/integration-test/target/test-dir/MiniOzoneClusterImpl-67032562-5e12-4c4f-a5ab-79ddd1e2132c/datanode-0/data/ratis/4bb29f98-1168-434f-a1c3-5ab91dfa3848/in_use.lock acquired by nodename 2635@fv-az83-67
2022-12-15 22:21:53,987 [pool-71-thread-1] INFO  storage.RaftStorage (RaftStorageImpl.java:format(96)) - Storage directory /home/runner/work/ozone/ozone/hadoop-ozone/integration-test/target/test-dir/MiniOzoneClusterImpl-67032562-5e12-4c4f-a5ab-79ddd1e2132c/datanode-0/data/ratis/4bb29f98-1168-434f-a1c3-5ab91dfa3848 has been successfully formatted.
2022-12-15 22:21:53,988 [pool-71-thread-1] INFO  ratis.ContainerStateMachine (ContainerStateMachine.java:loadSnapshot(236)) - group-5AB91DFA3848: The snapshot info is null. Setting the last applied indexto:(t:0, i:~)
2022-12-15 22:21:53,988 [pool-71-thread-1] INFO  server.RaftServerConfigKeys (ConfUtils.java:logGet(46)) - raft.server.log.use.memory = false (default)
2022-12-15 22:21:53,991 [EventQueue-CommandQueueReportForCommandQueueReportHandler] WARN  events.EventQueue (EventQueue.java:fireEvent(216)) - No event handler registered for event TypedEvent{payloadType=DatanodeDetails, name='Datanode_Command_Queue_Updated'}
2022-12-15 22:21:53,991 [EventQueue-OpenPipelineForHealthyPipelineSafeModeRule] INFO  safemode.SCMSafeModeManager (HealthyPipelineSafeModeRule.java:process(137)) - SCM in safe mode. Healthy pipelines reported count is 0, required healthy pipeline reported count is 1
2022-12-15 22:21:53,993 [pool-71-thread-1] INFO  server.RaftServerConfigKeys (ConfUtils.java:logGet(46)) - raft.server.log.purge.gap = 1000000 (custom)
2022-12-15 22:21:53,993 [pool-71-thread-1] INFO  server.RaftServerConfigKeys (ConfUtils.java:logGet(46)) - raft.server.log.appender.buffer.byte-limit = 33554432 (custom)
2022-12-15 22:21:53,993 [pool-71-thread-1] INFO  server.RaftServerConfigKeys (ConfUtils.java:logGet(46)) - raft.server.log.statemachine.data.read.timeout = 1000ms (default)
2022-12-15 22:21:53,994 [pool-71-thread-1] INFO  server.RaftServerConfigKeys (ConfUtils.java:logGet(46)) - raft.server.log.purge.preservation.log.num = 0 (default)
2022-12-15 22:21:53,996 [pool-71-thread-1] INFO  server.RaftServerConfigKeys (ConfUtils.java:logGet(46)) - raft.server.log.segment.size.max = 1048576 (custom)
2022-12-15 22:21:53,997 [pool-71-thread-1] INFO  server.RaftServerConfigKeys (ConfUtils.java:logGet(46)) - raft.server.log.segment.cache.num.max = 2 (custom)
2022-12-15 22:21:53,997 [pool-71-thread-1] INFO  server.RaftServerConfigKeys (ConfUtils.java:logGet(46)) - raft.server.log.segment.cache.size.max = 200MB (=209715200) (default)
2022-12-15 22:21:53,997 [pool-71-thread-1] INFO  segmented.SegmentedRaftLogWorker (SegmentedRaftLogWorker.java:<init>(189)) - new 1e86e54b-7ea4-4ffe-a764-33ccb592660f@group-5AB91DFA3848-SegmentedRaftLogWorker for RaftStorageImpl:Storage Directory /home/runner/work/ozone/ozone/hadoop-ozone/integration-test/target/test-dir/MiniOzoneClusterImpl-67032562-5e12-4c4f-a5ab-79ddd1e2132c/datanode-0/data/ratis/4bb29f98-1168-434f-a1c3-5ab91dfa3848
2022-12-15 22:21:53,997 [pool-71-thread-1] INFO  server.RaftServerConfigKeys (ConfUtils.java:logGet(46)) - raft.server.log.queue.byte-limit = 4294967296 (custom)
2022-12-15 22:21:53,997 [pool-71-thread-1] INFO  server.RaftServerConfigKeys (ConfUtils.java:logGet(46)) - raft.server.log.queue.element-limit = 1024 (custom)
2022-12-15 22:21:53,997 [pool-71-thread-1] INFO  server.RaftServerConfigKeys (ConfUtils.java:logGet(46)) - raft.server.log.segment.size.max = 1048576 (custom)
2022-12-15 22:21:53,997 [pool-71-thread-1] INFO  server.RaftServerConfigKeys (ConfUtils.java:logGet(46)) - raft.server.log.preallocated.size = 16384 (custom)
2022-12-15 22:21:53,997 [pool-71-thread-1] INFO  server.RaftServerConfigKeys (ConfUtils.java:logGet(46)) - raft.server.log.force.sync.num = 128 (default)
2022-12-15 22:21:53,997 [pool-71-thread-1] INFO  server.RaftServerConfigKeys (ConfUtils.java:logGet(46)) - raft.server.log.statemachine.data.sync = true (default)
2022-12-15 22:21:53,997 [pool-71-thread-1] INFO  server.RaftServerConfigKeys (ConfUtils.java:logGet(46)) - raft.server.log.statemachine.data.sync.timeout = 10s (default)
2022-12-15 22:21:53,997 [pool-71-thread-1] INFO  server.RaftServerConfigKeys (ConfUtils.java:logGet(46)) - raft.server.log.statemachine.data.sync.timeout.retry = -1 (default)
2022-12-15 22:21:53,999 [pool-71-thread-1] INFO  server.RaftServerConfigKeys (ConfUtils.java:logGet(46)) - raft.server.log.write.buffer.size = 1048576 (custom)
2022-12-15 22:21:54,000 [pool-71-thread-1] INFO  server.RaftServerConfigKeys (ConfUtils.java:logGet(46)) - raft.server.log.appender.buffer.byte-limit = 33554432 (custom)
2022-12-15 22:21:54,006 [pool-71-thread-1] INFO  server.RaftServerConfigKeys (ConfUtils.java:logGet(46)) - raft.server.log.unsafe-flush.enabled = false (default)
2022-12-15 22:21:54,006 [pool-71-thread-1] INFO  server.RaftServerConfigKeys (ConfUtils.java:logGet(46)) - raft.server.log.async-flush.enabled = false (default)
2022-12-15 22:21:54,006 [pool-71-thread-1] INFO  server.RaftServerConfigKeys (ConfUtils.java:logGet(46)) - raft.server.log.statemachine.data.caching.enabled = true (custom)
2022-12-15 22:21:54,007 [pool-71-thread-1] INFO  segmented.SegmentedRaftLogWorker (SegmentedRaftLogWorker.java:lambda$new$0(135)) - 1e86e54b-7ea4-4ffe-a764-33ccb592660f@group-5AB91DFA3848-SegmentedRaftLogWorker: flushIndex: setUnconditionally 0 -> -1
2022-12-15 22:21:54,007 [pool-71-thread-1] INFO  segmented.SegmentedRaftLogWorker (SegmentedRaftLogWorker.java:lambda$new$0(135)) - 1e86e54b-7ea4-4ffe-a764-33ccb592660f@group-5AB91DFA3848-SegmentedRaftLogWorker: safeCacheEvictIndex: setUnconditionally 0 -> -1
2022-12-15 22:21:54,007 [pool-71-thread-1] INFO  server.RaftServer$Division (RaftServerImpl.java:start(334)) - 1e86e54b-7ea4-4ffe-a764-33ccb592660f@group-5AB91DFA3848: start as a follower, conf=-1: peers:[e0198350-5a80-4cc9-b4d4-fe7f34161fcd|rpc:10.1.0.13:33167|priority:1|startupRole:FOLLOWER, 8742ce53-ec43-4b5d-92fb-ca295b19fdac|rpc:10.1.0.13:44977|priority:0|startupRole:FOLLOWER, 1e86e54b-7ea4-4ffe-a764-33ccb592660f|rpc:10.1.0.13:45413|priority:0|startupRole:FOLLOWER]|listeners:[], old=null
2022-12-15 22:21:54,007 [pool-71-thread-1] INFO  server.RaftServer$Division (RaftServerImpl.java:setRole(321)) - 1e86e54b-7ea4-4ffe-a764-33ccb592660f@group-5AB91DFA3848: changes role from      null to FOLLOWER at term 0 for startAsFollower
2022-12-15 22:21:54,007 [pool-71-thread-1] INFO  impl.RoleInfo (RoleInfo.java:updateAndGet(139)) - 1e86e54b-7ea4-4ffe-a764-33ccb592660f: start 1e86e54b-7ea4-4ffe-a764-33ccb592660f@group-5AB91DFA3848-FollowerState
2022-12-15 22:21:54,008 [pool-71-thread-1] INFO  util.JmxRegister (JmxRegister.java:tryRegister(44)) - Successfully registered JMX Bean with object name Ratis:service=RaftServer,group=group-5AB91DFA3848,id=1e86e54b-7ea4-4ffe-a764-33ccb592660f
2022-12-15 22:21:54,008 [1e86e54b-7ea4-4ffe-a764-33ccb592660f@group-5AB91DFA3848-FollowerState] INFO  server.RaftServerConfigKeys (ConfUtils.java:logFallback(53)) - raft.server.rpc.first-election.timeout.min = 5s (fallback to raft.server.rpc.timeout.min)
2022-12-15 22:21:54,008 [pool-71-thread-1] INFO  server.RaftServerConfigKeys (ConfUtils.java:logGet(46)) - raft.server.snapshot.auto.trigger.enabled = true (custom)
2022-12-15 22:21:54,008 [pool-71-thread-1] INFO  server.RaftServerConfigKeys (ConfUtils.java:logGet(46)) - raft.server.snapshot.auto.trigger.threshold = 10000 (custom)
2022-12-15 22:21:54,008 [1e86e54b-7ea4-4ffe-a764-33ccb592660f@group-5AB91DFA3848-FollowerState] INFO  server.RaftServerConfigKeys (ConfUtils.java:logFallback(53)) - raft.server.rpc.first-election.timeout.max = 5200ms (fallback to raft.server.rpc.timeout.max)
2022-12-15 22:21:54,008 [pool-71-thread-1] INFO  server.RaftServerConfigKeys (ConfUtils.java:logGet(46)) - raft.server.snapshot.retention.file.num = 5 (custom)
2022-12-15 22:21:54,008 [pool-71-thread-1] INFO  server.RaftServerConfigKeys (ConfUtils.java:logGet(46)) - raft.server.log.purge.upto.snapshot.index = false (default)
2022-12-15 22:21:54,009 [Command processor thread] INFO  ratis.XceiverServerRatis (XceiverServerRatis.java:addGroup(765)) - Created group PipelineID=4bb29f98-1168-434f-a1c3-5ab91dfa3848
2022-12-15 22:21:54,210 [ReplicationMonitor] INFO  replication.ReplicationManager (ReplicationManager.java:processAll(327)) - Replication Manager is not ready to run until 3000ms after safemode exit
2022-12-15 22:21:54,271 [EventQueue-CommandQueueReportForCommandQueueReportHandler] WARN  events.EventQueue (EventQueue.java:fireEvent(216)) - No event handler registered for event TypedEvent{payloadType=DatanodeDetails, name='Datanode_Command_Queue_Updated'}
2022-12-15 22:21:54,413 [Command processor thread] INFO  server.RaftServer (RaftServerProxy.java:addNew(96)) - e0198350-5a80-4cc9-b4d4-fe7f34161fcd: addNew group-1D44E66206F9:[e0198350-5a80-4cc9-b4d4-fe7f34161fcd|rpc:10.1.0.13:33167|priority:1|startupRole:FOLLOWER] returns group-1D44E66206F9:java.util.concurrent.CompletableFuture@569cd365[Not completed]
2022-12-15 22:21:54,418 [EventQueue-CommandQueueReportForCommandQueueReportHandler] WARN  events.EventQueue (EventQueue.java:fireEvent(216)) - No event handler registered for event TypedEvent{payloadType=DatanodeDetails, name='Datanode_Command_Queue_Updated'}
2022-12-15 22:21:54,421 [pool-94-thread-1] INFO  server.RaftServer$Division (RaftServerImpl.java:<init>(195)) - e0198350-5a80-4cc9-b4d4-fe7f34161fcd: new RaftServerImpl for group-1D44E66206F9:[e0198350-5a80-4cc9-b4d4-fe7f34161fcd|rpc:10.1.0.13:33167|priority:1|startupRole:FOLLOWER] with ContainerStateMachine:uninitialized
2022-12-15 22:21:54,421 [pool-94-thread-1] INFO  server.RaftServerConfigKeys (ConfUtils.java:logGet(46)) - raft.server.rpc.timeout.min = 5s (custom)
2022-12-15 22:21:54,421 [pool-94-thread-1] INFO  server.RaftServerConfigKeys (ConfUtils.java:logGet(46)) - raft.server.rpc.timeout.max = 5200ms (custom)
2022-12-15 22:21:54,421 [pool-94-thread-1] INFO  server.RaftServerConfigKeys (ConfUtils.java:logGet(46)) - raft.server.rpc.sleep.time = 25ms (default)
2022-12-15 22:21:54,421 [pool-94-thread-1] INFO  server.RaftServerConfigKeys (ConfUtils.java:logGet(46)) - raft.server.rpc.slowness.timeout = 300s (custom)
2022-12-15 22:21:54,421 [pool-94-thread-1] INFO  server.RaftServerConfigKeys (ConfUtils.java:logGet(46)) - raft.server.leaderelection.leader.step-down.wait-time = 10s (default)
2022-12-15 22:21:54,421 [pool-94-thread-1] INFO  server.RaftServerConfigKeys (ConfUtils.java:logGet(46)) - raft.server.sleep.deviation.threshold = 300ms (default)
2022-12-15 22:21:54,422 [pool-94-thread-1] INFO  server.RaftServer$Division (ServerState.java:<init>(118)) - e0198350-5a80-4cc9-b4d4-fe7f34161fcd@group-1D44E66206F9: ConfigurationManager, init=-1: peers:[e0198350-5a80-4cc9-b4d4-fe7f34161fcd|rpc:10.1.0.13:33167|priority:1|startupRole:FOLLOWER]|listeners:[], old=null, confs=<EMPTY_MAP>
2022-12-15 22:21:54,422 [pool-94-thread-1] INFO  server.RaftServerConfigKeys (ConfUtils.java:logGet(46)) - raft.server.storage.dir = [/home/runner/work/ozone/ozone/hadoop-ozone/integration-test/target/test-dir/MiniOzoneClusterImpl-67032562-5e12-4c4f-a5ab-79ddd1e2132c/datanode-1/data/ratis] (custom)
2022-12-15 22:21:54,422 [pool-94-thread-1] INFO  server.RaftServerConfigKeys (ConfUtils.java:logGet(46)) - raft.server.log.corruption.policy = EXCEPTION (default)
2022-12-15 22:21:54,422 [pool-94-thread-1] INFO  server.RaftServerConfigKeys (ConfUtils.java:logGet(46)) - raft.server.storage.free-space.min = 0MB (=0) (default)
2022-12-15 22:21:54,422 [pool-94-thread-1] INFO  server.RaftServerConfigKeys (ConfUtils.java:logGet(46)) - raft.server.notification.no-leader.timeout = 300s (custom)
2022-12-15 22:21:54,422 [pool-94-thread-1] INFO  server.RaftServerConfigKeys (ConfUtils.java:logGet(46)) - raft.server.retrycache.expirytime = 600000ms (custom)
2022-12-15 22:21:54,422 [pool-94-thread-1] INFO  server.RaftServerConfigKeys (ConfUtils.java:logGet(46)) - raft.server.retrycache.statistics.expirytime = 100μs (default)
2022-12-15 22:21:54,424 [pool-94-thread-1] INFO  server.RaftServerConfigKeys (ConfUtils.java:logGet(46)) - raft.server.log.appender.install.snapshot.enabled = false (custom)
2022-12-15 22:21:54,424 [pool-94-thread-1] INFO  server.RaftServerConfigKeys (ConfUtils.java:logGet(46)) - raft.server.threadpool.server.cached = true (default)
2022-12-15 22:21:54,424 [pool-94-thread-1] INFO  server.RaftServerConfigKeys (ConfUtils.java:logGet(46)) - raft.server.threadpool.server.size = 0 (default)
2022-12-15 22:21:54,424 [pool-94-thread-1] INFO  server.RaftServerConfigKeys (ConfUtils.java:logGet(46)) - raft.server.threadpool.client.cached = true (default)
2022-12-15 22:21:54,424 [pool-94-thread-1] INFO  server.RaftServerConfigKeys (ConfUtils.java:logGet(46)) - raft.server.threadpool.client.size = 0 (default)
2022-12-15 22:21:54,425 [pool-94-thread-1] INFO  storage.RaftStorageDirectory (RaftStorageDirectoryImpl.java:analyzeStorage(137)) - The storage directory /home/runner/work/ozone/ozone/hadoop-ozone/integration-test/target/test-dir/MiniOzoneClusterImpl-67032562-5e12-4c4f-a5ab-79ddd1e2132c/datanode-1/data/ratis/55ee4c18-7593-4743-b403-1d44e66206f9 does not exist. Creating ...
2022-12-15 22:21:54,432 [pool-94-thread-1] INFO  storage.RaftStorageDirectory (RaftStorageDirectoryImpl.java:tryLock(231)) - Lock on /home/runner/work/ozone/ozone/hadoop-ozone/integration-test/target/test-dir/MiniOzoneClusterImpl-67032562-5e12-4c4f-a5ab-79ddd1e2132c/datanode-1/data/ratis/55ee4c18-7593-4743-b403-1d44e66206f9/in_use.lock acquired by nodename 2635@fv-az83-67
2022-12-15 22:21:54,437 [pool-94-thread-1] INFO  storage.RaftStorage (RaftStorageImpl.java:format(96)) - Storage directory /home/runner/work/ozone/ozone/hadoop-ozone/integration-test/target/test-dir/MiniOzoneClusterImpl-67032562-5e12-4c4f-a5ab-79ddd1e2132c/datanode-1/data/ratis/55ee4c18-7593-4743-b403-1d44e66206f9 has been successfully formatted.
2022-12-15 22:21:54,439 [pool-94-thread-1] INFO  ratis.ContainerStateMachine (ContainerStateMachine.java:loadSnapshot(236)) - group-1D44E66206F9: The snapshot info is null. Setting the last applied indexto:(t:0, i:~)
2022-12-15 22:21:54,439 [pool-94-thread-1] INFO  server.RaftServerConfigKeys (ConfUtils.java:logGet(46)) - raft.server.log.use.memory = false (default)
2022-12-15 22:21:54,439 [pool-94-thread-1] INFO  server.RaftServerConfigKeys (ConfUtils.java:logGet(46)) - raft.server.log.purge.gap = 1000000 (custom)
2022-12-15 22:21:54,439 [pool-94-thread-1] INFO  server.RaftServerConfigKeys (ConfUtils.java:logGet(46)) - raft.server.log.appender.buffer.byte-limit = 33554432 (custom)
2022-12-15 22:21:54,441 [pool-94-thread-1] INFO  server.RaftServerConfigKeys (ConfUtils.java:logGet(46)) - raft.server.log.statemachine.data.read.timeout = 1000ms (default)
2022-12-15 22:21:54,441 [pool-94-thread-1] INFO  server.RaftServerConfigKeys (ConfUtils.java:logGet(46)) - raft.server.log.purge.preservation.log.num = 0 (default)
2022-12-15 22:21:54,441 [EventQueue-CommandQueueReportForCommandQueueReportHandler] WARN  events.EventQueue (EventQueue.java:fireEvent(216)) - No event handler registered for event TypedEvent{payloadType=DatanodeDetails, name='Datanode_Command_Queue_Updated'}
2022-12-15 22:21:54,441 [EventQueue-PipelineReportForPipelineReportHandler] INFO  pipeline.PipelineManagerImpl (PipelineManagerImpl.java:openPipeline(367)) - Pipeline Pipeline[ Id: 55ee4c18-7593-4743-b403-1d44e66206f9, Nodes: e0198350-5a80-4cc9-b4d4-fe7f34161fcd{ip: 10.1.0.13, host: fv-az83-67.pawgbth4qraerhbqawdeo1jfng.dx.internal.cloudapp.net, ports: [REPLICATION=33725, RATIS=33167, RATIS_ADMIN=33167, RATIS_SERVER=33167, STANDALONE=40941], networkLocation: /default-rack, certSerialId: null, persistedOpState: IN_SERVICE, persistedOpStateExpiryEpochSec: 0}, ReplicationConfig: RATIS/ONE, State:ALLOCATED, leaderId:e0198350-5a80-4cc9-b4d4-fe7f34161fcd, CreationTimestamp2022-12-15T22:21:51.417Z[Etc/UTC]] moved to OPEN state
2022-12-15 22:21:54,442 [EventQueue-OpenPipelineForHealthyPipelineSafeModeRule] INFO  safemode.SCMSafeModeManager (HealthyPipelineSafeModeRule.java:process(137)) - SCM in safe mode. Healthy pipelines reported count is 0, required healthy pipeline reported count is 1
2022-12-15 22:21:54,442 [pool-94-thread-1] INFO  server.RaftServerConfigKeys (ConfUtils.java:logGet(46)) - raft.server.log.segment.size.max = 1048576 (custom)
2022-12-15 22:21:54,444 [pool-94-thread-1] INFO  server.RaftServerConfigKeys (ConfUtils.java:logGet(46)) - raft.server.log.segment.cache.num.max = 2 (custom)
2022-12-15 22:21:54,444 [pool-94-thread-1] INFO  server.RaftServerConfigKeys (ConfUtils.java:logGet(46)) - raft.server.log.segment.cache.size.max = 200MB (=209715200) (default)
2022-12-15 22:21:54,444 [pool-94-thread-1] INFO  segmented.SegmentedRaftLogWorker (SegmentedRaftLogWorker.java:<init>(189)) - new e0198350-5a80-4cc9-b4d4-fe7f34161fcd@group-1D44E66206F9-SegmentedRaftLogWorker for RaftStorageImpl:Storage Directory /home/runner/work/ozone/ozone/hadoop-ozone/integration-test/target/test-dir/MiniOzoneClusterImpl-67032562-5e12-4c4f-a5ab-79ddd1e2132c/datanode-1/data/ratis/55ee4c18-7593-4743-b403-1d44e66206f9
2022-12-15 22:21:54,444 [pool-94-thread-1] INFO  server.RaftServerConfigKeys (ConfUtils.java:logGet(46)) - raft.server.log.queue.byte-limit = 4294967296 (custom)
2022-12-15 22:21:54,444 [pool-94-thread-1] INFO  server.RaftServerConfigKeys (ConfUtils.java:logGet(46)) - raft.server.log.queue.element-limit = 1024 (custom)
2022-12-15 22:21:54,444 [pool-94-thread-1] INFO  server.RaftServerConfigKeys (ConfUtils.java:logGet(46)) - raft.server.log.segment.size.max = 1048576 (custom)
2022-12-15 22:21:54,444 [pool-94-thread-1] INFO  server.RaftServerConfigKeys (ConfUtils.java:logGet(46)) - raft.server.log.preallocated.size = 16384 (custom)
2022-12-15 22:21:54,444 [pool-94-thread-1] INFO  server.RaftServerConfigKeys (ConfUtils.java:logGet(46)) - raft.server.log.force.sync.num = 128 (default)
2022-12-15 22:21:54,444 [pool-94-thread-1] INFO  server.RaftServerConfigKeys (ConfUtils.java:logGet(46)) - raft.server.log.statemachine.data.sync = true (default)
2022-12-15 22:21:54,444 [pool-94-thread-1] INFO  server.RaftServerConfigKeys (ConfUtils.java:logGet(46)) - raft.server.log.statemachine.data.sync.timeout = 10s (default)
2022-12-15 22:21:54,444 [pool-94-thread-1] INFO  server.RaftServerConfigKeys (ConfUtils.java:logGet(46)) - raft.server.log.statemachine.data.sync.timeout.retry = -1 (default)
2022-12-15 22:21:54,446 [pool-94-thread-1] INFO  server.RaftServerConfigKeys (ConfUtils.java:logGet(46)) - raft.server.log.write.buffer.size = 1048576 (custom)
2022-12-15 22:21:54,447 [pool-94-thread-1] INFO  server.RaftServerConfigKeys (ConfUtils.java:logGet(46)) - raft.server.log.appender.buffer.byte-limit = 33554432 (custom)
2022-12-15 22:21:54,465 [pool-94-thread-1] INFO  server.RaftServerConfigKeys (ConfUtils.java:logGet(46)) - raft.server.log.unsafe-flush.enabled = false (default)
2022-12-15 22:21:54,465 [pool-94-thread-1] INFO  server.RaftServerConfigKeys (ConfUtils.java:logGet(46)) - raft.server.log.async-flush.enabled = false (default)
2022-12-15 22:21:54,465 [pool-94-thread-1] INFO  server.RaftServerConfigKeys (ConfUtils.java:logGet(46)) - raft.server.log.statemachine.data.caching.enabled = true (custom)
2022-12-15 22:21:54,466 [pool-94-thread-1] INFO  segmented.SegmentedRaftLogWorker (SegmentedRaftLogWorker.java:lambda$new$0(135)) - e0198350-5a80-4cc9-b4d4-fe7f34161fcd@group-1D44E66206F9-SegmentedRaftLogWorker: flushIndex: setUnconditionally 0 -> -1
2022-12-15 22:21:54,466 [pool-94-thread-1] INFO  segmented.SegmentedRaftLogWorker (SegmentedRaftLogWorker.java:lambda$new$0(135)) - e0198350-5a80-4cc9-b4d4-fe7f34161fcd@group-1D44E66206F9-SegmentedRaftLogWorker: safeCacheEvictIndex: setUnconditionally 0 -> -1
2022-12-15 22:21:54,466 [pool-94-thread-1] INFO  server.RaftServer$Division (RaftServerImpl.java:start(334)) - e0198350-5a80-4cc9-b4d4-fe7f34161fcd@group-1D44E66206F9: start as a follower, conf=-1: peers:[e0198350-5a80-4cc9-b4d4-fe7f34161fcd|rpc:10.1.0.13:33167|priority:1|startupRole:FOLLOWER]|listeners:[], old=null
2022-12-15 22:21:54,466 [pool-94-thread-1] INFO  server.RaftServer$Division (RaftServerImpl.java:setRole(321)) - e0198350-5a80-4cc9-b4d4-fe7f34161fcd@group-1D44E66206F9: changes role from      null to FOLLOWER at term 0 for startAsFollower
2022-12-15 22:21:54,466 [pool-94-thread-1] INFO  impl.RoleInfo (RoleInfo.java:updateAndGet(139)) - e0198350-5a80-4cc9-b4d4-fe7f34161fcd: start e0198350-5a80-4cc9-b4d4-fe7f34161fcd@group-1D44E66206F9-FollowerState
2022-12-15 22:21:54,467 [pool-94-thread-1] INFO  util.JmxRegister (JmxRegister.java:tryRegister(44)) - Successfully registered JMX Bean with object name Ratis:service=RaftServer,group=group-1D44E66206F9,id=e0198350-5a80-4cc9-b4d4-fe7f34161fcd
2022-12-15 22:21:54,469 [pool-94-thread-1] INFO  server.RaftServerConfigKeys (ConfUtils.java:logGet(46)) - raft.server.snapshot.auto.trigger.enabled = true (custom)
2022-12-15 22:21:54,469 [pool-94-thread-1] INFO  server.RaftServerConfigKeys (ConfUtils.java:logGet(46)) - raft.server.snapshot.auto.trigger.threshold = 10000 (custom)
2022-12-15 22:21:54,469 [pool-94-thread-1] INFO  server.RaftServerConfigKeys (ConfUtils.java:logGet(46)) - raft.server.snapshot.retention.file.num = 5 (custom)
2022-12-15 22:21:54,469 [pool-94-thread-1] INFO  server.RaftServerConfigKeys (ConfUtils.java:logGet(46)) - raft.server.log.purge.upto.snapshot.index = false (default)
2022-12-15 22:21:54,470 [Command processor thread] INFO  ratis.XceiverServerRatis (XceiverServerRatis.java:addGroup(765)) - Created group PipelineID=55ee4c18-7593-4743-b403-1d44e66206f9
2022-12-15 22:21:54,470 [Command processor thread] INFO  commandhandler.CreatePipelineCommandHandler (CreatePipelineCommandHandler.java:handle(113)) - Created Pipeline RATIS ONE PipelineID=55ee4c18-7593-4743-b403-1d44e66206f9.
2022-12-15 22:21:54,480 [Command processor thread] INFO  server.RaftServer (RaftServerProxy.java:addNew(96)) - e0198350-5a80-4cc9-b4d4-fe7f34161fcd: addNew group-5AB91DFA3848:[e0198350-5a80-4cc9-b4d4-fe7f34161fcd|rpc:10.1.0.13:33167|priority:1|startupRole:FOLLOWER, 8742ce53-ec43-4b5d-92fb-ca295b19fdac|rpc:10.1.0.13:44977|priority:0|startupRole:FOLLOWER, 1e86e54b-7ea4-4ffe-a764-33ccb592660f|rpc:10.1.0.13:45413|priority:0|startupRole:FOLLOWER] returns group-5AB91DFA3848:java.util.concurrent.CompletableFuture@52a35d6e[Not completed]
2022-12-15 22:21:54,481 [e0198350-5a80-4cc9-b4d4-fe7f34161fcd@group-1D44E66206F9-FollowerState] INFO  server.RaftServerConfigKeys (ConfUtils.java:logFallback(53)) - raft.server.rpc.first-election.timeout.min = 5s (fallback to raft.server.rpc.timeout.min)
2022-12-15 22:21:54,483 [pool-94-thread-1] INFO  server.RaftServer$Division (RaftServerImpl.java:<init>(195)) - e0198350-5a80-4cc9-b4d4-fe7f34161fcd: new RaftServerImpl for group-5AB91DFA3848:[e0198350-5a80-4cc9-b4d4-fe7f34161fcd|rpc:10.1.0.13:33167|priority:1|startupRole:FOLLOWER, 8742ce53-ec43-4b5d-92fb-ca295b19fdac|rpc:10.1.0.13:44977|priority:0|startupRole:FOLLOWER, 1e86e54b-7ea4-4ffe-a764-33ccb592660f|rpc:10.1.0.13:45413|priority:0|startupRole:FOLLOWER] with ContainerStateMachine:uninitialized
2022-12-15 22:21:54,484 [pool-94-thread-1] INFO  server.RaftServerConfigKeys (ConfUtils.java:logGet(46)) - raft.server.rpc.timeout.min = 5s (custom)
2022-12-15 22:21:54,484 [pool-94-thread-1] INFO  server.RaftServerConfigKeys (ConfUtils.java:logGet(46)) - raft.server.rpc.timeout.max = 5200ms (custom)
2022-12-15 22:21:54,484 [pool-94-thread-1] INFO  server.RaftServerConfigKeys (ConfUtils.java:logGet(46)) - raft.server.rpc.sleep.time = 25ms (default)
2022-12-15 22:21:54,485 [pool-94-thread-1] INFO  server.RaftServerConfigKeys (ConfUtils.java:logGet(46)) - raft.server.rpc.slowness.timeout = 300s (custom)
2022-12-15 22:21:54,485 [pool-94-thread-1] INFO  server.RaftServerConfigKeys (ConfUtils.java:logGet(46)) - raft.server.leaderelection.leader.step-down.wait-time = 10s (default)
2022-12-15 22:21:54,485 [pool-94-thread-1] INFO  server.RaftServerConfigKeys (ConfUtils.java:logGet(46)) - raft.server.sleep.deviation.threshold = 300ms (default)
2022-12-15 22:21:54,485 [pool-94-thread-1] INFO  server.RaftServer$Division (ServerState.java:<init>(118)) - e0198350-5a80-4cc9-b4d4-fe7f34161fcd@group-5AB91DFA3848: ConfigurationManager, init=-1: peers:[e0198350-5a80-4cc9-b4d4-fe7f34161fcd|rpc:10.1.0.13:33167|priority:1|startupRole:FOLLOWER, 8742ce53-ec43-4b5d-92fb-ca295b19fdac|rpc:10.1.0.13:44977|priority:0|startupRole:FOLLOWER, 1e86e54b-7ea4-4ffe-a764-33ccb592660f|rpc:10.1.0.13:45413|priority:0|startupRole:FOLLOWER]|listeners:[], old=null, confs=<EMPTY_MAP>
2022-12-15 22:21:54,485 [pool-94-thread-1] INFO  server.RaftServerConfigKeys (ConfUtils.java:logGet(46)) - raft.server.storage.dir = [/home/runner/work/ozone/ozone/hadoop-ozone/integration-test/target/test-dir/MiniOzoneClusterImpl-67032562-5e12-4c4f-a5ab-79ddd1e2132c/datanode-1/data/ratis] (custom)
2022-12-15 22:21:54,485 [pool-94-thread-1] INFO  server.RaftServerConfigKeys (ConfUtils.java:logGet(46)) - raft.server.log.corruption.policy = EXCEPTION (default)
2022-12-15 22:21:54,485 [pool-94-thread-1] INFO  server.RaftServerConfigKeys (ConfUtils.java:logGet(46)) - raft.server.storage.free-space.min = 0MB (=0) (default)
2022-12-15 22:21:54,485 [pool-94-thread-1] INFO  server.RaftServerConfigKeys (ConfUtils.java:logGet(46)) - raft.server.notification.no-leader.timeout = 300s (custom)
2022-12-15 22:21:54,485 [pool-94-thread-1] INFO  server.RaftServerConfigKeys (ConfUtils.java:logGet(46)) - raft.server.retrycache.expirytime = 600000ms (custom)
2022-12-15 22:21:54,485 [pool-94-thread-1] INFO  server.RaftServerConfigKeys (ConfUtils.java:logGet(46)) - raft.server.retrycache.statistics.expirytime = 100μs (default)
2022-12-15 22:21:54,487 [pool-94-thread-1] INFO  server.RaftServerConfigKeys (ConfUtils.java:logGet(46)) - raft.server.log.appender.install.snapshot.enabled = false (custom)
2022-12-15 22:21:54,487 [pool-94-thread-1] INFO  server.RaftServerConfigKeys (ConfUtils.java:logGet(46)) - raft.server.threadpool.server.cached = true (default)
2022-12-15 22:21:54,487 [pool-94-thread-1] INFO  server.RaftServerConfigKeys (ConfUtils.java:logGet(46)) - raft.server.threadpool.server.size = 0 (default)
2022-12-15 22:21:54,487 [pool-94-thread-1] INFO  server.RaftServerConfigKeys (ConfUtils.java:logGet(46)) - raft.server.threadpool.client.cached = true (default)
2022-12-15 22:21:54,487 [pool-94-thread-1] INFO  server.RaftServerConfigKeys (ConfUtils.java:logGet(46)) - raft.server.threadpool.client.size = 0 (default)
2022-12-15 22:21:54,488 [pool-94-thread-1] INFO  storage.RaftStorageDirectory (RaftStorageDirectoryImpl.java:analyzeStorage(137)) - The storage directory /home/runner/work/ozone/ozone/hadoop-ozone/integration-test/target/test-dir/MiniOzoneClusterImpl-67032562-5e12-4c4f-a5ab-79ddd1e2132c/datanode-1/data/ratis/4bb29f98-1168-434f-a1c3-5ab91dfa3848 does not exist. Creating ...
2022-12-15 22:21:54,483 [e0198350-5a80-4cc9-b4d4-fe7f34161fcd@group-1D44E66206F9-FollowerState] INFO  server.RaftServerConfigKeys (ConfUtils.java:logFallback(53)) - raft.server.rpc.first-election.timeout.max = 5200ms (fallback to raft.server.rpc.timeout.max)
2022-12-15 22:21:54,492 [pool-94-thread-1] INFO  storage.RaftStorageDirectory (RaftStorageDirectoryImpl.java:tryLock(231)) - Lock on /home/runner/work/ozone/ozone/hadoop-ozone/integration-test/target/test-dir/MiniOzoneClusterImpl-67032562-5e12-4c4f-a5ab-79ddd1e2132c/datanode-1/data/ratis/4bb29f98-1168-434f-a1c3-5ab91dfa3848/in_use.lock acquired by nodename 2635@fv-az83-67
2022-12-15 22:21:54,494 [pool-94-thread-1] INFO  storage.RaftStorage (RaftStorageImpl.java:format(96)) - Storage directory /home/runner/work/ozone/ozone/hadoop-ozone/integration-test/target/test-dir/MiniOzoneClusterImpl-67032562-5e12-4c4f-a5ab-79ddd1e2132c/datanode-1/data/ratis/4bb29f98-1168-434f-a1c3-5ab91dfa3848 has been successfully formatted.
2022-12-15 22:21:54,495 [pool-94-thread-1] INFO  ratis.ContainerStateMachine (ContainerStateMachine.java:loadSnapshot(236)) - group-5AB91DFA3848: The snapshot info is null. Setting the last applied indexto:(t:0, i:~)
2022-12-15 22:21:54,495 [pool-94-thread-1] INFO  server.RaftServerConfigKeys (ConfUtils.java:logGet(46)) - raft.server.log.use.memory = false (default)
2022-12-15 22:21:54,495 [pool-94-thread-1] INFO  server.RaftServerConfigKeys (ConfUtils.java:logGet(46)) - raft.server.log.purge.gap = 1000000 (custom)
2022-12-15 22:21:54,495 [pool-94-thread-1] INFO  server.RaftServerConfigKeys (ConfUtils.java:logGet(46)) - raft.server.log.appender.buffer.byte-limit = 33554432 (custom)
2022-12-15 22:21:54,495 [pool-94-thread-1] INFO  server.RaftServerConfigKeys (ConfUtils.java:logGet(46)) - raft.server.log.statemachine.data.read.timeout = 1000ms (default)
2022-12-15 22:21:54,495 [pool-94-thread-1] INFO  server.RaftServerConfigKeys (ConfUtils.java:logGet(46)) - raft.server.log.purge.preservation.log.num = 0 (default)
2022-12-15 22:21:54,496 [pool-94-thread-1] INFO  server.RaftServerConfigKeys (ConfUtils.java:logGet(46)) - raft.server.log.segment.size.max = 1048576 (custom)
2022-12-15 22:21:54,498 [EventQueue-CommandQueueReportForCommandQueueReportHandler] WARN  events.EventQueue (EventQueue.java:fireEvent(216)) - No event handler registered for event TypedEvent{payloadType=DatanodeDetails, name='Datanode_Command_Queue_Updated'}
2022-12-15 22:21:54,498 [EventQueue-OpenPipelineForHealthyPipelineSafeModeRule] INFO  safemode.SCMSafeModeManager (HealthyPipelineSafeModeRule.java:process(137)) - SCM in safe mode. Healthy pipelines reported count is 0, required healthy pipeline reported count is 1
2022-12-15 22:21:54,501 [pool-94-thread-1] INFO  server.RaftServerConfigKeys (ConfUtils.java:logGet(46)) - raft.server.log.segment.cache.num.max = 2 (custom)
2022-12-15 22:21:54,501 [pool-94-thread-1] INFO  server.RaftServerConfigKeys (ConfUtils.java:logGet(46)) - raft.server.log.segment.cache.size.max = 200MB (=209715200) (default)
2022-12-15 22:21:54,501 [pool-94-thread-1] INFO  segmented.SegmentedRaftLogWorker (SegmentedRaftLogWorker.java:<init>(189)) - new e0198350-5a80-4cc9-b4d4-fe7f34161fcd@group-5AB91DFA3848-SegmentedRaftLogWorker for RaftStorageImpl:Storage Directory /home/runner/work/ozone/ozone/hadoop-ozone/integration-test/target/test-dir/MiniOzoneClusterImpl-67032562-5e12-4c4f-a5ab-79ddd1e2132c/datanode-1/data/ratis/4bb29f98-1168-434f-a1c3-5ab91dfa3848
2022-12-15 22:21:54,501 [pool-94-thread-1] INFO  server.RaftServerConfigKeys (ConfUtils.java:logGet(46)) - raft.server.log.queue.byte-limit = 4294967296 (custom)
2022-12-15 22:21:54,501 [pool-94-thread-1] INFO  server.RaftServerConfigKeys (ConfUtils.java:logGet(46)) - raft.server.log.queue.element-limit = 1024 (custom)
2022-12-15 22:21:54,501 [pool-94-thread-1] INFO  server.RaftServerConfigKeys (ConfUtils.java:logGet(46)) - raft.server.log.segment.size.max = 1048576 (custom)
2022-12-15 22:21:54,501 [pool-94-thread-1] INFO  server.RaftServerConfigKeys (ConfUtils.java:logGet(46)) - raft.server.log.preallocated.size = 16384 (custom)
2022-12-15 22:21:54,501 [pool-94-thread-1] INFO  server.RaftServerConfigKeys (ConfUtils.java:logGet(46)) - raft.server.log.force.sync.num = 128 (default)
2022-12-15 22:21:54,501 [pool-94-thread-1] INFO  server.RaftServerConfigKeys (ConfUtils.java:logGet(46)) - raft.server.log.statemachine.data.sync = true (default)
2022-12-15 22:21:54,502 [pool-94-thread-1] INFO  server.RaftServerConfigKeys (ConfUtils.java:logGet(46)) - raft.server.log.statemachine.data.sync.timeout = 10s (default)
2022-12-15 22:21:54,502 [pool-94-thread-1] INFO  server.RaftServerConfigKeys (ConfUtils.java:logGet(46)) - raft.server.log.statemachine.data.sync.timeout.retry = -1 (default)
2022-12-15 22:21:54,503 [pool-94-thread-1] INFO  server.RaftServerConfigKeys (ConfUtils.java:logGet(46)) - raft.server.log.write.buffer.size = 1048576 (custom)
2022-12-15 22:21:54,504 [pool-94-thread-1] INFO  server.RaftServerConfigKeys (ConfUtils.java:logGet(46)) - raft.server.log.appender.buffer.byte-limit = 33554432 (custom)
2022-12-15 22:21:54,709 [Listener at 127.0.0.1/44409] INFO  ozone.MiniOzoneClusterImpl (MiniOzoneClusterImpl.java:lambda$waitForClusterToBeReady$0(216)) - Nodes are ready. Got 7 of 7 DN Heartbeats.
2022-12-15 22:21:54,709 [Listener at 127.0.0.1/44409] INFO  ozone.MiniOzoneClusterImpl (MiniOzoneClusterImpl.java:lambda$waitForClusterToBeReady$0(219)) - Waiting for cluster to exit safe mode
2022-12-15 22:21:54,709 [Listener at 127.0.0.1/44409] INFO  ozone.MiniOzoneClusterImpl (MiniOzoneClusterImpl.java:lambda$waitForClusterToBeReady$0(221)) - SCM became leader
2022-12-15 22:21:54,713 [JvmPauseMonitor1] WARN  util.JvmPauseMonitor (JvmPauseMonitor.java:detectPause(126)) - JvmPauseMonitor-1e86e54b-7ea4-4ffe-a764-33ccb592660f: Detected pause in JVM or host machine (eg GC): pause of approximately 110352250ns.
GC pool 'PS MarkSweep' had collection(s): count=1 time=151ms
GC pool 'PS Scavenge' had collection(s): count=1 time=50ms
2022-12-15 22:21:54,713 [JvmPauseMonitor0] WARN  util.JvmPauseMonitor (JvmPauseMonitor.java:detectPause(126)) - JvmPauseMonitor-om1: Detected pause in JVM or host machine (eg GC): pause of approximately 128544739ns.
GC pool 'PS MarkSweep' had collection(s): count=1 time=151ms
GC pool 'PS Scavenge' had collection(s): count=1 time=50ms
2022-12-15 22:21:54,714 [JvmPauseMonitor2] WARN  util.JvmPauseMonitor (JvmPauseMonitor.java:detectPause(126)) - JvmPauseMonitor-e0198350-5a80-4cc9-b4d4-fe7f34161fcd: Detected pause in JVM or host machine (eg GC): pause of approximately 205158895ns.
GC pool 'PS MarkSweep' had collection(s): count=1 time=151ms
GC pool 'PS Scavenge' had collection(s): count=1 time=50ms
2022-12-15 22:21:54,731 [pool-94-thread-1] INFO  server.RaftServerConfigKeys (ConfUtils.java:logGet(46)) - raft.server.log.unsafe-flush.enabled = false (default)
2022-12-15 22:21:54,731 [pool-94-thread-1] INFO  server.RaftServerConfigKeys (ConfUtils.java:logGet(46)) - raft.server.log.async-flush.enabled = false (default)
2022-12-15 22:21:54,741 [EventQueue-CommandQueueReportForCommandQueueReportHandler] WARN  events.EventQueue (EventQueue.java:fireEvent(216)) - No event handler registered for event TypedEvent{payloadType=DatanodeDetails, name='Datanode_Command_Queue_Updated'}
2022-12-15 22:21:54,744 [pool-94-thread-1] INFO  server.RaftServerConfigKeys (ConfUtils.java:logGet(46)) - raft.server.log.statemachine.data.caching.enabled = true (custom)
2022-12-15 22:21:54,744 [pool-94-thread-1] INFO  segmented.SegmentedRaftLogWorker (SegmentedRaftLogWorker.java:lambda$new$0(135)) - e0198350-5a80-4cc9-b4d4-fe7f34161fcd@group-5AB91DFA3848-SegmentedRaftLogWorker: flushIndex: setUnconditionally 0 -> -1
2022-12-15 22:21:54,744 [pool-94-thread-1] INFO  segmented.SegmentedRaftLogWorker (SegmentedRaftLogWorker.java:lambda$new$0(135)) - e0198350-5a80-4cc9-b4d4-fe7f34161fcd@group-5AB91DFA3848-SegmentedRaftLogWorker: safeCacheEvictIndex: setUnconditionally 0 -> -1
2022-12-15 22:21:54,745 [pool-94-thread-1] INFO  server.RaftServer$Division (RaftServerImpl.java:start(334)) - e0198350-5a80-4cc9-b4d4-fe7f34161fcd@group-5AB91DFA3848: start as a follower, conf=-1: peers:[e0198350-5a80-4cc9-b4d4-fe7f34161fcd|rpc:10.1.0.13:33167|priority:1|startupRole:FOLLOWER, 8742ce53-ec43-4b5d-92fb-ca295b19fdac|rpc:10.1.0.13:44977|priority:0|startupRole:FOLLOWER, 1e86e54b-7ea4-4ffe-a764-33ccb592660f|rpc:10.1.0.13:45413|priority:0|startupRole:FOLLOWER]|listeners:[], old=null
2022-12-15 22:21:54,745 [pool-94-thread-1] INFO  server.RaftServer$Division (RaftServerImpl.java:setRole(321)) - e0198350-5a80-4cc9-b4d4-fe7f34161fcd@group-5AB91DFA3848: changes role from      null to FOLLOWER at term 0 for startAsFollower
2022-12-15 22:21:54,745 [pool-94-thread-1] INFO  impl.RoleInfo (RoleInfo.java:updateAndGet(139)) - e0198350-5a80-4cc9-b4d4-fe7f34161fcd: start e0198350-5a80-4cc9-b4d4-fe7f34161fcd@group-5AB91DFA3848-FollowerState
2022-12-15 22:21:54,754 [pool-94-thread-1] INFO  util.JmxRegister (JmxRegister.java:tryRegister(44)) - Successfully registered JMX Bean with object name Ratis:service=RaftServer,group=group-5AB91DFA3848,id=e0198350-5a80-4cc9-b4d4-fe7f34161fcd
2022-12-15 22:21:54,754 [pool-94-thread-1] INFO  server.RaftServerConfigKeys (ConfUtils.java:logGet(46)) - raft.server.snapshot.auto.trigger.enabled = true (custom)
2022-12-15 22:21:54,754 [pool-94-thread-1] INFO  server.RaftServerConfigKeys (ConfUtils.java:logGet(46)) - raft.server.snapshot.auto.trigger.threshold = 10000 (custom)
2022-12-15 22:21:54,755 [pool-94-thread-1] INFO  server.RaftServerConfigKeys (ConfUtils.java:logGet(46)) - raft.server.snapshot.retention.file.num = 5 (custom)
2022-12-15 22:21:54,755 [pool-94-thread-1] INFO  server.RaftServerConfigKeys (ConfUtils.java:logGet(46)) - raft.server.log.purge.upto.snapshot.index = false (default)
2022-12-15 22:21:54,762 [Command processor thread] INFO  ratis.XceiverServerRatis (XceiverServerRatis.java:addGroup(765)) - Created group PipelineID=4bb29f98-1168-434f-a1c3-5ab91dfa3848
2022-12-15 22:21:54,767 [e0198350-5a80-4cc9-b4d4-fe7f34161fcd@group-5AB91DFA3848-FollowerState] INFO  server.RaftServerConfigKeys (ConfUtils.java:logFallback(53)) - raft.server.rpc.first-election.timeout.min = 5s (fallback to raft.server.rpc.timeout.min)
2022-12-15 22:21:54,767 [e0198350-5a80-4cc9-b4d4-fe7f34161fcd@group-5AB91DFA3848-FollowerState] INFO  server.RaftServerConfigKeys (ConfUtils.java:logFallback(53)) - raft.server.rpc.first-election.timeout.max = 5200ms (fallback to raft.server.rpc.timeout.max)
2022-12-15 22:21:54,846 [Command processor thread] INFO  server.RaftServer (RaftServerProxy.java:addNew(96)) - 8742ce53-ec43-4b5d-92fb-ca295b19fdac: addNew group-5EA29D18738C:[8742ce53-ec43-4b5d-92fb-ca295b19fdac|rpc:10.1.0.13:44977|priority:1|startupRole:FOLLOWER] returns group-5EA29D18738C:java.util.concurrent.CompletableFuture@2e803b3e[Not completed]
2022-12-15 22:21:54,848 [EventQueue-CommandQueueReportForCommandQueueReportHandler] WARN  events.EventQueue (EventQueue.java:fireEvent(216)) - No event handler registered for event TypedEvent{payloadType=DatanodeDetails, name='Datanode_Command_Queue_Updated'}
2022-12-15 22:21:54,855 [pool-117-thread-1] INFO  server.RaftServer$Division (RaftServerImpl.java:<init>(195)) - 8742ce53-ec43-4b5d-92fb-ca295b19fdac: new RaftServerImpl for group-5EA29D18738C:[8742ce53-ec43-4b5d-92fb-ca295b19fdac|rpc:10.1.0.13:44977|priority:1|startupRole:FOLLOWER] with ContainerStateMachine:uninitialized
2022-12-15 22:21:54,855 [pool-117-thread-1] INFO  server.RaftServerConfigKeys (ConfUtils.java:logGet(46)) - raft.server.rpc.timeout.min = 5s (custom)
2022-12-15 22:21:54,855 [pool-117-thread-1] INFO  server.RaftServerConfigKeys (ConfUtils.java:logGet(46)) - raft.server.rpc.timeout.max = 5200ms (custom)
2022-12-15 22:21:54,855 [pool-117-thread-1] INFO  server.RaftServerConfigKeys (ConfUtils.java:logGet(46)) - raft.server.rpc.sleep.time = 25ms (default)
2022-12-15 22:21:54,855 [pool-117-thread-1] INFO  server.RaftServerConfigKeys (ConfUtils.java:logGet(46)) - raft.server.rpc.slowness.timeout = 300s (custom)
2022-12-15 22:21:54,855 [pool-117-thread-1] INFO  server.RaftServerConfigKeys (ConfUtils.java:logGet(46)) - raft.server.leaderelection.leader.step-down.wait-time = 10s (default)
2022-12-15 22:21:54,855 [pool-117-thread-1] INFO  server.RaftServerConfigKeys (ConfUtils.java:logGet(46)) - raft.server.sleep.deviation.threshold = 300ms (default)
2022-12-15 22:21:54,855 [pool-117-thread-1] INFO  server.RaftServer$Division (ServerState.java:<init>(118)) - 8742ce53-ec43-4b5d-92fb-ca295b19fdac@group-5EA29D18738C: ConfigurationManager, init=-1: peers:[8742ce53-ec43-4b5d-92fb-ca295b19fdac|rpc:10.1.0.13:44977|priority:1|startupRole:FOLLOWER]|listeners:[], old=null, confs=<EMPTY_MAP>
2022-12-15 22:21:54,855 [pool-117-thread-1] INFO  server.RaftServerConfigKeys (ConfUtils.java:logGet(46)) - raft.server.storage.dir = [/home/runner/work/ozone/ozone/hadoop-ozone/integration-test/target/test-dir/MiniOzoneClusterImpl-67032562-5e12-4c4f-a5ab-79ddd1e2132c/datanode-2/data/ratis] (custom)
2022-12-15 22:21:54,857 [pool-117-thread-1] INFO  server.RaftServerConfigKeys (ConfUtils.java:logGet(46)) - raft.server.log.corruption.policy = EXCEPTION (default)
2022-12-15 22:21:54,857 [pool-117-thread-1] INFO  server.RaftServerConfigKeys (ConfUtils.java:logGet(46)) - raft.server.storage.free-space.min = 0MB (=0) (default)
2022-12-15 22:21:54,857 [pool-117-thread-1] INFO  server.RaftServerConfigKeys (ConfUtils.java:logGet(46)) - raft.server.notification.no-leader.timeout = 300s (custom)
2022-12-15 22:21:54,857 [pool-117-thread-1] INFO  server.RaftServerConfigKeys (ConfUtils.java:logGet(46)) - raft.server.retrycache.expirytime = 600000ms (custom)
2022-12-15 22:21:54,857 [pool-117-thread-1] INFO  server.RaftServerConfigKeys (ConfUtils.java:logGet(46)) - raft.server.retrycache.statistics.expirytime = 100μs (default)
2022-12-15 22:21:54,861 [pool-117-thread-1] INFO  server.RaftServerConfigKeys (ConfUtils.java:logGet(46)) - raft.server.log.appender.install.snapshot.enabled = false (custom)
2022-12-15 22:21:54,862 [pool-117-thread-1] INFO  server.RaftServerConfigKeys (ConfUtils.java:logGet(46)) - raft.server.threadpool.server.cached = true (default)
2022-12-15 22:21:54,862 [pool-117-thread-1] INFO  server.RaftServerConfigKeys (ConfUtils.java:logGet(46)) - raft.server.threadpool.server.size = 0 (default)
2022-12-15 22:21:54,862 [pool-117-thread-1] INFO  server.RaftServerConfigKeys (ConfUtils.java:logGet(46)) - raft.server.threadpool.client.cached = true (default)
2022-12-15 22:21:54,862 [pool-117-thread-1] INFO  server.RaftServerConfigKeys (ConfUtils.java:logGet(46)) - raft.server.threadpool.client.size = 0 (default)
2022-12-15 22:21:54,862 [pool-117-thread-1] INFO  storage.RaftStorageDirectory (RaftStorageDirectoryImpl.java:analyzeStorage(137)) - The storage directory /home/runner/work/ozone/ozone/hadoop-ozone/integration-test/target/test-dir/MiniOzoneClusterImpl-67032562-5e12-4c4f-a5ab-79ddd1e2132c/datanode-2/data/ratis/06cb33b6-921a-4e91-ac4a-5ea29d18738c does not exist. Creating ...
2022-12-15 22:21:54,867 [pool-117-thread-1] INFO  storage.RaftStorageDirectory (RaftStorageDirectoryImpl.java:tryLock(231)) - Lock on /home/runner/work/ozone/ozone/hadoop-ozone/integration-test/target/test-dir/MiniOzoneClusterImpl-67032562-5e12-4c4f-a5ab-79ddd1e2132c/datanode-2/data/ratis/06cb33b6-921a-4e91-ac4a-5ea29d18738c/in_use.lock acquired by nodename 2635@fv-az83-67
2022-12-15 22:21:54,872 [pool-117-thread-1] INFO  storage.RaftStorage (RaftStorageImpl.java:format(96)) - Storage directory /home/runner/work/ozone/ozone/hadoop-ozone/integration-test/target/test-dir/MiniOzoneClusterImpl-67032562-5e12-4c4f-a5ab-79ddd1e2132c/datanode-2/data/ratis/06cb33b6-921a-4e91-ac4a-5ea29d18738c has been successfully formatted.
2022-12-15 22:21:54,873 [pool-117-thread-1] INFO  ratis.ContainerStateMachine (ContainerStateMachine.java:loadSnapshot(236)) - group-5EA29D18738C: The snapshot info is null. Setting the last applied indexto:(t:0, i:~)
2022-12-15 22:21:54,873 [pool-117-thread-1] INFO  server.RaftServerConfigKeys (ConfUtils.java:logGet(46)) - raft.server.log.use.memory = false (default)
2022-12-15 22:21:54,873 [pool-117-thread-1] INFO  server.RaftServerConfigKeys (ConfUtils.java:logGet(46)) - raft.server.log.purge.gap = 1000000 (custom)
2022-12-15 22:21:54,873 [pool-117-thread-1] INFO  server.RaftServerConfigKeys (ConfUtils.java:logGet(46)) - raft.server.log.appender.buffer.byte-limit = 33554432 (custom)
2022-12-15 22:21:54,873 [pool-117-thread-1] INFO  server.RaftServerConfigKeys (ConfUtils.java:logGet(46)) - raft.server.log.statemachine.data.read.timeout = 1000ms (default)
2022-12-15 22:21:54,873 [pool-117-thread-1] INFO  server.RaftServerConfigKeys (ConfUtils.java:logGet(46)) - raft.server.log.purge.preservation.log.num = 0 (default)
2022-12-15 22:21:54,876 [EventQueue-CommandQueueReportForCommandQueueReportHandler] WARN  events.EventQueue (EventQueue.java:fireEvent(216)) - No event handler registered for event TypedEvent{payloadType=DatanodeDetails, name='Datanode_Command_Queue_Updated'}
2022-12-15 22:21:54,876 [EventQueue-PipelineReportForPipelineReportHandler] INFO  pipeline.PipelineManagerImpl (PipelineManagerImpl.java:openPipeline(367)) - Pipeline Pipeline[ Id: 06cb33b6-921a-4e91-ac4a-5ea29d18738c, Nodes: 8742ce53-ec43-4b5d-92fb-ca295b19fdac{ip: 10.1.0.13, host: fv-az83-67.pawgbth4qraerhbqawdeo1jfng.dx.internal.cloudapp.net, ports: [REPLICATION=42995, RATIS=44977, RATIS_ADMIN=44977, RATIS_SERVER=44977, STANDALONE=39581], networkLocation: /default-rack, certSerialId: null, persistedOpState: IN_SERVICE, persistedOpStateExpiryEpochSec: 0}, ReplicationConfig: RATIS/ONE, State:ALLOCATED, leaderId:8742ce53-ec43-4b5d-92fb-ca295b19fdac, CreationTimestamp2022-12-15T22:21:51.851Z[Etc/UTC]] moved to OPEN state
2022-12-15 22:21:54,877 [EventQueue-OpenPipelineForHealthyPipelineSafeModeRule] INFO  safemode.SCMSafeModeManager (HealthyPipelineSafeModeRule.java:process(137)) - SCM in safe mode. Healthy pipelines reported count is 0, required healthy pipeline reported count is 1
2022-12-15 22:21:54,877 [pool-117-thread-1] INFO  server.RaftServerConfigKeys (ConfUtils.java:logGet(46)) - raft.server.log.segment.size.max = 1048576 (custom)
2022-12-15 22:21:54,879 [pool-117-thread-1] INFO  server.RaftServerConfigKeys (ConfUtils.java:logGet(46)) - raft.server.log.segment.cache.num.max = 2 (custom)
2022-12-15 22:21:54,879 [pool-117-thread-1] INFO  server.RaftServerConfigKeys (ConfUtils.java:logGet(46)) - raft.server.log.segment.cache.size.max = 200MB (=209715200) (default)
2022-12-15 22:21:54,879 [pool-117-thread-1] INFO  segmented.SegmentedRaftLogWorker (SegmentedRaftLogWorker.java:<init>(189)) - new 8742ce53-ec43-4b5d-92fb-ca295b19fdac@group-5EA29D18738C-SegmentedRaftLogWorker for RaftStorageImpl:Storage Directory /home/runner/work/ozone/ozone/hadoop-ozone/integration-test/target/test-dir/MiniOzoneClusterImpl-67032562-5e12-4c4f-a5ab-79ddd1e2132c/datanode-2/data/ratis/06cb33b6-921a-4e91-ac4a-5ea29d18738c
2022-12-15 22:21:54,879 [pool-117-thread-1] INFO  server.RaftServerConfigKeys (ConfUtils.java:logGet(46)) - raft.server.log.queue.byte-limit = 4294967296 (custom)
2022-12-15 22:21:54,879 [pool-117-thread-1] INFO  server.RaftServerConfigKeys (ConfUtils.java:logGet(46)) - raft.server.log.queue.element-limit = 1024 (custom)
2022-12-15 22:21:54,879 [pool-117-thread-1] INFO  server.RaftServerConfigKeys (ConfUtils.java:logGet(46)) - raft.server.log.segment.size.max = 1048576 (custom)
2022-12-15 22:21:54,879 [pool-117-thread-1] INFO  server.RaftServerConfigKeys (ConfUtils.java:logGet(46)) - raft.server.log.preallocated.size = 16384 (custom)
2022-12-15 22:21:54,879 [pool-117-thread-1] INFO  server.RaftServerConfigKeys (ConfUtils.java:logGet(46)) - raft.server.log.force.sync.num = 128 (default)
2022-12-15 22:21:54,879 [pool-117-thread-1] INFO  server.RaftServerConfigKeys (ConfUtils.java:logGet(46)) - raft.server.log.statemachine.data.sync = true (default)
2022-12-15 22:21:54,879 [pool-117-thread-1] INFO  server.RaftServerConfigKeys (ConfUtils.java:logGet(46)) - raft.server.log.statemachine.data.sync.timeout = 10s (default)
2022-12-15 22:21:54,879 [pool-117-thread-1] INFO  server.RaftServerConfigKeys (ConfUtils.java:logGet(46)) - raft.server.log.statemachine.data.sync.timeout.retry = -1 (default)
2022-12-15 22:21:54,881 [pool-117-thread-1] INFO  server.RaftServerConfigKeys (ConfUtils.java:logGet(46)) - raft.server.log.write.buffer.size = 1048576 (custom)
2022-12-15 22:21:54,882 [pool-117-thread-1] INFO  server.RaftServerConfigKeys (ConfUtils.java:logGet(46)) - raft.server.log.appender.buffer.byte-limit = 33554432 (custom)
2022-12-15 22:21:54,896 [pool-117-thread-1] INFO  server.RaftServerConfigKeys (ConfUtils.java:logGet(46)) - raft.server.log.unsafe-flush.enabled = false (default)
2022-12-15 22:21:54,896 [pool-117-thread-1] INFO  server.RaftServerConfigKeys (ConfUtils.java:logGet(46)) - raft.server.log.async-flush.enabled = false (default)
2022-12-15 22:21:54,896 [pool-117-thread-1] INFO  server.RaftServerConfigKeys (ConfUtils.java:logGet(46)) - raft.server.log.statemachine.data.caching.enabled = true (custom)
2022-12-15 22:21:54,896 [pool-117-thread-1] INFO  segmented.SegmentedRaftLogWorker (SegmentedRaftLogWorker.java:lambda$new$0(135)) - 8742ce53-ec43-4b5d-92fb-ca295b19fdac@group-5EA29D18738C-SegmentedRaftLogWorker: flushIndex: setUnconditionally 0 -> -1
2022-12-15 22:21:54,896 [pool-117-thread-1] INFO  segmented.SegmentedRaftLogWorker (SegmentedRaftLogWorker.java:lambda$new$0(135)) - 8742ce53-ec43-4b5d-92fb-ca295b19fdac@group-5EA29D18738C-SegmentedRaftLogWorker: safeCacheEvictIndex: setUnconditionally 0 -> -1
2022-12-15 22:21:54,897 [pool-117-thread-1] INFO  server.RaftServer$Division (RaftServerImpl.java:start(334)) - 8742ce53-ec43-4b5d-92fb-ca295b19fdac@group-5EA29D18738C: start as a follower, conf=-1: peers:[8742ce53-ec43-4b5d-92fb-ca295b19fdac|rpc:10.1.0.13:44977|priority:1|startupRole:FOLLOWER]|listeners:[], old=null
2022-12-15 22:21:54,897 [pool-117-thread-1] INFO  server.RaftServer$Division (RaftServerImpl.java:setRole(321)) - 8742ce53-ec43-4b5d-92fb-ca295b19fdac@group-5EA29D18738C: changes role from      null to FOLLOWER at term 0 for startAsFollower
2022-12-15 22:21:54,897 [pool-117-thread-1] INFO  impl.RoleInfo (RoleInfo.java:updateAndGet(139)) - 8742ce53-ec43-4b5d-92fb-ca295b19fdac: start 8742ce53-ec43-4b5d-92fb-ca295b19fdac@group-5EA29D18738C-FollowerState
2022-12-15 22:21:54,911 [pool-117-thread-1] INFO  util.JmxRegister (JmxRegister.java:tryRegister(44)) - Successfully registered JMX Bean with object name Ratis:service=RaftServer,group=group-5EA29D18738C,id=8742ce53-ec43-4b5d-92fb-ca295b19fdac
2022-12-15 22:21:54,911 [pool-117-thread-1] INFO  server.RaftServerConfigKeys (ConfUtils.java:logGet(46)) - raft.server.snapshot.auto.trigger.enabled = true (custom)
2022-12-15 22:21:54,911 [pool-117-thread-1] INFO  server.RaftServerConfigKeys (ConfUtils.java:logGet(46)) - raft.server.snapshot.auto.trigger.threshold = 10000 (custom)
2022-12-15 22:21:54,911 [pool-117-thread-1] INFO  server.RaftServerConfigKeys (ConfUtils.java:logGet(46)) - raft.server.snapshot.retention.file.num = 5 (custom)
2022-12-15 22:21:54,911 [pool-117-thread-1] INFO  server.RaftServerConfigKeys (ConfUtils.java:logGet(46)) - raft.server.log.purge.upto.snapshot.index = false (default)
2022-12-15 22:21:54,912 [8742ce53-ec43-4b5d-92fb-ca295b19fdac@group-5EA29D18738C-FollowerState] INFO  server.RaftServerConfigKeys (ConfUtils.java:logFallback(53)) - raft.server.rpc.first-election.timeout.min = 5s (fallback to raft.server.rpc.timeout.min)
2022-12-15 22:21:54,913 [8742ce53-ec43-4b5d-92fb-ca295b19fdac@group-5EA29D18738C-FollowerState] INFO  server.RaftServerConfigKeys (ConfUtils.java:logFallback(53)) - raft.server.rpc.first-election.timeout.max = 5200ms (fallback to raft.server.rpc.timeout.max)
2022-12-15 22:21:54,918 [Command processor thread] INFO  ratis.XceiverServerRatis (XceiverServerRatis.java:addGroup(765)) - Created group PipelineID=06cb33b6-921a-4e91-ac4a-5ea29d18738c
2022-12-15 22:21:54,918 [Command processor thread] INFO  commandhandler.CreatePipelineCommandHandler (CreatePipelineCommandHandler.java:handle(113)) - Created Pipeline RATIS ONE PipelineID=06cb33b6-921a-4e91-ac4a-5ea29d18738c.
2022-12-15 22:21:54,918 [Command processor thread] INFO  server.RaftServer (RaftServerProxy.java:addNew(96)) - 8742ce53-ec43-4b5d-92fb-ca295b19fdac: addNew group-5AB91DFA3848:[e0198350-5a80-4cc9-b4d4-fe7f34161fcd|rpc:10.1.0.13:33167|priority:1|startupRole:FOLLOWER, 8742ce53-ec43-4b5d-92fb-ca295b19fdac|rpc:10.1.0.13:44977|priority:0|startupRole:FOLLOWER, 1e86e54b-7ea4-4ffe-a764-33ccb592660f|rpc:10.1.0.13:45413|priority:0|startupRole:FOLLOWER] returns group-5AB91DFA3848:java.util.concurrent.CompletableFuture@2abfaa36[Not completed]
2022-12-15 22:21:54,920 [pool-117-thread-1] INFO  server.RaftServer$Division (RaftServerImpl.java:<init>(195)) - 8742ce53-ec43-4b5d-92fb-ca295b19fdac: new RaftServerImpl for group-5AB91DFA3848:[e0198350-5a80-4cc9-b4d4-fe7f34161fcd|rpc:10.1.0.13:33167|priority:1|startupRole:FOLLOWER, 8742ce53-ec43-4b5d-92fb-ca295b19fdac|rpc:10.1.0.13:44977|priority:0|startupRole:FOLLOWER, 1e86e54b-7ea4-4ffe-a764-33ccb592660f|rpc:10.1.0.13:45413|priority:0|startupRole:FOLLOWER] with ContainerStateMachine:uninitialized
2022-12-15 22:21:54,920 [pool-117-thread-1] INFO  server.RaftServerConfigKeys (ConfUtils.java:logGet(46)) - raft.server.rpc.timeout.min = 5s (custom)
2022-12-15 22:21:54,920 [pool-117-thread-1] INFO  server.RaftServerConfigKeys (ConfUtils.java:logGet(46)) - raft.server.rpc.timeout.max = 5200ms (custom)
2022-12-15 22:21:54,920 [pool-117-thread-1] INFO  server.RaftServerConfigKeys (ConfUtils.java:logGet(46)) - raft.server.rpc.sleep.time = 25ms (default)
2022-12-15 22:21:54,920 [pool-117-thread-1] INFO  server.RaftServerConfigKeys (ConfUtils.java:logGet(46)) - raft.server.rpc.slowness.timeout = 300s (custom)
2022-12-15 22:21:54,920 [pool-117-thread-1] INFO  server.RaftServerConfigKeys (ConfUtils.java:logGet(46)) - raft.server.leaderelection.leader.step-down.wait-time = 10s (default)
2022-12-15 22:21:54,920 [pool-117-thread-1] INFO  server.RaftServerConfigKeys (ConfUtils.java:logGet(46)) - raft.server.sleep.deviation.threshold = 300ms (default)
2022-12-15 22:21:54,920 [pool-117-thread-1] INFO  server.RaftServer$Division (ServerState.java:<init>(118)) - 8742ce53-ec43-4b5d-92fb-ca295b19fdac@group-5AB91DFA3848: ConfigurationManager, init=-1: peers:[e0198350-5a80-4cc9-b4d4-fe7f34161fcd|rpc:10.1.0.13:33167|priority:1|startupRole:FOLLOWER, 8742ce53-ec43-4b5d-92fb-ca295b19fdac|rpc:10.1.0.13:44977|priority:0|startupRole:FOLLOWER, 1e86e54b-7ea4-4ffe-a764-33ccb592660f|rpc:10.1.0.13:45413|priority:0|startupRole:FOLLOWER]|listeners:[], old=null, confs=<EMPTY_MAP>
2022-12-15 22:21:54,921 [pool-117-thread-1] INFO  server.RaftServerConfigKeys (ConfUtils.java:logGet(46)) - raft.server.storage.dir = [/home/runner/work/ozone/ozone/hadoop-ozone/integration-test/target/test-dir/MiniOzoneClusterImpl-67032562-5e12-4c4f-a5ab-79ddd1e2132c/datanode-2/data/ratis] (custom)
2022-12-15 22:21:54,921 [pool-117-thread-1] INFO  server.RaftServerConfigKeys (ConfUtils.java:logGet(46)) - raft.server.log.corruption.policy = EXCEPTION (default)
2022-12-15 22:21:54,921 [pool-117-thread-1] INFO  server.RaftServerConfigKeys (ConfUtils.java:logGet(46)) - raft.server.storage.free-space.min = 0MB (=0) (default)
2022-12-15 22:21:54,921 [pool-117-thread-1] INFO  server.RaftServerConfigKeys (ConfUtils.java:logGet(46)) - raft.server.notification.no-leader.timeout = 300s (custom)
2022-12-15 22:21:54,921 [pool-117-thread-1] INFO  server.RaftServerConfigKeys (ConfUtils.java:logGet(46)) - raft.server.retrycache.expirytime = 600000ms (custom)
2022-12-15 22:21:54,921 [pool-117-thread-1] INFO  server.RaftServerConfigKeys (ConfUtils.java:logGet(46)) - raft.server.retrycache.statistics.expirytime = 100μs (default)
2022-12-15 22:21:54,931 [pool-117-thread-1] INFO  server.RaftServerConfigKeys (ConfUtils.java:logGet(46)) - raft.server.log.appender.install.snapshot.enabled = false (custom)
2022-12-15 22:21:54,931 [pool-117-thread-1] INFO  server.RaftServerConfigKeys (ConfUtils.java:logGet(46)) - raft.server.threadpool.server.cached = true (default)
2022-12-15 22:21:54,931 [pool-117-thread-1] INFO  server.RaftServerConfigKeys (ConfUtils.java:logGet(46)) - raft.server.threadpool.server.size = 0 (default)
2022-12-15 22:21:54,934 [pool-117-thread-1] INFO  server.RaftServerConfigKeys (ConfUtils.java:logGet(46)) - raft.server.threadpool.client.cached = true (default)
2022-12-15 22:21:54,934 [pool-117-thread-1] INFO  server.RaftServerConfigKeys (ConfUtils.java:logGet(46)) - raft.server.threadpool.client.size = 0 (default)
2022-12-15 22:21:54,934 [pool-117-thread-1] INFO  storage.RaftStorageDirectory (RaftStorageDirectoryImpl.java:analyzeStorage(137)) - The storage directory /home/runner/work/ozone/ozone/hadoop-ozone/integration-test/target/test-dir/MiniOzoneClusterImpl-67032562-5e12-4c4f-a5ab-79ddd1e2132c/datanode-2/data/ratis/4bb29f98-1168-434f-a1c3-5ab91dfa3848 does not exist. Creating ...
2022-12-15 22:21:54,936 [pool-117-thread-1] INFO  storage.RaftStorageDirectory (RaftStorageDirectoryImpl.java:tryLock(231)) - Lock on /home/runner/work/ozone/ozone/hadoop-ozone/integration-test/target/test-dir/MiniOzoneClusterImpl-67032562-5e12-4c4f-a5ab-79ddd1e2132c/datanode-2/data/ratis/4bb29f98-1168-434f-a1c3-5ab91dfa3848/in_use.lock acquired by nodename 2635@fv-az83-67
2022-12-15 22:21:54,943 [pool-117-thread-1] INFO  storage.RaftStorage (RaftStorageImpl.java:format(96)) - Storage directory /home/runner/work/ozone/ozone/hadoop-ozone/integration-test/target/test-dir/MiniOzoneClusterImpl-67032562-5e12-4c4f-a5ab-79ddd1e2132c/datanode-2/data/ratis/4bb29f98-1168-434f-a1c3-5ab91dfa3848 has been successfully formatted.
2022-12-15 22:21:54,943 [pool-117-thread-1] INFO  ratis.ContainerStateMachine (ContainerStateMachine.java:loadSnapshot(236)) - group-5AB91DFA3848: The snapshot info is null. Setting the last applied indexto:(t:0, i:~)
2022-12-15 22:21:54,943 [pool-117-thread-1] INFO  server.RaftServerConfigKeys (ConfUtils.java:logGet(46)) - raft.server.log.use.memory = false (default)
2022-12-15 22:21:54,944 [pool-117-thread-1] INFO  server.RaftServerConfigKeys (ConfUtils.java:logGet(46)) - raft.server.log.purge.gap = 1000000 (custom)
2022-12-15 22:21:54,944 [pool-117-thread-1] INFO  server.RaftServerConfigKeys (ConfUtils.java:logGet(46)) - raft.server.log.appender.buffer.byte-limit = 33554432 (custom)
2022-12-15 22:21:54,944 [pool-117-thread-1] INFO  server.RaftServerConfigKeys (ConfUtils.java:logGet(46)) - raft.server.log.statemachine.data.read.timeout = 1000ms (default)
2022-12-15 22:21:54,944 [pool-117-thread-1] INFO  server.RaftServerConfigKeys (ConfUtils.java:logGet(46)) - raft.server.log.purge.preservation.log.num = 0 (default)
2022-12-15 22:21:54,944 [pool-117-thread-1] INFO  server.RaftServerConfigKeys (ConfUtils.java:logGet(46)) - raft.server.log.segment.size.max = 1048576 (custom)
2022-12-15 22:21:54,945 [pool-117-thread-1] INFO  server.RaftServerConfigKeys (ConfUtils.java:logGet(46)) - raft.server.log.segment.cache.num.max = 2 (custom)
2022-12-15 22:21:54,945 [pool-117-thread-1] INFO  server.RaftServerConfigKeys (ConfUtils.java:logGet(46)) - raft.server.log.segment.cache.size.max = 200MB (=209715200) (default)
2022-12-15 22:21:54,945 [pool-117-thread-1] INFO  segmented.SegmentedRaftLogWorker (SegmentedRaftLogWorker.java:<init>(189)) - new 8742ce53-ec43-4b5d-92fb-ca295b19fdac@group-5AB91DFA3848-SegmentedRaftLogWorker for RaftStorageImpl:Storage Directory /home/runner/work/ozone/ozone/hadoop-ozone/integration-test/target/test-dir/MiniOzoneClusterImpl-67032562-5e12-4c4f-a5ab-79ddd1e2132c/datanode-2/data/ratis/4bb29f98-1168-434f-a1c3-5ab91dfa3848
2022-12-15 22:21:54,945 [pool-117-thread-1] INFO  server.RaftServerConfigKeys (ConfUtils.java:logGet(46)) - raft.server.log.queue.byte-limit = 4294967296 (custom)
2022-12-15 22:21:54,945 [pool-117-thread-1] INFO  server.RaftServerConfigKeys (ConfUtils.java:logGet(46)) - raft.server.log.queue.element-limit = 1024 (custom)
2022-12-15 22:21:54,945 [pool-117-thread-1] INFO  server.RaftServerConfigKeys (ConfUtils.java:logGet(46)) - raft.server.log.segment.size.max = 1048576 (custom)
2022-12-15 22:21:54,945 [pool-117-thread-1] INFO  server.RaftServerConfigKeys (ConfUtils.java:logGet(46)) - raft.server.log.preallocated.size = 16384 (custom)
2022-12-15 22:21:54,945 [pool-117-thread-1] INFO  server.RaftServerConfigKeys (ConfUtils.java:logGet(46)) - raft.server.log.force.sync.num = 128 (default)
2022-12-15 22:21:54,945 [pool-117-thread-1] INFO  server.RaftServerConfigKeys (ConfUtils.java:logGet(46)) - raft.server.log.statemachine.data.sync = true (default)
2022-12-15 22:21:54,946 [pool-117-thread-1] INFO  server.RaftServerConfigKeys (ConfUtils.java:logGet(46)) - raft.server.log.statemachine.data.sync.timeout = 10s (default)
2022-12-15 22:21:54,946 [pool-117-thread-1] INFO  server.RaftServerConfigKeys (ConfUtils.java:logGet(46)) - raft.server.log.statemachine.data.sync.timeout.retry = -1 (default)
2022-12-15 22:21:54,947 [pool-117-thread-1] INFO  server.RaftServerConfigKeys (ConfUtils.java:logGet(46)) - raft.server.log.write.buffer.size = 1048576 (custom)
2022-12-15 22:21:54,948 [pool-117-thread-1] INFO  server.RaftServerConfigKeys (ConfUtils.java:logGet(46)) - raft.server.log.appender.buffer.byte-limit = 33554432 (custom)
2022-12-15 22:21:54,957 [pool-117-thread-1] INFO  server.RaftServerConfigKeys (ConfUtils.java:logGet(46)) - raft.server.log.unsafe-flush.enabled = false (default)
2022-12-15 22:21:54,959 [pool-117-thread-1] INFO  server.RaftServerConfigKeys (ConfUtils.java:logGet(46)) - raft.server.log.async-flush.enabled = false (default)
2022-12-15 22:21:54,959 [pool-117-thread-1] INFO  server.RaftServerConfigKeys (ConfUtils.java:logGet(46)) - raft.server.log.statemachine.data.caching.enabled = true (custom)
2022-12-15 22:21:54,959 [pool-117-thread-1] INFO  segmented.SegmentedRaftLogWorker (SegmentedRaftLogWorker.java:lambda$new$0(135)) - 8742ce53-ec43-4b5d-92fb-ca295b19fdac@group-5AB91DFA3848-SegmentedRaftLogWorker: flushIndex: setUnconditionally 0 -> -1
2022-12-15 22:21:54,959 [pool-117-thread-1] INFO  segmented.SegmentedRaftLogWorker (SegmentedRaftLogWorker.java:lambda$new$0(135)) - 8742ce53-ec43-4b5d-92fb-ca295b19fdac@group-5AB91DFA3848-SegmentedRaftLogWorker: safeCacheEvictIndex: setUnconditionally 0 -> -1
2022-12-15 22:21:54,959 [pool-117-thread-1] INFO  server.RaftServer$Division (RaftServerImpl.java:start(334)) - 8742ce53-ec43-4b5d-92fb-ca295b19fdac@group-5AB91DFA3848: start as a follower, conf=-1: peers:[e0198350-5a80-4cc9-b4d4-fe7f34161fcd|rpc:10.1.0.13:33167|priority:1|startupRole:FOLLOWER, 8742ce53-ec43-4b5d-92fb-ca295b19fdac|rpc:10.1.0.13:44977|priority:0|startupRole:FOLLOWER, 1e86e54b-7ea4-4ffe-a764-33ccb592660f|rpc:10.1.0.13:45413|priority:0|startupRole:FOLLOWER]|listeners:[], old=null
2022-12-15 22:21:54,959 [pool-117-thread-1] INFO  server.RaftServer$Division (RaftServerImpl.java:setRole(321)) - 8742ce53-ec43-4b5d-92fb-ca295b19fdac@group-5AB91DFA3848: changes role from      null to FOLLOWER at term 0 for startAsFollower
2022-12-15 22:21:54,960 [pool-117-thread-1] INFO  impl.RoleInfo (RoleInfo.java:updateAndGet(139)) - 8742ce53-ec43-4b5d-92fb-ca295b19fdac: start 8742ce53-ec43-4b5d-92fb-ca295b19fdac@group-5AB91DFA3848-FollowerState
2022-12-15 22:21:54,960 [EventQueue-CommandQueueReportForCommandQueueReportHandler] WARN  events.EventQueue (EventQueue.java:fireEvent(216)) - No event handler registered for event TypedEvent{payloadType=DatanodeDetails, name='Datanode_Command_Queue_Updated'}
2022-12-15 22:21:54,963 [pool-117-thread-1] INFO  util.JmxRegister (JmxRegister.java:tryRegister(44)) - Successfully registered JMX Bean with object name Ratis:service=RaftServer,group=group-5AB91DFA3848,id=8742ce53-ec43-4b5d-92fb-ca295b19fdac
2022-12-15 22:21:54,965 [pool-117-thread-1] INFO  server.RaftServerConfigKeys (ConfUtils.java:logGet(46)) - raft.server.snapshot.auto.trigger.enabled = true (custom)
2022-12-15 22:21:54,965 [pool-117-thread-1] INFO  server.RaftServerConfigKeys (ConfUtils.java:logGet(46)) - raft.server.snapshot.auto.trigger.threshold = 10000 (custom)
2022-12-15 22:21:54,965 [pool-117-thread-1] INFO  server.RaftServerConfigKeys (ConfUtils.java:logGet(46)) - raft.server.snapshot.retention.file.num = 5 (custom)
2022-12-15 22:21:54,965 [pool-117-thread-1] INFO  server.RaftServerConfigKeys (ConfUtils.java:logGet(46)) - raft.server.log.purge.upto.snapshot.index = false (default)
2022-12-15 22:21:54,960 [EventQueue-OpenPipelineForHealthyPipelineSafeModeRule] INFO  safemode.SCMSafeModeManager (HealthyPipelineSafeModeRule.java:process(137)) - SCM in safe mode. Healthy pipelines reported count is 0, required healthy pipeline reported count is 1
2022-12-15 22:21:54,967 [Command processor thread] INFO  ratis.XceiverServerRatis (XceiverServerRatis.java:addGroup(765)) - Created group PipelineID=4bb29f98-1168-434f-a1c3-5ab91dfa3848
2022-12-15 22:21:54,972 [8742ce53-ec43-4b5d-92fb-ca295b19fdac@group-5AB91DFA3848-FollowerState] INFO  server.RaftServerConfigKeys (ConfUtils.java:logFallback(53)) - raft.server.rpc.first-election.timeout.min = 5s (fallback to raft.server.rpc.timeout.min)
2022-12-15 22:21:54,972 [8742ce53-ec43-4b5d-92fb-ca295b19fdac@group-5AB91DFA3848-FollowerState] INFO  server.RaftServerConfigKeys (ConfUtils.java:logFallback(53)) - raft.server.rpc.first-election.timeout.max = 5200ms (fallback to raft.server.rpc.timeout.max)
2022-12-15 22:21:54,992 [EventQueue-CommandQueueReportForCommandQueueReportHandler] WARN  events.EventQueue (EventQueue.java:fireEvent(216)) - No event handler registered for event TypedEvent{payloadType=DatanodeDetails, name='Datanode_Command_Queue_Updated'}
2022-12-15 22:21:55,161 [Command processor thread] INFO  commandhandler.CreatePipelineCommandHandler (CreatePipelineCommandHandler.java:handle(113)) - Created Pipeline RATIS THREE PipelineID=4bb29f98-1168-434f-a1c3-5ab91dfa3848.
2022-12-15 22:21:55,185 [Command processor thread] INFO  commandhandler.CreatePipelineCommandHandler (CreatePipelineCommandHandler.java:handle(113)) - Created Pipeline RATIS THREE PipelineID=4bb29f98-1168-434f-a1c3-5ab91dfa3848.
2022-12-15 22:21:55,186 [Command processor thread] INFO  commandhandler.CreatePipelineCommandHandler (CreatePipelineCommandHandler.java:handle(113)) - Created Pipeline RATIS THREE PipelineID=4bb29f98-1168-434f-a1c3-5ab91dfa3848.
2022-12-15 22:21:55,210 [ReplicationMonitor] INFO  replication.ReplicationManager (ReplicationManager.java:processAll(327)) - Replication Manager is not ready to run until 3000ms after safemode exit
2022-12-15 22:21:55,222 [EventQueue-CommandQueueReportForCommandQueueReportHandler] WARN  events.EventQueue (EventQueue.java:fireEvent(216)) - No event handler registered for event TypedEvent{payloadType=DatanodeDetails, name='Datanode_Command_Queue_Updated'}
2022-12-15 22:21:55,269 [Command processor thread] INFO  server.RaftServer (RaftServerProxy.java:addNew(96)) - 36e1593a-57cf-42fc-9e99-3bc8e6c88ec2: addNew group-A62F8BB22E68:[36e1593a-57cf-42fc-9e99-3bc8e6c88ec2|rpc:10.1.0.13:46439|priority:1|startupRole:FOLLOWER] returns group-A62F8BB22E68:java.util.concurrent.CompletableFuture@14b2efb2[Not completed]
2022-12-15 22:21:55,275 [EventQueue-CommandQueueReportForCommandQueueReportHandler] WARN  events.EventQueue (EventQueue.java:fireEvent(216)) - No event handler registered for event TypedEvent{payloadType=DatanodeDetails, name='Datanode_Command_Queue_Updated'}
2022-12-15 22:21:55,276 [pool-140-thread-1] INFO  server.RaftServer$Division (RaftServerImpl.java:<init>(195)) - 36e1593a-57cf-42fc-9e99-3bc8e6c88ec2: new RaftServerImpl for group-A62F8BB22E68:[36e1593a-57cf-42fc-9e99-3bc8e6c88ec2|rpc:10.1.0.13:46439|priority:1|startupRole:FOLLOWER] with ContainerStateMachine:uninitialized
2022-12-15 22:21:55,277 [pool-140-thread-1] INFO  server.RaftServerConfigKeys (ConfUtils.java:logGet(46)) - raft.server.rpc.timeout.min = 5s (custom)
2022-12-15 22:21:55,277 [pool-140-thread-1] INFO  server.RaftServerConfigKeys (ConfUtils.java:logGet(46)) - raft.server.rpc.timeout.max = 5200ms (custom)
2022-12-15 22:21:55,277 [pool-140-thread-1] INFO  server.RaftServerConfigKeys (ConfUtils.java:logGet(46)) - raft.server.rpc.sleep.time = 25ms (default)
2022-12-15 22:21:55,277 [pool-140-thread-1] INFO  server.RaftServerConfigKeys (ConfUtils.java:logGet(46)) - raft.server.rpc.slowness.timeout = 300s (custom)
2022-12-15 22:21:55,278 [pool-140-thread-1] INFO  server.RaftServerConfigKeys (ConfUtils.java:logGet(46)) - raft.server.leaderelection.leader.step-down.wait-time = 10s (default)
2022-12-15 22:21:55,278 [pool-140-thread-1] INFO  server.RaftServerConfigKeys (ConfUtils.java:logGet(46)) - raft.server.sleep.deviation.threshold = 300ms (default)
2022-12-15 22:21:55,278 [pool-140-thread-1] INFO  server.RaftServer$Division (ServerState.java:<init>(118)) - 36e1593a-57cf-42fc-9e99-3bc8e6c88ec2@group-A62F8BB22E68: ConfigurationManager, init=-1: peers:[36e1593a-57cf-42fc-9e99-3bc8e6c88ec2|rpc:10.1.0.13:46439|priority:1|startupRole:FOLLOWER]|listeners:[], old=null, confs=<EMPTY_MAP>
2022-12-15 22:21:55,278 [pool-140-thread-1] INFO  server.RaftServerConfigKeys (ConfUtils.java:logGet(46)) - raft.server.storage.dir = [/home/runner/work/ozone/ozone/hadoop-ozone/integration-test/target/test-dir/MiniOzoneClusterImpl-67032562-5e12-4c4f-a5ab-79ddd1e2132c/datanode-3/data/ratis] (custom)
2022-12-15 22:21:55,279 [pool-140-thread-1] INFO  server.RaftServerConfigKeys (ConfUtils.java:logGet(46)) - raft.server.log.corruption.policy = EXCEPTION (default)
2022-12-15 22:21:55,279 [pool-140-thread-1] INFO  server.RaftServerConfigKeys (ConfUtils.java:logGet(46)) - raft.server.storage.free-space.min = 0MB (=0) (default)
2022-12-15 22:21:55,279 [pool-140-thread-1] INFO  server.RaftServerConfigKeys (ConfUtils.java:logGet(46)) - raft.server.notification.no-leader.timeout = 300s (custom)
2022-12-15 22:21:55,279 [pool-140-thread-1] INFO  server.RaftServerConfigKeys (ConfUtils.java:logGet(46)) - raft.server.retrycache.expirytime = 600000ms (custom)
2022-12-15 22:21:55,279 [pool-140-thread-1] INFO  server.RaftServerConfigKeys (ConfUtils.java:logGet(46)) - raft.server.retrycache.statistics.expirytime = 100μs (default)
2022-12-15 22:21:55,283 [pool-140-thread-1] INFO  server.RaftServerConfigKeys (ConfUtils.java:logGet(46)) - raft.server.log.appender.install.snapshot.enabled = false (custom)
2022-12-15 22:21:55,283 [pool-140-thread-1] INFO  server.RaftServerConfigKeys (ConfUtils.java:logGet(46)) - raft.server.threadpool.server.cached = true (default)
2022-12-15 22:21:55,283 [pool-140-thread-1] INFO  server.RaftServerConfigKeys (ConfUtils.java:logGet(46)) - raft.server.threadpool.server.size = 0 (default)
2022-12-15 22:21:55,283 [pool-140-thread-1] INFO  server.RaftServerConfigKeys (ConfUtils.java:logGet(46)) - raft.server.threadpool.client.cached = true (default)
2022-12-15 22:21:55,283 [pool-140-thread-1] INFO  server.RaftServerConfigKeys (ConfUtils.java:logGet(46)) - raft.server.threadpool.client.size = 0 (default)
2022-12-15 22:21:55,283 [pool-140-thread-1] INFO  storage.RaftStorageDirectory (RaftStorageDirectoryImpl.java:analyzeStorage(137)) - The storage directory /home/runner/work/ozone/ozone/hadoop-ozone/integration-test/target/test-dir/MiniOzoneClusterImpl-67032562-5e12-4c4f-a5ab-79ddd1e2132c/datanode-3/data/ratis/658a3268-a310-4b39-ab33-a62f8bb22e68 does not exist. Creating ...
2022-12-15 22:21:55,286 [pool-140-thread-1] INFO  storage.RaftStorageDirectory (RaftStorageDirectoryImpl.java:tryLock(231)) - Lock on /home/runner/work/ozone/ozone/hadoop-ozone/integration-test/target/test-dir/MiniOzoneClusterImpl-67032562-5e12-4c4f-a5ab-79ddd1e2132c/datanode-3/data/ratis/658a3268-a310-4b39-ab33-a62f8bb22e68/in_use.lock acquired by nodename 2635@fv-az83-67
2022-12-15 22:21:55,289 [pool-140-thread-1] INFO  storage.RaftStorage (RaftStorageImpl.java:format(96)) - Storage directory /home/runner/work/ozone/ozone/hadoop-ozone/integration-test/target/test-dir/MiniOzoneClusterImpl-67032562-5e12-4c4f-a5ab-79ddd1e2132c/datanode-3/data/ratis/658a3268-a310-4b39-ab33-a62f8bb22e68 has been successfully formatted.
2022-12-15 22:21:55,290 [pool-140-thread-1] INFO  ratis.ContainerStateMachine (ContainerStateMachine.java:loadSnapshot(236)) - group-A62F8BB22E68: The snapshot info is null. Setting the last applied indexto:(t:0, i:~)
2022-12-15 22:21:55,290 [pool-140-thread-1] INFO  server.RaftServerConfigKeys (ConfUtils.java:logGet(46)) - raft.server.log.use.memory = false (default)
2022-12-15 22:21:55,290 [pool-140-thread-1] INFO  server.RaftServerConfigKeys (ConfUtils.java:logGet(46)) - raft.server.log.purge.gap = 1000000 (custom)
2022-12-15 22:21:55,290 [pool-140-thread-1] INFO  server.RaftServerConfigKeys (ConfUtils.java:logGet(46)) - raft.server.log.appender.buffer.byte-limit = 33554432 (custom)
2022-12-15 22:21:55,290 [pool-140-thread-1] INFO  server.RaftServerConfigKeys (ConfUtils.java:logGet(46)) - raft.server.log.statemachine.data.read.timeout = 1000ms (default)
2022-12-15 22:21:55,290 [pool-140-thread-1] INFO  server.RaftServerConfigKeys (ConfUtils.java:logGet(46)) - raft.server.log.purge.preservation.log.num = 0 (default)
2022-12-15 22:21:55,291 [pool-140-thread-1] INFO  server.RaftServerConfigKeys (ConfUtils.java:logGet(46)) - raft.server.log.segment.size.max = 1048576 (custom)
2022-12-15 22:21:55,293 [EventQueue-PipelineReportForPipelineReportHandler] INFO  pipeline.PipelineManagerImpl (PipelineManagerImpl.java:openPipeline(367)) - Pipeline Pipeline[ Id: 658a3268-a310-4b39-ab33-a62f8bb22e68, Nodes: 36e1593a-57cf-42fc-9e99-3bc8e6c88ec2{ip: 10.1.0.13, host: fv-az83-67.pawgbth4qraerhbqawdeo1jfng.dx.internal.cloudapp.net, ports: [REPLICATION=36657, RATIS=46439, RATIS_ADMIN=46439, RATIS_SERVER=46439, STANDALONE=39281], networkLocation: /default-rack, certSerialId: null, persistedOpState: IN_SERVICE, persistedOpStateExpiryEpochSec: 0}, ReplicationConfig: RATIS/ONE, State:ALLOCATED, leaderId:36e1593a-57cf-42fc-9e99-3bc8e6c88ec2, CreationTimestamp2022-12-15T22:21:52.273Z[Etc/UTC]] moved to OPEN state
2022-12-15 22:21:55,293 [EventQueue-CommandQueueReportForCommandQueueReportHandler] WARN  events.EventQueue (EventQueue.java:fireEvent(216)) - No event handler registered for event TypedEvent{payloadType=DatanodeDetails, name='Datanode_Command_Queue_Updated'}
2022-12-15 22:21:55,294 [EventQueue-OpenPipelineForHealthyPipelineSafeModeRule] INFO  safemode.SCMSafeModeManager (HealthyPipelineSafeModeRule.java:process(137)) - SCM in safe mode. Healthy pipelines reported count is 0, required healthy pipeline reported count is 1
2022-12-15 22:21:55,296 [pool-140-thread-1] INFO  server.RaftServerConfigKeys (ConfUtils.java:logGet(46)) - raft.server.log.segment.cache.num.max = 2 (custom)
2022-12-15 22:21:55,297 [pool-140-thread-1] INFO  server.RaftServerConfigKeys (ConfUtils.java:logGet(46)) - raft.server.log.segment.cache.size.max = 200MB (=209715200) (default)
2022-12-15 22:21:55,297 [pool-140-thread-1] INFO  segmented.SegmentedRaftLogWorker (SegmentedRaftLogWorker.java:<init>(189)) - new 36e1593a-57cf-42fc-9e99-3bc8e6c88ec2@group-A62F8BB22E68-SegmentedRaftLogWorker for RaftStorageImpl:Storage Directory /home/runner/work/ozone/ozone/hadoop-ozone/integration-test/target/test-dir/MiniOzoneClusterImpl-67032562-5e12-4c4f-a5ab-79ddd1e2132c/datanode-3/data/ratis/658a3268-a310-4b39-ab33-a62f8bb22e68
2022-12-15 22:21:55,297 [pool-140-thread-1] INFO  server.RaftServerConfigKeys (ConfUtils.java:logGet(46)) - raft.server.log.queue.byte-limit = 4294967296 (custom)
2022-12-15 22:21:55,297 [pool-140-thread-1] INFO  server.RaftServerConfigKeys (ConfUtils.java:logGet(46)) - raft.server.log.queue.element-limit = 1024 (custom)
2022-12-15 22:21:55,297 [pool-140-thread-1] INFO  server.RaftServerConfigKeys (ConfUtils.java:logGet(46)) - raft.server.log.segment.size.max = 1048576 (custom)
2022-12-15 22:21:55,297 [pool-140-thread-1] INFO  server.RaftServerConfigKeys (ConfUtils.java:logGet(46)) - raft.server.log.preallocated.size = 16384 (custom)
2022-12-15 22:21:55,297 [pool-140-thread-1] INFO  server.RaftServerConfigKeys (ConfUtils.java:logGet(46)) - raft.server.log.force.sync.num = 128 (default)
2022-12-15 22:21:55,297 [pool-140-thread-1] INFO  server.RaftServerConfigKeys (ConfUtils.java:logGet(46)) - raft.server.log.statemachine.data.sync = true (default)
2022-12-15 22:21:55,298 [pool-140-thread-1] INFO  server.RaftServerConfigKeys (ConfUtils.java:logGet(46)) - raft.server.log.statemachine.data.sync.timeout = 10s (default)
2022-12-15 22:21:55,298 [pool-140-thread-1] INFO  server.RaftServerConfigKeys (ConfUtils.java:logGet(46)) - raft.server.log.statemachine.data.sync.timeout.retry = -1 (default)
2022-12-15 22:21:55,300 [pool-140-thread-1] INFO  server.RaftServerConfigKeys (ConfUtils.java:logGet(46)) - raft.server.log.write.buffer.size = 1048576 (custom)
2022-12-15 22:21:55,300 [pool-140-thread-1] INFO  server.RaftServerConfigKeys (ConfUtils.java:logGet(46)) - raft.server.log.appender.buffer.byte-limit = 33554432 (custom)
2022-12-15 22:21:55,307 [pool-140-thread-1] INFO  server.RaftServerConfigKeys (ConfUtils.java:logGet(46)) - raft.server.log.unsafe-flush.enabled = false (default)
2022-12-15 22:21:55,307 [pool-140-thread-1] INFO  server.RaftServerConfigKeys (ConfUtils.java:logGet(46)) - raft.server.log.async-flush.enabled = false (default)
2022-12-15 22:21:55,307 [pool-140-thread-1] INFO  server.RaftServerConfigKeys (ConfUtils.java:logGet(46)) - raft.server.log.statemachine.data.caching.enabled = true (custom)
2022-12-15 22:21:55,308 [pool-140-thread-1] INFO  segmented.SegmentedRaftLogWorker (SegmentedRaftLogWorker.java:lambda$new$0(135)) - 36e1593a-57cf-42fc-9e99-3bc8e6c88ec2@group-A62F8BB22E68-SegmentedRaftLogWorker: flushIndex: setUnconditionally 0 -> -1
2022-12-15 22:21:55,308 [pool-140-thread-1] INFO  segmented.SegmentedRaftLogWorker (SegmentedRaftLogWorker.java:lambda$new$0(135)) - 36e1593a-57cf-42fc-9e99-3bc8e6c88ec2@group-A62F8BB22E68-SegmentedRaftLogWorker: safeCacheEvictIndex: setUnconditionally 0 -> -1
2022-12-15 22:21:55,308 [pool-140-thread-1] INFO  server.RaftServer$Division (RaftServerImpl.java:start(334)) - 36e1593a-57cf-42fc-9e99-3bc8e6c88ec2@group-A62F8BB22E68: start as a follower, conf=-1: peers:[36e1593a-57cf-42fc-9e99-3bc8e6c88ec2|rpc:10.1.0.13:46439|priority:1|startupRole:FOLLOWER]|listeners:[], old=null
2022-12-15 22:21:55,308 [pool-140-thread-1] INFO  server.RaftServer$Division (RaftServerImpl.java:setRole(321)) - 36e1593a-57cf-42fc-9e99-3bc8e6c88ec2@group-A62F8BB22E68: changes role from      null to FOLLOWER at term 0 for startAsFollower
2022-12-15 22:21:55,309 [pool-140-thread-1] INFO  impl.RoleInfo (RoleInfo.java:updateAndGet(139)) - 36e1593a-57cf-42fc-9e99-3bc8e6c88ec2: start 36e1593a-57cf-42fc-9e99-3bc8e6c88ec2@group-A62F8BB22E68-FollowerState
2022-12-15 22:21:55,309 [pool-140-thread-1] INFO  util.JmxRegister (JmxRegister.java:tryRegister(44)) - Successfully registered JMX Bean with object name Ratis:service=RaftServer,group=group-A62F8BB22E68,id=36e1593a-57cf-42fc-9e99-3bc8e6c88ec2
2022-12-15 22:21:55,309 [pool-140-thread-1] INFO  server.RaftServerConfigKeys (ConfUtils.java:logGet(46)) - raft.server.snapshot.auto.trigger.enabled = true (custom)
2022-12-15 22:21:55,309 [pool-140-thread-1] INFO  server.RaftServerConfigKeys (ConfUtils.java:logGet(46)) - raft.server.snapshot.auto.trigger.threshold = 10000 (custom)
2022-12-15 22:21:55,309 [pool-140-thread-1] INFO  server.RaftServerConfigKeys (ConfUtils.java:logGet(46)) - raft.server.snapshot.retention.file.num = 5 (custom)
2022-12-15 22:21:55,309 [pool-140-thread-1] INFO  server.RaftServerConfigKeys (ConfUtils.java:logGet(46)) - raft.server.log.purge.upto.snapshot.index = false (default)
2022-12-15 22:21:55,311 [36e1593a-57cf-42fc-9e99-3bc8e6c88ec2@group-A62F8BB22E68-FollowerState] INFO  server.RaftServerConfigKeys (ConfUtils.java:logFallback(53)) - raft.server.rpc.first-election.timeout.min = 5s (fallback to raft.server.rpc.timeout.min)
2022-12-15 22:21:55,311 [36e1593a-57cf-42fc-9e99-3bc8e6c88ec2@group-A62F8BB22E68-FollowerState] INFO  server.RaftServerConfigKeys (ConfUtils.java:logFallback(53)) - raft.server.rpc.first-election.timeout.max = 5200ms (fallback to raft.server.rpc.timeout.max)
2022-12-15 22:21:55,311 [Command processor thread] INFO  ratis.XceiverServerRatis (XceiverServerRatis.java:addGroup(765)) - Created group PipelineID=658a3268-a310-4b39-ab33-a62f8bb22e68
2022-12-15 22:21:55,311 [Command processor thread] INFO  commandhandler.CreatePipelineCommandHandler (CreatePipelineCommandHandler.java:handle(113)) - Created Pipeline RATIS ONE PipelineID=658a3268-a310-4b39-ab33-a62f8bb22e68.
2022-12-15 22:21:55,312 [Command processor thread] INFO  server.RaftServer (RaftServerProxy.java:addNew(96)) - 36e1593a-57cf-42fc-9e99-3bc8e6c88ec2: addNew group-D5DD31449DCD:[9af99ef4-a70d-4375-9c0d-594670c86eaa|rpc:10.1.0.13:37969|priority:0|startupRole:FOLLOWER, 36e1593a-57cf-42fc-9e99-3bc8e6c88ec2|rpc:10.1.0.13:46439|priority:0|startupRole:FOLLOWER, c0e45f45-48a3-418c-b3ac-112e0491709c|rpc:10.1.0.13:40363|priority:1|startupRole:FOLLOWER] returns group-D5DD31449DCD:java.util.concurrent.CompletableFuture@108d69fc[Not completed]
2022-12-15 22:21:55,313 [pool-140-thread-1] INFO  server.RaftServer$Division (RaftServerImpl.java:<init>(195)) - 36e1593a-57cf-42fc-9e99-3bc8e6c88ec2: new RaftServerImpl for group-D5DD31449DCD:[9af99ef4-a70d-4375-9c0d-594670c86eaa|rpc:10.1.0.13:37969|priority:0|startupRole:FOLLOWER, 36e1593a-57cf-42fc-9e99-3bc8e6c88ec2|rpc:10.1.0.13:46439|priority:0|startupRole:FOLLOWER, c0e45f45-48a3-418c-b3ac-112e0491709c|rpc:10.1.0.13:40363|priority:1|startupRole:FOLLOWER] with ContainerStateMachine:uninitialized
2022-12-15 22:21:55,313 [pool-140-thread-1] INFO  server.RaftServerConfigKeys (ConfUtils.java:logGet(46)) - raft.server.rpc.timeout.min = 5s (custom)
2022-12-15 22:21:55,313 [pool-140-thread-1] INFO  server.RaftServerConfigKeys (ConfUtils.java:logGet(46)) - raft.server.rpc.timeout.max = 5200ms (custom)
2022-12-15 22:21:55,313 [pool-140-thread-1] INFO  server.RaftServerConfigKeys (ConfUtils.java:logGet(46)) - raft.server.rpc.sleep.time = 25ms (default)
2022-12-15 22:21:55,313 [pool-140-thread-1] INFO  server.RaftServerConfigKeys (ConfUtils.java:logGet(46)) - raft.server.rpc.slowness.timeout = 300s (custom)
2022-12-15 22:21:55,313 [pool-140-thread-1] INFO  server.RaftServerConfigKeys (ConfUtils.java:logGet(46)) - raft.server.leaderelection.leader.step-down.wait-time = 10s (default)
2022-12-15 22:21:55,314 [pool-140-thread-1] INFO  server.RaftServerConfigKeys (ConfUtils.java:logGet(46)) - raft.server.sleep.deviation.threshold = 300ms (default)
2022-12-15 22:21:55,314 [pool-140-thread-1] INFO  server.RaftServer$Division (ServerState.java:<init>(118)) - 36e1593a-57cf-42fc-9e99-3bc8e6c88ec2@group-D5DD31449DCD: ConfigurationManager, init=-1: peers:[9af99ef4-a70d-4375-9c0d-594670c86eaa|rpc:10.1.0.13:37969|priority:0|startupRole:FOLLOWER, 36e1593a-57cf-42fc-9e99-3bc8e6c88ec2|rpc:10.1.0.13:46439|priority:0|startupRole:FOLLOWER, c0e45f45-48a3-418c-b3ac-112e0491709c|rpc:10.1.0.13:40363|priority:1|startupRole:FOLLOWER]|listeners:[], old=null, confs=<EMPTY_MAP>
2022-12-15 22:21:55,314 [pool-140-thread-1] INFO  server.RaftServerConfigKeys (ConfUtils.java:logGet(46)) - raft.server.storage.dir = [/home/runner/work/ozone/ozone/hadoop-ozone/integration-test/target/test-dir/MiniOzoneClusterImpl-67032562-5e12-4c4f-a5ab-79ddd1e2132c/datanode-3/data/ratis] (custom)
2022-12-15 22:21:55,314 [pool-140-thread-1] INFO  server.RaftServerConfigKeys (ConfUtils.java:logGet(46)) - raft.server.log.corruption.policy = EXCEPTION (default)
2022-12-15 22:21:55,314 [pool-140-thread-1] INFO  server.RaftServerConfigKeys (ConfUtils.java:logGet(46)) - raft.server.storage.free-space.min = 0MB (=0) (default)
2022-12-15 22:21:55,314 [pool-140-thread-1] INFO  server.RaftServerConfigKeys (ConfUtils.java:logGet(46)) - raft.server.notification.no-leader.timeout = 300s (custom)
2022-12-15 22:21:55,314 [pool-140-thread-1] INFO  server.RaftServerConfigKeys (ConfUtils.java:logGet(46)) - raft.server.retrycache.expirytime = 600000ms (custom)
2022-12-15 22:21:55,314 [pool-140-thread-1] INFO  server.RaftServerConfigKeys (ConfUtils.java:logGet(46)) - raft.server.retrycache.statistics.expirytime = 100μs (default)
2022-12-15 22:21:55,316 [pool-140-thread-1] INFO  server.RaftServerConfigKeys (ConfUtils.java:logGet(46)) - raft.server.log.appender.install.snapshot.enabled = false (custom)
2022-12-15 22:21:55,316 [pool-140-thread-1] INFO  server.RaftServerConfigKeys (ConfUtils.java:logGet(46)) - raft.server.threadpool.server.cached = true (default)
2022-12-15 22:21:55,317 [pool-140-thread-1] INFO  server.RaftServerConfigKeys (ConfUtils.java:logGet(46)) - raft.server.threadpool.server.size = 0 (default)
2022-12-15 22:21:55,317 [pool-140-thread-1] INFO  server.RaftServerConfigKeys (ConfUtils.java:logGet(46)) - raft.server.threadpool.client.cached = true (default)
2022-12-15 22:21:55,317 [pool-140-thread-1] INFO  server.RaftServerConfigKeys (ConfUtils.java:logGet(46)) - raft.server.threadpool.client.size = 0 (default)
2022-12-15 22:21:55,317 [pool-140-thread-1] INFO  storage.RaftStorageDirectory (RaftStorageDirectoryImpl.java:analyzeStorage(137)) - The storage directory /home/runner/work/ozone/ozone/hadoop-ozone/integration-test/target/test-dir/MiniOzoneClusterImpl-67032562-5e12-4c4f-a5ab-79ddd1e2132c/datanode-3/data/ratis/e4f8cbde-cbfa-4a3d-9a7a-d5dd31449dcd does not exist. Creating ...
2022-12-15 22:21:55,319 [pool-140-thread-1] INFO  storage.RaftStorageDirectory (RaftStorageDirectoryImpl.java:tryLock(231)) - Lock on /home/runner/work/ozone/ozone/hadoop-ozone/integration-test/target/test-dir/MiniOzoneClusterImpl-67032562-5e12-4c4f-a5ab-79ddd1e2132c/datanode-3/data/ratis/e4f8cbde-cbfa-4a3d-9a7a-d5dd31449dcd/in_use.lock acquired by nodename 2635@fv-az83-67
2022-12-15 22:21:55,322 [pool-140-thread-1] INFO  storage.RaftStorage (RaftStorageImpl.java:format(96)) - Storage directory /home/runner/work/ozone/ozone/hadoop-ozone/integration-test/target/test-dir/MiniOzoneClusterImpl-67032562-5e12-4c4f-a5ab-79ddd1e2132c/datanode-3/data/ratis/e4f8cbde-cbfa-4a3d-9a7a-d5dd31449dcd has been successfully formatted.
2022-12-15 22:21:55,323 [pool-140-thread-1] INFO  ratis.ContainerStateMachine (ContainerStateMachine.java:loadSnapshot(236)) - group-D5DD31449DCD: The snapshot info is null. Setting the last applied indexto:(t:0, i:~)
2022-12-15 22:21:55,323 [pool-140-thread-1] INFO  server.RaftServerConfigKeys (ConfUtils.java:logGet(46)) - raft.server.log.use.memory = false (default)
2022-12-15 22:21:55,323 [pool-140-thread-1] INFO  server.RaftServerConfigKeys (ConfUtils.java:logGet(46)) - raft.server.log.purge.gap = 1000000 (custom)
2022-12-15 22:21:55,323 [pool-140-thread-1] INFO  server.RaftServerConfigKeys (ConfUtils.java:logGet(46)) - raft.server.log.appender.buffer.byte-limit = 33554432 (custom)
2022-12-15 22:21:55,323 [pool-140-thread-1] INFO  server.RaftServerConfigKeys (ConfUtils.java:logGet(46)) - raft.server.log.statemachine.data.read.timeout = 1000ms (default)
2022-12-15 22:21:55,323 [pool-140-thread-1] INFO  server.RaftServerConfigKeys (ConfUtils.java:logGet(46)) - raft.server.log.purge.preservation.log.num = 0 (default)
2022-12-15 22:21:55,324 [pool-140-thread-1] INFO  server.RaftServerConfigKeys (ConfUtils.java:logGet(46)) - raft.server.log.segment.size.max = 1048576 (custom)
2022-12-15 22:21:55,326 [pool-140-thread-1] INFO  server.RaftServerConfigKeys (ConfUtils.java:logGet(46)) - raft.server.log.segment.cache.num.max = 2 (custom)
2022-12-15 22:21:55,326 [pool-140-thread-1] INFO  server.RaftServerConfigKeys (ConfUtils.java:logGet(46)) - raft.server.log.segment.cache.size.max = 200MB (=209715200) (default)
2022-12-15 22:21:55,326 [pool-140-thread-1] INFO  segmented.SegmentedRaftLogWorker (SegmentedRaftLogWorker.java:<init>(189)) - new 36e1593a-57cf-42fc-9e99-3bc8e6c88ec2@group-D5DD31449DCD-SegmentedRaftLogWorker for RaftStorageImpl:Storage Directory /home/runner/work/ozone/ozone/hadoop-ozone/integration-test/target/test-dir/MiniOzoneClusterImpl-67032562-5e12-4c4f-a5ab-79ddd1e2132c/datanode-3/data/ratis/e4f8cbde-cbfa-4a3d-9a7a-d5dd31449dcd
2022-12-15 22:21:55,326 [pool-140-thread-1] INFO  server.RaftServerConfigKeys (ConfUtils.java:logGet(46)) - raft.server.log.queue.byte-limit = 4294967296 (custom)
2022-12-15 22:21:55,326 [EventQueue-CommandQueueReportForCommandQueueReportHandler] WARN  events.EventQueue (EventQueue.java:fireEvent(216)) - No event handler registered for event TypedEvent{payloadType=DatanodeDetails, name='Datanode_Command_Queue_Updated'}
2022-12-15 22:21:55,326 [EventQueue-OpenPipelineForHealthyPipelineSafeModeRule] INFO  safemode.SCMSafeModeManager (HealthyPipelineSafeModeRule.java:process(137)) - SCM in safe mode. Healthy pipelines reported count is 0, required healthy pipeline reported count is 1
2022-12-15 22:21:55,326 [pool-140-thread-1] INFO  server.RaftServerConfigKeys (ConfUtils.java:logGet(46)) - raft.server.log.queue.element-limit = 1024 (custom)
2022-12-15 22:21:55,327 [pool-140-thread-1] INFO  server.RaftServerConfigKeys (ConfUtils.java:logGet(46)) - raft.server.log.segment.size.max = 1048576 (custom)
2022-12-15 22:21:55,328 [pool-140-thread-1] INFO  server.RaftServerConfigKeys (ConfUtils.java:logGet(46)) - raft.server.log.preallocated.size = 16384 (custom)
2022-12-15 22:21:55,328 [pool-140-thread-1] INFO  server.RaftServerConfigKeys (ConfUtils.java:logGet(46)) - raft.server.log.force.sync.num = 128 (default)
2022-12-15 22:21:55,328 [pool-140-thread-1] INFO  server.RaftServerConfigKeys (ConfUtils.java:logGet(46)) - raft.server.log.statemachine.data.sync = true (default)
2022-12-15 22:21:55,328 [pool-140-thread-1] INFO  server.RaftServerConfigKeys (ConfUtils.java:logGet(46)) - raft.server.log.statemachine.data.sync.timeout = 10s (default)
2022-12-15 22:21:55,328 [pool-140-thread-1] INFO  server.RaftServerConfigKeys (ConfUtils.java:logGet(46)) - raft.server.log.statemachine.data.sync.timeout.retry = -1 (default)
2022-12-15 22:21:55,330 [pool-140-thread-1] INFO  server.RaftServerConfigKeys (ConfUtils.java:logGet(46)) - raft.server.log.write.buffer.size = 1048576 (custom)
2022-12-15 22:21:55,330 [pool-140-thread-1] INFO  server.RaftServerConfigKeys (ConfUtils.java:logGet(46)) - raft.server.log.appender.buffer.byte-limit = 33554432 (custom)
2022-12-15 22:21:55,337 [pool-140-thread-1] INFO  server.RaftServerConfigKeys (ConfUtils.java:logGet(46)) - raft.server.log.unsafe-flush.enabled = false (default)
2022-12-15 22:21:55,337 [pool-140-thread-1] INFO  server.RaftServerConfigKeys (ConfUtils.java:logGet(46)) - raft.server.log.async-flush.enabled = false (default)
2022-12-15 22:21:55,337 [pool-140-thread-1] INFO  server.RaftServerConfigKeys (ConfUtils.java:logGet(46)) - raft.server.log.statemachine.data.caching.enabled = true (custom)
2022-12-15 22:21:55,337 [pool-140-thread-1] INFO  segmented.SegmentedRaftLogWorker (SegmentedRaftLogWorker.java:lambda$new$0(135)) - 36e1593a-57cf-42fc-9e99-3bc8e6c88ec2@group-D5DD31449DCD-SegmentedRaftLogWorker: flushIndex: setUnconditionally 0 -> -1
2022-12-15 22:21:55,338 [pool-140-thread-1] INFO  segmented.SegmentedRaftLogWorker (SegmentedRaftLogWorker.java:lambda$new$0(135)) - 36e1593a-57cf-42fc-9e99-3bc8e6c88ec2@group-D5DD31449DCD-SegmentedRaftLogWorker: safeCacheEvictIndex: setUnconditionally 0 -> -1
2022-12-15 22:21:55,338 [pool-140-thread-1] INFO  server.RaftServer$Division (RaftServerImpl.java:start(334)) - 36e1593a-57cf-42fc-9e99-3bc8e6c88ec2@group-D5DD31449DCD: start as a follower, conf=-1: peers:[9af99ef4-a70d-4375-9c0d-594670c86eaa|rpc:10.1.0.13:37969|priority:0|startupRole:FOLLOWER, 36e1593a-57cf-42fc-9e99-3bc8e6c88ec2|rpc:10.1.0.13:46439|priority:0|startupRole:FOLLOWER, c0e45f45-48a3-418c-b3ac-112e0491709c|rpc:10.1.0.13:40363|priority:1|startupRole:FOLLOWER]|listeners:[], old=null
2022-12-15 22:21:55,338 [pool-140-thread-1] INFO  server.RaftServer$Division (RaftServerImpl.java:setRole(321)) - 36e1593a-57cf-42fc-9e99-3bc8e6c88ec2@group-D5DD31449DCD: changes role from      null to FOLLOWER at term 0 for startAsFollower
2022-12-15 22:21:55,338 [pool-140-thread-1] INFO  impl.RoleInfo (RoleInfo.java:updateAndGet(139)) - 36e1593a-57cf-42fc-9e99-3bc8e6c88ec2: start 36e1593a-57cf-42fc-9e99-3bc8e6c88ec2@group-D5DD31449DCD-FollowerState
2022-12-15 22:21:55,339 [36e1593a-57cf-42fc-9e99-3bc8e6c88ec2@group-D5DD31449DCD-FollowerState] INFO  server.RaftServerConfigKeys (ConfUtils.java:logFallback(53)) - raft.server.rpc.first-election.timeout.min = 5s (fallback to raft.server.rpc.timeout.min)
2022-12-15 22:21:55,339 [pool-140-thread-1] INFO  util.JmxRegister (JmxRegister.java:tryRegister(44)) - Successfully registered JMX Bean with object name Ratis:service=RaftServer,group=group-D5DD31449DCD,id=36e1593a-57cf-42fc-9e99-3bc8e6c88ec2
2022-12-15 22:21:55,339 [36e1593a-57cf-42fc-9e99-3bc8e6c88ec2@group-D5DD31449DCD-FollowerState] INFO  server.RaftServerConfigKeys (ConfUtils.java:logFallback(53)) - raft.server.rpc.first-election.timeout.max = 5200ms (fallback to raft.server.rpc.timeout.max)
2022-12-15 22:21:55,339 [pool-140-thread-1] INFO  server.RaftServerConfigKeys (ConfUtils.java:logGet(46)) - raft.server.snapshot.auto.trigger.enabled = true (custom)
2022-12-15 22:21:55,339 [pool-140-thread-1] INFO  server.RaftServerConfigKeys (ConfUtils.java:logGet(46)) - raft.server.snapshot.auto.trigger.threshold = 10000 (custom)
2022-12-15 22:21:55,339 [pool-140-thread-1] INFO  server.RaftServerConfigKeys (ConfUtils.java:logGet(46)) - raft.server.snapshot.retention.file.num = 5 (custom)
2022-12-15 22:21:55,339 [pool-140-thread-1] INFO  server.RaftServerConfigKeys (ConfUtils.java:logGet(46)) - raft.server.log.purge.upto.snapshot.index = false (default)
2022-12-15 22:21:55,341 [Command processor thread] INFO  ratis.XceiverServerRatis (XceiverServerRatis.java:addGroup(765)) - Created group PipelineID=e4f8cbde-cbfa-4a3d-9a7a-d5dd31449dcd
2022-12-15 22:21:55,368 [grpc-default-executor-0] INFO  server.RaftServer (RaftServerProxy.java:addNew(96)) - c0e45f45-48a3-418c-b3ac-112e0491709c: addNew group-D5DD31449DCD:[9af99ef4-a70d-4375-9c0d-594670c86eaa|rpc:10.1.0.13:37969|dataStream:|priority:0|startupRole:FOLLOWER, 36e1593a-57cf-42fc-9e99-3bc8e6c88ec2|rpc:10.1.0.13:46439|dataStream:|priority:0|startupRole:FOLLOWER, c0e45f45-48a3-418c-b3ac-112e0491709c|rpc:10.1.0.13:40363|dataStream:|priority:1|startupRole:FOLLOWER] returns group-D5DD31449DCD:java.util.concurrent.CompletableFuture@420e1951[Not completed]
2022-12-15 22:21:55,374 [pool-186-thread-1] INFO  server.RaftServer$Division (RaftServerImpl.java:<init>(195)) - c0e45f45-48a3-418c-b3ac-112e0491709c: new RaftServerImpl for group-D5DD31449DCD:[9af99ef4-a70d-4375-9c0d-594670c86eaa|rpc:10.1.0.13:37969|dataStream:|priority:0|startupRole:FOLLOWER, 36e1593a-57cf-42fc-9e99-3bc8e6c88ec2|rpc:10.1.0.13:46439|dataStream:|priority:0|startupRole:FOLLOWER, c0e45f45-48a3-418c-b3ac-112e0491709c|rpc:10.1.0.13:40363|dataStream:|priority:1|startupRole:FOLLOWER] with ContainerStateMachine:uninitialized
2022-12-15 22:21:55,374 [pool-186-thread-1] INFO  server.RaftServerConfigKeys (ConfUtils.java:logGet(46)) - raft.server.rpc.timeout.min = 5s (custom)
2022-12-15 22:21:55,374 [pool-186-thread-1] INFO  server.RaftServerConfigKeys (ConfUtils.java:logGet(46)) - raft.server.rpc.timeout.max = 5200ms (custom)
2022-12-15 22:21:55,374 [pool-186-thread-1] INFO  server.RaftServerConfigKeys (ConfUtils.java:logGet(46)) - raft.server.rpc.sleep.time = 25ms (default)
2022-12-15 22:21:55,374 [pool-186-thread-1] INFO  server.RaftServerConfigKeys (ConfUtils.java:logGet(46)) - raft.server.rpc.slowness.timeout = 300s (custom)
2022-12-15 22:21:55,374 [pool-186-thread-1] INFO  server.RaftServerConfigKeys (ConfUtils.java:logGet(46)) - raft.server.leaderelection.leader.step-down.wait-time = 10s (default)
2022-12-15 22:21:55,374 [pool-186-thread-1] INFO  server.RaftServerConfigKeys (ConfUtils.java:logGet(46)) - raft.server.sleep.deviation.threshold = 300ms (default)
2022-12-15 22:21:55,375 [pool-186-thread-1] INFO  server.RaftServer$Division (ServerState.java:<init>(118)) - c0e45f45-48a3-418c-b3ac-112e0491709c@group-D5DD31449DCD: ConfigurationManager, init=-1: peers:[9af99ef4-a70d-4375-9c0d-594670c86eaa|rpc:10.1.0.13:37969|dataStream:|priority:0|startupRole:FOLLOWER, 36e1593a-57cf-42fc-9e99-3bc8e6c88ec2|rpc:10.1.0.13:46439|dataStream:|priority:0|startupRole:FOLLOWER, c0e45f45-48a3-418c-b3ac-112e0491709c|rpc:10.1.0.13:40363|dataStream:|priority:1|startupRole:FOLLOWER]|listeners:[], old=null, confs=<EMPTY_MAP>
2022-12-15 22:21:55,375 [pool-186-thread-1] INFO  server.RaftServerConfigKeys (ConfUtils.java:logGet(46)) - raft.server.storage.dir = [/home/runner/work/ozone/ozone/hadoop-ozone/integration-test/target/test-dir/MiniOzoneClusterImpl-67032562-5e12-4c4f-a5ab-79ddd1e2132c/datanode-5/data/ratis] (custom)
2022-12-15 22:21:55,375 [pool-186-thread-1] INFO  server.RaftServerConfigKeys (ConfUtils.java:logGet(46)) - raft.server.log.corruption.policy = EXCEPTION (default)
2022-12-15 22:21:55,375 [pool-186-thread-1] INFO  server.RaftServerConfigKeys (ConfUtils.java:logGet(46)) - raft.server.storage.free-space.min = 0MB (=0) (default)
2022-12-15 22:21:55,375 [pool-186-thread-1] INFO  server.RaftServerConfigKeys (ConfUtils.java:logGet(46)) - raft.server.notification.no-leader.timeout = 300s (custom)
2022-12-15 22:21:55,375 [pool-186-thread-1] INFO  server.RaftServerConfigKeys (ConfUtils.java:logGet(46)) - raft.server.retrycache.expirytime = 600000ms (custom)
2022-12-15 22:21:55,375 [pool-186-thread-1] INFO  server.RaftServerConfigKeys (ConfUtils.java:logGet(46)) - raft.server.retrycache.statistics.expirytime = 100μs (default)
2022-12-15 22:21:55,378 [pool-186-thread-1] INFO  server.RaftServerConfigKeys (ConfUtils.java:logGet(46)) - raft.server.log.appender.install.snapshot.enabled = false (custom)
2022-12-15 22:21:55,378 [pool-186-thread-1] INFO  server.RaftServerConfigKeys (ConfUtils.java:logGet(46)) - raft.server.threadpool.server.cached = true (default)
2022-12-15 22:21:55,378 [pool-186-thread-1] INFO  server.RaftServerConfigKeys (ConfUtils.java:logGet(46)) - raft.server.threadpool.server.size = 0 (default)
2022-12-15 22:21:55,378 [pool-186-thread-1] INFO  server.RaftServerConfigKeys (ConfUtils.java:logGet(46)) - raft.server.threadpool.client.cached = true (default)
2022-12-15 22:21:55,378 [pool-186-thread-1] INFO  server.RaftServerConfigKeys (ConfUtils.java:logGet(46)) - raft.server.threadpool.client.size = 0 (default)
2022-12-15 22:21:55,378 [pool-186-thread-1] INFO  storage.RaftStorageDirectory (RaftStorageDirectoryImpl.java:analyzeStorage(137)) - The storage directory /home/runner/work/ozone/ozone/hadoop-ozone/integration-test/target/test-dir/MiniOzoneClusterImpl-67032562-5e12-4c4f-a5ab-79ddd1e2132c/datanode-5/data/ratis/e4f8cbde-cbfa-4a3d-9a7a-d5dd31449dcd does not exist. Creating ...
2022-12-15 22:21:55,380 [pool-186-thread-1] INFO  storage.RaftStorageDirectory (RaftStorageDirectoryImpl.java:tryLock(231)) - Lock on /home/runner/work/ozone/ozone/hadoop-ozone/integration-test/target/test-dir/MiniOzoneClusterImpl-67032562-5e12-4c4f-a5ab-79ddd1e2132c/datanode-5/data/ratis/e4f8cbde-cbfa-4a3d-9a7a-d5dd31449dcd/in_use.lock acquired by nodename 2635@fv-az83-67
2022-12-15 22:21:55,382 [pool-186-thread-1] INFO  storage.RaftStorage (RaftStorageImpl.java:format(96)) - Storage directory /home/runner/work/ozone/ozone/hadoop-ozone/integration-test/target/test-dir/MiniOzoneClusterImpl-67032562-5e12-4c4f-a5ab-79ddd1e2132c/datanode-5/data/ratis/e4f8cbde-cbfa-4a3d-9a7a-d5dd31449dcd has been successfully formatted.
2022-12-15 22:21:55,386 [EventQueue-CommandQueueReportForCommandQueueReportHandler] WARN  events.EventQueue (EventQueue.java:fireEvent(216)) - No event handler registered for event TypedEvent{payloadType=DatanodeDetails, name='Datanode_Command_Queue_Updated'}
2022-12-15 22:21:55,387 [pool-186-thread-1] INFO  ratis.ContainerStateMachine (ContainerStateMachine.java:loadSnapshot(236)) - group-D5DD31449DCD: The snapshot info is null. Setting the last applied indexto:(t:0, i:~)
2022-12-15 22:21:55,388 [pool-186-thread-1] INFO  server.RaftServerConfigKeys (ConfUtils.java:logGet(46)) - raft.server.log.use.memory = false (default)
2022-12-15 22:21:55,388 [pool-186-thread-1] INFO  server.RaftServerConfigKeys (ConfUtils.java:logGet(46)) - raft.server.log.purge.gap = 1000000 (custom)
2022-12-15 22:21:55,388 [pool-186-thread-1] INFO  server.RaftServerConfigKeys (ConfUtils.java:logGet(46)) - raft.server.log.appender.buffer.byte-limit = 33554432 (custom)
2022-12-15 22:21:55,388 [pool-186-thread-1] INFO  server.RaftServerConfigKeys (ConfUtils.java:logGet(46)) - raft.server.log.statemachine.data.read.timeout = 1000ms (default)
2022-12-15 22:21:55,388 [pool-186-thread-1] INFO  server.RaftServerConfigKeys (ConfUtils.java:logGet(46)) - raft.server.log.purge.preservation.log.num = 0 (default)
2022-12-15 22:21:55,388 [pool-186-thread-1] INFO  server.RaftServerConfigKeys (ConfUtils.java:logGet(46)) - raft.server.log.segment.size.max = 1048576 (custom)
2022-12-15 22:21:55,389 [pool-186-thread-1] INFO  server.RaftServerConfigKeys (ConfUtils.java:logGet(46)) - raft.server.log.segment.cache.num.max = 2 (custom)
2022-12-15 22:21:55,389 [pool-186-thread-1] INFO  server.RaftServerConfigKeys (ConfUtils.java:logGet(46)) - raft.server.log.segment.cache.size.max = 200MB (=209715200) (default)
2022-12-15 22:21:55,389 [pool-186-thread-1] INFO  segmented.SegmentedRaftLogWorker (SegmentedRaftLogWorker.java:<init>(189)) - new c0e45f45-48a3-418c-b3ac-112e0491709c@group-D5DD31449DCD-SegmentedRaftLogWorker for RaftStorageImpl:Storage Directory /home/runner/work/ozone/ozone/hadoop-ozone/integration-test/target/test-dir/MiniOzoneClusterImpl-67032562-5e12-4c4f-a5ab-79ddd1e2132c/datanode-5/data/ratis/e4f8cbde-cbfa-4a3d-9a7a-d5dd31449dcd
2022-12-15 22:21:55,389 [pool-186-thread-1] INFO  server.RaftServerConfigKeys (ConfUtils.java:logGet(46)) - raft.server.log.queue.byte-limit = 4294967296 (custom)
2022-12-15 22:21:55,389 [pool-186-thread-1] INFO  server.RaftServerConfigKeys (ConfUtils.java:logGet(46)) - raft.server.log.queue.element-limit = 1024 (custom)
2022-12-15 22:21:55,389 [pool-186-thread-1] INFO  server.RaftServerConfigKeys (ConfUtils.java:logGet(46)) - raft.server.log.segment.size.max = 1048576 (custom)
2022-12-15 22:21:55,389 [pool-186-thread-1] INFO  server.RaftServerConfigKeys (ConfUtils.java:logGet(46)) - raft.server.log.preallocated.size = 16384 (custom)
2022-12-15 22:21:55,389 [pool-186-thread-1] INFO  server.RaftServerConfigKeys (ConfUtils.java:logGet(46)) - raft.server.log.force.sync.num = 128 (default)
2022-12-15 22:21:55,390 [pool-186-thread-1] INFO  server.RaftServerConfigKeys (ConfUtils.java:logGet(46)) - raft.server.log.statemachine.data.sync = true (default)
2022-12-15 22:21:55,390 [pool-186-thread-1] INFO  server.RaftServerConfigKeys (ConfUtils.java:logGet(46)) - raft.server.log.statemachine.data.sync.timeout = 10s (default)
2022-12-15 22:21:55,390 [pool-186-thread-1] INFO  server.RaftServerConfigKeys (ConfUtils.java:logGet(46)) - raft.server.log.statemachine.data.sync.timeout.retry = -1 (default)
2022-12-15 22:21:55,392 [pool-186-thread-1] INFO  server.RaftServerConfigKeys (ConfUtils.java:logGet(46)) - raft.server.log.write.buffer.size = 1048576 (custom)
2022-12-15 22:21:55,393 [pool-186-thread-1] INFO  server.RaftServerConfigKeys (ConfUtils.java:logGet(46)) - raft.server.log.appender.buffer.byte-limit = 33554432 (custom)
2022-12-15 22:21:55,400 [pool-186-thread-1] INFO  server.RaftServerConfigKeys (ConfUtils.java:logGet(46)) - raft.server.log.unsafe-flush.enabled = false (default)
2022-12-15 22:21:55,400 [pool-186-thread-1] INFO  server.RaftServerConfigKeys (ConfUtils.java:logGet(46)) - raft.server.log.async-flush.enabled = false (default)
2022-12-15 22:21:55,400 [pool-186-thread-1] INFO  server.RaftServerConfigKeys (ConfUtils.java:logGet(46)) - raft.server.log.statemachine.data.caching.enabled = true (custom)
2022-12-15 22:21:55,401 [pool-186-thread-1] INFO  segmented.SegmentedRaftLogWorker (SegmentedRaftLogWorker.java:lambda$new$0(135)) - c0e45f45-48a3-418c-b3ac-112e0491709c@group-D5DD31449DCD-SegmentedRaftLogWorker: flushIndex: setUnconditionally 0 -> -1
2022-12-15 22:21:55,401 [pool-186-thread-1] INFO  segmented.SegmentedRaftLogWorker (SegmentedRaftLogWorker.java:lambda$new$0(135)) - c0e45f45-48a3-418c-b3ac-112e0491709c@group-D5DD31449DCD-SegmentedRaftLogWorker: safeCacheEvictIndex: setUnconditionally 0 -> -1
2022-12-15 22:21:55,401 [pool-186-thread-1] INFO  server.RaftServer$Division (RaftServerImpl.java:start(334)) - c0e45f45-48a3-418c-b3ac-112e0491709c@group-D5DD31449DCD: start as a follower, conf=-1: peers:[9af99ef4-a70d-4375-9c0d-594670c86eaa|rpc:10.1.0.13:37969|dataStream:|priority:0|startupRole:FOLLOWER, 36e1593a-57cf-42fc-9e99-3bc8e6c88ec2|rpc:10.1.0.13:46439|dataStream:|priority:0|startupRole:FOLLOWER, c0e45f45-48a3-418c-b3ac-112e0491709c|rpc:10.1.0.13:40363|dataStream:|priority:1|startupRole:FOLLOWER]|listeners:[], old=null
2022-12-15 22:21:55,401 [pool-186-thread-1] INFO  server.RaftServer$Division (RaftServerImpl.java:setRole(321)) - c0e45f45-48a3-418c-b3ac-112e0491709c@group-D5DD31449DCD: changes role from      null to FOLLOWER at term 0 for startAsFollower
2022-12-15 22:21:55,401 [pool-186-thread-1] INFO  impl.RoleInfo (RoleInfo.java:updateAndGet(139)) - c0e45f45-48a3-418c-b3ac-112e0491709c: start c0e45f45-48a3-418c-b3ac-112e0491709c@group-D5DD31449DCD-FollowerState
2022-12-15 22:21:55,402 [pool-186-thread-1] INFO  util.JmxRegister (JmxRegister.java:tryRegister(44)) - Successfully registered JMX Bean with object name Ratis:service=RaftServer,group=group-D5DD31449DCD,id=c0e45f45-48a3-418c-b3ac-112e0491709c
2022-12-15 22:21:55,402 [pool-186-thread-1] INFO  server.RaftServerConfigKeys (ConfUtils.java:logGet(46)) - raft.server.snapshot.auto.trigger.enabled = true (custom)
2022-12-15 22:21:55,402 [pool-186-thread-1] INFO  server.RaftServerConfigKeys (ConfUtils.java:logGet(46)) - raft.server.snapshot.auto.trigger.threshold = 10000 (custom)
2022-12-15 22:21:55,402 [pool-186-thread-1] INFO  server.RaftServerConfigKeys (ConfUtils.java:logGet(46)) - raft.server.snapshot.retention.file.num = 5 (custom)
2022-12-15 22:21:55,402 [pool-186-thread-1] INFO  server.RaftServerConfigKeys (ConfUtils.java:logGet(46)) - raft.server.log.purge.upto.snapshot.index = false (default)
2022-12-15 22:21:55,403 [c0e45f45-48a3-418c-b3ac-112e0491709c@group-D5DD31449DCD-FollowerState] INFO  server.RaftServerConfigKeys (ConfUtils.java:logFallback(53)) - raft.server.rpc.first-election.timeout.min = 5s (fallback to raft.server.rpc.timeout.min)
2022-12-15 22:21:55,405 [c0e45f45-48a3-418c-b3ac-112e0491709c@group-D5DD31449DCD-FollowerState] INFO  server.RaftServerConfigKeys (ConfUtils.java:logFallback(53)) - raft.server.rpc.first-election.timeout.max = 5200ms (fallback to raft.server.rpc.timeout.max)
2022-12-15 22:21:55,458 [grpc-default-executor-0] INFO  server.RaftServer (RaftServerProxy.java:addNew(96)) - 9af99ef4-a70d-4375-9c0d-594670c86eaa: addNew group-D5DD31449DCD:[9af99ef4-a70d-4375-9c0d-594670c86eaa|rpc:10.1.0.13:37969|dataStream:|priority:0|startupRole:FOLLOWER, 36e1593a-57cf-42fc-9e99-3bc8e6c88ec2|rpc:10.1.0.13:46439|dataStream:|priority:0|startupRole:FOLLOWER, c0e45f45-48a3-418c-b3ac-112e0491709c|rpc:10.1.0.13:40363|dataStream:|priority:1|startupRole:FOLLOWER] returns group-D5DD31449DCD:java.util.concurrent.CompletableFuture@15dc5b27[Not completed]
2022-12-15 22:21:55,459 [pool-163-thread-1] INFO  server.RaftServer$Division (RaftServerImpl.java:<init>(195)) - 9af99ef4-a70d-4375-9c0d-594670c86eaa: new RaftServerImpl for group-D5DD31449DCD:[9af99ef4-a70d-4375-9c0d-594670c86eaa|rpc:10.1.0.13:37969|dataStream:|priority:0|startupRole:FOLLOWER, 36e1593a-57cf-42fc-9e99-3bc8e6c88ec2|rpc:10.1.0.13:46439|dataStream:|priority:0|startupRole:FOLLOWER, c0e45f45-48a3-418c-b3ac-112e0491709c|rpc:10.1.0.13:40363|dataStream:|priority:1|startupRole:FOLLOWER] with ContainerStateMachine:uninitialized
2022-12-15 22:21:55,459 [pool-163-thread-1] INFO  server.RaftServerConfigKeys (ConfUtils.java:logGet(46)) - raft.server.rpc.timeout.min = 5s (custom)
2022-12-15 22:21:55,459 [pool-163-thread-1] INFO  server.RaftServerConfigKeys (ConfUtils.java:logGet(46)) - raft.server.rpc.timeout.max = 5200ms (custom)
2022-12-15 22:21:55,459 [pool-163-thread-1] INFO  server.RaftServerConfigKeys (ConfUtils.java:logGet(46)) - raft.server.rpc.sleep.time = 25ms (default)
2022-12-15 22:21:55,459 [pool-163-thread-1] INFO  server.RaftServerConfigKeys (ConfUtils.java:logGet(46)) - raft.server.rpc.slowness.timeout = 300s (custom)
2022-12-15 22:21:55,459 [pool-163-thread-1] INFO  server.RaftServerConfigKeys (ConfUtils.java:logGet(46)) - raft.server.leaderelection.leader.step-down.wait-time = 10s (default)
2022-12-15 22:21:55,459 [pool-163-thread-1] INFO  server.RaftServerConfigKeys (ConfUtils.java:logGet(46)) - raft.server.sleep.deviation.threshold = 300ms (default)
2022-12-15 22:21:55,460 [pool-163-thread-1] INFO  server.RaftServer$Division (ServerState.java:<init>(118)) - 9af99ef4-a70d-4375-9c0d-594670c86eaa@group-D5DD31449DCD: ConfigurationManager, init=-1: peers:[9af99ef4-a70d-4375-9c0d-594670c86eaa|rpc:10.1.0.13:37969|dataStream:|priority:0|startupRole:FOLLOWER, 36e1593a-57cf-42fc-9e99-3bc8e6c88ec2|rpc:10.1.0.13:46439|dataStream:|priority:0|startupRole:FOLLOWER, c0e45f45-48a3-418c-b3ac-112e0491709c|rpc:10.1.0.13:40363|dataStream:|priority:1|startupRole:FOLLOWER]|listeners:[], old=null, confs=<EMPTY_MAP>
2022-12-15 22:21:55,460 [pool-163-thread-1] INFO  server.RaftServerConfigKeys (ConfUtils.java:logGet(46)) - raft.server.storage.dir = [/home/runner/work/ozone/ozone/hadoop-ozone/integration-test/target/test-dir/MiniOzoneClusterImpl-67032562-5e12-4c4f-a5ab-79ddd1e2132c/datanode-4/data/ratis] (custom)
2022-12-15 22:21:55,461 [pool-163-thread-1] INFO  server.RaftServerConfigKeys (ConfUtils.java:logGet(46)) - raft.server.log.corruption.policy = EXCEPTION (default)
2022-12-15 22:21:55,461 [pool-163-thread-1] INFO  server.RaftServerConfigKeys (ConfUtils.java:logGet(46)) - raft.server.storage.free-space.min = 0MB (=0) (default)
2022-12-15 22:21:55,461 [pool-163-thread-1] INFO  server.RaftServerConfigKeys (ConfUtils.java:logGet(46)) - raft.server.notification.no-leader.timeout = 300s (custom)
2022-12-15 22:21:55,461 [pool-163-thread-1] INFO  server.RaftServerConfigKeys (ConfUtils.java:logGet(46)) - raft.server.retrycache.expirytime = 600000ms (custom)
2022-12-15 22:21:55,461 [pool-163-thread-1] INFO  server.RaftServerConfigKeys (ConfUtils.java:logGet(46)) - raft.server.retrycache.statistics.expirytime = 100μs (default)
2022-12-15 22:21:55,470 [pool-163-thread-1] INFO  server.RaftServerConfigKeys (ConfUtils.java:logGet(46)) - raft.server.log.appender.install.snapshot.enabled = false (custom)
2022-12-15 22:21:55,470 [pool-163-thread-1] INFO  server.RaftServerConfigKeys (ConfUtils.java:logGet(46)) - raft.server.threadpool.server.cached = true (default)
2022-12-15 22:21:55,470 [pool-163-thread-1] INFO  server.RaftServerConfigKeys (ConfUtils.java:logGet(46)) - raft.server.threadpool.server.size = 0 (default)
2022-12-15 22:21:55,470 [pool-163-thread-1] INFO  server.RaftServerConfigKeys (ConfUtils.java:logGet(46)) - raft.server.threadpool.client.cached = true (default)
2022-12-15 22:21:55,470 [pool-163-thread-1] INFO  server.RaftServerConfigKeys (ConfUtils.java:logGet(46)) - raft.server.threadpool.client.size = 0 (default)
2022-12-15 22:21:55,470 [pool-163-thread-1] INFO  storage.RaftStorageDirectory (RaftStorageDirectoryImpl.java:analyzeStorage(137)) - The storage directory /home/runner/work/ozone/ozone/hadoop-ozone/integration-test/target/test-dir/MiniOzoneClusterImpl-67032562-5e12-4c4f-a5ab-79ddd1e2132c/datanode-4/data/ratis/e4f8cbde-cbfa-4a3d-9a7a-d5dd31449dcd does not exist. Creating ...
2022-12-15 22:21:55,473 [pool-163-thread-1] INFO  storage.RaftStorageDirectory (RaftStorageDirectoryImpl.java:tryLock(231)) - Lock on /home/runner/work/ozone/ozone/hadoop-ozone/integration-test/target/test-dir/MiniOzoneClusterImpl-67032562-5e12-4c4f-a5ab-79ddd1e2132c/datanode-4/data/ratis/e4f8cbde-cbfa-4a3d-9a7a-d5dd31449dcd/in_use.lock acquired by nodename 2635@fv-az83-67
2022-12-15 22:21:55,475 [pool-163-thread-1] INFO  storage.RaftStorage (RaftStorageImpl.java:format(96)) - Storage directory /home/runner/work/ozone/ozone/hadoop-ozone/integration-test/target/test-dir/MiniOzoneClusterImpl-67032562-5e12-4c4f-a5ab-79ddd1e2132c/datanode-4/data/ratis/e4f8cbde-cbfa-4a3d-9a7a-d5dd31449dcd has been successfully formatted.
2022-12-15 22:21:55,476 [pool-163-thread-1] INFO  ratis.ContainerStateMachine (ContainerStateMachine.java:loadSnapshot(236)) - group-D5DD31449DCD: The snapshot info is null. Setting the last applied indexto:(t:0, i:~)
2022-12-15 22:21:55,476 [pool-163-thread-1] INFO  server.RaftServerConfigKeys (ConfUtils.java:logGet(46)) - raft.server.log.use.memory = false (default)
2022-12-15 22:21:55,476 [pool-163-thread-1] INFO  server.RaftServerConfigKeys (ConfUtils.java:logGet(46)) - raft.server.log.purge.gap = 1000000 (custom)
2022-12-15 22:21:55,481 [pool-163-thread-1] INFO  server.RaftServerConfigKeys (ConfUtils.java:logGet(46)) - raft.server.log.appender.buffer.byte-limit = 33554432 (custom)
2022-12-15 22:21:55,481 [pool-163-thread-1] INFO  server.RaftServerConfigKeys (ConfUtils.java:logGet(46)) - raft.server.log.statemachine.data.read.timeout = 1000ms (default)
2022-12-15 22:21:55,481 [pool-163-thread-1] INFO  server.RaftServerConfigKeys (ConfUtils.java:logGet(46)) - raft.server.log.purge.preservation.log.num = 0 (default)
2022-12-15 22:21:55,486 [EventQueue-CommandQueueReportForCommandQueueReportHandler] WARN  events.EventQueue (EventQueue.java:fireEvent(216)) - No event handler registered for event TypedEvent{payloadType=DatanodeDetails, name='Datanode_Command_Queue_Updated'}
2022-12-15 22:21:55,490 [pool-163-thread-1] INFO  server.RaftServerConfigKeys (ConfUtils.java:logGet(46)) - raft.server.log.segment.size.max = 1048576 (custom)
2022-12-15 22:21:55,492 [pool-163-thread-1] INFO  server.RaftServerConfigKeys (ConfUtils.java:logGet(46)) - raft.server.log.segment.cache.num.max = 2 (custom)
2022-12-15 22:21:55,492 [pool-163-thread-1] INFO  server.RaftServerConfigKeys (ConfUtils.java:logGet(46)) - raft.server.log.segment.cache.size.max = 200MB (=209715200) (default)
2022-12-15 22:21:55,492 [pool-163-thread-1] INFO  segmented.SegmentedRaftLogWorker (SegmentedRaftLogWorker.java:<init>(189)) - new 9af99ef4-a70d-4375-9c0d-594670c86eaa@group-D5DD31449DCD-SegmentedRaftLogWorker for RaftStorageImpl:Storage Directory /home/runner/work/ozone/ozone/hadoop-ozone/integration-test/target/test-dir/MiniOzoneClusterImpl-67032562-5e12-4c4f-a5ab-79ddd1e2132c/datanode-4/data/ratis/e4f8cbde-cbfa-4a3d-9a7a-d5dd31449dcd
2022-12-15 22:21:55,493 [pool-163-thread-1] INFO  server.RaftServerConfigKeys (ConfUtils.java:logGet(46)) - raft.server.log.queue.byte-limit = 4294967296 (custom)
2022-12-15 22:21:55,493 [pool-163-thread-1] INFO  server.RaftServerConfigKeys (ConfUtils.java:logGet(46)) - raft.server.log.queue.element-limit = 1024 (custom)
2022-12-15 22:21:55,493 [pool-163-thread-1] INFO  server.RaftServerConfigKeys (ConfUtils.java:logGet(46)) - raft.server.log.segment.size.max = 1048576 (custom)
2022-12-15 22:21:55,493 [pool-163-thread-1] INFO  server.RaftServerConfigKeys (ConfUtils.java:logGet(46)) - raft.server.log.preallocated.size = 16384 (custom)
2022-12-15 22:21:55,495 [pool-163-thread-1] INFO  server.RaftServerConfigKeys (ConfUtils.java:logGet(46)) - raft.server.log.force.sync.num = 128 (default)
2022-12-15 22:21:55,495 [pool-163-thread-1] INFO  server.RaftServerConfigKeys (ConfUtils.java:logGet(46)) - raft.server.log.statemachine.data.sync = true (default)
2022-12-15 22:21:55,495 [pool-163-thread-1] INFO  server.RaftServerConfigKeys (ConfUtils.java:logGet(46)) - raft.server.log.statemachine.data.sync.timeout = 10s (default)
2022-12-15 22:21:55,496 [pool-163-thread-1] INFO  server.RaftServerConfigKeys (ConfUtils.java:logGet(46)) - raft.server.log.statemachine.data.sync.timeout.retry = -1 (default)
2022-12-15 22:21:55,501 [EventQueue-CommandQueueReportForCommandQueueReportHandler] WARN  events.EventQueue (EventQueue.java:fireEvent(216)) - No event handler registered for event TypedEvent{payloadType=DatanodeDetails, name='Datanode_Command_Queue_Updated'}
2022-12-15 22:21:55,501 [EventQueue-OpenPipelineForHealthyPipelineSafeModeRule] INFO  safemode.SCMSafeModeManager (HealthyPipelineSafeModeRule.java:process(137)) - SCM in safe mode. Healthy pipelines reported count is 0, required healthy pipeline reported count is 1
2022-12-15 22:21:55,502 [pool-163-thread-1] INFO  server.RaftServerConfigKeys (ConfUtils.java:logGet(46)) - raft.server.log.write.buffer.size = 1048576 (custom)
2022-12-15 22:21:55,502 [pool-163-thread-1] INFO  server.RaftServerConfigKeys (ConfUtils.java:logGet(46)) - raft.server.log.appender.buffer.byte-limit = 33554432 (custom)
2022-12-15 22:21:55,510 [pool-163-thread-1] INFO  server.RaftServerConfigKeys (ConfUtils.java:logGet(46)) - raft.server.log.unsafe-flush.enabled = false (default)
2022-12-15 22:21:55,510 [pool-163-thread-1] INFO  server.RaftServerConfigKeys (ConfUtils.java:logGet(46)) - raft.server.log.async-flush.enabled = false (default)
2022-12-15 22:21:55,510 [pool-163-thread-1] INFO  server.RaftServerConfigKeys (ConfUtils.java:logGet(46)) - raft.server.log.statemachine.data.caching.enabled = true (custom)
2022-12-15 22:21:55,510 [pool-163-thread-1] INFO  segmented.SegmentedRaftLogWorker (SegmentedRaftLogWorker.java:lambda$new$0(135)) - 9af99ef4-a70d-4375-9c0d-594670c86eaa@group-D5DD31449DCD-SegmentedRaftLogWorker: flushIndex: setUnconditionally 0 -> -1
2022-12-15 22:21:55,510 [pool-163-thread-1] INFO  segmented.SegmentedRaftLogWorker (SegmentedRaftLogWorker.java:lambda$new$0(135)) - 9af99ef4-a70d-4375-9c0d-594670c86eaa@group-D5DD31449DCD-SegmentedRaftLogWorker: safeCacheEvictIndex: setUnconditionally 0 -> -1
2022-12-15 22:21:55,511 [pool-163-thread-1] INFO  server.RaftServer$Division (RaftServerImpl.java:start(334)) - 9af99ef4-a70d-4375-9c0d-594670c86eaa@group-D5DD31449DCD: start as a follower, conf=-1: peers:[9af99ef4-a70d-4375-9c0d-594670c86eaa|rpc:10.1.0.13:37969|dataStream:|priority:0|startupRole:FOLLOWER, 36e1593a-57cf-42fc-9e99-3bc8e6c88ec2|rpc:10.1.0.13:46439|dataStream:|priority:0|startupRole:FOLLOWER, c0e45f45-48a3-418c-b3ac-112e0491709c|rpc:10.1.0.13:40363|dataStream:|priority:1|startupRole:FOLLOWER]|listeners:[], old=null
2022-12-15 22:21:55,511 [pool-163-thread-1] INFO  server.RaftServer$Division (RaftServerImpl.java:setRole(321)) - 9af99ef4-a70d-4375-9c0d-594670c86eaa@group-D5DD31449DCD: changes role from      null to FOLLOWER at term 0 for startAsFollower
2022-12-15 22:21:55,511 [pool-163-thread-1] INFO  impl.RoleInfo (RoleInfo.java:updateAndGet(139)) - 9af99ef4-a70d-4375-9c0d-594670c86eaa: start 9af99ef4-a70d-4375-9c0d-594670c86eaa@group-D5DD31449DCD-FollowerState
2022-12-15 22:21:55,511 [pool-163-thread-1] INFO  util.JmxRegister (JmxRegister.java:tryRegister(44)) - Successfully registered JMX Bean with object name Ratis:service=RaftServer,group=group-D5DD31449DCD,id=9af99ef4-a70d-4375-9c0d-594670c86eaa
2022-12-15 22:21:55,511 [pool-163-thread-1] INFO  server.RaftServerConfigKeys (ConfUtils.java:logGet(46)) - raft.server.snapshot.auto.trigger.enabled = true (custom)
2022-12-15 22:21:55,511 [pool-163-thread-1] INFO  server.RaftServerConfigKeys (ConfUtils.java:logGet(46)) - raft.server.snapshot.auto.trigger.threshold = 10000 (custom)
2022-12-15 22:21:55,511 [pool-163-thread-1] INFO  server.RaftServerConfigKeys (ConfUtils.java:logGet(46)) - raft.server.snapshot.retention.file.num = 5 (custom)
2022-12-15 22:21:55,511 [pool-163-thread-1] INFO  server.RaftServerConfigKeys (ConfUtils.java:logGet(46)) - raft.server.log.purge.upto.snapshot.index = false (default)
2022-12-15 22:21:55,512 [9af99ef4-a70d-4375-9c0d-594670c86eaa@group-D5DD31449DCD-FollowerState] INFO  server.RaftServerConfigKeys (ConfUtils.java:logFallback(53)) - raft.server.rpc.first-election.timeout.min = 5s (fallback to raft.server.rpc.timeout.min)
2022-12-15 22:21:55,524 [9af99ef4-a70d-4375-9c0d-594670c86eaa@group-D5DD31449DCD-FollowerState] INFO  server.RaftServerConfigKeys (ConfUtils.java:logFallback(53)) - raft.server.rpc.first-election.timeout.max = 5200ms (fallback to raft.server.rpc.timeout.max)
2022-12-15 22:21:55,530 [Command processor thread] INFO  commandhandler.CreatePipelineCommandHandler (CreatePipelineCommandHandler.java:handle(113)) - Created Pipeline RATIS THREE PipelineID=e4f8cbde-cbfa-4a3d-9a7a-d5dd31449dcd.
2022-12-15 22:21:55,677 [Command processor thread] INFO  server.RaftServer (RaftServerProxy.java:addNew(96)) - 9af99ef4-a70d-4375-9c0d-594670c86eaa: addNew group-C7CE7C2009D5:[9af99ef4-a70d-4375-9c0d-594670c86eaa|rpc:10.1.0.13:37969|priority:1|startupRole:FOLLOWER] returns group-C7CE7C2009D5:java.util.concurrent.CompletableFuture@7ee271f[Not completed]
2022-12-15 22:21:55,678 [pool-163-thread-1] INFO  server.RaftServer$Division (RaftServerImpl.java:<init>(195)) - 9af99ef4-a70d-4375-9c0d-594670c86eaa: new RaftServerImpl for group-C7CE7C2009D5:[9af99ef4-a70d-4375-9c0d-594670c86eaa|rpc:10.1.0.13:37969|priority:1|startupRole:FOLLOWER] with ContainerStateMachine:uninitialized
2022-12-15 22:21:55,679 [pool-163-thread-1] INFO  server.RaftServerConfigKeys (ConfUtils.java:logGet(46)) - raft.server.rpc.timeout.min = 5s (custom)
2022-12-15 22:21:55,679 [pool-163-thread-1] INFO  server.RaftServerConfigKeys (ConfUtils.java:logGet(46)) - raft.server.rpc.timeout.max = 5200ms (custom)
2022-12-15 22:21:55,679 [pool-163-thread-1] INFO  server.RaftServerConfigKeys (ConfUtils.java:logGet(46)) - raft.server.rpc.sleep.time = 25ms (default)
2022-12-15 22:21:55,679 [pool-163-thread-1] INFO  server.RaftServerConfigKeys (ConfUtils.java:logGet(46)) - raft.server.rpc.slowness.timeout = 300s (custom)
2022-12-15 22:21:55,679 [pool-163-thread-1] INFO  server.RaftServerConfigKeys (ConfUtils.java:logGet(46)) - raft.server.leaderelection.leader.step-down.wait-time = 10s (default)
2022-12-15 22:21:55,679 [pool-163-thread-1] INFO  server.RaftServerConfigKeys (ConfUtils.java:logGet(46)) - raft.server.sleep.deviation.threshold = 300ms (default)
2022-12-15 22:21:55,679 [pool-163-thread-1] INFO  server.RaftServer$Division (ServerState.java:<init>(118)) - 9af99ef4-a70d-4375-9c0d-594670c86eaa@group-C7CE7C2009D5: ConfigurationManager, init=-1: peers:[9af99ef4-a70d-4375-9c0d-594670c86eaa|rpc:10.1.0.13:37969|priority:1|startupRole:FOLLOWER]|listeners:[], old=null, confs=<EMPTY_MAP>
2022-12-15 22:21:55,679 [pool-163-thread-1] INFO  server.RaftServerConfigKeys (ConfUtils.java:logGet(46)) - raft.server.storage.dir = [/home/runner/work/ozone/ozone/hadoop-ozone/integration-test/target/test-dir/MiniOzoneClusterImpl-67032562-5e12-4c4f-a5ab-79ddd1e2132c/datanode-4/data/ratis] (custom)
2022-12-15 22:21:55,679 [pool-163-thread-1] INFO  server.RaftServerConfigKeys (ConfUtils.java:logGet(46)) - raft.server.log.corruption.policy = EXCEPTION (default)
2022-12-15 22:21:55,679 [pool-163-thread-1] INFO  server.RaftServerConfigKeys (ConfUtils.java:logGet(46)) - raft.server.storage.free-space.min = 0MB (=0) (default)
2022-12-15 22:21:55,680 [pool-163-thread-1] INFO  server.RaftServerConfigKeys (ConfUtils.java:logGet(46)) - raft.server.notification.no-leader.timeout = 300s (custom)
2022-12-15 22:21:55,680 [pool-163-thread-1] INFO  server.RaftServerConfigKeys (ConfUtils.java:logGet(46)) - raft.server.retrycache.expirytime = 600000ms (custom)
2022-12-15 22:21:55,680 [pool-163-thread-1] INFO  server.RaftServerConfigKeys (ConfUtils.java:logGet(46)) - raft.server.retrycache.statistics.expirytime = 100μs (default)
2022-12-15 22:21:55,682 [pool-163-thread-1] INFO  server.RaftServerConfigKeys (ConfUtils.java:logGet(46)) - raft.server.log.appender.install.snapshot.enabled = false (custom)
2022-12-15 22:21:55,682 [pool-163-thread-1] INFO  server.RaftServerConfigKeys (ConfUtils.java:logGet(46)) - raft.server.threadpool.server.cached = true (default)
2022-12-15 22:21:55,682 [pool-163-thread-1] INFO  server.RaftServerConfigKeys (ConfUtils.java:logGet(46)) - raft.server.threadpool.server.size = 0 (default)
2022-12-15 22:21:55,682 [pool-163-thread-1] INFO  server.RaftServerConfigKeys (ConfUtils.java:logGet(46)) - raft.server.threadpool.client.cached = true (default)
2022-12-15 22:21:55,682 [pool-163-thread-1] INFO  server.RaftServerConfigKeys (ConfUtils.java:logGet(46)) - raft.server.threadpool.client.size = 0 (default)
2022-12-15 22:21:55,682 [pool-163-thread-1] INFO  storage.RaftStorageDirectory (RaftStorageDirectoryImpl.java:analyzeStorage(137)) - The storage directory /home/runner/work/ozone/ozone/hadoop-ozone/integration-test/target/test-dir/MiniOzoneClusterImpl-67032562-5e12-4c4f-a5ab-79ddd1e2132c/datanode-4/data/ratis/6e385720-725f-4bca-9036-c7ce7c2009d5 does not exist. Creating ...
2022-12-15 22:21:55,684 [pool-163-thread-1] INFO  storage.RaftStorageDirectory (RaftStorageDirectoryImpl.java:tryLock(231)) - Lock on /home/runner/work/ozone/ozone/hadoop-ozone/integration-test/target/test-dir/MiniOzoneClusterImpl-67032562-5e12-4c4f-a5ab-79ddd1e2132c/datanode-4/data/ratis/6e385720-725f-4bca-9036-c7ce7c2009d5/in_use.lock acquired by nodename 2635@fv-az83-67
2022-12-15 22:21:55,687 [pool-163-thread-1] INFO  storage.RaftStorage (RaftStorageImpl.java:format(96)) - Storage directory /home/runner/work/ozone/ozone/hadoop-ozone/integration-test/target/test-dir/MiniOzoneClusterImpl-67032562-5e12-4c4f-a5ab-79ddd1e2132c/datanode-4/data/ratis/6e385720-725f-4bca-9036-c7ce7c2009d5 has been successfully formatted.
2022-12-15 22:21:55,694 [EventQueue-CommandQueueReportForCommandQueueReportHandler] WARN  events.EventQueue (EventQueue.java:fireEvent(216)) - No event handler registered for event TypedEvent{payloadType=DatanodeDetails, name='Datanode_Command_Queue_Updated'}
2022-12-15 22:21:55,695 [pool-163-thread-1] INFO  ratis.ContainerStateMachine (ContainerStateMachine.java:loadSnapshot(236)) - group-C7CE7C2009D5: The snapshot info is null. Setting the last applied indexto:(t:0, i:~)
2022-12-15 22:21:55,695 [pool-163-thread-1] INFO  server.RaftServerConfigKeys (ConfUtils.java:logGet(46)) - raft.server.log.use.memory = false (default)
2022-12-15 22:21:55,695 [pool-163-thread-1] INFO  server.RaftServerConfigKeys (ConfUtils.java:logGet(46)) - raft.server.log.purge.gap = 1000000 (custom)
2022-12-15 22:21:55,695 [pool-163-thread-1] INFO  server.RaftServerConfigKeys (ConfUtils.java:logGet(46)) - raft.server.log.appender.buffer.byte-limit = 33554432 (custom)
2022-12-15 22:21:55,695 [pool-163-thread-1] INFO  server.RaftServerConfigKeys (ConfUtils.java:logGet(46)) - raft.server.log.statemachine.data.read.timeout = 1000ms (default)
2022-12-15 22:21:55,696 [pool-163-thread-1] INFO  server.RaftServerConfigKeys (ConfUtils.java:logGet(46)) - raft.server.log.purge.preservation.log.num = 0 (default)
2022-12-15 22:21:55,696 [pool-163-thread-1] INFO  server.RaftServerConfigKeys (ConfUtils.java:logGet(46)) - raft.server.log.segment.size.max = 1048576 (custom)
2022-12-15 22:21:55,696 [pool-163-thread-1] INFO  server.RaftServerConfigKeys (ConfUtils.java:logGet(46)) - raft.server.log.segment.cache.num.max = 2 (custom)
2022-12-15 22:21:55,697 [pool-163-thread-1] INFO  server.RaftServerConfigKeys (ConfUtils.java:logGet(46)) - raft.server.log.segment.cache.size.max = 200MB (=209715200) (default)
2022-12-15 22:21:55,697 [pool-163-thread-1] INFO  segmented.SegmentedRaftLogWorker (SegmentedRaftLogWorker.java:<init>(189)) - new 9af99ef4-a70d-4375-9c0d-594670c86eaa@group-C7CE7C2009D5-SegmentedRaftLogWorker for RaftStorageImpl:Storage Directory /home/runner/work/ozone/ozone/hadoop-ozone/integration-test/target/test-dir/MiniOzoneClusterImpl-67032562-5e12-4c4f-a5ab-79ddd1e2132c/datanode-4/data/ratis/6e385720-725f-4bca-9036-c7ce7c2009d5
2022-12-15 22:21:55,697 [pool-163-thread-1] INFO  server.RaftServerConfigKeys (ConfUtils.java:logGet(46)) - raft.server.log.queue.byte-limit = 4294967296 (custom)
2022-12-15 22:21:55,697 [pool-163-thread-1] INFO  server.RaftServerConfigKeys (ConfUtils.java:logGet(46)) - raft.server.log.queue.element-limit = 1024 (custom)
2022-12-15 22:21:55,697 [pool-163-thread-1] INFO  server.RaftServerConfigKeys (ConfUtils.java:logGet(46)) - raft.server.log.segment.size.max = 1048576 (custom)
2022-12-15 22:21:55,698 [pool-163-thread-1] INFO  server.RaftServerConfigKeys (ConfUtils.java:logGet(46)) - raft.server.log.preallocated.size = 16384 (custom)
2022-12-15 22:21:55,698 [EventQueue-CommandQueueReportForCommandQueueReportHandler] WARN  events.EventQueue (EventQueue.java:fireEvent(216)) - No event handler registered for event TypedEvent{payloadType=DatanodeDetails, name='Datanode_Command_Queue_Updated'}
2022-12-15 22:21:55,699 [pool-163-thread-1] INFO  server.RaftServerConfigKeys (ConfUtils.java:logGet(46)) - raft.server.log.force.sync.num = 128 (default)
2022-12-15 22:21:55,699 [pool-163-thread-1] INFO  server.RaftServerConfigKeys (ConfUtils.java:logGet(46)) - raft.server.log.statemachine.data.sync = true (default)
2022-12-15 22:21:55,699 [pool-163-thread-1] INFO  server.RaftServerConfigKeys (ConfUtils.java:logGet(46)) - raft.server.log.statemachine.data.sync.timeout = 10s (default)
2022-12-15 22:21:55,699 [EventQueue-PipelineReportForPipelineReportHandler] INFO  pipeline.PipelineManagerImpl (PipelineManagerImpl.java:openPipeline(367)) - Pipeline Pipeline[ Id: 6e385720-725f-4bca-9036-c7ce7c2009d5, Nodes: 9af99ef4-a70d-4375-9c0d-594670c86eaa{ip: 10.1.0.13, host: fv-az83-67.pawgbth4qraerhbqawdeo1jfng.dx.internal.cloudapp.net, ports: [REPLICATION=37293, RATIS=37969, RATIS_ADMIN=37969, RATIS_SERVER=37969, STANDALONE=45841], networkLocation: /default-rack, certSerialId: null, persistedOpState: IN_SERVICE, persistedOpStateExpiryEpochSec: 0}, ReplicationConfig: RATIS/ONE, State:ALLOCATED, leaderId:9af99ef4-a70d-4375-9c0d-594670c86eaa, CreationTimestamp2022-12-15T22:21:52.683Z[Etc/UTC]] moved to OPEN state
2022-12-15 22:21:55,699 [pool-163-thread-1] INFO  server.RaftServerConfigKeys (ConfUtils.java:logGet(46)) - raft.server.log.statemachine.data.sync.timeout.retry = -1 (default)
2022-12-15 22:21:55,699 [EventQueue-OpenPipelineForHealthyPipelineSafeModeRule] INFO  safemode.SCMSafeModeManager (HealthyPipelineSafeModeRule.java:process(137)) - SCM in safe mode. Healthy pipelines reported count is 0, required healthy pipeline reported count is 1
2022-12-15 22:21:55,702 [pool-163-thread-1] INFO  server.RaftServerConfigKeys (ConfUtils.java:logGet(46)) - raft.server.log.write.buffer.size = 1048576 (custom)
2022-12-15 22:21:55,702 [pool-163-thread-1] INFO  server.RaftServerConfigKeys (ConfUtils.java:logGet(46)) - raft.server.log.appender.buffer.byte-limit = 33554432 (custom)
2022-12-15 22:21:55,709 [pool-163-thread-1] INFO  server.RaftServerConfigKeys (ConfUtils.java:logGet(46)) - raft.server.log.unsafe-flush.enabled = false (default)
2022-12-15 22:21:55,709 [pool-163-thread-1] INFO  server.RaftServerConfigKeys (ConfUtils.java:logGet(46)) - raft.server.log.async-flush.enabled = false (default)
2022-12-15 22:21:55,709 [pool-163-thread-1] INFO  server.RaftServerConfigKeys (ConfUtils.java:logGet(46)) - raft.server.log.statemachine.data.caching.enabled = true (custom)
2022-12-15 22:21:55,709 [Listener at 127.0.0.1/44409] INFO  ozone.MiniOzoneClusterImpl (MiniOzoneClusterImpl.java:lambda$waitForClusterToBeReady$0(216)) - Nodes are ready. Got 7 of 7 DN Heartbeats.
2022-12-15 22:21:55,709 [Listener at 127.0.0.1/44409] INFO  ozone.MiniOzoneClusterImpl (MiniOzoneClusterImpl.java:lambda$waitForClusterToBeReady$0(219)) - Waiting for cluster to exit safe mode
2022-12-15 22:21:55,709 [Listener at 127.0.0.1/44409] INFO  ozone.MiniOzoneClusterImpl (MiniOzoneClusterImpl.java:lambda$waitForClusterToBeReady$0(221)) - SCM became leader
2022-12-15 22:21:55,709 [pool-163-thread-1] INFO  segmented.SegmentedRaftLogWorker (SegmentedRaftLogWorker.java:lambda$new$0(135)) - 9af99ef4-a70d-4375-9c0d-594670c86eaa@group-C7CE7C2009D5-SegmentedRaftLogWorker: flushIndex: setUnconditionally 0 -> -1
2022-12-15 22:21:55,709 [pool-163-thread-1] INFO  segmented.SegmentedRaftLogWorker (SegmentedRaftLogWorker.java:lambda$new$0(135)) - 9af99ef4-a70d-4375-9c0d-594670c86eaa@group-C7CE7C2009D5-SegmentedRaftLogWorker: safeCacheEvictIndex: setUnconditionally 0 -> -1
2022-12-15 22:21:55,710 [pool-163-thread-1] INFO  server.RaftServer$Division (RaftServerImpl.java:start(334)) - 9af99ef4-a70d-4375-9c0d-594670c86eaa@group-C7CE7C2009D5: start as a follower, conf=-1: peers:[9af99ef4-a70d-4375-9c0d-594670c86eaa|rpc:10.1.0.13:37969|priority:1|startupRole:FOLLOWER]|listeners:[], old=null
2022-12-15 22:21:55,710 [pool-163-thread-1] INFO  server.RaftServer$Division (RaftServerImpl.java:setRole(321)) - 9af99ef4-a70d-4375-9c0d-594670c86eaa@group-C7CE7C2009D5: changes role from      null to FOLLOWER at term 0 for startAsFollower
2022-12-15 22:21:55,710 [pool-163-thread-1] INFO  impl.RoleInfo (RoleInfo.java:updateAndGet(139)) - 9af99ef4-a70d-4375-9c0d-594670c86eaa: start 9af99ef4-a70d-4375-9c0d-594670c86eaa@group-C7CE7C2009D5-FollowerState
2022-12-15 22:21:55,710 [pool-163-thread-1] INFO  util.JmxRegister (JmxRegister.java:tryRegister(44)) - Successfully registered JMX Bean with object name Ratis:service=RaftServer,group=group-C7CE7C2009D5,id=9af99ef4-a70d-4375-9c0d-594670c86eaa
2022-12-15 22:21:55,710 [pool-163-thread-1] INFO  server.RaftServerConfigKeys (ConfUtils.java:logGet(46)) - raft.server.snapshot.auto.trigger.enabled = true (custom)
2022-12-15 22:21:55,710 [pool-163-thread-1] INFO  server.RaftServerConfigKeys (ConfUtils.java:logGet(46)) - raft.server.snapshot.auto.trigger.threshold = 10000 (custom)
2022-12-15 22:21:55,710 [pool-163-thread-1] INFO  server.RaftServerConfigKeys (ConfUtils.java:logGet(46)) - raft.server.snapshot.retention.file.num = 5 (custom)
2022-12-15 22:21:55,710 [pool-163-thread-1] INFO  server.RaftServerConfigKeys (ConfUtils.java:logGet(46)) - raft.server.log.purge.upto.snapshot.index = false (default)
2022-12-15 22:21:55,711 [9af99ef4-a70d-4375-9c0d-594670c86eaa@group-C7CE7C2009D5-FollowerState] INFO  server.RaftServerConfigKeys (ConfUtils.java:logFallback(53)) - raft.server.rpc.first-election.timeout.min = 5s (fallback to raft.server.rpc.timeout.min)
2022-12-15 22:21:55,711 [9af99ef4-a70d-4375-9c0d-594670c86eaa@group-C7CE7C2009D5-FollowerState] INFO  server.RaftServerConfigKeys (ConfUtils.java:logFallback(53)) - raft.server.rpc.first-election.timeout.max = 5200ms (fallback to raft.server.rpc.timeout.max)
2022-12-15 22:21:55,713 [Command processor thread] INFO  ratis.XceiverServerRatis (XceiverServerRatis.java:addGroup(765)) - Created group PipelineID=6e385720-725f-4bca-9036-c7ce7c2009d5
2022-12-15 22:21:55,713 [Command processor thread] INFO  commandhandler.CreatePipelineCommandHandler (CreatePipelineCommandHandler.java:handle(113)) - Created Pipeline RATIS ONE PipelineID=6e385720-725f-4bca-9036-c7ce7c2009d5.
2022-12-15 22:21:55,952 [EventQueue-CommandQueueReportForCommandQueueReportHandler] WARN  events.EventQueue (EventQueue.java:fireEvent(216)) - No event handler registered for event TypedEvent{payloadType=DatanodeDetails, name='Datanode_Command_Queue_Updated'}
2022-12-15 22:21:55,990 [EventQueue-CommandQueueReportForCommandQueueReportHandler] WARN  events.EventQueue (EventQueue.java:fireEvent(216)) - No event handler registered for event TypedEvent{payloadType=DatanodeDetails, name='Datanode_Command_Queue_Updated'}
2022-12-15 22:21:55,990 [EventQueue-OpenPipelineForHealthyPipelineSafeModeRule] INFO  safemode.SCMSafeModeManager (HealthyPipelineSafeModeRule.java:process(137)) - SCM in safe mode. Healthy pipelines reported count is 0, required healthy pipeline reported count is 1
2022-12-15 22:21:56,211 [ReplicationMonitor] INFO  replication.ReplicationManager (ReplicationManager.java:processAll(327)) - Replication Manager is not ready to run until 3000ms after safemode exit
2022-12-15 22:21:56,219 [Command processor thread] INFO  server.RaftServer (RaftServerProxy.java:addNew(96)) - c0e45f45-48a3-418c-b3ac-112e0491709c: addNew group-3ED7B0640C31:[c0e45f45-48a3-418c-b3ac-112e0491709c|rpc:10.1.0.13:40363|priority:1|startupRole:FOLLOWER] returns group-3ED7B0640C31:java.util.concurrent.CompletableFuture@6d6a662e[Not completed]
2022-12-15 22:21:56,221 [pool-186-thread-1] INFO  server.RaftServer$Division (RaftServerImpl.java:<init>(195)) - c0e45f45-48a3-418c-b3ac-112e0491709c: new RaftServerImpl for group-3ED7B0640C31:[c0e45f45-48a3-418c-b3ac-112e0491709c|rpc:10.1.0.13:40363|priority:1|startupRole:FOLLOWER] with ContainerStateMachine:uninitialized
2022-12-15 22:21:56,221 [pool-186-thread-1] INFO  server.RaftServerConfigKeys (ConfUtils.java:logGet(46)) - raft.server.rpc.timeout.min = 5s (custom)
2022-12-15 22:21:56,221 [pool-186-thread-1] INFO  server.RaftServerConfigKeys (ConfUtils.java:logGet(46)) - raft.server.rpc.timeout.max = 5200ms (custom)
2022-12-15 22:21:56,221 [pool-186-thread-1] INFO  server.RaftServerConfigKeys (ConfUtils.java:logGet(46)) - raft.server.rpc.sleep.time = 25ms (default)
2022-12-15 22:21:56,221 [pool-186-thread-1] INFO  server.RaftServerConfigKeys (ConfUtils.java:logGet(46)) - raft.server.rpc.slowness.timeout = 300s (custom)
2022-12-15 22:21:56,221 [pool-186-thread-1] INFO  server.RaftServerConfigKeys (ConfUtils.java:logGet(46)) - raft.server.leaderelection.leader.step-down.wait-time = 10s (default)
2022-12-15 22:21:56,221 [pool-186-thread-1] INFO  server.RaftServerConfigKeys (ConfUtils.java:logGet(46)) - raft.server.sleep.deviation.threshold = 300ms (default)
2022-12-15 22:21:56,222 [pool-186-thread-1] INFO  server.RaftServer$Division (ServerState.java:<init>(118)) - c0e45f45-48a3-418c-b3ac-112e0491709c@group-3ED7B0640C31: ConfigurationManager, init=-1: peers:[c0e45f45-48a3-418c-b3ac-112e0491709c|rpc:10.1.0.13:40363|priority:1|startupRole:FOLLOWER]|listeners:[], old=null, confs=<EMPTY_MAP>
2022-12-15 22:21:56,222 [pool-186-thread-1] INFO  server.RaftServerConfigKeys (ConfUtils.java:logGet(46)) - raft.server.storage.dir = [/home/runner/work/ozone/ozone/hadoop-ozone/integration-test/target/test-dir/MiniOzoneClusterImpl-67032562-5e12-4c4f-a5ab-79ddd1e2132c/datanode-5/data/ratis] (custom)
2022-12-15 22:21:56,222 [pool-186-thread-1] INFO  server.RaftServerConfigKeys (ConfUtils.java:logGet(46)) - raft.server.log.corruption.policy = EXCEPTION (default)
2022-12-15 22:21:56,222 [pool-186-thread-1] INFO  server.RaftServerConfigKeys (ConfUtils.java:logGet(46)) - raft.server.storage.free-space.min = 0MB (=0) (default)
2022-12-15 22:21:56,222 [pool-186-thread-1] INFO  server.RaftServerConfigKeys (ConfUtils.java:logGet(46)) - raft.server.notification.no-leader.timeout = 300s (custom)
2022-12-15 22:21:56,222 [pool-186-thread-1] INFO  server.RaftServerConfigKeys (ConfUtils.java:logGet(46)) - raft.server.retrycache.expirytime = 600000ms (custom)
2022-12-15 22:21:56,222 [pool-186-thread-1] INFO  server.RaftServerConfigKeys (ConfUtils.java:logGet(46)) - raft.server.retrycache.statistics.expirytime = 100μs (default)
2022-12-15 22:21:56,225 [pool-186-thread-1] INFO  server.RaftServerConfigKeys (ConfUtils.java:logGet(46)) - raft.server.log.appender.install.snapshot.enabled = false (custom)
2022-12-15 22:21:56,225 [pool-186-thread-1] INFO  server.RaftServerConfigKeys (ConfUtils.java:logGet(46)) - raft.server.threadpool.server.cached = true (default)
2022-12-15 22:21:56,225 [pool-186-thread-1] INFO  server.RaftServerConfigKeys (ConfUtils.java:logGet(46)) - raft.server.threadpool.server.size = 0 (default)
2022-12-15 22:21:56,225 [pool-186-thread-1] INFO  server.RaftServerConfigKeys (ConfUtils.java:logGet(46)) - raft.server.threadpool.client.cached = true (default)
2022-12-15 22:21:56,225 [pool-186-thread-1] INFO  server.RaftServerConfigKeys (ConfUtils.java:logGet(46)) - raft.server.threadpool.client.size = 0 (default)
2022-12-15 22:21:56,225 [pool-186-thread-1] INFO  storage.RaftStorageDirectory (RaftStorageDirectoryImpl.java:analyzeStorage(137)) - The storage directory /home/runner/work/ozone/ozone/hadoop-ozone/integration-test/target/test-dir/MiniOzoneClusterImpl-67032562-5e12-4c4f-a5ab-79ddd1e2132c/datanode-5/data/ratis/c2b1cf5f-e953-402c-8c5a-3ed7b0640c31 does not exist. Creating ...
2022-12-15 22:21:56,227 [pool-186-thread-1] INFO  storage.RaftStorageDirectory (RaftStorageDirectoryImpl.java:tryLock(231)) - Lock on /home/runner/work/ozone/ozone/hadoop-ozone/integration-test/target/test-dir/MiniOzoneClusterImpl-67032562-5e12-4c4f-a5ab-79ddd1e2132c/datanode-5/data/ratis/c2b1cf5f-e953-402c-8c5a-3ed7b0640c31/in_use.lock acquired by nodename 2635@fv-az83-67
2022-12-15 22:21:56,229 [pool-186-thread-1] INFO  storage.RaftStorage (RaftStorageImpl.java:format(96)) - Storage directory /home/runner/work/ozone/ozone/hadoop-ozone/integration-test/target/test-dir/MiniOzoneClusterImpl-67032562-5e12-4c4f-a5ab-79ddd1e2132c/datanode-5/data/ratis/c2b1cf5f-e953-402c-8c5a-3ed7b0640c31 has been successfully formatted.
2022-12-15 22:21:56,229 [pool-186-thread-1] INFO  ratis.ContainerStateMachine (ContainerStateMachine.java:loadSnapshot(236)) - group-3ED7B0640C31: The snapshot info is null. Setting the last applied indexto:(t:0, i:~)
2022-12-15 22:21:56,229 [pool-186-thread-1] INFO  server.RaftServerConfigKeys (ConfUtils.java:logGet(46)) - raft.server.log.use.memory = false (default)
2022-12-15 22:21:56,230 [pool-186-thread-1] INFO  server.RaftServerConfigKeys (ConfUtils.java:logGet(46)) - raft.server.log.purge.gap = 1000000 (custom)
2022-12-15 22:21:56,230 [pool-186-thread-1] INFO  server.RaftServerConfigKeys (ConfUtils.java:logGet(46)) - raft.server.log.appender.buffer.byte-limit = 33554432 (custom)
2022-12-15 22:21:56,230 [pool-186-thread-1] INFO  server.RaftServerConfigKeys (ConfUtils.java:logGet(46)) - raft.server.log.statemachine.data.read.timeout = 1000ms (default)
2022-12-15 22:21:56,230 [pool-186-thread-1] INFO  server.RaftServerConfigKeys (ConfUtils.java:logGet(46)) - raft.server.log.purge.preservation.log.num = 0 (default)
2022-12-15 22:21:56,230 [pool-186-thread-1] INFO  server.RaftServerConfigKeys (ConfUtils.java:logGet(46)) - raft.server.log.segment.size.max = 1048576 (custom)
2022-12-15 22:21:56,232 [pool-186-thread-1] INFO  server.RaftServerConfigKeys (ConfUtils.java:logGet(46)) - raft.server.log.segment.cache.num.max = 2 (custom)
2022-12-15 22:21:56,233 [pool-186-thread-1] INFO  server.RaftServerConfigKeys (ConfUtils.java:logGet(46)) - raft.server.log.segment.cache.size.max = 200MB (=209715200) (default)
2022-12-15 22:21:56,233 [EventQueue-PipelineReportForPipelineReportHandler] INFO  pipeline.PipelineManagerImpl (PipelineManagerImpl.java:openPipeline(367)) - Pipeline Pipeline[ Id: c2b1cf5f-e953-402c-8c5a-3ed7b0640c31, Nodes: c0e45f45-48a3-418c-b3ac-112e0491709c{ip: 10.1.0.13, host: fv-az83-67.pawgbth4qraerhbqawdeo1jfng.dx.internal.cloudapp.net, ports: [REPLICATION=35393, RATIS=40363, RATIS_ADMIN=40363, RATIS_SERVER=40363, STANDALONE=44419], networkLocation: /default-rack, certSerialId: null, persistedOpState: IN_SERVICE, persistedOpStateExpiryEpochSec: 0}, ReplicationConfig: RATIS/ONE, State:ALLOCATED, leaderId:c0e45f45-48a3-418c-b3ac-112e0491709c, CreationTimestamp2022-12-15T22:21:53.223Z[Etc/UTC]] moved to OPEN state
2022-12-15 22:21:56,232 [EventQueue-CommandQueueReportForCommandQueueReportHandler] WARN  events.EventQueue (EventQueue.java:fireEvent(216)) - No event handler registered for event TypedEvent{payloadType=DatanodeDetails, name='Datanode_Command_Queue_Updated'}
2022-12-15 22:21:56,233 [pool-186-thread-1] INFO  segmented.SegmentedRaftLogWorker (SegmentedRaftLogWorker.java:<init>(189)) - new c0e45f45-48a3-418c-b3ac-112e0491709c@group-3ED7B0640C31-SegmentedRaftLogWorker for RaftStorageImpl:Storage Directory /home/runner/work/ozone/ozone/hadoop-ozone/integration-test/target/test-dir/MiniOzoneClusterImpl-67032562-5e12-4c4f-a5ab-79ddd1e2132c/datanode-5/data/ratis/c2b1cf5f-e953-402c-8c5a-3ed7b0640c31
2022-12-15 22:21:56,235 [EventQueue-OpenPipelineForHealthyPipelineSafeModeRule] INFO  safemode.SCMSafeModeManager (HealthyPipelineSafeModeRule.java:process(137)) - SCM in safe mode. Healthy pipelines reported count is 0, required healthy pipeline reported count is 1
2022-12-15 22:21:56,235 [pool-186-thread-1] INFO  server.RaftServerConfigKeys (ConfUtils.java:logGet(46)) - raft.server.log.queue.byte-limit = 4294967296 (custom)
2022-12-15 22:21:56,235 [pool-186-thread-1] INFO  server.RaftServerConfigKeys (ConfUtils.java:logGet(46)) - raft.server.log.queue.element-limit = 1024 (custom)
2022-12-15 22:21:56,235 [pool-186-thread-1] INFO  server.RaftServerConfigKeys (ConfUtils.java:logGet(46)) - raft.server.log.segment.size.max = 1048576 (custom)
2022-12-15 22:21:56,235 [pool-186-thread-1] INFO  server.RaftServerConfigKeys (ConfUtils.java:logGet(46)) - raft.server.log.preallocated.size = 16384 (custom)
2022-12-15 22:21:56,235 [pool-186-thread-1] INFO  server.RaftServerConfigKeys (ConfUtils.java:logGet(46)) - raft.server.log.force.sync.num = 128 (default)
2022-12-15 22:21:56,236 [pool-186-thread-1] INFO  server.RaftServerConfigKeys (ConfUtils.java:logGet(46)) - raft.server.log.statemachine.data.sync = true (default)
2022-12-15 22:21:56,236 [pool-186-thread-1] INFO  server.RaftServerConfigKeys (ConfUtils.java:logGet(46)) - raft.server.log.statemachine.data.sync.timeout = 10s (default)
2022-12-15 22:21:56,236 [pool-186-thread-1] INFO  server.RaftServerConfigKeys (ConfUtils.java:logGet(46)) - raft.server.log.statemachine.data.sync.timeout.retry = -1 (default)
2022-12-15 22:21:56,237 [pool-186-thread-1] INFO  server.RaftServerConfigKeys (ConfUtils.java:logGet(46)) - raft.server.log.write.buffer.size = 1048576 (custom)
2022-12-15 22:21:56,238 [pool-186-thread-1] INFO  server.RaftServerConfigKeys (ConfUtils.java:logGet(46)) - raft.server.log.appender.buffer.byte-limit = 33554432 (custom)
2022-12-15 22:21:56,245 [pool-186-thread-1] INFO  server.RaftServerConfigKeys (ConfUtils.java:logGet(46)) - raft.server.log.unsafe-flush.enabled = false (default)
2022-12-15 22:21:56,245 [pool-186-thread-1] INFO  server.RaftServerConfigKeys (ConfUtils.java:logGet(46)) - raft.server.log.async-flush.enabled = false (default)
2022-12-15 22:21:56,245 [pool-186-thread-1] INFO  server.RaftServerConfigKeys (ConfUtils.java:logGet(46)) - raft.server.log.statemachine.data.caching.enabled = true (custom)
2022-12-15 22:21:56,245 [pool-186-thread-1] INFO  segmented.SegmentedRaftLogWorker (SegmentedRaftLogWorker.java:lambda$new$0(135)) - c0e45f45-48a3-418c-b3ac-112e0491709c@group-3ED7B0640C31-SegmentedRaftLogWorker: flushIndex: setUnconditionally 0 -> -1
2022-12-15 22:21:56,245 [pool-186-thread-1] INFO  segmented.SegmentedRaftLogWorker (SegmentedRaftLogWorker.java:lambda$new$0(135)) - c0e45f45-48a3-418c-b3ac-112e0491709c@group-3ED7B0640C31-SegmentedRaftLogWorker: safeCacheEvictIndex: setUnconditionally 0 -> -1
2022-12-15 22:21:56,246 [pool-186-thread-1] INFO  server.RaftServer$Division (RaftServerImpl.java:start(334)) - c0e45f45-48a3-418c-b3ac-112e0491709c@group-3ED7B0640C31: start as a follower, conf=-1: peers:[c0e45f45-48a3-418c-b3ac-112e0491709c|rpc:10.1.0.13:40363|priority:1|startupRole:FOLLOWER]|listeners:[], old=null
2022-12-15 22:21:56,246 [pool-186-thread-1] INFO  server.RaftServer$Division (RaftServerImpl.java:setRole(321)) - c0e45f45-48a3-418c-b3ac-112e0491709c@group-3ED7B0640C31: changes role from      null to FOLLOWER at term 0 for startAsFollower
2022-12-15 22:21:56,246 [pool-186-thread-1] INFO  impl.RoleInfo (RoleInfo.java:updateAndGet(139)) - c0e45f45-48a3-418c-b3ac-112e0491709c: start c0e45f45-48a3-418c-b3ac-112e0491709c@group-3ED7B0640C31-FollowerState
2022-12-15 22:21:56,246 [c0e45f45-48a3-418c-b3ac-112e0491709c@group-3ED7B0640C31-FollowerState] INFO  server.RaftServerConfigKeys (ConfUtils.java:logFallback(53)) - raft.server.rpc.first-election.timeout.min = 5s (fallback to raft.server.rpc.timeout.min)
2022-12-15 22:21:56,246 [c0e45f45-48a3-418c-b3ac-112e0491709c@group-3ED7B0640C31-FollowerState] INFO  server.RaftServerConfigKeys (ConfUtils.java:logFallback(53)) - raft.server.rpc.first-election.timeout.max = 5200ms (fallback to raft.server.rpc.timeout.max)
2022-12-15 22:21:56,246 [pool-186-thread-1] INFO  util.JmxRegister (JmxRegister.java:tryRegister(44)) - Successfully registered JMX Bean with object name Ratis:service=RaftServer,group=group-3ED7B0640C31,id=c0e45f45-48a3-418c-b3ac-112e0491709c
2022-12-15 22:21:56,247 [pool-186-thread-1] INFO  server.RaftServerConfigKeys (ConfUtils.java:logGet(46)) - raft.server.snapshot.auto.trigger.enabled = true (custom)
2022-12-15 22:21:56,247 [pool-186-thread-1] INFO  server.RaftServerConfigKeys (ConfUtils.java:logGet(46)) - raft.server.snapshot.auto.trigger.threshold = 10000 (custom)
2022-12-15 22:21:56,247 [pool-186-thread-1] INFO  server.RaftServerConfigKeys (ConfUtils.java:logGet(46)) - raft.server.snapshot.retention.file.num = 5 (custom)
2022-12-15 22:21:56,247 [pool-186-thread-1] INFO  server.RaftServerConfigKeys (ConfUtils.java:logGet(46)) - raft.server.log.purge.upto.snapshot.index = false (default)
2022-12-15 22:21:56,248 [Command processor thread] INFO  ratis.XceiverServerRatis (XceiverServerRatis.java:addGroup(765)) - Created group PipelineID=c2b1cf5f-e953-402c-8c5a-3ed7b0640c31
2022-12-15 22:21:56,248 [Command processor thread] INFO  commandhandler.CreatePipelineCommandHandler (CreatePipelineCommandHandler.java:handle(113)) - Created Pipeline RATIS ONE PipelineID=c2b1cf5f-e953-402c-8c5a-3ed7b0640c31.
2022-12-15 22:21:56,326 [EventQueue-CommandQueueReportForCommandQueueReportHandler] WARN  events.EventQueue (EventQueue.java:fireEvent(216)) - No event handler registered for event TypedEvent{payloadType=DatanodeDetails, name='Datanode_Command_Queue_Updated'}
2022-12-15 22:21:56,502 [EventQueue-OpenPipelineForHealthyPipelineSafeModeRule] INFO  safemode.SCMSafeModeManager (HealthyPipelineSafeModeRule.java:process(137)) - SCM in safe mode. Healthy pipelines reported count is 0, required healthy pipeline reported count is 1
2022-12-15 22:21:56,502 [EventQueue-CommandQueueReportForCommandQueueReportHandler] WARN  events.EventQueue (EventQueue.java:fireEvent(216)) - No event handler registered for event TypedEvent{payloadType=DatanodeDetails, name='Datanode_Command_Queue_Updated'}
2022-12-15 22:21:56,686 [Command processor thread] INFO  server.RaftServer (RaftServerProxy.java:addNew(96)) - 30cdbfed-5eb6-4d94-b03b-823178923405: addNew group-018CD0DF57F0:[30cdbfed-5eb6-4d94-b03b-823178923405|rpc:10.1.0.13:40489|priority:1|startupRole:FOLLOWER] returns group-018CD0DF57F0:java.util.concurrent.CompletableFuture@3af4e09f[Not completed]
2022-12-15 22:21:56,693 [EventQueue-CommandQueueReportForCommandQueueReportHandler] WARN  events.EventQueue (EventQueue.java:fireEvent(216)) - No event handler registered for event TypedEvent{payloadType=DatanodeDetails, name='Datanode_Command_Queue_Updated'}
2022-12-15 22:21:56,694 [pool-213-thread-1] INFO  server.RaftServer$Division (RaftServerImpl.java:<init>(195)) - 30cdbfed-5eb6-4d94-b03b-823178923405: new RaftServerImpl for group-018CD0DF57F0:[30cdbfed-5eb6-4d94-b03b-823178923405|rpc:10.1.0.13:40489|priority:1|startupRole:FOLLOWER] with ContainerStateMachine:uninitialized
2022-12-15 22:21:56,694 [pool-213-thread-1] INFO  server.RaftServerConfigKeys (ConfUtils.java:logGet(46)) - raft.server.rpc.timeout.min = 5s (custom)
2022-12-15 22:21:56,694 [pool-213-thread-1] INFO  server.RaftServerConfigKeys (ConfUtils.java:logGet(46)) - raft.server.rpc.timeout.max = 5200ms (custom)
2022-12-15 22:21:56,694 [pool-213-thread-1] INFO  server.RaftServerConfigKeys (ConfUtils.java:logGet(46)) - raft.server.rpc.sleep.time = 25ms (default)
2022-12-15 22:21:56,694 [pool-213-thread-1] INFO  server.RaftServerConfigKeys (ConfUtils.java:logGet(46)) - raft.server.rpc.slowness.timeout = 300s (custom)
2022-12-15 22:21:56,694 [pool-213-thread-1] INFO  server.RaftServerConfigKeys (ConfUtils.java:logGet(46)) - raft.server.leaderelection.leader.step-down.wait-time = 10s (default)
2022-12-15 22:21:56,694 [pool-213-thread-1] INFO  server.RaftServerConfigKeys (ConfUtils.java:logGet(46)) - raft.server.sleep.deviation.threshold = 300ms (default)
2022-12-15 22:21:56,694 [pool-213-thread-1] INFO  server.RaftServer$Division (ServerState.java:<init>(118)) - 30cdbfed-5eb6-4d94-b03b-823178923405@group-018CD0DF57F0: ConfigurationManager, init=-1: peers:[30cdbfed-5eb6-4d94-b03b-823178923405|rpc:10.1.0.13:40489|priority:1|startupRole:FOLLOWER]|listeners:[], old=null, confs=<EMPTY_MAP>
2022-12-15 22:21:56,694 [pool-213-thread-1] INFO  server.RaftServerConfigKeys (ConfUtils.java:logGet(46)) - raft.server.storage.dir = [/home/runner/work/ozone/ozone/hadoop-ozone/integration-test/target/test-dir/MiniOzoneClusterImpl-67032562-5e12-4c4f-a5ab-79ddd1e2132c/datanode-6/data/ratis] (custom)
2022-12-15 22:21:56,695 [pool-213-thread-1] INFO  server.RaftServerConfigKeys (ConfUtils.java:logGet(46)) - raft.server.log.corruption.policy = EXCEPTION (default)
2022-12-15 22:21:56,695 [pool-213-thread-1] INFO  server.RaftServerConfigKeys (ConfUtils.java:logGet(46)) - raft.server.storage.free-space.min = 0MB (=0) (default)
2022-12-15 22:21:56,695 [pool-213-thread-1] INFO  server.RaftServerConfigKeys (ConfUtils.java:logGet(46)) - raft.server.notification.no-leader.timeout = 300s (custom)
2022-12-15 22:21:56,695 [pool-213-thread-1] INFO  server.RaftServerConfigKeys (ConfUtils.java:logGet(46)) - raft.server.retrycache.expirytime = 600000ms (custom)
2022-12-15 22:21:56,695 [pool-213-thread-1] INFO  server.RaftServerConfigKeys (ConfUtils.java:logGet(46)) - raft.server.retrycache.statistics.expirytime = 100μs (default)
2022-12-15 22:21:56,697 [EventQueue-OpenPipelineForHealthyPipelineSafeModeRule] INFO  safemode.SCMSafeModeManager (HealthyPipelineSafeModeRule.java:process(137)) - SCM in safe mode. Healthy pipelines reported count is 0, required healthy pipeline reported count is 1
2022-12-15 22:21:56,697 [EventQueue-CommandQueueReportForCommandQueueReportHandler] WARN  events.EventQueue (EventQueue.java:fireEvent(216)) - No event handler registered for event TypedEvent{payloadType=DatanodeDetails, name='Datanode_Command_Queue_Updated'}
2022-12-15 22:21:56,699 [pool-213-thread-1] INFO  server.RaftServerConfigKeys (ConfUtils.java:logGet(46)) - raft.server.log.appender.install.snapshot.enabled = false (custom)
2022-12-15 22:21:56,699 [pool-213-thread-1] INFO  server.RaftServerConfigKeys (ConfUtils.java:logGet(46)) - raft.server.threadpool.server.cached = true (default)
2022-12-15 22:21:56,699 [pool-213-thread-1] INFO  server.RaftServerConfigKeys (ConfUtils.java:logGet(46)) - raft.server.threadpool.server.size = 0 (default)
2022-12-15 22:21:56,699 [pool-213-thread-1] INFO  server.RaftServerConfigKeys (ConfUtils.java:logGet(46)) - raft.server.threadpool.client.cached = true (default)
2022-12-15 22:21:56,699 [pool-213-thread-1] INFO  server.RaftServerConfigKeys (ConfUtils.java:logGet(46)) - raft.server.threadpool.client.size = 0 (default)
2022-12-15 22:21:56,699 [pool-213-thread-1] INFO  storage.RaftStorageDirectory (RaftStorageDirectoryImpl.java:analyzeStorage(137)) - The storage directory /home/runner/work/ozone/ozone/hadoop-ozone/integration-test/target/test-dir/MiniOzoneClusterImpl-67032562-5e12-4c4f-a5ab-79ddd1e2132c/datanode-6/data/ratis/9b95cf66-5b76-49bf-8596-018cd0df57f0 does not exist. Creating ...
2022-12-15 22:21:56,701 [pool-213-thread-1] INFO  storage.RaftStorageDirectory (RaftStorageDirectoryImpl.java:tryLock(231)) - Lock on /home/runner/work/ozone/ozone/hadoop-ozone/integration-test/target/test-dir/MiniOzoneClusterImpl-67032562-5e12-4c4f-a5ab-79ddd1e2132c/datanode-6/data/ratis/9b95cf66-5b76-49bf-8596-018cd0df57f0/in_use.lock acquired by nodename 2635@fv-az83-67
2022-12-15 22:21:56,703 [pool-213-thread-1] INFO  storage.RaftStorage (RaftStorageImpl.java:format(96)) - Storage directory /home/runner/work/ozone/ozone/hadoop-ozone/integration-test/target/test-dir/MiniOzoneClusterImpl-67032562-5e12-4c4f-a5ab-79ddd1e2132c/datanode-6/data/ratis/9b95cf66-5b76-49bf-8596-018cd0df57f0 has been successfully formatted.
2022-12-15 22:21:56,703 [pool-213-thread-1] INFO  ratis.ContainerStateMachine (ContainerStateMachine.java:loadSnapshot(236)) - group-018CD0DF57F0: The snapshot info is null. Setting the last applied indexto:(t:0, i:~)
2022-12-15 22:21:56,703 [pool-213-thread-1] INFO  server.RaftServerConfigKeys (ConfUtils.java:logGet(46)) - raft.server.log.use.memory = false (default)
2022-12-15 22:21:56,704 [EventQueue-CommandQueueReportForCommandQueueReportHandler] WARN  events.EventQueue (EventQueue.java:fireEvent(216)) - No event handler registered for event TypedEvent{payloadType=DatanodeDetails, name='Datanode_Command_Queue_Updated'}
2022-12-15 22:21:56,705 [EventQueue-PipelineReportForPipelineReportHandler] INFO  pipeline.PipelineManagerImpl (PipelineManagerImpl.java:openPipeline(367)) - Pipeline Pipeline[ Id: 9b95cf66-5b76-49bf-8596-018cd0df57f0, Nodes: 30cdbfed-5eb6-4d94-b03b-823178923405{ip: 10.1.0.13, host: fv-az83-67.pawgbth4qraerhbqawdeo1jfng.dx.internal.cloudapp.net, ports: [REPLICATION=35121, RATIS=40489, RATIS_ADMIN=40489, RATIS_SERVER=40489, STANDALONE=36205], networkLocation: /default-rack, certSerialId: null, persistedOpState: IN_SERVICE, persistedOpStateExpiryEpochSec: 0}, ReplicationConfig: RATIS/ONE, State:ALLOCATED, leaderId:30cdbfed-5eb6-4d94-b03b-823178923405, CreationTimestamp2022-12-15T22:21:53.691Z[Etc/UTC]] moved to OPEN state
2022-12-15 22:21:56,706 [pool-213-thread-1] INFO  server.RaftServerConfigKeys (ConfUtils.java:logGet(46)) - raft.server.log.purge.gap = 1000000 (custom)
2022-12-15 22:21:56,706 [pool-213-thread-1] INFO  server.RaftServerConfigKeys (ConfUtils.java:logGet(46)) - raft.server.log.appender.buffer.byte-limit = 33554432 (custom)
2022-12-15 22:21:56,706 [pool-213-thread-1] INFO  server.RaftServerConfigKeys (ConfUtils.java:logGet(46)) - raft.server.log.statemachine.data.read.timeout = 1000ms (default)
2022-12-15 22:21:56,706 [pool-213-thread-1] INFO  server.RaftServerConfigKeys (ConfUtils.java:logGet(46)) - raft.server.log.purge.preservation.log.num = 0 (default)
2022-12-15 22:21:56,706 [EventQueue-OpenPipelineForHealthyPipelineSafeModeRule] INFO  safemode.SCMSafeModeManager (HealthyPipelineSafeModeRule.java:process(137)) - SCM in safe mode. Healthy pipelines reported count is 0, required healthy pipeline reported count is 1
2022-12-15 22:21:56,708 [pool-213-thread-1] INFO  server.RaftServerConfigKeys (ConfUtils.java:logGet(46)) - raft.server.log.segment.size.max = 1048576 (custom)
2022-12-15 22:21:56,709 [pool-213-thread-1] INFO  server.RaftServerConfigKeys (ConfUtils.java:logGet(46)) - raft.server.log.segment.cache.num.max = 2 (custom)
2022-12-15 22:21:56,709 [pool-213-thread-1] INFO  server.RaftServerConfigKeys (ConfUtils.java:logGet(46)) - raft.server.log.segment.cache.size.max = 200MB (=209715200) (default)
2022-12-15 22:21:56,709 [pool-213-thread-1] INFO  segmented.SegmentedRaftLogWorker (SegmentedRaftLogWorker.java:<init>(189)) - new 30cdbfed-5eb6-4d94-b03b-823178923405@group-018CD0DF57F0-SegmentedRaftLogWorker for RaftStorageImpl:Storage Directory /home/runner/work/ozone/ozone/hadoop-ozone/integration-test/target/test-dir/MiniOzoneClusterImpl-67032562-5e12-4c4f-a5ab-79ddd1e2132c/datanode-6/data/ratis/9b95cf66-5b76-49bf-8596-018cd0df57f0
2022-12-15 22:21:56,709 [pool-213-thread-1] INFO  server.RaftServerConfigKeys (ConfUtils.java:logGet(46)) - raft.server.log.queue.byte-limit = 4294967296 (custom)
2022-12-15 22:21:56,709 [pool-213-thread-1] INFO  server.RaftServerConfigKeys (ConfUtils.java:logGet(46)) - raft.server.log.queue.element-limit = 1024 (custom)
2022-12-15 22:21:56,709 [Listener at 127.0.0.1/44409] INFO  ozone.MiniOzoneClusterImpl (MiniOzoneClusterImpl.java:lambda$waitForClusterToBeReady$0(216)) - Nodes are ready. Got 7 of 7 DN Heartbeats.
2022-12-15 22:21:56,714 [Listener at 127.0.0.1/44409] INFO  ozone.MiniOzoneClusterImpl (MiniOzoneClusterImpl.java:lambda$waitForClusterToBeReady$0(219)) - Waiting for cluster to exit safe mode
2022-12-15 22:21:56,714 [Listener at 127.0.0.1/44409] INFO  ozone.MiniOzoneClusterImpl (MiniOzoneClusterImpl.java:lambda$waitForClusterToBeReady$0(221)) - SCM became leader
2022-12-15 22:21:56,714 [pool-213-thread-1] INFO  server.RaftServerConfigKeys (ConfUtils.java:logGet(46)) - raft.server.log.segment.size.max = 1048576 (custom)
2022-12-15 22:21:56,714 [pool-213-thread-1] INFO  server.RaftServerConfigKeys (ConfUtils.java:logGet(46)) - raft.server.log.preallocated.size = 16384 (custom)
2022-12-15 22:21:56,714 [pool-213-thread-1] INFO  server.RaftServerConfigKeys (ConfUtils.java:logGet(46)) - raft.server.log.force.sync.num = 128 (default)
2022-12-15 22:21:56,714 [pool-213-thread-1] INFO  server.RaftServerConfigKeys (ConfUtils.java:logGet(46)) - raft.server.log.statemachine.data.sync = true (default)
2022-12-15 22:21:56,715 [pool-213-thread-1] INFO  server.RaftServerConfigKeys (ConfUtils.java:logGet(46)) - raft.server.log.statemachine.data.sync.timeout = 10s (default)
2022-12-15 22:21:56,715 [pool-213-thread-1] INFO  server.RaftServerConfigKeys (ConfUtils.java:logGet(46)) - raft.server.log.statemachine.data.sync.timeout.retry = -1 (default)
2022-12-15 22:21:56,716 [pool-213-thread-1] INFO  server.RaftServerConfigKeys (ConfUtils.java:logGet(46)) - raft.server.log.write.buffer.size = 1048576 (custom)
2022-12-15 22:21:56,716 [pool-213-thread-1] INFO  server.RaftServerConfigKeys (ConfUtils.java:logGet(46)) - raft.server.log.appender.buffer.byte-limit = 33554432 (custom)
2022-12-15 22:21:56,724 [pool-213-thread-1] INFO  server.RaftServerConfigKeys (ConfUtils.java:logGet(46)) - raft.server.log.unsafe-flush.enabled = false (default)
2022-12-15 22:21:56,724 [pool-213-thread-1] INFO  server.RaftServerConfigKeys (ConfUtils.java:logGet(46)) - raft.server.log.async-flush.enabled = false (default)
2022-12-15 22:21:56,724 [pool-213-thread-1] INFO  server.RaftServerConfigKeys (ConfUtils.java:logGet(46)) - raft.server.log.statemachine.data.caching.enabled = true (custom)
2022-12-15 22:21:56,725 [pool-213-thread-1] INFO  segmented.SegmentedRaftLogWorker (SegmentedRaftLogWorker.java:lambda$new$0(135)) - 30cdbfed-5eb6-4d94-b03b-823178923405@group-018CD0DF57F0-SegmentedRaftLogWorker: flushIndex: setUnconditionally 0 -> -1
2022-12-15 22:21:56,725 [pool-213-thread-1] INFO  segmented.SegmentedRaftLogWorker (SegmentedRaftLogWorker.java:lambda$new$0(135)) - 30cdbfed-5eb6-4d94-b03b-823178923405@group-018CD0DF57F0-SegmentedRaftLogWorker: safeCacheEvictIndex: setUnconditionally 0 -> -1
2022-12-15 22:21:56,725 [pool-213-thread-1] INFO  server.RaftServer$Division (RaftServerImpl.java:start(334)) - 30cdbfed-5eb6-4d94-b03b-823178923405@group-018CD0DF57F0: start as a follower, conf=-1: peers:[30cdbfed-5eb6-4d94-b03b-823178923405|rpc:10.1.0.13:40489|priority:1|startupRole:FOLLOWER]|listeners:[], old=null
2022-12-15 22:21:56,725 [pool-213-thread-1] INFO  server.RaftServer$Division (RaftServerImpl.java:setRole(321)) - 30cdbfed-5eb6-4d94-b03b-823178923405@group-018CD0DF57F0: changes role from      null to FOLLOWER at term 0 for startAsFollower
2022-12-15 22:21:56,725 [pool-213-thread-1] INFO  impl.RoleInfo (RoleInfo.java:updateAndGet(139)) - 30cdbfed-5eb6-4d94-b03b-823178923405: start 30cdbfed-5eb6-4d94-b03b-823178923405@group-018CD0DF57F0-FollowerState
2022-12-15 22:21:56,726 [pool-213-thread-1] INFO  util.JmxRegister (JmxRegister.java:tryRegister(44)) - Successfully registered JMX Bean with object name Ratis:service=RaftServer,group=group-018CD0DF57F0,id=30cdbfed-5eb6-4d94-b03b-823178923405
2022-12-15 22:21:56,726 [pool-213-thread-1] INFO  server.RaftServerConfigKeys (ConfUtils.java:logGet(46)) - raft.server.snapshot.auto.trigger.enabled = true (custom)
2022-12-15 22:21:56,726 [pool-213-thread-1] INFO  server.RaftServerConfigKeys (ConfUtils.java:logGet(46)) - raft.server.snapshot.auto.trigger.threshold = 10000 (custom)
2022-12-15 22:21:56,726 [pool-213-thread-1] INFO  server.RaftServerConfigKeys (ConfUtils.java:logGet(46)) - raft.server.snapshot.retention.file.num = 5 (custom)
2022-12-15 22:21:56,726 [pool-213-thread-1] INFO  server.RaftServerConfigKeys (ConfUtils.java:logGet(46)) - raft.server.log.purge.upto.snapshot.index = false (default)
2022-12-15 22:21:56,727 [30cdbfed-5eb6-4d94-b03b-823178923405@group-018CD0DF57F0-FollowerState] INFO  server.RaftServerConfigKeys (ConfUtils.java:logFallback(53)) - raft.server.rpc.first-election.timeout.min = 5s (fallback to raft.server.rpc.timeout.min)
2022-12-15 22:21:56,727 [30cdbfed-5eb6-4d94-b03b-823178923405@group-018CD0DF57F0-FollowerState] INFO  server.RaftServerConfigKeys (ConfUtils.java:logFallback(53)) - raft.server.rpc.first-election.timeout.max = 5200ms (fallback to raft.server.rpc.timeout.max)
2022-12-15 22:21:56,727 [Command processor thread] INFO  ratis.XceiverServerRatis (XceiverServerRatis.java:addGroup(765)) - Created group PipelineID=9b95cf66-5b76-49bf-8596-018cd0df57f0
2022-12-15 22:21:56,728 [Command processor thread] INFO  commandhandler.CreatePipelineCommandHandler (CreatePipelineCommandHandler.java:handle(113)) - Created Pipeline RATIS ONE PipelineID=9b95cf66-5b76-49bf-8596-018cd0df57f0.
2022-12-15 22:21:56,949 [EventQueue-OpenPipelineForHealthyPipelineSafeModeRule] INFO  safemode.SCMSafeModeManager (HealthyPipelineSafeModeRule.java:process(137)) - SCM in safe mode. Healthy pipelines reported count is 0, required healthy pipeline reported count is 1
2022-12-15 22:21:56,949 [EventQueue-CommandQueueReportForCommandQueueReportHandler] WARN  events.EventQueue (EventQueue.java:fireEvent(216)) - No event handler registered for event TypedEvent{payloadType=DatanodeDetails, name='Datanode_Command_Queue_Updated'}
2022-12-15 22:21:56,992 [EventQueue-OpenPipelineForHealthyPipelineSafeModeRule] INFO  safemode.SCMSafeModeManager (HealthyPipelineSafeModeRule.java:process(137)) - SCM in safe mode. Healthy pipelines reported count is 0, required healthy pipeline reported count is 1
2022-12-15 22:21:56,992 [EventQueue-CommandQueueReportForCommandQueueReportHandler] WARN  events.EventQueue (EventQueue.java:fireEvent(216)) - No event handler registered for event TypedEvent{payloadType=DatanodeDetails, name='Datanode_Command_Queue_Updated'}
2022-12-15 22:21:57,211 [ReplicationMonitor] INFO  replication.ReplicationManager (ReplicationManager.java:processAll(327)) - Replication Manager is not ready to run until 3000ms after safemode exit
2022-12-15 22:21:57,234 [EventQueue-CommandQueueReportForCommandQueueReportHandler] WARN  events.EventQueue (EventQueue.java:fireEvent(216)) - No event handler registered for event TypedEvent{payloadType=DatanodeDetails, name='Datanode_Command_Queue_Updated'}
2022-12-15 22:21:57,325 [EventQueue-OpenPipelineForHealthyPipelineSafeModeRule] INFO  safemode.SCMSafeModeManager (HealthyPipelineSafeModeRule.java:process(137)) - SCM in safe mode. Healthy pipelines reported count is 0, required healthy pipeline reported count is 1
2022-12-15 22:21:57,325 [EventQueue-CommandQueueReportForCommandQueueReportHandler] WARN  events.EventQueue (EventQueue.java:fireEvent(216)) - No event handler registered for event TypedEvent{payloadType=DatanodeDetails, name='Datanode_Command_Queue_Updated'}
2022-12-15 22:21:57,503 [EventQueue-CommandQueueReportForCommandQueueReportHandler] WARN  events.EventQueue (EventQueue.java:fireEvent(216)) - No event handler registered for event TypedEvent{payloadType=DatanodeDetails, name='Datanode_Command_Queue_Updated'}
2022-12-15 22:21:57,697 [EventQueue-OpenPipelineForHealthyPipelineSafeModeRule] INFO  safemode.SCMSafeModeManager (HealthyPipelineSafeModeRule.java:process(137)) - SCM in safe mode. Healthy pipelines reported count is 0, required healthy pipeline reported count is 1
2022-12-15 22:21:57,697 [EventQueue-CommandQueueReportForCommandQueueReportHandler] WARN  events.EventQueue (EventQueue.java:fireEvent(216)) - No event handler registered for event TypedEvent{payloadType=DatanodeDetails, name='Datanode_Command_Queue_Updated'}
2022-12-15 22:21:57,704 [EventQueue-CommandQueueReportForCommandQueueReportHandler] WARN  events.EventQueue (EventQueue.java:fireEvent(216)) - No event handler registered for event TypedEvent{payloadType=DatanodeDetails, name='Datanode_Command_Queue_Updated'}
2022-12-15 22:21:57,714 [Listener at 127.0.0.1/44409] INFO  ozone.MiniOzoneClusterImpl (MiniOzoneClusterImpl.java:lambda$waitForClusterToBeReady$0(216)) - Nodes are ready. Got 7 of 7 DN Heartbeats.
2022-12-15 22:21:57,714 [Listener at 127.0.0.1/44409] INFO  ozone.MiniOzoneClusterImpl (MiniOzoneClusterImpl.java:lambda$waitForClusterToBeReady$0(219)) - Waiting for cluster to exit safe mode
2022-12-15 22:21:57,714 [Listener at 127.0.0.1/44409] INFO  ozone.MiniOzoneClusterImpl (MiniOzoneClusterImpl.java:lambda$waitForClusterToBeReady$0(221)) - SCM became leader
2022-12-15 22:21:57,946 [EventQueue-OpenPipelineForHealthyPipelineSafeModeRule] INFO  safemode.SCMSafeModeManager (HealthyPipelineSafeModeRule.java:process(137)) - SCM in safe mode. Healthy pipelines reported count is 0, required healthy pipeline reported count is 1
2022-12-15 22:21:57,946 [EventQueue-CommandQueueReportForCommandQueueReportHandler] WARN  events.EventQueue (EventQueue.java:fireEvent(216)) - No event handler registered for event TypedEvent{payloadType=DatanodeDetails, name='Datanode_Command_Queue_Updated'}
2022-12-15 22:21:57,993 [EventQueue-CommandQueueReportForCommandQueueReportHandler] WARN  events.EventQueue (EventQueue.java:fireEvent(216)) - No event handler registered for event TypedEvent{payloadType=DatanodeDetails, name='Datanode_Command_Queue_Updated'}
2022-12-15 22:21:58,211 [ReplicationMonitor] INFO  replication.ReplicationManager (ReplicationManager.java:processAll(327)) - Replication Manager is not ready to run until 3000ms after safemode exit
2022-12-15 22:21:58,233 [EventQueue-OpenPipelineForHealthyPipelineSafeModeRule] INFO  safemode.SCMSafeModeManager (HealthyPipelineSafeModeRule.java:process(137)) - SCM in safe mode. Healthy pipelines reported count is 0, required healthy pipeline reported count is 1
2022-12-15 22:21:58,233 [EventQueue-CommandQueueReportForCommandQueueReportHandler] WARN  events.EventQueue (EventQueue.java:fireEvent(216)) - No event handler registered for event TypedEvent{payloadType=DatanodeDetails, name='Datanode_Command_Queue_Updated'}
2022-12-15 22:21:58,326 [EventQueue-OpenPipelineForHealthyPipelineSafeModeRule] INFO  safemode.SCMSafeModeManager (HealthyPipelineSafeModeRule.java:process(137)) - SCM in safe mode. Healthy pipelines reported count is 0, required healthy pipeline reported count is 1
2022-12-15 22:21:58,326 [EventQueue-CommandQueueReportForCommandQueueReportHandler] WARN  events.EventQueue (EventQueue.java:fireEvent(216)) - No event handler registered for event TypedEvent{payloadType=DatanodeDetails, name='Datanode_Command_Queue_Updated'}
2022-12-15 22:21:58,504 [EventQueue-CommandQueueReportForCommandQueueReportHandler] WARN  events.EventQueue (EventQueue.java:fireEvent(216)) - No event handler registered for event TypedEvent{payloadType=DatanodeDetails, name='Datanode_Command_Queue_Updated'}
2022-12-15 22:21:58,505 [EventQueue-OpenPipelineForHealthyPipelineSafeModeRule] INFO  safemode.SCMSafeModeManager (HealthyPipelineSafeModeRule.java:process(137)) - SCM in safe mode. Healthy pipelines reported count is 0, required healthy pipeline reported count is 1
2022-12-15 22:21:58,698 [EventQueue-OpenPipelineForHealthyPipelineSafeModeRule] INFO  safemode.SCMSafeModeManager (HealthyPipelineSafeModeRule.java:process(137)) - SCM in safe mode. Healthy pipelines reported count is 0, required healthy pipeline reported count is 1
2022-12-15 22:21:58,698 [EventQueue-CommandQueueReportForCommandQueueReportHandler] WARN  events.EventQueue (EventQueue.java:fireEvent(216)) - No event handler registered for event TypedEvent{payloadType=DatanodeDetails, name='Datanode_Command_Queue_Updated'}
2022-12-15 22:21:58,704 [EventQueue-CommandQueueReportForCommandQueueReportHandler] WARN  events.EventQueue (EventQueue.java:fireEvent(216)) - No event handler registered for event TypedEvent{payloadType=DatanodeDetails, name='Datanode_Command_Queue_Updated'}
2022-12-15 22:21:58,704 [EventQueue-OpenPipelineForHealthyPipelineSafeModeRule] INFO  safemode.SCMSafeModeManager (HealthyPipelineSafeModeRule.java:process(137)) - SCM in safe mode. Healthy pipelines reported count is 0, required healthy pipeline reported count is 1
2022-12-15 22:21:58,714 [Listener at 127.0.0.1/44409] INFO  ozone.MiniOzoneClusterImpl (MiniOzoneClusterImpl.java:lambda$waitForClusterToBeReady$0(216)) - Nodes are ready. Got 7 of 7 DN Heartbeats.
2022-12-15 22:21:58,715 [Listener at 127.0.0.1/44409] INFO  ozone.MiniOzoneClusterImpl (MiniOzoneClusterImpl.java:lambda$waitForClusterToBeReady$0(219)) - Waiting for cluster to exit safe mode
2022-12-15 22:21:58,715 [Listener at 127.0.0.1/44409] INFO  ozone.MiniOzoneClusterImpl (MiniOzoneClusterImpl.java:lambda$waitForClusterToBeReady$0(221)) - SCM became leader
2022-12-15 22:21:58,946 [EventQueue-OpenPipelineForHealthyPipelineSafeModeRule] INFO  safemode.SCMSafeModeManager (HealthyPipelineSafeModeRule.java:process(137)) - SCM in safe mode. Healthy pipelines reported count is 0, required healthy pipeline reported count is 1
2022-12-15 22:21:58,946 [EventQueue-CommandQueueReportForCommandQueueReportHandler] WARN  events.EventQueue (EventQueue.java:fireEvent(216)) - No event handler registered for event TypedEvent{payloadType=DatanodeDetails, name='Datanode_Command_Queue_Updated'}
2022-12-15 22:21:58,992 [EventQueue-CommandQueueReportForCommandQueueReportHandler] WARN  events.EventQueue (EventQueue.java:fireEvent(216)) - No event handler registered for event TypedEvent{payloadType=DatanodeDetails, name='Datanode_Command_Queue_Updated'}
2022-12-15 22:21:58,992 [EventQueue-OpenPipelineForHealthyPipelineSafeModeRule] INFO  safemode.SCMSafeModeManager (HealthyPipelineSafeModeRule.java:process(137)) - SCM in safe mode. Healthy pipelines reported count is 0, required healthy pipeline reported count is 1
2022-12-15 22:21:59,052 [1e86e54b-7ea4-4ffe-a764-33ccb592660f@group-5AB91DFA3848-FollowerState] INFO  impl.FollowerState (FollowerState.java:run(143)) - 1e86e54b-7ea4-4ffe-a764-33ccb592660f@group-5AB91DFA3848-FollowerState: change to CANDIDATE, lastRpcElapsedTime:5045030309ns, electionTimeout:5044ms
2022-12-15 22:21:59,053 [1e86e54b-7ea4-4ffe-a764-33ccb592660f@group-5AB91DFA3848-FollowerState] INFO  impl.RoleInfo (RoleInfo.java:shutdownFollowerState(110)) - 1e86e54b-7ea4-4ffe-a764-33ccb592660f: shutdown 1e86e54b-7ea4-4ffe-a764-33ccb592660f@group-5AB91DFA3848-FollowerState
2022-12-15 22:21:59,053 [1e86e54b-7ea4-4ffe-a764-33ccb592660f@group-5AB91DFA3848-FollowerState] INFO  server.RaftServer$Division (RaftServerImpl.java:setRole(321)) - 1e86e54b-7ea4-4ffe-a764-33ccb592660f@group-5AB91DFA3848: changes role from  FOLLOWER to CANDIDATE at term 0 for changeToCandidate
2022-12-15 22:21:59,054 [1e86e54b-7ea4-4ffe-a764-33ccb592660f@group-5AB91DFA3848-FollowerState] INFO  server.RaftServerConfigKeys (ConfUtils.java:logGet(46)) - raft.server.leaderelection.pre-vote = false (custom)
2022-12-15 22:21:59,054 [1e86e54b-7ea4-4ffe-a764-33ccb592660f@group-5AB91DFA3848-FollowerState] INFO  impl.RoleInfo (RoleInfo.java:updateAndGet(139)) - 1e86e54b-7ea4-4ffe-a764-33ccb592660f: start 1e86e54b-7ea4-4ffe-a764-33ccb592660f@group-5AB91DFA3848-LeaderElection2
2022-12-15 22:21:59,063 [1e86e54b-7ea4-4ffe-a764-33ccb592660f@group-5AB91DFA3848-LeaderElection2] INFO  impl.LeaderElection (LeaderElection.java:askForVotes(312)) - 1e86e54b-7ea4-4ffe-a764-33ccb592660f@group-5AB91DFA3848-LeaderElection2 ELECTION round 0: submit vote requests at term 1 for -1: peers:[e0198350-5a80-4cc9-b4d4-fe7f34161fcd|rpc:10.1.0.13:33167|priority:1|startupRole:FOLLOWER, 8742ce53-ec43-4b5d-92fb-ca295b19fdac|rpc:10.1.0.13:44977|priority:0|startupRole:FOLLOWER, 1e86e54b-7ea4-4ffe-a764-33ccb592660f|rpc:10.1.0.13:45413|priority:0|startupRole:FOLLOWER]|listeners:[], old=null
2022-12-15 22:21:59,070 [1e86e54b-7ea4-4ffe-a764-33ccb592660f@group-5AB91DFA3848-LeaderElection2] INFO  server.RaftServerConfigKeys (ConfUtils.java:logFallback(53)) - raft.server.rpc.first-election.timeout.min = 5s (fallback to raft.server.rpc.timeout.min)
2022-12-15 22:21:59,070 [1e86e54b-7ea4-4ffe-a764-33ccb592660f@group-5AB91DFA3848-LeaderElection2] INFO  server.RaftServerConfigKeys (ConfUtils.java:logFallback(53)) - raft.server.rpc.first-election.timeout.max = 5200ms (fallback to raft.server.rpc.timeout.max)
2022-12-15 22:21:59,071 [1e86e54b-7ea4-4ffe-a764-33ccb592660f@group-5AB91DFA3848-LeaderElection2-1] INFO  server.GrpcServerProtocolClient (GrpcServerProtocolClient.java:<init>(63)) - Build channel for e0198350-5a80-4cc9-b4d4-fe7f34161fcd
2022-12-15 22:21:59,073 [1e86e54b-7ea4-4ffe-a764-33ccb592660f@group-5AB91DFA3848-LeaderElection2-2] INFO  server.GrpcServerProtocolClient (GrpcServerProtocolClient.java:<init>(63)) - Build channel for 8742ce53-ec43-4b5d-92fb-ca295b19fdac
2022-12-15 22:21:59,103 [grpc-default-executor-2] INFO  server.RaftServer$Division (RaftServerImpl.java:requestVote(1218)) - e0198350-5a80-4cc9-b4d4-fe7f34161fcd@group-5AB91DFA3848: receive requestVote(ELECTION, 1e86e54b-7ea4-4ffe-a764-33ccb592660f, group-5AB91DFA3848, 1, (t:0, i:0))
2022-12-15 22:21:59,105 [grpc-default-executor-2] INFO  impl.VoteContext (VoteContext.java:log(49)) - e0198350-5a80-4cc9-b4d4-fe7f34161fcd@group-5AB91DFA3848-FOLLOWER: reject ELECTION from 1e86e54b-7ea4-4ffe-a764-33ccb592660f: our priority 1 > candidate's priority 0
2022-12-15 22:21:59,105 [grpc-default-executor-2] INFO  server.RaftServer$Division (RaftServerImpl.java:setRole(321)) - e0198350-5a80-4cc9-b4d4-fe7f34161fcd@group-5AB91DFA3848: changes role from  FOLLOWER to FOLLOWER at term 1 for candidate:1e86e54b-7ea4-4ffe-a764-33ccb592660f
2022-12-15 22:21:59,105 [grpc-default-executor-2] INFO  impl.RoleInfo (RoleInfo.java:shutdownFollowerState(110)) - e0198350-5a80-4cc9-b4d4-fe7f34161fcd: shutdown e0198350-5a80-4cc9-b4d4-fe7f34161fcd@group-5AB91DFA3848-FollowerState
2022-12-15 22:21:59,113 [grpc-default-executor-2] INFO  impl.RoleInfo (RoleInfo.java:updateAndGet(139)) - e0198350-5a80-4cc9-b4d4-fe7f34161fcd: start e0198350-5a80-4cc9-b4d4-fe7f34161fcd@group-5AB91DFA3848-FollowerState
2022-12-15 22:21:59,106 [e0198350-5a80-4cc9-b4d4-fe7f34161fcd@group-5AB91DFA3848-FollowerState] INFO  impl.FollowerState (FollowerState.java:run(152)) - e0198350-5a80-4cc9-b4d4-fe7f34161fcd@group-5AB91DFA3848-FollowerState was interrupted
2022-12-15 22:21:59,114 [grpc-default-executor-0] INFO  server.RaftServer$Division (RaftServerImpl.java:requestVote(1218)) - 8742ce53-ec43-4b5d-92fb-ca295b19fdac@group-5AB91DFA3848: receive requestVote(ELECTION, 1e86e54b-7ea4-4ffe-a764-33ccb592660f, group-5AB91DFA3848, 1, (t:0, i:0))
2022-12-15 22:21:59,115 [e0198350-5a80-4cc9-b4d4-fe7f34161fcd@group-5AB91DFA3848-FollowerState] INFO  server.RaftServerConfigKeys (ConfUtils.java:logFallback(53)) - raft.server.rpc.first-election.timeout.min = 5s (fallback to raft.server.rpc.timeout.min)
2022-12-15 22:21:59,115 [e0198350-5a80-4cc9-b4d4-fe7f34161fcd@group-5AB91DFA3848-FollowerState] INFO  server.RaftServerConfigKeys (ConfUtils.java:logFallback(53)) - raft.server.rpc.first-election.timeout.max = 5200ms (fallback to raft.server.rpc.timeout.max)
2022-12-15 22:21:59,114 [grpc-default-executor-0] INFO  impl.VoteContext (VoteContext.java:log(49)) - 8742ce53-ec43-4b5d-92fb-ca295b19fdac@group-5AB91DFA3848-FOLLOWER: accept ELECTION from 1e86e54b-7ea4-4ffe-a764-33ccb592660f: our priority 0 <= candidate's priority 0
2022-12-15 22:21:59,118 [grpc-default-executor-0] INFO  server.RaftServer$Division (RaftServerImpl.java:setRole(321)) - 8742ce53-ec43-4b5d-92fb-ca295b19fdac@group-5AB91DFA3848: changes role from  FOLLOWER to FOLLOWER at term 1 for candidate:1e86e54b-7ea4-4ffe-a764-33ccb592660f
2022-12-15 22:21:59,118 [grpc-default-executor-0] INFO  impl.RoleInfo (RoleInfo.java:shutdownFollowerState(110)) - 8742ce53-ec43-4b5d-92fb-ca295b19fdac: shutdown 8742ce53-ec43-4b5d-92fb-ca295b19fdac@group-5AB91DFA3848-FollowerState
2022-12-15 22:21:59,119 [grpc-default-executor-0] INFO  impl.RoleInfo (RoleInfo.java:updateAndGet(139)) - 8742ce53-ec43-4b5d-92fb-ca295b19fdac: start 8742ce53-ec43-4b5d-92fb-ca295b19fdac@group-5AB91DFA3848-FollowerState
2022-12-15 22:21:59,121 [grpc-default-executor-2] INFO  server.RaftServer$Division (RaftServerImpl.java:requestVote(1251)) - e0198350-5a80-4cc9-b4d4-fe7f34161fcd@group-5AB91DFA3848 replies to ELECTION vote request: 1e86e54b-7ea4-4ffe-a764-33ccb592660f<-e0198350-5a80-4cc9-b4d4-fe7f34161fcd#0:FAIL-t1. Peer's state: e0198350-5a80-4cc9-b4d4-fe7f34161fcd@group-5AB91DFA3848:t1, leader=null, voted=null, raftlog=Memoized:e0198350-5a80-4cc9-b4d4-fe7f34161fcd@group-5AB91DFA3848-SegmentedRaftLog:OPENED:c-1, conf=-1: peers:[e0198350-5a80-4cc9-b4d4-fe7f34161fcd|rpc:10.1.0.13:33167|priority:1|startupRole:FOLLOWER, 8742ce53-ec43-4b5d-92fb-ca295b19fdac|rpc:10.1.0.13:44977|priority:0|startupRole:FOLLOWER, 1e86e54b-7ea4-4ffe-a764-33ccb592660f|rpc:10.1.0.13:45413|priority:0|startupRole:FOLLOWER]|listeners:[], old=null
2022-12-15 22:21:59,124 [1e86e54b-7ea4-4ffe-a764-33ccb592660f@group-5AB91DFA3848-LeaderElection2] INFO  impl.LeaderElection (LeaderElection.java:logAndReturn(90)) - 1e86e54b-7ea4-4ffe-a764-33ccb592660f@group-5AB91DFA3848-LeaderElection2: ELECTION REJECTED received 1 response(s) and 0 exception(s):
2022-12-15 22:21:59,124 [8742ce53-ec43-4b5d-92fb-ca295b19fdac@group-5AB91DFA3848-FollowerState] INFO  impl.FollowerState (FollowerState.java:run(152)) - 8742ce53-ec43-4b5d-92fb-ca295b19fdac@group-5AB91DFA3848-FollowerState was interrupted
2022-12-15 22:21:59,129 [8742ce53-ec43-4b5d-92fb-ca295b19fdac@group-5AB91DFA3848-FollowerState] INFO  server.RaftServerConfigKeys (ConfUtils.java:logFallback(53)) - raft.server.rpc.first-election.timeout.min = 5s (fallback to raft.server.rpc.timeout.min)
2022-12-15 22:21:59,128 [grpc-default-executor-0] INFO  server.RaftServer$Division (RaftServerImpl.java:requestVote(1251)) - 8742ce53-ec43-4b5d-92fb-ca295b19fdac@group-5AB91DFA3848 replies to ELECTION vote request: 1e86e54b-7ea4-4ffe-a764-33ccb592660f<-8742ce53-ec43-4b5d-92fb-ca295b19fdac#0:OK-t1. Peer's state: 8742ce53-ec43-4b5d-92fb-ca295b19fdac@group-5AB91DFA3848:t1, leader=null, voted=1e86e54b-7ea4-4ffe-a764-33ccb592660f, raftlog=Memoized:8742ce53-ec43-4b5d-92fb-ca295b19fdac@group-5AB91DFA3848-SegmentedRaftLog:OPENED:c-1, conf=-1: peers:[e0198350-5a80-4cc9-b4d4-fe7f34161fcd|rpc:10.1.0.13:33167|priority:1|startupRole:FOLLOWER, 8742ce53-ec43-4b5d-92fb-ca295b19fdac|rpc:10.1.0.13:44977|priority:0|startupRole:FOLLOWER, 1e86e54b-7ea4-4ffe-a764-33ccb592660f|rpc:10.1.0.13:45413|priority:0|startupRole:FOLLOWER]|listeners:[], old=null
2022-12-15 22:21:59,126 [1e86e54b-7ea4-4ffe-a764-33ccb592660f@group-5AB91DFA3848-LeaderElection2] INFO  impl.LeaderElection (LeaderElection.java:logAndReturn(94)) -   Response 0: 1e86e54b-7ea4-4ffe-a764-33ccb592660f<-e0198350-5a80-4cc9-b4d4-fe7f34161fcd#0:FAIL-t1
2022-12-15 22:21:59,130 [1e86e54b-7ea4-4ffe-a764-33ccb592660f@group-5AB91DFA3848-LeaderElection2] INFO  impl.LeaderElection (LeaderElection.java:askForVotes(314)) - 1e86e54b-7ea4-4ffe-a764-33ccb592660f@group-5AB91DFA3848-LeaderElection2 ELECTION round 0: result REJECTED
2022-12-15 22:21:59,130 [1e86e54b-7ea4-4ffe-a764-33ccb592660f@group-5AB91DFA3848-LeaderElection2] INFO  server.RaftServer$Division (RaftServerImpl.java:setRole(321)) - 1e86e54b-7ea4-4ffe-a764-33ccb592660f@group-5AB91DFA3848: changes role from CANDIDATE to FOLLOWER at term 1 for REJECTED
2022-12-15 22:21:59,130 [1e86e54b-7ea4-4ffe-a764-33ccb592660f@group-5AB91DFA3848-LeaderElection2] INFO  impl.RoleInfo (RoleInfo.java:shutdownLeaderElection(130)) - 1e86e54b-7ea4-4ffe-a764-33ccb592660f: shutdown 1e86e54b-7ea4-4ffe-a764-33ccb592660f@group-5AB91DFA3848-LeaderElection2
2022-12-15 22:21:59,130 [1e86e54b-7ea4-4ffe-a764-33ccb592660f@group-5AB91DFA3848-LeaderElection2] INFO  impl.RoleInfo (RoleInfo.java:updateAndGet(139)) - 1e86e54b-7ea4-4ffe-a764-33ccb592660f: start 1e86e54b-7ea4-4ffe-a764-33ccb592660f@group-5AB91DFA3848-FollowerState
2022-12-15 22:21:59,132 [1e86e54b-7ea4-4ffe-a764-33ccb592660f@group-5AB91DFA3848-FollowerState] INFO  server.RaftServerConfigKeys (ConfUtils.java:logFallback(53)) - raft.server.rpc.first-election.timeout.min = 5s (fallback to raft.server.rpc.timeout.min)
2022-12-15 22:21:59,134 [1e86e54b-7ea4-4ffe-a764-33ccb592660f@group-5AB91DFA3848-FollowerState] INFO  server.RaftServerConfigKeys (ConfUtils.java:logFallback(53)) - raft.server.rpc.first-election.timeout.max = 5200ms (fallback to raft.server.rpc.timeout.max)
2022-12-15 22:21:59,132 [8742ce53-ec43-4b5d-92fb-ca295b19fdac@group-5AB91DFA3848-FollowerState] INFO  server.RaftServerConfigKeys (ConfUtils.java:logFallback(53)) - raft.server.rpc.first-election.timeout.max = 5200ms (fallback to raft.server.rpc.timeout.max)
2022-12-15 22:21:59,144 [1e86e54b-7ea4-4ffe-a764-33ccb592660f@group-7F8DC05F6AD4-FollowerState] INFO  impl.FollowerState (FollowerState.java:run(143)) - 1e86e54b-7ea4-4ffe-a764-33ccb592660f@group-7F8DC05F6AD4-FollowerState: change to CANDIDATE, lastRpcElapsedTime:5198803920ns, electionTimeout:5196ms
2022-12-15 22:21:59,144 [1e86e54b-7ea4-4ffe-a764-33ccb592660f@group-7F8DC05F6AD4-FollowerState] INFO  impl.RoleInfo (RoleInfo.java:shutdownFollowerState(110)) - 1e86e54b-7ea4-4ffe-a764-33ccb592660f: shutdown 1e86e54b-7ea4-4ffe-a764-33ccb592660f@group-7F8DC05F6AD4-FollowerState
2022-12-15 22:21:59,144 [1e86e54b-7ea4-4ffe-a764-33ccb592660f@group-7F8DC05F6AD4-FollowerState] INFO  server.RaftServer$Division (RaftServerImpl.java:setRole(321)) - 1e86e54b-7ea4-4ffe-a764-33ccb592660f@group-7F8DC05F6AD4: changes role from  FOLLOWER to CANDIDATE at term 0 for changeToCandidate
2022-12-15 22:21:59,145 [1e86e54b-7ea4-4ffe-a764-33ccb592660f@group-7F8DC05F6AD4-FollowerState] INFO  server.RaftServerConfigKeys (ConfUtils.java:logGet(46)) - raft.server.leaderelection.pre-vote = false (custom)
2022-12-15 22:21:59,145 [1e86e54b-7ea4-4ffe-a764-33ccb592660f@group-7F8DC05F6AD4-FollowerState] INFO  impl.RoleInfo (RoleInfo.java:updateAndGet(139)) - 1e86e54b-7ea4-4ffe-a764-33ccb592660f: start 1e86e54b-7ea4-4ffe-a764-33ccb592660f@group-7F8DC05F6AD4-LeaderElection3
2022-12-15 22:21:59,148 [1e86e54b-7ea4-4ffe-a764-33ccb592660f@group-7F8DC05F6AD4-LeaderElection3] INFO  impl.LeaderElection (LeaderElection.java:askForVotes(312)) - 1e86e54b-7ea4-4ffe-a764-33ccb592660f@group-7F8DC05F6AD4-LeaderElection3 ELECTION round 0: submit vote requests at term 1 for -1: peers:[1e86e54b-7ea4-4ffe-a764-33ccb592660f|rpc:10.1.0.13:45413|priority:1|startupRole:FOLLOWER]|listeners:[], old=null
2022-12-15 22:21:59,149 [1e86e54b-7ea4-4ffe-a764-33ccb592660f@group-7F8DC05F6AD4-LeaderElection3] INFO  impl.LeaderElection (LeaderElection.java:askForVotes(314)) - 1e86e54b-7ea4-4ffe-a764-33ccb592660f@group-7F8DC05F6AD4-LeaderElection3 ELECTION round 0: result PASSED (term=1)
2022-12-15 22:21:59,149 [1e86e54b-7ea4-4ffe-a764-33ccb592660f@group-7F8DC05F6AD4-LeaderElection3] INFO  impl.RoleInfo (RoleInfo.java:shutdownLeaderElection(130)) - 1e86e54b-7ea4-4ffe-a764-33ccb592660f: shutdown 1e86e54b-7ea4-4ffe-a764-33ccb592660f@group-7F8DC05F6AD4-LeaderElection3
2022-12-15 22:21:59,149 [1e86e54b-7ea4-4ffe-a764-33ccb592660f@group-7F8DC05F6AD4-LeaderElection3] INFO  server.RaftServer$Division (RaftServerImpl.java:setRole(321)) - 1e86e54b-7ea4-4ffe-a764-33ccb592660f@group-7F8DC05F6AD4: changes role from CANDIDATE to LEADER at term 1 for changeToLeader
2022-12-15 22:21:59,150 [1e86e54b-7ea4-4ffe-a764-33ccb592660f@group-7F8DC05F6AD4-LeaderElection3] INFO  ratis.XceiverServerRatis (XceiverServerRatis.java:handleLeaderChangedNotification(863)) - Leader change notification received for group: group-7F8DC05F6AD4 with new leaderId: 1e86e54b-7ea4-4ffe-a764-33ccb592660f
2022-12-15 22:21:59,150 [1e86e54b-7ea4-4ffe-a764-33ccb592660f@group-7F8DC05F6AD4-LeaderElection3] INFO  server.RaftServer$Division (ServerState.java:setLeader(313)) - 1e86e54b-7ea4-4ffe-a764-33ccb592660f@group-7F8DC05F6AD4: change Leader from null to 1e86e54b-7ea4-4ffe-a764-33ccb592660f at term 1 for becomeLeader, leader elected after 5256ms
2022-12-15 22:21:59,150 [1e86e54b-7ea4-4ffe-a764-33ccb592660f@group-7F8DC05F6AD4-LeaderElection3] INFO  server.RaftServerConfigKeys (ConfUtils.java:logGet(46)) - raft.server.staging.catchup.gap = 1000 (default)
2022-12-15 22:21:59,151 [1e86e54b-7ea4-4ffe-a764-33ccb592660f@group-7F8DC05F6AD4-LeaderElection3] INFO  server.RaftServerConfigKeys (ConfUtils.java:logGet(46)) - raft.server.write.element-limit = 1024 (custom)
2022-12-15 22:21:59,152 [1e86e54b-7ea4-4ffe-a764-33ccb592660f@group-7F8DC05F6AD4-LeaderElection3] INFO  server.RaftServerConfigKeys (ConfUtils.java:logGet(46)) - raft.server.write.byte-limit = 1024 M (=1073741824) (custom)
2022-12-15 22:21:59,152 [1e86e54b-7ea4-4ffe-a764-33ccb592660f@group-7F8DC05F6AD4-LeaderElection3] INFO  server.RaftServerConfigKeys (ConfUtils.java:logGet(46)) - raft.server.watch.timeout = 180s (custom)
2022-12-15 22:21:59,152 [EventQueue-CommandQueueReportForCommandQueueReportHandler] WARN  events.EventQueue (EventQueue.java:fireEvent(216)) - No event handler registered for event TypedEvent{payloadType=DatanodeDetails, name='Datanode_Command_Queue_Updated'}
2022-12-15 22:21:59,152 [1e86e54b-7ea4-4ffe-a764-33ccb592660f@group-7F8DC05F6AD4-LeaderElection3] INFO  server.RaftServerConfigKeys (ConfUtils.java:logGet(46)) - raft.server.watch.timeout.denomination = 1s (default)
2022-12-15 22:21:59,152 [1e86e54b-7ea4-4ffe-a764-33ccb592660f@group-7F8DC05F6AD4-LeaderElection3] INFO  server.RaftServerConfigKeys (ConfUtils.java:logGet(46)) - raft.server.watch.element-limit = 65536 (default)
2022-12-15 22:21:59,153 [1e86e54b-7ea4-4ffe-a764-33ccb592660f@group-7F8DC05F6AD4-LeaderElection3] INFO  server.RaftServerConfigKeys (ConfUtils.java:logGet(46)) - raft.server.write.element-limit = 1024 (custom)
2022-12-15 22:21:59,153 [1e86e54b-7ea4-4ffe-a764-33ccb592660f@group-7F8DC05F6AD4-LeaderElection3] INFO  server.RaftServerConfigKeys (ConfUtils.java:logGet(46)) - raft.server.write.follower.gap.ratio.max = -1.0 (default)
2022-12-15 22:21:59,153 [EventQueue-OpenPipelineForHealthyPipelineSafeModeRule] INFO  safemode.SCMSafeModeManager (HealthyPipelineSafeModeRule.java:process(137)) - SCM in safe mode. Healthy pipelines reported count is 0, required healthy pipeline reported count is 1
2022-12-15 22:21:59,153 [1e86e54b-7ea4-4ffe-a764-33ccb592660f@group-7F8DC05F6AD4-LeaderElection3] INFO  impl.RoleInfo (RoleInfo.java:updateAndGet(139)) - 1e86e54b-7ea4-4ffe-a764-33ccb592660f: start 1e86e54b-7ea4-4ffe-a764-33ccb592660f@group-7F8DC05F6AD4-LeaderStateImpl
2022-12-15 22:21:59,153 [1e86e54b-7ea4-4ffe-a764-33ccb592660f@group-7F8DC05F6AD4-LeaderElection3] INFO  segmented.SegmentedRaftLogWorker (SegmentedRaftLogWorker.java:startLogSegment(452)) - 1e86e54b-7ea4-4ffe-a764-33ccb592660f@group-7F8DC05F6AD4-SegmentedRaftLogWorker: Starting segment from index:0
2022-12-15 22:21:59,155 [1e86e54b-7ea4-4ffe-a764-33ccb592660f@group-7F8DC05F6AD4-LeaderElection3] INFO  server.RaftServer$Division (ServerState.java:setRaftConf(430)) - 1e86e54b-7ea4-4ffe-a764-33ccb592660f@group-7F8DC05F6AD4: set configuration 0: peers:[1e86e54b-7ea4-4ffe-a764-33ccb592660f|rpc:10.1.0.13:45413|dataStream:|priority:1|startupRole:FOLLOWER]|listeners:[], old=null
2022-12-15 22:21:59,157 [1e86e54b-7ea4-4ffe-a764-33ccb592660f@group-7F8DC05F6AD4-SegmentedRaftLogWorker] INFO  segmented.SegmentedRaftLogWorker (SegmentedRaftLogWorker.java:execute(656)) - 1e86e54b-7ea4-4ffe-a764-33ccb592660f@group-7F8DC05F6AD4-SegmentedRaftLogWorker: created new log segment /home/runner/work/ozone/ozone/hadoop-ozone/integration-test/target/test-dir/MiniOzoneClusterImpl-67032562-5e12-4c4f-a5ab-79ddd1e2132c/datanode-0/data/ratis/2f56ceb8-1d04-4962-b9c6-7f8dc05f6ad4/current/log_inprogress_0
2022-12-15 22:21:59,212 [ReplicationMonitor] INFO  replication.ReplicationManager (ReplicationManager.java:processAll(327)) - Replication Manager is not ready to run until 3000ms after safemode exit
2022-12-15 22:21:59,233 [EventQueue-CommandQueueReportForCommandQueueReportHandler] WARN  events.EventQueue (EventQueue.java:fireEvent(216)) - No event handler registered for event TypedEvent{payloadType=DatanodeDetails, name='Datanode_Command_Queue_Updated'}
2022-12-15 22:21:59,327 [EventQueue-CommandQueueReportForCommandQueueReportHandler] WARN  events.EventQueue (EventQueue.java:fireEvent(216)) - No event handler registered for event TypedEvent{payloadType=DatanodeDetails, name='Datanode_Command_Queue_Updated'}
2022-12-15 22:21:59,502 [EventQueue-CommandQueueReportForCommandQueueReportHandler] WARN  events.EventQueue (EventQueue.java:fireEvent(216)) - No event handler registered for event TypedEvent{payloadType=DatanodeDetails, name='Datanode_Command_Queue_Updated'}
2022-12-15 22:21:59,502 [EventQueue-OpenPipelineForHealthyPipelineSafeModeRule] INFO  safemode.SCMSafeModeManager (HealthyPipelineSafeModeRule.java:process(137)) - SCM in safe mode. Healthy pipelines reported count is 0, required healthy pipeline reported count is 1
2022-12-15 22:21:59,514 [e0198350-5a80-4cc9-b4d4-fe7f34161fcd@group-1D44E66206F9-FollowerState] INFO  impl.FollowerState (FollowerState.java:run(143)) - e0198350-5a80-4cc9-b4d4-fe7f34161fcd@group-1D44E66206F9-FollowerState: change to CANDIDATE, lastRpcElapsedTime:5048081208ns, electionTimeout:5024ms
2022-12-15 22:21:59,515 [e0198350-5a80-4cc9-b4d4-fe7f34161fcd@group-1D44E66206F9-FollowerState] INFO  impl.RoleInfo (RoleInfo.java:shutdownFollowerState(110)) - e0198350-5a80-4cc9-b4d4-fe7f34161fcd: shutdown e0198350-5a80-4cc9-b4d4-fe7f34161fcd@group-1D44E66206F9-FollowerState
2022-12-15 22:21:59,515 [e0198350-5a80-4cc9-b4d4-fe7f34161fcd@group-1D44E66206F9-FollowerState] INFO  server.RaftServer$Division (RaftServerImpl.java:setRole(321)) - e0198350-5a80-4cc9-b4d4-fe7f34161fcd@group-1D44E66206F9: changes role from  FOLLOWER to CANDIDATE at term 0 for changeToCandidate
2022-12-15 22:21:59,516 [e0198350-5a80-4cc9-b4d4-fe7f34161fcd@group-1D44E66206F9-FollowerState] INFO  server.RaftServerConfigKeys (ConfUtils.java:logGet(46)) - raft.server.leaderelection.pre-vote = false (custom)
2022-12-15 22:21:59,516 [e0198350-5a80-4cc9-b4d4-fe7f34161fcd@group-1D44E66206F9-FollowerState] INFO  impl.RoleInfo (RoleInfo.java:updateAndGet(139)) - e0198350-5a80-4cc9-b4d4-fe7f34161fcd: start e0198350-5a80-4cc9-b4d4-fe7f34161fcd@group-1D44E66206F9-LeaderElection4
2022-12-15 22:21:59,521 [e0198350-5a80-4cc9-b4d4-fe7f34161fcd@group-1D44E66206F9-LeaderElection4] INFO  impl.LeaderElection (LeaderElection.java:askForVotes(312)) - e0198350-5a80-4cc9-b4d4-fe7f34161fcd@group-1D44E66206F9-LeaderElection4 ELECTION round 0: submit vote requests at term 1 for -1: peers:[e0198350-5a80-4cc9-b4d4-fe7f34161fcd|rpc:10.1.0.13:33167|priority:1|startupRole:FOLLOWER]|listeners:[], old=null
2022-12-15 22:21:59,522 [e0198350-5a80-4cc9-b4d4-fe7f34161fcd@group-1D44E66206F9-LeaderElection4] INFO  impl.LeaderElection (LeaderElection.java:askForVotes(314)) - e0198350-5a80-4cc9-b4d4-fe7f34161fcd@group-1D44E66206F9-LeaderElection4 ELECTION round 0: result PASSED (term=1)
2022-12-15 22:21:59,522 [e0198350-5a80-4cc9-b4d4-fe7f34161fcd@group-1D44E66206F9-LeaderElection4] INFO  impl.RoleInfo (RoleInfo.java:shutdownLeaderElection(130)) - e0198350-5a80-4cc9-b4d4-fe7f34161fcd: shutdown e0198350-5a80-4cc9-b4d4-fe7f34161fcd@group-1D44E66206F9-LeaderElection4
2022-12-15 22:21:59,522 [e0198350-5a80-4cc9-b4d4-fe7f34161fcd@group-1D44E66206F9-LeaderElection4] INFO  server.RaftServer$Division (RaftServerImpl.java:setRole(321)) - e0198350-5a80-4cc9-b4d4-fe7f34161fcd@group-1D44E66206F9: changes role from CANDIDATE to LEADER at term 1 for changeToLeader
2022-12-15 22:21:59,522 [e0198350-5a80-4cc9-b4d4-fe7f34161fcd@group-1D44E66206F9-LeaderElection4] INFO  ratis.XceiverServerRatis (XceiverServerRatis.java:handleLeaderChangedNotification(863)) - Leader change notification received for group: group-1D44E66206F9 with new leaderId: e0198350-5a80-4cc9-b4d4-fe7f34161fcd
2022-12-15 22:21:59,522 [e0198350-5a80-4cc9-b4d4-fe7f34161fcd@group-1D44E66206F9-LeaderElection4] INFO  server.RaftServer$Division (ServerState.java:setLeader(313)) - e0198350-5a80-4cc9-b4d4-fe7f34161fcd@group-1D44E66206F9: change Leader from null to e0198350-5a80-4cc9-b4d4-fe7f34161fcd at term 1 for becomeLeader, leader elected after 5099ms
2022-12-15 22:21:59,522 [e0198350-5a80-4cc9-b4d4-fe7f34161fcd@group-1D44E66206F9-LeaderElection4] INFO  server.RaftServerConfigKeys (ConfUtils.java:logGet(46)) - raft.server.staging.catchup.gap = 1000 (default)
2022-12-15 22:21:59,523 [e0198350-5a80-4cc9-b4d4-fe7f34161fcd@group-1D44E66206F9-LeaderElection4] INFO  server.RaftServerConfigKeys (ConfUtils.java:logGet(46)) - raft.server.write.element-limit = 1024 (custom)
2022-12-15 22:21:59,523 [e0198350-5a80-4cc9-b4d4-fe7f34161fcd@group-1D44E66206F9-LeaderElection4] INFO  server.RaftServerConfigKeys (ConfUtils.java:logGet(46)) - raft.server.write.byte-limit = 1024 M (=1073741824) (custom)
2022-12-15 22:21:59,524 [EventQueue-CommandQueueReportForCommandQueueReportHandler] WARN  events.EventQueue (EventQueue.java:fireEvent(216)) - No event handler registered for event TypedEvent{payloadType=DatanodeDetails, name='Datanode_Command_Queue_Updated'}
2022-12-15 22:21:59,524 [EventQueue-OpenPipelineForHealthyPipelineSafeModeRule] INFO  safemode.SCMSafeModeManager (HealthyPipelineSafeModeRule.java:process(137)) - SCM in safe mode. Healthy pipelines reported count is 0, required healthy pipeline reported count is 1
2022-12-15 22:21:59,525 [e0198350-5a80-4cc9-b4d4-fe7f34161fcd@group-1D44E66206F9-LeaderElection4] INFO  server.RaftServerConfigKeys (ConfUtils.java:logGet(46)) - raft.server.watch.timeout = 180s (custom)
2022-12-15 22:21:59,525 [e0198350-5a80-4cc9-b4d4-fe7f34161fcd@group-1D44E66206F9-LeaderElection4] INFO  server.RaftServerConfigKeys (ConfUtils.java:logGet(46)) - raft.server.watch.timeout.denomination = 1s (default)
2022-12-15 22:21:59,525 [e0198350-5a80-4cc9-b4d4-fe7f34161fcd@group-1D44E66206F9-LeaderElection4] INFO  server.RaftServerConfigKeys (ConfUtils.java:logGet(46)) - raft.server.watch.element-limit = 65536 (default)
2022-12-15 22:21:59,525 [e0198350-5a80-4cc9-b4d4-fe7f34161fcd@group-1D44E66206F9-LeaderElection4] INFO  server.RaftServerConfigKeys (ConfUtils.java:logGet(46)) - raft.server.write.element-limit = 1024 (custom)
2022-12-15 22:21:59,525 [e0198350-5a80-4cc9-b4d4-fe7f34161fcd@group-1D44E66206F9-LeaderElection4] INFO  server.RaftServerConfigKeys (ConfUtils.java:logGet(46)) - raft.server.write.follower.gap.ratio.max = -1.0 (default)
2022-12-15 22:21:59,525 [e0198350-5a80-4cc9-b4d4-fe7f34161fcd@group-1D44E66206F9-LeaderElection4] INFO  impl.RoleInfo (RoleInfo.java:updateAndGet(139)) - e0198350-5a80-4cc9-b4d4-fe7f34161fcd: start e0198350-5a80-4cc9-b4d4-fe7f34161fcd@group-1D44E66206F9-LeaderStateImpl
2022-12-15 22:21:59,526 [e0198350-5a80-4cc9-b4d4-fe7f34161fcd@group-1D44E66206F9-LeaderElection4] INFO  segmented.SegmentedRaftLogWorker (SegmentedRaftLogWorker.java:startLogSegment(452)) - e0198350-5a80-4cc9-b4d4-fe7f34161fcd@group-1D44E66206F9-SegmentedRaftLogWorker: Starting segment from index:0
2022-12-15 22:21:59,537 [e0198350-5a80-4cc9-b4d4-fe7f34161fcd@group-1D44E66206F9-LeaderElection4] INFO  server.RaftServer$Division (ServerState.java:setRaftConf(430)) - e0198350-5a80-4cc9-b4d4-fe7f34161fcd@group-1D44E66206F9: set configuration 0: peers:[e0198350-5a80-4cc9-b4d4-fe7f34161fcd|rpc:10.1.0.13:33167|dataStream:|priority:1|startupRole:FOLLOWER]|listeners:[], old=null
2022-12-15 22:21:59,541 [e0198350-5a80-4cc9-b4d4-fe7f34161fcd@group-1D44E66206F9-SegmentedRaftLogWorker] INFO  segmented.SegmentedRaftLogWorker (SegmentedRaftLogWorker.java:execute(656)) - e0198350-5a80-4cc9-b4d4-fe7f34161fcd@group-1D44E66206F9-SegmentedRaftLogWorker: created new log segment /home/runner/work/ozone/ozone/hadoop-ozone/integration-test/target/test-dir/MiniOzoneClusterImpl-67032562-5e12-4c4f-a5ab-79ddd1e2132c/datanode-1/data/ratis/55ee4c18-7593-4743-b403-1d44e66206f9/current/log_inprogress_0
2022-12-15 22:21:59,701 [EventQueue-OpenPipelineForHealthyPipelineSafeModeRule] INFO  safemode.SCMSafeModeManager (HealthyPipelineSafeModeRule.java:process(137)) - SCM in safe mode. Healthy pipelines reported count is 0, required healthy pipeline reported count is 1
2022-12-15 22:21:59,701 [EventQueue-CommandQueueReportForCommandQueueReportHandler] WARN  events.EventQueue (EventQueue.java:fireEvent(216)) - No event handler registered for event TypedEvent{payloadType=DatanodeDetails, name='Datanode_Command_Queue_Updated'}
2022-12-15 22:21:59,705 [EventQueue-CommandQueueReportForCommandQueueReportHandler] WARN  events.EventQueue (EventQueue.java:fireEvent(216)) - No event handler registered for event TypedEvent{payloadType=DatanodeDetails, name='Datanode_Command_Queue_Updated'}
2022-12-15 22:21:59,705 [EventQueue-OpenPipelineForHealthyPipelineSafeModeRule] INFO  safemode.SCMSafeModeManager (HealthyPipelineSafeModeRule.java:process(137)) - SCM in safe mode. Healthy pipelines reported count is 0, required healthy pipeline reported count is 1
2022-12-15 22:21:59,715 [Listener at 127.0.0.1/44409] INFO  ozone.MiniOzoneClusterImpl (MiniOzoneClusterImpl.java:lambda$waitForClusterToBeReady$0(216)) - Nodes are ready. Got 7 of 7 DN Heartbeats.
2022-12-15 22:21:59,715 [Listener at 127.0.0.1/44409] INFO  ozone.MiniOzoneClusterImpl (MiniOzoneClusterImpl.java:lambda$waitForClusterToBeReady$0(219)) - Waiting for cluster to exit safe mode
2022-12-15 22:21:59,715 [Listener at 127.0.0.1/44409] INFO  ozone.MiniOzoneClusterImpl (MiniOzoneClusterImpl.java:lambda$waitForClusterToBeReady$0(221)) - SCM became leader
2022-12-15 22:21:59,947 [EventQueue-OpenPipelineForHealthyPipelineSafeModeRule] INFO  safemode.SCMSafeModeManager (HealthyPipelineSafeModeRule.java:process(137)) - SCM in safe mode. Healthy pipelines reported count is 0, required healthy pipeline reported count is 1
2022-12-15 22:21:59,947 [EventQueue-CommandQueueReportForCommandQueueReportHandler] WARN  events.EventQueue (EventQueue.java:fireEvent(216)) - No event handler registered for event TypedEvent{payloadType=DatanodeDetails, name='Datanode_Command_Queue_Updated'}
2022-12-15 22:22:00,024 [8742ce53-ec43-4b5d-92fb-ca295b19fdac@group-5EA29D18738C-FollowerState] INFO  impl.FollowerState (FollowerState.java:run(143)) - 8742ce53-ec43-4b5d-92fb-ca295b19fdac@group-5EA29D18738C-FollowerState: change to CANDIDATE, lastRpcElapsedTime:5127142262ns, electionTimeout:5111ms
2022-12-15 22:22:00,024 [8742ce53-ec43-4b5d-92fb-ca295b19fdac@group-5EA29D18738C-FollowerState] INFO  impl.RoleInfo (RoleInfo.java:shutdownFollowerState(110)) - 8742ce53-ec43-4b5d-92fb-ca295b19fdac: shutdown 8742ce53-ec43-4b5d-92fb-ca295b19fdac@group-5EA29D18738C-FollowerState
2022-12-15 22:22:00,024 [8742ce53-ec43-4b5d-92fb-ca295b19fdac@group-5EA29D18738C-FollowerState] INFO  server.RaftServer$Division (RaftServerImpl.java:setRole(321)) - 8742ce53-ec43-4b5d-92fb-ca295b19fdac@group-5EA29D18738C: changes role from  FOLLOWER to CANDIDATE at term 0 for changeToCandidate
2022-12-15 22:22:00,026 [8742ce53-ec43-4b5d-92fb-ca295b19fdac@group-5EA29D18738C-FollowerState] INFO  server.RaftServerConfigKeys (ConfUtils.java:logGet(46)) - raft.server.leaderelection.pre-vote = false (custom)
2022-12-15 22:22:00,026 [8742ce53-ec43-4b5d-92fb-ca295b19fdac@group-5EA29D18738C-FollowerState] INFO  impl.RoleInfo (RoleInfo.java:updateAndGet(139)) - 8742ce53-ec43-4b5d-92fb-ca295b19fdac: start 8742ce53-ec43-4b5d-92fb-ca295b19fdac@group-5EA29D18738C-LeaderElection5
2022-12-15 22:22:00,030 [8742ce53-ec43-4b5d-92fb-ca295b19fdac@group-5EA29D18738C-LeaderElection5] INFO  impl.LeaderElection (LeaderElection.java:askForVotes(312)) - 8742ce53-ec43-4b5d-92fb-ca295b19fdac@group-5EA29D18738C-LeaderElection5 ELECTION round 0: submit vote requests at term 1 for -1: peers:[8742ce53-ec43-4b5d-92fb-ca295b19fdac|rpc:10.1.0.13:44977|priority:1|startupRole:FOLLOWER]|listeners:[], old=null
2022-12-15 22:22:00,030 [8742ce53-ec43-4b5d-92fb-ca295b19fdac@group-5EA29D18738C-LeaderElection5] INFO  impl.LeaderElection (LeaderElection.java:askForVotes(314)) - 8742ce53-ec43-4b5d-92fb-ca295b19fdac@group-5EA29D18738C-LeaderElection5 ELECTION round 0: result PASSED (term=1)
2022-12-15 22:22:00,030 [8742ce53-ec43-4b5d-92fb-ca295b19fdac@group-5EA29D18738C-LeaderElection5] INFO  impl.RoleInfo (RoleInfo.java:shutdownLeaderElection(130)) - 8742ce53-ec43-4b5d-92fb-ca295b19fdac: shutdown 8742ce53-ec43-4b5d-92fb-ca295b19fdac@group-5EA29D18738C-LeaderElection5
2022-12-15 22:22:00,030 [8742ce53-ec43-4b5d-92fb-ca295b19fdac@group-5EA29D18738C-LeaderElection5] INFO  server.RaftServer$Division (RaftServerImpl.java:setRole(321)) - 8742ce53-ec43-4b5d-92fb-ca295b19fdac@group-5EA29D18738C: changes role from CANDIDATE to LEADER at term 1 for changeToLeader
2022-12-15 22:22:00,030 [8742ce53-ec43-4b5d-92fb-ca295b19fdac@group-5EA29D18738C-LeaderElection5] INFO  ratis.XceiverServerRatis (XceiverServerRatis.java:handleLeaderChangedNotification(863)) - Leader change notification received for group: group-5EA29D18738C with new leaderId: 8742ce53-ec43-4b5d-92fb-ca295b19fdac
2022-12-15 22:22:00,031 [8742ce53-ec43-4b5d-92fb-ca295b19fdac@group-5EA29D18738C-LeaderElection5] INFO  server.RaftServer$Division (ServerState.java:setLeader(313)) - 8742ce53-ec43-4b5d-92fb-ca295b19fdac@group-5EA29D18738C: change Leader from null to 8742ce53-ec43-4b5d-92fb-ca295b19fdac at term 1 for becomeLeader, leader elected after 5173ms
2022-12-15 22:22:00,031 [8742ce53-ec43-4b5d-92fb-ca295b19fdac@group-5EA29D18738C-LeaderElection5] INFO  server.RaftServerConfigKeys (ConfUtils.java:logGet(46)) - raft.server.staging.catchup.gap = 1000 (default)
2022-12-15 22:22:00,033 [EventQueue-OpenPipelineForHealthyPipelineSafeModeRule] INFO  safemode.SCMSafeModeManager (HealthyPipelineSafeModeRule.java:process(137)) - SCM in safe mode. Healthy pipelines reported count is 0, required healthy pipeline reported count is 1
2022-12-15 22:22:00,033 [EventQueue-CommandQueueReportForCommandQueueReportHandler] WARN  events.EventQueue (EventQueue.java:fireEvent(216)) - No event handler registered for event TypedEvent{payloadType=DatanodeDetails, name='Datanode_Command_Queue_Updated'}
2022-12-15 22:22:00,034 [8742ce53-ec43-4b5d-92fb-ca295b19fdac@group-5EA29D18738C-LeaderElection5] INFO  server.RaftServerConfigKeys (ConfUtils.java:logGet(46)) - raft.server.write.element-limit = 1024 (custom)
2022-12-15 22:22:00,034 [8742ce53-ec43-4b5d-92fb-ca295b19fdac@group-5EA29D18738C-LeaderElection5] INFO  server.RaftServerConfigKeys (ConfUtils.java:logGet(46)) - raft.server.write.byte-limit = 1024 M (=1073741824) (custom)
2022-12-15 22:22:00,034 [8742ce53-ec43-4b5d-92fb-ca295b19fdac@group-5EA29D18738C-LeaderElection5] INFO  server.RaftServerConfigKeys (ConfUtils.java:logGet(46)) - raft.server.watch.timeout = 180s (custom)
2022-12-15 22:22:00,035 [8742ce53-ec43-4b5d-92fb-ca295b19fdac@group-5EA29D18738C-LeaderElection5] INFO  server.RaftServerConfigKeys (ConfUtils.java:logGet(46)) - raft.server.watch.timeout.denomination = 1s (default)
2022-12-15 22:22:00,035 [8742ce53-ec43-4b5d-92fb-ca295b19fdac@group-5EA29D18738C-LeaderElection5] INFO  server.RaftServerConfigKeys (ConfUtils.java:logGet(46)) - raft.server.watch.element-limit = 65536 (default)
2022-12-15 22:22:00,035 [8742ce53-ec43-4b5d-92fb-ca295b19fdac@group-5EA29D18738C-LeaderElection5] INFO  server.RaftServerConfigKeys (ConfUtils.java:logGet(46)) - raft.server.write.element-limit = 1024 (custom)
2022-12-15 22:22:00,035 [8742ce53-ec43-4b5d-92fb-ca295b19fdac@group-5EA29D18738C-LeaderElection5] INFO  server.RaftServerConfigKeys (ConfUtils.java:logGet(46)) - raft.server.write.follower.gap.ratio.max = -1.0 (default)
2022-12-15 22:22:00,036 [8742ce53-ec43-4b5d-92fb-ca295b19fdac@group-5EA29D18738C-LeaderElection5] INFO  impl.RoleInfo (RoleInfo.java:updateAndGet(139)) - 8742ce53-ec43-4b5d-92fb-ca295b19fdac: start 8742ce53-ec43-4b5d-92fb-ca295b19fdac@group-5EA29D18738C-LeaderStateImpl
2022-12-15 22:22:00,037 [8742ce53-ec43-4b5d-92fb-ca295b19fdac@group-5EA29D18738C-LeaderElection5] INFO  segmented.SegmentedRaftLogWorker (SegmentedRaftLogWorker.java:startLogSegment(452)) - 8742ce53-ec43-4b5d-92fb-ca295b19fdac@group-5EA29D18738C-SegmentedRaftLogWorker: Starting segment from index:0
2022-12-15 22:22:00,039 [8742ce53-ec43-4b5d-92fb-ca295b19fdac@group-5EA29D18738C-SegmentedRaftLogWorker] INFO  segmented.SegmentedRaftLogWorker (SegmentedRaftLogWorker.java:execute(656)) - 8742ce53-ec43-4b5d-92fb-ca295b19fdac@group-5EA29D18738C-SegmentedRaftLogWorker: created new log segment /home/runner/work/ozone/ozone/hadoop-ozone/integration-test/target/test-dir/MiniOzoneClusterImpl-67032562-5e12-4c4f-a5ab-79ddd1e2132c/datanode-2/data/ratis/06cb33b6-921a-4e91-ac4a-5ea29d18738c/current/log_inprogress_0
2022-12-15 22:22:00,046 [8742ce53-ec43-4b5d-92fb-ca295b19fdac@group-5EA29D18738C-LeaderElection5] INFO  server.RaftServer$Division (ServerState.java:setRaftConf(430)) - 8742ce53-ec43-4b5d-92fb-ca295b19fdac@group-5EA29D18738C: set configuration 0: peers:[8742ce53-ec43-4b5d-92fb-ca295b19fdac|rpc:10.1.0.13:44977|dataStream:|priority:1|startupRole:FOLLOWER]|listeners:[], old=null
2022-12-15 22:22:00,152 [EventQueue-OpenPipelineForHealthyPipelineSafeModeRule] INFO  safemode.SCMSafeModeManager (HealthyPipelineSafeModeRule.java:process(137)) - SCM in safe mode. Healthy pipelines reported count is 0, required healthy pipeline reported count is 1
2022-12-15 22:22:00,152 [EventQueue-CommandQueueReportForCommandQueueReportHandler] WARN  events.EventQueue (EventQueue.java:fireEvent(216)) - No event handler registered for event TypedEvent{payloadType=DatanodeDetails, name='Datanode_Command_Queue_Updated'}
2022-12-15 22:22:00,212 [ReplicationMonitor] INFO  replication.ReplicationManager (ReplicationManager.java:processAll(327)) - Replication Manager is not ready to run until 3000ms after safemode exit
2022-12-15 22:22:00,233 [EventQueue-OpenPipelineForHealthyPipelineSafeModeRule] INFO  safemode.SCMSafeModeManager (HealthyPipelineSafeModeRule.java:process(137)) - SCM in safe mode. Healthy pipelines reported count is 0, required healthy pipeline reported count is 1
2022-12-15 22:22:00,233 [EventQueue-CommandQueueReportForCommandQueueReportHandler] WARN  events.EventQueue (EventQueue.java:fireEvent(216)) - No event handler registered for event TypedEvent{payloadType=DatanodeDetails, name='Datanode_Command_Queue_Updated'}
2022-12-15 22:22:00,327 [EventQueue-OpenPipelineForHealthyPipelineSafeModeRule] INFO  safemode.SCMSafeModeManager (HealthyPipelineSafeModeRule.java:process(137)) - SCM in safe mode. Healthy pipelines reported count is 0, required healthy pipeline reported count is 1
2022-12-15 22:22:00,327 [EventQueue-CommandQueueReportForCommandQueueReportHandler] WARN  events.EventQueue (EventQueue.java:fireEvent(216)) - No event handler registered for event TypedEvent{payloadType=DatanodeDetails, name='Datanode_Command_Queue_Updated'}
2022-12-15 22:22:00,413 [36e1593a-57cf-42fc-9e99-3bc8e6c88ec2@group-A62F8BB22E68-FollowerState] INFO  impl.FollowerState (FollowerState.java:run(143)) - 36e1593a-57cf-42fc-9e99-3bc8e6c88ec2@group-A62F8BB22E68-FollowerState: change to CANDIDATE, lastRpcElapsedTime:5104897475ns, electionTimeout:5102ms
2022-12-15 22:22:00,414 [36e1593a-57cf-42fc-9e99-3bc8e6c88ec2@group-A62F8BB22E68-FollowerState] INFO  impl.RoleInfo (RoleInfo.java:shutdownFollowerState(110)) - 36e1593a-57cf-42fc-9e99-3bc8e6c88ec2: shutdown 36e1593a-57cf-42fc-9e99-3bc8e6c88ec2@group-A62F8BB22E68-FollowerState
2022-12-15 22:22:00,414 [36e1593a-57cf-42fc-9e99-3bc8e6c88ec2@group-A62F8BB22E68-FollowerState] INFO  server.RaftServer$Division (RaftServerImpl.java:setRole(321)) - 36e1593a-57cf-42fc-9e99-3bc8e6c88ec2@group-A62F8BB22E68: changes role from  FOLLOWER to CANDIDATE at term 0 for changeToCandidate
2022-12-15 22:22:00,419 [36e1593a-57cf-42fc-9e99-3bc8e6c88ec2@group-A62F8BB22E68-FollowerState] INFO  server.RaftServerConfigKeys (ConfUtils.java:logGet(46)) - raft.server.leaderelection.pre-vote = false (custom)
2022-12-15 22:22:00,419 [36e1593a-57cf-42fc-9e99-3bc8e6c88ec2@group-A62F8BB22E68-FollowerState] INFO  impl.RoleInfo (RoleInfo.java:updateAndGet(139)) - 36e1593a-57cf-42fc-9e99-3bc8e6c88ec2: start 36e1593a-57cf-42fc-9e99-3bc8e6c88ec2@group-A62F8BB22E68-LeaderElection6
2022-12-15 22:22:00,424 [36e1593a-57cf-42fc-9e99-3bc8e6c88ec2@group-A62F8BB22E68-LeaderElection6] INFO  impl.LeaderElection (LeaderElection.java:askForVotes(312)) - 36e1593a-57cf-42fc-9e99-3bc8e6c88ec2@group-A62F8BB22E68-LeaderElection6 ELECTION round 0: submit vote requests at term 1 for -1: peers:[36e1593a-57cf-42fc-9e99-3bc8e6c88ec2|rpc:10.1.0.13:46439|priority:1|startupRole:FOLLOWER]|listeners:[], old=null
2022-12-15 22:22:00,424 [36e1593a-57cf-42fc-9e99-3bc8e6c88ec2@group-A62F8BB22E68-LeaderElection6] INFO  impl.LeaderElection (LeaderElection.java:askForVotes(314)) - 36e1593a-57cf-42fc-9e99-3bc8e6c88ec2@group-A62F8BB22E68-LeaderElection6 ELECTION round 0: result PASSED (term=1)
2022-12-15 22:22:00,424 [36e1593a-57cf-42fc-9e99-3bc8e6c88ec2@group-A62F8BB22E68-LeaderElection6] INFO  impl.RoleInfo (RoleInfo.java:shutdownLeaderElection(130)) - 36e1593a-57cf-42fc-9e99-3bc8e6c88ec2: shutdown 36e1593a-57cf-42fc-9e99-3bc8e6c88ec2@group-A62F8BB22E68-LeaderElection6
2022-12-15 22:22:00,424 [36e1593a-57cf-42fc-9e99-3bc8e6c88ec2@group-A62F8BB22E68-LeaderElection6] INFO  server.RaftServer$Division (RaftServerImpl.java:setRole(321)) - 36e1593a-57cf-42fc-9e99-3bc8e6c88ec2@group-A62F8BB22E68: changes role from CANDIDATE to LEADER at term 1 for changeToLeader
2022-12-15 22:22:00,424 [36e1593a-57cf-42fc-9e99-3bc8e6c88ec2@group-A62F8BB22E68-LeaderElection6] INFO  ratis.XceiverServerRatis (XceiverServerRatis.java:handleLeaderChangedNotification(863)) - Leader change notification received for group: group-A62F8BB22E68 with new leaderId: 36e1593a-57cf-42fc-9e99-3bc8e6c88ec2
2022-12-15 22:22:00,424 [36e1593a-57cf-42fc-9e99-3bc8e6c88ec2@group-A62F8BB22E68-LeaderElection6] INFO  server.RaftServer$Division (ServerState.java:setLeader(313)) - 36e1593a-57cf-42fc-9e99-3bc8e6c88ec2@group-A62F8BB22E68: change Leader from null to 36e1593a-57cf-42fc-9e99-3bc8e6c88ec2 at term 1 for becomeLeader, leader elected after 5145ms
2022-12-15 22:22:00,425 [36e1593a-57cf-42fc-9e99-3bc8e6c88ec2@group-A62F8BB22E68-LeaderElection6] INFO  server.RaftServerConfigKeys (ConfUtils.java:logGet(46)) - raft.server.staging.catchup.gap = 1000 (default)
2022-12-15 22:22:00,425 [36e1593a-57cf-42fc-9e99-3bc8e6c88ec2@group-A62F8BB22E68-LeaderElection6] INFO  server.RaftServerConfigKeys (ConfUtils.java:logGet(46)) - raft.server.write.element-limit = 1024 (custom)
2022-12-15 22:22:00,425 [36e1593a-57cf-42fc-9e99-3bc8e6c88ec2@group-A62F8BB22E68-LeaderElection6] INFO  server.RaftServerConfigKeys (ConfUtils.java:logGet(46)) - raft.server.write.byte-limit = 1024 M (=1073741824) (custom)
2022-12-15 22:22:00,426 [36e1593a-57cf-42fc-9e99-3bc8e6c88ec2@group-A62F8BB22E68-LeaderElection6] INFO  server.RaftServerConfigKeys (ConfUtils.java:logGet(46)) - raft.server.watch.timeout = 180s (custom)
2022-12-15 22:22:00,426 [36e1593a-57cf-42fc-9e99-3bc8e6c88ec2@group-A62F8BB22E68-LeaderElection6] INFO  server.RaftServerConfigKeys (ConfUtils.java:logGet(46)) - raft.server.watch.timeout.denomination = 1s (default)
2022-12-15 22:22:00,426 [36e1593a-57cf-42fc-9e99-3bc8e6c88ec2@group-A62F8BB22E68-LeaderElection6] INFO  server.RaftServerConfigKeys (ConfUtils.java:logGet(46)) - raft.server.watch.element-limit = 65536 (default)
2022-12-15 22:22:00,427 [EventQueue-OpenPipelineForHealthyPipelineSafeModeRule] INFO  safemode.SCMSafeModeManager (HealthyPipelineSafeModeRule.java:process(137)) - SCM in safe mode. Healthy pipelines reported count is 0, required healthy pipeline reported count is 1
2022-12-15 22:22:00,426 [EventQueue-CommandQueueReportForCommandQueueReportHandler] WARN  events.EventQueue (EventQueue.java:fireEvent(216)) - No event handler registered for event TypedEvent{payloadType=DatanodeDetails, name='Datanode_Command_Queue_Updated'}
2022-12-15 22:22:00,427 [36e1593a-57cf-42fc-9e99-3bc8e6c88ec2@group-A62F8BB22E68-LeaderElection6] INFO  server.RaftServerConfigKeys (ConfUtils.java:logGet(46)) - raft.server.write.element-limit = 1024 (custom)
2022-12-15 22:22:00,427 [36e1593a-57cf-42fc-9e99-3bc8e6c88ec2@group-A62F8BB22E68-LeaderElection6] INFO  server.RaftServerConfigKeys (ConfUtils.java:logGet(46)) - raft.server.write.follower.gap.ratio.max = -1.0 (default)
2022-12-15 22:22:00,427 [36e1593a-57cf-42fc-9e99-3bc8e6c88ec2@group-A62F8BB22E68-LeaderElection6] INFO  impl.RoleInfo (RoleInfo.java:updateAndGet(139)) - 36e1593a-57cf-42fc-9e99-3bc8e6c88ec2: start 36e1593a-57cf-42fc-9e99-3bc8e6c88ec2@group-A62F8BB22E68-LeaderStateImpl
2022-12-15 22:22:00,428 [36e1593a-57cf-42fc-9e99-3bc8e6c88ec2@group-A62F8BB22E68-LeaderElection6] INFO  segmented.SegmentedRaftLogWorker (SegmentedRaftLogWorker.java:startLogSegment(452)) - 36e1593a-57cf-42fc-9e99-3bc8e6c88ec2@group-A62F8BB22E68-SegmentedRaftLogWorker: Starting segment from index:0
2022-12-15 22:22:00,813 [9af99ef4-a70d-4375-9c0d-594670c86eaa@group-C7CE7C2009D5-FollowerState] INFO  impl.FollowerState (FollowerState.java:run(143)) - 9af99ef4-a70d-4375-9c0d-594670c86eaa@group-C7CE7C2009D5-FollowerState: change to CANDIDATE, lastRpcElapsedTime:5103287576ns, electionTimeout:5024ms
2022-12-15 22:22:00,813 [Listener at 127.0.0.1/44409] INFO  ozone.MiniOzoneClusterImpl (MiniOzoneClusterImpl.java:lambda$waitForClusterToBeReady$0(216)) - Nodes are ready. Got 7 of 7 DN Heartbeats.
2022-12-15 22:22:00,814 [Listener at 127.0.0.1/44409] INFO  ozone.MiniOzoneClusterImpl (MiniOzoneClusterImpl.java:lambda$waitForClusterToBeReady$0(219)) - Waiting for cluster to exit safe mode
2022-12-15 22:22:00,814 [Listener at 127.0.0.1/44409] INFO  ozone.MiniOzoneClusterImpl (MiniOzoneClusterImpl.java:lambda$waitForClusterToBeReady$0(221)) - SCM became leader
2022-12-15 22:22:00,814 [9af99ef4-a70d-4375-9c0d-594670c86eaa@group-C7CE7C2009D5-FollowerState] INFO  impl.RoleInfo (RoleInfo.java:shutdownFollowerState(110)) - 9af99ef4-a70d-4375-9c0d-594670c86eaa: shutdown 9af99ef4-a70d-4375-9c0d-594670c86eaa@group-C7CE7C2009D5-FollowerState
2022-12-15 22:22:00,814 [9af99ef4-a70d-4375-9c0d-594670c86eaa@group-C7CE7C2009D5-FollowerState] INFO  server.RaftServer$Division (RaftServerImpl.java:setRole(321)) - 9af99ef4-a70d-4375-9c0d-594670c86eaa@group-C7CE7C2009D5: changes role from  FOLLOWER to CANDIDATE at term 0 for changeToCandidate
2022-12-15 22:22:00,817 [9af99ef4-a70d-4375-9c0d-594670c86eaa@group-D5DD31449DCD-FollowerState] INFO  impl.FollowerState (FollowerState.java:run(143)) - 9af99ef4-a70d-4375-9c0d-594670c86eaa@group-D5DD31449DCD-FollowerState: change to CANDIDATE, lastRpcElapsedTime:5306688160ns, electionTimeout:5122ms
2022-12-15 22:22:00,818 [9af99ef4-a70d-4375-9c0d-594670c86eaa@group-D5DD31449DCD-FollowerState] INFO  impl.RoleInfo (RoleInfo.java:shutdownFollowerState(110)) - 9af99ef4-a70d-4375-9c0d-594670c86eaa: shutdown 9af99ef4-a70d-4375-9c0d-594670c86eaa@group-D5DD31449DCD-FollowerState
2022-12-15 22:22:00,818 [9af99ef4-a70d-4375-9c0d-594670c86eaa@group-D5DD31449DCD-FollowerState] INFO  server.RaftServer$Division (RaftServerImpl.java:setRole(321)) - 9af99ef4-a70d-4375-9c0d-594670c86eaa@group-D5DD31449DCD: changes role from  FOLLOWER to CANDIDATE at term 0 for changeToCandidate
2022-12-15 22:22:00,819 [c0e45f45-48a3-418c-b3ac-112e0491709c@group-D5DD31449DCD-FollowerState] WARN  impl.FollowerState (FollowerState.java:run(130)) - Unexpected long sleep: sleep 5101ms but took extra 313288698ns (> threshold = 300ms)
2022-12-15 22:22:00,819 [c0e45f45-48a3-418c-b3ac-112e0491709c@group-D5DD31449DCD-FollowerState] INFO  server.RaftServerConfigKeys (ConfUtils.java:logFallback(53)) - raft.server.rpc.first-election.timeout.min = 5s (fallback to raft.server.rpc.timeout.min)
2022-12-15 22:22:00,819 [c0e45f45-48a3-418c-b3ac-112e0491709c@group-D5DD31449DCD-FollowerState] INFO  server.RaftServerConfigKeys (ConfUtils.java:logFallback(53)) - raft.server.rpc.first-election.timeout.max = 5200ms (fallback to raft.server.rpc.timeout.max)
2022-12-15 22:22:00,819 [36e1593a-57cf-42fc-9e99-3bc8e6c88ec2@group-D5DD31449DCD-FollowerState] WARN  impl.FollowerState (FollowerState.java:run(130)) - Unexpected long sleep: sleep 5119ms but took extra 361651760ns (> threshold = 300ms)
2022-12-15 22:22:00,820 [36e1593a-57cf-42fc-9e99-3bc8e6c88ec2@group-D5DD31449DCD-FollowerState] INFO  server.RaftServerConfigKeys (ConfUtils.java:logFallback(53)) - raft.server.rpc.first-election.timeout.min = 5s (fallback to raft.server.rpc.timeout.min)
2022-12-15 22:22:00,820 [36e1593a-57cf-42fc-9e99-3bc8e6c88ec2@group-D5DD31449DCD-FollowerState] INFO  server.RaftServerConfigKeys (ConfUtils.java:logFallback(53)) - raft.server.rpc.first-election.timeout.max = 5200ms (fallback to raft.server.rpc.timeout.max)
2022-12-15 22:22:00,820 [36e1593a-57cf-42fc-9e99-3bc8e6c88ec2@group-A62F8BB22E68-SegmentedRaftLogWorker] INFO  segmented.SegmentedRaftLogWorker (SegmentedRaftLogWorker.java:execute(656)) - 36e1593a-57cf-42fc-9e99-3bc8e6c88ec2@group-A62F8BB22E68-SegmentedRaftLogWorker: created new log segment /home/runner/work/ozone/ozone/hadoop-ozone/integration-test/target/test-dir/MiniOzoneClusterImpl-67032562-5e12-4c4f-a5ab-79ddd1e2132c/datanode-3/data/ratis/658a3268-a310-4b39-ab33-a62f8bb22e68/current/log_inprogress_0
2022-12-15 22:22:00,823 [36e1593a-57cf-42fc-9e99-3bc8e6c88ec2@group-A62F8BB22E68-LeaderElection6] INFO  server.RaftServer$Division (ServerState.java:setRaftConf(430)) - 36e1593a-57cf-42fc-9e99-3bc8e6c88ec2@group-A62F8BB22E68: set configuration 0: peers:[36e1593a-57cf-42fc-9e99-3bc8e6c88ec2|rpc:10.1.0.13:46439|dataStream:|priority:1|startupRole:FOLLOWER]|listeners:[], old=null
2022-12-15 22:22:00,825 [EventQueue-CommandQueueReportForCommandQueueReportHandler] WARN  events.EventQueue (EventQueue.java:fireEvent(216)) - No event handler registered for event TypedEvent{payloadType=DatanodeDetails, name='Datanode_Command_Queue_Updated'}
2022-12-15 22:22:00,825 [9af99ef4-a70d-4375-9c0d-594670c86eaa@group-C7CE7C2009D5-FollowerState] INFO  server.RaftServerConfigKeys (ConfUtils.java:logGet(46)) - raft.server.leaderelection.pre-vote = false (custom)
2022-12-15 22:22:00,825 [EventQueue-OpenPipelineForHealthyPipelineSafeModeRule] INFO  safemode.SCMSafeModeManager (HealthyPipelineSafeModeRule.java:process(137)) - SCM in safe mode. Healthy pipelines reported count is 0, required healthy pipeline reported count is 1
2022-12-15 22:22:00,825 [9af99ef4-a70d-4375-9c0d-594670c86eaa@group-C7CE7C2009D5-FollowerState] INFO  impl.RoleInfo (RoleInfo.java:updateAndGet(139)) - 9af99ef4-a70d-4375-9c0d-594670c86eaa: start 9af99ef4-a70d-4375-9c0d-594670c86eaa@group-C7CE7C2009D5-LeaderElection7
2022-12-15 22:22:00,829 [EventQueue-CommandQueueReportForCommandQueueReportHandler] WARN  events.EventQueue (EventQueue.java:fireEvent(216)) - No event handler registered for event TypedEvent{payloadType=DatanodeDetails, name='Datanode_Command_Queue_Updated'}
2022-12-15 22:22:00,829 [EventQueue-CommandQueueReportForCommandQueueReportHandler] WARN  events.EventQueue (EventQueue.java:fireEvent(216)) - No event handler registered for event TypedEvent{payloadType=DatanodeDetails, name='Datanode_Command_Queue_Updated'}
2022-12-15 22:22:00,830 [EventQueue-OpenPipelineForHealthyPipelineSafeModeRule] INFO  safemode.SCMSafeModeManager (HealthyPipelineSafeModeRule.java:process(137)) - SCM in safe mode. Healthy pipelines reported count is 0, required healthy pipeline reported count is 1
2022-12-15 22:22:00,853 [9af99ef4-a70d-4375-9c0d-594670c86eaa@group-D5DD31449DCD-FollowerState] INFO  server.RaftServerConfigKeys (ConfUtils.java:logGet(46)) - raft.server.leaderelection.pre-vote = false (custom)
2022-12-15 22:22:00,853 [9af99ef4-a70d-4375-9c0d-594670c86eaa@group-D5DD31449DCD-FollowerState] INFO  impl.RoleInfo (RoleInfo.java:updateAndGet(139)) - 9af99ef4-a70d-4375-9c0d-594670c86eaa: start 9af99ef4-a70d-4375-9c0d-594670c86eaa@group-D5DD31449DCD-LeaderElection8
2022-12-15 22:22:00,868 [9af99ef4-a70d-4375-9c0d-594670c86eaa@group-D5DD31449DCD-LeaderElection8] INFO  impl.LeaderElection (LeaderElection.java:askForVotes(312)) - 9af99ef4-a70d-4375-9c0d-594670c86eaa@group-D5DD31449DCD-LeaderElection8 ELECTION round 0: submit vote requests at term 1 for -1: peers:[9af99ef4-a70d-4375-9c0d-594670c86eaa|rpc:10.1.0.13:37969|dataStream:|priority:0|startupRole:FOLLOWER, 36e1593a-57cf-42fc-9e99-3bc8e6c88ec2|rpc:10.1.0.13:46439|dataStream:|priority:0|startupRole:FOLLOWER, c0e45f45-48a3-418c-b3ac-112e0491709c|rpc:10.1.0.13:40363|dataStream:|priority:1|startupRole:FOLLOWER]|listeners:[], old=null
2022-12-15 22:22:00,868 [9af99ef4-a70d-4375-9c0d-594670c86eaa@group-C7CE7C2009D5-LeaderElection7] INFO  impl.LeaderElection (LeaderElection.java:askForVotes(312)) - 9af99ef4-a70d-4375-9c0d-594670c86eaa@group-C7CE7C2009D5-LeaderElection7 ELECTION round 0: submit vote requests at term 1 for -1: peers:[9af99ef4-a70d-4375-9c0d-594670c86eaa|rpc:10.1.0.13:37969|priority:1|startupRole:FOLLOWER]|listeners:[], old=null
2022-12-15 22:22:00,868 [9af99ef4-a70d-4375-9c0d-594670c86eaa@group-C7CE7C2009D5-LeaderElection7] INFO  impl.LeaderElection (LeaderElection.java:askForVotes(314)) - 9af99ef4-a70d-4375-9c0d-594670c86eaa@group-C7CE7C2009D5-LeaderElection7 ELECTION round 0: result PASSED (term=1)
2022-12-15 22:22:00,868 [9af99ef4-a70d-4375-9c0d-594670c86eaa@group-C7CE7C2009D5-LeaderElection7] INFO  impl.RoleInfo (RoleInfo.java:shutdownLeaderElection(130)) - 9af99ef4-a70d-4375-9c0d-594670c86eaa: shutdown 9af99ef4-a70d-4375-9c0d-594670c86eaa@group-C7CE7C2009D5-LeaderElection7
2022-12-15 22:22:00,869 [9af99ef4-a70d-4375-9c0d-594670c86eaa@group-C7CE7C2009D5-LeaderElection7] INFO  server.RaftServer$Division (RaftServerImpl.java:setRole(321)) - 9af99ef4-a70d-4375-9c0d-594670c86eaa@group-C7CE7C2009D5: changes role from CANDIDATE to LEADER at term 1 for changeToLeader
2022-12-15 22:22:00,869 [9af99ef4-a70d-4375-9c0d-594670c86eaa@group-C7CE7C2009D5-LeaderElection7] INFO  ratis.XceiverServerRatis (XceiverServerRatis.java:handleLeaderChangedNotification(863)) - Leader change notification received for group: group-C7CE7C2009D5 with new leaderId: 9af99ef4-a70d-4375-9c0d-594670c86eaa
2022-12-15 22:22:00,869 [9af99ef4-a70d-4375-9c0d-594670c86eaa@group-D5DD31449DCD-LeaderElection8] INFO  server.RaftServerConfigKeys (ConfUtils.java:logFallback(53)) - raft.server.rpc.first-election.timeout.min = 5s (fallback to raft.server.rpc.timeout.min)
2022-12-15 22:22:00,871 [9af99ef4-a70d-4375-9c0d-594670c86eaa@group-D5DD31449DCD-LeaderElection8] INFO  server.RaftServerConfigKeys (ConfUtils.java:logFallback(53)) - raft.server.rpc.first-election.timeout.max = 5200ms (fallback to raft.server.rpc.timeout.max)
2022-12-15 22:22:00,869 [9af99ef4-a70d-4375-9c0d-594670c86eaa@group-D5DD31449DCD-LeaderElection8-2] INFO  server.GrpcServerProtocolClient (GrpcServerProtocolClient.java:<init>(63)) - Build channel for c0e45f45-48a3-418c-b3ac-112e0491709c
2022-12-15 22:22:00,870 [9af99ef4-a70d-4375-9c0d-594670c86eaa@group-C7CE7C2009D5-LeaderElection7] INFO  server.RaftServer$Division (ServerState.java:setLeader(313)) - 9af99ef4-a70d-4375-9c0d-594670c86eaa@group-C7CE7C2009D5: change Leader from null to 9af99ef4-a70d-4375-9c0d-594670c86eaa at term 1 for becomeLeader, leader elected after 5188ms
2022-12-15 22:22:00,874 [9af99ef4-a70d-4375-9c0d-594670c86eaa@group-C7CE7C2009D5-LeaderElection7] INFO  server.RaftServerConfigKeys (ConfUtils.java:logGet(46)) - raft.server.staging.catchup.gap = 1000 (default)
2022-12-15 22:22:00,874 [9af99ef4-a70d-4375-9c0d-594670c86eaa@group-C7CE7C2009D5-LeaderElection7] INFO  server.RaftServerConfigKeys (ConfUtils.java:logGet(46)) - raft.server.write.element-limit = 1024 (custom)
2022-12-15 22:22:00,874 [9af99ef4-a70d-4375-9c0d-594670c86eaa@group-C7CE7C2009D5-LeaderElection7] INFO  server.RaftServerConfigKeys (ConfUtils.java:logGet(46)) - raft.server.write.byte-limit = 1024 M (=1073741824) (custom)
2022-12-15 22:22:00,874 [9af99ef4-a70d-4375-9c0d-594670c86eaa@group-C7CE7C2009D5-LeaderElection7] INFO  server.RaftServerConfigKeys (ConfUtils.java:logGet(46)) - raft.server.watch.timeout = 180s (custom)
2022-12-15 22:22:00,874 [9af99ef4-a70d-4375-9c0d-594670c86eaa@group-C7CE7C2009D5-LeaderElection7] INFO  server.RaftServerConfigKeys (ConfUtils.java:logGet(46)) - raft.server.watch.timeout.denomination = 1s (default)
2022-12-15 22:22:00,874 [9af99ef4-a70d-4375-9c0d-594670c86eaa@group-C7CE7C2009D5-LeaderElection7] INFO  server.RaftServerConfigKeys (ConfUtils.java:logGet(46)) - raft.server.watch.element-limit = 65536 (default)
2022-12-15 22:22:00,875 [9af99ef4-a70d-4375-9c0d-594670c86eaa@group-C7CE7C2009D5-LeaderElection7] INFO  server.RaftServerConfigKeys (ConfUtils.java:logGet(46)) - raft.server.write.element-limit = 1024 (custom)
2022-12-15 22:22:00,875 [9af99ef4-a70d-4375-9c0d-594670c86eaa@group-C7CE7C2009D5-LeaderElection7] INFO  server.RaftServerConfigKeys (ConfUtils.java:logGet(46)) - raft.server.write.follower.gap.ratio.max = -1.0 (default)
2022-12-15 22:22:00,875 [9af99ef4-a70d-4375-9c0d-594670c86eaa@group-C7CE7C2009D5-LeaderElection7] INFO  impl.RoleInfo (RoleInfo.java:updateAndGet(139)) - 9af99ef4-a70d-4375-9c0d-594670c86eaa: start 9af99ef4-a70d-4375-9c0d-594670c86eaa@group-C7CE7C2009D5-LeaderStateImpl
2022-12-15 22:22:00,875 [9af99ef4-a70d-4375-9c0d-594670c86eaa@group-C7CE7C2009D5-LeaderElection7] INFO  segmented.SegmentedRaftLogWorker (SegmentedRaftLogWorker.java:startLogSegment(452)) - 9af99ef4-a70d-4375-9c0d-594670c86eaa@group-C7CE7C2009D5-SegmentedRaftLogWorker: Starting segment from index:0
2022-12-15 22:22:00,877 [9af99ef4-a70d-4375-9c0d-594670c86eaa@group-C7CE7C2009D5-SegmentedRaftLogWorker] INFO  segmented.SegmentedRaftLogWorker (SegmentedRaftLogWorker.java:execute(656)) - 9af99ef4-a70d-4375-9c0d-594670c86eaa@group-C7CE7C2009D5-SegmentedRaftLogWorker: created new log segment /home/runner/work/ozone/ozone/hadoop-ozone/integration-test/target/test-dir/MiniOzoneClusterImpl-67032562-5e12-4c4f-a5ab-79ddd1e2132c/datanode-4/data/ratis/6e385720-725f-4bca-9036-c7ce7c2009d5/current/log_inprogress_0
2022-12-15 22:22:00,883 [9af99ef4-a70d-4375-9c0d-594670c86eaa@group-C7CE7C2009D5-LeaderElection7] INFO  server.RaftServer$Division (ServerState.java:setRaftConf(430)) - 9af99ef4-a70d-4375-9c0d-594670c86eaa@group-C7CE7C2009D5: set configuration 0: peers:[9af99ef4-a70d-4375-9c0d-594670c86eaa|rpc:10.1.0.13:37969|dataStream:|priority:1|startupRole:FOLLOWER]|listeners:[], old=null
2022-12-15 22:22:00,892 [9af99ef4-a70d-4375-9c0d-594670c86eaa@group-D5DD31449DCD-LeaderElection8-1] INFO  server.GrpcServerProtocolClient (GrpcServerProtocolClient.java:<init>(63)) - Build channel for 36e1593a-57cf-42fc-9e99-3bc8e6c88ec2
2022-12-15 22:22:00,893 [EventQueue-CommandQueueReportForCommandQueueReportHandler] WARN  events.EventQueue (EventQueue.java:fireEvent(216)) - No event handler registered for event TypedEvent{payloadType=DatanodeDetails, name='Datanode_Command_Queue_Updated'}
2022-12-15 22:22:00,893 [EventQueue-OpenPipelineForHealthyPipelineSafeModeRule] INFO  safemode.SCMSafeModeManager (HealthyPipelineSafeModeRule.java:process(137)) - SCM in safe mode. Healthy pipelines reported count is 0, required healthy pipeline reported count is 1
2022-12-15 22:22:00,894 [grpc-default-executor-0] INFO  server.RaftServer$Division (RaftServerImpl.java:requestVote(1218)) - c0e45f45-48a3-418c-b3ac-112e0491709c@group-D5DD31449DCD: receive requestVote(ELECTION, 9af99ef4-a70d-4375-9c0d-594670c86eaa, group-D5DD31449DCD, 1, (t:0, i:0))
2022-12-15 22:22:00,894 [grpc-default-executor-0] INFO  impl.VoteContext (VoteContext.java:log(49)) - c0e45f45-48a3-418c-b3ac-112e0491709c@group-D5DD31449DCD-FOLLOWER: reject ELECTION from 9af99ef4-a70d-4375-9c0d-594670c86eaa: our priority 1 > candidate's priority 0
2022-12-15 22:22:00,894 [grpc-default-executor-0] INFO  server.RaftServer$Division (RaftServerImpl.java:setRole(321)) - c0e45f45-48a3-418c-b3ac-112e0491709c@group-D5DD31449DCD: changes role from  FOLLOWER to FOLLOWER at term 1 for candidate:9af99ef4-a70d-4375-9c0d-594670c86eaa
2022-12-15 22:22:00,895 [grpc-default-executor-0] INFO  impl.RoleInfo (RoleInfo.java:shutdownFollowerState(110)) - c0e45f45-48a3-418c-b3ac-112e0491709c: shutdown c0e45f45-48a3-418c-b3ac-112e0491709c@group-D5DD31449DCD-FollowerState
2022-12-15 22:22:00,896 [c0e45f45-48a3-418c-b3ac-112e0491709c@group-D5DD31449DCD-FollowerState] INFO  impl.FollowerState (FollowerState.java:run(152)) - c0e45f45-48a3-418c-b3ac-112e0491709c@group-D5DD31449DCD-FollowerState was interrupted
2022-12-15 22:22:00,896 [grpc-default-executor-0] INFO  impl.RoleInfo (RoleInfo.java:updateAndGet(139)) - c0e45f45-48a3-418c-b3ac-112e0491709c: start c0e45f45-48a3-418c-b3ac-112e0491709c@group-D5DD31449DCD-FollowerState
2022-12-15 22:22:00,901 [c0e45f45-48a3-418c-b3ac-112e0491709c@group-D5DD31449DCD-FollowerState] INFO  server.RaftServerConfigKeys (ConfUtils.java:logFallback(53)) - raft.server.rpc.first-election.timeout.min = 5s (fallback to raft.server.rpc.timeout.min)
2022-12-15 22:22:00,901 [c0e45f45-48a3-418c-b3ac-112e0491709c@group-D5DD31449DCD-FollowerState] INFO  server.RaftServerConfigKeys (ConfUtils.java:logFallback(53)) - raft.server.rpc.first-election.timeout.max = 5200ms (fallback to raft.server.rpc.timeout.max)
2022-12-15 22:22:00,904 [grpc-default-executor-0] INFO  server.RaftServer$Division (RaftServerImpl.java:requestVote(1251)) - c0e45f45-48a3-418c-b3ac-112e0491709c@group-D5DD31449DCD replies to ELECTION vote request: 9af99ef4-a70d-4375-9c0d-594670c86eaa<-c0e45f45-48a3-418c-b3ac-112e0491709c#0:FAIL-t1. Peer's state: c0e45f45-48a3-418c-b3ac-112e0491709c@group-D5DD31449DCD:t1, leader=null, voted=null, raftlog=Memoized:c0e45f45-48a3-418c-b3ac-112e0491709c@group-D5DD31449DCD-SegmentedRaftLog:OPENED:c-1, conf=-1: peers:[9af99ef4-a70d-4375-9c0d-594670c86eaa|rpc:10.1.0.13:37969|dataStream:|priority:0|startupRole:FOLLOWER, 36e1593a-57cf-42fc-9e99-3bc8e6c88ec2|rpc:10.1.0.13:46439|dataStream:|priority:0|startupRole:FOLLOWER, c0e45f45-48a3-418c-b3ac-112e0491709c|rpc:10.1.0.13:40363|dataStream:|priority:1|startupRole:FOLLOWER]|listeners:[], old=null
2022-12-15 22:22:00,907 [9af99ef4-a70d-4375-9c0d-594670c86eaa@group-D5DD31449DCD-LeaderElection8] INFO  impl.LeaderElection (LeaderElection.java:logAndReturn(90)) - 9af99ef4-a70d-4375-9c0d-594670c86eaa@group-D5DD31449DCD-LeaderElection8: ELECTION REJECTED received 1 response(s) and 0 exception(s):
2022-12-15 22:22:00,907 [9af99ef4-a70d-4375-9c0d-594670c86eaa@group-D5DD31449DCD-LeaderElection8] INFO  impl.LeaderElection (LeaderElection.java:logAndReturn(94)) -   Response 0: 9af99ef4-a70d-4375-9c0d-594670c86eaa<-c0e45f45-48a3-418c-b3ac-112e0491709c#0:FAIL-t1
2022-12-15 22:22:00,908 [9af99ef4-a70d-4375-9c0d-594670c86eaa@group-D5DD31449DCD-LeaderElection8] INFO  impl.LeaderElection (LeaderElection.java:askForVotes(314)) - 9af99ef4-a70d-4375-9c0d-594670c86eaa@group-D5DD31449DCD-LeaderElection8 ELECTION round 0: result REJECTED
2022-12-15 22:22:00,908 [9af99ef4-a70d-4375-9c0d-594670c86eaa@group-D5DD31449DCD-LeaderElection8] INFO  server.RaftServer$Division (RaftServerImpl.java:setRole(321)) - 9af99ef4-a70d-4375-9c0d-594670c86eaa@group-D5DD31449DCD: changes role from CANDIDATE to FOLLOWER at term 1 for REJECTED
2022-12-15 22:22:00,908 [9af99ef4-a70d-4375-9c0d-594670c86eaa@group-D5DD31449DCD-LeaderElection8] INFO  impl.RoleInfo (RoleInfo.java:shutdownLeaderElection(130)) - 9af99ef4-a70d-4375-9c0d-594670c86eaa: shutdown 9af99ef4-a70d-4375-9c0d-594670c86eaa@group-D5DD31449DCD-LeaderElection8
2022-12-15 22:22:00,908 [9af99ef4-a70d-4375-9c0d-594670c86eaa@group-D5DD31449DCD-LeaderElection8] INFO  impl.RoleInfo (RoleInfo.java:updateAndGet(139)) - 9af99ef4-a70d-4375-9c0d-594670c86eaa: start 9af99ef4-a70d-4375-9c0d-594670c86eaa@group-D5DD31449DCD-FollowerState
2022-12-15 22:22:00,914 [9af99ef4-a70d-4375-9c0d-594670c86eaa@group-D5DD31449DCD-FollowerState] INFO  server.RaftServerConfigKeys (ConfUtils.java:logFallback(53)) - raft.server.rpc.first-election.timeout.min = 5s (fallback to raft.server.rpc.timeout.min)
2022-12-15 22:22:00,918 [9af99ef4-a70d-4375-9c0d-594670c86eaa@group-D5DD31449DCD-FollowerState] INFO  server.RaftServerConfigKeys (ConfUtils.java:logFallback(53)) - raft.server.rpc.first-election.timeout.max = 5200ms (fallback to raft.server.rpc.timeout.max)
2022-12-15 22:22:00,922 [grpc-default-executor-0] INFO  server.RaftServer$Division (RaftServerImpl.java:requestVote(1218)) - 36e1593a-57cf-42fc-9e99-3bc8e6c88ec2@group-D5DD31449DCD: receive requestVote(ELECTION, 9af99ef4-a70d-4375-9c0d-594670c86eaa, group-D5DD31449DCD, 1, (t:0, i:0))
2022-12-15 22:22:00,922 [grpc-default-executor-0] INFO  impl.VoteContext (VoteContext.java:log(49)) - 36e1593a-57cf-42fc-9e99-3bc8e6c88ec2@group-D5DD31449DCD-FOLLOWER: accept ELECTION from 9af99ef4-a70d-4375-9c0d-594670c86eaa: our priority 0 <= candidate's priority 0
2022-12-15 22:22:00,922 [grpc-default-executor-0] INFO  server.RaftServer$Division (RaftServerImpl.java:setRole(321)) - 36e1593a-57cf-42fc-9e99-3bc8e6c88ec2@group-D5DD31449DCD: changes role from  FOLLOWER to FOLLOWER at term 1 for candidate:9af99ef4-a70d-4375-9c0d-594670c86eaa
2022-12-15 22:22:00,922 [grpc-default-executor-0] INFO  impl.RoleInfo (RoleInfo.java:shutdownFollowerState(110)) - 36e1593a-57cf-42fc-9e99-3bc8e6c88ec2: shutdown 36e1593a-57cf-42fc-9e99-3bc8e6c88ec2@group-D5DD31449DCD-FollowerState
2022-12-15 22:22:00,923 [grpc-default-executor-0] INFO  impl.RoleInfo (RoleInfo.java:updateAndGet(139)) - 36e1593a-57cf-42fc-9e99-3bc8e6c88ec2: start 36e1593a-57cf-42fc-9e99-3bc8e6c88ec2@group-D5DD31449DCD-FollowerState
2022-12-15 22:22:00,923 [36e1593a-57cf-42fc-9e99-3bc8e6c88ec2@group-D5DD31449DCD-FollowerState] INFO  impl.FollowerState (FollowerState.java:run(152)) - 36e1593a-57cf-42fc-9e99-3bc8e6c88ec2@group-D5DD31449DCD-FollowerState was interrupted
2022-12-15 22:22:00,926 [grpc-default-executor-0] INFO  server.RaftServer$Division (RaftServerImpl.java:requestVote(1251)) - 36e1593a-57cf-42fc-9e99-3bc8e6c88ec2@group-D5DD31449DCD replies to ELECTION vote request: 9af99ef4-a70d-4375-9c0d-594670c86eaa<-36e1593a-57cf-42fc-9e99-3bc8e6c88ec2#0:OK-t1. Peer's state: 36e1593a-57cf-42fc-9e99-3bc8e6c88ec2@group-D5DD31449DCD:t1, leader=null, voted=9af99ef4-a70d-4375-9c0d-594670c86eaa, raftlog=Memoized:36e1593a-57cf-42fc-9e99-3bc8e6c88ec2@group-D5DD31449DCD-SegmentedRaftLog:OPENED:c-1, conf=-1: peers:[9af99ef4-a70d-4375-9c0d-594670c86eaa|rpc:10.1.0.13:37969|priority:0|startupRole:FOLLOWER, 36e1593a-57cf-42fc-9e99-3bc8e6c88ec2|rpc:10.1.0.13:46439|priority:0|startupRole:FOLLOWER, c0e45f45-48a3-418c-b3ac-112e0491709c|rpc:10.1.0.13:40363|priority:1|startupRole:FOLLOWER]|listeners:[], old=null
2022-12-15 22:22:00,928 [36e1593a-57cf-42fc-9e99-3bc8e6c88ec2@group-D5DD31449DCD-FollowerState] INFO  server.RaftServerConfigKeys (ConfUtils.java:logFallback(53)) - raft.server.rpc.first-election.timeout.min = 5s (fallback to raft.server.rpc.timeout.min)
2022-12-15 22:22:00,928 [36e1593a-57cf-42fc-9e99-3bc8e6c88ec2@group-D5DD31449DCD-FollowerState] INFO  server.RaftServerConfigKeys (ConfUtils.java:logFallback(53)) - raft.server.rpc.first-election.timeout.max = 5200ms (fallback to raft.server.rpc.timeout.max)
2022-12-15 22:22:01,033 [EventQueue-CommandQueueReportForCommandQueueReportHandler] WARN  events.EventQueue (EventQueue.java:fireEvent(216)) - No event handler registered for event TypedEvent{payloadType=DatanodeDetails, name='Datanode_Command_Queue_Updated'}
2022-12-15 22:22:01,033 [EventQueue-OpenPipelineForHealthyPipelineSafeModeRule] INFO  safemode.SCMSafeModeManager (HealthyPipelineSafeModeRule.java:process(137)) - SCM in safe mode. Healthy pipelines reported count is 0, required healthy pipeline reported count is 1
2022-12-15 22:22:01,153 [EventQueue-CommandQueueReportForCommandQueueReportHandler] WARN  events.EventQueue (EventQueue.java:fireEvent(216)) - No event handler registered for event TypedEvent{payloadType=DatanodeDetails, name='Datanode_Command_Queue_Updated'}
2022-12-15 22:22:01,156 [EventQueue-OpenPipelineForHealthyPipelineSafeModeRule] INFO  safemode.SCMSafeModeManager (HealthyPipelineSafeModeRule.java:process(137)) - SCM in safe mode. Healthy pipelines reported count is 0, required healthy pipeline reported count is 1
2022-12-15 22:22:01,212 [ReplicationMonitor] INFO  replication.ReplicationManager (ReplicationManager.java:processAll(327)) - Replication Manager is not ready to run until 3000ms after safemode exit
2022-12-15 22:22:01,240 [EventQueue-OpenPipelineForHealthyPipelineSafeModeRule] INFO  safemode.SCMSafeModeManager (HealthyPipelineSafeModeRule.java:process(137)) - SCM in safe mode. Healthy pipelines reported count is 0, required healthy pipeline reported count is 1
2022-12-15 22:22:01,240 [EventQueue-CommandQueueReportForCommandQueueReportHandler] WARN  events.EventQueue (EventQueue.java:fireEvent(216)) - No event handler registered for event TypedEvent{payloadType=DatanodeDetails, name='Datanode_Command_Queue_Updated'}
2022-12-15 22:22:01,254 [c0e45f45-48a3-418c-b3ac-112e0491709c@group-3ED7B0640C31-FollowerState] INFO  impl.FollowerState (FollowerState.java:run(143)) - c0e45f45-48a3-418c-b3ac-112e0491709c@group-3ED7B0640C31-FollowerState: change to CANDIDATE, lastRpcElapsedTime:5007802731ns, electionTimeout:5007ms
2022-12-15 22:22:01,254 [c0e45f45-48a3-418c-b3ac-112e0491709c@group-3ED7B0640C31-FollowerState] INFO  impl.RoleInfo (RoleInfo.java:shutdownFollowerState(110)) - c0e45f45-48a3-418c-b3ac-112e0491709c: shutdown c0e45f45-48a3-418c-b3ac-112e0491709c@group-3ED7B0640C31-FollowerState
2022-12-15 22:22:01,254 [c0e45f45-48a3-418c-b3ac-112e0491709c@group-3ED7B0640C31-FollowerState] INFO  server.RaftServer$Division (RaftServerImpl.java:setRole(321)) - c0e45f45-48a3-418c-b3ac-112e0491709c@group-3ED7B0640C31: changes role from  FOLLOWER to CANDIDATE at term 0 for changeToCandidate
2022-12-15 22:22:01,254 [c0e45f45-48a3-418c-b3ac-112e0491709c@group-3ED7B0640C31-FollowerState] INFO  server.RaftServerConfigKeys (ConfUtils.java:logGet(46)) - raft.server.leaderelection.pre-vote = false (custom)
2022-12-15 22:22:01,254 [c0e45f45-48a3-418c-b3ac-112e0491709c@group-3ED7B0640C31-FollowerState] INFO  impl.RoleInfo (RoleInfo.java:updateAndGet(139)) - c0e45f45-48a3-418c-b3ac-112e0491709c: start c0e45f45-48a3-418c-b3ac-112e0491709c@group-3ED7B0640C31-LeaderElection9
2022-12-15 22:22:01,272 [c0e45f45-48a3-418c-b3ac-112e0491709c@group-3ED7B0640C31-LeaderElection9] INFO  impl.LeaderElection (LeaderElection.java:askForVotes(312)) - c0e45f45-48a3-418c-b3ac-112e0491709c@group-3ED7B0640C31-LeaderElection9 ELECTION round 0: submit vote requests at term 1 for -1: peers:[c0e45f45-48a3-418c-b3ac-112e0491709c|rpc:10.1.0.13:40363|priority:1|startupRole:FOLLOWER]|listeners:[], old=null
2022-12-15 22:22:01,272 [c0e45f45-48a3-418c-b3ac-112e0491709c@group-3ED7B0640C31-LeaderElection9] INFO  impl.LeaderElection (LeaderElection.java:askForVotes(314)) - c0e45f45-48a3-418c-b3ac-112e0491709c@group-3ED7B0640C31-LeaderElection9 ELECTION round 0: result PASSED (term=1)
2022-12-15 22:22:01,272 [c0e45f45-48a3-418c-b3ac-112e0491709c@group-3ED7B0640C31-LeaderElection9] INFO  impl.RoleInfo (RoleInfo.java:shutdownLeaderElection(130)) - c0e45f45-48a3-418c-b3ac-112e0491709c: shutdown c0e45f45-48a3-418c-b3ac-112e0491709c@group-3ED7B0640C31-LeaderElection9
2022-12-15 22:22:01,272 [c0e45f45-48a3-418c-b3ac-112e0491709c@group-3ED7B0640C31-LeaderElection9] INFO  server.RaftServer$Division (RaftServerImpl.java:setRole(321)) - c0e45f45-48a3-418c-b3ac-112e0491709c@group-3ED7B0640C31: changes role from CANDIDATE to LEADER at term 1 for changeToLeader
2022-12-15 22:22:01,272 [c0e45f45-48a3-418c-b3ac-112e0491709c@group-3ED7B0640C31-LeaderElection9] INFO  ratis.XceiverServerRatis (XceiverServerRatis.java:handleLeaderChangedNotification(863)) - Leader change notification received for group: group-3ED7B0640C31 with new leaderId: c0e45f45-48a3-418c-b3ac-112e0491709c
2022-12-15 22:22:01,273 [c0e45f45-48a3-418c-b3ac-112e0491709c@group-3ED7B0640C31-LeaderElection9] INFO  server.RaftServer$Division (ServerState.java:setLeader(313)) - c0e45f45-48a3-418c-b3ac-112e0491709c@group-3ED7B0640C31: change Leader from null to c0e45f45-48a3-418c-b3ac-112e0491709c at term 1 for becomeLeader, leader elected after 5050ms
2022-12-15 22:22:01,273 [c0e45f45-48a3-418c-b3ac-112e0491709c@group-3ED7B0640C31-LeaderElection9] INFO  server.RaftServerConfigKeys (ConfUtils.java:logGet(46)) - raft.server.staging.catchup.gap = 1000 (default)
2022-12-15 22:22:01,273 [c0e45f45-48a3-418c-b3ac-112e0491709c@group-3ED7B0640C31-LeaderElection9] INFO  server.RaftServerConfigKeys (ConfUtils.java:logGet(46)) - raft.server.write.element-limit = 1024 (custom)
2022-12-15 22:22:01,273 [c0e45f45-48a3-418c-b3ac-112e0491709c@group-3ED7B0640C31-LeaderElection9] INFO  server.RaftServerConfigKeys (ConfUtils.java:logGet(46)) - raft.server.write.byte-limit = 1024 M (=1073741824) (custom)
2022-12-15 22:22:01,274 [c0e45f45-48a3-418c-b3ac-112e0491709c@group-3ED7B0640C31-LeaderElection9] INFO  server.RaftServerConfigKeys (ConfUtils.java:logGet(46)) - raft.server.watch.timeout = 180s (custom)
2022-12-15 22:22:01,274 [c0e45f45-48a3-418c-b3ac-112e0491709c@group-3ED7B0640C31-LeaderElection9] INFO  server.RaftServerConfigKeys (ConfUtils.java:logGet(46)) - raft.server.watch.timeout.denomination = 1s (default)
2022-12-15 22:22:01,274 [c0e45f45-48a3-418c-b3ac-112e0491709c@group-3ED7B0640C31-LeaderElection9] INFO  server.RaftServerConfigKeys (ConfUtils.java:logGet(46)) - raft.server.watch.element-limit = 65536 (default)
2022-12-15 22:22:01,274 [c0e45f45-48a3-418c-b3ac-112e0491709c@group-3ED7B0640C31-LeaderElection9] INFO  server.RaftServerConfigKeys (ConfUtils.java:logGet(46)) - raft.server.write.element-limit = 1024 (custom)
2022-12-15 22:22:01,274 [c0e45f45-48a3-418c-b3ac-112e0491709c@group-3ED7B0640C31-LeaderElection9] INFO  server.RaftServerConfigKeys (ConfUtils.java:logGet(46)) - raft.server.write.follower.gap.ratio.max = -1.0 (default)
2022-12-15 22:22:01,274 [c0e45f45-48a3-418c-b3ac-112e0491709c@group-3ED7B0640C31-LeaderElection9] INFO  impl.RoleInfo (RoleInfo.java:updateAndGet(139)) - c0e45f45-48a3-418c-b3ac-112e0491709c: start c0e45f45-48a3-418c-b3ac-112e0491709c@group-3ED7B0640C31-LeaderStateImpl
2022-12-15 22:22:01,275 [c0e45f45-48a3-418c-b3ac-112e0491709c@group-3ED7B0640C31-LeaderElection9] INFO  segmented.SegmentedRaftLogWorker (SegmentedRaftLogWorker.java:startLogSegment(452)) - c0e45f45-48a3-418c-b3ac-112e0491709c@group-3ED7B0640C31-SegmentedRaftLogWorker: Starting segment from index:0
2022-12-15 22:22:01,288 [c0e45f45-48a3-418c-b3ac-112e0491709c@group-3ED7B0640C31-LeaderElection9] INFO  server.RaftServer$Division (ServerState.java:setRaftConf(430)) - c0e45f45-48a3-418c-b3ac-112e0491709c@group-3ED7B0640C31: set configuration 0: peers:[c0e45f45-48a3-418c-b3ac-112e0491709c|rpc:10.1.0.13:40363|dataStream:|priority:1|startupRole:FOLLOWER]|listeners:[], old=null
2022-12-15 22:22:01,292 [c0e45f45-48a3-418c-b3ac-112e0491709c@group-3ED7B0640C31-SegmentedRaftLogWorker] INFO  segmented.SegmentedRaftLogWorker (SegmentedRaftLogWorker.java:execute(656)) - c0e45f45-48a3-418c-b3ac-112e0491709c@group-3ED7B0640C31-SegmentedRaftLogWorker: created new log segment /home/runner/work/ozone/ozone/hadoop-ozone/integration-test/target/test-dir/MiniOzoneClusterImpl-67032562-5e12-4c4f-a5ab-79ddd1e2132c/datanode-5/data/ratis/c2b1cf5f-e953-402c-8c5a-3ed7b0640c31/current/log_inprogress_0
2022-12-15 22:22:01,294 [EventQueue-CommandQueueReportForCommandQueueReportHandler] WARN  events.EventQueue (EventQueue.java:fireEvent(216)) - No event handler registered for event TypedEvent{payloadType=DatanodeDetails, name='Datanode_Command_Queue_Updated'}
2022-12-15 22:22:01,295 [EventQueue-OpenPipelineForHealthyPipelineSafeModeRule] INFO  safemode.SCMSafeModeManager (HealthyPipelineSafeModeRule.java:process(137)) - SCM in safe mode. Healthy pipelines reported count is 0, required healthy pipeline reported count is 1
2022-12-15 22:22:01,428 [EventQueue-CommandQueueReportForCommandQueueReportHandler] WARN  events.EventQueue (EventQueue.java:fireEvent(216)) - No event handler registered for event TypedEvent{payloadType=DatanodeDetails, name='Datanode_Command_Queue_Updated'}
2022-12-15 22:22:01,428 [EventQueue-OpenPipelineForHealthyPipelineSafeModeRule] INFO  safemode.SCMSafeModeManager (HealthyPipelineSafeModeRule.java:process(137)) - SCM in safe mode. Healthy pipelines reported count is 0, required healthy pipeline reported count is 1
2022-12-15 22:22:01,814 [Listener at 127.0.0.1/44409] INFO  ozone.MiniOzoneClusterImpl (MiniOzoneClusterImpl.java:lambda$waitForClusterToBeReady$0(216)) - Nodes are ready. Got 7 of 7 DN Heartbeats.
2022-12-15 22:22:01,814 [Listener at 127.0.0.1/44409] INFO  ozone.MiniOzoneClusterImpl (MiniOzoneClusterImpl.java:lambda$waitForClusterToBeReady$0(219)) - Waiting for cluster to exit safe mode
2022-12-15 22:22:01,814 [Listener at 127.0.0.1/44409] INFO  ozone.MiniOzoneClusterImpl (MiniOzoneClusterImpl.java:lambda$waitForClusterToBeReady$0(221)) - SCM became leader
2022-12-15 22:22:01,818 [EventQueue-CommandQueueReportForCommandQueueReportHandler] WARN  events.EventQueue (EventQueue.java:fireEvent(216)) - No event handler registered for event TypedEvent{payloadType=DatanodeDetails, name='Datanode_Command_Queue_Updated'}
2022-12-15 22:22:01,819 [EventQueue-OpenPipelineForHealthyPipelineSafeModeRule] INFO  safemode.SCMSafeModeManager (HealthyPipelineSafeModeRule.java:process(137)) - SCM in safe mode. Healthy pipelines reported count is 0, required healthy pipeline reported count is 1
2022-12-15 22:22:01,820 [EventQueue-CommandQueueReportForCommandQueueReportHandler] WARN  events.EventQueue (EventQueue.java:fireEvent(216)) - No event handler registered for event TypedEvent{payloadType=DatanodeDetails, name='Datanode_Command_Queue_Updated'}
2022-12-15 22:22:01,827 [30cdbfed-5eb6-4d94-b03b-823178923405@group-018CD0DF57F0-FollowerState] INFO  impl.FollowerState (FollowerState.java:run(143)) - 30cdbfed-5eb6-4d94-b03b-823178923405@group-018CD0DF57F0-FollowerState: change to CANDIDATE, lastRpcElapsedTime:5101993177ns, electionTimeout:5100ms
2022-12-15 22:22:01,828 [30cdbfed-5eb6-4d94-b03b-823178923405@group-018CD0DF57F0-FollowerState] INFO  impl.RoleInfo (RoleInfo.java:shutdownFollowerState(110)) - 30cdbfed-5eb6-4d94-b03b-823178923405: shutdown 30cdbfed-5eb6-4d94-b03b-823178923405@group-018CD0DF57F0-FollowerState
2022-12-15 22:22:01,828 [30cdbfed-5eb6-4d94-b03b-823178923405@group-018CD0DF57F0-FollowerState] INFO  server.RaftServer$Division (RaftServerImpl.java:setRole(321)) - 30cdbfed-5eb6-4d94-b03b-823178923405@group-018CD0DF57F0: changes role from  FOLLOWER to CANDIDATE at term 0 for changeToCandidate
2022-12-15 22:22:01,828 [30cdbfed-5eb6-4d94-b03b-823178923405@group-018CD0DF57F0-FollowerState] INFO  server.RaftServerConfigKeys (ConfUtils.java:logGet(46)) - raft.server.leaderelection.pre-vote = false (custom)
2022-12-15 22:22:01,828 [30cdbfed-5eb6-4d94-b03b-823178923405@group-018CD0DF57F0-FollowerState] INFO  impl.RoleInfo (RoleInfo.java:updateAndGet(139)) - 30cdbfed-5eb6-4d94-b03b-823178923405: start 30cdbfed-5eb6-4d94-b03b-823178923405@group-018CD0DF57F0-LeaderElection10
2022-12-15 22:22:01,833 [30cdbfed-5eb6-4d94-b03b-823178923405@group-018CD0DF57F0-LeaderElection10] INFO  impl.LeaderElection (LeaderElection.java:askForVotes(312)) - 30cdbfed-5eb6-4d94-b03b-823178923405@group-018CD0DF57F0-LeaderElection10 ELECTION round 0: submit vote requests at term 1 for -1: peers:[30cdbfed-5eb6-4d94-b03b-823178923405|rpc:10.1.0.13:40489|priority:1|startupRole:FOLLOWER]|listeners:[], old=null
2022-12-15 22:22:01,833 [30cdbfed-5eb6-4d94-b03b-823178923405@group-018CD0DF57F0-LeaderElection10] INFO  impl.LeaderElection (LeaderElection.java:askForVotes(314)) - 30cdbfed-5eb6-4d94-b03b-823178923405@group-018CD0DF57F0-LeaderElection10 ELECTION round 0: result PASSED (term=1)
2022-12-15 22:22:01,833 [30cdbfed-5eb6-4d94-b03b-823178923405@group-018CD0DF57F0-LeaderElection10] INFO  impl.RoleInfo (RoleInfo.java:shutdownLeaderElection(130)) - 30cdbfed-5eb6-4d94-b03b-823178923405: shutdown 30cdbfed-5eb6-4d94-b03b-823178923405@group-018CD0DF57F0-LeaderElection10
2022-12-15 22:22:01,833 [30cdbfed-5eb6-4d94-b03b-823178923405@group-018CD0DF57F0-LeaderElection10] INFO  server.RaftServer$Division (RaftServerImpl.java:setRole(321)) - 30cdbfed-5eb6-4d94-b03b-823178923405@group-018CD0DF57F0: changes role from CANDIDATE to LEADER at term 1 for changeToLeader
2022-12-15 22:22:01,833 [30cdbfed-5eb6-4d94-b03b-823178923405@group-018CD0DF57F0-LeaderElection10] INFO  ratis.XceiverServerRatis (XceiverServerRatis.java:handleLeaderChangedNotification(863)) - Leader change notification received for group: group-018CD0DF57F0 with new leaderId: 30cdbfed-5eb6-4d94-b03b-823178923405
2022-12-15 22:22:01,833 [30cdbfed-5eb6-4d94-b03b-823178923405@group-018CD0DF57F0-LeaderElection10] INFO  server.RaftServer$Division (ServerState.java:setLeader(313)) - 30cdbfed-5eb6-4d94-b03b-823178923405@group-018CD0DF57F0: change Leader from null to 30cdbfed-5eb6-4d94-b03b-823178923405 at term 1 for becomeLeader, leader elected after 5138ms
2022-12-15 22:22:01,833 [30cdbfed-5eb6-4d94-b03b-823178923405@group-018CD0DF57F0-LeaderElection10] INFO  server.RaftServerConfigKeys (ConfUtils.java:logGet(46)) - raft.server.staging.catchup.gap = 1000 (default)
2022-12-15 22:22:01,833 [30cdbfed-5eb6-4d94-b03b-823178923405@group-018CD0DF57F0-LeaderElection10] INFO  server.RaftServerConfigKeys (ConfUtils.java:logGet(46)) - raft.server.write.element-limit = 1024 (custom)
2022-12-15 22:22:01,834 [30cdbfed-5eb6-4d94-b03b-823178923405@group-018CD0DF57F0-LeaderElection10] INFO  server.RaftServerConfigKeys (ConfUtils.java:logGet(46)) - raft.server.write.byte-limit = 1024 M (=1073741824) (custom)
2022-12-15 22:22:01,835 [EventQueue-CommandQueueReportForCommandQueueReportHandler] WARN  events.EventQueue (EventQueue.java:fireEvent(216)) - No event handler registered for event TypedEvent{payloadType=DatanodeDetails, name='Datanode_Command_Queue_Updated'}
2022-12-15 22:22:01,835 [EventQueue-OpenPipelineForHealthyPipelineSafeModeRule] INFO  safemode.SCMSafeModeManager (HealthyPipelineSafeModeRule.java:process(137)) - SCM in safe mode. Healthy pipelines reported count is 0, required healthy pipeline reported count is 1
2022-12-15 22:22:01,835 [30cdbfed-5eb6-4d94-b03b-823178923405@group-018CD0DF57F0-LeaderElection10] INFO  server.RaftServerConfigKeys (ConfUtils.java:logGet(46)) - raft.server.watch.timeout = 180s (custom)
2022-12-15 22:22:01,836 [30cdbfed-5eb6-4d94-b03b-823178923405@group-018CD0DF57F0-LeaderElection10] INFO  server.RaftServerConfigKeys (ConfUtils.java:logGet(46)) - raft.server.watch.timeout.denomination = 1s (default)
2022-12-15 22:22:01,836 [30cdbfed-5eb6-4d94-b03b-823178923405@group-018CD0DF57F0-LeaderElection10] INFO  server.RaftServerConfigKeys (ConfUtils.java:logGet(46)) - raft.server.watch.element-limit = 65536 (default)
2022-12-15 22:22:01,836 [30cdbfed-5eb6-4d94-b03b-823178923405@group-018CD0DF57F0-LeaderElection10] INFO  server.RaftServerConfigKeys (ConfUtils.java:logGet(46)) - raft.server.write.element-limit = 1024 (custom)
2022-12-15 22:22:01,836 [30cdbfed-5eb6-4d94-b03b-823178923405@group-018CD0DF57F0-LeaderElection10] INFO  server.RaftServerConfigKeys (ConfUtils.java:logGet(46)) - raft.server.write.follower.gap.ratio.max = -1.0 (default)
2022-12-15 22:22:01,836 [30cdbfed-5eb6-4d94-b03b-823178923405@group-018CD0DF57F0-LeaderElection10] INFO  impl.RoleInfo (RoleInfo.java:updateAndGet(139)) - 30cdbfed-5eb6-4d94-b03b-823178923405: start 30cdbfed-5eb6-4d94-b03b-823178923405@group-018CD0DF57F0-LeaderStateImpl
2022-12-15 22:22:01,836 [30cdbfed-5eb6-4d94-b03b-823178923405@group-018CD0DF57F0-LeaderElection10] INFO  segmented.SegmentedRaftLogWorker (SegmentedRaftLogWorker.java:startLogSegment(452)) - 30cdbfed-5eb6-4d94-b03b-823178923405@group-018CD0DF57F0-SegmentedRaftLogWorker: Starting segment from index:0
2022-12-15 22:22:01,840 [30cdbfed-5eb6-4d94-b03b-823178923405@group-018CD0DF57F0-LeaderElection10] INFO  server.RaftServer$Division (ServerState.java:setRaftConf(430)) - 30cdbfed-5eb6-4d94-b03b-823178923405@group-018CD0DF57F0: set configuration 0: peers:[30cdbfed-5eb6-4d94-b03b-823178923405|rpc:10.1.0.13:40489|dataStream:|priority:1|startupRole:FOLLOWER]|listeners:[], old=null
2022-12-15 22:22:01,842 [30cdbfed-5eb6-4d94-b03b-823178923405@group-018CD0DF57F0-SegmentedRaftLogWorker] INFO  segmented.SegmentedRaftLogWorker (SegmentedRaftLogWorker.java:execute(656)) - 30cdbfed-5eb6-4d94-b03b-823178923405@group-018CD0DF57F0-SegmentedRaftLogWorker: created new log segment /home/runner/work/ozone/ozone/hadoop-ozone/integration-test/target/test-dir/MiniOzoneClusterImpl-67032562-5e12-4c4f-a5ab-79ddd1e2132c/datanode-6/data/ratis/9b95cf66-5b76-49bf-8596-018cd0df57f0/current/log_inprogress_0
2022-12-15 22:22:01,873 [EventQueue-CommandQueueReportForCommandQueueReportHandler] WARN  events.EventQueue (EventQueue.java:fireEvent(216)) - No event handler registered for event TypedEvent{payloadType=DatanodeDetails, name='Datanode_Command_Queue_Updated'}
2022-12-15 22:22:01,874 [EventQueue-OpenPipelineForHealthyPipelineSafeModeRule] INFO  safemode.SCMSafeModeManager (HealthyPipelineSafeModeRule.java:process(137)) - SCM in safe mode. Healthy pipelines reported count is 0, required healthy pipeline reported count is 1
2022-12-15 22:22:02,033 [EventQueue-OpenPipelineForHealthyPipelineSafeModeRule] INFO  safemode.SCMSafeModeManager (HealthyPipelineSafeModeRule.java:process(137)) - SCM in safe mode. Healthy pipelines reported count is 0, required healthy pipeline reported count is 1
2022-12-15 22:22:02,033 [EventQueue-CommandQueueReportForCommandQueueReportHandler] WARN  events.EventQueue (EventQueue.java:fireEvent(216)) - No event handler registered for event TypedEvent{payloadType=DatanodeDetails, name='Datanode_Command_Queue_Updated'}
2022-12-15 22:22:02,152 [EventQueue-CommandQueueReportForCommandQueueReportHandler] WARN  events.EventQueue (EventQueue.java:fireEvent(216)) - No event handler registered for event TypedEvent{payloadType=DatanodeDetails, name='Datanode_Command_Queue_Updated'}
2022-12-15 22:22:02,153 [EventQueue-OpenPipelineForHealthyPipelineSafeModeRule] INFO  safemode.SCMSafeModeManager (HealthyPipelineSafeModeRule.java:process(137)) - SCM in safe mode. Healthy pipelines reported count is 0, required healthy pipeline reported count is 1
2022-12-15 22:22:02,213 [ReplicationMonitor] INFO  replication.ReplicationManager (ReplicationManager.java:processAll(327)) - Replication Manager is not ready to run until 3000ms after safemode exit
2022-12-15 22:22:02,275 [EventQueue-CommandQueueReportForCommandQueueReportHandler] WARN  events.EventQueue (EventQueue.java:fireEvent(216)) - No event handler registered for event TypedEvent{payloadType=DatanodeDetails, name='Datanode_Command_Queue_Updated'}
2022-12-15 22:22:02,427 [EventQueue-CommandQueueReportForCommandQueueReportHandler] WARN  events.EventQueue (EventQueue.java:fireEvent(216)) - No event handler registered for event TypedEvent{payloadType=DatanodeDetails, name='Datanode_Command_Queue_Updated'}
2022-12-15 22:22:02,814 [Listener at 127.0.0.1/44409] INFO  ozone.MiniOzoneClusterImpl (MiniOzoneClusterImpl.java:lambda$waitForClusterToBeReady$0(216)) - Nodes are ready. Got 7 of 7 DN Heartbeats.
2022-12-15 22:22:02,814 [Listener at 127.0.0.1/44409] INFO  ozone.MiniOzoneClusterImpl (MiniOzoneClusterImpl.java:lambda$waitForClusterToBeReady$0(219)) - Waiting for cluster to exit safe mode
2022-12-15 22:22:02,814 [Listener at 127.0.0.1/44409] INFO  ozone.MiniOzoneClusterImpl (MiniOzoneClusterImpl.java:lambda$waitForClusterToBeReady$0(221)) - SCM became leader
2022-12-15 22:22:02,822 [EventQueue-OpenPipelineForHealthyPipelineSafeModeRule] INFO  safemode.SCMSafeModeManager (HealthyPipelineSafeModeRule.java:process(137)) - SCM in safe mode. Healthy pipelines reported count is 0, required healthy pipeline reported count is 1
2022-12-15 22:22:02,822 [EventQueue-CommandQueueReportForCommandQueueReportHandler] WARN  events.EventQueue (EventQueue.java:fireEvent(216)) - No event handler registered for event TypedEvent{payloadType=DatanodeDetails, name='Datanode_Command_Queue_Updated'}
2022-12-15 22:22:02,835 [EventQueue-OpenPipelineForHealthyPipelineSafeModeRule] INFO  safemode.SCMSafeModeManager (HealthyPipelineSafeModeRule.java:process(137)) - SCM in safe mode. Healthy pipelines reported count is 0, required healthy pipeline reported count is 1
2022-12-15 22:22:02,835 [EventQueue-CommandQueueReportForCommandQueueReportHandler] WARN  events.EventQueue (EventQueue.java:fireEvent(216)) - No event handler registered for event TypedEvent{payloadType=DatanodeDetails, name='Datanode_Command_Queue_Updated'}
2022-12-15 22:22:02,873 [EventQueue-OpenPipelineForHealthyPipelineSafeModeRule] INFO  safemode.SCMSafeModeManager (HealthyPipelineSafeModeRule.java:process(137)) - SCM in safe mode. Healthy pipelines reported count is 0, required healthy pipeline reported count is 1
2022-12-15 22:22:02,873 [EventQueue-CommandQueueReportForCommandQueueReportHandler] WARN  events.EventQueue (EventQueue.java:fireEvent(216)) - No event handler registered for event TypedEvent{payloadType=DatanodeDetails, name='Datanode_Command_Queue_Updated'}
2022-12-15 22:22:03,033 [EventQueue-CommandQueueReportForCommandQueueReportHandler] WARN  events.EventQueue (EventQueue.java:fireEvent(216)) - No event handler registered for event TypedEvent{payloadType=DatanodeDetails, name='Datanode_Command_Queue_Updated'}
2022-12-15 22:22:03,033 [EventQueue-OpenPipelineForHealthyPipelineSafeModeRule] INFO  safemode.SCMSafeModeManager (HealthyPipelineSafeModeRule.java:process(137)) - SCM in safe mode. Healthy pipelines reported count is 0, required healthy pipeline reported count is 1
2022-12-15 22:22:03,152 [EventQueue-CommandQueueReportForCommandQueueReportHandler] WARN  events.EventQueue (EventQueue.java:fireEvent(216)) - No event handler registered for event TypedEvent{payloadType=DatanodeDetails, name='Datanode_Command_Queue_Updated'}
2022-12-15 22:22:03,213 [ReplicationMonitor] INFO  replication.ReplicationManager (ReplicationManager.java:processAll(327)) - Replication Manager is not ready to run until 3000ms after safemode exit
2022-12-15 22:22:03,275 [EventQueue-CommandQueueReportForCommandQueueReportHandler] WARN  events.EventQueue (EventQueue.java:fireEvent(216)) - No event handler registered for event TypedEvent{payloadType=DatanodeDetails, name='Datanode_Command_Queue_Updated'}
2022-12-15 22:22:03,276 [EventQueue-OpenPipelineForHealthyPipelineSafeModeRule] INFO  safemode.SCMSafeModeManager (HealthyPipelineSafeModeRule.java:process(137)) - SCM in safe mode. Healthy pipelines reported count is 0, required healthy pipeline reported count is 1
2022-12-15 22:22:03,427 [EventQueue-CommandQueueReportForCommandQueueReportHandler] WARN  events.EventQueue (EventQueue.java:fireEvent(216)) - No event handler registered for event TypedEvent{payloadType=DatanodeDetails, name='Datanode_Command_Queue_Updated'}
2022-12-15 22:22:03,427 [EventQueue-OpenPipelineForHealthyPipelineSafeModeRule] INFO  safemode.SCMSafeModeManager (HealthyPipelineSafeModeRule.java:process(137)) - SCM in safe mode. Healthy pipelines reported count is 0, required healthy pipeline reported count is 1
2022-12-15 22:22:03,815 [Listener at 127.0.0.1/44409] INFO  ozone.MiniOzoneClusterImpl (MiniOzoneClusterImpl.java:lambda$waitForClusterToBeReady$0(216)) - Nodes are ready. Got 7 of 7 DN Heartbeats.
2022-12-15 22:22:03,815 [Listener at 127.0.0.1/44409] INFO  ozone.MiniOzoneClusterImpl (MiniOzoneClusterImpl.java:lambda$waitForClusterToBeReady$0(219)) - Waiting for cluster to exit safe mode
2022-12-15 22:22:03,815 [Listener at 127.0.0.1/44409] INFO  ozone.MiniOzoneClusterImpl (MiniOzoneClusterImpl.java:lambda$waitForClusterToBeReady$0(221)) - SCM became leader
2022-12-15 22:22:03,821 [EventQueue-CommandQueueReportForCommandQueueReportHandler] WARN  events.EventQueue (EventQueue.java:fireEvent(216)) - No event handler registered for event TypedEvent{payloadType=DatanodeDetails, name='Datanode_Command_Queue_Updated'}
2022-12-15 22:22:03,822 [EventQueue-OpenPipelineForHealthyPipelineSafeModeRule] INFO  safemode.SCMSafeModeManager (HealthyPipelineSafeModeRule.java:process(137)) - SCM in safe mode. Healthy pipelines reported count is 0, required healthy pipeline reported count is 1
2022-12-15 22:22:03,835 [EventQueue-CommandQueueReportForCommandQueueReportHandler] WARN  events.EventQueue (EventQueue.java:fireEvent(216)) - No event handler registered for event TypedEvent{payloadType=DatanodeDetails, name='Datanode_Command_Queue_Updated'}
2022-12-15 22:22:03,835 [EventQueue-OpenPipelineForHealthyPipelineSafeModeRule] INFO  safemode.SCMSafeModeManager (HealthyPipelineSafeModeRule.java:process(137)) - SCM in safe mode. Healthy pipelines reported count is 0, required healthy pipeline reported count is 1
2022-12-15 22:22:03,874 [EventQueue-OpenPipelineForHealthyPipelineSafeModeRule] INFO  safemode.SCMSafeModeManager (HealthyPipelineSafeModeRule.java:process(137)) - SCM in safe mode. Healthy pipelines reported count is 0, required healthy pipeline reported count is 1
2022-12-15 22:22:03,874 [EventQueue-CommandQueueReportForCommandQueueReportHandler] WARN  events.EventQueue (EventQueue.java:fireEvent(216)) - No event handler registered for event TypedEvent{payloadType=DatanodeDetails, name='Datanode_Command_Queue_Updated'}
2022-12-15 22:22:04,033 [EventQueue-CommandQueueReportForCommandQueueReportHandler] WARN  events.EventQueue (EventQueue.java:fireEvent(216)) - No event handler registered for event TypedEvent{payloadType=DatanodeDetails, name='Datanode_Command_Queue_Updated'}
2022-12-15 22:22:04,116 [e0198350-5a80-4cc9-b4d4-fe7f34161fcd@group-5AB91DFA3848-FollowerState] INFO  impl.FollowerState (FollowerState.java:run(143)) - e0198350-5a80-4cc9-b4d4-fe7f34161fcd@group-5AB91DFA3848-FollowerState: change to CANDIDATE, lastRpcElapsedTime:5002497149ns, electionTimeout:5000ms
2022-12-15 22:22:04,116 [e0198350-5a80-4cc9-b4d4-fe7f34161fcd@group-5AB91DFA3848-FollowerState] INFO  impl.RoleInfo (RoleInfo.java:shutdownFollowerState(110)) - e0198350-5a80-4cc9-b4d4-fe7f34161fcd: shutdown e0198350-5a80-4cc9-b4d4-fe7f34161fcd@group-5AB91DFA3848-FollowerState
2022-12-15 22:22:04,116 [e0198350-5a80-4cc9-b4d4-fe7f34161fcd@group-5AB91DFA3848-FollowerState] INFO  server.RaftServer$Division (RaftServerImpl.java:setRole(321)) - e0198350-5a80-4cc9-b4d4-fe7f34161fcd@group-5AB91DFA3848: changes role from  FOLLOWER to CANDIDATE at term 1 for changeToCandidate
2022-12-15 22:22:04,117 [e0198350-5a80-4cc9-b4d4-fe7f34161fcd@group-5AB91DFA3848-FollowerState] INFO  server.RaftServerConfigKeys (ConfUtils.java:logGet(46)) - raft.server.leaderelection.pre-vote = false (custom)
2022-12-15 22:22:04,117 [e0198350-5a80-4cc9-b4d4-fe7f34161fcd@group-5AB91DFA3848-FollowerState] INFO  impl.RoleInfo (RoleInfo.java:updateAndGet(139)) - e0198350-5a80-4cc9-b4d4-fe7f34161fcd: start e0198350-5a80-4cc9-b4d4-fe7f34161fcd@group-5AB91DFA3848-LeaderElection11
2022-12-15 22:22:04,121 [e0198350-5a80-4cc9-b4d4-fe7f34161fcd@group-5AB91DFA3848-LeaderElection11] INFO  impl.LeaderElection (LeaderElection.java:askForVotes(312)) - e0198350-5a80-4cc9-b4d4-fe7f34161fcd@group-5AB91DFA3848-LeaderElection11 ELECTION round 0: submit vote requests at term 2 for -1: peers:[e0198350-5a80-4cc9-b4d4-fe7f34161fcd|rpc:10.1.0.13:33167|priority:1|startupRole:FOLLOWER, 8742ce53-ec43-4b5d-92fb-ca295b19fdac|rpc:10.1.0.13:44977|priority:0|startupRole:FOLLOWER, 1e86e54b-7ea4-4ffe-a764-33ccb592660f|rpc:10.1.0.13:45413|priority:0|startupRole:FOLLOWER]|listeners:[], old=null
2022-12-15 22:22:04,121 [e0198350-5a80-4cc9-b4d4-fe7f34161fcd@group-5AB91DFA3848-LeaderElection11-1] INFO  server.GrpcServerProtocolClient (GrpcServerProtocolClient.java:<init>(63)) - Build channel for 8742ce53-ec43-4b5d-92fb-ca295b19fdac
2022-12-15 22:22:04,121 [e0198350-5a80-4cc9-b4d4-fe7f34161fcd@group-5AB91DFA3848-LeaderElection11] INFO  server.RaftServerConfigKeys (ConfUtils.java:logFallback(53)) - raft.server.rpc.first-election.timeout.min = 5s (fallback to raft.server.rpc.timeout.min)
2022-12-15 22:22:04,124 [e0198350-5a80-4cc9-b4d4-fe7f34161fcd@group-5AB91DFA3848-LeaderElection11] INFO  server.RaftServerConfigKeys (ConfUtils.java:logFallback(53)) - raft.server.rpc.first-election.timeout.max = 5200ms (fallback to raft.server.rpc.timeout.max)
2022-12-15 22:22:04,125 [e0198350-5a80-4cc9-b4d4-fe7f34161fcd@group-5AB91DFA3848-LeaderElection11-2] INFO  server.GrpcServerProtocolClient (GrpcServerProtocolClient.java:<init>(63)) - Build channel for 1e86e54b-7ea4-4ffe-a764-33ccb592660f
2022-12-15 22:22:04,148 [grpc-default-executor-0] INFO  server.RaftServer$Division (RaftServerImpl.java:requestVote(1218)) - 8742ce53-ec43-4b5d-92fb-ca295b19fdac@group-5AB91DFA3848: receive requestVote(ELECTION, e0198350-5a80-4cc9-b4d4-fe7f34161fcd, group-5AB91DFA3848, 2, (t:0, i:0))
2022-12-15 22:22:04,148 [grpc-default-executor-0] INFO  impl.VoteContext (VoteContext.java:log(49)) - 8742ce53-ec43-4b5d-92fb-ca295b19fdac@group-5AB91DFA3848-FOLLOWER: accept ELECTION from e0198350-5a80-4cc9-b4d4-fe7f34161fcd: our priority 0 <= candidate's priority 1
2022-12-15 22:22:04,149 [grpc-default-executor-0] INFO  server.RaftServer$Division (RaftServerImpl.java:setRole(321)) - 8742ce53-ec43-4b5d-92fb-ca295b19fdac@group-5AB91DFA3848: changes role from  FOLLOWER to FOLLOWER at term 2 for candidate:e0198350-5a80-4cc9-b4d4-fe7f34161fcd
2022-12-15 22:22:04,149 [grpc-default-executor-0] INFO  impl.RoleInfo (RoleInfo.java:shutdownFollowerState(110)) - 8742ce53-ec43-4b5d-92fb-ca295b19fdac: shutdown 8742ce53-ec43-4b5d-92fb-ca295b19fdac@group-5AB91DFA3848-FollowerState
2022-12-15 22:22:04,149 [grpc-default-executor-0] INFO  impl.RoleInfo (RoleInfo.java:updateAndGet(139)) - 8742ce53-ec43-4b5d-92fb-ca295b19fdac: start 8742ce53-ec43-4b5d-92fb-ca295b19fdac@group-5AB91DFA3848-FollowerState
2022-12-15 22:22:04,149 [8742ce53-ec43-4b5d-92fb-ca295b19fdac@group-5AB91DFA3848-FollowerState] INFO  impl.FollowerState (FollowerState.java:run(152)) - 8742ce53-ec43-4b5d-92fb-ca295b19fdac@group-5AB91DFA3848-FollowerState was interrupted
2022-12-15 22:22:04,152 [EventQueue-CommandQueueReportForCommandQueueReportHandler] WARN  events.EventQueue (EventQueue.java:fireEvent(216)) - No event handler registered for event TypedEvent{payloadType=DatanodeDetails, name='Datanode_Command_Queue_Updated'}
2022-12-15 22:22:04,152 [EventQueue-OpenPipelineForHealthyPipelineSafeModeRule] INFO  safemode.SCMSafeModeManager (HealthyPipelineSafeModeRule.java:process(137)) - SCM in safe mode. Healthy pipelines reported count is 0, required healthy pipeline reported count is 1
2022-12-15 22:22:04,156 [8742ce53-ec43-4b5d-92fb-ca295b19fdac@group-5AB91DFA3848-FollowerState] INFO  server.RaftServerConfigKeys (ConfUtils.java:logFallback(53)) - raft.server.rpc.first-election.timeout.min = 5s (fallback to raft.server.rpc.timeout.min)
2022-12-15 22:22:04,156 [8742ce53-ec43-4b5d-92fb-ca295b19fdac@group-5AB91DFA3848-FollowerState] INFO  server.RaftServerConfigKeys (ConfUtils.java:logFallback(53)) - raft.server.rpc.first-election.timeout.max = 5200ms (fallback to raft.server.rpc.timeout.max)
2022-12-15 22:22:04,160 [grpc-default-executor-0] INFO  server.RaftServer$Division (RaftServerImpl.java:requestVote(1251)) - 8742ce53-ec43-4b5d-92fb-ca295b19fdac@group-5AB91DFA3848 replies to ELECTION vote request: e0198350-5a80-4cc9-b4d4-fe7f34161fcd<-8742ce53-ec43-4b5d-92fb-ca295b19fdac#0:OK-t2. Peer's state: 8742ce53-ec43-4b5d-92fb-ca295b19fdac@group-5AB91DFA3848:t2, leader=null, voted=e0198350-5a80-4cc9-b4d4-fe7f34161fcd, raftlog=Memoized:8742ce53-ec43-4b5d-92fb-ca295b19fdac@group-5AB91DFA3848-SegmentedRaftLog:OPENED:c-1, conf=-1: peers:[e0198350-5a80-4cc9-b4d4-fe7f34161fcd|rpc:10.1.0.13:33167|priority:1|startupRole:FOLLOWER, 8742ce53-ec43-4b5d-92fb-ca295b19fdac|rpc:10.1.0.13:44977|priority:0|startupRole:FOLLOWER, 1e86e54b-7ea4-4ffe-a764-33ccb592660f|rpc:10.1.0.13:45413|priority:0|startupRole:FOLLOWER]|listeners:[], old=null
2022-12-15 22:22:04,163 [e0198350-5a80-4cc9-b4d4-fe7f34161fcd@group-5AB91DFA3848-LeaderElection11] INFO  impl.LeaderElection (LeaderElection.java:logAndReturn(90)) - e0198350-5a80-4cc9-b4d4-fe7f34161fcd@group-5AB91DFA3848-LeaderElection11: ELECTION PASSED received 1 response(s) and 0 exception(s):
2022-12-15 22:22:04,164 [e0198350-5a80-4cc9-b4d4-fe7f34161fcd@group-5AB91DFA3848-LeaderElection11] INFO  impl.LeaderElection (LeaderElection.java:logAndReturn(94)) -   Response 0: e0198350-5a80-4cc9-b4d4-fe7f34161fcd<-8742ce53-ec43-4b5d-92fb-ca295b19fdac#0:OK-t2
2022-12-15 22:22:04,164 [grpc-default-executor-2] INFO  server.RaftServer$Division (RaftServerImpl.java:requestVote(1218)) - 1e86e54b-7ea4-4ffe-a764-33ccb592660f@group-5AB91DFA3848: receive requestVote(ELECTION, e0198350-5a80-4cc9-b4d4-fe7f34161fcd, group-5AB91DFA3848, 2, (t:0, i:0))
2022-12-15 22:22:04,164 [e0198350-5a80-4cc9-b4d4-fe7f34161fcd@group-5AB91DFA3848-LeaderElection11] INFO  impl.LeaderElection (LeaderElection.java:askForVotes(314)) - e0198350-5a80-4cc9-b4d4-fe7f34161fcd@group-5AB91DFA3848-LeaderElection11 ELECTION round 0: result PASSED
2022-12-15 22:22:04,164 [grpc-default-executor-2] INFO  impl.VoteContext (VoteContext.java:log(49)) - 1e86e54b-7ea4-4ffe-a764-33ccb592660f@group-5AB91DFA3848-FOLLOWER: accept ELECTION from e0198350-5a80-4cc9-b4d4-fe7f34161fcd: our priority 0 <= candidate's priority 1
2022-12-15 22:22:04,164 [e0198350-5a80-4cc9-b4d4-fe7f34161fcd@group-5AB91DFA3848-LeaderElection11] INFO  impl.RoleInfo (RoleInfo.java:shutdownLeaderElection(130)) - e0198350-5a80-4cc9-b4d4-fe7f34161fcd: shutdown e0198350-5a80-4cc9-b4d4-fe7f34161fcd@group-5AB91DFA3848-LeaderElection11
2022-12-15 22:22:04,165 [grpc-default-executor-2] INFO  server.RaftServer$Division (RaftServerImpl.java:setRole(321)) - 1e86e54b-7ea4-4ffe-a764-33ccb592660f@group-5AB91DFA3848: changes role from  FOLLOWER to FOLLOWER at term 2 for candidate:e0198350-5a80-4cc9-b4d4-fe7f34161fcd
2022-12-15 22:22:04,165 [e0198350-5a80-4cc9-b4d4-fe7f34161fcd@group-5AB91DFA3848-LeaderElection11] INFO  server.RaftServer$Division (RaftServerImpl.java:setRole(321)) - e0198350-5a80-4cc9-b4d4-fe7f34161fcd@group-5AB91DFA3848: changes role from CANDIDATE to LEADER at term 2 for changeToLeader
2022-12-15 22:22:04,165 [grpc-default-executor-2] INFO  impl.RoleInfo (RoleInfo.java:shutdownFollowerState(110)) - 1e86e54b-7ea4-4ffe-a764-33ccb592660f: shutdown 1e86e54b-7ea4-4ffe-a764-33ccb592660f@group-5AB91DFA3848-FollowerState
2022-12-15 22:22:04,165 [e0198350-5a80-4cc9-b4d4-fe7f34161fcd@group-5AB91DFA3848-LeaderElection11] INFO  ratis.XceiverServerRatis (XceiverServerRatis.java:handleLeaderChangedNotification(863)) - Leader change notification received for group: group-5AB91DFA3848 with new leaderId: e0198350-5a80-4cc9-b4d4-fe7f34161fcd
2022-12-15 22:22:04,165 [grpc-default-executor-2] INFO  impl.RoleInfo (RoleInfo.java:updateAndGet(139)) - 1e86e54b-7ea4-4ffe-a764-33ccb592660f: start 1e86e54b-7ea4-4ffe-a764-33ccb592660f@group-5AB91DFA3848-FollowerState
2022-12-15 22:22:04,165 [1e86e54b-7ea4-4ffe-a764-33ccb592660f@group-5AB91DFA3848-FollowerState] INFO  impl.FollowerState (FollowerState.java:run(152)) - 1e86e54b-7ea4-4ffe-a764-33ccb592660f@group-5AB91DFA3848-FollowerState was interrupted
2022-12-15 22:22:04,165 [e0198350-5a80-4cc9-b4d4-fe7f34161fcd@group-5AB91DFA3848-LeaderElection11] INFO  server.RaftServer$Division (ServerState.java:setLeader(313)) - e0198350-5a80-4cc9-b4d4-fe7f34161fcd@group-5AB91DFA3848: change Leader from null to e0198350-5a80-4cc9-b4d4-fe7f34161fcd at term 2 for becomeLeader, leader elected after 9679ms
2022-12-15 22:22:04,166 [e0198350-5a80-4cc9-b4d4-fe7f34161fcd@group-5AB91DFA3848-LeaderElection11] INFO  server.RaftServerConfigKeys (ConfUtils.java:logGet(46)) - raft.server.staging.catchup.gap = 1000 (default)
2022-12-15 22:22:04,168 [e0198350-5a80-4cc9-b4d4-fe7f34161fcd@group-5AB91DFA3848-LeaderElection11] INFO  server.RaftServerConfigKeys (ConfUtils.java:logGet(46)) - raft.server.write.element-limit = 1024 (custom)
2022-12-15 22:22:04,168 [e0198350-5a80-4cc9-b4d4-fe7f34161fcd@group-5AB91DFA3848-LeaderElection11] INFO  server.RaftServerConfigKeys (ConfUtils.java:logGet(46)) - raft.server.write.byte-limit = 1024 M (=1073741824) (custom)
2022-12-15 22:22:04,168 [grpc-default-executor-2] INFO  server.RaftServer$Division (RaftServerImpl.java:requestVote(1251)) - 1e86e54b-7ea4-4ffe-a764-33ccb592660f@group-5AB91DFA3848 replies to ELECTION vote request: e0198350-5a80-4cc9-b4d4-fe7f34161fcd<-1e86e54b-7ea4-4ffe-a764-33ccb592660f#0:OK-t2. Peer's state: 1e86e54b-7ea4-4ffe-a764-33ccb592660f@group-5AB91DFA3848:t2, leader=null, voted=e0198350-5a80-4cc9-b4d4-fe7f34161fcd, raftlog=Memoized:1e86e54b-7ea4-4ffe-a764-33ccb592660f@group-5AB91DFA3848-SegmentedRaftLog:OPENED:c-1, conf=-1: peers:[e0198350-5a80-4cc9-b4d4-fe7f34161fcd|rpc:10.1.0.13:33167|priority:1|startupRole:FOLLOWER, 8742ce53-ec43-4b5d-92fb-ca295b19fdac|rpc:10.1.0.13:44977|priority:0|startupRole:FOLLOWER, 1e86e54b-7ea4-4ffe-a764-33ccb592660f|rpc:10.1.0.13:45413|priority:0|startupRole:FOLLOWER]|listeners:[], old=null
2022-12-15 22:22:04,169 [e0198350-5a80-4cc9-b4d4-fe7f34161fcd@group-5AB91DFA3848-LeaderElection11] INFO  server.RaftServerConfigKeys (ConfUtils.java:logGet(46)) - raft.server.watch.timeout = 180s (custom)
2022-12-15 22:22:04,169 [e0198350-5a80-4cc9-b4d4-fe7f34161fcd@group-5AB91DFA3848-LeaderElection11] INFO  server.RaftServerConfigKeys (ConfUtils.java:logGet(46)) - raft.server.watch.timeout.denomination = 1s (default)
2022-12-15 22:22:04,169 [e0198350-5a80-4cc9-b4d4-fe7f34161fcd@group-5AB91DFA3848-LeaderElection11] INFO  server.RaftServerConfigKeys (ConfUtils.java:logGet(46)) - raft.server.watch.element-limit = 65536 (default)
2022-12-15 22:22:04,169 [1e86e54b-7ea4-4ffe-a764-33ccb592660f@group-5AB91DFA3848-FollowerState] INFO  server.RaftServerConfigKeys (ConfUtils.java:logFallback(53)) - raft.server.rpc.first-election.timeout.min = 5s (fallback to raft.server.rpc.timeout.min)
2022-12-15 22:22:04,170 [1e86e54b-7ea4-4ffe-a764-33ccb592660f@group-5AB91DFA3848-FollowerState] INFO  server.RaftServerConfigKeys (ConfUtils.java:logFallback(53)) - raft.server.rpc.first-election.timeout.max = 5200ms (fallback to raft.server.rpc.timeout.max)
2022-12-15 22:22:04,175 [e0198350-5a80-4cc9-b4d4-fe7f34161fcd@group-5AB91DFA3848-LeaderElection11] INFO  server.RaftServerConfigKeys (ConfUtils.java:logGet(46)) - raft.server.write.element-limit = 1024 (custom)
2022-12-15 22:22:04,175 [e0198350-5a80-4cc9-b4d4-fe7f34161fcd@group-5AB91DFA3848-LeaderElection11] INFO  server.RaftServerConfigKeys (ConfUtils.java:logGet(46)) - raft.server.write.follower.gap.ratio.max = -1.0 (default)
2022-12-15 22:22:04,176 [EventQueue-CommandQueueReportForCommandQueueReportHandler] WARN  events.EventQueue (EventQueue.java:fireEvent(216)) - No event handler registered for event TypedEvent{payloadType=DatanodeDetails, name='Datanode_Command_Queue_Updated'}
2022-12-15 22:22:04,176 [EventQueue-PipelineReportForPipelineReportHandler] INFO  pipeline.PipelineManagerImpl (PipelineManagerImpl.java:openPipeline(367)) - Pipeline Pipeline[ Id: 4bb29f98-1168-434f-a1c3-5ab91dfa3848, Nodes: 1e86e54b-7ea4-4ffe-a764-33ccb592660f{ip: 10.1.0.13, host: fv-az83-67.pawgbth4qraerhbqawdeo1jfng.dx.internal.cloudapp.net, ports: [REPLICATION=41383, RATIS=45413, RATIS_ADMIN=45413, RATIS_SERVER=45413, STANDALONE=39139], networkLocation: /default-rack, certSerialId: null, persistedOpState: IN_SERVICE, persistedOpStateExpiryEpochSec: 0}e0198350-5a80-4cc9-b4d4-fe7f34161fcd{ip: 10.1.0.13, host: fv-az83-67.pawgbth4qraerhbqawdeo1jfng.dx.internal.cloudapp.net, ports: [REPLICATION=33725, RATIS=33167, RATIS_ADMIN=33167, RATIS_SERVER=33167, STANDALONE=40941], networkLocation: /default-rack, certSerialId: null, persistedOpState: IN_SERVICE, persistedOpStateExpiryEpochSec: 0}8742ce53-ec43-4b5d-92fb-ca295b19fdac{ip: 10.1.0.13, host: fv-az83-67.pawgbth4qraerhbqawdeo1jfng.dx.internal.cloudapp.net, ports: [REPLICATION=42995, RATIS=44977, RATIS_ADMIN=44977, RATIS_SERVER=44977, STANDALONE=39581], networkLocation: /default-rack, certSerialId: null, persistedOpState: IN_SERVICE, persistedOpStateExpiryEpochSec: 0}, ReplicationConfig: RATIS/THREE, State:ALLOCATED, leaderId:e0198350-5a80-4cc9-b4d4-fe7f34161fcd, CreationTimestamp2022-12-15T22:21:51.858Z[Etc/UTC]] moved to OPEN state
2022-12-15 22:22:04,177 [EventQueue-OpenPipelineForHealthyPipelineSafeModeRule] INFO  safemode.SCMSafeModeManager (HealthyPipelineSafeModeRule.java:process(137)) - SCM in safe mode. Healthy pipelines reported count is 1, required healthy pipeline reported count is 1
2022-12-15 22:22:04,177 [EventQueue-OpenPipelineForHealthyPipelineSafeModeRule] INFO  safemode.SCMSafeModeManager (SCMSafeModeManager.java:validateSafeModeExitRules(200)) - HealthyPipelineSafeModeRule rule is successfully validated
2022-12-15 22:22:04,177 [EventQueue-OpenPipelineForHealthyPipelineSafeModeRule] INFO  safemode.SCMSafeModeManager (SCMSafeModeManager.java:validateSafeModeExitRules(215)) - ScmSafeModeManager, all rules are successfully validated
2022-12-15 22:22:04,177 [EventQueue-OpenPipelineForHealthyPipelineSafeModeRule] INFO  safemode.SCMSafeModeManager (SCMSafeModeManager.java:exitSafeMode(244)) - SCM exiting safe mode.
2022-12-15 22:22:04,177 [EventQueue-OpenPipelineForHealthyPipelineSafeModeRule] INFO  ha.SCMContext (SCMContext.java:updateSafeModeStatus(228)) - Update SafeModeStatus from SafeModeStatus{safeModeStatus=true, preCheckPassed=true} to SafeModeStatus{safeModeStatus=false, preCheckPassed=true}.
2022-12-15 22:22:04,177 [EventQueue-OpenPipelineForHealthyPipelineSafeModeRule] INFO  pipeline.BackgroundPipelineCreator (BackgroundPipelineCreator.java:notifyStatusChanged(254)) - Service BackgroundPipelineCreator transitions to RUNNING.
2022-12-15 22:22:04,177 [EventQueue-OpenPipelineForHealthyPipelineSafeModeRule] INFO  BackgroundPipelineScrubber (BackgroundSCMService.java:notifyStatusChanged(82)) - Service BackgroundPipelineScrubber transitions to RUNNING.
2022-12-15 22:22:04,177 [EventQueue-OpenPipelineForHealthyPipelineSafeModeRule] INFO  ExpiredContainerReplicaOpScrubber (BackgroundSCMService.java:notifyStatusChanged(82)) - Service ExpiredContainerReplicaOpScrubber transitions to RUNNING.
2022-12-15 22:22:04,178 [EventQueue-OpenPipelineForHealthyPipelineSafeModeRule] INFO  replication.ReplicationManager (ReplicationManager.java:notifyStatusChanged(905)) - Service ReplicationManager transitions to RUNNING.
2022-12-15 22:22:04,187 [EventQueue-OpenPipelineForHealthyPipelineSafeModeRule] WARN  balancer.ContainerBalancer (ContainerBalancer.java:shouldRun(131)) - Could not find persisted configuration for ContainerBalancer when checking if ContainerBalancer should run. ContainerBalancer should not run now.
2022-12-15 22:22:04,190 [e0198350-5a80-4cc9-b4d4-fe7f34161fcd@group-5AB91DFA3848-LeaderElection11] INFO  server.RaftServerConfigKeys (ConfUtils.java:logGet(46)) - raft.server.log.appender.snapshot.chunk.size.max = 16MB (=16777216) (default)
2022-12-15 22:22:04,191 [e0198350-5a80-4cc9-b4d4-fe7f34161fcd@group-5AB91DFA3848-LeaderElection11] INFO  server.RaftServerConfigKeys (ConfUtils.java:logGet(46)) - raft.server.log.appender.buffer.byte-limit = 33554432 (custom)
2022-12-15 22:22:04,192 [e0198350-5a80-4cc9-b4d4-fe7f34161fcd@group-5AB91DFA3848-LeaderElection11] INFO  server.RaftServerConfigKeys (ConfUtils.java:logGet(46)) - raft.server.log.appender.buffer.element-limit = 1 (custom)
2022-12-15 22:22:04,195 [e0198350-5a80-4cc9-b4d4-fe7f34161fcd@group-5AB91DFA3848-LeaderElection11] INFO  grpc.GrpcConfigKeys (ConfUtils.java:logGet(46)) - raft.grpc.server.leader.outstanding.appends.max = 128 (default)
2022-12-15 22:22:04,195 [e0198350-5a80-4cc9-b4d4-fe7f34161fcd@group-5AB91DFA3848-LeaderElection11] INFO  server.RaftServerConfigKeys (ConfUtils.java:logGet(46)) - raft.server.rpc.request.timeout = 60s (custom)
2022-12-15 22:22:04,195 [e0198350-5a80-4cc9-b4d4-fe7f34161fcd@group-5AB91DFA3848-LeaderElection11] INFO  server.RaftServerConfigKeys (ConfUtils.java:logGet(46)) - raft.server.log.appender.install.snapshot.enabled = false (custom)
2022-12-15 22:22:04,195 [e0198350-5a80-4cc9-b4d4-fe7f34161fcd@group-5AB91DFA3848-LeaderElection11] INFO  grpc.GrpcConfigKeys (ConfUtils.java:logGet(46)) - raft.grpc.server.heartbeat.channel = true (default)
2022-12-15 22:22:04,195 [e0198350-5a80-4cc9-b4d4-fe7f34161fcd@group-5AB91DFA3848-LeaderElection11] INFO  server.RaftServerConfigKeys (ConfUtils.java:logGet(46)) - raft.server.log.appender.wait-time.min = 10ms (default)
2022-12-15 22:22:04,197 [e0198350-5a80-4cc9-b4d4-fe7f34161fcd@group-5AB91DFA3848-LeaderElection11] INFO  server.RaftServerConfigKeys (ConfUtils.java:logGet(46)) - raft.server.log.appender.snapshot.chunk.size.max = 16MB (=16777216) (default)
2022-12-15 22:22:04,197 [e0198350-5a80-4cc9-b4d4-fe7f34161fcd@group-5AB91DFA3848-LeaderElection11] INFO  server.RaftServerConfigKeys (ConfUtils.java:logGet(46)) - raft.server.log.appender.buffer.byte-limit = 33554432 (custom)
2022-12-15 22:22:04,198 [e0198350-5a80-4cc9-b4d4-fe7f34161fcd@group-5AB91DFA3848-LeaderElection11] INFO  server.RaftServerConfigKeys (ConfUtils.java:logGet(46)) - raft.server.log.appender.buffer.element-limit = 1 (custom)
2022-12-15 22:22:04,198 [e0198350-5a80-4cc9-b4d4-fe7f34161fcd@group-5AB91DFA3848-LeaderElection11] INFO  grpc.GrpcConfigKeys (ConfUtils.java:logGet(46)) - raft.grpc.server.leader.outstanding.appends.max = 128 (default)
2022-12-15 22:22:04,198 [e0198350-5a80-4cc9-b4d4-fe7f34161fcd@group-5AB91DFA3848-LeaderElection11] INFO  server.RaftServerConfigKeys (ConfUtils.java:logGet(46)) - raft.server.rpc.request.timeout = 60s (custom)
2022-12-15 22:22:04,198 [e0198350-5a80-4cc9-b4d4-fe7f34161fcd@group-5AB91DFA3848-LeaderElection11] INFO  server.RaftServerConfigKeys (ConfUtils.java:logGet(46)) - raft.server.log.appender.install.snapshot.enabled = false (custom)
2022-12-15 22:22:04,198 [e0198350-5a80-4cc9-b4d4-fe7f34161fcd@group-5AB91DFA3848-LeaderElection11] INFO  grpc.GrpcConfigKeys (ConfUtils.java:logGet(46)) - raft.grpc.server.heartbeat.channel = true (default)
2022-12-15 22:22:04,198 [e0198350-5a80-4cc9-b4d4-fe7f34161fcd@group-5AB91DFA3848-LeaderElection11] INFO  server.RaftServerConfigKeys (ConfUtils.java:logGet(46)) - raft.server.log.appender.wait-time.min = 10ms (default)
2022-12-15 22:22:04,199 [e0198350-5a80-4cc9-b4d4-fe7f34161fcd@group-5AB91DFA3848-LeaderElection11] INFO  impl.RoleInfo (RoleInfo.java:updateAndGet(139)) - e0198350-5a80-4cc9-b4d4-fe7f34161fcd: start e0198350-5a80-4cc9-b4d4-fe7f34161fcd@group-5AB91DFA3848-LeaderStateImpl
2022-12-15 22:22:04,201 [e0198350-5a80-4cc9-b4d4-fe7f34161fcd@group-5AB91DFA3848-LeaderElection11] INFO  segmented.SegmentedRaftLogWorker (SegmentedRaftLogWorker.java:startLogSegment(452)) - e0198350-5a80-4cc9-b4d4-fe7f34161fcd@group-5AB91DFA3848-SegmentedRaftLogWorker: Starting segment from index:0
2022-12-15 22:22:04,204 [e0198350-5a80-4cc9-b4d4-fe7f34161fcd@group-5AB91DFA3848-SegmentedRaftLogWorker] INFO  segmented.SegmentedRaftLogWorker (SegmentedRaftLogWorker.java:execute(656)) - e0198350-5a80-4cc9-b4d4-fe7f34161fcd@group-5AB91DFA3848-SegmentedRaftLogWorker: created new log segment /home/runner/work/ozone/ozone/hadoop-ozone/integration-test/target/test-dir/MiniOzoneClusterImpl-67032562-5e12-4c4f-a5ab-79ddd1e2132c/datanode-1/data/ratis/4bb29f98-1168-434f-a1c3-5ab91dfa3848/current/log_inprogress_0
2022-12-15 22:22:04,213 [e0198350-5a80-4cc9-b4d4-fe7f34161fcd@group-5AB91DFA3848-LeaderElection11] INFO  server.RaftServer$Division (ServerState.java:setRaftConf(430)) - e0198350-5a80-4cc9-b4d4-fe7f34161fcd@group-5AB91DFA3848: set configuration 0: peers:[e0198350-5a80-4cc9-b4d4-fe7f34161fcd|rpc:10.1.0.13:33167|dataStream:|priority:1|startupRole:FOLLOWER, 8742ce53-ec43-4b5d-92fb-ca295b19fdac|rpc:10.1.0.13:44977|dataStream:|priority:0|startupRole:FOLLOWER, 1e86e54b-7ea4-4ffe-a764-33ccb592660f|rpc:10.1.0.13:45413|dataStream:|priority:0|startupRole:FOLLOWER]|listeners:[], old=null
2022-12-15 22:22:04,214 [ReplicationMonitor] INFO  replication.ReplicationManager (ReplicationManager.java:processAll(327)) - Replication Manager is not ready to run until 3000ms after safemode exit
2022-12-15 22:22:04,266 [1e86e54b-7ea4-4ffe-a764-33ccb592660f-server-thread1] INFO  ratis.XceiverServerRatis (XceiverServerRatis.java:handleLeaderChangedNotification(863)) - Leader change notification received for group: group-5AB91DFA3848 with new leaderId: e0198350-5a80-4cc9-b4d4-fe7f34161fcd
2022-12-15 22:22:04,276 [1e86e54b-7ea4-4ffe-a764-33ccb592660f-server-thread1] INFO  server.RaftServer$Division (ServerState.java:setLeader(313)) - 1e86e54b-7ea4-4ffe-a764-33ccb592660f@group-5AB91DFA3848: change Leader from null to e0198350-5a80-4cc9-b4d4-fe7f34161fcd at term 2 for appendEntries, leader elected after 10298ms
2022-12-15 22:22:04,286 [1e86e54b-7ea4-4ffe-a764-33ccb592660f-server-thread2] INFO  server.RaftServer$Division (ServerState.java:setRaftConf(430)) - 1e86e54b-7ea4-4ffe-a764-33ccb592660f@group-5AB91DFA3848: set configuration 0: peers:[e0198350-5a80-4cc9-b4d4-fe7f34161fcd|rpc:10.1.0.13:33167|dataStream:|priority:1|startupRole:FOLLOWER, 8742ce53-ec43-4b5d-92fb-ca295b19fdac|rpc:10.1.0.13:44977|dataStream:|priority:0|startupRole:FOLLOWER, 1e86e54b-7ea4-4ffe-a764-33ccb592660f|rpc:10.1.0.13:45413|dataStream:|priority:0|startupRole:FOLLOWER]|listeners:[], old=null
2022-12-15 22:22:04,286 [1e86e54b-7ea4-4ffe-a764-33ccb592660f-server-thread2] INFO  segmented.SegmentedRaftLogWorker (SegmentedRaftLogWorker.java:startLogSegment(452)) - 1e86e54b-7ea4-4ffe-a764-33ccb592660f@group-5AB91DFA3848-SegmentedRaftLogWorker: Starting segment from index:0
2022-12-15 22:22:04,287 [8742ce53-ec43-4b5d-92fb-ca295b19fdac-server-thread1] INFO  ratis.XceiverServerRatis (XceiverServerRatis.java:handleLeaderChangedNotification(863)) - Leader change notification received for group: group-5AB91DFA3848 with new leaderId: e0198350-5a80-4cc9-b4d4-fe7f34161fcd
2022-12-15 22:22:04,293 [EventQueue-CommandQueueReportForCommandQueueReportHandler] WARN  events.EventQueue (EventQueue.java:fireEvent(216)) - No event handler registered for event TypedEvent{payloadType=DatanodeDetails, name='Datanode_Command_Queue_Updated'}
2022-12-15 22:22:04,291 [1e86e54b-7ea4-4ffe-a764-33ccb592660f@group-5AB91DFA3848-SegmentedRaftLogWorker] INFO  segmented.SegmentedRaftLogWorker (SegmentedRaftLogWorker.java:execute(656)) - 1e86e54b-7ea4-4ffe-a764-33ccb592660f@group-5AB91DFA3848-SegmentedRaftLogWorker: created new log segment /home/runner/work/ozone/ozone/hadoop-ozone/integration-test/target/test-dir/MiniOzoneClusterImpl-67032562-5e12-4c4f-a5ab-79ddd1e2132c/datanode-0/data/ratis/4bb29f98-1168-434f-a1c3-5ab91dfa3848/current/log_inprogress_0
2022-12-15 22:22:04,297 [8742ce53-ec43-4b5d-92fb-ca295b19fdac-server-thread1] INFO  server.RaftServer$Division (ServerState.java:setLeader(313)) - 8742ce53-ec43-4b5d-92fb-ca295b19fdac@group-5AB91DFA3848: change Leader from null to e0198350-5a80-4cc9-b4d4-fe7f34161fcd at term 2 for appendEntries, leader elected after 9365ms
2022-12-15 22:22:04,306 [8742ce53-ec43-4b5d-92fb-ca295b19fdac-server-thread2] INFO  server.RaftServer$Division (ServerState.java:setRaftConf(430)) - 8742ce53-ec43-4b5d-92fb-ca295b19fdac@group-5AB91DFA3848: set configuration 0: peers:[e0198350-5a80-4cc9-b4d4-fe7f34161fcd|rpc:10.1.0.13:33167|dataStream:|priority:1|startupRole:FOLLOWER, 8742ce53-ec43-4b5d-92fb-ca295b19fdac|rpc:10.1.0.13:44977|dataStream:|priority:0|startupRole:FOLLOWER, 1e86e54b-7ea4-4ffe-a764-33ccb592660f|rpc:10.1.0.13:45413|dataStream:|priority:0|startupRole:FOLLOWER]|listeners:[], old=null
2022-12-15 22:22:04,306 [8742ce53-ec43-4b5d-92fb-ca295b19fdac-server-thread2] INFO  segmented.SegmentedRaftLogWorker (SegmentedRaftLogWorker.java:startLogSegment(452)) - 8742ce53-ec43-4b5d-92fb-ca295b19fdac@group-5AB91DFA3848-SegmentedRaftLogWorker: Starting segment from index:0
2022-12-15 22:22:04,308 [8742ce53-ec43-4b5d-92fb-ca295b19fdac@group-5AB91DFA3848-SegmentedRaftLogWorker] INFO  segmented.SegmentedRaftLogWorker (SegmentedRaftLogWorker.java:execute(656)) - 8742ce53-ec43-4b5d-92fb-ca295b19fdac@group-5AB91DFA3848-SegmentedRaftLogWorker: created new log segment /home/runner/work/ozone/ozone/hadoop-ozone/integration-test/target/test-dir/MiniOzoneClusterImpl-67032562-5e12-4c4f-a5ab-79ddd1e2132c/datanode-2/data/ratis/4bb29f98-1168-434f-a1c3-5ab91dfa3848/current/log_inprogress_0
2022-12-15 22:22:04,427 [EventQueue-CommandQueueReportForCommandQueueReportHandler] WARN  events.EventQueue (EventQueue.java:fireEvent(216)) - No event handler registered for event TypedEvent{payloadType=DatanodeDetails, name='Datanode_Command_Queue_Updated'}
2022-12-15 22:22:04,815 [Listener at 127.0.0.1/44409] INFO  ozone.MiniOzoneClusterImpl (MiniOzoneClusterImpl.java:lambda$waitForClusterToBeReady$0(216)) - Nodes are ready. Got 7 of 7 DN Heartbeats.
2022-12-15 22:22:04,815 [Listener at 127.0.0.1/44409] INFO  ozone.MiniOzoneClusterImpl (MiniOzoneClusterImpl.java:lambda$waitForClusterToBeReady$0(219)) - Cluster exits safe mode
2022-12-15 22:22:04,815 [Listener at 127.0.0.1/44409] INFO  ozone.MiniOzoneClusterImpl (MiniOzoneClusterImpl.java:lambda$waitForClusterToBeReady$0(221)) - SCM became leader
2022-12-15 22:22:04,835 [EventQueue-CommandQueueReportForCommandQueueReportHandler] WARN  events.EventQueue (EventQueue.java:fireEvent(216)) - No event handler registered for event TypedEvent{payloadType=DatanodeDetails, name='Datanode_Command_Queue_Updated'}
2022-12-15 22:22:04,842 [Listener at 127.0.0.1/44409] WARN  server.ServerUtils (ServerUtils.java:getScmDbDir(148)) - ozone.scm.db.dirs is not configured. We recommend adding this setting. Falling back to ozone.metadata.dirs instead.
2022-12-15 22:22:04,844 [Listener at 127.0.0.1/44409] WARN  server.ServerUtils (ServerUtils.java:getScmDbDir(148)) - ozone.scm.db.dirs is not configured. We recommend adding this setting. Falling back to ozone.metadata.dirs instead.
2022-12-15 22:22:04,845 [Listener at 127.0.0.1/44409] INFO  ha.SCMHANodeDetails (SCMHANodeDetails.java:loadSCMHAConfig(209)) - ServiceID for StorageContainerManager is null
2022-12-15 22:22:04,845 [Listener at 127.0.0.1/44409] INFO  ha.SCMHANodeDetails (SCMHANodeDetails.java:loadSCMHAConfig(214)) - ozone.scm.default.service.id is not defined, falling back to ozone.scm.service.ids to find serviceID for StorageContainerManager if it is HA enabled cluster
2022-12-15 22:22:04,846 [Listener at 127.0.0.1/44409] WARN  utils.HAUtils (HAUtils.java:getMetaDir(342)) - ozone.scm.db.dirs is not configured. We recommend adding this setting. Falling back to ozone.metadata.dirs instead.
2022-12-15 22:22:04,846 [Listener at 127.0.0.1/44409] WARN  db.DBStoreBuilder (DBStoreBuilder.java:applyDBDefinition(144)) - ozone.scm.db.dirs is not configured. We recommend adding this setting. Falling back to ozone.metadata.dirs instead.
2022-12-15 22:22:04,876 [EventQueue-CommandQueueReportForCommandQueueReportHandler] WARN  events.EventQueue (EventQueue.java:fireEvent(216)) - No event handler registered for event TypedEvent{payloadType=DatanodeDetails, name='Datanode_Command_Queue_Updated'}
2022-12-15 22:22:05,023 [Listener at 127.0.0.1/44409] INFO  net.NodeSchemaLoader (NodeSchemaLoader.java:loadSchemaFromFile(129)) - Loading schema from [jar:file:/home/runner/.m2/repository/org/apache/ozone/hdds-common/1.3.0-SNAPSHOT/hdds-common-1.3.0-SNAPSHOT.jar!/network-topology-default.xml]
2022-12-15 22:22:05,023 [Listener at 127.0.0.1/44409] INFO  net.NodeSchemaLoader (NodeSchemaLoader.java:loadSchema(176)) - Loading network topology layer schema file
2022-12-15 22:22:05,028 [Listener at 127.0.0.1/44409] WARN  impl.MetricRegistriesImpl (MetricRegistriesImpl.java:addReporterRegistration(111)) - New reporters are added after registries were created. Some metrics will be missing from the reporter. Please add reporter before adding any new registry.
2022-12-15 22:22:05,028 [Listener at 127.0.0.1/44409] WARN  impl.MetricRegistriesImpl (MetricRegistriesImpl.java:addReporterRegistration(111)) - New reporters are added after registries were created. Some metrics will be missing from the reporter. Please add reporter before adding any new registry.
2022-12-15 22:22:05,028 [Listener at 127.0.0.1/44409] INFO  upgrade.AbstractLayoutVersionManager (AbstractLayoutVersionManager.java:init(83)) - Initializing Layout version manager with metadata layout = DATANODE_SCHEMA_V3 (version = 4), software layout = DATANODE_SCHEMA_V3 (version = 4)
2022-12-15 22:22:05,034 [EventQueue-CommandQueueReportForCommandQueueReportHandler] WARN  events.EventQueue (EventQueue.java:fireEvent(216)) - No event handler registered for event TypedEvent{payloadType=DatanodeDetails, name='Datanode_Command_Queue_Updated'}
2022-12-15 22:22:05,088 [Listener at 127.0.0.1/44409] INFO  reflections.Reflections (Reflections.java:scan(232)) - Reflections took 58 ms to scan 7 urls, producing 140 keys and 342 values 
2022-12-15 22:22:05,091 [Listener at 127.0.0.1/44409] INFO  ha.SequenceIdGenerator (SequenceIdGenerator.java:upgradeToSequenceId(349)) - upgrade localId to 109611004723200000
2022-12-15 22:22:05,091 [Listener at 127.0.0.1/44409] INFO  ha.SequenceIdGenerator (SequenceIdGenerator.java:upgradeToSequenceId(359)) - upgrade delTxnId to 0
2022-12-15 22:22:05,092 [Listener at 127.0.0.1/44409] INFO  ha.SequenceIdGenerator (SequenceIdGenerator.java:upgradeToSequenceId(376)) - upgrade containerId to 0
2022-12-15 22:22:05,092 [Listener at 127.0.0.1/44409] INFO  ha.SequenceIdGenerator (SequenceIdGenerator.java:<init>(220)) - Init the HA SequenceIdGenerator.
2022-12-15 22:22:05,093 [Listener at 127.0.0.1/44409] INFO  node.SCMNodeManager (SCMNodeManager.java:<init>(149)) - Entering startup safe mode.
2022-12-15 22:22:05,094 [Listener at 127.0.0.1/44409] INFO  algorithms.ContainerPlacementPolicyFactory (ContainerPlacementPolicyFactory.java:getPolicyInternal(86)) - Create container placement policy of type org.apache.hadoop.hdds.scm.container.placement.algorithms.SCMContainerPlacementRandom
2022-12-15 22:22:05,094 [Listener at 127.0.0.1/44409] INFO  algorithms.ContainerPlacementPolicyFactory (ContainerPlacementPolicyFactory.java:getPolicyInternal(86)) - Create container placement policy of type org.apache.hadoop.hdds.scm.container.placement.algorithms.SCMContainerPlacementRackScatter
2022-12-15 22:22:05,094 [Listener at 127.0.0.1/44409] INFO  pipeline.PipelineStateManagerImpl (PipelineStateManagerImpl.java:initialize(78)) - No pipeline exists in current db
2022-12-15 22:22:05,094 [Listener at 127.0.0.1/44409] INFO  algorithms.LeaderChoosePolicyFactory (LeaderChoosePolicyFactory.java:getPolicy(57)) - Create leader choose policy of type org.apache.hadoop.hdds.scm.pipeline.leader.choose.algorithms.MinLeaderCountChoosePolicy
2022-12-15 22:22:05,094 [Listener at 127.0.0.1/44409] INFO  algorithms.ContainerPlacementPolicyFactory (ContainerPlacementPolicyFactory.java:getPolicyInternal(86)) - Create container placement policy of type org.apache.hadoop.hdds.scm.container.placement.algorithms.SCMContainerPlacementRackScatter
2022-12-15 22:22:05,095 [Listener at 127.0.0.1/44409] INFO  ha.SCMServiceManager (SCMServiceManager.java:register(42)) - Registering service BackgroundPipelineCreator.
2022-12-15 22:22:05,095 [Listener at 127.0.0.1/44409] INFO  pipeline.BackgroundPipelineCreator (BackgroundPipelineCreator.java:start(124)) - Starting RatisPipelineUtilsThread.
2022-12-15 22:22:05,096 [Listener at 127.0.0.1/44409] INFO  BackgroundPipelineScrubber (BackgroundSCMService.java:start(68)) - Starting BackgroundPipelineScrubber Service.
2022-12-15 22:22:05,105 [Listener at 127.0.0.1/44409] INFO  ha.SCMServiceManager (SCMServiceManager.java:register(42)) - Registering service BackgroundPipelineScrubber.
2022-12-15 22:22:05,106 [Listener at 127.0.0.1/44409] INFO  ExpiredContainerReplicaOpScrubber (BackgroundSCMService.java:start(68)) - Starting ExpiredContainerReplicaOpScrubber Service.
2022-12-15 22:22:05,114 [Listener at 127.0.0.1/44409] INFO  ha.SCMServiceManager (SCMServiceManager.java:register(42)) - Registering service ExpiredContainerReplicaOpScrubber.
2022-12-15 22:22:05,117 [Listener at 127.0.0.1/44409] INFO  algorithms.PipelineChoosePolicyFactory (PipelineChoosePolicyFactory.java:createPipelineChoosePolicyFromClass(73)) - Create pipeline choose policy of type org.apache.hadoop.hdds.scm.pipeline.choose.algorithms.RandomPipelineChoosePolicy
2022-12-15 22:22:05,117 [Listener at 127.0.0.1/44409] INFO  ha.SCMServiceManager (SCMServiceManager.java:register(42)) - Registering service SCMBlockDeletingService.
2022-12-15 22:22:05,117 [Listener at 127.0.0.1/44409] INFO  replication.ReplicationManager (ReplicationManager.java:start(258)) - Starting Replication Monitor Thread.
2022-12-15 22:22:05,132 [Listener at 127.0.0.1/44409] INFO  ha.SCMServiceManager (SCMServiceManager.java:register(42)) - Registering service ReplicationManager.
2022-12-15 22:22:05,133 [Listener at 127.0.0.1/44409] INFO  safemode.ContainerSafeModeRule (ContainerSafeModeRule.java:<init>(89)) - containers with one replica threshold count 0
2022-12-15 22:22:05,133 [Listener at 127.0.0.1/44409] INFO  safemode.HealthyPipelineSafeModeRule (HealthyPipelineSafeModeRule.java:initializeRule(169)) - Total pipeline count is 0, healthy pipeline threshold count is 1
2022-12-15 22:22:05,134 [Listener at 127.0.0.1/44409] INFO  safemode.OneReplicaPipelineSafeModeRule (OneReplicaPipelineSafeModeRule.java:initializeRule(180)) - Total pipeline count is 0, pipeline's with at least one datanode reported threshold count is 0
2022-12-15 22:22:05,150 [Listener at 127.0.0.1/44409] INFO  ipc.CallQueueManager (CallQueueManager.java:<init>(90)) - Using callQueue: class java.util.concurrent.LinkedBlockingQueue, queueCapacity: 2000, scheduler: class org.apache.hadoop.ipc.DefaultRpcScheduler, ipcBackoff: false.
2022-12-15 22:22:05,153 [ReplicationMonitor] INFO  replication.ReplicationManager (ReplicationManager.java:processAll(327)) - Replication Manager is not ready to run until 3000ms after safemode exit
2022-12-15 22:22:05,154 [Socket Reader #1 for port 0] INFO  ipc.Server (Server.java:run(1273)) - Starting Socket Reader #1 for port 0
2022-12-15 22:22:05,154 [EventQueue-CommandQueueReportForCommandQueueReportHandler] WARN  events.EventQueue (EventQueue.java:fireEvent(216)) - No event handler registered for event TypedEvent{payloadType=DatanodeDetails, name='Datanode_Command_Queue_Updated'}
2022-12-15 22:22:05,155 [Listener at 0.0.0.0/46479] INFO  ipc.CallQueueManager (CallQueueManager.java:<init>(90)) - Using callQueue: class java.util.concurrent.LinkedBlockingQueue, queueCapacity: 2000, scheduler: class org.apache.hadoop.ipc.DefaultRpcScheduler, ipcBackoff: false.
2022-12-15 22:22:05,173 [EventQueue-CommandQueueReportForCommandQueueReportHandler] WARN  events.EventQueue (EventQueue.java:fireEvent(216)) - No event handler registered for event TypedEvent{payloadType=DatanodeDetails, name='Datanode_Command_Queue_Updated'}
2022-12-15 22:22:05,177 [Socket Reader #1 for port 0] INFO  ipc.Server (Server.java:run(1273)) - Starting Socket Reader #1 for port 0
2022-12-15 22:22:05,185 [Listener at 0.0.0.0/44153] INFO  ipc.CallQueueManager (CallQueueManager.java:<init>(90)) - Using callQueue: class java.util.concurrent.LinkedBlockingQueue, queueCapacity: 2000, scheduler: class org.apache.hadoop.ipc.DefaultRpcScheduler, ipcBackoff: false.
2022-12-15 22:22:05,188 [Socket Reader #1 for port 0] INFO  ipc.Server (Server.java:run(1273)) - Starting Socket Reader #1 for port 0
2022-12-15 22:22:05,214 [ReplicationMonitor] INFO  replication.ReplicationManager (ReplicationManager.java:processAll(327)) - Replication Manager is not ready to run until 3000ms after safemode exit
2022-12-15 22:22:05,235 [Listener at 0.0.0.0/35309] INFO  ha.SCMServiceManager (SCMServiceManager.java:register(42)) - Registering service ContainerBalancer.
2022-12-15 22:22:05,235 [Listener at 0.0.0.0/35309] INFO  server.StorageContainerManager (StorageContainerManager.java:<init>(398)) - 
Container Balancer status:
Key                            Value
Running                        true
Container Balancer Configuration values:
Key                                                Value
Threshold                                          10
Max Datanodes to Involve per Iteration(percent)    20
Max Size to Move per Iteration                     500GB
Max Size Entering Target per Iteration             26GB
Max Size Leaving Source per Iteration              26GB

2022-12-15 22:22:05,235 [Listener at 0.0.0.0/35309] INFO  ha.SCMContext (SCMContext.java:updateSafeModeStatus(228)) - Update SafeModeStatus from SafeModeStatus{safeModeStatus=true, preCheckPassed=false} to SafeModeStatus{safeModeStatus=true, preCheckPassed=false}.
2022-12-15 22:22:05,236 [Listener at 0.0.0.0/35309] INFO  server.StorageContainerManager (StorageContainerManager.java:start(1420)) - StorageContainerLocationProtocol RPC server is listening at /0.0.0.0:35309
2022-12-15 22:22:05,236 [Listener at 0.0.0.0/35309] INFO  impl.MetricsSystemImpl (MetricsSystemImpl.java:init(158)) - StorageContainerManager metrics system started (again)
2022-12-15 22:22:05,251 [Listener at 0.0.0.0/35309] INFO  server.SCMClientProtocolServer (SCMClientProtocolServer.java:start(170)) - RPC server for Client  is listening at /0.0.0.0:35309
2022-12-15 22:22:05,251 [IPC Server Responder] INFO  ipc.Server (Server.java:run(1512)) - IPC Server Responder: starting
2022-12-15 22:22:05,259 [IPC Server listener on 0] INFO  ipc.Server (Server.java:run(1352)) - IPC Server listener on 0: starting
2022-12-15 22:22:05,261 [Listener at 0.0.0.0/35309] INFO  server.StorageContainerManager (StorageContainerManager.java:start(1434)) - ScmBlockLocationProtocol RPC server is listening at /0.0.0.0:44153
2022-12-15 22:22:05,262 [Listener at 0.0.0.0/35309] INFO  server.SCMBlockProtocolServer (SCMBlockProtocolServer.java:start(152)) - RPC server for Block Protocol is listening at /0.0.0.0:44153
2022-12-15 22:22:05,262 [IPC Server listener on 0] INFO  ipc.Server (Server.java:run(1352)) - IPC Server listener on 0: starting
2022-12-15 22:22:05,263 [IPC Server Responder] INFO  ipc.Server (Server.java:run(1512)) - IPC Server Responder: starting
2022-12-15 22:22:05,265 [Listener at 0.0.0.0/35309] INFO  server.SCMDatanodeProtocolServer (SCMDatanodeProtocolServer.java:start(186)) - ScmDatanodeProtocol RPC server for DataNodes is listening at /0.0.0.0:46479
2022-12-15 22:22:05,266 [IPC Server Responder] INFO  ipc.Server (Server.java:run(1512)) - IPC Server Responder: starting
2022-12-15 22:22:05,266 [IPC Server listener on 0] INFO  ipc.Server (Server.java:run(1352)) - IPC Server listener on 0: starting
2022-12-15 22:22:05,284 [EventQueue-CommandQueueReportForCommandQueueReportHandler] WARN  events.EventQueue (EventQueue.java:fireEvent(216)) - No event handler registered for event TypedEvent{payloadType=DatanodeDetails, name='Datanode_Command_Queue_Updated'}
2022-12-15 22:22:05,307 [org.apache.hadoop.util.JvmPauseMonitor$Monitor@4c522352] INFO  util.JvmPauseMonitor (JvmPauseMonitor.java:run(188)) - Starting JVM pause monitor
2022-12-15 22:22:05,309 [Listener at 0.0.0.0/35309] INFO  http.BaseHttpServer (BaseHttpServer.java:newHttpServer2BuilderForOzone(213)) - Starting Web-server for scm at: http://0.0.0.0:0
2022-12-15 22:22:05,310 [Listener at 0.0.0.0/35309] INFO  http.BaseHttpServer (BaseHttpServer.java:<init>(108)) - Hadoop Security Enabled: false Ozone Security Enabled: false Ozone HTTP Security Enabled: false 
2022-12-15 22:22:05,311 [Listener at 0.0.0.0/35309] WARN  server.AuthenticationFilter (AuthenticationFilter.java:constructSecretProvider(240)) - Unable to initialize FileSignerSecretProvider, falling back to use random secrets. Reason: Could not read signature secret file: /home/runner/hadoop-http-auth-signature-secret
2022-12-15 22:22:05,312 [Listener at 0.0.0.0/35309] WARN  http.HttpRequestLog (HttpRequestLog.java:getRequestLog(103)) - Jetty request log can only be enabled using Log4j
2022-12-15 22:22:05,314 [Listener at 0.0.0.0/35309] INFO  http.HttpServer2 (HttpServer2.java:addGlobalFilter(1031)) - Added global filter 'safety' (class=org.apache.hadoop.hdds.server.http.HttpServer2$QuotingInputFilter)
2022-12-15 22:22:05,317 [Listener at 0.0.0.0/35309] INFO  http.HttpServer2 (HttpServer2.java:addFilter(1007)) - Added filter static_user_filter (class=org.apache.hadoop.http.lib.StaticUserWebFilter$StaticUserFilter) to context scm
2022-12-15 22:22:05,317 [Listener at 0.0.0.0/35309] INFO  http.HttpServer2 (HttpServer2.java:addFilter(1015)) - Added filter static_user_filter (class=org.apache.hadoop.http.lib.StaticUserWebFilter$StaticUserFilter) to context static
2022-12-15 22:22:05,317 [Listener at 0.0.0.0/35309] INFO  http.HttpServer2 (HttpServer2.java:addFilter(1015)) - Added filter static_user_filter (class=org.apache.hadoop.http.lib.StaticUserWebFilter$StaticUserFilter) to context logs
2022-12-15 22:22:05,318 [Listener at 0.0.0.0/35309] INFO  http.HttpServer2 (HttpServer2.java:bindListener(1250)) - Jetty bound to port 37859
2022-12-15 22:22:05,318 [Listener at 0.0.0.0/35309] INFO  server.Server (Server.java:doStart(375)) - jetty-9.4.49.v20220914; built: 2022-09-14T01:07:36.601Z; git: 4231a3b2e4cb8548a412a789936d640a97b1aa0a; jvm 1.8.0_352-b08
2022-12-15 22:22:05,337 [Listener at 0.0.0.0/35309] INFO  server.session (DefaultSessionIdManager.java:doStart(334)) - DefaultSessionIdManager workerName=node0
2022-12-15 22:22:05,337 [Listener at 0.0.0.0/35309] INFO  server.session (DefaultSessionIdManager.java:doStart(339)) - No SessionScavenger set, using defaults
2022-12-15 22:22:05,338 [Listener at 0.0.0.0/35309] INFO  server.session (HouseKeeper.java:startScavenging(132)) - node0 Scavenging every 600000ms
2022-12-15 22:22:05,338 [Listener at 0.0.0.0/35309] INFO  handler.ContextHandler (ContextHandler.java:doStart(921)) - Started o.e.j.s.ServletContextHandler@6060a48{logs,/logs,file:///home/runner/work/ozone/ozone/hadoop-ozone/integration-test/target/log,AVAILABLE}
2022-12-15 22:22:05,339 [Listener at 0.0.0.0/35309] INFO  handler.ContextHandler (ContextHandler.java:doStart(921)) - Started o.e.j.s.ServletContextHandler@5fbc72e0{static,/static,file:///home/runner/work/ozone/ozone/hadoop-ozone/integration-test/target/test-classes/webapps/static,AVAILABLE}
2022-12-15 22:22:05,351 [Listener at 0.0.0.0/35309] INFO  handler.ContextHandler (ContextHandler.java:doStart(921)) - Started o.e.j.w.WebAppContext@3881d91c{scm,/,file:///home/runner/work/ozone/ozone/hadoop-ozone/integration-test/target/test-classes/webapps/scm/,AVAILABLE}{file:/home/runner/work/ozone/ozone/hadoop-ozone/integration-test/target/test-classes/webapps/scm}
2022-12-15 22:22:05,354 [Listener at 0.0.0.0/35309] INFO  server.AbstractConnector (AbstractConnector.java:doStart(333)) - Started ServerConnector@4cde7cea{HTTP/1.1, (http/1.1)}{0.0.0.0:37859}
2022-12-15 22:22:05,354 [Listener at 0.0.0.0/35309] INFO  server.Server (Server.java:doStart(415)) - Started @29069ms
2022-12-15 22:22:05,354 [Listener at 0.0.0.0/35309] WARN  impl.MetricsSystemImpl (MetricsSystemImpl.java:register(279)) - Sink prometheus already exists!
2022-12-15 22:22:05,355 [Listener at 0.0.0.0/35309] INFO  http.BaseHttpServer (BaseHttpServer.java:updateConnectorAddress(333)) - HTTP server of scm listening at http://0.0.0.0:37859
2022-12-15 22:22:05,355 [Listener at 0.0.0.0/35309] WARN  server.ServerUtils (ServerUtils.java:getDBPath(225)) - ozone.om.db.dirs is not configured. We recommend adding this setting. Falling back to ozone.metadata.dirs instead.
2022-12-15 22:22:05,358 [Listener at 0.0.0.0/35309] INFO  ha.OMHANodeDetails (OMHANodeDetails.java:loadOMHAConfig(115)) - ozone.om.internal.service.id is not defined, falling back to ozone.om.service.ids to find serviceID for OzoneManager if it is HA enabled cluster
2022-12-15 22:22:05,359 [Listener at 0.0.0.0/35309] INFO  ha.OMHANodeDetails (OMHANodeDetails.java:loadOMHAConfig(226)) - Configuration does not have ozone.om.address set. Falling back to the default OM address /127.0.0.1:0
2022-12-15 22:22:05,359 [Listener at 0.0.0.0/35309] INFO  ha.OMHANodeDetails (OMHANodeDetails.java:getOMNodeDetailsForNonHA(254)) - OM Service ID is not set. Setting it to the default ID: omServiceIdDefault
2022-12-15 22:22:05,359 [Listener at 0.0.0.0/35309] INFO  ha.OMHANodeDetails (OMHANodeDetails.java:getOMNodeDetailsForNonHA(261)) - OM Node ID is not set. Setting it to the default ID: om1
2022-12-15 22:22:05,359 [Listener at 0.0.0.0/35309] WARN  server.ServerUtils (ServerUtils.java:getDBPath(225)) - ozone.om.db.dirs is not configured. We recommend adding this setting. Falling back to ozone.metadata.dirs instead.
2022-12-15 22:22:05,359 [Listener at 0.0.0.0/35309] INFO  upgrade.AbstractLayoutVersionManager (AbstractLayoutVersionManager.java:init(83)) - Initializing Layout version manager with metadata layout = MULTITENANCY_SCHEMA (version = 3), software layout = MULTITENANCY_SCHEMA (version = 3)
2022-12-15 22:22:05,428 [EventQueue-CommandQueueReportForCommandQueueReportHandler] WARN  events.EventQueue (EventQueue.java:fireEvent(216)) - No event handler registered for event TypedEvent{payloadType=DatanodeDetails, name='Datanode_Command_Queue_Updated'}
2022-12-15 22:22:05,484 [Listener at 0.0.0.0/35309] INFO  reflections.Reflections (Reflections.java:scan(232)) - Reflections took 124 ms to scan 2 urls, producing 154 keys and 428 values [using 2 cores]
2022-12-15 22:22:05,485 [Listener at 0.0.0.0/35309] INFO  upgrade.OMLayoutVersionManager (OMLayoutVersionManager.java:lambda$0(115)) - Skipping Upgrade Action MockOmUpgradeAction since it has been finalized.
2022-12-15 22:22:05,485 [Listener at 0.0.0.0/35309] WARN  server.ServerUtils (ServerUtils.java:getDBPath(225)) - ozone.om.db.dirs is not configured. We recommend adding this setting. Falling back to ozone.metadata.dirs instead.
2022-12-15 22:22:05,486 [Listener at 0.0.0.0/35309] INFO  proxy.SCMBlockLocationFailoverProxyProvider (SCMBlockLocationFailoverProxyProvider.java:<init>(114)) - Created block location fail-over proxy with 1 nodes: [nodeId=scmNodeId,nodeAddress=/0.0.0.0:44153]
2022-12-15 22:22:05,487 [Listener at 0.0.0.0/35309] INFO  proxy.SCMBlockLocationFailoverProxyProvider (SCMBlockLocationFailoverProxyProvider.java:<init>(114)) - Created block location fail-over proxy with 1 nodes: [nodeId=scmNodeId,nodeAddress=/0.0.0.0:44153]
2022-12-15 22:22:05,510 [Listener at 0.0.0.0/35309] WARN  server.ServerUtils (ServerUtils.java:getDBPath(225)) - ozone.om.db.dirs is not configured. We recommend adding this setting. Falling back to ozone.metadata.dirs instead.
2022-12-15 22:22:05,510 [Listener at 0.0.0.0/35309] INFO  codec.OmKeyInfoCodec (OmKeyInfoCodec.java:<init>(49)) - OmKeyInfoCodec ignorePipeline = true
2022-12-15 22:22:05,510 [Listener at 0.0.0.0/35309] INFO  codec.RepeatedOmKeyInfoCodec (RepeatedOmKeyInfoCodec.java:<init>(41)) - RepeatedOmKeyInfoCodec ignorePipeline = true
2022-12-15 22:22:05,702 [main] INFO  rpc.RpcClient (RpcClient.java:createVolume(472)) - Creating Volume: vol1, with user10185 as owner and space quota set to -1 bytes, counts quota set to -1
2022-12-15 22:22:05,759 [OM StateMachine ApplyTransaction Thread - 0] INFO  volume.OMVolumeCreateRequest (OMVolumeCreateRequest.java:validateAndUpdateCache(195)) - created volume:vol1 for user:user10185
2022-12-15 22:22:05,801 [main] INFO  rpc.RpcClient (RpcClient.java:createBucket(691)) - Creating Bucket: vol1/bucket1, with bucket layout LEGACY, runner as owner, Versioning false, Storage Type set to DISK and Encryption set to false 
2022-12-15 22:22:05,838 [EventQueue-CommandQueueReportForCommandQueueReportHandler] WARN  events.EventQueue (EventQueue.java:fireEvent(216)) - No event handler registered for event TypedEvent{payloadType=DatanodeDetails, name='Datanode_Command_Queue_Updated'}
2022-12-15 22:22:05,838 [OM StateMachine ApplyTransaction Thread - 0] INFO  bucket.OMBucketCreateRequest (OMBucketCreateRequest.java:validateAndUpdateCache(260)) - created bucket: bucket1 of layout LEGACY in volume: vol1
2022-12-15 22:22:05,869 [Listener at 0.0.0.0/35309] INFO  om.OzoneManager (OzoneManager.java:instantiateServices(715)) - S3 Multi-Tenancy is disabled
2022-12-15 22:22:05,873 [EventQueue-CommandQueueReportForCommandQueueReportHandler] WARN  events.EventQueue (EventQueue.java:fireEvent(216)) - No event handler registered for event TypedEvent{payloadType=DatanodeDetails, name='Datanode_Command_Queue_Updated'}
2022-12-15 22:22:05,875 [Listener at 0.0.0.0/35309] INFO  om.OzoneManager (OzoneManager.java:addS3GVolumeToDB(4400)) - Created Volume s3v With Owner runner required for S3Gateway operations.
2022-12-15 22:22:05,875 [Listener at 0.0.0.0/35309] WARN  server.ServerUtils (ServerUtils.java:getDefaultRatisDirectory(237)) - Storage directory for Ratis is not configured. It is a good idea to map this to an SSD disk. Falling back to ozone.metadata.dirs
2022-12-15 22:22:05,875 [Listener at 0.0.0.0/35309] WARN  utils.OzoneManagerRatisUtils (OzoneManagerRatisUtils.java:getOMRatisSnapshotDirectory(434)) - ozone.om.ratis.snapshot.dir is not configured. Falling back to ozone.metadata.dirs config
2022-12-15 22:22:05,876 [Listener at 0.0.0.0/35309] WARN  impl.MetricRegistriesImpl (MetricRegistriesImpl.java:addReporterRegistration(111)) - New reporters are added after registries were created. Some metrics will be missing from the reporter. Please add reporter before adding any new registry.
2022-12-15 22:22:05,876 [Listener at 0.0.0.0/35309] WARN  impl.MetricRegistriesImpl (MetricRegistriesImpl.java:addReporterRegistration(111)) - New reporters are added after registries were created. Some metrics will be missing from the reporter. Please add reporter before adding any new registry.
2022-12-15 22:22:05,876 [Listener at 0.0.0.0/35309] WARN  server.ServerUtils (ServerUtils.java:getDefaultRatisDirectory(237)) - Storage directory for Ratis is not configured. It is a good idea to map this to an SSD disk. Falling back to ozone.metadata.dirs
2022-12-15 22:22:05,878 [Listener at 0.0.0.0/35309] INFO  ratis.OzoneManagerRatisServer (OzoneManagerRatisServer.java:<init>(160)) - Instantiating OM Ratis server with groupID: omServiceIdDefault and peers: localhost:46583
2022-12-15 22:22:05,878 [Listener at 0.0.0.0/35309] INFO  ratis.OzoneManagerStateMachine (OzoneManagerStateMachine.java:loadSnapshotInfoFromDB(636)) - LastAppliedIndex is set from TransactionInfo from OM DB as (t:0, i:~)
2022-12-15 22:22:05,878 [Listener at 0.0.0.0/35309] INFO  server.RaftServer (ConfUtils.java:logGet(46)) - raft.rpc.type = GRPC (default)
2022-12-15 22:22:05,878 [Listener at 0.0.0.0/35309] INFO  grpc.GrpcConfigKeys (ConfUtils.java:logFallback(53)) - raft.grpc.admin.host = null (fallback to raft.grpc.server.host)
2022-12-15 22:22:05,881 [Listener at 0.0.0.0/35309] INFO  grpc.GrpcConfigKeys (ConfUtils.java:logFallback(53)) - raft.grpc.admin.port = 46583 (fallback to raft.grpc.server.port)
2022-12-15 22:22:05,881 [Listener at 0.0.0.0/35309] INFO  grpc.GrpcConfigKeys (ConfUtils.java:logFallback(53)) - raft.grpc.client.host = null (fallback to raft.grpc.server.host)
2022-12-15 22:22:05,881 [Listener at 0.0.0.0/35309] INFO  grpc.GrpcConfigKeys (ConfUtils.java:logFallback(53)) - raft.grpc.client.port = 46583 (fallback to raft.grpc.server.port)
2022-12-15 22:22:05,881 [Listener at 0.0.0.0/35309] INFO  grpc.GrpcConfigKeys (ConfUtils.java:logGet(46)) - raft.grpc.server.host = null (default)
2022-12-15 22:22:05,881 [Listener at 0.0.0.0/35309] INFO  grpc.GrpcConfigKeys (ConfUtils.java:logGet(46)) - raft.grpc.server.port = 46583 (custom)
2022-12-15 22:22:05,881 [Listener at 0.0.0.0/35309] INFO  server.GrpcService (ConfUtils.java:logGet(46)) - raft.grpc.message.size.max = 33554432 (custom)
2022-12-15 22:22:05,881 [Listener at 0.0.0.0/35309] INFO  server.RaftServerConfigKeys (ConfUtils.java:logGet(46)) - raft.server.log.appender.buffer.byte-limit = 33554432 (custom)
2022-12-15 22:22:05,881 [Listener at 0.0.0.0/35309] INFO  server.GrpcService (ConfUtils.java:logGet(46)) - raft.grpc.flow.control.window = 1MB (=1048576) (default)
2022-12-15 22:22:05,882 [Listener at 0.0.0.0/35309] INFO  server.RaftServerConfigKeys (ConfUtils.java:logGet(46)) - raft.server.rpc.request.timeout = 3000ms (default)
2022-12-15 22:22:05,882 [Listener at 0.0.0.0/35309] INFO  grpc.GrpcConfigKeys (ConfUtils.java:logGet(46)) - raft.grpc.server.heartbeat.channel = true (default)
2022-12-15 22:22:05,882 [Listener at 0.0.0.0/35309] INFO  grpc.GrpcConfigKeys (ConfUtils.java:logGet(46)) - raft.grpc.server.async.request.thread.pool.cached = true (default)
2022-12-15 22:22:05,882 [Listener at 0.0.0.0/35309] INFO  grpc.GrpcConfigKeys (ConfUtils.java:logGet(46)) - raft.grpc.server.async.request.thread.pool.size = 32 (default)
2022-12-15 22:22:05,888 [Listener at 0.0.0.0/35309] INFO  impl.DataStreamServerImpl (ConfUtils.java:logGet(46)) - raft.datastream.type = DISABLED (default)
2022-12-15 22:22:05,892 [Listener at 0.0.0.0/35309] INFO  server.RaftServerConfigKeys (ConfUtils.java:logGet(46)) - raft.server.threadpool.proxy.cached = true (default)
2022-12-15 22:22:05,892 [Listener at 0.0.0.0/35309] INFO  server.RaftServerConfigKeys (ConfUtils.java:logGet(46)) - raft.server.threadpool.proxy.size = 0 (default)
2022-12-15 22:22:05,892 [Listener at 0.0.0.0/35309] INFO  server.RaftServerConfigKeys (ConfUtils.java:logGet(46)) - raft.server.rpc.slowness.timeout = 120s (custom)
2022-12-15 22:22:05,892 [Listener at 0.0.0.0/35309] INFO  server.RaftServerConfigKeys (ConfUtils.java:logGet(46)) - raft.server.leaderelection.leader.step-down.wait-time = 10s (default)
2022-12-15 22:22:05,893 [Listener at 0.0.0.0/35309] INFO  server.RaftServerConfigKeys (ConfUtils.java:logGet(46)) - raft.server.storage.dir = [/home/runner/work/ozone/ozone/hadoop-ozone/integration-test/target/test-dir/MiniOzoneClusterImpl-c952205c-0de4-41d8-8615-baf19f81c5db/ozone-meta/ratis] (custom)
2022-12-15 22:22:05,899 [Listener at 0.0.0.0/35309] INFO  server.RaftServer (RaftServerProxy.java:addNew(96)) - om1: addNew group-C5BA1605619E:[om1|rpc:localhost:46583|priority:0|startupRole:FOLLOWER] returns group-C5BA1605619E:java.util.concurrent.CompletableFuture@3a8d0a9c[Not completed]
2022-12-15 22:22:05,899 [Listener at 0.0.0.0/35309] INFO  om.OzoneManager (OzoneManager.java:initializeRatisServer(1977)) - OzoneManager Ratis server initialized at port 46583
2022-12-15 22:22:05,900 [Listener at 0.0.0.0/35309] INFO  om.OzoneManager (OzoneManager.java:getRpcServer(1104)) - Creating RPC Server
2022-12-15 22:22:05,908 [pool-312-thread-1] INFO  server.RaftServer$Division (RaftServerImpl.java:<init>(195)) - om1: new RaftServerImpl for group-C5BA1605619E:[om1|rpc:localhost:46583|priority:0|startupRole:FOLLOWER] with OzoneManagerStateMachine:uninitialized
2022-12-15 22:22:05,908 [pool-312-thread-1] INFO  server.RaftServerConfigKeys (ConfUtils.java:logGet(46)) - raft.server.rpc.timeout.min = 1s (custom)
2022-12-15 22:22:05,909 [pool-312-thread-1] INFO  server.RaftServerConfigKeys (ConfUtils.java:logGet(46)) - raft.server.rpc.timeout.max = 1200ms (custom)
2022-12-15 22:22:05,909 [pool-312-thread-1] INFO  server.RaftServerConfigKeys (ConfUtils.java:logGet(46)) - raft.server.rpc.sleep.time = 25ms (default)
2022-12-15 22:22:05,909 [pool-312-thread-1] INFO  server.RaftServerConfigKeys (ConfUtils.java:logGet(46)) - raft.server.rpc.slowness.timeout = 120s (custom)
2022-12-15 22:22:05,909 [pool-312-thread-1] INFO  server.RaftServerConfigKeys (ConfUtils.java:logGet(46)) - raft.server.leaderelection.leader.step-down.wait-time = 10s (default)
2022-12-15 22:22:05,909 [pool-312-thread-1] INFO  server.RaftServerConfigKeys (ConfUtils.java:logGet(46)) - raft.server.sleep.deviation.threshold = 300ms (default)
2022-12-15 22:22:05,909 [pool-312-thread-1] INFO  server.RaftServer$Division (ServerState.java:<init>(118)) - om1@group-C5BA1605619E: ConfigurationManager, init=-1: peers:[om1|rpc:localhost:46583|priority:0|startupRole:FOLLOWER]|listeners:[], old=null, confs=<EMPTY_MAP>
2022-12-15 22:22:05,909 [pool-312-thread-1] INFO  server.RaftServerConfigKeys (ConfUtils.java:logGet(46)) - raft.server.storage.dir = [/home/runner/work/ozone/ozone/hadoop-ozone/integration-test/target/test-dir/MiniOzoneClusterImpl-c952205c-0de4-41d8-8615-baf19f81c5db/ozone-meta/ratis] (custom)
2022-12-15 22:22:05,910 [pool-312-thread-1] INFO  server.RaftServerConfigKeys (ConfUtils.java:logGet(46)) - raft.server.log.corruption.policy = EXCEPTION (default)
2022-12-15 22:22:05,911 [pool-312-thread-1] INFO  server.RaftServerConfigKeys (ConfUtils.java:logGet(46)) - raft.server.storage.free-space.min = 0MB (=0) (default)
2022-12-15 22:22:05,911 [pool-312-thread-1] INFO  server.RaftServerConfigKeys (ConfUtils.java:logGet(46)) - raft.server.notification.no-leader.timeout = 120s (custom)
2022-12-15 22:22:05,911 [pool-312-thread-1] INFO  server.RaftServerConfigKeys (ConfUtils.java:logGet(46)) - raft.server.retrycache.expirytime = 300s (custom)
2022-12-15 22:22:05,911 [pool-312-thread-1] INFO  server.RaftServerConfigKeys (ConfUtils.java:logGet(46)) - raft.server.retrycache.statistics.expirytime = 100μs (default)
2022-12-15 22:22:05,913 [pool-312-thread-1] INFO  server.RaftServerConfigKeys (ConfUtils.java:logGet(46)) - raft.server.log.appender.install.snapshot.enabled = false (custom)
2022-12-15 22:22:05,914 [pool-312-thread-1] INFO  server.RaftServerConfigKeys (ConfUtils.java:logGet(46)) - raft.server.threadpool.server.cached = true (default)
2022-12-15 22:22:05,914 [pool-312-thread-1] INFO  server.RaftServerConfigKeys (ConfUtils.java:logGet(46)) - raft.server.threadpool.server.size = 0 (default)
2022-12-15 22:22:05,914 [pool-312-thread-1] INFO  server.RaftServerConfigKeys (ConfUtils.java:logGet(46)) - raft.server.threadpool.client.cached = true (default)
2022-12-15 22:22:05,914 [pool-312-thread-1] INFO  server.RaftServerConfigKeys (ConfUtils.java:logGet(46)) - raft.server.threadpool.client.size = 0 (default)
2022-12-15 22:22:05,937 [IPC Server handler 0 on default port 37919] INFO  ha.SequenceIdGenerator (SequenceIdGenerator.java:getNextId(128)) - Allocate a batch for containerId, change lastId from 0 to 1000.
2022-12-15 22:22:05,950 [IPC Server handler 0 on default port 37919] WARN  ha.SequenceIdGenerator (SequenceIdGenerator.java:allocateBatch(237)) - Failed to allocate a batch for localId, expected lastId is 0, actual lastId is 109611004723200000.
2022-12-15 22:22:05,950 [IPC Server handler 0 on default port 37919] INFO  ha.SequenceIdGenerator (SequenceIdGenerator.java:getNextId(128)) - Allocate a batch for localId, change lastId from 109611004723200000 to 109611004723201000.
2022-12-15 22:22:05,997 [c0e45f45-48a3-418c-b3ac-112e0491709c@group-D5DD31449DCD-FollowerState] INFO  impl.FollowerState (FollowerState.java:run(143)) - c0e45f45-48a3-418c-b3ac-112e0491709c@group-D5DD31449DCD-FollowerState: change to CANDIDATE, lastRpcElapsedTime:5101252207ns, electionTimeout:5095ms
2022-12-15 22:22:05,998 [c0e45f45-48a3-418c-b3ac-112e0491709c@group-D5DD31449DCD-FollowerState] INFO  impl.RoleInfo (RoleInfo.java:shutdownFollowerState(110)) - c0e45f45-48a3-418c-b3ac-112e0491709c: shutdown c0e45f45-48a3-418c-b3ac-112e0491709c@group-D5DD31449DCD-FollowerState
2022-12-15 22:22:05,998 [c0e45f45-48a3-418c-b3ac-112e0491709c@group-D5DD31449DCD-FollowerState] INFO  server.RaftServer$Division (RaftServerImpl.java:setRole(321)) - c0e45f45-48a3-418c-b3ac-112e0491709c@group-D5DD31449DCD: changes role from  FOLLOWER to CANDIDATE at term 1 for changeToCandidate
2022-12-15 22:22:05,998 [c0e45f45-48a3-418c-b3ac-112e0491709c@group-D5DD31449DCD-FollowerState] INFO  server.RaftServerConfigKeys (ConfUtils.java:logGet(46)) - raft.server.leaderelection.pre-vote = false (custom)
2022-12-15 22:22:05,998 [c0e45f45-48a3-418c-b3ac-112e0491709c@group-D5DD31449DCD-FollowerState] INFO  impl.RoleInfo (RoleInfo.java:updateAndGet(139)) - c0e45f45-48a3-418c-b3ac-112e0491709c: start c0e45f45-48a3-418c-b3ac-112e0491709c@group-D5DD31449DCD-LeaderElection12
2022-12-15 22:22:06,021 [36e1593a-57cf-42fc-9e99-3bc8e6c88ec2@group-D5DD31449DCD-FollowerState] INFO  impl.FollowerState (FollowerState.java:run(143)) - 36e1593a-57cf-42fc-9e99-3bc8e6c88ec2@group-D5DD31449DCD-FollowerState: change to CANDIDATE, lastRpcElapsedTime:5094237912ns, electionTimeout:5091ms
2022-12-15 22:22:06,021 [36e1593a-57cf-42fc-9e99-3bc8e6c88ec2@group-D5DD31449DCD-FollowerState] INFO  impl.RoleInfo (RoleInfo.java:shutdownFollowerState(110)) - 36e1593a-57cf-42fc-9e99-3bc8e6c88ec2: shutdown 36e1593a-57cf-42fc-9e99-3bc8e6c88ec2@group-D5DD31449DCD-FollowerState
2022-12-15 22:22:06,021 [36e1593a-57cf-42fc-9e99-3bc8e6c88ec2@group-D5DD31449DCD-FollowerState] INFO  server.RaftServer$Division (RaftServerImpl.java:setRole(321)) - 36e1593a-57cf-42fc-9e99-3bc8e6c88ec2@group-D5DD31449DCD: changes role from  FOLLOWER to CANDIDATE at term 1 for changeToCandidate
2022-12-15 22:22:06,021 [36e1593a-57cf-42fc-9e99-3bc8e6c88ec2@group-D5DD31449DCD-FollowerState] INFO  server.RaftServerConfigKeys (ConfUtils.java:logGet(46)) - raft.server.leaderelection.pre-vote = false (custom)
2022-12-15 22:22:06,021 [36e1593a-57cf-42fc-9e99-3bc8e6c88ec2@group-D5DD31449DCD-FollowerState] INFO  impl.RoleInfo (RoleInfo.java:updateAndGet(139)) - 36e1593a-57cf-42fc-9e99-3bc8e6c88ec2: start 36e1593a-57cf-42fc-9e99-3bc8e6c88ec2@group-D5DD31449DCD-LeaderElection13
2022-12-15 22:22:06,022 [c0e45f45-48a3-418c-b3ac-112e0491709c@group-D5DD31449DCD-LeaderElection12] INFO  impl.LeaderElection (LeaderElection.java:askForVotes(312)) - c0e45f45-48a3-418c-b3ac-112e0491709c@group-D5DD31449DCD-LeaderElection12 ELECTION round 0: submit vote requests at term 2 for -1: peers:[9af99ef4-a70d-4375-9c0d-594670c86eaa|rpc:10.1.0.13:37969|dataStream:|priority:0|startupRole:FOLLOWER, 36e1593a-57cf-42fc-9e99-3bc8e6c88ec2|rpc:10.1.0.13:46439|dataStream:|priority:0|startupRole:FOLLOWER, c0e45f45-48a3-418c-b3ac-112e0491709c|rpc:10.1.0.13:40363|dataStream:|priority:1|startupRole:FOLLOWER]|listeners:[], old=null
2022-12-15 22:22:06,033 [36e1593a-57cf-42fc-9e99-3bc8e6c88ec2@group-D5DD31449DCD-LeaderElection13] INFO  impl.LeaderElection (LeaderElection.java:askForVotes(312)) - 36e1593a-57cf-42fc-9e99-3bc8e6c88ec2@group-D5DD31449DCD-LeaderElection13 ELECTION round 0: submit vote requests at term 2 for -1: peers:[9af99ef4-a70d-4375-9c0d-594670c86eaa|rpc:10.1.0.13:37969|priority:0|startupRole:FOLLOWER, 36e1593a-57cf-42fc-9e99-3bc8e6c88ec2|rpc:10.1.0.13:46439|priority:0|startupRole:FOLLOWER, c0e45f45-48a3-418c-b3ac-112e0491709c|rpc:10.1.0.13:40363|priority:1|startupRole:FOLLOWER]|listeners:[], old=null
2022-12-15 22:22:06,035 [EventQueue-CommandQueueReportForCommandQueueReportHandler] WARN  events.EventQueue (EventQueue.java:fireEvent(216)) - No event handler registered for event TypedEvent{payloadType=DatanodeDetails, name='Datanode_Command_Queue_Updated'}
2022-12-15 22:22:06,037 [c0e45f45-48a3-418c-b3ac-112e0491709c@group-D5DD31449DCD-LeaderElection12-1] INFO  server.GrpcServerProtocolClient (GrpcServerProtocolClient.java:<init>(63)) - Build channel for 9af99ef4-a70d-4375-9c0d-594670c86eaa
2022-12-15 22:22:06,043 [c0e45f45-48a3-418c-b3ac-112e0491709c@group-D5DD31449DCD-LeaderElection12] INFO  server.RaftServerConfigKeys (ConfUtils.java:logFallback(53)) - raft.server.rpc.first-election.timeout.min = 5s (fallback to raft.server.rpc.timeout.min)
2022-12-15 22:22:06,043 [c0e45f45-48a3-418c-b3ac-112e0491709c@group-D5DD31449DCD-LeaderElection12] INFO  server.RaftServerConfigKeys (ConfUtils.java:logFallback(53)) - raft.server.rpc.first-election.timeout.max = 5200ms (fallback to raft.server.rpc.timeout.max)
2022-12-15 22:22:06,044 [c0e45f45-48a3-418c-b3ac-112e0491709c@group-D5DD31449DCD-LeaderElection12-2] INFO  server.GrpcServerProtocolClient (GrpcServerProtocolClient.java:<init>(63)) - Build channel for 36e1593a-57cf-42fc-9e99-3bc8e6c88ec2
2022-12-15 22:22:06,048 [36e1593a-57cf-42fc-9e99-3bc8e6c88ec2@group-D5DD31449DCD-LeaderElection13-1] INFO  server.GrpcServerProtocolClient (GrpcServerProtocolClient.java:<init>(63)) - Build channel for 9af99ef4-a70d-4375-9c0d-594670c86eaa
2022-12-15 22:22:06,053 [36e1593a-57cf-42fc-9e99-3bc8e6c88ec2@group-D5DD31449DCD-LeaderElection13] INFO  server.RaftServerConfigKeys (ConfUtils.java:logFallback(53)) - raft.server.rpc.first-election.timeout.min = 5s (fallback to raft.server.rpc.timeout.min)
2022-12-15 22:22:06,053 [36e1593a-57cf-42fc-9e99-3bc8e6c88ec2@group-D5DD31449DCD-LeaderElection13] INFO  server.RaftServerConfigKeys (ConfUtils.java:logFallback(53)) - raft.server.rpc.first-election.timeout.max = 5200ms (fallback to raft.server.rpc.timeout.max)
2022-12-15 22:22:06,063 [36e1593a-57cf-42fc-9e99-3bc8e6c88ec2@group-D5DD31449DCD-LeaderElection13-2] INFO  server.GrpcServerProtocolClient (GrpcServerProtocolClient.java:<init>(63)) - Build channel for c0e45f45-48a3-418c-b3ac-112e0491709c
2022-12-15 22:22:06,073 [9af99ef4-a70d-4375-9c0d-594670c86eaa@group-D5DD31449DCD-FollowerState] INFO  impl.FollowerState (FollowerState.java:run(143)) - 9af99ef4-a70d-4375-9c0d-594670c86eaa@group-D5DD31449DCD-FollowerState: change to CANDIDATE, lastRpcElapsedTime:5164878772ns, electionTimeout:5155ms
2022-12-15 22:22:06,073 [9af99ef4-a70d-4375-9c0d-594670c86eaa@group-D5DD31449DCD-FollowerState] INFO  impl.RoleInfo (RoleInfo.java:shutdownFollowerState(110)) - 9af99ef4-a70d-4375-9c0d-594670c86eaa: shutdown 9af99ef4-a70d-4375-9c0d-594670c86eaa@group-D5DD31449DCD-FollowerState
2022-12-15 22:22:06,073 [9af99ef4-a70d-4375-9c0d-594670c86eaa@group-D5DD31449DCD-FollowerState] INFO  server.RaftServer$Division (RaftServerImpl.java:setRole(321)) - 9af99ef4-a70d-4375-9c0d-594670c86eaa@group-D5DD31449DCD: changes role from  FOLLOWER to CANDIDATE at term 1 for changeToCandidate
2022-12-15 22:22:06,073 [9af99ef4-a70d-4375-9c0d-594670c86eaa@group-D5DD31449DCD-FollowerState] INFO  server.RaftServerConfigKeys (ConfUtils.java:logGet(46)) - raft.server.leaderelection.pre-vote = false (custom)
2022-12-15 22:22:06,073 [9af99ef4-a70d-4375-9c0d-594670c86eaa@group-D5DD31449DCD-FollowerState] INFO  impl.RoleInfo (RoleInfo.java:updateAndGet(139)) - 9af99ef4-a70d-4375-9c0d-594670c86eaa: start 9af99ef4-a70d-4375-9c0d-594670c86eaa@group-D5DD31449DCD-LeaderElection14
2022-12-15 22:22:06,104 [9af99ef4-a70d-4375-9c0d-594670c86eaa@group-D5DD31449DCD-LeaderElection14] INFO  impl.LeaderElection (LeaderElection.java:askForVotes(312)) - 9af99ef4-a70d-4375-9c0d-594670c86eaa@group-D5DD31449DCD-LeaderElection14 ELECTION round 0: submit vote requests at term 2 for -1: peers:[9af99ef4-a70d-4375-9c0d-594670c86eaa|rpc:10.1.0.13:37969|dataStream:|priority:0|startupRole:FOLLOWER, 36e1593a-57cf-42fc-9e99-3bc8e6c88ec2|rpc:10.1.0.13:46439|dataStream:|priority:0|startupRole:FOLLOWER, c0e45f45-48a3-418c-b3ac-112e0491709c|rpc:10.1.0.13:40363|dataStream:|priority:1|startupRole:FOLLOWER]|listeners:[], old=null
2022-12-15 22:22:06,132 [9af99ef4-a70d-4375-9c0d-594670c86eaa@group-D5DD31449DCD-LeaderElection14] INFO  server.RaftServerConfigKeys (ConfUtils.java:logFallback(53)) - raft.server.rpc.first-election.timeout.min = 5s (fallback to raft.server.rpc.timeout.min)
2022-12-15 22:22:06,132 [9af99ef4-a70d-4375-9c0d-594670c86eaa@group-D5DD31449DCD-LeaderElection14] INFO  server.RaftServerConfigKeys (ConfUtils.java:logFallback(53)) - raft.server.rpc.first-election.timeout.max = 5200ms (fallback to raft.server.rpc.timeout.max)
2022-12-15 22:22:06,148 [grpc-default-executor-1] INFO  server.RaftServer$Division (RaftServerImpl.java:requestVote(1218)) - 36e1593a-57cf-42fc-9e99-3bc8e6c88ec2@group-D5DD31449DCD: receive requestVote(ELECTION, c0e45f45-48a3-418c-b3ac-112e0491709c, group-D5DD31449DCD, 2, (t:0, i:0))
2022-12-15 22:22:06,148 [grpc-default-executor-1] INFO  impl.VoteContext (VoteContext.java:log(49)) - 36e1593a-57cf-42fc-9e99-3bc8e6c88ec2@group-D5DD31449DCD-CANDIDATE: reject ELECTION from c0e45f45-48a3-418c-b3ac-112e0491709c: already has voted for 36e1593a-57cf-42fc-9e99-3bc8e6c88ec2 at current term 2
2022-12-15 22:22:06,148 [grpc-default-executor-1] INFO  server.RaftServer$Division (RaftServerImpl.java:requestVote(1251)) - 36e1593a-57cf-42fc-9e99-3bc8e6c88ec2@group-D5DD31449DCD replies to ELECTION vote request: c0e45f45-48a3-418c-b3ac-112e0491709c<-36e1593a-57cf-42fc-9e99-3bc8e6c88ec2#0:FAIL-t2. Peer's state: 36e1593a-57cf-42fc-9e99-3bc8e6c88ec2@group-D5DD31449DCD:t2, leader=null, voted=36e1593a-57cf-42fc-9e99-3bc8e6c88ec2, raftlog=Memoized:36e1593a-57cf-42fc-9e99-3bc8e6c88ec2@group-D5DD31449DCD-SegmentedRaftLog:OPENED:c-1, conf=-1: peers:[9af99ef4-a70d-4375-9c0d-594670c86eaa|rpc:10.1.0.13:37969|priority:0|startupRole:FOLLOWER, 36e1593a-57cf-42fc-9e99-3bc8e6c88ec2|rpc:10.1.0.13:46439|priority:0|startupRole:FOLLOWER, c0e45f45-48a3-418c-b3ac-112e0491709c|rpc:10.1.0.13:40363|priority:1|startupRole:FOLLOWER]|listeners:[], old=null
2022-12-15 22:22:06,153 [ReplicationMonitor] INFO  replication.ReplicationManager (ReplicationManager.java:processAll(327)) - Replication Manager is not ready to run until 3000ms after safemode exit
2022-12-15 22:22:06,154 [grpc-default-executor-2] INFO  server.RaftServer$Division (RaftServerImpl.java:requestVote(1218)) - 9af99ef4-a70d-4375-9c0d-594670c86eaa@group-D5DD31449DCD: receive requestVote(ELECTION, 36e1593a-57cf-42fc-9e99-3bc8e6c88ec2, group-D5DD31449DCD, 2, (t:0, i:0))
2022-12-15 22:22:06,155 [grpc-default-executor-2] INFO  impl.VoteContext (VoteContext.java:log(49)) - 9af99ef4-a70d-4375-9c0d-594670c86eaa@group-D5DD31449DCD-CANDIDATE: reject ELECTION from 36e1593a-57cf-42fc-9e99-3bc8e6c88ec2: already has voted for 9af99ef4-a70d-4375-9c0d-594670c86eaa at current term 2
2022-12-15 22:22:06,155 [grpc-default-executor-0] INFO  server.RaftServer$Division (RaftServerImpl.java:requestVote(1218)) - 36e1593a-57cf-42fc-9e99-3bc8e6c88ec2@group-D5DD31449DCD: receive requestVote(ELECTION, 9af99ef4-a70d-4375-9c0d-594670c86eaa, group-D5DD31449DCD, 2, (t:0, i:0))
2022-12-15 22:22:06,155 [grpc-default-executor-0] INFO  impl.VoteContext (VoteContext.java:log(49)) - 36e1593a-57cf-42fc-9e99-3bc8e6c88ec2@group-D5DD31449DCD-CANDIDATE: reject ELECTION from 9af99ef4-a70d-4375-9c0d-594670c86eaa: already has voted for 36e1593a-57cf-42fc-9e99-3bc8e6c88ec2 at current term 2
2022-12-15 22:22:06,155 [grpc-default-executor-4] INFO  server.RaftServer$Division (RaftServerImpl.java:requestVote(1218)) - c0e45f45-48a3-418c-b3ac-112e0491709c@group-D5DD31449DCD: receive requestVote(ELECTION, 9af99ef4-a70d-4375-9c0d-594670c86eaa, group-D5DD31449DCD, 2, (t:0, i:0))
2022-12-15 22:22:06,155 [grpc-default-executor-4] INFO  impl.VoteContext (VoteContext.java:log(49)) - c0e45f45-48a3-418c-b3ac-112e0491709c@group-D5DD31449DCD-CANDIDATE: reject ELECTION from 9af99ef4-a70d-4375-9c0d-594670c86eaa: already has voted for c0e45f45-48a3-418c-b3ac-112e0491709c at current term 2
2022-12-15 22:22:06,154 [grpc-default-executor-3] INFO  server.RaftServer$Division (RaftServerImpl.java:requestVote(1218)) - 9af99ef4-a70d-4375-9c0d-594670c86eaa@group-D5DD31449DCD: receive requestVote(ELECTION, c0e45f45-48a3-418c-b3ac-112e0491709c, group-D5DD31449DCD, 2, (t:0, i:0))
2022-12-15 22:22:06,160 [grpc-default-executor-4] INFO  server.RaftServer$Division (RaftServerImpl.java:requestVote(1251)) - c0e45f45-48a3-418c-b3ac-112e0491709c@group-D5DD31449DCD replies to ELECTION vote request: 9af99ef4-a70d-4375-9c0d-594670c86eaa<-c0e45f45-48a3-418c-b3ac-112e0491709c#0:FAIL-t2. Peer's state: c0e45f45-48a3-418c-b3ac-112e0491709c@group-D5DD31449DCD:t2, leader=null, voted=c0e45f45-48a3-418c-b3ac-112e0491709c, raftlog=Memoized:c0e45f45-48a3-418c-b3ac-112e0491709c@group-D5DD31449DCD-SegmentedRaftLog:OPENED:c-1, conf=-1: peers:[9af99ef4-a70d-4375-9c0d-594670c86eaa|rpc:10.1.0.13:37969|dataStream:|priority:0|startupRole:FOLLOWER, 36e1593a-57cf-42fc-9e99-3bc8e6c88ec2|rpc:10.1.0.13:46439|dataStream:|priority:0|startupRole:FOLLOWER, c0e45f45-48a3-418c-b3ac-112e0491709c|rpc:10.1.0.13:40363|dataStream:|priority:1|startupRole:FOLLOWER]|listeners:[], old=null
2022-12-15 22:22:06,161 [grpc-default-executor-0] INFO  server.RaftServer$Division (RaftServerImpl.java:requestVote(1251)) - 36e1593a-57cf-42fc-9e99-3bc8e6c88ec2@group-D5DD31449DCD replies to ELECTION vote request: 9af99ef4-a70d-4375-9c0d-594670c86eaa<-36e1593a-57cf-42fc-9e99-3bc8e6c88ec2#0:FAIL-t2. Peer's state: 36e1593a-57cf-42fc-9e99-3bc8e6c88ec2@group-D5DD31449DCD:t2, leader=null, voted=36e1593a-57cf-42fc-9e99-3bc8e6c88ec2, raftlog=Memoized:36e1593a-57cf-42fc-9e99-3bc8e6c88ec2@group-D5DD31449DCD-SegmentedRaftLog:OPENED:c-1, conf=-1: peers:[9af99ef4-a70d-4375-9c0d-594670c86eaa|rpc:10.1.0.13:37969|priority:0|startupRole:FOLLOWER, 36e1593a-57cf-42fc-9e99-3bc8e6c88ec2|rpc:10.1.0.13:46439|priority:0|startupRole:FOLLOWER, c0e45f45-48a3-418c-b3ac-112e0491709c|rpc:10.1.0.13:40363|priority:1|startupRole:FOLLOWER]|listeners:[], old=null
2022-12-15 22:22:06,162 [grpc-default-executor-2] INFO  server.RaftServer$Division (RaftServerImpl.java:requestVote(1251)) - 9af99ef4-a70d-4375-9c0d-594670c86eaa@group-D5DD31449DCD replies to ELECTION vote request: 36e1593a-57cf-42fc-9e99-3bc8e6c88ec2<-9af99ef4-a70d-4375-9c0d-594670c86eaa#0:FAIL-t2. Peer's state: 9af99ef4-a70d-4375-9c0d-594670c86eaa@group-D5DD31449DCD:t2, leader=null, voted=9af99ef4-a70d-4375-9c0d-594670c86eaa, raftlog=Memoized:9af99ef4-a70d-4375-9c0d-594670c86eaa@group-D5DD31449DCD-SegmentedRaftLog:OPENED:c-1, conf=-1: peers:[9af99ef4-a70d-4375-9c0d-594670c86eaa|rpc:10.1.0.13:37969|dataStream:|priority:0|startupRole:FOLLOWER, 36e1593a-57cf-42fc-9e99-3bc8e6c88ec2|rpc:10.1.0.13:46439|dataStream:|priority:0|startupRole:FOLLOWER, c0e45f45-48a3-418c-b3ac-112e0491709c|rpc:10.1.0.13:40363|dataStream:|priority:1|startupRole:FOLLOWER]|listeners:[], old=null
2022-12-15 22:22:06,166 [grpc-default-executor-3] INFO  impl.VoteContext (VoteContext.java:log(49)) - 9af99ef4-a70d-4375-9c0d-594670c86eaa@group-D5DD31449DCD-CANDIDATE: reject ELECTION from c0e45f45-48a3-418c-b3ac-112e0491709c: already has voted for 9af99ef4-a70d-4375-9c0d-594670c86eaa at current term 2
2022-12-15 22:22:06,166 [grpc-default-executor-3] INFO  server.RaftServer$Division (RaftServerImpl.java:requestVote(1251)) - 9af99ef4-a70d-4375-9c0d-594670c86eaa@group-D5DD31449DCD replies to ELECTION vote request: c0e45f45-48a3-418c-b3ac-112e0491709c<-9af99ef4-a70d-4375-9c0d-594670c86eaa#0:FAIL-t2. Peer's state: 9af99ef4-a70d-4375-9c0d-594670c86eaa@group-D5DD31449DCD:t2, leader=null, voted=9af99ef4-a70d-4375-9c0d-594670c86eaa, raftlog=Memoized:9af99ef4-a70d-4375-9c0d-594670c86eaa@group-D5DD31449DCD-SegmentedRaftLog:OPENED:c-1, conf=-1: peers:[9af99ef4-a70d-4375-9c0d-594670c86eaa|rpc:10.1.0.13:37969|dataStream:|priority:0|startupRole:FOLLOWER, 36e1593a-57cf-42fc-9e99-3bc8e6c88ec2|rpc:10.1.0.13:46439|dataStream:|priority:0|startupRole:FOLLOWER, c0e45f45-48a3-418c-b3ac-112e0491709c|rpc:10.1.0.13:40363|dataStream:|priority:1|startupRole:FOLLOWER]|listeners:[], old=null
2022-12-15 22:22:06,169 [EventQueue-CommandQueueReportForCommandQueueReportHandler] WARN  events.EventQueue (EventQueue.java:fireEvent(216)) - No event handler registered for event TypedEvent{payloadType=DatanodeDetails, name='Datanode_Command_Queue_Updated'}
2022-12-15 22:22:06,170 [EventQueue-CommandQueueReportForCommandQueueReportHandler] WARN  events.EventQueue (EventQueue.java:fireEvent(216)) - No event handler registered for event TypedEvent{payloadType=DatanodeDetails, name='Datanode_Command_Queue_Updated'}
2022-12-15 22:22:06,186 [9af99ef4-a70d-4375-9c0d-594670c86eaa@group-D5DD31449DCD-LeaderElection14] INFO  impl.LeaderElection (LeaderElection.java:logAndReturn(90)) - 9af99ef4-a70d-4375-9c0d-594670c86eaa@group-D5DD31449DCD-LeaderElection14: ELECTION REJECTED received 1 response(s) and 0 exception(s):
2022-12-15 22:22:06,186 [9af99ef4-a70d-4375-9c0d-594670c86eaa@group-D5DD31449DCD-LeaderElection14] INFO  impl.LeaderElection (LeaderElection.java:logAndReturn(94)) -   Response 0: 9af99ef4-a70d-4375-9c0d-594670c86eaa<-c0e45f45-48a3-418c-b3ac-112e0491709c#0:FAIL-t2
2022-12-15 22:22:06,186 [9af99ef4-a70d-4375-9c0d-594670c86eaa@group-D5DD31449DCD-LeaderElection14] INFO  impl.LeaderElection (LeaderElection.java:askForVotes(314)) - 9af99ef4-a70d-4375-9c0d-594670c86eaa@group-D5DD31449DCD-LeaderElection14 ELECTION round 0: result REJECTED
2022-12-15 22:22:06,186 [9af99ef4-a70d-4375-9c0d-594670c86eaa@group-D5DD31449DCD-LeaderElection14] INFO  server.RaftServer$Division (RaftServerImpl.java:setRole(321)) - 9af99ef4-a70d-4375-9c0d-594670c86eaa@group-D5DD31449DCD: changes role from CANDIDATE to FOLLOWER at term 2 for REJECTED
2022-12-15 22:22:06,186 [9af99ef4-a70d-4375-9c0d-594670c86eaa@group-D5DD31449DCD-LeaderElection14] INFO  impl.RoleInfo (RoleInfo.java:shutdownLeaderElection(130)) - 9af99ef4-a70d-4375-9c0d-594670c86eaa: shutdown 9af99ef4-a70d-4375-9c0d-594670c86eaa@group-D5DD31449DCD-LeaderElection14
2022-12-15 22:22:06,186 [9af99ef4-a70d-4375-9c0d-594670c86eaa@group-D5DD31449DCD-LeaderElection14] INFO  impl.RoleInfo (RoleInfo.java:updateAndGet(139)) - 9af99ef4-a70d-4375-9c0d-594670c86eaa: start 9af99ef4-a70d-4375-9c0d-594670c86eaa@group-D5DD31449DCD-FollowerState
2022-12-15 22:22:06,210 [9af99ef4-a70d-4375-9c0d-594670c86eaa@group-D5DD31449DCD-FollowerState] INFO  server.RaftServerConfigKeys (ConfUtils.java:logFallback(53)) - raft.server.rpc.first-election.timeout.min = 5s (fallback to raft.server.rpc.timeout.min)
2022-12-15 22:22:06,210 [9af99ef4-a70d-4375-9c0d-594670c86eaa@group-D5DD31449DCD-FollowerState] INFO  server.RaftServerConfigKeys (ConfUtils.java:logFallback(53)) - raft.server.rpc.first-election.timeout.max = 5200ms (fallback to raft.server.rpc.timeout.max)
2022-12-15 22:22:06,215 [ReplicationMonitor] INFO  replication.ReplicationManager (ReplicationManager.java:processAll(327)) - Replication Manager is not ready to run until 3000ms after safemode exit
2022-12-15 22:22:06,223 [c0e45f45-48a3-418c-b3ac-112e0491709c@group-D5DD31449DCD-LeaderElection12] INFO  impl.LeaderElection (LeaderElection.java:logAndReturn(90)) - c0e45f45-48a3-418c-b3ac-112e0491709c@group-D5DD31449DCD-LeaderElection12: ELECTION REJECTED received 2 response(s) and 0 exception(s):
2022-12-15 22:22:06,223 [c0e45f45-48a3-418c-b3ac-112e0491709c@group-D5DD31449DCD-LeaderElection12] INFO  impl.LeaderElection (LeaderElection.java:logAndReturn(94)) -   Response 0: c0e45f45-48a3-418c-b3ac-112e0491709c<-9af99ef4-a70d-4375-9c0d-594670c86eaa#0:FAIL-t2
2022-12-15 22:22:06,223 [c0e45f45-48a3-418c-b3ac-112e0491709c@group-D5DD31449DCD-LeaderElection12] INFO  impl.LeaderElection (LeaderElection.java:logAndReturn(94)) -   Response 1: c0e45f45-48a3-418c-b3ac-112e0491709c<-36e1593a-57cf-42fc-9e99-3bc8e6c88ec2#0:FAIL-t2
2022-12-15 22:22:06,225 [c0e45f45-48a3-418c-b3ac-112e0491709c@group-D5DD31449DCD-LeaderElection12] INFO  impl.LeaderElection (LeaderElection.java:askForVotes(314)) - c0e45f45-48a3-418c-b3ac-112e0491709c@group-D5DD31449DCD-LeaderElection12 ELECTION round 0: result REJECTED
2022-12-15 22:22:06,225 [c0e45f45-48a3-418c-b3ac-112e0491709c@group-D5DD31449DCD-LeaderElection12] INFO  server.RaftServer$Division (RaftServerImpl.java:setRole(321)) - c0e45f45-48a3-418c-b3ac-112e0491709c@group-D5DD31449DCD: changes role from CANDIDATE to FOLLOWER at term 2 for REJECTED
2022-12-15 22:22:06,225 [c0e45f45-48a3-418c-b3ac-112e0491709c@group-D5DD31449DCD-LeaderElection12] INFO  impl.RoleInfo (RoleInfo.java:shutdownLeaderElection(130)) - c0e45f45-48a3-418c-b3ac-112e0491709c: shutdown c0e45f45-48a3-418c-b3ac-112e0491709c@group-D5DD31449DCD-LeaderElection12
2022-12-15 22:22:06,225 [c0e45f45-48a3-418c-b3ac-112e0491709c@group-D5DD31449DCD-LeaderElection12] INFO  impl.RoleInfo (RoleInfo.java:updateAndGet(139)) - c0e45f45-48a3-418c-b3ac-112e0491709c: start c0e45f45-48a3-418c-b3ac-112e0491709c@group-D5DD31449DCD-FollowerState
2022-12-15 22:22:06,231 [c0e45f45-48a3-418c-b3ac-112e0491709c@group-D5DD31449DCD-FollowerState] INFO  server.RaftServerConfigKeys (ConfUtils.java:logFallback(53)) - raft.server.rpc.first-election.timeout.min = 5s (fallback to raft.server.rpc.timeout.min)
2022-12-15 22:22:06,231 [c0e45f45-48a3-418c-b3ac-112e0491709c@group-D5DD31449DCD-FollowerState] INFO  server.RaftServerConfigKeys (ConfUtils.java:logFallback(53)) - raft.server.rpc.first-election.timeout.max = 5200ms (fallback to raft.server.rpc.timeout.max)
2022-12-15 22:22:06,234 [grpc-default-executor-4] INFO  server.RaftServer$Division (RaftServerImpl.java:requestVote(1218)) - c0e45f45-48a3-418c-b3ac-112e0491709c@group-D5DD31449DCD: receive requestVote(ELECTION, 36e1593a-57cf-42fc-9e99-3bc8e6c88ec2, group-D5DD31449DCD, 2, (t:0, i:0))
2022-12-15 22:22:06,236 [grpc-default-executor-4] INFO  impl.VoteContext (VoteContext.java:log(49)) - c0e45f45-48a3-418c-b3ac-112e0491709c@group-D5DD31449DCD-FOLLOWER: reject ELECTION from 36e1593a-57cf-42fc-9e99-3bc8e6c88ec2: already has voted for c0e45f45-48a3-418c-b3ac-112e0491709c at current term 2
2022-12-15 22:22:06,237 [grpc-default-executor-4] INFO  server.RaftServer$Division (RaftServerImpl.java:requestVote(1251)) - c0e45f45-48a3-418c-b3ac-112e0491709c@group-D5DD31449DCD replies to ELECTION vote request: 36e1593a-57cf-42fc-9e99-3bc8e6c88ec2<-c0e45f45-48a3-418c-b3ac-112e0491709c#0:FAIL-t2. Peer's state: c0e45f45-48a3-418c-b3ac-112e0491709c@group-D5DD31449DCD:t2, leader=null, voted=c0e45f45-48a3-418c-b3ac-112e0491709c, raftlog=Memoized:c0e45f45-48a3-418c-b3ac-112e0491709c@group-D5DD31449DCD-SegmentedRaftLog:OPENED:c-1, conf=-1: peers:[9af99ef4-a70d-4375-9c0d-594670c86eaa|rpc:10.1.0.13:37969|dataStream:|priority:0|startupRole:FOLLOWER, 36e1593a-57cf-42fc-9e99-3bc8e6c88ec2|rpc:10.1.0.13:46439|dataStream:|priority:0|startupRole:FOLLOWER, c0e45f45-48a3-418c-b3ac-112e0491709c|rpc:10.1.0.13:40363|dataStream:|priority:1|startupRole:FOLLOWER]|listeners:[], old=null
2022-12-15 22:22:06,256 [36e1593a-57cf-42fc-9e99-3bc8e6c88ec2@group-D5DD31449DCD-LeaderElection13] INFO  impl.LeaderElection (LeaderElection.java:logAndReturn(90)) - 36e1593a-57cf-42fc-9e99-3bc8e6c88ec2@group-D5DD31449DCD-LeaderElection13: ELECTION REJECTED received 2 response(s) and 0 exception(s):
2022-12-15 22:22:06,256 [36e1593a-57cf-42fc-9e99-3bc8e6c88ec2@group-D5DD31449DCD-LeaderElection13] INFO  impl.LeaderElection (LeaderElection.java:logAndReturn(94)) -   Response 0: 36e1593a-57cf-42fc-9e99-3bc8e6c88ec2<-9af99ef4-a70d-4375-9c0d-594670c86eaa#0:FAIL-t2
2022-12-15 22:22:06,257 [36e1593a-57cf-42fc-9e99-3bc8e6c88ec2@group-D5DD31449DCD-LeaderElection13] INFO  impl.LeaderElection (LeaderElection.java:logAndReturn(94)) -   Response 1: 36e1593a-57cf-42fc-9e99-3bc8e6c88ec2<-c0e45f45-48a3-418c-b3ac-112e0491709c#0:FAIL-t2
2022-12-15 22:22:06,257 [36e1593a-57cf-42fc-9e99-3bc8e6c88ec2@group-D5DD31449DCD-LeaderElection13] INFO  impl.LeaderElection (LeaderElection.java:askForVotes(314)) - 36e1593a-57cf-42fc-9e99-3bc8e6c88ec2@group-D5DD31449DCD-LeaderElection13 ELECTION round 0: result REJECTED
2022-12-15 22:22:06,257 [36e1593a-57cf-42fc-9e99-3bc8e6c88ec2@group-D5DD31449DCD-LeaderElection13] INFO  server.RaftServer$Division (RaftServerImpl.java:setRole(321)) - 36e1593a-57cf-42fc-9e99-3bc8e6c88ec2@group-D5DD31449DCD: changes role from CANDIDATE to FOLLOWER at term 2 for REJECTED
2022-12-15 22:22:06,257 [36e1593a-57cf-42fc-9e99-3bc8e6c88ec2@group-D5DD31449DCD-LeaderElection13] INFO  impl.RoleInfo (RoleInfo.java:shutdownLeaderElection(130)) - 36e1593a-57cf-42fc-9e99-3bc8e6c88ec2: shutdown 36e1593a-57cf-42fc-9e99-3bc8e6c88ec2@group-D5DD31449DCD-LeaderElection13
2022-12-15 22:22:06,257 [36e1593a-57cf-42fc-9e99-3bc8e6c88ec2@group-D5DD31449DCD-LeaderElection13] INFO  impl.RoleInfo (RoleInfo.java:updateAndGet(139)) - 36e1593a-57cf-42fc-9e99-3bc8e6c88ec2: start 36e1593a-57cf-42fc-9e99-3bc8e6c88ec2@group-D5DD31449DCD-FollowerState
2022-12-15 22:22:06,260 [36e1593a-57cf-42fc-9e99-3bc8e6c88ec2@group-D5DD31449DCD-FollowerState] INFO  server.RaftServerConfigKeys (ConfUtils.java:logFallback(53)) - raft.server.rpc.first-election.timeout.min = 5s (fallback to raft.server.rpc.timeout.min)
2022-12-15 22:22:06,260 [36e1593a-57cf-42fc-9e99-3bc8e6c88ec2@group-D5DD31449DCD-FollowerState] INFO  server.RaftServerConfigKeys (ConfUtils.java:logFallback(53)) - raft.server.rpc.first-election.timeout.max = 5200ms (fallback to raft.server.rpc.timeout.max)
2022-12-15 22:22:06,281 [EventQueue-CommandQueueReportForCommandQueueReportHandler] WARN  events.EventQueue (EventQueue.java:fireEvent(216)) - No event handler registered for event TypedEvent{payloadType=DatanodeDetails, name='Datanode_Command_Queue_Updated'}
2022-12-15 22:22:06,296 [main] INFO  impl.MetricsSystemImpl (MetricsSystemImpl.java:init(158)) - XceiverClientMetrics metrics system started (again)
2022-12-15 22:22:06,429 [EventQueue-CommandQueueReportForCommandQueueReportHandler] WARN  events.EventQueue (EventQueue.java:fireEvent(216)) - No event handler registered for event TypedEvent{payloadType=DatanodeDetails, name='Datanode_Command_Queue_Updated'}
2022-12-15 22:22:06,839 [EventQueue-CommandQueueReportForCommandQueueReportHandler] WARN  events.EventQueue (EventQueue.java:fireEvent(216)) - No event handler registered for event TypedEvent{payloadType=DatanodeDetails, name='Datanode_Command_Queue_Updated'}
2022-12-15 22:22:06,854 [EventQueue-CommandQueueReportForCommandQueueReportHandler] WARN  events.EventQueue (EventQueue.java:fireEvent(216)) - No event handler registered for event TypedEvent{payloadType=DatanodeDetails, name='Datanode_Command_Queue_Updated'}
2022-12-15 22:22:06,869 [EventQueue-CommandQueueReportForCommandQueueReportHandler] WARN  events.EventQueue (EventQueue.java:fireEvent(216)) - No event handler registered for event TypedEvent{payloadType=DatanodeDetails, name='Datanode_Command_Queue_Updated'}
2022-12-15 22:22:06,877 [EventQueue-CommandQueueReportForCommandQueueReportHandler] WARN  events.EventQueue (EventQueue.java:fireEvent(216)) - No event handler registered for event TypedEvent{payloadType=DatanodeDetails, name='Datanode_Command_Queue_Updated'}
2022-12-15 22:22:06,878 [EventQueue-CommandQueueReportForCommandQueueReportHandler] WARN  events.EventQueue (EventQueue.java:fireEvent(216)) - No event handler registered for event TypedEvent{payloadType=DatanodeDetails, name='Datanode_Command_Queue_Updated'}
2022-12-15 22:22:07,101 [EventQueue-CommandQueueReportForCommandQueueReportHandler] WARN  events.EventQueue (EventQueue.java:fireEvent(216)) - No event handler registered for event TypedEvent{payloadType=DatanodeDetails, name='Datanode_Command_Queue_Updated'}
2022-12-15 22:22:07,110 [EventQueue-CommandQueueReportForCommandQueueReportHandler] WARN  events.EventQueue (EventQueue.java:fireEvent(216)) - No event handler registered for event TypedEvent{payloadType=DatanodeDetails, name='Datanode_Command_Queue_Updated'}
2022-12-15 22:22:07,112 [EventQueue-CommandQueueReportForCommandQueueReportHandler] WARN  events.EventQueue (EventQueue.java:fireEvent(216)) - No event handler registered for event TypedEvent{payloadType=DatanodeDetails, name='Datanode_Command_Queue_Updated'}
2022-12-15 22:22:07,123 [Listener at 0.0.0.0/35309] INFO  reflections.Reflections (Reflections.java:scan(232)) - Reflections took 1221 ms to scan 19 urls, producing 67 keys and 4459 values [using 2 cores]
2022-12-15 22:22:07,124 [Listener at 0.0.0.0/35309] INFO  ipc.CallQueueManager (CallQueueManager.java:<init>(90)) - Using callQueue: class java.util.concurrent.LinkedBlockingQueue, queueCapacity: 2000, scheduler: class org.apache.hadoop.ipc.DefaultRpcScheduler, ipcBackoff: false.
2022-12-15 22:22:07,133 [Socket Reader #1 for port 0] INFO  ipc.Server (Server.java:run(1273)) - Starting Socket Reader #1 for port 0
2022-12-15 22:22:07,154 [ReplicationMonitor] INFO  replication.ReplicationManager (ReplicationManager.java:processAll(327)) - Replication Manager is not ready to run until 3000ms after safemode exit
2022-12-15 22:22:07,203 [EventQueue-CommandQueueReportForCommandQueueReportHandler] WARN  events.EventQueue (EventQueue.java:fireEvent(216)) - No event handler registered for event TypedEvent{payloadType=DatanodeDetails, name='Datanode_Command_Queue_Updated'}
2022-12-15 22:22:07,205 [EventQueue-CommandQueueReportForCommandQueueReportHandler] WARN  events.EventQueue (EventQueue.java:fireEvent(216)) - No event handler registered for event TypedEvent{payloadType=DatanodeDetails, name='Datanode_Command_Queue_Updated'}
2022-12-15 22:22:07,213 [Over Replicated Processor] INFO  replication.OverReplicatedProcessor (OverReplicatedProcessor.java:processAll(79)) - Processed 0 over replicated containers, failed processing 0
2022-12-15 22:22:07,216 [Under Replicated Processor] INFO  replication.UnderReplicatedProcessor (UnderReplicatedProcessor.java:processAll(79)) - Processed 0 under replicated containers, failed processing 0
2022-12-15 22:22:07,218 [EventQueue-CommandQueueReportForCommandQueueReportHandler] WARN  events.EventQueue (EventQueue.java:fireEvent(216)) - No event handler registered for event TypedEvent{payloadType=DatanodeDetails, name='Datanode_Command_Queue_Updated'}
2022-12-15 22:22:07,227 [ReplicationMonitor] INFO  replication.ReplicationManager (ReplicationManager.java:processAll(360)) - Replication Monitor Thread took 11 milliseconds for processing 3 containers.
2022-12-15 22:22:07,248 [Listener at 127.0.0.1/41387] INFO  impl.MetricsSystemImpl (MetricsSystemImpl.java:init(158)) - OzoneManager metrics system started (again)
2022-12-15 22:22:07,281 [Listener at 127.0.0.1/41387] INFO  om.OzoneManager (OzoneManager.java:start(1484)) - OzoneManager RPC server is listening at localhost/127.0.0.1:41387
2022-12-15 22:22:07,281 [Listener at 127.0.0.1/41387] INFO  ratis.OzoneManagerRatisServer (OzoneManagerRatisServer.java:start(555)) - Starting OzoneManagerRatisServer om1 at port 46583
2022-12-15 22:22:07,281 [om1-impl-thread1] INFO  storage.RaftStorageDirectory (RaftStorageDirectoryImpl.java:analyzeStorage(137)) - The storage directory /home/runner/work/ozone/ozone/hadoop-ozone/integration-test/target/test-dir/MiniOzoneClusterImpl-c952205c-0de4-41d8-8615-baf19f81c5db/ozone-meta/ratis/bf265839-605b-3f16-9796-c5ba1605619e does not exist. Creating ...
2022-12-15 22:22:07,283 [om1-impl-thread1] INFO  storage.RaftStorageDirectory (RaftStorageDirectoryImpl.java:tryLock(231)) - Lock on /home/runner/work/ozone/ozone/hadoop-ozone/integration-test/target/test-dir/MiniOzoneClusterImpl-c952205c-0de4-41d8-8615-baf19f81c5db/ozone-meta/ratis/bf265839-605b-3f16-9796-c5ba1605619e/in_use.lock acquired by nodename 2635@fv-az83-67
2022-12-15 22:22:07,285 [om1-impl-thread1] INFO  storage.RaftStorage (RaftStorageImpl.java:format(96)) - Storage directory /home/runner/work/ozone/ozone/hadoop-ozone/integration-test/target/test-dir/MiniOzoneClusterImpl-c952205c-0de4-41d8-8615-baf19f81c5db/ozone-meta/ratis/bf265839-605b-3f16-9796-c5ba1605619e has been successfully formatted.
2022-12-15 22:22:07,286 [om1-impl-thread1] INFO  server.RaftServerConfigKeys (ConfUtils.java:logGet(46)) - raft.server.log.use.memory = false (default)
2022-12-15 22:22:07,286 [om1-impl-thread1] INFO  server.RaftServerConfigKeys (ConfUtils.java:logGet(46)) - raft.server.log.purge.gap = 1000000 (custom)
2022-12-15 22:22:07,286 [om1-impl-thread1] INFO  server.RaftServerConfigKeys (ConfUtils.java:logGet(46)) - raft.server.log.appender.buffer.byte-limit = 33554432 (custom)
2022-12-15 22:22:07,286 [om1-impl-thread1] INFO  server.RaftServerConfigKeys (ConfUtils.java:logGet(46)) - raft.server.log.statemachine.data.read.timeout = 1000ms (default)
2022-12-15 22:22:07,286 [om1-impl-thread1] INFO  server.RaftServerConfigKeys (ConfUtils.java:logGet(46)) - raft.server.log.purge.preservation.log.num = 0 (default)
2022-12-15 22:22:07,286 [om1-impl-thread1] INFO  server.RaftServerConfigKeys (ConfUtils.java:logGet(46)) - raft.server.log.segment.size.max = 4194304 (custom)
2022-12-15 22:22:07,287 [EventQueue-CommandQueueReportForCommandQueueReportHandler] WARN  events.EventQueue (EventQueue.java:fireEvent(216)) - No event handler registered for event TypedEvent{payloadType=DatanodeDetails, name='Datanode_Command_Queue_Updated'}
2022-12-15 22:22:07,287 [om1-impl-thread1] INFO  server.RaftServerConfigKeys (ConfUtils.java:logGet(46)) - raft.server.log.segment.cache.num.max = 2 (custom)
2022-12-15 22:22:07,287 [om1-impl-thread1] INFO  server.RaftServerConfigKeys (ConfUtils.java:logGet(46)) - raft.server.log.segment.cache.size.max = 200MB (=209715200) (default)
2022-12-15 22:22:07,288 [om1-impl-thread1] INFO  segmented.SegmentedRaftLogWorker (SegmentedRaftLogWorker.java:<init>(189)) - new om1@group-C5BA1605619E-SegmentedRaftLogWorker for RaftStorageImpl:Storage Directory /home/runner/work/ozone/ozone/hadoop-ozone/integration-test/target/test-dir/MiniOzoneClusterImpl-c952205c-0de4-41d8-8615-baf19f81c5db/ozone-meta/ratis/bf265839-605b-3f16-9796-c5ba1605619e
2022-12-15 22:22:07,289 [om1-impl-thread1] INFO  server.RaftServerConfigKeys (ConfUtils.java:logGet(46)) - raft.server.log.queue.byte-limit = 64MB (=67108864) (default)
2022-12-15 22:22:07,289 [om1-impl-thread1] INFO  server.RaftServerConfigKeys (ConfUtils.java:logGet(46)) - raft.server.log.queue.element-limit = 4096 (default)
2022-12-15 22:22:07,289 [om1-impl-thread1] INFO  server.RaftServerConfigKeys (ConfUtils.java:logGet(46)) - raft.server.log.segment.size.max = 4194304 (custom)
2022-12-15 22:22:07,289 [om1-impl-thread1] INFO  server.RaftServerConfigKeys (ConfUtils.java:logGet(46)) - raft.server.log.preallocated.size = 4194304 (custom)
2022-12-15 22:22:07,289 [om1-impl-thread1] INFO  server.RaftServerConfigKeys (ConfUtils.java:logGet(46)) - raft.server.log.force.sync.num = 128 (default)
2022-12-15 22:22:07,289 [om1-impl-thread1] INFO  server.RaftServerConfigKeys (ConfUtils.java:logGet(46)) - raft.server.log.statemachine.data.sync = true (default)
2022-12-15 22:22:07,289 [om1-impl-thread1] INFO  server.RaftServerConfigKeys (ConfUtils.java:logGet(46)) - raft.server.log.statemachine.data.sync.timeout = 10s (default)
2022-12-15 22:22:07,289 [om1-impl-thread1] INFO  server.RaftServerConfigKeys (ConfUtils.java:logGet(46)) - raft.server.log.statemachine.data.sync.timeout.retry = -1 (default)
2022-12-15 22:22:07,289 [om1-impl-thread1] INFO  server.RaftServerConfigKeys (ConfUtils.java:logGet(46)) - raft.server.log.write.buffer.size = 64KB (=65536) (default)
2022-12-15 22:22:07,289 [om1-impl-thread1] INFO  server.RaftServerConfigKeys (ConfUtils.java:logGet(46)) - raft.server.log.appender.buffer.byte-limit = 33554432 (custom)
2022-12-15 22:22:07,334 [om1-impl-thread1] INFO  server.RaftServerConfigKeys (ConfUtils.java:logGet(46)) - raft.server.log.unsafe-flush.enabled = false (default)
2022-12-15 22:22:07,335 [om1-impl-thread1] INFO  server.RaftServerConfigKeys (ConfUtils.java:logGet(46)) - raft.server.log.async-flush.enabled = false (default)
2022-12-15 22:22:07,335 [om1-impl-thread1] INFO  server.RaftServerConfigKeys (ConfUtils.java:logGet(46)) - raft.server.log.statemachine.data.caching.enabled = false (default)
2022-12-15 22:22:07,335 [om1-impl-thread1] INFO  segmented.SegmentedRaftLogWorker (SegmentedRaftLogWorker.java:lambda$new$0(135)) - om1@group-C5BA1605619E-SegmentedRaftLogWorker: flushIndex: setUnconditionally 0 -> -1
2022-12-15 22:22:07,335 [om1-impl-thread1] INFO  segmented.SegmentedRaftLogWorker (SegmentedRaftLogWorker.java:lambda$new$0(135)) - om1@group-C5BA1605619E-SegmentedRaftLogWorker: safeCacheEvictIndex: setUnconditionally 0 -> -1
2022-12-15 22:22:07,342 [om1-impl-thread1] INFO  server.RaftServer$Division (RaftServerImpl.java:start(334)) - om1@group-C5BA1605619E: start as a follower, conf=-1: peers:[om1|rpc:localhost:46583|priority:0|startupRole:FOLLOWER]|listeners:[], old=null
2022-12-15 22:22:07,343 [om1-impl-thread1] INFO  server.RaftServer$Division (RaftServerImpl.java:setRole(321)) - om1@group-C5BA1605619E: changes role from      null to FOLLOWER at term 0 for startAsFollower
2022-12-15 22:22:07,346 [om1-impl-thread1] INFO  impl.RoleInfo (RoleInfo.java:updateAndGet(139)) - om1: start om1@group-C5BA1605619E-FollowerState
2022-12-15 22:22:07,349 [om1-impl-thread1] ERROR util.JmxRegister (JmxRegister.java:tryRegister(40)) - Failed to register JMX Bean with name Ratis:service=RaftServer,group=group-C5BA1605619E,id=om1
javax.management.InstanceAlreadyExistsException: Ratis:service=RaftServer,group=group-C5BA1605619E,id=om1
	at com.sun.jmx.mbeanserver.Repository.addMBean(Repository.java:437)
	at com.sun.jmx.interceptor.DefaultMBeanServerInterceptor.registerWithRepository(DefaultMBeanServerInterceptor.java:1898)
	at com.sun.jmx.interceptor.DefaultMBeanServerInterceptor.registerDynamicMBean(DefaultMBeanServerInterceptor.java:966)
	at com.sun.jmx.interceptor.DefaultMBeanServerInterceptor.registerObject(DefaultMBeanServerInterceptor.java:900)
	at com.sun.jmx.interceptor.DefaultMBeanServerInterceptor.registerMBean(DefaultMBeanServerInterceptor.java:324)
	at com.sun.jmx.mbeanserver.JmxMBeanServer.registerMBean(JmxMBeanServer.java:522)
	at org.apache.ratis.util.JmxRegister.tryRegister(JmxRegister.java:38)
	at org.apache.ratis.util.JmxRegister.register(JmxRegister.java:56)
	at org.apache.ratis.server.impl.RaftServerImpl.registerMBean(RaftServerImpl.java:353)
	at org.apache.ratis.server.impl.RaftServerImpl.start(RaftServerImpl.java:344)
	at org.apache.ratis.util.ConcurrentUtils.accept(ConcurrentUtils.java:173)
	at org.apache.ratis.util.ConcurrentUtils.lambda$null$3(ConcurrentUtils.java:165)
	at java.util.concurrent.ThreadPoolExecutor.runWorker(ThreadPoolExecutor.java:1149)
	at java.util.concurrent.ThreadPoolExecutor$Worker.run(ThreadPoolExecutor.java:624)
	at java.lang.Thread.run(Thread.java:750)
2022-12-15 22:22:07,350 [om1-impl-thread1] INFO  util.JmxRegister (JmxRegister.java:tryRegister(44)) - Successfully registered JMX Bean with object name Ratis:service=RaftServer,group=group-C5BA1605619E,id="om1"
2022-12-15 22:22:07,351 [om1-impl-thread1] INFO  server.RaftServerConfigKeys (ConfUtils.java:logGet(46)) - raft.server.snapshot.auto.trigger.enabled = true (custom)
2022-12-15 22:22:07,351 [om1-impl-thread1] INFO  server.RaftServerConfigKeys (ConfUtils.java:logGet(46)) - raft.server.snapshot.auto.trigger.threshold = 400000 (default)
2022-12-15 22:22:07,351 [om1-impl-thread1] INFO  server.RaftServerConfigKeys (ConfUtils.java:logGet(46)) - raft.server.snapshot.retention.file.num = -1 (default)
2022-12-15 22:22:07,351 [om1-impl-thread1] INFO  server.RaftServerConfigKeys (ConfUtils.java:logGet(46)) - raft.server.log.purge.upto.snapshot.index = true (custom)
2022-12-15 22:22:07,353 [om1@group-C5BA1605619E-FollowerState] INFO  server.RaftServerConfigKeys (ConfUtils.java:logFallback(53)) - raft.server.rpc.first-election.timeout.min = 1s (fallback to raft.server.rpc.timeout.min)
2022-12-15 22:22:07,354 [om1@group-C5BA1605619E-FollowerState] INFO  server.RaftServerConfigKeys (ConfUtils.java:logFallback(53)) - raft.server.rpc.first-election.timeout.max = 1200ms (fallback to raft.server.rpc.timeout.max)
2022-12-15 22:22:07,365 [Listener at 127.0.0.1/41387] INFO  server.RaftServer (RaftServerProxy.java:startImpl(393)) - om1: start RPC server
2022-12-15 22:22:07,383 [Listener at 127.0.0.1/41387] INFO  server.GrpcService (GrpcService.java:startImpl(262)) - om1: GrpcService started, listening on 46583
2022-12-15 22:22:07,388 [Listener at 127.0.0.1/41387] INFO  om.OzoneManager (OzoneManager.java:start(1500)) - Version File has different layout version (3) than OM DB (null). That is expected if this OM has never been finalized to a newer layout version.
2022-12-15 22:22:07,390 [JvmPauseMonitor8] INFO  util.JvmPauseMonitor (JvmPauseMonitor.java:run(105)) - JvmPauseMonitor-om1: Started
2022-12-15 22:22:07,405 [Listener at 127.0.0.1/41387] INFO  http.BaseHttpServer (BaseHttpServer.java:newHttpServer2BuilderForOzone(213)) - Starting Web-server for ozoneManager at: http://0.0.0.0:0
2022-12-15 22:22:07,405 [Listener at 127.0.0.1/41387] INFO  http.BaseHttpServer (BaseHttpServer.java:<init>(108)) - Hadoop Security Enabled: false Ozone Security Enabled: false Ozone HTTP Security Enabled: false 
2022-12-15 22:22:07,406 [Listener at 127.0.0.1/41387] WARN  server.AuthenticationFilter (AuthenticationFilter.java:constructSecretProvider(240)) - Unable to initialize FileSignerSecretProvider, falling back to use random secrets. Reason: Could not read signature secret file: /home/runner/hadoop-http-auth-signature-secret
2022-12-15 22:22:07,407 [Listener at 127.0.0.1/41387] WARN  http.HttpRequestLog (HttpRequestLog.java:getRequestLog(103)) - Jetty request log can only be enabled using Log4j
2022-12-15 22:22:07,411 [Listener at 127.0.0.1/41387] INFO  http.HttpServer2 (HttpServer2.java:addGlobalFilter(1031)) - Added global filter 'safety' (class=org.apache.hadoop.hdds.server.http.HttpServer2$QuotingInputFilter)
2022-12-15 22:22:07,411 [Listener at 127.0.0.1/41387] INFO  http.HttpServer2 (HttpServer2.java:addFilter(1007)) - Added filter static_user_filter (class=org.apache.hadoop.http.lib.StaticUserWebFilter$StaticUserFilter) to context ozoneManager
2022-12-15 22:22:07,411 [Listener at 127.0.0.1/41387] INFO  http.HttpServer2 (HttpServer2.java:addFilter(1015)) - Added filter static_user_filter (class=org.apache.hadoop.http.lib.StaticUserWebFilter$StaticUserFilter) to context logs
2022-12-15 22:22:07,411 [Listener at 127.0.0.1/41387] INFO  http.HttpServer2 (HttpServer2.java:addFilter(1015)) - Added filter static_user_filter (class=org.apache.hadoop.http.lib.StaticUserWebFilter$StaticUserFilter) to context static
2022-12-15 22:22:07,412 [Listener at 127.0.0.1/41387] INFO  http.HttpServer2 (HttpServer2.java:bindListener(1250)) - Jetty bound to port 40987
2022-12-15 22:22:07,412 [Listener at 127.0.0.1/41387] INFO  server.Server (Server.java:doStart(375)) - jetty-9.4.49.v20220914; built: 2022-09-14T01:07:36.601Z; git: 4231a3b2e4cb8548a412a789936d640a97b1aa0a; jvm 1.8.0_352-b08
2022-12-15 22:22:07,426 [Listener at 127.0.0.1/41387] INFO  server.session (DefaultSessionIdManager.java:doStart(334)) - DefaultSessionIdManager workerName=node0
2022-12-15 22:22:07,426 [Listener at 127.0.0.1/41387] INFO  server.session (DefaultSessionIdManager.java:doStart(339)) - No SessionScavenger set, using defaults
2022-12-15 22:22:07,426 [Listener at 127.0.0.1/41387] INFO  server.session (HouseKeeper.java:startScavenging(132)) - node0 Scavenging every 660000ms
2022-12-15 22:22:07,428 [Listener at 127.0.0.1/41387] INFO  handler.ContextHandler (ContextHandler.java:doStart(921)) - Started o.e.j.s.ServletContextHandler@2672fbc8{logs,/logs,file:///home/runner/work/ozone/ozone/hadoop-ozone/integration-test/target/log,AVAILABLE}
2022-12-15 22:22:07,428 [Listener at 127.0.0.1/41387] INFO  handler.ContextHandler (ContextHandler.java:doStart(921)) - Started o.e.j.s.ServletContextHandler@464ab8c5{static,/static,file:///home/runner/work/ozone/ozone/hadoop-ozone/integration-test/target/test-classes/webapps/static,AVAILABLE}
2022-12-15 22:22:07,433 [EventQueue-CommandQueueReportForCommandQueueReportHandler] WARN  events.EventQueue (EventQueue.java:fireEvent(216)) - No event handler registered for event TypedEvent{payloadType=DatanodeDetails, name='Datanode_Command_Queue_Updated'}
2022-12-15 22:22:07,445 [Listener at 127.0.0.1/41387] INFO  handler.ContextHandler (ContextHandler.java:doStart(921)) - Started o.e.j.w.WebAppContext@c9d7846{ozoneManager,/,file:///home/runner/work/ozone/ozone/hadoop-ozone/integration-test/target/test-classes/webapps/ozoneManager/,AVAILABLE}{file:/home/runner/work/ozone/ozone/hadoop-ozone/integration-test/target/test-classes/webapps/ozoneManager}
2022-12-15 22:22:07,457 [Listener at 127.0.0.1/41387] INFO  server.AbstractConnector (AbstractConnector.java:doStart(333)) - Started ServerConnector@541fe1fb{HTTP/1.1, (http/1.1)}{0.0.0.0:40987}
2022-12-15 22:22:07,458 [Listener at 127.0.0.1/41387] INFO  server.Server (Server.java:doStart(415)) - Started @31172ms
2022-12-15 22:22:07,458 [Listener at 127.0.0.1/41387] WARN  impl.MetricsSystemImpl (MetricsSystemImpl.java:register(279)) - Sink prometheus already exists!
2022-12-15 22:22:07,470 [Listener at 127.0.0.1/41387] INFO  http.BaseHttpServer (BaseHttpServer.java:updateConnectorAddress(333)) - HTTP server of ozoneManager listening at http://0.0.0.0:40987
2022-12-15 22:22:07,472 [IPC Server Responder] INFO  ipc.Server (Server.java:run(1512)) - IPC Server Responder: starting
2022-12-15 22:22:07,475 [IPC Server listener on 0] INFO  ipc.Server (Server.java:run(1352)) - IPC Server listener on 0: starting
2022-12-15 22:22:07,520 [Listener at 127.0.0.1/41387] INFO  om.OzoneManager (OzoneManager.java:startTrashEmptier(1921)) - Trash Interval set to 0. Files deleted won't move to trash
2022-12-15 22:22:07,521 [org.apache.hadoop.util.JvmPauseMonitor$Monitor@697a350] INFO  util.JvmPauseMonitor (JvmPauseMonitor.java:run(188)) - Starting JVM pause monitor
2022-12-15 22:22:07,559 [Listener at 127.0.0.1/41387] WARN  impl.MetricRegistriesImpl (MetricRegistriesImpl.java:addReporterRegistration(111)) - New reporters are added after registries were created. Some metrics will be missing from the reporter. Please add reporter before adding any new registry.
2022-12-15 22:22:07,569 [Listener at 127.0.0.1/41387] WARN  impl.MetricRegistriesImpl (MetricRegistriesImpl.java:addReporterRegistration(111)) - New reporters are added after registries were created. Some metrics will be missing from the reporter. Please add reporter before adding any new registry.
2022-12-15 22:22:07,569 [Listener at 127.0.0.1/41387] INFO  impl.MetricsSystemImpl (MetricsSystemImpl.java:init(158)) - HddsDatanode metrics system started (again)
2022-12-15 22:22:07,657 [Listener at 127.0.0.1/41387] INFO  ozone.HddsDatanodeService (HddsDatanodeService.java:start(236)) - HddsDatanodeService host:fv-az83-67.pawgbth4qraerhbqawdeo1jfng.dx.internal.cloudapp.net ip:10.1.0.13
2022-12-15 22:22:07,730 [Listener at 127.0.0.1/41387] INFO  upgrade.AbstractLayoutVersionManager (AbstractLayoutVersionManager.java:init(83)) - Initializing Layout version manager with metadata layout = DATANODE_SCHEMA_V3 (version = 4), software layout = DATANODE_SCHEMA_V3 (version = 4)
2022-12-15 22:22:07,838 [EventQueue-CommandQueueReportForCommandQueueReportHandler] WARN  events.EventQueue (EventQueue.java:fireEvent(216)) - No event handler registered for event TypedEvent{payloadType=DatanodeDetails, name='Datanode_Command_Queue_Updated'}
2022-12-15 22:22:07,874 [EventQueue-CommandQueueReportForCommandQueueReportHandler] WARN  events.EventQueue (EventQueue.java:fireEvent(216)) - No event handler registered for event TypedEvent{payloadType=DatanodeDetails, name='Datanode_Command_Queue_Updated'}
2022-12-15 22:22:07,985 [Listener at 127.0.0.1/41387] INFO  reflections.Reflections (Reflections.java:scan(232)) - Reflections took 249 ms to scan 7 urls, producing 140 keys and 342 values 
2022-12-15 22:22:07,987 [Listener at 127.0.0.1/41387] INFO  statemachine.DatanodeStateMachine (DatanodeStateMachine.java:getEndPointTaskThreadPoolSize(249)) - Datanode State Machine Task Thread Pool size 2
2022-12-15 22:22:07,988 [Listener at 127.0.0.1/41387] INFO  volume.HddsVolume (HddsVolume.java:<init>(117)) - Creating HddsVolume: /home/runner/work/ozone/ozone/hadoop-ozone/integration-test/target/test-dir/MiniOzoneClusterImpl-c952205c-0de4-41d8-8615-baf19f81c5db/datanode-0/data-0/containers/hdds of storage type : DISK capacity : 9223372036854775807
2022-12-15 22:22:07,989 [Listener at 127.0.0.1/41387] INFO  volume.MutableVolumeSet (MutableVolumeSet.java:initializeVolumeSet(174)) - Added Volume : /home/runner/work/ozone/ozone/hadoop-ozone/integration-test/target/test-dir/MiniOzoneClusterImpl-c952205c-0de4-41d8-8615-baf19f81c5db/datanode-0/data-0/containers/hdds to VolumeSet
2022-12-15 22:22:07,989 [Listener at 127.0.0.1/41387] INFO  volume.ThrottledAsyncChecker (ThrottledAsyncChecker.java:schedule(141)) - Scheduling a check for /home/runner/work/ozone/ozone/hadoop-ozone/integration-test/target/test-dir/MiniOzoneClusterImpl-c952205c-0de4-41d8-8615-baf19f81c5db/datanode-0/data-0/containers/hdds
2022-12-15 22:22:08,024 [Listener at 127.0.0.1/41387] INFO  volume.StorageVolumeChecker (StorageVolumeChecker.java:checkAllVolumes(202)) - Scheduled health check for volume /home/runner/work/ozone/ozone/hadoop-ozone/integration-test/target/test-dir/MiniOzoneClusterImpl-c952205c-0de4-41d8-8615-baf19f81c5db/datanode-0/data-0/containers/hdds
2022-12-15 22:22:08,095 [Listener at 127.0.0.1/41387] INFO  volume.MutableVolumeSet (MutableVolumeSet.java:initializeVolumeSet(174)) - Added Volume : /home/runner/work/ozone/ozone/hadoop-ozone/integration-test/target/test-dir/MiniOzoneClusterImpl-c952205c-0de4-41d8-8615-baf19f81c5db/datanode-0/data/ratis to VolumeSet
2022-12-15 22:22:08,095 [Listener at 127.0.0.1/41387] INFO  volume.ThrottledAsyncChecker (ThrottledAsyncChecker.java:schedule(141)) - Scheduling a check for /home/runner/work/ozone/ozone/hadoop-ozone/integration-test/target/test-dir/MiniOzoneClusterImpl-c952205c-0de4-41d8-8615-baf19f81c5db/datanode-0/data/ratis
2022-12-15 22:22:08,096 [Listener at 127.0.0.1/41387] INFO  volume.StorageVolumeChecker (StorageVolumeChecker.java:checkAllVolumes(202)) - Scheduled health check for volume /home/runner/work/ozone/ozone/hadoop-ozone/integration-test/target/test-dir/MiniOzoneClusterImpl-c952205c-0de4-41d8-8615-baf19f81c5db/datanode-0/data/ratis
2022-12-15 22:22:08,137 [Thread-508] INFO  ozoneimpl.ContainerReader (ContainerReader.java:readVolume(175)) - Finish verifying containers on volume /home/runner/work/ozone/ozone/hadoop-ozone/integration-test/target/test-dir/MiniOzoneClusterImpl-c952205c-0de4-41d8-8615-baf19f81c5db/datanode-0/data-0/containers/hdds
2022-12-15 22:22:08,138 [Listener at 127.0.0.1/41387] INFO  ozoneimpl.OzoneContainer (OzoneContainer.java:buildContainerSet(301)) - Build ContainerSet costs 0s
2022-12-15 22:22:08,140 [Listener at 127.0.0.1/41387] INFO  server.RaftServer (ConfUtils.java:logGet(46)) - raft.rpc.type = GRPC (default)
2022-12-15 22:22:08,140 [Listener at 127.0.0.1/41387] INFO  grpc.GrpcConfigKeys (ConfUtils.java:logFallback(53)) - raft.grpc.admin.host = null (fallback to raft.grpc.server.host)
2022-12-15 22:22:08,141 [Listener at 127.0.0.1/41387] INFO  grpc.GrpcConfigKeys (ConfUtils.java:logGet(46)) - raft.grpc.admin.port = 0 (custom)
2022-12-15 22:22:08,141 [Listener at 127.0.0.1/41387] INFO  grpc.GrpcConfigKeys (ConfUtils.java:logFallback(53)) - raft.grpc.client.host = null (fallback to raft.grpc.server.host)
2022-12-15 22:22:08,141 [Listener at 127.0.0.1/41387] INFO  grpc.GrpcConfigKeys (ConfUtils.java:logGet(46)) - raft.grpc.client.port = 0 (custom)
2022-12-15 22:22:08,141 [Listener at 127.0.0.1/41387] INFO  grpc.GrpcConfigKeys (ConfUtils.java:logGet(46)) - raft.grpc.server.host = null (default)
2022-12-15 22:22:08,141 [Listener at 127.0.0.1/41387] INFO  grpc.GrpcConfigKeys (ConfUtils.java:logGet(46)) - raft.grpc.server.port = 0 (default)
2022-12-15 22:22:08,141 [Listener at 127.0.0.1/41387] INFO  server.GrpcService (ConfUtils.java:logGet(46)) - raft.grpc.message.size.max = 32MB (=33554432) (custom)
2022-12-15 22:22:08,141 [Listener at 127.0.0.1/41387] INFO  server.RaftServerConfigKeys (ConfUtils.java:logGet(46)) - raft.server.log.appender.buffer.byte-limit = 33554432 (custom)
2022-12-15 22:22:08,141 [Listener at 127.0.0.1/41387] INFO  server.GrpcService (ConfUtils.java:logGet(46)) - raft.grpc.flow.control.window = 5MB (=5242880) (custom)
2022-12-15 22:22:08,141 [Listener at 127.0.0.1/41387] INFO  server.RaftServerConfigKeys (ConfUtils.java:logGet(46)) - raft.server.rpc.request.timeout = 60s (custom)
2022-12-15 22:22:08,142 [Listener at 127.0.0.1/41387] INFO  grpc.GrpcConfigKeys (ConfUtils.java:logGet(46)) - raft.grpc.server.heartbeat.channel = true (default)
2022-12-15 22:22:08,142 [Listener at 127.0.0.1/41387] INFO  grpc.GrpcConfigKeys (ConfUtils.java:logGet(46)) - raft.grpc.server.async.request.thread.pool.cached = true (default)
2022-12-15 22:22:08,142 [Listener at 127.0.0.1/41387] INFO  grpc.GrpcConfigKeys (ConfUtils.java:logGet(46)) - raft.grpc.server.async.request.thread.pool.size = 32 (default)
2022-12-15 22:22:08,143 [Listener at 127.0.0.1/41387] INFO  impl.DataStreamServerImpl (ConfUtils.java:logGet(46)) - raft.datastream.type = DISABLED (default)
2022-12-15 22:22:08,144 [Listener at 127.0.0.1/41387] INFO  server.RaftServerConfigKeys (ConfUtils.java:logGet(46)) - raft.server.threadpool.proxy.cached = true (default)
2022-12-15 22:22:08,144 [Listener at 127.0.0.1/41387] INFO  server.RaftServerConfigKeys (ConfUtils.java:logGet(46)) - raft.server.threadpool.proxy.size = 0 (default)
2022-12-15 22:22:08,144 [Listener at 127.0.0.1/41387] INFO  server.RaftServerConfigKeys (ConfUtils.java:logGet(46)) - raft.server.rpc.slowness.timeout = 300s (custom)
2022-12-15 22:22:08,144 [Listener at 127.0.0.1/41387] INFO  server.RaftServerConfigKeys (ConfUtils.java:logGet(46)) - raft.server.leaderelection.leader.step-down.wait-time = 10s (default)
2022-12-15 22:22:08,144 [Listener at 127.0.0.1/41387] INFO  server.RaftServerConfigKeys (ConfUtils.java:logGet(46)) - raft.server.storage.dir = [/home/runner/work/ozone/ozone/hadoop-ozone/integration-test/target/test-dir/MiniOzoneClusterImpl-c952205c-0de4-41d8-8615-baf19f81c5db/datanode-0/data/ratis] (custom)
2022-12-15 22:22:08,145 [Listener at 127.0.0.1/41387] INFO  server.XceiverServerGrpc (XceiverServerGrpc.java:<init>(132)) - GrpcServer channel type EpollServerSocketChannel
2022-12-15 22:22:08,149 [Listener at 127.0.0.1/41387] INFO  http.BaseHttpServer (BaseHttpServer.java:newHttpServer2BuilderForOzone(213)) - Starting Web-server for hddsDatanode at: http://0.0.0.0:0
2022-12-15 22:22:08,149 [Listener at 127.0.0.1/41387] INFO  http.BaseHttpServer (BaseHttpServer.java:<init>(108)) - Hadoop Security Enabled: false Ozone Security Enabled: false Ozone HTTP Security Enabled: false 
2022-12-15 22:22:08,151 [Listener at 127.0.0.1/41387] WARN  server.AuthenticationFilter (AuthenticationFilter.java:constructSecretProvider(240)) - Unable to initialize FileSignerSecretProvider, falling back to use random secrets. Reason: Could not read signature secret file: /home/runner/hadoop-http-auth-signature-secret
2022-12-15 22:22:08,151 [Listener at 127.0.0.1/41387] WARN  http.HttpRequestLog (HttpRequestLog.java:getRequestLog(103)) - Jetty request log can only be enabled using Log4j
2022-12-15 22:22:08,152 [Listener at 127.0.0.1/41387] INFO  http.HttpServer2 (HttpServer2.java:addGlobalFilter(1031)) - Added global filter 'safety' (class=org.apache.hadoop.hdds.server.http.HttpServer2$QuotingInputFilter)
2022-12-15 22:22:08,153 [Listener at 127.0.0.1/41387] INFO  http.HttpServer2 (HttpServer2.java:addFilter(1007)) - Added filter static_user_filter (class=org.apache.hadoop.http.lib.StaticUserWebFilter$StaticUserFilter) to context hddsDatanode
2022-12-15 22:22:08,153 [Listener at 127.0.0.1/41387] INFO  http.HttpServer2 (HttpServer2.java:addFilter(1015)) - Added filter static_user_filter (class=org.apache.hadoop.http.lib.StaticUserWebFilter$StaticUserFilter) to context logs
2022-12-15 22:22:08,153 [Listener at 127.0.0.1/41387] INFO  http.HttpServer2 (HttpServer2.java:addFilter(1015)) - Added filter static_user_filter (class=org.apache.hadoop.http.lib.StaticUserWebFilter$StaticUserFilter) to context static
2022-12-15 22:22:08,154 [ReplicationMonitor] INFO  replication.ReplicationManager (ReplicationManager.java:processAll(327)) - Replication Manager is not ready to run until 3000ms after safemode exit
2022-12-15 22:22:08,155 [Listener at 127.0.0.1/41387] INFO  http.HttpServer2 (HttpServer2.java:bindListener(1250)) - Jetty bound to port 42613
2022-12-15 22:22:08,155 [Listener at 127.0.0.1/41387] INFO  server.Server (Server.java:doStart(375)) - jetty-9.4.49.v20220914; built: 2022-09-14T01:07:36.601Z; git: 4231a3b2e4cb8548a412a789936d640a97b1aa0a; jvm 1.8.0_352-b08
2022-12-15 22:22:08,200 [Listener at 127.0.0.1/41387] INFO  server.session (DefaultSessionIdManager.java:doStart(334)) - DefaultSessionIdManager workerName=node0
2022-12-15 22:22:08,200 [Listener at 127.0.0.1/41387] INFO  server.session (DefaultSessionIdManager.java:doStart(339)) - No SessionScavenger set, using defaults
2022-12-15 22:22:08,200 [Listener at 127.0.0.1/41387] INFO  server.session (HouseKeeper.java:startScavenging(132)) - node0 Scavenging every 660000ms
2022-12-15 22:22:08,203 [EventQueue-CommandQueueReportForCommandQueueReportHandler] WARN  events.EventQueue (EventQueue.java:fireEvent(216)) - No event handler registered for event TypedEvent{payloadType=DatanodeDetails, name='Datanode_Command_Queue_Updated'}
2022-12-15 22:22:08,204 [EventQueue-CommandQueueReportForCommandQueueReportHandler] WARN  events.EventQueue (EventQueue.java:fireEvent(216)) - No event handler registered for event TypedEvent{payloadType=DatanodeDetails, name='Datanode_Command_Queue_Updated'}
2022-12-15 22:22:08,208 [Listener at 127.0.0.1/41387] INFO  handler.ContextHandler (ContextHandler.java:doStart(921)) - Started o.e.j.s.ServletContextHandler@3c03d625{logs,/logs,file:///home/runner/work/ozone/ozone/hadoop-ozone/integration-test/target/log,AVAILABLE}
2022-12-15 22:22:08,209 [Listener at 127.0.0.1/41387] INFO  handler.ContextHandler (ContextHandler.java:doStart(921)) - Started o.e.j.s.ServletContextHandler@5a663dd1{static,/static,jar:file:/home/runner/.m2/repository/org/apache/ozone/hdds-container-service/1.3.0-SNAPSHOT/hdds-container-service-1.3.0-SNAPSHOT.jar!/webapps/static,AVAILABLE}
2022-12-15 22:22:08,221 [Under Replicated Processor] INFO  replication.UnderReplicatedProcessor (UnderReplicatedProcessor.java:processAll(79)) - Processed 0 under replicated containers, failed processing 0
2022-12-15 22:22:08,228 [ReplicationMonitor] INFO  replication.ReplicationManager (ReplicationManager.java:processAll(360)) - Replication Monitor Thread took 0 milliseconds for processing 3 containers.
2022-12-15 22:22:08,230 [Over Replicated Processor] INFO  replication.OverReplicatedProcessor (OverReplicatedProcessor.java:processAll(79)) - Processed 0 over replicated containers, failed processing 0
2022-12-15 22:22:08,231 [EventQueue-CommandQueueReportForCommandQueueReportHandler] WARN  events.EventQueue (EventQueue.java:fireEvent(216)) - No event handler registered for event TypedEvent{payloadType=DatanodeDetails, name='Datanode_Command_Queue_Updated'}
2022-12-15 22:22:08,281 [EventQueue-CommandQueueReportForCommandQueueReportHandler] WARN  events.EventQueue (EventQueue.java:fireEvent(216)) - No event handler registered for event TypedEvent{payloadType=DatanodeDetails, name='Datanode_Command_Queue_Updated'}
2022-12-15 22:22:08,437 [EventQueue-CommandQueueReportForCommandQueueReportHandler] WARN  events.EventQueue (EventQueue.java:fireEvent(216)) - No event handler registered for event TypedEvent{payloadType=DatanodeDetails, name='Datanode_Command_Queue_Updated'}
2022-12-15 22:22:08,530 [om1@group-C5BA1605619E-FollowerState] INFO  impl.FollowerState (FollowerState.java:run(143)) - om1@group-C5BA1605619E-FollowerState: change to CANDIDATE, lastRpcElapsedTime:1184744331ns, electionTimeout:1175ms
2022-12-15 22:22:08,530 [om1@group-C5BA1605619E-FollowerState] INFO  impl.RoleInfo (RoleInfo.java:shutdownFollowerState(110)) - om1: shutdown om1@group-C5BA1605619E-FollowerState
2022-12-15 22:22:08,531 [om1@group-C5BA1605619E-FollowerState] INFO  server.RaftServer$Division (RaftServerImpl.java:setRole(321)) - om1@group-C5BA1605619E: changes role from  FOLLOWER to CANDIDATE at term 0 for changeToCandidate
2022-12-15 22:22:08,531 [om1@group-C5BA1605619E-FollowerState] INFO  server.RaftServerConfigKeys (ConfUtils.java:logGet(46)) - raft.server.leaderelection.pre-vote = false (custom)
2022-12-15 22:22:08,531 [om1@group-C5BA1605619E-FollowerState] INFO  impl.RoleInfo (RoleInfo.java:updateAndGet(139)) - om1: start om1@group-C5BA1605619E-LeaderElection15
2022-12-15 22:22:08,558 [om1@group-C5BA1605619E-LeaderElection15] INFO  impl.LeaderElection (LeaderElection.java:askForVotes(312)) - om1@group-C5BA1605619E-LeaderElection15 ELECTION round 0: submit vote requests at term 1 for -1: peers:[om1|rpc:localhost:46583|priority:0|startupRole:FOLLOWER]|listeners:[], old=null
2022-12-15 22:22:08,558 [om1@group-C5BA1605619E-LeaderElection15] INFO  impl.LeaderElection (LeaderElection.java:askForVotes(314)) - om1@group-C5BA1605619E-LeaderElection15 ELECTION round 0: result PASSED (term=1)
2022-12-15 22:22:08,558 [om1@group-C5BA1605619E-LeaderElection15] INFO  impl.RoleInfo (RoleInfo.java:shutdownLeaderElection(130)) - om1: shutdown om1@group-C5BA1605619E-LeaderElection15
2022-12-15 22:22:08,558 [om1@group-C5BA1605619E-LeaderElection15] INFO  server.RaftServer$Division (RaftServerImpl.java:setRole(321)) - om1@group-C5BA1605619E: changes role from CANDIDATE to LEADER at term 1 for changeToLeader
2022-12-15 22:22:08,558 [om1@group-C5BA1605619E-LeaderElection15] INFO  server.RaftServer$Division (ServerState.java:setLeader(313)) - om1@group-C5BA1605619E: change Leader from null to om1 at term 1 for becomeLeader, leader elected after 2647ms
2022-12-15 22:22:08,558 [om1@group-C5BA1605619E-LeaderElection15] INFO  server.RaftServerConfigKeys (ConfUtils.java:logGet(46)) - raft.server.staging.catchup.gap = 1000 (default)
2022-12-15 22:22:08,558 [om1@group-C5BA1605619E-LeaderElection15] INFO  server.RaftServerConfigKeys (ConfUtils.java:logGet(46)) - raft.server.write.element-limit = 4096 (default)
2022-12-15 22:22:08,558 [om1@group-C5BA1605619E-LeaderElection15] INFO  server.RaftServerConfigKeys (ConfUtils.java:logGet(46)) - raft.server.write.byte-limit = 64MB (=67108864) (default)
2022-12-15 22:22:08,559 [om1@group-C5BA1605619E-LeaderElection15] INFO  server.RaftServerConfigKeys (ConfUtils.java:logGet(46)) - raft.server.watch.timeout = 10s (default)
2022-12-15 22:22:08,559 [om1@group-C5BA1605619E-LeaderElection15] INFO  server.RaftServerConfigKeys (ConfUtils.java:logGet(46)) - raft.server.watch.timeout.denomination = 1s (default)
2022-12-15 22:22:08,559 [om1@group-C5BA1605619E-LeaderElection15] INFO  server.RaftServerConfigKeys (ConfUtils.java:logGet(46)) - raft.server.watch.element-limit = 65536 (default)
2022-12-15 22:22:08,559 [om1@group-C5BA1605619E-LeaderElection15] INFO  server.RaftServerConfigKeys (ConfUtils.java:logGet(46)) - raft.server.write.element-limit = 4096 (default)
2022-12-15 22:22:08,559 [om1@group-C5BA1605619E-LeaderElection15] INFO  server.RaftServerConfigKeys (ConfUtils.java:logGet(46)) - raft.server.write.follower.gap.ratio.max = -1.0 (default)
2022-12-15 22:22:08,559 [om1@group-C5BA1605619E-LeaderElection15] INFO  impl.RoleInfo (RoleInfo.java:updateAndGet(139)) - om1: start om1@group-C5BA1605619E-LeaderStateImpl
2022-12-15 22:22:08,559 [om1@group-C5BA1605619E-LeaderElection15] INFO  segmented.SegmentedRaftLogWorker (SegmentedRaftLogWorker.java:startLogSegment(452)) - om1@group-C5BA1605619E-SegmentedRaftLogWorker: Starting segment from index:0
2022-12-15 22:22:08,572 [IPC Server handler 10 on default port 37919] INFO  pipeline.PipelineStateManagerImpl (PipelineStateManagerImpl.java:addPipeline(103)) - Created pipeline Pipeline[ Id: a30a131b-c483-4934-bb85-a0dbe401b2ae, Nodes: 30cdbfed-5eb6-4d94-b03b-823178923405{ip: 10.1.0.13, host: fv-az83-67.pawgbth4qraerhbqawdeo1jfng.dx.internal.cloudapp.net, ports: [REPLICATION=35121, RATIS=40489, RATIS_ADMIN=40489, RATIS_SERVER=40489, STANDALONE=36205], networkLocation: /default-rack, certSerialId: null, persistedOpState: null, persistedOpStateExpiryEpochSec: 0}1e86e54b-7ea4-4ffe-a764-33ccb592660f{ip: 10.1.0.13, host: fv-az83-67.pawgbth4qraerhbqawdeo1jfng.dx.internal.cloudapp.net, ports: [REPLICATION=41383, RATIS=45413, RATIS_ADMIN=45413, RATIS_SERVER=45413, STANDALONE=39139], networkLocation: /default-rack, certSerialId: null, persistedOpState: null, persistedOpStateExpiryEpochSec: 0}8742ce53-ec43-4b5d-92fb-ca295b19fdac{ip: 10.1.0.13, host: fv-az83-67.pawgbth4qraerhbqawdeo1jfng.dx.internal.cloudapp.net, ports: [REPLICATION=42995, RATIS=44977, RATIS_ADMIN=44977, RATIS_SERVER=44977, STANDALONE=39581], networkLocation: /default-rack, certSerialId: null, persistedOpState: null, persistedOpStateExpiryEpochSec: 0}9af99ef4-a70d-4375-9c0d-594670c86eaa{ip: 10.1.0.13, host: fv-az83-67.pawgbth4qraerhbqawdeo1jfng.dx.internal.cloudapp.net, ports: [REPLICATION=37293, RATIS=37969, RATIS_ADMIN=37969, RATIS_SERVER=37969, STANDALONE=45841], networkLocation: /default-rack, certSerialId: null, persistedOpState: null, persistedOpStateExpiryEpochSec: 0}e0198350-5a80-4cc9-b4d4-fe7f34161fcd{ip: 10.1.0.13, host: fv-az83-67.pawgbth4qraerhbqawdeo1jfng.dx.internal.cloudapp.net, ports: [REPLICATION=33725, RATIS=33167, RATIS_ADMIN=33167, RATIS_SERVER=33167, STANDALONE=40941], networkLocation: /default-rack, certSerialId: null, persistedOpState: null, persistedOpStateExpiryEpochSec: 0}, ReplicationConfig: EC/ECReplicationConfig{data=3, parity=2, ecChunkSize=1048576, codec=rs}, State:ALLOCATED, leaderId:, CreationTimestamp2022-12-15T22:22:08.563Z[Etc/UTC]].
2022-12-15 22:22:08,586 [om1@group-C5BA1605619E-SegmentedRaftLogWorker] INFO  segmented.SegmentedRaftLogWorker (SegmentedRaftLogWorker.java:execute(656)) - om1@group-C5BA1605619E-SegmentedRaftLogWorker: created new log segment /home/runner/work/ozone/ozone/hadoop-ozone/integration-test/target/test-dir/MiniOzoneClusterImpl-c952205c-0de4-41d8-8615-baf19f81c5db/ozone-meta/ratis/bf265839-605b-3f16-9796-c5ba1605619e/current/log_inprogress_0
2022-12-15 22:22:08,587 [IPC Server handler 10 on default port 37919] INFO  pipeline.PipelineManagerImpl (PipelineManagerImpl.java:openPipeline(367)) - Pipeline Pipeline[ Id: a30a131b-c483-4934-bb85-a0dbe401b2ae, Nodes: 30cdbfed-5eb6-4d94-b03b-823178923405{ip: 10.1.0.13, host: fv-az83-67.pawgbth4qraerhbqawdeo1jfng.dx.internal.cloudapp.net, ports: [REPLICATION=35121, RATIS=40489, RATIS_ADMIN=40489, RATIS_SERVER=40489, STANDALONE=36205], networkLocation: /default-rack, certSerialId: null, persistedOpState: null, persistedOpStateExpiryEpochSec: 0}1e86e54b-7ea4-4ffe-a764-33ccb592660f{ip: 10.1.0.13, host: fv-az83-67.pawgbth4qraerhbqawdeo1jfng.dx.internal.cloudapp.net, ports: [REPLICATION=41383, RATIS=45413, RATIS_ADMIN=45413, RATIS_SERVER=45413, STANDALONE=39139], networkLocation: /default-rack, certSerialId: null, persistedOpState: null, persistedOpStateExpiryEpochSec: 0}8742ce53-ec43-4b5d-92fb-ca295b19fdac{ip: 10.1.0.13, host: fv-az83-67.pawgbth4qraerhbqawdeo1jfng.dx.internal.cloudapp.net, ports: [REPLICATION=42995, RATIS=44977, RATIS_ADMIN=44977, RATIS_SERVER=44977, STANDALONE=39581], networkLocation: /default-rack, certSerialId: null, persistedOpState: null, persistedOpStateExpiryEpochSec: 0}9af99ef4-a70d-4375-9c0d-594670c86eaa{ip: 10.1.0.13, host: fv-az83-67.pawgbth4qraerhbqawdeo1jfng.dx.internal.cloudapp.net, ports: [REPLICATION=37293, RATIS=37969, RATIS_ADMIN=37969, RATIS_SERVER=37969, STANDALONE=45841], networkLocation: /default-rack, certSerialId: null, persistedOpState: null, persistedOpStateExpiryEpochSec: 0}e0198350-5a80-4cc9-b4d4-fe7f34161fcd{ip: 10.1.0.13, host: fv-az83-67.pawgbth4qraerhbqawdeo1jfng.dx.internal.cloudapp.net, ports: [REPLICATION=33725, RATIS=33167, RATIS_ADMIN=33167, RATIS_SERVER=33167, STANDALONE=40941], networkLocation: /default-rack, certSerialId: null, persistedOpState: null, persistedOpStateExpiryEpochSec: 0}, ReplicationConfig: EC/ECReplicationConfig{data=3, parity=2, ecChunkSize=1048576, codec=rs}, State:ALLOCATED, leaderId:, CreationTimestamp2022-12-15T22:22:08.563Z[Etc/UTC]] moved to OPEN state
2022-12-15 22:22:08,587 [om1@group-C5BA1605619E-LeaderElection15] INFO  server.RaftServer$Division (ServerState.java:setRaftConf(430)) - om1@group-C5BA1605619E: set configuration 0: peers:[om1|rpc:localhost:46583|admin:|client:|dataStream:|priority:0|startupRole:FOLLOWER]|listeners:[], old=null
2022-12-15 22:22:08,592 [om1@group-C5BA1605619E-StateMachineUpdater] INFO  ratis.OzoneManagerStateMachine (OzoneManagerStateMachine.java:notifyConfigurationChanged(192)) - Received Configuration change notification from Ratis. New Peer list:
[id: "om1"
address: "localhost:46583"
startupRole: FOLLOWER
]
2022-12-15 22:22:08,662 [main] WARN  erasurecode.ErasureCodeNative (ErasureCodeNative.java:<clinit>(55)) - ISA-L support is not available in your platform... using builtin-java codec where applicable
2022-12-15 22:22:08,734 [Listener at 127.0.0.1/41387] INFO  handler.ContextHandler (ContextHandler.java:doStart(921)) - Started o.e.j.w.WebAppContext@3d80be06{hddsDatanode,/,file:///tmp/jetty-0_0_0_0-42613-hdds-container-service-1_3_0-SNAPSHOT_jar-_-any-6454020936972536387/webapp/,AVAILABLE}{jar:file:/home/runner/.m2/repository/org/apache/ozone/hdds-container-service/1.3.0-SNAPSHOT/hdds-container-service-1.3.0-SNAPSHOT.jar!/webapps/hddsDatanode}
2022-12-15 22:22:08,739 [Listener at 127.0.0.1/41387] INFO  server.AbstractConnector (AbstractConnector.java:doStart(333)) - Started ServerConnector@65d86d01{HTTP/1.1, (http/1.1)}{0.0.0.0:42613}
2022-12-15 22:22:08,739 [Listener at 127.0.0.1/41387] INFO  server.Server (Server.java:doStart(415)) - Started @32453ms
2022-12-15 22:22:08,739 [Listener at 127.0.0.1/41387] WARN  impl.MetricsSystemImpl (MetricsSystemImpl.java:register(279)) - Sink prometheus already exists!
2022-12-15 22:22:08,740 [Listener at 127.0.0.1/41387] INFO  http.BaseHttpServer (BaseHttpServer.java:updateConnectorAddress(333)) - HTTP server of hddsDatanode listening at http://0.0.0.0:42613
2022-12-15 22:22:08,740 [Listener at 127.0.0.1/41387] WARN  impl.MetricRegistriesImpl (MetricRegistriesImpl.java:addReporterRegistration(111)) - New reporters are added after registries were created. Some metrics will be missing from the reporter. Please add reporter before adding any new registry.
2022-12-15 22:22:08,740 [Listener at 127.0.0.1/41387] WARN  impl.MetricRegistriesImpl (MetricRegistriesImpl.java:addReporterRegistration(111)) - New reporters are added after registries were created. Some metrics will be missing from the reporter. Please add reporter before adding any new registry.
2022-12-15 22:22:08,741 [Listener at 127.0.0.1/41387] INFO  impl.MetricsSystemImpl (MetricsSystemImpl.java:init(158)) - HddsDatanode metrics system started (again)
2022-12-15 22:22:08,747 [Datanode State Machine Daemon Thread] INFO  statemachine.DatanodeStateMachine (DatanodeStateMachine.java:lambda$startDaemon$0(509)) - Ozone container server started.
2022-12-15 22:22:08,760 [org.apache.hadoop.util.JvmPauseMonitor$Monitor@75853758] INFO  util.JvmPauseMonitor (JvmPauseMonitor.java:run(188)) - Starting JVM pause monitor
2022-12-15 22:22:08,770 [Listener at 127.0.0.1/41387] INFO  ozone.HddsDatanodeService (HddsDatanodeService.java:start(236)) - HddsDatanodeService host:fv-az83-67.pawgbth4qraerhbqawdeo1jfng.dx.internal.cloudapp.net ip:10.1.0.13
2022-12-15 22:22:08,776 [Datanode State Machine Task Thread - 0] INFO  datanode.InitDatanodeState (InitDatanodeState.java:persistContainerDatanodeDetails(138)) - DatanodeDetails is persisted to /home/runner/work/ozone/ozone/hadoop-ozone/integration-test/target/test-dir/MiniOzoneClusterImpl-c952205c-0de4-41d8-8615-baf19f81c5db/datanode-0/meta/datanode.id
2022-12-15 22:22:08,829 [Listener at 127.0.0.1/41387] INFO  upgrade.AbstractLayoutVersionManager (AbstractLayoutVersionManager.java:init(83)) - Initializing Layout version manager with metadata layout = DATANODE_SCHEMA_V3 (version = 4), software layout = DATANODE_SCHEMA_V3 (version = 4)
2022-12-15 22:22:08,837 [EventQueue-CommandQueueReportForCommandQueueReportHandler] WARN  events.EventQueue (EventQueue.java:fireEvent(216)) - No event handler registered for event TypedEvent{payloadType=DatanodeDetails, name='Datanode_Command_Queue_Updated'}
2022-12-15 22:22:08,878 [EventQueue-CommandQueueReportForCommandQueueReportHandler] WARN  events.EventQueue (EventQueue.java:fireEvent(216)) - No event handler registered for event TypedEvent{payloadType=DatanodeDetails, name='Datanode_Command_Queue_Updated'}
2022-12-15 22:22:08,933 [EventQueue-CommandQueueReportForCommandQueueReportHandler] WARN  events.EventQueue (EventQueue.java:fireEvent(216)) - No event handler registered for event TypedEvent{payloadType=DatanodeDetails, name='Datanode_Command_Queue_Updated'}
2022-12-15 22:22:08,935 [EventQueue-CommandQueueReportForCommandQueueReportHandler] WARN  events.EventQueue (EventQueue.java:fireEvent(216)) - No event handler registered for event TypedEvent{payloadType=DatanodeDetails, name='Datanode_Command_Queue_Updated'}
2022-12-15 22:22:08,970 [EventQueue-CommandQueueReportForCommandQueueReportHandler] WARN  events.EventQueue (EventQueue.java:fireEvent(216)) - No event handler registered for event TypedEvent{payloadType=DatanodeDetails, name='Datanode_Command_Queue_Updated'}
2022-12-15 22:22:09,017 [EventQueue-CommandQueueReportForCommandQueueReportHandler] WARN  events.EventQueue (EventQueue.java:fireEvent(216)) - No event handler registered for event TypedEvent{payloadType=DatanodeDetails, name='Datanode_Command_Queue_Updated'}
2022-12-15 22:22:09,045 [EventQueue-CommandQueueReportForCommandQueueReportHandler] WARN  events.EventQueue (EventQueue.java:fireEvent(216)) - No event handler registered for event TypedEvent{payloadType=DatanodeDetails, name='Datanode_Command_Queue_Updated'}
2022-12-15 22:22:09,047 [Listener at 127.0.0.1/41387] INFO  reflections.Reflections (Reflections.java:scan(232)) - Reflections took 217 ms to scan 7 urls, producing 140 keys and 342 values 
2022-12-15 22:22:09,049 [Listener at 127.0.0.1/41387] INFO  statemachine.DatanodeStateMachine (DatanodeStateMachine.java:getEndPointTaskThreadPoolSize(249)) - Datanode State Machine Task Thread Pool size 2
2022-12-15 22:22:09,056 [Listener at 127.0.0.1/41387] INFO  volume.HddsVolume (HddsVolume.java:<init>(117)) - Creating HddsVolume: /home/runner/work/ozone/ozone/hadoop-ozone/integration-test/target/test-dir/MiniOzoneClusterImpl-c952205c-0de4-41d8-8615-baf19f81c5db/datanode-1/data-0/containers/hdds of storage type : DISK capacity : 9223372036854775807
2022-12-15 22:22:09,056 [Listener at 127.0.0.1/41387] INFO  volume.MutableVolumeSet (MutableVolumeSet.java:initializeVolumeSet(174)) - Added Volume : /home/runner/work/ozone/ozone/hadoop-ozone/integration-test/target/test-dir/MiniOzoneClusterImpl-c952205c-0de4-41d8-8615-baf19f81c5db/datanode-1/data-0/containers/hdds to VolumeSet
2022-12-15 22:22:09,056 [Listener at 127.0.0.1/41387] INFO  volume.ThrottledAsyncChecker (ThrottledAsyncChecker.java:schedule(141)) - Scheduling a check for /home/runner/work/ozone/ozone/hadoop-ozone/integration-test/target/test-dir/MiniOzoneClusterImpl-c952205c-0de4-41d8-8615-baf19f81c5db/datanode-1/data-0/containers/hdds
2022-12-15 22:22:09,060 [Listener at 127.0.0.1/41387] INFO  volume.StorageVolumeChecker (StorageVolumeChecker.java:checkAllVolumes(202)) - Scheduled health check for volume /home/runner/work/ozone/ozone/hadoop-ozone/integration-test/target/test-dir/MiniOzoneClusterImpl-c952205c-0de4-41d8-8615-baf19f81c5db/datanode-1/data-0/containers/hdds
2022-12-15 22:22:09,077 [IPC Server handler 2 on default port 37919] INFO  pipeline.PipelineStateManagerImpl (PipelineStateManagerImpl.java:addPipeline(103)) - Created pipeline Pipeline[ Id: 8a14b23c-0f0a-4c82-a9ab-6660ca38c3a0, Nodes: 36e1593a-57cf-42fc-9e99-3bc8e6c88ec2{ip: 10.1.0.13, host: fv-az83-67.pawgbth4qraerhbqawdeo1jfng.dx.internal.cloudapp.net, ports: [REPLICATION=36657, RATIS=46439, RATIS_ADMIN=46439, RATIS_SERVER=46439, STANDALONE=39281], networkLocation: /default-rack, certSerialId: null, persistedOpState: null, persistedOpStateExpiryEpochSec: 0}30cdbfed-5eb6-4d94-b03b-823178923405{ip: 10.1.0.13, host: fv-az83-67.pawgbth4qraerhbqawdeo1jfng.dx.internal.cloudapp.net, ports: [REPLICATION=35121, RATIS=40489, RATIS_ADMIN=40489, RATIS_SERVER=40489, STANDALONE=36205], networkLocation: /default-rack, certSerialId: null, persistedOpState: null, persistedOpStateExpiryEpochSec: 0}e0198350-5a80-4cc9-b4d4-fe7f34161fcd{ip: 10.1.0.13, host: fv-az83-67.pawgbth4qraerhbqawdeo1jfng.dx.internal.cloudapp.net, ports: [REPLICATION=33725, RATIS=33167, RATIS_ADMIN=33167, RATIS_SERVER=33167, STANDALONE=40941], networkLocation: /default-rack, certSerialId: null, persistedOpState: null, persistedOpStateExpiryEpochSec: 0}9af99ef4-a70d-4375-9c0d-594670c86eaa{ip: 10.1.0.13, host: fv-az83-67.pawgbth4qraerhbqawdeo1jfng.dx.internal.cloudapp.net, ports: [REPLICATION=37293, RATIS=37969, RATIS_ADMIN=37969, RATIS_SERVER=37969, STANDALONE=45841], networkLocation: /default-rack, certSerialId: null, persistedOpState: null, persistedOpStateExpiryEpochSec: 0}c0e45f45-48a3-418c-b3ac-112e0491709c{ip: 10.1.0.13, host: fv-az83-67.pawgbth4qraerhbqawdeo1jfng.dx.internal.cloudapp.net, ports: [REPLICATION=35393, RATIS=40363, RATIS_ADMIN=40363, RATIS_SERVER=40363, STANDALONE=44419], networkLocation: /default-rack, certSerialId: null, persistedOpState: null, persistedOpStateExpiryEpochSec: 0}, ReplicationConfig: EC/ECReplicationConfig{data=3, parity=2, ecChunkSize=1048576, codec=rs}, State:ALLOCATED, leaderId:, CreationTimestamp2022-12-15T22:22:09.076Z[Etc/UTC]].
2022-12-15 22:22:09,078 [IPC Server handler 2 on default port 37919] INFO  pipeline.PipelineManagerImpl (PipelineManagerImpl.java:openPipeline(367)) - Pipeline Pipeline[ Id: 8a14b23c-0f0a-4c82-a9ab-6660ca38c3a0, Nodes: 36e1593a-57cf-42fc-9e99-3bc8e6c88ec2{ip: 10.1.0.13, host: fv-az83-67.pawgbth4qraerhbqawdeo1jfng.dx.internal.cloudapp.net, ports: [REPLICATION=36657, RATIS=46439, RATIS_ADMIN=46439, RATIS_SERVER=46439, STANDALONE=39281], networkLocation: /default-rack, certSerialId: null, persistedOpState: null, persistedOpStateExpiryEpochSec: 0}30cdbfed-5eb6-4d94-b03b-823178923405{ip: 10.1.0.13, host: fv-az83-67.pawgbth4qraerhbqawdeo1jfng.dx.internal.cloudapp.net, ports: [REPLICATION=35121, RATIS=40489, RATIS_ADMIN=40489, RATIS_SERVER=40489, STANDALONE=36205], networkLocation: /default-rack, certSerialId: null, persistedOpState: null, persistedOpStateExpiryEpochSec: 0}e0198350-5a80-4cc9-b4d4-fe7f34161fcd{ip: 10.1.0.13, host: fv-az83-67.pawgbth4qraerhbqawdeo1jfng.dx.internal.cloudapp.net, ports: [REPLICATION=33725, RATIS=33167, RATIS_ADMIN=33167, RATIS_SERVER=33167, STANDALONE=40941], networkLocation: /default-rack, certSerialId: null, persistedOpState: null, persistedOpStateExpiryEpochSec: 0}9af99ef4-a70d-4375-9c0d-594670c86eaa{ip: 10.1.0.13, host: fv-az83-67.pawgbth4qraerhbqawdeo1jfng.dx.internal.cloudapp.net, ports: [REPLICATION=37293, RATIS=37969, RATIS_ADMIN=37969, RATIS_SERVER=37969, STANDALONE=45841], networkLocation: /default-rack, certSerialId: null, persistedOpState: null, persistedOpStateExpiryEpochSec: 0}c0e45f45-48a3-418c-b3ac-112e0491709c{ip: 10.1.0.13, host: fv-az83-67.pawgbth4qraerhbqawdeo1jfng.dx.internal.cloudapp.net, ports: [REPLICATION=35393, RATIS=40363, RATIS_ADMIN=40363, RATIS_SERVER=40363, STANDALONE=44419], networkLocation: /default-rack, certSerialId: null, persistedOpState: null, persistedOpStateExpiryEpochSec: 0}, ReplicationConfig: EC/ECReplicationConfig{data=3, parity=2, ecChunkSize=1048576, codec=rs}, State:ALLOCATED, leaderId:, CreationTimestamp2022-12-15T22:22:09.076Z[Etc/UTC]] moved to OPEN state
2022-12-15 22:22:09,088 [Listener at 127.0.0.1/41387] INFO  volume.MutableVolumeSet (MutableVolumeSet.java:initializeVolumeSet(174)) - Added Volume : /home/runner/work/ozone/ozone/hadoop-ozone/integration-test/target/test-dir/MiniOzoneClusterImpl-c952205c-0de4-41d8-8615-baf19f81c5db/datanode-1/data/ratis to VolumeSet
2022-12-15 22:22:09,088 [Listener at 127.0.0.1/41387] INFO  volume.ThrottledAsyncChecker (ThrottledAsyncChecker.java:schedule(141)) - Scheduling a check for /home/runner/work/ozone/ozone/hadoop-ozone/integration-test/target/test-dir/MiniOzoneClusterImpl-c952205c-0de4-41d8-8615-baf19f81c5db/datanode-1/data/ratis
2022-12-15 22:22:09,089 [Listener at 127.0.0.1/41387] INFO  volume.StorageVolumeChecker (StorageVolumeChecker.java:checkAllVolumes(202)) - Scheduled health check for volume /home/runner/work/ozone/ozone/hadoop-ozone/integration-test/target/test-dir/MiniOzoneClusterImpl-c952205c-0de4-41d8-8615-baf19f81c5db/datanode-1/data/ratis
2022-12-15 22:22:09,108 [Thread-529] INFO  ozoneimpl.ContainerReader (ContainerReader.java:readVolume(175)) - Finish verifying containers on volume /home/runner/work/ozone/ozone/hadoop-ozone/integration-test/target/test-dir/MiniOzoneClusterImpl-c952205c-0de4-41d8-8615-baf19f81c5db/datanode-1/data-0/containers/hdds
2022-12-15 22:22:09,108 [Listener at 127.0.0.1/41387] INFO  ozoneimpl.OzoneContainer (OzoneContainer.java:buildContainerSet(301)) - Build ContainerSet costs 0s
2022-12-15 22:22:09,110 [Listener at 127.0.0.1/41387] INFO  server.RaftServer (ConfUtils.java:logGet(46)) - raft.rpc.type = GRPC (default)
2022-12-15 22:22:09,110 [Listener at 127.0.0.1/41387] INFO  grpc.GrpcConfigKeys (ConfUtils.java:logFallback(53)) - raft.grpc.admin.host = null (fallback to raft.grpc.server.host)
2022-12-15 22:22:09,111 [Listener at 127.0.0.1/41387] INFO  grpc.GrpcConfigKeys (ConfUtils.java:logGet(46)) - raft.grpc.admin.port = 0 (custom)
2022-12-15 22:22:09,111 [Listener at 127.0.0.1/41387] INFO  grpc.GrpcConfigKeys (ConfUtils.java:logFallback(53)) - raft.grpc.client.host = null (fallback to raft.grpc.server.host)
2022-12-15 22:22:09,111 [Listener at 127.0.0.1/41387] INFO  grpc.GrpcConfigKeys (ConfUtils.java:logGet(46)) - raft.grpc.client.port = 0 (custom)
2022-12-15 22:22:09,111 [Listener at 127.0.0.1/41387] INFO  grpc.GrpcConfigKeys (ConfUtils.java:logGet(46)) - raft.grpc.server.host = null (default)
2022-12-15 22:22:09,111 [Listener at 127.0.0.1/41387] INFO  grpc.GrpcConfigKeys (ConfUtils.java:logGet(46)) - raft.grpc.server.port = 0 (default)
2022-12-15 22:22:09,111 [Listener at 127.0.0.1/41387] INFO  server.GrpcService (ConfUtils.java:logGet(46)) - raft.grpc.message.size.max = 32MB (=33554432) (custom)
2022-12-15 22:22:09,111 [Listener at 127.0.0.1/41387] INFO  server.RaftServerConfigKeys (ConfUtils.java:logGet(46)) - raft.server.log.appender.buffer.byte-limit = 33554432 (custom)
2022-12-15 22:22:09,112 [Listener at 127.0.0.1/41387] INFO  server.GrpcService (ConfUtils.java:logGet(46)) - raft.grpc.flow.control.window = 5MB (=5242880) (custom)
2022-12-15 22:22:09,112 [Listener at 127.0.0.1/41387] INFO  server.RaftServerConfigKeys (ConfUtils.java:logGet(46)) - raft.server.rpc.request.timeout = 60s (custom)
2022-12-15 22:22:09,112 [Listener at 127.0.0.1/41387] INFO  grpc.GrpcConfigKeys (ConfUtils.java:logGet(46)) - raft.grpc.server.heartbeat.channel = true (default)
2022-12-15 22:22:09,113 [Listener at 127.0.0.1/41387] INFO  grpc.GrpcConfigKeys (ConfUtils.java:logGet(46)) - raft.grpc.server.async.request.thread.pool.cached = true (default)
2022-12-15 22:22:09,113 [Listener at 127.0.0.1/41387] INFO  grpc.GrpcConfigKeys (ConfUtils.java:logGet(46)) - raft.grpc.server.async.request.thread.pool.size = 32 (default)
2022-12-15 22:22:09,114 [Listener at 127.0.0.1/41387] INFO  impl.DataStreamServerImpl (ConfUtils.java:logGet(46)) - raft.datastream.type = DISABLED (default)
2022-12-15 22:22:09,114 [Listener at 127.0.0.1/41387] INFO  server.RaftServerConfigKeys (ConfUtils.java:logGet(46)) - raft.server.threadpool.proxy.cached = true (default)
2022-12-15 22:22:09,114 [Listener at 127.0.0.1/41387] INFO  server.RaftServerConfigKeys (ConfUtils.java:logGet(46)) - raft.server.threadpool.proxy.size = 0 (default)
2022-12-15 22:22:09,114 [Listener at 127.0.0.1/41387] INFO  server.RaftServerConfigKeys (ConfUtils.java:logGet(46)) - raft.server.rpc.slowness.timeout = 300s (custom)
2022-12-15 22:22:09,114 [Listener at 127.0.0.1/41387] INFO  server.RaftServerConfigKeys (ConfUtils.java:logGet(46)) - raft.server.leaderelection.leader.step-down.wait-time = 10s (default)
2022-12-15 22:22:09,114 [Listener at 127.0.0.1/41387] INFO  server.RaftServerConfigKeys (ConfUtils.java:logGet(46)) - raft.server.storage.dir = [/home/runner/work/ozone/ozone/hadoop-ozone/integration-test/target/test-dir/MiniOzoneClusterImpl-c952205c-0de4-41d8-8615-baf19f81c5db/datanode-1/data/ratis] (custom)
2022-12-15 22:22:09,116 [Listener at 127.0.0.1/41387] INFO  server.XceiverServerGrpc (XceiverServerGrpc.java:<init>(132)) - GrpcServer channel type EpollServerSocketChannel
2022-12-15 22:22:09,121 [Listener at 127.0.0.1/41387] INFO  http.BaseHttpServer (BaseHttpServer.java:newHttpServer2BuilderForOzone(213)) - Starting Web-server for hddsDatanode at: http://0.0.0.0:0
2022-12-15 22:22:09,122 [Listener at 127.0.0.1/41387] INFO  http.BaseHttpServer (BaseHttpServer.java:<init>(108)) - Hadoop Security Enabled: false Ozone Security Enabled: false Ozone HTTP Security Enabled: false 
2022-12-15 22:22:09,123 [Listener at 127.0.0.1/41387] WARN  server.AuthenticationFilter (AuthenticationFilter.java:constructSecretProvider(240)) - Unable to initialize FileSignerSecretProvider, falling back to use random secrets. Reason: Could not read signature secret file: /home/runner/hadoop-http-auth-signature-secret
2022-12-15 22:22:09,124 [Listener at 127.0.0.1/41387] WARN  http.HttpRequestLog (HttpRequestLog.java:getRequestLog(103)) - Jetty request log can only be enabled using Log4j
2022-12-15 22:22:09,129 [Listener at 127.0.0.1/41387] INFO  http.HttpServer2 (HttpServer2.java:addGlobalFilter(1031)) - Added global filter 'safety' (class=org.apache.hadoop.hdds.server.http.HttpServer2$QuotingInputFilter)
2022-12-15 22:22:09,131 [Listener at 127.0.0.1/41387] INFO  http.HttpServer2 (HttpServer2.java:addFilter(1007)) - Added filter static_user_filter (class=org.apache.hadoop.http.lib.StaticUserWebFilter$StaticUserFilter) to context hddsDatanode
2022-12-15 22:22:09,131 [Listener at 127.0.0.1/41387] INFO  http.HttpServer2 (HttpServer2.java:addFilter(1015)) - Added filter static_user_filter (class=org.apache.hadoop.http.lib.StaticUserWebFilter$StaticUserFilter) to context static
2022-12-15 22:22:09,131 [Listener at 127.0.0.1/41387] INFO  http.HttpServer2 (HttpServer2.java:addFilter(1015)) - Added filter static_user_filter (class=org.apache.hadoop.http.lib.StaticUserWebFilter$StaticUserFilter) to context logs
2022-12-15 22:22:09,131 [Listener at 127.0.0.1/41387] INFO  http.HttpServer2 (HttpServer2.java:bindListener(1250)) - Jetty bound to port 45445
2022-12-15 22:22:09,132 [Listener at 127.0.0.1/41387] INFO  server.Server (Server.java:doStart(375)) - jetty-9.4.49.v20220914; built: 2022-09-14T01:07:36.601Z; git: 4231a3b2e4cb8548a412a789936d640a97b1aa0a; jvm 1.8.0_352-b08
2022-12-15 22:22:09,137 [Listener at 127.0.0.1/41387] INFO  server.session (DefaultSessionIdManager.java:doStart(334)) - DefaultSessionIdManager workerName=node0
2022-12-15 22:22:09,137 [Listener at 127.0.0.1/41387] INFO  server.session (DefaultSessionIdManager.java:doStart(339)) - No SessionScavenger set, using defaults
2022-12-15 22:22:09,137 [Listener at 127.0.0.1/41387] INFO  server.session (HouseKeeper.java:startScavenging(132)) - node0 Scavenging every 600000ms
2022-12-15 22:22:09,142 [Listener at 127.0.0.1/41387] INFO  handler.ContextHandler (ContextHandler.java:doStart(921)) - Started o.e.j.s.ServletContextHandler@4132e68a{logs,/logs,file:///home/runner/work/ozone/ozone/hadoop-ozone/integration-test/target/log,AVAILABLE}
2022-12-15 22:22:09,143 [Listener at 127.0.0.1/41387] INFO  handler.ContextHandler (ContextHandler.java:doStart(921)) - Started o.e.j.s.ServletContextHandler@65b3d1c6{static,/static,jar:file:/home/runner/.m2/repository/org/apache/ozone/hdds-container-service/1.3.0-SNAPSHOT/hdds-container-service-1.3.0-SNAPSHOT.jar!/webapps/static,AVAILABLE}
2022-12-15 22:22:09,154 [ReplicationMonitor] INFO  replication.ReplicationManager (ReplicationManager.java:processAll(327)) - Replication Manager is not ready to run until 3000ms after safemode exit
2022-12-15 22:22:09,223 [Under Replicated Processor] INFO  replication.UnderReplicatedProcessor (UnderReplicatedProcessor.java:processAll(79)) - Processed 0 under replicated containers, failed processing 0
2022-12-15 22:22:09,227 [EventQueue-CommandQueueReportForCommandQueueReportHandler] WARN  events.EventQueue (EventQueue.java:fireEvent(216)) - No event handler registered for event TypedEvent{payloadType=DatanodeDetails, name='Datanode_Command_Queue_Updated'}
2022-12-15 22:22:09,229 [EventQueue-CommandQueueReportForCommandQueueReportHandler] WARN  events.EventQueue (EventQueue.java:fireEvent(216)) - No event handler registered for event TypedEvent{payloadType=DatanodeDetails, name='Datanode_Command_Queue_Updated'}
2022-12-15 22:22:09,230 [Over Replicated Processor] INFO  replication.OverReplicatedProcessor (OverReplicatedProcessor.java:processAll(79)) - Processed 0 over replicated containers, failed processing 0
2022-12-15 22:22:09,241 [ReplicationMonitor] INFO  replication.ReplicationManager (ReplicationManager.java:processAll(360)) - Replication Monitor Thread took 12 milliseconds for processing 5 containers.
2022-12-15 22:22:09,255 [EventQueue-CommandQueueReportForCommandQueueReportHandler] WARN  events.EventQueue (EventQueue.java:fireEvent(216)) - No event handler registered for event TypedEvent{payloadType=DatanodeDetails, name='Datanode_Command_Queue_Updated'}
2022-12-15 22:22:09,329 [EventQueue-CommandQueueReportForCommandQueueReportHandler] WARN  events.EventQueue (EventQueue.java:fireEvent(216)) - No event handler registered for event TypedEvent{payloadType=DatanodeDetails, name='Datanode_Command_Queue_Updated'}
2022-12-15 22:22:09,329 [EventQueue-CommandQueueReportForCommandQueueReportHandler] WARN  events.EventQueue (EventQueue.java:fireEvent(216)) - No event handler registered for event TypedEvent{payloadType=DatanodeDetails, name='Datanode_Command_Queue_Updated'}
2022-12-15 22:22:09,366 [IPC Server handler 6 on default port 37919] INFO  pipeline.PipelineStateManagerImpl (PipelineStateManagerImpl.java:addPipeline(103)) - Created pipeline Pipeline[ Id: eb92dca9-258e-4458-8b4a-b46e85a7fcfd, Nodes: 9af99ef4-a70d-4375-9c0d-594670c86eaa{ip: 10.1.0.13, host: fv-az83-67.pawgbth4qraerhbqawdeo1jfng.dx.internal.cloudapp.net, ports: [REPLICATION=37293, RATIS=37969, RATIS_ADMIN=37969, RATIS_SERVER=37969, STANDALONE=45841], networkLocation: /default-rack, certSerialId: null, persistedOpState: null, persistedOpStateExpiryEpochSec: 0}c0e45f45-48a3-418c-b3ac-112e0491709c{ip: 10.1.0.13, host: fv-az83-67.pawgbth4qraerhbqawdeo1jfng.dx.internal.cloudapp.net, ports: [REPLICATION=35393, RATIS=40363, RATIS_ADMIN=40363, RATIS_SERVER=40363, STANDALONE=44419], networkLocation: /default-rack, certSerialId: null, persistedOpState: null, persistedOpStateExpiryEpochSec: 0}8742ce53-ec43-4b5d-92fb-ca295b19fdac{ip: 10.1.0.13, host: fv-az83-67.pawgbth4qraerhbqawdeo1jfng.dx.internal.cloudapp.net, ports: [REPLICATION=42995, RATIS=44977, RATIS_ADMIN=44977, RATIS_SERVER=44977, STANDALONE=39581], networkLocation: /default-rack, certSerialId: null, persistedOpState: null, persistedOpStateExpiryEpochSec: 0}30cdbfed-5eb6-4d94-b03b-823178923405{ip: 10.1.0.13, host: fv-az83-67.pawgbth4qraerhbqawdeo1jfng.dx.internal.cloudapp.net, ports: [REPLICATION=35121, RATIS=40489, RATIS_ADMIN=40489, RATIS_SERVER=40489, STANDALONE=36205], networkLocation: /default-rack, certSerialId: null, persistedOpState: null, persistedOpStateExpiryEpochSec: 0}1e86e54b-7ea4-4ffe-a764-33ccb592660f{ip: 10.1.0.13, host: fv-az83-67.pawgbth4qraerhbqawdeo1jfng.dx.internal.cloudapp.net, ports: [REPLICATION=41383, RATIS=45413, RATIS_ADMIN=45413, RATIS_SERVER=45413, STANDALONE=39139], networkLocation: /default-rack, certSerialId: null, persistedOpState: null, persistedOpStateExpiryEpochSec: 0}, ReplicationConfig: EC/ECReplicationConfig{data=3, parity=2, ecChunkSize=1048576, codec=rs}, State:ALLOCATED, leaderId:, CreationTimestamp2022-12-15T22:22:09.365Z[Etc/UTC]].
2022-12-15 22:22:09,367 [IPC Server handler 6 on default port 37919] INFO  pipeline.PipelineManagerImpl (PipelineManagerImpl.java:openPipeline(367)) - Pipeline Pipeline[ Id: eb92dca9-258e-4458-8b4a-b46e85a7fcfd, Nodes: 9af99ef4-a70d-4375-9c0d-594670c86eaa{ip: 10.1.0.13, host: fv-az83-67.pawgbth4qraerhbqawdeo1jfng.dx.internal.cloudapp.net, ports: [REPLICATION=37293, RATIS=37969, RATIS_ADMIN=37969, RATIS_SERVER=37969, STANDALONE=45841], networkLocation: /default-rack, certSerialId: null, persistedOpState: null, persistedOpStateExpiryEpochSec: 0}c0e45f45-48a3-418c-b3ac-112e0491709c{ip: 10.1.0.13, host: fv-az83-67.pawgbth4qraerhbqawdeo1jfng.dx.internal.cloudapp.net, ports: [REPLICATION=35393, RATIS=40363, RATIS_ADMIN=40363, RATIS_SERVER=40363, STANDALONE=44419], networkLocation: /default-rack, certSerialId: null, persistedOpState: null, persistedOpStateExpiryEpochSec: 0}8742ce53-ec43-4b5d-92fb-ca295b19fdac{ip: 10.1.0.13, host: fv-az83-67.pawgbth4qraerhbqawdeo1jfng.dx.internal.cloudapp.net, ports: [REPLICATION=42995, RATIS=44977, RATIS_ADMIN=44977, RATIS_SERVER=44977, STANDALONE=39581], networkLocation: /default-rack, certSerialId: null, persistedOpState: null, persistedOpStateExpiryEpochSec: 0}30cdbfed-5eb6-4d94-b03b-823178923405{ip: 10.1.0.13, host: fv-az83-67.pawgbth4qraerhbqawdeo1jfng.dx.internal.cloudapp.net, ports: [REPLICATION=35121, RATIS=40489, RATIS_ADMIN=40489, RATIS_SERVER=40489, STANDALONE=36205], networkLocation: /default-rack, certSerialId: null, persistedOpState: null, persistedOpStateExpiryEpochSec: 0}1e86e54b-7ea4-4ffe-a764-33ccb592660f{ip: 10.1.0.13, host: fv-az83-67.pawgbth4qraerhbqawdeo1jfng.dx.internal.cloudapp.net, ports: [REPLICATION=41383, RATIS=45413, RATIS_ADMIN=45413, RATIS_SERVER=45413, STANDALONE=39139], networkLocation: /default-rack, certSerialId: null, persistedOpState: null, persistedOpStateExpiryEpochSec: 0}, ReplicationConfig: EC/ECReplicationConfig{data=3, parity=2, ecChunkSize=1048576, codec=rs}, State:ALLOCATED, leaderId:, CreationTimestamp2022-12-15T22:22:09.365Z[Etc/UTC]] moved to OPEN state
2022-12-15 22:22:09,464 [EventQueue-CommandQueueReportForCommandQueueReportHandler] WARN  events.EventQueue (EventQueue.java:fireEvent(216)) - No event handler registered for event TypedEvent{payloadType=DatanodeDetails, name='Datanode_Command_Queue_Updated'}
2022-12-15 22:22:09,466 [EventQueue-CommandQueueReportForCommandQueueReportHandler] WARN  events.EventQueue (EventQueue.java:fireEvent(216)) - No event handler registered for event TypedEvent{payloadType=DatanodeDetails, name='Datanode_Command_Queue_Updated'}
2022-12-15 22:22:09,489 [EventQueue-CommandQueueReportForCommandQueueReportHandler] WARN  events.EventQueue (EventQueue.java:fireEvent(216)) - No event handler registered for event TypedEvent{payloadType=DatanodeDetails, name='Datanode_Command_Queue_Updated'}
2022-12-15 22:22:09,543 [EventQueue-CommandQueueReportForCommandQueueReportHandler] WARN  events.EventQueue (EventQueue.java:fireEvent(216)) - No event handler registered for event TypedEvent{payloadType=DatanodeDetails, name='Datanode_Command_Queue_Updated'}
2022-12-15 22:22:09,546 [EventQueue-CommandQueueReportForCommandQueueReportHandler] WARN  events.EventQueue (EventQueue.java:fireEvent(216)) - No event handler registered for event TypedEvent{payloadType=DatanodeDetails, name='Datanode_Command_Queue_Updated'}
2022-12-15 22:22:09,598 [IPC Server handler 8 on default port 37919] INFO  pipeline.PipelineStateManagerImpl (PipelineStateManagerImpl.java:addPipeline(103)) - Created pipeline Pipeline[ Id: 87f24a54-1b01-4401-b083-bebb4550122d, Nodes: 30cdbfed-5eb6-4d94-b03b-823178923405{ip: 10.1.0.13, host: fv-az83-67.pawgbth4qraerhbqawdeo1jfng.dx.internal.cloudapp.net, ports: [REPLICATION=35121, RATIS=40489, RATIS_ADMIN=40489, RATIS_SERVER=40489, STANDALONE=36205], networkLocation: /default-rack, certSerialId: null, persistedOpState: null, persistedOpStateExpiryEpochSec: 0}36e1593a-57cf-42fc-9e99-3bc8e6c88ec2{ip: 10.1.0.13, host: fv-az83-67.pawgbth4qraerhbqawdeo1jfng.dx.internal.cloudapp.net, ports: [REPLICATION=36657, RATIS=46439, RATIS_ADMIN=46439, RATIS_SERVER=46439, STANDALONE=39281], networkLocation: /default-rack, certSerialId: null, persistedOpState: null, persistedOpStateExpiryEpochSec: 0}1e86e54b-7ea4-4ffe-a764-33ccb592660f{ip: 10.1.0.13, host: fv-az83-67.pawgbth4qraerhbqawdeo1jfng.dx.internal.cloudapp.net, ports: [REPLICATION=41383, RATIS=45413, RATIS_ADMIN=45413, RATIS_SERVER=45413, STANDALONE=39139], networkLocation: /default-rack, certSerialId: null, persistedOpState: null, persistedOpStateExpiryEpochSec: 0}e0198350-5a80-4cc9-b4d4-fe7f34161fcd{ip: 10.1.0.13, host: fv-az83-67.pawgbth4qraerhbqawdeo1jfng.dx.internal.cloudapp.net, ports: [REPLICATION=33725, RATIS=33167, RATIS_ADMIN=33167, RATIS_SERVER=33167, STANDALONE=40941], networkLocation: /default-rack, certSerialId: null, persistedOpState: null, persistedOpStateExpiryEpochSec: 0}c0e45f45-48a3-418c-b3ac-112e0491709c{ip: 10.1.0.13, host: fv-az83-67.pawgbth4qraerhbqawdeo1jfng.dx.internal.cloudapp.net, ports: [REPLICATION=35393, RATIS=40363, RATIS_ADMIN=40363, RATIS_SERVER=40363, STANDALONE=44419], networkLocation: /default-rack, certSerialId: null, persistedOpState: null, persistedOpStateExpiryEpochSec: 0}, ReplicationConfig: EC/ECReplicationConfig{data=3, parity=2, ecChunkSize=1048576, codec=rs}, State:ALLOCATED, leaderId:, CreationTimestamp2022-12-15T22:22:09.598Z[Etc/UTC]].
2022-12-15 22:22:09,599 [IPC Server handler 8 on default port 37919] INFO  pipeline.PipelineManagerImpl (PipelineManagerImpl.java:openPipeline(367)) - Pipeline Pipeline[ Id: 87f24a54-1b01-4401-b083-bebb4550122d, Nodes: 30cdbfed-5eb6-4d94-b03b-823178923405{ip: 10.1.0.13, host: fv-az83-67.pawgbth4qraerhbqawdeo1jfng.dx.internal.cloudapp.net, ports: [REPLICATION=35121, RATIS=40489, RATIS_ADMIN=40489, RATIS_SERVER=40489, STANDALONE=36205], networkLocation: /default-rack, certSerialId: null, persistedOpState: null, persistedOpStateExpiryEpochSec: 0}36e1593a-57cf-42fc-9e99-3bc8e6c88ec2{ip: 10.1.0.13, host: fv-az83-67.pawgbth4qraerhbqawdeo1jfng.dx.internal.cloudapp.net, ports: [REPLICATION=36657, RATIS=46439, RATIS_ADMIN=46439, RATIS_SERVER=46439, STANDALONE=39281], networkLocation: /default-rack, certSerialId: null, persistedOpState: null, persistedOpStateExpiryEpochSec: 0}1e86e54b-7ea4-4ffe-a764-33ccb592660f{ip: 10.1.0.13, host: fv-az83-67.pawgbth4qraerhbqawdeo1jfng.dx.internal.cloudapp.net, ports: [REPLICATION=41383, RATIS=45413, RATIS_ADMIN=45413, RATIS_SERVER=45413, STANDALONE=39139], networkLocation: /default-rack, certSerialId: null, persistedOpState: null, persistedOpStateExpiryEpochSec: 0}e0198350-5a80-4cc9-b4d4-fe7f34161fcd{ip: 10.1.0.13, host: fv-az83-67.pawgbth4qraerhbqawdeo1jfng.dx.internal.cloudapp.net, ports: [REPLICATION=33725, RATIS=33167, RATIS_ADMIN=33167, RATIS_SERVER=33167, STANDALONE=40941], networkLocation: /default-rack, certSerialId: null, persistedOpState: null, persistedOpStateExpiryEpochSec: 0}c0e45f45-48a3-418c-b3ac-112e0491709c{ip: 10.1.0.13, host: fv-az83-67.pawgbth4qraerhbqawdeo1jfng.dx.internal.cloudapp.net, ports: [REPLICATION=35393, RATIS=40363, RATIS_ADMIN=40363, RATIS_SERVER=40363, STANDALONE=44419], networkLocation: /default-rack, certSerialId: null, persistedOpState: null, persistedOpStateExpiryEpochSec: 0}, ReplicationConfig: EC/ECReplicationConfig{data=3, parity=2, ecChunkSize=1048576, codec=rs}, State:ALLOCATED, leaderId:, CreationTimestamp2022-12-15T22:22:09.598Z[Etc/UTC]] moved to OPEN state
2022-12-15 22:22:09,702 [EventQueue-CommandQueueReportForCommandQueueReportHandler] WARN  events.EventQueue (EventQueue.java:fireEvent(216)) - No event handler registered for event TypedEvent{payloadType=DatanodeDetails, name='Datanode_Command_Queue_Updated'}
2022-12-15 22:22:09,706 [EventQueue-CommandQueueReportForCommandQueueReportHandler] WARN  events.EventQueue (EventQueue.java:fireEvent(216)) - No event handler registered for event TypedEvent{payloadType=DatanodeDetails, name='Datanode_Command_Queue_Updated'}
2022-12-15 22:22:09,707 [EventQueue-CommandQueueReportForCommandQueueReportHandler] WARN  events.EventQueue (EventQueue.java:fireEvent(216)) - No event handler registered for event TypedEvent{payloadType=DatanodeDetails, name='Datanode_Command_Queue_Updated'}
2022-12-15 22:22:09,769 [EventQueue-CommandQueueReportForCommandQueueReportHandler] WARN  events.EventQueue (EventQueue.java:fireEvent(216)) - No event handler registered for event TypedEvent{payloadType=DatanodeDetails, name='Datanode_Command_Queue_Updated'}
2022-12-15 22:22:09,769 [EventQueue-CommandQueueReportForCommandQueueReportHandler] WARN  events.EventQueue (EventQueue.java:fireEvent(216)) - No event handler registered for event TypedEvent{payloadType=DatanodeDetails, name='Datanode_Command_Queue_Updated'}
2022-12-15 22:22:09,797 [IPC Server handler 13 on default port 37919] INFO  pipeline.PipelineStateManagerImpl (PipelineStateManagerImpl.java:addPipeline(103)) - Created pipeline Pipeline[ Id: f173ee43-aca2-4969-847c-ea35770a825d, Nodes: e0198350-5a80-4cc9-b4d4-fe7f34161fcd{ip: 10.1.0.13, host: fv-az83-67.pawgbth4qraerhbqawdeo1jfng.dx.internal.cloudapp.net, ports: [REPLICATION=33725, RATIS=33167, RATIS_ADMIN=33167, RATIS_SERVER=33167, STANDALONE=40941], networkLocation: /default-rack, certSerialId: null, persistedOpState: null, persistedOpStateExpiryEpochSec: 0}c0e45f45-48a3-418c-b3ac-112e0491709c{ip: 10.1.0.13, host: fv-az83-67.pawgbth4qraerhbqawdeo1jfng.dx.internal.cloudapp.net, ports: [REPLICATION=35393, RATIS=40363, RATIS_ADMIN=40363, RATIS_SERVER=40363, STANDALONE=44419], networkLocation: /default-rack, certSerialId: null, persistedOpState: null, persistedOpStateExpiryEpochSec: 0}1e86e54b-7ea4-4ffe-a764-33ccb592660f{ip: 10.1.0.13, host: fv-az83-67.pawgbth4qraerhbqawdeo1jfng.dx.internal.cloudapp.net, ports: [REPLICATION=41383, RATIS=45413, RATIS_ADMIN=45413, RATIS_SERVER=45413, STANDALONE=39139], networkLocation: /default-rack, certSerialId: null, persistedOpState: null, persistedOpStateExpiryEpochSec: 0}36e1593a-57cf-42fc-9e99-3bc8e6c88ec2{ip: 10.1.0.13, host: fv-az83-67.pawgbth4qraerhbqawdeo1jfng.dx.internal.cloudapp.net, ports: [REPLICATION=36657, RATIS=46439, RATIS_ADMIN=46439, RATIS_SERVER=46439, STANDALONE=39281], networkLocation: /default-rack, certSerialId: null, persistedOpState: null, persistedOpStateExpiryEpochSec: 0}9af99ef4-a70d-4375-9c0d-594670c86eaa{ip: 10.1.0.13, host: fv-az83-67.pawgbth4qraerhbqawdeo1jfng.dx.internal.cloudapp.net, ports: [REPLICATION=37293, RATIS=37969, RATIS_ADMIN=37969, RATIS_SERVER=37969, STANDALONE=45841], networkLocation: /default-rack, certSerialId: null, persistedOpState: null, persistedOpStateExpiryEpochSec: 0}, ReplicationConfig: EC/ECReplicationConfig{data=3, parity=2, ecChunkSize=1048576, codec=rs}, State:ALLOCATED, leaderId:, CreationTimestamp2022-12-15T22:22:09.796Z[Etc/UTC]].
2022-12-15 22:22:09,798 [IPC Server handler 13 on default port 37919] INFO  pipeline.PipelineManagerImpl (PipelineManagerImpl.java:openPipeline(367)) - Pipeline Pipeline[ Id: f173ee43-aca2-4969-847c-ea35770a825d, Nodes: e0198350-5a80-4cc9-b4d4-fe7f34161fcd{ip: 10.1.0.13, host: fv-az83-67.pawgbth4qraerhbqawdeo1jfng.dx.internal.cloudapp.net, ports: [REPLICATION=33725, RATIS=33167, RATIS_ADMIN=33167, RATIS_SERVER=33167, STANDALONE=40941], networkLocation: /default-rack, certSerialId: null, persistedOpState: null, persistedOpStateExpiryEpochSec: 0}c0e45f45-48a3-418c-b3ac-112e0491709c{ip: 10.1.0.13, host: fv-az83-67.pawgbth4qraerhbqawdeo1jfng.dx.internal.cloudapp.net, ports: [REPLICATION=35393, RATIS=40363, RATIS_ADMIN=40363, RATIS_SERVER=40363, STANDALONE=44419], networkLocation: /default-rack, certSerialId: null, persistedOpState: null, persistedOpStateExpiryEpochSec: 0}1e86e54b-7ea4-4ffe-a764-33ccb592660f{ip: 10.1.0.13, host: fv-az83-67.pawgbth4qraerhbqawdeo1jfng.dx.internal.cloudapp.net, ports: [REPLICATION=41383, RATIS=45413, RATIS_ADMIN=45413, RATIS_SERVER=45413, STANDALONE=39139], networkLocation: /default-rack, certSerialId: null, persistedOpState: null, persistedOpStateExpiryEpochSec: 0}36e1593a-57cf-42fc-9e99-3bc8e6c88ec2{ip: 10.1.0.13, host: fv-az83-67.pawgbth4qraerhbqawdeo1jfng.dx.internal.cloudapp.net, ports: [REPLICATION=36657, RATIS=46439, RATIS_ADMIN=46439, RATIS_SERVER=46439, STANDALONE=39281], networkLocation: /default-rack, certSerialId: null, persistedOpState: null, persistedOpStateExpiryEpochSec: 0}9af99ef4-a70d-4375-9c0d-594670c86eaa{ip: 10.1.0.13, host: fv-az83-67.pawgbth4qraerhbqawdeo1jfng.dx.internal.cloudapp.net, ports: [REPLICATION=37293, RATIS=37969, RATIS_ADMIN=37969, RATIS_SERVER=37969, STANDALONE=45841], networkLocation: /default-rack, certSerialId: null, persistedOpState: null, persistedOpStateExpiryEpochSec: 0}, ReplicationConfig: EC/ECReplicationConfig{data=3, parity=2, ecChunkSize=1048576, codec=rs}, State:ALLOCATED, leaderId:, CreationTimestamp2022-12-15T22:22:09.796Z[Etc/UTC]] moved to OPEN state
2022-12-15 22:22:09,836 [Listener at 127.0.0.1/41387] INFO  handler.ContextHandler (ContextHandler.java:doStart(921)) - Started o.e.j.w.WebAppContext@17c4f363{hddsDatanode,/,file:///tmp/jetty-0_0_0_0-45445-hdds-container-service-1_3_0-SNAPSHOT_jar-_-any-2602540873875526173/webapp/,AVAILABLE}{jar:file:/home/runner/.m2/repository/org/apache/ozone/hdds-container-service/1.3.0-SNAPSHOT/hdds-container-service-1.3.0-SNAPSHOT.jar!/webapps/hddsDatanode}
2022-12-15 22:22:09,849 [Listener at 127.0.0.1/41387] INFO  server.AbstractConnector (AbstractConnector.java:doStart(333)) - Started ServerConnector@1f3ab532{HTTP/1.1, (http/1.1)}{0.0.0.0:45445}
2022-12-15 22:22:09,849 [Listener at 127.0.0.1/41387] INFO  server.Server (Server.java:doStart(415)) - Started @33563ms
2022-12-15 22:22:09,849 [Listener at 127.0.0.1/41387] WARN  impl.MetricsSystemImpl (MetricsSystemImpl.java:register(279)) - Sink prometheus already exists!
2022-12-15 22:22:09,855 [Listener at 127.0.0.1/41387] INFO  http.BaseHttpServer (BaseHttpServer.java:updateConnectorAddress(333)) - HTTP server of hddsDatanode listening at http://0.0.0.0:45445
2022-12-15 22:22:09,861 [EventQueue-CommandQueueReportForCommandQueueReportHandler] WARN  events.EventQueue (EventQueue.java:fireEvent(216)) - No event handler registered for event TypedEvent{payloadType=DatanodeDetails, name='Datanode_Command_Queue_Updated'}
2022-12-15 22:22:09,866 [Listener at 127.0.0.1/41387] WARN  impl.MetricRegistriesImpl (MetricRegistriesImpl.java:addReporterRegistration(111)) - New reporters are added after registries were created. Some metrics will be missing from the reporter. Please add reporter before adding any new registry.
2022-12-15 22:22:09,866 [Listener at 127.0.0.1/41387] WARN  impl.MetricRegistriesImpl (MetricRegistriesImpl.java:addReporterRegistration(111)) - New reporters are added after registries were created. Some metrics will be missing from the reporter. Please add reporter before adding any new registry.
2022-12-15 22:22:09,866 [Listener at 127.0.0.1/41387] INFO  impl.MetricsSystemImpl (MetricsSystemImpl.java:init(158)) - HddsDatanode metrics system started (again)
2022-12-15 22:22:09,872 [Datanode State Machine Daemon Thread] INFO  statemachine.DatanodeStateMachine (DatanodeStateMachine.java:lambda$startDaemon$0(509)) - Ozone container server started.
2022-12-15 22:22:09,884 [org.apache.hadoop.util.JvmPauseMonitor$Monitor@5cf0b10] INFO  util.JvmPauseMonitor (JvmPauseMonitor.java:run(188)) - Starting JVM pause monitor
2022-12-15 22:22:09,887 [EventQueue-CommandQueueReportForCommandQueueReportHandler] WARN  events.EventQueue (EventQueue.java:fireEvent(216)) - No event handler registered for event TypedEvent{payloadType=DatanodeDetails, name='Datanode_Command_Queue_Updated'}
2022-12-15 22:22:09,888 [EventQueue-CommandQueueReportForCommandQueueReportHandler] WARN  events.EventQueue (EventQueue.java:fireEvent(216)) - No event handler registered for event TypedEvent{payloadType=DatanodeDetails, name='Datanode_Command_Queue_Updated'}
2022-12-15 22:22:09,895 [Datanode State Machine Task Thread - 0] INFO  datanode.InitDatanodeState (InitDatanodeState.java:persistContainerDatanodeDetails(138)) - DatanodeDetails is persisted to /home/runner/work/ozone/ozone/hadoop-ozone/integration-test/target/test-dir/MiniOzoneClusterImpl-c952205c-0de4-41d8-8615-baf19f81c5db/datanode-1/meta/datanode.id
2022-12-15 22:22:09,933 [Listener at 127.0.0.1/41387] INFO  ozone.HddsDatanodeService (HddsDatanodeService.java:start(236)) - HddsDatanodeService host:fv-az83-67.pawgbth4qraerhbqawdeo1jfng.dx.internal.cloudapp.net ip:10.1.0.13
2022-12-15 22:22:09,945 [EventQueue-CommandQueueReportForCommandQueueReportHandler] WARN  events.EventQueue (EventQueue.java:fireEvent(216)) - No event handler registered for event TypedEvent{payloadType=DatanodeDetails, name='Datanode_Command_Queue_Updated'}
2022-12-15 22:22:09,967 [EventQueue-CommandQueueReportForCommandQueueReportHandler] WARN  events.EventQueue (EventQueue.java:fireEvent(216)) - No event handler registered for event TypedEvent{payloadType=DatanodeDetails, name='Datanode_Command_Queue_Updated'}
2022-12-15 22:22:09,994 [Listener at 127.0.0.1/41387] INFO  upgrade.AbstractLayoutVersionManager (AbstractLayoutVersionManager.java:init(83)) - Initializing Layout version manager with metadata layout = DATANODE_SCHEMA_V3 (version = 4), software layout = DATANODE_SCHEMA_V3 (version = 4)
2022-12-15 22:22:10,064 [Listener at 127.0.0.1/41387] INFO  reflections.Reflections (Reflections.java:scan(232)) - Reflections took 68 ms to scan 7 urls, producing 140 keys and 342 values 
2022-12-15 22:22:10,065 [Listener at 127.0.0.1/41387] INFO  statemachine.DatanodeStateMachine (DatanodeStateMachine.java:getEndPointTaskThreadPoolSize(249)) - Datanode State Machine Task Thread Pool size 2
2022-12-15 22:22:10,083 [Listener at 127.0.0.1/41387] INFO  volume.HddsVolume (HddsVolume.java:<init>(117)) - Creating HddsVolume: /home/runner/work/ozone/ozone/hadoop-ozone/integration-test/target/test-dir/MiniOzoneClusterImpl-c952205c-0de4-41d8-8615-baf19f81c5db/datanode-2/data-0/containers/hdds of storage type : DISK capacity : 9223372036854775807
2022-12-15 22:22:10,083 [Listener at 127.0.0.1/41387] INFO  volume.MutableVolumeSet (MutableVolumeSet.java:initializeVolumeSet(174)) - Added Volume : /home/runner/work/ozone/ozone/hadoop-ozone/integration-test/target/test-dir/MiniOzoneClusterImpl-c952205c-0de4-41d8-8615-baf19f81c5db/datanode-2/data-0/containers/hdds to VolumeSet
2022-12-15 22:22:10,083 [Listener at 127.0.0.1/41387] INFO  volume.ThrottledAsyncChecker (ThrottledAsyncChecker.java:schedule(141)) - Scheduling a check for /home/runner/work/ozone/ozone/hadoop-ozone/integration-test/target/test-dir/MiniOzoneClusterImpl-c952205c-0de4-41d8-8615-baf19f81c5db/datanode-2/data-0/containers/hdds
2022-12-15 22:22:10,107 [Listener at 127.0.0.1/41387] INFO  volume.StorageVolumeChecker (StorageVolumeChecker.java:checkAllVolumes(202)) - Scheduled health check for volume /home/runner/work/ozone/ozone/hadoop-ozone/integration-test/target/test-dir/MiniOzoneClusterImpl-c952205c-0de4-41d8-8615-baf19f81c5db/datanode-2/data-0/containers/hdds
2022-12-15 22:22:10,155 [ReplicationMonitor] INFO  replication.ReplicationManager (ReplicationManager.java:processAll(327)) - Replication Manager is not ready to run until 3000ms after safemode exit
2022-12-15 22:22:10,155 [Listener at 127.0.0.1/41387] INFO  volume.MutableVolumeSet (MutableVolumeSet.java:initializeVolumeSet(174)) - Added Volume : /home/runner/work/ozone/ozone/hadoop-ozone/integration-test/target/test-dir/MiniOzoneClusterImpl-c952205c-0de4-41d8-8615-baf19f81c5db/datanode-2/data/ratis to VolumeSet
2022-12-15 22:22:10,155 [Listener at 127.0.0.1/41387] INFO  volume.ThrottledAsyncChecker (ThrottledAsyncChecker.java:schedule(141)) - Scheduling a check for /home/runner/work/ozone/ozone/hadoop-ozone/integration-test/target/test-dir/MiniOzoneClusterImpl-c952205c-0de4-41d8-8615-baf19f81c5db/datanode-2/data/ratis
2022-12-15 22:22:10,156 [Listener at 127.0.0.1/41387] INFO  volume.StorageVolumeChecker (StorageVolumeChecker.java:checkAllVolumes(202)) - Scheduled health check for volume /home/runner/work/ozone/ozone/hadoop-ozone/integration-test/target/test-dir/MiniOzoneClusterImpl-c952205c-0de4-41d8-8615-baf19f81c5db/datanode-2/data/ratis
2022-12-15 22:22:10,218 [Thread-542] INFO  ozoneimpl.ContainerReader (ContainerReader.java:readVolume(175)) - Finish verifying containers on volume /home/runner/work/ozone/ozone/hadoop-ozone/integration-test/target/test-dir/MiniOzoneClusterImpl-c952205c-0de4-41d8-8615-baf19f81c5db/datanode-2/data-0/containers/hdds
2022-12-15 22:22:10,218 [Listener at 127.0.0.1/41387] INFO  ozoneimpl.OzoneContainer (OzoneContainer.java:buildContainerSet(301)) - Build ContainerSet costs 0s
2022-12-15 22:22:10,221 [Listener at 127.0.0.1/41387] INFO  server.RaftServer (ConfUtils.java:logGet(46)) - raft.rpc.type = GRPC (default)
2022-12-15 22:22:10,223 [Under Replicated Processor] INFO  replication.UnderReplicatedProcessor (UnderReplicatedProcessor.java:processAll(79)) - Processed 0 under replicated containers, failed processing 0
2022-12-15 22:22:10,230 [Over Replicated Processor] INFO  replication.OverReplicatedProcessor (OverReplicatedProcessor.java:processAll(79)) - Processed 0 over replicated containers, failed processing 0
2022-12-15 22:22:10,230 [Listener at 127.0.0.1/41387] INFO  grpc.GrpcConfigKeys (ConfUtils.java:logFallback(53)) - raft.grpc.admin.host = null (fallback to raft.grpc.server.host)
2022-12-15 22:22:10,230 [Listener at 127.0.0.1/41387] INFO  grpc.GrpcConfigKeys (ConfUtils.java:logGet(46)) - raft.grpc.admin.port = 0 (custom)
2022-12-15 22:22:10,230 [Listener at 127.0.0.1/41387] INFO  grpc.GrpcConfigKeys (ConfUtils.java:logFallback(53)) - raft.grpc.client.host = null (fallback to raft.grpc.server.host)
2022-12-15 22:22:10,230 [Listener at 127.0.0.1/41387] INFO  grpc.GrpcConfigKeys (ConfUtils.java:logGet(46)) - raft.grpc.client.port = 0 (custom)
2022-12-15 22:22:10,231 [Listener at 127.0.0.1/41387] INFO  grpc.GrpcConfigKeys (ConfUtils.java:logGet(46)) - raft.grpc.server.host = null (default)
2022-12-15 22:22:10,231 [Listener at 127.0.0.1/41387] INFO  grpc.GrpcConfigKeys (ConfUtils.java:logGet(46)) - raft.grpc.server.port = 0 (default)
2022-12-15 22:22:10,231 [Listener at 127.0.0.1/41387] INFO  server.GrpcService (ConfUtils.java:logGet(46)) - raft.grpc.message.size.max = 32MB (=33554432) (custom)
2022-12-15 22:22:10,231 [Listener at 127.0.0.1/41387] INFO  server.RaftServerConfigKeys (ConfUtils.java:logGet(46)) - raft.server.log.appender.buffer.byte-limit = 33554432 (custom)
2022-12-15 22:22:10,231 [Listener at 127.0.0.1/41387] INFO  server.GrpcService (ConfUtils.java:logGet(46)) - raft.grpc.flow.control.window = 5MB (=5242880) (custom)
2022-12-15 22:22:10,231 [Listener at 127.0.0.1/41387] INFO  server.RaftServerConfigKeys (ConfUtils.java:logGet(46)) - raft.server.rpc.request.timeout = 60s (custom)
2022-12-15 22:22:10,233 [Listener at 127.0.0.1/41387] INFO  grpc.GrpcConfigKeys (ConfUtils.java:logGet(46)) - raft.grpc.server.heartbeat.channel = true (default)
2022-12-15 22:22:10,234 [Listener at 127.0.0.1/41387] INFO  grpc.GrpcConfigKeys (ConfUtils.java:logGet(46)) - raft.grpc.server.async.request.thread.pool.cached = true (default)
2022-12-15 22:22:10,234 [Listener at 127.0.0.1/41387] INFO  grpc.GrpcConfigKeys (ConfUtils.java:logGet(46)) - raft.grpc.server.async.request.thread.pool.size = 32 (default)
2022-12-15 22:22:10,243 [ReplicationMonitor] INFO  replication.ReplicationManager (ReplicationManager.java:processAll(360)) - Replication Monitor Thread took 0 milliseconds for processing 8 containers.
2022-12-15 22:22:10,245 [Listener at 127.0.0.1/41387] INFO  impl.DataStreamServerImpl (ConfUtils.java:logGet(46)) - raft.datastream.type = DISABLED (default)
2022-12-15 22:22:10,247 [Listener at 127.0.0.1/41387] INFO  server.RaftServerConfigKeys (ConfUtils.java:logGet(46)) - raft.server.threadpool.proxy.cached = true (default)
2022-12-15 22:22:10,247 [Listener at 127.0.0.1/41387] INFO  server.RaftServerConfigKeys (ConfUtils.java:logGet(46)) - raft.server.threadpool.proxy.size = 0 (default)
2022-12-15 22:22:10,247 [Listener at 127.0.0.1/41387] INFO  server.RaftServerConfigKeys (ConfUtils.java:logGet(46)) - raft.server.rpc.slowness.timeout = 300s (custom)
2022-12-15 22:22:10,248 [Listener at 127.0.0.1/41387] INFO  server.RaftServerConfigKeys (ConfUtils.java:logGet(46)) - raft.server.leaderelection.leader.step-down.wait-time = 10s (default)
2022-12-15 22:22:10,248 [Listener at 127.0.0.1/41387] INFO  server.RaftServerConfigKeys (ConfUtils.java:logGet(46)) - raft.server.storage.dir = [/home/runner/work/ozone/ozone/hadoop-ozone/integration-test/target/test-dir/MiniOzoneClusterImpl-c952205c-0de4-41d8-8615-baf19f81c5db/datanode-2/data/ratis] (custom)
2022-12-15 22:22:10,254 [Listener at 127.0.0.1/41387] INFO  server.XceiverServerGrpc (XceiverServerGrpc.java:<init>(132)) - GrpcServer channel type EpollServerSocketChannel
2022-12-15 22:22:10,258 [Listener at 127.0.0.1/41387] INFO  http.BaseHttpServer (BaseHttpServer.java:newHttpServer2BuilderForOzone(213)) - Starting Web-server for hddsDatanode at: http://0.0.0.0:0
2022-12-15 22:22:10,258 [Listener at 127.0.0.1/41387] INFO  http.BaseHttpServer (BaseHttpServer.java:<init>(108)) - Hadoop Security Enabled: false Ozone Security Enabled: false Ozone HTTP Security Enabled: false 
2022-12-15 22:22:10,260 [Listener at 127.0.0.1/41387] WARN  server.AuthenticationFilter (AuthenticationFilter.java:constructSecretProvider(240)) - Unable to initialize FileSignerSecretProvider, falling back to use random secrets. Reason: Could not read signature secret file: /home/runner/hadoop-http-auth-signature-secret
2022-12-15 22:22:10,267 [Listener at 127.0.0.1/41387] WARN  http.HttpRequestLog (HttpRequestLog.java:getRequestLog(103)) - Jetty request log can only be enabled using Log4j
2022-12-15 22:22:10,269 [Listener at 127.0.0.1/41387] INFO  http.HttpServer2 (HttpServer2.java:addGlobalFilter(1031)) - Added global filter 'safety' (class=org.apache.hadoop.hdds.server.http.HttpServer2$QuotingInputFilter)
2022-12-15 22:22:10,269 [Listener at 127.0.0.1/41387] INFO  http.HttpServer2 (HttpServer2.java:addFilter(1007)) - Added filter static_user_filter (class=org.apache.hadoop.http.lib.StaticUserWebFilter$StaticUserFilter) to context hddsDatanode
2022-12-15 22:22:10,269 [Listener at 127.0.0.1/41387] INFO  http.HttpServer2 (HttpServer2.java:addFilter(1015)) - Added filter static_user_filter (class=org.apache.hadoop.http.lib.StaticUserWebFilter$StaticUserFilter) to context static
2022-12-15 22:22:10,269 [Listener at 127.0.0.1/41387] INFO  http.HttpServer2 (HttpServer2.java:addFilter(1015)) - Added filter static_user_filter (class=org.apache.hadoop.http.lib.StaticUserWebFilter$StaticUserFilter) to context logs
2022-12-15 22:22:10,270 [Listener at 127.0.0.1/41387] INFO  http.HttpServer2 (HttpServer2.java:bindListener(1250)) - Jetty bound to port 34077
2022-12-15 22:22:10,270 [Listener at 127.0.0.1/41387] INFO  server.Server (Server.java:doStart(375)) - jetty-9.4.49.v20220914; built: 2022-09-14T01:07:36.601Z; git: 4231a3b2e4cb8548a412a789936d640a97b1aa0a; jvm 1.8.0_352-b08
2022-12-15 22:22:10,287 [Listener at 127.0.0.1/41387] INFO  server.session (DefaultSessionIdManager.java:doStart(334)) - DefaultSessionIdManager workerName=node0
2022-12-15 22:22:10,287 [Listener at 127.0.0.1/41387] INFO  server.session (DefaultSessionIdManager.java:doStart(339)) - No SessionScavenger set, using defaults
2022-12-15 22:22:10,288 [Listener at 127.0.0.1/41387] INFO  server.session (HouseKeeper.java:startScavenging(132)) - node0 Scavenging every 660000ms
2022-12-15 22:22:10,294 [Listener at 127.0.0.1/41387] INFO  handler.ContextHandler (ContextHandler.java:doStart(921)) - Started o.e.j.s.ServletContextHandler@6364f1db{logs,/logs,file:///home/runner/work/ozone/ozone/hadoop-ozone/integration-test/target/log,AVAILABLE}
2022-12-15 22:22:10,294 [Listener at 127.0.0.1/41387] INFO  handler.ContextHandler (ContextHandler.java:doStart(921)) - Started o.e.j.s.ServletContextHandler@5a8df819{static,/static,jar:file:/home/runner/.m2/repository/org/apache/ozone/hdds-container-service/1.3.0-SNAPSHOT/hdds-container-service-1.3.0-SNAPSHOT.jar!/webapps/static,AVAILABLE}
2022-12-15 22:22:10,639 [EventQueue-CommandQueueReportForCommandQueueReportHandler] WARN  events.EventQueue (EventQueue.java:fireEvent(216)) - No event handler registered for event TypedEvent{payloadType=DatanodeDetails, name='Datanode_Command_Queue_Updated'}
2022-12-15 22:22:10,709 [EventQueue-CommandQueueReportForCommandQueueReportHandler] WARN  events.EventQueue (EventQueue.java:fireEvent(216)) - No event handler registered for event TypedEvent{payloadType=DatanodeDetails, name='Datanode_Command_Queue_Updated'}
2022-12-15 22:22:10,863 [EventQueue-CommandQueueReportForCommandQueueReportHandler] WARN  events.EventQueue (EventQueue.java:fireEvent(216)) - No event handler registered for event TypedEvent{payloadType=DatanodeDetails, name='Datanode_Command_Queue_Updated'}
2022-12-15 22:22:10,880 [EventQueue-CommandQueueReportForCommandQueueReportHandler] WARN  events.EventQueue (EventQueue.java:fireEvent(216)) - No event handler registered for event TypedEvent{payloadType=DatanodeDetails, name='Datanode_Command_Queue_Updated'}
2022-12-15 22:22:10,882 [EventQueue-CommandQueueReportForCommandQueueReportHandler] WARN  events.EventQueue (EventQueue.java:fireEvent(216)) - No event handler registered for event TypedEvent{payloadType=DatanodeDetails, name='Datanode_Command_Queue_Updated'}
2022-12-15 22:22:10,890 [EndpointStateMachine task thread for /0.0.0.0:46479 - 0 ] INFO  utils.DatanodeStoreCache (DatanodeStoreCache.java:addDB(58)) - Added db /home/runner/work/ozone/ozone/hadoop-ozone/integration-test/target/test-dir/MiniOzoneClusterImpl-c952205c-0de4-41d8-8615-baf19f81c5db/datanode-0/data-0/containers/hdds/c952205c-0de4-41d8-8615-baf19f81c5db/DS-7b5fdd88-684c-4484-acb9-b2c18447cc2e/container.db to cache
2022-12-15 22:22:10,890 [EndpointStateMachine task thread for /0.0.0.0:46479 - 0 ] INFO  volume.HddsVolume (HddsVolume.java:createDbStore(307)) - SchemaV3 db is created and loaded at /home/runner/work/ozone/ozone/hadoop-ozone/integration-test/target/test-dir/MiniOzoneClusterImpl-c952205c-0de4-41d8-8615-baf19f81c5db/datanode-0/data-0/containers/hdds/c952205c-0de4-41d8-8615-baf19f81c5db/DS-7b5fdd88-684c-4484-acb9-b2c18447cc2e/container.db for volume DS-7b5fdd88-684c-4484-acb9-b2c18447cc2e
2022-12-15 22:22:10,890 [EndpointStateMachine task thread for /0.0.0.0:46479 - 0 ] INFO  ozoneimpl.OzoneContainer (OzoneContainer.java:start(395)) - Attempting to start container services.
2022-12-15 22:22:10,890 [EndpointStateMachine task thread for /0.0.0.0:46479 - 0 ] INFO  ozoneimpl.OzoneContainer (OzoneContainer.java:startContainerScrub(312)) - Scheduled background container scanners and the on-demand container scanner have been disabled.
2022-12-15 22:22:10,896 [EndpointStateMachine task thread for /0.0.0.0:46479 - 0 ] INFO  replication.ReplicationServer (ReplicationServer.java:start(106)) - ReplicationServer is started using port 33207
2022-12-15 22:22:10,897 [EndpointStateMachine task thread for /0.0.0.0:46479 - 0 ] INFO  ratis.XceiverServerRatis (XceiverServerRatis.java:start(481)) - Starting XceiverServerRatis 51274d7d-d5a1-4c32-9641-f14f0b9efaa9
2022-12-15 22:22:10,941 [EndpointStateMachine task thread for /0.0.0.0:46479 - 0 ] INFO  server.RaftServer (RaftServerProxy.java:startImpl(393)) - 51274d7d-d5a1-4c32-9641-f14f0b9efaa9: start RPC server
2022-12-15 22:22:10,946 [EventQueue-CommandQueueReportForCommandQueueReportHandler] WARN  events.EventQueue (EventQueue.java:fireEvent(216)) - No event handler registered for event TypedEvent{payloadType=DatanodeDetails, name='Datanode_Command_Queue_Updated'}
2022-12-15 22:22:10,967 [EventQueue-CommandQueueReportForCommandQueueReportHandler] WARN  events.EventQueue (EventQueue.java:fireEvent(216)) - No event handler registered for event TypedEvent{payloadType=DatanodeDetails, name='Datanode_Command_Queue_Updated'}
2022-12-15 22:22:10,967 [Listener at 127.0.0.1/41387] INFO  handler.ContextHandler (ContextHandler.java:doStart(921)) - Started o.e.j.w.WebAppContext@2071f97{hddsDatanode,/,file:///tmp/jetty-0_0_0_0-34077-hdds-container-service-1_3_0-SNAPSHOT_jar-_-any-5426721789140634674/webapp/,AVAILABLE}{jar:file:/home/runner/.m2/repository/org/apache/ozone/hdds-container-service/1.3.0-SNAPSHOT/hdds-container-service-1.3.0-SNAPSHOT.jar!/webapps/hddsDatanode}
2022-12-15 22:22:10,971 [EndpointStateMachine task thread for /0.0.0.0:46479 - 0 ] INFO  server.GrpcService (GrpcService.java:startImpl(262)) - 51274d7d-d5a1-4c32-9641-f14f0b9efaa9: GrpcService started, listening on 34457
2022-12-15 22:22:10,972 [EndpointStateMachine task thread for /0.0.0.0:46479 - 0 ] INFO  ratis.XceiverServerRatis (XceiverServerRatis.java:getRealPort(502)) - XceiverServerRatis 51274d7d-d5a1-4c32-9641-f14f0b9efaa9 is started using port 34457 for RATIS
2022-12-15 22:22:10,972 [JvmPauseMonitor9] INFO  util.JvmPauseMonitor (JvmPauseMonitor.java:run(105)) - JvmPauseMonitor-51274d7d-d5a1-4c32-9641-f14f0b9efaa9: Started
2022-12-15 22:22:10,972 [EndpointStateMachine task thread for /0.0.0.0:46479 - 0 ] INFO  ratis.XceiverServerRatis (XceiverServerRatis.java:getRealPort(502)) - XceiverServerRatis 51274d7d-d5a1-4c32-9641-f14f0b9efaa9 is started using port 34457 for RATIS_ADMIN
2022-12-15 22:22:10,972 [EndpointStateMachine task thread for /0.0.0.0:46479 - 0 ] INFO  ratis.XceiverServerRatis (XceiverServerRatis.java:getRealPort(502)) - XceiverServerRatis 51274d7d-d5a1-4c32-9641-f14f0b9efaa9 is started using port 34457 for RATIS_SERVER
2022-12-15 22:22:10,977 [EndpointStateMachine task thread for /0.0.0.0:46479 - 0 ] INFO  server.XceiverServerGrpc (XceiverServerGrpc.java:start(180)) - XceiverServerGrpc 51274d7d-d5a1-4c32-9641-f14f0b9efaa9 is started using port 45609
2022-12-15 22:22:10,984 [Listener at 127.0.0.1/41387] INFO  server.AbstractConnector (AbstractConnector.java:doStart(333)) - Started ServerConnector@79641b4e{HTTP/1.1, (http/1.1)}{0.0.0.0:34077}
2022-12-15 22:22:10,984 [Listener at 127.0.0.1/41387] INFO  server.Server (Server.java:doStart(415)) - Started @34699ms
2022-12-15 22:22:10,984 [Listener at 127.0.0.1/41387] WARN  impl.MetricsSystemImpl (MetricsSystemImpl.java:register(279)) - Sink prometheus already exists!
2022-12-15 22:22:10,985 [Listener at 127.0.0.1/41387] INFO  http.BaseHttpServer (BaseHttpServer.java:updateConnectorAddress(333)) - HTTP server of hddsDatanode listening at http://0.0.0.0:34077
2022-12-15 22:22:10,986 [Listener at 127.0.0.1/41387] WARN  impl.MetricRegistriesImpl (MetricRegistriesImpl.java:addReporterRegistration(111)) - New reporters are added after registries were created. Some metrics will be missing from the reporter. Please add reporter before adding any new registry.
2022-12-15 22:22:10,986 [Listener at 127.0.0.1/41387] WARN  impl.MetricRegistriesImpl (MetricRegistriesImpl.java:addReporterRegistration(111)) - New reporters are added after registries were created. Some metrics will be missing from the reporter. Please add reporter before adding any new registry.
2022-12-15 22:22:10,986 [Listener at 127.0.0.1/41387] INFO  impl.MetricsSystemImpl (MetricsSystemImpl.java:init(158)) - HddsDatanode metrics system started (again)
2022-12-15 22:22:10,992 [Datanode State Machine Daemon Thread] INFO  statemachine.DatanodeStateMachine (DatanodeStateMachine.java:lambda$startDaemon$0(509)) - Ozone container server started.
2022-12-15 22:22:11,002 [org.apache.hadoop.util.JvmPauseMonitor$Monitor@57e8542c] INFO  util.JvmPauseMonitor (JvmPauseMonitor.java:run(188)) - Starting JVM pause monitor
2022-12-15 22:22:11,012 [Datanode State Machine Task Thread - 0] INFO  datanode.InitDatanodeState (InitDatanodeState.java:persistContainerDatanodeDetails(138)) - DatanodeDetails is persisted to /home/runner/work/ozone/ozone/hadoop-ozone/integration-test/target/test-dir/MiniOzoneClusterImpl-c952205c-0de4-41d8-8615-baf19f81c5db/datanode-2/meta/datanode.id
2022-12-15 22:22:11,015 [Listener at 127.0.0.1/41387] INFO  ozone.HddsDatanodeService (HddsDatanodeService.java:start(236)) - HddsDatanodeService host:fv-az83-67.pawgbth4qraerhbqawdeo1jfng.dx.internal.cloudapp.net ip:10.1.0.13
2022-12-15 22:22:11,070 [Listener at 127.0.0.1/41387] INFO  upgrade.AbstractLayoutVersionManager (AbstractLayoutVersionManager.java:init(83)) - Initializing Layout version manager with metadata layout = DATANODE_SCHEMA_V3 (version = 4), software layout = DATANODE_SCHEMA_V3 (version = 4)
2022-12-15 22:22:11,155 [ReplicationMonitor] INFO  replication.ReplicationManager (ReplicationManager.java:processAll(327)) - Replication Manager is not ready to run until 3000ms after safemode exit
2022-12-15 22:22:11,203 [Listener at 127.0.0.1/41387] INFO  reflections.Reflections (Reflections.java:scan(232)) - Reflections took 110 ms to scan 7 urls, producing 140 keys and 342 values 
2022-12-15 22:22:11,211 [Listener at 127.0.0.1/41387] INFO  statemachine.DatanodeStateMachine (DatanodeStateMachine.java:getEndPointTaskThreadPoolSize(249)) - Datanode State Machine Task Thread Pool size 2
2022-12-15 22:22:11,232 [Over Replicated Processor] INFO  replication.OverReplicatedProcessor (OverReplicatedProcessor.java:processAll(79)) - Processed 0 over replicated containers, failed processing 0
2022-12-15 22:22:11,237 [Under Replicated Processor] INFO  replication.UnderReplicatedProcessor (UnderReplicatedProcessor.java:processAll(79)) - Processed 0 under replicated containers, failed processing 0
2022-12-15 22:22:11,249 [ReplicationMonitor] INFO  replication.ReplicationManager (ReplicationManager.java:processAll(360)) - Replication Monitor Thread took 1 milliseconds for processing 8 containers.
2022-12-15 22:22:11,310 [Listener at 127.0.0.1/41387] INFO  volume.HddsVolume (HddsVolume.java:<init>(117)) - Creating HddsVolume: /home/runner/work/ozone/ozone/hadoop-ozone/integration-test/target/test-dir/MiniOzoneClusterImpl-c952205c-0de4-41d8-8615-baf19f81c5db/datanode-3/data-0/containers/hdds of storage type : DISK capacity : 9223372036854775807
2022-12-15 22:22:11,311 [Listener at 127.0.0.1/41387] INFO  volume.MutableVolumeSet (MutableVolumeSet.java:initializeVolumeSet(174)) - Added Volume : /home/runner/work/ozone/ozone/hadoop-ozone/integration-test/target/test-dir/MiniOzoneClusterImpl-c952205c-0de4-41d8-8615-baf19f81c5db/datanode-3/data-0/containers/hdds to VolumeSet
2022-12-15 22:22:11,311 [Listener at 127.0.0.1/41387] INFO  volume.ThrottledAsyncChecker (ThrottledAsyncChecker.java:schedule(141)) - Scheduling a check for /home/runner/work/ozone/ozone/hadoop-ozone/integration-test/target/test-dir/MiniOzoneClusterImpl-c952205c-0de4-41d8-8615-baf19f81c5db/datanode-3/data-0/containers/hdds
2022-12-15 22:22:11,320 [c0e45f45-48a3-418c-b3ac-112e0491709c@group-D5DD31449DCD-FollowerState] INFO  impl.FollowerState (FollowerState.java:run(143)) - c0e45f45-48a3-418c-b3ac-112e0491709c@group-D5DD31449DCD-FollowerState: change to CANDIDATE, lastRpcElapsedTime:5094857404ns, electionTimeout:5078ms
2022-12-15 22:22:11,320 [c0e45f45-48a3-418c-b3ac-112e0491709c@group-D5DD31449DCD-FollowerState] INFO  impl.RoleInfo (RoleInfo.java:shutdownFollowerState(110)) - c0e45f45-48a3-418c-b3ac-112e0491709c: shutdown c0e45f45-48a3-418c-b3ac-112e0491709c@group-D5DD31449DCD-FollowerState
2022-12-15 22:22:11,320 [c0e45f45-48a3-418c-b3ac-112e0491709c@group-D5DD31449DCD-FollowerState] INFO  server.RaftServer$Division (RaftServerImpl.java:setRole(321)) - c0e45f45-48a3-418c-b3ac-112e0491709c@group-D5DD31449DCD: changes role from  FOLLOWER to CANDIDATE at term 2 for changeToCandidate
2022-12-15 22:22:11,328 [Listener at 127.0.0.1/41387] INFO  volume.StorageVolumeChecker (StorageVolumeChecker.java:checkAllVolumes(202)) - Scheduled health check for volume /home/runner/work/ozone/ozone/hadoop-ozone/integration-test/target/test-dir/MiniOzoneClusterImpl-c952205c-0de4-41d8-8615-baf19f81c5db/datanode-3/data-0/containers/hdds
2022-12-15 22:22:11,332 [c0e45f45-48a3-418c-b3ac-112e0491709c@group-D5DD31449DCD-FollowerState] INFO  server.RaftServerConfigKeys (ConfUtils.java:logGet(46)) - raft.server.leaderelection.pre-vote = false (custom)
2022-12-15 22:22:11,332 [c0e45f45-48a3-418c-b3ac-112e0491709c@group-D5DD31449DCD-FollowerState] INFO  impl.RoleInfo (RoleInfo.java:updateAndGet(139)) - c0e45f45-48a3-418c-b3ac-112e0491709c: start c0e45f45-48a3-418c-b3ac-112e0491709c@group-D5DD31449DCD-LeaderElection16
2022-12-15 22:22:11,363 [c0e45f45-48a3-418c-b3ac-112e0491709c@group-D5DD31449DCD-LeaderElection16] INFO  impl.LeaderElection (LeaderElection.java:askForVotes(312)) - c0e45f45-48a3-418c-b3ac-112e0491709c@group-D5DD31449DCD-LeaderElection16 ELECTION round 0: submit vote requests at term 3 for -1: peers:[9af99ef4-a70d-4375-9c0d-594670c86eaa|rpc:10.1.0.13:37969|dataStream:|priority:0|startupRole:FOLLOWER, 36e1593a-57cf-42fc-9e99-3bc8e6c88ec2|rpc:10.1.0.13:46439|dataStream:|priority:0|startupRole:FOLLOWER, c0e45f45-48a3-418c-b3ac-112e0491709c|rpc:10.1.0.13:40363|dataStream:|priority:1|startupRole:FOLLOWER]|listeners:[], old=null
2022-12-15 22:22:11,369 [Listener at 127.0.0.1/41387] INFO  volume.MutableVolumeSet (MutableVolumeSet.java:initializeVolumeSet(174)) - Added Volume : /home/runner/work/ozone/ozone/hadoop-ozone/integration-test/target/test-dir/MiniOzoneClusterImpl-c952205c-0de4-41d8-8615-baf19f81c5db/datanode-3/data/ratis to VolumeSet
2022-12-15 22:22:11,369 [Listener at 127.0.0.1/41387] INFO  volume.ThrottledAsyncChecker (ThrottledAsyncChecker.java:schedule(141)) - Scheduling a check for /home/runner/work/ozone/ozone/hadoop-ozone/integration-test/target/test-dir/MiniOzoneClusterImpl-c952205c-0de4-41d8-8615-baf19f81c5db/datanode-3/data/ratis
2022-12-15 22:22:11,372 [grpc-default-executor-5] INFO  server.RaftServer$Division (RaftServerImpl.java:requestVote(1218)) - 9af99ef4-a70d-4375-9c0d-594670c86eaa@group-D5DD31449DCD: receive requestVote(ELECTION, c0e45f45-48a3-418c-b3ac-112e0491709c, group-D5DD31449DCD, 3, (t:0, i:0))
2022-12-15 22:22:11,372 [grpc-default-executor-5] INFO  impl.VoteContext (VoteContext.java:log(49)) - 9af99ef4-a70d-4375-9c0d-594670c86eaa@group-D5DD31449DCD-FOLLOWER: accept ELECTION from c0e45f45-48a3-418c-b3ac-112e0491709c: our priority 0 <= candidate's priority 1
2022-12-15 22:22:11,372 [grpc-default-executor-5] INFO  server.RaftServer$Division (RaftServerImpl.java:setRole(321)) - 9af99ef4-a70d-4375-9c0d-594670c86eaa@group-D5DD31449DCD: changes role from  FOLLOWER to FOLLOWER at term 3 for candidate:c0e45f45-48a3-418c-b3ac-112e0491709c
2022-12-15 22:22:11,372 [grpc-default-executor-5] INFO  impl.RoleInfo (RoleInfo.java:shutdownFollowerState(110)) - 9af99ef4-a70d-4375-9c0d-594670c86eaa: shutdown 9af99ef4-a70d-4375-9c0d-594670c86eaa@group-D5DD31449DCD-FollowerState
2022-12-15 22:22:11,376 [c0e45f45-48a3-418c-b3ac-112e0491709c@group-D5DD31449DCD-LeaderElection16] INFO  server.RaftServerConfigKeys (ConfUtils.java:logFallback(53)) - raft.server.rpc.first-election.timeout.min = 5s (fallback to raft.server.rpc.timeout.min)
2022-12-15 22:22:11,376 [c0e45f45-48a3-418c-b3ac-112e0491709c@group-D5DD31449DCD-LeaderElection16] INFO  server.RaftServerConfigKeys (ConfUtils.java:logFallback(53)) - raft.server.rpc.first-election.timeout.max = 5200ms (fallback to raft.server.rpc.timeout.max)
2022-12-15 22:22:11,376 [grpc-default-executor-5] INFO  impl.RoleInfo (RoleInfo.java:updateAndGet(139)) - 9af99ef4-a70d-4375-9c0d-594670c86eaa: start 9af99ef4-a70d-4375-9c0d-594670c86eaa@group-D5DD31449DCD-FollowerState
2022-12-15 22:22:11,377 [Listener at 127.0.0.1/41387] INFO  volume.StorageVolumeChecker (StorageVolumeChecker.java:checkAllVolumes(202)) - Scheduled health check for volume /home/runner/work/ozone/ozone/hadoop-ozone/integration-test/target/test-dir/MiniOzoneClusterImpl-c952205c-0de4-41d8-8615-baf19f81c5db/datanode-3/data/ratis
2022-12-15 22:22:11,377 [9af99ef4-a70d-4375-9c0d-594670c86eaa@group-D5DD31449DCD-FollowerState] INFO  impl.FollowerState (FollowerState.java:run(152)) - 9af99ef4-a70d-4375-9c0d-594670c86eaa@group-D5DD31449DCD-FollowerState was interrupted
2022-12-15 22:22:11,383 [grpc-default-executor-2] INFO  server.RaftServer$Division (RaftServerImpl.java:requestVote(1218)) - 36e1593a-57cf-42fc-9e99-3bc8e6c88ec2@group-D5DD31449DCD: receive requestVote(ELECTION, c0e45f45-48a3-418c-b3ac-112e0491709c, group-D5DD31449DCD, 3, (t:0, i:0))
2022-12-15 22:22:11,383 [grpc-default-executor-2] INFO  impl.VoteContext (VoteContext.java:log(49)) - 36e1593a-57cf-42fc-9e99-3bc8e6c88ec2@group-D5DD31449DCD-FOLLOWER: accept ELECTION from c0e45f45-48a3-418c-b3ac-112e0491709c: our priority 0 <= candidate's priority 1
2022-12-15 22:22:11,383 [grpc-default-executor-2] INFO  server.RaftServer$Division (RaftServerImpl.java:setRole(321)) - 36e1593a-57cf-42fc-9e99-3bc8e6c88ec2@group-D5DD31449DCD: changes role from  FOLLOWER to FOLLOWER at term 3 for candidate:c0e45f45-48a3-418c-b3ac-112e0491709c
2022-12-15 22:22:11,383 [grpc-default-executor-2] INFO  impl.RoleInfo (RoleInfo.java:shutdownFollowerState(110)) - 36e1593a-57cf-42fc-9e99-3bc8e6c88ec2: shutdown 36e1593a-57cf-42fc-9e99-3bc8e6c88ec2@group-D5DD31449DCD-FollowerState
2022-12-15 22:22:11,390 [9af99ef4-a70d-4375-9c0d-594670c86eaa@group-D5DD31449DCD-FollowerState] INFO  server.RaftServerConfigKeys (ConfUtils.java:logFallback(53)) - raft.server.rpc.first-election.timeout.min = 5s (fallback to raft.server.rpc.timeout.min)
2022-12-15 22:22:11,390 [9af99ef4-a70d-4375-9c0d-594670c86eaa@group-D5DD31449DCD-FollowerState] INFO  server.RaftServerConfigKeys (ConfUtils.java:logFallback(53)) - raft.server.rpc.first-election.timeout.max = 5200ms (fallback to raft.server.rpc.timeout.max)
2022-12-15 22:22:11,392 [grpc-default-executor-5] INFO  server.RaftServer$Division (RaftServerImpl.java:requestVote(1251)) - 9af99ef4-a70d-4375-9c0d-594670c86eaa@group-D5DD31449DCD replies to ELECTION vote request: c0e45f45-48a3-418c-b3ac-112e0491709c<-9af99ef4-a70d-4375-9c0d-594670c86eaa#0:OK-t3. Peer's state: 9af99ef4-a70d-4375-9c0d-594670c86eaa@group-D5DD31449DCD:t3, leader=null, voted=c0e45f45-48a3-418c-b3ac-112e0491709c, raftlog=Memoized:9af99ef4-a70d-4375-9c0d-594670c86eaa@group-D5DD31449DCD-SegmentedRaftLog:OPENED:c-1, conf=-1: peers:[9af99ef4-a70d-4375-9c0d-594670c86eaa|rpc:10.1.0.13:37969|dataStream:|priority:0|startupRole:FOLLOWER, 36e1593a-57cf-42fc-9e99-3bc8e6c88ec2|rpc:10.1.0.13:46439|dataStream:|priority:0|startupRole:FOLLOWER, c0e45f45-48a3-418c-b3ac-112e0491709c|rpc:10.1.0.13:40363|dataStream:|priority:1|startupRole:FOLLOWER]|listeners:[], old=null
2022-12-15 22:22:11,396 [grpc-default-executor-2] INFO  impl.RoleInfo (RoleInfo.java:updateAndGet(139)) - 36e1593a-57cf-42fc-9e99-3bc8e6c88ec2: start 36e1593a-57cf-42fc-9e99-3bc8e6c88ec2@group-D5DD31449DCD-FollowerState
2022-12-15 22:22:11,396 [36e1593a-57cf-42fc-9e99-3bc8e6c88ec2@group-D5DD31449DCD-FollowerState] INFO  impl.FollowerState (FollowerState.java:run(152)) - 36e1593a-57cf-42fc-9e99-3bc8e6c88ec2@group-D5DD31449DCD-FollowerState was interrupted
2022-12-15 22:22:11,409 [36e1593a-57cf-42fc-9e99-3bc8e6c88ec2@group-D5DD31449DCD-FollowerState] INFO  server.RaftServerConfigKeys (ConfUtils.java:logFallback(53)) - raft.server.rpc.first-election.timeout.min = 5s (fallback to raft.server.rpc.timeout.min)
2022-12-15 22:22:11,409 [36e1593a-57cf-42fc-9e99-3bc8e6c88ec2@group-D5DD31449DCD-FollowerState] INFO  server.RaftServerConfigKeys (ConfUtils.java:logFallback(53)) - raft.server.rpc.first-election.timeout.max = 5200ms (fallback to raft.server.rpc.timeout.max)
2022-12-15 22:22:11,409 [grpc-default-executor-2] INFO  server.RaftServer$Division (RaftServerImpl.java:requestVote(1251)) - 36e1593a-57cf-42fc-9e99-3bc8e6c88ec2@group-D5DD31449DCD replies to ELECTION vote request: c0e45f45-48a3-418c-b3ac-112e0491709c<-36e1593a-57cf-42fc-9e99-3bc8e6c88ec2#0:OK-t3. Peer's state: 36e1593a-57cf-42fc-9e99-3bc8e6c88ec2@group-D5DD31449DCD:t3, leader=null, voted=c0e45f45-48a3-418c-b3ac-112e0491709c, raftlog=Memoized:36e1593a-57cf-42fc-9e99-3bc8e6c88ec2@group-D5DD31449DCD-SegmentedRaftLog:OPENED:c-1, conf=-1: peers:[9af99ef4-a70d-4375-9c0d-594670c86eaa|rpc:10.1.0.13:37969|priority:0|startupRole:FOLLOWER, 36e1593a-57cf-42fc-9e99-3bc8e6c88ec2|rpc:10.1.0.13:46439|priority:0|startupRole:FOLLOWER, c0e45f45-48a3-418c-b3ac-112e0491709c|rpc:10.1.0.13:40363|priority:1|startupRole:FOLLOWER]|listeners:[], old=null
2022-12-15 22:22:11,410 [Thread-566] INFO  ozoneimpl.ContainerReader (ContainerReader.java:readVolume(175)) - Finish verifying containers on volume /home/runner/work/ozone/ozone/hadoop-ozone/integration-test/target/test-dir/MiniOzoneClusterImpl-c952205c-0de4-41d8-8615-baf19f81c5db/datanode-3/data-0/containers/hdds
2022-12-15 22:22:11,411 [Listener at 127.0.0.1/41387] INFO  ozoneimpl.OzoneContainer (OzoneContainer.java:buildContainerSet(301)) - Build ContainerSet costs 0s
2022-12-15 22:22:11,411 [c0e45f45-48a3-418c-b3ac-112e0491709c@group-D5DD31449DCD-LeaderElection16] INFO  impl.LeaderElection (LeaderElection.java:logAndReturn(90)) - c0e45f45-48a3-418c-b3ac-112e0491709c@group-D5DD31449DCD-LeaderElection16: ELECTION PASSED received 1 response(s) and 0 exception(s):
2022-12-15 22:22:11,411 [c0e45f45-48a3-418c-b3ac-112e0491709c@group-D5DD31449DCD-LeaderElection16] INFO  impl.LeaderElection (LeaderElection.java:logAndReturn(94)) -   Response 0: c0e45f45-48a3-418c-b3ac-112e0491709c<-36e1593a-57cf-42fc-9e99-3bc8e6c88ec2#0:OK-t3
2022-12-15 22:22:11,411 [c0e45f45-48a3-418c-b3ac-112e0491709c@group-D5DD31449DCD-LeaderElection16] INFO  impl.LeaderElection (LeaderElection.java:askForVotes(314)) - c0e45f45-48a3-418c-b3ac-112e0491709c@group-D5DD31449DCD-LeaderElection16 ELECTION round 0: result PASSED
2022-12-15 22:22:11,411 [c0e45f45-48a3-418c-b3ac-112e0491709c@group-D5DD31449DCD-LeaderElection16] INFO  impl.RoleInfo (RoleInfo.java:shutdownLeaderElection(130)) - c0e45f45-48a3-418c-b3ac-112e0491709c: shutdown c0e45f45-48a3-418c-b3ac-112e0491709c@group-D5DD31449DCD-LeaderElection16
2022-12-15 22:22:11,411 [c0e45f45-48a3-418c-b3ac-112e0491709c@group-D5DD31449DCD-LeaderElection16] INFO  server.RaftServer$Division (RaftServerImpl.java:setRole(321)) - c0e45f45-48a3-418c-b3ac-112e0491709c@group-D5DD31449DCD: changes role from CANDIDATE to LEADER at term 3 for changeToLeader
2022-12-15 22:22:11,411 [c0e45f45-48a3-418c-b3ac-112e0491709c@group-D5DD31449DCD-LeaderElection16] INFO  ratis.XceiverServerRatis (XceiverServerRatis.java:handleLeaderChangedNotification(863)) - Leader change notification received for group: group-D5DD31449DCD with new leaderId: c0e45f45-48a3-418c-b3ac-112e0491709c
2022-12-15 22:22:11,411 [c0e45f45-48a3-418c-b3ac-112e0491709c@group-D5DD31449DCD-LeaderElection16] INFO  server.RaftServer$Division (ServerState.java:setLeader(313)) - c0e45f45-48a3-418c-b3ac-112e0491709c@group-D5DD31449DCD: change Leader from null to c0e45f45-48a3-418c-b3ac-112e0491709c at term 3 for becomeLeader, leader elected after 16036ms
2022-12-15 22:22:11,411 [c0e45f45-48a3-418c-b3ac-112e0491709c@group-D5DD31449DCD-LeaderElection16] INFO  server.RaftServerConfigKeys (ConfUtils.java:logGet(46)) - raft.server.staging.catchup.gap = 1000 (default)
2022-12-15 22:22:11,414 [EventQueue-CommandQueueReportForCommandQueueReportHandler] WARN  events.EventQueue (EventQueue.java:fireEvent(216)) - No event handler registered for event TypedEvent{payloadType=DatanodeDetails, name='Datanode_Command_Queue_Updated'}
2022-12-15 22:22:11,417 [c0e45f45-48a3-418c-b3ac-112e0491709c@group-D5DD31449DCD-LeaderElection16] INFO  server.RaftServerConfigKeys (ConfUtils.java:logGet(46)) - raft.server.write.element-limit = 1024 (custom)
2022-12-15 22:22:11,417 [c0e45f45-48a3-418c-b3ac-112e0491709c@group-D5DD31449DCD-LeaderElection16] INFO  server.RaftServerConfigKeys (ConfUtils.java:logGet(46)) - raft.server.write.byte-limit = 1024 M (=1073741824) (custom)
2022-12-15 22:22:11,418 [c0e45f45-48a3-418c-b3ac-112e0491709c@group-D5DD31449DCD-LeaderElection16] INFO  server.RaftServerConfigKeys (ConfUtils.java:logGet(46)) - raft.server.watch.timeout = 180s (custom)
2022-12-15 22:22:11,418 [c0e45f45-48a3-418c-b3ac-112e0491709c@group-D5DD31449DCD-LeaderElection16] INFO  server.RaftServerConfigKeys (ConfUtils.java:logGet(46)) - raft.server.watch.timeout.denomination = 1s (default)
2022-12-15 22:22:11,418 [c0e45f45-48a3-418c-b3ac-112e0491709c@group-D5DD31449DCD-LeaderElection16] INFO  server.RaftServerConfigKeys (ConfUtils.java:logGet(46)) - raft.server.watch.element-limit = 65536 (default)
2022-12-15 22:22:11,418 [c0e45f45-48a3-418c-b3ac-112e0491709c@group-D5DD31449DCD-LeaderElection16] INFO  server.RaftServerConfigKeys (ConfUtils.java:logGet(46)) - raft.server.write.element-limit = 1024 (custom)
2022-12-15 22:22:11,418 [c0e45f45-48a3-418c-b3ac-112e0491709c@group-D5DD31449DCD-LeaderElection16] INFO  server.RaftServerConfigKeys (ConfUtils.java:logGet(46)) - raft.server.write.follower.gap.ratio.max = -1.0 (default)
2022-12-15 22:22:11,419 [c0e45f45-48a3-418c-b3ac-112e0491709c@group-D5DD31449DCD-LeaderElection16] INFO  server.RaftServerConfigKeys (ConfUtils.java:logGet(46)) - raft.server.log.appender.snapshot.chunk.size.max = 16MB (=16777216) (default)
2022-12-15 22:22:11,419 [c0e45f45-48a3-418c-b3ac-112e0491709c@group-D5DD31449DCD-LeaderElection16] INFO  server.RaftServerConfigKeys (ConfUtils.java:logGet(46)) - raft.server.log.appender.buffer.byte-limit = 33554432 (custom)
2022-12-15 22:22:11,419 [c0e45f45-48a3-418c-b3ac-112e0491709c@group-D5DD31449DCD-LeaderElection16] INFO  server.RaftServerConfigKeys (ConfUtils.java:logGet(46)) - raft.server.log.appender.buffer.element-limit = 1 (custom)
2022-12-15 22:22:11,419 [c0e45f45-48a3-418c-b3ac-112e0491709c@group-D5DD31449DCD-LeaderElection16] INFO  grpc.GrpcConfigKeys (ConfUtils.java:logGet(46)) - raft.grpc.server.leader.outstanding.appends.max = 128 (default)
2022-12-15 22:22:11,419 [Listener at 127.0.0.1/41387] INFO  server.RaftServer (ConfUtils.java:logGet(46)) - raft.rpc.type = GRPC (default)
2022-12-15 22:22:11,420 [Listener at 127.0.0.1/41387] INFO  grpc.GrpcConfigKeys (ConfUtils.java:logFallback(53)) - raft.grpc.admin.host = null (fallback to raft.grpc.server.host)
2022-12-15 22:22:11,420 [Listener at 127.0.0.1/41387] INFO  grpc.GrpcConfigKeys (ConfUtils.java:logGet(46)) - raft.grpc.admin.port = 0 (custom)
2022-12-15 22:22:11,420 [Listener at 127.0.0.1/41387] INFO  grpc.GrpcConfigKeys (ConfUtils.java:logFallback(53)) - raft.grpc.client.host = null (fallback to raft.grpc.server.host)
2022-12-15 22:22:11,420 [Listener at 127.0.0.1/41387] INFO  grpc.GrpcConfigKeys (ConfUtils.java:logGet(46)) - raft.grpc.client.port = 0 (custom)
2022-12-15 22:22:11,420 [Listener at 127.0.0.1/41387] INFO  grpc.GrpcConfigKeys (ConfUtils.java:logGet(46)) - raft.grpc.server.host = null (default)
2022-12-15 22:22:11,420 [Listener at 127.0.0.1/41387] INFO  grpc.GrpcConfigKeys (ConfUtils.java:logGet(46)) - raft.grpc.server.port = 0 (default)
2022-12-15 22:22:11,420 [Listener at 127.0.0.1/41387] INFO  server.GrpcService (ConfUtils.java:logGet(46)) - raft.grpc.message.size.max = 32MB (=33554432) (custom)
2022-12-15 22:22:11,422 [Listener at 127.0.0.1/41387] INFO  server.RaftServerConfigKeys (ConfUtils.java:logGet(46)) - raft.server.log.appender.buffer.byte-limit = 33554432 (custom)
2022-12-15 22:22:11,419 [c0e45f45-48a3-418c-b3ac-112e0491709c@group-D5DD31449DCD-LeaderElection16] INFO  server.RaftServerConfigKeys (ConfUtils.java:logGet(46)) - raft.server.rpc.request.timeout = 60s (custom)
2022-12-15 22:22:11,425 [c0e45f45-48a3-418c-b3ac-112e0491709c@group-D5DD31449DCD-LeaderElection16] INFO  server.RaftServerConfigKeys (ConfUtils.java:logGet(46)) - raft.server.log.appender.install.snapshot.enabled = false (custom)
2022-12-15 22:22:11,425 [c0e45f45-48a3-418c-b3ac-112e0491709c@group-D5DD31449DCD-LeaderElection16] INFO  grpc.GrpcConfigKeys (ConfUtils.java:logGet(46)) - raft.grpc.server.heartbeat.channel = true (default)
2022-12-15 22:22:11,425 [c0e45f45-48a3-418c-b3ac-112e0491709c@group-D5DD31449DCD-LeaderElection16] INFO  server.RaftServerConfigKeys (ConfUtils.java:logGet(46)) - raft.server.log.appender.wait-time.min = 10ms (default)
2022-12-15 22:22:11,424 [Listener at 127.0.0.1/41387] INFO  server.GrpcService (ConfUtils.java:logGet(46)) - raft.grpc.flow.control.window = 5MB (=5242880) (custom)
2022-12-15 22:22:11,426 [Listener at 127.0.0.1/41387] INFO  server.RaftServerConfigKeys (ConfUtils.java:logGet(46)) - raft.server.rpc.request.timeout = 60s (custom)
2022-12-15 22:22:11,426 [Listener at 127.0.0.1/41387] INFO  grpc.GrpcConfigKeys (ConfUtils.java:logGet(46)) - raft.grpc.server.heartbeat.channel = true (default)
2022-12-15 22:22:11,426 [Listener at 127.0.0.1/41387] INFO  grpc.GrpcConfigKeys (ConfUtils.java:logGet(46)) - raft.grpc.server.async.request.thread.pool.cached = true (default)
2022-12-15 22:22:11,426 [Listener at 127.0.0.1/41387] INFO  grpc.GrpcConfigKeys (ConfUtils.java:logGet(46)) - raft.grpc.server.async.request.thread.pool.size = 32 (default)
2022-12-15 22:22:11,426 [c0e45f45-48a3-418c-b3ac-112e0491709c@group-D5DD31449DCD-LeaderElection16] INFO  server.RaftServerConfigKeys (ConfUtils.java:logGet(46)) - raft.server.log.appender.snapshot.chunk.size.max = 16MB (=16777216) (default)
2022-12-15 22:22:11,426 [c0e45f45-48a3-418c-b3ac-112e0491709c@group-D5DD31449DCD-LeaderElection16] INFO  server.RaftServerConfigKeys (ConfUtils.java:logGet(46)) - raft.server.log.appender.buffer.byte-limit = 33554432 (custom)
2022-12-15 22:22:11,427 [c0e45f45-48a3-418c-b3ac-112e0491709c@group-D5DD31449DCD-LeaderElection16] INFO  server.RaftServerConfigKeys (ConfUtils.java:logGet(46)) - raft.server.log.appender.buffer.element-limit = 1 (custom)
2022-12-15 22:22:11,427 [c0e45f45-48a3-418c-b3ac-112e0491709c@group-D5DD31449DCD-LeaderElection16] INFO  grpc.GrpcConfigKeys (ConfUtils.java:logGet(46)) - raft.grpc.server.leader.outstanding.appends.max = 128 (default)
2022-12-15 22:22:11,427 [c0e45f45-48a3-418c-b3ac-112e0491709c@group-D5DD31449DCD-LeaderElection16] INFO  server.RaftServerConfigKeys (ConfUtils.java:logGet(46)) - raft.server.rpc.request.timeout = 60s (custom)
2022-12-15 22:22:11,427 [c0e45f45-48a3-418c-b3ac-112e0491709c@group-D5DD31449DCD-LeaderElection16] INFO  server.RaftServerConfigKeys (ConfUtils.java:logGet(46)) - raft.server.log.appender.install.snapshot.enabled = false (custom)
2022-12-15 22:22:11,427 [c0e45f45-48a3-418c-b3ac-112e0491709c@group-D5DD31449DCD-LeaderElection16] INFO  grpc.GrpcConfigKeys (ConfUtils.java:logGet(46)) - raft.grpc.server.heartbeat.channel = true (default)
2022-12-15 22:22:11,421 [EventQueue-PipelineReportForPipelineReportHandler] INFO  pipeline.PipelineManagerImpl (PipelineManagerImpl.java:openPipeline(367)) - Pipeline Pipeline[ Id: e4f8cbde-cbfa-4a3d-9a7a-d5dd31449dcd, Nodes: 36e1593a-57cf-42fc-9e99-3bc8e6c88ec2{ip: 10.1.0.13, host: fv-az83-67.pawgbth4qraerhbqawdeo1jfng.dx.internal.cloudapp.net, ports: [REPLICATION=36657, RATIS=46439, RATIS_ADMIN=46439, RATIS_SERVER=46439, STANDALONE=39281], networkLocation: /default-rack, certSerialId: null, persistedOpState: IN_SERVICE, persistedOpStateExpiryEpochSec: 0}c0e45f45-48a3-418c-b3ac-112e0491709c{ip: 10.1.0.13, host: fv-az83-67.pawgbth4qraerhbqawdeo1jfng.dx.internal.cloudapp.net, ports: [REPLICATION=35393, RATIS=40363, RATIS_ADMIN=40363, RATIS_SERVER=40363, STANDALONE=44419], networkLocation: /default-rack, certSerialId: null, persistedOpState: IN_SERVICE, persistedOpStateExpiryEpochSec: 0}9af99ef4-a70d-4375-9c0d-594670c86eaa{ip: 10.1.0.13, host: fv-az83-67.pawgbth4qraerhbqawdeo1jfng.dx.internal.cloudapp.net, ports: [REPLICATION=37293, RATIS=37969, RATIS_ADMIN=37969, RATIS_SERVER=37969, STANDALONE=45841], networkLocation: /default-rack, certSerialId: null, persistedOpState: IN_SERVICE, persistedOpStateExpiryEpochSec: 0}, ReplicationConfig: RATIS/THREE, State:ALLOCATED, leaderId:c0e45f45-48a3-418c-b3ac-112e0491709c, CreationTimestamp2022-12-15T22:21:53.225Z[Etc/UTC]] moved to OPEN state
2022-12-15 22:22:11,434 [c0e45f45-48a3-418c-b3ac-112e0491709c@group-D5DD31449DCD-LeaderElection16] INFO  server.RaftServerConfigKeys (ConfUtils.java:logGet(46)) - raft.server.log.appender.wait-time.min = 10ms (default)
2022-12-15 22:22:11,435 [c0e45f45-48a3-418c-b3ac-112e0491709c@group-D5DD31449DCD-LeaderElection16] INFO  impl.RoleInfo (RoleInfo.java:updateAndGet(139)) - c0e45f45-48a3-418c-b3ac-112e0491709c: start c0e45f45-48a3-418c-b3ac-112e0491709c@group-D5DD31449DCD-LeaderStateImpl
2022-12-15 22:22:11,435 [c0e45f45-48a3-418c-b3ac-112e0491709c@group-D5DD31449DCD-LeaderElection16] INFO  segmented.SegmentedRaftLogWorker (SegmentedRaftLogWorker.java:startLogSegment(452)) - c0e45f45-48a3-418c-b3ac-112e0491709c@group-D5DD31449DCD-SegmentedRaftLogWorker: Starting segment from index:0
2022-12-15 22:22:11,429 [Listener at 127.0.0.1/41387] INFO  impl.DataStreamServerImpl (ConfUtils.java:logGet(46)) - raft.datastream.type = DISABLED (default)
2022-12-15 22:22:11,436 [Listener at 127.0.0.1/41387] INFO  server.RaftServerConfigKeys (ConfUtils.java:logGet(46)) - raft.server.threadpool.proxy.cached = true (default)
2022-12-15 22:22:11,436 [Listener at 127.0.0.1/41387] INFO  server.RaftServerConfigKeys (ConfUtils.java:logGet(46)) - raft.server.threadpool.proxy.size = 0 (default)
2022-12-15 22:22:11,436 [Listener at 127.0.0.1/41387] INFO  server.RaftServerConfigKeys (ConfUtils.java:logGet(46)) - raft.server.rpc.slowness.timeout = 300s (custom)
2022-12-15 22:22:11,437 [Listener at 127.0.0.1/41387] INFO  server.RaftServerConfigKeys (ConfUtils.java:logGet(46)) - raft.server.leaderelection.leader.step-down.wait-time = 10s (default)
2022-12-15 22:22:11,438 [c0e45f45-48a3-418c-b3ac-112e0491709c@group-D5DD31449DCD-SegmentedRaftLogWorker] INFO  segmented.SegmentedRaftLogWorker (SegmentedRaftLogWorker.java:execute(656)) - c0e45f45-48a3-418c-b3ac-112e0491709c@group-D5DD31449DCD-SegmentedRaftLogWorker: created new log segment /home/runner/work/ozone/ozone/hadoop-ozone/integration-test/target/test-dir/MiniOzoneClusterImpl-67032562-5e12-4c4f-a5ab-79ddd1e2132c/datanode-5/data/ratis/e4f8cbde-cbfa-4a3d-9a7a-d5dd31449dcd/current/log_inprogress_0
2022-12-15 22:22:11,440 [Listener at 127.0.0.1/41387] INFO  server.RaftServerConfigKeys (ConfUtils.java:logGet(46)) - raft.server.storage.dir = [/home/runner/work/ozone/ozone/hadoop-ozone/integration-test/target/test-dir/MiniOzoneClusterImpl-c952205c-0de4-41d8-8615-baf19f81c5db/datanode-3/data/ratis] (custom)
2022-12-15 22:22:11,504 [c0e45f45-48a3-418c-b3ac-112e0491709c@group-D5DD31449DCD-LeaderElection16] INFO  server.RaftServer$Division (ServerState.java:setRaftConf(430)) - c0e45f45-48a3-418c-b3ac-112e0491709c@group-D5DD31449DCD: set configuration 0: peers:[9af99ef4-a70d-4375-9c0d-594670c86eaa|rpc:10.1.0.13:37969|dataStream:|priority:0|startupRole:FOLLOWER, 36e1593a-57cf-42fc-9e99-3bc8e6c88ec2|rpc:10.1.0.13:46439|dataStream:|priority:0|startupRole:FOLLOWER, c0e45f45-48a3-418c-b3ac-112e0491709c|rpc:10.1.0.13:40363|dataStream:|priority:1|startupRole:FOLLOWER]|listeners:[], old=null
2022-12-15 22:22:11,512 [Listener at 127.0.0.1/41387] INFO  server.XceiverServerGrpc (XceiverServerGrpc.java:<init>(132)) - GrpcServer channel type EpollServerSocketChannel
2022-12-15 22:22:11,520 [36e1593a-57cf-42fc-9e99-3bc8e6c88ec2-server-thread2] INFO  ratis.XceiverServerRatis (XceiverServerRatis.java:handleLeaderChangedNotification(863)) - Leader change notification received for group: group-D5DD31449DCD with new leaderId: c0e45f45-48a3-418c-b3ac-112e0491709c
2022-12-15 22:22:11,520 [36e1593a-57cf-42fc-9e99-3bc8e6c88ec2-server-thread2] INFO  server.RaftServer$Division (ServerState.java:setLeader(313)) - 36e1593a-57cf-42fc-9e99-3bc8e6c88ec2@group-D5DD31449DCD: change Leader from null to c0e45f45-48a3-418c-b3ac-112e0491709c at term 3 for appendEntries, leader elected after 16205ms
2022-12-15 22:22:11,529 [Listener at 127.0.0.1/41387] INFO  http.BaseHttpServer (BaseHttpServer.java:newHttpServer2BuilderForOzone(213)) - Starting Web-server for hddsDatanode at: http://0.0.0.0:0
2022-12-15 22:22:11,529 [Listener at 127.0.0.1/41387] INFO  http.BaseHttpServer (BaseHttpServer.java:<init>(108)) - Hadoop Security Enabled: false Ozone Security Enabled: false Ozone HTTP Security Enabled: false 
2022-12-15 22:22:11,536 [36e1593a-57cf-42fc-9e99-3bc8e6c88ec2-server-thread2] INFO  server.RaftServer$Division (ServerState.java:setRaftConf(430)) - 36e1593a-57cf-42fc-9e99-3bc8e6c88ec2@group-D5DD31449DCD: set configuration 0: peers:[9af99ef4-a70d-4375-9c0d-594670c86eaa|rpc:10.1.0.13:37969|dataStream:|priority:0|startupRole:FOLLOWER, 36e1593a-57cf-42fc-9e99-3bc8e6c88ec2|rpc:10.1.0.13:46439|dataStream:|priority:0|startupRole:FOLLOWER, c0e45f45-48a3-418c-b3ac-112e0491709c|rpc:10.1.0.13:40363|dataStream:|priority:1|startupRole:FOLLOWER]|listeners:[], old=null
2022-12-15 22:22:11,536 [36e1593a-57cf-42fc-9e99-3bc8e6c88ec2-server-thread2] INFO  segmented.SegmentedRaftLogWorker (SegmentedRaftLogWorker.java:startLogSegment(452)) - 36e1593a-57cf-42fc-9e99-3bc8e6c88ec2@group-D5DD31449DCD-SegmentedRaftLogWorker: Starting segment from index:0
2022-12-15 22:22:11,538 [Listener at 127.0.0.1/41387] WARN  server.AuthenticationFilter (AuthenticationFilter.java:constructSecretProvider(240)) - Unable to initialize FileSignerSecretProvider, falling back to use random secrets. Reason: Could not read signature secret file: /home/runner/hadoop-http-auth-signature-secret
2022-12-15 22:22:11,541 [36e1593a-57cf-42fc-9e99-3bc8e6c88ec2@group-D5DD31449DCD-SegmentedRaftLogWorker] INFO  segmented.SegmentedRaftLogWorker (SegmentedRaftLogWorker.java:execute(656)) - 36e1593a-57cf-42fc-9e99-3bc8e6c88ec2@group-D5DD31449DCD-SegmentedRaftLogWorker: created new log segment /home/runner/work/ozone/ozone/hadoop-ozone/integration-test/target/test-dir/MiniOzoneClusterImpl-67032562-5e12-4c4f-a5ab-79ddd1e2132c/datanode-3/data/ratis/e4f8cbde-cbfa-4a3d-9a7a-d5dd31449dcd/current/log_inprogress_0
2022-12-15 22:22:11,542 [Listener at 127.0.0.1/41387] WARN  http.HttpRequestLog (HttpRequestLog.java:getRequestLog(103)) - Jetty request log can only be enabled using Log4j
2022-12-15 22:22:11,544 [Listener at 127.0.0.1/41387] INFO  http.HttpServer2 (HttpServer2.java:addGlobalFilter(1031)) - Added global filter 'safety' (class=org.apache.hadoop.hdds.server.http.HttpServer2$QuotingInputFilter)
2022-12-15 22:22:11,545 [Listener at 127.0.0.1/41387] INFO  http.HttpServer2 (HttpServer2.java:addFilter(1007)) - Added filter static_user_filter (class=org.apache.hadoop.http.lib.StaticUserWebFilter$StaticUserFilter) to context hddsDatanode
2022-12-15 22:22:11,545 [Listener at 127.0.0.1/41387] INFO  http.HttpServer2 (HttpServer2.java:addFilter(1015)) - Added filter static_user_filter (class=org.apache.hadoop.http.lib.StaticUserWebFilter$StaticUserFilter) to context static
2022-12-15 22:22:11,545 [Listener at 127.0.0.1/41387] INFO  http.HttpServer2 (HttpServer2.java:addFilter(1015)) - Added filter static_user_filter (class=org.apache.hadoop.http.lib.StaticUserWebFilter$StaticUserFilter) to context logs
2022-12-15 22:22:11,545 [Listener at 127.0.0.1/41387] INFO  http.HttpServer2 (HttpServer2.java:bindListener(1250)) - Jetty bound to port 46811
2022-12-15 22:22:11,545 [Listener at 127.0.0.1/41387] INFO  server.Server (Server.java:doStart(375)) - jetty-9.4.49.v20220914; built: 2022-09-14T01:07:36.601Z; git: 4231a3b2e4cb8548a412a789936d640a97b1aa0a; jvm 1.8.0_352-b08
2022-12-15 22:22:11,551 [9af99ef4-a70d-4375-9c0d-594670c86eaa-server-thread1] INFO  ratis.XceiverServerRatis (XceiverServerRatis.java:handleLeaderChangedNotification(863)) - Leader change notification received for group: group-D5DD31449DCD with new leaderId: c0e45f45-48a3-418c-b3ac-112e0491709c
2022-12-15 22:22:11,551 [9af99ef4-a70d-4375-9c0d-594670c86eaa-server-thread1] INFO  server.RaftServer$Division (ServerState.java:setLeader(313)) - 9af99ef4-a70d-4375-9c0d-594670c86eaa@group-D5DD31449DCD: change Leader from null to c0e45f45-48a3-418c-b3ac-112e0491709c at term 3 for appendEntries, leader elected after 16090ms
2022-12-15 22:22:11,570 [Listener at 127.0.0.1/41387] INFO  server.session (DefaultSessionIdManager.java:doStart(334)) - DefaultSessionIdManager workerName=node0
2022-12-15 22:22:11,570 [Listener at 127.0.0.1/41387] INFO  server.session (DefaultSessionIdManager.java:doStart(339)) - No SessionScavenger set, using defaults
2022-12-15 22:22:11,570 [Listener at 127.0.0.1/41387] INFO  server.session (HouseKeeper.java:startScavenging(132)) - node0 Scavenging every 660000ms
2022-12-15 22:22:11,584 [Listener at 127.0.0.1/41387] INFO  handler.ContextHandler (ContextHandler.java:doStart(921)) - Started o.e.j.s.ServletContextHandler@1c060ffd{logs,/logs,file:///home/runner/work/ozone/ozone/hadoop-ozone/integration-test/target/log,AVAILABLE}
2022-12-15 22:22:11,585 [Listener at 127.0.0.1/41387] INFO  handler.ContextHandler (ContextHandler.java:doStart(921)) - Started o.e.j.s.ServletContextHandler@432e6a0c{static,/static,jar:file:/home/runner/.m2/repository/org/apache/ozone/hdds-container-service/1.3.0-SNAPSHOT/hdds-container-service-1.3.0-SNAPSHOT.jar!/webapps/static,AVAILABLE}
2022-12-15 22:22:11,599 [9af99ef4-a70d-4375-9c0d-594670c86eaa-server-thread2] INFO  server.RaftServer$Division (ServerState.java:setRaftConf(430)) - 9af99ef4-a70d-4375-9c0d-594670c86eaa@group-D5DD31449DCD: set configuration 0: peers:[9af99ef4-a70d-4375-9c0d-594670c86eaa|rpc:10.1.0.13:37969|dataStream:|priority:0|startupRole:FOLLOWER, 36e1593a-57cf-42fc-9e99-3bc8e6c88ec2|rpc:10.1.0.13:46439|dataStream:|priority:0|startupRole:FOLLOWER, c0e45f45-48a3-418c-b3ac-112e0491709c|rpc:10.1.0.13:40363|dataStream:|priority:1|startupRole:FOLLOWER]|listeners:[], old=null
2022-12-15 22:22:11,599 [9af99ef4-a70d-4375-9c0d-594670c86eaa-server-thread2] INFO  segmented.SegmentedRaftLogWorker (SegmentedRaftLogWorker.java:startLogSegment(452)) - 9af99ef4-a70d-4375-9c0d-594670c86eaa@group-D5DD31449DCD-SegmentedRaftLogWorker: Starting segment from index:0
2022-12-15 22:22:11,629 [9af99ef4-a70d-4375-9c0d-594670c86eaa@group-D5DD31449DCD-SegmentedRaftLogWorker] INFO  segmented.SegmentedRaftLogWorker (SegmentedRaftLogWorker.java:execute(656)) - 9af99ef4-a70d-4375-9c0d-594670c86eaa@group-D5DD31449DCD-SegmentedRaftLogWorker: created new log segment /home/runner/work/ozone/ozone/hadoop-ozone/integration-test/target/test-dir/MiniOzoneClusterImpl-67032562-5e12-4c4f-a5ab-79ddd1e2132c/datanode-4/data/ratis/e4f8cbde-cbfa-4a3d-9a7a-d5dd31449dcd/current/log_inprogress_0
2022-12-15 22:22:11,634 [EventQueue-CommandQueueReportForCommandQueueReportHandler] WARN  events.EventQueue (EventQueue.java:fireEvent(216)) - No event handler registered for event TypedEvent{payloadType=DatanodeDetails, name='Datanode_Command_Queue_Updated'}
2022-12-15 22:22:11,708 [EventQueue-CommandQueueReportForCommandQueueReportHandler] WARN  events.EventQueue (EventQueue.java:fireEvent(216)) - No event handler registered for event TypedEvent{payloadType=DatanodeDetails, name='Datanode_Command_Queue_Updated'}
2022-12-15 22:22:11,862 [EventQueue-CommandQueueReportForCommandQueueReportHandler] WARN  events.EventQueue (EventQueue.java:fireEvent(216)) - No event handler registered for event TypedEvent{payloadType=DatanodeDetails, name='Datanode_Command_Queue_Updated'}
2022-12-15 22:22:11,887 [EventQueue-CommandQueueReportForCommandQueueReportHandler] WARN  events.EventQueue (EventQueue.java:fireEvent(216)) - No event handler registered for event TypedEvent{payloadType=DatanodeDetails, name='Datanode_Command_Queue_Updated'}
2022-12-15 22:22:11,889 [EventQueue-CommandQueueReportForCommandQueueReportHandler] WARN  events.EventQueue (EventQueue.java:fireEvent(216)) - No event handler registered for event TypedEvent{payloadType=DatanodeDetails, name='Datanode_Command_Queue_Updated'}
2022-12-15 22:22:11,968 [EventQueue-CommandQueueReportForCommandQueueReportHandler] WARN  events.EventQueue (EventQueue.java:fireEvent(216)) - No event handler registered for event TypedEvent{payloadType=DatanodeDetails, name='Datanode_Command_Queue_Updated'}
2022-12-15 22:22:12,026 [EndpointStateMachine task thread for /0.0.0.0:46479 - 0 ] INFO  utils.DatanodeStoreCache (DatanodeStoreCache.java:addDB(58)) - Added db /home/runner/work/ozone/ozone/hadoop-ozone/integration-test/target/test-dir/MiniOzoneClusterImpl-c952205c-0de4-41d8-8615-baf19f81c5db/datanode-1/data-0/containers/hdds/c952205c-0de4-41d8-8615-baf19f81c5db/DS-6aa713ce-272a-4d89-8337-59f130947f01/container.db to cache
2022-12-15 22:22:12,026 [EndpointStateMachine task thread for /0.0.0.0:46479 - 0 ] INFO  volume.HddsVolume (HddsVolume.java:createDbStore(307)) - SchemaV3 db is created and loaded at /home/runner/work/ozone/ozone/hadoop-ozone/integration-test/target/test-dir/MiniOzoneClusterImpl-c952205c-0de4-41d8-8615-baf19f81c5db/datanode-1/data-0/containers/hdds/c952205c-0de4-41d8-8615-baf19f81c5db/DS-6aa713ce-272a-4d89-8337-59f130947f01/container.db for volume DS-6aa713ce-272a-4d89-8337-59f130947f01
2022-12-15 22:22:12,026 [EndpointStateMachine task thread for /0.0.0.0:46479 - 0 ] INFO  ozoneimpl.OzoneContainer (OzoneContainer.java:start(395)) - Attempting to start container services.
2022-12-15 22:22:12,026 [EndpointStateMachine task thread for /0.0.0.0:46479 - 0 ] INFO  ozoneimpl.OzoneContainer (OzoneContainer.java:startContainerScrub(312)) - Scheduled background container scanners and the on-demand container scanner have been disabled.
2022-12-15 22:22:12,050 [EndpointStateMachine task thread for /0.0.0.0:46479 - 0 ] INFO  replication.ReplicationServer (ReplicationServer.java:start(106)) - ReplicationServer is started using port 40163
2022-12-15 22:22:12,051 [EndpointStateMachine task thread for /0.0.0.0:46479 - 0 ] INFO  ratis.XceiverServerRatis (XceiverServerRatis.java:start(481)) - Starting XceiverServerRatis 5c5af87b-4e3e-41fb-877c-ea0d3e3ca2da
2022-12-15 22:22:12,062 [EndpointStateMachine task thread for /0.0.0.0:46479 - 0 ] INFO  server.RaftServer (RaftServerProxy.java:startImpl(393)) - 5c5af87b-4e3e-41fb-877c-ea0d3e3ca2da: start RPC server
2022-12-15 22:22:12,065 [EndpointStateMachine task thread for /0.0.0.0:46479 - 0 ] INFO  server.GrpcService (GrpcService.java:startImpl(262)) - 5c5af87b-4e3e-41fb-877c-ea0d3e3ca2da: GrpcService started, listening on 45309
2022-12-15 22:22:12,066 [EndpointStateMachine task thread for /0.0.0.0:46479 - 0 ] INFO  ratis.XceiverServerRatis (XceiverServerRatis.java:getRealPort(502)) - XceiverServerRatis 5c5af87b-4e3e-41fb-877c-ea0d3e3ca2da is started using port 45309 for RATIS
2022-12-15 22:22:12,066 [EndpointStateMachine task thread for /0.0.0.0:46479 - 0 ] INFO  ratis.XceiverServerRatis (XceiverServerRatis.java:getRealPort(502)) - XceiverServerRatis 5c5af87b-4e3e-41fb-877c-ea0d3e3ca2da is started using port 45309 for RATIS_ADMIN
2022-12-15 22:22:12,066 [EndpointStateMachine task thread for /0.0.0.0:46479 - 0 ] INFO  ratis.XceiverServerRatis (XceiverServerRatis.java:getRealPort(502)) - XceiverServerRatis 5c5af87b-4e3e-41fb-877c-ea0d3e3ca2da is started using port 45309 for RATIS_SERVER
2022-12-15 22:22:12,072 [JvmPauseMonitor10] INFO  util.JvmPauseMonitor (JvmPauseMonitor.java:run(105)) - JvmPauseMonitor-5c5af87b-4e3e-41fb-877c-ea0d3e3ca2da: Started
2022-12-15 22:22:12,075 [EndpointStateMachine task thread for /0.0.0.0:46479 - 0 ] INFO  server.XceiverServerGrpc (XceiverServerGrpc.java:start(180)) - XceiverServerGrpc 5c5af87b-4e3e-41fb-877c-ea0d3e3ca2da is started using port 43101
2022-12-15 22:22:12,155 [ReplicationMonitor] INFO  replication.ReplicationManager (ReplicationManager.java:processAll(327)) - Replication Manager is not ready to run until 3000ms after safemode exit
2022-12-15 22:22:12,160 [Listener at 127.0.0.1/41387] INFO  handler.ContextHandler (ContextHandler.java:doStart(921)) - Started o.e.j.w.WebAppContext@13bf6354{hddsDatanode,/,file:///tmp/jetty-0_0_0_0-46811-hdds-container-service-1_3_0-SNAPSHOT_jar-_-any-105537205905861096/webapp/,AVAILABLE}{jar:file:/home/runner/.m2/repository/org/apache/ozone/hdds-container-service/1.3.0-SNAPSHOT/hdds-container-service-1.3.0-SNAPSHOT.jar!/webapps/hddsDatanode}
2022-12-15 22:22:12,167 [Listener at 127.0.0.1/41387] INFO  server.AbstractConnector (AbstractConnector.java:doStart(333)) - Started ServerConnector@4aaf6788{HTTP/1.1, (http/1.1)}{0.0.0.0:46811}
2022-12-15 22:22:12,169 [Listener at 127.0.0.1/41387] INFO  server.Server (Server.java:doStart(415)) - Started @35884ms
2022-12-15 22:22:12,169 [Listener at 127.0.0.1/41387] WARN  impl.MetricsSystemImpl (MetricsSystemImpl.java:register(279)) - Sink prometheus already exists!
2022-12-15 22:22:12,170 [Listener at 127.0.0.1/41387] INFO  http.BaseHttpServer (BaseHttpServer.java:updateConnectorAddress(333)) - HTTP server of hddsDatanode listening at http://0.0.0.0:46811
2022-12-15 22:22:12,184 [Datanode State Machine Daemon Thread] INFO  statemachine.DatanodeStateMachine (DatanodeStateMachine.java:lambda$startDaemon$0(509)) - Ozone container server started.
2022-12-15 22:22:12,191 [Listener at 127.0.0.1/41387] WARN  impl.MetricRegistriesImpl (MetricRegistriesImpl.java:addReporterRegistration(111)) - New reporters are added after registries were created. Some metrics will be missing from the reporter. Please add reporter before adding any new registry.
2022-12-15 22:22:12,191 [Listener at 127.0.0.1/41387] WARN  impl.MetricRegistriesImpl (MetricRegistriesImpl.java:addReporterRegistration(111)) - New reporters are added after registries were created. Some metrics will be missing from the reporter. Please add reporter before adding any new registry.
2022-12-15 22:22:12,191 [Listener at 127.0.0.1/41387] INFO  impl.MetricsSystemImpl (MetricsSystemImpl.java:init(158)) - HddsDatanode metrics system started (again)
2022-12-15 22:22:12,218 [Listener at 127.0.0.1/41387] INFO  ozone.HddsDatanodeService (HddsDatanodeService.java:start(236)) - HddsDatanodeService host:fv-az83-67.pawgbth4qraerhbqawdeo1jfng.dx.internal.cloudapp.net ip:10.1.0.13
2022-12-15 22:22:12,232 [Over Replicated Processor] INFO  replication.OverReplicatedProcessor (OverReplicatedProcessor.java:processAll(79)) - Processed 0 over replicated containers, failed processing 0
2022-12-15 22:22:12,237 [Under Replicated Processor] INFO  replication.UnderReplicatedProcessor (UnderReplicatedProcessor.java:processAll(79)) - Processed 0 under replicated containers, failed processing 0
2022-12-15 22:22:12,249 [org.apache.hadoop.util.JvmPauseMonitor$Monitor@6a4d2bc8] INFO  util.JvmPauseMonitor (JvmPauseMonitor.java:run(188)) - Starting JVM pause monitor
2022-12-15 22:22:12,250 [ReplicationMonitor] INFO  replication.ReplicationManager (ReplicationManager.java:processAll(360)) - Replication Monitor Thread took 1 milliseconds for processing 8 containers.
2022-12-15 22:22:12,256 [Datanode State Machine Task Thread - 0] INFO  datanode.InitDatanodeState (InitDatanodeState.java:persistContainerDatanodeDetails(138)) - DatanodeDetails is persisted to /home/runner/work/ozone/ozone/hadoop-ozone/integration-test/target/test-dir/MiniOzoneClusterImpl-c952205c-0de4-41d8-8615-baf19f81c5db/datanode-3/meta/datanode.id
2022-12-15 22:22:12,272 [Listener at 127.0.0.1/41387] INFO  upgrade.AbstractLayoutVersionManager (AbstractLayoutVersionManager.java:init(83)) - Initializing Layout version manager with metadata layout = DATANODE_SCHEMA_V3 (version = 4), software layout = DATANODE_SCHEMA_V3 (version = 4)
2022-12-15 22:22:12,361 [Listener at 127.0.0.1/41387] INFO  reflections.Reflections (Reflections.java:scan(232)) - Reflections took 86 ms to scan 7 urls, producing 140 keys and 342 values 
2022-12-15 22:22:12,365 [Listener at 127.0.0.1/41387] INFO  statemachine.DatanodeStateMachine (DatanodeStateMachine.java:getEndPointTaskThreadPoolSize(249)) - Datanode State Machine Task Thread Pool size 2
2022-12-15 22:22:12,367 [Listener at 127.0.0.1/41387] INFO  volume.HddsVolume (HddsVolume.java:<init>(117)) - Creating HddsVolume: /home/runner/work/ozone/ozone/hadoop-ozone/integration-test/target/test-dir/MiniOzoneClusterImpl-c952205c-0de4-41d8-8615-baf19f81c5db/datanode-4/data-0/containers/hdds of storage type : DISK capacity : 9223372036854775807
2022-12-15 22:22:12,368 [Listener at 127.0.0.1/41387] INFO  volume.MutableVolumeSet (MutableVolumeSet.java:initializeVolumeSet(174)) - Added Volume : /home/runner/work/ozone/ozone/hadoop-ozone/integration-test/target/test-dir/MiniOzoneClusterImpl-c952205c-0de4-41d8-8615-baf19f81c5db/datanode-4/data-0/containers/hdds to VolumeSet
2022-12-15 22:22:12,368 [Listener at 127.0.0.1/41387] INFO  volume.ThrottledAsyncChecker (ThrottledAsyncChecker.java:schedule(141)) - Scheduling a check for /home/runner/work/ozone/ozone/hadoop-ozone/integration-test/target/test-dir/MiniOzoneClusterImpl-c952205c-0de4-41d8-8615-baf19f81c5db/datanode-4/data-0/containers/hdds
2022-12-15 22:22:12,369 [Listener at 127.0.0.1/41387] INFO  volume.StorageVolumeChecker (StorageVolumeChecker.java:checkAllVolumes(202)) - Scheduled health check for volume /home/runner/work/ozone/ozone/hadoop-ozone/integration-test/target/test-dir/MiniOzoneClusterImpl-c952205c-0de4-41d8-8615-baf19f81c5db/datanode-4/data-0/containers/hdds
2022-12-15 22:22:12,385 [Listener at 127.0.0.1/41387] INFO  volume.MutableVolumeSet (MutableVolumeSet.java:initializeVolumeSet(174)) - Added Volume : /home/runner/work/ozone/ozone/hadoop-ozone/integration-test/target/test-dir/MiniOzoneClusterImpl-c952205c-0de4-41d8-8615-baf19f81c5db/datanode-4/data/ratis to VolumeSet
2022-12-15 22:22:12,385 [Listener at 127.0.0.1/41387] INFO  volume.ThrottledAsyncChecker (ThrottledAsyncChecker.java:schedule(141)) - Scheduling a check for /home/runner/work/ozone/ozone/hadoop-ozone/integration-test/target/test-dir/MiniOzoneClusterImpl-c952205c-0de4-41d8-8615-baf19f81c5db/datanode-4/data/ratis
2022-12-15 22:22:12,385 [Listener at 127.0.0.1/41387] INFO  volume.StorageVolumeChecker (StorageVolumeChecker.java:checkAllVolumes(202)) - Scheduled health check for volume /home/runner/work/ozone/ozone/hadoop-ozone/integration-test/target/test-dir/MiniOzoneClusterImpl-c952205c-0de4-41d8-8615-baf19f81c5db/datanode-4/data/ratis
2022-12-15 22:22:12,399 [Thread-593] INFO  ozoneimpl.ContainerReader (ContainerReader.java:readVolume(175)) - Finish verifying containers on volume /home/runner/work/ozone/ozone/hadoop-ozone/integration-test/target/test-dir/MiniOzoneClusterImpl-c952205c-0de4-41d8-8615-baf19f81c5db/datanode-4/data-0/containers/hdds
2022-12-15 22:22:12,404 [Listener at 127.0.0.1/41387] INFO  ozoneimpl.OzoneContainer (OzoneContainer.java:buildContainerSet(301)) - Build ContainerSet costs 0s
2022-12-15 22:22:12,409 [Listener at 127.0.0.1/41387] INFO  server.RaftServer (ConfUtils.java:logGet(46)) - raft.rpc.type = GRPC (default)
2022-12-15 22:22:12,410 [Listener at 127.0.0.1/41387] INFO  grpc.GrpcConfigKeys (ConfUtils.java:logFallback(53)) - raft.grpc.admin.host = null (fallback to raft.grpc.server.host)
2022-12-15 22:22:12,410 [Listener at 127.0.0.1/41387] INFO  grpc.GrpcConfigKeys (ConfUtils.java:logGet(46)) - raft.grpc.admin.port = 0 (custom)
2022-12-15 22:22:12,410 [Listener at 127.0.0.1/41387] INFO  grpc.GrpcConfigKeys (ConfUtils.java:logFallback(53)) - raft.grpc.client.host = null (fallback to raft.grpc.server.host)
2022-12-15 22:22:12,410 [Listener at 127.0.0.1/41387] INFO  grpc.GrpcConfigKeys (ConfUtils.java:logGet(46)) - raft.grpc.client.port = 0 (custom)
2022-12-15 22:22:12,410 [Listener at 127.0.0.1/41387] INFO  grpc.GrpcConfigKeys (ConfUtils.java:logGet(46)) - raft.grpc.server.host = null (default)
2022-12-15 22:22:12,410 [Listener at 127.0.0.1/41387] INFO  grpc.GrpcConfigKeys (ConfUtils.java:logGet(46)) - raft.grpc.server.port = 0 (default)
2022-12-15 22:22:12,410 [Listener at 127.0.0.1/41387] INFO  server.GrpcService (ConfUtils.java:logGet(46)) - raft.grpc.message.size.max = 32MB (=33554432) (custom)
2022-12-15 22:22:12,410 [Listener at 127.0.0.1/41387] INFO  server.RaftServerConfigKeys (ConfUtils.java:logGet(46)) - raft.server.log.appender.buffer.byte-limit = 33554432 (custom)
2022-12-15 22:22:12,410 [Listener at 127.0.0.1/41387] INFO  server.GrpcService (ConfUtils.java:logGet(46)) - raft.grpc.flow.control.window = 5MB (=5242880) (custom)
2022-12-15 22:22:12,411 [Listener at 127.0.0.1/41387] INFO  server.RaftServerConfigKeys (ConfUtils.java:logGet(46)) - raft.server.rpc.request.timeout = 60s (custom)
2022-12-15 22:22:12,411 [Listener at 127.0.0.1/41387] INFO  grpc.GrpcConfigKeys (ConfUtils.java:logGet(46)) - raft.grpc.server.heartbeat.channel = true (default)
2022-12-15 22:22:12,411 [Listener at 127.0.0.1/41387] INFO  grpc.GrpcConfigKeys (ConfUtils.java:logGet(46)) - raft.grpc.server.async.request.thread.pool.cached = true (default)
2022-12-15 22:22:12,411 [Listener at 127.0.0.1/41387] INFO  grpc.GrpcConfigKeys (ConfUtils.java:logGet(46)) - raft.grpc.server.async.request.thread.pool.size = 32 (default)
2022-12-15 22:22:12,414 [EventQueue-CommandQueueReportForCommandQueueReportHandler] WARN  events.EventQueue (EventQueue.java:fireEvent(216)) - No event handler registered for event TypedEvent{payloadType=DatanodeDetails, name='Datanode_Command_Queue_Updated'}
2022-12-15 22:22:12,423 [Listener at 127.0.0.1/41387] INFO  impl.DataStreamServerImpl (ConfUtils.java:logGet(46)) - raft.datastream.type = DISABLED (default)
2022-12-15 22:22:12,424 [Listener at 127.0.0.1/41387] INFO  server.RaftServerConfigKeys (ConfUtils.java:logGet(46)) - raft.server.threadpool.proxy.cached = true (default)
2022-12-15 22:22:12,424 [Listener at 127.0.0.1/41387] INFO  server.RaftServerConfigKeys (ConfUtils.java:logGet(46)) - raft.server.threadpool.proxy.size = 0 (default)
2022-12-15 22:22:12,424 [Listener at 127.0.0.1/41387] INFO  server.RaftServerConfigKeys (ConfUtils.java:logGet(46)) - raft.server.rpc.slowness.timeout = 300s (custom)
2022-12-15 22:22:12,424 [Listener at 127.0.0.1/41387] INFO  server.RaftServerConfigKeys (ConfUtils.java:logGet(46)) - raft.server.leaderelection.leader.step-down.wait-time = 10s (default)
2022-12-15 22:22:12,424 [Listener at 127.0.0.1/41387] INFO  server.RaftServerConfigKeys (ConfUtils.java:logGet(46)) - raft.server.storage.dir = [/home/runner/work/ozone/ozone/hadoop-ozone/integration-test/target/test-dir/MiniOzoneClusterImpl-c952205c-0de4-41d8-8615-baf19f81c5db/datanode-4/data/ratis] (custom)
2022-12-15 22:22:12,428 [Listener at 127.0.0.1/41387] INFO  server.XceiverServerGrpc (XceiverServerGrpc.java:<init>(132)) - GrpcServer channel type EpollServerSocketChannel
2022-12-15 22:22:12,432 [Listener at 127.0.0.1/41387] INFO  http.BaseHttpServer (BaseHttpServer.java:newHttpServer2BuilderForOzone(213)) - Starting Web-server for hddsDatanode at: http://0.0.0.0:0
2022-12-15 22:22:12,432 [Listener at 127.0.0.1/41387] INFO  http.BaseHttpServer (BaseHttpServer.java:<init>(108)) - Hadoop Security Enabled: false Ozone Security Enabled: false Ozone HTTP Security Enabled: false 
2022-12-15 22:22:12,433 [Listener at 127.0.0.1/41387] WARN  server.AuthenticationFilter (AuthenticationFilter.java:constructSecretProvider(240)) - Unable to initialize FileSignerSecretProvider, falling back to use random secrets. Reason: Could not read signature secret file: /home/runner/hadoop-http-auth-signature-secret
2022-12-15 22:22:12,434 [Listener at 127.0.0.1/41387] WARN  http.HttpRequestLog (HttpRequestLog.java:getRequestLog(103)) - Jetty request log can only be enabled using Log4j
2022-12-15 22:22:12,436 [Listener at 127.0.0.1/41387] INFO  http.HttpServer2 (HttpServer2.java:addGlobalFilter(1031)) - Added global filter 'safety' (class=org.apache.hadoop.hdds.server.http.HttpServer2$QuotingInputFilter)
2022-12-15 22:22:12,444 [Listener at 127.0.0.1/41387] INFO  http.HttpServer2 (HttpServer2.java:addFilter(1007)) - Added filter static_user_filter (class=org.apache.hadoop.http.lib.StaticUserWebFilter$StaticUserFilter) to context hddsDatanode
2022-12-15 22:22:12,444 [Listener at 127.0.0.1/41387] INFO  http.HttpServer2 (HttpServer2.java:addFilter(1015)) - Added filter static_user_filter (class=org.apache.hadoop.http.lib.StaticUserWebFilter$StaticUserFilter) to context logs
2022-12-15 22:22:12,444 [Listener at 127.0.0.1/41387] INFO  http.HttpServer2 (HttpServer2.java:addFilter(1015)) - Added filter static_user_filter (class=org.apache.hadoop.http.lib.StaticUserWebFilter$StaticUserFilter) to context static
2022-12-15 22:22:12,446 [Listener at 127.0.0.1/41387] INFO  http.HttpServer2 (HttpServer2.java:bindListener(1250)) - Jetty bound to port 42915
2022-12-15 22:22:12,447 [Listener at 127.0.0.1/41387] INFO  server.Server (Server.java:doStart(375)) - jetty-9.4.49.v20220914; built: 2022-09-14T01:07:36.601Z; git: 4231a3b2e4cb8548a412a789936d640a97b1aa0a; jvm 1.8.0_352-b08
2022-12-15 22:22:12,451 [Listener at 127.0.0.1/41387] INFO  server.session (DefaultSessionIdManager.java:doStart(334)) - DefaultSessionIdManager workerName=node0
2022-12-15 22:22:12,451 [Listener at 127.0.0.1/41387] INFO  server.session (DefaultSessionIdManager.java:doStart(339)) - No SessionScavenger set, using defaults
2022-12-15 22:22:12,451 [Listener at 127.0.0.1/41387] INFO  server.session (HouseKeeper.java:startScavenging(132)) - node0 Scavenging every 600000ms
2022-12-15 22:22:12,453 [Listener at 127.0.0.1/41387] INFO  handler.ContextHandler (ContextHandler.java:doStart(921)) - Started o.e.j.s.ServletContextHandler@1e65dff6{logs,/logs,file:///home/runner/work/ozone/ozone/hadoop-ozone/integration-test/target/log,AVAILABLE}
2022-12-15 22:22:12,453 [Listener at 127.0.0.1/41387] INFO  handler.ContextHandler (ContextHandler.java:doStart(921)) - Started o.e.j.s.ServletContextHandler@12208a7f{static,/static,jar:file:/home/runner/.m2/repository/org/apache/ozone/hdds-container-service/1.3.0-SNAPSHOT/hdds-container-service-1.3.0-SNAPSHOT.jar!/webapps/static,AVAILABLE}
2022-12-15 22:22:12,571 [IPC Server handler 14 on default port 45111] INFO  node.NodeDecommissionManager (NodeDecommissionManager.java:startDecommission(277)) - Starting Decommission for node 1e86e54b-7ea4-4ffe-a764-33ccb592660f{ip: 10.1.0.13, host: fv-az83-67.pawgbth4qraerhbqawdeo1jfng.dx.internal.cloudapp.net, ports: [REPLICATION=41383, RATIS=45413, RATIS_ADMIN=45413, RATIS_SERVER=45413, STANDALONE=39139], networkLocation: /default-rack, certSerialId: null, persistedOpState: IN_SERVICE, persistedOpStateExpiryEpochSec: 0}
2022-12-15 22:22:12,576 [EventQueue-HealthyReadonlyToHealthyNodeForReadOnlyHealthyToHealthyNodeHandler] INFO  node.ReadOnlyHealthyToHealthyNodeHandler (ReadOnlyHealthyToHealthyNodeHandler.java:onMessage(51)) - Datanode 1e86e54b-7ea4-4ffe-a764-33ccb592660f{ip: 10.1.0.13, host: fv-az83-67.pawgbth4qraerhbqawdeo1jfng.dx.internal.cloudapp.net, ports: [REPLICATION=41383, RATIS=45413, RATIS_ADMIN=45413, RATIS_SERVER=45413, STANDALONE=39139], networkLocation: /default-rack, certSerialId: null, persistedOpState: IN_SERVICE, persistedOpStateExpiryEpochSec: 0} moved to HEALTHY state.
2022-12-15 22:22:12,584 [EventQueue-HealthyReadonlyToHealthyNodeForReadOnlyHealthyToHealthyNodeHandler] INFO  pipeline.BackgroundPipelineCreator (BackgroundPipelineCreator.java:notifyEventTriggered(276)) - trigger a one-shot run on RatisPipelineUtilsThread.
2022-12-15 22:22:12,585 [RatisPipelineUtilsThread - 0] WARN  pipeline.PipelinePlacementPolicy (PipelinePlacementPolicy.java:filterViableNodes(158)) - Pipeline creation failed due to no sufficient healthy datanodes. Required 3. Found 1.
2022-12-15 22:22:12,634 [EventQueue-CommandQueueReportForCommandQueueReportHandler] WARN  events.EventQueue (EventQueue.java:fireEvent(216)) - No event handler registered for event TypedEvent{payloadType=DatanodeDetails, name='Datanode_Command_Queue_Updated'}
2022-12-15 22:22:12,709 [EventQueue-CommandQueueReportForCommandQueueReportHandler] WARN  events.EventQueue (EventQueue.java:fireEvent(216)) - No event handler registered for event TypedEvent{payloadType=DatanodeDetails, name='Datanode_Command_Queue_Updated'}
2022-12-15 22:22:12,742 [Listener at 127.0.0.1/41387] INFO  handler.ContextHandler (ContextHandler.java:doStart(921)) - Started o.e.j.w.WebAppContext@6074cb79{hddsDatanode,/,file:///tmp/jetty-0_0_0_0-42915-hdds-container-service-1_3_0-SNAPSHOT_jar-_-any-8895778099412470395/webapp/,AVAILABLE}{jar:file:/home/runner/.m2/repository/org/apache/ozone/hdds-container-service/1.3.0-SNAPSHOT/hdds-container-service-1.3.0-SNAPSHOT.jar!/webapps/hddsDatanode}
2022-12-15 22:22:12,745 [Listener at 127.0.0.1/41387] INFO  server.AbstractConnector (AbstractConnector.java:doStart(333)) - Started ServerConnector@38c8cbd7{HTTP/1.1, (http/1.1)}{0.0.0.0:42915}
2022-12-15 22:22:12,745 [Listener at 127.0.0.1/41387] INFO  server.Server (Server.java:doStart(415)) - Started @36459ms
2022-12-15 22:22:12,745 [Listener at 127.0.0.1/41387] WARN  impl.MetricsSystemImpl (MetricsSystemImpl.java:register(279)) - Sink prometheus already exists!
2022-12-15 22:22:12,746 [Listener at 127.0.0.1/41387] INFO  http.BaseHttpServer (BaseHttpServer.java:updateConnectorAddress(333)) - HTTP server of hddsDatanode listening at http://0.0.0.0:42915
2022-12-15 22:22:12,747 [Listener at 127.0.0.1/41387] WARN  impl.MetricRegistriesImpl (MetricRegistriesImpl.java:addReporterRegistration(111)) - New reporters are added after registries were created. Some metrics will be missing from the reporter. Please add reporter before adding any new registry.
2022-12-15 22:22:12,747 [Listener at 127.0.0.1/41387] WARN  impl.MetricRegistriesImpl (MetricRegistriesImpl.java:addReporterRegistration(111)) - New reporters are added after registries were created. Some metrics will be missing from the reporter. Please add reporter before adding any new registry.
2022-12-15 22:22:12,747 [Listener at 127.0.0.1/41387] INFO  impl.MetricsSystemImpl (MetricsSystemImpl.java:init(158)) - HddsDatanode metrics system started (again)
2022-12-15 22:22:12,754 [Datanode State Machine Daemon Thread] INFO  statemachine.DatanodeStateMachine (DatanodeStateMachine.java:lambda$startDaemon$0(509)) - Ozone container server started.
2022-12-15 22:22:12,773 [Listener at 127.0.0.1/41387] INFO  ozone.HddsDatanodeService (HddsDatanodeService.java:start(236)) - HddsDatanodeService host:fv-az83-67.pawgbth4qraerhbqawdeo1jfng.dx.internal.cloudapp.net ip:10.1.0.13
2022-12-15 22:22:12,793 [org.apache.hadoop.util.JvmPauseMonitor$Monitor@626a54c3] INFO  util.JvmPauseMonitor (JvmPauseMonitor.java:run(188)) - Starting JVM pause monitor
2022-12-15 22:22:12,795 [IPC Server handler 4 on default port 46479] INFO  net.NetworkTopologyImpl (NetworkTopologyImpl.java:add(112)) - Added a new node: /default-rack/51274d7d-d5a1-4c32-9641-f14f0b9efaa9
2022-12-15 22:22:12,795 [IPC Server handler 4 on default port 46479] INFO  node.SCMNodeManager (SCMNodeManager.java:register(397)) - Registered Data node : 51274d7d-d5a1-4c32-9641-f14f0b9efaa9{ip: 10.1.0.13, host: fv-az83-67.pawgbth4qraerhbqawdeo1jfng.dx.internal.cloudapp.net, ports: [REPLICATION=33207, RATIS=34457, RATIS_ADMIN=34457, RATIS_SERVER=34457, STANDALONE=45609], networkLocation: /default-rack, certSerialId: null, persistedOpState: null, persistedOpStateExpiryEpochSec: 0}
2022-12-15 22:22:12,807 [EventQueue-NodeRegistrationContainerReportForDataNodeSafeModeRule] INFO  safemode.SCMSafeModeManager (DataNodeSafeModeRule.java:process(71)) - SCM in safe mode. 1 DataNodes registered, 3 required.
2022-12-15 22:22:12,807 [EventQueue-NodeRegistrationContainerReportForContainerSafeModeRule] INFO  safemode.SCMSafeModeManager (SCMSafeModeManager.java:validateSafeModeExitRules(200)) - ContainerSafeModeRule rule is successfully validated
2022-12-15 22:22:12,814 [EventQueue-NewNodeForNewNodeHandler] INFO  pipeline.BackgroundPipelineCreator (BackgroundPipelineCreator.java:notifyEventTriggered(276)) - trigger a one-shot run on RatisPipelineUtilsThread.
2022-12-15 22:22:12,815 [RatisPipelineUtilsThread - 0] INFO  pipeline.RatisPipelineProvider (RatisPipelineProvider.java:lambda$create$0(206)) - Sending CreatePipelineCommand for pipeline:PipelineID=76524b22-ff27-45a7-9ff2-c0248f7e2a7e to datanode:51274d7d-d5a1-4c32-9641-f14f0b9efaa9
2022-12-15 22:22:12,816 [RatisPipelineUtilsThread - 0] INFO  pipeline.PipelineStateManagerImpl (PipelineStateManagerImpl.java:addPipeline(103)) - Created pipeline Pipeline[ Id: 76524b22-ff27-45a7-9ff2-c0248f7e2a7e, Nodes: 51274d7d-d5a1-4c32-9641-f14f0b9efaa9{ip: 10.1.0.13, host: fv-az83-67.pawgbth4qraerhbqawdeo1jfng.dx.internal.cloudapp.net, ports: [REPLICATION=33207, RATIS=34457, RATIS_ADMIN=34457, RATIS_SERVER=34457, STANDALONE=45609], networkLocation: /default-rack, certSerialId: null, persistedOpState: IN_SERVICE, persistedOpStateExpiryEpochSec: 0}, ReplicationConfig: RATIS/ONE, State:ALLOCATED, leaderId:, CreationTimestamp2022-12-15T22:22:12.815Z[Etc/UTC]].
2022-12-15 22:22:12,829 [Listener at 127.0.0.1/41387] INFO  upgrade.AbstractLayoutVersionManager (AbstractLayoutVersionManager.java:init(83)) - Initializing Layout version manager with metadata layout = DATANODE_SCHEMA_V3 (version = 4), software layout = DATANODE_SCHEMA_V3 (version = 4)
2022-12-15 22:22:12,835 [EventQueue-PipelineReportForOneReplicaPipelineSafeModeRule] INFO  safemode.SCMSafeModeManager (SCMSafeModeManager.java:validateSafeModeExitRules(200)) - AtleastOneDatanodeReportedRule rule is successfully validated
2022-12-15 22:22:12,839 [Datanode State Machine Task Thread - 0] INFO  datanode.InitDatanodeState (InitDatanodeState.java:persistContainerDatanodeDetails(138)) - DatanodeDetails is persisted to /home/runner/work/ozone/ozone/hadoop-ozone/integration-test/target/test-dir/MiniOzoneClusterImpl-c952205c-0de4-41d8-8615-baf19f81c5db/datanode-4/meta/datanode.id
2022-12-15 22:22:12,861 [EventQueue-CommandQueueReportForCommandQueueReportHandler] WARN  events.EventQueue (EventQueue.java:fireEvent(216)) - No event handler registered for event TypedEvent{payloadType=DatanodeDetails, name='Datanode_Command_Queue_Updated'}
2022-12-15 22:22:12,883 [EventQueue-CommandQueueReportForCommandQueueReportHandler] WARN  events.EventQueue (EventQueue.java:fireEvent(216)) - No event handler registered for event TypedEvent{payloadType=DatanodeDetails, name='Datanode_Command_Queue_Updated'}
2022-12-15 22:22:12,884 [EventQueue-CommandQueueReportForCommandQueueReportHandler] WARN  events.EventQueue (EventQueue.java:fireEvent(216)) - No event handler registered for event TypedEvent{payloadType=DatanodeDetails, name='Datanode_Command_Queue_Updated'}
2022-12-15 22:22:12,891 [Listener at 127.0.0.1/41387] INFO  reflections.Reflections (Reflections.java:scan(232)) - Reflections took 61 ms to scan 7 urls, producing 140 keys and 342 values 
2022-12-15 22:22:12,893 [Listener at 127.0.0.1/41387] INFO  statemachine.DatanodeStateMachine (DatanodeStateMachine.java:getEndPointTaskThreadPoolSize(249)) - Datanode State Machine Task Thread Pool size 2
2022-12-15 22:22:12,895 [Listener at 127.0.0.1/41387] INFO  volume.HddsVolume (HddsVolume.java:<init>(117)) - Creating HddsVolume: /home/runner/work/ozone/ozone/hadoop-ozone/integration-test/target/test-dir/MiniOzoneClusterImpl-c952205c-0de4-41d8-8615-baf19f81c5db/datanode-5/data-0/containers/hdds of storage type : DISK capacity : 9223372036854775807
2022-12-15 22:22:12,895 [Listener at 127.0.0.1/41387] INFO  volume.MutableVolumeSet (MutableVolumeSet.java:initializeVolumeSet(174)) - Added Volume : /home/runner/work/ozone/ozone/hadoop-ozone/integration-test/target/test-dir/MiniOzoneClusterImpl-c952205c-0de4-41d8-8615-baf19f81c5db/datanode-5/data-0/containers/hdds to VolumeSet
2022-12-15 22:22:12,895 [Listener at 127.0.0.1/41387] INFO  volume.ThrottledAsyncChecker (ThrottledAsyncChecker.java:schedule(141)) - Scheduling a check for /home/runner/work/ozone/ozone/hadoop-ozone/integration-test/target/test-dir/MiniOzoneClusterImpl-c952205c-0de4-41d8-8615-baf19f81c5db/datanode-5/data-0/containers/hdds
2022-12-15 22:22:12,909 [Listener at 127.0.0.1/41387] INFO  volume.StorageVolumeChecker (StorageVolumeChecker.java:checkAllVolumes(202)) - Scheduled health check for volume /home/runner/work/ozone/ozone/hadoop-ozone/integration-test/target/test-dir/MiniOzoneClusterImpl-c952205c-0de4-41d8-8615-baf19f81c5db/datanode-5/data-0/containers/hdds
2022-12-15 22:22:12,921 [Listener at 127.0.0.1/41387] INFO  volume.MutableVolumeSet (MutableVolumeSet.java:initializeVolumeSet(174)) - Added Volume : /home/runner/work/ozone/ozone/hadoop-ozone/integration-test/target/test-dir/MiniOzoneClusterImpl-c952205c-0de4-41d8-8615-baf19f81c5db/datanode-5/data/ratis to VolumeSet
2022-12-15 22:22:12,921 [Listener at 127.0.0.1/41387] INFO  volume.ThrottledAsyncChecker (ThrottledAsyncChecker.java:schedule(141)) - Scheduling a check for /home/runner/work/ozone/ozone/hadoop-ozone/integration-test/target/test-dir/MiniOzoneClusterImpl-c952205c-0de4-41d8-8615-baf19f81c5db/datanode-5/data/ratis
2022-12-15 22:22:12,922 [Listener at 127.0.0.1/41387] INFO  volume.StorageVolumeChecker (StorageVolumeChecker.java:checkAllVolumes(202)) - Scheduled health check for volume /home/runner/work/ozone/ozone/hadoop-ozone/integration-test/target/test-dir/MiniOzoneClusterImpl-c952205c-0de4-41d8-8615-baf19f81c5db/datanode-5/data/ratis
2022-12-15 22:22:12,933 [Thread-613] INFO  ozoneimpl.ContainerReader (ContainerReader.java:readVolume(175)) - Finish verifying containers on volume /home/runner/work/ozone/ozone/hadoop-ozone/integration-test/target/test-dir/MiniOzoneClusterImpl-c952205c-0de4-41d8-8615-baf19f81c5db/datanode-5/data-0/containers/hdds
2022-12-15 22:22:12,933 [Listener at 127.0.0.1/41387] INFO  ozoneimpl.OzoneContainer (OzoneContainer.java:buildContainerSet(301)) - Build ContainerSet costs 0s
2022-12-15 22:22:12,936 [Listener at 127.0.0.1/41387] INFO  server.RaftServer (ConfUtils.java:logGet(46)) - raft.rpc.type = GRPC (default)
2022-12-15 22:22:12,936 [Listener at 127.0.0.1/41387] INFO  grpc.GrpcConfigKeys (ConfUtils.java:logFallback(53)) - raft.grpc.admin.host = null (fallback to raft.grpc.server.host)
2022-12-15 22:22:12,936 [Listener at 127.0.0.1/41387] INFO  grpc.GrpcConfigKeys (ConfUtils.java:logGet(46)) - raft.grpc.admin.port = 0 (custom)
2022-12-15 22:22:12,936 [Listener at 127.0.0.1/41387] INFO  grpc.GrpcConfigKeys (ConfUtils.java:logFallback(53)) - raft.grpc.client.host = null (fallback to raft.grpc.server.host)
2022-12-15 22:22:12,936 [Listener at 127.0.0.1/41387] INFO  grpc.GrpcConfigKeys (ConfUtils.java:logGet(46)) - raft.grpc.client.port = 0 (custom)
2022-12-15 22:22:12,936 [Listener at 127.0.0.1/41387] INFO  grpc.GrpcConfigKeys (ConfUtils.java:logGet(46)) - raft.grpc.server.host = null (default)
2022-12-15 22:22:12,937 [Listener at 127.0.0.1/41387] INFO  grpc.GrpcConfigKeys (ConfUtils.java:logGet(46)) - raft.grpc.server.port = 0 (default)
2022-12-15 22:22:12,937 [Listener at 127.0.0.1/41387] INFO  server.GrpcService (ConfUtils.java:logGet(46)) - raft.grpc.message.size.max = 32MB (=33554432) (custom)
2022-12-15 22:22:12,937 [Listener at 127.0.0.1/41387] INFO  server.RaftServerConfigKeys (ConfUtils.java:logGet(46)) - raft.server.log.appender.buffer.byte-limit = 33554432 (custom)
2022-12-15 22:22:12,937 [Listener at 127.0.0.1/41387] INFO  server.GrpcService (ConfUtils.java:logGet(46)) - raft.grpc.flow.control.window = 5MB (=5242880) (custom)
2022-12-15 22:22:12,937 [Listener at 127.0.0.1/41387] INFO  server.RaftServerConfigKeys (ConfUtils.java:logGet(46)) - raft.server.rpc.request.timeout = 60s (custom)
2022-12-15 22:22:12,937 [Listener at 127.0.0.1/41387] INFO  grpc.GrpcConfigKeys (ConfUtils.java:logGet(46)) - raft.grpc.server.heartbeat.channel = true (default)
2022-12-15 22:22:12,937 [Listener at 127.0.0.1/41387] INFO  grpc.GrpcConfigKeys (ConfUtils.java:logGet(46)) - raft.grpc.server.async.request.thread.pool.cached = true (default)
2022-12-15 22:22:12,937 [Listener at 127.0.0.1/41387] INFO  grpc.GrpcConfigKeys (ConfUtils.java:logGet(46)) - raft.grpc.server.async.request.thread.pool.size = 32 (default)
2022-12-15 22:22:12,938 [Listener at 127.0.0.1/41387] INFO  impl.DataStreamServerImpl (ConfUtils.java:logGet(46)) - raft.datastream.type = DISABLED (default)
2022-12-15 22:22:12,938 [Listener at 127.0.0.1/41387] INFO  server.RaftServerConfigKeys (ConfUtils.java:logGet(46)) - raft.server.threadpool.proxy.cached = true (default)
2022-12-15 22:22:12,939 [Listener at 127.0.0.1/41387] INFO  server.RaftServerConfigKeys (ConfUtils.java:logGet(46)) - raft.server.threadpool.proxy.size = 0 (default)
2022-12-15 22:22:12,939 [Listener at 127.0.0.1/41387] INFO  server.RaftServerConfigKeys (ConfUtils.java:logGet(46)) - raft.server.rpc.slowness.timeout = 300s (custom)
2022-12-15 22:22:12,939 [Listener at 127.0.0.1/41387] INFO  server.RaftServerConfigKeys (ConfUtils.java:logGet(46)) - raft.server.leaderelection.leader.step-down.wait-time = 10s (default)
2022-12-15 22:22:12,939 [Listener at 127.0.0.1/41387] INFO  server.RaftServerConfigKeys (ConfUtils.java:logGet(46)) - raft.server.storage.dir = [/home/runner/work/ozone/ozone/hadoop-ozone/integration-test/target/test-dir/MiniOzoneClusterImpl-c952205c-0de4-41d8-8615-baf19f81c5db/datanode-5/data/ratis] (custom)
2022-12-15 22:22:12,941 [Listener at 127.0.0.1/41387] INFO  server.XceiverServerGrpc (XceiverServerGrpc.java:<init>(132)) - GrpcServer channel type EpollServerSocketChannel
2022-12-15 22:22:12,945 [Listener at 127.0.0.1/41387] INFO  http.BaseHttpServer (BaseHttpServer.java:newHttpServer2BuilderForOzone(213)) - Starting Web-server for hddsDatanode at: http://0.0.0.0:0
2022-12-15 22:22:12,945 [Listener at 127.0.0.1/41387] INFO  http.BaseHttpServer (BaseHttpServer.java:<init>(108)) - Hadoop Security Enabled: false Ozone Security Enabled: false Ozone HTTP Security Enabled: false 
2022-12-15 22:22:12,946 [Listener at 127.0.0.1/41387] WARN  server.AuthenticationFilter (AuthenticationFilter.java:constructSecretProvider(240)) - Unable to initialize FileSignerSecretProvider, falling back to use random secrets. Reason: Could not read signature secret file: /home/runner/hadoop-http-auth-signature-secret
2022-12-15 22:22:12,946 [Listener at 127.0.0.1/41387] WARN  http.HttpRequestLog (HttpRequestLog.java:getRequestLog(103)) - Jetty request log can only be enabled using Log4j
2022-12-15 22:22:12,947 [Listener at 127.0.0.1/41387] INFO  http.HttpServer2 (HttpServer2.java:addGlobalFilter(1031)) - Added global filter 'safety' (class=org.apache.hadoop.hdds.server.http.HttpServer2$QuotingInputFilter)
2022-12-15 22:22:12,948 [Listener at 127.0.0.1/41387] INFO  http.HttpServer2 (HttpServer2.java:addFilter(1007)) - Added filter static_user_filter (class=org.apache.hadoop.http.lib.StaticUserWebFilter$StaticUserFilter) to context hddsDatanode
2022-12-15 22:22:12,948 [Listener at 127.0.0.1/41387] INFO  http.HttpServer2 (HttpServer2.java:addFilter(1015)) - Added filter static_user_filter (class=org.apache.hadoop.http.lib.StaticUserWebFilter$StaticUserFilter) to context static
2022-12-15 22:22:12,948 [Listener at 127.0.0.1/41387] INFO  http.HttpServer2 (HttpServer2.java:addFilter(1015)) - Added filter static_user_filter (class=org.apache.hadoop.http.lib.StaticUserWebFilter$StaticUserFilter) to context logs
2022-12-15 22:22:12,949 [Listener at 127.0.0.1/41387] INFO  http.HttpServer2 (HttpServer2.java:bindListener(1250)) - Jetty bound to port 43647
2022-12-15 22:22:12,949 [Listener at 127.0.0.1/41387] INFO  server.Server (Server.java:doStart(375)) - jetty-9.4.49.v20220914; built: 2022-09-14T01:07:36.601Z; git: 4231a3b2e4cb8548a412a789936d640a97b1aa0a; jvm 1.8.0_352-b08
2022-12-15 22:22:12,969 [IPC Server handler 12 on default port 45573] INFO  node.SCMNodeManager (SCMNodeManager.java:updateDatanodeOpState(545)) - Scheduling a command to update the operationalState persisted on 1e86e54b-7ea4-4ffe-a764-33ccb592660f{ip: 10.1.0.13, host: fv-az83-67.pawgbth4qraerhbqawdeo1jfng.dx.internal.cloudapp.net, ports: [REPLICATION=41383, RATIS=45413, RATIS_ADMIN=45413, RATIS_SERVER=45413, STANDALONE=39139], networkLocation: /default-rack, certSerialId: null, persistedOpState: null, persistedOpStateExpiryEpochSec: 0} as the reported value does not match the value stored in SCM (DECOMMISSIONING, 0)
2022-12-15 22:22:12,971 [EventQueue-CommandQueueReportForCommandQueueReportHandler] WARN  events.EventQueue (EventQueue.java:fireEvent(216)) - No event handler registered for event TypedEvent{payloadType=DatanodeDetails, name='Datanode_Command_Queue_Updated'}
2022-12-15 22:22:12,976 [Listener at 127.0.0.1/41387] INFO  server.session (DefaultSessionIdManager.java:doStart(334)) - DefaultSessionIdManager workerName=node0
2022-12-15 22:22:12,976 [Listener at 127.0.0.1/41387] INFO  server.session (DefaultSessionIdManager.java:doStart(339)) - No SessionScavenger set, using defaults
2022-12-15 22:22:12,976 [Listener at 127.0.0.1/41387] INFO  server.session (HouseKeeper.java:startScavenging(132)) - node0 Scavenging every 660000ms
2022-12-15 22:22:12,981 [Listener at 127.0.0.1/41387] INFO  handler.ContextHandler (ContextHandler.java:doStart(921)) - Started o.e.j.s.ServletContextHandler@7329936e{logs,/logs,file:///home/runner/work/ozone/ozone/hadoop-ozone/integration-test/target/log,AVAILABLE}
2022-12-15 22:22:12,981 [Listener at 127.0.0.1/41387] INFO  handler.ContextHandler (ContextHandler.java:doStart(921)) - Started o.e.j.s.ServletContextHandler@7c4d446e{static,/static,jar:file:/home/runner/.m2/repository/org/apache/ozone/hdds-container-service/1.3.0-SNAPSHOT/hdds-container-service-1.3.0-SNAPSHOT.jar!/webapps/static,AVAILABLE}
2022-12-15 22:22:13,066 [EndpointStateMachine task thread for /0.0.0.0:46479 - 0 ] INFO  utils.DatanodeStoreCache (DatanodeStoreCache.java:addDB(58)) - Added db /home/runner/work/ozone/ozone/hadoop-ozone/integration-test/target/test-dir/MiniOzoneClusterImpl-c952205c-0de4-41d8-8615-baf19f81c5db/datanode-2/data-0/containers/hdds/c952205c-0de4-41d8-8615-baf19f81c5db/DS-d557d4f1-0fec-41af-bfa8-2aca08880afe/container.db to cache
2022-12-15 22:22:13,066 [EndpointStateMachine task thread for /0.0.0.0:46479 - 0 ] INFO  volume.HddsVolume (HddsVolume.java:createDbStore(307)) - SchemaV3 db is created and loaded at /home/runner/work/ozone/ozone/hadoop-ozone/integration-test/target/test-dir/MiniOzoneClusterImpl-c952205c-0de4-41d8-8615-baf19f81c5db/datanode-2/data-0/containers/hdds/c952205c-0de4-41d8-8615-baf19f81c5db/DS-d557d4f1-0fec-41af-bfa8-2aca08880afe/container.db for volume DS-d557d4f1-0fec-41af-bfa8-2aca08880afe
2022-12-15 22:22:13,067 [EndpointStateMachine task thread for /0.0.0.0:46479 - 0 ] INFO  ozoneimpl.OzoneContainer (OzoneContainer.java:start(395)) - Attempting to start container services.
2022-12-15 22:22:13,067 [EndpointStateMachine task thread for /0.0.0.0:46479 - 0 ] INFO  ozoneimpl.OzoneContainer (OzoneContainer.java:startContainerScrub(312)) - Scheduled background container scanners and the on-demand container scanner have been disabled.
2022-12-15 22:22:13,070 [EndpointStateMachine task thread for /0.0.0.0:46479 - 0 ] INFO  replication.ReplicationServer (ReplicationServer.java:start(106)) - ReplicationServer is started using port 39855
2022-12-15 22:22:13,071 [EndpointStateMachine task thread for /0.0.0.0:46479 - 0 ] INFO  ratis.XceiverServerRatis (XceiverServerRatis.java:start(481)) - Starting XceiverServerRatis a42aff4d-9d7b-4010-992a-35ce3c1e1689
2022-12-15 22:22:13,089 [EndpointStateMachine task thread for /0.0.0.0:46479 - 0 ] INFO  server.RaftServer (RaftServerProxy.java:startImpl(393)) - a42aff4d-9d7b-4010-992a-35ce3c1e1689: start RPC server
2022-12-15 22:22:13,091 [EndpointStateMachine task thread for /0.0.0.0:46479 - 0 ] INFO  server.GrpcService (GrpcService.java:startImpl(262)) - a42aff4d-9d7b-4010-992a-35ce3c1e1689: GrpcService started, listening on 44723
2022-12-15 22:22:13,092 [EndpointStateMachine task thread for /0.0.0.0:46479 - 0 ] INFO  ratis.XceiverServerRatis (XceiverServerRatis.java:getRealPort(502)) - XceiverServerRatis a42aff4d-9d7b-4010-992a-35ce3c1e1689 is started using port 44723 for RATIS
2022-12-15 22:22:13,092 [JvmPauseMonitor11] INFO  util.JvmPauseMonitor (JvmPauseMonitor.java:run(105)) - JvmPauseMonitor-a42aff4d-9d7b-4010-992a-35ce3c1e1689: Started
2022-12-15 22:22:13,092 [EndpointStateMachine task thread for /0.0.0.0:46479 - 0 ] INFO  ratis.XceiverServerRatis (XceiverServerRatis.java:getRealPort(502)) - XceiverServerRatis a42aff4d-9d7b-4010-992a-35ce3c1e1689 is started using port 44723 for RATIS_ADMIN
2022-12-15 22:22:13,092 [EndpointStateMachine task thread for /0.0.0.0:46479 - 0 ] INFO  ratis.XceiverServerRatis (XceiverServerRatis.java:getRealPort(502)) - XceiverServerRatis a42aff4d-9d7b-4010-992a-35ce3c1e1689 is started using port 44723 for RATIS_SERVER
2022-12-15 22:22:13,106 [EndpointStateMachine task thread for /0.0.0.0:46479 - 0 ] INFO  server.XceiverServerGrpc (XceiverServerGrpc.java:start(180)) - XceiverServerGrpc a42aff4d-9d7b-4010-992a-35ce3c1e1689 is started using port 40139
2022-12-15 22:22:13,156 [ReplicationMonitor] INFO  replication.ReplicationManager (ReplicationManager.java:processAll(327)) - Replication Manager is not ready to run until 3000ms after safemode exit
2022-12-15 22:22:13,224 [DatanodeAdminManager-0] INFO  node.DatanodeAdminMonitorImpl (DatanodeAdminMonitorImpl.java:checkPipelinesClosedOnNode(325)) - Waiting for pipelines to close for 1e86e54b-7ea4-4ffe-a764-33ccb592660f{ip: 10.1.0.13, host: fv-az83-67.pawgbth4qraerhbqawdeo1jfng.dx.internal.cloudapp.net, ports: [REPLICATION=41383, RATIS=45413, RATIS_ADMIN=45413, RATIS_SERVER=45413, STANDALONE=39139], networkLocation: /default-rack, certSerialId: null, persistedOpState: IN_SERVICE, persistedOpStateExpiryEpochSec: 0}. There are 6 pipelines
2022-12-15 22:22:13,226 [DatanodeAdminManager-0] INFO  node.DatanodeAdminMonitorImpl (DatanodeAdminMonitorImpl.java:run(169)) - There are 1 nodes tracked for decommission and maintenance.  0 pending nodes.
2022-12-15 22:22:13,226 [EventQueue-StartAdminOnNodeForStartDatanodeAdminHandler] INFO  node.StartDatanodeAdminHandler (StartDatanodeAdminHandler.java:onMessage(57)) - Admin start on datanode 1e86e54b-7ea4-4ffe-a764-33ccb592660f{ip: 10.1.0.13, host: fv-az83-67.pawgbth4qraerhbqawdeo1jfng.dx.internal.cloudapp.net, ports: [REPLICATION=41383, RATIS=45413, RATIS_ADMIN=45413, RATIS_SERVER=45413, STANDALONE=39139], networkLocation: /default-rack, certSerialId: null, persistedOpState: IN_SERVICE, persistedOpStateExpiryEpochSec: 0}. Finalizing its pipelines [PipelineID=eb92dca9-258e-4458-8b4a-b46e85a7fcfd, PipelineID=87f24a54-1b01-4401-b083-bebb4550122d, PipelineID=4bb29f98-1168-434f-a1c3-5ab91dfa3848, PipelineID=f173ee43-aca2-4969-847c-ea35770a825d, PipelineID=a30a131b-c483-4934-bb85-a0dbe401b2ae, PipelineID=2f56ceb8-1d04-4962-b9c6-7f8dc05f6ad4]
2022-12-15 22:22:13,232 [Over Replicated Processor] INFO  replication.OverReplicatedProcessor (OverReplicatedProcessor.java:processAll(79)) - Processed 0 over replicated containers, failed processing 0
2022-12-15 22:22:13,238 [Under Replicated Processor] INFO  replication.UnderReplicatedProcessor (UnderReplicatedProcessor.java:processAll(79)) - Processed 0 under replicated containers, failed processing 0
2022-12-15 22:22:13,238 [EventQueue-StartAdminOnNodeForStartDatanodeAdminHandler] INFO  pipeline.PipelineManagerImpl (PipelineManagerImpl.java:closeContainersForPipeline(421)) - Container #6 closed for pipeline=PipelineID=eb92dca9-258e-4458-8b4a-b46e85a7fcfd
2022-12-15 22:22:13,239 [EventQueue-StartAdminOnNodeForStartDatanodeAdminHandler] INFO  pipeline.PipelineManagerImpl (PipelineManagerImpl.java:closePipeline(442)) - Pipeline Pipeline[ Id: eb92dca9-258e-4458-8b4a-b46e85a7fcfd, Nodes: 9af99ef4-a70d-4375-9c0d-594670c86eaa{ip: 10.1.0.13, host: fv-az83-67.pawgbth4qraerhbqawdeo1jfng.dx.internal.cloudapp.net, ports: [REPLICATION=37293, RATIS=37969, RATIS_ADMIN=37969, RATIS_SERVER=37969, STANDALONE=45841], networkLocation: /default-rack, certSerialId: null, persistedOpState: null, persistedOpStateExpiryEpochSec: 0}c0e45f45-48a3-418c-b3ac-112e0491709c{ip: 10.1.0.13, host: fv-az83-67.pawgbth4qraerhbqawdeo1jfng.dx.internal.cloudapp.net, ports: [REPLICATION=35393, RATIS=40363, RATIS_ADMIN=40363, RATIS_SERVER=40363, STANDALONE=44419], networkLocation: /default-rack, certSerialId: null, persistedOpState: null, persistedOpStateExpiryEpochSec: 0}8742ce53-ec43-4b5d-92fb-ca295b19fdac{ip: 10.1.0.13, host: fv-az83-67.pawgbth4qraerhbqawdeo1jfng.dx.internal.cloudapp.net, ports: [REPLICATION=42995, RATIS=44977, RATIS_ADMIN=44977, RATIS_SERVER=44977, STANDALONE=39581], networkLocation: /default-rack, certSerialId: null, persistedOpState: null, persistedOpStateExpiryEpochSec: 0}30cdbfed-5eb6-4d94-b03b-823178923405{ip: 10.1.0.13, host: fv-az83-67.pawgbth4qraerhbqawdeo1jfng.dx.internal.cloudapp.net, ports: [REPLICATION=35121, RATIS=40489, RATIS_ADMIN=40489, RATIS_SERVER=40489, STANDALONE=36205], networkLocation: /default-rack, certSerialId: null, persistedOpState: null, persistedOpStateExpiryEpochSec: 0}1e86e54b-7ea4-4ffe-a764-33ccb592660f{ip: 10.1.0.13, host: fv-az83-67.pawgbth4qraerhbqawdeo1jfng.dx.internal.cloudapp.net, ports: [REPLICATION=41383, RATIS=45413, RATIS_ADMIN=45413, RATIS_SERVER=45413, STANDALONE=39139], networkLocation: /default-rack, certSerialId: null, persistedOpState: null, persistedOpStateExpiryEpochSec: 0}, ReplicationConfig: EC/ECReplicationConfig{data=3, parity=2, ecChunkSize=1048576, codec=rs}, State:OPEN, leaderId:, CreationTimestamp2022-12-15T22:22:09.365Z[Etc/UTC]] moved to CLOSED state
2022-12-15 22:22:13,240 [EventQueue-StartAdminOnNodeForStartDatanodeAdminHandler] INFO  pipeline.PipelineStateManagerImpl (PipelineStateManagerImpl.java:removePipeline(245)) - Pipeline Pipeline[ Id: eb92dca9-258e-4458-8b4a-b46e85a7fcfd, Nodes: 9af99ef4-a70d-4375-9c0d-594670c86eaa{ip: 10.1.0.13, host: fv-az83-67.pawgbth4qraerhbqawdeo1jfng.dx.internal.cloudapp.net, ports: [REPLICATION=37293, RATIS=37969, RATIS_ADMIN=37969, RATIS_SERVER=37969, STANDALONE=45841], networkLocation: /default-rack, certSerialId: null, persistedOpState: null, persistedOpStateExpiryEpochSec: 0}c0e45f45-48a3-418c-b3ac-112e0491709c{ip: 10.1.0.13, host: fv-az83-67.pawgbth4qraerhbqawdeo1jfng.dx.internal.cloudapp.net, ports: [REPLICATION=35393, RATIS=40363, RATIS_ADMIN=40363, RATIS_SERVER=40363, STANDALONE=44419], networkLocation: /default-rack, certSerialId: null, persistedOpState: null, persistedOpStateExpiryEpochSec: 0}8742ce53-ec43-4b5d-92fb-ca295b19fdac{ip: 10.1.0.13, host: fv-az83-67.pawgbth4qraerhbqawdeo1jfng.dx.internal.cloudapp.net, ports: [REPLICATION=42995, RATIS=44977, RATIS_ADMIN=44977, RATIS_SERVER=44977, STANDALONE=39581], networkLocation: /default-rack, certSerialId: null, persistedOpState: null, persistedOpStateExpiryEpochSec: 0}30cdbfed-5eb6-4d94-b03b-823178923405{ip: 10.1.0.13, host: fv-az83-67.pawgbth4qraerhbqawdeo1jfng.dx.internal.cloudapp.net, ports: [REPLICATION=35121, RATIS=40489, RATIS_ADMIN=40489, RATIS_SERVER=40489, STANDALONE=36205], networkLocation: /default-rack, certSerialId: null, persistedOpState: null, persistedOpStateExpiryEpochSec: 0}1e86e54b-7ea4-4ffe-a764-33ccb592660f{ip: 10.1.0.13, host: fv-az83-67.pawgbth4qraerhbqawdeo1jfng.dx.internal.cloudapp.net, ports: [REPLICATION=41383, RATIS=45413, RATIS_ADMIN=45413, RATIS_SERVER=45413, STANDALONE=39139], networkLocation: /default-rack, certSerialId: null, persistedOpState: null, persistedOpStateExpiryEpochSec: 0}, ReplicationConfig: EC/ECReplicationConfig{data=3, parity=2, ecChunkSize=1048576, codec=rs}, State:CLOSED, leaderId:, CreationTimestamp2022-12-15T22:22:09.365Z[Etc/UTC]] removed.
2022-12-15 22:22:13,243 [EventQueue-CloseContainerForCloseContainerEventHandler] INFO  container.CloseContainerEventHandler (CloseContainerEventHandler.java:onMessage(73)) - Close container Event triggered for container : #6, current state: CLOSING
2022-12-15 22:22:13,243 [EventQueue-StartAdminOnNodeForStartDatanodeAdminHandler] INFO  pipeline.PipelineManagerImpl (PipelineManagerImpl.java:closeContainersForPipeline(421)) - Container #7 closed for pipeline=PipelineID=87f24a54-1b01-4401-b083-bebb4550122d
2022-12-15 22:22:13,246 [Listener at 127.0.0.1/41387] INFO  handler.ContextHandler (ContextHandler.java:doStart(921)) - Started o.e.j.w.WebAppContext@bd00bec{hddsDatanode,/,file:///tmp/jetty-0_0_0_0-43647-hdds-container-service-1_3_0-SNAPSHOT_jar-_-any-5590629937477955236/webapp/,AVAILABLE}{jar:file:/home/runner/.m2/repository/org/apache/ozone/hdds-container-service/1.3.0-SNAPSHOT/hdds-container-service-1.3.0-SNAPSHOT.jar!/webapps/hddsDatanode}
2022-12-15 22:22:13,249 [Listener at 127.0.0.1/41387] INFO  server.AbstractConnector (AbstractConnector.java:doStart(333)) - Started ServerConnector@5d2d4ca6{HTTP/1.1, (http/1.1)}{0.0.0.0:43647}
2022-12-15 22:22:13,250 [EventQueue-CloseContainerForCloseContainerEventHandler] INFO  container.CloseContainerEventHandler (CloseContainerEventHandler.java:onMessage(73)) - Close container Event triggered for container : #7, current state: CLOSING
2022-12-15 22:22:13,253 [ReplicationMonitor] INFO  replication.ReplicationManager (ReplicationManager.java:sendDatanodeCommand(423)) - Sending command of type closeContainerCommand for container ContainerInfo{id=#6, state=CLOSING, pipelineID=PipelineID=eb92dca9-258e-4458-8b4a-b46e85a7fcfd, stateEnterTime=2022-12-15T22:22:09.366Z, owner=om1} to 8742ce53-ec43-4b5d-92fb-ca295b19fdac{ip: 10.1.0.13, host: fv-az83-67.pawgbth4qraerhbqawdeo1jfng.dx.internal.cloudapp.net, ports: [REPLICATION=42995, RATIS=44977, RATIS_ADMIN=44977, RATIS_SERVER=44977, STANDALONE=39581], networkLocation: /default-rack, certSerialId: null, persistedOpState: IN_SERVICE, persistedOpStateExpiryEpochSec: 0}
2022-12-15 22:22:13,253 [EventQueue-StartAdminOnNodeForStartDatanodeAdminHandler] INFO  pipeline.PipelineManagerImpl (PipelineManagerImpl.java:closePipeline(442)) - Pipeline Pipeline[ Id: 87f24a54-1b01-4401-b083-bebb4550122d, Nodes: 30cdbfed-5eb6-4d94-b03b-823178923405{ip: 10.1.0.13, host: fv-az83-67.pawgbth4qraerhbqawdeo1jfng.dx.internal.cloudapp.net, ports: [REPLICATION=35121, RATIS=40489, RATIS_ADMIN=40489, RATIS_SERVER=40489, STANDALONE=36205], networkLocation: /default-rack, certSerialId: null, persistedOpState: null, persistedOpStateExpiryEpochSec: 0}36e1593a-57cf-42fc-9e99-3bc8e6c88ec2{ip: 10.1.0.13, host: fv-az83-67.pawgbth4qraerhbqawdeo1jfng.dx.internal.cloudapp.net, ports: [REPLICATION=36657, RATIS=46439, RATIS_ADMIN=46439, RATIS_SERVER=46439, STANDALONE=39281], networkLocation: /default-rack, certSerialId: null, persistedOpState: null, persistedOpStateExpiryEpochSec: 0}1e86e54b-7ea4-4ffe-a764-33ccb592660f{ip: 10.1.0.13, host: fv-az83-67.pawgbth4qraerhbqawdeo1jfng.dx.internal.cloudapp.net, ports: [REPLICATION=41383, RATIS=45413, RATIS_ADMIN=45413, RATIS_SERVER=45413, STANDALONE=39139], networkLocation: /default-rack, certSerialId: null, persistedOpState: null, persistedOpStateExpiryEpochSec: 0}e0198350-5a80-4cc9-b4d4-fe7f34161fcd{ip: 10.1.0.13, host: fv-az83-67.pawgbth4qraerhbqawdeo1jfng.dx.internal.cloudapp.net, ports: [REPLICATION=33725, RATIS=33167, RATIS_ADMIN=33167, RATIS_SERVER=33167, STANDALONE=40941], networkLocation: /default-rack, certSerialId: null, persistedOpState: null, persistedOpStateExpiryEpochSec: 0}c0e45f45-48a3-418c-b3ac-112e0491709c{ip: 10.1.0.13, host: fv-az83-67.pawgbth4qraerhbqawdeo1jfng.dx.internal.cloudapp.net, ports: [REPLICATION=35393, RATIS=40363, RATIS_ADMIN=40363, RATIS_SERVER=40363, STANDALONE=44419], networkLocation: /default-rack, certSerialId: null, persistedOpState: null, persistedOpStateExpiryEpochSec: 0}, ReplicationConfig: EC/ECReplicationConfig{data=3, parity=2, ecChunkSize=1048576, codec=rs}, State:OPEN, leaderId:, CreationTimestamp2022-12-15T22:22:09.598Z[Etc/UTC]] moved to CLOSED state
2022-12-15 22:22:13,254 [ReplicationMonitor] INFO  replication.ReplicationManager (ReplicationManager.java:sendDatanodeCommand(423)) - Sending command of type closeContainerCommand for container ContainerInfo{id=#6, state=CLOSING, pipelineID=PipelineID=eb92dca9-258e-4458-8b4a-b46e85a7fcfd, stateEnterTime=2022-12-15T22:22:09.366Z, owner=om1} to 1e86e54b-7ea4-4ffe-a764-33ccb592660f{ip: 10.1.0.13, host: fv-az83-67.pawgbth4qraerhbqawdeo1jfng.dx.internal.cloudapp.net, ports: [REPLICATION=41383, RATIS=45413, RATIS_ADMIN=45413, RATIS_SERVER=45413, STANDALONE=39139], networkLocation: /default-rack, certSerialId: null, persistedOpState: IN_SERVICE, persistedOpStateExpiryEpochSec: 0}
2022-12-15 22:22:13,254 [ReplicationMonitor] INFO  replication.ReplicationManager (ReplicationManager.java:sendDatanodeCommand(423)) - Sending command of type closeContainerCommand for container ContainerInfo{id=#6, state=CLOSING, pipelineID=PipelineID=eb92dca9-258e-4458-8b4a-b46e85a7fcfd, stateEnterTime=2022-12-15T22:22:09.366Z, owner=om1} to 9af99ef4-a70d-4375-9c0d-594670c86eaa{ip: 10.1.0.13, host: fv-az83-67.pawgbth4qraerhbqawdeo1jfng.dx.internal.cloudapp.net, ports: [REPLICATION=37293, RATIS=37969, RATIS_ADMIN=37969, RATIS_SERVER=37969, STANDALONE=45841], networkLocation: /default-rack, certSerialId: null, persistedOpState: IN_SERVICE, persistedOpStateExpiryEpochSec: 0}
2022-12-15 22:22:13,254 [ReplicationMonitor] INFO  replication.ReplicationManager (ReplicationManager.java:sendDatanodeCommand(423)) - Sending command of type closeContainerCommand for container ContainerInfo{id=#6, state=CLOSING, pipelineID=PipelineID=eb92dca9-258e-4458-8b4a-b46e85a7fcfd, stateEnterTime=2022-12-15T22:22:09.366Z, owner=om1} to 30cdbfed-5eb6-4d94-b03b-823178923405{ip: 10.1.0.13, host: fv-az83-67.pawgbth4qraerhbqawdeo1jfng.dx.internal.cloudapp.net, ports: [REPLICATION=35121, RATIS=40489, RATIS_ADMIN=40489, RATIS_SERVER=40489, STANDALONE=36205], networkLocation: /default-rack, certSerialId: null, persistedOpState: IN_SERVICE, persistedOpStateExpiryEpochSec: 0}
2022-12-15 22:22:13,254 [ReplicationMonitor] INFO  replication.ReplicationManager (ReplicationManager.java:sendDatanodeCommand(423)) - Sending command of type closeContainerCommand for container ContainerInfo{id=#6, state=CLOSING, pipelineID=PipelineID=eb92dca9-258e-4458-8b4a-b46e85a7fcfd, stateEnterTime=2022-12-15T22:22:09.366Z, owner=om1} to c0e45f45-48a3-418c-b3ac-112e0491709c{ip: 10.1.0.13, host: fv-az83-67.pawgbth4qraerhbqawdeo1jfng.dx.internal.cloudapp.net, ports: [REPLICATION=35393, RATIS=40363, RATIS_ADMIN=40363, RATIS_SERVER=40363, STANDALONE=44419], networkLocation: /default-rack, certSerialId: null, persistedOpState: IN_SERVICE, persistedOpStateExpiryEpochSec: 0}
2022-12-15 22:22:13,254 [ReplicationMonitor] INFO  replication.ReplicationManager (ReplicationManager.java:sendDatanodeCommand(423)) - Sending command of type closeContainerCommand for container ContainerInfo{id=#7, state=CLOSING, pipelineID=PipelineID=87f24a54-1b01-4401-b083-bebb4550122d, stateEnterTime=2022-12-15T22:22:09.599Z, owner=om1} to e0198350-5a80-4cc9-b4d4-fe7f34161fcd{ip: 10.1.0.13, host: fv-az83-67.pawgbth4qraerhbqawdeo1jfng.dx.internal.cloudapp.net, ports: [REPLICATION=33725, RATIS=33167, RATIS_ADMIN=33167, RATIS_SERVER=33167, STANDALONE=40941], networkLocation: /default-rack, certSerialId: null, persistedOpState: IN_SERVICE, persistedOpStateExpiryEpochSec: 0}
2022-12-15 22:22:13,254 [ReplicationMonitor] INFO  replication.ReplicationManager (ReplicationManager.java:sendDatanodeCommand(423)) - Sending command of type closeContainerCommand for container ContainerInfo{id=#7, state=CLOSING, pipelineID=PipelineID=87f24a54-1b01-4401-b083-bebb4550122d, stateEnterTime=2022-12-15T22:22:09.599Z, owner=om1} to 30cdbfed-5eb6-4d94-b03b-823178923405{ip: 10.1.0.13, host: fv-az83-67.pawgbth4qraerhbqawdeo1jfng.dx.internal.cloudapp.net, ports: [REPLICATION=35121, RATIS=40489, RATIS_ADMIN=40489, RATIS_SERVER=40489, STANDALONE=36205], networkLocation: /default-rack, certSerialId: null, persistedOpState: IN_SERVICE, persistedOpStateExpiryEpochSec: 0}
2022-12-15 22:22:13,254 [ReplicationMonitor] INFO  replication.ReplicationManager (ReplicationManager.java:sendDatanodeCommand(423)) - Sending command of type closeContainerCommand for container ContainerInfo{id=#7, state=CLOSING, pipelineID=PipelineID=87f24a54-1b01-4401-b083-bebb4550122d, stateEnterTime=2022-12-15T22:22:09.599Z, owner=om1} to c0e45f45-48a3-418c-b3ac-112e0491709c{ip: 10.1.0.13, host: fv-az83-67.pawgbth4qraerhbqawdeo1jfng.dx.internal.cloudapp.net, ports: [REPLICATION=35393, RATIS=40363, RATIS_ADMIN=40363, RATIS_SERVER=40363, STANDALONE=44419], networkLocation: /default-rack, certSerialId: null, persistedOpState: IN_SERVICE, persistedOpStateExpiryEpochSec: 0}
2022-12-15 22:22:13,255 [ReplicationMonitor] INFO  replication.ReplicationManager (ReplicationManager.java:sendDatanodeCommand(423)) - Sending command of type closeContainerCommand for container ContainerInfo{id=#7, state=CLOSING, pipelineID=PipelineID=87f24a54-1b01-4401-b083-bebb4550122d, stateEnterTime=2022-12-15T22:22:09.599Z, owner=om1} to 36e1593a-57cf-42fc-9e99-3bc8e6c88ec2{ip: 10.1.0.13, host: fv-az83-67.pawgbth4qraerhbqawdeo1jfng.dx.internal.cloudapp.net, ports: [REPLICATION=36657, RATIS=46439, RATIS_ADMIN=46439, RATIS_SERVER=46439, STANDALONE=39281], networkLocation: /default-rack, certSerialId: null, persistedOpState: IN_SERVICE, persistedOpStateExpiryEpochSec: 0}
2022-12-15 22:22:13,255 [ReplicationMonitor] INFO  replication.ReplicationManager (ReplicationManager.java:sendDatanodeCommand(423)) - Sending command of type closeContainerCommand for container ContainerInfo{id=#7, state=CLOSING, pipelineID=PipelineID=87f24a54-1b01-4401-b083-bebb4550122d, stateEnterTime=2022-12-15T22:22:09.599Z, owner=om1} to 1e86e54b-7ea4-4ffe-a764-33ccb592660f{ip: 10.1.0.13, host: fv-az83-67.pawgbth4qraerhbqawdeo1jfng.dx.internal.cloudapp.net, ports: [REPLICATION=41383, RATIS=45413, RATIS_ADMIN=45413, RATIS_SERVER=45413, STANDALONE=39139], networkLocation: /default-rack, certSerialId: null, persistedOpState: IN_SERVICE, persistedOpStateExpiryEpochSec: 0}
2022-12-15 22:22:13,255 [ReplicationMonitor] INFO  replication.ReplicationManager (ReplicationManager.java:processAll(360)) - Replication Monitor Thread took 2 milliseconds for processing 8 containers.
2022-12-15 22:22:13,255 [Listener at 127.0.0.1/41387] INFO  server.Server (Server.java:doStart(415)) - Started @36963ms
2022-12-15 22:22:13,255 [Listener at 127.0.0.1/41387] WARN  impl.MetricsSystemImpl (MetricsSystemImpl.java:register(279)) - Sink prometheus already exists!
2022-12-15 22:22:13,256 [Listener at 127.0.0.1/41387] INFO  http.BaseHttpServer (BaseHttpServer.java:updateConnectorAddress(333)) - HTTP server of hddsDatanode listening at http://0.0.0.0:43647
2022-12-15 22:22:13,256 [Listener at 127.0.0.1/41387] WARN  impl.MetricRegistriesImpl (MetricRegistriesImpl.java:addReporterRegistration(111)) - New reporters are added after registries were created. Some metrics will be missing from the reporter. Please add reporter before adding any new registry.
2022-12-15 22:22:13,256 [Listener at 127.0.0.1/41387] WARN  impl.MetricRegistriesImpl (MetricRegistriesImpl.java:addReporterRegistration(111)) - New reporters are added after registries were created. Some metrics will be missing from the reporter. Please add reporter before adding any new registry.
2022-12-15 22:22:13,256 [Listener at 127.0.0.1/41387] INFO  impl.MetricsSystemImpl (MetricsSystemImpl.java:init(158)) - HddsDatanode metrics system started (again)
2022-12-15 22:22:13,259 [EventQueue-StartAdminOnNodeForStartDatanodeAdminHandler] INFO  pipeline.PipelineStateManagerImpl (PipelineStateManagerImpl.java:removePipeline(245)) - Pipeline Pipeline[ Id: 87f24a54-1b01-4401-b083-bebb4550122d, Nodes: 30cdbfed-5eb6-4d94-b03b-823178923405{ip: 10.1.0.13, host: fv-az83-67.pawgbth4qraerhbqawdeo1jfng.dx.internal.cloudapp.net, ports: [REPLICATION=35121, RATIS=40489, RATIS_ADMIN=40489, RATIS_SERVER=40489, STANDALONE=36205], networkLocation: /default-rack, certSerialId: null, persistedOpState: null, persistedOpStateExpiryEpochSec: 0}36e1593a-57cf-42fc-9e99-3bc8e6c88ec2{ip: 10.1.0.13, host: fv-az83-67.pawgbth4qraerhbqawdeo1jfng.dx.internal.cloudapp.net, ports: [REPLICATION=36657, RATIS=46439, RATIS_ADMIN=46439, RATIS_SERVER=46439, STANDALONE=39281], networkLocation: /default-rack, certSerialId: null, persistedOpState: null, persistedOpStateExpiryEpochSec: 0}1e86e54b-7ea4-4ffe-a764-33ccb592660f{ip: 10.1.0.13, host: fv-az83-67.pawgbth4qraerhbqawdeo1jfng.dx.internal.cloudapp.net, ports: [REPLICATION=41383, RATIS=45413, RATIS_ADMIN=45413, RATIS_SERVER=45413, STANDALONE=39139], networkLocation: /default-rack, certSerialId: null, persistedOpState: null, persistedOpStateExpiryEpochSec: 0}e0198350-5a80-4cc9-b4d4-fe7f34161fcd{ip: 10.1.0.13, host: fv-az83-67.pawgbth4qraerhbqawdeo1jfng.dx.internal.cloudapp.net, ports: [REPLICATION=33725, RATIS=33167, RATIS_ADMIN=33167, RATIS_SERVER=33167, STANDALONE=40941], networkLocation: /default-rack, certSerialId: null, persistedOpState: null, persistedOpStateExpiryEpochSec: 0}c0e45f45-48a3-418c-b3ac-112e0491709c{ip: 10.1.0.13, host: fv-az83-67.pawgbth4qraerhbqawdeo1jfng.dx.internal.cloudapp.net, ports: [REPLICATION=35393, RATIS=40363, RATIS_ADMIN=40363, RATIS_SERVER=40363, STANDALONE=44419], networkLocation: /default-rack, certSerialId: null, persistedOpState: null, persistedOpStateExpiryEpochSec: 0}, ReplicationConfig: EC/ECReplicationConfig{data=3, parity=2, ecChunkSize=1048576, codec=rs}, State:CLOSED, leaderId:, CreationTimestamp2022-12-15T22:22:09.598Z[Etc/UTC]] removed.
2022-12-15 22:22:13,261 [EventQueue-StartAdminOnNodeForStartDatanodeAdminHandler] INFO  pipeline.PipelineManagerImpl (PipelineManagerImpl.java:closeContainersForPipeline(421)) - Container #1 closed for pipeline=PipelineID=4bb29f98-1168-434f-a1c3-5ab91dfa3848
2022-12-15 22:22:13,261 [EventQueue-CloseContainerForCloseContainerEventHandler] INFO  container.CloseContainerEventHandler (CloseContainerEventHandler.java:onMessage(73)) - Close container Event triggered for container : #1, current state: CLOSING
2022-12-15 22:22:13,263 [EventQueue-StartAdminOnNodeForStartDatanodeAdminHandler] INFO  pipeline.PipelineManagerImpl (PipelineManagerImpl.java:closeContainersForPipeline(421)) - Container #2 closed for pipeline=PipelineID=4bb29f98-1168-434f-a1c3-5ab91dfa3848
2022-12-15 22:22:13,263 [EventQueue-CloseContainerForCloseContainerEventHandler] INFO  container.CloseContainerEventHandler (CloseContainerEventHandler.java:onMessage(73)) - Close container Event triggered for container : #2, current state: CLOSING
2022-12-15 22:22:13,264 [Datanode State Machine Daemon Thread] INFO  statemachine.DatanodeStateMachine (DatanodeStateMachine.java:lambda$startDaemon$0(509)) - Ozone container server started.
2022-12-15 22:22:13,267 [EventQueue-StartAdminOnNodeForStartDatanodeAdminHandler] INFO  pipeline.PipelineManagerImpl (PipelineManagerImpl.java:closeContainersForPipeline(421)) - Container #3 closed for pipeline=PipelineID=4bb29f98-1168-434f-a1c3-5ab91dfa3848
2022-12-15 22:22:13,267 [EventQueue-CloseContainerForCloseContainerEventHandler] INFO  container.CloseContainerEventHandler (CloseContainerEventHandler.java:onMessage(73)) - Close container Event triggered for container : #3, current state: CLOSING
2022-12-15 22:22:13,275 [EventQueue-StartAdminOnNodeForStartDatanodeAdminHandler] INFO  pipeline.PipelineManagerImpl (PipelineManagerImpl.java:closePipeline(442)) - Pipeline Pipeline[ Id: 4bb29f98-1168-434f-a1c3-5ab91dfa3848, Nodes: 1e86e54b-7ea4-4ffe-a764-33ccb592660f{ip: 10.1.0.13, host: fv-az83-67.pawgbth4qraerhbqawdeo1jfng.dx.internal.cloudapp.net, ports: [REPLICATION=41383, RATIS=45413, RATIS_ADMIN=45413, RATIS_SERVER=45413, STANDALONE=39139], networkLocation: /default-rack, certSerialId: null, persistedOpState: IN_SERVICE, persistedOpStateExpiryEpochSec: 0}e0198350-5a80-4cc9-b4d4-fe7f34161fcd{ip: 10.1.0.13, host: fv-az83-67.pawgbth4qraerhbqawdeo1jfng.dx.internal.cloudapp.net, ports: [REPLICATION=33725, RATIS=33167, RATIS_ADMIN=33167, RATIS_SERVER=33167, STANDALONE=40941], networkLocation: /default-rack, certSerialId: null, persistedOpState: IN_SERVICE, persistedOpStateExpiryEpochSec: 0}8742ce53-ec43-4b5d-92fb-ca295b19fdac{ip: 10.1.0.13, host: fv-az83-67.pawgbth4qraerhbqawdeo1jfng.dx.internal.cloudapp.net, ports: [REPLICATION=42995, RATIS=44977, RATIS_ADMIN=44977, RATIS_SERVER=44977, STANDALONE=39581], networkLocation: /default-rack, certSerialId: null, persistedOpState: IN_SERVICE, persistedOpStateExpiryEpochSec: 0}, ReplicationConfig: RATIS/THREE, State:OPEN, leaderId:e0198350-5a80-4cc9-b4d4-fe7f34161fcd, CreationTimestamp2022-12-15T22:21:51.858Z[Etc/UTC]] moved to CLOSED state
2022-12-15 22:22:13,279 [Listener at 127.0.0.1/41387] INFO  ozone.HddsDatanodeService (HddsDatanodeService.java:start(236)) - HddsDatanodeService host:fv-az83-67.pawgbth4qraerhbqawdeo1jfng.dx.internal.cloudapp.net ip:10.1.0.13
2022-12-15 22:22:13,282 [EventQueue-StartAdminOnNodeForStartDatanodeAdminHandler] INFO  pipeline.RatisPipelineProvider (RatisPipelineProvider.java:lambda$close$4(272)) - Send pipeline:PipelineID=4bb29f98-1168-434f-a1c3-5ab91dfa3848 close command to datanode 1e86e54b-7ea4-4ffe-a764-33ccb592660f
2022-12-15 22:22:13,283 [EventQueue-StartAdminOnNodeForStartDatanodeAdminHandler] INFO  pipeline.RatisPipelineProvider (RatisPipelineProvider.java:lambda$close$4(272)) - Send pipeline:PipelineID=4bb29f98-1168-434f-a1c3-5ab91dfa3848 close command to datanode e0198350-5a80-4cc9-b4d4-fe7f34161fcd
2022-12-15 22:22:13,283 [EventQueue-StartAdminOnNodeForStartDatanodeAdminHandler] INFO  pipeline.RatisPipelineProvider (RatisPipelineProvider.java:lambda$close$4(272)) - Send pipeline:PipelineID=4bb29f98-1168-434f-a1c3-5ab91dfa3848 close command to datanode 8742ce53-ec43-4b5d-92fb-ca295b19fdac
2022-12-15 22:22:13,284 [EventQueue-StartAdminOnNodeForStartDatanodeAdminHandler] INFO  pipeline.PipelineStateManagerImpl (PipelineStateManagerImpl.java:removePipeline(245)) - Pipeline Pipeline[ Id: 4bb29f98-1168-434f-a1c3-5ab91dfa3848, Nodes: 1e86e54b-7ea4-4ffe-a764-33ccb592660f{ip: 10.1.0.13, host: fv-az83-67.pawgbth4qraerhbqawdeo1jfng.dx.internal.cloudapp.net, ports: [REPLICATION=41383, RATIS=45413, RATIS_ADMIN=45413, RATIS_SERVER=45413, STANDALONE=39139], networkLocation: /default-rack, certSerialId: null, persistedOpState: IN_SERVICE, persistedOpStateExpiryEpochSec: 0}e0198350-5a80-4cc9-b4d4-fe7f34161fcd{ip: 10.1.0.13, host: fv-az83-67.pawgbth4qraerhbqawdeo1jfng.dx.internal.cloudapp.net, ports: [REPLICATION=33725, RATIS=33167, RATIS_ADMIN=33167, RATIS_SERVER=33167, STANDALONE=40941], networkLocation: /default-rack, certSerialId: null, persistedOpState: IN_SERVICE, persistedOpStateExpiryEpochSec: 0}8742ce53-ec43-4b5d-92fb-ca295b19fdac{ip: 10.1.0.13, host: fv-az83-67.pawgbth4qraerhbqawdeo1jfng.dx.internal.cloudapp.net, ports: [REPLICATION=42995, RATIS=44977, RATIS_ADMIN=44977, RATIS_SERVER=44977, STANDALONE=39581], networkLocation: /default-rack, certSerialId: null, persistedOpState: IN_SERVICE, persistedOpStateExpiryEpochSec: 0}, ReplicationConfig: RATIS/THREE, State:CLOSED, leaderId:e0198350-5a80-4cc9-b4d4-fe7f34161fcd, CreationTimestamp2022-12-15T22:21:51.858Z[Etc/UTC]] removed.
2022-12-15 22:22:13,286 [EventQueue-StartAdminOnNodeForStartDatanodeAdminHandler] INFO  pipeline.PipelineManagerImpl (PipelineManagerImpl.java:closeContainersForPipeline(421)) - Container #8 closed for pipeline=PipelineID=f173ee43-aca2-4969-847c-ea35770a825d
2022-12-15 22:22:13,286 [EventQueue-CloseContainerForCloseContainerEventHandler] INFO  container.CloseContainerEventHandler (CloseContainerEventHandler.java:onMessage(73)) - Close container Event triggered for container : #8, current state: CLOSING
2022-12-15 22:22:13,288 [EventQueue-StartAdminOnNodeForStartDatanodeAdminHandler] INFO  pipeline.PipelineManagerImpl (PipelineManagerImpl.java:closePipeline(442)) - Pipeline Pipeline[ Id: f173ee43-aca2-4969-847c-ea35770a825d, Nodes: e0198350-5a80-4cc9-b4d4-fe7f34161fcd{ip: 10.1.0.13, host: fv-az83-67.pawgbth4qraerhbqawdeo1jfng.dx.internal.cloudapp.net, ports: [REPLICATION=33725, RATIS=33167, RATIS_ADMIN=33167, RATIS_SERVER=33167, STANDALONE=40941], networkLocation: /default-rack, certSerialId: null, persistedOpState: null, persistedOpStateExpiryEpochSec: 0}c0e45f45-48a3-418c-b3ac-112e0491709c{ip: 10.1.0.13, host: fv-az83-67.pawgbth4qraerhbqawdeo1jfng.dx.internal.cloudapp.net, ports: [REPLICATION=35393, RATIS=40363, RATIS_ADMIN=40363, RATIS_SERVER=40363, STANDALONE=44419], networkLocation: /default-rack, certSerialId: null, persistedOpState: null, persistedOpStateExpiryEpochSec: 0}1e86e54b-7ea4-4ffe-a764-33ccb592660f{ip: 10.1.0.13, host: fv-az83-67.pawgbth4qraerhbqawdeo1jfng.dx.internal.cloudapp.net, ports: [REPLICATION=41383, RATIS=45413, RATIS_ADMIN=45413, RATIS_SERVER=45413, STANDALONE=39139], networkLocation: /default-rack, certSerialId: null, persistedOpState: null, persistedOpStateExpiryEpochSec: 0}36e1593a-57cf-42fc-9e99-3bc8e6c88ec2{ip: 10.1.0.13, host: fv-az83-67.pawgbth4qraerhbqawdeo1jfng.dx.internal.cloudapp.net, ports: [REPLICATION=36657, RATIS=46439, RATIS_ADMIN=46439, RATIS_SERVER=46439, STANDALONE=39281], networkLocation: /default-rack, certSerialId: null, persistedOpState: null, persistedOpStateExpiryEpochSec: 0}9af99ef4-a70d-4375-9c0d-594670c86eaa{ip: 10.1.0.13, host: fv-az83-67.pawgbth4qraerhbqawdeo1jfng.dx.internal.cloudapp.net, ports: [REPLICATION=37293, RATIS=37969, RATIS_ADMIN=37969, RATIS_SERVER=37969, STANDALONE=45841], networkLocation: /default-rack, certSerialId: null, persistedOpState: null, persistedOpStateExpiryEpochSec: 0}, ReplicationConfig: EC/ECReplicationConfig{data=3, parity=2, ecChunkSize=1048576, codec=rs}, State:OPEN, leaderId:, CreationTimestamp2022-12-15T22:22:09.796Z[Etc/UTC]] moved to CLOSED state
2022-12-15 22:22:13,288 [EventQueue-StartAdminOnNodeForStartDatanodeAdminHandler] INFO  pipeline.PipelineStateManagerImpl (PipelineStateManagerImpl.java:removePipeline(245)) - Pipeline Pipeline[ Id: f173ee43-aca2-4969-847c-ea35770a825d, Nodes: e0198350-5a80-4cc9-b4d4-fe7f34161fcd{ip: 10.1.0.13, host: fv-az83-67.pawgbth4qraerhbqawdeo1jfng.dx.internal.cloudapp.net, ports: [REPLICATION=33725, RATIS=33167, RATIS_ADMIN=33167, RATIS_SERVER=33167, STANDALONE=40941], networkLocation: /default-rack, certSerialId: null, persistedOpState: null, persistedOpStateExpiryEpochSec: 0}c0e45f45-48a3-418c-b3ac-112e0491709c{ip: 10.1.0.13, host: fv-az83-67.pawgbth4qraerhbqawdeo1jfng.dx.internal.cloudapp.net, ports: [REPLICATION=35393, RATIS=40363, RATIS_ADMIN=40363, RATIS_SERVER=40363, STANDALONE=44419], networkLocation: /default-rack, certSerialId: null, persistedOpState: null, persistedOpStateExpiryEpochSec: 0}1e86e54b-7ea4-4ffe-a764-33ccb592660f{ip: 10.1.0.13, host: fv-az83-67.pawgbth4qraerhbqawdeo1jfng.dx.internal.cloudapp.net, ports: [REPLICATION=41383, RATIS=45413, RATIS_ADMIN=45413, RATIS_SERVER=45413, STANDALONE=39139], networkLocation: /default-rack, certSerialId: null, persistedOpState: null, persistedOpStateExpiryEpochSec: 0}36e1593a-57cf-42fc-9e99-3bc8e6c88ec2{ip: 10.1.0.13, host: fv-az83-67.pawgbth4qraerhbqawdeo1jfng.dx.internal.cloudapp.net, ports: [REPLICATION=36657, RATIS=46439, RATIS_ADMIN=46439, RATIS_SERVER=46439, STANDALONE=39281], networkLocation: /default-rack, certSerialId: null, persistedOpState: null, persistedOpStateExpiryEpochSec: 0}9af99ef4-a70d-4375-9c0d-594670c86eaa{ip: 10.1.0.13, host: fv-az83-67.pawgbth4qraerhbqawdeo1jfng.dx.internal.cloudapp.net, ports: [REPLICATION=37293, RATIS=37969, RATIS_ADMIN=37969, RATIS_SERVER=37969, STANDALONE=45841], networkLocation: /default-rack, certSerialId: null, persistedOpState: null, persistedOpStateExpiryEpochSec: 0}, ReplicationConfig: EC/ECReplicationConfig{data=3, parity=2, ecChunkSize=1048576, codec=rs}, State:CLOSED, leaderId:, CreationTimestamp2022-12-15T22:22:09.796Z[Etc/UTC]] removed.
2022-12-15 22:22:13,289 [EventQueue-StartAdminOnNodeForStartDatanodeAdminHandler] INFO  pipeline.PipelineManagerImpl (PipelineManagerImpl.java:closeContainersForPipeline(421)) - Container #4 closed for pipeline=PipelineID=a30a131b-c483-4934-bb85-a0dbe401b2ae
2022-12-15 22:22:13,289 [EventQueue-CloseContainerForCloseContainerEventHandler] INFO  container.CloseContainerEventHandler (CloseContainerEventHandler.java:onMessage(73)) - Close container Event triggered for container : #4, current state: CLOSING
2022-12-15 22:22:13,292 [EventQueue-StartAdminOnNodeForStartDatanodeAdminHandler] INFO  pipeline.PipelineManagerImpl (PipelineManagerImpl.java:closePipeline(442)) - Pipeline Pipeline[ Id: a30a131b-c483-4934-bb85-a0dbe401b2ae, Nodes: 30cdbfed-5eb6-4d94-b03b-823178923405{ip: 10.1.0.13, host: fv-az83-67.pawgbth4qraerhbqawdeo1jfng.dx.internal.cloudapp.net, ports: [REPLICATION=35121, RATIS=40489, RATIS_ADMIN=40489, RATIS_SERVER=40489, STANDALONE=36205], networkLocation: /default-rack, certSerialId: null, persistedOpState: null, persistedOpStateExpiryEpochSec: 0}1e86e54b-7ea4-4ffe-a764-33ccb592660f{ip: 10.1.0.13, host: fv-az83-67.pawgbth4qraerhbqawdeo1jfng.dx.internal.cloudapp.net, ports: [REPLICATION=41383, RATIS=45413, RATIS_ADMIN=45413, RATIS_SERVER=45413, STANDALONE=39139], networkLocation: /default-rack, certSerialId: null, persistedOpState: null, persistedOpStateExpiryEpochSec: 0}8742ce53-ec43-4b5d-92fb-ca295b19fdac{ip: 10.1.0.13, host: fv-az83-67.pawgbth4qraerhbqawdeo1jfng.dx.internal.cloudapp.net, ports: [REPLICATION=42995, RATIS=44977, RATIS_ADMIN=44977, RATIS_SERVER=44977, STANDALONE=39581], networkLocation: /default-rack, certSerialId: null, persistedOpState: null, persistedOpStateExpiryEpochSec: 0}9af99ef4-a70d-4375-9c0d-594670c86eaa{ip: 10.1.0.13, host: fv-az83-67.pawgbth4qraerhbqawdeo1jfng.dx.internal.cloudapp.net, ports: [REPLICATION=37293, RATIS=37969, RATIS_ADMIN=37969, RATIS_SERVER=37969, STANDALONE=45841], networkLocation: /default-rack, certSerialId: null, persistedOpState: null, persistedOpStateExpiryEpochSec: 0}e0198350-5a80-4cc9-b4d4-fe7f34161fcd{ip: 10.1.0.13, host: fv-az83-67.pawgbth4qraerhbqawdeo1jfng.dx.internal.cloudapp.net, ports: [REPLICATION=33725, RATIS=33167, RATIS_ADMIN=33167, RATIS_SERVER=33167, STANDALONE=40941], networkLocation: /default-rack, certSerialId: null, persistedOpState: null, persistedOpStateExpiryEpochSec: 0}, ReplicationConfig: EC/ECReplicationConfig{data=3, parity=2, ecChunkSize=1048576, codec=rs}, State:OPEN, leaderId:, CreationTimestamp2022-12-15T22:22:08.563Z[Etc/UTC]] moved to CLOSED state
2022-12-15 22:22:13,292 [org.apache.hadoop.util.JvmPauseMonitor$Monitor@e82985b] INFO  util.JvmPauseMonitor (JvmPauseMonitor.java:run(188)) - Starting JVM pause monitor
2022-12-15 22:22:13,294 [EventQueue-StartAdminOnNodeForStartDatanodeAdminHandler] INFO  pipeline.PipelineStateManagerImpl (PipelineStateManagerImpl.java:removePipeline(245)) - Pipeline Pipeline[ Id: a30a131b-c483-4934-bb85-a0dbe401b2ae, Nodes: 30cdbfed-5eb6-4d94-b03b-823178923405{ip: 10.1.0.13, host: fv-az83-67.pawgbth4qraerhbqawdeo1jfng.dx.internal.cloudapp.net, ports: [REPLICATION=35121, RATIS=40489, RATIS_ADMIN=40489, RATIS_SERVER=40489, STANDALONE=36205], networkLocation: /default-rack, certSerialId: null, persistedOpState: null, persistedOpStateExpiryEpochSec: 0}1e86e54b-7ea4-4ffe-a764-33ccb592660f{ip: 10.1.0.13, host: fv-az83-67.pawgbth4qraerhbqawdeo1jfng.dx.internal.cloudapp.net, ports: [REPLICATION=41383, RATIS=45413, RATIS_ADMIN=45413, RATIS_SERVER=45413, STANDALONE=39139], networkLocation: /default-rack, certSerialId: null, persistedOpState: null, persistedOpStateExpiryEpochSec: 0}8742ce53-ec43-4b5d-92fb-ca295b19fdac{ip: 10.1.0.13, host: fv-az83-67.pawgbth4qraerhbqawdeo1jfng.dx.internal.cloudapp.net, ports: [REPLICATION=42995, RATIS=44977, RATIS_ADMIN=44977, RATIS_SERVER=44977, STANDALONE=39581], networkLocation: /default-rack, certSerialId: null, persistedOpState: null, persistedOpStateExpiryEpochSec: 0}9af99ef4-a70d-4375-9c0d-594670c86eaa{ip: 10.1.0.13, host: fv-az83-67.pawgbth4qraerhbqawdeo1jfng.dx.internal.cloudapp.net, ports: [REPLICATION=37293, RATIS=37969, RATIS_ADMIN=37969, RATIS_SERVER=37969, STANDALONE=45841], networkLocation: /default-rack, certSerialId: null, persistedOpState: null, persistedOpStateExpiryEpochSec: 0}e0198350-5a80-4cc9-b4d4-fe7f34161fcd{ip: 10.1.0.13, host: fv-az83-67.pawgbth4qraerhbqawdeo1jfng.dx.internal.cloudapp.net, ports: [REPLICATION=33725, RATIS=33167, RATIS_ADMIN=33167, RATIS_SERVER=33167, STANDALONE=40941], networkLocation: /default-rack, certSerialId: null, persistedOpState: null, persistedOpStateExpiryEpochSec: 0}, ReplicationConfig: EC/ECReplicationConfig{data=3, parity=2, ecChunkSize=1048576, codec=rs}, State:CLOSED, leaderId:, CreationTimestamp2022-12-15T22:22:08.563Z[Etc/UTC]] removed.
2022-12-15 22:22:13,294 [EventQueue-StartAdminOnNodeForStartDatanodeAdminHandler] INFO  pipeline.PipelineManagerImpl (PipelineManagerImpl.java:closePipeline(442)) - Pipeline Pipeline[ Id: 2f56ceb8-1d04-4962-b9c6-7f8dc05f6ad4, Nodes: 1e86e54b-7ea4-4ffe-a764-33ccb592660f{ip: 10.1.0.13, host: fv-az83-67.pawgbth4qraerhbqawdeo1jfng.dx.internal.cloudapp.net, ports: [REPLICATION=41383, RATIS=45413, RATIS_ADMIN=45413, RATIS_SERVER=45413, STANDALONE=39139], networkLocation: /default-rack, certSerialId: null, persistedOpState: IN_SERVICE, persistedOpStateExpiryEpochSec: 0}, ReplicationConfig: RATIS/ONE, State:OPEN, leaderId:1e86e54b-7ea4-4ffe-a764-33ccb592660f, CreationTimestamp2022-12-15T22:21:50.873Z[Etc/UTC]] moved to CLOSED state
2022-12-15 22:22:13,294 [EventQueue-StartAdminOnNodeForStartDatanodeAdminHandler] INFO  pipeline.RatisPipelineProvider (RatisPipelineProvider.java:lambda$close$4(272)) - Send pipeline:PipelineID=2f56ceb8-1d04-4962-b9c6-7f8dc05f6ad4 close command to datanode 1e86e54b-7ea4-4ffe-a764-33ccb592660f
2022-12-15 22:22:13,295 [EventQueue-StartAdminOnNodeForStartDatanodeAdminHandler] INFO  pipeline.PipelineStateManagerImpl (PipelineStateManagerImpl.java:removePipeline(245)) - Pipeline Pipeline[ Id: 2f56ceb8-1d04-4962-b9c6-7f8dc05f6ad4, Nodes: 1e86e54b-7ea4-4ffe-a764-33ccb592660f{ip: 10.1.0.13, host: fv-az83-67.pawgbth4qraerhbqawdeo1jfng.dx.internal.cloudapp.net, ports: [REPLICATION=41383, RATIS=45413, RATIS_ADMIN=45413, RATIS_SERVER=45413, STANDALONE=39139], networkLocation: /default-rack, certSerialId: null, persistedOpState: IN_SERVICE, persistedOpStateExpiryEpochSec: 0}, ReplicationConfig: RATIS/ONE, State:CLOSED, leaderId:1e86e54b-7ea4-4ffe-a764-33ccb592660f, CreationTimestamp2022-12-15T22:21:50.873Z[Etc/UTC]] removed.
2022-12-15 22:22:13,310 [Datanode State Machine Task Thread - 0] INFO  datanode.InitDatanodeState (InitDatanodeState.java:persistContainerDatanodeDetails(138)) - DatanodeDetails is persisted to /home/runner/work/ozone/ozone/hadoop-ozone/integration-test/target/test-dir/MiniOzoneClusterImpl-c952205c-0de4-41d8-8615-baf19f81c5db/datanode-5/meta/datanode.id
2022-12-15 22:22:13,335 [Listener at 127.0.0.1/41387] INFO  upgrade.AbstractLayoutVersionManager (AbstractLayoutVersionManager.java:init(83)) - Initializing Layout version manager with metadata layout = DATANODE_SCHEMA_V3 (version = 4), software layout = DATANODE_SCHEMA_V3 (version = 4)
2022-12-15 22:22:13,401 [Listener at 127.0.0.1/41387] INFO  reflections.Reflections (Reflections.java:scan(232)) - Reflections took 63 ms to scan 7 urls, producing 140 keys and 342 values 
2022-12-15 22:22:13,405 [Listener at 127.0.0.1/41387] INFO  statemachine.DatanodeStateMachine (DatanodeStateMachine.java:getEndPointTaskThreadPoolSize(249)) - Datanode State Machine Task Thread Pool size 2
2022-12-15 22:22:13,411 [Listener at 127.0.0.1/41387] INFO  volume.HddsVolume (HddsVolume.java:<init>(117)) - Creating HddsVolume: /home/runner/work/ozone/ozone/hadoop-ozone/integration-test/target/test-dir/MiniOzoneClusterImpl-c952205c-0de4-41d8-8615-baf19f81c5db/datanode-6/data-0/containers/hdds of storage type : DISK capacity : 9223372036854775807
2022-12-15 22:22:13,411 [Listener at 127.0.0.1/41387] INFO  volume.MutableVolumeSet (MutableVolumeSet.java:initializeVolumeSet(174)) - Added Volume : /home/runner/work/ozone/ozone/hadoop-ozone/integration-test/target/test-dir/MiniOzoneClusterImpl-c952205c-0de4-41d8-8615-baf19f81c5db/datanode-6/data-0/containers/hdds to VolumeSet
2022-12-15 22:22:13,411 [Listener at 127.0.0.1/41387] INFO  volume.ThrottledAsyncChecker (ThrottledAsyncChecker.java:schedule(141)) - Scheduling a check for /home/runner/work/ozone/ozone/hadoop-ozone/integration-test/target/test-dir/MiniOzoneClusterImpl-c952205c-0de4-41d8-8615-baf19f81c5db/datanode-6/data-0/containers/hdds
2022-12-15 22:22:13,412 [Listener at 127.0.0.1/41387] INFO  volume.StorageVolumeChecker (StorageVolumeChecker.java:checkAllVolumes(202)) - Scheduled health check for volume /home/runner/work/ozone/ozone/hadoop-ozone/integration-test/target/test-dir/MiniOzoneClusterImpl-c952205c-0de4-41d8-8615-baf19f81c5db/datanode-6/data-0/containers/hdds
2022-12-15 22:22:13,416 [EventQueue-CommandQueueReportForCommandQueueReportHandler] WARN  events.EventQueue (EventQueue.java:fireEvent(216)) - No event handler registered for event TypedEvent{payloadType=DatanodeDetails, name='Datanode_Command_Queue_Updated'}
2022-12-15 22:22:13,435 [Listener at 127.0.0.1/41387] INFO  volume.MutableVolumeSet (MutableVolumeSet.java:initializeVolumeSet(174)) - Added Volume : /home/runner/work/ozone/ozone/hadoop-ozone/integration-test/target/test-dir/MiniOzoneClusterImpl-c952205c-0de4-41d8-8615-baf19f81c5db/datanode-6/data/ratis to VolumeSet
2022-12-15 22:22:13,436 [Listener at 127.0.0.1/41387] INFO  volume.ThrottledAsyncChecker (ThrottledAsyncChecker.java:schedule(141)) - Scheduling a check for /home/runner/work/ozone/ozone/hadoop-ozone/integration-test/target/test-dir/MiniOzoneClusterImpl-c952205c-0de4-41d8-8615-baf19f81c5db/datanode-6/data/ratis
2022-12-15 22:22:13,439 [Listener at 127.0.0.1/41387] INFO  volume.StorageVolumeChecker (StorageVolumeChecker.java:checkAllVolumes(202)) - Scheduled health check for volume /home/runner/work/ozone/ozone/hadoop-ozone/integration-test/target/test-dir/MiniOzoneClusterImpl-c952205c-0de4-41d8-8615-baf19f81c5db/datanode-6/data/ratis
2022-12-15 22:22:13,456 [Thread-633] INFO  ozoneimpl.ContainerReader (ContainerReader.java:readVolume(175)) - Finish verifying containers on volume /home/runner/work/ozone/ozone/hadoop-ozone/integration-test/target/test-dir/MiniOzoneClusterImpl-c952205c-0de4-41d8-8615-baf19f81c5db/datanode-6/data-0/containers/hdds
2022-12-15 22:22:13,456 [Listener at 127.0.0.1/41387] INFO  ozoneimpl.OzoneContainer (OzoneContainer.java:buildContainerSet(301)) - Build ContainerSet costs 0s
2022-12-15 22:22:13,460 [Listener at 127.0.0.1/41387] INFO  server.RaftServer (ConfUtils.java:logGet(46)) - raft.rpc.type = GRPC (default)
2022-12-15 22:22:13,460 [Listener at 127.0.0.1/41387] INFO  grpc.GrpcConfigKeys (ConfUtils.java:logFallback(53)) - raft.grpc.admin.host = null (fallback to raft.grpc.server.host)
2022-12-15 22:22:13,460 [Listener at 127.0.0.1/41387] INFO  grpc.GrpcConfigKeys (ConfUtils.java:logGet(46)) - raft.grpc.admin.port = 0 (custom)
2022-12-15 22:22:13,460 [Listener at 127.0.0.1/41387] INFO  grpc.GrpcConfigKeys (ConfUtils.java:logFallback(53)) - raft.grpc.client.host = null (fallback to raft.grpc.server.host)
2022-12-15 22:22:13,460 [Listener at 127.0.0.1/41387] INFO  grpc.GrpcConfigKeys (ConfUtils.java:logGet(46)) - raft.grpc.client.port = 0 (custom)
2022-12-15 22:22:13,460 [Listener at 127.0.0.1/41387] INFO  grpc.GrpcConfigKeys (ConfUtils.java:logGet(46)) - raft.grpc.server.host = null (default)
2022-12-15 22:22:13,461 [Listener at 127.0.0.1/41387] INFO  grpc.GrpcConfigKeys (ConfUtils.java:logGet(46)) - raft.grpc.server.port = 0 (default)
2022-12-15 22:22:13,461 [Listener at 127.0.0.1/41387] INFO  server.GrpcService (ConfUtils.java:logGet(46)) - raft.grpc.message.size.max = 32MB (=33554432) (custom)
2022-12-15 22:22:13,461 [Listener at 127.0.0.1/41387] INFO  server.RaftServerConfigKeys (ConfUtils.java:logGet(46)) - raft.server.log.appender.buffer.byte-limit = 33554432 (custom)
2022-12-15 22:22:13,461 [Listener at 127.0.0.1/41387] INFO  server.GrpcService (ConfUtils.java:logGet(46)) - raft.grpc.flow.control.window = 5MB (=5242880) (custom)
2022-12-15 22:22:13,461 [Listener at 127.0.0.1/41387] INFO  server.RaftServerConfigKeys (ConfUtils.java:logGet(46)) - raft.server.rpc.request.timeout = 60s (custom)
2022-12-15 22:22:13,461 [Listener at 127.0.0.1/41387] INFO  grpc.GrpcConfigKeys (ConfUtils.java:logGet(46)) - raft.grpc.server.heartbeat.channel = true (default)
2022-12-15 22:22:13,461 [Listener at 127.0.0.1/41387] INFO  grpc.GrpcConfigKeys (ConfUtils.java:logGet(46)) - raft.grpc.server.async.request.thread.pool.cached = true (default)
2022-12-15 22:22:13,461 [Listener at 127.0.0.1/41387] INFO  grpc.GrpcConfigKeys (ConfUtils.java:logGet(46)) - raft.grpc.server.async.request.thread.pool.size = 32 (default)
2022-12-15 22:22:13,463 [Listener at 127.0.0.1/41387] INFO  impl.DataStreamServerImpl (ConfUtils.java:logGet(46)) - raft.datastream.type = DISABLED (default)
2022-12-15 22:22:13,463 [Listener at 127.0.0.1/41387] INFO  server.RaftServerConfigKeys (ConfUtils.java:logGet(46)) - raft.server.threadpool.proxy.cached = true (default)
2022-12-15 22:22:13,464 [Listener at 127.0.0.1/41387] INFO  server.RaftServerConfigKeys (ConfUtils.java:logGet(46)) - raft.server.threadpool.proxy.size = 0 (default)
2022-12-15 22:22:13,464 [Listener at 127.0.0.1/41387] INFO  server.RaftServerConfigKeys (ConfUtils.java:logGet(46)) - raft.server.rpc.slowness.timeout = 300s (custom)
2022-12-15 22:22:13,464 [Listener at 127.0.0.1/41387] INFO  server.RaftServerConfigKeys (ConfUtils.java:logGet(46)) - raft.server.leaderelection.leader.step-down.wait-time = 10s (default)
2022-12-15 22:22:13,464 [Listener at 127.0.0.1/41387] INFO  server.RaftServerConfigKeys (ConfUtils.java:logGet(46)) - raft.server.storage.dir = [/home/runner/work/ozone/ozone/hadoop-ozone/integration-test/target/test-dir/MiniOzoneClusterImpl-c952205c-0de4-41d8-8615-baf19f81c5db/datanode-6/data/ratis] (custom)
2022-12-15 22:22:13,469 [Listener at 127.0.0.1/41387] INFO  server.XceiverServerGrpc (XceiverServerGrpc.java:<init>(132)) - GrpcServer channel type EpollServerSocketChannel
2022-12-15 22:22:13,473 [Listener at 127.0.0.1/41387] INFO  http.BaseHttpServer (BaseHttpServer.java:newHttpServer2BuilderForOzone(213)) - Starting Web-server for hddsDatanode at: http://0.0.0.0:0
2022-12-15 22:22:13,473 [Listener at 127.0.0.1/41387] INFO  http.BaseHttpServer (BaseHttpServer.java:<init>(108)) - Hadoop Security Enabled: false Ozone Security Enabled: false Ozone HTTP Security Enabled: false 
2022-12-15 22:22:13,474 [Listener at 127.0.0.1/41387] WARN  server.AuthenticationFilter (AuthenticationFilter.java:constructSecretProvider(240)) - Unable to initialize FileSignerSecretProvider, falling back to use random secrets. Reason: Could not read signature secret file: /home/runner/hadoop-http-auth-signature-secret
2022-12-15 22:22:13,476 [Listener at 127.0.0.1/41387] WARN  http.HttpRequestLog (HttpRequestLog.java:getRequestLog(103)) - Jetty request log can only be enabled using Log4j
2022-12-15 22:22:13,477 [Listener at 127.0.0.1/41387] INFO  http.HttpServer2 (HttpServer2.java:addGlobalFilter(1031)) - Added global filter 'safety' (class=org.apache.hadoop.hdds.server.http.HttpServer2$QuotingInputFilter)
2022-12-15 22:22:13,478 [Listener at 127.0.0.1/41387] INFO  http.HttpServer2 (HttpServer2.java:addFilter(1007)) - Added filter static_user_filter (class=org.apache.hadoop.http.lib.StaticUserWebFilter$StaticUserFilter) to context hddsDatanode
2022-12-15 22:22:13,478 [Listener at 127.0.0.1/41387] INFO  http.HttpServer2 (HttpServer2.java:addFilter(1015)) - Added filter static_user_filter (class=org.apache.hadoop.http.lib.StaticUserWebFilter$StaticUserFilter) to context static
2022-12-15 22:22:13,478 [Listener at 127.0.0.1/41387] INFO  http.HttpServer2 (HttpServer2.java:addFilter(1015)) - Added filter static_user_filter (class=org.apache.hadoop.http.lib.StaticUserWebFilter$StaticUserFilter) to context logs
2022-12-15 22:22:13,478 [Listener at 127.0.0.1/41387] INFO  http.HttpServer2 (HttpServer2.java:bindListener(1250)) - Jetty bound to port 43343
2022-12-15 22:22:13,478 [Listener at 127.0.0.1/41387] INFO  server.Server (Server.java:doStart(375)) - jetty-9.4.49.v20220914; built: 2022-09-14T01:07:36.601Z; git: 4231a3b2e4cb8548a412a789936d640a97b1aa0a; jvm 1.8.0_352-b08
2022-12-15 22:22:13,487 [Listener at 127.0.0.1/41387] INFO  server.session (DefaultSessionIdManager.java:doStart(334)) - DefaultSessionIdManager workerName=node0
2022-12-15 22:22:13,487 [Listener at 127.0.0.1/41387] INFO  server.session (DefaultSessionIdManager.java:doStart(339)) - No SessionScavenger set, using defaults
2022-12-15 22:22:13,487 [Listener at 127.0.0.1/41387] INFO  server.session (HouseKeeper.java:startScavenging(132)) - node0 Scavenging every 600000ms
2022-12-15 22:22:13,496 [Listener at 127.0.0.1/41387] INFO  handler.ContextHandler (ContextHandler.java:doStart(921)) - Started o.e.j.s.ServletContextHandler@2b070068{logs,/logs,file:///home/runner/work/ozone/ozone/hadoop-ozone/integration-test/target/log,AVAILABLE}
2022-12-15 22:22:13,497 [Listener at 127.0.0.1/41387] INFO  handler.ContextHandler (ContextHandler.java:doStart(921)) - Started o.e.j.s.ServletContextHandler@30c2c36{static,/static,jar:file:/home/runner/.m2/repository/org/apache/ozone/hdds-container-service/1.3.0-SNAPSHOT/hdds-container-service-1.3.0-SNAPSHOT.jar!/webapps/static,AVAILABLE}
2022-12-15 22:22:13,635 [EventQueue-PipelineReportForPipelineReportHandler] INFO  pipeline.PipelineReportHandler (PipelineReportHandler.java:processPipelineReport(115)) - Reported pipeline PipelineID=4bb29f98-1168-434f-a1c3-5ab91dfa3848 is not found
2022-12-15 22:22:13,636 [EventQueue-CommandQueueReportForCommandQueueReportHandler] WARN  events.EventQueue (EventQueue.java:fireEvent(216)) - No event handler registered for event TypedEvent{payloadType=DatanodeDetails, name='Datanode_Command_Queue_Updated'}
2022-12-15 22:22:13,710 [EventQueue-CommandQueueReportForCommandQueueReportHandler] WARN  events.EventQueue (EventQueue.java:fireEvent(216)) - No event handler registered for event TypedEvent{payloadType=DatanodeDetails, name='Datanode_Command_Queue_Updated'}
2022-12-15 22:22:13,746 [Listener at 127.0.0.1/41387] INFO  handler.ContextHandler (ContextHandler.java:doStart(921)) - Started o.e.j.w.WebAppContext@2c015c4b{hddsDatanode,/,file:///tmp/jetty-0_0_0_0-43343-hdds-container-service-1_3_0-SNAPSHOT_jar-_-any-5553816180105072981/webapp/,AVAILABLE}{jar:file:/home/runner/.m2/repository/org/apache/ozone/hdds-container-service/1.3.0-SNAPSHOT/hdds-container-service-1.3.0-SNAPSHOT.jar!/webapps/hddsDatanode}
2022-12-15 22:22:13,750 [Listener at 127.0.0.1/41387] INFO  server.AbstractConnector (AbstractConnector.java:doStart(333)) - Started ServerConnector@c73cf6c{HTTP/1.1, (http/1.1)}{0.0.0.0:43343}
2022-12-15 22:22:13,750 [Listener at 127.0.0.1/41387] INFO  server.Server (Server.java:doStart(415)) - Started @37464ms
2022-12-15 22:22:13,750 [Listener at 127.0.0.1/41387] WARN  impl.MetricsSystemImpl (MetricsSystemImpl.java:register(279)) - Sink prometheus already exists!
2022-12-15 22:22:13,752 [Listener at 127.0.0.1/41387] INFO  http.BaseHttpServer (BaseHttpServer.java:updateConnectorAddress(333)) - HTTP server of hddsDatanode listening at http://0.0.0.0:43343
2022-12-15 22:22:13,755 [Datanode State Machine Daemon Thread] INFO  statemachine.DatanodeStateMachine (DatanodeStateMachine.java:lambda$startDaemon$0(509)) - Ozone container server started.
2022-12-15 22:22:13,757 [Listener at 127.0.0.1/41387] INFO  ozone.MiniOzoneClusterImpl (MiniOzoneClusterImpl.java:lambda$waitForClusterToBeReady$0(216)) - Waiting for nodes to be ready. Got 1 of 7 DN Heartbeats.
2022-12-15 22:22:13,757 [Listener at 127.0.0.1/41387] INFO  ozone.MiniOzoneClusterImpl (MiniOzoneClusterImpl.java:lambda$waitForClusterToBeReady$0(219)) - Waiting for cluster to exit safe mode
2022-12-15 22:22:13,757 [Listener at 127.0.0.1/41387] INFO  ozone.MiniOzoneClusterImpl (MiniOzoneClusterImpl.java:lambda$waitForClusterToBeReady$0(221)) - SCM became leader
2022-12-15 22:22:13,761 [org.apache.hadoop.util.JvmPauseMonitor$Monitor@4428401d] INFO  util.JvmPauseMonitor (JvmPauseMonitor.java:run(188)) - Starting JVM pause monitor
2022-12-15 22:22:13,763 [Datanode State Machine Task Thread - 0] INFO  datanode.InitDatanodeState (InitDatanodeState.java:persistContainerDatanodeDetails(138)) - DatanodeDetails is persisted to /home/runner/work/ozone/ozone/hadoop-ozone/integration-test/target/test-dir/MiniOzoneClusterImpl-c952205c-0de4-41d8-8615-baf19f81c5db/datanode-6/meta/datanode.id
2022-12-15 22:22:13,861 [EventQueue-PipelineReportForPipelineReportHandler] INFO  pipeline.PipelineReportHandler (PipelineReportHandler.java:processPipelineReport(115)) - Reported pipeline PipelineID=4bb29f98-1168-434f-a1c3-5ab91dfa3848 is not found
2022-12-15 22:22:13,863 [EventQueue-CommandQueueReportForCommandQueueReportHandler] WARN  events.EventQueue (EventQueue.java:fireEvent(216)) - No event handler registered for event TypedEvent{payloadType=DatanodeDetails, name='Datanode_Command_Queue_Updated'}
2022-12-15 22:22:13,885 [IPC Server handler 2 on default port 46479] INFO  net.NetworkTopologyImpl (NetworkTopologyImpl.java:add(112)) - Added a new node: /default-rack/5c5af87b-4e3e-41fb-877c-ea0d3e3ca2da
2022-12-15 22:22:13,886 [EventQueue-CommandQueueReportForCommandQueueReportHandler] WARN  events.EventQueue (EventQueue.java:fireEvent(216)) - No event handler registered for event TypedEvent{payloadType=DatanodeDetails, name='Datanode_Command_Queue_Updated'}
2022-12-15 22:22:13,890 [EventQueue-CommandQueueReportForCommandQueueReportHandler] WARN  events.EventQueue (EventQueue.java:fireEvent(216)) - No event handler registered for event TypedEvent{payloadType=DatanodeDetails, name='Datanode_Command_Queue_Updated'}
2022-12-15 22:22:13,891 [IPC Server handler 2 on default port 46479] INFO  node.SCMNodeManager (SCMNodeManager.java:register(397)) - Registered Data node : 5c5af87b-4e3e-41fb-877c-ea0d3e3ca2da{ip: 10.1.0.13, host: fv-az83-67.pawgbth4qraerhbqawdeo1jfng.dx.internal.cloudapp.net, ports: [REPLICATION=40163, RATIS=45309, RATIS_ADMIN=45309, RATIS_SERVER=45309, STANDALONE=43101], networkLocation: /default-rack, certSerialId: null, persistedOpState: null, persistedOpStateExpiryEpochSec: 0}
2022-12-15 22:22:13,894 [EventQueue-NodeRegistrationContainerReportForDataNodeSafeModeRule] INFO  safemode.SCMSafeModeManager (DataNodeSafeModeRule.java:process(71)) - SCM in safe mode. 2 DataNodes registered, 3 required.
2022-12-15 22:22:13,895 [EventQueue-NewNodeForNewNodeHandler] INFO  pipeline.BackgroundPipelineCreator (BackgroundPipelineCreator.java:notifyEventTriggered(276)) - trigger a one-shot run on RatisPipelineUtilsThread.
2022-12-15 22:22:13,895 [RatisPipelineUtilsThread - 0] INFO  pipeline.RatisPipelineProvider (RatisPipelineProvider.java:lambda$create$0(206)) - Sending CreatePipelineCommand for pipeline:PipelineID=1c7dd564-cb92-40d2-8476-f2fbaaa2ec6a to datanode:5c5af87b-4e3e-41fb-877c-ea0d3e3ca2da
2022-12-15 22:22:13,896 [RatisPipelineUtilsThread - 0] INFO  pipeline.PipelineStateManagerImpl (PipelineStateManagerImpl.java:addPipeline(103)) - Created pipeline Pipeline[ Id: 1c7dd564-cb92-40d2-8476-f2fbaaa2ec6a, Nodes: 5c5af87b-4e3e-41fb-877c-ea0d3e3ca2da{ip: 10.1.0.13, host: fv-az83-67.pawgbth4qraerhbqawdeo1jfng.dx.internal.cloudapp.net, ports: [REPLICATION=40163, RATIS=45309, RATIS_ADMIN=45309, RATIS_SERVER=45309, STANDALONE=43101], networkLocation: /default-rack, certSerialId: null, persistedOpState: IN_SERVICE, persistedOpStateExpiryEpochSec: 0}, ReplicationConfig: RATIS/ONE, State:ALLOCATED, leaderId:, CreationTimestamp2022-12-15T22:22:13.895Z[Etc/UTC]].
2022-12-15 22:22:13,972 [EventQueue-CommandQueueReportForCommandQueueReportHandler] WARN  events.EventQueue (EventQueue.java:fireEvent(216)) - No event handler registered for event TypedEvent{payloadType=DatanodeDetails, name='Datanode_Command_Queue_Updated'}
2022-12-15 22:22:13,972 [EventQueue-PipelineReportForPipelineReportHandler] INFO  pipeline.PipelineReportHandler (PipelineReportHandler.java:processPipelineReport(115)) - Reported pipeline PipelineID=4bb29f98-1168-434f-a1c3-5ab91dfa3848 is not found
2022-12-15 22:22:13,973 [EventQueue-PipelineReportForPipelineReportHandler] INFO  pipeline.PipelineReportHandler (PipelineReportHandler.java:processPipelineReport(115)) - Reported pipeline PipelineID=2f56ceb8-1d04-4962-b9c6-7f8dc05f6ad4 is not found
2022-12-15 22:22:14,156 [ReplicationMonitor] INFO  replication.ReplicationManager (ReplicationManager.java:processAll(327)) - Replication Manager is not ready to run until 3000ms after safemode exit
2022-12-15 22:22:14,231 [DatanodeAdminManager-0] INFO  node.DatanodeAdminMonitorImpl (DatanodeAdminMonitorImpl.java:checkContainersReplicatedOnNode(356)) - Under Replicated Container #6 org.apache.hadoop.hdds.scm.container.replication.ECContainerReplicaCount@28cd0887; Replicas{ContainerReplica{containerID=#6, state=OPEN, datanodeDetails=8742ce53-ec43-4b5d-92fb-ca295b19fdac{ip: 10.1.0.13, host: fv-az83-67.pawgbth4qraerhbqawdeo1jfng.dx.internal.cloudapp.net, ports: [REPLICATION=42995, RATIS=44977, RATIS_ADMIN=44977, RATIS_SERVER=44977, STANDALONE=39581], networkLocation: /default-rack, certSerialId: null, persistedOpState: IN_SERVICE, persistedOpStateExpiryEpochSec: 0}, placeOfBirth=8742ce53-ec43-4b5d-92fb-ca295b19fdac, sequenceId=0, keyCount=3, bytesUsed=0,replicaIndex=3},ContainerReplica{containerID=#6, state=OPEN, datanodeDetails=1e86e54b-7ea4-4ffe-a764-33ccb592660f{ip: 10.1.0.13, host: fv-az83-67.pawgbth4qraerhbqawdeo1jfng.dx.internal.cloudapp.net, ports: [REPLICATION=41383, RATIS=45413, RATIS_ADMIN=45413, RATIS_SERVER=45413, STANDALONE=39139], networkLocation: /default-rack, certSerialId: null, persistedOpState: DECOMMISSIONING, persistedOpStateExpiryEpochSec: 0}, placeOfBirth=1e86e54b-7ea4-4ffe-a764-33ccb592660f, sequenceId=0, keyCount=3, bytesUsed=57,replicaIndex=5},ContainerReplica{containerID=#6, state=OPEN, datanodeDetails=30cdbfed-5eb6-4d94-b03b-823178923405{ip: 10.1.0.13, host: fv-az83-67.pawgbth4qraerhbqawdeo1jfng.dx.internal.cloudapp.net, ports: [REPLICATION=35121, RATIS=40489, RATIS_ADMIN=40489, RATIS_SERVER=40489, STANDALONE=36205], networkLocation: /default-rack, certSerialId: null, persistedOpState: IN_SERVICE, persistedOpStateExpiryEpochSec: 0}, placeOfBirth=30cdbfed-5eb6-4d94-b03b-823178923405, sequenceId=0, keyCount=3, bytesUsed=57,replicaIndex=4},ContainerReplica{containerID=#6, state=OPEN, datanodeDetails=9af99ef4-a70d-4375-9c0d-594670c86eaa{ip: 10.1.0.13, host: fv-az83-67.pawgbth4qraerhbqawdeo1jfng.dx.internal.cloudapp.net, ports: [REPLICATION=37293, RATIS=37969, RATIS_ADMIN=37969, RATIS_SERVER=37969, STANDALONE=45841], networkLocation: /default-rack, certSerialId: null, persistedOpState: IN_SERVICE, persistedOpStateExpiryEpochSec: 0}, placeOfBirth=9af99ef4-a70d-4375-9c0d-594670c86eaa, sequenceId=0, keyCount=3, bytesUsed=57,replicaIndex=1},ContainerReplica{containerID=#6, state=OPEN, datanodeDetails=c0e45f45-48a3-418c-b3ac-112e0491709c{ip: 10.1.0.13, host: fv-az83-67.pawgbth4qraerhbqawdeo1jfng.dx.internal.cloudapp.net, ports: [REPLICATION=35393, RATIS=40363, RATIS_ADMIN=40363, RATIS_SERVER=40363, STANDALONE=44419], networkLocation: /default-rack, certSerialId: null, persistedOpState: IN_SERVICE, persistedOpStateExpiryEpochSec: 0}, placeOfBirth=c0e45f45-48a3-418c-b3ac-112e0491709c, sequenceId=0, keyCount=3, bytesUsed=0,replicaIndex=2}}
2022-12-15 22:22:14,231 [DatanodeAdminManager-0] INFO  node.DatanodeAdminMonitorImpl (DatanodeAdminMonitorImpl.java:checkContainersReplicatedOnNode(367)) - Unhealthy Container #6 org.apache.hadoop.hdds.scm.container.replication.ECContainerReplicaCount@28cd0887; Replicas{ContainerReplica{containerID=#6, state=OPEN, datanodeDetails=8742ce53-ec43-4b5d-92fb-ca295b19fdac{ip: 10.1.0.13, host: fv-az83-67.pawgbth4qraerhbqawdeo1jfng.dx.internal.cloudapp.net, ports: [REPLICATION=42995, RATIS=44977, RATIS_ADMIN=44977, RATIS_SERVER=44977, STANDALONE=39581], networkLocation: /default-rack, certSerialId: null, persistedOpState: IN_SERVICE, persistedOpStateExpiryEpochSec: 0}, placeOfBirth=8742ce53-ec43-4b5d-92fb-ca295b19fdac, sequenceId=0, keyCount=3, bytesUsed=0,replicaIndex=3},ContainerReplica{containerID=#6, state=OPEN, datanodeDetails=1e86e54b-7ea4-4ffe-a764-33ccb592660f{ip: 10.1.0.13, host: fv-az83-67.pawgbth4qraerhbqawdeo1jfng.dx.internal.cloudapp.net, ports: [REPLICATION=41383, RATIS=45413, RATIS_ADMIN=45413, RATIS_SERVER=45413, STANDALONE=39139], networkLocation: /default-rack, certSerialId: null, persistedOpState: DECOMMISSIONING, persistedOpStateExpiryEpochSec: 0}, placeOfBirth=1e86e54b-7ea4-4ffe-a764-33ccb592660f, sequenceId=0, keyCount=3, bytesUsed=57,replicaIndex=5},ContainerReplica{containerID=#6, state=OPEN, datanodeDetails=30cdbfed-5eb6-4d94-b03b-823178923405{ip: 10.1.0.13, host: fv-az83-67.pawgbth4qraerhbqawdeo1jfng.dx.internal.cloudapp.net, ports: [REPLICATION=35121, RATIS=40489, RATIS_ADMIN=40489, RATIS_SERVER=40489, STANDALONE=36205], networkLocation: /default-rack, certSerialId: null, persistedOpState: IN_SERVICE, persistedOpStateExpiryEpochSec: 0}, placeOfBirth=30cdbfed-5eb6-4d94-b03b-823178923405, sequenceId=0, keyCount=3, bytesUsed=57,replicaIndex=4},ContainerReplica{containerID=#6, state=OPEN, datanodeDetails=9af99ef4-a70d-4375-9c0d-594670c86eaa{ip: 10.1.0.13, host: fv-az83-67.pawgbth4qraerhbqawdeo1jfng.dx.internal.cloudapp.net, ports: [REPLICATION=37293, RATIS=37969, RATIS_ADMIN=37969, RATIS_SERVER=37969, STANDALONE=45841], networkLocation: /default-rack, certSerialId: null, persistedOpState: IN_SERVICE, persistedOpStateExpiryEpochSec: 0}, placeOfBirth=9af99ef4-a70d-4375-9c0d-594670c86eaa, sequenceId=0, keyCount=3, bytesUsed=57,replicaIndex=1},ContainerReplica{containerID=#6, state=OPEN, datanodeDetails=c0e45f45-48a3-418c-b3ac-112e0491709c{ip: 10.1.0.13, host: fv-az83-67.pawgbth4qraerhbqawdeo1jfng.dx.internal.cloudapp.net, ports: [REPLICATION=35393, RATIS=40363, RATIS_ADMIN=40363, RATIS_SERVER=40363, STANDALONE=44419], networkLocation: /default-rack, certSerialId: null, persistedOpState: IN_SERVICE, persistedOpStateExpiryEpochSec: 0}, placeOfBirth=c0e45f45-48a3-418c-b3ac-112e0491709c, sequenceId=0, keyCount=3, bytesUsed=0,replicaIndex=2}}
2022-12-15 22:22:14,232 [DatanodeAdminManager-0] INFO  node.DatanodeAdminMonitorImpl (DatanodeAdminMonitorImpl.java:checkContainersReplicatedOnNode(356)) - Under Replicated Container #7 org.apache.hadoop.hdds.scm.container.replication.ECContainerReplicaCount@490526ec; Replicas{ContainerReplica{containerID=#7, state=OPEN, datanodeDetails=e0198350-5a80-4cc9-b4d4-fe7f34161fcd{ip: 10.1.0.13, host: fv-az83-67.pawgbth4qraerhbqawdeo1jfng.dx.internal.cloudapp.net, ports: [REPLICATION=33725, RATIS=33167, RATIS_ADMIN=33167, RATIS_SERVER=33167, STANDALONE=40941], networkLocation: /default-rack, certSerialId: null, persistedOpState: IN_SERVICE, persistedOpStateExpiryEpochSec: 0}, placeOfBirth=e0198350-5a80-4cc9-b4d4-fe7f34161fcd, sequenceId=0, keyCount=2, bytesUsed=38,replicaIndex=4},ContainerReplica{containerID=#7, state=OPEN, datanodeDetails=30cdbfed-5eb6-4d94-b03b-823178923405{ip: 10.1.0.13, host: fv-az83-67.pawgbth4qraerhbqawdeo1jfng.dx.internal.cloudapp.net, ports: [REPLICATION=35121, RATIS=40489, RATIS_ADMIN=40489, RATIS_SERVER=40489, STANDALONE=36205], networkLocation: /default-rack, certSerialId: null, persistedOpState: IN_SERVICE, persistedOpStateExpiryEpochSec: 0}, placeOfBirth=30cdbfed-5eb6-4d94-b03b-823178923405, sequenceId=0, keyCount=2, bytesUsed=38,replicaIndex=1},ContainerReplica{containerID=#7, state=OPEN, datanodeDetails=c0e45f45-48a3-418c-b3ac-112e0491709c{ip: 10.1.0.13, host: fv-az83-67.pawgbth4qraerhbqawdeo1jfng.dx.internal.cloudapp.net, ports: [REPLICATION=35393, RATIS=40363, RATIS_ADMIN=40363, RATIS_SERVER=40363, STANDALONE=44419], networkLocation: /default-rack, certSerialId: null, persistedOpState: IN_SERVICE, persistedOpStateExpiryEpochSec: 0}, placeOfBirth=c0e45f45-48a3-418c-b3ac-112e0491709c, sequenceId=0, keyCount=2, bytesUsed=38,replicaIndex=5},ContainerReplica{containerID=#7, state=OPEN, datanodeDetails=36e1593a-57cf-42fc-9e99-3bc8e6c88ec2{ip: 10.1.0.13, host: fv-az83-67.pawgbth4qraerhbqawdeo1jfng.dx.internal.cloudapp.net, ports: [REPLICATION=36657, RATIS=46439, RATIS_ADMIN=46439, RATIS_SERVER=46439, STANDALONE=39281], networkLocation: /default-rack, certSerialId: null, persistedOpState: IN_SERVICE, persistedOpStateExpiryEpochSec: 0}, placeOfBirth=36e1593a-57cf-42fc-9e99-3bc8e6c88ec2, sequenceId=0, keyCount=2, bytesUsed=0,replicaIndex=2},ContainerReplica{containerID=#7, state=OPEN, datanodeDetails=1e86e54b-7ea4-4ffe-a764-33ccb592660f{ip: 10.1.0.13, host: fv-az83-67.pawgbth4qraerhbqawdeo1jfng.dx.internal.cloudapp.net, ports: [REPLICATION=41383, RATIS=45413, RATIS_ADMIN=45413, RATIS_SERVER=45413, STANDALONE=39139], networkLocation: /default-rack, certSerialId: null, persistedOpState: DECOMMISSIONING, persistedOpStateExpiryEpochSec: 0}, placeOfBirth=1e86e54b-7ea4-4ffe-a764-33ccb592660f, sequenceId=0, keyCount=2, bytesUsed=0,replicaIndex=3}}
2022-12-15 22:22:14,232 [DatanodeAdminManager-0] INFO  node.DatanodeAdminMonitorImpl (DatanodeAdminMonitorImpl.java:checkContainersReplicatedOnNode(367)) - Unhealthy Container #7 org.apache.hadoop.hdds.scm.container.replication.ECContainerReplicaCount@490526ec; Replicas{ContainerReplica{containerID=#7, state=OPEN, datanodeDetails=e0198350-5a80-4cc9-b4d4-fe7f34161fcd{ip: 10.1.0.13, host: fv-az83-67.pawgbth4qraerhbqawdeo1jfng.dx.internal.cloudapp.net, ports: [REPLICATION=33725, RATIS=33167, RATIS_ADMIN=33167, RATIS_SERVER=33167, STANDALONE=40941], networkLocation: /default-rack, certSerialId: null, persistedOpState: IN_SERVICE, persistedOpStateExpiryEpochSec: 0}, placeOfBirth=e0198350-5a80-4cc9-b4d4-fe7f34161fcd, sequenceId=0, keyCount=2, bytesUsed=38,replicaIndex=4},ContainerReplica{containerID=#7, state=OPEN, datanodeDetails=30cdbfed-5eb6-4d94-b03b-823178923405{ip: 10.1.0.13, host: fv-az83-67.pawgbth4qraerhbqawdeo1jfng.dx.internal.cloudapp.net, ports: [REPLICATION=35121, RATIS=40489, RATIS_ADMIN=40489, RATIS_SERVER=40489, STANDALONE=36205], networkLocation: /default-rack, certSerialId: null, persistedOpState: IN_SERVICE, persistedOpStateExpiryEpochSec: 0}, placeOfBirth=30cdbfed-5eb6-4d94-b03b-823178923405, sequenceId=0, keyCount=2, bytesUsed=38,replicaIndex=1},ContainerReplica{containerID=#7, state=OPEN, datanodeDetails=c0e45f45-48a3-418c-b3ac-112e0491709c{ip: 10.1.0.13, host: fv-az83-67.pawgbth4qraerhbqawdeo1jfng.dx.internal.cloudapp.net, ports: [REPLICATION=35393, RATIS=40363, RATIS_ADMIN=40363, RATIS_SERVER=40363, STANDALONE=44419], networkLocation: /default-rack, certSerialId: null, persistedOpState: IN_SERVICE, persistedOpStateExpiryEpochSec: 0}, placeOfBirth=c0e45f45-48a3-418c-b3ac-112e0491709c, sequenceId=0, keyCount=2, bytesUsed=38,replicaIndex=5},ContainerReplica{containerID=#7, state=OPEN, datanodeDetails=36e1593a-57cf-42fc-9e99-3bc8e6c88ec2{ip: 10.1.0.13, host: fv-az83-67.pawgbth4qraerhbqawdeo1jfng.dx.internal.cloudapp.net, ports: [REPLICATION=36657, RATIS=46439, RATIS_ADMIN=46439, RATIS_SERVER=46439, STANDALONE=39281], networkLocation: /default-rack, certSerialId: null, persistedOpState: IN_SERVICE, persistedOpStateExpiryEpochSec: 0}, placeOfBirth=36e1593a-57cf-42fc-9e99-3bc8e6c88ec2, sequenceId=0, keyCount=2, bytesUsed=0,replicaIndex=2},ContainerReplica{containerID=#7, state=OPEN, datanodeDetails=1e86e54b-7ea4-4ffe-a764-33ccb592660f{ip: 10.1.0.13, host: fv-az83-67.pawgbth4qraerhbqawdeo1jfng.dx.internal.cloudapp.net, ports: [REPLICATION=41383, RATIS=45413, RATIS_ADMIN=45413, RATIS_SERVER=45413, STANDALONE=39139], networkLocation: /default-rack, certSerialId: null, persistedOpState: DECOMMISSIONING, persistedOpStateExpiryEpochSec: 0}, placeOfBirth=1e86e54b-7ea4-4ffe-a764-33ccb592660f, sequenceId=0, keyCount=2, bytesUsed=0,replicaIndex=3}}
2022-12-15 22:22:14,232 [DatanodeAdminManager-0] INFO  node.DatanodeAdminMonitorImpl (DatanodeAdminMonitorImpl.java:checkContainersReplicatedOnNode(356)) - Under Replicated Container #8 org.apache.hadoop.hdds.scm.container.replication.ECContainerReplicaCount@5e9aadeb; Replicas{ContainerReplica{containerID=#8, state=OPEN, datanodeDetails=9af99ef4-a70d-4375-9c0d-594670c86eaa{ip: 10.1.0.13, host: fv-az83-67.pawgbth4qraerhbqawdeo1jfng.dx.internal.cloudapp.net, ports: [REPLICATION=37293, RATIS=37969, RATIS_ADMIN=37969, RATIS_SERVER=37969, STANDALONE=45841], networkLocation: /default-rack, certSerialId: null, persistedOpState: IN_SERVICE, persistedOpStateExpiryEpochSec: 0}, placeOfBirth=9af99ef4-a70d-4375-9c0d-594670c86eaa, sequenceId=0, keyCount=5, bytesUsed=95,replicaIndex=5},ContainerReplica{containerID=#8, state=OPEN, datanodeDetails=1e86e54b-7ea4-4ffe-a764-33ccb592660f{ip: 10.1.0.13, host: fv-az83-67.pawgbth4qraerhbqawdeo1jfng.dx.internal.cloudapp.net, ports: [REPLICATION=41383, RATIS=45413, RATIS_ADMIN=45413, RATIS_SERVER=45413, STANDALONE=39139], networkLocation: /default-rack, certSerialId: null, persistedOpState: DECOMMISSIONING, persistedOpStateExpiryEpochSec: 0}, placeOfBirth=1e86e54b-7ea4-4ffe-a764-33ccb592660f, sequenceId=0, keyCount=5, bytesUsed=0,replicaIndex=3},ContainerReplica{containerID=#8, state=OPEN, datanodeDetails=36e1593a-57cf-42fc-9e99-3bc8e6c88ec2{ip: 10.1.0.13, host: fv-az83-67.pawgbth4qraerhbqawdeo1jfng.dx.internal.cloudapp.net, ports: [REPLICATION=36657, RATIS=46439, RATIS_ADMIN=46439, RATIS_SERVER=46439, STANDALONE=39281], networkLocation: /default-rack, certSerialId: null, persistedOpState: IN_SERVICE, persistedOpStateExpiryEpochSec: 0}, placeOfBirth=36e1593a-57cf-42fc-9e99-3bc8e6c88ec2, sequenceId=0, keyCount=5, bytesUsed=95,replicaIndex=4},ContainerReplica{containerID=#8, state=OPEN, datanodeDetails=e0198350-5a80-4cc9-b4d4-fe7f34161fcd{ip: 10.1.0.13, host: fv-az83-67.pawgbth4qraerhbqawdeo1jfng.dx.internal.cloudapp.net, ports: [REPLICATION=33725, RATIS=33167, RATIS_ADMIN=33167, RATIS_SERVER=33167, STANDALONE=40941], networkLocation: /default-rack, certSerialId: null, persistedOpState: IN_SERVICE, persistedOpStateExpiryEpochSec: 0}, placeOfBirth=e0198350-5a80-4cc9-b4d4-fe7f34161fcd, sequenceId=0, keyCount=5, bytesUsed=95,replicaIndex=1},ContainerReplica{containerID=#8, state=OPEN, datanodeDetails=c0e45f45-48a3-418c-b3ac-112e0491709c{ip: 10.1.0.13, host: fv-az83-67.pawgbth4qraerhbqawdeo1jfng.dx.internal.cloudapp.net, ports: [REPLICATION=35393, RATIS=40363, RATIS_ADMIN=40363, RATIS_SERVER=40363, STANDALONE=44419], networkLocation: /default-rack, certSerialId: null, persistedOpState: IN_SERVICE, persistedOpStateExpiryEpochSec: 0}, placeOfBirth=c0e45f45-48a3-418c-b3ac-112e0491709c, sequenceId=0, keyCount=5, bytesUsed=0,replicaIndex=2}}
2022-12-15 22:22:14,232 [Over Replicated Processor] INFO  replication.OverReplicatedProcessor (OverReplicatedProcessor.java:processAll(79)) - Processed 0 over replicated containers, failed processing 0
2022-12-15 22:22:14,232 [DatanodeAdminManager-0] INFO  node.DatanodeAdminMonitorImpl (DatanodeAdminMonitorImpl.java:checkContainersReplicatedOnNode(367)) - Unhealthy Container #8 org.apache.hadoop.hdds.scm.container.replication.ECContainerReplicaCount@5e9aadeb; Replicas{ContainerReplica{containerID=#8, state=OPEN, datanodeDetails=9af99ef4-a70d-4375-9c0d-594670c86eaa{ip: 10.1.0.13, host: fv-az83-67.pawgbth4qraerhbqawdeo1jfng.dx.internal.cloudapp.net, ports: [REPLICATION=37293, RATIS=37969, RATIS_ADMIN=37969, RATIS_SERVER=37969, STANDALONE=45841], networkLocation: /default-rack, certSerialId: null, persistedOpState: IN_SERVICE, persistedOpStateExpiryEpochSec: 0}, placeOfBirth=9af99ef4-a70d-4375-9c0d-594670c86eaa, sequenceId=0, keyCount=5, bytesUsed=95,replicaIndex=5},ContainerReplica{containerID=#8, state=OPEN, datanodeDetails=1e86e54b-7ea4-4ffe-a764-33ccb592660f{ip: 10.1.0.13, host: fv-az83-67.pawgbth4qraerhbqawdeo1jfng.dx.internal.cloudapp.net, ports: [REPLICATION=41383, RATIS=45413, RATIS_ADMIN=45413, RATIS_SERVER=45413, STANDALONE=39139], networkLocation: /default-rack, certSerialId: null, persistedOpState: DECOMMISSIONING, persistedOpStateExpiryEpochSec: 0}, placeOfBirth=1e86e54b-7ea4-4ffe-a764-33ccb592660f, sequenceId=0, keyCount=5, bytesUsed=0,replicaIndex=3},ContainerReplica{containerID=#8, state=OPEN, datanodeDetails=36e1593a-57cf-42fc-9e99-3bc8e6c88ec2{ip: 10.1.0.13, host: fv-az83-67.pawgbth4qraerhbqawdeo1jfng.dx.internal.cloudapp.net, ports: [REPLICATION=36657, RATIS=46439, RATIS_ADMIN=46439, RATIS_SERVER=46439, STANDALONE=39281], networkLocation: /default-rack, certSerialId: null, persistedOpState: IN_SERVICE, persistedOpStateExpiryEpochSec: 0}, placeOfBirth=36e1593a-57cf-42fc-9e99-3bc8e6c88ec2, sequenceId=0, keyCount=5, bytesUsed=95,replicaIndex=4},ContainerReplica{containerID=#8, state=OPEN, datanodeDetails=e0198350-5a80-4cc9-b4d4-fe7f34161fcd{ip: 10.1.0.13, host: fv-az83-67.pawgbth4qraerhbqawdeo1jfng.dx.internal.cloudapp.net, ports: [REPLICATION=33725, RATIS=33167, RATIS_ADMIN=33167, RATIS_SERVER=33167, STANDALONE=40941], networkLocation: /default-rack, certSerialId: null, persistedOpState: IN_SERVICE, persistedOpStateExpiryEpochSec: 0}, placeOfBirth=e0198350-5a80-4cc9-b4d4-fe7f34161fcd, sequenceId=0, keyCount=5, bytesUsed=95,replicaIndex=1},ContainerReplica{containerID=#8, state=OPEN, datanodeDetails=c0e45f45-48a3-418c-b3ac-112e0491709c{ip: 10.1.0.13, host: fv-az83-67.pawgbth4qraerhbqawdeo1jfng.dx.internal.cloudapp.net, ports: [REPLICATION=35393, RATIS=40363, RATIS_ADMIN=40363, RATIS_SERVER=40363, STANDALONE=44419], networkLocation: /default-rack, certSerialId: null, persistedOpState: IN_SERVICE, persistedOpStateExpiryEpochSec: 0}, placeOfBirth=c0e45f45-48a3-418c-b3ac-112e0491709c, sequenceId=0, keyCount=5, bytesUsed=0,replicaIndex=2}}
2022-12-15 22:22:14,235 [DatanodeAdminManager-0] INFO  node.DatanodeAdminMonitorImpl (DatanodeAdminMonitorImpl.java:checkContainersReplicatedOnNode(356)) - Under Replicated Container #1 Container State: CLOSING Replica Count: 3 Healthy Count: 2 Decommission Count: 1 Maintenance Count: 0 inFlightAdd Count: 0 inFightDel Count: 0 ReplicationFactor: 3 minMaintenance Count: 2; Replicas{ContainerReplica{containerID=#1, state=OPEN, datanodeDetails=8742ce53-ec43-4b5d-92fb-ca295b19fdac{ip: 10.1.0.13, host: fv-az83-67.pawgbth4qraerhbqawdeo1jfng.dx.internal.cloudapp.net, ports: [REPLICATION=42995, RATIS=44977, RATIS_ADMIN=44977, RATIS_SERVER=44977, STANDALONE=39581], networkLocation: /default-rack, certSerialId: null, persistedOpState: IN_SERVICE, persistedOpStateExpiryEpochSec: 0}, placeOfBirth=8742ce53-ec43-4b5d-92fb-ca295b19fdac, sequenceId=72, keyCount=7, bytesUsed=133},ContainerReplica{containerID=#1, state=OPEN, datanodeDetails=e0198350-5a80-4cc9-b4d4-fe7f34161fcd{ip: 10.1.0.13, host: fv-az83-67.pawgbth4qraerhbqawdeo1jfng.dx.internal.cloudapp.net, ports: [REPLICATION=33725, RATIS=33167, RATIS_ADMIN=33167, RATIS_SERVER=33167, STANDALONE=40941], networkLocation: /default-rack, certSerialId: null, persistedOpState: IN_SERVICE, persistedOpStateExpiryEpochSec: 0}, placeOfBirth=e0198350-5a80-4cc9-b4d4-fe7f34161fcd, sequenceId=72, keyCount=7, bytesUsed=133},ContainerReplica{containerID=#1, state=OPEN, datanodeDetails=1e86e54b-7ea4-4ffe-a764-33ccb592660f{ip: 10.1.0.13, host: fv-az83-67.pawgbth4qraerhbqawdeo1jfng.dx.internal.cloudapp.net, ports: [REPLICATION=41383, RATIS=45413, RATIS_ADMIN=45413, RATIS_SERVER=45413, STANDALONE=39139], networkLocation: /default-rack, certSerialId: null, persistedOpState: DECOMMISSIONING, persistedOpStateExpiryEpochSec: 0}, placeOfBirth=1e86e54b-7ea4-4ffe-a764-33ccb592660f, sequenceId=72, keyCount=7, bytesUsed=133}}
2022-12-15 22:22:14,235 [DatanodeAdminManager-0] INFO  node.DatanodeAdminMonitorImpl (DatanodeAdminMonitorImpl.java:checkContainersReplicatedOnNode(367)) - Unhealthy Container #1 Container State: CLOSING Replica Count: 3 Healthy Count: 2 Decommission Count: 1 Maintenance Count: 0 inFlightAdd Count: 0 inFightDel Count: 0 ReplicationFactor: 3 minMaintenance Count: 2; Replicas{ContainerReplica{containerID=#1, state=OPEN, datanodeDetails=8742ce53-ec43-4b5d-92fb-ca295b19fdac{ip: 10.1.0.13, host: fv-az83-67.pawgbth4qraerhbqawdeo1jfng.dx.internal.cloudapp.net, ports: [REPLICATION=42995, RATIS=44977, RATIS_ADMIN=44977, RATIS_SERVER=44977, STANDALONE=39581], networkLocation: /default-rack, certSerialId: null, persistedOpState: IN_SERVICE, persistedOpStateExpiryEpochSec: 0}, placeOfBirth=8742ce53-ec43-4b5d-92fb-ca295b19fdac, sequenceId=72, keyCount=7, bytesUsed=133},ContainerReplica{containerID=#1, state=OPEN, datanodeDetails=e0198350-5a80-4cc9-b4d4-fe7f34161fcd{ip: 10.1.0.13, host: fv-az83-67.pawgbth4qraerhbqawdeo1jfng.dx.internal.cloudapp.net, ports: [REPLICATION=33725, RATIS=33167, RATIS_ADMIN=33167, RATIS_SERVER=33167, STANDALONE=40941], networkLocation: /default-rack, certSerialId: null, persistedOpState: IN_SERVICE, persistedOpStateExpiryEpochSec: 0}, placeOfBirth=e0198350-5a80-4cc9-b4d4-fe7f34161fcd, sequenceId=72, keyCount=7, bytesUsed=133},ContainerReplica{containerID=#1, state=OPEN, datanodeDetails=1e86e54b-7ea4-4ffe-a764-33ccb592660f{ip: 10.1.0.13, host: fv-az83-67.pawgbth4qraerhbqawdeo1jfng.dx.internal.cloudapp.net, ports: [REPLICATION=41383, RATIS=45413, RATIS_ADMIN=45413, RATIS_SERVER=45413, STANDALONE=39139], networkLocation: /default-rack, certSerialId: null, persistedOpState: DECOMMISSIONING, persistedOpStateExpiryEpochSec: 0}, placeOfBirth=1e86e54b-7ea4-4ffe-a764-33ccb592660f, sequenceId=72, keyCount=7, bytesUsed=133}}
2022-12-15 22:22:14,235 [DatanodeAdminManager-0] INFO  node.DatanodeAdminMonitorImpl (DatanodeAdminMonitorImpl.java:checkContainersReplicatedOnNode(356)) - Under Replicated Container #2 Container State: CLOSING Replica Count: 3 Healthy Count: 2 Decommission Count: 1 Maintenance Count: 0 inFlightAdd Count: 0 inFightDel Count: 0 ReplicationFactor: 3 minMaintenance Count: 2; Replicas{ContainerReplica{containerID=#2, state=OPEN, datanodeDetails=1e86e54b-7ea4-4ffe-a764-33ccb592660f{ip: 10.1.0.13, host: fv-az83-67.pawgbth4qraerhbqawdeo1jfng.dx.internal.cloudapp.net, ports: [REPLICATION=41383, RATIS=45413, RATIS_ADMIN=45413, RATIS_SERVER=45413, STANDALONE=39139], networkLocation: /default-rack, certSerialId: null, persistedOpState: DECOMMISSIONING, persistedOpStateExpiryEpochSec: 0}, placeOfBirth=1e86e54b-7ea4-4ffe-a764-33ccb592660f, sequenceId=76, keyCount=7, bytesUsed=133},ContainerReplica{containerID=#2, state=OPEN, datanodeDetails=e0198350-5a80-4cc9-b4d4-fe7f34161fcd{ip: 10.1.0.13, host: fv-az83-67.pawgbth4qraerhbqawdeo1jfng.dx.internal.cloudapp.net, ports: [REPLICATION=33725, RATIS=33167, RATIS_ADMIN=33167, RATIS_SERVER=33167, STANDALONE=40941], networkLocation: /default-rack, certSerialId: null, persistedOpState: IN_SERVICE, persistedOpStateExpiryEpochSec: 0}, placeOfBirth=e0198350-5a80-4cc9-b4d4-fe7f34161fcd, sequenceId=76, keyCount=7, bytesUsed=133},ContainerReplica{containerID=#2, state=OPEN, datanodeDetails=8742ce53-ec43-4b5d-92fb-ca295b19fdac{ip: 10.1.0.13, host: fv-az83-67.pawgbth4qraerhbqawdeo1jfng.dx.internal.cloudapp.net, ports: [REPLICATION=42995, RATIS=44977, RATIS_ADMIN=44977, RATIS_SERVER=44977, STANDALONE=39581], networkLocation: /default-rack, certSerialId: null, persistedOpState: IN_SERVICE, persistedOpStateExpiryEpochSec: 0}, placeOfBirth=8742ce53-ec43-4b5d-92fb-ca295b19fdac, sequenceId=76, keyCount=7, bytesUsed=133}}
2022-12-15 22:22:14,235 [DatanodeAdminManager-0] INFO  node.DatanodeAdminMonitorImpl (DatanodeAdminMonitorImpl.java:checkContainersReplicatedOnNode(367)) - Unhealthy Container #2 Container State: CLOSING Replica Count: 3 Healthy Count: 2 Decommission Count: 1 Maintenance Count: 0 inFlightAdd Count: 0 inFightDel Count: 0 ReplicationFactor: 3 minMaintenance Count: 2; Replicas{ContainerReplica{containerID=#2, state=OPEN, datanodeDetails=1e86e54b-7ea4-4ffe-a764-33ccb592660f{ip: 10.1.0.13, host: fv-az83-67.pawgbth4qraerhbqawdeo1jfng.dx.internal.cloudapp.net, ports: [REPLICATION=41383, RATIS=45413, RATIS_ADMIN=45413, RATIS_SERVER=45413, STANDALONE=39139], networkLocation: /default-rack, certSerialId: null, persistedOpState: DECOMMISSIONING, persistedOpStateExpiryEpochSec: 0}, placeOfBirth=1e86e54b-7ea4-4ffe-a764-33ccb592660f, sequenceId=76, keyCount=7, bytesUsed=133},ContainerReplica{containerID=#2, state=OPEN, datanodeDetails=e0198350-5a80-4cc9-b4d4-fe7f34161fcd{ip: 10.1.0.13, host: fv-az83-67.pawgbth4qraerhbqawdeo1jfng.dx.internal.cloudapp.net, ports: [REPLICATION=33725, RATIS=33167, RATIS_ADMIN=33167, RATIS_SERVER=33167, STANDALONE=40941], networkLocation: /default-rack, certSerialId: null, persistedOpState: IN_SERVICE, persistedOpStateExpiryEpochSec: 0}, placeOfBirth=e0198350-5a80-4cc9-b4d4-fe7f34161fcd, sequenceId=76, keyCount=7, bytesUsed=133},ContainerReplica{containerID=#2, state=OPEN, datanodeDetails=8742ce53-ec43-4b5d-92fb-ca295b19fdac{ip: 10.1.0.13, host: fv-az83-67.pawgbth4qraerhbqawdeo1jfng.dx.internal.cloudapp.net, ports: [REPLICATION=42995, RATIS=44977, RATIS_ADMIN=44977, RATIS_SERVER=44977, STANDALONE=39581], networkLocation: /default-rack, certSerialId: null, persistedOpState: IN_SERVICE, persistedOpStateExpiryEpochSec: 0}, placeOfBirth=8742ce53-ec43-4b5d-92fb-ca295b19fdac, sequenceId=76, keyCount=7, bytesUsed=133}}
2022-12-15 22:22:14,235 [DatanodeAdminManager-0] INFO  node.DatanodeAdminMonitorImpl (DatanodeAdminMonitorImpl.java:checkContainersReplicatedOnNode(377)) - 1e86e54b-7ea4-4ffe-a764-33ccb592660f{ip: 10.1.0.13, host: fv-az83-67.pawgbth4qraerhbqawdeo1jfng.dx.internal.cloudapp.net, ports: [REPLICATION=41383, RATIS=45413, RATIS_ADMIN=45413, RATIS_SERVER=45413, STANDALONE=39139], networkLocation: /default-rack, certSerialId: null, persistedOpState: DECOMMISSIONING, persistedOpStateExpiryEpochSec: 0} has 0 sufficientlyReplicated, 7 underReplicated and 7 unhealthy containers
2022-12-15 22:22:14,235 [DatanodeAdminManager-0] INFO  node.DatanodeAdminMonitorImpl (DatanodeAdminMonitorImpl.java:run(169)) - There are 1 nodes tracked for decommission and maintenance.  0 pending nodes.
2022-12-15 22:22:14,238 [Under Replicated Processor] INFO  replication.UnderReplicatedProcessor (UnderReplicatedProcessor.java:processAll(79)) - Processed 0 under replicated containers, failed processing 0
2022-12-15 22:22:14,255 [ReplicationMonitor] INFO  replication.LegacyReplicationManager (LegacyReplicationManager.java:sendCloseCommand(1513)) - Sending close container command for container #1 to datanode 8742ce53-ec43-4b5d-92fb-ca295b19fdac{ip: 10.1.0.13, host: fv-az83-67.pawgbth4qraerhbqawdeo1jfng.dx.internal.cloudapp.net, ports: [REPLICATION=42995, RATIS=44977, RATIS_ADMIN=44977, RATIS_SERVER=44977, STANDALONE=39581], networkLocation: /default-rack, certSerialId: null, persistedOpState: IN_SERVICE, persistedOpStateExpiryEpochSec: 0}.
2022-12-15 22:22:14,256 [ReplicationMonitor] INFO  replication.LegacyReplicationManager (LegacyReplicationManager.java:sendCloseCommand(1513)) - Sending close container command for container #1 to datanode e0198350-5a80-4cc9-b4d4-fe7f34161fcd{ip: 10.1.0.13, host: fv-az83-67.pawgbth4qraerhbqawdeo1jfng.dx.internal.cloudapp.net, ports: [REPLICATION=33725, RATIS=33167, RATIS_ADMIN=33167, RATIS_SERVER=33167, STANDALONE=40941], networkLocation: /default-rack, certSerialId: null, persistedOpState: IN_SERVICE, persistedOpStateExpiryEpochSec: 0}.
2022-12-15 22:22:14,256 [ReplicationMonitor] INFO  replication.LegacyReplicationManager (LegacyReplicationManager.java:sendCloseCommand(1513)) - Sending close container command for container #1 to datanode 1e86e54b-7ea4-4ffe-a764-33ccb592660f{ip: 10.1.0.13, host: fv-az83-67.pawgbth4qraerhbqawdeo1jfng.dx.internal.cloudapp.net, ports: [REPLICATION=41383, RATIS=45413, RATIS_ADMIN=45413, RATIS_SERVER=45413, STANDALONE=39139], networkLocation: /default-rack, certSerialId: null, persistedOpState: DECOMMISSIONING, persistedOpStateExpiryEpochSec: 0}.
2022-12-15 22:22:14,256 [ReplicationMonitor] INFO  replication.LegacyReplicationManager (LegacyReplicationManager.java:sendCloseCommand(1513)) - Sending close container command for container #2 to datanode 1e86e54b-7ea4-4ffe-a764-33ccb592660f{ip: 10.1.0.13, host: fv-az83-67.pawgbth4qraerhbqawdeo1jfng.dx.internal.cloudapp.net, ports: [REPLICATION=41383, RATIS=45413, RATIS_ADMIN=45413, RATIS_SERVER=45413, STANDALONE=39139], networkLocation: /default-rack, certSerialId: null, persistedOpState: DECOMMISSIONING, persistedOpStateExpiryEpochSec: 0}.
2022-12-15 22:22:14,256 [ReplicationMonitor] INFO  replication.LegacyReplicationManager (LegacyReplicationManager.java:sendCloseCommand(1513)) - Sending close container command for container #2 to datanode e0198350-5a80-4cc9-b4d4-fe7f34161fcd{ip: 10.1.0.13, host: fv-az83-67.pawgbth4qraerhbqawdeo1jfng.dx.internal.cloudapp.net, ports: [REPLICATION=33725, RATIS=33167, RATIS_ADMIN=33167, RATIS_SERVER=33167, STANDALONE=40941], networkLocation: /default-rack, certSerialId: null, persistedOpState: IN_SERVICE, persistedOpStateExpiryEpochSec: 0}.
2022-12-15 22:22:14,256 [ReplicationMonitor] INFO  replication.LegacyReplicationManager (LegacyReplicationManager.java:sendCloseCommand(1513)) - Sending close container command for container #2 to datanode 8742ce53-ec43-4b5d-92fb-ca295b19fdac{ip: 10.1.0.13, host: fv-az83-67.pawgbth4qraerhbqawdeo1jfng.dx.internal.cloudapp.net, ports: [REPLICATION=42995, RATIS=44977, RATIS_ADMIN=44977, RATIS_SERVER=44977, STANDALONE=39581], networkLocation: /default-rack, certSerialId: null, persistedOpState: IN_SERVICE, persistedOpStateExpiryEpochSec: 0}.
2022-12-15 22:22:14,256 [ReplicationMonitor] INFO  replication.LegacyReplicationManager (LegacyReplicationManager.java:sendCloseCommand(1513)) - Sending close container command for container #3 to datanode 8742ce53-ec43-4b5d-92fb-ca295b19fdac{ip: 10.1.0.13, host: fv-az83-67.pawgbth4qraerhbqawdeo1jfng.dx.internal.cloudapp.net, ports: [REPLICATION=42995, RATIS=44977, RATIS_ADMIN=44977, RATIS_SERVER=44977, STANDALONE=39581], networkLocation: /default-rack, certSerialId: null, persistedOpState: IN_SERVICE, persistedOpStateExpiryEpochSec: 0}.
2022-12-15 22:22:14,256 [ReplicationMonitor] INFO  replication.LegacyReplicationManager (LegacyReplicationManager.java:sendCloseCommand(1513)) - Sending close container command for container #3 to datanode 1e86e54b-7ea4-4ffe-a764-33ccb592660f{ip: 10.1.0.13, host: fv-az83-67.pawgbth4qraerhbqawdeo1jfng.dx.internal.cloudapp.net, ports: [REPLICATION=41383, RATIS=45413, RATIS_ADMIN=45413, RATIS_SERVER=45413, STANDALONE=39139], networkLocation: /default-rack, certSerialId: null, persistedOpState: DECOMMISSIONING, persistedOpStateExpiryEpochSec: 0}.
2022-12-15 22:22:14,256 [ReplicationMonitor] INFO  replication.LegacyReplicationManager (LegacyReplicationManager.java:sendCloseCommand(1513)) - Sending close container command for container #3 to datanode e0198350-5a80-4cc9-b4d4-fe7f34161fcd{ip: 10.1.0.13, host: fv-az83-67.pawgbth4qraerhbqawdeo1jfng.dx.internal.cloudapp.net, ports: [REPLICATION=33725, RATIS=33167, RATIS_ADMIN=33167, RATIS_SERVER=33167, STANDALONE=40941], networkLocation: /default-rack, certSerialId: null, persistedOpState: IN_SERVICE, persistedOpStateExpiryEpochSec: 0}.
2022-12-15 22:22:14,257 [ReplicationMonitor] INFO  replication.ReplicationManager (ReplicationManager.java:sendDatanodeCommand(423)) - Sending command of type closeContainerCommand for container ContainerInfo{id=#4, state=CLOSING, pipelineID=PipelineID=a30a131b-c483-4934-bb85-a0dbe401b2ae, stateEnterTime=2022-12-15T22:22:08.573Z, owner=om1} to 1e86e54b-7ea4-4ffe-a764-33ccb592660f{ip: 10.1.0.13, host: fv-az83-67.pawgbth4qraerhbqawdeo1jfng.dx.internal.cloudapp.net, ports: [REPLICATION=41383, RATIS=45413, RATIS_ADMIN=45413, RATIS_SERVER=45413, STANDALONE=39139], networkLocation: /default-rack, certSerialId: null, persistedOpState: DECOMMISSIONING, persistedOpStateExpiryEpochSec: 0}
2022-12-15 22:22:14,257 [ReplicationMonitor] INFO  replication.ReplicationManager (ReplicationManager.java:sendDatanodeCommand(423)) - Sending command of type closeContainerCommand for container ContainerInfo{id=#4, state=CLOSING, pipelineID=PipelineID=a30a131b-c483-4934-bb85-a0dbe401b2ae, stateEnterTime=2022-12-15T22:22:08.573Z, owner=om1} to e0198350-5a80-4cc9-b4d4-fe7f34161fcd{ip: 10.1.0.13, host: fv-az83-67.pawgbth4qraerhbqawdeo1jfng.dx.internal.cloudapp.net, ports: [REPLICATION=33725, RATIS=33167, RATIS_ADMIN=33167, RATIS_SERVER=33167, STANDALONE=40941], networkLocation: /default-rack, certSerialId: null, persistedOpState: IN_SERVICE, persistedOpStateExpiryEpochSec: 0}
2022-12-15 22:22:14,257 [ReplicationMonitor] INFO  replication.ReplicationManager (ReplicationManager.java:sendDatanodeCommand(423)) - Sending command of type closeContainerCommand for container ContainerInfo{id=#4, state=CLOSING, pipelineID=PipelineID=a30a131b-c483-4934-bb85-a0dbe401b2ae, stateEnterTime=2022-12-15T22:22:08.573Z, owner=om1} to 30cdbfed-5eb6-4d94-b03b-823178923405{ip: 10.1.0.13, host: fv-az83-67.pawgbth4qraerhbqawdeo1jfng.dx.internal.cloudapp.net, ports: [REPLICATION=35121, RATIS=40489, RATIS_ADMIN=40489, RATIS_SERVER=40489, STANDALONE=36205], networkLocation: /default-rack, certSerialId: null, persistedOpState: IN_SERVICE, persistedOpStateExpiryEpochSec: 0}
2022-12-15 22:22:14,257 [ReplicationMonitor] INFO  replication.ReplicationManager (ReplicationManager.java:sendDatanodeCommand(423)) - Sending command of type closeContainerCommand for container ContainerInfo{id=#4, state=CLOSING, pipelineID=PipelineID=a30a131b-c483-4934-bb85-a0dbe401b2ae, stateEnterTime=2022-12-15T22:22:08.573Z, owner=om1} to 9af99ef4-a70d-4375-9c0d-594670c86eaa{ip: 10.1.0.13, host: fv-az83-67.pawgbth4qraerhbqawdeo1jfng.dx.internal.cloudapp.net, ports: [REPLICATION=37293, RATIS=37969, RATIS_ADMIN=37969, RATIS_SERVER=37969, STANDALONE=45841], networkLocation: /default-rack, certSerialId: null, persistedOpState: IN_SERVICE, persistedOpStateExpiryEpochSec: 0}
2022-12-15 22:22:14,257 [ReplicationMonitor] INFO  replication.ReplicationManager (ReplicationManager.java:sendDatanodeCommand(423)) - Sending command of type closeContainerCommand for container ContainerInfo{id=#4, state=CLOSING, pipelineID=PipelineID=a30a131b-c483-4934-bb85-a0dbe401b2ae, stateEnterTime=2022-12-15T22:22:08.573Z, owner=om1} to 8742ce53-ec43-4b5d-92fb-ca295b19fdac{ip: 10.1.0.13, host: fv-az83-67.pawgbth4qraerhbqawdeo1jfng.dx.internal.cloudapp.net, ports: [REPLICATION=42995, RATIS=44977, RATIS_ADMIN=44977, RATIS_SERVER=44977, STANDALONE=39581], networkLocation: /default-rack, certSerialId: null, persistedOpState: IN_SERVICE, persistedOpStateExpiryEpochSec: 0}
2022-12-15 22:22:14,257 [ReplicationMonitor] INFO  replication.ReplicationManager (ReplicationManager.java:sendDatanodeCommand(423)) - Sending command of type closeContainerCommand for container ContainerInfo{id=#6, state=CLOSING, pipelineID=PipelineID=eb92dca9-258e-4458-8b4a-b46e85a7fcfd, stateEnterTime=2022-12-15T22:22:09.366Z, owner=om1} to 8742ce53-ec43-4b5d-92fb-ca295b19fdac{ip: 10.1.0.13, host: fv-az83-67.pawgbth4qraerhbqawdeo1jfng.dx.internal.cloudapp.net, ports: [REPLICATION=42995, RATIS=44977, RATIS_ADMIN=44977, RATIS_SERVER=44977, STANDALONE=39581], networkLocation: /default-rack, certSerialId: null, persistedOpState: IN_SERVICE, persistedOpStateExpiryEpochSec: 0}
2022-12-15 22:22:14,257 [ReplicationMonitor] INFO  replication.ReplicationManager (ReplicationManager.java:sendDatanodeCommand(423)) - Sending command of type closeContainerCommand for container ContainerInfo{id=#6, state=CLOSING, pipelineID=PipelineID=eb92dca9-258e-4458-8b4a-b46e85a7fcfd, stateEnterTime=2022-12-15T22:22:09.366Z, owner=om1} to 1e86e54b-7ea4-4ffe-a764-33ccb592660f{ip: 10.1.0.13, host: fv-az83-67.pawgbth4qraerhbqawdeo1jfng.dx.internal.cloudapp.net, ports: [REPLICATION=41383, RATIS=45413, RATIS_ADMIN=45413, RATIS_SERVER=45413, STANDALONE=39139], networkLocation: /default-rack, certSerialId: null, persistedOpState: DECOMMISSIONING, persistedOpStateExpiryEpochSec: 0}
2022-12-15 22:22:14,257 [ReplicationMonitor] INFO  replication.ReplicationManager (ReplicationManager.java:sendDatanodeCommand(423)) - Sending command of type closeContainerCommand for container ContainerInfo{id=#6, state=CLOSING, pipelineID=PipelineID=eb92dca9-258e-4458-8b4a-b46e85a7fcfd, stateEnterTime=2022-12-15T22:22:09.366Z, owner=om1} to 30cdbfed-5eb6-4d94-b03b-823178923405{ip: 10.1.0.13, host: fv-az83-67.pawgbth4qraerhbqawdeo1jfng.dx.internal.cloudapp.net, ports: [REPLICATION=35121, RATIS=40489, RATIS_ADMIN=40489, RATIS_SERVER=40489, STANDALONE=36205], networkLocation: /default-rack, certSerialId: null, persistedOpState: IN_SERVICE, persistedOpStateExpiryEpochSec: 0}
2022-12-15 22:22:14,258 [ReplicationMonitor] INFO  replication.ReplicationManager (ReplicationManager.java:sendDatanodeCommand(423)) - Sending command of type closeContainerCommand for container ContainerInfo{id=#6, state=CLOSING, pipelineID=PipelineID=eb92dca9-258e-4458-8b4a-b46e85a7fcfd, stateEnterTime=2022-12-15T22:22:09.366Z, owner=om1} to 9af99ef4-a70d-4375-9c0d-594670c86eaa{ip: 10.1.0.13, host: fv-az83-67.pawgbth4qraerhbqawdeo1jfng.dx.internal.cloudapp.net, ports: [REPLICATION=37293, RATIS=37969, RATIS_ADMIN=37969, RATIS_SERVER=37969, STANDALONE=45841], networkLocation: /default-rack, certSerialId: null, persistedOpState: IN_SERVICE, persistedOpStateExpiryEpochSec: 0}
2022-12-15 22:22:14,258 [ReplicationMonitor] INFO  replication.ReplicationManager (ReplicationManager.java:sendDatanodeCommand(423)) - Sending command of type closeContainerCommand for container ContainerInfo{id=#6, state=CLOSING, pipelineID=PipelineID=eb92dca9-258e-4458-8b4a-b46e85a7fcfd, stateEnterTime=2022-12-15T22:22:09.366Z, owner=om1} to c0e45f45-48a3-418c-b3ac-112e0491709c{ip: 10.1.0.13, host: fv-az83-67.pawgbth4qraerhbqawdeo1jfng.dx.internal.cloudapp.net, ports: [REPLICATION=35393, RATIS=40363, RATIS_ADMIN=40363, RATIS_SERVER=40363, STANDALONE=44419], networkLocation: /default-rack, certSerialId: null, persistedOpState: IN_SERVICE, persistedOpStateExpiryEpochSec: 0}
2022-12-15 22:22:14,258 [ReplicationMonitor] INFO  replication.ReplicationManager (ReplicationManager.java:sendDatanodeCommand(423)) - Sending command of type closeContainerCommand for container ContainerInfo{id=#7, state=CLOSING, pipelineID=PipelineID=87f24a54-1b01-4401-b083-bebb4550122d, stateEnterTime=2022-12-15T22:22:09.599Z, owner=om1} to e0198350-5a80-4cc9-b4d4-fe7f34161fcd{ip: 10.1.0.13, host: fv-az83-67.pawgbth4qraerhbqawdeo1jfng.dx.internal.cloudapp.net, ports: [REPLICATION=33725, RATIS=33167, RATIS_ADMIN=33167, RATIS_SERVER=33167, STANDALONE=40941], networkLocation: /default-rack, certSerialId: null, persistedOpState: IN_SERVICE, persistedOpStateExpiryEpochSec: 0}
2022-12-15 22:22:14,258 [ReplicationMonitor] INFO  replication.ReplicationManager (ReplicationManager.java:sendDatanodeCommand(423)) - Sending command of type closeContainerCommand for container ContainerInfo{id=#7, state=CLOSING, pipelineID=PipelineID=87f24a54-1b01-4401-b083-bebb4550122d, stateEnterTime=2022-12-15T22:22:09.599Z, owner=om1} to 30cdbfed-5eb6-4d94-b03b-823178923405{ip: 10.1.0.13, host: fv-az83-67.pawgbth4qraerhbqawdeo1jfng.dx.internal.cloudapp.net, ports: [REPLICATION=35121, RATIS=40489, RATIS_ADMIN=40489, RATIS_SERVER=40489, STANDALONE=36205], networkLocation: /default-rack, certSerialId: null, persistedOpState: IN_SERVICE, persistedOpStateExpiryEpochSec: 0}
2022-12-15 22:22:14,258 [ReplicationMonitor] INFO  replication.ReplicationManager (ReplicationManager.java:sendDatanodeCommand(423)) - Sending command of type closeContainerCommand for container ContainerInfo{id=#7, state=CLOSING, pipelineID=PipelineID=87f24a54-1b01-4401-b083-bebb4550122d, stateEnterTime=2022-12-15T22:22:09.599Z, owner=om1} to c0e45f45-48a3-418c-b3ac-112e0491709c{ip: 10.1.0.13, host: fv-az83-67.pawgbth4qraerhbqawdeo1jfng.dx.internal.cloudapp.net, ports: [REPLICATION=35393, RATIS=40363, RATIS_ADMIN=40363, RATIS_SERVER=40363, STANDALONE=44419], networkLocation: /default-rack, certSerialId: null, persistedOpState: IN_SERVICE, persistedOpStateExpiryEpochSec: 0}
2022-12-15 22:22:14,258 [ReplicationMonitor] INFO  replication.ReplicationManager (ReplicationManager.java:sendDatanodeCommand(423)) - Sending command of type closeContainerCommand for container ContainerInfo{id=#7, state=CLOSING, pipelineID=PipelineID=87f24a54-1b01-4401-b083-bebb4550122d, stateEnterTime=2022-12-15T22:22:09.599Z, owner=om1} to 36e1593a-57cf-42fc-9e99-3bc8e6c88ec2{ip: 10.1.0.13, host: fv-az83-67.pawgbth4qraerhbqawdeo1jfng.dx.internal.cloudapp.net, ports: [REPLICATION=36657, RATIS=46439, RATIS_ADMIN=46439, RATIS_SERVER=46439, STANDALONE=39281], networkLocation: /default-rack, certSerialId: null, persistedOpState: IN_SERVICE, persistedOpStateExpiryEpochSec: 0}
2022-12-15 22:22:14,259 [ReplicationMonitor] INFO  replication.ReplicationManager (ReplicationManager.java:sendDatanodeCommand(423)) - Sending command of type closeContainerCommand for container ContainerInfo{id=#7, state=CLOSING, pipelineID=PipelineID=87f24a54-1b01-4401-b083-bebb4550122d, stateEnterTime=2022-12-15T22:22:09.599Z, owner=om1} to 1e86e54b-7ea4-4ffe-a764-33ccb592660f{ip: 10.1.0.13, host: fv-az83-67.pawgbth4qraerhbqawdeo1jfng.dx.internal.cloudapp.net, ports: [REPLICATION=41383, RATIS=45413, RATIS_ADMIN=45413, RATIS_SERVER=45413, STANDALONE=39139], networkLocation: /default-rack, certSerialId: null, persistedOpState: DECOMMISSIONING, persistedOpStateExpiryEpochSec: 0}
2022-12-15 22:22:14,259 [ReplicationMonitor] INFO  replication.ReplicationManager (ReplicationManager.java:sendDatanodeCommand(423)) - Sending command of type closeContainerCommand for container ContainerInfo{id=#8, state=CLOSING, pipelineID=PipelineID=f173ee43-aca2-4969-847c-ea35770a825d, stateEnterTime=2022-12-15T22:22:09.797Z, owner=om1} to 9af99ef4-a70d-4375-9c0d-594670c86eaa{ip: 10.1.0.13, host: fv-az83-67.pawgbth4qraerhbqawdeo1jfng.dx.internal.cloudapp.net, ports: [REPLICATION=37293, RATIS=37969, RATIS_ADMIN=37969, RATIS_SERVER=37969, STANDALONE=45841], networkLocation: /default-rack, certSerialId: null, persistedOpState: IN_SERVICE, persistedOpStateExpiryEpochSec: 0}
2022-12-15 22:22:14,259 [ReplicationMonitor] INFO  replication.ReplicationManager (ReplicationManager.java:sendDatanodeCommand(423)) - Sending command of type closeContainerCommand for container ContainerInfo{id=#8, state=CLOSING, pipelineID=PipelineID=f173ee43-aca2-4969-847c-ea35770a825d, stateEnterTime=2022-12-15T22:22:09.797Z, owner=om1} to 1e86e54b-7ea4-4ffe-a764-33ccb592660f{ip: 10.1.0.13, host: fv-az83-67.pawgbth4qraerhbqawdeo1jfng.dx.internal.cloudapp.net, ports: [REPLICATION=41383, RATIS=45413, RATIS_ADMIN=45413, RATIS_SERVER=45413, STANDALONE=39139], networkLocation: /default-rack, certSerialId: null, persistedOpState: DECOMMISSIONING, persistedOpStateExpiryEpochSec: 0}
2022-12-15 22:22:14,259 [ReplicationMonitor] INFO  replication.ReplicationManager (ReplicationManager.java:sendDatanodeCommand(423)) - Sending command of type closeContainerCommand for container ContainerInfo{id=#8, state=CLOSING, pipelineID=PipelineID=f173ee43-aca2-4969-847c-ea35770a825d, stateEnterTime=2022-12-15T22:22:09.797Z, owner=om1} to 36e1593a-57cf-42fc-9e99-3bc8e6c88ec2{ip: 10.1.0.13, host: fv-az83-67.pawgbth4qraerhbqawdeo1jfng.dx.internal.cloudapp.net, ports: [REPLICATION=36657, RATIS=46439, RATIS_ADMIN=46439, RATIS_SERVER=46439, STANDALONE=39281], networkLocation: /default-rack, certSerialId: null, persistedOpState: IN_SERVICE, persistedOpStateExpiryEpochSec: 0}
2022-12-15 22:22:14,259 [ReplicationMonitor] INFO  replication.ReplicationManager (ReplicationManager.java:sendDatanodeCommand(423)) - Sending command of type closeContainerCommand for container ContainerInfo{id=#8, state=CLOSING, pipelineID=PipelineID=f173ee43-aca2-4969-847c-ea35770a825d, stateEnterTime=2022-12-15T22:22:09.797Z, owner=om1} to e0198350-5a80-4cc9-b4d4-fe7f34161fcd{ip: 10.1.0.13, host: fv-az83-67.pawgbth4qraerhbqawdeo1jfng.dx.internal.cloudapp.net, ports: [REPLICATION=33725, RATIS=33167, RATIS_ADMIN=33167, RATIS_SERVER=33167, STANDALONE=40941], networkLocation: /default-rack, certSerialId: null, persistedOpState: IN_SERVICE, persistedOpStateExpiryEpochSec: 0}
2022-12-15 22:22:14,262 [ReplicationMonitor] INFO  replication.ReplicationManager (ReplicationManager.java:sendDatanodeCommand(423)) - Sending command of type closeContainerCommand for container ContainerInfo{id=#8, state=CLOSING, pipelineID=PipelineID=f173ee43-aca2-4969-847c-ea35770a825d, stateEnterTime=2022-12-15T22:22:09.797Z, owner=om1} to c0e45f45-48a3-418c-b3ac-112e0491709c{ip: 10.1.0.13, host: fv-az83-67.pawgbth4qraerhbqawdeo1jfng.dx.internal.cloudapp.net, ports: [REPLICATION=35393, RATIS=40363, RATIS_ADMIN=40363, RATIS_SERVER=40363, STANDALONE=44419], networkLocation: /default-rack, certSerialId: null, persistedOpState: IN_SERVICE, persistedOpStateExpiryEpochSec: 0}
2022-12-15 22:22:14,262 [ReplicationMonitor] INFO  replication.ReplicationManager (ReplicationManager.java:processAll(360)) - Replication Monitor Thread took 7 milliseconds for processing 8 containers.
2022-12-15 22:22:14,309 [EndpointStateMachine task thread for /0.0.0.0:46479 - 0 ] INFO  utils.DatanodeStoreCache (DatanodeStoreCache.java:addDB(58)) - Added db /home/runner/work/ozone/ozone/hadoop-ozone/integration-test/target/test-dir/MiniOzoneClusterImpl-c952205c-0de4-41d8-8615-baf19f81c5db/datanode-3/data-0/containers/hdds/c952205c-0de4-41d8-8615-baf19f81c5db/DS-728689a0-5918-400c-9ed1-a78373455094/container.db to cache
2022-12-15 22:22:14,309 [EndpointStateMachine task thread for /0.0.0.0:46479 - 0 ] INFO  volume.HddsVolume (HddsVolume.java:createDbStore(307)) - SchemaV3 db is created and loaded at /home/runner/work/ozone/ozone/hadoop-ozone/integration-test/target/test-dir/MiniOzoneClusterImpl-c952205c-0de4-41d8-8615-baf19f81c5db/datanode-3/data-0/containers/hdds/c952205c-0de4-41d8-8615-baf19f81c5db/DS-728689a0-5918-400c-9ed1-a78373455094/container.db for volume DS-728689a0-5918-400c-9ed1-a78373455094
2022-12-15 22:22:14,309 [EndpointStateMachine task thread for /0.0.0.0:46479 - 0 ] INFO  ozoneimpl.OzoneContainer (OzoneContainer.java:start(395)) - Attempting to start container services.
2022-12-15 22:22:14,310 [EndpointStateMachine task thread for /0.0.0.0:46479 - 0 ] INFO  ozoneimpl.OzoneContainer (OzoneContainer.java:startContainerScrub(312)) - Scheduled background container scanners and the on-demand container scanner have been disabled.
2022-12-15 22:22:14,313 [EndpointStateMachine task thread for /0.0.0.0:46479 - 0 ] INFO  replication.ReplicationServer (ReplicationServer.java:start(106)) - ReplicationServer is started using port 43135
2022-12-15 22:22:14,314 [EndpointStateMachine task thread for /0.0.0.0:46479 - 0 ] INFO  ratis.XceiverServerRatis (XceiverServerRatis.java:start(481)) - Starting XceiverServerRatis 71b6f94d-94ac-4fef-bfea-f7b8cd5fb2e7
2022-12-15 22:22:14,317 [EndpointStateMachine task thread for /0.0.0.0:46479 - 0 ] INFO  server.RaftServer (RaftServerProxy.java:startImpl(393)) - 71b6f94d-94ac-4fef-bfea-f7b8cd5fb2e7: start RPC server
2022-12-15 22:22:14,319 [EndpointStateMachine task thread for /0.0.0.0:46479 - 0 ] INFO  server.GrpcService (GrpcService.java:startImpl(262)) - 71b6f94d-94ac-4fef-bfea-f7b8cd5fb2e7: GrpcService started, listening on 37337
2022-12-15 22:22:14,319 [EndpointStateMachine task thread for /0.0.0.0:46479 - 0 ] INFO  ratis.XceiverServerRatis (XceiverServerRatis.java:getRealPort(502)) - XceiverServerRatis 71b6f94d-94ac-4fef-bfea-f7b8cd5fb2e7 is started using port 37337 for RATIS
2022-12-15 22:22:14,319 [JvmPauseMonitor12] INFO  util.JvmPauseMonitor (JvmPauseMonitor.java:run(105)) - JvmPauseMonitor-71b6f94d-94ac-4fef-bfea-f7b8cd5fb2e7: Started
2022-12-15 22:22:14,319 [EndpointStateMachine task thread for /0.0.0.0:46479 - 0 ] INFO  ratis.XceiverServerRatis (XceiverServerRatis.java:getRealPort(502)) - XceiverServerRatis 71b6f94d-94ac-4fef-bfea-f7b8cd5fb2e7 is started using port 37337 for RATIS_ADMIN
2022-12-15 22:22:14,319 [EndpointStateMachine task thread for /0.0.0.0:46479 - 0 ] INFO  ratis.XceiverServerRatis (XceiverServerRatis.java:getRealPort(502)) - XceiverServerRatis 71b6f94d-94ac-4fef-bfea-f7b8cd5fb2e7 is started using port 37337 for RATIS_SERVER
2022-12-15 22:22:14,323 [EndpointStateMachine task thread for /0.0.0.0:46479 - 0 ] INFO  server.XceiverServerGrpc (XceiverServerGrpc.java:start(180)) - XceiverServerGrpc 71b6f94d-94ac-4fef-bfea-f7b8cd5fb2e7 is started using port 42045
2022-12-15 22:22:14,416 [EventQueue-CommandQueueReportForCommandQueueReportHandler] WARN  events.EventQueue (EventQueue.java:fireEvent(216)) - No event handler registered for event TypedEvent{payloadType=DatanodeDetails, name='Datanode_Command_Queue_Updated'}
2022-12-15 22:22:14,637 [EventQueue-PipelineReportForPipelineReportHandler] INFO  pipeline.PipelineReportHandler (PipelineReportHandler.java:processPipelineReport(115)) - Reported pipeline PipelineID=4bb29f98-1168-434f-a1c3-5ab91dfa3848 is not found
2022-12-15 22:22:14,637 [EventQueue-CommandQueueReportForCommandQueueReportHandler] WARN  events.EventQueue (EventQueue.java:fireEvent(216)) - No event handler registered for event TypedEvent{payloadType=DatanodeDetails, name='Datanode_Command_Queue_Updated'}
2022-12-15 22:22:14,641 [EventQueue-CommandQueueReportForCommandQueueReportHandler] WARN  events.EventQueue (EventQueue.java:fireEvent(216)) - No event handler registered for event TypedEvent{payloadType=DatanodeDetails, name='Datanode_Command_Queue_Updated'}
2022-12-15 22:22:14,645 [Command processor thread] INFO  keyvalue.KeyValueContainer (KeyValueContainer.java:flushAndSyncDB(437)) - Container 6 is synced with bcsId 0.
2022-12-15 22:22:14,646 [Command processor thread] INFO  keyvalue.KeyValueContainer (KeyValueContainer.java:flushAndSyncDB(437)) - Container 6 is synced with bcsId 0.
2022-12-15 22:22:14,649 [Command processor thread] INFO  keyvalue.KeyValueContainer (KeyValueContainer.java:close(352)) - Container 6 is closed with bcsId 0.
2022-12-15 22:22:14,650 [EventQueue-CommandQueueReportForCommandQueueReportHandler] WARN  events.EventQueue (EventQueue.java:fireEvent(216)) - No event handler registered for event TypedEvent{payloadType=DatanodeDetails, name='Datanode_Command_Queue_Updated'}
2022-12-15 22:22:14,650 [FixedThreadPoolWithAffinityExecutor-9-0] INFO  container.IncrementalContainerReportHandler (AbstractContainerReportHandler.java:updateContainerState(292)) - Moving container #6 to CLOSED state, datanode 8742ce53-ec43-4b5d-92fb-ca295b19fdac{ip: 10.1.0.13, host: fv-az83-67.pawgbth4qraerhbqawdeo1jfng.dx.internal.cloudapp.net, ports: [REPLICATION=42995, RATIS=44977, RATIS_ADMIN=44977, RATIS_SERVER=44977, STANDALONE=39581], networkLocation: /default-rack, certSerialId: null, persistedOpState: IN_SERVICE, persistedOpStateExpiryEpochSec: 0} reported CLOSED replica.
2022-12-15 22:22:14,657 [EventQueue-CommandQueueReportForCommandQueueReportHandler] WARN  events.EventQueue (EventQueue.java:fireEvent(216)) - No event handler registered for event TypedEvent{payloadType=DatanodeDetails, name='Datanode_Command_Queue_Updated'}
2022-12-15 22:22:14,667 [EventQueue-CommandQueueReportForCommandQueueReportHandler] WARN  events.EventQueue (EventQueue.java:fireEvent(216)) - No event handler registered for event TypedEvent{payloadType=DatanodeDetails, name='Datanode_Command_Queue_Updated'}
2022-12-15 22:22:14,675 [EventQueue-CommandQueueReportForCommandQueueReportHandler] WARN  events.EventQueue (EventQueue.java:fireEvent(216)) - No event handler registered for event TypedEvent{payloadType=DatanodeDetails, name='Datanode_Command_Queue_Updated'}
2022-12-15 22:22:14,677 [Command processor thread] INFO  server.RaftServer (RaftServerProxy.java:remove(107)) - 8742ce53-ec43-4b5d-92fb-ca295b19fdac: remove  FOLLOWER 8742ce53-ec43-4b5d-92fb-ca295b19fdac@group-5AB91DFA3848:t2, leader=e0198350-5a80-4cc9-b4d4-fe7f34161fcd, voted=e0198350-5a80-4cc9-b4d4-fe7f34161fcd, raftlog=Memoized:8742ce53-ec43-4b5d-92fb-ca295b19fdac@group-5AB91DFA3848-SegmentedRaftLog:OPENED:c78, conf=0: peers:[e0198350-5a80-4cc9-b4d4-fe7f34161fcd|rpc:10.1.0.13:33167|dataStream:|priority:1|startupRole:FOLLOWER, 8742ce53-ec43-4b5d-92fb-ca295b19fdac|rpc:10.1.0.13:44977|dataStream:|priority:0|startupRole:FOLLOWER, 1e86e54b-7ea4-4ffe-a764-33ccb592660f|rpc:10.1.0.13:45413|dataStream:|priority:0|startupRole:FOLLOWER]|listeners:[], old=null RUNNING
2022-12-15 22:22:14,679 [Command processor thread] INFO  server.RaftServer$Division (RaftServerImpl.java:lambda$close$4(458)) - 8742ce53-ec43-4b5d-92fb-ca295b19fdac@group-5AB91DFA3848: shutdown
2022-12-15 22:22:14,679 [Command processor thread] INFO  util.JmxRegister (JmxRegister.java:unregister(73)) - Successfully un-registered JMX Bean with object name Ratis:service=RaftServer,group=group-5AB91DFA3848,id=8742ce53-ec43-4b5d-92fb-ca295b19fdac
2022-12-15 22:22:14,679 [Command processor thread] INFO  impl.RoleInfo (RoleInfo.java:shutdownFollowerState(110)) - 8742ce53-ec43-4b5d-92fb-ca295b19fdac: shutdown 8742ce53-ec43-4b5d-92fb-ca295b19fdac@group-5AB91DFA3848-FollowerState
2022-12-15 22:22:14,679 [Command processor thread] INFO  impl.StateMachineUpdater (StateMachineUpdater.java:stopAndJoin(153)) - 8742ce53-ec43-4b5d-92fb-ca295b19fdac@group-5AB91DFA3848-StateMachineUpdater: set stopIndex = 78
2022-12-15 22:22:14,679 [8742ce53-ec43-4b5d-92fb-ca295b19fdac@group-5AB91DFA3848-FollowerState] INFO  impl.FollowerState (FollowerState.java:run(152)) - 8742ce53-ec43-4b5d-92fb-ca295b19fdac@group-5AB91DFA3848-FollowerState was interrupted
2022-12-15 22:22:14,680 [8742ce53-ec43-4b5d-92fb-ca295b19fdac@group-5AB91DFA3848-StateMachineUpdater] INFO  ratis.ContainerStateMachine (ContainerStateMachine.java:takeSnapshot(304)) - group-5AB91DFA3848: Taking a snapshot at:(t:2, i:78) file /home/runner/work/ozone/ozone/hadoop-ozone/integration-test/target/test-dir/MiniOzoneClusterImpl-67032562-5e12-4c4f-a5ab-79ddd1e2132c/datanode-2/data/ratis/4bb29f98-1168-434f-a1c3-5ab91dfa3848/sm/snapshot.2_78
2022-12-15 22:22:14,710 [EventQueue-CommandQueueReportForCommandQueueReportHandler] WARN  events.EventQueue (EventQueue.java:fireEvent(216)) - No event handler registered for event TypedEvent{payloadType=DatanodeDetails, name='Datanode_Command_Queue_Updated'}
2022-12-15 22:22:14,713 [EventQueue-CommandQueueReportForCommandQueueReportHandler] WARN  events.EventQueue (EventQueue.java:fireEvent(216)) - No event handler registered for event TypedEvent{payloadType=DatanodeDetails, name='Datanode_Command_Queue_Updated'}
2022-12-15 22:22:14,714 [Command processor thread] INFO  keyvalue.KeyValueContainer (KeyValueContainer.java:flushAndSyncDB(437)) - Container 6 is synced with bcsId 0.
2022-12-15 22:22:14,717 [Command processor thread] INFO  keyvalue.KeyValueContainer (KeyValueContainer.java:flushAndSyncDB(437)) - Container 6 is synced with bcsId 0.
2022-12-15 22:22:14,722 [Command processor thread] INFO  keyvalue.KeyValueContainer (KeyValueContainer.java:close(352)) - Container 6 is closed with bcsId 0.
2022-12-15 22:22:14,724 [EventQueue-CommandQueueReportForCommandQueueReportHandler] WARN  events.EventQueue (EventQueue.java:fireEvent(216)) - No event handler registered for event TypedEvent{payloadType=DatanodeDetails, name='Datanode_Command_Queue_Updated'}
2022-12-15 22:22:14,730 [EventQueue-CommandQueueReportForCommandQueueReportHandler] WARN  events.EventQueue (EventQueue.java:fireEvent(216)) - No event handler registered for event TypedEvent{payloadType=DatanodeDetails, name='Datanode_Command_Queue_Updated'}
2022-12-15 22:22:14,730 [Command processor thread] INFO  keyvalue.KeyValueContainer (KeyValueContainer.java:flushAndSyncDB(437)) - Container 7 is synced with bcsId 0.
2022-12-15 22:22:14,730 [Command processor thread] INFO  keyvalue.KeyValueContainer (KeyValueContainer.java:flushAndSyncDB(437)) - Container 7 is synced with bcsId 0.
2022-12-15 22:22:14,733 [Command processor thread] INFO  keyvalue.KeyValueContainer (KeyValueContainer.java:close(352)) - Container 7 is closed with bcsId 0.
2022-12-15 22:22:14,735 [FixedThreadPoolWithAffinityExecutor-9-0] INFO  container.IncrementalContainerReportHandler (AbstractContainerReportHandler.java:updateContainerState(292)) - Moving container #7 to CLOSED state, datanode 30cdbfed-5eb6-4d94-b03b-823178923405{ip: 10.1.0.13, host: fv-az83-67.pawgbth4qraerhbqawdeo1jfng.dx.internal.cloudapp.net, ports: [REPLICATION=35121, RATIS=40489, RATIS_ADMIN=40489, RATIS_SERVER=40489, STANDALONE=36205], networkLocation: /default-rack, certSerialId: null, persistedOpState: IN_SERVICE, persistedOpStateExpiryEpochSec: 0} reported CLOSED replica.
2022-12-15 22:22:14,735 [EventQueue-CommandQueueReportForCommandQueueReportHandler] WARN  events.EventQueue (EventQueue.java:fireEvent(216)) - No event handler registered for event TypedEvent{payloadType=DatanodeDetails, name='Datanode_Command_Queue_Updated'}
2022-12-15 22:22:14,744 [Command processor thread] INFO  keyvalue.KeyValueContainer (KeyValueContainer.java:flushAndSyncDB(437)) - Container 4 is synced with bcsId 0.
2022-12-15 22:22:14,744 [Command processor thread] INFO  keyvalue.KeyValueContainer (KeyValueContainer.java:flushAndSyncDB(437)) - Container 4 is synced with bcsId 0.
2022-12-15 22:22:14,747 [EventQueue-CommandQueueReportForCommandQueueReportHandler] WARN  events.EventQueue (EventQueue.java:fireEvent(216)) - No event handler registered for event TypedEvent{payloadType=DatanodeDetails, name='Datanode_Command_Queue_Updated'}
2022-12-15 22:22:14,748 [Command processor thread] INFO  keyvalue.KeyValueContainer (KeyValueContainer.java:close(352)) - Container 4 is closed with bcsId 0.
2022-12-15 22:22:14,750 [FixedThreadPoolWithAffinityExecutor-9-0] INFO  container.IncrementalContainerReportHandler (AbstractContainerReportHandler.java:updateContainerState(292)) - Moving container #4 to CLOSED state, datanode 30cdbfed-5eb6-4d94-b03b-823178923405{ip: 10.1.0.13, host: fv-az83-67.pawgbth4qraerhbqawdeo1jfng.dx.internal.cloudapp.net, ports: [REPLICATION=35121, RATIS=40489, RATIS_ADMIN=40489, RATIS_SERVER=40489, STANDALONE=36205], networkLocation: /default-rack, certSerialId: null, persistedOpState: IN_SERVICE, persistedOpStateExpiryEpochSec: 0} reported CLOSED replica.
2022-12-15 22:22:14,750 [EventQueue-CommandQueueReportForCommandQueueReportHandler] WARN  events.EventQueue (EventQueue.java:fireEvent(216)) - No event handler registered for event TypedEvent{payloadType=DatanodeDetails, name='Datanode_Command_Queue_Updated'}
2022-12-15 22:22:14,757 [Listener at 127.0.0.1/41387] INFO  ozone.MiniOzoneClusterImpl (MiniOzoneClusterImpl.java:lambda$waitForClusterToBeReady$0(216)) - Waiting for nodes to be ready. Got 2 of 7 DN Heartbeats.
2022-12-15 22:22:14,758 [Listener at 127.0.0.1/41387] INFO  ozone.MiniOzoneClusterImpl (MiniOzoneClusterImpl.java:lambda$waitForClusterToBeReady$0(219)) - Waiting for cluster to exit safe mode
2022-12-15 22:22:14,758 [Listener at 127.0.0.1/41387] INFO  ozone.MiniOzoneClusterImpl (MiniOzoneClusterImpl.java:lambda$waitForClusterToBeReady$0(221)) - SCM became leader
2022-12-15 22:22:14,768 [8742ce53-ec43-4b5d-92fb-ca295b19fdac@group-5AB91DFA3848-StateMachineUpdater] INFO  ratis.ContainerStateMachine (ContainerStateMachine.java:takeSnapshot(315)) - group-5AB91DFA3848: Finished taking a snapshot at:(t:2, i:78) file:/home/runner/work/ozone/ozone/hadoop-ozone/integration-test/target/test-dir/MiniOzoneClusterImpl-67032562-5e12-4c4f-a5ab-79ddd1e2132c/datanode-2/data/ratis/4bb29f98-1168-434f-a1c3-5ab91dfa3848/sm/snapshot.2_78 took: 88 ms
2022-12-15 22:22:14,770 [8742ce53-ec43-4b5d-92fb-ca295b19fdac@group-5AB91DFA3848-StateMachineUpdater] INFO  impl.StateMachineUpdater (StateMachineUpdater.java:takeSnapshot(287)) - 8742ce53-ec43-4b5d-92fb-ca295b19fdac@group-5AB91DFA3848-StateMachineUpdater: Took a snapshot at index 78
2022-12-15 22:22:14,773 [8742ce53-ec43-4b5d-92fb-ca295b19fdac@group-5AB91DFA3848-StateMachineUpdater] INFO  impl.StateMachineUpdater (StateMachineUpdater.java:lambda$new$0(92)) - 8742ce53-ec43-4b5d-92fb-ca295b19fdac@group-5AB91DFA3848-StateMachineUpdater: snapshotIndex: updateIncreasingly -1 -> 78
2022-12-15 22:22:14,786 [Command processor thread] INFO  server.RaftServer$Division (ServerState.java:close(466)) - 8742ce53-ec43-4b5d-92fb-ca295b19fdac@group-5AB91DFA3848: closes. applyIndex: 78
2022-12-15 22:22:14,788 [8742ce53-ec43-4b5d-92fb-ca295b19fdac@group-5AB91DFA3848-SegmentedRaftLogWorker] INFO  segmented.SegmentedRaftLogWorker (SegmentedRaftLogWorker.java:run(347)) - 8742ce53-ec43-4b5d-92fb-ca295b19fdac@group-5AB91DFA3848-SegmentedRaftLogWorker was interrupted, exiting. There are 0 tasks remaining in the queue.
2022-12-15 22:22:14,788 [Command processor thread] INFO  segmented.SegmentedRaftLogWorker (SegmentedRaftLogWorker.java:close(257)) - 8742ce53-ec43-4b5d-92fb-ca295b19fdac@group-5AB91DFA3848-SegmentedRaftLogWorker close()
2022-12-15 22:22:14,796 [Command processor thread] INFO  keyvalue.KeyValueContainer (KeyValueContainer.java:flushAndSyncDB(437)) - Container 1 is synced with bcsId 72.
2022-12-15 22:22:14,796 [Command processor thread] INFO  keyvalue.KeyValueContainer (KeyValueContainer.java:flushAndSyncDB(437)) - Container 1 is synced with bcsId 72.
2022-12-15 22:22:14,797 [EventQueue-CommandQueueReportForCommandQueueReportHandler] WARN  events.EventQueue (EventQueue.java:fireEvent(216)) - No event handler registered for event TypedEvent{payloadType=DatanodeDetails, name='Datanode_Command_Queue_Updated'}
2022-12-15 22:22:14,800 [Command processor thread] INFO  keyvalue.KeyValueContainer (KeyValueContainer.java:flushAndSyncDB(437)) - Container 2 is synced with bcsId 76.
2022-12-15 22:22:14,800 [Command processor thread] INFO  keyvalue.KeyValueContainer (KeyValueContainer.java:flushAndSyncDB(437)) - Container 2 is synced with bcsId 76.
2022-12-15 22:22:14,801 [FixedThreadPoolWithAffinityExecutor-9-0] INFO  container.IncrementalContainerReportHandler (AbstractContainerReportHandler.java:updateContainerState(285)) - Moving container #1 to QUASI_CLOSED state, datanode 8742ce53-ec43-4b5d-92fb-ca295b19fdac{ip: 10.1.0.13, host: fv-az83-67.pawgbth4qraerhbqawdeo1jfng.dx.internal.cloudapp.net, ports: [REPLICATION=42995, RATIS=44977, RATIS_ADMIN=44977, RATIS_SERVER=44977, STANDALONE=39581], networkLocation: /default-rack, certSerialId: null, persistedOpState: IN_SERVICE, persistedOpStateExpiryEpochSec: 0} reported QUASI_CLOSED replica.
2022-12-15 22:22:14,802 [EventQueue-CommandQueueReportForCommandQueueReportHandler] WARN  events.EventQueue (EventQueue.java:fireEvent(216)) - No event handler registered for event TypedEvent{payloadType=DatanodeDetails, name='Datanode_Command_Queue_Updated'}
2022-12-15 22:22:14,811 [Command processor thread] INFO  keyvalue.KeyValueContainer (KeyValueContainer.java:flushAndSyncDB(437)) - Container 3 is synced with bcsId 68.
2022-12-15 22:22:14,811 [Command processor thread] INFO  keyvalue.KeyValueContainer (KeyValueContainer.java:flushAndSyncDB(437)) - Container 3 is synced with bcsId 68.
2022-12-15 22:22:14,813 [EventQueue-CommandQueueReportForCommandQueueReportHandler] WARN  events.EventQueue (EventQueue.java:fireEvent(216)) - No event handler registered for event TypedEvent{payloadType=DatanodeDetails, name='Datanode_Command_Queue_Updated'}
2022-12-15 22:22:14,813 [FixedThreadPoolWithAffinityExecutor-9-0] INFO  container.IncrementalContainerReportHandler (AbstractContainerReportHandler.java:updateContainerState(285)) - Moving container #2 to QUASI_CLOSED state, datanode 8742ce53-ec43-4b5d-92fb-ca295b19fdac{ip: 10.1.0.13, host: fv-az83-67.pawgbth4qraerhbqawdeo1jfng.dx.internal.cloudapp.net, ports: [REPLICATION=42995, RATIS=44977, RATIS_ADMIN=44977, RATIS_SERVER=44977, STANDALONE=39581], networkLocation: /default-rack, certSerialId: null, persistedOpState: IN_SERVICE, persistedOpStateExpiryEpochSec: 0} reported QUASI_CLOSED replica.
2022-12-15 22:22:14,818 [FixedThreadPoolWithAffinityExecutor-9-0] INFO  container.IncrementalContainerReportHandler (AbstractContainerReportHandler.java:updateContainerState(285)) - Moving container #3 to QUASI_CLOSED state, datanode 8742ce53-ec43-4b5d-92fb-ca295b19fdac{ip: 10.1.0.13, host: fv-az83-67.pawgbth4qraerhbqawdeo1jfng.dx.internal.cloudapp.net, ports: [REPLICATION=42995, RATIS=44977, RATIS_ADMIN=44977, RATIS_SERVER=44977, STANDALONE=39581], networkLocation: /default-rack, certSerialId: null, persistedOpState: IN_SERVICE, persistedOpStateExpiryEpochSec: 0} reported QUASI_CLOSED replica.
2022-12-15 22:22:14,818 [EventQueue-CommandQueueReportForCommandQueueReportHandler] WARN  events.EventQueue (EventQueue.java:fireEvent(216)) - No event handler registered for event TypedEvent{payloadType=DatanodeDetails, name='Datanode_Command_Queue_Updated'}
2022-12-15 22:22:14,820 [Command processor thread] INFO  server.RaftServer$Division (RaftServerImpl.java:groupRemove(428)) - 8742ce53-ec43-4b5d-92fb-ca295b19fdac@group-5AB91DFA3848: Succeed to remove RaftStorageDirectory Storage Directory /home/runner/work/ozone/ozone/hadoop-ozone/integration-test/target/test-dir/MiniOzoneClusterImpl-67032562-5e12-4c4f-a5ab-79ddd1e2132c/datanode-2/data/ratis/4bb29f98-1168-434f-a1c3-5ab91dfa3848
2022-12-15 22:22:14,820 [Command processor thread] INFO  commandhandler.ClosePipelineCommandHandler (ClosePipelineCommandHandler.java:handle(78)) - Close Pipeline PipelineID=4bb29f98-1168-434f-a1c3-5ab91dfa3848 command on datanode 8742ce53-ec43-4b5d-92fb-ca295b19fdac.
2022-12-15 22:22:14,824 [Command processor thread] INFO  keyvalue.KeyValueContainer (KeyValueContainer.java:flushAndSyncDB(437)) - Container 4 is synced with bcsId 0.
2022-12-15 22:22:14,824 [Command processor thread] INFO  keyvalue.KeyValueContainer (KeyValueContainer.java:flushAndSyncDB(437)) - Container 4 is synced with bcsId 0.
2022-12-15 22:22:14,826 [EventQueue-CommandQueueReportForCommandQueueReportHandler] WARN  events.EventQueue (EventQueue.java:fireEvent(216)) - No event handler registered for event TypedEvent{payloadType=DatanodeDetails, name='Datanode_Command_Queue_Updated'}
2022-12-15 22:22:14,832 [Command processor thread] INFO  keyvalue.KeyValueContainer (KeyValueContainer.java:close(352)) - Container 4 is closed with bcsId 0.
2022-12-15 22:22:14,834 [EventQueue-CommandQueueReportForCommandQueueReportHandler] WARN  events.EventQueue (EventQueue.java:fireEvent(216)) - No event handler registered for event TypedEvent{payloadType=DatanodeDetails, name='Datanode_Command_Queue_Updated'}
2022-12-15 22:22:14,864 [EventQueue-CommandQueueReportForCommandQueueReportHandler] WARN  events.EventQueue (EventQueue.java:fireEvent(216)) - No event handler registered for event TypedEvent{payloadType=DatanodeDetails, name='Datanode_Command_Queue_Updated'}
2022-12-15 22:22:14,864 [EventQueue-PipelineReportForPipelineReportHandler] INFO  pipeline.PipelineReportHandler (PipelineReportHandler.java:processPipelineReport(115)) - Reported pipeline PipelineID=4bb29f98-1168-434f-a1c3-5ab91dfa3848 is not found
2022-12-15 22:22:14,867 [EventQueue-CommandQueueReportForCommandQueueReportHandler] WARN  events.EventQueue (EventQueue.java:fireEvent(216)) - No event handler registered for event TypedEvent{payloadType=DatanodeDetails, name='Datanode_Command_Queue_Updated'}
2022-12-15 22:22:14,868 [Command processor thread] INFO  keyvalue.KeyValueContainer (KeyValueContainer.java:flushAndSyncDB(437)) - Container 7 is synced with bcsId 0.
2022-12-15 22:22:14,868 [Command processor thread] INFO  keyvalue.KeyValueContainer (KeyValueContainer.java:flushAndSyncDB(437)) - Container 7 is synced with bcsId 0.
2022-12-15 22:22:14,872 [Command processor thread] INFO  keyvalue.KeyValueContainer (KeyValueContainer.java:close(352)) - Container 7 is closed with bcsId 0.
2022-12-15 22:22:14,875 [EventQueue-CommandQueueReportForCommandQueueReportHandler] WARN  events.EventQueue (EventQueue.java:fireEvent(216)) - No event handler registered for event TypedEvent{payloadType=DatanodeDetails, name='Datanode_Command_Queue_Updated'}
2022-12-15 22:22:14,882 [EventQueue-CommandQueueReportForCommandQueueReportHandler] WARN  events.EventQueue (EventQueue.java:fireEvent(216)) - No event handler registered for event TypedEvent{payloadType=DatanodeDetails, name='Datanode_Command_Queue_Updated'}
2022-12-15 22:22:14,884 [EventQueue-CommandQueueReportForCommandQueueReportHandler] WARN  events.EventQueue (EventQueue.java:fireEvent(216)) - No event handler registered for event TypedEvent{payloadType=DatanodeDetails, name='Datanode_Command_Queue_Updated'}
2022-12-15 22:22:14,887 [grpc-default-executor-1] WARN  server.GrpcServerProtocolService (LogUtils.java:warn(124)) - 8742ce53-ec43-4b5d-92fb-ca295b19fdac: Failed APPEND_ENTRIES request e0198350-5a80-4cc9-b4d4-fe7f34161fcd->8742ce53-ec43-4b5d-92fb-ca295b19fdac#471-t2,previous=(t:2, i:78),leaderCommit=78,initializing? true,entries: size=1, first=(t:2, i:79), STATEMACHINELOGENTRY, 15@client-47C42FD7C684
java.util.concurrent.CompletionException: org.apache.ratis.protocol.exceptions.GroupMismatchException: 8742ce53-ec43-4b5d-92fb-ca295b19fdac: group-5AB91DFA3848 not found.
	at java.util.concurrent.CompletableFuture.encodeThrowable(CompletableFuture.java:292)
	at java.util.concurrent.CompletableFuture.uniComposeStage(CompletableFuture.java:989)
	at java.util.concurrent.CompletableFuture.thenCompose(CompletableFuture.java:2137)
	at org.apache.ratis.server.impl.RaftServerProxy.appendEntriesAsync(RaftServerProxy.java:630)
	at org.apache.ratis.grpc.server.GrpcServerProtocolService$1.process(GrpcServerProtocolService.java:205)
	at org.apache.ratis.grpc.server.GrpcServerProtocolService$1.process(GrpcServerProtocolService.java:202)
	at org.apache.ratis.grpc.server.GrpcServerProtocolService$ServerRequestStreamObserver.onNext(GrpcServerProtocolService.java:124)
	at org.apache.ratis.thirdparty.io.grpc.stub.ServerCalls$StreamingServerCallHandler$StreamingServerCallListener.onMessage(ServerCalls.java:262)
	at org.apache.ratis.thirdparty.io.grpc.ForwardingServerCallListener.onMessage(ForwardingServerCallListener.java:33)
	at org.apache.ratis.thirdparty.io.grpc.internal.ServerCallImpl$ServerStreamListenerImpl.messagesAvailableInternal(ServerCallImpl.java:332)
	at org.apache.ratis.thirdparty.io.grpc.internal.ServerCallImpl$ServerStreamListenerImpl.messagesAvailable(ServerCallImpl.java:315)
	at org.apache.ratis.thirdparty.io.grpc.internal.ServerImpl$JumpToApplicationThreadServerStreamListener$1MessagesAvailable.runInContext(ServerImpl.java:834)
	at org.apache.ratis.thirdparty.io.grpc.internal.ContextRunnable.run(ContextRunnable.java:37)
	at org.apache.ratis.thirdparty.io.grpc.internal.SerializingExecutor.run(SerializingExecutor.java:133)
	at java.util.concurrent.ThreadPoolExecutor.runWorker(ThreadPoolExecutor.java:1149)
	at java.util.concurrent.ThreadPoolExecutor$Worker.run(ThreadPoolExecutor.java:624)
	at java.lang.Thread.run(Thread.java:750)
Caused by: org.apache.ratis.protocol.exceptions.GroupMismatchException: 8742ce53-ec43-4b5d-92fb-ca295b19fdac: group-5AB91DFA3848 not found.
	at org.apache.ratis.server.impl.RaftServerProxy$ImplMap.get(RaftServerProxy.java:150)
	at org.apache.ratis.server.impl.RaftServerProxy.getImplFuture(RaftServerProxy.java:351)
	at org.apache.ratis.server.impl.RaftServerProxy.appendEntriesAsync(RaftServerProxy.java:629)
	... 13 more
2022-12-15 22:22:14,891 [ContainerOp-4bb29f98-1168-434f-a1c3-5ab91dfa3848-1] INFO  keyvalue.KeyValueContainer (KeyValueContainer.java:flushAndSyncDB(437)) - Container 1 is synced with bcsId 72.
2022-12-15 22:22:14,893 [ContainerOp-4bb29f98-1168-434f-a1c3-5ab91dfa3848-1] INFO  keyvalue.KeyValueContainer (KeyValueContainer.java:flushAndSyncDB(437)) - Container 1 is synced with bcsId 72.
2022-12-15 22:22:14,889 [EventQueue-CommandQueueReportForCommandQueueReportHandler] WARN  events.EventQueue (EventQueue.java:fireEvent(216)) - No event handler registered for event TypedEvent{payloadType=DatanodeDetails, name='Datanode_Command_Queue_Updated'}
2022-12-15 22:22:14,898 [ContainerOp-4bb29f98-1168-434f-a1c3-5ab91dfa3848-1] INFO  keyvalue.KeyValueContainer (KeyValueContainer.java:close(352)) - Container 1 is closed with bcsId 72.
2022-12-15 22:22:14,900 [ContainerOp-4bb29f98-1168-434f-a1c3-5ab91dfa3848-0] INFO  keyvalue.KeyValueContainer (KeyValueContainer.java:flushAndSyncDB(437)) - Container 1 is synced with bcsId 72.
2022-12-15 22:22:14,900 [ContainerOp-4bb29f98-1168-434f-a1c3-5ab91dfa3848-0] INFO  keyvalue.KeyValueContainer (KeyValueContainer.java:flushAndSyncDB(437)) - Container 1 is synced with bcsId 72.
2022-12-15 22:22:14,902 [EventQueue-PipelineReportForPipelineReportHandler] INFO  pipeline.PipelineReportHandler (PipelineReportHandler.java:processPipelineReport(115)) - Reported pipeline PipelineID=4bb29f98-1168-434f-a1c3-5ab91dfa3848 is not found
2022-12-15 22:22:14,902 [EventQueue-PipelineReportForPipelineReportHandler] INFO  pipeline.PipelineReportHandler (PipelineReportHandler.java:processPipelineReport(115)) - Reported pipeline PipelineID=2f56ceb8-1d04-4962-b9c6-7f8dc05f6ad4 is not found
2022-12-15 22:22:14,900 [EventQueue-CommandQueueReportForCommandQueueReportHandler] WARN  events.EventQueue (EventQueue.java:fireEvent(216)) - No event handler registered for event TypedEvent{payloadType=DatanodeDetails, name='Datanode_Command_Queue_Updated'}
2022-12-15 22:22:14,902 [EventQueue-CommandQueueReportForCommandQueueReportHandler] WARN  events.EventQueue (EventQueue.java:fireEvent(216)) - No event handler registered for event TypedEvent{payloadType=DatanodeDetails, name='Datanode_Command_Queue_Updated'}
2022-12-15 22:22:14,901 [FixedThreadPoolWithAffinityExecutor-9-0] INFO  container.IncrementalContainerReportHandler (AbstractContainerReportHandler.java:updateContainerState(318)) - Moving container #1 to CLOSED state, datanode e0198350-5a80-4cc9-b4d4-fe7f34161fcd{ip: 10.1.0.13, host: fv-az83-67.pawgbth4qraerhbqawdeo1jfng.dx.internal.cloudapp.net, ports: [REPLICATION=33725, RATIS=33167, RATIS_ADMIN=33167, RATIS_SERVER=33167, STANDALONE=40941], networkLocation: /default-rack, certSerialId: null, persistedOpState: IN_SERVICE, persistedOpStateExpiryEpochSec: 0} reported CLOSED replica.
2022-12-15 22:22:14,909 [grpc-default-executor-4] WARN  server.GrpcLogAppender (LogUtils.java:warn(124)) - e0198350-5a80-4cc9-b4d4-fe7f34161fcd@group-5AB91DFA3848->8742ce53-ec43-4b5d-92fb-ca295b19fdac-AppendLogResponseHandler: Failed appendEntries
org.apache.ratis.protocol.exceptions.GroupMismatchException: 8742ce53-ec43-4b5d-92fb-ca295b19fdac: group-5AB91DFA3848 not found.
	at org.apache.ratis.server.impl.RaftServerProxy$ImplMap.get(RaftServerProxy.java:150)
	at org.apache.ratis.server.impl.RaftServerProxy.getImplFuture(RaftServerProxy.java:351)
	at org.apache.ratis.server.impl.RaftServerProxy.appendEntriesAsync(RaftServerProxy.java:629)
	at org.apache.ratis.grpc.server.GrpcServerProtocolService$1.process(GrpcServerProtocolService.java:205)
	at org.apache.ratis.grpc.server.GrpcServerProtocolService$1.process(GrpcServerProtocolService.java:202)
	at org.apache.ratis.grpc.server.GrpcServerProtocolService$ServerRequestStreamObserver.onNext(GrpcServerProtocolService.java:124)
	at org.apache.ratis.thirdparty.io.grpc.stub.ServerCalls$StreamingServerCallHandler$StreamingServerCallListener.onMessage(ServerCalls.java:262)
	at org.apache.ratis.thirdparty.io.grpc.ForwardingServerCallListener.onMessage(ForwardingServerCallListener.java:33)
	at org.apache.ratis.thirdparty.io.grpc.internal.ServerCallImpl$ServerStreamListenerImpl.messagesAvailableInternal(ServerCallImpl.java:332)
	at org.apache.ratis.thirdparty.io.grpc.internal.ServerCallImpl$ServerStreamListenerImpl.messagesAvailable(ServerCallImpl.java:315)
	at org.apache.ratis.thirdparty.io.grpc.internal.ServerImpl$JumpToApplicationThreadServerStreamListener$1MessagesAvailable.runInContext(ServerImpl.java:834)
	at org.apache.ratis.thirdparty.io.grpc.internal.ContextRunnable.run(ContextRunnable.java:37)
	at org.apache.ratis.thirdparty.io.grpc.internal.SerializingExecutor.run(SerializingExecutor.java:133)
	at java.util.concurrent.ThreadPoolExecutor.runWorker(ThreadPoolExecutor.java:1149)
	at java.util.concurrent.ThreadPoolExecutor$Worker.run(ThreadPoolExecutor.java:624)
	at java.lang.Thread.run(Thread.java:750)
2022-12-15 22:22:14,910 [EventQueue-CommandQueueReportForCommandQueueReportHandler] WARN  events.EventQueue (EventQueue.java:fireEvent(216)) - No event handler registered for event TypedEvent{payloadType=DatanodeDetails, name='Datanode_Command_Queue_Updated'}
2022-12-15 22:22:14,913 [ContainerOp-4bb29f98-1168-434f-a1c3-5ab91dfa3848-0] INFO  keyvalue.KeyValueContainer (KeyValueContainer.java:close(352)) - Container 1 is closed with bcsId 72.
2022-12-15 22:22:14,914 [EventQueue-CommandQueueReportForCommandQueueReportHandler] WARN  events.EventQueue (EventQueue.java:fireEvent(216)) - No event handler registered for event TypedEvent{payloadType=DatanodeDetails, name='Datanode_Command_Queue_Updated'}
2022-12-15 22:22:14,920 [ContainerOp-4bb29f98-1168-434f-a1c3-5ab91dfa3848-0] INFO  keyvalue.KeyValueContainer (KeyValueContainer.java:flushAndSyncDB(437)) - Container 2 is synced with bcsId 76.
2022-12-15 22:22:14,920 [ContainerOp-4bb29f98-1168-434f-a1c3-5ab91dfa3848-0] INFO  keyvalue.KeyValueContainer (KeyValueContainer.java:flushAndSyncDB(437)) - Container 2 is synced with bcsId 76.
2022-12-15 22:22:14,923 [ContainerOp-4bb29f98-1168-434f-a1c3-5ab91dfa3848-0] INFO  keyvalue.KeyValueContainer (KeyValueContainer.java:close(352)) - Container 2 is closed with bcsId 76.
2022-12-15 22:22:14,926 [ContainerOp-4bb29f98-1168-434f-a1c3-5ab91dfa3848-1] INFO  keyvalue.KeyValueContainer (KeyValueContainer.java:flushAndSyncDB(437)) - Container 2 is synced with bcsId 76.
2022-12-15 22:22:14,926 [ContainerOp-4bb29f98-1168-434f-a1c3-5ab91dfa3848-1] INFO  keyvalue.KeyValueContainer (KeyValueContainer.java:flushAndSyncDB(437)) - Container 2 is synced with bcsId 76.
2022-12-15 22:22:14,927 [EventQueue-CommandQueueReportForCommandQueueReportHandler] WARN  events.EventQueue (EventQueue.java:fireEvent(216)) - No event handler registered for event TypedEvent{payloadType=DatanodeDetails, name='Datanode_Command_Queue_Updated'}
2022-12-15 22:22:14,929 [EventQueue-CommandQueueReportForCommandQueueReportHandler] WARN  events.EventQueue (EventQueue.java:fireEvent(216)) - No event handler registered for event TypedEvent{payloadType=DatanodeDetails, name='Datanode_Command_Queue_Updated'}
2022-12-15 22:22:14,930 [FixedThreadPoolWithAffinityExecutor-9-0] INFO  container.IncrementalContainerReportHandler (AbstractContainerReportHandler.java:updateContainerState(318)) - Moving container #2 to CLOSED state, datanode e0198350-5a80-4cc9-b4d4-fe7f34161fcd{ip: 10.1.0.13, host: fv-az83-67.pawgbth4qraerhbqawdeo1jfng.dx.internal.cloudapp.net, ports: [REPLICATION=33725, RATIS=33167, RATIS_ADMIN=33167, RATIS_SERVER=33167, STANDALONE=40941], networkLocation: /default-rack, certSerialId: null, persistedOpState: IN_SERVICE, persistedOpStateExpiryEpochSec: 0} reported CLOSED replica.
2022-12-15 22:22:14,930 [EventQueue-CommandQueueReportForCommandQueueReportHandler] WARN  events.EventQueue (EventQueue.java:fireEvent(216)) - No event handler registered for event TypedEvent{payloadType=DatanodeDetails, name='Datanode_Command_Queue_Updated'}
2022-12-15 22:22:14,932 [ContainerOp-4bb29f98-1168-434f-a1c3-5ab91dfa3848-1] INFO  keyvalue.KeyValueContainer (KeyValueContainer.java:close(352)) - Container 2 is closed with bcsId 76.
2022-12-15 22:22:14,933 [EventQueue-CommandQueueReportForCommandQueueReportHandler] WARN  events.EventQueue (EventQueue.java:fireEvent(216)) - No event handler registered for event TypedEvent{payloadType=DatanodeDetails, name='Datanode_Command_Queue_Updated'}
2022-12-15 22:22:14,936 [ContainerOp-4bb29f98-1168-434f-a1c3-5ab91dfa3848-3] INFO  keyvalue.KeyValueContainer (KeyValueContainer.java:flushAndSyncDB(437)) - Container 3 is synced with bcsId 68.
2022-12-15 22:22:14,936 [ContainerOp-4bb29f98-1168-434f-a1c3-5ab91dfa3848-3] INFO  keyvalue.KeyValueContainer (KeyValueContainer.java:flushAndSyncDB(437)) - Container 3 is synced with bcsId 68.
2022-12-15 22:22:14,940 [ContainerOp-4bb29f98-1168-434f-a1c3-5ab91dfa3848-3] INFO  keyvalue.KeyValueContainer (KeyValueContainer.java:close(352)) - Container 3 is closed with bcsId 68.
2022-12-15 22:22:14,941 [Command processor thread] INFO  server.RaftServer (RaftServerProxy.java:remove(107)) - e0198350-5a80-4cc9-b4d4-fe7f34161fcd: remove    LEADER e0198350-5a80-4cc9-b4d4-fe7f34161fcd@group-5AB91DFA3848:t2, leader=e0198350-5a80-4cc9-b4d4-fe7f34161fcd, voted=e0198350-5a80-4cc9-b4d4-fe7f34161fcd, raftlog=Memoized:e0198350-5a80-4cc9-b4d4-fe7f34161fcd@group-5AB91DFA3848-SegmentedRaftLog:OPENED:c83, conf=0: peers:[e0198350-5a80-4cc9-b4d4-fe7f34161fcd|rpc:10.1.0.13:33167|dataStream:|priority:1|startupRole:FOLLOWER, 8742ce53-ec43-4b5d-92fb-ca295b19fdac|rpc:10.1.0.13:44977|dataStream:|priority:0|startupRole:FOLLOWER, 1e86e54b-7ea4-4ffe-a764-33ccb592660f|rpc:10.1.0.13:45413|dataStream:|priority:0|startupRole:FOLLOWER]|listeners:[], old=null RUNNING
2022-12-15 22:22:14,941 [Command processor thread] INFO  server.RaftServer$Division (RaftServerImpl.java:lambda$close$4(458)) - e0198350-5a80-4cc9-b4d4-fe7f34161fcd@group-5AB91DFA3848: shutdown
2022-12-15 22:22:14,941 [Command processor thread] INFO  util.JmxRegister (JmxRegister.java:unregister(73)) - Successfully un-registered JMX Bean with object name Ratis:service=RaftServer,group=group-5AB91DFA3848,id=e0198350-5a80-4cc9-b4d4-fe7f34161fcd
2022-12-15 22:22:14,941 [Command processor thread] INFO  impl.RoleInfo (RoleInfo.java:shutdownLeaderState(93)) - e0198350-5a80-4cc9-b4d4-fe7f34161fcd: shutdown e0198350-5a80-4cc9-b4d4-fe7f34161fcd@group-5AB91DFA3848-LeaderStateImpl
2022-12-15 22:22:14,942 [Command processor thread] INFO  impl.PendingRequests (PendingRequests.java:sendNotLeaderResponses(282)) - e0198350-5a80-4cc9-b4d4-fe7f34161fcd@group-5AB91DFA3848-PendingRequests: sendNotLeaderResponses
2022-12-15 22:22:14,943 [e0198350-5a80-4cc9-b4d4-fe7f34161fcd@group-5AB91DFA3848->1e86e54b-7ea4-4ffe-a764-33ccb592660f-GrpcLogAppender-LogAppenderDaemon] WARN  server.GrpcLogAppender (GrpcLogAppender.java:mayWait(200)) - e0198350-5a80-4cc9-b4d4-fe7f34161fcd@group-5AB91DFA3848->1e86e54b-7ea4-4ffe-a764-33ccb592660f-GrpcLogAppender: Wait interrupted by java.lang.InterruptedException
2022-12-15 22:22:14,957 [FixedThreadPoolWithAffinityExecutor-9-0] INFO  container.IncrementalContainerReportHandler (AbstractContainerReportHandler.java:updateContainerState(318)) - Moving container #3 to CLOSED state, datanode e0198350-5a80-4cc9-b4d4-fe7f34161fcd{ip: 10.1.0.13, host: fv-az83-67.pawgbth4qraerhbqawdeo1jfng.dx.internal.cloudapp.net, ports: [REPLICATION=33725, RATIS=33167, RATIS_ADMIN=33167, RATIS_SERVER=33167, STANDALONE=40941], networkLocation: /default-rack, certSerialId: null, persistedOpState: IN_SERVICE, persistedOpStateExpiryEpochSec: 0} reported CLOSED replica.
2022-12-15 22:22:14,959 [EventQueue-CommandQueueReportForCommandQueueReportHandler] WARN  events.EventQueue (EventQueue.java:fireEvent(216)) - No event handler registered for event TypedEvent{payloadType=DatanodeDetails, name='Datanode_Command_Queue_Updated'}
2022-12-15 22:22:14,962 [grpc-default-executor-0] INFO  server.GrpcServerProtocolService (GrpcServerProtocolService.java:onCompleted(143)) - 1e86e54b-7ea4-4ffe-a764-33ccb592660f: Completed APPEND_ENTRIES, lastRequest: null
2022-12-15 22:22:14,962 [grpc-default-executor-2] INFO  server.GrpcServerProtocolService (GrpcServerProtocolService.java:onCompleted(143)) - 1e86e54b-7ea4-4ffe-a764-33ccb592660f: Completed APPEND_ENTRIES, lastRequest: e0198350-5a80-4cc9-b4d4-fe7f34161fcd->1e86e54b-7ea4-4ffe-a764-33ccb592660f#485-t2,previous=(t:2, i:83),leaderCommit=83,initializing? true,entries: size=1, first=(t:2, i:84), METADATAENTRY(c:83)
2022-12-15 22:22:14,966 [grpc-default-executor-5] INFO  server.GrpcLogAppender (GrpcLogAppender.java:onCompleted(415)) - e0198350-5a80-4cc9-b4d4-fe7f34161fcd@group-5AB91DFA3848->1e86e54b-7ea4-4ffe-a764-33ccb592660f-AppendLogResponseHandler: follower responses appendEntries COMPLETED
2022-12-15 22:22:14,966 [grpc-default-executor-3] INFO  server.GrpcLogAppender (GrpcLogAppender.java:onCompleted(415)) - e0198350-5a80-4cc9-b4d4-fe7f34161fcd@group-5AB91DFA3848->1e86e54b-7ea4-4ffe-a764-33ccb592660f-AppendLogResponseHandler: follower responses appendEntries COMPLETED
2022-12-15 22:22:14,968 [EndpointStateMachine task thread for /0.0.0.0:46479 - 0 ] INFO  utils.DatanodeStoreCache (DatanodeStoreCache.java:addDB(58)) - Added db /home/runner/work/ozone/ozone/hadoop-ozone/integration-test/target/test-dir/MiniOzoneClusterImpl-c952205c-0de4-41d8-8615-baf19f81c5db/datanode-4/data-0/containers/hdds/c952205c-0de4-41d8-8615-baf19f81c5db/DS-26425cad-a207-415c-a100-6403af11a67d/container.db to cache
2022-12-15 22:22:14,968 [EndpointStateMachine task thread for /0.0.0.0:46479 - 0 ] INFO  volume.HddsVolume (HddsVolume.java:createDbStore(307)) - SchemaV3 db is created and loaded at /home/runner/work/ozone/ozone/hadoop-ozone/integration-test/target/test-dir/MiniOzoneClusterImpl-c952205c-0de4-41d8-8615-baf19f81c5db/datanode-4/data-0/containers/hdds/c952205c-0de4-41d8-8615-baf19f81c5db/DS-26425cad-a207-415c-a100-6403af11a67d/container.db for volume DS-26425cad-a207-415c-a100-6403af11a67d
2022-12-15 22:22:14,969 [EndpointStateMachine task thread for /0.0.0.0:46479 - 0 ] INFO  ozoneimpl.OzoneContainer (OzoneContainer.java:start(395)) - Attempting to start container services.
2022-12-15 22:22:14,969 [EndpointStateMachine task thread for /0.0.0.0:46479 - 0 ] INFO  ozoneimpl.OzoneContainer (OzoneContainer.java:startContainerScrub(312)) - Scheduled background container scanners and the on-demand container scanner have been disabled.
2022-12-15 22:22:14,970 [grpc-default-executor-5] INFO  leader.FollowerInfo (FollowerInfoImpl.java:lambda$new$0(48)) - e0198350-5a80-4cc9-b4d4-fe7f34161fcd@group-5AB91DFA3848->1e86e54b-7ea4-4ffe-a764-33ccb592660f: nextIndex: updateUnconditionally 85 -> 84
2022-12-15 22:22:14,973 [ContainerOp-4bb29f98-1168-434f-a1c3-5ab91dfa3848-2] INFO  keyvalue.KeyValueContainer (KeyValueContainer.java:flushAndSyncDB(437)) - Container 3 is synced with bcsId 68.
2022-12-15 22:22:14,973 [ContainerOp-4bb29f98-1168-434f-a1c3-5ab91dfa3848-2] INFO  keyvalue.KeyValueContainer (KeyValueContainer.java:flushAndSyncDB(437)) - Container 3 is synced with bcsId 68.
2022-12-15 22:22:14,975 [Command processor thread] INFO  impl.StateMachineUpdater (StateMachineUpdater.java:stopAndJoin(153)) - e0198350-5a80-4cc9-b4d4-fe7f34161fcd@group-5AB91DFA3848-StateMachineUpdater: set stopIndex = 83
2022-12-15 22:22:14,977 [grpc-default-executor-3] INFO  leader.FollowerInfo (FollowerInfoImpl.java:lambda$new$0(48)) - e0198350-5a80-4cc9-b4d4-fe7f34161fcd@group-5AB91DFA3848->1e86e54b-7ea4-4ffe-a764-33ccb592660f: nextIndex: updateUnconditionally 84 -> 83
2022-12-15 22:22:14,979 [EventQueue-CommandQueueReportForCommandQueueReportHandler] WARN  events.EventQueue (EventQueue.java:fireEvent(216)) - No event handler registered for event TypedEvent{payloadType=DatanodeDetails, name='Datanode_Command_Queue_Updated'}
2022-12-15 22:22:14,976 [e0198350-5a80-4cc9-b4d4-fe7f34161fcd@group-5AB91DFA3848-StateMachineUpdater] INFO  ratis.ContainerStateMachine (ContainerStateMachine.java:takeSnapshot(304)) - group-5AB91DFA3848: Taking a snapshot at:(t:2, i:83) file /home/runner/work/ozone/ozone/hadoop-ozone/integration-test/target/test-dir/MiniOzoneClusterImpl-67032562-5e12-4c4f-a5ab-79ddd1e2132c/datanode-1/data/ratis/4bb29f98-1168-434f-a1c3-5ab91dfa3848/sm/snapshot.2_83
2022-12-15 22:22:14,984 [EndpointStateMachine task thread for /0.0.0.0:46479 - 0 ] INFO  replication.ReplicationServer (ReplicationServer.java:start(106)) - ReplicationServer is started using port 39673
2022-12-15 22:22:14,970 [grpc-default-executor-4] INFO  leader.FollowerInfo (FollowerInfoImpl.java:lambda$new$0(48)) - e0198350-5a80-4cc9-b4d4-fe7f34161fcd@group-5AB91DFA3848->8742ce53-ec43-4b5d-92fb-ca295b19fdac: nextIndex: updateUnconditionally 82 -> 79
2022-12-15 22:22:14,987 [e0198350-5a80-4cc9-b4d4-fe7f34161fcd@group-5AB91DFA3848-StateMachineUpdater] INFO  ratis.ContainerStateMachine (ContainerStateMachine.java:takeSnapshot(315)) - group-5AB91DFA3848: Finished taking a snapshot at:(t:2, i:83) file:/home/runner/work/ozone/ozone/hadoop-ozone/integration-test/target/test-dir/MiniOzoneClusterImpl-67032562-5e12-4c4f-a5ab-79ddd1e2132c/datanode-1/data/ratis/4bb29f98-1168-434f-a1c3-5ab91dfa3848/sm/snapshot.2_83 took: 11 ms
2022-12-15 22:22:14,987 [e0198350-5a80-4cc9-b4d4-fe7f34161fcd@group-5AB91DFA3848-StateMachineUpdater] INFO  impl.StateMachineUpdater (StateMachineUpdater.java:takeSnapshot(287)) - e0198350-5a80-4cc9-b4d4-fe7f34161fcd@group-5AB91DFA3848-StateMachineUpdater: Took a snapshot at index 83
2022-12-15 22:22:14,987 [e0198350-5a80-4cc9-b4d4-fe7f34161fcd@group-5AB91DFA3848-StateMachineUpdater] INFO  impl.StateMachineUpdater (StateMachineUpdater.java:lambda$new$0(92)) - e0198350-5a80-4cc9-b4d4-fe7f34161fcd@group-5AB91DFA3848-StateMachineUpdater: snapshotIndex: updateIncreasingly -1 -> 83
2022-12-15 22:22:14,988 [Command processor thread] INFO  server.RaftServer$Division (ServerState.java:close(466)) - e0198350-5a80-4cc9-b4d4-fe7f34161fcd@group-5AB91DFA3848: closes. applyIndex: 83
2022-12-15 22:22:14,988 [e0198350-5a80-4cc9-b4d4-fe7f34161fcd@group-5AB91DFA3848-SegmentedRaftLogWorker] INFO  segmented.SegmentedRaftLogWorker (SegmentedRaftLogWorker.java:run(347)) - e0198350-5a80-4cc9-b4d4-fe7f34161fcd@group-5AB91DFA3848-SegmentedRaftLogWorker was interrupted, exiting. There are 0 tasks remaining in the queue.
2022-12-15 22:22:14,988 [Command processor thread] INFO  segmented.SegmentedRaftLogWorker (SegmentedRaftLogWorker.java:close(257)) - e0198350-5a80-4cc9-b4d4-fe7f34161fcd@group-5AB91DFA3848-SegmentedRaftLogWorker close()
2022-12-15 22:22:14,988 [EndpointStateMachine task thread for /0.0.0.0:46479 - 0 ] INFO  ratis.XceiverServerRatis (XceiverServerRatis.java:start(481)) - Starting XceiverServerRatis 4333d9a6-5ac6-4e80-8f1b-d7ab3137d893
2022-12-15 22:22:14,993 [Command processor thread] INFO  server.RaftServer$Division (RaftServerImpl.java:groupRemove(428)) - e0198350-5a80-4cc9-b4d4-fe7f34161fcd@group-5AB91DFA3848: Succeed to remove RaftStorageDirectory Storage Directory /home/runner/work/ozone/ozone/hadoop-ozone/integration-test/target/test-dir/MiniOzoneClusterImpl-67032562-5e12-4c4f-a5ab-79ddd1e2132c/datanode-1/data/ratis/4bb29f98-1168-434f-a1c3-5ab91dfa3848
2022-12-15 22:22:14,993 [ContainerOp-4bb29f98-1168-434f-a1c3-5ab91dfa3848-2] INFO  keyvalue.KeyValueContainer (KeyValueContainer.java:close(352)) - Container 3 is closed with bcsId 68.
2022-12-15 22:22:14,991 [e0198350-5a80-4cc9-b4d4-fe7f34161fcd@group-5AB91DFA3848->8742ce53-ec43-4b5d-92fb-ca295b19fdac-GrpcLogAppender-LogAppenderDaemon] ERROR leader.LogAppenderDaemon (LogAppenderDaemon.java:run(87)) - e0198350-5a80-4cc9-b4d4-fe7f34161fcd@group-5AB91DFA3848->8742ce53-ec43-4b5d-92fb-ca295b19fdac-GrpcLogAppender-LogAppenderDaemon failed
java.lang.IllegalArgumentException: e0198350-5a80-4cc9-b4d4-fe7f34161fcd@group-5AB91DFA3848-SegmentedRaftLog is expected to be opened but it is CLOSED
	at org.apache.ratis.util.OpenCloseState.assertOpen(OpenCloseState.java:63)
	at org.apache.ratis.server.raftlog.RaftLogBase.checkLogState(RaftLogBase.java:111)
	at org.apache.ratis.server.raftlog.segmented.SegmentedRaftLog.getTermIndex(SegmentedRaftLog.java:323)
	at org.apache.ratis.server.leader.LogAppenderBase.getPrevious(LogAppenderBase.java:148)
	at org.apache.ratis.server.leader.LogAppenderBase.newAppendEntriesRequest(LogAppenderBase.java:168)
	at org.apache.ratis.grpc.server.GrpcLogAppender.appendLog(GrpcLogAppender.java:271)
	at org.apache.ratis.grpc.server.GrpcLogAppender.run(GrpcLogAppender.java:168)
	at org.apache.ratis.server.leader.LogAppenderDaemon.run(LogAppenderDaemon.java:78)
	at java.lang.Thread.run(Thread.java:750)
Caused by: org.apache.ratis.util.OpenCloseState$CloseTrace: Close e0198350-5a80-4cc9-b4d4-fe7f34161fcd@group-5AB91DFA3848-SegmentedRaftLog
	at org.apache.ratis.util.OpenCloseState.lambda$close$1(OpenCloseState.java:109)
	at java.util.concurrent.atomic.AtomicReference.getAndUpdate(AtomicReference.java:160)
	at org.apache.ratis.util.OpenCloseState.close(OpenCloseState.java:109)
	at org.apache.ratis.server.raftlog.RaftLogBase.close(RaftLogBase.java:365)
	at org.apache.ratis.server.raftlog.segmented.SegmentedRaftLog.close(SegmentedRaftLog.java:506)
	at org.apache.ratis.server.impl.ServerState.close(ServerState.java:468)
	at org.apache.ratis.server.impl.RaftServerImpl.lambda$close$4(RaftServerImpl.java:480)
	at org.apache.ratis.util.LifeCycle.lambda$checkStateAndClose$4(LifeCycle.java:299)
	at org.apache.ratis.util.LifeCycle.checkStateAndClose(LifeCycle.java:319)
	at org.apache.ratis.util.LifeCycle.checkStateAndClose(LifeCycle.java:297)
	at org.apache.ratis.server.impl.RaftServerImpl.close(RaftServerImpl.java:457)
	at org.apache.ratis.server.impl.RaftServerImpl.groupRemove(RaftServerImpl.java:422)
	at org.apache.ratis.server.impl.RaftServerProxy.lambda$groupRemoveAsync$12(RaftServerProxy.java:530)
	at java.util.concurrent.CompletableFuture.uniApply(CompletableFuture.java:616)
	at java.util.concurrent.CompletableFuture.uniApplyStage(CompletableFuture.java:628)
	at java.util.concurrent.CompletableFuture.thenApply(CompletableFuture.java:1996)
	at org.apache.ratis.server.impl.RaftServerProxy.groupRemoveAsync(RaftServerProxy.java:529)
	at org.apache.ratis.server.impl.RaftServerProxy.groupManagementAsync(RaftServerProxy.java:479)
	at org.apache.ratis.server.impl.RaftServerProxy.groupManagement(RaftServerProxy.java:459)
	at org.apache.hadoop.ozone.container.common.transport.server.ratis.XceiverServerRatis.removeGroup(XceiverServerRatis.java:781)
	at org.apache.hadoop.ozone.container.common.statemachine.commandhandler.ClosePipelineCommandHandler.handle(ClosePipelineCommandHandler.java:77)
	at org.apache.hadoop.ozone.container.common.statemachine.commandhandler.CommandDispatcher.handle(CommandDispatcher.java:99)
	at org.apache.hadoop.ozone.container.common.statemachine.DatanodeStateMachine.lambda$initCommandHandlerThread$3(DatanodeStateMachine.java:638)
	... 1 more
2022-12-15 22:22:15,001 [EndpointStateMachine task thread for /0.0.0.0:46479 - 0 ] INFO  server.RaftServer (RaftServerProxy.java:startImpl(393)) - 4333d9a6-5ac6-4e80-8f1b-d7ab3137d893: start RPC server
2022-12-15 22:22:14,994 [Command processor thread] INFO  commandhandler.ClosePipelineCommandHandler (ClosePipelineCommandHandler.java:handle(78)) - Close Pipeline PipelineID=4bb29f98-1168-434f-a1c3-5ab91dfa3848 command on datanode e0198350-5a80-4cc9-b4d4-fe7f34161fcd.
2022-12-15 22:22:15,005 [EventQueue-CommandQueueReportForCommandQueueReportHandler] WARN  events.EventQueue (EventQueue.java:fireEvent(216)) - No event handler registered for event TypedEvent{payloadType=DatanodeDetails, name='Datanode_Command_Queue_Updated'}
2022-12-15 22:22:15,007 [IPC Server handler 3 on default port 46479] INFO  net.NetworkTopologyImpl (NetworkTopologyImpl.java:add(112)) - Added a new node: /default-rack/a42aff4d-9d7b-4010-992a-35ce3c1e1689
2022-12-15 22:22:15,007 [IPC Server handler 3 on default port 46479] INFO  node.SCMNodeManager (SCMNodeManager.java:register(397)) - Registered Data node : a42aff4d-9d7b-4010-992a-35ce3c1e1689{ip: 10.1.0.13, host: fv-az83-67.pawgbth4qraerhbqawdeo1jfng.dx.internal.cloudapp.net, ports: [REPLICATION=39855, RATIS=44723, RATIS_ADMIN=44723, RATIS_SERVER=44723, STANDALONE=40139], networkLocation: /default-rack, certSerialId: null, persistedOpState: null, persistedOpStateExpiryEpochSec: 0}
2022-12-15 22:22:15,007 [EventQueue-NewNodeForNewNodeHandler] INFO  pipeline.BackgroundPipelineCreator (BackgroundPipelineCreator.java:notifyEventTriggered(276)) - trigger a one-shot run on RatisPipelineUtilsThread.
2022-12-15 22:22:15,007 [RatisPipelineUtilsThread - 0] INFO  pipeline.RatisPipelineProvider (RatisPipelineProvider.java:lambda$create$0(206)) - Sending CreatePipelineCommand for pipeline:PipelineID=7fb75249-4bd2-47f0-b4e4-5cb1d83cc72a to datanode:a42aff4d-9d7b-4010-992a-35ce3c1e1689
2022-12-15 22:22:15,008 [RatisPipelineUtilsThread - 0] INFO  pipeline.PipelineStateManagerImpl (PipelineStateManagerImpl.java:addPipeline(103)) - Created pipeline Pipeline[ Id: 7fb75249-4bd2-47f0-b4e4-5cb1d83cc72a, Nodes: a42aff4d-9d7b-4010-992a-35ce3c1e1689{ip: 10.1.0.13, host: fv-az83-67.pawgbth4qraerhbqawdeo1jfng.dx.internal.cloudapp.net, ports: [REPLICATION=39855, RATIS=44723, RATIS_ADMIN=44723, RATIS_SERVER=44723, STANDALONE=40139], networkLocation: /default-rack, certSerialId: null, persistedOpState: IN_SERVICE, persistedOpStateExpiryEpochSec: 0}, ReplicationConfig: RATIS/ONE, State:ALLOCATED, leaderId:, CreationTimestamp2022-12-15T22:22:15.007Z[Etc/UTC]].
2022-12-15 22:22:15,015 [EndpointStateMachine task thread for /0.0.0.0:46479 - 0 ] INFO  server.GrpcService (GrpcService.java:startImpl(262)) - 4333d9a6-5ac6-4e80-8f1b-d7ab3137d893: GrpcService started, listening on 38707
2022-12-15 22:22:15,016 [EventQueue-NodeRegistrationContainerReportForDataNodeSafeModeRule] INFO  safemode.SCMSafeModeManager (DataNodeSafeModeRule.java:process(71)) - SCM in safe mode. 3 DataNodes registered, 3 required.
2022-12-15 22:22:15,016 [EventQueue-NodeRegistrationContainerReportForDataNodeSafeModeRule] INFO  safemode.SCMSafeModeManager (SCMSafeModeManager.java:validateSafeModeExitRules(200)) - DataNodeSafeModeRule rule is successfully validated
2022-12-15 22:22:15,016 [EventQueue-NodeRegistrationContainerReportForDataNodeSafeModeRule] INFO  safemode.SCMSafeModeManager (SCMSafeModeManager.java:completePreCheck(229)) - All SCM safe mode pre check rules have passed
2022-12-15 22:22:15,016 [EventQueue-NodeRegistrationContainerReportForDataNodeSafeModeRule] INFO  ha.SCMContext (SCMContext.java:updateSafeModeStatus(228)) - Update SafeModeStatus from SafeModeStatus{safeModeStatus=true, preCheckPassed=false} to SafeModeStatus{safeModeStatus=true, preCheckPassed=true}.
2022-12-15 22:22:15,016 [EventQueue-NodeRegistrationContainerReportForDataNodeSafeModeRule] INFO  pipeline.BackgroundPipelineCreator (BackgroundPipelineCreator.java:notifyEventTriggered(276)) - trigger a one-shot run on RatisPipelineUtilsThread.
2022-12-15 22:22:15,017 [RatisPipelineUtilsThread - 0] INFO  pipeline.RatisPipelineProvider (RatisPipelineProvider.java:lambda$create$0(206)) - Sending CreatePipelineCommand for pipeline:PipelineID=b4c892e0-acf1-4f84-9870-85e5e1c09a56 to datanode:a42aff4d-9d7b-4010-992a-35ce3c1e1689
2022-12-15 22:22:15,017 [RatisPipelineUtilsThread - 0] INFO  pipeline.RatisPipelineProvider (RatisPipelineProvider.java:lambda$create$0(206)) - Sending CreatePipelineCommand for pipeline:PipelineID=b4c892e0-acf1-4f84-9870-85e5e1c09a56 to datanode:51274d7d-d5a1-4c32-9641-f14f0b9efaa9
2022-12-15 22:22:15,017 [RatisPipelineUtilsThread - 0] INFO  pipeline.RatisPipelineProvider (RatisPipelineProvider.java:lambda$create$0(206)) - Sending CreatePipelineCommand for pipeline:PipelineID=b4c892e0-acf1-4f84-9870-85e5e1c09a56 to datanode:5c5af87b-4e3e-41fb-877c-ea0d3e3ca2da
2022-12-15 22:22:15,018 [RatisPipelineUtilsThread - 0] INFO  pipeline.PipelineStateManagerImpl (PipelineStateManagerImpl.java:addPipeline(103)) - Created pipeline Pipeline[ Id: b4c892e0-acf1-4f84-9870-85e5e1c09a56, Nodes: a42aff4d-9d7b-4010-992a-35ce3c1e1689{ip: 10.1.0.13, host: fv-az83-67.pawgbth4qraerhbqawdeo1jfng.dx.internal.cloudapp.net, ports: [REPLICATION=39855, RATIS=44723, RATIS_ADMIN=44723, RATIS_SERVER=44723, STANDALONE=40139], networkLocation: /default-rack, certSerialId: null, persistedOpState: IN_SERVICE, persistedOpStateExpiryEpochSec: 0}51274d7d-d5a1-4c32-9641-f14f0b9efaa9{ip: 10.1.0.13, host: fv-az83-67.pawgbth4qraerhbqawdeo1jfng.dx.internal.cloudapp.net, ports: [REPLICATION=33207, RATIS=34457, RATIS_ADMIN=34457, RATIS_SERVER=34457, STANDALONE=45609], networkLocation: /default-rack, certSerialId: null, persistedOpState: IN_SERVICE, persistedOpStateExpiryEpochSec: 0}5c5af87b-4e3e-41fb-877c-ea0d3e3ca2da{ip: 10.1.0.13, host: fv-az83-67.pawgbth4qraerhbqawdeo1jfng.dx.internal.cloudapp.net, ports: [REPLICATION=40163, RATIS=45309, RATIS_ADMIN=45309, RATIS_SERVER=45309, STANDALONE=43101], networkLocation: /default-rack, certSerialId: null, persistedOpState: IN_SERVICE, persistedOpStateExpiryEpochSec: 0}, ReplicationConfig: RATIS/THREE, State:ALLOCATED, leaderId:, CreationTimestamp2022-12-15T22:22:15.017Z[Etc/UTC]].
2022-12-15 22:22:15,018 [RatisPipelineUtilsThread - 0] WARN  pipeline.PipelinePlacementPolicy (PipelinePlacementPolicy.java:filterViableNodes(158)) - Pipeline creation failed due to no sufficient healthy datanodes. Required 3. Found 0.
2022-12-15 22:22:15,019 [EndpointStateMachine task thread for /0.0.0.0:46479 - 0 ] INFO  ratis.XceiverServerRatis (XceiverServerRatis.java:getRealPort(502)) - XceiverServerRatis 4333d9a6-5ac6-4e80-8f1b-d7ab3137d893 is started using port 38707 for RATIS
2022-12-15 22:22:15,019 [JvmPauseMonitor13] INFO  util.JvmPauseMonitor (JvmPauseMonitor.java:run(105)) - JvmPauseMonitor-4333d9a6-5ac6-4e80-8f1b-d7ab3137d893: Started
2022-12-15 22:22:15,019 [Command processor thread] INFO  keyvalue.KeyValueContainer (KeyValueContainer.java:flushAndSyncDB(437)) - Container 8 is synced with bcsId 0.
2022-12-15 22:22:15,020 [Command processor thread] INFO  keyvalue.KeyValueContainer (KeyValueContainer.java:flushAndSyncDB(437)) - Container 8 is synced with bcsId 0.
2022-12-15 22:22:15,019 [EndpointStateMachine task thread for /0.0.0.0:46479 - 0 ] INFO  ratis.XceiverServerRatis (XceiverServerRatis.java:getRealPort(502)) - XceiverServerRatis 4333d9a6-5ac6-4e80-8f1b-d7ab3137d893 is started using port 38707 for RATIS_ADMIN
2022-12-15 22:22:15,020 [EndpointStateMachine task thread for /0.0.0.0:46479 - 0 ] INFO  ratis.XceiverServerRatis (XceiverServerRatis.java:getRealPort(502)) - XceiverServerRatis 4333d9a6-5ac6-4e80-8f1b-d7ab3137d893 is started using port 38707 for RATIS_SERVER
2022-12-15 22:22:15,022 [EventQueue-CommandQueueReportForCommandQueueReportHandler] WARN  events.EventQueue (EventQueue.java:fireEvent(216)) - No event handler registered for event TypedEvent{payloadType=DatanodeDetails, name='Datanode_Command_Queue_Updated'}
2022-12-15 22:22:15,022 [Command processor thread] INFO  keyvalue.KeyValueContainer (KeyValueContainer.java:close(352)) - Container 8 is closed with bcsId 0.
2022-12-15 22:22:15,025 [FixedThreadPoolWithAffinityExecutor-9-0] INFO  container.IncrementalContainerReportHandler (AbstractContainerReportHandler.java:updateContainerState(292)) - Moving container #8 to CLOSED state, datanode e0198350-5a80-4cc9-b4d4-fe7f34161fcd{ip: 10.1.0.13, host: fv-az83-67.pawgbth4qraerhbqawdeo1jfng.dx.internal.cloudapp.net, ports: [REPLICATION=33725, RATIS=33167, RATIS_ADMIN=33167, RATIS_SERVER=33167, STANDALONE=40941], networkLocation: /default-rack, certSerialId: null, persistedOpState: IN_SERVICE, persistedOpStateExpiryEpochSec: 0} reported CLOSED replica.
2022-12-15 22:22:15,026 [EventQueue-CommandQueueReportForCommandQueueReportHandler] WARN  events.EventQueue (EventQueue.java:fireEvent(216)) - No event handler registered for event TypedEvent{payloadType=DatanodeDetails, name='Datanode_Command_Queue_Updated'}
2022-12-15 22:22:15,026 [Command processor thread] INFO  keyvalue.KeyValueContainer (KeyValueContainer.java:flushAndSyncDB(437)) - Container 4 is synced with bcsId 0.
2022-12-15 22:22:15,026 [Command processor thread] INFO  keyvalue.KeyValueContainer (KeyValueContainer.java:flushAndSyncDB(437)) - Container 4 is synced with bcsId 0.
2022-12-15 22:22:15,028 [EventQueue-CommandQueueReportForCommandQueueReportHandler] WARN  events.EventQueue (EventQueue.java:fireEvent(216)) - No event handler registered for event TypedEvent{payloadType=DatanodeDetails, name='Datanode_Command_Queue_Updated'}
2022-12-15 22:22:15,029 [Command processor thread] INFO  keyvalue.KeyValueContainer (KeyValueContainer.java:close(352)) - Container 4 is closed with bcsId 0.
2022-12-15 22:22:15,030 [EventQueue-CommandQueueReportForCommandQueueReportHandler] WARN  events.EventQueue (EventQueue.java:fireEvent(216)) - No event handler registered for event TypedEvent{payloadType=DatanodeDetails, name='Datanode_Command_Queue_Updated'}
2022-12-15 22:22:15,036 [EndpointStateMachine task thread for /0.0.0.0:46479 - 0 ] INFO  server.XceiverServerGrpc (XceiverServerGrpc.java:start(180)) - XceiverServerGrpc 4333d9a6-5ac6-4e80-8f1b-d7ab3137d893 is started using port 46481
2022-12-15 22:22:15,156 [ReplicationMonitor] INFO  replication.ReplicationManager (ReplicationManager.java:processAll(327)) - Replication Manager is not ready to run until 3000ms after safemode exit
2022-12-15 22:22:15,224 [DatanodeAdminManager-0] INFO  node.DatanodeAdminMonitorImpl (DatanodeAdminMonitorImpl.java:checkContainersReplicatedOnNode(356)) - Under Replicated Container #6 org.apache.hadoop.hdds.scm.container.replication.ECContainerReplicaCount@1fa68f16; Replicas{ContainerReplica{containerID=#6, state=CLOSED, datanodeDetails=8742ce53-ec43-4b5d-92fb-ca295b19fdac{ip: 10.1.0.13, host: fv-az83-67.pawgbth4qraerhbqawdeo1jfng.dx.internal.cloudapp.net, ports: [REPLICATION=42995, RATIS=44977, RATIS_ADMIN=44977, RATIS_SERVER=44977, STANDALONE=39581], networkLocation: /default-rack, certSerialId: null, persistedOpState: IN_SERVICE, persistedOpStateExpiryEpochSec: 0}, placeOfBirth=8742ce53-ec43-4b5d-92fb-ca295b19fdac, sequenceId=0, keyCount=3, bytesUsed=0,replicaIndex=3},ContainerReplica{containerID=#6, state=OPEN, datanodeDetails=1e86e54b-7ea4-4ffe-a764-33ccb592660f{ip: 10.1.0.13, host: fv-az83-67.pawgbth4qraerhbqawdeo1jfng.dx.internal.cloudapp.net, ports: [REPLICATION=41383, RATIS=45413, RATIS_ADMIN=45413, RATIS_SERVER=45413, STANDALONE=39139], networkLocation: /default-rack, certSerialId: null, persistedOpState: DECOMMISSIONING, persistedOpStateExpiryEpochSec: 0}, placeOfBirth=1e86e54b-7ea4-4ffe-a764-33ccb592660f, sequenceId=0, keyCount=3, bytesUsed=57,replicaIndex=5},ContainerReplica{containerID=#6, state=CLOSED, datanodeDetails=30cdbfed-5eb6-4d94-b03b-823178923405{ip: 10.1.0.13, host: fv-az83-67.pawgbth4qraerhbqawdeo1jfng.dx.internal.cloudapp.net, ports: [REPLICATION=35121, RATIS=40489, RATIS_ADMIN=40489, RATIS_SERVER=40489, STANDALONE=36205], networkLocation: /default-rack, certSerialId: null, persistedOpState: IN_SERVICE, persistedOpStateExpiryEpochSec: 0}, placeOfBirth=30cdbfed-5eb6-4d94-b03b-823178923405, sequenceId=0, keyCount=3, bytesUsed=57,replicaIndex=4},ContainerReplica{containerID=#6, state=OPEN, datanodeDetails=9af99ef4-a70d-4375-9c0d-594670c86eaa{ip: 10.1.0.13, host: fv-az83-67.pawgbth4qraerhbqawdeo1jfng.dx.internal.cloudapp.net, ports: [REPLICATION=37293, RATIS=37969, RATIS_ADMIN=37969, RATIS_SERVER=37969, STANDALONE=45841], networkLocation: /default-rack, certSerialId: null, persistedOpState: IN_SERVICE, persistedOpStateExpiryEpochSec: 0}, placeOfBirth=9af99ef4-a70d-4375-9c0d-594670c86eaa, sequenceId=0, keyCount=3, bytesUsed=57,replicaIndex=1},ContainerReplica{containerID=#6, state=OPEN, datanodeDetails=c0e45f45-48a3-418c-b3ac-112e0491709c{ip: 10.1.0.13, host: fv-az83-67.pawgbth4qraerhbqawdeo1jfng.dx.internal.cloudapp.net, ports: [REPLICATION=35393, RATIS=40363, RATIS_ADMIN=40363, RATIS_SERVER=40363, STANDALONE=44419], networkLocation: /default-rack, certSerialId: null, persistedOpState: IN_SERVICE, persistedOpStateExpiryEpochSec: 0}, placeOfBirth=c0e45f45-48a3-418c-b3ac-112e0491709c, sequenceId=0, keyCount=3, bytesUsed=0,replicaIndex=2}}
2022-12-15 22:22:15,225 [DatanodeAdminManager-0] INFO  node.DatanodeAdminMonitorImpl (DatanodeAdminMonitorImpl.java:checkContainersReplicatedOnNode(367)) - Unhealthy Container #6 org.apache.hadoop.hdds.scm.container.replication.ECContainerReplicaCount@1fa68f16; Replicas{ContainerReplica{containerID=#6, state=CLOSED, datanodeDetails=8742ce53-ec43-4b5d-92fb-ca295b19fdac{ip: 10.1.0.13, host: fv-az83-67.pawgbth4qraerhbqawdeo1jfng.dx.internal.cloudapp.net, ports: [REPLICATION=42995, RATIS=44977, RATIS_ADMIN=44977, RATIS_SERVER=44977, STANDALONE=39581], networkLocation: /default-rack, certSerialId: null, persistedOpState: IN_SERVICE, persistedOpStateExpiryEpochSec: 0}, placeOfBirth=8742ce53-ec43-4b5d-92fb-ca295b19fdac, sequenceId=0, keyCount=3, bytesUsed=0,replicaIndex=3},ContainerReplica{containerID=#6, state=OPEN, datanodeDetails=1e86e54b-7ea4-4ffe-a764-33ccb592660f{ip: 10.1.0.13, host: fv-az83-67.pawgbth4qraerhbqawdeo1jfng.dx.internal.cloudapp.net, ports: [REPLICATION=41383, RATIS=45413, RATIS_ADMIN=45413, RATIS_SERVER=45413, STANDALONE=39139], networkLocation: /default-rack, certSerialId: null, persistedOpState: DECOMMISSIONING, persistedOpStateExpiryEpochSec: 0}, placeOfBirth=1e86e54b-7ea4-4ffe-a764-33ccb592660f, sequenceId=0, keyCount=3, bytesUsed=57,replicaIndex=5},ContainerReplica{containerID=#6, state=CLOSED, datanodeDetails=30cdbfed-5eb6-4d94-b03b-823178923405{ip: 10.1.0.13, host: fv-az83-67.pawgbth4qraerhbqawdeo1jfng.dx.internal.cloudapp.net, ports: [REPLICATION=35121, RATIS=40489, RATIS_ADMIN=40489, RATIS_SERVER=40489, STANDALONE=36205], networkLocation: /default-rack, certSerialId: null, persistedOpState: IN_SERVICE, persistedOpStateExpiryEpochSec: 0}, placeOfBirth=30cdbfed-5eb6-4d94-b03b-823178923405, sequenceId=0, keyCount=3, bytesUsed=57,replicaIndex=4},ContainerReplica{containerID=#6, state=OPEN, datanodeDetails=9af99ef4-a70d-4375-9c0d-594670c86eaa{ip: 10.1.0.13, host: fv-az83-67.pawgbth4qraerhbqawdeo1jfng.dx.internal.cloudapp.net, ports: [REPLICATION=37293, RATIS=37969, RATIS_ADMIN=37969, RATIS_SERVER=37969, STANDALONE=45841], networkLocation: /default-rack, certSerialId: null, persistedOpState: IN_SERVICE, persistedOpStateExpiryEpochSec: 0}, placeOfBirth=9af99ef4-a70d-4375-9c0d-594670c86eaa, sequenceId=0, keyCount=3, bytesUsed=57,replicaIndex=1},ContainerReplica{containerID=#6, state=OPEN, datanodeDetails=c0e45f45-48a3-418c-b3ac-112e0491709c{ip: 10.1.0.13, host: fv-az83-67.pawgbth4qraerhbqawdeo1jfng.dx.internal.cloudapp.net, ports: [REPLICATION=35393, RATIS=40363, RATIS_ADMIN=40363, RATIS_SERVER=40363, STANDALONE=44419], networkLocation: /default-rack, certSerialId: null, persistedOpState: IN_SERVICE, persistedOpStateExpiryEpochSec: 0}, placeOfBirth=c0e45f45-48a3-418c-b3ac-112e0491709c, sequenceId=0, keyCount=3, bytesUsed=0,replicaIndex=2}}
2022-12-15 22:22:15,226 [DatanodeAdminManager-0] INFO  node.DatanodeAdminMonitorImpl (DatanodeAdminMonitorImpl.java:checkContainersReplicatedOnNode(356)) - Under Replicated Container #7 org.apache.hadoop.hdds.scm.container.replication.ECContainerReplicaCount@613a5982; Replicas{ContainerReplica{containerID=#7, state=CLOSED, datanodeDetails=e0198350-5a80-4cc9-b4d4-fe7f34161fcd{ip: 10.1.0.13, host: fv-az83-67.pawgbth4qraerhbqawdeo1jfng.dx.internal.cloudapp.net, ports: [REPLICATION=33725, RATIS=33167, RATIS_ADMIN=33167, RATIS_SERVER=33167, STANDALONE=40941], networkLocation: /default-rack, certSerialId: null, persistedOpState: IN_SERVICE, persistedOpStateExpiryEpochSec: 0}, placeOfBirth=e0198350-5a80-4cc9-b4d4-fe7f34161fcd, sequenceId=0, keyCount=2, bytesUsed=38,replicaIndex=4},ContainerReplica{containerID=#7, state=CLOSED, datanodeDetails=30cdbfed-5eb6-4d94-b03b-823178923405{ip: 10.1.0.13, host: fv-az83-67.pawgbth4qraerhbqawdeo1jfng.dx.internal.cloudapp.net, ports: [REPLICATION=35121, RATIS=40489, RATIS_ADMIN=40489, RATIS_SERVER=40489, STANDALONE=36205], networkLocation: /default-rack, certSerialId: null, persistedOpState: IN_SERVICE, persistedOpStateExpiryEpochSec: 0}, placeOfBirth=30cdbfed-5eb6-4d94-b03b-823178923405, sequenceId=0, keyCount=2, bytesUsed=38,replicaIndex=1},ContainerReplica{containerID=#7, state=OPEN, datanodeDetails=c0e45f45-48a3-418c-b3ac-112e0491709c{ip: 10.1.0.13, host: fv-az83-67.pawgbth4qraerhbqawdeo1jfng.dx.internal.cloudapp.net, ports: [REPLICATION=35393, RATIS=40363, RATIS_ADMIN=40363, RATIS_SERVER=40363, STANDALONE=44419], networkLocation: /default-rack, certSerialId: null, persistedOpState: IN_SERVICE, persistedOpStateExpiryEpochSec: 0}, placeOfBirth=c0e45f45-48a3-418c-b3ac-112e0491709c, sequenceId=0, keyCount=2, bytesUsed=38,replicaIndex=5},ContainerReplica{containerID=#7, state=OPEN, datanodeDetails=36e1593a-57cf-42fc-9e99-3bc8e6c88ec2{ip: 10.1.0.13, host: fv-az83-67.pawgbth4qraerhbqawdeo1jfng.dx.internal.cloudapp.net, ports: [REPLICATION=36657, RATIS=46439, RATIS_ADMIN=46439, RATIS_SERVER=46439, STANDALONE=39281], networkLocation: /default-rack, certSerialId: null, persistedOpState: IN_SERVICE, persistedOpStateExpiryEpochSec: 0}, placeOfBirth=36e1593a-57cf-42fc-9e99-3bc8e6c88ec2, sequenceId=0, keyCount=2, bytesUsed=0,replicaIndex=2},ContainerReplica{containerID=#7, state=OPEN, datanodeDetails=1e86e54b-7ea4-4ffe-a764-33ccb592660f{ip: 10.1.0.13, host: fv-az83-67.pawgbth4qraerhbqawdeo1jfng.dx.internal.cloudapp.net, ports: [REPLICATION=41383, RATIS=45413, RATIS_ADMIN=45413, RATIS_SERVER=45413, STANDALONE=39139], networkLocation: /default-rack, certSerialId: null, persistedOpState: DECOMMISSIONING, persistedOpStateExpiryEpochSec: 0}, placeOfBirth=1e86e54b-7ea4-4ffe-a764-33ccb592660f, sequenceId=0, keyCount=2, bytesUsed=0,replicaIndex=3}}
2022-12-15 22:22:15,226 [DatanodeAdminManager-0] INFO  node.DatanodeAdminMonitorImpl (DatanodeAdminMonitorImpl.java:checkContainersReplicatedOnNode(367)) - Unhealthy Container #7 org.apache.hadoop.hdds.scm.container.replication.ECContainerReplicaCount@613a5982; Replicas{ContainerReplica{containerID=#7, state=CLOSED, datanodeDetails=e0198350-5a80-4cc9-b4d4-fe7f34161fcd{ip: 10.1.0.13, host: fv-az83-67.pawgbth4qraerhbqawdeo1jfng.dx.internal.cloudapp.net, ports: [REPLICATION=33725, RATIS=33167, RATIS_ADMIN=33167, RATIS_SERVER=33167, STANDALONE=40941], networkLocation: /default-rack, certSerialId: null, persistedOpState: IN_SERVICE, persistedOpStateExpiryEpochSec: 0}, placeOfBirth=e0198350-5a80-4cc9-b4d4-fe7f34161fcd, sequenceId=0, keyCount=2, bytesUsed=38,replicaIndex=4},ContainerReplica{containerID=#7, state=CLOSED, datanodeDetails=30cdbfed-5eb6-4d94-b03b-823178923405{ip: 10.1.0.13, host: fv-az83-67.pawgbth4qraerhbqawdeo1jfng.dx.internal.cloudapp.net, ports: [REPLICATION=35121, RATIS=40489, RATIS_ADMIN=40489, RATIS_SERVER=40489, STANDALONE=36205], networkLocation: /default-rack, certSerialId: null, persistedOpState: IN_SERVICE, persistedOpStateExpiryEpochSec: 0}, placeOfBirth=30cdbfed-5eb6-4d94-b03b-823178923405, sequenceId=0, keyCount=2, bytesUsed=38,replicaIndex=1},ContainerReplica{containerID=#7, state=OPEN, datanodeDetails=c0e45f45-48a3-418c-b3ac-112e0491709c{ip: 10.1.0.13, host: fv-az83-67.pawgbth4qraerhbqawdeo1jfng.dx.internal.cloudapp.net, ports: [REPLICATION=35393, RATIS=40363, RATIS_ADMIN=40363, RATIS_SERVER=40363, STANDALONE=44419], networkLocation: /default-rack, certSerialId: null, persistedOpState: IN_SERVICE, persistedOpStateExpiryEpochSec: 0}, placeOfBirth=c0e45f45-48a3-418c-b3ac-112e0491709c, sequenceId=0, keyCount=2, bytesUsed=38,replicaIndex=5},ContainerReplica{containerID=#7, state=OPEN, datanodeDetails=36e1593a-57cf-42fc-9e99-3bc8e6c88ec2{ip: 10.1.0.13, host: fv-az83-67.pawgbth4qraerhbqawdeo1jfng.dx.internal.cloudapp.net, ports: [REPLICATION=36657, RATIS=46439, RATIS_ADMIN=46439, RATIS_SERVER=46439, STANDALONE=39281], networkLocation: /default-rack, certSerialId: null, persistedOpState: IN_SERVICE, persistedOpStateExpiryEpochSec: 0}, placeOfBirth=36e1593a-57cf-42fc-9e99-3bc8e6c88ec2, sequenceId=0, keyCount=2, bytesUsed=0,replicaIndex=2},ContainerReplica{containerID=#7, state=OPEN, datanodeDetails=1e86e54b-7ea4-4ffe-a764-33ccb592660f{ip: 10.1.0.13, host: fv-az83-67.pawgbth4qraerhbqawdeo1jfng.dx.internal.cloudapp.net, ports: [REPLICATION=41383, RATIS=45413, RATIS_ADMIN=45413, RATIS_SERVER=45413, STANDALONE=39139], networkLocation: /default-rack, certSerialId: null, persistedOpState: DECOMMISSIONING, persistedOpStateExpiryEpochSec: 0}, placeOfBirth=1e86e54b-7ea4-4ffe-a764-33ccb592660f, sequenceId=0, keyCount=2, bytesUsed=0,replicaIndex=3}}
2022-12-15 22:22:15,226 [DatanodeAdminManager-0] INFO  node.DatanodeAdminMonitorImpl (DatanodeAdminMonitorImpl.java:checkContainersReplicatedOnNode(356)) - Under Replicated Container #8 org.apache.hadoop.hdds.scm.container.replication.ECContainerReplicaCount@2296086c; Replicas{ContainerReplica{containerID=#8, state=OPEN, datanodeDetails=9af99ef4-a70d-4375-9c0d-594670c86eaa{ip: 10.1.0.13, host: fv-az83-67.pawgbth4qraerhbqawdeo1jfng.dx.internal.cloudapp.net, ports: [REPLICATION=37293, RATIS=37969, RATIS_ADMIN=37969, RATIS_SERVER=37969, STANDALONE=45841], networkLocation: /default-rack, certSerialId: null, persistedOpState: IN_SERVICE, persistedOpStateExpiryEpochSec: 0}, placeOfBirth=9af99ef4-a70d-4375-9c0d-594670c86eaa, sequenceId=0, keyCount=5, bytesUsed=95,replicaIndex=5},ContainerReplica{containerID=#8, state=OPEN, datanodeDetails=1e86e54b-7ea4-4ffe-a764-33ccb592660f{ip: 10.1.0.13, host: fv-az83-67.pawgbth4qraerhbqawdeo1jfng.dx.internal.cloudapp.net, ports: [REPLICATION=41383, RATIS=45413, RATIS_ADMIN=45413, RATIS_SERVER=45413, STANDALONE=39139], networkLocation: /default-rack, certSerialId: null, persistedOpState: DECOMMISSIONING, persistedOpStateExpiryEpochSec: 0}, placeOfBirth=1e86e54b-7ea4-4ffe-a764-33ccb592660f, sequenceId=0, keyCount=5, bytesUsed=0,replicaIndex=3},ContainerReplica{containerID=#8, state=OPEN, datanodeDetails=36e1593a-57cf-42fc-9e99-3bc8e6c88ec2{ip: 10.1.0.13, host: fv-az83-67.pawgbth4qraerhbqawdeo1jfng.dx.internal.cloudapp.net, ports: [REPLICATION=36657, RATIS=46439, RATIS_ADMIN=46439, RATIS_SERVER=46439, STANDALONE=39281], networkLocation: /default-rack, certSerialId: null, persistedOpState: IN_SERVICE, persistedOpStateExpiryEpochSec: 0}, placeOfBirth=36e1593a-57cf-42fc-9e99-3bc8e6c88ec2, sequenceId=0, keyCount=5, bytesUsed=95,replicaIndex=4},ContainerReplica{containerID=#8, state=CLOSED, datanodeDetails=e0198350-5a80-4cc9-b4d4-fe7f34161fcd{ip: 10.1.0.13, host: fv-az83-67.pawgbth4qraerhbqawdeo1jfng.dx.internal.cloudapp.net, ports: [REPLICATION=33725, RATIS=33167, RATIS_ADMIN=33167, RATIS_SERVER=33167, STANDALONE=40941], networkLocation: /default-rack, certSerialId: null, persistedOpState: IN_SERVICE, persistedOpStateExpiryEpochSec: 0}, placeOfBirth=e0198350-5a80-4cc9-b4d4-fe7f34161fcd, sequenceId=0, keyCount=5, bytesUsed=95,replicaIndex=1},ContainerReplica{containerID=#8, state=OPEN, datanodeDetails=c0e45f45-48a3-418c-b3ac-112e0491709c{ip: 10.1.0.13, host: fv-az83-67.pawgbth4qraerhbqawdeo1jfng.dx.internal.cloudapp.net, ports: [REPLICATION=35393, RATIS=40363, RATIS_ADMIN=40363, RATIS_SERVER=40363, STANDALONE=44419], networkLocation: /default-rack, certSerialId: null, persistedOpState: IN_SERVICE, persistedOpStateExpiryEpochSec: 0}, placeOfBirth=c0e45f45-48a3-418c-b3ac-112e0491709c, sequenceId=0, keyCount=5, bytesUsed=0,replicaIndex=2}}
2022-12-15 22:22:15,226 [DatanodeAdminManager-0] INFO  node.DatanodeAdminMonitorImpl (DatanodeAdminMonitorImpl.java:checkContainersReplicatedOnNode(367)) - Unhealthy Container #8 org.apache.hadoop.hdds.scm.container.replication.ECContainerReplicaCount@2296086c; Replicas{ContainerReplica{containerID=#8, state=OPEN, datanodeDetails=9af99ef4-a70d-4375-9c0d-594670c86eaa{ip: 10.1.0.13, host: fv-az83-67.pawgbth4qraerhbqawdeo1jfng.dx.internal.cloudapp.net, ports: [REPLICATION=37293, RATIS=37969, RATIS_ADMIN=37969, RATIS_SERVER=37969, STANDALONE=45841], networkLocation: /default-rack, certSerialId: null, persistedOpState: IN_SERVICE, persistedOpStateExpiryEpochSec: 0}, placeOfBirth=9af99ef4-a70d-4375-9c0d-594670c86eaa, sequenceId=0, keyCount=5, bytesUsed=95,replicaIndex=5},ContainerReplica{containerID=#8, state=OPEN, datanodeDetails=1e86e54b-7ea4-4ffe-a764-33ccb592660f{ip: 10.1.0.13, host: fv-az83-67.pawgbth4qraerhbqawdeo1jfng.dx.internal.cloudapp.net, ports: [REPLICATION=41383, RATIS=45413, RATIS_ADMIN=45413, RATIS_SERVER=45413, STANDALONE=39139], networkLocation: /default-rack, certSerialId: null, persistedOpState: DECOMMISSIONING, persistedOpStateExpiryEpochSec: 0}, placeOfBirth=1e86e54b-7ea4-4ffe-a764-33ccb592660f, sequenceId=0, keyCount=5, bytesUsed=0,replicaIndex=3},ContainerReplica{containerID=#8, state=OPEN, datanodeDetails=36e1593a-57cf-42fc-9e99-3bc8e6c88ec2{ip: 10.1.0.13, host: fv-az83-67.pawgbth4qraerhbqawdeo1jfng.dx.internal.cloudapp.net, ports: [REPLICATION=36657, RATIS=46439, RATIS_ADMIN=46439, RATIS_SERVER=46439, STANDALONE=39281], networkLocation: /default-rack, certSerialId: null, persistedOpState: IN_SERVICE, persistedOpStateExpiryEpochSec: 0}, placeOfBirth=36e1593a-57cf-42fc-9e99-3bc8e6c88ec2, sequenceId=0, keyCount=5, bytesUsed=95,replicaIndex=4},ContainerReplica{containerID=#8, state=CLOSED, datanodeDetails=e0198350-5a80-4cc9-b4d4-fe7f34161fcd{ip: 10.1.0.13, host: fv-az83-67.pawgbth4qraerhbqawdeo1jfng.dx.internal.cloudapp.net, ports: [REPLICATION=33725, RATIS=33167, RATIS_ADMIN=33167, RATIS_SERVER=33167, STANDALONE=40941], networkLocation: /default-rack, certSerialId: null, persistedOpState: IN_SERVICE, persistedOpStateExpiryEpochSec: 0}, placeOfBirth=e0198350-5a80-4cc9-b4d4-fe7f34161fcd, sequenceId=0, keyCount=5, bytesUsed=95,replicaIndex=1},ContainerReplica{containerID=#8, state=OPEN, datanodeDetails=c0e45f45-48a3-418c-b3ac-112e0491709c{ip: 10.1.0.13, host: fv-az83-67.pawgbth4qraerhbqawdeo1jfng.dx.internal.cloudapp.net, ports: [REPLICATION=35393, RATIS=40363, RATIS_ADMIN=40363, RATIS_SERVER=40363, STANDALONE=44419], networkLocation: /default-rack, certSerialId: null, persistedOpState: IN_SERVICE, persistedOpStateExpiryEpochSec: 0}, placeOfBirth=c0e45f45-48a3-418c-b3ac-112e0491709c, sequenceId=0, keyCount=5, bytesUsed=0,replicaIndex=2}}
2022-12-15 22:22:15,227 [DatanodeAdminManager-0] INFO  node.DatanodeAdminMonitorImpl (DatanodeAdminMonitorImpl.java:checkContainersReplicatedOnNode(356)) - Under Replicated Container #1 Container State: CLOSED Replica Count: 3 Healthy Count: 2 Decommission Count: 1 Maintenance Count: 0 inFlightAdd Count: 0 inFightDel Count: 0 ReplicationFactor: 3 minMaintenance Count: 2; Replicas{ContainerReplica{containerID=#1, state=QUASI_CLOSED, datanodeDetails=8742ce53-ec43-4b5d-92fb-ca295b19fdac{ip: 10.1.0.13, host: fv-az83-67.pawgbth4qraerhbqawdeo1jfng.dx.internal.cloudapp.net, ports: [REPLICATION=42995, RATIS=44977, RATIS_ADMIN=44977, RATIS_SERVER=44977, STANDALONE=39581], networkLocation: /default-rack, certSerialId: null, persistedOpState: IN_SERVICE, persistedOpStateExpiryEpochSec: 0}, placeOfBirth=8742ce53-ec43-4b5d-92fb-ca295b19fdac, sequenceId=72, keyCount=7, bytesUsed=133},ContainerReplica{containerID=#1, state=CLOSED, datanodeDetails=e0198350-5a80-4cc9-b4d4-fe7f34161fcd{ip: 10.1.0.13, host: fv-az83-67.pawgbth4qraerhbqawdeo1jfng.dx.internal.cloudapp.net, ports: [REPLICATION=33725, RATIS=33167, RATIS_ADMIN=33167, RATIS_SERVER=33167, STANDALONE=40941], networkLocation: /default-rack, certSerialId: null, persistedOpState: IN_SERVICE, persistedOpStateExpiryEpochSec: 0}, placeOfBirth=e0198350-5a80-4cc9-b4d4-fe7f34161fcd, sequenceId=72, keyCount=7, bytesUsed=133},ContainerReplica{containerID=#1, state=CLOSED, datanodeDetails=1e86e54b-7ea4-4ffe-a764-33ccb592660f{ip: 10.1.0.13, host: fv-az83-67.pawgbth4qraerhbqawdeo1jfng.dx.internal.cloudapp.net, ports: [REPLICATION=41383, RATIS=45413, RATIS_ADMIN=45413, RATIS_SERVER=45413, STANDALONE=39139], networkLocation: /default-rack, certSerialId: null, persistedOpState: DECOMMISSIONING, persistedOpStateExpiryEpochSec: 0}, placeOfBirth=1e86e54b-7ea4-4ffe-a764-33ccb592660f, sequenceId=72, keyCount=7, bytesUsed=133}}
2022-12-15 22:22:15,227 [DatanodeAdminManager-0] INFO  node.DatanodeAdminMonitorImpl (DatanodeAdminMonitorImpl.java:checkContainersReplicatedOnNode(367)) - Unhealthy Container #1 Container State: CLOSED Replica Count: 3 Healthy Count: 2 Decommission Count: 1 Maintenance Count: 0 inFlightAdd Count: 0 inFightDel Count: 0 ReplicationFactor: 3 minMaintenance Count: 2; Replicas{ContainerReplica{containerID=#1, state=QUASI_CLOSED, datanodeDetails=8742ce53-ec43-4b5d-92fb-ca295b19fdac{ip: 10.1.0.13, host: fv-az83-67.pawgbth4qraerhbqawdeo1jfng.dx.internal.cloudapp.net, ports: [REPLICATION=42995, RATIS=44977, RATIS_ADMIN=44977, RATIS_SERVER=44977, STANDALONE=39581], networkLocation: /default-rack, certSerialId: null, persistedOpState: IN_SERVICE, persistedOpStateExpiryEpochSec: 0}, placeOfBirth=8742ce53-ec43-4b5d-92fb-ca295b19fdac, sequenceId=72, keyCount=7, bytesUsed=133},ContainerReplica{containerID=#1, state=CLOSED, datanodeDetails=e0198350-5a80-4cc9-b4d4-fe7f34161fcd{ip: 10.1.0.13, host: fv-az83-67.pawgbth4qraerhbqawdeo1jfng.dx.internal.cloudapp.net, ports: [REPLICATION=33725, RATIS=33167, RATIS_ADMIN=33167, RATIS_SERVER=33167, STANDALONE=40941], networkLocation: /default-rack, certSerialId: null, persistedOpState: IN_SERVICE, persistedOpStateExpiryEpochSec: 0}, placeOfBirth=e0198350-5a80-4cc9-b4d4-fe7f34161fcd, sequenceId=72, keyCount=7, bytesUsed=133},ContainerReplica{containerID=#1, state=CLOSED, datanodeDetails=1e86e54b-7ea4-4ffe-a764-33ccb592660f{ip: 10.1.0.13, host: fv-az83-67.pawgbth4qraerhbqawdeo1jfng.dx.internal.cloudapp.net, ports: [REPLICATION=41383, RATIS=45413, RATIS_ADMIN=45413, RATIS_SERVER=45413, STANDALONE=39139], networkLocation: /default-rack, certSerialId: null, persistedOpState: DECOMMISSIONING, persistedOpStateExpiryEpochSec: 0}, placeOfBirth=1e86e54b-7ea4-4ffe-a764-33ccb592660f, sequenceId=72, keyCount=7, bytesUsed=133}}
2022-12-15 22:22:15,227 [DatanodeAdminManager-0] INFO  node.DatanodeAdminMonitorImpl (DatanodeAdminMonitorImpl.java:checkContainersReplicatedOnNode(356)) - Under Replicated Container #2 Container State: CLOSED Replica Count: 3 Healthy Count: 2 Decommission Count: 1 Maintenance Count: 0 inFlightAdd Count: 0 inFightDel Count: 0 ReplicationFactor: 3 minMaintenance Count: 2; Replicas{ContainerReplica{containerID=#2, state=CLOSED, datanodeDetails=1e86e54b-7ea4-4ffe-a764-33ccb592660f{ip: 10.1.0.13, host: fv-az83-67.pawgbth4qraerhbqawdeo1jfng.dx.internal.cloudapp.net, ports: [REPLICATION=41383, RATIS=45413, RATIS_ADMIN=45413, RATIS_SERVER=45413, STANDALONE=39139], networkLocation: /default-rack, certSerialId: null, persistedOpState: DECOMMISSIONING, persistedOpStateExpiryEpochSec: 0}, placeOfBirth=1e86e54b-7ea4-4ffe-a764-33ccb592660f, sequenceId=76, keyCount=7, bytesUsed=133},ContainerReplica{containerID=#2, state=CLOSED, datanodeDetails=e0198350-5a80-4cc9-b4d4-fe7f34161fcd{ip: 10.1.0.13, host: fv-az83-67.pawgbth4qraerhbqawdeo1jfng.dx.internal.cloudapp.net, ports: [REPLICATION=33725, RATIS=33167, RATIS_ADMIN=33167, RATIS_SERVER=33167, STANDALONE=40941], networkLocation: /default-rack, certSerialId: null, persistedOpState: IN_SERVICE, persistedOpStateExpiryEpochSec: 0}, placeOfBirth=e0198350-5a80-4cc9-b4d4-fe7f34161fcd, sequenceId=76, keyCount=7, bytesUsed=133},ContainerReplica{containerID=#2, state=QUASI_CLOSED, datanodeDetails=8742ce53-ec43-4b5d-92fb-ca295b19fdac{ip: 10.1.0.13, host: fv-az83-67.pawgbth4qraerhbqawdeo1jfng.dx.internal.cloudapp.net, ports: [REPLICATION=42995, RATIS=44977, RATIS_ADMIN=44977, RATIS_SERVER=44977, STANDALONE=39581], networkLocation: /default-rack, certSerialId: null, persistedOpState: IN_SERVICE, persistedOpStateExpiryEpochSec: 0}, placeOfBirth=8742ce53-ec43-4b5d-92fb-ca295b19fdac, sequenceId=76, keyCount=7, bytesUsed=133}}
2022-12-15 22:22:15,227 [DatanodeAdminManager-0] INFO  node.DatanodeAdminMonitorImpl (DatanodeAdminMonitorImpl.java:checkContainersReplicatedOnNode(367)) - Unhealthy Container #2 Container State: CLOSED Replica Count: 3 Healthy Count: 2 Decommission Count: 1 Maintenance Count: 0 inFlightAdd Count: 0 inFightDel Count: 0 ReplicationFactor: 3 minMaintenance Count: 2; Replicas{ContainerReplica{containerID=#2, state=CLOSED, datanodeDetails=1e86e54b-7ea4-4ffe-a764-33ccb592660f{ip: 10.1.0.13, host: fv-az83-67.pawgbth4qraerhbqawdeo1jfng.dx.internal.cloudapp.net, ports: [REPLICATION=41383, RATIS=45413, RATIS_ADMIN=45413, RATIS_SERVER=45413, STANDALONE=39139], networkLocation: /default-rack, certSerialId: null, persistedOpState: DECOMMISSIONING, persistedOpStateExpiryEpochSec: 0}, placeOfBirth=1e86e54b-7ea4-4ffe-a764-33ccb592660f, sequenceId=76, keyCount=7, bytesUsed=133},ContainerReplica{containerID=#2, state=CLOSED, datanodeDetails=e0198350-5a80-4cc9-b4d4-fe7f34161fcd{ip: 10.1.0.13, host: fv-az83-67.pawgbth4qraerhbqawdeo1jfng.dx.internal.cloudapp.net, ports: [REPLICATION=33725, RATIS=33167, RATIS_ADMIN=33167, RATIS_SERVER=33167, STANDALONE=40941], networkLocation: /default-rack, certSerialId: null, persistedOpState: IN_SERVICE, persistedOpStateExpiryEpochSec: 0}, placeOfBirth=e0198350-5a80-4cc9-b4d4-fe7f34161fcd, sequenceId=76, keyCount=7, bytesUsed=133},ContainerReplica{containerID=#2, state=QUASI_CLOSED, datanodeDetails=8742ce53-ec43-4b5d-92fb-ca295b19fdac{ip: 10.1.0.13, host: fv-az83-67.pawgbth4qraerhbqawdeo1jfng.dx.internal.cloudapp.net, ports: [REPLICATION=42995, RATIS=44977, RATIS_ADMIN=44977, RATIS_SERVER=44977, STANDALONE=39581], networkLocation: /default-rack, certSerialId: null, persistedOpState: IN_SERVICE, persistedOpStateExpiryEpochSec: 0}, placeOfBirth=8742ce53-ec43-4b5d-92fb-ca295b19fdac, sequenceId=76, keyCount=7, bytesUsed=133}}
2022-12-15 22:22:15,227 [DatanodeAdminManager-0] INFO  node.DatanodeAdminMonitorImpl (DatanodeAdminMonitorImpl.java:checkContainersReplicatedOnNode(377)) - 1e86e54b-7ea4-4ffe-a764-33ccb592660f{ip: 10.1.0.13, host: fv-az83-67.pawgbth4qraerhbqawdeo1jfng.dx.internal.cloudapp.net, ports: [REPLICATION=41383, RATIS=45413, RATIS_ADMIN=45413, RATIS_SERVER=45413, STANDALONE=39139], networkLocation: /default-rack, certSerialId: null, persistedOpState: DECOMMISSIONING, persistedOpStateExpiryEpochSec: 0} has 0 sufficientlyReplicated, 7 underReplicated and 7 unhealthy containers
2022-12-15 22:22:15,227 [DatanodeAdminManager-0] INFO  node.DatanodeAdminMonitorImpl (DatanodeAdminMonitorImpl.java:run(169)) - There are 1 nodes tracked for decommission and maintenance.  0 pending nodes.
2022-12-15 22:22:15,233 [Over Replicated Processor] INFO  replication.OverReplicatedProcessor (OverReplicatedProcessor.java:processAll(79)) - Processed 0 over replicated containers, failed processing 0
2022-12-15 22:22:15,238 [Under Replicated Processor] INFO  replication.UnderReplicatedProcessor (UnderReplicatedProcessor.java:processAll(79)) - Processed 0 under replicated containers, failed processing 0
2022-12-15 22:22:15,274 [ReplicationMonitor] INFO  replication.LegacyReplicationManager (LegacyReplicationManager.java:handleUnderReplicatedContainer(1196)) - Container #1 is under replicated. Expected replica count is 3, but found 2.
2022-12-15 22:22:15,274 [ReplicationMonitor] INFO  replication.LegacyReplicationManager (LegacyReplicationManager.java:sendReplicateCommand(1560)) - Sending replicate container command for container #1 to datanode c0e45f45-48a3-418c-b3ac-112e0491709c{ip: 10.1.0.13, host: fv-az83-67.pawgbth4qraerhbqawdeo1jfng.dx.internal.cloudapp.net, ports: [REPLICATION=35393, RATIS=40363, RATIS_ADMIN=40363, RATIS_SERVER=40363, STANDALONE=44419], networkLocation: /default-rack, certSerialId: null, persistedOpState: IN_SERVICE, persistedOpStateExpiryEpochSec: 0} from datanodes [8742ce53-ec43-4b5d-92fb-ca295b19fdac{ip: 10.1.0.13, host: fv-az83-67.pawgbth4qraerhbqawdeo1jfng.dx.internal.cloudapp.net, ports: [REPLICATION=42995, RATIS=44977, RATIS_ADMIN=44977, RATIS_SERVER=44977, STANDALONE=39581], networkLocation: /default-rack, certSerialId: null, persistedOpState: IN_SERVICE, persistedOpStateExpiryEpochSec: 0}, e0198350-5a80-4cc9-b4d4-fe7f34161fcd{ip: 10.1.0.13, host: fv-az83-67.pawgbth4qraerhbqawdeo1jfng.dx.internal.cloudapp.net, ports: [REPLICATION=33725, RATIS=33167, RATIS_ADMIN=33167, RATIS_SERVER=33167, STANDALONE=40941], networkLocation: /default-rack, certSerialId: null, persistedOpState: IN_SERVICE, persistedOpStateExpiryEpochSec: 0}, 1e86e54b-7ea4-4ffe-a764-33ccb592660f{ip: 10.1.0.13, host: fv-az83-67.pawgbth4qraerhbqawdeo1jfng.dx.internal.cloudapp.net, ports: [REPLICATION=41383, RATIS=45413, RATIS_ADMIN=45413, RATIS_SERVER=45413, STANDALONE=39139], networkLocation: /default-rack, certSerialId: null, persistedOpState: DECOMMISSIONING, persistedOpStateExpiryEpochSec: 0}]
2022-12-15 22:22:15,276 [ReplicationMonitor] INFO  replication.LegacyReplicationManager (LegacyReplicationManager.java:handleUnderReplicatedContainer(1196)) - Container #2 is under replicated. Expected replica count is 3, but found 2.
2022-12-15 22:22:15,276 [ReplicationMonitor] INFO  replication.LegacyReplicationManager (LegacyReplicationManager.java:sendReplicateCommand(1560)) - Sending replicate container command for container #2 to datanode 36e1593a-57cf-42fc-9e99-3bc8e6c88ec2{ip: 10.1.0.13, host: fv-az83-67.pawgbth4qraerhbqawdeo1jfng.dx.internal.cloudapp.net, ports: [REPLICATION=36657, RATIS=46439, RATIS_ADMIN=46439, RATIS_SERVER=46439, STANDALONE=39281], networkLocation: /default-rack, certSerialId: null, persistedOpState: IN_SERVICE, persistedOpStateExpiryEpochSec: 0} from datanodes [1e86e54b-7ea4-4ffe-a764-33ccb592660f{ip: 10.1.0.13, host: fv-az83-67.pawgbth4qraerhbqawdeo1jfng.dx.internal.cloudapp.net, ports: [REPLICATION=41383, RATIS=45413, RATIS_ADMIN=45413, RATIS_SERVER=45413, STANDALONE=39139], networkLocation: /default-rack, certSerialId: null, persistedOpState: DECOMMISSIONING, persistedOpStateExpiryEpochSec: 0}, e0198350-5a80-4cc9-b4d4-fe7f34161fcd{ip: 10.1.0.13, host: fv-az83-67.pawgbth4qraerhbqawdeo1jfng.dx.internal.cloudapp.net, ports: [REPLICATION=33725, RATIS=33167, RATIS_ADMIN=33167, RATIS_SERVER=33167, STANDALONE=40941], networkLocation: /default-rack, certSerialId: null, persistedOpState: IN_SERVICE, persistedOpStateExpiryEpochSec: 0}, 8742ce53-ec43-4b5d-92fb-ca295b19fdac{ip: 10.1.0.13, host: fv-az83-67.pawgbth4qraerhbqawdeo1jfng.dx.internal.cloudapp.net, ports: [REPLICATION=42995, RATIS=44977, RATIS_ADMIN=44977, RATIS_SERVER=44977, STANDALONE=39581], networkLocation: /default-rack, certSerialId: null, persistedOpState: IN_SERVICE, persistedOpStateExpiryEpochSec: 0}]
2022-12-15 22:22:15,279 [ReplicationMonitor] INFO  replication.LegacyReplicationManager (LegacyReplicationManager.java:handleUnderReplicatedContainer(1196)) - Container #3 is under replicated. Expected replica count is 3, but found 2.
2022-12-15 22:22:15,279 [ReplicationMonitor] INFO  replication.LegacyReplicationManager (LegacyReplicationManager.java:sendReplicateCommand(1560)) - Sending replicate container command for container #3 to datanode 30cdbfed-5eb6-4d94-b03b-823178923405{ip: 10.1.0.13, host: fv-az83-67.pawgbth4qraerhbqawdeo1jfng.dx.internal.cloudapp.net, ports: [REPLICATION=35121, RATIS=40489, RATIS_ADMIN=40489, RATIS_SERVER=40489, STANDALONE=36205], networkLocation: /default-rack, certSerialId: null, persistedOpState: IN_SERVICE, persistedOpStateExpiryEpochSec: 0} from datanodes [8742ce53-ec43-4b5d-92fb-ca295b19fdac{ip: 10.1.0.13, host: fv-az83-67.pawgbth4qraerhbqawdeo1jfng.dx.internal.cloudapp.net, ports: [REPLICATION=42995, RATIS=44977, RATIS_ADMIN=44977, RATIS_SERVER=44977, STANDALONE=39581], networkLocation: /default-rack, certSerialId: null, persistedOpState: IN_SERVICE, persistedOpStateExpiryEpochSec: 0}, 1e86e54b-7ea4-4ffe-a764-33ccb592660f{ip: 10.1.0.13, host: fv-az83-67.pawgbth4qraerhbqawdeo1jfng.dx.internal.cloudapp.net, ports: [REPLICATION=41383, RATIS=45413, RATIS_ADMIN=45413, RATIS_SERVER=45413, STANDALONE=39139], networkLocation: /default-rack, certSerialId: null, persistedOpState: DECOMMISSIONING, persistedOpStateExpiryEpochSec: 0}, e0198350-5a80-4cc9-b4d4-fe7f34161fcd{ip: 10.1.0.13, host: fv-az83-67.pawgbth4qraerhbqawdeo1jfng.dx.internal.cloudapp.net, ports: [REPLICATION=33725, RATIS=33167, RATIS_ADMIN=33167, RATIS_SERVER=33167, STANDALONE=40941], networkLocation: /default-rack, certSerialId: null, persistedOpState: IN_SERVICE, persistedOpStateExpiryEpochSec: 0}]
2022-12-15 22:22:15,279 [ReplicationMonitor] INFO  replication.ReplicationManager (ReplicationManager.java:sendDatanodeCommand(423)) - Sending command of type closeContainerCommand for container ContainerInfo{id=#4, state=CLOSED, pipelineID=PipelineID=a30a131b-c483-4934-bb85-a0dbe401b2ae, stateEnterTime=2022-12-15T22:22:08.573Z, owner=om1} to 1e86e54b-7ea4-4ffe-a764-33ccb592660f{ip: 10.1.0.13, host: fv-az83-67.pawgbth4qraerhbqawdeo1jfng.dx.internal.cloudapp.net, ports: [REPLICATION=41383, RATIS=45413, RATIS_ADMIN=45413, RATIS_SERVER=45413, STANDALONE=39139], networkLocation: /default-rack, certSerialId: null, persistedOpState: DECOMMISSIONING, persistedOpStateExpiryEpochSec: 0}
2022-12-15 22:22:15,280 [ReplicationMonitor] INFO  replication.ReplicationManager (ReplicationManager.java:sendDatanodeCommand(423)) - Sending command of type closeContainerCommand for container ContainerInfo{id=#4, state=CLOSED, pipelineID=PipelineID=a30a131b-c483-4934-bb85-a0dbe401b2ae, stateEnterTime=2022-12-15T22:22:08.573Z, owner=om1} to 9af99ef4-a70d-4375-9c0d-594670c86eaa{ip: 10.1.0.13, host: fv-az83-67.pawgbth4qraerhbqawdeo1jfng.dx.internal.cloudapp.net, ports: [REPLICATION=37293, RATIS=37969, RATIS_ADMIN=37969, RATIS_SERVER=37969, STANDALONE=45841], networkLocation: /default-rack, certSerialId: null, persistedOpState: IN_SERVICE, persistedOpStateExpiryEpochSec: 0}
2022-12-15 22:22:15,282 [ReplicationMonitor] INFO  replication.ReplicationManager (ReplicationManager.java:sendDatanodeCommand(423)) - Sending command of type closeContainerCommand for container ContainerInfo{id=#6, state=CLOSED, pipelineID=PipelineID=eb92dca9-258e-4458-8b4a-b46e85a7fcfd, stateEnterTime=2022-12-15T22:22:09.366Z, owner=om1} to 1e86e54b-7ea4-4ffe-a764-33ccb592660f{ip: 10.1.0.13, host: fv-az83-67.pawgbth4qraerhbqawdeo1jfng.dx.internal.cloudapp.net, ports: [REPLICATION=41383, RATIS=45413, RATIS_ADMIN=45413, RATIS_SERVER=45413, STANDALONE=39139], networkLocation: /default-rack, certSerialId: null, persistedOpState: DECOMMISSIONING, persistedOpStateExpiryEpochSec: 0}
2022-12-15 22:22:15,283 [ReplicationMonitor] INFO  replication.ReplicationManager (ReplicationManager.java:sendDatanodeCommand(423)) - Sending command of type closeContainerCommand for container ContainerInfo{id=#6, state=CLOSED, pipelineID=PipelineID=eb92dca9-258e-4458-8b4a-b46e85a7fcfd, stateEnterTime=2022-12-15T22:22:09.366Z, owner=om1} to 9af99ef4-a70d-4375-9c0d-594670c86eaa{ip: 10.1.0.13, host: fv-az83-67.pawgbth4qraerhbqawdeo1jfng.dx.internal.cloudapp.net, ports: [REPLICATION=37293, RATIS=37969, RATIS_ADMIN=37969, RATIS_SERVER=37969, STANDALONE=45841], networkLocation: /default-rack, certSerialId: null, persistedOpState: IN_SERVICE, persistedOpStateExpiryEpochSec: 0}
2022-12-15 22:22:15,283 [ReplicationMonitor] INFO  replication.ReplicationManager (ReplicationManager.java:sendDatanodeCommand(423)) - Sending command of type closeContainerCommand for container ContainerInfo{id=#6, state=CLOSED, pipelineID=PipelineID=eb92dca9-258e-4458-8b4a-b46e85a7fcfd, stateEnterTime=2022-12-15T22:22:09.366Z, owner=om1} to c0e45f45-48a3-418c-b3ac-112e0491709c{ip: 10.1.0.13, host: fv-az83-67.pawgbth4qraerhbqawdeo1jfng.dx.internal.cloudapp.net, ports: [REPLICATION=35393, RATIS=40363, RATIS_ADMIN=40363, RATIS_SERVER=40363, STANDALONE=44419], networkLocation: /default-rack, certSerialId: null, persistedOpState: IN_SERVICE, persistedOpStateExpiryEpochSec: 0}
2022-12-15 22:22:15,284 [ReplicationMonitor] INFO  replication.ReplicationManager (ReplicationManager.java:sendDatanodeCommand(423)) - Sending command of type closeContainerCommand for container ContainerInfo{id=#7, state=CLOSED, pipelineID=PipelineID=87f24a54-1b01-4401-b083-bebb4550122d, stateEnterTime=2022-12-15T22:22:09.599Z, owner=om1} to c0e45f45-48a3-418c-b3ac-112e0491709c{ip: 10.1.0.13, host: fv-az83-67.pawgbth4qraerhbqawdeo1jfng.dx.internal.cloudapp.net, ports: [REPLICATION=35393, RATIS=40363, RATIS_ADMIN=40363, RATIS_SERVER=40363, STANDALONE=44419], networkLocation: /default-rack, certSerialId: null, persistedOpState: IN_SERVICE, persistedOpStateExpiryEpochSec: 0}
2022-12-15 22:22:15,284 [ReplicationMonitor] INFO  replication.ReplicationManager (ReplicationManager.java:sendDatanodeCommand(423)) - Sending command of type closeContainerCommand for container ContainerInfo{id=#7, state=CLOSED, pipelineID=PipelineID=87f24a54-1b01-4401-b083-bebb4550122d, stateEnterTime=2022-12-15T22:22:09.599Z, owner=om1} to 36e1593a-57cf-42fc-9e99-3bc8e6c88ec2{ip: 10.1.0.13, host: fv-az83-67.pawgbth4qraerhbqawdeo1jfng.dx.internal.cloudapp.net, ports: [REPLICATION=36657, RATIS=46439, RATIS_ADMIN=46439, RATIS_SERVER=46439, STANDALONE=39281], networkLocation: /default-rack, certSerialId: null, persistedOpState: IN_SERVICE, persistedOpStateExpiryEpochSec: 0}
2022-12-15 22:22:15,284 [ReplicationMonitor] INFO  replication.ReplicationManager (ReplicationManager.java:sendDatanodeCommand(423)) - Sending command of type closeContainerCommand for container ContainerInfo{id=#7, state=CLOSED, pipelineID=PipelineID=87f24a54-1b01-4401-b083-bebb4550122d, stateEnterTime=2022-12-15T22:22:09.599Z, owner=om1} to 1e86e54b-7ea4-4ffe-a764-33ccb592660f{ip: 10.1.0.13, host: fv-az83-67.pawgbth4qraerhbqawdeo1jfng.dx.internal.cloudapp.net, ports: [REPLICATION=41383, RATIS=45413, RATIS_ADMIN=45413, RATIS_SERVER=45413, STANDALONE=39139], networkLocation: /default-rack, certSerialId: null, persistedOpState: DECOMMISSIONING, persistedOpStateExpiryEpochSec: 0}
2022-12-15 22:22:15,284 [ReplicationMonitor] INFO  replication.ReplicationManager (ReplicationManager.java:sendDatanodeCommand(423)) - Sending command of type closeContainerCommand for container ContainerInfo{id=#8, state=CLOSED, pipelineID=PipelineID=f173ee43-aca2-4969-847c-ea35770a825d, stateEnterTime=2022-12-15T22:22:09.797Z, owner=om1} to 9af99ef4-a70d-4375-9c0d-594670c86eaa{ip: 10.1.0.13, host: fv-az83-67.pawgbth4qraerhbqawdeo1jfng.dx.internal.cloudapp.net, ports: [REPLICATION=37293, RATIS=37969, RATIS_ADMIN=37969, RATIS_SERVER=37969, STANDALONE=45841], networkLocation: /default-rack, certSerialId: null, persistedOpState: IN_SERVICE, persistedOpStateExpiryEpochSec: 0}
2022-12-15 22:22:15,285 [ReplicationMonitor] INFO  replication.ReplicationManager (ReplicationManager.java:sendDatanodeCommand(423)) - Sending command of type closeContainerCommand for container ContainerInfo{id=#8, state=CLOSED, pipelineID=PipelineID=f173ee43-aca2-4969-847c-ea35770a825d, stateEnterTime=2022-12-15T22:22:09.797Z, owner=om1} to 1e86e54b-7ea4-4ffe-a764-33ccb592660f{ip: 10.1.0.13, host: fv-az83-67.pawgbth4qraerhbqawdeo1jfng.dx.internal.cloudapp.net, ports: [REPLICATION=41383, RATIS=45413, RATIS_ADMIN=45413, RATIS_SERVER=45413, STANDALONE=39139], networkLocation: /default-rack, certSerialId: null, persistedOpState: DECOMMISSIONING, persistedOpStateExpiryEpochSec: 0}
2022-12-15 22:22:15,285 [ReplicationMonitor] INFO  replication.ReplicationManager (ReplicationManager.java:sendDatanodeCommand(423)) - Sending command of type closeContainerCommand for container ContainerInfo{id=#8, state=CLOSED, pipelineID=PipelineID=f173ee43-aca2-4969-847c-ea35770a825d, stateEnterTime=2022-12-15T22:22:09.797Z, owner=om1} to 36e1593a-57cf-42fc-9e99-3bc8e6c88ec2{ip: 10.1.0.13, host: fv-az83-67.pawgbth4qraerhbqawdeo1jfng.dx.internal.cloudapp.net, ports: [REPLICATION=36657, RATIS=46439, RATIS_ADMIN=46439, RATIS_SERVER=46439, STANDALONE=39281], networkLocation: /default-rack, certSerialId: null, persistedOpState: IN_SERVICE, persistedOpStateExpiryEpochSec: 0}
2022-12-15 22:22:15,285 [ReplicationMonitor] INFO  replication.ReplicationManager (ReplicationManager.java:sendDatanodeCommand(423)) - Sending command of type closeContainerCommand for container ContainerInfo{id=#8, state=CLOSED, pipelineID=PipelineID=f173ee43-aca2-4969-847c-ea35770a825d, stateEnterTime=2022-12-15T22:22:09.797Z, owner=om1} to c0e45f45-48a3-418c-b3ac-112e0491709c{ip: 10.1.0.13, host: fv-az83-67.pawgbth4qraerhbqawdeo1jfng.dx.internal.cloudapp.net, ports: [REPLICATION=35393, RATIS=40363, RATIS_ADMIN=40363, RATIS_SERVER=40363, STANDALONE=44419], networkLocation: /default-rack, certSerialId: null, persistedOpState: IN_SERVICE, persistedOpStateExpiryEpochSec: 0}
2022-12-15 22:22:15,285 [ReplicationMonitor] INFO  replication.ReplicationManager (ReplicationManager.java:processAll(360)) - Replication Monitor Thread took 22 milliseconds for processing 8 containers.
2022-12-15 22:22:15,356 [EndpointStateMachine task thread for /0.0.0.0:46479 - 0 ] INFO  utils.DatanodeStoreCache (DatanodeStoreCache.java:addDB(58)) - Added db /home/runner/work/ozone/ozone/hadoop-ozone/integration-test/target/test-dir/MiniOzoneClusterImpl-c952205c-0de4-41d8-8615-baf19f81c5db/datanode-5/data-0/containers/hdds/c952205c-0de4-41d8-8615-baf19f81c5db/DS-84fa5f1e-8a19-4723-89e1-ebee5e480492/container.db to cache
2022-12-15 22:22:15,356 [EndpointStateMachine task thread for /0.0.0.0:46479 - 0 ] INFO  volume.HddsVolume (HddsVolume.java:createDbStore(307)) - SchemaV3 db is created and loaded at /home/runner/work/ozone/ozone/hadoop-ozone/integration-test/target/test-dir/MiniOzoneClusterImpl-c952205c-0de4-41d8-8615-baf19f81c5db/datanode-5/data-0/containers/hdds/c952205c-0de4-41d8-8615-baf19f81c5db/DS-84fa5f1e-8a19-4723-89e1-ebee5e480492/container.db for volume DS-84fa5f1e-8a19-4723-89e1-ebee5e480492
2022-12-15 22:22:15,357 [EndpointStateMachine task thread for /0.0.0.0:46479 - 0 ] INFO  ozoneimpl.OzoneContainer (OzoneContainer.java:start(395)) - Attempting to start container services.
2022-12-15 22:22:15,357 [EndpointStateMachine task thread for /0.0.0.0:46479 - 0 ] INFO  ozoneimpl.OzoneContainer (OzoneContainer.java:startContainerScrub(312)) - Scheduled background container scanners and the on-demand container scanner have been disabled.
2022-12-15 22:22:15,361 [EndpointStateMachine task thread for /0.0.0.0:46479 - 0 ] INFO  replication.ReplicationServer (ReplicationServer.java:start(106)) - ReplicationServer is started using port 40465
2022-12-15 22:22:15,363 [EndpointStateMachine task thread for /0.0.0.0:46479 - 0 ] INFO  ratis.XceiverServerRatis (XceiverServerRatis.java:start(481)) - Starting XceiverServerRatis a2b0f54d-1a24-4450-b7bb-6a8d8fd6bbfe
2022-12-15 22:22:15,365 [EndpointStateMachine task thread for /0.0.0.0:46479 - 0 ] INFO  server.RaftServer (RaftServerProxy.java:startImpl(393)) - a2b0f54d-1a24-4450-b7bb-6a8d8fd6bbfe: start RPC server
2022-12-15 22:22:15,374 [EndpointStateMachine task thread for /0.0.0.0:46479 - 0 ] INFO  server.GrpcService (GrpcService.java:startImpl(262)) - a2b0f54d-1a24-4450-b7bb-6a8d8fd6bbfe: GrpcService started, listening on 34063
2022-12-15 22:22:15,374 [EndpointStateMachine task thread for /0.0.0.0:46479 - 0 ] INFO  ratis.XceiverServerRatis (XceiverServerRatis.java:getRealPort(502)) - XceiverServerRatis a2b0f54d-1a24-4450-b7bb-6a8d8fd6bbfe is started using port 34063 for RATIS
2022-12-15 22:22:15,374 [JvmPauseMonitor14] INFO  util.JvmPauseMonitor (JvmPauseMonitor.java:run(105)) - JvmPauseMonitor-a2b0f54d-1a24-4450-b7bb-6a8d8fd6bbfe: Started
2022-12-15 22:22:15,374 [EndpointStateMachine task thread for /0.0.0.0:46479 - 0 ] INFO  ratis.XceiverServerRatis (XceiverServerRatis.java:getRealPort(502)) - XceiverServerRatis a2b0f54d-1a24-4450-b7bb-6a8d8fd6bbfe is started using port 34063 for RATIS_ADMIN
2022-12-15 22:22:15,374 [EndpointStateMachine task thread for /0.0.0.0:46479 - 0 ] INFO  ratis.XceiverServerRatis (XceiverServerRatis.java:getRealPort(502)) - XceiverServerRatis a2b0f54d-1a24-4450-b7bb-6a8d8fd6bbfe is started using port 34063 for RATIS_SERVER
2022-12-15 22:22:15,380 [EndpointStateMachine task thread for /0.0.0.0:46479 - 0 ] INFO  server.XceiverServerGrpc (XceiverServerGrpc.java:start(180)) - XceiverServerGrpc a2b0f54d-1a24-4450-b7bb-6a8d8fd6bbfe is started using port 33799
2022-12-15 22:22:15,417 [Command processor thread] INFO  keyvalue.KeyValueContainer (KeyValueContainer.java:flushAndSyncDB(437)) - Container 6 is synced with bcsId 0.
2022-12-15 22:22:15,417 [Command processor thread] INFO  keyvalue.KeyValueContainer (KeyValueContainer.java:flushAndSyncDB(437)) - Container 6 is synced with bcsId 0.
2022-12-15 22:22:15,419 [EventQueue-CommandQueueReportForCommandQueueReportHandler] WARN  events.EventQueue (EventQueue.java:fireEvent(216)) - No event handler registered for event TypedEvent{payloadType=DatanodeDetails, name='Datanode_Command_Queue_Updated'}
2022-12-15 22:22:15,420 [Command processor thread] INFO  keyvalue.KeyValueContainer (KeyValueContainer.java:close(352)) - Container 6 is closed with bcsId 0.
2022-12-15 22:22:15,421 [EventQueue-CommandQueueReportForCommandQueueReportHandler] WARN  events.EventQueue (EventQueue.java:fireEvent(216)) - No event handler registered for event TypedEvent{payloadType=DatanodeDetails, name='Datanode_Command_Queue_Updated'}
2022-12-15 22:22:15,423 [EventQueue-CommandQueueReportForCommandQueueReportHandler] WARN  events.EventQueue (EventQueue.java:fireEvent(216)) - No event handler registered for event TypedEvent{payloadType=DatanodeDetails, name='Datanode_Command_Queue_Updated'}
2022-12-15 22:22:15,426 [Command processor thread] INFO  keyvalue.KeyValueContainer (KeyValueContainer.java:flushAndSyncDB(437)) - Container 7 is synced with bcsId 0.
2022-12-15 22:22:15,427 [EventQueue-CommandQueueReportForCommandQueueReportHandler] WARN  events.EventQueue (EventQueue.java:fireEvent(216)) - No event handler registered for event TypedEvent{payloadType=DatanodeDetails, name='Datanode_Command_Queue_Updated'}
2022-12-15 22:22:15,430 [Command processor thread] INFO  keyvalue.KeyValueContainer (KeyValueContainer.java:flushAndSyncDB(437)) - Container 7 is synced with bcsId 0.
2022-12-15 22:22:15,437 [Command processor thread] INFO  keyvalue.KeyValueContainer (KeyValueContainer.java:close(352)) - Container 7 is closed with bcsId 0.
2022-12-15 22:22:15,445 [EventQueue-CommandQueueReportForCommandQueueReportHandler] WARN  events.EventQueue (EventQueue.java:fireEvent(216)) - No event handler registered for event TypedEvent{payloadType=DatanodeDetails, name='Datanode_Command_Queue_Updated'}
2022-12-15 22:22:15,449 [EventQueue-CommandQueueReportForCommandQueueReportHandler] WARN  events.EventQueue (EventQueue.java:fireEvent(216)) - No event handler registered for event TypedEvent{payloadType=DatanodeDetails, name='Datanode_Command_Queue_Updated'}
2022-12-15 22:22:15,450 [Command processor thread] INFO  keyvalue.KeyValueContainer (KeyValueContainer.java:flushAndSyncDB(437)) - Container 8 is synced with bcsId 0.
2022-12-15 22:22:15,450 [Command processor thread] INFO  keyvalue.KeyValueContainer (KeyValueContainer.java:flushAndSyncDB(437)) - Container 8 is synced with bcsId 0.
2022-12-15 22:22:15,453 [Command processor thread] INFO  keyvalue.KeyValueContainer (KeyValueContainer.java:close(352)) - Container 8 is closed with bcsId 0.
2022-12-15 22:22:15,455 [EventQueue-CommandQueueReportForCommandQueueReportHandler] WARN  events.EventQueue (EventQueue.java:fireEvent(216)) - No event handler registered for event TypedEvent{payloadType=DatanodeDetails, name='Datanode_Command_Queue_Updated'}
2022-12-15 22:22:15,464 [ContainerReplicationThread-0] INFO  replication.DownloadAndImportReplicator (DownloadAndImportReplicator.java:replicate(105)) - Starting replication of container 1 from [8742ce53-ec43-4b5d-92fb-ca295b19fdac{ip: 10.1.0.13, host: fv-az83-67.pawgbth4qraerhbqawdeo1jfng.dx.internal.cloudapp.net, ports: [REPLICATION=42995, RATIS=44977, RATIS_ADMIN=44977, RATIS_SERVER=44977, STANDALONE=39581], networkLocation: /default-rack, certSerialId: null, persistedOpState: IN_SERVICE, persistedOpStateExpiryEpochSec: 0}, e0198350-5a80-4cc9-b4d4-fe7f34161fcd{ip: 10.1.0.13, host: fv-az83-67.pawgbth4qraerhbqawdeo1jfng.dx.internal.cloudapp.net, ports: [REPLICATION=33725, RATIS=33167, RATIS_ADMIN=33167, RATIS_SERVER=33167, STANDALONE=40941], networkLocation: /default-rack, certSerialId: null, persistedOpState: IN_SERVICE, persistedOpStateExpiryEpochSec: 0}, 1e86e54b-7ea4-4ffe-a764-33ccb592660f{ip: 10.1.0.13, host: fv-az83-67.pawgbth4qraerhbqawdeo1jfng.dx.internal.cloudapp.net, ports: [REPLICATION=41383, RATIS=45413, RATIS_ADMIN=45413, RATIS_SERVER=45413, STANDALONE=39139], networkLocation: /default-rack, certSerialId: null, persistedOpState: DECOMMISSIONING, persistedOpStateExpiryEpochSec: 0}]
2022-12-15 22:22:15,487 [grpc-default-executor-4] INFO  replication.GrpcReplicationService (GrpcReplicationService.java:download(52)) - Streaming container data (1) to other datanode
2022-12-15 22:22:15,551 [grpc-default-executor-4] INFO  replication.GrpcOutputStream (GrpcOutputStream.java:close(104)) - Sent 1847 bytes for container 1
2022-12-15 22:22:15,552 [grpc-default-executor-3] INFO  replication.GrpcReplicationClient (GrpcReplicationClient.java:onCompleted(195)) - Container 1 is downloaded to /home/runner/work/ozone/ozone/hadoop-ozone/integration-test/target/test-dir/MiniOzoneClusterImpl-67032562-5e12-4c4f-a5ab-79ddd1e2132c/datanode-5/data/replication/work/container-1.tar.gz
2022-12-15 22:22:15,555 [ContainerReplicationThread-0] INFO  replication.DownloadAndImportReplicator (DownloadAndImportReplicator.java:replicate(117)) - Container 1 is downloaded with size 1847, starting to import.
2022-12-15 22:22:15,640 [EventQueue-CommandQueueReportForCommandQueueReportHandler] WARN  events.EventQueue (EventQueue.java:fireEvent(216)) - No event handler registered for event TypedEvent{payloadType=DatanodeDetails, name='Datanode_Command_Queue_Updated'}
2022-12-15 22:22:15,646 [ContainerReplicationThread-0] INFO  replication.DownloadAndImportReplicator (DownloadAndImportReplicator.java:replicate(122)) - Container 1 is replicated successfully
2022-12-15 22:22:15,646 [ContainerReplicationThread-0] INFO  replication.ReplicationSupervisor (ReplicationSupervisor.java:run(179)) - Container 1 is replicated.
2022-12-15 22:22:15,751 [EventQueue-CommandQueueReportForCommandQueueReportHandler] WARN  events.EventQueue (EventQueue.java:fireEvent(216)) - No event handler registered for event TypedEvent{payloadType=DatanodeDetails, name='Datanode_Command_Queue_Updated'}
2022-12-15 22:22:15,758 [Listener at 127.0.0.1/41387] INFO  ozone.MiniOzoneClusterImpl (MiniOzoneClusterImpl.java:lambda$waitForClusterToBeReady$0(216)) - Waiting for nodes to be ready. Got 3 of 7 DN Heartbeats.
2022-12-15 22:22:15,758 [Listener at 127.0.0.1/41387] INFO  ozone.MiniOzoneClusterImpl (MiniOzoneClusterImpl.java:lambda$waitForClusterToBeReady$0(219)) - Waiting for cluster to exit safe mode
2022-12-15 22:22:15,758 [Listener at 127.0.0.1/41387] INFO  ozone.MiniOzoneClusterImpl (MiniOzoneClusterImpl.java:lambda$waitForClusterToBeReady$0(221)) - SCM became leader
2022-12-15 22:22:15,776 [Command processor thread] INFO  server.RaftServer (RaftServerProxy.java:addNew(96)) - 51274d7d-d5a1-4c32-9641-f14f0b9efaa9: addNew group-C0248F7E2A7E:[51274d7d-d5a1-4c32-9641-f14f0b9efaa9|rpc:10.1.0.13:34457|priority:1|startupRole:FOLLOWER] returns group-C0248F7E2A7E:java.util.concurrent.CompletableFuture@17ef9fe7[Not completed]
2022-12-15 22:22:15,778 [pool-339-thread-1] INFO  server.RaftServer$Division (RaftServerImpl.java:<init>(195)) - 51274d7d-d5a1-4c32-9641-f14f0b9efaa9: new RaftServerImpl for group-C0248F7E2A7E:[51274d7d-d5a1-4c32-9641-f14f0b9efaa9|rpc:10.1.0.13:34457|priority:1|startupRole:FOLLOWER] with ContainerStateMachine:uninitialized
2022-12-15 22:22:15,778 [pool-339-thread-1] INFO  server.RaftServerConfigKeys (ConfUtils.java:logGet(46)) - raft.server.rpc.timeout.min = 5s (custom)
2022-12-15 22:22:15,778 [pool-339-thread-1] INFO  server.RaftServerConfigKeys (ConfUtils.java:logGet(46)) - raft.server.rpc.timeout.max = 5200ms (custom)
2022-12-15 22:22:15,778 [pool-339-thread-1] INFO  server.RaftServerConfigKeys (ConfUtils.java:logGet(46)) - raft.server.rpc.sleep.time = 25ms (default)
2022-12-15 22:22:15,778 [pool-339-thread-1] INFO  server.RaftServerConfigKeys (ConfUtils.java:logGet(46)) - raft.server.rpc.slowness.timeout = 300s (custom)
2022-12-15 22:22:15,778 [pool-339-thread-1] INFO  server.RaftServerConfigKeys (ConfUtils.java:logGet(46)) - raft.server.leaderelection.leader.step-down.wait-time = 10s (default)
2022-12-15 22:22:15,778 [pool-339-thread-1] INFO  server.RaftServerConfigKeys (ConfUtils.java:logGet(46)) - raft.server.sleep.deviation.threshold = 300ms (default)
2022-12-15 22:22:15,779 [pool-339-thread-1] INFO  server.RaftServer$Division (ServerState.java:<init>(118)) - 51274d7d-d5a1-4c32-9641-f14f0b9efaa9@group-C0248F7E2A7E: ConfigurationManager, init=-1: peers:[51274d7d-d5a1-4c32-9641-f14f0b9efaa9|rpc:10.1.0.13:34457|priority:1|startupRole:FOLLOWER]|listeners:[], old=null, confs=<EMPTY_MAP>
2022-12-15 22:22:15,779 [pool-339-thread-1] INFO  server.RaftServerConfigKeys (ConfUtils.java:logGet(46)) - raft.server.storage.dir = [/home/runner/work/ozone/ozone/hadoop-ozone/integration-test/target/test-dir/MiniOzoneClusterImpl-c952205c-0de4-41d8-8615-baf19f81c5db/datanode-0/data/ratis] (custom)
2022-12-15 22:22:15,779 [pool-339-thread-1] INFO  server.RaftServerConfigKeys (ConfUtils.java:logGet(46)) - raft.server.log.corruption.policy = EXCEPTION (default)
2022-12-15 22:22:15,779 [pool-339-thread-1] INFO  server.RaftServerConfigKeys (ConfUtils.java:logGet(46)) - raft.server.storage.free-space.min = 0MB (=0) (default)
2022-12-15 22:22:15,780 [EventQueue-CommandQueueReportForCommandQueueReportHandler] WARN  events.EventQueue (EventQueue.java:fireEvent(216)) - No event handler registered for event TypedEvent{payloadType=DatanodeDetails, name='Datanode_Command_Queue_Updated'}
2022-12-15 22:22:15,780 [pool-339-thread-1] INFO  server.RaftServerConfigKeys (ConfUtils.java:logGet(46)) - raft.server.notification.no-leader.timeout = 300s (custom)
2022-12-15 22:22:15,780 [pool-339-thread-1] INFO  server.RaftServerConfigKeys (ConfUtils.java:logGet(46)) - raft.server.retrycache.expirytime = 600000ms (custom)
2022-12-15 22:22:15,780 [pool-339-thread-1] INFO  server.RaftServerConfigKeys (ConfUtils.java:logGet(46)) - raft.server.retrycache.statistics.expirytime = 100μs (default)
2022-12-15 22:22:15,783 [pool-339-thread-1] INFO  server.RaftServerConfigKeys (ConfUtils.java:logGet(46)) - raft.server.log.appender.install.snapshot.enabled = false (custom)
2022-12-15 22:22:15,783 [pool-339-thread-1] INFO  server.RaftServerConfigKeys (ConfUtils.java:logGet(46)) - raft.server.threadpool.server.cached = true (default)
2022-12-15 22:22:15,783 [pool-339-thread-1] INFO  server.RaftServerConfigKeys (ConfUtils.java:logGet(46)) - raft.server.threadpool.server.size = 0 (default)
2022-12-15 22:22:15,783 [pool-339-thread-1] INFO  server.RaftServerConfigKeys (ConfUtils.java:logGet(46)) - raft.server.threadpool.client.cached = true (default)
2022-12-15 22:22:15,783 [pool-339-thread-1] INFO  server.RaftServerConfigKeys (ConfUtils.java:logGet(46)) - raft.server.threadpool.client.size = 0 (default)
2022-12-15 22:22:15,783 [pool-339-thread-1] INFO  storage.RaftStorageDirectory (RaftStorageDirectoryImpl.java:analyzeStorage(137)) - The storage directory /home/runner/work/ozone/ozone/hadoop-ozone/integration-test/target/test-dir/MiniOzoneClusterImpl-c952205c-0de4-41d8-8615-baf19f81c5db/datanode-0/data/ratis/76524b22-ff27-45a7-9ff2-c0248f7e2a7e does not exist. Creating ...
2022-12-15 22:22:15,785 [pool-339-thread-1] INFO  storage.RaftStorageDirectory (RaftStorageDirectoryImpl.java:tryLock(231)) - Lock on /home/runner/work/ozone/ozone/hadoop-ozone/integration-test/target/test-dir/MiniOzoneClusterImpl-c952205c-0de4-41d8-8615-baf19f81c5db/datanode-0/data/ratis/76524b22-ff27-45a7-9ff2-c0248f7e2a7e/in_use.lock acquired by nodename 2635@fv-az83-67
2022-12-15 22:22:15,787 [pool-339-thread-1] INFO  storage.RaftStorage (RaftStorageImpl.java:format(96)) - Storage directory /home/runner/work/ozone/ozone/hadoop-ozone/integration-test/target/test-dir/MiniOzoneClusterImpl-c952205c-0de4-41d8-8615-baf19f81c5db/datanode-0/data/ratis/76524b22-ff27-45a7-9ff2-c0248f7e2a7e has been successfully formatted.
2022-12-15 22:22:15,788 [pool-339-thread-1] INFO  ratis.ContainerStateMachine (ContainerStateMachine.java:loadSnapshot(236)) - group-C0248F7E2A7E: The snapshot info is null. Setting the last applied indexto:(t:0, i:~)
2022-12-15 22:22:15,788 [pool-339-thread-1] INFO  server.RaftServerConfigKeys (ConfUtils.java:logGet(46)) - raft.server.log.use.memory = false (default)
2022-12-15 22:22:15,788 [pool-339-thread-1] INFO  server.RaftServerConfigKeys (ConfUtils.java:logGet(46)) - raft.server.log.purge.gap = 1000000 (custom)
2022-12-15 22:22:15,788 [pool-339-thread-1] INFO  server.RaftServerConfigKeys (ConfUtils.java:logGet(46)) - raft.server.log.appender.buffer.byte-limit = 33554432 (custom)
2022-12-15 22:22:15,788 [pool-339-thread-1] INFO  server.RaftServerConfigKeys (ConfUtils.java:logGet(46)) - raft.server.log.statemachine.data.read.timeout = 1000ms (default)
2022-12-15 22:22:15,788 [pool-339-thread-1] INFO  server.RaftServerConfigKeys (ConfUtils.java:logGet(46)) - raft.server.log.purge.preservation.log.num = 0 (default)
2022-12-15 22:22:15,789 [pool-339-thread-1] INFO  server.RaftServerConfigKeys (ConfUtils.java:logGet(46)) - raft.server.log.segment.size.max = 1048576 (custom)
2022-12-15 22:22:15,789 [EventQueue-CommandQueueReportForCommandQueueReportHandler] WARN  events.EventQueue (EventQueue.java:fireEvent(216)) - No event handler registered for event TypedEvent{payloadType=DatanodeDetails, name='Datanode_Command_Queue_Updated'}
2022-12-15 22:22:15,790 [EventQueue-PipelineReportForPipelineReportHandler] INFO  pipeline.PipelineManagerImpl (PipelineManagerImpl.java:openPipeline(367)) - Pipeline Pipeline[ Id: 76524b22-ff27-45a7-9ff2-c0248f7e2a7e, Nodes: 51274d7d-d5a1-4c32-9641-f14f0b9efaa9{ip: 10.1.0.13, host: fv-az83-67.pawgbth4qraerhbqawdeo1jfng.dx.internal.cloudapp.net, ports: [REPLICATION=33207, RATIS=34457, RATIS_ADMIN=34457, RATIS_SERVER=34457, STANDALONE=45609], networkLocation: /default-rack, certSerialId: null, persistedOpState: IN_SERVICE, persistedOpStateExpiryEpochSec: 0}, ReplicationConfig: RATIS/ONE, State:ALLOCATED, leaderId:51274d7d-d5a1-4c32-9641-f14f0b9efaa9, CreationTimestamp2022-12-15T22:22:12.815Z[Etc/UTC]] moved to OPEN state
2022-12-15 22:22:15,791 [pool-339-thread-1] INFO  server.RaftServerConfigKeys (ConfUtils.java:logGet(46)) - raft.server.log.segment.cache.num.max = 2 (custom)
2022-12-15 22:22:15,791 [pool-339-thread-1] INFO  server.RaftServerConfigKeys (ConfUtils.java:logGet(46)) - raft.server.log.segment.cache.size.max = 200MB (=209715200) (default)
2022-12-15 22:22:15,794 [pool-339-thread-1] INFO  segmented.SegmentedRaftLogWorker (SegmentedRaftLogWorker.java:<init>(189)) - new 51274d7d-d5a1-4c32-9641-f14f0b9efaa9@group-C0248F7E2A7E-SegmentedRaftLogWorker for RaftStorageImpl:Storage Directory /home/runner/work/ozone/ozone/hadoop-ozone/integration-test/target/test-dir/MiniOzoneClusterImpl-c952205c-0de4-41d8-8615-baf19f81c5db/datanode-0/data/ratis/76524b22-ff27-45a7-9ff2-c0248f7e2a7e
2022-12-15 22:22:15,794 [pool-339-thread-1] INFO  server.RaftServerConfigKeys (ConfUtils.java:logGet(46)) - raft.server.log.queue.byte-limit = 4294967296 (custom)
2022-12-15 22:22:15,794 [pool-339-thread-1] INFO  server.RaftServerConfigKeys (ConfUtils.java:logGet(46)) - raft.server.log.queue.element-limit = 1024 (custom)
2022-12-15 22:22:15,794 [pool-339-thread-1] INFO  server.RaftServerConfigKeys (ConfUtils.java:logGet(46)) - raft.server.log.segment.size.max = 1048576 (custom)
2022-12-15 22:22:15,794 [pool-339-thread-1] INFO  server.RaftServerConfigKeys (ConfUtils.java:logGet(46)) - raft.server.log.preallocated.size = 16384 (custom)
2022-12-15 22:22:15,794 [pool-339-thread-1] INFO  server.RaftServerConfigKeys (ConfUtils.java:logGet(46)) - raft.server.log.force.sync.num = 128 (default)
2022-12-15 22:22:15,794 [pool-339-thread-1] INFO  server.RaftServerConfigKeys (ConfUtils.java:logGet(46)) - raft.server.log.statemachine.data.sync = true (default)
2022-12-15 22:22:15,794 [pool-339-thread-1] INFO  server.RaftServerConfigKeys (ConfUtils.java:logGet(46)) - raft.server.log.statemachine.data.sync.timeout = 10s (default)
2022-12-15 22:22:15,795 [pool-339-thread-1] INFO  server.RaftServerConfigKeys (ConfUtils.java:logGet(46)) - raft.server.log.statemachine.data.sync.timeout.retry = -1 (default)
2022-12-15 22:22:15,812 [pool-339-thread-1] INFO  server.RaftServerConfigKeys (ConfUtils.java:logGet(46)) - raft.server.log.write.buffer.size = 1048576 (custom)
2022-12-15 22:22:15,813 [pool-339-thread-1] INFO  server.RaftServerConfigKeys (ConfUtils.java:logGet(46)) - raft.server.log.appender.buffer.byte-limit = 33554432 (custom)
2022-12-15 22:22:15,817 [EventQueue-OpenPipelineForHealthyPipelineSafeModeRule] INFO  safemode.SCMSafeModeManager (HealthyPipelineSafeModeRule.java:process(137)) - SCM in safe mode. Healthy pipelines reported count is 0, required healthy pipeline reported count is 1
2022-12-15 22:22:15,822 [pool-339-thread-1] INFO  server.RaftServerConfigKeys (ConfUtils.java:logGet(46)) - raft.server.log.unsafe-flush.enabled = false (default)
2022-12-15 22:22:15,822 [pool-339-thread-1] INFO  server.RaftServerConfigKeys (ConfUtils.java:logGet(46)) - raft.server.log.async-flush.enabled = false (default)
2022-12-15 22:22:15,822 [pool-339-thread-1] INFO  server.RaftServerConfigKeys (ConfUtils.java:logGet(46)) - raft.server.log.statemachine.data.caching.enabled = true (custom)
2022-12-15 22:22:15,822 [pool-339-thread-1] INFO  segmented.SegmentedRaftLogWorker (SegmentedRaftLogWorker.java:lambda$new$0(135)) - 51274d7d-d5a1-4c32-9641-f14f0b9efaa9@group-C0248F7E2A7E-SegmentedRaftLogWorker: flushIndex: setUnconditionally 0 -> -1
2022-12-15 22:22:15,822 [pool-339-thread-1] INFO  segmented.SegmentedRaftLogWorker (SegmentedRaftLogWorker.java:lambda$new$0(135)) - 51274d7d-d5a1-4c32-9641-f14f0b9efaa9@group-C0248F7E2A7E-SegmentedRaftLogWorker: safeCacheEvictIndex: setUnconditionally 0 -> -1
2022-12-15 22:22:15,824 [pool-339-thread-1] INFO  server.RaftServer$Division (RaftServerImpl.java:start(334)) - 51274d7d-d5a1-4c32-9641-f14f0b9efaa9@group-C0248F7E2A7E: start as a follower, conf=-1: peers:[51274d7d-d5a1-4c32-9641-f14f0b9efaa9|rpc:10.1.0.13:34457|priority:1|startupRole:FOLLOWER]|listeners:[], old=null
2022-12-15 22:22:15,824 [pool-339-thread-1] INFO  server.RaftServer$Division (RaftServerImpl.java:setRole(321)) - 51274d7d-d5a1-4c32-9641-f14f0b9efaa9@group-C0248F7E2A7E: changes role from      null to FOLLOWER at term 0 for startAsFollower
2022-12-15 22:22:15,824 [pool-339-thread-1] INFO  impl.RoleInfo (RoleInfo.java:updateAndGet(139)) - 51274d7d-d5a1-4c32-9641-f14f0b9efaa9: start 51274d7d-d5a1-4c32-9641-f14f0b9efaa9@group-C0248F7E2A7E-FollowerState
2022-12-15 22:22:15,828 [pool-339-thread-1] INFO  util.JmxRegister (JmxRegister.java:tryRegister(44)) - Successfully registered JMX Bean with object name Ratis:service=RaftServer,group=group-C0248F7E2A7E,id=51274d7d-d5a1-4c32-9641-f14f0b9efaa9
2022-12-15 22:22:15,828 [pool-339-thread-1] INFO  server.RaftServerConfigKeys (ConfUtils.java:logGet(46)) - raft.server.snapshot.auto.trigger.enabled = true (custom)
2022-12-15 22:22:15,828 [pool-339-thread-1] INFO  server.RaftServerConfigKeys (ConfUtils.java:logGet(46)) - raft.server.snapshot.auto.trigger.threshold = 10000 (custom)
2022-12-15 22:22:15,828 [pool-339-thread-1] INFO  server.RaftServerConfigKeys (ConfUtils.java:logGet(46)) - raft.server.snapshot.retention.file.num = 5 (custom)
2022-12-15 22:22:15,828 [pool-339-thread-1] INFO  server.RaftServerConfigKeys (ConfUtils.java:logGet(46)) - raft.server.log.purge.upto.snapshot.index = false (default)
2022-12-15 22:22:15,829 [51274d7d-d5a1-4c32-9641-f14f0b9efaa9@group-C0248F7E2A7E-FollowerState] INFO  server.RaftServerConfigKeys (ConfUtils.java:logFallback(53)) - raft.server.rpc.first-election.timeout.min = 5s (fallback to raft.server.rpc.timeout.min)
2022-12-15 22:22:15,829 [51274d7d-d5a1-4c32-9641-f14f0b9efaa9@group-C0248F7E2A7E-FollowerState] INFO  server.RaftServerConfigKeys (ConfUtils.java:logFallback(53)) - raft.server.rpc.first-election.timeout.max = 5200ms (fallback to raft.server.rpc.timeout.max)
2022-12-15 22:22:15,832 [Command processor thread] INFO  ratis.XceiverServerRatis (XceiverServerRatis.java:addGroup(765)) - Created group PipelineID=76524b22-ff27-45a7-9ff2-c0248f7e2a7e
2022-12-15 22:22:15,832 [Command processor thread] INFO  commandhandler.CreatePipelineCommandHandler (CreatePipelineCommandHandler.java:handle(113)) - Created Pipeline RATIS ONE PipelineID=76524b22-ff27-45a7-9ff2-c0248f7e2a7e.
2022-12-15 22:22:15,832 [Command processor thread] INFO  server.RaftServer (RaftServerProxy.java:addNew(96)) - 51274d7d-d5a1-4c32-9641-f14f0b9efaa9: addNew group-85E5E1C09A56:[51274d7d-d5a1-4c32-9641-f14f0b9efaa9|rpc:10.1.0.13:34457|priority:1|startupRole:FOLLOWER, a42aff4d-9d7b-4010-992a-35ce3c1e1689|rpc:10.1.0.13:44723|priority:0|startupRole:FOLLOWER, 5c5af87b-4e3e-41fb-877c-ea0d3e3ca2da|rpc:10.1.0.13:45309|priority:0|startupRole:FOLLOWER] returns group-85E5E1C09A56:java.util.concurrent.CompletableFuture@13d019c2[Not completed]
2022-12-15 22:22:15,834 [pool-339-thread-1] INFO  server.RaftServer$Division (RaftServerImpl.java:<init>(195)) - 51274d7d-d5a1-4c32-9641-f14f0b9efaa9: new RaftServerImpl for group-85E5E1C09A56:[51274d7d-d5a1-4c32-9641-f14f0b9efaa9|rpc:10.1.0.13:34457|priority:1|startupRole:FOLLOWER, a42aff4d-9d7b-4010-992a-35ce3c1e1689|rpc:10.1.0.13:44723|priority:0|startupRole:FOLLOWER, 5c5af87b-4e3e-41fb-877c-ea0d3e3ca2da|rpc:10.1.0.13:45309|priority:0|startupRole:FOLLOWER] with ContainerStateMachine:uninitialized
2022-12-15 22:22:15,834 [pool-339-thread-1] INFO  server.RaftServerConfigKeys (ConfUtils.java:logGet(46)) - raft.server.rpc.timeout.min = 5s (custom)
2022-12-15 22:22:15,834 [pool-339-thread-1] INFO  server.RaftServerConfigKeys (ConfUtils.java:logGet(46)) - raft.server.rpc.timeout.max = 5200ms (custom)
2022-12-15 22:22:15,834 [pool-339-thread-1] INFO  server.RaftServerConfigKeys (ConfUtils.java:logGet(46)) - raft.server.rpc.sleep.time = 25ms (default)
2022-12-15 22:22:15,834 [pool-339-thread-1] INFO  server.RaftServerConfigKeys (ConfUtils.java:logGet(46)) - raft.server.rpc.slowness.timeout = 300s (custom)
2022-12-15 22:22:15,834 [pool-339-thread-1] INFO  server.RaftServerConfigKeys (ConfUtils.java:logGet(46)) - raft.server.leaderelection.leader.step-down.wait-time = 10s (default)
2022-12-15 22:22:15,834 [pool-339-thread-1] INFO  server.RaftServerConfigKeys (ConfUtils.java:logGet(46)) - raft.server.sleep.deviation.threshold = 300ms (default)
2022-12-15 22:22:15,834 [pool-339-thread-1] INFO  server.RaftServer$Division (ServerState.java:<init>(118)) - 51274d7d-d5a1-4c32-9641-f14f0b9efaa9@group-85E5E1C09A56: ConfigurationManager, init=-1: peers:[51274d7d-d5a1-4c32-9641-f14f0b9efaa9|rpc:10.1.0.13:34457|priority:1|startupRole:FOLLOWER, a42aff4d-9d7b-4010-992a-35ce3c1e1689|rpc:10.1.0.13:44723|priority:0|startupRole:FOLLOWER, 5c5af87b-4e3e-41fb-877c-ea0d3e3ca2da|rpc:10.1.0.13:45309|priority:0|startupRole:FOLLOWER]|listeners:[], old=null, confs=<EMPTY_MAP>
2022-12-15 22:22:15,834 [pool-339-thread-1] INFO  server.RaftServerConfigKeys (ConfUtils.java:logGet(46)) - raft.server.storage.dir = [/home/runner/work/ozone/ozone/hadoop-ozone/integration-test/target/test-dir/MiniOzoneClusterImpl-c952205c-0de4-41d8-8615-baf19f81c5db/datanode-0/data/ratis] (custom)
2022-12-15 22:22:15,834 [pool-339-thread-1] INFO  server.RaftServerConfigKeys (ConfUtils.java:logGet(46)) - raft.server.log.corruption.policy = EXCEPTION (default)
2022-12-15 22:22:15,834 [pool-339-thread-1] INFO  server.RaftServerConfigKeys (ConfUtils.java:logGet(46)) - raft.server.storage.free-space.min = 0MB (=0) (default)
2022-12-15 22:22:15,835 [pool-339-thread-1] INFO  server.RaftServerConfigKeys (ConfUtils.java:logGet(46)) - raft.server.notification.no-leader.timeout = 300s (custom)
2022-12-15 22:22:15,835 [pool-339-thread-1] INFO  server.RaftServerConfigKeys (ConfUtils.java:logGet(46)) - raft.server.retrycache.expirytime = 600000ms (custom)
2022-12-15 22:22:15,835 [pool-339-thread-1] INFO  server.RaftServerConfigKeys (ConfUtils.java:logGet(46)) - raft.server.retrycache.statistics.expirytime = 100μs (default)
2022-12-15 22:22:15,837 [EventQueue-CommandQueueReportForCommandQueueReportHandler] WARN  events.EventQueue (EventQueue.java:fireEvent(216)) - No event handler registered for event TypedEvent{payloadType=DatanodeDetails, name='Datanode_Command_Queue_Updated'}
2022-12-15 22:22:15,841 [pool-339-thread-1] INFO  server.RaftServerConfigKeys (ConfUtils.java:logGet(46)) - raft.server.log.appender.install.snapshot.enabled = false (custom)
2022-12-15 22:22:15,841 [pool-339-thread-1] INFO  server.RaftServerConfigKeys (ConfUtils.java:logGet(46)) - raft.server.threadpool.server.cached = true (default)
2022-12-15 22:22:15,842 [pool-339-thread-1] INFO  server.RaftServerConfigKeys (ConfUtils.java:logGet(46)) - raft.server.threadpool.server.size = 0 (default)
2022-12-15 22:22:15,842 [pool-339-thread-1] INFO  server.RaftServerConfigKeys (ConfUtils.java:logGet(46)) - raft.server.threadpool.client.cached = true (default)
2022-12-15 22:22:15,842 [pool-339-thread-1] INFO  server.RaftServerConfigKeys (ConfUtils.java:logGet(46)) - raft.server.threadpool.client.size = 0 (default)
2022-12-15 22:22:15,842 [pool-339-thread-1] INFO  storage.RaftStorageDirectory (RaftStorageDirectoryImpl.java:analyzeStorage(137)) - The storage directory /home/runner/work/ozone/ozone/hadoop-ozone/integration-test/target/test-dir/MiniOzoneClusterImpl-c952205c-0de4-41d8-8615-baf19f81c5db/datanode-0/data/ratis/b4c892e0-acf1-4f84-9870-85e5e1c09a56 does not exist. Creating ...
2022-12-15 22:22:15,846 [pool-339-thread-1] INFO  storage.RaftStorageDirectory (RaftStorageDirectoryImpl.java:tryLock(231)) - Lock on /home/runner/work/ozone/ozone/hadoop-ozone/integration-test/target/test-dir/MiniOzoneClusterImpl-c952205c-0de4-41d8-8615-baf19f81c5db/datanode-0/data/ratis/b4c892e0-acf1-4f84-9870-85e5e1c09a56/in_use.lock acquired by nodename 2635@fv-az83-67
2022-12-15 22:22:15,849 [pool-339-thread-1] INFO  storage.RaftStorage (RaftStorageImpl.java:format(96)) - Storage directory /home/runner/work/ozone/ozone/hadoop-ozone/integration-test/target/test-dir/MiniOzoneClusterImpl-c952205c-0de4-41d8-8615-baf19f81c5db/datanode-0/data/ratis/b4c892e0-acf1-4f84-9870-85e5e1c09a56 has been successfully formatted.
2022-12-15 22:22:15,849 [pool-339-thread-1] INFO  ratis.ContainerStateMachine (ContainerStateMachine.java:loadSnapshot(236)) - group-85E5E1C09A56: The snapshot info is null. Setting the last applied indexto:(t:0, i:~)
2022-12-15 22:22:15,849 [pool-339-thread-1] INFO  server.RaftServerConfigKeys (ConfUtils.java:logGet(46)) - raft.server.log.use.memory = false (default)
2022-12-15 22:22:15,849 [pool-339-thread-1] INFO  server.RaftServerConfigKeys (ConfUtils.java:logGet(46)) - raft.server.log.purge.gap = 1000000 (custom)
2022-12-15 22:22:15,849 [pool-339-thread-1] INFO  server.RaftServerConfigKeys (ConfUtils.java:logGet(46)) - raft.server.log.appender.buffer.byte-limit = 33554432 (custom)
2022-12-15 22:22:15,849 [pool-339-thread-1] INFO  server.RaftServerConfigKeys (ConfUtils.java:logGet(46)) - raft.server.log.statemachine.data.read.timeout = 1000ms (default)
2022-12-15 22:22:15,850 [pool-339-thread-1] INFO  server.RaftServerConfigKeys (ConfUtils.java:logGet(46)) - raft.server.log.purge.preservation.log.num = 0 (default)
2022-12-15 22:22:15,857 [EventQueue-OpenPipelineForHealthyPipelineSafeModeRule] INFO  safemode.SCMSafeModeManager (HealthyPipelineSafeModeRule.java:process(137)) - SCM in safe mode. Healthy pipelines reported count is 0, required healthy pipeline reported count is 1
2022-12-15 22:22:15,858 [pool-339-thread-1] INFO  server.RaftServerConfigKeys (ConfUtils.java:logGet(46)) - raft.server.log.segment.size.max = 1048576 (custom)
2022-12-15 22:22:15,858 [EndpointStateMachine task thread for /0.0.0.0:46479 - 0 ] INFO  utils.DatanodeStoreCache (DatanodeStoreCache.java:addDB(58)) - Added db /home/runner/work/ozone/ozone/hadoop-ozone/integration-test/target/test-dir/MiniOzoneClusterImpl-c952205c-0de4-41d8-8615-baf19f81c5db/datanode-6/data-0/containers/hdds/c952205c-0de4-41d8-8615-baf19f81c5db/DS-0d164a6c-9c2f-43fe-8730-930b8434bf88/container.db to cache
2022-12-15 22:22:15,858 [EndpointStateMachine task thread for /0.0.0.0:46479 - 0 ] INFO  volume.HddsVolume (HddsVolume.java:createDbStore(307)) - SchemaV3 db is created and loaded at /home/runner/work/ozone/ozone/hadoop-ozone/integration-test/target/test-dir/MiniOzoneClusterImpl-c952205c-0de4-41d8-8615-baf19f81c5db/datanode-6/data-0/containers/hdds/c952205c-0de4-41d8-8615-baf19f81c5db/DS-0d164a6c-9c2f-43fe-8730-930b8434bf88/container.db for volume DS-0d164a6c-9c2f-43fe-8730-930b8434bf88
2022-12-15 22:22:15,858 [EndpointStateMachine task thread for /0.0.0.0:46479 - 0 ] INFO  ozoneimpl.OzoneContainer (OzoneContainer.java:start(395)) - Attempting to start container services.
2022-12-15 22:22:15,859 [EndpointStateMachine task thread for /0.0.0.0:46479 - 0 ] INFO  ozoneimpl.OzoneContainer (OzoneContainer.java:startContainerScrub(312)) - Scheduled background container scanners and the on-demand container scanner have been disabled.
2022-12-15 22:22:15,857 [EventQueue-CommandQueueReportForCommandQueueReportHandler] WARN  events.EventQueue (EventQueue.java:fireEvent(216)) - No event handler registered for event TypedEvent{payloadType=DatanodeDetails, name='Datanode_Command_Queue_Updated'}
2022-12-15 22:22:15,860 [EndpointStateMachine task thread for /0.0.0.0:46479 - 0 ] INFO  replication.ReplicationServer (ReplicationServer.java:start(106)) - ReplicationServer is started using port 40095
2022-12-15 22:22:15,862 [pool-339-thread-1] INFO  server.RaftServerConfigKeys (ConfUtils.java:logGet(46)) - raft.server.log.segment.cache.num.max = 2 (custom)
2022-12-15 22:22:15,862 [pool-339-thread-1] INFO  server.RaftServerConfigKeys (ConfUtils.java:logGet(46)) - raft.server.log.segment.cache.size.max = 200MB (=209715200) (default)
2022-12-15 22:22:15,862 [EndpointStateMachine task thread for /0.0.0.0:46479 - 0 ] INFO  ratis.XceiverServerRatis (XceiverServerRatis.java:start(481)) - Starting XceiverServerRatis 34183a5c-def3-4d1f-81ee-eefa48d126ae
2022-12-15 22:22:15,862 [pool-339-thread-1] INFO  segmented.SegmentedRaftLogWorker (SegmentedRaftLogWorker.java:<init>(189)) - new 51274d7d-d5a1-4c32-9641-f14f0b9efaa9@group-85E5E1C09A56-SegmentedRaftLogWorker for RaftStorageImpl:Storage Directory /home/runner/work/ozone/ozone/hadoop-ozone/integration-test/target/test-dir/MiniOzoneClusterImpl-c952205c-0de4-41d8-8615-baf19f81c5db/datanode-0/data/ratis/b4c892e0-acf1-4f84-9870-85e5e1c09a56
2022-12-15 22:22:15,863 [pool-339-thread-1] INFO  server.RaftServerConfigKeys (ConfUtils.java:logGet(46)) - raft.server.log.queue.byte-limit = 4294967296 (custom)
2022-12-15 22:22:15,863 [pool-339-thread-1] INFO  server.RaftServerConfigKeys (ConfUtils.java:logGet(46)) - raft.server.log.queue.element-limit = 1024 (custom)
2022-12-15 22:22:15,863 [pool-339-thread-1] INFO  server.RaftServerConfigKeys (ConfUtils.java:logGet(46)) - raft.server.log.segment.size.max = 1048576 (custom)
2022-12-15 22:22:15,863 [pool-339-thread-1] INFO  server.RaftServerConfigKeys (ConfUtils.java:logGet(46)) - raft.server.log.preallocated.size = 16384 (custom)
2022-12-15 22:22:15,863 [pool-339-thread-1] INFO  server.RaftServerConfigKeys (ConfUtils.java:logGet(46)) - raft.server.log.force.sync.num = 128 (default)
2022-12-15 22:22:15,863 [pool-339-thread-1] INFO  server.RaftServerConfigKeys (ConfUtils.java:logGet(46)) - raft.server.log.statemachine.data.sync = true (default)
2022-12-15 22:22:15,863 [pool-339-thread-1] INFO  server.RaftServerConfigKeys (ConfUtils.java:logGet(46)) - raft.server.log.statemachine.data.sync.timeout = 10s (default)
2022-12-15 22:22:15,863 [pool-339-thread-1] INFO  server.RaftServerConfigKeys (ConfUtils.java:logGet(46)) - raft.server.log.statemachine.data.sync.timeout.retry = -1 (default)
2022-12-15 22:22:15,866 [pool-339-thread-1] INFO  server.RaftServerConfigKeys (ConfUtils.java:logGet(46)) - raft.server.log.write.buffer.size = 1048576 (custom)
2022-12-15 22:22:15,874 [EndpointStateMachine task thread for /0.0.0.0:46479 - 0 ] INFO  server.RaftServer (RaftServerProxy.java:startImpl(393)) - 34183a5c-def3-4d1f-81ee-eefa48d126ae: start RPC server
2022-12-15 22:22:15,874 [pool-339-thread-1] INFO  server.RaftServerConfigKeys (ConfUtils.java:logGet(46)) - raft.server.log.appender.buffer.byte-limit = 33554432 (custom)
2022-12-15 22:22:15,875 [EndpointStateMachine task thread for /0.0.0.0:46479 - 0 ] INFO  server.GrpcService (GrpcService.java:startImpl(262)) - 34183a5c-def3-4d1f-81ee-eefa48d126ae: GrpcService started, listening on 33349
2022-12-15 22:22:15,875 [EndpointStateMachine task thread for /0.0.0.0:46479 - 0 ] INFO  ratis.XceiverServerRatis (XceiverServerRatis.java:getRealPort(502)) - XceiverServerRatis 34183a5c-def3-4d1f-81ee-eefa48d126ae is started using port 33349 for RATIS
2022-12-15 22:22:15,875 [EndpointStateMachine task thread for /0.0.0.0:46479 - 0 ] INFO  ratis.XceiverServerRatis (XceiverServerRatis.java:getRealPort(502)) - XceiverServerRatis 34183a5c-def3-4d1f-81ee-eefa48d126ae is started using port 33349 for RATIS_ADMIN
2022-12-15 22:22:15,875 [EndpointStateMachine task thread for /0.0.0.0:46479 - 0 ] INFO  ratis.XceiverServerRatis (XceiverServerRatis.java:getRealPort(502)) - XceiverServerRatis 34183a5c-def3-4d1f-81ee-eefa48d126ae is started using port 33349 for RATIS_SERVER
2022-12-15 22:22:15,875 [JvmPauseMonitor15] INFO  util.JvmPauseMonitor (JvmPauseMonitor.java:run(105)) - JvmPauseMonitor-34183a5c-def3-4d1f-81ee-eefa48d126ae: Started
2022-12-15 22:22:15,897 [EventQueue-CommandQueueReportForCommandQueueReportHandler] WARN  events.EventQueue (EventQueue.java:fireEvent(216)) - No event handler registered for event TypedEvent{payloadType=DatanodeDetails, name='Datanode_Command_Queue_Updated'}
2022-12-15 22:22:15,902 [EventQueue-CommandQueueReportForCommandQueueReportHandler] WARN  events.EventQueue (EventQueue.java:fireEvent(216)) - No event handler registered for event TypedEvent{payloadType=DatanodeDetails, name='Datanode_Command_Queue_Updated'}
2022-12-15 22:22:15,903 [Command processor thread] INFO  keyvalue.KeyValueContainer (KeyValueContainer.java:flushAndSyncDB(437)) - Container 7 is synced with bcsId 0.
2022-12-15 22:22:15,903 [Command processor thread] INFO  keyvalue.KeyValueContainer (KeyValueContainer.java:flushAndSyncDB(437)) - Container 7 is synced with bcsId 0.
2022-12-15 22:22:15,906 [Command processor thread] INFO  keyvalue.KeyValueContainer (KeyValueContainer.java:close(352)) - Container 7 is closed with bcsId 0.
2022-12-15 22:22:15,907 [EventQueue-CommandQueueReportForCommandQueueReportHandler] WARN  events.EventQueue (EventQueue.java:fireEvent(216)) - No event handler registered for event TypedEvent{payloadType=DatanodeDetails, name='Datanode_Command_Queue_Updated'}
2022-12-15 22:22:15,909 [pool-339-thread-1] INFO  server.RaftServerConfigKeys (ConfUtils.java:logGet(46)) - raft.server.log.unsafe-flush.enabled = false (default)
2022-12-15 22:22:15,909 [pool-339-thread-1] INFO  server.RaftServerConfigKeys (ConfUtils.java:logGet(46)) - raft.server.log.async-flush.enabled = false (default)
2022-12-15 22:22:15,909 [EndpointStateMachine task thread for /0.0.0.0:46479 - 0 ] INFO  server.XceiverServerGrpc (XceiverServerGrpc.java:start(180)) - XceiverServerGrpc 34183a5c-def3-4d1f-81ee-eefa48d126ae is started using port 33755
2022-12-15 22:22:15,909 [Command processor thread] INFO  keyvalue.KeyValueContainer (KeyValueContainer.java:flushAndSyncDB(437)) - Container 8 is synced with bcsId 0.
2022-12-15 22:22:15,911 [Command processor thread] INFO  keyvalue.KeyValueContainer (KeyValueContainer.java:flushAndSyncDB(437)) - Container 8 is synced with bcsId 0.
2022-12-15 22:22:15,909 [pool-339-thread-1] INFO  server.RaftServerConfigKeys (ConfUtils.java:logGet(46)) - raft.server.log.statemachine.data.caching.enabled = true (custom)
2022-12-15 22:22:15,912 [pool-339-thread-1] INFO  segmented.SegmentedRaftLogWorker (SegmentedRaftLogWorker.java:lambda$new$0(135)) - 51274d7d-d5a1-4c32-9641-f14f0b9efaa9@group-85E5E1C09A56-SegmentedRaftLogWorker: flushIndex: setUnconditionally 0 -> -1
2022-12-15 22:22:15,912 [pool-339-thread-1] INFO  segmented.SegmentedRaftLogWorker (SegmentedRaftLogWorker.java:lambda$new$0(135)) - 51274d7d-d5a1-4c32-9641-f14f0b9efaa9@group-85E5E1C09A56-SegmentedRaftLogWorker: safeCacheEvictIndex: setUnconditionally 0 -> -1
2022-12-15 22:22:15,912 [EventQueue-CommandQueueReportForCommandQueueReportHandler] WARN  events.EventQueue (EventQueue.java:fireEvent(216)) - No event handler registered for event TypedEvent{payloadType=DatanodeDetails, name='Datanode_Command_Queue_Updated'}
2022-12-15 22:22:15,913 [EventQueue-CommandQueueReportForCommandQueueReportHandler] WARN  events.EventQueue (EventQueue.java:fireEvent(216)) - No event handler registered for event TypedEvent{payloadType=DatanodeDetails, name='Datanode_Command_Queue_Updated'}
2022-12-15 22:22:15,913 [Command processor thread] INFO  keyvalue.KeyValueContainer (KeyValueContainer.java:close(352)) - Container 8 is closed with bcsId 0.
2022-12-15 22:22:15,928 [pool-339-thread-1] INFO  server.RaftServer$Division (RaftServerImpl.java:start(334)) - 51274d7d-d5a1-4c32-9641-f14f0b9efaa9@group-85E5E1C09A56: start as a follower, conf=-1: peers:[51274d7d-d5a1-4c32-9641-f14f0b9efaa9|rpc:10.1.0.13:34457|priority:1|startupRole:FOLLOWER, a42aff4d-9d7b-4010-992a-35ce3c1e1689|rpc:10.1.0.13:44723|priority:0|startupRole:FOLLOWER, 5c5af87b-4e3e-41fb-877c-ea0d3e3ca2da|rpc:10.1.0.13:45309|priority:0|startupRole:FOLLOWER]|listeners:[], old=null
2022-12-15 22:22:15,928 [pool-339-thread-1] INFO  server.RaftServer$Division (RaftServerImpl.java:setRole(321)) - 51274d7d-d5a1-4c32-9641-f14f0b9efaa9@group-85E5E1C09A56: changes role from      null to FOLLOWER at term 0 for startAsFollower
2022-12-15 22:22:15,928 [pool-339-thread-1] INFO  impl.RoleInfo (RoleInfo.java:updateAndGet(139)) - 51274d7d-d5a1-4c32-9641-f14f0b9efaa9: start 51274d7d-d5a1-4c32-9641-f14f0b9efaa9@group-85E5E1C09A56-FollowerState
2022-12-15 22:22:15,929 [pool-339-thread-1] INFO  util.JmxRegister (JmxRegister.java:tryRegister(44)) - Successfully registered JMX Bean with object name Ratis:service=RaftServer,group=group-85E5E1C09A56,id=51274d7d-d5a1-4c32-9641-f14f0b9efaa9
2022-12-15 22:22:15,929 [pool-339-thread-1] INFO  server.RaftServerConfigKeys (ConfUtils.java:logGet(46)) - raft.server.snapshot.auto.trigger.enabled = true (custom)
2022-12-15 22:22:15,929 [pool-339-thread-1] INFO  server.RaftServerConfigKeys (ConfUtils.java:logGet(46)) - raft.server.snapshot.auto.trigger.threshold = 10000 (custom)
2022-12-15 22:22:15,929 [pool-339-thread-1] INFO  server.RaftServerConfigKeys (ConfUtils.java:logGet(46)) - raft.server.snapshot.retention.file.num = 5 (custom)
2022-12-15 22:22:15,929 [pool-339-thread-1] INFO  server.RaftServerConfigKeys (ConfUtils.java:logGet(46)) - raft.server.log.purge.upto.snapshot.index = false (default)
2022-12-15 22:22:15,931 [EventQueue-CommandQueueReportForCommandQueueReportHandler] WARN  events.EventQueue (EventQueue.java:fireEvent(216)) - No event handler registered for event TypedEvent{payloadType=DatanodeDetails, name='Datanode_Command_Queue_Updated'}
2022-12-15 22:22:15,931 [51274d7d-d5a1-4c32-9641-f14f0b9efaa9@group-85E5E1C09A56-FollowerState] INFO  server.RaftServerConfigKeys (ConfUtils.java:logFallback(53)) - raft.server.rpc.first-election.timeout.min = 5s (fallback to raft.server.rpc.timeout.min)
2022-12-15 22:22:15,931 [51274d7d-d5a1-4c32-9641-f14f0b9efaa9@group-85E5E1C09A56-FollowerState] INFO  server.RaftServerConfigKeys (ConfUtils.java:logFallback(53)) - raft.server.rpc.first-election.timeout.max = 5200ms (fallback to raft.server.rpc.timeout.max)
2022-12-15 22:22:15,926 [ContainerReplicationThread-0] INFO  replication.DownloadAndImportReplicator (DownloadAndImportReplicator.java:replicate(105)) - Starting replication of container 2 from [1e86e54b-7ea4-4ffe-a764-33ccb592660f{ip: 10.1.0.13, host: fv-az83-67.pawgbth4qraerhbqawdeo1jfng.dx.internal.cloudapp.net, ports: [REPLICATION=41383, RATIS=45413, RATIS_ADMIN=45413, RATIS_SERVER=45413, STANDALONE=39139], networkLocation: /default-rack, certSerialId: null, persistedOpState: DECOMMISSIONING, persistedOpStateExpiryEpochSec: 0}, e0198350-5a80-4cc9-b4d4-fe7f34161fcd{ip: 10.1.0.13, host: fv-az83-67.pawgbth4qraerhbqawdeo1jfng.dx.internal.cloudapp.net, ports: [REPLICATION=33725, RATIS=33167, RATIS_ADMIN=33167, RATIS_SERVER=33167, STANDALONE=40941], networkLocation: /default-rack, certSerialId: null, persistedOpState: IN_SERVICE, persistedOpStateExpiryEpochSec: 0}, 8742ce53-ec43-4b5d-92fb-ca295b19fdac{ip: 10.1.0.13, host: fv-az83-67.pawgbth4qraerhbqawdeo1jfng.dx.internal.cloudapp.net, ports: [REPLICATION=42995, RATIS=44977, RATIS_ADMIN=44977, RATIS_SERVER=44977, STANDALONE=39581], networkLocation: /default-rack, certSerialId: null, persistedOpState: IN_SERVICE, persistedOpStateExpiryEpochSec: 0}]
2022-12-15 22:22:15,935 [EventQueue-CommandQueueReportForCommandQueueReportHandler] WARN  events.EventQueue (EventQueue.java:fireEvent(216)) - No event handler registered for event TypedEvent{payloadType=DatanodeDetails, name='Datanode_Command_Queue_Updated'}
2022-12-15 22:22:15,932 [Command processor thread] INFO  ratis.XceiverServerRatis (XceiverServerRatis.java:addGroup(765)) - Created group PipelineID=b4c892e0-acf1-4f84-9870-85e5e1c09a56
2022-12-15 22:22:15,944 [EventQueue-CommandQueueReportForCommandQueueReportHandler] WARN  events.EventQueue (EventQueue.java:fireEvent(216)) - No event handler registered for event TypedEvent{payloadType=DatanodeDetails, name='Datanode_Command_Queue_Updated'}
2022-12-15 22:22:15,945 [Command processor thread] INFO  keyvalue.KeyValueContainer (KeyValueContainer.java:flushAndSyncDB(437)) - Container 6 is synced with bcsId 0.
2022-12-15 22:22:15,945 [Command processor thread] INFO  keyvalue.KeyValueContainer (KeyValueContainer.java:flushAndSyncDB(437)) - Container 6 is synced with bcsId 0.
2022-12-15 22:22:15,949 [Command processor thread] INFO  keyvalue.KeyValueContainer (KeyValueContainer.java:close(352)) - Container 6 is closed with bcsId 0.
2022-12-15 22:22:15,950 [grpc-default-executor-4] INFO  replication.GrpcReplicationService (GrpcReplicationService.java:download(52)) - Streaming container data (2) to other datanode
2022-12-15 22:22:15,952 [EventQueue-CommandQueueReportForCommandQueueReportHandler] WARN  events.EventQueue (EventQueue.java:fireEvent(216)) - No event handler registered for event TypedEvent{payloadType=DatanodeDetails, name='Datanode_Command_Queue_Updated'}
2022-12-15 22:22:15,953 [Command processor thread] INFO  keyvalue.KeyValueContainer (KeyValueContainer.java:flushAndSyncDB(437)) - Container 8 is synced with bcsId 0.
2022-12-15 22:22:15,953 [Command processor thread] INFO  keyvalue.KeyValueContainer (KeyValueContainer.java:flushAndSyncDB(437)) - Container 8 is synced with bcsId 0.
2022-12-15 22:22:15,953 [EventQueue-CommandQueueReportForCommandQueueReportHandler] WARN  events.EventQueue (EventQueue.java:fireEvent(216)) - No event handler registered for event TypedEvent{payloadType=DatanodeDetails, name='Datanode_Command_Queue_Updated'}
2022-12-15 22:22:15,957 [Command processor thread] INFO  keyvalue.KeyValueContainer (KeyValueContainer.java:close(352)) - Container 8 is closed with bcsId 0.
2022-12-15 22:22:15,959 [EventQueue-CommandQueueReportForCommandQueueReportHandler] WARN  events.EventQueue (EventQueue.java:fireEvent(216)) - No event handler registered for event TypedEvent{payloadType=DatanodeDetails, name='Datanode_Command_Queue_Updated'}
2022-12-15 22:22:15,969 [grpc-default-executor-4] INFO  replication.GrpcOutputStream (GrpcOutputStream.java:close(104)) - Sent 1841 bytes for container 2
2022-12-15 22:22:15,971 [grpc-default-executor-3] INFO  server.RaftServer (RaftServerProxy.java:addNew(96)) - a42aff4d-9d7b-4010-992a-35ce3c1e1689: addNew group-85E5E1C09A56:[51274d7d-d5a1-4c32-9641-f14f0b9efaa9|rpc:10.1.0.13:34457|dataStream:|priority:1|startupRole:FOLLOWER, a42aff4d-9d7b-4010-992a-35ce3c1e1689|rpc:10.1.0.13:44723|dataStream:|priority:0|startupRole:FOLLOWER, 5c5af87b-4e3e-41fb-877c-ea0d3e3ca2da|rpc:10.1.0.13:45309|dataStream:|priority:0|startupRole:FOLLOWER] returns group-85E5E1C09A56:java.util.concurrent.CompletableFuture@15c67e51[Not completed]
2022-12-15 22:22:15,979 [Command processor thread] INFO  keyvalue.KeyValueContainer (KeyValueContainer.java:flushAndSyncDB(437)) - Container 4 is synced with bcsId 0.
2022-12-15 22:22:15,979 [Command processor thread] INFO  keyvalue.KeyValueContainer (KeyValueContainer.java:flushAndSyncDB(437)) - Container 4 is synced with bcsId 0.
2022-12-15 22:22:15,981 [Command processor thread] INFO  keyvalue.KeyValueContainer (KeyValueContainer.java:close(352)) - Container 4 is closed with bcsId 0.
2022-12-15 22:22:15,982 [EventQueue-CommandQueueReportForCommandQueueReportHandler] WARN  events.EventQueue (EventQueue.java:fireEvent(216)) - No event handler registered for event TypedEvent{payloadType=DatanodeDetails, name='Datanode_Command_Queue_Updated'}
2022-12-15 22:22:15,982 [Command processor thread] INFO  keyvalue.KeyValueContainer (KeyValueContainer.java:flushAndSyncDB(437)) - Container 6 is synced with bcsId 0.
2022-12-15 22:22:15,982 [Command processor thread] INFO  keyvalue.KeyValueContainer (KeyValueContainer.java:flushAndSyncDB(437)) - Container 6 is synced with bcsId 0.
2022-12-15 22:22:15,985 [EventQueue-CommandQueueReportForCommandQueueReportHandler] WARN  events.EventQueue (EventQueue.java:fireEvent(216)) - No event handler registered for event TypedEvent{payloadType=DatanodeDetails, name='Datanode_Command_Queue_Updated'}
2022-12-15 22:22:15,986 [EventQueue-PipelineReportForPipelineReportHandler] INFO  pipeline.PipelineReportHandler (PipelineReportHandler.java:processPipelineReport(115)) - Reported pipeline PipelineID=4bb29f98-1168-434f-a1c3-5ab91dfa3848 is not found
2022-12-15 22:22:15,986 [EventQueue-PipelineReportForPipelineReportHandler] INFO  pipeline.PipelineReportHandler (PipelineReportHandler.java:processPipelineReport(115)) - Reported pipeline PipelineID=2f56ceb8-1d04-4962-b9c6-7f8dc05f6ad4 is not found
2022-12-15 22:22:15,986 [EventQueue-CommandQueueReportForCommandQueueReportHandler] WARN  events.EventQueue (EventQueue.java:fireEvent(216)) - No event handler registered for event TypedEvent{payloadType=DatanodeDetails, name='Datanode_Command_Queue_Updated'}
2022-12-15 22:22:15,988 [Command processor thread] INFO  keyvalue.KeyValueContainer (KeyValueContainer.java:close(352)) - Container 6 is closed with bcsId 0.
2022-12-15 22:22:15,990 [EventQueue-CommandQueueReportForCommandQueueReportHandler] WARN  events.EventQueue (EventQueue.java:fireEvent(216)) - No event handler registered for event TypedEvent{payloadType=DatanodeDetails, name='Datanode_Command_Queue_Updated'}
2022-12-15 22:22:15,994 [grpc-default-executor-3] INFO  replication.GrpcReplicationClient (GrpcReplicationClient.java:onCompleted(195)) - Container 2 is downloaded to /home/runner/work/ozone/ozone/hadoop-ozone/integration-test/target/test-dir/MiniOzoneClusterImpl-67032562-5e12-4c4f-a5ab-79ddd1e2132c/datanode-3/data/replication/work/container-2.tar.gz
2022-12-15 22:22:15,996 [ContainerReplicationThread-0] INFO  replication.DownloadAndImportReplicator (DownloadAndImportReplicator.java:replicate(117)) - Container 2 is downloaded with size 1841, starting to import.
2022-12-15 22:22:15,997 [EventQueue-CommandQueueReportForCommandQueueReportHandler] WARN  events.EventQueue (EventQueue.java:fireEvent(216)) - No event handler registered for event TypedEvent{payloadType=DatanodeDetails, name='Datanode_Command_Queue_Updated'}
2022-12-15 22:22:15,998 [Command processor thread] INFO  keyvalue.KeyValueContainer (KeyValueContainer.java:flushAndSyncDB(437)) - Container 7 is synced with bcsId 0.
2022-12-15 22:22:15,998 [Command processor thread] INFO  keyvalue.KeyValueContainer (KeyValueContainer.java:flushAndSyncDB(437)) - Container 7 is synced with bcsId 0.
2022-12-15 22:22:15,999 [pool-434-thread-1] INFO  server.RaftServer$Division (RaftServerImpl.java:<init>(195)) - a42aff4d-9d7b-4010-992a-35ce3c1e1689: new RaftServerImpl for group-85E5E1C09A56:[51274d7d-d5a1-4c32-9641-f14f0b9efaa9|rpc:10.1.0.13:34457|dataStream:|priority:1|startupRole:FOLLOWER, a42aff4d-9d7b-4010-992a-35ce3c1e1689|rpc:10.1.0.13:44723|dataStream:|priority:0|startupRole:FOLLOWER, 5c5af87b-4e3e-41fb-877c-ea0d3e3ca2da|rpc:10.1.0.13:45309|dataStream:|priority:0|startupRole:FOLLOWER] with ContainerStateMachine:uninitialized
2022-12-15 22:22:16,001 [pool-434-thread-1] INFO  server.RaftServerConfigKeys (ConfUtils.java:logGet(46)) - raft.server.rpc.timeout.min = 5s (custom)
2022-12-15 22:22:16,001 [pool-434-thread-1] INFO  server.RaftServerConfigKeys (ConfUtils.java:logGet(46)) - raft.server.rpc.timeout.max = 5200ms (custom)
2022-12-15 22:22:16,001 [Command processor thread] INFO  keyvalue.KeyValueContainer (KeyValueContainer.java:close(352)) - Container 7 is closed with bcsId 0.
2022-12-15 22:22:16,003 [EventQueue-CommandQueueReportForCommandQueueReportHandler] WARN  events.EventQueue (EventQueue.java:fireEvent(216)) - No event handler registered for event TypedEvent{payloadType=DatanodeDetails, name='Datanode_Command_Queue_Updated'}
2022-12-15 22:22:16,003 [Command processor thread] INFO  server.RaftServer (RaftServerProxy.java:remove(107)) - 1e86e54b-7ea4-4ffe-a764-33ccb592660f: remove  FOLLOWER 1e86e54b-7ea4-4ffe-a764-33ccb592660f@group-5AB91DFA3848:t2, leader=e0198350-5a80-4cc9-b4d4-fe7f34161fcd, voted=e0198350-5a80-4cc9-b4d4-fe7f34161fcd, raftlog=Memoized:1e86e54b-7ea4-4ffe-a764-33ccb592660f@group-5AB91DFA3848-SegmentedRaftLog:OPENED:c83, conf=0: peers:[e0198350-5a80-4cc9-b4d4-fe7f34161fcd|rpc:10.1.0.13:33167|dataStream:|priority:1|startupRole:FOLLOWER, 8742ce53-ec43-4b5d-92fb-ca295b19fdac|rpc:10.1.0.13:44977|dataStream:|priority:0|startupRole:FOLLOWER, 1e86e54b-7ea4-4ffe-a764-33ccb592660f|rpc:10.1.0.13:45413|dataStream:|priority:0|startupRole:FOLLOWER]|listeners:[], old=null RUNNING
2022-12-15 22:22:16,003 [Command processor thread] INFO  server.RaftServer$Division (RaftServerImpl.java:lambda$close$4(458)) - 1e86e54b-7ea4-4ffe-a764-33ccb592660f@group-5AB91DFA3848: shutdown
2022-12-15 22:22:16,003 [Command processor thread] INFO  util.JmxRegister (JmxRegister.java:unregister(73)) - Successfully un-registered JMX Bean with object name Ratis:service=RaftServer,group=group-5AB91DFA3848,id=1e86e54b-7ea4-4ffe-a764-33ccb592660f
2022-12-15 22:22:16,004 [Command processor thread] INFO  impl.RoleInfo (RoleInfo.java:shutdownFollowerState(110)) - 1e86e54b-7ea4-4ffe-a764-33ccb592660f: shutdown 1e86e54b-7ea4-4ffe-a764-33ccb592660f@group-5AB91DFA3848-FollowerState
2022-12-15 22:22:16,004 [Command processor thread] INFO  impl.StateMachineUpdater (StateMachineUpdater.java:stopAndJoin(153)) - 1e86e54b-7ea4-4ffe-a764-33ccb592660f@group-5AB91DFA3848-StateMachineUpdater: set stopIndex = 83
2022-12-15 22:22:16,004 [1e86e54b-7ea4-4ffe-a764-33ccb592660f@group-5AB91DFA3848-FollowerState] INFO  impl.FollowerState (FollowerState.java:run(152)) - 1e86e54b-7ea4-4ffe-a764-33ccb592660f@group-5AB91DFA3848-FollowerState was interrupted
2022-12-15 22:22:16,004 [pool-434-thread-1] INFO  server.RaftServerConfigKeys (ConfUtils.java:logGet(46)) - raft.server.rpc.sleep.time = 25ms (default)
2022-12-15 22:22:16,004 [pool-434-thread-1] INFO  server.RaftServerConfigKeys (ConfUtils.java:logGet(46)) - raft.server.rpc.slowness.timeout = 300s (custom)
2022-12-15 22:22:16,004 [pool-434-thread-1] INFO  server.RaftServerConfigKeys (ConfUtils.java:logGet(46)) - raft.server.leaderelection.leader.step-down.wait-time = 10s (default)
2022-12-15 22:22:16,004 [pool-434-thread-1] INFO  server.RaftServerConfigKeys (ConfUtils.java:logGet(46)) - raft.server.sleep.deviation.threshold = 300ms (default)
2022-12-15 22:22:16,004 [pool-434-thread-1] INFO  server.RaftServer$Division (ServerState.java:<init>(118)) - a42aff4d-9d7b-4010-992a-35ce3c1e1689@group-85E5E1C09A56: ConfigurationManager, init=-1: peers:[51274d7d-d5a1-4c32-9641-f14f0b9efaa9|rpc:10.1.0.13:34457|dataStream:|priority:1|startupRole:FOLLOWER, a42aff4d-9d7b-4010-992a-35ce3c1e1689|rpc:10.1.0.13:44723|dataStream:|priority:0|startupRole:FOLLOWER, 5c5af87b-4e3e-41fb-877c-ea0d3e3ca2da|rpc:10.1.0.13:45309|dataStream:|priority:0|startupRole:FOLLOWER]|listeners:[], old=null, confs=<EMPTY_MAP>
2022-12-15 22:22:16,004 [1e86e54b-7ea4-4ffe-a764-33ccb592660f@group-5AB91DFA3848-StateMachineUpdater] INFO  ratis.ContainerStateMachine (ContainerStateMachine.java:takeSnapshot(304)) - group-5AB91DFA3848: Taking a snapshot at:(t:2, i:83) file /home/runner/work/ozone/ozone/hadoop-ozone/integration-test/target/test-dir/MiniOzoneClusterImpl-67032562-5e12-4c4f-a5ab-79ddd1e2132c/datanode-0/data/ratis/4bb29f98-1168-434f-a1c3-5ab91dfa3848/sm/snapshot.2_83
2022-12-15 22:22:16,005 [pool-434-thread-1] INFO  server.RaftServerConfigKeys (ConfUtils.java:logGet(46)) - raft.server.storage.dir = [/home/runner/work/ozone/ozone/hadoop-ozone/integration-test/target/test-dir/MiniOzoneClusterImpl-c952205c-0de4-41d8-8615-baf19f81c5db/datanode-2/data/ratis] (custom)
2022-12-15 22:22:16,005 [pool-434-thread-1] INFO  server.RaftServerConfigKeys (ConfUtils.java:logGet(46)) - raft.server.log.corruption.policy = EXCEPTION (default)
2022-12-15 22:22:16,005 [pool-434-thread-1] INFO  server.RaftServerConfigKeys (ConfUtils.java:logGet(46)) - raft.server.storage.free-space.min = 0MB (=0) (default)
2022-12-15 22:22:16,006 [pool-434-thread-1] INFO  server.RaftServerConfigKeys (ConfUtils.java:logGet(46)) - raft.server.notification.no-leader.timeout = 300s (custom)
2022-12-15 22:22:16,006 [pool-434-thread-1] INFO  server.RaftServerConfigKeys (ConfUtils.java:logGet(46)) - raft.server.retrycache.expirytime = 600000ms (custom)
2022-12-15 22:22:16,006 [pool-434-thread-1] INFO  server.RaftServerConfigKeys (ConfUtils.java:logGet(46)) - raft.server.retrycache.statistics.expirytime = 100μs (default)
2022-12-15 22:22:16,008 [1e86e54b-7ea4-4ffe-a764-33ccb592660f@group-5AB91DFA3848-StateMachineUpdater] INFO  ratis.ContainerStateMachine (ContainerStateMachine.java:takeSnapshot(315)) - group-5AB91DFA3848: Finished taking a snapshot at:(t:2, i:83) file:/home/runner/work/ozone/ozone/hadoop-ozone/integration-test/target/test-dir/MiniOzoneClusterImpl-67032562-5e12-4c4f-a5ab-79ddd1e2132c/datanode-0/data/ratis/4bb29f98-1168-434f-a1c3-5ab91dfa3848/sm/snapshot.2_83 took: 4 ms
2022-12-15 22:22:16,008 [1e86e54b-7ea4-4ffe-a764-33ccb592660f@group-5AB91DFA3848-StateMachineUpdater] INFO  impl.StateMachineUpdater (StateMachineUpdater.java:takeSnapshot(287)) - 1e86e54b-7ea4-4ffe-a764-33ccb592660f@group-5AB91DFA3848-StateMachineUpdater: Took a snapshot at index 83
2022-12-15 22:22:16,008 [1e86e54b-7ea4-4ffe-a764-33ccb592660f@group-5AB91DFA3848-StateMachineUpdater] INFO  impl.StateMachineUpdater (StateMachineUpdater.java:lambda$new$0(92)) - 1e86e54b-7ea4-4ffe-a764-33ccb592660f@group-5AB91DFA3848-StateMachineUpdater: snapshotIndex: updateIncreasingly -1 -> 83
2022-12-15 22:22:16,010 [Command processor thread] INFO  server.RaftServer$Division (ServerState.java:close(466)) - 1e86e54b-7ea4-4ffe-a764-33ccb592660f@group-5AB91DFA3848: closes. applyIndex: 83
2022-12-15 22:22:16,010 [1e86e54b-7ea4-4ffe-a764-33ccb592660f@group-5AB91DFA3848-SegmentedRaftLogWorker] INFO  segmented.SegmentedRaftLogWorker (SegmentedRaftLogWorker.java:run(347)) - 1e86e54b-7ea4-4ffe-a764-33ccb592660f@group-5AB91DFA3848-SegmentedRaftLogWorker was interrupted, exiting. There are 0 tasks remaining in the queue.
2022-12-15 22:22:16,010 [Command processor thread] INFO  segmented.SegmentedRaftLogWorker (SegmentedRaftLogWorker.java:close(257)) - 1e86e54b-7ea4-4ffe-a764-33ccb592660f@group-5AB91DFA3848-SegmentedRaftLogWorker close()
2022-12-15 22:22:16,015 [Command processor thread] INFO  server.RaftServer$Division (RaftServerImpl.java:groupRemove(428)) - 1e86e54b-7ea4-4ffe-a764-33ccb592660f@group-5AB91DFA3848: Succeed to remove RaftStorageDirectory Storage Directory /home/runner/work/ozone/ozone/hadoop-ozone/integration-test/target/test-dir/MiniOzoneClusterImpl-67032562-5e12-4c4f-a5ab-79ddd1e2132c/datanode-0/data/ratis/4bb29f98-1168-434f-a1c3-5ab91dfa3848
2022-12-15 22:22:16,015 [Command processor thread] INFO  commandhandler.ClosePipelineCommandHandler (ClosePipelineCommandHandler.java:handle(78)) - Close Pipeline PipelineID=4bb29f98-1168-434f-a1c3-5ab91dfa3848 command on datanode 1e86e54b-7ea4-4ffe-a764-33ccb592660f.
2022-12-15 22:22:16,016 [pool-434-thread-1] INFO  server.RaftServerConfigKeys (ConfUtils.java:logGet(46)) - raft.server.log.appender.install.snapshot.enabled = false (custom)
2022-12-15 22:22:16,017 [pool-434-thread-1] INFO  server.RaftServerConfigKeys (ConfUtils.java:logGet(46)) - raft.server.threadpool.server.cached = true (default)
2022-12-15 22:22:16,019 [pool-434-thread-1] INFO  server.RaftServerConfigKeys (ConfUtils.java:logGet(46)) - raft.server.threadpool.server.size = 0 (default)
2022-12-15 22:22:16,020 [Command processor thread] INFO  keyvalue.KeyValueContainer (KeyValueContainer.java:flushAndSyncDB(437)) - Container 8 is synced with bcsId 0.
2022-12-15 22:22:16,020 [Command processor thread] INFO  keyvalue.KeyValueContainer (KeyValueContainer.java:flushAndSyncDB(437)) - Container 8 is synced with bcsId 0.
2022-12-15 22:22:16,021 [EventQueue-CommandQueueReportForCommandQueueReportHandler] WARN  events.EventQueue (EventQueue.java:fireEvent(216)) - No event handler registered for event TypedEvent{payloadType=DatanodeDetails, name='Datanode_Command_Queue_Updated'}
2022-12-15 22:22:16,023 [pool-434-thread-1] INFO  server.RaftServerConfigKeys (ConfUtils.java:logGet(46)) - raft.server.threadpool.client.cached = true (default)
2022-12-15 22:22:16,024 [pool-434-thread-1] INFO  server.RaftServerConfigKeys (ConfUtils.java:logGet(46)) - raft.server.threadpool.client.size = 0 (default)
2022-12-15 22:22:16,024 [Command processor thread] INFO  keyvalue.KeyValueContainer (KeyValueContainer.java:close(352)) - Container 8 is closed with bcsId 0.
2022-12-15 22:22:16,025 [EventQueue-CommandQueueReportForCommandQueueReportHandler] WARN  events.EventQueue (EventQueue.java:fireEvent(216)) - No event handler registered for event TypedEvent{payloadType=DatanodeDetails, name='Datanode_Command_Queue_Updated'}
2022-12-15 22:22:16,026 [pool-434-thread-1] INFO  storage.RaftStorageDirectory (RaftStorageDirectoryImpl.java:analyzeStorage(137)) - The storage directory /home/runner/work/ozone/ozone/hadoop-ozone/integration-test/target/test-dir/MiniOzoneClusterImpl-c952205c-0de4-41d8-8615-baf19f81c5db/datanode-2/data/ratis/b4c892e0-acf1-4f84-9870-85e5e1c09a56 does not exist. Creating ...
2022-12-15 22:22:16,028 [Command processor thread] INFO  keyvalue.KeyValueContainer (KeyValueContainer.java:flushAndSyncDB(437)) - Container 4 is synced with bcsId 0.
2022-12-15 22:22:16,028 [Command processor thread] INFO  keyvalue.KeyValueContainer (KeyValueContainer.java:flushAndSyncDB(437)) - Container 4 is synced with bcsId 0.
2022-12-15 22:22:16,030 [EventQueue-CommandQueueReportForCommandQueueReportHandler] WARN  events.EventQueue (EventQueue.java:fireEvent(216)) - No event handler registered for event TypedEvent{payloadType=DatanodeDetails, name='Datanode_Command_Queue_Updated'}
2022-12-15 22:22:16,030 [pool-434-thread-1] INFO  storage.RaftStorageDirectory (RaftStorageDirectoryImpl.java:tryLock(231)) - Lock on /home/runner/work/ozone/ozone/hadoop-ozone/integration-test/target/test-dir/MiniOzoneClusterImpl-c952205c-0de4-41d8-8615-baf19f81c5db/datanode-2/data/ratis/b4c892e0-acf1-4f84-9870-85e5e1c09a56/in_use.lock acquired by nodename 2635@fv-az83-67
2022-12-15 22:22:16,031 [EventQueue-CommandQueueReportForCommandQueueReportHandler] WARN  events.EventQueue (EventQueue.java:fireEvent(216)) - No event handler registered for event TypedEvent{payloadType=DatanodeDetails, name='Datanode_Command_Queue_Updated'}
2022-12-15 22:22:16,034 [Command processor thread] INFO  keyvalue.KeyValueContainer (KeyValueContainer.java:close(352)) - Container 4 is closed with bcsId 0.
2022-12-15 22:22:16,034 [Command processor thread] INFO  server.RaftServer (RaftServerProxy.java:remove(107)) - 1e86e54b-7ea4-4ffe-a764-33ccb592660f: remove    LEADER 1e86e54b-7ea4-4ffe-a764-33ccb592660f@group-7F8DC05F6AD4:t1, leader=1e86e54b-7ea4-4ffe-a764-33ccb592660f, voted=1e86e54b-7ea4-4ffe-a764-33ccb592660f, raftlog=Memoized:1e86e54b-7ea4-4ffe-a764-33ccb592660f@group-7F8DC05F6AD4-SegmentedRaftLog:OPENED:c0, conf=0: peers:[1e86e54b-7ea4-4ffe-a764-33ccb592660f|rpc:10.1.0.13:45413|dataStream:|priority:1|startupRole:FOLLOWER]|listeners:[], old=null RUNNING
2022-12-15 22:22:16,035 [Command processor thread] INFO  server.RaftServer$Division (RaftServerImpl.java:lambda$close$4(458)) - 1e86e54b-7ea4-4ffe-a764-33ccb592660f@group-7F8DC05F6AD4: shutdown
2022-12-15 22:22:16,035 [Command processor thread] INFO  util.JmxRegister (JmxRegister.java:unregister(73)) - Successfully un-registered JMX Bean with object name Ratis:service=RaftServer,group=group-7F8DC05F6AD4,id=1e86e54b-7ea4-4ffe-a764-33ccb592660f
2022-12-15 22:22:16,035 [Command processor thread] INFO  impl.RoleInfo (RoleInfo.java:shutdownLeaderState(93)) - 1e86e54b-7ea4-4ffe-a764-33ccb592660f: shutdown 1e86e54b-7ea4-4ffe-a764-33ccb592660f@group-7F8DC05F6AD4-LeaderStateImpl
2022-12-15 22:22:16,035 [pool-434-thread-1] INFO  storage.RaftStorage (RaftStorageImpl.java:format(96)) - Storage directory /home/runner/work/ozone/ozone/hadoop-ozone/integration-test/target/test-dir/MiniOzoneClusterImpl-c952205c-0de4-41d8-8615-baf19f81c5db/datanode-2/data/ratis/b4c892e0-acf1-4f84-9870-85e5e1c09a56 has been successfully formatted.
2022-12-15 22:22:16,036 [EventQueue-CommandQueueReportForCommandQueueReportHandler] WARN  events.EventQueue (EventQueue.java:fireEvent(216)) - No event handler registered for event TypedEvent{payloadType=DatanodeDetails, name='Datanode_Command_Queue_Updated'}
2022-12-15 22:22:16,036 [pool-434-thread-1] INFO  ratis.ContainerStateMachine (ContainerStateMachine.java:loadSnapshot(236)) - group-85E5E1C09A56: The snapshot info is null. Setting the last applied indexto:(t:0, i:~)
2022-12-15 22:22:16,036 [pool-434-thread-1] INFO  server.RaftServerConfigKeys (ConfUtils.java:logGet(46)) - raft.server.log.use.memory = false (default)
2022-12-15 22:22:16,036 [pool-434-thread-1] INFO  server.RaftServerConfigKeys (ConfUtils.java:logGet(46)) - raft.server.log.purge.gap = 1000000 (custom)
2022-12-15 22:22:16,037 [pool-434-thread-1] INFO  server.RaftServerConfigKeys (ConfUtils.java:logGet(46)) - raft.server.log.appender.buffer.byte-limit = 33554432 (custom)
2022-12-15 22:22:16,037 [pool-434-thread-1] INFO  server.RaftServerConfigKeys (ConfUtils.java:logGet(46)) - raft.server.log.statemachine.data.read.timeout = 1000ms (default)
2022-12-15 22:22:16,043 [EventQueue-CommandQueueReportForCommandQueueReportHandler] WARN  events.EventQueue (EventQueue.java:fireEvent(216)) - No event handler registered for event TypedEvent{payloadType=DatanodeDetails, name='Datanode_Command_Queue_Updated'}
2022-12-15 22:22:16,044 [pool-434-thread-1] INFO  server.RaftServerConfigKeys (ConfUtils.java:logGet(46)) - raft.server.log.purge.preservation.log.num = 0 (default)
2022-12-15 22:22:16,044 [pool-434-thread-1] INFO  server.RaftServerConfigKeys (ConfUtils.java:logGet(46)) - raft.server.log.segment.size.max = 1048576 (custom)
2022-12-15 22:22:16,045 [pool-434-thread-1] INFO  server.RaftServerConfigKeys (ConfUtils.java:logGet(46)) - raft.server.log.segment.cache.num.max = 2 (custom)
2022-12-15 22:22:16,045 [pool-434-thread-1] INFO  server.RaftServerConfigKeys (ConfUtils.java:logGet(46)) - raft.server.log.segment.cache.size.max = 200MB (=209715200) (default)
2022-12-15 22:22:16,046 [pool-434-thread-1] INFO  segmented.SegmentedRaftLogWorker (SegmentedRaftLogWorker.java:<init>(189)) - new a42aff4d-9d7b-4010-992a-35ce3c1e1689@group-85E5E1C09A56-SegmentedRaftLogWorker for RaftStorageImpl:Storage Directory /home/runner/work/ozone/ozone/hadoop-ozone/integration-test/target/test-dir/MiniOzoneClusterImpl-c952205c-0de4-41d8-8615-baf19f81c5db/datanode-2/data/ratis/b4c892e0-acf1-4f84-9870-85e5e1c09a56
2022-12-15 22:22:16,046 [pool-434-thread-1] INFO  server.RaftServerConfigKeys (ConfUtils.java:logGet(46)) - raft.server.log.queue.byte-limit = 4294967296 (custom)
2022-12-15 22:22:16,046 [pool-434-thread-1] INFO  server.RaftServerConfigKeys (ConfUtils.java:logGet(46)) - raft.server.log.queue.element-limit = 1024 (custom)
2022-12-15 22:22:16,035 [Command processor thread] INFO  impl.PendingRequests (PendingRequests.java:sendNotLeaderResponses(282)) - 1e86e54b-7ea4-4ffe-a764-33ccb592660f@group-7F8DC05F6AD4-PendingRequests: sendNotLeaderResponses
2022-12-15 22:22:16,047 [1e86e54b-7ea4-4ffe-a764-33ccb592660f@group-7F8DC05F6AD4-StateMachineUpdater] INFO  ratis.ContainerStateMachine (ContainerStateMachine.java:takeSnapshot(304)) - group-7F8DC05F6AD4: Taking a snapshot at:(t:1, i:0) file /home/runner/work/ozone/ozone/hadoop-ozone/integration-test/target/test-dir/MiniOzoneClusterImpl-67032562-5e12-4c4f-a5ab-79ddd1e2132c/datanode-0/data/ratis/2f56ceb8-1d04-4962-b9c6-7f8dc05f6ad4/sm/snapshot.1_0
2022-12-15 22:22:16,047 [Command processor thread] INFO  impl.StateMachineUpdater (StateMachineUpdater.java:stopAndJoin(153)) - 1e86e54b-7ea4-4ffe-a764-33ccb592660f@group-7F8DC05F6AD4-StateMachineUpdater: set stopIndex = 0
2022-12-15 22:22:16,047 [pool-434-thread-1] INFO  server.RaftServerConfigKeys (ConfUtils.java:logGet(46)) - raft.server.log.segment.size.max = 1048576 (custom)
2022-12-15 22:22:16,047 [pool-434-thread-1] INFO  server.RaftServerConfigKeys (ConfUtils.java:logGet(46)) - raft.server.log.preallocated.size = 16384 (custom)
2022-12-15 22:22:16,047 [pool-434-thread-1] INFO  server.RaftServerConfigKeys (ConfUtils.java:logGet(46)) - raft.server.log.force.sync.num = 128 (default)
2022-12-15 22:22:16,048 [pool-434-thread-1] INFO  server.RaftServerConfigKeys (ConfUtils.java:logGet(46)) - raft.server.log.statemachine.data.sync = true (default)
2022-12-15 22:22:16,048 [pool-434-thread-1] INFO  server.RaftServerConfigKeys (ConfUtils.java:logGet(46)) - raft.server.log.statemachine.data.sync.timeout = 10s (default)
2022-12-15 22:22:16,048 [pool-434-thread-1] INFO  server.RaftServerConfigKeys (ConfUtils.java:logGet(46)) - raft.server.log.statemachine.data.sync.timeout.retry = -1 (default)
2022-12-15 22:22:16,049 [1e86e54b-7ea4-4ffe-a764-33ccb592660f@group-7F8DC05F6AD4-StateMachineUpdater] INFO  ratis.ContainerStateMachine (ContainerStateMachine.java:takeSnapshot(315)) - group-7F8DC05F6AD4: Finished taking a snapshot at:(t:1, i:0) file:/home/runner/work/ozone/ozone/hadoop-ozone/integration-test/target/test-dir/MiniOzoneClusterImpl-67032562-5e12-4c4f-a5ab-79ddd1e2132c/datanode-0/data/ratis/2f56ceb8-1d04-4962-b9c6-7f8dc05f6ad4/sm/snapshot.1_0 took: 2 ms
2022-12-15 22:22:16,049 [1e86e54b-7ea4-4ffe-a764-33ccb592660f@group-7F8DC05F6AD4-StateMachineUpdater] INFO  impl.StateMachineUpdater (StateMachineUpdater.java:takeSnapshot(287)) - 1e86e54b-7ea4-4ffe-a764-33ccb592660f@group-7F8DC05F6AD4-StateMachineUpdater: Took a snapshot at index 0
2022-12-15 22:22:16,049 [1e86e54b-7ea4-4ffe-a764-33ccb592660f@group-7F8DC05F6AD4-StateMachineUpdater] INFO  impl.StateMachineUpdater (StateMachineUpdater.java:lambda$new$0(92)) - 1e86e54b-7ea4-4ffe-a764-33ccb592660f@group-7F8DC05F6AD4-StateMachineUpdater: snapshotIndex: updateIncreasingly -1 -> 0
2022-12-15 22:22:16,049 [Command processor thread] INFO  server.RaftServer$Division (ServerState.java:close(466)) - 1e86e54b-7ea4-4ffe-a764-33ccb592660f@group-7F8DC05F6AD4: closes. applyIndex: 0
2022-12-15 22:22:16,050 [1e86e54b-7ea4-4ffe-a764-33ccb592660f@group-7F8DC05F6AD4-SegmentedRaftLogWorker] INFO  segmented.SegmentedRaftLogWorker (SegmentedRaftLogWorker.java:run(347)) - 1e86e54b-7ea4-4ffe-a764-33ccb592660f@group-7F8DC05F6AD4-SegmentedRaftLogWorker was interrupted, exiting. There are 0 tasks remaining in the queue.
2022-12-15 22:22:16,050 [Command processor thread] INFO  segmented.SegmentedRaftLogWorker (SegmentedRaftLogWorker.java:close(257)) - 1e86e54b-7ea4-4ffe-a764-33ccb592660f@group-7F8DC05F6AD4-SegmentedRaftLogWorker close()
2022-12-15 22:22:16,054 [pool-434-thread-1] INFO  server.RaftServerConfigKeys (ConfUtils.java:logGet(46)) - raft.server.log.write.buffer.size = 1048576 (custom)
2022-12-15 22:22:16,055 [pool-434-thread-1] INFO  server.RaftServerConfigKeys (ConfUtils.java:logGet(46)) - raft.server.log.appender.buffer.byte-limit = 33554432 (custom)
2022-12-15 22:22:16,058 [Command processor thread] INFO  server.RaftServer$Division (RaftServerImpl.java:groupRemove(428)) - 1e86e54b-7ea4-4ffe-a764-33ccb592660f@group-7F8DC05F6AD4: Succeed to remove RaftStorageDirectory Storage Directory /home/runner/work/ozone/ozone/hadoop-ozone/integration-test/target/test-dir/MiniOzoneClusterImpl-67032562-5e12-4c4f-a5ab-79ddd1e2132c/datanode-0/data/ratis/2f56ceb8-1d04-4962-b9c6-7f8dc05f6ad4
2022-12-15 22:22:16,058 [Command processor thread] INFO  commandhandler.ClosePipelineCommandHandler (ClosePipelineCommandHandler.java:handle(78)) - Close Pipeline PipelineID=2f56ceb8-1d04-4962-b9c6-7f8dc05f6ad4 command on datanode 1e86e54b-7ea4-4ffe-a764-33ccb592660f.
2022-12-15 22:22:16,064 [pool-434-thread-1] INFO  server.RaftServerConfigKeys (ConfUtils.java:logGet(46)) - raft.server.log.unsafe-flush.enabled = false (default)
2022-12-15 22:22:16,064 [pool-434-thread-1] INFO  server.RaftServerConfigKeys (ConfUtils.java:logGet(46)) - raft.server.log.async-flush.enabled = false (default)
2022-12-15 22:22:16,064 [pool-434-thread-1] INFO  server.RaftServerConfigKeys (ConfUtils.java:logGet(46)) - raft.server.log.statemachine.data.caching.enabled = true (custom)
2022-12-15 22:22:16,065 [pool-434-thread-1] INFO  segmented.SegmentedRaftLogWorker (SegmentedRaftLogWorker.java:lambda$new$0(135)) - a42aff4d-9d7b-4010-992a-35ce3c1e1689@group-85E5E1C09A56-SegmentedRaftLogWorker: flushIndex: setUnconditionally 0 -> -1
2022-12-15 22:22:16,065 [pool-434-thread-1] INFO  segmented.SegmentedRaftLogWorker (SegmentedRaftLogWorker.java:lambda$new$0(135)) - a42aff4d-9d7b-4010-992a-35ce3c1e1689@group-85E5E1C09A56-SegmentedRaftLogWorker: safeCacheEvictIndex: setUnconditionally 0 -> -1
2022-12-15 22:22:16,065 [pool-434-thread-1] INFO  server.RaftServer$Division (RaftServerImpl.java:start(334)) - a42aff4d-9d7b-4010-992a-35ce3c1e1689@group-85E5E1C09A56: start as a follower, conf=-1: peers:[51274d7d-d5a1-4c32-9641-f14f0b9efaa9|rpc:10.1.0.13:34457|dataStream:|priority:1|startupRole:FOLLOWER, a42aff4d-9d7b-4010-992a-35ce3c1e1689|rpc:10.1.0.13:44723|dataStream:|priority:0|startupRole:FOLLOWER, 5c5af87b-4e3e-41fb-877c-ea0d3e3ca2da|rpc:10.1.0.13:45309|dataStream:|priority:0|startupRole:FOLLOWER]|listeners:[], old=null
2022-12-15 22:22:16,065 [pool-434-thread-1] INFO  server.RaftServer$Division (RaftServerImpl.java:setRole(321)) - a42aff4d-9d7b-4010-992a-35ce3c1e1689@group-85E5E1C09A56: changes role from      null to FOLLOWER at term 0 for startAsFollower
2022-12-15 22:22:16,065 [pool-434-thread-1] INFO  impl.RoleInfo (RoleInfo.java:updateAndGet(139)) - a42aff4d-9d7b-4010-992a-35ce3c1e1689: start a42aff4d-9d7b-4010-992a-35ce3c1e1689@group-85E5E1C09A56-FollowerState
2022-12-15 22:22:16,065 [pool-434-thread-1] INFO  util.JmxRegister (JmxRegister.java:tryRegister(44)) - Successfully registered JMX Bean with object name Ratis:service=RaftServer,group=group-85E5E1C09A56,id=a42aff4d-9d7b-4010-992a-35ce3c1e1689
2022-12-15 22:22:16,066 [pool-434-thread-1] INFO  server.RaftServerConfigKeys (ConfUtils.java:logGet(46)) - raft.server.snapshot.auto.trigger.enabled = true (custom)
2022-12-15 22:22:16,066 [pool-434-thread-1] INFO  server.RaftServerConfigKeys (ConfUtils.java:logGet(46)) - raft.server.snapshot.auto.trigger.threshold = 10000 (custom)
2022-12-15 22:22:16,066 [pool-434-thread-1] INFO  server.RaftServerConfigKeys (ConfUtils.java:logGet(46)) - raft.server.snapshot.retention.file.num = 5 (custom)
2022-12-15 22:22:16,066 [pool-434-thread-1] INFO  server.RaftServerConfigKeys (ConfUtils.java:logGet(46)) - raft.server.log.purge.upto.snapshot.index = false (default)
2022-12-15 22:22:16,067 [a42aff4d-9d7b-4010-992a-35ce3c1e1689@group-85E5E1C09A56-FollowerState] INFO  server.RaftServerConfigKeys (ConfUtils.java:logFallback(53)) - raft.server.rpc.first-election.timeout.min = 5s (fallback to raft.server.rpc.timeout.min)
2022-12-15 22:22:16,068 [a42aff4d-9d7b-4010-992a-35ce3c1e1689@group-85E5E1C09A56-FollowerState] INFO  server.RaftServerConfigKeys (ConfUtils.java:logFallback(53)) - raft.server.rpc.first-election.timeout.max = 5200ms (fallback to raft.server.rpc.timeout.max)
2022-12-15 22:22:16,069 [ContainerReplicationThread-0] INFO  replication.DownloadAndImportReplicator (DownloadAndImportReplicator.java:replicate(122)) - Container 2 is replicated successfully
2022-12-15 22:22:16,069 [ContainerReplicationThread-0] INFO  replication.ReplicationSupervisor (ReplicationSupervisor.java:run(179)) - Container 2 is replicated.
2022-12-15 22:22:16,073 [EventQueue-CommandQueueReportForCommandQueueReportHandler] WARN  events.EventQueue (EventQueue.java:fireEvent(216)) - No event handler registered for event TypedEvent{payloadType=DatanodeDetails, name='Datanode_Command_Queue_Updated'}
2022-12-15 22:22:16,088 [grpc-default-executor-3] INFO  server.RaftServer (RaftServerProxy.java:addNew(96)) - 5c5af87b-4e3e-41fb-877c-ea0d3e3ca2da: addNew group-85E5E1C09A56:[51274d7d-d5a1-4c32-9641-f14f0b9efaa9|rpc:10.1.0.13:34457|dataStream:|priority:1|startupRole:FOLLOWER, a42aff4d-9d7b-4010-992a-35ce3c1e1689|rpc:10.1.0.13:44723|dataStream:|priority:0|startupRole:FOLLOWER, 5c5af87b-4e3e-41fb-877c-ea0d3e3ca2da|rpc:10.1.0.13:45309|dataStream:|priority:0|startupRole:FOLLOWER] returns group-85E5E1C09A56:java.util.concurrent.CompletableFuture@3218aec0[Not completed]
2022-12-15 22:22:16,091 [pool-375-thread-1] INFO  server.RaftServer$Division (RaftServerImpl.java:<init>(195)) - 5c5af87b-4e3e-41fb-877c-ea0d3e3ca2da: new RaftServerImpl for group-85E5E1C09A56:[51274d7d-d5a1-4c32-9641-f14f0b9efaa9|rpc:10.1.0.13:34457|dataStream:|priority:1|startupRole:FOLLOWER, a42aff4d-9d7b-4010-992a-35ce3c1e1689|rpc:10.1.0.13:44723|dataStream:|priority:0|startupRole:FOLLOWER, 5c5af87b-4e3e-41fb-877c-ea0d3e3ca2da|rpc:10.1.0.13:45309|dataStream:|priority:0|startupRole:FOLLOWER] with ContainerStateMachine:uninitialized
2022-12-15 22:22:16,091 [pool-375-thread-1] INFO  server.RaftServerConfigKeys (ConfUtils.java:logGet(46)) - raft.server.rpc.timeout.min = 5s (custom)
2022-12-15 22:22:16,091 [pool-375-thread-1] INFO  server.RaftServerConfigKeys (ConfUtils.java:logGet(46)) - raft.server.rpc.timeout.max = 5200ms (custom)
2022-12-15 22:22:16,091 [pool-375-thread-1] INFO  server.RaftServerConfigKeys (ConfUtils.java:logGet(46)) - raft.server.rpc.sleep.time = 25ms (default)
2022-12-15 22:22:16,091 [pool-375-thread-1] INFO  server.RaftServerConfigKeys (ConfUtils.java:logGet(46)) - raft.server.rpc.slowness.timeout = 300s (custom)
2022-12-15 22:22:16,091 [pool-375-thread-1] INFO  server.RaftServerConfigKeys (ConfUtils.java:logGet(46)) - raft.server.leaderelection.leader.step-down.wait-time = 10s (default)
2022-12-15 22:22:16,091 [pool-375-thread-1] INFO  server.RaftServerConfigKeys (ConfUtils.java:logGet(46)) - raft.server.sleep.deviation.threshold = 300ms (default)
2022-12-15 22:22:16,091 [pool-375-thread-1] INFO  server.RaftServer$Division (ServerState.java:<init>(118)) - 5c5af87b-4e3e-41fb-877c-ea0d3e3ca2da@group-85E5E1C09A56: ConfigurationManager, init=-1: peers:[51274d7d-d5a1-4c32-9641-f14f0b9efaa9|rpc:10.1.0.13:34457|dataStream:|priority:1|startupRole:FOLLOWER, a42aff4d-9d7b-4010-992a-35ce3c1e1689|rpc:10.1.0.13:44723|dataStream:|priority:0|startupRole:FOLLOWER, 5c5af87b-4e3e-41fb-877c-ea0d3e3ca2da|rpc:10.1.0.13:45309|dataStream:|priority:0|startupRole:FOLLOWER]|listeners:[], old=null, confs=<EMPTY_MAP>
2022-12-15 22:22:16,091 [pool-375-thread-1] INFO  server.RaftServerConfigKeys (ConfUtils.java:logGet(46)) - raft.server.storage.dir = [/home/runner/work/ozone/ozone/hadoop-ozone/integration-test/target/test-dir/MiniOzoneClusterImpl-c952205c-0de4-41d8-8615-baf19f81c5db/datanode-1/data/ratis] (custom)
2022-12-15 22:22:16,093 [pool-375-thread-1] INFO  server.RaftServerConfigKeys (ConfUtils.java:logGet(46)) - raft.server.log.corruption.policy = EXCEPTION (default)
2022-12-15 22:22:16,093 [pool-375-thread-1] INFO  server.RaftServerConfigKeys (ConfUtils.java:logGet(46)) - raft.server.storage.free-space.min = 0MB (=0) (default)
2022-12-15 22:22:16,093 [pool-375-thread-1] INFO  server.RaftServerConfigKeys (ConfUtils.java:logGet(46)) - raft.server.notification.no-leader.timeout = 300s (custom)
2022-12-15 22:22:16,093 [pool-375-thread-1] INFO  server.RaftServerConfigKeys (ConfUtils.java:logGet(46)) - raft.server.retrycache.expirytime = 600000ms (custom)
2022-12-15 22:22:16,093 [pool-375-thread-1] INFO  server.RaftServerConfigKeys (ConfUtils.java:logGet(46)) - raft.server.retrycache.statistics.expirytime = 100μs (default)
2022-12-15 22:22:16,098 [pool-375-thread-1] INFO  server.RaftServerConfigKeys (ConfUtils.java:logGet(46)) - raft.server.log.appender.install.snapshot.enabled = false (custom)
2022-12-15 22:22:16,098 [pool-375-thread-1] INFO  server.RaftServerConfigKeys (ConfUtils.java:logGet(46)) - raft.server.threadpool.server.cached = true (default)
2022-12-15 22:22:16,098 [pool-375-thread-1] INFO  server.RaftServerConfigKeys (ConfUtils.java:logGet(46)) - raft.server.threadpool.server.size = 0 (default)
2022-12-15 22:22:16,099 [pool-375-thread-1] INFO  server.RaftServerConfigKeys (ConfUtils.java:logGet(46)) - raft.server.threadpool.client.cached = true (default)
2022-12-15 22:22:16,099 [pool-375-thread-1] INFO  server.RaftServerConfigKeys (ConfUtils.java:logGet(46)) - raft.server.threadpool.client.size = 0 (default)
2022-12-15 22:22:16,099 [pool-375-thread-1] INFO  storage.RaftStorageDirectory (RaftStorageDirectoryImpl.java:analyzeStorage(137)) - The storage directory /home/runner/work/ozone/ozone/hadoop-ozone/integration-test/target/test-dir/MiniOzoneClusterImpl-c952205c-0de4-41d8-8615-baf19f81c5db/datanode-1/data/ratis/b4c892e0-acf1-4f84-9870-85e5e1c09a56 does not exist. Creating ...
2022-12-15 22:22:16,102 [pool-375-thread-1] INFO  storage.RaftStorageDirectory (RaftStorageDirectoryImpl.java:tryLock(231)) - Lock on /home/runner/work/ozone/ozone/hadoop-ozone/integration-test/target/test-dir/MiniOzoneClusterImpl-c952205c-0de4-41d8-8615-baf19f81c5db/datanode-1/data/ratis/b4c892e0-acf1-4f84-9870-85e5e1c09a56/in_use.lock acquired by nodename 2635@fv-az83-67
2022-12-15 22:22:16,103 [pool-375-thread-1] INFO  storage.RaftStorage (RaftStorageImpl.java:format(96)) - Storage directory /home/runner/work/ozone/ozone/hadoop-ozone/integration-test/target/test-dir/MiniOzoneClusterImpl-c952205c-0de4-41d8-8615-baf19f81c5db/datanode-1/data/ratis/b4c892e0-acf1-4f84-9870-85e5e1c09a56 has been successfully formatted.
2022-12-15 22:22:16,104 [pool-375-thread-1] INFO  ratis.ContainerStateMachine (ContainerStateMachine.java:loadSnapshot(236)) - group-85E5E1C09A56: The snapshot info is null. Setting the last applied indexto:(t:0, i:~)
2022-12-15 22:22:16,104 [pool-375-thread-1] INFO  server.RaftServerConfigKeys (ConfUtils.java:logGet(46)) - raft.server.log.use.memory = false (default)
2022-12-15 22:22:16,104 [pool-375-thread-1] INFO  server.RaftServerConfigKeys (ConfUtils.java:logGet(46)) - raft.server.log.purge.gap = 1000000 (custom)
2022-12-15 22:22:16,105 [pool-375-thread-1] INFO  server.RaftServerConfigKeys (ConfUtils.java:logGet(46)) - raft.server.log.appender.buffer.byte-limit = 33554432 (custom)
2022-12-15 22:22:16,105 [pool-375-thread-1] INFO  server.RaftServerConfigKeys (ConfUtils.java:logGet(46)) - raft.server.log.statemachine.data.read.timeout = 1000ms (default)
2022-12-15 22:22:16,105 [pool-375-thread-1] INFO  server.RaftServerConfigKeys (ConfUtils.java:logGet(46)) - raft.server.log.purge.preservation.log.num = 0 (default)
2022-12-15 22:22:16,105 [pool-375-thread-1] INFO  server.RaftServerConfigKeys (ConfUtils.java:logGet(46)) - raft.server.log.segment.size.max = 1048576 (custom)
2022-12-15 22:22:16,106 [EventQueue-CommandQueueReportForCommandQueueReportHandler] WARN  events.EventQueue (EventQueue.java:fireEvent(216)) - No event handler registered for event TypedEvent{payloadType=DatanodeDetails, name='Datanode_Command_Queue_Updated'}
2022-12-15 22:22:16,108 [pool-375-thread-1] INFO  server.RaftServerConfigKeys (ConfUtils.java:logGet(46)) - raft.server.log.segment.cache.num.max = 2 (custom)
2022-12-15 22:22:16,108 [pool-375-thread-1] INFO  server.RaftServerConfigKeys (ConfUtils.java:logGet(46)) - raft.server.log.segment.cache.size.max = 200MB (=209715200) (default)
2022-12-15 22:22:16,108 [pool-375-thread-1] INFO  segmented.SegmentedRaftLogWorker (SegmentedRaftLogWorker.java:<init>(189)) - new 5c5af87b-4e3e-41fb-877c-ea0d3e3ca2da@group-85E5E1C09A56-SegmentedRaftLogWorker for RaftStorageImpl:Storage Directory /home/runner/work/ozone/ozone/hadoop-ozone/integration-test/target/test-dir/MiniOzoneClusterImpl-c952205c-0de4-41d8-8615-baf19f81c5db/datanode-1/data/ratis/b4c892e0-acf1-4f84-9870-85e5e1c09a56
2022-12-15 22:22:16,109 [pool-375-thread-1] INFO  server.RaftServerConfigKeys (ConfUtils.java:logGet(46)) - raft.server.log.queue.byte-limit = 4294967296 (custom)
2022-12-15 22:22:16,110 [pool-375-thread-1] INFO  server.RaftServerConfigKeys (ConfUtils.java:logGet(46)) - raft.server.log.queue.element-limit = 1024 (custom)
2022-12-15 22:22:16,110 [pool-375-thread-1] INFO  server.RaftServerConfigKeys (ConfUtils.java:logGet(46)) - raft.server.log.segment.size.max = 1048576 (custom)
2022-12-15 22:22:16,110 [pool-375-thread-1] INFO  server.RaftServerConfigKeys (ConfUtils.java:logGet(46)) - raft.server.log.preallocated.size = 16384 (custom)
2022-12-15 22:22:16,110 [pool-375-thread-1] INFO  server.RaftServerConfigKeys (ConfUtils.java:logGet(46)) - raft.server.log.force.sync.num = 128 (default)
2022-12-15 22:22:16,110 [pool-375-thread-1] INFO  server.RaftServerConfigKeys (ConfUtils.java:logGet(46)) - raft.server.log.statemachine.data.sync = true (default)
2022-12-15 22:22:16,110 [pool-375-thread-1] INFO  server.RaftServerConfigKeys (ConfUtils.java:logGet(46)) - raft.server.log.statemachine.data.sync.timeout = 10s (default)
2022-12-15 22:22:16,110 [pool-375-thread-1] INFO  server.RaftServerConfigKeys (ConfUtils.java:logGet(46)) - raft.server.log.statemachine.data.sync.timeout.retry = -1 (default)
2022-12-15 22:22:16,114 [pool-375-thread-1] INFO  server.RaftServerConfigKeys (ConfUtils.java:logGet(46)) - raft.server.log.write.buffer.size = 1048576 (custom)
2022-12-15 22:22:16,116 [pool-375-thread-1] INFO  server.RaftServerConfigKeys (ConfUtils.java:logGet(46)) - raft.server.log.appender.buffer.byte-limit = 33554432 (custom)
2022-12-15 22:22:16,265 [Over Replicated Processor] INFO  replication.OverReplicatedProcessor (OverReplicatedProcessor.java:processAll(79)) - Processed 0 over replicated containers, failed processing 0
2022-12-15 22:22:16,269 [DatanodeAdminManager-0] INFO  node.DatanodeAdminMonitorImpl (DatanodeAdminMonitorImpl.java:checkContainersReplicatedOnNode(356)) - Under Replicated Container #6 org.apache.hadoop.hdds.scm.container.replication.ECContainerReplicaCount@1373c9f4; Replicas{ContainerReplica{containerID=#6, state=CLOSED, datanodeDetails=8742ce53-ec43-4b5d-92fb-ca295b19fdac{ip: 10.1.0.13, host: fv-az83-67.pawgbth4qraerhbqawdeo1jfng.dx.internal.cloudapp.net, ports: [REPLICATION=42995, RATIS=44977, RATIS_ADMIN=44977, RATIS_SERVER=44977, STANDALONE=39581], networkLocation: /default-rack, certSerialId: null, persistedOpState: IN_SERVICE, persistedOpStateExpiryEpochSec: 0}, placeOfBirth=8742ce53-ec43-4b5d-92fb-ca295b19fdac, sequenceId=0, keyCount=3, bytesUsed=0,replicaIndex=3},ContainerReplica{containerID=#6, state=CLOSED, datanodeDetails=1e86e54b-7ea4-4ffe-a764-33ccb592660f{ip: 10.1.0.13, host: fv-az83-67.pawgbth4qraerhbqawdeo1jfng.dx.internal.cloudapp.net, ports: [REPLICATION=41383, RATIS=45413, RATIS_ADMIN=45413, RATIS_SERVER=45413, STANDALONE=39139], networkLocation: /default-rack, certSerialId: null, persistedOpState: DECOMMISSIONING, persistedOpStateExpiryEpochSec: 0}, placeOfBirth=1e86e54b-7ea4-4ffe-a764-33ccb592660f, sequenceId=0, keyCount=3, bytesUsed=57,replicaIndex=5},ContainerReplica{containerID=#6, state=CLOSED, datanodeDetails=30cdbfed-5eb6-4d94-b03b-823178923405{ip: 10.1.0.13, host: fv-az83-67.pawgbth4qraerhbqawdeo1jfng.dx.internal.cloudapp.net, ports: [REPLICATION=35121, RATIS=40489, RATIS_ADMIN=40489, RATIS_SERVER=40489, STANDALONE=36205], networkLocation: /default-rack, certSerialId: null, persistedOpState: IN_SERVICE, persistedOpStateExpiryEpochSec: 0}, placeOfBirth=30cdbfed-5eb6-4d94-b03b-823178923405, sequenceId=0, keyCount=3, bytesUsed=57,replicaIndex=4},ContainerReplica{containerID=#6, state=CLOSED, datanodeDetails=9af99ef4-a70d-4375-9c0d-594670c86eaa{ip: 10.1.0.13, host: fv-az83-67.pawgbth4qraerhbqawdeo1jfng.dx.internal.cloudapp.net, ports: [REPLICATION=37293, RATIS=37969, RATIS_ADMIN=37969, RATIS_SERVER=37969, STANDALONE=45841], networkLocation: /default-rack, certSerialId: null, persistedOpState: IN_SERVICE, persistedOpStateExpiryEpochSec: 0}, placeOfBirth=9af99ef4-a70d-4375-9c0d-594670c86eaa, sequenceId=0, keyCount=3, bytesUsed=57,replicaIndex=1},ContainerReplica{containerID=#6, state=CLOSED, datanodeDetails=c0e45f45-48a3-418c-b3ac-112e0491709c{ip: 10.1.0.13, host: fv-az83-67.pawgbth4qraerhbqawdeo1jfng.dx.internal.cloudapp.net, ports: [REPLICATION=35393, RATIS=40363, RATIS_ADMIN=40363, RATIS_SERVER=40363, STANDALONE=44419], networkLocation: /default-rack, certSerialId: null, persistedOpState: IN_SERVICE, persistedOpStateExpiryEpochSec: 0}, placeOfBirth=c0e45f45-48a3-418c-b3ac-112e0491709c, sequenceId=0, keyCount=3, bytesUsed=0,replicaIndex=2}}
2022-12-15 22:22:16,270 [DatanodeAdminManager-0] INFO  node.DatanodeAdminMonitorImpl (DatanodeAdminMonitorImpl.java:checkContainersReplicatedOnNode(356)) - Under Replicated Container #7 org.apache.hadoop.hdds.scm.container.replication.ECContainerReplicaCount@24842ac9; Replicas{ContainerReplica{containerID=#7, state=CLOSED, datanodeDetails=e0198350-5a80-4cc9-b4d4-fe7f34161fcd{ip: 10.1.0.13, host: fv-az83-67.pawgbth4qraerhbqawdeo1jfng.dx.internal.cloudapp.net, ports: [REPLICATION=33725, RATIS=33167, RATIS_ADMIN=33167, RATIS_SERVER=33167, STANDALONE=40941], networkLocation: /default-rack, certSerialId: null, persistedOpState: IN_SERVICE, persistedOpStateExpiryEpochSec: 0}, placeOfBirth=e0198350-5a80-4cc9-b4d4-fe7f34161fcd, sequenceId=0, keyCount=2, bytesUsed=38,replicaIndex=4},ContainerReplica{containerID=#7, state=CLOSED, datanodeDetails=30cdbfed-5eb6-4d94-b03b-823178923405{ip: 10.1.0.13, host: fv-az83-67.pawgbth4qraerhbqawdeo1jfng.dx.internal.cloudapp.net, ports: [REPLICATION=35121, RATIS=40489, RATIS_ADMIN=40489, RATIS_SERVER=40489, STANDALONE=36205], networkLocation: /default-rack, certSerialId: null, persistedOpState: IN_SERVICE, persistedOpStateExpiryEpochSec: 0}, placeOfBirth=30cdbfed-5eb6-4d94-b03b-823178923405, sequenceId=0, keyCount=2, bytesUsed=38,replicaIndex=1},ContainerReplica{containerID=#7, state=CLOSED, datanodeDetails=c0e45f45-48a3-418c-b3ac-112e0491709c{ip: 10.1.0.13, host: fv-az83-67.pawgbth4qraerhbqawdeo1jfng.dx.internal.cloudapp.net, ports: [REPLICATION=35393, RATIS=40363, RATIS_ADMIN=40363, RATIS_SERVER=40363, STANDALONE=44419], networkLocation: /default-rack, certSerialId: null, persistedOpState: IN_SERVICE, persistedOpStateExpiryEpochSec: 0}, placeOfBirth=c0e45f45-48a3-418c-b3ac-112e0491709c, sequenceId=0, keyCount=2, bytesUsed=38,replicaIndex=5},ContainerReplica{containerID=#7, state=CLOSED, datanodeDetails=36e1593a-57cf-42fc-9e99-3bc8e6c88ec2{ip: 10.1.0.13, host: fv-az83-67.pawgbth4qraerhbqawdeo1jfng.dx.internal.cloudapp.net, ports: [REPLICATION=36657, RATIS=46439, RATIS_ADMIN=46439, RATIS_SERVER=46439, STANDALONE=39281], networkLocation: /default-rack, certSerialId: null, persistedOpState: IN_SERVICE, persistedOpStateExpiryEpochSec: 0}, placeOfBirth=36e1593a-57cf-42fc-9e99-3bc8e6c88ec2, sequenceId=0, keyCount=2, bytesUsed=0,replicaIndex=2},ContainerReplica{containerID=#7, state=CLOSED, datanodeDetails=1e86e54b-7ea4-4ffe-a764-33ccb592660f{ip: 10.1.0.13, host: fv-az83-67.pawgbth4qraerhbqawdeo1jfng.dx.internal.cloudapp.net, ports: [REPLICATION=41383, RATIS=45413, RATIS_ADMIN=45413, RATIS_SERVER=45413, STANDALONE=39139], networkLocation: /default-rack, certSerialId: null, persistedOpState: DECOMMISSIONING, persistedOpStateExpiryEpochSec: 0}, placeOfBirth=1e86e54b-7ea4-4ffe-a764-33ccb592660f, sequenceId=0, keyCount=2, bytesUsed=0,replicaIndex=3}}
2022-12-15 22:22:16,270 [DatanodeAdminManager-0] INFO  node.DatanodeAdminMonitorImpl (DatanodeAdminMonitorImpl.java:checkContainersReplicatedOnNode(356)) - Under Replicated Container #8 org.apache.hadoop.hdds.scm.container.replication.ECContainerReplicaCount@17c19192; Replicas{ContainerReplica{containerID=#8, state=CLOSED, datanodeDetails=9af99ef4-a70d-4375-9c0d-594670c86eaa{ip: 10.1.0.13, host: fv-az83-67.pawgbth4qraerhbqawdeo1jfng.dx.internal.cloudapp.net, ports: [REPLICATION=37293, RATIS=37969, RATIS_ADMIN=37969, RATIS_SERVER=37969, STANDALONE=45841], networkLocation: /default-rack, certSerialId: null, persistedOpState: IN_SERVICE, persistedOpStateExpiryEpochSec: 0}, placeOfBirth=9af99ef4-a70d-4375-9c0d-594670c86eaa, sequenceId=0, keyCount=5, bytesUsed=95,replicaIndex=5},ContainerReplica{containerID=#8, state=CLOSED, datanodeDetails=1e86e54b-7ea4-4ffe-a764-33ccb592660f{ip: 10.1.0.13, host: fv-az83-67.pawgbth4qraerhbqawdeo1jfng.dx.internal.cloudapp.net, ports: [REPLICATION=41383, RATIS=45413, RATIS_ADMIN=45413, RATIS_SERVER=45413, STANDALONE=39139], networkLocation: /default-rack, certSerialId: null, persistedOpState: DECOMMISSIONING, persistedOpStateExpiryEpochSec: 0}, placeOfBirth=1e86e54b-7ea4-4ffe-a764-33ccb592660f, sequenceId=0, keyCount=5, bytesUsed=0,replicaIndex=3},ContainerReplica{containerID=#8, state=CLOSED, datanodeDetails=36e1593a-57cf-42fc-9e99-3bc8e6c88ec2{ip: 10.1.0.13, host: fv-az83-67.pawgbth4qraerhbqawdeo1jfng.dx.internal.cloudapp.net, ports: [REPLICATION=36657, RATIS=46439, RATIS_ADMIN=46439, RATIS_SERVER=46439, STANDALONE=39281], networkLocation: /default-rack, certSerialId: null, persistedOpState: IN_SERVICE, persistedOpStateExpiryEpochSec: 0}, placeOfBirth=36e1593a-57cf-42fc-9e99-3bc8e6c88ec2, sequenceId=0, keyCount=5, bytesUsed=95,replicaIndex=4},ContainerReplica{containerID=#8, state=CLOSED, datanodeDetails=e0198350-5a80-4cc9-b4d4-fe7f34161fcd{ip: 10.1.0.13, host: fv-az83-67.pawgbth4qraerhbqawdeo1jfng.dx.internal.cloudapp.net, ports: [REPLICATION=33725, RATIS=33167, RATIS_ADMIN=33167, RATIS_SERVER=33167, STANDALONE=40941], networkLocation: /default-rack, certSerialId: null, persistedOpState: IN_SERVICE, persistedOpStateExpiryEpochSec: 0}, placeOfBirth=e0198350-5a80-4cc9-b4d4-fe7f34161fcd, sequenceId=0, keyCount=5, bytesUsed=95,replicaIndex=1},ContainerReplica{containerID=#8, state=CLOSED, datanodeDetails=c0e45f45-48a3-418c-b3ac-112e0491709c{ip: 10.1.0.13, host: fv-az83-67.pawgbth4qraerhbqawdeo1jfng.dx.internal.cloudapp.net, ports: [REPLICATION=35393, RATIS=40363, RATIS_ADMIN=40363, RATIS_SERVER=40363, STANDALONE=44419], networkLocation: /default-rack, certSerialId: null, persistedOpState: IN_SERVICE, persistedOpStateExpiryEpochSec: 0}, placeOfBirth=c0e45f45-48a3-418c-b3ac-112e0491709c, sequenceId=0, keyCount=5, bytesUsed=0,replicaIndex=2}}
2022-12-15 22:22:16,270 [DatanodeAdminManager-0] INFO  node.DatanodeAdminMonitorImpl (DatanodeAdminMonitorImpl.java:checkContainersReplicatedOnNode(367)) - Unhealthy Container #1 Container State: CLOSED Replica Count: 4 Healthy Count: 3 Decommission Count: 1 Maintenance Count: 0 inFlightAdd Count: 1 inFightDel Count: 0 ReplicationFactor: 3 minMaintenance Count: 2; Replicas{ContainerReplica{containerID=#1, state=QUASI_CLOSED, datanodeDetails=8742ce53-ec43-4b5d-92fb-ca295b19fdac{ip: 10.1.0.13, host: fv-az83-67.pawgbth4qraerhbqawdeo1jfng.dx.internal.cloudapp.net, ports: [REPLICATION=42995, RATIS=44977, RATIS_ADMIN=44977, RATIS_SERVER=44977, STANDALONE=39581], networkLocation: /default-rack, certSerialId: null, persistedOpState: IN_SERVICE, persistedOpStateExpiryEpochSec: 0}, placeOfBirth=8742ce53-ec43-4b5d-92fb-ca295b19fdac, sequenceId=72, keyCount=7, bytesUsed=133},ContainerReplica{containerID=#1, state=CLOSED, datanodeDetails=e0198350-5a80-4cc9-b4d4-fe7f34161fcd{ip: 10.1.0.13, host: fv-az83-67.pawgbth4qraerhbqawdeo1jfng.dx.internal.cloudapp.net, ports: [REPLICATION=33725, RATIS=33167, RATIS_ADMIN=33167, RATIS_SERVER=33167, STANDALONE=40941], networkLocation: /default-rack, certSerialId: null, persistedOpState: IN_SERVICE, persistedOpStateExpiryEpochSec: 0}, placeOfBirth=e0198350-5a80-4cc9-b4d4-fe7f34161fcd, sequenceId=72, keyCount=7, bytesUsed=133},ContainerReplica{containerID=#1, state=CLOSED, datanodeDetails=1e86e54b-7ea4-4ffe-a764-33ccb592660f{ip: 10.1.0.13, host: fv-az83-67.pawgbth4qraerhbqawdeo1jfng.dx.internal.cloudapp.net, ports: [REPLICATION=41383, RATIS=45413, RATIS_ADMIN=45413, RATIS_SERVER=45413, STANDALONE=39139], networkLocation: /default-rack, certSerialId: null, persistedOpState: DECOMMISSIONING, persistedOpStateExpiryEpochSec: 0}, placeOfBirth=1e86e54b-7ea4-4ffe-a764-33ccb592660f, sequenceId=72, keyCount=7, bytesUsed=133},ContainerReplica{containerID=#1, state=QUASI_CLOSED, datanodeDetails=c0e45f45-48a3-418c-b3ac-112e0491709c{ip: 10.1.0.13, host: fv-az83-67.pawgbth4qraerhbqawdeo1jfng.dx.internal.cloudapp.net, ports: [REPLICATION=35393, RATIS=40363, RATIS_ADMIN=40363, RATIS_SERVER=40363, STANDALONE=44419], networkLocation: /default-rack, certSerialId: null, persistedOpState: IN_SERVICE, persistedOpStateExpiryEpochSec: 0}, placeOfBirth=8742ce53-ec43-4b5d-92fb-ca295b19fdac, sequenceId=72, keyCount=7, bytesUsed=133}}
2022-12-15 22:22:16,271 [DatanodeAdminManager-0] INFO  node.DatanodeAdminMonitorImpl (DatanodeAdminMonitorImpl.java:checkContainersReplicatedOnNode(367)) - Unhealthy Container #2 Container State: CLOSED Replica Count: 4 Healthy Count: 3 Decommission Count: 1 Maintenance Count: 0 inFlightAdd Count: 1 inFightDel Count: 0 ReplicationFactor: 3 minMaintenance Count: 2; Replicas{ContainerReplica{containerID=#2, state=CLOSED, datanodeDetails=1e86e54b-7ea4-4ffe-a764-33ccb592660f{ip: 10.1.0.13, host: fv-az83-67.pawgbth4qraerhbqawdeo1jfng.dx.internal.cloudapp.net, ports: [REPLICATION=41383, RATIS=45413, RATIS_ADMIN=45413, RATIS_SERVER=45413, STANDALONE=39139], networkLocation: /default-rack, certSerialId: null, persistedOpState: DECOMMISSIONING, persistedOpStateExpiryEpochSec: 0}, placeOfBirth=1e86e54b-7ea4-4ffe-a764-33ccb592660f, sequenceId=76, keyCount=7, bytesUsed=133},ContainerReplica{containerID=#2, state=CLOSED, datanodeDetails=e0198350-5a80-4cc9-b4d4-fe7f34161fcd{ip: 10.1.0.13, host: fv-az83-67.pawgbth4qraerhbqawdeo1jfng.dx.internal.cloudapp.net, ports: [REPLICATION=33725, RATIS=33167, RATIS_ADMIN=33167, RATIS_SERVER=33167, STANDALONE=40941], networkLocation: /default-rack, certSerialId: null, persistedOpState: IN_SERVICE, persistedOpStateExpiryEpochSec: 0}, placeOfBirth=e0198350-5a80-4cc9-b4d4-fe7f34161fcd, sequenceId=76, keyCount=7, bytesUsed=133},ContainerReplica{containerID=#2, state=QUASI_CLOSED, datanodeDetails=36e1593a-57cf-42fc-9e99-3bc8e6c88ec2{ip: 10.1.0.13, host: fv-az83-67.pawgbth4qraerhbqawdeo1jfng.dx.internal.cloudapp.net, ports: [REPLICATION=36657, RATIS=46439, RATIS_ADMIN=46439, RATIS_SERVER=46439, STANDALONE=39281], networkLocation: /default-rack, certSerialId: null, persistedOpState: IN_SERVICE, persistedOpStateExpiryEpochSec: 0}, placeOfBirth=8742ce53-ec43-4b5d-92fb-ca295b19fdac, sequenceId=76, keyCount=7, bytesUsed=133},ContainerReplica{containerID=#2, state=QUASI_CLOSED, datanodeDetails=8742ce53-ec43-4b5d-92fb-ca295b19fdac{ip: 10.1.0.13, host: fv-az83-67.pawgbth4qraerhbqawdeo1jfng.dx.internal.cloudapp.net, ports: [REPLICATION=42995, RATIS=44977, RATIS_ADMIN=44977, RATIS_SERVER=44977, STANDALONE=39581], networkLocation: /default-rack, certSerialId: null, persistedOpState: IN_SERVICE, persistedOpStateExpiryEpochSec: 0}, placeOfBirth=8742ce53-ec43-4b5d-92fb-ca295b19fdac, sequenceId=76, keyCount=7, bytesUsed=133}}
2022-12-15 22:22:16,285 [IPC Server handler 11 on default port 46479] INFO  net.NetworkTopologyImpl (NetworkTopologyImpl.java:add(112)) - Added a new node: /default-rack/71b6f94d-94ac-4fef-bfea-f7b8cd5fb2e7
2022-12-15 22:22:16,285 [IPC Server handler 11 on default port 46479] INFO  node.SCMNodeManager (SCMNodeManager.java:register(397)) - Registered Data node : 71b6f94d-94ac-4fef-bfea-f7b8cd5fb2e7{ip: 10.1.0.13, host: fv-az83-67.pawgbth4qraerhbqawdeo1jfng.dx.internal.cloudapp.net, ports: [REPLICATION=43135, RATIS=37337, RATIS_ADMIN=37337, RATIS_SERVER=37337, STANDALONE=42045], networkLocation: /default-rack, certSerialId: null, persistedOpState: null, persistedOpStateExpiryEpochSec: 0}
2022-12-15 22:22:16,285 [EventQueue-NewNodeForNewNodeHandler] INFO  pipeline.BackgroundPipelineCreator (BackgroundPipelineCreator.java:notifyEventTriggered(276)) - trigger a one-shot run on RatisPipelineUtilsThread.
2022-12-15 22:22:16,277 [ReplicationMonitor] INFO  replication.ReplicationManager (ReplicationManager.java:processAll(327)) - Replication Manager is not ready to run until 3000ms after safemode exit
2022-12-15 22:22:16,271 [pool-375-thread-1] INFO  server.RaftServerConfigKeys (ConfUtils.java:logGet(46)) - raft.server.log.unsafe-flush.enabled = false (default)
2022-12-15 22:22:16,288 [pool-375-thread-1] INFO  server.RaftServerConfigKeys (ConfUtils.java:logGet(46)) - raft.server.log.async-flush.enabled = false (default)
2022-12-15 22:22:16,288 [pool-375-thread-1] INFO  server.RaftServerConfigKeys (ConfUtils.java:logGet(46)) - raft.server.log.statemachine.data.caching.enabled = true (custom)
2022-12-15 22:22:16,288 [RatisPipelineUtilsThread - 0] INFO  pipeline.RatisPipelineProvider (RatisPipelineProvider.java:lambda$create$0(206)) - Sending CreatePipelineCommand for pipeline:PipelineID=4206f72b-5baf-4969-885a-5e5da6b9aecd to datanode:71b6f94d-94ac-4fef-bfea-f7b8cd5fb2e7
2022-12-15 22:22:16,288 [pool-375-thread-1] INFO  segmented.SegmentedRaftLogWorker (SegmentedRaftLogWorker.java:lambda$new$0(135)) - 5c5af87b-4e3e-41fb-877c-ea0d3e3ca2da@group-85E5E1C09A56-SegmentedRaftLogWorker: flushIndex: setUnconditionally 0 -> -1
2022-12-15 22:22:16,288 [pool-375-thread-1] INFO  segmented.SegmentedRaftLogWorker (SegmentedRaftLogWorker.java:lambda$new$0(135)) - 5c5af87b-4e3e-41fb-877c-ea0d3e3ca2da@group-85E5E1C09A56-SegmentedRaftLogWorker: safeCacheEvictIndex: setUnconditionally 0 -> -1
2022-12-15 22:22:16,288 [DatanodeAdminManager-0] INFO  node.DatanodeAdminMonitorImpl (DatanodeAdminMonitorImpl.java:checkContainersReplicatedOnNode(356)) - Under Replicated Container #3 Container State: CLOSED Replica Count: 3 Healthy Count: 2 Decommission Count: 1 Maintenance Count: 0 inFlightAdd Count: 1 inFightDel Count: 0 ReplicationFactor: 3 minMaintenance Count: 2; Replicas{ContainerReplica{containerID=#3, state=QUASI_CLOSED, datanodeDetails=8742ce53-ec43-4b5d-92fb-ca295b19fdac{ip: 10.1.0.13, host: fv-az83-67.pawgbth4qraerhbqawdeo1jfng.dx.internal.cloudapp.net, ports: [REPLICATION=42995, RATIS=44977, RATIS_ADMIN=44977, RATIS_SERVER=44977, STANDALONE=39581], networkLocation: /default-rack, certSerialId: null, persistedOpState: IN_SERVICE, persistedOpStateExpiryEpochSec: 0}, placeOfBirth=8742ce53-ec43-4b5d-92fb-ca295b19fdac, sequenceId=68, keyCount=6, bytesUsed=114},ContainerReplica{containerID=#3, state=CLOSED, datanodeDetails=1e86e54b-7ea4-4ffe-a764-33ccb592660f{ip: 10.1.0.13, host: fv-az83-67.pawgbth4qraerhbqawdeo1jfng.dx.internal.cloudapp.net, ports: [REPLICATION=41383, RATIS=45413, RATIS_ADMIN=45413, RATIS_SERVER=45413, STANDALONE=39139], networkLocation: /default-rack, certSerialId: null, persistedOpState: DECOMMISSIONING, persistedOpStateExpiryEpochSec: 0}, placeOfBirth=1e86e54b-7ea4-4ffe-a764-33ccb592660f, sequenceId=68, keyCount=6, bytesUsed=114},ContainerReplica{containerID=#3, state=CLOSED, datanodeDetails=e0198350-5a80-4cc9-b4d4-fe7f34161fcd{ip: 10.1.0.13, host: fv-az83-67.pawgbth4qraerhbqawdeo1jfng.dx.internal.cloudapp.net, ports: [REPLICATION=33725, RATIS=33167, RATIS_ADMIN=33167, RATIS_SERVER=33167, STANDALONE=40941], networkLocation: /default-rack, certSerialId: null, persistedOpState: IN_SERVICE, persistedOpStateExpiryEpochSec: 0}, placeOfBirth=e0198350-5a80-4cc9-b4d4-fe7f34161fcd, sequenceId=68, keyCount=6, bytesUsed=114}}
2022-12-15 22:22:16,288 [RatisPipelineUtilsThread - 0] INFO  pipeline.PipelineStateManagerImpl (PipelineStateManagerImpl.java:addPipeline(103)) - Created pipeline Pipeline[ Id: 4206f72b-5baf-4969-885a-5e5da6b9aecd, Nodes: 71b6f94d-94ac-4fef-bfea-f7b8cd5fb2e7{ip: 10.1.0.13, host: fv-az83-67.pawgbth4qraerhbqawdeo1jfng.dx.internal.cloudapp.net, ports: [REPLICATION=43135, RATIS=37337, RATIS_ADMIN=37337, RATIS_SERVER=37337, STANDALONE=42045], networkLocation: /default-rack, certSerialId: null, persistedOpState: IN_SERVICE, persistedOpStateExpiryEpochSec: 0}, ReplicationConfig: RATIS/ONE, State:ALLOCATED, leaderId:, CreationTimestamp2022-12-15T22:22:16.288Z[Etc/UTC]].
2022-12-15 22:22:16,289 [DatanodeAdminManager-0] INFO  node.DatanodeAdminMonitorImpl (DatanodeAdminMonitorImpl.java:checkContainersReplicatedOnNode(367)) - Unhealthy Container #3 Container State: CLOSED Replica Count: 3 Healthy Count: 2 Decommission Count: 1 Maintenance Count: 0 inFlightAdd Count: 1 inFightDel Count: 0 ReplicationFactor: 3 minMaintenance Count: 2; Replicas{ContainerReplica{containerID=#3, state=QUASI_CLOSED, datanodeDetails=8742ce53-ec43-4b5d-92fb-ca295b19fdac{ip: 10.1.0.13, host: fv-az83-67.pawgbth4qraerhbqawdeo1jfng.dx.internal.cloudapp.net, ports: [REPLICATION=42995, RATIS=44977, RATIS_ADMIN=44977, RATIS_SERVER=44977, STANDALONE=39581], networkLocation: /default-rack, certSerialId: null, persistedOpState: IN_SERVICE, persistedOpStateExpiryEpochSec: 0}, placeOfBirth=8742ce53-ec43-4b5d-92fb-ca295b19fdac, sequenceId=68, keyCount=6, bytesUsed=114},ContainerReplica{containerID=#3, state=CLOSED, datanodeDetails=1e86e54b-7ea4-4ffe-a764-33ccb592660f{ip: 10.1.0.13, host: fv-az83-67.pawgbth4qraerhbqawdeo1jfng.dx.internal.cloudapp.net, ports: [REPLICATION=41383, RATIS=45413, RATIS_ADMIN=45413, RATIS_SERVER=45413, STANDALONE=39139], networkLocation: /default-rack, certSerialId: null, persistedOpState: DECOMMISSIONING, persistedOpStateExpiryEpochSec: 0}, placeOfBirth=1e86e54b-7ea4-4ffe-a764-33ccb592660f, sequenceId=68, keyCount=6, bytesUsed=114},ContainerReplica{containerID=#3, state=CLOSED, datanodeDetails=e0198350-5a80-4cc9-b4d4-fe7f34161fcd{ip: 10.1.0.13, host: fv-az83-67.pawgbth4qraerhbqawdeo1jfng.dx.internal.cloudapp.net, ports: [REPLICATION=33725, RATIS=33167, RATIS_ADMIN=33167, RATIS_SERVER=33167, STANDALONE=40941], networkLocation: /default-rack, certSerialId: null, persistedOpState: IN_SERVICE, persistedOpStateExpiryEpochSec: 0}, placeOfBirth=e0198350-5a80-4cc9-b4d4-fe7f34161fcd, sequenceId=68, keyCount=6, bytesUsed=114}}
2022-12-15 22:22:16,289 [DatanodeAdminManager-0] INFO  node.DatanodeAdminMonitorImpl (DatanodeAdminMonitorImpl.java:checkContainersReplicatedOnNode(356)) - Under Replicated Container #4 org.apache.hadoop.hdds.scm.container.replication.ECContainerReplicaCount@5863e6e; Replicas{ContainerReplica{containerID=#4, state=CLOSED, datanodeDetails=1e86e54b-7ea4-4ffe-a764-33ccb592660f{ip: 10.1.0.13, host: fv-az83-67.pawgbth4qraerhbqawdeo1jfng.dx.internal.cloudapp.net, ports: [REPLICATION=41383, RATIS=45413, RATIS_ADMIN=45413, RATIS_SERVER=45413, STANDALONE=39139], networkLocation: /default-rack, certSerialId: null, persistedOpState: DECOMMISSIONING, persistedOpStateExpiryEpochSec: 0}, placeOfBirth=1e86e54b-7ea4-4ffe-a764-33ccb592660f, sequenceId=0, keyCount=6, bytesUsed=0,replicaIndex=2},ContainerReplica{containerID=#4, state=CLOSED, datanodeDetails=e0198350-5a80-4cc9-b4d4-fe7f34161fcd{ip: 10.1.0.13, host: fv-az83-67.pawgbth4qraerhbqawdeo1jfng.dx.internal.cloudapp.net, ports: [REPLICATION=33725, RATIS=33167, RATIS_ADMIN=33167, RATIS_SERVER=33167, STANDALONE=40941], networkLocation: /default-rack, certSerialId: null, persistedOpState: IN_SERVICE, persistedOpStateExpiryEpochSec: 0}, placeOfBirth=e0198350-5a80-4cc9-b4d4-fe7f34161fcd, sequenceId=0, keyCount=6, bytesUsed=114,replicaIndex=5},ContainerReplica{containerID=#4, state=CLOSED, datanodeDetails=30cdbfed-5eb6-4d94-b03b-823178923405{ip: 10.1.0.13, host: fv-az83-67.pawgbth4qraerhbqawdeo1jfng.dx.internal.cloudapp.net, ports: [REPLICATION=35121, RATIS=40489, RATIS_ADMIN=40489, RATIS_SERVER=40489, STANDALONE=36205], networkLocation: /default-rack, certSerialId: null, persistedOpState: IN_SERVICE, persistedOpStateExpiryEpochSec: 0}, placeOfBirth=30cdbfed-5eb6-4d94-b03b-823178923405, sequenceId=0, keyCount=6, bytesUsed=114,replicaIndex=1},ContainerReplica{containerID=#4, state=CLOSED, datanodeDetails=9af99ef4-a70d-4375-9c0d-594670c86eaa{ip: 10.1.0.13, host: fv-az83-67.pawgbth4qraerhbqawdeo1jfng.dx.internal.cloudapp.net, ports: [REPLICATION=37293, RATIS=37969, RATIS_ADMIN=37969, RATIS_SERVER=37969, STANDALONE=45841], networkLocation: /default-rack, certSerialId: null, persistedOpState: IN_SERVICE, persistedOpStateExpiryEpochSec: 0}, placeOfBirth=9af99ef4-a70d-4375-9c0d-594670c86eaa, sequenceId=0, keyCount=6, bytesUsed=114,replicaIndex=4},ContainerReplica{containerID=#4, state=CLOSED, datanodeDetails=8742ce53-ec43-4b5d-92fb-ca295b19fdac{ip: 10.1.0.13, host: fv-az83-67.pawgbth4qraerhbqawdeo1jfng.dx.internal.cloudapp.net, ports: [REPLICATION=42995, RATIS=44977, RATIS_ADMIN=44977, RATIS_SERVER=44977, STANDALONE=39581], networkLocation: /default-rack, certSerialId: null, persistedOpState: IN_SERVICE, persistedOpStateExpiryEpochSec: 0}, placeOfBirth=8742ce53-ec43-4b5d-92fb-ca295b19fdac, sequenceId=0, keyCount=6, bytesUsed=0,replicaIndex=3}}
2022-12-15 22:22:16,289 [DatanodeAdminManager-0] INFO  node.DatanodeAdminMonitorImpl (DatanodeAdminMonitorImpl.java:checkContainersReplicatedOnNode(377)) - 1e86e54b-7ea4-4ffe-a764-33ccb592660f{ip: 10.1.0.13, host: fv-az83-67.pawgbth4qraerhbqawdeo1jfng.dx.internal.cloudapp.net, ports: [REPLICATION=41383, RATIS=45413, RATIS_ADMIN=45413, RATIS_SERVER=45413, STANDALONE=39139], networkLocation: /default-rack, certSerialId: null, persistedOpState: DECOMMISSIONING, persistedOpStateExpiryEpochSec: 0} has 2 sufficientlyReplicated, 5 underReplicated and 3 unhealthy containers
2022-12-15 22:22:16,289 [RatisPipelineUtilsThread - 0] WARN  pipeline.PipelinePlacementPolicy (PipelinePlacementPolicy.java:filterViableNodes(158)) - Pipeline creation failed due to no sufficient healthy datanodes. Required 3. Found 1.
2022-12-15 22:22:16,288 [ReplicationMonitor] INFO  replication.LegacyReplicationManager (LegacyReplicationManager.java:sendCloseCommand(1513)) - Sending close container command for container #1 to datanode 8742ce53-ec43-4b5d-92fb-ca295b19fdac{ip: 10.1.0.13, host: fv-az83-67.pawgbth4qraerhbqawdeo1jfng.dx.internal.cloudapp.net, ports: [REPLICATION=42995, RATIS=44977, RATIS_ADMIN=44977, RATIS_SERVER=44977, STANDALONE=39581], networkLocation: /default-rack, certSerialId: null, persistedOpState: IN_SERVICE, persistedOpStateExpiryEpochSec: 0}.
2022-12-15 22:22:16,290 [ReplicationMonitor] INFO  replication.LegacyReplicationManager (LegacyReplicationManager.java:sendCloseCommand(1513)) - Sending close container command for container #1 to datanode c0e45f45-48a3-418c-b3ac-112e0491709c{ip: 10.1.0.13, host: fv-az83-67.pawgbth4qraerhbqawdeo1jfng.dx.internal.cloudapp.net, ports: [REPLICATION=35393, RATIS=40363, RATIS_ADMIN=40363, RATIS_SERVER=40363, STANDALONE=44419], networkLocation: /default-rack, certSerialId: null, persistedOpState: IN_SERVICE, persistedOpStateExpiryEpochSec: 0}.
2022-12-15 22:22:16,289 [DatanodeAdminManager-0] INFO  node.DatanodeAdminMonitorImpl (DatanodeAdminMonitorImpl.java:run(169)) - There are 1 nodes tracked for decommission and maintenance.  0 pending nodes.
2022-12-15 22:22:16,290 [ReplicationMonitor] INFO  replication.LegacyReplicationManager (LegacyReplicationManager.java:sendCloseCommand(1513)) - Sending close container command for container #2 to datanode 36e1593a-57cf-42fc-9e99-3bc8e6c88ec2{ip: 10.1.0.13, host: fv-az83-67.pawgbth4qraerhbqawdeo1jfng.dx.internal.cloudapp.net, ports: [REPLICATION=36657, RATIS=46439, RATIS_ADMIN=46439, RATIS_SERVER=46439, STANDALONE=39281], networkLocation: /default-rack, certSerialId: null, persistedOpState: IN_SERVICE, persistedOpStateExpiryEpochSec: 0}.
2022-12-15 22:22:16,291 [ReplicationMonitor] INFO  replication.LegacyReplicationManager (LegacyReplicationManager.java:sendCloseCommand(1513)) - Sending close container command for container #2 to datanode 8742ce53-ec43-4b5d-92fb-ca295b19fdac{ip: 10.1.0.13, host: fv-az83-67.pawgbth4qraerhbqawdeo1jfng.dx.internal.cloudapp.net, ports: [REPLICATION=42995, RATIS=44977, RATIS_ADMIN=44977, RATIS_SERVER=44977, STANDALONE=39581], networkLocation: /default-rack, certSerialId: null, persistedOpState: IN_SERVICE, persistedOpStateExpiryEpochSec: 0}.
2022-12-15 22:22:16,292 [ReplicationMonitor] INFO  replication.ReplicationManager (ReplicationManager.java:processAll(360)) - Replication Monitor Thread took 6 milliseconds for processing 8 containers.
2022-12-15 22:22:16,292 [pool-375-thread-1] INFO  server.RaftServer$Division (RaftServerImpl.java:start(334)) - 5c5af87b-4e3e-41fb-877c-ea0d3e3ca2da@group-85E5E1C09A56: start as a follower, conf=-1: peers:[51274d7d-d5a1-4c32-9641-f14f0b9efaa9|rpc:10.1.0.13:34457|dataStream:|priority:1|startupRole:FOLLOWER, a42aff4d-9d7b-4010-992a-35ce3c1e1689|rpc:10.1.0.13:44723|dataStream:|priority:0|startupRole:FOLLOWER, 5c5af87b-4e3e-41fb-877c-ea0d3e3ca2da|rpc:10.1.0.13:45309|dataStream:|priority:0|startupRole:FOLLOWER]|listeners:[], old=null
2022-12-15 22:22:16,292 [pool-375-thread-1] INFO  server.RaftServer$Division (RaftServerImpl.java:setRole(321)) - 5c5af87b-4e3e-41fb-877c-ea0d3e3ca2da@group-85E5E1C09A56: changes role from      null to FOLLOWER at term 0 for startAsFollower
2022-12-15 22:22:16,292 [pool-375-thread-1] INFO  impl.RoleInfo (RoleInfo.java:updateAndGet(139)) - 5c5af87b-4e3e-41fb-877c-ea0d3e3ca2da: start 5c5af87b-4e3e-41fb-877c-ea0d3e3ca2da@group-85E5E1C09A56-FollowerState
2022-12-15 22:22:16,292 [5c5af87b-4e3e-41fb-877c-ea0d3e3ca2da@group-85E5E1C09A56-FollowerState] INFO  server.RaftServerConfigKeys (ConfUtils.java:logFallback(53)) - raft.server.rpc.first-election.timeout.min = 5s (fallback to raft.server.rpc.timeout.min)
2022-12-15 22:22:16,292 [pool-375-thread-1] INFO  util.JmxRegister (JmxRegister.java:tryRegister(44)) - Successfully registered JMX Bean with object name Ratis:service=RaftServer,group=group-85E5E1C09A56,id=5c5af87b-4e3e-41fb-877c-ea0d3e3ca2da
2022-12-15 22:22:16,292 [5c5af87b-4e3e-41fb-877c-ea0d3e3ca2da@group-85E5E1C09A56-FollowerState] INFO  server.RaftServerConfigKeys (ConfUtils.java:logFallback(53)) - raft.server.rpc.first-election.timeout.max = 5200ms (fallback to raft.server.rpc.timeout.max)
2022-12-15 22:22:16,293 [pool-375-thread-1] INFO  server.RaftServerConfigKeys (ConfUtils.java:logGet(46)) - raft.server.snapshot.auto.trigger.enabled = true (custom)
2022-12-15 22:22:16,293 [pool-375-thread-1] INFO  server.RaftServerConfigKeys (ConfUtils.java:logGet(46)) - raft.server.snapshot.auto.trigger.threshold = 10000 (custom)
2022-12-15 22:22:16,293 [pool-375-thread-1] INFO  server.RaftServerConfigKeys (ConfUtils.java:logGet(46)) - raft.server.snapshot.retention.file.num = 5 (custom)
2022-12-15 22:22:16,293 [pool-375-thread-1] INFO  server.RaftServerConfigKeys (ConfUtils.java:logGet(46)) - raft.server.log.purge.upto.snapshot.index = false (default)
2022-12-15 22:22:16,302 [Under Replicated Processor] INFO  replication.ReplicationManager (ReplicationManager.java:sendDatanodeCommand(423)) - Sending command of type replicateContainerCommand for container ContainerInfo{id=#4, state=CLOSED, pipelineID=PipelineID=a30a131b-c483-4934-bb85-a0dbe401b2ae, stateEnterTime=2022-12-15T22:22:08.573Z, owner=om1} to c0e45f45-48a3-418c-b3ac-112e0491709c{ip: 10.1.0.13, host: fv-az83-67.pawgbth4qraerhbqawdeo1jfng.dx.internal.cloudapp.net, ports: [REPLICATION=35393, RATIS=40363, RATIS_ADMIN=40363, RATIS_SERVER=40363, STANDALONE=44419], networkLocation: /default-rack, certSerialId: null, persistedOpState: null, persistedOpStateExpiryEpochSec: 0}
2022-12-15 22:22:16,303 [Command processor thread] INFO  commandhandler.CreatePipelineCommandHandler (CreatePipelineCommandHandler.java:handle(113)) - Created Pipeline RATIS THREE PipelineID=b4c892e0-acf1-4f84-9870-85e5e1c09a56.
2022-12-15 22:22:16,308 [Under Replicated Processor] INFO  replication.ECUnderReplicationHandler (ECUnderReplicationHandler.java:processAndCreateCommands(134)) - The container 4 with replicas [ContainerReplica{containerID=#4, state=CLOSED, datanodeDetails=1e86e54b-7ea4-4ffe-a764-33ccb592660f{ip: 10.1.0.13, host: fv-az83-67.pawgbth4qraerhbqawdeo1jfng.dx.internal.cloudapp.net, ports: [REPLICATION=41383, RATIS=45413, RATIS_ADMIN=45413, RATIS_SERVER=45413, STANDALONE=39139], networkLocation: /default-rack, certSerialId: null, persistedOpState: DECOMMISSIONING, persistedOpStateExpiryEpochSec: 0}, placeOfBirth=1e86e54b-7ea4-4ffe-a764-33ccb592660f, sequenceId=0, keyCount=6, bytesUsed=0,replicaIndex=2}, ContainerReplica{containerID=#4, state=CLOSED, datanodeDetails=e0198350-5a80-4cc9-b4d4-fe7f34161fcd{ip: 10.1.0.13, host: fv-az83-67.pawgbth4qraerhbqawdeo1jfng.dx.internal.cloudapp.net, ports: [REPLICATION=33725, RATIS=33167, RATIS_ADMIN=33167, RATIS_SERVER=33167, STANDALONE=40941], networkLocation: /default-rack, certSerialId: null, persistedOpState: IN_SERVICE, persistedOpStateExpiryEpochSec: 0}, placeOfBirth=e0198350-5a80-4cc9-b4d4-fe7f34161fcd, sequenceId=0, keyCount=6, bytesUsed=114,replicaIndex=5}, ContainerReplica{containerID=#4, state=CLOSED, datanodeDetails=30cdbfed-5eb6-4d94-b03b-823178923405{ip: 10.1.0.13, host: fv-az83-67.pawgbth4qraerhbqawdeo1jfng.dx.internal.cloudapp.net, ports: [REPLICATION=35121, RATIS=40489, RATIS_ADMIN=40489, RATIS_SERVER=40489, STANDALONE=36205], networkLocation: /default-rack, certSerialId: null, persistedOpState: IN_SERVICE, persistedOpStateExpiryEpochSec: 0}, placeOfBirth=30cdbfed-5eb6-4d94-b03b-823178923405, sequenceId=0, keyCount=6, bytesUsed=114,replicaIndex=1}, ContainerReplica{containerID=#4, state=CLOSED, datanodeDetails=9af99ef4-a70d-4375-9c0d-594670c86eaa{ip: 10.1.0.13, host: fv-az83-67.pawgbth4qraerhbqawdeo1jfng.dx.internal.cloudapp.net, ports: [REPLICATION=37293, RATIS=37969, RATIS_ADMIN=37969, RATIS_SERVER=37969, STANDALONE=45841], networkLocation: /default-rack, certSerialId: null, persistedOpState: IN_SERVICE, persistedOpStateExpiryEpochSec: 0}, placeOfBirth=9af99ef4-a70d-4375-9c0d-594670c86eaa, sequenceId=0, keyCount=6, bytesUsed=114,replicaIndex=4}, ContainerReplica{containerID=#4, state=CLOSED, datanodeDetails=8742ce53-ec43-4b5d-92fb-ca295b19fdac{ip: 10.1.0.13, host: fv-az83-67.pawgbth4qraerhbqawdeo1jfng.dx.internal.cloudapp.net, ports: [REPLICATION=42995, RATIS=44977, RATIS_ADMIN=44977, RATIS_SERVER=44977, STANDALONE=39581], networkLocation: /default-rack, certSerialId: null, persistedOpState: IN_SERVICE, persistedOpStateExpiryEpochSec: 0}, placeOfBirth=8742ce53-ec43-4b5d-92fb-ca295b19fdac, sequenceId=0, keyCount=6, bytesUsed=0,replicaIndex=3}] will be sufficiently replicated after pending replicas are created
2022-12-15 22:22:16,308 [Under Replicated Processor] INFO  replication.ReplicationManager (ReplicationManager.java:sendDatanodeCommand(423)) - Sending command of type replicateContainerCommand for container ContainerInfo{id=#8, state=CLOSED, pipelineID=PipelineID=f173ee43-aca2-4969-847c-ea35770a825d, stateEnterTime=2022-12-15T22:22:09.797Z, owner=om1} to 30cdbfed-5eb6-4d94-b03b-823178923405{ip: 10.1.0.13, host: fv-az83-67.pawgbth4qraerhbqawdeo1jfng.dx.internal.cloudapp.net, ports: [REPLICATION=35121, RATIS=40489, RATIS_ADMIN=40489, RATIS_SERVER=40489, STANDALONE=36205], networkLocation: /default-rack, certSerialId: null, persistedOpState: null, persistedOpStateExpiryEpochSec: 0}
2022-12-15 22:22:16,310 [Under Replicated Processor] INFO  replication.ReplicationManager (ReplicationManager.java:sendDatanodeCommand(423)) - Sending command of type replicateContainerCommand for container ContainerInfo{id=#7, state=CLOSED, pipelineID=PipelineID=87f24a54-1b01-4401-b083-bebb4550122d, stateEnterTime=2022-12-15T22:22:09.599Z, owner=om1} to 9af99ef4-a70d-4375-9c0d-594670c86eaa{ip: 10.1.0.13, host: fv-az83-67.pawgbth4qraerhbqawdeo1jfng.dx.internal.cloudapp.net, ports: [REPLICATION=37293, RATIS=37969, RATIS_ADMIN=37969, RATIS_SERVER=37969, STANDALONE=45841], networkLocation: /default-rack, certSerialId: null, persistedOpState: null, persistedOpStateExpiryEpochSec: 0}
2022-12-15 22:22:16,311 [Under Replicated Processor] INFO  replication.ReplicationManager (ReplicationManager.java:sendDatanodeCommand(423)) - Sending command of type replicateContainerCommand for container ContainerInfo{id=#6, state=CLOSED, pipelineID=PipelineID=eb92dca9-258e-4458-8b4a-b46e85a7fcfd, stateEnterTime=2022-12-15T22:22:09.366Z, owner=om1} to 36e1593a-57cf-42fc-9e99-3bc8e6c88ec2{ip: 10.1.0.13, host: fv-az83-67.pawgbth4qraerhbqawdeo1jfng.dx.internal.cloudapp.net, ports: [REPLICATION=36657, RATIS=46439, RATIS_ADMIN=46439, RATIS_SERVER=46439, STANDALONE=39281], networkLocation: /default-rack, certSerialId: null, persistedOpState: null, persistedOpStateExpiryEpochSec: 0}
2022-12-15 22:22:16,312 [Under Replicated Processor] INFO  replication.UnderReplicatedProcessor (UnderReplicatedProcessor.java:processAll(79)) - Processed 5 under replicated containers, failed processing 0
2022-12-15 22:22:16,641 [EventQueue-CommandQueueReportForCommandQueueReportHandler] WARN  events.EventQueue (EventQueue.java:fireEvent(216)) - No event handler registered for event TypedEvent{payloadType=DatanodeDetails, name='Datanode_Command_Queue_Updated'}
2022-12-15 22:22:16,746 [ContainerReplicationThread-0] INFO  replication.DownloadAndImportReplicator (DownloadAndImportReplicator.java:replicate(105)) - Starting replication of container 3 from [8742ce53-ec43-4b5d-92fb-ca295b19fdac{ip: 10.1.0.13, host: fv-az83-67.pawgbth4qraerhbqawdeo1jfng.dx.internal.cloudapp.net, ports: [REPLICATION=42995, RATIS=44977, RATIS_ADMIN=44977, RATIS_SERVER=44977, STANDALONE=39581], networkLocation: /default-rack, certSerialId: null, persistedOpState: IN_SERVICE, persistedOpStateExpiryEpochSec: 0}, 1e86e54b-7ea4-4ffe-a764-33ccb592660f{ip: 10.1.0.13, host: fv-az83-67.pawgbth4qraerhbqawdeo1jfng.dx.internal.cloudapp.net, ports: [REPLICATION=41383, RATIS=45413, RATIS_ADMIN=45413, RATIS_SERVER=45413, STANDALONE=39139], networkLocation: /default-rack, certSerialId: null, persistedOpState: DECOMMISSIONING, persistedOpStateExpiryEpochSec: 0}, e0198350-5a80-4cc9-b4d4-fe7f34161fcd{ip: 10.1.0.13, host: fv-az83-67.pawgbth4qraerhbqawdeo1jfng.dx.internal.cloudapp.net, ports: [REPLICATION=33725, RATIS=33167, RATIS_ADMIN=33167, RATIS_SERVER=33167, STANDALONE=40941], networkLocation: /default-rack, certSerialId: null, persistedOpState: IN_SERVICE, persistedOpStateExpiryEpochSec: 0}]
2022-12-15 22:22:16,755 [EventQueue-CommandQueueReportForCommandQueueReportHandler] WARN  events.EventQueue (EventQueue.java:fireEvent(216)) - No event handler registered for event TypedEvent{payloadType=DatanodeDetails, name='Datanode_Command_Queue_Updated'}
2022-12-15 22:22:16,753 [grpc-default-executor-3] INFO  replication.GrpcReplicationService (GrpcReplicationService.java:download(52)) - Streaming container data (3) to other datanode
2022-12-15 22:22:16,768 [Listener at 127.0.0.1/41387] INFO  ozone.MiniOzoneClusterImpl (MiniOzoneClusterImpl.java:lambda$waitForClusterToBeReady$0(216)) - Waiting for nodes to be ready. Got 4 of 7 DN Heartbeats.
2022-12-15 22:22:16,769 [Listener at 127.0.0.1/41387] INFO  ozone.MiniOzoneClusterImpl (MiniOzoneClusterImpl.java:lambda$waitForClusterToBeReady$0(219)) - Waiting for cluster to exit safe mode
2022-12-15 22:22:16,769 [Listener at 127.0.0.1/41387] INFO  ozone.MiniOzoneClusterImpl (MiniOzoneClusterImpl.java:lambda$waitForClusterToBeReady$0(221)) - SCM became leader
2022-12-15 22:22:16,776 [grpc-default-executor-3] INFO  replication.GrpcOutputStream (GrpcOutputStream.java:close(104)) - Sent 1815 bytes for container 3
2022-12-15 22:22:16,778 [grpc-default-executor-3] INFO  replication.GrpcReplicationClient (GrpcReplicationClient.java:onCompleted(195)) - Container 3 is downloaded to /home/runner/work/ozone/ozone/hadoop-ozone/integration-test/target/test-dir/MiniOzoneClusterImpl-67032562-5e12-4c4f-a5ab-79ddd1e2132c/datanode-6/data/replication/work/container-3.tar.gz
2022-12-15 22:22:16,781 [ContainerReplicationThread-0] INFO  replication.DownloadAndImportReplicator (DownloadAndImportReplicator.java:replicate(117)) - Container 3 is downloaded with size 1815, starting to import.
2022-12-15 22:22:16,796 [IPC Server handler 10 on default port 46479] INFO  net.NetworkTopologyImpl (NetworkTopologyImpl.java:add(112)) - Added a new node: /default-rack/4333d9a6-5ac6-4e80-8f1b-d7ab3137d893
2022-12-15 22:22:16,796 [IPC Server handler 10 on default port 46479] INFO  node.SCMNodeManager (SCMNodeManager.java:register(397)) - Registered Data node : 4333d9a6-5ac6-4e80-8f1b-d7ab3137d893{ip: 10.1.0.13, host: fv-az83-67.pawgbth4qraerhbqawdeo1jfng.dx.internal.cloudapp.net, ports: [REPLICATION=39673, RATIS=38707, RATIS_ADMIN=38707, RATIS_SERVER=38707, STANDALONE=46481], networkLocation: /default-rack, certSerialId: null, persistedOpState: null, persistedOpStateExpiryEpochSec: 0}
2022-12-15 22:22:16,797 [EventQueue-NewNodeForNewNodeHandler] INFO  pipeline.BackgroundPipelineCreator (BackgroundPipelineCreator.java:notifyEventTriggered(276)) - trigger a one-shot run on RatisPipelineUtilsThread.
2022-12-15 22:22:16,798 [RatisPipelineUtilsThread - 0] INFO  pipeline.RatisPipelineProvider (RatisPipelineProvider.java:lambda$create$0(206)) - Sending CreatePipelineCommand for pipeline:PipelineID=a7e7d4fa-f2e7-46c2-a43c-d0a074d8d3ed to datanode:4333d9a6-5ac6-4e80-8f1b-d7ab3137d893
2022-12-15 22:22:16,798 [RatisPipelineUtilsThread - 0] INFO  pipeline.PipelineStateManagerImpl (PipelineStateManagerImpl.java:addPipeline(103)) - Created pipeline Pipeline[ Id: a7e7d4fa-f2e7-46c2-a43c-d0a074d8d3ed, Nodes: 4333d9a6-5ac6-4e80-8f1b-d7ab3137d893{ip: 10.1.0.13, host: fv-az83-67.pawgbth4qraerhbqawdeo1jfng.dx.internal.cloudapp.net, ports: [REPLICATION=39673, RATIS=38707, RATIS_ADMIN=38707, RATIS_SERVER=38707, STANDALONE=46481], networkLocation: /default-rack, certSerialId: null, persistedOpState: IN_SERVICE, persistedOpStateExpiryEpochSec: 0}, ReplicationConfig: RATIS/ONE, State:ALLOCATED, leaderId:, CreationTimestamp2022-12-15T22:22:16.798Z[Etc/UTC]].
2022-12-15 22:22:16,799 [RatisPipelineUtilsThread - 0] WARN  pipeline.PipelinePlacementPolicy (PipelinePlacementPolicy.java:filterViableNodes(158)) - Pipeline creation failed due to no sufficient healthy datanodes. Required 3. Found 2.
2022-12-15 22:22:16,804 [ContainerReplicationThread-0] INFO  replication.DownloadAndImportReplicator (DownloadAndImportReplicator.java:replicate(122)) - Container 3 is replicated successfully
2022-12-15 22:22:16,805 [ContainerReplicationThread-0] INFO  replication.ReplicationSupervisor (ReplicationSupervisor.java:run(179)) - Container 3 is replicated.
2022-12-15 22:22:16,806 [EventQueue-CommandQueueReportForCommandQueueReportHandler] WARN  events.EventQueue (EventQueue.java:fireEvent(216)) - No event handler registered for event TypedEvent{payloadType=DatanodeDetails, name='Datanode_Command_Queue_Updated'}
2022-12-15 22:22:16,837 [EventQueue-CommandQueueReportForCommandQueueReportHandler] WARN  events.EventQueue (EventQueue.java:fireEvent(216)) - No event handler registered for event TypedEvent{payloadType=DatanodeDetails, name='Datanode_Command_Queue_Updated'}
2022-12-15 22:22:16,853 [EventQueue-CommandQueueReportForCommandQueueReportHandler] WARN  events.EventQueue (EventQueue.java:fireEvent(216)) - No event handler registered for event TypedEvent{payloadType=DatanodeDetails, name='Datanode_Command_Queue_Updated'}
2022-12-15 22:22:16,879 [Command processor thread] INFO  server.RaftServer (RaftServerProxy.java:addNew(96)) - 5c5af87b-4e3e-41fb-877c-ea0d3e3ca2da: addNew group-F2FBAAA2EC6A:[5c5af87b-4e3e-41fb-877c-ea0d3e3ca2da|rpc:10.1.0.13:45309|priority:1|startupRole:FOLLOWER] returns group-F2FBAAA2EC6A:java.util.concurrent.CompletableFuture@7151c27e[Not completed]
2022-12-15 22:22:16,880 [pool-375-thread-1] INFO  server.RaftServer$Division (RaftServerImpl.java:<init>(195)) - 5c5af87b-4e3e-41fb-877c-ea0d3e3ca2da: new RaftServerImpl for group-F2FBAAA2EC6A:[5c5af87b-4e3e-41fb-877c-ea0d3e3ca2da|rpc:10.1.0.13:45309|priority:1|startupRole:FOLLOWER] with ContainerStateMachine:uninitialized
2022-12-15 22:22:16,880 [pool-375-thread-1] INFO  server.RaftServerConfigKeys (ConfUtils.java:logGet(46)) - raft.server.rpc.timeout.min = 5s (custom)
2022-12-15 22:22:16,880 [pool-375-thread-1] INFO  server.RaftServerConfigKeys (ConfUtils.java:logGet(46)) - raft.server.rpc.timeout.max = 5200ms (custom)
2022-12-15 22:22:16,880 [pool-375-thread-1] INFO  server.RaftServerConfigKeys (ConfUtils.java:logGet(46)) - raft.server.rpc.sleep.time = 25ms (default)
2022-12-15 22:22:16,880 [pool-375-thread-1] INFO  server.RaftServerConfigKeys (ConfUtils.java:logGet(46)) - raft.server.rpc.slowness.timeout = 300s (custom)
2022-12-15 22:22:16,881 [pool-375-thread-1] INFO  server.RaftServerConfigKeys (ConfUtils.java:logGet(46)) - raft.server.leaderelection.leader.step-down.wait-time = 10s (default)
2022-12-15 22:22:16,881 [pool-375-thread-1] INFO  server.RaftServerConfigKeys (ConfUtils.java:logGet(46)) - raft.server.sleep.deviation.threshold = 300ms (default)
2022-12-15 22:22:16,881 [pool-375-thread-1] INFO  server.RaftServer$Division (ServerState.java:<init>(118)) - 5c5af87b-4e3e-41fb-877c-ea0d3e3ca2da@group-F2FBAAA2EC6A: ConfigurationManager, init=-1: peers:[5c5af87b-4e3e-41fb-877c-ea0d3e3ca2da|rpc:10.1.0.13:45309|priority:1|startupRole:FOLLOWER]|listeners:[], old=null, confs=<EMPTY_MAP>
2022-12-15 22:22:16,881 [pool-375-thread-1] INFO  server.RaftServerConfigKeys (ConfUtils.java:logGet(46)) - raft.server.storage.dir = [/home/runner/work/ozone/ozone/hadoop-ozone/integration-test/target/test-dir/MiniOzoneClusterImpl-c952205c-0de4-41d8-8615-baf19f81c5db/datanode-1/data/ratis] (custom)
2022-12-15 22:22:16,881 [pool-375-thread-1] INFO  server.RaftServerConfigKeys (ConfUtils.java:logGet(46)) - raft.server.log.corruption.policy = EXCEPTION (default)
2022-12-15 22:22:16,881 [pool-375-thread-1] INFO  server.RaftServerConfigKeys (ConfUtils.java:logGet(46)) - raft.server.storage.free-space.min = 0MB (=0) (default)
2022-12-15 22:22:16,881 [pool-375-thread-1] INFO  server.RaftServerConfigKeys (ConfUtils.java:logGet(46)) - raft.server.notification.no-leader.timeout = 300s (custom)
2022-12-15 22:22:16,881 [pool-375-thread-1] INFO  server.RaftServerConfigKeys (ConfUtils.java:logGet(46)) - raft.server.retrycache.expirytime = 600000ms (custom)
2022-12-15 22:22:16,881 [pool-375-thread-1] INFO  server.RaftServerConfigKeys (ConfUtils.java:logGet(46)) - raft.server.retrycache.statistics.expirytime = 100μs (default)
2022-12-15 22:22:16,884 [pool-375-thread-1] INFO  server.RaftServerConfigKeys (ConfUtils.java:logGet(46)) - raft.server.log.appender.install.snapshot.enabled = false (custom)
2022-12-15 22:22:16,884 [pool-375-thread-1] INFO  server.RaftServerConfigKeys (ConfUtils.java:logGet(46)) - raft.server.threadpool.server.cached = true (default)
2022-12-15 22:22:16,884 [pool-375-thread-1] INFO  server.RaftServerConfigKeys (ConfUtils.java:logGet(46)) - raft.server.threadpool.server.size = 0 (default)
2022-12-15 22:22:16,884 [pool-375-thread-1] INFO  server.RaftServerConfigKeys (ConfUtils.java:logGet(46)) - raft.server.threadpool.client.cached = true (default)
2022-12-15 22:22:16,884 [pool-375-thread-1] INFO  server.RaftServerConfigKeys (ConfUtils.java:logGet(46)) - raft.server.threadpool.client.size = 0 (default)
2022-12-15 22:22:16,884 [pool-375-thread-1] INFO  storage.RaftStorageDirectory (RaftStorageDirectoryImpl.java:analyzeStorage(137)) - The storage directory /home/runner/work/ozone/ozone/hadoop-ozone/integration-test/target/test-dir/MiniOzoneClusterImpl-c952205c-0de4-41d8-8615-baf19f81c5db/datanode-1/data/ratis/1c7dd564-cb92-40d2-8476-f2fbaaa2ec6a does not exist. Creating ...
2022-12-15 22:22:16,886 [pool-375-thread-1] INFO  storage.RaftStorageDirectory (RaftStorageDirectoryImpl.java:tryLock(231)) - Lock on /home/runner/work/ozone/ozone/hadoop-ozone/integration-test/target/test-dir/MiniOzoneClusterImpl-c952205c-0de4-41d8-8615-baf19f81c5db/datanode-1/data/ratis/1c7dd564-cb92-40d2-8476-f2fbaaa2ec6a/in_use.lock acquired by nodename 2635@fv-az83-67
2022-12-15 22:22:16,888 [pool-375-thread-1] INFO  storage.RaftStorage (RaftStorageImpl.java:format(96)) - Storage directory /home/runner/work/ozone/ozone/hadoop-ozone/integration-test/target/test-dir/MiniOzoneClusterImpl-c952205c-0de4-41d8-8615-baf19f81c5db/datanode-1/data/ratis/1c7dd564-cb92-40d2-8476-f2fbaaa2ec6a has been successfully formatted.
2022-12-15 22:22:16,889 [pool-375-thread-1] INFO  ratis.ContainerStateMachine (ContainerStateMachine.java:loadSnapshot(236)) - group-F2FBAAA2EC6A: The snapshot info is null. Setting the last applied indexto:(t:0, i:~)
2022-12-15 22:22:16,889 [pool-375-thread-1] INFO  server.RaftServerConfigKeys (ConfUtils.java:logGet(46)) - raft.server.log.use.memory = false (default)
2022-12-15 22:22:16,889 [pool-375-thread-1] INFO  server.RaftServerConfigKeys (ConfUtils.java:logGet(46)) - raft.server.log.purge.gap = 1000000 (custom)
2022-12-15 22:22:16,890 [pool-375-thread-1] INFO  server.RaftServerConfigKeys (ConfUtils.java:logGet(46)) - raft.server.log.appender.buffer.byte-limit = 33554432 (custom)
2022-12-15 22:22:16,890 [pool-375-thread-1] INFO  server.RaftServerConfigKeys (ConfUtils.java:logGet(46)) - raft.server.log.statemachine.data.read.timeout = 1000ms (default)
2022-12-15 22:22:16,890 [pool-375-thread-1] INFO  server.RaftServerConfigKeys (ConfUtils.java:logGet(46)) - raft.server.log.purge.preservation.log.num = 0 (default)
2022-12-15 22:22:16,890 [pool-375-thread-1] INFO  server.RaftServerConfigKeys (ConfUtils.java:logGet(46)) - raft.server.log.segment.size.max = 1048576 (custom)
2022-12-15 22:22:16,890 [EventQueue-CommandQueueReportForCommandQueueReportHandler] WARN  events.EventQueue (EventQueue.java:fireEvent(216)) - No event handler registered for event TypedEvent{payloadType=DatanodeDetails, name='Datanode_Command_Queue_Updated'}
2022-12-15 22:22:16,891 [EventQueue-PipelineReportForPipelineReportHandler] INFO  pipeline.PipelineManagerImpl (PipelineManagerImpl.java:openPipeline(367)) - Pipeline Pipeline[ Id: 1c7dd564-cb92-40d2-8476-f2fbaaa2ec6a, Nodes: 5c5af87b-4e3e-41fb-877c-ea0d3e3ca2da{ip: 10.1.0.13, host: fv-az83-67.pawgbth4qraerhbqawdeo1jfng.dx.internal.cloudapp.net, ports: [REPLICATION=40163, RATIS=45309, RATIS_ADMIN=45309, RATIS_SERVER=45309, STANDALONE=43101], networkLocation: /default-rack, certSerialId: null, persistedOpState: IN_SERVICE, persistedOpStateExpiryEpochSec: 0}, ReplicationConfig: RATIS/ONE, State:ALLOCATED, leaderId:5c5af87b-4e3e-41fb-877c-ea0d3e3ca2da, CreationTimestamp2022-12-15T22:22:13.895Z[Etc/UTC]] moved to OPEN state
2022-12-15 22:22:16,891 [pool-375-thread-1] INFO  server.RaftServerConfigKeys (ConfUtils.java:logGet(46)) - raft.server.log.segment.cache.num.max = 2 (custom)
2022-12-15 22:22:16,891 [pool-375-thread-1] INFO  server.RaftServerConfigKeys (ConfUtils.java:logGet(46)) - raft.server.log.segment.cache.size.max = 200MB (=209715200) (default)
2022-12-15 22:22:16,891 [pool-375-thread-1] INFO  segmented.SegmentedRaftLogWorker (SegmentedRaftLogWorker.java:<init>(189)) - new 5c5af87b-4e3e-41fb-877c-ea0d3e3ca2da@group-F2FBAAA2EC6A-SegmentedRaftLogWorker for RaftStorageImpl:Storage Directory /home/runner/work/ozone/ozone/hadoop-ozone/integration-test/target/test-dir/MiniOzoneClusterImpl-c952205c-0de4-41d8-8615-baf19f81c5db/datanode-1/data/ratis/1c7dd564-cb92-40d2-8476-f2fbaaa2ec6a
2022-12-15 22:22:16,891 [pool-375-thread-1] INFO  server.RaftServerConfigKeys (ConfUtils.java:logGet(46)) - raft.server.log.queue.byte-limit = 4294967296 (custom)
2022-12-15 22:22:16,891 [pool-375-thread-1] INFO  server.RaftServerConfigKeys (ConfUtils.java:logGet(46)) - raft.server.log.queue.element-limit = 1024 (custom)
2022-12-15 22:22:16,891 [EventQueue-OpenPipelineForHealthyPipelineSafeModeRule] INFO  safemode.SCMSafeModeManager (HealthyPipelineSafeModeRule.java:process(137)) - SCM in safe mode. Healthy pipelines reported count is 0, required healthy pipeline reported count is 1
2022-12-15 22:22:16,891 [pool-375-thread-1] INFO  server.RaftServerConfigKeys (ConfUtils.java:logGet(46)) - raft.server.log.segment.size.max = 1048576 (custom)
2022-12-15 22:22:16,891 [pool-375-thread-1] INFO  server.RaftServerConfigKeys (ConfUtils.java:logGet(46)) - raft.server.log.preallocated.size = 16384 (custom)
2022-12-15 22:22:16,892 [pool-375-thread-1] INFO  server.RaftServerConfigKeys (ConfUtils.java:logGet(46)) - raft.server.log.force.sync.num = 128 (default)
2022-12-15 22:22:16,892 [pool-375-thread-1] INFO  server.RaftServerConfigKeys (ConfUtils.java:logGet(46)) - raft.server.log.statemachine.data.sync = true (default)
2022-12-15 22:22:16,892 [pool-375-thread-1] INFO  server.RaftServerConfigKeys (ConfUtils.java:logGet(46)) - raft.server.log.statemachine.data.sync.timeout = 10s (default)
2022-12-15 22:22:16,892 [pool-375-thread-1] INFO  server.RaftServerConfigKeys (ConfUtils.java:logGet(46)) - raft.server.log.statemachine.data.sync.timeout.retry = -1 (default)
2022-12-15 22:22:16,895 [pool-375-thread-1] INFO  server.RaftServerConfigKeys (ConfUtils.java:logGet(46)) - raft.server.log.write.buffer.size = 1048576 (custom)
2022-12-15 22:22:16,896 [pool-375-thread-1] INFO  server.RaftServerConfigKeys (ConfUtils.java:logGet(46)) - raft.server.log.appender.buffer.byte-limit = 33554432 (custom)
2022-12-15 22:22:16,903 [pool-375-thread-1] INFO  server.RaftServerConfigKeys (ConfUtils.java:logGet(46)) - raft.server.log.unsafe-flush.enabled = false (default)
2022-12-15 22:22:16,904 [pool-375-thread-1] INFO  server.RaftServerConfigKeys (ConfUtils.java:logGet(46)) - raft.server.log.async-flush.enabled = false (default)
2022-12-15 22:22:16,904 [pool-375-thread-1] INFO  server.RaftServerConfigKeys (ConfUtils.java:logGet(46)) - raft.server.log.statemachine.data.caching.enabled = true (custom)
2022-12-15 22:22:16,904 [pool-375-thread-1] INFO  segmented.SegmentedRaftLogWorker (SegmentedRaftLogWorker.java:lambda$new$0(135)) - 5c5af87b-4e3e-41fb-877c-ea0d3e3ca2da@group-F2FBAAA2EC6A-SegmentedRaftLogWorker: flushIndex: setUnconditionally 0 -> -1
2022-12-15 22:22:16,904 [pool-375-thread-1] INFO  segmented.SegmentedRaftLogWorker (SegmentedRaftLogWorker.java:lambda$new$0(135)) - 5c5af87b-4e3e-41fb-877c-ea0d3e3ca2da@group-F2FBAAA2EC6A-SegmentedRaftLogWorker: safeCacheEvictIndex: setUnconditionally 0 -> -1
2022-12-15 22:22:16,904 [pool-375-thread-1] INFO  server.RaftServer$Division (RaftServerImpl.java:start(334)) - 5c5af87b-4e3e-41fb-877c-ea0d3e3ca2da@group-F2FBAAA2EC6A: start as a follower, conf=-1: peers:[5c5af87b-4e3e-41fb-877c-ea0d3e3ca2da|rpc:10.1.0.13:45309|priority:1|startupRole:FOLLOWER]|listeners:[], old=null
2022-12-15 22:22:16,905 [pool-375-thread-1] INFO  server.RaftServer$Division (RaftServerImpl.java:setRole(321)) - 5c5af87b-4e3e-41fb-877c-ea0d3e3ca2da@group-F2FBAAA2EC6A: changes role from      null to FOLLOWER at term 0 for startAsFollower
2022-12-15 22:22:16,905 [pool-375-thread-1] INFO  impl.RoleInfo (RoleInfo.java:updateAndGet(139)) - 5c5af87b-4e3e-41fb-877c-ea0d3e3ca2da: start 5c5af87b-4e3e-41fb-877c-ea0d3e3ca2da@group-F2FBAAA2EC6A-FollowerState
2022-12-15 22:22:16,920 [pool-375-thread-1] INFO  util.JmxRegister (JmxRegister.java:tryRegister(44)) - Successfully registered JMX Bean with object name Ratis:service=RaftServer,group=group-F2FBAAA2EC6A,id=5c5af87b-4e3e-41fb-877c-ea0d3e3ca2da
2022-12-15 22:22:16,920 [5c5af87b-4e3e-41fb-877c-ea0d3e3ca2da@group-F2FBAAA2EC6A-FollowerState] INFO  server.RaftServerConfigKeys (ConfUtils.java:logFallback(53)) - raft.server.rpc.first-election.timeout.min = 5s (fallback to raft.server.rpc.timeout.min)
2022-12-15 22:22:16,920 [5c5af87b-4e3e-41fb-877c-ea0d3e3ca2da@group-F2FBAAA2EC6A-FollowerState] INFO  server.RaftServerConfigKeys (ConfUtils.java:logFallback(53)) - raft.server.rpc.first-election.timeout.max = 5200ms (fallback to raft.server.rpc.timeout.max)
2022-12-15 22:22:16,920 [pool-375-thread-1] INFO  server.RaftServerConfigKeys (ConfUtils.java:logGet(46)) - raft.server.snapshot.auto.trigger.enabled = true (custom)
2022-12-15 22:22:16,921 [pool-375-thread-1] INFO  server.RaftServerConfigKeys (ConfUtils.java:logGet(46)) - raft.server.snapshot.auto.trigger.threshold = 10000 (custom)
2022-12-15 22:22:16,921 [pool-375-thread-1] INFO  server.RaftServerConfigKeys (ConfUtils.java:logGet(46)) - raft.server.snapshot.retention.file.num = 5 (custom)
2022-12-15 22:22:16,921 [pool-375-thread-1] INFO  server.RaftServerConfigKeys (ConfUtils.java:logGet(46)) - raft.server.log.purge.upto.snapshot.index = false (default)
2022-12-15 22:22:16,925 [Command processor thread] INFO  ratis.XceiverServerRatis (XceiverServerRatis.java:addGroup(765)) - Created group PipelineID=1c7dd564-cb92-40d2-8476-f2fbaaa2ec6a
2022-12-15 22:22:16,925 [Command processor thread] INFO  commandhandler.CreatePipelineCommandHandler (CreatePipelineCommandHandler.java:handle(113)) - Created Pipeline RATIS ONE PipelineID=1c7dd564-cb92-40d2-8476-f2fbaaa2ec6a.
2022-12-15 22:22:16,985 [EventQueue-CommandQueueReportForCommandQueueReportHandler] WARN  events.EventQueue (EventQueue.java:fireEvent(216)) - No event handler registered for event TypedEvent{payloadType=DatanodeDetails, name='Datanode_Command_Queue_Updated'}
2022-12-15 22:22:17,034 [EventQueue-CommandQueueReportForCommandQueueReportHandler] WARN  events.EventQueue (EventQueue.java:fireEvent(216)) - No event handler registered for event TypedEvent{payloadType=DatanodeDetails, name='Datanode_Command_Queue_Updated'}
2022-12-15 22:22:17,037 [EventQueue-CommandQueueReportForCommandQueueReportHandler] WARN  events.EventQueue (EventQueue.java:fireEvent(216)) - No event handler registered for event TypedEvent{payloadType=DatanodeDetails, name='Datanode_Command_Queue_Updated'}
2022-12-15 22:22:17,039 [EventQueue-CommandQueueReportForCommandQueueReportHandler] WARN  events.EventQueue (EventQueue.java:fireEvent(216)) - No event handler registered for event TypedEvent{payloadType=DatanodeDetails, name='Datanode_Command_Queue_Updated'}
2022-12-15 22:22:17,073 [EventQueue-CommandQueueReportForCommandQueueReportHandler] WARN  events.EventQueue (EventQueue.java:fireEvent(216)) - No event handler registered for event TypedEvent{payloadType=DatanodeDetails, name='Datanode_Command_Queue_Updated'}
2022-12-15 22:22:17,224 [DatanodeAdminManager-0] INFO  node.DatanodeAdminMonitorImpl (DatanodeAdminMonitorImpl.java:checkContainersReplicatedOnNode(356)) - Under Replicated Container #6 org.apache.hadoop.hdds.scm.container.replication.ECContainerReplicaCount@8b76b43; Replicas{ContainerReplica{containerID=#6, state=CLOSED, datanodeDetails=8742ce53-ec43-4b5d-92fb-ca295b19fdac{ip: 10.1.0.13, host: fv-az83-67.pawgbth4qraerhbqawdeo1jfng.dx.internal.cloudapp.net, ports: [REPLICATION=42995, RATIS=44977, RATIS_ADMIN=44977, RATIS_SERVER=44977, STANDALONE=39581], networkLocation: /default-rack, certSerialId: null, persistedOpState: IN_SERVICE, persistedOpStateExpiryEpochSec: 0}, placeOfBirth=8742ce53-ec43-4b5d-92fb-ca295b19fdac, sequenceId=0, keyCount=3, bytesUsed=0,replicaIndex=3},ContainerReplica{containerID=#6, state=CLOSED, datanodeDetails=1e86e54b-7ea4-4ffe-a764-33ccb592660f{ip: 10.1.0.13, host: fv-az83-67.pawgbth4qraerhbqawdeo1jfng.dx.internal.cloudapp.net, ports: [REPLICATION=41383, RATIS=45413, RATIS_ADMIN=45413, RATIS_SERVER=45413, STANDALONE=39139], networkLocation: /default-rack, certSerialId: null, persistedOpState: DECOMMISSIONING, persistedOpStateExpiryEpochSec: 0}, placeOfBirth=1e86e54b-7ea4-4ffe-a764-33ccb592660f, sequenceId=0, keyCount=3, bytesUsed=57,replicaIndex=5},ContainerReplica{containerID=#6, state=CLOSED, datanodeDetails=9af99ef4-a70d-4375-9c0d-594670c86eaa{ip: 10.1.0.13, host: fv-az83-67.pawgbth4qraerhbqawdeo1jfng.dx.internal.cloudapp.net, ports: [REPLICATION=37293, RATIS=37969, RATIS_ADMIN=37969, RATIS_SERVER=37969, STANDALONE=45841], networkLocation: /default-rack, certSerialId: null, persistedOpState: IN_SERVICE, persistedOpStateExpiryEpochSec: 0}, placeOfBirth=9af99ef4-a70d-4375-9c0d-594670c86eaa, sequenceId=0, keyCount=3, bytesUsed=57,replicaIndex=1},ContainerReplica{containerID=#6, state=CLOSED, datanodeDetails=30cdbfed-5eb6-4d94-b03b-823178923405{ip: 10.1.0.13, host: fv-az83-67.pawgbth4qraerhbqawdeo1jfng.dx.internal.cloudapp.net, ports: [REPLICATION=35121, RATIS=40489, RATIS_ADMIN=40489, RATIS_SERVER=40489, STANDALONE=36205], networkLocation: /default-rack, certSerialId: null, persistedOpState: IN_SERVICE, persistedOpStateExpiryEpochSec: 0}, placeOfBirth=30cdbfed-5eb6-4d94-b03b-823178923405, sequenceId=0, keyCount=3, bytesUsed=57,replicaIndex=4},ContainerReplica{containerID=#6, state=CLOSED, datanodeDetails=c0e45f45-48a3-418c-b3ac-112e0491709c{ip: 10.1.0.13, host: fv-az83-67.pawgbth4qraerhbqawdeo1jfng.dx.internal.cloudapp.net, ports: [REPLICATION=35393, RATIS=40363, RATIS_ADMIN=40363, RATIS_SERVER=40363, STANDALONE=44419], networkLocation: /default-rack, certSerialId: null, persistedOpState: IN_SERVICE, persistedOpStateExpiryEpochSec: 0}, placeOfBirth=c0e45f45-48a3-418c-b3ac-112e0491709c, sequenceId=0, keyCount=3, bytesUsed=0,replicaIndex=2}}
2022-12-15 22:22:17,225 [DatanodeAdminManager-0] INFO  node.DatanodeAdminMonitorImpl (DatanodeAdminMonitorImpl.java:checkContainersReplicatedOnNode(356)) - Under Replicated Container #7 org.apache.hadoop.hdds.scm.container.replication.ECContainerReplicaCount@d60dafe; Replicas{ContainerReplica{containerID=#7, state=CLOSED, datanodeDetails=e0198350-5a80-4cc9-b4d4-fe7f34161fcd{ip: 10.1.0.13, host: fv-az83-67.pawgbth4qraerhbqawdeo1jfng.dx.internal.cloudapp.net, ports: [REPLICATION=33725, RATIS=33167, RATIS_ADMIN=33167, RATIS_SERVER=33167, STANDALONE=40941], networkLocation: /default-rack, certSerialId: null, persistedOpState: IN_SERVICE, persistedOpStateExpiryEpochSec: 0}, placeOfBirth=e0198350-5a80-4cc9-b4d4-fe7f34161fcd, sequenceId=0, keyCount=2, bytesUsed=38,replicaIndex=4},ContainerReplica{containerID=#7, state=CLOSED, datanodeDetails=30cdbfed-5eb6-4d94-b03b-823178923405{ip: 10.1.0.13, host: fv-az83-67.pawgbth4qraerhbqawdeo1jfng.dx.internal.cloudapp.net, ports: [REPLICATION=35121, RATIS=40489, RATIS_ADMIN=40489, RATIS_SERVER=40489, STANDALONE=36205], networkLocation: /default-rack, certSerialId: null, persistedOpState: IN_SERVICE, persistedOpStateExpiryEpochSec: 0}, placeOfBirth=30cdbfed-5eb6-4d94-b03b-823178923405, sequenceId=0, keyCount=2, bytesUsed=38,replicaIndex=1},ContainerReplica{containerID=#7, state=CLOSED, datanodeDetails=c0e45f45-48a3-418c-b3ac-112e0491709c{ip: 10.1.0.13, host: fv-az83-67.pawgbth4qraerhbqawdeo1jfng.dx.internal.cloudapp.net, ports: [REPLICATION=35393, RATIS=40363, RATIS_ADMIN=40363, RATIS_SERVER=40363, STANDALONE=44419], networkLocation: /default-rack, certSerialId: null, persistedOpState: IN_SERVICE, persistedOpStateExpiryEpochSec: 0}, placeOfBirth=c0e45f45-48a3-418c-b3ac-112e0491709c, sequenceId=0, keyCount=2, bytesUsed=38,replicaIndex=5},ContainerReplica{containerID=#7, state=CLOSED, datanodeDetails=36e1593a-57cf-42fc-9e99-3bc8e6c88ec2{ip: 10.1.0.13, host: fv-az83-67.pawgbth4qraerhbqawdeo1jfng.dx.internal.cloudapp.net, ports: [REPLICATION=36657, RATIS=46439, RATIS_ADMIN=46439, RATIS_SERVER=46439, STANDALONE=39281], networkLocation: /default-rack, certSerialId: null, persistedOpState: IN_SERVICE, persistedOpStateExpiryEpochSec: 0}, placeOfBirth=36e1593a-57cf-42fc-9e99-3bc8e6c88ec2, sequenceId=0, keyCount=2, bytesUsed=0,replicaIndex=2},ContainerReplica{containerID=#7, state=CLOSED, datanodeDetails=1e86e54b-7ea4-4ffe-a764-33ccb592660f{ip: 10.1.0.13, host: fv-az83-67.pawgbth4qraerhbqawdeo1jfng.dx.internal.cloudapp.net, ports: [REPLICATION=41383, RATIS=45413, RATIS_ADMIN=45413, RATIS_SERVER=45413, STANDALONE=39139], networkLocation: /default-rack, certSerialId: null, persistedOpState: DECOMMISSIONING, persistedOpStateExpiryEpochSec: 0}, placeOfBirth=1e86e54b-7ea4-4ffe-a764-33ccb592660f, sequenceId=0, keyCount=2, bytesUsed=0,replicaIndex=3}}
2022-12-15 22:22:17,225 [DatanodeAdminManager-0] INFO  node.DatanodeAdminMonitorImpl (DatanodeAdminMonitorImpl.java:checkContainersReplicatedOnNode(356)) - Under Replicated Container #8 org.apache.hadoop.hdds.scm.container.replication.ECContainerReplicaCount@16b697c1; Replicas{ContainerReplica{containerID=#8, state=CLOSED, datanodeDetails=9af99ef4-a70d-4375-9c0d-594670c86eaa{ip: 10.1.0.13, host: fv-az83-67.pawgbth4qraerhbqawdeo1jfng.dx.internal.cloudapp.net, ports: [REPLICATION=37293, RATIS=37969, RATIS_ADMIN=37969, RATIS_SERVER=37969, STANDALONE=45841], networkLocation: /default-rack, certSerialId: null, persistedOpState: IN_SERVICE, persistedOpStateExpiryEpochSec: 0}, placeOfBirth=9af99ef4-a70d-4375-9c0d-594670c86eaa, sequenceId=0, keyCount=5, bytesUsed=95,replicaIndex=5},ContainerReplica{containerID=#8, state=CLOSED, datanodeDetails=1e86e54b-7ea4-4ffe-a764-33ccb592660f{ip: 10.1.0.13, host: fv-az83-67.pawgbth4qraerhbqawdeo1jfng.dx.internal.cloudapp.net, ports: [REPLICATION=41383, RATIS=45413, RATIS_ADMIN=45413, RATIS_SERVER=45413, STANDALONE=39139], networkLocation: /default-rack, certSerialId: null, persistedOpState: DECOMMISSIONING, persistedOpStateExpiryEpochSec: 0}, placeOfBirth=1e86e54b-7ea4-4ffe-a764-33ccb592660f, sequenceId=0, keyCount=5, bytesUsed=0,replicaIndex=3},ContainerReplica{containerID=#8, state=CLOSED, datanodeDetails=36e1593a-57cf-42fc-9e99-3bc8e6c88ec2{ip: 10.1.0.13, host: fv-az83-67.pawgbth4qraerhbqawdeo1jfng.dx.internal.cloudapp.net, ports: [REPLICATION=36657, RATIS=46439, RATIS_ADMIN=46439, RATIS_SERVER=46439, STANDALONE=39281], networkLocation: /default-rack, certSerialId: null, persistedOpState: IN_SERVICE, persistedOpStateExpiryEpochSec: 0}, placeOfBirth=36e1593a-57cf-42fc-9e99-3bc8e6c88ec2, sequenceId=0, keyCount=5, bytesUsed=95,replicaIndex=4},ContainerReplica{containerID=#8, state=CLOSED, datanodeDetails=e0198350-5a80-4cc9-b4d4-fe7f34161fcd{ip: 10.1.0.13, host: fv-az83-67.pawgbth4qraerhbqawdeo1jfng.dx.internal.cloudapp.net, ports: [REPLICATION=33725, RATIS=33167, RATIS_ADMIN=33167, RATIS_SERVER=33167, STANDALONE=40941], networkLocation: /default-rack, certSerialId: null, persistedOpState: IN_SERVICE, persistedOpStateExpiryEpochSec: 0}, placeOfBirth=e0198350-5a80-4cc9-b4d4-fe7f34161fcd, sequenceId=0, keyCount=5, bytesUsed=95,replicaIndex=1},ContainerReplica{containerID=#8, state=CLOSED, datanodeDetails=c0e45f45-48a3-418c-b3ac-112e0491709c{ip: 10.1.0.13, host: fv-az83-67.pawgbth4qraerhbqawdeo1jfng.dx.internal.cloudapp.net, ports: [REPLICATION=35393, RATIS=40363, RATIS_ADMIN=40363, RATIS_SERVER=40363, STANDALONE=44419], networkLocation: /default-rack, certSerialId: null, persistedOpState: IN_SERVICE, persistedOpStateExpiryEpochSec: 0}, placeOfBirth=c0e45f45-48a3-418c-b3ac-112e0491709c, sequenceId=0, keyCount=5, bytesUsed=0,replicaIndex=2}}
2022-12-15 22:22:17,225 [DatanodeAdminManager-0] INFO  node.DatanodeAdminMonitorImpl (DatanodeAdminMonitorImpl.java:checkContainersReplicatedOnNode(367)) - Unhealthy Container #1 Container State: CLOSED Replica Count: 4 Healthy Count: 3 Decommission Count: 1 Maintenance Count: 0 inFlightAdd Count: 0 inFightDel Count: 0 ReplicationFactor: 3 minMaintenance Count: 2; Replicas{ContainerReplica{containerID=#1, state=QUASI_CLOSED, datanodeDetails=8742ce53-ec43-4b5d-92fb-ca295b19fdac{ip: 10.1.0.13, host: fv-az83-67.pawgbth4qraerhbqawdeo1jfng.dx.internal.cloudapp.net, ports: [REPLICATION=42995, RATIS=44977, RATIS_ADMIN=44977, RATIS_SERVER=44977, STANDALONE=39581], networkLocation: /default-rack, certSerialId: null, persistedOpState: IN_SERVICE, persistedOpStateExpiryEpochSec: 0}, placeOfBirth=8742ce53-ec43-4b5d-92fb-ca295b19fdac, sequenceId=72, keyCount=7, bytesUsed=133},ContainerReplica{containerID=#1, state=CLOSED, datanodeDetails=e0198350-5a80-4cc9-b4d4-fe7f34161fcd{ip: 10.1.0.13, host: fv-az83-67.pawgbth4qraerhbqawdeo1jfng.dx.internal.cloudapp.net, ports: [REPLICATION=33725, RATIS=33167, RATIS_ADMIN=33167, RATIS_SERVER=33167, STANDALONE=40941], networkLocation: /default-rack, certSerialId: null, persistedOpState: IN_SERVICE, persistedOpStateExpiryEpochSec: 0}, placeOfBirth=e0198350-5a80-4cc9-b4d4-fe7f34161fcd, sequenceId=72, keyCount=7, bytesUsed=133},ContainerReplica{containerID=#1, state=CLOSED, datanodeDetails=1e86e54b-7ea4-4ffe-a764-33ccb592660f{ip: 10.1.0.13, host: fv-az83-67.pawgbth4qraerhbqawdeo1jfng.dx.internal.cloudapp.net, ports: [REPLICATION=41383, RATIS=45413, RATIS_ADMIN=45413, RATIS_SERVER=45413, STANDALONE=39139], networkLocation: /default-rack, certSerialId: null, persistedOpState: DECOMMISSIONING, persistedOpStateExpiryEpochSec: 0}, placeOfBirth=1e86e54b-7ea4-4ffe-a764-33ccb592660f, sequenceId=72, keyCount=7, bytesUsed=133},ContainerReplica{containerID=#1, state=QUASI_CLOSED, datanodeDetails=c0e45f45-48a3-418c-b3ac-112e0491709c{ip: 10.1.0.13, host: fv-az83-67.pawgbth4qraerhbqawdeo1jfng.dx.internal.cloudapp.net, ports: [REPLICATION=35393, RATIS=40363, RATIS_ADMIN=40363, RATIS_SERVER=40363, STANDALONE=44419], networkLocation: /default-rack, certSerialId: null, persistedOpState: IN_SERVICE, persistedOpStateExpiryEpochSec: 0}, placeOfBirth=8742ce53-ec43-4b5d-92fb-ca295b19fdac, sequenceId=72, keyCount=7, bytesUsed=133}}
2022-12-15 22:22:17,225 [DatanodeAdminManager-0] INFO  node.DatanodeAdminMonitorImpl (DatanodeAdminMonitorImpl.java:checkContainersReplicatedOnNode(367)) - Unhealthy Container #2 Container State: CLOSED Replica Count: 4 Healthy Count: 3 Decommission Count: 1 Maintenance Count: 0 inFlightAdd Count: 0 inFightDel Count: 0 ReplicationFactor: 3 minMaintenance Count: 2; Replicas{ContainerReplica{containerID=#2, state=CLOSED, datanodeDetails=1e86e54b-7ea4-4ffe-a764-33ccb592660f{ip: 10.1.0.13, host: fv-az83-67.pawgbth4qraerhbqawdeo1jfng.dx.internal.cloudapp.net, ports: [REPLICATION=41383, RATIS=45413, RATIS_ADMIN=45413, RATIS_SERVER=45413, STANDALONE=39139], networkLocation: /default-rack, certSerialId: null, persistedOpState: DECOMMISSIONING, persistedOpStateExpiryEpochSec: 0}, placeOfBirth=1e86e54b-7ea4-4ffe-a764-33ccb592660f, sequenceId=76, keyCount=7, bytesUsed=133},ContainerReplica{containerID=#2, state=CLOSED, datanodeDetails=e0198350-5a80-4cc9-b4d4-fe7f34161fcd{ip: 10.1.0.13, host: fv-az83-67.pawgbth4qraerhbqawdeo1jfng.dx.internal.cloudapp.net, ports: [REPLICATION=33725, RATIS=33167, RATIS_ADMIN=33167, RATIS_SERVER=33167, STANDALONE=40941], networkLocation: /default-rack, certSerialId: null, persistedOpState: IN_SERVICE, persistedOpStateExpiryEpochSec: 0}, placeOfBirth=e0198350-5a80-4cc9-b4d4-fe7f34161fcd, sequenceId=76, keyCount=7, bytesUsed=133},ContainerReplica{containerID=#2, state=QUASI_CLOSED, datanodeDetails=36e1593a-57cf-42fc-9e99-3bc8e6c88ec2{ip: 10.1.0.13, host: fv-az83-67.pawgbth4qraerhbqawdeo1jfng.dx.internal.cloudapp.net, ports: [REPLICATION=36657, RATIS=46439, RATIS_ADMIN=46439, RATIS_SERVER=46439, STANDALONE=39281], networkLocation: /default-rack, certSerialId: null, persistedOpState: IN_SERVICE, persistedOpStateExpiryEpochSec: 0}, placeOfBirth=8742ce53-ec43-4b5d-92fb-ca295b19fdac, sequenceId=76, keyCount=7, bytesUsed=133},ContainerReplica{containerID=#2, state=QUASI_CLOSED, datanodeDetails=8742ce53-ec43-4b5d-92fb-ca295b19fdac{ip: 10.1.0.13, host: fv-az83-67.pawgbth4qraerhbqawdeo1jfng.dx.internal.cloudapp.net, ports: [REPLICATION=42995, RATIS=44977, RATIS_ADMIN=44977, RATIS_SERVER=44977, STANDALONE=39581], networkLocation: /default-rack, certSerialId: null, persistedOpState: IN_SERVICE, persistedOpStateExpiryEpochSec: 0}, placeOfBirth=8742ce53-ec43-4b5d-92fb-ca295b19fdac, sequenceId=76, keyCount=7, bytesUsed=133}}
2022-12-15 22:22:17,226 [DatanodeAdminManager-0] INFO  node.DatanodeAdminMonitorImpl (DatanodeAdminMonitorImpl.java:checkContainersReplicatedOnNode(367)) - Unhealthy Container #3 Container State: CLOSED Replica Count: 4 Healthy Count: 3 Decommission Count: 1 Maintenance Count: 0 inFlightAdd Count: 1 inFightDel Count: 0 ReplicationFactor: 3 minMaintenance Count: 2; Replicas{ContainerReplica{containerID=#3, state=CLOSED, datanodeDetails=30cdbfed-5eb6-4d94-b03b-823178923405{ip: 10.1.0.13, host: fv-az83-67.pawgbth4qraerhbqawdeo1jfng.dx.internal.cloudapp.net, ports: [REPLICATION=35121, RATIS=40489, RATIS_ADMIN=40489, RATIS_SERVER=40489, STANDALONE=36205], networkLocation: /default-rack, certSerialId: null, persistedOpState: IN_SERVICE, persistedOpStateExpiryEpochSec: 0}, placeOfBirth=e0198350-5a80-4cc9-b4d4-fe7f34161fcd, sequenceId=68, keyCount=6, bytesUsed=114},ContainerReplica{containerID=#3, state=QUASI_CLOSED, datanodeDetails=8742ce53-ec43-4b5d-92fb-ca295b19fdac{ip: 10.1.0.13, host: fv-az83-67.pawgbth4qraerhbqawdeo1jfng.dx.internal.cloudapp.net, ports: [REPLICATION=42995, RATIS=44977, RATIS_ADMIN=44977, RATIS_SERVER=44977, STANDALONE=39581], networkLocation: /default-rack, certSerialId: null, persistedOpState: IN_SERVICE, persistedOpStateExpiryEpochSec: 0}, placeOfBirth=8742ce53-ec43-4b5d-92fb-ca295b19fdac, sequenceId=68, keyCount=6, bytesUsed=114},ContainerReplica{containerID=#3, state=CLOSED, datanodeDetails=1e86e54b-7ea4-4ffe-a764-33ccb592660f{ip: 10.1.0.13, host: fv-az83-67.pawgbth4qraerhbqawdeo1jfng.dx.internal.cloudapp.net, ports: [REPLICATION=41383, RATIS=45413, RATIS_ADMIN=45413, RATIS_SERVER=45413, STANDALONE=39139], networkLocation: /default-rack, certSerialId: null, persistedOpState: DECOMMISSIONING, persistedOpStateExpiryEpochSec: 0}, placeOfBirth=1e86e54b-7ea4-4ffe-a764-33ccb592660f, sequenceId=68, keyCount=6, bytesUsed=114},ContainerReplica{containerID=#3, state=CLOSED, datanodeDetails=e0198350-5a80-4cc9-b4d4-fe7f34161fcd{ip: 10.1.0.13, host: fv-az83-67.pawgbth4qraerhbqawdeo1jfng.dx.internal.cloudapp.net, ports: [REPLICATION=33725, RATIS=33167, RATIS_ADMIN=33167, RATIS_SERVER=33167, STANDALONE=40941], networkLocation: /default-rack, certSerialId: null, persistedOpState: IN_SERVICE, persistedOpStateExpiryEpochSec: 0}, placeOfBirth=e0198350-5a80-4cc9-b4d4-fe7f34161fcd, sequenceId=68, keyCount=6, bytesUsed=114}}
2022-12-15 22:22:17,226 [DatanodeAdminManager-0] INFO  node.DatanodeAdminMonitorImpl (DatanodeAdminMonitorImpl.java:checkContainersReplicatedOnNode(356)) - Under Replicated Container #4 org.apache.hadoop.hdds.scm.container.replication.ECContainerReplicaCount@22f7be37; Replicas{ContainerReplica{containerID=#4, state=CLOSED, datanodeDetails=1e86e54b-7ea4-4ffe-a764-33ccb592660f{ip: 10.1.0.13, host: fv-az83-67.pawgbth4qraerhbqawdeo1jfng.dx.internal.cloudapp.net, ports: [REPLICATION=41383, RATIS=45413, RATIS_ADMIN=45413, RATIS_SERVER=45413, STANDALONE=39139], networkLocation: /default-rack, certSerialId: null, persistedOpState: DECOMMISSIONING, persistedOpStateExpiryEpochSec: 0}, placeOfBirth=1e86e54b-7ea4-4ffe-a764-33ccb592660f, sequenceId=0, keyCount=6, bytesUsed=0,replicaIndex=2},ContainerReplica{containerID=#4, state=CLOSED, datanodeDetails=e0198350-5a80-4cc9-b4d4-fe7f34161fcd{ip: 10.1.0.13, host: fv-az83-67.pawgbth4qraerhbqawdeo1jfng.dx.internal.cloudapp.net, ports: [REPLICATION=33725, RATIS=33167, RATIS_ADMIN=33167, RATIS_SERVER=33167, STANDALONE=40941], networkLocation: /default-rack, certSerialId: null, persistedOpState: IN_SERVICE, persistedOpStateExpiryEpochSec: 0}, placeOfBirth=e0198350-5a80-4cc9-b4d4-fe7f34161fcd, sequenceId=0, keyCount=6, bytesUsed=114,replicaIndex=5},ContainerReplica{containerID=#4, state=CLOSED, datanodeDetails=9af99ef4-a70d-4375-9c0d-594670c86eaa{ip: 10.1.0.13, host: fv-az83-67.pawgbth4qraerhbqawdeo1jfng.dx.internal.cloudapp.net, ports: [REPLICATION=37293, RATIS=37969, RATIS_ADMIN=37969, RATIS_SERVER=37969, STANDALONE=45841], networkLocation: /default-rack, certSerialId: null, persistedOpState: IN_SERVICE, persistedOpStateExpiryEpochSec: 0}, placeOfBirth=9af99ef4-a70d-4375-9c0d-594670c86eaa, sequenceId=0, keyCount=6, bytesUsed=114,replicaIndex=4},ContainerReplica{containerID=#4, state=CLOSED, datanodeDetails=30cdbfed-5eb6-4d94-b03b-823178923405{ip: 10.1.0.13, host: fv-az83-67.pawgbth4qraerhbqawdeo1jfng.dx.internal.cloudapp.net, ports: [REPLICATION=35121, RATIS=40489, RATIS_ADMIN=40489, RATIS_SERVER=40489, STANDALONE=36205], networkLocation: /default-rack, certSerialId: null, persistedOpState: IN_SERVICE, persistedOpStateExpiryEpochSec: 0}, placeOfBirth=30cdbfed-5eb6-4d94-b03b-823178923405, sequenceId=0, keyCount=6, bytesUsed=114,replicaIndex=1},ContainerReplica{containerID=#4, state=CLOSED, datanodeDetails=8742ce53-ec43-4b5d-92fb-ca295b19fdac{ip: 10.1.0.13, host: fv-az83-67.pawgbth4qraerhbqawdeo1jfng.dx.internal.cloudapp.net, ports: [REPLICATION=42995, RATIS=44977, RATIS_ADMIN=44977, RATIS_SERVER=44977, STANDALONE=39581], networkLocation: /default-rack, certSerialId: null, persistedOpState: IN_SERVICE, persistedOpStateExpiryEpochSec: 0}, placeOfBirth=8742ce53-ec43-4b5d-92fb-ca295b19fdac, sequenceId=0, keyCount=6, bytesUsed=0,replicaIndex=3}}
2022-12-15 22:22:17,226 [DatanodeAdminManager-0] INFO  node.DatanodeAdminMonitorImpl (DatanodeAdminMonitorImpl.java:checkContainersReplicatedOnNode(377)) - 1e86e54b-7ea4-4ffe-a764-33ccb592660f{ip: 10.1.0.13, host: fv-az83-67.pawgbth4qraerhbqawdeo1jfng.dx.internal.cloudapp.net, ports: [REPLICATION=41383, RATIS=45413, RATIS_ADMIN=45413, RATIS_SERVER=45413, STANDALONE=39139], networkLocation: /default-rack, certSerialId: null, persistedOpState: DECOMMISSIONING, persistedOpStateExpiryEpochSec: 0} has 3 sufficientlyReplicated, 4 underReplicated and 3 unhealthy containers
2022-12-15 22:22:17,226 [DatanodeAdminManager-0] INFO  node.DatanodeAdminMonitorImpl (DatanodeAdminMonitorImpl.java:run(169)) - There are 1 nodes tracked for decommission and maintenance.  0 pending nodes.
2022-12-15 22:22:17,266 [Over Replicated Processor] INFO  replication.OverReplicatedProcessor (OverReplicatedProcessor.java:processAll(79)) - Processed 0 over replicated containers, failed processing 0
2022-12-15 22:22:17,288 [ReplicationMonitor] INFO  replication.ReplicationManager (ReplicationManager.java:processAll(327)) - Replication Manager is not ready to run until 3000ms after safemode exit
2022-12-15 22:22:17,294 [ReplicationMonitor] INFO  replication.LegacyReplicationManager (LegacyReplicationManager.java:sendCloseCommand(1513)) - Sending close container command for container #1 to datanode 8742ce53-ec43-4b5d-92fb-ca295b19fdac{ip: 10.1.0.13, host: fv-az83-67.pawgbth4qraerhbqawdeo1jfng.dx.internal.cloudapp.net, ports: [REPLICATION=42995, RATIS=44977, RATIS_ADMIN=44977, RATIS_SERVER=44977, STANDALONE=39581], networkLocation: /default-rack, certSerialId: null, persistedOpState: IN_SERVICE, persistedOpStateExpiryEpochSec: 0}.
2022-12-15 22:22:17,294 [ReplicationMonitor] INFO  replication.LegacyReplicationManager (LegacyReplicationManager.java:sendCloseCommand(1513)) - Sending close container command for container #1 to datanode c0e45f45-48a3-418c-b3ac-112e0491709c{ip: 10.1.0.13, host: fv-az83-67.pawgbth4qraerhbqawdeo1jfng.dx.internal.cloudapp.net, ports: [REPLICATION=35393, RATIS=40363, RATIS_ADMIN=40363, RATIS_SERVER=40363, STANDALONE=44419], networkLocation: /default-rack, certSerialId: null, persistedOpState: IN_SERVICE, persistedOpStateExpiryEpochSec: 0}.
2022-12-15 22:22:17,294 [ReplicationMonitor] INFO  replication.LegacyReplicationManager (LegacyReplicationManager.java:sendCloseCommand(1513)) - Sending close container command for container #2 to datanode 36e1593a-57cf-42fc-9e99-3bc8e6c88ec2{ip: 10.1.0.13, host: fv-az83-67.pawgbth4qraerhbqawdeo1jfng.dx.internal.cloudapp.net, ports: [REPLICATION=36657, RATIS=46439, RATIS_ADMIN=46439, RATIS_SERVER=46439, STANDALONE=39281], networkLocation: /default-rack, certSerialId: null, persistedOpState: IN_SERVICE, persistedOpStateExpiryEpochSec: 0}.
2022-12-15 22:22:17,294 [ReplicationMonitor] INFO  replication.LegacyReplicationManager (LegacyReplicationManager.java:sendCloseCommand(1513)) - Sending close container command for container #2 to datanode 8742ce53-ec43-4b5d-92fb-ca295b19fdac{ip: 10.1.0.13, host: fv-az83-67.pawgbth4qraerhbqawdeo1jfng.dx.internal.cloudapp.net, ports: [REPLICATION=42995, RATIS=44977, RATIS_ADMIN=44977, RATIS_SERVER=44977, STANDALONE=39581], networkLocation: /default-rack, certSerialId: null, persistedOpState: IN_SERVICE, persistedOpStateExpiryEpochSec: 0}.
2022-12-15 22:22:17,295 [ReplicationMonitor] INFO  replication.LegacyReplicationManager (LegacyReplicationManager.java:sendCloseCommand(1513)) - Sending close container command for container #3 to datanode 8742ce53-ec43-4b5d-92fb-ca295b19fdac{ip: 10.1.0.13, host: fv-az83-67.pawgbth4qraerhbqawdeo1jfng.dx.internal.cloudapp.net, ports: [REPLICATION=42995, RATIS=44977, RATIS_ADMIN=44977, RATIS_SERVER=44977, STANDALONE=39581], networkLocation: /default-rack, certSerialId: null, persistedOpState: IN_SERVICE, persistedOpStateExpiryEpochSec: 0}.
2022-12-15 22:22:17,295 [ReplicationMonitor] INFO  replication.ReplicationManager (ReplicationManager.java:processAll(360)) - Replication Monitor Thread took 2 milliseconds for processing 8 containers.
2022-12-15 22:22:17,297 [IPC Server handler 5 on default port 46479] INFO  net.NetworkTopologyImpl (NetworkTopologyImpl.java:add(112)) - Added a new node: /default-rack/a2b0f54d-1a24-4450-b7bb-6a8d8fd6bbfe
2022-12-15 22:22:17,297 [IPC Server handler 5 on default port 46479] INFO  node.SCMNodeManager (SCMNodeManager.java:register(397)) - Registered Data node : a2b0f54d-1a24-4450-b7bb-6a8d8fd6bbfe{ip: 10.1.0.13, host: fv-az83-67.pawgbth4qraerhbqawdeo1jfng.dx.internal.cloudapp.net, ports: [REPLICATION=40465, RATIS=34063, RATIS_ADMIN=34063, RATIS_SERVER=34063, STANDALONE=33799], networkLocation: /default-rack, certSerialId: null, persistedOpState: null, persistedOpStateExpiryEpochSec: 0}
2022-12-15 22:22:17,297 [EventQueue-NewNodeForNewNodeHandler] INFO  pipeline.BackgroundPipelineCreator (BackgroundPipelineCreator.java:notifyEventTriggered(276)) - trigger a one-shot run on RatisPipelineUtilsThread.
2022-12-15 22:22:17,298 [RatisPipelineUtilsThread - 0] INFO  pipeline.RatisPipelineProvider (RatisPipelineProvider.java:lambda$create$0(206)) - Sending CreatePipelineCommand for pipeline:PipelineID=ad7d7054-0abe-42ea-bcb3-3b4e6f0384ae to datanode:a2b0f54d-1a24-4450-b7bb-6a8d8fd6bbfe
2022-12-15 22:22:17,298 [RatisPipelineUtilsThread - 0] INFO  pipeline.PipelineStateManagerImpl (PipelineStateManagerImpl.java:addPipeline(103)) - Created pipeline Pipeline[ Id: ad7d7054-0abe-42ea-bcb3-3b4e6f0384ae, Nodes: a2b0f54d-1a24-4450-b7bb-6a8d8fd6bbfe{ip: 10.1.0.13, host: fv-az83-67.pawgbth4qraerhbqawdeo1jfng.dx.internal.cloudapp.net, ports: [REPLICATION=40465, RATIS=34063, RATIS_ADMIN=34063, RATIS_SERVER=34063, STANDALONE=33799], networkLocation: /default-rack, certSerialId: null, persistedOpState: IN_SERVICE, persistedOpStateExpiryEpochSec: 0}, ReplicationConfig: RATIS/ONE, State:ALLOCATED, leaderId:, CreationTimestamp2022-12-15T22:22:17.298Z[Etc/UTC]].
2022-12-15 22:22:17,299 [RatisPipelineUtilsThread - 0] INFO  pipeline.RatisPipelineProvider (RatisPipelineProvider.java:lambda$create$0(206)) - Sending CreatePipelineCommand for pipeline:PipelineID=73658c61-9d57-4391-b35d-fc332d70d581 to datanode:a2b0f54d-1a24-4450-b7bb-6a8d8fd6bbfe
2022-12-15 22:22:17,299 [RatisPipelineUtilsThread - 0] INFO  pipeline.RatisPipelineProvider (RatisPipelineProvider.java:lambda$create$0(206)) - Sending CreatePipelineCommand for pipeline:PipelineID=73658c61-9d57-4391-b35d-fc332d70d581 to datanode:71b6f94d-94ac-4fef-bfea-f7b8cd5fb2e7
2022-12-15 22:22:17,299 [RatisPipelineUtilsThread - 0] INFO  pipeline.RatisPipelineProvider (RatisPipelineProvider.java:lambda$create$0(206)) - Sending CreatePipelineCommand for pipeline:PipelineID=73658c61-9d57-4391-b35d-fc332d70d581 to datanode:4333d9a6-5ac6-4e80-8f1b-d7ab3137d893
2022-12-15 22:22:17,299 [RatisPipelineUtilsThread - 0] INFO  pipeline.PipelineStateManagerImpl (PipelineStateManagerImpl.java:addPipeline(103)) - Created pipeline Pipeline[ Id: 73658c61-9d57-4391-b35d-fc332d70d581, Nodes: a2b0f54d-1a24-4450-b7bb-6a8d8fd6bbfe{ip: 10.1.0.13, host: fv-az83-67.pawgbth4qraerhbqawdeo1jfng.dx.internal.cloudapp.net, ports: [REPLICATION=40465, RATIS=34063, RATIS_ADMIN=34063, RATIS_SERVER=34063, STANDALONE=33799], networkLocation: /default-rack, certSerialId: null, persistedOpState: IN_SERVICE, persistedOpStateExpiryEpochSec: 0}71b6f94d-94ac-4fef-bfea-f7b8cd5fb2e7{ip: 10.1.0.13, host: fv-az83-67.pawgbth4qraerhbqawdeo1jfng.dx.internal.cloudapp.net, ports: [REPLICATION=43135, RATIS=37337, RATIS_ADMIN=37337, RATIS_SERVER=37337, STANDALONE=42045], networkLocation: /default-rack, certSerialId: null, persistedOpState: IN_SERVICE, persistedOpStateExpiryEpochSec: 0}4333d9a6-5ac6-4e80-8f1b-d7ab3137d893{ip: 10.1.0.13, host: fv-az83-67.pawgbth4qraerhbqawdeo1jfng.dx.internal.cloudapp.net, ports: [REPLICATION=39673, RATIS=38707, RATIS_ADMIN=38707, RATIS_SERVER=38707, STANDALONE=46481], networkLocation: /default-rack, certSerialId: null, persistedOpState: IN_SERVICE, persistedOpStateExpiryEpochSec: 0}, ReplicationConfig: RATIS/THREE, State:ALLOCATED, leaderId:, CreationTimestamp2022-12-15T22:22:17.299Z[Etc/UTC]].
2022-12-15 22:22:17,301 [RatisPipelineUtilsThread - 0] WARN  pipeline.PipelinePlacementPolicy (PipelinePlacementPolicy.java:filterViableNodes(158)) - Pipeline creation failed due to no sufficient healthy datanodes. Required 3. Found 0.
2022-12-15 22:22:17,312 [Under Replicated Processor] INFO  replication.UnderReplicatedProcessor (UnderReplicatedProcessor.java:processAll(79)) - Processed 0 under replicated containers, failed processing 0
2022-12-15 22:22:17,454 [Command processor thread] INFO  keyvalue.KeyValueContainer (KeyValueContainer.java:flushAndSyncDB(437)) - Container 1 is synced with bcsId 72.
2022-12-15 22:22:17,454 [Command processor thread] INFO  keyvalue.KeyValueContainer (KeyValueContainer.java:flushAndSyncDB(437)) - Container 1 is synced with bcsId 72.
2022-12-15 22:22:17,459 [Command processor thread] INFO  keyvalue.KeyValueContainer (KeyValueContainer.java:close(352)) - Container 1 is closed with bcsId 72.
2022-12-15 22:22:17,460 [ContainerReplicationThread-1] INFO  replication.DownloadAndImportReplicator (DownloadAndImportReplicator.java:replicate(105)) - Starting replication of container 4 from [1e86e54b-7ea4-4ffe-a764-33ccb592660f{ip: 10.1.0.13, host: fv-az83-67.pawgbth4qraerhbqawdeo1jfng.dx.internal.cloudapp.net, ports: [REPLICATION=41383, RATIS=45413, RATIS_ADMIN=45413, RATIS_SERVER=45413, STANDALONE=39139], networkLocation: /default-rack, certSerialId: null, persistedOpState: DECOMMISSIONING, persistedOpStateExpiryEpochSec: 0}]
2022-12-15 22:22:17,461 [EventQueue-CommandQueueReportForCommandQueueReportHandler] WARN  events.EventQueue (EventQueue.java:fireEvent(216)) - No event handler registered for event TypedEvent{payloadType=DatanodeDetails, name='Datanode_Command_Queue_Updated'}
2022-12-15 22:22:17,469 [grpc-default-executor-3] INFO  replication.GrpcReplicationService (GrpcReplicationService.java:download(52)) - Streaming container data (4) to other datanode
2022-12-15 22:22:17,477 [grpc-default-executor-3] INFO  replication.GrpcOutputStream (GrpcOutputStream.java:close(104)) - Sent 1590 bytes for container 4
2022-12-15 22:22:17,484 [grpc-default-executor-3] INFO  replication.GrpcReplicationClient (GrpcReplicationClient.java:onCompleted(195)) - Container 4 is downloaded to /home/runner/work/ozone/ozone/hadoop-ozone/integration-test/target/test-dir/MiniOzoneClusterImpl-67032562-5e12-4c4f-a5ab-79ddd1e2132c/datanode-5/data/replication/work/container-4.tar.gz
2022-12-15 22:22:17,487 [ContainerReplicationThread-1] INFO  replication.DownloadAndImportReplicator (DownloadAndImportReplicator.java:replicate(117)) - Container 4 is downloaded with size 1590, starting to import.
2022-12-15 22:22:17,506 [ContainerReplicationThread-1] INFO  replication.DownloadAndImportReplicator (DownloadAndImportReplicator.java:replicate(122)) - Container 4 is replicated successfully
2022-12-15 22:22:17,506 [ContainerReplicationThread-1] INFO  replication.ReplicationSupervisor (ReplicationSupervisor.java:run(179)) - Container 4 is replicated.
2022-12-15 22:22:17,507 [EventQueue-CommandQueueReportForCommandQueueReportHandler] WARN  events.EventQueue (EventQueue.java:fireEvent(216)) - No event handler registered for event TypedEvent{payloadType=DatanodeDetails, name='Datanode_Command_Queue_Updated'}
2022-12-15 22:22:17,748 [ContainerReplicationThread-1] INFO  replication.DownloadAndImportReplicator (DownloadAndImportReplicator.java:replicate(105)) - Starting replication of container 8 from [1e86e54b-7ea4-4ffe-a764-33ccb592660f{ip: 10.1.0.13, host: fv-az83-67.pawgbth4qraerhbqawdeo1jfng.dx.internal.cloudapp.net, ports: [REPLICATION=41383, RATIS=45413, RATIS_ADMIN=45413, RATIS_SERVER=45413, STANDALONE=39139], networkLocation: /default-rack, certSerialId: null, persistedOpState: DECOMMISSIONING, persistedOpStateExpiryEpochSec: 0}]
2022-12-15 22:22:17,761 [grpc-default-executor-3] INFO  replication.GrpcReplicationService (GrpcReplicationService.java:download(52)) - Streaming container data (8) to other datanode
2022-12-15 22:22:17,763 [IPC Server handler 4 on default port 46479] INFO  net.NetworkTopologyImpl (NetworkTopologyImpl.java:add(112)) - Added a new node: /default-rack/34183a5c-def3-4d1f-81ee-eefa48d126ae
2022-12-15 22:22:17,763 [IPC Server handler 4 on default port 46479] INFO  node.SCMNodeManager (SCMNodeManager.java:register(397)) - Registered Data node : 34183a5c-def3-4d1f-81ee-eefa48d126ae{ip: 10.1.0.13, host: fv-az83-67.pawgbth4qraerhbqawdeo1jfng.dx.internal.cloudapp.net, ports: [REPLICATION=40095, RATIS=33349, RATIS_ADMIN=33349, RATIS_SERVER=33349, STANDALONE=33755], networkLocation: /default-rack, certSerialId: null, persistedOpState: null, persistedOpStateExpiryEpochSec: 0}
2022-12-15 22:22:17,763 [EventQueue-NewNodeForNewNodeHandler] INFO  pipeline.BackgroundPipelineCreator (BackgroundPipelineCreator.java:notifyEventTriggered(276)) - trigger a one-shot run on RatisPipelineUtilsThread.
2022-12-15 22:22:17,766 [RatisPipelineUtilsThread - 0] INFO  pipeline.RatisPipelineProvider (RatisPipelineProvider.java:lambda$create$0(206)) - Sending CreatePipelineCommand for pipeline:PipelineID=14e04cf5-b00e-4fd5-823d-e2a460cb785c to datanode:34183a5c-def3-4d1f-81ee-eefa48d126ae
2022-12-15 22:22:17,766 [RatisPipelineUtilsThread - 0] INFO  pipeline.PipelineStateManagerImpl (PipelineStateManagerImpl.java:addPipeline(103)) - Created pipeline Pipeline[ Id: 14e04cf5-b00e-4fd5-823d-e2a460cb785c, Nodes: 34183a5c-def3-4d1f-81ee-eefa48d126ae{ip: 10.1.0.13, host: fv-az83-67.pawgbth4qraerhbqawdeo1jfng.dx.internal.cloudapp.net, ports: [REPLICATION=40095, RATIS=33349, RATIS_ADMIN=33349, RATIS_SERVER=33349, STANDALONE=33755], networkLocation: /default-rack, certSerialId: null, persistedOpState: IN_SERVICE, persistedOpStateExpiryEpochSec: 0}, ReplicationConfig: RATIS/ONE, State:ALLOCATED, leaderId:, CreationTimestamp2022-12-15T22:22:17.766Z[Etc/UTC]].
2022-12-15 22:22:17,767 [RatisPipelineUtilsThread - 0] WARN  pipeline.PipelinePlacementPolicy (PipelinePlacementPolicy.java:filterViableNodes(158)) - Pipeline creation failed due to no sufficient healthy datanodes. Required 3. Found 1.
2022-12-15 22:22:17,771 [Listener at 127.0.0.1/41387] INFO  ozone.MiniOzoneClusterImpl (MiniOzoneClusterImpl.java:lambda$waitForClusterToBeReady$0(216)) - Nodes are ready. Got 7 of 7 DN Heartbeats.
2022-12-15 22:22:17,771 [Listener at 127.0.0.1/41387] INFO  ozone.MiniOzoneClusterImpl (MiniOzoneClusterImpl.java:lambda$waitForClusterToBeReady$0(219)) - Waiting for cluster to exit safe mode
2022-12-15 22:22:17,771 [Listener at 127.0.0.1/41387] INFO  ozone.MiniOzoneClusterImpl (MiniOzoneClusterImpl.java:lambda$waitForClusterToBeReady$0(221)) - SCM became leader
2022-12-15 22:22:17,804 [grpc-default-executor-3] INFO  replication.GrpcOutputStream (GrpcOutputStream.java:close(104)) - Sent 1591 bytes for container 8
2022-12-15 22:22:17,808 [grpc-default-executor-5] INFO  replication.GrpcReplicationClient (GrpcReplicationClient.java:onCompleted(195)) - Container 8 is downloaded to /home/runner/work/ozone/ozone/hadoop-ozone/integration-test/target/test-dir/MiniOzoneClusterImpl-67032562-5e12-4c4f-a5ab-79ddd1e2132c/datanode-6/data/replication/work/container-8.tar.gz
2022-12-15 22:22:17,810 [ContainerReplicationThread-1] INFO  replication.DownloadAndImportReplicator (DownloadAndImportReplicator.java:replicate(117)) - Container 8 is downloaded with size 1591, starting to import.
2022-12-15 22:22:17,813 [EventQueue-CommandQueueReportForCommandQueueReportHandler] WARN  events.EventQueue (EventQueue.java:fireEvent(216)) - No event handler registered for event TypedEvent{payloadType=DatanodeDetails, name='Datanode_Command_Queue_Updated'}
2022-12-15 22:22:17,836 [Command processor thread] INFO  keyvalue.KeyValueContainer (KeyValueContainer.java:flushAndSyncDB(437)) - Container 1 is synced with bcsId 72.
2022-12-15 22:22:17,836 [Command processor thread] INFO  keyvalue.KeyValueContainer (KeyValueContainer.java:flushAndSyncDB(437)) - Container 1 is synced with bcsId 72.
2022-12-15 22:22:17,837 [EventQueue-CommandQueueReportForCommandQueueReportHandler] WARN  events.EventQueue (EventQueue.java:fireEvent(216)) - No event handler registered for event TypedEvent{payloadType=DatanodeDetails, name='Datanode_Command_Queue_Updated'}
2022-12-15 22:22:17,838 [EventQueue-CommandQueueReportForCommandQueueReportHandler] WARN  events.EventQueue (EventQueue.java:fireEvent(216)) - No event handler registered for event TypedEvent{payloadType=DatanodeDetails, name='Datanode_Command_Queue_Updated'}
2022-12-15 22:22:17,839 [Command processor thread] INFO  keyvalue.KeyValueContainer (KeyValueContainer.java:close(352)) - Container 1 is closed with bcsId 72.
2022-12-15 22:22:17,839 [Command processor thread] INFO  keyvalue.KeyValueContainer (KeyValueContainer.java:flushAndSyncDB(437)) - Container 2 is synced with bcsId 76.
2022-12-15 22:22:17,839 [Command processor thread] INFO  keyvalue.KeyValueContainer (KeyValueContainer.java:flushAndSyncDB(437)) - Container 2 is synced with bcsId 76.
2022-12-15 22:22:17,842 [EventQueue-CommandQueueReportForCommandQueueReportHandler] WARN  events.EventQueue (EventQueue.java:fireEvent(216)) - No event handler registered for event TypedEvent{payloadType=DatanodeDetails, name='Datanode_Command_Queue_Updated'}
2022-12-15 22:22:17,844 [ContainerReplicationThread-1] INFO  replication.DownloadAndImportReplicator (DownloadAndImportReplicator.java:replicate(122)) - Container 8 is replicated successfully
2022-12-15 22:22:17,844 [ContainerReplicationThread-1] INFO  replication.ReplicationSupervisor (ReplicationSupervisor.java:run(179)) - Container 8 is replicated.
2022-12-15 22:22:17,845 [Command processor thread] INFO  keyvalue.KeyValueContainer (KeyValueContainer.java:close(352)) - Container 2 is closed with bcsId 76.
2022-12-15 22:22:17,845 [Command processor thread] INFO  keyvalue.KeyValueContainer (KeyValueContainer.java:flushAndSyncDB(437)) - Container 3 is synced with bcsId 68.
2022-12-15 22:22:17,845 [Command processor thread] INFO  keyvalue.KeyValueContainer (KeyValueContainer.java:flushAndSyncDB(437)) - Container 3 is synced with bcsId 68.
2022-12-15 22:22:17,846 [EventQueue-CommandQueueReportForCommandQueueReportHandler] WARN  events.EventQueue (EventQueue.java:fireEvent(216)) - No event handler registered for event TypedEvent{payloadType=DatanodeDetails, name='Datanode_Command_Queue_Updated'}
2022-12-15 22:22:17,853 [Command processor thread] INFO  keyvalue.KeyValueContainer (KeyValueContainer.java:close(352)) - Container 3 is closed with bcsId 68.
2022-12-15 22:22:17,853 [EventQueue-CommandQueueReportForCommandQueueReportHandler] WARN  events.EventQueue (EventQueue.java:fireEvent(216)) - No event handler registered for event TypedEvent{payloadType=DatanodeDetails, name='Datanode_Command_Queue_Updated'}
2022-12-15 22:22:17,854 [EventQueue-OpenPipelineForHealthyPipelineSafeModeRule] INFO  safemode.SCMSafeModeManager (HealthyPipelineSafeModeRule.java:process(137)) - SCM in safe mode. Healthy pipelines reported count is 0, required healthy pipeline reported count is 1
2022-12-15 22:22:17,855 [EventQueue-CommandQueueReportForCommandQueueReportHandler] WARN  events.EventQueue (EventQueue.java:fireEvent(216)) - No event handler registered for event TypedEvent{payloadType=DatanodeDetails, name='Datanode_Command_Queue_Updated'}
2022-12-15 22:22:17,891 [EventQueue-CommandQueueReportForCommandQueueReportHandler] WARN  events.EventQueue (EventQueue.java:fireEvent(216)) - No event handler registered for event TypedEvent{payloadType=DatanodeDetails, name='Datanode_Command_Queue_Updated'}
2022-12-15 22:22:17,892 [EventQueue-OpenPipelineForHealthyPipelineSafeModeRule] INFO  safemode.SCMSafeModeManager (HealthyPipelineSafeModeRule.java:process(137)) - SCM in safe mode. Healthy pipelines reported count is 0, required healthy pipeline reported count is 1
2022-12-15 22:22:17,926 [Command processor thread] INFO  keyvalue.KeyValueContainer (KeyValueContainer.java:flushAndSyncDB(437)) - Container 2 is synced with bcsId 76.
2022-12-15 22:22:17,927 [Command processor thread] INFO  keyvalue.KeyValueContainer (KeyValueContainer.java:flushAndSyncDB(437)) - Container 2 is synced with bcsId 76.
2022-12-15 22:22:17,930 [Command processor thread] INFO  keyvalue.KeyValueContainer (KeyValueContainer.java:close(352)) - Container 2 is closed with bcsId 76.
2022-12-15 22:22:17,932 [EventQueue-CommandQueueReportForCommandQueueReportHandler] WARN  events.EventQueue (EventQueue.java:fireEvent(216)) - No event handler registered for event TypedEvent{payloadType=DatanodeDetails, name='Datanode_Command_Queue_Updated'}
2022-12-15 22:22:17,935 [ContainerReplicationThread-1] INFO  replication.DownloadAndImportReplicator (DownloadAndImportReplicator.java:replicate(105)) - Starting replication of container 6 from [1e86e54b-7ea4-4ffe-a764-33ccb592660f{ip: 10.1.0.13, host: fv-az83-67.pawgbth4qraerhbqawdeo1jfng.dx.internal.cloudapp.net, ports: [REPLICATION=41383, RATIS=45413, RATIS_ADMIN=45413, RATIS_SERVER=45413, STANDALONE=39139], networkLocation: /default-rack, certSerialId: null, persistedOpState: DECOMMISSIONING, persistedOpStateExpiryEpochSec: 0}]
2022-12-15 22:22:17,942 [grpc-default-executor-5] INFO  replication.GrpcReplicationService (GrpcReplicationService.java:download(52)) - Streaming container data (6) to other datanode
2022-12-15 22:22:17,954 [grpc-default-executor-5] INFO  replication.GrpcOutputStream (GrpcOutputStream.java:close(104)) - Sent 1727 bytes for container 6
2022-12-15 22:22:17,956 [grpc-default-executor-4] INFO  replication.GrpcReplicationClient (GrpcReplicationClient.java:onCompleted(195)) - Container 6 is downloaded to /home/runner/work/ozone/ozone/hadoop-ozone/integration-test/target/test-dir/MiniOzoneClusterImpl-67032562-5e12-4c4f-a5ab-79ddd1e2132c/datanode-3/data/replication/work/container-6.tar.gz
2022-12-15 22:22:17,959 [ContainerReplicationThread-1] INFO  replication.DownloadAndImportReplicator (DownloadAndImportReplicator.java:replicate(117)) - Container 6 is downloaded with size 1727, starting to import.
2022-12-15 22:22:17,981 [ContainerReplicationThread-0] INFO  replication.DownloadAndImportReplicator (DownloadAndImportReplicator.java:replicate(105)) - Starting replication of container 7 from [1e86e54b-7ea4-4ffe-a764-33ccb592660f{ip: 10.1.0.13, host: fv-az83-67.pawgbth4qraerhbqawdeo1jfng.dx.internal.cloudapp.net, ports: [REPLICATION=41383, RATIS=45413, RATIS_ADMIN=45413, RATIS_SERVER=45413, STANDALONE=39139], networkLocation: /default-rack, certSerialId: null, persistedOpState: DECOMMISSIONING, persistedOpStateExpiryEpochSec: 0}]
2022-12-15 22:22:17,983 [EventQueue-CommandQueueReportForCommandQueueReportHandler] WARN  events.EventQueue (EventQueue.java:fireEvent(216)) - No event handler registered for event TypedEvent{payloadType=DatanodeDetails, name='Datanode_Command_Queue_Updated'}
2022-12-15 22:22:17,997 [grpc-default-executor-4] INFO  replication.GrpcReplicationService (GrpcReplicationService.java:download(52)) - Streaming container data (7) to other datanode
2022-12-15 22:22:18,000 [EventQueue-CommandQueueReportForCommandQueueReportHandler] WARN  events.EventQueue (EventQueue.java:fireEvent(216)) - No event handler registered for event TypedEvent{payloadType=DatanodeDetails, name='Datanode_Command_Queue_Updated'}
2022-12-15 22:22:18,001 [ContainerReplicationThread-1] INFO  replication.DownloadAndImportReplicator (DownloadAndImportReplicator.java:replicate(122)) - Container 6 is replicated successfully
2022-12-15 22:22:18,001 [ContainerReplicationThread-1] INFO  replication.ReplicationSupervisor (ReplicationSupervisor.java:run(179)) - Container 6 is replicated.
2022-12-15 22:22:18,002 [Command processor thread] INFO  server.RaftServer (RaftServerProxy.java:addNew(96)) - a42aff4d-9d7b-4010-992a-35ce3c1e1689: addNew group-5CB1D83CC72A:[a42aff4d-9d7b-4010-992a-35ce3c1e1689|rpc:10.1.0.13:44723|priority:1|startupRole:FOLLOWER] returns group-5CB1D83CC72A:java.util.concurrent.CompletableFuture@2c735a67[Not completed]
2022-12-15 22:22:18,003 [pool-434-thread-1] INFO  server.RaftServer$Division (RaftServerImpl.java:<init>(195)) - a42aff4d-9d7b-4010-992a-35ce3c1e1689: new RaftServerImpl for group-5CB1D83CC72A:[a42aff4d-9d7b-4010-992a-35ce3c1e1689|rpc:10.1.0.13:44723|priority:1|startupRole:FOLLOWER] with ContainerStateMachine:uninitialized
2022-12-15 22:22:18,003 [pool-434-thread-1] INFO  server.RaftServerConfigKeys (ConfUtils.java:logGet(46)) - raft.server.rpc.timeout.min = 5s (custom)
2022-12-15 22:22:18,003 [pool-434-thread-1] INFO  server.RaftServerConfigKeys (ConfUtils.java:logGet(46)) - raft.server.rpc.timeout.max = 5200ms (custom)
2022-12-15 22:22:18,003 [pool-434-thread-1] INFO  server.RaftServerConfigKeys (ConfUtils.java:logGet(46)) - raft.server.rpc.sleep.time = 25ms (default)
2022-12-15 22:22:18,003 [pool-434-thread-1] INFO  server.RaftServerConfigKeys (ConfUtils.java:logGet(46)) - raft.server.rpc.slowness.timeout = 300s (custom)
2022-12-15 22:22:18,003 [pool-434-thread-1] INFO  server.RaftServerConfigKeys (ConfUtils.java:logGet(46)) - raft.server.leaderelection.leader.step-down.wait-time = 10s (default)
2022-12-15 22:22:18,003 [pool-434-thread-1] INFO  server.RaftServerConfigKeys (ConfUtils.java:logGet(46)) - raft.server.sleep.deviation.threshold = 300ms (default)
2022-12-15 22:22:18,003 [pool-434-thread-1] INFO  server.RaftServer$Division (ServerState.java:<init>(118)) - a42aff4d-9d7b-4010-992a-35ce3c1e1689@group-5CB1D83CC72A: ConfigurationManager, init=-1: peers:[a42aff4d-9d7b-4010-992a-35ce3c1e1689|rpc:10.1.0.13:44723|priority:1|startupRole:FOLLOWER]|listeners:[], old=null, confs=<EMPTY_MAP>
2022-12-15 22:22:18,004 [pool-434-thread-1] INFO  server.RaftServerConfigKeys (ConfUtils.java:logGet(46)) - raft.server.storage.dir = [/home/runner/work/ozone/ozone/hadoop-ozone/integration-test/target/test-dir/MiniOzoneClusterImpl-c952205c-0de4-41d8-8615-baf19f81c5db/datanode-2/data/ratis] (custom)
2022-12-15 22:22:18,004 [pool-434-thread-1] INFO  server.RaftServerConfigKeys (ConfUtils.java:logGet(46)) - raft.server.log.corruption.policy = EXCEPTION (default)
2022-12-15 22:22:18,004 [pool-434-thread-1] INFO  server.RaftServerConfigKeys (ConfUtils.java:logGet(46)) - raft.server.storage.free-space.min = 0MB (=0) (default)
2022-12-15 22:22:18,004 [pool-434-thread-1] INFO  server.RaftServerConfigKeys (ConfUtils.java:logGet(46)) - raft.server.notification.no-leader.timeout = 300s (custom)
2022-12-15 22:22:18,004 [pool-434-thread-1] INFO  server.RaftServerConfigKeys (ConfUtils.java:logGet(46)) - raft.server.retrycache.expirytime = 600000ms (custom)
2022-12-15 22:22:18,004 [pool-434-thread-1] INFO  server.RaftServerConfigKeys (ConfUtils.java:logGet(46)) - raft.server.retrycache.statistics.expirytime = 100μs (default)
2022-12-15 22:22:18,006 [pool-434-thread-1] INFO  server.RaftServerConfigKeys (ConfUtils.java:logGet(46)) - raft.server.log.appender.install.snapshot.enabled = false (custom)
2022-12-15 22:22:18,006 [pool-434-thread-1] INFO  server.RaftServerConfigKeys (ConfUtils.java:logGet(46)) - raft.server.threadpool.server.cached = true (default)
2022-12-15 22:22:18,006 [pool-434-thread-1] INFO  server.RaftServerConfigKeys (ConfUtils.java:logGet(46)) - raft.server.threadpool.server.size = 0 (default)
2022-12-15 22:22:18,006 [pool-434-thread-1] INFO  server.RaftServerConfigKeys (ConfUtils.java:logGet(46)) - raft.server.threadpool.client.cached = true (default)
2022-12-15 22:22:18,006 [pool-434-thread-1] INFO  server.RaftServerConfigKeys (ConfUtils.java:logGet(46)) - raft.server.threadpool.client.size = 0 (default)
2022-12-15 22:22:18,006 [grpc-default-executor-4] INFO  replication.GrpcOutputStream (GrpcOutputStream.java:close(104)) - Sent 1534 bytes for container 7
2022-12-15 22:22:18,006 [pool-434-thread-1] INFO  storage.RaftStorageDirectory (RaftStorageDirectoryImpl.java:analyzeStorage(137)) - The storage directory /home/runner/work/ozone/ozone/hadoop-ozone/integration-test/target/test-dir/MiniOzoneClusterImpl-c952205c-0de4-41d8-8615-baf19f81c5db/datanode-2/data/ratis/7fb75249-4bd2-47f0-b4e4-5cb1d83cc72a does not exist. Creating ...
2022-12-15 22:22:18,007 [grpc-default-executor-5] INFO  replication.GrpcReplicationClient (GrpcReplicationClient.java:onCompleted(195)) - Container 7 is downloaded to /home/runner/work/ozone/ozone/hadoop-ozone/integration-test/target/test-dir/MiniOzoneClusterImpl-67032562-5e12-4c4f-a5ab-79ddd1e2132c/datanode-4/data/replication/work/container-7.tar.gz
2022-12-15 22:22:18,014 [ContainerReplicationThread-0] INFO  replication.DownloadAndImportReplicator (DownloadAndImportReplicator.java:replicate(117)) - Container 7 is downloaded with size 1534, starting to import.
2022-12-15 22:22:18,015 [pool-434-thread-1] INFO  storage.RaftStorageDirectory (RaftStorageDirectoryImpl.java:tryLock(231)) - Lock on /home/runner/work/ozone/ozone/hadoop-ozone/integration-test/target/test-dir/MiniOzoneClusterImpl-c952205c-0de4-41d8-8615-baf19f81c5db/datanode-2/data/ratis/7fb75249-4bd2-47f0-b4e4-5cb1d83cc72a/in_use.lock acquired by nodename 2635@fv-az83-67
2022-12-15 22:22:18,017 [pool-434-thread-1] INFO  storage.RaftStorage (RaftStorageImpl.java:format(96)) - Storage directory /home/runner/work/ozone/ozone/hadoop-ozone/integration-test/target/test-dir/MiniOzoneClusterImpl-c952205c-0de4-41d8-8615-baf19f81c5db/datanode-2/data/ratis/7fb75249-4bd2-47f0-b4e4-5cb1d83cc72a has been successfully formatted.
2022-12-15 22:22:18,017 [pool-434-thread-1] INFO  ratis.ContainerStateMachine (ContainerStateMachine.java:loadSnapshot(236)) - group-5CB1D83CC72A: The snapshot info is null. Setting the last applied indexto:(t:0, i:~)
2022-12-15 22:22:18,017 [pool-434-thread-1] INFO  server.RaftServerConfigKeys (ConfUtils.java:logGet(46)) - raft.server.log.use.memory = false (default)
2022-12-15 22:22:18,018 [pool-434-thread-1] INFO  server.RaftServerConfigKeys (ConfUtils.java:logGet(46)) - raft.server.log.purge.gap = 1000000 (custom)
2022-12-15 22:22:18,018 [pool-434-thread-1] INFO  server.RaftServerConfigKeys (ConfUtils.java:logGet(46)) - raft.server.log.appender.buffer.byte-limit = 33554432 (custom)
2022-12-15 22:22:18,018 [pool-434-thread-1] INFO  server.RaftServerConfigKeys (ConfUtils.java:logGet(46)) - raft.server.log.statemachine.data.read.timeout = 1000ms (default)
2022-12-15 22:22:18,018 [pool-434-thread-1] INFO  server.RaftServerConfigKeys (ConfUtils.java:logGet(46)) - raft.server.log.purge.preservation.log.num = 0 (default)
2022-12-15 22:22:18,018 [pool-434-thread-1] INFO  server.RaftServerConfigKeys (ConfUtils.java:logGet(46)) - raft.server.log.segment.size.max = 1048576 (custom)
2022-12-15 22:22:18,019 [EventQueue-CommandQueueReportForCommandQueueReportHandler] WARN  events.EventQueue (EventQueue.java:fireEvent(216)) - No event handler registered for event TypedEvent{payloadType=DatanodeDetails, name='Datanode_Command_Queue_Updated'}
2022-12-15 22:22:18,019 [EventQueue-PipelineReportForPipelineReportHandler] INFO  pipeline.PipelineManagerImpl (PipelineManagerImpl.java:openPipeline(367)) - Pipeline Pipeline[ Id: 7fb75249-4bd2-47f0-b4e4-5cb1d83cc72a, Nodes: a42aff4d-9d7b-4010-992a-35ce3c1e1689{ip: 10.1.0.13, host: fv-az83-67.pawgbth4qraerhbqawdeo1jfng.dx.internal.cloudapp.net, ports: [REPLICATION=39855, RATIS=44723, RATIS_ADMIN=44723, RATIS_SERVER=44723, STANDALONE=40139], networkLocation: /default-rack, certSerialId: null, persistedOpState: IN_SERVICE, persistedOpStateExpiryEpochSec: 0}, ReplicationConfig: RATIS/ONE, State:ALLOCATED, leaderId:a42aff4d-9d7b-4010-992a-35ce3c1e1689, CreationTimestamp2022-12-15T22:22:15.007Z[Etc/UTC]] moved to OPEN state
2022-12-15 22:22:18,020 [EventQueue-OpenPipelineForHealthyPipelineSafeModeRule] INFO  safemode.SCMSafeModeManager (HealthyPipelineSafeModeRule.java:process(137)) - SCM in safe mode. Healthy pipelines reported count is 0, required healthy pipeline reported count is 1
2022-12-15 22:22:18,020 [pool-434-thread-1] INFO  server.RaftServerConfigKeys (ConfUtils.java:logGet(46)) - raft.server.log.segment.cache.num.max = 2 (custom)
2022-12-15 22:22:18,020 [pool-434-thread-1] INFO  server.RaftServerConfigKeys (ConfUtils.java:logGet(46)) - raft.server.log.segment.cache.size.max = 200MB (=209715200) (default)
2022-12-15 22:22:18,020 [pool-434-thread-1] INFO  segmented.SegmentedRaftLogWorker (SegmentedRaftLogWorker.java:<init>(189)) - new a42aff4d-9d7b-4010-992a-35ce3c1e1689@group-5CB1D83CC72A-SegmentedRaftLogWorker for RaftStorageImpl:Storage Directory /home/runner/work/ozone/ozone/hadoop-ozone/integration-test/target/test-dir/MiniOzoneClusterImpl-c952205c-0de4-41d8-8615-baf19f81c5db/datanode-2/data/ratis/7fb75249-4bd2-47f0-b4e4-5cb1d83cc72a
2022-12-15 22:22:18,021 [pool-434-thread-1] INFO  server.RaftServerConfigKeys (ConfUtils.java:logGet(46)) - raft.server.log.queue.byte-limit = 4294967296 (custom)
2022-12-15 22:22:18,021 [pool-434-thread-1] INFO  server.RaftServerConfigKeys (ConfUtils.java:logGet(46)) - raft.server.log.queue.element-limit = 1024 (custom)
2022-12-15 22:22:18,021 [pool-434-thread-1] INFO  server.RaftServerConfigKeys (ConfUtils.java:logGet(46)) - raft.server.log.segment.size.max = 1048576 (custom)
2022-12-15 22:22:18,021 [pool-434-thread-1] INFO  server.RaftServerConfigKeys (ConfUtils.java:logGet(46)) - raft.server.log.preallocated.size = 16384 (custom)
2022-12-15 22:22:18,022 [pool-434-thread-1] INFO  server.RaftServerConfigKeys (ConfUtils.java:logGet(46)) - raft.server.log.force.sync.num = 128 (default)
2022-12-15 22:22:18,022 [pool-434-thread-1] INFO  server.RaftServerConfigKeys (ConfUtils.java:logGet(46)) - raft.server.log.statemachine.data.sync = true (default)
2022-12-15 22:22:18,022 [pool-434-thread-1] INFO  server.RaftServerConfigKeys (ConfUtils.java:logGet(46)) - raft.server.log.statemachine.data.sync.timeout = 10s (default)
2022-12-15 22:22:18,022 [pool-434-thread-1] INFO  server.RaftServerConfigKeys (ConfUtils.java:logGet(46)) - raft.server.log.statemachine.data.sync.timeout.retry = -1 (default)
2022-12-15 22:22:18,026 [pool-434-thread-1] INFO  server.RaftServerConfigKeys (ConfUtils.java:logGet(46)) - raft.server.log.write.buffer.size = 1048576 (custom)
2022-12-15 22:22:18,027 [pool-434-thread-1] INFO  server.RaftServerConfigKeys (ConfUtils.java:logGet(46)) - raft.server.log.appender.buffer.byte-limit = 33554432 (custom)
2022-12-15 22:22:18,033 [EventQueue-CommandQueueReportForCommandQueueReportHandler] WARN  events.EventQueue (EventQueue.java:fireEvent(216)) - No event handler registered for event TypedEvent{payloadType=DatanodeDetails, name='Datanode_Command_Queue_Updated'}
2022-12-15 22:22:18,037 [EventQueue-CommandQueueReportForCommandQueueReportHandler] WARN  events.EventQueue (EventQueue.java:fireEvent(216)) - No event handler registered for event TypedEvent{payloadType=DatanodeDetails, name='Datanode_Command_Queue_Updated'}
2022-12-15 22:22:18,039 [pool-434-thread-1] INFO  server.RaftServerConfigKeys (ConfUtils.java:logGet(46)) - raft.server.log.unsafe-flush.enabled = false (default)
2022-12-15 22:22:18,039 [EventQueue-CommandQueueReportForCommandQueueReportHandler] WARN  events.EventQueue (EventQueue.java:fireEvent(216)) - No event handler registered for event TypedEvent{payloadType=DatanodeDetails, name='Datanode_Command_Queue_Updated'}
2022-12-15 22:22:18,040 [pool-434-thread-1] INFO  server.RaftServerConfigKeys (ConfUtils.java:logGet(46)) - raft.server.log.async-flush.enabled = false (default)
2022-12-15 22:22:18,040 [pool-434-thread-1] INFO  server.RaftServerConfigKeys (ConfUtils.java:logGet(46)) - raft.server.log.statemachine.data.caching.enabled = true (custom)
2022-12-15 22:22:18,040 [pool-434-thread-1] INFO  segmented.SegmentedRaftLogWorker (SegmentedRaftLogWorker.java:lambda$new$0(135)) - a42aff4d-9d7b-4010-992a-35ce3c1e1689@group-5CB1D83CC72A-SegmentedRaftLogWorker: flushIndex: setUnconditionally 0 -> -1
2022-12-15 22:22:18,040 [pool-434-thread-1] INFO  segmented.SegmentedRaftLogWorker (SegmentedRaftLogWorker.java:lambda$new$0(135)) - a42aff4d-9d7b-4010-992a-35ce3c1e1689@group-5CB1D83CC72A-SegmentedRaftLogWorker: safeCacheEvictIndex: setUnconditionally 0 -> -1
2022-12-15 22:22:18,041 [pool-434-thread-1] INFO  server.RaftServer$Division (RaftServerImpl.java:start(334)) - a42aff4d-9d7b-4010-992a-35ce3c1e1689@group-5CB1D83CC72A: start as a follower, conf=-1: peers:[a42aff4d-9d7b-4010-992a-35ce3c1e1689|rpc:10.1.0.13:44723|priority:1|startupRole:FOLLOWER]|listeners:[], old=null
2022-12-15 22:22:18,041 [pool-434-thread-1] INFO  server.RaftServer$Division (RaftServerImpl.java:setRole(321)) - a42aff4d-9d7b-4010-992a-35ce3c1e1689@group-5CB1D83CC72A: changes role from      null to FOLLOWER at term 0 for startAsFollower
2022-12-15 22:22:18,041 [pool-434-thread-1] INFO  impl.RoleInfo (RoleInfo.java:updateAndGet(139)) - a42aff4d-9d7b-4010-992a-35ce3c1e1689: start a42aff4d-9d7b-4010-992a-35ce3c1e1689@group-5CB1D83CC72A-FollowerState
2022-12-15 22:22:18,039 [ContainerReplicationThread-0] INFO  replication.DownloadAndImportReplicator (DownloadAndImportReplicator.java:replicate(122)) - Container 7 is replicated successfully
2022-12-15 22:22:18,041 [ContainerReplicationThread-0] INFO  replication.ReplicationSupervisor (ReplicationSupervisor.java:run(179)) - Container 7 is replicated.
2022-12-15 22:22:18,041 [pool-434-thread-1] INFO  util.JmxRegister (JmxRegister.java:tryRegister(44)) - Successfully registered JMX Bean with object name Ratis:service=RaftServer,group=group-5CB1D83CC72A,id=a42aff4d-9d7b-4010-992a-35ce3c1e1689
2022-12-15 22:22:18,041 [pool-434-thread-1] INFO  server.RaftServerConfigKeys (ConfUtils.java:logGet(46)) - raft.server.snapshot.auto.trigger.enabled = true (custom)
2022-12-15 22:22:18,041 [pool-434-thread-1] INFO  server.RaftServerConfigKeys (ConfUtils.java:logGet(46)) - raft.server.snapshot.auto.trigger.threshold = 10000 (custom)
2022-12-15 22:22:18,042 [pool-434-thread-1] INFO  server.RaftServerConfigKeys (ConfUtils.java:logGet(46)) - raft.server.snapshot.retention.file.num = 5 (custom)
2022-12-15 22:22:18,042 [pool-434-thread-1] INFO  server.RaftServerConfigKeys (ConfUtils.java:logGet(46)) - raft.server.log.purge.upto.snapshot.index = false (default)
2022-12-15 22:22:18,042 [a42aff4d-9d7b-4010-992a-35ce3c1e1689@group-5CB1D83CC72A-FollowerState] INFO  server.RaftServerConfigKeys (ConfUtils.java:logFallback(53)) - raft.server.rpc.first-election.timeout.min = 5s (fallback to raft.server.rpc.timeout.min)
2022-12-15 22:22:18,043 [a42aff4d-9d7b-4010-992a-35ce3c1e1689@group-5CB1D83CC72A-FollowerState] INFO  server.RaftServerConfigKeys (ConfUtils.java:logFallback(53)) - raft.server.rpc.first-election.timeout.max = 5200ms (fallback to raft.server.rpc.timeout.max)
2022-12-15 22:22:18,044 [Command processor thread] INFO  ratis.XceiverServerRatis (XceiverServerRatis.java:addGroup(765)) - Created group PipelineID=7fb75249-4bd2-47f0-b4e4-5cb1d83cc72a
2022-12-15 22:22:18,044 [Command processor thread] INFO  commandhandler.CreatePipelineCommandHandler (CreatePipelineCommandHandler.java:handle(113)) - Created Pipeline RATIS ONE PipelineID=7fb75249-4bd2-47f0-b4e4-5cb1d83cc72a.
2022-12-15 22:22:18,224 [DatanodeAdminManager-0] INFO  node.DatanodeAdminMonitorImpl (DatanodeAdminMonitorImpl.java:checkContainersReplicatedOnNode(377)) - 1e86e54b-7ea4-4ffe-a764-33ccb592660f{ip: 10.1.0.13, host: fv-az83-67.pawgbth4qraerhbqawdeo1jfng.dx.internal.cloudapp.net, ports: [REPLICATION=41383, RATIS=45413, RATIS_ADMIN=45413, RATIS_SERVER=45413, STANDALONE=39139], networkLocation: /default-rack, certSerialId: null, persistedOpState: DECOMMISSIONING, persistedOpStateExpiryEpochSec: 0} has 7 sufficientlyReplicated, 0 underReplicated and 0 unhealthy containers
2022-12-15 22:22:18,224 [DatanodeAdminManager-0] INFO  node.DatanodeAdminMonitorImpl (DatanodeAdminMonitorImpl.java:completeDecommission(414)) - Datanode 1e86e54b-7ea4-4ffe-a764-33ccb592660f{ip: 10.1.0.13, host: fv-az83-67.pawgbth4qraerhbqawdeo1jfng.dx.internal.cloudapp.net, ports: [REPLICATION=41383, RATIS=45413, RATIS_ADMIN=45413, RATIS_SERVER=45413, STANDALONE=39139], networkLocation: /default-rack, certSerialId: null, persistedOpState: DECOMMISSIONING, persistedOpStateExpiryEpochSec: 0} has completed the admin workflow. The operational state has been set to DECOMMISSIONED
2022-12-15 22:22:18,224 [EventQueue-HealthyReadonlyToHealthyNodeForReadOnlyHealthyToHealthyNodeHandler] INFO  node.ReadOnlyHealthyToHealthyNodeHandler (ReadOnlyHealthyToHealthyNodeHandler.java:onMessage(51)) - Datanode 1e86e54b-7ea4-4ffe-a764-33ccb592660f{ip: 10.1.0.13, host: fv-az83-67.pawgbth4qraerhbqawdeo1jfng.dx.internal.cloudapp.net, ports: [REPLICATION=41383, RATIS=45413, RATIS_ADMIN=45413, RATIS_SERVER=45413, STANDALONE=39139], networkLocation: /default-rack, certSerialId: null, persistedOpState: DECOMMISSIONING, persistedOpStateExpiryEpochSec: 0} moved to HEALTHY state.
2022-12-15 22:22:18,225 [EventQueue-HealthyReadonlyToHealthyNodeForReadOnlyHealthyToHealthyNodeHandler] INFO  pipeline.BackgroundPipelineCreator (BackgroundPipelineCreator.java:notifyEventTriggered(276)) - trigger a one-shot run on RatisPipelineUtilsThread.
2022-12-15 22:22:18,226 [RatisPipelineUtilsThread - 0] INFO  pipeline.RatisPipelineProvider (RatisPipelineProvider.java:lambda$create$0(206)) - Sending CreatePipelineCommand for pipeline:PipelineID=722ef8dd-2fb2-4365-8a24-237829e36b1a to datanode:e0198350-5a80-4cc9-b4d4-fe7f34161fcd
2022-12-15 22:22:18,226 [RatisPipelineUtilsThread - 0] INFO  pipeline.RatisPipelineProvider (RatisPipelineProvider.java:lambda$create$0(206)) - Sending CreatePipelineCommand for pipeline:PipelineID=722ef8dd-2fb2-4365-8a24-237829e36b1a to datanode:8742ce53-ec43-4b5d-92fb-ca295b19fdac
2022-12-15 22:22:18,226 [RatisPipelineUtilsThread - 0] INFO  pipeline.RatisPipelineProvider (RatisPipelineProvider.java:lambda$create$0(206)) - Sending CreatePipelineCommand for pipeline:PipelineID=722ef8dd-2fb2-4365-8a24-237829e36b1a to datanode:30cdbfed-5eb6-4d94-b03b-823178923405
2022-12-15 22:22:18,227 [RatisPipelineUtilsThread - 0] INFO  pipeline.PipelineStateManagerImpl (PipelineStateManagerImpl.java:addPipeline(103)) - Created pipeline Pipeline[ Id: 722ef8dd-2fb2-4365-8a24-237829e36b1a, Nodes: e0198350-5a80-4cc9-b4d4-fe7f34161fcd{ip: 10.1.0.13, host: fv-az83-67.pawgbth4qraerhbqawdeo1jfng.dx.internal.cloudapp.net, ports: [REPLICATION=33725, RATIS=33167, RATIS_ADMIN=33167, RATIS_SERVER=33167, STANDALONE=40941], networkLocation: /default-rack, certSerialId: null, persistedOpState: IN_SERVICE, persistedOpStateExpiryEpochSec: 0}8742ce53-ec43-4b5d-92fb-ca295b19fdac{ip: 10.1.0.13, host: fv-az83-67.pawgbth4qraerhbqawdeo1jfng.dx.internal.cloudapp.net, ports: [REPLICATION=42995, RATIS=44977, RATIS_ADMIN=44977, RATIS_SERVER=44977, STANDALONE=39581], networkLocation: /default-rack, certSerialId: null, persistedOpState: IN_SERVICE, persistedOpStateExpiryEpochSec: 0}30cdbfed-5eb6-4d94-b03b-823178923405{ip: 10.1.0.13, host: fv-az83-67.pawgbth4qraerhbqawdeo1jfng.dx.internal.cloudapp.net, ports: [REPLICATION=35121, RATIS=40489, RATIS_ADMIN=40489, RATIS_SERVER=40489, STANDALONE=36205], networkLocation: /default-rack, certSerialId: null, persistedOpState: IN_SERVICE, persistedOpStateExpiryEpochSec: 0}, ReplicationConfig: RATIS/THREE, State:ALLOCATED, leaderId:, CreationTimestamp2022-12-15T22:22:18.226Z[Etc/UTC]].
2022-12-15 22:22:18,230 [RatisPipelineUtilsThread - 0] WARN  pipeline.PipelinePlacementPolicy (PipelinePlacementPolicy.java:filterViableNodes(158)) - Pipeline creation failed due to no sufficient healthy datanodes. Required 3. Found 0.
2022-12-15 22:22:18,266 [Over Replicated Processor] INFO  replication.OverReplicatedProcessor (OverReplicatedProcessor.java:processAll(79)) - Processed 0 over replicated containers, failed processing 0
2022-12-15 22:22:18,269 [EventQueue-CommandQueueReportForCommandQueueReportHandler] WARN  events.EventQueue (EventQueue.java:fireEvent(216)) - No event handler registered for event TypedEvent{payloadType=DatanodeDetails, name='Datanode_Command_Queue_Updated'}
2022-12-15 22:22:18,285 [main] INFO  ozoneimpl.OzoneContainer (OzoneContainer.java:stop(417)) - Attempting to stop container services.
2022-12-15 22:22:18,288 [ReplicationMonitor] INFO  replication.ReplicationManager (ReplicationManager.java:processAll(327)) - Replication Manager is not ready to run until 3000ms after safemode exit
2022-12-15 22:22:18,300 [ReplicationMonitor] INFO  replication.ReplicationManager (ReplicationManager.java:processAll(360)) - Replication Monitor Thread took 3 milliseconds for processing 8 containers.
2022-12-15 22:22:18,303 [main] INFO  server.RaftServer (RaftServerProxy.java:lambda$close$6(409)) - 1e86e54b-7ea4-4ffe-a764-33ccb592660f: close
2022-12-15 22:22:18,304 [main] INFO  server.GrpcService (GrpcService.java:closeImpl(271)) - 1e86e54b-7ea4-4ffe-a764-33ccb592660f: shutdown server GrpcServerProtocolService now
2022-12-15 22:22:18,312 [Under Replicated Processor] INFO  replication.UnderReplicatedProcessor (UnderReplicatedProcessor.java:processAll(79)) - Processed 0 under replicated containers, failed processing 0
2022-12-15 22:22:18,319 [main] INFO  server.GrpcServerProtocolClient (GrpcServerProtocolClient.java:close(101)) - e0198350-5a80-4cc9-b4d4-fe7f34161fcd Close channels
2022-12-15 22:22:18,319 [ForkJoinPool.commonPool-worker-1] INFO  server.GrpcServerProtocolClient (GrpcServerProtocolClient.java:close(101)) - 8742ce53-ec43-4b5d-92fb-ca295b19fdac Close channels
2022-12-15 22:22:18,326 [main] INFO  server.GrpcService (GrpcService.java:closeImpl(280)) - 1e86e54b-7ea4-4ffe-a764-33ccb592660f: shutdown server GrpcServerProtocolService successfully
2022-12-15 22:22:18,326 [JvmPauseMonitor1] INFO  util.JvmPauseMonitor (JvmPauseMonitor.java:run(111)) - JvmPauseMonitor-1e86e54b-7ea4-4ffe-a764-33ccb592660f: Stopped
2022-12-15 22:22:18,508 [EventQueue-CommandQueueReportForCommandQueueReportHandler] WARN  events.EventQueue (EventQueue.java:fireEvent(216)) - No event handler registered for event TypedEvent{payloadType=DatanodeDetails, name='Datanode_Command_Queue_Updated'}
2022-12-15 22:22:18,771 [Listener at 127.0.0.1/41387] INFO  ozone.MiniOzoneClusterImpl (MiniOzoneClusterImpl.java:lambda$waitForClusterToBeReady$0(216)) - Nodes are ready. Got 7 of 7 DN Heartbeats.
2022-12-15 22:22:18,771 [Listener at 127.0.0.1/41387] INFO  ozone.MiniOzoneClusterImpl (MiniOzoneClusterImpl.java:lambda$waitForClusterToBeReady$0(219)) - Waiting for cluster to exit safe mode
2022-12-15 22:22:18,771 [Listener at 127.0.0.1/41387] INFO  ozone.MiniOzoneClusterImpl (MiniOzoneClusterImpl.java:lambda$waitForClusterToBeReady$0(221)) - SCM became leader
2022-12-15 22:22:18,798 [EventQueue-CommandQueueReportForCommandQueueReportHandler] WARN  events.EventQueue (EventQueue.java:fireEvent(216)) - No event handler registered for event TypedEvent{payloadType=DatanodeDetails, name='Datanode_Command_Queue_Updated'}
2022-12-15 22:22:18,838 [EventQueue-CommandQueueReportForCommandQueueReportHandler] WARN  events.EventQueue (EventQueue.java:fireEvent(216)) - No event handler registered for event TypedEvent{payloadType=DatanodeDetails, name='Datanode_Command_Queue_Updated'}
2022-12-15 22:22:18,854 [EventQueue-CommandQueueReportForCommandQueueReportHandler] WARN  events.EventQueue (EventQueue.java:fireEvent(216)) - No event handler registered for event TypedEvent{payloadType=DatanodeDetails, name='Datanode_Command_Queue_Updated'}
2022-12-15 22:22:18,854 [EventQueue-OpenPipelineForHealthyPipelineSafeModeRule] INFO  safemode.SCMSafeModeManager (HealthyPipelineSafeModeRule.java:process(137)) - SCM in safe mode. Healthy pipelines reported count is 0, required healthy pipeline reported count is 1
2022-12-15 22:22:18,856 [EventQueue-CommandQueueReportForCommandQueueReportHandler] WARN  events.EventQueue (EventQueue.java:fireEvent(216)) - No event handler registered for event TypedEvent{payloadType=DatanodeDetails, name='Datanode_Command_Queue_Updated'}
2022-12-15 22:22:18,892 [EventQueue-CommandQueueReportForCommandQueueReportHandler] WARN  events.EventQueue (EventQueue.java:fireEvent(216)) - No event handler registered for event TypedEvent{payloadType=DatanodeDetails, name='Datanode_Command_Queue_Updated'}
2022-12-15 22:22:19,000 [EventQueue-CommandQueueReportForCommandQueueReportHandler] WARN  events.EventQueue (EventQueue.java:fireEvent(216)) - No event handler registered for event TypedEvent{payloadType=DatanodeDetails, name='Datanode_Command_Queue_Updated'}
2022-12-15 22:22:19,019 [EventQueue-CommandQueueReportForCommandQueueReportHandler] WARN  events.EventQueue (EventQueue.java:fireEvent(216)) - No event handler registered for event TypedEvent{payloadType=DatanodeDetails, name='Datanode_Command_Queue_Updated'}
2022-12-15 22:22:19,034 [EventQueue-CommandQueueReportForCommandQueueReportHandler] WARN  events.EventQueue (EventQueue.java:fireEvent(216)) - No event handler registered for event TypedEvent{payloadType=DatanodeDetails, name='Datanode_Command_Queue_Updated'}
2022-12-15 22:22:19,039 [EventQueue-CommandQueueReportForCommandQueueReportHandler] WARN  events.EventQueue (EventQueue.java:fireEvent(216)) - No event handler registered for event TypedEvent{payloadType=DatanodeDetails, name='Datanode_Command_Queue_Updated'}
2022-12-15 22:22:19,265 [Command processor thread] INFO  server.RaftServer (RaftServerProxy.java:addNew(96)) - 71b6f94d-94ac-4fef-bfea-f7b8cd5fb2e7: addNew group-5E5DA6B9AECD:[71b6f94d-94ac-4fef-bfea-f7b8cd5fb2e7|rpc:10.1.0.13:37337|priority:1|startupRole:FOLLOWER] returns group-5E5DA6B9AECD:java.util.concurrent.CompletableFuture@69c38fd9[Not completed]
2022-12-15 22:22:19,266 [Over Replicated Processor] INFO  replication.OverReplicatedProcessor (OverReplicatedProcessor.java:processAll(79)) - Processed 0 over replicated containers, failed processing 0
2022-12-15 22:22:19,267 [pool-509-thread-1] INFO  server.RaftServer$Division (RaftServerImpl.java:<init>(195)) - 71b6f94d-94ac-4fef-bfea-f7b8cd5fb2e7: new RaftServerImpl for group-5E5DA6B9AECD:[71b6f94d-94ac-4fef-bfea-f7b8cd5fb2e7|rpc:10.1.0.13:37337|priority:1|startupRole:FOLLOWER] with ContainerStateMachine:uninitialized
2022-12-15 22:22:19,267 [pool-509-thread-1] INFO  server.RaftServerConfigKeys (ConfUtils.java:logGet(46)) - raft.server.rpc.timeout.min = 5s (custom)
2022-12-15 22:22:19,267 [pool-509-thread-1] INFO  server.RaftServerConfigKeys (ConfUtils.java:logGet(46)) - raft.server.rpc.timeout.max = 5200ms (custom)
2022-12-15 22:22:19,267 [pool-509-thread-1] INFO  server.RaftServerConfigKeys (ConfUtils.java:logGet(46)) - raft.server.rpc.sleep.time = 25ms (default)
2022-12-15 22:22:19,267 [pool-509-thread-1] INFO  server.RaftServerConfigKeys (ConfUtils.java:logGet(46)) - raft.server.rpc.slowness.timeout = 300s (custom)
2022-12-15 22:22:19,267 [pool-509-thread-1] INFO  server.RaftServerConfigKeys (ConfUtils.java:logGet(46)) - raft.server.leaderelection.leader.step-down.wait-time = 10s (default)
2022-12-15 22:22:19,267 [pool-509-thread-1] INFO  server.RaftServerConfigKeys (ConfUtils.java:logGet(46)) - raft.server.sleep.deviation.threshold = 300ms (default)
2022-12-15 22:22:19,267 [pool-509-thread-1] INFO  server.RaftServer$Division (ServerState.java:<init>(118)) - 71b6f94d-94ac-4fef-bfea-f7b8cd5fb2e7@group-5E5DA6B9AECD: ConfigurationManager, init=-1: peers:[71b6f94d-94ac-4fef-bfea-f7b8cd5fb2e7|rpc:10.1.0.13:37337|priority:1|startupRole:FOLLOWER]|listeners:[], old=null, confs=<EMPTY_MAP>
2022-12-15 22:22:19,267 [EventQueue-CommandQueueReportForCommandQueueReportHandler] WARN  events.EventQueue (EventQueue.java:fireEvent(216)) - No event handler registered for event TypedEvent{payloadType=DatanodeDetails, name='Datanode_Command_Queue_Updated'}
2022-12-15 22:22:19,267 [pool-509-thread-1] INFO  server.RaftServerConfigKeys (ConfUtils.java:logGet(46)) - raft.server.storage.dir = [/home/runner/work/ozone/ozone/hadoop-ozone/integration-test/target/test-dir/MiniOzoneClusterImpl-c952205c-0de4-41d8-8615-baf19f81c5db/datanode-3/data/ratis] (custom)
2022-12-15 22:22:19,268 [pool-509-thread-1] INFO  server.RaftServerConfigKeys (ConfUtils.java:logGet(46)) - raft.server.log.corruption.policy = EXCEPTION (default)
2022-12-15 22:22:19,268 [pool-509-thread-1] INFO  server.RaftServerConfigKeys (ConfUtils.java:logGet(46)) - raft.server.storage.free-space.min = 0MB (=0) (default)
2022-12-15 22:22:19,268 [pool-509-thread-1] INFO  server.RaftServerConfigKeys (ConfUtils.java:logGet(46)) - raft.server.notification.no-leader.timeout = 300s (custom)
2022-12-15 22:22:19,268 [pool-509-thread-1] INFO  server.RaftServerConfigKeys (ConfUtils.java:logGet(46)) - raft.server.retrycache.expirytime = 600000ms (custom)
2022-12-15 22:22:19,268 [pool-509-thread-1] INFO  server.RaftServerConfigKeys (ConfUtils.java:logGet(46)) - raft.server.retrycache.statistics.expirytime = 100μs (default)
2022-12-15 22:22:19,273 [pool-509-thread-1] INFO  server.RaftServerConfigKeys (ConfUtils.java:logGet(46)) - raft.server.log.appender.install.snapshot.enabled = false (custom)
2022-12-15 22:22:19,273 [pool-509-thread-1] INFO  server.RaftServerConfigKeys (ConfUtils.java:logGet(46)) - raft.server.threadpool.server.cached = true (default)
2022-12-15 22:22:19,273 [pool-509-thread-1] INFO  server.RaftServerConfigKeys (ConfUtils.java:logGet(46)) - raft.server.threadpool.server.size = 0 (default)
2022-12-15 22:22:19,273 [pool-509-thread-1] INFO  server.RaftServerConfigKeys (ConfUtils.java:logGet(46)) - raft.server.threadpool.client.cached = true (default)
2022-12-15 22:22:19,273 [pool-509-thread-1] INFO  server.RaftServerConfigKeys (ConfUtils.java:logGet(46)) - raft.server.threadpool.client.size = 0 (default)
2022-12-15 22:22:19,273 [pool-509-thread-1] INFO  storage.RaftStorageDirectory (RaftStorageDirectoryImpl.java:analyzeStorage(137)) - The storage directory /home/runner/work/ozone/ozone/hadoop-ozone/integration-test/target/test-dir/MiniOzoneClusterImpl-c952205c-0de4-41d8-8615-baf19f81c5db/datanode-3/data/ratis/4206f72b-5baf-4969-885a-5e5da6b9aecd does not exist. Creating ...
2022-12-15 22:22:19,282 [pool-509-thread-1] INFO  storage.RaftStorageDirectory (RaftStorageDirectoryImpl.java:tryLock(231)) - Lock on /home/runner/work/ozone/ozone/hadoop-ozone/integration-test/target/test-dir/MiniOzoneClusterImpl-c952205c-0de4-41d8-8615-baf19f81c5db/datanode-3/data/ratis/4206f72b-5baf-4969-885a-5e5da6b9aecd/in_use.lock acquired by nodename 2635@fv-az83-67
2022-12-15 22:22:19,285 [pool-509-thread-1] INFO  storage.RaftStorage (RaftStorageImpl.java:format(96)) - Storage directory /home/runner/work/ozone/ozone/hadoop-ozone/integration-test/target/test-dir/MiniOzoneClusterImpl-c952205c-0de4-41d8-8615-baf19f81c5db/datanode-3/data/ratis/4206f72b-5baf-4969-885a-5e5da6b9aecd has been successfully formatted.
2022-12-15 22:22:19,285 [pool-509-thread-1] INFO  ratis.ContainerStateMachine (ContainerStateMachine.java:loadSnapshot(236)) - group-5E5DA6B9AECD: The snapshot info is null. Setting the last applied indexto:(t:0, i:~)
2022-12-15 22:22:19,285 [pool-509-thread-1] INFO  server.RaftServerConfigKeys (ConfUtils.java:logGet(46)) - raft.server.log.use.memory = false (default)
2022-12-15 22:22:19,285 [pool-509-thread-1] INFO  server.RaftServerConfigKeys (ConfUtils.java:logGet(46)) - raft.server.log.purge.gap = 1000000 (custom)
2022-12-15 22:22:19,286 [pool-509-thread-1] INFO  server.RaftServerConfigKeys (ConfUtils.java:logGet(46)) - raft.server.log.appender.buffer.byte-limit = 33554432 (custom)
2022-12-15 22:22:19,286 [pool-509-thread-1] INFO  server.RaftServerConfigKeys (ConfUtils.java:logGet(46)) - raft.server.log.statemachine.data.read.timeout = 1000ms (default)
2022-12-15 22:22:19,286 [pool-509-thread-1] INFO  server.RaftServerConfigKeys (ConfUtils.java:logGet(46)) - raft.server.log.purge.preservation.log.num = 0 (default)
2022-12-15 22:22:19,286 [pool-509-thread-1] INFO  server.RaftServerConfigKeys (ConfUtils.java:logGet(46)) - raft.server.log.segment.size.max = 1048576 (custom)
2022-12-15 22:22:19,287 [pool-509-thread-1] INFO  server.RaftServerConfigKeys (ConfUtils.java:logGet(46)) - raft.server.log.segment.cache.num.max = 2 (custom)
2022-12-15 22:22:19,287 [pool-509-thread-1] INFO  server.RaftServerConfigKeys (ConfUtils.java:logGet(46)) - raft.server.log.segment.cache.size.max = 200MB (=209715200) (default)
2022-12-15 22:22:19,287 [EventQueue-CommandQueueReportForCommandQueueReportHandler] WARN  events.EventQueue (EventQueue.java:fireEvent(216)) - No event handler registered for event TypedEvent{payloadType=DatanodeDetails, name='Datanode_Command_Queue_Updated'}
2022-12-15 22:22:19,287 [pool-509-thread-1] INFO  segmented.SegmentedRaftLogWorker (SegmentedRaftLogWorker.java:<init>(189)) - new 71b6f94d-94ac-4fef-bfea-f7b8cd5fb2e7@group-5E5DA6B9AECD-SegmentedRaftLogWorker for RaftStorageImpl:Storage Directory /home/runner/work/ozone/ozone/hadoop-ozone/integration-test/target/test-dir/MiniOzoneClusterImpl-c952205c-0de4-41d8-8615-baf19f81c5db/datanode-3/data/ratis/4206f72b-5baf-4969-885a-5e5da6b9aecd
2022-12-15 22:22:19,287 [pool-509-thread-1] INFO  server.RaftServerConfigKeys (ConfUtils.java:logGet(46)) - raft.server.log.queue.byte-limit = 4294967296 (custom)
2022-12-15 22:22:19,287 [pool-509-thread-1] INFO  server.RaftServerConfigKeys (ConfUtils.java:logGet(46)) - raft.server.log.queue.element-limit = 1024 (custom)
2022-12-15 22:22:19,287 [EventQueue-PipelineReportForPipelineReportHandler] INFO  pipeline.PipelineManagerImpl (PipelineManagerImpl.java:openPipeline(367)) - Pipeline Pipeline[ Id: 4206f72b-5baf-4969-885a-5e5da6b9aecd, Nodes: 71b6f94d-94ac-4fef-bfea-f7b8cd5fb2e7{ip: 10.1.0.13, host: fv-az83-67.pawgbth4qraerhbqawdeo1jfng.dx.internal.cloudapp.net, ports: [REPLICATION=43135, RATIS=37337, RATIS_ADMIN=37337, RATIS_SERVER=37337, STANDALONE=42045], networkLocation: /default-rack, certSerialId: null, persistedOpState: IN_SERVICE, persistedOpStateExpiryEpochSec: 0}, ReplicationConfig: RATIS/ONE, State:ALLOCATED, leaderId:71b6f94d-94ac-4fef-bfea-f7b8cd5fb2e7, CreationTimestamp2022-12-15T22:22:16.288Z[Etc/UTC]] moved to OPEN state
2022-12-15 22:22:19,287 [pool-509-thread-1] INFO  server.RaftServerConfigKeys (ConfUtils.java:logGet(46)) - raft.server.log.segment.size.max = 1048576 (custom)
2022-12-15 22:22:19,288 [pool-509-thread-1] INFO  server.RaftServerConfigKeys (ConfUtils.java:logGet(46)) - raft.server.log.preallocated.size = 16384 (custom)
2022-12-15 22:22:19,288 [pool-509-thread-1] INFO  server.RaftServerConfigKeys (ConfUtils.java:logGet(46)) - raft.server.log.force.sync.num = 128 (default)
2022-12-15 22:22:19,288 [ReplicationMonitor] INFO  replication.ReplicationManager (ReplicationManager.java:processAll(327)) - Replication Manager is not ready to run until 3000ms after safemode exit
2022-12-15 22:22:19,288 [pool-509-thread-1] INFO  server.RaftServerConfigKeys (ConfUtils.java:logGet(46)) - raft.server.log.statemachine.data.sync = true (default)
2022-12-15 22:22:19,288 [EventQueue-OpenPipelineForHealthyPipelineSafeModeRule] INFO  safemode.SCMSafeModeManager (HealthyPipelineSafeModeRule.java:process(137)) - SCM in safe mode. Healthy pipelines reported count is 0, required healthy pipeline reported count is 1
2022-12-15 22:22:19,288 [pool-509-thread-1] INFO  server.RaftServerConfigKeys (ConfUtils.java:logGet(46)) - raft.server.log.statemachine.data.sync.timeout = 10s (default)
2022-12-15 22:22:19,288 [pool-509-thread-1] INFO  server.RaftServerConfigKeys (ConfUtils.java:logGet(46)) - raft.server.log.statemachine.data.sync.timeout.retry = -1 (default)
2022-12-15 22:22:19,290 [pool-509-thread-1] INFO  server.RaftServerConfigKeys (ConfUtils.java:logGet(46)) - raft.server.log.write.buffer.size = 1048576 (custom)
2022-12-15 22:22:19,291 [pool-509-thread-1] INFO  server.RaftServerConfigKeys (ConfUtils.java:logGet(46)) - raft.server.log.appender.buffer.byte-limit = 33554432 (custom)
2022-12-15 22:22:19,300 [pool-509-thread-1] INFO  server.RaftServerConfigKeys (ConfUtils.java:logGet(46)) - raft.server.log.unsafe-flush.enabled = false (default)
2022-12-15 22:22:19,301 [ReplicationMonitor] INFO  replication.ReplicationManager (ReplicationManager.java:processAll(360)) - Replication Monitor Thread took 1 milliseconds for processing 8 containers.
2022-12-15 22:22:19,302 [pool-509-thread-1] INFO  server.RaftServerConfigKeys (ConfUtils.java:logGet(46)) - raft.server.log.async-flush.enabled = false (default)
2022-12-15 22:22:19,302 [pool-509-thread-1] INFO  server.RaftServerConfigKeys (ConfUtils.java:logGet(46)) - raft.server.log.statemachine.data.caching.enabled = true (custom)
2022-12-15 22:22:19,302 [pool-509-thread-1] INFO  segmented.SegmentedRaftLogWorker (SegmentedRaftLogWorker.java:lambda$new$0(135)) - 71b6f94d-94ac-4fef-bfea-f7b8cd5fb2e7@group-5E5DA6B9AECD-SegmentedRaftLogWorker: flushIndex: setUnconditionally 0 -> -1
2022-12-15 22:22:19,302 [pool-509-thread-1] INFO  segmented.SegmentedRaftLogWorker (SegmentedRaftLogWorker.java:lambda$new$0(135)) - 71b6f94d-94ac-4fef-bfea-f7b8cd5fb2e7@group-5E5DA6B9AECD-SegmentedRaftLogWorker: safeCacheEvictIndex: setUnconditionally 0 -> -1
2022-12-15 22:22:19,303 [EventQueue-CommandQueueReportForCommandQueueReportHandler] WARN  events.EventQueue (EventQueue.java:fireEvent(216)) - No event handler registered for event TypedEvent{payloadType=DatanodeDetails, name='Datanode_Command_Queue_Updated'}
2022-12-15 22:22:19,306 [pool-509-thread-1] INFO  server.RaftServer$Division (RaftServerImpl.java:start(334)) - 71b6f94d-94ac-4fef-bfea-f7b8cd5fb2e7@group-5E5DA6B9AECD: start as a follower, conf=-1: peers:[71b6f94d-94ac-4fef-bfea-f7b8cd5fb2e7|rpc:10.1.0.13:37337|priority:1|startupRole:FOLLOWER]|listeners:[], old=null
2022-12-15 22:22:19,306 [pool-509-thread-1] INFO  server.RaftServer$Division (RaftServerImpl.java:setRole(321)) - 71b6f94d-94ac-4fef-bfea-f7b8cd5fb2e7@group-5E5DA6B9AECD: changes role from      null to FOLLOWER at term 0 for startAsFollower
2022-12-15 22:22:19,306 [pool-509-thread-1] INFO  impl.RoleInfo (RoleInfo.java:updateAndGet(139)) - 71b6f94d-94ac-4fef-bfea-f7b8cd5fb2e7: start 71b6f94d-94ac-4fef-bfea-f7b8cd5fb2e7@group-5E5DA6B9AECD-FollowerState
2022-12-15 22:22:19,308 [pool-509-thread-1] INFO  util.JmxRegister (JmxRegister.java:tryRegister(44)) - Successfully registered JMX Bean with object name Ratis:service=RaftServer,group=group-5E5DA6B9AECD,id=71b6f94d-94ac-4fef-bfea-f7b8cd5fb2e7
2022-12-15 22:22:19,308 [71b6f94d-94ac-4fef-bfea-f7b8cd5fb2e7@group-5E5DA6B9AECD-FollowerState] INFO  server.RaftServerConfigKeys (ConfUtils.java:logFallback(53)) - raft.server.rpc.first-election.timeout.min = 5s (fallback to raft.server.rpc.timeout.min)
2022-12-15 22:22:19,308 [pool-509-thread-1] INFO  server.RaftServerConfigKeys (ConfUtils.java:logGet(46)) - raft.server.snapshot.auto.trigger.enabled = true (custom)
2022-12-15 22:22:19,308 [71b6f94d-94ac-4fef-bfea-f7b8cd5fb2e7@group-5E5DA6B9AECD-FollowerState] INFO  server.RaftServerConfigKeys (ConfUtils.java:logFallback(53)) - raft.server.rpc.first-election.timeout.max = 5200ms (fallback to raft.server.rpc.timeout.max)
2022-12-15 22:22:19,308 [pool-509-thread-1] INFO  server.RaftServerConfigKeys (ConfUtils.java:logGet(46)) - raft.server.snapshot.auto.trigger.threshold = 10000 (custom)
2022-12-15 22:22:19,308 [pool-509-thread-1] INFO  server.RaftServerConfigKeys (ConfUtils.java:logGet(46)) - raft.server.snapshot.retention.file.num = 5 (custom)
2022-12-15 22:22:19,308 [pool-509-thread-1] INFO  server.RaftServerConfigKeys (ConfUtils.java:logGet(46)) - raft.server.log.purge.upto.snapshot.index = false (default)
2022-12-15 22:22:19,309 [Command processor thread] INFO  ratis.XceiverServerRatis (XceiverServerRatis.java:addGroup(765)) - Created group PipelineID=4206f72b-5baf-4969-885a-5e5da6b9aecd
2022-12-15 22:22:19,309 [Command processor thread] INFO  commandhandler.CreatePipelineCommandHandler (CreatePipelineCommandHandler.java:handle(113)) - Created Pipeline RATIS ONE PipelineID=4206f72b-5baf-4969-885a-5e5da6b9aecd.
2022-12-15 22:22:19,310 [Command processor thread] INFO  server.RaftServer (RaftServerProxy.java:addNew(96)) - 71b6f94d-94ac-4fef-bfea-f7b8cd5fb2e7: addNew group-FC332D70D581:[71b6f94d-94ac-4fef-bfea-f7b8cd5fb2e7|rpc:10.1.0.13:37337|priority:1|startupRole:FOLLOWER, 4333d9a6-5ac6-4e80-8f1b-d7ab3137d893|rpc:10.1.0.13:38707|priority:0|startupRole:FOLLOWER, a2b0f54d-1a24-4450-b7bb-6a8d8fd6bbfe|rpc:10.1.0.13:34063|priority:0|startupRole:FOLLOWER] returns group-FC332D70D581:java.util.concurrent.CompletableFuture@6dfc1639[Not completed]
2022-12-15 22:22:19,311 [pool-509-thread-1] INFO  server.RaftServer$Division (RaftServerImpl.java:<init>(195)) - 71b6f94d-94ac-4fef-bfea-f7b8cd5fb2e7: new RaftServerImpl for group-FC332D70D581:[71b6f94d-94ac-4fef-bfea-f7b8cd5fb2e7|rpc:10.1.0.13:37337|priority:1|startupRole:FOLLOWER, 4333d9a6-5ac6-4e80-8f1b-d7ab3137d893|rpc:10.1.0.13:38707|priority:0|startupRole:FOLLOWER, a2b0f54d-1a24-4450-b7bb-6a8d8fd6bbfe|rpc:10.1.0.13:34063|priority:0|startupRole:FOLLOWER] with ContainerStateMachine:uninitialized
2022-12-15 22:22:19,311 [pool-509-thread-1] INFO  server.RaftServerConfigKeys (ConfUtils.java:logGet(46)) - raft.server.rpc.timeout.min = 5s (custom)
2022-12-15 22:22:19,311 [pool-509-thread-1] INFO  server.RaftServerConfigKeys (ConfUtils.java:logGet(46)) - raft.server.rpc.timeout.max = 5200ms (custom)
2022-12-15 22:22:19,311 [pool-509-thread-1] INFO  server.RaftServerConfigKeys (ConfUtils.java:logGet(46)) - raft.server.rpc.sleep.time = 25ms (default)
2022-12-15 22:22:19,311 [pool-509-thread-1] INFO  server.RaftServerConfigKeys (ConfUtils.java:logGet(46)) - raft.server.rpc.slowness.timeout = 300s (custom)
2022-12-15 22:22:19,311 [pool-509-thread-1] INFO  server.RaftServerConfigKeys (ConfUtils.java:logGet(46)) - raft.server.leaderelection.leader.step-down.wait-time = 10s (default)
2022-12-15 22:22:19,311 [pool-509-thread-1] INFO  server.RaftServerConfigKeys (ConfUtils.java:logGet(46)) - raft.server.sleep.deviation.threshold = 300ms (default)
2022-12-15 22:22:19,311 [pool-509-thread-1] INFO  server.RaftServer$Division (ServerState.java:<init>(118)) - 71b6f94d-94ac-4fef-bfea-f7b8cd5fb2e7@group-FC332D70D581: ConfigurationManager, init=-1: peers:[71b6f94d-94ac-4fef-bfea-f7b8cd5fb2e7|rpc:10.1.0.13:37337|priority:1|startupRole:FOLLOWER, 4333d9a6-5ac6-4e80-8f1b-d7ab3137d893|rpc:10.1.0.13:38707|priority:0|startupRole:FOLLOWER, a2b0f54d-1a24-4450-b7bb-6a8d8fd6bbfe|rpc:10.1.0.13:34063|priority:0|startupRole:FOLLOWER]|listeners:[], old=null, confs=<EMPTY_MAP>
2022-12-15 22:22:19,312 [pool-509-thread-1] INFO  server.RaftServerConfigKeys (ConfUtils.java:logGet(46)) - raft.server.storage.dir = [/home/runner/work/ozone/ozone/hadoop-ozone/integration-test/target/test-dir/MiniOzoneClusterImpl-c952205c-0de4-41d8-8615-baf19f81c5db/datanode-3/data/ratis] (custom)
2022-12-15 22:22:19,312 [pool-509-thread-1] INFO  server.RaftServerConfigKeys (ConfUtils.java:logGet(46)) - raft.server.log.corruption.policy = EXCEPTION (default)
2022-12-15 22:22:19,312 [pool-509-thread-1] INFO  server.RaftServerConfigKeys (ConfUtils.java:logGet(46)) - raft.server.storage.free-space.min = 0MB (=0) (default)
2022-12-15 22:22:19,312 [pool-509-thread-1] INFO  server.RaftServerConfigKeys (ConfUtils.java:logGet(46)) - raft.server.notification.no-leader.timeout = 300s (custom)
2022-12-15 22:22:19,312 [pool-509-thread-1] INFO  server.RaftServerConfigKeys (ConfUtils.java:logGet(46)) - raft.server.retrycache.expirytime = 600000ms (custom)
2022-12-15 22:22:19,312 [pool-509-thread-1] INFO  server.RaftServerConfigKeys (ConfUtils.java:logGet(46)) - raft.server.retrycache.statistics.expirytime = 100μs (default)
2022-12-15 22:22:19,313 [Under Replicated Processor] INFO  replication.UnderReplicatedProcessor (UnderReplicatedProcessor.java:processAll(79)) - Processed 0 under replicated containers, failed processing 0
2022-12-15 22:22:19,315 [pool-509-thread-1] INFO  server.RaftServerConfigKeys (ConfUtils.java:logGet(46)) - raft.server.log.appender.install.snapshot.enabled = false (custom)
2022-12-15 22:22:19,315 [pool-509-thread-1] INFO  server.RaftServerConfigKeys (ConfUtils.java:logGet(46)) - raft.server.threadpool.server.cached = true (default)
2022-12-15 22:22:19,315 [pool-509-thread-1] INFO  server.RaftServerConfigKeys (ConfUtils.java:logGet(46)) - raft.server.threadpool.server.size = 0 (default)
2022-12-15 22:22:19,315 [pool-509-thread-1] INFO  server.RaftServerConfigKeys (ConfUtils.java:logGet(46)) - raft.server.threadpool.client.cached = true (default)
2022-12-15 22:22:19,315 [pool-509-thread-1] INFO  server.RaftServerConfigKeys (ConfUtils.java:logGet(46)) - raft.server.threadpool.client.size = 0 (default)
2022-12-15 22:22:19,315 [pool-509-thread-1] INFO  storage.RaftStorageDirectory (RaftStorageDirectoryImpl.java:analyzeStorage(137)) - The storage directory /home/runner/work/ozone/ozone/hadoop-ozone/integration-test/target/test-dir/MiniOzoneClusterImpl-c952205c-0de4-41d8-8615-baf19f81c5db/datanode-3/data/ratis/73658c61-9d57-4391-b35d-fc332d70d581 does not exist. Creating ...
2022-12-15 22:22:19,318 [pool-509-thread-1] INFO  storage.RaftStorageDirectory (RaftStorageDirectoryImpl.java:tryLock(231)) - Lock on /home/runner/work/ozone/ozone/hadoop-ozone/integration-test/target/test-dir/MiniOzoneClusterImpl-c952205c-0de4-41d8-8615-baf19f81c5db/datanode-3/data/ratis/73658c61-9d57-4391-b35d-fc332d70d581/in_use.lock acquired by nodename 2635@fv-az83-67
2022-12-15 22:22:19,322 [pool-509-thread-1] INFO  storage.RaftStorage (RaftStorageImpl.java:format(96)) - Storage directory /home/runner/work/ozone/ozone/hadoop-ozone/integration-test/target/test-dir/MiniOzoneClusterImpl-c952205c-0de4-41d8-8615-baf19f81c5db/datanode-3/data/ratis/73658c61-9d57-4391-b35d-fc332d70d581 has been successfully formatted.
2022-12-15 22:22:19,322 [pool-509-thread-1] INFO  ratis.ContainerStateMachine (ContainerStateMachine.java:loadSnapshot(236)) - group-FC332D70D581: The snapshot info is null. Setting the last applied indexto:(t:0, i:~)
2022-12-15 22:22:19,322 [pool-509-thread-1] INFO  server.RaftServerConfigKeys (ConfUtils.java:logGet(46)) - raft.server.log.use.memory = false (default)
2022-12-15 22:22:19,322 [pool-509-thread-1] INFO  server.RaftServerConfigKeys (ConfUtils.java:logGet(46)) - raft.server.log.purge.gap = 1000000 (custom)
2022-12-15 22:22:19,323 [pool-509-thread-1] INFO  server.RaftServerConfigKeys (ConfUtils.java:logGet(46)) - raft.server.log.appender.buffer.byte-limit = 33554432 (custom)
2022-12-15 22:22:19,323 [pool-509-thread-1] INFO  server.RaftServerConfigKeys (ConfUtils.java:logGet(46)) - raft.server.log.statemachine.data.read.timeout = 1000ms (default)
2022-12-15 22:22:19,323 [pool-509-thread-1] INFO  server.RaftServerConfigKeys (ConfUtils.java:logGet(46)) - raft.server.log.purge.preservation.log.num = 0 (default)
2022-12-15 22:22:19,323 [pool-509-thread-1] INFO  server.RaftServerConfigKeys (ConfUtils.java:logGet(46)) - raft.server.log.segment.size.max = 1048576 (custom)
2022-12-15 22:22:19,324 [pool-509-thread-1] INFO  server.RaftServerConfigKeys (ConfUtils.java:logGet(46)) - raft.server.log.segment.cache.num.max = 2 (custom)
2022-12-15 22:22:19,324 [pool-509-thread-1] INFO  server.RaftServerConfigKeys (ConfUtils.java:logGet(46)) - raft.server.log.segment.cache.size.max = 200MB (=209715200) (default)
2022-12-15 22:22:19,324 [pool-509-thread-1] INFO  segmented.SegmentedRaftLogWorker (SegmentedRaftLogWorker.java:<init>(189)) - new 71b6f94d-94ac-4fef-bfea-f7b8cd5fb2e7@group-FC332D70D581-SegmentedRaftLogWorker for RaftStorageImpl:Storage Directory /home/runner/work/ozone/ozone/hadoop-ozone/integration-test/target/test-dir/MiniOzoneClusterImpl-c952205c-0de4-41d8-8615-baf19f81c5db/datanode-3/data/ratis/73658c61-9d57-4391-b35d-fc332d70d581
2022-12-15 22:22:19,324 [pool-509-thread-1] INFO  server.RaftServerConfigKeys (ConfUtils.java:logGet(46)) - raft.server.log.queue.byte-limit = 4294967296 (custom)
2022-12-15 22:22:19,324 [pool-509-thread-1] INFO  server.RaftServerConfigKeys (ConfUtils.java:logGet(46)) - raft.server.log.queue.element-limit = 1024 (custom)
2022-12-15 22:22:19,324 [pool-509-thread-1] INFO  server.RaftServerConfigKeys (ConfUtils.java:logGet(46)) - raft.server.log.segment.size.max = 1048576 (custom)
2022-12-15 22:22:19,324 [pool-509-thread-1] INFO  server.RaftServerConfigKeys (ConfUtils.java:logGet(46)) - raft.server.log.preallocated.size = 16384 (custom)
2022-12-15 22:22:19,324 [pool-509-thread-1] INFO  server.RaftServerConfigKeys (ConfUtils.java:logGet(46)) - raft.server.log.force.sync.num = 128 (default)
2022-12-15 22:22:19,324 [EventQueue-OpenPipelineForHealthyPipelineSafeModeRule] INFO  safemode.SCMSafeModeManager (HealthyPipelineSafeModeRule.java:process(137)) - SCM in safe mode. Healthy pipelines reported count is 0, required healthy pipeline reported count is 1
2022-12-15 22:22:19,324 [EventQueue-CommandQueueReportForCommandQueueReportHandler] WARN  events.EventQueue (EventQueue.java:fireEvent(216)) - No event handler registered for event TypedEvent{payloadType=DatanodeDetails, name='Datanode_Command_Queue_Updated'}
2022-12-15 22:22:19,324 [pool-509-thread-1] INFO  server.RaftServerConfigKeys (ConfUtils.java:logGet(46)) - raft.server.log.statemachine.data.sync = true (default)
2022-12-15 22:22:19,325 [pool-509-thread-1] INFO  server.RaftServerConfigKeys (ConfUtils.java:logGet(46)) - raft.server.log.statemachine.data.sync.timeout = 10s (default)
2022-12-15 22:22:19,326 [pool-509-thread-1] INFO  server.RaftServerConfigKeys (ConfUtils.java:logGet(46)) - raft.server.log.statemachine.data.sync.timeout.retry = -1 (default)
2022-12-15 22:22:19,327 [pool-509-thread-1] INFO  server.RaftServerConfigKeys (ConfUtils.java:logGet(46)) - raft.server.log.write.buffer.size = 1048576 (custom)
2022-12-15 22:22:19,329 [pool-509-thread-1] INFO  server.RaftServerConfigKeys (ConfUtils.java:logGet(46)) - raft.server.log.appender.buffer.byte-limit = 33554432 (custom)
2022-12-15 22:22:19,340 [pool-509-thread-1] INFO  server.RaftServerConfigKeys (ConfUtils.java:logGet(46)) - raft.server.log.unsafe-flush.enabled = false (default)
2022-12-15 22:22:19,340 [pool-509-thread-1] INFO  server.RaftServerConfigKeys (ConfUtils.java:logGet(46)) - raft.server.log.async-flush.enabled = false (default)
2022-12-15 22:22:19,340 [pool-509-thread-1] INFO  server.RaftServerConfigKeys (ConfUtils.java:logGet(46)) - raft.server.log.statemachine.data.caching.enabled = true (custom)
2022-12-15 22:22:19,340 [pool-509-thread-1] INFO  segmented.SegmentedRaftLogWorker (SegmentedRaftLogWorker.java:lambda$new$0(135)) - 71b6f94d-94ac-4fef-bfea-f7b8cd5fb2e7@group-FC332D70D581-SegmentedRaftLogWorker: flushIndex: setUnconditionally 0 -> -1
2022-12-15 22:22:19,340 [pool-509-thread-1] INFO  segmented.SegmentedRaftLogWorker (SegmentedRaftLogWorker.java:lambda$new$0(135)) - 71b6f94d-94ac-4fef-bfea-f7b8cd5fb2e7@group-FC332D70D581-SegmentedRaftLogWorker: safeCacheEvictIndex: setUnconditionally 0 -> -1
2022-12-15 22:22:19,344 [pool-509-thread-1] INFO  server.RaftServer$Division (RaftServerImpl.java:start(334)) - 71b6f94d-94ac-4fef-bfea-f7b8cd5fb2e7@group-FC332D70D581: start as a follower, conf=-1: peers:[71b6f94d-94ac-4fef-bfea-f7b8cd5fb2e7|rpc:10.1.0.13:37337|priority:1|startupRole:FOLLOWER, 4333d9a6-5ac6-4e80-8f1b-d7ab3137d893|rpc:10.1.0.13:38707|priority:0|startupRole:FOLLOWER, a2b0f54d-1a24-4450-b7bb-6a8d8fd6bbfe|rpc:10.1.0.13:34063|priority:0|startupRole:FOLLOWER]|listeners:[], old=null
2022-12-15 22:22:19,344 [pool-509-thread-1] INFO  server.RaftServer$Division (RaftServerImpl.java:setRole(321)) - 71b6f94d-94ac-4fef-bfea-f7b8cd5fb2e7@group-FC332D70D581: changes role from      null to FOLLOWER at term 0 for startAsFollower
2022-12-15 22:22:19,344 [pool-509-thread-1] INFO  impl.RoleInfo (RoleInfo.java:updateAndGet(139)) - 71b6f94d-94ac-4fef-bfea-f7b8cd5fb2e7: start 71b6f94d-94ac-4fef-bfea-f7b8cd5fb2e7@group-FC332D70D581-FollowerState
2022-12-15 22:22:19,349 [pool-509-thread-1] INFO  util.JmxRegister (JmxRegister.java:tryRegister(44)) - Successfully registered JMX Bean with object name Ratis:service=RaftServer,group=group-FC332D70D581,id=71b6f94d-94ac-4fef-bfea-f7b8cd5fb2e7
2022-12-15 22:22:19,349 [pool-509-thread-1] INFO  server.RaftServerConfigKeys (ConfUtils.java:logGet(46)) - raft.server.snapshot.auto.trigger.enabled = true (custom)
2022-12-15 22:22:19,349 [pool-509-thread-1] INFO  server.RaftServerConfigKeys (ConfUtils.java:logGet(46)) - raft.server.snapshot.auto.trigger.threshold = 10000 (custom)
2022-12-15 22:22:19,350 [pool-509-thread-1] INFO  server.RaftServerConfigKeys (ConfUtils.java:logGet(46)) - raft.server.snapshot.retention.file.num = 5 (custom)
2022-12-15 22:22:19,350 [pool-509-thread-1] INFO  server.RaftServerConfigKeys (ConfUtils.java:logGet(46)) - raft.server.log.purge.upto.snapshot.index = false (default)
2022-12-15 22:22:19,351 [Command processor thread] INFO  ratis.XceiverServerRatis (XceiverServerRatis.java:addGroup(765)) - Created group PipelineID=73658c61-9d57-4391-b35d-fc332d70d581
2022-12-15 22:22:19,351 [71b6f94d-94ac-4fef-bfea-f7b8cd5fb2e7@group-FC332D70D581-FollowerState] INFO  server.RaftServerConfigKeys (ConfUtils.java:logFallback(53)) - raft.server.rpc.first-election.timeout.min = 5s (fallback to raft.server.rpc.timeout.min)
2022-12-15 22:22:19,351 [71b6f94d-94ac-4fef-bfea-f7b8cd5fb2e7@group-FC332D70D581-FollowerState] INFO  server.RaftServerConfigKeys (ConfUtils.java:logFallback(53)) - raft.server.rpc.first-election.timeout.max = 5200ms (fallback to raft.server.rpc.timeout.max)
2022-12-15 22:22:19,362 [grpc-default-executor-4] INFO  server.RaftServer (RaftServerProxy.java:addNew(96)) - a2b0f54d-1a24-4450-b7bb-6a8d8fd6bbfe: addNew group-FC332D70D581:[71b6f94d-94ac-4fef-bfea-f7b8cd5fb2e7|rpc:10.1.0.13:37337|dataStream:|priority:1|startupRole:FOLLOWER, 4333d9a6-5ac6-4e80-8f1b-d7ab3137d893|rpc:10.1.0.13:38707|dataStream:|priority:0|startupRole:FOLLOWER, a2b0f54d-1a24-4450-b7bb-6a8d8fd6bbfe|rpc:10.1.0.13:34063|dataStream:|priority:0|startupRole:FOLLOWER] returns group-FC332D70D581:java.util.concurrent.CompletableFuture@4ae9b205[Not completed]
2022-12-15 22:22:19,365 [pool-589-thread-1] INFO  server.RaftServer$Division (RaftServerImpl.java:<init>(195)) - a2b0f54d-1a24-4450-b7bb-6a8d8fd6bbfe: new RaftServerImpl for group-FC332D70D581:[71b6f94d-94ac-4fef-bfea-f7b8cd5fb2e7|rpc:10.1.0.13:37337|dataStream:|priority:1|startupRole:FOLLOWER, 4333d9a6-5ac6-4e80-8f1b-d7ab3137d893|rpc:10.1.0.13:38707|dataStream:|priority:0|startupRole:FOLLOWER, a2b0f54d-1a24-4450-b7bb-6a8d8fd6bbfe|rpc:10.1.0.13:34063|dataStream:|priority:0|startupRole:FOLLOWER] with ContainerStateMachine:uninitialized
2022-12-15 22:22:19,365 [pool-589-thread-1] INFO  server.RaftServerConfigKeys (ConfUtils.java:logGet(46)) - raft.server.rpc.timeout.min = 5s (custom)
2022-12-15 22:22:19,368 [pool-589-thread-1] INFO  server.RaftServerConfigKeys (ConfUtils.java:logGet(46)) - raft.server.rpc.timeout.max = 5200ms (custom)
2022-12-15 22:22:19,368 [pool-589-thread-1] INFO  server.RaftServerConfigKeys (ConfUtils.java:logGet(46)) - raft.server.rpc.sleep.time = 25ms (default)
2022-12-15 22:22:19,368 [pool-589-thread-1] INFO  server.RaftServerConfigKeys (ConfUtils.java:logGet(46)) - raft.server.rpc.slowness.timeout = 300s (custom)
2022-12-15 22:22:19,368 [pool-589-thread-1] INFO  server.RaftServerConfigKeys (ConfUtils.java:logGet(46)) - raft.server.leaderelection.leader.step-down.wait-time = 10s (default)
2022-12-15 22:22:19,368 [pool-589-thread-1] INFO  server.RaftServerConfigKeys (ConfUtils.java:logGet(46)) - raft.server.sleep.deviation.threshold = 300ms (default)
2022-12-15 22:22:19,368 [pool-589-thread-1] INFO  server.RaftServer$Division (ServerState.java:<init>(118)) - a2b0f54d-1a24-4450-b7bb-6a8d8fd6bbfe@group-FC332D70D581: ConfigurationManager, init=-1: peers:[71b6f94d-94ac-4fef-bfea-f7b8cd5fb2e7|rpc:10.1.0.13:37337|dataStream:|priority:1|startupRole:FOLLOWER, 4333d9a6-5ac6-4e80-8f1b-d7ab3137d893|rpc:10.1.0.13:38707|dataStream:|priority:0|startupRole:FOLLOWER, a2b0f54d-1a24-4450-b7bb-6a8d8fd6bbfe|rpc:10.1.0.13:34063|dataStream:|priority:0|startupRole:FOLLOWER]|listeners:[], old=null, confs=<EMPTY_MAP>
2022-12-15 22:22:19,368 [pool-589-thread-1] INFO  server.RaftServerConfigKeys (ConfUtils.java:logGet(46)) - raft.server.storage.dir = [/home/runner/work/ozone/ozone/hadoop-ozone/integration-test/target/test-dir/MiniOzoneClusterImpl-c952205c-0de4-41d8-8615-baf19f81c5db/datanode-5/data/ratis] (custom)
2022-12-15 22:22:19,369 [pool-589-thread-1] INFO  server.RaftServerConfigKeys (ConfUtils.java:logGet(46)) - raft.server.log.corruption.policy = EXCEPTION (default)
2022-12-15 22:22:19,369 [pool-589-thread-1] INFO  server.RaftServerConfigKeys (ConfUtils.java:logGet(46)) - raft.server.storage.free-space.min = 0MB (=0) (default)
2022-12-15 22:22:19,369 [pool-589-thread-1] INFO  server.RaftServerConfigKeys (ConfUtils.java:logGet(46)) - raft.server.notification.no-leader.timeout = 300s (custom)
2022-12-15 22:22:19,369 [pool-589-thread-1] INFO  server.RaftServerConfigKeys (ConfUtils.java:logGet(46)) - raft.server.retrycache.expirytime = 600000ms (custom)
2022-12-15 22:22:19,369 [pool-589-thread-1] INFO  server.RaftServerConfigKeys (ConfUtils.java:logGet(46)) - raft.server.retrycache.statistics.expirytime = 100μs (default)
2022-12-15 22:22:19,372 [pool-589-thread-1] INFO  server.RaftServerConfigKeys (ConfUtils.java:logGet(46)) - raft.server.log.appender.install.snapshot.enabled = false (custom)
2022-12-15 22:22:19,372 [pool-589-thread-1] INFO  server.RaftServerConfigKeys (ConfUtils.java:logGet(46)) - raft.server.threadpool.server.cached = true (default)
2022-12-15 22:22:19,372 [pool-589-thread-1] INFO  server.RaftServerConfigKeys (ConfUtils.java:logGet(46)) - raft.server.threadpool.server.size = 0 (default)
2022-12-15 22:22:19,372 [pool-589-thread-1] INFO  server.RaftServerConfigKeys (ConfUtils.java:logGet(46)) - raft.server.threadpool.client.cached = true (default)
2022-12-15 22:22:19,372 [pool-589-thread-1] INFO  server.RaftServerConfigKeys (ConfUtils.java:logGet(46)) - raft.server.threadpool.client.size = 0 (default)
2022-12-15 22:22:19,372 [pool-589-thread-1] INFO  storage.RaftStorageDirectory (RaftStorageDirectoryImpl.java:analyzeStorage(137)) - The storage directory /home/runner/work/ozone/ozone/hadoop-ozone/integration-test/target/test-dir/MiniOzoneClusterImpl-c952205c-0de4-41d8-8615-baf19f81c5db/datanode-5/data/ratis/73658c61-9d57-4391-b35d-fc332d70d581 does not exist. Creating ...
2022-12-15 22:22:19,374 [pool-589-thread-1] INFO  storage.RaftStorageDirectory (RaftStorageDirectoryImpl.java:tryLock(231)) - Lock on /home/runner/work/ozone/ozone/hadoop-ozone/integration-test/target/test-dir/MiniOzoneClusterImpl-c952205c-0de4-41d8-8615-baf19f81c5db/datanode-5/data/ratis/73658c61-9d57-4391-b35d-fc332d70d581/in_use.lock acquired by nodename 2635@fv-az83-67
2022-12-15 22:22:19,376 [pool-589-thread-1] INFO  storage.RaftStorage (RaftStorageImpl.java:format(96)) - Storage directory /home/runner/work/ozone/ozone/hadoop-ozone/integration-test/target/test-dir/MiniOzoneClusterImpl-c952205c-0de4-41d8-8615-baf19f81c5db/datanode-5/data/ratis/73658c61-9d57-4391-b35d-fc332d70d581 has been successfully formatted.
2022-12-15 22:22:19,381 [EventQueue-CommandQueueReportForCommandQueueReportHandler] WARN  events.EventQueue (EventQueue.java:fireEvent(216)) - No event handler registered for event TypedEvent{payloadType=DatanodeDetails, name='Datanode_Command_Queue_Updated'}
2022-12-15 22:22:19,382 [pool-589-thread-1] INFO  ratis.ContainerStateMachine (ContainerStateMachine.java:loadSnapshot(236)) - group-FC332D70D581: The snapshot info is null. Setting the last applied indexto:(t:0, i:~)
2022-12-15 22:22:19,383 [pool-589-thread-1] INFO  server.RaftServerConfigKeys (ConfUtils.java:logGet(46)) - raft.server.log.use.memory = false (default)
2022-12-15 22:22:19,383 [pool-589-thread-1] INFO  server.RaftServerConfigKeys (ConfUtils.java:logGet(46)) - raft.server.log.purge.gap = 1000000 (custom)
2022-12-15 22:22:19,383 [pool-589-thread-1] INFO  server.RaftServerConfigKeys (ConfUtils.java:logGet(46)) - raft.server.log.appender.buffer.byte-limit = 33554432 (custom)
2022-12-15 22:22:19,384 [pool-589-thread-1] INFO  server.RaftServerConfigKeys (ConfUtils.java:logGet(46)) - raft.server.log.statemachine.data.read.timeout = 1000ms (default)
2022-12-15 22:22:19,384 [pool-589-thread-1] INFO  server.RaftServerConfigKeys (ConfUtils.java:logGet(46)) - raft.server.log.purge.preservation.log.num = 0 (default)
2022-12-15 22:22:19,384 [pool-589-thread-1] INFO  server.RaftServerConfigKeys (ConfUtils.java:logGet(46)) - raft.server.log.segment.size.max = 1048576 (custom)
2022-12-15 22:22:19,385 [pool-589-thread-1] INFO  server.RaftServerConfigKeys (ConfUtils.java:logGet(46)) - raft.server.log.segment.cache.num.max = 2 (custom)
2022-12-15 22:22:19,385 [pool-589-thread-1] INFO  server.RaftServerConfigKeys (ConfUtils.java:logGet(46)) - raft.server.log.segment.cache.size.max = 200MB (=209715200) (default)
2022-12-15 22:22:19,385 [pool-589-thread-1] INFO  segmented.SegmentedRaftLogWorker (SegmentedRaftLogWorker.java:<init>(189)) - new a2b0f54d-1a24-4450-b7bb-6a8d8fd6bbfe@group-FC332D70D581-SegmentedRaftLogWorker for RaftStorageImpl:Storage Directory /home/runner/work/ozone/ozone/hadoop-ozone/integration-test/target/test-dir/MiniOzoneClusterImpl-c952205c-0de4-41d8-8615-baf19f81c5db/datanode-5/data/ratis/73658c61-9d57-4391-b35d-fc332d70d581
2022-12-15 22:22:19,385 [pool-589-thread-1] INFO  server.RaftServerConfigKeys (ConfUtils.java:logGet(46)) - raft.server.log.queue.byte-limit = 4294967296 (custom)
2022-12-15 22:22:19,385 [pool-589-thread-1] INFO  server.RaftServerConfigKeys (ConfUtils.java:logGet(46)) - raft.server.log.queue.element-limit = 1024 (custom)
2022-12-15 22:22:19,385 [pool-589-thread-1] INFO  server.RaftServerConfigKeys (ConfUtils.java:logGet(46)) - raft.server.log.segment.size.max = 1048576 (custom)
2022-12-15 22:22:19,387 [pool-589-thread-1] INFO  server.RaftServerConfigKeys (ConfUtils.java:logGet(46)) - raft.server.log.preallocated.size = 16384 (custom)
2022-12-15 22:22:19,387 [pool-589-thread-1] INFO  server.RaftServerConfigKeys (ConfUtils.java:logGet(46)) - raft.server.log.force.sync.num = 128 (default)
2022-12-15 22:22:19,387 [pool-589-thread-1] INFO  server.RaftServerConfigKeys (ConfUtils.java:logGet(46)) - raft.server.log.statemachine.data.sync = true (default)
2022-12-15 22:22:19,387 [pool-589-thread-1] INFO  server.RaftServerConfigKeys (ConfUtils.java:logGet(46)) - raft.server.log.statemachine.data.sync.timeout = 10s (default)
2022-12-15 22:22:19,387 [pool-589-thread-1] INFO  server.RaftServerConfigKeys (ConfUtils.java:logGet(46)) - raft.server.log.statemachine.data.sync.timeout.retry = -1 (default)
2022-12-15 22:22:19,389 [pool-589-thread-1] INFO  server.RaftServerConfigKeys (ConfUtils.java:logGet(46)) - raft.server.log.write.buffer.size = 1048576 (custom)
2022-12-15 22:22:19,389 [pool-589-thread-1] INFO  server.RaftServerConfigKeys (ConfUtils.java:logGet(46)) - raft.server.log.appender.buffer.byte-limit = 33554432 (custom)
2022-12-15 22:22:19,396 [pool-589-thread-1] INFO  server.RaftServerConfigKeys (ConfUtils.java:logGet(46)) - raft.server.log.unsafe-flush.enabled = false (default)
2022-12-15 22:22:19,396 [pool-589-thread-1] INFO  server.RaftServerConfigKeys (ConfUtils.java:logGet(46)) - raft.server.log.async-flush.enabled = false (default)
2022-12-15 22:22:19,396 [pool-589-thread-1] INFO  server.RaftServerConfigKeys (ConfUtils.java:logGet(46)) - raft.server.log.statemachine.data.caching.enabled = true (custom)
2022-12-15 22:22:19,397 [pool-589-thread-1] INFO  segmented.SegmentedRaftLogWorker (SegmentedRaftLogWorker.java:lambda$new$0(135)) - a2b0f54d-1a24-4450-b7bb-6a8d8fd6bbfe@group-FC332D70D581-SegmentedRaftLogWorker: flushIndex: setUnconditionally 0 -> -1
2022-12-15 22:22:19,397 [pool-589-thread-1] INFO  segmented.SegmentedRaftLogWorker (SegmentedRaftLogWorker.java:lambda$new$0(135)) - a2b0f54d-1a24-4450-b7bb-6a8d8fd6bbfe@group-FC332D70D581-SegmentedRaftLogWorker: safeCacheEvictIndex: setUnconditionally 0 -> -1
2022-12-15 22:22:19,397 [pool-589-thread-1] INFO  server.RaftServer$Division (RaftServerImpl.java:start(334)) - a2b0f54d-1a24-4450-b7bb-6a8d8fd6bbfe@group-FC332D70D581: start as a follower, conf=-1: peers:[71b6f94d-94ac-4fef-bfea-f7b8cd5fb2e7|rpc:10.1.0.13:37337|dataStream:|priority:1|startupRole:FOLLOWER, 4333d9a6-5ac6-4e80-8f1b-d7ab3137d893|rpc:10.1.0.13:38707|dataStream:|priority:0|startupRole:FOLLOWER, a2b0f54d-1a24-4450-b7bb-6a8d8fd6bbfe|rpc:10.1.0.13:34063|dataStream:|priority:0|startupRole:FOLLOWER]|listeners:[], old=null
2022-12-15 22:22:19,397 [pool-589-thread-1] INFO  server.RaftServer$Division (RaftServerImpl.java:setRole(321)) - a2b0f54d-1a24-4450-b7bb-6a8d8fd6bbfe@group-FC332D70D581: changes role from      null to FOLLOWER at term 0 for startAsFollower
2022-12-15 22:22:19,397 [pool-589-thread-1] INFO  impl.RoleInfo (RoleInfo.java:updateAndGet(139)) - a2b0f54d-1a24-4450-b7bb-6a8d8fd6bbfe: start a2b0f54d-1a24-4450-b7bb-6a8d8fd6bbfe@group-FC332D70D581-FollowerState
2022-12-15 22:22:19,398 [pool-589-thread-1] INFO  util.JmxRegister (JmxRegister.java:tryRegister(44)) - Successfully registered JMX Bean with object name Ratis:service=RaftServer,group=group-FC332D70D581,id=a2b0f54d-1a24-4450-b7bb-6a8d8fd6bbfe
2022-12-15 22:22:19,398 [pool-589-thread-1] INFO  server.RaftServerConfigKeys (ConfUtils.java:logGet(46)) - raft.server.snapshot.auto.trigger.enabled = true (custom)
2022-12-15 22:22:19,398 [pool-589-thread-1] INFO  server.RaftServerConfigKeys (ConfUtils.java:logGet(46)) - raft.server.snapshot.auto.trigger.threshold = 10000 (custom)
2022-12-15 22:22:19,398 [pool-589-thread-1] INFO  server.RaftServerConfigKeys (ConfUtils.java:logGet(46)) - raft.server.snapshot.retention.file.num = 5 (custom)
2022-12-15 22:22:19,398 [pool-589-thread-1] INFO  server.RaftServerConfigKeys (ConfUtils.java:logGet(46)) - raft.server.log.purge.upto.snapshot.index = false (default)
2022-12-15 22:22:19,399 [a2b0f54d-1a24-4450-b7bb-6a8d8fd6bbfe@group-FC332D70D581-FollowerState] INFO  server.RaftServerConfigKeys (ConfUtils.java:logFallback(53)) - raft.server.rpc.first-election.timeout.min = 5s (fallback to raft.server.rpc.timeout.min)
2022-12-15 22:22:19,399 [a2b0f54d-1a24-4450-b7bb-6a8d8fd6bbfe@group-FC332D70D581-FollowerState] INFO  server.RaftServerConfigKeys (ConfUtils.java:logFallback(53)) - raft.server.rpc.first-election.timeout.max = 5200ms (fallback to raft.server.rpc.timeout.max)
2022-12-15 22:22:19,420 [grpc-default-executor-4] INFO  server.RaftServer (RaftServerProxy.java:addNew(96)) - 4333d9a6-5ac6-4e80-8f1b-d7ab3137d893: addNew group-FC332D70D581:[71b6f94d-94ac-4fef-bfea-f7b8cd5fb2e7|rpc:10.1.0.13:37337|dataStream:|priority:1|startupRole:FOLLOWER, 4333d9a6-5ac6-4e80-8f1b-d7ab3137d893|rpc:10.1.0.13:38707|dataStream:|priority:0|startupRole:FOLLOWER, a2b0f54d-1a24-4450-b7bb-6a8d8fd6bbfe|rpc:10.1.0.13:34063|dataStream:|priority:0|startupRole:FOLLOWER] returns group-FC332D70D581:java.util.concurrent.CompletableFuture@5b7a76d9[Not completed]
2022-12-15 22:22:19,422 [pool-566-thread-1] INFO  server.RaftServer$Division (RaftServerImpl.java:<init>(195)) - 4333d9a6-5ac6-4e80-8f1b-d7ab3137d893: new RaftServerImpl for group-FC332D70D581:[71b6f94d-94ac-4fef-bfea-f7b8cd5fb2e7|rpc:10.1.0.13:37337|dataStream:|priority:1|startupRole:FOLLOWER, 4333d9a6-5ac6-4e80-8f1b-d7ab3137d893|rpc:10.1.0.13:38707|dataStream:|priority:0|startupRole:FOLLOWER, a2b0f54d-1a24-4450-b7bb-6a8d8fd6bbfe|rpc:10.1.0.13:34063|dataStream:|priority:0|startupRole:FOLLOWER] with ContainerStateMachine:uninitialized
2022-12-15 22:22:19,422 [pool-566-thread-1] INFO  server.RaftServerConfigKeys (ConfUtils.java:logGet(46)) - raft.server.rpc.timeout.min = 5s (custom)
2022-12-15 22:22:19,422 [pool-566-thread-1] INFO  server.RaftServerConfigKeys (ConfUtils.java:logGet(46)) - raft.server.rpc.timeout.max = 5200ms (custom)
2022-12-15 22:22:19,422 [pool-566-thread-1] INFO  server.RaftServerConfigKeys (ConfUtils.java:logGet(46)) - raft.server.rpc.sleep.time = 25ms (default)
2022-12-15 22:22:19,422 [pool-566-thread-1] INFO  server.RaftServerConfigKeys (ConfUtils.java:logGet(46)) - raft.server.rpc.slowness.timeout = 300s (custom)
2022-12-15 22:22:19,422 [pool-566-thread-1] INFO  server.RaftServerConfigKeys (ConfUtils.java:logGet(46)) - raft.server.leaderelection.leader.step-down.wait-time = 10s (default)
2022-12-15 22:22:19,422 [pool-566-thread-1] INFO  server.RaftServerConfigKeys (ConfUtils.java:logGet(46)) - raft.server.sleep.deviation.threshold = 300ms (default)
2022-12-15 22:22:19,422 [pool-566-thread-1] INFO  server.RaftServer$Division (ServerState.java:<init>(118)) - 4333d9a6-5ac6-4e80-8f1b-d7ab3137d893@group-FC332D70D581: ConfigurationManager, init=-1: peers:[71b6f94d-94ac-4fef-bfea-f7b8cd5fb2e7|rpc:10.1.0.13:37337|dataStream:|priority:1|startupRole:FOLLOWER, 4333d9a6-5ac6-4e80-8f1b-d7ab3137d893|rpc:10.1.0.13:38707|dataStream:|priority:0|startupRole:FOLLOWER, a2b0f54d-1a24-4450-b7bb-6a8d8fd6bbfe|rpc:10.1.0.13:34063|dataStream:|priority:0|startupRole:FOLLOWER]|listeners:[], old=null, confs=<EMPTY_MAP>
2022-12-15 22:22:19,423 [pool-566-thread-1] INFO  server.RaftServerConfigKeys (ConfUtils.java:logGet(46)) - raft.server.storage.dir = [/home/runner/work/ozone/ozone/hadoop-ozone/integration-test/target/test-dir/MiniOzoneClusterImpl-c952205c-0de4-41d8-8615-baf19f81c5db/datanode-4/data/ratis] (custom)
2022-12-15 22:22:19,423 [pool-566-thread-1] INFO  server.RaftServerConfigKeys (ConfUtils.java:logGet(46)) - raft.server.log.corruption.policy = EXCEPTION (default)
2022-12-15 22:22:19,423 [pool-566-thread-1] INFO  server.RaftServerConfigKeys (ConfUtils.java:logGet(46)) - raft.server.storage.free-space.min = 0MB (=0) (default)
2022-12-15 22:22:19,423 [pool-566-thread-1] INFO  server.RaftServerConfigKeys (ConfUtils.java:logGet(46)) - raft.server.notification.no-leader.timeout = 300s (custom)
2022-12-15 22:22:19,423 [pool-566-thread-1] INFO  server.RaftServerConfigKeys (ConfUtils.java:logGet(46)) - raft.server.retrycache.expirytime = 600000ms (custom)
2022-12-15 22:22:19,423 [pool-566-thread-1] INFO  server.RaftServerConfigKeys (ConfUtils.java:logGet(46)) - raft.server.retrycache.statistics.expirytime = 100μs (default)
2022-12-15 22:22:19,425 [pool-566-thread-1] INFO  server.RaftServerConfigKeys (ConfUtils.java:logGet(46)) - raft.server.log.appender.install.snapshot.enabled = false (custom)
2022-12-15 22:22:19,425 [pool-566-thread-1] INFO  server.RaftServerConfigKeys (ConfUtils.java:logGet(46)) - raft.server.threadpool.server.cached = true (default)
2022-12-15 22:22:19,425 [pool-566-thread-1] INFO  server.RaftServerConfigKeys (ConfUtils.java:logGet(46)) - raft.server.threadpool.server.size = 0 (default)
2022-12-15 22:22:19,425 [pool-566-thread-1] INFO  server.RaftServerConfigKeys (ConfUtils.java:logGet(46)) - raft.server.threadpool.client.cached = true (default)
2022-12-15 22:22:19,425 [pool-566-thread-1] INFO  server.RaftServerConfigKeys (ConfUtils.java:logGet(46)) - raft.server.threadpool.client.size = 0 (default)
2022-12-15 22:22:19,426 [pool-566-thread-1] INFO  storage.RaftStorageDirectory (RaftStorageDirectoryImpl.java:analyzeStorage(137)) - The storage directory /home/runner/work/ozone/ozone/hadoop-ozone/integration-test/target/test-dir/MiniOzoneClusterImpl-c952205c-0de4-41d8-8615-baf19f81c5db/datanode-4/data/ratis/73658c61-9d57-4391-b35d-fc332d70d581 does not exist. Creating ...
2022-12-15 22:22:19,427 [pool-566-thread-1] INFO  storage.RaftStorageDirectory (RaftStorageDirectoryImpl.java:tryLock(231)) - Lock on /home/runner/work/ozone/ozone/hadoop-ozone/integration-test/target/test-dir/MiniOzoneClusterImpl-c952205c-0de4-41d8-8615-baf19f81c5db/datanode-4/data/ratis/73658c61-9d57-4391-b35d-fc332d70d581/in_use.lock acquired by nodename 2635@fv-az83-67
2022-12-15 22:22:19,429 [pool-566-thread-1] INFO  storage.RaftStorage (RaftStorageImpl.java:format(96)) - Storage directory /home/runner/work/ozone/ozone/hadoop-ozone/integration-test/target/test-dir/MiniOzoneClusterImpl-c952205c-0de4-41d8-8615-baf19f81c5db/datanode-4/data/ratis/73658c61-9d57-4391-b35d-fc332d70d581 has been successfully formatted.
2022-12-15 22:22:19,429 [pool-566-thread-1] INFO  ratis.ContainerStateMachine (ContainerStateMachine.java:loadSnapshot(236)) - group-FC332D70D581: The snapshot info is null. Setting the last applied indexto:(t:0, i:~)
2022-12-15 22:22:19,429 [pool-566-thread-1] INFO  server.RaftServerConfigKeys (ConfUtils.java:logGet(46)) - raft.server.log.use.memory = false (default)
2022-12-15 22:22:19,430 [pool-566-thread-1] INFO  server.RaftServerConfigKeys (ConfUtils.java:logGet(46)) - raft.server.log.purge.gap = 1000000 (custom)
2022-12-15 22:22:19,431 [EventQueue-CommandQueueReportForCommandQueueReportHandler] WARN  events.EventQueue (EventQueue.java:fireEvent(216)) - No event handler registered for event TypedEvent{payloadType=DatanodeDetails, name='Datanode_Command_Queue_Updated'}
2022-12-15 22:22:19,431 [pool-566-thread-1] INFO  server.RaftServerConfigKeys (ConfUtils.java:logGet(46)) - raft.server.log.appender.buffer.byte-limit = 33554432 (custom)
2022-12-15 22:22:19,431 [pool-566-thread-1] INFO  server.RaftServerConfigKeys (ConfUtils.java:logGet(46)) - raft.server.log.statemachine.data.read.timeout = 1000ms (default)
2022-12-15 22:22:19,431 [pool-566-thread-1] INFO  server.RaftServerConfigKeys (ConfUtils.java:logGet(46)) - raft.server.log.purge.preservation.log.num = 0 (default)
2022-12-15 22:22:19,432 [pool-566-thread-1] INFO  server.RaftServerConfigKeys (ConfUtils.java:logGet(46)) - raft.server.log.segment.size.max = 1048576 (custom)
2022-12-15 22:22:19,432 [pool-566-thread-1] INFO  server.RaftServerConfigKeys (ConfUtils.java:logGet(46)) - raft.server.log.segment.cache.num.max = 2 (custom)
2022-12-15 22:22:19,433 [pool-566-thread-1] INFO  server.RaftServerConfigKeys (ConfUtils.java:logGet(46)) - raft.server.log.segment.cache.size.max = 200MB (=209715200) (default)
2022-12-15 22:22:19,433 [pool-566-thread-1] INFO  segmented.SegmentedRaftLogWorker (SegmentedRaftLogWorker.java:<init>(189)) - new 4333d9a6-5ac6-4e80-8f1b-d7ab3137d893@group-FC332D70D581-SegmentedRaftLogWorker for RaftStorageImpl:Storage Directory /home/runner/work/ozone/ozone/hadoop-ozone/integration-test/target/test-dir/MiniOzoneClusterImpl-c952205c-0de4-41d8-8615-baf19f81c5db/datanode-4/data/ratis/73658c61-9d57-4391-b35d-fc332d70d581
2022-12-15 22:22:19,433 [pool-566-thread-1] INFO  server.RaftServerConfigKeys (ConfUtils.java:logGet(46)) - raft.server.log.queue.byte-limit = 4294967296 (custom)
2022-12-15 22:22:19,433 [pool-566-thread-1] INFO  server.RaftServerConfigKeys (ConfUtils.java:logGet(46)) - raft.server.log.queue.element-limit = 1024 (custom)
2022-12-15 22:22:19,433 [pool-566-thread-1] INFO  server.RaftServerConfigKeys (ConfUtils.java:logGet(46)) - raft.server.log.segment.size.max = 1048576 (custom)
2022-12-15 22:22:19,433 [pool-566-thread-1] INFO  server.RaftServerConfigKeys (ConfUtils.java:logGet(46)) - raft.server.log.preallocated.size = 16384 (custom)
2022-12-15 22:22:19,433 [pool-566-thread-1] INFO  server.RaftServerConfigKeys (ConfUtils.java:logGet(46)) - raft.server.log.force.sync.num = 128 (default)
2022-12-15 22:22:19,433 [pool-566-thread-1] INFO  server.RaftServerConfigKeys (ConfUtils.java:logGet(46)) - raft.server.log.statemachine.data.sync = true (default)
2022-12-15 22:22:19,433 [pool-566-thread-1] INFO  server.RaftServerConfigKeys (ConfUtils.java:logGet(46)) - raft.server.log.statemachine.data.sync.timeout = 10s (default)
2022-12-15 22:22:19,433 [pool-566-thread-1] INFO  server.RaftServerConfigKeys (ConfUtils.java:logGet(46)) - raft.server.log.statemachine.data.sync.timeout.retry = -1 (default)
2022-12-15 22:22:19,435 [pool-566-thread-1] INFO  server.RaftServerConfigKeys (ConfUtils.java:logGet(46)) - raft.server.log.write.buffer.size = 1048576 (custom)
2022-12-15 22:22:19,436 [pool-566-thread-1] INFO  server.RaftServerConfigKeys (ConfUtils.java:logGet(46)) - raft.server.log.appender.buffer.byte-limit = 33554432 (custom)
2022-12-15 22:22:19,443 [pool-566-thread-1] INFO  server.RaftServerConfigKeys (ConfUtils.java:logGet(46)) - raft.server.log.unsafe-flush.enabled = false (default)
2022-12-15 22:22:19,443 [pool-566-thread-1] INFO  server.RaftServerConfigKeys (ConfUtils.java:logGet(46)) - raft.server.log.async-flush.enabled = false (default)
2022-12-15 22:22:19,444 [pool-566-thread-1] INFO  server.RaftServerConfigKeys (ConfUtils.java:logGet(46)) - raft.server.log.statemachine.data.caching.enabled = true (custom)
2022-12-15 22:22:19,444 [pool-566-thread-1] INFO  segmented.SegmentedRaftLogWorker (SegmentedRaftLogWorker.java:lambda$new$0(135)) - 4333d9a6-5ac6-4e80-8f1b-d7ab3137d893@group-FC332D70D581-SegmentedRaftLogWorker: flushIndex: setUnconditionally 0 -> -1
2022-12-15 22:22:19,444 [pool-566-thread-1] INFO  segmented.SegmentedRaftLogWorker (SegmentedRaftLogWorker.java:lambda$new$0(135)) - 4333d9a6-5ac6-4e80-8f1b-d7ab3137d893@group-FC332D70D581-SegmentedRaftLogWorker: safeCacheEvictIndex: setUnconditionally 0 -> -1
2022-12-15 22:22:19,448 [pool-566-thread-1] INFO  server.RaftServer$Division (RaftServerImpl.java:start(334)) - 4333d9a6-5ac6-4e80-8f1b-d7ab3137d893@group-FC332D70D581: start as a follower, conf=-1: peers:[71b6f94d-94ac-4fef-bfea-f7b8cd5fb2e7|rpc:10.1.0.13:37337|dataStream:|priority:1|startupRole:FOLLOWER, 4333d9a6-5ac6-4e80-8f1b-d7ab3137d893|rpc:10.1.0.13:38707|dataStream:|priority:0|startupRole:FOLLOWER, a2b0f54d-1a24-4450-b7bb-6a8d8fd6bbfe|rpc:10.1.0.13:34063|dataStream:|priority:0|startupRole:FOLLOWER]|listeners:[], old=null
2022-12-15 22:22:19,448 [pool-566-thread-1] INFO  server.RaftServer$Division (RaftServerImpl.java:setRole(321)) - 4333d9a6-5ac6-4e80-8f1b-d7ab3137d893@group-FC332D70D581: changes role from      null to FOLLOWER at term 0 for startAsFollower
2022-12-15 22:22:19,448 [pool-566-thread-1] INFO  impl.RoleInfo (RoleInfo.java:updateAndGet(139)) - 4333d9a6-5ac6-4e80-8f1b-d7ab3137d893: start 4333d9a6-5ac6-4e80-8f1b-d7ab3137d893@group-FC332D70D581-FollowerState
2022-12-15 22:22:19,455 [4333d9a6-5ac6-4e80-8f1b-d7ab3137d893@group-FC332D70D581-FollowerState] INFO  server.RaftServerConfigKeys (ConfUtils.java:logFallback(53)) - raft.server.rpc.first-election.timeout.min = 5s (fallback to raft.server.rpc.timeout.min)
2022-12-15 22:22:19,455 [pool-566-thread-1] INFO  util.JmxRegister (JmxRegister.java:tryRegister(44)) - Successfully registered JMX Bean with object name Ratis:service=RaftServer,group=group-FC332D70D581,id=4333d9a6-5ac6-4e80-8f1b-d7ab3137d893
2022-12-15 22:22:19,455 [4333d9a6-5ac6-4e80-8f1b-d7ab3137d893@group-FC332D70D581-FollowerState] INFO  server.RaftServerConfigKeys (ConfUtils.java:logFallback(53)) - raft.server.rpc.first-election.timeout.max = 5200ms (fallback to raft.server.rpc.timeout.max)
2022-12-15 22:22:19,455 [pool-566-thread-1] INFO  server.RaftServerConfigKeys (ConfUtils.java:logGet(46)) - raft.server.snapshot.auto.trigger.enabled = true (custom)
2022-12-15 22:22:19,456 [pool-566-thread-1] INFO  server.RaftServerConfigKeys (ConfUtils.java:logGet(46)) - raft.server.snapshot.auto.trigger.threshold = 10000 (custom)
2022-12-15 22:22:19,456 [pool-566-thread-1] INFO  server.RaftServerConfigKeys (ConfUtils.java:logGet(46)) - raft.server.snapshot.retention.file.num = 5 (custom)
2022-12-15 22:22:19,456 [pool-566-thread-1] INFO  server.RaftServerConfigKeys (ConfUtils.java:logGet(46)) - raft.server.log.purge.upto.snapshot.index = false (default)
2022-12-15 22:22:19,472 [Command processor thread] INFO  commandhandler.CreatePipelineCommandHandler (CreatePipelineCommandHandler.java:handle(113)) - Created Pipeline RATIS THREE PipelineID=73658c61-9d57-4391-b35d-fc332d70d581.
2022-12-15 22:22:19,507 [EventQueue-CommandQueueReportForCommandQueueReportHandler] WARN  events.EventQueue (EventQueue.java:fireEvent(216)) - No event handler registered for event TypedEvent{payloadType=DatanodeDetails, name='Datanode_Command_Queue_Updated'}
2022-12-15 22:22:19,762 [EventQueue-CommandQueueReportForCommandQueueReportHandler] WARN  events.EventQueue (EventQueue.java:fireEvent(216)) - No event handler registered for event TypedEvent{payloadType=DatanodeDetails, name='Datanode_Command_Queue_Updated'}
2022-12-15 22:22:19,771 [Listener at 127.0.0.1/41387] INFO  ozone.MiniOzoneClusterImpl (MiniOzoneClusterImpl.java:lambda$waitForClusterToBeReady$0(216)) - Nodes are ready. Got 7 of 7 DN Heartbeats.
2022-12-15 22:22:19,771 [Listener at 127.0.0.1/41387] INFO  ozone.MiniOzoneClusterImpl (MiniOzoneClusterImpl.java:lambda$waitForClusterToBeReady$0(219)) - Waiting for cluster to exit safe mode
2022-12-15 22:22:19,772 [Listener at 127.0.0.1/41387] INFO  ozone.MiniOzoneClusterImpl (MiniOzoneClusterImpl.java:lambda$waitForClusterToBeReady$0(221)) - SCM became leader
2022-12-15 22:22:19,795 [Command processor thread] INFO  server.RaftServer (RaftServerProxy.java:addNew(96)) - 4333d9a6-5ac6-4e80-8f1b-d7ab3137d893: addNew group-D0A074D8D3ED:[4333d9a6-5ac6-4e80-8f1b-d7ab3137d893|rpc:10.1.0.13:38707|priority:1|startupRole:FOLLOWER] returns group-D0A074D8D3ED:java.util.concurrent.CompletableFuture@6acda728[Not completed]
2022-12-15 22:22:19,796 [pool-566-thread-1] INFO  server.RaftServer$Division (RaftServerImpl.java:<init>(195)) - 4333d9a6-5ac6-4e80-8f1b-d7ab3137d893: new RaftServerImpl for group-D0A074D8D3ED:[4333d9a6-5ac6-4e80-8f1b-d7ab3137d893|rpc:10.1.0.13:38707|priority:1|startupRole:FOLLOWER] with ContainerStateMachine:uninitialized
2022-12-15 22:22:19,796 [pool-566-thread-1] INFO  server.RaftServerConfigKeys (ConfUtils.java:logGet(46)) - raft.server.rpc.timeout.min = 5s (custom)
2022-12-15 22:22:19,797 [pool-566-thread-1] INFO  server.RaftServerConfigKeys (ConfUtils.java:logGet(46)) - raft.server.rpc.timeout.max = 5200ms (custom)
2022-12-15 22:22:19,797 [pool-566-thread-1] INFO  server.RaftServerConfigKeys (ConfUtils.java:logGet(46)) - raft.server.rpc.sleep.time = 25ms (default)
2022-12-15 22:22:19,797 [pool-566-thread-1] INFO  server.RaftServerConfigKeys (ConfUtils.java:logGet(46)) - raft.server.rpc.slowness.timeout = 300s (custom)
2022-12-15 22:22:19,797 [pool-566-thread-1] INFO  server.RaftServerConfigKeys (ConfUtils.java:logGet(46)) - raft.server.leaderelection.leader.step-down.wait-time = 10s (default)
2022-12-15 22:22:19,797 [pool-566-thread-1] INFO  server.RaftServerConfigKeys (ConfUtils.java:logGet(46)) - raft.server.sleep.deviation.threshold = 300ms (default)
2022-12-15 22:22:19,797 [pool-566-thread-1] INFO  server.RaftServer$Division (ServerState.java:<init>(118)) - 4333d9a6-5ac6-4e80-8f1b-d7ab3137d893@group-D0A074D8D3ED: ConfigurationManager, init=-1: peers:[4333d9a6-5ac6-4e80-8f1b-d7ab3137d893|rpc:10.1.0.13:38707|priority:1|startupRole:FOLLOWER]|listeners:[], old=null, confs=<EMPTY_MAP>
2022-12-15 22:22:19,797 [pool-566-thread-1] INFO  server.RaftServerConfigKeys (ConfUtils.java:logGet(46)) - raft.server.storage.dir = [/home/runner/work/ozone/ozone/hadoop-ozone/integration-test/target/test-dir/MiniOzoneClusterImpl-c952205c-0de4-41d8-8615-baf19f81c5db/datanode-4/data/ratis] (custom)
2022-12-15 22:22:19,797 [pool-566-thread-1] INFO  server.RaftServerConfigKeys (ConfUtils.java:logGet(46)) - raft.server.log.corruption.policy = EXCEPTION (default)
2022-12-15 22:22:19,797 [pool-566-thread-1] INFO  server.RaftServerConfigKeys (ConfUtils.java:logGet(46)) - raft.server.storage.free-space.min = 0MB (=0) (default)
2022-12-15 22:22:19,797 [pool-566-thread-1] INFO  server.RaftServerConfigKeys (ConfUtils.java:logGet(46)) - raft.server.notification.no-leader.timeout = 300s (custom)
2022-12-15 22:22:19,798 [pool-566-thread-1] INFO  server.RaftServerConfigKeys (ConfUtils.java:logGet(46)) - raft.server.retrycache.expirytime = 600000ms (custom)
2022-12-15 22:22:19,798 [pool-566-thread-1] INFO  server.RaftServerConfigKeys (ConfUtils.java:logGet(46)) - raft.server.retrycache.statistics.expirytime = 100μs (default)
2022-12-15 22:22:19,799 [pool-566-thread-1] INFO  server.RaftServerConfigKeys (ConfUtils.java:logGet(46)) - raft.server.log.appender.install.snapshot.enabled = false (custom)
2022-12-15 22:22:19,799 [pool-566-thread-1] INFO  server.RaftServerConfigKeys (ConfUtils.java:logGet(46)) - raft.server.threadpool.server.cached = true (default)
2022-12-15 22:22:19,799 [pool-566-thread-1] INFO  server.RaftServerConfigKeys (ConfUtils.java:logGet(46)) - raft.server.threadpool.server.size = 0 (default)
2022-12-15 22:22:19,800 [pool-566-thread-1] INFO  server.RaftServerConfigKeys (ConfUtils.java:logGet(46)) - raft.server.threadpool.client.cached = true (default)
2022-12-15 22:22:19,800 [pool-566-thread-1] INFO  server.RaftServerConfigKeys (ConfUtils.java:logGet(46)) - raft.server.threadpool.client.size = 0 (default)
2022-12-15 22:22:19,801 [pool-566-thread-1] INFO  storage.RaftStorageDirectory (RaftStorageDirectoryImpl.java:analyzeStorage(137)) - The storage directory /home/runner/work/ozone/ozone/hadoop-ozone/integration-test/target/test-dir/MiniOzoneClusterImpl-c952205c-0de4-41d8-8615-baf19f81c5db/datanode-4/data/ratis/a7e7d4fa-f2e7-46c2-a43c-d0a074d8d3ed does not exist. Creating ...
2022-12-15 22:22:19,803 [pool-566-thread-1] INFO  storage.RaftStorageDirectory (RaftStorageDirectoryImpl.java:tryLock(231)) - Lock on /home/runner/work/ozone/ozone/hadoop-ozone/integration-test/target/test-dir/MiniOzoneClusterImpl-c952205c-0de4-41d8-8615-baf19f81c5db/datanode-4/data/ratis/a7e7d4fa-f2e7-46c2-a43c-d0a074d8d3ed/in_use.lock acquired by nodename 2635@fv-az83-67
2022-12-15 22:22:19,805 [pool-566-thread-1] INFO  storage.RaftStorage (RaftStorageImpl.java:format(96)) - Storage directory /home/runner/work/ozone/ozone/hadoop-ozone/integration-test/target/test-dir/MiniOzoneClusterImpl-c952205c-0de4-41d8-8615-baf19f81c5db/datanode-4/data/ratis/a7e7d4fa-f2e7-46c2-a43c-d0a074d8d3ed has been successfully formatted.
2022-12-15 22:22:19,805 [pool-566-thread-1] INFO  ratis.ContainerStateMachine (ContainerStateMachine.java:loadSnapshot(236)) - group-D0A074D8D3ED: The snapshot info is null. Setting the last applied indexto:(t:0, i:~)
2022-12-15 22:22:19,805 [pool-566-thread-1] INFO  server.RaftServerConfigKeys (ConfUtils.java:logGet(46)) - raft.server.log.use.memory = false (default)
2022-12-15 22:22:19,806 [pool-566-thread-1] INFO  server.RaftServerConfigKeys (ConfUtils.java:logGet(46)) - raft.server.log.purge.gap = 1000000 (custom)
2022-12-15 22:22:19,806 [pool-566-thread-1] INFO  server.RaftServerConfigKeys (ConfUtils.java:logGet(46)) - raft.server.log.appender.buffer.byte-limit = 33554432 (custom)
2022-12-15 22:22:19,806 [pool-566-thread-1] INFO  server.RaftServerConfigKeys (ConfUtils.java:logGet(46)) - raft.server.log.statemachine.data.read.timeout = 1000ms (default)
2022-12-15 22:22:19,806 [pool-566-thread-1] INFO  server.RaftServerConfigKeys (ConfUtils.java:logGet(46)) - raft.server.log.purge.preservation.log.num = 0 (default)
2022-12-15 22:22:19,806 [pool-566-thread-1] INFO  server.RaftServerConfigKeys (ConfUtils.java:logGet(46)) - raft.server.log.segment.size.max = 1048576 (custom)
2022-12-15 22:22:19,807 [EventQueue-CommandQueueReportForCommandQueueReportHandler] WARN  events.EventQueue (EventQueue.java:fireEvent(216)) - No event handler registered for event TypedEvent{payloadType=DatanodeDetails, name='Datanode_Command_Queue_Updated'}
2022-12-15 22:22:19,807 [EventQueue-PipelineReportForPipelineReportHandler] INFO  pipeline.PipelineManagerImpl (PipelineManagerImpl.java:openPipeline(367)) - Pipeline Pipeline[ Id: a7e7d4fa-f2e7-46c2-a43c-d0a074d8d3ed, Nodes: 4333d9a6-5ac6-4e80-8f1b-d7ab3137d893{ip: 10.1.0.13, host: fv-az83-67.pawgbth4qraerhbqawdeo1jfng.dx.internal.cloudapp.net, ports: [REPLICATION=39673, RATIS=38707, RATIS_ADMIN=38707, RATIS_SERVER=38707, STANDALONE=46481], networkLocation: /default-rack, certSerialId: null, persistedOpState: IN_SERVICE, persistedOpStateExpiryEpochSec: 0}, ReplicationConfig: RATIS/ONE, State:ALLOCATED, leaderId:4333d9a6-5ac6-4e80-8f1b-d7ab3137d893, CreationTimestamp2022-12-15T22:22:16.798Z[Etc/UTC]] moved to OPEN state
2022-12-15 22:22:19,807 [EventQueue-OpenPipelineForHealthyPipelineSafeModeRule] INFO  safemode.SCMSafeModeManager (HealthyPipelineSafeModeRule.java:process(137)) - SCM in safe mode. Healthy pipelines reported count is 0, required healthy pipeline reported count is 1
2022-12-15 22:22:19,809 [pool-566-thread-1] INFO  server.RaftServerConfigKeys (ConfUtils.java:logGet(46)) - raft.server.log.segment.cache.num.max = 2 (custom)
2022-12-15 22:22:19,809 [pool-566-thread-1] INFO  server.RaftServerConfigKeys (ConfUtils.java:logGet(46)) - raft.server.log.segment.cache.size.max = 200MB (=209715200) (default)
2022-12-15 22:22:19,809 [pool-566-thread-1] INFO  segmented.SegmentedRaftLogWorker (SegmentedRaftLogWorker.java:<init>(189)) - new 4333d9a6-5ac6-4e80-8f1b-d7ab3137d893@group-D0A074D8D3ED-SegmentedRaftLogWorker for RaftStorageImpl:Storage Directory /home/runner/work/ozone/ozone/hadoop-ozone/integration-test/target/test-dir/MiniOzoneClusterImpl-c952205c-0de4-41d8-8615-baf19f81c5db/datanode-4/data/ratis/a7e7d4fa-f2e7-46c2-a43c-d0a074d8d3ed
2022-12-15 22:22:19,809 [pool-566-thread-1] INFO  server.RaftServerConfigKeys (ConfUtils.java:logGet(46)) - raft.server.log.queue.byte-limit = 4294967296 (custom)
2022-12-15 22:22:19,809 [pool-566-thread-1] INFO  server.RaftServerConfigKeys (ConfUtils.java:logGet(46)) - raft.server.log.queue.element-limit = 1024 (custom)
2022-12-15 22:22:19,809 [pool-566-thread-1] INFO  server.RaftServerConfigKeys (ConfUtils.java:logGet(46)) - raft.server.log.segment.size.max = 1048576 (custom)
2022-12-15 22:22:19,809 [pool-566-thread-1] INFO  server.RaftServerConfigKeys (ConfUtils.java:logGet(46)) - raft.server.log.preallocated.size = 16384 (custom)
2022-12-15 22:22:19,809 [pool-566-thread-1] INFO  server.RaftServerConfigKeys (ConfUtils.java:logGet(46)) - raft.server.log.force.sync.num = 128 (default)
2022-12-15 22:22:19,809 [pool-566-thread-1] INFO  server.RaftServerConfigKeys (ConfUtils.java:logGet(46)) - raft.server.log.statemachine.data.sync = true (default)
2022-12-15 22:22:19,809 [pool-566-thread-1] INFO  server.RaftServerConfigKeys (ConfUtils.java:logGet(46)) - raft.server.log.statemachine.data.sync.timeout = 10s (default)
2022-12-15 22:22:19,809 [pool-566-thread-1] INFO  server.RaftServerConfigKeys (ConfUtils.java:logGet(46)) - raft.server.log.statemachine.data.sync.timeout.retry = -1 (default)
2022-12-15 22:22:19,811 [pool-566-thread-1] INFO  server.RaftServerConfigKeys (ConfUtils.java:logGet(46)) - raft.server.log.write.buffer.size = 1048576 (custom)
2022-12-15 22:22:19,812 [pool-566-thread-1] INFO  server.RaftServerConfigKeys (ConfUtils.java:logGet(46)) - raft.server.log.appender.buffer.byte-limit = 33554432 (custom)
2022-12-15 22:22:19,818 [pool-566-thread-1] INFO  server.RaftServerConfigKeys (ConfUtils.java:logGet(46)) - raft.server.log.unsafe-flush.enabled = false (default)
2022-12-15 22:22:19,818 [pool-566-thread-1] INFO  server.RaftServerConfigKeys (ConfUtils.java:logGet(46)) - raft.server.log.async-flush.enabled = false (default)
2022-12-15 22:22:19,818 [pool-566-thread-1] INFO  server.RaftServerConfigKeys (ConfUtils.java:logGet(46)) - raft.server.log.statemachine.data.caching.enabled = true (custom)
2022-12-15 22:22:19,819 [pool-566-thread-1] INFO  segmented.SegmentedRaftLogWorker (SegmentedRaftLogWorker.java:lambda$new$0(135)) - 4333d9a6-5ac6-4e80-8f1b-d7ab3137d893@group-D0A074D8D3ED-SegmentedRaftLogWorker: flushIndex: setUnconditionally 0 -> -1
2022-12-15 22:22:19,819 [pool-566-thread-1] INFO  segmented.SegmentedRaftLogWorker (SegmentedRaftLogWorker.java:lambda$new$0(135)) - 4333d9a6-5ac6-4e80-8f1b-d7ab3137d893@group-D0A074D8D3ED-SegmentedRaftLogWorker: safeCacheEvictIndex: setUnconditionally 0 -> -1
2022-12-15 22:22:19,819 [pool-566-thread-1] INFO  server.RaftServer$Division (RaftServerImpl.java:start(334)) - 4333d9a6-5ac6-4e80-8f1b-d7ab3137d893@group-D0A074D8D3ED: start as a follower, conf=-1: peers:[4333d9a6-5ac6-4e80-8f1b-d7ab3137d893|rpc:10.1.0.13:38707|priority:1|startupRole:FOLLOWER]|listeners:[], old=null
2022-12-15 22:22:19,819 [pool-566-thread-1] INFO  server.RaftServer$Division (RaftServerImpl.java:setRole(321)) - 4333d9a6-5ac6-4e80-8f1b-d7ab3137d893@group-D0A074D8D3ED: changes role from      null to FOLLOWER at term 0 for startAsFollower
2022-12-15 22:22:19,819 [pool-566-thread-1] INFO  impl.RoleInfo (RoleInfo.java:updateAndGet(139)) - 4333d9a6-5ac6-4e80-8f1b-d7ab3137d893: start 4333d9a6-5ac6-4e80-8f1b-d7ab3137d893@group-D0A074D8D3ED-FollowerState
2022-12-15 22:22:19,820 [pool-566-thread-1] INFO  util.JmxRegister (JmxRegister.java:tryRegister(44)) - Successfully registered JMX Bean with object name Ratis:service=RaftServer,group=group-D0A074D8D3ED,id=4333d9a6-5ac6-4e80-8f1b-d7ab3137d893
2022-12-15 22:22:19,820 [pool-566-thread-1] INFO  server.RaftServerConfigKeys (ConfUtils.java:logGet(46)) - raft.server.snapshot.auto.trigger.enabled = true (custom)
2022-12-15 22:22:19,820 [pool-566-thread-1] INFO  server.RaftServerConfigKeys (ConfUtils.java:logGet(46)) - raft.server.snapshot.auto.trigger.threshold = 10000 (custom)
2022-12-15 22:22:19,820 [pool-566-thread-1] INFO  server.RaftServerConfigKeys (ConfUtils.java:logGet(46)) - raft.server.snapshot.retention.file.num = 5 (custom)
2022-12-15 22:22:19,820 [pool-566-thread-1] INFO  server.RaftServerConfigKeys (ConfUtils.java:logGet(46)) - raft.server.log.purge.upto.snapshot.index = false (default)
2022-12-15 22:22:19,823 [Command processor thread] INFO  ratis.XceiverServerRatis (XceiverServerRatis.java:addGroup(765)) - Created group PipelineID=a7e7d4fa-f2e7-46c2-a43c-d0a074d8d3ed
2022-12-15 22:22:19,824 [Command processor thread] INFO  commandhandler.CreatePipelineCommandHandler (CreatePipelineCommandHandler.java:handle(113)) - Created Pipeline RATIS ONE PipelineID=a7e7d4fa-f2e7-46c2-a43c-d0a074d8d3ed.
2022-12-15 22:22:19,824 [4333d9a6-5ac6-4e80-8f1b-d7ab3137d893@group-D0A074D8D3ED-FollowerState] INFO  server.RaftServerConfigKeys (ConfUtils.java:logFallback(53)) - raft.server.rpc.first-election.timeout.min = 5s (fallback to raft.server.rpc.timeout.min)
2022-12-15 22:22:19,824 [4333d9a6-5ac6-4e80-8f1b-d7ab3137d893@group-D0A074D8D3ED-FollowerState] INFO  server.RaftServerConfigKeys (ConfUtils.java:logFallback(53)) - raft.server.rpc.first-election.timeout.max = 5200ms (fallback to raft.server.rpc.timeout.max)
2022-12-15 22:22:19,836 [Command processor thread] INFO  server.RaftServer (RaftServerProxy.java:addNew(96)) - 30cdbfed-5eb6-4d94-b03b-823178923405: addNew group-237829E36B1A:[e0198350-5a80-4cc9-b4d4-fe7f34161fcd|rpc:10.1.0.13:33167|priority:1|startupRole:FOLLOWER, 8742ce53-ec43-4b5d-92fb-ca295b19fdac|rpc:10.1.0.13:44977|priority:0|startupRole:FOLLOWER, 30cdbfed-5eb6-4d94-b03b-823178923405|rpc:10.1.0.13:40489|priority:0|startupRole:FOLLOWER] returns group-237829E36B1A:java.util.concurrent.CompletableFuture@56feb932[Not completed]
2022-12-15 22:22:19,837 [pool-213-thread-1] INFO  server.RaftServer$Division (RaftServerImpl.java:<init>(195)) - 30cdbfed-5eb6-4d94-b03b-823178923405: new RaftServerImpl for group-237829E36B1A:[e0198350-5a80-4cc9-b4d4-fe7f34161fcd|rpc:10.1.0.13:33167|priority:1|startupRole:FOLLOWER, 8742ce53-ec43-4b5d-92fb-ca295b19fdac|rpc:10.1.0.13:44977|priority:0|startupRole:FOLLOWER, 30cdbfed-5eb6-4d94-b03b-823178923405|rpc:10.1.0.13:40489|priority:0|startupRole:FOLLOWER] with ContainerStateMachine:uninitialized
2022-12-15 22:22:19,837 [pool-213-thread-1] INFO  server.RaftServerConfigKeys (ConfUtils.java:logGet(46)) - raft.server.rpc.timeout.min = 5s (custom)
2022-12-15 22:22:19,837 [pool-213-thread-1] INFO  server.RaftServerConfigKeys (ConfUtils.java:logGet(46)) - raft.server.rpc.timeout.max = 5200ms (custom)
2022-12-15 22:22:19,837 [pool-213-thread-1] INFO  server.RaftServerConfigKeys (ConfUtils.java:logGet(46)) - raft.server.rpc.sleep.time = 25ms (default)
2022-12-15 22:22:19,837 [pool-213-thread-1] INFO  server.RaftServerConfigKeys (ConfUtils.java:logGet(46)) - raft.server.rpc.slowness.timeout = 300s (custom)
2022-12-15 22:22:19,837 [pool-213-thread-1] INFO  server.RaftServerConfigKeys (ConfUtils.java:logGet(46)) - raft.server.leaderelection.leader.step-down.wait-time = 10s (default)
2022-12-15 22:22:19,837 [pool-213-thread-1] INFO  server.RaftServerConfigKeys (ConfUtils.java:logGet(46)) - raft.server.sleep.deviation.threshold = 300ms (default)
2022-12-15 22:22:19,837 [pool-213-thread-1] INFO  server.RaftServer$Division (ServerState.java:<init>(118)) - 30cdbfed-5eb6-4d94-b03b-823178923405@group-237829E36B1A: ConfigurationManager, init=-1: peers:[e0198350-5a80-4cc9-b4d4-fe7f34161fcd|rpc:10.1.0.13:33167|priority:1|startupRole:FOLLOWER, 8742ce53-ec43-4b5d-92fb-ca295b19fdac|rpc:10.1.0.13:44977|priority:0|startupRole:FOLLOWER, 30cdbfed-5eb6-4d94-b03b-823178923405|rpc:10.1.0.13:40489|priority:0|startupRole:FOLLOWER]|listeners:[], old=null, confs=<EMPTY_MAP>
2022-12-15 22:22:19,837 [pool-213-thread-1] INFO  server.RaftServerConfigKeys (ConfUtils.java:logGet(46)) - raft.server.storage.dir = [/home/runner/work/ozone/ozone/hadoop-ozone/integration-test/target/test-dir/MiniOzoneClusterImpl-67032562-5e12-4c4f-a5ab-79ddd1e2132c/datanode-6/data/ratis] (custom)
2022-12-15 22:22:19,838 [pool-213-thread-1] INFO  server.RaftServerConfigKeys (ConfUtils.java:logGet(46)) - raft.server.log.corruption.policy = EXCEPTION (default)
2022-12-15 22:22:19,838 [pool-213-thread-1] INFO  server.RaftServerConfigKeys (ConfUtils.java:logGet(46)) - raft.server.storage.free-space.min = 0MB (=0) (default)
2022-12-15 22:22:19,838 [pool-213-thread-1] INFO  server.RaftServerConfigKeys (ConfUtils.java:logGet(46)) - raft.server.notification.no-leader.timeout = 300s (custom)
2022-12-15 22:22:19,838 [pool-213-thread-1] INFO  server.RaftServerConfigKeys (ConfUtils.java:logGet(46)) - raft.server.retrycache.expirytime = 600000ms (custom)
2022-12-15 22:22:19,838 [pool-213-thread-1] INFO  server.RaftServerConfigKeys (ConfUtils.java:logGet(46)) - raft.server.retrycache.statistics.expirytime = 100μs (default)
2022-12-15 22:22:19,839 [EventQueue-CommandQueueReportForCommandQueueReportHandler] WARN  events.EventQueue (EventQueue.java:fireEvent(216)) - No event handler registered for event TypedEvent{payloadType=DatanodeDetails, name='Datanode_Command_Queue_Updated'}
2022-12-15 22:22:19,840 [pool-213-thread-1] INFO  server.RaftServerConfigKeys (ConfUtils.java:logGet(46)) - raft.server.log.appender.install.snapshot.enabled = false (custom)
2022-12-15 22:22:19,840 [pool-213-thread-1] INFO  server.RaftServerConfigKeys (ConfUtils.java:logGet(46)) - raft.server.threadpool.server.cached = true (default)
2022-12-15 22:22:19,840 [pool-213-thread-1] INFO  server.RaftServerConfigKeys (ConfUtils.java:logGet(46)) - raft.server.threadpool.server.size = 0 (default)
2022-12-15 22:22:19,840 [pool-213-thread-1] INFO  server.RaftServerConfigKeys (ConfUtils.java:logGet(46)) - raft.server.threadpool.client.cached = true (default)
2022-12-15 22:22:19,840 [pool-213-thread-1] INFO  server.RaftServerConfigKeys (ConfUtils.java:logGet(46)) - raft.server.threadpool.client.size = 0 (default)
2022-12-15 22:22:19,840 [pool-213-thread-1] INFO  storage.RaftStorageDirectory (RaftStorageDirectoryImpl.java:analyzeStorage(137)) - The storage directory /home/runner/work/ozone/ozone/hadoop-ozone/integration-test/target/test-dir/MiniOzoneClusterImpl-67032562-5e12-4c4f-a5ab-79ddd1e2132c/datanode-6/data/ratis/722ef8dd-2fb2-4365-8a24-237829e36b1a does not exist. Creating ...
2022-12-15 22:22:19,844 [pool-213-thread-1] INFO  storage.RaftStorageDirectory (RaftStorageDirectoryImpl.java:tryLock(231)) - Lock on /home/runner/work/ozone/ozone/hadoop-ozone/integration-test/target/test-dir/MiniOzoneClusterImpl-67032562-5e12-4c4f-a5ab-79ddd1e2132c/datanode-6/data/ratis/722ef8dd-2fb2-4365-8a24-237829e36b1a/in_use.lock acquired by nodename 2635@fv-az83-67
2022-12-15 22:22:19,845 [pool-213-thread-1] INFO  storage.RaftStorage (RaftStorageImpl.java:format(96)) - Storage directory /home/runner/work/ozone/ozone/hadoop-ozone/integration-test/target/test-dir/MiniOzoneClusterImpl-67032562-5e12-4c4f-a5ab-79ddd1e2132c/datanode-6/data/ratis/722ef8dd-2fb2-4365-8a24-237829e36b1a has been successfully formatted.
2022-12-15 22:22:19,846 [Command processor thread] INFO  server.RaftServer (RaftServerProxy.java:addNew(96)) - 8742ce53-ec43-4b5d-92fb-ca295b19fdac: addNew group-237829E36B1A:[e0198350-5a80-4cc9-b4d4-fe7f34161fcd|rpc:10.1.0.13:33167|priority:1|startupRole:FOLLOWER, 8742ce53-ec43-4b5d-92fb-ca295b19fdac|rpc:10.1.0.13:44977|priority:0|startupRole:FOLLOWER, 30cdbfed-5eb6-4d94-b03b-823178923405|rpc:10.1.0.13:40489|priority:0|startupRole:FOLLOWER] returns group-237829E36B1A:java.util.concurrent.CompletableFuture@43fef3f3[Not completed]
2022-12-15 22:22:19,846 [pool-213-thread-1] INFO  ratis.ContainerStateMachine (ContainerStateMachine.java:loadSnapshot(236)) - group-237829E36B1A: The snapshot info is null. Setting the last applied indexto:(t:0, i:~)
2022-12-15 22:22:19,846 [pool-213-thread-1] INFO  server.RaftServerConfigKeys (ConfUtils.java:logGet(46)) - raft.server.log.use.memory = false (default)
2022-12-15 22:22:19,847 [pool-117-thread-1] INFO  server.RaftServer$Division (RaftServerImpl.java:<init>(195)) - 8742ce53-ec43-4b5d-92fb-ca295b19fdac: new RaftServerImpl for group-237829E36B1A:[e0198350-5a80-4cc9-b4d4-fe7f34161fcd|rpc:10.1.0.13:33167|priority:1|startupRole:FOLLOWER, 8742ce53-ec43-4b5d-92fb-ca295b19fdac|rpc:10.1.0.13:44977|priority:0|startupRole:FOLLOWER, 30cdbfed-5eb6-4d94-b03b-823178923405|rpc:10.1.0.13:40489|priority:0|startupRole:FOLLOWER] with ContainerStateMachine:uninitialized
2022-12-15 22:22:19,847 [pool-117-thread-1] INFO  server.RaftServerConfigKeys (ConfUtils.java:logGet(46)) - raft.server.rpc.timeout.min = 5s (custom)
2022-12-15 22:22:19,847 [pool-117-thread-1] INFO  server.RaftServerConfigKeys (ConfUtils.java:logGet(46)) - raft.server.rpc.timeout.max = 5200ms (custom)
2022-12-15 22:22:19,847 [pool-117-thread-1] INFO  server.RaftServerConfigKeys (ConfUtils.java:logGet(46)) - raft.server.rpc.sleep.time = 25ms (default)
2022-12-15 22:22:19,847 [pool-117-thread-1] INFO  server.RaftServerConfigKeys (ConfUtils.java:logGet(46)) - raft.server.rpc.slowness.timeout = 300s (custom)
2022-12-15 22:22:19,847 [pool-117-thread-1] INFO  server.RaftServerConfigKeys (ConfUtils.java:logGet(46)) - raft.server.leaderelection.leader.step-down.wait-time = 10s (default)
2022-12-15 22:22:19,847 [pool-117-thread-1] INFO  server.RaftServerConfigKeys (ConfUtils.java:logGet(46)) - raft.server.sleep.deviation.threshold = 300ms (default)
2022-12-15 22:22:19,847 [pool-117-thread-1] INFO  server.RaftServer$Division (ServerState.java:<init>(118)) - 8742ce53-ec43-4b5d-92fb-ca295b19fdac@group-237829E36B1A: ConfigurationManager, init=-1: peers:[e0198350-5a80-4cc9-b4d4-fe7f34161fcd|rpc:10.1.0.13:33167|priority:1|startupRole:FOLLOWER, 8742ce53-ec43-4b5d-92fb-ca295b19fdac|rpc:10.1.0.13:44977|priority:0|startupRole:FOLLOWER, 30cdbfed-5eb6-4d94-b03b-823178923405|rpc:10.1.0.13:40489|priority:0|startupRole:FOLLOWER]|listeners:[], old=null, confs=<EMPTY_MAP>
2022-12-15 22:22:19,847 [pool-117-thread-1] INFO  server.RaftServerConfigKeys (ConfUtils.java:logGet(46)) - raft.server.storage.dir = [/home/runner/work/ozone/ozone/hadoop-ozone/integration-test/target/test-dir/MiniOzoneClusterImpl-67032562-5e12-4c4f-a5ab-79ddd1e2132c/datanode-2/data/ratis] (custom)
2022-12-15 22:22:19,848 [pool-213-thread-1] INFO  server.RaftServerConfigKeys (ConfUtils.java:logGet(46)) - raft.server.log.purge.gap = 1000000 (custom)
2022-12-15 22:22:19,848 [pool-213-thread-1] INFO  server.RaftServerConfigKeys (ConfUtils.java:logGet(46)) - raft.server.log.appender.buffer.byte-limit = 33554432 (custom)
2022-12-15 22:22:19,848 [pool-213-thread-1] INFO  server.RaftServerConfigKeys (ConfUtils.java:logGet(46)) - raft.server.log.statemachine.data.read.timeout = 1000ms (default)
2022-12-15 22:22:19,849 [pool-213-thread-1] INFO  server.RaftServerConfigKeys (ConfUtils.java:logGet(46)) - raft.server.log.purge.preservation.log.num = 0 (default)
2022-12-15 22:22:19,849 [pool-117-thread-1] INFO  server.RaftServerConfigKeys (ConfUtils.java:logGet(46)) - raft.server.log.corruption.policy = EXCEPTION (default)
2022-12-15 22:22:19,850 [pool-117-thread-1] INFO  server.RaftServerConfigKeys (ConfUtils.java:logGet(46)) - raft.server.storage.free-space.min = 0MB (=0) (default)
2022-12-15 22:22:19,850 [pool-213-thread-1] INFO  server.RaftServerConfigKeys (ConfUtils.java:logGet(46)) - raft.server.log.segment.size.max = 1048576 (custom)
2022-12-15 22:22:19,850 [pool-117-thread-1] INFO  server.RaftServerConfigKeys (ConfUtils.java:logGet(46)) - raft.server.notification.no-leader.timeout = 300s (custom)
2022-12-15 22:22:19,850 [pool-117-thread-1] INFO  server.RaftServerConfigKeys (ConfUtils.java:logGet(46)) - raft.server.retrycache.expirytime = 600000ms (custom)
2022-12-15 22:22:19,850 [pool-117-thread-1] INFO  server.RaftServerConfigKeys (ConfUtils.java:logGet(46)) - raft.server.retrycache.statistics.expirytime = 100μs (default)
2022-12-15 22:22:19,849 [EventQueue-CommandQueueReportForCommandQueueReportHandler] WARN  events.EventQueue (EventQueue.java:fireEvent(216)) - No event handler registered for event TypedEvent{payloadType=DatanodeDetails, name='Datanode_Command_Queue_Updated'}
2022-12-15 22:22:19,851 [pool-213-thread-1] INFO  server.RaftServerConfigKeys (ConfUtils.java:logGet(46)) - raft.server.log.segment.cache.num.max = 2 (custom)
2022-12-15 22:22:19,851 [pool-213-thread-1] INFO  server.RaftServerConfigKeys (ConfUtils.java:logGet(46)) - raft.server.log.segment.cache.size.max = 200MB (=209715200) (default)
2022-12-15 22:22:19,851 [pool-213-thread-1] INFO  segmented.SegmentedRaftLogWorker (SegmentedRaftLogWorker.java:<init>(189)) - new 30cdbfed-5eb6-4d94-b03b-823178923405@group-237829E36B1A-SegmentedRaftLogWorker for RaftStorageImpl:Storage Directory /home/runner/work/ozone/ozone/hadoop-ozone/integration-test/target/test-dir/MiniOzoneClusterImpl-67032562-5e12-4c4f-a5ab-79ddd1e2132c/datanode-6/data/ratis/722ef8dd-2fb2-4365-8a24-237829e36b1a
2022-12-15 22:22:19,851 [pool-213-thread-1] INFO  server.RaftServerConfigKeys (ConfUtils.java:logGet(46)) - raft.server.log.queue.byte-limit = 4294967296 (custom)
2022-12-15 22:22:19,851 [pool-213-thread-1] INFO  server.RaftServerConfigKeys (ConfUtils.java:logGet(46)) - raft.server.log.queue.element-limit = 1024 (custom)
2022-12-15 22:22:19,851 [pool-213-thread-1] INFO  server.RaftServerConfigKeys (ConfUtils.java:logGet(46)) - raft.server.log.segment.size.max = 1048576 (custom)
2022-12-15 22:22:19,851 [pool-213-thread-1] INFO  server.RaftServerConfigKeys (ConfUtils.java:logGet(46)) - raft.server.log.preallocated.size = 16384 (custom)
2022-12-15 22:22:19,851 [pool-213-thread-1] INFO  server.RaftServerConfigKeys (ConfUtils.java:logGet(46)) - raft.server.log.force.sync.num = 128 (default)
2022-12-15 22:22:19,851 [pool-213-thread-1] INFO  server.RaftServerConfigKeys (ConfUtils.java:logGet(46)) - raft.server.log.statemachine.data.sync = true (default)
2022-12-15 22:22:19,851 [pool-213-thread-1] INFO  server.RaftServerConfigKeys (ConfUtils.java:logGet(46)) - raft.server.log.statemachine.data.sync.timeout = 10s (default)
2022-12-15 22:22:19,851 [pool-213-thread-1] INFO  server.RaftServerConfigKeys (ConfUtils.java:logGet(46)) - raft.server.log.statemachine.data.sync.timeout.retry = -1 (default)
2022-12-15 22:22:19,854 [EventQueue-CommandQueueReportForCommandQueueReportHandler] WARN  events.EventQueue (EventQueue.java:fireEvent(216)) - No event handler registered for event TypedEvent{payloadType=DatanodeDetails, name='Datanode_Command_Queue_Updated'}
2022-12-15 22:22:19,854 [EventQueue-OpenPipelineForHealthyPipelineSafeModeRule] INFO  safemode.SCMSafeModeManager (HealthyPipelineSafeModeRule.java:process(137)) - SCM in safe mode. Healthy pipelines reported count is 0, required healthy pipeline reported count is 1
2022-12-15 22:22:19,856 [EventQueue-CommandQueueReportForCommandQueueReportHandler] WARN  events.EventQueue (EventQueue.java:fireEvent(216)) - No event handler registered for event TypedEvent{payloadType=DatanodeDetails, name='Datanode_Command_Queue_Updated'}
2022-12-15 22:22:19,857 [pool-117-thread-1] INFO  server.RaftServerConfigKeys (ConfUtils.java:logGet(46)) - raft.server.log.appender.install.snapshot.enabled = false (custom)
2022-12-15 22:22:19,857 [pool-117-thread-1] INFO  server.RaftServerConfigKeys (ConfUtils.java:logGet(46)) - raft.server.threadpool.server.cached = true (default)
2022-12-15 22:22:19,857 [pool-117-thread-1] INFO  server.RaftServerConfigKeys (ConfUtils.java:logGet(46)) - raft.server.threadpool.server.size = 0 (default)
2022-12-15 22:22:19,857 [pool-117-thread-1] INFO  server.RaftServerConfigKeys (ConfUtils.java:logGet(46)) - raft.server.threadpool.client.cached = true (default)
2022-12-15 22:22:19,857 [pool-117-thread-1] INFO  server.RaftServerConfigKeys (ConfUtils.java:logGet(46)) - raft.server.threadpool.client.size = 0 (default)
2022-12-15 22:22:19,857 [pool-117-thread-1] INFO  storage.RaftStorageDirectory (RaftStorageDirectoryImpl.java:analyzeStorage(137)) - The storage directory /home/runner/work/ozone/ozone/hadoop-ozone/integration-test/target/test-dir/MiniOzoneClusterImpl-67032562-5e12-4c4f-a5ab-79ddd1e2132c/datanode-2/data/ratis/722ef8dd-2fb2-4365-8a24-237829e36b1a does not exist. Creating ...
2022-12-15 22:22:19,859 [pool-213-thread-1] INFO  server.RaftServerConfigKeys (ConfUtils.java:logGet(46)) - raft.server.log.write.buffer.size = 1048576 (custom)
2022-12-15 22:22:19,860 [pool-117-thread-1] INFO  storage.RaftStorageDirectory (RaftStorageDirectoryImpl.java:tryLock(231)) - Lock on /home/runner/work/ozone/ozone/hadoop-ozone/integration-test/target/test-dir/MiniOzoneClusterImpl-67032562-5e12-4c4f-a5ab-79ddd1e2132c/datanode-2/data/ratis/722ef8dd-2fb2-4365-8a24-237829e36b1a/in_use.lock acquired by nodename 2635@fv-az83-67
2022-12-15 22:22:19,861 [pool-213-thread-1] INFO  server.RaftServerConfigKeys (ConfUtils.java:logGet(46)) - raft.server.log.appender.buffer.byte-limit = 33554432 (custom)
2022-12-15 22:22:19,862 [pool-117-thread-1] INFO  storage.RaftStorage (RaftStorageImpl.java:format(96)) - Storage directory /home/runner/work/ozone/ozone/hadoop-ozone/integration-test/target/test-dir/MiniOzoneClusterImpl-67032562-5e12-4c4f-a5ab-79ddd1e2132c/datanode-2/data/ratis/722ef8dd-2fb2-4365-8a24-237829e36b1a has been successfully formatted.
2022-12-15 22:22:19,862 [pool-117-thread-1] INFO  ratis.ContainerStateMachine (ContainerStateMachine.java:loadSnapshot(236)) - group-237829E36B1A: The snapshot info is null. Setting the last applied indexto:(t:0, i:~)
2022-12-15 22:22:19,862 [pool-117-thread-1] INFO  server.RaftServerConfigKeys (ConfUtils.java:logGet(46)) - raft.server.log.use.memory = false (default)
2022-12-15 22:22:19,864 [EventQueue-CommandQueueReportForCommandQueueReportHandler] WARN  events.EventQueue (EventQueue.java:fireEvent(216)) - No event handler registered for event TypedEvent{payloadType=DatanodeDetails, name='Datanode_Command_Queue_Updated'}
2022-12-15 22:22:19,864 [pool-117-thread-1] INFO  server.RaftServerConfigKeys (ConfUtils.java:logGet(46)) - raft.server.log.purge.gap = 1000000 (custom)
2022-12-15 22:22:19,864 [pool-117-thread-1] INFO  server.RaftServerConfigKeys (ConfUtils.java:logGet(46)) - raft.server.log.appender.buffer.byte-limit = 33554432 (custom)
2022-12-15 22:22:19,864 [pool-117-thread-1] INFO  server.RaftServerConfigKeys (ConfUtils.java:logGet(46)) - raft.server.log.statemachine.data.read.timeout = 1000ms (default)
2022-12-15 22:22:19,864 [pool-117-thread-1] INFO  server.RaftServerConfigKeys (ConfUtils.java:logGet(46)) - raft.server.log.purge.preservation.log.num = 0 (default)
2022-12-15 22:22:19,864 [pool-117-thread-1] INFO  server.RaftServerConfigKeys (ConfUtils.java:logGet(46)) - raft.server.log.segment.size.max = 1048576 (custom)
2022-12-15 22:22:19,865 [pool-117-thread-1] INFO  server.RaftServerConfigKeys (ConfUtils.java:logGet(46)) - raft.server.log.segment.cache.num.max = 2 (custom)
2022-12-15 22:22:19,866 [pool-117-thread-1] INFO  server.RaftServerConfigKeys (ConfUtils.java:logGet(46)) - raft.server.log.segment.cache.size.max = 200MB (=209715200) (default)
2022-12-15 22:22:19,866 [pool-117-thread-1] INFO  segmented.SegmentedRaftLogWorker (SegmentedRaftLogWorker.java:<init>(189)) - new 8742ce53-ec43-4b5d-92fb-ca295b19fdac@group-237829E36B1A-SegmentedRaftLogWorker for RaftStorageImpl:Storage Directory /home/runner/work/ozone/ozone/hadoop-ozone/integration-test/target/test-dir/MiniOzoneClusterImpl-67032562-5e12-4c4f-a5ab-79ddd1e2132c/datanode-2/data/ratis/722ef8dd-2fb2-4365-8a24-237829e36b1a
2022-12-15 22:22:19,866 [pool-117-thread-1] INFO  server.RaftServerConfigKeys (ConfUtils.java:logGet(46)) - raft.server.log.queue.byte-limit = 4294967296 (custom)
2022-12-15 22:22:19,866 [pool-117-thread-1] INFO  server.RaftServerConfigKeys (ConfUtils.java:logGet(46)) - raft.server.log.queue.element-limit = 1024 (custom)
2022-12-15 22:22:19,866 [pool-117-thread-1] INFO  server.RaftServerConfigKeys (ConfUtils.java:logGet(46)) - raft.server.log.segment.size.max = 1048576 (custom)
2022-12-15 22:22:19,867 [pool-117-thread-1] INFO  server.RaftServerConfigKeys (ConfUtils.java:logGet(46)) - raft.server.log.preallocated.size = 16384 (custom)
2022-12-15 22:22:19,867 [pool-117-thread-1] INFO  server.RaftServerConfigKeys (ConfUtils.java:logGet(46)) - raft.server.log.force.sync.num = 128 (default)
2022-12-15 22:22:19,867 [pool-117-thread-1] INFO  server.RaftServerConfigKeys (ConfUtils.java:logGet(46)) - raft.server.log.statemachine.data.sync = true (default)
2022-12-15 22:22:19,867 [pool-117-thread-1] INFO  server.RaftServerConfigKeys (ConfUtils.java:logGet(46)) - raft.server.log.statemachine.data.sync.timeout = 10s (default)
2022-12-15 22:22:19,867 [pool-117-thread-1] INFO  server.RaftServerConfigKeys (ConfUtils.java:logGet(46)) - raft.server.log.statemachine.data.sync.timeout.retry = -1 (default)
2022-12-15 22:22:19,871 [pool-117-thread-1] INFO  server.RaftServerConfigKeys (ConfUtils.java:logGet(46)) - raft.server.log.write.buffer.size = 1048576 (custom)
2022-12-15 22:22:19,873 [pool-117-thread-1] INFO  server.RaftServerConfigKeys (ConfUtils.java:logGet(46)) - raft.server.log.appender.buffer.byte-limit = 33554432 (custom)
2022-12-15 22:22:19,877 [pool-213-thread-1] INFO  server.RaftServerConfigKeys (ConfUtils.java:logGet(46)) - raft.server.log.unsafe-flush.enabled = false (default)
2022-12-15 22:22:19,877 [pool-213-thread-1] INFO  server.RaftServerConfigKeys (ConfUtils.java:logGet(46)) - raft.server.log.async-flush.enabled = false (default)
2022-12-15 22:22:19,877 [pool-213-thread-1] INFO  server.RaftServerConfigKeys (ConfUtils.java:logGet(46)) - raft.server.log.statemachine.data.caching.enabled = true (custom)
2022-12-15 22:22:19,878 [pool-213-thread-1] INFO  segmented.SegmentedRaftLogWorker (SegmentedRaftLogWorker.java:lambda$new$0(135)) - 30cdbfed-5eb6-4d94-b03b-823178923405@group-237829E36B1A-SegmentedRaftLogWorker: flushIndex: setUnconditionally 0 -> -1
2022-12-15 22:22:19,878 [pool-213-thread-1] INFO  segmented.SegmentedRaftLogWorker (SegmentedRaftLogWorker.java:lambda$new$0(135)) - 30cdbfed-5eb6-4d94-b03b-823178923405@group-237829E36B1A-SegmentedRaftLogWorker: safeCacheEvictIndex: setUnconditionally 0 -> -1
2022-12-15 22:22:19,878 [pool-213-thread-1] INFO  server.RaftServer$Division (RaftServerImpl.java:start(334)) - 30cdbfed-5eb6-4d94-b03b-823178923405@group-237829E36B1A: start as a follower, conf=-1: peers:[e0198350-5a80-4cc9-b4d4-fe7f34161fcd|rpc:10.1.0.13:33167|priority:1|startupRole:FOLLOWER, 8742ce53-ec43-4b5d-92fb-ca295b19fdac|rpc:10.1.0.13:44977|priority:0|startupRole:FOLLOWER, 30cdbfed-5eb6-4d94-b03b-823178923405|rpc:10.1.0.13:40489|priority:0|startupRole:FOLLOWER]|listeners:[], old=null
2022-12-15 22:22:19,878 [pool-213-thread-1] INFO  server.RaftServer$Division (RaftServerImpl.java:setRole(321)) - 30cdbfed-5eb6-4d94-b03b-823178923405@group-237829E36B1A: changes role from      null to FOLLOWER at term 0 for startAsFollower
2022-12-15 22:22:19,878 [pool-213-thread-1] INFO  impl.RoleInfo (RoleInfo.java:updateAndGet(139)) - 30cdbfed-5eb6-4d94-b03b-823178923405: start 30cdbfed-5eb6-4d94-b03b-823178923405@group-237829E36B1A-FollowerState
2022-12-15 22:22:19,880 [pool-213-thread-1] INFO  util.JmxRegister (JmxRegister.java:tryRegister(44)) - Successfully registered JMX Bean with object name Ratis:service=RaftServer,group=group-237829E36B1A,id=30cdbfed-5eb6-4d94-b03b-823178923405
2022-12-15 22:22:19,880 [pool-213-thread-1] INFO  server.RaftServerConfigKeys (ConfUtils.java:logGet(46)) - raft.server.snapshot.auto.trigger.enabled = true (custom)
2022-12-15 22:22:19,880 [pool-213-thread-1] INFO  server.RaftServerConfigKeys (ConfUtils.java:logGet(46)) - raft.server.snapshot.auto.trigger.threshold = 10000 (custom)
2022-12-15 22:22:19,880 [pool-213-thread-1] INFO  server.RaftServerConfigKeys (ConfUtils.java:logGet(46)) - raft.server.snapshot.retention.file.num = 5 (custom)
2022-12-15 22:22:19,880 [pool-213-thread-1] INFO  server.RaftServerConfigKeys (ConfUtils.java:logGet(46)) - raft.server.log.purge.upto.snapshot.index = false (default)
2022-12-15 22:22:19,881 [pool-117-thread-1] INFO  server.RaftServerConfigKeys (ConfUtils.java:logGet(46)) - raft.server.log.unsafe-flush.enabled = false (default)
2022-12-15 22:22:19,881 [pool-117-thread-1] INFO  server.RaftServerConfigKeys (ConfUtils.java:logGet(46)) - raft.server.log.async-flush.enabled = false (default)
2022-12-15 22:22:19,882 [pool-117-thread-1] INFO  server.RaftServerConfigKeys (ConfUtils.java:logGet(46)) - raft.server.log.statemachine.data.caching.enabled = true (custom)
2022-12-15 22:22:19,882 [30cdbfed-5eb6-4d94-b03b-823178923405@group-237829E36B1A-FollowerState] INFO  server.RaftServerConfigKeys (ConfUtils.java:logFallback(53)) - raft.server.rpc.first-election.timeout.min = 5s (fallback to raft.server.rpc.timeout.min)
2022-12-15 22:22:19,882 [30cdbfed-5eb6-4d94-b03b-823178923405@group-237829E36B1A-FollowerState] INFO  server.RaftServerConfigKeys (ConfUtils.java:logFallback(53)) - raft.server.rpc.first-election.timeout.max = 5200ms (fallback to raft.server.rpc.timeout.max)
2022-12-15 22:22:19,882 [pool-117-thread-1] INFO  segmented.SegmentedRaftLogWorker (SegmentedRaftLogWorker.java:lambda$new$0(135)) - 8742ce53-ec43-4b5d-92fb-ca295b19fdac@group-237829E36B1A-SegmentedRaftLogWorker: flushIndex: setUnconditionally 0 -> -1
2022-12-15 22:22:19,882 [pool-117-thread-1] INFO  segmented.SegmentedRaftLogWorker (SegmentedRaftLogWorker.java:lambda$new$0(135)) - 8742ce53-ec43-4b5d-92fb-ca295b19fdac@group-237829E36B1A-SegmentedRaftLogWorker: safeCacheEvictIndex: setUnconditionally 0 -> -1
2022-12-15 22:22:19,882 [Command processor thread] INFO  ratis.XceiverServerRatis (XceiverServerRatis.java:addGroup(765)) - Created group PipelineID=722ef8dd-2fb2-4365-8a24-237829e36b1a
2022-12-15 22:22:19,884 [pool-117-thread-1] INFO  server.RaftServer$Division (RaftServerImpl.java:start(334)) - 8742ce53-ec43-4b5d-92fb-ca295b19fdac@group-237829E36B1A: start as a follower, conf=-1: peers:[e0198350-5a80-4cc9-b4d4-fe7f34161fcd|rpc:10.1.0.13:33167|priority:1|startupRole:FOLLOWER, 8742ce53-ec43-4b5d-92fb-ca295b19fdac|rpc:10.1.0.13:44977|priority:0|startupRole:FOLLOWER, 30cdbfed-5eb6-4d94-b03b-823178923405|rpc:10.1.0.13:40489|priority:0|startupRole:FOLLOWER]|listeners:[], old=null
2022-12-15 22:22:19,884 [pool-117-thread-1] INFO  server.RaftServer$Division (RaftServerImpl.java:setRole(321)) - 8742ce53-ec43-4b5d-92fb-ca295b19fdac@group-237829E36B1A: changes role from      null to FOLLOWER at term 0 for startAsFollower
2022-12-15 22:22:19,884 [pool-117-thread-1] INFO  impl.RoleInfo (RoleInfo.java:updateAndGet(139)) - 8742ce53-ec43-4b5d-92fb-ca295b19fdac: start 8742ce53-ec43-4b5d-92fb-ca295b19fdac@group-237829E36B1A-FollowerState
2022-12-15 22:22:19,892 [EventQueue-CommandQueueReportForCommandQueueReportHandler] WARN  events.EventQueue (EventQueue.java:fireEvent(216)) - No event handler registered for event TypedEvent{payloadType=DatanodeDetails, name='Datanode_Command_Queue_Updated'}
2022-12-15 22:22:19,892 [EventQueue-OpenPipelineForHealthyPipelineSafeModeRule] INFO  safemode.SCMSafeModeManager (HealthyPipelineSafeModeRule.java:process(137)) - SCM in safe mode. Healthy pipelines reported count is 0, required healthy pipeline reported count is 1
2022-12-15 22:22:19,896 [grpc-default-executor-4] INFO  server.RaftServer (RaftServerProxy.java:addNew(96)) - e0198350-5a80-4cc9-b4d4-fe7f34161fcd: addNew group-237829E36B1A:[e0198350-5a80-4cc9-b4d4-fe7f34161fcd|rpc:10.1.0.13:33167|dataStream:|priority:1|startupRole:FOLLOWER, 8742ce53-ec43-4b5d-92fb-ca295b19fdac|rpc:10.1.0.13:44977|dataStream:|priority:0|startupRole:FOLLOWER, 30cdbfed-5eb6-4d94-b03b-823178923405|rpc:10.1.0.13:40489|dataStream:|priority:0|startupRole:FOLLOWER] returns group-237829E36B1A:java.util.concurrent.CompletableFuture@2850999e[Not completed]
2022-12-15 22:22:19,896 [pool-117-thread-1] INFO  util.JmxRegister (JmxRegister.java:tryRegister(44)) - Successfully registered JMX Bean with object name Ratis:service=RaftServer,group=group-237829E36B1A,id=8742ce53-ec43-4b5d-92fb-ca295b19fdac
2022-12-15 22:22:19,896 [pool-117-thread-1] INFO  server.RaftServerConfigKeys (ConfUtils.java:logGet(46)) - raft.server.snapshot.auto.trigger.enabled = true (custom)
2022-12-15 22:22:19,896 [pool-117-thread-1] INFO  server.RaftServerConfigKeys (ConfUtils.java:logGet(46)) - raft.server.snapshot.auto.trigger.threshold = 10000 (custom)
2022-12-15 22:22:19,896 [pool-117-thread-1] INFO  server.RaftServerConfigKeys (ConfUtils.java:logGet(46)) - raft.server.snapshot.retention.file.num = 5 (custom)
2022-12-15 22:22:19,896 [pool-117-thread-1] INFO  server.RaftServerConfigKeys (ConfUtils.java:logGet(46)) - raft.server.log.purge.upto.snapshot.index = false (default)
2022-12-15 22:22:19,897 [pool-94-thread-1] INFO  server.RaftServer$Division (RaftServerImpl.java:<init>(195)) - e0198350-5a80-4cc9-b4d4-fe7f34161fcd: new RaftServerImpl for group-237829E36B1A:[e0198350-5a80-4cc9-b4d4-fe7f34161fcd|rpc:10.1.0.13:33167|dataStream:|priority:1|startupRole:FOLLOWER, 8742ce53-ec43-4b5d-92fb-ca295b19fdac|rpc:10.1.0.13:44977|dataStream:|priority:0|startupRole:FOLLOWER, 30cdbfed-5eb6-4d94-b03b-823178923405|rpc:10.1.0.13:40489|dataStream:|priority:0|startupRole:FOLLOWER] with ContainerStateMachine:uninitialized
2022-12-15 22:22:19,897 [pool-94-thread-1] INFO  server.RaftServerConfigKeys (ConfUtils.java:logGet(46)) - raft.server.rpc.timeout.min = 5s (custom)
2022-12-15 22:22:19,897 [pool-94-thread-1] INFO  server.RaftServerConfigKeys (ConfUtils.java:logGet(46)) - raft.server.rpc.timeout.max = 5200ms (custom)
2022-12-15 22:22:19,897 [pool-94-thread-1] INFO  server.RaftServerConfigKeys (ConfUtils.java:logGet(46)) - raft.server.rpc.sleep.time = 25ms (default)
2022-12-15 22:22:19,897 [pool-94-thread-1] INFO  server.RaftServerConfigKeys (ConfUtils.java:logGet(46)) - raft.server.rpc.slowness.timeout = 300s (custom)
2022-12-15 22:22:19,897 [pool-94-thread-1] INFO  server.RaftServerConfigKeys (ConfUtils.java:logGet(46)) - raft.server.leaderelection.leader.step-down.wait-time = 10s (default)
2022-12-15 22:22:19,897 [pool-94-thread-1] INFO  server.RaftServerConfigKeys (ConfUtils.java:logGet(46)) - raft.server.sleep.deviation.threshold = 300ms (default)
2022-12-15 22:22:19,897 [pool-94-thread-1] INFO  server.RaftServer$Division (ServerState.java:<init>(118)) - e0198350-5a80-4cc9-b4d4-fe7f34161fcd@group-237829E36B1A: ConfigurationManager, init=-1: peers:[e0198350-5a80-4cc9-b4d4-fe7f34161fcd|rpc:10.1.0.13:33167|dataStream:|priority:1|startupRole:FOLLOWER, 8742ce53-ec43-4b5d-92fb-ca295b19fdac|rpc:10.1.0.13:44977|dataStream:|priority:0|startupRole:FOLLOWER, 30cdbfed-5eb6-4d94-b03b-823178923405|rpc:10.1.0.13:40489|dataStream:|priority:0|startupRole:FOLLOWER]|listeners:[], old=null, confs=<EMPTY_MAP>
2022-12-15 22:22:19,897 [8742ce53-ec43-4b5d-92fb-ca295b19fdac@group-237829E36B1A-FollowerState] INFO  server.RaftServerConfigKeys (ConfUtils.java:logFallback(53)) - raft.server.rpc.first-election.timeout.min = 5s (fallback to raft.server.rpc.timeout.min)
2022-12-15 22:22:19,897 [pool-94-thread-1] INFO  server.RaftServerConfigKeys (ConfUtils.java:logGet(46)) - raft.server.storage.dir = [/home/runner/work/ozone/ozone/hadoop-ozone/integration-test/target/test-dir/MiniOzoneClusterImpl-67032562-5e12-4c4f-a5ab-79ddd1e2132c/datanode-1/data/ratis] (custom)
2022-12-15 22:22:19,897 [8742ce53-ec43-4b5d-92fb-ca295b19fdac@group-237829E36B1A-FollowerState] INFO  server.RaftServerConfigKeys (ConfUtils.java:logFallback(53)) - raft.server.rpc.first-election.timeout.max = 5200ms (fallback to raft.server.rpc.timeout.max)
2022-12-15 22:22:19,897 [pool-94-thread-1] INFO  server.RaftServerConfigKeys (ConfUtils.java:logGet(46)) - raft.server.log.corruption.policy = EXCEPTION (default)
2022-12-15 22:22:19,897 [Command processor thread] INFO  ratis.XceiverServerRatis (XceiverServerRatis.java:addGroup(765)) - Created group PipelineID=722ef8dd-2fb2-4365-8a24-237829e36b1a
2022-12-15 22:22:19,897 [pool-94-thread-1] INFO  server.RaftServerConfigKeys (ConfUtils.java:logGet(46)) - raft.server.storage.free-space.min = 0MB (=0) (default)
2022-12-15 22:22:19,898 [pool-94-thread-1] INFO  server.RaftServerConfigKeys (ConfUtils.java:logGet(46)) - raft.server.notification.no-leader.timeout = 300s (custom)
2022-12-15 22:22:19,898 [pool-94-thread-1] INFO  server.RaftServerConfigKeys (ConfUtils.java:logGet(46)) - raft.server.retrycache.expirytime = 600000ms (custom)
2022-12-15 22:22:19,898 [pool-94-thread-1] INFO  server.RaftServerConfigKeys (ConfUtils.java:logGet(46)) - raft.server.retrycache.statistics.expirytime = 100μs (default)
2022-12-15 22:22:19,899 [pool-94-thread-1] INFO  server.RaftServerConfigKeys (ConfUtils.java:logGet(46)) - raft.server.log.appender.install.snapshot.enabled = false (custom)
2022-12-15 22:22:19,899 [pool-94-thread-1] INFO  server.RaftServerConfigKeys (ConfUtils.java:logGet(46)) - raft.server.threadpool.server.cached = true (default)
2022-12-15 22:22:19,899 [pool-94-thread-1] INFO  server.RaftServerConfigKeys (ConfUtils.java:logGet(46)) - raft.server.threadpool.server.size = 0 (default)
2022-12-15 22:22:19,899 [pool-94-thread-1] INFO  server.RaftServerConfigKeys (ConfUtils.java:logGet(46)) - raft.server.threadpool.client.cached = true (default)
2022-12-15 22:22:19,899 [pool-94-thread-1] INFO  server.RaftServerConfigKeys (ConfUtils.java:logGet(46)) - raft.server.threadpool.client.size = 0 (default)
2022-12-15 22:22:19,900 [pool-94-thread-1] INFO  storage.RaftStorageDirectory (RaftStorageDirectoryImpl.java:analyzeStorage(137)) - The storage directory /home/runner/work/ozone/ozone/hadoop-ozone/integration-test/target/test-dir/MiniOzoneClusterImpl-67032562-5e12-4c4f-a5ab-79ddd1e2132c/datanode-1/data/ratis/722ef8dd-2fb2-4365-8a24-237829e36b1a does not exist. Creating ...
2022-12-15 22:22:19,902 [pool-94-thread-1] INFO  storage.RaftStorageDirectory (RaftStorageDirectoryImpl.java:tryLock(231)) - Lock on /home/runner/work/ozone/ozone/hadoop-ozone/integration-test/target/test-dir/MiniOzoneClusterImpl-67032562-5e12-4c4f-a5ab-79ddd1e2132c/datanode-1/data/ratis/722ef8dd-2fb2-4365-8a24-237829e36b1a/in_use.lock acquired by nodename 2635@fv-az83-67
2022-12-15 22:22:19,905 [pool-94-thread-1] INFO  storage.RaftStorage (RaftStorageImpl.java:format(96)) - Storage directory /home/runner/work/ozone/ozone/hadoop-ozone/integration-test/target/test-dir/MiniOzoneClusterImpl-67032562-5e12-4c4f-a5ab-79ddd1e2132c/datanode-1/data/ratis/722ef8dd-2fb2-4365-8a24-237829e36b1a has been successfully formatted.
2022-12-15 22:22:19,905 [pool-94-thread-1] INFO  ratis.ContainerStateMachine (ContainerStateMachine.java:loadSnapshot(236)) - group-237829E36B1A: The snapshot info is null. Setting the last applied indexto:(t:0, i:~)
2022-12-15 22:22:19,905 [pool-94-thread-1] INFO  server.RaftServerConfigKeys (ConfUtils.java:logGet(46)) - raft.server.log.use.memory = false (default)
2022-12-15 22:22:19,906 [pool-94-thread-1] INFO  server.RaftServerConfigKeys (ConfUtils.java:logGet(46)) - raft.server.log.purge.gap = 1000000 (custom)
2022-12-15 22:22:19,906 [pool-94-thread-1] INFO  server.RaftServerConfigKeys (ConfUtils.java:logGet(46)) - raft.server.log.appender.buffer.byte-limit = 33554432 (custom)
2022-12-15 22:22:19,906 [pool-94-thread-1] INFO  server.RaftServerConfigKeys (ConfUtils.java:logGet(46)) - raft.server.log.statemachine.data.read.timeout = 1000ms (default)
2022-12-15 22:22:19,906 [pool-94-thread-1] INFO  server.RaftServerConfigKeys (ConfUtils.java:logGet(46)) - raft.server.log.purge.preservation.log.num = 0 (default)
2022-12-15 22:22:19,906 [pool-94-thread-1] INFO  server.RaftServerConfigKeys (ConfUtils.java:logGet(46)) - raft.server.log.segment.size.max = 1048576 (custom)
2022-12-15 22:22:19,907 [pool-94-thread-1] INFO  server.RaftServerConfigKeys (ConfUtils.java:logGet(46)) - raft.server.log.segment.cache.num.max = 2 (custom)
2022-12-15 22:22:19,907 [pool-94-thread-1] INFO  server.RaftServerConfigKeys (ConfUtils.java:logGet(46)) - raft.server.log.segment.cache.size.max = 200MB (=209715200) (default)
2022-12-15 22:22:19,907 [pool-94-thread-1] INFO  segmented.SegmentedRaftLogWorker (SegmentedRaftLogWorker.java:<init>(189)) - new e0198350-5a80-4cc9-b4d4-fe7f34161fcd@group-237829E36B1A-SegmentedRaftLogWorker for RaftStorageImpl:Storage Directory /home/runner/work/ozone/ozone/hadoop-ozone/integration-test/target/test-dir/MiniOzoneClusterImpl-67032562-5e12-4c4f-a5ab-79ddd1e2132c/datanode-1/data/ratis/722ef8dd-2fb2-4365-8a24-237829e36b1a
2022-12-15 22:22:19,907 [pool-94-thread-1] INFO  server.RaftServerConfigKeys (ConfUtils.java:logGet(46)) - raft.server.log.queue.byte-limit = 4294967296 (custom)
2022-12-15 22:22:19,907 [pool-94-thread-1] INFO  server.RaftServerConfigKeys (ConfUtils.java:logGet(46)) - raft.server.log.queue.element-limit = 1024 (custom)
2022-12-15 22:22:19,907 [pool-94-thread-1] INFO  server.RaftServerConfigKeys (ConfUtils.java:logGet(46)) - raft.server.log.segment.size.max = 1048576 (custom)
2022-12-15 22:22:19,907 [pool-94-thread-1] INFO  server.RaftServerConfigKeys (ConfUtils.java:logGet(46)) - raft.server.log.preallocated.size = 16384 (custom)
2022-12-15 22:22:19,909 [pool-94-thread-1] INFO  server.RaftServerConfigKeys (ConfUtils.java:logGet(46)) - raft.server.log.force.sync.num = 128 (default)
2022-12-15 22:22:19,910 [pool-94-thread-1] INFO  server.RaftServerConfigKeys (ConfUtils.java:logGet(46)) - raft.server.log.statemachine.data.sync = true (default)
2022-12-15 22:22:19,913 [pool-94-thread-1] INFO  server.RaftServerConfigKeys (ConfUtils.java:logGet(46)) - raft.server.log.statemachine.data.sync.timeout = 10s (default)
2022-12-15 22:22:19,914 [pool-94-thread-1] INFO  server.RaftServerConfigKeys (ConfUtils.java:logGet(46)) - raft.server.log.statemachine.data.sync.timeout.retry = -1 (default)
2022-12-15 22:22:19,915 [pool-94-thread-1] INFO  server.RaftServerConfigKeys (ConfUtils.java:logGet(46)) - raft.server.log.write.buffer.size = 1048576 (custom)
2022-12-15 22:22:19,915 [pool-94-thread-1] INFO  server.RaftServerConfigKeys (ConfUtils.java:logGet(46)) - raft.server.log.appender.buffer.byte-limit = 33554432 (custom)
2022-12-15 22:22:19,913 [EventQueue-CommandQueueReportForCommandQueueReportHandler] WARN  events.EventQueue (EventQueue.java:fireEvent(216)) - No event handler registered for event TypedEvent{payloadType=DatanodeDetails, name='Datanode_Command_Queue_Updated'}
2022-12-15 22:22:19,931 [pool-94-thread-1] INFO  server.RaftServerConfigKeys (ConfUtils.java:logGet(46)) - raft.server.log.unsafe-flush.enabled = false (default)
2022-12-15 22:22:19,931 [pool-94-thread-1] INFO  server.RaftServerConfigKeys (ConfUtils.java:logGet(46)) - raft.server.log.async-flush.enabled = false (default)
2022-12-15 22:22:19,931 [pool-94-thread-1] INFO  server.RaftServerConfigKeys (ConfUtils.java:logGet(46)) - raft.server.log.statemachine.data.caching.enabled = true (custom)
2022-12-15 22:22:19,931 [pool-94-thread-1] INFO  segmented.SegmentedRaftLogWorker (SegmentedRaftLogWorker.java:lambda$new$0(135)) - e0198350-5a80-4cc9-b4d4-fe7f34161fcd@group-237829E36B1A-SegmentedRaftLogWorker: flushIndex: setUnconditionally 0 -> -1
2022-12-15 22:22:19,931 [pool-94-thread-1] INFO  segmented.SegmentedRaftLogWorker (SegmentedRaftLogWorker.java:lambda$new$0(135)) - e0198350-5a80-4cc9-b4d4-fe7f34161fcd@group-237829E36B1A-SegmentedRaftLogWorker: safeCacheEvictIndex: setUnconditionally 0 -> -1
2022-12-15 22:22:19,936 [pool-94-thread-1] INFO  server.RaftServer$Division (RaftServerImpl.java:start(334)) - e0198350-5a80-4cc9-b4d4-fe7f34161fcd@group-237829E36B1A: start as a follower, conf=-1: peers:[e0198350-5a80-4cc9-b4d4-fe7f34161fcd|rpc:10.1.0.13:33167|dataStream:|priority:1|startupRole:FOLLOWER, 8742ce53-ec43-4b5d-92fb-ca295b19fdac|rpc:10.1.0.13:44977|dataStream:|priority:0|startupRole:FOLLOWER, 30cdbfed-5eb6-4d94-b03b-823178923405|rpc:10.1.0.13:40489|dataStream:|priority:0|startupRole:FOLLOWER]|listeners:[], old=null
2022-12-15 22:22:19,936 [pool-94-thread-1] INFO  server.RaftServer$Division (RaftServerImpl.java:setRole(321)) - e0198350-5a80-4cc9-b4d4-fe7f34161fcd@group-237829E36B1A: changes role from      null to FOLLOWER at term 0 for startAsFollower
2022-12-15 22:22:19,936 [pool-94-thread-1] INFO  impl.RoleInfo (RoleInfo.java:updateAndGet(139)) - e0198350-5a80-4cc9-b4d4-fe7f34161fcd: start e0198350-5a80-4cc9-b4d4-fe7f34161fcd@group-237829E36B1A-FollowerState
2022-12-15 22:22:19,941 [pool-94-thread-1] INFO  util.JmxRegister (JmxRegister.java:tryRegister(44)) - Successfully registered JMX Bean with object name Ratis:service=RaftServer,group=group-237829E36B1A,id=e0198350-5a80-4cc9-b4d4-fe7f34161fcd
2022-12-15 22:22:19,941 [pool-94-thread-1] INFO  server.RaftServerConfigKeys (ConfUtils.java:logGet(46)) - raft.server.snapshot.auto.trigger.enabled = true (custom)
2022-12-15 22:22:19,941 [pool-94-thread-1] INFO  server.RaftServerConfigKeys (ConfUtils.java:logGet(46)) - raft.server.snapshot.auto.trigger.threshold = 10000 (custom)
2022-12-15 22:22:19,941 [pool-94-thread-1] INFO  server.RaftServerConfigKeys (ConfUtils.java:logGet(46)) - raft.server.snapshot.retention.file.num = 5 (custom)
2022-12-15 22:22:19,941 [pool-94-thread-1] INFO  server.RaftServerConfigKeys (ConfUtils.java:logGet(46)) - raft.server.log.purge.upto.snapshot.index = false (default)
2022-12-15 22:22:19,942 [e0198350-5a80-4cc9-b4d4-fe7f34161fcd@group-237829E36B1A-FollowerState] INFO  server.RaftServerConfigKeys (ConfUtils.java:logFallback(53)) - raft.server.rpc.first-election.timeout.min = 5s (fallback to raft.server.rpc.timeout.min)
2022-12-15 22:22:19,942 [e0198350-5a80-4cc9-b4d4-fe7f34161fcd@group-237829E36B1A-FollowerState] INFO  server.RaftServerConfigKeys (ConfUtils.java:logFallback(53)) - raft.server.rpc.first-election.timeout.max = 5200ms (fallback to raft.server.rpc.timeout.max)
2022-12-15 22:22:19,960 [Command processor thread] INFO  commandhandler.CreatePipelineCommandHandler (CreatePipelineCommandHandler.java:handle(113)) - Created Pipeline RATIS THREE PipelineID=722ef8dd-2fb2-4365-8a24-237829e36b1a.
2022-12-15 22:22:19,990 [Command processor thread] INFO  commandhandler.CreatePipelineCommandHandler (CreatePipelineCommandHandler.java:handle(113)) - Created Pipeline RATIS THREE PipelineID=722ef8dd-2fb2-4365-8a24-237829e36b1a.
2022-12-15 22:22:20,001 [EventQueue-CommandQueueReportForCommandQueueReportHandler] WARN  events.EventQueue (EventQueue.java:fireEvent(216)) - No event handler registered for event TypedEvent{payloadType=DatanodeDetails, name='Datanode_Command_Queue_Updated'}
2022-12-15 22:22:20,018 [EventQueue-CommandQueueReportForCommandQueueReportHandler] WARN  events.EventQueue (EventQueue.java:fireEvent(216)) - No event handler registered for event TypedEvent{payloadType=DatanodeDetails, name='Datanode_Command_Queue_Updated'}
2022-12-15 22:22:20,018 [EventQueue-OpenPipelineForHealthyPipelineSafeModeRule] INFO  safemode.SCMSafeModeManager (HealthyPipelineSafeModeRule.java:process(137)) - SCM in safe mode. Healthy pipelines reported count is 0, required healthy pipeline reported count is 1
2022-12-15 22:22:20,041 [EventQueue-CommandQueueReportForCommandQueueReportHandler] WARN  events.EventQueue (EventQueue.java:fireEvent(216)) - No event handler registered for event TypedEvent{payloadType=DatanodeDetails, name='Datanode_Command_Queue_Updated'}
2022-12-15 22:22:20,266 [Over Replicated Processor] INFO  replication.OverReplicatedProcessor (OverReplicatedProcessor.java:processAll(79)) - Processed 0 over replicated containers, failed processing 0
2022-12-15 22:22:20,288 [ReplicationMonitor] INFO  replication.ReplicationManager (ReplicationManager.java:processAll(327)) - Replication Manager is not ready to run until 3000ms after safemode exit
2022-12-15 22:22:20,292 [Command processor thread] INFO  server.RaftServer (RaftServerProxy.java:addNew(96)) - a2b0f54d-1a24-4450-b7bb-6a8d8fd6bbfe: addNew group-3B4E6F0384AE:[a2b0f54d-1a24-4450-b7bb-6a8d8fd6bbfe|rpc:10.1.0.13:34063|priority:1|startupRole:FOLLOWER] returns group-3B4E6F0384AE:java.util.concurrent.CompletableFuture@7bf218b4[Not completed]
2022-12-15 22:22:20,293 [pool-589-thread-1] INFO  server.RaftServer$Division (RaftServerImpl.java:<init>(195)) - a2b0f54d-1a24-4450-b7bb-6a8d8fd6bbfe: new RaftServerImpl for group-3B4E6F0384AE:[a2b0f54d-1a24-4450-b7bb-6a8d8fd6bbfe|rpc:10.1.0.13:34063|priority:1|startupRole:FOLLOWER] with ContainerStateMachine:uninitialized
2022-12-15 22:22:20,293 [pool-589-thread-1] INFO  server.RaftServerConfigKeys (ConfUtils.java:logGet(46)) - raft.server.rpc.timeout.min = 5s (custom)
2022-12-15 22:22:20,293 [pool-589-thread-1] INFO  server.RaftServerConfigKeys (ConfUtils.java:logGet(46)) - raft.server.rpc.timeout.max = 5200ms (custom)
2022-12-15 22:22:20,293 [pool-589-thread-1] INFO  server.RaftServerConfigKeys (ConfUtils.java:logGet(46)) - raft.server.rpc.sleep.time = 25ms (default)
2022-12-15 22:22:20,293 [pool-589-thread-1] INFO  server.RaftServerConfigKeys (ConfUtils.java:logGet(46)) - raft.server.rpc.slowness.timeout = 300s (custom)
2022-12-15 22:22:20,293 [pool-589-thread-1] INFO  server.RaftServerConfigKeys (ConfUtils.java:logGet(46)) - raft.server.leaderelection.leader.step-down.wait-time = 10s (default)
2022-12-15 22:22:20,293 [pool-589-thread-1] INFO  server.RaftServerConfigKeys (ConfUtils.java:logGet(46)) - raft.server.sleep.deviation.threshold = 300ms (default)
2022-12-15 22:22:20,293 [pool-589-thread-1] INFO  server.RaftServer$Division (ServerState.java:<init>(118)) - a2b0f54d-1a24-4450-b7bb-6a8d8fd6bbfe@group-3B4E6F0384AE: ConfigurationManager, init=-1: peers:[a2b0f54d-1a24-4450-b7bb-6a8d8fd6bbfe|rpc:10.1.0.13:34063|priority:1|startupRole:FOLLOWER]|listeners:[], old=null, confs=<EMPTY_MAP>
2022-12-15 22:22:20,294 [pool-589-thread-1] INFO  server.RaftServerConfigKeys (ConfUtils.java:logGet(46)) - raft.server.storage.dir = [/home/runner/work/ozone/ozone/hadoop-ozone/integration-test/target/test-dir/MiniOzoneClusterImpl-c952205c-0de4-41d8-8615-baf19f81c5db/datanode-5/data/ratis] (custom)
2022-12-15 22:22:20,294 [pool-589-thread-1] INFO  server.RaftServerConfigKeys (ConfUtils.java:logGet(46)) - raft.server.log.corruption.policy = EXCEPTION (default)
2022-12-15 22:22:20,294 [pool-589-thread-1] INFO  server.RaftServerConfigKeys (ConfUtils.java:logGet(46)) - raft.server.storage.free-space.min = 0MB (=0) (default)
2022-12-15 22:22:20,294 [pool-589-thread-1] INFO  server.RaftServerConfigKeys (ConfUtils.java:logGet(46)) - raft.server.notification.no-leader.timeout = 300s (custom)
2022-12-15 22:22:20,294 [pool-589-thread-1] INFO  server.RaftServerConfigKeys (ConfUtils.java:logGet(46)) - raft.server.retrycache.expirytime = 600000ms (custom)
2022-12-15 22:22:20,294 [pool-589-thread-1] INFO  server.RaftServerConfigKeys (ConfUtils.java:logGet(46)) - raft.server.retrycache.statistics.expirytime = 100μs (default)
2022-12-15 22:22:20,296 [pool-589-thread-1] INFO  server.RaftServerConfigKeys (ConfUtils.java:logGet(46)) - raft.server.log.appender.install.snapshot.enabled = false (custom)
2022-12-15 22:22:20,296 [pool-589-thread-1] INFO  server.RaftServerConfigKeys (ConfUtils.java:logGet(46)) - raft.server.threadpool.server.cached = true (default)
2022-12-15 22:22:20,296 [pool-589-thread-1] INFO  server.RaftServerConfigKeys (ConfUtils.java:logGet(46)) - raft.server.threadpool.server.size = 0 (default)
2022-12-15 22:22:20,296 [pool-589-thread-1] INFO  server.RaftServerConfigKeys (ConfUtils.java:logGet(46)) - raft.server.threadpool.client.cached = true (default)
2022-12-15 22:22:20,296 [pool-589-thread-1] INFO  server.RaftServerConfigKeys (ConfUtils.java:logGet(46)) - raft.server.threadpool.client.size = 0 (default)
2022-12-15 22:22:20,297 [pool-589-thread-1] INFO  storage.RaftStorageDirectory (RaftStorageDirectoryImpl.java:analyzeStorage(137)) - The storage directory /home/runner/work/ozone/ozone/hadoop-ozone/integration-test/target/test-dir/MiniOzoneClusterImpl-c952205c-0de4-41d8-8615-baf19f81c5db/datanode-5/data/ratis/ad7d7054-0abe-42ea-bcb3-3b4e6f0384ae does not exist. Creating ...
2022-12-15 22:22:20,299 [pool-589-thread-1] INFO  storage.RaftStorageDirectory (RaftStorageDirectoryImpl.java:tryLock(231)) - Lock on /home/runner/work/ozone/ozone/hadoop-ozone/integration-test/target/test-dir/MiniOzoneClusterImpl-c952205c-0de4-41d8-8615-baf19f81c5db/datanode-5/data/ratis/ad7d7054-0abe-42ea-bcb3-3b4e6f0384ae/in_use.lock acquired by nodename 2635@fv-az83-67
2022-12-15 22:22:20,301 [pool-589-thread-1] INFO  storage.RaftStorage (RaftStorageImpl.java:format(96)) - Storage directory /home/runner/work/ozone/ozone/hadoop-ozone/integration-test/target/test-dir/MiniOzoneClusterImpl-c952205c-0de4-41d8-8615-baf19f81c5db/datanode-5/data/ratis/ad7d7054-0abe-42ea-bcb3-3b4e6f0384ae has been successfully formatted.
2022-12-15 22:22:20,302 [pool-589-thread-1] INFO  ratis.ContainerStateMachine (ContainerStateMachine.java:loadSnapshot(236)) - group-3B4E6F0384AE: The snapshot info is null. Setting the last applied indexto:(t:0, i:~)
2022-12-15 22:22:20,302 [pool-589-thread-1] INFO  server.RaftServerConfigKeys (ConfUtils.java:logGet(46)) - raft.server.log.use.memory = false (default)
2022-12-15 22:22:20,302 [pool-589-thread-1] INFO  server.RaftServerConfigKeys (ConfUtils.java:logGet(46)) - raft.server.log.purge.gap = 1000000 (custom)
2022-12-15 22:22:20,302 [pool-589-thread-1] INFO  server.RaftServerConfigKeys (ConfUtils.java:logGet(46)) - raft.server.log.appender.buffer.byte-limit = 33554432 (custom)
2022-12-15 22:22:20,302 [pool-589-thread-1] INFO  server.RaftServerConfigKeys (ConfUtils.java:logGet(46)) - raft.server.log.statemachine.data.read.timeout = 1000ms (default)
2022-12-15 22:22:20,302 [pool-589-thread-1] INFO  server.RaftServerConfigKeys (ConfUtils.java:logGet(46)) - raft.server.log.purge.preservation.log.num = 0 (default)
2022-12-15 22:22:20,303 [pool-589-thread-1] INFO  server.RaftServerConfigKeys (ConfUtils.java:logGet(46)) - raft.server.log.segment.size.max = 1048576 (custom)
2022-12-15 22:22:20,303 [pool-589-thread-1] INFO  server.RaftServerConfigKeys (ConfUtils.java:logGet(46)) - raft.server.log.segment.cache.num.max = 2 (custom)
2022-12-15 22:22:20,303 [pool-589-thread-1] INFO  server.RaftServerConfigKeys (ConfUtils.java:logGet(46)) - raft.server.log.segment.cache.size.max = 200MB (=209715200) (default)
2022-12-15 22:22:20,303 [ReplicationMonitor] INFO  replication.ReplicationManager (ReplicationManager.java:processAll(360)) - Replication Monitor Thread took 1 milliseconds for processing 8 containers.
2022-12-15 22:22:20,303 [pool-589-thread-1] INFO  segmented.SegmentedRaftLogWorker (SegmentedRaftLogWorker.java:<init>(189)) - new a2b0f54d-1a24-4450-b7bb-6a8d8fd6bbfe@group-3B4E6F0384AE-SegmentedRaftLogWorker for RaftStorageImpl:Storage Directory /home/runner/work/ozone/ozone/hadoop-ozone/integration-test/target/test-dir/MiniOzoneClusterImpl-c952205c-0de4-41d8-8615-baf19f81c5db/datanode-5/data/ratis/ad7d7054-0abe-42ea-bcb3-3b4e6f0384ae
2022-12-15 22:22:20,304 [pool-589-thread-1] INFO  server.RaftServerConfigKeys (ConfUtils.java:logGet(46)) - raft.server.log.queue.byte-limit = 4294967296 (custom)
2022-12-15 22:22:20,304 [pool-589-thread-1] INFO  server.RaftServerConfigKeys (ConfUtils.java:logGet(46)) - raft.server.log.queue.element-limit = 1024 (custom)
2022-12-15 22:22:20,304 [pool-589-thread-1] INFO  server.RaftServerConfigKeys (ConfUtils.java:logGet(46)) - raft.server.log.segment.size.max = 1048576 (custom)
2022-12-15 22:22:20,304 [pool-589-thread-1] INFO  server.RaftServerConfigKeys (ConfUtils.java:logGet(46)) - raft.server.log.preallocated.size = 16384 (custom)
2022-12-15 22:22:20,304 [pool-589-thread-1] INFO  server.RaftServerConfigKeys (ConfUtils.java:logGet(46)) - raft.server.log.force.sync.num = 128 (default)
2022-12-15 22:22:20,304 [pool-589-thread-1] INFO  server.RaftServerConfigKeys (ConfUtils.java:logGet(46)) - raft.server.log.statemachine.data.sync = true (default)
2022-12-15 22:22:20,305 [EventQueue-PipelineReportForPipelineReportHandler] INFO  pipeline.PipelineManagerImpl (PipelineManagerImpl.java:openPipeline(367)) - Pipeline Pipeline[ Id: ad7d7054-0abe-42ea-bcb3-3b4e6f0384ae, Nodes: a2b0f54d-1a24-4450-b7bb-6a8d8fd6bbfe{ip: 10.1.0.13, host: fv-az83-67.pawgbth4qraerhbqawdeo1jfng.dx.internal.cloudapp.net, ports: [REPLICATION=40465, RATIS=34063, RATIS_ADMIN=34063, RATIS_SERVER=34063, STANDALONE=33799], networkLocation: /default-rack, certSerialId: null, persistedOpState: IN_SERVICE, persistedOpStateExpiryEpochSec: 0}, ReplicationConfig: RATIS/ONE, State:ALLOCATED, leaderId:a2b0f54d-1a24-4450-b7bb-6a8d8fd6bbfe, CreationTimestamp2022-12-15T22:22:17.298Z[Etc/UTC]] moved to OPEN state
2022-12-15 22:22:20,306 [EventQueue-OpenPipelineForHealthyPipelineSafeModeRule] INFO  safemode.SCMSafeModeManager (HealthyPipelineSafeModeRule.java:process(137)) - SCM in safe mode. Healthy pipelines reported count is 0, required healthy pipeline reported count is 1
2022-12-15 22:22:20,305 [EventQueue-CommandQueueReportForCommandQueueReportHandler] WARN  events.EventQueue (EventQueue.java:fireEvent(216)) - No event handler registered for event TypedEvent{payloadType=DatanodeDetails, name='Datanode_Command_Queue_Updated'}
2022-12-15 22:22:20,306 [pool-589-thread-1] INFO  server.RaftServerConfigKeys (ConfUtils.java:logGet(46)) - raft.server.log.statemachine.data.sync.timeout = 10s (default)
2022-12-15 22:22:20,307 [pool-589-thread-1] INFO  server.RaftServerConfigKeys (ConfUtils.java:logGet(46)) - raft.server.log.statemachine.data.sync.timeout.retry = -1 (default)
2022-12-15 22:22:20,308 [pool-589-thread-1] INFO  server.RaftServerConfigKeys (ConfUtils.java:logGet(46)) - raft.server.log.write.buffer.size = 1048576 (custom)
2022-12-15 22:22:20,314 [Under Replicated Processor] INFO  replication.UnderReplicatedProcessor (UnderReplicatedProcessor.java:processAll(79)) - Processed 0 under replicated containers, failed processing 0
2022-12-15 22:22:20,315 [pool-589-thread-1] INFO  server.RaftServerConfigKeys (ConfUtils.java:logGet(46)) - raft.server.log.appender.buffer.byte-limit = 33554432 (custom)
2022-12-15 22:22:20,321 [pool-589-thread-1] INFO  server.RaftServerConfigKeys (ConfUtils.java:logGet(46)) - raft.server.log.unsafe-flush.enabled = false (default)
2022-12-15 22:22:20,322 [pool-589-thread-1] INFO  server.RaftServerConfigKeys (ConfUtils.java:logGet(46)) - raft.server.log.async-flush.enabled = false (default)
2022-12-15 22:22:20,322 [pool-589-thread-1] INFO  server.RaftServerConfigKeys (ConfUtils.java:logGet(46)) - raft.server.log.statemachine.data.caching.enabled = true (custom)
2022-12-15 22:22:20,322 [pool-589-thread-1] INFO  segmented.SegmentedRaftLogWorker (SegmentedRaftLogWorker.java:lambda$new$0(135)) - a2b0f54d-1a24-4450-b7bb-6a8d8fd6bbfe@group-3B4E6F0384AE-SegmentedRaftLogWorker: flushIndex: setUnconditionally 0 -> -1
2022-12-15 22:22:20,322 [pool-589-thread-1] INFO  segmented.SegmentedRaftLogWorker (SegmentedRaftLogWorker.java:lambda$new$0(135)) - a2b0f54d-1a24-4450-b7bb-6a8d8fd6bbfe@group-3B4E6F0384AE-SegmentedRaftLogWorker: safeCacheEvictIndex: setUnconditionally 0 -> -1
2022-12-15 22:22:20,322 [pool-589-thread-1] INFO  server.RaftServer$Division (RaftServerImpl.java:start(334)) - a2b0f54d-1a24-4450-b7bb-6a8d8fd6bbfe@group-3B4E6F0384AE: start as a follower, conf=-1: peers:[a2b0f54d-1a24-4450-b7bb-6a8d8fd6bbfe|rpc:10.1.0.13:34063|priority:1|startupRole:FOLLOWER]|listeners:[], old=null
2022-12-15 22:22:20,322 [pool-589-thread-1] INFO  server.RaftServer$Division (RaftServerImpl.java:setRole(321)) - a2b0f54d-1a24-4450-b7bb-6a8d8fd6bbfe@group-3B4E6F0384AE: changes role from      null to FOLLOWER at term 0 for startAsFollower
2022-12-15 22:22:20,323 [pool-589-thread-1] INFO  impl.RoleInfo (RoleInfo.java:updateAndGet(139)) - a2b0f54d-1a24-4450-b7bb-6a8d8fd6bbfe: start a2b0f54d-1a24-4450-b7bb-6a8d8fd6bbfe@group-3B4E6F0384AE-FollowerState
2022-12-15 22:22:20,323 [pool-589-thread-1] INFO  util.JmxRegister (JmxRegister.java:tryRegister(44)) - Successfully registered JMX Bean with object name Ratis:service=RaftServer,group=group-3B4E6F0384AE,id=a2b0f54d-1a24-4450-b7bb-6a8d8fd6bbfe
2022-12-15 22:22:20,323 [pool-589-thread-1] INFO  server.RaftServerConfigKeys (ConfUtils.java:logGet(46)) - raft.server.snapshot.auto.trigger.enabled = true (custom)
2022-12-15 22:22:20,323 [pool-589-thread-1] INFO  server.RaftServerConfigKeys (ConfUtils.java:logGet(46)) - raft.server.snapshot.auto.trigger.threshold = 10000 (custom)
2022-12-15 22:22:20,323 [pool-589-thread-1] INFO  server.RaftServerConfigKeys (ConfUtils.java:logGet(46)) - raft.server.snapshot.retention.file.num = 5 (custom)
2022-12-15 22:22:20,323 [pool-589-thread-1] INFO  server.RaftServerConfigKeys (ConfUtils.java:logGet(46)) - raft.server.log.purge.upto.snapshot.index = false (default)
2022-12-15 22:22:20,324 [a2b0f54d-1a24-4450-b7bb-6a8d8fd6bbfe@group-3B4E6F0384AE-FollowerState] INFO  server.RaftServerConfigKeys (ConfUtils.java:logFallback(53)) - raft.server.rpc.first-election.timeout.min = 5s (fallback to raft.server.rpc.timeout.min)
2022-12-15 22:22:20,324 [a2b0f54d-1a24-4450-b7bb-6a8d8fd6bbfe@group-3B4E6F0384AE-FollowerState] INFO  server.RaftServerConfigKeys (ConfUtils.java:logFallback(53)) - raft.server.rpc.first-election.timeout.max = 5200ms (fallback to raft.server.rpc.timeout.max)
2022-12-15 22:22:20,324 [EventQueue-CommandQueueReportForCommandQueueReportHandler] WARN  events.EventQueue (EventQueue.java:fireEvent(216)) - No event handler registered for event TypedEvent{payloadType=DatanodeDetails, name='Datanode_Command_Queue_Updated'}
2022-12-15 22:22:20,324 [EventQueue-OpenPipelineForHealthyPipelineSafeModeRule] INFO  safemode.SCMSafeModeManager (HealthyPipelineSafeModeRule.java:process(137)) - SCM in safe mode. Healthy pipelines reported count is 0, required healthy pipeline reported count is 1
2022-12-15 22:22:20,325 [Command processor thread] INFO  ratis.XceiverServerRatis (XceiverServerRatis.java:addGroup(765)) - Created group PipelineID=ad7d7054-0abe-42ea-bcb3-3b4e6f0384ae
2022-12-15 22:22:20,325 [Command processor thread] INFO  commandhandler.CreatePipelineCommandHandler (CreatePipelineCommandHandler.java:handle(113)) - Created Pipeline RATIS ONE PipelineID=ad7d7054-0abe-42ea-bcb3-3b4e6f0384ae.
2022-12-15 22:22:20,404 [main] INFO  volume.HddsVolume (HddsVolume.java:closeDbStore(338)) - SchemaV3 db is stopped at /home/runner/work/ozone/ozone/hadoop-ozone/integration-test/target/test-dir/MiniOzoneClusterImpl-67032562-5e12-4c4f-a5ab-79ddd1e2132c/datanode-0/data-0/containers/hdds/67032562-5e12-4c4f-a5ab-79ddd1e2132c/DS-22452591-ad9c-45c9-b7d7-d88bcae24da4/container.db for volume DS-22452591-ad9c-45c9-b7d7-d88bcae24da4
2022-12-15 22:22:20,406 [main] INFO  utils.BackgroundService (BackgroundService.java:shutdown(141)) - Shutting down service BlockDeletingService
2022-12-15 22:22:20,407 [main] INFO  utils.BackgroundService (BackgroundService.java:shutdown(141)) - Shutting down service StaleRecoveringContainerScrubbingService
2022-12-15 22:22:20,415 [main] INFO  statemachine.DatanodeStateMachine (DatanodeStateMachine.java:stopDaemon(597)) - Ozone container server stopped.
2022-12-15 22:22:20,443 [main] INFO  handler.ContextHandler (ContextHandler.java:doStop(1159)) - Stopped o.e.j.w.WebAppContext@18d5dd62{hddsDatanode,/,null,STOPPED}{jar:file:/home/runner/.m2/repository/org/apache/ozone/hdds-container-service/1.3.0-SNAPSHOT/hdds-container-service-1.3.0-SNAPSHOT.jar!/webapps/hddsDatanode}
2022-12-15 22:22:20,454 [main] INFO  server.AbstractConnector (AbstractConnector.java:doStop(383)) - Stopped ServerConnector@45b15e75{HTTP/1.1, (http/1.1)}{0.0.0.0:0}
2022-12-15 22:22:20,455 [main] INFO  server.session (HouseKeeper.java:stopScavenging(149)) - node0 Stopped scavenging
2022-12-15 22:22:20,459 [main] INFO  handler.ContextHandler (ContextHandler.java:doStop(1159)) - Stopped o.e.j.s.ServletContextHandler@559465f1{static,/static,jar:file:/home/runner/.m2/repository/org/apache/ozone/hdds-container-service/1.3.0-SNAPSHOT/hdds-container-service-1.3.0-SNAPSHOT.jar!/webapps/static,STOPPED}
2022-12-15 22:22:20,462 [main] INFO  handler.ContextHandler (ContextHandler.java:doStop(1159)) - Stopped o.e.j.s.ServletContextHandler@7c8fdb94{logs,/logs,file:///home/runner/work/ozone/ozone/hadoop-ozone/integration-test/target/log,STOPPED}
2022-12-15 22:22:20,508 [EventQueue-CommandQueueReportForCommandQueueReportHandler] WARN  events.EventQueue (EventQueue.java:fireEvent(216)) - No event handler registered for event TypedEvent{payloadType=DatanodeDetails, name='Datanode_Command_Queue_Updated'}
2022-12-15 22:22:20,761 [Command processor thread] INFO  server.RaftServer (RaftServerProxy.java:addNew(96)) - 34183a5c-def3-4d1f-81ee-eefa48d126ae: addNew group-E2A460CB785C:[34183a5c-def3-4d1f-81ee-eefa48d126ae|rpc:10.1.0.13:33349|priority:1|startupRole:FOLLOWER] returns group-E2A460CB785C:java.util.concurrent.CompletableFuture@7f9ca56e[Not completed]
2022-12-15 22:22:20,762 [EventQueue-CommandQueueReportForCommandQueueReportHandler] WARN  events.EventQueue (EventQueue.java:fireEvent(216)) - No event handler registered for event TypedEvent{payloadType=DatanodeDetails, name='Datanode_Command_Queue_Updated'}
2022-12-15 22:22:20,763 [pool-616-thread-1] INFO  server.RaftServer$Division (RaftServerImpl.java:<init>(195)) - 34183a5c-def3-4d1f-81ee-eefa48d126ae: new RaftServerImpl for group-E2A460CB785C:[34183a5c-def3-4d1f-81ee-eefa48d126ae|rpc:10.1.0.13:33349|priority:1|startupRole:FOLLOWER] with ContainerStateMachine:uninitialized
2022-12-15 22:22:20,763 [pool-616-thread-1] INFO  server.RaftServerConfigKeys (ConfUtils.java:logGet(46)) - raft.server.rpc.timeout.min = 5s (custom)
2022-12-15 22:22:20,763 [pool-616-thread-1] INFO  server.RaftServerConfigKeys (ConfUtils.java:logGet(46)) - raft.server.rpc.timeout.max = 5200ms (custom)
2022-12-15 22:22:20,763 [pool-616-thread-1] INFO  server.RaftServerConfigKeys (ConfUtils.java:logGet(46)) - raft.server.rpc.sleep.time = 25ms (default)
2022-12-15 22:22:20,763 [pool-616-thread-1] INFO  server.RaftServerConfigKeys (ConfUtils.java:logGet(46)) - raft.server.rpc.slowness.timeout = 300s (custom)
2022-12-15 22:22:20,763 [pool-616-thread-1] INFO  server.RaftServerConfigKeys (ConfUtils.java:logGet(46)) - raft.server.leaderelection.leader.step-down.wait-time = 10s (default)
2022-12-15 22:22:20,763 [pool-616-thread-1] INFO  server.RaftServerConfigKeys (ConfUtils.java:logGet(46)) - raft.server.sleep.deviation.threshold = 300ms (default)
2022-12-15 22:22:20,763 [pool-616-thread-1] INFO  server.RaftServer$Division (ServerState.java:<init>(118)) - 34183a5c-def3-4d1f-81ee-eefa48d126ae@group-E2A460CB785C: ConfigurationManager, init=-1: peers:[34183a5c-def3-4d1f-81ee-eefa48d126ae|rpc:10.1.0.13:33349|priority:1|startupRole:FOLLOWER]|listeners:[], old=null, confs=<EMPTY_MAP>
2022-12-15 22:22:20,763 [pool-616-thread-1] INFO  server.RaftServerConfigKeys (ConfUtils.java:logGet(46)) - raft.server.storage.dir = [/home/runner/work/ozone/ozone/hadoop-ozone/integration-test/target/test-dir/MiniOzoneClusterImpl-c952205c-0de4-41d8-8615-baf19f81c5db/datanode-6/data/ratis] (custom)
2022-12-15 22:22:20,763 [pool-616-thread-1] INFO  server.RaftServerConfigKeys (ConfUtils.java:logGet(46)) - raft.server.log.corruption.policy = EXCEPTION (default)
2022-12-15 22:22:20,764 [pool-616-thread-1] INFO  server.RaftServerConfigKeys (ConfUtils.java:logGet(46)) - raft.server.storage.free-space.min = 0MB (=0) (default)
2022-12-15 22:22:20,764 [pool-616-thread-1] INFO  server.RaftServerConfigKeys (ConfUtils.java:logGet(46)) - raft.server.notification.no-leader.timeout = 300s (custom)
2022-12-15 22:22:20,764 [pool-616-thread-1] INFO  server.RaftServerConfigKeys (ConfUtils.java:logGet(46)) - raft.server.retrycache.expirytime = 600000ms (custom)
2022-12-15 22:22:20,764 [pool-616-thread-1] INFO  server.RaftServerConfigKeys (ConfUtils.java:logGet(46)) - raft.server.retrycache.statistics.expirytime = 100μs (default)
2022-12-15 22:22:20,765 [pool-616-thread-1] INFO  server.RaftServerConfigKeys (ConfUtils.java:logGet(46)) - raft.server.log.appender.install.snapshot.enabled = false (custom)
2022-12-15 22:22:20,765 [pool-616-thread-1] INFO  server.RaftServerConfigKeys (ConfUtils.java:logGet(46)) - raft.server.threadpool.server.cached = true (default)
2022-12-15 22:22:20,765 [pool-616-thread-1] INFO  server.RaftServerConfigKeys (ConfUtils.java:logGet(46)) - raft.server.threadpool.server.size = 0 (default)
2022-12-15 22:22:20,765 [pool-616-thread-1] INFO  server.RaftServerConfigKeys (ConfUtils.java:logGet(46)) - raft.server.threadpool.client.cached = true (default)
2022-12-15 22:22:20,765 [pool-616-thread-1] INFO  server.RaftServerConfigKeys (ConfUtils.java:logGet(46)) - raft.server.threadpool.client.size = 0 (default)
2022-12-15 22:22:20,766 [pool-616-thread-1] INFO  storage.RaftStorageDirectory (RaftStorageDirectoryImpl.java:analyzeStorage(137)) - The storage directory /home/runner/work/ozone/ozone/hadoop-ozone/integration-test/target/test-dir/MiniOzoneClusterImpl-c952205c-0de4-41d8-8615-baf19f81c5db/datanode-6/data/ratis/14e04cf5-b00e-4fd5-823d-e2a460cb785c does not exist. Creating ...
2022-12-15 22:22:20,769 [pool-616-thread-1] INFO  storage.RaftStorageDirectory (RaftStorageDirectoryImpl.java:tryLock(231)) - Lock on /home/runner/work/ozone/ozone/hadoop-ozone/integration-test/target/test-dir/MiniOzoneClusterImpl-c952205c-0de4-41d8-8615-baf19f81c5db/datanode-6/data/ratis/14e04cf5-b00e-4fd5-823d-e2a460cb785c/in_use.lock acquired by nodename 2635@fv-az83-67
2022-12-15 22:22:20,771 [pool-616-thread-1] INFO  storage.RaftStorage (RaftStorageImpl.java:format(96)) - Storage directory /home/runner/work/ozone/ozone/hadoop-ozone/integration-test/target/test-dir/MiniOzoneClusterImpl-c952205c-0de4-41d8-8615-baf19f81c5db/datanode-6/data/ratis/14e04cf5-b00e-4fd5-823d-e2a460cb785c has been successfully formatted.
2022-12-15 22:22:20,771 [pool-616-thread-1] INFO  ratis.ContainerStateMachine (ContainerStateMachine.java:loadSnapshot(236)) - group-E2A460CB785C: The snapshot info is null. Setting the last applied indexto:(t:0, i:~)
2022-12-15 22:22:20,771 [pool-616-thread-1] INFO  server.RaftServerConfigKeys (ConfUtils.java:logGet(46)) - raft.server.log.use.memory = false (default)
2022-12-15 22:22:20,771 [pool-616-thread-1] INFO  server.RaftServerConfigKeys (ConfUtils.java:logGet(46)) - raft.server.log.purge.gap = 1000000 (custom)
2022-12-15 22:22:20,772 [Listener at 127.0.0.1/41387] INFO  ozone.MiniOzoneClusterImpl (MiniOzoneClusterImpl.java:lambda$waitForClusterToBeReady$0(216)) - Nodes are ready. Got 7 of 7 DN Heartbeats.
2022-12-15 22:22:20,772 [Listener at 127.0.0.1/41387] INFO  ozone.MiniOzoneClusterImpl (MiniOzoneClusterImpl.java:lambda$waitForClusterToBeReady$0(219)) - Waiting for cluster to exit safe mode
2022-12-15 22:22:20,772 [Listener at 127.0.0.1/41387] INFO  ozone.MiniOzoneClusterImpl (MiniOzoneClusterImpl.java:lambda$waitForClusterToBeReady$0(221)) - SCM became leader
2022-12-15 22:22:20,772 [pool-616-thread-1] INFO  server.RaftServerConfigKeys (ConfUtils.java:logGet(46)) - raft.server.log.appender.buffer.byte-limit = 33554432 (custom)
2022-12-15 22:22:20,772 [pool-616-thread-1] INFO  server.RaftServerConfigKeys (ConfUtils.java:logGet(46)) - raft.server.log.statemachine.data.read.timeout = 1000ms (default)
2022-12-15 22:22:20,772 [pool-616-thread-1] INFO  server.RaftServerConfigKeys (ConfUtils.java:logGet(46)) - raft.server.log.purge.preservation.log.num = 0 (default)
2022-12-15 22:22:20,773 [pool-616-thread-1] INFO  server.RaftServerConfigKeys (ConfUtils.java:logGet(46)) - raft.server.log.segment.size.max = 1048576 (custom)
2022-12-15 22:22:20,773 [EventQueue-CommandQueueReportForCommandQueueReportHandler] WARN  events.EventQueue (EventQueue.java:fireEvent(216)) - No event handler registered for event TypedEvent{payloadType=DatanodeDetails, name='Datanode_Command_Queue_Updated'}
2022-12-15 22:22:20,773 [EventQueue-PipelineReportForPipelineReportHandler] INFO  pipeline.PipelineManagerImpl (PipelineManagerImpl.java:openPipeline(367)) - Pipeline Pipeline[ Id: 14e04cf5-b00e-4fd5-823d-e2a460cb785c, Nodes: 34183a5c-def3-4d1f-81ee-eefa48d126ae{ip: 10.1.0.13, host: fv-az83-67.pawgbth4qraerhbqawdeo1jfng.dx.internal.cloudapp.net, ports: [REPLICATION=40095, RATIS=33349, RATIS_ADMIN=33349, RATIS_SERVER=33349, STANDALONE=33755], networkLocation: /default-rack, certSerialId: null, persistedOpState: IN_SERVICE, persistedOpStateExpiryEpochSec: 0}, ReplicationConfig: RATIS/ONE, State:ALLOCATED, leaderId:34183a5c-def3-4d1f-81ee-eefa48d126ae, CreationTimestamp2022-12-15T22:22:17.766Z[Etc/UTC]] moved to OPEN state
2022-12-15 22:22:20,774 [pool-616-thread-1] INFO  server.RaftServerConfigKeys (ConfUtils.java:logGet(46)) - raft.server.log.segment.cache.num.max = 2 (custom)
2022-12-15 22:22:20,774 [pool-616-thread-1] INFO  server.RaftServerConfigKeys (ConfUtils.java:logGet(46)) - raft.server.log.segment.cache.size.max = 200MB (=209715200) (default)
2022-12-15 22:22:20,774 [pool-616-thread-1] INFO  segmented.SegmentedRaftLogWorker (SegmentedRaftLogWorker.java:<init>(189)) - new 34183a5c-def3-4d1f-81ee-eefa48d126ae@group-E2A460CB785C-SegmentedRaftLogWorker for RaftStorageImpl:Storage Directory /home/runner/work/ozone/ozone/hadoop-ozone/integration-test/target/test-dir/MiniOzoneClusterImpl-c952205c-0de4-41d8-8615-baf19f81c5db/datanode-6/data/ratis/14e04cf5-b00e-4fd5-823d-e2a460cb785c
2022-12-15 22:22:20,774 [pool-616-thread-1] INFO  server.RaftServerConfigKeys (ConfUtils.java:logGet(46)) - raft.server.log.queue.byte-limit = 4294967296 (custom)
2022-12-15 22:22:20,774 [EventQueue-OpenPipelineForHealthyPipelineSafeModeRule] INFO  safemode.SCMSafeModeManager (HealthyPipelineSafeModeRule.java:process(137)) - SCM in safe mode. Healthy pipelines reported count is 0, required healthy pipeline reported count is 1
2022-12-15 22:22:20,774 [pool-616-thread-1] INFO  server.RaftServerConfigKeys (ConfUtils.java:logGet(46)) - raft.server.log.queue.element-limit = 1024 (custom)
2022-12-15 22:22:20,774 [pool-616-thread-1] INFO  server.RaftServerConfigKeys (ConfUtils.java:logGet(46)) - raft.server.log.segment.size.max = 1048576 (custom)
2022-12-15 22:22:20,774 [pool-616-thread-1] INFO  server.RaftServerConfigKeys (ConfUtils.java:logGet(46)) - raft.server.log.preallocated.size = 16384 (custom)
2022-12-15 22:22:20,774 [pool-616-thread-1] INFO  server.RaftServerConfigKeys (ConfUtils.java:logGet(46)) - raft.server.log.force.sync.num = 128 (default)
2022-12-15 22:22:20,775 [pool-616-thread-1] INFO  server.RaftServerConfigKeys (ConfUtils.java:logGet(46)) - raft.server.log.statemachine.data.sync = true (default)
2022-12-15 22:22:20,775 [pool-616-thread-1] INFO  server.RaftServerConfigKeys (ConfUtils.java:logGet(46)) - raft.server.log.statemachine.data.sync.timeout = 10s (default)
2022-12-15 22:22:20,775 [pool-616-thread-1] INFO  server.RaftServerConfigKeys (ConfUtils.java:logGet(46)) - raft.server.log.statemachine.data.sync.timeout.retry = -1 (default)
2022-12-15 22:22:20,776 [pool-616-thread-1] INFO  server.RaftServerConfigKeys (ConfUtils.java:logGet(46)) - raft.server.log.write.buffer.size = 1048576 (custom)
2022-12-15 22:22:20,780 [pool-616-thread-1] INFO  server.RaftServerConfigKeys (ConfUtils.java:logGet(46)) - raft.server.log.appender.buffer.byte-limit = 33554432 (custom)
2022-12-15 22:22:20,788 [pool-616-thread-1] INFO  server.RaftServerConfigKeys (ConfUtils.java:logGet(46)) - raft.server.log.unsafe-flush.enabled = false (default)
2022-12-15 22:22:20,788 [pool-616-thread-1] INFO  server.RaftServerConfigKeys (ConfUtils.java:logGet(46)) - raft.server.log.async-flush.enabled = false (default)
2022-12-15 22:22:20,788 [pool-616-thread-1] INFO  server.RaftServerConfigKeys (ConfUtils.java:logGet(46)) - raft.server.log.statemachine.data.caching.enabled = true (custom)
2022-12-15 22:22:20,789 [pool-616-thread-1] INFO  segmented.SegmentedRaftLogWorker (SegmentedRaftLogWorker.java:lambda$new$0(135)) - 34183a5c-def3-4d1f-81ee-eefa48d126ae@group-E2A460CB785C-SegmentedRaftLogWorker: flushIndex: setUnconditionally 0 -> -1
2022-12-15 22:22:20,789 [pool-616-thread-1] INFO  segmented.SegmentedRaftLogWorker (SegmentedRaftLogWorker.java:lambda$new$0(135)) - 34183a5c-def3-4d1f-81ee-eefa48d126ae@group-E2A460CB785C-SegmentedRaftLogWorker: safeCacheEvictIndex: setUnconditionally 0 -> -1
2022-12-15 22:22:20,789 [pool-616-thread-1] INFO  server.RaftServer$Division (RaftServerImpl.java:start(334)) - 34183a5c-def3-4d1f-81ee-eefa48d126ae@group-E2A460CB785C: start as a follower, conf=-1: peers:[34183a5c-def3-4d1f-81ee-eefa48d126ae|rpc:10.1.0.13:33349|priority:1|startupRole:FOLLOWER]|listeners:[], old=null
2022-12-15 22:22:20,789 [pool-616-thread-1] INFO  server.RaftServer$Division (RaftServerImpl.java:setRole(321)) - 34183a5c-def3-4d1f-81ee-eefa48d126ae@group-E2A460CB785C: changes role from      null to FOLLOWER at term 0 for startAsFollower
2022-12-15 22:22:20,789 [pool-616-thread-1] INFO  impl.RoleInfo (RoleInfo.java:updateAndGet(139)) - 34183a5c-def3-4d1f-81ee-eefa48d126ae: start 34183a5c-def3-4d1f-81ee-eefa48d126ae@group-E2A460CB785C-FollowerState
2022-12-15 22:22:20,794 [pool-616-thread-1] INFO  util.JmxRegister (JmxRegister.java:tryRegister(44)) - Successfully registered JMX Bean with object name Ratis:service=RaftServer,group=group-E2A460CB785C,id=34183a5c-def3-4d1f-81ee-eefa48d126ae
2022-12-15 22:22:20,795 [pool-616-thread-1] INFO  server.RaftServerConfigKeys (ConfUtils.java:logGet(46)) - raft.server.snapshot.auto.trigger.enabled = true (custom)
2022-12-15 22:22:20,795 [pool-616-thread-1] INFO  server.RaftServerConfigKeys (ConfUtils.java:logGet(46)) - raft.server.snapshot.auto.trigger.threshold = 10000 (custom)
2022-12-15 22:22:20,795 [pool-616-thread-1] INFO  server.RaftServerConfigKeys (ConfUtils.java:logGet(46)) - raft.server.snapshot.retention.file.num = 5 (custom)
2022-12-15 22:22:20,795 [pool-616-thread-1] INFO  server.RaftServerConfigKeys (ConfUtils.java:logGet(46)) - raft.server.log.purge.upto.snapshot.index = false (default)
2022-12-15 22:22:20,796 [Command processor thread] INFO  ratis.XceiverServerRatis (XceiverServerRatis.java:addGroup(765)) - Created group PipelineID=14e04cf5-b00e-4fd5-823d-e2a460cb785c
2022-12-15 22:22:20,796 [Command processor thread] INFO  commandhandler.CreatePipelineCommandHandler (CreatePipelineCommandHandler.java:handle(113)) - Created Pipeline RATIS ONE PipelineID=14e04cf5-b00e-4fd5-823d-e2a460cb785c.
2022-12-15 22:22:20,795 [34183a5c-def3-4d1f-81ee-eefa48d126ae@group-E2A460CB785C-FollowerState] INFO  server.RaftServerConfigKeys (ConfUtils.java:logFallback(53)) - raft.server.rpc.first-election.timeout.min = 5s (fallback to raft.server.rpc.timeout.min)
2022-12-15 22:22:20,796 [34183a5c-def3-4d1f-81ee-eefa48d126ae@group-E2A460CB785C-FollowerState] INFO  server.RaftServerConfigKeys (ConfUtils.java:logFallback(53)) - raft.server.rpc.first-election.timeout.max = 5200ms (fallback to raft.server.rpc.timeout.max)
2022-12-15 22:22:20,806 [EventQueue-CommandQueueReportForCommandQueueReportHandler] WARN  events.EventQueue (EventQueue.java:fireEvent(216)) - No event handler registered for event TypedEvent{payloadType=DatanodeDetails, name='Datanode_Command_Queue_Updated'}
2022-12-15 22:22:20,806 [EventQueue-OpenPipelineForHealthyPipelineSafeModeRule] INFO  safemode.SCMSafeModeManager (HealthyPipelineSafeModeRule.java:process(137)) - SCM in safe mode. Healthy pipelines reported count is 0, required healthy pipeline reported count is 1
2022-12-15 22:22:20,850 [EventQueue-CommandQueueReportForCommandQueueReportHandler] WARN  events.EventQueue (EventQueue.java:fireEvent(216)) - No event handler registered for event TypedEvent{payloadType=DatanodeDetails, name='Datanode_Command_Queue_Updated'}
2022-12-15 22:22:20,854 [EventQueue-CommandQueueReportForCommandQueueReportHandler] WARN  events.EventQueue (EventQueue.java:fireEvent(216)) - No event handler registered for event TypedEvent{payloadType=DatanodeDetails, name='Datanode_Command_Queue_Updated'}
2022-12-15 22:22:20,854 [EventQueue-OpenPipelineForHealthyPipelineSafeModeRule] INFO  safemode.SCMSafeModeManager (HealthyPipelineSafeModeRule.java:process(137)) - SCM in safe mode. Healthy pipelines reported count is 0, required healthy pipeline reported count is 1
2022-12-15 22:22:20,863 [EventQueue-CommandQueueReportForCommandQueueReportHandler] WARN  events.EventQueue (EventQueue.java:fireEvent(216)) - No event handler registered for event TypedEvent{payloadType=DatanodeDetails, name='Datanode_Command_Queue_Updated'}
2022-12-15 22:22:20,892 [EventQueue-CommandQueueReportForCommandQueueReportHandler] WARN  events.EventQueue (EventQueue.java:fireEvent(216)) - No event handler registered for event TypedEvent{payloadType=DatanodeDetails, name='Datanode_Command_Queue_Updated'}
2022-12-15 22:22:20,913 [EventQueue-CommandQueueReportForCommandQueueReportHandler] WARN  events.EventQueue (EventQueue.java:fireEvent(216)) - No event handler registered for event TypedEvent{payloadType=DatanodeDetails, name='Datanode_Command_Queue_Updated'}
2022-12-15 22:22:20,936 [51274d7d-d5a1-4c32-9641-f14f0b9efaa9@group-C0248F7E2A7E-FollowerState] INFO  impl.FollowerState (FollowerState.java:run(143)) - 51274d7d-d5a1-4c32-9641-f14f0b9efaa9@group-C0248F7E2A7E-FollowerState: change to CANDIDATE, lastRpcElapsedTime:5111794669ns, electionTimeout:5106ms
2022-12-15 22:22:20,936 [51274d7d-d5a1-4c32-9641-f14f0b9efaa9@group-C0248F7E2A7E-FollowerState] INFO  impl.RoleInfo (RoleInfo.java:shutdownFollowerState(110)) - 51274d7d-d5a1-4c32-9641-f14f0b9efaa9: shutdown 51274d7d-d5a1-4c32-9641-f14f0b9efaa9@group-C0248F7E2A7E-FollowerState
2022-12-15 22:22:20,936 [51274d7d-d5a1-4c32-9641-f14f0b9efaa9@group-C0248F7E2A7E-FollowerState] INFO  server.RaftServer$Division (RaftServerImpl.java:setRole(321)) - 51274d7d-d5a1-4c32-9641-f14f0b9efaa9@group-C0248F7E2A7E: changes role from  FOLLOWER to CANDIDATE at term 0 for changeToCandidate
2022-12-15 22:22:20,936 [51274d7d-d5a1-4c32-9641-f14f0b9efaa9@group-C0248F7E2A7E-FollowerState] INFO  server.RaftServerConfigKeys (ConfUtils.java:logGet(46)) - raft.server.leaderelection.pre-vote = false (custom)
2022-12-15 22:22:20,936 [51274d7d-d5a1-4c32-9641-f14f0b9efaa9@group-C0248F7E2A7E-FollowerState] INFO  impl.RoleInfo (RoleInfo.java:updateAndGet(139)) - 51274d7d-d5a1-4c32-9641-f14f0b9efaa9: start 51274d7d-d5a1-4c32-9641-f14f0b9efaa9@group-C0248F7E2A7E-LeaderElection17
2022-12-15 22:22:20,945 [51274d7d-d5a1-4c32-9641-f14f0b9efaa9@group-C0248F7E2A7E-LeaderElection17] INFO  impl.LeaderElection (LeaderElection.java:askForVotes(312)) - 51274d7d-d5a1-4c32-9641-f14f0b9efaa9@group-C0248F7E2A7E-LeaderElection17 ELECTION round 0: submit vote requests at term 1 for -1: peers:[51274d7d-d5a1-4c32-9641-f14f0b9efaa9|rpc:10.1.0.13:34457|priority:1|startupRole:FOLLOWER]|listeners:[], old=null
2022-12-15 22:22:20,946 [51274d7d-d5a1-4c32-9641-f14f0b9efaa9@group-C0248F7E2A7E-LeaderElection17] INFO  impl.LeaderElection (LeaderElection.java:askForVotes(314)) - 51274d7d-d5a1-4c32-9641-f14f0b9efaa9@group-C0248F7E2A7E-LeaderElection17 ELECTION round 0: result PASSED (term=1)
2022-12-15 22:22:20,946 [51274d7d-d5a1-4c32-9641-f14f0b9efaa9@group-C0248F7E2A7E-LeaderElection17] INFO  impl.RoleInfo (RoleInfo.java:shutdownLeaderElection(130)) - 51274d7d-d5a1-4c32-9641-f14f0b9efaa9: shutdown 51274d7d-d5a1-4c32-9641-f14f0b9efaa9@group-C0248F7E2A7E-LeaderElection17
2022-12-15 22:22:20,946 [51274d7d-d5a1-4c32-9641-f14f0b9efaa9@group-C0248F7E2A7E-LeaderElection17] INFO  server.RaftServer$Division (RaftServerImpl.java:setRole(321)) - 51274d7d-d5a1-4c32-9641-f14f0b9efaa9@group-C0248F7E2A7E: changes role from CANDIDATE to LEADER at term 1 for changeToLeader
2022-12-15 22:22:20,946 [51274d7d-d5a1-4c32-9641-f14f0b9efaa9@group-C0248F7E2A7E-LeaderElection17] INFO  ratis.XceiverServerRatis (XceiverServerRatis.java:handleLeaderChangedNotification(863)) - Leader change notification received for group: group-C0248F7E2A7E with new leaderId: 51274d7d-d5a1-4c32-9641-f14f0b9efaa9
2022-12-15 22:22:20,946 [51274d7d-d5a1-4c32-9641-f14f0b9efaa9@group-C0248F7E2A7E-LeaderElection17] INFO  server.RaftServer$Division (ServerState.java:setLeader(313)) - 51274d7d-d5a1-4c32-9641-f14f0b9efaa9@group-C0248F7E2A7E: change Leader from null to 51274d7d-d5a1-4c32-9641-f14f0b9efaa9 at term 1 for becomeLeader, leader elected after 5165ms
2022-12-15 22:22:20,946 [51274d7d-d5a1-4c32-9641-f14f0b9efaa9@group-C0248F7E2A7E-LeaderElection17] INFO  server.RaftServerConfigKeys (ConfUtils.java:logGet(46)) - raft.server.staging.catchup.gap = 1000 (default)
2022-12-15 22:22:20,947 [51274d7d-d5a1-4c32-9641-f14f0b9efaa9@group-C0248F7E2A7E-LeaderElection17] INFO  server.RaftServerConfigKeys (ConfUtils.java:logGet(46)) - raft.server.write.element-limit = 1024 (custom)
2022-12-15 22:22:20,947 [51274d7d-d5a1-4c32-9641-f14f0b9efaa9@group-C0248F7E2A7E-LeaderElection17] INFO  server.RaftServerConfigKeys (ConfUtils.java:logGet(46)) - raft.server.write.byte-limit = 1024 M (=1073741824) (custom)
2022-12-15 22:22:20,948 [51274d7d-d5a1-4c32-9641-f14f0b9efaa9@group-C0248F7E2A7E-LeaderElection17] INFO  server.RaftServerConfigKeys (ConfUtils.java:logGet(46)) - raft.server.watch.timeout = 180s (custom)
2022-12-15 22:22:20,948 [51274d7d-d5a1-4c32-9641-f14f0b9efaa9@group-C0248F7E2A7E-LeaderElection17] INFO  server.RaftServerConfigKeys (ConfUtils.java:logGet(46)) - raft.server.watch.timeout.denomination = 1s (default)
2022-12-15 22:22:20,948 [51274d7d-d5a1-4c32-9641-f14f0b9efaa9@group-C0248F7E2A7E-LeaderElection17] INFO  server.RaftServerConfigKeys (ConfUtils.java:logGet(46)) - raft.server.watch.element-limit = 65536 (default)
2022-12-15 22:22:20,948 [EventQueue-OpenPipelineForHealthyPipelineSafeModeRule] INFO  safemode.SCMSafeModeManager (HealthyPipelineSafeModeRule.java:process(137)) - SCM in safe mode. Healthy pipelines reported count is 0, required healthy pipeline reported count is 1
2022-12-15 22:22:20,948 [EventQueue-CommandQueueReportForCommandQueueReportHandler] WARN  events.EventQueue (EventQueue.java:fireEvent(216)) - No event handler registered for event TypedEvent{payloadType=DatanodeDetails, name='Datanode_Command_Queue_Updated'}
2022-12-15 22:22:20,948 [51274d7d-d5a1-4c32-9641-f14f0b9efaa9@group-C0248F7E2A7E-LeaderElection17] INFO  server.RaftServerConfigKeys (ConfUtils.java:logGet(46)) - raft.server.write.element-limit = 1024 (custom)
2022-12-15 22:22:20,948 [51274d7d-d5a1-4c32-9641-f14f0b9efaa9@group-C0248F7E2A7E-LeaderElection17] INFO  server.RaftServerConfigKeys (ConfUtils.java:logGet(46)) - raft.server.write.follower.gap.ratio.max = -1.0 (default)
2022-12-15 22:22:20,948 [51274d7d-d5a1-4c32-9641-f14f0b9efaa9@group-C0248F7E2A7E-LeaderElection17] INFO  impl.RoleInfo (RoleInfo.java:updateAndGet(139)) - 51274d7d-d5a1-4c32-9641-f14f0b9efaa9: start 51274d7d-d5a1-4c32-9641-f14f0b9efaa9@group-C0248F7E2A7E-LeaderStateImpl
2022-12-15 22:22:20,949 [51274d7d-d5a1-4c32-9641-f14f0b9efaa9@group-C0248F7E2A7E-LeaderElection17] INFO  segmented.SegmentedRaftLogWorker (SegmentedRaftLogWorker.java:startLogSegment(452)) - 51274d7d-d5a1-4c32-9641-f14f0b9efaa9@group-C0248F7E2A7E-SegmentedRaftLogWorker: Starting segment from index:0
2022-12-15 22:22:20,951 [51274d7d-d5a1-4c32-9641-f14f0b9efaa9@group-C0248F7E2A7E-LeaderElection17] INFO  server.RaftServer$Division (ServerState.java:setRaftConf(430)) - 51274d7d-d5a1-4c32-9641-f14f0b9efaa9@group-C0248F7E2A7E: set configuration 0: peers:[51274d7d-d5a1-4c32-9641-f14f0b9efaa9|rpc:10.1.0.13:34457|dataStream:|priority:1|startupRole:FOLLOWER]|listeners:[], old=null
2022-12-15 22:22:20,952 [51274d7d-d5a1-4c32-9641-f14f0b9efaa9@group-C0248F7E2A7E-SegmentedRaftLogWorker] INFO  segmented.SegmentedRaftLogWorker (SegmentedRaftLogWorker.java:execute(656)) - 51274d7d-d5a1-4c32-9641-f14f0b9efaa9@group-C0248F7E2A7E-SegmentedRaftLogWorker: created new log segment /home/runner/work/ozone/ozone/hadoop-ozone/integration-test/target/test-dir/MiniOzoneClusterImpl-c952205c-0de4-41d8-8615-baf19f81c5db/datanode-0/data/ratis/76524b22-ff27-45a7-9ff2-c0248f7e2a7e/current/log_inprogress_0
2022-12-15 22:22:21,001 [EventQueue-CommandQueueReportForCommandQueueReportHandler] WARN  events.EventQueue (EventQueue.java:fireEvent(216)) - No event handler registered for event TypedEvent{payloadType=DatanodeDetails, name='Datanode_Command_Queue_Updated'}
2022-12-15 22:22:21,018 [EventQueue-CommandQueueReportForCommandQueueReportHandler] WARN  events.EventQueue (EventQueue.java:fireEvent(216)) - No event handler registered for event TypedEvent{payloadType=DatanodeDetails, name='Datanode_Command_Queue_Updated'}
2022-12-15 22:22:21,023 [51274d7d-d5a1-4c32-9641-f14f0b9efaa9@group-85E5E1C09A56-FollowerState] INFO  impl.FollowerState (FollowerState.java:run(143)) - 51274d7d-d5a1-4c32-9641-f14f0b9efaa9@group-85E5E1C09A56-FollowerState: change to CANDIDATE, lastRpcElapsedTime:5094774277ns, electionTimeout:5092ms
2022-12-15 22:22:21,024 [51274d7d-d5a1-4c32-9641-f14f0b9efaa9@group-85E5E1C09A56-FollowerState] INFO  impl.RoleInfo (RoleInfo.java:shutdownFollowerState(110)) - 51274d7d-d5a1-4c32-9641-f14f0b9efaa9: shutdown 51274d7d-d5a1-4c32-9641-f14f0b9efaa9@group-85E5E1C09A56-FollowerState
2022-12-15 22:22:21,024 [51274d7d-d5a1-4c32-9641-f14f0b9efaa9@group-85E5E1C09A56-FollowerState] INFO  server.RaftServer$Division (RaftServerImpl.java:setRole(321)) - 51274d7d-d5a1-4c32-9641-f14f0b9efaa9@group-85E5E1C09A56: changes role from  FOLLOWER to CANDIDATE at term 0 for changeToCandidate
2022-12-15 22:22:21,024 [51274d7d-d5a1-4c32-9641-f14f0b9efaa9@group-85E5E1C09A56-FollowerState] INFO  server.RaftServerConfigKeys (ConfUtils.java:logGet(46)) - raft.server.leaderelection.pre-vote = false (custom)
2022-12-15 22:22:21,024 [51274d7d-d5a1-4c32-9641-f14f0b9efaa9@group-85E5E1C09A56-FollowerState] INFO  impl.RoleInfo (RoleInfo.java:updateAndGet(139)) - 51274d7d-d5a1-4c32-9641-f14f0b9efaa9: start 51274d7d-d5a1-4c32-9641-f14f0b9efaa9@group-85E5E1C09A56-LeaderElection18
2022-12-15 22:22:21,031 [51274d7d-d5a1-4c32-9641-f14f0b9efaa9@group-85E5E1C09A56-LeaderElection18] INFO  impl.LeaderElection (LeaderElection.java:askForVotes(312)) - 51274d7d-d5a1-4c32-9641-f14f0b9efaa9@group-85E5E1C09A56-LeaderElection18 ELECTION round 0: submit vote requests at term 1 for -1: peers:[51274d7d-d5a1-4c32-9641-f14f0b9efaa9|rpc:10.1.0.13:34457|priority:1|startupRole:FOLLOWER, a42aff4d-9d7b-4010-992a-35ce3c1e1689|rpc:10.1.0.13:44723|priority:0|startupRole:FOLLOWER, 5c5af87b-4e3e-41fb-877c-ea0d3e3ca2da|rpc:10.1.0.13:45309|priority:0|startupRole:FOLLOWER]|listeners:[], old=null
2022-12-15 22:22:21,031 [51274d7d-d5a1-4c32-9641-f14f0b9efaa9@group-85E5E1C09A56-LeaderElection18] INFO  server.RaftServerConfigKeys (ConfUtils.java:logFallback(53)) - raft.server.rpc.first-election.timeout.min = 5s (fallback to raft.server.rpc.timeout.min)
2022-12-15 22:22:21,031 [51274d7d-d5a1-4c32-9641-f14f0b9efaa9@group-85E5E1C09A56-LeaderElection18-1] INFO  server.GrpcServerProtocolClient (GrpcServerProtocolClient.java:<init>(63)) - Build channel for a42aff4d-9d7b-4010-992a-35ce3c1e1689
2022-12-15 22:22:21,031 [51274d7d-d5a1-4c32-9641-f14f0b9efaa9@group-85E5E1C09A56-LeaderElection18] INFO  server.RaftServerConfigKeys (ConfUtils.java:logFallback(53)) - raft.server.rpc.first-election.timeout.max = 5200ms (fallback to raft.server.rpc.timeout.max)
2022-12-15 22:22:21,032 [51274d7d-d5a1-4c32-9641-f14f0b9efaa9@group-85E5E1C09A56-LeaderElection18-2] INFO  server.GrpcServerProtocolClient (GrpcServerProtocolClient.java:<init>(63)) - Build channel for 5c5af87b-4e3e-41fb-877c-ea0d3e3ca2da
2022-12-15 22:22:21,041 [EventQueue-CommandQueueReportForCommandQueueReportHandler] WARN  events.EventQueue (EventQueue.java:fireEvent(216)) - No event handler registered for event TypedEvent{payloadType=DatanodeDetails, name='Datanode_Command_Queue_Updated'}
2022-12-15 22:22:21,045 [grpc-default-executor-4] INFO  server.RaftServer$Division (RaftServerImpl.java:requestVote(1218)) - a42aff4d-9d7b-4010-992a-35ce3c1e1689@group-85E5E1C09A56: receive requestVote(ELECTION, 51274d7d-d5a1-4c32-9641-f14f0b9efaa9, group-85E5E1C09A56, 1, (t:0, i:0))
2022-12-15 22:22:21,045 [grpc-default-executor-4] INFO  impl.VoteContext (VoteContext.java:log(49)) - a42aff4d-9d7b-4010-992a-35ce3c1e1689@group-85E5E1C09A56-FOLLOWER: accept ELECTION from 51274d7d-d5a1-4c32-9641-f14f0b9efaa9: our priority 0 <= candidate's priority 1
2022-12-15 22:22:21,046 [grpc-default-executor-4] INFO  server.RaftServer$Division (RaftServerImpl.java:setRole(321)) - a42aff4d-9d7b-4010-992a-35ce3c1e1689@group-85E5E1C09A56: changes role from  FOLLOWER to FOLLOWER at term 1 for candidate:51274d7d-d5a1-4c32-9641-f14f0b9efaa9
2022-12-15 22:22:21,046 [grpc-default-executor-4] INFO  impl.RoleInfo (RoleInfo.java:shutdownFollowerState(110)) - a42aff4d-9d7b-4010-992a-35ce3c1e1689: shutdown a42aff4d-9d7b-4010-992a-35ce3c1e1689@group-85E5E1C09A56-FollowerState
2022-12-15 22:22:21,046 [grpc-default-executor-4] INFO  impl.RoleInfo (RoleInfo.java:updateAndGet(139)) - a42aff4d-9d7b-4010-992a-35ce3c1e1689: start a42aff4d-9d7b-4010-992a-35ce3c1e1689@group-85E5E1C09A56-FollowerState
2022-12-15 22:22:21,046 [a42aff4d-9d7b-4010-992a-35ce3c1e1689@group-85E5E1C09A56-FollowerState] INFO  impl.FollowerState (FollowerState.java:run(152)) - a42aff4d-9d7b-4010-992a-35ce3c1e1689@group-85E5E1C09A56-FollowerState was interrupted
2022-12-15 22:22:21,051 [a42aff4d-9d7b-4010-992a-35ce3c1e1689@group-85E5E1C09A56-FollowerState] INFO  server.RaftServerConfigKeys (ConfUtils.java:logFallback(53)) - raft.server.rpc.first-election.timeout.min = 5s (fallback to raft.server.rpc.timeout.min)
2022-12-15 22:22:21,051 [a42aff4d-9d7b-4010-992a-35ce3c1e1689@group-85E5E1C09A56-FollowerState] INFO  server.RaftServerConfigKeys (ConfUtils.java:logFallback(53)) - raft.server.rpc.first-election.timeout.max = 5200ms (fallback to raft.server.rpc.timeout.max)
2022-12-15 22:22:21,053 [grpc-default-executor-5] INFO  server.RaftServer$Division (RaftServerImpl.java:requestVote(1218)) - 5c5af87b-4e3e-41fb-877c-ea0d3e3ca2da@group-85E5E1C09A56: receive requestVote(ELECTION, 51274d7d-d5a1-4c32-9641-f14f0b9efaa9, group-85E5E1C09A56, 1, (t:0, i:0))
2022-12-15 22:22:21,062 [grpc-default-executor-5] INFO  impl.VoteContext (VoteContext.java:log(49)) - 5c5af87b-4e3e-41fb-877c-ea0d3e3ca2da@group-85E5E1C09A56-FOLLOWER: accept ELECTION from 51274d7d-d5a1-4c32-9641-f14f0b9efaa9: our priority 0 <= candidate's priority 1
2022-12-15 22:22:21,063 [grpc-default-executor-5] INFO  server.RaftServer$Division (RaftServerImpl.java:setRole(321)) - 5c5af87b-4e3e-41fb-877c-ea0d3e3ca2da@group-85E5E1C09A56: changes role from  FOLLOWER to FOLLOWER at term 1 for candidate:51274d7d-d5a1-4c32-9641-f14f0b9efaa9
2022-12-15 22:22:21,063 [grpc-default-executor-5] INFO  impl.RoleInfo (RoleInfo.java:shutdownFollowerState(110)) - 5c5af87b-4e3e-41fb-877c-ea0d3e3ca2da: shutdown 5c5af87b-4e3e-41fb-877c-ea0d3e3ca2da@group-85E5E1C09A56-FollowerState
2022-12-15 22:22:21,063 [grpc-default-executor-5] INFO  impl.RoleInfo (RoleInfo.java:updateAndGet(139)) - 5c5af87b-4e3e-41fb-877c-ea0d3e3ca2da: start 5c5af87b-4e3e-41fb-877c-ea0d3e3ca2da@group-85E5E1C09A56-FollowerState
2022-12-15 22:22:21,051 [grpc-default-executor-4] INFO  server.RaftServer$Division (RaftServerImpl.java:requestVote(1251)) - a42aff4d-9d7b-4010-992a-35ce3c1e1689@group-85E5E1C09A56 replies to ELECTION vote request: 51274d7d-d5a1-4c32-9641-f14f0b9efaa9<-a42aff4d-9d7b-4010-992a-35ce3c1e1689#0:OK-t1. Peer's state: a42aff4d-9d7b-4010-992a-35ce3c1e1689@group-85E5E1C09A56:t1, leader=null, voted=51274d7d-d5a1-4c32-9641-f14f0b9efaa9, raftlog=Memoized:a42aff4d-9d7b-4010-992a-35ce3c1e1689@group-85E5E1C09A56-SegmentedRaftLog:OPENED:c-1, conf=-1: peers:[51274d7d-d5a1-4c32-9641-f14f0b9efaa9|rpc:10.1.0.13:34457|dataStream:|priority:1|startupRole:FOLLOWER, a42aff4d-9d7b-4010-992a-35ce3c1e1689|rpc:10.1.0.13:44723|dataStream:|priority:0|startupRole:FOLLOWER, 5c5af87b-4e3e-41fb-877c-ea0d3e3ca2da|rpc:10.1.0.13:45309|dataStream:|priority:0|startupRole:FOLLOWER]|listeners:[], old=null
2022-12-15 22:22:21,064 [5c5af87b-4e3e-41fb-877c-ea0d3e3ca2da@group-85E5E1C09A56-FollowerState] INFO  impl.FollowerState (FollowerState.java:run(152)) - 5c5af87b-4e3e-41fb-877c-ea0d3e3ca2da@group-85E5E1C09A56-FollowerState was interrupted
2022-12-15 22:22:21,070 [grpc-default-executor-5] INFO  server.RaftServer$Division (RaftServerImpl.java:requestVote(1251)) - 5c5af87b-4e3e-41fb-877c-ea0d3e3ca2da@group-85E5E1C09A56 replies to ELECTION vote request: 51274d7d-d5a1-4c32-9641-f14f0b9efaa9<-5c5af87b-4e3e-41fb-877c-ea0d3e3ca2da#0:OK-t1. Peer's state: 5c5af87b-4e3e-41fb-877c-ea0d3e3ca2da@group-85E5E1C09A56:t1, leader=null, voted=51274d7d-d5a1-4c32-9641-f14f0b9efaa9, raftlog=Memoized:5c5af87b-4e3e-41fb-877c-ea0d3e3ca2da@group-85E5E1C09A56-SegmentedRaftLog:OPENED:c-1, conf=-1: peers:[51274d7d-d5a1-4c32-9641-f14f0b9efaa9|rpc:10.1.0.13:34457|dataStream:|priority:1|startupRole:FOLLOWER, a42aff4d-9d7b-4010-992a-35ce3c1e1689|rpc:10.1.0.13:44723|dataStream:|priority:0|startupRole:FOLLOWER, 5c5af87b-4e3e-41fb-877c-ea0d3e3ca2da|rpc:10.1.0.13:45309|dataStream:|priority:0|startupRole:FOLLOWER]|listeners:[], old=null
2022-12-15 22:22:21,071 [51274d7d-d5a1-4c32-9641-f14f0b9efaa9@group-85E5E1C09A56-LeaderElection18] INFO  impl.LeaderElection (LeaderElection.java:logAndReturn(90)) - 51274d7d-d5a1-4c32-9641-f14f0b9efaa9@group-85E5E1C09A56-LeaderElection18: ELECTION PASSED received 1 response(s) and 0 exception(s):
2022-12-15 22:22:21,071 [51274d7d-d5a1-4c32-9641-f14f0b9efaa9@group-85E5E1C09A56-LeaderElection18] INFO  impl.LeaderElection (LeaderElection.java:logAndReturn(94)) -   Response 0: 51274d7d-d5a1-4c32-9641-f14f0b9efaa9<-5c5af87b-4e3e-41fb-877c-ea0d3e3ca2da#0:OK-t1
2022-12-15 22:22:21,071 [51274d7d-d5a1-4c32-9641-f14f0b9efaa9@group-85E5E1C09A56-LeaderElection18] INFO  impl.LeaderElection (LeaderElection.java:askForVotes(314)) - 51274d7d-d5a1-4c32-9641-f14f0b9efaa9@group-85E5E1C09A56-LeaderElection18 ELECTION round 0: result PASSED
2022-12-15 22:22:21,071 [51274d7d-d5a1-4c32-9641-f14f0b9efaa9@group-85E5E1C09A56-LeaderElection18] INFO  impl.RoleInfo (RoleInfo.java:shutdownLeaderElection(130)) - 51274d7d-d5a1-4c32-9641-f14f0b9efaa9: shutdown 51274d7d-d5a1-4c32-9641-f14f0b9efaa9@group-85E5E1C09A56-LeaderElection18
2022-12-15 22:22:21,071 [51274d7d-d5a1-4c32-9641-f14f0b9efaa9@group-85E5E1C09A56-LeaderElection18] INFO  server.RaftServer$Division (RaftServerImpl.java:setRole(321)) - 51274d7d-d5a1-4c32-9641-f14f0b9efaa9@group-85E5E1C09A56: changes role from CANDIDATE to LEADER at term 1 for changeToLeader
2022-12-15 22:22:21,071 [51274d7d-d5a1-4c32-9641-f14f0b9efaa9@group-85E5E1C09A56-LeaderElection18] INFO  ratis.XceiverServerRatis (XceiverServerRatis.java:handleLeaderChangedNotification(863)) - Leader change notification received for group: group-85E5E1C09A56 with new leaderId: 51274d7d-d5a1-4c32-9641-f14f0b9efaa9
2022-12-15 22:22:21,072 [51274d7d-d5a1-4c32-9641-f14f0b9efaa9@group-85E5E1C09A56-LeaderElection18] INFO  server.RaftServer$Division (ServerState.java:setLeader(313)) - 51274d7d-d5a1-4c32-9641-f14f0b9efaa9@group-85E5E1C09A56: change Leader from null to 51274d7d-d5a1-4c32-9641-f14f0b9efaa9 at term 1 for becomeLeader, leader elected after 5236ms
2022-12-15 22:22:21,072 [51274d7d-d5a1-4c32-9641-f14f0b9efaa9@group-85E5E1C09A56-LeaderElection18] INFO  server.RaftServerConfigKeys (ConfUtils.java:logGet(46)) - raft.server.staging.catchup.gap = 1000 (default)
2022-12-15 22:22:21,072 [51274d7d-d5a1-4c32-9641-f14f0b9efaa9@group-85E5E1C09A56-LeaderElection18] INFO  server.RaftServerConfigKeys (ConfUtils.java:logGet(46)) - raft.server.write.element-limit = 1024 (custom)
2022-12-15 22:22:21,072 [51274d7d-d5a1-4c32-9641-f14f0b9efaa9@group-85E5E1C09A56-LeaderElection18] INFO  server.RaftServerConfigKeys (ConfUtils.java:logGet(46)) - raft.server.write.byte-limit = 1024 M (=1073741824) (custom)
2022-12-15 22:22:21,073 [51274d7d-d5a1-4c32-9641-f14f0b9efaa9@group-85E5E1C09A56-LeaderElection18] INFO  server.RaftServerConfigKeys (ConfUtils.java:logGet(46)) - raft.server.watch.timeout = 180s (custom)
2022-12-15 22:22:21,073 [51274d7d-d5a1-4c32-9641-f14f0b9efaa9@group-85E5E1C09A56-LeaderElection18] INFO  server.RaftServerConfigKeys (ConfUtils.java:logGet(46)) - raft.server.watch.timeout.denomination = 1s (default)
2022-12-15 22:22:21,073 [51274d7d-d5a1-4c32-9641-f14f0b9efaa9@group-85E5E1C09A56-LeaderElection18] INFO  server.RaftServerConfigKeys (ConfUtils.java:logGet(46)) - raft.server.watch.element-limit = 65536 (default)
2022-12-15 22:22:21,073 [51274d7d-d5a1-4c32-9641-f14f0b9efaa9@group-85E5E1C09A56-LeaderElection18] INFO  server.RaftServerConfigKeys (ConfUtils.java:logGet(46)) - raft.server.write.element-limit = 1024 (custom)
2022-12-15 22:22:21,073 [51274d7d-d5a1-4c32-9641-f14f0b9efaa9@group-85E5E1C09A56-LeaderElection18] INFO  server.RaftServerConfigKeys (ConfUtils.java:logGet(46)) - raft.server.write.follower.gap.ratio.max = -1.0 (default)
2022-12-15 22:22:21,073 [EventQueue-CommandQueueReportForCommandQueueReportHandler] WARN  events.EventQueue (EventQueue.java:fireEvent(216)) - No event handler registered for event TypedEvent{payloadType=DatanodeDetails, name='Datanode_Command_Queue_Updated'}
2022-12-15 22:22:21,074 [5c5af87b-4e3e-41fb-877c-ea0d3e3ca2da@group-85E5E1C09A56-FollowerState] INFO  server.RaftServerConfigKeys (ConfUtils.java:logFallback(53)) - raft.server.rpc.first-election.timeout.min = 5s (fallback to raft.server.rpc.timeout.min)
2022-12-15 22:22:21,074 [51274d7d-d5a1-4c32-9641-f14f0b9efaa9@group-85E5E1C09A56-LeaderElection18] INFO  server.RaftServerConfigKeys (ConfUtils.java:logGet(46)) - raft.server.log.appender.snapshot.chunk.size.max = 16MB (=16777216) (default)
2022-12-15 22:22:21,074 [EventQueue-OpenPipelineForHealthyPipelineSafeModeRule] INFO  safemode.SCMSafeModeManager (HealthyPipelineSafeModeRule.java:process(137)) - SCM in safe mode. Healthy pipelines reported count is 0, required healthy pipeline reported count is 1
2022-12-15 22:22:21,074 [EventQueue-PipelineReportForPipelineReportHandler] INFO  pipeline.PipelineManagerImpl (PipelineManagerImpl.java:openPipeline(367)) - Pipeline Pipeline[ Id: b4c892e0-acf1-4f84-9870-85e5e1c09a56, Nodes: a42aff4d-9d7b-4010-992a-35ce3c1e1689{ip: 10.1.0.13, host: fv-az83-67.pawgbth4qraerhbqawdeo1jfng.dx.internal.cloudapp.net, ports: [REPLICATION=39855, RATIS=44723, RATIS_ADMIN=44723, RATIS_SERVER=44723, STANDALONE=40139], networkLocation: /default-rack, certSerialId: null, persistedOpState: IN_SERVICE, persistedOpStateExpiryEpochSec: 0}51274d7d-d5a1-4c32-9641-f14f0b9efaa9{ip: 10.1.0.13, host: fv-az83-67.pawgbth4qraerhbqawdeo1jfng.dx.internal.cloudapp.net, ports: [REPLICATION=33207, RATIS=34457, RATIS_ADMIN=34457, RATIS_SERVER=34457, STANDALONE=45609], networkLocation: /default-rack, certSerialId: null, persistedOpState: IN_SERVICE, persistedOpStateExpiryEpochSec: 0}5c5af87b-4e3e-41fb-877c-ea0d3e3ca2da{ip: 10.1.0.13, host: fv-az83-67.pawgbth4qraerhbqawdeo1jfng.dx.internal.cloudapp.net, ports: [REPLICATION=40163, RATIS=45309, RATIS_ADMIN=45309, RATIS_SERVER=45309, STANDALONE=43101], networkLocation: /default-rack, certSerialId: null, persistedOpState: IN_SERVICE, persistedOpStateExpiryEpochSec: 0}, ReplicationConfig: RATIS/THREE, State:ALLOCATED, leaderId:51274d7d-d5a1-4c32-9641-f14f0b9efaa9, CreationTimestamp2022-12-15T22:22:15.017Z[Etc/UTC]] moved to OPEN state
2022-12-15 22:22:21,077 [5c5af87b-4e3e-41fb-877c-ea0d3e3ca2da@group-85E5E1C09A56-FollowerState] INFO  server.RaftServerConfigKeys (ConfUtils.java:logFallback(53)) - raft.server.rpc.first-election.timeout.max = 5200ms (fallback to raft.server.rpc.timeout.max)
2022-12-15 22:22:21,077 [EventQueue-OpenPipelineForHealthyPipelineSafeModeRule] INFO  safemode.SCMSafeModeManager (HealthyPipelineSafeModeRule.java:process(137)) - SCM in safe mode. Healthy pipelines reported count is 1, required healthy pipeline reported count is 1
2022-12-15 22:22:21,078 [EventQueue-OpenPipelineForHealthyPipelineSafeModeRule] INFO  safemode.SCMSafeModeManager (SCMSafeModeManager.java:validateSafeModeExitRules(200)) - HealthyPipelineSafeModeRule rule is successfully validated
2022-12-15 22:22:21,078 [EventQueue-OpenPipelineForHealthyPipelineSafeModeRule] INFO  safemode.SCMSafeModeManager (SCMSafeModeManager.java:validateSafeModeExitRules(215)) - ScmSafeModeManager, all rules are successfully validated
2022-12-15 22:22:21,078 [EventQueue-OpenPipelineForHealthyPipelineSafeModeRule] INFO  safemode.SCMSafeModeManager (SCMSafeModeManager.java:exitSafeMode(244)) - SCM exiting safe mode.
2022-12-15 22:22:21,078 [EventQueue-OpenPipelineForHealthyPipelineSafeModeRule] INFO  ha.SCMContext (SCMContext.java:updateSafeModeStatus(228)) - Update SafeModeStatus from SafeModeStatus{safeModeStatus=true, preCheckPassed=true} to SafeModeStatus{safeModeStatus=false, preCheckPassed=true}.
2022-12-15 22:22:21,078 [EventQueue-OpenPipelineForHealthyPipelineSafeModeRule] INFO  pipeline.BackgroundPipelineCreator (BackgroundPipelineCreator.java:notifyStatusChanged(254)) - Service BackgroundPipelineCreator transitions to RUNNING.
2022-12-15 22:22:21,078 [EventQueue-OpenPipelineForHealthyPipelineSafeModeRule] INFO  BackgroundPipelineScrubber (BackgroundSCMService.java:notifyStatusChanged(82)) - Service BackgroundPipelineScrubber transitions to RUNNING.
2022-12-15 22:22:21,078 [EventQueue-OpenPipelineForHealthyPipelineSafeModeRule] INFO  ExpiredContainerReplicaOpScrubber (BackgroundSCMService.java:notifyStatusChanged(82)) - Service ExpiredContainerReplicaOpScrubber transitions to RUNNING.
2022-12-15 22:22:21,078 [EventQueue-OpenPipelineForHealthyPipelineSafeModeRule] INFO  replication.ReplicationManager (ReplicationManager.java:notifyStatusChanged(905)) - Service ReplicationManager transitions to RUNNING.
2022-12-15 22:22:21,078 [EventQueue-OpenPipelineForHealthyPipelineSafeModeRule] WARN  balancer.ContainerBalancer (ContainerBalancer.java:shouldRun(131)) - Could not find persisted configuration for ContainerBalancer when checking if ContainerBalancer should run. ContainerBalancer should not run now.
2022-12-15 22:22:21,078 [51274d7d-d5a1-4c32-9641-f14f0b9efaa9@group-85E5E1C09A56-LeaderElection18] INFO  server.RaftServerConfigKeys (ConfUtils.java:logGet(46)) - raft.server.log.appender.buffer.byte-limit = 33554432 (custom)
2022-12-15 22:22:21,078 [51274d7d-d5a1-4c32-9641-f14f0b9efaa9@group-85E5E1C09A56-LeaderElection18] INFO  server.RaftServerConfigKeys (ConfUtils.java:logGet(46)) - raft.server.log.appender.buffer.element-limit = 1 (custom)
2022-12-15 22:22:21,078 [51274d7d-d5a1-4c32-9641-f14f0b9efaa9@group-85E5E1C09A56-LeaderElection18] INFO  grpc.GrpcConfigKeys (ConfUtils.java:logGet(46)) - raft.grpc.server.leader.outstanding.appends.max = 128 (default)
2022-12-15 22:22:21,078 [51274d7d-d5a1-4c32-9641-f14f0b9efaa9@group-85E5E1C09A56-LeaderElection18] INFO  server.RaftServerConfigKeys (ConfUtils.java:logGet(46)) - raft.server.rpc.request.timeout = 60s (custom)
2022-12-15 22:22:21,079 [51274d7d-d5a1-4c32-9641-f14f0b9efaa9@group-85E5E1C09A56-LeaderElection18] INFO  server.RaftServerConfigKeys (ConfUtils.java:logGet(46)) - raft.server.log.appender.install.snapshot.enabled = false (custom)
2022-12-15 22:22:21,079 [51274d7d-d5a1-4c32-9641-f14f0b9efaa9@group-85E5E1C09A56-LeaderElection18] INFO  grpc.GrpcConfigKeys (ConfUtils.java:logGet(46)) - raft.grpc.server.heartbeat.channel = true (default)
2022-12-15 22:22:21,079 [51274d7d-d5a1-4c32-9641-f14f0b9efaa9@group-85E5E1C09A56-LeaderElection18] INFO  server.RaftServerConfigKeys (ConfUtils.java:logGet(46)) - raft.server.log.appender.wait-time.min = 10ms (default)
2022-12-15 22:22:21,080 [51274d7d-d5a1-4c32-9641-f14f0b9efaa9@group-85E5E1C09A56-LeaderElection18] INFO  server.RaftServerConfigKeys (ConfUtils.java:logGet(46)) - raft.server.log.appender.snapshot.chunk.size.max = 16MB (=16777216) (default)
2022-12-15 22:22:21,080 [51274d7d-d5a1-4c32-9641-f14f0b9efaa9@group-85E5E1C09A56-LeaderElection18] INFO  server.RaftServerConfigKeys (ConfUtils.java:logGet(46)) - raft.server.log.appender.buffer.byte-limit = 33554432 (custom)
2022-12-15 22:22:21,080 [51274d7d-d5a1-4c32-9641-f14f0b9efaa9@group-85E5E1C09A56-LeaderElection18] INFO  server.RaftServerConfigKeys (ConfUtils.java:logGet(46)) - raft.server.log.appender.buffer.element-limit = 1 (custom)
2022-12-15 22:22:21,080 [51274d7d-d5a1-4c32-9641-f14f0b9efaa9@group-85E5E1C09A56-LeaderElection18] INFO  grpc.GrpcConfigKeys (ConfUtils.java:logGet(46)) - raft.grpc.server.leader.outstanding.appends.max = 128 (default)
2022-12-15 22:22:21,080 [51274d7d-d5a1-4c32-9641-f14f0b9efaa9@group-85E5E1C09A56-LeaderElection18] INFO  server.RaftServerConfigKeys (ConfUtils.java:logGet(46)) - raft.server.rpc.request.timeout = 60s (custom)
2022-12-15 22:22:21,080 [51274d7d-d5a1-4c32-9641-f14f0b9efaa9@group-85E5E1C09A56-LeaderElection18] INFO  server.RaftServerConfigKeys (ConfUtils.java:logGet(46)) - raft.server.log.appender.install.snapshot.enabled = false (custom)
2022-12-15 22:22:21,080 [51274d7d-d5a1-4c32-9641-f14f0b9efaa9@group-85E5E1C09A56-LeaderElection18] INFO  grpc.GrpcConfigKeys (ConfUtils.java:logGet(46)) - raft.grpc.server.heartbeat.channel = true (default)
2022-12-15 22:22:21,080 [51274d7d-d5a1-4c32-9641-f14f0b9efaa9@group-85E5E1C09A56-LeaderElection18] INFO  server.RaftServerConfigKeys (ConfUtils.java:logGet(46)) - raft.server.log.appender.wait-time.min = 10ms (default)
2022-12-15 22:22:21,081 [51274d7d-d5a1-4c32-9641-f14f0b9efaa9@group-85E5E1C09A56-LeaderElection18] INFO  impl.RoleInfo (RoleInfo.java:updateAndGet(139)) - 51274d7d-d5a1-4c32-9641-f14f0b9efaa9: start 51274d7d-d5a1-4c32-9641-f14f0b9efaa9@group-85E5E1C09A56-LeaderStateImpl
2022-12-15 22:22:21,081 [51274d7d-d5a1-4c32-9641-f14f0b9efaa9@group-85E5E1C09A56-LeaderElection18] INFO  segmented.SegmentedRaftLogWorker (SegmentedRaftLogWorker.java:startLogSegment(452)) - 51274d7d-d5a1-4c32-9641-f14f0b9efaa9@group-85E5E1C09A56-SegmentedRaftLogWorker: Starting segment from index:0
2022-12-15 22:22:21,084 [51274d7d-d5a1-4c32-9641-f14f0b9efaa9@group-85E5E1C09A56-SegmentedRaftLogWorker] INFO  segmented.SegmentedRaftLogWorker (SegmentedRaftLogWorker.java:execute(656)) - 51274d7d-d5a1-4c32-9641-f14f0b9efaa9@group-85E5E1C09A56-SegmentedRaftLogWorker: created new log segment /home/runner/work/ozone/ozone/hadoop-ozone/integration-test/target/test-dir/MiniOzoneClusterImpl-c952205c-0de4-41d8-8615-baf19f81c5db/datanode-0/data/ratis/b4c892e0-acf1-4f84-9870-85e5e1c09a56/current/log_inprogress_0
2022-12-15 22:22:21,090 [EventQueue-StaleNodeForStaleNodeHandler] INFO  node.StaleNodeHandler (StaleNodeHandler.java:onMessage(59)) - Datanode 1e86e54b-7ea4-4ffe-a764-33ccb592660f{ip: 10.1.0.13, host: fv-az83-67.pawgbth4qraerhbqawdeo1jfng.dx.internal.cloudapp.net, ports: [REPLICATION=41383, RATIS=45413, RATIS_ADMIN=45413, RATIS_SERVER=45413, STANDALONE=39139], networkLocation: /default-rack, certSerialId: null, persistedOpState: DECOMMISSIONING, persistedOpStateExpiryEpochSec: 0} moved to stale state. Finalizing its pipelines []
2022-12-15 22:22:21,099 [51274d7d-d5a1-4c32-9641-f14f0b9efaa9@group-85E5E1C09A56-LeaderElection18] INFO  server.RaftServer$Division (ServerState.java:setRaftConf(430)) - 51274d7d-d5a1-4c32-9641-f14f0b9efaa9@group-85E5E1C09A56: set configuration 0: peers:[51274d7d-d5a1-4c32-9641-f14f0b9efaa9|rpc:10.1.0.13:34457|dataStream:|priority:1|startupRole:FOLLOWER, a42aff4d-9d7b-4010-992a-35ce3c1e1689|rpc:10.1.0.13:44723|dataStream:|priority:0|startupRole:FOLLOWER, 5c5af87b-4e3e-41fb-877c-ea0d3e3ca2da|rpc:10.1.0.13:45309|dataStream:|priority:0|startupRole:FOLLOWER]|listeners:[], old=null
2022-12-15 22:22:21,117 [a42aff4d-9d7b-4010-992a-35ce3c1e1689-server-thread1] INFO  ratis.XceiverServerRatis (XceiverServerRatis.java:handleLeaderChangedNotification(863)) - Leader change notification received for group: group-85E5E1C09A56 with new leaderId: 51274d7d-d5a1-4c32-9641-f14f0b9efaa9
2022-12-15 22:22:21,117 [a42aff4d-9d7b-4010-992a-35ce3c1e1689-server-thread1] INFO  server.RaftServer$Division (ServerState.java:setLeader(313)) - a42aff4d-9d7b-4010-992a-35ce3c1e1689@group-85E5E1C09A56: change Leader from null to 51274d7d-d5a1-4c32-9641-f14f0b9efaa9 at term 1 for appendEntries, leader elected after 5111ms
2022-12-15 22:22:21,122 [5c5af87b-4e3e-41fb-877c-ea0d3e3ca2da-server-thread1] INFO  ratis.XceiverServerRatis (XceiverServerRatis.java:handleLeaderChangedNotification(863)) - Leader change notification received for group: group-85E5E1C09A56 with new leaderId: 51274d7d-d5a1-4c32-9641-f14f0b9efaa9
2022-12-15 22:22:21,122 [5c5af87b-4e3e-41fb-877c-ea0d3e3ca2da-server-thread1] INFO  server.RaftServer$Division (ServerState.java:setLeader(313)) - 5c5af87b-4e3e-41fb-877c-ea0d3e3ca2da@group-85E5E1C09A56: change Leader from null to 51274d7d-d5a1-4c32-9641-f14f0b9efaa9 at term 1 for appendEntries, leader elected after 5029ms
2022-12-15 22:22:21,125 [a42aff4d-9d7b-4010-992a-35ce3c1e1689-server-thread1] INFO  server.RaftServer$Division (ServerState.java:setRaftConf(430)) - a42aff4d-9d7b-4010-992a-35ce3c1e1689@group-85E5E1C09A56: set configuration 0: peers:[51274d7d-d5a1-4c32-9641-f14f0b9efaa9|rpc:10.1.0.13:34457|dataStream:|priority:1|startupRole:FOLLOWER, a42aff4d-9d7b-4010-992a-35ce3c1e1689|rpc:10.1.0.13:44723|dataStream:|priority:0|startupRole:FOLLOWER, 5c5af87b-4e3e-41fb-877c-ea0d3e3ca2da|rpc:10.1.0.13:45309|dataStream:|priority:0|startupRole:FOLLOWER]|listeners:[], old=null
2022-12-15 22:22:21,128 [a42aff4d-9d7b-4010-992a-35ce3c1e1689-server-thread1] INFO  segmented.SegmentedRaftLogWorker (SegmentedRaftLogWorker.java:startLogSegment(452)) - a42aff4d-9d7b-4010-992a-35ce3c1e1689@group-85E5E1C09A56-SegmentedRaftLogWorker: Starting segment from index:0
2022-12-15 22:22:21,132 [a42aff4d-9d7b-4010-992a-35ce3c1e1689@group-85E5E1C09A56-SegmentedRaftLogWorker] INFO  segmented.SegmentedRaftLogWorker (SegmentedRaftLogWorker.java:execute(656)) - a42aff4d-9d7b-4010-992a-35ce3c1e1689@group-85E5E1C09A56-SegmentedRaftLogWorker: created new log segment /home/runner/work/ozone/ozone/hadoop-ozone/integration-test/target/test-dir/MiniOzoneClusterImpl-c952205c-0de4-41d8-8615-baf19f81c5db/datanode-2/data/ratis/b4c892e0-acf1-4f84-9870-85e5e1c09a56/current/log_inprogress_0
2022-12-15 22:22:21,135 [5c5af87b-4e3e-41fb-877c-ea0d3e3ca2da-server-thread3] INFO  server.RaftServer$Division (ServerState.java:setRaftConf(430)) - 5c5af87b-4e3e-41fb-877c-ea0d3e3ca2da@group-85E5E1C09A56: set configuration 0: peers:[51274d7d-d5a1-4c32-9641-f14f0b9efaa9|rpc:10.1.0.13:34457|dataStream:|priority:1|startupRole:FOLLOWER, a42aff4d-9d7b-4010-992a-35ce3c1e1689|rpc:10.1.0.13:44723|dataStream:|priority:0|startupRole:FOLLOWER, 5c5af87b-4e3e-41fb-877c-ea0d3e3ca2da|rpc:10.1.0.13:45309|dataStream:|priority:0|startupRole:FOLLOWER]|listeners:[], old=null
2022-12-15 22:22:21,136 [5c5af87b-4e3e-41fb-877c-ea0d3e3ca2da-server-thread3] INFO  segmented.SegmentedRaftLogWorker (SegmentedRaftLogWorker.java:startLogSegment(452)) - 5c5af87b-4e3e-41fb-877c-ea0d3e3ca2da@group-85E5E1C09A56-SegmentedRaftLogWorker: Starting segment from index:0
2022-12-15 22:22:21,138 [5c5af87b-4e3e-41fb-877c-ea0d3e3ca2da@group-85E5E1C09A56-SegmentedRaftLogWorker] INFO  segmented.SegmentedRaftLogWorker (SegmentedRaftLogWorker.java:execute(656)) - 5c5af87b-4e3e-41fb-877c-ea0d3e3ca2da@group-85E5E1C09A56-SegmentedRaftLogWorker: created new log segment /home/runner/work/ozone/ozone/hadoop-ozone/integration-test/target/test-dir/MiniOzoneClusterImpl-c952205c-0de4-41d8-8615-baf19f81c5db/datanode-1/data/ratis/b4c892e0-acf1-4f84-9870-85e5e1c09a56/current/log_inprogress_0
2022-12-15 22:22:21,267 [Over Replicated Processor] INFO  replication.OverReplicatedProcessor (OverReplicatedProcessor.java:processAll(79)) - Processed 0 over replicated containers, failed processing 0
2022-12-15 22:22:21,288 [ReplicationMonitor] INFO  replication.ReplicationManager (ReplicationManager.java:processAll(327)) - Replication Manager is not ready to run until 3000ms after safemode exit
2022-12-15 22:22:21,305 [ReplicationMonitor] INFO  replication.ReplicationManager (ReplicationManager.java:processAll(360)) - Replication Monitor Thread took 1 milliseconds for processing 8 containers.
2022-12-15 22:22:21,306 [EventQueue-CommandQueueReportForCommandQueueReportHandler] WARN  events.EventQueue (EventQueue.java:fireEvent(216)) - No event handler registered for event TypedEvent{payloadType=DatanodeDetails, name='Datanode_Command_Queue_Updated'}
2022-12-15 22:22:21,314 [Under Replicated Processor] INFO  replication.UnderReplicatedProcessor (UnderReplicatedProcessor.java:processAll(79)) - Processed 0 under replicated containers, failed processing 0
2022-12-15 22:22:21,326 [EventQueue-CommandQueueReportForCommandQueueReportHandler] WARN  events.EventQueue (EventQueue.java:fireEvent(216)) - No event handler registered for event TypedEvent{payloadType=DatanodeDetails, name='Datanode_Command_Queue_Updated'}
2022-12-15 22:22:21,509 [EventQueue-CommandQueueReportForCommandQueueReportHandler] WARN  events.EventQueue (EventQueue.java:fireEvent(216)) - No event handler registered for event TypedEvent{payloadType=DatanodeDetails, name='Datanode_Command_Queue_Updated'}
2022-12-15 22:22:21,772 [Listener at 127.0.0.1/41387] INFO  ozone.MiniOzoneClusterImpl (MiniOzoneClusterImpl.java:lambda$waitForClusterToBeReady$0(216)) - Nodes are ready. Got 7 of 7 DN Heartbeats.
2022-12-15 22:22:21,772 [Listener at 127.0.0.1/41387] INFO  ozone.MiniOzoneClusterImpl (MiniOzoneClusterImpl.java:lambda$waitForClusterToBeReady$0(219)) - Cluster exits safe mode
2022-12-15 22:22:21,772 [Listener at 127.0.0.1/41387] INFO  ozone.MiniOzoneClusterImpl (MiniOzoneClusterImpl.java:lambda$waitForClusterToBeReady$0(221)) - SCM became leader
2022-12-15 22:22:21,773 [EventQueue-CommandQueueReportForCommandQueueReportHandler] WARN  events.EventQueue (EventQueue.java:fireEvent(216)) - No event handler registered for event TypedEvent{payloadType=DatanodeDetails, name='Datanode_Command_Queue_Updated'}
2022-12-15 22:22:21,775 [Listener at 127.0.0.1/41387] WARN  server.ServerUtils (ServerUtils.java:getScmDbDir(148)) - ozone.scm.db.dirs is not configured. We recommend adding this setting. Falling back to ozone.metadata.dirs instead.
2022-12-15 22:22:21,777 [Listener at 127.0.0.1/41387] WARN  server.ServerUtils (ServerUtils.java:getScmDbDir(148)) - ozone.scm.db.dirs is not configured. We recommend adding this setting. Falling back to ozone.metadata.dirs instead.
2022-12-15 22:22:21,778 [Listener at 127.0.0.1/41387] INFO  ha.SCMHANodeDetails (SCMHANodeDetails.java:loadSCMHAConfig(209)) - ServiceID for StorageContainerManager is null
2022-12-15 22:22:21,778 [Listener at 127.0.0.1/41387] INFO  ha.SCMHANodeDetails (SCMHANodeDetails.java:loadSCMHAConfig(214)) - ozone.scm.default.service.id is not defined, falling back to ozone.scm.service.ids to find serviceID for StorageContainerManager if it is HA enabled cluster
2022-12-15 22:22:21,779 [Listener at 127.0.0.1/41387] WARN  utils.HAUtils (HAUtils.java:getMetaDir(342)) - ozone.scm.db.dirs is not configured. We recommend adding this setting. Falling back to ozone.metadata.dirs instead.
2022-12-15 22:22:21,779 [Listener at 127.0.0.1/41387] WARN  db.DBStoreBuilder (DBStoreBuilder.java:applyDBDefinition(144)) - ozone.scm.db.dirs is not configured. We recommend adding this setting. Falling back to ozone.metadata.dirs instead.
2022-12-15 22:22:21,811 [EventQueue-CommandQueueReportForCommandQueueReportHandler] WARN  events.EventQueue (EventQueue.java:fireEvent(216)) - No event handler registered for event TypedEvent{payloadType=DatanodeDetails, name='Datanode_Command_Queue_Updated'}
2022-12-15 22:22:21,850 [EventQueue-CommandQueueReportForCommandQueueReportHandler] WARN  events.EventQueue (EventQueue.java:fireEvent(216)) - No event handler registered for event TypedEvent{payloadType=DatanodeDetails, name='Datanode_Command_Queue_Updated'}
2022-12-15 22:22:21,867 [EventQueue-CommandQueueReportForCommandQueueReportHandler] WARN  events.EventQueue (EventQueue.java:fireEvent(216)) - No event handler registered for event TypedEvent{payloadType=DatanodeDetails, name='Datanode_Command_Queue_Updated'}
2022-12-15 22:22:21,894 [EventQueue-CommandQueueReportForCommandQueueReportHandler] WARN  events.EventQueue (EventQueue.java:fireEvent(216)) - No event handler registered for event TypedEvent{payloadType=DatanodeDetails, name='Datanode_Command_Queue_Updated'}
2022-12-15 22:22:21,913 [EventQueue-CommandQueueReportForCommandQueueReportHandler] WARN  events.EventQueue (EventQueue.java:fireEvent(216)) - No event handler registered for event TypedEvent{payloadType=DatanodeDetails, name='Datanode_Command_Queue_Updated'}
2022-12-15 22:22:21,961 [Listener at 127.0.0.1/41387] INFO  net.NodeSchemaLoader (NodeSchemaLoader.java:loadSchemaFromFile(129)) - Loading schema from [jar:file:/home/runner/.m2/repository/org/apache/ozone/hdds-common/1.3.0-SNAPSHOT/hdds-common-1.3.0-SNAPSHOT.jar!/network-topology-default.xml]
2022-12-15 22:22:21,961 [Listener at 127.0.0.1/41387] INFO  net.NodeSchemaLoader (NodeSchemaLoader.java:loadSchema(176)) - Loading network topology layer schema file
2022-12-15 22:22:21,974 [Listener at 127.0.0.1/41387] WARN  impl.MetricRegistriesImpl (MetricRegistriesImpl.java:addReporterRegistration(111)) - New reporters are added after registries were created. Some metrics will be missing from the reporter. Please add reporter before adding any new registry.
2022-12-15 22:22:21,974 [Listener at 127.0.0.1/41387] WARN  impl.MetricRegistriesImpl (MetricRegistriesImpl.java:addReporterRegistration(111)) - New reporters are added after registries were created. Some metrics will be missing from the reporter. Please add reporter before adding any new registry.
2022-12-15 22:22:21,974 [Listener at 127.0.0.1/41387] INFO  upgrade.AbstractLayoutVersionManager (AbstractLayoutVersionManager.java:init(83)) - Initializing Layout version manager with metadata layout = DATANODE_SCHEMA_V3 (version = 4), software layout = DATANODE_SCHEMA_V3 (version = 4)
2022-12-15 22:22:22,001 [EventQueue-CommandQueueReportForCommandQueueReportHandler] WARN  events.EventQueue (EventQueue.java:fireEvent(216)) - No event handler registered for event TypedEvent{payloadType=DatanodeDetails, name='Datanode_Command_Queue_Updated'}
2022-12-15 22:22:22,018 [EventQueue-CommandQueueReportForCommandQueueReportHandler] WARN  events.EventQueue (EventQueue.java:fireEvent(216)) - No event handler registered for event TypedEvent{payloadType=DatanodeDetails, name='Datanode_Command_Queue_Updated'}
2022-12-15 22:22:22,034 [Listener at 127.0.0.1/41387] INFO  reflections.Reflections (Reflections.java:scan(232)) - Reflections took 59 ms to scan 7 urls, producing 140 keys and 342 values 
2022-12-15 22:22:22,036 [Listener at 127.0.0.1/41387] INFO  ha.SequenceIdGenerator (SequenceIdGenerator.java:upgradeToSequenceId(349)) - upgrade localId to 109611004723200000
2022-12-15 22:22:22,036 [Listener at 127.0.0.1/41387] INFO  ha.SequenceIdGenerator (SequenceIdGenerator.java:upgradeToSequenceId(359)) - upgrade delTxnId to 0
2022-12-15 22:22:22,037 [Listener at 127.0.0.1/41387] INFO  ha.SequenceIdGenerator (SequenceIdGenerator.java:upgradeToSequenceId(376)) - upgrade containerId to 0
2022-12-15 22:22:22,037 [Listener at 127.0.0.1/41387] INFO  ha.SequenceIdGenerator (SequenceIdGenerator.java:<init>(220)) - Init the HA SequenceIdGenerator.
2022-12-15 22:22:22,038 [Listener at 127.0.0.1/41387] INFO  node.SCMNodeManager (SCMNodeManager.java:<init>(149)) - Entering startup safe mode.
2022-12-15 22:22:22,039 [Listener at 127.0.0.1/41387] INFO  algorithms.ContainerPlacementPolicyFactory (ContainerPlacementPolicyFactory.java:getPolicyInternal(86)) - Create container placement policy of type org.apache.hadoop.hdds.scm.container.placement.algorithms.SCMContainerPlacementRandom
2022-12-15 22:22:22,039 [Listener at 127.0.0.1/41387] INFO  algorithms.ContainerPlacementPolicyFactory (ContainerPlacementPolicyFactory.java:getPolicyInternal(86)) - Create container placement policy of type org.apache.hadoop.hdds.scm.container.placement.algorithms.SCMContainerPlacementRackScatter
2022-12-15 22:22:22,039 [Listener at 127.0.0.1/41387] INFO  pipeline.PipelineStateManagerImpl (PipelineStateManagerImpl.java:initialize(78)) - No pipeline exists in current db
2022-12-15 22:22:22,039 [Listener at 127.0.0.1/41387] INFO  algorithms.LeaderChoosePolicyFactory (LeaderChoosePolicyFactory.java:getPolicy(57)) - Create leader choose policy of type org.apache.hadoop.hdds.scm.pipeline.leader.choose.algorithms.MinLeaderCountChoosePolicy
2022-12-15 22:22:22,040 [Listener at 127.0.0.1/41387] INFO  algorithms.ContainerPlacementPolicyFactory (ContainerPlacementPolicyFactory.java:getPolicyInternal(86)) - Create container placement policy of type org.apache.hadoop.hdds.scm.container.placement.algorithms.SCMContainerPlacementRackScatter
2022-12-15 22:22:22,040 [Listener at 127.0.0.1/41387] INFO  ha.SCMServiceManager (SCMServiceManager.java:register(42)) - Registering service BackgroundPipelineCreator.
2022-12-15 22:22:22,040 [Listener at 127.0.0.1/41387] INFO  pipeline.BackgroundPipelineCreator (BackgroundPipelineCreator.java:start(124)) - Starting RatisPipelineUtilsThread.
2022-12-15 22:22:22,042 [EventQueue-CommandQueueReportForCommandQueueReportHandler] WARN  events.EventQueue (EventQueue.java:fireEvent(216)) - No event handler registered for event TypedEvent{payloadType=DatanodeDetails, name='Datanode_Command_Queue_Updated'}
2022-12-15 22:22:22,044 [Listener at 127.0.0.1/41387] INFO  BackgroundPipelineScrubber (BackgroundSCMService.java:start(68)) - Starting BackgroundPipelineScrubber Service.
2022-12-15 22:22:22,048 [Listener at 127.0.0.1/41387] INFO  ha.SCMServiceManager (SCMServiceManager.java:register(42)) - Registering service BackgroundPipelineScrubber.
2022-12-15 22:22:22,048 [Listener at 127.0.0.1/41387] INFO  ExpiredContainerReplicaOpScrubber (BackgroundSCMService.java:start(68)) - Starting ExpiredContainerReplicaOpScrubber Service.
2022-12-15 22:22:22,053 [Listener at 127.0.0.1/41387] INFO  ha.SCMServiceManager (SCMServiceManager.java:register(42)) - Registering service ExpiredContainerReplicaOpScrubber.
2022-12-15 22:22:22,055 [Listener at 127.0.0.1/41387] INFO  algorithms.PipelineChoosePolicyFactory (PipelineChoosePolicyFactory.java:createPipelineChoosePolicyFromClass(73)) - Create pipeline choose policy of type org.apache.hadoop.hdds.scm.pipeline.choose.algorithms.RandomPipelineChoosePolicy
2022-12-15 22:22:22,055 [Listener at 127.0.0.1/41387] INFO  ha.SCMServiceManager (SCMServiceManager.java:register(42)) - Registering service SCMBlockDeletingService.
2022-12-15 22:22:22,056 [Listener at 127.0.0.1/41387] INFO  replication.ReplicationManager (ReplicationManager.java:start(258)) - Starting Replication Monitor Thread.
2022-12-15 22:22:22,063 [5c5af87b-4e3e-41fb-877c-ea0d3e3ca2da@group-F2FBAAA2EC6A-FollowerState] INFO  impl.FollowerState (FollowerState.java:run(143)) - 5c5af87b-4e3e-41fb-877c-ea0d3e3ca2da@group-F2FBAAA2EC6A-FollowerState: change to CANDIDATE, lastRpcElapsedTime:5158100723ns, electionTimeout:5142ms
2022-12-15 22:22:22,063 [5c5af87b-4e3e-41fb-877c-ea0d3e3ca2da@group-F2FBAAA2EC6A-FollowerState] INFO  impl.RoleInfo (RoleInfo.java:shutdownFollowerState(110)) - 5c5af87b-4e3e-41fb-877c-ea0d3e3ca2da: shutdown 5c5af87b-4e3e-41fb-877c-ea0d3e3ca2da@group-F2FBAAA2EC6A-FollowerState
2022-12-15 22:22:22,063 [5c5af87b-4e3e-41fb-877c-ea0d3e3ca2da@group-F2FBAAA2EC6A-FollowerState] INFO  server.RaftServer$Division (RaftServerImpl.java:setRole(321)) - 5c5af87b-4e3e-41fb-877c-ea0d3e3ca2da@group-F2FBAAA2EC6A: changes role from  FOLLOWER to CANDIDATE at term 0 for changeToCandidate
2022-12-15 22:22:22,069 [Listener at 127.0.0.1/41387] INFO  ha.SCMServiceManager (SCMServiceManager.java:register(42)) - Registering service ReplicationManager.
2022-12-15 22:22:22,069 [5c5af87b-4e3e-41fb-877c-ea0d3e3ca2da@group-F2FBAAA2EC6A-FollowerState] INFO  server.RaftServerConfigKeys (ConfUtils.java:logGet(46)) - raft.server.leaderelection.pre-vote = false (custom)
2022-12-15 22:22:22,069 [5c5af87b-4e3e-41fb-877c-ea0d3e3ca2da@group-F2FBAAA2EC6A-FollowerState] INFO  impl.RoleInfo (RoleInfo.java:updateAndGet(139)) - 5c5af87b-4e3e-41fb-877c-ea0d3e3ca2da: start 5c5af87b-4e3e-41fb-877c-ea0d3e3ca2da@group-F2FBAAA2EC6A-LeaderElection19
2022-12-15 22:22:22,070 [Listener at 127.0.0.1/41387] INFO  safemode.ContainerSafeModeRule (ContainerSafeModeRule.java:<init>(89)) - containers with one replica threshold count 0
2022-12-15 22:22:22,071 [Listener at 127.0.0.1/41387] INFO  safemode.HealthyPipelineSafeModeRule (HealthyPipelineSafeModeRule.java:initializeRule(169)) - Total pipeline count is 0, healthy pipeline threshold count is 1
2022-12-15 22:22:22,071 [Listener at 127.0.0.1/41387] INFO  safemode.OneReplicaPipelineSafeModeRule (OneReplicaPipelineSafeModeRule.java:initializeRule(180)) - Total pipeline count is 0, pipeline's with at least one datanode reported threshold count is 0
2022-12-15 22:22:22,076 [EventQueue-CommandQueueReportForCommandQueueReportHandler] WARN  events.EventQueue (EventQueue.java:fireEvent(216)) - No event handler registered for event TypedEvent{payloadType=DatanodeDetails, name='Datanode_Command_Queue_Updated'}
2022-12-15 22:22:22,081 [ReplicationMonitor] INFO  replication.ReplicationManager (ReplicationManager.java:processAll(327)) - Replication Manager is not ready to run until 3000ms after safemode exit
2022-12-15 22:22:22,081 [Listener at 127.0.0.1/41387] INFO  ipc.CallQueueManager (CallQueueManager.java:<init>(90)) - Using callQueue: class java.util.concurrent.LinkedBlockingQueue, queueCapacity: 2000, scheduler: class org.apache.hadoop.ipc.DefaultRpcScheduler, ipcBackoff: false.
2022-12-15 22:22:22,086 [Socket Reader #1 for port 0] INFO  ipc.Server (Server.java:run(1273)) - Starting Socket Reader #1 for port 0
2022-12-15 22:22:22,104 [Listener at 0.0.0.0/35819] INFO  ipc.CallQueueManager (CallQueueManager.java:<init>(90)) - Using callQueue: class java.util.concurrent.LinkedBlockingQueue, queueCapacity: 2000, scheduler: class org.apache.hadoop.ipc.DefaultRpcScheduler, ipcBackoff: false.
2022-12-15 22:22:22,105 [Socket Reader #1 for port 0] INFO  ipc.Server (Server.java:run(1273)) - Starting Socket Reader #1 for port 0
2022-12-15 22:22:22,106 [5c5af87b-4e3e-41fb-877c-ea0d3e3ca2da@group-F2FBAAA2EC6A-LeaderElection19] INFO  impl.LeaderElection (LeaderElection.java:askForVotes(312)) - 5c5af87b-4e3e-41fb-877c-ea0d3e3ca2da@group-F2FBAAA2EC6A-LeaderElection19 ELECTION round 0: submit vote requests at term 1 for -1: peers:[5c5af87b-4e3e-41fb-877c-ea0d3e3ca2da|rpc:10.1.0.13:45309|priority:1|startupRole:FOLLOWER]|listeners:[], old=null
2022-12-15 22:22:22,106 [5c5af87b-4e3e-41fb-877c-ea0d3e3ca2da@group-F2FBAAA2EC6A-LeaderElection19] INFO  impl.LeaderElection (LeaderElection.java:askForVotes(314)) - 5c5af87b-4e3e-41fb-877c-ea0d3e3ca2da@group-F2FBAAA2EC6A-LeaderElection19 ELECTION round 0: result PASSED (term=1)
2022-12-15 22:22:22,110 [Listener at 0.0.0.0/44863] INFO  ipc.CallQueueManager (CallQueueManager.java:<init>(90)) - Using callQueue: class java.util.concurrent.LinkedBlockingQueue, queueCapacity: 2000, scheduler: class org.apache.hadoop.ipc.DefaultRpcScheduler, ipcBackoff: false.
2022-12-15 22:22:22,110 [Socket Reader #1 for port 0] INFO  ipc.Server (Server.java:run(1273)) - Starting Socket Reader #1 for port 0
2022-12-15 22:22:22,111 [5c5af87b-4e3e-41fb-877c-ea0d3e3ca2da@group-F2FBAAA2EC6A-LeaderElection19] INFO  impl.RoleInfo (RoleInfo.java:shutdownLeaderElection(130)) - 5c5af87b-4e3e-41fb-877c-ea0d3e3ca2da: shutdown 5c5af87b-4e3e-41fb-877c-ea0d3e3ca2da@group-F2FBAAA2EC6A-LeaderElection19
2022-12-15 22:22:22,111 [5c5af87b-4e3e-41fb-877c-ea0d3e3ca2da@group-F2FBAAA2EC6A-LeaderElection19] INFO  server.RaftServer$Division (RaftServerImpl.java:setRole(321)) - 5c5af87b-4e3e-41fb-877c-ea0d3e3ca2da@group-F2FBAAA2EC6A: changes role from CANDIDATE to LEADER at term 1 for changeToLeader
2022-12-15 22:22:22,111 [5c5af87b-4e3e-41fb-877c-ea0d3e3ca2da@group-F2FBAAA2EC6A-LeaderElection19] INFO  ratis.XceiverServerRatis (XceiverServerRatis.java:handleLeaderChangedNotification(863)) - Leader change notification received for group: group-F2FBAAA2EC6A with new leaderId: 5c5af87b-4e3e-41fb-877c-ea0d3e3ca2da
2022-12-15 22:22:22,111 [5c5af87b-4e3e-41fb-877c-ea0d3e3ca2da@group-F2FBAAA2EC6A-LeaderElection19] INFO  server.RaftServer$Division (ServerState.java:setLeader(313)) - 5c5af87b-4e3e-41fb-877c-ea0d3e3ca2da@group-F2FBAAA2EC6A: change Leader from null to 5c5af87b-4e3e-41fb-877c-ea0d3e3ca2da at term 1 for becomeLeader, leader elected after 5229ms
2022-12-15 22:22:22,111 [5c5af87b-4e3e-41fb-877c-ea0d3e3ca2da@group-F2FBAAA2EC6A-LeaderElection19] INFO  server.RaftServerConfigKeys (ConfUtils.java:logGet(46)) - raft.server.staging.catchup.gap = 1000 (default)
2022-12-15 22:22:22,814 [5c5af87b-4e3e-41fb-877c-ea0d3e3ca2da@group-F2FBAAA2EC6A-LeaderElection19] INFO  server.RaftServerConfigKeys (ConfUtils.java:logGet(46)) - raft.server.write.element-limit = 1024 (custom)
2022-12-15 22:22:22,815 [5c5af87b-4e3e-41fb-877c-ea0d3e3ca2da@group-F2FBAAA2EC6A-LeaderElection19] INFO  server.RaftServerConfigKeys (ConfUtils.java:logGet(46)) - raft.server.write.byte-limit = 1024 M (=1073741824) (custom)
2022-12-15 22:22:22,815 [5c5af87b-4e3e-41fb-877c-ea0d3e3ca2da@group-F2FBAAA2EC6A-LeaderElection19] INFO  server.RaftServerConfigKeys (ConfUtils.java:logGet(46)) - raft.server.watch.timeout = 180s (custom)
2022-12-15 22:22:22,815 [5c5af87b-4e3e-41fb-877c-ea0d3e3ca2da@group-F2FBAAA2EC6A-LeaderElection19] INFO  server.RaftServerConfigKeys (ConfUtils.java:logGet(46)) - raft.server.watch.timeout.denomination = 1s (default)
2022-12-15 22:22:22,815 [5c5af87b-4e3e-41fb-877c-ea0d3e3ca2da@group-F2FBAAA2EC6A-LeaderElection19] INFO  server.RaftServerConfigKeys (ConfUtils.java:logGet(46)) - raft.server.watch.element-limit = 65536 (default)
2022-12-15 22:22:22,815 [5c5af87b-4e3e-41fb-877c-ea0d3e3ca2da@group-F2FBAAA2EC6A-LeaderElection19] INFO  server.RaftServerConfigKeys (ConfUtils.java:logGet(46)) - raft.server.write.element-limit = 1024 (custom)
2022-12-15 22:22:22,815 [5c5af87b-4e3e-41fb-877c-ea0d3e3ca2da@group-F2FBAAA2EC6A-LeaderElection19] INFO  server.RaftServerConfigKeys (ConfUtils.java:logGet(46)) - raft.server.write.follower.gap.ratio.max = -1.0 (default)
2022-12-15 22:22:22,815 [5c5af87b-4e3e-41fb-877c-ea0d3e3ca2da@group-F2FBAAA2EC6A-LeaderElection19] INFO  impl.RoleInfo (RoleInfo.java:updateAndGet(139)) - 5c5af87b-4e3e-41fb-877c-ea0d3e3ca2da: start 5c5af87b-4e3e-41fb-877c-ea0d3e3ca2da@group-F2FBAAA2EC6A-LeaderStateImpl
2022-12-15 22:22:22,816 [5c5af87b-4e3e-41fb-877c-ea0d3e3ca2da@group-F2FBAAA2EC6A-LeaderElection19] INFO  segmented.SegmentedRaftLogWorker (SegmentedRaftLogWorker.java:startLogSegment(452)) - 5c5af87b-4e3e-41fb-877c-ea0d3e3ca2da@group-F2FBAAA2EC6A-SegmentedRaftLogWorker: Starting segment from index:0
2022-12-15 22:22:22,834 [5c5af87b-4e3e-41fb-877c-ea0d3e3ca2da@group-F2FBAAA2EC6A-LeaderElection19] INFO  server.RaftServer$Division (ServerState.java:setRaftConf(430)) - 5c5af87b-4e3e-41fb-877c-ea0d3e3ca2da@group-F2FBAAA2EC6A: set configuration 0: peers:[5c5af87b-4e3e-41fb-877c-ea0d3e3ca2da|rpc:10.1.0.13:45309|dataStream:|priority:1|startupRole:FOLLOWER]|listeners:[], old=null
2022-12-15 22:22:22,839 [JvmPauseMonitor11] WARN  util.JvmPauseMonitor (JvmPauseMonitor.java:detectPause(126)) - JvmPauseMonitor-a42aff4d-9d7b-4010-992a-35ce3c1e1689: Detected pause in JVM or host machine (eg GC): pause of approximately 236280557ns.
GC pool 'PS MarkSweep' had collection(s): count=1 time=362ms
GC pool 'PS Scavenge' had collection(s): count=1 time=339ms
2022-12-15 22:22:22,840 [JvmPauseMonitor10] WARN  util.JvmPauseMonitor (JvmPauseMonitor.java:detectPause(126)) - JvmPauseMonitor-5c5af87b-4e3e-41fb-877c-ea0d3e3ca2da: Detected pause in JVM or host machine (eg GC): pause of approximately 262395742ns.
GC pool 'PS MarkSweep' had collection(s): count=1 time=362ms
GC pool 'PS Scavenge' had collection(s): count=1 time=339ms
2022-12-15 22:22:22,840 [JvmPauseMonitor13] WARN  util.JvmPauseMonitor (JvmPauseMonitor.java:detectPause(126)) - JvmPauseMonitor-4333d9a6-5ac6-4e80-8f1b-d7ab3137d893: Detected pause in JVM or host machine (eg GC): pause of approximately 318667207ns.
GC pool 'PS MarkSweep' had collection(s): count=1 time=362ms
GC pool 'PS Scavenge' had collection(s): count=1 time=339ms
2022-12-15 22:22:22,844 [JvmPauseMonitor9] WARN  util.JvmPauseMonitor (JvmPauseMonitor.java:detectPause(126)) - JvmPauseMonitor-51274d7d-d5a1-4c32-9641-f14f0b9efaa9: Detected pause in JVM or host machine (eg GC): pause of approximately 361992082ns.
GC pool 'PS MarkSweep' had collection(s): count=1 time=362ms
GC pool 'PS Scavenge' had collection(s): count=1 time=339ms
2022-12-15 22:22:22,844 [JvmPauseMonitor3] WARN  util.JvmPauseMonitor (JvmPauseMonitor.java:detectPause(126)) - JvmPauseMonitor-8742ce53-ec43-4b5d-92fb-ca295b19fdac: Detected pause in JVM or host machine (eg GC): pause of approximately 382880469ns.
GC pool 'PS MarkSweep' had collection(s): count=1 time=362ms
GC pool 'PS Scavenge' had collection(s): count=1 time=339ms
2022-12-15 22:22:22,845 [JvmPauseMonitor8] WARN  util.JvmPauseMonitor (JvmPauseMonitor.java:detectPause(126)) - JvmPauseMonitor-om1: Detected pause in JVM or host machine (eg GC): pause of approximately 445386931ns.
GC pool 'PS MarkSweep' had collection(s): count=1 time=362ms
GC pool 'PS Scavenge' had collection(s): count=1 time=339ms
2022-12-15 22:22:22,847 [JvmPauseMonitor15] WARN  util.JvmPauseMonitor (JvmPauseMonitor.java:detectPause(126)) - JvmPauseMonitor-34183a5c-def3-4d1f-81ee-eefa48d126ae: Detected pause in JVM or host machine (eg GC): pause of approximately 470177016ns.
GC pool 'PS MarkSweep' had collection(s): count=1 time=362ms
GC pool 'PS Scavenge' had collection(s): count=1 time=339ms
2022-12-15 22:22:22,847 [JvmPauseMonitor14] WARN  util.JvmPauseMonitor (JvmPauseMonitor.java:detectPause(126)) - JvmPauseMonitor-a2b0f54d-1a24-4450-b7bb-6a8d8fd6bbfe: Detected pause in JVM or host machine (eg GC): pause of approximately 470410316ns.
GC pool 'PS MarkSweep' had collection(s): count=1 time=362ms
GC pool 'PS Scavenge' had collection(s): count=1 time=339ms
2022-12-15 22:22:22,847 [JvmPauseMonitor4] WARN  util.JvmPauseMonitor (JvmPauseMonitor.java:detectPause(126)) - JvmPauseMonitor-36e1593a-57cf-42fc-9e99-3bc8e6c88ec2: Detected pause in JVM or host machine (eg GC): pause of approximately 489930605ns.
GC pool 'PS MarkSweep' had collection(s): count=1 time=362ms
GC pool 'PS Scavenge' had collection(s): count=1 time=339ms
2022-12-15 22:22:22,847 [JvmPauseMonitor5] WARN  util.JvmPauseMonitor (JvmPauseMonitor.java:detectPause(126)) - JvmPauseMonitor-9af99ef4-a70d-4375-9c0d-594670c86eaa: Detected pause in JVM or host machine (eg GC): pause of approximately 510898992ns.
GC pool 'PS MarkSweep' had collection(s): count=1 time=362ms
GC pool 'PS Scavenge' had collection(s): count=1 time=339ms
2022-12-15 22:22:22,848 [JvmPauseMonitor0] WARN  util.JvmPauseMonitor (JvmPauseMonitor.java:detectPause(126)) - JvmPauseMonitor-om1: Detected pause in JVM or host machine (eg GC): pause of approximately 512061092ns.
GC pool 'PS MarkSweep' had collection(s): count=1 time=362ms
GC pool 'PS Scavenge' had collection(s): count=1 time=339ms
2022-12-15 22:22:22,848 [JvmPauseMonitor2] WARN  util.JvmPauseMonitor (JvmPauseMonitor.java:detectPause(126)) - JvmPauseMonitor-e0198350-5a80-4cc9-b4d4-fe7f34161fcd: Detected pause in JVM or host machine (eg GC): pause of approximately 512201292ns.
GC pool 'PS MarkSweep' had collection(s): count=1 time=362ms
GC pool 'PS Scavenge' had collection(s): count=1 time=339ms
2022-12-15 22:22:22,848 [JvmPauseMonitor7] WARN  util.JvmPauseMonitor (JvmPauseMonitor.java:detectPause(126)) - JvmPauseMonitor-30cdbfed-5eb6-4d94-b03b-823178923405: Detected pause in JVM or host machine (eg GC): pause of approximately 512257592ns.
GC pool 'PS MarkSweep' had collection(s): count=1 time=362ms
GC pool 'PS Scavenge' had collection(s): count=1 time=339ms
2022-12-15 22:22:22,849 [JvmPauseMonitor12] WARN  util.JvmPauseMonitor (JvmPauseMonitor.java:detectPause(126)) - JvmPauseMonitor-71b6f94d-94ac-4fef-bfea-f7b8cd5fb2e7: Detected pause in JVM or host machine (eg GC): pause of approximately 523520784ns.
GC pool 'PS MarkSweep' had collection(s): count=1 time=362ms
GC pool 'PS Scavenge' had collection(s): count=1 time=339ms
2022-12-15 22:22:22,849 [Under Replicated Processor] INFO  replication.UnderReplicatedProcessor (UnderReplicatedProcessor.java:processAll(79)) - Processed 0 under replicated containers, failed processing 0
2022-12-15 22:22:22,851 [ReplicationMonitor] INFO  replication.ReplicationManager (ReplicationManager.java:processAll(360)) - Replication Monitor Thread took 1 milliseconds for processing 8 containers.
2022-12-15 22:22:22,854 [ReplicationMonitor] INFO  replication.ReplicationManager (ReplicationManager.java:processAll(327)) - Replication Manager is not ready to run until 3000ms after safemode exit
2022-12-15 22:22:22,855 [Over Replicated Processor] INFO  replication.OverReplicatedProcessor (OverReplicatedProcessor.java:processAll(79)) - Processed 0 over replicated containers, failed processing 0
2022-12-15 22:22:22,872 [JvmPauseMonitor6] WARN  util.JvmPauseMonitor (JvmPauseMonitor.java:detectPause(126)) - JvmPauseMonitor-c0e45f45-48a3-418c-b3ac-112e0491709c: Detected pause in JVM or host machine (eg GC): pause of approximately 471398816ns.
GC pool 'PS MarkSweep' had collection(s): count=1 time=362ms
GC pool 'PS Scavenge' had collection(s): count=1 time=339ms
2022-12-15 22:22:22,874 [EventQueue-CommandQueueReportForCommandQueueReportHandler] WARN  events.EventQueue (EventQueue.java:fireEvent(216)) - No event handler registered for event TypedEvent{payloadType=DatanodeDetails, name='Datanode_Command_Queue_Updated'}
2022-12-15 22:22:22,888 [EventQueue-CommandQueueReportForCommandQueueReportHandler] WARN  events.EventQueue (EventQueue.java:fireEvent(216)) - No event handler registered for event TypedEvent{payloadType=DatanodeDetails, name='Datanode_Command_Queue_Updated'}
2022-12-15 22:22:22,889 [EventQueue-CommandQueueReportForCommandQueueReportHandler] WARN  events.EventQueue (EventQueue.java:fireEvent(216)) - No event handler registered for event TypedEvent{payloadType=DatanodeDetails, name='Datanode_Command_Queue_Updated'}
2022-12-15 22:22:22,889 [EventQueue-CommandQueueReportForCommandQueueReportHandler] WARN  events.EventQueue (EventQueue.java:fireEvent(216)) - No event handler registered for event TypedEvent{payloadType=DatanodeDetails, name='Datanode_Command_Queue_Updated'}
2022-12-15 22:22:22,889 [EventQueue-CommandQueueReportForCommandQueueReportHandler] WARN  events.EventQueue (EventQueue.java:fireEvent(216)) - No event handler registered for event TypedEvent{payloadType=DatanodeDetails, name='Datanode_Command_Queue_Updated'}
2022-12-15 22:22:22,893 [EventQueue-CommandQueueReportForCommandQueueReportHandler] WARN  events.EventQueue (EventQueue.java:fireEvent(216)) - No event handler registered for event TypedEvent{payloadType=DatanodeDetails, name='Datanode_Command_Queue_Updated'}
2022-12-15 22:22:22,901 [EventQueue-CommandQueueReportForCommandQueueReportHandler] WARN  events.EventQueue (EventQueue.java:fireEvent(216)) - No event handler registered for event TypedEvent{payloadType=DatanodeDetails, name='Datanode_Command_Queue_Updated'}
2022-12-15 22:22:22,902 [EventQueue-CommandQueueReportForCommandQueueReportHandler] WARN  events.EventQueue (EventQueue.java:fireEvent(216)) - No event handler registered for event TypedEvent{payloadType=DatanodeDetails, name='Datanode_Command_Queue_Updated'}
2022-12-15 22:22:22,914 [EventQueue-CommandQueueReportForCommandQueueReportHandler] WARN  events.EventQueue (EventQueue.java:fireEvent(216)) - No event handler registered for event TypedEvent{payloadType=DatanodeDetails, name='Datanode_Command_Queue_Updated'}
2022-12-15 22:22:22,924 [5c5af87b-4e3e-41fb-877c-ea0d3e3ca2da@group-F2FBAAA2EC6A-SegmentedRaftLogWorker] INFO  segmented.SegmentedRaftLogWorker (SegmentedRaftLogWorker.java:execute(656)) - 5c5af87b-4e3e-41fb-877c-ea0d3e3ca2da@group-F2FBAAA2EC6A-SegmentedRaftLogWorker: created new log segment /home/runner/work/ozone/ozone/hadoop-ozone/integration-test/target/test-dir/MiniOzoneClusterImpl-c952205c-0de4-41d8-8615-baf19f81c5db/datanode-1/data/ratis/1c7dd564-cb92-40d2-8476-f2fbaaa2ec6a/current/log_inprogress_0
2022-12-15 22:22:22,925 [Listener at 0.0.0.0/36963] INFO  ha.SCMServiceManager (SCMServiceManager.java:register(42)) - Registering service ContainerBalancer.
2022-12-15 22:22:22,925 [Listener at 0.0.0.0/36963] INFO  server.StorageContainerManager (StorageContainerManager.java:<init>(398)) - 
Container Balancer status:
Key                            Value
Running                        true
Container Balancer Configuration values:
Key                                                Value
Threshold                                          10
Max Datanodes to Involve per Iteration(percent)    20
Max Size to Move per Iteration                     500GB
Max Size Entering Target per Iteration             26GB
Max Size Leaving Source per Iteration              26GB

2022-12-15 22:22:22,925 [Listener at 0.0.0.0/36963] INFO  ha.SCMContext (SCMContext.java:updateSafeModeStatus(228)) - Update SafeModeStatus from SafeModeStatus{safeModeStatus=true, preCheckPassed=false} to SafeModeStatus{safeModeStatus=true, preCheckPassed=false}.
2022-12-15 22:22:22,930 [Listener at 0.0.0.0/36963] INFO  server.StorageContainerManager (StorageContainerManager.java:start(1420)) - StorageContainerLocationProtocol RPC server is listening at /0.0.0.0:36963
2022-12-15 22:22:22,930 [Listener at 0.0.0.0/36963] INFO  impl.MetricsSystemImpl (MetricsSystemImpl.java:init(158)) - StorageContainerManager metrics system started (again)
2022-12-15 22:22:22,947 [Listener at 0.0.0.0/36963] INFO  server.SCMClientProtocolServer (SCMClientProtocolServer.java:start(170)) - RPC server for Client  is listening at /0.0.0.0:36963
2022-12-15 22:22:22,954 [IPC Server Responder] INFO  ipc.Server (Server.java:run(1512)) - IPC Server Responder: starting
2022-12-15 22:22:22,958 [IPC Server listener on 0] INFO  ipc.Server (Server.java:run(1352)) - IPC Server listener on 0: starting
2022-12-15 22:22:22,984 [Listener at 0.0.0.0/36963] INFO  server.StorageContainerManager (StorageContainerManager.java:start(1434)) - ScmBlockLocationProtocol RPC server is listening at /0.0.0.0:44863
2022-12-15 22:22:22,995 [Listener at 0.0.0.0/36963] INFO  server.SCMBlockProtocolServer (SCMBlockProtocolServer.java:start(152)) - RPC server for Block Protocol is listening at /0.0.0.0:44863
2022-12-15 22:22:23,003 [EventQueue-CommandQueueReportForCommandQueueReportHandler] WARN  events.EventQueue (EventQueue.java:fireEvent(216)) - No event handler registered for event TypedEvent{payloadType=DatanodeDetails, name='Datanode_Command_Queue_Updated'}
2022-12-15 22:22:23,003 [IPC Server Responder] INFO  ipc.Server (Server.java:run(1512)) - IPC Server Responder: starting
2022-12-15 22:22:23,007 [IPC Server listener on 0] INFO  ipc.Server (Server.java:run(1352)) - IPC Server listener on 0: starting
2022-12-15 22:22:23,014 [Listener at 0.0.0.0/36963] INFO  server.SCMDatanodeProtocolServer (SCMDatanodeProtocolServer.java:start(186)) - ScmDatanodeProtocol RPC server for DataNodes is listening at /0.0.0.0:35819
2022-12-15 22:22:23,015 [IPC Server Responder] INFO  ipc.Server (Server.java:run(1512)) - IPC Server Responder: starting
2022-12-15 22:22:23,015 [IPC Server listener on 0] INFO  ipc.Server (Server.java:run(1352)) - IPC Server listener on 0: starting
2022-12-15 22:22:23,019 [EventQueue-CommandQueueReportForCommandQueueReportHandler] WARN  events.EventQueue (EventQueue.java:fireEvent(216)) - No event handler registered for event TypedEvent{payloadType=DatanodeDetails, name='Datanode_Command_Queue_Updated'}
2022-12-15 22:22:23,022 [org.apache.hadoop.util.JvmPauseMonitor$Monitor@1f40a9a0] INFO  util.JvmPauseMonitor (JvmPauseMonitor.java:run(188)) - Starting JVM pause monitor
2022-12-15 22:22:23,026 [Listener at 0.0.0.0/36963] INFO  http.BaseHttpServer (BaseHttpServer.java:newHttpServer2BuilderForOzone(213)) - Starting Web-server for scm at: http://0.0.0.0:0
2022-12-15 22:22:23,026 [Listener at 0.0.0.0/36963] INFO  http.BaseHttpServer (BaseHttpServer.java:<init>(108)) - Hadoop Security Enabled: false Ozone Security Enabled: false Ozone HTTP Security Enabled: false 
2022-12-15 22:22:23,027 [Listener at 0.0.0.0/36963] WARN  server.AuthenticationFilter (AuthenticationFilter.java:constructSecretProvider(240)) - Unable to initialize FileSignerSecretProvider, falling back to use random secrets. Reason: Could not read signature secret file: /home/runner/hadoop-http-auth-signature-secret
2022-12-15 22:22:23,034 [Listener at 0.0.0.0/36963] WARN  http.HttpRequestLog (HttpRequestLog.java:getRequestLog(103)) - Jetty request log can only be enabled using Log4j
2022-12-15 22:22:23,038 [Listener at 0.0.0.0/36963] INFO  http.HttpServer2 (HttpServer2.java:addGlobalFilter(1031)) - Added global filter 'safety' (class=org.apache.hadoop.hdds.server.http.HttpServer2$QuotingInputFilter)
2022-12-15 22:22:23,039 [Listener at 0.0.0.0/36963] INFO  http.HttpServer2 (HttpServer2.java:addFilter(1007)) - Added filter static_user_filter (class=org.apache.hadoop.http.lib.StaticUserWebFilter$StaticUserFilter) to context scm
2022-12-15 22:22:23,039 [Listener at 0.0.0.0/36963] INFO  http.HttpServer2 (HttpServer2.java:addFilter(1015)) - Added filter static_user_filter (class=org.apache.hadoop.http.lib.StaticUserWebFilter$StaticUserFilter) to context logs
2022-12-15 22:22:23,039 [Listener at 0.0.0.0/36963] INFO  http.HttpServer2 (HttpServer2.java:addFilter(1015)) - Added filter static_user_filter (class=org.apache.hadoop.http.lib.StaticUserWebFilter$StaticUserFilter) to context static
2022-12-15 22:22:23,041 [EventQueue-CommandQueueReportForCommandQueueReportHandler] WARN  events.EventQueue (EventQueue.java:fireEvent(216)) - No event handler registered for event TypedEvent{payloadType=DatanodeDetails, name='Datanode_Command_Queue_Updated'}
2022-12-15 22:22:23,043 [Listener at 0.0.0.0/36963] INFO  http.HttpServer2 (HttpServer2.java:bindListener(1250)) - Jetty bound to port 34829
2022-12-15 22:22:23,044 [Listener at 0.0.0.0/36963] INFO  server.Server (Server.java:doStart(375)) - jetty-9.4.49.v20220914; built: 2022-09-14T01:07:36.601Z; git: 4231a3b2e4cb8548a412a789936d640a97b1aa0a; jvm 1.8.0_352-b08
2022-12-15 22:22:23,046 [Listener at 0.0.0.0/36963] INFO  server.session (DefaultSessionIdManager.java:doStart(334)) - DefaultSessionIdManager workerName=node0
2022-12-15 22:22:23,046 [Listener at 0.0.0.0/36963] INFO  server.session (DefaultSessionIdManager.java:doStart(339)) - No SessionScavenger set, using defaults
2022-12-15 22:22:23,046 [Listener at 0.0.0.0/36963] INFO  server.session (HouseKeeper.java:startScavenging(132)) - node0 Scavenging every 660000ms
2022-12-15 22:22:23,047 [Listener at 0.0.0.0/36963] INFO  handler.ContextHandler (ContextHandler.java:doStart(921)) - Started o.e.j.s.ServletContextHandler@18711bc7{logs,/logs,file:///home/runner/work/ozone/ozone/hadoop-ozone/integration-test/target/log,AVAILABLE}
2022-12-15 22:22:23,047 [Listener at 0.0.0.0/36963] INFO  handler.ContextHandler (ContextHandler.java:doStart(921)) - Started o.e.j.s.ServletContextHandler@4f2f1c57{static,/static,file:///home/runner/work/ozone/ozone/hadoop-ozone/integration-test/target/test-classes/webapps/static,AVAILABLE}
2022-12-15 22:22:23,059 [a42aff4d-9d7b-4010-992a-35ce3c1e1689@group-5CB1D83CC72A-FollowerState] INFO  impl.FollowerState (FollowerState.java:run(143)) - a42aff4d-9d7b-4010-992a-35ce3c1e1689@group-5CB1D83CC72A-FollowerState: change to CANDIDATE, lastRpcElapsedTime:5017810088ns, electionTimeout:5016ms
2022-12-15 22:22:23,059 [a42aff4d-9d7b-4010-992a-35ce3c1e1689@group-5CB1D83CC72A-FollowerState] INFO  impl.RoleInfo (RoleInfo.java:shutdownFollowerState(110)) - a42aff4d-9d7b-4010-992a-35ce3c1e1689: shutdown a42aff4d-9d7b-4010-992a-35ce3c1e1689@group-5CB1D83CC72A-FollowerState
2022-12-15 22:22:23,059 [a42aff4d-9d7b-4010-992a-35ce3c1e1689@group-5CB1D83CC72A-FollowerState] INFO  server.RaftServer$Division (RaftServerImpl.java:setRole(321)) - a42aff4d-9d7b-4010-992a-35ce3c1e1689@group-5CB1D83CC72A: changes role from  FOLLOWER to CANDIDATE at term 0 for changeToCandidate
2022-12-15 22:22:23,059 [a42aff4d-9d7b-4010-992a-35ce3c1e1689@group-5CB1D83CC72A-FollowerState] INFO  server.RaftServerConfigKeys (ConfUtils.java:logGet(46)) - raft.server.leaderelection.pre-vote = false (custom)
2022-12-15 22:22:23,059 [a42aff4d-9d7b-4010-992a-35ce3c1e1689@group-5CB1D83CC72A-FollowerState] INFO  impl.RoleInfo (RoleInfo.java:updateAndGet(139)) - a42aff4d-9d7b-4010-992a-35ce3c1e1689: start a42aff4d-9d7b-4010-992a-35ce3c1e1689@group-5CB1D83CC72A-LeaderElection20
2022-12-15 22:22:23,069 [Listener at 0.0.0.0/36963] INFO  handler.ContextHandler (ContextHandler.java:doStart(921)) - Started o.e.j.w.WebAppContext@18ee307a{scm,/,file:///home/runner/work/ozone/ozone/hadoop-ozone/integration-test/target/test-classes/webapps/scm/,AVAILABLE}{file:/home/runner/work/ozone/ozone/hadoop-ozone/integration-test/target/test-classes/webapps/scm}
2022-12-15 22:22:23,073 [a42aff4d-9d7b-4010-992a-35ce3c1e1689@group-5CB1D83CC72A-LeaderElection20] INFO  impl.LeaderElection (LeaderElection.java:askForVotes(312)) - a42aff4d-9d7b-4010-992a-35ce3c1e1689@group-5CB1D83CC72A-LeaderElection20 ELECTION round 0: submit vote requests at term 1 for -1: peers:[a42aff4d-9d7b-4010-992a-35ce3c1e1689|rpc:10.1.0.13:44723|priority:1|startupRole:FOLLOWER]|listeners:[], old=null
2022-12-15 22:22:23,073 [a42aff4d-9d7b-4010-992a-35ce3c1e1689@group-5CB1D83CC72A-LeaderElection20] INFO  impl.LeaderElection (LeaderElection.java:askForVotes(314)) - a42aff4d-9d7b-4010-992a-35ce3c1e1689@group-5CB1D83CC72A-LeaderElection20 ELECTION round 0: result PASSED (term=1)
2022-12-15 22:22:23,073 [a42aff4d-9d7b-4010-992a-35ce3c1e1689@group-5CB1D83CC72A-LeaderElection20] INFO  impl.RoleInfo (RoleInfo.java:shutdownLeaderElection(130)) - a42aff4d-9d7b-4010-992a-35ce3c1e1689: shutdown a42aff4d-9d7b-4010-992a-35ce3c1e1689@group-5CB1D83CC72A-LeaderElection20
2022-12-15 22:22:23,073 [a42aff4d-9d7b-4010-992a-35ce3c1e1689@group-5CB1D83CC72A-LeaderElection20] INFO  server.RaftServer$Division (RaftServerImpl.java:setRole(321)) - a42aff4d-9d7b-4010-992a-35ce3c1e1689@group-5CB1D83CC72A: changes role from CANDIDATE to LEADER at term 1 for changeToLeader
2022-12-15 22:22:23,073 [a42aff4d-9d7b-4010-992a-35ce3c1e1689@group-5CB1D83CC72A-LeaderElection20] INFO  ratis.XceiverServerRatis (XceiverServerRatis.java:handleLeaderChangedNotification(863)) - Leader change notification received for group: group-5CB1D83CC72A with new leaderId: a42aff4d-9d7b-4010-992a-35ce3c1e1689
2022-12-15 22:22:23,074 [Listener at 0.0.0.0/36963] INFO  server.AbstractConnector (AbstractConnector.java:doStart(333)) - Started ServerConnector@2535da9f{HTTP/1.1, (http/1.1)}{0.0.0.0:34829}
2022-12-15 22:22:23,074 [Listener at 0.0.0.0/36963] INFO  server.Server (Server.java:doStart(415)) - Started @46788ms
2022-12-15 22:22:23,074 [Listener at 0.0.0.0/36963] WARN  impl.MetricsSystemImpl (MetricsSystemImpl.java:register(279)) - Sink prometheus already exists!
2022-12-15 22:22:23,075 [Listener at 0.0.0.0/36963] INFO  http.BaseHttpServer (BaseHttpServer.java:updateConnectorAddress(333)) - HTTP server of scm listening at http://0.0.0.0:34829
2022-12-15 22:22:23,075 [Listener at 0.0.0.0/36963] WARN  server.ServerUtils (ServerUtils.java:getDBPath(225)) - ozone.om.db.dirs is not configured. We recommend adding this setting. Falling back to ozone.metadata.dirs instead.
2022-12-15 22:22:23,076 [EventQueue-CommandQueueReportForCommandQueueReportHandler] WARN  events.EventQueue (EventQueue.java:fireEvent(216)) - No event handler registered for event TypedEvent{payloadType=DatanodeDetails, name='Datanode_Command_Queue_Updated'}
2022-12-15 22:22:23,077 [EventQueue-CommandQueueReportForCommandQueueReportHandler] WARN  events.EventQueue (EventQueue.java:fireEvent(216)) - No event handler registered for event TypedEvent{payloadType=DatanodeDetails, name='Datanode_Command_Queue_Updated'}
2022-12-15 22:22:23,078 [a42aff4d-9d7b-4010-992a-35ce3c1e1689@group-5CB1D83CC72A-LeaderElection20] INFO  server.RaftServer$Division (ServerState.java:setLeader(313)) - a42aff4d-9d7b-4010-992a-35ce3c1e1689@group-5CB1D83CC72A: change Leader from null to a42aff4d-9d7b-4010-992a-35ce3c1e1689 at term 1 for becomeLeader, leader elected after 5069ms
2022-12-15 22:22:23,078 [a42aff4d-9d7b-4010-992a-35ce3c1e1689@group-5CB1D83CC72A-LeaderElection20] INFO  server.RaftServerConfigKeys (ConfUtils.java:logGet(46)) - raft.server.staging.catchup.gap = 1000 (default)
2022-12-15 22:22:23,079 [Listener at 0.0.0.0/36963] INFO  ha.OMHANodeDetails (OMHANodeDetails.java:loadOMHAConfig(115)) - ozone.om.internal.service.id is not defined, falling back to ozone.om.service.ids to find serviceID for OzoneManager if it is HA enabled cluster
2022-12-15 22:22:23,079 [a42aff4d-9d7b-4010-992a-35ce3c1e1689@group-5CB1D83CC72A-LeaderElection20] INFO  server.RaftServerConfigKeys (ConfUtils.java:logGet(46)) - raft.server.write.element-limit = 1024 (custom)
2022-12-15 22:22:23,079 [Listener at 0.0.0.0/36963] INFO  ha.OMHANodeDetails (OMHANodeDetails.java:loadOMHAConfig(226)) - Configuration does not have ozone.om.address set. Falling back to the default OM address /127.0.0.1:0
2022-12-15 22:22:23,082 [Listener at 0.0.0.0/36963] INFO  ha.OMHANodeDetails (OMHANodeDetails.java:getOMNodeDetailsForNonHA(254)) - OM Service ID is not set. Setting it to the default ID: omServiceIdDefault
2022-12-15 22:22:23,082 [Listener at 0.0.0.0/36963] INFO  ha.OMHANodeDetails (OMHANodeDetails.java:getOMNodeDetailsForNonHA(261)) - OM Node ID is not set. Setting it to the default ID: om1
2022-12-15 22:22:23,079 [a42aff4d-9d7b-4010-992a-35ce3c1e1689@group-5CB1D83CC72A-LeaderElection20] INFO  server.RaftServerConfigKeys (ConfUtils.java:logGet(46)) - raft.server.write.byte-limit = 1024 M (=1073741824) (custom)
2022-12-15 22:22:23,082 [Listener at 0.0.0.0/36963] WARN  server.ServerUtils (ServerUtils.java:getDBPath(225)) - ozone.om.db.dirs is not configured. We recommend adding this setting. Falling back to ozone.metadata.dirs instead.
2022-12-15 22:22:23,082 [a42aff4d-9d7b-4010-992a-35ce3c1e1689@group-5CB1D83CC72A-LeaderElection20] INFO  server.RaftServerConfigKeys (ConfUtils.java:logGet(46)) - raft.server.watch.timeout = 180s (custom)
2022-12-15 22:22:23,083 [Listener at 0.0.0.0/36963] INFO  upgrade.AbstractLayoutVersionManager (AbstractLayoutVersionManager.java:init(83)) - Initializing Layout version manager with metadata layout = MULTITENANCY_SCHEMA (version = 3), software layout = MULTITENANCY_SCHEMA (version = 3)
2022-12-15 22:22:23,083 [a42aff4d-9d7b-4010-992a-35ce3c1e1689@group-5CB1D83CC72A-LeaderElection20] INFO  server.RaftServerConfigKeys (ConfUtils.java:logGet(46)) - raft.server.watch.timeout.denomination = 1s (default)
2022-12-15 22:22:23,083 [a42aff4d-9d7b-4010-992a-35ce3c1e1689@group-5CB1D83CC72A-LeaderElection20] INFO  server.RaftServerConfigKeys (ConfUtils.java:logGet(46)) - raft.server.watch.element-limit = 65536 (default)
2022-12-15 22:22:23,083 [a42aff4d-9d7b-4010-992a-35ce3c1e1689@group-5CB1D83CC72A-LeaderElection20] INFO  server.RaftServerConfigKeys (ConfUtils.java:logGet(46)) - raft.server.write.element-limit = 1024 (custom)
2022-12-15 22:22:23,083 [a42aff4d-9d7b-4010-992a-35ce3c1e1689@group-5CB1D83CC72A-LeaderElection20] INFO  server.RaftServerConfigKeys (ConfUtils.java:logGet(46)) - raft.server.write.follower.gap.ratio.max = -1.0 (default)
2022-12-15 22:22:23,083 [a42aff4d-9d7b-4010-992a-35ce3c1e1689@group-5CB1D83CC72A-LeaderElection20] INFO  impl.RoleInfo (RoleInfo.java:updateAndGet(139)) - a42aff4d-9d7b-4010-992a-35ce3c1e1689: start a42aff4d-9d7b-4010-992a-35ce3c1e1689@group-5CB1D83CC72A-LeaderStateImpl
2022-12-15 22:22:23,084 [a42aff4d-9d7b-4010-992a-35ce3c1e1689@group-5CB1D83CC72A-LeaderElection20] INFO  segmented.SegmentedRaftLogWorker (SegmentedRaftLogWorker.java:startLogSegment(452)) - a42aff4d-9d7b-4010-992a-35ce3c1e1689@group-5CB1D83CC72A-SegmentedRaftLogWorker: Starting segment from index:0
2022-12-15 22:22:23,085 [a42aff4d-9d7b-4010-992a-35ce3c1e1689@group-5CB1D83CC72A-SegmentedRaftLogWorker] INFO  segmented.SegmentedRaftLogWorker (SegmentedRaftLogWorker.java:execute(656)) - a42aff4d-9d7b-4010-992a-35ce3c1e1689@group-5CB1D83CC72A-SegmentedRaftLogWorker: created new log segment /home/runner/work/ozone/ozone/hadoop-ozone/integration-test/target/test-dir/MiniOzoneClusterImpl-c952205c-0de4-41d8-8615-baf19f81c5db/datanode-2/data/ratis/7fb75249-4bd2-47f0-b4e4-5cb1d83cc72a/current/log_inprogress_0
2022-12-15 22:22:23,086 [a42aff4d-9d7b-4010-992a-35ce3c1e1689@group-5CB1D83CC72A-LeaderElection20] INFO  server.RaftServer$Division (ServerState.java:setRaftConf(430)) - a42aff4d-9d7b-4010-992a-35ce3c1e1689@group-5CB1D83CC72A: set configuration 0: peers:[a42aff4d-9d7b-4010-992a-35ce3c1e1689|rpc:10.1.0.13:44723|dataStream:|priority:1|startupRole:FOLLOWER]|listeners:[], old=null
2022-12-15 22:22:23,089 [ReplicationMonitor] INFO  replication.ReplicationManager (ReplicationManager.java:processAll(327)) - Replication Manager is not ready to run until 3000ms after safemode exit
2022-12-15 22:22:23,197 [Listener at 0.0.0.0/36963] INFO  reflections.Reflections (Reflections.java:scan(232)) - Reflections took 113 ms to scan 2 urls, producing 154 keys and 428 values [using 2 cores]
2022-12-15 22:22:23,197 [Listener at 0.0.0.0/36963] INFO  upgrade.OMLayoutVersionManager (OMLayoutVersionManager.java:lambda$0(115)) - Skipping Upgrade Action MockOmUpgradeAction since it has been finalized.
2022-12-15 22:22:23,197 [Listener at 0.0.0.0/36963] WARN  server.ServerUtils (ServerUtils.java:getDBPath(225)) - ozone.om.db.dirs is not configured. We recommend adding this setting. Falling back to ozone.metadata.dirs instead.
2022-12-15 22:22:23,198 [Listener at 0.0.0.0/36963] INFO  proxy.SCMBlockLocationFailoverProxyProvider (SCMBlockLocationFailoverProxyProvider.java:<init>(114)) - Created block location fail-over proxy with 1 nodes: [nodeId=scmNodeId,nodeAddress=/0.0.0.0:44863]
2022-12-15 22:22:23,207 [Listener at 0.0.0.0/36963] INFO  proxy.SCMBlockLocationFailoverProxyProvider (SCMBlockLocationFailoverProxyProvider.java:<init>(114)) - Created block location fail-over proxy with 1 nodes: [nodeId=scmNodeId,nodeAddress=/0.0.0.0:44863]
2022-12-15 22:22:23,220 [Listener at 0.0.0.0/36963] WARN  server.ServerUtils (ServerUtils.java:getDBPath(225)) - ozone.om.db.dirs is not configured. We recommend adding this setting. Falling back to ozone.metadata.dirs instead.
2022-12-15 22:22:23,220 [Listener at 0.0.0.0/36963] INFO  codec.OmKeyInfoCodec (OmKeyInfoCodec.java:<init>(49)) - OmKeyInfoCodec ignorePipeline = true
2022-12-15 22:22:23,220 [Listener at 0.0.0.0/36963] INFO  codec.RepeatedOmKeyInfoCodec (RepeatedOmKeyInfoCodec.java:<init>(41)) - RepeatedOmKeyInfoCodec ignorePipeline = true
2022-12-15 22:22:23,480 [Listener at 0.0.0.0/36963] INFO  om.OzoneManager (OzoneManager.java:instantiateServices(715)) - S3 Multi-Tenancy is disabled
2022-12-15 22:22:23,482 [Listener at 0.0.0.0/36963] INFO  om.OzoneManager (OzoneManager.java:addS3GVolumeToDB(4400)) - Created Volume s3v With Owner runner required for S3Gateway operations.
2022-12-15 22:22:23,482 [Listener at 0.0.0.0/36963] WARN  server.ServerUtils (ServerUtils.java:getDefaultRatisDirectory(237)) - Storage directory for Ratis is not configured. It is a good idea to map this to an SSD disk. Falling back to ozone.metadata.dirs
2022-12-15 22:22:23,482 [Listener at 0.0.0.0/36963] WARN  utils.OzoneManagerRatisUtils (OzoneManagerRatisUtils.java:getOMRatisSnapshotDirectory(434)) - ozone.om.ratis.snapshot.dir is not configured. Falling back to ozone.metadata.dirs config
2022-12-15 22:22:23,483 [Listener at 0.0.0.0/36963] WARN  impl.MetricRegistriesImpl (MetricRegistriesImpl.java:addReporterRegistration(111)) - New reporters are added after registries were created. Some metrics will be missing from the reporter. Please add reporter before adding any new registry.
2022-12-15 22:22:23,483 [Listener at 0.0.0.0/36963] WARN  impl.MetricRegistriesImpl (MetricRegistriesImpl.java:addReporterRegistration(111)) - New reporters are added after registries were created. Some metrics will be missing from the reporter. Please add reporter before adding any new registry.
2022-12-15 22:22:23,483 [Listener at 0.0.0.0/36963] WARN  server.ServerUtils (ServerUtils.java:getDefaultRatisDirectory(237)) - Storage directory for Ratis is not configured. It is a good idea to map this to an SSD disk. Falling back to ozone.metadata.dirs
2022-12-15 22:22:23,488 [Listener at 0.0.0.0/36963] INFO  ratis.OzoneManagerRatisServer (OzoneManagerRatisServer.java:<init>(160)) - Instantiating OM Ratis server with groupID: omServiceIdDefault and peers: localhost:38371
2022-12-15 22:22:23,488 [Listener at 0.0.0.0/36963] INFO  ratis.OzoneManagerStateMachine (OzoneManagerStateMachine.java:loadSnapshotInfoFromDB(636)) - LastAppliedIndex is set from TransactionInfo from OM DB as (t:0, i:~)
2022-12-15 22:22:23,492 [Listener at 0.0.0.0/36963] INFO  server.RaftServer (ConfUtils.java:logGet(46)) - raft.rpc.type = GRPC (default)
2022-12-15 22:22:23,492 [Listener at 0.0.0.0/36963] INFO  grpc.GrpcConfigKeys (ConfUtils.java:logFallback(53)) - raft.grpc.admin.host = null (fallback to raft.grpc.server.host)
2022-12-15 22:22:23,492 [Listener at 0.0.0.0/36963] INFO  grpc.GrpcConfigKeys (ConfUtils.java:logFallback(53)) - raft.grpc.admin.port = 38371 (fallback to raft.grpc.server.port)
2022-12-15 22:22:23,492 [Listener at 0.0.0.0/36963] INFO  grpc.GrpcConfigKeys (ConfUtils.java:logFallback(53)) - raft.grpc.client.host = null (fallback to raft.grpc.server.host)
2022-12-15 22:22:23,492 [Listener at 0.0.0.0/36963] INFO  grpc.GrpcConfigKeys (ConfUtils.java:logFallback(53)) - raft.grpc.client.port = 38371 (fallback to raft.grpc.server.port)
2022-12-15 22:22:23,492 [Listener at 0.0.0.0/36963] INFO  grpc.GrpcConfigKeys (ConfUtils.java:logGet(46)) - raft.grpc.server.host = null (default)
2022-12-15 22:22:23,493 [Listener at 0.0.0.0/36963] INFO  grpc.GrpcConfigKeys (ConfUtils.java:logGet(46)) - raft.grpc.server.port = 38371 (custom)
2022-12-15 22:22:23,493 [Listener at 0.0.0.0/36963] INFO  server.GrpcService (ConfUtils.java:logGet(46)) - raft.grpc.message.size.max = 33554432 (custom)
2022-12-15 22:22:23,493 [Listener at 0.0.0.0/36963] INFO  server.RaftServerConfigKeys (ConfUtils.java:logGet(46)) - raft.server.log.appender.buffer.byte-limit = 33554432 (custom)
2022-12-15 22:22:23,493 [Listener at 0.0.0.0/36963] INFO  server.GrpcService (ConfUtils.java:logGet(46)) - raft.grpc.flow.control.window = 1MB (=1048576) (default)
2022-12-15 22:22:23,493 [Listener at 0.0.0.0/36963] INFO  server.RaftServerConfigKeys (ConfUtils.java:logGet(46)) - raft.server.rpc.request.timeout = 3000ms (default)
2022-12-15 22:22:23,493 [Listener at 0.0.0.0/36963] INFO  grpc.GrpcConfigKeys (ConfUtils.java:logGet(46)) - raft.grpc.server.heartbeat.channel = true (default)
2022-12-15 22:22:23,493 [Listener at 0.0.0.0/36963] INFO  grpc.GrpcConfigKeys (ConfUtils.java:logGet(46)) - raft.grpc.server.async.request.thread.pool.cached = true (default)
2022-12-15 22:22:23,493 [Listener at 0.0.0.0/36963] INFO  grpc.GrpcConfigKeys (ConfUtils.java:logGet(46)) - raft.grpc.server.async.request.thread.pool.size = 32 (default)
2022-12-15 22:22:23,495 [Listener at 0.0.0.0/36963] INFO  impl.DataStreamServerImpl (ConfUtils.java:logGet(46)) - raft.datastream.type = DISABLED (default)
2022-12-15 22:22:23,495 [Listener at 0.0.0.0/36963] INFO  server.RaftServerConfigKeys (ConfUtils.java:logGet(46)) - raft.server.threadpool.proxy.cached = true (default)
2022-12-15 22:22:23,495 [Listener at 0.0.0.0/36963] INFO  server.RaftServerConfigKeys (ConfUtils.java:logGet(46)) - raft.server.threadpool.proxy.size = 0 (default)
2022-12-15 22:22:23,495 [Listener at 0.0.0.0/36963] INFO  server.RaftServerConfigKeys (ConfUtils.java:logGet(46)) - raft.server.rpc.slowness.timeout = 120s (custom)
2022-12-15 22:22:23,496 [Listener at 0.0.0.0/36963] INFO  server.RaftServerConfigKeys (ConfUtils.java:logGet(46)) - raft.server.leaderelection.leader.step-down.wait-time = 10s (default)
2022-12-15 22:22:23,496 [Listener at 0.0.0.0/36963] INFO  server.RaftServerConfigKeys (ConfUtils.java:logGet(46)) - raft.server.storage.dir = [/home/runner/work/ozone/ozone/hadoop-ozone/integration-test/target/test-dir/MiniOzoneClusterImpl-964a5d62-0565-48d5-b15d-1422ec26157c/ozone-meta/ratis] (custom)
2022-12-15 22:22:23,506 [Listener at 0.0.0.0/36963] INFO  server.RaftServer (RaftServerProxy.java:addNew(96)) - om1: addNew group-C5BA1605619E:[om1|rpc:localhost:38371|priority:0|startupRole:FOLLOWER] returns group-C5BA1605619E:java.util.concurrent.CompletableFuture@17f3ea4d[Not completed]
2022-12-15 22:22:23,506 [Listener at 0.0.0.0/36963] INFO  om.OzoneManager (OzoneManager.java:initializeRatisServer(1977)) - OzoneManager Ratis server initialized at port 38371
2022-12-15 22:22:23,507 [Listener at 0.0.0.0/36963] INFO  om.OzoneManager (OzoneManager.java:getRpcServer(1104)) - Creating RPC Server
2022-12-15 22:22:23,511 [pool-710-thread-1] INFO  server.RaftServer$Division (RaftServerImpl.java:<init>(195)) - om1: new RaftServerImpl for group-C5BA1605619E:[om1|rpc:localhost:38371|priority:0|startupRole:FOLLOWER] with OzoneManagerStateMachine:uninitialized
2022-12-15 22:22:23,511 [pool-710-thread-1] INFO  server.RaftServerConfigKeys (ConfUtils.java:logGet(46)) - raft.server.rpc.timeout.min = 1s (custom)
2022-12-15 22:22:23,511 [pool-710-thread-1] INFO  server.RaftServerConfigKeys (ConfUtils.java:logGet(46)) - raft.server.rpc.timeout.max = 1200ms (custom)
2022-12-15 22:22:23,511 [pool-710-thread-1] INFO  server.RaftServerConfigKeys (ConfUtils.java:logGet(46)) - raft.server.rpc.sleep.time = 25ms (default)
2022-12-15 22:22:23,511 [pool-710-thread-1] INFO  server.RaftServerConfigKeys (ConfUtils.java:logGet(46)) - raft.server.rpc.slowness.timeout = 120s (custom)
2022-12-15 22:22:23,511 [pool-710-thread-1] INFO  server.RaftServerConfigKeys (ConfUtils.java:logGet(46)) - raft.server.leaderelection.leader.step-down.wait-time = 10s (default)
2022-12-15 22:22:23,511 [pool-710-thread-1] INFO  server.RaftServerConfigKeys (ConfUtils.java:logGet(46)) - raft.server.sleep.deviation.threshold = 300ms (default)
2022-12-15 22:22:23,512 [pool-710-thread-1] INFO  server.RaftServer$Division (ServerState.java:<init>(118)) - om1@group-C5BA1605619E: ConfigurationManager, init=-1: peers:[om1|rpc:localhost:38371|priority:0|startupRole:FOLLOWER]|listeners:[], old=null, confs=<EMPTY_MAP>
2022-12-15 22:22:23,512 [pool-710-thread-1] INFO  server.RaftServerConfigKeys (ConfUtils.java:logGet(46)) - raft.server.storage.dir = [/home/runner/work/ozone/ozone/hadoop-ozone/integration-test/target/test-dir/MiniOzoneClusterImpl-964a5d62-0565-48d5-b15d-1422ec26157c/ozone-meta/ratis] (custom)
2022-12-15 22:22:23,512 [pool-710-thread-1] INFO  server.RaftServerConfigKeys (ConfUtils.java:logGet(46)) - raft.server.log.corruption.policy = EXCEPTION (default)
2022-12-15 22:22:23,512 [pool-710-thread-1] INFO  server.RaftServerConfigKeys (ConfUtils.java:logGet(46)) - raft.server.storage.free-space.min = 0MB (=0) (default)
2022-12-15 22:22:23,512 [pool-710-thread-1] INFO  server.RaftServerConfigKeys (ConfUtils.java:logGet(46)) - raft.server.notification.no-leader.timeout = 120s (custom)
2022-12-15 22:22:23,512 [pool-710-thread-1] INFO  server.RaftServerConfigKeys (ConfUtils.java:logGet(46)) - raft.server.retrycache.expirytime = 300s (custom)
2022-12-15 22:22:23,512 [pool-710-thread-1] INFO  server.RaftServerConfigKeys (ConfUtils.java:logGet(46)) - raft.server.retrycache.statistics.expirytime = 100μs (default)
2022-12-15 22:22:23,513 [pool-710-thread-1] INFO  server.RaftServerConfigKeys (ConfUtils.java:logGet(46)) - raft.server.log.appender.install.snapshot.enabled = false (custom)
2022-12-15 22:22:23,513 [pool-710-thread-1] INFO  server.RaftServerConfigKeys (ConfUtils.java:logGet(46)) - raft.server.threadpool.server.cached = true (default)
2022-12-15 22:22:23,513 [pool-710-thread-1] INFO  server.RaftServerConfigKeys (ConfUtils.java:logGet(46)) - raft.server.threadpool.server.size = 0 (default)
2022-12-15 22:22:23,513 [pool-710-thread-1] INFO  server.RaftServerConfigKeys (ConfUtils.java:logGet(46)) - raft.server.threadpool.client.cached = true (default)
2022-12-15 22:22:23,513 [pool-710-thread-1] INFO  server.RaftServerConfigKeys (ConfUtils.java:logGet(46)) - raft.server.threadpool.client.size = 0 (default)
2022-12-15 22:22:23,836 [EventQueue-CommandQueueReportForCommandQueueReportHandler] WARN  events.EventQueue (EventQueue.java:fireEvent(216)) - No event handler registered for event TypedEvent{payloadType=DatanodeDetails, name='Datanode_Command_Queue_Updated'}
2022-12-15 22:22:23,838 [EventQueue-CommandQueueReportForCommandQueueReportHandler] WARN  events.EventQueue (EventQueue.java:fireEvent(216)) - No event handler registered for event TypedEvent{payloadType=DatanodeDetails, name='Datanode_Command_Queue_Updated'}
2022-12-15 22:22:23,845 [EventQueue-CommandQueueReportForCommandQueueReportHandler] WARN  events.EventQueue (EventQueue.java:fireEvent(216)) - No event handler registered for event TypedEvent{payloadType=DatanodeDetails, name='Datanode_Command_Queue_Updated'}
2022-12-15 22:22:23,849 [EventQueue-CommandQueueReportForCommandQueueReportHandler] WARN  events.EventQueue (EventQueue.java:fireEvent(216)) - No event handler registered for event TypedEvent{payloadType=DatanodeDetails, name='Datanode_Command_Queue_Updated'}
2022-12-15 22:22:23,850 [Under Replicated Processor] INFO  replication.UnderReplicatedProcessor (UnderReplicatedProcessor.java:processAll(79)) - Processed 0 under replicated containers, failed processing 0
2022-12-15 22:22:23,852 [ReplicationMonitor] INFO  replication.ReplicationManager (ReplicationManager.java:processAll(360)) - Replication Monitor Thread took 1 milliseconds for processing 8 containers.
2022-12-15 22:22:23,853 [EventQueue-CommandQueueReportForCommandQueueReportHandler] WARN  events.EventQueue (EventQueue.java:fireEvent(216)) - No event handler registered for event TypedEvent{payloadType=DatanodeDetails, name='Datanode_Command_Queue_Updated'}
2022-12-15 22:22:23,853 [EventQueue-CommandQueueReportForCommandQueueReportHandler] WARN  events.EventQueue (EventQueue.java:fireEvent(216)) - No event handler registered for event TypedEvent{payloadType=DatanodeDetails, name='Datanode_Command_Queue_Updated'}
2022-12-15 22:22:23,855 [ReplicationMonitor] INFO  replication.ReplicationManager (ReplicationManager.java:processAll(327)) - Replication Manager is not ready to run until 3000ms after safemode exit
2022-12-15 22:22:23,855 [Over Replicated Processor] INFO  replication.OverReplicatedProcessor (OverReplicatedProcessor.java:processAll(79)) - Processed 0 over replicated containers, failed processing 0
2022-12-15 22:22:23,866 [EventQueue-CommandQueueReportForCommandQueueReportHandler] WARN  events.EventQueue (EventQueue.java:fireEvent(216)) - No event handler registered for event TypedEvent{payloadType=DatanodeDetails, name='Datanode_Command_Queue_Updated'}
2022-12-15 22:22:23,867 [EventQueue-CommandQueueReportForCommandQueueReportHandler] WARN  events.EventQueue (EventQueue.java:fireEvent(216)) - No event handler registered for event TypedEvent{payloadType=DatanodeDetails, name='Datanode_Command_Queue_Updated'}
2022-12-15 22:22:23,914 [EventQueue-CommandQueueReportForCommandQueueReportHandler] WARN  events.EventQueue (EventQueue.java:fireEvent(216)) - No event handler registered for event TypedEvent{payloadType=DatanodeDetails, name='Datanode_Command_Queue_Updated'}
2022-12-15 22:22:24,001 [EventQueue-CommandQueueReportForCommandQueueReportHandler] WARN  events.EventQueue (EventQueue.java:fireEvent(216)) - No event handler registered for event TypedEvent{payloadType=DatanodeDetails, name='Datanode_Command_Queue_Updated'}
2022-12-15 22:22:24,044 [EventQueue-CommandQueueReportForCommandQueueReportHandler] WARN  events.EventQueue (EventQueue.java:fireEvent(216)) - No event handler registered for event TypedEvent{payloadType=DatanodeDetails, name='Datanode_Command_Queue_Updated'}
2022-12-15 22:22:24,076 [EventQueue-DeadNodeForDeadNodeHandler] INFO  node.DeadNodeHandler (DeadNodeHandler.java:onMessage(81)) - A dead datanode is detected. 1e86e54b-7ea4-4ffe-a764-33ccb592660f{ip: 10.1.0.13, host: fv-az83-67.pawgbth4qraerhbqawdeo1jfng.dx.internal.cloudapp.net, ports: [REPLICATION=41383, RATIS=45413, RATIS_ADMIN=45413, RATIS_SERVER=45413, STANDALONE=39139], networkLocation: /default-rack, certSerialId: null, persistedOpState: DECOMMISSIONING, persistedOpStateExpiryEpochSec: 0}
2022-12-15 22:22:24,076 [EventQueue-CommandQueueReportForCommandQueueReportHandler] WARN  events.EventQueue (EventQueue.java:fireEvent(216)) - No event handler registered for event TypedEvent{payloadType=DatanodeDetails, name='Datanode_Command_Queue_Updated'}
2022-12-15 22:22:24,077 [EventQueue-CommandQueueReportForCommandQueueReportHandler] WARN  events.EventQueue (EventQueue.java:fireEvent(216)) - No event handler registered for event TypedEvent{payloadType=DatanodeDetails, name='Datanode_Command_Queue_Updated'}
2022-12-15 22:22:24,082 [Listener at 0.0.0.0/36963] INFO  reflections.Reflections (Reflections.java:scan(232)) - Reflections took 571 ms to scan 19 urls, producing 67 keys and 4459 values [using 2 cores]
2022-12-15 22:22:24,083 [Listener at 0.0.0.0/36963] INFO  ipc.CallQueueManager (CallQueueManager.java:<init>(90)) - Using callQueue: class java.util.concurrent.LinkedBlockingQueue, queueCapacity: 2000, scheduler: class org.apache.hadoop.ipc.DefaultRpcScheduler, ipcBackoff: false.
2022-12-15 22:22:24,085 [EventQueue-DeadNodeForDeadNodeHandler] INFO  net.NetworkTopologyImpl (NetworkTopologyImpl.java:remove(190)) - Removed a node: /default-rack/1e86e54b-7ea4-4ffe-a764-33ccb592660f
2022-12-15 22:22:24,090 [ReplicationMonitor] INFO  replication.ReplicationManager (ReplicationManager.java:processAll(327)) - Replication Manager is not ready to run until 3000ms after safemode exit
2022-12-15 22:22:24,091 [Socket Reader #1 for port 0] INFO  ipc.Server (Server.java:run(1273)) - Starting Socket Reader #1 for port 0
2022-12-15 22:22:24,119 [Listener at 127.0.0.1/44553] INFO  impl.MetricsSystemImpl (MetricsSystemImpl.java:init(158)) - OzoneManager metrics system started (again)
2022-12-15 22:22:24,136 [Listener at 127.0.0.1/44553] INFO  om.OzoneManager (OzoneManager.java:start(1484)) - OzoneManager RPC server is listening at localhost/127.0.0.1:44553
2022-12-15 22:22:24,136 [Listener at 127.0.0.1/44553] INFO  ratis.OzoneManagerRatisServer (OzoneManagerRatisServer.java:start(555)) - Starting OzoneManagerRatisServer om1 at port 38371
2022-12-15 22:22:24,136 [om1-impl-thread1] INFO  storage.RaftStorageDirectory (RaftStorageDirectoryImpl.java:analyzeStorage(137)) - The storage directory /home/runner/work/ozone/ozone/hadoop-ozone/integration-test/target/test-dir/MiniOzoneClusterImpl-964a5d62-0565-48d5-b15d-1422ec26157c/ozone-meta/ratis/bf265839-605b-3f16-9796-c5ba1605619e does not exist. Creating ...
2022-12-15 22:22:24,138 [om1-impl-thread1] INFO  storage.RaftStorageDirectory (RaftStorageDirectoryImpl.java:tryLock(231)) - Lock on /home/runner/work/ozone/ozone/hadoop-ozone/integration-test/target/test-dir/MiniOzoneClusterImpl-964a5d62-0565-48d5-b15d-1422ec26157c/ozone-meta/ratis/bf265839-605b-3f16-9796-c5ba1605619e/in_use.lock acquired by nodename 2635@fv-az83-67
2022-12-15 22:22:24,140 [om1-impl-thread1] INFO  storage.RaftStorage (RaftStorageImpl.java:format(96)) - Storage directory /home/runner/work/ozone/ozone/hadoop-ozone/integration-test/target/test-dir/MiniOzoneClusterImpl-964a5d62-0565-48d5-b15d-1422ec26157c/ozone-meta/ratis/bf265839-605b-3f16-9796-c5ba1605619e has been successfully formatted.
2022-12-15 22:22:24,140 [om1-impl-thread1] INFO  server.RaftServerConfigKeys (ConfUtils.java:logGet(46)) - raft.server.log.use.memory = false (default)
2022-12-15 22:22:24,140 [om1-impl-thread1] INFO  server.RaftServerConfigKeys (ConfUtils.java:logGet(46)) - raft.server.log.purge.gap = 1000000 (custom)
2022-12-15 22:22:24,140 [om1-impl-thread1] INFO  server.RaftServerConfigKeys (ConfUtils.java:logGet(46)) - raft.server.log.appender.buffer.byte-limit = 33554432 (custom)
2022-12-15 22:22:24,141 [om1-impl-thread1] INFO  server.RaftServerConfigKeys (ConfUtils.java:logGet(46)) - raft.server.log.statemachine.data.read.timeout = 1000ms (default)
2022-12-15 22:22:24,141 [om1-impl-thread1] INFO  server.RaftServerConfigKeys (ConfUtils.java:logGet(46)) - raft.server.log.purge.preservation.log.num = 0 (default)
2022-12-15 22:22:24,141 [om1-impl-thread1] INFO  server.RaftServerConfigKeys (ConfUtils.java:logGet(46)) - raft.server.log.segment.size.max = 4194304 (custom)
2022-12-15 22:22:24,142 [om1-impl-thread1] INFO  server.RaftServerConfigKeys (ConfUtils.java:logGet(46)) - raft.server.log.segment.cache.num.max = 2 (custom)
2022-12-15 22:22:24,142 [om1-impl-thread1] INFO  server.RaftServerConfigKeys (ConfUtils.java:logGet(46)) - raft.server.log.segment.cache.size.max = 200MB (=209715200) (default)
2022-12-15 22:22:24,142 [om1-impl-thread1] INFO  segmented.SegmentedRaftLogWorker (SegmentedRaftLogWorker.java:<init>(189)) - new om1@group-C5BA1605619E-SegmentedRaftLogWorker for RaftStorageImpl:Storage Directory /home/runner/work/ozone/ozone/hadoop-ozone/integration-test/target/test-dir/MiniOzoneClusterImpl-964a5d62-0565-48d5-b15d-1422ec26157c/ozone-meta/ratis/bf265839-605b-3f16-9796-c5ba1605619e
2022-12-15 22:22:24,142 [om1-impl-thread1] INFO  server.RaftServerConfigKeys (ConfUtils.java:logGet(46)) - raft.server.log.queue.byte-limit = 64MB (=67108864) (default)
2022-12-15 22:22:24,142 [om1-impl-thread1] INFO  server.RaftServerConfigKeys (ConfUtils.java:logGet(46)) - raft.server.log.queue.element-limit = 4096 (default)
2022-12-15 22:22:24,142 [om1-impl-thread1] INFO  server.RaftServerConfigKeys (ConfUtils.java:logGet(46)) - raft.server.log.segment.size.max = 4194304 (custom)
2022-12-15 22:22:24,142 [om1-impl-thread1] INFO  server.RaftServerConfigKeys (ConfUtils.java:logGet(46)) - raft.server.log.preallocated.size = 4194304 (custom)
2022-12-15 22:22:24,142 [om1-impl-thread1] INFO  server.RaftServerConfigKeys (ConfUtils.java:logGet(46)) - raft.server.log.force.sync.num = 128 (default)
2022-12-15 22:22:24,143 [om1-impl-thread1] INFO  server.RaftServerConfigKeys (ConfUtils.java:logGet(46)) - raft.server.log.statemachine.data.sync = true (default)
2022-12-15 22:22:24,143 [om1-impl-thread1] INFO  server.RaftServerConfigKeys (ConfUtils.java:logGet(46)) - raft.server.log.statemachine.data.sync.timeout = 10s (default)
2022-12-15 22:22:24,143 [om1-impl-thread1] INFO  server.RaftServerConfigKeys (ConfUtils.java:logGet(46)) - raft.server.log.statemachine.data.sync.timeout.retry = -1 (default)
2022-12-15 22:22:24,144 [om1-impl-thread1] INFO  server.RaftServerConfigKeys (ConfUtils.java:logGet(46)) - raft.server.log.write.buffer.size = 64KB (=65536) (default)
2022-12-15 22:22:24,144 [om1-impl-thread1] INFO  server.RaftServerConfigKeys (ConfUtils.java:logGet(46)) - raft.server.log.appender.buffer.byte-limit = 33554432 (custom)
2022-12-15 22:22:24,152 [om1-impl-thread1] INFO  server.RaftServerConfigKeys (ConfUtils.java:logGet(46)) - raft.server.log.unsafe-flush.enabled = false (default)
2022-12-15 22:22:24,152 [om1-impl-thread1] INFO  server.RaftServerConfigKeys (ConfUtils.java:logGet(46)) - raft.server.log.async-flush.enabled = false (default)
2022-12-15 22:22:24,152 [om1-impl-thread1] INFO  server.RaftServerConfigKeys (ConfUtils.java:logGet(46)) - raft.server.log.statemachine.data.caching.enabled = false (default)
2022-12-15 22:22:24,153 [om1-impl-thread1] INFO  segmented.SegmentedRaftLogWorker (SegmentedRaftLogWorker.java:lambda$new$0(135)) - om1@group-C5BA1605619E-SegmentedRaftLogWorker: flushIndex: setUnconditionally 0 -> -1
2022-12-15 22:22:24,153 [om1-impl-thread1] INFO  segmented.SegmentedRaftLogWorker (SegmentedRaftLogWorker.java:lambda$new$0(135)) - om1@group-C5BA1605619E-SegmentedRaftLogWorker: safeCacheEvictIndex: setUnconditionally 0 -> -1
2022-12-15 22:22:24,153 [om1-impl-thread1] INFO  server.RaftServer$Division (RaftServerImpl.java:start(334)) - om1@group-C5BA1605619E: start as a follower, conf=-1: peers:[om1|rpc:localhost:38371|priority:0|startupRole:FOLLOWER]|listeners:[], old=null
2022-12-15 22:22:24,153 [om1-impl-thread1] INFO  server.RaftServer$Division (RaftServerImpl.java:setRole(321)) - om1@group-C5BA1605619E: changes role from      null to FOLLOWER at term 0 for startAsFollower
2022-12-15 22:22:24,153 [om1-impl-thread1] INFO  impl.RoleInfo (RoleInfo.java:updateAndGet(139)) - om1: start om1@group-C5BA1605619E-FollowerState
2022-12-15 22:22:24,155 [om1-impl-thread1] ERROR util.JmxRegister (JmxRegister.java:tryRegister(40)) - Failed to register JMX Bean with name Ratis:service=RaftServer,group=group-C5BA1605619E,id=om1
javax.management.InstanceAlreadyExistsException: Ratis:service=RaftServer,group=group-C5BA1605619E,id=om1
	at com.sun.jmx.mbeanserver.Repository.addMBean(Repository.java:437)
	at com.sun.jmx.interceptor.DefaultMBeanServerInterceptor.registerWithRepository(DefaultMBeanServerInterceptor.java:1898)
	at com.sun.jmx.interceptor.DefaultMBeanServerInterceptor.registerDynamicMBean(DefaultMBeanServerInterceptor.java:966)
	at com.sun.jmx.interceptor.DefaultMBeanServerInterceptor.registerObject(DefaultMBeanServerInterceptor.java:900)
	at com.sun.jmx.interceptor.DefaultMBeanServerInterceptor.registerMBean(DefaultMBeanServerInterceptor.java:324)
	at com.sun.jmx.mbeanserver.JmxMBeanServer.registerMBean(JmxMBeanServer.java:522)
	at org.apache.ratis.util.JmxRegister.tryRegister(JmxRegister.java:38)
	at org.apache.ratis.util.JmxRegister.register(JmxRegister.java:56)
	at org.apache.ratis.server.impl.RaftServerImpl.registerMBean(RaftServerImpl.java:353)
	at org.apache.ratis.server.impl.RaftServerImpl.start(RaftServerImpl.java:344)
	at org.apache.ratis.util.ConcurrentUtils.accept(ConcurrentUtils.java:173)
	at org.apache.ratis.util.ConcurrentUtils.lambda$null$3(ConcurrentUtils.java:165)
	at java.util.concurrent.ThreadPoolExecutor.runWorker(ThreadPoolExecutor.java:1149)
	at java.util.concurrent.ThreadPoolExecutor$Worker.run(ThreadPoolExecutor.java:624)
	at java.lang.Thread.run(Thread.java:750)
2022-12-15 22:22:24,155 [om1-impl-thread1] ERROR util.JmxRegister (JmxRegister.java:tryRegister(40)) - Failed to register JMX Bean with name Ratis:service=RaftServer,group=group-C5BA1605619E,id="om1"
javax.management.InstanceAlreadyExistsException: Ratis:service=RaftServer,group=group-C5BA1605619E,id="om1"
	at com.sun.jmx.mbeanserver.Repository.addMBean(Repository.java:437)
	at com.sun.jmx.interceptor.DefaultMBeanServerInterceptor.registerWithRepository(DefaultMBeanServerInterceptor.java:1898)
	at com.sun.jmx.interceptor.DefaultMBeanServerInterceptor.registerDynamicMBean(DefaultMBeanServerInterceptor.java:966)
	at com.sun.jmx.interceptor.DefaultMBeanServerInterceptor.registerObject(DefaultMBeanServerInterceptor.java:900)
	at com.sun.jmx.interceptor.DefaultMBeanServerInterceptor.registerMBean(DefaultMBeanServerInterceptor.java:324)
	at com.sun.jmx.mbeanserver.JmxMBeanServer.registerMBean(JmxMBeanServer.java:522)
	at org.apache.ratis.util.JmxRegister.tryRegister(JmxRegister.java:38)
	at org.apache.ratis.util.JmxRegister.register(JmxRegister.java:56)
	at org.apache.ratis.server.impl.RaftServerImpl.registerMBean(RaftServerImpl.java:353)
	at org.apache.ratis.server.impl.RaftServerImpl.start(RaftServerImpl.java:344)
	at org.apache.ratis.util.ConcurrentUtils.accept(ConcurrentUtils.java:173)
	at org.apache.ratis.util.ConcurrentUtils.lambda$null$3(ConcurrentUtils.java:165)
	at java.util.concurrent.ThreadPoolExecutor.runWorker(ThreadPoolExecutor.java:1149)
	at java.util.concurrent.ThreadPoolExecutor$Worker.run(ThreadPoolExecutor.java:624)
	at java.lang.Thread.run(Thread.java:750)
2022-12-15 22:22:24,156 [om1@group-C5BA1605619E-FollowerState] INFO  server.RaftServerConfigKeys (ConfUtils.java:logFallback(53)) - raft.server.rpc.first-election.timeout.min = 1s (fallback to raft.server.rpc.timeout.min)
2022-12-15 22:22:24,156 [om1-impl-thread1] INFO  server.RaftServerConfigKeys (ConfUtils.java:logGet(46)) - raft.server.snapshot.auto.trigger.enabled = true (custom)
2022-12-15 22:22:24,156 [om1-impl-thread1] INFO  server.RaftServerConfigKeys (ConfUtils.java:logGet(46)) - raft.server.snapshot.auto.trigger.threshold = 400000 (default)
2022-12-15 22:22:24,156 [om1-impl-thread1] INFO  server.RaftServerConfigKeys (ConfUtils.java:logGet(46)) - raft.server.snapshot.retention.file.num = -1 (default)
2022-12-15 22:22:24,156 [om1-impl-thread1] INFO  server.RaftServerConfigKeys (ConfUtils.java:logGet(46)) - raft.server.log.purge.upto.snapshot.index = true (custom)
2022-12-15 22:22:24,157 [Listener at 127.0.0.1/44553] INFO  server.RaftServer (RaftServerProxy.java:startImpl(393)) - om1: start RPC server
2022-12-15 22:22:24,157 [om1@group-C5BA1605619E-FollowerState] INFO  server.RaftServerConfigKeys (ConfUtils.java:logFallback(53)) - raft.server.rpc.first-election.timeout.max = 1200ms (fallback to raft.server.rpc.timeout.max)
2022-12-15 22:22:24,157 [Listener at 127.0.0.1/44553] INFO  server.GrpcService (GrpcService.java:startImpl(262)) - om1: GrpcService started, listening on 38371
2022-12-15 22:22:24,158 [Listener at 127.0.0.1/44553] INFO  om.OzoneManager (OzoneManager.java:start(1500)) - Version File has different layout version (3) than OM DB (null). That is expected if this OM has never been finalized to a newer layout version.
2022-12-15 22:22:24,159 [JvmPauseMonitor16] INFO  util.JvmPauseMonitor (JvmPauseMonitor.java:run(105)) - JvmPauseMonitor-om1: Started
2022-12-15 22:22:24,169 [Listener at 127.0.0.1/44553] INFO  http.BaseHttpServer (BaseHttpServer.java:newHttpServer2BuilderForOzone(213)) - Starting Web-server for ozoneManager at: http://0.0.0.0:0
2022-12-15 22:22:24,169 [Listener at 127.0.0.1/44553] INFO  http.BaseHttpServer (BaseHttpServer.java:<init>(108)) - Hadoop Security Enabled: false Ozone Security Enabled: false Ozone HTTP Security Enabled: false 
2022-12-15 22:22:24,178 [Listener at 127.0.0.1/44553] WARN  server.AuthenticationFilter (AuthenticationFilter.java:constructSecretProvider(240)) - Unable to initialize FileSignerSecretProvider, falling back to use random secrets. Reason: Could not read signature secret file: /home/runner/hadoop-http-auth-signature-secret
2022-12-15 22:22:24,179 [Listener at 127.0.0.1/44553] WARN  http.HttpRequestLog (HttpRequestLog.java:getRequestLog(103)) - Jetty request log can only be enabled using Log4j
2022-12-15 22:22:24,181 [Listener at 127.0.0.1/44553] INFO  http.HttpServer2 (HttpServer2.java:addGlobalFilter(1031)) - Added global filter 'safety' (class=org.apache.hadoop.hdds.server.http.HttpServer2$QuotingInputFilter)
2022-12-15 22:22:24,181 [Listener at 127.0.0.1/44553] INFO  http.HttpServer2 (HttpServer2.java:addFilter(1007)) - Added filter static_user_filter (class=org.apache.hadoop.http.lib.StaticUserWebFilter$StaticUserFilter) to context ozoneManager
2022-12-15 22:22:24,181 [Listener at 127.0.0.1/44553] INFO  http.HttpServer2 (HttpServer2.java:addFilter(1015)) - Added filter static_user_filter (class=org.apache.hadoop.http.lib.StaticUserWebFilter$StaticUserFilter) to context logs
2022-12-15 22:22:24,181 [Listener at 127.0.0.1/44553] INFO  http.HttpServer2 (HttpServer2.java:addFilter(1015)) - Added filter static_user_filter (class=org.apache.hadoop.http.lib.StaticUserWebFilter$StaticUserFilter) to context static
2022-12-15 22:22:24,182 [Listener at 127.0.0.1/44553] INFO  http.HttpServer2 (HttpServer2.java:bindListener(1250)) - Jetty bound to port 44885
2022-12-15 22:22:24,182 [Listener at 127.0.0.1/44553] INFO  server.Server (Server.java:doStart(375)) - jetty-9.4.49.v20220914; built: 2022-09-14T01:07:36.601Z; git: 4231a3b2e4cb8548a412a789936d640a97b1aa0a; jvm 1.8.0_352-b08
2022-12-15 22:22:24,194 [Listener at 127.0.0.1/44553] INFO  server.session (DefaultSessionIdManager.java:doStart(334)) - DefaultSessionIdManager workerName=node0
2022-12-15 22:22:24,194 [Listener at 127.0.0.1/44553] INFO  server.session (DefaultSessionIdManager.java:doStart(339)) - No SessionScavenger set, using defaults
2022-12-15 22:22:24,211 [Listener at 127.0.0.1/44553] INFO  server.session (HouseKeeper.java:startScavenging(132)) - node0 Scavenging every 660000ms
2022-12-15 22:22:24,212 [Listener at 127.0.0.1/44553] INFO  handler.ContextHandler (ContextHandler.java:doStart(921)) - Started o.e.j.s.ServletContextHandler@711e875e{logs,/logs,file:///home/runner/work/ozone/ozone/hadoop-ozone/integration-test/target/log,AVAILABLE}
2022-12-15 22:22:24,213 [Listener at 127.0.0.1/44553] INFO  handler.ContextHandler (ContextHandler.java:doStart(921)) - Started o.e.j.s.ServletContextHandler@20cff3a8{static,/static,file:///home/runner/work/ozone/ozone/hadoop-ozone/integration-test/target/test-classes/webapps/static,AVAILABLE}
2022-12-15 22:22:24,216 [Listener at 127.0.0.1/44553] INFO  handler.ContextHandler (ContextHandler.java:doStart(921)) - Started o.e.j.w.WebAppContext@48c236f5{ozoneManager,/,file:///home/runner/work/ozone/ozone/hadoop-ozone/integration-test/target/test-classes/webapps/ozoneManager/,AVAILABLE}{file:/home/runner/work/ozone/ozone/hadoop-ozone/integration-test/target/test-classes/webapps/ozoneManager}
2022-12-15 22:22:24,223 [Listener at 127.0.0.1/44553] INFO  server.AbstractConnector (AbstractConnector.java:doStart(333)) - Started ServerConnector@68cc56f6{HTTP/1.1, (http/1.1)}{0.0.0.0:44885}
2022-12-15 22:22:24,223 [Listener at 127.0.0.1/44553] INFO  server.Server (Server.java:doStart(415)) - Started @47938ms
2022-12-15 22:22:24,223 [Listener at 127.0.0.1/44553] WARN  impl.MetricsSystemImpl (MetricsSystemImpl.java:register(279)) - Sink prometheus already exists!
2022-12-15 22:22:24,224 [Listener at 127.0.0.1/44553] INFO  http.BaseHttpServer (BaseHttpServer.java:updateConnectorAddress(333)) - HTTP server of ozoneManager listening at http://0.0.0.0:44885
2022-12-15 22:22:24,224 [IPC Server Responder] INFO  ipc.Server (Server.java:run(1512)) - IPC Server Responder: starting
2022-12-15 22:22:24,225 [IPC Server listener on 0] INFO  ipc.Server (Server.java:run(1352)) - IPC Server listener on 0: starting
2022-12-15 22:22:24,229 [Listener at 127.0.0.1/44553] INFO  om.OzoneManager (OzoneManager.java:startTrashEmptier(1921)) - Trash Interval set to 0. Files deleted won't move to trash
2022-12-15 22:22:24,230 [org.apache.hadoop.util.JvmPauseMonitor$Monitor@72118a72] INFO  util.JvmPauseMonitor (JvmPauseMonitor.java:run(188)) - Starting JVM pause monitor
2022-12-15 22:22:24,258 [Listener at 127.0.0.1/44553] WARN  impl.MetricRegistriesImpl (MetricRegistriesImpl.java:addReporterRegistration(111)) - New reporters are added after registries were created. Some metrics will be missing from the reporter. Please add reporter before adding any new registry.
2022-12-15 22:22:24,258 [Listener at 127.0.0.1/44553] WARN  impl.MetricRegistriesImpl (MetricRegistriesImpl.java:addReporterRegistration(111)) - New reporters are added after registries were created. Some metrics will be missing from the reporter. Please add reporter before adding any new registry.
2022-12-15 22:22:24,258 [Listener at 127.0.0.1/44553] INFO  impl.MetricsSystemImpl (MetricsSystemImpl.java:init(158)) - HddsDatanode metrics system started (again)
2022-12-15 22:22:24,261 [main] WARN  impl.MetricRegistriesImpl (MetricRegistriesImpl.java:addReporterRegistration(111)) - New reporters are added after registries were created. Some metrics will be missing from the reporter. Please add reporter before adding any new registry.
2022-12-15 22:22:24,262 [main] WARN  impl.MetricRegistriesImpl (MetricRegistriesImpl.java:addReporterRegistration(111)) - New reporters are added after registries were created. Some metrics will be missing from the reporter. Please add reporter before adding any new registry.
2022-12-15 22:22:24,262 [main] INFO  impl.MetricsSystemImpl (MetricsSystemImpl.java:init(158)) - HddsDatanode metrics system started (again)
2022-12-15 22:22:24,271 [Listener at 127.0.0.1/44553] INFO  ozone.HddsDatanodeService (HddsDatanodeService.java:start(236)) - HddsDatanodeService host:fv-az83-67.pawgbth4qraerhbqawdeo1jfng.dx.internal.cloudapp.net ip:10.1.0.13
2022-12-15 22:22:24,305 [main] INFO  ozone.HddsDatanodeService (HddsDatanodeService.java:start(236)) - HddsDatanodeService host:fv-az83-67.pawgbth4qraerhbqawdeo1jfng.dx.internal.cloudapp.net ip:10.1.0.13
2022-12-15 22:22:24,316 [Listener at 127.0.0.1/44553] INFO  upgrade.AbstractLayoutVersionManager (AbstractLayoutVersionManager.java:init(83)) - Initializing Layout version manager with metadata layout = DATANODE_SCHEMA_V3 (version = 4), software layout = DATANODE_SCHEMA_V3 (version = 4)
2022-12-15 22:22:24,330 [main] INFO  upgrade.AbstractLayoutVersionManager (AbstractLayoutVersionManager.java:init(83)) - Initializing Layout version manager with metadata layout = DATANODE_SCHEMA_V3 (version = 4), software layout = DATANODE_SCHEMA_V3 (version = 4)
2022-12-15 22:22:24,360 [Mini-Cluster-Provider-Reap] INFO  ozone.MiniOzoneClusterImpl (MiniOzoneClusterImpl.java:shutdown(448)) - Shutting down the Mini Ozone Cluster
2022-12-15 22:22:24,361 [Mini-Cluster-Provider-Reap] INFO  ozone.MiniOzoneClusterImpl (MiniOzoneClusterImpl.java:stop(463)) - Stopping the Mini Ozone Cluster
2022-12-15 22:22:24,361 [Mini-Cluster-Provider-Reap] INFO  ozone.MiniOzoneClusterImpl (MiniOzoneClusterImpl.java:stopOM(545)) - Stopping the OzoneManager
2022-12-15 22:22:24,361 [Mini-Cluster-Provider-Reap] INFO  om.OzoneManager (OzoneManager.java:stop(2036)) - om1[localhost:0]: Stopping Ozone Manager
2022-12-15 22:22:24,364 [Mini-Cluster-Provider-Reap] INFO  ipc.Server (Server.java:stop(3428)) - Stopping server on 44409
2022-12-15 22:22:24,375 [IPC Server Responder] INFO  ipc.Server (Server.java:run(1517)) - Stopping IPC Server Responder
2022-12-15 22:22:24,376 [IPC Server listener on 0] INFO  ipc.Server (Server.java:run(1384)) - Stopping IPC Server listener on 0
2022-12-15 22:22:24,389 [71b6f94d-94ac-4fef-bfea-f7b8cd5fb2e7@group-FC332D70D581-FollowerState] INFO  impl.FollowerState (FollowerState.java:run(143)) - 71b6f94d-94ac-4fef-bfea-f7b8cd5fb2e7@group-FC332D70D581-FollowerState: change to CANDIDATE, lastRpcElapsedTime:5045002967ns, electionTimeout:5038ms
2022-12-15 22:22:24,389 [71b6f94d-94ac-4fef-bfea-f7b8cd5fb2e7@group-FC332D70D581-FollowerState] INFO  impl.RoleInfo (RoleInfo.java:shutdownFollowerState(110)) - 71b6f94d-94ac-4fef-bfea-f7b8cd5fb2e7: shutdown 71b6f94d-94ac-4fef-bfea-f7b8cd5fb2e7@group-FC332D70D581-FollowerState
2022-12-15 22:22:24,389 [71b6f94d-94ac-4fef-bfea-f7b8cd5fb2e7@group-FC332D70D581-FollowerState] INFO  server.RaftServer$Division (RaftServerImpl.java:setRole(321)) - 71b6f94d-94ac-4fef-bfea-f7b8cd5fb2e7@group-FC332D70D581: changes role from  FOLLOWER to CANDIDATE at term 0 for changeToCandidate
2022-12-15 22:22:24,390 [71b6f94d-94ac-4fef-bfea-f7b8cd5fb2e7@group-FC332D70D581-FollowerState] INFO  server.RaftServerConfigKeys (ConfUtils.java:logGet(46)) - raft.server.leaderelection.pre-vote = false (custom)
2022-12-15 22:22:24,390 [71b6f94d-94ac-4fef-bfea-f7b8cd5fb2e7@group-FC332D70D581-FollowerState] INFO  impl.RoleInfo (RoleInfo.java:updateAndGet(139)) - 71b6f94d-94ac-4fef-bfea-f7b8cd5fb2e7: start 71b6f94d-94ac-4fef-bfea-f7b8cd5fb2e7@group-FC332D70D581-LeaderElection21
2022-12-15 22:22:24,394 [Mini-Cluster-Provider-Reap] INFO  server.RaftServer (RaftServerProxy.java:lambda$close$6(409)) - om1: close
2022-12-15 22:22:24,396 [Mini-Cluster-Provider-Reap] INFO  server.GrpcService (GrpcService.java:closeImpl(271)) - om1: shutdown server GrpcServerProtocolService now
2022-12-15 22:22:24,396 [om1-impl-thread1] INFO  server.RaftServer$Division (RaftServerImpl.java:lambda$close$4(458)) - om1@group-C5BA1605619E: shutdown
2022-12-15 22:22:24,396 [om1-impl-thread1] INFO  util.JmxRegister (JmxRegister.java:unregister(73)) - Successfully un-registered JMX Bean with object name Ratis:service=RaftServer,group=group-C5BA1605619E,id=om1
2022-12-15 22:22:24,396 [om1-impl-thread1] INFO  impl.RoleInfo (RoleInfo.java:shutdownLeaderState(93)) - om1: shutdown om1@group-C5BA1605619E-LeaderStateImpl
2022-12-15 22:22:24,396 [om1-impl-thread1] INFO  impl.PendingRequests (PendingRequests.java:sendNotLeaderResponses(282)) - om1@group-C5BA1605619E-PendingRequests: sendNotLeaderResponses
2022-12-15 22:22:24,396 [Mini-Cluster-Provider-Reap] INFO  server.GrpcService (GrpcService.java:closeImpl(280)) - om1: shutdown server GrpcServerProtocolService successfully
2022-12-15 22:22:24,406 [71b6f94d-94ac-4fef-bfea-f7b8cd5fb2e7@group-FC332D70D581-LeaderElection21] INFO  impl.LeaderElection (LeaderElection.java:askForVotes(312)) - 71b6f94d-94ac-4fef-bfea-f7b8cd5fb2e7@group-FC332D70D581-LeaderElection21 ELECTION round 0: submit vote requests at term 1 for -1: peers:[71b6f94d-94ac-4fef-bfea-f7b8cd5fb2e7|rpc:10.1.0.13:37337|priority:1|startupRole:FOLLOWER, 4333d9a6-5ac6-4e80-8f1b-d7ab3137d893|rpc:10.1.0.13:38707|priority:0|startupRole:FOLLOWER, a2b0f54d-1a24-4450-b7bb-6a8d8fd6bbfe|rpc:10.1.0.13:34063|priority:0|startupRole:FOLLOWER]|listeners:[], old=null
2022-12-15 22:22:24,412 [a2b0f54d-1a24-4450-b7bb-6a8d8fd6bbfe@group-FC332D70D581-FollowerState] INFO  impl.FollowerState (FollowerState.java:run(143)) - a2b0f54d-1a24-4450-b7bb-6a8d8fd6bbfe@group-FC332D70D581-FollowerState: change to CANDIDATE, lastRpcElapsedTime:5014946785ns, electionTimeout:5013ms
2022-12-15 22:22:24,412 [a2b0f54d-1a24-4450-b7bb-6a8d8fd6bbfe@group-FC332D70D581-FollowerState] INFO  impl.RoleInfo (RoleInfo.java:shutdownFollowerState(110)) - a2b0f54d-1a24-4450-b7bb-6a8d8fd6bbfe: shutdown a2b0f54d-1a24-4450-b7bb-6a8d8fd6bbfe@group-FC332D70D581-FollowerState
2022-12-15 22:22:24,412 [71b6f94d-94ac-4fef-bfea-f7b8cd5fb2e7@group-FC332D70D581-LeaderElection21-1] INFO  server.GrpcServerProtocolClient (GrpcServerProtocolClient.java:<init>(63)) - Build channel for 4333d9a6-5ac6-4e80-8f1b-d7ab3137d893
2022-12-15 22:22:24,412 [a2b0f54d-1a24-4450-b7bb-6a8d8fd6bbfe@group-FC332D70D581-FollowerState] INFO  server.RaftServer$Division (RaftServerImpl.java:setRole(321)) - a2b0f54d-1a24-4450-b7bb-6a8d8fd6bbfe@group-FC332D70D581: changes role from  FOLLOWER to CANDIDATE at term 0 for changeToCandidate
2022-12-15 22:22:24,416 [71b6f94d-94ac-4fef-bfea-f7b8cd5fb2e7@group-FC332D70D581-LeaderElection21] INFO  server.RaftServerConfigKeys (ConfUtils.java:logFallback(53)) - raft.server.rpc.first-election.timeout.min = 5s (fallback to raft.server.rpc.timeout.min)
2022-12-15 22:22:24,416 [71b6f94d-94ac-4fef-bfea-f7b8cd5fb2e7@group-FC332D70D581-LeaderElection21] INFO  server.RaftServerConfigKeys (ConfUtils.java:logFallback(53)) - raft.server.rpc.first-election.timeout.max = 5200ms (fallback to raft.server.rpc.timeout.max)
2022-12-15 22:22:24,417 [a2b0f54d-1a24-4450-b7bb-6a8d8fd6bbfe@group-FC332D70D581-FollowerState] INFO  server.RaftServerConfigKeys (ConfUtils.java:logGet(46)) - raft.server.leaderelection.pre-vote = false (custom)
2022-12-15 22:22:24,417 [a2b0f54d-1a24-4450-b7bb-6a8d8fd6bbfe@group-FC332D70D581-FollowerState] INFO  impl.RoleInfo (RoleInfo.java:updateAndGet(139)) - a2b0f54d-1a24-4450-b7bb-6a8d8fd6bbfe: start a2b0f54d-1a24-4450-b7bb-6a8d8fd6bbfe@group-FC332D70D581-LeaderElection22
2022-12-15 22:22:24,417 [71b6f94d-94ac-4fef-bfea-f7b8cd5fb2e7@group-FC332D70D581-LeaderElection21-2] INFO  server.GrpcServerProtocolClient (GrpcServerProtocolClient.java:<init>(63)) - Build channel for a2b0f54d-1a24-4450-b7bb-6a8d8fd6bbfe
2022-12-15 22:22:24,427 [om1-impl-thread1] INFO  impl.StateMachineUpdater (StateMachineUpdater.java:stopAndJoin(153)) - om1@group-C5BA1605619E-StateMachineUpdater: set stopIndex = 164
2022-12-15 22:22:24,427 [om1@group-C5BA1605619E-StateMachineUpdater] INFO  ratis.OzoneManagerStateMachine (OzoneManagerStateMachine.java:takeSnapshot(445)) - Current Snapshot Index (t:1, i:164)
2022-12-15 22:22:24,430 [om1@group-C5BA1605619E-StateMachineUpdater] INFO  impl.StateMachineUpdater (StateMachineUpdater.java:takeSnapshot(287)) - om1@group-C5BA1605619E-StateMachineUpdater: Took a snapshot at index 164
2022-12-15 22:22:24,430 [om1@group-C5BA1605619E-StateMachineUpdater] INFO  impl.StateMachineUpdater (StateMachineUpdater.java:lambda$new$0(92)) - om1@group-C5BA1605619E-StateMachineUpdater: snapshotIndex: updateIncreasingly -1 -> 164
2022-12-15 22:22:24,430 [om1@group-C5BA1605619E-StateMachineUpdater] INFO  ratis.OzoneManagerStateMachine (OzoneManagerStateMachine.java:close(499)) - StateMachine has shutdown. Shutdown OzoneManager if not already shutdown.
2022-12-15 22:22:24,431 [om1@group-C5BA1605619E-StateMachineUpdater] INFO  ratis.OzoneManagerDoubleBuffer (OzoneManagerDoubleBuffer.java:stop(466)) - Stopping OMDoubleBuffer flush thread
2022-12-15 22:22:24,431 [OMDoubleBufferFlushThread] INFO  ratis.OzoneManagerDoubleBuffer (OzoneManagerDoubleBuffer.java:flushTransactions(385)) - OMDoubleBuffer flush thread OMDoubleBufferFlushThread is interrupted and will exit.
2022-12-15 22:22:24,437 [a2b0f54d-1a24-4450-b7bb-6a8d8fd6bbfe@group-FC332D70D581-LeaderElection22] INFO  impl.LeaderElection (LeaderElection.java:askForVotes(312)) - a2b0f54d-1a24-4450-b7bb-6a8d8fd6bbfe@group-FC332D70D581-LeaderElection22 ELECTION round 0: submit vote requests at term 1 for -1: peers:[71b6f94d-94ac-4fef-bfea-f7b8cd5fb2e7|rpc:10.1.0.13:37337|dataStream:|priority:1|startupRole:FOLLOWER, 4333d9a6-5ac6-4e80-8f1b-d7ab3137d893|rpc:10.1.0.13:38707|dataStream:|priority:0|startupRole:FOLLOWER, a2b0f54d-1a24-4450-b7bb-6a8d8fd6bbfe|rpc:10.1.0.13:34063|dataStream:|priority:0|startupRole:FOLLOWER]|listeners:[], old=null
2022-12-15 22:22:24,437 [a2b0f54d-1a24-4450-b7bb-6a8d8fd6bbfe@group-FC332D70D581-LeaderElection22-1] INFO  server.GrpcServerProtocolClient (GrpcServerProtocolClient.java:<init>(63)) - Build channel for 71b6f94d-94ac-4fef-bfea-f7b8cd5fb2e7
2022-12-15 22:22:24,437 [a2b0f54d-1a24-4450-b7bb-6a8d8fd6bbfe@group-FC332D70D581-LeaderElection22] INFO  server.RaftServerConfigKeys (ConfUtils.java:logFallback(53)) - raft.server.rpc.first-election.timeout.min = 5s (fallback to raft.server.rpc.timeout.min)
2022-12-15 22:22:24,437 [a2b0f54d-1a24-4450-b7bb-6a8d8fd6bbfe@group-FC332D70D581-LeaderElection22-2] INFO  server.GrpcServerProtocolClient (GrpcServerProtocolClient.java:<init>(63)) - Build channel for 4333d9a6-5ac6-4e80-8f1b-d7ab3137d893
2022-12-15 22:22:24,437 [a2b0f54d-1a24-4450-b7bb-6a8d8fd6bbfe@group-FC332D70D581-LeaderElection22] INFO  server.RaftServerConfigKeys (ConfUtils.java:logFallback(53)) - raft.server.rpc.first-election.timeout.max = 5200ms (fallback to raft.server.rpc.timeout.max)
2022-12-15 22:22:24,446 [om1-impl-thread1] INFO  server.RaftServer$Division (ServerState.java:close(466)) - om1@group-C5BA1605619E: closes. applyIndex: 164
2022-12-15 22:22:24,447 [om1@group-C5BA1605619E-SegmentedRaftLogWorker] INFO  segmented.SegmentedRaftLogWorker (SegmentedRaftLogWorker.java:run(347)) - om1@group-C5BA1605619E-SegmentedRaftLogWorker was interrupted, exiting. There are 0 tasks remaining in the queue.
2022-12-15 22:22:24,448 [om1-impl-thread1] INFO  segmented.SegmentedRaftLogWorker (SegmentedRaftLogWorker.java:close(257)) - om1@group-C5BA1605619E-SegmentedRaftLogWorker close()
2022-12-15 22:22:24,448 [JvmPauseMonitor0] INFO  util.JvmPauseMonitor (JvmPauseMonitor.java:run(111)) - JvmPauseMonitor-om1: Stopped
2022-12-15 22:22:24,449 [Mini-Cluster-Provider-Reap] INFO  ratis.OzoneManagerStateMachine (OzoneManagerStateMachine.java:close(499)) - StateMachine has shutdown. Shutdown OzoneManager if not already shutdown.
2022-12-15 22:22:24,449 [Mini-Cluster-Provider-Reap] INFO  ratis.OzoneManagerDoubleBuffer (OzoneManagerDoubleBuffer.java:stop(478)) - OMDoubleBuffer flush thread is not running.
2022-12-15 22:22:24,449 [Mini-Cluster-Provider-Reap] INFO  utils.BackgroundService (BackgroundService.java:shutdown(141)) - Shutting down service KeyDeletingService
2022-12-15 22:22:24,449 [Mini-Cluster-Provider-Reap] INFO  utils.BackgroundService (BackgroundService.java:shutdown(141)) - Shutting down service DirectoryDeletingService
2022-12-15 22:22:24,450 [Mini-Cluster-Provider-Reap] INFO  utils.BackgroundService (BackgroundService.java:shutdown(141)) - Shutting down service OpenKeyCleanupService
2022-12-15 22:22:24,460 [grpc-default-executor-4] INFO  server.RaftServer$Division (RaftServerImpl.java:requestVote(1218)) - 4333d9a6-5ac6-4e80-8f1b-d7ab3137d893@group-FC332D70D581: receive requestVote(ELECTION, 71b6f94d-94ac-4fef-bfea-f7b8cd5fb2e7, group-FC332D70D581, 1, (t:0, i:0))
2022-12-15 22:22:24,460 [grpc-default-executor-4] INFO  impl.VoteContext (VoteContext.java:log(49)) - 4333d9a6-5ac6-4e80-8f1b-d7ab3137d893@group-FC332D70D581-FOLLOWER: accept ELECTION from 71b6f94d-94ac-4fef-bfea-f7b8cd5fb2e7: our priority 0 <= candidate's priority 1
2022-12-15 22:22:24,460 [grpc-default-executor-4] INFO  server.RaftServer$Division (RaftServerImpl.java:setRole(321)) - 4333d9a6-5ac6-4e80-8f1b-d7ab3137d893@group-FC332D70D581: changes role from  FOLLOWER to FOLLOWER at term 1 for candidate:71b6f94d-94ac-4fef-bfea-f7b8cd5fb2e7
2022-12-15 22:22:24,460 [grpc-default-executor-4] INFO  impl.RoleInfo (RoleInfo.java:shutdownFollowerState(110)) - 4333d9a6-5ac6-4e80-8f1b-d7ab3137d893: shutdown 4333d9a6-5ac6-4e80-8f1b-d7ab3137d893@group-FC332D70D581-FollowerState
2022-12-15 22:22:24,460 [grpc-default-executor-4] INFO  impl.RoleInfo (RoleInfo.java:updateAndGet(139)) - 4333d9a6-5ac6-4e80-8f1b-d7ab3137d893: start 4333d9a6-5ac6-4e80-8f1b-d7ab3137d893@group-FC332D70D581-FollowerState
2022-12-15 22:22:24,460 [4333d9a6-5ac6-4e80-8f1b-d7ab3137d893@group-FC332D70D581-FollowerState] INFO  impl.FollowerState (FollowerState.java:run(152)) - 4333d9a6-5ac6-4e80-8f1b-d7ab3137d893@group-FC332D70D581-FollowerState was interrupted
2022-12-15 22:22:24,462 [grpc-default-executor-1] INFO  server.RaftServer$Division (RaftServerImpl.java:requestVote(1218)) - a2b0f54d-1a24-4450-b7bb-6a8d8fd6bbfe@group-FC332D70D581: receive requestVote(ELECTION, 71b6f94d-94ac-4fef-bfea-f7b8cd5fb2e7, group-FC332D70D581, 1, (t:0, i:0))
2022-12-15 22:22:24,462 [grpc-default-executor-1] INFO  impl.VoteContext (VoteContext.java:log(49)) - a2b0f54d-1a24-4450-b7bb-6a8d8fd6bbfe@group-FC332D70D581-CANDIDATE: reject ELECTION from 71b6f94d-94ac-4fef-bfea-f7b8cd5fb2e7: already has voted for a2b0f54d-1a24-4450-b7bb-6a8d8fd6bbfe at current term 1
2022-12-15 22:22:24,462 [grpc-default-executor-1] INFO  server.RaftServer$Division (RaftServerImpl.java:requestVote(1251)) - a2b0f54d-1a24-4450-b7bb-6a8d8fd6bbfe@group-FC332D70D581 replies to ELECTION vote request: 71b6f94d-94ac-4fef-bfea-f7b8cd5fb2e7<-a2b0f54d-1a24-4450-b7bb-6a8d8fd6bbfe#0:FAIL-t1. Peer's state: a2b0f54d-1a24-4450-b7bb-6a8d8fd6bbfe@group-FC332D70D581:t1, leader=null, voted=a2b0f54d-1a24-4450-b7bb-6a8d8fd6bbfe, raftlog=Memoized:a2b0f54d-1a24-4450-b7bb-6a8d8fd6bbfe@group-FC332D70D581-SegmentedRaftLog:OPENED:c-1, conf=-1: peers:[71b6f94d-94ac-4fef-bfea-f7b8cd5fb2e7|rpc:10.1.0.13:37337|dataStream:|priority:1|startupRole:FOLLOWER, 4333d9a6-5ac6-4e80-8f1b-d7ab3137d893|rpc:10.1.0.13:38707|dataStream:|priority:0|startupRole:FOLLOWER, a2b0f54d-1a24-4450-b7bb-6a8d8fd6bbfe|rpc:10.1.0.13:34063|dataStream:|priority:0|startupRole:FOLLOWER]|listeners:[], old=null
]]></system-out>
  </testcase>
  <testcase name="testContainerIsReplicatedWhenAllNodesGotoMaintenance" classname="org.apache.hadoop.ozone.scm.node.TestDecommissionAndMaintenance" time="42.5"/>
  <testcase name="testMaintenanceEndsAutomaticallyAtTimeout" classname="org.apache.hadoop.ozone.scm.node.TestDecommissionAndMaintenance" time="34.467"/>
  <testcase name="testSingleNodeWithOpenPipelineCanGotoMaintenance" classname="org.apache.hadoop.ozone.scm.node.TestDecommissionAndMaintenance" time="41.506"/>
  <testcase name="testSCMHandlesRestartForMaintenanceNode" classname="org.apache.hadoop.ozone.scm.node.TestDecommissionAndMaintenance" time="27.252"/>
  <testcase name="testEnteringMaintenanceNodeCompletesAfterSCMRestart" classname="org.apache.hadoop.ozone.scm.node.TestDecommissionAndMaintenance" time="14.277"/>
  <testcase name="testDecommissioningNodesCompleteDecommissionOnSCMRestart" classname="org.apache.hadoop.ozone.scm.node.TestDecommissionAndMaintenance" time="2.205">
    <error type="INTERNAL_ERROR org.apache.hadoop.ozone.om.exceptions.OMException"><![CDATA[INTERNAL_ERROR org.apache.hadoop.ozone.om.exceptions.OMException: No enough datanodes to choose. TotalNode = 7 AvailableNode = 4 RequiredNode = 5 ExcludedNode = 3
	at org.apache.hadoop.ozone.om.protocolPB.OzoneManagerProtocolClientSideTranslatorPB.handleError(OzoneManagerProtocolClientSideTranslatorPB.java:701)
	at org.apache.hadoop.ozone.om.protocolPB.OzoneManagerProtocolClientSideTranslatorPB.allocateBlock(OzoneManagerProtocolClientSideTranslatorPB.java:736)
	at org.apache.hadoop.ozone.client.io.BlockOutputStreamEntryPool.allocateNewBlock(BlockOutputStreamEntryPool.java:312)
	at org.apache.hadoop.ozone.client.io.BlockOutputStreamEntryPool.allocateBlockIfNeeded(BlockOutputStreamEntryPool.java:374)
	at org.apache.hadoop.ozone.client.io.ECKeyOutputStream.writeDataCells(ECKeyOutputStream.java:350)
	at org.apache.hadoop.ozone.client.io.ECKeyOutputStream.flushStripeToDatanodes(ECKeyOutputStream.java:571)
	at org.apache.hadoop.ozone.client.io.ECKeyOutputStream.flushStripeFromQueue(ECKeyOutputStream.java:555)
	at java.util.concurrent.FutureTask.run(FutureTask.java:266)
	at java.util.concurrent.ThreadPoolExecutor.runWorker(ThreadPoolExecutor.java:1149)
	at java.util.concurrent.ThreadPoolExecutor$Worker.run(ThreadPoolExecutor.java:624)
	at java.lang.Thread.run(Thread.java:750)
]]></error>
    <system-out><![CDATA[2022-12-15 22:25:04,580 [IPC Server handler 8 on default port 37011] INFO  node.SCMNodeManager (SCMNodeManager.java:updateDatanodeOpState(545)) - Scheduling a command to update the operationalState persisted on f916de15-f456-4141-a293-b0630a66a6dd{ip: 10.1.0.13, host: fv-az83-67.pawgbth4qraerhbqawdeo1jfng.dx.internal.cloudapp.net, ports: [REPLICATION=36057, RATIS=41315, RATIS_ADMIN=41315, RATIS_SERVER=41315, STANDALONE=35105], networkLocation: /default-rack, certSerialId: null, persistedOpState: ENTERING_MAINTENANCE, persistedOpStateExpiryEpochSec: 0} as the reported value does not match the value stored in SCM (IN_MAINTENANCE, 0)
2022-12-15 22:25:04,581 [EventQueue-CommandQueueReportForCommandQueueReportHandler] WARN  events.EventQueue (EventQueue.java:fireEvent(216)) - No event handler registered for event TypedEvent{payloadType=DatanodeDetails, name='Datanode_Command_Queue_Updated'}
2022-12-15 22:25:04,585 [IPC Server listener on 0] INFO  ipc.Server (Server.java:run(1384)) - Stopping IPC Server listener on 0
2022-12-15 22:25:04,586 [IPC Server Responder] INFO  ipc.Server (Server.java:run(1517)) - Stopping IPC Server Responder
2022-12-15 22:25:04,586 [Mini-Cluster-Provider-Reap] INFO  server.RaftServer (RaftServerProxy.java:lambda$close$6(409)) - om1: close
2022-12-15 22:25:04,586 [Mini-Cluster-Provider-Reap] INFO  server.GrpcService (GrpcService.java:closeImpl(271)) - om1: shutdown server GrpcServerProtocolService now
2022-12-15 22:25:04,586 [om1-impl-thread2] INFO  server.RaftServer$Division (RaftServerImpl.java:lambda$close$4(458)) - om1@group-C5BA1605619E: shutdown
2022-12-15 22:25:04,587 [om1-impl-thread2] INFO  impl.RoleInfo (RoleInfo.java:shutdownLeaderState(93)) - om1: shutdown om1@group-C5BA1605619E-LeaderStateImpl
2022-12-15 22:25:04,587 [om1-impl-thread2] INFO  impl.PendingRequests (PendingRequests.java:sendNotLeaderResponses(282)) - om1@group-C5BA1605619E-PendingRequests: sendNotLeaderResponses
2022-12-15 22:25:04,587 [Mini-Cluster-Provider-Reap] INFO  server.GrpcService (GrpcService.java:closeImpl(280)) - om1: shutdown server GrpcServerProtocolService successfully
2022-12-15 22:25:04,597 [om1-impl-thread2] INFO  impl.StateMachineUpdater (StateMachineUpdater.java:stopAndJoin(153)) - om1@group-C5BA1605619E-StateMachineUpdater: set stopIndex = 86
2022-12-15 22:25:04,598 [om1@group-C5BA1605619E-StateMachineUpdater] INFO  ratis.OzoneManagerStateMachine (OzoneManagerStateMachine.java:takeSnapshot(445)) - Current Snapshot Index (t:1, i:86)
2022-12-15 22:25:04,598 [om1@group-C5BA1605619E-StateMachineUpdater] INFO  impl.StateMachineUpdater (StateMachineUpdater.java:takeSnapshot(287)) - om1@group-C5BA1605619E-StateMachineUpdater: Took a snapshot at index 86
2022-12-15 22:25:04,598 [om1@group-C5BA1605619E-StateMachineUpdater] INFO  impl.StateMachineUpdater (StateMachineUpdater.java:lambda$new$0(92)) - om1@group-C5BA1605619E-StateMachineUpdater: snapshotIndex: updateIncreasingly -1 -> 86
2022-12-15 22:25:04,598 [om1@group-C5BA1605619E-StateMachineUpdater] INFO  ratis.OzoneManagerStateMachine (OzoneManagerStateMachine.java:close(499)) - StateMachine has shutdown. Shutdown OzoneManager if not already shutdown.
2022-12-15 22:25:04,598 [om1@group-C5BA1605619E-StateMachineUpdater] INFO  ratis.OzoneManagerDoubleBuffer (OzoneManagerDoubleBuffer.java:stop(466)) - Stopping OMDoubleBuffer flush thread
2022-12-15 22:25:04,598 [OMDoubleBufferFlushThread] INFO  ratis.OzoneManagerDoubleBuffer (OzoneManagerDoubleBuffer.java:flushTransactions(385)) - OMDoubleBuffer flush thread OMDoubleBufferFlushThread is interrupted and will exit.
2022-12-15 22:25:04,599 [om1-impl-thread2] INFO  server.RaftServer$Division (ServerState.java:close(466)) - om1@group-C5BA1605619E: closes. applyIndex: 86
2022-12-15 22:25:04,599 [om1@group-C5BA1605619E-SegmentedRaftLogWorker] INFO  segmented.SegmentedRaftLogWorker (SegmentedRaftLogWorker.java:run(347)) - om1@group-C5BA1605619E-SegmentedRaftLogWorker was interrupted, exiting. There are 0 tasks remaining in the queue.
2022-12-15 22:25:04,600 [om1-impl-thread2] INFO  segmented.SegmentedRaftLogWorker (SegmentedRaftLogWorker.java:close(257)) - om1@group-C5BA1605619E-SegmentedRaftLogWorker close()
2022-12-15 22:25:04,602 [JvmPauseMonitor40] INFO  util.JvmPauseMonitor (JvmPauseMonitor.java:run(111)) - JvmPauseMonitor-om1: Stopped
2022-12-15 22:25:04,602 [Mini-Cluster-Provider-Reap] INFO  ratis.OzoneManagerStateMachine (OzoneManagerStateMachine.java:close(499)) - StateMachine has shutdown. Shutdown OzoneManager if not already shutdown.
2022-12-15 22:25:04,602 [Mini-Cluster-Provider-Reap] INFO  ratis.OzoneManagerDoubleBuffer (OzoneManagerDoubleBuffer.java:stop(478)) - OMDoubleBuffer flush thread is not running.
2022-12-15 22:25:04,602 [Mini-Cluster-Provider-Reap] INFO  utils.BackgroundService (BackgroundService.java:shutdown(141)) - Shutting down service KeyDeletingService
2022-12-15 22:25:04,602 [Mini-Cluster-Provider-Reap] INFO  utils.BackgroundService (BackgroundService.java:shutdown(141)) - Shutting down service DirectoryDeletingService
2022-12-15 22:25:04,603 [Mini-Cluster-Provider-Reap] INFO  utils.BackgroundService (BackgroundService.java:shutdown(141)) - Shutting down service OpenKeyCleanupService
2022-12-15 22:25:04,608 [Mini-Cluster-Provider-Reap] INFO  handler.ContextHandler (ContextHandler.java:doStop(1159)) - Stopped o.e.j.w.WebAppContext@4f0e3629{ozoneManager,/,null,STOPPED}{file:/home/runner/work/ozone/ozone/hadoop-ozone/integration-test/target/test-classes/webapps/ozoneManager}
2022-12-15 22:25:04,608 [Mini-Cluster-Provider-Reap] INFO  server.AbstractConnector (AbstractConnector.java:doStop(383)) - Stopped ServerConnector@7a214aad{HTTP/1.1, (http/1.1)}{0.0.0.0:0}
2022-12-15 22:25:04,608 [Mini-Cluster-Provider-Reap] INFO  server.session (HouseKeeper.java:stopScavenging(149)) - node0 Stopped scavenging
2022-12-15 22:25:04,608 [Mini-Cluster-Provider-Reap] INFO  handler.ContextHandler (ContextHandler.java:doStop(1159)) - Stopped o.e.j.s.ServletContextHandler@75c85933{static,/static,file:///home/runner/work/ozone/ozone/hadoop-ozone/integration-test/target/test-classes/webapps/static,STOPPED}
2022-12-15 22:25:04,609 [Mini-Cluster-Provider-Reap] INFO  handler.ContextHandler (ContextHandler.java:doStop(1159)) - Stopped o.e.j.s.ServletContextHandler@593472d2{logs,/logs,file:///home/runner/work/ozone/ozone/hadoop-ozone/integration-test/target/log,STOPPED}
2022-12-15 22:25:04,618 [Mini-Cluster-Provider-Reap] INFO  ozone.MiniOzoneClusterImpl (MiniOzoneClusterImpl.java:stopDatanodes(522)) - Stopping the HddsDatanodes
2022-12-15 22:25:04,621 [Mini-Cluster-Provider-Reap] INFO  ozoneimpl.OzoneContainer (OzoneContainer.java:stop(417)) - Attempting to stop container services.
2022-12-15 22:25:04,625 [ForkJoinPool.commonPool-worker-0] INFO  ozoneimpl.OzoneContainer (OzoneContainer.java:stop(417)) - Attempting to stop container services.
2022-12-15 22:25:04,625 [Listener at 0.0.0.0/46777] INFO  rpc.RpcClient (RpcClient.java:createVolume(472)) - Creating Volume: vol1, with user03586 as owner and space quota set to -1 bytes, counts quota set to -1
2022-12-15 22:25:04,627 [ForkJoinPool.commonPool-worker-0] INFO  server.RaftServer (RaftServerProxy.java:lambda$close$6(409)) - 3dc703fd-a9aa-4377-8f15-42699bae88b2: close
2022-12-15 22:25:04,627 [ForkJoinPool.commonPool-worker-0] INFO  server.GrpcService (GrpcService.java:closeImpl(271)) - 3dc703fd-a9aa-4377-8f15-42699bae88b2: shutdown server GrpcServerProtocolService now
2022-12-15 22:25:04,630 [Mini-Cluster-Provider-Reap] INFO  server.RaftServer (RaftServerProxy.java:lambda$close$6(409)) - 8f60a940-96b6-4e56-be7d-0fd390058e9d: close
2022-12-15 22:25:04,631 [8f60a940-96b6-4e56-be7d-0fd390058e9d-impl-thread2] INFO  server.RaftServer$Division (RaftServerImpl.java:lambda$close$4(458)) - 8f60a940-96b6-4e56-be7d-0fd390058e9d@group-3082BBA5A279: shutdown
2022-12-15 22:25:04,631 [8f60a940-96b6-4e56-be7d-0fd390058e9d-impl-thread2] INFO  util.JmxRegister (JmxRegister.java:unregister(73)) - Successfully un-registered JMX Bean with object name Ratis:service=RaftServer,group=group-3082BBA5A279,id=8f60a940-96b6-4e56-be7d-0fd390058e9d
2022-12-15 22:25:04,631 [8f60a940-96b6-4e56-be7d-0fd390058e9d-impl-thread2] INFO  impl.RoleInfo (RoleInfo.java:shutdownFollowerState(110)) - 8f60a940-96b6-4e56-be7d-0fd390058e9d: shutdown 8f60a940-96b6-4e56-be7d-0fd390058e9d@group-3082BBA5A279-FollowerState
2022-12-15 22:25:04,631 [Mini-Cluster-Provider-Reap] INFO  server.GrpcService (GrpcService.java:closeImpl(271)) - 8f60a940-96b6-4e56-be7d-0fd390058e9d: shutdown server GrpcServerProtocolService now
2022-12-15 22:25:04,631 [ForkJoinPool.commonPool-worker-0] INFO  server.GrpcService (GrpcService.java:closeImpl(280)) - 3dc703fd-a9aa-4377-8f15-42699bae88b2: shutdown server GrpcServerProtocolService successfully
2022-12-15 22:25:04,631 [JvmPauseMonitor42] INFO  util.JvmPauseMonitor (JvmPauseMonitor.java:run(111)) - JvmPauseMonitor-3dc703fd-a9aa-4377-8f15-42699bae88b2: Stopped
2022-12-15 22:25:04,633 [8f60a940-96b6-4e56-be7d-0fd390058e9d@group-3082BBA5A279-FollowerState] INFO  impl.FollowerState (FollowerState.java:run(152)) - 8f60a940-96b6-4e56-be7d-0fd390058e9d@group-3082BBA5A279-FollowerState was interrupted
2022-12-15 22:25:04,633 [8f60a940-96b6-4e56-be7d-0fd390058e9d-impl-thread2] INFO  impl.StateMachineUpdater (StateMachineUpdater.java:stopAndJoin(153)) - 8f60a940-96b6-4e56-be7d-0fd390058e9d@group-3082BBA5A279-StateMachineUpdater: set stopIndex = 47
2022-12-15 22:25:04,633 [8f60a940-96b6-4e56-be7d-0fd390058e9d-impl-thread3] INFO  server.RaftServer$Division (RaftServerImpl.java:lambda$close$4(458)) - 8f60a940-96b6-4e56-be7d-0fd390058e9d@group-42AAEA7259AC: shutdown
2022-12-15 22:25:04,634 [grpc-default-executor-9] WARN  server.GrpcServerProtocolService (LogUtils.java:warn(122)) - 8f60a940-96b6-4e56-be7d-0fd390058e9d: installSnapshot onError, lastRequest: e8e5b30e-7bc8-404f-9c20-af07c60d3fc6->8f60a940-96b6-4e56-be7d-0fd390058e9d#152-t4,previous=(t:4, i:46),leaderCommit=45,initializing? true,entries: size=1, first=(t:4, i:47), METADATAENTRY(c:45): org.apache.ratis.thirdparty.io.grpc.StatusRuntimeException: CANCELLED: client cancelled
2022-12-15 22:25:04,634 [Mini-Cluster-Provider-Reap] INFO  server.GrpcService (GrpcService.java:closeImpl(280)) - 8f60a940-96b6-4e56-be7d-0fd390058e9d: shutdown server GrpcServerProtocolService successfully
2022-12-15 22:25:04,634 [grpc-default-executor-10] WARN  server.GrpcServerProtocolService (LogUtils.java:warn(122)) - 8f60a940-96b6-4e56-be7d-0fd390058e9d: installSnapshot onError, lastRequest: null: org.apache.ratis.thirdparty.io.grpc.StatusRuntimeException: CANCELLED: client cancelled
2022-12-15 22:25:04,634 [8f60a940-96b6-4e56-be7d-0fd390058e9d-impl-thread3] INFO  util.JmxRegister (JmxRegister.java:unregister(73)) - Successfully un-registered JMX Bean with object name Ratis:service=RaftServer,group=group-42AAEA7259AC,id=8f60a940-96b6-4e56-be7d-0fd390058e9d
2022-12-15 22:25:04,634 [8f60a940-96b6-4e56-be7d-0fd390058e9d-impl-thread3] INFO  impl.RoleInfo (RoleInfo.java:shutdownLeaderState(93)) - 8f60a940-96b6-4e56-be7d-0fd390058e9d: shutdown 8f60a940-96b6-4e56-be7d-0fd390058e9d@group-42AAEA7259AC-LeaderStateImpl
2022-12-15 22:25:04,634 [8f60a940-96b6-4e56-be7d-0fd390058e9d-impl-thread3] INFO  impl.PendingRequests (PendingRequests.java:sendNotLeaderResponses(282)) - 8f60a940-96b6-4e56-be7d-0fd390058e9d@group-42AAEA7259AC-PendingRequests: sendNotLeaderResponses
2022-12-15 22:25:04,634 [8f60a940-96b6-4e56-be7d-0fd390058e9d@group-3082BBA5A279-StateMachineUpdater] INFO  ratis.ContainerStateMachine (ContainerStateMachine.java:takeSnapshot(304)) - group-3082BBA5A279: Taking a snapshot at:(t:4, i:47) file /home/runner/work/ozone/ozone/hadoop-ozone/integration-test/target/test-dir/MiniOzoneClusterImpl-7ebd74d5-b584-41fd-87ac-b5ab61d054aa/datanode-4/data/ratis/caef42b1-fd8d-4fbf-b203-3082bba5a279/sm/snapshot.4_47
2022-12-15 22:25:04,635 [8f60a940-96b6-4e56-be7d-0fd390058e9d-impl-thread3] INFO  impl.StateMachineUpdater (StateMachineUpdater.java:stopAndJoin(153)) - 8f60a940-96b6-4e56-be7d-0fd390058e9d@group-42AAEA7259AC-StateMachineUpdater: set stopIndex = 0
2022-12-15 22:25:04,636 [8f60a940-96b6-4e56-be7d-0fd390058e9d@group-42AAEA7259AC-StateMachineUpdater] INFO  ratis.ContainerStateMachine (ContainerStateMachine.java:takeSnapshot(304)) - group-42AAEA7259AC: Taking a snapshot at:(t:1, i:0) file /home/runner/work/ozone/ozone/hadoop-ozone/integration-test/target/test-dir/MiniOzoneClusterImpl-7ebd74d5-b584-41fd-87ac-b5ab61d054aa/datanode-4/data/ratis/d69ea43a-aa00-4144-a273-42aaea7259ac/sm/snapshot.1_0
2022-12-15 22:25:04,636 [grpc-default-executor-10] WARN  server.GrpcLogAppender (LogUtils.java:warn(122)) - e8e5b30e-7bc8-404f-9c20-af07c60d3fc6@group-3082BBA5A279->8f60a940-96b6-4e56-be7d-0fd390058e9d-AppendLogResponseHandler: Failed appendEntries: org.apache.ratis.thirdparty.io.grpc.StatusRuntimeException: CANCELLED: RST_STREAM closed stream. HTTP/2 error code: CANCEL
2022-12-15 22:25:04,636 [grpc-default-executor-1] WARN  server.GrpcLogAppender (LogUtils.java:warn(122)) - e8e5b30e-7bc8-404f-9c20-af07c60d3fc6@group-3082BBA5A279->8f60a940-96b6-4e56-be7d-0fd390058e9d-AppendLogResponseHandler: Failed appendEntries: org.apache.ratis.thirdparty.io.grpc.StatusRuntimeException: CANCELLED: RST_STREAM closed stream. HTTP/2 error code: CANCEL
2022-12-15 22:25:04,636 [grpc-default-executor-10] INFO  leader.FollowerInfo (FollowerInfoImpl.java:lambda$new$0(48)) - e8e5b30e-7bc8-404f-9c20-af07c60d3fc6@group-3082BBA5A279->8f60a940-96b6-4e56-be7d-0fd390058e9d: nextIndex: updateUnconditionally 48 -> 47
2022-12-15 22:25:04,636 [grpc-default-executor-1] INFO  leader.FollowerInfo (FollowerInfoImpl.java:lambda$new$0(48)) - e8e5b30e-7bc8-404f-9c20-af07c60d3fc6@group-3082BBA5A279->8f60a940-96b6-4e56-be7d-0fd390058e9d: nextIndex: updateUnconditionally 47 -> 46
2022-12-15 22:25:04,639 [8f60a940-96b6-4e56-be7d-0fd390058e9d@group-3082BBA5A279-StateMachineUpdater] INFO  ratis.ContainerStateMachine (ContainerStateMachine.java:takeSnapshot(315)) - group-3082BBA5A279: Finished taking a snapshot at:(t:4, i:47) file:/home/runner/work/ozone/ozone/hadoop-ozone/integration-test/target/test-dir/MiniOzoneClusterImpl-7ebd74d5-b584-41fd-87ac-b5ab61d054aa/datanode-4/data/ratis/caef42b1-fd8d-4fbf-b203-3082bba5a279/sm/snapshot.4_47 took: 5 ms
2022-12-15 22:25:04,640 [8f60a940-96b6-4e56-be7d-0fd390058e9d@group-3082BBA5A279-StateMachineUpdater] INFO  impl.StateMachineUpdater (StateMachineUpdater.java:takeSnapshot(287)) - 8f60a940-96b6-4e56-be7d-0fd390058e9d@group-3082BBA5A279-StateMachineUpdater: Took a snapshot at index 47
2022-12-15 22:25:04,640 [8f60a940-96b6-4e56-be7d-0fd390058e9d@group-3082BBA5A279-StateMachineUpdater] INFO  impl.StateMachineUpdater (StateMachineUpdater.java:lambda$new$0(92)) - 8f60a940-96b6-4e56-be7d-0fd390058e9d@group-3082BBA5A279-StateMachineUpdater: snapshotIndex: updateIncreasingly -1 -> 47
2022-12-15 22:25:04,640 [8f60a940-96b6-4e56-be7d-0fd390058e9d@group-42AAEA7259AC-StateMachineUpdater] INFO  ratis.ContainerStateMachine (ContainerStateMachine.java:takeSnapshot(315)) - group-42AAEA7259AC: Finished taking a snapshot at:(t:1, i:0) file:/home/runner/work/ozone/ozone/hadoop-ozone/integration-test/target/test-dir/MiniOzoneClusterImpl-7ebd74d5-b584-41fd-87ac-b5ab61d054aa/datanode-4/data/ratis/d69ea43a-aa00-4144-a273-42aaea7259ac/sm/snapshot.1_0 took: 4 ms
2022-12-15 22:25:04,640 [8f60a940-96b6-4e56-be7d-0fd390058e9d@group-42AAEA7259AC-StateMachineUpdater] INFO  impl.StateMachineUpdater (StateMachineUpdater.java:takeSnapshot(287)) - 8f60a940-96b6-4e56-be7d-0fd390058e9d@group-42AAEA7259AC-StateMachineUpdater: Took a snapshot at index 0
2022-12-15 22:25:04,640 [8f60a940-96b6-4e56-be7d-0fd390058e9d@group-42AAEA7259AC-StateMachineUpdater] INFO  impl.StateMachineUpdater (StateMachineUpdater.java:lambda$new$0(92)) - 8f60a940-96b6-4e56-be7d-0fd390058e9d@group-42AAEA7259AC-StateMachineUpdater: snapshotIndex: updateIncreasingly -1 -> 0
2022-12-15 22:25:04,640 [8f60a940-96b6-4e56-be7d-0fd390058e9d-impl-thread3] INFO  server.RaftServer$Division (ServerState.java:close(466)) - 8f60a940-96b6-4e56-be7d-0fd390058e9d@group-42AAEA7259AC: closes. applyIndex: 0
2022-12-15 22:25:04,641 [8f60a940-96b6-4e56-be7d-0fd390058e9d-impl-thread2] INFO  server.RaftServer$Division (ServerState.java:close(466)) - 8f60a940-96b6-4e56-be7d-0fd390058e9d@group-3082BBA5A279: closes. applyIndex: 47
2022-12-15 22:25:04,642 [8f60a940-96b6-4e56-be7d-0fd390058e9d@group-3082BBA5A279-SegmentedRaftLogWorker] INFO  segmented.SegmentedRaftLogWorker (SegmentedRaftLogWorker.java:run(347)) - 8f60a940-96b6-4e56-be7d-0fd390058e9d@group-3082BBA5A279-SegmentedRaftLogWorker was interrupted, exiting. There are 0 tasks remaining in the queue.
2022-12-15 22:25:04,643 [8f60a940-96b6-4e56-be7d-0fd390058e9d-impl-thread2] INFO  segmented.SegmentedRaftLogWorker (SegmentedRaftLogWorker.java:close(257)) - 8f60a940-96b6-4e56-be7d-0fd390058e9d@group-3082BBA5A279-SegmentedRaftLogWorker close()
2022-12-15 22:25:04,643 [grpc-default-executor-10] WARN  server.GrpcLogAppender (LogUtils.java:warn(122)) - e8e5b30e-7bc8-404f-9c20-af07c60d3fc6@group-3082BBA5A279->8f60a940-96b6-4e56-be7d-0fd390058e9d-AppendLogResponseHandler: Failed appendEntries: org.apache.ratis.thirdparty.io.grpc.StatusRuntimeException: UNAVAILABLE: io exception
2022-12-15 22:25:04,643 [grpc-default-executor-10] INFO  leader.FollowerInfo (FollowerInfoImpl.java:lambda$new$0(48)) - e8e5b30e-7bc8-404f-9c20-af07c60d3fc6@group-3082BBA5A279->8f60a940-96b6-4e56-be7d-0fd390058e9d: nextIndex: updateUnconditionally 47 -> 46
2022-12-15 22:25:04,644 [grpc-default-executor-1] WARN  server.GrpcLogAppender (LogUtils.java:warn(122)) - e8e5b30e-7bc8-404f-9c20-af07c60d3fc6@group-3082BBA5A279->8f60a940-96b6-4e56-be7d-0fd390058e9d-AppendLogResponseHandler: Failed appendEntries: org.apache.ratis.thirdparty.io.grpc.StatusRuntimeException: UNAVAILABLE: io exception
2022-12-15 22:25:04,644 [grpc-default-executor-1] INFO  leader.FollowerInfo (FollowerInfoImpl.java:lambda$new$0(48)) - e8e5b30e-7bc8-404f-9c20-af07c60d3fc6@group-3082BBA5A279->8f60a940-96b6-4e56-be7d-0fd390058e9d: nextIndex: updateUnconditionally 46 -> 45
2022-12-15 22:25:04,648 [8f60a940-96b6-4e56-be7d-0fd390058e9d@group-42AAEA7259AC-SegmentedRaftLogWorker] INFO  segmented.SegmentedRaftLogWorker (SegmentedRaftLogWorker.java:run(347)) - 8f60a940-96b6-4e56-be7d-0fd390058e9d@group-42AAEA7259AC-SegmentedRaftLogWorker was interrupted, exiting. There are 0 tasks remaining in the queue.
2022-12-15 22:25:04,649 [8f60a940-96b6-4e56-be7d-0fd390058e9d-impl-thread3] INFO  segmented.SegmentedRaftLogWorker (SegmentedRaftLogWorker.java:close(257)) - 8f60a940-96b6-4e56-be7d-0fd390058e9d@group-42AAEA7259AC-SegmentedRaftLogWorker close()
2022-12-15 22:25:04,654 [OM StateMachine ApplyTransaction Thread - 0] INFO  volume.OMVolumeCreateRequest (OMVolumeCreateRequest.java:validateAndUpdateCache(195)) - created volume:vol1 for user:user03586
2022-12-15 22:25:04,657 [JvmPauseMonitor45] INFO  util.JvmPauseMonitor (JvmPauseMonitor.java:run(111)) - JvmPauseMonitor-8f60a940-96b6-4e56-be7d-0fd390058e9d: Stopped
2022-12-15 22:25:04,664 [Listener at 0.0.0.0/46777] INFO  rpc.RpcClient (RpcClient.java:createBucket(691)) - Creating Bucket: vol1/bucket1, with bucket layout LEGACY, runner as owner, Versioning false, Storage Type set to DISK and Encryption set to false 
2022-12-15 22:25:04,666 [OM StateMachine ApplyTransaction Thread - 0] INFO  bucket.OMBucketCreateRequest (OMBucketCreateRequest.java:validateAndUpdateCache(260)) - created bucket: bucket1 of layout LEGACY in volume: vol1
2022-12-15 22:25:04,669 [Listener at 0.0.0.0/46777] INFO  replication.ReplicationManager (ReplicationManager.java:stop(293)) - Stopping Replication Monitor Thread.
2022-12-15 22:25:04,669 [Under Replicated Processor] WARN  replication.UnderReplicatedProcessor (UnderReplicatedProcessor.java:run(108)) - Under Replicated Processor interrupted. Exiting...
2022-12-15 22:25:04,670 [Over Replicated Processor] WARN  replication.OverReplicatedProcessor (OverReplicatedProcessor.java:run(109)) - Over Replicated Processor interrupted. Exiting...
2022-12-15 22:25:04,670 [ReplicationMonitor] INFO  replication.ReplicationManager (ReplicationManager.java:run(653)) - Replication Monitor Thread is stopped
2022-12-15 22:25:04,677 [IPC Server handler 17 on default port 39781] INFO  ha.SequenceIdGenerator (SequenceIdGenerator.java:getNextId(128)) - Allocate a batch for containerId, change lastId from 0 to 1000.
2022-12-15 22:25:04,677 [IPC Server handler 17 on default port 39781] WARN  ha.SequenceIdGenerator (SequenceIdGenerator.java:allocateBatch(237)) - Failed to allocate a batch for localId, expected lastId is 0, actual lastId is 109611004723200000.
2022-12-15 22:25:04,677 [IPC Server handler 17 on default port 39781] INFO  ha.SequenceIdGenerator (SequenceIdGenerator.java:getNextId(128)) - Allocate a batch for localId, change lastId from 109611004723200000 to 109611004723201000.
2022-12-15 22:25:04,714 [EventQueue-CommandQueueReportForCommandQueueReportHandler] WARN  events.EventQueue (EventQueue.java:fireEvent(216)) - No event handler registered for event TypedEvent{payloadType=DatanodeDetails, name='Datanode_Command_Queue_Updated'}
2022-12-15 22:25:04,716 [EventQueue-CommandQueueReportForCommandQueueReportHandler] WARN  events.EventQueue (EventQueue.java:fireEvent(216)) - No event handler registered for event TypedEvent{payloadType=DatanodeDetails, name='Datanode_Command_Queue_Updated'}
2022-12-15 22:25:04,716 [EventQueue-CommandQueueReportForCommandQueueReportHandler] WARN  events.EventQueue (EventQueue.java:fireEvent(216)) - No event handler registered for event TypedEvent{payloadType=DatanodeDetails, name='Datanode_Command_Queue_Updated'}
2022-12-15 22:25:04,793 [EventQueue-CommandQueueReportForCommandQueueReportHandler] WARN  events.EventQueue (EventQueue.java:fireEvent(216)) - No event handler registered for event TypedEvent{payloadType=DatanodeDetails, name='Datanode_Command_Queue_Updated'}
2022-12-15 22:25:04,794 [EventQueue-CommandQueueReportForCommandQueueReportHandler] WARN  events.EventQueue (EventQueue.java:fireEvent(216)) - No event handler registered for event TypedEvent{payloadType=DatanodeDetails, name='Datanode_Command_Queue_Updated'}
2022-12-15 22:25:04,795 [EventQueue-CommandQueueReportForCommandQueueReportHandler] WARN  events.EventQueue (EventQueue.java:fireEvent(216)) - No event handler registered for event TypedEvent{payloadType=DatanodeDetails, name='Datanode_Command_Queue_Updated'}
2022-12-15 22:25:04,831 [EventQueue-CommandQueueReportForCommandQueueReportHandler] WARN  events.EventQueue (EventQueue.java:fireEvent(216)) - No event handler registered for event TypedEvent{payloadType=DatanodeDetails, name='Datanode_Command_Queue_Updated'}
2022-12-15 22:25:04,834 [EventQueue-CommandQueueReportForCommandQueueReportHandler] WARN  events.EventQueue (EventQueue.java:fireEvent(216)) - No event handler registered for event TypedEvent{payloadType=DatanodeDetails, name='Datanode_Command_Queue_Updated'}
2022-12-15 22:25:04,835 [EventQueue-CommandQueueReportForCommandQueueReportHandler] WARN  events.EventQueue (EventQueue.java:fireEvent(216)) - No event handler registered for event TypedEvent{payloadType=DatanodeDetails, name='Datanode_Command_Queue_Updated'}
2022-12-15 22:25:04,930 [EventQueue-CommandQueueReportForCommandQueueReportHandler] WARN  events.EventQueue (EventQueue.java:fireEvent(216)) - No event handler registered for event TypedEvent{payloadType=DatanodeDetails, name='Datanode_Command_Queue_Updated'}
2022-12-15 22:25:04,936 [EventQueue-CommandQueueReportForCommandQueueReportHandler] WARN  events.EventQueue (EventQueue.java:fireEvent(216)) - No event handler registered for event TypedEvent{payloadType=DatanodeDetails, name='Datanode_Command_Queue_Updated'}
2022-12-15 22:25:04,945 [EventQueue-CommandQueueReportForCommandQueueReportHandler] WARN  events.EventQueue (EventQueue.java:fireEvent(216)) - No event handler registered for event TypedEvent{payloadType=DatanodeDetails, name='Datanode_Command_Queue_Updated'}
2022-12-15 22:25:05,019 [EventQueue-CommandQueueReportForCommandQueueReportHandler] WARN  events.EventQueue (EventQueue.java:fireEvent(216)) - No event handler registered for event TypedEvent{payloadType=DatanodeDetails, name='Datanode_Command_Queue_Updated'}
2022-12-15 22:25:05,020 [EventQueue-CommandQueueReportForCommandQueueReportHandler] WARN  events.EventQueue (EventQueue.java:fireEvent(216)) - No event handler registered for event TypedEvent{payloadType=DatanodeDetails, name='Datanode_Command_Queue_Updated'}
2022-12-15 22:25:05,021 [EventQueue-CommandQueueReportForCommandQueueReportHandler] WARN  events.EventQueue (EventQueue.java:fireEvent(216)) - No event handler registered for event TypedEvent{payloadType=DatanodeDetails, name='Datanode_Command_Queue_Updated'}
2022-12-15 22:25:05,100 [EventQueue-CommandQueueReportForCommandQueueReportHandler] WARN  events.EventQueue (EventQueue.java:fireEvent(216)) - No event handler registered for event TypedEvent{payloadType=DatanodeDetails, name='Datanode_Command_Queue_Updated'}
2022-12-15 22:25:05,123 [EventQueue-CommandQueueReportForCommandQueueReportHandler] WARN  events.EventQueue (EventQueue.java:fireEvent(216)) - No event handler registered for event TypedEvent{payloadType=DatanodeDetails, name='Datanode_Command_Queue_Updated'}
2022-12-15 22:25:05,195 [IPC Server handler 19 on default port 37011] INFO  node.SCMNodeManager (SCMNodeManager.java:updateDatanodeOpState(545)) - Scheduling a command to update the operationalState persisted on 7cbd30ef-5efa-47c4-878f-37fd21b72a1f{ip: 10.1.0.13, host: fv-az83-67.pawgbth4qraerhbqawdeo1jfng.dx.internal.cloudapp.net, ports: [REPLICATION=44617, RATIS=45359, RATIS_ADMIN=45359, RATIS_SERVER=45359, STANDALONE=35235], networkLocation: /default-rack, certSerialId: null, persistedOpState: ENTERING_MAINTENANCE, persistedOpStateExpiryEpochSec: 0} as the reported value does not match the value stored in SCM (IN_MAINTENANCE, 0)
2022-12-15 22:25:05,195 [EventQueue-CommandQueueReportForCommandQueueReportHandler] WARN  events.EventQueue (EventQueue.java:fireEvent(216)) - No event handler registered for event TypedEvent{payloadType=DatanodeDetails, name='Datanode_Command_Queue_Updated'}
2022-12-15 22:25:05,225 [EventQueue-CommandQueueReportForCommandQueueReportHandler] WARN  events.EventQueue (EventQueue.java:fireEvent(216)) - No event handler registered for event TypedEvent{payloadType=DatanodeDetails, name='Datanode_Command_Queue_Updated'}
2022-12-15 22:25:05,234 [EventQueue-CommandQueueReportForCommandQueueReportHandler] WARN  events.EventQueue (EventQueue.java:fireEvent(216)) - No event handler registered for event TypedEvent{payloadType=DatanodeDetails, name='Datanode_Command_Queue_Updated'}
2022-12-15 22:25:05,237 [EventQueue-CommandQueueReportForCommandQueueReportHandler] WARN  events.EventQueue (EventQueue.java:fireEvent(216)) - No event handler registered for event TypedEvent{payloadType=DatanodeDetails, name='Datanode_Command_Queue_Updated'}
2022-12-15 22:25:05,240 [EventQueue-CommandQueueReportForCommandQueueReportHandler] WARN  events.EventQueue (EventQueue.java:fireEvent(216)) - No event handler registered for event TypedEvent{payloadType=DatanodeDetails, name='Datanode_Command_Queue_Updated'}
2022-12-15 22:25:05,247 [EventQueue-CommandQueueReportForCommandQueueReportHandler] WARN  events.EventQueue (EventQueue.java:fireEvent(216)) - No event handler registered for event TypedEvent{payloadType=DatanodeDetails, name='Datanode_Command_Queue_Updated'}
2022-12-15 22:25:05,442 [IPC Server handler 12 on default port 39781] INFO  pipeline.PipelineStateManagerImpl (PipelineStateManagerImpl.java:addPipeline(103)) - Created pipeline Pipeline[ Id: 395b03d5-3324-420e-8010-ea83b2adaffc, Nodes: fdc88564-41ee-46e9-8562-705895de4359{ip: 10.1.0.13, host: fv-az83-67.pawgbth4qraerhbqawdeo1jfng.dx.internal.cloudapp.net, ports: [REPLICATION=34225, RATIS=37975, RATIS_ADMIN=37975, RATIS_SERVER=37975, STANDALONE=41117], networkLocation: /default-rack, certSerialId: null, persistedOpState: null, persistedOpStateExpiryEpochSec: 0}32a29ff3-6a5d-44ea-ab99-eb540d110b91{ip: 10.1.0.13, host: fv-az83-67.pawgbth4qraerhbqawdeo1jfng.dx.internal.cloudapp.net, ports: [REPLICATION=35675, RATIS=44149, RATIS_ADMIN=44149, RATIS_SERVER=44149, STANDALONE=42251], networkLocation: /default-rack, certSerialId: null, persistedOpState: null, persistedOpStateExpiryEpochSec: 0}f51deb07-4bec-41db-abc8-7473dc60437b{ip: 10.1.0.13, host: fv-az83-67.pawgbth4qraerhbqawdeo1jfng.dx.internal.cloudapp.net, ports: [REPLICATION=43513, RATIS=43481, RATIS_ADMIN=43481, RATIS_SERVER=43481, STANDALONE=45605], networkLocation: /default-rack, certSerialId: null, persistedOpState: null, persistedOpStateExpiryEpochSec: 0}4e345420-7c94-454a-b4ce-4cfc9bf2eaf5{ip: 10.1.0.13, host: fv-az83-67.pawgbth4qraerhbqawdeo1jfng.dx.internal.cloudapp.net, ports: [REPLICATION=35131, RATIS=46703, RATIS_ADMIN=46703, RATIS_SERVER=46703, STANDALONE=46445], networkLocation: /default-rack, certSerialId: null, persistedOpState: null, persistedOpStateExpiryEpochSec: 0}67b0c204-5081-4d11-8cd3-e9b6b03c44de{ip: 10.1.0.13, host: fv-az83-67.pawgbth4qraerhbqawdeo1jfng.dx.internal.cloudapp.net, ports: [REPLICATION=46291, RATIS=37311, RATIS_ADMIN=37311, RATIS_SERVER=37311, STANDALONE=46587], networkLocation: /default-rack, certSerialId: null, persistedOpState: null, persistedOpStateExpiryEpochSec: 0}, ReplicationConfig: EC/ECReplicationConfig{data=3, parity=2, ecChunkSize=1048576, codec=rs}, State:ALLOCATED, leaderId:, CreationTimestamp2022-12-15T22:25:05.435Z[Etc/UTC]].
2022-12-15 22:25:05,442 [IPC Server handler 12 on default port 39781] INFO  pipeline.PipelineManagerImpl (PipelineManagerImpl.java:openPipeline(367)) - Pipeline Pipeline[ Id: 395b03d5-3324-420e-8010-ea83b2adaffc, Nodes: fdc88564-41ee-46e9-8562-705895de4359{ip: 10.1.0.13, host: fv-az83-67.pawgbth4qraerhbqawdeo1jfng.dx.internal.cloudapp.net, ports: [REPLICATION=34225, RATIS=37975, RATIS_ADMIN=37975, RATIS_SERVER=37975, STANDALONE=41117], networkLocation: /default-rack, certSerialId: null, persistedOpState: null, persistedOpStateExpiryEpochSec: 0}32a29ff3-6a5d-44ea-ab99-eb540d110b91{ip: 10.1.0.13, host: fv-az83-67.pawgbth4qraerhbqawdeo1jfng.dx.internal.cloudapp.net, ports: [REPLICATION=35675, RATIS=44149, RATIS_ADMIN=44149, RATIS_SERVER=44149, STANDALONE=42251], networkLocation: /default-rack, certSerialId: null, persistedOpState: null, persistedOpStateExpiryEpochSec: 0}f51deb07-4bec-41db-abc8-7473dc60437b{ip: 10.1.0.13, host: fv-az83-67.pawgbth4qraerhbqawdeo1jfng.dx.internal.cloudapp.net, ports: [REPLICATION=43513, RATIS=43481, RATIS_ADMIN=43481, RATIS_SERVER=43481, STANDALONE=45605], networkLocation: /default-rack, certSerialId: null, persistedOpState: null, persistedOpStateExpiryEpochSec: 0}4e345420-7c94-454a-b4ce-4cfc9bf2eaf5{ip: 10.1.0.13, host: fv-az83-67.pawgbth4qraerhbqawdeo1jfng.dx.internal.cloudapp.net, ports: [REPLICATION=35131, RATIS=46703, RATIS_ADMIN=46703, RATIS_SERVER=46703, STANDALONE=46445], networkLocation: /default-rack, certSerialId: null, persistedOpState: null, persistedOpStateExpiryEpochSec: 0}67b0c204-5081-4d11-8cd3-e9b6b03c44de{ip: 10.1.0.13, host: fv-az83-67.pawgbth4qraerhbqawdeo1jfng.dx.internal.cloudapp.net, ports: [REPLICATION=46291, RATIS=37311, RATIS_ADMIN=37311, RATIS_SERVER=37311, STANDALONE=46587], networkLocation: /default-rack, certSerialId: null, persistedOpState: null, persistedOpStateExpiryEpochSec: 0}, ReplicationConfig: EC/ECReplicationConfig{data=3, parity=2, ecChunkSize=1048576, codec=rs}, State:ALLOCATED, leaderId:, CreationTimestamp2022-12-15T22:25:05.435Z[Etc/UTC]] moved to OPEN state
2022-12-15 22:25:05,482 [Under Replicated Processor] INFO  replication.UnderReplicatedProcessor (UnderReplicatedProcessor.java:processAll(79)) - Processed 0 under replicated containers, failed processing 0
2022-12-15 22:25:05,482 [DatanodeAdminManager-0] INFO  node.DatanodeAdminMonitorImpl (DatanodeAdminMonitorImpl.java:run(169)) - There are 3 nodes tracked for decommission and maintenance.  0 pending nodes.
2022-12-15 22:25:05,485 [Over Replicated Processor] INFO  replication.OverReplicatedProcessor (OverReplicatedProcessor.java:processAll(79)) - Processed 0 over replicated containers, failed processing 0
2022-12-15 22:25:05,504 [EventQueue-CommandQueueReportForCommandQueueReportHandler] WARN  events.EventQueue (EventQueue.java:fireEvent(216)) - No event handler registered for event TypedEvent{payloadType=DatanodeDetails, name='Datanode_Command_Queue_Updated'}
2022-12-15 22:25:05,510 [EventQueue-CommandQueueReportForCommandQueueReportHandler] WARN  events.EventQueue (EventQueue.java:fireEvent(216)) - No event handler registered for event TypedEvent{payloadType=DatanodeDetails, name='Datanode_Command_Queue_Updated'}
2022-12-15 22:25:05,510 [EventQueue-CommandQueueReportForCommandQueueReportHandler] WARN  events.EventQueue (EventQueue.java:fireEvent(216)) - No event handler registered for event TypedEvent{payloadType=DatanodeDetails, name='Datanode_Command_Queue_Updated'}
2022-12-15 22:25:05,511 [ReplicationMonitor] INFO  replication.ReplicationManager (ReplicationManager.java:processAll(360)) - Replication Monitor Thread took 1 milliseconds for processing 6 containers.
2022-12-15 22:25:05,541 [EventQueue-CommandQueueReportForCommandQueueReportHandler] WARN  events.EventQueue (EventQueue.java:fireEvent(216)) - No event handler registered for event TypedEvent{payloadType=DatanodeDetails, name='Datanode_Command_Queue_Updated'}
2022-12-15 22:25:05,542 [EventQueue-CommandQueueReportForCommandQueueReportHandler] WARN  events.EventQueue (EventQueue.java:fireEvent(216)) - No event handler registered for event TypedEvent{payloadType=DatanodeDetails, name='Datanode_Command_Queue_Updated'}
2022-12-15 22:25:05,566 [IPC Server handler 7 on default port 39781] INFO  pipeline.PipelineStateManagerImpl (PipelineStateManagerImpl.java:addPipeline(103)) - Created pipeline Pipeline[ Id: 4ed3529e-0019-42aa-a31e-2fe12ca3dd5a, Nodes: 67b0c204-5081-4d11-8cd3-e9b6b03c44de{ip: 10.1.0.13, host: fv-az83-67.pawgbth4qraerhbqawdeo1jfng.dx.internal.cloudapp.net, ports: [REPLICATION=46291, RATIS=37311, RATIS_ADMIN=37311, RATIS_SERVER=37311, STANDALONE=46587], networkLocation: /default-rack, certSerialId: null, persistedOpState: null, persistedOpStateExpiryEpochSec: 0}32a29ff3-6a5d-44ea-ab99-eb540d110b91{ip: 10.1.0.13, host: fv-az83-67.pawgbth4qraerhbqawdeo1jfng.dx.internal.cloudapp.net, ports: [REPLICATION=35675, RATIS=44149, RATIS_ADMIN=44149, RATIS_SERVER=44149, STANDALONE=42251], networkLocation: /default-rack, certSerialId: null, persistedOpState: null, persistedOpStateExpiryEpochSec: 0}4e345420-7c94-454a-b4ce-4cfc9bf2eaf5{ip: 10.1.0.13, host: fv-az83-67.pawgbth4qraerhbqawdeo1jfng.dx.internal.cloudapp.net, ports: [REPLICATION=35131, RATIS=46703, RATIS_ADMIN=46703, RATIS_SERVER=46703, STANDALONE=46445], networkLocation: /default-rack, certSerialId: null, persistedOpState: null, persistedOpStateExpiryEpochSec: 0}2f08c7e9-67eb-4957-a8d6-c8a96a167068{ip: 10.1.0.13, host: fv-az83-67.pawgbth4qraerhbqawdeo1jfng.dx.internal.cloudapp.net, ports: [REPLICATION=36581, RATIS=42363, RATIS_ADMIN=42363, RATIS_SERVER=42363, STANDALONE=42153], networkLocation: /default-rack, certSerialId: null, persistedOpState: null, persistedOpStateExpiryEpochSec: 0}fdc88564-41ee-46e9-8562-705895de4359{ip: 10.1.0.13, host: fv-az83-67.pawgbth4qraerhbqawdeo1jfng.dx.internal.cloudapp.net, ports: [REPLICATION=34225, RATIS=37975, RATIS_ADMIN=37975, RATIS_SERVER=37975, STANDALONE=41117], networkLocation: /default-rack, certSerialId: null, persistedOpState: null, persistedOpStateExpiryEpochSec: 0}, ReplicationConfig: EC/ECReplicationConfig{data=3, parity=2, ecChunkSize=1048576, codec=rs}, State:ALLOCATED, leaderId:, CreationTimestamp2022-12-15T22:25:05.566Z[Etc/UTC]].
2022-12-15 22:25:05,567 [IPC Server handler 7 on default port 39781] INFO  pipeline.PipelineManagerImpl (PipelineManagerImpl.java:openPipeline(367)) - Pipeline Pipeline[ Id: 4ed3529e-0019-42aa-a31e-2fe12ca3dd5a, Nodes: 67b0c204-5081-4d11-8cd3-e9b6b03c44de{ip: 10.1.0.13, host: fv-az83-67.pawgbth4qraerhbqawdeo1jfng.dx.internal.cloudapp.net, ports: [REPLICATION=46291, RATIS=37311, RATIS_ADMIN=37311, RATIS_SERVER=37311, STANDALONE=46587], networkLocation: /default-rack, certSerialId: null, persistedOpState: null, persistedOpStateExpiryEpochSec: 0}32a29ff3-6a5d-44ea-ab99-eb540d110b91{ip: 10.1.0.13, host: fv-az83-67.pawgbth4qraerhbqawdeo1jfng.dx.internal.cloudapp.net, ports: [REPLICATION=35675, RATIS=44149, RATIS_ADMIN=44149, RATIS_SERVER=44149, STANDALONE=42251], networkLocation: /default-rack, certSerialId: null, persistedOpState: null, persistedOpStateExpiryEpochSec: 0}4e345420-7c94-454a-b4ce-4cfc9bf2eaf5{ip: 10.1.0.13, host: fv-az83-67.pawgbth4qraerhbqawdeo1jfng.dx.internal.cloudapp.net, ports: [REPLICATION=35131, RATIS=46703, RATIS_ADMIN=46703, RATIS_SERVER=46703, STANDALONE=46445], networkLocation: /default-rack, certSerialId: null, persistedOpState: null, persistedOpStateExpiryEpochSec: 0}2f08c7e9-67eb-4957-a8d6-c8a96a167068{ip: 10.1.0.13, host: fv-az83-67.pawgbth4qraerhbqawdeo1jfng.dx.internal.cloudapp.net, ports: [REPLICATION=36581, RATIS=42363, RATIS_ADMIN=42363, RATIS_SERVER=42363, STANDALONE=42153], networkLocation: /default-rack, certSerialId: null, persistedOpState: null, persistedOpStateExpiryEpochSec: 0}fdc88564-41ee-46e9-8562-705895de4359{ip: 10.1.0.13, host: fv-az83-67.pawgbth4qraerhbqawdeo1jfng.dx.internal.cloudapp.net, ports: [REPLICATION=34225, RATIS=37975, RATIS_ADMIN=37975, RATIS_SERVER=37975, STANDALONE=41117], networkLocation: /default-rack, certSerialId: null, persistedOpState: null, persistedOpStateExpiryEpochSec: 0}, ReplicationConfig: EC/ECReplicationConfig{data=3, parity=2, ecChunkSize=1048576, codec=rs}, State:ALLOCATED, leaderId:, CreationTimestamp2022-12-15T22:25:05.566Z[Etc/UTC]] moved to OPEN state
2022-12-15 22:25:05,585 [EventQueue-CommandQueueReportForCommandQueueReportHandler] WARN  events.EventQueue (EventQueue.java:fireEvent(216)) - No event handler registered for event TypedEvent{payloadType=DatanodeDetails, name='Datanode_Command_Queue_Updated'}
2022-12-15 22:25:05,611 [EventQueue-CommandQueueReportForCommandQueueReportHandler] WARN  events.EventQueue (EventQueue.java:fireEvent(216)) - No event handler registered for event TypedEvent{payloadType=DatanodeDetails, name='Datanode_Command_Queue_Updated'}
2022-12-15 22:25:05,616 [EventQueue-CommandQueueReportForCommandQueueReportHandler] WARN  events.EventQueue (EventQueue.java:fireEvent(216)) - No event handler registered for event TypedEvent{payloadType=DatanodeDetails, name='Datanode_Command_Queue_Updated'}
2022-12-15 22:25:05,616 [EventQueue-CommandQueueReportForCommandQueueReportHandler] WARN  events.EventQueue (EventQueue.java:fireEvent(216)) - No event handler registered for event TypedEvent{payloadType=DatanodeDetails, name='Datanode_Command_Queue_Updated'}
2022-12-15 22:25:05,637 [EventQueue-CommandQueueReportForCommandQueueReportHandler] WARN  events.EventQueue (EventQueue.java:fireEvent(216)) - No event handler registered for event TypedEvent{payloadType=DatanodeDetails, name='Datanode_Command_Queue_Updated'}
2022-12-15 22:25:05,652 [EventQueue-CommandQueueReportForCommandQueueReportHandler] WARN  events.EventQueue (EventQueue.java:fireEvent(216)) - No event handler registered for event TypedEvent{payloadType=DatanodeDetails, name='Datanode_Command_Queue_Updated'}
2022-12-15 22:25:05,669 [IPC Server handler 8 on default port 39781] INFO  pipeline.PipelineStateManagerImpl (PipelineStateManagerImpl.java:addPipeline(103)) - Created pipeline Pipeline[ Id: 3fb0bf98-7f76-4d12-97bc-a3f7bc7b1b6c, Nodes: 772081c6-650a-4b06-beac-fbb7a3a6834d{ip: 10.1.0.13, host: fv-az83-67.pawgbth4qraerhbqawdeo1jfng.dx.internal.cloudapp.net, ports: [REPLICATION=36253, RATIS=38813, RATIS_ADMIN=38813, RATIS_SERVER=38813, STANDALONE=40907], networkLocation: /default-rack, certSerialId: null, persistedOpState: null, persistedOpStateExpiryEpochSec: 0}2f08c7e9-67eb-4957-a8d6-c8a96a167068{ip: 10.1.0.13, host: fv-az83-67.pawgbth4qraerhbqawdeo1jfng.dx.internal.cloudapp.net, ports: [REPLICATION=36581, RATIS=42363, RATIS_ADMIN=42363, RATIS_SERVER=42363, STANDALONE=42153], networkLocation: /default-rack, certSerialId: null, persistedOpState: null, persistedOpStateExpiryEpochSec: 0}f51deb07-4bec-41db-abc8-7473dc60437b{ip: 10.1.0.13, host: fv-az83-67.pawgbth4qraerhbqawdeo1jfng.dx.internal.cloudapp.net, ports: [REPLICATION=43513, RATIS=43481, RATIS_ADMIN=43481, RATIS_SERVER=43481, STANDALONE=45605], networkLocation: /default-rack, certSerialId: null, persistedOpState: null, persistedOpStateExpiryEpochSec: 0}fdc88564-41ee-46e9-8562-705895de4359{ip: 10.1.0.13, host: fv-az83-67.pawgbth4qraerhbqawdeo1jfng.dx.internal.cloudapp.net, ports: [REPLICATION=34225, RATIS=37975, RATIS_ADMIN=37975, RATIS_SERVER=37975, STANDALONE=41117], networkLocation: /default-rack, certSerialId: null, persistedOpState: null, persistedOpStateExpiryEpochSec: 0}4e345420-7c94-454a-b4ce-4cfc9bf2eaf5{ip: 10.1.0.13, host: fv-az83-67.pawgbth4qraerhbqawdeo1jfng.dx.internal.cloudapp.net, ports: [REPLICATION=35131, RATIS=46703, RATIS_ADMIN=46703, RATIS_SERVER=46703, STANDALONE=46445], networkLocation: /default-rack, certSerialId: null, persistedOpState: null, persistedOpStateExpiryEpochSec: 0}, ReplicationConfig: EC/ECReplicationConfig{data=3, parity=2, ecChunkSize=1048576, codec=rs}, State:ALLOCATED, leaderId:, CreationTimestamp2022-12-15T22:25:05.668Z[Etc/UTC]].
2022-12-15 22:25:05,670 [IPC Server handler 8 on default port 39781] INFO  pipeline.PipelineManagerImpl (PipelineManagerImpl.java:openPipeline(367)) - Pipeline Pipeline[ Id: 3fb0bf98-7f76-4d12-97bc-a3f7bc7b1b6c, Nodes: 772081c6-650a-4b06-beac-fbb7a3a6834d{ip: 10.1.0.13, host: fv-az83-67.pawgbth4qraerhbqawdeo1jfng.dx.internal.cloudapp.net, ports: [REPLICATION=36253, RATIS=38813, RATIS_ADMIN=38813, RATIS_SERVER=38813, STANDALONE=40907], networkLocation: /default-rack, certSerialId: null, persistedOpState: null, persistedOpStateExpiryEpochSec: 0}2f08c7e9-67eb-4957-a8d6-c8a96a167068{ip: 10.1.0.13, host: fv-az83-67.pawgbth4qraerhbqawdeo1jfng.dx.internal.cloudapp.net, ports: [REPLICATION=36581, RATIS=42363, RATIS_ADMIN=42363, RATIS_SERVER=42363, STANDALONE=42153], networkLocation: /default-rack, certSerialId: null, persistedOpState: null, persistedOpStateExpiryEpochSec: 0}f51deb07-4bec-41db-abc8-7473dc60437b{ip: 10.1.0.13, host: fv-az83-67.pawgbth4qraerhbqawdeo1jfng.dx.internal.cloudapp.net, ports: [REPLICATION=43513, RATIS=43481, RATIS_ADMIN=43481, RATIS_SERVER=43481, STANDALONE=45605], networkLocation: /default-rack, certSerialId: null, persistedOpState: null, persistedOpStateExpiryEpochSec: 0}fdc88564-41ee-46e9-8562-705895de4359{ip: 10.1.0.13, host: fv-az83-67.pawgbth4qraerhbqawdeo1jfng.dx.internal.cloudapp.net, ports: [REPLICATION=34225, RATIS=37975, RATIS_ADMIN=37975, RATIS_SERVER=37975, STANDALONE=41117], networkLocation: /default-rack, certSerialId: null, persistedOpState: null, persistedOpStateExpiryEpochSec: 0}4e345420-7c94-454a-b4ce-4cfc9bf2eaf5{ip: 10.1.0.13, host: fv-az83-67.pawgbth4qraerhbqawdeo1jfng.dx.internal.cloudapp.net, ports: [REPLICATION=35131, RATIS=46703, RATIS_ADMIN=46703, RATIS_SERVER=46703, STANDALONE=46445], networkLocation: /default-rack, certSerialId: null, persistedOpState: null, persistedOpStateExpiryEpochSec: 0}, ReplicationConfig: EC/ECReplicationConfig{data=3, parity=2, ecChunkSize=1048576, codec=rs}, State:ALLOCATED, leaderId:, CreationTimestamp2022-12-15T22:25:05.668Z[Etc/UTC]] moved to OPEN state
2022-12-15 22:25:05,738 [EventQueue-CommandQueueReportForCommandQueueReportHandler] WARN  events.EventQueue (EventQueue.java:fireEvent(216)) - No event handler registered for event TypedEvent{payloadType=DatanodeDetails, name='Datanode_Command_Queue_Updated'}
2022-12-15 22:25:05,742 [EventQueue-CommandQueueReportForCommandQueueReportHandler] WARN  events.EventQueue (EventQueue.java:fireEvent(216)) - No event handler registered for event TypedEvent{payloadType=DatanodeDetails, name='Datanode_Command_Queue_Updated'}
2022-12-15 22:25:05,744 [EventQueue-CommandQueueReportForCommandQueueReportHandler] WARN  events.EventQueue (EventQueue.java:fireEvent(216)) - No event handler registered for event TypedEvent{payloadType=DatanodeDetails, name='Datanode_Command_Queue_Updated'}
2022-12-15 22:25:05,766 [EventQueue-CommandQueueReportForCommandQueueReportHandler] WARN  events.EventQueue (EventQueue.java:fireEvent(216)) - No event handler registered for event TypedEvent{payloadType=DatanodeDetails, name='Datanode_Command_Queue_Updated'}
2022-12-15 22:25:05,775 [EventQueue-CommandQueueReportForCommandQueueReportHandler] WARN  events.EventQueue (EventQueue.java:fireEvent(216)) - No event handler registered for event TypedEvent{payloadType=DatanodeDetails, name='Datanode_Command_Queue_Updated'}
2022-12-15 22:25:05,789 [IPC Server handler 6 on default port 39781] INFO  pipeline.PipelineStateManagerImpl (PipelineStateManagerImpl.java:addPipeline(103)) - Created pipeline Pipeline[ Id: 7ef901e8-5279-4463-8a25-075908a54125, Nodes: 67b0c204-5081-4d11-8cd3-e9b6b03c44de{ip: 10.1.0.13, host: fv-az83-67.pawgbth4qraerhbqawdeo1jfng.dx.internal.cloudapp.net, ports: [REPLICATION=46291, RATIS=37311, RATIS_ADMIN=37311, RATIS_SERVER=37311, STANDALONE=46587], networkLocation: /default-rack, certSerialId: null, persistedOpState: null, persistedOpStateExpiryEpochSec: 0}f51deb07-4bec-41db-abc8-7473dc60437b{ip: 10.1.0.13, host: fv-az83-67.pawgbth4qraerhbqawdeo1jfng.dx.internal.cloudapp.net, ports: [REPLICATION=43513, RATIS=43481, RATIS_ADMIN=43481, RATIS_SERVER=43481, STANDALONE=45605], networkLocation: /default-rack, certSerialId: null, persistedOpState: null, persistedOpStateExpiryEpochSec: 0}4e345420-7c94-454a-b4ce-4cfc9bf2eaf5{ip: 10.1.0.13, host: fv-az83-67.pawgbth4qraerhbqawdeo1jfng.dx.internal.cloudapp.net, ports: [REPLICATION=35131, RATIS=46703, RATIS_ADMIN=46703, RATIS_SERVER=46703, STANDALONE=46445], networkLocation: /default-rack, certSerialId: null, persistedOpState: null, persistedOpStateExpiryEpochSec: 0}772081c6-650a-4b06-beac-fbb7a3a6834d{ip: 10.1.0.13, host: fv-az83-67.pawgbth4qraerhbqawdeo1jfng.dx.internal.cloudapp.net, ports: [REPLICATION=36253, RATIS=38813, RATIS_ADMIN=38813, RATIS_SERVER=38813, STANDALONE=40907], networkLocation: /default-rack, certSerialId: null, persistedOpState: null, persistedOpStateExpiryEpochSec: 0}fdc88564-41ee-46e9-8562-705895de4359{ip: 10.1.0.13, host: fv-az83-67.pawgbth4qraerhbqawdeo1jfng.dx.internal.cloudapp.net, ports: [REPLICATION=34225, RATIS=37975, RATIS_ADMIN=37975, RATIS_SERVER=37975, STANDALONE=41117], networkLocation: /default-rack, certSerialId: null, persistedOpState: null, persistedOpStateExpiryEpochSec: 0}, ReplicationConfig: EC/ECReplicationConfig{data=3, parity=2, ecChunkSize=1048576, codec=rs}, State:ALLOCATED, leaderId:, CreationTimestamp2022-12-15T22:25:05.789Z[Etc/UTC]].
2022-12-15 22:25:05,790 [IPC Server handler 6 on default port 39781] INFO  pipeline.PipelineManagerImpl (PipelineManagerImpl.java:openPipeline(367)) - Pipeline Pipeline[ Id: 7ef901e8-5279-4463-8a25-075908a54125, Nodes: 67b0c204-5081-4d11-8cd3-e9b6b03c44de{ip: 10.1.0.13, host: fv-az83-67.pawgbth4qraerhbqawdeo1jfng.dx.internal.cloudapp.net, ports: [REPLICATION=46291, RATIS=37311, RATIS_ADMIN=37311, RATIS_SERVER=37311, STANDALONE=46587], networkLocation: /default-rack, certSerialId: null, persistedOpState: null, persistedOpStateExpiryEpochSec: 0}f51deb07-4bec-41db-abc8-7473dc60437b{ip: 10.1.0.13, host: fv-az83-67.pawgbth4qraerhbqawdeo1jfng.dx.internal.cloudapp.net, ports: [REPLICATION=43513, RATIS=43481, RATIS_ADMIN=43481, RATIS_SERVER=43481, STANDALONE=45605], networkLocation: /default-rack, certSerialId: null, persistedOpState: null, persistedOpStateExpiryEpochSec: 0}4e345420-7c94-454a-b4ce-4cfc9bf2eaf5{ip: 10.1.0.13, host: fv-az83-67.pawgbth4qraerhbqawdeo1jfng.dx.internal.cloudapp.net, ports: [REPLICATION=35131, RATIS=46703, RATIS_ADMIN=46703, RATIS_SERVER=46703, STANDALONE=46445], networkLocation: /default-rack, certSerialId: null, persistedOpState: null, persistedOpStateExpiryEpochSec: 0}772081c6-650a-4b06-beac-fbb7a3a6834d{ip: 10.1.0.13, host: fv-az83-67.pawgbth4qraerhbqawdeo1jfng.dx.internal.cloudapp.net, ports: [REPLICATION=36253, RATIS=38813, RATIS_ADMIN=38813, RATIS_SERVER=38813, STANDALONE=40907], networkLocation: /default-rack, certSerialId: null, persistedOpState: null, persistedOpStateExpiryEpochSec: 0}fdc88564-41ee-46e9-8562-705895de4359{ip: 10.1.0.13, host: fv-az83-67.pawgbth4qraerhbqawdeo1jfng.dx.internal.cloudapp.net, ports: [REPLICATION=34225, RATIS=37975, RATIS_ADMIN=37975, RATIS_SERVER=37975, STANDALONE=41117], networkLocation: /default-rack, certSerialId: null, persistedOpState: null, persistedOpStateExpiryEpochSec: 0}, ReplicationConfig: EC/ECReplicationConfig{data=3, parity=2, ecChunkSize=1048576, codec=rs}, State:ALLOCATED, leaderId:, CreationTimestamp2022-12-15T22:25:05.789Z[Etc/UTC]] moved to OPEN state
2022-12-15 22:25:05,831 [EventQueue-CommandQueueReportForCommandQueueReportHandler] WARN  events.EventQueue (EventQueue.java:fireEvent(216)) - No event handler registered for event TypedEvent{payloadType=DatanodeDetails, name='Datanode_Command_Queue_Updated'}
2022-12-15 22:25:05,831 [EventQueue-CommandQueueReportForCommandQueueReportHandler] WARN  events.EventQueue (EventQueue.java:fireEvent(216)) - No event handler registered for event TypedEvent{payloadType=DatanodeDetails, name='Datanode_Command_Queue_Updated'}
2022-12-15 22:25:05,841 [EventQueue-CommandQueueReportForCommandQueueReportHandler] WARN  events.EventQueue (EventQueue.java:fireEvent(216)) - No event handler registered for event TypedEvent{payloadType=DatanodeDetails, name='Datanode_Command_Queue_Updated'}
2022-12-15 22:25:05,861 [EventQueue-CommandQueueReportForCommandQueueReportHandler] WARN  events.EventQueue (EventQueue.java:fireEvent(216)) - No event handler registered for event TypedEvent{payloadType=DatanodeDetails, name='Datanode_Command_Queue_Updated'}
2022-12-15 22:25:05,865 [EventQueue-CommandQueueReportForCommandQueueReportHandler] WARN  events.EventQueue (EventQueue.java:fireEvent(216)) - No event handler registered for event TypedEvent{payloadType=DatanodeDetails, name='Datanode_Command_Queue_Updated'}
2022-12-15 22:25:05,877 [IPC Server handler 16 on default port 39781] INFO  pipeline.PipelineStateManagerImpl (PipelineStateManagerImpl.java:addPipeline(103)) - Created pipeline Pipeline[ Id: 66bdac8f-f4e2-477f-82ec-fab29a35b07c, Nodes: 772081c6-650a-4b06-beac-fbb7a3a6834d{ip: 10.1.0.13, host: fv-az83-67.pawgbth4qraerhbqawdeo1jfng.dx.internal.cloudapp.net, ports: [REPLICATION=36253, RATIS=38813, RATIS_ADMIN=38813, RATIS_SERVER=38813, STANDALONE=40907], networkLocation: /default-rack, certSerialId: null, persistedOpState: null, persistedOpStateExpiryEpochSec: 0}4e345420-7c94-454a-b4ce-4cfc9bf2eaf5{ip: 10.1.0.13, host: fv-az83-67.pawgbth4qraerhbqawdeo1jfng.dx.internal.cloudapp.net, ports: [REPLICATION=35131, RATIS=46703, RATIS_ADMIN=46703, RATIS_SERVER=46703, STANDALONE=46445], networkLocation: /default-rack, certSerialId: null, persistedOpState: null, persistedOpStateExpiryEpochSec: 0}f51deb07-4bec-41db-abc8-7473dc60437b{ip: 10.1.0.13, host: fv-az83-67.pawgbth4qraerhbqawdeo1jfng.dx.internal.cloudapp.net, ports: [REPLICATION=43513, RATIS=43481, RATIS_ADMIN=43481, RATIS_SERVER=43481, STANDALONE=45605], networkLocation: /default-rack, certSerialId: null, persistedOpState: null, persistedOpStateExpiryEpochSec: 0}2f08c7e9-67eb-4957-a8d6-c8a96a167068{ip: 10.1.0.13, host: fv-az83-67.pawgbth4qraerhbqawdeo1jfng.dx.internal.cloudapp.net, ports: [REPLICATION=36581, RATIS=42363, RATIS_ADMIN=42363, RATIS_SERVER=42363, STANDALONE=42153], networkLocation: /default-rack, certSerialId: null, persistedOpState: null, persistedOpStateExpiryEpochSec: 0}fdc88564-41ee-46e9-8562-705895de4359{ip: 10.1.0.13, host: fv-az83-67.pawgbth4qraerhbqawdeo1jfng.dx.internal.cloudapp.net, ports: [REPLICATION=34225, RATIS=37975, RATIS_ADMIN=37975, RATIS_SERVER=37975, STANDALONE=41117], networkLocation: /default-rack, certSerialId: null, persistedOpState: null, persistedOpStateExpiryEpochSec: 0}, ReplicationConfig: EC/ECReplicationConfig{data=3, parity=2, ecChunkSize=1048576, codec=rs}, State:ALLOCATED, leaderId:, CreationTimestamp2022-12-15T22:25:05.877Z[Etc/UTC]].
2022-12-15 22:25:05,878 [IPC Server handler 16 on default port 39781] INFO  pipeline.PipelineManagerImpl (PipelineManagerImpl.java:openPipeline(367)) - Pipeline Pipeline[ Id: 66bdac8f-f4e2-477f-82ec-fab29a35b07c, Nodes: 772081c6-650a-4b06-beac-fbb7a3a6834d{ip: 10.1.0.13, host: fv-az83-67.pawgbth4qraerhbqawdeo1jfng.dx.internal.cloudapp.net, ports: [REPLICATION=36253, RATIS=38813, RATIS_ADMIN=38813, RATIS_SERVER=38813, STANDALONE=40907], networkLocation: /default-rack, certSerialId: null, persistedOpState: null, persistedOpStateExpiryEpochSec: 0}4e345420-7c94-454a-b4ce-4cfc9bf2eaf5{ip: 10.1.0.13, host: fv-az83-67.pawgbth4qraerhbqawdeo1jfng.dx.internal.cloudapp.net, ports: [REPLICATION=35131, RATIS=46703, RATIS_ADMIN=46703, RATIS_SERVER=46703, STANDALONE=46445], networkLocation: /default-rack, certSerialId: null, persistedOpState: null, persistedOpStateExpiryEpochSec: 0}f51deb07-4bec-41db-abc8-7473dc60437b{ip: 10.1.0.13, host: fv-az83-67.pawgbth4qraerhbqawdeo1jfng.dx.internal.cloudapp.net, ports: [REPLICATION=43513, RATIS=43481, RATIS_ADMIN=43481, RATIS_SERVER=43481, STANDALONE=45605], networkLocation: /default-rack, certSerialId: null, persistedOpState: null, persistedOpStateExpiryEpochSec: 0}2f08c7e9-67eb-4957-a8d6-c8a96a167068{ip: 10.1.0.13, host: fv-az83-67.pawgbth4qraerhbqawdeo1jfng.dx.internal.cloudapp.net, ports: [REPLICATION=36581, RATIS=42363, RATIS_ADMIN=42363, RATIS_SERVER=42363, STANDALONE=42153], networkLocation: /default-rack, certSerialId: null, persistedOpState: null, persistedOpStateExpiryEpochSec: 0}fdc88564-41ee-46e9-8562-705895de4359{ip: 10.1.0.13, host: fv-az83-67.pawgbth4qraerhbqawdeo1jfng.dx.internal.cloudapp.net, ports: [REPLICATION=34225, RATIS=37975, RATIS_ADMIN=37975, RATIS_SERVER=37975, STANDALONE=41117], networkLocation: /default-rack, certSerialId: null, persistedOpState: null, persistedOpStateExpiryEpochSec: 0}, ReplicationConfig: EC/ECReplicationConfig{data=3, parity=2, ecChunkSize=1048576, codec=rs}, State:ALLOCATED, leaderId:, CreationTimestamp2022-12-15T22:25:05.877Z[Etc/UTC]] moved to OPEN state
2022-12-15 22:25:05,937 [EventQueue-CommandQueueReportForCommandQueueReportHandler] WARN  events.EventQueue (EventQueue.java:fireEvent(216)) - No event handler registered for event TypedEvent{payloadType=DatanodeDetails, name='Datanode_Command_Queue_Updated'}
2022-12-15 22:25:05,938 [EventQueue-CommandQueueReportForCommandQueueReportHandler] WARN  events.EventQueue (EventQueue.java:fireEvent(216)) - No event handler registered for event TypedEvent{payloadType=DatanodeDetails, name='Datanode_Command_Queue_Updated'}
2022-12-15 22:25:05,942 [EventQueue-CommandQueueReportForCommandQueueReportHandler] WARN  events.EventQueue (EventQueue.java:fireEvent(216)) - No event handler registered for event TypedEvent{payloadType=DatanodeDetails, name='Datanode_Command_Queue_Updated'}
2022-12-15 22:25:05,957 [EventQueue-CommandQueueReportForCommandQueueReportHandler] WARN  events.EventQueue (EventQueue.java:fireEvent(216)) - No event handler registered for event TypedEvent{payloadType=DatanodeDetails, name='Datanode_Command_Queue_Updated'}
2022-12-15 22:25:05,962 [EventQueue-CommandQueueReportForCommandQueueReportHandler] WARN  events.EventQueue (EventQueue.java:fireEvent(216)) - No event handler registered for event TypedEvent{payloadType=DatanodeDetails, name='Datanode_Command_Queue_Updated'}
2022-12-15 22:25:06,123 [EventQueue-CommandQueueReportForCommandQueueReportHandler] WARN  events.EventQueue (EventQueue.java:fireEvent(216)) - No event handler registered for event TypedEvent{payloadType=DatanodeDetails, name='Datanode_Command_Queue_Updated'}
2022-12-15 22:25:06,195 [IPC Server handler 19 on default port 37011] INFO  node.SCMNodeManager (SCMNodeManager.java:updateDatanodeOpState(545)) - Scheduling a command to update the operationalState persisted on 7cbd30ef-5efa-47c4-878f-37fd21b72a1f{ip: 10.1.0.13, host: fv-az83-67.pawgbth4qraerhbqawdeo1jfng.dx.internal.cloudapp.net, ports: [REPLICATION=44617, RATIS=45359, RATIS_ADMIN=45359, RATIS_SERVER=45359, STANDALONE=35235], networkLocation: /default-rack, certSerialId: null, persistedOpState: ENTERING_MAINTENANCE, persistedOpStateExpiryEpochSec: 0} as the reported value does not match the value stored in SCM (IN_MAINTENANCE, 0)
2022-12-15 22:25:06,196 [EventQueue-CommandQueueReportForCommandQueueReportHandler] WARN  events.EventQueue (EventQueue.java:fireEvent(216)) - No event handler registered for event TypedEvent{payloadType=DatanodeDetails, name='Datanode_Command_Queue_Updated'}
2022-12-15 22:25:06,224 [EventQueue-CommandQueueReportForCommandQueueReportHandler] WARN  events.EventQueue (EventQueue.java:fireEvent(216)) - No event handler registered for event TypedEvent{payloadType=DatanodeDetails, name='Datanode_Command_Queue_Updated'}
2022-12-15 22:25:06,232 [EventQueue-CommandQueueReportForCommandQueueReportHandler] WARN  events.EventQueue (EventQueue.java:fireEvent(216)) - No event handler registered for event TypedEvent{payloadType=DatanodeDetails, name='Datanode_Command_Queue_Updated'}
2022-12-15 22:25:06,482 [DatanodeAdminManager-0] INFO  node.DatanodeAdminMonitorImpl (DatanodeAdminMonitorImpl.java:run(169)) - There are 3 nodes tracked for decommission and maintenance.  0 pending nodes.
2022-12-15 22:25:06,482 [Under Replicated Processor] INFO  replication.UnderReplicatedProcessor (UnderReplicatedProcessor.java:processAll(79)) - Processed 0 under replicated containers, failed processing 0
2022-12-15 22:25:06,485 [Over Replicated Processor] INFO  replication.OverReplicatedProcessor (OverReplicatedProcessor.java:processAll(79)) - Processed 0 over replicated containers, failed processing 0
2022-12-15 22:25:06,512 [ReplicationMonitor] INFO  replication.ReplicationManager (ReplicationManager.java:processAll(360)) - Replication Monitor Thread took 0 milliseconds for processing 6 containers.
2022-12-15 22:25:06,588 [EventQueue-CommandQueueReportForCommandQueueReportHandler] WARN  events.EventQueue (EventQueue.java:fireEvent(216)) - No event handler registered for event TypedEvent{payloadType=DatanodeDetails, name='Datanode_Command_Queue_Updated'}
2022-12-15 22:25:06,658 [EventQueue-CommandQueueReportForCommandQueueReportHandler] WARN  events.EventQueue (EventQueue.java:fireEvent(216)) - No event handler registered for event TypedEvent{payloadType=DatanodeDetails, name='Datanode_Command_Queue_Updated'}
2022-12-15 22:25:06,663 [ChunkReader-1] INFO  keyvalue.KeyValueHandler (ContainerUtils.java:logAndReturnError(89)) - Operation: PutBlock , Trace ID:  , Message: Put Key failed , Result: IO_EXCEPTION , StorageContainerException Occurred.
org.apache.hadoop.hdds.scm.container.common.helpers.StorageContainerException: Put Key failed
	at org.apache.hadoop.ozone.container.keyvalue.KeyValueHandler.handlePutBlock(KeyValueHandler.java:499)
	at org.apache.hadoop.ozone.container.keyvalue.KeyValueHandler.dispatchRequest(KeyValueHandler.java:223)
	at org.apache.hadoop.ozone.container.keyvalue.KeyValueHandler.handle(KeyValueHandler.java:199)
	at org.apache.hadoop.ozone.container.common.impl.HddsDispatcher.dispatchRequest(HddsDispatcher.java:318)
	at org.apache.hadoop.ozone.container.common.impl.HddsDispatcher.lambda$dispatch$0(HddsDispatcher.java:170)
	at org.apache.hadoop.hdds.server.OzoneProtocolMessageDispatcher.processRequest(OzoneProtocolMessageDispatcher.java:87)
	at org.apache.hadoop.ozone.container.common.impl.HddsDispatcher.dispatch(HddsDispatcher.java:169)
	at org.apache.hadoop.ozone.container.common.transport.server.GrpcXceiverService$1.onNext(GrpcXceiverService.java:57)
	at org.apache.hadoop.ozone.container.common.transport.server.GrpcXceiverService$1.onNext(GrpcXceiverService.java:50)
	at org.apache.ratis.thirdparty.io.grpc.stub.ServerCalls$StreamingServerCallHandler$StreamingServerCallListener.onMessage(ServerCalls.java:262)
	at org.apache.ratis.thirdparty.io.grpc.ForwardingServerCallListener.onMessage(ForwardingServerCallListener.java:33)
	at org.apache.hadoop.hdds.tracing.GrpcServerInterceptor$1.onMessage(GrpcServerInterceptor.java:49)
	at org.apache.ratis.thirdparty.io.grpc.internal.ServerCallImpl$ServerStreamListenerImpl.messagesAvailableInternal(ServerCallImpl.java:332)
	at org.apache.ratis.thirdparty.io.grpc.internal.ServerCallImpl$ServerStreamListenerImpl.messagesAvailable(ServerCallImpl.java:315)
	at org.apache.ratis.thirdparty.io.grpc.internal.ServerImpl$JumpToApplicationThreadServerStreamListener$1MessagesAvailable.runInContext(ServerImpl.java:834)
	at org.apache.ratis.thirdparty.io.grpc.internal.ContextRunnable.run(ContextRunnable.java:37)
	at org.apache.ratis.thirdparty.io.grpc.internal.SerializingExecutor.run(SerializingExecutor.java:133)
	at java.util.concurrent.ThreadPoolExecutor.runWorker(ThreadPoolExecutor.java:1149)
	at java.util.concurrent.ThreadPoolExecutor$Worker.run(ThreadPoolExecutor.java:624)
	at java.lang.Thread.run(Thread.java:750)
Caused by: java.io.IOException: Rocks Database is closed
	at org.apache.hadoop.hdds.utils.db.RocksDatabase.assertClose(RocksDatabase.java:395)
	at org.apache.hadoop.hdds.utils.db.RocksDatabase.get(RocksDatabase.java:517)
	at org.apache.hadoop.hdds.utils.db.RDBTable.get(RDBTable.java:110)
	at org.apache.hadoop.hdds.utils.db.RDBTable.get(RDBTable.java:40)
	at org.apache.hadoop.hdds.utils.db.TypedTable.getFromTable(TypedTable.java:256)
	at org.apache.hadoop.hdds.utils.db.TypedTable.get(TypedTable.java:182)
	at org.apache.hadoop.ozone.container.metadata.DatanodeTable.get(DatanodeTable.java:106)
	at org.apache.hadoop.ozone.container.keyvalue.impl.BlockManagerImpl.persistPutBlock(BlockManagerImpl.java:160)
	at org.apache.hadoop.ozone.container.keyvalue.impl.BlockManagerImpl.putBlock(BlockManagerImpl.java:103)
	at org.apache.hadoop.ozone.container.keyvalue.KeyValueHandler.handlePutBlock(KeyValueHandler.java:490)
	... 19 more
2022-12-15 22:25:06,668 [ChunkReader-1] WARN  keyvalue.KeyValueContainer (KeyValueContainer.java:markContainerUnhealthy(339)) - Moving container /home/runner/work/ozone/ozone/hadoop-ozone/integration-test/target/test-dir/MiniOzoneClusterImpl-8de0408b-aba3-4dac-8bc3-86c38427f55c/datanode-2/data-0/containers/hdds/8de0408b-aba3-4dac-8bc3-86c38427f55c/current/containerDir0/8 to state UNHEALTHY from state:OPEN Trace:java.lang.Thread.getStackTrace(Thread.java:1564)
org.apache.hadoop.util.StringUtils.getStackTrace(StringUtils.java:1060)
org.apache.hadoop.ozone.container.keyvalue.KeyValueContainer.markContainerUnhealthy(KeyValueContainer.java:341)
org.apache.hadoop.ozone.container.keyvalue.KeyValueHandler.markContainerUnhealthy(KeyValueHandler.java:1020)
org.apache.hadoop.ozone.container.common.impl.HddsDispatcher.dispatchRequest(HddsDispatcher.java:358)
org.apache.hadoop.ozone.container.common.impl.HddsDispatcher.lambda$dispatch$0(HddsDispatcher.java:170)
org.apache.hadoop.hdds.server.OzoneProtocolMessageDispatcher.processRequest(OzoneProtocolMessageDispatcher.java:87)
org.apache.hadoop.ozone.container.common.impl.HddsDispatcher.dispatch(HddsDispatcher.java:169)
org.apache.hadoop.ozone.container.common.transport.server.GrpcXceiverService$1.onNext(GrpcXceiverService.java:57)
org.apache.hadoop.ozone.container.common.transport.server.GrpcXceiverService$1.onNext(GrpcXceiverService.java:50)
org.apache.ratis.thirdparty.io.grpc.stub.ServerCalls$StreamingServerCallHandler$StreamingServerCallListener.onMessage(ServerCalls.java:262)
org.apache.ratis.thirdparty.io.grpc.ForwardingServerCallListener.onMessage(ForwardingServerCallListener.java:33)
org.apache.hadoop.hdds.tracing.GrpcServerInterceptor$1.onMessage(GrpcServerInterceptor.java:49)
org.apache.ratis.thirdparty.io.grpc.internal.ServerCallImpl$ServerStreamListenerImpl.messagesAvailableInternal(ServerCallImpl.java:332)
org.apache.ratis.thirdparty.io.grpc.internal.ServerCallImpl$ServerStreamListenerImpl.messagesAvailable(ServerCallImpl.java:315)
org.apache.ratis.thirdparty.io.grpc.internal.ServerImpl$JumpToApplicationThreadServerStreamListener$1MessagesAvailable.runInContext(ServerImpl.java:834)
org.apache.ratis.thirdparty.io.grpc.internal.ContextRunnable.run(ContextRunnable.java:37)
org.apache.ratis.thirdparty.io.grpc.internal.SerializingExecutor.run(SerializingExecutor.java:133)
java.util.concurrent.ThreadPoolExecutor.runWorker(ThreadPoolExecutor.java:1149)
java.util.concurrent.ThreadPoolExecutor$Worker.run(ThreadPoolExecutor.java:624)
java.lang.Thread.run(Thread.java:750)

2022-12-15 22:25:06,669 [ChunkReader-1] INFO  impl.HddsDispatcher (HddsDispatcher.java:dispatchRequest(359)) - Marked Container UNHEALTHY, ContainerID: 8
2022-12-15 22:25:06,678 [grpc-default-executor-11] WARN  server.GrpcLogAppender (LogUtils.java:warn(122)) - e8e5b30e-7bc8-404f-9c20-af07c60d3fc6@group-3082BBA5A279->8f60a940-96b6-4e56-be7d-0fd390058e9d-AppendLogResponseHandler: Failed appendEntries: org.apache.ratis.thirdparty.io.grpc.StatusRuntimeException: UNAVAILABLE: io exception
2022-12-15 22:25:06,678 [grpc-default-executor-1] WARN  server.GrpcLogAppender (LogUtils.java:warn(122)) - e8e5b30e-7bc8-404f-9c20-af07c60d3fc6@group-3082BBA5A279->8f60a940-96b6-4e56-be7d-0fd390058e9d-AppendLogResponseHandler: Failed appendEntries: org.apache.ratis.thirdparty.io.grpc.StatusRuntimeException: UNAVAILABLE: io exception
2022-12-15 22:25:06,679 [grpc-default-executor-11] INFO  leader.FollowerInfo (FollowerInfoImpl.java:lambda$new$0(48)) - e8e5b30e-7bc8-404f-9c20-af07c60d3fc6@group-3082BBA5A279->8f60a940-96b6-4e56-be7d-0fd390058e9d: nextIndex: updateUnconditionally 45 -> 44
2022-12-15 22:25:06,679 [grpc-default-executor-1] INFO  leader.FollowerInfo (FollowerInfoImpl.java:lambda$new$0(48)) - e8e5b30e-7bc8-404f-9c20-af07c60d3fc6@group-3082BBA5A279->8f60a940-96b6-4e56-be7d-0fd390058e9d: nextIndex: updateUnconditionally 44 -> 43
2022-12-15 22:25:06,682 [ChunkReader-4] INFO  keyvalue.KeyValueHandler (ContainerUtils.java:logAndReturnError(89)) - Operation: PutBlock , Trace ID:  , Message: Put Key failed , Result: IO_EXCEPTION , StorageContainerException Occurred.
org.apache.hadoop.hdds.scm.container.common.helpers.StorageContainerException: Put Key failed
	at org.apache.hadoop.ozone.container.keyvalue.KeyValueHandler.handlePutBlock(KeyValueHandler.java:499)
	at org.apache.hadoop.ozone.container.keyvalue.KeyValueHandler.dispatchRequest(KeyValueHandler.java:223)
	at org.apache.hadoop.ozone.container.keyvalue.KeyValueHandler.handle(KeyValueHandler.java:199)
	at org.apache.hadoop.ozone.container.common.impl.HddsDispatcher.dispatchRequest(HddsDispatcher.java:318)
	at org.apache.hadoop.ozone.container.common.impl.HddsDispatcher.lambda$dispatch$0(HddsDispatcher.java:170)
	at org.apache.hadoop.hdds.server.OzoneProtocolMessageDispatcher.processRequest(OzoneProtocolMessageDispatcher.java:87)
	at org.apache.hadoop.ozone.container.common.impl.HddsDispatcher.dispatch(HddsDispatcher.java:169)
	at org.apache.hadoop.ozone.container.common.transport.server.GrpcXceiverService$1.onNext(GrpcXceiverService.java:57)
	at org.apache.hadoop.ozone.container.common.transport.server.GrpcXceiverService$1.onNext(GrpcXceiverService.java:50)
	at org.apache.ratis.thirdparty.io.grpc.stub.ServerCalls$StreamingServerCallHandler$StreamingServerCallListener.onMessage(ServerCalls.java:262)
	at org.apache.ratis.thirdparty.io.grpc.ForwardingServerCallListener.onMessage(ForwardingServerCallListener.java:33)
	at org.apache.hadoop.hdds.tracing.GrpcServerInterceptor$1.onMessage(GrpcServerInterceptor.java:49)
	at org.apache.ratis.thirdparty.io.grpc.internal.ServerCallImpl$ServerStreamListenerImpl.messagesAvailableInternal(ServerCallImpl.java:332)
	at org.apache.ratis.thirdparty.io.grpc.internal.ServerCallImpl$ServerStreamListenerImpl.messagesAvailable(ServerCallImpl.java:315)
	at org.apache.ratis.thirdparty.io.grpc.internal.ServerImpl$JumpToApplicationThreadServerStreamListener$1MessagesAvailable.runInContext(ServerImpl.java:834)
	at org.apache.ratis.thirdparty.io.grpc.internal.ContextRunnable.run(ContextRunnable.java:37)
	at org.apache.ratis.thirdparty.io.grpc.internal.SerializingExecutor.run(SerializingExecutor.java:133)
	at java.util.concurrent.ThreadPoolExecutor.runWorker(ThreadPoolExecutor.java:1149)
	at java.util.concurrent.ThreadPoolExecutor$Worker.run(ThreadPoolExecutor.java:624)
	at java.lang.Thread.run(Thread.java:750)
Caused by: java.io.IOException: Rocks Database is closed
	at org.apache.hadoop.hdds.utils.db.RocksDatabase.assertClose(RocksDatabase.java:395)
	at org.apache.hadoop.hdds.utils.db.RocksDatabase.get(RocksDatabase.java:517)
	at org.apache.hadoop.hdds.utils.db.RDBTable.get(RDBTable.java:110)
	at org.apache.hadoop.hdds.utils.db.RDBTable.get(RDBTable.java:40)
	at org.apache.hadoop.hdds.utils.db.TypedTable.getFromTable(TypedTable.java:256)
	at org.apache.hadoop.hdds.utils.db.TypedTable.get(TypedTable.java:182)
	at org.apache.hadoop.ozone.container.metadata.DatanodeTable.get(DatanodeTable.java:106)
	at org.apache.hadoop.ozone.container.keyvalue.impl.BlockManagerImpl.persistPutBlock(BlockManagerImpl.java:160)
	at org.apache.hadoop.ozone.container.keyvalue.impl.BlockManagerImpl.putBlock(BlockManagerImpl.java:103)
	at org.apache.hadoop.ozone.container.keyvalue.KeyValueHandler.handlePutBlock(KeyValueHandler.java:490)
	... 19 more
22:25:06.679 [ChunkReader-1] ERROR DNAudit - user=null | ip=null | op=PUT_BLOCK {blockData=[blockId=conID: 8 locID: 109611004723200038 bcsId: 0, size=0]} | ret=FAILURE
java.lang.Exception: Put Key failed
	at org.apache.hadoop.ozone.container.common.impl.HddsDispatcher.dispatchRequest(HddsDispatcher.java:387) ~[hdds-container-service-1.3.0-SNAPSHOT.jar:?]
	at org.apache.hadoop.ozone.container.common.impl.HddsDispatcher.lambda$dispatch$0(HddsDispatcher.java:170) ~[hdds-container-service-1.3.0-SNAPSHOT.jar:?]
	at org.apache.hadoop.hdds.server.OzoneProtocolMessageDispatcher.processRequest(OzoneProtocolMessageDispatcher.java:87) [hdds-server-framework-1.3.0-SNAPSHOT.jar:?]
	at org.apache.hadoop.ozone.container.common.impl.HddsDispatcher.dispatch(HddsDispatcher.java:169) [hdds-container-service-1.3.0-SNAPSHOT.jar:?]
	at org.apache.hadoop.ozone.container.common.transport.server.GrpcXceiverService$1.onNext(GrpcXceiverService.java:57) [hdds-container-service-1.3.0-SNAPSHOT.jar:?]
	at org.apache.hadoop.ozone.container.common.transport.server.GrpcXceiverService$1.onNext(GrpcXceiverService.java:50) [hdds-container-service-1.3.0-SNAPSHOT.jar:?]
	at org.apache.ratis.thirdparty.io.grpc.stub.ServerCalls$StreamingServerCallHandler$StreamingServerCallListener.onMessage(ServerCalls.java:262) [ratis-thirdparty-misc-1.0.3.jar:1.0.3]
	at org.apache.ratis.thirdparty.io.grpc.ForwardingServerCallListener.onMessage(ForwardingServerCallListener.java:33) [ratis-thirdparty-misc-1.0.3.jar:1.0.3]
	at org.apache.hadoop.hdds.tracing.GrpcServerInterceptor$1.onMessage(GrpcServerInterceptor.java:49) [hdds-common-1.3.0-SNAPSHOT.jar:?]
	at org.apache.ratis.thirdparty.io.grpc.internal.ServerCallImpl$ServerStreamListenerImpl.messagesAvailableInternal(ServerCallImpl.java:332) [ratis-thirdparty-misc-1.0.3.jar:1.0.3]
	at org.apache.ratis.thirdparty.io.grpc.internal.ServerCallImpl$ServerStreamListenerImpl.messagesAvailable(ServerCallImpl.java:315) [ratis-thirdparty-misc-1.0.3.jar:1.0.3]
	at org.apache.ratis.thirdparty.io.grpc.internal.ServerImpl$JumpToApplicationThreadServerStreamListener$1MessagesAvailable.runInContext(ServerImpl.java:834) [ratis-thirdparty-misc-1.0.3.jar:1.0.3]
	at org.apache.ratis.thirdparty.io.grpc.internal.ContextRunnable.run(ContextRunnable.java:37) [ratis-thirdparty-misc-1.0.3.jar:1.0.3]
	at org.apache.ratis.thirdparty.io.grpc.internal.SerializingExecutor.run(SerializingExecutor.java:133) [ratis-thirdparty-misc-1.0.3.jar:1.0.3]
	at java.util.concurrent.ThreadPoolExecutor.runWorker(ThreadPoolExecutor.java:1149) [?:1.8.0_352]
	at java.util.concurrent.ThreadPoolExecutor$Worker.run(ThreadPoolExecutor.java:624) [?:1.8.0_352]
	at java.lang.Thread.run(Thread.java:750) [?:1.8.0_352]
2022-12-15 22:25:06,685 [EventQueue-CommandQueueReportForCommandQueueReportHandler] WARN  events.EventQueue (EventQueue.java:fireEvent(216)) - No event handler registered for event TypedEvent{payloadType=DatanodeDetails, name='Datanode_Command_Queue_Updated'}
2022-12-15 22:25:06,685 [FixedThreadPoolWithAffinityExecutor-8-0] WARN  container.IncrementalContainerReportHandler (AbstractContainerReportHandler.java:updateContainerState(259)) - Container #8 is in OPEN state, but the datanode 32a29ff3-6a5d-44ea-ab99-eb540d110b91{ip: 10.1.0.13, host: fv-az83-67.pawgbth4qraerhbqawdeo1jfng.dx.internal.cloudapp.net, ports: [REPLICATION=35675, RATIS=44149, RATIS_ADMIN=44149, RATIS_SERVER=44149, STANDALONE=42251], networkLocation: /default-rack, certSerialId: null, persistedOpState: IN_SERVICE, persistedOpStateExpiryEpochSec: 0} reports an UNHEALTHY replica.
2022-12-15 22:25:06,686 [ChunkReader-4] WARN  keyvalue.KeyValueContainer (KeyValueContainer.java:markContainerUnhealthy(339)) - Moving container /home/runner/work/ozone/ozone/hadoop-ozone/integration-test/target/test-dir/MiniOzoneClusterImpl-8de0408b-aba3-4dac-8bc3-86c38427f55c/datanode-1/data-0/containers/hdds/8de0408b-aba3-4dac-8bc3-86c38427f55c/current/containerDir0/8 to state UNHEALTHY from state:OPEN Trace:java.lang.Thread.getStackTrace(Thread.java:1564)
org.apache.hadoop.util.StringUtils.getStackTrace(StringUtils.java:1060)
org.apache.hadoop.ozone.container.keyvalue.KeyValueContainer.markContainerUnhealthy(KeyValueContainer.java:341)
org.apache.hadoop.ozone.container.keyvalue.KeyValueHandler.markContainerUnhealthy(KeyValueHandler.java:1020)
org.apache.hadoop.ozone.container.common.impl.HddsDispatcher.dispatchRequest(HddsDispatcher.java:358)
org.apache.hadoop.ozone.container.common.impl.HddsDispatcher.lambda$dispatch$0(HddsDispatcher.java:170)
org.apache.hadoop.hdds.server.OzoneProtocolMessageDispatcher.processRequest(OzoneProtocolMessageDispatcher.java:87)
org.apache.hadoop.ozone.container.common.impl.HddsDispatcher.dispatch(HddsDispatcher.java:169)
org.apache.hadoop.ozone.container.common.transport.server.GrpcXceiverService$1.onNext(GrpcXceiverService.java:57)
org.apache.hadoop.ozone.container.common.transport.server.GrpcXceiverService$1.onNext(GrpcXceiverService.java:50)
org.apache.ratis.thirdparty.io.grpc.stub.ServerCalls$StreamingServerCallHandler$StreamingServerCallListener.onMessage(ServerCalls.java:262)
org.apache.ratis.thirdparty.io.grpc.ForwardingServerCallListener.onMessage(ForwardingServerCallListener.java:33)
org.apache.hadoop.hdds.tracing.GrpcServerInterceptor$1.onMessage(GrpcServerInterceptor.java:49)
org.apache.ratis.thirdparty.io.grpc.internal.ServerCallImpl$ServerStreamListenerImpl.messagesAvailableInternal(ServerCallImpl.java:332)
org.apache.ratis.thirdparty.io.grpc.internal.ServerCallImpl$ServerStreamListenerImpl.messagesAvailable(ServerCallImpl.java:315)
org.apache.ratis.thirdparty.io.grpc.internal.ServerImpl$JumpToApplicationThreadServerStreamListener$1MessagesAvailable.runInContext(ServerImpl.java:834)
org.apache.ratis.thirdparty.io.grpc.internal.ContextRunnable.run(ContextRunnable.java:37)
org.apache.ratis.thirdparty.io.grpc.internal.SerializingExecutor.run(SerializingExecutor.java:133)
java.util.concurrent.ThreadPoolExecutor.runWorker(ThreadPoolExecutor.java:1149)
java.util.concurrent.ThreadPoolExecutor$Worker.run(ThreadPoolExecutor.java:624)
java.lang.Thread.run(Thread.java:750)

2022-12-15 22:25:06,689 [grpc-default-executor-11] WARN  server.GrpcLogAppender (LogUtils.java:warn(122)) - e8e5b30e-7bc8-404f-9c20-af07c60d3fc6@group-3082BBA5A279->8f60a940-96b6-4e56-be7d-0fd390058e9d-AppendLogResponseHandler: Failed appendEntries: org.apache.ratis.thirdparty.io.grpc.StatusRuntimeException: UNAVAILABLE: io exception
2022-12-15 22:25:06,689 [ChunkReader-4] ERROR server.GrpcXceiverService (GrpcXceiverService.java:onNext(60)) - Got exception when processing ContainerCommandRequestProto cmdType: PutBlock
traceID: ""
containerID: 8
datanodeUuid: "fdc88564-41ee-46e9-8562-705895de4359"
putBlock {
  blockData {
    blockID {
      containerID: 8
      localID: 109611004723200038
      blockCommitSequenceId: 0
      replicaIndex: 5
    }
    metadata {
      key: "TYPE"
      value: "KEY"
    }
    metadata {
      key: "blockGroupLen"
      value: "19"
    }
    chunks {
      chunkName: "109611004723200038_chunk_1"
      offset: 0
      len: 19
      checksumData {
        type: CRC32
        bytesPerChecksum: 1048576
        checksums: "E\366fm"
      }
      stripeChecksum: "\352h~\005\337\260U_E\366fm"
    }
  }
  eof: true
}

java.lang.NullPointerException
	at org.apache.hadoop.ozone.container.keyvalue.impl.BlockManagerImpl.persistPutBlock(BlockManagerImpl.java:154)
	at org.apache.hadoop.ozone.container.keyvalue.impl.BlockManagerImpl.putBlock(BlockManagerImpl.java:103)
	at org.apache.hadoop.ozone.container.keyvalue.KeyValueHandler.handlePutBlock(KeyValueHandler.java:490)
	at org.apache.hadoop.ozone.container.keyvalue.KeyValueHandler.dispatchRequest(KeyValueHandler.java:223)
	at org.apache.hadoop.ozone.container.keyvalue.KeyValueHandler.handle(KeyValueHandler.java:199)
	at org.apache.hadoop.ozone.container.common.impl.HddsDispatcher.dispatchRequest(HddsDispatcher.java:318)
	at org.apache.hadoop.ozone.container.common.impl.HddsDispatcher.lambda$dispatch$0(HddsDispatcher.java:170)
	at org.apache.hadoop.hdds.server.OzoneProtocolMessageDispatcher.processRequest(OzoneProtocolMessageDispatcher.java:87)
	at org.apache.hadoop.ozone.container.common.impl.HddsDispatcher.dispatch(HddsDispatcher.java:169)
	at org.apache.hadoop.ozone.container.common.transport.server.GrpcXceiverService$1.onNext(GrpcXceiverService.java:57)
	at org.apache.hadoop.ozone.container.common.transport.server.GrpcXceiverService$1.onNext(GrpcXceiverService.java:50)
	at org.apache.ratis.thirdparty.io.grpc.stub.ServerCalls$StreamingServerCallHandler$StreamingServerCallListener.onMessage(ServerCalls.java:262)
	at org.apache.ratis.thirdparty.io.grpc.ForwardingServerCallListener.onMessage(ForwardingServerCallListener.java:33)
	at org.apache.hadoop.hdds.tracing.GrpcServerInterceptor$1.onMessage(GrpcServerInterceptor.java:49)
	at org.apache.ratis.thirdparty.io.grpc.internal.ServerCallImpl$ServerStreamListenerImpl.messagesAvailableInternal(ServerCallImpl.java:332)
	at org.apache.ratis.thirdparty.io.grpc.internal.ServerCallImpl$ServerStreamListenerImpl.messagesAvailable(ServerCallImpl.java:315)
	at org.apache.ratis.thirdparty.io.grpc.internal.ServerImpl$JumpToApplicationThreadServerStreamListener$1MessagesAvailable.runInContext(ServerImpl.java:834)
	at org.apache.ratis.thirdparty.io.grpc.internal.ContextRunnable.run(ContextRunnable.java:37)
	at org.apache.ratis.thirdparty.io.grpc.internal.SerializingExecutor.run(SerializingExecutor.java:133)
	at java.util.concurrent.ThreadPoolExecutor.runWorker(ThreadPoolExecutor.java:1149)
	at java.util.concurrent.ThreadPoolExecutor$Worker.run(ThreadPoolExecutor.java:624)
	at java.lang.Thread.run(Thread.java:750)
2022-12-15 22:25:06,689 [grpc-default-executor-11] INFO  leader.FollowerInfo (FollowerInfoImpl.java:lambda$new$0(48)) - e8e5b30e-7bc8-404f-9c20-af07c60d3fc6@group-3082BBA5A279->8f60a940-96b6-4e56-be7d-0fd390058e9d: nextIndex: updateUnconditionally 44 -> 43
2022-12-15 22:25:06,690 [grpc-default-executor-9] WARN  server.GrpcLogAppender (LogUtils.java:warn(122)) - e8e5b30e-7bc8-404f-9c20-af07c60d3fc6@group-3082BBA5A279->8f60a940-96b6-4e56-be7d-0fd390058e9d-AppendLogResponseHandler: Failed appendEntries: org.apache.ratis.thirdparty.io.grpc.StatusRuntimeException: UNAVAILABLE: io exception
2022-12-15 22:25:06,690 [grpc-default-executor-9] INFO  leader.FollowerInfo (FollowerInfoImpl.java:lambda$new$0(48)) - e8e5b30e-7bc8-404f-9c20-af07c60d3fc6@group-3082BBA5A279->8f60a940-96b6-4e56-be7d-0fd390058e9d: nextIndex: updateUnconditionally 43 -> 42
2022-12-15 22:25:06,698 [ChunkReader-4] INFO  impl.HddsDispatcher (HddsDispatcher.java:dispatchRequest(359)) - Marked Container UNHEALTHY, ContainerID: 8
2022-12-15 22:25:06,699 [EventQueue-CommandQueueReportForCommandQueueReportHandler] WARN  events.EventQueue (EventQueue.java:fireEvent(216)) - No event handler registered for event TypedEvent{payloadType=DatanodeDetails, name='Datanode_Command_Queue_Updated'}
22:25:06.705 [ChunkReader-4] ERROR DNAudit - user=null | ip=null | op=PUT_BLOCK {blockData=[blockId=conID: 8 locID: 109611004723200038 bcsId: 0, size=19]} | ret=FAILURE
java.lang.Exception: Put Key failed
	at org.apache.hadoop.ozone.container.common.impl.HddsDispatcher.dispatchRequest(HddsDispatcher.java:387) ~[hdds-container-service-1.3.0-SNAPSHOT.jar:?]
	at org.apache.hadoop.ozone.container.common.impl.HddsDispatcher.lambda$dispatch$0(HddsDispatcher.java:170) ~[hdds-container-service-1.3.0-SNAPSHOT.jar:?]
	at org.apache.hadoop.hdds.server.OzoneProtocolMessageDispatcher.processRequest(OzoneProtocolMessageDispatcher.java:87) [hdds-server-framework-1.3.0-SNAPSHOT.jar:?]
	at org.apache.hadoop.ozone.container.common.impl.HddsDispatcher.dispatch(HddsDispatcher.java:169) [hdds-container-service-1.3.0-SNAPSHOT.jar:?]
	at org.apache.hadoop.ozone.container.common.transport.server.GrpcXceiverService$1.onNext(GrpcXceiverService.java:57) [hdds-container-service-1.3.0-SNAPSHOT.jar:?]
	at org.apache.hadoop.ozone.container.common.transport.server.GrpcXceiverService$1.onNext(GrpcXceiverService.java:50) [hdds-container-service-1.3.0-SNAPSHOT.jar:?]
	at org.apache.ratis.thirdparty.io.grpc.stub.ServerCalls$StreamingServerCallHandler$StreamingServerCallListener.onMessage(ServerCalls.java:262) [ratis-thirdparty-misc-1.0.3.jar:1.0.3]
	at org.apache.ratis.thirdparty.io.grpc.ForwardingServerCallListener.onMessage(ForwardingServerCallListener.java:33) [ratis-thirdparty-misc-1.0.3.jar:1.0.3]
	at org.apache.hadoop.hdds.tracing.GrpcServerInterceptor$1.onMessage(GrpcServerInterceptor.java:49) [hdds-common-1.3.0-SNAPSHOT.jar:?]
	at org.apache.ratis.thirdparty.io.grpc.internal.ServerCallImpl$ServerStreamListenerImpl.messagesAvailableInternal(ServerCallImpl.java:332) [ratis-thirdparty-misc-1.0.3.jar:1.0.3]
	at org.apache.ratis.thirdparty.io.grpc.internal.ServerCallImpl$ServerStreamListenerImpl.messagesAvailable(ServerCallImpl.java:315) [ratis-thirdparty-misc-1.0.3.jar:1.0.3]
	at org.apache.ratis.thirdparty.io.grpc.internal.ServerImpl$JumpToApplicationThreadServerStreamListener$1MessagesAvailable.runInContext(ServerImpl.java:834) [ratis-thirdparty-misc-1.0.3.jar:1.0.3]
	at org.apache.ratis.thirdparty.io.grpc.internal.ContextRunnable.run(ContextRunnable.java:37) [ratis-thirdparty-misc-1.0.3.jar:1.0.3]
	at org.apache.ratis.thirdparty.io.grpc.internal.SerializingExecutor.run(SerializingExecutor.java:133) [ratis-thirdparty-misc-1.0.3.jar:1.0.3]
	at java.util.concurrent.ThreadPoolExecutor.runWorker(ThreadPoolExecutor.java:1149) [?:1.8.0_352]
	at java.util.concurrent.ThreadPoolExecutor$Worker.run(ThreadPoolExecutor.java:624) [?:1.8.0_352]
	at java.lang.Thread.run(Thread.java:750) [?:1.8.0_352]
2022-12-15 22:25:06,706 [FixedThreadPoolWithAffinityExecutor-9-0] WARN  container.IncrementalContainerReportHandler (AbstractContainerReportHandler.java:updateContainerState(259)) - Container #8 is in OPEN state, but the datanode 2f08c7e9-67eb-4957-a8d6-c8a96a167068{ip: 10.1.0.13, host: fv-az83-67.pawgbth4qraerhbqawdeo1jfng.dx.internal.cloudapp.net, ports: [REPLICATION=36581, RATIS=42363, RATIS_ADMIN=42363, RATIS_SERVER=42363, STANDALONE=42153], networkLocation: /default-rack, certSerialId: null, persistedOpState: IN_SERVICE, persistedOpStateExpiryEpochSec: 0} reports an UNHEALTHY replica.
2022-12-15 22:25:06,708 [ForkJoinPool.commonPool-worker-0] INFO  volume.HddsVolume (HddsVolume.java:closeDbStore(338)) - SchemaV3 db is stopped at /home/runner/work/ozone/ozone/hadoop-ozone/integration-test/target/test-dir/MiniOzoneClusterImpl-7ebd74d5-b584-41fd-87ac-b5ab61d054aa/datanode-1/data-0/containers/hdds/7ebd74d5-b584-41fd-87ac-b5ab61d054aa/DS-0eb7a1a2-a509-4eb1-85fe-6f498c72925c/container.db for volume DS-0eb7a1a2-a509-4eb1-85fe-6f498c72925c
2022-12-15 22:25:06,711 [Mini-Cluster-Provider-Reap] INFO  volume.HddsVolume (HddsVolume.java:closeDbStore(338)) - SchemaV3 db is stopped at /home/runner/work/ozone/ozone/hadoop-ozone/integration-test/target/test-dir/MiniOzoneClusterImpl-7ebd74d5-b584-41fd-87ac-b5ab61d054aa/datanode-4/data-0/containers/hdds/7ebd74d5-b584-41fd-87ac-b5ab61d054aa/DS-279732cb-efae-4cdf-9b9e-f14a6f41f465/container.db for volume DS-279732cb-efae-4cdf-9b9e-f14a6f41f465
2022-12-15 22:25:06,711 [ForkJoinPool.commonPool-worker-0] INFO  utils.BackgroundService (BackgroundService.java:shutdown(141)) - Shutting down service BlockDeletingService
2022-12-15 22:25:06,713 [ForkJoinPool.commonPool-worker-0] INFO  utils.BackgroundService (BackgroundService.java:shutdown(141)) - Shutting down service StaleRecoveringContainerScrubbingService
2022-12-15 22:25:06,713 [EventQueue-CloseContainerForCloseContainerEventHandler] INFO  container.CloseContainerEventHandler (CloseContainerEventHandler.java:onMessage(73)) - Close container Event triggered for container : #8, current state: OPEN
2022-12-15 22:25:06,718 [Mini-Cluster-Provider-Reap] INFO  utils.BackgroundService (BackgroundService.java:shutdown(141)) - Shutting down service BlockDeletingService
2022-12-15 22:25:06,728 [ForkJoinPool.commonPool-worker-0] INFO  statemachine.DatanodeStateMachine (DatanodeStateMachine.java:stopDaemon(597)) - Ozone container server stopped.
2022-12-15 22:25:06,728 [Mini-Cluster-Provider-Reap] INFO  utils.BackgroundService (BackgroundService.java:shutdown(141)) - Shutting down service StaleRecoveringContainerScrubbingService
2022-12-15 22:25:06,744 [Mini-Cluster-Provider-Reap] INFO  statemachine.DatanodeStateMachine (DatanodeStateMachine.java:stopDaemon(597)) - Ozone container server stopped.
2022-12-15 22:25:06,753 [IPC Server handler 14 on default port 39781] ERROR pipeline.WritableECContainerProvider (WritableECContainerProvider.java:getContainer(156)) - Unable to allocate a container for EC/ECReplicationConfig{data=3, parity=2, ecChunkSize=1048576, codec=rs} after trying all existing containers
org.apache.hadoop.hdds.scm.exceptions.SCMException: No enough datanodes to choose. TotalNode = 7 AvailableNode = 4 RequiredNode = 5 ExcludedNode = 3
	at org.apache.hadoop.hdds.scm.container.placement.algorithms.SCMContainerPlacementRackScatter.chooseDatanodesInternal(SCMContainerPlacementRackScatter.java:238)
	at org.apache.hadoop.hdds.scm.SCMCommonPlacementPolicy.chooseDatanodes(SCMCommonPlacementPolicy.java:180)
	at org.apache.hadoop.hdds.scm.SCMCommonPlacementPolicy.chooseDatanodes(SCMCommonPlacementPolicy.java:122)
	at org.apache.hadoop.hdds.scm.pipeline.ECPipelineProvider.create(ECPipelineProvider.java:74)
	at org.apache.hadoop.hdds.scm.pipeline.ECPipelineProvider.create(ECPipelineProvider.java:40)
	at org.apache.hadoop.hdds.scm.pipeline.PipelineFactory.create(PipelineFactory.java:89)
	at org.apache.hadoop.hdds.scm.pipeline.PipelineManagerImpl.createPipeline(PipelineManagerImpl.java:225)
	at org.apache.hadoop.hdds.scm.pipeline.WritableECContainerProvider.allocateContainer(WritableECContainerProvider.java:171)
	at org.apache.hadoop.hdds.scm.pipeline.WritableECContainerProvider.getContainer(WritableECContainerProvider.java:153)
	at org.apache.hadoop.hdds.scm.pipeline.WritableECContainerProvider.getContainer(WritableECContainerProvider.java:52)
	at org.apache.hadoop.hdds.scm.pipeline.WritableContainerFactory.getContainer(WritableContainerFactory.java:60)
	at org.apache.hadoop.hdds.scm.block.BlockManagerImpl.allocateBlock(BlockManagerImpl.java:177)
	at org.apache.hadoop.hdds.scm.server.SCMBlockProtocolServer.allocateBlock(SCMBlockProtocolServer.java:194)
	at org.apache.hadoop.hdds.scm.protocol.ScmBlockLocationProtocolServerSideTranslatorPB.allocateScmBlock(ScmBlockLocationProtocolServerSideTranslatorPB.java:192)
	at org.apache.hadoop.hdds.scm.protocol.ScmBlockLocationProtocolServerSideTranslatorPB.processMessage(ScmBlockLocationProtocolServerSideTranslatorPB.java:142)
	at org.apache.hadoop.hdds.server.OzoneProtocolMessageDispatcher.processRequest(OzoneProtocolMessageDispatcher.java:87)
	at org.apache.hadoop.hdds.scm.protocol.ScmBlockLocationProtocolServerSideTranslatorPB.send(ScmBlockLocationProtocolServerSideTranslatorPB.java:113)
	at org.apache.hadoop.hdds.protocol.proto.ScmBlockLocationProtocolProtos$ScmBlockLocationProtocolService$2.callBlockingMethod(ScmBlockLocationProtocolProtos.java:14202)
	at org.apache.hadoop.ipc.ProtobufRpcEngine$Server.processCall(ProtobufRpcEngine.java:465)
	at org.apache.hadoop.ipc.ProtobufRpcEngine2$Server$ProtoBufRpcInvoker.call(ProtobufRpcEngine2.java:578)
	at org.apache.hadoop.ipc.ProtobufRpcEngine2$Server$ProtoBufRpcInvoker.call(ProtobufRpcEngine2.java:556)
	at org.apache.hadoop.ipc.RPC$Server.call(RPC.java:1093)
	at org.apache.hadoop.ipc.Server$RpcCall.run(Server.java:1043)
	at org.apache.hadoop.ipc.Server$RpcCall.run(Server.java:971)
	at java.security.AccessController.doPrivileged(Native Method)
	at javax.security.auth.Subject.doAs(Subject.java:422)
	at org.apache.hadoop.security.UserGroupInformation.doAs(UserGroupInformation.java:1878)
	at org.apache.hadoop.ipc.Server$Handler.run(Server.java:2976)
22:25:06.754 [IPC Server handler 14 on default port 39781] ERROR SCMAudit - user=runner | ip=10.1.0.13 | op=ALLOCATE_BLOCK {replication=EC/ECReplicationConfig{data=3, parity=2, ecChunkSize=1048576, codec=rs}, owner=om1, size=4194304, num=1} | ret=FAILURE
org.apache.hadoop.hdds.scm.exceptions.SCMException: No enough datanodes to choose. TotalNode = 7 AvailableNode = 4 RequiredNode = 5 ExcludedNode = 3
	at org.apache.hadoop.hdds.scm.container.placement.algorithms.SCMContainerPlacementRackScatter.chooseDatanodesInternal(SCMContainerPlacementRackScatter.java:238) ~[hdds-server-scm-1.3.0-SNAPSHOT.jar:?]
	at org.apache.hadoop.hdds.scm.SCMCommonPlacementPolicy.chooseDatanodes(SCMCommonPlacementPolicy.java:180) ~[hdds-server-scm-1.3.0-SNAPSHOT.jar:?]
	at org.apache.hadoop.hdds.scm.SCMCommonPlacementPolicy.chooseDatanodes(SCMCommonPlacementPolicy.java:122) ~[hdds-server-scm-1.3.0-SNAPSHOT.jar:?]
	at org.apache.hadoop.hdds.scm.pipeline.ECPipelineProvider.create(ECPipelineProvider.java:74) ~[hdds-server-scm-1.3.0-SNAPSHOT.jar:?]
	at org.apache.hadoop.hdds.scm.pipeline.ECPipelineProvider.create(ECPipelineProvider.java:40) ~[hdds-server-scm-1.3.0-SNAPSHOT.jar:?]
	at org.apache.hadoop.hdds.scm.pipeline.PipelineFactory.create(PipelineFactory.java:89) ~[hdds-server-scm-1.3.0-SNAPSHOT.jar:?]
	at org.apache.hadoop.hdds.scm.pipeline.PipelineManagerImpl.createPipeline(PipelineManagerImpl.java:225) ~[hdds-server-scm-1.3.0-SNAPSHOT.jar:?]
	at org.apache.hadoop.hdds.scm.pipeline.WritableECContainerProvider.allocateContainer(WritableECContainerProvider.java:171) ~[hdds-server-scm-1.3.0-SNAPSHOT.jar:?]
	at org.apache.hadoop.hdds.scm.pipeline.WritableECContainerProvider.getContainer(WritableECContainerProvider.java:153) ~[hdds-server-scm-1.3.0-SNAPSHOT.jar:?]
	at org.apache.hadoop.hdds.scm.pipeline.WritableECContainerProvider.getContainer(WritableECContainerProvider.java:52) ~[hdds-server-scm-1.3.0-SNAPSHOT.jar:?]
	at org.apache.hadoop.hdds.scm.pipeline.WritableContainerFactory.getContainer(WritableContainerFactory.java:60) ~[hdds-server-scm-1.3.0-SNAPSHOT.jar:?]
	at org.apache.hadoop.hdds.scm.block.BlockManagerImpl.allocateBlock(BlockManagerImpl.java:177) ~[hdds-server-scm-1.3.0-SNAPSHOT.jar:?]
	at org.apache.hadoop.hdds.scm.server.SCMBlockProtocolServer.allocateBlock(SCMBlockProtocolServer.java:194) ~[hdds-server-scm-1.3.0-SNAPSHOT.jar:?]
	at org.apache.hadoop.hdds.scm.protocol.ScmBlockLocationProtocolServerSideTranslatorPB.allocateScmBlock(ScmBlockLocationProtocolServerSideTranslatorPB.java:192) ~[hdds-server-scm-1.3.0-SNAPSHOT.jar:?]
	at org.apache.hadoop.hdds.scm.protocol.ScmBlockLocationProtocolServerSideTranslatorPB.processMessage(ScmBlockLocationProtocolServerSideTranslatorPB.java:142) ~[hdds-server-scm-1.3.0-SNAPSHOT.jar:?]
	at org.apache.hadoop.hdds.server.OzoneProtocolMessageDispatcher.processRequest(OzoneProtocolMessageDispatcher.java:87) [hdds-server-framework-1.3.0-SNAPSHOT.jar:?]
	at org.apache.hadoop.hdds.scm.protocol.ScmBlockLocationProtocolServerSideTranslatorPB.send(ScmBlockLocationProtocolServerSideTranslatorPB.java:113) [hdds-server-scm-1.3.0-SNAPSHOT.jar:?]
	at org.apache.hadoop.hdds.protocol.proto.ScmBlockLocationProtocolProtos$ScmBlockLocationProtocolService$2.callBlockingMethod(ScmBlockLocationProtocolProtos.java:14202) [hdds-interface-server-1.3.0-SNAPSHOT.jar:?]
	at org.apache.hadoop.ipc.ProtobufRpcEngine$Server.processCall(ProtobufRpcEngine.java:465) [hadoop-common-3.3.4.jar:?]
	at org.apache.hadoop.ipc.ProtobufRpcEngine2$Server$ProtoBufRpcInvoker.call(ProtobufRpcEngine2.java:578) [hadoop-common-3.3.4.jar:?]
	at org.apache.hadoop.ipc.ProtobufRpcEngine2$Server$ProtoBufRpcInvoker.call(ProtobufRpcEngine2.java:556) [hadoop-common-3.3.4.jar:?]
	at org.apache.hadoop.ipc.RPC$Server.call(RPC.java:1093) [hadoop-common-3.3.4.jar:?]
	at org.apache.hadoop.ipc.Server$RpcCall.run(Server.java:1043) [hadoop-common-3.3.4.jar:?]
	at org.apache.hadoop.ipc.Server$RpcCall.run(Server.java:971) [hadoop-common-3.3.4.jar:?]
	at java.security.AccessController.doPrivileged(Native Method) ~[?:1.8.0_352]
	at javax.security.auth.Subject.doAs(Subject.java:422) [?:1.8.0_352]
	at org.apache.hadoop.security.UserGroupInformation.doAs(UserGroupInformation.java:1878) [hadoop-common-3.3.4.jar:?]
	at org.apache.hadoop.ipc.Server$Handler.run(Server.java:2976) [hadoop-common-3.3.4.jar:?]
2022-12-15 22:25:06,759 [Mini-Cluster-Provider-Reap] INFO  handler.ContextHandler (ContextHandler.java:doStop(1159)) - Stopped o.e.j.w.WebAppContext@17e60c10{hddsDatanode,/,null,STOPPED}{jar:file:/home/runner/.m2/repository/org/apache/ozone/hdds-container-service/1.3.0-SNAPSHOT/hdds-container-service-1.3.0-SNAPSHOT.jar!/webapps/hddsDatanode}
2022-12-15 22:25:06,761 [ForkJoinPool.commonPool-worker-0] INFO  handler.ContextHandler (ContextHandler.java:doStop(1159)) - Stopped o.e.j.w.WebAppContext@36dfd9d3{hddsDatanode,/,null,STOPPED}{jar:file:/home/runner/.m2/repository/org/apache/ozone/hdds-container-service/1.3.0-SNAPSHOT/hdds-container-service-1.3.0-SNAPSHOT.jar!/webapps/hddsDatanode}
2022-12-15 22:25:06,761 [ForkJoinPool.commonPool-worker-0] INFO  server.AbstractConnector (AbstractConnector.java:doStop(383)) - Stopped ServerConnector@2d5bfd9b{HTTP/1.1, (http/1.1)}{0.0.0.0:0}
2022-12-15 22:25:06,761 [ForkJoinPool.commonPool-worker-0] INFO  server.session (HouseKeeper.java:stopScavenging(149)) - node0 Stopped scavenging
2022-12-15 22:25:06,762 [ForkJoinPool.commonPool-worker-0] INFO  handler.ContextHandler (ContextHandler.java:doStop(1159)) - Stopped o.e.j.s.ServletContextHandler@4e6a713d{static,/static,jar:file:/home/runner/.m2/repository/org/apache/ozone/hdds-container-service/1.3.0-SNAPSHOT/hdds-container-service-1.3.0-SNAPSHOT.jar!/webapps/static,STOPPED}
2022-12-15 22:25:06,762 [ForkJoinPool.commonPool-worker-0] INFO  handler.ContextHandler (ContextHandler.java:doStop(1159)) - Stopped o.e.j.s.ServletContextHandler@7e3a6c05{logs,/logs,file:///home/runner/work/ozone/ozone/hadoop-ozone/integration-test/target/log,STOPPED}
2022-12-15 22:25:06,768 [ForkJoinPool.commonPool-worker-0] INFO  ozoneimpl.OzoneContainer (OzoneContainer.java:stop(417)) - Attempting to stop container services.
2022-12-15 22:25:06,777 [ForkJoinPool.commonPool-worker-0] INFO  server.RaftServer (RaftServerProxy.java:lambda$close$6(409)) - 7cbd30ef-5efa-47c4-878f-37fd21b72a1f: close
2022-12-15 22:25:06,777 [ForkJoinPool.commonPool-worker-0] INFO  server.GrpcService (GrpcService.java:closeImpl(271)) - 7cbd30ef-5efa-47c4-878f-37fd21b72a1f: shutdown server GrpcServerProtocolService now
2022-12-15 22:25:06,779 [ForkJoinPool.commonPool-worker-0] INFO  server.GrpcServerProtocolClient (GrpcServerProtocolClient.java:close(101)) - 3dc703fd-a9aa-4377-8f15-42699bae88b2 Close channels
2022-12-15 22:25:06,779 [ForkJoinPool.commonPool-worker-0] INFO  server.GrpcServerProtocolClient (GrpcServerProtocolClient.java:close(101)) - f916de15-f456-4141-a293-b0630a66a6dd Close channels
2022-12-15 22:25:06,781 [grpc-default-executor-9] WARN  server.GrpcClientProtocolService (LogUtils.java:warn(122)) - 1-UnorderedRequestStreamObserver1: onError: org.apache.ratis.thirdparty.io.grpc.StatusRuntimeException: CANCELLED: client cancelled
2022-12-15 22:25:06,781 [Mini-Cluster-Provider-Reap] INFO  server.AbstractConnector (AbstractConnector.java:doStop(383)) - Stopped ServerConnector@4f485a1d{HTTP/1.1, (http/1.1)}{0.0.0.0:0}
2022-12-15 22:25:06,782 [Mini-Cluster-Provider-Reap] INFO  server.session (HouseKeeper.java:stopScavenging(149)) - node0 Stopped scavenging
2022-12-15 22:25:06,782 [Mini-Cluster-Provider-Reap] INFO  handler.ContextHandler (ContextHandler.java:doStop(1159)) - Stopped o.e.j.s.ServletContextHandler@6f368d3b{static,/static,jar:file:/home/runner/.m2/repository/org/apache/ozone/hdds-container-service/1.3.0-SNAPSHOT/hdds-container-service-1.3.0-SNAPSHOT.jar!/webapps/static,STOPPED}
2022-12-15 22:25:06,782 [Mini-Cluster-Provider-Reap] INFO  handler.ContextHandler (ContextHandler.java:doStop(1159)) - Stopped o.e.j.s.ServletContextHandler@2fc08fe5{logs,/logs,file:///home/runner/work/ozone/ozone/hadoop-ozone/integration-test/target/log,STOPPED}
]]></system-out>
    <system-err><![CDATA[Dec 15, 2022 10:25:06 PM org.apache.ratis.thirdparty.io.grpc.internal.SerializingExecutor run
SEVERE: Exception while executing runnable org.apache.ratis.thirdparty.io.grpc.internal.ServerImpl$JumpToApplicationThreadServerStreamListener$1HalfClosed@75a1065e
java.lang.IllegalStateException: call already closed
	at org.apache.ratis.thirdparty.com.google.common.base.Preconditions.checkState(Preconditions.java:502)
	at org.apache.ratis.thirdparty.io.grpc.internal.ServerCallImpl.closeInternal(ServerCallImpl.java:218)
	at org.apache.ratis.thirdparty.io.grpc.internal.ServerCallImpl.close(ServerCallImpl.java:211)
	at org.apache.ratis.thirdparty.io.grpc.stub.ServerCalls$ServerCallStreamObserverImpl.onCompleted(ServerCalls.java:395)
	at org.apache.hadoop.ozone.container.common.transport.server.GrpcXceiverService$1.onCompleted(GrpcXceiverService.java:76)
	at org.apache.ratis.thirdparty.io.grpc.stub.ServerCalls$StreamingServerCallHandler$StreamingServerCallListener.onHalfClose(ServerCalls.java:273)
	at org.apache.ratis.thirdparty.io.grpc.PartialForwardingServerCallListener.onHalfClose(PartialForwardingServerCallListener.java:35)
	at org.apache.ratis.thirdparty.io.grpc.ForwardingServerCallListener.onHalfClose(ForwardingServerCallListener.java:23)
	at org.apache.ratis.thirdparty.io.grpc.ForwardingServerCallListener$SimpleForwardingServerCallListener.onHalfClose(ForwardingServerCallListener.java:40)
	at org.apache.ratis.thirdparty.io.grpc.internal.ServerCallImpl$ServerStreamListenerImpl.halfClosed(ServerCallImpl.java:354)
	at org.apache.ratis.thirdparty.io.grpc.internal.ServerImpl$JumpToApplicationThreadServerStreamListener$1HalfClosed.runInContext(ServerImpl.java:866)
	at org.apache.ratis.thirdparty.io.grpc.internal.ContextRunnable.run(ContextRunnable.java:37)
	at org.apache.ratis.thirdparty.io.grpc.internal.SerializingExecutor.run(SerializingExecutor.java:133)
	at java.util.concurrent.ThreadPoolExecutor.runWorker(ThreadPoolExecutor.java:1149)
	at java.util.concurrent.ThreadPoolExecutor$Worker.run(ThreadPoolExecutor.java:624)
	at java.lang.Thread.run(Thread.java:750)

]]></system-err>
  </testcase>
</testsuite>