<?xml version="1.0" encoding="UTF-8"?>
<testsuite xmlns:xsi="http://www.w3.org/2001/XMLSchema-instance" xsi:noNamespaceSchemaLocation="https://maven.apache.org/surefire/maven-surefire-plugin/xsd/surefire-test-report-3.0.xsd" version="3.0" name="org.apache.hadoop.fs.ozone.TestRootedOzoneFileSystemWithFSO" time="186.903" tests="106" errors="1" skipped="16" failures="1">
  <properties>
    <property name="awt.toolkit" value="sun.awt.X11.XToolkit"/>
    <property name="file.encoding.pkg" value="sun.io"/>
    <property name="java.specification.version" value="1.8"/>
    <property name="sun.cpu.isalist" value=""/>
    <property name="sun.jnu.encoding" value="UTF-8"/>
    <property name="java.class.path" value="/home/runner/work/ozone/ozone/hadoop-ozone/integration-test/target/test-classes:/home/runner/work/ozone/ozone/hadoop-ozone/integration-test/target/classes:/home/runner/.m2/repository/org/apache/ozone/ozone-common/1.4.0-SNAPSHOT/ozone-common-1.4.0-SNAPSHOT.jar:/home/runner/.m2/repository/io/grpc/grpc-netty/1.51.1/grpc-netty-1.51.1.jar:/home/runner/.m2/repository/io/grpc/grpc-core/1.51.1/grpc-core-1.51.1.jar:/home/runner/.m2/repository/com/google/android/annotations/4.1.1.4/annotations-4.1.1.4.jar:/home/runner/.m2/repository/org/codehaus/mojo/animal-sniffer-annotations/1.21/animal-sniffer-annotations-1.21.jar:/home/runner/.m2/repository/com/google/errorprone/error_prone_annotations/2.2.0/error_prone_annotations-2.2.0.jar:/home/runner/.m2/repository/io/perfmark/perfmark-api/0.25.0/perfmark-api-0.25.0.jar:/home/runner/.m2/repository/io/netty/netty-codec-http2/4.1.86.Final/netty-codec-http2-4.1.86.Final.jar:/home/runner/.m2/repository/io/netty/netty-common/4.1.86.Final/netty-common-4.1.86.Final.jar:/home/runner/.m2/repository/io/netty/netty-buffer/4.1.86.Final/netty-buffer-4.1.86.Final.jar:/home/runner/.m2/repository/io/netty/netty-codec-http/4.1.86.Final/netty-codec-http-4.1.86.Final.jar:/home/runner/.m2/repository/io/netty/netty-handler-proxy/4.1.86.Final/netty-handler-proxy-4.1.86.Final.jar:/home/runner/.m2/repository/io/netty/netty-codec-socks/4.1.86.Final/netty-codec-socks-4.1.86.Final.jar:/home/runner/.m2/repository/io/netty/netty-tcnative-boringssl-static/2.0.54.Final/netty-tcnative-boringssl-static-2.0.54.Final.jar:/home/runner/.m2/repository/io/netty/netty-tcnative-classes/2.0.54.Final/netty-tcnative-classes-2.0.54.Final.jar:/home/runner/.m2/repository/io/netty/netty-tcnative-boringssl-static/2.0.54.Final/netty-tcnative-boringssl-static-2.0.54.Final-linux-x86_64.jar:/home/runner/.m2/repository/io/netty/netty-tcnative-boringssl-static/2.0.54.Final/netty-tcnative-boringssl-static-2.0.54.Final-linux-aarch_64.jar:/home/runner/.m2/repository/io/netty/netty-tcnative-boringssl-static/2.0.54.Final/netty-tcnative-boringssl-static-2.0.54.Final-osx-x86_64.jar:/home/runner/.m2/repository/io/netty/netty-tcnative-boringssl-static/2.0.54.Final/netty-tcnative-boringssl-static-2.0.54.Final-osx-aarch_64.jar:/home/runner/.m2/repository/io/netty/netty-tcnative-boringssl-static/2.0.54.Final/netty-tcnative-boringssl-static-2.0.54.Final-windows-x86_64.jar:/home/runner/.m2/repository/org/apache/commons/commons-compress/1.21/commons-compress-1.21.jar:/home/runner/.m2/repository/org/apache/ozone/hdds-common/1.4.0-SNAPSHOT/hdds-common-1.4.0-SNAPSHOT.jar:/home/runner/.m2/repository/org/apache/ozone/hdds-client/1.4.0-SNAPSHOT/hdds-client-1.4.0-SNAPSHOT.jar:/home/runner/.m2/repository/org/apache/ozone/ozone-interface-client/1.4.0-SNAPSHOT/ozone-interface-client-1.4.0-SNAPSHOT.jar:/home/runner/.m2/repository/org/apache/hadoop/hadoop-hdfs-client/3.3.5/hadoop-hdfs-client-3.3.5.jar:/home/runner/.m2/repository/com/squareup/okhttp3/okhttp/4.9.3/okhttp-4.9.3.jar:/home/runner/.m2/repository/com/squareup/okio/okio/2.8.0/okio-2.8.0.jar:/home/runner/.m2/repository/org/jetbrains/kotlin/kotlin-stdlib-common/1.6.21/kotlin-stdlib-common-1.6.21.jar:/home/runner/.m2/repository/org/apache/ozone/hdds-test-utils/1.4.0-SNAPSHOT/hdds-test-utils-1.4.0-SNAPSHOT.jar:/home/runner/.m2/repository/com/google/guava/guava/32.0.0-jre/guava-32.0.0-jre.jar:/home/runner/.m2/repository/com/google/guava/failureaccess/1.0.1/failureaccess-1.0.1.jar:/home/runner/.m2/repository/com/google/guava/listenablefuture/9999.0-empty-to-avoid-conflict-with-guava/listenablefuture-9999.0-empty-to-avoid-conflict-with-guava.jar:/home/runner/.m2/repository/com/google/code/findbugs/jsr305/3.0.0/jsr305-3.0.0.jar:/home/runner/.m2/repository/org/checkerframework/checker-qual/3.33.0/checker-qual-3.33.0.jar:/home/runner/.m2/repository/com/google/j2objc/j2objc-annotations/2.8/j2objc-annotations-2.8.jar:/home/runner/.m2/repository/commons-io/commons-io/2.11.0/commons-io-2.11.0.jar:/home/runner/.m2/repository/commons-logging/commons-logging/1.2/commons-logging-1.2.jar:/home/runner/.m2/repository/ch/qos/reload4j/reload4j/1.2.22/reload4j-1.2.22.jar:/home/runner/.m2/repository/org/slf4j/slf4j-api/1.7.36/slf4j-api-1.7.36.jar:/home/runner/.m2/repository/org/apache/ozone/hdds-server-scm/1.4.0-SNAPSHOT/hdds-server-scm-1.4.0-SNAPSHOT.jar:/home/runner/.m2/repository/org/apache/ozone/hdds-container-service/1.4.0-SNAPSHOT/hdds-container-service-1.4.0-SNAPSHOT.jar:/home/runner/.m2/repository/org/apache/ozone/hdds-hadoop-dependency-server/1.4.0-SNAPSHOT/hdds-hadoop-dependency-server-1.4.0-SNAPSHOT.jar:/home/runner/.m2/repository/org/apache/hadoop/hadoop-hdfs/3.3.5/hadoop-hdfs-3.3.5.jar:/home/runner/.m2/repository/commons-daemon/commons-daemon/1.0.13/commons-daemon-1.0.13.jar:/home/runner/.m2/repository/org/apache/ozone/hdds-server-framework/1.4.0-SNAPSHOT/hdds-server-framework-1.4.0-SNAPSHOT.jar:/home/runner/.m2/repository/io/dropwizard/metrics/metrics-core/3.2.4/metrics-core-3.2.4.jar:/home/runner/.m2/repository/org/apache/commons/commons-text/1.10.0/commons-text-1.10.0.jar:/home/runner/.m2/repository/org/bouncycastle/bcprov-jdk15on/1.67/bcprov-jdk15on-1.67.jar:/home/runner/.m2/repository/com/google/protobuf/protobuf-java/2.5.0/protobuf-java-2.5.0.jar:/home/runner/.m2/repository/org/apache/ozone/hdds-server-framework/1.4.0-SNAPSHOT/hdds-server-framework-1.4.0-SNAPSHOT-tests.jar:/home/runner/.m2/repository/org/apache/ozone/hdds-interface-server/1.4.0-SNAPSHOT/hdds-interface-server-1.4.0-SNAPSHOT.jar:/home/runner/.m2/repository/org/apache/ozone/hdds-interface-admin/1.4.0-SNAPSHOT/hdds-interface-admin-1.4.0-SNAPSHOT.jar:/home/runner/.m2/repository/org/apache/ozone/hdds-managed-rocksdb/1.4.0-SNAPSHOT/hdds-managed-rocksdb-1.4.0-SNAPSHOT.jar:/home/runner/.m2/repository/org/rocksdb/rocksdbjni/7.7.3/rocksdbjni-7.7.3.jar:/home/runner/.m2/repository/org/slf4j/slf4j-reload4j/1.7.36/slf4j-reload4j-1.7.36.jar:/home/runner/.m2/repository/org/apache/commons/commons-configuration2/2.1.1/commons-configuration2-2.1.1.jar:/home/runner/.m2/repository/commons-fileupload/commons-fileupload/1.5/commons-fileupload-1.5.jar:/home/runner/.m2/repository/org/apache/logging/log4j/log4j-core/2.17.1/log4j-core-2.17.1.jar:/home/runner/.m2/repository/com/lmax/disruptor/3.4.2/disruptor-3.4.2.jar:/home/runner/.m2/repository/org/eclipse/jetty/jetty-util/9.4.51.v20230217/jetty-util-9.4.51.v20230217.jar:/home/runner/.m2/repository/org/eclipse/jetty/jetty-server/9.4.51.v20230217/jetty-server-9.4.51.v20230217.jar:/home/runner/.m2/repository/org/eclipse/jetty/jetty-http/9.4.51.v20230217/jetty-http-9.4.51.v20230217.jar:/home/runner/.m2/repository/org/eclipse/jetty/jetty-io/9.4.51.v20230217/jetty-io-9.4.51.v20230217.jar:/home/runner/.m2/repository/org/eclipse/jetty/jetty-servlet/9.4.51.v20230217/jetty-servlet-9.4.51.v20230217.jar:/home/runner/.m2/repository/org/eclipse/jetty/jetty-security/9.4.51.v20230217/jetty-security-9.4.51.v20230217.jar:/home/runner/.m2/repository/org/eclipse/jetty/jetty-util-ajax/9.4.51.v20230217/jetty-util-ajax-9.4.51.v20230217.jar:/home/runner/.m2/repository/org/eclipse/jetty/jetty-webapp/9.4.51.v20230217/jetty-webapp-9.4.51.v20230217.jar:/home/runner/.m2/repository/org/eclipse/jetty/jetty-xml/9.4.51.v20230217/jetty-xml-9.4.51.v20230217.jar:/home/runner/.m2/repository/org/apache/ratis/ratis-server/2.5.1/ratis-server-2.5.1.jar:/home/runner/.m2/repository/org/apache/ratis/ratis-thirdparty-misc/1.0.4/ratis-thirdparty-misc-1.0.4.jar:/home/runner/.m2/repository/org/apache/ratis/ratis-proto/2.5.1/ratis-proto-2.5.1.jar:/home/runner/.m2/repository/org/apache/ratis/ratis-common/2.5.1/ratis-common-2.5.1.jar:/home/runner/.m2/repository/org/apache/ratis/ratis-client/2.5.1/ratis-client-2.5.1.jar:/home/runner/.m2/repository/org/apache/ratis/ratis-server-api/2.5.1/ratis-server-api-2.5.1.jar:/home/runner/.m2/repository/org/apache/ratis/ratis-metrics/2.5.1/ratis-metrics-2.5.1.jar:/home/runner/.m2/repository/io/prometheus/simpleclient_dropwizard/0.7.0/simpleclient_dropwizard-0.7.0.jar:/home/runner/.m2/repository/io/prometheus/simpleclient/0.7.0/simpleclient-0.7.0.jar:/home/runner/.m2/repository/io/prometheus/simpleclient_common/0.7.0/simpleclient_common-0.7.0.jar:/home/runner/.m2/repository/com/fasterxml/jackson/datatype/jackson-datatype-jsr310/2.13.4/jackson-datatype-jsr310-2.13.4.jar:/home/runner/.m2/repository/com/fasterxml/jackson/core/jackson-core/2.13.4/jackson-core-2.13.4.jar:/home/runner/.m2/repository/com/github/spotbugs/spotbugs-annotations/3.1.12/spotbugs-annotations-3.1.12.jar:/home/runner/.m2/repository/org/apache/ozone/rocksdb-checkpoint-differ/1.4.0-SNAPSHOT/rocksdb-checkpoint-differ-1.4.0-SNAPSHOT.jar:/home/runner/.m2/repository/org/awaitility/awaitility/4.2.0/awaitility-4.2.0.jar:/home/runner/.m2/repository/org/hamcrest/hamcrest/2.1/hamcrest-2.1.jar:/home/runner/.m2/repository/org/apache/ozone/ozone-manager/1.4.0-SNAPSHOT/ozone-manager-1.4.0-SNAPSHOT.jar:/home/runner/.m2/repository/org/aspectj/aspectjrt/1.9.7/aspectjrt-1.9.7.jar:/home/runner/.m2/repository/org/aspectj/aspectjweaver/1.9.7/aspectjweaver-1.9.7.jar:/home/runner/.m2/repository/org/apache/ozone/hdds-interface-client/1.4.0-SNAPSHOT/hdds-interface-client-1.4.0-SNAPSHOT.jar:/home/runner/.m2/repository/org/apache/hadoop/thirdparty/hadoop-shaded-protobuf_3_7/1.1.1/hadoop-shaded-protobuf_3_7-1.1.1.jar:/home/runner/.m2/repository/org/apache/ozone/ozone-interface-storage/1.4.0-SNAPSHOT/ozone-interface-storage-1.4.0-SNAPSHOT.jar:/home/runner/.m2/repository/org/reflections/reflections/0.9.11/reflections-0.9.11.jar:/home/runner/.m2/repository/com/sun/jersey/jersey-client/1.19/jersey-client-1.19.jar:/home/runner/.m2/repository/org/codehaus/jackson/jackson-core-asl/1.9.13/jackson-core-asl-1.9.13.jar:/home/runner/.m2/repository/org/codehaus/jackson/jackson-mapper-asl/1.9.13/jackson-mapper-asl-1.9.13.jar:/home/runner/.m2/repository/org/codehaus/jackson/jackson-jaxrs/1.9.13/jackson-jaxrs-1.9.13.jar:/home/runner/.m2/repository/org/apache/ranger/ranger-intg/2.3.0/ranger-intg-2.3.0.jar:/home/runner/.m2/repository/org/apache/ranger/ranger-plugins-common/2.3.0/ranger-plugins-common-2.3.0.jar:/home/runner/.m2/repository/commons-lang/commons-lang/2.6/commons-lang-2.6.jar:/home/runner/.m2/repository/org/apache/ranger/ranger-plugins-cred/2.3.0/ranger-plugins-cred-2.3.0.jar:/home/runner/.m2/repository/org/apache/ranger/ranger-plugins-audit/2.3.0/ranger-plugins-audit-2.3.0.jar:/home/runner/.m2/repository/org/eclipse/jetty/jetty-client/9.4.51.v20230217/jetty-client-9.4.51.v20230217.jar:/home/runner/.m2/repository/org/apache/httpcomponents/httpmime/4.5.6/httpmime-4.5.6.jar:/home/runner/.m2/repository/org/apache/httpcomponents/httpcore-nio/4.4.13/httpcore-nio-4.4.13.jar:/home/runner/.m2/repository/org/apache/httpcomponents/httpasyncclient/4.1.3/httpasyncclient-4.1.3.jar:/home/runner/.m2/repository/com/carrotsearch/hppc/0.8.0/hppc-0.8.0.jar:/home/runner/.m2/repository/org/apache/orc/orc-core/1.5.8/orc-core-1.5.8.jar:/home/runner/.m2/repository/net/java/dev/jna/jna/5.2.0/jna-5.2.0.jar:/home/runner/.m2/repository/net/java/dev/jna/jna-platform/5.2.0/jna-platform-5.2.0.jar:/home/runner/.m2/repository/com/kstruct/gethostname4j/0.0.2/gethostname4j-0.0.2.jar:/home/runner/.m2/repository/org/apache/ranger/ranger-plugin-classloader/2.3.0/ranger-plugin-classloader-2.3.0.jar:/home/runner/.m2/repository/org/apache/ozone/hdds-rocks-native/1.4.0-SNAPSHOT/hdds-rocks-native-1.4.0-SNAPSHOT.jar:/home/runner/.m2/repository/org/apache/hadoop/hadoop-minikdc/3.3.5/hadoop-minikdc-3.3.5.jar:/home/runner/.m2/repository/org/apache/kerby/kerb-simplekdc/1.0.1/kerb-simplekdc-1.0.1.jar:/home/runner/.m2/repository/org/apache/kerby/kerb-client/1.0.1/kerb-client-1.0.1.jar:/home/runner/.m2/repository/org/apache/kerby/kerby-config/1.0.1/kerby-config-1.0.1.jar:/home/runner/.m2/repository/org/apache/kerby/kerb-common/1.0.1/kerb-common-1.0.1.jar:/home/runner/.m2/repository/org/apache/kerby/kerb-crypto/1.0.1/kerb-crypto-1.0.1.jar:/home/runner/.m2/repository/org/apache/kerby/kerb-util/1.0.1/kerb-util-1.0.1.jar:/home/runner/.m2/repository/org/apache/kerby/token-provider/1.0.1/token-provider-1.0.1.jar:/home/runner/.m2/repository/org/apache/kerby/kerb-admin/1.0.1/kerb-admin-1.0.1.jar:/home/runner/.m2/repository/org/apache/kerby/kerb-server/1.0.1/kerb-server-1.0.1.jar:/home/runner/.m2/repository/org/apache/kerby/kerb-identity/1.0.1/kerb-identity-1.0.1.jar:/home/runner/.m2/repository/org/apache/kerby/kerby-xdr/1.0.1/kerby-xdr-1.0.1.jar:/home/runner/.m2/repository/org/apache/ozone/ozone-s3gateway/1.4.0-SNAPSHOT/ozone-s3gateway-1.4.0-SNAPSHOT.jar:/home/runner/.m2/repository/org/javassist/javassist/3.21.0-GA/javassist-3.21.0-GA.jar:/home/runner/.m2/repository/org/jboss/weld/servlet/weld-servlet-shaded/3.1.9.Final/weld-servlet-shaded-3.1.9.Final.jar:/home/runner/.m2/repository/org/glassfish/jersey/containers/jersey-container-servlet-core/2.34/jersey-container-servlet-core-2.34.jar:/home/runner/.m2/repository/org/glassfish/hk2/external/jakarta.inject/2.6.1/jakarta.inject-2.6.1.jar:/home/runner/.m2/repository/org/glassfish/jersey/core/jersey-common/2.34/jersey-common-2.34.jar:/home/runner/.m2/repository/jakarta/ws/rs/jakarta.ws.rs-api/2.1.6/jakarta.ws.rs-api-2.1.6.jar:/home/runner/.m2/repository/org/glassfish/jersey/ext/cdi/jersey-cdi1x/2.34/jersey-cdi1x-2.34.jar:/home/runner/.m2/repository/org/glassfish/jersey/inject/jersey-hk2/2.34/jersey-hk2-2.34.jar:/home/runner/.m2/repository/org/glassfish/hk2/hk2-locator/2.6.1/hk2-locator-2.6.1.jar:/home/runner/.m2/repository/org/glassfish/jersey/media/jersey-media-jaxb/2.34/jersey-media-jaxb-2.34.jar:/home/runner/.m2/repository/org/glassfish/hk2/osgi-resource-locator/1.0.3/osgi-resource-locator-1.0.3.jar:/home/runner/.m2/repository/org/glassfish/hk2/hk2-api/2.5.0/hk2-api-2.5.0.jar:/home/runner/.m2/repository/org/glassfish/hk2/hk2-utils/2.5.0/hk2-utils-2.5.0.jar:/home/runner/.m2/repository/org/glassfish/hk2/external/aopalliance-repackaged/2.5.0/aopalliance-repackaged-2.5.0.jar:/home/runner/.m2/repository/com/fasterxml/jackson/dataformat/jackson-dataformat-xml/2.13.4/jackson-dataformat-xml-2.13.4.jar:/home/runner/.m2/repository/org/codehaus/woodstox/stax2-api/4.2.1/stax2-api-4.2.1.jar:/home/runner/.m2/repository/com/fasterxml/woodstox/woodstox-core/5.4.0/woodstox-core-5.4.0.jar:/home/runner/.m2/repository/com/fasterxml/jackson/module/jackson-module-jaxb-annotations/2.13.4/jackson-module-jaxb-annotations-2.13.4.jar:/home/runner/.m2/repository/jakarta/xml/bind/jakarta.xml.bind-api/2.3.3/jakarta.xml.bind-api-2.3.3.jar:/home/runner/.m2/repository/jakarta/activation/jakarta.activation-api/1.2.2/jakarta.activation-api-1.2.2.jar:/home/runner/.m2/repository/javax/enterprise/cdi-api/2.0/cdi-api-2.0.jar:/home/runner/.m2/repository/javax/el/javax.el-api/3.0.0/javax.el-api-3.0.0.jar:/home/runner/.m2/repository/javax/interceptor/javax.interceptor-api/1.2/javax.interceptor-api-1.2.jar:/home/runner/.m2/repository/javax/inject/javax.inject/1/javax.inject-1.jar:/home/runner/.m2/repository/javax/xml/bind/jaxb-api/2.3.0/jaxb-api-2.3.0.jar:/home/runner/.m2/repository/org/glassfish/jaxb/jaxb-runtime/2.3.0.1/jaxb-runtime-2.3.0.1.jar:/home/runner/.m2/repository/org/glassfish/jaxb/jaxb-core/2.3.0.1/jaxb-core-2.3.0.1.jar:/home/runner/.m2/repository/org/glassfish/jaxb/txw2/2.3.0.1/txw2-2.3.0.1.jar:/home/runner/.m2/repository/com/sun/istack/istack-commons-runtime/3.0.5/istack-commons-runtime-3.0.5.jar:/home/runner/.m2/repository/org/jvnet/staxex/stax-ex/1.7.8/stax-ex-1.7.8.jar:/home/runner/.m2/repository/com/sun/xml/fastinfoset/FastInfoset/1.2.13/FastInfoset-1.2.13.jar:/home/runner/.m2/repository/javax/activation/activation/1.1.1/activation-1.1.1.jar:/home/runner/.m2/repository/io/grpc/grpc-protobuf/1.51.1/grpc-protobuf-1.51.1.jar:/home/runner/.m2/repository/com/google/api/grpc/proto-google-common-protos/2.9.0/proto-google-common-protos-2.9.0.jar:/home/runner/.m2/repository/io/grpc/grpc-protobuf-lite/1.51.1/grpc-protobuf-lite-1.51.1.jar:/home/runner/.m2/repository/io/grpc/grpc-stub/1.51.1/grpc-stub-1.51.1.jar:/home/runner/.m2/repository/io/netty/netty-transport/4.1.86.Final/netty-transport-4.1.86.Final.jar:/home/runner/.m2/repository/io/netty/netty-resolver/4.1.86.Final/netty-resolver-4.1.86.Final.jar:/home/runner/.m2/repository/org/apache/ozone/ozone-csi/1.4.0-SNAPSHOT/ozone-csi-1.4.0-SNAPSHOT.jar:/home/runner/.m2/repository/com/google/protobuf/protobuf-java-util/3.19.6/protobuf-java-util-3.19.6.jar:/home/runner/.m2/repository/com/google/code/gson/gson/2.9.0/gson-2.9.0.jar:/home/runner/.m2/repository/org/apache/ozone/hdds-config/1.4.0-SNAPSHOT/hdds-config-1.4.0-SNAPSHOT.jar:/home/runner/.m2/repository/io/netty/netty-transport-native-epoll/4.1.86.Final/netty-transport-native-epoll-4.1.86.Final-linux-x86_64.jar:/home/runner/.m2/repository/io/netty/netty-transport-classes-epoll/4.1.86.Final/netty-transport-classes-epoll-4.1.86.Final.jar:/home/runner/.m2/repository/io/netty/netty-transport-native-unix-common/4.1.86.Final/netty-transport-native-unix-common-4.1.86.Final.jar:/home/runner/.m2/repository/org/apache/ozone/ozone-recon/1.4.0-SNAPSHOT/ozone-recon-1.4.0-SNAPSHOT.jar:/home/runner/.m2/repository/org/apache/ozone/ozone-reconcodegen/1.4.0-SNAPSHOT/ozone-reconcodegen-1.4.0-SNAPSHOT.jar:/home/runner/.m2/repository/com/google/inject/guice/5.1.0/guice-5.1.0.jar:/home/runner/.m2/repository/aopalliance/aopalliance/1.0/aopalliance-1.0.jar:/home/runner/.m2/repository/com/google/inject/extensions/guice-assistedinject/5.1.0/guice-assistedinject-5.1.0.jar:/home/runner/.m2/repository/com/google/inject/extensions/guice-servlet/5.1.0/guice-servlet-5.1.0.jar:/home/runner/.m2/repository/org/glassfish/jersey/containers/jersey-container-servlet/2.34/jersey-container-servlet-2.34.jar:/home/runner/.m2/repository/org/glassfish/hk2/guice-bridge/2.5.0/guice-bridge-2.5.0.jar:/home/runner/.m2/repository/org/glassfish/jersey/core/jersey-server/2.34/jersey-server-2.34.jar:/home/runner/.m2/repository/org/glassfish/jersey/core/jersey-client/2.34/jersey-client-2.34.jar:/home/runner/.m2/repository/jakarta/annotation/jakarta.annotation-api/1.3.5/jakarta.annotation-api-1.3.5.jar:/home/runner/.m2/repository/jakarta/validation/jakarta.validation-api/2.0.2/jakarta.validation-api-2.0.2.jar:/home/runner/.m2/repository/org/glassfish/jersey/media/jersey-media-json-jackson/2.34/jersey-media-json-jackson-2.34.jar:/home/runner/.m2/repository/org/glassfish/jersey/ext/jersey-entity-filtering/2.34/jersey-entity-filtering-2.34.jar:/home/runner/.m2/repository/org/jooq/jooq/3.11.10/jooq-3.11.10.jar:/home/runner/.m2/repository/org/jooq/jooq-meta/3.11.10/jooq-meta-3.11.10.jar:/home/runner/.m2/repository/org/jooq/jooq-codegen/3.11.10/jooq-codegen-3.11.10.jar:/home/runner/.m2/repository/com/jolbox/bonecp/0.8.0.RELEASE/bonecp-0.8.0.RELEASE.jar:/home/runner/.m2/repository/org/apache/derby/derby/10.14.2.0/derby-10.14.2.0.jar:/home/runner/.m2/repository/org/xerial/sqlite-jdbc/3.41.2.2/sqlite-jdbc-3.41.2.2.jar:/home/runner/.m2/repository/org/springframework/spring-jdbc/5.3.27/spring-jdbc-5.3.27.jar:/home/runner/.m2/repository/org/springframework/spring-beans/5.3.27/spring-beans-5.3.27.jar:/home/runner/.m2/repository/org/springframework/spring-core/5.3.27/spring-core-5.3.27.jar:/home/runner/.m2/repository/org/springframework/spring-tx/5.3.27/spring-tx-5.3.27.jar:/home/runner/.m2/repository/org/apache/ozone/ozone-client/1.4.0-SNAPSHOT/ozone-client-1.4.0-SNAPSHOT.jar:/home/runner/.m2/repository/org/apache/ozone/hdds-erasurecode/1.4.0-SNAPSHOT/hdds-erasurecode-1.4.0-SNAPSHOT.jar:/home/runner/.m2/repository/org/apache/ozone/ozone-filesystem/1.4.0-SNAPSHOT/ozone-filesystem-1.4.0-SNAPSHOT.jar:/home/runner/.m2/repository/org/apache/ozone/ozone-filesystem-common/1.4.0-SNAPSHOT/ozone-filesystem-common-1.4.0-SNAPSHOT.jar:/home/runner/.m2/repository/org/apache/ozone/ozone-tools/1.4.0-SNAPSHOT/ozone-tools-1.4.0-SNAPSHOT.jar:/home/runner/.m2/repository/com/amazonaws/aws-java-sdk-core/1.12.261/aws-java-sdk-core-1.12.261.jar:/home/runner/.m2/repository/org/apache/httpcomponents/httpclient/4.5.13/httpclient-4.5.13.jar:/home/runner/.m2/repository/org/apache/httpcomponents/httpcore/4.4.13/httpcore-4.4.13.jar:/home/runner/.m2/repository/software/amazon/ion/ion-java/1.0.2/ion-java-1.0.2.jar:/home/runner/.m2/repository/com/fasterxml/jackson/dataformat/jackson-dataformat-cbor/2.13.4/jackson-dataformat-cbor-2.13.4.jar:/home/runner/.m2/repository/joda-time/joda-time/2.10.6/joda-time-2.10.6.jar:/home/runner/.m2/repository/com/amazonaws/aws-java-sdk-s3/1.12.261/aws-java-sdk-s3-1.12.261.jar:/home/runner/.m2/repository/com/amazonaws/aws-java-sdk-kms/1.12.261/aws-java-sdk-kms-1.12.261.jar:/home/runner/.m2/repository/com/amazonaws/jmespath-java/1.12.261/jmespath-java-1.12.261.jar:/home/runner/.m2/repository/org/kohsuke/metainf-services/metainf-services/1.8/metainf-services-1.8.jar:/home/runner/.m2/repository/org/apache/ozone/hdds-tools/1.4.0-SNAPSHOT/hdds-tools-1.4.0-SNAPSHOT.jar:/home/runner/.m2/repository/org/apache/ratis/ratis-tools/2.5.1/ratis-tools-2.5.1.jar:/home/runner/.m2/repository/commons-cli/commons-cli/1.2/commons-cli-1.2.jar:/home/runner/.m2/repository/org/apache/commons/commons-lang3/3.7/commons-lang3-3.7.jar:/home/runner/.m2/repository/org/apache/ozone/ozone-manager/1.4.0-SNAPSHOT/ozone-manager-1.4.0-SNAPSHOT-tests.jar:/home/runner/.m2/repository/org/apache/ozone/hdds-common/1.4.0-SNAPSHOT/hdds-common-1.4.0-SNAPSHOT-tests.jar:/home/runner/.m2/repository/org/apache/ozone/hdds-hadoop-dependency-client/1.4.0-SNAPSHOT/hdds-hadoop-dependency-client-1.4.0-SNAPSHOT.jar:/home/runner/.m2/repository/info/picocli/picocli/4.6.1/picocli-4.6.1.jar:/home/runner/.m2/repository/com/fasterxml/jackson/core/jackson-annotations/2.13.4/jackson-annotations-2.13.4.jar:/home/runner/.m2/repository/org/apache/ozone/hdds-annotation-processing/1.4.0-SNAPSHOT/hdds-annotation-processing-1.4.0-SNAPSHOT.jar:/home/runner/.m2/repository/javax/annotation/javax.annotation-api/1.2/javax.annotation-api-1.2.jar:/home/runner/.m2/repository/org/apache/ratis/ratis-netty/2.5.1/ratis-netty-2.5.1.jar:/home/runner/.m2/repository/org/apache/ratis/ratis-grpc/2.5.1/ratis-grpc-2.5.1.jar:/home/runner/.m2/repository/org/apache/logging/log4j/log4j-api/2.17.1/log4j-api-2.17.1.jar:/home/runner/.m2/repository/org/apache/commons/commons-pool2/2.6.0/commons-pool2-2.6.0.jar:/home/runner/.m2/repository/org/bouncycastle/bcpkix-jdk15on/1.67/bcpkix-jdk15on-1.67.jar:/home/runner/.m2/repository/commons-validator/commons-validator/1.6/commons-validator-1.6.jar:/home/runner/.m2/repository/commons-beanutils/commons-beanutils/1.9.4/commons-beanutils-1.9.4.jar:/home/runner/.m2/repository/commons-digester/commons-digester/1.8.1/commons-digester-1.8.1.jar:/home/runner/.m2/repository/commons-collections/commons-collections/3.2.2/commons-collections-3.2.2.jar:/home/runner/.m2/repository/io/jaegertracing/jaeger-client/1.6.0/jaeger-client-1.6.0.jar:/home/runner/.m2/repository/io/jaegertracing/jaeger-thrift/1.6.0/jaeger-thrift-1.6.0.jar:/home/runner/.m2/repository/org/apache/thrift/libthrift/0.14.1/libthrift-0.14.1.jar:/home/runner/.m2/repository/io/jaegertracing/jaeger-core/1.6.0/jaeger-core-1.6.0.jar:/home/runner/.m2/repository/io/jaegertracing/jaeger-tracerresolver/1.6.0/jaeger-tracerresolver-1.6.0.jar:/home/runner/.m2/repository/io/opentracing/contrib/opentracing-tracerresolver/0.1.8/opentracing-tracerresolver-0.1.8.jar:/home/runner/.m2/repository/org/jetbrains/kotlin/kotlin-stdlib/1.6.21/kotlin-stdlib-1.6.21.jar:/home/runner/.m2/repository/org/jetbrains/annotations/13.0/annotations-13.0.jar:/home/runner/.m2/repository/io/opentracing/opentracing-util/0.33.0/opentracing-util-0.33.0.jar:/home/runner/.m2/repository/io/opentracing/opentracing-api/0.33.0/opentracing-api-0.33.0.jar:/home/runner/.m2/repository/io/opentracing/opentracing-noop/0.33.0/opentracing-noop-0.33.0.jar:/home/runner/.m2/repository/org/yaml/snakeyaml/2.0/snakeyaml-2.0.jar:/home/runner/.m2/repository/io/grpc/grpc-api/1.51.1/grpc-api-1.51.1.jar:/home/runner/.m2/repository/io/grpc/grpc-context/1.51.1/grpc-context-1.51.1.jar:/home/runner/.m2/repository/junit/junit/4.13.1/junit-4.13.1.jar:/home/runner/.m2/repository/org/hamcrest/hamcrest-core/1.3/hamcrest-core-1.3.jar:/home/runner/.m2/repository/org/junit/jupiter/junit-jupiter-api/5.8.2/junit-jupiter-api-5.8.2.jar:/home/runner/.m2/repository/org/opentest4j/opentest4j/1.2.0/opentest4j-1.2.0.jar:/home/runner/.m2/repository/org/junit/platform/junit-platform-commons/1.8.2/junit-platform-commons-1.8.2.jar:/home/runner/.m2/repository/org/apiguardian/apiguardian-api/1.1.2/apiguardian-api-1.1.2.jar:/home/runner/.m2/repository/org/junit/jupiter/junit-jupiter-params/5.8.2/junit-jupiter-params-5.8.2.jar:/home/runner/.m2/repository/org/junit/jupiter/junit-jupiter-migrationsupport/5.8.2/junit-jupiter-migrationsupport-5.8.2.jar:/home/runner/.m2/repository/org/junit/jupiter/junit-jupiter-engine/5.8.2/junit-jupiter-engine-5.8.2.jar:/home/runner/.m2/repository/org/junit/platform/junit-platform-engine/1.8.2/junit-platform-engine-1.8.2.jar:/home/runner/.m2/repository/org/junit/vintage/junit-vintage-engine/5.8.2/junit-vintage-engine-5.8.2.jar:/home/runner/.m2/repository/org/junit/platform/junit-platform-launcher/1.8.2/junit-platform-launcher-1.8.2.jar:/home/runner/.m2/repository/org/mockito/mockito-core/3.5.9/mockito-core-3.5.9.jar:/home/runner/.m2/repository/net/bytebuddy/byte-buddy/1.10.13/byte-buddy-1.10.13.jar:/home/runner/.m2/repository/net/bytebuddy/byte-buddy-agent/1.10.13/byte-buddy-agent-1.10.13.jar:/home/runner/.m2/repository/org/objenesis/objenesis/1.0/objenesis-1.0.jar:/home/runner/.m2/repository/org/apache/hadoop/hadoop-kms/3.3.5/hadoop-kms-3.3.5.jar:/home/runner/.m2/repository/org/apache/hadoop/hadoop-auth/3.3.5/hadoop-auth-3.3.5.jar:/home/runner/.m2/repository/com/nimbusds/nimbus-jose-jwt/9.8.1/nimbus-jose-jwt-9.8.1.jar:/home/runner/.m2/repository/com/github/stephenc/jcip/jcip-annotations/1.0-1/jcip-annotations-1.0-1.jar:/home/runner/.m2/repository/net/minidev/json-smart/2.4.7/json-smart-2.4.7.jar:/home/runner/.m2/repository/net/minidev/accessors-smart/2.4.7/accessors-smart-2.4.7.jar:/home/runner/.m2/repository/org/ow2/asm/asm/5.0.4/asm-5.0.4.jar:/home/runner/.m2/repository/org/apache/zookeeper/zookeeper/3.5.6/zookeeper-3.5.6.jar:/home/runner/.m2/repository/org/apache/zookeeper/zookeeper-jute/3.5.6/zookeeper-jute-3.5.6.jar:/home/runner/.m2/repository/org/apache/yetus/audience-annotations/0.5.0/audience-annotations-0.5.0.jar:/home/runner/.m2/repository/org/apache/curator/curator-framework/4.2.0/curator-framework-4.2.0.jar:/home/runner/.m2/repository/org/apache/hadoop/thirdparty/hadoop-shaded-guava/1.1.1/hadoop-shaded-guava-1.1.1.jar:/home/runner/.m2/repository/com/sun/jersey/jersey-core/1.19/jersey-core-1.19.jar:/home/runner/.m2/repository/javax/ws/rs/jsr311-api/1.1.1/jsr311-api-1.1.1.jar:/home/runner/.m2/repository/com/sun/jersey/jersey-server/1.19/jersey-server-1.19.jar:/home/runner/.m2/repository/javax/servlet/javax.servlet-api/3.1.0/javax.servlet-api-3.1.0.jar:/home/runner/.m2/repository/org/apache/hadoop/hadoop-common/3.3.5/hadoop-common-3.3.5.jar:/home/runner/.m2/repository/org/apache/commons/commons-math3/3.1.1/commons-math3-3.1.1.jar:/home/runner/.m2/repository/commons-net/commons-net/3.9.0/commons-net-3.9.0.jar:/home/runner/.m2/repository/com/sun/jersey/jersey-servlet/1.19/jersey-servlet-1.19.jar:/home/runner/.m2/repository/com/github/pjfanning/jersey-json/1.20/jersey-json-1.20.jar:/home/runner/.m2/repository/org/codehaus/jettison/jettison/1.1/jettison-1.1.jar:/home/runner/.m2/repository/com/sun/xml/bind/jaxb-impl/2.2.3-1/jaxb-impl-2.2.3-1.jar:/home/runner/.m2/repository/com/google/re2j/re2j/1.1/re2j-1.1.jar:/home/runner/.m2/repository/com/jcraft/jsch/0.1.54/jsch-0.1.54.jar:/home/runner/.m2/repository/org/apache/curator/curator-client/4.2.0/curator-client-4.2.0.jar:/home/runner/.m2/repository/org/apache/curator/curator-recipes/4.2.0/curator-recipes-4.2.0.jar:/home/runner/.m2/repository/org/apache/kerby/kerb-core/1.0.1/kerb-core-1.0.1.jar:/home/runner/.m2/repository/org/apache/kerby/kerby-pkix/1.0.1/kerby-pkix-1.0.1.jar:/home/runner/.m2/repository/org/apache/kerby/kerby-asn1/1.0.1/kerby-asn1-1.0.1.jar:/home/runner/.m2/repository/org/apache/kerby/kerby-util/1.0.1/kerby-util-1.0.1.jar:/home/runner/.m2/repository/dnsjava/dnsjava/2.1.7/dnsjava-2.1.7.jar:/home/runner/.m2/repository/org/xerial/snappy/snappy-java/1.1.8.2/snappy-java-1.1.8.2.jar:/home/runner/.m2/repository/com/fasterxml/jackson/core/jackson-databind/2.13.4.2/jackson-databind-2.13.4.2.jar:/home/runner/.m2/repository/org/apache/hadoop/hadoop-kms/3.3.5/hadoop-kms-3.3.5-tests.jar:/home/runner/.m2/repository/org/apache/ozone/hdds-server-scm/1.4.0-SNAPSHOT/hdds-server-scm-1.4.0-SNAPSHOT-tests.jar:/home/runner/.m2/repository/org/apache/ozone/hdds-container-service/1.4.0-SNAPSHOT/hdds-container-service-1.4.0-SNAPSHOT-tests.jar:/home/runner/.m2/repository/com/github/luben/zstd-jni/1.5.2-5/zstd-jni-1.5.2-5.jar:/home/runner/.m2/repository/commons-codec/commons-codec/1.15/commons-codec-1.15.jar:/home/runner/.m2/repository/io/netty/netty-codec/4.1.86.Final/netty-codec-4.1.86.Final.jar:/home/runner/.m2/repository/io/netty/netty-handler/4.1.86.Final/netty-handler-4.1.86.Final.jar:/home/runner/.m2/repository/org/apache/ozone/hdds-hadoop-dependency-test/1.4.0-SNAPSHOT/hdds-hadoop-dependency-test-1.4.0-SNAPSHOT.jar:/home/runner/.m2/repository/org/apache/hadoop/hadoop-common/3.3.5/hadoop-common-3.3.5-tests.jar:/home/runner/.m2/repository/org/apache/hadoop/hadoop-hdfs/3.3.5/hadoop-hdfs-3.3.5-tests.jar:/home/runner/.m2/repository/org/assertj/assertj-core/3.12.2/assertj-core-3.12.2.jar:/home/runner/.m2/repository/org/apache/hadoop/hadoop-distcp/3.3.5/hadoop-distcp-3.3.5.jar:/home/runner/.m2/repository/org/apache/hadoop/hadoop-mapreduce-client-jobclient/3.3.5/hadoop-mapreduce-client-jobclient-3.3.5.jar:/home/runner/.m2/repository/org/apache/hadoop/hadoop-mapreduce-client-common/3.3.5/hadoop-mapreduce-client-common-3.3.5.jar:/home/runner/.m2/repository/org/apache/hadoop/hadoop-yarn-common/3.3.5/hadoop-yarn-common-3.3.5.jar:/home/runner/.m2/repository/org/apache/hadoop/hadoop-yarn-api/3.3.5/hadoop-yarn-api-3.3.5.jar:/home/runner/.m2/repository/com/sun/jersey/contribs/jersey-guice/1.19/jersey-guice-1.19.jar:/home/runner/.m2/repository/com/fasterxml/jackson/jaxrs/jackson-jaxrs-json-provider/2.13.4/jackson-jaxrs-json-provider-2.13.4.jar:/home/runner/.m2/repository/com/fasterxml/jackson/jaxrs/jackson-jaxrs-base/2.13.4/jackson-jaxrs-base-2.13.4.jar:/home/runner/.m2/repository/org/apache/hadoop/hadoop-yarn-client/3.3.5/hadoop-yarn-client-3.3.5.jar:/home/runner/.m2/repository/org/eclipse/jetty/websocket/websocket-client/9.4.48.v20220622/websocket-client-9.4.48.v20220622.jar:/home/runner/.m2/repository/org/eclipse/jetty/websocket/websocket-common/9.4.48.v20220622/websocket-common-9.4.48.v20220622.jar:/home/runner/.m2/repository/org/eclipse/jetty/websocket/websocket-api/9.4.48.v20220622/websocket-api-9.4.48.v20220622.jar:/home/runner/.m2/repository/org/jline/jline/3.9.0/jline-3.9.0.jar:/home/runner/.m2/repository/org/apache/hadoop/hadoop-mapreduce-client-core/3.3.5/hadoop-mapreduce-client-core-3.3.5.jar:/home/runner/.m2/repository/org/apache/avro/avro/1.7.7/avro-1.7.7.jar:/home/runner/.m2/repository/com/thoughtworks/paranamer/paranamer/2.3/paranamer-2.3.jar:/home/runner/.m2/repository/org/apache/hadoop/hadoop-annotations/3.3.5/hadoop-annotations-3.3.5.jar:/usr/lib/jvm/temurin-8-jdk-amd64/jre/../lib/tools.jar:/home/runner/.m2/repository/io/netty/netty/3.10.6.Final/netty-3.10.6.Final.jar:/home/runner/.m2/repository/org/apache/hadoop/hadoop-distcp/3.3.5/hadoop-distcp-3.3.5-tests.jar:/home/runner/.m2/repository/org/slf4j/jul-to-slf4j/1.7.36/jul-to-slf4j-1.7.36.jar:"/>
    <property name="java.vm.vendor" value="Temurin"/>
    <property name="sun.arch.data.model" value="64"/>
    <property name="test.build.dir" value="/home/runner/work/ozone/ozone/hadoop-ozone/integration-test/target/test-dir"/>
    <property name="test.cache.data" value=""/>
    <property name="java.vendor.url" value="https://adoptium.net/"/>
    <property name="user.timezone" value="Etc/UTC"/>
    <property name="java.vm.specification.version" value="1.8"/>
    <property name="os.name" value="Linux"/>
    <property name="test.build.data" value="/home/runner/work/ozone/ozone/hadoop-ozone/integration-test/target/test-dir"/>
    <property name="sun.java.launcher" value="SUN_STANDARD"/>
    <property name="sun.boot.library.path" value="/usr/lib/jvm/temurin-8-jdk-amd64/jre/lib/amd64"/>
    <property name="sun.java.command" value="/home/runner/work/ozone/ozone/hadoop-ozone/integration-test/target/surefire/surefirebooter7697758117836472006.jar /home/runner/work/ozone/ozone/hadoop-ozone/integration-test/target/surefire 2023-06-22T21-11-41_620-jvmRun1 surefire1781272662597268288tmp surefire_83928114238353288928tmp"/>
    <property name="native.lib.tmp.dir" value="/tmp"/>
    <property name="surefire.test.class.path" value="/home/runner/work/ozone/ozone/hadoop-ozone/integration-test/target/test-classes:/home/runner/work/ozone/ozone/hadoop-ozone/integration-test/target/classes:/home/runner/.m2/repository/org/apache/ozone/ozone-common/1.4.0-SNAPSHOT/ozone-common-1.4.0-SNAPSHOT.jar:/home/runner/.m2/repository/io/grpc/grpc-netty/1.51.1/grpc-netty-1.51.1.jar:/home/runner/.m2/repository/io/grpc/grpc-core/1.51.1/grpc-core-1.51.1.jar:/home/runner/.m2/repository/com/google/android/annotations/4.1.1.4/annotations-4.1.1.4.jar:/home/runner/.m2/repository/org/codehaus/mojo/animal-sniffer-annotations/1.21/animal-sniffer-annotations-1.21.jar:/home/runner/.m2/repository/com/google/errorprone/error_prone_annotations/2.2.0/error_prone_annotations-2.2.0.jar:/home/runner/.m2/repository/io/perfmark/perfmark-api/0.25.0/perfmark-api-0.25.0.jar:/home/runner/.m2/repository/io/netty/netty-codec-http2/4.1.86.Final/netty-codec-http2-4.1.86.Final.jar:/home/runner/.m2/repository/io/netty/netty-common/4.1.86.Final/netty-common-4.1.86.Final.jar:/home/runner/.m2/repository/io/netty/netty-buffer/4.1.86.Final/netty-buffer-4.1.86.Final.jar:/home/runner/.m2/repository/io/netty/netty-codec-http/4.1.86.Final/netty-codec-http-4.1.86.Final.jar:/home/runner/.m2/repository/io/netty/netty-handler-proxy/4.1.86.Final/netty-handler-proxy-4.1.86.Final.jar:/home/runner/.m2/repository/io/netty/netty-codec-socks/4.1.86.Final/netty-codec-socks-4.1.86.Final.jar:/home/runner/.m2/repository/io/netty/netty-tcnative-boringssl-static/2.0.54.Final/netty-tcnative-boringssl-static-2.0.54.Final.jar:/home/runner/.m2/repository/io/netty/netty-tcnative-classes/2.0.54.Final/netty-tcnative-classes-2.0.54.Final.jar:/home/runner/.m2/repository/io/netty/netty-tcnative-boringssl-static/2.0.54.Final/netty-tcnative-boringssl-static-2.0.54.Final-linux-x86_64.jar:/home/runner/.m2/repository/io/netty/netty-tcnative-boringssl-static/2.0.54.Final/netty-tcnative-boringssl-static-2.0.54.Final-linux-aarch_64.jar:/home/runner/.m2/repository/io/netty/netty-tcnative-boringssl-static/2.0.54.Final/netty-tcnative-boringssl-static-2.0.54.Final-osx-x86_64.jar:/home/runner/.m2/repository/io/netty/netty-tcnative-boringssl-static/2.0.54.Final/netty-tcnative-boringssl-static-2.0.54.Final-osx-aarch_64.jar:/home/runner/.m2/repository/io/netty/netty-tcnative-boringssl-static/2.0.54.Final/netty-tcnative-boringssl-static-2.0.54.Final-windows-x86_64.jar:/home/runner/.m2/repository/org/apache/commons/commons-compress/1.21/commons-compress-1.21.jar:/home/runner/.m2/repository/org/apache/ozone/hdds-common/1.4.0-SNAPSHOT/hdds-common-1.4.0-SNAPSHOT.jar:/home/runner/.m2/repository/org/apache/ozone/hdds-client/1.4.0-SNAPSHOT/hdds-client-1.4.0-SNAPSHOT.jar:/home/runner/.m2/repository/org/apache/ozone/ozone-interface-client/1.4.0-SNAPSHOT/ozone-interface-client-1.4.0-SNAPSHOT.jar:/home/runner/.m2/repository/org/apache/hadoop/hadoop-hdfs-client/3.3.5/hadoop-hdfs-client-3.3.5.jar:/home/runner/.m2/repository/com/squareup/okhttp3/okhttp/4.9.3/okhttp-4.9.3.jar:/home/runner/.m2/repository/com/squareup/okio/okio/2.8.0/okio-2.8.0.jar:/home/runner/.m2/repository/org/jetbrains/kotlin/kotlin-stdlib-common/1.6.21/kotlin-stdlib-common-1.6.21.jar:/home/runner/.m2/repository/org/apache/ozone/hdds-test-utils/1.4.0-SNAPSHOT/hdds-test-utils-1.4.0-SNAPSHOT.jar:/home/runner/.m2/repository/com/google/guava/guava/32.0.0-jre/guava-32.0.0-jre.jar:/home/runner/.m2/repository/com/google/guava/failureaccess/1.0.1/failureaccess-1.0.1.jar:/home/runner/.m2/repository/com/google/guava/listenablefuture/9999.0-empty-to-avoid-conflict-with-guava/listenablefuture-9999.0-empty-to-avoid-conflict-with-guava.jar:/home/runner/.m2/repository/com/google/code/findbugs/jsr305/3.0.0/jsr305-3.0.0.jar:/home/runner/.m2/repository/org/checkerframework/checker-qual/3.33.0/checker-qual-3.33.0.jar:/home/runner/.m2/repository/com/google/j2objc/j2objc-annotations/2.8/j2objc-annotations-2.8.jar:/home/runner/.m2/repository/commons-io/commons-io/2.11.0/commons-io-2.11.0.jar:/home/runner/.m2/repository/commons-logging/commons-logging/1.2/commons-logging-1.2.jar:/home/runner/.m2/repository/ch/qos/reload4j/reload4j/1.2.22/reload4j-1.2.22.jar:/home/runner/.m2/repository/org/slf4j/slf4j-api/1.7.36/slf4j-api-1.7.36.jar:/home/runner/.m2/repository/org/apache/ozone/hdds-server-scm/1.4.0-SNAPSHOT/hdds-server-scm-1.4.0-SNAPSHOT.jar:/home/runner/.m2/repository/org/apache/ozone/hdds-container-service/1.4.0-SNAPSHOT/hdds-container-service-1.4.0-SNAPSHOT.jar:/home/runner/.m2/repository/org/apache/ozone/hdds-hadoop-dependency-server/1.4.0-SNAPSHOT/hdds-hadoop-dependency-server-1.4.0-SNAPSHOT.jar:/home/runner/.m2/repository/org/apache/hadoop/hadoop-hdfs/3.3.5/hadoop-hdfs-3.3.5.jar:/home/runner/.m2/repository/commons-daemon/commons-daemon/1.0.13/commons-daemon-1.0.13.jar:/home/runner/.m2/repository/org/apache/ozone/hdds-server-framework/1.4.0-SNAPSHOT/hdds-server-framework-1.4.0-SNAPSHOT.jar:/home/runner/.m2/repository/io/dropwizard/metrics/metrics-core/3.2.4/metrics-core-3.2.4.jar:/home/runner/.m2/repository/org/apache/commons/commons-text/1.10.0/commons-text-1.10.0.jar:/home/runner/.m2/repository/org/bouncycastle/bcprov-jdk15on/1.67/bcprov-jdk15on-1.67.jar:/home/runner/.m2/repository/com/google/protobuf/protobuf-java/2.5.0/protobuf-java-2.5.0.jar:/home/runner/.m2/repository/org/apache/ozone/hdds-server-framework/1.4.0-SNAPSHOT/hdds-server-framework-1.4.0-SNAPSHOT-tests.jar:/home/runner/.m2/repository/org/apache/ozone/hdds-interface-server/1.4.0-SNAPSHOT/hdds-interface-server-1.4.0-SNAPSHOT.jar:/home/runner/.m2/repository/org/apache/ozone/hdds-interface-admin/1.4.0-SNAPSHOT/hdds-interface-admin-1.4.0-SNAPSHOT.jar:/home/runner/.m2/repository/org/apache/ozone/hdds-managed-rocksdb/1.4.0-SNAPSHOT/hdds-managed-rocksdb-1.4.0-SNAPSHOT.jar:/home/runner/.m2/repository/org/rocksdb/rocksdbjni/7.7.3/rocksdbjni-7.7.3.jar:/home/runner/.m2/repository/org/slf4j/slf4j-reload4j/1.7.36/slf4j-reload4j-1.7.36.jar:/home/runner/.m2/repository/org/apache/commons/commons-configuration2/2.1.1/commons-configuration2-2.1.1.jar:/home/runner/.m2/repository/commons-fileupload/commons-fileupload/1.5/commons-fileupload-1.5.jar:/home/runner/.m2/repository/org/apache/logging/log4j/log4j-core/2.17.1/log4j-core-2.17.1.jar:/home/runner/.m2/repository/com/lmax/disruptor/3.4.2/disruptor-3.4.2.jar:/home/runner/.m2/repository/org/eclipse/jetty/jetty-util/9.4.51.v20230217/jetty-util-9.4.51.v20230217.jar:/home/runner/.m2/repository/org/eclipse/jetty/jetty-server/9.4.51.v20230217/jetty-server-9.4.51.v20230217.jar:/home/runner/.m2/repository/org/eclipse/jetty/jetty-http/9.4.51.v20230217/jetty-http-9.4.51.v20230217.jar:/home/runner/.m2/repository/org/eclipse/jetty/jetty-io/9.4.51.v20230217/jetty-io-9.4.51.v20230217.jar:/home/runner/.m2/repository/org/eclipse/jetty/jetty-servlet/9.4.51.v20230217/jetty-servlet-9.4.51.v20230217.jar:/home/runner/.m2/repository/org/eclipse/jetty/jetty-security/9.4.51.v20230217/jetty-security-9.4.51.v20230217.jar:/home/runner/.m2/repository/org/eclipse/jetty/jetty-util-ajax/9.4.51.v20230217/jetty-util-ajax-9.4.51.v20230217.jar:/home/runner/.m2/repository/org/eclipse/jetty/jetty-webapp/9.4.51.v20230217/jetty-webapp-9.4.51.v20230217.jar:/home/runner/.m2/repository/org/eclipse/jetty/jetty-xml/9.4.51.v20230217/jetty-xml-9.4.51.v20230217.jar:/home/runner/.m2/repository/org/apache/ratis/ratis-server/2.5.1/ratis-server-2.5.1.jar:/home/runner/.m2/repository/org/apache/ratis/ratis-thirdparty-misc/1.0.4/ratis-thirdparty-misc-1.0.4.jar:/home/runner/.m2/repository/org/apache/ratis/ratis-proto/2.5.1/ratis-proto-2.5.1.jar:/home/runner/.m2/repository/org/apache/ratis/ratis-common/2.5.1/ratis-common-2.5.1.jar:/home/runner/.m2/repository/org/apache/ratis/ratis-client/2.5.1/ratis-client-2.5.1.jar:/home/runner/.m2/repository/org/apache/ratis/ratis-server-api/2.5.1/ratis-server-api-2.5.1.jar:/home/runner/.m2/repository/org/apache/ratis/ratis-metrics/2.5.1/ratis-metrics-2.5.1.jar:/home/runner/.m2/repository/io/prometheus/simpleclient_dropwizard/0.7.0/simpleclient_dropwizard-0.7.0.jar:/home/runner/.m2/repository/io/prometheus/simpleclient/0.7.0/simpleclient-0.7.0.jar:/home/runner/.m2/repository/io/prometheus/simpleclient_common/0.7.0/simpleclient_common-0.7.0.jar:/home/runner/.m2/repository/com/fasterxml/jackson/datatype/jackson-datatype-jsr310/2.13.4/jackson-datatype-jsr310-2.13.4.jar:/home/runner/.m2/repository/com/fasterxml/jackson/core/jackson-core/2.13.4/jackson-core-2.13.4.jar:/home/runner/.m2/repository/com/github/spotbugs/spotbugs-annotations/3.1.12/spotbugs-annotations-3.1.12.jar:/home/runner/.m2/repository/org/apache/ozone/rocksdb-checkpoint-differ/1.4.0-SNAPSHOT/rocksdb-checkpoint-differ-1.4.0-SNAPSHOT.jar:/home/runner/.m2/repository/org/awaitility/awaitility/4.2.0/awaitility-4.2.0.jar:/home/runner/.m2/repository/org/hamcrest/hamcrest/2.1/hamcrest-2.1.jar:/home/runner/.m2/repository/org/apache/ozone/ozone-manager/1.4.0-SNAPSHOT/ozone-manager-1.4.0-SNAPSHOT.jar:/home/runner/.m2/repository/org/aspectj/aspectjrt/1.9.7/aspectjrt-1.9.7.jar:/home/runner/.m2/repository/org/aspectj/aspectjweaver/1.9.7/aspectjweaver-1.9.7.jar:/home/runner/.m2/repository/org/apache/ozone/hdds-interface-client/1.4.0-SNAPSHOT/hdds-interface-client-1.4.0-SNAPSHOT.jar:/home/runner/.m2/repository/org/apache/hadoop/thirdparty/hadoop-shaded-protobuf_3_7/1.1.1/hadoop-shaded-protobuf_3_7-1.1.1.jar:/home/runner/.m2/repository/org/apache/ozone/ozone-interface-storage/1.4.0-SNAPSHOT/ozone-interface-storage-1.4.0-SNAPSHOT.jar:/home/runner/.m2/repository/org/reflections/reflections/0.9.11/reflections-0.9.11.jar:/home/runner/.m2/repository/com/sun/jersey/jersey-client/1.19/jersey-client-1.19.jar:/home/runner/.m2/repository/org/codehaus/jackson/jackson-core-asl/1.9.13/jackson-core-asl-1.9.13.jar:/home/runner/.m2/repository/org/codehaus/jackson/jackson-mapper-asl/1.9.13/jackson-mapper-asl-1.9.13.jar:/home/runner/.m2/repository/org/codehaus/jackson/jackson-jaxrs/1.9.13/jackson-jaxrs-1.9.13.jar:/home/runner/.m2/repository/org/apache/ranger/ranger-intg/2.3.0/ranger-intg-2.3.0.jar:/home/runner/.m2/repository/org/apache/ranger/ranger-plugins-common/2.3.0/ranger-plugins-common-2.3.0.jar:/home/runner/.m2/repository/commons-lang/commons-lang/2.6/commons-lang-2.6.jar:/home/runner/.m2/repository/org/apache/ranger/ranger-plugins-cred/2.3.0/ranger-plugins-cred-2.3.0.jar:/home/runner/.m2/repository/org/apache/ranger/ranger-plugins-audit/2.3.0/ranger-plugins-audit-2.3.0.jar:/home/runner/.m2/repository/org/eclipse/jetty/jetty-client/9.4.51.v20230217/jetty-client-9.4.51.v20230217.jar:/home/runner/.m2/repository/org/apache/httpcomponents/httpmime/4.5.6/httpmime-4.5.6.jar:/home/runner/.m2/repository/org/apache/httpcomponents/httpcore-nio/4.4.13/httpcore-nio-4.4.13.jar:/home/runner/.m2/repository/org/apache/httpcomponents/httpasyncclient/4.1.3/httpasyncclient-4.1.3.jar:/home/runner/.m2/repository/com/carrotsearch/hppc/0.8.0/hppc-0.8.0.jar:/home/runner/.m2/repository/org/apache/orc/orc-core/1.5.8/orc-core-1.5.8.jar:/home/runner/.m2/repository/net/java/dev/jna/jna/5.2.0/jna-5.2.0.jar:/home/runner/.m2/repository/net/java/dev/jna/jna-platform/5.2.0/jna-platform-5.2.0.jar:/home/runner/.m2/repository/com/kstruct/gethostname4j/0.0.2/gethostname4j-0.0.2.jar:/home/runner/.m2/repository/org/apache/ranger/ranger-plugin-classloader/2.3.0/ranger-plugin-classloader-2.3.0.jar:/home/runner/.m2/repository/org/apache/ozone/hdds-rocks-native/1.4.0-SNAPSHOT/hdds-rocks-native-1.4.0-SNAPSHOT.jar:/home/runner/.m2/repository/org/apache/hadoop/hadoop-minikdc/3.3.5/hadoop-minikdc-3.3.5.jar:/home/runner/.m2/repository/org/apache/kerby/kerb-simplekdc/1.0.1/kerb-simplekdc-1.0.1.jar:/home/runner/.m2/repository/org/apache/kerby/kerb-client/1.0.1/kerb-client-1.0.1.jar:/home/runner/.m2/repository/org/apache/kerby/kerby-config/1.0.1/kerby-config-1.0.1.jar:/home/runner/.m2/repository/org/apache/kerby/kerb-common/1.0.1/kerb-common-1.0.1.jar:/home/runner/.m2/repository/org/apache/kerby/kerb-crypto/1.0.1/kerb-crypto-1.0.1.jar:/home/runner/.m2/repository/org/apache/kerby/kerb-util/1.0.1/kerb-util-1.0.1.jar:/home/runner/.m2/repository/org/apache/kerby/token-provider/1.0.1/token-provider-1.0.1.jar:/home/runner/.m2/repository/org/apache/kerby/kerb-admin/1.0.1/kerb-admin-1.0.1.jar:/home/runner/.m2/repository/org/apache/kerby/kerb-server/1.0.1/kerb-server-1.0.1.jar:/home/runner/.m2/repository/org/apache/kerby/kerb-identity/1.0.1/kerb-identity-1.0.1.jar:/home/runner/.m2/repository/org/apache/kerby/kerby-xdr/1.0.1/kerby-xdr-1.0.1.jar:/home/runner/.m2/repository/org/apache/ozone/ozone-s3gateway/1.4.0-SNAPSHOT/ozone-s3gateway-1.4.0-SNAPSHOT.jar:/home/runner/.m2/repository/org/javassist/javassist/3.21.0-GA/javassist-3.21.0-GA.jar:/home/runner/.m2/repository/org/jboss/weld/servlet/weld-servlet-shaded/3.1.9.Final/weld-servlet-shaded-3.1.9.Final.jar:/home/runner/.m2/repository/org/glassfish/jersey/containers/jersey-container-servlet-core/2.34/jersey-container-servlet-core-2.34.jar:/home/runner/.m2/repository/org/glassfish/hk2/external/jakarta.inject/2.6.1/jakarta.inject-2.6.1.jar:/home/runner/.m2/repository/org/glassfish/jersey/core/jersey-common/2.34/jersey-common-2.34.jar:/home/runner/.m2/repository/jakarta/ws/rs/jakarta.ws.rs-api/2.1.6/jakarta.ws.rs-api-2.1.6.jar:/home/runner/.m2/repository/org/glassfish/jersey/ext/cdi/jersey-cdi1x/2.34/jersey-cdi1x-2.34.jar:/home/runner/.m2/repository/org/glassfish/jersey/inject/jersey-hk2/2.34/jersey-hk2-2.34.jar:/home/runner/.m2/repository/org/glassfish/hk2/hk2-locator/2.6.1/hk2-locator-2.6.1.jar:/home/runner/.m2/repository/org/glassfish/jersey/media/jersey-media-jaxb/2.34/jersey-media-jaxb-2.34.jar:/home/runner/.m2/repository/org/glassfish/hk2/osgi-resource-locator/1.0.3/osgi-resource-locator-1.0.3.jar:/home/runner/.m2/repository/org/glassfish/hk2/hk2-api/2.5.0/hk2-api-2.5.0.jar:/home/runner/.m2/repository/org/glassfish/hk2/hk2-utils/2.5.0/hk2-utils-2.5.0.jar:/home/runner/.m2/repository/org/glassfish/hk2/external/aopalliance-repackaged/2.5.0/aopalliance-repackaged-2.5.0.jar:/home/runner/.m2/repository/com/fasterxml/jackson/dataformat/jackson-dataformat-xml/2.13.4/jackson-dataformat-xml-2.13.4.jar:/home/runner/.m2/repository/org/codehaus/woodstox/stax2-api/4.2.1/stax2-api-4.2.1.jar:/home/runner/.m2/repository/com/fasterxml/woodstox/woodstox-core/5.4.0/woodstox-core-5.4.0.jar:/home/runner/.m2/repository/com/fasterxml/jackson/module/jackson-module-jaxb-annotations/2.13.4/jackson-module-jaxb-annotations-2.13.4.jar:/home/runner/.m2/repository/jakarta/xml/bind/jakarta.xml.bind-api/2.3.3/jakarta.xml.bind-api-2.3.3.jar:/home/runner/.m2/repository/jakarta/activation/jakarta.activation-api/1.2.2/jakarta.activation-api-1.2.2.jar:/home/runner/.m2/repository/javax/enterprise/cdi-api/2.0/cdi-api-2.0.jar:/home/runner/.m2/repository/javax/el/javax.el-api/3.0.0/javax.el-api-3.0.0.jar:/home/runner/.m2/repository/javax/interceptor/javax.interceptor-api/1.2/javax.interceptor-api-1.2.jar:/home/runner/.m2/repository/javax/inject/javax.inject/1/javax.inject-1.jar:/home/runner/.m2/repository/javax/xml/bind/jaxb-api/2.3.0/jaxb-api-2.3.0.jar:/home/runner/.m2/repository/org/glassfish/jaxb/jaxb-runtime/2.3.0.1/jaxb-runtime-2.3.0.1.jar:/home/runner/.m2/repository/org/glassfish/jaxb/jaxb-core/2.3.0.1/jaxb-core-2.3.0.1.jar:/home/runner/.m2/repository/org/glassfish/jaxb/txw2/2.3.0.1/txw2-2.3.0.1.jar:/home/runner/.m2/repository/com/sun/istack/istack-commons-runtime/3.0.5/istack-commons-runtime-3.0.5.jar:/home/runner/.m2/repository/org/jvnet/staxex/stax-ex/1.7.8/stax-ex-1.7.8.jar:/home/runner/.m2/repository/com/sun/xml/fastinfoset/FastInfoset/1.2.13/FastInfoset-1.2.13.jar:/home/runner/.m2/repository/javax/activation/activation/1.1.1/activation-1.1.1.jar:/home/runner/.m2/repository/io/grpc/grpc-protobuf/1.51.1/grpc-protobuf-1.51.1.jar:/home/runner/.m2/repository/com/google/api/grpc/proto-google-common-protos/2.9.0/proto-google-common-protos-2.9.0.jar:/home/runner/.m2/repository/io/grpc/grpc-protobuf-lite/1.51.1/grpc-protobuf-lite-1.51.1.jar:/home/runner/.m2/repository/io/grpc/grpc-stub/1.51.1/grpc-stub-1.51.1.jar:/home/runner/.m2/repository/io/netty/netty-transport/4.1.86.Final/netty-transport-4.1.86.Final.jar:/home/runner/.m2/repository/io/netty/netty-resolver/4.1.86.Final/netty-resolver-4.1.86.Final.jar:/home/runner/.m2/repository/org/apache/ozone/ozone-csi/1.4.0-SNAPSHOT/ozone-csi-1.4.0-SNAPSHOT.jar:/home/runner/.m2/repository/com/google/protobuf/protobuf-java-util/3.19.6/protobuf-java-util-3.19.6.jar:/home/runner/.m2/repository/com/google/code/gson/gson/2.9.0/gson-2.9.0.jar:/home/runner/.m2/repository/org/apache/ozone/hdds-config/1.4.0-SNAPSHOT/hdds-config-1.4.0-SNAPSHOT.jar:/home/runner/.m2/repository/io/netty/netty-transport-native-epoll/4.1.86.Final/netty-transport-native-epoll-4.1.86.Final-linux-x86_64.jar:/home/runner/.m2/repository/io/netty/netty-transport-classes-epoll/4.1.86.Final/netty-transport-classes-epoll-4.1.86.Final.jar:/home/runner/.m2/repository/io/netty/netty-transport-native-unix-common/4.1.86.Final/netty-transport-native-unix-common-4.1.86.Final.jar:/home/runner/.m2/repository/org/apache/ozone/ozone-recon/1.4.0-SNAPSHOT/ozone-recon-1.4.0-SNAPSHOT.jar:/home/runner/.m2/repository/org/apache/ozone/ozone-reconcodegen/1.4.0-SNAPSHOT/ozone-reconcodegen-1.4.0-SNAPSHOT.jar:/home/runner/.m2/repository/com/google/inject/guice/5.1.0/guice-5.1.0.jar:/home/runner/.m2/repository/aopalliance/aopalliance/1.0/aopalliance-1.0.jar:/home/runner/.m2/repository/com/google/inject/extensions/guice-assistedinject/5.1.0/guice-assistedinject-5.1.0.jar:/home/runner/.m2/repository/com/google/inject/extensions/guice-servlet/5.1.0/guice-servlet-5.1.0.jar:/home/runner/.m2/repository/org/glassfish/jersey/containers/jersey-container-servlet/2.34/jersey-container-servlet-2.34.jar:/home/runner/.m2/repository/org/glassfish/hk2/guice-bridge/2.5.0/guice-bridge-2.5.0.jar:/home/runner/.m2/repository/org/glassfish/jersey/core/jersey-server/2.34/jersey-server-2.34.jar:/home/runner/.m2/repository/org/glassfish/jersey/core/jersey-client/2.34/jersey-client-2.34.jar:/home/runner/.m2/repository/jakarta/annotation/jakarta.annotation-api/1.3.5/jakarta.annotation-api-1.3.5.jar:/home/runner/.m2/repository/jakarta/validation/jakarta.validation-api/2.0.2/jakarta.validation-api-2.0.2.jar:/home/runner/.m2/repository/org/glassfish/jersey/media/jersey-media-json-jackson/2.34/jersey-media-json-jackson-2.34.jar:/home/runner/.m2/repository/org/glassfish/jersey/ext/jersey-entity-filtering/2.34/jersey-entity-filtering-2.34.jar:/home/runner/.m2/repository/org/jooq/jooq/3.11.10/jooq-3.11.10.jar:/home/runner/.m2/repository/org/jooq/jooq-meta/3.11.10/jooq-meta-3.11.10.jar:/home/runner/.m2/repository/org/jooq/jooq-codegen/3.11.10/jooq-codegen-3.11.10.jar:/home/runner/.m2/repository/com/jolbox/bonecp/0.8.0.RELEASE/bonecp-0.8.0.RELEASE.jar:/home/runner/.m2/repository/org/apache/derby/derby/10.14.2.0/derby-10.14.2.0.jar:/home/runner/.m2/repository/org/xerial/sqlite-jdbc/3.41.2.2/sqlite-jdbc-3.41.2.2.jar:/home/runner/.m2/repository/org/springframework/spring-jdbc/5.3.27/spring-jdbc-5.3.27.jar:/home/runner/.m2/repository/org/springframework/spring-beans/5.3.27/spring-beans-5.3.27.jar:/home/runner/.m2/repository/org/springframework/spring-core/5.3.27/spring-core-5.3.27.jar:/home/runner/.m2/repository/org/springframework/spring-tx/5.3.27/spring-tx-5.3.27.jar:/home/runner/.m2/repository/org/apache/ozone/ozone-client/1.4.0-SNAPSHOT/ozone-client-1.4.0-SNAPSHOT.jar:/home/runner/.m2/repository/org/apache/ozone/hdds-erasurecode/1.4.0-SNAPSHOT/hdds-erasurecode-1.4.0-SNAPSHOT.jar:/home/runner/.m2/repository/org/apache/ozone/ozone-filesystem/1.4.0-SNAPSHOT/ozone-filesystem-1.4.0-SNAPSHOT.jar:/home/runner/.m2/repository/org/apache/ozone/ozone-filesystem-common/1.4.0-SNAPSHOT/ozone-filesystem-common-1.4.0-SNAPSHOT.jar:/home/runner/.m2/repository/org/apache/ozone/ozone-tools/1.4.0-SNAPSHOT/ozone-tools-1.4.0-SNAPSHOT.jar:/home/runner/.m2/repository/com/amazonaws/aws-java-sdk-core/1.12.261/aws-java-sdk-core-1.12.261.jar:/home/runner/.m2/repository/org/apache/httpcomponents/httpclient/4.5.13/httpclient-4.5.13.jar:/home/runner/.m2/repository/org/apache/httpcomponents/httpcore/4.4.13/httpcore-4.4.13.jar:/home/runner/.m2/repository/software/amazon/ion/ion-java/1.0.2/ion-java-1.0.2.jar:/home/runner/.m2/repository/com/fasterxml/jackson/dataformat/jackson-dataformat-cbor/2.13.4/jackson-dataformat-cbor-2.13.4.jar:/home/runner/.m2/repository/joda-time/joda-time/2.10.6/joda-time-2.10.6.jar:/home/runner/.m2/repository/com/amazonaws/aws-java-sdk-s3/1.12.261/aws-java-sdk-s3-1.12.261.jar:/home/runner/.m2/repository/com/amazonaws/aws-java-sdk-kms/1.12.261/aws-java-sdk-kms-1.12.261.jar:/home/runner/.m2/repository/com/amazonaws/jmespath-java/1.12.261/jmespath-java-1.12.261.jar:/home/runner/.m2/repository/org/kohsuke/metainf-services/metainf-services/1.8/metainf-services-1.8.jar:/home/runner/.m2/repository/org/apache/ozone/hdds-tools/1.4.0-SNAPSHOT/hdds-tools-1.4.0-SNAPSHOT.jar:/home/runner/.m2/repository/org/apache/ratis/ratis-tools/2.5.1/ratis-tools-2.5.1.jar:/home/runner/.m2/repository/commons-cli/commons-cli/1.2/commons-cli-1.2.jar:/home/runner/.m2/repository/org/apache/commons/commons-lang3/3.7/commons-lang3-3.7.jar:/home/runner/.m2/repository/org/apache/ozone/ozone-manager/1.4.0-SNAPSHOT/ozone-manager-1.4.0-SNAPSHOT-tests.jar:/home/runner/.m2/repository/org/apache/ozone/hdds-common/1.4.0-SNAPSHOT/hdds-common-1.4.0-SNAPSHOT-tests.jar:/home/runner/.m2/repository/org/apache/ozone/hdds-hadoop-dependency-client/1.4.0-SNAPSHOT/hdds-hadoop-dependency-client-1.4.0-SNAPSHOT.jar:/home/runner/.m2/repository/info/picocli/picocli/4.6.1/picocli-4.6.1.jar:/home/runner/.m2/repository/com/fasterxml/jackson/core/jackson-annotations/2.13.4/jackson-annotations-2.13.4.jar:/home/runner/.m2/repository/org/apache/ozone/hdds-annotation-processing/1.4.0-SNAPSHOT/hdds-annotation-processing-1.4.0-SNAPSHOT.jar:/home/runner/.m2/repository/javax/annotation/javax.annotation-api/1.2/javax.annotation-api-1.2.jar:/home/runner/.m2/repository/org/apache/ratis/ratis-netty/2.5.1/ratis-netty-2.5.1.jar:/home/runner/.m2/repository/org/apache/ratis/ratis-grpc/2.5.1/ratis-grpc-2.5.1.jar:/home/runner/.m2/repository/org/apache/logging/log4j/log4j-api/2.17.1/log4j-api-2.17.1.jar:/home/runner/.m2/repository/org/apache/commons/commons-pool2/2.6.0/commons-pool2-2.6.0.jar:/home/runner/.m2/repository/org/bouncycastle/bcpkix-jdk15on/1.67/bcpkix-jdk15on-1.67.jar:/home/runner/.m2/repository/commons-validator/commons-validator/1.6/commons-validator-1.6.jar:/home/runner/.m2/repository/commons-beanutils/commons-beanutils/1.9.4/commons-beanutils-1.9.4.jar:/home/runner/.m2/repository/commons-digester/commons-digester/1.8.1/commons-digester-1.8.1.jar:/home/runner/.m2/repository/commons-collections/commons-collections/3.2.2/commons-collections-3.2.2.jar:/home/runner/.m2/repository/io/jaegertracing/jaeger-client/1.6.0/jaeger-client-1.6.0.jar:/home/runner/.m2/repository/io/jaegertracing/jaeger-thrift/1.6.0/jaeger-thrift-1.6.0.jar:/home/runner/.m2/repository/org/apache/thrift/libthrift/0.14.1/libthrift-0.14.1.jar:/home/runner/.m2/repository/io/jaegertracing/jaeger-core/1.6.0/jaeger-core-1.6.0.jar:/home/runner/.m2/repository/io/jaegertracing/jaeger-tracerresolver/1.6.0/jaeger-tracerresolver-1.6.0.jar:/home/runner/.m2/repository/io/opentracing/contrib/opentracing-tracerresolver/0.1.8/opentracing-tracerresolver-0.1.8.jar:/home/runner/.m2/repository/org/jetbrains/kotlin/kotlin-stdlib/1.6.21/kotlin-stdlib-1.6.21.jar:/home/runner/.m2/repository/org/jetbrains/annotations/13.0/annotations-13.0.jar:/home/runner/.m2/repository/io/opentracing/opentracing-util/0.33.0/opentracing-util-0.33.0.jar:/home/runner/.m2/repository/io/opentracing/opentracing-api/0.33.0/opentracing-api-0.33.0.jar:/home/runner/.m2/repository/io/opentracing/opentracing-noop/0.33.0/opentracing-noop-0.33.0.jar:/home/runner/.m2/repository/org/yaml/snakeyaml/2.0/snakeyaml-2.0.jar:/home/runner/.m2/repository/io/grpc/grpc-api/1.51.1/grpc-api-1.51.1.jar:/home/runner/.m2/repository/io/grpc/grpc-context/1.51.1/grpc-context-1.51.1.jar:/home/runner/.m2/repository/junit/junit/4.13.1/junit-4.13.1.jar:/home/runner/.m2/repository/org/hamcrest/hamcrest-core/1.3/hamcrest-core-1.3.jar:/home/runner/.m2/repository/org/junit/jupiter/junit-jupiter-api/5.8.2/junit-jupiter-api-5.8.2.jar:/home/runner/.m2/repository/org/opentest4j/opentest4j/1.2.0/opentest4j-1.2.0.jar:/home/runner/.m2/repository/org/junit/platform/junit-platform-commons/1.8.2/junit-platform-commons-1.8.2.jar:/home/runner/.m2/repository/org/apiguardian/apiguardian-api/1.1.2/apiguardian-api-1.1.2.jar:/home/runner/.m2/repository/org/junit/jupiter/junit-jupiter-params/5.8.2/junit-jupiter-params-5.8.2.jar:/home/runner/.m2/repository/org/junit/jupiter/junit-jupiter-migrationsupport/5.8.2/junit-jupiter-migrationsupport-5.8.2.jar:/home/runner/.m2/repository/org/junit/jupiter/junit-jupiter-engine/5.8.2/junit-jupiter-engine-5.8.2.jar:/home/runner/.m2/repository/org/junit/platform/junit-platform-engine/1.8.2/junit-platform-engine-1.8.2.jar:/home/runner/.m2/repository/org/junit/vintage/junit-vintage-engine/5.8.2/junit-vintage-engine-5.8.2.jar:/home/runner/.m2/repository/org/junit/platform/junit-platform-launcher/1.8.2/junit-platform-launcher-1.8.2.jar:/home/runner/.m2/repository/org/mockito/mockito-core/3.5.9/mockito-core-3.5.9.jar:/home/runner/.m2/repository/net/bytebuddy/byte-buddy/1.10.13/byte-buddy-1.10.13.jar:/home/runner/.m2/repository/net/bytebuddy/byte-buddy-agent/1.10.13/byte-buddy-agent-1.10.13.jar:/home/runner/.m2/repository/org/objenesis/objenesis/1.0/objenesis-1.0.jar:/home/runner/.m2/repository/org/apache/hadoop/hadoop-kms/3.3.5/hadoop-kms-3.3.5.jar:/home/runner/.m2/repository/org/apache/hadoop/hadoop-auth/3.3.5/hadoop-auth-3.3.5.jar:/home/runner/.m2/repository/com/nimbusds/nimbus-jose-jwt/9.8.1/nimbus-jose-jwt-9.8.1.jar:/home/runner/.m2/repository/com/github/stephenc/jcip/jcip-annotations/1.0-1/jcip-annotations-1.0-1.jar:/home/runner/.m2/repository/net/minidev/json-smart/2.4.7/json-smart-2.4.7.jar:/home/runner/.m2/repository/net/minidev/accessors-smart/2.4.7/accessors-smart-2.4.7.jar:/home/runner/.m2/repository/org/ow2/asm/asm/5.0.4/asm-5.0.4.jar:/home/runner/.m2/repository/org/apache/zookeeper/zookeeper/3.5.6/zookeeper-3.5.6.jar:/home/runner/.m2/repository/org/apache/zookeeper/zookeeper-jute/3.5.6/zookeeper-jute-3.5.6.jar:/home/runner/.m2/repository/org/apache/yetus/audience-annotations/0.5.0/audience-annotations-0.5.0.jar:/home/runner/.m2/repository/org/apache/curator/curator-framework/4.2.0/curator-framework-4.2.0.jar:/home/runner/.m2/repository/org/apache/hadoop/thirdparty/hadoop-shaded-guava/1.1.1/hadoop-shaded-guava-1.1.1.jar:/home/runner/.m2/repository/com/sun/jersey/jersey-core/1.19/jersey-core-1.19.jar:/home/runner/.m2/repository/javax/ws/rs/jsr311-api/1.1.1/jsr311-api-1.1.1.jar:/home/runner/.m2/repository/com/sun/jersey/jersey-server/1.19/jersey-server-1.19.jar:/home/runner/.m2/repository/javax/servlet/javax.servlet-api/3.1.0/javax.servlet-api-3.1.0.jar:/home/runner/.m2/repository/org/apache/hadoop/hadoop-common/3.3.5/hadoop-common-3.3.5.jar:/home/runner/.m2/repository/org/apache/commons/commons-math3/3.1.1/commons-math3-3.1.1.jar:/home/runner/.m2/repository/commons-net/commons-net/3.9.0/commons-net-3.9.0.jar:/home/runner/.m2/repository/com/sun/jersey/jersey-servlet/1.19/jersey-servlet-1.19.jar:/home/runner/.m2/repository/com/github/pjfanning/jersey-json/1.20/jersey-json-1.20.jar:/home/runner/.m2/repository/org/codehaus/jettison/jettison/1.1/jettison-1.1.jar:/home/runner/.m2/repository/com/sun/xml/bind/jaxb-impl/2.2.3-1/jaxb-impl-2.2.3-1.jar:/home/runner/.m2/repository/com/google/re2j/re2j/1.1/re2j-1.1.jar:/home/runner/.m2/repository/com/jcraft/jsch/0.1.54/jsch-0.1.54.jar:/home/runner/.m2/repository/org/apache/curator/curator-client/4.2.0/curator-client-4.2.0.jar:/home/runner/.m2/repository/org/apache/curator/curator-recipes/4.2.0/curator-recipes-4.2.0.jar:/home/runner/.m2/repository/org/apache/kerby/kerb-core/1.0.1/kerb-core-1.0.1.jar:/home/runner/.m2/repository/org/apache/kerby/kerby-pkix/1.0.1/kerby-pkix-1.0.1.jar:/home/runner/.m2/repository/org/apache/kerby/kerby-asn1/1.0.1/kerby-asn1-1.0.1.jar:/home/runner/.m2/repository/org/apache/kerby/kerby-util/1.0.1/kerby-util-1.0.1.jar:/home/runner/.m2/repository/dnsjava/dnsjava/2.1.7/dnsjava-2.1.7.jar:/home/runner/.m2/repository/org/xerial/snappy/snappy-java/1.1.8.2/snappy-java-1.1.8.2.jar:/home/runner/.m2/repository/com/fasterxml/jackson/core/jackson-databind/2.13.4.2/jackson-databind-2.13.4.2.jar:/home/runner/.m2/repository/org/apache/hadoop/hadoop-kms/3.3.5/hadoop-kms-3.3.5-tests.jar:/home/runner/.m2/repository/org/apache/ozone/hdds-server-scm/1.4.0-SNAPSHOT/hdds-server-scm-1.4.0-SNAPSHOT-tests.jar:/home/runner/.m2/repository/org/apache/ozone/hdds-container-service/1.4.0-SNAPSHOT/hdds-container-service-1.4.0-SNAPSHOT-tests.jar:/home/runner/.m2/repository/com/github/luben/zstd-jni/1.5.2-5/zstd-jni-1.5.2-5.jar:/home/runner/.m2/repository/commons-codec/commons-codec/1.15/commons-codec-1.15.jar:/home/runner/.m2/repository/io/netty/netty-codec/4.1.86.Final/netty-codec-4.1.86.Final.jar:/home/runner/.m2/repository/io/netty/netty-handler/4.1.86.Final/netty-handler-4.1.86.Final.jar:/home/runner/.m2/repository/org/apache/ozone/hdds-hadoop-dependency-test/1.4.0-SNAPSHOT/hdds-hadoop-dependency-test-1.4.0-SNAPSHOT.jar:/home/runner/.m2/repository/org/apache/hadoop/hadoop-common/3.3.5/hadoop-common-3.3.5-tests.jar:/home/runner/.m2/repository/org/apache/hadoop/hadoop-hdfs/3.3.5/hadoop-hdfs-3.3.5-tests.jar:/home/runner/.m2/repository/org/assertj/assertj-core/3.12.2/assertj-core-3.12.2.jar:/home/runner/.m2/repository/org/apache/hadoop/hadoop-distcp/3.3.5/hadoop-distcp-3.3.5.jar:/home/runner/.m2/repository/org/apache/hadoop/hadoop-mapreduce-client-jobclient/3.3.5/hadoop-mapreduce-client-jobclient-3.3.5.jar:/home/runner/.m2/repository/org/apache/hadoop/hadoop-mapreduce-client-common/3.3.5/hadoop-mapreduce-client-common-3.3.5.jar:/home/runner/.m2/repository/org/apache/hadoop/hadoop-yarn-common/3.3.5/hadoop-yarn-common-3.3.5.jar:/home/runner/.m2/repository/org/apache/hadoop/hadoop-yarn-api/3.3.5/hadoop-yarn-api-3.3.5.jar:/home/runner/.m2/repository/com/sun/jersey/contribs/jersey-guice/1.19/jersey-guice-1.19.jar:/home/runner/.m2/repository/com/fasterxml/jackson/jaxrs/jackson-jaxrs-json-provider/2.13.4/jackson-jaxrs-json-provider-2.13.4.jar:/home/runner/.m2/repository/com/fasterxml/jackson/jaxrs/jackson-jaxrs-base/2.13.4/jackson-jaxrs-base-2.13.4.jar:/home/runner/.m2/repository/org/apache/hadoop/hadoop-yarn-client/3.3.5/hadoop-yarn-client-3.3.5.jar:/home/runner/.m2/repository/org/eclipse/jetty/websocket/websocket-client/9.4.48.v20220622/websocket-client-9.4.48.v20220622.jar:/home/runner/.m2/repository/org/eclipse/jetty/websocket/websocket-common/9.4.48.v20220622/websocket-common-9.4.48.v20220622.jar:/home/runner/.m2/repository/org/eclipse/jetty/websocket/websocket-api/9.4.48.v20220622/websocket-api-9.4.48.v20220622.jar:/home/runner/.m2/repository/org/jline/jline/3.9.0/jline-3.9.0.jar:/home/runner/.m2/repository/org/apache/hadoop/hadoop-mapreduce-client-core/3.3.5/hadoop-mapreduce-client-core-3.3.5.jar:/home/runner/.m2/repository/org/apache/avro/avro/1.7.7/avro-1.7.7.jar:/home/runner/.m2/repository/com/thoughtworks/paranamer/paranamer/2.3/paranamer-2.3.jar:/home/runner/.m2/repository/org/apache/hadoop/hadoop-annotations/3.3.5/hadoop-annotations-3.3.5.jar:/usr/lib/jvm/temurin-8-jdk-amd64/jre/../lib/tools.jar:/home/runner/.m2/repository/io/netty/netty/3.10.6.Final/netty-3.10.6.Final.jar:/home/runner/.m2/repository/org/apache/hadoop/hadoop-distcp/3.3.5/hadoop-distcp-3.3.5-tests.jar:/home/runner/.m2/repository/org/slf4j/jul-to-slf4j/1.7.36/jul-to-slf4j-1.7.36.jar:"/>
    <property name="sun.cpu.endian" value="little"/>
    <property name="user.home" value="/home/runner"/>
    <property name="user.language" value="en"/>
    <property name="java.specification.vendor" value="Oracle Corporation"/>
    <property name="java.home" value="/usr/lib/jvm/temurin-8-jdk-amd64/jre"/>
    <property name="java.security.krb5.conf" value="/home/runner/work/ozone/ozone/hadoop-ozone/integration-test/target/test-classes/krb5.conf"/>
    <property name="basedir" value="/home/runner/work/ozone/ozone/hadoop-ozone/integration-test"/>
    <property name="file.separator" value="/"/>
    <property name="line.separator" value="&#10;"/>
    <property name="java.vm.specification.vendor" value="Oracle Corporation"/>
    <property name="java.specification.name" value="Java Platform API Specification"/>
    <property name="java.awt.graphicsenv" value="sun.awt.X11GraphicsEnvironment"/>
    <property name="skip.installnpx" value="true"/>
    <property name="surefire.real.class.path" value="/home/runner/work/ozone/ozone/hadoop-ozone/integration-test/target/surefire/surefirebooter7697758117836472006.jar:/home/runner/.m2/repository/org/jacoco/org.jacoco.agent/0.8.5/org.jacoco.agent-0.8.5-runtime.jar"/>
    <property name="hadoop.log.dir" value="/home/runner/work/ozone/ozone/hadoop-ozone/integration-test/target/log"/>
    <property name="sun.boot.class.path" value="/usr/lib/jvm/temurin-8-jdk-amd64/jre/lib/resources.jar:/usr/lib/jvm/temurin-8-jdk-amd64/jre/lib/rt.jar:/usr/lib/jvm/temurin-8-jdk-amd64/jre/lib/sunrsasign.jar:/usr/lib/jvm/temurin-8-jdk-amd64/jre/lib/jsse.jar:/usr/lib/jvm/temurin-8-jdk-amd64/jre/lib/jce.jar:/usr/lib/jvm/temurin-8-jdk-amd64/jre/lib/charsets.jar:/usr/lib/jvm/temurin-8-jdk-amd64/jre/lib/jfr.jar:/usr/lib/jvm/temurin-8-jdk-amd64/jre/classes"/>
    <property name="sun.management.compiler" value="HotSpot 64-Bit Tiered Compilers"/>
    <property name="skip.npx" value="true"/>
    <property name="java.runtime.version" value="1.8.0_372-b07"/>
    <property name="java.net.preferIPv4Stack" value="true"/>
    <property name="user.name" value="runner"/>
    <property name="path.separator" value=":"/>
    <property name="java.security.egd" value="file:///dev/urandom"/>
    <property name="os.version" value="5.15.0-1040-azure"/>
    <property name="java.endorsed.dirs" value="/usr/lib/jvm/temurin-8-jdk-amd64/jre/lib/endorsed"/>
    <property name="java.runtime.name" value="OpenJDK Runtime Environment"/>
    <property name="file.encoding" value="UTF-8"/>
    <property name="java.vm.name" value="OpenJDK 64-Bit Server VM"/>
    <property name="test.build.webapps" value=""/>
    <property name="localRepository" value="/home/runner/.m2/repository"/>
    <property name="jetty.git.hash" value="b45c405e4544384de066f814ed42ae3dceacdd49"/>
    <property name="java.vendor.url.bug" value="https://github.com/adoptium/adoptium-support/issues"/>
    <property name="java.io.tmpdir" value="/tmp"/>
    <property name="require.test.libhadoop" value=""/>
    <property name="java.version" value="1.8.0_372"/>
    <property name="user.dir" value="/home/runner/work/ozone/ozone/hadoop-ozone/integration-test"/>
    <property name="os.arch" value="amd64"/>
    <property name="java.vm.specification.name" value="Java Virtual Machine Specification"/>
    <property name="test.build.classes" value="/home/runner/work/ozone/ozone/hadoop-ozone/integration-test/target/test-classes"/>
    <property name="java.awt.printerjob" value="sun.print.PSPrinterJob"/>
    <property name="sun.os.patch.level" value="unknown"/>
    <property name="org.apache.ratis.thirdparty.io.netty.allocator.useCacheForAllThreads" value="false"/>
    <property name="hadoop.tmp.dir" value="/home/runner/work/ozone/ozone/hadoop-ozone/integration-test/target/tmp"/>
    <property name="java.library.path" value="/usr/java/packages/lib/amd64:/usr/lib64:/lib64:/lib:/usr/lib"/>
    <property name="java.vm.info" value="mixed mode"/>
    <property name="java.vendor" value="Temurin"/>
    <property name="java.vm.version" value="25.372-b07"/>
    <property name="java.specification.maintenance.version" value="4"/>
    <property name="java.ext.dirs" value="/usr/lib/jvm/temurin-8-jdk-amd64/jre/lib/ext:/usr/java/packages/lib/ext"/>
    <property name="sun.io.unicode.encoding" value="UnicodeLittle"/>
    <property name="java.class.version" value="52.0"/>
  </properties>
  <testcase name="testRenameDir" classname="TestRootedOzoneFileSystemWithFSO" time="0.944">
    <system-out><![CDATA[2023-06-22 21:34:58,099 [main] WARN  server.ServerUtils (ServerUtils.java:getScmDbDir(155)) - ozone.scm.db.dirs is not configured. We recommend adding this setting. Falling back to ozone.metadata.dirs instead.
2023-06-22 21:34:58,343 [main] INFO  reflections.Reflections (Reflections.java:scan(232)) - Reflections took 200 ms to scan 7 urls, producing 159 keys and 372 values 
2023-06-22 21:34:58,513 [main] WARN  server.ServerUtils (ServerUtils.java:getScmDbDir(155)) - ozone.scm.db.dirs is not configured. We recommend adding this setting. Falling back to ozone.metadata.dirs instead.
2023-06-22 21:34:58,517 [main] INFO  ha.SCMHANodeDetails (SCMHANodeDetails.java:loadSCMHAConfig(210)) - ServiceID for StorageContainerManager is null
2023-06-22 21:34:58,532 [main] WARN  ha.SCMHANodeDetails (SCMHANodeDetails.java:validateSCMHAConfig(183)) - Invalid config ozone.scm.ratis.enable. The config was not specified, but the default value true conflicts with the expected config value false. Falling back to the expected value. Current State of SCM: SCM is running in Non-HA without Ratis Ratis SCM -> Non Ratis SCM or Non HA SCM -> HA SCM is not supported
2023-06-22 21:34:58,532 [main] INFO  ha.SCMHANodeDetails (SCMHANodeDetails.java:loadSCMHAConfig(215)) - ozone.scm.default.service.id is not defined, falling back to ozone.scm.service.ids to find serviceID for StorageContainerManager if it is HA enabled cluster
2023-06-22 21:34:59,199 [main] WARN  utils.HAUtils (HAUtils.java:getMetaDir(339)) - ozone.scm.db.dirs is not configured. We recommend adding this setting. Falling back to ozone.metadata.dirs instead.
2023-06-22 21:34:59,372 [main] WARN  db.DBStoreBuilder (DBStoreBuilder.java:applyDBDefinition(166)) - ozone.scm.db.dirs is not configured. We recommend adding this setting. Falling back to ozone.metadata.dirs instead.
2023-06-22 21:34:59,674 [main] INFO  net.NodeSchemaLoader (NodeSchemaLoader.java:loadSchemaFromFile(129)) - Loading schema from [jar:file:/home/runner/.m2/repository/org/apache/ozone/hdds-common/1.4.0-SNAPSHOT/hdds-common-1.4.0-SNAPSHOT.jar!/network-topology-default.xml]
2023-06-22 21:34:59,676 [main] INFO  net.NodeSchemaLoader (NodeSchemaLoader.java:loadSchema(176)) - Loading network topology layer schema file
2023-06-22 21:34:59,736 [main] INFO  metrics.MetricRegistries (MetricRegistriesLoader.java:load(64)) - Loaded MetricRegistries class org.apache.ratis.metrics.impl.MetricRegistriesImpl
2023-06-22 21:34:59,752 [main] INFO  upgrade.AbstractLayoutVersionManager (AbstractLayoutVersionManager.java:init(83)) - Initializing Layout version manager with metadata layout = HADOOP_PRC_PORTS_IN_DATANODEDETAILS (version = 7), software layout = HADOOP_PRC_PORTS_IN_DATANODEDETAILS (version = 7)
2023-06-22 21:35:00,001 [main] INFO  ha.SequenceIdGenerator (SequenceIdGenerator.java:upgradeToSequenceId(349)) - upgrade localId to 111677748019200000
2023-06-22 21:35:00,002 [main] INFO  ha.SequenceIdGenerator (SequenceIdGenerator.java:upgradeToSequenceId(359)) - upgrade delTxnId to 0
2023-06-22 21:35:00,010 [main] INFO  ha.SequenceIdGenerator (SequenceIdGenerator.java:upgradeToSequenceId(376)) - upgrade containerId to 0
2023-06-22 21:35:00,013 [main] INFO  ha.SequenceIdGenerator (SequenceIdGenerator.java:<init>(220)) - Init the HA SequenceIdGenerator.
2023-06-22 21:35:00,086 [main] WARN  server.ServerUtils (ServerUtils.java:sanitizeUserArgs(80)) - ozone.scm.stale.node.interval value = 300000 is larger than max = 100000 based on the key value of ozone.scm.heartbeat.thread.interval, reset to the max value 100000.
2023-06-22 21:35:00,086 [main] WARN  server.ServerUtils (ServerUtils.java:sanitizeUserArgs(80)) - ozone.scm.stale.node.interval value = 300000 is larger than max = 100000 based on the key value of ozone.scm.heartbeat.thread.interval, reset to the max value 100000.
2023-06-22 21:35:00,093 [main] INFO  node.SCMNodeManager (SCMNodeManager.java:<init>(158)) - Entering startup safe mode.
2023-06-22 21:35:00,112 [main] INFO  algorithms.ContainerPlacementPolicyFactory (ContainerPlacementPolicyFactory.java:getPolicyInternal(86)) - Create container placement policy of type org.apache.hadoop.hdds.scm.container.placement.algorithms.SCMContainerPlacementRackAware
2023-06-22 21:35:00,116 [main] INFO  algorithms.ContainerPlacementPolicyFactory (ContainerPlacementPolicyFactory.java:getPolicyInternal(86)) - Create container placement policy of type org.apache.hadoop.hdds.scm.container.placement.algorithms.SCMContainerPlacementRackScatter
2023-06-22 21:35:00,127 [main] INFO  pipeline.PipelineStateManagerImpl (PipelineStateManagerImpl.java:initialize(78)) - No pipeline exists in current db
2023-06-22 21:35:00,143 [main] INFO  algorithms.LeaderChoosePolicyFactory (LeaderChoosePolicyFactory.java:getPolicy(57)) - Create leader choose policy of type org.apache.hadoop.hdds.scm.pipeline.leader.choose.algorithms.MinLeaderCountChoosePolicy
2023-06-22 21:35:00,143 [main] INFO  algorithms.ContainerPlacementPolicyFactory (ContainerPlacementPolicyFactory.java:getPolicyInternal(86)) - Create container placement policy of type org.apache.hadoop.hdds.scm.container.placement.algorithms.SCMContainerPlacementRackScatter
2023-06-22 21:35:00,150 [main] INFO  ha.SCMServiceManager (SCMServiceManager.java:register(42)) - Registering service BackgroundPipelineCreator.
2023-06-22 21:35:00,150 [main] INFO  pipeline.BackgroundPipelineCreator (BackgroundPipelineCreator.java:start(124)) - Starting RatisPipelineUtilsThread.
2023-06-22 21:35:00,153 [main] INFO  BackgroundPipelineScrubber (BackgroundSCMService.java:start(68)) - Starting BackgroundPipelineScrubber Service.
2023-06-22 21:35:00,156 [main] INFO  ha.SCMServiceManager (SCMServiceManager.java:register(42)) - Registering service BackgroundPipelineScrubber.
2023-06-22 21:35:00,164 [main] INFO  ExpiredContainerReplicaOpScrubber (BackgroundSCMService.java:start(68)) - Starting ExpiredContainerReplicaOpScrubber Service.
2023-06-22 21:35:00,164 [main] INFO  ha.SCMServiceManager (SCMServiceManager.java:register(42)) - Registering service ExpiredContainerReplicaOpScrubber.
2023-06-22 21:35:00,207 [main] INFO  algorithms.PipelineChoosePolicyFactory (PipelineChoosePolicyFactory.java:createPipelineChoosePolicyFromClass(73)) - Create pipeline choose policy of type org.apache.hadoop.hdds.scm.pipeline.choose.algorithms.RandomPipelineChoosePolicy
2023-06-22 21:35:00,236 [main] INFO  ha.SCMServiceManager (SCMServiceManager.java:register(42)) - Registering service SCMBlockDeletingService.
2023-06-22 21:35:00,310 [main] INFO  replication.ReplicationManager (ReplicationManager.java:start(286)) - Starting Replication Monitor Thread.
2023-06-22 21:35:00,329 [main] INFO  ha.SCMServiceManager (SCMServiceManager.java:register(42)) - Registering service ReplicationManager.
2023-06-22 21:35:00,332 [ReplicationMonitor] INFO  replication.ReplicationManager (ReplicationManager.java:processAll(361)) - Replication Manager is not ready to run until 3000ms after safemode exit
2023-06-22 21:35:00,346 [main] INFO  safemode.ContainerSafeModeRule (ContainerSafeModeRule.java:<init>(89)) - containers with one replica threshold count 0
2023-06-22 21:35:00,350 [main] INFO  safemode.HealthyPipelineSafeModeRule (HealthyPipelineSafeModeRule.java:initializeRule(169)) - Total pipeline count is 0, healthy pipeline threshold count is 1
2023-06-22 21:35:00,353 [main] INFO  safemode.OneReplicaPipelineSafeModeRule (OneReplicaPipelineSafeModeRule.java:initializeRule(180)) - Total pipeline count is 0, pipeline's with at least one datanode reported threshold count is 0
2023-06-22 21:35:00,371 [main] INFO  server.StorageContainerManager (StorageContainerManager.java:<init>(420)) - SCM start with adminUsers: [runner]
2023-06-22 21:35:00,860 [main] INFO  audit.AuditLogger (AuditLogger.java:refreshDebugCmdSet(126)) - Refresh DebugCmdSet for SCMAudit to [].
2023-06-22 21:35:00,904 [main] INFO  ipc.CallQueueManager (CallQueueManager.java:<init>(90)) - Using callQueue: class java.util.concurrent.LinkedBlockingQueue, queueCapacity: 2000, scheduler: class org.apache.hadoop.ipc.DefaultRpcScheduler, ipcBackoff: false.
2023-06-22 21:35:00,950 [Socket Reader #1 for port 15002] INFO  ipc.Server (Server.java:run(1319)) - Starting Socket Reader #1 for port 15002
2023-06-22 21:35:01,002 [Listener at 0.0.0.0/15002] INFO  hdds.HddsUtils (HddsUtils.java:preserveThreadName(848)) - Restoring thread name: main
2023-06-22 21:35:01,038 [main] INFO  audit.AuditLogger (AuditLogger.java:refreshDebugCmdSet(126)) - Refresh DebugCmdSet for SCMAudit to [].
2023-06-22 21:35:01,044 [main] INFO  ipc.CallQueueManager (CallQueueManager.java:<init>(90)) - Using callQueue: class java.util.concurrent.LinkedBlockingQueue, queueCapacity: 2000, scheduler: class org.apache.hadoop.ipc.DefaultRpcScheduler, ipcBackoff: false.
2023-06-22 21:35:01,045 [Socket Reader #1 for port 15001] INFO  ipc.Server (Server.java:run(1319)) - Starting Socket Reader #1 for port 15001
2023-06-22 21:35:01,049 [Listener at 0.0.0.0/15001] INFO  hdds.HddsUtils (HddsUtils.java:preserveThreadName(848)) - Restoring thread name: main
2023-06-22 21:35:01,095 [main] INFO  audit.AuditLogger (AuditLogger.java:refreshDebugCmdSet(126)) - Refresh DebugCmdSet for SCMAudit to [].
2023-06-22 21:35:01,111 [main] INFO  ipc.CallQueueManager (CallQueueManager.java:<init>(90)) - Using callQueue: class java.util.concurrent.LinkedBlockingQueue, queueCapacity: 2000, scheduler: class org.apache.hadoop.ipc.DefaultRpcScheduler, ipcBackoff: false.
2023-06-22 21:35:01,113 [Socket Reader #1 for port 15000] INFO  ipc.Server (Server.java:run(1319)) - Starting Socket Reader #1 for port 15000
2023-06-22 21:35:01,120 [Listener at 0.0.0.0/15000] INFO  hdds.HddsUtils (HddsUtils.java:preserveThreadName(848)) - Restoring thread name: main
2023-06-22 21:35:01,171 [main] INFO  ha.SCMServiceManager (SCMServiceManager.java:register(42)) - Registering service ContainerBalancer.
2023-06-22 21:35:01,171 [main] INFO  server.StorageContainerManager (StorageContainerManager.java:<init>(433)) - 
Container Balancer status:
Key                            Value
Running                        false
Container Balancer Configuration values:
Key                                                Value
Threshold                                          10
Max Datanodes to Involve per Iteration(percent)    20
Max Size to Move per Iteration                     500GB
Max Size Entering Target per Iteration             26GB
Max Size Leaving Source per Iteration              26GB

2023-06-22 21:35:01,172 [main] INFO  ha.SCMContext (SCMContext.java:updateSafeModeStatus(228)) - Update SafeModeStatus from SafeModeStatus{safeModeStatus=true, preCheckPassed=false} to SafeModeStatus{safeModeStatus=true, preCheckPassed=false}.
2023-06-22 21:35:01,175 [main] INFO  server.StorageContainerManager (StorageContainerManager.java:start(1487)) - StorageContainerLocationProtocol RPC server is listening at /0.0.0.0:15000
2023-06-22 21:35:01,252 [main] WARN  impl.MetricsConfig (MetricsConfig.java:loadFirst(136)) - Cannot locate configuration: tried hadoop-metrics2-storagecontainermanager.properties,hadoop-metrics2.properties
2023-06-22 21:35:01,268 [main] INFO  impl.MetricsSystemImpl (MetricsSystemImpl.java:startTimer(378)) - Scheduled Metric snapshot period at 10 second(s).
2023-06-22 21:35:01,269 [main] INFO  impl.MetricsSystemImpl (MetricsSystemImpl.java:start(191)) - StorageContainerManager metrics system started
2023-06-22 21:35:01,589 [main] INFO  server.SCMClientProtocolServer (SCMClientProtocolServer.java:start(201)) - RPC server for Client  is listening at /0.0.0.0:15000
2023-06-22 21:35:01,590 [IPC Server Responder] INFO  ipc.Server (Server.java:run(1558)) - IPC Server Responder: starting
2023-06-22 21:35:01,600 [main] INFO  server.StorageContainerManager (StorageContainerManager.java:start(1500)) - ScmBlockLocationProtocol RPC server is listening at /0.0.0.0:15001
2023-06-22 21:35:01,605 [main] INFO  server.SCMBlockProtocolServer (SCMBlockProtocolServer.java:start(152)) - RPC server for Block Protocol is listening at /0.0.0.0:15001
2023-06-22 21:35:01,591 [IPC Server listener on 15000] INFO  ipc.Server (Server.java:run(1398)) - IPC Server listener on 15000: starting
2023-06-22 21:35:01,606 [IPC Server Responder] INFO  ipc.Server (Server.java:run(1558)) - IPC Server Responder: starting
2023-06-22 21:35:01,607 [IPC Server listener on 15001] INFO  ipc.Server (Server.java:run(1398)) - IPC Server listener on 15001: starting
2023-06-22 21:35:01,610 [main] INFO  server.SCMDatanodeProtocolServer (SCMDatanodeProtocolServer.java:start(193)) - ScmDatanodeProtocol RPC server for DataNodes is listening at /0.0.0.0:15002
2023-06-22 21:35:01,641 [JvmPauseMonitor0] INFO  util.JvmPauseMonitor (JvmPauseMonitor.java:run(103)) - JvmPauseMonitor-13e6dace-4d66-4e4d-afbb-49ba390a29b5: Started
2023-06-22 21:35:01,641 [IPC Server listener on 15002] INFO  ipc.Server (Server.java:run(1398)) - IPC Server listener on 15002: starting
2023-06-22 21:35:01,642 [IPC Server Responder] INFO  ipc.Server (Server.java:run(1558)) - IPC Server Responder: starting
2023-06-22 21:35:01,665 [main] INFO  http.BaseHttpServer (BaseHttpServer.java:newHttpServer2BuilderForOzone(224)) - Starting Web-server for scm at: http://0.0.0.0:15003
2023-06-22 21:35:01,666 [main] INFO  http.BaseHttpServer (BaseHttpServer.java:<init>(111)) - Hadoop Security Enabled: false Ozone Security Enabled: false Ozone HTTP Security Enabled: false 
2023-06-22 21:35:01,697 [main] INFO  util.log (Log.java:initialized(170)) - Logging initialized @5490ms to org.eclipse.jetty.util.log.Slf4jLog
2023-06-22 21:35:01,817 [main] WARN  server.AuthenticationFilter (AuthenticationFilter.java:constructSecretProvider(240)) - Unable to initialize FileSignerSecretProvider, falling back to use random secrets. Reason: Could not read signature secret file: /home/runner/hadoop-http-auth-signature-secret
2023-06-22 21:35:01,825 [main] INFO  http.HttpRequestLog (HttpRequestLog.java:getRequestLog(86)) - Http request log for http.requests.scm is not defined
2023-06-22 21:35:01,833 [main] INFO  http.HttpServer2 (HttpServer2.java:addGlobalFilter(1031)) - Added global filter 'safety' (class=org.apache.hadoop.hdds.server.http.HttpServer2$QuotingInputFilter)
2023-06-22 21:35:01,839 [main] INFO  http.HttpServer2 (HttpServer2.java:addFilter(1007)) - Added filter static_user_filter (class=org.apache.hadoop.http.lib.StaticUserWebFilter$StaticUserFilter) to context scm
2023-06-22 21:35:01,839 [main] INFO  http.HttpServer2 (HttpServer2.java:addFilter(1015)) - Added filter static_user_filter (class=org.apache.hadoop.http.lib.StaticUserWebFilter$StaticUserFilter) to context static
2023-06-22 21:35:01,840 [main] INFO  http.HttpServer2 (HttpServer2.java:addFilter(1015)) - Added filter static_user_filter (class=org.apache.hadoop.http.lib.StaticUserWebFilter$StaticUserFilter) to context logs
2023-06-22 21:35:01,888 [main] INFO  http.BaseHttpServer (BaseHttpServer.java:<init>(190)) - HTTP server of scm uses base directory /home/runner/work/ozone/ozone/hadoop-ozone/integration-test/target/test-dir/MiniOzoneClusterImpl-00f3567e-e140-4cd7-bd5a-f6438c2bd6c1/ozone-meta/webserver
2023-06-22 21:35:01,889 [main] INFO  http.HttpServer2 (HttpServer2.java:bindListener(1250)) - Jetty bound to port 15003
2023-06-22 21:35:01,891 [main] INFO  server.Server (Server.java:doStart(375)) - jetty-9.4.51.v20230217; built: 2023-02-17T08:19:37.309Z; git: b45c405e4544384de066f814ed42ae3dceacdd49; jvm 1.8.0_372-b07
2023-06-22 21:35:01,925 [main] INFO  server.session (DefaultSessionIdManager.java:doStart(334)) - DefaultSessionIdManager workerName=node0
2023-06-22 21:35:01,925 [main] INFO  server.session (DefaultSessionIdManager.java:doStart(339)) - No SessionScavenger set, using defaults
2023-06-22 21:35:01,927 [main] INFO  server.session (HouseKeeper.java:startScavenging(132)) - node0 Scavenging every 660000ms
2023-06-22 21:35:01,941 [main] INFO  handler.ContextHandler (ContextHandler.java:doStart(921)) - Started o.e.j.s.ServletContextHandler@996126b{logs,/logs,file:///home/runner/work/ozone/ozone/hadoop-ozone/integration-test/target/log,AVAILABLE}
2023-06-22 21:35:01,942 [main] INFO  handler.ContextHandler (ContextHandler.java:doStart(921)) - Started o.e.j.s.ServletContextHandler@5713e35f{static,/static,file:///home/runner/work/ozone/ozone/hadoop-ozone/integration-test/target/test-classes/webapps/static,AVAILABLE}
2023-06-22 21:35:01,995 [main] INFO  handler.ContextHandler (ContextHandler.java:doStart(921)) - Started o.e.j.w.WebAppContext@20ed6de{scm,/,file:///home/runner/work/ozone/ozone/hadoop-ozone/integration-test/target/test-classes/webapps/scm/,AVAILABLE}{file:/home/runner/work/ozone/ozone/hadoop-ozone/integration-test/target/test-classes/webapps/scm}
2023-06-22 21:35:02,010 [main] INFO  server.AbstractConnector (AbstractConnector.java:doStart(333)) - Started ServerConnector@828e2d8{HTTP/1.1, (http/1.1)}{0.0.0.0:15003}
2023-06-22 21:35:02,011 [main] INFO  server.Server (Server.java:doStart(415)) - Started @5803ms
2023-06-22 21:35:02,014 [main] INFO  impl.MetricsSinkAdapter (MetricsSinkAdapter.java:start(204)) - Sink prometheus started
2023-06-22 21:35:02,014 [main] INFO  impl.MetricsSystemImpl (MetricsSystemImpl.java:registerSink(305)) - Registered sink prometheus
2023-06-22 21:35:02,016 [main] INFO  http.BaseHttpServer (BaseHttpServer.java:updateConnectorAddress(344)) - HTTP server of scm listening at http://0.0.0.0:15003
2023-06-22 21:35:02,023 [main] WARN  server.ServerUtils (ServerUtils.java:getDBPath(311)) - ozone.om.db.dirs is not configured. We recommend adding this setting. Falling back to ozone.metadata.dirs instead.
2023-06-22 21:35:02,099 [main] INFO  audit.AuditLogger (AuditLogger.java:refreshDebugCmdSet(126)) - Refresh DebugCmdSet for OMAudit to [].
2023-06-22 21:35:02,196 [main] INFO  ha.OMHANodeDetails (OMHANodeDetails.java:loadOMHAConfig(115)) - ozone.om.internal.service.id is not defined, falling back to ozone.om.service.ids to find serviceID for OzoneManager if it is HA enabled cluster
2023-06-22 21:35:02,201 [main] INFO  ha.OMHANodeDetails (OMHANodeDetails.java:loadOMHAConfig(226)) - Configuration does not have ozone.om.address set. Falling back to the default OM address /127.0.0.1:15004
2023-06-22 21:35:02,201 [main] INFO  ha.OMHANodeDetails (OMHANodeDetails.java:getOMNodeDetailsForNonHA(254)) - OM Service ID is not set. Setting it to the default ID: omServiceIdDefault
2023-06-22 21:35:02,202 [main] INFO  ha.OMHANodeDetails (OMHANodeDetails.java:getOMNodeDetailsForNonHA(261)) - OM Node ID is not set. Setting it to the default ID: om1
2023-06-22 21:35:02,210 [main] WARN  server.ServerUtils (ServerUtils.java:getDBPath(311)) - ozone.om.db.dirs is not configured. We recommend adding this setting. Falling back to ozone.metadata.dirs instead.
2023-06-22 21:35:02,227 [main] INFO  upgrade.AbstractLayoutVersionManager (AbstractLayoutVersionManager.java:init(83)) - Initializing Layout version manager with metadata layout = QUOTA (version = 6), software layout = QUOTA (version = 6)
2023-06-22 21:35:02,351 [main] INFO  reflections.Reflections (Reflections.java:scan(232)) - Reflections took 115 ms to scan 2 urls, producing 184 keys and 505 values [using 2 cores]
2023-06-22 21:35:02,359 [main] INFO  upgrade.OMLayoutVersionManager (OMLayoutVersionManager.java:lambda$0(115)) - Skipping Upgrade Action MockOmUpgradeAction since it has been finalized.
2023-06-22 21:35:02,360 [main] INFO  upgrade.OMLayoutVersionManager (OMLayoutVersionManager.java:lambda$0(115)) - Skipping Upgrade Action QuotaRepairUpgradeAction since it has been finalized.
2023-06-22 21:35:02,364 [main] WARN  server.ServerUtils (ServerUtils.java:getDBPath(311)) - ozone.om.db.dirs is not configured. We recommend adding this setting. Falling back to ozone.metadata.dirs instead.
2023-06-22 21:35:02,560 [main] INFO  proxy.SCMBlockLocationFailoverProxyProvider (SCMBlockLocationFailoverProxyProvider.java:<init>(114)) - Created block location fail-over proxy with 1 nodes: [nodeId=scmNodeId,nodeAddress=/0.0.0.0:15001]
2023-06-22 21:35:02,638 [main] INFO  proxy.SCMBlockLocationFailoverProxyProvider (SCMBlockLocationFailoverProxyProvider.java:<init>(114)) - Created block location fail-over proxy with 1 nodes: [nodeId=scmNodeId,nodeAddress=/0.0.0.0:15001]
2023-06-22 21:35:02,900 [main] INFO  om.OzoneManager (OzoneManager.java:<init>(654)) - OM start with adminUsers: [runner]
2023-06-22 21:35:02,916 [main] WARN  server.ServerUtils (ServerUtils.java:getDBPath(311)) - ozone.om.db.dirs is not configured. We recommend adding this setting. Falling back to ozone.metadata.dirs instead.
2023-06-22 21:35:02,950 [main] INFO  helpers.OmKeyInfo (OmKeyInfo.java:getCodec(71)) - OmKeyInfo.getCodec ignorePipeline = true
2023-06-22 21:35:03,326 [main] INFO  om.OzoneManager (OzoneManager.java:instantiateServices(783)) - S3 Multi-Tenancy is disabled
2023-06-22 21:35:03,383 [main] INFO  om.OmSnapshotManager (OmSnapshotManager.java:<init>(177)) - Ozone filesystem snapshot feature is enabled.
2023-06-22 21:35:03,394 [main] WARN  server.ServerUtils (ServerUtils.java:getDBPath(311)) - ozone.om.snapshot.diff.db.dir is not configured. We recommend adding this setting. Falling back to ozone.metadata.dirs instead.
2023-06-22 21:35:03,450 [main] INFO  utils.NativeLibraryLoader (NativeLibraryLoader.java:loadLibrary(105)) - Loading Library: ozone_rocksdb_tools
2023-06-22 21:35:03,452 [main] INFO  snapshot.SnapshotDiffManager (SnapshotDiffManager.java:closeExecutorService(1599)) - Shutting down executorService: 'SstDumpToolExecutor'
2023-06-22 21:35:03,535 [main] INFO  om.OzoneManager (OzoneManager.java:addS3GVolumeToDB(4258)) - Created Volume s3v With Owner runner required for S3Gateway operations.
2023-06-22 21:35:03,608 [main] WARN  server.ServerUtils (ServerUtils.java:getDefaultRatisDirectory(323)) - Storage directory for Ratis is not configured. It is a good idea to map this to an SSD disk. Falling back to ozone.metadata.dirs
2023-06-22 21:35:03,609 [main] WARN  utils.OzoneManagerRatisUtils (OzoneManagerRatisUtils.java:getOMRatisSnapshotDirectory(461)) - ozone.om.ratis.snapshot.dir is not configured. Falling back to ozone.metadata.dirs config
2023-06-22 21:35:03,625 [main] WARN  server.ServerUtils (ServerUtils.java:getDefaultRatisDirectory(323)) - Storage directory for Ratis is not configured. It is a good idea to map this to an SSD disk. Falling back to ozone.metadata.dirs
2023-06-22 21:35:03,654 [main] INFO  ratis.OzoneManagerRatisServer (OzoneManagerRatisServer.java:<init>(163)) - Instantiating OM Ratis server with groupID: omServiceIdDefault and peers: localhost:15007
2023-06-22 21:35:03,666 [main] INFO  ratis.OzoneManagerStateMachine (OzoneManagerStateMachine.java:loadSnapshotInfoFromDB(670)) - LastAppliedIndex is set from TransactionInfo from OM DB as (t:0, i:~)
2023-06-22 21:35:03,731 [main] INFO  server.RaftServer (ConfUtils.java:logGet(46)) - raft.rpc.type = GRPC (default)
2023-06-22 21:35:03,741 [main] INFO  grpc.GrpcConfigKeys (ConfUtils.java:logFallback(53)) - raft.grpc.admin.host = null (fallback to raft.grpc.server.host)
2023-06-22 21:35:03,742 [main] INFO  grpc.GrpcConfigKeys (ConfUtils.java:logFallback(53)) - raft.grpc.admin.port = 15007 (fallback to raft.grpc.server.port)
2023-06-22 21:35:03,743 [main] INFO  grpc.GrpcConfigKeys (ConfUtils.java:logFallback(53)) - raft.grpc.client.host = null (fallback to raft.grpc.server.host)
2023-06-22 21:35:03,743 [main] INFO  grpc.GrpcConfigKeys (ConfUtils.java:logFallback(53)) - raft.grpc.client.port = 15007 (fallback to raft.grpc.server.port)
2023-06-22 21:35:03,744 [main] INFO  grpc.GrpcConfigKeys (ConfUtils.java:logGet(46)) - raft.grpc.server.host = null (default)
2023-06-22 21:35:03,744 [main] INFO  grpc.GrpcConfigKeys (ConfUtils.java:logGet(46)) - raft.grpc.server.port = 15007 (custom)
2023-06-22 21:35:03,745 [main] INFO  server.GrpcService (ConfUtils.java:logGet(46)) - raft.grpc.message.size.max = 33554432 (custom)
2023-06-22 21:35:03,746 [main] INFO  server.RaftServerConfigKeys (ConfUtils.java:logGet(46)) - raft.server.log.appender.buffer.byte-limit = 33554432 (custom)
2023-06-22 21:35:03,746 [main] INFO  server.GrpcService (ConfUtils.java:logGet(46)) - raft.grpc.flow.control.window = 1MB (=1048576) (default)
2023-06-22 21:35:03,747 [main] INFO  server.RaftServerConfigKeys (ConfUtils.java:logGet(46)) - raft.server.rpc.request.timeout = 3000ms (default)
2023-06-22 21:35:03,761 [main] INFO  grpc.GrpcConfigKeys (ConfUtils.java:logGet(46)) - raft.grpc.server.heartbeat.channel = true (default)
2023-06-22 21:35:03,764 [main] INFO  grpc.GrpcConfigKeys (ConfUtils.java:logGet(46)) - raft.grpc.server.async.request.thread.pool.cached = true (default)
2023-06-22 21:35:03,765 [main] INFO  grpc.GrpcConfigKeys (ConfUtils.java:logGet(46)) - raft.grpc.server.async.request.thread.pool.size = 32 (default)
2023-06-22 21:35:03,996 [main] INFO  impl.DataStreamServerImpl (ConfUtils.java:logGet(46)) - raft.datastream.type = DISABLED (default)
2023-06-22 21:35:03,999 [main] INFO  server.RaftServerConfigKeys (ConfUtils.java:logGet(46)) - raft.server.threadpool.proxy.cached = true (default)
2023-06-22 21:35:04,000 [main] INFO  server.RaftServerConfigKeys (ConfUtils.java:logGet(46)) - raft.server.threadpool.proxy.size = 0 (default)
2023-06-22 21:35:04,000 [main] INFO  server.RaftServerConfigKeys (ConfUtils.java:logGet(46)) - raft.server.rpc.slowness.timeout = 120s (custom)
2023-06-22 21:35:04,000 [main] INFO  server.RaftServerConfigKeys (ConfUtils.java:logGet(46)) - raft.server.leaderelection.leader.step-down.wait-time = 10s (default)
2023-06-22 21:35:04,002 [main] INFO  server.RaftServerConfigKeys (ConfUtils.java:logGet(46)) - raft.server.storage.dir = [/home/runner/work/ozone/ozone/hadoop-ozone/integration-test/target/test-dir/MiniOzoneClusterImpl-00f3567e-e140-4cd7-bd5a-f6438c2bd6c1/ozone-meta/ratis] (custom)
2023-06-22 21:35:04,014 [main] INFO  server.RaftServer (RaftServerProxy.java:addNew(98)) - om1: addNew group-C5BA1605619E:[om1|rpc:localhost:15007|priority:0|startupRole:FOLLOWER] returns group-C5BA1605619E:java.util.concurrent.CompletableFuture@3faec175[Not completed]
2023-06-22 21:35:04,014 [main] INFO  om.OzoneManager (OzoneManager.java:initializeRatisServer(2128)) - OzoneManager Ratis server initialized at port 15007
2023-06-22 21:35:04,018 [main] INFO  om.OzoneManager (OzoneManager.java:getRpcServer(1176)) - Creating RPC Server
2023-06-22 21:35:04,061 [om1-groupManagement] INFO  server.RaftServer$Division (RaftServerImpl.java:<init>(198)) - om1: new RaftServerImpl for group-C5BA1605619E:[om1|rpc:localhost:15007|priority:0|startupRole:FOLLOWER] with OzoneManagerStateMachine:uninitialized
2023-06-22 21:35:04,063 [om1-groupManagement] INFO  server.RaftServerConfigKeys (ConfUtils.java:logGet(46)) - raft.server.rpc.timeout.min = 1s (custom)
2023-06-22 21:35:04,063 [om1-groupManagement] INFO  server.RaftServerConfigKeys (ConfUtils.java:logGet(46)) - raft.server.rpc.timeout.max = 1200ms (custom)
2023-06-22 21:35:04,064 [om1-groupManagement] INFO  server.RaftServerConfigKeys (ConfUtils.java:logGet(46)) - raft.server.rpc.sleep.time = 25ms (default)
2023-06-22 21:35:04,064 [om1-groupManagement] INFO  server.RaftServerConfigKeys (ConfUtils.java:logGet(46)) - raft.server.rpc.slowness.timeout = 120s (custom)
2023-06-22 21:35:04,064 [om1-groupManagement] INFO  server.RaftServerConfigKeys (ConfUtils.java:logGet(46)) - raft.server.leaderelection.leader.step-down.wait-time = 10s (default)
2023-06-22 21:35:04,064 [om1-groupManagement] INFO  server.RaftServerConfigKeys (ConfUtils.java:logGet(46)) - raft.server.sleep.deviation.threshold = 300ms (default)
2023-06-22 21:35:04,238 [om1-groupManagement] INFO  server.RaftServer$Division (ServerState.java:<init>(120)) - om1@group-C5BA1605619E: ConfigurationManager, init=-1: peers:[om1|rpc:localhost:15007|priority:0|startupRole:FOLLOWER]|listeners:[], old=null, confs=<EMPTY_MAP>
2023-06-22 21:35:04,238 [om1-groupManagement] INFO  server.RaftServerConfigKeys (ConfUtils.java:logGet(46)) - raft.server.storage.dir = [/home/runner/work/ozone/ozone/hadoop-ozone/integration-test/target/test-dir/MiniOzoneClusterImpl-00f3567e-e140-4cd7-bd5a-f6438c2bd6c1/ozone-meta/ratis] (custom)
2023-06-22 21:35:04,256 [om1-groupManagement] INFO  server.RaftServerConfigKeys (ConfUtils.java:logGet(46)) - raft.server.log.corruption.policy = EXCEPTION (default)
2023-06-22 21:35:04,256 [om1-groupManagement] INFO  server.RaftServerConfigKeys (ConfUtils.java:logGet(46)) - raft.server.storage.free-space.min = 0MB (=0) (default)
2023-06-22 21:35:04,270 [om1-groupManagement] INFO  server.RaftServerConfigKeys (ConfUtils.java:logGet(46)) - raft.server.notification.no-leader.timeout = 120s (custom)
2023-06-22 21:35:04,277 [om1-groupManagement] INFO  server.RaftServerConfigKeys (ConfUtils.java:logGet(46)) - raft.server.read.timeout = 10s (default)
2023-06-22 21:35:04,282 [om1-groupManagement] INFO  server.RaftServerConfigKeys (ConfUtils.java:logGet(46)) - raft.server.retrycache.expirytime = 300s (custom)
2023-06-22 21:35:04,282 [om1-groupManagement] INFO  server.RaftServerConfigKeys (ConfUtils.java:logGet(46)) - raft.server.retrycache.statistics.expirytime = 100μs (default)
2023-06-22 21:35:04,340 [om1-groupManagement] INFO  server.RaftServerConfigKeys (ConfUtils.java:logGet(46)) - raft.server.read.option = DEFAULT (default)
2023-06-22 21:35:04,417 [om1-groupManagement] INFO  server.RaftServerConfigKeys (ConfUtils.java:logGet(46)) - raft.server.rpc.request.timeout = 3000ms (default)
2023-06-22 21:35:04,429 [om1-groupManagement] INFO  server.RaftServerConfigKeys (ConfUtils.java:logGet(46)) - raft.server.log.appender.install.snapshot.enabled = false (custom)
2023-06-22 21:35:04,430 [om1-groupManagement] INFO  server.RaftServerConfigKeys (ConfUtils.java:logGet(46)) - raft.server.threadpool.server.cached = true (default)
2023-06-22 21:35:04,430 [om1-groupManagement] INFO  server.RaftServerConfigKeys (ConfUtils.java:logGet(46)) - raft.server.threadpool.server.size = 0 (default)
2023-06-22 21:35:04,430 [om1-groupManagement] INFO  server.RaftServerConfigKeys (ConfUtils.java:logGet(46)) - raft.server.threadpool.client.cached = true (default)
2023-06-22 21:35:04,431 [om1-groupManagement] INFO  server.RaftServerConfigKeys (ConfUtils.java:logGet(46)) - raft.server.threadpool.client.size = 0 (default)
2023-06-22 21:35:05,044 [main] INFO  reflections.Reflections (Reflections.java:scan(232)) - Reflections took 769 ms to scan 19 urls, producing 69 keys and 5407 values [using 2 cores]
2023-06-22 21:35:05,255 [main] INFO  ipc.CallQueueManager (CallQueueManager.java:<init>(90)) - Using callQueue: class java.util.concurrent.LinkedBlockingQueue, queueCapacity: 2000, scheduler: class org.apache.hadoop.ipc.DefaultRpcScheduler, ipcBackoff: false.
2023-06-22 21:35:05,256 [Socket Reader #1 for port 15004] INFO  ipc.Server (Server.java:run(1319)) - Starting Socket Reader #1 for port 15004
2023-06-22 21:35:05,263 [Listener at 127.0.0.1/15004] INFO  hdds.HddsUtils (HddsUtils.java:preserveThreadName(848)) - Restoring thread name: main
2023-06-22 21:35:05,307 [main] INFO  impl.MetricsSystemImpl (MetricsSystemImpl.java:init(158)) - OzoneManager metrics system started (again)
2023-06-22 21:35:05,323 [main] INFO  om.OzoneManager (OzoneManager.java:start(1606)) - OzoneManager RPC server is listening at localhost/127.0.0.1:15004
2023-06-22 21:35:05,324 [main] INFO  ratis.OzoneManagerRatisServer (OzoneManagerRatisServer.java:start(558)) - Starting OzoneManagerRatisServer om1 at port 15007
2023-06-22 21:35:05,327 [om1-impl-thread1] INFO  storage.RaftStorageDirectory (RaftStorageDirectoryImpl.java:analyzeStorage(137)) - The storage directory /home/runner/work/ozone/ozone/hadoop-ozone/integration-test/target/test-dir/MiniOzoneClusterImpl-00f3567e-e140-4cd7-bd5a-f6438c2bd6c1/ozone-meta/ratis/bf265839-605b-3f16-9796-c5ba1605619e does not exist. Creating ...
2023-06-22 21:35:05,331 [om1-impl-thread1] INFO  storage.RaftStorageDirectory (RaftStorageDirectoryImpl.java:tryLock(231)) - Lock on /home/runner/work/ozone/ozone/hadoop-ozone/integration-test/target/test-dir/MiniOzoneClusterImpl-00f3567e-e140-4cd7-bd5a-f6438c2bd6c1/ozone-meta/ratis/bf265839-605b-3f16-9796-c5ba1605619e/in_use.lock acquired by nodename 41615@fv-az504-135
2023-06-22 21:35:05,337 [om1-impl-thread1] INFO  storage.RaftStorage (RaftStorageImpl.java:format(96)) - Storage directory /home/runner/work/ozone/ozone/hadoop-ozone/integration-test/target/test-dir/MiniOzoneClusterImpl-00f3567e-e140-4cd7-bd5a-f6438c2bd6c1/ozone-meta/ratis/bf265839-605b-3f16-9796-c5ba1605619e has been successfully formatted.
2023-06-22 21:35:05,341 [om1-impl-thread1] INFO  server.RaftServerConfigKeys (ConfUtils.java:logGet(46)) - raft.server.log.use.memory = false (default)
2023-06-22 21:35:05,349 [om1-impl-thread1] INFO  server.RaftServerConfigKeys (ConfUtils.java:logGet(46)) - raft.server.log.purge.gap = 1000000 (custom)
2023-06-22 21:35:05,349 [om1-impl-thread1] INFO  server.RaftServerConfigKeys (ConfUtils.java:logGet(46)) - raft.server.log.appender.buffer.byte-limit = 33554432 (custom)
2023-06-22 21:35:05,351 [om1-impl-thread1] INFO  server.RaftServerConfigKeys (ConfUtils.java:logGet(46)) - raft.server.log.statemachine.data.read.timeout = 1000ms (default)
2023-06-22 21:35:05,353 [om1-impl-thread1] INFO  server.RaftServerConfigKeys (ConfUtils.java:logGet(46)) - raft.server.log.purge.preservation.log.num = 0 (default)
2023-06-22 21:35:05,356 [om1-impl-thread1] INFO  server.RaftServerConfigKeys (ConfUtils.java:logGet(46)) - raft.server.log.segment.size.max = 4194304 (custom)
2023-06-22 21:35:05,363 [om1-impl-thread1] INFO  server.RaftServerConfigKeys (ConfUtils.java:logGet(46)) - raft.server.log.segment.cache.num.max = 2 (custom)
2023-06-22 21:35:05,363 [om1-impl-thread1] INFO  server.RaftServerConfigKeys (ConfUtils.java:logGet(46)) - raft.server.log.segment.cache.size.max = 200MB (=209715200) (default)
2023-06-22 21:35:05,363 [om1-impl-thread1] INFO  server.RaftServerConfigKeys (ConfUtils.java:logGet(46)) - raft.server.log.appender.buffer.byte-limit = 33554432 (custom)
2023-06-22 21:35:05,370 [om1-impl-thread1] INFO  segmented.SegmentedRaftLogWorker (SegmentedRaftLogWorker.java:<init>(188)) - new om1@group-C5BA1605619E-SegmentedRaftLogWorker for RaftStorageImpl:Storage Directory /home/runner/work/ozone/ozone/hadoop-ozone/integration-test/target/test-dir/MiniOzoneClusterImpl-00f3567e-e140-4cd7-bd5a-f6438c2bd6c1/ozone-meta/ratis/bf265839-605b-3f16-9796-c5ba1605619e
2023-06-22 21:35:05,370 [om1-impl-thread1] INFO  server.RaftServerConfigKeys (ConfUtils.java:logGet(46)) - raft.server.log.queue.byte-limit = 64MB (=67108864) (default)
2023-06-22 21:35:05,370 [om1-impl-thread1] INFO  server.RaftServerConfigKeys (ConfUtils.java:logGet(46)) - raft.server.log.queue.element-limit = 4096 (default)
2023-06-22 21:35:05,371 [om1-impl-thread1] INFO  server.RaftServerConfigKeys (ConfUtils.java:logGet(46)) - raft.server.log.segment.size.max = 4194304 (custom)
2023-06-22 21:35:05,372 [om1-impl-thread1] INFO  server.RaftServerConfigKeys (ConfUtils.java:logGet(46)) - raft.server.log.preallocated.size = 4194304 (custom)
2023-06-22 21:35:05,372 [om1-impl-thread1] INFO  server.RaftServerConfigKeys (ConfUtils.java:logGet(46)) - raft.server.log.force.sync.num = 128 (default)
2023-06-22 21:35:05,373 [om1-impl-thread1] INFO  server.RaftServerConfigKeys (ConfUtils.java:logGet(46)) - raft.server.log.statemachine.data.sync = true (default)
2023-06-22 21:35:05,373 [om1-impl-thread1] INFO  server.RaftServerConfigKeys (ConfUtils.java:logGet(46)) - raft.server.log.statemachine.data.sync.timeout = 10s (default)
2023-06-22 21:35:05,374 [om1-impl-thread1] INFO  server.RaftServerConfigKeys (ConfUtils.java:logGet(46)) - raft.server.log.statemachine.data.sync.timeout.retry = -1 (default)
2023-06-22 21:35:05,383 [om1-impl-thread1] INFO  server.RaftServerConfigKeys (ConfUtils.java:logGet(46)) - raft.server.log.write.buffer.size = 64KB (=65536) (default)
2023-06-22 21:35:05,384 [om1-impl-thread1] INFO  server.RaftServerConfigKeys (ConfUtils.java:logGet(46)) - raft.server.log.appender.buffer.byte-limit = 33554432 (custom)
2023-06-22 21:35:05,390 [om1-impl-thread1] INFO  server.RaftServerConfigKeys (ConfUtils.java:logGet(46)) - raft.server.log.unsafe-flush.enabled = false (default)
2023-06-22 21:35:05,391 [om1-impl-thread1] INFO  server.RaftServerConfigKeys (ConfUtils.java:logGet(46)) - raft.server.log.async-flush.enabled = false (default)
2023-06-22 21:35:05,391 [om1-impl-thread1] INFO  server.RaftServerConfigKeys (ConfUtils.java:logGet(46)) - raft.server.log.statemachine.data.caching.enabled = false (default)
2023-06-22 21:35:05,398 [om1-impl-thread1] INFO  segmented.SegmentedRaftLogWorker (SegmentedRaftLogWorker.java:lambda$new$0(135)) - om1@group-C5BA1605619E-SegmentedRaftLogWorker: flushIndex: setUnconditionally 0 -> -1
2023-06-22 21:35:05,398 [om1-impl-thread1] INFO  segmented.SegmentedRaftLogWorker (SegmentedRaftLogWorker.java:lambda$new$0(135)) - om1@group-C5BA1605619E-SegmentedRaftLogWorker: safeCacheEvictIndex: setUnconditionally 0 -> -1
2023-06-22 21:35:05,402 [om1-impl-thread1] INFO  server.RaftServer$Division (RaftServerImpl.java:start(342)) - om1@group-C5BA1605619E: start as a follower, conf=-1: peers:[om1|rpc:localhost:15007|priority:0|startupRole:FOLLOWER]|listeners:[], old=null
2023-06-22 21:35:05,403 [om1-impl-thread1] INFO  server.RaftServer$Division (RaftServerImpl.java:setRole(329)) - om1@group-C5BA1605619E: changes role from      null to FOLLOWER at term 0 for startAsFollower
2023-06-22 21:35:05,406 [om1-impl-thread1] INFO  impl.RoleInfo (RoleInfo.java:updateAndGet(139)) - om1: start om1@group-C5BA1605619E-FollowerState
2023-06-22 21:35:05,411 [om1@group-C5BA1605619E-FollowerState] INFO  server.RaftServerConfigKeys (ConfUtils.java:logFallback(53)) - raft.server.rpc.first-election.timeout.min = 1s (fallback to raft.server.rpc.timeout.min)
2023-06-22 21:35:05,411 [om1@group-C5BA1605619E-FollowerState] INFO  server.RaftServerConfigKeys (ConfUtils.java:logFallback(53)) - raft.server.rpc.first-election.timeout.max = 1200ms (fallback to raft.server.rpc.timeout.max)
2023-06-22 21:35:05,412 [om1-impl-thread1] INFO  util.JmxRegister (JmxRegister.java:tryRegister(44)) - Successfully registered JMX Bean with object name Ratis:service=RaftServer,group=group-C5BA1605619E,id=om1
2023-06-22 21:35:05,415 [om1-impl-thread1] INFO  server.RaftServerConfigKeys (ConfUtils.java:logGet(46)) - raft.server.snapshot.auto.trigger.enabled = true (custom)
2023-06-22 21:35:05,415 [om1-impl-thread1] INFO  server.RaftServerConfigKeys (ConfUtils.java:logGet(46)) - raft.server.snapshot.auto.trigger.threshold = 400000 (default)
2023-06-22 21:35:05,416 [om1-impl-thread1] INFO  server.RaftServerConfigKeys (ConfUtils.java:logGet(46)) - raft.server.snapshot.retention.file.num = -1 (default)
2023-06-22 21:35:05,417 [om1-impl-thread1] INFO  server.RaftServerConfigKeys (ConfUtils.java:logGet(46)) - raft.server.log.purge.upto.snapshot.index = true (custom)
2023-06-22 21:35:05,420 [main] INFO  server.RaftServer (RaftServerProxy.java:startImpl(400)) - om1: start RPC server
2023-06-22 21:35:05,479 [main] INFO  server.GrpcService (GrpcService.java:startImpl(302)) - om1: GrpcService started, listening on 15007
2023-06-22 21:35:05,482 [main] INFO  om.OzoneManager (OzoneManager.java:start(1622)) - Version File has different layout version (6) than OM DB (null). That is expected if this OM has never been finalized to a newer layout version.
2023-06-22 21:35:05,487 [JvmPauseMonitor1] INFO  util.JvmPauseMonitor (JvmPauseMonitor.java:run(103)) - JvmPauseMonitor-om1: Started
2023-06-22 21:35:05,520 [main] INFO  http.BaseHttpServer (BaseHttpServer.java:newHttpServer2BuilderForOzone(224)) - Starting Web-server for ozoneManager at: http://0.0.0.0:15005
2023-06-22 21:35:05,520 [main] INFO  http.BaseHttpServer (BaseHttpServer.java:<init>(111)) - Hadoop Security Enabled: false Ozone Security Enabled: false Ozone HTTP Security Enabled: false 
2023-06-22 21:35:05,522 [main] WARN  server.AuthenticationFilter (AuthenticationFilter.java:constructSecretProvider(240)) - Unable to initialize FileSignerSecretProvider, falling back to use random secrets. Reason: Could not read signature secret file: /home/runner/hadoop-http-auth-signature-secret
2023-06-22 21:35:05,527 [main] INFO  http.HttpRequestLog (HttpRequestLog.java:getRequestLog(86)) - Http request log for http.requests.ozoneManager is not defined
2023-06-22 21:35:05,530 [main] INFO  http.HttpServer2 (HttpServer2.java:addGlobalFilter(1031)) - Added global filter 'safety' (class=org.apache.hadoop.hdds.server.http.HttpServer2$QuotingInputFilter)
2023-06-22 21:35:05,531 [main] INFO  http.HttpServer2 (HttpServer2.java:addFilter(1007)) - Added filter static_user_filter (class=org.apache.hadoop.http.lib.StaticUserWebFilter$StaticUserFilter) to context ozoneManager
2023-06-22 21:35:05,531 [main] INFO  http.HttpServer2 (HttpServer2.java:addFilter(1015)) - Added filter static_user_filter (class=org.apache.hadoop.http.lib.StaticUserWebFilter$StaticUserFilter) to context logs
2023-06-22 21:35:05,531 [main] INFO  http.HttpServer2 (HttpServer2.java:addFilter(1015)) - Added filter static_user_filter (class=org.apache.hadoop.http.lib.StaticUserWebFilter$StaticUserFilter) to context static
2023-06-22 21:35:05,533 [main] INFO  http.BaseHttpServer (BaseHttpServer.java:<init>(190)) - HTTP server of ozoneManager uses base directory /home/runner/work/ozone/ozone/hadoop-ozone/integration-test/target/test-dir/MiniOzoneClusterImpl-00f3567e-e140-4cd7-bd5a-f6438c2bd6c1/ozone-meta/webserver
2023-06-22 21:35:05,538 [main] INFO  http.HttpServer2 (HttpServer2.java:bindListener(1250)) - Jetty bound to port 15005
2023-06-22 21:35:05,538 [main] INFO  server.Server (Server.java:doStart(375)) - jetty-9.4.51.v20230217; built: 2023-02-17T08:19:37.309Z; git: b45c405e4544384de066f814ed42ae3dceacdd49; jvm 1.8.0_372-b07
2023-06-22 21:35:05,542 [main] INFO  server.session (DefaultSessionIdManager.java:doStart(334)) - DefaultSessionIdManager workerName=node0
2023-06-22 21:35:05,543 [main] INFO  server.session (DefaultSessionIdManager.java:doStart(339)) - No SessionScavenger set, using defaults
2023-06-22 21:35:05,543 [main] INFO  server.session (HouseKeeper.java:startScavenging(132)) - node0 Scavenging every 600000ms
2023-06-22 21:35:05,544 [main] INFO  handler.ContextHandler (ContextHandler.java:doStart(921)) - Started o.e.j.s.ServletContextHandler@79a52138{logs,/logs,file:///home/runner/work/ozone/ozone/hadoop-ozone/integration-test/target/log,AVAILABLE}
2023-06-22 21:35:05,544 [main] INFO  handler.ContextHandler (ContextHandler.java:doStart(921)) - Started o.e.j.s.ServletContextHandler@428551db{static,/static,file:///home/runner/work/ozone/ozone/hadoop-ozone/integration-test/target/test-classes/webapps/static,AVAILABLE}
2023-06-22 21:35:05,550 [main] INFO  handler.ContextHandler (ContextHandler.java:doStart(921)) - Started o.e.j.w.WebAppContext@6b10123f{ozoneManager,/,file:///home/runner/work/ozone/ozone/hadoop-ozone/integration-test/target/test-classes/webapps/ozoneManager/,AVAILABLE}{file:/home/runner/work/ozone/ozone/hadoop-ozone/integration-test/target/test-classes/webapps/ozoneManager}
2023-06-22 21:35:05,551 [main] INFO  server.AbstractConnector (AbstractConnector.java:doStart(333)) - Started ServerConnector@18732b2c{HTTP/1.1, (http/1.1)}{0.0.0.0:15005}
2023-06-22 21:35:05,551 [main] INFO  server.Server (Server.java:doStart(415)) - Started @9344ms
2023-06-22 21:35:05,551 [main] WARN  impl.MetricsSystemImpl (MetricsSystemImpl.java:register(279)) - Sink prometheus already exists!
2023-06-22 21:35:05,552 [main] INFO  http.BaseHttpServer (BaseHttpServer.java:updateConnectorAddress(344)) - HTTP server of ozoneManager listening at http://0.0.0.0:15005
2023-06-22 21:35:05,553 [IPC Server Responder] INFO  ipc.Server (Server.java:run(1558)) - IPC Server Responder: starting
2023-06-22 21:35:05,553 [IPC Server listener on 15004] INFO  ipc.Server (Server.java:run(1398)) - IPC Server listener on 15004: starting
2023-06-22 21:35:05,614 [main] INFO  om.TrashPolicyOzone (TrashPolicyOzone.java:<init>(277)) - Ozone Manager trash configuration: Deletion interval = 0 minutes, Emptier interval = 0 minutes.
2023-06-22 21:35:05,782 [main] WARN  impl.MetricRegistriesImpl (MetricRegistriesImpl.java:addReporterRegistration(111)) - New reporters are added after registries were created. Some metrics will be missing from the reporter. Please add reporter before adding any new registry.
2023-06-22 21:35:05,782 [main] WARN  impl.MetricRegistriesImpl (MetricRegistriesImpl.java:addReporterRegistration(111)) - New reporters are added after registries were created. Some metrics will be missing from the reporter. Please add reporter before adding any new registry.
2023-06-22 21:35:05,782 [main] INFO  impl.MetricsSystemImpl (MetricsSystemImpl.java:init(158)) - HddsDatanode metrics system started (again)
2023-06-22 21:35:05,807 [main] INFO  ozone.HddsDatanodeService (HddsDatanodeService.java:start(257)) - HddsDatanodeService host:fv-az504-135 ip:10.1.1.69
2023-06-22 21:35:05,845 [main] INFO  upgrade.AbstractLayoutVersionManager (AbstractLayoutVersionManager.java:init(83)) - Initializing Layout version manager with metadata layout = HADOOP_PRC_PORTS_IN_DATANODEDETAILS (version = 7), software layout = HADOOP_PRC_PORTS_IN_DATANODEDETAILS (version = 7)
2023-06-22 21:35:05,848 [main] INFO  statemachine.DatanodeStateMachine (DatanodeStateMachine.java:getEndPointTaskThreadPoolSize(279)) - Datanode State Machine Task Thread Pool size 2
2023-06-22 21:35:05,912 [main] INFO  volume.HddsVolume (HddsVolume.java:<init>(130)) - Creating HddsVolume: /home/runner/work/ozone/ozone/hadoop-ozone/integration-test/target/test-dir/MiniOzoneClusterImpl-00f3567e-e140-4cd7-bd5a-f6438c2bd6c1/datanode-0/data-0/containers/hdds of storage type : DISK capacity : 9223372036854775807
2023-06-22 21:35:05,914 [main] INFO  volume.MutableVolumeSet (MutableVolumeSet.java:initializeVolumeSet(175)) - Added Volume : /home/runner/work/ozone/ozone/hadoop-ozone/integration-test/target/test-dir/MiniOzoneClusterImpl-00f3567e-e140-4cd7-bd5a-f6438c2bd6c1/datanode-0/data-0/containers/hdds to VolumeSet
2023-06-22 21:35:05,916 [main] INFO  volume.ThrottledAsyncChecker (ThrottledAsyncChecker.java:schedule(141)) - Scheduling a check for /home/runner/work/ozone/ozone/hadoop-ozone/integration-test/target/test-dir/MiniOzoneClusterImpl-00f3567e-e140-4cd7-bd5a-f6438c2bd6c1/datanode-0/data-0/containers/hdds
2023-06-22 21:35:05,933 [main] INFO  volume.StorageVolumeChecker (StorageVolumeChecker.java:checkAllVolumes(202)) - Scheduled health check for volume /home/runner/work/ozone/ozone/hadoop-ozone/integration-test/target/test-dir/MiniOzoneClusterImpl-00f3567e-e140-4cd7-bd5a-f6438c2bd6c1/datanode-0/data-0/containers/hdds
2023-06-22 21:35:05,953 [main] INFO  volume.MutableVolumeSet (MutableVolumeSet.java:initializeVolumeSet(175)) - Added Volume : /home/runner/work/ozone/ozone/hadoop-ozone/integration-test/target/test-dir/MiniOzoneClusterImpl-00f3567e-e140-4cd7-bd5a-f6438c2bd6c1/datanode-0/data/ratis to VolumeSet
2023-06-22 21:35:05,953 [main] INFO  volume.ThrottledAsyncChecker (ThrottledAsyncChecker.java:schedule(141)) - Scheduling a check for /home/runner/work/ozone/ozone/hadoop-ozone/integration-test/target/test-dir/MiniOzoneClusterImpl-00f3567e-e140-4cd7-bd5a-f6438c2bd6c1/datanode-0/data/ratis
2023-06-22 21:35:05,953 [main] INFO  volume.StorageVolumeChecker (StorageVolumeChecker.java:checkAllVolumes(202)) - Scheduled health check for volume /home/runner/work/ozone/ozone/hadoop-ozone/integration-test/target/test-dir/MiniOzoneClusterImpl-00f3567e-e140-4cd7-bd5a-f6438c2bd6c1/datanode-0/data/ratis
2023-06-22 21:35:05,980 [Thread-140] INFO  ozoneimpl.ContainerReader (ContainerReader.java:readVolume(175)) - Finish verifying containers on volume /home/runner/work/ozone/ozone/hadoop-ozone/integration-test/target/test-dir/MiniOzoneClusterImpl-00f3567e-e140-4cd7-bd5a-f6438c2bd6c1/datanode-0/data-0/containers/hdds
2023-06-22 21:35:05,980 [main] INFO  ozoneimpl.OzoneContainer (OzoneContainer.java:buildContainerSet(316)) - Build ContainerSet costs 0s
2023-06-22 21:35:06,035 [main] INFO  audit.AuditLogger (AuditLogger.java:refreshDebugCmdSet(126)) - Refresh DebugCmdSet for DNAudit to [].
2023-06-22 21:35:06,066 [main] INFO  server.RaftServer (ConfUtils.java:logGet(46)) - raft.rpc.type = GRPC (default)
2023-06-22 21:35:06,068 [main] INFO  grpc.GrpcConfigKeys (ConfUtils.java:logFallback(53)) - raft.grpc.admin.host = null (fallback to raft.grpc.server.host)
2023-06-22 21:35:06,069 [main] INFO  grpc.GrpcConfigKeys (ConfUtils.java:logGet(46)) - raft.grpc.admin.port = 15013 (custom)
2023-06-22 21:35:06,069 [main] INFO  grpc.GrpcConfigKeys (ConfUtils.java:logFallback(53)) - raft.grpc.client.host = null (fallback to raft.grpc.server.host)
2023-06-22 21:35:06,069 [main] INFO  grpc.GrpcConfigKeys (ConfUtils.java:logGet(46)) - raft.grpc.client.port = 15012 (custom)
2023-06-22 21:35:06,069 [main] INFO  grpc.GrpcConfigKeys (ConfUtils.java:logGet(46)) - raft.grpc.server.host = null (default)
2023-06-22 21:35:06,069 [main] INFO  grpc.GrpcConfigKeys (ConfUtils.java:logGet(46)) - raft.grpc.server.port = 15014 (custom)
2023-06-22 21:35:06,069 [main] INFO  server.GrpcService (ConfUtils.java:logGet(46)) - raft.grpc.message.size.max = 32MB (=33554432) (custom)
2023-06-22 21:35:06,069 [main] INFO  server.RaftServerConfigKeys (ConfUtils.java:logGet(46)) - raft.server.log.appender.buffer.byte-limit = 33554432 (custom)
2023-06-22 21:35:06,070 [main] INFO  server.GrpcService (ConfUtils.java:logGet(46)) - raft.grpc.flow.control.window = 5MB (=5242880) (custom)
2023-06-22 21:35:06,070 [main] INFO  server.RaftServerConfigKeys (ConfUtils.java:logGet(46)) - raft.server.rpc.request.timeout = 60s (custom)
2023-06-22 21:35:06,070 [main] INFO  grpc.GrpcConfigKeys (ConfUtils.java:logGet(46)) - raft.grpc.server.heartbeat.channel = true (default)
2023-06-22 21:35:06,070 [main] INFO  grpc.GrpcConfigKeys (ConfUtils.java:logGet(46)) - raft.grpc.server.async.request.thread.pool.cached = true (default)
2023-06-22 21:35:06,070 [main] INFO  grpc.GrpcConfigKeys (ConfUtils.java:logGet(46)) - raft.grpc.server.async.request.thread.pool.size = 32 (default)
2023-06-22 21:35:06,073 [main] INFO  impl.DataStreamServerImpl (ConfUtils.java:logGet(46)) - raft.datastream.type = NETTY (custom)
2023-06-22 21:35:06,083 [main] INFO  server.RaftServerConfigKeys (ConfUtils.java:logGet(46)) - raft.server.data-stream.async.request.thread.pool.cached = false (default)
2023-06-22 21:35:06,083 [main] INFO  server.RaftServerConfigKeys (ConfUtils.java:logGet(46)) - raft.server.data-stream.async.request.thread.pool.size = 20 (custom)
2023-06-22 21:35:06,084 [main] INFO  server.RaftServerConfigKeys (ConfUtils.java:logGet(46)) - raft.server.data-stream.async.write.thread.pool.size = 16 (default)
2023-06-22 21:35:06,085 [main] INFO  server.RaftServerConfigKeys (ConfUtils.java:logGet(46)) - raft.server.data-stream.client.pool.size = 10 (default)
2023-06-22 21:35:06,088 [main] INFO  netty.NettyConfigKeys$DataStream (ConfUtils.java:logGet(46)) - raft.netty.dataStream.server.use-epoll = false (default)
2023-06-22 21:35:06,088 [main] INFO  netty.NettyConfigKeys$DataStream (ConfUtils.java:logGet(46)) - raft.netty.dataStream.server.boss-group.size = 0 (default)
2023-06-22 21:35:06,095 [main] INFO  netty.NettyConfigKeys$DataStream (ConfUtils.java:logGet(46)) - raft.netty.dataStream.server.worker-group.size = 0 (default)
2023-06-22 21:35:06,096 [main] INFO  netty.NettyConfigKeys$DataStream (ConfUtils.java:logGet(46)) - raft.netty.dataStream.server.tls.conf = null (default)
2023-06-22 21:35:06,098 [main] INFO  netty.NettyConfigKeys$DataStream (ConfUtils.java:logGet(46)) - raft.netty.dataStream.host = null (default)
2023-06-22 21:35:06,098 [main] INFO  netty.NettyConfigKeys$DataStream (ConfUtils.java:logGet(46)) - raft.netty.dataStream.port = 15015 (custom)
2023-06-22 21:35:06,107 [main] INFO  server.RaftServerConfigKeys (ConfUtils.java:logGet(46)) - raft.server.threadpool.proxy.cached = true (default)
2023-06-22 21:35:06,107 [main] INFO  server.RaftServerConfigKeys (ConfUtils.java:logGet(46)) - raft.server.threadpool.proxy.size = 0 (default)
2023-06-22 21:35:06,107 [main] INFO  server.RaftServerConfigKeys (ConfUtils.java:logGet(46)) - raft.server.rpc.slowness.timeout = 300s (custom)
2023-06-22 21:35:06,108 [main] INFO  server.RaftServerConfigKeys (ConfUtils.java:logGet(46)) - raft.server.leaderelection.leader.step-down.wait-time = 10s (default)
2023-06-22 21:35:06,108 [main] INFO  server.RaftServerConfigKeys (ConfUtils.java:logGet(46)) - raft.server.storage.dir = [/home/runner/work/ozone/ozone/hadoop-ozone/integration-test/target/test-dir/MiniOzoneClusterImpl-00f3567e-e140-4cd7-bd5a-f6438c2bd6c1/datanode-0/data/ratis] (custom)
2023-06-22 21:35:06,131 [45e724c1-f4a6-4405-a7cb-dfa9f2e55867-NettyServerStreamRpc-bossGroup--thread1] INFO  logging.LoggingHandler (AbstractInternalLogger.java:log(148)) - [id: 0xf5dc1bf1] REGISTERED
2023-06-22 21:35:06,131 [45e724c1-f4a6-4405-a7cb-dfa9f2e55867-NettyServerStreamRpc-bossGroup--thread1] INFO  logging.LoggingHandler (AbstractInternalLogger.java:log(148)) - [id: 0xf5dc1bf1] BIND: 0.0.0.0/0.0.0.0:15015
2023-06-22 21:35:06,135 [45e724c1-f4a6-4405-a7cb-dfa9f2e55867-NettyServerStreamRpc-bossGroup--thread1] INFO  logging.LoggingHandler (AbstractInternalLogger.java:log(148)) - [id: 0xf5dc1bf1, L:/0:0:0:0:0:0:0:0:15015] ACTIVE
2023-06-22 21:35:06,144 [main] INFO  server.XceiverServerGrpc (XceiverServerGrpc.java:<init>(132)) - GrpcServer channel type EpollServerSocketChannel
2023-06-22 21:35:06,182 [main] INFO  replication.ReplicationSupervisor (ReplicationSupervisor.java:nodeStateUpdated(305)) - Node state updated to IN_SERVICE, scaling executor pool size to 10
2023-06-22 21:35:06,254 [main] INFO  http.BaseHttpServer (BaseHttpServer.java:newHttpServer2BuilderForOzone(224)) - Starting Web-server for hddsDatanode at: http://0.0.0.0:15009
2023-06-22 21:35:06,254 [main] INFO  http.BaseHttpServer (BaseHttpServer.java:<init>(111)) - Hadoop Security Enabled: false Ozone Security Enabled: false Ozone HTTP Security Enabled: false 
2023-06-22 21:35:06,256 [main] WARN  server.AuthenticationFilter (AuthenticationFilter.java:constructSecretProvider(240)) - Unable to initialize FileSignerSecretProvider, falling back to use random secrets. Reason: Could not read signature secret file: /home/runner/hadoop-http-auth-signature-secret
2023-06-22 21:35:06,257 [main] INFO  http.HttpRequestLog (HttpRequestLog.java:getRequestLog(86)) - Http request log for http.requests.hddsDatanode is not defined
2023-06-22 21:35:06,259 [main] INFO  http.HttpServer2 (HttpServer2.java:addGlobalFilter(1031)) - Added global filter 'safety' (class=org.apache.hadoop.hdds.server.http.HttpServer2$QuotingInputFilter)
2023-06-22 21:35:06,260 [main] INFO  http.HttpServer2 (HttpServer2.java:addFilter(1007)) - Added filter static_user_filter (class=org.apache.hadoop.http.lib.StaticUserWebFilter$StaticUserFilter) to context hddsDatanode
2023-06-22 21:35:06,260 [main] INFO  http.HttpServer2 (HttpServer2.java:addFilter(1015)) - Added filter static_user_filter (class=org.apache.hadoop.http.lib.StaticUserWebFilter$StaticUserFilter) to context static
2023-06-22 21:35:06,260 [main] INFO  http.HttpServer2 (HttpServer2.java:addFilter(1015)) - Added filter static_user_filter (class=org.apache.hadoop.http.lib.StaticUserWebFilter$StaticUserFilter) to context logs
2023-06-22 21:35:06,261 [main] INFO  http.BaseHttpServer (BaseHttpServer.java:<init>(190)) - HTTP server of hddsDatanode uses base directory /home/runner/work/ozone/ozone/hadoop-ozone/integration-test/target/test-dir/MiniOzoneClusterImpl-00f3567e-e140-4cd7-bd5a-f6438c2bd6c1/datanode-0/meta/webserver
2023-06-22 21:35:06,262 [main] INFO  http.HttpServer2 (HttpServer2.java:bindListener(1250)) - Jetty bound to port 15009
2023-06-22 21:35:06,262 [main] INFO  server.Server (Server.java:doStart(375)) - jetty-9.4.51.v20230217; built: 2023-02-17T08:19:37.309Z; git: b45c405e4544384de066f814ed42ae3dceacdd49; jvm 1.8.0_372-b07
2023-06-22 21:35:06,266 [main] INFO  server.session (DefaultSessionIdManager.java:doStart(334)) - DefaultSessionIdManager workerName=node0
2023-06-22 21:35:06,266 [main] INFO  server.session (DefaultSessionIdManager.java:doStart(339)) - No SessionScavenger set, using defaults
2023-06-22 21:35:06,266 [main] INFO  server.session (HouseKeeper.java:startScavenging(132)) - node0 Scavenging every 660000ms
2023-06-22 21:35:06,267 [main] INFO  handler.ContextHandler (ContextHandler.java:doStart(921)) - Started o.e.j.s.ServletContextHandler@5fb5faea{logs,/logs,file:///home/runner/work/ozone/ozone/hadoop-ozone/integration-test/target/log,AVAILABLE}
2023-06-22 21:35:06,268 [main] INFO  handler.ContextHandler (ContextHandler.java:doStart(921)) - Started o.e.j.s.ServletContextHandler@2c6c0165{static,/static,jar:file:/home/runner/.m2/repository/org/apache/ozone/hdds-container-service/1.4.0-SNAPSHOT/hdds-container-service-1.4.0-SNAPSHOT.jar!/webapps/static,AVAILABLE}
2023-06-22 21:35:06,466 [om1@group-C5BA1605619E-FollowerState] INFO  impl.FollowerState (FollowerState.java:run(143)) - om1@group-C5BA1605619E-FollowerState: change to CANDIDATE, lastRpcElapsedTime:1059576410ns, electionTimeout:1053ms
2023-06-22 21:35:06,467 [om1@group-C5BA1605619E-FollowerState] INFO  impl.RoleInfo (RoleInfo.java:shutdownFollowerState(110)) - om1: shutdown om1@group-C5BA1605619E-FollowerState
2023-06-22 21:35:06,467 [om1@group-C5BA1605619E-FollowerState] INFO  server.RaftServer$Division (RaftServerImpl.java:setRole(329)) - om1@group-C5BA1605619E: changes role from  FOLLOWER to CANDIDATE at term 0 for changeToCandidate
2023-06-22 21:35:06,471 [om1@group-C5BA1605619E-FollowerState] INFO  server.RaftServerConfigKeys (ConfUtils.java:logGet(46)) - raft.server.leaderelection.pre-vote = true (default)
2023-06-22 21:35:06,473 [om1@group-C5BA1605619E-FollowerState] INFO  impl.RoleInfo (RoleInfo.java:updateAndGet(139)) - om1: start om1@group-C5BA1605619E-LeaderElection1
2023-06-22 21:35:06,485 [om1@group-C5BA1605619E-LeaderElection1] INFO  impl.LeaderElection (LeaderElection.java:askForVotes(321)) - om1@group-C5BA1605619E-LeaderElection1 PRE_VOTE round 0: submit vote requests at term 0 for -1: peers:[om1|rpc:localhost:15007|priority:0|startupRole:FOLLOWER]|listeners:[], old=null
2023-06-22 21:35:06,486 [om1@group-C5BA1605619E-LeaderElection1] INFO  impl.LeaderElection (LeaderElection.java:askForVotes(323)) - om1@group-C5BA1605619E-LeaderElection1 PRE_VOTE round 0: result PASSED (term=0)
2023-06-22 21:35:06,489 [om1@group-C5BA1605619E-LeaderElection1] INFO  impl.LeaderElection (LeaderElection.java:askForVotes(321)) - om1@group-C5BA1605619E-LeaderElection1 ELECTION round 0: submit vote requests at term 1 for -1: peers:[om1|rpc:localhost:15007|priority:0|startupRole:FOLLOWER]|listeners:[], old=null
2023-06-22 21:35:06,489 [om1@group-C5BA1605619E-LeaderElection1] INFO  impl.LeaderElection (LeaderElection.java:askForVotes(323)) - om1@group-C5BA1605619E-LeaderElection1 ELECTION round 0: result PASSED (term=1)
2023-06-22 21:35:06,489 [om1@group-C5BA1605619E-LeaderElection1] INFO  impl.RoleInfo (RoleInfo.java:shutdownLeaderElection(130)) - om1: shutdown om1@group-C5BA1605619E-LeaderElection1
2023-06-22 21:35:06,490 [om1@group-C5BA1605619E-LeaderElection1] INFO  server.RaftServer$Division (RaftServerImpl.java:setRole(329)) - om1@group-C5BA1605619E: changes role from CANDIDATE to LEADER at term 1 for changeToLeader
2023-06-22 21:35:06,492 [om1@group-C5BA1605619E-LeaderElection1] INFO  server.RaftServer$Division (ServerState.java:setLeader(317)) - om1@group-C5BA1605619E: change Leader from null to om1 at term 1 for becomeLeader, leader elected after 2220ms
2023-06-22 21:35:06,500 [om1@group-C5BA1605619E-LeaderElection1] INFO  server.RaftServerConfigKeys (ConfUtils.java:logGet(46)) - raft.server.staging.catchup.gap = 1000 (default)
2023-06-22 21:35:06,505 [om1@group-C5BA1605619E-LeaderElection1] INFO  server.RaftServerConfigKeys (ConfUtils.java:logGet(46)) - raft.server.write.element-limit = 4096 (default)
2023-06-22 21:35:06,509 [om1@group-C5BA1605619E-LeaderElection1] INFO  server.RaftServerConfigKeys (ConfUtils.java:logGet(46)) - raft.server.write.byte-limit = 64MB (=67108864) (default)
2023-06-22 21:35:06,514 [om1@group-C5BA1605619E-LeaderElection1] INFO  server.RaftServerConfigKeys (ConfUtils.java:logGet(46)) - raft.server.watch.timeout = 10s (default)
2023-06-22 21:35:06,514 [om1@group-C5BA1605619E-LeaderElection1] INFO  server.RaftServerConfigKeys (ConfUtils.java:logGet(46)) - raft.server.watch.timeout.denomination = 1s (default)
2023-06-22 21:35:06,522 [om1@group-C5BA1605619E-LeaderElection1] INFO  server.RaftServerConfigKeys (ConfUtils.java:logGet(46)) - raft.server.watch.element-limit = 65536 (default)
2023-06-22 21:35:06,535 [om1@group-C5BA1605619E-LeaderElection1] INFO  server.RaftServerConfigKeys (ConfUtils.java:logGet(46)) - raft.server.write.element-limit = 4096 (default)
2023-06-22 21:35:06,539 [om1@group-C5BA1605619E-LeaderElection1] INFO  server.RaftServerConfigKeys (ConfUtils.java:logGet(46)) - raft.server.write.follower.gap.ratio.max = -1.0 (default)
2023-06-22 21:35:06,544 [om1@group-C5BA1605619E-LeaderElection1] INFO  impl.RoleInfo (RoleInfo.java:updateAndGet(139)) - om1: start om1@group-C5BA1605619E-LeaderStateImpl
2023-06-22 21:35:06,573 [main] INFO  handler.ContextHandler (ContextHandler.java:doStart(921)) - Started o.e.j.w.WebAppContext@1f70c1b8{hddsDatanode,/,file:///home/runner/work/ozone/ozone/hadoop-ozone/integration-test/target/test-dir/MiniOzoneClusterImpl-00f3567e-e140-4cd7-bd5a-f6438c2bd6c1/datanode-0/meta/webserver/jetty-0_0_0_0-15009-hdds-container-service-1_4_0-SNAPSHOT_jar-_-any-31747363885569373/webapp/,AVAILABLE}{jar:file:/home/runner/.m2/repository/org/apache/ozone/hdds-container-service/1.4.0-SNAPSHOT/hdds-container-service-1.4.0-SNAPSHOT.jar!/webapps/hddsDatanode}
2023-06-22 21:35:06,575 [main] INFO  server.AbstractConnector (AbstractConnector.java:doStart(333)) - Started ServerConnector@750aab4d{HTTP/1.1, (http/1.1)}{0.0.0.0:15009}
2023-06-22 21:35:06,575 [main] INFO  server.Server (Server.java:doStart(415)) - Started @10368ms
2023-06-22 21:35:06,576 [main] WARN  impl.MetricsSystemImpl (MetricsSystemImpl.java:register(279)) - Sink prometheus already exists!
2023-06-22 21:35:06,576 [main] INFO  http.BaseHttpServer (BaseHttpServer.java:updateConnectorAddress(344)) - HTTP server of hddsDatanode listening at http://0.0.0.0:15009
2023-06-22 21:35:06,580 [main] INFO  ipc.CallQueueManager (CallQueueManager.java:<init>(90)) - Using callQueue: class java.util.concurrent.LinkedBlockingQueue, queueCapacity: 100, scheduler: class org.apache.hadoop.ipc.DefaultRpcScheduler, ipcBackoff: false.
2023-06-22 21:35:06,581 [Socket Reader #1 for port 15010] INFO  ipc.Server (Server.java:run(1319)) - Starting Socket Reader #1 for port 15010
2023-06-22 21:35:06,593 [Listener at 0.0.0.0/15010] INFO  hdds.HddsUtils (HddsUtils.java:preserveThreadName(848)) - Restoring thread name: main
2023-06-22 21:35:06,594 [main] INFO  ozone.HddsDatanodeService (HddsDatanodeService.java:start(335)) - Datanode start with admins: [runner]
2023-06-22 21:35:06,594 [main] INFO  ozone.HddsDatanodeClientProtocolServer (HddsDatanodeClientProtocolServer.java:start(72)) - RPC server for Client /0.0.0.0:15010
2023-06-22 21:35:06,597 [IPC Server Responder] INFO  ipc.Server (Server.java:run(1558)) - IPC Server Responder: starting
2023-06-22 21:35:06,597 [IPC Server listener on 15010] INFO  ipc.Server (Server.java:run(1398)) - IPC Server listener on 15010: starting
2023-06-22 21:35:06,600 [main] WARN  impl.MetricRegistriesImpl (MetricRegistriesImpl.java:addReporterRegistration(111)) - New reporters are added after registries were created. Some metrics will be missing from the reporter. Please add reporter before adding any new registry.
2023-06-22 21:35:06,600 [main] WARN  impl.MetricRegistriesImpl (MetricRegistriesImpl.java:addReporterRegistration(111)) - New reporters are added after registries were created. Some metrics will be missing from the reporter. Please add reporter before adding any new registry.
2023-06-22 21:35:06,600 [main] INFO  impl.MetricsSystemImpl (MetricsSystemImpl.java:init(158)) - HddsDatanode metrics system started (again)
2023-06-22 21:35:06,612 [om1@group-C5BA1605619E-LeaderElection1] INFO  segmented.SegmentedRaftLogWorker (SegmentedRaftLogWorker.java:startLogSegment(447)) - om1@group-C5BA1605619E-SegmentedRaftLogWorker: Starting segment from index:0
2023-06-22 21:35:06,618 [Datanode State Machine Daemon Thread] INFO  statemachine.DatanodeStateMachine (DatanodeStateMachine.java:lambda$startDaemon$0(531)) - Ozone container server started.
2023-06-22 21:35:06,651 [main] INFO  ozone.HddsDatanodeService (HddsDatanodeService.java:start(257)) - HddsDatanodeService host:fv-az504-135 ip:10.1.1.69
2023-06-22 21:35:06,687 [om1@group-C5BA1605619E-LeaderElection1] INFO  server.RaftServer$Division (ServerState.java:setRaftConf(434)) - om1@group-C5BA1605619E: set configuration 0: peers:[om1|rpc:localhost:15007|admin:|client:|dataStream:|priority:0|startupRole:FOLLOWER]|listeners:[], old=null
2023-06-22 21:35:06,703 [main] INFO  upgrade.AbstractLayoutVersionManager (AbstractLayoutVersionManager.java:init(83)) - Initializing Layout version manager with metadata layout = HADOOP_PRC_PORTS_IN_DATANODEDETAILS (version = 7), software layout = HADOOP_PRC_PORTS_IN_DATANODEDETAILS (version = 7)
2023-06-22 21:35:06,704 [main] INFO  statemachine.DatanodeStateMachine (DatanodeStateMachine.java:getEndPointTaskThreadPoolSize(279)) - Datanode State Machine Task Thread Pool size 2
2023-06-22 21:35:06,713 [main] INFO  volume.HddsVolume (HddsVolume.java:<init>(130)) - Creating HddsVolume: /home/runner/work/ozone/ozone/hadoop-ozone/integration-test/target/test-dir/MiniOzoneClusterImpl-00f3567e-e140-4cd7-bd5a-f6438c2bd6c1/datanode-1/data-0/containers/hdds of storage type : DISK capacity : 9223372036854775807
2023-06-22 21:35:06,713 [main] INFO  volume.MutableVolumeSet (MutableVolumeSet.java:initializeVolumeSet(175)) - Added Volume : /home/runner/work/ozone/ozone/hadoop-ozone/integration-test/target/test-dir/MiniOzoneClusterImpl-00f3567e-e140-4cd7-bd5a-f6438c2bd6c1/datanode-1/data-0/containers/hdds to VolumeSet
2023-06-22 21:35:06,719 [main] INFO  volume.ThrottledAsyncChecker (ThrottledAsyncChecker.java:schedule(141)) - Scheduling a check for /home/runner/work/ozone/ozone/hadoop-ozone/integration-test/target/test-dir/MiniOzoneClusterImpl-00f3567e-e140-4cd7-bd5a-f6438c2bd6c1/datanode-1/data-0/containers/hdds
2023-06-22 21:35:06,726 [main] INFO  volume.StorageVolumeChecker (StorageVolumeChecker.java:checkAllVolumes(202)) - Scheduled health check for volume /home/runner/work/ozone/ozone/hadoop-ozone/integration-test/target/test-dir/MiniOzoneClusterImpl-00f3567e-e140-4cd7-bd5a-f6438c2bd6c1/datanode-1/data-0/containers/hdds
2023-06-22 21:35:06,753 [main] INFO  volume.MutableVolumeSet (MutableVolumeSet.java:initializeVolumeSet(175)) - Added Volume : /home/runner/work/ozone/ozone/hadoop-ozone/integration-test/target/test-dir/MiniOzoneClusterImpl-00f3567e-e140-4cd7-bd5a-f6438c2bd6c1/datanode-1/data/ratis to VolumeSet
2023-06-22 21:35:06,753 [main] INFO  volume.ThrottledAsyncChecker (ThrottledAsyncChecker.java:schedule(141)) - Scheduling a check for /home/runner/work/ozone/ozone/hadoop-ozone/integration-test/target/test-dir/MiniOzoneClusterImpl-00f3567e-e140-4cd7-bd5a-f6438c2bd6c1/datanode-1/data/ratis
2023-06-22 21:35:06,754 [main] INFO  volume.StorageVolumeChecker (StorageVolumeChecker.java:checkAllVolumes(202)) - Scheduled health check for volume /home/runner/work/ozone/ozone/hadoop-ozone/integration-test/target/test-dir/MiniOzoneClusterImpl-00f3567e-e140-4cd7-bd5a-f6438c2bd6c1/datanode-1/data/ratis
2023-06-22 21:35:06,786 [Thread-159] INFO  ozoneimpl.ContainerReader (ContainerReader.java:readVolume(175)) - Finish verifying containers on volume /home/runner/work/ozone/ozone/hadoop-ozone/integration-test/target/test-dir/MiniOzoneClusterImpl-00f3567e-e140-4cd7-bd5a-f6438c2bd6c1/datanode-1/data-0/containers/hdds
2023-06-22 21:35:06,787 [main] INFO  ozoneimpl.OzoneContainer (OzoneContainer.java:buildContainerSet(316)) - Build ContainerSet costs 0s
2023-06-22 21:35:06,791 [main] INFO  server.RaftServer (ConfUtils.java:logGet(46)) - raft.rpc.type = GRPC (default)
2023-06-22 21:35:06,830 [main] INFO  grpc.GrpcConfigKeys (ConfUtils.java:logFallback(53)) - raft.grpc.admin.host = null (fallback to raft.grpc.server.host)
2023-06-22 21:35:06,831 [main] INFO  grpc.GrpcConfigKeys (ConfUtils.java:logGet(46)) - raft.grpc.admin.port = 15022 (custom)
2023-06-22 21:35:06,831 [main] INFO  grpc.GrpcConfigKeys (ConfUtils.java:logFallback(53)) - raft.grpc.client.host = null (fallback to raft.grpc.server.host)
2023-06-22 21:35:06,831 [main] INFO  grpc.GrpcConfigKeys (ConfUtils.java:logGet(46)) - raft.grpc.client.port = 15021 (custom)
2023-06-22 21:35:06,831 [main] INFO  grpc.GrpcConfigKeys (ConfUtils.java:logGet(46)) - raft.grpc.server.host = null (default)
2023-06-22 21:35:06,831 [main] INFO  grpc.GrpcConfigKeys (ConfUtils.java:logGet(46)) - raft.grpc.server.port = 15023 (custom)
2023-06-22 21:35:06,831 [main] INFO  server.GrpcService (ConfUtils.java:logGet(46)) - raft.grpc.message.size.max = 32MB (=33554432) (custom)
2023-06-22 21:35:06,832 [main] INFO  server.RaftServerConfigKeys (ConfUtils.java:logGet(46)) - raft.server.log.appender.buffer.byte-limit = 33554432 (custom)
2023-06-22 21:35:06,832 [main] INFO  server.GrpcService (ConfUtils.java:logGet(46)) - raft.grpc.flow.control.window = 5MB (=5242880) (custom)
2023-06-22 21:35:06,832 [main] INFO  server.RaftServerConfigKeys (ConfUtils.java:logGet(46)) - raft.server.rpc.request.timeout = 60s (custom)
2023-06-22 21:35:06,832 [main] INFO  grpc.GrpcConfigKeys (ConfUtils.java:logGet(46)) - raft.grpc.server.heartbeat.channel = true (default)
2023-06-22 21:35:06,832 [main] INFO  grpc.GrpcConfigKeys (ConfUtils.java:logGet(46)) - raft.grpc.server.async.request.thread.pool.cached = true (default)
2023-06-22 21:35:06,832 [main] INFO  grpc.GrpcConfigKeys (ConfUtils.java:logGet(46)) - raft.grpc.server.async.request.thread.pool.size = 32 (default)
2023-06-22 21:35:06,834 [om1@group-C5BA1605619E-SegmentedRaftLogWorker] INFO  segmented.SegmentedRaftLogWorker (SegmentedRaftLogWorker.java:execute(651)) - om1@group-C5BA1605619E-SegmentedRaftLogWorker: created new log segment /home/runner/work/ozone/ozone/hadoop-ozone/integration-test/target/test-dir/MiniOzoneClusterImpl-00f3567e-e140-4cd7-bd5a-f6438c2bd6c1/ozone-meta/ratis/bf265839-605b-3f16-9796-c5ba1605619e/current/log_inprogress_0
2023-06-22 21:35:06,835 [main] INFO  impl.DataStreamServerImpl (ConfUtils.java:logGet(46)) - raft.datastream.type = NETTY (custom)
2023-06-22 21:35:06,836 [main] INFO  server.RaftServerConfigKeys (ConfUtils.java:logGet(46)) - raft.server.data-stream.async.request.thread.pool.cached = false (default)
2023-06-22 21:35:06,836 [main] INFO  server.RaftServerConfigKeys (ConfUtils.java:logGet(46)) - raft.server.data-stream.async.request.thread.pool.size = 20 (custom)
2023-06-22 21:35:06,836 [main] INFO  server.RaftServerConfigKeys (ConfUtils.java:logGet(46)) - raft.server.data-stream.async.write.thread.pool.size = 16 (default)
2023-06-22 21:35:06,836 [main] INFO  server.RaftServerConfigKeys (ConfUtils.java:logGet(46)) - raft.server.data-stream.client.pool.size = 10 (default)
2023-06-22 21:35:06,836 [main] INFO  netty.NettyConfigKeys$DataStream (ConfUtils.java:logGet(46)) - raft.netty.dataStream.server.use-epoll = false (default)
2023-06-22 21:35:06,838 [main] INFO  netty.NettyConfigKeys$DataStream (ConfUtils.java:logGet(46)) - raft.netty.dataStream.server.boss-group.size = 0 (default)
2023-06-22 21:35:06,838 [main] INFO  netty.NettyConfigKeys$DataStream (ConfUtils.java:logGet(46)) - raft.netty.dataStream.server.worker-group.size = 0 (default)
2023-06-22 21:35:06,839 [main] INFO  netty.NettyConfigKeys$DataStream (ConfUtils.java:logGet(46)) - raft.netty.dataStream.server.tls.conf = null (default)
2023-06-22 21:35:06,839 [main] INFO  netty.NettyConfigKeys$DataStream (ConfUtils.java:logGet(46)) - raft.netty.dataStream.host = null (default)
2023-06-22 21:35:06,839 [main] INFO  netty.NettyConfigKeys$DataStream (ConfUtils.java:logGet(46)) - raft.netty.dataStream.port = 15024 (custom)
2023-06-22 21:35:06,849 [main] INFO  server.RaftServerConfigKeys (ConfUtils.java:logGet(46)) - raft.server.threadpool.proxy.cached = true (default)
2023-06-22 21:35:06,849 [main] INFO  server.RaftServerConfigKeys (ConfUtils.java:logGet(46)) - raft.server.threadpool.proxy.size = 0 (default)
2023-06-22 21:35:06,849 [main] INFO  server.RaftServerConfigKeys (ConfUtils.java:logGet(46)) - raft.server.rpc.slowness.timeout = 300s (custom)
2023-06-22 21:35:06,849 [main] INFO  server.RaftServerConfigKeys (ConfUtils.java:logGet(46)) - raft.server.leaderelection.leader.step-down.wait-time = 10s (default)
2023-06-22 21:35:06,849 [main] INFO  server.RaftServerConfigKeys (ConfUtils.java:logGet(46)) - raft.server.storage.dir = [/home/runner/work/ozone/ozone/hadoop-ozone/integration-test/target/test-dir/MiniOzoneClusterImpl-00f3567e-e140-4cd7-bd5a-f6438c2bd6c1/datanode-1/data/ratis] (custom)
2023-06-22 21:35:06,856 [84a824f3-7f5d-4f33-8f93-63e849b7c227-NettyServerStreamRpc-bossGroup--thread1] INFO  logging.LoggingHandler (AbstractInternalLogger.java:log(148)) - [id: 0x3cf3c309] REGISTERED
2023-06-22 21:35:06,857 [84a824f3-7f5d-4f33-8f93-63e849b7c227-NettyServerStreamRpc-bossGroup--thread1] INFO  logging.LoggingHandler (AbstractInternalLogger.java:log(148)) - [id: 0x3cf3c309] BIND: 0.0.0.0/0.0.0.0:15024
2023-06-22 21:35:06,857 [84a824f3-7f5d-4f33-8f93-63e849b7c227-NettyServerStreamRpc-bossGroup--thread1] INFO  logging.LoggingHandler (AbstractInternalLogger.java:log(148)) - [id: 0x3cf3c309, L:/0:0:0:0:0:0:0:0:15024] ACTIVE
2023-06-22 21:35:06,863 [main] INFO  server.XceiverServerGrpc (XceiverServerGrpc.java:<init>(132)) - GrpcServer channel type EpollServerSocketChannel
2023-06-22 21:35:06,866 [main] INFO  replication.ReplicationSupervisor (ReplicationSupervisor.java:nodeStateUpdated(305)) - Node state updated to IN_SERVICE, scaling executor pool size to 10
2023-06-22 21:35:06,876 [main] INFO  http.BaseHttpServer (BaseHttpServer.java:newHttpServer2BuilderForOzone(224)) - Starting Web-server for hddsDatanode at: http://0.0.0.0:15018
2023-06-22 21:35:06,877 [main] INFO  http.BaseHttpServer (BaseHttpServer.java:<init>(111)) - Hadoop Security Enabled: false Ozone Security Enabled: false Ozone HTTP Security Enabled: false 
2023-06-22 21:35:06,882 [main] WARN  server.AuthenticationFilter (AuthenticationFilter.java:constructSecretProvider(240)) - Unable to initialize FileSignerSecretProvider, falling back to use random secrets. Reason: Could not read signature secret file: /home/runner/hadoop-http-auth-signature-secret
2023-06-22 21:35:06,888 [main] INFO  http.HttpRequestLog (HttpRequestLog.java:getRequestLog(86)) - Http request log for http.requests.hddsDatanode is not defined
2023-06-22 21:35:06,894 [main] INFO  http.HttpServer2 (HttpServer2.java:addGlobalFilter(1031)) - Added global filter 'safety' (class=org.apache.hadoop.hdds.server.http.HttpServer2$QuotingInputFilter)
2023-06-22 21:35:06,901 [main] INFO  http.HttpServer2 (HttpServer2.java:addFilter(1007)) - Added filter static_user_filter (class=org.apache.hadoop.http.lib.StaticUserWebFilter$StaticUserFilter) to context hddsDatanode
2023-06-22 21:35:06,902 [main] INFO  http.HttpServer2 (HttpServer2.java:addFilter(1015)) - Added filter static_user_filter (class=org.apache.hadoop.http.lib.StaticUserWebFilter$StaticUserFilter) to context logs
2023-06-22 21:35:06,902 [main] INFO  http.HttpServer2 (HttpServer2.java:addFilter(1015)) - Added filter static_user_filter (class=org.apache.hadoop.http.lib.StaticUserWebFilter$StaticUserFilter) to context static
2023-06-22 21:35:06,904 [main] INFO  http.BaseHttpServer (BaseHttpServer.java:<init>(190)) - HTTP server of hddsDatanode uses base directory /home/runner/work/ozone/ozone/hadoop-ozone/integration-test/target/test-dir/MiniOzoneClusterImpl-00f3567e-e140-4cd7-bd5a-f6438c2bd6c1/datanode-1/meta/webserver
2023-06-22 21:35:06,904 [main] INFO  http.HttpServer2 (HttpServer2.java:bindListener(1250)) - Jetty bound to port 15018
2023-06-22 21:35:06,904 [main] INFO  server.Server (Server.java:doStart(375)) - jetty-9.4.51.v20230217; built: 2023-02-17T08:19:37.309Z; git: b45c405e4544384de066f814ed42ae3dceacdd49; jvm 1.8.0_372-b07
2023-06-22 21:35:06,943 [main] INFO  server.session (DefaultSessionIdManager.java:doStart(334)) - DefaultSessionIdManager workerName=node0
2023-06-22 21:35:06,943 [main] INFO  server.session (DefaultSessionIdManager.java:doStart(339)) - No SessionScavenger set, using defaults
2023-06-22 21:35:06,943 [main] INFO  server.session (HouseKeeper.java:startScavenging(132)) - node0 Scavenging every 600000ms
2023-06-22 21:35:06,944 [main] INFO  handler.ContextHandler (ContextHandler.java:doStart(921)) - Started o.e.j.s.ServletContextHandler@44e31c4b{logs,/logs,file:///home/runner/work/ozone/ozone/hadoop-ozone/integration-test/target/log,AVAILABLE}
2023-06-22 21:35:06,945 [main] INFO  handler.ContextHandler (ContextHandler.java:doStart(921)) - Started o.e.j.s.ServletContextHandler@30696c34{static,/static,jar:file:/home/runner/.m2/repository/org/apache/ozone/hdds-container-service/1.4.0-SNAPSHOT/hdds-container-service-1.4.0-SNAPSHOT.jar!/webapps/static,AVAILABLE}
2023-06-22 21:35:06,951 [Datanode State Machine Task Thread - 0] INFO  datanode.InitDatanodeState (InitDatanodeState.java:persistContainerDatanodeDetails(138)) - DatanodeDetails is persisted to /home/runner/work/ozone/ozone/hadoop-ozone/integration-test/target/test-dir/MiniOzoneClusterImpl-00f3567e-e140-4cd7-bd5a-f6438c2bd6c1/datanode-0/meta/datanode.id
2023-06-22 21:35:07,008 [om1@group-C5BA1605619E-StateMachineUpdater] INFO  ratis.OzoneManagerStateMachine (OzoneManagerStateMachine.java:notifyConfigurationChanged(201)) - Received Configuration change notification from Ratis. New Peer list:
[id: "om1"
address: "localhost:15007"
startupRole: FOLLOWER
]
2023-06-22 21:35:07,202 [main] INFO  handler.ContextHandler (ContextHandler.java:doStart(921)) - Started o.e.j.w.WebAppContext@b6901a{hddsDatanode,/,file:///home/runner/work/ozone/ozone/hadoop-ozone/integration-test/target/test-dir/MiniOzoneClusterImpl-00f3567e-e140-4cd7-bd5a-f6438c2bd6c1/datanode-1/meta/webserver/jetty-0_0_0_0-15018-hdds-container-service-1_4_0-SNAPSHOT_jar-_-any-5948386613684313781/webapp/,AVAILABLE}{jar:file:/home/runner/.m2/repository/org/apache/ozone/hdds-container-service/1.4.0-SNAPSHOT/hdds-container-service-1.4.0-SNAPSHOT.jar!/webapps/hddsDatanode}
2023-06-22 21:35:07,204 [main] INFO  server.AbstractConnector (AbstractConnector.java:doStart(333)) - Started ServerConnector@408a7f58{HTTP/1.1, (http/1.1)}{0.0.0.0:15018}
2023-06-22 21:35:07,204 [main] INFO  server.Server (Server.java:doStart(415)) - Started @10997ms
2023-06-22 21:35:07,204 [main] WARN  impl.MetricsSystemImpl (MetricsSystemImpl.java:register(279)) - Sink prometheus already exists!
2023-06-22 21:35:07,210 [main] INFO  http.BaseHttpServer (BaseHttpServer.java:updateConnectorAddress(344)) - HTTP server of hddsDatanode listening at http://0.0.0.0:15018
2023-06-22 21:35:07,210 [main] INFO  ipc.CallQueueManager (CallQueueManager.java:<init>(90)) - Using callQueue: class java.util.concurrent.LinkedBlockingQueue, queueCapacity: 100, scheduler: class org.apache.hadoop.ipc.DefaultRpcScheduler, ipcBackoff: false.
2023-06-22 21:35:07,212 [Socket Reader #1 for port 15019] INFO  ipc.Server (Server.java:run(1319)) - Starting Socket Reader #1 for port 15019
2023-06-22 21:35:07,218 [Listener at 0.0.0.0/15019] INFO  hdds.HddsUtils (HddsUtils.java:preserveThreadName(848)) - Restoring thread name: main
2023-06-22 21:35:07,219 [main] INFO  ozone.HddsDatanodeService (HddsDatanodeService.java:start(335)) - Datanode start with admins: [runner]
2023-06-22 21:35:07,219 [main] INFO  ozone.HddsDatanodeClientProtocolServer (HddsDatanodeClientProtocolServer.java:start(72)) - RPC server for Client /0.0.0.0:15019
2023-06-22 21:35:07,225 [IPC Server Responder] INFO  ipc.Server (Server.java:run(1558)) - IPC Server Responder: starting
2023-06-22 21:35:07,225 [IPC Server listener on 15019] INFO  ipc.Server (Server.java:run(1398)) - IPC Server listener on 15019: starting
2023-06-22 21:35:07,229 [main] WARN  impl.MetricRegistriesImpl (MetricRegistriesImpl.java:addReporterRegistration(111)) - New reporters are added after registries were created. Some metrics will be missing from the reporter. Please add reporter before adding any new registry.
2023-06-22 21:35:07,230 [main] WARN  impl.MetricRegistriesImpl (MetricRegistriesImpl.java:addReporterRegistration(111)) - New reporters are added after registries were created. Some metrics will be missing from the reporter. Please add reporter before adding any new registry.
2023-06-22 21:35:07,230 [main] INFO  impl.MetricsSystemImpl (MetricsSystemImpl.java:init(158)) - HddsDatanode metrics system started (again)
2023-06-22 21:35:07,235 [Datanode State Machine Daemon Thread] INFO  statemachine.DatanodeStateMachine (DatanodeStateMachine.java:lambda$startDaemon$0(531)) - Ozone container server started.
2023-06-22 21:35:07,246 [main] INFO  ozone.HddsDatanodeService (HddsDatanodeService.java:start(257)) - HddsDatanodeService host:fv-az504-135 ip:10.1.1.69
2023-06-22 21:35:07,257 [Datanode State Machine Task Thread - 0] INFO  datanode.InitDatanodeState (InitDatanodeState.java:persistContainerDatanodeDetails(138)) - DatanodeDetails is persisted to /home/runner/work/ozone/ozone/hadoop-ozone/integration-test/target/test-dir/MiniOzoneClusterImpl-00f3567e-e140-4cd7-bd5a-f6438c2bd6c1/datanode-1/meta/datanode.id
2023-06-22 21:35:07,273 [main] INFO  upgrade.AbstractLayoutVersionManager (AbstractLayoutVersionManager.java:init(83)) - Initializing Layout version manager with metadata layout = HADOOP_PRC_PORTS_IN_DATANODEDETAILS (version = 7), software layout = HADOOP_PRC_PORTS_IN_DATANODEDETAILS (version = 7)
2023-06-22 21:35:07,275 [main] INFO  statemachine.DatanodeStateMachine (DatanodeStateMachine.java:getEndPointTaskThreadPoolSize(279)) - Datanode State Machine Task Thread Pool size 2
2023-06-22 21:35:07,282 [main] INFO  volume.HddsVolume (HddsVolume.java:<init>(130)) - Creating HddsVolume: /home/runner/work/ozone/ozone/hadoop-ozone/integration-test/target/test-dir/MiniOzoneClusterImpl-00f3567e-e140-4cd7-bd5a-f6438c2bd6c1/datanode-2/data-0/containers/hdds of storage type : DISK capacity : 9223372036854775807
2023-06-22 21:35:07,282 [main] INFO  volume.MutableVolumeSet (MutableVolumeSet.java:initializeVolumeSet(175)) - Added Volume : /home/runner/work/ozone/ozone/hadoop-ozone/integration-test/target/test-dir/MiniOzoneClusterImpl-00f3567e-e140-4cd7-bd5a-f6438c2bd6c1/datanode-2/data-0/containers/hdds to VolumeSet
2023-06-22 21:35:07,282 [main] INFO  volume.ThrottledAsyncChecker (ThrottledAsyncChecker.java:schedule(141)) - Scheduling a check for /home/runner/work/ozone/ozone/hadoop-ozone/integration-test/target/test-dir/MiniOzoneClusterImpl-00f3567e-e140-4cd7-bd5a-f6438c2bd6c1/datanode-2/data-0/containers/hdds
2023-06-22 21:35:07,287 [main] INFO  volume.StorageVolumeChecker (StorageVolumeChecker.java:checkAllVolumes(202)) - Scheduled health check for volume /home/runner/work/ozone/ozone/hadoop-ozone/integration-test/target/test-dir/MiniOzoneClusterImpl-00f3567e-e140-4cd7-bd5a-f6438c2bd6c1/datanode-2/data-0/containers/hdds
2023-06-22 21:35:07,303 [main] INFO  volume.MutableVolumeSet (MutableVolumeSet.java:initializeVolumeSet(175)) - Added Volume : /home/runner/work/ozone/ozone/hadoop-ozone/integration-test/target/test-dir/MiniOzoneClusterImpl-00f3567e-e140-4cd7-bd5a-f6438c2bd6c1/datanode-2/data/ratis to VolumeSet
2023-06-22 21:35:07,303 [main] INFO  volume.ThrottledAsyncChecker (ThrottledAsyncChecker.java:schedule(141)) - Scheduling a check for /home/runner/work/ozone/ozone/hadoop-ozone/integration-test/target/test-dir/MiniOzoneClusterImpl-00f3567e-e140-4cd7-bd5a-f6438c2bd6c1/datanode-2/data/ratis
2023-06-22 21:35:07,303 [main] INFO  volume.StorageVolumeChecker (StorageVolumeChecker.java:checkAllVolumes(202)) - Scheduled health check for volume /home/runner/work/ozone/ozone/hadoop-ozone/integration-test/target/test-dir/MiniOzoneClusterImpl-00f3567e-e140-4cd7-bd5a-f6438c2bd6c1/datanode-2/data/ratis
2023-06-22 21:35:07,318 [Thread-176] INFO  ozoneimpl.ContainerReader (ContainerReader.java:readVolume(175)) - Finish verifying containers on volume /home/runner/work/ozone/ozone/hadoop-ozone/integration-test/target/test-dir/MiniOzoneClusterImpl-00f3567e-e140-4cd7-bd5a-f6438c2bd6c1/datanode-2/data-0/containers/hdds
2023-06-22 21:35:07,318 [main] INFO  ozoneimpl.OzoneContainer (OzoneContainer.java:buildContainerSet(316)) - Build ContainerSet costs 0s
2023-06-22 21:35:07,322 [main] INFO  server.RaftServer (ConfUtils.java:logGet(46)) - raft.rpc.type = GRPC (default)
2023-06-22 21:35:07,322 [main] INFO  grpc.GrpcConfigKeys (ConfUtils.java:logFallback(53)) - raft.grpc.admin.host = null (fallback to raft.grpc.server.host)
2023-06-22 21:35:07,322 [main] INFO  grpc.GrpcConfigKeys (ConfUtils.java:logGet(46)) - raft.grpc.admin.port = 15031 (custom)
2023-06-22 21:35:07,322 [main] INFO  grpc.GrpcConfigKeys (ConfUtils.java:logFallback(53)) - raft.grpc.client.host = null (fallback to raft.grpc.server.host)
2023-06-22 21:35:07,322 [main] INFO  grpc.GrpcConfigKeys (ConfUtils.java:logGet(46)) - raft.grpc.client.port = 15030 (custom)
2023-06-22 21:35:07,322 [main] INFO  grpc.GrpcConfigKeys (ConfUtils.java:logGet(46)) - raft.grpc.server.host = null (default)
2023-06-22 21:35:07,323 [main] INFO  grpc.GrpcConfigKeys (ConfUtils.java:logGet(46)) - raft.grpc.server.port = 15032 (custom)
2023-06-22 21:35:07,323 [main] INFO  server.GrpcService (ConfUtils.java:logGet(46)) - raft.grpc.message.size.max = 32MB (=33554432) (custom)
2023-06-22 21:35:07,323 [main] INFO  server.RaftServerConfigKeys (ConfUtils.java:logGet(46)) - raft.server.log.appender.buffer.byte-limit = 33554432 (custom)
2023-06-22 21:35:07,323 [main] INFO  server.GrpcService (ConfUtils.java:logGet(46)) - raft.grpc.flow.control.window = 5MB (=5242880) (custom)
2023-06-22 21:35:07,323 [main] INFO  server.RaftServerConfigKeys (ConfUtils.java:logGet(46)) - raft.server.rpc.request.timeout = 60s (custom)
2023-06-22 21:35:07,323 [main] INFO  grpc.GrpcConfigKeys (ConfUtils.java:logGet(46)) - raft.grpc.server.heartbeat.channel = true (default)
2023-06-22 21:35:07,323 [main] INFO  grpc.GrpcConfigKeys (ConfUtils.java:logGet(46)) - raft.grpc.server.async.request.thread.pool.cached = true (default)
2023-06-22 21:35:07,324 [main] INFO  grpc.GrpcConfigKeys (ConfUtils.java:logGet(46)) - raft.grpc.server.async.request.thread.pool.size = 32 (default)
2023-06-22 21:35:07,326 [main] INFO  impl.DataStreamServerImpl (ConfUtils.java:logGet(46)) - raft.datastream.type = NETTY (custom)
2023-06-22 21:35:07,327 [main] INFO  server.RaftServerConfigKeys (ConfUtils.java:logGet(46)) - raft.server.data-stream.async.request.thread.pool.cached = false (default)
2023-06-22 21:35:07,327 [main] INFO  server.RaftServerConfigKeys (ConfUtils.java:logGet(46)) - raft.server.data-stream.async.request.thread.pool.size = 20 (custom)
2023-06-22 21:35:07,327 [main] INFO  server.RaftServerConfigKeys (ConfUtils.java:logGet(46)) - raft.server.data-stream.async.write.thread.pool.size = 16 (default)
2023-06-22 21:35:07,327 [main] INFO  server.RaftServerConfigKeys (ConfUtils.java:logGet(46)) - raft.server.data-stream.client.pool.size = 10 (default)
2023-06-22 21:35:07,327 [main] INFO  netty.NettyConfigKeys$DataStream (ConfUtils.java:logGet(46)) - raft.netty.dataStream.server.use-epoll = false (default)
2023-06-22 21:35:07,328 [main] INFO  netty.NettyConfigKeys$DataStream (ConfUtils.java:logGet(46)) - raft.netty.dataStream.server.boss-group.size = 0 (default)
2023-06-22 21:35:07,328 [main] INFO  netty.NettyConfigKeys$DataStream (ConfUtils.java:logGet(46)) - raft.netty.dataStream.server.worker-group.size = 0 (default)
2023-06-22 21:35:07,328 [main] INFO  netty.NettyConfigKeys$DataStream (ConfUtils.java:logGet(46)) - raft.netty.dataStream.server.tls.conf = null (default)
2023-06-22 21:35:07,329 [main] INFO  netty.NettyConfigKeys$DataStream (ConfUtils.java:logGet(46)) - raft.netty.dataStream.host = null (default)
2023-06-22 21:35:07,329 [main] INFO  netty.NettyConfigKeys$DataStream (ConfUtils.java:logGet(46)) - raft.netty.dataStream.port = 15033 (custom)
2023-06-22 21:35:07,329 [main] INFO  server.RaftServerConfigKeys (ConfUtils.java:logGet(46)) - raft.server.threadpool.proxy.cached = true (default)
2023-06-22 21:35:07,329 [main] INFO  server.RaftServerConfigKeys (ConfUtils.java:logGet(46)) - raft.server.threadpool.proxy.size = 0 (default)
2023-06-22 21:35:07,330 [main] INFO  server.RaftServerConfigKeys (ConfUtils.java:logGet(46)) - raft.server.rpc.slowness.timeout = 300s (custom)
2023-06-22 21:35:07,330 [main] INFO  server.RaftServerConfigKeys (ConfUtils.java:logGet(46)) - raft.server.leaderelection.leader.step-down.wait-time = 10s (default)
2023-06-22 21:35:07,330 [main] INFO  server.RaftServerConfigKeys (ConfUtils.java:logGet(46)) - raft.server.storage.dir = [/home/runner/work/ozone/ozone/hadoop-ozone/integration-test/target/test-dir/MiniOzoneClusterImpl-00f3567e-e140-4cd7-bd5a-f6438c2bd6c1/datanode-2/data/ratis] (custom)
2023-06-22 21:35:07,334 [470642db-8038-41e5-a5f3-81d987be2f99-NettyServerStreamRpc-bossGroup--thread1] INFO  logging.LoggingHandler (AbstractInternalLogger.java:log(148)) - [id: 0xe2276abe] REGISTERED
2023-06-22 21:35:07,334 [470642db-8038-41e5-a5f3-81d987be2f99-NettyServerStreamRpc-bossGroup--thread1] INFO  logging.LoggingHandler (AbstractInternalLogger.java:log(148)) - [id: 0xe2276abe] BIND: 0.0.0.0/0.0.0.0:15033
2023-06-22 21:35:07,334 [470642db-8038-41e5-a5f3-81d987be2f99-NettyServerStreamRpc-bossGroup--thread1] INFO  logging.LoggingHandler (AbstractInternalLogger.java:log(148)) - [id: 0xe2276abe, L:/0:0:0:0:0:0:0:0:15033] ACTIVE
2023-06-22 21:35:07,337 [main] INFO  server.XceiverServerGrpc (XceiverServerGrpc.java:<init>(132)) - GrpcServer channel type EpollServerSocketChannel
2023-06-22 21:35:07,340 [main] INFO  replication.ReplicationSupervisor (ReplicationSupervisor.java:nodeStateUpdated(305)) - Node state updated to IN_SERVICE, scaling executor pool size to 10
2023-06-22 21:35:07,342 [main] INFO  http.BaseHttpServer (BaseHttpServer.java:newHttpServer2BuilderForOzone(224)) - Starting Web-server for hddsDatanode at: http://0.0.0.0:15027
2023-06-22 21:35:07,342 [main] INFO  http.BaseHttpServer (BaseHttpServer.java:<init>(111)) - Hadoop Security Enabled: false Ozone Security Enabled: false Ozone HTTP Security Enabled: false 
2023-06-22 21:35:07,344 [main] WARN  server.AuthenticationFilter (AuthenticationFilter.java:constructSecretProvider(240)) - Unable to initialize FileSignerSecretProvider, falling back to use random secrets. Reason: Could not read signature secret file: /home/runner/hadoop-http-auth-signature-secret
2023-06-22 21:35:07,345 [main] INFO  http.HttpRequestLog (HttpRequestLog.java:getRequestLog(86)) - Http request log for http.requests.hddsDatanode is not defined
2023-06-22 21:35:07,346 [main] INFO  http.HttpServer2 (HttpServer2.java:addGlobalFilter(1031)) - Added global filter 'safety' (class=org.apache.hadoop.hdds.server.http.HttpServer2$QuotingInputFilter)
2023-06-22 21:35:07,347 [main] INFO  http.HttpServer2 (HttpServer2.java:addFilter(1007)) - Added filter static_user_filter (class=org.apache.hadoop.http.lib.StaticUserWebFilter$StaticUserFilter) to context hddsDatanode
2023-06-22 21:35:07,347 [main] INFO  http.HttpServer2 (HttpServer2.java:addFilter(1015)) - Added filter static_user_filter (class=org.apache.hadoop.http.lib.StaticUserWebFilter$StaticUserFilter) to context logs
2023-06-22 21:35:07,347 [main] INFO  http.HttpServer2 (HttpServer2.java:addFilter(1015)) - Added filter static_user_filter (class=org.apache.hadoop.http.lib.StaticUserWebFilter$StaticUserFilter) to context static
2023-06-22 21:35:07,348 [main] INFO  http.BaseHttpServer (BaseHttpServer.java:<init>(190)) - HTTP server of hddsDatanode uses base directory /home/runner/work/ozone/ozone/hadoop-ozone/integration-test/target/test-dir/MiniOzoneClusterImpl-00f3567e-e140-4cd7-bd5a-f6438c2bd6c1/datanode-2/meta/webserver
2023-06-22 21:35:07,353 [main] INFO  http.HttpServer2 (HttpServer2.java:bindListener(1250)) - Jetty bound to port 15027
2023-06-22 21:35:07,354 [main] INFO  server.Server (Server.java:doStart(375)) - jetty-9.4.51.v20230217; built: 2023-02-17T08:19:37.309Z; git: b45c405e4544384de066f814ed42ae3dceacdd49; jvm 1.8.0_372-b07
2023-06-22 21:35:07,355 [main] INFO  server.session (DefaultSessionIdManager.java:doStart(334)) - DefaultSessionIdManager workerName=node0
2023-06-22 21:35:07,355 [main] INFO  server.session (DefaultSessionIdManager.java:doStart(339)) - No SessionScavenger set, using defaults
2023-06-22 21:35:07,355 [main] INFO  server.session (HouseKeeper.java:startScavenging(132)) - node0 Scavenging every 600000ms
2023-06-22 21:35:07,356 [main] INFO  handler.ContextHandler (ContextHandler.java:doStart(921)) - Started o.e.j.s.ServletContextHandler@60721067{logs,/logs,file:///home/runner/work/ozone/ozone/hadoop-ozone/integration-test/target/log,AVAILABLE}
2023-06-22 21:35:07,357 [main] INFO  handler.ContextHandler (ContextHandler.java:doStart(921)) - Started o.e.j.s.ServletContextHandler@3b38c606{static,/static,jar:file:/home/runner/.m2/repository/org/apache/ozone/hdds-container-service/1.4.0-SNAPSHOT/hdds-container-service-1.4.0-SNAPSHOT.jar!/webapps/static,AVAILABLE}
2023-06-22 21:35:07,590 [main] INFO  handler.ContextHandler (ContextHandler.java:doStart(921)) - Started o.e.j.w.WebAppContext@5fcf0a35{hddsDatanode,/,file:///home/runner/work/ozone/ozone/hadoop-ozone/integration-test/target/test-dir/MiniOzoneClusterImpl-00f3567e-e140-4cd7-bd5a-f6438c2bd6c1/datanode-2/meta/webserver/jetty-0_0_0_0-15027-hdds-container-service-1_4_0-SNAPSHOT_jar-_-any-6193198402731540069/webapp/,AVAILABLE}{jar:file:/home/runner/.m2/repository/org/apache/ozone/hdds-container-service/1.4.0-SNAPSHOT/hdds-container-service-1.4.0-SNAPSHOT.jar!/webapps/hddsDatanode}
2023-06-22 21:35:07,593 [main] INFO  server.AbstractConnector (AbstractConnector.java:doStart(333)) - Started ServerConnector@8814c5d{HTTP/1.1, (http/1.1)}{0.0.0.0:15027}
2023-06-22 21:35:07,593 [main] INFO  server.Server (Server.java:doStart(415)) - Started @11386ms
2023-06-22 21:35:07,593 [main] WARN  impl.MetricsSystemImpl (MetricsSystemImpl.java:register(279)) - Sink prometheus already exists!
2023-06-22 21:35:07,594 [main] INFO  http.BaseHttpServer (BaseHttpServer.java:updateConnectorAddress(344)) - HTTP server of hddsDatanode listening at http://0.0.0.0:15027
2023-06-22 21:35:07,594 [main] INFO  ipc.CallQueueManager (CallQueueManager.java:<init>(90)) - Using callQueue: class java.util.concurrent.LinkedBlockingQueue, queueCapacity: 100, scheduler: class org.apache.hadoop.ipc.DefaultRpcScheduler, ipcBackoff: false.
2023-06-22 21:35:07,595 [Socket Reader #1 for port 15028] INFO  ipc.Server (Server.java:run(1319)) - Starting Socket Reader #1 for port 15028
2023-06-22 21:35:07,607 [Listener at 0.0.0.0/15028] INFO  hdds.HddsUtils (HddsUtils.java:preserveThreadName(848)) - Restoring thread name: main
2023-06-22 21:35:07,607 [main] INFO  ozone.HddsDatanodeService (HddsDatanodeService.java:start(335)) - Datanode start with admins: [runner]
2023-06-22 21:35:07,607 [main] INFO  ozone.HddsDatanodeClientProtocolServer (HddsDatanodeClientProtocolServer.java:start(72)) - RPC server for Client /0.0.0.0:15028
2023-06-22 21:35:07,608 [IPC Server Responder] INFO  ipc.Server (Server.java:run(1558)) - IPC Server Responder: starting
2023-06-22 21:35:07,608 [IPC Server listener on 15028] INFO  ipc.Server (Server.java:run(1398)) - IPC Server listener on 15028: starting
2023-06-22 21:35:07,611 [Datanode State Machine Daemon Thread] INFO  statemachine.DatanodeStateMachine (DatanodeStateMachine.java:lambda$startDaemon$0(531)) - Ozone container server started.
2023-06-22 21:35:07,612 [main] WARN  impl.MetricRegistriesImpl (MetricRegistriesImpl.java:addReporterRegistration(111)) - New reporters are added after registries were created. Some metrics will be missing from the reporter. Please add reporter before adding any new registry.
2023-06-22 21:35:07,613 [main] WARN  impl.MetricRegistriesImpl (MetricRegistriesImpl.java:addReporterRegistration(111)) - New reporters are added after registries were created. Some metrics will be missing from the reporter. Please add reporter before adding any new registry.
2023-06-22 21:35:07,613 [main] INFO  impl.MetricsSystemImpl (MetricsSystemImpl.java:init(158)) - HddsDatanode metrics system started (again)
2023-06-22 21:35:07,628 [Datanode State Machine Task Thread - 0] INFO  datanode.InitDatanodeState (InitDatanodeState.java:persistContainerDatanodeDetails(138)) - DatanodeDetails is persisted to /home/runner/work/ozone/ozone/hadoop-ozone/integration-test/target/test-dir/MiniOzoneClusterImpl-00f3567e-e140-4cd7-bd5a-f6438c2bd6c1/datanode-2/meta/datanode.id
2023-06-22 21:35:07,628 [main] INFO  ozone.HddsDatanodeService (HddsDatanodeService.java:start(257)) - HddsDatanodeService host:fv-az504-135 ip:10.1.1.69
2023-06-22 21:35:07,673 [main] INFO  upgrade.AbstractLayoutVersionManager (AbstractLayoutVersionManager.java:init(83)) - Initializing Layout version manager with metadata layout = HADOOP_PRC_PORTS_IN_DATANODEDETAILS (version = 7), software layout = HADOOP_PRC_PORTS_IN_DATANODEDETAILS (version = 7)
2023-06-22 21:35:07,674 [main] INFO  statemachine.DatanodeStateMachine (DatanodeStateMachine.java:getEndPointTaskThreadPoolSize(279)) - Datanode State Machine Task Thread Pool size 2
2023-06-22 21:35:07,676 [main] INFO  volume.HddsVolume (HddsVolume.java:<init>(130)) - Creating HddsVolume: /home/runner/work/ozone/ozone/hadoop-ozone/integration-test/target/test-dir/MiniOzoneClusterImpl-00f3567e-e140-4cd7-bd5a-f6438c2bd6c1/datanode-3/data-0/containers/hdds of storage type : DISK capacity : 9223372036854775807
2023-06-22 21:35:07,676 [main] INFO  volume.MutableVolumeSet (MutableVolumeSet.java:initializeVolumeSet(175)) - Added Volume : /home/runner/work/ozone/ozone/hadoop-ozone/integration-test/target/test-dir/MiniOzoneClusterImpl-00f3567e-e140-4cd7-bd5a-f6438c2bd6c1/datanode-3/data-0/containers/hdds to VolumeSet
2023-06-22 21:35:07,677 [main] INFO  volume.ThrottledAsyncChecker (ThrottledAsyncChecker.java:schedule(141)) - Scheduling a check for /home/runner/work/ozone/ozone/hadoop-ozone/integration-test/target/test-dir/MiniOzoneClusterImpl-00f3567e-e140-4cd7-bd5a-f6438c2bd6c1/datanode-3/data-0/containers/hdds
2023-06-22 21:35:07,681 [main] INFO  volume.StorageVolumeChecker (StorageVolumeChecker.java:checkAllVolumes(202)) - Scheduled health check for volume /home/runner/work/ozone/ozone/hadoop-ozone/integration-test/target/test-dir/MiniOzoneClusterImpl-00f3567e-e140-4cd7-bd5a-f6438c2bd6c1/datanode-3/data-0/containers/hdds
2023-06-22 21:35:07,697 [main] INFO  volume.MutableVolumeSet (MutableVolumeSet.java:initializeVolumeSet(175)) - Added Volume : /home/runner/work/ozone/ozone/hadoop-ozone/integration-test/target/test-dir/MiniOzoneClusterImpl-00f3567e-e140-4cd7-bd5a-f6438c2bd6c1/datanode-3/data/ratis to VolumeSet
2023-06-22 21:35:07,698 [main] INFO  volume.ThrottledAsyncChecker (ThrottledAsyncChecker.java:schedule(141)) - Scheduling a check for /home/runner/work/ozone/ozone/hadoop-ozone/integration-test/target/test-dir/MiniOzoneClusterImpl-00f3567e-e140-4cd7-bd5a-f6438c2bd6c1/datanode-3/data/ratis
2023-06-22 21:35:07,698 [main] INFO  volume.StorageVolumeChecker (StorageVolumeChecker.java:checkAllVolumes(202)) - Scheduled health check for volume /home/runner/work/ozone/ozone/hadoop-ozone/integration-test/target/test-dir/MiniOzoneClusterImpl-00f3567e-e140-4cd7-bd5a-f6438c2bd6c1/datanode-3/data/ratis
2023-06-22 21:35:07,716 [Thread-193] INFO  ozoneimpl.ContainerReader (ContainerReader.java:readVolume(175)) - Finish verifying containers on volume /home/runner/work/ozone/ozone/hadoop-ozone/integration-test/target/test-dir/MiniOzoneClusterImpl-00f3567e-e140-4cd7-bd5a-f6438c2bd6c1/datanode-3/data-0/containers/hdds
2023-06-22 21:35:07,716 [main] INFO  ozoneimpl.OzoneContainer (OzoneContainer.java:buildContainerSet(316)) - Build ContainerSet costs 0s
2023-06-22 21:35:07,727 [main] INFO  server.RaftServer (ConfUtils.java:logGet(46)) - raft.rpc.type = GRPC (default)
2023-06-22 21:35:07,728 [main] INFO  grpc.GrpcConfigKeys (ConfUtils.java:logFallback(53)) - raft.grpc.admin.host = null (fallback to raft.grpc.server.host)
2023-06-22 21:35:07,728 [main] INFO  grpc.GrpcConfigKeys (ConfUtils.java:logGet(46)) - raft.grpc.admin.port = 15040 (custom)
2023-06-22 21:35:07,728 [main] INFO  grpc.GrpcConfigKeys (ConfUtils.java:logFallback(53)) - raft.grpc.client.host = null (fallback to raft.grpc.server.host)
2023-06-22 21:35:07,728 [main] INFO  grpc.GrpcConfigKeys (ConfUtils.java:logGet(46)) - raft.grpc.client.port = 15039 (custom)
2023-06-22 21:35:07,728 [main] INFO  grpc.GrpcConfigKeys (ConfUtils.java:logGet(46)) - raft.grpc.server.host = null (default)
2023-06-22 21:35:07,728 [main] INFO  grpc.GrpcConfigKeys (ConfUtils.java:logGet(46)) - raft.grpc.server.port = 15041 (custom)
2023-06-22 21:35:07,729 [main] INFO  server.GrpcService (ConfUtils.java:logGet(46)) - raft.grpc.message.size.max = 32MB (=33554432) (custom)
2023-06-22 21:35:07,729 [main] INFO  server.RaftServerConfigKeys (ConfUtils.java:logGet(46)) - raft.server.log.appender.buffer.byte-limit = 33554432 (custom)
2023-06-22 21:35:07,729 [main] INFO  server.GrpcService (ConfUtils.java:logGet(46)) - raft.grpc.flow.control.window = 5MB (=5242880) (custom)
2023-06-22 21:35:07,729 [main] INFO  server.RaftServerConfigKeys (ConfUtils.java:logGet(46)) - raft.server.rpc.request.timeout = 60s (custom)
2023-06-22 21:35:07,729 [main] INFO  grpc.GrpcConfigKeys (ConfUtils.java:logGet(46)) - raft.grpc.server.heartbeat.channel = true (default)
2023-06-22 21:35:07,729 [main] INFO  grpc.GrpcConfigKeys (ConfUtils.java:logGet(46)) - raft.grpc.server.async.request.thread.pool.cached = true (default)
2023-06-22 21:35:07,729 [main] INFO  grpc.GrpcConfigKeys (ConfUtils.java:logGet(46)) - raft.grpc.server.async.request.thread.pool.size = 32 (default)
2023-06-22 21:35:07,732 [main] INFO  impl.DataStreamServerImpl (ConfUtils.java:logGet(46)) - raft.datastream.type = NETTY (custom)
2023-06-22 21:35:07,733 [main] INFO  server.RaftServerConfigKeys (ConfUtils.java:logGet(46)) - raft.server.data-stream.async.request.thread.pool.cached = false (default)
2023-06-22 21:35:07,733 [main] INFO  server.RaftServerConfigKeys (ConfUtils.java:logGet(46)) - raft.server.data-stream.async.request.thread.pool.size = 20 (custom)
2023-06-22 21:35:07,733 [main] INFO  server.RaftServerConfigKeys (ConfUtils.java:logGet(46)) - raft.server.data-stream.async.write.thread.pool.size = 16 (default)
2023-06-22 21:35:07,733 [main] INFO  server.RaftServerConfigKeys (ConfUtils.java:logGet(46)) - raft.server.data-stream.client.pool.size = 10 (default)
2023-06-22 21:35:07,733 [main] INFO  netty.NettyConfigKeys$DataStream (ConfUtils.java:logGet(46)) - raft.netty.dataStream.server.use-epoll = false (default)
2023-06-22 21:35:07,733 [main] INFO  netty.NettyConfigKeys$DataStream (ConfUtils.java:logGet(46)) - raft.netty.dataStream.server.boss-group.size = 0 (default)
2023-06-22 21:35:07,735 [main] INFO  netty.NettyConfigKeys$DataStream (ConfUtils.java:logGet(46)) - raft.netty.dataStream.server.worker-group.size = 0 (default)
2023-06-22 21:35:07,735 [main] INFO  netty.NettyConfigKeys$DataStream (ConfUtils.java:logGet(46)) - raft.netty.dataStream.server.tls.conf = null (default)
2023-06-22 21:35:07,735 [main] INFO  netty.NettyConfigKeys$DataStream (ConfUtils.java:logGet(46)) - raft.netty.dataStream.host = null (default)
2023-06-22 21:35:07,736 [main] INFO  netty.NettyConfigKeys$DataStream (ConfUtils.java:logGet(46)) - raft.netty.dataStream.port = 15042 (custom)
2023-06-22 21:35:07,736 [main] INFO  server.RaftServerConfigKeys (ConfUtils.java:logGet(46)) - raft.server.threadpool.proxy.cached = true (default)
2023-06-22 21:35:07,737 [main] INFO  server.RaftServerConfigKeys (ConfUtils.java:logGet(46)) - raft.server.threadpool.proxy.size = 0 (default)
2023-06-22 21:35:07,738 [main] INFO  server.RaftServerConfigKeys (ConfUtils.java:logGet(46)) - raft.server.rpc.slowness.timeout = 300s (custom)
2023-06-22 21:35:07,738 [4917f783-1696-4d8b-b9da-38da8f9791cf-NettyServerStreamRpc-bossGroup--thread1] INFO  logging.LoggingHandler (AbstractInternalLogger.java:log(148)) - [id: 0x42c2c208] REGISTERED
2023-06-22 21:35:07,738 [main] INFO  server.RaftServerConfigKeys (ConfUtils.java:logGet(46)) - raft.server.leaderelection.leader.step-down.wait-time = 10s (default)
2023-06-22 21:35:07,738 [4917f783-1696-4d8b-b9da-38da8f9791cf-NettyServerStreamRpc-bossGroup--thread1] INFO  logging.LoggingHandler (AbstractInternalLogger.java:log(148)) - [id: 0x42c2c208] BIND: 0.0.0.0/0.0.0.0:15042
2023-06-22 21:35:07,738 [main] INFO  server.RaftServerConfigKeys (ConfUtils.java:logGet(46)) - raft.server.storage.dir = [/home/runner/work/ozone/ozone/hadoop-ozone/integration-test/target/test-dir/MiniOzoneClusterImpl-00f3567e-e140-4cd7-bd5a-f6438c2bd6c1/datanode-3/data/ratis] (custom)
2023-06-22 21:35:07,739 [4917f783-1696-4d8b-b9da-38da8f9791cf-NettyServerStreamRpc-bossGroup--thread1] INFO  logging.LoggingHandler (AbstractInternalLogger.java:log(148)) - [id: 0x42c2c208, L:/0:0:0:0:0:0:0:0:15042] ACTIVE
2023-06-22 21:35:07,741 [main] INFO  server.XceiverServerGrpc (XceiverServerGrpc.java:<init>(132)) - GrpcServer channel type EpollServerSocketChannel
2023-06-22 21:35:07,744 [main] INFO  replication.ReplicationSupervisor (ReplicationSupervisor.java:nodeStateUpdated(305)) - Node state updated to IN_SERVICE, scaling executor pool size to 10
2023-06-22 21:35:07,748 [main] INFO  http.BaseHttpServer (BaseHttpServer.java:newHttpServer2BuilderForOzone(224)) - Starting Web-server for hddsDatanode at: http://0.0.0.0:15036
2023-06-22 21:35:07,748 [main] INFO  http.BaseHttpServer (BaseHttpServer.java:<init>(111)) - Hadoop Security Enabled: false Ozone Security Enabled: false Ozone HTTP Security Enabled: false 
2023-06-22 21:35:07,749 [main] WARN  server.AuthenticationFilter (AuthenticationFilter.java:constructSecretProvider(240)) - Unable to initialize FileSignerSecretProvider, falling back to use random secrets. Reason: Could not read signature secret file: /home/runner/hadoop-http-auth-signature-secret
2023-06-22 21:35:07,750 [main] INFO  http.HttpRequestLog (HttpRequestLog.java:getRequestLog(86)) - Http request log for http.requests.hddsDatanode is not defined
2023-06-22 21:35:07,753 [main] INFO  http.HttpServer2 (HttpServer2.java:addGlobalFilter(1031)) - Added global filter 'safety' (class=org.apache.hadoop.hdds.server.http.HttpServer2$QuotingInputFilter)
2023-06-22 21:35:07,754 [main] INFO  http.HttpServer2 (HttpServer2.java:addFilter(1007)) - Added filter static_user_filter (class=org.apache.hadoop.http.lib.StaticUserWebFilter$StaticUserFilter) to context hddsDatanode
2023-06-22 21:35:07,754 [main] INFO  http.HttpServer2 (HttpServer2.java:addFilter(1015)) - Added filter static_user_filter (class=org.apache.hadoop.http.lib.StaticUserWebFilter$StaticUserFilter) to context static
2023-06-22 21:35:07,754 [main] INFO  http.HttpServer2 (HttpServer2.java:addFilter(1015)) - Added filter static_user_filter (class=org.apache.hadoop.http.lib.StaticUserWebFilter$StaticUserFilter) to context logs
2023-06-22 21:35:07,755 [main] INFO  http.BaseHttpServer (BaseHttpServer.java:<init>(190)) - HTTP server of hddsDatanode uses base directory /home/runner/work/ozone/ozone/hadoop-ozone/integration-test/target/test-dir/MiniOzoneClusterImpl-00f3567e-e140-4cd7-bd5a-f6438c2bd6c1/datanode-3/meta/webserver
2023-06-22 21:35:07,755 [main] INFO  http.HttpServer2 (HttpServer2.java:bindListener(1250)) - Jetty bound to port 15036
2023-06-22 21:35:07,755 [main] INFO  server.Server (Server.java:doStart(375)) - jetty-9.4.51.v20230217; built: 2023-02-17T08:19:37.309Z; git: b45c405e4544384de066f814ed42ae3dceacdd49; jvm 1.8.0_372-b07
2023-06-22 21:35:07,763 [main] INFO  server.session (DefaultSessionIdManager.java:doStart(334)) - DefaultSessionIdManager workerName=node0
2023-06-22 21:35:07,763 [main] INFO  server.session (DefaultSessionIdManager.java:doStart(339)) - No SessionScavenger set, using defaults
2023-06-22 21:35:07,764 [main] INFO  server.session (HouseKeeper.java:startScavenging(132)) - node0 Scavenging every 660000ms
2023-06-22 21:35:07,766 [main] INFO  handler.ContextHandler (ContextHandler.java:doStart(921)) - Started o.e.j.s.ServletContextHandler@3e158f3b{logs,/logs,file:///home/runner/work/ozone/ozone/hadoop-ozone/integration-test/target/log,AVAILABLE}
2023-06-22 21:35:07,767 [main] INFO  handler.ContextHandler (ContextHandler.java:doStart(921)) - Started o.e.j.s.ServletContextHandler@55517531{static,/static,jar:file:/home/runner/.m2/repository/org/apache/ozone/hdds-container-service/1.4.0-SNAPSHOT/hdds-container-service-1.4.0-SNAPSHOT.jar!/webapps/static,AVAILABLE}
2023-06-22 21:35:08,002 [main] INFO  handler.ContextHandler (ContextHandler.java:doStart(921)) - Started o.e.j.w.WebAppContext@634d8b77{hddsDatanode,/,file:///home/runner/work/ozone/ozone/hadoop-ozone/integration-test/target/test-dir/MiniOzoneClusterImpl-00f3567e-e140-4cd7-bd5a-f6438c2bd6c1/datanode-3/meta/webserver/jetty-0_0_0_0-15036-hdds-container-service-1_4_0-SNAPSHOT_jar-_-any-5661550450422497539/webapp/,AVAILABLE}{jar:file:/home/runner/.m2/repository/org/apache/ozone/hdds-container-service/1.4.0-SNAPSHOT/hdds-container-service-1.4.0-SNAPSHOT.jar!/webapps/hddsDatanode}
2023-06-22 21:35:08,004 [main] INFO  server.AbstractConnector (AbstractConnector.java:doStart(333)) - Started ServerConnector@7929ce8b{HTTP/1.1, (http/1.1)}{0.0.0.0:15036}
2023-06-22 21:35:08,004 [main] INFO  server.Server (Server.java:doStart(415)) - Started @11797ms
2023-06-22 21:35:08,004 [main] WARN  impl.MetricsSystemImpl (MetricsSystemImpl.java:register(279)) - Sink prometheus already exists!
2023-06-22 21:35:08,005 [main] INFO  http.BaseHttpServer (BaseHttpServer.java:updateConnectorAddress(344)) - HTTP server of hddsDatanode listening at http://0.0.0.0:15036
2023-06-22 21:35:08,005 [main] INFO  ipc.CallQueueManager (CallQueueManager.java:<init>(90)) - Using callQueue: class java.util.concurrent.LinkedBlockingQueue, queueCapacity: 100, scheduler: class org.apache.hadoop.ipc.DefaultRpcScheduler, ipcBackoff: false.
2023-06-22 21:35:08,011 [Socket Reader #1 for port 15037] INFO  ipc.Server (Server.java:run(1319)) - Starting Socket Reader #1 for port 15037
2023-06-22 21:35:08,016 [Listener at 0.0.0.0/15037] INFO  hdds.HddsUtils (HddsUtils.java:preserveThreadName(848)) - Restoring thread name: main
2023-06-22 21:35:08,016 [main] INFO  ozone.HddsDatanodeService (HddsDatanodeService.java:start(335)) - Datanode start with admins: [runner]
2023-06-22 21:35:08,017 [main] INFO  ozone.HddsDatanodeClientProtocolServer (HddsDatanodeClientProtocolServer.java:start(72)) - RPC server for Client /0.0.0.0:15037
2023-06-22 21:35:08,017 [IPC Server Responder] INFO  ipc.Server (Server.java:run(1558)) - IPC Server Responder: starting
2023-06-22 21:35:08,017 [IPC Server listener on 15037] INFO  ipc.Server (Server.java:run(1398)) - IPC Server listener on 15037: starting
2023-06-22 21:35:08,018 [main] WARN  impl.MetricRegistriesImpl (MetricRegistriesImpl.java:addReporterRegistration(111)) - New reporters are added after registries were created. Some metrics will be missing from the reporter. Please add reporter before adding any new registry.
2023-06-22 21:35:08,018 [main] WARN  impl.MetricRegistriesImpl (MetricRegistriesImpl.java:addReporterRegistration(111)) - New reporters are added after registries were created. Some metrics will be missing from the reporter. Please add reporter before adding any new registry.
2023-06-22 21:35:08,018 [Datanode State Machine Daemon Thread] INFO  statemachine.DatanodeStateMachine (DatanodeStateMachine.java:lambda$startDaemon$0(531)) - Ozone container server started.
2023-06-22 21:35:08,018 [main] INFO  impl.MetricsSystemImpl (MetricsSystemImpl.java:init(158)) - HddsDatanode metrics system started (again)
2023-06-22 21:35:08,037 [main] INFO  ozone.HddsDatanodeService (HddsDatanodeService.java:start(257)) - HddsDatanodeService host:fv-az504-135 ip:10.1.1.69
2023-06-22 21:35:08,044 [Datanode State Machine Task Thread - 0] INFO  datanode.InitDatanodeState (InitDatanodeState.java:persistContainerDatanodeDetails(138)) - DatanodeDetails is persisted to /home/runner/work/ozone/ozone/hadoop-ozone/integration-test/target/test-dir/MiniOzoneClusterImpl-00f3567e-e140-4cd7-bd5a-f6438c2bd6c1/datanode-3/meta/datanode.id
2023-06-22 21:35:08,064 [main] INFO  upgrade.AbstractLayoutVersionManager (AbstractLayoutVersionManager.java:init(83)) - Initializing Layout version manager with metadata layout = HADOOP_PRC_PORTS_IN_DATANODEDETAILS (version = 7), software layout = HADOOP_PRC_PORTS_IN_DATANODEDETAILS (version = 7)
2023-06-22 21:35:08,065 [main] INFO  statemachine.DatanodeStateMachine (DatanodeStateMachine.java:getEndPointTaskThreadPoolSize(279)) - Datanode State Machine Task Thread Pool size 2
2023-06-22 21:35:08,069 [main] INFO  volume.HddsVolume (HddsVolume.java:<init>(130)) - Creating HddsVolume: /home/runner/work/ozone/ozone/hadoop-ozone/integration-test/target/test-dir/MiniOzoneClusterImpl-00f3567e-e140-4cd7-bd5a-f6438c2bd6c1/datanode-4/data-0/containers/hdds of storage type : DISK capacity : 9223372036854775807
2023-06-22 21:35:08,069 [main] INFO  volume.MutableVolumeSet (MutableVolumeSet.java:initializeVolumeSet(175)) - Added Volume : /home/runner/work/ozone/ozone/hadoop-ozone/integration-test/target/test-dir/MiniOzoneClusterImpl-00f3567e-e140-4cd7-bd5a-f6438c2bd6c1/datanode-4/data-0/containers/hdds to VolumeSet
2023-06-22 21:35:08,069 [main] INFO  volume.ThrottledAsyncChecker (ThrottledAsyncChecker.java:schedule(141)) - Scheduling a check for /home/runner/work/ozone/ozone/hadoop-ozone/integration-test/target/test-dir/MiniOzoneClusterImpl-00f3567e-e140-4cd7-bd5a-f6438c2bd6c1/datanode-4/data-0/containers/hdds
2023-06-22 21:35:08,073 [main] INFO  volume.StorageVolumeChecker (StorageVolumeChecker.java:checkAllVolumes(202)) - Scheduled health check for volume /home/runner/work/ozone/ozone/hadoop-ozone/integration-test/target/test-dir/MiniOzoneClusterImpl-00f3567e-e140-4cd7-bd5a-f6438c2bd6c1/datanode-4/data-0/containers/hdds
2023-06-22 21:35:08,087 [main] INFO  volume.MutableVolumeSet (MutableVolumeSet.java:initializeVolumeSet(175)) - Added Volume : /home/runner/work/ozone/ozone/hadoop-ozone/integration-test/target/test-dir/MiniOzoneClusterImpl-00f3567e-e140-4cd7-bd5a-f6438c2bd6c1/datanode-4/data/ratis to VolumeSet
2023-06-22 21:35:08,087 [main] INFO  volume.ThrottledAsyncChecker (ThrottledAsyncChecker.java:schedule(141)) - Scheduling a check for /home/runner/work/ozone/ozone/hadoop-ozone/integration-test/target/test-dir/MiniOzoneClusterImpl-00f3567e-e140-4cd7-bd5a-f6438c2bd6c1/datanode-4/data/ratis
2023-06-22 21:35:08,088 [main] INFO  volume.StorageVolumeChecker (StorageVolumeChecker.java:checkAllVolumes(202)) - Scheduled health check for volume /home/runner/work/ozone/ozone/hadoop-ozone/integration-test/target/test-dir/MiniOzoneClusterImpl-00f3567e-e140-4cd7-bd5a-f6438c2bd6c1/datanode-4/data/ratis
2023-06-22 21:35:08,101 [Thread-210] INFO  ozoneimpl.ContainerReader (ContainerReader.java:readVolume(175)) - Finish verifying containers on volume /home/runner/work/ozone/ozone/hadoop-ozone/integration-test/target/test-dir/MiniOzoneClusterImpl-00f3567e-e140-4cd7-bd5a-f6438c2bd6c1/datanode-4/data-0/containers/hdds
2023-06-22 21:35:08,101 [main] INFO  ozoneimpl.OzoneContainer (OzoneContainer.java:buildContainerSet(316)) - Build ContainerSet costs 0s
2023-06-22 21:35:08,106 [main] INFO  server.RaftServer (ConfUtils.java:logGet(46)) - raft.rpc.type = GRPC (default)
2023-06-22 21:35:08,106 [main] INFO  grpc.GrpcConfigKeys (ConfUtils.java:logFallback(53)) - raft.grpc.admin.host = null (fallback to raft.grpc.server.host)
2023-06-22 21:35:08,106 [main] INFO  grpc.GrpcConfigKeys (ConfUtils.java:logGet(46)) - raft.grpc.admin.port = 15049 (custom)
2023-06-22 21:35:08,106 [main] INFO  grpc.GrpcConfigKeys (ConfUtils.java:logFallback(53)) - raft.grpc.client.host = null (fallback to raft.grpc.server.host)
2023-06-22 21:35:08,107 [main] INFO  grpc.GrpcConfigKeys (ConfUtils.java:logGet(46)) - raft.grpc.client.port = 15048 (custom)
2023-06-22 21:35:08,107 [main] INFO  grpc.GrpcConfigKeys (ConfUtils.java:logGet(46)) - raft.grpc.server.host = null (default)
2023-06-22 21:35:08,107 [main] INFO  grpc.GrpcConfigKeys (ConfUtils.java:logGet(46)) - raft.grpc.server.port = 15050 (custom)
2023-06-22 21:35:08,107 [main] INFO  server.GrpcService (ConfUtils.java:logGet(46)) - raft.grpc.message.size.max = 32MB (=33554432) (custom)
2023-06-22 21:35:08,107 [main] INFO  server.RaftServerConfigKeys (ConfUtils.java:logGet(46)) - raft.server.log.appender.buffer.byte-limit = 33554432 (custom)
2023-06-22 21:35:08,107 [main] INFO  server.GrpcService (ConfUtils.java:logGet(46)) - raft.grpc.flow.control.window = 5MB (=5242880) (custom)
2023-06-22 21:35:08,107 [main] INFO  server.RaftServerConfigKeys (ConfUtils.java:logGet(46)) - raft.server.rpc.request.timeout = 60s (custom)
2023-06-22 21:35:08,107 [main] INFO  grpc.GrpcConfigKeys (ConfUtils.java:logGet(46)) - raft.grpc.server.heartbeat.channel = true (default)
2023-06-22 21:35:08,108 [main] INFO  grpc.GrpcConfigKeys (ConfUtils.java:logGet(46)) - raft.grpc.server.async.request.thread.pool.cached = true (default)
2023-06-22 21:35:08,108 [main] INFO  grpc.GrpcConfigKeys (ConfUtils.java:logGet(46)) - raft.grpc.server.async.request.thread.pool.size = 32 (default)
2023-06-22 21:35:08,110 [main] INFO  impl.DataStreamServerImpl (ConfUtils.java:logGet(46)) - raft.datastream.type = NETTY (custom)
2023-06-22 21:35:08,111 [main] INFO  server.RaftServerConfigKeys (ConfUtils.java:logGet(46)) - raft.server.data-stream.async.request.thread.pool.cached = false (default)
2023-06-22 21:35:08,111 [main] INFO  server.RaftServerConfigKeys (ConfUtils.java:logGet(46)) - raft.server.data-stream.async.request.thread.pool.size = 20 (custom)
2023-06-22 21:35:08,111 [main] INFO  server.RaftServerConfigKeys (ConfUtils.java:logGet(46)) - raft.server.data-stream.async.write.thread.pool.size = 16 (default)
2023-06-22 21:35:08,111 [main] INFO  server.RaftServerConfigKeys (ConfUtils.java:logGet(46)) - raft.server.data-stream.client.pool.size = 10 (default)
2023-06-22 21:35:08,112 [main] INFO  netty.NettyConfigKeys$DataStream (ConfUtils.java:logGet(46)) - raft.netty.dataStream.server.use-epoll = false (default)
2023-06-22 21:35:08,112 [main] INFO  netty.NettyConfigKeys$DataStream (ConfUtils.java:logGet(46)) - raft.netty.dataStream.server.boss-group.size = 0 (default)
2023-06-22 21:35:08,112 [main] INFO  netty.NettyConfigKeys$DataStream (ConfUtils.java:logGet(46)) - raft.netty.dataStream.server.worker-group.size = 0 (default)
2023-06-22 21:35:08,113 [main] INFO  netty.NettyConfigKeys$DataStream (ConfUtils.java:logGet(46)) - raft.netty.dataStream.server.tls.conf = null (default)
2023-06-22 21:35:08,113 [main] INFO  netty.NettyConfigKeys$DataStream (ConfUtils.java:logGet(46)) - raft.netty.dataStream.host = null (default)
2023-06-22 21:35:08,113 [main] INFO  netty.NettyConfigKeys$DataStream (ConfUtils.java:logGet(46)) - raft.netty.dataStream.port = 15051 (custom)
2023-06-22 21:35:08,113 [main] INFO  server.RaftServerConfigKeys (ConfUtils.java:logGet(46)) - raft.server.threadpool.proxy.cached = true (default)
2023-06-22 21:35:08,114 [main] INFO  server.RaftServerConfigKeys (ConfUtils.java:logGet(46)) - raft.server.threadpool.proxy.size = 0 (default)
2023-06-22 21:35:08,114 [main] INFO  server.RaftServerConfigKeys (ConfUtils.java:logGet(46)) - raft.server.rpc.slowness.timeout = 300s (custom)
2023-06-22 21:35:08,114 [main] INFO  server.RaftServerConfigKeys (ConfUtils.java:logGet(46)) - raft.server.leaderelection.leader.step-down.wait-time = 10s (default)
2023-06-22 21:35:08,114 [main] INFO  server.RaftServerConfigKeys (ConfUtils.java:logGet(46)) - raft.server.storage.dir = [/home/runner/work/ozone/ozone/hadoop-ozone/integration-test/target/test-dir/MiniOzoneClusterImpl-00f3567e-e140-4cd7-bd5a-f6438c2bd6c1/datanode-4/data/ratis] (custom)
2023-06-22 21:35:08,124 [main] INFO  server.XceiverServerGrpc (XceiverServerGrpc.java:<init>(132)) - GrpcServer channel type EpollServerSocketChannel
2023-06-22 21:35:08,128 [main] INFO  replication.ReplicationSupervisor (ReplicationSupervisor.java:nodeStateUpdated(305)) - Node state updated to IN_SERVICE, scaling executor pool size to 10
2023-06-22 21:35:08,131 [e93313c7-0cf0-4fbd-b335-d67d16700e0a-NettyServerStreamRpc-bossGroup--thread1] INFO  logging.LoggingHandler (AbstractInternalLogger.java:log(148)) - [id: 0x9c52d8d3] REGISTERED
2023-06-22 21:35:08,131 [e93313c7-0cf0-4fbd-b335-d67d16700e0a-NettyServerStreamRpc-bossGroup--thread1] INFO  logging.LoggingHandler (AbstractInternalLogger.java:log(148)) - [id: 0x9c52d8d3] BIND: 0.0.0.0/0.0.0.0:15051
2023-06-22 21:35:08,131 [e93313c7-0cf0-4fbd-b335-d67d16700e0a-NettyServerStreamRpc-bossGroup--thread1] INFO  logging.LoggingHandler (AbstractInternalLogger.java:log(148)) - [id: 0x9c52d8d3, L:/0:0:0:0:0:0:0:0:15051] ACTIVE
2023-06-22 21:35:08,134 [main] INFO  http.BaseHttpServer (BaseHttpServer.java:newHttpServer2BuilderForOzone(224)) - Starting Web-server for hddsDatanode at: http://0.0.0.0:15045
2023-06-22 21:35:08,134 [main] INFO  http.BaseHttpServer (BaseHttpServer.java:<init>(111)) - Hadoop Security Enabled: false Ozone Security Enabled: false Ozone HTTP Security Enabled: false 
2023-06-22 21:35:08,137 [main] WARN  server.AuthenticationFilter (AuthenticationFilter.java:constructSecretProvider(240)) - Unable to initialize FileSignerSecretProvider, falling back to use random secrets. Reason: Could not read signature secret file: /home/runner/hadoop-http-auth-signature-secret
2023-06-22 21:35:08,138 [main] INFO  http.HttpRequestLog (HttpRequestLog.java:getRequestLog(86)) - Http request log for http.requests.hddsDatanode is not defined
2023-06-22 21:35:08,142 [main] INFO  http.HttpServer2 (HttpServer2.java:addGlobalFilter(1031)) - Added global filter 'safety' (class=org.apache.hadoop.hdds.server.http.HttpServer2$QuotingInputFilter)
2023-06-22 21:35:08,143 [main] INFO  http.HttpServer2 (HttpServer2.java:addFilter(1007)) - Added filter static_user_filter (class=org.apache.hadoop.http.lib.StaticUserWebFilter$StaticUserFilter) to context hddsDatanode
2023-06-22 21:35:08,143 [main] INFO  http.HttpServer2 (HttpServer2.java:addFilter(1015)) - Added filter static_user_filter (class=org.apache.hadoop.http.lib.StaticUserWebFilter$StaticUserFilter) to context static
2023-06-22 21:35:08,143 [main] INFO  http.HttpServer2 (HttpServer2.java:addFilter(1015)) - Added filter static_user_filter (class=org.apache.hadoop.http.lib.StaticUserWebFilter$StaticUserFilter) to context logs
2023-06-22 21:35:08,148 [main] INFO  http.BaseHttpServer (BaseHttpServer.java:<init>(190)) - HTTP server of hddsDatanode uses base directory /home/runner/work/ozone/ozone/hadoop-ozone/integration-test/target/test-dir/MiniOzoneClusterImpl-00f3567e-e140-4cd7-bd5a-f6438c2bd6c1/datanode-4/meta/webserver
2023-06-22 21:35:08,148 [main] INFO  http.HttpServer2 (HttpServer2.java:bindListener(1250)) - Jetty bound to port 15045
2023-06-22 21:35:08,148 [main] INFO  server.Server (Server.java:doStart(375)) - jetty-9.4.51.v20230217; built: 2023-02-17T08:19:37.309Z; git: b45c405e4544384de066f814ed42ae3dceacdd49; jvm 1.8.0_372-b07
2023-06-22 21:35:08,150 [main] INFO  server.session (DefaultSessionIdManager.java:doStart(334)) - DefaultSessionIdManager workerName=node0
2023-06-22 21:35:08,150 [main] INFO  server.session (DefaultSessionIdManager.java:doStart(339)) - No SessionScavenger set, using defaults
2023-06-22 21:35:08,150 [main] INFO  server.session (HouseKeeper.java:startScavenging(132)) - node0 Scavenging every 660000ms
2023-06-22 21:35:08,151 [main] INFO  handler.ContextHandler (ContextHandler.java:doStart(921)) - Started o.e.j.s.ServletContextHandler@7bbce84a{logs,/logs,file:///home/runner/work/ozone/ozone/hadoop-ozone/integration-test/target/log,AVAILABLE}
2023-06-22 21:35:08,152 [main] INFO  handler.ContextHandler (ContextHandler.java:doStart(921)) - Started o.e.j.s.ServletContextHandler@53dfbc8{static,/static,jar:file:/home/runner/.m2/repository/org/apache/ozone/hdds-container-service/1.4.0-SNAPSHOT/hdds-container-service-1.4.0-SNAPSHOT.jar!/webapps/static,AVAILABLE}
2023-06-22 21:35:08,396 [main] INFO  handler.ContextHandler (ContextHandler.java:doStart(921)) - Started o.e.j.w.WebAppContext@2e115c27{hddsDatanode,/,file:///home/runner/work/ozone/ozone/hadoop-ozone/integration-test/target/test-dir/MiniOzoneClusterImpl-00f3567e-e140-4cd7-bd5a-f6438c2bd6c1/datanode-4/meta/webserver/jetty-0_0_0_0-15045-hdds-container-service-1_4_0-SNAPSHOT_jar-_-any-2309906734141834543/webapp/,AVAILABLE}{jar:file:/home/runner/.m2/repository/org/apache/ozone/hdds-container-service/1.4.0-SNAPSHOT/hdds-container-service-1.4.0-SNAPSHOT.jar!/webapps/hddsDatanode}
2023-06-22 21:35:08,398 [main] INFO  server.AbstractConnector (AbstractConnector.java:doStart(333)) - Started ServerConnector@1efc516f{HTTP/1.1, (http/1.1)}{0.0.0.0:15045}
2023-06-22 21:35:08,398 [main] INFO  server.Server (Server.java:doStart(415)) - Started @12191ms
2023-06-22 21:35:08,398 [main] WARN  impl.MetricsSystemImpl (MetricsSystemImpl.java:register(279)) - Sink prometheus already exists!
2023-06-22 21:35:08,402 [main] INFO  http.BaseHttpServer (BaseHttpServer.java:updateConnectorAddress(344)) - HTTP server of hddsDatanode listening at http://0.0.0.0:15045
2023-06-22 21:35:08,402 [main] INFO  ipc.CallQueueManager (CallQueueManager.java:<init>(90)) - Using callQueue: class java.util.concurrent.LinkedBlockingQueue, queueCapacity: 100, scheduler: class org.apache.hadoop.ipc.DefaultRpcScheduler, ipcBackoff: false.
2023-06-22 21:35:08,403 [Socket Reader #1 for port 15046] INFO  ipc.Server (Server.java:run(1319)) - Starting Socket Reader #1 for port 15046
2023-06-22 21:35:08,409 [Listener at 0.0.0.0/15046] INFO  hdds.HddsUtils (HddsUtils.java:preserveThreadName(848)) - Restoring thread name: main
2023-06-22 21:35:08,410 [main] INFO  ozone.HddsDatanodeService (HddsDatanodeService.java:start(335)) - Datanode start with admins: [runner]
2023-06-22 21:35:08,410 [main] INFO  ozone.HddsDatanodeClientProtocolServer (HddsDatanodeClientProtocolServer.java:start(72)) - RPC server for Client /0.0.0.0:15046
2023-06-22 21:35:08,413 [IPC Server Responder] INFO  ipc.Server (Server.java:run(1558)) - IPC Server Responder: starting
2023-06-22 21:35:08,413 [IPC Server listener on 15046] INFO  ipc.Server (Server.java:run(1398)) - IPC Server listener on 15046: starting
2023-06-22 21:35:08,415 [main] INFO  ozone.MiniOzoneClusterImpl (MiniOzoneClusterImpl.java:lambda$waitForClusterToBeReady$0(224)) - Waiting for nodes to be ready. Got 0 of 5 DN Heartbeats.
2023-06-22 21:35:08,415 [main] INFO  ozone.MiniOzoneClusterImpl (MiniOzoneClusterImpl.java:lambda$waitForClusterToBeReady$0(227)) - Waiting for cluster to exit safe mode
2023-06-22 21:35:08,415 [main] INFO  ozone.MiniOzoneClusterImpl (MiniOzoneClusterImpl.java:lambda$waitForClusterToBeReady$0(229)) - SCM became leader
2023-06-22 21:35:08,417 [Datanode State Machine Daemon Thread] INFO  statemachine.DatanodeStateMachine (DatanodeStateMachine.java:lambda$startDaemon$0(531)) - Ozone container server started.
2023-06-22 21:35:08,422 [Datanode State Machine Task Thread - 0] INFO  datanode.InitDatanodeState (InitDatanodeState.java:persistContainerDatanodeDetails(138)) - DatanodeDetails is persisted to /home/runner/work/ozone/ozone/hadoop-ozone/integration-test/target/test-dir/MiniOzoneClusterImpl-00f3567e-e140-4cd7-bd5a-f6438c2bd6c1/datanode-4/meta/datanode.id
2023-06-22 21:35:08,825 [EndpointStateMachine task thread for /0.0.0.0:15002 - 0 ] INFO  utils.DatanodeStoreCache (DatanodeStoreCache.java:addDB(66)) - Added db /home/runner/work/ozone/ozone/hadoop-ozone/integration-test/target/test-dir/MiniOzoneClusterImpl-00f3567e-e140-4cd7-bd5a-f6438c2bd6c1/datanode-0/data-0/containers/hdds/00f3567e-e140-4cd7-bd5a-f6438c2bd6c1/DS-2d24a55a-9996-4d6b-a253-1100bdb68c7d/container.db to cache
2023-06-22 21:35:08,826 [EndpointStateMachine task thread for /0.0.0.0:15002 - 0 ] INFO  volume.HddsVolume (HddsVolume.java:createDbStore(350)) - SchemaV3 db is created and loaded at /home/runner/work/ozone/ozone/hadoop-ozone/integration-test/target/test-dir/MiniOzoneClusterImpl-00f3567e-e140-4cd7-bd5a-f6438c2bd6c1/datanode-0/data-0/containers/hdds/00f3567e-e140-4cd7-bd5a-f6438c2bd6c1/DS-2d24a55a-9996-4d6b-a253-1100bdb68c7d/container.db for volume DS-2d24a55a-9996-4d6b-a253-1100bdb68c7d
2023-06-22 21:35:08,828 [EndpointStateMachine task thread for /0.0.0.0:15002 - 0 ] INFO  ozoneimpl.OzoneContainer (OzoneContainer.java:start(411)) - Attempting to start container services.
2023-06-22 21:35:08,831 [EndpointStateMachine task thread for /0.0.0.0:15002 - 0 ] INFO  ozoneimpl.OzoneContainer (OzoneContainer.java:startContainerScrub(327)) - Scheduled background container scanners and the on-demand container scanner have been disabled.
2023-06-22 21:35:08,833 [EndpointStateMachine task thread for /0.0.0.0:15002 - 0 ] INFO  replication.ReplicationServer (ReplicationServer.java:start(128)) - ReplicationServer is started using port 15016
2023-06-22 21:35:08,833 [EndpointStateMachine task thread for /0.0.0.0:15002 - 0 ] INFO  ratis.XceiverServerRatis (XceiverServerRatis.java:start(517)) - Starting XceiverServerRatis 45e724c1-f4a6-4405-a7cb-dfa9f2e55867
2023-06-22 21:35:08,841 [EndpointStateMachine task thread for /0.0.0.0:15002 - 0 ] INFO  server.RaftServer (RaftServerProxy.java:startImpl(400)) - 45e724c1-f4a6-4405-a7cb-dfa9f2e55867: start RPC server
2023-06-22 21:35:08,844 [EndpointStateMachine task thread for /0.0.0.0:15002 - 0 ] INFO  server.GrpcService (GrpcService.java:startImpl(302)) - 45e724c1-f4a6-4405-a7cb-dfa9f2e55867: GrpcService started, listening on 15012
2023-06-22 21:35:08,847 [EndpointStateMachine task thread for /0.0.0.0:15002 - 0 ] INFO  server.GrpcService (GrpcService.java:startImpl(302)) - 45e724c1-f4a6-4405-a7cb-dfa9f2e55867: GrpcService started, listening on 15014
2023-06-22 21:35:08,848 [EndpointStateMachine task thread for /0.0.0.0:15002 - 0 ] INFO  server.GrpcService (GrpcService.java:startImpl(302)) - 45e724c1-f4a6-4405-a7cb-dfa9f2e55867: GrpcService started, listening on 15013
2023-06-22 21:35:08,849 [EndpointStateMachine task thread for /0.0.0.0:15002 - 0 ] INFO  ratis.XceiverServerRatis (XceiverServerRatis.java:getRealPort(543)) - XceiverServerRatis 45e724c1-f4a6-4405-a7cb-dfa9f2e55867 is started using port 15012 for RATIS
2023-06-22 21:35:08,849 [EndpointStateMachine task thread for /0.0.0.0:15002 - 0 ] INFO  ratis.XceiverServerRatis (XceiverServerRatis.java:getRealPort(543)) - XceiverServerRatis 45e724c1-f4a6-4405-a7cb-dfa9f2e55867 is started using port 15013 for RATIS_ADMIN
2023-06-22 21:35:08,849 [EndpointStateMachine task thread for /0.0.0.0:15002 - 0 ] INFO  ratis.XceiverServerRatis (XceiverServerRatis.java:getRealPort(543)) - XceiverServerRatis 45e724c1-f4a6-4405-a7cb-dfa9f2e55867 is started using port 15014 for RATIS_SERVER
2023-06-22 21:35:08,849 [EndpointStateMachine task thread for /0.0.0.0:15002 - 0 ] INFO  ratis.XceiverServerRatis (XceiverServerRatis.java:getRealPort(543)) - XceiverServerRatis 45e724c1-f4a6-4405-a7cb-dfa9f2e55867 is started using port 15015 for RATIS_DATASTREAM
2023-06-22 21:35:08,850 [JvmPauseMonitor2] INFO  util.JvmPauseMonitor (JvmPauseMonitor.java:run(103)) - JvmPauseMonitor-45e724c1-f4a6-4405-a7cb-dfa9f2e55867: Started
2023-06-22 21:35:08,868 [BlockDeletingService#0] INFO  interfaces.ContainerDeletionChoosingPolicyTemplate (ContainerDeletionChoosingPolicyTemplate.java:chooseContainerForBlockDeletion(83)) - Chosen 0/5000 blocks from 0 candidate containers.
2023-06-22 21:35:09,283 [EndpointStateMachine task thread for /0.0.0.0:15002 - 0 ] INFO  utils.DatanodeStoreCache (DatanodeStoreCache.java:addDB(66)) - Added db /home/runner/work/ozone/ozone/hadoop-ozone/integration-test/target/test-dir/MiniOzoneClusterImpl-00f3567e-e140-4cd7-bd5a-f6438c2bd6c1/datanode-1/data-0/containers/hdds/00f3567e-e140-4cd7-bd5a-f6438c2bd6c1/DS-ec6c3047-34f0-4662-b391-2d5f99848c1d/container.db to cache
2023-06-22 21:35:09,284 [EndpointStateMachine task thread for /0.0.0.0:15002 - 0 ] INFO  volume.HddsVolume (HddsVolume.java:createDbStore(350)) - SchemaV3 db is created and loaded at /home/runner/work/ozone/ozone/hadoop-ozone/integration-test/target/test-dir/MiniOzoneClusterImpl-00f3567e-e140-4cd7-bd5a-f6438c2bd6c1/datanode-1/data-0/containers/hdds/00f3567e-e140-4cd7-bd5a-f6438c2bd6c1/DS-ec6c3047-34f0-4662-b391-2d5f99848c1d/container.db for volume DS-ec6c3047-34f0-4662-b391-2d5f99848c1d
2023-06-22 21:35:09,285 [EndpointStateMachine task thread for /0.0.0.0:15002 - 0 ] INFO  ozoneimpl.OzoneContainer (OzoneContainer.java:start(411)) - Attempting to start container services.
2023-06-22 21:35:09,285 [EndpointStateMachine task thread for /0.0.0.0:15002 - 0 ] INFO  ozoneimpl.OzoneContainer (OzoneContainer.java:startContainerScrub(327)) - Scheduled background container scanners and the on-demand container scanner have been disabled.
2023-06-22 21:35:09,288 [EndpointStateMachine task thread for /0.0.0.0:15002 - 0 ] INFO  replication.ReplicationServer (ReplicationServer.java:start(128)) - ReplicationServer is started using port 15025
2023-06-22 21:35:09,288 [EndpointStateMachine task thread for /0.0.0.0:15002 - 0 ] INFO  ratis.XceiverServerRatis (XceiverServerRatis.java:start(517)) - Starting XceiverServerRatis 84a824f3-7f5d-4f33-8f93-63e849b7c227
2023-06-22 21:35:09,289 [EndpointStateMachine task thread for /0.0.0.0:15002 - 0 ] INFO  server.RaftServer (RaftServerProxy.java:startImpl(400)) - 84a824f3-7f5d-4f33-8f93-63e849b7c227: start RPC server
2023-06-22 21:35:09,295 [EndpointStateMachine task thread for /0.0.0.0:15002 - 0 ] INFO  server.GrpcService (GrpcService.java:startImpl(302)) - 84a824f3-7f5d-4f33-8f93-63e849b7c227: GrpcService started, listening on 15021
2023-06-22 21:35:09,296 [EndpointStateMachine task thread for /0.0.0.0:15002 - 0 ] INFO  server.GrpcService (GrpcService.java:startImpl(302)) - 84a824f3-7f5d-4f33-8f93-63e849b7c227: GrpcService started, listening on 15023
2023-06-22 21:35:09,300 [EndpointStateMachine task thread for /0.0.0.0:15002 - 0 ] INFO  server.GrpcService (GrpcService.java:startImpl(302)) - 84a824f3-7f5d-4f33-8f93-63e849b7c227: GrpcService started, listening on 15022
2023-06-22 21:35:09,300 [EndpointStateMachine task thread for /0.0.0.0:15002 - 0 ] INFO  ratis.XceiverServerRatis (XceiverServerRatis.java:getRealPort(543)) - XceiverServerRatis 84a824f3-7f5d-4f33-8f93-63e849b7c227 is started using port 15021 for RATIS
2023-06-22 21:35:09,300 [EndpointStateMachine task thread for /0.0.0.0:15002 - 0 ] INFO  ratis.XceiverServerRatis (XceiverServerRatis.java:getRealPort(543)) - XceiverServerRatis 84a824f3-7f5d-4f33-8f93-63e849b7c227 is started using port 15022 for RATIS_ADMIN
2023-06-22 21:35:09,300 [JvmPauseMonitor3] INFO  util.JvmPauseMonitor (JvmPauseMonitor.java:run(103)) - JvmPauseMonitor-84a824f3-7f5d-4f33-8f93-63e849b7c227: Started
2023-06-22 21:35:09,300 [EndpointStateMachine task thread for /0.0.0.0:15002 - 0 ] INFO  ratis.XceiverServerRatis (XceiverServerRatis.java:getRealPort(543)) - XceiverServerRatis 84a824f3-7f5d-4f33-8f93-63e849b7c227 is started using port 15023 for RATIS_SERVER
2023-06-22 21:35:09,301 [EndpointStateMachine task thread for /0.0.0.0:15002 - 0 ] INFO  ratis.XceiverServerRatis (XceiverServerRatis.java:getRealPort(543)) - XceiverServerRatis 84a824f3-7f5d-4f33-8f93-63e849b7c227 is started using port 15024 for RATIS_DATASTREAM
2023-06-22 21:35:09,310 [BlockDeletingService#0] INFO  interfaces.ContainerDeletionChoosingPolicyTemplate (ContainerDeletionChoosingPolicyTemplate.java:chooseContainerForBlockDeletion(83)) - Chosen 0/5000 blocks from 0 candidate containers.
2023-06-22 21:35:09,416 [main] INFO  ozone.MiniOzoneClusterImpl (MiniOzoneClusterImpl.java:lambda$waitForClusterToBeReady$0(224)) - Waiting for nodes to be ready. Got 0 of 5 DN Heartbeats.
2023-06-22 21:35:09,416 [main] INFO  ozone.MiniOzoneClusterImpl (MiniOzoneClusterImpl.java:lambda$waitForClusterToBeReady$0(227)) - Waiting for cluster to exit safe mode
2023-06-22 21:35:09,416 [main] INFO  ozone.MiniOzoneClusterImpl (MiniOzoneClusterImpl.java:lambda$waitForClusterToBeReady$0(229)) - SCM became leader
2023-06-22 21:35:09,666 [EndpointStateMachine task thread for /0.0.0.0:15002 - 0 ] INFO  utils.DatanodeStoreCache (DatanodeStoreCache.java:addDB(66)) - Added db /home/runner/work/ozone/ozone/hadoop-ozone/integration-test/target/test-dir/MiniOzoneClusterImpl-00f3567e-e140-4cd7-bd5a-f6438c2bd6c1/datanode-2/data-0/containers/hdds/00f3567e-e140-4cd7-bd5a-f6438c2bd6c1/DS-b556962a-a841-42fe-a724-17724c241f7b/container.db to cache
2023-06-22 21:35:09,666 [EndpointStateMachine task thread for /0.0.0.0:15002 - 0 ] INFO  volume.HddsVolume (HddsVolume.java:createDbStore(350)) - SchemaV3 db is created and loaded at /home/runner/work/ozone/ozone/hadoop-ozone/integration-test/target/test-dir/MiniOzoneClusterImpl-00f3567e-e140-4cd7-bd5a-f6438c2bd6c1/datanode-2/data-0/containers/hdds/00f3567e-e140-4cd7-bd5a-f6438c2bd6c1/DS-b556962a-a841-42fe-a724-17724c241f7b/container.db for volume DS-b556962a-a841-42fe-a724-17724c241f7b
2023-06-22 21:35:09,667 [EndpointStateMachine task thread for /0.0.0.0:15002 - 0 ] INFO  ozoneimpl.OzoneContainer (OzoneContainer.java:start(411)) - Attempting to start container services.
2023-06-22 21:35:09,667 [EndpointStateMachine task thread for /0.0.0.0:15002 - 0 ] INFO  ozoneimpl.OzoneContainer (OzoneContainer.java:startContainerScrub(327)) - Scheduled background container scanners and the on-demand container scanner have been disabled.
2023-06-22 21:35:09,669 [EndpointStateMachine task thread for /0.0.0.0:15002 - 0 ] INFO  replication.ReplicationServer (ReplicationServer.java:start(128)) - ReplicationServer is started using port 15034
2023-06-22 21:35:09,670 [EndpointStateMachine task thread for /0.0.0.0:15002 - 0 ] INFO  ratis.XceiverServerRatis (XceiverServerRatis.java:start(517)) - Starting XceiverServerRatis 470642db-8038-41e5-a5f3-81d987be2f99
2023-06-22 21:35:09,670 [EndpointStateMachine task thread for /0.0.0.0:15002 - 0 ] INFO  server.RaftServer (RaftServerProxy.java:startImpl(400)) - 470642db-8038-41e5-a5f3-81d987be2f99: start RPC server
2023-06-22 21:35:09,677 [EndpointStateMachine task thread for /0.0.0.0:15002 - 0 ] INFO  server.GrpcService (GrpcService.java:startImpl(302)) - 470642db-8038-41e5-a5f3-81d987be2f99: GrpcService started, listening on 15030
2023-06-22 21:35:09,678 [EndpointStateMachine task thread for /0.0.0.0:15002 - 0 ] INFO  server.GrpcService (GrpcService.java:startImpl(302)) - 470642db-8038-41e5-a5f3-81d987be2f99: GrpcService started, listening on 15032
2023-06-22 21:35:09,681 [EndpointStateMachine task thread for /0.0.0.0:15002 - 0 ] INFO  server.GrpcService (GrpcService.java:startImpl(302)) - 470642db-8038-41e5-a5f3-81d987be2f99: GrpcService started, listening on 15031
2023-06-22 21:35:09,681 [EndpointStateMachine task thread for /0.0.0.0:15002 - 0 ] INFO  ratis.XceiverServerRatis (XceiverServerRatis.java:getRealPort(543)) - XceiverServerRatis 470642db-8038-41e5-a5f3-81d987be2f99 is started using port 15030 for RATIS
2023-06-22 21:35:09,681 [EndpointStateMachine task thread for /0.0.0.0:15002 - 0 ] INFO  ratis.XceiverServerRatis (XceiverServerRatis.java:getRealPort(543)) - XceiverServerRatis 470642db-8038-41e5-a5f3-81d987be2f99 is started using port 15031 for RATIS_ADMIN
2023-06-22 21:35:09,681 [EndpointStateMachine task thread for /0.0.0.0:15002 - 0 ] INFO  ratis.XceiverServerRatis (XceiverServerRatis.java:getRealPort(543)) - XceiverServerRatis 470642db-8038-41e5-a5f3-81d987be2f99 is started using port 15032 for RATIS_SERVER
2023-06-22 21:35:09,681 [EndpointStateMachine task thread for /0.0.0.0:15002 - 0 ] INFO  ratis.XceiverServerRatis (XceiverServerRatis.java:getRealPort(543)) - XceiverServerRatis 470642db-8038-41e5-a5f3-81d987be2f99 is started using port 15033 for RATIS_DATASTREAM
2023-06-22 21:35:09,682 [JvmPauseMonitor4] INFO  util.JvmPauseMonitor (JvmPauseMonitor.java:run(103)) - JvmPauseMonitor-470642db-8038-41e5-a5f3-81d987be2f99: Started
2023-06-22 21:35:09,695 [BlockDeletingService#0] INFO  interfaces.ContainerDeletionChoosingPolicyTemplate (ContainerDeletionChoosingPolicyTemplate.java:chooseContainerForBlockDeletion(83)) - Chosen 0/5000 blocks from 0 candidate containers.
2023-06-22 21:35:10,083 [EndpointStateMachine task thread for /0.0.0.0:15002 - 0 ] INFO  utils.DatanodeStoreCache (DatanodeStoreCache.java:addDB(66)) - Added db /home/runner/work/ozone/ozone/hadoop-ozone/integration-test/target/test-dir/MiniOzoneClusterImpl-00f3567e-e140-4cd7-bd5a-f6438c2bd6c1/datanode-3/data-0/containers/hdds/00f3567e-e140-4cd7-bd5a-f6438c2bd6c1/DS-16c1d27e-f7ab-4290-a24c-5d57ad8b5c13/container.db to cache
2023-06-22 21:35:10,083 [EndpointStateMachine task thread for /0.0.0.0:15002 - 0 ] INFO  volume.HddsVolume (HddsVolume.java:createDbStore(350)) - SchemaV3 db is created and loaded at /home/runner/work/ozone/ozone/hadoop-ozone/integration-test/target/test-dir/MiniOzoneClusterImpl-00f3567e-e140-4cd7-bd5a-f6438c2bd6c1/datanode-3/data-0/containers/hdds/00f3567e-e140-4cd7-bd5a-f6438c2bd6c1/DS-16c1d27e-f7ab-4290-a24c-5d57ad8b5c13/container.db for volume DS-16c1d27e-f7ab-4290-a24c-5d57ad8b5c13
2023-06-22 21:35:10,083 [EndpointStateMachine task thread for /0.0.0.0:15002 - 0 ] INFO  ozoneimpl.OzoneContainer (OzoneContainer.java:start(411)) - Attempting to start container services.
2023-06-22 21:35:10,084 [EndpointStateMachine task thread for /0.0.0.0:15002 - 0 ] INFO  ozoneimpl.OzoneContainer (OzoneContainer.java:startContainerScrub(327)) - Scheduled background container scanners and the on-demand container scanner have been disabled.
2023-06-22 21:35:10,088 [EndpointStateMachine task thread for /0.0.0.0:15002 - 0 ] INFO  replication.ReplicationServer (ReplicationServer.java:start(128)) - ReplicationServer is started using port 15043
2023-06-22 21:35:10,088 [EndpointStateMachine task thread for /0.0.0.0:15002 - 0 ] INFO  ratis.XceiverServerRatis (XceiverServerRatis.java:start(517)) - Starting XceiverServerRatis 4917f783-1696-4d8b-b9da-38da8f9791cf
2023-06-22 21:35:10,093 [EndpointStateMachine task thread for /0.0.0.0:15002 - 0 ] INFO  server.RaftServer (RaftServerProxy.java:startImpl(400)) - 4917f783-1696-4d8b-b9da-38da8f9791cf: start RPC server
2023-06-22 21:35:10,099 [EndpointStateMachine task thread for /0.0.0.0:15002 - 0 ] INFO  server.GrpcService (GrpcService.java:startImpl(302)) - 4917f783-1696-4d8b-b9da-38da8f9791cf: GrpcService started, listening on 15039
2023-06-22 21:35:10,101 [EndpointStateMachine task thread for /0.0.0.0:15002 - 0 ] INFO  server.GrpcService (GrpcService.java:startImpl(302)) - 4917f783-1696-4d8b-b9da-38da8f9791cf: GrpcService started, listening on 15041
2023-06-22 21:35:10,105 [EndpointStateMachine task thread for /0.0.0.0:15002 - 0 ] INFO  server.GrpcService (GrpcService.java:startImpl(302)) - 4917f783-1696-4d8b-b9da-38da8f9791cf: GrpcService started, listening on 15040
2023-06-22 21:35:10,105 [EndpointStateMachine task thread for /0.0.0.0:15002 - 0 ] INFO  ratis.XceiverServerRatis (XceiverServerRatis.java:getRealPort(543)) - XceiverServerRatis 4917f783-1696-4d8b-b9da-38da8f9791cf is started using port 15039 for RATIS
2023-06-22 21:35:10,106 [JvmPauseMonitor5] INFO  util.JvmPauseMonitor (JvmPauseMonitor.java:run(103)) - JvmPauseMonitor-4917f783-1696-4d8b-b9da-38da8f9791cf: Started
2023-06-22 21:35:10,106 [EndpointStateMachine task thread for /0.0.0.0:15002 - 0 ] INFO  ratis.XceiverServerRatis (XceiverServerRatis.java:getRealPort(543)) - XceiverServerRatis 4917f783-1696-4d8b-b9da-38da8f9791cf is started using port 15040 for RATIS_ADMIN
2023-06-22 21:35:10,106 [EndpointStateMachine task thread for /0.0.0.0:15002 - 0 ] INFO  ratis.XceiverServerRatis (XceiverServerRatis.java:getRealPort(543)) - XceiverServerRatis 4917f783-1696-4d8b-b9da-38da8f9791cf is started using port 15041 for RATIS_SERVER
2023-06-22 21:35:10,106 [EndpointStateMachine task thread for /0.0.0.0:15002 - 0 ] INFO  ratis.XceiverServerRatis (XceiverServerRatis.java:getRealPort(543)) - XceiverServerRatis 4917f783-1696-4d8b-b9da-38da8f9791cf is started using port 15042 for RATIS_DATASTREAM
2023-06-22 21:35:10,113 [BlockDeletingService#0] INFO  interfaces.ContainerDeletionChoosingPolicyTemplate (ContainerDeletionChoosingPolicyTemplate.java:chooseContainerForBlockDeletion(83)) - Chosen 0/5000 blocks from 0 candidate containers.
2023-06-22 21:35:10,416 [main] INFO  ozone.MiniOzoneClusterImpl (MiniOzoneClusterImpl.java:lambda$waitForClusterToBeReady$0(224)) - Waiting for nodes to be ready. Got 0 of 5 DN Heartbeats.
2023-06-22 21:35:10,417 [main] INFO  ozone.MiniOzoneClusterImpl (MiniOzoneClusterImpl.java:lambda$waitForClusterToBeReady$0(227)) - Waiting for cluster to exit safe mode
2023-06-22 21:35:10,417 [main] INFO  ozone.MiniOzoneClusterImpl (MiniOzoneClusterImpl.java:lambda$waitForClusterToBeReady$0(229)) - SCM became leader
2023-06-22 21:35:10,464 [EndpointStateMachine task thread for /0.0.0.0:15002 - 0 ] INFO  utils.DatanodeStoreCache (DatanodeStoreCache.java:addDB(66)) - Added db /home/runner/work/ozone/ozone/hadoop-ozone/integration-test/target/test-dir/MiniOzoneClusterImpl-00f3567e-e140-4cd7-bd5a-f6438c2bd6c1/datanode-4/data-0/containers/hdds/00f3567e-e140-4cd7-bd5a-f6438c2bd6c1/DS-cbb2d087-41eb-4e67-8752-aa1728abc532/container.db to cache
2023-06-22 21:35:10,465 [EndpointStateMachine task thread for /0.0.0.0:15002 - 0 ] INFO  volume.HddsVolume (HddsVolume.java:createDbStore(350)) - SchemaV3 db is created and loaded at /home/runner/work/ozone/ozone/hadoop-ozone/integration-test/target/test-dir/MiniOzoneClusterImpl-00f3567e-e140-4cd7-bd5a-f6438c2bd6c1/datanode-4/data-0/containers/hdds/00f3567e-e140-4cd7-bd5a-f6438c2bd6c1/DS-cbb2d087-41eb-4e67-8752-aa1728abc532/container.db for volume DS-cbb2d087-41eb-4e67-8752-aa1728abc532
2023-06-22 21:35:10,465 [EndpointStateMachine task thread for /0.0.0.0:15002 - 0 ] INFO  ozoneimpl.OzoneContainer (OzoneContainer.java:start(411)) - Attempting to start container services.
2023-06-22 21:35:10,465 [EndpointStateMachine task thread for /0.0.0.0:15002 - 0 ] INFO  ozoneimpl.OzoneContainer (OzoneContainer.java:startContainerScrub(327)) - Scheduled background container scanners and the on-demand container scanner have been disabled.
2023-06-22 21:35:10,467 [EndpointStateMachine task thread for /0.0.0.0:15002 - 0 ] INFO  replication.ReplicationServer (ReplicationServer.java:start(128)) - ReplicationServer is started using port 15052
2023-06-22 21:35:10,468 [EndpointStateMachine task thread for /0.0.0.0:15002 - 0 ] INFO  ratis.XceiverServerRatis (XceiverServerRatis.java:start(517)) - Starting XceiverServerRatis e93313c7-0cf0-4fbd-b335-d67d16700e0a
2023-06-22 21:35:10,468 [EndpointStateMachine task thread for /0.0.0.0:15002 - 0 ] INFO  server.RaftServer (RaftServerProxy.java:startImpl(400)) - e93313c7-0cf0-4fbd-b335-d67d16700e0a: start RPC server
2023-06-22 21:35:10,470 [EndpointStateMachine task thread for /0.0.0.0:15002 - 0 ] INFO  server.GrpcService (GrpcService.java:startImpl(302)) - e93313c7-0cf0-4fbd-b335-d67d16700e0a: GrpcService started, listening on 15048
2023-06-22 21:35:10,471 [EndpointStateMachine task thread for /0.0.0.0:15002 - 0 ] INFO  server.GrpcService (GrpcService.java:startImpl(302)) - e93313c7-0cf0-4fbd-b335-d67d16700e0a: GrpcService started, listening on 15050
2023-06-22 21:35:10,474 [EndpointStateMachine task thread for /0.0.0.0:15002 - 0 ] INFO  server.GrpcService (GrpcService.java:startImpl(302)) - e93313c7-0cf0-4fbd-b335-d67d16700e0a: GrpcService started, listening on 15049
2023-06-22 21:35:10,474 [EndpointStateMachine task thread for /0.0.0.0:15002 - 0 ] INFO  ratis.XceiverServerRatis (XceiverServerRatis.java:getRealPort(543)) - XceiverServerRatis e93313c7-0cf0-4fbd-b335-d67d16700e0a is started using port 15048 for RATIS
2023-06-22 21:35:10,474 [JvmPauseMonitor6] INFO  util.JvmPauseMonitor (JvmPauseMonitor.java:run(103)) - JvmPauseMonitor-e93313c7-0cf0-4fbd-b335-d67d16700e0a: Started
2023-06-22 21:35:10,474 [EndpointStateMachine task thread for /0.0.0.0:15002 - 0 ] INFO  ratis.XceiverServerRatis (XceiverServerRatis.java:getRealPort(543)) - XceiverServerRatis e93313c7-0cf0-4fbd-b335-d67d16700e0a is started using port 15049 for RATIS_ADMIN
2023-06-22 21:35:10,475 [EndpointStateMachine task thread for /0.0.0.0:15002 - 0 ] INFO  ratis.XceiverServerRatis (XceiverServerRatis.java:getRealPort(543)) - XceiverServerRatis e93313c7-0cf0-4fbd-b335-d67d16700e0a is started using port 15050 for RATIS_SERVER
2023-06-22 21:35:10,475 [EndpointStateMachine task thread for /0.0.0.0:15002 - 0 ] INFO  ratis.XceiverServerRatis (XceiverServerRatis.java:getRealPort(543)) - XceiverServerRatis e93313c7-0cf0-4fbd-b335-d67d16700e0a is started using port 15051 for RATIS_DATASTREAM
2023-06-22 21:35:10,482 [BlockDeletingService#0] INFO  interfaces.ContainerDeletionChoosingPolicyTemplate (ContainerDeletionChoosingPolicyTemplate.java:chooseContainerForBlockDeletion(83)) - Chosen 0/5000 blocks from 0 candidate containers.
2023-06-22 21:35:10,715 [IPC Server handler 19 on default port 15002] INFO  net.NetworkTopologyImpl (NetworkTopologyImpl.java:add(112)) - Added a new node: /default-rack/45e724c1-f4a6-4405-a7cb-dfa9f2e55867
2023-06-22 21:35:10,718 [IPC Server handler 19 on default port 15002] INFO  node.SCMNodeManager (SCMNodeManager.java:register(406)) - Registered Data node : 45e724c1-f4a6-4405-a7cb-dfa9f2e55867{ip: 10.1.1.69, host: fv-az504-135, ports: [HTTP=15009, CLIENT_RPC=15010, REPLICATION=15016, RATIS=15012, RATIS_ADMIN=15013, RATIS_SERVER=15014, RATIS_DATASTREAM=15015, STANDALONE=15011], networkLocation: /default-rack, certSerialId: null, persistedOpState: null, persistedOpStateExpiryEpochSec: 0}
2023-06-22 21:35:10,728 [EventQueue-NewNodeForNewNodeHandler] INFO  pipeline.BackgroundPipelineCreator (BackgroundPipelineCreator.java:notifyEventTriggered(276)) - trigger a one-shot run on RatisPipelineUtilsThread.
2023-06-22 21:35:10,735 [RatisPipelineUtilsThread - 0] INFO  pipeline.RatisPipelineProvider (RatisPipelineProvider.java:lambda$create$0(206)) - Sending CreatePipelineCommand for pipeline:PipelineID=9738aa18-fd40-4528-a6bb-a5e06d3f0768 to datanode:45e724c1-f4a6-4405-a7cb-dfa9f2e55867
2023-06-22 21:35:10,736 [EventQueue-NodeRegistrationContainerReportForContainerSafeModeRule] INFO  safemode.SCMSafeModeManager (SCMSafeModeManager.java:validateSafeModeExitRules(200)) - ContainerSafeModeRule rule is successfully validated
2023-06-22 21:35:10,737 [EventQueue-NodeRegistrationContainerReportForDataNodeSafeModeRule] INFO  safemode.SCMSafeModeManager (DataNodeSafeModeRule.java:process(71)) - SCM in safe mode. 1 DataNodes registered, 3 required.
2023-06-22 21:35:10,737 [EventQueue-PipelineReportForOneReplicaPipelineSafeModeRule] INFO  safemode.SCMSafeModeManager (SCMSafeModeManager.java:validateSafeModeExitRules(200)) - AtleastOneDatanodeReportedRule rule is successfully validated
2023-06-22 21:35:10,756 [RatisPipelineUtilsThread - 0] INFO  pipeline.PipelineStateManagerImpl (PipelineStateManagerImpl.java:addPipeline(103)) - Created pipeline Pipeline[ Id: 9738aa18-fd40-4528-a6bb-a5e06d3f0768, Nodes: 45e724c1-f4a6-4405-a7cb-dfa9f2e55867(fv-az504-135/10.1.1.69), ReplicationConfig: RATIS/ONE, State:ALLOCATED, leaderId:, CreationTimestamp2023-06-22T21:35:10.734Z[Etc/UTC]].
2023-06-22 21:35:11,241 [IPC Server handler 18 on default port 15002] INFO  net.NetworkTopologyImpl (NetworkTopologyImpl.java:add(112)) - Added a new node: /default-rack/84a824f3-7f5d-4f33-8f93-63e849b7c227
2023-06-22 21:35:11,242 [IPC Server handler 18 on default port 15002] INFO  node.SCMNodeManager (SCMNodeManager.java:register(406)) - Registered Data node : 84a824f3-7f5d-4f33-8f93-63e849b7c227{ip: 10.1.1.69, host: fv-az504-135, ports: [HTTP=15018, CLIENT_RPC=15019, REPLICATION=15025, RATIS=15021, RATIS_ADMIN=15022, RATIS_SERVER=15023, RATIS_DATASTREAM=15024, STANDALONE=15020], networkLocation: /default-rack, certSerialId: null, persistedOpState: null, persistedOpStateExpiryEpochSec: 0}
2023-06-22 21:35:11,242 [EventQueue-NewNodeForNewNodeHandler] INFO  pipeline.BackgroundPipelineCreator (BackgroundPipelineCreator.java:notifyEventTriggered(276)) - trigger a one-shot run on RatisPipelineUtilsThread.
2023-06-22 21:35:11,243 [EventQueue-NodeRegistrationContainerReportForDataNodeSafeModeRule] INFO  safemode.SCMSafeModeManager (DataNodeSafeModeRule.java:process(71)) - SCM in safe mode. 2 DataNodes registered, 3 required.
2023-06-22 21:35:11,246 [RatisPipelineUtilsThread - 0] INFO  pipeline.RatisPipelineProvider (RatisPipelineProvider.java:lambda$create$0(206)) - Sending CreatePipelineCommand for pipeline:PipelineID=0cfc2953-45a1-4cfe-b0a1-ff2192b43c5e to datanode:84a824f3-7f5d-4f33-8f93-63e849b7c227
2023-06-22 21:35:11,248 [RatisPipelineUtilsThread - 0] INFO  pipeline.PipelineStateManagerImpl (PipelineStateManagerImpl.java:addPipeline(103)) - Created pipeline Pipeline[ Id: 0cfc2953-45a1-4cfe-b0a1-ff2192b43c5e, Nodes: 84a824f3-7f5d-4f33-8f93-63e849b7c227(fv-az504-135/10.1.1.69), ReplicationConfig: RATIS/ONE, State:ALLOCATED, leaderId:, CreationTimestamp2023-06-22T21:35:11.246Z[Etc/UTC]].
2023-06-22 21:35:11,417 [main] INFO  ozone.MiniOzoneClusterImpl (MiniOzoneClusterImpl.java:lambda$waitForClusterToBeReady$0(224)) - Waiting for nodes to be ready. Got 2 of 5 DN Heartbeats.
2023-06-22 21:35:11,417 [main] INFO  ozone.MiniOzoneClusterImpl (MiniOzoneClusterImpl.java:lambda$waitForClusterToBeReady$0(227)) - Waiting for cluster to exit safe mode
2023-06-22 21:35:11,417 [main] INFO  ozone.MiniOzoneClusterImpl (MiniOzoneClusterImpl.java:lambda$waitForClusterToBeReady$0(229)) - SCM became leader
2023-06-22 21:35:11,624 [IPC Server handler 17 on default port 15002] INFO  net.NetworkTopologyImpl (NetworkTopologyImpl.java:add(112)) - Added a new node: /default-rack/470642db-8038-41e5-a5f3-81d987be2f99
2023-06-22 21:35:11,625 [IPC Server handler 17 on default port 15002] INFO  node.SCMNodeManager (SCMNodeManager.java:register(406)) - Registered Data node : 470642db-8038-41e5-a5f3-81d987be2f99{ip: 10.1.1.69, host: fv-az504-135, ports: [HTTP=15027, CLIENT_RPC=15028, REPLICATION=15034, RATIS=15030, RATIS_ADMIN=15031, RATIS_SERVER=15032, RATIS_DATASTREAM=15033, STANDALONE=15029], networkLocation: /default-rack, certSerialId: null, persistedOpState: null, persistedOpStateExpiryEpochSec: 0}
2023-06-22 21:35:11,625 [EventQueue-NewNodeForNewNodeHandler] INFO  pipeline.BackgroundPipelineCreator (BackgroundPipelineCreator.java:notifyEventTriggered(276)) - trigger a one-shot run on RatisPipelineUtilsThread.
2023-06-22 21:35:11,625 [EventQueue-NodeRegistrationContainerReportForDataNodeSafeModeRule] INFO  safemode.SCMSafeModeManager (DataNodeSafeModeRule.java:process(71)) - SCM in safe mode. 3 DataNodes registered, 3 required.
2023-06-22 21:35:11,625 [EventQueue-NodeRegistrationContainerReportForDataNodeSafeModeRule] INFO  safemode.SCMSafeModeManager (SCMSafeModeManager.java:validateSafeModeExitRules(200)) - DataNodeSafeModeRule rule is successfully validated
2023-06-22 21:35:11,625 [EventQueue-NodeRegistrationContainerReportForDataNodeSafeModeRule] INFO  safemode.SCMSafeModeManager (SCMSafeModeManager.java:completePreCheck(229)) - All SCM safe mode pre check rules have passed
2023-06-22 21:35:11,625 [EventQueue-NodeRegistrationContainerReportForDataNodeSafeModeRule] INFO  ha.SCMContext (SCMContext.java:updateSafeModeStatus(228)) - Update SafeModeStatus from SafeModeStatus{safeModeStatus=true, preCheckPassed=false} to SafeModeStatus{safeModeStatus=true, preCheckPassed=true}.
2023-06-22 21:35:11,625 [EventQueue-NodeRegistrationContainerReportForDataNodeSafeModeRule] INFO  pipeline.BackgroundPipelineCreator (BackgroundPipelineCreator.java:notifyEventTriggered(276)) - trigger a one-shot run on RatisPipelineUtilsThread.
2023-06-22 21:35:11,626 [RatisPipelineUtilsThread - 0] INFO  pipeline.RatisPipelineProvider (RatisPipelineProvider.java:lambda$create$0(206)) - Sending CreatePipelineCommand for pipeline:PipelineID=d41ad71e-5df2-4edc-b6f0-a70f0797e8d8 to datanode:470642db-8038-41e5-a5f3-81d987be2f99
2023-06-22 21:35:11,628 [RatisPipelineUtilsThread - 0] INFO  pipeline.PipelineStateManagerImpl (PipelineStateManagerImpl.java:addPipeline(103)) - Created pipeline Pipeline[ Id: d41ad71e-5df2-4edc-b6f0-a70f0797e8d8, Nodes: 470642db-8038-41e5-a5f3-81d987be2f99(fv-az504-135/10.1.1.69), ReplicationConfig: RATIS/ONE, State:ALLOCATED, leaderId:, CreationTimestamp2023-06-22T21:35:11.626Z[Etc/UTC]].
2023-06-22 21:35:11,632 [RatisPipelineUtilsThread - 0] INFO  pipeline.RatisPipelineProvider (RatisPipelineProvider.java:lambda$create$0(206)) - Sending CreatePipelineCommand for pipeline:PipelineID=7edd585c-dcb0-4340-be99-1d9c35b47dfd to datanode:470642db-8038-41e5-a5f3-81d987be2f99
2023-06-22 21:35:11,632 [RatisPipelineUtilsThread - 0] INFO  pipeline.RatisPipelineProvider (RatisPipelineProvider.java:lambda$create$0(206)) - Sending CreatePipelineCommand for pipeline:PipelineID=7edd585c-dcb0-4340-be99-1d9c35b47dfd to datanode:84a824f3-7f5d-4f33-8f93-63e849b7c227
2023-06-22 21:35:11,632 [RatisPipelineUtilsThread - 0] INFO  pipeline.RatisPipelineProvider (RatisPipelineProvider.java:lambda$create$0(206)) - Sending CreatePipelineCommand for pipeline:PipelineID=7edd585c-dcb0-4340-be99-1d9c35b47dfd to datanode:45e724c1-f4a6-4405-a7cb-dfa9f2e55867
2023-06-22 21:35:11,634 [RatisPipelineUtilsThread - 0] INFO  pipeline.PipelineStateManagerImpl (PipelineStateManagerImpl.java:addPipeline(103)) - Created pipeline Pipeline[ Id: 7edd585c-dcb0-4340-be99-1d9c35b47dfd, Nodes: 470642db-8038-41e5-a5f3-81d987be2f99(fv-az504-135/10.1.1.69)84a824f3-7f5d-4f33-8f93-63e849b7c227(fv-az504-135/10.1.1.69)45e724c1-f4a6-4405-a7cb-dfa9f2e55867(fv-az504-135/10.1.1.69), ReplicationConfig: RATIS/THREE, State:ALLOCATED, leaderId:, CreationTimestamp2023-06-22T21:35:11.632Z[Etc/UTC]].
2023-06-22 21:35:11,635 [RatisPipelineUtilsThread - 0] INFO  pipeline.RatisPipelineProvider (RatisPipelineProvider.java:lambda$create$0(206)) - Sending CreatePipelineCommand for pipeline:PipelineID=dfadf8e9-d1ea-4740-a7e7-09a22f1de51a to datanode:45e724c1-f4a6-4405-a7cb-dfa9f2e55867
2023-06-22 21:35:11,635 [RatisPipelineUtilsThread - 0] INFO  pipeline.RatisPipelineProvider (RatisPipelineProvider.java:lambda$create$0(206)) - Sending CreatePipelineCommand for pipeline:PipelineID=dfadf8e9-d1ea-4740-a7e7-09a22f1de51a to datanode:84a824f3-7f5d-4f33-8f93-63e849b7c227
2023-06-22 21:35:11,635 [RatisPipelineUtilsThread - 0] INFO  pipeline.RatisPipelineProvider (RatisPipelineProvider.java:lambda$create$0(206)) - Sending CreatePipelineCommand for pipeline:PipelineID=dfadf8e9-d1ea-4740-a7e7-09a22f1de51a to datanode:470642db-8038-41e5-a5f3-81d987be2f99
2023-06-22 21:35:11,636 [RatisPipelineUtilsThread - 0] INFO  pipeline.PipelineStateManagerImpl (PipelineStateManagerImpl.java:addPipeline(103)) - Created pipeline Pipeline[ Id: dfadf8e9-d1ea-4740-a7e7-09a22f1de51a, Nodes: 45e724c1-f4a6-4405-a7cb-dfa9f2e55867(fv-az504-135/10.1.1.69)84a824f3-7f5d-4f33-8f93-63e849b7c227(fv-az504-135/10.1.1.69)470642db-8038-41e5-a5f3-81d987be2f99(fv-az504-135/10.1.1.69), ReplicationConfig: RATIS/THREE, State:ALLOCATED, leaderId:, CreationTimestamp2023-06-22T21:35:11.635Z[Etc/UTC]].
2023-06-22 21:35:11,637 [RatisPipelineUtilsThread - 0] INFO  pipeline.PipelineManagerImpl (PipelineManagerImpl.java:recordMetricsForPipeline(826)) - Pipeline: PipelineID=dfadf8e9-d1ea-4740-a7e7-09a22f1de51a contains same datanodes as previous pipelines: PipelineID=7edd585c-dcb0-4340-be99-1d9c35b47dfd nodeIds: 45e724c1-f4a6-4405-a7cb-dfa9f2e55867, 84a824f3-7f5d-4f33-8f93-63e849b7c227, 470642db-8038-41e5-a5f3-81d987be2f99
2023-06-22 21:35:11,637 [RatisPipelineUtilsThread - 0] WARN  pipeline.PipelinePlacementPolicy (PipelinePlacementPolicy.java:filterViableNodes(166)) - Pipeline creation failed due to no sufficient healthy datanodes. Required 3. Found 0. Excluded 3.
2023-06-22 21:35:11,638 [RatisPipelineUtilsThread - 0] WARN  pipeline.PipelinePlacementPolicy (PipelinePlacementPolicy.java:filterViableNodes(166)) - Pipeline creation failed due to no sufficient healthy datanodes. Required 3. Found 0. Excluded 3.
2023-06-22 21:35:12,036 [IPC Server handler 10 on default port 15002] INFO  net.NetworkTopologyImpl (NetworkTopologyImpl.java:add(112)) - Added a new node: /default-rack/4917f783-1696-4d8b-b9da-38da8f9791cf
2023-06-22 21:35:12,037 [IPC Server handler 10 on default port 15002] INFO  node.SCMNodeManager (SCMNodeManager.java:register(406)) - Registered Data node : 4917f783-1696-4d8b-b9da-38da8f9791cf{ip: 10.1.1.69, host: fv-az504-135, ports: [HTTP=15036, CLIENT_RPC=15037, REPLICATION=15043, RATIS=15039, RATIS_ADMIN=15040, RATIS_SERVER=15041, RATIS_DATASTREAM=15042, STANDALONE=15038], networkLocation: /default-rack, certSerialId: null, persistedOpState: null, persistedOpStateExpiryEpochSec: 0}
2023-06-22 21:35:12,037 [EventQueue-NewNodeForNewNodeHandler] INFO  pipeline.BackgroundPipelineCreator (BackgroundPipelineCreator.java:notifyEventTriggered(276)) - trigger a one-shot run on RatisPipelineUtilsThread.
2023-06-22 21:35:12,039 [RatisPipelineUtilsThread - 0] INFO  pipeline.RatisPipelineProvider (RatisPipelineProvider.java:lambda$create$0(206)) - Sending CreatePipelineCommand for pipeline:PipelineID=52fe31b4-3043-41fa-950a-7086f9a91e1c to datanode:4917f783-1696-4d8b-b9da-38da8f9791cf
2023-06-22 21:35:12,041 [RatisPipelineUtilsThread - 0] INFO  pipeline.PipelineStateManagerImpl (PipelineStateManagerImpl.java:addPipeline(103)) - Created pipeline Pipeline[ Id: 52fe31b4-3043-41fa-950a-7086f9a91e1c, Nodes: 4917f783-1696-4d8b-b9da-38da8f9791cf(fv-az504-135/10.1.1.69), ReplicationConfig: RATIS/ONE, State:ALLOCATED, leaderId:, CreationTimestamp2023-06-22T21:35:12.039Z[Etc/UTC]].
2023-06-22 21:35:12,044 [RatisPipelineUtilsThread - 0] WARN  pipeline.PipelinePlacementPolicy (PipelinePlacementPolicy.java:filterViableNodes(166)) - Pipeline creation failed due to no sufficient healthy datanodes. Required 3. Found 1. Excluded 3.
2023-06-22 21:35:12,419 [main] INFO  ozone.MiniOzoneClusterImpl (MiniOzoneClusterImpl.java:lambda$waitForClusterToBeReady$0(224)) - Waiting for nodes to be ready. Got 4 of 5 DN Heartbeats.
2023-06-22 21:35:12,419 [main] INFO  ozone.MiniOzoneClusterImpl (MiniOzoneClusterImpl.java:lambda$waitForClusterToBeReady$0(227)) - Waiting for cluster to exit safe mode
2023-06-22 21:35:12,419 [main] INFO  ozone.MiniOzoneClusterImpl (MiniOzoneClusterImpl.java:lambda$waitForClusterToBeReady$0(229)) - SCM became leader
2023-06-22 21:35:12,422 [IPC Server handler 17 on default port 15002] INFO  net.NetworkTopologyImpl (NetworkTopologyImpl.java:add(112)) - Added a new node: /default-rack/e93313c7-0cf0-4fbd-b335-d67d16700e0a
2023-06-22 21:35:12,423 [IPC Server handler 17 on default port 15002] INFO  node.SCMNodeManager (SCMNodeManager.java:register(406)) - Registered Data node : e93313c7-0cf0-4fbd-b335-d67d16700e0a{ip: 10.1.1.69, host: fv-az504-135, ports: [HTTP=15045, CLIENT_RPC=15046, REPLICATION=15052, RATIS=15048, RATIS_ADMIN=15049, RATIS_SERVER=15050, RATIS_DATASTREAM=15051, STANDALONE=15047], networkLocation: /default-rack, certSerialId: null, persistedOpState: null, persistedOpStateExpiryEpochSec: 0}
2023-06-22 21:35:12,423 [EventQueue-NewNodeForNewNodeHandler] INFO  pipeline.BackgroundPipelineCreator (BackgroundPipelineCreator.java:notifyEventTriggered(276)) - trigger a one-shot run on RatisPipelineUtilsThread.
2023-06-22 21:35:12,424 [RatisPipelineUtilsThread - 0] INFO  pipeline.RatisPipelineProvider (RatisPipelineProvider.java:lambda$create$0(206)) - Sending CreatePipelineCommand for pipeline:PipelineID=bedf5fc8-7e98-4a94-934c-cef5fdfd51ff to datanode:e93313c7-0cf0-4fbd-b335-d67d16700e0a
2023-06-22 21:35:12,426 [RatisPipelineUtilsThread - 0] INFO  pipeline.PipelineStateManagerImpl (PipelineStateManagerImpl.java:addPipeline(103)) - Created pipeline Pipeline[ Id: bedf5fc8-7e98-4a94-934c-cef5fdfd51ff, Nodes: e93313c7-0cf0-4fbd-b335-d67d16700e0a(fv-az504-135/10.1.1.69), ReplicationConfig: RATIS/ONE, State:ALLOCATED, leaderId:, CreationTimestamp2023-06-22T21:35:12.424Z[Etc/UTC]].
2023-06-22 21:35:12,427 [RatisPipelineUtilsThread - 0] WARN  pipeline.PipelinePlacementPolicy (PipelinePlacementPolicy.java:filterViableNodes(166)) - Pipeline creation failed due to no sufficient healthy datanodes. Required 3. Found 2. Excluded 3.
2023-06-22 21:35:13,420 [main] INFO  ozone.MiniOzoneClusterImpl (MiniOzoneClusterImpl.java:lambda$waitForClusterToBeReady$0(224)) - Nodes are ready. Got 5 of 5 DN Heartbeats.
2023-06-22 21:35:13,420 [main] INFO  ozone.MiniOzoneClusterImpl (MiniOzoneClusterImpl.java:lambda$waitForClusterToBeReady$0(227)) - Waiting for cluster to exit safe mode
2023-06-22 21:35:13,420 [main] INFO  ozone.MiniOzoneClusterImpl (MiniOzoneClusterImpl.java:lambda$waitForClusterToBeReady$0(229)) - SCM became leader
2023-06-22 21:35:13,716 [PipelineCommandHandlerThread-0] INFO  server.RaftServer (RaftServerProxy.java:addNew(98)) - 45e724c1-f4a6-4405-a7cb-dfa9f2e55867: addNew group-A5E06D3F0768:[45e724c1-f4a6-4405-a7cb-dfa9f2e55867|rpc:10.1.1.69:15014|admin:10.1.1.69:15013|client:10.1.1.69:15012|dataStream:10.1.1.69:15015|priority:1|startupRole:FOLLOWER] returns group-A5E06D3F0768:java.util.concurrent.CompletableFuture@7fa70326[Not completed]
2023-06-22 21:35:13,728 [45e724c1-f4a6-4405-a7cb-dfa9f2e55867-groupManagement] INFO  server.RaftServer$Division (RaftServerImpl.java:<init>(198)) - 45e724c1-f4a6-4405-a7cb-dfa9f2e55867: new RaftServerImpl for group-A5E06D3F0768:[45e724c1-f4a6-4405-a7cb-dfa9f2e55867|rpc:10.1.1.69:15014|admin:10.1.1.69:15013|client:10.1.1.69:15012|dataStream:10.1.1.69:15015|priority:1|startupRole:FOLLOWER] with ContainerStateMachine:uninitialized
2023-06-22 21:35:13,728 [45e724c1-f4a6-4405-a7cb-dfa9f2e55867-groupManagement] INFO  server.RaftServerConfigKeys (ConfUtils.java:logGet(46)) - raft.server.rpc.timeout.min = 5s (custom)
2023-06-22 21:35:13,729 [45e724c1-f4a6-4405-a7cb-dfa9f2e55867-groupManagement] INFO  server.RaftServerConfigKeys (ConfUtils.java:logGet(46)) - raft.server.rpc.timeout.max = 5200ms (custom)
2023-06-22 21:35:13,729 [45e724c1-f4a6-4405-a7cb-dfa9f2e55867-groupManagement] INFO  server.RaftServerConfigKeys (ConfUtils.java:logGet(46)) - raft.server.rpc.sleep.time = 25ms (default)
2023-06-22 21:35:13,729 [45e724c1-f4a6-4405-a7cb-dfa9f2e55867-groupManagement] INFO  server.RaftServerConfigKeys (ConfUtils.java:logGet(46)) - raft.server.rpc.slowness.timeout = 300s (custom)
2023-06-22 21:35:13,729 [45e724c1-f4a6-4405-a7cb-dfa9f2e55867-groupManagement] INFO  server.RaftServerConfigKeys (ConfUtils.java:logGet(46)) - raft.server.leaderelection.leader.step-down.wait-time = 10s (default)
2023-06-22 21:35:13,729 [45e724c1-f4a6-4405-a7cb-dfa9f2e55867-groupManagement] INFO  server.RaftServerConfigKeys (ConfUtils.java:logGet(46)) - raft.server.sleep.deviation.threshold = 300ms (default)
2023-06-22 21:35:13,729 [45e724c1-f4a6-4405-a7cb-dfa9f2e55867-groupManagement] INFO  server.RaftServer$Division (ServerState.java:<init>(120)) - 45e724c1-f4a6-4405-a7cb-dfa9f2e55867@group-A5E06D3F0768: ConfigurationManager, init=-1: peers:[45e724c1-f4a6-4405-a7cb-dfa9f2e55867|rpc:10.1.1.69:15014|admin:10.1.1.69:15013|client:10.1.1.69:15012|dataStream:10.1.1.69:15015|priority:1|startupRole:FOLLOWER]|listeners:[], old=null, confs=<EMPTY_MAP>
2023-06-22 21:35:13,729 [45e724c1-f4a6-4405-a7cb-dfa9f2e55867-groupManagement] INFO  server.RaftServerConfigKeys (ConfUtils.java:logGet(46)) - raft.server.storage.dir = [/home/runner/work/ozone/ozone/hadoop-ozone/integration-test/target/test-dir/MiniOzoneClusterImpl-00f3567e-e140-4cd7-bd5a-f6438c2bd6c1/datanode-0/data/ratis] (custom)
2023-06-22 21:35:13,729 [45e724c1-f4a6-4405-a7cb-dfa9f2e55867-groupManagement] INFO  server.RaftServerConfigKeys (ConfUtils.java:logGet(46)) - raft.server.log.corruption.policy = EXCEPTION (default)
2023-06-22 21:35:13,729 [45e724c1-f4a6-4405-a7cb-dfa9f2e55867-groupManagement] INFO  server.RaftServerConfigKeys (ConfUtils.java:logGet(46)) - raft.server.storage.free-space.min = 0MB (=0) (default)
2023-06-22 21:35:13,730 [45e724c1-f4a6-4405-a7cb-dfa9f2e55867-groupManagement] INFO  server.RaftServerConfigKeys (ConfUtils.java:logGet(46)) - raft.server.notification.no-leader.timeout = 300s (custom)
2023-06-22 21:35:13,730 [45e724c1-f4a6-4405-a7cb-dfa9f2e55867-groupManagement] INFO  server.RaftServerConfigKeys (ConfUtils.java:logGet(46)) - raft.server.read.timeout = 10s (default)
2023-06-22 21:35:13,730 [45e724c1-f4a6-4405-a7cb-dfa9f2e55867-groupManagement] INFO  server.RaftServerConfigKeys (ConfUtils.java:logGet(46)) - raft.server.retrycache.expirytime = 600000ms (custom)
2023-06-22 21:35:13,730 [45e724c1-f4a6-4405-a7cb-dfa9f2e55867-groupManagement] INFO  server.RaftServerConfigKeys (ConfUtils.java:logGet(46)) - raft.server.retrycache.statistics.expirytime = 100μs (default)
2023-06-22 21:35:13,730 [45e724c1-f4a6-4405-a7cb-dfa9f2e55867-groupManagement] INFO  server.RaftServerConfigKeys (ConfUtils.java:logGet(46)) - raft.server.read.option = DEFAULT (default)
2023-06-22 21:35:13,732 [45e724c1-f4a6-4405-a7cb-dfa9f2e55867-groupManagement] INFO  server.RaftServerConfigKeys (ConfUtils.java:logGet(46)) - raft.server.rpc.request.timeout = 60s (custom)
2023-06-22 21:35:13,732 [45e724c1-f4a6-4405-a7cb-dfa9f2e55867-groupManagement] INFO  server.RaftServerConfigKeys (ConfUtils.java:logGet(46)) - raft.server.log.appender.install.snapshot.enabled = false (custom)
2023-06-22 21:35:13,733 [45e724c1-f4a6-4405-a7cb-dfa9f2e55867-groupManagement] INFO  server.RaftServerConfigKeys (ConfUtils.java:logGet(46)) - raft.server.threadpool.server.cached = true (default)
2023-06-22 21:35:13,733 [45e724c1-f4a6-4405-a7cb-dfa9f2e55867-groupManagement] INFO  server.RaftServerConfigKeys (ConfUtils.java:logGet(46)) - raft.server.threadpool.server.size = 0 (default)
2023-06-22 21:35:13,733 [45e724c1-f4a6-4405-a7cb-dfa9f2e55867-groupManagement] INFO  server.RaftServerConfigKeys (ConfUtils.java:logGet(46)) - raft.server.threadpool.client.cached = true (default)
2023-06-22 21:35:13,733 [45e724c1-f4a6-4405-a7cb-dfa9f2e55867-groupManagement] INFO  server.RaftServerConfigKeys (ConfUtils.java:logGet(46)) - raft.server.threadpool.client.size = 0 (default)
2023-06-22 21:35:13,733 [45e724c1-f4a6-4405-a7cb-dfa9f2e55867-groupManagement] INFO  storage.RaftStorageDirectory (RaftStorageDirectoryImpl.java:analyzeStorage(137)) - The storage directory /home/runner/work/ozone/ozone/hadoop-ozone/integration-test/target/test-dir/MiniOzoneClusterImpl-00f3567e-e140-4cd7-bd5a-f6438c2bd6c1/datanode-0/data/ratis/9738aa18-fd40-4528-a6bb-a5e06d3f0768 does not exist. Creating ...
2023-06-22 21:35:13,735 [45e724c1-f4a6-4405-a7cb-dfa9f2e55867-groupManagement] INFO  storage.RaftStorageDirectory (RaftStorageDirectoryImpl.java:tryLock(231)) - Lock on /home/runner/work/ozone/ozone/hadoop-ozone/integration-test/target/test-dir/MiniOzoneClusterImpl-00f3567e-e140-4cd7-bd5a-f6438c2bd6c1/datanode-0/data/ratis/9738aa18-fd40-4528-a6bb-a5e06d3f0768/in_use.lock acquired by nodename 41615@fv-az504-135
2023-06-22 21:35:13,736 [45e724c1-f4a6-4405-a7cb-dfa9f2e55867-groupManagement] INFO  storage.RaftStorage (RaftStorageImpl.java:format(96)) - Storage directory /home/runner/work/ozone/ozone/hadoop-ozone/integration-test/target/test-dir/MiniOzoneClusterImpl-00f3567e-e140-4cd7-bd5a-f6438c2bd6c1/datanode-0/data/ratis/9738aa18-fd40-4528-a6bb-a5e06d3f0768 has been successfully formatted.
2023-06-22 21:35:13,741 [45e724c1-f4a6-4405-a7cb-dfa9f2e55867-groupManagement] INFO  ratis.ContainerStateMachine (ContainerStateMachine.java:loadSnapshot(262)) - group-A5E06D3F0768: The snapshot info is null. Setting the last applied indexto:(t:0, i:~)
2023-06-22 21:35:13,741 [45e724c1-f4a6-4405-a7cb-dfa9f2e55867-groupManagement] INFO  server.RaftServerConfigKeys (ConfUtils.java:logGet(46)) - raft.server.log.use.memory = false (default)
2023-06-22 21:35:13,741 [45e724c1-f4a6-4405-a7cb-dfa9f2e55867-groupManagement] INFO  server.RaftServerConfigKeys (ConfUtils.java:logGet(46)) - raft.server.log.purge.gap = 1000000 (custom)
2023-06-22 21:35:13,741 [45e724c1-f4a6-4405-a7cb-dfa9f2e55867-groupManagement] INFO  server.RaftServerConfigKeys (ConfUtils.java:logGet(46)) - raft.server.log.appender.buffer.byte-limit = 33554432 (custom)
2023-06-22 21:35:13,741 [45e724c1-f4a6-4405-a7cb-dfa9f2e55867-groupManagement] INFO  server.RaftServerConfigKeys (ConfUtils.java:logGet(46)) - raft.server.log.statemachine.data.read.timeout = 1000ms (default)
2023-06-22 21:35:13,741 [45e724c1-f4a6-4405-a7cb-dfa9f2e55867-groupManagement] INFO  server.RaftServerConfigKeys (ConfUtils.java:logGet(46)) - raft.server.log.purge.preservation.log.num = 0 (default)
2023-06-22 21:35:13,742 [45e724c1-f4a6-4405-a7cb-dfa9f2e55867-groupManagement] INFO  server.RaftServerConfigKeys (ConfUtils.java:logGet(46)) - raft.server.log.segment.size.max = 1048576 (custom)
2023-06-22 21:35:13,743 [45e724c1-f4a6-4405-a7cb-dfa9f2e55867-groupManagement] INFO  server.RaftServerConfigKeys (ConfUtils.java:logGet(46)) - raft.server.log.segment.cache.num.max = 2 (custom)
2023-06-22 21:35:13,743 [45e724c1-f4a6-4405-a7cb-dfa9f2e55867-groupManagement] INFO  server.RaftServerConfigKeys (ConfUtils.java:logGet(46)) - raft.server.log.segment.cache.size.max = 200MB (=209715200) (default)
2023-06-22 21:35:13,743 [45e724c1-f4a6-4405-a7cb-dfa9f2e55867-groupManagement] INFO  server.RaftServerConfigKeys (ConfUtils.java:logGet(46)) - raft.server.log.appender.buffer.byte-limit = 33554432 (custom)
2023-06-22 21:35:13,743 [45e724c1-f4a6-4405-a7cb-dfa9f2e55867-groupManagement] INFO  segmented.SegmentedRaftLogWorker (SegmentedRaftLogWorker.java:<init>(188)) - new 45e724c1-f4a6-4405-a7cb-dfa9f2e55867@group-A5E06D3F0768-SegmentedRaftLogWorker for RaftStorageImpl:Storage Directory /home/runner/work/ozone/ozone/hadoop-ozone/integration-test/target/test-dir/MiniOzoneClusterImpl-00f3567e-e140-4cd7-bd5a-f6438c2bd6c1/datanode-0/data/ratis/9738aa18-fd40-4528-a6bb-a5e06d3f0768
2023-06-22 21:35:13,743 [45e724c1-f4a6-4405-a7cb-dfa9f2e55867-groupManagement] INFO  server.RaftServerConfigKeys (ConfUtils.java:logGet(46)) - raft.server.log.queue.byte-limit = 4294967296 (custom)
2023-06-22 21:35:13,743 [45e724c1-f4a6-4405-a7cb-dfa9f2e55867-groupManagement] INFO  server.RaftServerConfigKeys (ConfUtils.java:logGet(46)) - raft.server.log.queue.element-limit = 1024 (custom)
2023-06-22 21:35:13,743 [45e724c1-f4a6-4405-a7cb-dfa9f2e55867-groupManagement] INFO  server.RaftServerConfigKeys (ConfUtils.java:logGet(46)) - raft.server.log.segment.size.max = 1048576 (custom)
2023-06-22 21:35:13,743 [45e724c1-f4a6-4405-a7cb-dfa9f2e55867-groupManagement] INFO  server.RaftServerConfigKeys (ConfUtils.java:logGet(46)) - raft.server.log.preallocated.size = 16384 (custom)
2023-06-22 21:35:13,743 [45e724c1-f4a6-4405-a7cb-dfa9f2e55867-groupManagement] INFO  server.RaftServerConfigKeys (ConfUtils.java:logGet(46)) - raft.server.log.force.sync.num = 128 (default)
2023-06-22 21:35:13,743 [45e724c1-f4a6-4405-a7cb-dfa9f2e55867-groupManagement] INFO  server.RaftServerConfigKeys (ConfUtils.java:logGet(46)) - raft.server.log.statemachine.data.sync = true (default)
2023-06-22 21:35:13,743 [45e724c1-f4a6-4405-a7cb-dfa9f2e55867-groupManagement] INFO  server.RaftServerConfigKeys (ConfUtils.java:logGet(46)) - raft.server.log.statemachine.data.sync.timeout = 10s (default)
2023-06-22 21:35:13,743 [45e724c1-f4a6-4405-a7cb-dfa9f2e55867-groupManagement] INFO  server.RaftServerConfigKeys (ConfUtils.java:logGet(46)) - raft.server.log.statemachine.data.sync.timeout.retry = -1 (default)
2023-06-22 21:35:13,745 [45e724c1-f4a6-4405-a7cb-dfa9f2e55867-groupManagement] INFO  server.RaftServerConfigKeys (ConfUtils.java:logGet(46)) - raft.server.log.write.buffer.size = 1048576 (custom)
2023-06-22 21:35:13,746 [45e724c1-f4a6-4405-a7cb-dfa9f2e55867-groupManagement] INFO  server.RaftServerConfigKeys (ConfUtils.java:logGet(46)) - raft.server.log.appender.buffer.byte-limit = 33554432 (custom)
2023-06-22 21:35:13,751 [45e724c1-f4a6-4405-a7cb-dfa9f2e55867-groupManagement] INFO  server.RaftServerConfigKeys (ConfUtils.java:logGet(46)) - raft.server.log.unsafe-flush.enabled = false (default)
2023-06-22 21:35:13,751 [45e724c1-f4a6-4405-a7cb-dfa9f2e55867-groupManagement] INFO  server.RaftServerConfigKeys (ConfUtils.java:logGet(46)) - raft.server.log.async-flush.enabled = false (default)
2023-06-22 21:35:13,751 [45e724c1-f4a6-4405-a7cb-dfa9f2e55867-groupManagement] INFO  server.RaftServerConfigKeys (ConfUtils.java:logGet(46)) - raft.server.log.statemachine.data.caching.enabled = true (custom)
2023-06-22 21:35:13,752 [45e724c1-f4a6-4405-a7cb-dfa9f2e55867-groupManagement] INFO  segmented.SegmentedRaftLogWorker (SegmentedRaftLogWorker.java:lambda$new$0(135)) - 45e724c1-f4a6-4405-a7cb-dfa9f2e55867@group-A5E06D3F0768-SegmentedRaftLogWorker: flushIndex: setUnconditionally 0 -> -1
2023-06-22 21:35:13,752 [45e724c1-f4a6-4405-a7cb-dfa9f2e55867-groupManagement] INFO  segmented.SegmentedRaftLogWorker (SegmentedRaftLogWorker.java:lambda$new$0(135)) - 45e724c1-f4a6-4405-a7cb-dfa9f2e55867@group-A5E06D3F0768-SegmentedRaftLogWorker: safeCacheEvictIndex: setUnconditionally 0 -> -1
2023-06-22 21:35:13,752 [45e724c1-f4a6-4405-a7cb-dfa9f2e55867-groupManagement] INFO  server.RaftServer$Division (RaftServerImpl.java:start(342)) - 45e724c1-f4a6-4405-a7cb-dfa9f2e55867@group-A5E06D3F0768: start as a follower, conf=-1: peers:[45e724c1-f4a6-4405-a7cb-dfa9f2e55867|rpc:10.1.1.69:15014|admin:10.1.1.69:15013|client:10.1.1.69:15012|dataStream:10.1.1.69:15015|priority:1|startupRole:FOLLOWER]|listeners:[], old=null
2023-06-22 21:35:13,753 [45e724c1-f4a6-4405-a7cb-dfa9f2e55867-groupManagement] INFO  server.RaftServer$Division (RaftServerImpl.java:setRole(329)) - 45e724c1-f4a6-4405-a7cb-dfa9f2e55867@group-A5E06D3F0768: changes role from      null to FOLLOWER at term 0 for startAsFollower
2023-06-22 21:35:13,753 [45e724c1-f4a6-4405-a7cb-dfa9f2e55867-groupManagement] INFO  impl.RoleInfo (RoleInfo.java:updateAndGet(139)) - 45e724c1-f4a6-4405-a7cb-dfa9f2e55867: start 45e724c1-f4a6-4405-a7cb-dfa9f2e55867@group-A5E06D3F0768-FollowerState
2023-06-22 21:35:13,753 [45e724c1-f4a6-4405-a7cb-dfa9f2e55867-groupManagement] INFO  util.JmxRegister (JmxRegister.java:tryRegister(44)) - Successfully registered JMX Bean with object name Ratis:service=RaftServer,group=group-A5E06D3F0768,id=45e724c1-f4a6-4405-a7cb-dfa9f2e55867
2023-06-22 21:35:13,756 [45e724c1-f4a6-4405-a7cb-dfa9f2e55867-groupManagement] INFO  server.RaftServerConfigKeys (ConfUtils.java:logGet(46)) - raft.server.snapshot.auto.trigger.enabled = true (custom)
2023-06-22 21:35:13,756 [45e724c1-f4a6-4405-a7cb-dfa9f2e55867-groupManagement] INFO  server.RaftServerConfigKeys (ConfUtils.java:logGet(46)) - raft.server.snapshot.auto.trigger.threshold = 10000 (custom)
2023-06-22 21:35:13,756 [45e724c1-f4a6-4405-a7cb-dfa9f2e55867-groupManagement] INFO  server.RaftServerConfigKeys (ConfUtils.java:logGet(46)) - raft.server.snapshot.retention.file.num = 5 (custom)
2023-06-22 21:35:13,756 [45e724c1-f4a6-4405-a7cb-dfa9f2e55867-groupManagement] INFO  server.RaftServerConfigKeys (ConfUtils.java:logGet(46)) - raft.server.log.purge.upto.snapshot.index = false (default)
2023-06-22 21:35:13,769 [PipelineCommandHandlerThread-0] INFO  ratis.XceiverServerRatis (XceiverServerRatis.java:addGroup(804)) - Created group PipelineID=9738aa18-fd40-4528-a6bb-a5e06d3f0768
2023-06-22 21:35:13,770 [PipelineCommandHandlerThread-0] INFO  commandhandler.CreatePipelineCommandHandler (CreatePipelineCommandHandler.java:lambda$handle$2(124)) - Created Pipeline RATIS ONE PipelineID=9738aa18-fd40-4528-a6bb-a5e06d3f0768.
2023-06-22 21:35:13,770 [PipelineCommandHandlerThread-0] INFO  server.RaftServer (RaftServerProxy.java:addNew(98)) - 45e724c1-f4a6-4405-a7cb-dfa9f2e55867: addNew group-1D9C35B47DFD:[84a824f3-7f5d-4f33-8f93-63e849b7c227|rpc:10.1.1.69:15023|admin:10.1.1.69:15022|client:10.1.1.69:15021|dataStream:10.1.1.69:15024|priority:0|startupRole:FOLLOWER, 470642db-8038-41e5-a5f3-81d987be2f99|rpc:10.1.1.69:15032|admin:10.1.1.69:15031|client:10.1.1.69:15030|dataStream:10.1.1.69:15033|priority:0|startupRole:FOLLOWER, 45e724c1-f4a6-4405-a7cb-dfa9f2e55867|rpc:10.1.1.69:15014|admin:10.1.1.69:15013|client:10.1.1.69:15012|dataStream:10.1.1.69:15015|priority:1|startupRole:FOLLOWER] returns group-1D9C35B47DFD:java.util.concurrent.CompletableFuture@3c243974[Not completed]
2023-06-22 21:35:13,770 [45e724c1-f4a6-4405-a7cb-dfa9f2e55867@group-A5E06D3F0768-FollowerState] INFO  server.RaftServerConfigKeys (ConfUtils.java:logFallback(53)) - raft.server.rpc.first-election.timeout.min = 5s (fallback to raft.server.rpc.timeout.min)
2023-06-22 21:35:13,770 [45e724c1-f4a6-4405-a7cb-dfa9f2e55867@group-A5E06D3F0768-FollowerState] INFO  server.RaftServerConfigKeys (ConfUtils.java:logFallback(53)) - raft.server.rpc.first-election.timeout.max = 5200ms (fallback to raft.server.rpc.timeout.max)
2023-06-22 21:35:13,774 [45e724c1-f4a6-4405-a7cb-dfa9f2e55867-groupManagement] INFO  server.RaftServer$Division (RaftServerImpl.java:<init>(198)) - 45e724c1-f4a6-4405-a7cb-dfa9f2e55867: new RaftServerImpl for group-1D9C35B47DFD:[84a824f3-7f5d-4f33-8f93-63e849b7c227|rpc:10.1.1.69:15023|admin:10.1.1.69:15022|client:10.1.1.69:15021|dataStream:10.1.1.69:15024|priority:0|startupRole:FOLLOWER, 470642db-8038-41e5-a5f3-81d987be2f99|rpc:10.1.1.69:15032|admin:10.1.1.69:15031|client:10.1.1.69:15030|dataStream:10.1.1.69:15033|priority:0|startupRole:FOLLOWER, 45e724c1-f4a6-4405-a7cb-dfa9f2e55867|rpc:10.1.1.69:15014|admin:10.1.1.69:15013|client:10.1.1.69:15012|dataStream:10.1.1.69:15015|priority:1|startupRole:FOLLOWER] with ContainerStateMachine:uninitialized
2023-06-22 21:35:13,776 [EventQueue-PipelineReportForPipelineReportHandler] INFO  pipeline.PipelineManagerImpl (PipelineManagerImpl.java:openPipeline(367)) - Pipeline Pipeline[ Id: 9738aa18-fd40-4528-a6bb-a5e06d3f0768, Nodes: 45e724c1-f4a6-4405-a7cb-dfa9f2e55867(fv-az504-135/10.1.1.69), ReplicationConfig: RATIS/ONE, State:ALLOCATED, leaderId:45e724c1-f4a6-4405-a7cb-dfa9f2e55867, CreationTimestamp2023-06-22T21:35:10.734Z[Etc/UTC]] moved to OPEN state
2023-06-22 21:35:13,777 [45e724c1-f4a6-4405-a7cb-dfa9f2e55867-groupManagement] INFO  server.RaftServerConfigKeys (ConfUtils.java:logGet(46)) - raft.server.rpc.timeout.min = 5s (custom)
2023-06-22 21:35:13,782 [45e724c1-f4a6-4405-a7cb-dfa9f2e55867-groupManagement] INFO  server.RaftServerConfigKeys (ConfUtils.java:logGet(46)) - raft.server.rpc.timeout.max = 5200ms (custom)
2023-06-22 21:35:13,782 [45e724c1-f4a6-4405-a7cb-dfa9f2e55867-groupManagement] INFO  server.RaftServerConfigKeys (ConfUtils.java:logGet(46)) - raft.server.rpc.sleep.time = 25ms (default)
2023-06-22 21:35:13,782 [45e724c1-f4a6-4405-a7cb-dfa9f2e55867-groupManagement] INFO  server.RaftServerConfigKeys (ConfUtils.java:logGet(46)) - raft.server.rpc.slowness.timeout = 300s (custom)
2023-06-22 21:35:13,782 [45e724c1-f4a6-4405-a7cb-dfa9f2e55867-groupManagement] INFO  server.RaftServerConfigKeys (ConfUtils.java:logGet(46)) - raft.server.leaderelection.leader.step-down.wait-time = 10s (default)
2023-06-22 21:35:13,782 [45e724c1-f4a6-4405-a7cb-dfa9f2e55867-groupManagement] INFO  server.RaftServerConfigKeys (ConfUtils.java:logGet(46)) - raft.server.sleep.deviation.threshold = 300ms (default)
2023-06-22 21:35:13,782 [45e724c1-f4a6-4405-a7cb-dfa9f2e55867-groupManagement] INFO  server.RaftServer$Division (ServerState.java:<init>(120)) - 45e724c1-f4a6-4405-a7cb-dfa9f2e55867@group-1D9C35B47DFD: ConfigurationManager, init=-1: peers:[84a824f3-7f5d-4f33-8f93-63e849b7c227|rpc:10.1.1.69:15023|admin:10.1.1.69:15022|client:10.1.1.69:15021|dataStream:10.1.1.69:15024|priority:0|startupRole:FOLLOWER, 470642db-8038-41e5-a5f3-81d987be2f99|rpc:10.1.1.69:15032|admin:10.1.1.69:15031|client:10.1.1.69:15030|dataStream:10.1.1.69:15033|priority:0|startupRole:FOLLOWER, 45e724c1-f4a6-4405-a7cb-dfa9f2e55867|rpc:10.1.1.69:15014|admin:10.1.1.69:15013|client:10.1.1.69:15012|dataStream:10.1.1.69:15015|priority:1|startupRole:FOLLOWER]|listeners:[], old=null, confs=<EMPTY_MAP>
2023-06-22 21:35:13,783 [45e724c1-f4a6-4405-a7cb-dfa9f2e55867-groupManagement] INFO  server.RaftServerConfigKeys (ConfUtils.java:logGet(46)) - raft.server.storage.dir = [/home/runner/work/ozone/ozone/hadoop-ozone/integration-test/target/test-dir/MiniOzoneClusterImpl-00f3567e-e140-4cd7-bd5a-f6438c2bd6c1/datanode-0/data/ratis] (custom)
2023-06-22 21:35:13,786 [45e724c1-f4a6-4405-a7cb-dfa9f2e55867-groupManagement] INFO  server.RaftServerConfigKeys (ConfUtils.java:logGet(46)) - raft.server.log.corruption.policy = EXCEPTION (default)
2023-06-22 21:35:13,786 [45e724c1-f4a6-4405-a7cb-dfa9f2e55867-groupManagement] INFO  server.RaftServerConfigKeys (ConfUtils.java:logGet(46)) - raft.server.storage.free-space.min = 0MB (=0) (default)
2023-06-22 21:35:13,786 [45e724c1-f4a6-4405-a7cb-dfa9f2e55867-groupManagement] INFO  server.RaftServerConfigKeys (ConfUtils.java:logGet(46)) - raft.server.notification.no-leader.timeout = 300s (custom)
2023-06-22 21:35:13,786 [45e724c1-f4a6-4405-a7cb-dfa9f2e55867-groupManagement] INFO  server.RaftServerConfigKeys (ConfUtils.java:logGet(46)) - raft.server.read.timeout = 10s (default)
2023-06-22 21:35:13,786 [45e724c1-f4a6-4405-a7cb-dfa9f2e55867-groupManagement] INFO  server.RaftServerConfigKeys (ConfUtils.java:logGet(46)) - raft.server.retrycache.expirytime = 600000ms (custom)
2023-06-22 21:35:13,786 [45e724c1-f4a6-4405-a7cb-dfa9f2e55867-groupManagement] INFO  server.RaftServerConfigKeys (ConfUtils.java:logGet(46)) - raft.server.retrycache.statistics.expirytime = 100μs (default)
2023-06-22 21:35:13,786 [45e724c1-f4a6-4405-a7cb-dfa9f2e55867-groupManagement] INFO  server.RaftServerConfigKeys (ConfUtils.java:logGet(46)) - raft.server.read.option = DEFAULT (default)
2023-06-22 21:35:13,790 [45e724c1-f4a6-4405-a7cb-dfa9f2e55867-groupManagement] INFO  server.RaftServerConfigKeys (ConfUtils.java:logGet(46)) - raft.server.rpc.request.timeout = 60s (custom)
2023-06-22 21:35:13,790 [45e724c1-f4a6-4405-a7cb-dfa9f2e55867-groupManagement] INFO  server.RaftServerConfigKeys (ConfUtils.java:logGet(46)) - raft.server.log.appender.install.snapshot.enabled = false (custom)
2023-06-22 21:35:13,790 [45e724c1-f4a6-4405-a7cb-dfa9f2e55867-groupManagement] INFO  server.RaftServerConfigKeys (ConfUtils.java:logGet(46)) - raft.server.threadpool.server.cached = true (default)
2023-06-22 21:35:13,790 [45e724c1-f4a6-4405-a7cb-dfa9f2e55867-groupManagement] INFO  server.RaftServerConfigKeys (ConfUtils.java:logGet(46)) - raft.server.threadpool.server.size = 0 (default)
2023-06-22 21:35:13,790 [45e724c1-f4a6-4405-a7cb-dfa9f2e55867-groupManagement] INFO  server.RaftServerConfigKeys (ConfUtils.java:logGet(46)) - raft.server.threadpool.client.cached = true (default)
2023-06-22 21:35:13,790 [45e724c1-f4a6-4405-a7cb-dfa9f2e55867-groupManagement] INFO  server.RaftServerConfigKeys (ConfUtils.java:logGet(46)) - raft.server.threadpool.client.size = 0 (default)
2023-06-22 21:35:13,790 [45e724c1-f4a6-4405-a7cb-dfa9f2e55867-groupManagement] INFO  storage.RaftStorageDirectory (RaftStorageDirectoryImpl.java:analyzeStorage(137)) - The storage directory /home/runner/work/ozone/ozone/hadoop-ozone/integration-test/target/test-dir/MiniOzoneClusterImpl-00f3567e-e140-4cd7-bd5a-f6438c2bd6c1/datanode-0/data/ratis/7edd585c-dcb0-4340-be99-1d9c35b47dfd does not exist. Creating ...
2023-06-22 21:35:13,793 [45e724c1-f4a6-4405-a7cb-dfa9f2e55867-groupManagement] INFO  storage.RaftStorageDirectory (RaftStorageDirectoryImpl.java:tryLock(231)) - Lock on /home/runner/work/ozone/ozone/hadoop-ozone/integration-test/target/test-dir/MiniOzoneClusterImpl-00f3567e-e140-4cd7-bd5a-f6438c2bd6c1/datanode-0/data/ratis/7edd585c-dcb0-4340-be99-1d9c35b47dfd/in_use.lock acquired by nodename 41615@fv-az504-135
2023-06-22 21:35:13,794 [45e724c1-f4a6-4405-a7cb-dfa9f2e55867-groupManagement] INFO  storage.RaftStorage (RaftStorageImpl.java:format(96)) - Storage directory /home/runner/work/ozone/ozone/hadoop-ozone/integration-test/target/test-dir/MiniOzoneClusterImpl-00f3567e-e140-4cd7-bd5a-f6438c2bd6c1/datanode-0/data/ratis/7edd585c-dcb0-4340-be99-1d9c35b47dfd has been successfully formatted.
2023-06-22 21:35:13,795 [45e724c1-f4a6-4405-a7cb-dfa9f2e55867-groupManagement] INFO  ratis.ContainerStateMachine (ContainerStateMachine.java:loadSnapshot(262)) - group-1D9C35B47DFD: The snapshot info is null. Setting the last applied indexto:(t:0, i:~)
2023-06-22 21:35:13,795 [45e724c1-f4a6-4405-a7cb-dfa9f2e55867-groupManagement] INFO  server.RaftServerConfigKeys (ConfUtils.java:logGet(46)) - raft.server.log.use.memory = false (default)
2023-06-22 21:35:13,796 [45e724c1-f4a6-4405-a7cb-dfa9f2e55867-groupManagement] INFO  server.RaftServerConfigKeys (ConfUtils.java:logGet(46)) - raft.server.log.purge.gap = 1000000 (custom)
2023-06-22 21:35:13,797 [45e724c1-f4a6-4405-a7cb-dfa9f2e55867-groupManagement] INFO  server.RaftServerConfigKeys (ConfUtils.java:logGet(46)) - raft.server.log.appender.buffer.byte-limit = 33554432 (custom)
2023-06-22 21:35:13,797 [45e724c1-f4a6-4405-a7cb-dfa9f2e55867-groupManagement] INFO  server.RaftServerConfigKeys (ConfUtils.java:logGet(46)) - raft.server.log.statemachine.data.read.timeout = 1000ms (default)
2023-06-22 21:35:13,797 [45e724c1-f4a6-4405-a7cb-dfa9f2e55867-groupManagement] INFO  server.RaftServerConfigKeys (ConfUtils.java:logGet(46)) - raft.server.log.purge.preservation.log.num = 0 (default)
2023-06-22 21:35:13,797 [EventQueue-OpenPipelineForHealthyPipelineSafeModeRule] INFO  safemode.SCMSafeModeManager (HealthyPipelineSafeModeRule.java:process(137)) - SCM in safe mode. Healthy pipelines reported count is 0, required healthy pipeline reported count is 1
2023-06-22 21:35:13,799 [45e724c1-f4a6-4405-a7cb-dfa9f2e55867-groupManagement] INFO  server.RaftServerConfigKeys (ConfUtils.java:logGet(46)) - raft.server.log.segment.size.max = 1048576 (custom)
2023-06-22 21:35:13,801 [45e724c1-f4a6-4405-a7cb-dfa9f2e55867-groupManagement] INFO  server.RaftServerConfigKeys (ConfUtils.java:logGet(46)) - raft.server.log.segment.cache.num.max = 2 (custom)
2023-06-22 21:35:13,801 [45e724c1-f4a6-4405-a7cb-dfa9f2e55867-groupManagement] INFO  server.RaftServerConfigKeys (ConfUtils.java:logGet(46)) - raft.server.log.segment.cache.size.max = 200MB (=209715200) (default)
2023-06-22 21:35:13,801 [45e724c1-f4a6-4405-a7cb-dfa9f2e55867-groupManagement] INFO  server.RaftServerConfigKeys (ConfUtils.java:logGet(46)) - raft.server.log.appender.buffer.byte-limit = 33554432 (custom)
2023-06-22 21:35:13,801 [45e724c1-f4a6-4405-a7cb-dfa9f2e55867-groupManagement] INFO  segmented.SegmentedRaftLogWorker (SegmentedRaftLogWorker.java:<init>(188)) - new 45e724c1-f4a6-4405-a7cb-dfa9f2e55867@group-1D9C35B47DFD-SegmentedRaftLogWorker for RaftStorageImpl:Storage Directory /home/runner/work/ozone/ozone/hadoop-ozone/integration-test/target/test-dir/MiniOzoneClusterImpl-00f3567e-e140-4cd7-bd5a-f6438c2bd6c1/datanode-0/data/ratis/7edd585c-dcb0-4340-be99-1d9c35b47dfd
2023-06-22 21:35:13,801 [45e724c1-f4a6-4405-a7cb-dfa9f2e55867-groupManagement] INFO  server.RaftServerConfigKeys (ConfUtils.java:logGet(46)) - raft.server.log.queue.byte-limit = 4294967296 (custom)
2023-06-22 21:35:13,802 [45e724c1-f4a6-4405-a7cb-dfa9f2e55867-groupManagement] INFO  server.RaftServerConfigKeys (ConfUtils.java:logGet(46)) - raft.server.log.queue.element-limit = 1024 (custom)
2023-06-22 21:35:13,802 [45e724c1-f4a6-4405-a7cb-dfa9f2e55867-groupManagement] INFO  server.RaftServerConfigKeys (ConfUtils.java:logGet(46)) - raft.server.log.segment.size.max = 1048576 (custom)
2023-06-22 21:35:13,802 [45e724c1-f4a6-4405-a7cb-dfa9f2e55867-groupManagement] INFO  server.RaftServerConfigKeys (ConfUtils.java:logGet(46)) - raft.server.log.preallocated.size = 16384 (custom)
2023-06-22 21:35:13,802 [45e724c1-f4a6-4405-a7cb-dfa9f2e55867-groupManagement] INFO  server.RaftServerConfigKeys (ConfUtils.java:logGet(46)) - raft.server.log.force.sync.num = 128 (default)
2023-06-22 21:35:13,802 [45e724c1-f4a6-4405-a7cb-dfa9f2e55867-groupManagement] INFO  server.RaftServerConfigKeys (ConfUtils.java:logGet(46)) - raft.server.log.statemachine.data.sync = true (default)
2023-06-22 21:35:13,802 [45e724c1-f4a6-4405-a7cb-dfa9f2e55867-groupManagement] INFO  server.RaftServerConfigKeys (ConfUtils.java:logGet(46)) - raft.server.log.statemachine.data.sync.timeout = 10s (default)
2023-06-22 21:35:13,802 [45e724c1-f4a6-4405-a7cb-dfa9f2e55867-groupManagement] INFO  server.RaftServerConfigKeys (ConfUtils.java:logGet(46)) - raft.server.log.statemachine.data.sync.timeout.retry = -1 (default)
2023-06-22 21:35:13,802 [EventQueue-OpenPipelineForHealthyPipelineSafeModeRule] INFO  safemode.SCMSafeModeManager (HealthyPipelineSafeModeRule.java:process(137)) - SCM in safe mode. Healthy pipelines reported count is 0, required healthy pipeline reported count is 1
2023-06-22 21:35:13,805 [45e724c1-f4a6-4405-a7cb-dfa9f2e55867-groupManagement] INFO  server.RaftServerConfigKeys (ConfUtils.java:logGet(46)) - raft.server.log.write.buffer.size = 1048576 (custom)
2023-06-22 21:35:13,806 [45e724c1-f4a6-4405-a7cb-dfa9f2e55867-groupManagement] INFO  server.RaftServerConfigKeys (ConfUtils.java:logGet(46)) - raft.server.log.appender.buffer.byte-limit = 33554432 (custom)
2023-06-22 21:35:13,813 [45e724c1-f4a6-4405-a7cb-dfa9f2e55867-groupManagement] INFO  server.RaftServerConfigKeys (ConfUtils.java:logGet(46)) - raft.server.log.unsafe-flush.enabled = false (default)
2023-06-22 21:35:13,814 [45e724c1-f4a6-4405-a7cb-dfa9f2e55867-groupManagement] INFO  server.RaftServerConfigKeys (ConfUtils.java:logGet(46)) - raft.server.log.async-flush.enabled = false (default)
2023-06-22 21:35:13,814 [45e724c1-f4a6-4405-a7cb-dfa9f2e55867-groupManagement] INFO  server.RaftServerConfigKeys (ConfUtils.java:logGet(46)) - raft.server.log.statemachine.data.caching.enabled = true (custom)
2023-06-22 21:35:13,815 [45e724c1-f4a6-4405-a7cb-dfa9f2e55867-groupManagement] INFO  segmented.SegmentedRaftLogWorker (SegmentedRaftLogWorker.java:lambda$new$0(135)) - 45e724c1-f4a6-4405-a7cb-dfa9f2e55867@group-1D9C35B47DFD-SegmentedRaftLogWorker: flushIndex: setUnconditionally 0 -> -1
2023-06-22 21:35:13,815 [45e724c1-f4a6-4405-a7cb-dfa9f2e55867-groupManagement] INFO  segmented.SegmentedRaftLogWorker (SegmentedRaftLogWorker.java:lambda$new$0(135)) - 45e724c1-f4a6-4405-a7cb-dfa9f2e55867@group-1D9C35B47DFD-SegmentedRaftLogWorker: safeCacheEvictIndex: setUnconditionally 0 -> -1
2023-06-22 21:35:13,815 [45e724c1-f4a6-4405-a7cb-dfa9f2e55867-groupManagement] INFO  server.RaftServer$Division (RaftServerImpl.java:start(342)) - 45e724c1-f4a6-4405-a7cb-dfa9f2e55867@group-1D9C35B47DFD: start as a follower, conf=-1: peers:[84a824f3-7f5d-4f33-8f93-63e849b7c227|rpc:10.1.1.69:15023|admin:10.1.1.69:15022|client:10.1.1.69:15021|dataStream:10.1.1.69:15024|priority:0|startupRole:FOLLOWER, 470642db-8038-41e5-a5f3-81d987be2f99|rpc:10.1.1.69:15032|admin:10.1.1.69:15031|client:10.1.1.69:15030|dataStream:10.1.1.69:15033|priority:0|startupRole:FOLLOWER, 45e724c1-f4a6-4405-a7cb-dfa9f2e55867|rpc:10.1.1.69:15014|admin:10.1.1.69:15013|client:10.1.1.69:15012|dataStream:10.1.1.69:15015|priority:1|startupRole:FOLLOWER]|listeners:[], old=null
2023-06-22 21:35:13,815 [45e724c1-f4a6-4405-a7cb-dfa9f2e55867-groupManagement] INFO  server.RaftServer$Division (RaftServerImpl.java:setRole(329)) - 45e724c1-f4a6-4405-a7cb-dfa9f2e55867@group-1D9C35B47DFD: changes role from      null to FOLLOWER at term 0 for startAsFollower
2023-06-22 21:35:13,815 [45e724c1-f4a6-4405-a7cb-dfa9f2e55867-groupManagement] INFO  impl.RoleInfo (RoleInfo.java:updateAndGet(139)) - 45e724c1-f4a6-4405-a7cb-dfa9f2e55867: start 45e724c1-f4a6-4405-a7cb-dfa9f2e55867@group-1D9C35B47DFD-FollowerState
2023-06-22 21:35:13,816 [45e724c1-f4a6-4405-a7cb-dfa9f2e55867@group-1D9C35B47DFD-FollowerState] INFO  server.RaftServerConfigKeys (ConfUtils.java:logFallback(53)) - raft.server.rpc.first-election.timeout.min = 5s (fallback to raft.server.rpc.timeout.min)
2023-06-22 21:35:13,821 [45e724c1-f4a6-4405-a7cb-dfa9f2e55867@group-1D9C35B47DFD-FollowerState] INFO  server.RaftServerConfigKeys (ConfUtils.java:logFallback(53)) - raft.server.rpc.first-election.timeout.max = 5200ms (fallback to raft.server.rpc.timeout.max)
2023-06-22 21:35:13,817 [45e724c1-f4a6-4405-a7cb-dfa9f2e55867-groupManagement] INFO  util.JmxRegister (JmxRegister.java:tryRegister(44)) - Successfully registered JMX Bean with object name Ratis:service=RaftServer,group=group-1D9C35B47DFD,id=45e724c1-f4a6-4405-a7cb-dfa9f2e55867
2023-06-22 21:35:13,822 [45e724c1-f4a6-4405-a7cb-dfa9f2e55867-groupManagement] INFO  server.RaftServerConfigKeys (ConfUtils.java:logGet(46)) - raft.server.snapshot.auto.trigger.enabled = true (custom)
2023-06-22 21:35:13,822 [45e724c1-f4a6-4405-a7cb-dfa9f2e55867-groupManagement] INFO  server.RaftServerConfigKeys (ConfUtils.java:logGet(46)) - raft.server.snapshot.auto.trigger.threshold = 10000 (custom)
2023-06-22 21:35:13,822 [45e724c1-f4a6-4405-a7cb-dfa9f2e55867-groupManagement] INFO  server.RaftServerConfigKeys (ConfUtils.java:logGet(46)) - raft.server.snapshot.retention.file.num = 5 (custom)
2023-06-22 21:35:13,822 [45e724c1-f4a6-4405-a7cb-dfa9f2e55867-groupManagement] INFO  server.RaftServerConfigKeys (ConfUtils.java:logGet(46)) - raft.server.log.purge.upto.snapshot.index = false (default)
2023-06-22 21:35:13,823 [PipelineCommandHandlerThread-0] INFO  ratis.XceiverServerRatis (XceiverServerRatis.java:addGroup(804)) - Created group PipelineID=7edd585c-dcb0-4340-be99-1d9c35b47dfd
2023-06-22 21:35:14,257 [PipelineCommandHandlerThread-0] INFO  server.RaftServer (RaftServerProxy.java:addNew(98)) - 84a824f3-7f5d-4f33-8f93-63e849b7c227: addNew group-FF2192B43C5E:[84a824f3-7f5d-4f33-8f93-63e849b7c227|rpc:10.1.1.69:15023|admin:10.1.1.69:15022|client:10.1.1.69:15021|dataStream:10.1.1.69:15024|priority:1|startupRole:FOLLOWER] returns group-FF2192B43C5E:java.util.concurrent.CompletableFuture@6cbe77ac[Not completed]
2023-06-22 21:35:14,268 [84a824f3-7f5d-4f33-8f93-63e849b7c227-groupManagement] INFO  server.RaftServer$Division (RaftServerImpl.java:<init>(198)) - 84a824f3-7f5d-4f33-8f93-63e849b7c227: new RaftServerImpl for group-FF2192B43C5E:[84a824f3-7f5d-4f33-8f93-63e849b7c227|rpc:10.1.1.69:15023|admin:10.1.1.69:15022|client:10.1.1.69:15021|dataStream:10.1.1.69:15024|priority:1|startupRole:FOLLOWER] with ContainerStateMachine:uninitialized
2023-06-22 21:35:14,268 [84a824f3-7f5d-4f33-8f93-63e849b7c227-groupManagement] INFO  server.RaftServerConfigKeys (ConfUtils.java:logGet(46)) - raft.server.rpc.timeout.min = 5s (custom)
2023-06-22 21:35:14,268 [84a824f3-7f5d-4f33-8f93-63e849b7c227-groupManagement] INFO  server.RaftServerConfigKeys (ConfUtils.java:logGet(46)) - raft.server.rpc.timeout.max = 5200ms (custom)
2023-06-22 21:35:14,268 [84a824f3-7f5d-4f33-8f93-63e849b7c227-groupManagement] INFO  server.RaftServerConfigKeys (ConfUtils.java:logGet(46)) - raft.server.rpc.sleep.time = 25ms (default)
2023-06-22 21:35:14,269 [84a824f3-7f5d-4f33-8f93-63e849b7c227-groupManagement] INFO  server.RaftServerConfigKeys (ConfUtils.java:logGet(46)) - raft.server.rpc.slowness.timeout = 300s (custom)
2023-06-22 21:35:14,269 [84a824f3-7f5d-4f33-8f93-63e849b7c227-groupManagement] INFO  server.RaftServerConfigKeys (ConfUtils.java:logGet(46)) - raft.server.leaderelection.leader.step-down.wait-time = 10s (default)
2023-06-22 21:35:14,269 [84a824f3-7f5d-4f33-8f93-63e849b7c227-groupManagement] INFO  server.RaftServerConfigKeys (ConfUtils.java:logGet(46)) - raft.server.sleep.deviation.threshold = 300ms (default)
2023-06-22 21:35:14,269 [84a824f3-7f5d-4f33-8f93-63e849b7c227-groupManagement] INFO  server.RaftServer$Division (ServerState.java:<init>(120)) - 84a824f3-7f5d-4f33-8f93-63e849b7c227@group-FF2192B43C5E: ConfigurationManager, init=-1: peers:[84a824f3-7f5d-4f33-8f93-63e849b7c227|rpc:10.1.1.69:15023|admin:10.1.1.69:15022|client:10.1.1.69:15021|dataStream:10.1.1.69:15024|priority:1|startupRole:FOLLOWER]|listeners:[], old=null, confs=<EMPTY_MAP>
2023-06-22 21:35:14,269 [84a824f3-7f5d-4f33-8f93-63e849b7c227-groupManagement] INFO  server.RaftServerConfigKeys (ConfUtils.java:logGet(46)) - raft.server.storage.dir = [/home/runner/work/ozone/ozone/hadoop-ozone/integration-test/target/test-dir/MiniOzoneClusterImpl-00f3567e-e140-4cd7-bd5a-f6438c2bd6c1/datanode-1/data/ratis] (custom)
2023-06-22 21:35:14,269 [84a824f3-7f5d-4f33-8f93-63e849b7c227-groupManagement] INFO  server.RaftServerConfigKeys (ConfUtils.java:logGet(46)) - raft.server.log.corruption.policy = EXCEPTION (default)
2023-06-22 21:35:14,269 [84a824f3-7f5d-4f33-8f93-63e849b7c227-groupManagement] INFO  server.RaftServerConfigKeys (ConfUtils.java:logGet(46)) - raft.server.storage.free-space.min = 0MB (=0) (default)
2023-06-22 21:35:14,269 [84a824f3-7f5d-4f33-8f93-63e849b7c227-groupManagement] INFO  server.RaftServerConfigKeys (ConfUtils.java:logGet(46)) - raft.server.notification.no-leader.timeout = 300s (custom)
2023-06-22 21:35:14,269 [84a824f3-7f5d-4f33-8f93-63e849b7c227-groupManagement] INFO  server.RaftServerConfigKeys (ConfUtils.java:logGet(46)) - raft.server.read.timeout = 10s (default)
2023-06-22 21:35:14,269 [84a824f3-7f5d-4f33-8f93-63e849b7c227-groupManagement] INFO  server.RaftServerConfigKeys (ConfUtils.java:logGet(46)) - raft.server.retrycache.expirytime = 600000ms (custom)
2023-06-22 21:35:14,269 [84a824f3-7f5d-4f33-8f93-63e849b7c227-groupManagement] INFO  server.RaftServerConfigKeys (ConfUtils.java:logGet(46)) - raft.server.retrycache.statistics.expirytime = 100μs (default)
2023-06-22 21:35:14,270 [84a824f3-7f5d-4f33-8f93-63e849b7c227-groupManagement] INFO  server.RaftServerConfigKeys (ConfUtils.java:logGet(46)) - raft.server.read.option = DEFAULT (default)
2023-06-22 21:35:14,295 [84a824f3-7f5d-4f33-8f93-63e849b7c227-groupManagement] INFO  server.RaftServerConfigKeys (ConfUtils.java:logGet(46)) - raft.server.rpc.request.timeout = 60s (custom)
2023-06-22 21:35:14,295 [84a824f3-7f5d-4f33-8f93-63e849b7c227-groupManagement] INFO  server.RaftServerConfigKeys (ConfUtils.java:logGet(46)) - raft.server.log.appender.install.snapshot.enabled = false (custom)
2023-06-22 21:35:14,295 [84a824f3-7f5d-4f33-8f93-63e849b7c227-groupManagement] INFO  server.RaftServerConfigKeys (ConfUtils.java:logGet(46)) - raft.server.threadpool.server.cached = true (default)
2023-06-22 21:35:14,295 [84a824f3-7f5d-4f33-8f93-63e849b7c227-groupManagement] INFO  server.RaftServerConfigKeys (ConfUtils.java:logGet(46)) - raft.server.threadpool.server.size = 0 (default)
2023-06-22 21:35:14,295 [84a824f3-7f5d-4f33-8f93-63e849b7c227-groupManagement] INFO  server.RaftServerConfigKeys (ConfUtils.java:logGet(46)) - raft.server.threadpool.client.cached = true (default)
2023-06-22 21:35:14,295 [84a824f3-7f5d-4f33-8f93-63e849b7c227-groupManagement] INFO  server.RaftServerConfigKeys (ConfUtils.java:logGet(46)) - raft.server.threadpool.client.size = 0 (default)
2023-06-22 21:35:14,295 [84a824f3-7f5d-4f33-8f93-63e849b7c227-groupManagement] INFO  storage.RaftStorageDirectory (RaftStorageDirectoryImpl.java:analyzeStorage(137)) - The storage directory /home/runner/work/ozone/ozone/hadoop-ozone/integration-test/target/test-dir/MiniOzoneClusterImpl-00f3567e-e140-4cd7-bd5a-f6438c2bd6c1/datanode-1/data/ratis/0cfc2953-45a1-4cfe-b0a1-ff2192b43c5e does not exist. Creating ...
2023-06-22 21:35:14,301 [84a824f3-7f5d-4f33-8f93-63e849b7c227-groupManagement] INFO  storage.RaftStorageDirectory (RaftStorageDirectoryImpl.java:tryLock(231)) - Lock on /home/runner/work/ozone/ozone/hadoop-ozone/integration-test/target/test-dir/MiniOzoneClusterImpl-00f3567e-e140-4cd7-bd5a-f6438c2bd6c1/datanode-1/data/ratis/0cfc2953-45a1-4cfe-b0a1-ff2192b43c5e/in_use.lock acquired by nodename 41615@fv-az504-135
2023-06-22 21:35:14,303 [84a824f3-7f5d-4f33-8f93-63e849b7c227-groupManagement] INFO  storage.RaftStorage (RaftStorageImpl.java:format(96)) - Storage directory /home/runner/work/ozone/ozone/hadoop-ozone/integration-test/target/test-dir/MiniOzoneClusterImpl-00f3567e-e140-4cd7-bd5a-f6438c2bd6c1/datanode-1/data/ratis/0cfc2953-45a1-4cfe-b0a1-ff2192b43c5e has been successfully formatted.
2023-06-22 21:35:14,307 [84a824f3-7f5d-4f33-8f93-63e849b7c227-groupManagement] INFO  ratis.ContainerStateMachine (ContainerStateMachine.java:loadSnapshot(262)) - group-FF2192B43C5E: The snapshot info is null. Setting the last applied indexto:(t:0, i:~)
2023-06-22 21:35:14,308 [84a824f3-7f5d-4f33-8f93-63e849b7c227-groupManagement] INFO  server.RaftServerConfigKeys (ConfUtils.java:logGet(46)) - raft.server.log.use.memory = false (default)
2023-06-22 21:35:14,308 [84a824f3-7f5d-4f33-8f93-63e849b7c227-groupManagement] INFO  server.RaftServerConfigKeys (ConfUtils.java:logGet(46)) - raft.server.log.purge.gap = 1000000 (custom)
2023-06-22 21:35:14,308 [84a824f3-7f5d-4f33-8f93-63e849b7c227-groupManagement] INFO  server.RaftServerConfigKeys (ConfUtils.java:logGet(46)) - raft.server.log.appender.buffer.byte-limit = 33554432 (custom)
2023-06-22 21:35:14,308 [84a824f3-7f5d-4f33-8f93-63e849b7c227-groupManagement] INFO  server.RaftServerConfigKeys (ConfUtils.java:logGet(46)) - raft.server.log.statemachine.data.read.timeout = 1000ms (default)
2023-06-22 21:35:14,308 [84a824f3-7f5d-4f33-8f93-63e849b7c227-groupManagement] INFO  server.RaftServerConfigKeys (ConfUtils.java:logGet(46)) - raft.server.log.purge.preservation.log.num = 0 (default)
2023-06-22 21:35:14,308 [84a824f3-7f5d-4f33-8f93-63e849b7c227-groupManagement] INFO  server.RaftServerConfigKeys (ConfUtils.java:logGet(46)) - raft.server.log.segment.size.max = 1048576 (custom)
2023-06-22 21:35:14,317 [84a824f3-7f5d-4f33-8f93-63e849b7c227-groupManagement] INFO  server.RaftServerConfigKeys (ConfUtils.java:logGet(46)) - raft.server.log.segment.cache.num.max = 2 (custom)
2023-06-22 21:35:14,317 [84a824f3-7f5d-4f33-8f93-63e849b7c227-groupManagement] INFO  server.RaftServerConfigKeys (ConfUtils.java:logGet(46)) - raft.server.log.segment.cache.size.max = 200MB (=209715200) (default)
2023-06-22 21:35:14,325 [84a824f3-7f5d-4f33-8f93-63e849b7c227-groupManagement] INFO  server.RaftServerConfigKeys (ConfUtils.java:logGet(46)) - raft.server.log.appender.buffer.byte-limit = 33554432 (custom)
2023-06-22 21:35:14,325 [84a824f3-7f5d-4f33-8f93-63e849b7c227-groupManagement] INFO  segmented.SegmentedRaftLogWorker (SegmentedRaftLogWorker.java:<init>(188)) - new 84a824f3-7f5d-4f33-8f93-63e849b7c227@group-FF2192B43C5E-SegmentedRaftLogWorker for RaftStorageImpl:Storage Directory /home/runner/work/ozone/ozone/hadoop-ozone/integration-test/target/test-dir/MiniOzoneClusterImpl-00f3567e-e140-4cd7-bd5a-f6438c2bd6c1/datanode-1/data/ratis/0cfc2953-45a1-4cfe-b0a1-ff2192b43c5e
2023-06-22 21:35:14,325 [84a824f3-7f5d-4f33-8f93-63e849b7c227-groupManagement] INFO  server.RaftServerConfigKeys (ConfUtils.java:logGet(46)) - raft.server.log.queue.byte-limit = 4294967296 (custom)
2023-06-22 21:35:14,325 [84a824f3-7f5d-4f33-8f93-63e849b7c227-groupManagement] INFO  server.RaftServerConfigKeys (ConfUtils.java:logGet(46)) - raft.server.log.queue.element-limit = 1024 (custom)
2023-06-22 21:35:14,325 [84a824f3-7f5d-4f33-8f93-63e849b7c227-groupManagement] INFO  server.RaftServerConfigKeys (ConfUtils.java:logGet(46)) - raft.server.log.segment.size.max = 1048576 (custom)
2023-06-22 21:35:14,325 [84a824f3-7f5d-4f33-8f93-63e849b7c227-groupManagement] INFO  server.RaftServerConfigKeys (ConfUtils.java:logGet(46)) - raft.server.log.preallocated.size = 16384 (custom)
2023-06-22 21:35:14,326 [84a824f3-7f5d-4f33-8f93-63e849b7c227-groupManagement] INFO  server.RaftServerConfigKeys (ConfUtils.java:logGet(46)) - raft.server.log.force.sync.num = 128 (default)
2023-06-22 21:35:14,326 [84a824f3-7f5d-4f33-8f93-63e849b7c227-groupManagement] INFO  server.RaftServerConfigKeys (ConfUtils.java:logGet(46)) - raft.server.log.statemachine.data.sync = true (default)
2023-06-22 21:35:14,326 [84a824f3-7f5d-4f33-8f93-63e849b7c227-groupManagement] INFO  server.RaftServerConfigKeys (ConfUtils.java:logGet(46)) - raft.server.log.statemachine.data.sync.timeout = 10s (default)
2023-06-22 21:35:14,326 [84a824f3-7f5d-4f33-8f93-63e849b7c227-groupManagement] INFO  server.RaftServerConfigKeys (ConfUtils.java:logGet(46)) - raft.server.log.statemachine.data.sync.timeout.retry = -1 (default)
2023-06-22 21:35:14,326 [EventQueue-PipelineReportForPipelineReportHandler] INFO  pipeline.PipelineManagerImpl (PipelineManagerImpl.java:openPipeline(367)) - Pipeline Pipeline[ Id: 0cfc2953-45a1-4cfe-b0a1-ff2192b43c5e, Nodes: 84a824f3-7f5d-4f33-8f93-63e849b7c227(fv-az504-135/10.1.1.69), ReplicationConfig: RATIS/ONE, State:ALLOCATED, leaderId:84a824f3-7f5d-4f33-8f93-63e849b7c227, CreationTimestamp2023-06-22T21:35:11.246Z[Etc/UTC]] moved to OPEN state
2023-06-22 21:35:14,327 [84a824f3-7f5d-4f33-8f93-63e849b7c227-groupManagement] INFO  server.RaftServerConfigKeys (ConfUtils.java:logGet(46)) - raft.server.log.write.buffer.size = 1048576 (custom)
2023-06-22 21:35:14,327 [EventQueue-OpenPipelineForHealthyPipelineSafeModeRule] INFO  safemode.SCMSafeModeManager (HealthyPipelineSafeModeRule.java:process(137)) - SCM in safe mode. Healthy pipelines reported count is 0, required healthy pipeline reported count is 1
2023-06-22 21:35:14,328 [84a824f3-7f5d-4f33-8f93-63e849b7c227-groupManagement] INFO  server.RaftServerConfigKeys (ConfUtils.java:logGet(46)) - raft.server.log.appender.buffer.byte-limit = 33554432 (custom)
2023-06-22 21:35:14,626 [JvmPauseMonitor6] WARN  util.JvmPauseMonitor (JvmPauseMonitor.java:detectPause(124)) - JvmPauseMonitor-e93313c7-0cf0-4fbd-b335-d67d16700e0a: Detected pause in JVM or host machine approximately 0.149s with 0.277s GC time.
GC pool 'PS MarkSweep' had collection(s): count=1 time=174ms
GC pool 'PS Scavenge' had collection(s): count=1 time=103ms
2023-06-22 21:35:14,627 [main] INFO  ozone.MiniOzoneClusterImpl (MiniOzoneClusterImpl.java:lambda$waitForClusterToBeReady$0(224)) - Nodes are ready. Got 5 of 5 DN Heartbeats.
2023-06-22 21:35:14,627 [main] INFO  ozone.MiniOzoneClusterImpl (MiniOzoneClusterImpl.java:lambda$waitForClusterToBeReady$0(227)) - Waiting for cluster to exit safe mode
2023-06-22 21:35:14,627 [main] INFO  ozone.MiniOzoneClusterImpl (MiniOzoneClusterImpl.java:lambda$waitForClusterToBeReady$0(229)) - SCM became leader
2023-06-22 21:35:14,627 [JvmPauseMonitor2] WARN  util.JvmPauseMonitor (JvmPauseMonitor.java:detectPause(124)) - JvmPauseMonitor-45e724c1-f4a6-4405-a7cb-dfa9f2e55867: Detected pause in JVM or host machine approximately 0.275s with 0.277s GC time.
GC pool 'PS MarkSweep' had collection(s): count=1 time=174ms
GC pool 'PS Scavenge' had collection(s): count=1 time=103ms
2023-06-22 21:35:14,628 [84a824f3-7f5d-4f33-8f93-63e849b7c227-groupManagement] INFO  server.RaftServerConfigKeys (ConfUtils.java:logGet(46)) - raft.server.log.unsafe-flush.enabled = false (default)
2023-06-22 21:35:14,628 [84a824f3-7f5d-4f33-8f93-63e849b7c227-groupManagement] INFO  server.RaftServerConfigKeys (ConfUtils.java:logGet(46)) - raft.server.log.async-flush.enabled = false (default)
2023-06-22 21:35:14,628 [84a824f3-7f5d-4f33-8f93-63e849b7c227-groupManagement] INFO  server.RaftServerConfigKeys (ConfUtils.java:logGet(46)) - raft.server.log.statemachine.data.caching.enabled = true (custom)
2023-06-22 21:35:14,628 [84a824f3-7f5d-4f33-8f93-63e849b7c227-groupManagement] INFO  segmented.SegmentedRaftLogWorker (SegmentedRaftLogWorker.java:lambda$new$0(135)) - 84a824f3-7f5d-4f33-8f93-63e849b7c227@group-FF2192B43C5E-SegmentedRaftLogWorker: flushIndex: setUnconditionally 0 -> -1
2023-06-22 21:35:14,628 [84a824f3-7f5d-4f33-8f93-63e849b7c227-groupManagement] INFO  segmented.SegmentedRaftLogWorker (SegmentedRaftLogWorker.java:lambda$new$0(135)) - 84a824f3-7f5d-4f33-8f93-63e849b7c227@group-FF2192B43C5E-SegmentedRaftLogWorker: safeCacheEvictIndex: setUnconditionally 0 -> -1
2023-06-22 21:35:14,628 [JvmPauseMonitor1] WARN  util.JvmPauseMonitor (JvmPauseMonitor.java:detectPause(124)) - JvmPauseMonitor-om1: Detected pause in JVM or host machine approximately 0.133s with 0.277s GC time.
GC pool 'PS MarkSweep' had collection(s): count=1 time=174ms
GC pool 'PS Scavenge' had collection(s): count=1 time=103ms
2023-06-22 21:35:14,629 [84a824f3-7f5d-4f33-8f93-63e849b7c227-groupManagement] INFO  server.RaftServer$Division (RaftServerImpl.java:start(342)) - 84a824f3-7f5d-4f33-8f93-63e849b7c227@group-FF2192B43C5E: start as a follower, conf=-1: peers:[84a824f3-7f5d-4f33-8f93-63e849b7c227|rpc:10.1.1.69:15023|admin:10.1.1.69:15022|client:10.1.1.69:15021|dataStream:10.1.1.69:15024|priority:1|startupRole:FOLLOWER]|listeners:[], old=null
2023-06-22 21:35:14,629 [84a824f3-7f5d-4f33-8f93-63e849b7c227-groupManagement] INFO  server.RaftServer$Division (RaftServerImpl.java:setRole(329)) - 84a824f3-7f5d-4f33-8f93-63e849b7c227@group-FF2192B43C5E: changes role from      null to FOLLOWER at term 0 for startAsFollower
2023-06-22 21:35:14,629 [84a824f3-7f5d-4f33-8f93-63e849b7c227-groupManagement] INFO  impl.RoleInfo (RoleInfo.java:updateAndGet(139)) - 84a824f3-7f5d-4f33-8f93-63e849b7c227: start 84a824f3-7f5d-4f33-8f93-63e849b7c227@group-FF2192B43C5E-FollowerState
2023-06-22 21:35:14,629 [84a824f3-7f5d-4f33-8f93-63e849b7c227-groupManagement] INFO  util.JmxRegister (JmxRegister.java:tryRegister(44)) - Successfully registered JMX Bean with object name Ratis:service=RaftServer,group=group-FF2192B43C5E,id=84a824f3-7f5d-4f33-8f93-63e849b7c227
2023-06-22 21:35:14,636 [84a824f3-7f5d-4f33-8f93-63e849b7c227-groupManagement] INFO  server.RaftServerConfigKeys (ConfUtils.java:logGet(46)) - raft.server.snapshot.auto.trigger.enabled = true (custom)
2023-06-22 21:35:14,636 [84a824f3-7f5d-4f33-8f93-63e849b7c227-groupManagement] INFO  server.RaftServerConfigKeys (ConfUtils.java:logGet(46)) - raft.server.snapshot.auto.trigger.threshold = 10000 (custom)
2023-06-22 21:35:14,636 [84a824f3-7f5d-4f33-8f93-63e849b7c227-groupManagement] INFO  server.RaftServerConfigKeys (ConfUtils.java:logGet(46)) - raft.server.snapshot.retention.file.num = 5 (custom)
2023-06-22 21:35:14,636 [84a824f3-7f5d-4f33-8f93-63e849b7c227-groupManagement] INFO  server.RaftServerConfigKeys (ConfUtils.java:logGet(46)) - raft.server.log.purge.upto.snapshot.index = false (default)
2023-06-22 21:35:14,642 [84a824f3-7f5d-4f33-8f93-63e849b7c227@group-FF2192B43C5E-FollowerState] INFO  server.RaftServerConfigKeys (ConfUtils.java:logFallback(53)) - raft.server.rpc.first-election.timeout.min = 5s (fallback to raft.server.rpc.timeout.min)
2023-06-22 21:35:14,642 [84a824f3-7f5d-4f33-8f93-63e849b7c227@group-FF2192B43C5E-FollowerState] INFO  server.RaftServerConfigKeys (ConfUtils.java:logFallback(53)) - raft.server.rpc.first-election.timeout.max = 5200ms (fallback to raft.server.rpc.timeout.max)
2023-06-22 21:35:14,642 [PipelineCommandHandlerThread-0] INFO  server.RaftServer (RaftServerProxy.java:addNew(98)) - 470642db-8038-41e5-a5f3-81d987be2f99: addNew group-A70F0797E8D8:[470642db-8038-41e5-a5f3-81d987be2f99|rpc:10.1.1.69:15032|admin:10.1.1.69:15031|client:10.1.1.69:15030|dataStream:10.1.1.69:15033|priority:1|startupRole:FOLLOWER] returns group-A70F0797E8D8:java.util.concurrent.CompletableFuture@65fdb84e[Not completed]
2023-06-22 21:35:14,642 [grpc-default-executor-0] INFO  server.RaftServer (RaftServerProxy.java:addNew(98)) - 470642db-8038-41e5-a5f3-81d987be2f99: addNew group-1D9C35B47DFD:[84a824f3-7f5d-4f33-8f93-63e849b7c227|rpc:10.1.1.69:15023|admin:10.1.1.69:15022|client:10.1.1.69:15021|dataStream:10.1.1.69:15024|priority:0|startupRole:FOLLOWER, 470642db-8038-41e5-a5f3-81d987be2f99|rpc:10.1.1.69:15032|admin:10.1.1.69:15031|client:10.1.1.69:15030|dataStream:10.1.1.69:15033|priority:0|startupRole:FOLLOWER, 45e724c1-f4a6-4405-a7cb-dfa9f2e55867|rpc:10.1.1.69:15014|admin:10.1.1.69:15013|client:10.1.1.69:15012|dataStream:10.1.1.69:15015|priority:1|startupRole:FOLLOWER] returns group-1D9C35B47DFD:java.util.concurrent.CompletableFuture@4b684d0c[Not completed]
2023-06-22 21:35:14,650 [470642db-8038-41e5-a5f3-81d987be2f99-groupManagement] INFO  server.RaftServer$Division (RaftServerImpl.java:<init>(198)) - 470642db-8038-41e5-a5f3-81d987be2f99: new RaftServerImpl for group-A70F0797E8D8:[470642db-8038-41e5-a5f3-81d987be2f99|rpc:10.1.1.69:15032|admin:10.1.1.69:15031|client:10.1.1.69:15030|dataStream:10.1.1.69:15033|priority:1|startupRole:FOLLOWER] with ContainerStateMachine:uninitialized
2023-06-22 21:35:14,650 [470642db-8038-41e5-a5f3-81d987be2f99-groupManagement] INFO  server.RaftServerConfigKeys (ConfUtils.java:logGet(46)) - raft.server.rpc.timeout.min = 5s (custom)
2023-06-22 21:35:14,651 [470642db-8038-41e5-a5f3-81d987be2f99-groupManagement] INFO  server.RaftServerConfigKeys (ConfUtils.java:logGet(46)) - raft.server.rpc.timeout.max = 5200ms (custom)
2023-06-22 21:35:14,651 [470642db-8038-41e5-a5f3-81d987be2f99-groupManagement] INFO  server.RaftServerConfigKeys (ConfUtils.java:logGet(46)) - raft.server.rpc.sleep.time = 25ms (default)
2023-06-22 21:35:14,651 [470642db-8038-41e5-a5f3-81d987be2f99-groupManagement] INFO  server.RaftServerConfigKeys (ConfUtils.java:logGet(46)) - raft.server.rpc.slowness.timeout = 300s (custom)
2023-06-22 21:35:14,651 [470642db-8038-41e5-a5f3-81d987be2f99-groupManagement] INFO  server.RaftServerConfigKeys (ConfUtils.java:logGet(46)) - raft.server.leaderelection.leader.step-down.wait-time = 10s (default)
2023-06-22 21:35:14,651 [470642db-8038-41e5-a5f3-81d987be2f99-groupManagement] INFO  server.RaftServerConfigKeys (ConfUtils.java:logGet(46)) - raft.server.sleep.deviation.threshold = 300ms (default)
2023-06-22 21:35:14,651 [470642db-8038-41e5-a5f3-81d987be2f99-groupManagement] INFO  server.RaftServer$Division (ServerState.java:<init>(120)) - 470642db-8038-41e5-a5f3-81d987be2f99@group-A70F0797E8D8: ConfigurationManager, init=-1: peers:[470642db-8038-41e5-a5f3-81d987be2f99|rpc:10.1.1.69:15032|admin:10.1.1.69:15031|client:10.1.1.69:15030|dataStream:10.1.1.69:15033|priority:1|startupRole:FOLLOWER]|listeners:[], old=null, confs=<EMPTY_MAP>
2023-06-22 21:35:14,651 [470642db-8038-41e5-a5f3-81d987be2f99-groupManagement] INFO  server.RaftServerConfigKeys (ConfUtils.java:logGet(46)) - raft.server.storage.dir = [/home/runner/work/ozone/ozone/hadoop-ozone/integration-test/target/test-dir/MiniOzoneClusterImpl-00f3567e-e140-4cd7-bd5a-f6438c2bd6c1/datanode-2/data/ratis] (custom)
2023-06-22 21:35:14,651 [470642db-8038-41e5-a5f3-81d987be2f99-groupManagement] INFO  server.RaftServerConfigKeys (ConfUtils.java:logGet(46)) - raft.server.log.corruption.policy = EXCEPTION (default)
2023-06-22 21:35:14,651 [470642db-8038-41e5-a5f3-81d987be2f99-groupManagement] INFO  server.RaftServerConfigKeys (ConfUtils.java:logGet(46)) - raft.server.storage.free-space.min = 0MB (=0) (default)
2023-06-22 21:35:14,651 [470642db-8038-41e5-a5f3-81d987be2f99-groupManagement] INFO  server.RaftServerConfigKeys (ConfUtils.java:logGet(46)) - raft.server.notification.no-leader.timeout = 300s (custom)
2023-06-22 21:35:14,651 [470642db-8038-41e5-a5f3-81d987be2f99-groupManagement] INFO  server.RaftServerConfigKeys (ConfUtils.java:logGet(46)) - raft.server.read.timeout = 10s (default)
2023-06-22 21:35:14,652 [470642db-8038-41e5-a5f3-81d987be2f99-groupManagement] INFO  server.RaftServerConfigKeys (ConfUtils.java:logGet(46)) - raft.server.retrycache.expirytime = 600000ms (custom)
2023-06-22 21:35:14,652 [470642db-8038-41e5-a5f3-81d987be2f99-groupManagement] INFO  server.RaftServerConfigKeys (ConfUtils.java:logGet(46)) - raft.server.retrycache.statistics.expirytime = 100μs (default)
2023-06-22 21:35:14,652 [470642db-8038-41e5-a5f3-81d987be2f99-groupManagement] INFO  server.RaftServerConfigKeys (ConfUtils.java:logGet(46)) - raft.server.read.option = DEFAULT (default)
2023-06-22 21:35:14,655 [PipelineCommandHandlerThread-0] INFO  ratis.XceiverServerRatis (XceiverServerRatis.java:addGroup(804)) - Created group PipelineID=0cfc2953-45a1-4cfe-b0a1-ff2192b43c5e
2023-06-22 21:35:14,656 [PipelineCommandHandlerThread-0] INFO  commandhandler.CreatePipelineCommandHandler (CreatePipelineCommandHandler.java:lambda$handle$2(124)) - Created Pipeline RATIS ONE PipelineID=0cfc2953-45a1-4cfe-b0a1-ff2192b43c5e.
2023-06-22 21:35:14,657 [PipelineCommandHandlerThread-0] INFO  server.RaftServer (RaftServerProxy.java:addNew(98)) - 84a824f3-7f5d-4f33-8f93-63e849b7c227: addNew group-1D9C35B47DFD:[84a824f3-7f5d-4f33-8f93-63e849b7c227|rpc:10.1.1.69:15023|admin:10.1.1.69:15022|client:10.1.1.69:15021|dataStream:10.1.1.69:15024|priority:0|startupRole:FOLLOWER, 470642db-8038-41e5-a5f3-81d987be2f99|rpc:10.1.1.69:15032|admin:10.1.1.69:15031|client:10.1.1.69:15030|dataStream:10.1.1.69:15033|priority:0|startupRole:FOLLOWER, 45e724c1-f4a6-4405-a7cb-dfa9f2e55867|rpc:10.1.1.69:15014|admin:10.1.1.69:15013|client:10.1.1.69:15012|dataStream:10.1.1.69:15015|priority:1|startupRole:FOLLOWER] returns group-1D9C35B47DFD:java.util.concurrent.CompletableFuture@6881fee3[Not completed]
2023-06-22 21:35:14,660 [84a824f3-7f5d-4f33-8f93-63e849b7c227-groupManagement] INFO  server.RaftServer$Division (RaftServerImpl.java:<init>(198)) - 84a824f3-7f5d-4f33-8f93-63e849b7c227: new RaftServerImpl for group-1D9C35B47DFD:[84a824f3-7f5d-4f33-8f93-63e849b7c227|rpc:10.1.1.69:15023|admin:10.1.1.69:15022|client:10.1.1.69:15021|dataStream:10.1.1.69:15024|priority:0|startupRole:FOLLOWER, 470642db-8038-41e5-a5f3-81d987be2f99|rpc:10.1.1.69:15032|admin:10.1.1.69:15031|client:10.1.1.69:15030|dataStream:10.1.1.69:15033|priority:0|startupRole:FOLLOWER, 45e724c1-f4a6-4405-a7cb-dfa9f2e55867|rpc:10.1.1.69:15014|admin:10.1.1.69:15013|client:10.1.1.69:15012|dataStream:10.1.1.69:15015|priority:1|startupRole:FOLLOWER] with ContainerStateMachine:uninitialized
2023-06-22 21:35:14,660 [84a824f3-7f5d-4f33-8f93-63e849b7c227-groupManagement] INFO  server.RaftServerConfigKeys (ConfUtils.java:logGet(46)) - raft.server.rpc.timeout.min = 5s (custom)
2023-06-22 21:35:14,661 [84a824f3-7f5d-4f33-8f93-63e849b7c227-groupManagement] INFO  server.RaftServerConfigKeys (ConfUtils.java:logGet(46)) - raft.server.rpc.timeout.max = 5200ms (custom)
2023-06-22 21:35:14,661 [84a824f3-7f5d-4f33-8f93-63e849b7c227-groupManagement] INFO  server.RaftServerConfigKeys (ConfUtils.java:logGet(46)) - raft.server.rpc.sleep.time = 25ms (default)
2023-06-22 21:35:14,661 [84a824f3-7f5d-4f33-8f93-63e849b7c227-groupManagement] INFO  server.RaftServerConfigKeys (ConfUtils.java:logGet(46)) - raft.server.rpc.slowness.timeout = 300s (custom)
2023-06-22 21:35:14,661 [84a824f3-7f5d-4f33-8f93-63e849b7c227-groupManagement] INFO  server.RaftServerConfigKeys (ConfUtils.java:logGet(46)) - raft.server.leaderelection.leader.step-down.wait-time = 10s (default)
2023-06-22 21:35:14,661 [84a824f3-7f5d-4f33-8f93-63e849b7c227-groupManagement] INFO  server.RaftServerConfigKeys (ConfUtils.java:logGet(46)) - raft.server.sleep.deviation.threshold = 300ms (default)
2023-06-22 21:35:14,661 [84a824f3-7f5d-4f33-8f93-63e849b7c227-groupManagement] INFO  server.RaftServer$Division (ServerState.java:<init>(120)) - 84a824f3-7f5d-4f33-8f93-63e849b7c227@group-1D9C35B47DFD: ConfigurationManager, init=-1: peers:[84a824f3-7f5d-4f33-8f93-63e849b7c227|rpc:10.1.1.69:15023|admin:10.1.1.69:15022|client:10.1.1.69:15021|dataStream:10.1.1.69:15024|priority:0|startupRole:FOLLOWER, 470642db-8038-41e5-a5f3-81d987be2f99|rpc:10.1.1.69:15032|admin:10.1.1.69:15031|client:10.1.1.69:15030|dataStream:10.1.1.69:15033|priority:0|startupRole:FOLLOWER, 45e724c1-f4a6-4405-a7cb-dfa9f2e55867|rpc:10.1.1.69:15014|admin:10.1.1.69:15013|client:10.1.1.69:15012|dataStream:10.1.1.69:15015|priority:1|startupRole:FOLLOWER]|listeners:[], old=null, confs=<EMPTY_MAP>
2023-06-22 21:35:14,661 [84a824f3-7f5d-4f33-8f93-63e849b7c227-groupManagement] INFO  server.RaftServerConfigKeys (ConfUtils.java:logGet(46)) - raft.server.storage.dir = [/home/runner/work/ozone/ozone/hadoop-ozone/integration-test/target/test-dir/MiniOzoneClusterImpl-00f3567e-e140-4cd7-bd5a-f6438c2bd6c1/datanode-1/data/ratis] (custom)
2023-06-22 21:35:14,661 [84a824f3-7f5d-4f33-8f93-63e849b7c227-groupManagement] INFO  server.RaftServerConfigKeys (ConfUtils.java:logGet(46)) - raft.server.log.corruption.policy = EXCEPTION (default)
2023-06-22 21:35:14,661 [84a824f3-7f5d-4f33-8f93-63e849b7c227-groupManagement] INFO  server.RaftServerConfigKeys (ConfUtils.java:logGet(46)) - raft.server.storage.free-space.min = 0MB (=0) (default)
2023-06-22 21:35:14,661 [84a824f3-7f5d-4f33-8f93-63e849b7c227-groupManagement] INFO  server.RaftServerConfigKeys (ConfUtils.java:logGet(46)) - raft.server.notification.no-leader.timeout = 300s (custom)
2023-06-22 21:35:14,661 [84a824f3-7f5d-4f33-8f93-63e849b7c227-groupManagement] INFO  server.RaftServerConfigKeys (ConfUtils.java:logGet(46)) - raft.server.read.timeout = 10s (default)
2023-06-22 21:35:14,662 [84a824f3-7f5d-4f33-8f93-63e849b7c227-groupManagement] INFO  server.RaftServerConfigKeys (ConfUtils.java:logGet(46)) - raft.server.retrycache.expirytime = 600000ms (custom)
2023-06-22 21:35:14,662 [84a824f3-7f5d-4f33-8f93-63e849b7c227-groupManagement] INFO  server.RaftServerConfigKeys (ConfUtils.java:logGet(46)) - raft.server.retrycache.statistics.expirytime = 100μs (default)
2023-06-22 21:35:14,662 [84a824f3-7f5d-4f33-8f93-63e849b7c227-groupManagement] INFO  server.RaftServerConfigKeys (ConfUtils.java:logGet(46)) - raft.server.read.option = DEFAULT (default)
2023-06-22 21:35:14,663 [84a824f3-7f5d-4f33-8f93-63e849b7c227-groupManagement] INFO  server.RaftServerConfigKeys (ConfUtils.java:logGet(46)) - raft.server.rpc.request.timeout = 60s (custom)
2023-06-22 21:35:14,663 [84a824f3-7f5d-4f33-8f93-63e849b7c227-groupManagement] INFO  server.RaftServerConfigKeys (ConfUtils.java:logGet(46)) - raft.server.log.appender.install.snapshot.enabled = false (custom)
2023-06-22 21:35:14,663 [84a824f3-7f5d-4f33-8f93-63e849b7c227-groupManagement] INFO  server.RaftServerConfigKeys (ConfUtils.java:logGet(46)) - raft.server.threadpool.server.cached = true (default)
2023-06-22 21:35:14,663 [84a824f3-7f5d-4f33-8f93-63e849b7c227-groupManagement] INFO  server.RaftServerConfigKeys (ConfUtils.java:logGet(46)) - raft.server.threadpool.server.size = 0 (default)
2023-06-22 21:35:14,663 [84a824f3-7f5d-4f33-8f93-63e849b7c227-groupManagement] INFO  server.RaftServerConfigKeys (ConfUtils.java:logGet(46)) - raft.server.threadpool.client.cached = true (default)
2023-06-22 21:35:14,663 [84a824f3-7f5d-4f33-8f93-63e849b7c227-groupManagement] INFO  server.RaftServerConfigKeys (ConfUtils.java:logGet(46)) - raft.server.threadpool.client.size = 0 (default)
2023-06-22 21:35:14,663 [84a824f3-7f5d-4f33-8f93-63e849b7c227-groupManagement] INFO  storage.RaftStorageDirectory (RaftStorageDirectoryImpl.java:analyzeStorage(137)) - The storage directory /home/runner/work/ozone/ozone/hadoop-ozone/integration-test/target/test-dir/MiniOzoneClusterImpl-00f3567e-e140-4cd7-bd5a-f6438c2bd6c1/datanode-1/data/ratis/7edd585c-dcb0-4340-be99-1d9c35b47dfd does not exist. Creating ...
2023-06-22 21:35:14,669 [84a824f3-7f5d-4f33-8f93-63e849b7c227-groupManagement] INFO  storage.RaftStorageDirectory (RaftStorageDirectoryImpl.java:tryLock(231)) - Lock on /home/runner/work/ozone/ozone/hadoop-ozone/integration-test/target/test-dir/MiniOzoneClusterImpl-00f3567e-e140-4cd7-bd5a-f6438c2bd6c1/datanode-1/data/ratis/7edd585c-dcb0-4340-be99-1d9c35b47dfd/in_use.lock acquired by nodename 41615@fv-az504-135
2023-06-22 21:35:14,672 [470642db-8038-41e5-a5f3-81d987be2f99-groupManagement] INFO  server.RaftServerConfigKeys (ConfUtils.java:logGet(46)) - raft.server.rpc.request.timeout = 60s (custom)
2023-06-22 21:35:14,673 [470642db-8038-41e5-a5f3-81d987be2f99-groupManagement] INFO  server.RaftServerConfigKeys (ConfUtils.java:logGet(46)) - raft.server.log.appender.install.snapshot.enabled = false (custom)
2023-06-22 21:35:14,673 [470642db-8038-41e5-a5f3-81d987be2f99-groupManagement] INFO  server.RaftServerConfigKeys (ConfUtils.java:logGet(46)) - raft.server.threadpool.server.cached = true (default)
2023-06-22 21:35:14,673 [470642db-8038-41e5-a5f3-81d987be2f99-groupManagement] INFO  server.RaftServerConfigKeys (ConfUtils.java:logGet(46)) - raft.server.threadpool.server.size = 0 (default)
2023-06-22 21:35:14,673 [470642db-8038-41e5-a5f3-81d987be2f99-groupManagement] INFO  server.RaftServerConfigKeys (ConfUtils.java:logGet(46)) - raft.server.threadpool.client.cached = true (default)
2023-06-22 21:35:14,673 [470642db-8038-41e5-a5f3-81d987be2f99-groupManagement] INFO  server.RaftServerConfigKeys (ConfUtils.java:logGet(46)) - raft.server.threadpool.client.size = 0 (default)
2023-06-22 21:35:14,673 [84a824f3-7f5d-4f33-8f93-63e849b7c227-groupManagement] INFO  storage.RaftStorage (RaftStorageImpl.java:format(96)) - Storage directory /home/runner/work/ozone/ozone/hadoop-ozone/integration-test/target/test-dir/MiniOzoneClusterImpl-00f3567e-e140-4cd7-bd5a-f6438c2bd6c1/datanode-1/data/ratis/7edd585c-dcb0-4340-be99-1d9c35b47dfd has been successfully formatted.
2023-06-22 21:35:14,674 [84a824f3-7f5d-4f33-8f93-63e849b7c227-groupManagement] INFO  ratis.ContainerStateMachine (ContainerStateMachine.java:loadSnapshot(262)) - group-1D9C35B47DFD: The snapshot info is null. Setting the last applied indexto:(t:0, i:~)
2023-06-22 21:35:14,674 [84a824f3-7f5d-4f33-8f93-63e849b7c227-groupManagement] INFO  server.RaftServerConfigKeys (ConfUtils.java:logGet(46)) - raft.server.log.use.memory = false (default)
2023-06-22 21:35:14,675 [84a824f3-7f5d-4f33-8f93-63e849b7c227-groupManagement] INFO  server.RaftServerConfigKeys (ConfUtils.java:logGet(46)) - raft.server.log.purge.gap = 1000000 (custom)
2023-06-22 21:35:14,675 [84a824f3-7f5d-4f33-8f93-63e849b7c227-groupManagement] INFO  server.RaftServerConfigKeys (ConfUtils.java:logGet(46)) - raft.server.log.appender.buffer.byte-limit = 33554432 (custom)
2023-06-22 21:35:14,675 [84a824f3-7f5d-4f33-8f93-63e849b7c227-groupManagement] INFO  server.RaftServerConfigKeys (ConfUtils.java:logGet(46)) - raft.server.log.statemachine.data.read.timeout = 1000ms (default)
2023-06-22 21:35:14,675 [84a824f3-7f5d-4f33-8f93-63e849b7c227-groupManagement] INFO  server.RaftServerConfigKeys (ConfUtils.java:logGet(46)) - raft.server.log.purge.preservation.log.num = 0 (default)
2023-06-22 21:35:14,675 [84a824f3-7f5d-4f33-8f93-63e849b7c227-groupManagement] INFO  server.RaftServerConfigKeys (ConfUtils.java:logGet(46)) - raft.server.log.segment.size.max = 1048576 (custom)
2023-06-22 21:35:14,677 [EventQueue-OpenPipelineForHealthyPipelineSafeModeRule] INFO  safemode.SCMSafeModeManager (HealthyPipelineSafeModeRule.java:process(137)) - SCM in safe mode. Healthy pipelines reported count is 0, required healthy pipeline reported count is 1
2023-06-22 21:35:14,679 [84a824f3-7f5d-4f33-8f93-63e849b7c227-groupManagement] INFO  server.RaftServerConfigKeys (ConfUtils.java:logGet(46)) - raft.server.log.segment.cache.num.max = 2 (custom)
2023-06-22 21:35:14,679 [84a824f3-7f5d-4f33-8f93-63e849b7c227-groupManagement] INFO  server.RaftServerConfigKeys (ConfUtils.java:logGet(46)) - raft.server.log.segment.cache.size.max = 200MB (=209715200) (default)
2023-06-22 21:35:14,679 [84a824f3-7f5d-4f33-8f93-63e849b7c227-groupManagement] INFO  server.RaftServerConfigKeys (ConfUtils.java:logGet(46)) - raft.server.log.appender.buffer.byte-limit = 33554432 (custom)
2023-06-22 21:35:14,679 [84a824f3-7f5d-4f33-8f93-63e849b7c227-groupManagement] INFO  segmented.SegmentedRaftLogWorker (SegmentedRaftLogWorker.java:<init>(188)) - new 84a824f3-7f5d-4f33-8f93-63e849b7c227@group-1D9C35B47DFD-SegmentedRaftLogWorker for RaftStorageImpl:Storage Directory /home/runner/work/ozone/ozone/hadoop-ozone/integration-test/target/test-dir/MiniOzoneClusterImpl-00f3567e-e140-4cd7-bd5a-f6438c2bd6c1/datanode-1/data/ratis/7edd585c-dcb0-4340-be99-1d9c35b47dfd
2023-06-22 21:35:14,679 [84a824f3-7f5d-4f33-8f93-63e849b7c227-groupManagement] INFO  server.RaftServerConfigKeys (ConfUtils.java:logGet(46)) - raft.server.log.queue.byte-limit = 4294967296 (custom)
2023-06-22 21:35:14,679 [84a824f3-7f5d-4f33-8f93-63e849b7c227-groupManagement] INFO  server.RaftServerConfigKeys (ConfUtils.java:logGet(46)) - raft.server.log.queue.element-limit = 1024 (custom)
2023-06-22 21:35:14,679 [84a824f3-7f5d-4f33-8f93-63e849b7c227-groupManagement] INFO  server.RaftServerConfigKeys (ConfUtils.java:logGet(46)) - raft.server.log.segment.size.max = 1048576 (custom)
2023-06-22 21:35:14,682 [84a824f3-7f5d-4f33-8f93-63e849b7c227-groupManagement] INFO  server.RaftServerConfigKeys (ConfUtils.java:logGet(46)) - raft.server.log.preallocated.size = 16384 (custom)
2023-06-22 21:35:14,682 [84a824f3-7f5d-4f33-8f93-63e849b7c227-groupManagement] INFO  server.RaftServerConfigKeys (ConfUtils.java:logGet(46)) - raft.server.log.force.sync.num = 128 (default)
2023-06-22 21:35:14,682 [84a824f3-7f5d-4f33-8f93-63e849b7c227-groupManagement] INFO  server.RaftServerConfigKeys (ConfUtils.java:logGet(46)) - raft.server.log.statemachine.data.sync = true (default)
2023-06-22 21:35:14,682 [84a824f3-7f5d-4f33-8f93-63e849b7c227-groupManagement] INFO  server.RaftServerConfigKeys (ConfUtils.java:logGet(46)) - raft.server.log.statemachine.data.sync.timeout = 10s (default)
2023-06-22 21:35:14,682 [84a824f3-7f5d-4f33-8f93-63e849b7c227-groupManagement] INFO  server.RaftServerConfigKeys (ConfUtils.java:logGet(46)) - raft.server.log.statemachine.data.sync.timeout.retry = -1 (default)
2023-06-22 21:35:14,680 [470642db-8038-41e5-a5f3-81d987be2f99-groupManagement] INFO  server.RaftServer$Division (RaftServerImpl.java:<init>(198)) - 470642db-8038-41e5-a5f3-81d987be2f99: new RaftServerImpl for group-1D9C35B47DFD:[84a824f3-7f5d-4f33-8f93-63e849b7c227|rpc:10.1.1.69:15023|admin:10.1.1.69:15022|client:10.1.1.69:15021|dataStream:10.1.1.69:15024|priority:0|startupRole:FOLLOWER, 470642db-8038-41e5-a5f3-81d987be2f99|rpc:10.1.1.69:15032|admin:10.1.1.69:15031|client:10.1.1.69:15030|dataStream:10.1.1.69:15033|priority:0|startupRole:FOLLOWER, 45e724c1-f4a6-4405-a7cb-dfa9f2e55867|rpc:10.1.1.69:15014|admin:10.1.1.69:15013|client:10.1.1.69:15012|dataStream:10.1.1.69:15015|priority:1|startupRole:FOLLOWER] with ContainerStateMachine:uninitialized
2023-06-22 21:35:14,683 [470642db-8038-41e5-a5f3-81d987be2f99-groupManagement] INFO  server.RaftServerConfigKeys (ConfUtils.java:logGet(46)) - raft.server.rpc.timeout.min = 5s (custom)
2023-06-22 21:35:14,683 [470642db-8038-41e5-a5f3-81d987be2f99-groupManagement] INFO  server.RaftServerConfigKeys (ConfUtils.java:logGet(46)) - raft.server.rpc.timeout.max = 5200ms (custom)
2023-06-22 21:35:14,683 [470642db-8038-41e5-a5f3-81d987be2f99-groupManagement] INFO  server.RaftServerConfigKeys (ConfUtils.java:logGet(46)) - raft.server.rpc.sleep.time = 25ms (default)
2023-06-22 21:35:14,683 [470642db-8038-41e5-a5f3-81d987be2f99-groupManagement] INFO  server.RaftServerConfigKeys (ConfUtils.java:logGet(46)) - raft.server.rpc.slowness.timeout = 300s (custom)
2023-06-22 21:35:14,683 [470642db-8038-41e5-a5f3-81d987be2f99-groupManagement] INFO  server.RaftServerConfigKeys (ConfUtils.java:logGet(46)) - raft.server.leaderelection.leader.step-down.wait-time = 10s (default)
2023-06-22 21:35:14,683 [470642db-8038-41e5-a5f3-81d987be2f99-groupManagement] INFO  server.RaftServerConfigKeys (ConfUtils.java:logGet(46)) - raft.server.sleep.deviation.threshold = 300ms (default)
2023-06-22 21:35:14,683 [470642db-8038-41e5-a5f3-81d987be2f99-groupManagement] INFO  server.RaftServer$Division (ServerState.java:<init>(120)) - 470642db-8038-41e5-a5f3-81d987be2f99@group-1D9C35B47DFD: ConfigurationManager, init=-1: peers:[84a824f3-7f5d-4f33-8f93-63e849b7c227|rpc:10.1.1.69:15023|admin:10.1.1.69:15022|client:10.1.1.69:15021|dataStream:10.1.1.69:15024|priority:0|startupRole:FOLLOWER, 470642db-8038-41e5-a5f3-81d987be2f99|rpc:10.1.1.69:15032|admin:10.1.1.69:15031|client:10.1.1.69:15030|dataStream:10.1.1.69:15033|priority:0|startupRole:FOLLOWER, 45e724c1-f4a6-4405-a7cb-dfa9f2e55867|rpc:10.1.1.69:15014|admin:10.1.1.69:15013|client:10.1.1.69:15012|dataStream:10.1.1.69:15015|priority:1|startupRole:FOLLOWER]|listeners:[], old=null, confs=<EMPTY_MAP>
2023-06-22 21:35:14,683 [470642db-8038-41e5-a5f3-81d987be2f99-groupManagement] INFO  server.RaftServerConfigKeys (ConfUtils.java:logGet(46)) - raft.server.storage.dir = [/home/runner/work/ozone/ozone/hadoop-ozone/integration-test/target/test-dir/MiniOzoneClusterImpl-00f3567e-e140-4cd7-bd5a-f6438c2bd6c1/datanode-2/data/ratis] (custom)
2023-06-22 21:35:14,684 [470642db-8038-41e5-a5f3-81d987be2f99-groupManagement] INFO  server.RaftServerConfigKeys (ConfUtils.java:logGet(46)) - raft.server.log.corruption.policy = EXCEPTION (default)
2023-06-22 21:35:14,684 [470642db-8038-41e5-a5f3-81d987be2f99-groupManagement] INFO  server.RaftServerConfigKeys (ConfUtils.java:logGet(46)) - raft.server.storage.free-space.min = 0MB (=0) (default)
2023-06-22 21:35:14,684 [470642db-8038-41e5-a5f3-81d987be2f99-groupManagement] INFO  server.RaftServerConfigKeys (ConfUtils.java:logGet(46)) - raft.server.notification.no-leader.timeout = 300s (custom)
2023-06-22 21:35:14,685 [470642db-8038-41e5-a5f3-81d987be2f99-groupManagement] INFO  server.RaftServerConfigKeys (ConfUtils.java:logGet(46)) - raft.server.read.timeout = 10s (default)
2023-06-22 21:35:14,685 [84a824f3-7f5d-4f33-8f93-63e849b7c227-groupManagement] INFO  server.RaftServerConfigKeys (ConfUtils.java:logGet(46)) - raft.server.log.write.buffer.size = 1048576 (custom)
2023-06-22 21:35:14,687 [84a824f3-7f5d-4f33-8f93-63e849b7c227-groupManagement] INFO  server.RaftServerConfigKeys (ConfUtils.java:logGet(46)) - raft.server.log.appender.buffer.byte-limit = 33554432 (custom)
2023-06-22 21:35:14,688 [470642db-8038-41e5-a5f3-81d987be2f99-groupManagement] INFO  server.RaftServerConfigKeys (ConfUtils.java:logGet(46)) - raft.server.retrycache.expirytime = 600000ms (custom)
2023-06-22 21:35:14,688 [470642db-8038-41e5-a5f3-81d987be2f99-groupManagement] INFO  server.RaftServerConfigKeys (ConfUtils.java:logGet(46)) - raft.server.retrycache.statistics.expirytime = 100μs (default)
2023-06-22 21:35:14,688 [470642db-8038-41e5-a5f3-81d987be2f99-groupManagement] INFO  server.RaftServerConfigKeys (ConfUtils.java:logGet(46)) - raft.server.read.option = DEFAULT (default)
2023-06-22 21:35:14,691 [470642db-8038-41e5-a5f3-81d987be2f99-groupManagement] INFO  server.RaftServerConfigKeys (ConfUtils.java:logGet(46)) - raft.server.rpc.request.timeout = 60s (custom)
2023-06-22 21:35:14,691 [470642db-8038-41e5-a5f3-81d987be2f99-groupManagement] INFO  server.RaftServerConfigKeys (ConfUtils.java:logGet(46)) - raft.server.log.appender.install.snapshot.enabled = false (custom)
2023-06-22 21:35:14,691 [470642db-8038-41e5-a5f3-81d987be2f99-groupManagement] INFO  server.RaftServerConfigKeys (ConfUtils.java:logGet(46)) - raft.server.threadpool.server.cached = true (default)
2023-06-22 21:35:14,691 [470642db-8038-41e5-a5f3-81d987be2f99-groupManagement] INFO  server.RaftServerConfigKeys (ConfUtils.java:logGet(46)) - raft.server.threadpool.server.size = 0 (default)
2023-06-22 21:35:14,691 [470642db-8038-41e5-a5f3-81d987be2f99-groupManagement] INFO  server.RaftServerConfigKeys (ConfUtils.java:logGet(46)) - raft.server.threadpool.client.cached = true (default)
2023-06-22 21:35:14,691 [470642db-8038-41e5-a5f3-81d987be2f99-groupManagement] INFO  server.RaftServerConfigKeys (ConfUtils.java:logGet(46)) - raft.server.threadpool.client.size = 0 (default)
2023-06-22 21:35:14,692 [470642db-8038-41e5-a5f3-81d987be2f99-groupManagement] INFO  storage.RaftStorageDirectory (RaftStorageDirectoryImpl.java:analyzeStorage(137)) - The storage directory /home/runner/work/ozone/ozone/hadoop-ozone/integration-test/target/test-dir/MiniOzoneClusterImpl-00f3567e-e140-4cd7-bd5a-f6438c2bd6c1/datanode-2/data/ratis/d41ad71e-5df2-4edc-b6f0-a70f0797e8d8 does not exist. Creating ...
2023-06-22 21:35:14,696 [470642db-8038-41e5-a5f3-81d987be2f99-groupManagement] INFO  storage.RaftStorageDirectory (RaftStorageDirectoryImpl.java:tryLock(231)) - Lock on /home/runner/work/ozone/ozone/hadoop-ozone/integration-test/target/test-dir/MiniOzoneClusterImpl-00f3567e-e140-4cd7-bd5a-f6438c2bd6c1/datanode-2/data/ratis/d41ad71e-5df2-4edc-b6f0-a70f0797e8d8/in_use.lock acquired by nodename 41615@fv-az504-135
2023-06-22 21:35:14,698 [470642db-8038-41e5-a5f3-81d987be2f99-groupManagement] INFO  storage.RaftStorage (RaftStorageImpl.java:format(96)) - Storage directory /home/runner/work/ozone/ozone/hadoop-ozone/integration-test/target/test-dir/MiniOzoneClusterImpl-00f3567e-e140-4cd7-bd5a-f6438c2bd6c1/datanode-2/data/ratis/d41ad71e-5df2-4edc-b6f0-a70f0797e8d8 has been successfully formatted.
2023-06-22 21:35:14,707 [EventQueue-PipelineReportForPipelineReportHandler] INFO  pipeline.PipelineManagerImpl (PipelineManagerImpl.java:openPipeline(367)) - Pipeline Pipeline[ Id: d41ad71e-5df2-4edc-b6f0-a70f0797e8d8, Nodes: 470642db-8038-41e5-a5f3-81d987be2f99(fv-az504-135/10.1.1.69), ReplicationConfig: RATIS/ONE, State:ALLOCATED, leaderId:470642db-8038-41e5-a5f3-81d987be2f99, CreationTimestamp2023-06-22T21:35:11.626Z[Etc/UTC]] moved to OPEN state
2023-06-22 21:35:14,708 [EventQueue-OpenPipelineForHealthyPipelineSafeModeRule] INFO  safemode.SCMSafeModeManager (HealthyPipelineSafeModeRule.java:process(137)) - SCM in safe mode. Healthy pipelines reported count is 0, required healthy pipeline reported count is 1
2023-06-22 21:35:14,709 [84a824f3-7f5d-4f33-8f93-63e849b7c227-groupManagement] INFO  server.RaftServerConfigKeys (ConfUtils.java:logGet(46)) - raft.server.log.unsafe-flush.enabled = false (default)
2023-06-22 21:35:14,709 [84a824f3-7f5d-4f33-8f93-63e849b7c227-groupManagement] INFO  server.RaftServerConfigKeys (ConfUtils.java:logGet(46)) - raft.server.log.async-flush.enabled = false (default)
2023-06-22 21:35:14,709 [84a824f3-7f5d-4f33-8f93-63e849b7c227-groupManagement] INFO  server.RaftServerConfigKeys (ConfUtils.java:logGet(46)) - raft.server.log.statemachine.data.caching.enabled = true (custom)
2023-06-22 21:35:14,709 [84a824f3-7f5d-4f33-8f93-63e849b7c227-groupManagement] INFO  segmented.SegmentedRaftLogWorker (SegmentedRaftLogWorker.java:lambda$new$0(135)) - 84a824f3-7f5d-4f33-8f93-63e849b7c227@group-1D9C35B47DFD-SegmentedRaftLogWorker: flushIndex: setUnconditionally 0 -> -1
2023-06-22 21:35:14,709 [84a824f3-7f5d-4f33-8f93-63e849b7c227-groupManagement] INFO  segmented.SegmentedRaftLogWorker (SegmentedRaftLogWorker.java:lambda$new$0(135)) - 84a824f3-7f5d-4f33-8f93-63e849b7c227@group-1D9C35B47DFD-SegmentedRaftLogWorker: safeCacheEvictIndex: setUnconditionally 0 -> -1
2023-06-22 21:35:14,710 [84a824f3-7f5d-4f33-8f93-63e849b7c227-groupManagement] INFO  server.RaftServer$Division (RaftServerImpl.java:start(342)) - 84a824f3-7f5d-4f33-8f93-63e849b7c227@group-1D9C35B47DFD: start as a follower, conf=-1: peers:[84a824f3-7f5d-4f33-8f93-63e849b7c227|rpc:10.1.1.69:15023|admin:10.1.1.69:15022|client:10.1.1.69:15021|dataStream:10.1.1.69:15024|priority:0|startupRole:FOLLOWER, 470642db-8038-41e5-a5f3-81d987be2f99|rpc:10.1.1.69:15032|admin:10.1.1.69:15031|client:10.1.1.69:15030|dataStream:10.1.1.69:15033|priority:0|startupRole:FOLLOWER, 45e724c1-f4a6-4405-a7cb-dfa9f2e55867|rpc:10.1.1.69:15014|admin:10.1.1.69:15013|client:10.1.1.69:15012|dataStream:10.1.1.69:15015|priority:1|startupRole:FOLLOWER]|listeners:[], old=null
2023-06-22 21:35:14,710 [84a824f3-7f5d-4f33-8f93-63e849b7c227-groupManagement] INFO  server.RaftServer$Division (RaftServerImpl.java:setRole(329)) - 84a824f3-7f5d-4f33-8f93-63e849b7c227@group-1D9C35B47DFD: changes role from      null to FOLLOWER at term 0 for startAsFollower
2023-06-22 21:35:14,710 [84a824f3-7f5d-4f33-8f93-63e849b7c227-groupManagement] INFO  impl.RoleInfo (RoleInfo.java:updateAndGet(139)) - 84a824f3-7f5d-4f33-8f93-63e849b7c227: start 84a824f3-7f5d-4f33-8f93-63e849b7c227@group-1D9C35B47DFD-FollowerState
2023-06-22 21:35:14,710 [84a824f3-7f5d-4f33-8f93-63e849b7c227-groupManagement] INFO  util.JmxRegister (JmxRegister.java:tryRegister(44)) - Successfully registered JMX Bean with object name Ratis:service=RaftServer,group=group-1D9C35B47DFD,id=84a824f3-7f5d-4f33-8f93-63e849b7c227
2023-06-22 21:35:14,710 [84a824f3-7f5d-4f33-8f93-63e849b7c227-groupManagement] INFO  server.RaftServerConfigKeys (ConfUtils.java:logGet(46)) - raft.server.snapshot.auto.trigger.enabled = true (custom)
2023-06-22 21:35:14,710 [84a824f3-7f5d-4f33-8f93-63e849b7c227-groupManagement] INFO  server.RaftServerConfigKeys (ConfUtils.java:logGet(46)) - raft.server.snapshot.auto.trigger.threshold = 10000 (custom)
2023-06-22 21:35:14,710 [84a824f3-7f5d-4f33-8f93-63e849b7c227-groupManagement] INFO  server.RaftServerConfigKeys (ConfUtils.java:logGet(46)) - raft.server.snapshot.retention.file.num = 5 (custom)
2023-06-22 21:35:14,710 [84a824f3-7f5d-4f33-8f93-63e849b7c227-groupManagement] INFO  server.RaftServerConfigKeys (ConfUtils.java:logGet(46)) - raft.server.log.purge.upto.snapshot.index = false (default)
2023-06-22 21:35:14,711 [84a824f3-7f5d-4f33-8f93-63e849b7c227@group-1D9C35B47DFD-FollowerState] INFO  server.RaftServerConfigKeys (ConfUtils.java:logFallback(53)) - raft.server.rpc.first-election.timeout.min = 5s (fallback to raft.server.rpc.timeout.min)
2023-06-22 21:35:14,713 [PipelineCommandHandlerThread-0] INFO  ratis.XceiverServerRatis (XceiverServerRatis.java:addGroup(804)) - Created group PipelineID=7edd585c-dcb0-4340-be99-1d9c35b47dfd
2023-06-22 21:35:14,715 [470642db-8038-41e5-a5f3-81d987be2f99-groupManagement] INFO  ratis.ContainerStateMachine (ContainerStateMachine.java:loadSnapshot(262)) - group-A70F0797E8D8: The snapshot info is null. Setting the last applied indexto:(t:0, i:~)
2023-06-22 21:35:14,715 [470642db-8038-41e5-a5f3-81d987be2f99-groupManagement] INFO  server.RaftServerConfigKeys (ConfUtils.java:logGet(46)) - raft.server.log.use.memory = false (default)
2023-06-22 21:35:14,715 [470642db-8038-41e5-a5f3-81d987be2f99-groupManagement] INFO  server.RaftServerConfigKeys (ConfUtils.java:logGet(46)) - raft.server.log.purge.gap = 1000000 (custom)
2023-06-22 21:35:14,715 [470642db-8038-41e5-a5f3-81d987be2f99-groupManagement] INFO  server.RaftServerConfigKeys (ConfUtils.java:logGet(46)) - raft.server.log.appender.buffer.byte-limit = 33554432 (custom)
2023-06-22 21:35:14,715 [470642db-8038-41e5-a5f3-81d987be2f99-groupManagement] INFO  server.RaftServerConfigKeys (ConfUtils.java:logGet(46)) - raft.server.log.statemachine.data.read.timeout = 1000ms (default)
2023-06-22 21:35:14,715 [470642db-8038-41e5-a5f3-81d987be2f99-groupManagement] INFO  server.RaftServerConfigKeys (ConfUtils.java:logGet(46)) - raft.server.log.purge.preservation.log.num = 0 (default)
2023-06-22 21:35:14,716 [470642db-8038-41e5-a5f3-81d987be2f99-groupManagement] INFO  server.RaftServerConfigKeys (ConfUtils.java:logGet(46)) - raft.server.log.segment.size.max = 1048576 (custom)
2023-06-22 21:35:14,716 [470642db-8038-41e5-a5f3-81d987be2f99-groupManagement] INFO  server.RaftServerConfigKeys (ConfUtils.java:logGet(46)) - raft.server.log.segment.cache.num.max = 2 (custom)
2023-06-22 21:35:14,716 [470642db-8038-41e5-a5f3-81d987be2f99-groupManagement] INFO  server.RaftServerConfigKeys (ConfUtils.java:logGet(46)) - raft.server.log.segment.cache.size.max = 200MB (=209715200) (default)
2023-06-22 21:35:14,716 [470642db-8038-41e5-a5f3-81d987be2f99-groupManagement] INFO  server.RaftServerConfigKeys (ConfUtils.java:logGet(46)) - raft.server.log.appender.buffer.byte-limit = 33554432 (custom)
2023-06-22 21:35:14,716 [470642db-8038-41e5-a5f3-81d987be2f99-groupManagement] INFO  segmented.SegmentedRaftLogWorker (SegmentedRaftLogWorker.java:<init>(188)) - new 470642db-8038-41e5-a5f3-81d987be2f99@group-A70F0797E8D8-SegmentedRaftLogWorker for RaftStorageImpl:Storage Directory /home/runner/work/ozone/ozone/hadoop-ozone/integration-test/target/test-dir/MiniOzoneClusterImpl-00f3567e-e140-4cd7-bd5a-f6438c2bd6c1/datanode-2/data/ratis/d41ad71e-5df2-4edc-b6f0-a70f0797e8d8
2023-06-22 21:35:14,719 [470642db-8038-41e5-a5f3-81d987be2f99-groupManagement] INFO  server.RaftServerConfigKeys (ConfUtils.java:logGet(46)) - raft.server.log.queue.byte-limit = 4294967296 (custom)
2023-06-22 21:35:14,719 [470642db-8038-41e5-a5f3-81d987be2f99-groupManagement] INFO  server.RaftServerConfigKeys (ConfUtils.java:logGet(46)) - raft.server.log.queue.element-limit = 1024 (custom)
2023-06-22 21:35:14,719 [470642db-8038-41e5-a5f3-81d987be2f99-groupManagement] INFO  server.RaftServerConfigKeys (ConfUtils.java:logGet(46)) - raft.server.log.segment.size.max = 1048576 (custom)
2023-06-22 21:35:14,719 [470642db-8038-41e5-a5f3-81d987be2f99-groupManagement] INFO  server.RaftServerConfigKeys (ConfUtils.java:logGet(46)) - raft.server.log.preallocated.size = 16384 (custom)
2023-06-22 21:35:14,719 [470642db-8038-41e5-a5f3-81d987be2f99-groupManagement] INFO  server.RaftServerConfigKeys (ConfUtils.java:logGet(46)) - raft.server.log.force.sync.num = 128 (default)
2023-06-22 21:35:14,719 [470642db-8038-41e5-a5f3-81d987be2f99-groupManagement] INFO  server.RaftServerConfigKeys (ConfUtils.java:logGet(46)) - raft.server.log.statemachine.data.sync = true (default)
2023-06-22 21:35:14,722 [470642db-8038-41e5-a5f3-81d987be2f99-groupManagement] INFO  server.RaftServerConfigKeys (ConfUtils.java:logGet(46)) - raft.server.log.statemachine.data.sync.timeout = 10s (default)
2023-06-22 21:35:14,722 [470642db-8038-41e5-a5f3-81d987be2f99-groupManagement] INFO  server.RaftServerConfigKeys (ConfUtils.java:logGet(46)) - raft.server.log.statemachine.data.sync.timeout.retry = -1 (default)
2023-06-22 21:35:14,723 [470642db-8038-41e5-a5f3-81d987be2f99-groupManagement] INFO  server.RaftServerConfigKeys (ConfUtils.java:logGet(46)) - raft.server.log.write.buffer.size = 1048576 (custom)
2023-06-22 21:35:14,714 [84a824f3-7f5d-4f33-8f93-63e849b7c227@group-1D9C35B47DFD-FollowerState] INFO  server.RaftServerConfigKeys (ConfUtils.java:logFallback(53)) - raft.server.rpc.first-election.timeout.max = 5200ms (fallback to raft.server.rpc.timeout.max)
2023-06-22 21:35:14,727 [470642db-8038-41e5-a5f3-81d987be2f99-groupManagement] INFO  server.RaftServerConfigKeys (ConfUtils.java:logGet(46)) - raft.server.log.appender.buffer.byte-limit = 33554432 (custom)
2023-06-22 21:35:14,733 [470642db-8038-41e5-a5f3-81d987be2f99-groupManagement] INFO  server.RaftServerConfigKeys (ConfUtils.java:logGet(46)) - raft.server.log.unsafe-flush.enabled = false (default)
2023-06-22 21:35:14,733 [470642db-8038-41e5-a5f3-81d987be2f99-groupManagement] INFO  server.RaftServerConfigKeys (ConfUtils.java:logGet(46)) - raft.server.log.async-flush.enabled = false (default)
2023-06-22 21:35:14,733 [470642db-8038-41e5-a5f3-81d987be2f99-groupManagement] INFO  server.RaftServerConfigKeys (ConfUtils.java:logGet(46)) - raft.server.log.statemachine.data.caching.enabled = true (custom)
2023-06-22 21:35:14,733 [470642db-8038-41e5-a5f3-81d987be2f99-groupManagement] INFO  segmented.SegmentedRaftLogWorker (SegmentedRaftLogWorker.java:lambda$new$0(135)) - 470642db-8038-41e5-a5f3-81d987be2f99@group-A70F0797E8D8-SegmentedRaftLogWorker: flushIndex: setUnconditionally 0 -> -1
2023-06-22 21:35:14,734 [470642db-8038-41e5-a5f3-81d987be2f99-groupManagement] INFO  segmented.SegmentedRaftLogWorker (SegmentedRaftLogWorker.java:lambda$new$0(135)) - 470642db-8038-41e5-a5f3-81d987be2f99@group-A70F0797E8D8-SegmentedRaftLogWorker: safeCacheEvictIndex: setUnconditionally 0 -> -1
2023-06-22 21:35:14,744 [470642db-8038-41e5-a5f3-81d987be2f99-groupManagement] INFO  server.RaftServer$Division (RaftServerImpl.java:start(342)) - 470642db-8038-41e5-a5f3-81d987be2f99@group-A70F0797E8D8: start as a follower, conf=-1: peers:[470642db-8038-41e5-a5f3-81d987be2f99|rpc:10.1.1.69:15032|admin:10.1.1.69:15031|client:10.1.1.69:15030|dataStream:10.1.1.69:15033|priority:1|startupRole:FOLLOWER]|listeners:[], old=null
2023-06-22 21:35:14,746 [470642db-8038-41e5-a5f3-81d987be2f99-groupManagement] INFO  server.RaftServer$Division (RaftServerImpl.java:setRole(329)) - 470642db-8038-41e5-a5f3-81d987be2f99@group-A70F0797E8D8: changes role from      null to FOLLOWER at term 0 for startAsFollower
2023-06-22 21:35:14,746 [470642db-8038-41e5-a5f3-81d987be2f99-groupManagement] INFO  impl.RoleInfo (RoleInfo.java:updateAndGet(139)) - 470642db-8038-41e5-a5f3-81d987be2f99: start 470642db-8038-41e5-a5f3-81d987be2f99@group-A70F0797E8D8-FollowerState
2023-06-22 21:35:14,754 [470642db-8038-41e5-a5f3-81d987be2f99-groupManagement] INFO  util.JmxRegister (JmxRegister.java:tryRegister(44)) - Successfully registered JMX Bean with object name Ratis:service=RaftServer,group=group-A70F0797E8D8,id=470642db-8038-41e5-a5f3-81d987be2f99
2023-06-22 21:35:14,754 [470642db-8038-41e5-a5f3-81d987be2f99-groupManagement] INFO  server.RaftServerConfigKeys (ConfUtils.java:logGet(46)) - raft.server.snapshot.auto.trigger.enabled = true (custom)
2023-06-22 21:35:14,754 [470642db-8038-41e5-a5f3-81d987be2f99-groupManagement] INFO  server.RaftServerConfigKeys (ConfUtils.java:logGet(46)) - raft.server.snapshot.auto.trigger.threshold = 10000 (custom)
2023-06-22 21:35:14,754 [470642db-8038-41e5-a5f3-81d987be2f99-groupManagement] INFO  server.RaftServerConfigKeys (ConfUtils.java:logGet(46)) - raft.server.snapshot.retention.file.num = 5 (custom)
2023-06-22 21:35:14,754 [470642db-8038-41e5-a5f3-81d987be2f99-groupManagement] INFO  server.RaftServerConfigKeys (ConfUtils.java:logGet(46)) - raft.server.log.purge.upto.snapshot.index = false (default)
2023-06-22 21:35:14,757 [470642db-8038-41e5-a5f3-81d987be2f99@group-A70F0797E8D8-FollowerState] INFO  server.RaftServerConfigKeys (ConfUtils.java:logFallback(53)) - raft.server.rpc.first-election.timeout.min = 5s (fallback to raft.server.rpc.timeout.min)
2023-06-22 21:35:14,758 [470642db-8038-41e5-a5f3-81d987be2f99@group-A70F0797E8D8-FollowerState] INFO  server.RaftServerConfigKeys (ConfUtils.java:logFallback(53)) - raft.server.rpc.first-election.timeout.max = 5200ms (fallback to raft.server.rpc.timeout.max)
2023-06-22 21:35:14,765 [470642db-8038-41e5-a5f3-81d987be2f99-groupManagement] INFO  storage.RaftStorageDirectory (RaftStorageDirectoryImpl.java:analyzeStorage(137)) - The storage directory /home/runner/work/ozone/ozone/hadoop-ozone/integration-test/target/test-dir/MiniOzoneClusterImpl-00f3567e-e140-4cd7-bd5a-f6438c2bd6c1/datanode-2/data/ratis/7edd585c-dcb0-4340-be99-1d9c35b47dfd does not exist. Creating ...
2023-06-22 21:35:14,766 [PipelineCommandHandlerThread-0] INFO  ratis.XceiverServerRatis (XceiverServerRatis.java:addGroup(804)) - Created group PipelineID=d41ad71e-5df2-4edc-b6f0-a70f0797e8d8
2023-06-22 21:35:14,766 [PipelineCommandHandlerThread-0] INFO  commandhandler.CreatePipelineCommandHandler (CreatePipelineCommandHandler.java:lambda$handle$2(124)) - Created Pipeline RATIS ONE PipelineID=d41ad71e-5df2-4edc-b6f0-a70f0797e8d8.
2023-06-22 21:35:14,767 [PipelineCommandHandlerThread-0] INFO  server.RaftServer (RaftServerProxy.java:addNew(98)) - 470642db-8038-41e5-a5f3-81d987be2f99: addNew group-09A22F1DE51A:[84a824f3-7f5d-4f33-8f93-63e849b7c227|rpc:10.1.1.69:15023|admin:10.1.1.69:15022|client:10.1.1.69:15021|dataStream:10.1.1.69:15024|priority:0|startupRole:FOLLOWER, 45e724c1-f4a6-4405-a7cb-dfa9f2e55867|rpc:10.1.1.69:15014|admin:10.1.1.69:15013|client:10.1.1.69:15012|dataStream:10.1.1.69:15015|priority:0|startupRole:FOLLOWER, 470642db-8038-41e5-a5f3-81d987be2f99|rpc:10.1.1.69:15032|admin:10.1.1.69:15031|client:10.1.1.69:15030|dataStream:10.1.1.69:15033|priority:1|startupRole:FOLLOWER] returns group-09A22F1DE51A:java.util.concurrent.CompletableFuture@61c23029[Not completed]
2023-06-22 21:35:14,768 [470642db-8038-41e5-a5f3-81d987be2f99-groupManagement] INFO  storage.RaftStorageDirectory (RaftStorageDirectoryImpl.java:tryLock(231)) - Lock on /home/runner/work/ozone/ozone/hadoop-ozone/integration-test/target/test-dir/MiniOzoneClusterImpl-00f3567e-e140-4cd7-bd5a-f6438c2bd6c1/datanode-2/data/ratis/7edd585c-dcb0-4340-be99-1d9c35b47dfd/in_use.lock acquired by nodename 41615@fv-az504-135
2023-06-22 21:35:14,769 [470642db-8038-41e5-a5f3-81d987be2f99-groupManagement] INFO  storage.RaftStorage (RaftStorageImpl.java:format(96)) - Storage directory /home/runner/work/ozone/ozone/hadoop-ozone/integration-test/target/test-dir/MiniOzoneClusterImpl-00f3567e-e140-4cd7-bd5a-f6438c2bd6c1/datanode-2/data/ratis/7edd585c-dcb0-4340-be99-1d9c35b47dfd has been successfully formatted.
2023-06-22 21:35:14,770 [470642db-8038-41e5-a5f3-81d987be2f99-groupManagement] INFO  ratis.ContainerStateMachine (ContainerStateMachine.java:loadSnapshot(262)) - group-1D9C35B47DFD: The snapshot info is null. Setting the last applied indexto:(t:0, i:~)
2023-06-22 21:35:14,770 [470642db-8038-41e5-a5f3-81d987be2f99-groupManagement] INFO  server.RaftServerConfigKeys (ConfUtils.java:logGet(46)) - raft.server.log.use.memory = false (default)
2023-06-22 21:35:14,770 [470642db-8038-41e5-a5f3-81d987be2f99-groupManagement] INFO  server.RaftServerConfigKeys (ConfUtils.java:logGet(46)) - raft.server.log.purge.gap = 1000000 (custom)
2023-06-22 21:35:14,770 [470642db-8038-41e5-a5f3-81d987be2f99-groupManagement] INFO  server.RaftServerConfigKeys (ConfUtils.java:logGet(46)) - raft.server.log.appender.buffer.byte-limit = 33554432 (custom)
2023-06-22 21:35:14,770 [470642db-8038-41e5-a5f3-81d987be2f99-groupManagement] INFO  server.RaftServerConfigKeys (ConfUtils.java:logGet(46)) - raft.server.log.statemachine.data.read.timeout = 1000ms (default)
2023-06-22 21:35:14,771 [470642db-8038-41e5-a5f3-81d987be2f99-groupManagement] INFO  server.RaftServerConfigKeys (ConfUtils.java:logGet(46)) - raft.server.log.purge.preservation.log.num = 0 (default)
2023-06-22 21:35:14,771 [470642db-8038-41e5-a5f3-81d987be2f99-groupManagement] INFO  server.RaftServerConfigKeys (ConfUtils.java:logGet(46)) - raft.server.log.segment.size.max = 1048576 (custom)
2023-06-22 21:35:14,771 [470642db-8038-41e5-a5f3-81d987be2f99-groupManagement] INFO  server.RaftServerConfigKeys (ConfUtils.java:logGet(46)) - raft.server.log.segment.cache.num.max = 2 (custom)
2023-06-22 21:35:14,771 [470642db-8038-41e5-a5f3-81d987be2f99-groupManagement] INFO  server.RaftServerConfigKeys (ConfUtils.java:logGet(46)) - raft.server.log.segment.cache.size.max = 200MB (=209715200) (default)
2023-06-22 21:35:14,771 [470642db-8038-41e5-a5f3-81d987be2f99-groupManagement] INFO  server.RaftServerConfigKeys (ConfUtils.java:logGet(46)) - raft.server.log.appender.buffer.byte-limit = 33554432 (custom)
2023-06-22 21:35:14,771 [470642db-8038-41e5-a5f3-81d987be2f99-groupManagement] INFO  segmented.SegmentedRaftLogWorker (SegmentedRaftLogWorker.java:<init>(188)) - new 470642db-8038-41e5-a5f3-81d987be2f99@group-1D9C35B47DFD-SegmentedRaftLogWorker for RaftStorageImpl:Storage Directory /home/runner/work/ozone/ozone/hadoop-ozone/integration-test/target/test-dir/MiniOzoneClusterImpl-00f3567e-e140-4cd7-bd5a-f6438c2bd6c1/datanode-2/data/ratis/7edd585c-dcb0-4340-be99-1d9c35b47dfd
2023-06-22 21:35:14,771 [470642db-8038-41e5-a5f3-81d987be2f99-groupManagement] INFO  server.RaftServerConfigKeys (ConfUtils.java:logGet(46)) - raft.server.log.queue.byte-limit = 4294967296 (custom)
2023-06-22 21:35:14,772 [470642db-8038-41e5-a5f3-81d987be2f99-groupManagement] INFO  server.RaftServerConfigKeys (ConfUtils.java:logGet(46)) - raft.server.log.queue.element-limit = 1024 (custom)
2023-06-22 21:35:14,772 [470642db-8038-41e5-a5f3-81d987be2f99-groupManagement] INFO  server.RaftServerConfigKeys (ConfUtils.java:logGet(46)) - raft.server.log.segment.size.max = 1048576 (custom)
2023-06-22 21:35:14,772 [470642db-8038-41e5-a5f3-81d987be2f99-groupManagement] INFO  server.RaftServerConfigKeys (ConfUtils.java:logGet(46)) - raft.server.log.preallocated.size = 16384 (custom)
2023-06-22 21:35:14,772 [470642db-8038-41e5-a5f3-81d987be2f99-groupManagement] INFO  server.RaftServerConfigKeys (ConfUtils.java:logGet(46)) - raft.server.log.force.sync.num = 128 (default)
2023-06-22 21:35:14,772 [470642db-8038-41e5-a5f3-81d987be2f99-groupManagement] INFO  server.RaftServerConfigKeys (ConfUtils.java:logGet(46)) - raft.server.log.statemachine.data.sync = true (default)
2023-06-22 21:35:14,772 [470642db-8038-41e5-a5f3-81d987be2f99-groupManagement] INFO  server.RaftServerConfigKeys (ConfUtils.java:logGet(46)) - raft.server.log.statemachine.data.sync.timeout = 10s (default)
2023-06-22 21:35:14,772 [470642db-8038-41e5-a5f3-81d987be2f99-groupManagement] INFO  server.RaftServerConfigKeys (ConfUtils.java:logGet(46)) - raft.server.log.statemachine.data.sync.timeout.retry = -1 (default)
2023-06-22 21:35:14,773 [470642db-8038-41e5-a5f3-81d987be2f99-groupManagement] INFO  server.RaftServerConfigKeys (ConfUtils.java:logGet(46)) - raft.server.log.write.buffer.size = 1048576 (custom)
2023-06-22 21:35:14,775 [470642db-8038-41e5-a5f3-81d987be2f99-groupManagement] INFO  server.RaftServerConfigKeys (ConfUtils.java:logGet(46)) - raft.server.log.appender.buffer.byte-limit = 33554432 (custom)
2023-06-22 21:35:14,776 [EventQueue-OpenPipelineForHealthyPipelineSafeModeRule] INFO  safemode.SCMSafeModeManager (HealthyPipelineSafeModeRule.java:process(137)) - SCM in safe mode. Healthy pipelines reported count is 0, required healthy pipeline reported count is 1
2023-06-22 21:35:14,783 [470642db-8038-41e5-a5f3-81d987be2f99-groupManagement] INFO  server.RaftServerConfigKeys (ConfUtils.java:logGet(46)) - raft.server.log.unsafe-flush.enabled = false (default)
2023-06-22 21:35:14,785 [470642db-8038-41e5-a5f3-81d987be2f99-groupManagement] INFO  server.RaftServerConfigKeys (ConfUtils.java:logGet(46)) - raft.server.log.async-flush.enabled = false (default)
2023-06-22 21:35:14,789 [470642db-8038-41e5-a5f3-81d987be2f99-groupManagement] INFO  server.RaftServerConfigKeys (ConfUtils.java:logGet(46)) - raft.server.log.statemachine.data.caching.enabled = true (custom)
2023-06-22 21:35:14,790 [470642db-8038-41e5-a5f3-81d987be2f99-groupManagement] INFO  segmented.SegmentedRaftLogWorker (SegmentedRaftLogWorker.java:lambda$new$0(135)) - 470642db-8038-41e5-a5f3-81d987be2f99@group-1D9C35B47DFD-SegmentedRaftLogWorker: flushIndex: setUnconditionally 0 -> -1
2023-06-22 21:35:14,790 [470642db-8038-41e5-a5f3-81d987be2f99-groupManagement] INFO  segmented.SegmentedRaftLogWorker (SegmentedRaftLogWorker.java:lambda$new$0(135)) - 470642db-8038-41e5-a5f3-81d987be2f99@group-1D9C35B47DFD-SegmentedRaftLogWorker: safeCacheEvictIndex: setUnconditionally 0 -> -1
2023-06-22 21:35:14,793 [470642db-8038-41e5-a5f3-81d987be2f99-groupManagement] INFO  server.RaftServer$Division (RaftServerImpl.java:start(342)) - 470642db-8038-41e5-a5f3-81d987be2f99@group-1D9C35B47DFD: start as a follower, conf=-1: peers:[84a824f3-7f5d-4f33-8f93-63e849b7c227|rpc:10.1.1.69:15023|admin:10.1.1.69:15022|client:10.1.1.69:15021|dataStream:10.1.1.69:15024|priority:0|startupRole:FOLLOWER, 470642db-8038-41e5-a5f3-81d987be2f99|rpc:10.1.1.69:15032|admin:10.1.1.69:15031|client:10.1.1.69:15030|dataStream:10.1.1.69:15033|priority:0|startupRole:FOLLOWER, 45e724c1-f4a6-4405-a7cb-dfa9f2e55867|rpc:10.1.1.69:15014|admin:10.1.1.69:15013|client:10.1.1.69:15012|dataStream:10.1.1.69:15015|priority:1|startupRole:FOLLOWER]|listeners:[], old=null
2023-06-22 21:35:14,793 [470642db-8038-41e5-a5f3-81d987be2f99-groupManagement] INFO  server.RaftServer$Division (RaftServerImpl.java:setRole(329)) - 470642db-8038-41e5-a5f3-81d987be2f99@group-1D9C35B47DFD: changes role from      null to FOLLOWER at term 0 for startAsFollower
2023-06-22 21:35:14,793 [470642db-8038-41e5-a5f3-81d987be2f99-groupManagement] INFO  impl.RoleInfo (RoleInfo.java:updateAndGet(139)) - 470642db-8038-41e5-a5f3-81d987be2f99: start 470642db-8038-41e5-a5f3-81d987be2f99@group-1D9C35B47DFD-FollowerState
2023-06-22 21:35:14,796 [470642db-8038-41e5-a5f3-81d987be2f99-groupManagement] INFO  util.JmxRegister (JmxRegister.java:tryRegister(44)) - Successfully registered JMX Bean with object name Ratis:service=RaftServer,group=group-1D9C35B47DFD,id=470642db-8038-41e5-a5f3-81d987be2f99
2023-06-22 21:35:14,796 [470642db-8038-41e5-a5f3-81d987be2f99-groupManagement] INFO  server.RaftServerConfigKeys (ConfUtils.java:logGet(46)) - raft.server.snapshot.auto.trigger.enabled = true (custom)
2023-06-22 21:35:14,796 [470642db-8038-41e5-a5f3-81d987be2f99-groupManagement] INFO  server.RaftServerConfigKeys (ConfUtils.java:logGet(46)) - raft.server.snapshot.auto.trigger.threshold = 10000 (custom)
2023-06-22 21:35:14,796 [470642db-8038-41e5-a5f3-81d987be2f99-groupManagement] INFO  server.RaftServerConfigKeys (ConfUtils.java:logGet(46)) - raft.server.snapshot.retention.file.num = 5 (custom)
2023-06-22 21:35:14,796 [470642db-8038-41e5-a5f3-81d987be2f99-groupManagement] INFO  server.RaftServerConfigKeys (ConfUtils.java:logGet(46)) - raft.server.log.purge.upto.snapshot.index = false (default)
2023-06-22 21:35:14,800 [470642db-8038-41e5-a5f3-81d987be2f99@group-1D9C35B47DFD-FollowerState] INFO  server.RaftServerConfigKeys (ConfUtils.java:logFallback(53)) - raft.server.rpc.first-election.timeout.min = 5s (fallback to raft.server.rpc.timeout.min)
2023-06-22 21:35:14,803 [470642db-8038-41e5-a5f3-81d987be2f99-groupManagement] INFO  server.RaftServer$Division (RaftServerImpl.java:<init>(198)) - 470642db-8038-41e5-a5f3-81d987be2f99: new RaftServerImpl for group-09A22F1DE51A:[84a824f3-7f5d-4f33-8f93-63e849b7c227|rpc:10.1.1.69:15023|admin:10.1.1.69:15022|client:10.1.1.69:15021|dataStream:10.1.1.69:15024|priority:0|startupRole:FOLLOWER, 45e724c1-f4a6-4405-a7cb-dfa9f2e55867|rpc:10.1.1.69:15014|admin:10.1.1.69:15013|client:10.1.1.69:15012|dataStream:10.1.1.69:15015|priority:0|startupRole:FOLLOWER, 470642db-8038-41e5-a5f3-81d987be2f99|rpc:10.1.1.69:15032|admin:10.1.1.69:15031|client:10.1.1.69:15030|dataStream:10.1.1.69:15033|priority:1|startupRole:FOLLOWER] with ContainerStateMachine:uninitialized
2023-06-22 21:35:14,803 [470642db-8038-41e5-a5f3-81d987be2f99-groupManagement] INFO  server.RaftServerConfigKeys (ConfUtils.java:logGet(46)) - raft.server.rpc.timeout.min = 5s (custom)
2023-06-22 21:35:14,803 [470642db-8038-41e5-a5f3-81d987be2f99-groupManagement] INFO  server.RaftServerConfigKeys (ConfUtils.java:logGet(46)) - raft.server.rpc.timeout.max = 5200ms (custom)
2023-06-22 21:35:14,804 [470642db-8038-41e5-a5f3-81d987be2f99-groupManagement] INFO  server.RaftServerConfigKeys (ConfUtils.java:logGet(46)) - raft.server.rpc.sleep.time = 25ms (default)
2023-06-22 21:35:14,804 [470642db-8038-41e5-a5f3-81d987be2f99-groupManagement] INFO  server.RaftServerConfigKeys (ConfUtils.java:logGet(46)) - raft.server.rpc.slowness.timeout = 300s (custom)
2023-06-22 21:35:14,804 [470642db-8038-41e5-a5f3-81d987be2f99-groupManagement] INFO  server.RaftServerConfigKeys (ConfUtils.java:logGet(46)) - raft.server.leaderelection.leader.step-down.wait-time = 10s (default)
2023-06-22 21:35:14,804 [470642db-8038-41e5-a5f3-81d987be2f99-groupManagement] INFO  server.RaftServerConfigKeys (ConfUtils.java:logGet(46)) - raft.server.sleep.deviation.threshold = 300ms (default)
2023-06-22 21:35:14,804 [470642db-8038-41e5-a5f3-81d987be2f99-groupManagement] INFO  server.RaftServer$Division (ServerState.java:<init>(120)) - 470642db-8038-41e5-a5f3-81d987be2f99@group-09A22F1DE51A: ConfigurationManager, init=-1: peers:[84a824f3-7f5d-4f33-8f93-63e849b7c227|rpc:10.1.1.69:15023|admin:10.1.1.69:15022|client:10.1.1.69:15021|dataStream:10.1.1.69:15024|priority:0|startupRole:FOLLOWER, 45e724c1-f4a6-4405-a7cb-dfa9f2e55867|rpc:10.1.1.69:15014|admin:10.1.1.69:15013|client:10.1.1.69:15012|dataStream:10.1.1.69:15015|priority:0|startupRole:FOLLOWER, 470642db-8038-41e5-a5f3-81d987be2f99|rpc:10.1.1.69:15032|admin:10.1.1.69:15031|client:10.1.1.69:15030|dataStream:10.1.1.69:15033|priority:1|startupRole:FOLLOWER]|listeners:[], old=null, confs=<EMPTY_MAP>
2023-06-22 21:35:14,804 [470642db-8038-41e5-a5f3-81d987be2f99-groupManagement] INFO  server.RaftServerConfigKeys (ConfUtils.java:logGet(46)) - raft.server.storage.dir = [/home/runner/work/ozone/ozone/hadoop-ozone/integration-test/target/test-dir/MiniOzoneClusterImpl-00f3567e-e140-4cd7-bd5a-f6438c2bd6c1/datanode-2/data/ratis] (custom)
2023-06-22 21:35:14,804 [470642db-8038-41e5-a5f3-81d987be2f99-groupManagement] INFO  server.RaftServerConfigKeys (ConfUtils.java:logGet(46)) - raft.server.log.corruption.policy = EXCEPTION (default)
2023-06-22 21:35:14,804 [470642db-8038-41e5-a5f3-81d987be2f99-groupManagement] INFO  server.RaftServerConfigKeys (ConfUtils.java:logGet(46)) - raft.server.storage.free-space.min = 0MB (=0) (default)
2023-06-22 21:35:14,804 [470642db-8038-41e5-a5f3-81d987be2f99-groupManagement] INFO  server.RaftServerConfigKeys (ConfUtils.java:logGet(46)) - raft.server.notification.no-leader.timeout = 300s (custom)
2023-06-22 21:35:14,804 [470642db-8038-41e5-a5f3-81d987be2f99-groupManagement] INFO  server.RaftServerConfigKeys (ConfUtils.java:logGet(46)) - raft.server.read.timeout = 10s (default)
2023-06-22 21:35:14,804 [470642db-8038-41e5-a5f3-81d987be2f99-groupManagement] INFO  server.RaftServerConfigKeys (ConfUtils.java:logGet(46)) - raft.server.retrycache.expirytime = 600000ms (custom)
2023-06-22 21:35:14,804 [470642db-8038-41e5-a5f3-81d987be2f99-groupManagement] INFO  server.RaftServerConfigKeys (ConfUtils.java:logGet(46)) - raft.server.retrycache.statistics.expirytime = 100μs (default)
2023-06-22 21:35:14,805 [470642db-8038-41e5-a5f3-81d987be2f99-groupManagement] INFO  server.RaftServerConfigKeys (ConfUtils.java:logGet(46)) - raft.server.read.option = DEFAULT (default)
2023-06-22 21:35:14,807 [470642db-8038-41e5-a5f3-81d987be2f99@group-1D9C35B47DFD-FollowerState] INFO  server.RaftServerConfigKeys (ConfUtils.java:logFallback(53)) - raft.server.rpc.first-election.timeout.max = 5200ms (fallback to raft.server.rpc.timeout.max)
2023-06-22 21:35:14,812 [470642db-8038-41e5-a5f3-81d987be2f99-groupManagement] INFO  server.RaftServerConfigKeys (ConfUtils.java:logGet(46)) - raft.server.rpc.request.timeout = 60s (custom)
2023-06-22 21:35:14,812 [470642db-8038-41e5-a5f3-81d987be2f99-groupManagement] INFO  server.RaftServerConfigKeys (ConfUtils.java:logGet(46)) - raft.server.log.appender.install.snapshot.enabled = false (custom)
2023-06-22 21:35:14,812 [470642db-8038-41e5-a5f3-81d987be2f99-groupManagement] INFO  server.RaftServerConfigKeys (ConfUtils.java:logGet(46)) - raft.server.threadpool.server.cached = true (default)
2023-06-22 21:35:14,812 [470642db-8038-41e5-a5f3-81d987be2f99-groupManagement] INFO  server.RaftServerConfigKeys (ConfUtils.java:logGet(46)) - raft.server.threadpool.server.size = 0 (default)
2023-06-22 21:35:14,812 [470642db-8038-41e5-a5f3-81d987be2f99-groupManagement] INFO  server.RaftServerConfigKeys (ConfUtils.java:logGet(46)) - raft.server.threadpool.client.cached = true (default)
2023-06-22 21:35:14,812 [470642db-8038-41e5-a5f3-81d987be2f99-groupManagement] INFO  server.RaftServerConfigKeys (ConfUtils.java:logGet(46)) - raft.server.threadpool.client.size = 0 (default)
2023-06-22 21:35:14,812 [470642db-8038-41e5-a5f3-81d987be2f99-groupManagement] INFO  storage.RaftStorageDirectory (RaftStorageDirectoryImpl.java:analyzeStorage(137)) - The storage directory /home/runner/work/ozone/ozone/hadoop-ozone/integration-test/target/test-dir/MiniOzoneClusterImpl-00f3567e-e140-4cd7-bd5a-f6438c2bd6c1/datanode-2/data/ratis/dfadf8e9-d1ea-4740-a7e7-09a22f1de51a does not exist. Creating ...
2023-06-22 21:35:14,815 [470642db-8038-41e5-a5f3-81d987be2f99-groupManagement] INFO  storage.RaftStorageDirectory (RaftStorageDirectoryImpl.java:tryLock(231)) - Lock on /home/runner/work/ozone/ozone/hadoop-ozone/integration-test/target/test-dir/MiniOzoneClusterImpl-00f3567e-e140-4cd7-bd5a-f6438c2bd6c1/datanode-2/data/ratis/dfadf8e9-d1ea-4740-a7e7-09a22f1de51a/in_use.lock acquired by nodename 41615@fv-az504-135
2023-06-22 21:35:14,816 [470642db-8038-41e5-a5f3-81d987be2f99-groupManagement] INFO  storage.RaftStorage (RaftStorageImpl.java:format(96)) - Storage directory /home/runner/work/ozone/ozone/hadoop-ozone/integration-test/target/test-dir/MiniOzoneClusterImpl-00f3567e-e140-4cd7-bd5a-f6438c2bd6c1/datanode-2/data/ratis/dfadf8e9-d1ea-4740-a7e7-09a22f1de51a has been successfully formatted.
2023-06-22 21:35:14,818 [470642db-8038-41e5-a5f3-81d987be2f99-groupManagement] INFO  ratis.ContainerStateMachine (ContainerStateMachine.java:loadSnapshot(262)) - group-09A22F1DE51A: The snapshot info is null. Setting the last applied indexto:(t:0, i:~)
2023-06-22 21:35:14,818 [470642db-8038-41e5-a5f3-81d987be2f99-groupManagement] INFO  server.RaftServerConfigKeys (ConfUtils.java:logGet(46)) - raft.server.log.use.memory = false (default)
2023-06-22 21:35:14,818 [470642db-8038-41e5-a5f3-81d987be2f99-groupManagement] INFO  server.RaftServerConfigKeys (ConfUtils.java:logGet(46)) - raft.server.log.purge.gap = 1000000 (custom)
2023-06-22 21:35:14,818 [470642db-8038-41e5-a5f3-81d987be2f99-groupManagement] INFO  server.RaftServerConfigKeys (ConfUtils.java:logGet(46)) - raft.server.log.appender.buffer.byte-limit = 33554432 (custom)
2023-06-22 21:35:14,818 [470642db-8038-41e5-a5f3-81d987be2f99-groupManagement] INFO  server.RaftServerConfigKeys (ConfUtils.java:logGet(46)) - raft.server.log.statemachine.data.read.timeout = 1000ms (default)
2023-06-22 21:35:14,818 [470642db-8038-41e5-a5f3-81d987be2f99-groupManagement] INFO  server.RaftServerConfigKeys (ConfUtils.java:logGet(46)) - raft.server.log.purge.preservation.log.num = 0 (default)
2023-06-22 21:35:14,818 [470642db-8038-41e5-a5f3-81d987be2f99-groupManagement] INFO  server.RaftServerConfigKeys (ConfUtils.java:logGet(46)) - raft.server.log.segment.size.max = 1048576 (custom)
2023-06-22 21:35:14,819 [470642db-8038-41e5-a5f3-81d987be2f99-groupManagement] INFO  server.RaftServerConfigKeys (ConfUtils.java:logGet(46)) - raft.server.log.segment.cache.num.max = 2 (custom)
2023-06-22 21:35:14,819 [470642db-8038-41e5-a5f3-81d987be2f99-groupManagement] INFO  server.RaftServerConfigKeys (ConfUtils.java:logGet(46)) - raft.server.log.segment.cache.size.max = 200MB (=209715200) (default)
2023-06-22 21:35:14,819 [470642db-8038-41e5-a5f3-81d987be2f99-groupManagement] INFO  server.RaftServerConfigKeys (ConfUtils.java:logGet(46)) - raft.server.log.appender.buffer.byte-limit = 33554432 (custom)
2023-06-22 21:35:14,819 [470642db-8038-41e5-a5f3-81d987be2f99-groupManagement] INFO  segmented.SegmentedRaftLogWorker (SegmentedRaftLogWorker.java:<init>(188)) - new 470642db-8038-41e5-a5f3-81d987be2f99@group-09A22F1DE51A-SegmentedRaftLogWorker for RaftStorageImpl:Storage Directory /home/runner/work/ozone/ozone/hadoop-ozone/integration-test/target/test-dir/MiniOzoneClusterImpl-00f3567e-e140-4cd7-bd5a-f6438c2bd6c1/datanode-2/data/ratis/dfadf8e9-d1ea-4740-a7e7-09a22f1de51a
2023-06-22 21:35:14,819 [470642db-8038-41e5-a5f3-81d987be2f99-groupManagement] INFO  server.RaftServerConfigKeys (ConfUtils.java:logGet(46)) - raft.server.log.queue.byte-limit = 4294967296 (custom)
2023-06-22 21:35:14,819 [470642db-8038-41e5-a5f3-81d987be2f99-groupManagement] INFO  server.RaftServerConfigKeys (ConfUtils.java:logGet(46)) - raft.server.log.queue.element-limit = 1024 (custom)
2023-06-22 21:35:14,819 [470642db-8038-41e5-a5f3-81d987be2f99-groupManagement] INFO  server.RaftServerConfigKeys (ConfUtils.java:logGet(46)) - raft.server.log.segment.size.max = 1048576 (custom)
2023-06-22 21:35:14,819 [470642db-8038-41e5-a5f3-81d987be2f99-groupManagement] INFO  server.RaftServerConfigKeys (ConfUtils.java:logGet(46)) - raft.server.log.preallocated.size = 16384 (custom)
2023-06-22 21:35:14,819 [470642db-8038-41e5-a5f3-81d987be2f99-groupManagement] INFO  server.RaftServerConfigKeys (ConfUtils.java:logGet(46)) - raft.server.log.force.sync.num = 128 (default)
2023-06-22 21:35:14,819 [470642db-8038-41e5-a5f3-81d987be2f99-groupManagement] INFO  server.RaftServerConfigKeys (ConfUtils.java:logGet(46)) - raft.server.log.statemachine.data.sync = true (default)
2023-06-22 21:35:14,819 [470642db-8038-41e5-a5f3-81d987be2f99-groupManagement] INFO  server.RaftServerConfigKeys (ConfUtils.java:logGet(46)) - raft.server.log.statemachine.data.sync.timeout = 10s (default)
2023-06-22 21:35:14,819 [470642db-8038-41e5-a5f3-81d987be2f99-groupManagement] INFO  server.RaftServerConfigKeys (ConfUtils.java:logGet(46)) - raft.server.log.statemachine.data.sync.timeout.retry = -1 (default)
2023-06-22 21:35:14,820 [470642db-8038-41e5-a5f3-81d987be2f99-groupManagement] INFO  server.RaftServerConfigKeys (ConfUtils.java:logGet(46)) - raft.server.log.write.buffer.size = 1048576 (custom)
2023-06-22 21:35:14,823 [470642db-8038-41e5-a5f3-81d987be2f99-groupManagement] INFO  server.RaftServerConfigKeys (ConfUtils.java:logGet(46)) - raft.server.log.appender.buffer.byte-limit = 33554432 (custom)
2023-06-22 21:35:14,839 [EventQueue-OpenPipelineForHealthyPipelineSafeModeRule] INFO  safemode.SCMSafeModeManager (HealthyPipelineSafeModeRule.java:process(137)) - SCM in safe mode. Healthy pipelines reported count is 0, required healthy pipeline reported count is 1
2023-06-22 21:35:14,843 [470642db-8038-41e5-a5f3-81d987be2f99-groupManagement] INFO  server.RaftServerConfigKeys (ConfUtils.java:logGet(46)) - raft.server.log.unsafe-flush.enabled = false (default)
2023-06-22 21:35:14,843 [470642db-8038-41e5-a5f3-81d987be2f99-groupManagement] INFO  server.RaftServerConfigKeys (ConfUtils.java:logGet(46)) - raft.server.log.async-flush.enabled = false (default)
2023-06-22 21:35:14,843 [470642db-8038-41e5-a5f3-81d987be2f99-groupManagement] INFO  server.RaftServerConfigKeys (ConfUtils.java:logGet(46)) - raft.server.log.statemachine.data.caching.enabled = true (custom)
2023-06-22 21:35:14,843 [470642db-8038-41e5-a5f3-81d987be2f99-groupManagement] INFO  segmented.SegmentedRaftLogWorker (SegmentedRaftLogWorker.java:lambda$new$0(135)) - 470642db-8038-41e5-a5f3-81d987be2f99@group-09A22F1DE51A-SegmentedRaftLogWorker: flushIndex: setUnconditionally 0 -> -1
2023-06-22 21:35:14,843 [470642db-8038-41e5-a5f3-81d987be2f99-groupManagement] INFO  segmented.SegmentedRaftLogWorker (SegmentedRaftLogWorker.java:lambda$new$0(135)) - 470642db-8038-41e5-a5f3-81d987be2f99@group-09A22F1DE51A-SegmentedRaftLogWorker: safeCacheEvictIndex: setUnconditionally 0 -> -1
2023-06-22 21:35:14,854 [470642db-8038-41e5-a5f3-81d987be2f99-groupManagement] INFO  server.RaftServer$Division (RaftServerImpl.java:start(342)) - 470642db-8038-41e5-a5f3-81d987be2f99@group-09A22F1DE51A: start as a follower, conf=-1: peers:[84a824f3-7f5d-4f33-8f93-63e849b7c227|rpc:10.1.1.69:15023|admin:10.1.1.69:15022|client:10.1.1.69:15021|dataStream:10.1.1.69:15024|priority:0|startupRole:FOLLOWER, 45e724c1-f4a6-4405-a7cb-dfa9f2e55867|rpc:10.1.1.69:15014|admin:10.1.1.69:15013|client:10.1.1.69:15012|dataStream:10.1.1.69:15015|priority:0|startupRole:FOLLOWER, 470642db-8038-41e5-a5f3-81d987be2f99|rpc:10.1.1.69:15032|admin:10.1.1.69:15031|client:10.1.1.69:15030|dataStream:10.1.1.69:15033|priority:1|startupRole:FOLLOWER]|listeners:[], old=null
2023-06-22 21:35:14,855 [470642db-8038-41e5-a5f3-81d987be2f99-groupManagement] INFO  server.RaftServer$Division (RaftServerImpl.java:setRole(329)) - 470642db-8038-41e5-a5f3-81d987be2f99@group-09A22F1DE51A: changes role from      null to FOLLOWER at term 0 for startAsFollower
2023-06-22 21:35:14,855 [470642db-8038-41e5-a5f3-81d987be2f99-groupManagement] INFO  impl.RoleInfo (RoleInfo.java:updateAndGet(139)) - 470642db-8038-41e5-a5f3-81d987be2f99: start 470642db-8038-41e5-a5f3-81d987be2f99@group-09A22F1DE51A-FollowerState
2023-06-22 21:35:14,855 [470642db-8038-41e5-a5f3-81d987be2f99-groupManagement] INFO  util.JmxRegister (JmxRegister.java:tryRegister(44)) - Successfully registered JMX Bean with object name Ratis:service=RaftServer,group=group-09A22F1DE51A,id=470642db-8038-41e5-a5f3-81d987be2f99
2023-06-22 21:35:14,855 [470642db-8038-41e5-a5f3-81d987be2f99-groupManagement] INFO  server.RaftServerConfigKeys (ConfUtils.java:logGet(46)) - raft.server.snapshot.auto.trigger.enabled = true (custom)
2023-06-22 21:35:14,855 [470642db-8038-41e5-a5f3-81d987be2f99-groupManagement] INFO  server.RaftServerConfigKeys (ConfUtils.java:logGet(46)) - raft.server.snapshot.auto.trigger.threshold = 10000 (custom)
2023-06-22 21:35:14,855 [470642db-8038-41e5-a5f3-81d987be2f99-groupManagement] INFO  server.RaftServerConfigKeys (ConfUtils.java:logGet(46)) - raft.server.snapshot.retention.file.num = 5 (custom)
2023-06-22 21:35:14,855 [470642db-8038-41e5-a5f3-81d987be2f99-groupManagement] INFO  server.RaftServerConfigKeys (ConfUtils.java:logGet(46)) - raft.server.log.purge.upto.snapshot.index = false (default)
2023-06-22 21:35:14,856 [470642db-8038-41e5-a5f3-81d987be2f99@group-09A22F1DE51A-FollowerState] INFO  server.RaftServerConfigKeys (ConfUtils.java:logFallback(53)) - raft.server.rpc.first-election.timeout.min = 5s (fallback to raft.server.rpc.timeout.min)
2023-06-22 21:35:14,857 [PipelineCommandHandlerThread-0] INFO  ratis.XceiverServerRatis (XceiverServerRatis.java:addGroup(804)) - Created group PipelineID=dfadf8e9-d1ea-4740-a7e7-09a22f1de51a
2023-06-22 21:35:14,868 [470642db-8038-41e5-a5f3-81d987be2f99@group-09A22F1DE51A-FollowerState] INFO  server.RaftServerConfigKeys (ConfUtils.java:logFallback(53)) - raft.server.rpc.first-election.timeout.max = 5200ms (fallback to raft.server.rpc.timeout.max)
2023-06-22 21:35:14,922 [grpc-default-executor-0] INFO  server.RaftServer (RaftServerProxy.java:addNew(98)) - 45e724c1-f4a6-4405-a7cb-dfa9f2e55867: addNew group-09A22F1DE51A:[84a824f3-7f5d-4f33-8f93-63e849b7c227|rpc:10.1.1.69:15023|admin:10.1.1.69:15022|client:10.1.1.69:15021|dataStream:10.1.1.69:15024|priority:0|startupRole:FOLLOWER, 45e724c1-f4a6-4405-a7cb-dfa9f2e55867|rpc:10.1.1.69:15014|admin:10.1.1.69:15013|client:10.1.1.69:15012|dataStream:10.1.1.69:15015|priority:0|startupRole:FOLLOWER, 470642db-8038-41e5-a5f3-81d987be2f99|rpc:10.1.1.69:15032|admin:10.1.1.69:15031|client:10.1.1.69:15030|dataStream:10.1.1.69:15033|priority:1|startupRole:FOLLOWER] returns group-09A22F1DE51A:java.util.concurrent.CompletableFuture@5c481677[Not completed]
2023-06-22 21:35:14,923 [45e724c1-f4a6-4405-a7cb-dfa9f2e55867-groupManagement] INFO  server.RaftServer$Division (RaftServerImpl.java:<init>(198)) - 45e724c1-f4a6-4405-a7cb-dfa9f2e55867: new RaftServerImpl for group-09A22F1DE51A:[84a824f3-7f5d-4f33-8f93-63e849b7c227|rpc:10.1.1.69:15023|admin:10.1.1.69:15022|client:10.1.1.69:15021|dataStream:10.1.1.69:15024|priority:0|startupRole:FOLLOWER, 45e724c1-f4a6-4405-a7cb-dfa9f2e55867|rpc:10.1.1.69:15014|admin:10.1.1.69:15013|client:10.1.1.69:15012|dataStream:10.1.1.69:15015|priority:0|startupRole:FOLLOWER, 470642db-8038-41e5-a5f3-81d987be2f99|rpc:10.1.1.69:15032|admin:10.1.1.69:15031|client:10.1.1.69:15030|dataStream:10.1.1.69:15033|priority:1|startupRole:FOLLOWER] with ContainerStateMachine:uninitialized
2023-06-22 21:35:14,923 [45e724c1-f4a6-4405-a7cb-dfa9f2e55867-groupManagement] INFO  server.RaftServerConfigKeys (ConfUtils.java:logGet(46)) - raft.server.rpc.timeout.min = 5s (custom)
2023-06-22 21:35:14,923 [45e724c1-f4a6-4405-a7cb-dfa9f2e55867-groupManagement] INFO  server.RaftServerConfigKeys (ConfUtils.java:logGet(46)) - raft.server.rpc.timeout.max = 5200ms (custom)
2023-06-22 21:35:14,923 [45e724c1-f4a6-4405-a7cb-dfa9f2e55867-groupManagement] INFO  server.RaftServerConfigKeys (ConfUtils.java:logGet(46)) - raft.server.rpc.sleep.time = 25ms (default)
2023-06-22 21:35:14,923 [45e724c1-f4a6-4405-a7cb-dfa9f2e55867-groupManagement] INFO  server.RaftServerConfigKeys (ConfUtils.java:logGet(46)) - raft.server.rpc.slowness.timeout = 300s (custom)
2023-06-22 21:35:14,923 [45e724c1-f4a6-4405-a7cb-dfa9f2e55867-groupManagement] INFO  server.RaftServerConfigKeys (ConfUtils.java:logGet(46)) - raft.server.leaderelection.leader.step-down.wait-time = 10s (default)
2023-06-22 21:35:14,923 [45e724c1-f4a6-4405-a7cb-dfa9f2e55867-groupManagement] INFO  server.RaftServerConfigKeys (ConfUtils.java:logGet(46)) - raft.server.sleep.deviation.threshold = 300ms (default)
2023-06-22 21:35:14,923 [45e724c1-f4a6-4405-a7cb-dfa9f2e55867-groupManagement] INFO  server.RaftServer$Division (ServerState.java:<init>(120)) - 45e724c1-f4a6-4405-a7cb-dfa9f2e55867@group-09A22F1DE51A: ConfigurationManager, init=-1: peers:[84a824f3-7f5d-4f33-8f93-63e849b7c227|rpc:10.1.1.69:15023|admin:10.1.1.69:15022|client:10.1.1.69:15021|dataStream:10.1.1.69:15024|priority:0|startupRole:FOLLOWER, 45e724c1-f4a6-4405-a7cb-dfa9f2e55867|rpc:10.1.1.69:15014|admin:10.1.1.69:15013|client:10.1.1.69:15012|dataStream:10.1.1.69:15015|priority:0|startupRole:FOLLOWER, 470642db-8038-41e5-a5f3-81d987be2f99|rpc:10.1.1.69:15032|admin:10.1.1.69:15031|client:10.1.1.69:15030|dataStream:10.1.1.69:15033|priority:1|startupRole:FOLLOWER]|listeners:[], old=null, confs=<EMPTY_MAP>
2023-06-22 21:35:14,924 [45e724c1-f4a6-4405-a7cb-dfa9f2e55867-groupManagement] INFO  server.RaftServerConfigKeys (ConfUtils.java:logGet(46)) - raft.server.storage.dir = [/home/runner/work/ozone/ozone/hadoop-ozone/integration-test/target/test-dir/MiniOzoneClusterImpl-00f3567e-e140-4cd7-bd5a-f6438c2bd6c1/datanode-0/data/ratis] (custom)
2023-06-22 21:35:14,924 [45e724c1-f4a6-4405-a7cb-dfa9f2e55867-groupManagement] INFO  server.RaftServerConfigKeys (ConfUtils.java:logGet(46)) - raft.server.log.corruption.policy = EXCEPTION (default)
2023-06-22 21:35:14,924 [45e724c1-f4a6-4405-a7cb-dfa9f2e55867-groupManagement] INFO  server.RaftServerConfigKeys (ConfUtils.java:logGet(46)) - raft.server.storage.free-space.min = 0MB (=0) (default)
2023-06-22 21:35:14,924 [45e724c1-f4a6-4405-a7cb-dfa9f2e55867-groupManagement] INFO  server.RaftServerConfigKeys (ConfUtils.java:logGet(46)) - raft.server.notification.no-leader.timeout = 300s (custom)
2023-06-22 21:35:14,924 [45e724c1-f4a6-4405-a7cb-dfa9f2e55867-groupManagement] INFO  server.RaftServerConfigKeys (ConfUtils.java:logGet(46)) - raft.server.read.timeout = 10s (default)
2023-06-22 21:35:14,924 [45e724c1-f4a6-4405-a7cb-dfa9f2e55867-groupManagement] INFO  server.RaftServerConfigKeys (ConfUtils.java:logGet(46)) - raft.server.retrycache.expirytime = 600000ms (custom)
2023-06-22 21:35:14,924 [45e724c1-f4a6-4405-a7cb-dfa9f2e55867-groupManagement] INFO  server.RaftServerConfigKeys (ConfUtils.java:logGet(46)) - raft.server.retrycache.statistics.expirytime = 100μs (default)
2023-06-22 21:35:14,924 [45e724c1-f4a6-4405-a7cb-dfa9f2e55867-groupManagement] INFO  server.RaftServerConfigKeys (ConfUtils.java:logGet(46)) - raft.server.read.option = DEFAULT (default)
2023-06-22 21:35:14,925 [45e724c1-f4a6-4405-a7cb-dfa9f2e55867-groupManagement] INFO  server.RaftServerConfigKeys (ConfUtils.java:logGet(46)) - raft.server.rpc.request.timeout = 60s (custom)
2023-06-22 21:35:14,925 [45e724c1-f4a6-4405-a7cb-dfa9f2e55867-groupManagement] INFO  server.RaftServerConfigKeys (ConfUtils.java:logGet(46)) - raft.server.log.appender.install.snapshot.enabled = false (custom)
2023-06-22 21:35:14,925 [45e724c1-f4a6-4405-a7cb-dfa9f2e55867-groupManagement] INFO  server.RaftServerConfigKeys (ConfUtils.java:logGet(46)) - raft.server.threadpool.server.cached = true (default)
2023-06-22 21:35:14,925 [45e724c1-f4a6-4405-a7cb-dfa9f2e55867-groupManagement] INFO  server.RaftServerConfigKeys (ConfUtils.java:logGet(46)) - raft.server.threadpool.server.size = 0 (default)
2023-06-22 21:35:14,926 [45e724c1-f4a6-4405-a7cb-dfa9f2e55867-groupManagement] INFO  server.RaftServerConfigKeys (ConfUtils.java:logGet(46)) - raft.server.threadpool.client.cached = true (default)
2023-06-22 21:35:14,926 [45e724c1-f4a6-4405-a7cb-dfa9f2e55867-groupManagement] INFO  server.RaftServerConfigKeys (ConfUtils.java:logGet(46)) - raft.server.threadpool.client.size = 0 (default)
2023-06-22 21:35:14,926 [45e724c1-f4a6-4405-a7cb-dfa9f2e55867-groupManagement] INFO  storage.RaftStorageDirectory (RaftStorageDirectoryImpl.java:analyzeStorage(137)) - The storage directory /home/runner/work/ozone/ozone/hadoop-ozone/integration-test/target/test-dir/MiniOzoneClusterImpl-00f3567e-e140-4cd7-bd5a-f6438c2bd6c1/datanode-0/data/ratis/dfadf8e9-d1ea-4740-a7e7-09a22f1de51a does not exist. Creating ...
2023-06-22 21:35:14,928 [45e724c1-f4a6-4405-a7cb-dfa9f2e55867-groupManagement] INFO  storage.RaftStorageDirectory (RaftStorageDirectoryImpl.java:tryLock(231)) - Lock on /home/runner/work/ozone/ozone/hadoop-ozone/integration-test/target/test-dir/MiniOzoneClusterImpl-00f3567e-e140-4cd7-bd5a-f6438c2bd6c1/datanode-0/data/ratis/dfadf8e9-d1ea-4740-a7e7-09a22f1de51a/in_use.lock acquired by nodename 41615@fv-az504-135
2023-06-22 21:35:14,929 [45e724c1-f4a6-4405-a7cb-dfa9f2e55867-groupManagement] INFO  storage.RaftStorage (RaftStorageImpl.java:format(96)) - Storage directory /home/runner/work/ozone/ozone/hadoop-ozone/integration-test/target/test-dir/MiniOzoneClusterImpl-00f3567e-e140-4cd7-bd5a-f6438c2bd6c1/datanode-0/data/ratis/dfadf8e9-d1ea-4740-a7e7-09a22f1de51a has been successfully formatted.
2023-06-22 21:35:14,930 [45e724c1-f4a6-4405-a7cb-dfa9f2e55867-groupManagement] INFO  ratis.ContainerStateMachine (ContainerStateMachine.java:loadSnapshot(262)) - group-09A22F1DE51A: The snapshot info is null. Setting the last applied indexto:(t:0, i:~)
2023-06-22 21:35:14,930 [45e724c1-f4a6-4405-a7cb-dfa9f2e55867-groupManagement] INFO  server.RaftServerConfigKeys (ConfUtils.java:logGet(46)) - raft.server.log.use.memory = false (default)
2023-06-22 21:35:14,930 [45e724c1-f4a6-4405-a7cb-dfa9f2e55867-groupManagement] INFO  server.RaftServerConfigKeys (ConfUtils.java:logGet(46)) - raft.server.log.purge.gap = 1000000 (custom)
2023-06-22 21:35:14,930 [45e724c1-f4a6-4405-a7cb-dfa9f2e55867-groupManagement] INFO  server.RaftServerConfigKeys (ConfUtils.java:logGet(46)) - raft.server.log.appender.buffer.byte-limit = 33554432 (custom)
2023-06-22 21:35:14,930 [45e724c1-f4a6-4405-a7cb-dfa9f2e55867-groupManagement] INFO  server.RaftServerConfigKeys (ConfUtils.java:logGet(46)) - raft.server.log.statemachine.data.read.timeout = 1000ms (default)
2023-06-22 21:35:14,930 [45e724c1-f4a6-4405-a7cb-dfa9f2e55867-groupManagement] INFO  server.RaftServerConfigKeys (ConfUtils.java:logGet(46)) - raft.server.log.purge.preservation.log.num = 0 (default)
2023-06-22 21:35:14,934 [45e724c1-f4a6-4405-a7cb-dfa9f2e55867-groupManagement] INFO  server.RaftServerConfigKeys (ConfUtils.java:logGet(46)) - raft.server.log.segment.size.max = 1048576 (custom)
2023-06-22 21:35:14,935 [45e724c1-f4a6-4405-a7cb-dfa9f2e55867-groupManagement] INFO  server.RaftServerConfigKeys (ConfUtils.java:logGet(46)) - raft.server.log.segment.cache.num.max = 2 (custom)
2023-06-22 21:35:14,935 [45e724c1-f4a6-4405-a7cb-dfa9f2e55867-groupManagement] INFO  server.RaftServerConfigKeys (ConfUtils.java:logGet(46)) - raft.server.log.segment.cache.size.max = 200MB (=209715200) (default)
2023-06-22 21:35:14,935 [45e724c1-f4a6-4405-a7cb-dfa9f2e55867-groupManagement] INFO  server.RaftServerConfigKeys (ConfUtils.java:logGet(46)) - raft.server.log.appender.buffer.byte-limit = 33554432 (custom)
2023-06-22 21:35:14,936 [45e724c1-f4a6-4405-a7cb-dfa9f2e55867-groupManagement] INFO  segmented.SegmentedRaftLogWorker (SegmentedRaftLogWorker.java:<init>(188)) - new 45e724c1-f4a6-4405-a7cb-dfa9f2e55867@group-09A22F1DE51A-SegmentedRaftLogWorker for RaftStorageImpl:Storage Directory /home/runner/work/ozone/ozone/hadoop-ozone/integration-test/target/test-dir/MiniOzoneClusterImpl-00f3567e-e140-4cd7-bd5a-f6438c2bd6c1/datanode-0/data/ratis/dfadf8e9-d1ea-4740-a7e7-09a22f1de51a
2023-06-22 21:35:14,936 [45e724c1-f4a6-4405-a7cb-dfa9f2e55867-groupManagement] INFO  server.RaftServerConfigKeys (ConfUtils.java:logGet(46)) - raft.server.log.queue.byte-limit = 4294967296 (custom)
2023-06-22 21:35:14,936 [45e724c1-f4a6-4405-a7cb-dfa9f2e55867-groupManagement] INFO  server.RaftServerConfigKeys (ConfUtils.java:logGet(46)) - raft.server.log.queue.element-limit = 1024 (custom)
2023-06-22 21:35:14,936 [45e724c1-f4a6-4405-a7cb-dfa9f2e55867-groupManagement] INFO  server.RaftServerConfigKeys (ConfUtils.java:logGet(46)) - raft.server.log.segment.size.max = 1048576 (custom)
2023-06-22 21:35:14,936 [45e724c1-f4a6-4405-a7cb-dfa9f2e55867-groupManagement] INFO  server.RaftServerConfigKeys (ConfUtils.java:logGet(46)) - raft.server.log.preallocated.size = 16384 (custom)
2023-06-22 21:35:14,936 [45e724c1-f4a6-4405-a7cb-dfa9f2e55867-groupManagement] INFO  server.RaftServerConfigKeys (ConfUtils.java:logGet(46)) - raft.server.log.force.sync.num = 128 (default)
2023-06-22 21:35:14,936 [45e724c1-f4a6-4405-a7cb-dfa9f2e55867-groupManagement] INFO  server.RaftServerConfigKeys (ConfUtils.java:logGet(46)) - raft.server.log.statemachine.data.sync = true (default)
2023-06-22 21:35:14,936 [45e724c1-f4a6-4405-a7cb-dfa9f2e55867-groupManagement] INFO  server.RaftServerConfigKeys (ConfUtils.java:logGet(46)) - raft.server.log.statemachine.data.sync.timeout = 10s (default)
2023-06-22 21:35:14,936 [45e724c1-f4a6-4405-a7cb-dfa9f2e55867-groupManagement] INFO  server.RaftServerConfigKeys (ConfUtils.java:logGet(46)) - raft.server.log.statemachine.data.sync.timeout.retry = -1 (default)
2023-06-22 21:35:14,939 [45e724c1-f4a6-4405-a7cb-dfa9f2e55867-groupManagement] INFO  server.RaftServerConfigKeys (ConfUtils.java:logGet(46)) - raft.server.log.write.buffer.size = 1048576 (custom)
2023-06-22 21:35:14,939 [45e724c1-f4a6-4405-a7cb-dfa9f2e55867-groupManagement] INFO  server.RaftServerConfigKeys (ConfUtils.java:logGet(46)) - raft.server.log.appender.buffer.byte-limit = 33554432 (custom)
2023-06-22 21:35:14,955 [45e724c1-f4a6-4405-a7cb-dfa9f2e55867-groupManagement] INFO  server.RaftServerConfigKeys (ConfUtils.java:logGet(46)) - raft.server.log.unsafe-flush.enabled = false (default)
2023-06-22 21:35:14,956 [45e724c1-f4a6-4405-a7cb-dfa9f2e55867-groupManagement] INFO  server.RaftServerConfigKeys (ConfUtils.java:logGet(46)) - raft.server.log.async-flush.enabled = false (default)
2023-06-22 21:35:14,956 [45e724c1-f4a6-4405-a7cb-dfa9f2e55867-groupManagement] INFO  server.RaftServerConfigKeys (ConfUtils.java:logGet(46)) - raft.server.log.statemachine.data.caching.enabled = true (custom)
2023-06-22 21:35:14,956 [45e724c1-f4a6-4405-a7cb-dfa9f2e55867-groupManagement] INFO  segmented.SegmentedRaftLogWorker (SegmentedRaftLogWorker.java:lambda$new$0(135)) - 45e724c1-f4a6-4405-a7cb-dfa9f2e55867@group-09A22F1DE51A-SegmentedRaftLogWorker: flushIndex: setUnconditionally 0 -> -1
2023-06-22 21:35:14,956 [45e724c1-f4a6-4405-a7cb-dfa9f2e55867-groupManagement] INFO  segmented.SegmentedRaftLogWorker (SegmentedRaftLogWorker.java:lambda$new$0(135)) - 45e724c1-f4a6-4405-a7cb-dfa9f2e55867@group-09A22F1DE51A-SegmentedRaftLogWorker: safeCacheEvictIndex: setUnconditionally 0 -> -1
2023-06-22 21:35:14,956 [45e724c1-f4a6-4405-a7cb-dfa9f2e55867-groupManagement] INFO  server.RaftServer$Division (RaftServerImpl.java:start(342)) - 45e724c1-f4a6-4405-a7cb-dfa9f2e55867@group-09A22F1DE51A: start as a follower, conf=-1: peers:[84a824f3-7f5d-4f33-8f93-63e849b7c227|rpc:10.1.1.69:15023|admin:10.1.1.69:15022|client:10.1.1.69:15021|dataStream:10.1.1.69:15024|priority:0|startupRole:FOLLOWER, 45e724c1-f4a6-4405-a7cb-dfa9f2e55867|rpc:10.1.1.69:15014|admin:10.1.1.69:15013|client:10.1.1.69:15012|dataStream:10.1.1.69:15015|priority:0|startupRole:FOLLOWER, 470642db-8038-41e5-a5f3-81d987be2f99|rpc:10.1.1.69:15032|admin:10.1.1.69:15031|client:10.1.1.69:15030|dataStream:10.1.1.69:15033|priority:1|startupRole:FOLLOWER]|listeners:[], old=null
2023-06-22 21:35:14,956 [45e724c1-f4a6-4405-a7cb-dfa9f2e55867-groupManagement] INFO  server.RaftServer$Division (RaftServerImpl.java:setRole(329)) - 45e724c1-f4a6-4405-a7cb-dfa9f2e55867@group-09A22F1DE51A: changes role from      null to FOLLOWER at term 0 for startAsFollower
2023-06-22 21:35:14,957 [45e724c1-f4a6-4405-a7cb-dfa9f2e55867-groupManagement] INFO  impl.RoleInfo (RoleInfo.java:updateAndGet(139)) - 45e724c1-f4a6-4405-a7cb-dfa9f2e55867: start 45e724c1-f4a6-4405-a7cb-dfa9f2e55867@group-09A22F1DE51A-FollowerState
2023-06-22 21:35:14,958 [45e724c1-f4a6-4405-a7cb-dfa9f2e55867-groupManagement] INFO  util.JmxRegister (JmxRegister.java:tryRegister(44)) - Successfully registered JMX Bean with object name Ratis:service=RaftServer,group=group-09A22F1DE51A,id=45e724c1-f4a6-4405-a7cb-dfa9f2e55867
2023-06-22 21:35:14,958 [45e724c1-f4a6-4405-a7cb-dfa9f2e55867-groupManagement] INFO  server.RaftServerConfigKeys (ConfUtils.java:logGet(46)) - raft.server.snapshot.auto.trigger.enabled = true (custom)
2023-06-22 21:35:14,958 [45e724c1-f4a6-4405-a7cb-dfa9f2e55867-groupManagement] INFO  server.RaftServerConfigKeys (ConfUtils.java:logGet(46)) - raft.server.snapshot.auto.trigger.threshold = 10000 (custom)
2023-06-22 21:35:14,958 [45e724c1-f4a6-4405-a7cb-dfa9f2e55867-groupManagement] INFO  server.RaftServerConfigKeys (ConfUtils.java:logGet(46)) - raft.server.snapshot.retention.file.num = 5 (custom)
2023-06-22 21:35:14,958 [45e724c1-f4a6-4405-a7cb-dfa9f2e55867-groupManagement] INFO  server.RaftServerConfigKeys (ConfUtils.java:logGet(46)) - raft.server.log.purge.upto.snapshot.index = false (default)
2023-06-22 21:35:14,959 [45e724c1-f4a6-4405-a7cb-dfa9f2e55867@group-09A22F1DE51A-FollowerState] INFO  server.RaftServerConfigKeys (ConfUtils.java:logFallback(53)) - raft.server.rpc.first-election.timeout.min = 5s (fallback to raft.server.rpc.timeout.min)
2023-06-22 21:35:14,967 [45e724c1-f4a6-4405-a7cb-dfa9f2e55867@group-09A22F1DE51A-FollowerState] INFO  server.RaftServerConfigKeys (ConfUtils.java:logFallback(53)) - raft.server.rpc.first-election.timeout.max = 5200ms (fallback to raft.server.rpc.timeout.max)
2023-06-22 21:35:14,972 [EventQueue-OpenPipelineForHealthyPipelineSafeModeRule] INFO  safemode.SCMSafeModeManager (HealthyPipelineSafeModeRule.java:process(137)) - SCM in safe mode. Healthy pipelines reported count is 0, required healthy pipeline reported count is 1
2023-06-22 21:35:14,978 [PipelineCommandHandlerThread-0] INFO  commandhandler.CreatePipelineCommandHandler (CreatePipelineCommandHandler.java:lambda$handle$2(124)) - Created Pipeline RATIS THREE PipelineID=7edd585c-dcb0-4340-be99-1d9c35b47dfd.
2023-06-22 21:35:14,979 [PipelineCommandHandlerThread-0] INFO  server.RaftServer (RaftServerProxy.java:addNew(98)) - 84a824f3-7f5d-4f33-8f93-63e849b7c227: addNew group-09A22F1DE51A:[84a824f3-7f5d-4f33-8f93-63e849b7c227|rpc:10.1.1.69:15023|admin:10.1.1.69:15022|client:10.1.1.69:15021|dataStream:10.1.1.69:15024|priority:0|startupRole:FOLLOWER, 45e724c1-f4a6-4405-a7cb-dfa9f2e55867|rpc:10.1.1.69:15014|admin:10.1.1.69:15013|client:10.1.1.69:15012|dataStream:10.1.1.69:15015|priority:0|startupRole:FOLLOWER, 470642db-8038-41e5-a5f3-81d987be2f99|rpc:10.1.1.69:15032|admin:10.1.1.69:15031|client:10.1.1.69:15030|dataStream:10.1.1.69:15033|priority:1|startupRole:FOLLOWER] returns group-09A22F1DE51A:java.util.concurrent.CompletableFuture@fcd24d0[Not completed]
2023-06-22 21:35:14,980 [84a824f3-7f5d-4f33-8f93-63e849b7c227-groupManagement] INFO  server.RaftServer$Division (RaftServerImpl.java:<init>(198)) - 84a824f3-7f5d-4f33-8f93-63e849b7c227: new RaftServerImpl for group-09A22F1DE51A:[84a824f3-7f5d-4f33-8f93-63e849b7c227|rpc:10.1.1.69:15023|admin:10.1.1.69:15022|client:10.1.1.69:15021|dataStream:10.1.1.69:15024|priority:0|startupRole:FOLLOWER, 45e724c1-f4a6-4405-a7cb-dfa9f2e55867|rpc:10.1.1.69:15014|admin:10.1.1.69:15013|client:10.1.1.69:15012|dataStream:10.1.1.69:15015|priority:0|startupRole:FOLLOWER, 470642db-8038-41e5-a5f3-81d987be2f99|rpc:10.1.1.69:15032|admin:10.1.1.69:15031|client:10.1.1.69:15030|dataStream:10.1.1.69:15033|priority:1|startupRole:FOLLOWER] with ContainerStateMachine:uninitialized
2023-06-22 21:35:14,980 [84a824f3-7f5d-4f33-8f93-63e849b7c227-groupManagement] INFO  server.RaftServerConfigKeys (ConfUtils.java:logGet(46)) - raft.server.rpc.timeout.min = 5s (custom)
2023-06-22 21:35:14,980 [84a824f3-7f5d-4f33-8f93-63e849b7c227-groupManagement] INFO  server.RaftServerConfigKeys (ConfUtils.java:logGet(46)) - raft.server.rpc.timeout.max = 5200ms (custom)
2023-06-22 21:35:14,980 [84a824f3-7f5d-4f33-8f93-63e849b7c227-groupManagement] INFO  server.RaftServerConfigKeys (ConfUtils.java:logGet(46)) - raft.server.rpc.sleep.time = 25ms (default)
2023-06-22 21:35:14,980 [84a824f3-7f5d-4f33-8f93-63e849b7c227-groupManagement] INFO  server.RaftServerConfigKeys (ConfUtils.java:logGet(46)) - raft.server.rpc.slowness.timeout = 300s (custom)
2023-06-22 21:35:14,980 [84a824f3-7f5d-4f33-8f93-63e849b7c227-groupManagement] INFO  server.RaftServerConfigKeys (ConfUtils.java:logGet(46)) - raft.server.leaderelection.leader.step-down.wait-time = 10s (default)
2023-06-22 21:35:14,980 [84a824f3-7f5d-4f33-8f93-63e849b7c227-groupManagement] INFO  server.RaftServerConfigKeys (ConfUtils.java:logGet(46)) - raft.server.sleep.deviation.threshold = 300ms (default)
2023-06-22 21:35:14,981 [84a824f3-7f5d-4f33-8f93-63e849b7c227-groupManagement] INFO  server.RaftServer$Division (ServerState.java:<init>(120)) - 84a824f3-7f5d-4f33-8f93-63e849b7c227@group-09A22F1DE51A: ConfigurationManager, init=-1: peers:[84a824f3-7f5d-4f33-8f93-63e849b7c227|rpc:10.1.1.69:15023|admin:10.1.1.69:15022|client:10.1.1.69:15021|dataStream:10.1.1.69:15024|priority:0|startupRole:FOLLOWER, 45e724c1-f4a6-4405-a7cb-dfa9f2e55867|rpc:10.1.1.69:15014|admin:10.1.1.69:15013|client:10.1.1.69:15012|dataStream:10.1.1.69:15015|priority:0|startupRole:FOLLOWER, 470642db-8038-41e5-a5f3-81d987be2f99|rpc:10.1.1.69:15032|admin:10.1.1.69:15031|client:10.1.1.69:15030|dataStream:10.1.1.69:15033|priority:1|startupRole:FOLLOWER]|listeners:[], old=null, confs=<EMPTY_MAP>
2023-06-22 21:35:14,981 [84a824f3-7f5d-4f33-8f93-63e849b7c227-groupManagement] INFO  server.RaftServerConfigKeys (ConfUtils.java:logGet(46)) - raft.server.storage.dir = [/home/runner/work/ozone/ozone/hadoop-ozone/integration-test/target/test-dir/MiniOzoneClusterImpl-00f3567e-e140-4cd7-bd5a-f6438c2bd6c1/datanode-1/data/ratis] (custom)
2023-06-22 21:35:14,981 [84a824f3-7f5d-4f33-8f93-63e849b7c227-groupManagement] INFO  server.RaftServerConfigKeys (ConfUtils.java:logGet(46)) - raft.server.log.corruption.policy = EXCEPTION (default)
2023-06-22 21:35:14,981 [84a824f3-7f5d-4f33-8f93-63e849b7c227-groupManagement] INFO  server.RaftServerConfigKeys (ConfUtils.java:logGet(46)) - raft.server.storage.free-space.min = 0MB (=0) (default)
2023-06-22 21:35:14,981 [84a824f3-7f5d-4f33-8f93-63e849b7c227-groupManagement] INFO  server.RaftServerConfigKeys (ConfUtils.java:logGet(46)) - raft.server.notification.no-leader.timeout = 300s (custom)
2023-06-22 21:35:14,981 [84a824f3-7f5d-4f33-8f93-63e849b7c227-groupManagement] INFO  server.RaftServerConfigKeys (ConfUtils.java:logGet(46)) - raft.server.read.timeout = 10s (default)
2023-06-22 21:35:14,981 [84a824f3-7f5d-4f33-8f93-63e849b7c227-groupManagement] INFO  server.RaftServerConfigKeys (ConfUtils.java:logGet(46)) - raft.server.retrycache.expirytime = 600000ms (custom)
2023-06-22 21:35:14,981 [84a824f3-7f5d-4f33-8f93-63e849b7c227-groupManagement] INFO  server.RaftServerConfigKeys (ConfUtils.java:logGet(46)) - raft.server.retrycache.statistics.expirytime = 100μs (default)
2023-06-22 21:35:14,981 [84a824f3-7f5d-4f33-8f93-63e849b7c227-groupManagement] INFO  server.RaftServerConfigKeys (ConfUtils.java:logGet(46)) - raft.server.read.option = DEFAULT (default)
2023-06-22 21:35:14,992 [84a824f3-7f5d-4f33-8f93-63e849b7c227-groupManagement] INFO  server.RaftServerConfigKeys (ConfUtils.java:logGet(46)) - raft.server.rpc.request.timeout = 60s (custom)
2023-06-22 21:35:14,992 [84a824f3-7f5d-4f33-8f93-63e849b7c227-groupManagement] INFO  server.RaftServerConfigKeys (ConfUtils.java:logGet(46)) - raft.server.log.appender.install.snapshot.enabled = false (custom)
2023-06-22 21:35:14,992 [84a824f3-7f5d-4f33-8f93-63e849b7c227-groupManagement] INFO  server.RaftServerConfigKeys (ConfUtils.java:logGet(46)) - raft.server.threadpool.server.cached = true (default)
2023-06-22 21:35:14,992 [84a824f3-7f5d-4f33-8f93-63e849b7c227-groupManagement] INFO  server.RaftServerConfigKeys (ConfUtils.java:logGet(46)) - raft.server.threadpool.server.size = 0 (default)
2023-06-22 21:35:14,993 [84a824f3-7f5d-4f33-8f93-63e849b7c227-groupManagement] INFO  server.RaftServerConfigKeys (ConfUtils.java:logGet(46)) - raft.server.threadpool.client.cached = true (default)
2023-06-22 21:35:14,993 [84a824f3-7f5d-4f33-8f93-63e849b7c227-groupManagement] INFO  server.RaftServerConfigKeys (ConfUtils.java:logGet(46)) - raft.server.threadpool.client.size = 0 (default)
2023-06-22 21:35:14,996 [84a824f3-7f5d-4f33-8f93-63e849b7c227-groupManagement] INFO  storage.RaftStorageDirectory (RaftStorageDirectoryImpl.java:analyzeStorage(137)) - The storage directory /home/runner/work/ozone/ozone/hadoop-ozone/integration-test/target/test-dir/MiniOzoneClusterImpl-00f3567e-e140-4cd7-bd5a-f6438c2bd6c1/datanode-1/data/ratis/dfadf8e9-d1ea-4740-a7e7-09a22f1de51a does not exist. Creating ...
2023-06-22 21:35:14,999 [84a824f3-7f5d-4f33-8f93-63e849b7c227-groupManagement] INFO  storage.RaftStorageDirectory (RaftStorageDirectoryImpl.java:tryLock(231)) - Lock on /home/runner/work/ozone/ozone/hadoop-ozone/integration-test/target/test-dir/MiniOzoneClusterImpl-00f3567e-e140-4cd7-bd5a-f6438c2bd6c1/datanode-1/data/ratis/dfadf8e9-d1ea-4740-a7e7-09a22f1de51a/in_use.lock acquired by nodename 41615@fv-az504-135
2023-06-22 21:35:15,000 [84a824f3-7f5d-4f33-8f93-63e849b7c227-groupManagement] INFO  storage.RaftStorage (RaftStorageImpl.java:format(96)) - Storage directory /home/runner/work/ozone/ozone/hadoop-ozone/integration-test/target/test-dir/MiniOzoneClusterImpl-00f3567e-e140-4cd7-bd5a-f6438c2bd6c1/datanode-1/data/ratis/dfadf8e9-d1ea-4740-a7e7-09a22f1de51a has been successfully formatted.
2023-06-22 21:35:15,002 [84a824f3-7f5d-4f33-8f93-63e849b7c227-groupManagement] INFO  ratis.ContainerStateMachine (ContainerStateMachine.java:loadSnapshot(262)) - group-09A22F1DE51A: The snapshot info is null. Setting the last applied indexto:(t:0, i:~)
2023-06-22 21:35:15,002 [84a824f3-7f5d-4f33-8f93-63e849b7c227-groupManagement] INFO  server.RaftServerConfigKeys (ConfUtils.java:logGet(46)) - raft.server.log.use.memory = false (default)
2023-06-22 21:35:15,002 [84a824f3-7f5d-4f33-8f93-63e849b7c227-groupManagement] INFO  server.RaftServerConfigKeys (ConfUtils.java:logGet(46)) - raft.server.log.purge.gap = 1000000 (custom)
2023-06-22 21:35:15,002 [84a824f3-7f5d-4f33-8f93-63e849b7c227-groupManagement] INFO  server.RaftServerConfigKeys (ConfUtils.java:logGet(46)) - raft.server.log.appender.buffer.byte-limit = 33554432 (custom)
2023-06-22 21:35:15,002 [84a824f3-7f5d-4f33-8f93-63e849b7c227-groupManagement] INFO  server.RaftServerConfigKeys (ConfUtils.java:logGet(46)) - raft.server.log.statemachine.data.read.timeout = 1000ms (default)
2023-06-22 21:35:15,002 [84a824f3-7f5d-4f33-8f93-63e849b7c227-groupManagement] INFO  server.RaftServerConfigKeys (ConfUtils.java:logGet(46)) - raft.server.log.purge.preservation.log.num = 0 (default)
2023-06-22 21:35:15,003 [84a824f3-7f5d-4f33-8f93-63e849b7c227-groupManagement] INFO  server.RaftServerConfigKeys (ConfUtils.java:logGet(46)) - raft.server.log.segment.size.max = 1048576 (custom)
2023-06-22 21:35:15,006 [EventQueue-OpenPipelineForHealthyPipelineSafeModeRule] INFO  safemode.SCMSafeModeManager (HealthyPipelineSafeModeRule.java:process(137)) - SCM in safe mode. Healthy pipelines reported count is 0, required healthy pipeline reported count is 1
2023-06-22 21:35:15,009 [84a824f3-7f5d-4f33-8f93-63e849b7c227-groupManagement] INFO  server.RaftServerConfigKeys (ConfUtils.java:logGet(46)) - raft.server.log.segment.cache.num.max = 2 (custom)
2023-06-22 21:35:15,009 [84a824f3-7f5d-4f33-8f93-63e849b7c227-groupManagement] INFO  server.RaftServerConfigKeys (ConfUtils.java:logGet(46)) - raft.server.log.segment.cache.size.max = 200MB (=209715200) (default)
2023-06-22 21:35:15,010 [84a824f3-7f5d-4f33-8f93-63e849b7c227-groupManagement] INFO  server.RaftServerConfigKeys (ConfUtils.java:logGet(46)) - raft.server.log.appender.buffer.byte-limit = 33554432 (custom)
2023-06-22 21:35:15,010 [84a824f3-7f5d-4f33-8f93-63e849b7c227-groupManagement] INFO  segmented.SegmentedRaftLogWorker (SegmentedRaftLogWorker.java:<init>(188)) - new 84a824f3-7f5d-4f33-8f93-63e849b7c227@group-09A22F1DE51A-SegmentedRaftLogWorker for RaftStorageImpl:Storage Directory /home/runner/work/ozone/ozone/hadoop-ozone/integration-test/target/test-dir/MiniOzoneClusterImpl-00f3567e-e140-4cd7-bd5a-f6438c2bd6c1/datanode-1/data/ratis/dfadf8e9-d1ea-4740-a7e7-09a22f1de51a
2023-06-22 21:35:15,010 [84a824f3-7f5d-4f33-8f93-63e849b7c227-groupManagement] INFO  server.RaftServerConfigKeys (ConfUtils.java:logGet(46)) - raft.server.log.queue.byte-limit = 4294967296 (custom)
2023-06-22 21:35:15,010 [84a824f3-7f5d-4f33-8f93-63e849b7c227-groupManagement] INFO  server.RaftServerConfigKeys (ConfUtils.java:logGet(46)) - raft.server.log.queue.element-limit = 1024 (custom)
2023-06-22 21:35:15,010 [84a824f3-7f5d-4f33-8f93-63e849b7c227-groupManagement] INFO  server.RaftServerConfigKeys (ConfUtils.java:logGet(46)) - raft.server.log.segment.size.max = 1048576 (custom)
2023-06-22 21:35:15,010 [84a824f3-7f5d-4f33-8f93-63e849b7c227-groupManagement] INFO  server.RaftServerConfigKeys (ConfUtils.java:logGet(46)) - raft.server.log.preallocated.size = 16384 (custom)
2023-06-22 21:35:15,010 [84a824f3-7f5d-4f33-8f93-63e849b7c227-groupManagement] INFO  server.RaftServerConfigKeys (ConfUtils.java:logGet(46)) - raft.server.log.force.sync.num = 128 (default)
2023-06-22 21:35:15,010 [84a824f3-7f5d-4f33-8f93-63e849b7c227-groupManagement] INFO  server.RaftServerConfigKeys (ConfUtils.java:logGet(46)) - raft.server.log.statemachine.data.sync = true (default)
2023-06-22 21:35:15,010 [84a824f3-7f5d-4f33-8f93-63e849b7c227-groupManagement] INFO  server.RaftServerConfigKeys (ConfUtils.java:logGet(46)) - raft.server.log.statemachine.data.sync.timeout = 10s (default)
2023-06-22 21:35:15,010 [84a824f3-7f5d-4f33-8f93-63e849b7c227-groupManagement] INFO  server.RaftServerConfigKeys (ConfUtils.java:logGet(46)) - raft.server.log.statemachine.data.sync.timeout.retry = -1 (default)
2023-06-22 21:35:15,011 [84a824f3-7f5d-4f33-8f93-63e849b7c227-groupManagement] INFO  server.RaftServerConfigKeys (ConfUtils.java:logGet(46)) - raft.server.log.write.buffer.size = 1048576 (custom)
2023-06-22 21:35:15,012 [84a824f3-7f5d-4f33-8f93-63e849b7c227-groupManagement] INFO  server.RaftServerConfigKeys (ConfUtils.java:logGet(46)) - raft.server.log.appender.buffer.byte-limit = 33554432 (custom)
2023-06-22 21:35:15,021 [84a824f3-7f5d-4f33-8f93-63e849b7c227-groupManagement] INFO  server.RaftServerConfigKeys (ConfUtils.java:logGet(46)) - raft.server.log.unsafe-flush.enabled = false (default)
2023-06-22 21:35:15,021 [84a824f3-7f5d-4f33-8f93-63e849b7c227-groupManagement] INFO  server.RaftServerConfigKeys (ConfUtils.java:logGet(46)) - raft.server.log.async-flush.enabled = false (default)
2023-06-22 21:35:15,021 [84a824f3-7f5d-4f33-8f93-63e849b7c227-groupManagement] INFO  server.RaftServerConfigKeys (ConfUtils.java:logGet(46)) - raft.server.log.statemachine.data.caching.enabled = true (custom)
2023-06-22 21:35:15,021 [84a824f3-7f5d-4f33-8f93-63e849b7c227-groupManagement] INFO  segmented.SegmentedRaftLogWorker (SegmentedRaftLogWorker.java:lambda$new$0(135)) - 84a824f3-7f5d-4f33-8f93-63e849b7c227@group-09A22F1DE51A-SegmentedRaftLogWorker: flushIndex: setUnconditionally 0 -> -1
2023-06-22 21:35:15,021 [84a824f3-7f5d-4f33-8f93-63e849b7c227-groupManagement] INFO  segmented.SegmentedRaftLogWorker (SegmentedRaftLogWorker.java:lambda$new$0(135)) - 84a824f3-7f5d-4f33-8f93-63e849b7c227@group-09A22F1DE51A-SegmentedRaftLogWorker: safeCacheEvictIndex: setUnconditionally 0 -> -1
2023-06-22 21:35:15,028 [84a824f3-7f5d-4f33-8f93-63e849b7c227-groupManagement] INFO  server.RaftServer$Division (RaftServerImpl.java:start(342)) - 84a824f3-7f5d-4f33-8f93-63e849b7c227@group-09A22F1DE51A: start as a follower, conf=-1: peers:[84a824f3-7f5d-4f33-8f93-63e849b7c227|rpc:10.1.1.69:15023|admin:10.1.1.69:15022|client:10.1.1.69:15021|dataStream:10.1.1.69:15024|priority:0|startupRole:FOLLOWER, 45e724c1-f4a6-4405-a7cb-dfa9f2e55867|rpc:10.1.1.69:15014|admin:10.1.1.69:15013|client:10.1.1.69:15012|dataStream:10.1.1.69:15015|priority:0|startupRole:FOLLOWER, 470642db-8038-41e5-a5f3-81d987be2f99|rpc:10.1.1.69:15032|admin:10.1.1.69:15031|client:10.1.1.69:15030|dataStream:10.1.1.69:15033|priority:1|startupRole:FOLLOWER]|listeners:[], old=null
2023-06-22 21:35:15,028 [84a824f3-7f5d-4f33-8f93-63e849b7c227-groupManagement] INFO  server.RaftServer$Division (RaftServerImpl.java:setRole(329)) - 84a824f3-7f5d-4f33-8f93-63e849b7c227@group-09A22F1DE51A: changes role from      null to FOLLOWER at term 0 for startAsFollower
2023-06-22 21:35:15,028 [84a824f3-7f5d-4f33-8f93-63e849b7c227-groupManagement] INFO  impl.RoleInfo (RoleInfo.java:updateAndGet(139)) - 84a824f3-7f5d-4f33-8f93-63e849b7c227: start 84a824f3-7f5d-4f33-8f93-63e849b7c227@group-09A22F1DE51A-FollowerState
2023-06-22 21:35:15,029 [84a824f3-7f5d-4f33-8f93-63e849b7c227-groupManagement] INFO  util.JmxRegister (JmxRegister.java:tryRegister(44)) - Successfully registered JMX Bean with object name Ratis:service=RaftServer,group=group-09A22F1DE51A,id=84a824f3-7f5d-4f33-8f93-63e849b7c227
2023-06-22 21:35:15,029 [84a824f3-7f5d-4f33-8f93-63e849b7c227-groupManagement] INFO  server.RaftServerConfigKeys (ConfUtils.java:logGet(46)) - raft.server.snapshot.auto.trigger.enabled = true (custom)
2023-06-22 21:35:15,029 [84a824f3-7f5d-4f33-8f93-63e849b7c227-groupManagement] INFO  server.RaftServerConfigKeys (ConfUtils.java:logGet(46)) - raft.server.snapshot.auto.trigger.threshold = 10000 (custom)
2023-06-22 21:35:15,029 [84a824f3-7f5d-4f33-8f93-63e849b7c227-groupManagement] INFO  server.RaftServerConfigKeys (ConfUtils.java:logGet(46)) - raft.server.snapshot.retention.file.num = 5 (custom)
2023-06-22 21:35:15,029 [84a824f3-7f5d-4f33-8f93-63e849b7c227-groupManagement] INFO  server.RaftServerConfigKeys (ConfUtils.java:logGet(46)) - raft.server.log.purge.upto.snapshot.index = false (default)
2023-06-22 21:35:15,031 [84a824f3-7f5d-4f33-8f93-63e849b7c227@group-09A22F1DE51A-FollowerState] INFO  server.RaftServerConfigKeys (ConfUtils.java:logFallback(53)) - raft.server.rpc.first-election.timeout.min = 5s (fallback to raft.server.rpc.timeout.min)
2023-06-22 21:35:15,032 [PipelineCommandHandlerThread-0] INFO  ratis.XceiverServerRatis (XceiverServerRatis.java:addGroup(804)) - Created group PipelineID=dfadf8e9-d1ea-4740-a7e7-09a22f1de51a
2023-06-22 21:35:15,036 [84a824f3-7f5d-4f33-8f93-63e849b7c227@group-09A22F1DE51A-FollowerState] INFO  server.RaftServerConfigKeys (ConfUtils.java:logFallback(53)) - raft.server.rpc.first-election.timeout.max = 5200ms (fallback to raft.server.rpc.timeout.max)
2023-06-22 21:35:15,045 [PipelineCommandHandlerThread-0] INFO  commandhandler.CreatePipelineCommandHandler (CreatePipelineCommandHandler.java:lambda$handle$2(124)) - Created Pipeline RATIS THREE PipelineID=7edd585c-dcb0-4340-be99-1d9c35b47dfd.
2023-06-22 21:35:15,047 [PipelineCommandHandlerThread-0] INFO  server.RaftServer (RaftServerProxy.java:addNew(98)) - 4917f783-1696-4d8b-b9da-38da8f9791cf: addNew group-7086F9A91E1C:[4917f783-1696-4d8b-b9da-38da8f9791cf|rpc:10.1.1.69:15041|admin:10.1.1.69:15040|client:10.1.1.69:15039|dataStream:10.1.1.69:15042|priority:1|startupRole:FOLLOWER] returns group-7086F9A91E1C:java.util.concurrent.CompletableFuture@10634257[Not completed]
2023-06-22 21:35:15,052 [4917f783-1696-4d8b-b9da-38da8f9791cf-groupManagement] INFO  server.RaftServer$Division (RaftServerImpl.java:<init>(198)) - 4917f783-1696-4d8b-b9da-38da8f9791cf: new RaftServerImpl for group-7086F9A91E1C:[4917f783-1696-4d8b-b9da-38da8f9791cf|rpc:10.1.1.69:15041|admin:10.1.1.69:15040|client:10.1.1.69:15039|dataStream:10.1.1.69:15042|priority:1|startupRole:FOLLOWER] with ContainerStateMachine:uninitialized
2023-06-22 21:35:15,054 [4917f783-1696-4d8b-b9da-38da8f9791cf-groupManagement] INFO  server.RaftServerConfigKeys (ConfUtils.java:logGet(46)) - raft.server.rpc.timeout.min = 5s (custom)
2023-06-22 21:35:15,055 [4917f783-1696-4d8b-b9da-38da8f9791cf-groupManagement] INFO  server.RaftServerConfigKeys (ConfUtils.java:logGet(46)) - raft.server.rpc.timeout.max = 5200ms (custom)
2023-06-22 21:35:15,055 [4917f783-1696-4d8b-b9da-38da8f9791cf-groupManagement] INFO  server.RaftServerConfigKeys (ConfUtils.java:logGet(46)) - raft.server.rpc.sleep.time = 25ms (default)
2023-06-22 21:35:15,055 [4917f783-1696-4d8b-b9da-38da8f9791cf-groupManagement] INFO  server.RaftServerConfigKeys (ConfUtils.java:logGet(46)) - raft.server.rpc.slowness.timeout = 300s (custom)
2023-06-22 21:35:15,055 [4917f783-1696-4d8b-b9da-38da8f9791cf-groupManagement] INFO  server.RaftServerConfigKeys (ConfUtils.java:logGet(46)) - raft.server.leaderelection.leader.step-down.wait-time = 10s (default)
2023-06-22 21:35:15,055 [4917f783-1696-4d8b-b9da-38da8f9791cf-groupManagement] INFO  server.RaftServerConfigKeys (ConfUtils.java:logGet(46)) - raft.server.sleep.deviation.threshold = 300ms (default)
2023-06-22 21:35:15,055 [4917f783-1696-4d8b-b9da-38da8f9791cf-groupManagement] INFO  server.RaftServer$Division (ServerState.java:<init>(120)) - 4917f783-1696-4d8b-b9da-38da8f9791cf@group-7086F9A91E1C: ConfigurationManager, init=-1: peers:[4917f783-1696-4d8b-b9da-38da8f9791cf|rpc:10.1.1.69:15041|admin:10.1.1.69:15040|client:10.1.1.69:15039|dataStream:10.1.1.69:15042|priority:1|startupRole:FOLLOWER]|listeners:[], old=null, confs=<EMPTY_MAP>
2023-06-22 21:35:15,055 [4917f783-1696-4d8b-b9da-38da8f9791cf-groupManagement] INFO  server.RaftServerConfigKeys (ConfUtils.java:logGet(46)) - raft.server.storage.dir = [/home/runner/work/ozone/ozone/hadoop-ozone/integration-test/target/test-dir/MiniOzoneClusterImpl-00f3567e-e140-4cd7-bd5a-f6438c2bd6c1/datanode-3/data/ratis] (custom)
2023-06-22 21:35:15,055 [4917f783-1696-4d8b-b9da-38da8f9791cf-groupManagement] INFO  server.RaftServerConfigKeys (ConfUtils.java:logGet(46)) - raft.server.log.corruption.policy = EXCEPTION (default)
2023-06-22 21:35:15,055 [4917f783-1696-4d8b-b9da-38da8f9791cf-groupManagement] INFO  server.RaftServerConfigKeys (ConfUtils.java:logGet(46)) - raft.server.storage.free-space.min = 0MB (=0) (default)
2023-06-22 21:35:15,057 [4917f783-1696-4d8b-b9da-38da8f9791cf-groupManagement] INFO  server.RaftServerConfigKeys (ConfUtils.java:logGet(46)) - raft.server.notification.no-leader.timeout = 300s (custom)
2023-06-22 21:35:15,057 [4917f783-1696-4d8b-b9da-38da8f9791cf-groupManagement] INFO  server.RaftServerConfigKeys (ConfUtils.java:logGet(46)) - raft.server.read.timeout = 10s (default)
2023-06-22 21:35:15,059 [4917f783-1696-4d8b-b9da-38da8f9791cf-groupManagement] INFO  server.RaftServerConfigKeys (ConfUtils.java:logGet(46)) - raft.server.retrycache.expirytime = 600000ms (custom)
2023-06-22 21:35:15,059 [4917f783-1696-4d8b-b9da-38da8f9791cf-groupManagement] INFO  server.RaftServerConfigKeys (ConfUtils.java:logGet(46)) - raft.server.retrycache.statistics.expirytime = 100μs (default)
2023-06-22 21:35:15,059 [4917f783-1696-4d8b-b9da-38da8f9791cf-groupManagement] INFO  server.RaftServerConfigKeys (ConfUtils.java:logGet(46)) - raft.server.read.option = DEFAULT (default)
2023-06-22 21:35:15,063 [4917f783-1696-4d8b-b9da-38da8f9791cf-groupManagement] INFO  server.RaftServerConfigKeys (ConfUtils.java:logGet(46)) - raft.server.rpc.request.timeout = 60s (custom)
2023-06-22 21:35:15,063 [4917f783-1696-4d8b-b9da-38da8f9791cf-groupManagement] INFO  server.RaftServerConfigKeys (ConfUtils.java:logGet(46)) - raft.server.log.appender.install.snapshot.enabled = false (custom)
2023-06-22 21:35:15,063 [4917f783-1696-4d8b-b9da-38da8f9791cf-groupManagement] INFO  server.RaftServerConfigKeys (ConfUtils.java:logGet(46)) - raft.server.threadpool.server.cached = true (default)
2023-06-22 21:35:15,063 [4917f783-1696-4d8b-b9da-38da8f9791cf-groupManagement] INFO  server.RaftServerConfigKeys (ConfUtils.java:logGet(46)) - raft.server.threadpool.server.size = 0 (default)
2023-06-22 21:35:15,063 [4917f783-1696-4d8b-b9da-38da8f9791cf-groupManagement] INFO  server.RaftServerConfigKeys (ConfUtils.java:logGet(46)) - raft.server.threadpool.client.cached = true (default)
2023-06-22 21:35:15,063 [4917f783-1696-4d8b-b9da-38da8f9791cf-groupManagement] INFO  server.RaftServerConfigKeys (ConfUtils.java:logGet(46)) - raft.server.threadpool.client.size = 0 (default)
2023-06-22 21:35:15,064 [4917f783-1696-4d8b-b9da-38da8f9791cf-groupManagement] INFO  storage.RaftStorageDirectory (RaftStorageDirectoryImpl.java:analyzeStorage(137)) - The storage directory /home/runner/work/ozone/ozone/hadoop-ozone/integration-test/target/test-dir/MiniOzoneClusterImpl-00f3567e-e140-4cd7-bd5a-f6438c2bd6c1/datanode-3/data/ratis/52fe31b4-3043-41fa-950a-7086f9a91e1c does not exist. Creating ...
2023-06-22 21:35:15,065 [4917f783-1696-4d8b-b9da-38da8f9791cf-groupManagement] INFO  storage.RaftStorageDirectory (RaftStorageDirectoryImpl.java:tryLock(231)) - Lock on /home/runner/work/ozone/ozone/hadoop-ozone/integration-test/target/test-dir/MiniOzoneClusterImpl-00f3567e-e140-4cd7-bd5a-f6438c2bd6c1/datanode-3/data/ratis/52fe31b4-3043-41fa-950a-7086f9a91e1c/in_use.lock acquired by nodename 41615@fv-az504-135
2023-06-22 21:35:15,070 [4917f783-1696-4d8b-b9da-38da8f9791cf-groupManagement] INFO  storage.RaftStorage (RaftStorageImpl.java:format(96)) - Storage directory /home/runner/work/ozone/ozone/hadoop-ozone/integration-test/target/test-dir/MiniOzoneClusterImpl-00f3567e-e140-4cd7-bd5a-f6438c2bd6c1/datanode-3/data/ratis/52fe31b4-3043-41fa-950a-7086f9a91e1c has been successfully formatted.
2023-06-22 21:35:15,073 [4917f783-1696-4d8b-b9da-38da8f9791cf-groupManagement] INFO  ratis.ContainerStateMachine (ContainerStateMachine.java:loadSnapshot(262)) - group-7086F9A91E1C: The snapshot info is null. Setting the last applied indexto:(t:0, i:~)
2023-06-22 21:35:15,073 [4917f783-1696-4d8b-b9da-38da8f9791cf-groupManagement] INFO  server.RaftServerConfigKeys (ConfUtils.java:logGet(46)) - raft.server.log.use.memory = false (default)
2023-06-22 21:35:15,073 [4917f783-1696-4d8b-b9da-38da8f9791cf-groupManagement] INFO  server.RaftServerConfigKeys (ConfUtils.java:logGet(46)) - raft.server.log.purge.gap = 1000000 (custom)
2023-06-22 21:35:15,073 [4917f783-1696-4d8b-b9da-38da8f9791cf-groupManagement] INFO  server.RaftServerConfigKeys (ConfUtils.java:logGet(46)) - raft.server.log.appender.buffer.byte-limit = 33554432 (custom)
2023-06-22 21:35:15,073 [4917f783-1696-4d8b-b9da-38da8f9791cf-groupManagement] INFO  server.RaftServerConfigKeys (ConfUtils.java:logGet(46)) - raft.server.log.statemachine.data.read.timeout = 1000ms (default)
2023-06-22 21:35:15,073 [4917f783-1696-4d8b-b9da-38da8f9791cf-groupManagement] INFO  server.RaftServerConfigKeys (ConfUtils.java:logGet(46)) - raft.server.log.purge.preservation.log.num = 0 (default)
2023-06-22 21:35:15,074 [4917f783-1696-4d8b-b9da-38da8f9791cf-groupManagement] INFO  server.RaftServerConfigKeys (ConfUtils.java:logGet(46)) - raft.server.log.segment.size.max = 1048576 (custom)
2023-06-22 21:35:15,075 [4917f783-1696-4d8b-b9da-38da8f9791cf-groupManagement] INFO  server.RaftServerConfigKeys (ConfUtils.java:logGet(46)) - raft.server.log.segment.cache.num.max = 2 (custom)
2023-06-22 21:35:15,075 [4917f783-1696-4d8b-b9da-38da8f9791cf-groupManagement] INFO  server.RaftServerConfigKeys (ConfUtils.java:logGet(46)) - raft.server.log.segment.cache.size.max = 200MB (=209715200) (default)
2023-06-22 21:35:15,075 [4917f783-1696-4d8b-b9da-38da8f9791cf-groupManagement] INFO  server.RaftServerConfigKeys (ConfUtils.java:logGet(46)) - raft.server.log.appender.buffer.byte-limit = 33554432 (custom)
2023-06-22 21:35:15,075 [4917f783-1696-4d8b-b9da-38da8f9791cf-groupManagement] INFO  segmented.SegmentedRaftLogWorker (SegmentedRaftLogWorker.java:<init>(188)) - new 4917f783-1696-4d8b-b9da-38da8f9791cf@group-7086F9A91E1C-SegmentedRaftLogWorker for RaftStorageImpl:Storage Directory /home/runner/work/ozone/ozone/hadoop-ozone/integration-test/target/test-dir/MiniOzoneClusterImpl-00f3567e-e140-4cd7-bd5a-f6438c2bd6c1/datanode-3/data/ratis/52fe31b4-3043-41fa-950a-7086f9a91e1c
2023-06-22 21:35:15,075 [4917f783-1696-4d8b-b9da-38da8f9791cf-groupManagement] INFO  server.RaftServerConfigKeys (ConfUtils.java:logGet(46)) - raft.server.log.queue.byte-limit = 4294967296 (custom)
2023-06-22 21:35:15,075 [4917f783-1696-4d8b-b9da-38da8f9791cf-groupManagement] INFO  server.RaftServerConfigKeys (ConfUtils.java:logGet(46)) - raft.server.log.queue.element-limit = 1024 (custom)
2023-06-22 21:35:15,075 [4917f783-1696-4d8b-b9da-38da8f9791cf-groupManagement] INFO  server.RaftServerConfigKeys (ConfUtils.java:logGet(46)) - raft.server.log.segment.size.max = 1048576 (custom)
2023-06-22 21:35:15,075 [4917f783-1696-4d8b-b9da-38da8f9791cf-groupManagement] INFO  server.RaftServerConfigKeys (ConfUtils.java:logGet(46)) - raft.server.log.preallocated.size = 16384 (custom)
2023-06-22 21:35:15,075 [4917f783-1696-4d8b-b9da-38da8f9791cf-groupManagement] INFO  server.RaftServerConfigKeys (ConfUtils.java:logGet(46)) - raft.server.log.force.sync.num = 128 (default)
2023-06-22 21:35:15,075 [4917f783-1696-4d8b-b9da-38da8f9791cf-groupManagement] INFO  server.RaftServerConfigKeys (ConfUtils.java:logGet(46)) - raft.server.log.statemachine.data.sync = true (default)
2023-06-22 21:35:15,075 [4917f783-1696-4d8b-b9da-38da8f9791cf-groupManagement] INFO  server.RaftServerConfigKeys (ConfUtils.java:logGet(46)) - raft.server.log.statemachine.data.sync.timeout = 10s (default)
2023-06-22 21:35:15,075 [4917f783-1696-4d8b-b9da-38da8f9791cf-groupManagement] INFO  server.RaftServerConfigKeys (ConfUtils.java:logGet(46)) - raft.server.log.statemachine.data.sync.timeout.retry = -1 (default)
2023-06-22 21:35:15,076 [4917f783-1696-4d8b-b9da-38da8f9791cf-groupManagement] INFO  server.RaftServerConfigKeys (ConfUtils.java:logGet(46)) - raft.server.log.write.buffer.size = 1048576 (custom)
2023-06-22 21:35:15,077 [4917f783-1696-4d8b-b9da-38da8f9791cf-groupManagement] INFO  server.RaftServerConfigKeys (ConfUtils.java:logGet(46)) - raft.server.log.appender.buffer.byte-limit = 33554432 (custom)
2023-06-22 21:35:15,080 [EventQueue-PipelineReportForPipelineReportHandler] INFO  pipeline.PipelineManagerImpl (PipelineManagerImpl.java:openPipeline(367)) - Pipeline Pipeline[ Id: 52fe31b4-3043-41fa-950a-7086f9a91e1c, Nodes: 4917f783-1696-4d8b-b9da-38da8f9791cf(fv-az504-135/10.1.1.69), ReplicationConfig: RATIS/ONE, State:ALLOCATED, leaderId:4917f783-1696-4d8b-b9da-38da8f9791cf, CreationTimestamp2023-06-22T21:35:12.039Z[Etc/UTC]] moved to OPEN state
2023-06-22 21:35:15,085 [4917f783-1696-4d8b-b9da-38da8f9791cf-groupManagement] INFO  server.RaftServerConfigKeys (ConfUtils.java:logGet(46)) - raft.server.log.unsafe-flush.enabled = false (default)
2023-06-22 21:35:15,086 [EventQueue-OpenPipelineForHealthyPipelineSafeModeRule] INFO  safemode.SCMSafeModeManager (HealthyPipelineSafeModeRule.java:process(137)) - SCM in safe mode. Healthy pipelines reported count is 0, required healthy pipeline reported count is 1
2023-06-22 21:35:15,086 [4917f783-1696-4d8b-b9da-38da8f9791cf-groupManagement] INFO  server.RaftServerConfigKeys (ConfUtils.java:logGet(46)) - raft.server.log.async-flush.enabled = false (default)
2023-06-22 21:35:15,086 [4917f783-1696-4d8b-b9da-38da8f9791cf-groupManagement] INFO  server.RaftServerConfigKeys (ConfUtils.java:logGet(46)) - raft.server.log.statemachine.data.caching.enabled = true (custom)
2023-06-22 21:35:15,087 [4917f783-1696-4d8b-b9da-38da8f9791cf-groupManagement] INFO  segmented.SegmentedRaftLogWorker (SegmentedRaftLogWorker.java:lambda$new$0(135)) - 4917f783-1696-4d8b-b9da-38da8f9791cf@group-7086F9A91E1C-SegmentedRaftLogWorker: flushIndex: setUnconditionally 0 -> -1
2023-06-22 21:35:15,087 [4917f783-1696-4d8b-b9da-38da8f9791cf-groupManagement] INFO  segmented.SegmentedRaftLogWorker (SegmentedRaftLogWorker.java:lambda$new$0(135)) - 4917f783-1696-4d8b-b9da-38da8f9791cf@group-7086F9A91E1C-SegmentedRaftLogWorker: safeCacheEvictIndex: setUnconditionally 0 -> -1
2023-06-22 21:35:15,087 [4917f783-1696-4d8b-b9da-38da8f9791cf-groupManagement] INFO  server.RaftServer$Division (RaftServerImpl.java:start(342)) - 4917f783-1696-4d8b-b9da-38da8f9791cf@group-7086F9A91E1C: start as a follower, conf=-1: peers:[4917f783-1696-4d8b-b9da-38da8f9791cf|rpc:10.1.1.69:15041|admin:10.1.1.69:15040|client:10.1.1.69:15039|dataStream:10.1.1.69:15042|priority:1|startupRole:FOLLOWER]|listeners:[], old=null
2023-06-22 21:35:15,087 [4917f783-1696-4d8b-b9da-38da8f9791cf-groupManagement] INFO  server.RaftServer$Division (RaftServerImpl.java:setRole(329)) - 4917f783-1696-4d8b-b9da-38da8f9791cf@group-7086F9A91E1C: changes role from      null to FOLLOWER at term 0 for startAsFollower
2023-06-22 21:35:15,087 [4917f783-1696-4d8b-b9da-38da8f9791cf-groupManagement] INFO  impl.RoleInfo (RoleInfo.java:updateAndGet(139)) - 4917f783-1696-4d8b-b9da-38da8f9791cf: start 4917f783-1696-4d8b-b9da-38da8f9791cf@group-7086F9A91E1C-FollowerState
2023-06-22 21:35:15,088 [4917f783-1696-4d8b-b9da-38da8f9791cf-groupManagement] INFO  util.JmxRegister (JmxRegister.java:tryRegister(44)) - Successfully registered JMX Bean with object name Ratis:service=RaftServer,group=group-7086F9A91E1C,id=4917f783-1696-4d8b-b9da-38da8f9791cf
2023-06-22 21:35:15,088 [4917f783-1696-4d8b-b9da-38da8f9791cf-groupManagement] INFO  server.RaftServerConfigKeys (ConfUtils.java:logGet(46)) - raft.server.snapshot.auto.trigger.enabled = true (custom)
2023-06-22 21:35:15,088 [4917f783-1696-4d8b-b9da-38da8f9791cf-groupManagement] INFO  server.RaftServerConfigKeys (ConfUtils.java:logGet(46)) - raft.server.snapshot.auto.trigger.threshold = 10000 (custom)
2023-06-22 21:35:15,088 [4917f783-1696-4d8b-b9da-38da8f9791cf-groupManagement] INFO  server.RaftServerConfigKeys (ConfUtils.java:logGet(46)) - raft.server.snapshot.retention.file.num = 5 (custom)
2023-06-22 21:35:15,088 [4917f783-1696-4d8b-b9da-38da8f9791cf-groupManagement] INFO  server.RaftServerConfigKeys (ConfUtils.java:logGet(46)) - raft.server.log.purge.upto.snapshot.index = false (default)
2023-06-22 21:35:15,089 [4917f783-1696-4d8b-b9da-38da8f9791cf@group-7086F9A91E1C-FollowerState] INFO  server.RaftServerConfigKeys (ConfUtils.java:logFallback(53)) - raft.server.rpc.first-election.timeout.min = 5s (fallback to raft.server.rpc.timeout.min)
2023-06-22 21:35:15,089 [4917f783-1696-4d8b-b9da-38da8f9791cf@group-7086F9A91E1C-FollowerState] INFO  server.RaftServerConfigKeys (ConfUtils.java:logFallback(53)) - raft.server.rpc.first-election.timeout.max = 5200ms (fallback to raft.server.rpc.timeout.max)
2023-06-22 21:35:15,089 [PipelineCommandHandlerThread-0] INFO  ratis.XceiverServerRatis (XceiverServerRatis.java:addGroup(804)) - Created group PipelineID=52fe31b4-3043-41fa-950a-7086f9a91e1c
2023-06-22 21:35:15,089 [PipelineCommandHandlerThread-0] INFO  commandhandler.CreatePipelineCommandHandler (CreatePipelineCommandHandler.java:lambda$handle$2(124)) - Created Pipeline RATIS ONE PipelineID=52fe31b4-3043-41fa-950a-7086f9a91e1c.
2023-06-22 21:35:15,113 [PipelineCommandHandlerThread-0] INFO  commandhandler.CreatePipelineCommandHandler (CreatePipelineCommandHandler.java:lambda$handle$2(124)) - Created Pipeline RATIS THREE PipelineID=dfadf8e9-d1ea-4740-a7e7-09a22f1de51a.
2023-06-22 21:35:15,158 [PipelineCommandHandlerThread-0] INFO  commandhandler.CreatePipelineCommandHandler (CreatePipelineCommandHandler.java:lambda$handle$2(124)) - Created Pipeline RATIS THREE PipelineID=dfadf8e9-d1ea-4740-a7e7-09a22f1de51a.
2023-06-22 21:35:15,421 [PipelineCommandHandlerThread-0] INFO  server.RaftServer (RaftServerProxy.java:addNew(98)) - e93313c7-0cf0-4fbd-b335-d67d16700e0a: addNew group-CEF5FDFD51FF:[e93313c7-0cf0-4fbd-b335-d67d16700e0a|rpc:10.1.1.69:15050|admin:10.1.1.69:15049|client:10.1.1.69:15048|dataStream:10.1.1.69:15051|priority:1|startupRole:FOLLOWER] returns group-CEF5FDFD51FF:java.util.concurrent.CompletableFuture@7e4eacb0[Not completed]
2023-06-22 21:35:15,423 [e93313c7-0cf0-4fbd-b335-d67d16700e0a-groupManagement] INFO  server.RaftServer$Division (RaftServerImpl.java:<init>(198)) - e93313c7-0cf0-4fbd-b335-d67d16700e0a: new RaftServerImpl for group-CEF5FDFD51FF:[e93313c7-0cf0-4fbd-b335-d67d16700e0a|rpc:10.1.1.69:15050|admin:10.1.1.69:15049|client:10.1.1.69:15048|dataStream:10.1.1.69:15051|priority:1|startupRole:FOLLOWER] with ContainerStateMachine:uninitialized
2023-06-22 21:35:15,423 [e93313c7-0cf0-4fbd-b335-d67d16700e0a-groupManagement] INFO  server.RaftServerConfigKeys (ConfUtils.java:logGet(46)) - raft.server.rpc.timeout.min = 5s (custom)
2023-06-22 21:35:15,423 [e93313c7-0cf0-4fbd-b335-d67d16700e0a-groupManagement] INFO  server.RaftServerConfigKeys (ConfUtils.java:logGet(46)) - raft.server.rpc.timeout.max = 5200ms (custom)
2023-06-22 21:35:15,423 [e93313c7-0cf0-4fbd-b335-d67d16700e0a-groupManagement] INFO  server.RaftServerConfigKeys (ConfUtils.java:logGet(46)) - raft.server.rpc.sleep.time = 25ms (default)
2023-06-22 21:35:15,423 [e93313c7-0cf0-4fbd-b335-d67d16700e0a-groupManagement] INFO  server.RaftServerConfigKeys (ConfUtils.java:logGet(46)) - raft.server.rpc.slowness.timeout = 300s (custom)
2023-06-22 21:35:15,423 [e93313c7-0cf0-4fbd-b335-d67d16700e0a-groupManagement] INFO  server.RaftServerConfigKeys (ConfUtils.java:logGet(46)) - raft.server.leaderelection.leader.step-down.wait-time = 10s (default)
2023-06-22 21:35:15,423 [e93313c7-0cf0-4fbd-b335-d67d16700e0a-groupManagement] INFO  server.RaftServerConfigKeys (ConfUtils.java:logGet(46)) - raft.server.sleep.deviation.threshold = 300ms (default)
2023-06-22 21:35:15,423 [e93313c7-0cf0-4fbd-b335-d67d16700e0a-groupManagement] INFO  server.RaftServer$Division (ServerState.java:<init>(120)) - e93313c7-0cf0-4fbd-b335-d67d16700e0a@group-CEF5FDFD51FF: ConfigurationManager, init=-1: peers:[e93313c7-0cf0-4fbd-b335-d67d16700e0a|rpc:10.1.1.69:15050|admin:10.1.1.69:15049|client:10.1.1.69:15048|dataStream:10.1.1.69:15051|priority:1|startupRole:FOLLOWER]|listeners:[], old=null, confs=<EMPTY_MAP>
2023-06-22 21:35:15,424 [e93313c7-0cf0-4fbd-b335-d67d16700e0a-groupManagement] INFO  server.RaftServerConfigKeys (ConfUtils.java:logGet(46)) - raft.server.storage.dir = [/home/runner/work/ozone/ozone/hadoop-ozone/integration-test/target/test-dir/MiniOzoneClusterImpl-00f3567e-e140-4cd7-bd5a-f6438c2bd6c1/datanode-4/data/ratis] (custom)
2023-06-22 21:35:15,424 [e93313c7-0cf0-4fbd-b335-d67d16700e0a-groupManagement] INFO  server.RaftServerConfigKeys (ConfUtils.java:logGet(46)) - raft.server.log.corruption.policy = EXCEPTION (default)
2023-06-22 21:35:15,424 [e93313c7-0cf0-4fbd-b335-d67d16700e0a-groupManagement] INFO  server.RaftServerConfigKeys (ConfUtils.java:logGet(46)) - raft.server.storage.free-space.min = 0MB (=0) (default)
2023-06-22 21:35:15,424 [e93313c7-0cf0-4fbd-b335-d67d16700e0a-groupManagement] INFO  server.RaftServerConfigKeys (ConfUtils.java:logGet(46)) - raft.server.notification.no-leader.timeout = 300s (custom)
2023-06-22 21:35:15,424 [e93313c7-0cf0-4fbd-b335-d67d16700e0a-groupManagement] INFO  server.RaftServerConfigKeys (ConfUtils.java:logGet(46)) - raft.server.read.timeout = 10s (default)
2023-06-22 21:35:15,424 [e93313c7-0cf0-4fbd-b335-d67d16700e0a-groupManagement] INFO  server.RaftServerConfigKeys (ConfUtils.java:logGet(46)) - raft.server.retrycache.expirytime = 600000ms (custom)
2023-06-22 21:35:15,424 [e93313c7-0cf0-4fbd-b335-d67d16700e0a-groupManagement] INFO  server.RaftServerConfigKeys (ConfUtils.java:logGet(46)) - raft.server.retrycache.statistics.expirytime = 100μs (default)
2023-06-22 21:35:15,424 [e93313c7-0cf0-4fbd-b335-d67d16700e0a-groupManagement] INFO  server.RaftServerConfigKeys (ConfUtils.java:logGet(46)) - raft.server.read.option = DEFAULT (default)
2023-06-22 21:35:15,426 [e93313c7-0cf0-4fbd-b335-d67d16700e0a-groupManagement] INFO  server.RaftServerConfigKeys (ConfUtils.java:logGet(46)) - raft.server.rpc.request.timeout = 60s (custom)
2023-06-22 21:35:15,426 [e93313c7-0cf0-4fbd-b335-d67d16700e0a-groupManagement] INFO  server.RaftServerConfigKeys (ConfUtils.java:logGet(46)) - raft.server.log.appender.install.snapshot.enabled = false (custom)
2023-06-22 21:35:15,426 [e93313c7-0cf0-4fbd-b335-d67d16700e0a-groupManagement] INFO  server.RaftServerConfigKeys (ConfUtils.java:logGet(46)) - raft.server.threadpool.server.cached = true (default)
2023-06-22 21:35:15,427 [e93313c7-0cf0-4fbd-b335-d67d16700e0a-groupManagement] INFO  server.RaftServerConfigKeys (ConfUtils.java:logGet(46)) - raft.server.threadpool.server.size = 0 (default)
2023-06-22 21:35:15,427 [e93313c7-0cf0-4fbd-b335-d67d16700e0a-groupManagement] INFO  server.RaftServerConfigKeys (ConfUtils.java:logGet(46)) - raft.server.threadpool.client.cached = true (default)
2023-06-22 21:35:15,427 [e93313c7-0cf0-4fbd-b335-d67d16700e0a-groupManagement] INFO  server.RaftServerConfigKeys (ConfUtils.java:logGet(46)) - raft.server.threadpool.client.size = 0 (default)
2023-06-22 21:35:15,427 [e93313c7-0cf0-4fbd-b335-d67d16700e0a-groupManagement] INFO  storage.RaftStorageDirectory (RaftStorageDirectoryImpl.java:analyzeStorage(137)) - The storage directory /home/runner/work/ozone/ozone/hadoop-ozone/integration-test/target/test-dir/MiniOzoneClusterImpl-00f3567e-e140-4cd7-bd5a-f6438c2bd6c1/datanode-4/data/ratis/bedf5fc8-7e98-4a94-934c-cef5fdfd51ff does not exist. Creating ...
2023-06-22 21:35:15,431 [e93313c7-0cf0-4fbd-b335-d67d16700e0a-groupManagement] INFO  storage.RaftStorageDirectory (RaftStorageDirectoryImpl.java:tryLock(231)) - Lock on /home/runner/work/ozone/ozone/hadoop-ozone/integration-test/target/test-dir/MiniOzoneClusterImpl-00f3567e-e140-4cd7-bd5a-f6438c2bd6c1/datanode-4/data/ratis/bedf5fc8-7e98-4a94-934c-cef5fdfd51ff/in_use.lock acquired by nodename 41615@fv-az504-135
2023-06-22 21:35:15,432 [e93313c7-0cf0-4fbd-b335-d67d16700e0a-groupManagement] INFO  storage.RaftStorage (RaftStorageImpl.java:format(96)) - Storage directory /home/runner/work/ozone/ozone/hadoop-ozone/integration-test/target/test-dir/MiniOzoneClusterImpl-00f3567e-e140-4cd7-bd5a-f6438c2bd6c1/datanode-4/data/ratis/bedf5fc8-7e98-4a94-934c-cef5fdfd51ff has been successfully formatted.
2023-06-22 21:35:15,434 [e93313c7-0cf0-4fbd-b335-d67d16700e0a-groupManagement] INFO  ratis.ContainerStateMachine (ContainerStateMachine.java:loadSnapshot(262)) - group-CEF5FDFD51FF: The snapshot info is null. Setting the last applied indexto:(t:0, i:~)
2023-06-22 21:35:15,434 [e93313c7-0cf0-4fbd-b335-d67d16700e0a-groupManagement] INFO  server.RaftServerConfigKeys (ConfUtils.java:logGet(46)) - raft.server.log.use.memory = false (default)
2023-06-22 21:35:15,434 [e93313c7-0cf0-4fbd-b335-d67d16700e0a-groupManagement] INFO  server.RaftServerConfigKeys (ConfUtils.java:logGet(46)) - raft.server.log.purge.gap = 1000000 (custom)
2023-06-22 21:35:15,434 [e93313c7-0cf0-4fbd-b335-d67d16700e0a-groupManagement] INFO  server.RaftServerConfigKeys (ConfUtils.java:logGet(46)) - raft.server.log.appender.buffer.byte-limit = 33554432 (custom)
2023-06-22 21:35:15,434 [e93313c7-0cf0-4fbd-b335-d67d16700e0a-groupManagement] INFO  server.RaftServerConfigKeys (ConfUtils.java:logGet(46)) - raft.server.log.statemachine.data.read.timeout = 1000ms (default)
2023-06-22 21:35:15,434 [e93313c7-0cf0-4fbd-b335-d67d16700e0a-groupManagement] INFO  server.RaftServerConfigKeys (ConfUtils.java:logGet(46)) - raft.server.log.purge.preservation.log.num = 0 (default)
2023-06-22 21:35:15,438 [e93313c7-0cf0-4fbd-b335-d67d16700e0a-groupManagement] INFO  server.RaftServerConfigKeys (ConfUtils.java:logGet(46)) - raft.server.log.segment.size.max = 1048576 (custom)
2023-06-22 21:35:15,439 [e93313c7-0cf0-4fbd-b335-d67d16700e0a-groupManagement] INFO  server.RaftServerConfigKeys (ConfUtils.java:logGet(46)) - raft.server.log.segment.cache.num.max = 2 (custom)
2023-06-22 21:35:15,439 [e93313c7-0cf0-4fbd-b335-d67d16700e0a-groupManagement] INFO  server.RaftServerConfigKeys (ConfUtils.java:logGet(46)) - raft.server.log.segment.cache.size.max = 200MB (=209715200) (default)
2023-06-22 21:35:15,439 [e93313c7-0cf0-4fbd-b335-d67d16700e0a-groupManagement] INFO  server.RaftServerConfigKeys (ConfUtils.java:logGet(46)) - raft.server.log.appender.buffer.byte-limit = 33554432 (custom)
2023-06-22 21:35:15,439 [EventQueue-PipelineReportForPipelineReportHandler] INFO  pipeline.PipelineManagerImpl (PipelineManagerImpl.java:openPipeline(367)) - Pipeline Pipeline[ Id: bedf5fc8-7e98-4a94-934c-cef5fdfd51ff, Nodes: e93313c7-0cf0-4fbd-b335-d67d16700e0a(fv-az504-135/10.1.1.69), ReplicationConfig: RATIS/ONE, State:ALLOCATED, leaderId:e93313c7-0cf0-4fbd-b335-d67d16700e0a, CreationTimestamp2023-06-22T21:35:12.424Z[Etc/UTC]] moved to OPEN state
2023-06-22 21:35:15,440 [EventQueue-OpenPipelineForHealthyPipelineSafeModeRule] INFO  safemode.SCMSafeModeManager (HealthyPipelineSafeModeRule.java:process(137)) - SCM in safe mode. Healthy pipelines reported count is 0, required healthy pipeline reported count is 1
2023-06-22 21:35:15,441 [e93313c7-0cf0-4fbd-b335-d67d16700e0a-groupManagement] INFO  segmented.SegmentedRaftLogWorker (SegmentedRaftLogWorker.java:<init>(188)) - new e93313c7-0cf0-4fbd-b335-d67d16700e0a@group-CEF5FDFD51FF-SegmentedRaftLogWorker for RaftStorageImpl:Storage Directory /home/runner/work/ozone/ozone/hadoop-ozone/integration-test/target/test-dir/MiniOzoneClusterImpl-00f3567e-e140-4cd7-bd5a-f6438c2bd6c1/datanode-4/data/ratis/bedf5fc8-7e98-4a94-934c-cef5fdfd51ff
2023-06-22 21:35:15,441 [e93313c7-0cf0-4fbd-b335-d67d16700e0a-groupManagement] INFO  server.RaftServerConfigKeys (ConfUtils.java:logGet(46)) - raft.server.log.queue.byte-limit = 4294967296 (custom)
2023-06-22 21:35:15,441 [e93313c7-0cf0-4fbd-b335-d67d16700e0a-groupManagement] INFO  server.RaftServerConfigKeys (ConfUtils.java:logGet(46)) - raft.server.log.queue.element-limit = 1024 (custom)
2023-06-22 21:35:15,441 [e93313c7-0cf0-4fbd-b335-d67d16700e0a-groupManagement] INFO  server.RaftServerConfigKeys (ConfUtils.java:logGet(46)) - raft.server.log.segment.size.max = 1048576 (custom)
2023-06-22 21:35:15,441 [e93313c7-0cf0-4fbd-b335-d67d16700e0a-groupManagement] INFO  server.RaftServerConfigKeys (ConfUtils.java:logGet(46)) - raft.server.log.preallocated.size = 16384 (custom)
2023-06-22 21:35:15,441 [e93313c7-0cf0-4fbd-b335-d67d16700e0a-groupManagement] INFO  server.RaftServerConfigKeys (ConfUtils.java:logGet(46)) - raft.server.log.force.sync.num = 128 (default)
2023-06-22 21:35:15,441 [e93313c7-0cf0-4fbd-b335-d67d16700e0a-groupManagement] INFO  server.RaftServerConfigKeys (ConfUtils.java:logGet(46)) - raft.server.log.statemachine.data.sync = true (default)
2023-06-22 21:35:15,441 [e93313c7-0cf0-4fbd-b335-d67d16700e0a-groupManagement] INFO  server.RaftServerConfigKeys (ConfUtils.java:logGet(46)) - raft.server.log.statemachine.data.sync.timeout = 10s (default)
2023-06-22 21:35:15,441 [e93313c7-0cf0-4fbd-b335-d67d16700e0a-groupManagement] INFO  server.RaftServerConfigKeys (ConfUtils.java:logGet(46)) - raft.server.log.statemachine.data.sync.timeout.retry = -1 (default)
2023-06-22 21:35:15,442 [e93313c7-0cf0-4fbd-b335-d67d16700e0a-groupManagement] INFO  server.RaftServerConfigKeys (ConfUtils.java:logGet(46)) - raft.server.log.write.buffer.size = 1048576 (custom)
2023-06-22 21:35:15,443 [e93313c7-0cf0-4fbd-b335-d67d16700e0a-groupManagement] INFO  server.RaftServerConfigKeys (ConfUtils.java:logGet(46)) - raft.server.log.appender.buffer.byte-limit = 33554432 (custom)
2023-06-22 21:35:15,448 [e93313c7-0cf0-4fbd-b335-d67d16700e0a-groupManagement] INFO  server.RaftServerConfigKeys (ConfUtils.java:logGet(46)) - raft.server.log.unsafe-flush.enabled = false (default)
2023-06-22 21:35:15,449 [e93313c7-0cf0-4fbd-b335-d67d16700e0a-groupManagement] INFO  server.RaftServerConfigKeys (ConfUtils.java:logGet(46)) - raft.server.log.async-flush.enabled = false (default)
2023-06-22 21:35:15,449 [e93313c7-0cf0-4fbd-b335-d67d16700e0a-groupManagement] INFO  server.RaftServerConfigKeys (ConfUtils.java:logGet(46)) - raft.server.log.statemachine.data.caching.enabled = true (custom)
2023-06-22 21:35:15,449 [e93313c7-0cf0-4fbd-b335-d67d16700e0a-groupManagement] INFO  segmented.SegmentedRaftLogWorker (SegmentedRaftLogWorker.java:lambda$new$0(135)) - e93313c7-0cf0-4fbd-b335-d67d16700e0a@group-CEF5FDFD51FF-SegmentedRaftLogWorker: flushIndex: setUnconditionally 0 -> -1
2023-06-22 21:35:15,449 [e93313c7-0cf0-4fbd-b335-d67d16700e0a-groupManagement] INFO  segmented.SegmentedRaftLogWorker (SegmentedRaftLogWorker.java:lambda$new$0(135)) - e93313c7-0cf0-4fbd-b335-d67d16700e0a@group-CEF5FDFD51FF-SegmentedRaftLogWorker: safeCacheEvictIndex: setUnconditionally 0 -> -1
2023-06-22 21:35:15,450 [e93313c7-0cf0-4fbd-b335-d67d16700e0a-groupManagement] INFO  server.RaftServer$Division (RaftServerImpl.java:start(342)) - e93313c7-0cf0-4fbd-b335-d67d16700e0a@group-CEF5FDFD51FF: start as a follower, conf=-1: peers:[e93313c7-0cf0-4fbd-b335-d67d16700e0a|rpc:10.1.1.69:15050|admin:10.1.1.69:15049|client:10.1.1.69:15048|dataStream:10.1.1.69:15051|priority:1|startupRole:FOLLOWER]|listeners:[], old=null
2023-06-22 21:35:15,450 [e93313c7-0cf0-4fbd-b335-d67d16700e0a-groupManagement] INFO  server.RaftServer$Division (RaftServerImpl.java:setRole(329)) - e93313c7-0cf0-4fbd-b335-d67d16700e0a@group-CEF5FDFD51FF: changes role from      null to FOLLOWER at term 0 for startAsFollower
2023-06-22 21:35:15,450 [e93313c7-0cf0-4fbd-b335-d67d16700e0a-groupManagement] INFO  impl.RoleInfo (RoleInfo.java:updateAndGet(139)) - e93313c7-0cf0-4fbd-b335-d67d16700e0a: start e93313c7-0cf0-4fbd-b335-d67d16700e0a@group-CEF5FDFD51FF-FollowerState
2023-06-22 21:35:15,455 [e93313c7-0cf0-4fbd-b335-d67d16700e0a-groupManagement] INFO  util.JmxRegister (JmxRegister.java:tryRegister(44)) - Successfully registered JMX Bean with object name Ratis:service=RaftServer,group=group-CEF5FDFD51FF,id=e93313c7-0cf0-4fbd-b335-d67d16700e0a
2023-06-22 21:35:15,455 [e93313c7-0cf0-4fbd-b335-d67d16700e0a-groupManagement] INFO  server.RaftServerConfigKeys (ConfUtils.java:logGet(46)) - raft.server.snapshot.auto.trigger.enabled = true (custom)
2023-06-22 21:35:15,455 [e93313c7-0cf0-4fbd-b335-d67d16700e0a-groupManagement] INFO  server.RaftServerConfigKeys (ConfUtils.java:logGet(46)) - raft.server.snapshot.auto.trigger.threshold = 10000 (custom)
2023-06-22 21:35:15,455 [e93313c7-0cf0-4fbd-b335-d67d16700e0a-groupManagement] INFO  server.RaftServerConfigKeys (ConfUtils.java:logGet(46)) - raft.server.snapshot.retention.file.num = 5 (custom)
2023-06-22 21:35:15,455 [e93313c7-0cf0-4fbd-b335-d67d16700e0a-groupManagement] INFO  server.RaftServerConfigKeys (ConfUtils.java:logGet(46)) - raft.server.log.purge.upto.snapshot.index = false (default)
2023-06-22 21:35:15,456 [PipelineCommandHandlerThread-0] INFO  ratis.XceiverServerRatis (XceiverServerRatis.java:addGroup(804)) - Created group PipelineID=bedf5fc8-7e98-4a94-934c-cef5fdfd51ff
2023-06-22 21:35:15,456 [PipelineCommandHandlerThread-0] INFO  commandhandler.CreatePipelineCommandHandler (CreatePipelineCommandHandler.java:lambda$handle$2(124)) - Created Pipeline RATIS ONE PipelineID=bedf5fc8-7e98-4a94-934c-cef5fdfd51ff.
2023-06-22 21:35:15,457 [e93313c7-0cf0-4fbd-b335-d67d16700e0a@group-CEF5FDFD51FF-FollowerState] INFO  server.RaftServerConfigKeys (ConfUtils.java:logFallback(53)) - raft.server.rpc.first-election.timeout.min = 5s (fallback to raft.server.rpc.timeout.min)
2023-06-22 21:35:15,457 [e93313c7-0cf0-4fbd-b335-d67d16700e0a@group-CEF5FDFD51FF-FollowerState] INFO  server.RaftServerConfigKeys (ConfUtils.java:logFallback(53)) - raft.server.rpc.first-election.timeout.max = 5200ms (fallback to raft.server.rpc.timeout.max)
2023-06-22 21:35:15,627 [main] INFO  ozone.MiniOzoneClusterImpl (MiniOzoneClusterImpl.java:lambda$waitForClusterToBeReady$0(224)) - Nodes are ready. Got 5 of 5 DN Heartbeats.
2023-06-22 21:35:15,627 [main] INFO  ozone.MiniOzoneClusterImpl (MiniOzoneClusterImpl.java:lambda$waitForClusterToBeReady$0(227)) - Waiting for cluster to exit safe mode
2023-06-22 21:35:15,628 [main] INFO  ozone.MiniOzoneClusterImpl (MiniOzoneClusterImpl.java:lambda$waitForClusterToBeReady$0(229)) - SCM became leader
2023-06-22 21:35:16,628 [main] INFO  ozone.MiniOzoneClusterImpl (MiniOzoneClusterImpl.java:lambda$waitForClusterToBeReady$0(224)) - Nodes are ready. Got 5 of 5 DN Heartbeats.
2023-06-22 21:35:16,628 [main] INFO  ozone.MiniOzoneClusterImpl (MiniOzoneClusterImpl.java:lambda$waitForClusterToBeReady$0(227)) - Waiting for cluster to exit safe mode
2023-06-22 21:35:16,628 [main] INFO  ozone.MiniOzoneClusterImpl (MiniOzoneClusterImpl.java:lambda$waitForClusterToBeReady$0(229)) - SCM became leader
2023-06-22 21:35:17,633 [main] INFO  ozone.MiniOzoneClusterImpl (MiniOzoneClusterImpl.java:lambda$waitForClusterToBeReady$0(224)) - Nodes are ready. Got 5 of 5 DN Heartbeats.
2023-06-22 21:35:17,633 [main] INFO  ozone.MiniOzoneClusterImpl (MiniOzoneClusterImpl.java:lambda$waitForClusterToBeReady$0(227)) - Waiting for cluster to exit safe mode
2023-06-22 21:35:17,633 [main] INFO  ozone.MiniOzoneClusterImpl (MiniOzoneClusterImpl.java:lambda$waitForClusterToBeReady$0(229)) - SCM became leader
2023-06-22 21:35:18,634 [main] INFO  ozone.MiniOzoneClusterImpl (MiniOzoneClusterImpl.java:lambda$waitForClusterToBeReady$0(224)) - Nodes are ready. Got 5 of 5 DN Heartbeats.
2023-06-22 21:35:18,634 [main] INFO  ozone.MiniOzoneClusterImpl (MiniOzoneClusterImpl.java:lambda$waitForClusterToBeReady$0(227)) - Waiting for cluster to exit safe mode
2023-06-22 21:35:18,634 [main] INFO  ozone.MiniOzoneClusterImpl (MiniOzoneClusterImpl.java:lambda$waitForClusterToBeReady$0(229)) - SCM became leader
2023-06-22 21:35:18,930 [45e724c1-f4a6-4405-a7cb-dfa9f2e55867@group-1D9C35B47DFD-FollowerState] INFO  impl.FollowerState (FollowerState.java:run(143)) - 45e724c1-f4a6-4405-a7cb-dfa9f2e55867@group-1D9C35B47DFD-FollowerState: change to CANDIDATE, lastRpcElapsedTime:5114401644ns, electionTimeout:5108ms
2023-06-22 21:35:18,930 [45e724c1-f4a6-4405-a7cb-dfa9f2e55867@group-1D9C35B47DFD-FollowerState] INFO  impl.RoleInfo (RoleInfo.java:shutdownFollowerState(110)) - 45e724c1-f4a6-4405-a7cb-dfa9f2e55867: shutdown 45e724c1-f4a6-4405-a7cb-dfa9f2e55867@group-1D9C35B47DFD-FollowerState
2023-06-22 21:35:18,930 [45e724c1-f4a6-4405-a7cb-dfa9f2e55867@group-1D9C35B47DFD-FollowerState] INFO  server.RaftServer$Division (RaftServerImpl.java:setRole(329)) - 45e724c1-f4a6-4405-a7cb-dfa9f2e55867@group-1D9C35B47DFD: changes role from  FOLLOWER to CANDIDATE at term 0 for changeToCandidate
2023-06-22 21:35:18,931 [45e724c1-f4a6-4405-a7cb-dfa9f2e55867@group-1D9C35B47DFD-FollowerState] INFO  server.RaftServerConfigKeys (ConfUtils.java:logGet(46)) - raft.server.leaderelection.pre-vote = true (default)
2023-06-22 21:35:18,931 [45e724c1-f4a6-4405-a7cb-dfa9f2e55867@group-1D9C35B47DFD-FollowerState] INFO  impl.RoleInfo (RoleInfo.java:updateAndGet(139)) - 45e724c1-f4a6-4405-a7cb-dfa9f2e55867: start 45e724c1-f4a6-4405-a7cb-dfa9f2e55867@group-1D9C35B47DFD-LeaderElection2
2023-06-22 21:35:18,934 [45e724c1-f4a6-4405-a7cb-dfa9f2e55867@group-1D9C35B47DFD-LeaderElection2] INFO  impl.LeaderElection (LeaderElection.java:askForVotes(321)) - 45e724c1-f4a6-4405-a7cb-dfa9f2e55867@group-1D9C35B47DFD-LeaderElection2 PRE_VOTE round 0: submit vote requests at term 0 for -1: peers:[84a824f3-7f5d-4f33-8f93-63e849b7c227|rpc:10.1.1.69:15023|admin:10.1.1.69:15022|client:10.1.1.69:15021|dataStream:10.1.1.69:15024|priority:0|startupRole:FOLLOWER, 470642db-8038-41e5-a5f3-81d987be2f99|rpc:10.1.1.69:15032|admin:10.1.1.69:15031|client:10.1.1.69:15030|dataStream:10.1.1.69:15033|priority:0|startupRole:FOLLOWER, 45e724c1-f4a6-4405-a7cb-dfa9f2e55867|rpc:10.1.1.69:15014|admin:10.1.1.69:15013|client:10.1.1.69:15012|dataStream:10.1.1.69:15015|priority:1|startupRole:FOLLOWER]|listeners:[], old=null
2023-06-22 21:35:18,941 [45e724c1-f4a6-4405-a7cb-dfa9f2e55867@group-1D9C35B47DFD-LeaderElection2] INFO  server.RaftServerConfigKeys (ConfUtils.java:logFallback(53)) - raft.server.rpc.first-election.timeout.min = 5s (fallback to raft.server.rpc.timeout.min)
2023-06-22 21:35:18,941 [45e724c1-f4a6-4405-a7cb-dfa9f2e55867@group-1D9C35B47DFD-LeaderElection2] INFO  server.RaftServerConfigKeys (ConfUtils.java:logFallback(53)) - raft.server.rpc.first-election.timeout.max = 5200ms (fallback to raft.server.rpc.timeout.max)
2023-06-22 21:35:18,946 [45e724c1-f4a6-4405-a7cb-dfa9f2e55867@group-1D9C35B47DFD-LeaderElection2-1] INFO  server.GrpcServerProtocolClient (GrpcServerProtocolClient.java:<init>(65)) - Build channel for 84a824f3-7f5d-4f33-8f93-63e849b7c227
2023-06-22 21:35:18,946 [45e724c1-f4a6-4405-a7cb-dfa9f2e55867@group-1D9C35B47DFD-LeaderElection2-2] INFO  server.GrpcServerProtocolClient (GrpcServerProtocolClient.java:<init>(65)) - Build channel for 470642db-8038-41e5-a5f3-81d987be2f99
2023-06-22 21:35:18,949 [45e724c1-f4a6-4405-a7cb-dfa9f2e55867@group-A5E06D3F0768-FollowerState] INFO  impl.FollowerState (FollowerState.java:run(143)) - 45e724c1-f4a6-4405-a7cb-dfa9f2e55867@group-A5E06D3F0768-FollowerState: change to CANDIDATE, lastRpcElapsedTime:5196121203ns, electionTimeout:5178ms
2023-06-22 21:35:18,950 [45e724c1-f4a6-4405-a7cb-dfa9f2e55867@group-A5E06D3F0768-FollowerState] INFO  impl.RoleInfo (RoleInfo.java:shutdownFollowerState(110)) - 45e724c1-f4a6-4405-a7cb-dfa9f2e55867: shutdown 45e724c1-f4a6-4405-a7cb-dfa9f2e55867@group-A5E06D3F0768-FollowerState
2023-06-22 21:35:18,950 [45e724c1-f4a6-4405-a7cb-dfa9f2e55867@group-A5E06D3F0768-FollowerState] INFO  server.RaftServer$Division (RaftServerImpl.java:setRole(329)) - 45e724c1-f4a6-4405-a7cb-dfa9f2e55867@group-A5E06D3F0768: changes role from  FOLLOWER to CANDIDATE at term 0 for changeToCandidate
2023-06-22 21:35:18,951 [45e724c1-f4a6-4405-a7cb-dfa9f2e55867@group-A5E06D3F0768-FollowerState] INFO  server.RaftServerConfigKeys (ConfUtils.java:logGet(46)) - raft.server.leaderelection.pre-vote = true (default)
2023-06-22 21:35:18,951 [45e724c1-f4a6-4405-a7cb-dfa9f2e55867@group-A5E06D3F0768-FollowerState] INFO  impl.RoleInfo (RoleInfo.java:updateAndGet(139)) - 45e724c1-f4a6-4405-a7cb-dfa9f2e55867: start 45e724c1-f4a6-4405-a7cb-dfa9f2e55867@group-A5E06D3F0768-LeaderElection3
2023-06-22 21:35:18,966 [45e724c1-f4a6-4405-a7cb-dfa9f2e55867@group-A5E06D3F0768-LeaderElection3] INFO  impl.LeaderElection (LeaderElection.java:askForVotes(321)) - 45e724c1-f4a6-4405-a7cb-dfa9f2e55867@group-A5E06D3F0768-LeaderElection3 PRE_VOTE round 0: submit vote requests at term 0 for -1: peers:[45e724c1-f4a6-4405-a7cb-dfa9f2e55867|rpc:10.1.1.69:15014|admin:10.1.1.69:15013|client:10.1.1.69:15012|dataStream:10.1.1.69:15015|priority:1|startupRole:FOLLOWER]|listeners:[], old=null
2023-06-22 21:35:18,967 [45e724c1-f4a6-4405-a7cb-dfa9f2e55867@group-A5E06D3F0768-LeaderElection3] INFO  impl.LeaderElection (LeaderElection.java:askForVotes(323)) - 45e724c1-f4a6-4405-a7cb-dfa9f2e55867@group-A5E06D3F0768-LeaderElection3 PRE_VOTE round 0: result PASSED (term=0)
2023-06-22 21:35:18,970 [45e724c1-f4a6-4405-a7cb-dfa9f2e55867@group-A5E06D3F0768-LeaderElection3] INFO  impl.LeaderElection (LeaderElection.java:askForVotes(321)) - 45e724c1-f4a6-4405-a7cb-dfa9f2e55867@group-A5E06D3F0768-LeaderElection3 ELECTION round 0: submit vote requests at term 1 for -1: peers:[45e724c1-f4a6-4405-a7cb-dfa9f2e55867|rpc:10.1.1.69:15014|admin:10.1.1.69:15013|client:10.1.1.69:15012|dataStream:10.1.1.69:15015|priority:1|startupRole:FOLLOWER]|listeners:[], old=null
2023-06-22 21:35:18,970 [45e724c1-f4a6-4405-a7cb-dfa9f2e55867@group-A5E06D3F0768-LeaderElection3] INFO  impl.LeaderElection (LeaderElection.java:askForVotes(323)) - 45e724c1-f4a6-4405-a7cb-dfa9f2e55867@group-A5E06D3F0768-LeaderElection3 ELECTION round 0: result PASSED (term=1)
2023-06-22 21:35:18,970 [45e724c1-f4a6-4405-a7cb-dfa9f2e55867@group-A5E06D3F0768-LeaderElection3] INFO  impl.RoleInfo (RoleInfo.java:shutdownLeaderElection(130)) - 45e724c1-f4a6-4405-a7cb-dfa9f2e55867: shutdown 45e724c1-f4a6-4405-a7cb-dfa9f2e55867@group-A5E06D3F0768-LeaderElection3
2023-06-22 21:35:18,970 [45e724c1-f4a6-4405-a7cb-dfa9f2e55867@group-A5E06D3F0768-LeaderElection3] INFO  server.RaftServer$Division (RaftServerImpl.java:setRole(329)) - 45e724c1-f4a6-4405-a7cb-dfa9f2e55867@group-A5E06D3F0768: changes role from CANDIDATE to LEADER at term 1 for changeToLeader
2023-06-22 21:35:18,970 [45e724c1-f4a6-4405-a7cb-dfa9f2e55867@group-A5E06D3F0768-LeaderElection3] INFO  ratis.XceiverServerRatis (XceiverServerRatis.java:handleLeaderChangedNotification(902)) - Leader change notification received for group: group-A5E06D3F0768 with new leaderId: 45e724c1-f4a6-4405-a7cb-dfa9f2e55867
2023-06-22 21:35:18,971 [45e724c1-f4a6-4405-a7cb-dfa9f2e55867@group-A5E06D3F0768-LeaderElection3] INFO  server.RaftServer$Division (ServerState.java:setLeader(317)) - 45e724c1-f4a6-4405-a7cb-dfa9f2e55867@group-A5E06D3F0768: change Leader from null to 45e724c1-f4a6-4405-a7cb-dfa9f2e55867 at term 1 for becomeLeader, leader elected after 5240ms
2023-06-22 21:35:18,971 [45e724c1-f4a6-4405-a7cb-dfa9f2e55867@group-A5E06D3F0768-LeaderElection3] INFO  server.RaftServerConfigKeys (ConfUtils.java:logGet(46)) - raft.server.staging.catchup.gap = 1000 (default)
2023-06-22 21:35:18,971 [45e724c1-f4a6-4405-a7cb-dfa9f2e55867@group-A5E06D3F0768-LeaderElection3] INFO  server.RaftServerConfigKeys (ConfUtils.java:logGet(46)) - raft.server.write.element-limit = 1024 (custom)
2023-06-22 21:35:18,971 [45e724c1-f4a6-4405-a7cb-dfa9f2e55867@group-A5E06D3F0768-LeaderElection3] INFO  server.RaftServerConfigKeys (ConfUtils.java:logGet(46)) - raft.server.write.byte-limit = 1024 M (=1073741824) (custom)
2023-06-22 21:35:18,972 [45e724c1-f4a6-4405-a7cb-dfa9f2e55867@group-A5E06D3F0768-LeaderElection3] INFO  server.RaftServerConfigKeys (ConfUtils.java:logGet(46)) - raft.server.watch.timeout = 180s (custom)
2023-06-22 21:35:18,973 [45e724c1-f4a6-4405-a7cb-dfa9f2e55867@group-A5E06D3F0768-LeaderElection3] INFO  server.RaftServerConfigKeys (ConfUtils.java:logGet(46)) - raft.server.watch.timeout.denomination = 1s (default)
2023-06-22 21:35:18,973 [45e724c1-f4a6-4405-a7cb-dfa9f2e55867@group-A5E06D3F0768-LeaderElection3] INFO  server.RaftServerConfigKeys (ConfUtils.java:logGet(46)) - raft.server.watch.element-limit = 65536 (default)
2023-06-22 21:35:18,974 [45e724c1-f4a6-4405-a7cb-dfa9f2e55867@group-A5E06D3F0768-LeaderElection3] INFO  server.RaftServerConfigKeys (ConfUtils.java:logGet(46)) - raft.server.write.element-limit = 1024 (custom)
2023-06-22 21:35:18,974 [45e724c1-f4a6-4405-a7cb-dfa9f2e55867@group-A5E06D3F0768-LeaderElection3] INFO  server.RaftServerConfigKeys (ConfUtils.java:logGet(46)) - raft.server.write.follower.gap.ratio.max = -1.0 (default)
2023-06-22 21:35:18,974 [45e724c1-f4a6-4405-a7cb-dfa9f2e55867@group-A5E06D3F0768-LeaderElection3] INFO  impl.RoleInfo (RoleInfo.java:updateAndGet(139)) - 45e724c1-f4a6-4405-a7cb-dfa9f2e55867: start 45e724c1-f4a6-4405-a7cb-dfa9f2e55867@group-A5E06D3F0768-LeaderStateImpl
2023-06-22 21:35:18,978 [EventQueue-OpenPipelineForHealthyPipelineSafeModeRule] INFO  safemode.SCMSafeModeManager (HealthyPipelineSafeModeRule.java:process(137)) - SCM in safe mode. Healthy pipelines reported count is 0, required healthy pipeline reported count is 1
2023-06-22 21:35:18,979 [45e724c1-f4a6-4405-a7cb-dfa9f2e55867@group-A5E06D3F0768-LeaderElection3] INFO  segmented.SegmentedRaftLogWorker (SegmentedRaftLogWorker.java:startLogSegment(447)) - 45e724c1-f4a6-4405-a7cb-dfa9f2e55867@group-A5E06D3F0768-SegmentedRaftLogWorker: Starting segment from index:0
2023-06-22 21:35:18,982 [45e724c1-f4a6-4405-a7cb-dfa9f2e55867@group-A5E06D3F0768-SegmentedRaftLogWorker] INFO  segmented.SegmentedRaftLogWorker (SegmentedRaftLogWorker.java:execute(651)) - 45e724c1-f4a6-4405-a7cb-dfa9f2e55867@group-A5E06D3F0768-SegmentedRaftLogWorker: created new log segment /home/runner/work/ozone/ozone/hadoop-ozone/integration-test/target/test-dir/MiniOzoneClusterImpl-00f3567e-e140-4cd7-bd5a-f6438c2bd6c1/datanode-0/data/ratis/9738aa18-fd40-4528-a6bb-a5e06d3f0768/current/log_inprogress_0
2023-06-22 21:35:18,990 [45e724c1-f4a6-4405-a7cb-dfa9f2e55867@group-A5E06D3F0768-LeaderElection3] INFO  server.RaftServer$Division (ServerState.java:setRaftConf(434)) - 45e724c1-f4a6-4405-a7cb-dfa9f2e55867@group-A5E06D3F0768: set configuration 0: peers:[45e724c1-f4a6-4405-a7cb-dfa9f2e55867|rpc:10.1.1.69:15014|admin:10.1.1.69:15013|client:10.1.1.69:15012|dataStream:10.1.1.69:15015|priority:1|startupRole:FOLLOWER]|listeners:[], old=null
2023-06-22 21:35:18,994 [grpc-default-executor-1] INFO  server.RaftServer$Division (RaftServerImpl.java:requestVote(1302)) - 84a824f3-7f5d-4f33-8f93-63e849b7c227@group-1D9C35B47DFD: receive requestVote(PRE_VOTE, 45e724c1-f4a6-4405-a7cb-dfa9f2e55867, group-1D9C35B47DFD, 0, (t:0, i:0))
2023-06-22 21:35:19,001 [grpc-default-executor-1] INFO  impl.VoteContext (VoteContext.java:log(49)) - 84a824f3-7f5d-4f33-8f93-63e849b7c227@group-1D9C35B47DFD-FOLLOWER: accept PRE_VOTE from 45e724c1-f4a6-4405-a7cb-dfa9f2e55867: our priority 0 <= candidate's priority 1
2023-06-22 21:35:19,010 [grpc-default-executor-0] INFO  server.RaftServer$Division (RaftServerImpl.java:requestVote(1302)) - 470642db-8038-41e5-a5f3-81d987be2f99@group-1D9C35B47DFD: receive requestVote(PRE_VOTE, 45e724c1-f4a6-4405-a7cb-dfa9f2e55867, group-1D9C35B47DFD, 0, (t:0, i:0))
2023-06-22 21:35:19,010 [grpc-default-executor-0] INFO  impl.VoteContext (VoteContext.java:log(49)) - 470642db-8038-41e5-a5f3-81d987be2f99@group-1D9C35B47DFD-FOLLOWER: accept PRE_VOTE from 45e724c1-f4a6-4405-a7cb-dfa9f2e55867: our priority 0 <= candidate's priority 1
2023-06-22 21:35:19,022 [grpc-default-executor-1] INFO  server.RaftServer$Division (RaftServerImpl.java:requestVote(1335)) - 84a824f3-7f5d-4f33-8f93-63e849b7c227@group-1D9C35B47DFD replies to PRE_VOTE vote request: 45e724c1-f4a6-4405-a7cb-dfa9f2e55867<-84a824f3-7f5d-4f33-8f93-63e849b7c227#0:OK-t0. Peer's state: 84a824f3-7f5d-4f33-8f93-63e849b7c227@group-1D9C35B47DFD:t0, leader=null, voted=, raftlog=Memoized:84a824f3-7f5d-4f33-8f93-63e849b7c227@group-1D9C35B47DFD-SegmentedRaftLog:OPENED:c-1, conf=-1: peers:[84a824f3-7f5d-4f33-8f93-63e849b7c227|rpc:10.1.1.69:15023|admin:10.1.1.69:15022|client:10.1.1.69:15021|dataStream:10.1.1.69:15024|priority:0|startupRole:FOLLOWER, 470642db-8038-41e5-a5f3-81d987be2f99|rpc:10.1.1.69:15032|admin:10.1.1.69:15031|client:10.1.1.69:15030|dataStream:10.1.1.69:15033|priority:0|startupRole:FOLLOWER, 45e724c1-f4a6-4405-a7cb-dfa9f2e55867|rpc:10.1.1.69:15014|admin:10.1.1.69:15013|client:10.1.1.69:15012|dataStream:10.1.1.69:15015|priority:1|startupRole:FOLLOWER]|listeners:[], old=null
2023-06-22 21:35:19,022 [grpc-default-executor-0] INFO  server.RaftServer$Division (RaftServerImpl.java:requestVote(1335)) - 470642db-8038-41e5-a5f3-81d987be2f99@group-1D9C35B47DFD replies to PRE_VOTE vote request: 45e724c1-f4a6-4405-a7cb-dfa9f2e55867<-470642db-8038-41e5-a5f3-81d987be2f99#0:OK-t0. Peer's state: 470642db-8038-41e5-a5f3-81d987be2f99@group-1D9C35B47DFD:t0, leader=null, voted=, raftlog=Memoized:470642db-8038-41e5-a5f3-81d987be2f99@group-1D9C35B47DFD-SegmentedRaftLog:OPENED:c-1, conf=-1: peers:[84a824f3-7f5d-4f33-8f93-63e849b7c227|rpc:10.1.1.69:15023|admin:10.1.1.69:15022|client:10.1.1.69:15021|dataStream:10.1.1.69:15024|priority:0|startupRole:FOLLOWER, 470642db-8038-41e5-a5f3-81d987be2f99|rpc:10.1.1.69:15032|admin:10.1.1.69:15031|client:10.1.1.69:15030|dataStream:10.1.1.69:15033|priority:0|startupRole:FOLLOWER, 45e724c1-f4a6-4405-a7cb-dfa9f2e55867|rpc:10.1.1.69:15014|admin:10.1.1.69:15013|client:10.1.1.69:15012|dataStream:10.1.1.69:15015|priority:1|startupRole:FOLLOWER]|listeners:[], old=null
2023-06-22 21:35:19,030 [45e724c1-f4a6-4405-a7cb-dfa9f2e55867@group-1D9C35B47DFD-LeaderElection2] INFO  impl.LeaderElection (LeaderElection.java:logAndReturn(90)) - 45e724c1-f4a6-4405-a7cb-dfa9f2e55867@group-1D9C35B47DFD-LeaderElection2: PRE_VOTE PASSED received 1 response(s) and 0 exception(s):
2023-06-22 21:35:19,030 [45e724c1-f4a6-4405-a7cb-dfa9f2e55867@group-1D9C35B47DFD-LeaderElection2] INFO  impl.LeaderElection (LeaderElection.java:logAndReturn(94)) -   Response 0: 45e724c1-f4a6-4405-a7cb-dfa9f2e55867<-470642db-8038-41e5-a5f3-81d987be2f99#0:OK-t0
2023-06-22 21:35:19,031 [45e724c1-f4a6-4405-a7cb-dfa9f2e55867@group-1D9C35B47DFD-LeaderElection2] INFO  impl.LeaderElection (LeaderElection.java:askForVotes(323)) - 45e724c1-f4a6-4405-a7cb-dfa9f2e55867@group-1D9C35B47DFD-LeaderElection2 PRE_VOTE round 0: result PASSED
2023-06-22 21:35:19,032 [45e724c1-f4a6-4405-a7cb-dfa9f2e55867@group-1D9C35B47DFD-LeaderElection2] INFO  impl.LeaderElection (LeaderElection.java:askForVotes(321)) - 45e724c1-f4a6-4405-a7cb-dfa9f2e55867@group-1D9C35B47DFD-LeaderElection2 ELECTION round 0: submit vote requests at term 1 for -1: peers:[84a824f3-7f5d-4f33-8f93-63e849b7c227|rpc:10.1.1.69:15023|admin:10.1.1.69:15022|client:10.1.1.69:15021|dataStream:10.1.1.69:15024|priority:0|startupRole:FOLLOWER, 470642db-8038-41e5-a5f3-81d987be2f99|rpc:10.1.1.69:15032|admin:10.1.1.69:15031|client:10.1.1.69:15030|dataStream:10.1.1.69:15033|priority:0|startupRole:FOLLOWER, 45e724c1-f4a6-4405-a7cb-dfa9f2e55867|rpc:10.1.1.69:15014|admin:10.1.1.69:15013|client:10.1.1.69:15012|dataStream:10.1.1.69:15015|priority:1|startupRole:FOLLOWER]|listeners:[], old=null
2023-06-22 21:35:19,034 [45e724c1-f4a6-4405-a7cb-dfa9f2e55867@group-1D9C35B47DFD-LeaderElection2] INFO  server.RaftServerConfigKeys (ConfUtils.java:logFallback(53)) - raft.server.rpc.first-election.timeout.min = 5s (fallback to raft.server.rpc.timeout.min)
2023-06-22 21:35:19,034 [45e724c1-f4a6-4405-a7cb-dfa9f2e55867@group-1D9C35B47DFD-LeaderElection2] INFO  server.RaftServerConfigKeys (ConfUtils.java:logFallback(53)) - raft.server.rpc.first-election.timeout.max = 5200ms (fallback to raft.server.rpc.timeout.max)
2023-06-22 21:35:19,042 [grpc-default-executor-1] INFO  server.RaftServer$Division (RaftServerImpl.java:requestVote(1302)) - 84a824f3-7f5d-4f33-8f93-63e849b7c227@group-1D9C35B47DFD: receive requestVote(ELECTION, 45e724c1-f4a6-4405-a7cb-dfa9f2e55867, group-1D9C35B47DFD, 1, (t:0, i:0))
2023-06-22 21:35:19,044 [grpc-default-executor-1] INFO  impl.VoteContext (VoteContext.java:log(49)) - 84a824f3-7f5d-4f33-8f93-63e849b7c227@group-1D9C35B47DFD-FOLLOWER: accept ELECTION from 45e724c1-f4a6-4405-a7cb-dfa9f2e55867: our priority 0 <= candidate's priority 1
2023-06-22 21:35:19,044 [grpc-default-executor-1] INFO  server.RaftServer$Division (RaftServerImpl.java:setRole(329)) - 84a824f3-7f5d-4f33-8f93-63e849b7c227@group-1D9C35B47DFD: changes role from  FOLLOWER to FOLLOWER at term 1 for candidate:45e724c1-f4a6-4405-a7cb-dfa9f2e55867
2023-06-22 21:35:19,044 [grpc-default-executor-1] INFO  impl.RoleInfo (RoleInfo.java:shutdownFollowerState(110)) - 84a824f3-7f5d-4f33-8f93-63e849b7c227: shutdown 84a824f3-7f5d-4f33-8f93-63e849b7c227@group-1D9C35B47DFD-FollowerState
2023-06-22 21:35:19,045 [84a824f3-7f5d-4f33-8f93-63e849b7c227@group-1D9C35B47DFD-FollowerState] INFO  impl.FollowerState (FollowerState.java:run(152)) - 84a824f3-7f5d-4f33-8f93-63e849b7c227@group-1D9C35B47DFD-FollowerState was interrupted
2023-06-22 21:35:19,046 [grpc-default-executor-1] INFO  impl.RoleInfo (RoleInfo.java:updateAndGet(139)) - 84a824f3-7f5d-4f33-8f93-63e849b7c227: start 84a824f3-7f5d-4f33-8f93-63e849b7c227@group-1D9C35B47DFD-FollowerState
2023-06-22 21:35:19,047 [grpc-default-executor-0] INFO  server.RaftServer$Division (RaftServerImpl.java:requestVote(1302)) - 470642db-8038-41e5-a5f3-81d987be2f99@group-1D9C35B47DFD: receive requestVote(ELECTION, 45e724c1-f4a6-4405-a7cb-dfa9f2e55867, group-1D9C35B47DFD, 1, (t:0, i:0))
2023-06-22 21:35:19,047 [grpc-default-executor-0] INFO  impl.VoteContext (VoteContext.java:log(49)) - 470642db-8038-41e5-a5f3-81d987be2f99@group-1D9C35B47DFD-FOLLOWER: accept ELECTION from 45e724c1-f4a6-4405-a7cb-dfa9f2e55867: our priority 0 <= candidate's priority 1
2023-06-22 21:35:19,047 [grpc-default-executor-0] INFO  server.RaftServer$Division (RaftServerImpl.java:setRole(329)) - 470642db-8038-41e5-a5f3-81d987be2f99@group-1D9C35B47DFD: changes role from  FOLLOWER to FOLLOWER at term 1 for candidate:45e724c1-f4a6-4405-a7cb-dfa9f2e55867
2023-06-22 21:35:19,047 [grpc-default-executor-0] INFO  impl.RoleInfo (RoleInfo.java:shutdownFollowerState(110)) - 470642db-8038-41e5-a5f3-81d987be2f99: shutdown 470642db-8038-41e5-a5f3-81d987be2f99@group-1D9C35B47DFD-FollowerState
2023-06-22 21:35:19,048 [grpc-default-executor-0] INFO  impl.RoleInfo (RoleInfo.java:updateAndGet(139)) - 470642db-8038-41e5-a5f3-81d987be2f99: start 470642db-8038-41e5-a5f3-81d987be2f99@group-1D9C35B47DFD-FollowerState
2023-06-22 21:35:19,048 [470642db-8038-41e5-a5f3-81d987be2f99@group-1D9C35B47DFD-FollowerState] INFO  impl.FollowerState (FollowerState.java:run(152)) - 470642db-8038-41e5-a5f3-81d987be2f99@group-1D9C35B47DFD-FollowerState was interrupted
2023-06-22 21:35:19,049 [grpc-default-executor-1] INFO  server.RaftServer$Division (RaftServerImpl.java:requestVote(1335)) - 84a824f3-7f5d-4f33-8f93-63e849b7c227@group-1D9C35B47DFD replies to ELECTION vote request: 45e724c1-f4a6-4405-a7cb-dfa9f2e55867<-84a824f3-7f5d-4f33-8f93-63e849b7c227#0:OK-t1. Peer's state: 84a824f3-7f5d-4f33-8f93-63e849b7c227@group-1D9C35B47DFD:t1, leader=null, voted=45e724c1-f4a6-4405-a7cb-dfa9f2e55867, raftlog=Memoized:84a824f3-7f5d-4f33-8f93-63e849b7c227@group-1D9C35B47DFD-SegmentedRaftLog:OPENED:c-1, conf=-1: peers:[84a824f3-7f5d-4f33-8f93-63e849b7c227|rpc:10.1.1.69:15023|admin:10.1.1.69:15022|client:10.1.1.69:15021|dataStream:10.1.1.69:15024|priority:0|startupRole:FOLLOWER, 470642db-8038-41e5-a5f3-81d987be2f99|rpc:10.1.1.69:15032|admin:10.1.1.69:15031|client:10.1.1.69:15030|dataStream:10.1.1.69:15033|priority:0|startupRole:FOLLOWER, 45e724c1-f4a6-4405-a7cb-dfa9f2e55867|rpc:10.1.1.69:15014|admin:10.1.1.69:15013|client:10.1.1.69:15012|dataStream:10.1.1.69:15015|priority:1|startupRole:FOLLOWER]|listeners:[], old=null
2023-06-22 21:35:19,050 [45e724c1-f4a6-4405-a7cb-dfa9f2e55867@group-1D9C35B47DFD-LeaderElection2] INFO  impl.LeaderElection (LeaderElection.java:logAndReturn(90)) - 45e724c1-f4a6-4405-a7cb-dfa9f2e55867@group-1D9C35B47DFD-LeaderElection2: ELECTION PASSED received 1 response(s) and 0 exception(s):
2023-06-22 21:35:19,051 [45e724c1-f4a6-4405-a7cb-dfa9f2e55867@group-1D9C35B47DFD-LeaderElection2] INFO  impl.LeaderElection (LeaderElection.java:logAndReturn(94)) -   Response 0: 45e724c1-f4a6-4405-a7cb-dfa9f2e55867<-84a824f3-7f5d-4f33-8f93-63e849b7c227#0:OK-t1
2023-06-22 21:35:19,051 [45e724c1-f4a6-4405-a7cb-dfa9f2e55867@group-1D9C35B47DFD-LeaderElection2] INFO  impl.LeaderElection (LeaderElection.java:askForVotes(323)) - 45e724c1-f4a6-4405-a7cb-dfa9f2e55867@group-1D9C35B47DFD-LeaderElection2 ELECTION round 0: result PASSED
2023-06-22 21:35:19,051 [45e724c1-f4a6-4405-a7cb-dfa9f2e55867@group-1D9C35B47DFD-LeaderElection2] INFO  impl.RoleInfo (RoleInfo.java:shutdownLeaderElection(130)) - 45e724c1-f4a6-4405-a7cb-dfa9f2e55867: shutdown 45e724c1-f4a6-4405-a7cb-dfa9f2e55867@group-1D9C35B47DFD-LeaderElection2
2023-06-22 21:35:19,051 [45e724c1-f4a6-4405-a7cb-dfa9f2e55867@group-1D9C35B47DFD-LeaderElection2] INFO  server.RaftServer$Division (RaftServerImpl.java:setRole(329)) - 45e724c1-f4a6-4405-a7cb-dfa9f2e55867@group-1D9C35B47DFD: changes role from CANDIDATE to LEADER at term 1 for changeToLeader
2023-06-22 21:35:19,051 [45e724c1-f4a6-4405-a7cb-dfa9f2e55867@group-1D9C35B47DFD-LeaderElection2] INFO  ratis.XceiverServerRatis (XceiverServerRatis.java:handleLeaderChangedNotification(902)) - Leader change notification received for group: group-1D9C35B47DFD with new leaderId: 45e724c1-f4a6-4405-a7cb-dfa9f2e55867
2023-06-22 21:35:19,051 [45e724c1-f4a6-4405-a7cb-dfa9f2e55867@group-1D9C35B47DFD-LeaderElection2] INFO  server.RaftServer$Division (ServerState.java:setLeader(317)) - 45e724c1-f4a6-4405-a7cb-dfa9f2e55867@group-1D9C35B47DFD: change Leader from null to 45e724c1-f4a6-4405-a7cb-dfa9f2e55867 at term 1 for becomeLeader, leader elected after 5265ms
2023-06-22 21:35:19,051 [45e724c1-f4a6-4405-a7cb-dfa9f2e55867@group-1D9C35B47DFD-LeaderElection2] INFO  server.RaftServerConfigKeys (ConfUtils.java:logGet(46)) - raft.server.staging.catchup.gap = 1000 (default)
2023-06-22 21:35:19,051 [45e724c1-f4a6-4405-a7cb-dfa9f2e55867@group-1D9C35B47DFD-LeaderElection2] INFO  server.RaftServerConfigKeys (ConfUtils.java:logGet(46)) - raft.server.write.element-limit = 1024 (custom)
2023-06-22 21:35:19,051 [45e724c1-f4a6-4405-a7cb-dfa9f2e55867@group-1D9C35B47DFD-LeaderElection2] INFO  server.RaftServerConfigKeys (ConfUtils.java:logGet(46)) - raft.server.write.byte-limit = 1024 M (=1073741824) (custom)
2023-06-22 21:35:19,052 [45e724c1-f4a6-4405-a7cb-dfa9f2e55867@group-1D9C35B47DFD-LeaderElection2] INFO  server.RaftServerConfigKeys (ConfUtils.java:logGet(46)) - raft.server.watch.timeout = 180s (custom)
2023-06-22 21:35:19,052 [45e724c1-f4a6-4405-a7cb-dfa9f2e55867@group-1D9C35B47DFD-LeaderElection2] INFO  server.RaftServerConfigKeys (ConfUtils.java:logGet(46)) - raft.server.watch.timeout.denomination = 1s (default)
2023-06-22 21:35:19,052 [45e724c1-f4a6-4405-a7cb-dfa9f2e55867@group-1D9C35B47DFD-LeaderElection2] INFO  server.RaftServerConfigKeys (ConfUtils.java:logGet(46)) - raft.server.watch.element-limit = 65536 (default)
2023-06-22 21:35:19,052 [45e724c1-f4a6-4405-a7cb-dfa9f2e55867@group-1D9C35B47DFD-LeaderElection2] INFO  server.RaftServerConfigKeys (ConfUtils.java:logGet(46)) - raft.server.write.element-limit = 1024 (custom)
2023-06-22 21:35:19,052 [45e724c1-f4a6-4405-a7cb-dfa9f2e55867@group-1D9C35B47DFD-LeaderElection2] INFO  server.RaftServerConfigKeys (ConfUtils.java:logGet(46)) - raft.server.write.follower.gap.ratio.max = -1.0 (default)
2023-06-22 21:35:19,055 [EventQueue-PipelineReportForPipelineReportHandler] INFO  pipeline.PipelineManagerImpl (PipelineManagerImpl.java:openPipeline(367)) - Pipeline Pipeline[ Id: 7edd585c-dcb0-4340-be99-1d9c35b47dfd, Nodes: 470642db-8038-41e5-a5f3-81d987be2f99(fv-az504-135/10.1.1.69)84a824f3-7f5d-4f33-8f93-63e849b7c227(fv-az504-135/10.1.1.69)45e724c1-f4a6-4405-a7cb-dfa9f2e55867(fv-az504-135/10.1.1.69), ReplicationConfig: RATIS/THREE, State:ALLOCATED, leaderId:45e724c1-f4a6-4405-a7cb-dfa9f2e55867, CreationTimestamp2023-06-22T21:35:11.632Z[Etc/UTC]] moved to OPEN state
2023-06-22 21:35:19,056 [grpc-default-executor-0] INFO  server.RaftServer$Division (RaftServerImpl.java:requestVote(1335)) - 470642db-8038-41e5-a5f3-81d987be2f99@group-1D9C35B47DFD replies to ELECTION vote request: 45e724c1-f4a6-4405-a7cb-dfa9f2e55867<-470642db-8038-41e5-a5f3-81d987be2f99#0:OK-t1. Peer's state: 470642db-8038-41e5-a5f3-81d987be2f99@group-1D9C35B47DFD:t1, leader=null, voted=45e724c1-f4a6-4405-a7cb-dfa9f2e55867, raftlog=Memoized:470642db-8038-41e5-a5f3-81d987be2f99@group-1D9C35B47DFD-SegmentedRaftLog:OPENED:c-1, conf=-1: peers:[84a824f3-7f5d-4f33-8f93-63e849b7c227|rpc:10.1.1.69:15023|admin:10.1.1.69:15022|client:10.1.1.69:15021|dataStream:10.1.1.69:15024|priority:0|startupRole:FOLLOWER, 470642db-8038-41e5-a5f3-81d987be2f99|rpc:10.1.1.69:15032|admin:10.1.1.69:15031|client:10.1.1.69:15030|dataStream:10.1.1.69:15033|priority:0|startupRole:FOLLOWER, 45e724c1-f4a6-4405-a7cb-dfa9f2e55867|rpc:10.1.1.69:15014|admin:10.1.1.69:15013|client:10.1.1.69:15012|dataStream:10.1.1.69:15015|priority:1|startupRole:FOLLOWER]|listeners:[], old=null
2023-06-22 21:35:19,055 [EventQueue-OpenPipelineForHealthyPipelineSafeModeRule] INFO  safemode.SCMSafeModeManager (HealthyPipelineSafeModeRule.java:process(137)) - SCM in safe mode. Healthy pipelines reported count is 0, required healthy pipeline reported count is 1
2023-06-22 21:35:19,069 [EventQueue-OpenPipelineForHealthyPipelineSafeModeRule] INFO  safemode.SCMSafeModeManager (HealthyPipelineSafeModeRule.java:process(137)) - SCM in safe mode. Healthy pipelines reported count is 1, required healthy pipeline reported count is 1
2023-06-22 21:35:19,069 [EventQueue-OpenPipelineForHealthyPipelineSafeModeRule] INFO  safemode.SCMSafeModeManager (SCMSafeModeManager.java:validateSafeModeExitRules(200)) - HealthyPipelineSafeModeRule rule is successfully validated
2023-06-22 21:35:19,069 [EventQueue-OpenPipelineForHealthyPipelineSafeModeRule] INFO  safemode.SCMSafeModeManager (SCMSafeModeManager.java:validateSafeModeExitRules(215)) - ScmSafeModeManager, all rules are successfully validated
2023-06-22 21:35:19,069 [EventQueue-OpenPipelineForHealthyPipelineSafeModeRule] INFO  safemode.SCMSafeModeManager (SCMSafeModeManager.java:exitSafeMode(244)) - SCM exiting safe mode.
2023-06-22 21:35:19,069 [EventQueue-OpenPipelineForHealthyPipelineSafeModeRule] INFO  ha.SCMContext (SCMContext.java:updateSafeModeStatus(228)) - Update SafeModeStatus from SafeModeStatus{safeModeStatus=true, preCheckPassed=true} to SafeModeStatus{safeModeStatus=false, preCheckPassed=true}.
2023-06-22 21:35:19,069 [EventQueue-OpenPipelineForHealthyPipelineSafeModeRule] INFO  pipeline.BackgroundPipelineCreator (BackgroundPipelineCreator.java:notifyStatusChanged(254)) - Service BackgroundPipelineCreator transitions to RUNNING.
2023-06-22 21:35:19,069 [EventQueue-OpenPipelineForHealthyPipelineSafeModeRule] INFO  BackgroundPipelineScrubber (BackgroundSCMService.java:notifyStatusChanged(82)) - Service BackgroundPipelineScrubber transitions to RUNNING.
2023-06-22 21:35:19,069 [EventQueue-OpenPipelineForHealthyPipelineSafeModeRule] INFO  ExpiredContainerReplicaOpScrubber (BackgroundSCMService.java:notifyStatusChanged(82)) - Service ExpiredContainerReplicaOpScrubber transitions to RUNNING.
2023-06-22 21:35:19,069 [EventQueue-OpenPipelineForHealthyPipelineSafeModeRule] INFO  replication.ReplicationManager (ReplicationManager.java:notifyStatusChanged(1367)) - Service ReplicationManager transitions to RUNNING.
2023-06-22 21:35:19,076 [45e724c1-f4a6-4405-a7cb-dfa9f2e55867@group-1D9C35B47DFD-LeaderElection2] INFO  server.RaftServerConfigKeys (ConfUtils.java:logGet(46)) - raft.server.log.appender.snapshot.chunk.size.max = 16MB (=16777216) (default)
2023-06-22 21:35:19,078 [45e724c1-f4a6-4405-a7cb-dfa9f2e55867@group-1D9C35B47DFD-LeaderElection2] INFO  server.RaftServerConfigKeys (ConfUtils.java:logGet(46)) - raft.server.log.appender.buffer.byte-limit = 33554432 (custom)
2023-06-22 21:35:19,079 [45e724c1-f4a6-4405-a7cb-dfa9f2e55867@group-1D9C35B47DFD-LeaderElection2] INFO  server.RaftServerConfigKeys (ConfUtils.java:logGet(46)) - raft.server.log.appender.buffer.element-limit = 1 (custom)
2023-06-22 21:35:19,081 [45e724c1-f4a6-4405-a7cb-dfa9f2e55867@group-1D9C35B47DFD-LeaderElection2] INFO  server.RaftServerConfigKeys (ConfUtils.java:logGet(46)) - raft.server.log.appender.wait-time.min = 10ms (default)
2023-06-22 21:35:19,081 [EventQueue-OpenPipelineForHealthyPipelineSafeModeRule] WARN  balancer.ContainerBalancer (ContainerBalancer.java:shouldRun(135)) - Could not find persisted configuration for ContainerBalancer when checking if ContainerBalancer should run. ContainerBalancer should not run now.
2023-06-22 21:35:19,084 [45e724c1-f4a6-4405-a7cb-dfa9f2e55867@group-1D9C35B47DFD-LeaderElection2] INFO  grpc.GrpcConfigKeys (ConfUtils.java:logGet(46)) - raft.grpc.server.leader.outstanding.appends.max = 128 (default)
2023-06-22 21:35:19,084 [45e724c1-f4a6-4405-a7cb-dfa9f2e55867@group-1D9C35B47DFD-LeaderElection2] INFO  server.RaftServerConfigKeys (ConfUtils.java:logGet(46)) - raft.server.rpc.request.timeout = 60s (custom)
2023-06-22 21:35:19,084 [45e724c1-f4a6-4405-a7cb-dfa9f2e55867@group-1D9C35B47DFD-LeaderElection2] INFO  grpc.GrpcConfigKeys (ConfUtils.java:logGet(46)) - raft.grpc.server.install_snapshot.request.element-limit = 8 (default)
2023-06-22 21:35:19,084 [45e724c1-f4a6-4405-a7cb-dfa9f2e55867@group-1D9C35B47DFD-LeaderElection2] INFO  grpc.GrpcConfigKeys (ConfUtils.java:logGet(46)) - raft.grpc.server.install_snapshot.request.timeout = 3000ms (default)
2023-06-22 21:35:19,085 [45e724c1-f4a6-4405-a7cb-dfa9f2e55867@group-1D9C35B47DFD-LeaderElection2] INFO  server.RaftServerConfigKeys (ConfUtils.java:logGet(46)) - raft.server.log.appender.install.snapshot.enabled = false (custom)
2023-06-22 21:35:19,085 [45e724c1-f4a6-4405-a7cb-dfa9f2e55867@group-1D9C35B47DFD-LeaderElection2] INFO  grpc.GrpcConfigKeys (ConfUtils.java:logGet(46)) - raft.grpc.server.heartbeat.channel = true (default)
2023-06-22 21:35:19,087 [45e724c1-f4a6-4405-a7cb-dfa9f2e55867@group-1D9C35B47DFD-LeaderElection2] INFO  server.RaftServerConfigKeys (ConfUtils.java:logGet(46)) - raft.server.log.appender.snapshot.chunk.size.max = 16MB (=16777216) (default)
2023-06-22 21:35:19,087 [45e724c1-f4a6-4405-a7cb-dfa9f2e55867@group-1D9C35B47DFD-LeaderElection2] INFO  server.RaftServerConfigKeys (ConfUtils.java:logGet(46)) - raft.server.log.appender.buffer.byte-limit = 33554432 (custom)
2023-06-22 21:35:19,087 [45e724c1-f4a6-4405-a7cb-dfa9f2e55867@group-1D9C35B47DFD-LeaderElection2] INFO  server.RaftServerConfigKeys (ConfUtils.java:logGet(46)) - raft.server.log.appender.buffer.element-limit = 1 (custom)
2023-06-22 21:35:19,087 [45e724c1-f4a6-4405-a7cb-dfa9f2e55867@group-1D9C35B47DFD-LeaderElection2] INFO  server.RaftServerConfigKeys (ConfUtils.java:logGet(46)) - raft.server.log.appender.wait-time.min = 10ms (default)
2023-06-22 21:35:19,088 [45e724c1-f4a6-4405-a7cb-dfa9f2e55867@group-1D9C35B47DFD-LeaderElection2] INFO  grpc.GrpcConfigKeys (ConfUtils.java:logGet(46)) - raft.grpc.server.leader.outstanding.appends.max = 128 (default)
2023-06-22 21:35:19,088 [45e724c1-f4a6-4405-a7cb-dfa9f2e55867@group-1D9C35B47DFD-LeaderElection2] INFO  server.RaftServerConfigKeys (ConfUtils.java:logGet(46)) - raft.server.rpc.request.timeout = 60s (custom)
2023-06-22 21:35:19,088 [45e724c1-f4a6-4405-a7cb-dfa9f2e55867@group-1D9C35B47DFD-LeaderElection2] INFO  grpc.GrpcConfigKeys (ConfUtils.java:logGet(46)) - raft.grpc.server.install_snapshot.request.element-limit = 8 (default)
2023-06-22 21:35:19,088 [45e724c1-f4a6-4405-a7cb-dfa9f2e55867@group-1D9C35B47DFD-LeaderElection2] INFO  grpc.GrpcConfigKeys (ConfUtils.java:logGet(46)) - raft.grpc.server.install_snapshot.request.timeout = 3000ms (default)
2023-06-22 21:35:19,088 [45e724c1-f4a6-4405-a7cb-dfa9f2e55867@group-1D9C35B47DFD-LeaderElection2] INFO  server.RaftServerConfigKeys (ConfUtils.java:logGet(46)) - raft.server.log.appender.install.snapshot.enabled = false (custom)
2023-06-22 21:35:19,088 [45e724c1-f4a6-4405-a7cb-dfa9f2e55867@group-1D9C35B47DFD-LeaderElection2] INFO  grpc.GrpcConfigKeys (ConfUtils.java:logGet(46)) - raft.grpc.server.heartbeat.channel = true (default)
2023-06-22 21:35:19,089 [45e724c1-f4a6-4405-a7cb-dfa9f2e55867@group-1D9C35B47DFD-LeaderElection2] INFO  impl.RoleInfo (RoleInfo.java:updateAndGet(139)) - 45e724c1-f4a6-4405-a7cb-dfa9f2e55867: start 45e724c1-f4a6-4405-a7cb-dfa9f2e55867@group-1D9C35B47DFD-LeaderStateImpl
2023-06-22 21:35:19,089 [45e724c1-f4a6-4405-a7cb-dfa9f2e55867@group-1D9C35B47DFD-LeaderElection2] INFO  segmented.SegmentedRaftLogWorker (SegmentedRaftLogWorker.java:startLogSegment(447)) - 45e724c1-f4a6-4405-a7cb-dfa9f2e55867@group-1D9C35B47DFD-SegmentedRaftLogWorker: Starting segment from index:0
2023-06-22 21:35:19,091 [45e724c1-f4a6-4405-a7cb-dfa9f2e55867@group-1D9C35B47DFD-SegmentedRaftLogWorker] INFO  segmented.SegmentedRaftLogWorker (SegmentedRaftLogWorker.java:execute(651)) - 45e724c1-f4a6-4405-a7cb-dfa9f2e55867@group-1D9C35B47DFD-SegmentedRaftLogWorker: created new log segment /home/runner/work/ozone/ozone/hadoop-ozone/integration-test/target/test-dir/MiniOzoneClusterImpl-00f3567e-e140-4cd7-bd5a-f6438c2bd6c1/datanode-0/data/ratis/7edd585c-dcb0-4340-be99-1d9c35b47dfd/current/log_inprogress_0
2023-06-22 21:35:19,098 [45e724c1-f4a6-4405-a7cb-dfa9f2e55867@group-1D9C35B47DFD-LeaderElection2] INFO  server.RaftServer$Division (ServerState.java:setRaftConf(434)) - 45e724c1-f4a6-4405-a7cb-dfa9f2e55867@group-1D9C35B47DFD: set configuration 0: peers:[84a824f3-7f5d-4f33-8f93-63e849b7c227|rpc:10.1.1.69:15023|admin:10.1.1.69:15022|client:10.1.1.69:15021|dataStream:10.1.1.69:15024|priority:0|startupRole:FOLLOWER, 470642db-8038-41e5-a5f3-81d987be2f99|rpc:10.1.1.69:15032|admin:10.1.1.69:15031|client:10.1.1.69:15030|dataStream:10.1.1.69:15033|priority:0|startupRole:FOLLOWER, 45e724c1-f4a6-4405-a7cb-dfa9f2e55867|rpc:10.1.1.69:15014|admin:10.1.1.69:15013|client:10.1.1.69:15012|dataStream:10.1.1.69:15015|priority:1|startupRole:FOLLOWER]|listeners:[], old=null
2023-06-22 21:35:19,134 [470642db-8038-41e5-a5f3-81d987be2f99-server-thread1] INFO  ratis.XceiverServerRatis (XceiverServerRatis.java:handleLeaderChangedNotification(902)) - Leader change notification received for group: group-1D9C35B47DFD with new leaderId: 45e724c1-f4a6-4405-a7cb-dfa9f2e55867
2023-06-22 21:35:19,134 [470642db-8038-41e5-a5f3-81d987be2f99-server-thread1] INFO  server.RaftServer$Division (ServerState.java:setLeader(317)) - 470642db-8038-41e5-a5f3-81d987be2f99@group-1D9C35B47DFD: change Leader from null to 45e724c1-f4a6-4405-a7cb-dfa9f2e55867 at term 1 for appendEntries, leader elected after 4450ms
2023-06-22 21:35:19,147 [84a824f3-7f5d-4f33-8f93-63e849b7c227-server-thread1] INFO  ratis.XceiverServerRatis (XceiverServerRatis.java:handleLeaderChangedNotification(902)) - Leader change notification received for group: group-1D9C35B47DFD with new leaderId: 45e724c1-f4a6-4405-a7cb-dfa9f2e55867
2023-06-22 21:35:19,154 [84a824f3-7f5d-4f33-8f93-63e849b7c227-server-thread1] INFO  server.RaftServer$Division (ServerState.java:setLeader(317)) - 84a824f3-7f5d-4f33-8f93-63e849b7c227@group-1D9C35B47DFD: change Leader from null to 45e724c1-f4a6-4405-a7cb-dfa9f2e55867 at term 1 for appendEntries, leader elected after 4485ms
2023-06-22 21:35:19,165 [84a824f3-7f5d-4f33-8f93-63e849b7c227-server-thread2] INFO  server.RaftServer$Division (ServerState.java:setRaftConf(434)) - 84a824f3-7f5d-4f33-8f93-63e849b7c227@group-1D9C35B47DFD: set configuration 0: peers:[84a824f3-7f5d-4f33-8f93-63e849b7c227|rpc:10.1.1.69:15023|admin:10.1.1.69:15022|client:10.1.1.69:15021|dataStream:10.1.1.69:15024|priority:0|startupRole:FOLLOWER, 470642db-8038-41e5-a5f3-81d987be2f99|rpc:10.1.1.69:15032|admin:10.1.1.69:15031|client:10.1.1.69:15030|dataStream:10.1.1.69:15033|priority:0|startupRole:FOLLOWER, 45e724c1-f4a6-4405-a7cb-dfa9f2e55867|rpc:10.1.1.69:15014|admin:10.1.1.69:15013|client:10.1.1.69:15012|dataStream:10.1.1.69:15015|priority:1|startupRole:FOLLOWER]|listeners:[], old=null
2023-06-22 21:35:19,165 [84a824f3-7f5d-4f33-8f93-63e849b7c227-server-thread2] INFO  segmented.SegmentedRaftLogWorker (SegmentedRaftLogWorker.java:startLogSegment(447)) - 84a824f3-7f5d-4f33-8f93-63e849b7c227@group-1D9C35B47DFD-SegmentedRaftLogWorker: Starting segment from index:0
2023-06-22 21:35:19,166 [470642db-8038-41e5-a5f3-81d987be2f99-server-thread3] INFO  server.RaftServer$Division (ServerState.java:setRaftConf(434)) - 470642db-8038-41e5-a5f3-81d987be2f99@group-1D9C35B47DFD: set configuration 0: peers:[84a824f3-7f5d-4f33-8f93-63e849b7c227|rpc:10.1.1.69:15023|admin:10.1.1.69:15022|client:10.1.1.69:15021|dataStream:10.1.1.69:15024|priority:0|startupRole:FOLLOWER, 470642db-8038-41e5-a5f3-81d987be2f99|rpc:10.1.1.69:15032|admin:10.1.1.69:15031|client:10.1.1.69:15030|dataStream:10.1.1.69:15033|priority:0|startupRole:FOLLOWER, 45e724c1-f4a6-4405-a7cb-dfa9f2e55867|rpc:10.1.1.69:15014|admin:10.1.1.69:15013|client:10.1.1.69:15012|dataStream:10.1.1.69:15015|priority:1|startupRole:FOLLOWER]|listeners:[], old=null
2023-06-22 21:35:19,167 [470642db-8038-41e5-a5f3-81d987be2f99-server-thread3] INFO  segmented.SegmentedRaftLogWorker (SegmentedRaftLogWorker.java:startLogSegment(447)) - 470642db-8038-41e5-a5f3-81d987be2f99@group-1D9C35B47DFD-SegmentedRaftLogWorker: Starting segment from index:0
2023-06-22 21:35:19,168 [470642db-8038-41e5-a5f3-81d987be2f99@group-1D9C35B47DFD-SegmentedRaftLogWorker] INFO  segmented.SegmentedRaftLogWorker (SegmentedRaftLogWorker.java:execute(651)) - 470642db-8038-41e5-a5f3-81d987be2f99@group-1D9C35B47DFD-SegmentedRaftLogWorker: created new log segment /home/runner/work/ozone/ozone/hadoop-ozone/integration-test/target/test-dir/MiniOzoneClusterImpl-00f3567e-e140-4cd7-bd5a-f6438c2bd6c1/datanode-2/data/ratis/7edd585c-dcb0-4340-be99-1d9c35b47dfd/current/log_inprogress_0
2023-06-22 21:35:19,182 [84a824f3-7f5d-4f33-8f93-63e849b7c227@group-1D9C35B47DFD-SegmentedRaftLogWorker] INFO  segmented.SegmentedRaftLogWorker (SegmentedRaftLogWorker.java:execute(651)) - 84a824f3-7f5d-4f33-8f93-63e849b7c227@group-1D9C35B47DFD-SegmentedRaftLogWorker: created new log segment /home/runner/work/ozone/ozone/hadoop-ozone/integration-test/target/test-dir/MiniOzoneClusterImpl-00f3567e-e140-4cd7-bd5a-f6438c2bd6c1/datanode-1/data/ratis/7edd585c-dcb0-4340-be99-1d9c35b47dfd/current/log_inprogress_0
2023-06-22 21:35:19,634 [main] INFO  ozone.MiniOzoneClusterImpl (MiniOzoneClusterImpl.java:lambda$waitForClusterToBeReady$0(224)) - Nodes are ready. Got 5 of 5 DN Heartbeats.
2023-06-22 21:35:19,635 [main] INFO  ozone.MiniOzoneClusterImpl (MiniOzoneClusterImpl.java:lambda$waitForClusterToBeReady$0(227)) - Cluster exits safe mode
2023-06-22 21:35:19,635 [main] INFO  ozone.MiniOzoneClusterImpl (MiniOzoneClusterImpl.java:lambda$waitForClusterToBeReady$0(229)) - SCM became leader
2023-06-22 21:35:19,697 [84a824f3-7f5d-4f33-8f93-63e849b7c227@group-FF2192B43C5E-FollowerState] INFO  impl.FollowerState (FollowerState.java:run(143)) - 84a824f3-7f5d-4f33-8f93-63e849b7c227@group-FF2192B43C5E-FollowerState: change to CANDIDATE, lastRpcElapsedTime:5068398091ns, electionTimeout:5055ms
2023-06-22 21:35:19,697 [84a824f3-7f5d-4f33-8f93-63e849b7c227@group-FF2192B43C5E-FollowerState] INFO  impl.RoleInfo (RoleInfo.java:shutdownFollowerState(110)) - 84a824f3-7f5d-4f33-8f93-63e849b7c227: shutdown 84a824f3-7f5d-4f33-8f93-63e849b7c227@group-FF2192B43C5E-FollowerState
2023-06-22 21:35:19,698 [84a824f3-7f5d-4f33-8f93-63e849b7c227@group-FF2192B43C5E-FollowerState] INFO  server.RaftServer$Division (RaftServerImpl.java:setRole(329)) - 84a824f3-7f5d-4f33-8f93-63e849b7c227@group-FF2192B43C5E: changes role from  FOLLOWER to CANDIDATE at term 0 for changeToCandidate
2023-06-22 21:35:19,699 [84a824f3-7f5d-4f33-8f93-63e849b7c227@group-FF2192B43C5E-FollowerState] INFO  server.RaftServerConfigKeys (ConfUtils.java:logGet(46)) - raft.server.leaderelection.pre-vote = true (default)
2023-06-22 21:35:19,699 [84a824f3-7f5d-4f33-8f93-63e849b7c227@group-FF2192B43C5E-FollowerState] INFO  impl.RoleInfo (RoleInfo.java:updateAndGet(139)) - 84a824f3-7f5d-4f33-8f93-63e849b7c227: start 84a824f3-7f5d-4f33-8f93-63e849b7c227@group-FF2192B43C5E-LeaderElection4
2023-06-22 21:35:19,708 [84a824f3-7f5d-4f33-8f93-63e849b7c227@group-FF2192B43C5E-LeaderElection4] INFO  impl.LeaderElection (LeaderElection.java:askForVotes(321)) - 84a824f3-7f5d-4f33-8f93-63e849b7c227@group-FF2192B43C5E-LeaderElection4 PRE_VOTE round 0: submit vote requests at term 0 for -1: peers:[84a824f3-7f5d-4f33-8f93-63e849b7c227|rpc:10.1.1.69:15023|admin:10.1.1.69:15022|client:10.1.1.69:15021|dataStream:10.1.1.69:15024|priority:1|startupRole:FOLLOWER]|listeners:[], old=null
2023-06-22 21:35:19,708 [84a824f3-7f5d-4f33-8f93-63e849b7c227@group-FF2192B43C5E-LeaderElection4] INFO  impl.LeaderElection (LeaderElection.java:askForVotes(323)) - 84a824f3-7f5d-4f33-8f93-63e849b7c227@group-FF2192B43C5E-LeaderElection4 PRE_VOTE round 0: result PASSED (term=0)
2023-06-22 21:35:19,714 [84a824f3-7f5d-4f33-8f93-63e849b7c227@group-FF2192B43C5E-LeaderElection4] INFO  impl.LeaderElection (LeaderElection.java:askForVotes(321)) - 84a824f3-7f5d-4f33-8f93-63e849b7c227@group-FF2192B43C5E-LeaderElection4 ELECTION round 0: submit vote requests at term 1 for -1: peers:[84a824f3-7f5d-4f33-8f93-63e849b7c227|rpc:10.1.1.69:15023|admin:10.1.1.69:15022|client:10.1.1.69:15021|dataStream:10.1.1.69:15024|priority:1|startupRole:FOLLOWER]|listeners:[], old=null
2023-06-22 21:35:19,714 [84a824f3-7f5d-4f33-8f93-63e849b7c227@group-FF2192B43C5E-LeaderElection4] INFO  impl.LeaderElection (LeaderElection.java:askForVotes(323)) - 84a824f3-7f5d-4f33-8f93-63e849b7c227@group-FF2192B43C5E-LeaderElection4 ELECTION round 0: result PASSED (term=1)
2023-06-22 21:35:19,714 [84a824f3-7f5d-4f33-8f93-63e849b7c227@group-FF2192B43C5E-LeaderElection4] INFO  impl.RoleInfo (RoleInfo.java:shutdownLeaderElection(130)) - 84a824f3-7f5d-4f33-8f93-63e849b7c227: shutdown 84a824f3-7f5d-4f33-8f93-63e849b7c227@group-FF2192B43C5E-LeaderElection4
2023-06-22 21:35:19,714 [84a824f3-7f5d-4f33-8f93-63e849b7c227@group-FF2192B43C5E-LeaderElection4] INFO  server.RaftServer$Division (RaftServerImpl.java:setRole(329)) - 84a824f3-7f5d-4f33-8f93-63e849b7c227@group-FF2192B43C5E: changes role from CANDIDATE to LEADER at term 1 for changeToLeader
2023-06-22 21:35:19,714 [84a824f3-7f5d-4f33-8f93-63e849b7c227@group-FF2192B43C5E-LeaderElection4] INFO  ratis.XceiverServerRatis (XceiverServerRatis.java:handleLeaderChangedNotification(902)) - Leader change notification received for group: group-FF2192B43C5E with new leaderId: 84a824f3-7f5d-4f33-8f93-63e849b7c227
2023-06-22 21:35:19,715 [84a824f3-7f5d-4f33-8f93-63e849b7c227@group-FF2192B43C5E-LeaderElection4] INFO  server.RaftServer$Division (ServerState.java:setLeader(317)) - 84a824f3-7f5d-4f33-8f93-63e849b7c227@group-FF2192B43C5E: change Leader from null to 84a824f3-7f5d-4f33-8f93-63e849b7c227 at term 1 for becomeLeader, leader elected after 5444ms
2023-06-22 21:35:19,715 [84a824f3-7f5d-4f33-8f93-63e849b7c227@group-FF2192B43C5E-LeaderElection4] INFO  server.RaftServerConfigKeys (ConfUtils.java:logGet(46)) - raft.server.staging.catchup.gap = 1000 (default)
2023-06-22 21:35:19,716 [84a824f3-7f5d-4f33-8f93-63e849b7c227@group-FF2192B43C5E-LeaderElection4] INFO  server.RaftServerConfigKeys (ConfUtils.java:logGet(46)) - raft.server.write.element-limit = 1024 (custom)
2023-06-22 21:35:19,716 [84a824f3-7f5d-4f33-8f93-63e849b7c227@group-FF2192B43C5E-LeaderElection4] INFO  server.RaftServerConfigKeys (ConfUtils.java:logGet(46)) - raft.server.write.byte-limit = 1024 M (=1073741824) (custom)
2023-06-22 21:35:19,716 [84a824f3-7f5d-4f33-8f93-63e849b7c227@group-FF2192B43C5E-LeaderElection4] INFO  server.RaftServerConfigKeys (ConfUtils.java:logGet(46)) - raft.server.watch.timeout = 180s (custom)
2023-06-22 21:35:19,716 [84a824f3-7f5d-4f33-8f93-63e849b7c227@group-FF2192B43C5E-LeaderElection4] INFO  server.RaftServerConfigKeys (ConfUtils.java:logGet(46)) - raft.server.watch.timeout.denomination = 1s (default)
2023-06-22 21:35:19,716 [84a824f3-7f5d-4f33-8f93-63e849b7c227@group-FF2192B43C5E-LeaderElection4] INFO  server.RaftServerConfigKeys (ConfUtils.java:logGet(46)) - raft.server.watch.element-limit = 65536 (default)
2023-06-22 21:35:19,716 [84a824f3-7f5d-4f33-8f93-63e849b7c227@group-FF2192B43C5E-LeaderElection4] INFO  server.RaftServerConfigKeys (ConfUtils.java:logGet(46)) - raft.server.write.element-limit = 1024 (custom)
2023-06-22 21:35:19,716 [84a824f3-7f5d-4f33-8f93-63e849b7c227@group-FF2192B43C5E-LeaderElection4] INFO  server.RaftServerConfigKeys (ConfUtils.java:logGet(46)) - raft.server.write.follower.gap.ratio.max = -1.0 (default)
2023-06-22 21:35:19,716 [84a824f3-7f5d-4f33-8f93-63e849b7c227@group-FF2192B43C5E-LeaderElection4] INFO  impl.RoleInfo (RoleInfo.java:updateAndGet(139)) - 84a824f3-7f5d-4f33-8f93-63e849b7c227: start 84a824f3-7f5d-4f33-8f93-63e849b7c227@group-FF2192B43C5E-LeaderStateImpl
2023-06-22 21:35:19,720 [84a824f3-7f5d-4f33-8f93-63e849b7c227@group-FF2192B43C5E-LeaderElection4] INFO  segmented.SegmentedRaftLogWorker (SegmentedRaftLogWorker.java:startLogSegment(447)) - 84a824f3-7f5d-4f33-8f93-63e849b7c227@group-FF2192B43C5E-SegmentedRaftLogWorker: Starting segment from index:0
2023-06-22 21:35:19,721 [84a824f3-7f5d-4f33-8f93-63e849b7c227@group-FF2192B43C5E-SegmentedRaftLogWorker] INFO  segmented.SegmentedRaftLogWorker (SegmentedRaftLogWorker.java:execute(651)) - 84a824f3-7f5d-4f33-8f93-63e849b7c227@group-FF2192B43C5E-SegmentedRaftLogWorker: created new log segment /home/runner/work/ozone/ozone/hadoop-ozone/integration-test/target/test-dir/MiniOzoneClusterImpl-00f3567e-e140-4cd7-bd5a-f6438c2bd6c1/datanode-1/data/ratis/0cfc2953-45a1-4cfe-b0a1-ff2192b43c5e/current/log_inprogress_0
2023-06-22 21:35:19,726 [84a824f3-7f5d-4f33-8f93-63e849b7c227@group-FF2192B43C5E-LeaderElection4] INFO  server.RaftServer$Division (ServerState.java:setRaftConf(434)) - 84a824f3-7f5d-4f33-8f93-63e849b7c227@group-FF2192B43C5E: set configuration 0: peers:[84a824f3-7f5d-4f33-8f93-63e849b7c227|rpc:10.1.1.69:15023|admin:10.1.1.69:15022|client:10.1.1.69:15021|dataStream:10.1.1.69:15024|priority:1|startupRole:FOLLOWER]|listeners:[], old=null
2023-06-22 21:35:19,931 [470642db-8038-41e5-a5f3-81d987be2f99@group-A70F0797E8D8-FollowerState] INFO  impl.FollowerState (FollowerState.java:run(143)) - 470642db-8038-41e5-a5f3-81d987be2f99@group-A70F0797E8D8-FollowerState: change to CANDIDATE, lastRpcElapsedTime:5185053994ns, electionTimeout:5173ms
2023-06-22 21:35:19,931 [470642db-8038-41e5-a5f3-81d987be2f99@group-A70F0797E8D8-FollowerState] INFO  impl.RoleInfo (RoleInfo.java:shutdownFollowerState(110)) - 470642db-8038-41e5-a5f3-81d987be2f99: shutdown 470642db-8038-41e5-a5f3-81d987be2f99@group-A70F0797E8D8-FollowerState
2023-06-22 21:35:19,931 [470642db-8038-41e5-a5f3-81d987be2f99@group-A70F0797E8D8-FollowerState] INFO  server.RaftServer$Division (RaftServerImpl.java:setRole(329)) - 470642db-8038-41e5-a5f3-81d987be2f99@group-A70F0797E8D8: changes role from  FOLLOWER to CANDIDATE at term 0 for changeToCandidate
2023-06-22 21:35:19,932 [470642db-8038-41e5-a5f3-81d987be2f99@group-A70F0797E8D8-FollowerState] INFO  server.RaftServerConfigKeys (ConfUtils.java:logGet(46)) - raft.server.leaderelection.pre-vote = true (default)
2023-06-22 21:35:19,933 [470642db-8038-41e5-a5f3-81d987be2f99@group-A70F0797E8D8-FollowerState] INFO  impl.RoleInfo (RoleInfo.java:updateAndGet(139)) - 470642db-8038-41e5-a5f3-81d987be2f99: start 470642db-8038-41e5-a5f3-81d987be2f99@group-A70F0797E8D8-LeaderElection5
2023-06-22 21:35:19,943 [470642db-8038-41e5-a5f3-81d987be2f99@group-A70F0797E8D8-LeaderElection5] INFO  impl.LeaderElection (LeaderElection.java:askForVotes(321)) - 470642db-8038-41e5-a5f3-81d987be2f99@group-A70F0797E8D8-LeaderElection5 PRE_VOTE round 0: submit vote requests at term 0 for -1: peers:[470642db-8038-41e5-a5f3-81d987be2f99|rpc:10.1.1.69:15032|admin:10.1.1.69:15031|client:10.1.1.69:15030|dataStream:10.1.1.69:15033|priority:1|startupRole:FOLLOWER]|listeners:[], old=null
2023-06-22 21:35:19,943 [470642db-8038-41e5-a5f3-81d987be2f99@group-A70F0797E8D8-LeaderElection5] INFO  impl.LeaderElection (LeaderElection.java:askForVotes(323)) - 470642db-8038-41e5-a5f3-81d987be2f99@group-A70F0797E8D8-LeaderElection5 PRE_VOTE round 0: result PASSED (term=0)
2023-06-22 21:35:19,946 [470642db-8038-41e5-a5f3-81d987be2f99@group-A70F0797E8D8-LeaderElection5] INFO  impl.LeaderElection (LeaderElection.java:askForVotes(321)) - 470642db-8038-41e5-a5f3-81d987be2f99@group-A70F0797E8D8-LeaderElection5 ELECTION round 0: submit vote requests at term 1 for -1: peers:[470642db-8038-41e5-a5f3-81d987be2f99|rpc:10.1.1.69:15032|admin:10.1.1.69:15031|client:10.1.1.69:15030|dataStream:10.1.1.69:15033|priority:1|startupRole:FOLLOWER]|listeners:[], old=null
2023-06-22 21:35:19,947 [470642db-8038-41e5-a5f3-81d987be2f99@group-A70F0797E8D8-LeaderElection5] INFO  impl.LeaderElection (LeaderElection.java:askForVotes(323)) - 470642db-8038-41e5-a5f3-81d987be2f99@group-A70F0797E8D8-LeaderElection5 ELECTION round 0: result PASSED (term=1)
2023-06-22 21:35:19,947 [470642db-8038-41e5-a5f3-81d987be2f99@group-A70F0797E8D8-LeaderElection5] INFO  impl.RoleInfo (RoleInfo.java:shutdownLeaderElection(130)) - 470642db-8038-41e5-a5f3-81d987be2f99: shutdown 470642db-8038-41e5-a5f3-81d987be2f99@group-A70F0797E8D8-LeaderElection5
2023-06-22 21:35:19,947 [470642db-8038-41e5-a5f3-81d987be2f99@group-A70F0797E8D8-LeaderElection5] INFO  server.RaftServer$Division (RaftServerImpl.java:setRole(329)) - 470642db-8038-41e5-a5f3-81d987be2f99@group-A70F0797E8D8: changes role from CANDIDATE to LEADER at term 1 for changeToLeader
2023-06-22 21:35:19,947 [470642db-8038-41e5-a5f3-81d987be2f99@group-A70F0797E8D8-LeaderElection5] INFO  ratis.XceiverServerRatis (XceiverServerRatis.java:handleLeaderChangedNotification(902)) - Leader change notification received for group: group-A70F0797E8D8 with new leaderId: 470642db-8038-41e5-a5f3-81d987be2f99
2023-06-22 21:35:19,947 [470642db-8038-41e5-a5f3-81d987be2f99@group-A70F0797E8D8-LeaderElection5] INFO  server.RaftServer$Division (ServerState.java:setLeader(317)) - 470642db-8038-41e5-a5f3-81d987be2f99@group-A70F0797E8D8: change Leader from null to 470642db-8038-41e5-a5f3-81d987be2f99 at term 1 for becomeLeader, leader elected after 5295ms
2023-06-22 21:35:19,947 [470642db-8038-41e5-a5f3-81d987be2f99@group-A70F0797E8D8-LeaderElection5] INFO  server.RaftServerConfigKeys (ConfUtils.java:logGet(46)) - raft.server.staging.catchup.gap = 1000 (default)
2023-06-22 21:35:19,948 [470642db-8038-41e5-a5f3-81d987be2f99@group-A70F0797E8D8-LeaderElection5] INFO  server.RaftServerConfigKeys (ConfUtils.java:logGet(46)) - raft.server.write.element-limit = 1024 (custom)
2023-06-22 21:35:19,948 [470642db-8038-41e5-a5f3-81d987be2f99@group-A70F0797E8D8-LeaderElection5] INFO  server.RaftServerConfigKeys (ConfUtils.java:logGet(46)) - raft.server.write.byte-limit = 1024 M (=1073741824) (custom)
2023-06-22 21:35:19,948 [470642db-8038-41e5-a5f3-81d987be2f99@group-A70F0797E8D8-LeaderElection5] INFO  server.RaftServerConfigKeys (ConfUtils.java:logGet(46)) - raft.server.watch.timeout = 180s (custom)
2023-06-22 21:35:19,950 [470642db-8038-41e5-a5f3-81d987be2f99@group-A70F0797E8D8-LeaderElection5] INFO  server.RaftServerConfigKeys (ConfUtils.java:logGet(46)) - raft.server.watch.timeout.denomination = 1s (default)
2023-06-22 21:35:19,950 [470642db-8038-41e5-a5f3-81d987be2f99@group-A70F0797E8D8-LeaderElection5] INFO  server.RaftServerConfigKeys (ConfUtils.java:logGet(46)) - raft.server.watch.element-limit = 65536 (default)
2023-06-22 21:35:19,950 [470642db-8038-41e5-a5f3-81d987be2f99@group-A70F0797E8D8-LeaderElection5] INFO  server.RaftServerConfigKeys (ConfUtils.java:logGet(46)) - raft.server.write.element-limit = 1024 (custom)
2023-06-22 21:35:19,950 [470642db-8038-41e5-a5f3-81d987be2f99@group-A70F0797E8D8-LeaderElection5] INFO  server.RaftServerConfigKeys (ConfUtils.java:logGet(46)) - raft.server.write.follower.gap.ratio.max = -1.0 (default)
2023-06-22 21:35:19,950 [470642db-8038-41e5-a5f3-81d987be2f99@group-A70F0797E8D8-LeaderElection5] INFO  impl.RoleInfo (RoleInfo.java:updateAndGet(139)) - 470642db-8038-41e5-a5f3-81d987be2f99: start 470642db-8038-41e5-a5f3-81d987be2f99@group-A70F0797E8D8-LeaderStateImpl
2023-06-22 21:35:19,950 [470642db-8038-41e5-a5f3-81d987be2f99@group-A70F0797E8D8-LeaderElection5] INFO  segmented.SegmentedRaftLogWorker (SegmentedRaftLogWorker.java:startLogSegment(447)) - 470642db-8038-41e5-a5f3-81d987be2f99@group-A70F0797E8D8-SegmentedRaftLogWorker: Starting segment from index:0
2023-06-22 21:35:19,952 [470642db-8038-41e5-a5f3-81d987be2f99@group-A70F0797E8D8-LeaderElection5] INFO  server.RaftServer$Division (ServerState.java:setRaftConf(434)) - 470642db-8038-41e5-a5f3-81d987be2f99@group-A70F0797E8D8: set configuration 0: peers:[470642db-8038-41e5-a5f3-81d987be2f99|rpc:10.1.1.69:15032|admin:10.1.1.69:15031|client:10.1.1.69:15030|dataStream:10.1.1.69:15033|priority:1|startupRole:FOLLOWER]|listeners:[], old=null
2023-06-22 21:35:19,952 [470642db-8038-41e5-a5f3-81d987be2f99@group-A70F0797E8D8-SegmentedRaftLogWorker] INFO  segmented.SegmentedRaftLogWorker (SegmentedRaftLogWorker.java:execute(651)) - 470642db-8038-41e5-a5f3-81d987be2f99@group-A70F0797E8D8-SegmentedRaftLogWorker: created new log segment /home/runner/work/ozone/ozone/hadoop-ozone/integration-test/target/test-dir/MiniOzoneClusterImpl-00f3567e-e140-4cd7-bd5a-f6438c2bd6c1/datanode-2/data/ratis/d41ad71e-5df2-4edc-b6f0-a70f0797e8d8/current/log_inprogress_0
2023-06-22 21:35:20,003 [470642db-8038-41e5-a5f3-81d987be2f99@group-09A22F1DE51A-FollowerState] INFO  impl.FollowerState (FollowerState.java:run(143)) - 470642db-8038-41e5-a5f3-81d987be2f99@group-09A22F1DE51A-FollowerState: change to CANDIDATE, lastRpcElapsedTime:5147978409ns, electionTimeout:5129ms
2023-06-22 21:35:20,003 [470642db-8038-41e5-a5f3-81d987be2f99@group-09A22F1DE51A-FollowerState] INFO  impl.RoleInfo (RoleInfo.java:shutdownFollowerState(110)) - 470642db-8038-41e5-a5f3-81d987be2f99: shutdown 470642db-8038-41e5-a5f3-81d987be2f99@group-09A22F1DE51A-FollowerState
2023-06-22 21:35:20,003 [470642db-8038-41e5-a5f3-81d987be2f99@group-09A22F1DE51A-FollowerState] INFO  server.RaftServer$Division (RaftServerImpl.java:setRole(329)) - 470642db-8038-41e5-a5f3-81d987be2f99@group-09A22F1DE51A: changes role from  FOLLOWER to CANDIDATE at term 0 for changeToCandidate
2023-06-22 21:35:20,011 [470642db-8038-41e5-a5f3-81d987be2f99@group-09A22F1DE51A-FollowerState] INFO  server.RaftServerConfigKeys (ConfUtils.java:logGet(46)) - raft.server.leaderelection.pre-vote = true (default)
2023-06-22 21:35:20,011 [470642db-8038-41e5-a5f3-81d987be2f99@group-09A22F1DE51A-FollowerState] INFO  impl.RoleInfo (RoleInfo.java:updateAndGet(139)) - 470642db-8038-41e5-a5f3-81d987be2f99: start 470642db-8038-41e5-a5f3-81d987be2f99@group-09A22F1DE51A-LeaderElection6
2023-06-22 21:35:20,015 [470642db-8038-41e5-a5f3-81d987be2f99@group-09A22F1DE51A-LeaderElection6] INFO  impl.LeaderElection (LeaderElection.java:askForVotes(321)) - 470642db-8038-41e5-a5f3-81d987be2f99@group-09A22F1DE51A-LeaderElection6 PRE_VOTE round 0: submit vote requests at term 0 for -1: peers:[84a824f3-7f5d-4f33-8f93-63e849b7c227|rpc:10.1.1.69:15023|admin:10.1.1.69:15022|client:10.1.1.69:15021|dataStream:10.1.1.69:15024|priority:0|startupRole:FOLLOWER, 45e724c1-f4a6-4405-a7cb-dfa9f2e55867|rpc:10.1.1.69:15014|admin:10.1.1.69:15013|client:10.1.1.69:15012|dataStream:10.1.1.69:15015|priority:0|startupRole:FOLLOWER, 470642db-8038-41e5-a5f3-81d987be2f99|rpc:10.1.1.69:15032|admin:10.1.1.69:15031|client:10.1.1.69:15030|dataStream:10.1.1.69:15033|priority:1|startupRole:FOLLOWER]|listeners:[], old=null
2023-06-22 21:35:20,016 [470642db-8038-41e5-a5f3-81d987be2f99@group-09A22F1DE51A-LeaderElection6-1] INFO  server.GrpcServerProtocolClient (GrpcServerProtocolClient.java:<init>(65)) - Build channel for 84a824f3-7f5d-4f33-8f93-63e849b7c227
2023-06-22 21:35:20,022 [470642db-8038-41e5-a5f3-81d987be2f99@group-09A22F1DE51A-LeaderElection6] INFO  server.RaftServerConfigKeys (ConfUtils.java:logFallback(53)) - raft.server.rpc.first-election.timeout.min = 5s (fallback to raft.server.rpc.timeout.min)
2023-06-22 21:35:20,027 [470642db-8038-41e5-a5f3-81d987be2f99@group-09A22F1DE51A-LeaderElection6] INFO  server.RaftServerConfigKeys (ConfUtils.java:logFallback(53)) - raft.server.rpc.first-election.timeout.max = 5200ms (fallback to raft.server.rpc.timeout.max)
2023-06-22 21:35:20,033 [470642db-8038-41e5-a5f3-81d987be2f99@group-09A22F1DE51A-LeaderElection6-2] INFO  server.GrpcServerProtocolClient (GrpcServerProtocolClient.java:<init>(65)) - Build channel for 45e724c1-f4a6-4405-a7cb-dfa9f2e55867
2023-06-22 21:35:20,038 [grpc-default-executor-3] INFO  server.RaftServer$Division (RaftServerImpl.java:requestVote(1302)) - 84a824f3-7f5d-4f33-8f93-63e849b7c227@group-09A22F1DE51A: receive requestVote(PRE_VOTE, 470642db-8038-41e5-a5f3-81d987be2f99, group-09A22F1DE51A, 0, (t:0, i:0))
2023-06-22 21:35:20,039 [grpc-default-executor-3] INFO  impl.VoteContext (VoteContext.java:log(49)) - 84a824f3-7f5d-4f33-8f93-63e849b7c227@group-09A22F1DE51A-FOLLOWER: accept PRE_VOTE from 470642db-8038-41e5-a5f3-81d987be2f99: our priority 0 <= candidate's priority 1
2023-06-22 21:35:20,039 [grpc-default-executor-3] INFO  server.RaftServer$Division (RaftServerImpl.java:requestVote(1335)) - 84a824f3-7f5d-4f33-8f93-63e849b7c227@group-09A22F1DE51A replies to PRE_VOTE vote request: 470642db-8038-41e5-a5f3-81d987be2f99<-84a824f3-7f5d-4f33-8f93-63e849b7c227#0:OK-t0. Peer's state: 84a824f3-7f5d-4f33-8f93-63e849b7c227@group-09A22F1DE51A:t0, leader=null, voted=, raftlog=Memoized:84a824f3-7f5d-4f33-8f93-63e849b7c227@group-09A22F1DE51A-SegmentedRaftLog:OPENED:c-1, conf=-1: peers:[84a824f3-7f5d-4f33-8f93-63e849b7c227|rpc:10.1.1.69:15023|admin:10.1.1.69:15022|client:10.1.1.69:15021|dataStream:10.1.1.69:15024|priority:0|startupRole:FOLLOWER, 45e724c1-f4a6-4405-a7cb-dfa9f2e55867|rpc:10.1.1.69:15014|admin:10.1.1.69:15013|client:10.1.1.69:15012|dataStream:10.1.1.69:15015|priority:0|startupRole:FOLLOWER, 470642db-8038-41e5-a5f3-81d987be2f99|rpc:10.1.1.69:15032|admin:10.1.1.69:15031|client:10.1.1.69:15030|dataStream:10.1.1.69:15033|priority:1|startupRole:FOLLOWER]|listeners:[], old=null
2023-06-22 21:35:20,042 [470642db-8038-41e5-a5f3-81d987be2f99@group-09A22F1DE51A-LeaderElection6] INFO  impl.LeaderElection (LeaderElection.java:logAndReturn(90)) - 470642db-8038-41e5-a5f3-81d987be2f99@group-09A22F1DE51A-LeaderElection6: PRE_VOTE PASSED received 1 response(s) and 0 exception(s):
2023-06-22 21:35:20,042 [470642db-8038-41e5-a5f3-81d987be2f99@group-09A22F1DE51A-LeaderElection6] INFO  impl.LeaderElection (LeaderElection.java:logAndReturn(94)) -   Response 0: 470642db-8038-41e5-a5f3-81d987be2f99<-84a824f3-7f5d-4f33-8f93-63e849b7c227#0:OK-t0
2023-06-22 21:35:20,042 [470642db-8038-41e5-a5f3-81d987be2f99@group-09A22F1DE51A-LeaderElection6] INFO  impl.LeaderElection (LeaderElection.java:askForVotes(323)) - 470642db-8038-41e5-a5f3-81d987be2f99@group-09A22F1DE51A-LeaderElection6 PRE_VOTE round 0: result PASSED
2023-06-22 21:35:20,044 [470642db-8038-41e5-a5f3-81d987be2f99@group-09A22F1DE51A-LeaderElection6] INFO  impl.LeaderElection (LeaderElection.java:askForVotes(321)) - 470642db-8038-41e5-a5f3-81d987be2f99@group-09A22F1DE51A-LeaderElection6 ELECTION round 0: submit vote requests at term 1 for -1: peers:[84a824f3-7f5d-4f33-8f93-63e849b7c227|rpc:10.1.1.69:15023|admin:10.1.1.69:15022|client:10.1.1.69:15021|dataStream:10.1.1.69:15024|priority:0|startupRole:FOLLOWER, 45e724c1-f4a6-4405-a7cb-dfa9f2e55867|rpc:10.1.1.69:15014|admin:10.1.1.69:15013|client:10.1.1.69:15012|dataStream:10.1.1.69:15015|priority:0|startupRole:FOLLOWER, 470642db-8038-41e5-a5f3-81d987be2f99|rpc:10.1.1.69:15032|admin:10.1.1.69:15031|client:10.1.1.69:15030|dataStream:10.1.1.69:15033|priority:1|startupRole:FOLLOWER]|listeners:[], old=null
2023-06-22 21:35:20,049 [470642db-8038-41e5-a5f3-81d987be2f99@group-09A22F1DE51A-LeaderElection6] INFO  server.RaftServerConfigKeys (ConfUtils.java:logFallback(53)) - raft.server.rpc.first-election.timeout.min = 5s (fallback to raft.server.rpc.timeout.min)
2023-06-22 21:35:20,049 [470642db-8038-41e5-a5f3-81d987be2f99@group-09A22F1DE51A-LeaderElection6] INFO  server.RaftServerConfigKeys (ConfUtils.java:logFallback(53)) - raft.server.rpc.first-election.timeout.max = 5200ms (fallback to raft.server.rpc.timeout.max)
2023-06-22 21:35:20,057 [grpc-default-executor-3] INFO  server.RaftServer$Division (RaftServerImpl.java:requestVote(1302)) - 84a824f3-7f5d-4f33-8f93-63e849b7c227@group-09A22F1DE51A: receive requestVote(ELECTION, 470642db-8038-41e5-a5f3-81d987be2f99, group-09A22F1DE51A, 1, (t:0, i:0))
2023-06-22 21:35:20,061 [grpc-default-executor-3] INFO  impl.VoteContext (VoteContext.java:log(49)) - 84a824f3-7f5d-4f33-8f93-63e849b7c227@group-09A22F1DE51A-FOLLOWER: accept ELECTION from 470642db-8038-41e5-a5f3-81d987be2f99: our priority 0 <= candidate's priority 1
2023-06-22 21:35:20,061 [grpc-default-executor-3] INFO  server.RaftServer$Division (RaftServerImpl.java:setRole(329)) - 84a824f3-7f5d-4f33-8f93-63e849b7c227@group-09A22F1DE51A: changes role from  FOLLOWER to FOLLOWER at term 1 for candidate:470642db-8038-41e5-a5f3-81d987be2f99
2023-06-22 21:35:20,061 [grpc-default-executor-3] INFO  impl.RoleInfo (RoleInfo.java:shutdownFollowerState(110)) - 84a824f3-7f5d-4f33-8f93-63e849b7c227: shutdown 84a824f3-7f5d-4f33-8f93-63e849b7c227@group-09A22F1DE51A-FollowerState
2023-06-22 21:35:20,061 [84a824f3-7f5d-4f33-8f93-63e849b7c227@group-09A22F1DE51A-FollowerState] INFO  impl.FollowerState (FollowerState.java:run(152)) - 84a824f3-7f5d-4f33-8f93-63e849b7c227@group-09A22F1DE51A-FollowerState was interrupted
2023-06-22 21:35:20,059 [grpc-default-executor-0] INFO  server.RaftServer$Division (RaftServerImpl.java:requestVote(1302)) - 45e724c1-f4a6-4405-a7cb-dfa9f2e55867@group-09A22F1DE51A: receive requestVote(ELECTION, 470642db-8038-41e5-a5f3-81d987be2f99, group-09A22F1DE51A, 1, (t:0, i:0))
2023-06-22 21:35:20,061 [grpc-default-executor-0] INFO  impl.VoteContext (VoteContext.java:log(49)) - 45e724c1-f4a6-4405-a7cb-dfa9f2e55867@group-09A22F1DE51A-FOLLOWER: accept ELECTION from 470642db-8038-41e5-a5f3-81d987be2f99: our priority 0 <= candidate's priority 1
2023-06-22 21:35:20,062 [grpc-default-executor-0] INFO  server.RaftServer$Division (RaftServerImpl.java:setRole(329)) - 45e724c1-f4a6-4405-a7cb-dfa9f2e55867@group-09A22F1DE51A: changes role from  FOLLOWER to FOLLOWER at term 1 for candidate:470642db-8038-41e5-a5f3-81d987be2f99
2023-06-22 21:35:20,062 [grpc-default-executor-0] INFO  impl.RoleInfo (RoleInfo.java:shutdownFollowerState(110)) - 45e724c1-f4a6-4405-a7cb-dfa9f2e55867: shutdown 45e724c1-f4a6-4405-a7cb-dfa9f2e55867@group-09A22F1DE51A-FollowerState
2023-06-22 21:35:20,057 [grpc-default-executor-1] INFO  server.RaftServer$Division (RaftServerImpl.java:requestVote(1302)) - 45e724c1-f4a6-4405-a7cb-dfa9f2e55867@group-09A22F1DE51A: receive requestVote(PRE_VOTE, 470642db-8038-41e5-a5f3-81d987be2f99, group-09A22F1DE51A, 0, (t:0, i:0))
2023-06-22 21:35:20,062 [45e724c1-f4a6-4405-a7cb-dfa9f2e55867@group-09A22F1DE51A-FollowerState] INFO  impl.FollowerState (FollowerState.java:run(152)) - 45e724c1-f4a6-4405-a7cb-dfa9f2e55867@group-09A22F1DE51A-FollowerState was interrupted
2023-06-22 21:35:20,063 [grpc-default-executor-3] INFO  impl.RoleInfo (RoleInfo.java:updateAndGet(139)) - 84a824f3-7f5d-4f33-8f93-63e849b7c227: start 84a824f3-7f5d-4f33-8f93-63e849b7c227@group-09A22F1DE51A-FollowerState
2023-06-22 21:35:20,069 [grpc-default-executor-3] INFO  server.RaftServer$Division (RaftServerImpl.java:requestVote(1335)) - 84a824f3-7f5d-4f33-8f93-63e849b7c227@group-09A22F1DE51A replies to ELECTION vote request: 470642db-8038-41e5-a5f3-81d987be2f99<-84a824f3-7f5d-4f33-8f93-63e849b7c227#0:OK-t1. Peer's state: 84a824f3-7f5d-4f33-8f93-63e849b7c227@group-09A22F1DE51A:t1, leader=null, voted=470642db-8038-41e5-a5f3-81d987be2f99, raftlog=Memoized:84a824f3-7f5d-4f33-8f93-63e849b7c227@group-09A22F1DE51A-SegmentedRaftLog:OPENED:c-1, conf=-1: peers:[84a824f3-7f5d-4f33-8f93-63e849b7c227|rpc:10.1.1.69:15023|admin:10.1.1.69:15022|client:10.1.1.69:15021|dataStream:10.1.1.69:15024|priority:0|startupRole:FOLLOWER, 45e724c1-f4a6-4405-a7cb-dfa9f2e55867|rpc:10.1.1.69:15014|admin:10.1.1.69:15013|client:10.1.1.69:15012|dataStream:10.1.1.69:15015|priority:0|startupRole:FOLLOWER, 470642db-8038-41e5-a5f3-81d987be2f99|rpc:10.1.1.69:15032|admin:10.1.1.69:15031|client:10.1.1.69:15030|dataStream:10.1.1.69:15033|priority:1|startupRole:FOLLOWER]|listeners:[], old=null
2023-06-22 21:35:20,072 [470642db-8038-41e5-a5f3-81d987be2f99@group-09A22F1DE51A-LeaderElection6] INFO  impl.LeaderElection (LeaderElection.java:logAndReturn(90)) - 470642db-8038-41e5-a5f3-81d987be2f99@group-09A22F1DE51A-LeaderElection6: ELECTION PASSED received 1 response(s) and 0 exception(s):
2023-06-22 21:35:20,072 [470642db-8038-41e5-a5f3-81d987be2f99@group-09A22F1DE51A-LeaderElection6] INFO  impl.LeaderElection (LeaderElection.java:logAndReturn(94)) -   Response 0: 470642db-8038-41e5-a5f3-81d987be2f99<-84a824f3-7f5d-4f33-8f93-63e849b7c227#0:OK-t1
2023-06-22 21:35:20,073 [470642db-8038-41e5-a5f3-81d987be2f99@group-09A22F1DE51A-LeaderElection6] INFO  impl.LeaderElection (LeaderElection.java:askForVotes(323)) - 470642db-8038-41e5-a5f3-81d987be2f99@group-09A22F1DE51A-LeaderElection6 ELECTION round 0: result PASSED
2023-06-22 21:35:20,073 [470642db-8038-41e5-a5f3-81d987be2f99@group-09A22F1DE51A-LeaderElection6] INFO  impl.RoleInfo (RoleInfo.java:shutdownLeaderElection(130)) - 470642db-8038-41e5-a5f3-81d987be2f99: shutdown 470642db-8038-41e5-a5f3-81d987be2f99@group-09A22F1DE51A-LeaderElection6
2023-06-22 21:35:20,073 [470642db-8038-41e5-a5f3-81d987be2f99@group-09A22F1DE51A-LeaderElection6] INFO  server.RaftServer$Division (RaftServerImpl.java:setRole(329)) - 470642db-8038-41e5-a5f3-81d987be2f99@group-09A22F1DE51A: changes role from CANDIDATE to LEADER at term 1 for changeToLeader
2023-06-22 21:35:20,073 [470642db-8038-41e5-a5f3-81d987be2f99@group-09A22F1DE51A-LeaderElection6] INFO  ratis.XceiverServerRatis (XceiverServerRatis.java:handleLeaderChangedNotification(902)) - Leader change notification received for group: group-09A22F1DE51A with new leaderId: 470642db-8038-41e5-a5f3-81d987be2f99
2023-06-22 21:35:20,073 [470642db-8038-41e5-a5f3-81d987be2f99@group-09A22F1DE51A-LeaderElection6] INFO  server.RaftServer$Division (ServerState.java:setLeader(317)) - 470642db-8038-41e5-a5f3-81d987be2f99@group-09A22F1DE51A: change Leader from null to 470642db-8038-41e5-a5f3-81d987be2f99 at term 1 for becomeLeader, leader elected after 5268ms
2023-06-22 21:35:20,073 [470642db-8038-41e5-a5f3-81d987be2f99@group-09A22F1DE51A-LeaderElection6] INFO  server.RaftServerConfigKeys (ConfUtils.java:logGet(46)) - raft.server.staging.catchup.gap = 1000 (default)
2023-06-22 21:35:20,077 [EventQueue-PipelineReportForPipelineReportHandler] INFO  pipeline.PipelineManagerImpl (PipelineManagerImpl.java:openPipeline(367)) - Pipeline Pipeline[ Id: dfadf8e9-d1ea-4740-a7e7-09a22f1de51a, Nodes: 45e724c1-f4a6-4405-a7cb-dfa9f2e55867(fv-az504-135/10.1.1.69)84a824f3-7f5d-4f33-8f93-63e849b7c227(fv-az504-135/10.1.1.69)470642db-8038-41e5-a5f3-81d987be2f99(fv-az504-135/10.1.1.69), ReplicationConfig: RATIS/THREE, State:ALLOCATED, leaderId:470642db-8038-41e5-a5f3-81d987be2f99, CreationTimestamp2023-06-22T21:35:11.635Z[Etc/UTC]] moved to OPEN state
2023-06-22 21:35:20,082 [grpc-default-executor-0] INFO  impl.RoleInfo (RoleInfo.java:updateAndGet(139)) - 45e724c1-f4a6-4405-a7cb-dfa9f2e55867: start 45e724c1-f4a6-4405-a7cb-dfa9f2e55867@group-09A22F1DE51A-FollowerState
2023-06-22 21:35:20,077 [470642db-8038-41e5-a5f3-81d987be2f99@group-09A22F1DE51A-LeaderElection6] INFO  server.RaftServerConfigKeys (ConfUtils.java:logGet(46)) - raft.server.write.element-limit = 1024 (custom)
2023-06-22 21:35:20,094 [470642db-8038-41e5-a5f3-81d987be2f99@group-09A22F1DE51A-LeaderElection6] INFO  server.RaftServerConfigKeys (ConfUtils.java:logGet(46)) - raft.server.write.byte-limit = 1024 M (=1073741824) (custom)
2023-06-22 21:35:20,095 [470642db-8038-41e5-a5f3-81d987be2f99@group-09A22F1DE51A-LeaderElection6] INFO  server.RaftServerConfigKeys (ConfUtils.java:logGet(46)) - raft.server.watch.timeout = 180s (custom)
2023-06-22 21:35:20,095 [470642db-8038-41e5-a5f3-81d987be2f99@group-09A22F1DE51A-LeaderElection6] INFO  server.RaftServerConfigKeys (ConfUtils.java:logGet(46)) - raft.server.watch.timeout.denomination = 1s (default)
2023-06-22 21:35:20,095 [470642db-8038-41e5-a5f3-81d987be2f99@group-09A22F1DE51A-LeaderElection6] INFO  server.RaftServerConfigKeys (ConfUtils.java:logGet(46)) - raft.server.watch.element-limit = 65536 (default)
2023-06-22 21:35:20,095 [470642db-8038-41e5-a5f3-81d987be2f99@group-09A22F1DE51A-LeaderElection6] INFO  server.RaftServerConfigKeys (ConfUtils.java:logGet(46)) - raft.server.write.element-limit = 1024 (custom)
2023-06-22 21:35:20,095 [470642db-8038-41e5-a5f3-81d987be2f99@group-09A22F1DE51A-LeaderElection6] INFO  server.RaftServerConfigKeys (ConfUtils.java:logGet(46)) - raft.server.write.follower.gap.ratio.max = -1.0 (default)
2023-06-22 21:35:20,095 [470642db-8038-41e5-a5f3-81d987be2f99@group-09A22F1DE51A-LeaderElection6] INFO  server.RaftServerConfigKeys (ConfUtils.java:logGet(46)) - raft.server.log.appender.snapshot.chunk.size.max = 16MB (=16777216) (default)
2023-06-22 21:35:20,096 [470642db-8038-41e5-a5f3-81d987be2f99@group-09A22F1DE51A-LeaderElection6] INFO  server.RaftServerConfigKeys (ConfUtils.java:logGet(46)) - raft.server.log.appender.buffer.byte-limit = 33554432 (custom)
2023-06-22 21:35:20,096 [470642db-8038-41e5-a5f3-81d987be2f99@group-09A22F1DE51A-LeaderElection6] INFO  server.RaftServerConfigKeys (ConfUtils.java:logGet(46)) - raft.server.log.appender.buffer.element-limit = 1 (custom)
2023-06-22 21:35:20,096 [470642db-8038-41e5-a5f3-81d987be2f99@group-09A22F1DE51A-LeaderElection6] INFO  server.RaftServerConfigKeys (ConfUtils.java:logGet(46)) - raft.server.log.appender.wait-time.min = 10ms (default)
2023-06-22 21:35:20,096 [470642db-8038-41e5-a5f3-81d987be2f99@group-09A22F1DE51A-LeaderElection6] INFO  grpc.GrpcConfigKeys (ConfUtils.java:logGet(46)) - raft.grpc.server.leader.outstanding.appends.max = 128 (default)
2023-06-22 21:35:20,097 [470642db-8038-41e5-a5f3-81d987be2f99@group-09A22F1DE51A-LeaderElection6] INFO  server.RaftServerConfigKeys (ConfUtils.java:logGet(46)) - raft.server.rpc.request.timeout = 60s (custom)
2023-06-22 21:35:20,097 [470642db-8038-41e5-a5f3-81d987be2f99@group-09A22F1DE51A-LeaderElection6] INFO  grpc.GrpcConfigKeys (ConfUtils.java:logGet(46)) - raft.grpc.server.install_snapshot.request.element-limit = 8 (default)
2023-06-22 21:35:20,097 [470642db-8038-41e5-a5f3-81d987be2f99@group-09A22F1DE51A-LeaderElection6] INFO  grpc.GrpcConfigKeys (ConfUtils.java:logGet(46)) - raft.grpc.server.install_snapshot.request.timeout = 3000ms (default)
2023-06-22 21:35:20,097 [470642db-8038-41e5-a5f3-81d987be2f99@group-09A22F1DE51A-LeaderElection6] INFO  server.RaftServerConfigKeys (ConfUtils.java:logGet(46)) - raft.server.log.appender.install.snapshot.enabled = false (custom)
2023-06-22 21:35:20,097 [470642db-8038-41e5-a5f3-81d987be2f99@group-09A22F1DE51A-LeaderElection6] INFO  grpc.GrpcConfigKeys (ConfUtils.java:logGet(46)) - raft.grpc.server.heartbeat.channel = true (default)
2023-06-22 21:35:20,098 [470642db-8038-41e5-a5f3-81d987be2f99@group-09A22F1DE51A-LeaderElection6] INFO  server.RaftServerConfigKeys (ConfUtils.java:logGet(46)) - raft.server.log.appender.snapshot.chunk.size.max = 16MB (=16777216) (default)
2023-06-22 21:35:20,098 [470642db-8038-41e5-a5f3-81d987be2f99@group-09A22F1DE51A-LeaderElection6] INFO  server.RaftServerConfigKeys (ConfUtils.java:logGet(46)) - raft.server.log.appender.buffer.byte-limit = 33554432 (custom)
2023-06-22 21:35:20,098 [grpc-default-executor-0] INFO  server.RaftServer$Division (RaftServerImpl.java:requestVote(1335)) - 45e724c1-f4a6-4405-a7cb-dfa9f2e55867@group-09A22F1DE51A replies to ELECTION vote request: 470642db-8038-41e5-a5f3-81d987be2f99<-45e724c1-f4a6-4405-a7cb-dfa9f2e55867#0:OK-t1. Peer's state: 45e724c1-f4a6-4405-a7cb-dfa9f2e55867@group-09A22F1DE51A:t1, leader=null, voted=470642db-8038-41e5-a5f3-81d987be2f99, raftlog=Memoized:45e724c1-f4a6-4405-a7cb-dfa9f2e55867@group-09A22F1DE51A-SegmentedRaftLog:OPENED:c-1, conf=-1: peers:[84a824f3-7f5d-4f33-8f93-63e849b7c227|rpc:10.1.1.69:15023|admin:10.1.1.69:15022|client:10.1.1.69:15021|dataStream:10.1.1.69:15024|priority:0|startupRole:FOLLOWER, 45e724c1-f4a6-4405-a7cb-dfa9f2e55867|rpc:10.1.1.69:15014|admin:10.1.1.69:15013|client:10.1.1.69:15012|dataStream:10.1.1.69:15015|priority:0|startupRole:FOLLOWER, 470642db-8038-41e5-a5f3-81d987be2f99|rpc:10.1.1.69:15032|admin:10.1.1.69:15031|client:10.1.1.69:15030|dataStream:10.1.1.69:15033|priority:1|startupRole:FOLLOWER]|listeners:[], old=null
2023-06-22 21:35:20,098 [470642db-8038-41e5-a5f3-81d987be2f99@group-09A22F1DE51A-LeaderElection6] INFO  server.RaftServerConfigKeys (ConfUtils.java:logGet(46)) - raft.server.log.appender.buffer.element-limit = 1 (custom)
2023-06-22 21:35:20,098 [470642db-8038-41e5-a5f3-81d987be2f99@group-09A22F1DE51A-LeaderElection6] INFO  server.RaftServerConfigKeys (ConfUtils.java:logGet(46)) - raft.server.log.appender.wait-time.min = 10ms (default)
2023-06-22 21:35:20,098 [470642db-8038-41e5-a5f3-81d987be2f99@group-09A22F1DE51A-LeaderElection6] INFO  grpc.GrpcConfigKeys (ConfUtils.java:logGet(46)) - raft.grpc.server.leader.outstanding.appends.max = 128 (default)
2023-06-22 21:35:20,098 [470642db-8038-41e5-a5f3-81d987be2f99@group-09A22F1DE51A-LeaderElection6] INFO  server.RaftServerConfigKeys (ConfUtils.java:logGet(46)) - raft.server.rpc.request.timeout = 60s (custom)
2023-06-22 21:35:20,098 [470642db-8038-41e5-a5f3-81d987be2f99@group-09A22F1DE51A-LeaderElection6] INFO  grpc.GrpcConfigKeys (ConfUtils.java:logGet(46)) - raft.grpc.server.install_snapshot.request.element-limit = 8 (default)
2023-06-22 21:35:20,099 [470642db-8038-41e5-a5f3-81d987be2f99@group-09A22F1DE51A-LeaderElection6] INFO  grpc.GrpcConfigKeys (ConfUtils.java:logGet(46)) - raft.grpc.server.install_snapshot.request.timeout = 3000ms (default)
2023-06-22 21:35:20,099 [470642db-8038-41e5-a5f3-81d987be2f99@group-09A22F1DE51A-LeaderElection6] INFO  server.RaftServerConfigKeys (ConfUtils.java:logGet(46)) - raft.server.log.appender.install.snapshot.enabled = false (custom)
2023-06-22 21:35:20,099 [470642db-8038-41e5-a5f3-81d987be2f99@group-09A22F1DE51A-LeaderElection6] INFO  grpc.GrpcConfigKeys (ConfUtils.java:logGet(46)) - raft.grpc.server.heartbeat.channel = true (default)
2023-06-22 21:35:20,099 [grpc-default-executor-1] INFO  impl.VoteContext (VoteContext.java:log(49)) - 45e724c1-f4a6-4405-a7cb-dfa9f2e55867@group-09A22F1DE51A-FOLLOWER: accept PRE_VOTE from 470642db-8038-41e5-a5f3-81d987be2f99: our priority 0 <= candidate's priority 1
2023-06-22 21:35:20,102 [grpc-default-executor-1] INFO  server.RaftServer$Division (RaftServerImpl.java:requestVote(1335)) - 45e724c1-f4a6-4405-a7cb-dfa9f2e55867@group-09A22F1DE51A replies to PRE_VOTE vote request: 470642db-8038-41e5-a5f3-81d987be2f99<-45e724c1-f4a6-4405-a7cb-dfa9f2e55867#0:OK-t1. Peer's state: 45e724c1-f4a6-4405-a7cb-dfa9f2e55867@group-09A22F1DE51A:t1, leader=null, voted=470642db-8038-41e5-a5f3-81d987be2f99, raftlog=Memoized:45e724c1-f4a6-4405-a7cb-dfa9f2e55867@group-09A22F1DE51A-SegmentedRaftLog:OPENED:c-1, conf=-1: peers:[84a824f3-7f5d-4f33-8f93-63e849b7c227|rpc:10.1.1.69:15023|admin:10.1.1.69:15022|client:10.1.1.69:15021|dataStream:10.1.1.69:15024|priority:0|startupRole:FOLLOWER, 45e724c1-f4a6-4405-a7cb-dfa9f2e55867|rpc:10.1.1.69:15014|admin:10.1.1.69:15013|client:10.1.1.69:15012|dataStream:10.1.1.69:15015|priority:0|startupRole:FOLLOWER, 470642db-8038-41e5-a5f3-81d987be2f99|rpc:10.1.1.69:15032|admin:10.1.1.69:15031|client:10.1.1.69:15030|dataStream:10.1.1.69:15033|priority:1|startupRole:FOLLOWER]|listeners:[], old=null
2023-06-22 21:35:20,104 [470642db-8038-41e5-a5f3-81d987be2f99@group-09A22F1DE51A-LeaderElection6] INFO  impl.RoleInfo (RoleInfo.java:updateAndGet(139)) - 470642db-8038-41e5-a5f3-81d987be2f99: start 470642db-8038-41e5-a5f3-81d987be2f99@group-09A22F1DE51A-LeaderStateImpl
2023-06-22 21:35:20,107 [470642db-8038-41e5-a5f3-81d987be2f99@group-09A22F1DE51A-LeaderElection6] INFO  segmented.SegmentedRaftLogWorker (SegmentedRaftLogWorker.java:startLogSegment(447)) - 470642db-8038-41e5-a5f3-81d987be2f99@group-09A22F1DE51A-SegmentedRaftLogWorker: Starting segment from index:0
2023-06-22 21:35:20,108 [470642db-8038-41e5-a5f3-81d987be2f99@group-09A22F1DE51A-SegmentedRaftLogWorker] INFO  segmented.SegmentedRaftLogWorker (SegmentedRaftLogWorker.java:execute(651)) - 470642db-8038-41e5-a5f3-81d987be2f99@group-09A22F1DE51A-SegmentedRaftLogWorker: created new log segment /home/runner/work/ozone/ozone/hadoop-ozone/integration-test/target/test-dir/MiniOzoneClusterImpl-00f3567e-e140-4cd7-bd5a-f6438c2bd6c1/datanode-2/data/ratis/dfadf8e9-d1ea-4740-a7e7-09a22f1de51a/current/log_inprogress_0
2023-06-22 21:35:20,120 [470642db-8038-41e5-a5f3-81d987be2f99@group-09A22F1DE51A-LeaderElection6] INFO  server.RaftServer$Division (ServerState.java:setRaftConf(434)) - 470642db-8038-41e5-a5f3-81d987be2f99@group-09A22F1DE51A: set configuration 0: peers:[84a824f3-7f5d-4f33-8f93-63e849b7c227|rpc:10.1.1.69:15023|admin:10.1.1.69:15022|client:10.1.1.69:15021|dataStream:10.1.1.69:15024|priority:0|startupRole:FOLLOWER, 45e724c1-f4a6-4405-a7cb-dfa9f2e55867|rpc:10.1.1.69:15014|admin:10.1.1.69:15013|client:10.1.1.69:15012|dataStream:10.1.1.69:15015|priority:0|startupRole:FOLLOWER, 470642db-8038-41e5-a5f3-81d987be2f99|rpc:10.1.1.69:15032|admin:10.1.1.69:15031|client:10.1.1.69:15030|dataStream:10.1.1.69:15033|priority:1|startupRole:FOLLOWER]|listeners:[], old=null
2023-06-22 21:35:20,147 [45e724c1-f4a6-4405-a7cb-dfa9f2e55867-server-thread2] INFO  ratis.XceiverServerRatis (XceiverServerRatis.java:handleLeaderChangedNotification(902)) - Leader change notification received for group: group-09A22F1DE51A with new leaderId: 470642db-8038-41e5-a5f3-81d987be2f99
2023-06-22 21:35:20,147 [45e724c1-f4a6-4405-a7cb-dfa9f2e55867-server-thread2] INFO  server.RaftServer$Division (ServerState.java:setLeader(317)) - 45e724c1-f4a6-4405-a7cb-dfa9f2e55867@group-09A22F1DE51A: change Leader from null to 470642db-8038-41e5-a5f3-81d987be2f99 at term 1 for appendEntries, leader elected after 5223ms
2023-06-22 21:35:20,156 [84a824f3-7f5d-4f33-8f93-63e849b7c227-server-thread1] INFO  ratis.XceiverServerRatis (XceiverServerRatis.java:handleLeaderChangedNotification(902)) - Leader change notification received for group: group-09A22F1DE51A with new leaderId: 470642db-8038-41e5-a5f3-81d987be2f99
2023-06-22 21:35:20,166 [84a824f3-7f5d-4f33-8f93-63e849b7c227-server-thread1] INFO  server.RaftServer$Division (ServerState.java:setLeader(317)) - 84a824f3-7f5d-4f33-8f93-63e849b7c227@group-09A22F1DE51A: change Leader from null to 470642db-8038-41e5-a5f3-81d987be2f99 at term 1 for appendEntries, leader elected after 5175ms
2023-06-22 21:35:20,170 [84a824f3-7f5d-4f33-8f93-63e849b7c227-server-thread1] INFO  server.RaftServer$Division (ServerState.java:setRaftConf(434)) - 84a824f3-7f5d-4f33-8f93-63e849b7c227@group-09A22F1DE51A: set configuration 0: peers:[84a824f3-7f5d-4f33-8f93-63e849b7c227|rpc:10.1.1.69:15023|admin:10.1.1.69:15022|client:10.1.1.69:15021|dataStream:10.1.1.69:15024|priority:0|startupRole:FOLLOWER, 45e724c1-f4a6-4405-a7cb-dfa9f2e55867|rpc:10.1.1.69:15014|admin:10.1.1.69:15013|client:10.1.1.69:15012|dataStream:10.1.1.69:15015|priority:0|startupRole:FOLLOWER, 470642db-8038-41e5-a5f3-81d987be2f99|rpc:10.1.1.69:15032|admin:10.1.1.69:15031|client:10.1.1.69:15030|dataStream:10.1.1.69:15033|priority:1|startupRole:FOLLOWER]|listeners:[], old=null
2023-06-22 21:35:20,170 [45e724c1-f4a6-4405-a7cb-dfa9f2e55867-server-thread1] INFO  server.RaftServer$Division (ServerState.java:setRaftConf(434)) - 45e724c1-f4a6-4405-a7cb-dfa9f2e55867@group-09A22F1DE51A: set configuration 0: peers:[84a824f3-7f5d-4f33-8f93-63e849b7c227|rpc:10.1.1.69:15023|admin:10.1.1.69:15022|client:10.1.1.69:15021|dataStream:10.1.1.69:15024|priority:0|startupRole:FOLLOWER, 45e724c1-f4a6-4405-a7cb-dfa9f2e55867|rpc:10.1.1.69:15014|admin:10.1.1.69:15013|client:10.1.1.69:15012|dataStream:10.1.1.69:15015|priority:0|startupRole:FOLLOWER, 470642db-8038-41e5-a5f3-81d987be2f99|rpc:10.1.1.69:15032|admin:10.1.1.69:15031|client:10.1.1.69:15030|dataStream:10.1.1.69:15033|priority:1|startupRole:FOLLOWER]|listeners:[], old=null
2023-06-22 21:35:20,171 [84a824f3-7f5d-4f33-8f93-63e849b7c227-server-thread1] INFO  segmented.SegmentedRaftLogWorker (SegmentedRaftLogWorker.java:startLogSegment(447)) - 84a824f3-7f5d-4f33-8f93-63e849b7c227@group-09A22F1DE51A-SegmentedRaftLogWorker: Starting segment from index:0
2023-06-22 21:35:20,184 [45e724c1-f4a6-4405-a7cb-dfa9f2e55867-server-thread1] INFO  segmented.SegmentedRaftLogWorker (SegmentedRaftLogWorker.java:startLogSegment(447)) - 45e724c1-f4a6-4405-a7cb-dfa9f2e55867@group-09A22F1DE51A-SegmentedRaftLogWorker: Starting segment from index:0
2023-06-22 21:35:20,189 [4917f783-1696-4d8b-b9da-38da8f9791cf@group-7086F9A91E1C-FollowerState] INFO  impl.FollowerState (FollowerState.java:run(143)) - 4917f783-1696-4d8b-b9da-38da8f9791cf@group-7086F9A91E1C-FollowerState: change to CANDIDATE, lastRpcElapsedTime:5101812515ns, electionTimeout:5100ms
2023-06-22 21:35:20,190 [4917f783-1696-4d8b-b9da-38da8f9791cf@group-7086F9A91E1C-FollowerState] INFO  impl.RoleInfo (RoleInfo.java:shutdownFollowerState(110)) - 4917f783-1696-4d8b-b9da-38da8f9791cf: shutdown 4917f783-1696-4d8b-b9da-38da8f9791cf@group-7086F9A91E1C-FollowerState
2023-06-22 21:35:20,190 [4917f783-1696-4d8b-b9da-38da8f9791cf@group-7086F9A91E1C-FollowerState] INFO  server.RaftServer$Division (RaftServerImpl.java:setRole(329)) - 4917f783-1696-4d8b-b9da-38da8f9791cf@group-7086F9A91E1C: changes role from  FOLLOWER to CANDIDATE at term 0 for changeToCandidate
2023-06-22 21:35:20,191 [45e724c1-f4a6-4405-a7cb-dfa9f2e55867@group-09A22F1DE51A-SegmentedRaftLogWorker] INFO  segmented.SegmentedRaftLogWorker (SegmentedRaftLogWorker.java:execute(651)) - 45e724c1-f4a6-4405-a7cb-dfa9f2e55867@group-09A22F1DE51A-SegmentedRaftLogWorker: created new log segment /home/runner/work/ozone/ozone/hadoop-ozone/integration-test/target/test-dir/MiniOzoneClusterImpl-00f3567e-e140-4cd7-bd5a-f6438c2bd6c1/datanode-0/data/ratis/dfadf8e9-d1ea-4740-a7e7-09a22f1de51a/current/log_inprogress_0
2023-06-22 21:35:20,192 [4917f783-1696-4d8b-b9da-38da8f9791cf@group-7086F9A91E1C-FollowerState] INFO  server.RaftServerConfigKeys (ConfUtils.java:logGet(46)) - raft.server.leaderelection.pre-vote = true (default)
2023-06-22 21:35:20,192 [4917f783-1696-4d8b-b9da-38da8f9791cf@group-7086F9A91E1C-FollowerState] INFO  impl.RoleInfo (RoleInfo.java:updateAndGet(139)) - 4917f783-1696-4d8b-b9da-38da8f9791cf: start 4917f783-1696-4d8b-b9da-38da8f9791cf@group-7086F9A91E1C-LeaderElection7
2023-06-22 21:35:20,203 [84a824f3-7f5d-4f33-8f93-63e849b7c227@group-09A22F1DE51A-SegmentedRaftLogWorker] INFO  segmented.SegmentedRaftLogWorker (SegmentedRaftLogWorker.java:execute(651)) - 84a824f3-7f5d-4f33-8f93-63e849b7c227@group-09A22F1DE51A-SegmentedRaftLogWorker: created new log segment /home/runner/work/ozone/ozone/hadoop-ozone/integration-test/target/test-dir/MiniOzoneClusterImpl-00f3567e-e140-4cd7-bd5a-f6438c2bd6c1/datanode-1/data/ratis/dfadf8e9-d1ea-4740-a7e7-09a22f1de51a/current/log_inprogress_0
2023-06-22 21:35:20,212 [4917f783-1696-4d8b-b9da-38da8f9791cf@group-7086F9A91E1C-LeaderElection7] INFO  impl.LeaderElection (LeaderElection.java:askForVotes(321)) - 4917f783-1696-4d8b-b9da-38da8f9791cf@group-7086F9A91E1C-LeaderElection7 PRE_VOTE round 0: submit vote requests at term 0 for -1: peers:[4917f783-1696-4d8b-b9da-38da8f9791cf|rpc:10.1.1.69:15041|admin:10.1.1.69:15040|client:10.1.1.69:15039|dataStream:10.1.1.69:15042|priority:1|startupRole:FOLLOWER]|listeners:[], old=null
2023-06-22 21:35:20,212 [4917f783-1696-4d8b-b9da-38da8f9791cf@group-7086F9A91E1C-LeaderElection7] INFO  impl.LeaderElection (LeaderElection.java:askForVotes(323)) - 4917f783-1696-4d8b-b9da-38da8f9791cf@group-7086F9A91E1C-LeaderElection7 PRE_VOTE round 0: result PASSED (term=0)
2023-06-22 21:35:20,214 [4917f783-1696-4d8b-b9da-38da8f9791cf@group-7086F9A91E1C-LeaderElection7] INFO  impl.LeaderElection (LeaderElection.java:askForVotes(321)) - 4917f783-1696-4d8b-b9da-38da8f9791cf@group-7086F9A91E1C-LeaderElection7 ELECTION round 0: submit vote requests at term 1 for -1: peers:[4917f783-1696-4d8b-b9da-38da8f9791cf|rpc:10.1.1.69:15041|admin:10.1.1.69:15040|client:10.1.1.69:15039|dataStream:10.1.1.69:15042|priority:1|startupRole:FOLLOWER]|listeners:[], old=null
2023-06-22 21:35:20,214 [4917f783-1696-4d8b-b9da-38da8f9791cf@group-7086F9A91E1C-LeaderElection7] INFO  impl.LeaderElection (LeaderElection.java:askForVotes(323)) - 4917f783-1696-4d8b-b9da-38da8f9791cf@group-7086F9A91E1C-LeaderElection7 ELECTION round 0: result PASSED (term=1)
2023-06-22 21:35:20,214 [4917f783-1696-4d8b-b9da-38da8f9791cf@group-7086F9A91E1C-LeaderElection7] INFO  impl.RoleInfo (RoleInfo.java:shutdownLeaderElection(130)) - 4917f783-1696-4d8b-b9da-38da8f9791cf: shutdown 4917f783-1696-4d8b-b9da-38da8f9791cf@group-7086F9A91E1C-LeaderElection7
2023-06-22 21:35:20,214 [4917f783-1696-4d8b-b9da-38da8f9791cf@group-7086F9A91E1C-LeaderElection7] INFO  server.RaftServer$Division (RaftServerImpl.java:setRole(329)) - 4917f783-1696-4d8b-b9da-38da8f9791cf@group-7086F9A91E1C: changes role from CANDIDATE to LEADER at term 1 for changeToLeader
2023-06-22 21:35:20,214 [4917f783-1696-4d8b-b9da-38da8f9791cf@group-7086F9A91E1C-LeaderElection7] INFO  ratis.XceiverServerRatis (XceiverServerRatis.java:handleLeaderChangedNotification(902)) - Leader change notification received for group: group-7086F9A91E1C with new leaderId: 4917f783-1696-4d8b-b9da-38da8f9791cf
2023-06-22 21:35:20,214 [4917f783-1696-4d8b-b9da-38da8f9791cf@group-7086F9A91E1C-LeaderElection7] INFO  server.RaftServer$Division (ServerState.java:setLeader(317)) - 4917f783-1696-4d8b-b9da-38da8f9791cf@group-7086F9A91E1C: change Leader from null to 4917f783-1696-4d8b-b9da-38da8f9791cf at term 1 for becomeLeader, leader elected after 5158ms
2023-06-22 21:35:20,214 [4917f783-1696-4d8b-b9da-38da8f9791cf@group-7086F9A91E1C-LeaderElection7] INFO  server.RaftServerConfigKeys (ConfUtils.java:logGet(46)) - raft.server.staging.catchup.gap = 1000 (default)
2023-06-22 21:35:20,214 [4917f783-1696-4d8b-b9da-38da8f9791cf@group-7086F9A91E1C-LeaderElection7] INFO  server.RaftServerConfigKeys (ConfUtils.java:logGet(46)) - raft.server.write.element-limit = 1024 (custom)
2023-06-22 21:35:20,214 [4917f783-1696-4d8b-b9da-38da8f9791cf@group-7086F9A91E1C-LeaderElection7] INFO  server.RaftServerConfigKeys (ConfUtils.java:logGet(46)) - raft.server.write.byte-limit = 1024 M (=1073741824) (custom)
2023-06-22 21:35:20,215 [4917f783-1696-4d8b-b9da-38da8f9791cf@group-7086F9A91E1C-LeaderElection7] INFO  server.RaftServerConfigKeys (ConfUtils.java:logGet(46)) - raft.server.watch.timeout = 180s (custom)
2023-06-22 21:35:20,215 [4917f783-1696-4d8b-b9da-38da8f9791cf@group-7086F9A91E1C-LeaderElection7] INFO  server.RaftServerConfigKeys (ConfUtils.java:logGet(46)) - raft.server.watch.timeout.denomination = 1s (default)
2023-06-22 21:35:20,215 [4917f783-1696-4d8b-b9da-38da8f9791cf@group-7086F9A91E1C-LeaderElection7] INFO  server.RaftServerConfigKeys (ConfUtils.java:logGet(46)) - raft.server.watch.element-limit = 65536 (default)
2023-06-22 21:35:20,215 [4917f783-1696-4d8b-b9da-38da8f9791cf@group-7086F9A91E1C-LeaderElection7] INFO  server.RaftServerConfigKeys (ConfUtils.java:logGet(46)) - raft.server.write.element-limit = 1024 (custom)
2023-06-22 21:35:20,215 [4917f783-1696-4d8b-b9da-38da8f9791cf@group-7086F9A91E1C-LeaderElection7] INFO  server.RaftServerConfigKeys (ConfUtils.java:logGet(46)) - raft.server.write.follower.gap.ratio.max = -1.0 (default)
2023-06-22 21:35:20,215 [4917f783-1696-4d8b-b9da-38da8f9791cf@group-7086F9A91E1C-LeaderElection7] INFO  impl.RoleInfo (RoleInfo.java:updateAndGet(139)) - 4917f783-1696-4d8b-b9da-38da8f9791cf: start 4917f783-1696-4d8b-b9da-38da8f9791cf@group-7086F9A91E1C-LeaderStateImpl
2023-06-22 21:35:20,215 [4917f783-1696-4d8b-b9da-38da8f9791cf@group-7086F9A91E1C-LeaderElection7] INFO  segmented.SegmentedRaftLogWorker (SegmentedRaftLogWorker.java:startLogSegment(447)) - 4917f783-1696-4d8b-b9da-38da8f9791cf@group-7086F9A91E1C-SegmentedRaftLogWorker: Starting segment from index:0
2023-06-22 21:35:20,217 [4917f783-1696-4d8b-b9da-38da8f9791cf@group-7086F9A91E1C-SegmentedRaftLogWorker] INFO  segmented.SegmentedRaftLogWorker (SegmentedRaftLogWorker.java:execute(651)) - 4917f783-1696-4d8b-b9da-38da8f9791cf@group-7086F9A91E1C-SegmentedRaftLogWorker: created new log segment /home/runner/work/ozone/ozone/hadoop-ozone/integration-test/target/test-dir/MiniOzoneClusterImpl-00f3567e-e140-4cd7-bd5a-f6438c2bd6c1/datanode-3/data/ratis/52fe31b4-3043-41fa-950a-7086f9a91e1c/current/log_inprogress_0
2023-06-22 21:35:20,227 [4917f783-1696-4d8b-b9da-38da8f9791cf@group-7086F9A91E1C-LeaderElection7] INFO  server.RaftServer$Division (ServerState.java:setRaftConf(434)) - 4917f783-1696-4d8b-b9da-38da8f9791cf@group-7086F9A91E1C: set configuration 0: peers:[4917f783-1696-4d8b-b9da-38da8f9791cf|rpc:10.1.1.69:15041|admin:10.1.1.69:15040|client:10.1.1.69:15039|dataStream:10.1.1.69:15042|priority:1|startupRole:FOLLOWER]|listeners:[], old=null
2023-06-22 21:35:20,909 [JvmPauseMonitor3] WARN  util.JvmPauseMonitor (JvmPauseMonitor.java:detectPause(124)) - JvmPauseMonitor-84a824f3-7f5d-4f33-8f93-63e849b7c227: Detected pause in JVM or host machine approximately 0.101s with 0.371s GC time.
GC pool 'PS MarkSweep' had collection(s): count=1 time=288ms
GC pool 'PS Scavenge' had collection(s): count=1 time=83ms
2023-06-22 21:35:20,910 [JvmPauseMonitor0] WARN  util.JvmPauseMonitor (JvmPauseMonitor.java:detectPause(124)) - JvmPauseMonitor-13e6dace-4d66-4e4d-afbb-49ba390a29b5: Detected pause in JVM or host machine approximately 0.181s with 0.371s GC time.
GC pool 'PS MarkSweep' had collection(s): count=1 time=288ms
GC pool 'PS Scavenge' had collection(s): count=1 time=83ms
2023-06-22 21:35:20,910 [JvmPauseMonitor4] WARN  util.JvmPauseMonitor (JvmPauseMonitor.java:detectPause(124)) - JvmPauseMonitor-470642db-8038-41e5-a5f3-81d987be2f99: Detected pause in JVM or host machine approximately 0.224s with 0.371s GC time.
GC pool 'PS MarkSweep' had collection(s): count=1 time=288ms
GC pool 'PS Scavenge' had collection(s): count=1 time=83ms
2023-06-22 21:35:20,910 [JvmPauseMonitor6] WARN  util.JvmPauseMonitor (JvmPauseMonitor.java:detectPause(124)) - JvmPauseMonitor-e93313c7-0cf0-4fbd-b335-d67d16700e0a: Detected pause in JVM or host machine approximately 0.255s with 0.371s GC time.
GC pool 'PS MarkSweep' had collection(s): count=1 time=288ms
GC pool 'PS Scavenge' had collection(s): count=1 time=83ms
2023-06-22 21:35:20,910 [JvmPauseMonitor1] WARN  util.JvmPauseMonitor (JvmPauseMonitor.java:detectPause(124)) - JvmPauseMonitor-om1: Detected pause in JVM or host machine approximately 0.263s with 0.371s GC time.
GC pool 'PS MarkSweep' had collection(s): count=1 time=288ms
GC pool 'PS Scavenge' had collection(s): count=1 time=83ms
2023-06-22 21:35:20,910 [JvmPauseMonitor2] WARN  util.JvmPauseMonitor (JvmPauseMonitor.java:detectPause(124)) - JvmPauseMonitor-45e724c1-f4a6-4405-a7cb-dfa9f2e55867: Detected pause in JVM or host machine approximately 0.264s with 0.371s GC time.
GC pool 'PS MarkSweep' had collection(s): count=1 time=288ms
GC pool 'PS Scavenge' had collection(s): count=1 time=83ms
2023-06-22 21:35:20,911 [JvmPauseMonitor5] WARN  util.JvmPauseMonitor (JvmPauseMonitor.java:detectPause(124)) - JvmPauseMonitor-4917f783-1696-4d8b-b9da-38da8f9791cf: Detected pause in JVM or host machine approximately 0.286s with 0.371s GC time.
GC pool 'PS MarkSweep' had collection(s): count=1 time=288ms
GC pool 'PS Scavenge' had collection(s): count=1 time=83ms
2023-06-22 21:35:20,912 [e93313c7-0cf0-4fbd-b335-d67d16700e0a@group-CEF5FDFD51FF-FollowerState] WARN  impl.FollowerState (FollowerState.java:run(130)) - Unexpected long sleep: sleep 5139ms but took extra 315942616ns (> threshold = 300ms)
2023-06-22 21:35:20,912 [e93313c7-0cf0-4fbd-b335-d67d16700e0a@group-CEF5FDFD51FF-FollowerState] INFO  server.RaftServerConfigKeys (ConfUtils.java:logFallback(53)) - raft.server.rpc.first-election.timeout.min = 5s (fallback to raft.server.rpc.timeout.min)
2023-06-22 21:35:20,912 [e93313c7-0cf0-4fbd-b335-d67d16700e0a@group-CEF5FDFD51FF-FollowerState] INFO  server.RaftServerConfigKeys (ConfUtils.java:logFallback(53)) - raft.server.rpc.first-election.timeout.max = 5200ms (fallback to raft.server.rpc.timeout.max)
2023-06-22 21:35:20,972 [Time-limited test] INFO  rpc.RpcClient (RpcClient.java:createVolume(459)) - Creating Volume: volume91482, with user04788 as owner and space quota set to -1 bytes, counts quota set to -1
2023-06-22 21:35:21,036 [OM StateMachine ApplyTransaction Thread - 0] INFO  volume.OMVolumeCreateRequest (OMVolumeCreateRequest.java:validateAndUpdateCache(196)) - created volume:volume91482 for user:user04788
2023-06-22 21:35:21,071 [Time-limited test] INFO  rpc.RpcClient (RpcClient.java:createBucket(686)) - Creating Bucket: volume91482/bucket25318, with bucket layout FILE_SYSTEM_OPTIMIZED, runner as owner, Versioning false, Storage Type set to DISK and Encryption set to false, Replication Type set to server-side default replication type, Namespace Quota set to -1, Space Quota set to -1 
2023-06-22 21:35:21,116 [OM StateMachine ApplyTransaction Thread - 0] INFO  bucket.OMBucketCreateRequest (OMBucketCreateRequest.java:validateAndUpdateCache(270)) - created bucket: bucket25318 of layout FILE_SYSTEM_OPTIMIZED in volume: volume91482
2023-06-22 21:35:21,192 [Time-limited test] INFO  ozone.TestRootedOzoneFileSystemWithFSO (TestRootedOzoneFileSystemWithFSO.java:testRenameDir(163)) - Created dir /volume91482/bucket25318/dir1/sub_dir1
2023-06-22 21:35:21,192 [Time-limited test] INFO  ozone.TestRootedOzoneFileSystemWithFSO (TestRootedOzoneFileSystemWithFSO.java:testRenameDir(164)) - Will move /volume91482/bucket25318/dir1 to /volume91482/bucket25318/dir1.renamed
]]></system-out>
  </testcase>
  <testcase name="testRenameDir" classname="TestRootedOzoneFileSystemWithFSO" time="0.075">
    <system-out><![CDATA[2023-06-22 21:36:46,024 [main] INFO  ozone.MiniOzoneClusterImpl (MiniOzoneClusterImpl.java:shutdown(443)) - Shutting down the Mini Ozone Cluster
2023-06-22 21:36:46,024 [main] INFO  ozone.MiniOzoneClusterImpl (MiniOzoneClusterImpl.java:stop(460)) - Stopping the Mini Ozone Cluster
2023-06-22 21:36:46,025 [main] INFO  ozone.MiniOzoneClusterImpl (MiniOzoneClusterImpl.java:stopOM(551)) - Stopping the OzoneManager
2023-06-22 21:36:46,025 [main] INFO  om.OzoneManager (OzoneManager.java:stop(2187)) - om1[localhost:15004]: Stopping Ozone Manager
2023-06-22 21:36:46,025 [main] INFO  ipc.Server (Server.java:stop(3501)) - Stopping server on 15004
2023-06-22 21:36:46,036 [IPC Server Responder] INFO  ipc.Server (Server.java:run(1563)) - Stopping IPC Server Responder
2023-06-22 21:36:46,036 [IPC Server listener on 15004] INFO  ipc.Server (Server.java:run(1430)) - Stopping IPC Server listener on 15004
2023-06-22 21:36:46,039 [main] INFO  server.RaftServer (RaftServerProxy.java:lambda$close$6(416)) - om1: close
2023-06-22 21:36:46,040 [main] INFO  server.GrpcService (GrpcService.java:closeImpl(311)) - om1: shutdown server GrpcServerProtocolService now
2023-06-22 21:36:46,044 [om1-impl-thread2] INFO  server.RaftServer$Division (RaftServerImpl.java:lambda$close$4(466)) - om1@group-C5BA1605619E: shutdown
2023-06-22 21:36:46,044 [om1-impl-thread2] INFO  util.JmxRegister (JmxRegister.java:unregister(73)) - Successfully un-registered JMX Bean with object name Ratis:service=RaftServer,group=group-C5BA1605619E,id=om1
2023-06-22 21:36:46,044 [om1-impl-thread2] INFO  impl.RoleInfo (RoleInfo.java:shutdownLeaderState(93)) - om1: shutdown om1@group-C5BA1605619E-LeaderStateImpl
2023-06-22 21:36:46,045 [om1-impl-thread2] INFO  impl.PendingRequests (PendingRequests.java:sendNotLeaderResponses(289)) - om1@group-C5BA1605619E-PendingRequests: sendNotLeaderResponses
2023-06-22 21:36:46,052 [om1-impl-thread2] INFO  impl.StateMachineUpdater (StateMachineUpdater.java:stopAndJoin(155)) - om1@group-C5BA1605619E-StateMachineUpdater: set stopIndex = 41019
2023-06-22 21:36:46,052 [om1@group-C5BA1605619E-StateMachineUpdater] INFO  ratis.OzoneManagerStateMachine (OzoneManagerStateMachine.java:takeSnapshot(479)) - Current Snapshot Index (t:1, i:41019)
2023-06-22 21:36:46,053 [main] INFO  server.GrpcService (GrpcService.java:closeImpl(320)) - om1: shutdown server GrpcServerProtocolService successfully
2023-06-22 21:36:46,139 [om1@group-C5BA1605619E-StateMachineUpdater] INFO  impl.StateMachineUpdater (StateMachineUpdater.java:takeSnapshot(291)) - om1@group-C5BA1605619E-StateMachineUpdater: Took a snapshot at index 41019
2023-06-22 21:36:46,141 [om1@group-C5BA1605619E-StateMachineUpdater] INFO  impl.StateMachineUpdater (StateMachineUpdater.java:lambda$new$0(97)) - om1@group-C5BA1605619E-StateMachineUpdater: snapshotIndex: updateIncreasingly -1 -> 41019
2023-06-22 21:36:46,141 [om1@group-C5BA1605619E-StateMachineUpdater] INFO  ratis.OzoneManagerStateMachine (OzoneManagerStateMachine.java:close(533)) - StateMachine has shutdown. Shutdown OzoneManager if not already shutdown.
2023-06-22 21:36:46,141 [om1@group-C5BA1605619E-StateMachineUpdater] INFO  ratis.OzoneManagerDoubleBuffer (OzoneManagerDoubleBuffer.java:stopDaemon(551)) - Stopping OMDoubleBuffer flush thread
2023-06-22 21:36:46,141 [OMDoubleBufferFlushThread] INFO  ratis.OzoneManagerDoubleBuffer (OzoneManagerDoubleBuffer.java:canFlush(638)) - OMDoubleBuffer flush thread OMDoubleBufferFlushThread is interrupted and will exit.
2023-06-22 21:36:46,145 [om1-impl-thread2] INFO  server.RaftServer$Division (ServerState.java:close(472)) - om1@group-C5BA1605619E: closes. applyIndex: 41019
2023-06-22 21:36:46,999 [om1-impl-thread2] INFO  segmented.SegmentedRaftLogWorker (SegmentedRaftLogWorker.java:close(252)) - om1@group-C5BA1605619E-SegmentedRaftLogWorker close()
2023-06-22 21:36:47,003 [JvmPauseMonitor1] INFO  util.JvmPauseMonitor (JvmPauseMonitor.java:run(109)) - JvmPauseMonitor-om1: Stopped
2023-06-22 21:36:47,003 [main] INFO  ratis.OzoneManagerStateMachine (OzoneManagerStateMachine.java:close(533)) - StateMachine has shutdown. Shutdown OzoneManager if not already shutdown.
2023-06-22 21:36:47,003 [main] INFO  ratis.OzoneManagerDoubleBuffer (OzoneManagerDoubleBuffer.java:stopDaemon(560)) - OMDoubleBuffer flush thread is not running.
2023-06-22 21:36:47,005 [main] INFO  utils.BackgroundService (BackgroundService.java:shutdown(141)) - Shutting down service KeyDeletingService
2023-06-22 21:36:47,005 [main] INFO  utils.BackgroundService (BackgroundService.java:shutdown(141)) - Shutting down service KeyDeletingService
2023-06-22 21:36:47,006 [main] INFO  utils.BackgroundService (BackgroundService.java:shutdown(141)) - Shutting down service OpenKeyCleanupService
2023-06-22 21:36:47,006 [main] INFO  utils.BackgroundService (BackgroundService.java:shutdown(141)) - Shutting down service SstFilteringService
2023-06-22 21:36:47,006 [main] INFO  utils.BackgroundService (BackgroundService.java:shutdown(141)) - Shutting down service SnapshotDeletingService
2023-06-22 21:36:47,008 [main] INFO  handler.ContextHandler (ContextHandler.java:doStop(1159)) - Stopped o.e.j.w.WebAppContext@6b10123f{ozoneManager,/,null,STOPPED}{file:/home/runner/work/ozone/ozone/hadoop-ozone/integration-test/target/test-classes/webapps/ozoneManager}
2023-06-22 21:36:47,013 [main] INFO  server.AbstractConnector (AbstractConnector.java:doStop(383)) - Stopped ServerConnector@18732b2c{HTTP/1.1, (http/1.1)}{0.0.0.0:15005}
2023-06-22 21:36:47,013 [main] INFO  server.session (HouseKeeper.java:stopScavenging(149)) - node0 Stopped scavenging
2023-06-22 21:36:47,014 [main] INFO  handler.ContextHandler (ContextHandler.java:doStop(1159)) - Stopped o.e.j.s.ServletContextHandler@428551db{static,/static,file:///home/runner/work/ozone/ozone/hadoop-ozone/integration-test/target/test-classes/webapps/static,STOPPED}
2023-06-22 21:36:47,014 [main] INFO  handler.ContextHandler (ContextHandler.java:doStop(1159)) - Stopped o.e.j.s.ServletContextHandler@79a52138{logs,/logs,file:///home/runner/work/ozone/ozone/hadoop-ozone/integration-test/target/log,STOPPED}
2023-06-22 21:36:47,018 [Trash Emptier] ERROR om.TrashPolicyOzone (TrashPolicyOzone.java:run(350)) - Error attempting to shutdown
java.lang.InterruptedException
	at java.util.concurrent.locks.AbstractQueuedSynchronizer$ConditionObject.awaitNanos(AbstractQueuedSynchronizer.java:2067)
	at java.util.concurrent.ThreadPoolExecutor.awaitTermination(ThreadPoolExecutor.java:1475)
	at org.apache.hadoop.ozone.om.TrashPolicyOzone$Emptier.run(TrashPolicyOzone.java:348)
	at java.lang.Thread.run(Thread.java:750)
2023-06-22 21:36:47,022 [main] INFO  snapshot.SnapshotDiffManager (SnapshotDiffManager.java:closeExecutorService(1599)) - Shutting down executorService: 'SnapDiffExecutor'
2023-06-22 21:36:47,023 [main] INFO  snapshot.SnapshotDiffManager (SnapshotDiffManager.java:closeExecutorService(1599)) - Shutting down executorService: 'SstDumpToolExecutor'
2023-06-22 21:36:47,038 [main] INFO  utils.BackgroundService (BackgroundService.java:shutdown(141)) - Shutting down service SnapshotDiffCleanupService
2023-06-22 21:36:47,041 [main] INFO  ozone.MiniOzoneClusterImpl (MiniOzoneClusterImpl.java:stopDatanodes(528)) - Stopping the HddsDatanodes
2023-06-22 21:36:47,048 [ForkJoinPool.commonPool-worker-1] INFO  ozoneimpl.OzoneContainer (OzoneContainer.java:stop(433)) - Attempting to stop container services.
2023-06-22 21:36:47,052 [ForkJoinPool.commonPool-worker-1] INFO  server.RaftServer (RaftServerProxy.java:lambda$close$6(416)) - 84a824f3-7f5d-4f33-8f93-63e849b7c227: close
2023-06-22 21:36:47,052 [84a824f3-7f5d-4f33-8f93-63e849b7c227-impl-thread2] INFO  server.RaftServer$Division (RaftServerImpl.java:lambda$close$4(466)) - 84a824f3-7f5d-4f33-8f93-63e849b7c227@group-FF2192B43C5E: shutdown
2023-06-22 21:36:47,053 [84a824f3-7f5d-4f33-8f93-63e849b7c227-impl-thread2] INFO  util.JmxRegister (JmxRegister.java:unregister(73)) - Successfully un-registered JMX Bean with object name Ratis:service=RaftServer,group=group-FF2192B43C5E,id=84a824f3-7f5d-4f33-8f93-63e849b7c227
2023-06-22 21:36:47,053 [84a824f3-7f5d-4f33-8f93-63e849b7c227-impl-thread2] INFO  impl.RoleInfo (RoleInfo.java:shutdownLeaderState(93)) - 84a824f3-7f5d-4f33-8f93-63e849b7c227: shutdown 84a824f3-7f5d-4f33-8f93-63e849b7c227@group-FF2192B43C5E-LeaderStateImpl
2023-06-22 21:36:47,053 [84a824f3-7f5d-4f33-8f93-63e849b7c227-impl-thread3] INFO  server.RaftServer$Division (RaftServerImpl.java:lambda$close$4(466)) - 84a824f3-7f5d-4f33-8f93-63e849b7c227@group-09A22F1DE51A: shutdown
2023-06-22 21:36:47,053 [84a824f3-7f5d-4f33-8f93-63e849b7c227-impl-thread3] INFO  util.JmxRegister (JmxRegister.java:unregister(73)) - Successfully un-registered JMX Bean with object name Ratis:service=RaftServer,group=group-09A22F1DE51A,id=84a824f3-7f5d-4f33-8f93-63e849b7c227
2023-06-22 21:36:47,053 [84a824f3-7f5d-4f33-8f93-63e849b7c227-impl-thread3] INFO  impl.RoleInfo (RoleInfo.java:shutdownFollowerState(110)) - 84a824f3-7f5d-4f33-8f93-63e849b7c227: shutdown 84a824f3-7f5d-4f33-8f93-63e849b7c227@group-09A22F1DE51A-FollowerState
2023-06-22 21:36:47,053 [ForkJoinPool.commonPool-worker-1] INFO  server.GrpcService (GrpcService.java:closeImpl(311)) - 84a824f3-7f5d-4f33-8f93-63e849b7c227: shutdown server org.apache.ratis.grpc.server.GrpcClientProtocolService now
2023-06-22 21:36:47,053 [84a824f3-7f5d-4f33-8f93-63e849b7c227-impl-thread2] INFO  impl.PendingRequests (PendingRequests.java:sendNotLeaderResponses(289)) - 84a824f3-7f5d-4f33-8f93-63e849b7c227@group-FF2192B43C5E-PendingRequests: sendNotLeaderResponses
2023-06-22 21:36:47,058 [main] INFO  ozoneimpl.OzoneContainer (OzoneContainer.java:stop(433)) - Attempting to stop container services.
2023-06-22 21:36:47,059 [84a824f3-7f5d-4f33-8f93-63e849b7c227-impl-thread2] INFO  impl.StateMachineUpdater (StateMachineUpdater.java:stopAndJoin(155)) - 84a824f3-7f5d-4f33-8f93-63e849b7c227@group-FF2192B43C5E-StateMachineUpdater: set stopIndex = 0
2023-06-22 21:36:47,059 [84a824f3-7f5d-4f33-8f93-63e849b7c227@group-FF2192B43C5E-StateMachineUpdater] INFO  ratis.ContainerStateMachine (ContainerStateMachine.java:takeSnapshot(330)) - group-FF2192B43C5E: Taking a snapshot at:(t:1, i:0) file /home/runner/work/ozone/ozone/hadoop-ozone/integration-test/target/test-dir/MiniOzoneClusterImpl-00f3567e-e140-4cd7-bd5a-f6438c2bd6c1/datanode-1/data/ratis/0cfc2953-45a1-4cfe-b0a1-ff2192b43c5e/sm/snapshot.1_0
2023-06-22 21:36:47,062 [84a824f3-7f5d-4f33-8f93-63e849b7c227@group-09A22F1DE51A-FollowerState] INFO  impl.FollowerState (FollowerState.java:run(152)) - 84a824f3-7f5d-4f33-8f93-63e849b7c227@group-09A22F1DE51A-FollowerState was interrupted
2023-06-22 21:36:47,062 [84a824f3-7f5d-4f33-8f93-63e849b7c227-impl-thread4] INFO  server.RaftServer$Division (RaftServerImpl.java:lambda$close$4(466)) - 84a824f3-7f5d-4f33-8f93-63e849b7c227@group-1D9C35B47DFD: shutdown
2023-06-22 21:36:47,062 [84a824f3-7f5d-4f33-8f93-63e849b7c227-impl-thread4] INFO  util.JmxRegister (JmxRegister.java:unregister(73)) - Successfully un-registered JMX Bean with object name Ratis:service=RaftServer,group=group-1D9C35B47DFD,id=84a824f3-7f5d-4f33-8f93-63e849b7c227
2023-06-22 21:36:47,063 [84a824f3-7f5d-4f33-8f93-63e849b7c227-impl-thread4] INFO  impl.RoleInfo (RoleInfo.java:shutdownFollowerState(110)) - 84a824f3-7f5d-4f33-8f93-63e849b7c227: shutdown 84a824f3-7f5d-4f33-8f93-63e849b7c227@group-1D9C35B47DFD-FollowerState
2023-06-22 21:36:47,063 [84a824f3-7f5d-4f33-8f93-63e849b7c227@group-1D9C35B47DFD-FollowerState] INFO  impl.FollowerState (FollowerState.java:run(152)) - 84a824f3-7f5d-4f33-8f93-63e849b7c227@group-1D9C35B47DFD-FollowerState was interrupted
2023-06-22 21:36:47,063 [84a824f3-7f5d-4f33-8f93-63e849b7c227-impl-thread4] INFO  impl.StateMachineUpdater (StateMachineUpdater.java:stopAndJoin(155)) - 84a824f3-7f5d-4f33-8f93-63e849b7c227@group-1D9C35B47DFD-StateMachineUpdater: set stopIndex = 32
2023-06-22 21:36:47,063 [main] INFO  server.RaftServer (RaftServerProxy.java:lambda$close$6(416)) - 470642db-8038-41e5-a5f3-81d987be2f99: close
2023-06-22 21:36:47,063 [84a824f3-7f5d-4f33-8f93-63e849b7c227@group-1D9C35B47DFD-StateMachineUpdater] INFO  ratis.ContainerStateMachine (ContainerStateMachine.java:takeSnapshot(330)) - group-1D9C35B47DFD: Taking a snapshot at:(t:1, i:32) file /home/runner/work/ozone/ozone/hadoop-ozone/integration-test/target/test-dir/MiniOzoneClusterImpl-00f3567e-e140-4cd7-bd5a-f6438c2bd6c1/datanode-1/data/ratis/7edd585c-dcb0-4340-be99-1d9c35b47dfd/sm/snapshot.1_32
2023-06-22 21:36:47,064 [84a824f3-7f5d-4f33-8f93-63e849b7c227@group-09A22F1DE51A-StateMachineUpdater] INFO  ratis.ContainerStateMachine (ContainerStateMachine.java:takeSnapshot(330)) - group-09A22F1DE51A: Taking a snapshot at:(t:1, i:39) file /home/runner/work/ozone/ozone/hadoop-ozone/integration-test/target/test-dir/MiniOzoneClusterImpl-00f3567e-e140-4cd7-bd5a-f6438c2bd6c1/datanode-1/data/ratis/dfadf8e9-d1ea-4740-a7e7-09a22f1de51a/sm/snapshot.1_39
2023-06-22 21:36:47,064 [ForkJoinPool.commonPool-worker-1] INFO  server.GrpcService (GrpcService.java:closeImpl(320)) - 84a824f3-7f5d-4f33-8f93-63e849b7c227: shutdown server org.apache.ratis.grpc.server.GrpcClientProtocolService successfully
2023-06-22 21:36:47,070 [ForkJoinPool.commonPool-worker-1] INFO  server.GrpcService (GrpcService.java:closeImpl(311)) - 84a824f3-7f5d-4f33-8f93-63e849b7c227: shutdown server GrpcServerProtocolService now
2023-06-22 21:36:47,069 [470642db-8038-41e5-a5f3-81d987be2f99-impl-thread3] INFO  server.RaftServer$Division (RaftServerImpl.java:lambda$close$4(466)) - 470642db-8038-41e5-a5f3-81d987be2f99@group-09A22F1DE51A: shutdown
2023-06-22 21:36:47,070 [470642db-8038-41e5-a5f3-81d987be2f99-impl-thread3] INFO  util.JmxRegister (JmxRegister.java:unregister(73)) - Successfully un-registered JMX Bean with object name Ratis:service=RaftServer,group=group-09A22F1DE51A,id=470642db-8038-41e5-a5f3-81d987be2f99
2023-06-22 21:36:47,070 [470642db-8038-41e5-a5f3-81d987be2f99-impl-thread3] INFO  impl.RoleInfo (RoleInfo.java:shutdownLeaderState(93)) - 470642db-8038-41e5-a5f3-81d987be2f99: shutdown 470642db-8038-41e5-a5f3-81d987be2f99@group-09A22F1DE51A-LeaderStateImpl
2023-06-22 21:36:47,071 [84a824f3-7f5d-4f33-8f93-63e849b7c227-impl-thread3] INFO  impl.StateMachineUpdater (StateMachineUpdater.java:stopAndJoin(155)) - 84a824f3-7f5d-4f33-8f93-63e849b7c227@group-09A22F1DE51A-StateMachineUpdater: set stopIndex = 39
2023-06-22 21:36:47,068 [470642db-8038-41e5-a5f3-81d987be2f99-impl-thread4] INFO  server.RaftServer$Division (RaftServerImpl.java:lambda$close$4(466)) - 470642db-8038-41e5-a5f3-81d987be2f99@group-1D9C35B47DFD: shutdown
2023-06-22 21:36:47,076 [grpc-default-executor-4] WARN  server.GrpcServerProtocolService (LogUtils.java:warn(122)) - 84a824f3-7f5d-4f33-8f93-63e849b7c227: APPEND_ENTRIES onError, lastRequest: null: org.apache.ratis.thirdparty.io.grpc.StatusRuntimeException: CANCELLED: client cancelled
2023-06-22 21:36:47,076 [470642db-8038-41e5-a5f3-81d987be2f99-impl-thread4] INFO  util.JmxRegister (JmxRegister.java:unregister(73)) - Successfully un-registered JMX Bean with object name Ratis:service=RaftServer,group=group-1D9C35B47DFD,id=470642db-8038-41e5-a5f3-81d987be2f99
2023-06-22 21:36:47,068 [main] INFO  server.GrpcService (GrpcService.java:closeImpl(311)) - 470642db-8038-41e5-a5f3-81d987be2f99: shutdown server org.apache.ratis.grpc.server.GrpcClientProtocolService now
2023-06-22 21:36:47,068 [470642db-8038-41e5-a5f3-81d987be2f99-impl-thread2] INFO  server.RaftServer$Division (RaftServerImpl.java:lambda$close$4(466)) - 470642db-8038-41e5-a5f3-81d987be2f99@group-A70F0797E8D8: shutdown
2023-06-22 21:36:47,077 [470642db-8038-41e5-a5f3-81d987be2f99-impl-thread2] INFO  util.JmxRegister (JmxRegister.java:unregister(73)) - Successfully un-registered JMX Bean with object name Ratis:service=RaftServer,group=group-A70F0797E8D8,id=470642db-8038-41e5-a5f3-81d987be2f99
2023-06-22 21:36:47,077 [470642db-8038-41e5-a5f3-81d987be2f99-impl-thread2] INFO  impl.RoleInfo (RoleInfo.java:shutdownLeaderState(93)) - 470642db-8038-41e5-a5f3-81d987be2f99: shutdown 470642db-8038-41e5-a5f3-81d987be2f99@group-A70F0797E8D8-LeaderStateImpl
2023-06-22 21:36:47,077 [470642db-8038-41e5-a5f3-81d987be2f99-impl-thread2] INFO  impl.PendingRequests (PendingRequests.java:sendNotLeaderResponses(289)) - 470642db-8038-41e5-a5f3-81d987be2f99@group-A70F0797E8D8-PendingRequests: sendNotLeaderResponses
2023-06-22 21:36:47,078 [470642db-8038-41e5-a5f3-81d987be2f99-impl-thread2] INFO  impl.StateMachineUpdater (StateMachineUpdater.java:stopAndJoin(155)) - 470642db-8038-41e5-a5f3-81d987be2f99@group-A70F0797E8D8-StateMachineUpdater: set stopIndex = 0
2023-06-22 21:36:47,078 [470642db-8038-41e5-a5f3-81d987be2f99-impl-thread4] INFO  impl.RoleInfo (RoleInfo.java:shutdownFollowerState(110)) - 470642db-8038-41e5-a5f3-81d987be2f99: shutdown 470642db-8038-41e5-a5f3-81d987be2f99@group-1D9C35B47DFD-FollowerState
2023-06-22 21:36:47,078 [470642db-8038-41e5-a5f3-81d987be2f99@group-A70F0797E8D8-StateMachineUpdater] INFO  ratis.ContainerStateMachine (ContainerStateMachine.java:takeSnapshot(330)) - group-A70F0797E8D8: Taking a snapshot at:(t:1, i:0) file /home/runner/work/ozone/ozone/hadoop-ozone/integration-test/target/test-dir/MiniOzoneClusterImpl-00f3567e-e140-4cd7-bd5a-f6438c2bd6c1/datanode-2/data/ratis/d41ad71e-5df2-4edc-b6f0-a70f0797e8d8/sm/snapshot.1_0
2023-06-22 21:36:47,079 [grpc-default-executor-4] WARN  server.GrpcServerProtocolService (LogUtils.java:warn(122)) - 84a824f3-7f5d-4f33-8f93-63e849b7c227: APPEND_ENTRIES onError, lastRequest: 470642db-8038-41e5-a5f3-81d987be2f99->84a824f3-7f5d-4f33-8f93-63e849b7c227#106-t1,previous=(t:1, i:39),leaderCommit=39,initializing? true,entries: size=1, first=(t:1, i:40), METADATAENTRY(c:38): org.apache.ratis.thirdparty.io.grpc.StatusRuntimeException: CANCELLED: client cancelled
2023-06-22 21:36:47,081 [grpc-default-executor-0] WARN  server.GrpcClientProtocolService (LogUtils.java:warn(122)) - 6-OrderedRequestStreamObserver6: onError: org.apache.ratis.thirdparty.io.grpc.StatusRuntimeException: CANCELLED: client cancelled
2023-06-22 21:36:47,088 [470642db-8038-41e5-a5f3-81d987be2f99-impl-thread4] INFO  impl.StateMachineUpdater (StateMachineUpdater.java:stopAndJoin(155)) - 470642db-8038-41e5-a5f3-81d987be2f99@group-1D9C35B47DFD-StateMachineUpdater: set stopIndex = 32
2023-06-22 21:36:47,089 [470642db-8038-41e5-a5f3-81d987be2f99@group-09A22F1DE51A->84a824f3-7f5d-4f33-8f93-63e849b7c227-GrpcLogAppender-LogAppenderDaemon] WARN  server.GrpcLogAppender (GrpcLogAppender.java:mayWait(199)) - 470642db-8038-41e5-a5f3-81d987be2f99@group-09A22F1DE51A->84a824f3-7f5d-4f33-8f93-63e849b7c227-GrpcLogAppender: Wait interrupted by java.lang.InterruptedException
2023-06-22 21:36:47,089 [470642db-8038-41e5-a5f3-81d987be2f99@group-1D9C35B47DFD-StateMachineUpdater] INFO  ratis.ContainerStateMachine (ContainerStateMachine.java:takeSnapshot(330)) - group-1D9C35B47DFD: Taking a snapshot at:(t:1, i:32) file /home/runner/work/ozone/ozone/hadoop-ozone/integration-test/target/test-dir/MiniOzoneClusterImpl-00f3567e-e140-4cd7-bd5a-f6438c2bd6c1/datanode-2/data/ratis/7edd585c-dcb0-4340-be99-1d9c35b47dfd/sm/snapshot.1_32
2023-06-22 21:36:47,090 [470642db-8038-41e5-a5f3-81d987be2f99@group-1D9C35B47DFD-FollowerState] INFO  impl.FollowerState (FollowerState.java:run(152)) - 470642db-8038-41e5-a5f3-81d987be2f99@group-1D9C35B47DFD-FollowerState was interrupted
2023-06-22 21:36:47,077 [grpc-default-executor-5] WARN  server.GrpcServerProtocolService (LogUtils.java:warn(122)) - 84a824f3-7f5d-4f33-8f93-63e849b7c227: APPEND_ENTRIES onError, lastRequest: 45e724c1-f4a6-4405-a7cb-dfa9f2e55867->84a824f3-7f5d-4f33-8f93-63e849b7c227#87-t1,previous=(t:1, i:31),leaderCommit=31,initializing? true,entries: size=1, first=(t:1, i:32), METADATAENTRY(c:30): org.apache.ratis.thirdparty.io.grpc.StatusRuntimeException: CANCELLED: client cancelled
2023-06-22 21:36:47,080 [grpc-default-executor-1] WARN  server.GrpcServerProtocolService (LogUtils.java:warn(122)) - 84a824f3-7f5d-4f33-8f93-63e849b7c227: APPEND_ENTRIES onError, lastRequest: null: org.apache.ratis.thirdparty.io.grpc.StatusRuntimeException: CANCELLED: client cancelled
2023-06-22 21:36:47,081 [grpc-default-executor-4] WARN  server.GrpcClientProtocolService (LogUtils.java:warn(122)) - 7-UnorderedRequestStreamObserver7: onError: org.apache.ratis.thirdparty.io.grpc.StatusRuntimeException: CANCELLED: client cancelled
2023-06-22 21:36:47,092 [grpc-default-executor-2] WARN  server.GrpcLogAppender (LogUtils.java:warn(122)) - 45e724c1-f4a6-4405-a7cb-dfa9f2e55867@group-1D9C35B47DFD->84a824f3-7f5d-4f33-8f93-63e849b7c227-AppendLogResponseHandler: Failed appendEntries: org.apache.ratis.thirdparty.io.grpc.StatusRuntimeException: CANCELLED: RST_STREAM closed stream. HTTP/2 error code: CANCEL
2023-06-22 21:36:47,096 [Thread-1460] INFO  server.GrpcServerProtocolClient (GrpcServerProtocolClient.java:close(103)) - 84a824f3-7f5d-4f33-8f93-63e849b7c227 Close channels
2023-06-22 21:36:47,097 [ForkJoinPool.commonPool-worker-1] INFO  server.GrpcService (GrpcService.java:closeImpl(320)) - 84a824f3-7f5d-4f33-8f93-63e849b7c227: shutdown server GrpcServerProtocolService successfully
2023-06-22 21:36:47,098 [ForkJoinPool.commonPool-worker-1] INFO  server.GrpcService (GrpcService.java:closeImpl(311)) - 84a824f3-7f5d-4f33-8f93-63e849b7c227: shutdown server org.apache.ratis.grpc.server.GrpcAdminProtocolService now
2023-06-22 21:36:47,102 [grpc-default-executor-2] INFO  leader.FollowerInfo (FollowerInfoImpl.java:lambda$new$0(52)) - 45e724c1-f4a6-4405-a7cb-dfa9f2e55867@group-1D9C35B47DFD->84a824f3-7f5d-4f33-8f93-63e849b7c227: decreaseNextIndex nextIndex: updateUnconditionally 33 -> 32
2023-06-22 21:36:47,107 [470642db-8038-41e5-a5f3-81d987be2f99-impl-thread3] INFO  impl.PendingRequests (PendingRequests.java:sendNotLeaderResponses(289)) - 470642db-8038-41e5-a5f3-81d987be2f99@group-09A22F1DE51A-PendingRequests: sendNotLeaderResponses
2023-06-22 21:36:47,113 [Thread-1463] INFO  server.GrpcServerProtocolClient (GrpcServerProtocolClient.java:close(103)) - 45e724c1-f4a6-4405-a7cb-dfa9f2e55867 Close channels
2023-06-22 21:36:47,113 [470642db-8038-41e5-a5f3-81d987be2f99-impl-thread3] INFO  impl.StateMachineUpdater (StateMachineUpdater.java:stopAndJoin(155)) - 470642db-8038-41e5-a5f3-81d987be2f99@group-09A22F1DE51A-StateMachineUpdater: set stopIndex = 40
2023-06-22 21:36:47,114 [470642db-8038-41e5-a5f3-81d987be2f99@group-09A22F1DE51A-StateMachineUpdater] INFO  ratis.ContainerStateMachine (ContainerStateMachine.java:takeSnapshot(330)) - group-09A22F1DE51A: Taking a snapshot at:(t:1, i:40) file /home/runner/work/ozone/ozone/hadoop-ozone/integration-test/target/test-dir/MiniOzoneClusterImpl-00f3567e-e140-4cd7-bd5a-f6438c2bd6c1/datanode-2/data/ratis/dfadf8e9-d1ea-4740-a7e7-09a22f1de51a/sm/snapshot.1_40
2023-06-22 21:36:47,115 [grpc-default-executor-7] WARN  server.GrpcLogAppender (LogUtils.java:warn(122)) - 45e724c1-f4a6-4405-a7cb-dfa9f2e55867@group-1D9C35B47DFD->84a824f3-7f5d-4f33-8f93-63e849b7c227-AppendLogResponseHandler: Failed appendEntries: org.apache.ratis.thirdparty.io.grpc.StatusRuntimeException: CANCELLED: RST_STREAM closed stream. HTTP/2 error code: CANCEL
2023-06-22 21:36:47,119 [grpc-default-executor-6] INFO  server.GrpcLogAppender (GrpcLogAppender.java:onError(417)) - 470642db-8038-41e5-a5f3-81d987be2f99@group-09A22F1DE51A->84a824f3-7f5d-4f33-8f93-63e849b7c227-GrpcLogAppender is already stopped
2023-06-22 21:36:47,118 [ForkJoinPool.commonPool-worker-1] INFO  server.GrpcService (GrpcService.java:closeImpl(320)) - 84a824f3-7f5d-4f33-8f93-63e849b7c227: shutdown server org.apache.ratis.grpc.server.GrpcAdminProtocolService successfully
2023-06-22 21:36:47,119 [84a824f3-7f5d-4f33-8f93-63e849b7c227-NettyServerStreamRpc-bossGroup--thread1] INFO  logging.LoggingHandler (AbstractInternalLogger.java:log(148)) - [id: 0x3cf3c309, L:/0:0:0:0:0:0:0:0:15024] CLOSE
2023-06-22 21:36:47,120 [84a824f3-7f5d-4f33-8f93-63e849b7c227-NettyServerStreamRpc-bossGroup--thread1] INFO  logging.LoggingHandler (AbstractInternalLogger.java:log(148)) - [id: 0x3cf3c309, L:/0:0:0:0:0:0:0:0:15024] INACTIVE
2023-06-22 21:36:47,120 [84a824f3-7f5d-4f33-8f93-63e849b7c227-NettyServerStreamRpc-bossGroup--thread1] INFO  logging.LoggingHandler (AbstractInternalLogger.java:log(148)) - [id: 0x3cf3c309, L:/0:0:0:0:0:0:0:0:15024] UNREGISTERED
2023-06-22 21:36:47,115 [grpc-default-executor-5] INFO  server.GrpcLogAppender (GrpcLogAppender.java:onError(417)) - 470642db-8038-41e5-a5f3-81d987be2f99@group-09A22F1DE51A->84a824f3-7f5d-4f33-8f93-63e849b7c227-GrpcLogAppender is already stopped
2023-06-22 21:36:47,115 [470642db-8038-41e5-a5f3-81d987be2f99@group-09A22F1DE51A->45e724c1-f4a6-4405-a7cb-dfa9f2e55867-GrpcLogAppender-LogAppenderDaemon] WARN  server.GrpcLogAppender (GrpcLogAppender.java:mayWait(199)) - 470642db-8038-41e5-a5f3-81d987be2f99@group-09A22F1DE51A->45e724c1-f4a6-4405-a7cb-dfa9f2e55867-GrpcLogAppender: Wait interrupted by java.lang.InterruptedException
2023-06-22 21:36:47,122 [ForkJoinPool.commonPool-worker-2] INFO  ozoneimpl.OzoneContainer (OzoneContainer.java:stop(433)) - Attempting to stop container services.
2023-06-22 21:36:47,124 [grpc-default-executor-5] INFO  server.GrpcServerProtocolService (GrpcServerProtocolService.java:onCompleted(155)) - 45e724c1-f4a6-4405-a7cb-dfa9f2e55867: Completed APPEND_ENTRIES, lastRequest: 470642db-8038-41e5-a5f3-81d987be2f99->45e724c1-f4a6-4405-a7cb-dfa9f2e55867#103-t1,previous=(t:1, i:39),leaderCommit=39,initializing? true,entries: size=1, first=(t:1, i:40), METADATAENTRY(c:38)
2023-06-22 21:36:47,124 [grpc-default-executor-5] INFO  server.GrpcServerProtocolService (GrpcServerProtocolService.java:lambda$onCompleted$5(157)) - 45e724c1-f4a6-4405-a7cb-dfa9f2e55867: Completed APPEND_ENTRIES, lastReply: null
2023-06-22 21:36:47,129 [grpc-default-executor-6] INFO  server.GrpcServerProtocolService (GrpcServerProtocolService.java:onCompleted(155)) - 45e724c1-f4a6-4405-a7cb-dfa9f2e55867: Completed APPEND_ENTRIES, lastRequest: null
2023-06-22 21:36:47,131 [grpc-default-executor-1] INFO  server.GrpcLogAppender (GrpcLogAppender.java:onCompleted(428)) - 470642db-8038-41e5-a5f3-81d987be2f99@group-09A22F1DE51A->45e724c1-f4a6-4405-a7cb-dfa9f2e55867-AppendLogResponseHandler: follower responses appendEntries COMPLETED
2023-06-22 21:36:47,131 [ForkJoinPool.commonPool-worker-2] INFO  server.RaftServer (RaftServerProxy.java:lambda$close$6(416)) - 4917f783-1696-4d8b-b9da-38da8f9791cf: close
2023-06-22 21:36:47,131 [ForkJoinPool.commonPool-worker-2] INFO  server.GrpcService (GrpcService.java:closeImpl(311)) - 4917f783-1696-4d8b-b9da-38da8f9791cf: shutdown server org.apache.ratis.grpc.server.GrpcClientProtocolService now
2023-06-22 21:36:47,132 [ForkJoinPool.commonPool-worker-0] INFO  ozoneimpl.OzoneContainer (OzoneContainer.java:stop(433)) - Attempting to stop container services.
2023-06-22 21:36:47,132 [ForkJoinPool.commonPool-worker-0] INFO  server.RaftServer (RaftServerProxy.java:lambda$close$6(416)) - e93313c7-0cf0-4fbd-b335-d67d16700e0a: close
2023-06-22 21:36:47,134 [4917f783-1696-4d8b-b9da-38da8f9791cf-impl-thread2] INFO  server.RaftServer$Division (RaftServerImpl.java:lambda$close$4(466)) - 4917f783-1696-4d8b-b9da-38da8f9791cf@group-7086F9A91E1C: shutdown
2023-06-22 21:36:47,134 [4917f783-1696-4d8b-b9da-38da8f9791cf-impl-thread2] INFO  util.JmxRegister (JmxRegister.java:unregister(73)) - Successfully un-registered JMX Bean with object name Ratis:service=RaftServer,group=group-7086F9A91E1C,id=4917f783-1696-4d8b-b9da-38da8f9791cf
2023-06-22 21:36:47,134 [4917f783-1696-4d8b-b9da-38da8f9791cf-impl-thread2] INFO  impl.RoleInfo (RoleInfo.java:shutdownLeaderState(93)) - 4917f783-1696-4d8b-b9da-38da8f9791cf: shutdown 4917f783-1696-4d8b-b9da-38da8f9791cf@group-7086F9A91E1C-LeaderStateImpl
2023-06-22 21:36:47,135 [4917f783-1696-4d8b-b9da-38da8f9791cf-impl-thread2] INFO  impl.PendingRequests (PendingRequests.java:sendNotLeaderResponses(289)) - 4917f783-1696-4d8b-b9da-38da8f9791cf@group-7086F9A91E1C-PendingRequests: sendNotLeaderResponses
2023-06-22 21:36:47,135 [grpc-default-executor-6] INFO  server.GrpcServerProtocolService (GrpcServerProtocolService.java:lambda$onCompleted$5(157)) - 45e724c1-f4a6-4405-a7cb-dfa9f2e55867: Completed APPEND_ENTRIES, lastReply: serverReply {
  requestorId: "470642db-8038-41e5-a5f3-81d987be2f99"
  replyId: "45e724c1-f4a6-4405-a7cb-dfa9f2e55867"
  raftGroupId {
    id: "\337\255\370\351\321\352G@\247\347\t\242/\035\345\032"
  }
  callId: 99
  success: true
}
term: 1
nextIndex: 37
followerCommit: 36
matchIndex: 18446744073709551615
isHearbeat: true

2023-06-22 21:36:47,136 [4917f783-1696-4d8b-b9da-38da8f9791cf-impl-thread2] INFO  impl.StateMachineUpdater (StateMachineUpdater.java:stopAndJoin(155)) - 4917f783-1696-4d8b-b9da-38da8f9791cf@group-7086F9A91E1C-StateMachineUpdater: set stopIndex = 0
2023-06-22 21:36:47,136 [ForkJoinPool.commonPool-worker-0] INFO  server.GrpcService (GrpcService.java:closeImpl(311)) - e93313c7-0cf0-4fbd-b335-d67d16700e0a: shutdown server org.apache.ratis.grpc.server.GrpcClientProtocolService now
2023-06-22 21:36:47,136 [e93313c7-0cf0-4fbd-b335-d67d16700e0a-impl-thread2] INFO  server.RaftServer$Division (RaftServerImpl.java:lambda$close$4(466)) - e93313c7-0cf0-4fbd-b335-d67d16700e0a@group-CEF5FDFD51FF: shutdown
2023-06-22 21:36:47,136 [e93313c7-0cf0-4fbd-b335-d67d16700e0a-impl-thread2] INFO  util.JmxRegister (JmxRegister.java:unregister(73)) - Successfully un-registered JMX Bean with object name Ratis:service=RaftServer,group=group-CEF5FDFD51FF,id=e93313c7-0cf0-4fbd-b335-d67d16700e0a
2023-06-22 21:36:47,137 [e93313c7-0cf0-4fbd-b335-d67d16700e0a-impl-thread2] INFO  impl.RoleInfo (RoleInfo.java:shutdownLeaderState(93)) - e93313c7-0cf0-4fbd-b335-d67d16700e0a: shutdown e93313c7-0cf0-4fbd-b335-d67d16700e0a@group-CEF5FDFD51FF-LeaderStateImpl
2023-06-22 21:36:47,137 [e93313c7-0cf0-4fbd-b335-d67d16700e0a-impl-thread2] INFO  impl.PendingRequests (PendingRequests.java:sendNotLeaderResponses(289)) - e93313c7-0cf0-4fbd-b335-d67d16700e0a@group-CEF5FDFD51FF-PendingRequests: sendNotLeaderResponses
2023-06-22 21:36:47,137 [e93313c7-0cf0-4fbd-b335-d67d16700e0a-impl-thread2] INFO  impl.StateMachineUpdater (StateMachineUpdater.java:stopAndJoin(155)) - e93313c7-0cf0-4fbd-b335-d67d16700e0a@group-CEF5FDFD51FF-StateMachineUpdater: set stopIndex = 0
2023-06-22 21:36:47,137 [e93313c7-0cf0-4fbd-b335-d67d16700e0a@group-CEF5FDFD51FF-StateMachineUpdater] INFO  ratis.ContainerStateMachine (ContainerStateMachine.java:takeSnapshot(330)) - group-CEF5FDFD51FF: Taking a snapshot at:(t:1, i:0) file /home/runner/work/ozone/ozone/hadoop-ozone/integration-test/target/test-dir/MiniOzoneClusterImpl-00f3567e-e140-4cd7-bd5a-f6438c2bd6c1/datanode-4/data/ratis/bedf5fc8-7e98-4a94-934c-cef5fdfd51ff/sm/snapshot.1_0
2023-06-22 21:36:47,137 [4917f783-1696-4d8b-b9da-38da8f9791cf@group-7086F9A91E1C-StateMachineUpdater] INFO  ratis.ContainerStateMachine (ContainerStateMachine.java:takeSnapshot(330)) - group-7086F9A91E1C: Taking a snapshot at:(t:1, i:0) file /home/runner/work/ozone/ozone/hadoop-ozone/integration-test/target/test-dir/MiniOzoneClusterImpl-00f3567e-e140-4cd7-bd5a-f6438c2bd6c1/datanode-3/data/ratis/52fe31b4-3043-41fa-950a-7086f9a91e1c/sm/snapshot.1_0
2023-06-22 21:36:47,146 [ForkJoinPool.commonPool-worker-2] INFO  server.GrpcService (GrpcService.java:closeImpl(320)) - 4917f783-1696-4d8b-b9da-38da8f9791cf: shutdown server org.apache.ratis.grpc.server.GrpcClientProtocolService successfully
2023-06-22 21:36:47,146 [ForkJoinPool.commonPool-worker-2] INFO  server.GrpcService (GrpcService.java:closeImpl(311)) - 4917f783-1696-4d8b-b9da-38da8f9791cf: shutdown server GrpcServerProtocolService now
2023-06-22 21:36:47,151 [ForkJoinPool.commonPool-worker-0] INFO  server.GrpcService (GrpcService.java:closeImpl(320)) - e93313c7-0cf0-4fbd-b335-d67d16700e0a: shutdown server org.apache.ratis.grpc.server.GrpcClientProtocolService successfully
2023-06-22 21:36:47,152 [ForkJoinPool.commonPool-worker-0] INFO  server.GrpcService (GrpcService.java:closeImpl(311)) - e93313c7-0cf0-4fbd-b335-d67d16700e0a: shutdown server GrpcServerProtocolService now
2023-06-22 21:36:47,152 [ForkJoinPool.commonPool-worker-3] INFO  ozoneimpl.OzoneContainer (OzoneContainer.java:stop(433)) - Attempting to stop container services.
2023-06-22 21:36:47,153 [grpc-default-executor-1] WARN  server.GrpcLogAppender (GrpcLogAppender.java:resetClient(137)) - 470642db-8038-41e5-a5f3-81d987be2f99@group-09A22F1DE51A->45e724c1-f4a6-4405-a7cb-dfa9f2e55867-GrpcLogAppender: Failed to getClient for 45e724c1-f4a6-4405-a7cb-dfa9f2e55867
org.apache.ratis.protocol.exceptions.AlreadyClosedException: 470642db-8038-41e5-a5f3-81d987be2f99 is already CLOSED
	at org.apache.ratis.util.PeerProxyMap$PeerAndProxy.getProxy(PeerProxyMap.java:61)
	at org.apache.ratis.util.PeerProxyMap.getProxy(PeerProxyMap.java:115)
	at org.apache.ratis.grpc.server.GrpcLogAppender.getClient(GrpcLogAppender.java:112)
	at org.apache.ratis.grpc.server.GrpcLogAppender.resetClient(GrpcLogAppender.java:117)
	at org.apache.ratis.grpc.server.GrpcLogAppender.access$500(GrpcLogAppender.java:56)
	at org.apache.ratis.grpc.server.GrpcLogAppender$AppendLogResponseHandler.onCompleted(GrpcLogAppender.java:429)
	at org.apache.ratis.thirdparty.io.grpc.stub.ClientCalls$StreamObserverToCallListenerAdapter.onClose(ClientCalls.java:485)
	at org.apache.ratis.thirdparty.io.grpc.internal.ClientCallImpl.closeObserver(ClientCallImpl.java:563)
	at org.apache.ratis.thirdparty.io.grpc.internal.ClientCallImpl.access$300(ClientCallImpl.java:70)
	at org.apache.ratis.thirdparty.io.grpc.internal.ClientCallImpl$ClientStreamListenerImpl$1StreamClosed.runInternal(ClientCallImpl.java:744)
	at org.apache.ratis.thirdparty.io.grpc.internal.ClientCallImpl$ClientStreamListenerImpl$1StreamClosed.runInContext(ClientCallImpl.java:723)
	at org.apache.ratis.thirdparty.io.grpc.internal.ContextRunnable.run(ContextRunnable.java:37)
	at org.apache.ratis.thirdparty.io.grpc.internal.SerializingExecutor.run(SerializingExecutor.java:133)
	at java.util.concurrent.ThreadPoolExecutor.runWorker(ThreadPoolExecutor.java:1149)
	at java.util.concurrent.ThreadPoolExecutor$Worker.run(ThreadPoolExecutor.java:624)
	at java.lang.Thread.run(Thread.java:750)
2023-06-22 21:36:47,153 [main] INFO  server.GrpcService (GrpcService.java:closeImpl(320)) - 470642db-8038-41e5-a5f3-81d987be2f99: shutdown server org.apache.ratis.grpc.server.GrpcClientProtocolService successfully
2023-06-22 21:36:47,153 [main] INFO  server.GrpcService (GrpcService.java:closeImpl(311)) - 470642db-8038-41e5-a5f3-81d987be2f99: shutdown server GrpcServerProtocolService now
2023-06-22 21:36:47,154 [grpc-default-executor-5] INFO  server.GrpcLogAppender (GrpcLogAppender.java:onCompleted(428)) - 470642db-8038-41e5-a5f3-81d987be2f99@group-09A22F1DE51A->45e724c1-f4a6-4405-a7cb-dfa9f2e55867-AppendLogResponseHandler: follower responses appendEntries COMPLETED
2023-06-22 21:36:47,154 [grpc-default-executor-5] WARN  server.GrpcLogAppender (GrpcLogAppender.java:resetClient(137)) - 470642db-8038-41e5-a5f3-81d987be2f99@group-09A22F1DE51A->45e724c1-f4a6-4405-a7cb-dfa9f2e55867-GrpcLogAppender: Failed to getClient for 45e724c1-f4a6-4405-a7cb-dfa9f2e55867
org.apache.ratis.protocol.exceptions.AlreadyClosedException: 470642db-8038-41e5-a5f3-81d987be2f99 is already CLOSED
	at org.apache.ratis.util.PeerProxyMap$PeerAndProxy.getProxy(PeerProxyMap.java:61)
	at org.apache.ratis.util.PeerProxyMap.getProxy(PeerProxyMap.java:115)
	at org.apache.ratis.grpc.server.GrpcLogAppender.getClient(GrpcLogAppender.java:112)
	at org.apache.ratis.grpc.server.GrpcLogAppender.resetClient(GrpcLogAppender.java:117)
	at org.apache.ratis.grpc.server.GrpcLogAppender.access$500(GrpcLogAppender.java:56)
	at org.apache.ratis.grpc.server.GrpcLogAppender$AppendLogResponseHandler.onCompleted(GrpcLogAppender.java:429)
	at org.apache.ratis.thirdparty.io.grpc.stub.ClientCalls$StreamObserverToCallListenerAdapter.onClose(ClientCalls.java:485)
	at org.apache.ratis.thirdparty.io.grpc.internal.DelayedClientCall$DelayedListener$3.run(DelayedClientCall.java:471)
	at org.apache.ratis.thirdparty.io.grpc.internal.DelayedClientCall$DelayedListener.delayOrExecute(DelayedClientCall.java:435)
	at org.apache.ratis.thirdparty.io.grpc.internal.DelayedClientCall$DelayedListener.onClose(DelayedClientCall.java:468)
	at org.apache.ratis.thirdparty.io.grpc.internal.ClientCallImpl.closeObserver(ClientCallImpl.java:563)
	at org.apache.ratis.thirdparty.io.grpc.internal.ClientCallImpl.access$300(ClientCallImpl.java:70)
	at org.apache.ratis.thirdparty.io.grpc.internal.ClientCallImpl$ClientStreamListenerImpl$1StreamClosed.runInternal(ClientCallImpl.java:744)
	at org.apache.ratis.thirdparty.io.grpc.internal.ClientCallImpl$ClientStreamListenerImpl$1StreamClosed.runInContext(ClientCallImpl.java:723)
	at org.apache.ratis.thirdparty.io.grpc.internal.ContextRunnable.run(ContextRunnable.java:37)
	at org.apache.ratis.thirdparty.io.grpc.internal.SerializingExecutor.run(SerializingExecutor.java:133)
	at java.util.concurrent.ThreadPoolExecutor.runWorker(ThreadPoolExecutor.java:1149)
	at java.util.concurrent.ThreadPoolExecutor$Worker.run(ThreadPoolExecutor.java:624)
	at java.lang.Thread.run(Thread.java:750)
2023-06-22 21:36:47,155 [grpc-default-executor-1] WARN  server.GrpcServerProtocolService (LogUtils.java:warn(122)) - 470642db-8038-41e5-a5f3-81d987be2f99: APPEND_ENTRIES onError, lastRequest: 45e724c1-f4a6-4405-a7cb-dfa9f2e55867->470642db-8038-41e5-a5f3-81d987be2f99#83-t1,previous=(t:1, i:31),leaderCommit=31,initializing? true,entries: size=1, first=(t:1, i:32), METADATAENTRY(c:30): org.apache.ratis.thirdparty.io.grpc.StatusRuntimeException: CANCELLED: client cancelled
2023-06-22 21:36:47,119 [grpc-default-executor-7] INFO  leader.FollowerInfo (FollowerInfoImpl.java:lambda$new$0(52)) - 45e724c1-f4a6-4405-a7cb-dfa9f2e55867@group-1D9C35B47DFD->84a824f3-7f5d-4f33-8f93-63e849b7c227: decreaseNextIndex nextIndex: updateUnconditionally 32 -> 31
2023-06-22 21:36:47,156 [grpc-default-executor-1] WARN  server.GrpcServerProtocolService (LogUtils.java:warn(122)) - 470642db-8038-41e5-a5f3-81d987be2f99: APPEND_ENTRIES onError, lastRequest: null: org.apache.ratis.thirdparty.io.grpc.StatusRuntimeException: CANCELLED: client cancelled
2023-06-22 21:36:47,162 [grpc-default-executor-2] WARN  server.GrpcLogAppender (LogUtils.java:warn(122)) - 45e724c1-f4a6-4405-a7cb-dfa9f2e55867@group-1D9C35B47DFD->470642db-8038-41e5-a5f3-81d987be2f99-AppendLogResponseHandler: Failed appendEntries: org.apache.ratis.thirdparty.io.grpc.StatusRuntimeException: CANCELLED: RST_STREAM closed stream. HTTP/2 error code: CANCEL
2023-06-22 21:36:47,163 [grpc-default-executor-2] INFO  leader.FollowerInfo (FollowerInfoImpl.java:lambda$new$0(52)) - 45e724c1-f4a6-4405-a7cb-dfa9f2e55867@group-1D9C35B47DFD->470642db-8038-41e5-a5f3-81d987be2f99: decreaseNextIndex nextIndex: updateUnconditionally 33 -> 32
2023-06-22 21:36:47,160 [ForkJoinPool.commonPool-worker-3] INFO  server.RaftServer (RaftServerProxy.java:lambda$close$6(416)) - 45e724c1-f4a6-4405-a7cb-dfa9f2e55867: close
2023-06-22 21:36:47,160 [grpc-default-executor-5] WARN  server.GrpcLogAppender (LogUtils.java:warn(122)) - 45e724c1-f4a6-4405-a7cb-dfa9f2e55867@group-1D9C35B47DFD->470642db-8038-41e5-a5f3-81d987be2f99-AppendLogResponseHandler: Failed appendEntries: org.apache.ratis.thirdparty.io.grpc.StatusRuntimeException: CANCELLED: RST_STREAM closed stream. HTTP/2 error code: CANCEL
2023-06-22 21:36:47,163 [grpc-default-executor-5] INFO  leader.FollowerInfo (FollowerInfoImpl.java:lambda$new$0(52)) - 45e724c1-f4a6-4405-a7cb-dfa9f2e55867@group-1D9C35B47DFD->470642db-8038-41e5-a5f3-81d987be2f99: decreaseNextIndex nextIndex: updateUnconditionally 32 -> 31
2023-06-22 21:36:47,159 [main] INFO  server.GrpcService (GrpcService.java:closeImpl(320)) - 470642db-8038-41e5-a5f3-81d987be2f99: shutdown server GrpcServerProtocolService successfully
2023-06-22 21:36:47,163 [main] INFO  server.GrpcService (GrpcService.java:closeImpl(311)) - 470642db-8038-41e5-a5f3-81d987be2f99: shutdown server org.apache.ratis.grpc.server.GrpcAdminProtocolService now
2023-06-22 21:36:47,159 [ForkJoinPool.commonPool-worker-0] INFO  server.GrpcService (GrpcService.java:closeImpl(320)) - e93313c7-0cf0-4fbd-b335-d67d16700e0a: shutdown server GrpcServerProtocolService successfully
2023-06-22 21:36:47,164 [ForkJoinPool.commonPool-worker-0] INFO  server.GrpcService (GrpcService.java:closeImpl(311)) - e93313c7-0cf0-4fbd-b335-d67d16700e0a: shutdown server org.apache.ratis.grpc.server.GrpcAdminProtocolService now
2023-06-22 21:36:47,173 [ForkJoinPool.commonPool-worker-2] INFO  server.GrpcService (GrpcService.java:closeImpl(320)) - 4917f783-1696-4d8b-b9da-38da8f9791cf: shutdown server GrpcServerProtocolService successfully
2023-06-22 21:36:47,173 [ForkJoinPool.commonPool-worker-2] INFO  server.GrpcService (GrpcService.java:closeImpl(311)) - 4917f783-1696-4d8b-b9da-38da8f9791cf: shutdown server org.apache.ratis.grpc.server.GrpcAdminProtocolService now
2023-06-22 21:36:47,176 [main] INFO  server.GrpcService (GrpcService.java:closeImpl(320)) - 470642db-8038-41e5-a5f3-81d987be2f99: shutdown server org.apache.ratis.grpc.server.GrpcAdminProtocolService successfully
2023-06-22 21:36:47,177 [ForkJoinPool.commonPool-worker-0] INFO  server.GrpcService (GrpcService.java:closeImpl(320)) - e93313c7-0cf0-4fbd-b335-d67d16700e0a: shutdown server org.apache.ratis.grpc.server.GrpcAdminProtocolService successfully
2023-06-22 21:36:47,177 [e93313c7-0cf0-4fbd-b335-d67d16700e0a-NettyServerStreamRpc-bossGroup--thread1] INFO  logging.LoggingHandler (AbstractInternalLogger.java:log(148)) - [id: 0x9c52d8d3, L:/0:0:0:0:0:0:0:0:15051] CLOSE
2023-06-22 21:36:47,177 [e93313c7-0cf0-4fbd-b335-d67d16700e0a-NettyServerStreamRpc-bossGroup--thread1] INFO  logging.LoggingHandler (AbstractInternalLogger.java:log(148)) - [id: 0x9c52d8d3, L:/0:0:0:0:0:0:0:0:15051] INACTIVE
2023-06-22 21:36:47,177 [e93313c7-0cf0-4fbd-b335-d67d16700e0a-NettyServerStreamRpc-bossGroup--thread1] INFO  logging.LoggingHandler (AbstractInternalLogger.java:log(148)) - [id: 0x9c52d8d3, L:/0:0:0:0:0:0:0:0:15051] UNREGISTERED
2023-06-22 21:36:47,178 [470642db-8038-41e5-a5f3-81d987be2f99-NettyServerStreamRpc-bossGroup--thread1] INFO  logging.LoggingHandler (AbstractInternalLogger.java:log(148)) - [id: 0xe2276abe, L:/0:0:0:0:0:0:0:0:15033] CLOSE
2023-06-22 21:36:47,178 [470642db-8038-41e5-a5f3-81d987be2f99-NettyServerStreamRpc-bossGroup--thread1] INFO  logging.LoggingHandler (AbstractInternalLogger.java:log(148)) - [id: 0xe2276abe, L:/0:0:0:0:0:0:0:0:15033] INACTIVE
2023-06-22 21:36:47,178 [470642db-8038-41e5-a5f3-81d987be2f99-NettyServerStreamRpc-bossGroup--thread1] INFO  logging.LoggingHandler (AbstractInternalLogger.java:log(148)) - [id: 0xe2276abe, L:/0:0:0:0:0:0:0:0:15033] UNREGISTERED
2023-06-22 21:36:47,179 [45e724c1-f4a6-4405-a7cb-dfa9f2e55867-impl-thread2] INFO  server.RaftServer$Division (RaftServerImpl.java:lambda$close$4(466)) - 45e724c1-f4a6-4405-a7cb-dfa9f2e55867@group-A5E06D3F0768: shutdown
2023-06-22 21:36:47,179 [45e724c1-f4a6-4405-a7cb-dfa9f2e55867-impl-thread2] INFO  util.JmxRegister (JmxRegister.java:unregister(73)) - Successfully un-registered JMX Bean with object name Ratis:service=RaftServer,group=group-A5E06D3F0768,id=45e724c1-f4a6-4405-a7cb-dfa9f2e55867
2023-06-22 21:36:47,179 [45e724c1-f4a6-4405-a7cb-dfa9f2e55867-impl-thread2] INFO  impl.RoleInfo (RoleInfo.java:shutdownLeaderState(93)) - 45e724c1-f4a6-4405-a7cb-dfa9f2e55867: shutdown 45e724c1-f4a6-4405-a7cb-dfa9f2e55867@group-A5E06D3F0768-LeaderStateImpl
2023-06-22 21:36:47,180 [45e724c1-f4a6-4405-a7cb-dfa9f2e55867-impl-thread2] INFO  impl.PendingRequests (PendingRequests.java:sendNotLeaderResponses(289)) - 45e724c1-f4a6-4405-a7cb-dfa9f2e55867@group-A5E06D3F0768-PendingRequests: sendNotLeaderResponses
2023-06-22 21:36:47,180 [45e724c1-f4a6-4405-a7cb-dfa9f2e55867@group-A5E06D3F0768-StateMachineUpdater] INFO  ratis.ContainerStateMachine (ContainerStateMachine.java:takeSnapshot(330)) - group-A5E06D3F0768: Taking a snapshot at:(t:1, i:0) file /home/runner/work/ozone/ozone/hadoop-ozone/integration-test/target/test-dir/MiniOzoneClusterImpl-00f3567e-e140-4cd7-bd5a-f6438c2bd6c1/datanode-0/data/ratis/9738aa18-fd40-4528-a6bb-a5e06d3f0768/sm/snapshot.1_0
2023-06-22 21:36:47,180 [45e724c1-f4a6-4405-a7cb-dfa9f2e55867-impl-thread2] INFO  impl.StateMachineUpdater (StateMachineUpdater.java:stopAndJoin(155)) - 45e724c1-f4a6-4405-a7cb-dfa9f2e55867@group-A5E06D3F0768-StateMachineUpdater: set stopIndex = 0
2023-06-22 21:36:47,186 [45e724c1-f4a6-4405-a7cb-dfa9f2e55867-impl-thread3] INFO  server.RaftServer$Division (RaftServerImpl.java:lambda$close$4(466)) - 45e724c1-f4a6-4405-a7cb-dfa9f2e55867@group-09A22F1DE51A: shutdown
2023-06-22 21:36:47,187 [45e724c1-f4a6-4405-a7cb-dfa9f2e55867-impl-thread3] INFO  util.JmxRegister (JmxRegister.java:unregister(73)) - Successfully un-registered JMX Bean with object name Ratis:service=RaftServer,group=group-09A22F1DE51A,id=45e724c1-f4a6-4405-a7cb-dfa9f2e55867
2023-06-22 21:36:47,187 [45e724c1-f4a6-4405-a7cb-dfa9f2e55867-impl-thread3] INFO  impl.RoleInfo (RoleInfo.java:shutdownFollowerState(110)) - 45e724c1-f4a6-4405-a7cb-dfa9f2e55867: shutdown 45e724c1-f4a6-4405-a7cb-dfa9f2e55867@group-09A22F1DE51A-FollowerState
2023-06-22 21:36:47,188 [ForkJoinPool.commonPool-worker-3] INFO  server.GrpcService (GrpcService.java:closeImpl(311)) - 45e724c1-f4a6-4405-a7cb-dfa9f2e55867: shutdown server org.apache.ratis.grpc.server.GrpcClientProtocolService now
2023-06-22 21:36:47,190 [ForkJoinPool.commonPool-worker-2] INFO  server.GrpcService (GrpcService.java:closeImpl(320)) - 4917f783-1696-4d8b-b9da-38da8f9791cf: shutdown server org.apache.ratis.grpc.server.GrpcAdminProtocolService successfully
2023-06-22 21:36:47,195 [4917f783-1696-4d8b-b9da-38da8f9791cf-NettyServerStreamRpc-bossGroup--thread1] INFO  logging.LoggingHandler (AbstractInternalLogger.java:log(148)) - [id: 0x42c2c208, L:/0:0:0:0:0:0:0:0:15042] CLOSE
2023-06-22 21:36:47,195 [4917f783-1696-4d8b-b9da-38da8f9791cf-NettyServerStreamRpc-bossGroup--thread1] INFO  logging.LoggingHandler (AbstractInternalLogger.java:log(148)) - [id: 0x42c2c208, L:/0:0:0:0:0:0:0:0:15042] INACTIVE
2023-06-22 21:36:47,195 [4917f783-1696-4d8b-b9da-38da8f9791cf-NettyServerStreamRpc-bossGroup--thread1] INFO  logging.LoggingHandler (AbstractInternalLogger.java:log(148)) - [id: 0x42c2c208, L:/0:0:0:0:0:0:0:0:15042] UNREGISTERED
2023-06-22 21:36:47,195 [45e724c1-f4a6-4405-a7cb-dfa9f2e55867-impl-thread4] INFO  server.RaftServer$Division (RaftServerImpl.java:lambda$close$4(466)) - 45e724c1-f4a6-4405-a7cb-dfa9f2e55867@group-1D9C35B47DFD: shutdown
2023-06-22 21:36:47,196 [45e724c1-f4a6-4405-a7cb-dfa9f2e55867-impl-thread4] INFO  util.JmxRegister (JmxRegister.java:unregister(73)) - Successfully un-registered JMX Bean with object name Ratis:service=RaftServer,group=group-1D9C35B47DFD,id=45e724c1-f4a6-4405-a7cb-dfa9f2e55867
2023-06-22 21:36:47,196 [45e724c1-f4a6-4405-a7cb-dfa9f2e55867-impl-thread4] INFO  impl.RoleInfo (RoleInfo.java:shutdownLeaderState(93)) - 45e724c1-f4a6-4405-a7cb-dfa9f2e55867: shutdown 45e724c1-f4a6-4405-a7cb-dfa9f2e55867@group-1D9C35B47DFD-LeaderStateImpl
2023-06-22 21:36:47,198 [Thread-1507] INFO  server.GrpcServerProtocolClient (GrpcServerProtocolClient.java:close(103)) - 84a824f3-7f5d-4f33-8f93-63e849b7c227 Close channels
2023-06-22 21:36:47,199 [45e724c1-f4a6-4405-a7cb-dfa9f2e55867-impl-thread3] INFO  impl.StateMachineUpdater (StateMachineUpdater.java:stopAndJoin(155)) - 45e724c1-f4a6-4405-a7cb-dfa9f2e55867@group-09A22F1DE51A-StateMachineUpdater: set stopIndex = 39
2023-06-22 21:36:47,201 [grpc-default-executor-2] WARN  server.GrpcClientProtocolService (LogUtils.java:warn(122)) - 5-OrderedRequestStreamObserver5: onError: org.apache.ratis.thirdparty.io.grpc.StatusRuntimeException: CANCELLED: client cancelled
2023-06-22 21:36:47,202 [45e724c1-f4a6-4405-a7cb-dfa9f2e55867@group-09A22F1DE51A-StateMachineUpdater] INFO  ratis.ContainerStateMachine (ContainerStateMachine.java:takeSnapshot(330)) - group-09A22F1DE51A: Taking a snapshot at:(t:1, i:39) file /home/runner/work/ozone/ozone/hadoop-ozone/integration-test/target/test-dir/MiniOzoneClusterImpl-00f3567e-e140-4cd7-bd5a-f6438c2bd6c1/datanode-0/data/ratis/dfadf8e9-d1ea-4740-a7e7-09a22f1de51a/sm/snapshot.1_39
2023-06-22 21:36:47,202 [45e724c1-f4a6-4405-a7cb-dfa9f2e55867@group-09A22F1DE51A-FollowerState] INFO  impl.FollowerState (FollowerState.java:run(152)) - 45e724c1-f4a6-4405-a7cb-dfa9f2e55867@group-09A22F1DE51A-FollowerState was interrupted
2023-06-22 21:36:47,202 [Thread-1508] INFO  server.GrpcServerProtocolClient (GrpcServerProtocolClient.java:close(103)) - 470642db-8038-41e5-a5f3-81d987be2f99 Close channels
2023-06-22 21:36:47,203 [grpc-default-executor-7] WARN  server.GrpcClientProtocolService (LogUtils.java:warn(122)) - 6-UnorderedRequestStreamObserver6: onError: org.apache.ratis.thirdparty.io.grpc.StatusRuntimeException: CANCELLED: client cancelled
2023-06-22 21:36:47,213 [45e724c1-f4a6-4405-a7cb-dfa9f2e55867@group-A5E06D3F0768-StateMachineUpdater] INFO  ratis.ContainerStateMachine (ContainerStateMachine.java:takeSnapshot(341)) - group-A5E06D3F0768: Finished taking a snapshot at:(t:1, i:0) file:/home/runner/work/ozone/ozone/hadoop-ozone/integration-test/target/test-dir/MiniOzoneClusterImpl-00f3567e-e140-4cd7-bd5a-f6438c2bd6c1/datanode-0/data/ratis/9738aa18-fd40-4528-a6bb-a5e06d3f0768/sm/snapshot.1_0 took: 33 ms
2023-06-22 21:36:47,213 [470642db-8038-41e5-a5f3-81d987be2f99@group-A70F0797E8D8-StateMachineUpdater] INFO  ratis.ContainerStateMachine (ContainerStateMachine.java:takeSnapshot(341)) - group-A70F0797E8D8: Finished taking a snapshot at:(t:1, i:0) file:/home/runner/work/ozone/ozone/hadoop-ozone/integration-test/target/test-dir/MiniOzoneClusterImpl-00f3567e-e140-4cd7-bd5a-f6438c2bd6c1/datanode-2/data/ratis/d41ad71e-5df2-4edc-b6f0-a70f0797e8d8/sm/snapshot.1_0 took: 135 ms
2023-06-22 21:36:47,213 [84a824f3-7f5d-4f33-8f93-63e849b7c227@group-FF2192B43C5E-StateMachineUpdater] INFO  ratis.ContainerStateMachine (ContainerStateMachine.java:takeSnapshot(341)) - group-FF2192B43C5E: Finished taking a snapshot at:(t:1, i:0) file:/home/runner/work/ozone/ozone/hadoop-ozone/integration-test/target/test-dir/MiniOzoneClusterImpl-00f3567e-e140-4cd7-bd5a-f6438c2bd6c1/datanode-1/data/ratis/0cfc2953-45a1-4cfe-b0a1-ff2192b43c5e/sm/snapshot.1_0 took: 154 ms
2023-06-22 21:36:47,214 [4917f783-1696-4d8b-b9da-38da8f9791cf@group-7086F9A91E1C-StateMachineUpdater] INFO  ratis.ContainerStateMachine (ContainerStateMachine.java:takeSnapshot(341)) - group-7086F9A91E1C: Finished taking a snapshot at:(t:1, i:0) file:/home/runner/work/ozone/ozone/hadoop-ozone/integration-test/target/test-dir/MiniOzoneClusterImpl-00f3567e-e140-4cd7-bd5a-f6438c2bd6c1/datanode-3/data/ratis/52fe31b4-3043-41fa-950a-7086f9a91e1c/sm/snapshot.1_0 took: 77 ms
2023-06-22 21:36:47,214 [e93313c7-0cf0-4fbd-b335-d67d16700e0a@group-CEF5FDFD51FF-StateMachineUpdater] INFO  ratis.ContainerStateMachine (ContainerStateMachine.java:takeSnapshot(341)) - group-CEF5FDFD51FF: Finished taking a snapshot at:(t:1, i:0) file:/home/runner/work/ozone/ozone/hadoop-ozone/integration-test/target/test-dir/MiniOzoneClusterImpl-00f3567e-e140-4cd7-bd5a-f6438c2bd6c1/datanode-4/data/ratis/bedf5fc8-7e98-4a94-934c-cef5fdfd51ff/sm/snapshot.1_0 took: 77 ms
2023-06-22 21:36:47,215 [e93313c7-0cf0-4fbd-b335-d67d16700e0a@group-CEF5FDFD51FF-StateMachineUpdater] INFO  impl.StateMachineUpdater (StateMachineUpdater.java:takeSnapshot(291)) - e93313c7-0cf0-4fbd-b335-d67d16700e0a@group-CEF5FDFD51FF-StateMachineUpdater: Took a snapshot at index 0
2023-06-22 21:36:47,215 [84a824f3-7f5d-4f33-8f93-63e849b7c227@group-FF2192B43C5E-StateMachineUpdater] INFO  impl.StateMachineUpdater (StateMachineUpdater.java:takeSnapshot(291)) - 84a824f3-7f5d-4f33-8f93-63e849b7c227@group-FF2192B43C5E-StateMachineUpdater: Took a snapshot at index 0
2023-06-22 21:36:47,215 [84a824f3-7f5d-4f33-8f93-63e849b7c227@group-FF2192B43C5E-StateMachineUpdater] INFO  impl.StateMachineUpdater (StateMachineUpdater.java:lambda$new$0(97)) - 84a824f3-7f5d-4f33-8f93-63e849b7c227@group-FF2192B43C5E-StateMachineUpdater: snapshotIndex: updateIncreasingly -1 -> 0
2023-06-22 21:36:47,215 [45e724c1-f4a6-4405-a7cb-dfa9f2e55867@group-A5E06D3F0768-StateMachineUpdater] INFO  impl.StateMachineUpdater (StateMachineUpdater.java:takeSnapshot(291)) - 45e724c1-f4a6-4405-a7cb-dfa9f2e55867@group-A5E06D3F0768-StateMachineUpdater: Took a snapshot at index 0
2023-06-22 21:36:47,215 [45e724c1-f4a6-4405-a7cb-dfa9f2e55867@group-A5E06D3F0768-StateMachineUpdater] INFO  impl.StateMachineUpdater (StateMachineUpdater.java:lambda$new$0(97)) - 45e724c1-f4a6-4405-a7cb-dfa9f2e55867@group-A5E06D3F0768-StateMachineUpdater: snapshotIndex: updateIncreasingly -1 -> 0
2023-06-22 21:36:47,215 [470642db-8038-41e5-a5f3-81d987be2f99@group-A70F0797E8D8-StateMachineUpdater] INFO  impl.StateMachineUpdater (StateMachineUpdater.java:takeSnapshot(291)) - 470642db-8038-41e5-a5f3-81d987be2f99@group-A70F0797E8D8-StateMachineUpdater: Took a snapshot at index 0
2023-06-22 21:36:47,215 [4917f783-1696-4d8b-b9da-38da8f9791cf@group-7086F9A91E1C-StateMachineUpdater] INFO  impl.StateMachineUpdater (StateMachineUpdater.java:takeSnapshot(291)) - 4917f783-1696-4d8b-b9da-38da8f9791cf@group-7086F9A91E1C-StateMachineUpdater: Took a snapshot at index 0
2023-06-22 21:36:47,216 [4917f783-1696-4d8b-b9da-38da8f9791cf@group-7086F9A91E1C-StateMachineUpdater] INFO  impl.StateMachineUpdater (StateMachineUpdater.java:lambda$new$0(97)) - 4917f783-1696-4d8b-b9da-38da8f9791cf@group-7086F9A91E1C-StateMachineUpdater: snapshotIndex: updateIncreasingly -1 -> 0
2023-06-22 21:36:47,215 [e93313c7-0cf0-4fbd-b335-d67d16700e0a@group-CEF5FDFD51FF-StateMachineUpdater] INFO  impl.StateMachineUpdater (StateMachineUpdater.java:lambda$new$0(97)) - e93313c7-0cf0-4fbd-b335-d67d16700e0a@group-CEF5FDFD51FF-StateMachineUpdater: snapshotIndex: updateIncreasingly -1 -> 0
2023-06-22 21:36:47,216 [470642db-8038-41e5-a5f3-81d987be2f99@group-A70F0797E8D8-StateMachineUpdater] INFO  impl.StateMachineUpdater (StateMachineUpdater.java:lambda$new$0(97)) - 470642db-8038-41e5-a5f3-81d987be2f99@group-A70F0797E8D8-StateMachineUpdater: snapshotIndex: updateIncreasingly -1 -> 0
2023-06-22 21:36:47,218 [45e724c1-f4a6-4405-a7cb-dfa9f2e55867-impl-thread4] INFO  impl.PendingRequests (PendingRequests.java:sendNotLeaderResponses(289)) - 45e724c1-f4a6-4405-a7cb-dfa9f2e55867@group-1D9C35B47DFD-PendingRequests: sendNotLeaderResponses
2023-06-22 21:36:47,218 [45e724c1-f4a6-4405-a7cb-dfa9f2e55867@group-1D9C35B47DFD->470642db-8038-41e5-a5f3-81d987be2f99-GrpcLogAppender-LogAppenderDaemon] WARN  server.GrpcLogAppender (GrpcLogAppender.java:mayWait(199)) - 45e724c1-f4a6-4405-a7cb-dfa9f2e55867@group-1D9C35B47DFD->470642db-8038-41e5-a5f3-81d987be2f99-GrpcLogAppender: Wait interrupted by java.lang.InterruptedException
2023-06-22 21:36:47,218 [45e724c1-f4a6-4405-a7cb-dfa9f2e55867@group-1D9C35B47DFD->84a824f3-7f5d-4f33-8f93-63e849b7c227-GrpcLogAppender-LogAppenderDaemon] WARN  server.GrpcLogAppender (GrpcLogAppender.java:mayWait(199)) - 45e724c1-f4a6-4405-a7cb-dfa9f2e55867@group-1D9C35B47DFD->84a824f3-7f5d-4f33-8f93-63e849b7c227-GrpcLogAppender: Wait interrupted by java.lang.InterruptedException
2023-06-22 21:36:47,239 [ForkJoinPool.commonPool-worker-3] INFO  server.GrpcService (GrpcService.java:closeImpl(320)) - 45e724c1-f4a6-4405-a7cb-dfa9f2e55867: shutdown server org.apache.ratis.grpc.server.GrpcClientProtocolService successfully
2023-06-22 21:36:47,239 [ForkJoinPool.commonPool-worker-3] INFO  server.GrpcService (GrpcService.java:closeImpl(311)) - 45e724c1-f4a6-4405-a7cb-dfa9f2e55867: shutdown server GrpcServerProtocolService now
2023-06-22 21:36:47,243 [84a824f3-7f5d-4f33-8f93-63e849b7c227-impl-thread2] INFO  server.RaftServer$Division (ServerState.java:close(472)) - 84a824f3-7f5d-4f33-8f93-63e849b7c227@group-FF2192B43C5E: closes. applyIndex: 0
2023-06-22 21:36:47,243 [e93313c7-0cf0-4fbd-b335-d67d16700e0a-impl-thread2] INFO  server.RaftServer$Division (ServerState.java:close(472)) - e93313c7-0cf0-4fbd-b335-d67d16700e0a@group-CEF5FDFD51FF: closes. applyIndex: 0
2023-06-22 21:36:47,243 [4917f783-1696-4d8b-b9da-38da8f9791cf-impl-thread2] INFO  server.RaftServer$Division (ServerState.java:close(472)) - 4917f783-1696-4d8b-b9da-38da8f9791cf@group-7086F9A91E1C: closes. applyIndex: 0
2023-06-22 21:36:47,244 [470642db-8038-41e5-a5f3-81d987be2f99-impl-thread2] INFO  server.RaftServer$Division (ServerState.java:close(472)) - 470642db-8038-41e5-a5f3-81d987be2f99@group-A70F0797E8D8: closes. applyIndex: 0
2023-06-22 21:36:47,243 [45e724c1-f4a6-4405-a7cb-dfa9f2e55867-impl-thread2] INFO  server.RaftServer$Division (ServerState.java:close(472)) - 45e724c1-f4a6-4405-a7cb-dfa9f2e55867@group-A5E06D3F0768: closes. applyIndex: 0
2023-06-22 21:36:47,245 [45e724c1-f4a6-4405-a7cb-dfa9f2e55867@group-09A22F1DE51A-StateMachineUpdater] INFO  ratis.ContainerStateMachine (ContainerStateMachine.java:takeSnapshot(341)) - group-09A22F1DE51A: Finished taking a snapshot at:(t:1, i:39) file:/home/runner/work/ozone/ozone/hadoop-ozone/integration-test/target/test-dir/MiniOzoneClusterImpl-00f3567e-e140-4cd7-bd5a-f6438c2bd6c1/datanode-0/data/ratis/dfadf8e9-d1ea-4740-a7e7-09a22f1de51a/sm/snapshot.1_39 took: 43 ms
2023-06-22 21:36:47,245 [84a824f3-7f5d-4f33-8f93-63e849b7c227@group-09A22F1DE51A-StateMachineUpdater] INFO  ratis.ContainerStateMachine (ContainerStateMachine.java:takeSnapshot(341)) - group-09A22F1DE51A: Finished taking a snapshot at:(t:1, i:39) file:/home/runner/work/ozone/ozone/hadoop-ozone/integration-test/target/test-dir/MiniOzoneClusterImpl-00f3567e-e140-4cd7-bd5a-f6438c2bd6c1/datanode-1/data/ratis/dfadf8e9-d1ea-4740-a7e7-09a22f1de51a/sm/snapshot.1_39 took: 182 ms
2023-06-22 21:36:47,245 [84a824f3-7f5d-4f33-8f93-63e849b7c227@group-1D9C35B47DFD-StateMachineUpdater] INFO  ratis.ContainerStateMachine (ContainerStateMachine.java:takeSnapshot(341)) - group-1D9C35B47DFD: Finished taking a snapshot at:(t:1, i:32) file:/home/runner/work/ozone/ozone/hadoop-ozone/integration-test/target/test-dir/MiniOzoneClusterImpl-00f3567e-e140-4cd7-bd5a-f6438c2bd6c1/datanode-1/data/ratis/7edd585c-dcb0-4340-be99-1d9c35b47dfd/sm/snapshot.1_32 took: 182 ms
2023-06-22 21:36:47,245 [45e724c1-f4a6-4405-a7cb-dfa9f2e55867@group-09A22F1DE51A-StateMachineUpdater] INFO  impl.StateMachineUpdater (StateMachineUpdater.java:takeSnapshot(291)) - 45e724c1-f4a6-4405-a7cb-dfa9f2e55867@group-09A22F1DE51A-StateMachineUpdater: Took a snapshot at index 39
2023-06-22 21:36:47,245 [84a824f3-7f5d-4f33-8f93-63e849b7c227@group-09A22F1DE51A-StateMachineUpdater] INFO  impl.StateMachineUpdater (StateMachineUpdater.java:takeSnapshot(291)) - 84a824f3-7f5d-4f33-8f93-63e849b7c227@group-09A22F1DE51A-StateMachineUpdater: Took a snapshot at index 39
2023-06-22 21:36:47,246 [470642db-8038-41e5-a5f3-81d987be2f99@group-1D9C35B47DFD-StateMachineUpdater] INFO  ratis.ContainerStateMachine (ContainerStateMachine.java:takeSnapshot(341)) - group-1D9C35B47DFD: Finished taking a snapshot at:(t:1, i:32) file:/home/runner/work/ozone/ozone/hadoop-ozone/integration-test/target/test-dir/MiniOzoneClusterImpl-00f3567e-e140-4cd7-bd5a-f6438c2bd6c1/datanode-2/data/ratis/7edd585c-dcb0-4340-be99-1d9c35b47dfd/sm/snapshot.1_32 took: 156 ms
2023-06-22 21:36:47,246 [84a824f3-7f5d-4f33-8f93-63e849b7c227@group-1D9C35B47DFD-StateMachineUpdater] INFO  impl.StateMachineUpdater (StateMachineUpdater.java:takeSnapshot(291)) - 84a824f3-7f5d-4f33-8f93-63e849b7c227@group-1D9C35B47DFD-StateMachineUpdater: Took a snapshot at index 32
2023-06-22 21:36:47,246 [84a824f3-7f5d-4f33-8f93-63e849b7c227@group-1D9C35B47DFD-StateMachineUpdater] INFO  impl.StateMachineUpdater (StateMachineUpdater.java:lambda$new$0(97)) - 84a824f3-7f5d-4f33-8f93-63e849b7c227@group-1D9C35B47DFD-StateMachineUpdater: snapshotIndex: updateIncreasingly -1 -> 32
2023-06-22 21:36:47,246 [470642db-8038-41e5-a5f3-81d987be2f99@group-09A22F1DE51A-StateMachineUpdater] INFO  ratis.ContainerStateMachine (ContainerStateMachine.java:takeSnapshot(341)) - group-09A22F1DE51A: Finished taking a snapshot at:(t:1, i:40) file:/home/runner/work/ozone/ozone/hadoop-ozone/integration-test/target/test-dir/MiniOzoneClusterImpl-00f3567e-e140-4cd7-bd5a-f6438c2bd6c1/datanode-2/data/ratis/dfadf8e9-d1ea-4740-a7e7-09a22f1de51a/sm/snapshot.1_40 took: 133 ms
2023-06-22 21:36:47,246 [470642db-8038-41e5-a5f3-81d987be2f99@group-09A22F1DE51A-StateMachineUpdater] INFO  impl.StateMachineUpdater (StateMachineUpdater.java:takeSnapshot(291)) - 470642db-8038-41e5-a5f3-81d987be2f99@group-09A22F1DE51A-StateMachineUpdater: Took a snapshot at index 40
2023-06-22 21:36:47,246 [470642db-8038-41e5-a5f3-81d987be2f99@group-09A22F1DE51A-StateMachineUpdater] INFO  impl.StateMachineUpdater (StateMachineUpdater.java:lambda$new$0(97)) - 470642db-8038-41e5-a5f3-81d987be2f99@group-09A22F1DE51A-StateMachineUpdater: snapshotIndex: updateIncreasingly -1 -> 40
2023-06-22 21:36:47,245 [45e724c1-f4a6-4405-a7cb-dfa9f2e55867@group-09A22F1DE51A-StateMachineUpdater] INFO  impl.StateMachineUpdater (StateMachineUpdater.java:lambda$new$0(97)) - 45e724c1-f4a6-4405-a7cb-dfa9f2e55867@group-09A22F1DE51A-StateMachineUpdater: snapshotIndex: updateIncreasingly -1 -> 39
2023-06-22 21:36:47,246 [470642db-8038-41e5-a5f3-81d987be2f99@group-1D9C35B47DFD-StateMachineUpdater] INFO  impl.StateMachineUpdater (StateMachineUpdater.java:takeSnapshot(291)) - 470642db-8038-41e5-a5f3-81d987be2f99@group-1D9C35B47DFD-StateMachineUpdater: Took a snapshot at index 32
2023-06-22 21:36:47,246 [470642db-8038-41e5-a5f3-81d987be2f99@group-1D9C35B47DFD-StateMachineUpdater] INFO  impl.StateMachineUpdater (StateMachineUpdater.java:lambda$new$0(97)) - 470642db-8038-41e5-a5f3-81d987be2f99@group-1D9C35B47DFD-StateMachineUpdater: snapshotIndex: updateIncreasingly -1 -> 32
2023-06-22 21:36:47,246 [84a824f3-7f5d-4f33-8f93-63e849b7c227@group-09A22F1DE51A-StateMachineUpdater] INFO  impl.StateMachineUpdater (StateMachineUpdater.java:lambda$new$0(97)) - 84a824f3-7f5d-4f33-8f93-63e849b7c227@group-09A22F1DE51A-StateMachineUpdater: snapshotIndex: updateIncreasingly -1 -> 39
2023-06-22 21:36:47,249 [84a824f3-7f5d-4f33-8f93-63e849b7c227-impl-thread3] INFO  server.RaftServer$Division (ServerState.java:close(472)) - 84a824f3-7f5d-4f33-8f93-63e849b7c227@group-09A22F1DE51A: closes. applyIndex: 39
2023-06-22 21:36:47,250 [45e724c1-f4a6-4405-a7cb-dfa9f2e55867-impl-thread3] INFO  server.RaftServer$Division (ServerState.java:close(472)) - 45e724c1-f4a6-4405-a7cb-dfa9f2e55867@group-09A22F1DE51A: closes. applyIndex: 39
2023-06-22 21:36:47,250 [84a824f3-7f5d-4f33-8f93-63e849b7c227-impl-thread4] INFO  server.RaftServer$Division (ServerState.java:close(472)) - 84a824f3-7f5d-4f33-8f93-63e849b7c227@group-1D9C35B47DFD: closes. applyIndex: 32
2023-06-22 21:36:47,256 [45e724c1-f4a6-4405-a7cb-dfa9f2e55867-impl-thread4] INFO  impl.StateMachineUpdater (StateMachineUpdater.java:stopAndJoin(155)) - 45e724c1-f4a6-4405-a7cb-dfa9f2e55867@group-1D9C35B47DFD-StateMachineUpdater: set stopIndex = 32
2023-06-22 21:36:47,256 [45e724c1-f4a6-4405-a7cb-dfa9f2e55867@group-1D9C35B47DFD-StateMachineUpdater] INFO  ratis.ContainerStateMachine (ContainerStateMachine.java:takeSnapshot(330)) - group-1D9C35B47DFD: Taking a snapshot at:(t:1, i:32) file /home/runner/work/ozone/ozone/hadoop-ozone/integration-test/target/test-dir/MiniOzoneClusterImpl-00f3567e-e140-4cd7-bd5a-f6438c2bd6c1/datanode-0/data/ratis/7edd585c-dcb0-4340-be99-1d9c35b47dfd/sm/snapshot.1_32
2023-06-22 21:36:47,257 [45e724c1-f4a6-4405-a7cb-dfa9f2e55867@group-1D9C35B47DFD-StateMachineUpdater] INFO  ratis.ContainerStateMachine (ContainerStateMachine.java:takeSnapshot(341)) - group-1D9C35B47DFD: Finished taking a snapshot at:(t:1, i:32) file:/home/runner/work/ozone/ozone/hadoop-ozone/integration-test/target/test-dir/MiniOzoneClusterImpl-00f3567e-e140-4cd7-bd5a-f6438c2bd6c1/datanode-0/data/ratis/7edd585c-dcb0-4340-be99-1d9c35b47dfd/sm/snapshot.1_32 took: 1 ms
2023-06-22 21:36:47,257 [45e724c1-f4a6-4405-a7cb-dfa9f2e55867@group-1D9C35B47DFD-StateMachineUpdater] INFO  impl.StateMachineUpdater (StateMachineUpdater.java:takeSnapshot(291)) - 45e724c1-f4a6-4405-a7cb-dfa9f2e55867@group-1D9C35B47DFD-StateMachineUpdater: Took a snapshot at index 32
2023-06-22 21:36:47,257 [45e724c1-f4a6-4405-a7cb-dfa9f2e55867@group-1D9C35B47DFD-StateMachineUpdater] INFO  impl.StateMachineUpdater (StateMachineUpdater.java:lambda$new$0(97)) - 45e724c1-f4a6-4405-a7cb-dfa9f2e55867@group-1D9C35B47DFD-StateMachineUpdater: snapshotIndex: updateIncreasingly -1 -> 32
2023-06-22 21:36:47,258 [45e724c1-f4a6-4405-a7cb-dfa9f2e55867-impl-thread4] INFO  server.RaftServer$Division (ServerState.java:close(472)) - 45e724c1-f4a6-4405-a7cb-dfa9f2e55867@group-1D9C35B47DFD: closes. applyIndex: 32
2023-06-22 21:36:47,259 [470642db-8038-41e5-a5f3-81d987be2f99-impl-thread3] INFO  server.RaftServer$Division (ServerState.java:close(472)) - 470642db-8038-41e5-a5f3-81d987be2f99@group-09A22F1DE51A: closes. applyIndex: 40
2023-06-22 21:36:47,264 [470642db-8038-41e5-a5f3-81d987be2f99-impl-thread4] INFO  server.RaftServer$Division (ServerState.java:close(472)) - 470642db-8038-41e5-a5f3-81d987be2f99@group-1D9C35B47DFD: closes. applyIndex: 32
2023-06-22 21:36:47,281 [ForkJoinPool.commonPool-worker-3] INFO  server.GrpcService (GrpcService.java:closeImpl(320)) - 45e724c1-f4a6-4405-a7cb-dfa9f2e55867: shutdown server GrpcServerProtocolService successfully
2023-06-22 21:36:47,281 [4917f783-1696-4d8b-b9da-38da8f9791cf-impl-thread2] INFO  segmented.SegmentedRaftLogWorker (SegmentedRaftLogWorker.java:close(252)) - 4917f783-1696-4d8b-b9da-38da8f9791cf@group-7086F9A91E1C-SegmentedRaftLogWorker close()
2023-06-22 21:36:47,282 [e93313c7-0cf0-4fbd-b335-d67d16700e0a-impl-thread2] INFO  segmented.SegmentedRaftLogWorker (SegmentedRaftLogWorker.java:close(252)) - e93313c7-0cf0-4fbd-b335-d67d16700e0a@group-CEF5FDFD51FF-SegmentedRaftLogWorker close()
2023-06-22 21:36:47,281 [ForkJoinPool.commonPool-worker-3] INFO  server.GrpcService (GrpcService.java:closeImpl(311)) - 45e724c1-f4a6-4405-a7cb-dfa9f2e55867: shutdown server org.apache.ratis.grpc.server.GrpcAdminProtocolService now
2023-06-22 21:36:47,287 [ForkJoinPool.commonPool-worker-3] INFO  server.GrpcService (GrpcService.java:closeImpl(320)) - 45e724c1-f4a6-4405-a7cb-dfa9f2e55867: shutdown server org.apache.ratis.grpc.server.GrpcAdminProtocolService successfully
2023-06-22 21:36:47,288 [JvmPauseMonitor6] INFO  util.JvmPauseMonitor (JvmPauseMonitor.java:run(109)) - JvmPauseMonitor-e93313c7-0cf0-4fbd-b335-d67d16700e0a: Stopped
2023-06-22 21:36:47,288 [JvmPauseMonitor5] INFO  util.JvmPauseMonitor (JvmPauseMonitor.java:run(109)) - JvmPauseMonitor-4917f783-1696-4d8b-b9da-38da8f9791cf: Stopped
2023-06-22 21:36:47,289 [45e724c1-f4a6-4405-a7cb-dfa9f2e55867-NettyServerStreamRpc-bossGroup--thread1] INFO  logging.LoggingHandler (AbstractInternalLogger.java:log(148)) - [id: 0xf5dc1bf1, L:/0:0:0:0:0:0:0:0:15015] CLOSE
2023-06-22 21:36:47,289 [45e724c1-f4a6-4405-a7cb-dfa9f2e55867-NettyServerStreamRpc-bossGroup--thread1] INFO  logging.LoggingHandler (AbstractInternalLogger.java:log(148)) - [id: 0xf5dc1bf1, L:/0:0:0:0:0:0:0:0:15015] INACTIVE
2023-06-22 21:36:47,289 [45e724c1-f4a6-4405-a7cb-dfa9f2e55867-NettyServerStreamRpc-bossGroup--thread1] INFO  logging.LoggingHandler (AbstractInternalLogger.java:log(148)) - [id: 0xf5dc1bf1, L:/0:0:0:0:0:0:0:0:15015] UNREGISTERED
2023-06-22 21:36:47,487 [45e724c1-f4a6-4405-a7cb-dfa9f2e55867-impl-thread4] INFO  segmented.SegmentedRaftLogWorker (SegmentedRaftLogWorker.java:close(252)) - 45e724c1-f4a6-4405-a7cb-dfa9f2e55867@group-1D9C35B47DFD-SegmentedRaftLogWorker close()
2023-06-22 21:36:47,509 [84a824f3-7f5d-4f33-8f93-63e849b7c227-impl-thread4] INFO  segmented.SegmentedRaftLogWorker (SegmentedRaftLogWorker.java:close(252)) - 84a824f3-7f5d-4f33-8f93-63e849b7c227@group-1D9C35B47DFD-SegmentedRaftLogWorker close()
2023-06-22 21:36:47,511 [470642db-8038-41e5-a5f3-81d987be2f99-impl-thread4] INFO  segmented.SegmentedRaftLogWorker (SegmentedRaftLogWorker.java:close(252)) - 470642db-8038-41e5-a5f3-81d987be2f99@group-1D9C35B47DFD-SegmentedRaftLogWorker close()
2023-06-22 21:36:47,939 [470642db-8038-41e5-a5f3-81d987be2f99-impl-thread3] INFO  segmented.SegmentedRaftLogWorker (SegmentedRaftLogWorker.java:close(252)) - 470642db-8038-41e5-a5f3-81d987be2f99@group-09A22F1DE51A-SegmentedRaftLogWorker close()
2023-06-22 21:36:47,957 [84a824f3-7f5d-4f33-8f93-63e849b7c227-impl-thread3] INFO  segmented.SegmentedRaftLogWorker (SegmentedRaftLogWorker.java:close(252)) - 84a824f3-7f5d-4f33-8f93-63e849b7c227@group-09A22F1DE51A-SegmentedRaftLogWorker close()
2023-06-22 21:36:47,957 [45e724c1-f4a6-4405-a7cb-dfa9f2e55867-impl-thread3] INFO  segmented.SegmentedRaftLogWorker (SegmentedRaftLogWorker.java:close(252)) - 45e724c1-f4a6-4405-a7cb-dfa9f2e55867@group-09A22F1DE51A-SegmentedRaftLogWorker close()
2023-06-22 21:36:48,162 [84a824f3-7f5d-4f33-8f93-63e849b7c227-impl-thread2] INFO  segmented.SegmentedRaftLogWorker (SegmentedRaftLogWorker.java:close(252)) - 84a824f3-7f5d-4f33-8f93-63e849b7c227@group-FF2192B43C5E-SegmentedRaftLogWorker close()
2023-06-22 21:36:48,162 [JvmPauseMonitor3] INFO  util.JvmPauseMonitor (JvmPauseMonitor.java:run(109)) - JvmPauseMonitor-84a824f3-7f5d-4f33-8f93-63e849b7c227: Stopped
2023-06-22 21:36:48,163 [45e724c1-f4a6-4405-a7cb-dfa9f2e55867-impl-thread2] INFO  segmented.SegmentedRaftLogWorker (SegmentedRaftLogWorker.java:close(252)) - 45e724c1-f4a6-4405-a7cb-dfa9f2e55867@group-A5E06D3F0768-SegmentedRaftLogWorker close()
2023-06-22 21:36:48,164 [470642db-8038-41e5-a5f3-81d987be2f99-impl-thread2] INFO  segmented.SegmentedRaftLogWorker (SegmentedRaftLogWorker.java:close(252)) - 470642db-8038-41e5-a5f3-81d987be2f99@group-A70F0797E8D8-SegmentedRaftLogWorker close()
2023-06-22 21:36:48,166 [JvmPauseMonitor4] INFO  util.JvmPauseMonitor (JvmPauseMonitor.java:run(109)) - JvmPauseMonitor-470642db-8038-41e5-a5f3-81d987be2f99: Stopped
2023-06-22 21:36:48,169 [JvmPauseMonitor2] INFO  util.JvmPauseMonitor (JvmPauseMonitor.java:run(109)) - JvmPauseMonitor-45e724c1-f4a6-4405-a7cb-dfa9f2e55867: Stopped
2023-06-22 21:36:49,335 [ForkJoinPool.commonPool-worker-2] INFO  utils.DatanodeStoreCache (DatanodeStoreCache.java:shutdownCache(110)) - Skip clearing cache in mini cluster mode. Entries left: [/home/runner/work/ozone/ozone/hadoop-ozone/integration-test/target/test-dir/MiniOzoneClusterImpl-00f3567e-e140-4cd7-bd5a-f6438c2bd6c1/datanode-0/data-0/containers/hdds/00f3567e-e140-4cd7-bd5a-f6438c2bd6c1/DS-2d24a55a-9996-4d6b-a253-1100bdb68c7d/container.db, /home/runner/work/ozone/ozone/hadoop-ozone/integration-test/target/test-dir/MiniOzoneClusterImpl-00f3567e-e140-4cd7-bd5a-f6438c2bd6c1/datanode-1/data-0/containers/hdds/00f3567e-e140-4cd7-bd5a-f6438c2bd6c1/DS-ec6c3047-34f0-4662-b391-2d5f99848c1d/container.db, /home/runner/work/ozone/ozone/hadoop-ozone/integration-test/target/test-dir/MiniOzoneClusterImpl-00f3567e-e140-4cd7-bd5a-f6438c2bd6c1/datanode-2/data-0/containers/hdds/00f3567e-e140-4cd7-bd5a-f6438c2bd6c1/DS-b556962a-a841-42fe-a724-17724c241f7b/container.db, /home/runner/work/ozone/ozone/hadoop-ozone/integration-test/target/test-dir/MiniOzoneClusterImpl-00f3567e-e140-4cd7-bd5a-f6438c2bd6c1/datanode-3/data-0/containers/hdds/00f3567e-e140-4cd7-bd5a-f6438c2bd6c1/DS-16c1d27e-f7ab-4290-a24c-5d57ad8b5c13/container.db, /home/runner/work/ozone/ozone/hadoop-ozone/integration-test/target/test-dir/MiniOzoneClusterImpl-00f3567e-e140-4cd7-bd5a-f6438c2bd6c1/datanode-4/data-0/containers/hdds/00f3567e-e140-4cd7-bd5a-f6438c2bd6c1/DS-cbb2d087-41eb-4e67-8752-aa1728abc532/container.db]
2023-06-22 21:36:49,337 [ForkJoinPool.commonPool-worker-0] INFO  utils.DatanodeStoreCache (DatanodeStoreCache.java:shutdownCache(110)) - Skip clearing cache in mini cluster mode. Entries left: [/home/runner/work/ozone/ozone/hadoop-ozone/integration-test/target/test-dir/MiniOzoneClusterImpl-00f3567e-e140-4cd7-bd5a-f6438c2bd6c1/datanode-0/data-0/containers/hdds/00f3567e-e140-4cd7-bd5a-f6438c2bd6c1/DS-2d24a55a-9996-4d6b-a253-1100bdb68c7d/container.db, /home/runner/work/ozone/ozone/hadoop-ozone/integration-test/target/test-dir/MiniOzoneClusterImpl-00f3567e-e140-4cd7-bd5a-f6438c2bd6c1/datanode-1/data-0/containers/hdds/00f3567e-e140-4cd7-bd5a-f6438c2bd6c1/DS-ec6c3047-34f0-4662-b391-2d5f99848c1d/container.db, /home/runner/work/ozone/ozone/hadoop-ozone/integration-test/target/test-dir/MiniOzoneClusterImpl-00f3567e-e140-4cd7-bd5a-f6438c2bd6c1/datanode-2/data-0/containers/hdds/00f3567e-e140-4cd7-bd5a-f6438c2bd6c1/DS-b556962a-a841-42fe-a724-17724c241f7b/container.db, /home/runner/work/ozone/ozone/hadoop-ozone/integration-test/target/test-dir/MiniOzoneClusterImpl-00f3567e-e140-4cd7-bd5a-f6438c2bd6c1/datanode-3/data-0/containers/hdds/00f3567e-e140-4cd7-bd5a-f6438c2bd6c1/DS-16c1d27e-f7ab-4290-a24c-5d57ad8b5c13/container.db, /home/runner/work/ozone/ozone/hadoop-ozone/integration-test/target/test-dir/MiniOzoneClusterImpl-00f3567e-e140-4cd7-bd5a-f6438c2bd6c1/datanode-4/data-0/containers/hdds/00f3567e-e140-4cd7-bd5a-f6438c2bd6c1/DS-cbb2d087-41eb-4e67-8752-aa1728abc532/container.db]
2023-06-22 21:36:49,345 [ForkJoinPool.commonPool-worker-0] INFO  utils.DatanodeStoreCache (DatanodeStoreCache.java:removeDB(104)) - Removed db /home/runner/work/ozone/ozone/hadoop-ozone/integration-test/target/test-dir/MiniOzoneClusterImpl-00f3567e-e140-4cd7-bd5a-f6438c2bd6c1/datanode-4/data-0/containers/hdds/00f3567e-e140-4cd7-bd5a-f6438c2bd6c1/DS-cbb2d087-41eb-4e67-8752-aa1728abc532/container.db from cache
2023-06-22 21:36:49,345 [ForkJoinPool.commonPool-worker-2] INFO  utils.DatanodeStoreCache (DatanodeStoreCache.java:removeDB(104)) - Removed db /home/runner/work/ozone/ozone/hadoop-ozone/integration-test/target/test-dir/MiniOzoneClusterImpl-00f3567e-e140-4cd7-bd5a-f6438c2bd6c1/datanode-3/data-0/containers/hdds/00f3567e-e140-4cd7-bd5a-f6438c2bd6c1/DS-16c1d27e-f7ab-4290-a24c-5d57ad8b5c13/container.db from cache
2023-06-22 21:36:49,346 [ForkJoinPool.commonPool-worker-0] INFO  volume.HddsVolume (HddsVolume.java:closeDbStore(437)) - SchemaV3 db is stopped at /home/runner/work/ozone/ozone/hadoop-ozone/integration-test/target/test-dir/MiniOzoneClusterImpl-00f3567e-e140-4cd7-bd5a-f6438c2bd6c1/datanode-4/data-0/containers/hdds/00f3567e-e140-4cd7-bd5a-f6438c2bd6c1/DS-cbb2d087-41eb-4e67-8752-aa1728abc532/container.db for volume DS-cbb2d087-41eb-4e67-8752-aa1728abc532
2023-06-22 21:36:49,346 [ForkJoinPool.commonPool-worker-2] INFO  volume.HddsVolume (HddsVolume.java:closeDbStore(437)) - SchemaV3 db is stopped at /home/runner/work/ozone/ozone/hadoop-ozone/integration-test/target/test-dir/MiniOzoneClusterImpl-00f3567e-e140-4cd7-bd5a-f6438c2bd6c1/datanode-3/data-0/containers/hdds/00f3567e-e140-4cd7-bd5a-f6438c2bd6c1/DS-16c1d27e-f7ab-4290-a24c-5d57ad8b5c13/container.db for volume DS-16c1d27e-f7ab-4290-a24c-5d57ad8b5c13
2023-06-22 21:36:49,346 [ForkJoinPool.commonPool-worker-0] INFO  utils.BackgroundService (BackgroundService.java:shutdown(141)) - Shutting down service BlockDeletingService
2023-06-22 21:36:49,347 [ForkJoinPool.commonPool-worker-2] INFO  utils.BackgroundService (BackgroundService.java:shutdown(141)) - Shutting down service BlockDeletingService
2023-06-22 21:36:49,350 [ForkJoinPool.commonPool-worker-0] INFO  utils.BackgroundService (BackgroundService.java:shutdown(141)) - Shutting down service StaleRecoveringContainerScrubbingService
2023-06-22 21:36:49,350 [ForkJoinPool.commonPool-worker-2] INFO  utils.BackgroundService (BackgroundService.java:shutdown(141)) - Shutting down service StaleRecoveringContainerScrubbingService
2023-06-22 21:36:49,355 [ForkJoinPool.commonPool-worker-0] INFO  statemachine.DatanodeStateMachine (DatanodeStateMachine.java:stopDaemon(613)) - Ozone container server stopped.
2023-06-22 21:36:49,355 [ForkJoinPool.commonPool-worker-2] INFO  statemachine.DatanodeStateMachine (DatanodeStateMachine.java:stopDaemon(613)) - Ozone container server stopped.
2023-06-22 21:36:49,376 [ForkJoinPool.commonPool-worker-0] INFO  handler.ContextHandler (ContextHandler.java:doStop(1159)) - Stopped o.e.j.w.WebAppContext@2e115c27{hddsDatanode,/,null,STOPPED}{jar:file:/home/runner/.m2/repository/org/apache/ozone/hdds-container-service/1.4.0-SNAPSHOT/hdds-container-service-1.4.0-SNAPSHOT.jar!/webapps/hddsDatanode}
2023-06-22 21:36:49,377 [ForkJoinPool.commonPool-worker-0] INFO  server.AbstractConnector (AbstractConnector.java:doStop(383)) - Stopped ServerConnector@1efc516f{HTTP/1.1, (http/1.1)}{0.0.0.0:15045}
2023-06-22 21:36:49,378 [ForkJoinPool.commonPool-worker-0] INFO  server.session (HouseKeeper.java:stopScavenging(149)) - node0 Stopped scavenging
2023-06-22 21:36:49,379 [ForkJoinPool.commonPool-worker-0] INFO  handler.ContextHandler (ContextHandler.java:doStop(1159)) - Stopped o.e.j.s.ServletContextHandler@53dfbc8{static,/static,jar:file:/home/runner/.m2/repository/org/apache/ozone/hdds-container-service/1.4.0-SNAPSHOT/hdds-container-service-1.4.0-SNAPSHOT.jar!/webapps/static,STOPPED}
2023-06-22 21:36:49,380 [ForkJoinPool.commonPool-worker-0] INFO  handler.ContextHandler (ContextHandler.java:doStop(1159)) - Stopped o.e.j.s.ServletContextHandler@7bbce84a{logs,/logs,file:///home/runner/work/ozone/ozone/hadoop-ozone/integration-test/target/log,STOPPED}
2023-06-22 21:36:49,382 [ForkJoinPool.commonPool-worker-0] INFO  ozone.HddsDatanodeClientProtocolServer (HddsDatanodeClientProtocolServer.java:stop(78)) - Stopping the RPC server for Client Protocol
2023-06-22 21:36:49,383 [ForkJoinPool.commonPool-worker-0] INFO  ipc.Server (Server.java:stop(3501)) - Stopping server on 15046
2023-06-22 21:36:49,389 [IPC Server Responder] INFO  ipc.Server (Server.java:run(1563)) - Stopping IPC Server Responder
2023-06-22 21:36:49,389 [IPC Server listener on 15046] INFO  ipc.Server (Server.java:run(1430)) - Stopping IPC Server listener on 15046
2023-06-22 21:36:49,391 [ForkJoinPool.commonPool-worker-2] INFO  handler.ContextHandler (ContextHandler.java:doStop(1159)) - Stopped o.e.j.w.WebAppContext@634d8b77{hddsDatanode,/,null,STOPPED}{jar:file:/home/runner/.m2/repository/org/apache/ozone/hdds-container-service/1.4.0-SNAPSHOT/hdds-container-service-1.4.0-SNAPSHOT.jar!/webapps/hddsDatanode}
2023-06-22 21:36:49,391 [ForkJoinPool.commonPool-worker-2] INFO  server.AbstractConnector (AbstractConnector.java:doStop(383)) - Stopped ServerConnector@7929ce8b{HTTP/1.1, (http/1.1)}{0.0.0.0:15036}
2023-06-22 21:36:49,392 [ForkJoinPool.commonPool-worker-2] INFO  server.session (HouseKeeper.java:stopScavenging(149)) - node0 Stopped scavenging
2023-06-22 21:36:49,392 [ForkJoinPool.commonPool-worker-2] INFO  handler.ContextHandler (ContextHandler.java:doStop(1159)) - Stopped o.e.j.s.ServletContextHandler@55517531{static,/static,jar:file:/home/runner/.m2/repository/org/apache/ozone/hdds-container-service/1.4.0-SNAPSHOT/hdds-container-service-1.4.0-SNAPSHOT.jar!/webapps/static,STOPPED}
2023-06-22 21:36:49,393 [ForkJoinPool.commonPool-worker-2] INFO  handler.ContextHandler (ContextHandler.java:doStop(1159)) - Stopped o.e.j.s.ServletContextHandler@3e158f3b{logs,/logs,file:///home/runner/work/ozone/ozone/hadoop-ozone/integration-test/target/log,STOPPED}
2023-06-22 21:36:49,398 [ForkJoinPool.commonPool-worker-2] INFO  ozone.HddsDatanodeClientProtocolServer (HddsDatanodeClientProtocolServer.java:stop(78)) - Stopping the RPC server for Client Protocol
2023-06-22 21:36:49,399 [ForkJoinPool.commonPool-worker-2] INFO  ipc.Server (Server.java:stop(3501)) - Stopping server on 15037
2023-06-22 21:36:49,399 [IPC Server listener on 15037] INFO  ipc.Server (Server.java:run(1430)) - Stopping IPC Server listener on 15037
2023-06-22 21:36:49,401 [IPC Server Responder] INFO  ipc.Server (Server.java:run(1563)) - Stopping IPC Server Responder
2023-06-22 21:36:50,177 [main] INFO  utils.DatanodeStoreCache (DatanodeStoreCache.java:shutdownCache(110)) - Skip clearing cache in mini cluster mode. Entries left: [/home/runner/work/ozone/ozone/hadoop-ozone/integration-test/target/test-dir/MiniOzoneClusterImpl-00f3567e-e140-4cd7-bd5a-f6438c2bd6c1/datanode-0/data-0/containers/hdds/00f3567e-e140-4cd7-bd5a-f6438c2bd6c1/DS-2d24a55a-9996-4d6b-a253-1100bdb68c7d/container.db, /home/runner/work/ozone/ozone/hadoop-ozone/integration-test/target/test-dir/MiniOzoneClusterImpl-00f3567e-e140-4cd7-bd5a-f6438c2bd6c1/datanode-1/data-0/containers/hdds/00f3567e-e140-4cd7-bd5a-f6438c2bd6c1/DS-ec6c3047-34f0-4662-b391-2d5f99848c1d/container.db, /home/runner/work/ozone/ozone/hadoop-ozone/integration-test/target/test-dir/MiniOzoneClusterImpl-00f3567e-e140-4cd7-bd5a-f6438c2bd6c1/datanode-2/data-0/containers/hdds/00f3567e-e140-4cd7-bd5a-f6438c2bd6c1/DS-b556962a-a841-42fe-a724-17724c241f7b/container.db]
2023-06-22 21:36:50,178 [main] INFO  utils.DatanodeStoreCache (DatanodeStoreCache.java:removeDB(104)) - Removed db /home/runner/work/ozone/ozone/hadoop-ozone/integration-test/target/test-dir/MiniOzoneClusterImpl-00f3567e-e140-4cd7-bd5a-f6438c2bd6c1/datanode-2/data-0/containers/hdds/00f3567e-e140-4cd7-bd5a-f6438c2bd6c1/DS-b556962a-a841-42fe-a724-17724c241f7b/container.db from cache
2023-06-22 21:36:50,178 [main] INFO  volume.HddsVolume (HddsVolume.java:closeDbStore(437)) - SchemaV3 db is stopped at /home/runner/work/ozone/ozone/hadoop-ozone/integration-test/target/test-dir/MiniOzoneClusterImpl-00f3567e-e140-4cd7-bd5a-f6438c2bd6c1/datanode-2/data-0/containers/hdds/00f3567e-e140-4cd7-bd5a-f6438c2bd6c1/DS-b556962a-a841-42fe-a724-17724c241f7b/container.db for volume DS-b556962a-a841-42fe-a724-17724c241f7b
2023-06-22 21:36:50,178 [main] INFO  utils.BackgroundService (BackgroundService.java:shutdown(141)) - Shutting down service BlockDeletingService
2023-06-22 21:36:50,180 [ForkJoinPool.commonPool-worker-1] INFO  utils.DatanodeStoreCache (DatanodeStoreCache.java:shutdownCache(110)) - Skip clearing cache in mini cluster mode. Entries left: [/home/runner/work/ozone/ozone/hadoop-ozone/integration-test/target/test-dir/MiniOzoneClusterImpl-00f3567e-e140-4cd7-bd5a-f6438c2bd6c1/datanode-0/data-0/containers/hdds/00f3567e-e140-4cd7-bd5a-f6438c2bd6c1/DS-2d24a55a-9996-4d6b-a253-1100bdb68c7d/container.db, /home/runner/work/ozone/ozone/hadoop-ozone/integration-test/target/test-dir/MiniOzoneClusterImpl-00f3567e-e140-4cd7-bd5a-f6438c2bd6c1/datanode-1/data-0/containers/hdds/00f3567e-e140-4cd7-bd5a-f6438c2bd6c1/DS-ec6c3047-34f0-4662-b391-2d5f99848c1d/container.db]
2023-06-22 21:36:50,182 [ForkJoinPool.commonPool-worker-1] INFO  utils.DatanodeStoreCache (DatanodeStoreCache.java:removeDB(104)) - Removed db /home/runner/work/ozone/ozone/hadoop-ozone/integration-test/target/test-dir/MiniOzoneClusterImpl-00f3567e-e140-4cd7-bd5a-f6438c2bd6c1/datanode-1/data-0/containers/hdds/00f3567e-e140-4cd7-bd5a-f6438c2bd6c1/DS-ec6c3047-34f0-4662-b391-2d5f99848c1d/container.db from cache
2023-06-22 21:36:50,182 [ForkJoinPool.commonPool-worker-1] INFO  volume.HddsVolume (HddsVolume.java:closeDbStore(437)) - SchemaV3 db is stopped at /home/runner/work/ozone/ozone/hadoop-ozone/integration-test/target/test-dir/MiniOzoneClusterImpl-00f3567e-e140-4cd7-bd5a-f6438c2bd6c1/datanode-1/data-0/containers/hdds/00f3567e-e140-4cd7-bd5a-f6438c2bd6c1/DS-ec6c3047-34f0-4662-b391-2d5f99848c1d/container.db for volume DS-ec6c3047-34f0-4662-b391-2d5f99848c1d
2023-06-22 21:36:50,183 [ForkJoinPool.commonPool-worker-1] INFO  utils.BackgroundService (BackgroundService.java:shutdown(141)) - Shutting down service BlockDeletingService
2023-06-22 21:36:50,184 [ForkJoinPool.commonPool-worker-1] INFO  utils.BackgroundService (BackgroundService.java:shutdown(141)) - Shutting down service StaleRecoveringContainerScrubbingService
2023-06-22 21:36:50,184 [main] INFO  utils.BackgroundService (BackgroundService.java:shutdown(141)) - Shutting down service StaleRecoveringContainerScrubbingService
2023-06-22 21:36:50,185 [main] INFO  statemachine.DatanodeStateMachine (DatanodeStateMachine.java:stopDaemon(613)) - Ozone container server stopped.
2023-06-22 21:36:50,194 [ForkJoinPool.commonPool-worker-3] INFO  utils.DatanodeStoreCache (DatanodeStoreCache.java:shutdownCache(110)) - Skip clearing cache in mini cluster mode. Entries left: [/home/runner/work/ozone/ozone/hadoop-ozone/integration-test/target/test-dir/MiniOzoneClusterImpl-00f3567e-e140-4cd7-bd5a-f6438c2bd6c1/datanode-0/data-0/containers/hdds/00f3567e-e140-4cd7-bd5a-f6438c2bd6c1/DS-2d24a55a-9996-4d6b-a253-1100bdb68c7d/container.db]
2023-06-22 21:36:50,195 [ForkJoinPool.commonPool-worker-1] INFO  statemachine.DatanodeStateMachine (DatanodeStateMachine.java:stopDaemon(613)) - Ozone container server stopped.
2023-06-22 21:36:50,196 [ForkJoinPool.commonPool-worker-3] INFO  utils.DatanodeStoreCache (DatanodeStoreCache.java:removeDB(104)) - Removed db /home/runner/work/ozone/ozone/hadoop-ozone/integration-test/target/test-dir/MiniOzoneClusterImpl-00f3567e-e140-4cd7-bd5a-f6438c2bd6c1/datanode-0/data-0/containers/hdds/00f3567e-e140-4cd7-bd5a-f6438c2bd6c1/DS-2d24a55a-9996-4d6b-a253-1100bdb68c7d/container.db from cache
2023-06-22 21:36:50,196 [ForkJoinPool.commonPool-worker-3] INFO  volume.HddsVolume (HddsVolume.java:closeDbStore(437)) - SchemaV3 db is stopped at /home/runner/work/ozone/ozone/hadoop-ozone/integration-test/target/test-dir/MiniOzoneClusterImpl-00f3567e-e140-4cd7-bd5a-f6438c2bd6c1/datanode-0/data-0/containers/hdds/00f3567e-e140-4cd7-bd5a-f6438c2bd6c1/DS-2d24a55a-9996-4d6b-a253-1100bdb68c7d/container.db for volume DS-2d24a55a-9996-4d6b-a253-1100bdb68c7d
2023-06-22 21:36:50,197 [ForkJoinPool.commonPool-worker-3] INFO  utils.BackgroundService (BackgroundService.java:shutdown(141)) - Shutting down service BlockDeletingService
2023-06-22 21:36:50,206 [ForkJoinPool.commonPool-worker-3] INFO  utils.BackgroundService (BackgroundService.java:shutdown(141)) - Shutting down service StaleRecoveringContainerScrubbingService
2023-06-22 21:36:50,210 [ForkJoinPool.commonPool-worker-3] INFO  statemachine.DatanodeStateMachine (DatanodeStateMachine.java:stopDaemon(613)) - Ozone container server stopped.
2023-06-22 21:36:50,222 [main] INFO  handler.ContextHandler (ContextHandler.java:doStop(1159)) - Stopped o.e.j.w.WebAppContext@5fcf0a35{hddsDatanode,/,null,STOPPED}{jar:file:/home/runner/.m2/repository/org/apache/ozone/hdds-container-service/1.4.0-SNAPSHOT/hdds-container-service-1.4.0-SNAPSHOT.jar!/webapps/hddsDatanode}
2023-06-22 21:36:50,225 [main] INFO  server.AbstractConnector (AbstractConnector.java:doStop(383)) - Stopped ServerConnector@8814c5d{HTTP/1.1, (http/1.1)}{0.0.0.0:15027}
2023-06-22 21:36:50,226 [main] INFO  server.session (HouseKeeper.java:stopScavenging(149)) - node0 Stopped scavenging
2023-06-22 21:36:50,226 [main] INFO  handler.ContextHandler (ContextHandler.java:doStop(1159)) - Stopped o.e.j.s.ServletContextHandler@3b38c606{static,/static,jar:file:/home/runner/.m2/repository/org/apache/ozone/hdds-container-service/1.4.0-SNAPSHOT/hdds-container-service-1.4.0-SNAPSHOT.jar!/webapps/static,STOPPED}
2023-06-22 21:36:50,226 [main] INFO  handler.ContextHandler (ContextHandler.java:doStop(1159)) - Stopped o.e.j.s.ServletContextHandler@60721067{logs,/logs,file:///home/runner/work/ozone/ozone/hadoop-ozone/integration-test/target/log,STOPPED}
2023-06-22 21:36:50,228 [main] INFO  ozone.HddsDatanodeClientProtocolServer (HddsDatanodeClientProtocolServer.java:stop(78)) - Stopping the RPC server for Client Protocol
2023-06-22 21:36:50,228 [main] INFO  ipc.Server (Server.java:stop(3501)) - Stopping server on 15028
2023-06-22 21:36:50,231 [ForkJoinPool.commonPool-worker-1] INFO  handler.ContextHandler (ContextHandler.java:doStop(1159)) - Stopped o.e.j.w.WebAppContext@b6901a{hddsDatanode,/,null,STOPPED}{jar:file:/home/runner/.m2/repository/org/apache/ozone/hdds-container-service/1.4.0-SNAPSHOT/hdds-container-service-1.4.0-SNAPSHOT.jar!/webapps/hddsDatanode}
2023-06-22 21:36:50,231 [IPC Server listener on 15028] INFO  ipc.Server (Server.java:run(1430)) - Stopping IPC Server listener on 15028
2023-06-22 21:36:50,231 [ForkJoinPool.commonPool-worker-1] INFO  server.AbstractConnector (AbstractConnector.java:doStop(383)) - Stopped ServerConnector@408a7f58{HTTP/1.1, (http/1.1)}{0.0.0.0:15018}
2023-06-22 21:36:50,234 [IPC Server Responder] INFO  ipc.Server (Server.java:run(1563)) - Stopping IPC Server Responder
2023-06-22 21:36:50,234 [ForkJoinPool.commonPool-worker-1] INFO  server.session (HouseKeeper.java:stopScavenging(149)) - node0 Stopped scavenging
2023-06-22 21:36:50,236 [ForkJoinPool.commonPool-worker-1] INFO  handler.ContextHandler (ContextHandler.java:doStop(1159)) - Stopped o.e.j.s.ServletContextHandler@30696c34{static,/static,jar:file:/home/runner/.m2/repository/org/apache/ozone/hdds-container-service/1.4.0-SNAPSHOT/hdds-container-service-1.4.0-SNAPSHOT.jar!/webapps/static,STOPPED}
2023-06-22 21:36:50,237 [ForkJoinPool.commonPool-worker-1] INFO  handler.ContextHandler (ContextHandler.java:doStop(1159)) - Stopped o.e.j.s.ServletContextHandler@44e31c4b{logs,/logs,file:///home/runner/work/ozone/ozone/hadoop-ozone/integration-test/target/log,STOPPED}
2023-06-22 21:36:50,238 [ForkJoinPool.commonPool-worker-1] INFO  ozone.HddsDatanodeClientProtocolServer (HddsDatanodeClientProtocolServer.java:stop(78)) - Stopping the RPC server for Client Protocol
2023-06-22 21:36:50,239 [ForkJoinPool.commonPool-worker-1] INFO  ipc.Server (Server.java:stop(3501)) - Stopping server on 15019
2023-06-22 21:36:50,241 [IPC Server Responder] INFO  ipc.Server (Server.java:run(1563)) - Stopping IPC Server Responder
2023-06-22 21:36:50,242 [IPC Server listener on 15019] INFO  ipc.Server (Server.java:run(1430)) - Stopping IPC Server listener on 15019
2023-06-22 21:36:50,245 [ForkJoinPool.commonPool-worker-3] INFO  handler.ContextHandler (ContextHandler.java:doStop(1159)) - Stopped o.e.j.w.WebAppContext@1f70c1b8{hddsDatanode,/,null,STOPPED}{jar:file:/home/runner/.m2/repository/org/apache/ozone/hdds-container-service/1.4.0-SNAPSHOT/hdds-container-service-1.4.0-SNAPSHOT.jar!/webapps/hddsDatanode}
2023-06-22 21:36:50,245 [ForkJoinPool.commonPool-worker-3] INFO  server.AbstractConnector (AbstractConnector.java:doStop(383)) - Stopped ServerConnector@750aab4d{HTTP/1.1, (http/1.1)}{0.0.0.0:15009}
2023-06-22 21:36:50,245 [ForkJoinPool.commonPool-worker-3] INFO  server.session (HouseKeeper.java:stopScavenging(149)) - node0 Stopped scavenging
2023-06-22 21:36:50,246 [ForkJoinPool.commonPool-worker-3] INFO  handler.ContextHandler (ContextHandler.java:doStop(1159)) - Stopped o.e.j.s.ServletContextHandler@2c6c0165{static,/static,jar:file:/home/runner/.m2/repository/org/apache/ozone/hdds-container-service/1.4.0-SNAPSHOT/hdds-container-service-1.4.0-SNAPSHOT.jar!/webapps/static,STOPPED}
2023-06-22 21:36:50,246 [ForkJoinPool.commonPool-worker-3] INFO  handler.ContextHandler (ContextHandler.java:doStop(1159)) - Stopped o.e.j.s.ServletContextHandler@5fb5faea{logs,/logs,file:///home/runner/work/ozone/ozone/hadoop-ozone/integration-test/target/log,STOPPED}
2023-06-22 21:36:50,247 [ForkJoinPool.commonPool-worker-3] INFO  ozone.HddsDatanodeClientProtocolServer (HddsDatanodeClientProtocolServer.java:stop(78)) - Stopping the RPC server for Client Protocol
2023-06-22 21:36:50,248 [ForkJoinPool.commonPool-worker-3] INFO  ipc.Server (Server.java:stop(3501)) - Stopping server on 15010
2023-06-22 21:36:50,248 [IPC Server listener on 15010] INFO  ipc.Server (Server.java:run(1430)) - Stopping IPC Server listener on 15010
2023-06-22 21:36:50,250 [IPC Server Responder] INFO  ipc.Server (Server.java:run(1563)) - Stopping IPC Server Responder
2023-06-22 21:36:50,253 [main] INFO  ozone.MiniOzoneClusterImpl (MiniOzoneClusterImpl.java:stopSCM(543)) - Stopping the StorageContainerManager
2023-06-22 21:36:50,253 [main] INFO  server.StorageContainerManager (StorageContainerManager.java:stop(1588)) - Container Balancer is not running.
2023-06-22 21:36:50,254 [main] INFO  server.StorageContainerManager (StorageContainerManager.java:stopReplicationManager(1721)) - Stopping Replication Manager Service.
2023-06-22 21:36:50,254 [main] INFO  replication.ReplicationManager (ReplicationManager.java:stop(319)) - Stopping Replication Monitor Thread.
2023-06-22 21:36:50,254 [Under Replicated Processor] WARN  replication.UnhealthyReplicationProcessor (UnhealthyReplicationProcessor.java:run(180)) - Under Replicated Processor interrupted. Exiting...
2023-06-22 21:36:50,254 [Over Replicated Processor] WARN  replication.UnhealthyReplicationProcessor (UnhealthyReplicationProcessor.java:run(180)) - Over Replicated Processor interrupted. Exiting...
2023-06-22 21:36:50,254 [ReplicationMonitor] INFO  replication.ReplicationManager (ReplicationManager.java:run(918)) - Replication Monitor Thread is stopped
2023-06-22 21:36:50,254 [main] INFO  server.StorageContainerManager (StorageContainerManager.java:stop(1597)) - Stopping the Datanode Admin Monitor.
2023-06-22 21:36:50,255 [main] INFO  server.StorageContainerManager (StorageContainerManager.java:stop(1604)) - Stopping datanode service RPC server
2023-06-22 21:36:50,255 [main] INFO  server.SCMDatanodeProtocolServer (SCMDatanodeProtocolServer.java:stop(424)) - Stopping the RPC server for DataNodes
2023-06-22 21:36:50,255 [main] INFO  ipc.Server (Server.java:stop(3501)) - Stopping server on 15002
2023-06-22 21:36:50,258 [IPC Server listener on 15002] INFO  ipc.Server (Server.java:run(1430)) - Stopping IPC Server listener on 15002
2023-06-22 21:36:50,263 [IPC Server Responder] INFO  ipc.Server (Server.java:run(1563)) - Stopping IPC Server Responder
2023-06-22 21:36:50,281 [SCM Heartbeat Processing Thread - 0] WARN  node.NodeStateManager (NodeStateManager.java:scheduleNextHealthCheck(870)) - Current Thread is interrupted, shutting down HB processing thread for Node Manager.
2023-06-22 21:36:50,282 [main] INFO  server.StorageContainerManager (StorageContainerManager.java:stop(1612)) - Stopping block service RPC server
2023-06-22 21:36:50,282 [main] INFO  server.SCMBlockProtocolServer (SCMBlockProtocolServer.java:stop(161)) - Stopping the RPC server for Block Protocol
2023-06-22 21:36:50,282 [main] INFO  ipc.Server (Server.java:stop(3501)) - Stopping server on 15001
2023-06-22 21:36:50,284 [IPC Server Responder] INFO  ipc.Server (Server.java:run(1563)) - Stopping IPC Server Responder
2023-06-22 21:36:50,284 [IPC Server listener on 15001] INFO  ipc.Server (Server.java:run(1430)) - Stopping IPC Server listener on 15001
2023-06-22 21:36:50,288 [main] INFO  server.StorageContainerManager (StorageContainerManager.java:stop(1619)) - Stopping the StorageContainerLocationProtocol RPC server
2023-06-22 21:36:50,288 [main] INFO  server.SCMClientProtocolServer (SCMClientProtocolServer.java:stop(210)) - Stopping the RPC server for Client Protocol
2023-06-22 21:36:50,289 [main] INFO  ipc.Server (Server.java:stop(3501)) - Stopping server on 15000
2023-06-22 21:36:50,293 [IPC Server listener on 15000] INFO  ipc.Server (Server.java:run(1430)) - Stopping IPC Server listener on 15000
2023-06-22 21:36:50,294 [IPC Server Responder] INFO  ipc.Server (Server.java:run(1563)) - Stopping IPC Server Responder
2023-06-22 21:36:50,295 [main] INFO  server.StorageContainerManager (StorageContainerManager.java:stop(1626)) - Stopping Storage Container Manager HTTP server.
2023-06-22 21:36:50,296 [main] INFO  handler.ContextHandler (ContextHandler.java:doStop(1159)) - Stopped o.e.j.w.WebAppContext@20ed6de{scm,/,null,STOPPED}{file:/home/runner/work/ozone/ozone/hadoop-ozone/integration-test/target/test-classes/webapps/scm}
2023-06-22 21:36:50,296 [main] INFO  server.AbstractConnector (AbstractConnector.java:doStop(383)) - Stopped ServerConnector@828e2d8{HTTP/1.1, (http/1.1)}{0.0.0.0:15003}
2023-06-22 21:36:50,296 [main] INFO  server.session (HouseKeeper.java:stopScavenging(149)) - node0 Stopped scavenging
2023-06-22 21:36:50,297 [main] INFO  handler.ContextHandler (ContextHandler.java:doStop(1159)) - Stopped o.e.j.s.ServletContextHandler@5713e35f{static,/static,file:///home/runner/work/ozone/ozone/hadoop-ozone/integration-test/target/test-classes/webapps/static,STOPPED}
2023-06-22 21:36:50,297 [main] INFO  handler.ContextHandler (ContextHandler.java:doStop(1159)) - Stopped o.e.j.s.ServletContextHandler@996126b{logs,/logs,file:///home/runner/work/ozone/ozone/hadoop-ozone/integration-test/target/log,STOPPED}
2023-06-22 21:36:50,299 [main] INFO  server.StorageContainerManager (StorageContainerManager.java:stop(1634)) - Stopping SCM LayoutVersionManager Service.
2023-06-22 21:36:50,299 [main] INFO  server.StorageContainerManager (StorageContainerManager.java:stop(1646)) - Stopping Block Manager Service.
2023-06-22 21:36:50,299 [main] INFO  utils.BackgroundService (BackgroundService.java:shutdown(141)) - Shutting down service SCMBlockDeletingService
2023-06-22 21:36:50,300 [main] INFO  utils.BackgroundService (BackgroundService.java:shutdown(141)) - Shutting down service SCMBlockDeletingService
2023-06-22 21:36:50,300 [main] INFO  server.StorageContainerManager (StorageContainerManager.java:stop(1666)) - Stopping SCM Event Queue.
2023-06-22 21:36:50,302 [JvmPauseMonitor0] INFO  util.JvmPauseMonitor (JvmPauseMonitor.java:run(109)) - JvmPauseMonitor-13e6dace-4d66-4e4d-afbb-49ba390a29b5: Stopped
2023-06-22 21:36:50,302 [main] INFO  server.StorageContainerManager (StorageContainerManager.java:stop(1677)) - Stopping SCM HA services.
2023-06-22 21:36:50,302 [main] INFO  pipeline.BackgroundPipelineCreator (BackgroundPipelineCreator.java:stop(149)) - Stopping RatisPipelineUtilsThread.
2023-06-22 21:36:50,302 [RatisPipelineUtilsThread - 0] WARN  pipeline.BackgroundPipelineCreator (BackgroundPipelineCreator.java:run(180)) - RatisPipelineUtilsThread is interrupted.
2023-06-22 21:36:50,306 [main] INFO  BackgroundPipelineScrubber (BackgroundSCMService.java:stop(131)) - Stopping BackgroundPipelineScrubber Service.
2023-06-22 21:36:50,306 [BackgroundPipelineScrubberThread] WARN  BackgroundPipelineScrubber (BackgroundSCMService.java:run(115)) - BackgroundPipelineScrubber is interrupted, exit
2023-06-22 21:36:50,307 [main] INFO  impl.MetricsSystemImpl (MetricsSystemImpl.java:stop(210)) - Stopping XceiverClientMetrics metrics system...
2023-06-22 21:36:50,309 [prometheus] INFO  impl.MetricsSinkAdapter (MetricsSinkAdapter.java:publishMetricsFromQueue(141)) - prometheus thread interrupted.
2023-06-22 21:36:50,310 [main] INFO  impl.MetricsSystemImpl (MetricsSystemImpl.java:stop(216)) - XceiverClientMetrics metrics system stopped.
2023-06-22 21:36:50,310 [main] WARN  pipeline.BackgroundPipelineCreator (BackgroundPipelineCreator.java:stop(145)) - RatisPipelineUtilsThread is not running, just ignore.
2023-06-22 21:36:50,310 [main] INFO  BackgroundPipelineScrubber (BackgroundSCMService.java:stop(126)) - BackgroundPipelineScrubber Service is not running, skip stop.
2023-06-22 21:36:50,310 [ExpiredContainerReplicaOpScrubberThread] WARN  ExpiredContainerReplicaOpScrubber (BackgroundSCMService.java:run(115)) - ExpiredContainerReplicaOpScrubber is interrupted, exit
2023-06-22 21:36:50,311 [main] INFO  ExpiredContainerReplicaOpScrubber (BackgroundSCMService.java:stop(131)) - Stopping ExpiredContainerReplicaOpScrubber Service.
2023-06-22 21:36:50,311 [main] INFO  utils.BackgroundService (BackgroundService.java:shutdown(141)) - Shutting down service SCMBlockDeletingService
2023-06-22 21:36:50,311 [main] INFO  replication.ReplicationManager (ReplicationManager.java:stop(329)) - Replication Monitor Thread is not running.
2023-06-22 21:36:50,311 [main] WARN  balancer.ContainerBalancer (ContainerBalancer.java:stop(328)) - Cannot stop Container Balancer because it's not running or stopping
2023-06-22 21:36:50,311 [Lease Manager-LeaseManager#LeaseMonitor] WARN  lease.LeaseManager (LeaseManager.java:run(272)) - Lease manager is interrupted. Shutting down...
java.lang.InterruptedException
	at java.util.concurrent.locks.AbstractQueuedSynchronizer.doAcquireSharedNanos(AbstractQueuedSynchronizer.java:1039)
	at java.util.concurrent.locks.AbstractQueuedSynchronizer.tryAcquireSharedNanos(AbstractQueuedSynchronizer.java:1328)
	at java.util.concurrent.Semaphore.tryAcquire(Semaphore.java:409)
	at org.apache.hadoop.ozone.lease.LeaseManager$LeaseMonitor.run(LeaseManager.java:270)
	at java.lang.Thread.run(Thread.java:750)
2023-06-22 21:36:50,311 [main] INFO  server.StorageContainerManager (StorageContainerManager.java:stop(1712)) - Stopping SCM MetadataStore.
2023-06-22 21:36:50,421 [main] WARN  server.ServerUtils (ServerUtils.java:getScmDbDir(155)) - ozone.scm.db.dirs is not configured. We recommend adding this setting. Falling back to ozone.metadata.dirs instead.
2023-06-22 21:36:50,434 [main] WARN  server.ServerUtils (ServerUtils.java:getScmDbDir(155)) - ozone.scm.db.dirs is not configured. We recommend adding this setting. Falling back to ozone.metadata.dirs instead.
2023-06-22 21:36:50,435 [main] INFO  ha.SCMHANodeDetails (SCMHANodeDetails.java:loadSCMHAConfig(210)) - ServiceID for StorageContainerManager is null
2023-06-22 21:36:50,435 [main] INFO  ha.SCMHANodeDetails (SCMHANodeDetails.java:loadSCMHAConfig(215)) - ozone.scm.default.service.id is not defined, falling back to ozone.scm.service.ids to find serviceID for StorageContainerManager if it is HA enabled cluster
2023-06-22 21:36:50,436 [main] WARN  utils.HAUtils (HAUtils.java:getMetaDir(339)) - ozone.scm.db.dirs is not configured. We recommend adding this setting. Falling back to ozone.metadata.dirs instead.
2023-06-22 21:36:50,437 [main] WARN  db.DBStoreBuilder (DBStoreBuilder.java:applyDBDefinition(166)) - ozone.scm.db.dirs is not configured. We recommend adding this setting. Falling back to ozone.metadata.dirs instead.
2023-06-22 21:36:50,565 [main] INFO  net.NodeSchemaLoader (NodeSchemaLoader.java:loadSchemaFromFile(129)) - Loading schema from [jar:file:/home/runner/.m2/repository/org/apache/ozone/hdds-common/1.4.0-SNAPSHOT/hdds-common-1.4.0-SNAPSHOT.jar!/network-topology-default.xml]
2023-06-22 21:36:50,565 [main] INFO  net.NodeSchemaLoader (NodeSchemaLoader.java:loadSchema(176)) - Loading network topology layer schema file
2023-06-22 21:36:50,568 [main] INFO  upgrade.AbstractLayoutVersionManager (AbstractLayoutVersionManager.java:init(83)) - Initializing Layout version manager with metadata layout = HADOOP_PRC_PORTS_IN_DATANODEDETAILS (version = 7), software layout = HADOOP_PRC_PORTS_IN_DATANODEDETAILS (version = 7)
2023-06-22 21:36:50,571 [main] INFO  ha.SequenceIdGenerator (SequenceIdGenerator.java:upgradeToSequenceId(349)) - upgrade localId to 111677748019200000
2023-06-22 21:36:50,573 [main] INFO  ha.SequenceIdGenerator (SequenceIdGenerator.java:upgradeToSequenceId(359)) - upgrade delTxnId to 0
2023-06-22 21:36:50,574 [main] INFO  ha.SequenceIdGenerator (SequenceIdGenerator.java:upgradeToSequenceId(376)) - upgrade containerId to 0
2023-06-22 21:36:50,574 [main] INFO  ha.SequenceIdGenerator (SequenceIdGenerator.java:<init>(220)) - Init the HA SequenceIdGenerator.
2023-06-22 21:36:50,575 [main] WARN  server.ServerUtils (ServerUtils.java:sanitizeUserArgs(80)) - ozone.scm.stale.node.interval value = 300000 is larger than max = 100000 based on the key value of ozone.scm.heartbeat.thread.interval, reset to the max value 100000.
2023-06-22 21:36:50,575 [main] WARN  server.ServerUtils (ServerUtils.java:sanitizeUserArgs(80)) - ozone.scm.stale.node.interval value = 300000 is larger than max = 100000 based on the key value of ozone.scm.heartbeat.thread.interval, reset to the max value 100000.
2023-06-22 21:36:50,576 [main] INFO  node.SCMNodeManager (SCMNodeManager.java:<init>(158)) - Entering startup safe mode.
2023-06-22 21:36:50,576 [main] INFO  algorithms.ContainerPlacementPolicyFactory (ContainerPlacementPolicyFactory.java:getPolicyInternal(86)) - Create container placement policy of type org.apache.hadoop.hdds.scm.container.placement.algorithms.SCMContainerPlacementRackAware
2023-06-22 21:36:50,577 [main] INFO  algorithms.ContainerPlacementPolicyFactory (ContainerPlacementPolicyFactory.java:getPolicyInternal(86)) - Create container placement policy of type org.apache.hadoop.hdds.scm.container.placement.algorithms.SCMContainerPlacementRackScatter
2023-06-22 21:36:50,577 [main] INFO  pipeline.PipelineStateManagerImpl (PipelineStateManagerImpl.java:initialize(78)) - No pipeline exists in current db
2023-06-22 21:36:50,577 [main] INFO  algorithms.LeaderChoosePolicyFactory (LeaderChoosePolicyFactory.java:getPolicy(57)) - Create leader choose policy of type org.apache.hadoop.hdds.scm.pipeline.leader.choose.algorithms.MinLeaderCountChoosePolicy
2023-06-22 21:36:50,577 [main] INFO  algorithms.ContainerPlacementPolicyFactory (ContainerPlacementPolicyFactory.java:getPolicyInternal(86)) - Create container placement policy of type org.apache.hadoop.hdds.scm.container.placement.algorithms.SCMContainerPlacementRackScatter
2023-06-22 21:36:50,577 [main] INFO  ha.SCMServiceManager (SCMServiceManager.java:register(42)) - Registering service BackgroundPipelineCreator.
2023-06-22 21:36:50,578 [main] INFO  pipeline.BackgroundPipelineCreator (BackgroundPipelineCreator.java:start(124)) - Starting RatisPipelineUtilsThread.
2023-06-22 21:36:50,579 [main] INFO  BackgroundPipelineScrubber (BackgroundSCMService.java:start(68)) - Starting BackgroundPipelineScrubber Service.
2023-06-22 21:36:50,579 [main] INFO  ha.SCMServiceManager (SCMServiceManager.java:register(42)) - Registering service BackgroundPipelineScrubber.
2023-06-22 21:36:50,579 [main] INFO  ExpiredContainerReplicaOpScrubber (BackgroundSCMService.java:start(68)) - Starting ExpiredContainerReplicaOpScrubber Service.
2023-06-22 21:36:50,579 [main] INFO  ha.SCMServiceManager (SCMServiceManager.java:register(42)) - Registering service ExpiredContainerReplicaOpScrubber.
2023-06-22 21:36:50,581 [main] INFO  algorithms.PipelineChoosePolicyFactory (PipelineChoosePolicyFactory.java:createPipelineChoosePolicyFromClass(73)) - Create pipeline choose policy of type org.apache.hadoop.hdds.scm.pipeline.choose.algorithms.RandomPipelineChoosePolicy
2023-06-22 21:36:50,581 [main] INFO  ha.SCMServiceManager (SCMServiceManager.java:register(42)) - Registering service SCMBlockDeletingService.
2023-06-22 21:36:50,582 [main] INFO  replication.ReplicationManager (ReplicationManager.java:start(286)) - Starting Replication Monitor Thread.
2023-06-22 21:36:50,587 [ReplicationMonitor] INFO  replication.ReplicationManager (ReplicationManager.java:processAll(361)) - Replication Manager is not ready to run until 3000ms after safemode exit
2023-06-22 21:36:50,587 [main] INFO  ha.SCMServiceManager (SCMServiceManager.java:register(42)) - Registering service ReplicationManager.
2023-06-22 21:36:50,588 [main] INFO  safemode.ContainerSafeModeRule (ContainerSafeModeRule.java:<init>(89)) - containers with one replica threshold count 0
2023-06-22 21:36:50,588 [main] INFO  safemode.HealthyPipelineSafeModeRule (HealthyPipelineSafeModeRule.java:initializeRule(169)) - Total pipeline count is 0, healthy pipeline threshold count is 1
2023-06-22 21:36:50,588 [main] INFO  safemode.OneReplicaPipelineSafeModeRule (OneReplicaPipelineSafeModeRule.java:initializeRule(180)) - Total pipeline count is 0, pipeline's with at least one datanode reported threshold count is 0
2023-06-22 21:36:50,589 [main] INFO  server.StorageContainerManager (StorageContainerManager.java:<init>(420)) - SCM start with adminUsers: [runner]
2023-06-22 21:36:50,589 [main] INFO  ipc.CallQueueManager (CallQueueManager.java:<init>(90)) - Using callQueue: class java.util.concurrent.LinkedBlockingQueue, queueCapacity: 2000, scheduler: class org.apache.hadoop.ipc.DefaultRpcScheduler, ipcBackoff: false.
2023-06-22 21:36:50,592 [Socket Reader #1 for port 15055] INFO  ipc.Server (Server.java:run(1319)) - Starting Socket Reader #1 for port 15055
2023-06-22 21:36:50,593 [Listener at 0.0.0.0/15055] INFO  hdds.HddsUtils (HddsUtils.java:preserveThreadName(848)) - Restoring thread name: main
2023-06-22 21:36:50,594 [main] INFO  ipc.CallQueueManager (CallQueueManager.java:<init>(90)) - Using callQueue: class java.util.concurrent.LinkedBlockingQueue, queueCapacity: 2000, scheduler: class org.apache.hadoop.ipc.DefaultRpcScheduler, ipcBackoff: false.
2023-06-22 21:36:50,596 [Socket Reader #1 for port 15054] INFO  ipc.Server (Server.java:run(1319)) - Starting Socket Reader #1 for port 15054
2023-06-22 21:36:50,597 [Listener at 0.0.0.0/15054] INFO  hdds.HddsUtils (HddsUtils.java:preserveThreadName(848)) - Restoring thread name: main
2023-06-22 21:36:50,598 [main] INFO  ipc.CallQueueManager (CallQueueManager.java:<init>(90)) - Using callQueue: class java.util.concurrent.LinkedBlockingQueue, queueCapacity: 2000, scheduler: class org.apache.hadoop.ipc.DefaultRpcScheduler, ipcBackoff: false.
2023-06-22 21:36:50,598 [Socket Reader #1 for port 15053] INFO  ipc.Server (Server.java:run(1319)) - Starting Socket Reader #1 for port 15053
2023-06-22 21:36:50,599 [Listener at 0.0.0.0/15053] INFO  hdds.HddsUtils (HddsUtils.java:preserveThreadName(848)) - Restoring thread name: main
2023-06-22 21:36:50,603 [main] INFO  ha.SCMServiceManager (SCMServiceManager.java:register(42)) - Registering service ContainerBalancer.
2023-06-22 21:36:50,603 [main] INFO  server.StorageContainerManager (StorageContainerManager.java:<init>(433)) - 
Container Balancer status:
Key                            Value
Running                        false
Container Balancer Configuration values:
Key                                                Value
Threshold                                          10
Max Datanodes to Involve per Iteration(percent)    20
Max Size to Move per Iteration                     500GB
Max Size Entering Target per Iteration             26GB
Max Size Leaving Source per Iteration              26GB

2023-06-22 21:36:50,603 [main] INFO  ha.SCMContext (SCMContext.java:updateSafeModeStatus(228)) - Update SafeModeStatus from SafeModeStatus{safeModeStatus=true, preCheckPassed=false} to SafeModeStatus{safeModeStatus=true, preCheckPassed=false}.
2023-06-22 21:36:50,604 [main] INFO  server.StorageContainerManager (StorageContainerManager.java:start(1487)) - StorageContainerLocationProtocol RPC server is listening at /0.0.0.0:15053
2023-06-22 21:36:50,605 [main] WARN  impl.MetricsConfig (MetricsConfig.java:loadFirst(136)) - Cannot locate configuration: tried hadoop-metrics2-storagecontainermanager.properties,hadoop-metrics2.properties
2023-06-22 21:36:50,610 [main] INFO  impl.MetricsSystemImpl (MetricsSystemImpl.java:startTimer(378)) - Scheduled Metric snapshot period at 10 second(s).
2023-06-22 21:36:50,610 [main] INFO  impl.MetricsSystemImpl (MetricsSystemImpl.java:start(191)) - StorageContainerManager metrics system started
2023-06-22 21:36:50,639 [main] INFO  impl.MetricsSinkAdapter (MetricsSinkAdapter.java:start(204)) - Sink prometheus started
2023-06-22 21:36:50,642 [main] INFO  impl.MetricsSystemImpl (MetricsSystemImpl.java:registerSink(305)) - Registered sink prometheus
2023-06-22 21:36:50,667 [main] INFO  server.SCMClientProtocolServer (SCMClientProtocolServer.java:start(201)) - RPC server for Client  is listening at /0.0.0.0:15053
2023-06-22 21:36:50,668 [IPC Server Responder] INFO  ipc.Server (Server.java:run(1558)) - IPC Server Responder: starting
2023-06-22 21:36:50,668 [IPC Server listener on 15053] INFO  ipc.Server (Server.java:run(1398)) - IPC Server listener on 15053: starting
2023-06-22 21:36:50,670 [main] INFO  server.StorageContainerManager (StorageContainerManager.java:start(1500)) - ScmBlockLocationProtocol RPC server is listening at /0.0.0.0:15054
2023-06-22 21:36:50,670 [main] INFO  server.SCMBlockProtocolServer (SCMBlockProtocolServer.java:start(152)) - RPC server for Block Protocol is listening at /0.0.0.0:15054
2023-06-22 21:36:50,671 [IPC Server Responder] INFO  ipc.Server (Server.java:run(1558)) - IPC Server Responder: starting
2023-06-22 21:36:50,671 [IPC Server listener on 15054] INFO  ipc.Server (Server.java:run(1398)) - IPC Server listener on 15054: starting
2023-06-22 21:36:50,680 [main] INFO  server.SCMDatanodeProtocolServer (SCMDatanodeProtocolServer.java:start(193)) - ScmDatanodeProtocol RPC server for DataNodes is listening at /0.0.0.0:15055
2023-06-22 21:36:50,680 [IPC Server Responder] INFO  ipc.Server (Server.java:run(1558)) - IPC Server Responder: starting
2023-06-22 21:36:50,681 [IPC Server listener on 15055] INFO  ipc.Server (Server.java:run(1398)) - IPC Server listener on 15055: starting
2023-06-22 21:36:50,686 [JvmPauseMonitor7] INFO  util.JvmPauseMonitor (JvmPauseMonitor.java:run(103)) - JvmPauseMonitor-3a551b25-74ed-4f89-9f62-606118ce075a: Started
2023-06-22 21:36:50,687 [main] INFO  http.BaseHttpServer (BaseHttpServer.java:newHttpServer2BuilderForOzone(224)) - Starting Web-server for scm at: http://0.0.0.0:15056
2023-06-22 21:36:50,687 [main] INFO  http.BaseHttpServer (BaseHttpServer.java:<init>(111)) - Hadoop Security Enabled: false Ozone Security Enabled: false Ozone HTTP Security Enabled: false 
2023-06-22 21:36:50,689 [main] WARN  server.AuthenticationFilter (AuthenticationFilter.java:constructSecretProvider(240)) - Unable to initialize FileSignerSecretProvider, falling back to use random secrets. Reason: Could not read signature secret file: /home/runner/hadoop-http-auth-signature-secret
2023-06-22 21:36:50,689 [main] INFO  http.HttpRequestLog (HttpRequestLog.java:getRequestLog(86)) - Http request log for http.requests.scm is not defined
2023-06-22 21:36:50,691 [main] INFO  http.HttpServer2 (HttpServer2.java:addGlobalFilter(1031)) - Added global filter 'safety' (class=org.apache.hadoop.hdds.server.http.HttpServer2$QuotingInputFilter)
2023-06-22 21:36:50,692 [main] INFO  http.HttpServer2 (HttpServer2.java:addFilter(1007)) - Added filter static_user_filter (class=org.apache.hadoop.http.lib.StaticUserWebFilter$StaticUserFilter) to context scm
2023-06-22 21:36:50,692 [main] INFO  http.HttpServer2 (HttpServer2.java:addFilter(1015)) - Added filter static_user_filter (class=org.apache.hadoop.http.lib.StaticUserWebFilter$StaticUserFilter) to context static
2023-06-22 21:36:50,692 [main] INFO  http.HttpServer2 (HttpServer2.java:addFilter(1015)) - Added filter static_user_filter (class=org.apache.hadoop.http.lib.StaticUserWebFilter$StaticUserFilter) to context logs
2023-06-22 21:36:50,693 [main] INFO  http.BaseHttpServer (BaseHttpServer.java:<init>(190)) - HTTP server of scm uses base directory /home/runner/work/ozone/ozone/hadoop-ozone/integration-test/target/test-dir/MiniOzoneClusterImpl-9e90c1de-1c56-491c-b259-3d04922b55fd/ozone-meta/webserver
2023-06-22 21:36:50,694 [main] INFO  http.HttpServer2 (HttpServer2.java:bindListener(1250)) - Jetty bound to port 15056
2023-06-22 21:36:50,694 [main] INFO  server.Server (Server.java:doStart(375)) - jetty-9.4.51.v20230217; built: 2023-02-17T08:19:37.309Z; git: b45c405e4544384de066f814ed42ae3dceacdd49; jvm 1.8.0_372-b07
2023-06-22 21:36:50,700 [main] INFO  server.session (DefaultSessionIdManager.java:doStart(334)) - DefaultSessionIdManager workerName=node0
2023-06-22 21:36:50,700 [main] INFO  server.session (DefaultSessionIdManager.java:doStart(339)) - No SessionScavenger set, using defaults
2023-06-22 21:36:50,700 [main] INFO  server.session (HouseKeeper.java:startScavenging(132)) - node0 Scavenging every 660000ms
2023-06-22 21:36:50,701 [main] INFO  handler.ContextHandler (ContextHandler.java:doStart(921)) - Started o.e.j.s.ServletContextHandler@3d2dfc64{logs,/logs,file:///home/runner/work/ozone/ozone/hadoop-ozone/integration-test/target/log,AVAILABLE}
2023-06-22 21:36:50,702 [main] INFO  handler.ContextHandler (ContextHandler.java:doStart(921)) - Started o.e.j.s.ServletContextHandler@6d75566{static,/static,file:///home/runner/work/ozone/ozone/hadoop-ozone/integration-test/target/test-classes/webapps/static,AVAILABLE}
2023-06-22 21:36:50,705 [main] INFO  handler.ContextHandler (ContextHandler.java:doStart(921)) - Started o.e.j.w.WebAppContext@236e4b5e{scm,/,file:///home/runner/work/ozone/ozone/hadoop-ozone/integration-test/target/test-classes/webapps/scm/,AVAILABLE}{file:/home/runner/work/ozone/ozone/hadoop-ozone/integration-test/target/test-classes/webapps/scm}
2023-06-22 21:36:50,707 [main] INFO  server.AbstractConnector (AbstractConnector.java:doStart(333)) - Started ServerConnector@2348ad3c{HTTP/1.1, (http/1.1)}{0.0.0.0:15056}
2023-06-22 21:36:50,707 [main] INFO  server.Server (Server.java:doStart(415)) - Started @114500ms
2023-06-22 21:36:50,707 [main] WARN  impl.MetricsSystemImpl (MetricsSystemImpl.java:register(279)) - Sink prometheus already exists!
2023-06-22 21:36:50,708 [main] INFO  http.BaseHttpServer (BaseHttpServer.java:updateConnectorAddress(344)) - HTTP server of scm listening at http://0.0.0.0:15056
2023-06-22 21:36:50,709 [main] WARN  server.ServerUtils (ServerUtils.java:getDBPath(311)) - ozone.om.db.dirs is not configured. We recommend adding this setting. Falling back to ozone.metadata.dirs instead.
2023-06-22 21:36:50,711 [main] INFO  ha.OMHANodeDetails (OMHANodeDetails.java:loadOMHAConfig(115)) - ozone.om.internal.service.id is not defined, falling back to ozone.om.service.ids to find serviceID for OzoneManager if it is HA enabled cluster
2023-06-22 21:36:50,711 [main] INFO  ha.OMHANodeDetails (OMHANodeDetails.java:loadOMHAConfig(226)) - Configuration does not have ozone.om.address set. Falling back to the default OM address /127.0.0.1:15057
2023-06-22 21:36:50,711 [main] INFO  ha.OMHANodeDetails (OMHANodeDetails.java:getOMNodeDetailsForNonHA(254)) - OM Service ID is not set. Setting it to the default ID: omServiceIdDefault
2023-06-22 21:36:50,711 [main] INFO  ha.OMHANodeDetails (OMHANodeDetails.java:getOMNodeDetailsForNonHA(261)) - OM Node ID is not set. Setting it to the default ID: om1
2023-06-22 21:36:50,712 [main] WARN  server.ServerUtils (ServerUtils.java:getDBPath(311)) - ozone.om.db.dirs is not configured. We recommend adding this setting. Falling back to ozone.metadata.dirs instead.
2023-06-22 21:36:50,713 [main] INFO  upgrade.AbstractLayoutVersionManager (AbstractLayoutVersionManager.java:init(83)) - Initializing Layout version manager with metadata layout = QUOTA (version = 6), software layout = QUOTA (version = 6)
2023-06-22 21:36:51,004 [main] INFO  reflections.Reflections (Reflections.java:scan(232)) - Reflections took 290 ms to scan 2 urls, producing 184 keys and 505 values [using 2 cores]
2023-06-22 21:36:51,005 [main] INFO  upgrade.OMLayoutVersionManager (OMLayoutVersionManager.java:lambda$0(115)) - Skipping Upgrade Action MockOmUpgradeAction since it has been finalized.
2023-06-22 21:36:51,005 [main] INFO  upgrade.OMLayoutVersionManager (OMLayoutVersionManager.java:lambda$0(115)) - Skipping Upgrade Action QuotaRepairUpgradeAction since it has been finalized.
2023-06-22 21:36:51,005 [main] WARN  server.ServerUtils (ServerUtils.java:getDBPath(311)) - ozone.om.db.dirs is not configured. We recommend adding this setting. Falling back to ozone.metadata.dirs instead.
2023-06-22 21:36:51,006 [main] INFO  proxy.SCMBlockLocationFailoverProxyProvider (SCMBlockLocationFailoverProxyProvider.java:<init>(114)) - Created block location fail-over proxy with 1 nodes: [nodeId=scmNodeId,nodeAddress=/0.0.0.0:15054]
2023-06-22 21:36:51,007 [main] INFO  proxy.SCMBlockLocationFailoverProxyProvider (SCMBlockLocationFailoverProxyProvider.java:<init>(114)) - Created block location fail-over proxy with 1 nodes: [nodeId=scmNodeId,nodeAddress=/0.0.0.0:15054]
2023-06-22 21:36:51,019 [main] INFO  om.OzoneManager (OzoneManager.java:<init>(654)) - OM start with adminUsers: [runner]
2023-06-22 21:36:51,020 [main] WARN  server.ServerUtils (ServerUtils.java:getDBPath(311)) - ozone.om.db.dirs is not configured. We recommend adding this setting. Falling back to ozone.metadata.dirs instead.
2023-06-22 21:36:51,020 [main] INFO  helpers.OmKeyInfo (OmKeyInfo.java:getCodec(71)) - OmKeyInfo.getCodec ignorePipeline = true
2023-06-22 21:36:51,251 [main] INFO  om.OzoneManager (OzoneManager.java:instantiateServices(783)) - S3 Multi-Tenancy is disabled
2023-06-22 21:36:51,252 [main] INFO  om.OmSnapshotManager (OmSnapshotManager.java:<init>(177)) - Ozone filesystem snapshot feature is enabled.
2023-06-22 21:36:51,252 [main] WARN  server.ServerUtils (ServerUtils.java:getDBPath(311)) - ozone.om.snapshot.diff.db.dir is not configured. We recommend adding this setting. Falling back to ozone.metadata.dirs instead.
2023-06-22 21:36:51,304 [main] INFO  snapshot.SnapshotDiffManager (SnapshotDiffManager.java:closeExecutorService(1599)) - Shutting down executorService: 'SstDumpToolExecutor'
2023-06-22 21:36:51,306 [main] INFO  om.OzoneManager (OzoneManager.java:addS3GVolumeToDB(4258)) - Created Volume s3v With Owner runner required for S3Gateway operations.
2023-06-22 21:36:51,306 [main] INFO  om.OzoneManager (OzoneManager.java:getRpcServer(1176)) - Creating RPC Server
2023-06-22 21:36:51,746 [main] INFO  reflections.Reflections (Reflections.java:scan(232)) - Reflections took 438 ms to scan 19 urls, producing 69 keys and 5407 values [using 2 cores]
2023-06-22 21:36:51,748 [main] INFO  ipc.CallQueueManager (CallQueueManager.java:<init>(90)) - Using callQueue: class java.util.concurrent.LinkedBlockingQueue, queueCapacity: 2000, scheduler: class org.apache.hadoop.ipc.DefaultRpcScheduler, ipcBackoff: false.
2023-06-22 21:36:51,750 [Socket Reader #1 for port 15057] INFO  ipc.Server (Server.java:run(1319)) - Starting Socket Reader #1 for port 15057
2023-06-22 21:36:51,753 [Listener at 127.0.0.1/15057] INFO  hdds.HddsUtils (HddsUtils.java:preserveThreadName(848)) - Restoring thread name: main
2023-06-22 21:36:51,774 [main] INFO  impl.MetricsSystemImpl (MetricsSystemImpl.java:init(158)) - OzoneManager metrics system started (again)
2023-06-22 21:36:51,789 [main] INFO  om.OzoneManager (OzoneManager.java:start(1606)) - OzoneManager RPC server is listening at localhost/127.0.0.1:15057
2023-06-22 21:36:51,789 [main] INFO  om.OzoneManager (OzoneManager.java:start(1622)) - Version File has different layout version (6) than OM DB (null). That is expected if this OM has never been finalized to a newer layout version.
2023-06-22 21:36:51,799 [main] INFO  http.BaseHttpServer (BaseHttpServer.java:newHttpServer2BuilderForOzone(224)) - Starting Web-server for ozoneManager at: http://0.0.0.0:15058
2023-06-22 21:36:51,799 [main] INFO  http.BaseHttpServer (BaseHttpServer.java:<init>(111)) - Hadoop Security Enabled: false Ozone Security Enabled: false Ozone HTTP Security Enabled: false 
2023-06-22 21:36:51,800 [main] WARN  server.AuthenticationFilter (AuthenticationFilter.java:constructSecretProvider(240)) - Unable to initialize FileSignerSecretProvider, falling back to use random secrets. Reason: Could not read signature secret file: /home/runner/hadoop-http-auth-signature-secret
2023-06-22 21:36:51,801 [main] INFO  http.HttpRequestLog (HttpRequestLog.java:getRequestLog(86)) - Http request log for http.requests.ozoneManager is not defined
2023-06-22 21:36:51,804 [main] INFO  http.HttpServer2 (HttpServer2.java:addGlobalFilter(1031)) - Added global filter 'safety' (class=org.apache.hadoop.hdds.server.http.HttpServer2$QuotingInputFilter)
2023-06-22 21:36:51,805 [main] INFO  http.HttpServer2 (HttpServer2.java:addFilter(1007)) - Added filter static_user_filter (class=org.apache.hadoop.http.lib.StaticUserWebFilter$StaticUserFilter) to context ozoneManager
2023-06-22 21:36:51,805 [main] INFO  http.HttpServer2 (HttpServer2.java:addFilter(1015)) - Added filter static_user_filter (class=org.apache.hadoop.http.lib.StaticUserWebFilter$StaticUserFilter) to context logs
2023-06-22 21:36:51,805 [main] INFO  http.HttpServer2 (HttpServer2.java:addFilter(1015)) - Added filter static_user_filter (class=org.apache.hadoop.http.lib.StaticUserWebFilter$StaticUserFilter) to context static
2023-06-22 21:36:51,806 [main] INFO  http.BaseHttpServer (BaseHttpServer.java:<init>(190)) - HTTP server of ozoneManager uses base directory /home/runner/work/ozone/ozone/hadoop-ozone/integration-test/target/test-dir/MiniOzoneClusterImpl-9e90c1de-1c56-491c-b259-3d04922b55fd/ozone-meta/webserver
2023-06-22 21:36:51,806 [main] INFO  http.HttpServer2 (HttpServer2.java:bindListener(1250)) - Jetty bound to port 15058
2023-06-22 21:36:51,806 [main] INFO  server.Server (Server.java:doStart(375)) - jetty-9.4.51.v20230217; built: 2023-02-17T08:19:37.309Z; git: b45c405e4544384de066f814ed42ae3dceacdd49; jvm 1.8.0_372-b07
2023-06-22 21:36:51,808 [main] INFO  server.session (DefaultSessionIdManager.java:doStart(334)) - DefaultSessionIdManager workerName=node0
2023-06-22 21:36:51,808 [main] INFO  server.session (DefaultSessionIdManager.java:doStart(339)) - No SessionScavenger set, using defaults
2023-06-22 21:36:51,808 [main] INFO  server.session (HouseKeeper.java:startScavenging(132)) - node0 Scavenging every 660000ms
2023-06-22 21:36:51,809 [main] INFO  handler.ContextHandler (ContextHandler.java:doStart(921)) - Started o.e.j.s.ServletContextHandler@4ca6eeef{logs,/logs,file:///home/runner/work/ozone/ozone/hadoop-ozone/integration-test/target/log,AVAILABLE}
2023-06-22 21:36:51,810 [main] INFO  handler.ContextHandler (ContextHandler.java:doStart(921)) - Started o.e.j.s.ServletContextHandler@618b0680{static,/static,file:///home/runner/work/ozone/ozone/hadoop-ozone/integration-test/target/test-classes/webapps/static,AVAILABLE}
2023-06-22 21:36:51,813 [main] INFO  handler.ContextHandler (ContextHandler.java:doStart(921)) - Started o.e.j.w.WebAppContext@783d2f36{ozoneManager,/,file:///home/runner/work/ozone/ozone/hadoop-ozone/integration-test/target/test-classes/webapps/ozoneManager/,AVAILABLE}{file:/home/runner/work/ozone/ozone/hadoop-ozone/integration-test/target/test-classes/webapps/ozoneManager}
2023-06-22 21:36:51,817 [main] INFO  server.AbstractConnector (AbstractConnector.java:doStart(333)) - Started ServerConnector@45c75f36{HTTP/1.1, (http/1.1)}{0.0.0.0:15058}
2023-06-22 21:36:51,817 [main] INFO  server.Server (Server.java:doStart(415)) - Started @115610ms
2023-06-22 21:36:51,817 [main] WARN  impl.MetricsSystemImpl (MetricsSystemImpl.java:register(279)) - Sink prometheus already exists!
2023-06-22 21:36:51,818 [main] INFO  http.BaseHttpServer (BaseHttpServer.java:updateConnectorAddress(344)) - HTTP server of ozoneManager listening at http://0.0.0.0:15058
2023-06-22 21:36:51,818 [IPC Server Responder] INFO  ipc.Server (Server.java:run(1558)) - IPC Server Responder: starting
2023-06-22 21:36:51,822 [IPC Server listener on 15057] INFO  ipc.Server (Server.java:run(1398)) - IPC Server listener on 15057: starting
2023-06-22 21:36:51,830 [main] INFO  om.TrashPolicyOzone (TrashPolicyOzone.java:<init>(277)) - Ozone Manager trash configuration: Deletion interval = 0 minutes, Emptier interval = 0 minutes.
2023-06-22 21:36:51,832 [JvmPauseMonitor8] INFO  util.JvmPauseMonitor (JvmPauseMonitor.java:run(103)) - JvmPauseMonitor-aacb5279-47aa-4f16-b23f-cbd92f0ae364: Started
2023-06-22 21:36:51,850 [main] INFO  impl.MetricsSystemImpl (MetricsSystemImpl.java:init(158)) - HddsDatanode metrics system started (again)
2023-06-22 21:36:51,881 [main] INFO  ozone.HddsDatanodeService (HddsDatanodeService.java:start(257)) - HddsDatanodeService host:fv-az504-135 ip:10.1.1.69
2023-06-22 21:36:51,910 [main] INFO  upgrade.AbstractLayoutVersionManager (AbstractLayoutVersionManager.java:init(83)) - Initializing Layout version manager with metadata layout = HADOOP_PRC_PORTS_IN_DATANODEDETAILS (version = 7), software layout = HADOOP_PRC_PORTS_IN_DATANODEDETAILS (version = 7)
2023-06-22 21:36:51,911 [main] INFO  statemachine.DatanodeStateMachine (DatanodeStateMachine.java:getEndPointTaskThreadPoolSize(279)) - Datanode State Machine Task Thread Pool size 2
2023-06-22 21:36:51,914 [main] INFO  volume.HddsVolume (HddsVolume.java:<init>(130)) - Creating HddsVolume: /home/runner/work/ozone/ozone/hadoop-ozone/integration-test/target/test-dir/MiniOzoneClusterImpl-9e90c1de-1c56-491c-b259-3d04922b55fd/datanode-0/data-0/containers/hdds of storage type : DISK capacity : 9223372036854775807
2023-06-22 21:36:51,914 [main] INFO  volume.MutableVolumeSet (MutableVolumeSet.java:initializeVolumeSet(175)) - Added Volume : /home/runner/work/ozone/ozone/hadoop-ozone/integration-test/target/test-dir/MiniOzoneClusterImpl-9e90c1de-1c56-491c-b259-3d04922b55fd/datanode-0/data-0/containers/hdds to VolumeSet
2023-06-22 21:36:51,915 [main] INFO  volume.ThrottledAsyncChecker (ThrottledAsyncChecker.java:schedule(141)) - Scheduling a check for /home/runner/work/ozone/ozone/hadoop-ozone/integration-test/target/test-dir/MiniOzoneClusterImpl-9e90c1de-1c56-491c-b259-3d04922b55fd/datanode-0/data-0/containers/hdds
2023-06-22 21:36:51,920 [main] INFO  volume.StorageVolumeChecker (StorageVolumeChecker.java:checkAllVolumes(202)) - Scheduled health check for volume /home/runner/work/ozone/ozone/hadoop-ozone/integration-test/target/test-dir/MiniOzoneClusterImpl-9e90c1de-1c56-491c-b259-3d04922b55fd/datanode-0/data-0/containers/hdds
2023-06-22 21:36:51,936 [main] INFO  volume.MutableVolumeSet (MutableVolumeSet.java:initializeVolumeSet(175)) - Added Volume : /home/runner/work/ozone/ozone/hadoop-ozone/integration-test/target/test-dir/MiniOzoneClusterImpl-9e90c1de-1c56-491c-b259-3d04922b55fd/datanode-0/data/ratis to VolumeSet
2023-06-22 21:36:51,936 [main] INFO  volume.ThrottledAsyncChecker (ThrottledAsyncChecker.java:schedule(141)) - Scheduling a check for /home/runner/work/ozone/ozone/hadoop-ozone/integration-test/target/test-dir/MiniOzoneClusterImpl-9e90c1de-1c56-491c-b259-3d04922b55fd/datanode-0/data/ratis
2023-06-22 21:36:51,937 [main] INFO  volume.StorageVolumeChecker (StorageVolumeChecker.java:checkAllVolumes(202)) - Scheduled health check for volume /home/runner/work/ozone/ozone/hadoop-ozone/integration-test/target/test-dir/MiniOzoneClusterImpl-9e90c1de-1c56-491c-b259-3d04922b55fd/datanode-0/data/ratis
2023-06-22 21:36:51,956 [Thread-1720] INFO  ozoneimpl.ContainerReader (ContainerReader.java:readVolume(175)) - Finish verifying containers on volume /home/runner/work/ozone/ozone/hadoop-ozone/integration-test/target/test-dir/MiniOzoneClusterImpl-9e90c1de-1c56-491c-b259-3d04922b55fd/datanode-0/data-0/containers/hdds
2023-06-22 21:36:51,956 [main] INFO  ozoneimpl.OzoneContainer (OzoneContainer.java:buildContainerSet(316)) - Build ContainerSet costs 0s
2023-06-22 21:36:51,959 [main] INFO  server.RaftServer (ConfUtils.java:logGet(46)) - raft.rpc.type = GRPC (default)
2023-06-22 21:36:51,960 [main] INFO  grpc.GrpcConfigKeys (ConfUtils.java:logFallback(53)) - raft.grpc.admin.host = null (fallback to raft.grpc.server.host)
2023-06-22 21:36:51,960 [main] INFO  grpc.GrpcConfigKeys (ConfUtils.java:logGet(46)) - raft.grpc.admin.port = 15066 (custom)
2023-06-22 21:36:51,960 [main] INFO  grpc.GrpcConfigKeys (ConfUtils.java:logFallback(53)) - raft.grpc.client.host = null (fallback to raft.grpc.server.host)
2023-06-22 21:36:51,960 [main] INFO  grpc.GrpcConfigKeys (ConfUtils.java:logGet(46)) - raft.grpc.client.port = 15065 (custom)
2023-06-22 21:36:51,960 [main] INFO  grpc.GrpcConfigKeys (ConfUtils.java:logGet(46)) - raft.grpc.server.host = null (default)
2023-06-22 21:36:51,960 [main] INFO  grpc.GrpcConfigKeys (ConfUtils.java:logGet(46)) - raft.grpc.server.port = 15067 (custom)
2023-06-22 21:36:51,960 [main] INFO  server.GrpcService (ConfUtils.java:logGet(46)) - raft.grpc.message.size.max = 32MB (=33554432) (custom)
2023-06-22 21:36:51,961 [main] INFO  server.RaftServerConfigKeys (ConfUtils.java:logGet(46)) - raft.server.log.appender.buffer.byte-limit = 33554432 (custom)
2023-06-22 21:36:51,961 [main] INFO  server.GrpcService (ConfUtils.java:logGet(46)) - raft.grpc.flow.control.window = 5MB (=5242880) (custom)
2023-06-22 21:36:51,961 [main] INFO  server.RaftServerConfigKeys (ConfUtils.java:logGet(46)) - raft.server.rpc.request.timeout = 60s (custom)
2023-06-22 21:36:51,961 [main] INFO  grpc.GrpcConfigKeys (ConfUtils.java:logGet(46)) - raft.grpc.server.heartbeat.channel = true (default)
2023-06-22 21:36:51,961 [main] INFO  grpc.GrpcConfigKeys (ConfUtils.java:logGet(46)) - raft.grpc.server.async.request.thread.pool.cached = true (default)
2023-06-22 21:36:51,961 [main] INFO  grpc.GrpcConfigKeys (ConfUtils.java:logGet(46)) - raft.grpc.server.async.request.thread.pool.size = 32 (default)
2023-06-22 21:36:51,964 [main] INFO  impl.DataStreamServerImpl (ConfUtils.java:logGet(46)) - raft.datastream.type = NETTY (custom)
2023-06-22 21:36:51,966 [main] INFO  server.RaftServerConfigKeys (ConfUtils.java:logGet(46)) - raft.server.data-stream.async.request.thread.pool.cached = false (default)
2023-06-22 21:36:51,966 [main] INFO  server.RaftServerConfigKeys (ConfUtils.java:logGet(46)) - raft.server.data-stream.async.request.thread.pool.size = 20 (custom)
2023-06-22 21:36:51,966 [main] INFO  server.RaftServerConfigKeys (ConfUtils.java:logGet(46)) - raft.server.data-stream.async.write.thread.pool.size = 16 (default)
2023-06-22 21:36:51,966 [main] INFO  server.RaftServerConfigKeys (ConfUtils.java:logGet(46)) - raft.server.data-stream.client.pool.size = 10 (default)
2023-06-22 21:36:51,966 [main] INFO  netty.NettyConfigKeys$DataStream (ConfUtils.java:logGet(46)) - raft.netty.dataStream.server.use-epoll = false (default)
2023-06-22 21:36:51,966 [main] INFO  netty.NettyConfigKeys$DataStream (ConfUtils.java:logGet(46)) - raft.netty.dataStream.server.boss-group.size = 0 (default)
2023-06-22 21:36:51,967 [main] INFO  netty.NettyConfigKeys$DataStream (ConfUtils.java:logGet(46)) - raft.netty.dataStream.server.worker-group.size = 0 (default)
2023-06-22 21:36:51,967 [main] INFO  netty.NettyConfigKeys$DataStream (ConfUtils.java:logGet(46)) - raft.netty.dataStream.server.tls.conf = null (default)
2023-06-22 21:36:51,967 [main] INFO  netty.NettyConfigKeys$DataStream (ConfUtils.java:logGet(46)) - raft.netty.dataStream.host = null (default)
2023-06-22 21:36:51,968 [main] INFO  netty.NettyConfigKeys$DataStream (ConfUtils.java:logGet(46)) - raft.netty.dataStream.port = 15068 (custom)
2023-06-22 21:36:51,968 [main] INFO  server.RaftServerConfigKeys (ConfUtils.java:logGet(46)) - raft.server.threadpool.proxy.cached = true (default)
2023-06-22 21:36:51,968 [main] INFO  server.RaftServerConfigKeys (ConfUtils.java:logGet(46)) - raft.server.threadpool.proxy.size = 0 (default)
2023-06-22 21:36:51,968 [main] INFO  server.RaftServerConfigKeys (ConfUtils.java:logGet(46)) - raft.server.rpc.slowness.timeout = 300s (custom)
2023-06-22 21:36:51,969 [main] INFO  server.RaftServerConfigKeys (ConfUtils.java:logGet(46)) - raft.server.leaderelection.leader.step-down.wait-time = 10s (default)
2023-06-22 21:36:51,969 [main] INFO  server.RaftServerConfigKeys (ConfUtils.java:logGet(46)) - raft.server.storage.dir = [/home/runner/work/ozone/ozone/hadoop-ozone/integration-test/target/test-dir/MiniOzoneClusterImpl-9e90c1de-1c56-491c-b259-3d04922b55fd/datanode-0/data/ratis] (custom)
2023-06-22 21:36:51,969 [93c05b65-1d47-44de-af22-274bc9e484bb-NettyServerStreamRpc-bossGroup--thread1] INFO  logging.LoggingHandler (AbstractInternalLogger.java:log(148)) - [id: 0xa3071e31] REGISTERED
2023-06-22 21:36:51,970 [93c05b65-1d47-44de-af22-274bc9e484bb-NettyServerStreamRpc-bossGroup--thread1] INFO  logging.LoggingHandler (AbstractInternalLogger.java:log(148)) - [id: 0xa3071e31] BIND: 0.0.0.0/0.0.0.0:15068
2023-06-22 21:36:51,970 [93c05b65-1d47-44de-af22-274bc9e484bb-NettyServerStreamRpc-bossGroup--thread1] INFO  logging.LoggingHandler (AbstractInternalLogger.java:log(148)) - [id: 0xa3071e31, L:/0:0:0:0:0:0:0:0:15068] ACTIVE
2023-06-22 21:36:51,972 [main] INFO  server.XceiverServerGrpc (XceiverServerGrpc.java:<init>(132)) - GrpcServer channel type EpollServerSocketChannel
2023-06-22 21:36:51,974 [main] INFO  replication.ReplicationSupervisor (ReplicationSupervisor.java:nodeStateUpdated(305)) - Node state updated to IN_SERVICE, scaling executor pool size to 10
2023-06-22 21:36:51,976 [main] INFO  http.BaseHttpServer (BaseHttpServer.java:newHttpServer2BuilderForOzone(224)) - Starting Web-server for hddsDatanode at: http://0.0.0.0:15062
2023-06-22 21:36:51,976 [main] INFO  http.BaseHttpServer (BaseHttpServer.java:<init>(111)) - Hadoop Security Enabled: false Ozone Security Enabled: false Ozone HTTP Security Enabled: false 
2023-06-22 21:36:51,978 [main] WARN  server.AuthenticationFilter (AuthenticationFilter.java:constructSecretProvider(240)) - Unable to initialize FileSignerSecretProvider, falling back to use random secrets. Reason: Could not read signature secret file: /home/runner/hadoop-http-auth-signature-secret
2023-06-22 21:36:51,979 [main] INFO  http.HttpRequestLog (HttpRequestLog.java:getRequestLog(86)) - Http request log for http.requests.hddsDatanode is not defined
2023-06-22 21:36:51,980 [main] INFO  http.HttpServer2 (HttpServer2.java:addGlobalFilter(1031)) - Added global filter 'safety' (class=org.apache.hadoop.hdds.server.http.HttpServer2$QuotingInputFilter)
2023-06-22 21:36:51,981 [main] INFO  http.HttpServer2 (HttpServer2.java:addFilter(1007)) - Added filter static_user_filter (class=org.apache.hadoop.http.lib.StaticUserWebFilter$StaticUserFilter) to context hddsDatanode
2023-06-22 21:36:51,981 [main] INFO  http.HttpServer2 (HttpServer2.java:addFilter(1015)) - Added filter static_user_filter (class=org.apache.hadoop.http.lib.StaticUserWebFilter$StaticUserFilter) to context static
2023-06-22 21:36:51,981 [main] INFO  http.HttpServer2 (HttpServer2.java:addFilter(1015)) - Added filter static_user_filter (class=org.apache.hadoop.http.lib.StaticUserWebFilter$StaticUserFilter) to context logs
2023-06-22 21:36:51,982 [main] INFO  http.BaseHttpServer (BaseHttpServer.java:<init>(190)) - HTTP server of hddsDatanode uses base directory /home/runner/work/ozone/ozone/hadoop-ozone/integration-test/target/test-dir/MiniOzoneClusterImpl-9e90c1de-1c56-491c-b259-3d04922b55fd/datanode-0/meta/webserver
2023-06-22 21:36:51,982 [main] INFO  http.HttpServer2 (HttpServer2.java:bindListener(1250)) - Jetty bound to port 15062
2023-06-22 21:36:51,982 [main] INFO  server.Server (Server.java:doStart(375)) - jetty-9.4.51.v20230217; built: 2023-02-17T08:19:37.309Z; git: b45c405e4544384de066f814ed42ae3dceacdd49; jvm 1.8.0_372-b07
2023-06-22 21:36:51,984 [main] INFO  server.session (DefaultSessionIdManager.java:doStart(334)) - DefaultSessionIdManager workerName=node0
2023-06-22 21:36:51,984 [main] INFO  server.session (DefaultSessionIdManager.java:doStart(339)) - No SessionScavenger set, using defaults
2023-06-22 21:36:51,985 [main] INFO  server.session (HouseKeeper.java:startScavenging(132)) - node0 Scavenging every 660000ms
2023-06-22 21:36:51,985 [main] INFO  handler.ContextHandler (ContextHandler.java:doStart(921)) - Started o.e.j.s.ServletContextHandler@1f8b6fe3{logs,/logs,file:///home/runner/work/ozone/ozone/hadoop-ozone/integration-test/target/log,AVAILABLE}
2023-06-22 21:36:51,986 [main] INFO  handler.ContextHandler (ContextHandler.java:doStart(921)) - Started o.e.j.s.ServletContextHandler@493531e4{static,/static,jar:file:/home/runner/.m2/repository/org/apache/ozone/hdds-container-service/1.4.0-SNAPSHOT/hdds-container-service-1.4.0-SNAPSHOT.jar!/webapps/static,AVAILABLE}
2023-06-22 21:36:52,221 [main] INFO  handler.ContextHandler (ContextHandler.java:doStart(921)) - Started o.e.j.w.WebAppContext@51fc9ce6{hddsDatanode,/,file:///home/runner/work/ozone/ozone/hadoop-ozone/integration-test/target/test-dir/MiniOzoneClusterImpl-9e90c1de-1c56-491c-b259-3d04922b55fd/datanode-0/meta/webserver/jetty-0_0_0_0-15062-hdds-container-service-1_4_0-SNAPSHOT_jar-_-any-2194711931320124283/webapp/,AVAILABLE}{jar:file:/home/runner/.m2/repository/org/apache/ozone/hdds-container-service/1.4.0-SNAPSHOT/hdds-container-service-1.4.0-SNAPSHOT.jar!/webapps/hddsDatanode}
2023-06-22 21:36:52,225 [main] INFO  server.AbstractConnector (AbstractConnector.java:doStart(333)) - Started ServerConnector@844f3b5{HTTP/1.1, (http/1.1)}{0.0.0.0:15062}
2023-06-22 21:36:52,225 [main] INFO  server.Server (Server.java:doStart(415)) - Started @116018ms
2023-06-22 21:36:52,226 [main] WARN  impl.MetricsSystemImpl (MetricsSystemImpl.java:register(279)) - Sink prometheus already exists!
2023-06-22 21:36:52,226 [main] INFO  http.BaseHttpServer (BaseHttpServer.java:updateConnectorAddress(344)) - HTTP server of hddsDatanode listening at http://0.0.0.0:15062
2023-06-22 21:36:52,227 [main] INFO  ipc.CallQueueManager (CallQueueManager.java:<init>(90)) - Using callQueue: class java.util.concurrent.LinkedBlockingQueue, queueCapacity: 100, scheduler: class org.apache.hadoop.ipc.DefaultRpcScheduler, ipcBackoff: false.
2023-06-22 21:36:52,228 [Socket Reader #1 for port 15063] INFO  ipc.Server (Server.java:run(1319)) - Starting Socket Reader #1 for port 15063
2023-06-22 21:36:52,238 [Listener at 0.0.0.0/15063] INFO  hdds.HddsUtils (HddsUtils.java:preserveThreadName(848)) - Restoring thread name: main
2023-06-22 21:36:52,239 [main] INFO  ozone.HddsDatanodeService (HddsDatanodeService.java:start(335)) - Datanode start with admins: [runner]
2023-06-22 21:36:52,239 [main] INFO  ozone.HddsDatanodeClientProtocolServer (HddsDatanodeClientProtocolServer.java:start(72)) - RPC server for Client /0.0.0.0:15063
2023-06-22 21:36:52,239 [IPC Server Responder] INFO  ipc.Server (Server.java:run(1558)) - IPC Server Responder: starting
2023-06-22 21:36:52,240 [IPC Server listener on 15063] INFO  ipc.Server (Server.java:run(1398)) - IPC Server listener on 15063: starting
2023-06-22 21:36:52,240 [main] WARN  impl.MetricRegistriesImpl (MetricRegistriesImpl.java:addReporterRegistration(111)) - New reporters are added after registries were created. Some metrics will be missing from the reporter. Please add reporter before adding any new registry.
2023-06-22 21:36:52,240 [main] WARN  impl.MetricRegistriesImpl (MetricRegistriesImpl.java:addReporterRegistration(111)) - New reporters are added after registries were created. Some metrics will be missing from the reporter. Please add reporter before adding any new registry.
2023-06-22 21:36:52,240 [main] INFO  impl.MetricsSystemImpl (MetricsSystemImpl.java:init(158)) - HddsDatanode metrics system started (again)
2023-06-22 21:36:52,251 [Datanode State Machine Daemon Thread] INFO  statemachine.DatanodeStateMachine (DatanodeStateMachine.java:lambda$startDaemon$0(531)) - Ozone container server started.
2023-06-22 21:36:52,276 [main] INFO  ozone.HddsDatanodeService (HddsDatanodeService.java:start(257)) - HddsDatanodeService host:fv-az504-135 ip:10.1.1.69
2023-06-22 21:36:52,279 [Datanode State Machine Task Thread - 0] INFO  datanode.InitDatanodeState (InitDatanodeState.java:persistContainerDatanodeDetails(138)) - DatanodeDetails is persisted to /home/runner/work/ozone/ozone/hadoop-ozone/integration-test/target/test-dir/MiniOzoneClusterImpl-9e90c1de-1c56-491c-b259-3d04922b55fd/datanode-0/meta/datanode.id
2023-06-22 21:36:52,303 [main] INFO  upgrade.AbstractLayoutVersionManager (AbstractLayoutVersionManager.java:init(83)) - Initializing Layout version manager with metadata layout = HADOOP_PRC_PORTS_IN_DATANODEDETAILS (version = 7), software layout = HADOOP_PRC_PORTS_IN_DATANODEDETAILS (version = 7)
2023-06-22 21:36:52,304 [main] INFO  statemachine.DatanodeStateMachine (DatanodeStateMachine.java:getEndPointTaskThreadPoolSize(279)) - Datanode State Machine Task Thread Pool size 2
2023-06-22 21:36:52,309 [main] INFO  volume.HddsVolume (HddsVolume.java:<init>(130)) - Creating HddsVolume: /home/runner/work/ozone/ozone/hadoop-ozone/integration-test/target/test-dir/MiniOzoneClusterImpl-9e90c1de-1c56-491c-b259-3d04922b55fd/datanode-1/data-0/containers/hdds of storage type : DISK capacity : 9223372036854775807
2023-06-22 21:36:52,309 [main] INFO  volume.MutableVolumeSet (MutableVolumeSet.java:initializeVolumeSet(175)) - Added Volume : /home/runner/work/ozone/ozone/hadoop-ozone/integration-test/target/test-dir/MiniOzoneClusterImpl-9e90c1de-1c56-491c-b259-3d04922b55fd/datanode-1/data-0/containers/hdds to VolumeSet
2023-06-22 21:36:52,309 [main] INFO  volume.ThrottledAsyncChecker (ThrottledAsyncChecker.java:schedule(141)) - Scheduling a check for /home/runner/work/ozone/ozone/hadoop-ozone/integration-test/target/test-dir/MiniOzoneClusterImpl-9e90c1de-1c56-491c-b259-3d04922b55fd/datanode-1/data-0/containers/hdds
2023-06-22 21:36:52,314 [main] INFO  volume.StorageVolumeChecker (StorageVolumeChecker.java:checkAllVolumes(202)) - Scheduled health check for volume /home/runner/work/ozone/ozone/hadoop-ozone/integration-test/target/test-dir/MiniOzoneClusterImpl-9e90c1de-1c56-491c-b259-3d04922b55fd/datanode-1/data-0/containers/hdds
2023-06-22 21:36:52,329 [main] INFO  volume.MutableVolumeSet (MutableVolumeSet.java:initializeVolumeSet(175)) - Added Volume : /home/runner/work/ozone/ozone/hadoop-ozone/integration-test/target/test-dir/MiniOzoneClusterImpl-9e90c1de-1c56-491c-b259-3d04922b55fd/datanode-1/data/ratis to VolumeSet
2023-06-22 21:36:52,330 [main] INFO  volume.ThrottledAsyncChecker (ThrottledAsyncChecker.java:schedule(141)) - Scheduling a check for /home/runner/work/ozone/ozone/hadoop-ozone/integration-test/target/test-dir/MiniOzoneClusterImpl-9e90c1de-1c56-491c-b259-3d04922b55fd/datanode-1/data/ratis
2023-06-22 21:36:52,330 [main] INFO  volume.StorageVolumeChecker (StorageVolumeChecker.java:checkAllVolumes(202)) - Scheduled health check for volume /home/runner/work/ozone/ozone/hadoop-ozone/integration-test/target/test-dir/MiniOzoneClusterImpl-9e90c1de-1c56-491c-b259-3d04922b55fd/datanode-1/data/ratis
2023-06-22 21:36:52,345 [Thread-1737] INFO  ozoneimpl.ContainerReader (ContainerReader.java:readVolume(175)) - Finish verifying containers on volume /home/runner/work/ozone/ozone/hadoop-ozone/integration-test/target/test-dir/MiniOzoneClusterImpl-9e90c1de-1c56-491c-b259-3d04922b55fd/datanode-1/data-0/containers/hdds
2023-06-22 21:36:52,345 [main] INFO  ozoneimpl.OzoneContainer (OzoneContainer.java:buildContainerSet(316)) - Build ContainerSet costs 0s
2023-06-22 21:36:52,348 [main] INFO  server.RaftServer (ConfUtils.java:logGet(46)) - raft.rpc.type = GRPC (default)
2023-06-22 21:36:52,348 [main] INFO  grpc.GrpcConfigKeys (ConfUtils.java:logFallback(53)) - raft.grpc.admin.host = null (fallback to raft.grpc.server.host)
2023-06-22 21:36:52,348 [main] INFO  grpc.GrpcConfigKeys (ConfUtils.java:logGet(46)) - raft.grpc.admin.port = 15075 (custom)
2023-06-22 21:36:52,348 [main] INFO  grpc.GrpcConfigKeys (ConfUtils.java:logFallback(53)) - raft.grpc.client.host = null (fallback to raft.grpc.server.host)
2023-06-22 21:36:52,348 [main] INFO  grpc.GrpcConfigKeys (ConfUtils.java:logGet(46)) - raft.grpc.client.port = 15074 (custom)
2023-06-22 21:36:52,349 [main] INFO  grpc.GrpcConfigKeys (ConfUtils.java:logGet(46)) - raft.grpc.server.host = null (default)
2023-06-22 21:36:52,349 [main] INFO  grpc.GrpcConfigKeys (ConfUtils.java:logGet(46)) - raft.grpc.server.port = 15076 (custom)
2023-06-22 21:36:52,349 [main] INFO  server.GrpcService (ConfUtils.java:logGet(46)) - raft.grpc.message.size.max = 32MB (=33554432) (custom)
2023-06-22 21:36:52,349 [main] INFO  server.RaftServerConfigKeys (ConfUtils.java:logGet(46)) - raft.server.log.appender.buffer.byte-limit = 33554432 (custom)
2023-06-22 21:36:52,349 [main] INFO  server.GrpcService (ConfUtils.java:logGet(46)) - raft.grpc.flow.control.window = 5MB (=5242880) (custom)
2023-06-22 21:36:52,349 [main] INFO  server.RaftServerConfigKeys (ConfUtils.java:logGet(46)) - raft.server.rpc.request.timeout = 60s (custom)
2023-06-22 21:36:52,349 [main] INFO  grpc.GrpcConfigKeys (ConfUtils.java:logGet(46)) - raft.grpc.server.heartbeat.channel = true (default)
2023-06-22 21:36:52,349 [main] INFO  grpc.GrpcConfigKeys (ConfUtils.java:logGet(46)) - raft.grpc.server.async.request.thread.pool.cached = true (default)
2023-06-22 21:36:52,349 [main] INFO  grpc.GrpcConfigKeys (ConfUtils.java:logGet(46)) - raft.grpc.server.async.request.thread.pool.size = 32 (default)
2023-06-22 21:36:52,352 [main] INFO  impl.DataStreamServerImpl (ConfUtils.java:logGet(46)) - raft.datastream.type = NETTY (custom)
2023-06-22 21:36:52,352 [main] INFO  server.RaftServerConfigKeys (ConfUtils.java:logGet(46)) - raft.server.data-stream.async.request.thread.pool.cached = false (default)
2023-06-22 21:36:52,352 [main] INFO  server.RaftServerConfigKeys (ConfUtils.java:logGet(46)) - raft.server.data-stream.async.request.thread.pool.size = 20 (custom)
2023-06-22 21:36:52,353 [main] INFO  server.RaftServerConfigKeys (ConfUtils.java:logGet(46)) - raft.server.data-stream.async.write.thread.pool.size = 16 (default)
2023-06-22 21:36:52,353 [main] INFO  server.RaftServerConfigKeys (ConfUtils.java:logGet(46)) - raft.server.data-stream.client.pool.size = 10 (default)
2023-06-22 21:36:52,353 [main] INFO  netty.NettyConfigKeys$DataStream (ConfUtils.java:logGet(46)) - raft.netty.dataStream.server.use-epoll = false (default)
2023-06-22 21:36:52,353 [main] INFO  netty.NettyConfigKeys$DataStream (ConfUtils.java:logGet(46)) - raft.netty.dataStream.server.boss-group.size = 0 (default)
2023-06-22 21:36:52,353 [main] INFO  netty.NettyConfigKeys$DataStream (ConfUtils.java:logGet(46)) - raft.netty.dataStream.server.worker-group.size = 0 (default)
2023-06-22 21:36:52,354 [main] INFO  netty.NettyConfigKeys$DataStream (ConfUtils.java:logGet(46)) - raft.netty.dataStream.server.tls.conf = null (default)
2023-06-22 21:36:52,354 [main] INFO  netty.NettyConfigKeys$DataStream (ConfUtils.java:logGet(46)) - raft.netty.dataStream.host = null (default)
2023-06-22 21:36:52,354 [main] INFO  netty.NettyConfigKeys$DataStream (ConfUtils.java:logGet(46)) - raft.netty.dataStream.port = 15077 (custom)
2023-06-22 21:36:52,357 [main] INFO  server.RaftServerConfigKeys (ConfUtils.java:logGet(46)) - raft.server.threadpool.proxy.cached = true (default)
2023-06-22 21:36:52,357 [main] INFO  server.RaftServerConfigKeys (ConfUtils.java:logGet(46)) - raft.server.threadpool.proxy.size = 0 (default)
2023-06-22 21:36:52,357 [main] INFO  server.RaftServerConfigKeys (ConfUtils.java:logGet(46)) - raft.server.rpc.slowness.timeout = 300s (custom)
2023-06-22 21:36:52,357 [main] INFO  server.RaftServerConfigKeys (ConfUtils.java:logGet(46)) - raft.server.leaderelection.leader.step-down.wait-time = 10s (default)
2023-06-22 21:36:52,357 [main] INFO  server.RaftServerConfigKeys (ConfUtils.java:logGet(46)) - raft.server.storage.dir = [/home/runner/work/ozone/ozone/hadoop-ozone/integration-test/target/test-dir/MiniOzoneClusterImpl-9e90c1de-1c56-491c-b259-3d04922b55fd/datanode-1/data/ratis] (custom)
2023-06-22 21:36:52,359 [65b54071-31d6-4bc0-82c0-f363a9aa9754-NettyServerStreamRpc-bossGroup--thread1] INFO  logging.LoggingHandler (AbstractInternalLogger.java:log(148)) - [id: 0x3d14fec4] REGISTERED
2023-06-22 21:36:52,359 [main] INFO  server.XceiverServerGrpc (XceiverServerGrpc.java:<init>(132)) - GrpcServer channel type EpollServerSocketChannel
2023-06-22 21:36:52,362 [main] INFO  replication.ReplicationSupervisor (ReplicationSupervisor.java:nodeStateUpdated(305)) - Node state updated to IN_SERVICE, scaling executor pool size to 10
2023-06-22 21:36:52,363 [65b54071-31d6-4bc0-82c0-f363a9aa9754-NettyServerStreamRpc-bossGroup--thread1] INFO  logging.LoggingHandler (AbstractInternalLogger.java:log(148)) - [id: 0x3d14fec4] BIND: 0.0.0.0/0.0.0.0:15077
2023-06-22 21:36:52,363 [65b54071-31d6-4bc0-82c0-f363a9aa9754-NettyServerStreamRpc-bossGroup--thread1] INFO  logging.LoggingHandler (AbstractInternalLogger.java:log(148)) - [id: 0x3d14fec4, L:/0:0:0:0:0:0:0:0:15077] ACTIVE
2023-06-22 21:36:52,364 [main] INFO  http.BaseHttpServer (BaseHttpServer.java:newHttpServer2BuilderForOzone(224)) - Starting Web-server for hddsDatanode at: http://0.0.0.0:15071
2023-06-22 21:36:52,365 [main] INFO  http.BaseHttpServer (BaseHttpServer.java:<init>(111)) - Hadoop Security Enabled: false Ozone Security Enabled: false Ozone HTTP Security Enabled: false 
2023-06-22 21:36:52,366 [main] WARN  server.AuthenticationFilter (AuthenticationFilter.java:constructSecretProvider(240)) - Unable to initialize FileSignerSecretProvider, falling back to use random secrets. Reason: Could not read signature secret file: /home/runner/hadoop-http-auth-signature-secret
2023-06-22 21:36:52,367 [main] INFO  http.HttpRequestLog (HttpRequestLog.java:getRequestLog(86)) - Http request log for http.requests.hddsDatanode is not defined
2023-06-22 21:36:52,369 [main] INFO  http.HttpServer2 (HttpServer2.java:addGlobalFilter(1031)) - Added global filter 'safety' (class=org.apache.hadoop.hdds.server.http.HttpServer2$QuotingInputFilter)
2023-06-22 21:36:52,369 [main] INFO  http.HttpServer2 (HttpServer2.java:addFilter(1007)) - Added filter static_user_filter (class=org.apache.hadoop.http.lib.StaticUserWebFilter$StaticUserFilter) to context hddsDatanode
2023-06-22 21:36:52,370 [main] INFO  http.HttpServer2 (HttpServer2.java:addFilter(1015)) - Added filter static_user_filter (class=org.apache.hadoop.http.lib.StaticUserWebFilter$StaticUserFilter) to context logs
2023-06-22 21:36:52,370 [main] INFO  http.HttpServer2 (HttpServer2.java:addFilter(1015)) - Added filter static_user_filter (class=org.apache.hadoop.http.lib.StaticUserWebFilter$StaticUserFilter) to context static
2023-06-22 21:36:52,370 [main] INFO  http.BaseHttpServer (BaseHttpServer.java:<init>(190)) - HTTP server of hddsDatanode uses base directory /home/runner/work/ozone/ozone/hadoop-ozone/integration-test/target/test-dir/MiniOzoneClusterImpl-9e90c1de-1c56-491c-b259-3d04922b55fd/datanode-1/meta/webserver
2023-06-22 21:36:52,370 [main] INFO  http.HttpServer2 (HttpServer2.java:bindListener(1250)) - Jetty bound to port 15071
2023-06-22 21:36:52,371 [main] INFO  server.Server (Server.java:doStart(375)) - jetty-9.4.51.v20230217; built: 2023-02-17T08:19:37.309Z; git: b45c405e4544384de066f814ed42ae3dceacdd49; jvm 1.8.0_372-b07
2023-06-22 21:36:52,372 [main] INFO  server.session (DefaultSessionIdManager.java:doStart(334)) - DefaultSessionIdManager workerName=node0
2023-06-22 21:36:52,372 [main] INFO  server.session (DefaultSessionIdManager.java:doStart(339)) - No SessionScavenger set, using defaults
2023-06-22 21:36:52,372 [main] INFO  server.session (HouseKeeper.java:startScavenging(132)) - node0 Scavenging every 660000ms
2023-06-22 21:36:52,373 [main] INFO  handler.ContextHandler (ContextHandler.java:doStart(921)) - Started o.e.j.s.ServletContextHandler@22e13a44{logs,/logs,file:///home/runner/work/ozone/ozone/hadoop-ozone/integration-test/target/log,AVAILABLE}
2023-06-22 21:36:52,374 [main] INFO  handler.ContextHandler (ContextHandler.java:doStart(921)) - Started o.e.j.s.ServletContextHandler@70be38b8{static,/static,jar:file:/home/runner/.m2/repository/org/apache/ozone/hdds-container-service/1.4.0-SNAPSHOT/hdds-container-service-1.4.0-SNAPSHOT.jar!/webapps/static,AVAILABLE}
2023-06-22 21:36:52,612 [main] INFO  handler.ContextHandler (ContextHandler.java:doStart(921)) - Started o.e.j.w.WebAppContext@585881c6{hddsDatanode,/,file:///home/runner/work/ozone/ozone/hadoop-ozone/integration-test/target/test-dir/MiniOzoneClusterImpl-9e90c1de-1c56-491c-b259-3d04922b55fd/datanode-1/meta/webserver/jetty-0_0_0_0-15071-hdds-container-service-1_4_0-SNAPSHOT_jar-_-any-1367779819719619195/webapp/,AVAILABLE}{jar:file:/home/runner/.m2/repository/org/apache/ozone/hdds-container-service/1.4.0-SNAPSHOT/hdds-container-service-1.4.0-SNAPSHOT.jar!/webapps/hddsDatanode}
2023-06-22 21:36:52,614 [main] INFO  server.AbstractConnector (AbstractConnector.java:doStart(333)) - Started ServerConnector@7749cd97{HTTP/1.1, (http/1.1)}{0.0.0.0:15071}
2023-06-22 21:36:52,614 [main] INFO  server.Server (Server.java:doStart(415)) - Started @116407ms
2023-06-22 21:36:52,614 [main] WARN  impl.MetricsSystemImpl (MetricsSystemImpl.java:register(279)) - Sink prometheus already exists!
2023-06-22 21:36:52,615 [main] INFO  http.BaseHttpServer (BaseHttpServer.java:updateConnectorAddress(344)) - HTTP server of hddsDatanode listening at http://0.0.0.0:15071
2023-06-22 21:36:52,615 [main] INFO  ipc.CallQueueManager (CallQueueManager.java:<init>(90)) - Using callQueue: class java.util.concurrent.LinkedBlockingQueue, queueCapacity: 100, scheduler: class org.apache.hadoop.ipc.DefaultRpcScheduler, ipcBackoff: false.
2023-06-22 21:36:52,616 [Socket Reader #1 for port 15072] INFO  ipc.Server (Server.java:run(1319)) - Starting Socket Reader #1 for port 15072
2023-06-22 21:36:52,620 [Listener at 0.0.0.0/15072] INFO  hdds.HddsUtils (HddsUtils.java:preserveThreadName(848)) - Restoring thread name: main
2023-06-22 21:36:52,620 [main] INFO  ozone.HddsDatanodeService (HddsDatanodeService.java:start(335)) - Datanode start with admins: [runner]
2023-06-22 21:36:52,620 [main] INFO  ozone.HddsDatanodeClientProtocolServer (HddsDatanodeClientProtocolServer.java:start(72)) - RPC server for Client /0.0.0.0:15072
2023-06-22 21:36:52,621 [IPC Server listener on 15072] INFO  ipc.Server (Server.java:run(1398)) - IPC Server listener on 15072: starting
2023-06-22 21:36:52,621 [IPC Server Responder] INFO  ipc.Server (Server.java:run(1558)) - IPC Server Responder: starting
2023-06-22 21:36:52,630 [main] WARN  impl.MetricRegistriesImpl (MetricRegistriesImpl.java:addReporterRegistration(111)) - New reporters are added after registries were created. Some metrics will be missing from the reporter. Please add reporter before adding any new registry.
2023-06-22 21:36:52,630 [main] WARN  impl.MetricRegistriesImpl (MetricRegistriesImpl.java:addReporterRegistration(111)) - New reporters are added after registries were created. Some metrics will be missing from the reporter. Please add reporter before adding any new registry.
2023-06-22 21:36:52,630 [main] INFO  impl.MetricsSystemImpl (MetricsSystemImpl.java:init(158)) - HddsDatanode metrics system started (again)
2023-06-22 21:36:52,630 [Datanode State Machine Daemon Thread] INFO  statemachine.DatanodeStateMachine (DatanodeStateMachine.java:lambda$startDaemon$0(531)) - Ozone container server started.
2023-06-22 21:36:52,643 [Datanode State Machine Task Thread - 0] INFO  datanode.InitDatanodeState (InitDatanodeState.java:persistContainerDatanodeDetails(138)) - DatanodeDetails is persisted to /home/runner/work/ozone/ozone/hadoop-ozone/integration-test/target/test-dir/MiniOzoneClusterImpl-9e90c1de-1c56-491c-b259-3d04922b55fd/datanode-1/meta/datanode.id
2023-06-22 21:36:52,654 [main] INFO  ozone.HddsDatanodeService (HddsDatanodeService.java:start(257)) - HddsDatanodeService host:fv-az504-135 ip:10.1.1.69
2023-06-22 21:36:52,678 [main] INFO  upgrade.AbstractLayoutVersionManager (AbstractLayoutVersionManager.java:init(83)) - Initializing Layout version manager with metadata layout = HADOOP_PRC_PORTS_IN_DATANODEDETAILS (version = 7), software layout = HADOOP_PRC_PORTS_IN_DATANODEDETAILS (version = 7)
2023-06-22 21:36:52,678 [main] INFO  statemachine.DatanodeStateMachine (DatanodeStateMachine.java:getEndPointTaskThreadPoolSize(279)) - Datanode State Machine Task Thread Pool size 2
2023-06-22 21:36:52,680 [main] INFO  volume.HddsVolume (HddsVolume.java:<init>(130)) - Creating HddsVolume: /home/runner/work/ozone/ozone/hadoop-ozone/integration-test/target/test-dir/MiniOzoneClusterImpl-9e90c1de-1c56-491c-b259-3d04922b55fd/datanode-2/data-0/containers/hdds of storage type : DISK capacity : 9223372036854775807
2023-06-22 21:36:52,681 [main] INFO  volume.MutableVolumeSet (MutableVolumeSet.java:initializeVolumeSet(175)) - Added Volume : /home/runner/work/ozone/ozone/hadoop-ozone/integration-test/target/test-dir/MiniOzoneClusterImpl-9e90c1de-1c56-491c-b259-3d04922b55fd/datanode-2/data-0/containers/hdds to VolumeSet
2023-06-22 21:36:52,681 [main] INFO  volume.ThrottledAsyncChecker (ThrottledAsyncChecker.java:schedule(141)) - Scheduling a check for /home/runner/work/ozone/ozone/hadoop-ozone/integration-test/target/test-dir/MiniOzoneClusterImpl-9e90c1de-1c56-491c-b259-3d04922b55fd/datanode-2/data-0/containers/hdds
2023-06-22 21:36:52,682 [main] INFO  volume.StorageVolumeChecker (StorageVolumeChecker.java:checkAllVolumes(202)) - Scheduled health check for volume /home/runner/work/ozone/ozone/hadoop-ozone/integration-test/target/test-dir/MiniOzoneClusterImpl-9e90c1de-1c56-491c-b259-3d04922b55fd/datanode-2/data-0/containers/hdds
2023-06-22 21:36:52,705 [main] INFO  volume.MutableVolumeSet (MutableVolumeSet.java:initializeVolumeSet(175)) - Added Volume : /home/runner/work/ozone/ozone/hadoop-ozone/integration-test/target/test-dir/MiniOzoneClusterImpl-9e90c1de-1c56-491c-b259-3d04922b55fd/datanode-2/data/ratis to VolumeSet
2023-06-22 21:36:52,706 [main] INFO  volume.ThrottledAsyncChecker (ThrottledAsyncChecker.java:schedule(141)) - Scheduling a check for /home/runner/work/ozone/ozone/hadoop-ozone/integration-test/target/test-dir/MiniOzoneClusterImpl-9e90c1de-1c56-491c-b259-3d04922b55fd/datanode-2/data/ratis
2023-06-22 21:36:52,706 [main] INFO  volume.StorageVolumeChecker (StorageVolumeChecker.java:checkAllVolumes(202)) - Scheduled health check for volume /home/runner/work/ozone/ozone/hadoop-ozone/integration-test/target/test-dir/MiniOzoneClusterImpl-9e90c1de-1c56-491c-b259-3d04922b55fd/datanode-2/data/ratis
2023-06-22 21:36:52,720 [Thread-1754] INFO  ozoneimpl.ContainerReader (ContainerReader.java:readVolume(175)) - Finish verifying containers on volume /home/runner/work/ozone/ozone/hadoop-ozone/integration-test/target/test-dir/MiniOzoneClusterImpl-9e90c1de-1c56-491c-b259-3d04922b55fd/datanode-2/data-0/containers/hdds
2023-06-22 21:36:52,720 [main] INFO  ozoneimpl.OzoneContainer (OzoneContainer.java:buildContainerSet(316)) - Build ContainerSet costs 0s
2023-06-22 21:36:52,723 [main] INFO  server.RaftServer (ConfUtils.java:logGet(46)) - raft.rpc.type = GRPC (default)
2023-06-22 21:36:52,723 [main] INFO  grpc.GrpcConfigKeys (ConfUtils.java:logFallback(53)) - raft.grpc.admin.host = null (fallback to raft.grpc.server.host)
2023-06-22 21:36:52,723 [main] INFO  grpc.GrpcConfigKeys (ConfUtils.java:logGet(46)) - raft.grpc.admin.port = 15084 (custom)
2023-06-22 21:36:52,723 [main] INFO  grpc.GrpcConfigKeys (ConfUtils.java:logFallback(53)) - raft.grpc.client.host = null (fallback to raft.grpc.server.host)
2023-06-22 21:36:52,723 [main] INFO  grpc.GrpcConfigKeys (ConfUtils.java:logGet(46)) - raft.grpc.client.port = 15083 (custom)
2023-06-22 21:36:52,724 [main] INFO  grpc.GrpcConfigKeys (ConfUtils.java:logGet(46)) - raft.grpc.server.host = null (default)
2023-06-22 21:36:52,724 [main] INFO  grpc.GrpcConfigKeys (ConfUtils.java:logGet(46)) - raft.grpc.server.port = 15085 (custom)
2023-06-22 21:36:52,724 [main] INFO  server.GrpcService (ConfUtils.java:logGet(46)) - raft.grpc.message.size.max = 32MB (=33554432) (custom)
2023-06-22 21:36:52,724 [main] INFO  server.RaftServerConfigKeys (ConfUtils.java:logGet(46)) - raft.server.log.appender.buffer.byte-limit = 33554432 (custom)
2023-06-22 21:36:52,724 [main] INFO  server.GrpcService (ConfUtils.java:logGet(46)) - raft.grpc.flow.control.window = 5MB (=5242880) (custom)
2023-06-22 21:36:52,724 [main] INFO  server.RaftServerConfigKeys (ConfUtils.java:logGet(46)) - raft.server.rpc.request.timeout = 60s (custom)
2023-06-22 21:36:52,724 [main] INFO  grpc.GrpcConfigKeys (ConfUtils.java:logGet(46)) - raft.grpc.server.heartbeat.channel = true (default)
2023-06-22 21:36:52,724 [main] INFO  grpc.GrpcConfigKeys (ConfUtils.java:logGet(46)) - raft.grpc.server.async.request.thread.pool.cached = true (default)
2023-06-22 21:36:52,724 [main] INFO  grpc.GrpcConfigKeys (ConfUtils.java:logGet(46)) - raft.grpc.server.async.request.thread.pool.size = 32 (default)
2023-06-22 21:36:52,727 [main] INFO  impl.DataStreamServerImpl (ConfUtils.java:logGet(46)) - raft.datastream.type = NETTY (custom)
2023-06-22 21:36:52,727 [main] INFO  server.RaftServerConfigKeys (ConfUtils.java:logGet(46)) - raft.server.data-stream.async.request.thread.pool.cached = false (default)
2023-06-22 21:36:52,728 [main] INFO  server.RaftServerConfigKeys (ConfUtils.java:logGet(46)) - raft.server.data-stream.async.request.thread.pool.size = 20 (custom)
2023-06-22 21:36:52,728 [main] INFO  server.RaftServerConfigKeys (ConfUtils.java:logGet(46)) - raft.server.data-stream.async.write.thread.pool.size = 16 (default)
2023-06-22 21:36:52,728 [main] INFO  server.RaftServerConfigKeys (ConfUtils.java:logGet(46)) - raft.server.data-stream.client.pool.size = 10 (default)
2023-06-22 21:36:52,728 [main] INFO  netty.NettyConfigKeys$DataStream (ConfUtils.java:logGet(46)) - raft.netty.dataStream.server.use-epoll = false (default)
2023-06-22 21:36:52,728 [main] INFO  netty.NettyConfigKeys$DataStream (ConfUtils.java:logGet(46)) - raft.netty.dataStream.server.boss-group.size = 0 (default)
2023-06-22 21:36:52,729 [main] INFO  netty.NettyConfigKeys$DataStream (ConfUtils.java:logGet(46)) - raft.netty.dataStream.server.worker-group.size = 0 (default)
2023-06-22 21:36:52,729 [main] INFO  netty.NettyConfigKeys$DataStream (ConfUtils.java:logGet(46)) - raft.netty.dataStream.server.tls.conf = null (default)
2023-06-22 21:36:52,729 [main] INFO  netty.NettyConfigKeys$DataStream (ConfUtils.java:logGet(46)) - raft.netty.dataStream.host = null (default)
2023-06-22 21:36:52,729 [main] INFO  netty.NettyConfigKeys$DataStream (ConfUtils.java:logGet(46)) - raft.netty.dataStream.port = 15086 (custom)
2023-06-22 21:36:52,730 [main] INFO  server.RaftServerConfigKeys (ConfUtils.java:logGet(46)) - raft.server.threadpool.proxy.cached = true (default)
2023-06-22 21:36:52,730 [main] INFO  server.RaftServerConfigKeys (ConfUtils.java:logGet(46)) - raft.server.threadpool.proxy.size = 0 (default)
2023-06-22 21:36:52,730 [main] INFO  server.RaftServerConfigKeys (ConfUtils.java:logGet(46)) - raft.server.rpc.slowness.timeout = 300s (custom)
2023-06-22 21:36:52,730 [main] INFO  server.RaftServerConfigKeys (ConfUtils.java:logGet(46)) - raft.server.leaderelection.leader.step-down.wait-time = 10s (default)
2023-06-22 21:36:52,730 [main] INFO  server.RaftServerConfigKeys (ConfUtils.java:logGet(46)) - raft.server.storage.dir = [/home/runner/work/ozone/ozone/hadoop-ozone/integration-test/target/test-dir/MiniOzoneClusterImpl-9e90c1de-1c56-491c-b259-3d04922b55fd/datanode-2/data/ratis] (custom)
2023-06-22 21:36:52,733 [599df4a6-6b73-4cda-a21a-cae0798e8b5d-NettyServerStreamRpc-bossGroup--thread1] INFO  logging.LoggingHandler (AbstractInternalLogger.java:log(148)) - [id: 0x34db3b19] REGISTERED
2023-06-22 21:36:52,733 [599df4a6-6b73-4cda-a21a-cae0798e8b5d-NettyServerStreamRpc-bossGroup--thread1] INFO  logging.LoggingHandler (AbstractInternalLogger.java:log(148)) - [id: 0x34db3b19] BIND: 0.0.0.0/0.0.0.0:15086
2023-06-22 21:36:52,734 [599df4a6-6b73-4cda-a21a-cae0798e8b5d-NettyServerStreamRpc-bossGroup--thread1] INFO  logging.LoggingHandler (AbstractInternalLogger.java:log(148)) - [id: 0x34db3b19, L:/0:0:0:0:0:0:0:0:15086] ACTIVE
2023-06-22 21:36:52,735 [main] INFO  server.XceiverServerGrpc (XceiverServerGrpc.java:<init>(132)) - GrpcServer channel type EpollServerSocketChannel
2023-06-22 21:36:52,737 [main] INFO  replication.ReplicationSupervisor (ReplicationSupervisor.java:nodeStateUpdated(305)) - Node state updated to IN_SERVICE, scaling executor pool size to 10
2023-06-22 21:36:52,743 [main] INFO  http.BaseHttpServer (BaseHttpServer.java:newHttpServer2BuilderForOzone(224)) - Starting Web-server for hddsDatanode at: http://0.0.0.0:15080
2023-06-22 21:36:52,743 [main] INFO  http.BaseHttpServer (BaseHttpServer.java:<init>(111)) - Hadoop Security Enabled: false Ozone Security Enabled: false Ozone HTTP Security Enabled: false 
2023-06-22 21:36:52,745 [main] WARN  server.AuthenticationFilter (AuthenticationFilter.java:constructSecretProvider(240)) - Unable to initialize FileSignerSecretProvider, falling back to use random secrets. Reason: Could not read signature secret file: /home/runner/hadoop-http-auth-signature-secret
2023-06-22 21:36:52,749 [main] INFO  http.HttpRequestLog (HttpRequestLog.java:getRequestLog(86)) - Http request log for http.requests.hddsDatanode is not defined
2023-06-22 21:36:52,752 [main] INFO  http.HttpServer2 (HttpServer2.java:addGlobalFilter(1031)) - Added global filter 'safety' (class=org.apache.hadoop.hdds.server.http.HttpServer2$QuotingInputFilter)
2023-06-22 21:36:52,753 [main] INFO  http.HttpServer2 (HttpServer2.java:addFilter(1007)) - Added filter static_user_filter (class=org.apache.hadoop.http.lib.StaticUserWebFilter$StaticUserFilter) to context hddsDatanode
2023-06-22 21:36:52,753 [main] INFO  http.HttpServer2 (HttpServer2.java:addFilter(1015)) - Added filter static_user_filter (class=org.apache.hadoop.http.lib.StaticUserWebFilter$StaticUserFilter) to context static
2023-06-22 21:36:52,753 [main] INFO  http.HttpServer2 (HttpServer2.java:addFilter(1015)) - Added filter static_user_filter (class=org.apache.hadoop.http.lib.StaticUserWebFilter$StaticUserFilter) to context logs
2023-06-22 21:36:52,754 [main] INFO  http.BaseHttpServer (BaseHttpServer.java:<init>(190)) - HTTP server of hddsDatanode uses base directory /home/runner/work/ozone/ozone/hadoop-ozone/integration-test/target/test-dir/MiniOzoneClusterImpl-9e90c1de-1c56-491c-b259-3d04922b55fd/datanode-2/meta/webserver
2023-06-22 21:36:52,754 [main] INFO  http.HttpServer2 (HttpServer2.java:bindListener(1250)) - Jetty bound to port 15080
2023-06-22 21:36:52,754 [main] INFO  server.Server (Server.java:doStart(375)) - jetty-9.4.51.v20230217; built: 2023-02-17T08:19:37.309Z; git: b45c405e4544384de066f814ed42ae3dceacdd49; jvm 1.8.0_372-b07
2023-06-22 21:36:52,756 [main] INFO  server.session (DefaultSessionIdManager.java:doStart(334)) - DefaultSessionIdManager workerName=node0
2023-06-22 21:36:52,756 [main] INFO  server.session (DefaultSessionIdManager.java:doStart(339)) - No SessionScavenger set, using defaults
2023-06-22 21:36:52,756 [main] INFO  server.session (HouseKeeper.java:startScavenging(132)) - node0 Scavenging every 660000ms
2023-06-22 21:36:52,757 [main] INFO  handler.ContextHandler (ContextHandler.java:doStart(921)) - Started o.e.j.s.ServletContextHandler@3574975e{logs,/logs,file:///home/runner/work/ozone/ozone/hadoop-ozone/integration-test/target/log,AVAILABLE}
2023-06-22 21:36:52,757 [main] INFO  handler.ContextHandler (ContextHandler.java:doStart(921)) - Started o.e.j.s.ServletContextHandler@4cbef45c{static,/static,jar:file:/home/runner/.m2/repository/org/apache/ozone/hdds-container-service/1.4.0-SNAPSHOT/hdds-container-service-1.4.0-SNAPSHOT.jar!/webapps/static,AVAILABLE}
2023-06-22 21:36:53,006 [main] INFO  handler.ContextHandler (ContextHandler.java:doStart(921)) - Started o.e.j.w.WebAppContext@6cd3d48c{hddsDatanode,/,file:///home/runner/work/ozone/ozone/hadoop-ozone/integration-test/target/test-dir/MiniOzoneClusterImpl-9e90c1de-1c56-491c-b259-3d04922b55fd/datanode-2/meta/webserver/jetty-0_0_0_0-15080-hdds-container-service-1_4_0-SNAPSHOT_jar-_-any-1908241441854528281/webapp/,AVAILABLE}{jar:file:/home/runner/.m2/repository/org/apache/ozone/hdds-container-service/1.4.0-SNAPSHOT/hdds-container-service-1.4.0-SNAPSHOT.jar!/webapps/hddsDatanode}
2023-06-22 21:36:53,008 [main] INFO  server.AbstractConnector (AbstractConnector.java:doStart(333)) - Started ServerConnector@1df71963{HTTP/1.1, (http/1.1)}{0.0.0.0:15080}
2023-06-22 21:36:53,008 [main] INFO  server.Server (Server.java:doStart(415)) - Started @116801ms
2023-06-22 21:36:53,008 [main] WARN  impl.MetricsSystemImpl (MetricsSystemImpl.java:register(279)) - Sink prometheus already exists!
2023-06-22 21:36:53,009 [main] INFO  http.BaseHttpServer (BaseHttpServer.java:updateConnectorAddress(344)) - HTTP server of hddsDatanode listening at http://0.0.0.0:15080
2023-06-22 21:36:53,011 [main] INFO  ipc.CallQueueManager (CallQueueManager.java:<init>(90)) - Using callQueue: class java.util.concurrent.LinkedBlockingQueue, queueCapacity: 100, scheduler: class org.apache.hadoop.ipc.DefaultRpcScheduler, ipcBackoff: false.
2023-06-22 21:36:53,013 [Socket Reader #1 for port 15081] INFO  ipc.Server (Server.java:run(1319)) - Starting Socket Reader #1 for port 15081
2023-06-22 21:36:53,019 [Listener at 0.0.0.0/15081] INFO  hdds.HddsUtils (HddsUtils.java:preserveThreadName(848)) - Restoring thread name: main
2023-06-22 21:36:53,019 [main] INFO  ozone.HddsDatanodeService (HddsDatanodeService.java:start(335)) - Datanode start with admins: [runner]
2023-06-22 21:36:53,019 [main] INFO  ozone.HddsDatanodeClientProtocolServer (HddsDatanodeClientProtocolServer.java:start(72)) - RPC server for Client /0.0.0.0:15081
2023-06-22 21:36:53,019 [IPC Server Responder] INFO  ipc.Server (Server.java:run(1558)) - IPC Server Responder: starting
2023-06-22 21:36:53,020 [IPC Server listener on 15081] INFO  ipc.Server (Server.java:run(1398)) - IPC Server listener on 15081: starting
2023-06-22 21:36:53,020 [main] WARN  impl.MetricRegistriesImpl (MetricRegistriesImpl.java:addReporterRegistration(111)) - New reporters are added after registries were created. Some metrics will be missing from the reporter. Please add reporter before adding any new registry.
2023-06-22 21:36:53,020 [main] WARN  impl.MetricRegistriesImpl (MetricRegistriesImpl.java:addReporterRegistration(111)) - New reporters are added after registries were created. Some metrics will be missing from the reporter. Please add reporter before adding any new registry.
2023-06-22 21:36:53,020 [main] INFO  impl.MetricsSystemImpl (MetricsSystemImpl.java:init(158)) - HddsDatanode metrics system started (again)
2023-06-22 21:36:53,026 [Datanode State Machine Daemon Thread] INFO  statemachine.DatanodeStateMachine (DatanodeStateMachine.java:lambda$startDaemon$0(531)) - Ozone container server started.
2023-06-22 21:36:53,045 [main] INFO  ozone.HddsDatanodeService (HddsDatanodeService.java:start(257)) - HddsDatanodeService host:fv-az504-135 ip:10.1.1.69
2023-06-22 21:36:53,059 [Datanode State Machine Task Thread - 0] INFO  datanode.InitDatanodeState (InitDatanodeState.java:persistContainerDatanodeDetails(138)) - DatanodeDetails is persisted to /home/runner/work/ozone/ozone/hadoop-ozone/integration-test/target/test-dir/MiniOzoneClusterImpl-9e90c1de-1c56-491c-b259-3d04922b55fd/datanode-2/meta/datanode.id
2023-06-22 21:36:53,079 [main] INFO  upgrade.AbstractLayoutVersionManager (AbstractLayoutVersionManager.java:init(83)) - Initializing Layout version manager with metadata layout = HADOOP_PRC_PORTS_IN_DATANODEDETAILS (version = 7), software layout = HADOOP_PRC_PORTS_IN_DATANODEDETAILS (version = 7)
2023-06-22 21:36:53,082 [main] INFO  statemachine.DatanodeStateMachine (DatanodeStateMachine.java:getEndPointTaskThreadPoolSize(279)) - Datanode State Machine Task Thread Pool size 2
2023-06-22 21:36:53,084 [main] INFO  volume.HddsVolume (HddsVolume.java:<init>(130)) - Creating HddsVolume: /home/runner/work/ozone/ozone/hadoop-ozone/integration-test/target/test-dir/MiniOzoneClusterImpl-9e90c1de-1c56-491c-b259-3d04922b55fd/datanode-3/data-0/containers/hdds of storage type : DISK capacity : 9223372036854775807
2023-06-22 21:36:53,084 [main] INFO  volume.MutableVolumeSet (MutableVolumeSet.java:initializeVolumeSet(175)) - Added Volume : /home/runner/work/ozone/ozone/hadoop-ozone/integration-test/target/test-dir/MiniOzoneClusterImpl-9e90c1de-1c56-491c-b259-3d04922b55fd/datanode-3/data-0/containers/hdds to VolumeSet
2023-06-22 21:36:53,084 [main] INFO  volume.ThrottledAsyncChecker (ThrottledAsyncChecker.java:schedule(141)) - Scheduling a check for /home/runner/work/ozone/ozone/hadoop-ozone/integration-test/target/test-dir/MiniOzoneClusterImpl-9e90c1de-1c56-491c-b259-3d04922b55fd/datanode-3/data-0/containers/hdds
2023-06-22 21:36:53,086 [main] INFO  volume.StorageVolumeChecker (StorageVolumeChecker.java:checkAllVolumes(202)) - Scheduled health check for volume /home/runner/work/ozone/ozone/hadoop-ozone/integration-test/target/test-dir/MiniOzoneClusterImpl-9e90c1de-1c56-491c-b259-3d04922b55fd/datanode-3/data-0/containers/hdds
2023-06-22 21:36:53,101 [main] INFO  volume.MutableVolumeSet (MutableVolumeSet.java:initializeVolumeSet(175)) - Added Volume : /home/runner/work/ozone/ozone/hadoop-ozone/integration-test/target/test-dir/MiniOzoneClusterImpl-9e90c1de-1c56-491c-b259-3d04922b55fd/datanode-3/data/ratis to VolumeSet
2023-06-22 21:36:53,101 [main] INFO  volume.ThrottledAsyncChecker (ThrottledAsyncChecker.java:schedule(141)) - Scheduling a check for /home/runner/work/ozone/ozone/hadoop-ozone/integration-test/target/test-dir/MiniOzoneClusterImpl-9e90c1de-1c56-491c-b259-3d04922b55fd/datanode-3/data/ratis
2023-06-22 21:36:53,101 [main] INFO  volume.StorageVolumeChecker (StorageVolumeChecker.java:checkAllVolumes(202)) - Scheduled health check for volume /home/runner/work/ozone/ozone/hadoop-ozone/integration-test/target/test-dir/MiniOzoneClusterImpl-9e90c1de-1c56-491c-b259-3d04922b55fd/datanode-3/data/ratis
2023-06-22 21:36:53,118 [Thread-1771] INFO  ozoneimpl.ContainerReader (ContainerReader.java:readVolume(175)) - Finish verifying containers on volume /home/runner/work/ozone/ozone/hadoop-ozone/integration-test/target/test-dir/MiniOzoneClusterImpl-9e90c1de-1c56-491c-b259-3d04922b55fd/datanode-3/data-0/containers/hdds
2023-06-22 21:36:53,118 [main] INFO  ozoneimpl.OzoneContainer (OzoneContainer.java:buildContainerSet(316)) - Build ContainerSet costs 0s
2023-06-22 21:36:53,120 [main] INFO  server.RaftServer (ConfUtils.java:logGet(46)) - raft.rpc.type = GRPC (default)
2023-06-22 21:36:53,120 [main] INFO  grpc.GrpcConfigKeys (ConfUtils.java:logFallback(53)) - raft.grpc.admin.host = null (fallback to raft.grpc.server.host)
2023-06-22 21:36:53,120 [main] INFO  grpc.GrpcConfigKeys (ConfUtils.java:logGet(46)) - raft.grpc.admin.port = 15093 (custom)
2023-06-22 21:36:53,120 [main] INFO  grpc.GrpcConfigKeys (ConfUtils.java:logFallback(53)) - raft.grpc.client.host = null (fallback to raft.grpc.server.host)
2023-06-22 21:36:53,120 [main] INFO  grpc.GrpcConfigKeys (ConfUtils.java:logGet(46)) - raft.grpc.client.port = 15092 (custom)
2023-06-22 21:36:53,120 [main] INFO  grpc.GrpcConfigKeys (ConfUtils.java:logGet(46)) - raft.grpc.server.host = null (default)
2023-06-22 21:36:53,121 [main] INFO  grpc.GrpcConfigKeys (ConfUtils.java:logGet(46)) - raft.grpc.server.port = 15094 (custom)
2023-06-22 21:36:53,121 [main] INFO  server.GrpcService (ConfUtils.java:logGet(46)) - raft.grpc.message.size.max = 32MB (=33554432) (custom)
2023-06-22 21:36:53,121 [main] INFO  server.RaftServerConfigKeys (ConfUtils.java:logGet(46)) - raft.server.log.appender.buffer.byte-limit = 33554432 (custom)
2023-06-22 21:36:53,121 [main] INFO  server.GrpcService (ConfUtils.java:logGet(46)) - raft.grpc.flow.control.window = 5MB (=5242880) (custom)
2023-06-22 21:36:53,121 [main] INFO  server.RaftServerConfigKeys (ConfUtils.java:logGet(46)) - raft.server.rpc.request.timeout = 60s (custom)
2023-06-22 21:36:53,121 [main] INFO  grpc.GrpcConfigKeys (ConfUtils.java:logGet(46)) - raft.grpc.server.heartbeat.channel = true (default)
2023-06-22 21:36:53,122 [main] INFO  grpc.GrpcConfigKeys (ConfUtils.java:logGet(46)) - raft.grpc.server.async.request.thread.pool.cached = true (default)
2023-06-22 21:36:53,122 [main] INFO  grpc.GrpcConfigKeys (ConfUtils.java:logGet(46)) - raft.grpc.server.async.request.thread.pool.size = 32 (default)
2023-06-22 21:36:53,125 [main] INFO  impl.DataStreamServerImpl (ConfUtils.java:logGet(46)) - raft.datastream.type = NETTY (custom)
2023-06-22 21:36:53,125 [main] INFO  server.RaftServerConfigKeys (ConfUtils.java:logGet(46)) - raft.server.data-stream.async.request.thread.pool.cached = false (default)
2023-06-22 21:36:53,125 [main] INFO  server.RaftServerConfigKeys (ConfUtils.java:logGet(46)) - raft.server.data-stream.async.request.thread.pool.size = 20 (custom)
2023-06-22 21:36:53,126 [main] INFO  server.RaftServerConfigKeys (ConfUtils.java:logGet(46)) - raft.server.data-stream.async.write.thread.pool.size = 16 (default)
2023-06-22 21:36:53,126 [main] INFO  server.RaftServerConfigKeys (ConfUtils.java:logGet(46)) - raft.server.data-stream.client.pool.size = 10 (default)
2023-06-22 21:36:53,126 [main] INFO  netty.NettyConfigKeys$DataStream (ConfUtils.java:logGet(46)) - raft.netty.dataStream.server.use-epoll = false (default)
2023-06-22 21:36:53,126 [main] INFO  netty.NettyConfigKeys$DataStream (ConfUtils.java:logGet(46)) - raft.netty.dataStream.server.boss-group.size = 0 (default)
2023-06-22 21:36:53,126 [main] INFO  netty.NettyConfigKeys$DataStream (ConfUtils.java:logGet(46)) - raft.netty.dataStream.server.worker-group.size = 0 (default)
2023-06-22 21:36:53,127 [main] INFO  netty.NettyConfigKeys$DataStream (ConfUtils.java:logGet(46)) - raft.netty.dataStream.server.tls.conf = null (default)
2023-06-22 21:36:53,127 [main] INFO  netty.NettyConfigKeys$DataStream (ConfUtils.java:logGet(46)) - raft.netty.dataStream.host = null (default)
2023-06-22 21:36:53,127 [main] INFO  netty.NettyConfigKeys$DataStream (ConfUtils.java:logGet(46)) - raft.netty.dataStream.port = 15095 (custom)
2023-06-22 21:36:53,130 [main] INFO  server.RaftServerConfigKeys (ConfUtils.java:logGet(46)) - raft.server.threadpool.proxy.cached = true (default)
2023-06-22 21:36:53,130 [main] INFO  server.RaftServerConfigKeys (ConfUtils.java:logGet(46)) - raft.server.threadpool.proxy.size = 0 (default)
2023-06-22 21:36:53,130 [main] INFO  server.RaftServerConfigKeys (ConfUtils.java:logGet(46)) - raft.server.rpc.slowness.timeout = 300s (custom)
2023-06-22 21:36:53,130 [main] INFO  server.RaftServerConfigKeys (ConfUtils.java:logGet(46)) - raft.server.leaderelection.leader.step-down.wait-time = 10s (default)
2023-06-22 21:36:53,130 [main] INFO  server.RaftServerConfigKeys (ConfUtils.java:logGet(46)) - raft.server.storage.dir = [/home/runner/work/ozone/ozone/hadoop-ozone/integration-test/target/test-dir/MiniOzoneClusterImpl-9e90c1de-1c56-491c-b259-3d04922b55fd/datanode-3/data/ratis] (custom)
2023-06-22 21:36:53,131 [f1abb7db-c3af-437a-bde0-e7e35204823b-NettyServerStreamRpc-bossGroup--thread1] INFO  logging.LoggingHandler (AbstractInternalLogger.java:log(148)) - [id: 0x17307609] REGISTERED
2023-06-22 21:36:53,131 [f1abb7db-c3af-437a-bde0-e7e35204823b-NettyServerStreamRpc-bossGroup--thread1] INFO  logging.LoggingHandler (AbstractInternalLogger.java:log(148)) - [id: 0x17307609] BIND: 0.0.0.0/0.0.0.0:15095
2023-06-22 21:36:53,131 [f1abb7db-c3af-437a-bde0-e7e35204823b-NettyServerStreamRpc-bossGroup--thread1] INFO  logging.LoggingHandler (AbstractInternalLogger.java:log(148)) - [id: 0x17307609, L:/0:0:0:0:0:0:0:0:15095] ACTIVE
2023-06-22 21:36:53,133 [main] INFO  server.XceiverServerGrpc (XceiverServerGrpc.java:<init>(132)) - GrpcServer channel type EpollServerSocketChannel
2023-06-22 21:36:53,137 [main] INFO  replication.ReplicationSupervisor (ReplicationSupervisor.java:nodeStateUpdated(305)) - Node state updated to IN_SERVICE, scaling executor pool size to 10
2023-06-22 21:36:53,139 [main] INFO  http.BaseHttpServer (BaseHttpServer.java:newHttpServer2BuilderForOzone(224)) - Starting Web-server for hddsDatanode at: http://0.0.0.0:15089
2023-06-22 21:36:53,140 [main] INFO  http.BaseHttpServer (BaseHttpServer.java:<init>(111)) - Hadoop Security Enabled: false Ozone Security Enabled: false Ozone HTTP Security Enabled: false 
2023-06-22 21:36:53,141 [main] WARN  server.AuthenticationFilter (AuthenticationFilter.java:constructSecretProvider(240)) - Unable to initialize FileSignerSecretProvider, falling back to use random secrets. Reason: Could not read signature secret file: /home/runner/hadoop-http-auth-signature-secret
2023-06-22 21:36:53,142 [main] INFO  http.HttpRequestLog (HttpRequestLog.java:getRequestLog(86)) - Http request log for http.requests.hddsDatanode is not defined
2023-06-22 21:36:53,143 [main] INFO  http.HttpServer2 (HttpServer2.java:addGlobalFilter(1031)) - Added global filter 'safety' (class=org.apache.hadoop.hdds.server.http.HttpServer2$QuotingInputFilter)
2023-06-22 21:36:53,144 [main] INFO  http.HttpServer2 (HttpServer2.java:addFilter(1007)) - Added filter static_user_filter (class=org.apache.hadoop.http.lib.StaticUserWebFilter$StaticUserFilter) to context hddsDatanode
2023-06-22 21:36:53,145 [main] INFO  http.HttpServer2 (HttpServer2.java:addFilter(1015)) - Added filter static_user_filter (class=org.apache.hadoop.http.lib.StaticUserWebFilter$StaticUserFilter) to context static
2023-06-22 21:36:53,145 [main] INFO  http.HttpServer2 (HttpServer2.java:addFilter(1015)) - Added filter static_user_filter (class=org.apache.hadoop.http.lib.StaticUserWebFilter$StaticUserFilter) to context logs
2023-06-22 21:36:53,145 [main] INFO  http.BaseHttpServer (BaseHttpServer.java:<init>(190)) - HTTP server of hddsDatanode uses base directory /home/runner/work/ozone/ozone/hadoop-ozone/integration-test/target/test-dir/MiniOzoneClusterImpl-9e90c1de-1c56-491c-b259-3d04922b55fd/datanode-3/meta/webserver
2023-06-22 21:36:53,146 [main] INFO  http.HttpServer2 (HttpServer2.java:bindListener(1250)) - Jetty bound to port 15089
2023-06-22 21:36:53,146 [main] INFO  server.Server (Server.java:doStart(375)) - jetty-9.4.51.v20230217; built: 2023-02-17T08:19:37.309Z; git: b45c405e4544384de066f814ed42ae3dceacdd49; jvm 1.8.0_372-b07
2023-06-22 21:36:53,147 [main] INFO  server.session (DefaultSessionIdManager.java:doStart(334)) - DefaultSessionIdManager workerName=node0
2023-06-22 21:36:53,147 [main] INFO  server.session (DefaultSessionIdManager.java:doStart(339)) - No SessionScavenger set, using defaults
2023-06-22 21:36:53,148 [main] INFO  server.session (HouseKeeper.java:startScavenging(132)) - node0 Scavenging every 660000ms
2023-06-22 21:36:53,149 [main] INFO  handler.ContextHandler (ContextHandler.java:doStart(921)) - Started o.e.j.s.ServletContextHandler@3ff252{logs,/logs,file:///home/runner/work/ozone/ozone/hadoop-ozone/integration-test/target/log,AVAILABLE}
2023-06-22 21:36:53,149 [main] INFO  handler.ContextHandler (ContextHandler.java:doStart(921)) - Started o.e.j.s.ServletContextHandler@6d75874d{static,/static,jar:file:/home/runner/.m2/repository/org/apache/ozone/hdds-container-service/1.4.0-SNAPSHOT/hdds-container-service-1.4.0-SNAPSHOT.jar!/webapps/static,AVAILABLE}
2023-06-22 21:36:53,383 [main] INFO  handler.ContextHandler (ContextHandler.java:doStart(921)) - Started o.e.j.w.WebAppContext@45860663{hddsDatanode,/,file:///home/runner/work/ozone/ozone/hadoop-ozone/integration-test/target/test-dir/MiniOzoneClusterImpl-9e90c1de-1c56-491c-b259-3d04922b55fd/datanode-3/meta/webserver/jetty-0_0_0_0-15089-hdds-container-service-1_4_0-SNAPSHOT_jar-_-any-7298728920162051541/webapp/,AVAILABLE}{jar:file:/home/runner/.m2/repository/org/apache/ozone/hdds-container-service/1.4.0-SNAPSHOT/hdds-container-service-1.4.0-SNAPSHOT.jar!/webapps/hddsDatanode}
2023-06-22 21:36:53,387 [main] INFO  server.AbstractConnector (AbstractConnector.java:doStart(333)) - Started ServerConnector@561c4e3{HTTP/1.1, (http/1.1)}{0.0.0.0:15089}
2023-06-22 21:36:53,387 [main] INFO  server.Server (Server.java:doStart(415)) - Started @117180ms
2023-06-22 21:36:53,387 [main] WARN  impl.MetricsSystemImpl (MetricsSystemImpl.java:register(279)) - Sink prometheus already exists!
2023-06-22 21:36:53,389 [main] INFO  http.BaseHttpServer (BaseHttpServer.java:updateConnectorAddress(344)) - HTTP server of hddsDatanode listening at http://0.0.0.0:15089
2023-06-22 21:36:53,390 [main] INFO  ipc.CallQueueManager (CallQueueManager.java:<init>(90)) - Using callQueue: class java.util.concurrent.LinkedBlockingQueue, queueCapacity: 100, scheduler: class org.apache.hadoop.ipc.DefaultRpcScheduler, ipcBackoff: false.
2023-06-22 21:36:53,392 [Socket Reader #1 for port 15090] INFO  ipc.Server (Server.java:run(1319)) - Starting Socket Reader #1 for port 15090
2023-06-22 21:36:53,393 [Listener at 0.0.0.0/15090] INFO  hdds.HddsUtils (HddsUtils.java:preserveThreadName(848)) - Restoring thread name: main
2023-06-22 21:36:53,394 [main] INFO  ozone.HddsDatanodeService (HddsDatanodeService.java:start(335)) - Datanode start with admins: [runner]
2023-06-22 21:36:53,394 [main] INFO  ozone.HddsDatanodeClientProtocolServer (HddsDatanodeClientProtocolServer.java:start(72)) - RPC server for Client /0.0.0.0:15090
2023-06-22 21:36:53,395 [IPC Server Responder] INFO  ipc.Server (Server.java:run(1558)) - IPC Server Responder: starting
2023-06-22 21:36:53,395 [IPC Server listener on 15090] INFO  ipc.Server (Server.java:run(1398)) - IPC Server listener on 15090: starting
2023-06-22 21:36:53,395 [main] WARN  impl.MetricRegistriesImpl (MetricRegistriesImpl.java:addReporterRegistration(111)) - New reporters are added after registries were created. Some metrics will be missing from the reporter. Please add reporter before adding any new registry.
2023-06-22 21:36:53,395 [main] WARN  impl.MetricRegistriesImpl (MetricRegistriesImpl.java:addReporterRegistration(111)) - New reporters are added after registries were created. Some metrics will be missing from the reporter. Please add reporter before adding any new registry.
2023-06-22 21:36:53,397 [main] INFO  impl.MetricsSystemImpl (MetricsSystemImpl.java:init(158)) - HddsDatanode metrics system started (again)
2023-06-22 21:36:53,401 [Datanode State Machine Daemon Thread] INFO  statemachine.DatanodeStateMachine (DatanodeStateMachine.java:lambda$startDaemon$0(531)) - Ozone container server started.
2023-06-22 21:36:53,413 [main] INFO  ozone.HddsDatanodeService (HddsDatanodeService.java:start(257)) - HddsDatanodeService host:fv-az504-135 ip:10.1.1.69
2023-06-22 21:36:53,416 [Datanode State Machine Task Thread - 0] INFO  datanode.InitDatanodeState (InitDatanodeState.java:persistContainerDatanodeDetails(138)) - DatanodeDetails is persisted to /home/runner/work/ozone/ozone/hadoop-ozone/integration-test/target/test-dir/MiniOzoneClusterImpl-9e90c1de-1c56-491c-b259-3d04922b55fd/datanode-3/meta/datanode.id
2023-06-22 21:36:53,435 [main] INFO  upgrade.AbstractLayoutVersionManager (AbstractLayoutVersionManager.java:init(83)) - Initializing Layout version manager with metadata layout = HADOOP_PRC_PORTS_IN_DATANODEDETAILS (version = 7), software layout = HADOOP_PRC_PORTS_IN_DATANODEDETAILS (version = 7)
2023-06-22 21:36:53,436 [main] INFO  statemachine.DatanodeStateMachine (DatanodeStateMachine.java:getEndPointTaskThreadPoolSize(279)) - Datanode State Machine Task Thread Pool size 2
2023-06-22 21:36:53,440 [main] INFO  volume.HddsVolume (HddsVolume.java:<init>(130)) - Creating HddsVolume: /home/runner/work/ozone/ozone/hadoop-ozone/integration-test/target/test-dir/MiniOzoneClusterImpl-9e90c1de-1c56-491c-b259-3d04922b55fd/datanode-4/data-0/containers/hdds of storage type : DISK capacity : 9223372036854775807
2023-06-22 21:36:53,440 [main] INFO  volume.MutableVolumeSet (MutableVolumeSet.java:initializeVolumeSet(175)) - Added Volume : /home/runner/work/ozone/ozone/hadoop-ozone/integration-test/target/test-dir/MiniOzoneClusterImpl-9e90c1de-1c56-491c-b259-3d04922b55fd/datanode-4/data-0/containers/hdds to VolumeSet
2023-06-22 21:36:53,440 [main] INFO  volume.ThrottledAsyncChecker (ThrottledAsyncChecker.java:schedule(141)) - Scheduling a check for /home/runner/work/ozone/ozone/hadoop-ozone/integration-test/target/test-dir/MiniOzoneClusterImpl-9e90c1de-1c56-491c-b259-3d04922b55fd/datanode-4/data-0/containers/hdds
2023-06-22 21:36:53,441 [main] INFO  volume.StorageVolumeChecker (StorageVolumeChecker.java:checkAllVolumes(202)) - Scheduled health check for volume /home/runner/work/ozone/ozone/hadoop-ozone/integration-test/target/test-dir/MiniOzoneClusterImpl-9e90c1de-1c56-491c-b259-3d04922b55fd/datanode-4/data-0/containers/hdds
2023-06-22 21:36:53,456 [main] INFO  volume.MutableVolumeSet (MutableVolumeSet.java:initializeVolumeSet(175)) - Added Volume : /home/runner/work/ozone/ozone/hadoop-ozone/integration-test/target/test-dir/MiniOzoneClusterImpl-9e90c1de-1c56-491c-b259-3d04922b55fd/datanode-4/data/ratis to VolumeSet
2023-06-22 21:36:53,456 [main] INFO  volume.ThrottledAsyncChecker (ThrottledAsyncChecker.java:schedule(141)) - Scheduling a check for /home/runner/work/ozone/ozone/hadoop-ozone/integration-test/target/test-dir/MiniOzoneClusterImpl-9e90c1de-1c56-491c-b259-3d04922b55fd/datanode-4/data/ratis
2023-06-22 21:36:53,457 [main] INFO  volume.StorageVolumeChecker (StorageVolumeChecker.java:checkAllVolumes(202)) - Scheduled health check for volume /home/runner/work/ozone/ozone/hadoop-ozone/integration-test/target/test-dir/MiniOzoneClusterImpl-9e90c1de-1c56-491c-b259-3d04922b55fd/datanode-4/data/ratis
2023-06-22 21:36:53,470 [Thread-1788] INFO  ozoneimpl.ContainerReader (ContainerReader.java:readVolume(175)) - Finish verifying containers on volume /home/runner/work/ozone/ozone/hadoop-ozone/integration-test/target/test-dir/MiniOzoneClusterImpl-9e90c1de-1c56-491c-b259-3d04922b55fd/datanode-4/data-0/containers/hdds
2023-06-22 21:36:53,470 [main] INFO  ozoneimpl.OzoneContainer (OzoneContainer.java:buildContainerSet(316)) - Build ContainerSet costs 0s
2023-06-22 21:36:53,472 [main] INFO  server.RaftServer (ConfUtils.java:logGet(46)) - raft.rpc.type = GRPC (default)
2023-06-22 21:36:53,473 [main] INFO  grpc.GrpcConfigKeys (ConfUtils.java:logFallback(53)) - raft.grpc.admin.host = null (fallback to raft.grpc.server.host)
2023-06-22 21:36:53,473 [main] INFO  grpc.GrpcConfigKeys (ConfUtils.java:logGet(46)) - raft.grpc.admin.port = 15102 (custom)
2023-06-22 21:36:53,473 [main] INFO  grpc.GrpcConfigKeys (ConfUtils.java:logFallback(53)) - raft.grpc.client.host = null (fallback to raft.grpc.server.host)
2023-06-22 21:36:53,473 [main] INFO  grpc.GrpcConfigKeys (ConfUtils.java:logGet(46)) - raft.grpc.client.port = 15101 (custom)
2023-06-22 21:36:53,473 [main] INFO  grpc.GrpcConfigKeys (ConfUtils.java:logGet(46)) - raft.grpc.server.host = null (default)
2023-06-22 21:36:53,473 [main] INFO  grpc.GrpcConfigKeys (ConfUtils.java:logGet(46)) - raft.grpc.server.port = 15103 (custom)
2023-06-22 21:36:53,473 [main] INFO  server.GrpcService (ConfUtils.java:logGet(46)) - raft.grpc.message.size.max = 32MB (=33554432) (custom)
2023-06-22 21:36:53,474 [main] INFO  server.RaftServerConfigKeys (ConfUtils.java:logGet(46)) - raft.server.log.appender.buffer.byte-limit = 33554432 (custom)
2023-06-22 21:36:53,474 [main] INFO  server.GrpcService (ConfUtils.java:logGet(46)) - raft.grpc.flow.control.window = 5MB (=5242880) (custom)
2023-06-22 21:36:53,474 [main] INFO  server.RaftServerConfigKeys (ConfUtils.java:logGet(46)) - raft.server.rpc.request.timeout = 60s (custom)
2023-06-22 21:36:53,474 [main] INFO  grpc.GrpcConfigKeys (ConfUtils.java:logGet(46)) - raft.grpc.server.heartbeat.channel = true (default)
2023-06-22 21:36:53,474 [main] INFO  grpc.GrpcConfigKeys (ConfUtils.java:logGet(46)) - raft.grpc.server.async.request.thread.pool.cached = true (default)
2023-06-22 21:36:53,474 [main] INFO  grpc.GrpcConfigKeys (ConfUtils.java:logGet(46)) - raft.grpc.server.async.request.thread.pool.size = 32 (default)
2023-06-22 21:36:53,477 [main] INFO  impl.DataStreamServerImpl (ConfUtils.java:logGet(46)) - raft.datastream.type = NETTY (custom)
2023-06-22 21:36:53,477 [main] INFO  server.RaftServerConfigKeys (ConfUtils.java:logGet(46)) - raft.server.data-stream.async.request.thread.pool.cached = false (default)
2023-06-22 21:36:53,478 [main] INFO  server.RaftServerConfigKeys (ConfUtils.java:logGet(46)) - raft.server.data-stream.async.request.thread.pool.size = 20 (custom)
2023-06-22 21:36:53,478 [main] INFO  server.RaftServerConfigKeys (ConfUtils.java:logGet(46)) - raft.server.data-stream.async.write.thread.pool.size = 16 (default)
2023-06-22 21:36:53,478 [main] INFO  server.RaftServerConfigKeys (ConfUtils.java:logGet(46)) - raft.server.data-stream.client.pool.size = 10 (default)
2023-06-22 21:36:53,478 [main] INFO  netty.NettyConfigKeys$DataStream (ConfUtils.java:logGet(46)) - raft.netty.dataStream.server.use-epoll = false (default)
2023-06-22 21:36:53,478 [main] INFO  netty.NettyConfigKeys$DataStream (ConfUtils.java:logGet(46)) - raft.netty.dataStream.server.boss-group.size = 0 (default)
2023-06-22 21:36:53,479 [main] INFO  netty.NettyConfigKeys$DataStream (ConfUtils.java:logGet(46)) - raft.netty.dataStream.server.worker-group.size = 0 (default)
2023-06-22 21:36:53,479 [main] INFO  netty.NettyConfigKeys$DataStream (ConfUtils.java:logGet(46)) - raft.netty.dataStream.server.tls.conf = null (default)
2023-06-22 21:36:53,479 [main] INFO  netty.NettyConfigKeys$DataStream (ConfUtils.java:logGet(46)) - raft.netty.dataStream.host = null (default)
2023-06-22 21:36:53,479 [main] INFO  netty.NettyConfigKeys$DataStream (ConfUtils.java:logGet(46)) - raft.netty.dataStream.port = 15104 (custom)
2023-06-22 21:36:53,480 [main] INFO  server.RaftServerConfigKeys (ConfUtils.java:logGet(46)) - raft.server.threadpool.proxy.cached = true (default)
2023-06-22 21:36:53,480 [main] INFO  server.RaftServerConfigKeys (ConfUtils.java:logGet(46)) - raft.server.threadpool.proxy.size = 0 (default)
2023-06-22 21:36:53,480 [main] INFO  server.RaftServerConfigKeys (ConfUtils.java:logGet(46)) - raft.server.rpc.slowness.timeout = 300s (custom)
2023-06-22 21:36:53,480 [main] INFO  server.RaftServerConfigKeys (ConfUtils.java:logGet(46)) - raft.server.leaderelection.leader.step-down.wait-time = 10s (default)
2023-06-22 21:36:53,480 [main] INFO  server.RaftServerConfigKeys (ConfUtils.java:logGet(46)) - raft.server.storage.dir = [/home/runner/work/ozone/ozone/hadoop-ozone/integration-test/target/test-dir/MiniOzoneClusterImpl-9e90c1de-1c56-491c-b259-3d04922b55fd/datanode-4/data/ratis] (custom)
2023-06-22 21:36:53,481 [8f15a801-56b9-4d07-a63b-fddd9ee2c994-NettyServerStreamRpc-bossGroup--thread1] INFO  logging.LoggingHandler (AbstractInternalLogger.java:log(148)) - [id: 0xf6b67368] REGISTERED
2023-06-22 21:36:53,481 [8f15a801-56b9-4d07-a63b-fddd9ee2c994-NettyServerStreamRpc-bossGroup--thread1] INFO  logging.LoggingHandler (AbstractInternalLogger.java:log(148)) - [id: 0xf6b67368] BIND: 0.0.0.0/0.0.0.0:15104
2023-06-22 21:36:53,481 [8f15a801-56b9-4d07-a63b-fddd9ee2c994-NettyServerStreamRpc-bossGroup--thread1] INFO  logging.LoggingHandler (AbstractInternalLogger.java:log(148)) - [id: 0xf6b67368, L:/0:0:0:0:0:0:0:0:15104] ACTIVE
2023-06-22 21:36:53,482 [main] INFO  server.XceiverServerGrpc (XceiverServerGrpc.java:<init>(132)) - GrpcServer channel type EpollServerSocketChannel
2023-06-22 21:36:53,484 [main] INFO  replication.ReplicationSupervisor (ReplicationSupervisor.java:nodeStateUpdated(305)) - Node state updated to IN_SERVICE, scaling executor pool size to 10
2023-06-22 21:36:53,486 [main] INFO  http.BaseHttpServer (BaseHttpServer.java:newHttpServer2BuilderForOzone(224)) - Starting Web-server for hddsDatanode at: http://0.0.0.0:15098
2023-06-22 21:36:53,486 [main] INFO  http.BaseHttpServer (BaseHttpServer.java:<init>(111)) - Hadoop Security Enabled: false Ozone Security Enabled: false Ozone HTTP Security Enabled: false 
2023-06-22 21:36:53,487 [main] WARN  server.AuthenticationFilter (AuthenticationFilter.java:constructSecretProvider(240)) - Unable to initialize FileSignerSecretProvider, falling back to use random secrets. Reason: Could not read signature secret file: /home/runner/hadoop-http-auth-signature-secret
2023-06-22 21:36:53,488 [main] INFO  http.HttpRequestLog (HttpRequestLog.java:getRequestLog(86)) - Http request log for http.requests.hddsDatanode is not defined
2023-06-22 21:36:53,489 [main] INFO  http.HttpServer2 (HttpServer2.java:addGlobalFilter(1031)) - Added global filter 'safety' (class=org.apache.hadoop.hdds.server.http.HttpServer2$QuotingInputFilter)
2023-06-22 21:36:53,491 [main] INFO  http.HttpServer2 (HttpServer2.java:addFilter(1007)) - Added filter static_user_filter (class=org.apache.hadoop.http.lib.StaticUserWebFilter$StaticUserFilter) to context hddsDatanode
2023-06-22 21:36:53,491 [main] INFO  http.HttpServer2 (HttpServer2.java:addFilter(1015)) - Added filter static_user_filter (class=org.apache.hadoop.http.lib.StaticUserWebFilter$StaticUserFilter) to context logs
2023-06-22 21:36:53,491 [main] INFO  http.HttpServer2 (HttpServer2.java:addFilter(1015)) - Added filter static_user_filter (class=org.apache.hadoop.http.lib.StaticUserWebFilter$StaticUserFilter) to context static
2023-06-22 21:36:53,492 [main] INFO  http.BaseHttpServer (BaseHttpServer.java:<init>(190)) - HTTP server of hddsDatanode uses base directory /home/runner/work/ozone/ozone/hadoop-ozone/integration-test/target/test-dir/MiniOzoneClusterImpl-9e90c1de-1c56-491c-b259-3d04922b55fd/datanode-4/meta/webserver
2023-06-22 21:36:53,492 [main] INFO  http.HttpServer2 (HttpServer2.java:bindListener(1250)) - Jetty bound to port 15098
2023-06-22 21:36:53,492 [main] INFO  server.Server (Server.java:doStart(375)) - jetty-9.4.51.v20230217; built: 2023-02-17T08:19:37.309Z; git: b45c405e4544384de066f814ed42ae3dceacdd49; jvm 1.8.0_372-b07
2023-06-22 21:36:53,497 [main] INFO  server.session (DefaultSessionIdManager.java:doStart(334)) - DefaultSessionIdManager workerName=node0
2023-06-22 21:36:53,497 [main] INFO  server.session (DefaultSessionIdManager.java:doStart(339)) - No SessionScavenger set, using defaults
2023-06-22 21:36:53,498 [main] INFO  server.session (HouseKeeper.java:startScavenging(132)) - node0 Scavenging every 660000ms
2023-06-22 21:36:53,503 [main] INFO  handler.ContextHandler (ContextHandler.java:doStart(921)) - Started o.e.j.s.ServletContextHandler@6f72345b{logs,/logs,file:///home/runner/work/ozone/ozone/hadoop-ozone/integration-test/target/log,AVAILABLE}
2023-06-22 21:36:53,503 [main] INFO  handler.ContextHandler (ContextHandler.java:doStart(921)) - Started o.e.j.s.ServletContextHandler@42cf8d5{static,/static,jar:file:/home/runner/.m2/repository/org/apache/ozone/hdds-container-service/1.4.0-SNAPSHOT/hdds-container-service-1.4.0-SNAPSHOT.jar!/webapps/static,AVAILABLE}
2023-06-22 21:36:53,729 [main] INFO  handler.ContextHandler (ContextHandler.java:doStart(921)) - Started o.e.j.w.WebAppContext@4f6eeae3{hddsDatanode,/,file:///home/runner/work/ozone/ozone/hadoop-ozone/integration-test/target/test-dir/MiniOzoneClusterImpl-9e90c1de-1c56-491c-b259-3d04922b55fd/datanode-4/meta/webserver/jetty-0_0_0_0-15098-hdds-container-service-1_4_0-SNAPSHOT_jar-_-any-952171961403974010/webapp/,AVAILABLE}{jar:file:/home/runner/.m2/repository/org/apache/ozone/hdds-container-service/1.4.0-SNAPSHOT/hdds-container-service-1.4.0-SNAPSHOT.jar!/webapps/hddsDatanode}
2023-06-22 21:36:53,731 [main] INFO  server.AbstractConnector (AbstractConnector.java:doStart(333)) - Started ServerConnector@65e4088f{HTTP/1.1, (http/1.1)}{0.0.0.0:15098}
2023-06-22 21:36:53,731 [main] INFO  server.Server (Server.java:doStart(415)) - Started @117524ms
2023-06-22 21:36:53,731 [main] WARN  impl.MetricsSystemImpl (MetricsSystemImpl.java:register(279)) - Sink prometheus already exists!
2023-06-22 21:36:53,732 [main] INFO  http.BaseHttpServer (BaseHttpServer.java:updateConnectorAddress(344)) - HTTP server of hddsDatanode listening at http://0.0.0.0:15098
2023-06-22 21:36:53,732 [main] INFO  ipc.CallQueueManager (CallQueueManager.java:<init>(90)) - Using callQueue: class java.util.concurrent.LinkedBlockingQueue, queueCapacity: 100, scheduler: class org.apache.hadoop.ipc.DefaultRpcScheduler, ipcBackoff: false.
2023-06-22 21:36:53,733 [Socket Reader #1 for port 15099] INFO  ipc.Server (Server.java:run(1319)) - Starting Socket Reader #1 for port 15099
2023-06-22 21:36:53,741 [Listener at 0.0.0.0/15099] INFO  hdds.HddsUtils (HddsUtils.java:preserveThreadName(848)) - Restoring thread name: main
2023-06-22 21:36:53,741 [main] INFO  ozone.HddsDatanodeService (HddsDatanodeService.java:start(335)) - Datanode start with admins: [runner]
2023-06-22 21:36:53,741 [main] INFO  ozone.HddsDatanodeClientProtocolServer (HddsDatanodeClientProtocolServer.java:start(72)) - RPC server for Client /0.0.0.0:15099
2023-06-22 21:36:53,741 [IPC Server Responder] INFO  ipc.Server (Server.java:run(1558)) - IPC Server Responder: starting
2023-06-22 21:36:53,746 [Datanode State Machine Daemon Thread] INFO  statemachine.DatanodeStateMachine (DatanodeStateMachine.java:lambda$startDaemon$0(531)) - Ozone container server started.
2023-06-22 21:36:53,747 [IPC Server listener on 15099] INFO  ipc.Server (Server.java:run(1398)) - IPC Server listener on 15099: starting
2023-06-22 21:36:53,748 [main] INFO  ozone.MiniOzoneClusterImpl (MiniOzoneClusterImpl.java:lambda$waitForClusterToBeReady$0(224)) - Waiting for nodes to be ready. Got 0 of 5 DN Heartbeats.
2023-06-22 21:36:53,748 [main] INFO  ozone.MiniOzoneClusterImpl (MiniOzoneClusterImpl.java:lambda$waitForClusterToBeReady$0(227)) - Waiting for cluster to exit safe mode
2023-06-22 21:36:53,748 [main] INFO  ozone.MiniOzoneClusterImpl (MiniOzoneClusterImpl.java:lambda$waitForClusterToBeReady$0(229)) - SCM became leader
2023-06-22 21:36:53,754 [Datanode State Machine Task Thread - 0] INFO  datanode.InitDatanodeState (InitDatanodeState.java:persistContainerDatanodeDetails(138)) - DatanodeDetails is persisted to /home/runner/work/ozone/ozone/hadoop-ozone/integration-test/target/test-dir/MiniOzoneClusterImpl-9e90c1de-1c56-491c-b259-3d04922b55fd/datanode-4/meta/datanode.id
2023-06-22 21:36:54,314 [EndpointStateMachine task thread for /0.0.0.0:15055 - 0 ] INFO  utils.DatanodeStoreCache (DatanodeStoreCache.java:addDB(66)) - Added db /home/runner/work/ozone/ozone/hadoop-ozone/integration-test/target/test-dir/MiniOzoneClusterImpl-9e90c1de-1c56-491c-b259-3d04922b55fd/datanode-0/data-0/containers/hdds/9e90c1de-1c56-491c-b259-3d04922b55fd/DS-55117940-3c46-4cc6-bea7-cf4baa271982/container.db to cache
2023-06-22 21:36:54,314 [EndpointStateMachine task thread for /0.0.0.0:15055 - 0 ] INFO  volume.HddsVolume (HddsVolume.java:createDbStore(350)) - SchemaV3 db is created and loaded at /home/runner/work/ozone/ozone/hadoop-ozone/integration-test/target/test-dir/MiniOzoneClusterImpl-9e90c1de-1c56-491c-b259-3d04922b55fd/datanode-0/data-0/containers/hdds/9e90c1de-1c56-491c-b259-3d04922b55fd/DS-55117940-3c46-4cc6-bea7-cf4baa271982/container.db for volume DS-55117940-3c46-4cc6-bea7-cf4baa271982
2023-06-22 21:36:54,314 [EndpointStateMachine task thread for /0.0.0.0:15055 - 0 ] INFO  ozoneimpl.OzoneContainer (OzoneContainer.java:start(411)) - Attempting to start container services.
2023-06-22 21:36:54,315 [EndpointStateMachine task thread for /0.0.0.0:15055 - 0 ] INFO  ozoneimpl.OzoneContainer (OzoneContainer.java:startContainerScrub(327)) - Scheduled background container scanners and the on-demand container scanner have been disabled.
2023-06-22 21:36:54,318 [EndpointStateMachine task thread for /0.0.0.0:15055 - 0 ] INFO  replication.ReplicationServer (ReplicationServer.java:start(128)) - ReplicationServer is started using port 15069
2023-06-22 21:36:54,318 [EndpointStateMachine task thread for /0.0.0.0:15055 - 0 ] INFO  ratis.XceiverServerRatis (XceiverServerRatis.java:start(517)) - Starting XceiverServerRatis 93c05b65-1d47-44de-af22-274bc9e484bb
2023-06-22 21:36:54,320 [EndpointStateMachine task thread for /0.0.0.0:15055 - 0 ] INFO  server.RaftServer (RaftServerProxy.java:startImpl(400)) - 93c05b65-1d47-44de-af22-274bc9e484bb: start RPC server
2023-06-22 21:36:54,322 [EndpointStateMachine task thread for /0.0.0.0:15055 - 0 ] INFO  server.GrpcService (GrpcService.java:startImpl(302)) - 93c05b65-1d47-44de-af22-274bc9e484bb: GrpcService started, listening on 15065
2023-06-22 21:36:54,323 [EndpointStateMachine task thread for /0.0.0.0:15055 - 0 ] INFO  server.GrpcService (GrpcService.java:startImpl(302)) - 93c05b65-1d47-44de-af22-274bc9e484bb: GrpcService started, listening on 15067
2023-06-22 21:36:54,324 [EndpointStateMachine task thread for /0.0.0.0:15055 - 0 ] INFO  server.GrpcService (GrpcService.java:startImpl(302)) - 93c05b65-1d47-44de-af22-274bc9e484bb: GrpcService started, listening on 15066
2023-06-22 21:36:54,324 [EndpointStateMachine task thread for /0.0.0.0:15055 - 0 ] INFO  ratis.XceiverServerRatis (XceiverServerRatis.java:getRealPort(543)) - XceiverServerRatis 93c05b65-1d47-44de-af22-274bc9e484bb is started using port 15065 for RATIS
2023-06-22 21:36:54,324 [EndpointStateMachine task thread for /0.0.0.0:15055 - 0 ] INFO  ratis.XceiverServerRatis (XceiverServerRatis.java:getRealPort(543)) - XceiverServerRatis 93c05b65-1d47-44de-af22-274bc9e484bb is started using port 15066 for RATIS_ADMIN
2023-06-22 21:36:54,324 [EndpointStateMachine task thread for /0.0.0.0:15055 - 0 ] INFO  ratis.XceiverServerRatis (XceiverServerRatis.java:getRealPort(543)) - XceiverServerRatis 93c05b65-1d47-44de-af22-274bc9e484bb is started using port 15067 for RATIS_SERVER
2023-06-22 21:36:54,324 [EndpointStateMachine task thread for /0.0.0.0:15055 - 0 ] INFO  ratis.XceiverServerRatis (XceiverServerRatis.java:getRealPort(543)) - XceiverServerRatis 93c05b65-1d47-44de-af22-274bc9e484bb is started using port 15068 for RATIS_DATASTREAM
2023-06-22 21:36:54,324 [JvmPauseMonitor9] INFO  util.JvmPauseMonitor (JvmPauseMonitor.java:run(103)) - JvmPauseMonitor-93c05b65-1d47-44de-af22-274bc9e484bb: Started
2023-06-22 21:36:54,329 [BlockDeletingService#0] INFO  interfaces.ContainerDeletionChoosingPolicyTemplate (ContainerDeletionChoosingPolicyTemplate.java:chooseContainerForBlockDeletion(83)) - Chosen 0/5000 blocks from 0 candidate containers.
2023-06-22 21:36:54,679 [EndpointStateMachine task thread for /0.0.0.0:15055 - 0 ] INFO  utils.DatanodeStoreCache (DatanodeStoreCache.java:addDB(66)) - Added db /home/runner/work/ozone/ozone/hadoop-ozone/integration-test/target/test-dir/MiniOzoneClusterImpl-9e90c1de-1c56-491c-b259-3d04922b55fd/datanode-1/data-0/containers/hdds/9e90c1de-1c56-491c-b259-3d04922b55fd/DS-ae56bbd3-0ed9-45a1-9195-0b50ff7fe21e/container.db to cache
2023-06-22 21:36:54,679 [EndpointStateMachine task thread for /0.0.0.0:15055 - 0 ] INFO  volume.HddsVolume (HddsVolume.java:createDbStore(350)) - SchemaV3 db is created and loaded at /home/runner/work/ozone/ozone/hadoop-ozone/integration-test/target/test-dir/MiniOzoneClusterImpl-9e90c1de-1c56-491c-b259-3d04922b55fd/datanode-1/data-0/containers/hdds/9e90c1de-1c56-491c-b259-3d04922b55fd/DS-ae56bbd3-0ed9-45a1-9195-0b50ff7fe21e/container.db for volume DS-ae56bbd3-0ed9-45a1-9195-0b50ff7fe21e
2023-06-22 21:36:54,679 [EndpointStateMachine task thread for /0.0.0.0:15055 - 0 ] INFO  ozoneimpl.OzoneContainer (OzoneContainer.java:start(411)) - Attempting to start container services.
2023-06-22 21:36:54,679 [EndpointStateMachine task thread for /0.0.0.0:15055 - 0 ] INFO  ozoneimpl.OzoneContainer (OzoneContainer.java:startContainerScrub(327)) - Scheduled background container scanners and the on-demand container scanner have been disabled.
2023-06-22 21:36:54,681 [EndpointStateMachine task thread for /0.0.0.0:15055 - 0 ] INFO  replication.ReplicationServer (ReplicationServer.java:start(128)) - ReplicationServer is started using port 15078
2023-06-22 21:36:54,681 [EndpointStateMachine task thread for /0.0.0.0:15055 - 0 ] INFO  ratis.XceiverServerRatis (XceiverServerRatis.java:start(517)) - Starting XceiverServerRatis 65b54071-31d6-4bc0-82c0-f363a9aa9754
2023-06-22 21:36:54,682 [EndpointStateMachine task thread for /0.0.0.0:15055 - 0 ] INFO  server.RaftServer (RaftServerProxy.java:startImpl(400)) - 65b54071-31d6-4bc0-82c0-f363a9aa9754: start RPC server
2023-06-22 21:36:54,686 [EndpointStateMachine task thread for /0.0.0.0:15055 - 0 ] INFO  server.GrpcService (GrpcService.java:startImpl(302)) - 65b54071-31d6-4bc0-82c0-f363a9aa9754: GrpcService started, listening on 15074
2023-06-22 21:36:54,689 [EndpointStateMachine task thread for /0.0.0.0:15055 - 0 ] INFO  server.GrpcService (GrpcService.java:startImpl(302)) - 65b54071-31d6-4bc0-82c0-f363a9aa9754: GrpcService started, listening on 15076
2023-06-22 21:36:54,690 [EndpointStateMachine task thread for /0.0.0.0:15055 - 0 ] INFO  server.GrpcService (GrpcService.java:startImpl(302)) - 65b54071-31d6-4bc0-82c0-f363a9aa9754: GrpcService started, listening on 15075
2023-06-22 21:36:54,692 [EndpointStateMachine task thread for /0.0.0.0:15055 - 0 ] INFO  ratis.XceiverServerRatis (XceiverServerRatis.java:getRealPort(543)) - XceiverServerRatis 65b54071-31d6-4bc0-82c0-f363a9aa9754 is started using port 15074 for RATIS
2023-06-22 21:36:54,692 [EndpointStateMachine task thread for /0.0.0.0:15055 - 0 ] INFO  ratis.XceiverServerRatis (XceiverServerRatis.java:getRealPort(543)) - XceiverServerRatis 65b54071-31d6-4bc0-82c0-f363a9aa9754 is started using port 15075 for RATIS_ADMIN
2023-06-22 21:36:54,692 [JvmPauseMonitor10] INFO  util.JvmPauseMonitor (JvmPauseMonitor.java:run(103)) - JvmPauseMonitor-65b54071-31d6-4bc0-82c0-f363a9aa9754: Started
2023-06-22 21:36:54,692 [EndpointStateMachine task thread for /0.0.0.0:15055 - 0 ] INFO  ratis.XceiverServerRatis (XceiverServerRatis.java:getRealPort(543)) - XceiverServerRatis 65b54071-31d6-4bc0-82c0-f363a9aa9754 is started using port 15076 for RATIS_SERVER
2023-06-22 21:36:54,692 [EndpointStateMachine task thread for /0.0.0.0:15055 - 0 ] INFO  ratis.XceiverServerRatis (XceiverServerRatis.java:getRealPort(543)) - XceiverServerRatis 65b54071-31d6-4bc0-82c0-f363a9aa9754 is started using port 15077 for RATIS_DATASTREAM
2023-06-22 21:36:54,696 [BlockDeletingService#0] INFO  interfaces.ContainerDeletionChoosingPolicyTemplate (ContainerDeletionChoosingPolicyTemplate.java:chooseContainerForBlockDeletion(83)) - Chosen 0/5000 blocks from 0 candidate containers.
2023-06-22 21:36:54,749 [main] INFO  ozone.MiniOzoneClusterImpl (MiniOzoneClusterImpl.java:lambda$waitForClusterToBeReady$0(224)) - Waiting for nodes to be ready. Got 0 of 5 DN Heartbeats.
2023-06-22 21:36:54,749 [main] INFO  ozone.MiniOzoneClusterImpl (MiniOzoneClusterImpl.java:lambda$waitForClusterToBeReady$0(227)) - Waiting for cluster to exit safe mode
2023-06-22 21:36:54,749 [main] INFO  ozone.MiniOzoneClusterImpl (MiniOzoneClusterImpl.java:lambda$waitForClusterToBeReady$0(229)) - SCM became leader
2023-06-22 21:36:55,113 [EndpointStateMachine task thread for /0.0.0.0:15055 - 0 ] INFO  utils.DatanodeStoreCache (DatanodeStoreCache.java:addDB(66)) - Added db /home/runner/work/ozone/ozone/hadoop-ozone/integration-test/target/test-dir/MiniOzoneClusterImpl-9e90c1de-1c56-491c-b259-3d04922b55fd/datanode-2/data-0/containers/hdds/9e90c1de-1c56-491c-b259-3d04922b55fd/DS-d09cd213-8b87-4903-b95d-3b24235f1055/container.db to cache
2023-06-22 21:36:55,113 [EndpointStateMachine task thread for /0.0.0.0:15055 - 0 ] INFO  volume.HddsVolume (HddsVolume.java:createDbStore(350)) - SchemaV3 db is created and loaded at /home/runner/work/ozone/ozone/hadoop-ozone/integration-test/target/test-dir/MiniOzoneClusterImpl-9e90c1de-1c56-491c-b259-3d04922b55fd/datanode-2/data-0/containers/hdds/9e90c1de-1c56-491c-b259-3d04922b55fd/DS-d09cd213-8b87-4903-b95d-3b24235f1055/container.db for volume DS-d09cd213-8b87-4903-b95d-3b24235f1055
2023-06-22 21:36:55,114 [EndpointStateMachine task thread for /0.0.0.0:15055 - 0 ] INFO  ozoneimpl.OzoneContainer (OzoneContainer.java:start(411)) - Attempting to start container services.
2023-06-22 21:36:55,117 [EndpointStateMachine task thread for /0.0.0.0:15055 - 0 ] INFO  ozoneimpl.OzoneContainer (OzoneContainer.java:startContainerScrub(327)) - Scheduled background container scanners and the on-demand container scanner have been disabled.
2023-06-22 21:36:55,122 [EndpointStateMachine task thread for /0.0.0.0:15055 - 0 ] INFO  replication.ReplicationServer (ReplicationServer.java:start(128)) - ReplicationServer is started using port 15087
2023-06-22 21:36:55,122 [EndpointStateMachine task thread for /0.0.0.0:15055 - 0 ] INFO  ratis.XceiverServerRatis (XceiverServerRatis.java:start(517)) - Starting XceiverServerRatis 599df4a6-6b73-4cda-a21a-cae0798e8b5d
2023-06-22 21:36:55,122 [EndpointStateMachine task thread for /0.0.0.0:15055 - 0 ] INFO  server.RaftServer (RaftServerProxy.java:startImpl(400)) - 599df4a6-6b73-4cda-a21a-cae0798e8b5d: start RPC server
2023-06-22 21:36:55,125 [EndpointStateMachine task thread for /0.0.0.0:15055 - 0 ] INFO  server.GrpcService (GrpcService.java:startImpl(302)) - 599df4a6-6b73-4cda-a21a-cae0798e8b5d: GrpcService started, listening on 15083
2023-06-22 21:36:55,127 [EndpointStateMachine task thread for /0.0.0.0:15055 - 0 ] INFO  server.GrpcService (GrpcService.java:startImpl(302)) - 599df4a6-6b73-4cda-a21a-cae0798e8b5d: GrpcService started, listening on 15085
2023-06-22 21:36:55,128 [EndpointStateMachine task thread for /0.0.0.0:15055 - 0 ] INFO  server.GrpcService (GrpcService.java:startImpl(302)) - 599df4a6-6b73-4cda-a21a-cae0798e8b5d: GrpcService started, listening on 15084
2023-06-22 21:36:55,132 [EndpointStateMachine task thread for /0.0.0.0:15055 - 0 ] INFO  ratis.XceiverServerRatis (XceiverServerRatis.java:getRealPort(543)) - XceiverServerRatis 599df4a6-6b73-4cda-a21a-cae0798e8b5d is started using port 15083 for RATIS
2023-06-22 21:36:55,132 [EndpointStateMachine task thread for /0.0.0.0:15055 - 0 ] INFO  ratis.XceiverServerRatis (XceiverServerRatis.java:getRealPort(543)) - XceiverServerRatis 599df4a6-6b73-4cda-a21a-cae0798e8b5d is started using port 15084 for RATIS_ADMIN
2023-06-22 21:36:55,132 [EndpointStateMachine task thread for /0.0.0.0:15055 - 0 ] INFO  ratis.XceiverServerRatis (XceiverServerRatis.java:getRealPort(543)) - XceiverServerRatis 599df4a6-6b73-4cda-a21a-cae0798e8b5d is started using port 15085 for RATIS_SERVER
2023-06-22 21:36:55,132 [EndpointStateMachine task thread for /0.0.0.0:15055 - 0 ] INFO  ratis.XceiverServerRatis (XceiverServerRatis.java:getRealPort(543)) - XceiverServerRatis 599df4a6-6b73-4cda-a21a-cae0798e8b5d is started using port 15086 for RATIS_DATASTREAM
2023-06-22 21:36:55,132 [JvmPauseMonitor11] INFO  util.JvmPauseMonitor (JvmPauseMonitor.java:run(103)) - JvmPauseMonitor-599df4a6-6b73-4cda-a21a-cae0798e8b5d: Started
2023-06-22 21:36:55,134 [BlockDeletingService#0] INFO  interfaces.ContainerDeletionChoosingPolicyTemplate (ContainerDeletionChoosingPolicyTemplate.java:chooseContainerForBlockDeletion(83)) - Chosen 0/5000 blocks from 0 candidate containers.
2023-06-22 21:36:55,453 [EndpointStateMachine task thread for /0.0.0.0:15055 - 0 ] INFO  utils.DatanodeStoreCache (DatanodeStoreCache.java:addDB(66)) - Added db /home/runner/work/ozone/ozone/hadoop-ozone/integration-test/target/test-dir/MiniOzoneClusterImpl-9e90c1de-1c56-491c-b259-3d04922b55fd/datanode-3/data-0/containers/hdds/9e90c1de-1c56-491c-b259-3d04922b55fd/DS-8b5d1002-84db-4748-8864-2c569ab06af4/container.db to cache
2023-06-22 21:36:55,454 [EndpointStateMachine task thread for /0.0.0.0:15055 - 0 ] INFO  volume.HddsVolume (HddsVolume.java:createDbStore(350)) - SchemaV3 db is created and loaded at /home/runner/work/ozone/ozone/hadoop-ozone/integration-test/target/test-dir/MiniOzoneClusterImpl-9e90c1de-1c56-491c-b259-3d04922b55fd/datanode-3/data-0/containers/hdds/9e90c1de-1c56-491c-b259-3d04922b55fd/DS-8b5d1002-84db-4748-8864-2c569ab06af4/container.db for volume DS-8b5d1002-84db-4748-8864-2c569ab06af4
2023-06-22 21:36:55,454 [EndpointStateMachine task thread for /0.0.0.0:15055 - 0 ] INFO  ozoneimpl.OzoneContainer (OzoneContainer.java:start(411)) - Attempting to start container services.
2023-06-22 21:36:55,454 [EndpointStateMachine task thread for /0.0.0.0:15055 - 0 ] INFO  ozoneimpl.OzoneContainer (OzoneContainer.java:startContainerScrub(327)) - Scheduled background container scanners and the on-demand container scanner have been disabled.
2023-06-22 21:36:55,460 [EndpointStateMachine task thread for /0.0.0.0:15055 - 0 ] INFO  replication.ReplicationServer (ReplicationServer.java:start(128)) - ReplicationServer is started using port 15096
2023-06-22 21:36:55,460 [EndpointStateMachine task thread for /0.0.0.0:15055 - 0 ] INFO  ratis.XceiverServerRatis (XceiverServerRatis.java:start(517)) - Starting XceiverServerRatis f1abb7db-c3af-437a-bde0-e7e35204823b
2023-06-22 21:36:55,471 [EndpointStateMachine task thread for /0.0.0.0:15055 - 0 ] INFO  server.RaftServer (RaftServerProxy.java:startImpl(400)) - f1abb7db-c3af-437a-bde0-e7e35204823b: start RPC server
2023-06-22 21:36:55,474 [EndpointStateMachine task thread for /0.0.0.0:15055 - 0 ] INFO  server.GrpcService (GrpcService.java:startImpl(302)) - f1abb7db-c3af-437a-bde0-e7e35204823b: GrpcService started, listening on 15092
2023-06-22 21:36:55,476 [EndpointStateMachine task thread for /0.0.0.0:15055 - 0 ] INFO  server.GrpcService (GrpcService.java:startImpl(302)) - f1abb7db-c3af-437a-bde0-e7e35204823b: GrpcService started, listening on 15094
2023-06-22 21:36:55,478 [EndpointStateMachine task thread for /0.0.0.0:15055 - 0 ] INFO  server.GrpcService (GrpcService.java:startImpl(302)) - f1abb7db-c3af-437a-bde0-e7e35204823b: GrpcService started, listening on 15093
2023-06-22 21:36:55,479 [EndpointStateMachine task thread for /0.0.0.0:15055 - 0 ] INFO  ratis.XceiverServerRatis (XceiverServerRatis.java:getRealPort(543)) - XceiverServerRatis f1abb7db-c3af-437a-bde0-e7e35204823b is started using port 15092 for RATIS
2023-06-22 21:36:55,479 [EndpointStateMachine task thread for /0.0.0.0:15055 - 0 ] INFO  ratis.XceiverServerRatis (XceiverServerRatis.java:getRealPort(543)) - XceiverServerRatis f1abb7db-c3af-437a-bde0-e7e35204823b is started using port 15093 for RATIS_ADMIN
2023-06-22 21:36:55,479 [JvmPauseMonitor12] INFO  util.JvmPauseMonitor (JvmPauseMonitor.java:run(103)) - JvmPauseMonitor-f1abb7db-c3af-437a-bde0-e7e35204823b: Started
2023-06-22 21:36:55,479 [EndpointStateMachine task thread for /0.0.0.0:15055 - 0 ] INFO  ratis.XceiverServerRatis (XceiverServerRatis.java:getRealPort(543)) - XceiverServerRatis f1abb7db-c3af-437a-bde0-e7e35204823b is started using port 15094 for RATIS_SERVER
2023-06-22 21:36:55,479 [EndpointStateMachine task thread for /0.0.0.0:15055 - 0 ] INFO  ratis.XceiverServerRatis (XceiverServerRatis.java:getRealPort(543)) - XceiverServerRatis f1abb7db-c3af-437a-bde0-e7e35204823b is started using port 15095 for RATIS_DATASTREAM
2023-06-22 21:36:55,482 [BlockDeletingService#0] INFO  interfaces.ContainerDeletionChoosingPolicyTemplate (ContainerDeletionChoosingPolicyTemplate.java:chooseContainerForBlockDeletion(83)) - Chosen 0/5000 blocks from 0 candidate containers.
2023-06-22 21:36:55,750 [main] INFO  ozone.MiniOzoneClusterImpl (MiniOzoneClusterImpl.java:lambda$waitForClusterToBeReady$0(224)) - Waiting for nodes to be ready. Got 0 of 5 DN Heartbeats.
2023-06-22 21:36:55,750 [main] INFO  ozone.MiniOzoneClusterImpl (MiniOzoneClusterImpl.java:lambda$waitForClusterToBeReady$0(227)) - Waiting for cluster to exit safe mode
2023-06-22 21:36:55,750 [main] INFO  ozone.MiniOzoneClusterImpl (MiniOzoneClusterImpl.java:lambda$waitForClusterToBeReady$0(229)) - SCM became leader
2023-06-22 21:36:55,787 [EndpointStateMachine task thread for /0.0.0.0:15055 - 0 ] INFO  utils.DatanodeStoreCache (DatanodeStoreCache.java:addDB(66)) - Added db /home/runner/work/ozone/ozone/hadoop-ozone/integration-test/target/test-dir/MiniOzoneClusterImpl-9e90c1de-1c56-491c-b259-3d04922b55fd/datanode-4/data-0/containers/hdds/9e90c1de-1c56-491c-b259-3d04922b55fd/DS-25867ada-0563-4c5f-868c-1201ff8bf62d/container.db to cache
2023-06-22 21:36:55,787 [EndpointStateMachine task thread for /0.0.0.0:15055 - 0 ] INFO  volume.HddsVolume (HddsVolume.java:createDbStore(350)) - SchemaV3 db is created and loaded at /home/runner/work/ozone/ozone/hadoop-ozone/integration-test/target/test-dir/MiniOzoneClusterImpl-9e90c1de-1c56-491c-b259-3d04922b55fd/datanode-4/data-0/containers/hdds/9e90c1de-1c56-491c-b259-3d04922b55fd/DS-25867ada-0563-4c5f-868c-1201ff8bf62d/container.db for volume DS-25867ada-0563-4c5f-868c-1201ff8bf62d
2023-06-22 21:36:55,787 [EndpointStateMachine task thread for /0.0.0.0:15055 - 0 ] INFO  ozoneimpl.OzoneContainer (OzoneContainer.java:start(411)) - Attempting to start container services.
2023-06-22 21:36:55,787 [EndpointStateMachine task thread for /0.0.0.0:15055 - 0 ] INFO  ozoneimpl.OzoneContainer (OzoneContainer.java:startContainerScrub(327)) - Scheduled background container scanners and the on-demand container scanner have been disabled.
2023-06-22 21:36:55,791 [EndpointStateMachine task thread for /0.0.0.0:15055 - 0 ] INFO  replication.ReplicationServer (ReplicationServer.java:start(128)) - ReplicationServer is started using port 15105
2023-06-22 21:36:55,791 [EndpointStateMachine task thread for /0.0.0.0:15055 - 0 ] INFO  ratis.XceiverServerRatis (XceiverServerRatis.java:start(517)) - Starting XceiverServerRatis 8f15a801-56b9-4d07-a63b-fddd9ee2c994
2023-06-22 21:36:55,791 [EndpointStateMachine task thread for /0.0.0.0:15055 - 0 ] INFO  server.RaftServer (RaftServerProxy.java:startImpl(400)) - 8f15a801-56b9-4d07-a63b-fddd9ee2c994: start RPC server
2023-06-22 21:36:55,793 [EndpointStateMachine task thread for /0.0.0.0:15055 - 0 ] INFO  server.GrpcService (GrpcService.java:startImpl(302)) - 8f15a801-56b9-4d07-a63b-fddd9ee2c994: GrpcService started, listening on 15101
2023-06-22 21:36:55,797 [EndpointStateMachine task thread for /0.0.0.0:15055 - 0 ] INFO  server.GrpcService (GrpcService.java:startImpl(302)) - 8f15a801-56b9-4d07-a63b-fddd9ee2c994: GrpcService started, listening on 15103
2023-06-22 21:36:55,798 [EndpointStateMachine task thread for /0.0.0.0:15055 - 0 ] INFO  server.GrpcService (GrpcService.java:startImpl(302)) - 8f15a801-56b9-4d07-a63b-fddd9ee2c994: GrpcService started, listening on 15102
2023-06-22 21:36:55,798 [EndpointStateMachine task thread for /0.0.0.0:15055 - 0 ] INFO  ratis.XceiverServerRatis (XceiverServerRatis.java:getRealPort(543)) - XceiverServerRatis 8f15a801-56b9-4d07-a63b-fddd9ee2c994 is started using port 15101 for RATIS
2023-06-22 21:36:55,799 [EndpointStateMachine task thread for /0.0.0.0:15055 - 0 ] INFO  ratis.XceiverServerRatis (XceiverServerRatis.java:getRealPort(543)) - XceiverServerRatis 8f15a801-56b9-4d07-a63b-fddd9ee2c994 is started using port 15102 for RATIS_ADMIN
2023-06-22 21:36:55,799 [JvmPauseMonitor13] INFO  util.JvmPauseMonitor (JvmPauseMonitor.java:run(103)) - JvmPauseMonitor-8f15a801-56b9-4d07-a63b-fddd9ee2c994: Started
2023-06-22 21:36:55,799 [EndpointStateMachine task thread for /0.0.0.0:15055 - 0 ] INFO  ratis.XceiverServerRatis (XceiverServerRatis.java:getRealPort(543)) - XceiverServerRatis 8f15a801-56b9-4d07-a63b-fddd9ee2c994 is started using port 15103 for RATIS_SERVER
2023-06-22 21:36:55,799 [EndpointStateMachine task thread for /0.0.0.0:15055 - 0 ] INFO  ratis.XceiverServerRatis (XceiverServerRatis.java:getRealPort(543)) - XceiverServerRatis 8f15a801-56b9-4d07-a63b-fddd9ee2c994 is started using port 15104 for RATIS_DATASTREAM
2023-06-22 21:36:55,802 [BlockDeletingService#0] INFO  interfaces.ContainerDeletionChoosingPolicyTemplate (ContainerDeletionChoosingPolicyTemplate.java:chooseContainerForBlockDeletion(83)) - Chosen 0/5000 blocks from 0 candidate containers.
2023-06-22 21:36:56,263 [IPC Server handler 0 on default port 15055] INFO  net.NetworkTopologyImpl (NetworkTopologyImpl.java:add(112)) - Added a new node: /default-rack/93c05b65-1d47-44de-af22-274bc9e484bb
2023-06-22 21:36:56,263 [IPC Server handler 0 on default port 15055] INFO  node.SCMNodeManager (SCMNodeManager.java:register(406)) - Registered Data node : 93c05b65-1d47-44de-af22-274bc9e484bb{ip: 10.1.1.69, host: fv-az504-135, ports: [HTTP=15062, CLIENT_RPC=15063, REPLICATION=15069, RATIS=15065, RATIS_ADMIN=15066, RATIS_SERVER=15067, RATIS_DATASTREAM=15068, STANDALONE=15064], networkLocation: /default-rack, certSerialId: null, persistedOpState: null, persistedOpStateExpiryEpochSec: 0}
2023-06-22 21:36:56,270 [EventQueue-NodeRegistrationContainerReportForDataNodeSafeModeRule] INFO  safemode.SCMSafeModeManager (DataNodeSafeModeRule.java:process(71)) - SCM in safe mode. 1 DataNodes registered, 3 required.
2023-06-22 21:36:56,271 [EventQueue-NodeRegistrationContainerReportForContainerSafeModeRule] INFO  safemode.SCMSafeModeManager (SCMSafeModeManager.java:validateSafeModeExitRules(200)) - ContainerSafeModeRule rule is successfully validated
2023-06-22 21:36:56,278 [EventQueue-PipelineReportForOneReplicaPipelineSafeModeRule] INFO  safemode.SCMSafeModeManager (SCMSafeModeManager.java:validateSafeModeExitRules(200)) - AtleastOneDatanodeReportedRule rule is successfully validated
2023-06-22 21:36:56,279 [EventQueue-NewNodeForNewNodeHandler] INFO  pipeline.BackgroundPipelineCreator (BackgroundPipelineCreator.java:notifyEventTriggered(276)) - trigger a one-shot run on RatisPipelineUtilsThread.
2023-06-22 21:36:56,279 [RatisPipelineUtilsThread - 0] INFO  pipeline.RatisPipelineProvider (RatisPipelineProvider.java:lambda$create$0(206)) - Sending CreatePipelineCommand for pipeline:PipelineID=29c0c85a-8d9f-4416-96f2-e800b7caf43f to datanode:93c05b65-1d47-44de-af22-274bc9e484bb
2023-06-22 21:36:56,281 [RatisPipelineUtilsThread - 0] INFO  pipeline.PipelineStateManagerImpl (PipelineStateManagerImpl.java:addPipeline(103)) - Created pipeline Pipeline[ Id: 29c0c85a-8d9f-4416-96f2-e800b7caf43f, Nodes: 93c05b65-1d47-44de-af22-274bc9e484bb(fv-az504-135/10.1.1.69), ReplicationConfig: RATIS/ONE, State:ALLOCATED, leaderId:, CreationTimestamp2023-06-22T21:36:56.279Z[Etc/UTC]].
2023-06-22 21:36:56,643 [IPC Server handler 3 on default port 15055] INFO  net.NetworkTopologyImpl (NetworkTopologyImpl.java:add(112)) - Added a new node: /default-rack/65b54071-31d6-4bc0-82c0-f363a9aa9754
2023-06-22 21:36:56,643 [IPC Server handler 3 on default port 15055] INFO  node.SCMNodeManager (SCMNodeManager.java:register(406)) - Registered Data node : 65b54071-31d6-4bc0-82c0-f363a9aa9754{ip: 10.1.1.69, host: fv-az504-135, ports: [HTTP=15071, CLIENT_RPC=15072, REPLICATION=15078, RATIS=15074, RATIS_ADMIN=15075, RATIS_SERVER=15076, RATIS_DATASTREAM=15077, STANDALONE=15073], networkLocation: /default-rack, certSerialId: null, persistedOpState: null, persistedOpStateExpiryEpochSec: 0}
2023-06-22 21:36:56,644 [EventQueue-NewNodeForNewNodeHandler] INFO  pipeline.BackgroundPipelineCreator (BackgroundPipelineCreator.java:notifyEventTriggered(276)) - trigger a one-shot run on RatisPipelineUtilsThread.
2023-06-22 21:36:56,644 [EventQueue-NodeRegistrationContainerReportForDataNodeSafeModeRule] INFO  safemode.SCMSafeModeManager (DataNodeSafeModeRule.java:process(71)) - SCM in safe mode. 2 DataNodes registered, 3 required.
2023-06-22 21:36:56,645 [RatisPipelineUtilsThread - 0] INFO  pipeline.RatisPipelineProvider (RatisPipelineProvider.java:lambda$create$0(206)) - Sending CreatePipelineCommand for pipeline:PipelineID=f2a4422f-2633-42eb-aa49-615d030d2efe to datanode:65b54071-31d6-4bc0-82c0-f363a9aa9754
2023-06-22 21:36:56,645 [RatisPipelineUtilsThread - 0] INFO  pipeline.PipelineStateManagerImpl (PipelineStateManagerImpl.java:addPipeline(103)) - Created pipeline Pipeline[ Id: f2a4422f-2633-42eb-aa49-615d030d2efe, Nodes: 65b54071-31d6-4bc0-82c0-f363a9aa9754(fv-az504-135/10.1.1.69), ReplicationConfig: RATIS/ONE, State:ALLOCATED, leaderId:, CreationTimestamp2023-06-22T21:36:56.645Z[Etc/UTC]].
2023-06-22 21:36:56,750 [main] INFO  ozone.MiniOzoneClusterImpl (MiniOzoneClusterImpl.java:lambda$waitForClusterToBeReady$0(224)) - Waiting for nodes to be ready. Got 2 of 5 DN Heartbeats.
2023-06-22 21:36:56,750 [main] INFO  ozone.MiniOzoneClusterImpl (MiniOzoneClusterImpl.java:lambda$waitForClusterToBeReady$0(227)) - Waiting for cluster to exit safe mode
2023-06-22 21:36:56,750 [main] INFO  ozone.MiniOzoneClusterImpl (MiniOzoneClusterImpl.java:lambda$waitForClusterToBeReady$0(229)) - SCM became leader
2023-06-22 21:36:57,057 [IPC Server handler 0 on default port 15055] INFO  net.NetworkTopologyImpl (NetworkTopologyImpl.java:add(112)) - Added a new node: /default-rack/599df4a6-6b73-4cda-a21a-cae0798e8b5d
2023-06-22 21:36:57,058 [IPC Server handler 0 on default port 15055] INFO  node.SCMNodeManager (SCMNodeManager.java:register(406)) - Registered Data node : 599df4a6-6b73-4cda-a21a-cae0798e8b5d{ip: 10.1.1.69, host: fv-az504-135, ports: [HTTP=15080, CLIENT_RPC=15081, REPLICATION=15087, RATIS=15083, RATIS_ADMIN=15084, RATIS_SERVER=15085, RATIS_DATASTREAM=15086, STANDALONE=15082], networkLocation: /default-rack, certSerialId: null, persistedOpState: null, persistedOpStateExpiryEpochSec: 0}
2023-06-22 21:36:57,058 [EventQueue-NewNodeForNewNodeHandler] INFO  pipeline.BackgroundPipelineCreator (BackgroundPipelineCreator.java:notifyEventTriggered(276)) - trigger a one-shot run on RatisPipelineUtilsThread.
2023-06-22 21:36:57,060 [EventQueue-NodeRegistrationContainerReportForDataNodeSafeModeRule] INFO  safemode.SCMSafeModeManager (DataNodeSafeModeRule.java:process(71)) - SCM in safe mode. 3 DataNodes registered, 3 required.
2023-06-22 21:36:57,060 [EventQueue-NodeRegistrationContainerReportForDataNodeSafeModeRule] INFO  safemode.SCMSafeModeManager (SCMSafeModeManager.java:validateSafeModeExitRules(200)) - DataNodeSafeModeRule rule is successfully validated
2023-06-22 21:36:57,060 [EventQueue-NodeRegistrationContainerReportForDataNodeSafeModeRule] INFO  safemode.SCMSafeModeManager (SCMSafeModeManager.java:completePreCheck(229)) - All SCM safe mode pre check rules have passed
2023-06-22 21:36:57,060 [EventQueue-NodeRegistrationContainerReportForDataNodeSafeModeRule] INFO  ha.SCMContext (SCMContext.java:updateSafeModeStatus(228)) - Update SafeModeStatus from SafeModeStatus{safeModeStatus=true, preCheckPassed=false} to SafeModeStatus{safeModeStatus=true, preCheckPassed=true}.
2023-06-22 21:36:57,060 [EventQueue-NodeRegistrationContainerReportForDataNodeSafeModeRule] INFO  pipeline.BackgroundPipelineCreator (BackgroundPipelineCreator.java:notifyEventTriggered(276)) - trigger a one-shot run on RatisPipelineUtilsThread.
2023-06-22 21:36:57,063 [RatisPipelineUtilsThread - 0] INFO  pipeline.RatisPipelineProvider (RatisPipelineProvider.java:lambda$create$0(206)) - Sending CreatePipelineCommand for pipeline:PipelineID=9faf434a-cc99-42de-88e7-30e1e4a9c4d4 to datanode:599df4a6-6b73-4cda-a21a-cae0798e8b5d
2023-06-22 21:36:57,063 [RatisPipelineUtilsThread - 0] INFO  pipeline.PipelineStateManagerImpl (PipelineStateManagerImpl.java:addPipeline(103)) - Created pipeline Pipeline[ Id: 9faf434a-cc99-42de-88e7-30e1e4a9c4d4, Nodes: 599df4a6-6b73-4cda-a21a-cae0798e8b5d(fv-az504-135/10.1.1.69), ReplicationConfig: RATIS/ONE, State:ALLOCATED, leaderId:, CreationTimestamp2023-06-22T21:36:57.063Z[Etc/UTC]].
2023-06-22 21:36:57,064 [RatisPipelineUtilsThread - 0] INFO  pipeline.RatisPipelineProvider (RatisPipelineProvider.java:lambda$create$0(206)) - Sending CreatePipelineCommand for pipeline:PipelineID=c4c46cff-2612-4f86-abb0-a653292f152e to datanode:65b54071-31d6-4bc0-82c0-f363a9aa9754
2023-06-22 21:36:57,064 [RatisPipelineUtilsThread - 0] INFO  pipeline.RatisPipelineProvider (RatisPipelineProvider.java:lambda$create$0(206)) - Sending CreatePipelineCommand for pipeline:PipelineID=c4c46cff-2612-4f86-abb0-a653292f152e to datanode:599df4a6-6b73-4cda-a21a-cae0798e8b5d
2023-06-22 21:36:57,064 [RatisPipelineUtilsThread - 0] INFO  pipeline.RatisPipelineProvider (RatisPipelineProvider.java:lambda$create$0(206)) - Sending CreatePipelineCommand for pipeline:PipelineID=c4c46cff-2612-4f86-abb0-a653292f152e to datanode:93c05b65-1d47-44de-af22-274bc9e484bb
2023-06-22 21:36:57,065 [RatisPipelineUtilsThread - 0] INFO  pipeline.PipelineStateManagerImpl (PipelineStateManagerImpl.java:addPipeline(103)) - Created pipeline Pipeline[ Id: c4c46cff-2612-4f86-abb0-a653292f152e, Nodes: 65b54071-31d6-4bc0-82c0-f363a9aa9754(fv-az504-135/10.1.1.69)599df4a6-6b73-4cda-a21a-cae0798e8b5d(fv-az504-135/10.1.1.69)93c05b65-1d47-44de-af22-274bc9e484bb(fv-az504-135/10.1.1.69), ReplicationConfig: RATIS/THREE, State:ALLOCATED, leaderId:, CreationTimestamp2023-06-22T21:36:57.064Z[Etc/UTC]].
2023-06-22 21:36:57,066 [RatisPipelineUtilsThread - 0] INFO  pipeline.RatisPipelineProvider (RatisPipelineProvider.java:lambda$create$0(206)) - Sending CreatePipelineCommand for pipeline:PipelineID=b947b371-6094-4926-906b-57d028c5577f to datanode:599df4a6-6b73-4cda-a21a-cae0798e8b5d
2023-06-22 21:36:57,066 [RatisPipelineUtilsThread - 0] INFO  pipeline.RatisPipelineProvider (RatisPipelineProvider.java:lambda$create$0(206)) - Sending CreatePipelineCommand for pipeline:PipelineID=b947b371-6094-4926-906b-57d028c5577f to datanode:93c05b65-1d47-44de-af22-274bc9e484bb
2023-06-22 21:36:57,066 [RatisPipelineUtilsThread - 0] INFO  pipeline.RatisPipelineProvider (RatisPipelineProvider.java:lambda$create$0(206)) - Sending CreatePipelineCommand for pipeline:PipelineID=b947b371-6094-4926-906b-57d028c5577f to datanode:65b54071-31d6-4bc0-82c0-f363a9aa9754
2023-06-22 21:36:57,067 [RatisPipelineUtilsThread - 0] INFO  pipeline.PipelineStateManagerImpl (PipelineStateManagerImpl.java:addPipeline(103)) - Created pipeline Pipeline[ Id: b947b371-6094-4926-906b-57d028c5577f, Nodes: 599df4a6-6b73-4cda-a21a-cae0798e8b5d(fv-az504-135/10.1.1.69)93c05b65-1d47-44de-af22-274bc9e484bb(fv-az504-135/10.1.1.69)65b54071-31d6-4bc0-82c0-f363a9aa9754(fv-az504-135/10.1.1.69), ReplicationConfig: RATIS/THREE, State:ALLOCATED, leaderId:, CreationTimestamp2023-06-22T21:36:57.066Z[Etc/UTC]].
2023-06-22 21:36:57,067 [RatisPipelineUtilsThread - 0] INFO  pipeline.PipelineManagerImpl (PipelineManagerImpl.java:recordMetricsForPipeline(826)) - Pipeline: PipelineID=b947b371-6094-4926-906b-57d028c5577f contains same datanodes as previous pipelines: PipelineID=c4c46cff-2612-4f86-abb0-a653292f152e nodeIds: 599df4a6-6b73-4cda-a21a-cae0798e8b5d, 93c05b65-1d47-44de-af22-274bc9e484bb, 65b54071-31d6-4bc0-82c0-f363a9aa9754
2023-06-22 21:36:57,067 [RatisPipelineUtilsThread - 0] WARN  pipeline.PipelinePlacementPolicy (PipelinePlacementPolicy.java:filterViableNodes(166)) - Pipeline creation failed due to no sufficient healthy datanodes. Required 3. Found 0. Excluded 3.
2023-06-22 21:36:57,411 [IPC Server handler 3 on default port 15055] INFO  net.NetworkTopologyImpl (NetworkTopologyImpl.java:add(112)) - Added a new node: /default-rack/f1abb7db-c3af-437a-bde0-e7e35204823b
2023-06-22 21:36:57,411 [IPC Server handler 3 on default port 15055] INFO  node.SCMNodeManager (SCMNodeManager.java:register(406)) - Registered Data node : f1abb7db-c3af-437a-bde0-e7e35204823b{ip: 10.1.1.69, host: fv-az504-135, ports: [HTTP=15089, CLIENT_RPC=15090, REPLICATION=15096, RATIS=15092, RATIS_ADMIN=15093, RATIS_SERVER=15094, RATIS_DATASTREAM=15095, STANDALONE=15091], networkLocation: /default-rack, certSerialId: null, persistedOpState: null, persistedOpStateExpiryEpochSec: 0}
2023-06-22 21:36:57,411 [EventQueue-NewNodeForNewNodeHandler] INFO  pipeline.BackgroundPipelineCreator (BackgroundPipelineCreator.java:notifyEventTriggered(276)) - trigger a one-shot run on RatisPipelineUtilsThread.
2023-06-22 21:36:57,412 [RatisPipelineUtilsThread - 0] INFO  pipeline.RatisPipelineProvider (RatisPipelineProvider.java:lambda$create$0(206)) - Sending CreatePipelineCommand for pipeline:PipelineID=1e8147a8-a369-4cb1-8a00-37780319b5dd to datanode:f1abb7db-c3af-437a-bde0-e7e35204823b
2023-06-22 21:36:57,413 [RatisPipelineUtilsThread - 0] INFO  pipeline.PipelineStateManagerImpl (PipelineStateManagerImpl.java:addPipeline(103)) - Created pipeline Pipeline[ Id: 1e8147a8-a369-4cb1-8a00-37780319b5dd, Nodes: f1abb7db-c3af-437a-bde0-e7e35204823b(fv-az504-135/10.1.1.69), ReplicationConfig: RATIS/ONE, State:ALLOCATED, leaderId:, CreationTimestamp2023-06-22T21:36:57.412Z[Etc/UTC]].
2023-06-22 21:36:57,414 [RatisPipelineUtilsThread - 0] WARN  pipeline.PipelinePlacementPolicy (PipelinePlacementPolicy.java:filterViableNodes(166)) - Pipeline creation failed due to no sufficient healthy datanodes. Required 3. Found 1. Excluded 3.
2023-06-22 21:36:57,750 [IPC Server handler 1 on default port 15055] INFO  net.NetworkTopologyImpl (NetworkTopologyImpl.java:add(112)) - Added a new node: /default-rack/8f15a801-56b9-4d07-a63b-fddd9ee2c994
2023-06-22 21:36:57,750 [IPC Server handler 1 on default port 15055] INFO  node.SCMNodeManager (SCMNodeManager.java:register(406)) - Registered Data node : 8f15a801-56b9-4d07-a63b-fddd9ee2c994{ip: 10.1.1.69, host: fv-az504-135, ports: [HTTP=15098, CLIENT_RPC=15099, REPLICATION=15105, RATIS=15101, RATIS_ADMIN=15102, RATIS_SERVER=15103, RATIS_DATASTREAM=15104, STANDALONE=15100], networkLocation: /default-rack, certSerialId: null, persistedOpState: null, persistedOpStateExpiryEpochSec: 0}
2023-06-22 21:36:57,751 [EventQueue-NewNodeForNewNodeHandler] INFO  pipeline.BackgroundPipelineCreator (BackgroundPipelineCreator.java:notifyEventTriggered(276)) - trigger a one-shot run on RatisPipelineUtilsThread.
2023-06-22 21:36:57,751 [main] INFO  ozone.MiniOzoneClusterImpl (MiniOzoneClusterImpl.java:lambda$waitForClusterToBeReady$0(224)) - Nodes are ready. Got 5 of 5 DN Heartbeats.
2023-06-22 21:36:57,751 [main] INFO  ozone.MiniOzoneClusterImpl (MiniOzoneClusterImpl.java:lambda$waitForClusterToBeReady$0(227)) - Waiting for cluster to exit safe mode
2023-06-22 21:36:57,751 [main] INFO  ozone.MiniOzoneClusterImpl (MiniOzoneClusterImpl.java:lambda$waitForClusterToBeReady$0(229)) - SCM became leader
2023-06-22 21:36:57,751 [RatisPipelineUtilsThread - 0] INFO  pipeline.RatisPipelineProvider (RatisPipelineProvider.java:lambda$create$0(206)) - Sending CreatePipelineCommand for pipeline:PipelineID=61a0a910-0ab2-4313-820b-ed79df350a77 to datanode:8f15a801-56b9-4d07-a63b-fddd9ee2c994
2023-06-22 21:36:57,752 [RatisPipelineUtilsThread - 0] INFO  pipeline.PipelineStateManagerImpl (PipelineStateManagerImpl.java:addPipeline(103)) - Created pipeline Pipeline[ Id: 61a0a910-0ab2-4313-820b-ed79df350a77, Nodes: 8f15a801-56b9-4d07-a63b-fddd9ee2c994(fv-az504-135/10.1.1.69), ReplicationConfig: RATIS/ONE, State:ALLOCATED, leaderId:, CreationTimestamp2023-06-22T21:36:57.751Z[Etc/UTC]].
2023-06-22 21:36:57,752 [RatisPipelineUtilsThread - 0] WARN  pipeline.PipelinePlacementPolicy (PipelinePlacementPolicy.java:filterViableNodes(166)) - Pipeline creation failed due to no sufficient healthy datanodes. Required 3. Found 2. Excluded 3.
2023-06-22 21:36:58,751 [main] INFO  ozone.MiniOzoneClusterImpl (MiniOzoneClusterImpl.java:lambda$waitForClusterToBeReady$0(224)) - Nodes are ready. Got 5 of 5 DN Heartbeats.
2023-06-22 21:36:58,752 [main] INFO  ozone.MiniOzoneClusterImpl (MiniOzoneClusterImpl.java:lambda$waitForClusterToBeReady$0(227)) - Waiting for cluster to exit safe mode
2023-06-22 21:36:58,752 [main] INFO  ozone.MiniOzoneClusterImpl (MiniOzoneClusterImpl.java:lambda$waitForClusterToBeReady$0(229)) - SCM became leader
2023-06-22 21:36:59,267 [PipelineCommandHandlerThread-0] INFO  server.RaftServer (RaftServerProxy.java:addNew(98)) - 93c05b65-1d47-44de-af22-274bc9e484bb: addNew group-E800B7CAF43F:[93c05b65-1d47-44de-af22-274bc9e484bb|rpc:10.1.1.69:15067|admin:10.1.1.69:15066|client:10.1.1.69:15065|dataStream:10.1.1.69:15068|priority:1|startupRole:FOLLOWER] returns group-E800B7CAF43F:java.util.concurrent.CompletableFuture@453008cf[Not completed]
2023-06-22 21:36:59,268 [93c05b65-1d47-44de-af22-274bc9e484bb-groupManagement] INFO  server.RaftServer$Division (RaftServerImpl.java:<init>(198)) - 93c05b65-1d47-44de-af22-274bc9e484bb: new RaftServerImpl for group-E800B7CAF43F:[93c05b65-1d47-44de-af22-274bc9e484bb|rpc:10.1.1.69:15067|admin:10.1.1.69:15066|client:10.1.1.69:15065|dataStream:10.1.1.69:15068|priority:1|startupRole:FOLLOWER] with ContainerStateMachine:uninitialized
2023-06-22 21:36:59,268 [93c05b65-1d47-44de-af22-274bc9e484bb-groupManagement] INFO  server.RaftServerConfigKeys (ConfUtils.java:logGet(46)) - raft.server.rpc.timeout.min = 5s (custom)
2023-06-22 21:36:59,268 [93c05b65-1d47-44de-af22-274bc9e484bb-groupManagement] INFO  server.RaftServerConfigKeys (ConfUtils.java:logGet(46)) - raft.server.rpc.timeout.max = 5200ms (custom)
2023-06-22 21:36:59,268 [93c05b65-1d47-44de-af22-274bc9e484bb-groupManagement] INFO  server.RaftServerConfigKeys (ConfUtils.java:logGet(46)) - raft.server.rpc.sleep.time = 25ms (default)
2023-06-22 21:36:59,268 [93c05b65-1d47-44de-af22-274bc9e484bb-groupManagement] INFO  server.RaftServerConfigKeys (ConfUtils.java:logGet(46)) - raft.server.rpc.slowness.timeout = 300s (custom)
2023-06-22 21:36:59,268 [93c05b65-1d47-44de-af22-274bc9e484bb-groupManagement] INFO  server.RaftServerConfigKeys (ConfUtils.java:logGet(46)) - raft.server.leaderelection.leader.step-down.wait-time = 10s (default)
2023-06-22 21:36:59,268 [93c05b65-1d47-44de-af22-274bc9e484bb-groupManagement] INFO  server.RaftServerConfigKeys (ConfUtils.java:logGet(46)) - raft.server.sleep.deviation.threshold = 300ms (default)
2023-06-22 21:36:59,268 [93c05b65-1d47-44de-af22-274bc9e484bb-groupManagement] INFO  server.RaftServer$Division (ServerState.java:<init>(120)) - 93c05b65-1d47-44de-af22-274bc9e484bb@group-E800B7CAF43F: ConfigurationManager, init=-1: peers:[93c05b65-1d47-44de-af22-274bc9e484bb|rpc:10.1.1.69:15067|admin:10.1.1.69:15066|client:10.1.1.69:15065|dataStream:10.1.1.69:15068|priority:1|startupRole:FOLLOWER]|listeners:[], old=null, confs=<EMPTY_MAP>
2023-06-22 21:36:59,268 [93c05b65-1d47-44de-af22-274bc9e484bb-groupManagement] INFO  server.RaftServerConfigKeys (ConfUtils.java:logGet(46)) - raft.server.storage.dir = [/home/runner/work/ozone/ozone/hadoop-ozone/integration-test/target/test-dir/MiniOzoneClusterImpl-9e90c1de-1c56-491c-b259-3d04922b55fd/datanode-0/data/ratis] (custom)
2023-06-22 21:36:59,269 [93c05b65-1d47-44de-af22-274bc9e484bb-groupManagement] INFO  server.RaftServerConfigKeys (ConfUtils.java:logGet(46)) - raft.server.log.corruption.policy = EXCEPTION (default)
2023-06-22 21:36:59,269 [93c05b65-1d47-44de-af22-274bc9e484bb-groupManagement] INFO  server.RaftServerConfigKeys (ConfUtils.java:logGet(46)) - raft.server.storage.free-space.min = 0MB (=0) (default)
2023-06-22 21:36:59,269 [93c05b65-1d47-44de-af22-274bc9e484bb-groupManagement] INFO  server.RaftServerConfigKeys (ConfUtils.java:logGet(46)) - raft.server.notification.no-leader.timeout = 300s (custom)
2023-06-22 21:36:59,269 [93c05b65-1d47-44de-af22-274bc9e484bb-groupManagement] INFO  server.RaftServerConfigKeys (ConfUtils.java:logGet(46)) - raft.server.read.timeout = 10s (default)
2023-06-22 21:36:59,269 [93c05b65-1d47-44de-af22-274bc9e484bb-groupManagement] INFO  server.RaftServerConfigKeys (ConfUtils.java:logGet(46)) - raft.server.retrycache.expirytime = 600000ms (custom)
2023-06-22 21:36:59,269 [93c05b65-1d47-44de-af22-274bc9e484bb-groupManagement] INFO  server.RaftServerConfigKeys (ConfUtils.java:logGet(46)) - raft.server.retrycache.statistics.expirytime = 100μs (default)
2023-06-22 21:36:59,270 [93c05b65-1d47-44de-af22-274bc9e484bb-groupManagement] INFO  server.RaftServerConfigKeys (ConfUtils.java:logGet(46)) - raft.server.read.option = DEFAULT (default)
2023-06-22 21:36:59,271 [93c05b65-1d47-44de-af22-274bc9e484bb-groupManagement] INFO  server.RaftServerConfigKeys (ConfUtils.java:logGet(46)) - raft.server.rpc.request.timeout = 60s (custom)
2023-06-22 21:36:59,271 [93c05b65-1d47-44de-af22-274bc9e484bb-groupManagement] INFO  server.RaftServerConfigKeys (ConfUtils.java:logGet(46)) - raft.server.log.appender.install.snapshot.enabled = false (custom)
2023-06-22 21:36:59,271 [93c05b65-1d47-44de-af22-274bc9e484bb-groupManagement] INFO  server.RaftServerConfigKeys (ConfUtils.java:logGet(46)) - raft.server.threadpool.server.cached = true (default)
2023-06-22 21:36:59,271 [93c05b65-1d47-44de-af22-274bc9e484bb-groupManagement] INFO  server.RaftServerConfigKeys (ConfUtils.java:logGet(46)) - raft.server.threadpool.server.size = 0 (default)
2023-06-22 21:36:59,271 [93c05b65-1d47-44de-af22-274bc9e484bb-groupManagement] INFO  server.RaftServerConfigKeys (ConfUtils.java:logGet(46)) - raft.server.threadpool.client.cached = true (default)
2023-06-22 21:36:59,271 [93c05b65-1d47-44de-af22-274bc9e484bb-groupManagement] INFO  server.RaftServerConfigKeys (ConfUtils.java:logGet(46)) - raft.server.threadpool.client.size = 0 (default)
2023-06-22 21:36:59,271 [93c05b65-1d47-44de-af22-274bc9e484bb-groupManagement] INFO  storage.RaftStorageDirectory (RaftStorageDirectoryImpl.java:analyzeStorage(137)) - The storage directory /home/runner/work/ozone/ozone/hadoop-ozone/integration-test/target/test-dir/MiniOzoneClusterImpl-9e90c1de-1c56-491c-b259-3d04922b55fd/datanode-0/data/ratis/29c0c85a-8d9f-4416-96f2-e800b7caf43f does not exist. Creating ...
2023-06-22 21:36:59,273 [93c05b65-1d47-44de-af22-274bc9e484bb-groupManagement] INFO  storage.RaftStorageDirectory (RaftStorageDirectoryImpl.java:tryLock(231)) - Lock on /home/runner/work/ozone/ozone/hadoop-ozone/integration-test/target/test-dir/MiniOzoneClusterImpl-9e90c1de-1c56-491c-b259-3d04922b55fd/datanode-0/data/ratis/29c0c85a-8d9f-4416-96f2-e800b7caf43f/in_use.lock acquired by nodename 41615@fv-az504-135
2023-06-22 21:36:59,274 [93c05b65-1d47-44de-af22-274bc9e484bb-groupManagement] INFO  storage.RaftStorage (RaftStorageImpl.java:format(96)) - Storage directory /home/runner/work/ozone/ozone/hadoop-ozone/integration-test/target/test-dir/MiniOzoneClusterImpl-9e90c1de-1c56-491c-b259-3d04922b55fd/datanode-0/data/ratis/29c0c85a-8d9f-4416-96f2-e800b7caf43f has been successfully formatted.
2023-06-22 21:36:59,275 [93c05b65-1d47-44de-af22-274bc9e484bb-groupManagement] INFO  ratis.ContainerStateMachine (ContainerStateMachine.java:loadSnapshot(262)) - group-E800B7CAF43F: The snapshot info is null. Setting the last applied indexto:(t:0, i:~)
2023-06-22 21:36:59,276 [93c05b65-1d47-44de-af22-274bc9e484bb-groupManagement] INFO  server.RaftServerConfigKeys (ConfUtils.java:logGet(46)) - raft.server.log.use.memory = false (default)
2023-06-22 21:36:59,276 [93c05b65-1d47-44de-af22-274bc9e484bb-groupManagement] INFO  server.RaftServerConfigKeys (ConfUtils.java:logGet(46)) - raft.server.log.purge.gap = 1000000 (custom)
2023-06-22 21:36:59,276 [93c05b65-1d47-44de-af22-274bc9e484bb-groupManagement] INFO  server.RaftServerConfigKeys (ConfUtils.java:logGet(46)) - raft.server.log.appender.buffer.byte-limit = 33554432 (custom)
2023-06-22 21:36:59,276 [93c05b65-1d47-44de-af22-274bc9e484bb-groupManagement] INFO  server.RaftServerConfigKeys (ConfUtils.java:logGet(46)) - raft.server.log.statemachine.data.read.timeout = 1000ms (default)
2023-06-22 21:36:59,276 [93c05b65-1d47-44de-af22-274bc9e484bb-groupManagement] INFO  server.RaftServerConfigKeys (ConfUtils.java:logGet(46)) - raft.server.log.purge.preservation.log.num = 0 (default)
2023-06-22 21:36:59,276 [93c05b65-1d47-44de-af22-274bc9e484bb-groupManagement] INFO  server.RaftServerConfigKeys (ConfUtils.java:logGet(46)) - raft.server.log.segment.size.max = 1048576 (custom)
2023-06-22 21:36:59,276 [93c05b65-1d47-44de-af22-274bc9e484bb-groupManagement] INFO  server.RaftServerConfigKeys (ConfUtils.java:logGet(46)) - raft.server.log.segment.cache.num.max = 2 (custom)
2023-06-22 21:36:59,277 [93c05b65-1d47-44de-af22-274bc9e484bb-groupManagement] INFO  server.RaftServerConfigKeys (ConfUtils.java:logGet(46)) - raft.server.log.segment.cache.size.max = 200MB (=209715200) (default)
2023-06-22 21:36:59,277 [EventQueue-PipelineReportForPipelineReportHandler] INFO  pipeline.PipelineManagerImpl (PipelineManagerImpl.java:openPipeline(367)) - Pipeline Pipeline[ Id: 29c0c85a-8d9f-4416-96f2-e800b7caf43f, Nodes: 93c05b65-1d47-44de-af22-274bc9e484bb(fv-az504-135/10.1.1.69), ReplicationConfig: RATIS/ONE, State:ALLOCATED, leaderId:93c05b65-1d47-44de-af22-274bc9e484bb, CreationTimestamp2023-06-22T21:36:56.279Z[Etc/UTC]] moved to OPEN state
2023-06-22 21:36:59,282 [93c05b65-1d47-44de-af22-274bc9e484bb-groupManagement] INFO  server.RaftServerConfigKeys (ConfUtils.java:logGet(46)) - raft.server.log.appender.buffer.byte-limit = 33554432 (custom)
2023-06-22 21:36:59,282 [93c05b65-1d47-44de-af22-274bc9e484bb-groupManagement] INFO  segmented.SegmentedRaftLogWorker (SegmentedRaftLogWorker.java:<init>(188)) - new 93c05b65-1d47-44de-af22-274bc9e484bb@group-E800B7CAF43F-SegmentedRaftLogWorker for RaftStorageImpl:Storage Directory /home/runner/work/ozone/ozone/hadoop-ozone/integration-test/target/test-dir/MiniOzoneClusterImpl-9e90c1de-1c56-491c-b259-3d04922b55fd/datanode-0/data/ratis/29c0c85a-8d9f-4416-96f2-e800b7caf43f
2023-06-22 21:36:59,282 [93c05b65-1d47-44de-af22-274bc9e484bb-groupManagement] INFO  server.RaftServerConfigKeys (ConfUtils.java:logGet(46)) - raft.server.log.queue.byte-limit = 4294967296 (custom)
2023-06-22 21:36:59,282 [93c05b65-1d47-44de-af22-274bc9e484bb-groupManagement] INFO  server.RaftServerConfigKeys (ConfUtils.java:logGet(46)) - raft.server.log.queue.element-limit = 1024 (custom)
2023-06-22 21:36:59,282 [93c05b65-1d47-44de-af22-274bc9e484bb-groupManagement] INFO  server.RaftServerConfigKeys (ConfUtils.java:logGet(46)) - raft.server.log.segment.size.max = 1048576 (custom)
2023-06-22 21:36:59,282 [93c05b65-1d47-44de-af22-274bc9e484bb-groupManagement] INFO  server.RaftServerConfigKeys (ConfUtils.java:logGet(46)) - raft.server.log.preallocated.size = 16384 (custom)
2023-06-22 21:36:59,282 [93c05b65-1d47-44de-af22-274bc9e484bb-groupManagement] INFO  server.RaftServerConfigKeys (ConfUtils.java:logGet(46)) - raft.server.log.force.sync.num = 128 (default)
2023-06-22 21:36:59,282 [93c05b65-1d47-44de-af22-274bc9e484bb-groupManagement] INFO  server.RaftServerConfigKeys (ConfUtils.java:logGet(46)) - raft.server.log.statemachine.data.sync = true (default)
2023-06-22 21:36:59,282 [93c05b65-1d47-44de-af22-274bc9e484bb-groupManagement] INFO  server.RaftServerConfigKeys (ConfUtils.java:logGet(46)) - raft.server.log.statemachine.data.sync.timeout = 10s (default)
2023-06-22 21:36:59,282 [93c05b65-1d47-44de-af22-274bc9e484bb-groupManagement] INFO  server.RaftServerConfigKeys (ConfUtils.java:logGet(46)) - raft.server.log.statemachine.data.sync.timeout.retry = -1 (default)
2023-06-22 21:36:59,283 [93c05b65-1d47-44de-af22-274bc9e484bb-groupManagement] INFO  server.RaftServerConfigKeys (ConfUtils.java:logGet(46)) - raft.server.log.write.buffer.size = 1048576 (custom)
2023-06-22 21:36:59,283 [93c05b65-1d47-44de-af22-274bc9e484bb-groupManagement] INFO  server.RaftServerConfigKeys (ConfUtils.java:logGet(46)) - raft.server.log.appender.buffer.byte-limit = 33554432 (custom)
2023-06-22 21:36:59,290 [93c05b65-1d47-44de-af22-274bc9e484bb-groupManagement] INFO  server.RaftServerConfigKeys (ConfUtils.java:logGet(46)) - raft.server.log.unsafe-flush.enabled = false (default)
2023-06-22 21:36:59,290 [93c05b65-1d47-44de-af22-274bc9e484bb-groupManagement] INFO  server.RaftServerConfigKeys (ConfUtils.java:logGet(46)) - raft.server.log.async-flush.enabled = false (default)
2023-06-22 21:36:59,290 [93c05b65-1d47-44de-af22-274bc9e484bb-groupManagement] INFO  server.RaftServerConfigKeys (ConfUtils.java:logGet(46)) - raft.server.log.statemachine.data.caching.enabled = true (custom)
2023-06-22 21:36:59,290 [93c05b65-1d47-44de-af22-274bc9e484bb-groupManagement] INFO  segmented.SegmentedRaftLogWorker (SegmentedRaftLogWorker.java:lambda$new$0(135)) - 93c05b65-1d47-44de-af22-274bc9e484bb@group-E800B7CAF43F-SegmentedRaftLogWorker: flushIndex: setUnconditionally 0 -> -1
2023-06-22 21:36:59,290 [93c05b65-1d47-44de-af22-274bc9e484bb-groupManagement] INFO  segmented.SegmentedRaftLogWorker (SegmentedRaftLogWorker.java:lambda$new$0(135)) - 93c05b65-1d47-44de-af22-274bc9e484bb@group-E800B7CAF43F-SegmentedRaftLogWorker: safeCacheEvictIndex: setUnconditionally 0 -> -1
2023-06-22 21:36:59,290 [93c05b65-1d47-44de-af22-274bc9e484bb-groupManagement] INFO  server.RaftServer$Division (RaftServerImpl.java:start(342)) - 93c05b65-1d47-44de-af22-274bc9e484bb@group-E800B7CAF43F: start as a follower, conf=-1: peers:[93c05b65-1d47-44de-af22-274bc9e484bb|rpc:10.1.1.69:15067|admin:10.1.1.69:15066|client:10.1.1.69:15065|dataStream:10.1.1.69:15068|priority:1|startupRole:FOLLOWER]|listeners:[], old=null
2023-06-22 21:36:59,290 [93c05b65-1d47-44de-af22-274bc9e484bb-groupManagement] INFO  server.RaftServer$Division (RaftServerImpl.java:setRole(329)) - 93c05b65-1d47-44de-af22-274bc9e484bb@group-E800B7CAF43F: changes role from      null to FOLLOWER at term 0 for startAsFollower
2023-06-22 21:36:59,290 [93c05b65-1d47-44de-af22-274bc9e484bb-groupManagement] INFO  impl.RoleInfo (RoleInfo.java:updateAndGet(139)) - 93c05b65-1d47-44de-af22-274bc9e484bb: start 93c05b65-1d47-44de-af22-274bc9e484bb@group-E800B7CAF43F-FollowerState
2023-06-22 21:36:59,291 [93c05b65-1d47-44de-af22-274bc9e484bb@group-E800B7CAF43F-FollowerState] INFO  server.RaftServerConfigKeys (ConfUtils.java:logFallback(53)) - raft.server.rpc.first-election.timeout.min = 5s (fallback to raft.server.rpc.timeout.min)
2023-06-22 21:36:59,291 [93c05b65-1d47-44de-af22-274bc9e484bb@group-E800B7CAF43F-FollowerState] INFO  server.RaftServerConfigKeys (ConfUtils.java:logFallback(53)) - raft.server.rpc.first-election.timeout.max = 5200ms (fallback to raft.server.rpc.timeout.max)
2023-06-22 21:36:59,291 [EventQueue-OpenPipelineForHealthyPipelineSafeModeRule] INFO  safemode.SCMSafeModeManager (HealthyPipelineSafeModeRule.java:process(137)) - SCM in safe mode. Healthy pipelines reported count is 0, required healthy pipeline reported count is 1
2023-06-22 21:36:59,291 [93c05b65-1d47-44de-af22-274bc9e484bb-groupManagement] INFO  util.JmxRegister (JmxRegister.java:tryRegister(44)) - Successfully registered JMX Bean with object name Ratis:service=RaftServer,group=group-E800B7CAF43F,id=93c05b65-1d47-44de-af22-274bc9e484bb
2023-06-22 21:36:59,293 [93c05b65-1d47-44de-af22-274bc9e484bb-groupManagement] INFO  server.RaftServerConfigKeys (ConfUtils.java:logGet(46)) - raft.server.snapshot.auto.trigger.enabled = true (custom)
2023-06-22 21:36:59,293 [93c05b65-1d47-44de-af22-274bc9e484bb-groupManagement] INFO  server.RaftServerConfigKeys (ConfUtils.java:logGet(46)) - raft.server.snapshot.auto.trigger.threshold = 10000 (custom)
2023-06-22 21:36:59,293 [93c05b65-1d47-44de-af22-274bc9e484bb-groupManagement] INFO  server.RaftServerConfigKeys (ConfUtils.java:logGet(46)) - raft.server.snapshot.retention.file.num = 5 (custom)
2023-06-22 21:36:59,293 [93c05b65-1d47-44de-af22-274bc9e484bb-groupManagement] INFO  server.RaftServerConfigKeys (ConfUtils.java:logGet(46)) - raft.server.log.purge.upto.snapshot.index = false (default)
2023-06-22 21:36:59,294 [PipelineCommandHandlerThread-0] INFO  ratis.XceiverServerRatis (XceiverServerRatis.java:addGroup(804)) - Created group PipelineID=29c0c85a-8d9f-4416-96f2-e800b7caf43f
2023-06-22 21:36:59,294 [PipelineCommandHandlerThread-0] INFO  commandhandler.CreatePipelineCommandHandler (CreatePipelineCommandHandler.java:lambda$handle$2(124)) - Created Pipeline RATIS ONE PipelineID=29c0c85a-8d9f-4416-96f2-e800b7caf43f.
2023-06-22 21:36:59,295 [PipelineCommandHandlerThread-0] INFO  server.RaftServer (RaftServerProxy.java:addNew(98)) - 93c05b65-1d47-44de-af22-274bc9e484bb: addNew group-A653292F152E:[93c05b65-1d47-44de-af22-274bc9e484bb|rpc:10.1.1.69:15067|admin:10.1.1.69:15066|client:10.1.1.69:15065|dataStream:10.1.1.69:15068|priority:1|startupRole:FOLLOWER, 65b54071-31d6-4bc0-82c0-f363a9aa9754|rpc:10.1.1.69:15076|admin:10.1.1.69:15075|client:10.1.1.69:15074|dataStream:10.1.1.69:15077|priority:0|startupRole:FOLLOWER, 599df4a6-6b73-4cda-a21a-cae0798e8b5d|rpc:10.1.1.69:15085|admin:10.1.1.69:15084|client:10.1.1.69:15083|dataStream:10.1.1.69:15086|priority:0|startupRole:FOLLOWER] returns group-A653292F152E:java.util.concurrent.CompletableFuture@410f84b1[Not completed]
2023-06-22 21:36:59,297 [93c05b65-1d47-44de-af22-274bc9e484bb-groupManagement] INFO  server.RaftServer$Division (RaftServerImpl.java:<init>(198)) - 93c05b65-1d47-44de-af22-274bc9e484bb: new RaftServerImpl for group-A653292F152E:[93c05b65-1d47-44de-af22-274bc9e484bb|rpc:10.1.1.69:15067|admin:10.1.1.69:15066|client:10.1.1.69:15065|dataStream:10.1.1.69:15068|priority:1|startupRole:FOLLOWER, 65b54071-31d6-4bc0-82c0-f363a9aa9754|rpc:10.1.1.69:15076|admin:10.1.1.69:15075|client:10.1.1.69:15074|dataStream:10.1.1.69:15077|priority:0|startupRole:FOLLOWER, 599df4a6-6b73-4cda-a21a-cae0798e8b5d|rpc:10.1.1.69:15085|admin:10.1.1.69:15084|client:10.1.1.69:15083|dataStream:10.1.1.69:15086|priority:0|startupRole:FOLLOWER] with ContainerStateMachine:uninitialized
2023-06-22 21:36:59,297 [93c05b65-1d47-44de-af22-274bc9e484bb-groupManagement] INFO  server.RaftServerConfigKeys (ConfUtils.java:logGet(46)) - raft.server.rpc.timeout.min = 5s (custom)
2023-06-22 21:36:59,298 [93c05b65-1d47-44de-af22-274bc9e484bb-groupManagement] INFO  server.RaftServerConfigKeys (ConfUtils.java:logGet(46)) - raft.server.rpc.timeout.max = 5200ms (custom)
2023-06-22 21:36:59,298 [93c05b65-1d47-44de-af22-274bc9e484bb-groupManagement] INFO  server.RaftServerConfigKeys (ConfUtils.java:logGet(46)) - raft.server.rpc.sleep.time = 25ms (default)
2023-06-22 21:36:59,298 [93c05b65-1d47-44de-af22-274bc9e484bb-groupManagement] INFO  server.RaftServerConfigKeys (ConfUtils.java:logGet(46)) - raft.server.rpc.slowness.timeout = 300s (custom)
2023-06-22 21:36:59,298 [93c05b65-1d47-44de-af22-274bc9e484bb-groupManagement] INFO  server.RaftServerConfigKeys (ConfUtils.java:logGet(46)) - raft.server.leaderelection.leader.step-down.wait-time = 10s (default)
2023-06-22 21:36:59,298 [93c05b65-1d47-44de-af22-274bc9e484bb-groupManagement] INFO  server.RaftServerConfigKeys (ConfUtils.java:logGet(46)) - raft.server.sleep.deviation.threshold = 300ms (default)
2023-06-22 21:36:59,298 [93c05b65-1d47-44de-af22-274bc9e484bb-groupManagement] INFO  server.RaftServer$Division (ServerState.java:<init>(120)) - 93c05b65-1d47-44de-af22-274bc9e484bb@group-A653292F152E: ConfigurationManager, init=-1: peers:[93c05b65-1d47-44de-af22-274bc9e484bb|rpc:10.1.1.69:15067|admin:10.1.1.69:15066|client:10.1.1.69:15065|dataStream:10.1.1.69:15068|priority:1|startupRole:FOLLOWER, 65b54071-31d6-4bc0-82c0-f363a9aa9754|rpc:10.1.1.69:15076|admin:10.1.1.69:15075|client:10.1.1.69:15074|dataStream:10.1.1.69:15077|priority:0|startupRole:FOLLOWER, 599df4a6-6b73-4cda-a21a-cae0798e8b5d|rpc:10.1.1.69:15085|admin:10.1.1.69:15084|client:10.1.1.69:15083|dataStream:10.1.1.69:15086|priority:0|startupRole:FOLLOWER]|listeners:[], old=null, confs=<EMPTY_MAP>
2023-06-22 21:36:59,298 [93c05b65-1d47-44de-af22-274bc9e484bb-groupManagement] INFO  server.RaftServerConfigKeys (ConfUtils.java:logGet(46)) - raft.server.storage.dir = [/home/runner/work/ozone/ozone/hadoop-ozone/integration-test/target/test-dir/MiniOzoneClusterImpl-9e90c1de-1c56-491c-b259-3d04922b55fd/datanode-0/data/ratis] (custom)
2023-06-22 21:36:59,298 [93c05b65-1d47-44de-af22-274bc9e484bb-groupManagement] INFO  server.RaftServerConfigKeys (ConfUtils.java:logGet(46)) - raft.server.log.corruption.policy = EXCEPTION (default)
2023-06-22 21:36:59,298 [93c05b65-1d47-44de-af22-274bc9e484bb-groupManagement] INFO  server.RaftServerConfigKeys (ConfUtils.java:logGet(46)) - raft.server.storage.free-space.min = 0MB (=0) (default)
2023-06-22 21:36:59,298 [93c05b65-1d47-44de-af22-274bc9e484bb-groupManagement] INFO  server.RaftServerConfigKeys (ConfUtils.java:logGet(46)) - raft.server.notification.no-leader.timeout = 300s (custom)
2023-06-22 21:36:59,298 [93c05b65-1d47-44de-af22-274bc9e484bb-groupManagement] INFO  server.RaftServerConfigKeys (ConfUtils.java:logGet(46)) - raft.server.read.timeout = 10s (default)
2023-06-22 21:36:59,298 [93c05b65-1d47-44de-af22-274bc9e484bb-groupManagement] INFO  server.RaftServerConfigKeys (ConfUtils.java:logGet(46)) - raft.server.retrycache.expirytime = 600000ms (custom)
2023-06-22 21:36:59,298 [93c05b65-1d47-44de-af22-274bc9e484bb-groupManagement] INFO  server.RaftServerConfigKeys (ConfUtils.java:logGet(46)) - raft.server.retrycache.statistics.expirytime = 100μs (default)
2023-06-22 21:36:59,299 [93c05b65-1d47-44de-af22-274bc9e484bb-groupManagement] INFO  server.RaftServerConfigKeys (ConfUtils.java:logGet(46)) - raft.server.read.option = DEFAULT (default)
2023-06-22 21:36:59,302 [93c05b65-1d47-44de-af22-274bc9e484bb-groupManagement] INFO  server.RaftServerConfigKeys (ConfUtils.java:logGet(46)) - raft.server.rpc.request.timeout = 60s (custom)
2023-06-22 21:36:59,302 [93c05b65-1d47-44de-af22-274bc9e484bb-groupManagement] INFO  server.RaftServerConfigKeys (ConfUtils.java:logGet(46)) - raft.server.log.appender.install.snapshot.enabled = false (custom)
2023-06-22 21:36:59,302 [93c05b65-1d47-44de-af22-274bc9e484bb-groupManagement] INFO  server.RaftServerConfigKeys (ConfUtils.java:logGet(46)) - raft.server.threadpool.server.cached = true (default)
2023-06-22 21:36:59,303 [93c05b65-1d47-44de-af22-274bc9e484bb-groupManagement] INFO  server.RaftServerConfigKeys (ConfUtils.java:logGet(46)) - raft.server.threadpool.server.size = 0 (default)
2023-06-22 21:36:59,303 [93c05b65-1d47-44de-af22-274bc9e484bb-groupManagement] INFO  server.RaftServerConfigKeys (ConfUtils.java:logGet(46)) - raft.server.threadpool.client.cached = true (default)
2023-06-22 21:36:59,303 [93c05b65-1d47-44de-af22-274bc9e484bb-groupManagement] INFO  server.RaftServerConfigKeys (ConfUtils.java:logGet(46)) - raft.server.threadpool.client.size = 0 (default)
2023-06-22 21:36:59,303 [93c05b65-1d47-44de-af22-274bc9e484bb-groupManagement] INFO  storage.RaftStorageDirectory (RaftStorageDirectoryImpl.java:analyzeStorage(137)) - The storage directory /home/runner/work/ozone/ozone/hadoop-ozone/integration-test/target/test-dir/MiniOzoneClusterImpl-9e90c1de-1c56-491c-b259-3d04922b55fd/datanode-0/data/ratis/c4c46cff-2612-4f86-abb0-a653292f152e does not exist. Creating ...
2023-06-22 21:36:59,304 [93c05b65-1d47-44de-af22-274bc9e484bb-groupManagement] INFO  storage.RaftStorageDirectory (RaftStorageDirectoryImpl.java:tryLock(231)) - Lock on /home/runner/work/ozone/ozone/hadoop-ozone/integration-test/target/test-dir/MiniOzoneClusterImpl-9e90c1de-1c56-491c-b259-3d04922b55fd/datanode-0/data/ratis/c4c46cff-2612-4f86-abb0-a653292f152e/in_use.lock acquired by nodename 41615@fv-az504-135
2023-06-22 21:36:59,305 [93c05b65-1d47-44de-af22-274bc9e484bb-groupManagement] INFO  storage.RaftStorage (RaftStorageImpl.java:format(96)) - Storage directory /home/runner/work/ozone/ozone/hadoop-ozone/integration-test/target/test-dir/MiniOzoneClusterImpl-9e90c1de-1c56-491c-b259-3d04922b55fd/datanode-0/data/ratis/c4c46cff-2612-4f86-abb0-a653292f152e has been successfully formatted.
2023-06-22 21:36:59,306 [93c05b65-1d47-44de-af22-274bc9e484bb-groupManagement] INFO  ratis.ContainerStateMachine (ContainerStateMachine.java:loadSnapshot(262)) - group-A653292F152E: The snapshot info is null. Setting the last applied indexto:(t:0, i:~)
2023-06-22 21:36:59,306 [93c05b65-1d47-44de-af22-274bc9e484bb-groupManagement] INFO  server.RaftServerConfigKeys (ConfUtils.java:logGet(46)) - raft.server.log.use.memory = false (default)
2023-06-22 21:36:59,306 [93c05b65-1d47-44de-af22-274bc9e484bb-groupManagement] INFO  server.RaftServerConfigKeys (ConfUtils.java:logGet(46)) - raft.server.log.purge.gap = 1000000 (custom)
2023-06-22 21:36:59,306 [93c05b65-1d47-44de-af22-274bc9e484bb-groupManagement] INFO  server.RaftServerConfigKeys (ConfUtils.java:logGet(46)) - raft.server.log.appender.buffer.byte-limit = 33554432 (custom)
2023-06-22 21:36:59,307 [EventQueue-OpenPipelineForHealthyPipelineSafeModeRule] INFO  safemode.SCMSafeModeManager (HealthyPipelineSafeModeRule.java:process(137)) - SCM in safe mode. Healthy pipelines reported count is 0, required healthy pipeline reported count is 1
2023-06-22 21:36:59,307 [93c05b65-1d47-44de-af22-274bc9e484bb-groupManagement] INFO  server.RaftServerConfigKeys (ConfUtils.java:logGet(46)) - raft.server.log.statemachine.data.read.timeout = 1000ms (default)
2023-06-22 21:36:59,307 [93c05b65-1d47-44de-af22-274bc9e484bb-groupManagement] INFO  server.RaftServerConfigKeys (ConfUtils.java:logGet(46)) - raft.server.log.purge.preservation.log.num = 0 (default)
2023-06-22 21:36:59,307 [93c05b65-1d47-44de-af22-274bc9e484bb-groupManagement] INFO  server.RaftServerConfigKeys (ConfUtils.java:logGet(46)) - raft.server.log.segment.size.max = 1048576 (custom)
2023-06-22 21:36:59,308 [93c05b65-1d47-44de-af22-274bc9e484bb-groupManagement] INFO  server.RaftServerConfigKeys (ConfUtils.java:logGet(46)) - raft.server.log.segment.cache.num.max = 2 (custom)
2023-06-22 21:36:59,308 [93c05b65-1d47-44de-af22-274bc9e484bb-groupManagement] INFO  server.RaftServerConfigKeys (ConfUtils.java:logGet(46)) - raft.server.log.segment.cache.size.max = 200MB (=209715200) (default)
2023-06-22 21:36:59,308 [93c05b65-1d47-44de-af22-274bc9e484bb-groupManagement] INFO  server.RaftServerConfigKeys (ConfUtils.java:logGet(46)) - raft.server.log.appender.buffer.byte-limit = 33554432 (custom)
2023-06-22 21:36:59,308 [93c05b65-1d47-44de-af22-274bc9e484bb-groupManagement] INFO  segmented.SegmentedRaftLogWorker (SegmentedRaftLogWorker.java:<init>(188)) - new 93c05b65-1d47-44de-af22-274bc9e484bb@group-A653292F152E-SegmentedRaftLogWorker for RaftStorageImpl:Storage Directory /home/runner/work/ozone/ozone/hadoop-ozone/integration-test/target/test-dir/MiniOzoneClusterImpl-9e90c1de-1c56-491c-b259-3d04922b55fd/datanode-0/data/ratis/c4c46cff-2612-4f86-abb0-a653292f152e
2023-06-22 21:36:59,308 [93c05b65-1d47-44de-af22-274bc9e484bb-groupManagement] INFO  server.RaftServerConfigKeys (ConfUtils.java:logGet(46)) - raft.server.log.queue.byte-limit = 4294967296 (custom)
2023-06-22 21:36:59,308 [93c05b65-1d47-44de-af22-274bc9e484bb-groupManagement] INFO  server.RaftServerConfigKeys (ConfUtils.java:logGet(46)) - raft.server.log.queue.element-limit = 1024 (custom)
2023-06-22 21:36:59,308 [93c05b65-1d47-44de-af22-274bc9e484bb-groupManagement] INFO  server.RaftServerConfigKeys (ConfUtils.java:logGet(46)) - raft.server.log.segment.size.max = 1048576 (custom)
2023-06-22 21:36:59,308 [93c05b65-1d47-44de-af22-274bc9e484bb-groupManagement] INFO  server.RaftServerConfigKeys (ConfUtils.java:logGet(46)) - raft.server.log.preallocated.size = 16384 (custom)
2023-06-22 21:36:59,308 [93c05b65-1d47-44de-af22-274bc9e484bb-groupManagement] INFO  server.RaftServerConfigKeys (ConfUtils.java:logGet(46)) - raft.server.log.force.sync.num = 128 (default)
2023-06-22 21:36:59,308 [93c05b65-1d47-44de-af22-274bc9e484bb-groupManagement] INFO  server.RaftServerConfigKeys (ConfUtils.java:logGet(46)) - raft.server.log.statemachine.data.sync = true (default)
2023-06-22 21:36:59,308 [93c05b65-1d47-44de-af22-274bc9e484bb-groupManagement] INFO  server.RaftServerConfigKeys (ConfUtils.java:logGet(46)) - raft.server.log.statemachine.data.sync.timeout = 10s (default)
2023-06-22 21:36:59,308 [93c05b65-1d47-44de-af22-274bc9e484bb-groupManagement] INFO  server.RaftServerConfigKeys (ConfUtils.java:logGet(46)) - raft.server.log.statemachine.data.sync.timeout.retry = -1 (default)
2023-06-22 21:36:59,309 [93c05b65-1d47-44de-af22-274bc9e484bb-groupManagement] INFO  server.RaftServerConfigKeys (ConfUtils.java:logGet(46)) - raft.server.log.write.buffer.size = 1048576 (custom)
2023-06-22 21:36:59,309 [93c05b65-1d47-44de-af22-274bc9e484bb-groupManagement] INFO  server.RaftServerConfigKeys (ConfUtils.java:logGet(46)) - raft.server.log.appender.buffer.byte-limit = 33554432 (custom)
2023-06-22 21:36:59,314 [93c05b65-1d47-44de-af22-274bc9e484bb-groupManagement] INFO  server.RaftServerConfigKeys (ConfUtils.java:logGet(46)) - raft.server.log.unsafe-flush.enabled = false (default)
2023-06-22 21:36:59,315 [93c05b65-1d47-44de-af22-274bc9e484bb-groupManagement] INFO  server.RaftServerConfigKeys (ConfUtils.java:logGet(46)) - raft.server.log.async-flush.enabled = false (default)
2023-06-22 21:36:59,315 [93c05b65-1d47-44de-af22-274bc9e484bb-groupManagement] INFO  server.RaftServerConfigKeys (ConfUtils.java:logGet(46)) - raft.server.log.statemachine.data.caching.enabled = true (custom)
2023-06-22 21:36:59,315 [93c05b65-1d47-44de-af22-274bc9e484bb-groupManagement] INFO  segmented.SegmentedRaftLogWorker (SegmentedRaftLogWorker.java:lambda$new$0(135)) - 93c05b65-1d47-44de-af22-274bc9e484bb@group-A653292F152E-SegmentedRaftLogWorker: flushIndex: setUnconditionally 0 -> -1
2023-06-22 21:36:59,315 [93c05b65-1d47-44de-af22-274bc9e484bb-groupManagement] INFO  segmented.SegmentedRaftLogWorker (SegmentedRaftLogWorker.java:lambda$new$0(135)) - 93c05b65-1d47-44de-af22-274bc9e484bb@group-A653292F152E-SegmentedRaftLogWorker: safeCacheEvictIndex: setUnconditionally 0 -> -1
2023-06-22 21:36:59,317 [93c05b65-1d47-44de-af22-274bc9e484bb-groupManagement] INFO  server.RaftServer$Division (RaftServerImpl.java:start(342)) - 93c05b65-1d47-44de-af22-274bc9e484bb@group-A653292F152E: start as a follower, conf=-1: peers:[93c05b65-1d47-44de-af22-274bc9e484bb|rpc:10.1.1.69:15067|admin:10.1.1.69:15066|client:10.1.1.69:15065|dataStream:10.1.1.69:15068|priority:1|startupRole:FOLLOWER, 65b54071-31d6-4bc0-82c0-f363a9aa9754|rpc:10.1.1.69:15076|admin:10.1.1.69:15075|client:10.1.1.69:15074|dataStream:10.1.1.69:15077|priority:0|startupRole:FOLLOWER, 599df4a6-6b73-4cda-a21a-cae0798e8b5d|rpc:10.1.1.69:15085|admin:10.1.1.69:15084|client:10.1.1.69:15083|dataStream:10.1.1.69:15086|priority:0|startupRole:FOLLOWER]|listeners:[], old=null
2023-06-22 21:36:59,317 [93c05b65-1d47-44de-af22-274bc9e484bb-groupManagement] INFO  server.RaftServer$Division (RaftServerImpl.java:setRole(329)) - 93c05b65-1d47-44de-af22-274bc9e484bb@group-A653292F152E: changes role from      null to FOLLOWER at term 0 for startAsFollower
2023-06-22 21:36:59,317 [93c05b65-1d47-44de-af22-274bc9e484bb-groupManagement] INFO  impl.RoleInfo (RoleInfo.java:updateAndGet(139)) - 93c05b65-1d47-44de-af22-274bc9e484bb: start 93c05b65-1d47-44de-af22-274bc9e484bb@group-A653292F152E-FollowerState
2023-06-22 21:36:59,320 [93c05b65-1d47-44de-af22-274bc9e484bb-groupManagement] INFO  util.JmxRegister (JmxRegister.java:tryRegister(44)) - Successfully registered JMX Bean with object name Ratis:service=RaftServer,group=group-A653292F152E,id=93c05b65-1d47-44de-af22-274bc9e484bb
2023-06-22 21:36:59,320 [93c05b65-1d47-44de-af22-274bc9e484bb-groupManagement] INFO  server.RaftServerConfigKeys (ConfUtils.java:logGet(46)) - raft.server.snapshot.auto.trigger.enabled = true (custom)
2023-06-22 21:36:59,320 [93c05b65-1d47-44de-af22-274bc9e484bb-groupManagement] INFO  server.RaftServerConfigKeys (ConfUtils.java:logGet(46)) - raft.server.snapshot.auto.trigger.threshold = 10000 (custom)
2023-06-22 21:36:59,321 [93c05b65-1d47-44de-af22-274bc9e484bb-groupManagement] INFO  server.RaftServerConfigKeys (ConfUtils.java:logGet(46)) - raft.server.snapshot.retention.file.num = 5 (custom)
2023-06-22 21:36:59,321 [93c05b65-1d47-44de-af22-274bc9e484bb-groupManagement] INFO  server.RaftServerConfigKeys (ConfUtils.java:logGet(46)) - raft.server.log.purge.upto.snapshot.index = false (default)
2023-06-22 21:36:59,321 [93c05b65-1d47-44de-af22-274bc9e484bb@group-A653292F152E-FollowerState] INFO  server.RaftServerConfigKeys (ConfUtils.java:logFallback(53)) - raft.server.rpc.first-election.timeout.min = 5s (fallback to raft.server.rpc.timeout.min)
2023-06-22 21:36:59,321 [93c05b65-1d47-44de-af22-274bc9e484bb@group-A653292F152E-FollowerState] INFO  server.RaftServerConfigKeys (ConfUtils.java:logFallback(53)) - raft.server.rpc.first-election.timeout.max = 5200ms (fallback to raft.server.rpc.timeout.max)
2023-06-22 21:36:59,322 [PipelineCommandHandlerThread-0] INFO  ratis.XceiverServerRatis (XceiverServerRatis.java:addGroup(804)) - Created group PipelineID=c4c46cff-2612-4f86-abb0-a653292f152e
2023-06-22 21:36:59,333 [grpc-default-executor-4] INFO  server.RaftServer (RaftServerProxy.java:addNew(98)) - 65b54071-31d6-4bc0-82c0-f363a9aa9754: addNew group-A653292F152E:[93c05b65-1d47-44de-af22-274bc9e484bb|rpc:10.1.1.69:15067|admin:10.1.1.69:15066|client:10.1.1.69:15065|dataStream:10.1.1.69:15068|priority:1|startupRole:FOLLOWER, 65b54071-31d6-4bc0-82c0-f363a9aa9754|rpc:10.1.1.69:15076|admin:10.1.1.69:15075|client:10.1.1.69:15074|dataStream:10.1.1.69:15077|priority:0|startupRole:FOLLOWER, 599df4a6-6b73-4cda-a21a-cae0798e8b5d|rpc:10.1.1.69:15085|admin:10.1.1.69:15084|client:10.1.1.69:15083|dataStream:10.1.1.69:15086|priority:0|startupRole:FOLLOWER] returns group-A653292F152E:java.util.concurrent.CompletableFuture@70906066[Not completed]
2023-06-22 21:36:59,335 [65b54071-31d6-4bc0-82c0-f363a9aa9754-groupManagement] INFO  server.RaftServer$Division (RaftServerImpl.java:<init>(198)) - 65b54071-31d6-4bc0-82c0-f363a9aa9754: new RaftServerImpl for group-A653292F152E:[93c05b65-1d47-44de-af22-274bc9e484bb|rpc:10.1.1.69:15067|admin:10.1.1.69:15066|client:10.1.1.69:15065|dataStream:10.1.1.69:15068|priority:1|startupRole:FOLLOWER, 65b54071-31d6-4bc0-82c0-f363a9aa9754|rpc:10.1.1.69:15076|admin:10.1.1.69:15075|client:10.1.1.69:15074|dataStream:10.1.1.69:15077|priority:0|startupRole:FOLLOWER, 599df4a6-6b73-4cda-a21a-cae0798e8b5d|rpc:10.1.1.69:15085|admin:10.1.1.69:15084|client:10.1.1.69:15083|dataStream:10.1.1.69:15086|priority:0|startupRole:FOLLOWER] with ContainerStateMachine:uninitialized
2023-06-22 21:36:59,335 [65b54071-31d6-4bc0-82c0-f363a9aa9754-groupManagement] INFO  server.RaftServerConfigKeys (ConfUtils.java:logGet(46)) - raft.server.rpc.timeout.min = 5s (custom)
2023-06-22 21:36:59,335 [65b54071-31d6-4bc0-82c0-f363a9aa9754-groupManagement] INFO  server.RaftServerConfigKeys (ConfUtils.java:logGet(46)) - raft.server.rpc.timeout.max = 5200ms (custom)
2023-06-22 21:36:59,335 [65b54071-31d6-4bc0-82c0-f363a9aa9754-groupManagement] INFO  server.RaftServerConfigKeys (ConfUtils.java:logGet(46)) - raft.server.rpc.sleep.time = 25ms (default)
2023-06-22 21:36:59,335 [65b54071-31d6-4bc0-82c0-f363a9aa9754-groupManagement] INFO  server.RaftServerConfigKeys (ConfUtils.java:logGet(46)) - raft.server.rpc.slowness.timeout = 300s (custom)
2023-06-22 21:36:59,335 [65b54071-31d6-4bc0-82c0-f363a9aa9754-groupManagement] INFO  server.RaftServerConfigKeys (ConfUtils.java:logGet(46)) - raft.server.leaderelection.leader.step-down.wait-time = 10s (default)
2023-06-22 21:36:59,335 [65b54071-31d6-4bc0-82c0-f363a9aa9754-groupManagement] INFO  server.RaftServerConfigKeys (ConfUtils.java:logGet(46)) - raft.server.sleep.deviation.threshold = 300ms (default)
2023-06-22 21:36:59,338 [65b54071-31d6-4bc0-82c0-f363a9aa9754-groupManagement] INFO  server.RaftServer$Division (ServerState.java:<init>(120)) - 65b54071-31d6-4bc0-82c0-f363a9aa9754@group-A653292F152E: ConfigurationManager, init=-1: peers:[93c05b65-1d47-44de-af22-274bc9e484bb|rpc:10.1.1.69:15067|admin:10.1.1.69:15066|client:10.1.1.69:15065|dataStream:10.1.1.69:15068|priority:1|startupRole:FOLLOWER, 65b54071-31d6-4bc0-82c0-f363a9aa9754|rpc:10.1.1.69:15076|admin:10.1.1.69:15075|client:10.1.1.69:15074|dataStream:10.1.1.69:15077|priority:0|startupRole:FOLLOWER, 599df4a6-6b73-4cda-a21a-cae0798e8b5d|rpc:10.1.1.69:15085|admin:10.1.1.69:15084|client:10.1.1.69:15083|dataStream:10.1.1.69:15086|priority:0|startupRole:FOLLOWER]|listeners:[], old=null, confs=<EMPTY_MAP>
2023-06-22 21:36:59,338 [65b54071-31d6-4bc0-82c0-f363a9aa9754-groupManagement] INFO  server.RaftServerConfigKeys (ConfUtils.java:logGet(46)) - raft.server.storage.dir = [/home/runner/work/ozone/ozone/hadoop-ozone/integration-test/target/test-dir/MiniOzoneClusterImpl-9e90c1de-1c56-491c-b259-3d04922b55fd/datanode-1/data/ratis] (custom)
2023-06-22 21:36:59,338 [65b54071-31d6-4bc0-82c0-f363a9aa9754-groupManagement] INFO  server.RaftServerConfigKeys (ConfUtils.java:logGet(46)) - raft.server.log.corruption.policy = EXCEPTION (default)
2023-06-22 21:36:59,338 [65b54071-31d6-4bc0-82c0-f363a9aa9754-groupManagement] INFO  server.RaftServerConfigKeys (ConfUtils.java:logGet(46)) - raft.server.storage.free-space.min = 0MB (=0) (default)
2023-06-22 21:36:59,338 [65b54071-31d6-4bc0-82c0-f363a9aa9754-groupManagement] INFO  server.RaftServerConfigKeys (ConfUtils.java:logGet(46)) - raft.server.notification.no-leader.timeout = 300s (custom)
2023-06-22 21:36:59,338 [65b54071-31d6-4bc0-82c0-f363a9aa9754-groupManagement] INFO  server.RaftServerConfigKeys (ConfUtils.java:logGet(46)) - raft.server.read.timeout = 10s (default)
2023-06-22 21:36:59,338 [65b54071-31d6-4bc0-82c0-f363a9aa9754-groupManagement] INFO  server.RaftServerConfigKeys (ConfUtils.java:logGet(46)) - raft.server.retrycache.expirytime = 600000ms (custom)
2023-06-22 21:36:59,338 [65b54071-31d6-4bc0-82c0-f363a9aa9754-groupManagement] INFO  server.RaftServerConfigKeys (ConfUtils.java:logGet(46)) - raft.server.retrycache.statistics.expirytime = 100μs (default)
2023-06-22 21:36:59,339 [65b54071-31d6-4bc0-82c0-f363a9aa9754-groupManagement] INFO  server.RaftServerConfigKeys (ConfUtils.java:logGet(46)) - raft.server.read.option = DEFAULT (default)
2023-06-22 21:36:59,339 [65b54071-31d6-4bc0-82c0-f363a9aa9754-groupManagement] INFO  server.RaftServerConfigKeys (ConfUtils.java:logGet(46)) - raft.server.rpc.request.timeout = 60s (custom)
2023-06-22 21:36:59,339 [65b54071-31d6-4bc0-82c0-f363a9aa9754-groupManagement] INFO  server.RaftServerConfigKeys (ConfUtils.java:logGet(46)) - raft.server.log.appender.install.snapshot.enabled = false (custom)
2023-06-22 21:36:59,339 [65b54071-31d6-4bc0-82c0-f363a9aa9754-groupManagement] INFO  server.RaftServerConfigKeys (ConfUtils.java:logGet(46)) - raft.server.threadpool.server.cached = true (default)
2023-06-22 21:36:59,339 [65b54071-31d6-4bc0-82c0-f363a9aa9754-groupManagement] INFO  server.RaftServerConfigKeys (ConfUtils.java:logGet(46)) - raft.server.threadpool.server.size = 0 (default)
2023-06-22 21:36:59,340 [65b54071-31d6-4bc0-82c0-f363a9aa9754-groupManagement] INFO  server.RaftServerConfigKeys (ConfUtils.java:logGet(46)) - raft.server.threadpool.client.cached = true (default)
2023-06-22 21:36:59,340 [65b54071-31d6-4bc0-82c0-f363a9aa9754-groupManagement] INFO  server.RaftServerConfigKeys (ConfUtils.java:logGet(46)) - raft.server.threadpool.client.size = 0 (default)
2023-06-22 21:36:59,340 [65b54071-31d6-4bc0-82c0-f363a9aa9754-groupManagement] INFO  storage.RaftStorageDirectory (RaftStorageDirectoryImpl.java:analyzeStorage(137)) - The storage directory /home/runner/work/ozone/ozone/hadoop-ozone/integration-test/target/test-dir/MiniOzoneClusterImpl-9e90c1de-1c56-491c-b259-3d04922b55fd/datanode-1/data/ratis/c4c46cff-2612-4f86-abb0-a653292f152e does not exist. Creating ...
2023-06-22 21:36:59,341 [65b54071-31d6-4bc0-82c0-f363a9aa9754-groupManagement] INFO  storage.RaftStorageDirectory (RaftStorageDirectoryImpl.java:tryLock(231)) - Lock on /home/runner/work/ozone/ozone/hadoop-ozone/integration-test/target/test-dir/MiniOzoneClusterImpl-9e90c1de-1c56-491c-b259-3d04922b55fd/datanode-1/data/ratis/c4c46cff-2612-4f86-abb0-a653292f152e/in_use.lock acquired by nodename 41615@fv-az504-135
2023-06-22 21:36:59,343 [65b54071-31d6-4bc0-82c0-f363a9aa9754-groupManagement] INFO  storage.RaftStorage (RaftStorageImpl.java:format(96)) - Storage directory /home/runner/work/ozone/ozone/hadoop-ozone/integration-test/target/test-dir/MiniOzoneClusterImpl-9e90c1de-1c56-491c-b259-3d04922b55fd/datanode-1/data/ratis/c4c46cff-2612-4f86-abb0-a653292f152e has been successfully formatted.
2023-06-22 21:36:59,345 [65b54071-31d6-4bc0-82c0-f363a9aa9754-groupManagement] INFO  ratis.ContainerStateMachine (ContainerStateMachine.java:loadSnapshot(262)) - group-A653292F152E: The snapshot info is null. Setting the last applied indexto:(t:0, i:~)
2023-06-22 21:36:59,345 [65b54071-31d6-4bc0-82c0-f363a9aa9754-groupManagement] INFO  server.RaftServerConfigKeys (ConfUtils.java:logGet(46)) - raft.server.log.use.memory = false (default)
2023-06-22 21:36:59,345 [65b54071-31d6-4bc0-82c0-f363a9aa9754-groupManagement] INFO  server.RaftServerConfigKeys (ConfUtils.java:logGet(46)) - raft.server.log.purge.gap = 1000000 (custom)
2023-06-22 21:36:59,346 [65b54071-31d6-4bc0-82c0-f363a9aa9754-groupManagement] INFO  server.RaftServerConfigKeys (ConfUtils.java:logGet(46)) - raft.server.log.appender.buffer.byte-limit = 33554432 (custom)
2023-06-22 21:36:59,346 [65b54071-31d6-4bc0-82c0-f363a9aa9754-groupManagement] INFO  server.RaftServerConfigKeys (ConfUtils.java:logGet(46)) - raft.server.log.statemachine.data.read.timeout = 1000ms (default)
2023-06-22 21:36:59,346 [65b54071-31d6-4bc0-82c0-f363a9aa9754-groupManagement] INFO  server.RaftServerConfigKeys (ConfUtils.java:logGet(46)) - raft.server.log.purge.preservation.log.num = 0 (default)
2023-06-22 21:36:59,353 [65b54071-31d6-4bc0-82c0-f363a9aa9754-groupManagement] INFO  server.RaftServerConfigKeys (ConfUtils.java:logGet(46)) - raft.server.log.segment.size.max = 1048576 (custom)
2023-06-22 21:36:59,354 [65b54071-31d6-4bc0-82c0-f363a9aa9754-groupManagement] INFO  server.RaftServerConfigKeys (ConfUtils.java:logGet(46)) - raft.server.log.segment.cache.num.max = 2 (custom)
2023-06-22 21:36:59,354 [65b54071-31d6-4bc0-82c0-f363a9aa9754-groupManagement] INFO  server.RaftServerConfigKeys (ConfUtils.java:logGet(46)) - raft.server.log.segment.cache.size.max = 200MB (=209715200) (default)
2023-06-22 21:36:59,354 [65b54071-31d6-4bc0-82c0-f363a9aa9754-groupManagement] INFO  server.RaftServerConfigKeys (ConfUtils.java:logGet(46)) - raft.server.log.appender.buffer.byte-limit = 33554432 (custom)
2023-06-22 21:36:59,354 [65b54071-31d6-4bc0-82c0-f363a9aa9754-groupManagement] INFO  segmented.SegmentedRaftLogWorker (SegmentedRaftLogWorker.java:<init>(188)) - new 65b54071-31d6-4bc0-82c0-f363a9aa9754@group-A653292F152E-SegmentedRaftLogWorker for RaftStorageImpl:Storage Directory /home/runner/work/ozone/ozone/hadoop-ozone/integration-test/target/test-dir/MiniOzoneClusterImpl-9e90c1de-1c56-491c-b259-3d04922b55fd/datanode-1/data/ratis/c4c46cff-2612-4f86-abb0-a653292f152e
2023-06-22 21:36:59,354 [65b54071-31d6-4bc0-82c0-f363a9aa9754-groupManagement] INFO  server.RaftServerConfigKeys (ConfUtils.java:logGet(46)) - raft.server.log.queue.byte-limit = 4294967296 (custom)
2023-06-22 21:36:59,354 [65b54071-31d6-4bc0-82c0-f363a9aa9754-groupManagement] INFO  server.RaftServerConfigKeys (ConfUtils.java:logGet(46)) - raft.server.log.queue.element-limit = 1024 (custom)
2023-06-22 21:36:59,354 [65b54071-31d6-4bc0-82c0-f363a9aa9754-groupManagement] INFO  server.RaftServerConfigKeys (ConfUtils.java:logGet(46)) - raft.server.log.segment.size.max = 1048576 (custom)
2023-06-22 21:36:59,354 [65b54071-31d6-4bc0-82c0-f363a9aa9754-groupManagement] INFO  server.RaftServerConfigKeys (ConfUtils.java:logGet(46)) - raft.server.log.preallocated.size = 16384 (custom)
2023-06-22 21:36:59,354 [65b54071-31d6-4bc0-82c0-f363a9aa9754-groupManagement] INFO  server.RaftServerConfigKeys (ConfUtils.java:logGet(46)) - raft.server.log.force.sync.num = 128 (default)
2023-06-22 21:36:59,354 [65b54071-31d6-4bc0-82c0-f363a9aa9754-groupManagement] INFO  server.RaftServerConfigKeys (ConfUtils.java:logGet(46)) - raft.server.log.statemachine.data.sync = true (default)
2023-06-22 21:36:59,354 [65b54071-31d6-4bc0-82c0-f363a9aa9754-groupManagement] INFO  server.RaftServerConfigKeys (ConfUtils.java:logGet(46)) - raft.server.log.statemachine.data.sync.timeout = 10s (default)
2023-06-22 21:36:59,354 [65b54071-31d6-4bc0-82c0-f363a9aa9754-groupManagement] INFO  server.RaftServerConfigKeys (ConfUtils.java:logGet(46)) - raft.server.log.statemachine.data.sync.timeout.retry = -1 (default)
2023-06-22 21:36:59,355 [65b54071-31d6-4bc0-82c0-f363a9aa9754-groupManagement] INFO  server.RaftServerConfigKeys (ConfUtils.java:logGet(46)) - raft.server.log.write.buffer.size = 1048576 (custom)
2023-06-22 21:36:59,356 [65b54071-31d6-4bc0-82c0-f363a9aa9754-groupManagement] INFO  server.RaftServerConfigKeys (ConfUtils.java:logGet(46)) - raft.server.log.appender.buffer.byte-limit = 33554432 (custom)
2023-06-22 21:36:59,361 [65b54071-31d6-4bc0-82c0-f363a9aa9754-groupManagement] INFO  server.RaftServerConfigKeys (ConfUtils.java:logGet(46)) - raft.server.log.unsafe-flush.enabled = false (default)
2023-06-22 21:36:59,361 [65b54071-31d6-4bc0-82c0-f363a9aa9754-groupManagement] INFO  server.RaftServerConfigKeys (ConfUtils.java:logGet(46)) - raft.server.log.async-flush.enabled = false (default)
2023-06-22 21:36:59,361 [65b54071-31d6-4bc0-82c0-f363a9aa9754-groupManagement] INFO  server.RaftServerConfigKeys (ConfUtils.java:logGet(46)) - raft.server.log.statemachine.data.caching.enabled = true (custom)
2023-06-22 21:36:59,362 [65b54071-31d6-4bc0-82c0-f363a9aa9754-groupManagement] INFO  segmented.SegmentedRaftLogWorker (SegmentedRaftLogWorker.java:lambda$new$0(135)) - 65b54071-31d6-4bc0-82c0-f363a9aa9754@group-A653292F152E-SegmentedRaftLogWorker: flushIndex: setUnconditionally 0 -> -1
2023-06-22 21:36:59,362 [65b54071-31d6-4bc0-82c0-f363a9aa9754-groupManagement] INFO  segmented.SegmentedRaftLogWorker (SegmentedRaftLogWorker.java:lambda$new$0(135)) - 65b54071-31d6-4bc0-82c0-f363a9aa9754@group-A653292F152E-SegmentedRaftLogWorker: safeCacheEvictIndex: setUnconditionally 0 -> -1
2023-06-22 21:36:59,364 [65b54071-31d6-4bc0-82c0-f363a9aa9754-groupManagement] INFO  server.RaftServer$Division (RaftServerImpl.java:start(342)) - 65b54071-31d6-4bc0-82c0-f363a9aa9754@group-A653292F152E: start as a follower, conf=-1: peers:[93c05b65-1d47-44de-af22-274bc9e484bb|rpc:10.1.1.69:15067|admin:10.1.1.69:15066|client:10.1.1.69:15065|dataStream:10.1.1.69:15068|priority:1|startupRole:FOLLOWER, 65b54071-31d6-4bc0-82c0-f363a9aa9754|rpc:10.1.1.69:15076|admin:10.1.1.69:15075|client:10.1.1.69:15074|dataStream:10.1.1.69:15077|priority:0|startupRole:FOLLOWER, 599df4a6-6b73-4cda-a21a-cae0798e8b5d|rpc:10.1.1.69:15085|admin:10.1.1.69:15084|client:10.1.1.69:15083|dataStream:10.1.1.69:15086|priority:0|startupRole:FOLLOWER]|listeners:[], old=null
2023-06-22 21:36:59,364 [65b54071-31d6-4bc0-82c0-f363a9aa9754-groupManagement] INFO  server.RaftServer$Division (RaftServerImpl.java:setRole(329)) - 65b54071-31d6-4bc0-82c0-f363a9aa9754@group-A653292F152E: changes role from      null to FOLLOWER at term 0 for startAsFollower
2023-06-22 21:36:59,364 [65b54071-31d6-4bc0-82c0-f363a9aa9754-groupManagement] INFO  impl.RoleInfo (RoleInfo.java:updateAndGet(139)) - 65b54071-31d6-4bc0-82c0-f363a9aa9754: start 65b54071-31d6-4bc0-82c0-f363a9aa9754@group-A653292F152E-FollowerState
2023-06-22 21:36:59,365 [65b54071-31d6-4bc0-82c0-f363a9aa9754-groupManagement] INFO  util.JmxRegister (JmxRegister.java:tryRegister(44)) - Successfully registered JMX Bean with object name Ratis:service=RaftServer,group=group-A653292F152E,id=65b54071-31d6-4bc0-82c0-f363a9aa9754
2023-06-22 21:36:59,365 [65b54071-31d6-4bc0-82c0-f363a9aa9754-groupManagement] INFO  server.RaftServerConfigKeys (ConfUtils.java:logGet(46)) - raft.server.snapshot.auto.trigger.enabled = true (custom)
2023-06-22 21:36:59,365 [65b54071-31d6-4bc0-82c0-f363a9aa9754-groupManagement] INFO  server.RaftServerConfigKeys (ConfUtils.java:logGet(46)) - raft.server.snapshot.auto.trigger.threshold = 10000 (custom)
2023-06-22 21:36:59,365 [65b54071-31d6-4bc0-82c0-f363a9aa9754-groupManagement] INFO  server.RaftServerConfigKeys (ConfUtils.java:logGet(46)) - raft.server.snapshot.retention.file.num = 5 (custom)
2023-06-22 21:36:59,365 [65b54071-31d6-4bc0-82c0-f363a9aa9754-groupManagement] INFO  server.RaftServerConfigKeys (ConfUtils.java:logGet(46)) - raft.server.log.purge.upto.snapshot.index = false (default)
2023-06-22 21:36:59,366 [65b54071-31d6-4bc0-82c0-f363a9aa9754@group-A653292F152E-FollowerState] INFO  server.RaftServerConfigKeys (ConfUtils.java:logFallback(53)) - raft.server.rpc.first-election.timeout.min = 5s (fallback to raft.server.rpc.timeout.min)
2023-06-22 21:36:59,366 [65b54071-31d6-4bc0-82c0-f363a9aa9754@group-A653292F152E-FollowerState] INFO  server.RaftServerConfigKeys (ConfUtils.java:logFallback(53)) - raft.server.rpc.first-election.timeout.max = 5200ms (fallback to raft.server.rpc.timeout.max)
2023-06-22 21:36:59,393 [grpc-default-executor-4] INFO  server.RaftServer (RaftServerProxy.java:addNew(98)) - 599df4a6-6b73-4cda-a21a-cae0798e8b5d: addNew group-A653292F152E:[93c05b65-1d47-44de-af22-274bc9e484bb|rpc:10.1.1.69:15067|admin:10.1.1.69:15066|client:10.1.1.69:15065|dataStream:10.1.1.69:15068|priority:1|startupRole:FOLLOWER, 65b54071-31d6-4bc0-82c0-f363a9aa9754|rpc:10.1.1.69:15076|admin:10.1.1.69:15075|client:10.1.1.69:15074|dataStream:10.1.1.69:15077|priority:0|startupRole:FOLLOWER, 599df4a6-6b73-4cda-a21a-cae0798e8b5d|rpc:10.1.1.69:15085|admin:10.1.1.69:15084|client:10.1.1.69:15083|dataStream:10.1.1.69:15086|priority:0|startupRole:FOLLOWER] returns group-A653292F152E:java.util.concurrent.CompletableFuture@13980e31[Not completed]
2023-06-22 21:36:59,395 [599df4a6-6b73-4cda-a21a-cae0798e8b5d-groupManagement] INFO  server.RaftServer$Division (RaftServerImpl.java:<init>(198)) - 599df4a6-6b73-4cda-a21a-cae0798e8b5d: new RaftServerImpl for group-A653292F152E:[93c05b65-1d47-44de-af22-274bc9e484bb|rpc:10.1.1.69:15067|admin:10.1.1.69:15066|client:10.1.1.69:15065|dataStream:10.1.1.69:15068|priority:1|startupRole:FOLLOWER, 65b54071-31d6-4bc0-82c0-f363a9aa9754|rpc:10.1.1.69:15076|admin:10.1.1.69:15075|client:10.1.1.69:15074|dataStream:10.1.1.69:15077|priority:0|startupRole:FOLLOWER, 599df4a6-6b73-4cda-a21a-cae0798e8b5d|rpc:10.1.1.69:15085|admin:10.1.1.69:15084|client:10.1.1.69:15083|dataStream:10.1.1.69:15086|priority:0|startupRole:FOLLOWER] with ContainerStateMachine:uninitialized
2023-06-22 21:36:59,395 [599df4a6-6b73-4cda-a21a-cae0798e8b5d-groupManagement] INFO  server.RaftServerConfigKeys (ConfUtils.java:logGet(46)) - raft.server.rpc.timeout.min = 5s (custom)
2023-06-22 21:36:59,395 [599df4a6-6b73-4cda-a21a-cae0798e8b5d-groupManagement] INFO  server.RaftServerConfigKeys (ConfUtils.java:logGet(46)) - raft.server.rpc.timeout.max = 5200ms (custom)
2023-06-22 21:36:59,395 [599df4a6-6b73-4cda-a21a-cae0798e8b5d-groupManagement] INFO  server.RaftServerConfigKeys (ConfUtils.java:logGet(46)) - raft.server.rpc.sleep.time = 25ms (default)
2023-06-22 21:36:59,395 [599df4a6-6b73-4cda-a21a-cae0798e8b5d-groupManagement] INFO  server.RaftServerConfigKeys (ConfUtils.java:logGet(46)) - raft.server.rpc.slowness.timeout = 300s (custom)
2023-06-22 21:36:59,395 [599df4a6-6b73-4cda-a21a-cae0798e8b5d-groupManagement] INFO  server.RaftServerConfigKeys (ConfUtils.java:logGet(46)) - raft.server.leaderelection.leader.step-down.wait-time = 10s (default)
2023-06-22 21:36:59,395 [599df4a6-6b73-4cda-a21a-cae0798e8b5d-groupManagement] INFO  server.RaftServerConfigKeys (ConfUtils.java:logGet(46)) - raft.server.sleep.deviation.threshold = 300ms (default)
2023-06-22 21:36:59,396 [599df4a6-6b73-4cda-a21a-cae0798e8b5d-groupManagement] INFO  server.RaftServer$Division (ServerState.java:<init>(120)) - 599df4a6-6b73-4cda-a21a-cae0798e8b5d@group-A653292F152E: ConfigurationManager, init=-1: peers:[93c05b65-1d47-44de-af22-274bc9e484bb|rpc:10.1.1.69:15067|admin:10.1.1.69:15066|client:10.1.1.69:15065|dataStream:10.1.1.69:15068|priority:1|startupRole:FOLLOWER, 65b54071-31d6-4bc0-82c0-f363a9aa9754|rpc:10.1.1.69:15076|admin:10.1.1.69:15075|client:10.1.1.69:15074|dataStream:10.1.1.69:15077|priority:0|startupRole:FOLLOWER, 599df4a6-6b73-4cda-a21a-cae0798e8b5d|rpc:10.1.1.69:15085|admin:10.1.1.69:15084|client:10.1.1.69:15083|dataStream:10.1.1.69:15086|priority:0|startupRole:FOLLOWER]|listeners:[], old=null, confs=<EMPTY_MAP>
2023-06-22 21:36:59,396 [599df4a6-6b73-4cda-a21a-cae0798e8b5d-groupManagement] INFO  server.RaftServerConfigKeys (ConfUtils.java:logGet(46)) - raft.server.storage.dir = [/home/runner/work/ozone/ozone/hadoop-ozone/integration-test/target/test-dir/MiniOzoneClusterImpl-9e90c1de-1c56-491c-b259-3d04922b55fd/datanode-2/data/ratis] (custom)
2023-06-22 21:36:59,396 [599df4a6-6b73-4cda-a21a-cae0798e8b5d-groupManagement] INFO  server.RaftServerConfigKeys (ConfUtils.java:logGet(46)) - raft.server.log.corruption.policy = EXCEPTION (default)
2023-06-22 21:36:59,396 [599df4a6-6b73-4cda-a21a-cae0798e8b5d-groupManagement] INFO  server.RaftServerConfigKeys (ConfUtils.java:logGet(46)) - raft.server.storage.free-space.min = 0MB (=0) (default)
2023-06-22 21:36:59,397 [599df4a6-6b73-4cda-a21a-cae0798e8b5d-groupManagement] INFO  server.RaftServerConfigKeys (ConfUtils.java:logGet(46)) - raft.server.notification.no-leader.timeout = 300s (custom)
2023-06-22 21:36:59,397 [599df4a6-6b73-4cda-a21a-cae0798e8b5d-groupManagement] INFO  server.RaftServerConfigKeys (ConfUtils.java:logGet(46)) - raft.server.read.timeout = 10s (default)
2023-06-22 21:36:59,397 [599df4a6-6b73-4cda-a21a-cae0798e8b5d-groupManagement] INFO  server.RaftServerConfigKeys (ConfUtils.java:logGet(46)) - raft.server.retrycache.expirytime = 600000ms (custom)
2023-06-22 21:36:59,397 [599df4a6-6b73-4cda-a21a-cae0798e8b5d-groupManagement] INFO  server.RaftServerConfigKeys (ConfUtils.java:logGet(46)) - raft.server.retrycache.statistics.expirytime = 100μs (default)
2023-06-22 21:36:59,398 [599df4a6-6b73-4cda-a21a-cae0798e8b5d-groupManagement] INFO  server.RaftServerConfigKeys (ConfUtils.java:logGet(46)) - raft.server.read.option = DEFAULT (default)
2023-06-22 21:36:59,399 [599df4a6-6b73-4cda-a21a-cae0798e8b5d-groupManagement] INFO  server.RaftServerConfigKeys (ConfUtils.java:logGet(46)) - raft.server.rpc.request.timeout = 60s (custom)
2023-06-22 21:36:59,399 [599df4a6-6b73-4cda-a21a-cae0798e8b5d-groupManagement] INFO  server.RaftServerConfigKeys (ConfUtils.java:logGet(46)) - raft.server.log.appender.install.snapshot.enabled = false (custom)
2023-06-22 21:36:59,399 [599df4a6-6b73-4cda-a21a-cae0798e8b5d-groupManagement] INFO  server.RaftServerConfigKeys (ConfUtils.java:logGet(46)) - raft.server.threadpool.server.cached = true (default)
2023-06-22 21:36:59,399 [599df4a6-6b73-4cda-a21a-cae0798e8b5d-groupManagement] INFO  server.RaftServerConfigKeys (ConfUtils.java:logGet(46)) - raft.server.threadpool.server.size = 0 (default)
2023-06-22 21:36:59,399 [599df4a6-6b73-4cda-a21a-cae0798e8b5d-groupManagement] INFO  server.RaftServerConfigKeys (ConfUtils.java:logGet(46)) - raft.server.threadpool.client.cached = true (default)
2023-06-22 21:36:59,399 [599df4a6-6b73-4cda-a21a-cae0798e8b5d-groupManagement] INFO  server.RaftServerConfigKeys (ConfUtils.java:logGet(46)) - raft.server.threadpool.client.size = 0 (default)
2023-06-22 21:36:59,399 [599df4a6-6b73-4cda-a21a-cae0798e8b5d-groupManagement] INFO  storage.RaftStorageDirectory (RaftStorageDirectoryImpl.java:analyzeStorage(137)) - The storage directory /home/runner/work/ozone/ozone/hadoop-ozone/integration-test/target/test-dir/MiniOzoneClusterImpl-9e90c1de-1c56-491c-b259-3d04922b55fd/datanode-2/data/ratis/c4c46cff-2612-4f86-abb0-a653292f152e does not exist. Creating ...
2023-06-22 21:36:59,400 [599df4a6-6b73-4cda-a21a-cae0798e8b5d-groupManagement] INFO  storage.RaftStorageDirectory (RaftStorageDirectoryImpl.java:tryLock(231)) - Lock on /home/runner/work/ozone/ozone/hadoop-ozone/integration-test/target/test-dir/MiniOzoneClusterImpl-9e90c1de-1c56-491c-b259-3d04922b55fd/datanode-2/data/ratis/c4c46cff-2612-4f86-abb0-a653292f152e/in_use.lock acquired by nodename 41615@fv-az504-135
2023-06-22 21:36:59,402 [599df4a6-6b73-4cda-a21a-cae0798e8b5d-groupManagement] INFO  storage.RaftStorage (RaftStorageImpl.java:format(96)) - Storage directory /home/runner/work/ozone/ozone/hadoop-ozone/integration-test/target/test-dir/MiniOzoneClusterImpl-9e90c1de-1c56-491c-b259-3d04922b55fd/datanode-2/data/ratis/c4c46cff-2612-4f86-abb0-a653292f152e has been successfully formatted.
2023-06-22 21:36:59,403 [599df4a6-6b73-4cda-a21a-cae0798e8b5d-groupManagement] INFO  ratis.ContainerStateMachine (ContainerStateMachine.java:loadSnapshot(262)) - group-A653292F152E: The snapshot info is null. Setting the last applied indexto:(t:0, i:~)
2023-06-22 21:36:59,403 [599df4a6-6b73-4cda-a21a-cae0798e8b5d-groupManagement] INFO  server.RaftServerConfigKeys (ConfUtils.java:logGet(46)) - raft.server.log.use.memory = false (default)
2023-06-22 21:36:59,403 [599df4a6-6b73-4cda-a21a-cae0798e8b5d-groupManagement] INFO  server.RaftServerConfigKeys (ConfUtils.java:logGet(46)) - raft.server.log.purge.gap = 1000000 (custom)
2023-06-22 21:36:59,403 [599df4a6-6b73-4cda-a21a-cae0798e8b5d-groupManagement] INFO  server.RaftServerConfigKeys (ConfUtils.java:logGet(46)) - raft.server.log.appender.buffer.byte-limit = 33554432 (custom)
2023-06-22 21:36:59,404 [599df4a6-6b73-4cda-a21a-cae0798e8b5d-groupManagement] INFO  server.RaftServerConfigKeys (ConfUtils.java:logGet(46)) - raft.server.log.statemachine.data.read.timeout = 1000ms (default)
2023-06-22 21:36:59,404 [599df4a6-6b73-4cda-a21a-cae0798e8b5d-groupManagement] INFO  server.RaftServerConfigKeys (ConfUtils.java:logGet(46)) - raft.server.log.purge.preservation.log.num = 0 (default)
2023-06-22 21:36:59,404 [599df4a6-6b73-4cda-a21a-cae0798e8b5d-groupManagement] INFO  server.RaftServerConfigKeys (ConfUtils.java:logGet(46)) - raft.server.log.segment.size.max = 1048576 (custom)
2023-06-22 21:36:59,405 [599df4a6-6b73-4cda-a21a-cae0798e8b5d-groupManagement] INFO  server.RaftServerConfigKeys (ConfUtils.java:logGet(46)) - raft.server.log.segment.cache.num.max = 2 (custom)
2023-06-22 21:36:59,405 [599df4a6-6b73-4cda-a21a-cae0798e8b5d-groupManagement] INFO  server.RaftServerConfigKeys (ConfUtils.java:logGet(46)) - raft.server.log.segment.cache.size.max = 200MB (=209715200) (default)
2023-06-22 21:36:59,405 [599df4a6-6b73-4cda-a21a-cae0798e8b5d-groupManagement] INFO  server.RaftServerConfigKeys (ConfUtils.java:logGet(46)) - raft.server.log.appender.buffer.byte-limit = 33554432 (custom)
2023-06-22 21:36:59,405 [599df4a6-6b73-4cda-a21a-cae0798e8b5d-groupManagement] INFO  segmented.SegmentedRaftLogWorker (SegmentedRaftLogWorker.java:<init>(188)) - new 599df4a6-6b73-4cda-a21a-cae0798e8b5d@group-A653292F152E-SegmentedRaftLogWorker for RaftStorageImpl:Storage Directory /home/runner/work/ozone/ozone/hadoop-ozone/integration-test/target/test-dir/MiniOzoneClusterImpl-9e90c1de-1c56-491c-b259-3d04922b55fd/datanode-2/data/ratis/c4c46cff-2612-4f86-abb0-a653292f152e
2023-06-22 21:36:59,405 [599df4a6-6b73-4cda-a21a-cae0798e8b5d-groupManagement] INFO  server.RaftServerConfigKeys (ConfUtils.java:logGet(46)) - raft.server.log.queue.byte-limit = 4294967296 (custom)
2023-06-22 21:36:59,405 [599df4a6-6b73-4cda-a21a-cae0798e8b5d-groupManagement] INFO  server.RaftServerConfigKeys (ConfUtils.java:logGet(46)) - raft.server.log.queue.element-limit = 1024 (custom)
2023-06-22 21:36:59,405 [599df4a6-6b73-4cda-a21a-cae0798e8b5d-groupManagement] INFO  server.RaftServerConfigKeys (ConfUtils.java:logGet(46)) - raft.server.log.segment.size.max = 1048576 (custom)
2023-06-22 21:36:59,405 [599df4a6-6b73-4cda-a21a-cae0798e8b5d-groupManagement] INFO  server.RaftServerConfigKeys (ConfUtils.java:logGet(46)) - raft.server.log.preallocated.size = 16384 (custom)
2023-06-22 21:36:59,405 [599df4a6-6b73-4cda-a21a-cae0798e8b5d-groupManagement] INFO  server.RaftServerConfigKeys (ConfUtils.java:logGet(46)) - raft.server.log.force.sync.num = 128 (default)
2023-06-22 21:36:59,405 [599df4a6-6b73-4cda-a21a-cae0798e8b5d-groupManagement] INFO  server.RaftServerConfigKeys (ConfUtils.java:logGet(46)) - raft.server.log.statemachine.data.sync = true (default)
2023-06-22 21:36:59,405 [599df4a6-6b73-4cda-a21a-cae0798e8b5d-groupManagement] INFO  server.RaftServerConfigKeys (ConfUtils.java:logGet(46)) - raft.server.log.statemachine.data.sync.timeout = 10s (default)
2023-06-22 21:36:59,405 [599df4a6-6b73-4cda-a21a-cae0798e8b5d-groupManagement] INFO  server.RaftServerConfigKeys (ConfUtils.java:logGet(46)) - raft.server.log.statemachine.data.sync.timeout.retry = -1 (default)
2023-06-22 21:36:59,406 [599df4a6-6b73-4cda-a21a-cae0798e8b5d-groupManagement] INFO  server.RaftServerConfigKeys (ConfUtils.java:logGet(46)) - raft.server.log.write.buffer.size = 1048576 (custom)
2023-06-22 21:36:59,407 [599df4a6-6b73-4cda-a21a-cae0798e8b5d-groupManagement] INFO  server.RaftServerConfigKeys (ConfUtils.java:logGet(46)) - raft.server.log.appender.buffer.byte-limit = 33554432 (custom)
2023-06-22 21:36:59,414 [599df4a6-6b73-4cda-a21a-cae0798e8b5d-groupManagement] INFO  server.RaftServerConfigKeys (ConfUtils.java:logGet(46)) - raft.server.log.unsafe-flush.enabled = false (default)
2023-06-22 21:36:59,414 [599df4a6-6b73-4cda-a21a-cae0798e8b5d-groupManagement] INFO  server.RaftServerConfigKeys (ConfUtils.java:logGet(46)) - raft.server.log.async-flush.enabled = false (default)
2023-06-22 21:36:59,414 [599df4a6-6b73-4cda-a21a-cae0798e8b5d-groupManagement] INFO  server.RaftServerConfigKeys (ConfUtils.java:logGet(46)) - raft.server.log.statemachine.data.caching.enabled = true (custom)
2023-06-22 21:36:59,414 [599df4a6-6b73-4cda-a21a-cae0798e8b5d-groupManagement] INFO  segmented.SegmentedRaftLogWorker (SegmentedRaftLogWorker.java:lambda$new$0(135)) - 599df4a6-6b73-4cda-a21a-cae0798e8b5d@group-A653292F152E-SegmentedRaftLogWorker: flushIndex: setUnconditionally 0 -> -1
2023-06-22 21:36:59,414 [599df4a6-6b73-4cda-a21a-cae0798e8b5d-groupManagement] INFO  segmented.SegmentedRaftLogWorker (SegmentedRaftLogWorker.java:lambda$new$0(135)) - 599df4a6-6b73-4cda-a21a-cae0798e8b5d@group-A653292F152E-SegmentedRaftLogWorker: safeCacheEvictIndex: setUnconditionally 0 -> -1
2023-06-22 21:36:59,414 [599df4a6-6b73-4cda-a21a-cae0798e8b5d-groupManagement] INFO  server.RaftServer$Division (RaftServerImpl.java:start(342)) - 599df4a6-6b73-4cda-a21a-cae0798e8b5d@group-A653292F152E: start as a follower, conf=-1: peers:[93c05b65-1d47-44de-af22-274bc9e484bb|rpc:10.1.1.69:15067|admin:10.1.1.69:15066|client:10.1.1.69:15065|dataStream:10.1.1.69:15068|priority:1|startupRole:FOLLOWER, 65b54071-31d6-4bc0-82c0-f363a9aa9754|rpc:10.1.1.69:15076|admin:10.1.1.69:15075|client:10.1.1.69:15074|dataStream:10.1.1.69:15077|priority:0|startupRole:FOLLOWER, 599df4a6-6b73-4cda-a21a-cae0798e8b5d|rpc:10.1.1.69:15085|admin:10.1.1.69:15084|client:10.1.1.69:15083|dataStream:10.1.1.69:15086|priority:0|startupRole:FOLLOWER]|listeners:[], old=null
2023-06-22 21:36:59,415 [599df4a6-6b73-4cda-a21a-cae0798e8b5d-groupManagement] INFO  server.RaftServer$Division (RaftServerImpl.java:setRole(329)) - 599df4a6-6b73-4cda-a21a-cae0798e8b5d@group-A653292F152E: changes role from      null to FOLLOWER at term 0 for startAsFollower
2023-06-22 21:36:59,415 [599df4a6-6b73-4cda-a21a-cae0798e8b5d-groupManagement] INFO  impl.RoleInfo (RoleInfo.java:updateAndGet(139)) - 599df4a6-6b73-4cda-a21a-cae0798e8b5d: start 599df4a6-6b73-4cda-a21a-cae0798e8b5d@group-A653292F152E-FollowerState
2023-06-22 21:36:59,417 [599df4a6-6b73-4cda-a21a-cae0798e8b5d-groupManagement] INFO  util.JmxRegister (JmxRegister.java:tryRegister(44)) - Successfully registered JMX Bean with object name Ratis:service=RaftServer,group=group-A653292F152E,id=599df4a6-6b73-4cda-a21a-cae0798e8b5d
2023-06-22 21:36:59,417 [599df4a6-6b73-4cda-a21a-cae0798e8b5d-groupManagement] INFO  server.RaftServerConfigKeys (ConfUtils.java:logGet(46)) - raft.server.snapshot.auto.trigger.enabled = true (custom)
2023-06-22 21:36:59,418 [599df4a6-6b73-4cda-a21a-cae0798e8b5d-groupManagement] INFO  server.RaftServerConfigKeys (ConfUtils.java:logGet(46)) - raft.server.snapshot.auto.trigger.threshold = 10000 (custom)
2023-06-22 21:36:59,418 [599df4a6-6b73-4cda-a21a-cae0798e8b5d-groupManagement] INFO  server.RaftServerConfigKeys (ConfUtils.java:logGet(46)) - raft.server.snapshot.retention.file.num = 5 (custom)
2023-06-22 21:36:59,418 [599df4a6-6b73-4cda-a21a-cae0798e8b5d-groupManagement] INFO  server.RaftServerConfigKeys (ConfUtils.java:logGet(46)) - raft.server.log.purge.upto.snapshot.index = false (default)
2023-06-22 21:36:59,418 [599df4a6-6b73-4cda-a21a-cae0798e8b5d@group-A653292F152E-FollowerState] INFO  server.RaftServerConfigKeys (ConfUtils.java:logFallback(53)) - raft.server.rpc.first-election.timeout.min = 5s (fallback to raft.server.rpc.timeout.min)
2023-06-22 21:36:59,418 [599df4a6-6b73-4cda-a21a-cae0798e8b5d@group-A653292F152E-FollowerState] INFO  server.RaftServerConfigKeys (ConfUtils.java:logFallback(53)) - raft.server.rpc.first-election.timeout.max = 5200ms (fallback to raft.server.rpc.timeout.max)
2023-06-22 21:36:59,431 [PipelineCommandHandlerThread-0] INFO  commandhandler.CreatePipelineCommandHandler (CreatePipelineCommandHandler.java:lambda$handle$2(124)) - Created Pipeline RATIS THREE PipelineID=c4c46cff-2612-4f86-abb0-a653292f152e.
2023-06-22 21:36:59,431 [PipelineCommandHandlerThread-0] INFO  server.RaftServer (RaftServerProxy.java:addNew(98)) - 93c05b65-1d47-44de-af22-274bc9e484bb: addNew group-57D028C5577F:[93c05b65-1d47-44de-af22-274bc9e484bb|rpc:10.1.1.69:15067|admin:10.1.1.69:15066|client:10.1.1.69:15065|dataStream:10.1.1.69:15068|priority:0|startupRole:FOLLOWER, 65b54071-31d6-4bc0-82c0-f363a9aa9754|rpc:10.1.1.69:15076|admin:10.1.1.69:15075|client:10.1.1.69:15074|dataStream:10.1.1.69:15077|priority:0|startupRole:FOLLOWER, 599df4a6-6b73-4cda-a21a-cae0798e8b5d|rpc:10.1.1.69:15085|admin:10.1.1.69:15084|client:10.1.1.69:15083|dataStream:10.1.1.69:15086|priority:1|startupRole:FOLLOWER] returns group-57D028C5577F:java.util.concurrent.CompletableFuture@44b5bee5[Not completed]
2023-06-22 21:36:59,432 [93c05b65-1d47-44de-af22-274bc9e484bb-groupManagement] INFO  server.RaftServer$Division (RaftServerImpl.java:<init>(198)) - 93c05b65-1d47-44de-af22-274bc9e484bb: new RaftServerImpl for group-57D028C5577F:[93c05b65-1d47-44de-af22-274bc9e484bb|rpc:10.1.1.69:15067|admin:10.1.1.69:15066|client:10.1.1.69:15065|dataStream:10.1.1.69:15068|priority:0|startupRole:FOLLOWER, 65b54071-31d6-4bc0-82c0-f363a9aa9754|rpc:10.1.1.69:15076|admin:10.1.1.69:15075|client:10.1.1.69:15074|dataStream:10.1.1.69:15077|priority:0|startupRole:FOLLOWER, 599df4a6-6b73-4cda-a21a-cae0798e8b5d|rpc:10.1.1.69:15085|admin:10.1.1.69:15084|client:10.1.1.69:15083|dataStream:10.1.1.69:15086|priority:1|startupRole:FOLLOWER] with ContainerStateMachine:uninitialized
2023-06-22 21:36:59,432 [93c05b65-1d47-44de-af22-274bc9e484bb-groupManagement] INFO  server.RaftServerConfigKeys (ConfUtils.java:logGet(46)) - raft.server.rpc.timeout.min = 5s (custom)
2023-06-22 21:36:59,432 [93c05b65-1d47-44de-af22-274bc9e484bb-groupManagement] INFO  server.RaftServerConfigKeys (ConfUtils.java:logGet(46)) - raft.server.rpc.timeout.max = 5200ms (custom)
2023-06-22 21:36:59,432 [93c05b65-1d47-44de-af22-274bc9e484bb-groupManagement] INFO  server.RaftServerConfigKeys (ConfUtils.java:logGet(46)) - raft.server.rpc.sleep.time = 25ms (default)
2023-06-22 21:36:59,432 [93c05b65-1d47-44de-af22-274bc9e484bb-groupManagement] INFO  server.RaftServerConfigKeys (ConfUtils.java:logGet(46)) - raft.server.rpc.slowness.timeout = 300s (custom)
2023-06-22 21:36:59,432 [93c05b65-1d47-44de-af22-274bc9e484bb-groupManagement] INFO  server.RaftServerConfigKeys (ConfUtils.java:logGet(46)) - raft.server.leaderelection.leader.step-down.wait-time = 10s (default)
2023-06-22 21:36:59,432 [93c05b65-1d47-44de-af22-274bc9e484bb-groupManagement] INFO  server.RaftServerConfigKeys (ConfUtils.java:logGet(46)) - raft.server.sleep.deviation.threshold = 300ms (default)
2023-06-22 21:36:59,433 [93c05b65-1d47-44de-af22-274bc9e484bb-groupManagement] INFO  server.RaftServer$Division (ServerState.java:<init>(120)) - 93c05b65-1d47-44de-af22-274bc9e484bb@group-57D028C5577F: ConfigurationManager, init=-1: peers:[93c05b65-1d47-44de-af22-274bc9e484bb|rpc:10.1.1.69:15067|admin:10.1.1.69:15066|client:10.1.1.69:15065|dataStream:10.1.1.69:15068|priority:0|startupRole:FOLLOWER, 65b54071-31d6-4bc0-82c0-f363a9aa9754|rpc:10.1.1.69:15076|admin:10.1.1.69:15075|client:10.1.1.69:15074|dataStream:10.1.1.69:15077|priority:0|startupRole:FOLLOWER, 599df4a6-6b73-4cda-a21a-cae0798e8b5d|rpc:10.1.1.69:15085|admin:10.1.1.69:15084|client:10.1.1.69:15083|dataStream:10.1.1.69:15086|priority:1|startupRole:FOLLOWER]|listeners:[], old=null, confs=<EMPTY_MAP>
2023-06-22 21:36:59,433 [93c05b65-1d47-44de-af22-274bc9e484bb-groupManagement] INFO  server.RaftServerConfigKeys (ConfUtils.java:logGet(46)) - raft.server.storage.dir = [/home/runner/work/ozone/ozone/hadoop-ozone/integration-test/target/test-dir/MiniOzoneClusterImpl-9e90c1de-1c56-491c-b259-3d04922b55fd/datanode-0/data/ratis] (custom)
2023-06-22 21:36:59,433 [93c05b65-1d47-44de-af22-274bc9e484bb-groupManagement] INFO  server.RaftServerConfigKeys (ConfUtils.java:logGet(46)) - raft.server.log.corruption.policy = EXCEPTION (default)
2023-06-22 21:36:59,433 [93c05b65-1d47-44de-af22-274bc9e484bb-groupManagement] INFO  server.RaftServerConfigKeys (ConfUtils.java:logGet(46)) - raft.server.storage.free-space.min = 0MB (=0) (default)
2023-06-22 21:36:59,433 [93c05b65-1d47-44de-af22-274bc9e484bb-groupManagement] INFO  server.RaftServerConfigKeys (ConfUtils.java:logGet(46)) - raft.server.notification.no-leader.timeout = 300s (custom)
2023-06-22 21:36:59,433 [93c05b65-1d47-44de-af22-274bc9e484bb-groupManagement] INFO  server.RaftServerConfigKeys (ConfUtils.java:logGet(46)) - raft.server.read.timeout = 10s (default)
2023-06-22 21:36:59,433 [93c05b65-1d47-44de-af22-274bc9e484bb-groupManagement] INFO  server.RaftServerConfigKeys (ConfUtils.java:logGet(46)) - raft.server.retrycache.expirytime = 600000ms (custom)
2023-06-22 21:36:59,433 [93c05b65-1d47-44de-af22-274bc9e484bb-groupManagement] INFO  server.RaftServerConfigKeys (ConfUtils.java:logGet(46)) - raft.server.retrycache.statistics.expirytime = 100μs (default)
2023-06-22 21:36:59,433 [93c05b65-1d47-44de-af22-274bc9e484bb-groupManagement] INFO  server.RaftServerConfigKeys (ConfUtils.java:logGet(46)) - raft.server.read.option = DEFAULT (default)
2023-06-22 21:36:59,434 [93c05b65-1d47-44de-af22-274bc9e484bb-groupManagement] INFO  server.RaftServerConfigKeys (ConfUtils.java:logGet(46)) - raft.server.rpc.request.timeout = 60s (custom)
2023-06-22 21:36:59,434 [93c05b65-1d47-44de-af22-274bc9e484bb-groupManagement] INFO  server.RaftServerConfigKeys (ConfUtils.java:logGet(46)) - raft.server.log.appender.install.snapshot.enabled = false (custom)
2023-06-22 21:36:59,434 [93c05b65-1d47-44de-af22-274bc9e484bb-groupManagement] INFO  server.RaftServerConfigKeys (ConfUtils.java:logGet(46)) - raft.server.threadpool.server.cached = true (default)
2023-06-22 21:36:59,434 [93c05b65-1d47-44de-af22-274bc9e484bb-groupManagement] INFO  server.RaftServerConfigKeys (ConfUtils.java:logGet(46)) - raft.server.threadpool.server.size = 0 (default)
2023-06-22 21:36:59,434 [93c05b65-1d47-44de-af22-274bc9e484bb-groupManagement] INFO  server.RaftServerConfigKeys (ConfUtils.java:logGet(46)) - raft.server.threadpool.client.cached = true (default)
2023-06-22 21:36:59,434 [93c05b65-1d47-44de-af22-274bc9e484bb-groupManagement] INFO  server.RaftServerConfigKeys (ConfUtils.java:logGet(46)) - raft.server.threadpool.client.size = 0 (default)
2023-06-22 21:36:59,435 [93c05b65-1d47-44de-af22-274bc9e484bb-groupManagement] INFO  storage.RaftStorageDirectory (RaftStorageDirectoryImpl.java:analyzeStorage(137)) - The storage directory /home/runner/work/ozone/ozone/hadoop-ozone/integration-test/target/test-dir/MiniOzoneClusterImpl-9e90c1de-1c56-491c-b259-3d04922b55fd/datanode-0/data/ratis/b947b371-6094-4926-906b-57d028c5577f does not exist. Creating ...
2023-06-22 21:36:59,436 [93c05b65-1d47-44de-af22-274bc9e484bb-groupManagement] INFO  storage.RaftStorageDirectory (RaftStorageDirectoryImpl.java:tryLock(231)) - Lock on /home/runner/work/ozone/ozone/hadoop-ozone/integration-test/target/test-dir/MiniOzoneClusterImpl-9e90c1de-1c56-491c-b259-3d04922b55fd/datanode-0/data/ratis/b947b371-6094-4926-906b-57d028c5577f/in_use.lock acquired by nodename 41615@fv-az504-135
2023-06-22 21:36:59,437 [93c05b65-1d47-44de-af22-274bc9e484bb-groupManagement] INFO  storage.RaftStorage (RaftStorageImpl.java:format(96)) - Storage directory /home/runner/work/ozone/ozone/hadoop-ozone/integration-test/target/test-dir/MiniOzoneClusterImpl-9e90c1de-1c56-491c-b259-3d04922b55fd/datanode-0/data/ratis/b947b371-6094-4926-906b-57d028c5577f has been successfully formatted.
2023-06-22 21:36:59,438 [93c05b65-1d47-44de-af22-274bc9e484bb-groupManagement] INFO  ratis.ContainerStateMachine (ContainerStateMachine.java:loadSnapshot(262)) - group-57D028C5577F: The snapshot info is null. Setting the last applied indexto:(t:0, i:~)
2023-06-22 21:36:59,438 [93c05b65-1d47-44de-af22-274bc9e484bb-groupManagement] INFO  server.RaftServerConfigKeys (ConfUtils.java:logGet(46)) - raft.server.log.use.memory = false (default)
2023-06-22 21:36:59,438 [93c05b65-1d47-44de-af22-274bc9e484bb-groupManagement] INFO  server.RaftServerConfigKeys (ConfUtils.java:logGet(46)) - raft.server.log.purge.gap = 1000000 (custom)
2023-06-22 21:36:59,438 [EventQueue-OpenPipelineForHealthyPipelineSafeModeRule] INFO  safemode.SCMSafeModeManager (HealthyPipelineSafeModeRule.java:process(137)) - SCM in safe mode. Healthy pipelines reported count is 0, required healthy pipeline reported count is 1
2023-06-22 21:36:59,439 [93c05b65-1d47-44de-af22-274bc9e484bb-groupManagement] INFO  server.RaftServerConfigKeys (ConfUtils.java:logGet(46)) - raft.server.log.appender.buffer.byte-limit = 33554432 (custom)
2023-06-22 21:36:59,439 [93c05b65-1d47-44de-af22-274bc9e484bb-groupManagement] INFO  server.RaftServerConfigKeys (ConfUtils.java:logGet(46)) - raft.server.log.statemachine.data.read.timeout = 1000ms (default)
2023-06-22 21:36:59,439 [93c05b65-1d47-44de-af22-274bc9e484bb-groupManagement] INFO  server.RaftServerConfigKeys (ConfUtils.java:logGet(46)) - raft.server.log.purge.preservation.log.num = 0 (default)
2023-06-22 21:36:59,439 [93c05b65-1d47-44de-af22-274bc9e484bb-groupManagement] INFO  server.RaftServerConfigKeys (ConfUtils.java:logGet(46)) - raft.server.log.segment.size.max = 1048576 (custom)
2023-06-22 21:36:59,439 [93c05b65-1d47-44de-af22-274bc9e484bb-groupManagement] INFO  server.RaftServerConfigKeys (ConfUtils.java:logGet(46)) - raft.server.log.segment.cache.num.max = 2 (custom)
2023-06-22 21:36:59,439 [93c05b65-1d47-44de-af22-274bc9e484bb-groupManagement] INFO  server.RaftServerConfigKeys (ConfUtils.java:logGet(46)) - raft.server.log.segment.cache.size.max = 200MB (=209715200) (default)
2023-06-22 21:36:59,439 [93c05b65-1d47-44de-af22-274bc9e484bb-groupManagement] INFO  server.RaftServerConfigKeys (ConfUtils.java:logGet(46)) - raft.server.log.appender.buffer.byte-limit = 33554432 (custom)
2023-06-22 21:36:59,440 [93c05b65-1d47-44de-af22-274bc9e484bb-groupManagement] INFO  segmented.SegmentedRaftLogWorker (SegmentedRaftLogWorker.java:<init>(188)) - new 93c05b65-1d47-44de-af22-274bc9e484bb@group-57D028C5577F-SegmentedRaftLogWorker for RaftStorageImpl:Storage Directory /home/runner/work/ozone/ozone/hadoop-ozone/integration-test/target/test-dir/MiniOzoneClusterImpl-9e90c1de-1c56-491c-b259-3d04922b55fd/datanode-0/data/ratis/b947b371-6094-4926-906b-57d028c5577f
2023-06-22 21:36:59,440 [93c05b65-1d47-44de-af22-274bc9e484bb-groupManagement] INFO  server.RaftServerConfigKeys (ConfUtils.java:logGet(46)) - raft.server.log.queue.byte-limit = 4294967296 (custom)
2023-06-22 21:36:59,440 [93c05b65-1d47-44de-af22-274bc9e484bb-groupManagement] INFO  server.RaftServerConfigKeys (ConfUtils.java:logGet(46)) - raft.server.log.queue.element-limit = 1024 (custom)
2023-06-22 21:36:59,440 [93c05b65-1d47-44de-af22-274bc9e484bb-groupManagement] INFO  server.RaftServerConfigKeys (ConfUtils.java:logGet(46)) - raft.server.log.segment.size.max = 1048576 (custom)
2023-06-22 21:36:59,440 [93c05b65-1d47-44de-af22-274bc9e484bb-groupManagement] INFO  server.RaftServerConfigKeys (ConfUtils.java:logGet(46)) - raft.server.log.preallocated.size = 16384 (custom)
2023-06-22 21:36:59,440 [93c05b65-1d47-44de-af22-274bc9e484bb-groupManagement] INFO  server.RaftServerConfigKeys (ConfUtils.java:logGet(46)) - raft.server.log.force.sync.num = 128 (default)
2023-06-22 21:36:59,440 [93c05b65-1d47-44de-af22-274bc9e484bb-groupManagement] INFO  server.RaftServerConfigKeys (ConfUtils.java:logGet(46)) - raft.server.log.statemachine.data.sync = true (default)
2023-06-22 21:36:59,440 [93c05b65-1d47-44de-af22-274bc9e484bb-groupManagement] INFO  server.RaftServerConfigKeys (ConfUtils.java:logGet(46)) - raft.server.log.statemachine.data.sync.timeout = 10s (default)
2023-06-22 21:36:59,440 [93c05b65-1d47-44de-af22-274bc9e484bb-groupManagement] INFO  server.RaftServerConfigKeys (ConfUtils.java:logGet(46)) - raft.server.log.statemachine.data.sync.timeout.retry = -1 (default)
2023-06-22 21:36:59,440 [93c05b65-1d47-44de-af22-274bc9e484bb-groupManagement] INFO  server.RaftServerConfigKeys (ConfUtils.java:logGet(46)) - raft.server.log.write.buffer.size = 1048576 (custom)
2023-06-22 21:36:59,442 [93c05b65-1d47-44de-af22-274bc9e484bb-groupManagement] INFO  server.RaftServerConfigKeys (ConfUtils.java:logGet(46)) - raft.server.log.appender.buffer.byte-limit = 33554432 (custom)
2023-06-22 21:36:59,447 [93c05b65-1d47-44de-af22-274bc9e484bb-groupManagement] INFO  server.RaftServerConfigKeys (ConfUtils.java:logGet(46)) - raft.server.log.unsafe-flush.enabled = false (default)
2023-06-22 21:36:59,447 [93c05b65-1d47-44de-af22-274bc9e484bb-groupManagement] INFO  server.RaftServerConfigKeys (ConfUtils.java:logGet(46)) - raft.server.log.async-flush.enabled = false (default)
2023-06-22 21:36:59,447 [93c05b65-1d47-44de-af22-274bc9e484bb-groupManagement] INFO  server.RaftServerConfigKeys (ConfUtils.java:logGet(46)) - raft.server.log.statemachine.data.caching.enabled = true (custom)
2023-06-22 21:36:59,447 [93c05b65-1d47-44de-af22-274bc9e484bb-groupManagement] INFO  segmented.SegmentedRaftLogWorker (SegmentedRaftLogWorker.java:lambda$new$0(135)) - 93c05b65-1d47-44de-af22-274bc9e484bb@group-57D028C5577F-SegmentedRaftLogWorker: flushIndex: setUnconditionally 0 -> -1
2023-06-22 21:36:59,447 [93c05b65-1d47-44de-af22-274bc9e484bb-groupManagement] INFO  segmented.SegmentedRaftLogWorker (SegmentedRaftLogWorker.java:lambda$new$0(135)) - 93c05b65-1d47-44de-af22-274bc9e484bb@group-57D028C5577F-SegmentedRaftLogWorker: safeCacheEvictIndex: setUnconditionally 0 -> -1
2023-06-22 21:36:59,448 [93c05b65-1d47-44de-af22-274bc9e484bb-groupManagement] INFO  server.RaftServer$Division (RaftServerImpl.java:start(342)) - 93c05b65-1d47-44de-af22-274bc9e484bb@group-57D028C5577F: start as a follower, conf=-1: peers:[93c05b65-1d47-44de-af22-274bc9e484bb|rpc:10.1.1.69:15067|admin:10.1.1.69:15066|client:10.1.1.69:15065|dataStream:10.1.1.69:15068|priority:0|startupRole:FOLLOWER, 65b54071-31d6-4bc0-82c0-f363a9aa9754|rpc:10.1.1.69:15076|admin:10.1.1.69:15075|client:10.1.1.69:15074|dataStream:10.1.1.69:15077|priority:0|startupRole:FOLLOWER, 599df4a6-6b73-4cda-a21a-cae0798e8b5d|rpc:10.1.1.69:15085|admin:10.1.1.69:15084|client:10.1.1.69:15083|dataStream:10.1.1.69:15086|priority:1|startupRole:FOLLOWER]|listeners:[], old=null
2023-06-22 21:36:59,448 [93c05b65-1d47-44de-af22-274bc9e484bb-groupManagement] INFO  server.RaftServer$Division (RaftServerImpl.java:setRole(329)) - 93c05b65-1d47-44de-af22-274bc9e484bb@group-57D028C5577F: changes role from      null to FOLLOWER at term 0 for startAsFollower
2023-06-22 21:36:59,448 [93c05b65-1d47-44de-af22-274bc9e484bb-groupManagement] INFO  impl.RoleInfo (RoleInfo.java:updateAndGet(139)) - 93c05b65-1d47-44de-af22-274bc9e484bb: start 93c05b65-1d47-44de-af22-274bc9e484bb@group-57D028C5577F-FollowerState
2023-06-22 21:36:59,448 [93c05b65-1d47-44de-af22-274bc9e484bb-groupManagement] INFO  util.JmxRegister (JmxRegister.java:tryRegister(44)) - Successfully registered JMX Bean with object name Ratis:service=RaftServer,group=group-57D028C5577F,id=93c05b65-1d47-44de-af22-274bc9e484bb
2023-06-22 21:36:59,448 [93c05b65-1d47-44de-af22-274bc9e484bb-groupManagement] INFO  server.RaftServerConfigKeys (ConfUtils.java:logGet(46)) - raft.server.snapshot.auto.trigger.enabled = true (custom)
2023-06-22 21:36:59,448 [93c05b65-1d47-44de-af22-274bc9e484bb-groupManagement] INFO  server.RaftServerConfigKeys (ConfUtils.java:logGet(46)) - raft.server.snapshot.auto.trigger.threshold = 10000 (custom)
2023-06-22 21:36:59,448 [93c05b65-1d47-44de-af22-274bc9e484bb-groupManagement] INFO  server.RaftServerConfigKeys (ConfUtils.java:logGet(46)) - raft.server.snapshot.retention.file.num = 5 (custom)
2023-06-22 21:36:59,448 [93c05b65-1d47-44de-af22-274bc9e484bb-groupManagement] INFO  server.RaftServerConfigKeys (ConfUtils.java:logGet(46)) - raft.server.log.purge.upto.snapshot.index = false (default)
2023-06-22 21:36:59,449 [93c05b65-1d47-44de-af22-274bc9e484bb@group-57D028C5577F-FollowerState] INFO  server.RaftServerConfigKeys (ConfUtils.java:logFallback(53)) - raft.server.rpc.first-election.timeout.min = 5s (fallback to raft.server.rpc.timeout.min)
2023-06-22 21:36:59,449 [93c05b65-1d47-44de-af22-274bc9e484bb@group-57D028C5577F-FollowerState] INFO  server.RaftServerConfigKeys (ConfUtils.java:logFallback(53)) - raft.server.rpc.first-election.timeout.max = 5200ms (fallback to raft.server.rpc.timeout.max)
2023-06-22 21:36:59,449 [PipelineCommandHandlerThread-0] INFO  ratis.XceiverServerRatis (XceiverServerRatis.java:addGroup(804)) - Created group PipelineID=b947b371-6094-4926-906b-57d028c5577f
2023-06-22 21:36:59,462 [grpc-default-executor-4] INFO  server.RaftServer (RaftServerProxy.java:addNew(98)) - 599df4a6-6b73-4cda-a21a-cae0798e8b5d: addNew group-57D028C5577F:[93c05b65-1d47-44de-af22-274bc9e484bb|rpc:10.1.1.69:15067|admin:10.1.1.69:15066|client:10.1.1.69:15065|dataStream:10.1.1.69:15068|priority:0|startupRole:FOLLOWER, 65b54071-31d6-4bc0-82c0-f363a9aa9754|rpc:10.1.1.69:15076|admin:10.1.1.69:15075|client:10.1.1.69:15074|dataStream:10.1.1.69:15077|priority:0|startupRole:FOLLOWER, 599df4a6-6b73-4cda-a21a-cae0798e8b5d|rpc:10.1.1.69:15085|admin:10.1.1.69:15084|client:10.1.1.69:15083|dataStream:10.1.1.69:15086|priority:1|startupRole:FOLLOWER] returns group-57D028C5577F:java.util.concurrent.CompletableFuture@404b3b3c[Not completed]
2023-06-22 21:36:59,463 [599df4a6-6b73-4cda-a21a-cae0798e8b5d-groupManagement] INFO  server.RaftServer$Division (RaftServerImpl.java:<init>(198)) - 599df4a6-6b73-4cda-a21a-cae0798e8b5d: new RaftServerImpl for group-57D028C5577F:[93c05b65-1d47-44de-af22-274bc9e484bb|rpc:10.1.1.69:15067|admin:10.1.1.69:15066|client:10.1.1.69:15065|dataStream:10.1.1.69:15068|priority:0|startupRole:FOLLOWER, 65b54071-31d6-4bc0-82c0-f363a9aa9754|rpc:10.1.1.69:15076|admin:10.1.1.69:15075|client:10.1.1.69:15074|dataStream:10.1.1.69:15077|priority:0|startupRole:FOLLOWER, 599df4a6-6b73-4cda-a21a-cae0798e8b5d|rpc:10.1.1.69:15085|admin:10.1.1.69:15084|client:10.1.1.69:15083|dataStream:10.1.1.69:15086|priority:1|startupRole:FOLLOWER] with ContainerStateMachine:uninitialized
2023-06-22 21:36:59,463 [599df4a6-6b73-4cda-a21a-cae0798e8b5d-groupManagement] INFO  server.RaftServerConfigKeys (ConfUtils.java:logGet(46)) - raft.server.rpc.timeout.min = 5s (custom)
2023-06-22 21:36:59,463 [599df4a6-6b73-4cda-a21a-cae0798e8b5d-groupManagement] INFO  server.RaftServerConfigKeys (ConfUtils.java:logGet(46)) - raft.server.rpc.timeout.max = 5200ms (custom)
2023-06-22 21:36:59,463 [599df4a6-6b73-4cda-a21a-cae0798e8b5d-groupManagement] INFO  server.RaftServerConfigKeys (ConfUtils.java:logGet(46)) - raft.server.rpc.sleep.time = 25ms (default)
2023-06-22 21:36:59,463 [599df4a6-6b73-4cda-a21a-cae0798e8b5d-groupManagement] INFO  server.RaftServerConfigKeys (ConfUtils.java:logGet(46)) - raft.server.rpc.slowness.timeout = 300s (custom)
2023-06-22 21:36:59,463 [599df4a6-6b73-4cda-a21a-cae0798e8b5d-groupManagement] INFO  server.RaftServerConfigKeys (ConfUtils.java:logGet(46)) - raft.server.leaderelection.leader.step-down.wait-time = 10s (default)
2023-06-22 21:36:59,463 [599df4a6-6b73-4cda-a21a-cae0798e8b5d-groupManagement] INFO  server.RaftServerConfigKeys (ConfUtils.java:logGet(46)) - raft.server.sleep.deviation.threshold = 300ms (default)
2023-06-22 21:36:59,464 [599df4a6-6b73-4cda-a21a-cae0798e8b5d-groupManagement] INFO  server.RaftServer$Division (ServerState.java:<init>(120)) - 599df4a6-6b73-4cda-a21a-cae0798e8b5d@group-57D028C5577F: ConfigurationManager, init=-1: peers:[93c05b65-1d47-44de-af22-274bc9e484bb|rpc:10.1.1.69:15067|admin:10.1.1.69:15066|client:10.1.1.69:15065|dataStream:10.1.1.69:15068|priority:0|startupRole:FOLLOWER, 65b54071-31d6-4bc0-82c0-f363a9aa9754|rpc:10.1.1.69:15076|admin:10.1.1.69:15075|client:10.1.1.69:15074|dataStream:10.1.1.69:15077|priority:0|startupRole:FOLLOWER, 599df4a6-6b73-4cda-a21a-cae0798e8b5d|rpc:10.1.1.69:15085|admin:10.1.1.69:15084|client:10.1.1.69:15083|dataStream:10.1.1.69:15086|priority:1|startupRole:FOLLOWER]|listeners:[], old=null, confs=<EMPTY_MAP>
2023-06-22 21:36:59,464 [599df4a6-6b73-4cda-a21a-cae0798e8b5d-groupManagement] INFO  server.RaftServerConfigKeys (ConfUtils.java:logGet(46)) - raft.server.storage.dir = [/home/runner/work/ozone/ozone/hadoop-ozone/integration-test/target/test-dir/MiniOzoneClusterImpl-9e90c1de-1c56-491c-b259-3d04922b55fd/datanode-2/data/ratis] (custom)
2023-06-22 21:36:59,464 [599df4a6-6b73-4cda-a21a-cae0798e8b5d-groupManagement] INFO  server.RaftServerConfigKeys (ConfUtils.java:logGet(46)) - raft.server.log.corruption.policy = EXCEPTION (default)
2023-06-22 21:36:59,464 [599df4a6-6b73-4cda-a21a-cae0798e8b5d-groupManagement] INFO  server.RaftServerConfigKeys (ConfUtils.java:logGet(46)) - raft.server.storage.free-space.min = 0MB (=0) (default)
2023-06-22 21:36:59,464 [599df4a6-6b73-4cda-a21a-cae0798e8b5d-groupManagement] INFO  server.RaftServerConfigKeys (ConfUtils.java:logGet(46)) - raft.server.notification.no-leader.timeout = 300s (custom)
2023-06-22 21:36:59,464 [599df4a6-6b73-4cda-a21a-cae0798e8b5d-groupManagement] INFO  server.RaftServerConfigKeys (ConfUtils.java:logGet(46)) - raft.server.read.timeout = 10s (default)
2023-06-22 21:36:59,464 [599df4a6-6b73-4cda-a21a-cae0798e8b5d-groupManagement] INFO  server.RaftServerConfigKeys (ConfUtils.java:logGet(46)) - raft.server.retrycache.expirytime = 600000ms (custom)
2023-06-22 21:36:59,464 [599df4a6-6b73-4cda-a21a-cae0798e8b5d-groupManagement] INFO  server.RaftServerConfigKeys (ConfUtils.java:logGet(46)) - raft.server.retrycache.statistics.expirytime = 100μs (default)
2023-06-22 21:36:59,464 [599df4a6-6b73-4cda-a21a-cae0798e8b5d-groupManagement] INFO  server.RaftServerConfigKeys (ConfUtils.java:logGet(46)) - raft.server.read.option = DEFAULT (default)
2023-06-22 21:36:59,465 [599df4a6-6b73-4cda-a21a-cae0798e8b5d-groupManagement] INFO  server.RaftServerConfigKeys (ConfUtils.java:logGet(46)) - raft.server.rpc.request.timeout = 60s (custom)
2023-06-22 21:36:59,465 [599df4a6-6b73-4cda-a21a-cae0798e8b5d-groupManagement] INFO  server.RaftServerConfigKeys (ConfUtils.java:logGet(46)) - raft.server.log.appender.install.snapshot.enabled = false (custom)
2023-06-22 21:36:59,465 [599df4a6-6b73-4cda-a21a-cae0798e8b5d-groupManagement] INFO  server.RaftServerConfigKeys (ConfUtils.java:logGet(46)) - raft.server.threadpool.server.cached = true (default)
2023-06-22 21:36:59,465 [599df4a6-6b73-4cda-a21a-cae0798e8b5d-groupManagement] INFO  server.RaftServerConfigKeys (ConfUtils.java:logGet(46)) - raft.server.threadpool.server.size = 0 (default)
2023-06-22 21:36:59,465 [599df4a6-6b73-4cda-a21a-cae0798e8b5d-groupManagement] INFO  server.RaftServerConfigKeys (ConfUtils.java:logGet(46)) - raft.server.threadpool.client.cached = true (default)
2023-06-22 21:36:59,465 [599df4a6-6b73-4cda-a21a-cae0798e8b5d-groupManagement] INFO  server.RaftServerConfigKeys (ConfUtils.java:logGet(46)) - raft.server.threadpool.client.size = 0 (default)
2023-06-22 21:36:59,465 [599df4a6-6b73-4cda-a21a-cae0798e8b5d-groupManagement] INFO  storage.RaftStorageDirectory (RaftStorageDirectoryImpl.java:analyzeStorage(137)) - The storage directory /home/runner/work/ozone/ozone/hadoop-ozone/integration-test/target/test-dir/MiniOzoneClusterImpl-9e90c1de-1c56-491c-b259-3d04922b55fd/datanode-2/data/ratis/b947b371-6094-4926-906b-57d028c5577f does not exist. Creating ...
2023-06-22 21:36:59,466 [599df4a6-6b73-4cda-a21a-cae0798e8b5d-groupManagement] INFO  storage.RaftStorageDirectory (RaftStorageDirectoryImpl.java:tryLock(231)) - Lock on /home/runner/work/ozone/ozone/hadoop-ozone/integration-test/target/test-dir/MiniOzoneClusterImpl-9e90c1de-1c56-491c-b259-3d04922b55fd/datanode-2/data/ratis/b947b371-6094-4926-906b-57d028c5577f/in_use.lock acquired by nodename 41615@fv-az504-135
2023-06-22 21:36:59,467 [599df4a6-6b73-4cda-a21a-cae0798e8b5d-groupManagement] INFO  storage.RaftStorage (RaftStorageImpl.java:format(96)) - Storage directory /home/runner/work/ozone/ozone/hadoop-ozone/integration-test/target/test-dir/MiniOzoneClusterImpl-9e90c1de-1c56-491c-b259-3d04922b55fd/datanode-2/data/ratis/b947b371-6094-4926-906b-57d028c5577f has been successfully formatted.
2023-06-22 21:36:59,468 [599df4a6-6b73-4cda-a21a-cae0798e8b5d-groupManagement] INFO  ratis.ContainerStateMachine (ContainerStateMachine.java:loadSnapshot(262)) - group-57D028C5577F: The snapshot info is null. Setting the last applied indexto:(t:0, i:~)
2023-06-22 21:36:59,468 [599df4a6-6b73-4cda-a21a-cae0798e8b5d-groupManagement] INFO  server.RaftServerConfigKeys (ConfUtils.java:logGet(46)) - raft.server.log.use.memory = false (default)
2023-06-22 21:36:59,469 [599df4a6-6b73-4cda-a21a-cae0798e8b5d-groupManagement] INFO  server.RaftServerConfigKeys (ConfUtils.java:logGet(46)) - raft.server.log.purge.gap = 1000000 (custom)
2023-06-22 21:36:59,469 [599df4a6-6b73-4cda-a21a-cae0798e8b5d-groupManagement] INFO  server.RaftServerConfigKeys (ConfUtils.java:logGet(46)) - raft.server.log.appender.buffer.byte-limit = 33554432 (custom)
2023-06-22 21:36:59,469 [599df4a6-6b73-4cda-a21a-cae0798e8b5d-groupManagement] INFO  server.RaftServerConfigKeys (ConfUtils.java:logGet(46)) - raft.server.log.statemachine.data.read.timeout = 1000ms (default)
2023-06-22 21:36:59,469 [599df4a6-6b73-4cda-a21a-cae0798e8b5d-groupManagement] INFO  server.RaftServerConfigKeys (ConfUtils.java:logGet(46)) - raft.server.log.purge.preservation.log.num = 0 (default)
2023-06-22 21:36:59,469 [599df4a6-6b73-4cda-a21a-cae0798e8b5d-groupManagement] INFO  server.RaftServerConfigKeys (ConfUtils.java:logGet(46)) - raft.server.log.segment.size.max = 1048576 (custom)
2023-06-22 21:36:59,470 [599df4a6-6b73-4cda-a21a-cae0798e8b5d-groupManagement] INFO  server.RaftServerConfigKeys (ConfUtils.java:logGet(46)) - raft.server.log.segment.cache.num.max = 2 (custom)
2023-06-22 21:36:59,471 [599df4a6-6b73-4cda-a21a-cae0798e8b5d-groupManagement] INFO  server.RaftServerConfigKeys (ConfUtils.java:logGet(46)) - raft.server.log.segment.cache.size.max = 200MB (=209715200) (default)
2023-06-22 21:36:59,471 [599df4a6-6b73-4cda-a21a-cae0798e8b5d-groupManagement] INFO  server.RaftServerConfigKeys (ConfUtils.java:logGet(46)) - raft.server.log.appender.buffer.byte-limit = 33554432 (custom)
2023-06-22 21:36:59,471 [599df4a6-6b73-4cda-a21a-cae0798e8b5d-groupManagement] INFO  segmented.SegmentedRaftLogWorker (SegmentedRaftLogWorker.java:<init>(188)) - new 599df4a6-6b73-4cda-a21a-cae0798e8b5d@group-57D028C5577F-SegmentedRaftLogWorker for RaftStorageImpl:Storage Directory /home/runner/work/ozone/ozone/hadoop-ozone/integration-test/target/test-dir/MiniOzoneClusterImpl-9e90c1de-1c56-491c-b259-3d04922b55fd/datanode-2/data/ratis/b947b371-6094-4926-906b-57d028c5577f
2023-06-22 21:36:59,472 [599df4a6-6b73-4cda-a21a-cae0798e8b5d-groupManagement] INFO  server.RaftServerConfigKeys (ConfUtils.java:logGet(46)) - raft.server.log.queue.byte-limit = 4294967296 (custom)
2023-06-22 21:36:59,472 [599df4a6-6b73-4cda-a21a-cae0798e8b5d-groupManagement] INFO  server.RaftServerConfigKeys (ConfUtils.java:logGet(46)) - raft.server.log.queue.element-limit = 1024 (custom)
2023-06-22 21:36:59,472 [599df4a6-6b73-4cda-a21a-cae0798e8b5d-groupManagement] INFO  server.RaftServerConfigKeys (ConfUtils.java:logGet(46)) - raft.server.log.segment.size.max = 1048576 (custom)
2023-06-22 21:36:59,472 [599df4a6-6b73-4cda-a21a-cae0798e8b5d-groupManagement] INFO  server.RaftServerConfigKeys (ConfUtils.java:logGet(46)) - raft.server.log.preallocated.size = 16384 (custom)
2023-06-22 21:36:59,472 [599df4a6-6b73-4cda-a21a-cae0798e8b5d-groupManagement] INFO  server.RaftServerConfigKeys (ConfUtils.java:logGet(46)) - raft.server.log.force.sync.num = 128 (default)
2023-06-22 21:36:59,472 [599df4a6-6b73-4cda-a21a-cae0798e8b5d-groupManagement] INFO  server.RaftServerConfigKeys (ConfUtils.java:logGet(46)) - raft.server.log.statemachine.data.sync = true (default)
2023-06-22 21:36:59,472 [599df4a6-6b73-4cda-a21a-cae0798e8b5d-groupManagement] INFO  server.RaftServerConfigKeys (ConfUtils.java:logGet(46)) - raft.server.log.statemachine.data.sync.timeout = 10s (default)
2023-06-22 21:36:59,472 [599df4a6-6b73-4cda-a21a-cae0798e8b5d-groupManagement] INFO  server.RaftServerConfigKeys (ConfUtils.java:logGet(46)) - raft.server.log.statemachine.data.sync.timeout.retry = -1 (default)
2023-06-22 21:36:59,473 [599df4a6-6b73-4cda-a21a-cae0798e8b5d-groupManagement] INFO  server.RaftServerConfigKeys (ConfUtils.java:logGet(46)) - raft.server.log.write.buffer.size = 1048576 (custom)
2023-06-22 21:36:59,473 [599df4a6-6b73-4cda-a21a-cae0798e8b5d-groupManagement] INFO  server.RaftServerConfigKeys (ConfUtils.java:logGet(46)) - raft.server.log.appender.buffer.byte-limit = 33554432 (custom)
2023-06-22 21:36:59,478 [599df4a6-6b73-4cda-a21a-cae0798e8b5d-groupManagement] INFO  server.RaftServerConfigKeys (ConfUtils.java:logGet(46)) - raft.server.log.unsafe-flush.enabled = false (default)
2023-06-22 21:36:59,478 [599df4a6-6b73-4cda-a21a-cae0798e8b5d-groupManagement] INFO  server.RaftServerConfigKeys (ConfUtils.java:logGet(46)) - raft.server.log.async-flush.enabled = false (default)
2023-06-22 21:36:59,478 [599df4a6-6b73-4cda-a21a-cae0798e8b5d-groupManagement] INFO  server.RaftServerConfigKeys (ConfUtils.java:logGet(46)) - raft.server.log.statemachine.data.caching.enabled = true (custom)
2023-06-22 21:36:59,478 [599df4a6-6b73-4cda-a21a-cae0798e8b5d-groupManagement] INFO  segmented.SegmentedRaftLogWorker (SegmentedRaftLogWorker.java:lambda$new$0(135)) - 599df4a6-6b73-4cda-a21a-cae0798e8b5d@group-57D028C5577F-SegmentedRaftLogWorker: flushIndex: setUnconditionally 0 -> -1
2023-06-22 21:36:59,478 [599df4a6-6b73-4cda-a21a-cae0798e8b5d-groupManagement] INFO  segmented.SegmentedRaftLogWorker (SegmentedRaftLogWorker.java:lambda$new$0(135)) - 599df4a6-6b73-4cda-a21a-cae0798e8b5d@group-57D028C5577F-SegmentedRaftLogWorker: safeCacheEvictIndex: setUnconditionally 0 -> -1
2023-06-22 21:36:59,478 [599df4a6-6b73-4cda-a21a-cae0798e8b5d-groupManagement] INFO  server.RaftServer$Division (RaftServerImpl.java:start(342)) - 599df4a6-6b73-4cda-a21a-cae0798e8b5d@group-57D028C5577F: start as a follower, conf=-1: peers:[93c05b65-1d47-44de-af22-274bc9e484bb|rpc:10.1.1.69:15067|admin:10.1.1.69:15066|client:10.1.1.69:15065|dataStream:10.1.1.69:15068|priority:0|startupRole:FOLLOWER, 65b54071-31d6-4bc0-82c0-f363a9aa9754|rpc:10.1.1.69:15076|admin:10.1.1.69:15075|client:10.1.1.69:15074|dataStream:10.1.1.69:15077|priority:0|startupRole:FOLLOWER, 599df4a6-6b73-4cda-a21a-cae0798e8b5d|rpc:10.1.1.69:15085|admin:10.1.1.69:15084|client:10.1.1.69:15083|dataStream:10.1.1.69:15086|priority:1|startupRole:FOLLOWER]|listeners:[], old=null
2023-06-22 21:36:59,479 [599df4a6-6b73-4cda-a21a-cae0798e8b5d-groupManagement] INFO  server.RaftServer$Division (RaftServerImpl.java:setRole(329)) - 599df4a6-6b73-4cda-a21a-cae0798e8b5d@group-57D028C5577F: changes role from      null to FOLLOWER at term 0 for startAsFollower
2023-06-22 21:36:59,479 [599df4a6-6b73-4cda-a21a-cae0798e8b5d-groupManagement] INFO  impl.RoleInfo (RoleInfo.java:updateAndGet(139)) - 599df4a6-6b73-4cda-a21a-cae0798e8b5d: start 599df4a6-6b73-4cda-a21a-cae0798e8b5d@group-57D028C5577F-FollowerState
2023-06-22 21:36:59,479 [599df4a6-6b73-4cda-a21a-cae0798e8b5d-groupManagement] INFO  util.JmxRegister (JmxRegister.java:tryRegister(44)) - Successfully registered JMX Bean with object name Ratis:service=RaftServer,group=group-57D028C5577F,id=599df4a6-6b73-4cda-a21a-cae0798e8b5d
2023-06-22 21:36:59,479 [599df4a6-6b73-4cda-a21a-cae0798e8b5d-groupManagement] INFO  server.RaftServerConfigKeys (ConfUtils.java:logGet(46)) - raft.server.snapshot.auto.trigger.enabled = true (custom)
2023-06-22 21:36:59,479 [599df4a6-6b73-4cda-a21a-cae0798e8b5d-groupManagement] INFO  server.RaftServerConfigKeys (ConfUtils.java:logGet(46)) - raft.server.snapshot.auto.trigger.threshold = 10000 (custom)
2023-06-22 21:36:59,479 [599df4a6-6b73-4cda-a21a-cae0798e8b5d-groupManagement] INFO  server.RaftServerConfigKeys (ConfUtils.java:logGet(46)) - raft.server.snapshot.retention.file.num = 5 (custom)
2023-06-22 21:36:59,479 [599df4a6-6b73-4cda-a21a-cae0798e8b5d-groupManagement] INFO  server.RaftServerConfigKeys (ConfUtils.java:logGet(46)) - raft.server.log.purge.upto.snapshot.index = false (default)
2023-06-22 21:36:59,480 [599df4a6-6b73-4cda-a21a-cae0798e8b5d@group-57D028C5577F-FollowerState] INFO  server.RaftServerConfigKeys (ConfUtils.java:logFallback(53)) - raft.server.rpc.first-election.timeout.min = 5s (fallback to raft.server.rpc.timeout.min)
2023-06-22 21:36:59,480 [599df4a6-6b73-4cda-a21a-cae0798e8b5d@group-57D028C5577F-FollowerState] INFO  server.RaftServerConfigKeys (ConfUtils.java:logFallback(53)) - raft.server.rpc.first-election.timeout.max = 5200ms (fallback to raft.server.rpc.timeout.max)
2023-06-22 21:36:59,496 [grpc-default-executor-4] INFO  server.RaftServer (RaftServerProxy.java:addNew(98)) - 65b54071-31d6-4bc0-82c0-f363a9aa9754: addNew group-57D028C5577F:[93c05b65-1d47-44de-af22-274bc9e484bb|rpc:10.1.1.69:15067|admin:10.1.1.69:15066|client:10.1.1.69:15065|dataStream:10.1.1.69:15068|priority:0|startupRole:FOLLOWER, 65b54071-31d6-4bc0-82c0-f363a9aa9754|rpc:10.1.1.69:15076|admin:10.1.1.69:15075|client:10.1.1.69:15074|dataStream:10.1.1.69:15077|priority:0|startupRole:FOLLOWER, 599df4a6-6b73-4cda-a21a-cae0798e8b5d|rpc:10.1.1.69:15085|admin:10.1.1.69:15084|client:10.1.1.69:15083|dataStream:10.1.1.69:15086|priority:1|startupRole:FOLLOWER] returns group-57D028C5577F:java.util.concurrent.CompletableFuture@13714c82[Not completed]
2023-06-22 21:36:59,497 [65b54071-31d6-4bc0-82c0-f363a9aa9754-groupManagement] INFO  server.RaftServer$Division (RaftServerImpl.java:<init>(198)) - 65b54071-31d6-4bc0-82c0-f363a9aa9754: new RaftServerImpl for group-57D028C5577F:[93c05b65-1d47-44de-af22-274bc9e484bb|rpc:10.1.1.69:15067|admin:10.1.1.69:15066|client:10.1.1.69:15065|dataStream:10.1.1.69:15068|priority:0|startupRole:FOLLOWER, 65b54071-31d6-4bc0-82c0-f363a9aa9754|rpc:10.1.1.69:15076|admin:10.1.1.69:15075|client:10.1.1.69:15074|dataStream:10.1.1.69:15077|priority:0|startupRole:FOLLOWER, 599df4a6-6b73-4cda-a21a-cae0798e8b5d|rpc:10.1.1.69:15085|admin:10.1.1.69:15084|client:10.1.1.69:15083|dataStream:10.1.1.69:15086|priority:1|startupRole:FOLLOWER] with ContainerStateMachine:uninitialized
2023-06-22 21:36:59,498 [65b54071-31d6-4bc0-82c0-f363a9aa9754-groupManagement] INFO  server.RaftServerConfigKeys (ConfUtils.java:logGet(46)) - raft.server.rpc.timeout.min = 5s (custom)
2023-06-22 21:36:59,498 [65b54071-31d6-4bc0-82c0-f363a9aa9754-groupManagement] INFO  server.RaftServerConfigKeys (ConfUtils.java:logGet(46)) - raft.server.rpc.timeout.max = 5200ms (custom)
2023-06-22 21:36:59,498 [65b54071-31d6-4bc0-82c0-f363a9aa9754-groupManagement] INFO  server.RaftServerConfigKeys (ConfUtils.java:logGet(46)) - raft.server.rpc.sleep.time = 25ms (default)
2023-06-22 21:36:59,498 [65b54071-31d6-4bc0-82c0-f363a9aa9754-groupManagement] INFO  server.RaftServerConfigKeys (ConfUtils.java:logGet(46)) - raft.server.rpc.slowness.timeout = 300s (custom)
2023-06-22 21:36:59,498 [65b54071-31d6-4bc0-82c0-f363a9aa9754-groupManagement] INFO  server.RaftServerConfigKeys (ConfUtils.java:logGet(46)) - raft.server.leaderelection.leader.step-down.wait-time = 10s (default)
2023-06-22 21:36:59,498 [65b54071-31d6-4bc0-82c0-f363a9aa9754-groupManagement] INFO  server.RaftServerConfigKeys (ConfUtils.java:logGet(46)) - raft.server.sleep.deviation.threshold = 300ms (default)
2023-06-22 21:36:59,498 [65b54071-31d6-4bc0-82c0-f363a9aa9754-groupManagement] INFO  server.RaftServer$Division (ServerState.java:<init>(120)) - 65b54071-31d6-4bc0-82c0-f363a9aa9754@group-57D028C5577F: ConfigurationManager, init=-1: peers:[93c05b65-1d47-44de-af22-274bc9e484bb|rpc:10.1.1.69:15067|admin:10.1.1.69:15066|client:10.1.1.69:15065|dataStream:10.1.1.69:15068|priority:0|startupRole:FOLLOWER, 65b54071-31d6-4bc0-82c0-f363a9aa9754|rpc:10.1.1.69:15076|admin:10.1.1.69:15075|client:10.1.1.69:15074|dataStream:10.1.1.69:15077|priority:0|startupRole:FOLLOWER, 599df4a6-6b73-4cda-a21a-cae0798e8b5d|rpc:10.1.1.69:15085|admin:10.1.1.69:15084|client:10.1.1.69:15083|dataStream:10.1.1.69:15086|priority:1|startupRole:FOLLOWER]|listeners:[], old=null, confs=<EMPTY_MAP>
2023-06-22 21:36:59,498 [65b54071-31d6-4bc0-82c0-f363a9aa9754-groupManagement] INFO  server.RaftServerConfigKeys (ConfUtils.java:logGet(46)) - raft.server.storage.dir = [/home/runner/work/ozone/ozone/hadoop-ozone/integration-test/target/test-dir/MiniOzoneClusterImpl-9e90c1de-1c56-491c-b259-3d04922b55fd/datanode-1/data/ratis] (custom)
2023-06-22 21:36:59,498 [65b54071-31d6-4bc0-82c0-f363a9aa9754-groupManagement] INFO  server.RaftServerConfigKeys (ConfUtils.java:logGet(46)) - raft.server.log.corruption.policy = EXCEPTION (default)
2023-06-22 21:36:59,498 [65b54071-31d6-4bc0-82c0-f363a9aa9754-groupManagement] INFO  server.RaftServerConfigKeys (ConfUtils.java:logGet(46)) - raft.server.storage.free-space.min = 0MB (=0) (default)
2023-06-22 21:36:59,498 [65b54071-31d6-4bc0-82c0-f363a9aa9754-groupManagement] INFO  server.RaftServerConfigKeys (ConfUtils.java:logGet(46)) - raft.server.notification.no-leader.timeout = 300s (custom)
2023-06-22 21:36:59,498 [65b54071-31d6-4bc0-82c0-f363a9aa9754-groupManagement] INFO  server.RaftServerConfigKeys (ConfUtils.java:logGet(46)) - raft.server.read.timeout = 10s (default)
2023-06-22 21:36:59,498 [65b54071-31d6-4bc0-82c0-f363a9aa9754-groupManagement] INFO  server.RaftServerConfigKeys (ConfUtils.java:logGet(46)) - raft.server.retrycache.expirytime = 600000ms (custom)
2023-06-22 21:36:59,498 [65b54071-31d6-4bc0-82c0-f363a9aa9754-groupManagement] INFO  server.RaftServerConfigKeys (ConfUtils.java:logGet(46)) - raft.server.retrycache.statistics.expirytime = 100μs (default)
2023-06-22 21:36:59,499 [65b54071-31d6-4bc0-82c0-f363a9aa9754-groupManagement] INFO  server.RaftServerConfigKeys (ConfUtils.java:logGet(46)) - raft.server.read.option = DEFAULT (default)
2023-06-22 21:36:59,499 [65b54071-31d6-4bc0-82c0-f363a9aa9754-groupManagement] INFO  server.RaftServerConfigKeys (ConfUtils.java:logGet(46)) - raft.server.rpc.request.timeout = 60s (custom)
2023-06-22 21:36:59,499 [65b54071-31d6-4bc0-82c0-f363a9aa9754-groupManagement] INFO  server.RaftServerConfigKeys (ConfUtils.java:logGet(46)) - raft.server.log.appender.install.snapshot.enabled = false (custom)
2023-06-22 21:36:59,499 [65b54071-31d6-4bc0-82c0-f363a9aa9754-groupManagement] INFO  server.RaftServerConfigKeys (ConfUtils.java:logGet(46)) - raft.server.threadpool.server.cached = true (default)
2023-06-22 21:36:59,499 [65b54071-31d6-4bc0-82c0-f363a9aa9754-groupManagement] INFO  server.RaftServerConfigKeys (ConfUtils.java:logGet(46)) - raft.server.threadpool.server.size = 0 (default)
2023-06-22 21:36:59,499 [65b54071-31d6-4bc0-82c0-f363a9aa9754-groupManagement] INFO  server.RaftServerConfigKeys (ConfUtils.java:logGet(46)) - raft.server.threadpool.client.cached = true (default)
2023-06-22 21:36:59,499 [65b54071-31d6-4bc0-82c0-f363a9aa9754-groupManagement] INFO  server.RaftServerConfigKeys (ConfUtils.java:logGet(46)) - raft.server.threadpool.client.size = 0 (default)
2023-06-22 21:36:59,500 [65b54071-31d6-4bc0-82c0-f363a9aa9754-groupManagement] INFO  storage.RaftStorageDirectory (RaftStorageDirectoryImpl.java:analyzeStorage(137)) - The storage directory /home/runner/work/ozone/ozone/hadoop-ozone/integration-test/target/test-dir/MiniOzoneClusterImpl-9e90c1de-1c56-491c-b259-3d04922b55fd/datanode-1/data/ratis/b947b371-6094-4926-906b-57d028c5577f does not exist. Creating ...
2023-06-22 21:36:59,501 [65b54071-31d6-4bc0-82c0-f363a9aa9754-groupManagement] INFO  storage.RaftStorageDirectory (RaftStorageDirectoryImpl.java:tryLock(231)) - Lock on /home/runner/work/ozone/ozone/hadoop-ozone/integration-test/target/test-dir/MiniOzoneClusterImpl-9e90c1de-1c56-491c-b259-3d04922b55fd/datanode-1/data/ratis/b947b371-6094-4926-906b-57d028c5577f/in_use.lock acquired by nodename 41615@fv-az504-135
2023-06-22 21:36:59,502 [65b54071-31d6-4bc0-82c0-f363a9aa9754-groupManagement] INFO  storage.RaftStorage (RaftStorageImpl.java:format(96)) - Storage directory /home/runner/work/ozone/ozone/hadoop-ozone/integration-test/target/test-dir/MiniOzoneClusterImpl-9e90c1de-1c56-491c-b259-3d04922b55fd/datanode-1/data/ratis/b947b371-6094-4926-906b-57d028c5577f has been successfully formatted.
2023-06-22 21:36:59,503 [65b54071-31d6-4bc0-82c0-f363a9aa9754-groupManagement] INFO  ratis.ContainerStateMachine (ContainerStateMachine.java:loadSnapshot(262)) - group-57D028C5577F: The snapshot info is null. Setting the last applied indexto:(t:0, i:~)
2023-06-22 21:36:59,503 [65b54071-31d6-4bc0-82c0-f363a9aa9754-groupManagement] INFO  server.RaftServerConfigKeys (ConfUtils.java:logGet(46)) - raft.server.log.use.memory = false (default)
2023-06-22 21:36:59,503 [65b54071-31d6-4bc0-82c0-f363a9aa9754-groupManagement] INFO  server.RaftServerConfigKeys (ConfUtils.java:logGet(46)) - raft.server.log.purge.gap = 1000000 (custom)
2023-06-22 21:36:59,504 [65b54071-31d6-4bc0-82c0-f363a9aa9754-groupManagement] INFO  server.RaftServerConfigKeys (ConfUtils.java:logGet(46)) - raft.server.log.appender.buffer.byte-limit = 33554432 (custom)
2023-06-22 21:36:59,504 [65b54071-31d6-4bc0-82c0-f363a9aa9754-groupManagement] INFO  server.RaftServerConfigKeys (ConfUtils.java:logGet(46)) - raft.server.log.statemachine.data.read.timeout = 1000ms (default)
2023-06-22 21:36:59,504 [65b54071-31d6-4bc0-82c0-f363a9aa9754-groupManagement] INFO  server.RaftServerConfigKeys (ConfUtils.java:logGet(46)) - raft.server.log.purge.preservation.log.num = 0 (default)
2023-06-22 21:36:59,504 [65b54071-31d6-4bc0-82c0-f363a9aa9754-groupManagement] INFO  server.RaftServerConfigKeys (ConfUtils.java:logGet(46)) - raft.server.log.segment.size.max = 1048576 (custom)
2023-06-22 21:36:59,504 [65b54071-31d6-4bc0-82c0-f363a9aa9754-groupManagement] INFO  server.RaftServerConfigKeys (ConfUtils.java:logGet(46)) - raft.server.log.segment.cache.num.max = 2 (custom)
2023-06-22 21:36:59,504 [65b54071-31d6-4bc0-82c0-f363a9aa9754-groupManagement] INFO  server.RaftServerConfigKeys (ConfUtils.java:logGet(46)) - raft.server.log.segment.cache.size.max = 200MB (=209715200) (default)
2023-06-22 21:36:59,504 [65b54071-31d6-4bc0-82c0-f363a9aa9754-groupManagement] INFO  server.RaftServerConfigKeys (ConfUtils.java:logGet(46)) - raft.server.log.appender.buffer.byte-limit = 33554432 (custom)
2023-06-22 21:36:59,504 [65b54071-31d6-4bc0-82c0-f363a9aa9754-groupManagement] INFO  segmented.SegmentedRaftLogWorker (SegmentedRaftLogWorker.java:<init>(188)) - new 65b54071-31d6-4bc0-82c0-f363a9aa9754@group-57D028C5577F-SegmentedRaftLogWorker for RaftStorageImpl:Storage Directory /home/runner/work/ozone/ozone/hadoop-ozone/integration-test/target/test-dir/MiniOzoneClusterImpl-9e90c1de-1c56-491c-b259-3d04922b55fd/datanode-1/data/ratis/b947b371-6094-4926-906b-57d028c5577f
2023-06-22 21:36:59,505 [65b54071-31d6-4bc0-82c0-f363a9aa9754-groupManagement] INFO  server.RaftServerConfigKeys (ConfUtils.java:logGet(46)) - raft.server.log.queue.byte-limit = 4294967296 (custom)
2023-06-22 21:36:59,505 [65b54071-31d6-4bc0-82c0-f363a9aa9754-groupManagement] INFO  server.RaftServerConfigKeys (ConfUtils.java:logGet(46)) - raft.server.log.queue.element-limit = 1024 (custom)
2023-06-22 21:36:59,505 [65b54071-31d6-4bc0-82c0-f363a9aa9754-groupManagement] INFO  server.RaftServerConfigKeys (ConfUtils.java:logGet(46)) - raft.server.log.segment.size.max = 1048576 (custom)
2023-06-22 21:36:59,505 [65b54071-31d6-4bc0-82c0-f363a9aa9754-groupManagement] INFO  server.RaftServerConfigKeys (ConfUtils.java:logGet(46)) - raft.server.log.preallocated.size = 16384 (custom)
2023-06-22 21:36:59,505 [65b54071-31d6-4bc0-82c0-f363a9aa9754-groupManagement] INFO  server.RaftServerConfigKeys (ConfUtils.java:logGet(46)) - raft.server.log.force.sync.num = 128 (default)
2023-06-22 21:36:59,505 [65b54071-31d6-4bc0-82c0-f363a9aa9754-groupManagement] INFO  server.RaftServerConfigKeys (ConfUtils.java:logGet(46)) - raft.server.log.statemachine.data.sync = true (default)
2023-06-22 21:36:59,505 [65b54071-31d6-4bc0-82c0-f363a9aa9754-groupManagement] INFO  server.RaftServerConfigKeys (ConfUtils.java:logGet(46)) - raft.server.log.statemachine.data.sync.timeout = 10s (default)
2023-06-22 21:36:59,505 [65b54071-31d6-4bc0-82c0-f363a9aa9754-groupManagement] INFO  server.RaftServerConfigKeys (ConfUtils.java:logGet(46)) - raft.server.log.statemachine.data.sync.timeout.retry = -1 (default)
2023-06-22 21:36:59,505 [65b54071-31d6-4bc0-82c0-f363a9aa9754-groupManagement] INFO  server.RaftServerConfigKeys (ConfUtils.java:logGet(46)) - raft.server.log.write.buffer.size = 1048576 (custom)
2023-06-22 21:36:59,506 [65b54071-31d6-4bc0-82c0-f363a9aa9754-groupManagement] INFO  server.RaftServerConfigKeys (ConfUtils.java:logGet(46)) - raft.server.log.appender.buffer.byte-limit = 33554432 (custom)
2023-06-22 21:36:59,511 [65b54071-31d6-4bc0-82c0-f363a9aa9754-groupManagement] INFO  server.RaftServerConfigKeys (ConfUtils.java:logGet(46)) - raft.server.log.unsafe-flush.enabled = false (default)
2023-06-22 21:36:59,511 [65b54071-31d6-4bc0-82c0-f363a9aa9754-groupManagement] INFO  server.RaftServerConfigKeys (ConfUtils.java:logGet(46)) - raft.server.log.async-flush.enabled = false (default)
2023-06-22 21:36:59,511 [65b54071-31d6-4bc0-82c0-f363a9aa9754-groupManagement] INFO  server.RaftServerConfigKeys (ConfUtils.java:logGet(46)) - raft.server.log.statemachine.data.caching.enabled = true (custom)
2023-06-22 21:36:59,512 [65b54071-31d6-4bc0-82c0-f363a9aa9754-groupManagement] INFO  segmented.SegmentedRaftLogWorker (SegmentedRaftLogWorker.java:lambda$new$0(135)) - 65b54071-31d6-4bc0-82c0-f363a9aa9754@group-57D028C5577F-SegmentedRaftLogWorker: flushIndex: setUnconditionally 0 -> -1
2023-06-22 21:36:59,512 [65b54071-31d6-4bc0-82c0-f363a9aa9754-groupManagement] INFO  segmented.SegmentedRaftLogWorker (SegmentedRaftLogWorker.java:lambda$new$0(135)) - 65b54071-31d6-4bc0-82c0-f363a9aa9754@group-57D028C5577F-SegmentedRaftLogWorker: safeCacheEvictIndex: setUnconditionally 0 -> -1
2023-06-22 21:36:59,512 [65b54071-31d6-4bc0-82c0-f363a9aa9754-groupManagement] INFO  server.RaftServer$Division (RaftServerImpl.java:start(342)) - 65b54071-31d6-4bc0-82c0-f363a9aa9754@group-57D028C5577F: start as a follower, conf=-1: peers:[93c05b65-1d47-44de-af22-274bc9e484bb|rpc:10.1.1.69:15067|admin:10.1.1.69:15066|client:10.1.1.69:15065|dataStream:10.1.1.69:15068|priority:0|startupRole:FOLLOWER, 65b54071-31d6-4bc0-82c0-f363a9aa9754|rpc:10.1.1.69:15076|admin:10.1.1.69:15075|client:10.1.1.69:15074|dataStream:10.1.1.69:15077|priority:0|startupRole:FOLLOWER, 599df4a6-6b73-4cda-a21a-cae0798e8b5d|rpc:10.1.1.69:15085|admin:10.1.1.69:15084|client:10.1.1.69:15083|dataStream:10.1.1.69:15086|priority:1|startupRole:FOLLOWER]|listeners:[], old=null
2023-06-22 21:36:59,512 [65b54071-31d6-4bc0-82c0-f363a9aa9754-groupManagement] INFO  server.RaftServer$Division (RaftServerImpl.java:setRole(329)) - 65b54071-31d6-4bc0-82c0-f363a9aa9754@group-57D028C5577F: changes role from      null to FOLLOWER at term 0 for startAsFollower
2023-06-22 21:36:59,512 [65b54071-31d6-4bc0-82c0-f363a9aa9754-groupManagement] INFO  impl.RoleInfo (RoleInfo.java:updateAndGet(139)) - 65b54071-31d6-4bc0-82c0-f363a9aa9754: start 65b54071-31d6-4bc0-82c0-f363a9aa9754@group-57D028C5577F-FollowerState
2023-06-22 21:36:59,512 [65b54071-31d6-4bc0-82c0-f363a9aa9754-groupManagement] INFO  util.JmxRegister (JmxRegister.java:tryRegister(44)) - Successfully registered JMX Bean with object name Ratis:service=RaftServer,group=group-57D028C5577F,id=65b54071-31d6-4bc0-82c0-f363a9aa9754
2023-06-22 21:36:59,512 [65b54071-31d6-4bc0-82c0-f363a9aa9754-groupManagement] INFO  server.RaftServerConfigKeys (ConfUtils.java:logGet(46)) - raft.server.snapshot.auto.trigger.enabled = true (custom)
2023-06-22 21:36:59,513 [65b54071-31d6-4bc0-82c0-f363a9aa9754-groupManagement] INFO  server.RaftServerConfigKeys (ConfUtils.java:logGet(46)) - raft.server.snapshot.auto.trigger.threshold = 10000 (custom)
2023-06-22 21:36:59,513 [65b54071-31d6-4bc0-82c0-f363a9aa9754-groupManagement] INFO  server.RaftServerConfigKeys (ConfUtils.java:logGet(46)) - raft.server.snapshot.retention.file.num = 5 (custom)
2023-06-22 21:36:59,513 [65b54071-31d6-4bc0-82c0-f363a9aa9754-groupManagement] INFO  server.RaftServerConfigKeys (ConfUtils.java:logGet(46)) - raft.server.log.purge.upto.snapshot.index = false (default)
2023-06-22 21:36:59,513 [65b54071-31d6-4bc0-82c0-f363a9aa9754@group-57D028C5577F-FollowerState] INFO  server.RaftServerConfigKeys (ConfUtils.java:logFallback(53)) - raft.server.rpc.first-election.timeout.min = 5s (fallback to raft.server.rpc.timeout.min)
2023-06-22 21:36:59,513 [65b54071-31d6-4bc0-82c0-f363a9aa9754@group-57D028C5577F-FollowerState] INFO  server.RaftServerConfigKeys (ConfUtils.java:logFallback(53)) - raft.server.rpc.first-election.timeout.max = 5200ms (fallback to raft.server.rpc.timeout.max)
2023-06-22 21:36:59,521 [PipelineCommandHandlerThread-0] INFO  commandhandler.CreatePipelineCommandHandler (CreatePipelineCommandHandler.java:lambda$handle$2(124)) - Created Pipeline RATIS THREE PipelineID=b947b371-6094-4926-906b-57d028c5577f.
2023-06-22 21:36:59,642 [PipelineCommandHandlerThread-0] INFO  server.RaftServer (RaftServerProxy.java:addNew(98)) - 65b54071-31d6-4bc0-82c0-f363a9aa9754: addNew group-615D030D2EFE:[65b54071-31d6-4bc0-82c0-f363a9aa9754|rpc:10.1.1.69:15076|admin:10.1.1.69:15075|client:10.1.1.69:15074|dataStream:10.1.1.69:15077|priority:1|startupRole:FOLLOWER] returns group-615D030D2EFE:java.util.concurrent.CompletableFuture@7313b392[Not completed]
2023-06-22 21:36:59,643 [65b54071-31d6-4bc0-82c0-f363a9aa9754-groupManagement] INFO  server.RaftServer$Division (RaftServerImpl.java:<init>(198)) - 65b54071-31d6-4bc0-82c0-f363a9aa9754: new RaftServerImpl for group-615D030D2EFE:[65b54071-31d6-4bc0-82c0-f363a9aa9754|rpc:10.1.1.69:15076|admin:10.1.1.69:15075|client:10.1.1.69:15074|dataStream:10.1.1.69:15077|priority:1|startupRole:FOLLOWER] with ContainerStateMachine:uninitialized
2023-06-22 21:36:59,643 [65b54071-31d6-4bc0-82c0-f363a9aa9754-groupManagement] INFO  server.RaftServerConfigKeys (ConfUtils.java:logGet(46)) - raft.server.rpc.timeout.min = 5s (custom)
2023-06-22 21:36:59,643 [65b54071-31d6-4bc0-82c0-f363a9aa9754-groupManagement] INFO  server.RaftServerConfigKeys (ConfUtils.java:logGet(46)) - raft.server.rpc.timeout.max = 5200ms (custom)
2023-06-22 21:36:59,643 [65b54071-31d6-4bc0-82c0-f363a9aa9754-groupManagement] INFO  server.RaftServerConfigKeys (ConfUtils.java:logGet(46)) - raft.server.rpc.sleep.time = 25ms (default)
2023-06-22 21:36:59,643 [65b54071-31d6-4bc0-82c0-f363a9aa9754-groupManagement] INFO  server.RaftServerConfigKeys (ConfUtils.java:logGet(46)) - raft.server.rpc.slowness.timeout = 300s (custom)
2023-06-22 21:36:59,643 [65b54071-31d6-4bc0-82c0-f363a9aa9754-groupManagement] INFO  server.RaftServerConfigKeys (ConfUtils.java:logGet(46)) - raft.server.leaderelection.leader.step-down.wait-time = 10s (default)
2023-06-22 21:36:59,643 [65b54071-31d6-4bc0-82c0-f363a9aa9754-groupManagement] INFO  server.RaftServerConfigKeys (ConfUtils.java:logGet(46)) - raft.server.sleep.deviation.threshold = 300ms (default)
2023-06-22 21:36:59,643 [65b54071-31d6-4bc0-82c0-f363a9aa9754-groupManagement] INFO  server.RaftServer$Division (ServerState.java:<init>(120)) - 65b54071-31d6-4bc0-82c0-f363a9aa9754@group-615D030D2EFE: ConfigurationManager, init=-1: peers:[65b54071-31d6-4bc0-82c0-f363a9aa9754|rpc:10.1.1.69:15076|admin:10.1.1.69:15075|client:10.1.1.69:15074|dataStream:10.1.1.69:15077|priority:1|startupRole:FOLLOWER]|listeners:[], old=null, confs=<EMPTY_MAP>
2023-06-22 21:36:59,644 [65b54071-31d6-4bc0-82c0-f363a9aa9754-groupManagement] INFO  server.RaftServerConfigKeys (ConfUtils.java:logGet(46)) - raft.server.storage.dir = [/home/runner/work/ozone/ozone/hadoop-ozone/integration-test/target/test-dir/MiniOzoneClusterImpl-9e90c1de-1c56-491c-b259-3d04922b55fd/datanode-1/data/ratis] (custom)
2023-06-22 21:36:59,644 [65b54071-31d6-4bc0-82c0-f363a9aa9754-groupManagement] INFO  server.RaftServerConfigKeys (ConfUtils.java:logGet(46)) - raft.server.log.corruption.policy = EXCEPTION (default)
2023-06-22 21:36:59,644 [65b54071-31d6-4bc0-82c0-f363a9aa9754-groupManagement] INFO  server.RaftServerConfigKeys (ConfUtils.java:logGet(46)) - raft.server.storage.free-space.min = 0MB (=0) (default)
2023-06-22 21:36:59,644 [65b54071-31d6-4bc0-82c0-f363a9aa9754-groupManagement] INFO  server.RaftServerConfigKeys (ConfUtils.java:logGet(46)) - raft.server.notification.no-leader.timeout = 300s (custom)
2023-06-22 21:36:59,644 [65b54071-31d6-4bc0-82c0-f363a9aa9754-groupManagement] INFO  server.RaftServerConfigKeys (ConfUtils.java:logGet(46)) - raft.server.read.timeout = 10s (default)
2023-06-22 21:36:59,644 [65b54071-31d6-4bc0-82c0-f363a9aa9754-groupManagement] INFO  server.RaftServerConfigKeys (ConfUtils.java:logGet(46)) - raft.server.retrycache.expirytime = 600000ms (custom)
2023-06-22 21:36:59,644 [65b54071-31d6-4bc0-82c0-f363a9aa9754-groupManagement] INFO  server.RaftServerConfigKeys (ConfUtils.java:logGet(46)) - raft.server.retrycache.statistics.expirytime = 100μs (default)
2023-06-22 21:36:59,644 [65b54071-31d6-4bc0-82c0-f363a9aa9754-groupManagement] INFO  server.RaftServerConfigKeys (ConfUtils.java:logGet(46)) - raft.server.read.option = DEFAULT (default)
2023-06-22 21:36:59,645 [65b54071-31d6-4bc0-82c0-f363a9aa9754-groupManagement] INFO  server.RaftServerConfigKeys (ConfUtils.java:logGet(46)) - raft.server.rpc.request.timeout = 60s (custom)
2023-06-22 21:36:59,645 [65b54071-31d6-4bc0-82c0-f363a9aa9754-groupManagement] INFO  server.RaftServerConfigKeys (ConfUtils.java:logGet(46)) - raft.server.log.appender.install.snapshot.enabled = false (custom)
2023-06-22 21:36:59,645 [65b54071-31d6-4bc0-82c0-f363a9aa9754-groupManagement] INFO  server.RaftServerConfigKeys (ConfUtils.java:logGet(46)) - raft.server.threadpool.server.cached = true (default)
2023-06-22 21:36:59,645 [65b54071-31d6-4bc0-82c0-f363a9aa9754-groupManagement] INFO  server.RaftServerConfigKeys (ConfUtils.java:logGet(46)) - raft.server.threadpool.server.size = 0 (default)
2023-06-22 21:36:59,645 [65b54071-31d6-4bc0-82c0-f363a9aa9754-groupManagement] INFO  server.RaftServerConfigKeys (ConfUtils.java:logGet(46)) - raft.server.threadpool.client.cached = true (default)
2023-06-22 21:36:59,645 [65b54071-31d6-4bc0-82c0-f363a9aa9754-groupManagement] INFO  server.RaftServerConfigKeys (ConfUtils.java:logGet(46)) - raft.server.threadpool.client.size = 0 (default)
2023-06-22 21:36:59,649 [65b54071-31d6-4bc0-82c0-f363a9aa9754-groupManagement] INFO  storage.RaftStorageDirectory (RaftStorageDirectoryImpl.java:analyzeStorage(137)) - The storage directory /home/runner/work/ozone/ozone/hadoop-ozone/integration-test/target/test-dir/MiniOzoneClusterImpl-9e90c1de-1c56-491c-b259-3d04922b55fd/datanode-1/data/ratis/f2a4422f-2633-42eb-aa49-615d030d2efe does not exist. Creating ...
2023-06-22 21:36:59,651 [65b54071-31d6-4bc0-82c0-f363a9aa9754-groupManagement] INFO  storage.RaftStorageDirectory (RaftStorageDirectoryImpl.java:tryLock(231)) - Lock on /home/runner/work/ozone/ozone/hadoop-ozone/integration-test/target/test-dir/MiniOzoneClusterImpl-9e90c1de-1c56-491c-b259-3d04922b55fd/datanode-1/data/ratis/f2a4422f-2633-42eb-aa49-615d030d2efe/in_use.lock acquired by nodename 41615@fv-az504-135
2023-06-22 21:36:59,652 [65b54071-31d6-4bc0-82c0-f363a9aa9754-groupManagement] INFO  storage.RaftStorage (RaftStorageImpl.java:format(96)) - Storage directory /home/runner/work/ozone/ozone/hadoop-ozone/integration-test/target/test-dir/MiniOzoneClusterImpl-9e90c1de-1c56-491c-b259-3d04922b55fd/datanode-1/data/ratis/f2a4422f-2633-42eb-aa49-615d030d2efe has been successfully formatted.
2023-06-22 21:36:59,653 [65b54071-31d6-4bc0-82c0-f363a9aa9754-groupManagement] INFO  ratis.ContainerStateMachine (ContainerStateMachine.java:loadSnapshot(262)) - group-615D030D2EFE: The snapshot info is null. Setting the last applied indexto:(t:0, i:~)
2023-06-22 21:36:59,653 [65b54071-31d6-4bc0-82c0-f363a9aa9754-groupManagement] INFO  server.RaftServerConfigKeys (ConfUtils.java:logGet(46)) - raft.server.log.use.memory = false (default)
2023-06-22 21:36:59,653 [65b54071-31d6-4bc0-82c0-f363a9aa9754-groupManagement] INFO  server.RaftServerConfigKeys (ConfUtils.java:logGet(46)) - raft.server.log.purge.gap = 1000000 (custom)
2023-06-22 21:36:59,653 [65b54071-31d6-4bc0-82c0-f363a9aa9754-groupManagement] INFO  server.RaftServerConfigKeys (ConfUtils.java:logGet(46)) - raft.server.log.appender.buffer.byte-limit = 33554432 (custom)
2023-06-22 21:36:59,653 [65b54071-31d6-4bc0-82c0-f363a9aa9754-groupManagement] INFO  server.RaftServerConfigKeys (ConfUtils.java:logGet(46)) - raft.server.log.statemachine.data.read.timeout = 1000ms (default)
2023-06-22 21:36:59,653 [65b54071-31d6-4bc0-82c0-f363a9aa9754-groupManagement] INFO  server.RaftServerConfigKeys (ConfUtils.java:logGet(46)) - raft.server.log.purge.preservation.log.num = 0 (default)
2023-06-22 21:36:59,653 [65b54071-31d6-4bc0-82c0-f363a9aa9754-groupManagement] INFO  server.RaftServerConfigKeys (ConfUtils.java:logGet(46)) - raft.server.log.segment.size.max = 1048576 (custom)
2023-06-22 21:36:59,654 [65b54071-31d6-4bc0-82c0-f363a9aa9754-groupManagement] INFO  server.RaftServerConfigKeys (ConfUtils.java:logGet(46)) - raft.server.log.segment.cache.num.max = 2 (custom)
2023-06-22 21:36:59,654 [65b54071-31d6-4bc0-82c0-f363a9aa9754-groupManagement] INFO  server.RaftServerConfigKeys (ConfUtils.java:logGet(46)) - raft.server.log.segment.cache.size.max = 200MB (=209715200) (default)
2023-06-22 21:36:59,654 [EventQueue-PipelineReportForPipelineReportHandler] INFO  pipeline.PipelineManagerImpl (PipelineManagerImpl.java:openPipeline(367)) - Pipeline Pipeline[ Id: f2a4422f-2633-42eb-aa49-615d030d2efe, Nodes: 65b54071-31d6-4bc0-82c0-f363a9aa9754(fv-az504-135/10.1.1.69), ReplicationConfig: RATIS/ONE, State:ALLOCATED, leaderId:65b54071-31d6-4bc0-82c0-f363a9aa9754, CreationTimestamp2023-06-22T21:36:56.645Z[Etc/UTC]] moved to OPEN state
2023-06-22 21:36:59,654 [65b54071-31d6-4bc0-82c0-f363a9aa9754-groupManagement] INFO  server.RaftServerConfigKeys (ConfUtils.java:logGet(46)) - raft.server.log.appender.buffer.byte-limit = 33554432 (custom)
2023-06-22 21:36:59,654 [65b54071-31d6-4bc0-82c0-f363a9aa9754-groupManagement] INFO  segmented.SegmentedRaftLogWorker (SegmentedRaftLogWorker.java:<init>(188)) - new 65b54071-31d6-4bc0-82c0-f363a9aa9754@group-615D030D2EFE-SegmentedRaftLogWorker for RaftStorageImpl:Storage Directory /home/runner/work/ozone/ozone/hadoop-ozone/integration-test/target/test-dir/MiniOzoneClusterImpl-9e90c1de-1c56-491c-b259-3d04922b55fd/datanode-1/data/ratis/f2a4422f-2633-42eb-aa49-615d030d2efe
2023-06-22 21:36:59,654 [65b54071-31d6-4bc0-82c0-f363a9aa9754-groupManagement] INFO  server.RaftServerConfigKeys (ConfUtils.java:logGet(46)) - raft.server.log.queue.byte-limit = 4294967296 (custom)
2023-06-22 21:36:59,654 [65b54071-31d6-4bc0-82c0-f363a9aa9754-groupManagement] INFO  server.RaftServerConfigKeys (ConfUtils.java:logGet(46)) - raft.server.log.queue.element-limit = 1024 (custom)
2023-06-22 21:36:59,654 [65b54071-31d6-4bc0-82c0-f363a9aa9754-groupManagement] INFO  server.RaftServerConfigKeys (ConfUtils.java:logGet(46)) - raft.server.log.segment.size.max = 1048576 (custom)
2023-06-22 21:36:59,654 [65b54071-31d6-4bc0-82c0-f363a9aa9754-groupManagement] INFO  server.RaftServerConfigKeys (ConfUtils.java:logGet(46)) - raft.server.log.preallocated.size = 16384 (custom)
2023-06-22 21:36:59,654 [65b54071-31d6-4bc0-82c0-f363a9aa9754-groupManagement] INFO  server.RaftServerConfigKeys (ConfUtils.java:logGet(46)) - raft.server.log.force.sync.num = 128 (default)
2023-06-22 21:36:59,655 [EventQueue-OpenPipelineForHealthyPipelineSafeModeRule] INFO  safemode.SCMSafeModeManager (HealthyPipelineSafeModeRule.java:process(137)) - SCM in safe mode. Healthy pipelines reported count is 0, required healthy pipeline reported count is 1
2023-06-22 21:36:59,655 [65b54071-31d6-4bc0-82c0-f363a9aa9754-groupManagement] INFO  server.RaftServerConfigKeys (ConfUtils.java:logGet(46)) - raft.server.log.statemachine.data.sync = true (default)
2023-06-22 21:36:59,655 [65b54071-31d6-4bc0-82c0-f363a9aa9754-groupManagement] INFO  server.RaftServerConfigKeys (ConfUtils.java:logGet(46)) - raft.server.log.statemachine.data.sync.timeout = 10s (default)
2023-06-22 21:36:59,655 [65b54071-31d6-4bc0-82c0-f363a9aa9754-groupManagement] INFO  server.RaftServerConfigKeys (ConfUtils.java:logGet(46)) - raft.server.log.statemachine.data.sync.timeout.retry = -1 (default)
2023-06-22 21:36:59,656 [65b54071-31d6-4bc0-82c0-f363a9aa9754-groupManagement] INFO  server.RaftServerConfigKeys (ConfUtils.java:logGet(46)) - raft.server.log.write.buffer.size = 1048576 (custom)
2023-06-22 21:36:59,656 [65b54071-31d6-4bc0-82c0-f363a9aa9754-groupManagement] INFO  server.RaftServerConfigKeys (ConfUtils.java:logGet(46)) - raft.server.log.appender.buffer.byte-limit = 33554432 (custom)
2023-06-22 21:36:59,662 [65b54071-31d6-4bc0-82c0-f363a9aa9754-groupManagement] INFO  server.RaftServerConfigKeys (ConfUtils.java:logGet(46)) - raft.server.log.unsafe-flush.enabled = false (default)
2023-06-22 21:36:59,662 [65b54071-31d6-4bc0-82c0-f363a9aa9754-groupManagement] INFO  server.RaftServerConfigKeys (ConfUtils.java:logGet(46)) - raft.server.log.async-flush.enabled = false (default)
2023-06-22 21:36:59,662 [65b54071-31d6-4bc0-82c0-f363a9aa9754-groupManagement] INFO  server.RaftServerConfigKeys (ConfUtils.java:logGet(46)) - raft.server.log.statemachine.data.caching.enabled = true (custom)
2023-06-22 21:36:59,662 [65b54071-31d6-4bc0-82c0-f363a9aa9754-groupManagement] INFO  segmented.SegmentedRaftLogWorker (SegmentedRaftLogWorker.java:lambda$new$0(135)) - 65b54071-31d6-4bc0-82c0-f363a9aa9754@group-615D030D2EFE-SegmentedRaftLogWorker: flushIndex: setUnconditionally 0 -> -1
2023-06-22 21:36:59,662 [65b54071-31d6-4bc0-82c0-f363a9aa9754-groupManagement] INFO  segmented.SegmentedRaftLogWorker (SegmentedRaftLogWorker.java:lambda$new$0(135)) - 65b54071-31d6-4bc0-82c0-f363a9aa9754@group-615D030D2EFE-SegmentedRaftLogWorker: safeCacheEvictIndex: setUnconditionally 0 -> -1
2023-06-22 21:36:59,663 [65b54071-31d6-4bc0-82c0-f363a9aa9754-groupManagement] INFO  server.RaftServer$Division (RaftServerImpl.java:start(342)) - 65b54071-31d6-4bc0-82c0-f363a9aa9754@group-615D030D2EFE: start as a follower, conf=-1: peers:[65b54071-31d6-4bc0-82c0-f363a9aa9754|rpc:10.1.1.69:15076|admin:10.1.1.69:15075|client:10.1.1.69:15074|dataStream:10.1.1.69:15077|priority:1|startupRole:FOLLOWER]|listeners:[], old=null
2023-06-22 21:36:59,663 [65b54071-31d6-4bc0-82c0-f363a9aa9754-groupManagement] INFO  server.RaftServer$Division (RaftServerImpl.java:setRole(329)) - 65b54071-31d6-4bc0-82c0-f363a9aa9754@group-615D030D2EFE: changes role from      null to FOLLOWER at term 0 for startAsFollower
2023-06-22 21:36:59,663 [65b54071-31d6-4bc0-82c0-f363a9aa9754-groupManagement] INFO  impl.RoleInfo (RoleInfo.java:updateAndGet(139)) - 65b54071-31d6-4bc0-82c0-f363a9aa9754: start 65b54071-31d6-4bc0-82c0-f363a9aa9754@group-615D030D2EFE-FollowerState
2023-06-22 21:36:59,668 [65b54071-31d6-4bc0-82c0-f363a9aa9754-groupManagement] INFO  util.JmxRegister (JmxRegister.java:tryRegister(44)) - Successfully registered JMX Bean with object name Ratis:service=RaftServer,group=group-615D030D2EFE,id=65b54071-31d6-4bc0-82c0-f363a9aa9754
2023-06-22 21:36:59,668 [65b54071-31d6-4bc0-82c0-f363a9aa9754-groupManagement] INFO  server.RaftServerConfigKeys (ConfUtils.java:logGet(46)) - raft.server.snapshot.auto.trigger.enabled = true (custom)
2023-06-22 21:36:59,668 [65b54071-31d6-4bc0-82c0-f363a9aa9754-groupManagement] INFO  server.RaftServerConfigKeys (ConfUtils.java:logGet(46)) - raft.server.snapshot.auto.trigger.threshold = 10000 (custom)
2023-06-22 21:36:59,668 [65b54071-31d6-4bc0-82c0-f363a9aa9754-groupManagement] INFO  server.RaftServerConfigKeys (ConfUtils.java:logGet(46)) - raft.server.snapshot.retention.file.num = 5 (custom)
2023-06-22 21:36:59,668 [65b54071-31d6-4bc0-82c0-f363a9aa9754-groupManagement] INFO  server.RaftServerConfigKeys (ConfUtils.java:logGet(46)) - raft.server.log.purge.upto.snapshot.index = false (default)
2023-06-22 21:36:59,669 [65b54071-31d6-4bc0-82c0-f363a9aa9754@group-615D030D2EFE-FollowerState] INFO  server.RaftServerConfigKeys (ConfUtils.java:logFallback(53)) - raft.server.rpc.first-election.timeout.min = 5s (fallback to raft.server.rpc.timeout.min)
2023-06-22 21:36:59,669 [65b54071-31d6-4bc0-82c0-f363a9aa9754@group-615D030D2EFE-FollowerState] INFO  server.RaftServerConfigKeys (ConfUtils.java:logFallback(53)) - raft.server.rpc.first-election.timeout.max = 5200ms (fallback to raft.server.rpc.timeout.max)
2023-06-22 21:36:59,669 [PipelineCommandHandlerThread-0] INFO  ratis.XceiverServerRatis (XceiverServerRatis.java:addGroup(804)) - Created group PipelineID=f2a4422f-2633-42eb-aa49-615d030d2efe
2023-06-22 21:36:59,669 [PipelineCommandHandlerThread-0] INFO  commandhandler.CreatePipelineCommandHandler (CreatePipelineCommandHandler.java:lambda$handle$2(124)) - Created Pipeline RATIS ONE PipelineID=f2a4422f-2633-42eb-aa49-615d030d2efe.
2023-06-22 21:36:59,752 [main] INFO  ozone.MiniOzoneClusterImpl (MiniOzoneClusterImpl.java:lambda$waitForClusterToBeReady$0(224)) - Nodes are ready. Got 5 of 5 DN Heartbeats.
2023-06-22 21:36:59,752 [main] INFO  ozone.MiniOzoneClusterImpl (MiniOzoneClusterImpl.java:lambda$waitForClusterToBeReady$0(227)) - Waiting for cluster to exit safe mode
2023-06-22 21:36:59,752 [main] INFO  ozone.MiniOzoneClusterImpl (MiniOzoneClusterImpl.java:lambda$waitForClusterToBeReady$0(229)) - SCM became leader
2023-06-22 21:37:00,057 [PipelineCommandHandlerThread-0] INFO  server.RaftServer (RaftServerProxy.java:addNew(98)) - 599df4a6-6b73-4cda-a21a-cae0798e8b5d: addNew group-30E1E4A9C4D4:[599df4a6-6b73-4cda-a21a-cae0798e8b5d|rpc:10.1.1.69:15085|admin:10.1.1.69:15084|client:10.1.1.69:15083|dataStream:10.1.1.69:15086|priority:1|startupRole:FOLLOWER] returns group-30E1E4A9C4D4:java.util.concurrent.CompletableFuture@c062d1f[Not completed]
2023-06-22 21:37:00,058 [599df4a6-6b73-4cda-a21a-cae0798e8b5d-groupManagement] INFO  server.RaftServer$Division (RaftServerImpl.java:<init>(198)) - 599df4a6-6b73-4cda-a21a-cae0798e8b5d: new RaftServerImpl for group-30E1E4A9C4D4:[599df4a6-6b73-4cda-a21a-cae0798e8b5d|rpc:10.1.1.69:15085|admin:10.1.1.69:15084|client:10.1.1.69:15083|dataStream:10.1.1.69:15086|priority:1|startupRole:FOLLOWER] with ContainerStateMachine:uninitialized
2023-06-22 21:37:00,058 [599df4a6-6b73-4cda-a21a-cae0798e8b5d-groupManagement] INFO  server.RaftServerConfigKeys (ConfUtils.java:logGet(46)) - raft.server.rpc.timeout.min = 5s (custom)
2023-06-22 21:37:00,058 [599df4a6-6b73-4cda-a21a-cae0798e8b5d-groupManagement] INFO  server.RaftServerConfigKeys (ConfUtils.java:logGet(46)) - raft.server.rpc.timeout.max = 5200ms (custom)
2023-06-22 21:37:00,058 [599df4a6-6b73-4cda-a21a-cae0798e8b5d-groupManagement] INFO  server.RaftServerConfigKeys (ConfUtils.java:logGet(46)) - raft.server.rpc.sleep.time = 25ms (default)
2023-06-22 21:37:00,058 [599df4a6-6b73-4cda-a21a-cae0798e8b5d-groupManagement] INFO  server.RaftServerConfigKeys (ConfUtils.java:logGet(46)) - raft.server.rpc.slowness.timeout = 300s (custom)
2023-06-22 21:37:00,059 [599df4a6-6b73-4cda-a21a-cae0798e8b5d-groupManagement] INFO  server.RaftServerConfigKeys (ConfUtils.java:logGet(46)) - raft.server.leaderelection.leader.step-down.wait-time = 10s (default)
2023-06-22 21:37:00,059 [599df4a6-6b73-4cda-a21a-cae0798e8b5d-groupManagement] INFO  server.RaftServerConfigKeys (ConfUtils.java:logGet(46)) - raft.server.sleep.deviation.threshold = 300ms (default)
2023-06-22 21:37:00,059 [599df4a6-6b73-4cda-a21a-cae0798e8b5d-groupManagement] INFO  server.RaftServer$Division (ServerState.java:<init>(120)) - 599df4a6-6b73-4cda-a21a-cae0798e8b5d@group-30E1E4A9C4D4: ConfigurationManager, init=-1: peers:[599df4a6-6b73-4cda-a21a-cae0798e8b5d|rpc:10.1.1.69:15085|admin:10.1.1.69:15084|client:10.1.1.69:15083|dataStream:10.1.1.69:15086|priority:1|startupRole:FOLLOWER]|listeners:[], old=null, confs=<EMPTY_MAP>
2023-06-22 21:37:00,059 [599df4a6-6b73-4cda-a21a-cae0798e8b5d-groupManagement] INFO  server.RaftServerConfigKeys (ConfUtils.java:logGet(46)) - raft.server.storage.dir = [/home/runner/work/ozone/ozone/hadoop-ozone/integration-test/target/test-dir/MiniOzoneClusterImpl-9e90c1de-1c56-491c-b259-3d04922b55fd/datanode-2/data/ratis] (custom)
2023-06-22 21:37:00,059 [599df4a6-6b73-4cda-a21a-cae0798e8b5d-groupManagement] INFO  server.RaftServerConfigKeys (ConfUtils.java:logGet(46)) - raft.server.log.corruption.policy = EXCEPTION (default)
2023-06-22 21:37:00,059 [599df4a6-6b73-4cda-a21a-cae0798e8b5d-groupManagement] INFO  server.RaftServerConfigKeys (ConfUtils.java:logGet(46)) - raft.server.storage.free-space.min = 0MB (=0) (default)
2023-06-22 21:37:00,059 [599df4a6-6b73-4cda-a21a-cae0798e8b5d-groupManagement] INFO  server.RaftServerConfigKeys (ConfUtils.java:logGet(46)) - raft.server.notification.no-leader.timeout = 300s (custom)
2023-06-22 21:37:00,059 [599df4a6-6b73-4cda-a21a-cae0798e8b5d-groupManagement] INFO  server.RaftServerConfigKeys (ConfUtils.java:logGet(46)) - raft.server.read.timeout = 10s (default)
2023-06-22 21:37:00,059 [599df4a6-6b73-4cda-a21a-cae0798e8b5d-groupManagement] INFO  server.RaftServerConfigKeys (ConfUtils.java:logGet(46)) - raft.server.retrycache.expirytime = 600000ms (custom)
2023-06-22 21:37:00,059 [599df4a6-6b73-4cda-a21a-cae0798e8b5d-groupManagement] INFO  server.RaftServerConfigKeys (ConfUtils.java:logGet(46)) - raft.server.retrycache.statistics.expirytime = 100μs (default)
2023-06-22 21:37:00,059 [599df4a6-6b73-4cda-a21a-cae0798e8b5d-groupManagement] INFO  server.RaftServerConfigKeys (ConfUtils.java:logGet(46)) - raft.server.read.option = DEFAULT (default)
2023-06-22 21:37:00,060 [599df4a6-6b73-4cda-a21a-cae0798e8b5d-groupManagement] INFO  server.RaftServerConfigKeys (ConfUtils.java:logGet(46)) - raft.server.rpc.request.timeout = 60s (custom)
2023-06-22 21:37:00,060 [599df4a6-6b73-4cda-a21a-cae0798e8b5d-groupManagement] INFO  server.RaftServerConfigKeys (ConfUtils.java:logGet(46)) - raft.server.log.appender.install.snapshot.enabled = false (custom)
2023-06-22 21:37:00,060 [599df4a6-6b73-4cda-a21a-cae0798e8b5d-groupManagement] INFO  server.RaftServerConfigKeys (ConfUtils.java:logGet(46)) - raft.server.threadpool.server.cached = true (default)
2023-06-22 21:37:00,060 [599df4a6-6b73-4cda-a21a-cae0798e8b5d-groupManagement] INFO  server.RaftServerConfigKeys (ConfUtils.java:logGet(46)) - raft.server.threadpool.server.size = 0 (default)
2023-06-22 21:37:00,060 [599df4a6-6b73-4cda-a21a-cae0798e8b5d-groupManagement] INFO  server.RaftServerConfigKeys (ConfUtils.java:logGet(46)) - raft.server.threadpool.client.cached = true (default)
2023-06-22 21:37:00,060 [599df4a6-6b73-4cda-a21a-cae0798e8b5d-groupManagement] INFO  server.RaftServerConfigKeys (ConfUtils.java:logGet(46)) - raft.server.threadpool.client.size = 0 (default)
2023-06-22 21:37:00,060 [599df4a6-6b73-4cda-a21a-cae0798e8b5d-groupManagement] INFO  storage.RaftStorageDirectory (RaftStorageDirectoryImpl.java:analyzeStorage(137)) - The storage directory /home/runner/work/ozone/ozone/hadoop-ozone/integration-test/target/test-dir/MiniOzoneClusterImpl-9e90c1de-1c56-491c-b259-3d04922b55fd/datanode-2/data/ratis/9faf434a-cc99-42de-88e7-30e1e4a9c4d4 does not exist. Creating ...
2023-06-22 21:37:00,063 [599df4a6-6b73-4cda-a21a-cae0798e8b5d-groupManagement] INFO  storage.RaftStorageDirectory (RaftStorageDirectoryImpl.java:tryLock(231)) - Lock on /home/runner/work/ozone/ozone/hadoop-ozone/integration-test/target/test-dir/MiniOzoneClusterImpl-9e90c1de-1c56-491c-b259-3d04922b55fd/datanode-2/data/ratis/9faf434a-cc99-42de-88e7-30e1e4a9c4d4/in_use.lock acquired by nodename 41615@fv-az504-135
2023-06-22 21:37:00,064 [599df4a6-6b73-4cda-a21a-cae0798e8b5d-groupManagement] INFO  storage.RaftStorage (RaftStorageImpl.java:format(96)) - Storage directory /home/runner/work/ozone/ozone/hadoop-ozone/integration-test/target/test-dir/MiniOzoneClusterImpl-9e90c1de-1c56-491c-b259-3d04922b55fd/datanode-2/data/ratis/9faf434a-cc99-42de-88e7-30e1e4a9c4d4 has been successfully formatted.
2023-06-22 21:37:00,066 [EventQueue-PipelineReportForPipelineReportHandler] INFO  pipeline.PipelineManagerImpl (PipelineManagerImpl.java:openPipeline(367)) - Pipeline Pipeline[ Id: 9faf434a-cc99-42de-88e7-30e1e4a9c4d4, Nodes: 599df4a6-6b73-4cda-a21a-cae0798e8b5d(fv-az504-135/10.1.1.69), ReplicationConfig: RATIS/ONE, State:ALLOCATED, leaderId:599df4a6-6b73-4cda-a21a-cae0798e8b5d, CreationTimestamp2023-06-22T21:36:57.063Z[Etc/UTC]] moved to OPEN state
2023-06-22 21:37:00,066 [EventQueue-OpenPipelineForHealthyPipelineSafeModeRule] INFO  safemode.SCMSafeModeManager (HealthyPipelineSafeModeRule.java:process(137)) - SCM in safe mode. Healthy pipelines reported count is 0, required healthy pipeline reported count is 1
2023-06-22 21:37:00,067 [599df4a6-6b73-4cda-a21a-cae0798e8b5d-groupManagement] INFO  ratis.ContainerStateMachine (ContainerStateMachine.java:loadSnapshot(262)) - group-30E1E4A9C4D4: The snapshot info is null. Setting the last applied indexto:(t:0, i:~)
2023-06-22 21:37:00,067 [599df4a6-6b73-4cda-a21a-cae0798e8b5d-groupManagement] INFO  server.RaftServerConfigKeys (ConfUtils.java:logGet(46)) - raft.server.log.use.memory = false (default)
2023-06-22 21:37:00,067 [599df4a6-6b73-4cda-a21a-cae0798e8b5d-groupManagement] INFO  server.RaftServerConfigKeys (ConfUtils.java:logGet(46)) - raft.server.log.purge.gap = 1000000 (custom)
2023-06-22 21:37:00,067 [599df4a6-6b73-4cda-a21a-cae0798e8b5d-groupManagement] INFO  server.RaftServerConfigKeys (ConfUtils.java:logGet(46)) - raft.server.log.appender.buffer.byte-limit = 33554432 (custom)
2023-06-22 21:37:00,067 [599df4a6-6b73-4cda-a21a-cae0798e8b5d-groupManagement] INFO  server.RaftServerConfigKeys (ConfUtils.java:logGet(46)) - raft.server.log.statemachine.data.read.timeout = 1000ms (default)
2023-06-22 21:37:00,067 [599df4a6-6b73-4cda-a21a-cae0798e8b5d-groupManagement] INFO  server.RaftServerConfigKeys (ConfUtils.java:logGet(46)) - raft.server.log.purge.preservation.log.num = 0 (default)
2023-06-22 21:37:00,067 [599df4a6-6b73-4cda-a21a-cae0798e8b5d-groupManagement] INFO  server.RaftServerConfigKeys (ConfUtils.java:logGet(46)) - raft.server.log.segment.size.max = 1048576 (custom)
2023-06-22 21:37:00,068 [599df4a6-6b73-4cda-a21a-cae0798e8b5d-groupManagement] INFO  server.RaftServerConfigKeys (ConfUtils.java:logGet(46)) - raft.server.log.segment.cache.num.max = 2 (custom)
2023-06-22 21:37:00,068 [599df4a6-6b73-4cda-a21a-cae0798e8b5d-groupManagement] INFO  server.RaftServerConfigKeys (ConfUtils.java:logGet(46)) - raft.server.log.segment.cache.size.max = 200MB (=209715200) (default)
2023-06-22 21:37:00,068 [599df4a6-6b73-4cda-a21a-cae0798e8b5d-groupManagement] INFO  server.RaftServerConfigKeys (ConfUtils.java:logGet(46)) - raft.server.log.appender.buffer.byte-limit = 33554432 (custom)
2023-06-22 21:37:00,068 [599df4a6-6b73-4cda-a21a-cae0798e8b5d-groupManagement] INFO  segmented.SegmentedRaftLogWorker (SegmentedRaftLogWorker.java:<init>(188)) - new 599df4a6-6b73-4cda-a21a-cae0798e8b5d@group-30E1E4A9C4D4-SegmentedRaftLogWorker for RaftStorageImpl:Storage Directory /home/runner/work/ozone/ozone/hadoop-ozone/integration-test/target/test-dir/MiniOzoneClusterImpl-9e90c1de-1c56-491c-b259-3d04922b55fd/datanode-2/data/ratis/9faf434a-cc99-42de-88e7-30e1e4a9c4d4
2023-06-22 21:37:00,068 [599df4a6-6b73-4cda-a21a-cae0798e8b5d-groupManagement] INFO  server.RaftServerConfigKeys (ConfUtils.java:logGet(46)) - raft.server.log.queue.byte-limit = 4294967296 (custom)
2023-06-22 21:37:00,068 [599df4a6-6b73-4cda-a21a-cae0798e8b5d-groupManagement] INFO  server.RaftServerConfigKeys (ConfUtils.java:logGet(46)) - raft.server.log.queue.element-limit = 1024 (custom)
2023-06-22 21:37:00,068 [599df4a6-6b73-4cda-a21a-cae0798e8b5d-groupManagement] INFO  server.RaftServerConfigKeys (ConfUtils.java:logGet(46)) - raft.server.log.segment.size.max = 1048576 (custom)
2023-06-22 21:37:00,068 [599df4a6-6b73-4cda-a21a-cae0798e8b5d-groupManagement] INFO  server.RaftServerConfigKeys (ConfUtils.java:logGet(46)) - raft.server.log.preallocated.size = 16384 (custom)
2023-06-22 21:37:00,068 [599df4a6-6b73-4cda-a21a-cae0798e8b5d-groupManagement] INFO  server.RaftServerConfigKeys (ConfUtils.java:logGet(46)) - raft.server.log.force.sync.num = 128 (default)
2023-06-22 21:37:00,068 [599df4a6-6b73-4cda-a21a-cae0798e8b5d-groupManagement] INFO  server.RaftServerConfigKeys (ConfUtils.java:logGet(46)) - raft.server.log.statemachine.data.sync = true (default)
2023-06-22 21:37:00,068 [599df4a6-6b73-4cda-a21a-cae0798e8b5d-groupManagement] INFO  server.RaftServerConfigKeys (ConfUtils.java:logGet(46)) - raft.server.log.statemachine.data.sync.timeout = 10s (default)
2023-06-22 21:37:00,068 [599df4a6-6b73-4cda-a21a-cae0798e8b5d-groupManagement] INFO  server.RaftServerConfigKeys (ConfUtils.java:logGet(46)) - raft.server.log.statemachine.data.sync.timeout.retry = -1 (default)
2023-06-22 21:37:00,069 [599df4a6-6b73-4cda-a21a-cae0798e8b5d-groupManagement] INFO  server.RaftServerConfigKeys (ConfUtils.java:logGet(46)) - raft.server.log.write.buffer.size = 1048576 (custom)
2023-06-22 21:37:00,070 [599df4a6-6b73-4cda-a21a-cae0798e8b5d-groupManagement] INFO  server.RaftServerConfigKeys (ConfUtils.java:logGet(46)) - raft.server.log.appender.buffer.byte-limit = 33554432 (custom)
2023-06-22 21:37:00,075 [599df4a6-6b73-4cda-a21a-cae0798e8b5d-groupManagement] INFO  server.RaftServerConfigKeys (ConfUtils.java:logGet(46)) - raft.server.log.unsafe-flush.enabled = false (default)
2023-06-22 21:37:00,076 [599df4a6-6b73-4cda-a21a-cae0798e8b5d-groupManagement] INFO  server.RaftServerConfigKeys (ConfUtils.java:logGet(46)) - raft.server.log.async-flush.enabled = false (default)
2023-06-22 21:37:00,076 [599df4a6-6b73-4cda-a21a-cae0798e8b5d-groupManagement] INFO  server.RaftServerConfigKeys (ConfUtils.java:logGet(46)) - raft.server.log.statemachine.data.caching.enabled = true (custom)
2023-06-22 21:37:00,076 [599df4a6-6b73-4cda-a21a-cae0798e8b5d-groupManagement] INFO  segmented.SegmentedRaftLogWorker (SegmentedRaftLogWorker.java:lambda$new$0(135)) - 599df4a6-6b73-4cda-a21a-cae0798e8b5d@group-30E1E4A9C4D4-SegmentedRaftLogWorker: flushIndex: setUnconditionally 0 -> -1
2023-06-22 21:37:00,076 [599df4a6-6b73-4cda-a21a-cae0798e8b5d-groupManagement] INFO  segmented.SegmentedRaftLogWorker (SegmentedRaftLogWorker.java:lambda$new$0(135)) - 599df4a6-6b73-4cda-a21a-cae0798e8b5d@group-30E1E4A9C4D4-SegmentedRaftLogWorker: safeCacheEvictIndex: setUnconditionally 0 -> -1
2023-06-22 21:37:00,076 [599df4a6-6b73-4cda-a21a-cae0798e8b5d-groupManagement] INFO  server.RaftServer$Division (RaftServerImpl.java:start(342)) - 599df4a6-6b73-4cda-a21a-cae0798e8b5d@group-30E1E4A9C4D4: start as a follower, conf=-1: peers:[599df4a6-6b73-4cda-a21a-cae0798e8b5d|rpc:10.1.1.69:15085|admin:10.1.1.69:15084|client:10.1.1.69:15083|dataStream:10.1.1.69:15086|priority:1|startupRole:FOLLOWER]|listeners:[], old=null
2023-06-22 21:37:00,076 [599df4a6-6b73-4cda-a21a-cae0798e8b5d-groupManagement] INFO  server.RaftServer$Division (RaftServerImpl.java:setRole(329)) - 599df4a6-6b73-4cda-a21a-cae0798e8b5d@group-30E1E4A9C4D4: changes role from      null to FOLLOWER at term 0 for startAsFollower
2023-06-22 21:37:00,076 [599df4a6-6b73-4cda-a21a-cae0798e8b5d-groupManagement] INFO  impl.RoleInfo (RoleInfo.java:updateAndGet(139)) - 599df4a6-6b73-4cda-a21a-cae0798e8b5d: start 599df4a6-6b73-4cda-a21a-cae0798e8b5d@group-30E1E4A9C4D4-FollowerState
2023-06-22 21:37:00,080 [599df4a6-6b73-4cda-a21a-cae0798e8b5d-groupManagement] INFO  util.JmxRegister (JmxRegister.java:tryRegister(44)) - Successfully registered JMX Bean with object name Ratis:service=RaftServer,group=group-30E1E4A9C4D4,id=599df4a6-6b73-4cda-a21a-cae0798e8b5d
2023-06-22 21:37:00,081 [599df4a6-6b73-4cda-a21a-cae0798e8b5d-groupManagement] INFO  server.RaftServerConfigKeys (ConfUtils.java:logGet(46)) - raft.server.snapshot.auto.trigger.enabled = true (custom)
2023-06-22 21:37:00,081 [599df4a6-6b73-4cda-a21a-cae0798e8b5d-groupManagement] INFO  server.RaftServerConfigKeys (ConfUtils.java:logGet(46)) - raft.server.snapshot.auto.trigger.threshold = 10000 (custom)
2023-06-22 21:37:00,081 [599df4a6-6b73-4cda-a21a-cae0798e8b5d-groupManagement] INFO  server.RaftServerConfigKeys (ConfUtils.java:logGet(46)) - raft.server.snapshot.retention.file.num = 5 (custom)
2023-06-22 21:37:00,081 [599df4a6-6b73-4cda-a21a-cae0798e8b5d-groupManagement] INFO  server.RaftServerConfigKeys (ConfUtils.java:logGet(46)) - raft.server.log.purge.upto.snapshot.index = false (default)
2023-06-22 21:37:00,081 [599df4a6-6b73-4cda-a21a-cae0798e8b5d@group-30E1E4A9C4D4-FollowerState] INFO  server.RaftServerConfigKeys (ConfUtils.java:logFallback(53)) - raft.server.rpc.first-election.timeout.min = 5s (fallback to raft.server.rpc.timeout.min)
2023-06-22 21:37:00,082 [599df4a6-6b73-4cda-a21a-cae0798e8b5d@group-30E1E4A9C4D4-FollowerState] INFO  server.RaftServerConfigKeys (ConfUtils.java:logFallback(53)) - raft.server.rpc.first-election.timeout.max = 5200ms (fallback to raft.server.rpc.timeout.max)
2023-06-22 21:37:00,082 [PipelineCommandHandlerThread-0] INFO  ratis.XceiverServerRatis (XceiverServerRatis.java:addGroup(804)) - Created group PipelineID=9faf434a-cc99-42de-88e7-30e1e4a9c4d4
2023-06-22 21:37:00,083 [PipelineCommandHandlerThread-0] INFO  commandhandler.CreatePipelineCommandHandler (CreatePipelineCommandHandler.java:lambda$handle$2(124)) - Created Pipeline RATIS ONE PipelineID=9faf434a-cc99-42de-88e7-30e1e4a9c4d4.
2023-06-22 21:37:00,418 [PipelineCommandHandlerThread-0] INFO  server.RaftServer (RaftServerProxy.java:addNew(98)) - f1abb7db-c3af-437a-bde0-e7e35204823b: addNew group-37780319B5DD:[f1abb7db-c3af-437a-bde0-e7e35204823b|rpc:10.1.1.69:15094|admin:10.1.1.69:15093|client:10.1.1.69:15092|dataStream:10.1.1.69:15095|priority:1|startupRole:FOLLOWER] returns group-37780319B5DD:java.util.concurrent.CompletableFuture@5545a120[Not completed]
2023-06-22 21:37:00,420 [f1abb7db-c3af-437a-bde0-e7e35204823b-groupManagement] INFO  server.RaftServer$Division (RaftServerImpl.java:<init>(198)) - f1abb7db-c3af-437a-bde0-e7e35204823b: new RaftServerImpl for group-37780319B5DD:[f1abb7db-c3af-437a-bde0-e7e35204823b|rpc:10.1.1.69:15094|admin:10.1.1.69:15093|client:10.1.1.69:15092|dataStream:10.1.1.69:15095|priority:1|startupRole:FOLLOWER] with ContainerStateMachine:uninitialized
2023-06-22 21:37:00,420 [f1abb7db-c3af-437a-bde0-e7e35204823b-groupManagement] INFO  server.RaftServerConfigKeys (ConfUtils.java:logGet(46)) - raft.server.rpc.timeout.min = 5s (custom)
2023-06-22 21:37:00,421 [f1abb7db-c3af-437a-bde0-e7e35204823b-groupManagement] INFO  server.RaftServerConfigKeys (ConfUtils.java:logGet(46)) - raft.server.rpc.timeout.max = 5200ms (custom)
2023-06-22 21:37:00,421 [f1abb7db-c3af-437a-bde0-e7e35204823b-groupManagement] INFO  server.RaftServerConfigKeys (ConfUtils.java:logGet(46)) - raft.server.rpc.sleep.time = 25ms (default)
2023-06-22 21:37:00,421 [f1abb7db-c3af-437a-bde0-e7e35204823b-groupManagement] INFO  server.RaftServerConfigKeys (ConfUtils.java:logGet(46)) - raft.server.rpc.slowness.timeout = 300s (custom)
2023-06-22 21:37:00,421 [f1abb7db-c3af-437a-bde0-e7e35204823b-groupManagement] INFO  server.RaftServerConfigKeys (ConfUtils.java:logGet(46)) - raft.server.leaderelection.leader.step-down.wait-time = 10s (default)
2023-06-22 21:37:00,421 [f1abb7db-c3af-437a-bde0-e7e35204823b-groupManagement] INFO  server.RaftServerConfigKeys (ConfUtils.java:logGet(46)) - raft.server.sleep.deviation.threshold = 300ms (default)
2023-06-22 21:37:00,421 [f1abb7db-c3af-437a-bde0-e7e35204823b-groupManagement] INFO  server.RaftServer$Division (ServerState.java:<init>(120)) - f1abb7db-c3af-437a-bde0-e7e35204823b@group-37780319B5DD: ConfigurationManager, init=-1: peers:[f1abb7db-c3af-437a-bde0-e7e35204823b|rpc:10.1.1.69:15094|admin:10.1.1.69:15093|client:10.1.1.69:15092|dataStream:10.1.1.69:15095|priority:1|startupRole:FOLLOWER]|listeners:[], old=null, confs=<EMPTY_MAP>
2023-06-22 21:37:00,421 [f1abb7db-c3af-437a-bde0-e7e35204823b-groupManagement] INFO  server.RaftServerConfigKeys (ConfUtils.java:logGet(46)) - raft.server.storage.dir = [/home/runner/work/ozone/ozone/hadoop-ozone/integration-test/target/test-dir/MiniOzoneClusterImpl-9e90c1de-1c56-491c-b259-3d04922b55fd/datanode-3/data/ratis] (custom)
2023-06-22 21:37:00,421 [f1abb7db-c3af-437a-bde0-e7e35204823b-groupManagement] INFO  server.RaftServerConfigKeys (ConfUtils.java:logGet(46)) - raft.server.log.corruption.policy = EXCEPTION (default)
2023-06-22 21:37:00,421 [f1abb7db-c3af-437a-bde0-e7e35204823b-groupManagement] INFO  server.RaftServerConfigKeys (ConfUtils.java:logGet(46)) - raft.server.storage.free-space.min = 0MB (=0) (default)
2023-06-22 21:37:00,421 [f1abb7db-c3af-437a-bde0-e7e35204823b-groupManagement] INFO  server.RaftServerConfigKeys (ConfUtils.java:logGet(46)) - raft.server.notification.no-leader.timeout = 300s (custom)
2023-06-22 21:37:00,421 [f1abb7db-c3af-437a-bde0-e7e35204823b-groupManagement] INFO  server.RaftServerConfigKeys (ConfUtils.java:logGet(46)) - raft.server.read.timeout = 10s (default)
2023-06-22 21:37:00,421 [f1abb7db-c3af-437a-bde0-e7e35204823b-groupManagement] INFO  server.RaftServerConfigKeys (ConfUtils.java:logGet(46)) - raft.server.retrycache.expirytime = 600000ms (custom)
2023-06-22 21:37:00,421 [f1abb7db-c3af-437a-bde0-e7e35204823b-groupManagement] INFO  server.RaftServerConfigKeys (ConfUtils.java:logGet(46)) - raft.server.retrycache.statistics.expirytime = 100μs (default)
2023-06-22 21:37:00,422 [f1abb7db-c3af-437a-bde0-e7e35204823b-groupManagement] INFO  server.RaftServerConfigKeys (ConfUtils.java:logGet(46)) - raft.server.read.option = DEFAULT (default)
2023-06-22 21:37:00,422 [f1abb7db-c3af-437a-bde0-e7e35204823b-groupManagement] INFO  server.RaftServerConfigKeys (ConfUtils.java:logGet(46)) - raft.server.rpc.request.timeout = 60s (custom)
2023-06-22 21:37:00,422 [f1abb7db-c3af-437a-bde0-e7e35204823b-groupManagement] INFO  server.RaftServerConfigKeys (ConfUtils.java:logGet(46)) - raft.server.log.appender.install.snapshot.enabled = false (custom)
2023-06-22 21:37:00,422 [f1abb7db-c3af-437a-bde0-e7e35204823b-groupManagement] INFO  server.RaftServerConfigKeys (ConfUtils.java:logGet(46)) - raft.server.threadpool.server.cached = true (default)
2023-06-22 21:37:00,423 [f1abb7db-c3af-437a-bde0-e7e35204823b-groupManagement] INFO  server.RaftServerConfigKeys (ConfUtils.java:logGet(46)) - raft.server.threadpool.server.size = 0 (default)
2023-06-22 21:37:00,423 [f1abb7db-c3af-437a-bde0-e7e35204823b-groupManagement] INFO  server.RaftServerConfigKeys (ConfUtils.java:logGet(46)) - raft.server.threadpool.client.cached = true (default)
2023-06-22 21:37:00,423 [f1abb7db-c3af-437a-bde0-e7e35204823b-groupManagement] INFO  server.RaftServerConfigKeys (ConfUtils.java:logGet(46)) - raft.server.threadpool.client.size = 0 (default)
2023-06-22 21:37:00,423 [f1abb7db-c3af-437a-bde0-e7e35204823b-groupManagement] INFO  storage.RaftStorageDirectory (RaftStorageDirectoryImpl.java:analyzeStorage(137)) - The storage directory /home/runner/work/ozone/ozone/hadoop-ozone/integration-test/target/test-dir/MiniOzoneClusterImpl-9e90c1de-1c56-491c-b259-3d04922b55fd/datanode-3/data/ratis/1e8147a8-a369-4cb1-8a00-37780319b5dd does not exist. Creating ...
2023-06-22 21:37:00,424 [f1abb7db-c3af-437a-bde0-e7e35204823b-groupManagement] INFO  storage.RaftStorageDirectory (RaftStorageDirectoryImpl.java:tryLock(231)) - Lock on /home/runner/work/ozone/ozone/hadoop-ozone/integration-test/target/test-dir/MiniOzoneClusterImpl-9e90c1de-1c56-491c-b259-3d04922b55fd/datanode-3/data/ratis/1e8147a8-a369-4cb1-8a00-37780319b5dd/in_use.lock acquired by nodename 41615@fv-az504-135
2023-06-22 21:37:00,425 [f1abb7db-c3af-437a-bde0-e7e35204823b-groupManagement] INFO  storage.RaftStorage (RaftStorageImpl.java:format(96)) - Storage directory /home/runner/work/ozone/ozone/hadoop-ozone/integration-test/target/test-dir/MiniOzoneClusterImpl-9e90c1de-1c56-491c-b259-3d04922b55fd/datanode-3/data/ratis/1e8147a8-a369-4cb1-8a00-37780319b5dd has been successfully formatted.
2023-06-22 21:37:00,427 [f1abb7db-c3af-437a-bde0-e7e35204823b-groupManagement] INFO  ratis.ContainerStateMachine (ContainerStateMachine.java:loadSnapshot(262)) - group-37780319B5DD: The snapshot info is null. Setting the last applied indexto:(t:0, i:~)
2023-06-22 21:37:00,427 [f1abb7db-c3af-437a-bde0-e7e35204823b-groupManagement] INFO  server.RaftServerConfigKeys (ConfUtils.java:logGet(46)) - raft.server.log.use.memory = false (default)
2023-06-22 21:37:00,427 [f1abb7db-c3af-437a-bde0-e7e35204823b-groupManagement] INFO  server.RaftServerConfigKeys (ConfUtils.java:logGet(46)) - raft.server.log.purge.gap = 1000000 (custom)
2023-06-22 21:37:00,427 [f1abb7db-c3af-437a-bde0-e7e35204823b-groupManagement] INFO  server.RaftServerConfigKeys (ConfUtils.java:logGet(46)) - raft.server.log.appender.buffer.byte-limit = 33554432 (custom)
2023-06-22 21:37:00,428 [f1abb7db-c3af-437a-bde0-e7e35204823b-groupManagement] INFO  server.RaftServerConfigKeys (ConfUtils.java:logGet(46)) - raft.server.log.statemachine.data.read.timeout = 1000ms (default)
2023-06-22 21:37:00,428 [EventQueue-PipelineReportForPipelineReportHandler] INFO  pipeline.PipelineManagerImpl (PipelineManagerImpl.java:openPipeline(367)) - Pipeline Pipeline[ Id: 1e8147a8-a369-4cb1-8a00-37780319b5dd, Nodes: f1abb7db-c3af-437a-bde0-e7e35204823b(fv-az504-135/10.1.1.69), ReplicationConfig: RATIS/ONE, State:ALLOCATED, leaderId:f1abb7db-c3af-437a-bde0-e7e35204823b, CreationTimestamp2023-06-22T21:36:57.412Z[Etc/UTC]] moved to OPEN state
2023-06-22 21:37:00,428 [EventQueue-OpenPipelineForHealthyPipelineSafeModeRule] INFO  safemode.SCMSafeModeManager (HealthyPipelineSafeModeRule.java:process(137)) - SCM in safe mode. Healthy pipelines reported count is 0, required healthy pipeline reported count is 1
2023-06-22 21:37:00,429 [f1abb7db-c3af-437a-bde0-e7e35204823b-groupManagement] INFO  server.RaftServerConfigKeys (ConfUtils.java:logGet(46)) - raft.server.log.purge.preservation.log.num = 0 (default)
2023-06-22 21:37:00,429 [f1abb7db-c3af-437a-bde0-e7e35204823b-groupManagement] INFO  server.RaftServerConfigKeys (ConfUtils.java:logGet(46)) - raft.server.log.segment.size.max = 1048576 (custom)
2023-06-22 21:37:00,429 [f1abb7db-c3af-437a-bde0-e7e35204823b-groupManagement] INFO  server.RaftServerConfigKeys (ConfUtils.java:logGet(46)) - raft.server.log.segment.cache.num.max = 2 (custom)
2023-06-22 21:37:00,429 [f1abb7db-c3af-437a-bde0-e7e35204823b-groupManagement] INFO  server.RaftServerConfigKeys (ConfUtils.java:logGet(46)) - raft.server.log.segment.cache.size.max = 200MB (=209715200) (default)
2023-06-22 21:37:00,429 [f1abb7db-c3af-437a-bde0-e7e35204823b-groupManagement] INFO  server.RaftServerConfigKeys (ConfUtils.java:logGet(46)) - raft.server.log.appender.buffer.byte-limit = 33554432 (custom)
2023-06-22 21:37:00,429 [f1abb7db-c3af-437a-bde0-e7e35204823b-groupManagement] INFO  segmented.SegmentedRaftLogWorker (SegmentedRaftLogWorker.java:<init>(188)) - new f1abb7db-c3af-437a-bde0-e7e35204823b@group-37780319B5DD-SegmentedRaftLogWorker for RaftStorageImpl:Storage Directory /home/runner/work/ozone/ozone/hadoop-ozone/integration-test/target/test-dir/MiniOzoneClusterImpl-9e90c1de-1c56-491c-b259-3d04922b55fd/datanode-3/data/ratis/1e8147a8-a369-4cb1-8a00-37780319b5dd
2023-06-22 21:37:00,429 [f1abb7db-c3af-437a-bde0-e7e35204823b-groupManagement] INFO  server.RaftServerConfigKeys (ConfUtils.java:logGet(46)) - raft.server.log.queue.byte-limit = 4294967296 (custom)
2023-06-22 21:37:00,429 [f1abb7db-c3af-437a-bde0-e7e35204823b-groupManagement] INFO  server.RaftServerConfigKeys (ConfUtils.java:logGet(46)) - raft.server.log.queue.element-limit = 1024 (custom)
2023-06-22 21:37:00,430 [f1abb7db-c3af-437a-bde0-e7e35204823b-groupManagement] INFO  server.RaftServerConfigKeys (ConfUtils.java:logGet(46)) - raft.server.log.segment.size.max = 1048576 (custom)
2023-06-22 21:37:00,430 [f1abb7db-c3af-437a-bde0-e7e35204823b-groupManagement] INFO  server.RaftServerConfigKeys (ConfUtils.java:logGet(46)) - raft.server.log.preallocated.size = 16384 (custom)
2023-06-22 21:37:00,430 [f1abb7db-c3af-437a-bde0-e7e35204823b-groupManagement] INFO  server.RaftServerConfigKeys (ConfUtils.java:logGet(46)) - raft.server.log.force.sync.num = 128 (default)
2023-06-22 21:37:00,430 [f1abb7db-c3af-437a-bde0-e7e35204823b-groupManagement] INFO  server.RaftServerConfigKeys (ConfUtils.java:logGet(46)) - raft.server.log.statemachine.data.sync = true (default)
2023-06-22 21:37:00,430 [f1abb7db-c3af-437a-bde0-e7e35204823b-groupManagement] INFO  server.RaftServerConfigKeys (ConfUtils.java:logGet(46)) - raft.server.log.statemachine.data.sync.timeout = 10s (default)
2023-06-22 21:37:00,430 [f1abb7db-c3af-437a-bde0-e7e35204823b-groupManagement] INFO  server.RaftServerConfigKeys (ConfUtils.java:logGet(46)) - raft.server.log.statemachine.data.sync.timeout.retry = -1 (default)
2023-06-22 21:37:00,430 [f1abb7db-c3af-437a-bde0-e7e35204823b-groupManagement] INFO  server.RaftServerConfigKeys (ConfUtils.java:logGet(46)) - raft.server.log.write.buffer.size = 1048576 (custom)
2023-06-22 21:37:00,431 [f1abb7db-c3af-437a-bde0-e7e35204823b-groupManagement] INFO  server.RaftServerConfigKeys (ConfUtils.java:logGet(46)) - raft.server.log.appender.buffer.byte-limit = 33554432 (custom)
2023-06-22 21:37:00,437 [f1abb7db-c3af-437a-bde0-e7e35204823b-groupManagement] INFO  server.RaftServerConfigKeys (ConfUtils.java:logGet(46)) - raft.server.log.unsafe-flush.enabled = false (default)
2023-06-22 21:37:00,437 [f1abb7db-c3af-437a-bde0-e7e35204823b-groupManagement] INFO  server.RaftServerConfigKeys (ConfUtils.java:logGet(46)) - raft.server.log.async-flush.enabled = false (default)
2023-06-22 21:37:00,437 [f1abb7db-c3af-437a-bde0-e7e35204823b-groupManagement] INFO  server.RaftServerConfigKeys (ConfUtils.java:logGet(46)) - raft.server.log.statemachine.data.caching.enabled = true (custom)
2023-06-22 21:37:00,437 [f1abb7db-c3af-437a-bde0-e7e35204823b-groupManagement] INFO  segmented.SegmentedRaftLogWorker (SegmentedRaftLogWorker.java:lambda$new$0(135)) - f1abb7db-c3af-437a-bde0-e7e35204823b@group-37780319B5DD-SegmentedRaftLogWorker: flushIndex: setUnconditionally 0 -> -1
2023-06-22 21:37:00,438 [f1abb7db-c3af-437a-bde0-e7e35204823b-groupManagement] INFO  segmented.SegmentedRaftLogWorker (SegmentedRaftLogWorker.java:lambda$new$0(135)) - f1abb7db-c3af-437a-bde0-e7e35204823b@group-37780319B5DD-SegmentedRaftLogWorker: safeCacheEvictIndex: setUnconditionally 0 -> -1
2023-06-22 21:37:00,442 [f1abb7db-c3af-437a-bde0-e7e35204823b-groupManagement] INFO  server.RaftServer$Division (RaftServerImpl.java:start(342)) - f1abb7db-c3af-437a-bde0-e7e35204823b@group-37780319B5DD: start as a follower, conf=-1: peers:[f1abb7db-c3af-437a-bde0-e7e35204823b|rpc:10.1.1.69:15094|admin:10.1.1.69:15093|client:10.1.1.69:15092|dataStream:10.1.1.69:15095|priority:1|startupRole:FOLLOWER]|listeners:[], old=null
2023-06-22 21:37:00,443 [f1abb7db-c3af-437a-bde0-e7e35204823b-groupManagement] INFO  server.RaftServer$Division (RaftServerImpl.java:setRole(329)) - f1abb7db-c3af-437a-bde0-e7e35204823b@group-37780319B5DD: changes role from      null to FOLLOWER at term 0 for startAsFollower
2023-06-22 21:37:00,443 [f1abb7db-c3af-437a-bde0-e7e35204823b-groupManagement] INFO  impl.RoleInfo (RoleInfo.java:updateAndGet(139)) - f1abb7db-c3af-437a-bde0-e7e35204823b: start f1abb7db-c3af-437a-bde0-e7e35204823b@group-37780319B5DD-FollowerState
2023-06-22 21:37:00,449 [f1abb7db-c3af-437a-bde0-e7e35204823b-groupManagement] INFO  util.JmxRegister (JmxRegister.java:tryRegister(44)) - Successfully registered JMX Bean with object name Ratis:service=RaftServer,group=group-37780319B5DD,id=f1abb7db-c3af-437a-bde0-e7e35204823b
2023-06-22 21:37:00,450 [f1abb7db-c3af-437a-bde0-e7e35204823b-groupManagement] INFO  server.RaftServerConfigKeys (ConfUtils.java:logGet(46)) - raft.server.snapshot.auto.trigger.enabled = true (custom)
2023-06-22 21:37:00,450 [f1abb7db-c3af-437a-bde0-e7e35204823b-groupManagement] INFO  server.RaftServerConfigKeys (ConfUtils.java:logGet(46)) - raft.server.snapshot.auto.trigger.threshold = 10000 (custom)
2023-06-22 21:37:00,450 [f1abb7db-c3af-437a-bde0-e7e35204823b-groupManagement] INFO  server.RaftServerConfigKeys (ConfUtils.java:logGet(46)) - raft.server.snapshot.retention.file.num = 5 (custom)
2023-06-22 21:37:00,450 [f1abb7db-c3af-437a-bde0-e7e35204823b-groupManagement] INFO  server.RaftServerConfigKeys (ConfUtils.java:logGet(46)) - raft.server.log.purge.upto.snapshot.index = false (default)
2023-06-22 21:37:00,452 [f1abb7db-c3af-437a-bde0-e7e35204823b@group-37780319B5DD-FollowerState] INFO  server.RaftServerConfigKeys (ConfUtils.java:logFallback(53)) - raft.server.rpc.first-election.timeout.min = 5s (fallback to raft.server.rpc.timeout.min)
2023-06-22 21:37:00,452 [f1abb7db-c3af-437a-bde0-e7e35204823b@group-37780319B5DD-FollowerState] INFO  server.RaftServerConfigKeys (ConfUtils.java:logFallback(53)) - raft.server.rpc.first-election.timeout.max = 5200ms (fallback to raft.server.rpc.timeout.max)
2023-06-22 21:37:00,456 [PipelineCommandHandlerThread-0] INFO  ratis.XceiverServerRatis (XceiverServerRatis.java:addGroup(804)) - Created group PipelineID=1e8147a8-a369-4cb1-8a00-37780319b5dd
2023-06-22 21:37:00,456 [PipelineCommandHandlerThread-0] INFO  commandhandler.CreatePipelineCommandHandler (CreatePipelineCommandHandler.java:lambda$handle$2(124)) - Created Pipeline RATIS ONE PipelineID=1e8147a8-a369-4cb1-8a00-37780319b5dd.
2023-06-22 21:37:01,314 [JvmPauseMonitor11] WARN  util.JvmPauseMonitor (JvmPauseMonitor.java:detectPause(124)) - JvmPauseMonitor-599df4a6-6b73-4cda-a21a-cae0798e8b5d: Detected pause in JVM or host machine approximately 0.176s with 0.622s GC time.
GC pool 'PS MarkSweep' had collection(s): count=1 time=445ms
GC pool 'PS Scavenge' had collection(s): count=1 time=177ms
2023-06-22 21:37:01,314 [JvmPauseMonitor12] WARN  util.JvmPauseMonitor (JvmPauseMonitor.java:detectPause(124)) - JvmPauseMonitor-f1abb7db-c3af-437a-bde0-e7e35204823b: Detected pause in JVM or host machine approximately 0.334s with 0.622s GC time.
GC pool 'PS MarkSweep' had collection(s): count=1 time=445ms
GC pool 'PS Scavenge' had collection(s): count=1 time=177ms
2023-06-22 21:37:01,315 [JvmPauseMonitor8] WARN  util.JvmPauseMonitor (JvmPauseMonitor.java:detectPause(124)) - JvmPauseMonitor-aacb5279-47aa-4f16-b23f-cbd92f0ae364: Detected pause in JVM or host machine approximately 0.480s with 0.622s GC time.
GC pool 'PS MarkSweep' had collection(s): count=1 time=445ms
GC pool 'PS Scavenge' had collection(s): count=1 time=177ms
2023-06-22 21:37:01,315 [JvmPauseMonitor9] WARN  util.JvmPauseMonitor (JvmPauseMonitor.java:detectPause(124)) - JvmPauseMonitor-93c05b65-1d47-44de-af22-274bc9e484bb: Detected pause in JVM or host machine approximately 0.489s with 0.622s GC time.
GC pool 'PS MarkSweep' had collection(s): count=1 time=445ms
GC pool 'PS Scavenge' had collection(s): count=1 time=177ms
2023-06-22 21:37:01,317 [JvmPauseMonitor13] WARN  util.JvmPauseMonitor (JvmPauseMonitor.java:detectPause(124)) - JvmPauseMonitor-8f15a801-56b9-4d07-a63b-fddd9ee2c994: Detected pause in JVM or host machine approximately 0.518s with 0.622s GC time.
GC pool 'PS MarkSweep' had collection(s): count=1 time=445ms
GC pool 'PS Scavenge' had collection(s): count=1 time=177ms
2023-06-22 21:37:01,318 [main] INFO  ozone.MiniOzoneClusterImpl (MiniOzoneClusterImpl.java:lambda$waitForClusterToBeReady$0(224)) - Nodes are ready. Got 5 of 5 DN Heartbeats.
2023-06-22 21:37:01,319 [main] INFO  ozone.MiniOzoneClusterImpl (MiniOzoneClusterImpl.java:lambda$waitForClusterToBeReady$0(227)) - Waiting for cluster to exit safe mode
2023-06-22 21:37:01,319 [main] INFO  ozone.MiniOzoneClusterImpl (MiniOzoneClusterImpl.java:lambda$waitForClusterToBeReady$0(229)) - SCM became leader
2023-06-22 21:37:01,319 [JvmPauseMonitor7] WARN  util.JvmPauseMonitor (JvmPauseMonitor.java:detectPause(124)) - JvmPauseMonitor-3a551b25-74ed-4f89-9f62-606118ce075a: Detected pause in JVM or host machine approximately 0.626s with 0.622s GC time.
GC pool 'PS MarkSweep' had collection(s): count=1 time=445ms
GC pool 'PS Scavenge' had collection(s): count=1 time=177ms
2023-06-22 21:37:01,319 [JvmPauseMonitor10] WARN  util.JvmPauseMonitor (JvmPauseMonitor.java:detectPause(124)) - JvmPauseMonitor-65b54071-31d6-4bc0-82c0-f363a9aa9754: Detected pause in JVM or host machine approximately 0.626s with 0.622s GC time.
GC pool 'PS MarkSweep' had collection(s): count=1 time=445ms
GC pool 'PS Scavenge' had collection(s): count=1 time=177ms
2023-06-22 21:37:01,345 [PipelineCommandHandlerThread-0] INFO  server.RaftServer (RaftServerProxy.java:addNew(98)) - 8f15a801-56b9-4d07-a63b-fddd9ee2c994: addNew group-ED79DF350A77:[8f15a801-56b9-4d07-a63b-fddd9ee2c994|rpc:10.1.1.69:15103|admin:10.1.1.69:15102|client:10.1.1.69:15101|dataStream:10.1.1.69:15104|priority:1|startupRole:FOLLOWER] returns group-ED79DF350A77:java.util.concurrent.CompletableFuture@1ffa9085[Not completed]
2023-06-22 21:37:01,350 [8f15a801-56b9-4d07-a63b-fddd9ee2c994-groupManagement] INFO  server.RaftServer$Division (RaftServerImpl.java:<init>(198)) - 8f15a801-56b9-4d07-a63b-fddd9ee2c994: new RaftServerImpl for group-ED79DF350A77:[8f15a801-56b9-4d07-a63b-fddd9ee2c994|rpc:10.1.1.69:15103|admin:10.1.1.69:15102|client:10.1.1.69:15101|dataStream:10.1.1.69:15104|priority:1|startupRole:FOLLOWER] with ContainerStateMachine:uninitialized
2023-06-22 21:37:01,351 [8f15a801-56b9-4d07-a63b-fddd9ee2c994-groupManagement] INFO  server.RaftServerConfigKeys (ConfUtils.java:logGet(46)) - raft.server.rpc.timeout.min = 5s (custom)
2023-06-22 21:37:01,351 [8f15a801-56b9-4d07-a63b-fddd9ee2c994-groupManagement] INFO  server.RaftServerConfigKeys (ConfUtils.java:logGet(46)) - raft.server.rpc.timeout.max = 5200ms (custom)
2023-06-22 21:37:01,351 [8f15a801-56b9-4d07-a63b-fddd9ee2c994-groupManagement] INFO  server.RaftServerConfigKeys (ConfUtils.java:logGet(46)) - raft.server.rpc.sleep.time = 25ms (default)
2023-06-22 21:37:01,351 [8f15a801-56b9-4d07-a63b-fddd9ee2c994-groupManagement] INFO  server.RaftServerConfigKeys (ConfUtils.java:logGet(46)) - raft.server.rpc.slowness.timeout = 300s (custom)
2023-06-22 21:37:01,351 [8f15a801-56b9-4d07-a63b-fddd9ee2c994-groupManagement] INFO  server.RaftServerConfigKeys (ConfUtils.java:logGet(46)) - raft.server.leaderelection.leader.step-down.wait-time = 10s (default)
2023-06-22 21:37:01,351 [8f15a801-56b9-4d07-a63b-fddd9ee2c994-groupManagement] INFO  server.RaftServerConfigKeys (ConfUtils.java:logGet(46)) - raft.server.sleep.deviation.threshold = 300ms (default)
2023-06-22 21:37:01,351 [8f15a801-56b9-4d07-a63b-fddd9ee2c994-groupManagement] INFO  server.RaftServer$Division (ServerState.java:<init>(120)) - 8f15a801-56b9-4d07-a63b-fddd9ee2c994@group-ED79DF350A77: ConfigurationManager, init=-1: peers:[8f15a801-56b9-4d07-a63b-fddd9ee2c994|rpc:10.1.1.69:15103|admin:10.1.1.69:15102|client:10.1.1.69:15101|dataStream:10.1.1.69:15104|priority:1|startupRole:FOLLOWER]|listeners:[], old=null, confs=<EMPTY_MAP>
2023-06-22 21:37:01,352 [8f15a801-56b9-4d07-a63b-fddd9ee2c994-groupManagement] INFO  server.RaftServerConfigKeys (ConfUtils.java:logGet(46)) - raft.server.storage.dir = [/home/runner/work/ozone/ozone/hadoop-ozone/integration-test/target/test-dir/MiniOzoneClusterImpl-9e90c1de-1c56-491c-b259-3d04922b55fd/datanode-4/data/ratis] (custom)
2023-06-22 21:37:01,352 [8f15a801-56b9-4d07-a63b-fddd9ee2c994-groupManagement] INFO  server.RaftServerConfigKeys (ConfUtils.java:logGet(46)) - raft.server.log.corruption.policy = EXCEPTION (default)
2023-06-22 21:37:01,352 [8f15a801-56b9-4d07-a63b-fddd9ee2c994-groupManagement] INFO  server.RaftServerConfigKeys (ConfUtils.java:logGet(46)) - raft.server.storage.free-space.min = 0MB (=0) (default)
2023-06-22 21:37:01,353 [8f15a801-56b9-4d07-a63b-fddd9ee2c994-groupManagement] INFO  server.RaftServerConfigKeys (ConfUtils.java:logGet(46)) - raft.server.notification.no-leader.timeout = 300s (custom)
2023-06-22 21:37:01,353 [8f15a801-56b9-4d07-a63b-fddd9ee2c994-groupManagement] INFO  server.RaftServerConfigKeys (ConfUtils.java:logGet(46)) - raft.server.read.timeout = 10s (default)
2023-06-22 21:37:01,353 [8f15a801-56b9-4d07-a63b-fddd9ee2c994-groupManagement] INFO  server.RaftServerConfigKeys (ConfUtils.java:logGet(46)) - raft.server.retrycache.expirytime = 600000ms (custom)
2023-06-22 21:37:01,353 [8f15a801-56b9-4d07-a63b-fddd9ee2c994-groupManagement] INFO  server.RaftServerConfigKeys (ConfUtils.java:logGet(46)) - raft.server.retrycache.statistics.expirytime = 100μs (default)
2023-06-22 21:37:01,353 [8f15a801-56b9-4d07-a63b-fddd9ee2c994-groupManagement] INFO  server.RaftServerConfigKeys (ConfUtils.java:logGet(46)) - raft.server.read.option = DEFAULT (default)
2023-06-22 21:37:01,355 [8f15a801-56b9-4d07-a63b-fddd9ee2c994-groupManagement] INFO  server.RaftServerConfigKeys (ConfUtils.java:logGet(46)) - raft.server.rpc.request.timeout = 60s (custom)
2023-06-22 21:37:01,355 [8f15a801-56b9-4d07-a63b-fddd9ee2c994-groupManagement] INFO  server.RaftServerConfigKeys (ConfUtils.java:logGet(46)) - raft.server.log.appender.install.snapshot.enabled = false (custom)
2023-06-22 21:37:01,355 [8f15a801-56b9-4d07-a63b-fddd9ee2c994-groupManagement] INFO  server.RaftServerConfigKeys (ConfUtils.java:logGet(46)) - raft.server.threadpool.server.cached = true (default)
2023-06-22 21:37:01,355 [8f15a801-56b9-4d07-a63b-fddd9ee2c994-groupManagement] INFO  server.RaftServerConfigKeys (ConfUtils.java:logGet(46)) - raft.server.threadpool.server.size = 0 (default)
2023-06-22 21:37:01,355 [8f15a801-56b9-4d07-a63b-fddd9ee2c994-groupManagement] INFO  server.RaftServerConfigKeys (ConfUtils.java:logGet(46)) - raft.server.threadpool.client.cached = true (default)
2023-06-22 21:37:01,355 [8f15a801-56b9-4d07-a63b-fddd9ee2c994-groupManagement] INFO  server.RaftServerConfigKeys (ConfUtils.java:logGet(46)) - raft.server.threadpool.client.size = 0 (default)
2023-06-22 21:37:01,357 [8f15a801-56b9-4d07-a63b-fddd9ee2c994-groupManagement] INFO  storage.RaftStorageDirectory (RaftStorageDirectoryImpl.java:analyzeStorage(137)) - The storage directory /home/runner/work/ozone/ozone/hadoop-ozone/integration-test/target/test-dir/MiniOzoneClusterImpl-9e90c1de-1c56-491c-b259-3d04922b55fd/datanode-4/data/ratis/61a0a910-0ab2-4313-820b-ed79df350a77 does not exist. Creating ...
2023-06-22 21:37:01,358 [8f15a801-56b9-4d07-a63b-fddd9ee2c994-groupManagement] INFO  storage.RaftStorageDirectory (RaftStorageDirectoryImpl.java:tryLock(231)) - Lock on /home/runner/work/ozone/ozone/hadoop-ozone/integration-test/target/test-dir/MiniOzoneClusterImpl-9e90c1de-1c56-491c-b259-3d04922b55fd/datanode-4/data/ratis/61a0a910-0ab2-4313-820b-ed79df350a77/in_use.lock acquired by nodename 41615@fv-az504-135
2023-06-22 21:37:01,359 [8f15a801-56b9-4d07-a63b-fddd9ee2c994-groupManagement] INFO  storage.RaftStorage (RaftStorageImpl.java:format(96)) - Storage directory /home/runner/work/ozone/ozone/hadoop-ozone/integration-test/target/test-dir/MiniOzoneClusterImpl-9e90c1de-1c56-491c-b259-3d04922b55fd/datanode-4/data/ratis/61a0a910-0ab2-4313-820b-ed79df350a77 has been successfully formatted.
2023-06-22 21:37:01,366 [8f15a801-56b9-4d07-a63b-fddd9ee2c994-groupManagement] INFO  ratis.ContainerStateMachine (ContainerStateMachine.java:loadSnapshot(262)) - group-ED79DF350A77: The snapshot info is null. Setting the last applied indexto:(t:0, i:~)
2023-06-22 21:37:01,366 [8f15a801-56b9-4d07-a63b-fddd9ee2c994-groupManagement] INFO  server.RaftServerConfigKeys (ConfUtils.java:logGet(46)) - raft.server.log.use.memory = false (default)
2023-06-22 21:37:01,366 [8f15a801-56b9-4d07-a63b-fddd9ee2c994-groupManagement] INFO  server.RaftServerConfigKeys (ConfUtils.java:logGet(46)) - raft.server.log.purge.gap = 1000000 (custom)
2023-06-22 21:37:01,366 [8f15a801-56b9-4d07-a63b-fddd9ee2c994-groupManagement] INFO  server.RaftServerConfigKeys (ConfUtils.java:logGet(46)) - raft.server.log.appender.buffer.byte-limit = 33554432 (custom)
2023-06-22 21:37:01,366 [8f15a801-56b9-4d07-a63b-fddd9ee2c994-groupManagement] INFO  server.RaftServerConfigKeys (ConfUtils.java:logGet(46)) - raft.server.log.statemachine.data.read.timeout = 1000ms (default)
2023-06-22 21:37:01,366 [8f15a801-56b9-4d07-a63b-fddd9ee2c994-groupManagement] INFO  server.RaftServerConfigKeys (ConfUtils.java:logGet(46)) - raft.server.log.purge.preservation.log.num = 0 (default)
2023-06-22 21:37:01,367 [EventQueue-PipelineReportForPipelineReportHandler] INFO  pipeline.PipelineManagerImpl (PipelineManagerImpl.java:openPipeline(367)) - Pipeline Pipeline[ Id: 61a0a910-0ab2-4313-820b-ed79df350a77, Nodes: 8f15a801-56b9-4d07-a63b-fddd9ee2c994(fv-az504-135/10.1.1.69), ReplicationConfig: RATIS/ONE, State:ALLOCATED, leaderId:8f15a801-56b9-4d07-a63b-fddd9ee2c994, CreationTimestamp2023-06-22T21:36:57.751Z[Etc/UTC]] moved to OPEN state
2023-06-22 21:37:01,367 [EventQueue-OpenPipelineForHealthyPipelineSafeModeRule] INFO  safemode.SCMSafeModeManager (HealthyPipelineSafeModeRule.java:process(137)) - SCM in safe mode. Healthy pipelines reported count is 0, required healthy pipeline reported count is 1
2023-06-22 21:37:01,368 [8f15a801-56b9-4d07-a63b-fddd9ee2c994-groupManagement] INFO  server.RaftServerConfigKeys (ConfUtils.java:logGet(46)) - raft.server.log.segment.size.max = 1048576 (custom)
2023-06-22 21:37:01,369 [8f15a801-56b9-4d07-a63b-fddd9ee2c994-groupManagement] INFO  server.RaftServerConfigKeys (ConfUtils.java:logGet(46)) - raft.server.log.segment.cache.num.max = 2 (custom)
2023-06-22 21:37:01,369 [8f15a801-56b9-4d07-a63b-fddd9ee2c994-groupManagement] INFO  server.RaftServerConfigKeys (ConfUtils.java:logGet(46)) - raft.server.log.segment.cache.size.max = 200MB (=209715200) (default)
2023-06-22 21:37:01,369 [8f15a801-56b9-4d07-a63b-fddd9ee2c994-groupManagement] INFO  server.RaftServerConfigKeys (ConfUtils.java:logGet(46)) - raft.server.log.appender.buffer.byte-limit = 33554432 (custom)
2023-06-22 21:37:01,369 [8f15a801-56b9-4d07-a63b-fddd9ee2c994-groupManagement] INFO  segmented.SegmentedRaftLogWorker (SegmentedRaftLogWorker.java:<init>(188)) - new 8f15a801-56b9-4d07-a63b-fddd9ee2c994@group-ED79DF350A77-SegmentedRaftLogWorker for RaftStorageImpl:Storage Directory /home/runner/work/ozone/ozone/hadoop-ozone/integration-test/target/test-dir/MiniOzoneClusterImpl-9e90c1de-1c56-491c-b259-3d04922b55fd/datanode-4/data/ratis/61a0a910-0ab2-4313-820b-ed79df350a77
2023-06-22 21:37:01,369 [8f15a801-56b9-4d07-a63b-fddd9ee2c994-groupManagement] INFO  server.RaftServerConfigKeys (ConfUtils.java:logGet(46)) - raft.server.log.queue.byte-limit = 4294967296 (custom)
2023-06-22 21:37:01,369 [8f15a801-56b9-4d07-a63b-fddd9ee2c994-groupManagement] INFO  server.RaftServerConfigKeys (ConfUtils.java:logGet(46)) - raft.server.log.queue.element-limit = 1024 (custom)
2023-06-22 21:37:01,369 [8f15a801-56b9-4d07-a63b-fddd9ee2c994-groupManagement] INFO  server.RaftServerConfigKeys (ConfUtils.java:logGet(46)) - raft.server.log.segment.size.max = 1048576 (custom)
2023-06-22 21:37:01,369 [8f15a801-56b9-4d07-a63b-fddd9ee2c994-groupManagement] INFO  server.RaftServerConfigKeys (ConfUtils.java:logGet(46)) - raft.server.log.preallocated.size = 16384 (custom)
2023-06-22 21:37:01,369 [8f15a801-56b9-4d07-a63b-fddd9ee2c994-groupManagement] INFO  server.RaftServerConfigKeys (ConfUtils.java:logGet(46)) - raft.server.log.force.sync.num = 128 (default)
2023-06-22 21:37:01,369 [8f15a801-56b9-4d07-a63b-fddd9ee2c994-groupManagement] INFO  server.RaftServerConfigKeys (ConfUtils.java:logGet(46)) - raft.server.log.statemachine.data.sync = true (default)
2023-06-22 21:37:01,369 [8f15a801-56b9-4d07-a63b-fddd9ee2c994-groupManagement] INFO  server.RaftServerConfigKeys (ConfUtils.java:logGet(46)) - raft.server.log.statemachine.data.sync.timeout = 10s (default)
2023-06-22 21:37:01,369 [8f15a801-56b9-4d07-a63b-fddd9ee2c994-groupManagement] INFO  server.RaftServerConfigKeys (ConfUtils.java:logGet(46)) - raft.server.log.statemachine.data.sync.timeout.retry = -1 (default)
2023-06-22 21:37:01,370 [8f15a801-56b9-4d07-a63b-fddd9ee2c994-groupManagement] INFO  server.RaftServerConfigKeys (ConfUtils.java:logGet(46)) - raft.server.log.write.buffer.size = 1048576 (custom)
2023-06-22 21:37:01,372 [8f15a801-56b9-4d07-a63b-fddd9ee2c994-groupManagement] INFO  server.RaftServerConfigKeys (ConfUtils.java:logGet(46)) - raft.server.log.appender.buffer.byte-limit = 33554432 (custom)
2023-06-22 21:37:01,378 [8f15a801-56b9-4d07-a63b-fddd9ee2c994-groupManagement] INFO  server.RaftServerConfigKeys (ConfUtils.java:logGet(46)) - raft.server.log.unsafe-flush.enabled = false (default)
2023-06-22 21:37:01,378 [8f15a801-56b9-4d07-a63b-fddd9ee2c994-groupManagement] INFO  server.RaftServerConfigKeys (ConfUtils.java:logGet(46)) - raft.server.log.async-flush.enabled = false (default)
2023-06-22 21:37:01,378 [8f15a801-56b9-4d07-a63b-fddd9ee2c994-groupManagement] INFO  server.RaftServerConfigKeys (ConfUtils.java:logGet(46)) - raft.server.log.statemachine.data.caching.enabled = true (custom)
2023-06-22 21:37:01,378 [8f15a801-56b9-4d07-a63b-fddd9ee2c994-groupManagement] INFO  segmented.SegmentedRaftLogWorker (SegmentedRaftLogWorker.java:lambda$new$0(135)) - 8f15a801-56b9-4d07-a63b-fddd9ee2c994@group-ED79DF350A77-SegmentedRaftLogWorker: flushIndex: setUnconditionally 0 -> -1
2023-06-22 21:37:01,378 [8f15a801-56b9-4d07-a63b-fddd9ee2c994-groupManagement] INFO  segmented.SegmentedRaftLogWorker (SegmentedRaftLogWorker.java:lambda$new$0(135)) - 8f15a801-56b9-4d07-a63b-fddd9ee2c994@group-ED79DF350A77-SegmentedRaftLogWorker: safeCacheEvictIndex: setUnconditionally 0 -> -1
2023-06-22 21:37:01,380 [8f15a801-56b9-4d07-a63b-fddd9ee2c994-groupManagement] INFO  server.RaftServer$Division (RaftServerImpl.java:start(342)) - 8f15a801-56b9-4d07-a63b-fddd9ee2c994@group-ED79DF350A77: start as a follower, conf=-1: peers:[8f15a801-56b9-4d07-a63b-fddd9ee2c994|rpc:10.1.1.69:15103|admin:10.1.1.69:15102|client:10.1.1.69:15101|dataStream:10.1.1.69:15104|priority:1|startupRole:FOLLOWER]|listeners:[], old=null
2023-06-22 21:37:01,380 [8f15a801-56b9-4d07-a63b-fddd9ee2c994-groupManagement] INFO  server.RaftServer$Division (RaftServerImpl.java:setRole(329)) - 8f15a801-56b9-4d07-a63b-fddd9ee2c994@group-ED79DF350A77: changes role from      null to FOLLOWER at term 0 for startAsFollower
2023-06-22 21:37:01,380 [8f15a801-56b9-4d07-a63b-fddd9ee2c994-groupManagement] INFO  impl.RoleInfo (RoleInfo.java:updateAndGet(139)) - 8f15a801-56b9-4d07-a63b-fddd9ee2c994: start 8f15a801-56b9-4d07-a63b-fddd9ee2c994@group-ED79DF350A77-FollowerState
2023-06-22 21:37:01,381 [8f15a801-56b9-4d07-a63b-fddd9ee2c994-groupManagement] INFO  util.JmxRegister (JmxRegister.java:tryRegister(44)) - Successfully registered JMX Bean with object name Ratis:service=RaftServer,group=group-ED79DF350A77,id=8f15a801-56b9-4d07-a63b-fddd9ee2c994
2023-06-22 21:37:01,381 [8f15a801-56b9-4d07-a63b-fddd9ee2c994-groupManagement] INFO  server.RaftServerConfigKeys (ConfUtils.java:logGet(46)) - raft.server.snapshot.auto.trigger.enabled = true (custom)
2023-06-22 21:37:01,381 [8f15a801-56b9-4d07-a63b-fddd9ee2c994-groupManagement] INFO  server.RaftServerConfigKeys (ConfUtils.java:logGet(46)) - raft.server.snapshot.auto.trigger.threshold = 10000 (custom)
2023-06-22 21:37:01,381 [8f15a801-56b9-4d07-a63b-fddd9ee2c994-groupManagement] INFO  server.RaftServerConfigKeys (ConfUtils.java:logGet(46)) - raft.server.snapshot.retention.file.num = 5 (custom)
2023-06-22 21:37:01,381 [8f15a801-56b9-4d07-a63b-fddd9ee2c994-groupManagement] INFO  server.RaftServerConfigKeys (ConfUtils.java:logGet(46)) - raft.server.log.purge.upto.snapshot.index = false (default)
2023-06-22 21:37:01,382 [PipelineCommandHandlerThread-0] INFO  ratis.XceiverServerRatis (XceiverServerRatis.java:addGroup(804)) - Created group PipelineID=61a0a910-0ab2-4313-820b-ed79df350a77
2023-06-22 21:37:01,382 [PipelineCommandHandlerThread-0] INFO  commandhandler.CreatePipelineCommandHandler (CreatePipelineCommandHandler.java:lambda$handle$2(124)) - Created Pipeline RATIS ONE PipelineID=61a0a910-0ab2-4313-820b-ed79df350a77.
2023-06-22 21:37:01,383 [8f15a801-56b9-4d07-a63b-fddd9ee2c994@group-ED79DF350A77-FollowerState] INFO  server.RaftServerConfigKeys (ConfUtils.java:logFallback(53)) - raft.server.rpc.first-election.timeout.min = 5s (fallback to raft.server.rpc.timeout.min)
2023-06-22 21:37:01,383 [8f15a801-56b9-4d07-a63b-fddd9ee2c994@group-ED79DF350A77-FollowerState] INFO  server.RaftServerConfigKeys (ConfUtils.java:logFallback(53)) - raft.server.rpc.first-election.timeout.max = 5200ms (fallback to raft.server.rpc.timeout.max)
2023-06-22 21:37:02,319 [main] INFO  ozone.MiniOzoneClusterImpl (MiniOzoneClusterImpl.java:lambda$waitForClusterToBeReady$0(224)) - Nodes are ready. Got 5 of 5 DN Heartbeats.
2023-06-22 21:37:02,319 [main] INFO  ozone.MiniOzoneClusterImpl (MiniOzoneClusterImpl.java:lambda$waitForClusterToBeReady$0(227)) - Waiting for cluster to exit safe mode
2023-06-22 21:37:02,319 [main] INFO  ozone.MiniOzoneClusterImpl (MiniOzoneClusterImpl.java:lambda$waitForClusterToBeReady$0(229)) - SCM became leader
2023-06-22 21:37:03,319 [main] INFO  ozone.MiniOzoneClusterImpl (MiniOzoneClusterImpl.java:lambda$waitForClusterToBeReady$0(224)) - Nodes are ready. Got 5 of 5 DN Heartbeats.
2023-06-22 21:37:03,320 [main] INFO  ozone.MiniOzoneClusterImpl (MiniOzoneClusterImpl.java:lambda$waitForClusterToBeReady$0(227)) - Waiting for cluster to exit safe mode
2023-06-22 21:37:03,320 [main] INFO  ozone.MiniOzoneClusterImpl (MiniOzoneClusterImpl.java:lambda$waitForClusterToBeReady$0(229)) - SCM became leader
2023-06-22 21:37:04,317 [93c05b65-1d47-44de-af22-274bc9e484bb@group-E800B7CAF43F-FollowerState] INFO  impl.FollowerState (FollowerState.java:run(143)) - 93c05b65-1d47-44de-af22-274bc9e484bb@group-E800B7CAF43F-FollowerState: change to CANDIDATE, lastRpcElapsedTime:5026768338ns, electionTimeout:5026ms
2023-06-22 21:37:04,317 [93c05b65-1d47-44de-af22-274bc9e484bb@group-E800B7CAF43F-FollowerState] INFO  impl.RoleInfo (RoleInfo.java:shutdownFollowerState(110)) - 93c05b65-1d47-44de-af22-274bc9e484bb: shutdown 93c05b65-1d47-44de-af22-274bc9e484bb@group-E800B7CAF43F-FollowerState
2023-06-22 21:37:04,318 [93c05b65-1d47-44de-af22-274bc9e484bb@group-E800B7CAF43F-FollowerState] INFO  server.RaftServer$Division (RaftServerImpl.java:setRole(329)) - 93c05b65-1d47-44de-af22-274bc9e484bb@group-E800B7CAF43F: changes role from  FOLLOWER to CANDIDATE at term 0 for changeToCandidate
2023-06-22 21:37:04,318 [93c05b65-1d47-44de-af22-274bc9e484bb@group-E800B7CAF43F-FollowerState] INFO  server.RaftServerConfigKeys (ConfUtils.java:logGet(46)) - raft.server.leaderelection.pre-vote = true (default)
2023-06-22 21:37:04,318 [93c05b65-1d47-44de-af22-274bc9e484bb@group-E800B7CAF43F-FollowerState] INFO  impl.RoleInfo (RoleInfo.java:updateAndGet(139)) - 93c05b65-1d47-44de-af22-274bc9e484bb: start 93c05b65-1d47-44de-af22-274bc9e484bb@group-E800B7CAF43F-LeaderElection9
2023-06-22 21:37:04,321 [main] INFO  ozone.MiniOzoneClusterImpl (MiniOzoneClusterImpl.java:lambda$waitForClusterToBeReady$0(224)) - Nodes are ready. Got 5 of 5 DN Heartbeats.
2023-06-22 21:37:04,321 [main] INFO  ozone.MiniOzoneClusterImpl (MiniOzoneClusterImpl.java:lambda$waitForClusterToBeReady$0(227)) - Waiting for cluster to exit safe mode
2023-06-22 21:37:04,321 [main] INFO  ozone.MiniOzoneClusterImpl (MiniOzoneClusterImpl.java:lambda$waitForClusterToBeReady$0(229)) - SCM became leader
2023-06-22 21:37:04,321 [93c05b65-1d47-44de-af22-274bc9e484bb@group-E800B7CAF43F-LeaderElection9] INFO  impl.LeaderElection (LeaderElection.java:askForVotes(321)) - 93c05b65-1d47-44de-af22-274bc9e484bb@group-E800B7CAF43F-LeaderElection9 PRE_VOTE round 0: submit vote requests at term 0 for -1: peers:[93c05b65-1d47-44de-af22-274bc9e484bb|rpc:10.1.1.69:15067|admin:10.1.1.69:15066|client:10.1.1.69:15065|dataStream:10.1.1.69:15068|priority:1|startupRole:FOLLOWER]|listeners:[], old=null
2023-06-22 21:37:04,321 [93c05b65-1d47-44de-af22-274bc9e484bb@group-E800B7CAF43F-LeaderElection9] INFO  impl.LeaderElection (LeaderElection.java:askForVotes(323)) - 93c05b65-1d47-44de-af22-274bc9e484bb@group-E800B7CAF43F-LeaderElection9 PRE_VOTE round 0: result PASSED (term=0)
2023-06-22 21:37:04,323 [93c05b65-1d47-44de-af22-274bc9e484bb@group-E800B7CAF43F-LeaderElection9] INFO  impl.LeaderElection (LeaderElection.java:askForVotes(321)) - 93c05b65-1d47-44de-af22-274bc9e484bb@group-E800B7CAF43F-LeaderElection9 ELECTION round 0: submit vote requests at term 1 for -1: peers:[93c05b65-1d47-44de-af22-274bc9e484bb|rpc:10.1.1.69:15067|admin:10.1.1.69:15066|client:10.1.1.69:15065|dataStream:10.1.1.69:15068|priority:1|startupRole:FOLLOWER]|listeners:[], old=null
2023-06-22 21:37:04,323 [93c05b65-1d47-44de-af22-274bc9e484bb@group-E800B7CAF43F-LeaderElection9] INFO  impl.LeaderElection (LeaderElection.java:askForVotes(323)) - 93c05b65-1d47-44de-af22-274bc9e484bb@group-E800B7CAF43F-LeaderElection9 ELECTION round 0: result PASSED (term=1)
2023-06-22 21:37:04,323 [93c05b65-1d47-44de-af22-274bc9e484bb@group-E800B7CAF43F-LeaderElection9] INFO  impl.RoleInfo (RoleInfo.java:shutdownLeaderElection(130)) - 93c05b65-1d47-44de-af22-274bc9e484bb: shutdown 93c05b65-1d47-44de-af22-274bc9e484bb@group-E800B7CAF43F-LeaderElection9
2023-06-22 21:37:04,323 [93c05b65-1d47-44de-af22-274bc9e484bb@group-E800B7CAF43F-LeaderElection9] INFO  server.RaftServer$Division (RaftServerImpl.java:setRole(329)) - 93c05b65-1d47-44de-af22-274bc9e484bb@group-E800B7CAF43F: changes role from CANDIDATE to LEADER at term 1 for changeToLeader
2023-06-22 21:37:04,323 [93c05b65-1d47-44de-af22-274bc9e484bb@group-E800B7CAF43F-LeaderElection9] INFO  ratis.XceiverServerRatis (XceiverServerRatis.java:handleLeaderChangedNotification(902)) - Leader change notification received for group: group-E800B7CAF43F with new leaderId: 93c05b65-1d47-44de-af22-274bc9e484bb
2023-06-22 21:37:04,323 [93c05b65-1d47-44de-af22-274bc9e484bb@group-E800B7CAF43F-LeaderElection9] INFO  server.RaftServer$Division (ServerState.java:setLeader(317)) - 93c05b65-1d47-44de-af22-274bc9e484bb@group-E800B7CAF43F: change Leader from null to 93c05b65-1d47-44de-af22-274bc9e484bb at term 1 for becomeLeader, leader elected after 5054ms
2023-06-22 21:37:04,323 [93c05b65-1d47-44de-af22-274bc9e484bb@group-E800B7CAF43F-LeaderElection9] INFO  server.RaftServerConfigKeys (ConfUtils.java:logGet(46)) - raft.server.staging.catchup.gap = 1000 (default)
2023-06-22 21:37:04,325 [EventQueue-OpenPipelineForHealthyPipelineSafeModeRule] INFO  safemode.SCMSafeModeManager (HealthyPipelineSafeModeRule.java:process(137)) - SCM in safe mode. Healthy pipelines reported count is 0, required healthy pipeline reported count is 1
2023-06-22 21:37:04,325 [93c05b65-1d47-44de-af22-274bc9e484bb@group-E800B7CAF43F-LeaderElection9] INFO  server.RaftServerConfigKeys (ConfUtils.java:logGet(46)) - raft.server.write.element-limit = 1024 (custom)
2023-06-22 21:37:04,325 [93c05b65-1d47-44de-af22-274bc9e484bb@group-E800B7CAF43F-LeaderElection9] INFO  server.RaftServerConfigKeys (ConfUtils.java:logGet(46)) - raft.server.write.byte-limit = 1024 M (=1073741824) (custom)
2023-06-22 21:37:04,326 [93c05b65-1d47-44de-af22-274bc9e484bb@group-E800B7CAF43F-LeaderElection9] INFO  server.RaftServerConfigKeys (ConfUtils.java:logGet(46)) - raft.server.watch.timeout = 180s (custom)
2023-06-22 21:37:04,326 [93c05b65-1d47-44de-af22-274bc9e484bb@group-E800B7CAF43F-LeaderElection9] INFO  server.RaftServerConfigKeys (ConfUtils.java:logGet(46)) - raft.server.watch.timeout.denomination = 1s (default)
2023-06-22 21:37:04,326 [93c05b65-1d47-44de-af22-274bc9e484bb@group-E800B7CAF43F-LeaderElection9] INFO  server.RaftServerConfigKeys (ConfUtils.java:logGet(46)) - raft.server.watch.element-limit = 65536 (default)
2023-06-22 21:37:04,326 [93c05b65-1d47-44de-af22-274bc9e484bb@group-E800B7CAF43F-LeaderElection9] INFO  server.RaftServerConfigKeys (ConfUtils.java:logGet(46)) - raft.server.write.element-limit = 1024 (custom)
2023-06-22 21:37:04,326 [93c05b65-1d47-44de-af22-274bc9e484bb@group-E800B7CAF43F-LeaderElection9] INFO  server.RaftServerConfigKeys (ConfUtils.java:logGet(46)) - raft.server.write.follower.gap.ratio.max = -1.0 (default)
2023-06-22 21:37:04,326 [93c05b65-1d47-44de-af22-274bc9e484bb@group-E800B7CAF43F-LeaderElection9] INFO  impl.RoleInfo (RoleInfo.java:updateAndGet(139)) - 93c05b65-1d47-44de-af22-274bc9e484bb: start 93c05b65-1d47-44de-af22-274bc9e484bb@group-E800B7CAF43F-LeaderStateImpl
2023-06-22 21:37:04,326 [93c05b65-1d47-44de-af22-274bc9e484bb@group-E800B7CAF43F-LeaderElection9] INFO  segmented.SegmentedRaftLogWorker (SegmentedRaftLogWorker.java:startLogSegment(447)) - 93c05b65-1d47-44de-af22-274bc9e484bb@group-E800B7CAF43F-SegmentedRaftLogWorker: Starting segment from index:0
2023-06-22 21:37:04,328 [93c05b65-1d47-44de-af22-274bc9e484bb@group-E800B7CAF43F-LeaderElection9] INFO  server.RaftServer$Division (ServerState.java:setRaftConf(434)) - 93c05b65-1d47-44de-af22-274bc9e484bb@group-E800B7CAF43F: set configuration 0: peers:[93c05b65-1d47-44de-af22-274bc9e484bb|rpc:10.1.1.69:15067|admin:10.1.1.69:15066|client:10.1.1.69:15065|dataStream:10.1.1.69:15068|priority:1|startupRole:FOLLOWER]|listeners:[], old=null
2023-06-22 21:37:04,328 [93c05b65-1d47-44de-af22-274bc9e484bb@group-E800B7CAF43F-SegmentedRaftLogWorker] INFO  segmented.SegmentedRaftLogWorker (SegmentedRaftLogWorker.java:execute(651)) - 93c05b65-1d47-44de-af22-274bc9e484bb@group-E800B7CAF43F-SegmentedRaftLogWorker: created new log segment /home/runner/work/ozone/ozone/hadoop-ozone/integration-test/target/test-dir/MiniOzoneClusterImpl-9e90c1de-1c56-491c-b259-3d04922b55fd/datanode-0/data/ratis/29c0c85a-8d9f-4416-96f2-e800b7caf43f/current/log_inprogress_0
2023-06-22 21:37:04,371 [93c05b65-1d47-44de-af22-274bc9e484bb@group-A653292F152E-FollowerState] INFO  impl.FollowerState (FollowerState.java:run(143)) - 93c05b65-1d47-44de-af22-274bc9e484bb@group-A653292F152E-FollowerState: change to CANDIDATE, lastRpcElapsedTime:5054053352ns, electionTimeout:5050ms
2023-06-22 21:37:04,372 [93c05b65-1d47-44de-af22-274bc9e484bb@group-A653292F152E-FollowerState] INFO  impl.RoleInfo (RoleInfo.java:shutdownFollowerState(110)) - 93c05b65-1d47-44de-af22-274bc9e484bb: shutdown 93c05b65-1d47-44de-af22-274bc9e484bb@group-A653292F152E-FollowerState
2023-06-22 21:37:04,372 [93c05b65-1d47-44de-af22-274bc9e484bb@group-A653292F152E-FollowerState] INFO  server.RaftServer$Division (RaftServerImpl.java:setRole(329)) - 93c05b65-1d47-44de-af22-274bc9e484bb@group-A653292F152E: changes role from  FOLLOWER to CANDIDATE at term 0 for changeToCandidate
2023-06-22 21:37:04,372 [93c05b65-1d47-44de-af22-274bc9e484bb@group-A653292F152E-FollowerState] INFO  server.RaftServerConfigKeys (ConfUtils.java:logGet(46)) - raft.server.leaderelection.pre-vote = true (default)
2023-06-22 21:37:04,372 [93c05b65-1d47-44de-af22-274bc9e484bb@group-A653292F152E-FollowerState] INFO  impl.RoleInfo (RoleInfo.java:updateAndGet(139)) - 93c05b65-1d47-44de-af22-274bc9e484bb: start 93c05b65-1d47-44de-af22-274bc9e484bb@group-A653292F152E-LeaderElection10
2023-06-22 21:37:04,375 [93c05b65-1d47-44de-af22-274bc9e484bb@group-A653292F152E-LeaderElection10] INFO  impl.LeaderElection (LeaderElection.java:askForVotes(321)) - 93c05b65-1d47-44de-af22-274bc9e484bb@group-A653292F152E-LeaderElection10 PRE_VOTE round 0: submit vote requests at term 0 for -1: peers:[93c05b65-1d47-44de-af22-274bc9e484bb|rpc:10.1.1.69:15067|admin:10.1.1.69:15066|client:10.1.1.69:15065|dataStream:10.1.1.69:15068|priority:1|startupRole:FOLLOWER, 65b54071-31d6-4bc0-82c0-f363a9aa9754|rpc:10.1.1.69:15076|admin:10.1.1.69:15075|client:10.1.1.69:15074|dataStream:10.1.1.69:15077|priority:0|startupRole:FOLLOWER, 599df4a6-6b73-4cda-a21a-cae0798e8b5d|rpc:10.1.1.69:15085|admin:10.1.1.69:15084|client:10.1.1.69:15083|dataStream:10.1.1.69:15086|priority:0|startupRole:FOLLOWER]|listeners:[], old=null
2023-06-22 21:37:04,375 [93c05b65-1d47-44de-af22-274bc9e484bb@group-A653292F152E-LeaderElection10-1] INFO  server.GrpcServerProtocolClient (GrpcServerProtocolClient.java:<init>(65)) - Build channel for 65b54071-31d6-4bc0-82c0-f363a9aa9754
2023-06-22 21:37:04,375 [93c05b65-1d47-44de-af22-274bc9e484bb@group-A653292F152E-LeaderElection10] INFO  server.RaftServerConfigKeys (ConfUtils.java:logFallback(53)) - raft.server.rpc.first-election.timeout.min = 5s (fallback to raft.server.rpc.timeout.min)
2023-06-22 21:37:04,376 [93c05b65-1d47-44de-af22-274bc9e484bb@group-A653292F152E-LeaderElection10] INFO  server.RaftServerConfigKeys (ConfUtils.java:logFallback(53)) - raft.server.rpc.first-election.timeout.max = 5200ms (fallback to raft.server.rpc.timeout.max)
2023-06-22 21:37:04,376 [93c05b65-1d47-44de-af22-274bc9e484bb@group-A653292F152E-LeaderElection10-2] INFO  server.GrpcServerProtocolClient (GrpcServerProtocolClient.java:<init>(65)) - Build channel for 599df4a6-6b73-4cda-a21a-cae0798e8b5d
2023-06-22 21:37:04,385 [grpc-default-executor-4] INFO  server.RaftServer$Division (RaftServerImpl.java:requestVote(1302)) - 599df4a6-6b73-4cda-a21a-cae0798e8b5d@group-A653292F152E: receive requestVote(PRE_VOTE, 93c05b65-1d47-44de-af22-274bc9e484bb, group-A653292F152E, 0, (t:0, i:0))
2023-06-22 21:37:04,386 [grpc-default-executor-4] INFO  impl.VoteContext (VoteContext.java:log(49)) - 599df4a6-6b73-4cda-a21a-cae0798e8b5d@group-A653292F152E-FOLLOWER: accept PRE_VOTE from 93c05b65-1d47-44de-af22-274bc9e484bb: our priority 0 <= candidate's priority 1
2023-06-22 21:37:04,386 [grpc-default-executor-4] INFO  server.RaftServer$Division (RaftServerImpl.java:requestVote(1335)) - 599df4a6-6b73-4cda-a21a-cae0798e8b5d@group-A653292F152E replies to PRE_VOTE vote request: 93c05b65-1d47-44de-af22-274bc9e484bb<-599df4a6-6b73-4cda-a21a-cae0798e8b5d#0:OK-t0. Peer's state: 599df4a6-6b73-4cda-a21a-cae0798e8b5d@group-A653292F152E:t0, leader=null, voted=, raftlog=Memoized:599df4a6-6b73-4cda-a21a-cae0798e8b5d@group-A653292F152E-SegmentedRaftLog:OPENED:c-1, conf=-1: peers:[93c05b65-1d47-44de-af22-274bc9e484bb|rpc:10.1.1.69:15067|admin:10.1.1.69:15066|client:10.1.1.69:15065|dataStream:10.1.1.69:15068|priority:1|startupRole:FOLLOWER, 65b54071-31d6-4bc0-82c0-f363a9aa9754|rpc:10.1.1.69:15076|admin:10.1.1.69:15075|client:10.1.1.69:15074|dataStream:10.1.1.69:15077|priority:0|startupRole:FOLLOWER, 599df4a6-6b73-4cda-a21a-cae0798e8b5d|rpc:10.1.1.69:15085|admin:10.1.1.69:15084|client:10.1.1.69:15083|dataStream:10.1.1.69:15086|priority:0|startupRole:FOLLOWER]|listeners:[], old=null
2023-06-22 21:37:04,395 [grpc-default-executor-4] INFO  server.RaftServer$Division (RaftServerImpl.java:requestVote(1302)) - 65b54071-31d6-4bc0-82c0-f363a9aa9754@group-A653292F152E: receive requestVote(PRE_VOTE, 93c05b65-1d47-44de-af22-274bc9e484bb, group-A653292F152E, 0, (t:0, i:0))
2023-06-22 21:37:04,396 [grpc-default-executor-4] INFO  impl.VoteContext (VoteContext.java:log(49)) - 65b54071-31d6-4bc0-82c0-f363a9aa9754@group-A653292F152E-FOLLOWER: accept PRE_VOTE from 93c05b65-1d47-44de-af22-274bc9e484bb: our priority 0 <= candidate's priority 1
2023-06-22 21:37:04,396 [grpc-default-executor-4] INFO  server.RaftServer$Division (RaftServerImpl.java:requestVote(1335)) - 65b54071-31d6-4bc0-82c0-f363a9aa9754@group-A653292F152E replies to PRE_VOTE vote request: 93c05b65-1d47-44de-af22-274bc9e484bb<-65b54071-31d6-4bc0-82c0-f363a9aa9754#0:OK-t0. Peer's state: 65b54071-31d6-4bc0-82c0-f363a9aa9754@group-A653292F152E:t0, leader=null, voted=, raftlog=Memoized:65b54071-31d6-4bc0-82c0-f363a9aa9754@group-A653292F152E-SegmentedRaftLog:OPENED:c-1, conf=-1: peers:[93c05b65-1d47-44de-af22-274bc9e484bb|rpc:10.1.1.69:15067|admin:10.1.1.69:15066|client:10.1.1.69:15065|dataStream:10.1.1.69:15068|priority:1|startupRole:FOLLOWER, 65b54071-31d6-4bc0-82c0-f363a9aa9754|rpc:10.1.1.69:15076|admin:10.1.1.69:15075|client:10.1.1.69:15074|dataStream:10.1.1.69:15077|priority:0|startupRole:FOLLOWER, 599df4a6-6b73-4cda-a21a-cae0798e8b5d|rpc:10.1.1.69:15085|admin:10.1.1.69:15084|client:10.1.1.69:15083|dataStream:10.1.1.69:15086|priority:0|startupRole:FOLLOWER]|listeners:[], old=null
2023-06-22 21:37:04,397 [93c05b65-1d47-44de-af22-274bc9e484bb@group-A653292F152E-LeaderElection10] INFO  impl.LeaderElection (LeaderElection.java:logAndReturn(90)) - 93c05b65-1d47-44de-af22-274bc9e484bb@group-A653292F152E-LeaderElection10: PRE_VOTE PASSED received 1 response(s) and 0 exception(s):
2023-06-22 21:37:04,397 [93c05b65-1d47-44de-af22-274bc9e484bb@group-A653292F152E-LeaderElection10] INFO  impl.LeaderElection (LeaderElection.java:logAndReturn(94)) -   Response 0: 93c05b65-1d47-44de-af22-274bc9e484bb<-599df4a6-6b73-4cda-a21a-cae0798e8b5d#0:OK-t0
2023-06-22 21:37:04,397 [93c05b65-1d47-44de-af22-274bc9e484bb@group-A653292F152E-LeaderElection10] INFO  impl.LeaderElection (LeaderElection.java:askForVotes(323)) - 93c05b65-1d47-44de-af22-274bc9e484bb@group-A653292F152E-LeaderElection10 PRE_VOTE round 0: result PASSED
2023-06-22 21:37:04,399 [93c05b65-1d47-44de-af22-274bc9e484bb@group-A653292F152E-LeaderElection10] INFO  impl.LeaderElection (LeaderElection.java:askForVotes(321)) - 93c05b65-1d47-44de-af22-274bc9e484bb@group-A653292F152E-LeaderElection10 ELECTION round 0: submit vote requests at term 1 for -1: peers:[93c05b65-1d47-44de-af22-274bc9e484bb|rpc:10.1.1.69:15067|admin:10.1.1.69:15066|client:10.1.1.69:15065|dataStream:10.1.1.69:15068|priority:1|startupRole:FOLLOWER, 65b54071-31d6-4bc0-82c0-f363a9aa9754|rpc:10.1.1.69:15076|admin:10.1.1.69:15075|client:10.1.1.69:15074|dataStream:10.1.1.69:15077|priority:0|startupRole:FOLLOWER, 599df4a6-6b73-4cda-a21a-cae0798e8b5d|rpc:10.1.1.69:15085|admin:10.1.1.69:15084|client:10.1.1.69:15083|dataStream:10.1.1.69:15086|priority:0|startupRole:FOLLOWER]|listeners:[], old=null
2023-06-22 21:37:04,400 [93c05b65-1d47-44de-af22-274bc9e484bb@group-A653292F152E-LeaderElection10] INFO  server.RaftServerConfigKeys (ConfUtils.java:logFallback(53)) - raft.server.rpc.first-election.timeout.min = 5s (fallback to raft.server.rpc.timeout.min)
2023-06-22 21:37:04,400 [93c05b65-1d47-44de-af22-274bc9e484bb@group-A653292F152E-LeaderElection10] INFO  server.RaftServerConfigKeys (ConfUtils.java:logFallback(53)) - raft.server.rpc.first-election.timeout.max = 5200ms (fallback to raft.server.rpc.timeout.max)
2023-06-22 21:37:04,402 [grpc-default-executor-4] INFO  server.RaftServer$Division (RaftServerImpl.java:requestVote(1302)) - 65b54071-31d6-4bc0-82c0-f363a9aa9754@group-A653292F152E: receive requestVote(ELECTION, 93c05b65-1d47-44de-af22-274bc9e484bb, group-A653292F152E, 1, (t:0, i:0))
2023-06-22 21:37:04,403 [grpc-default-executor-4] INFO  impl.VoteContext (VoteContext.java:log(49)) - 65b54071-31d6-4bc0-82c0-f363a9aa9754@group-A653292F152E-FOLLOWER: accept ELECTION from 93c05b65-1d47-44de-af22-274bc9e484bb: our priority 0 <= candidate's priority 1
2023-06-22 21:37:04,403 [grpc-default-executor-4] INFO  server.RaftServer$Division (RaftServerImpl.java:setRole(329)) - 65b54071-31d6-4bc0-82c0-f363a9aa9754@group-A653292F152E: changes role from  FOLLOWER to FOLLOWER at term 1 for candidate:93c05b65-1d47-44de-af22-274bc9e484bb
2023-06-22 21:37:04,403 [grpc-default-executor-4] INFO  impl.RoleInfo (RoleInfo.java:shutdownFollowerState(110)) - 65b54071-31d6-4bc0-82c0-f363a9aa9754: shutdown 65b54071-31d6-4bc0-82c0-f363a9aa9754@group-A653292F152E-FollowerState
2023-06-22 21:37:04,403 [grpc-default-executor-4] INFO  impl.RoleInfo (RoleInfo.java:updateAndGet(139)) - 65b54071-31d6-4bc0-82c0-f363a9aa9754: start 65b54071-31d6-4bc0-82c0-f363a9aa9754@group-A653292F152E-FollowerState
2023-06-22 21:37:04,403 [65b54071-31d6-4bc0-82c0-f363a9aa9754@group-A653292F152E-FollowerState] INFO  impl.FollowerState (FollowerState.java:run(152)) - 65b54071-31d6-4bc0-82c0-f363a9aa9754@group-A653292F152E-FollowerState was interrupted
2023-06-22 21:37:04,406 [grpc-default-executor-4] INFO  server.RaftServer$Division (RaftServerImpl.java:requestVote(1335)) - 65b54071-31d6-4bc0-82c0-f363a9aa9754@group-A653292F152E replies to ELECTION vote request: 93c05b65-1d47-44de-af22-274bc9e484bb<-65b54071-31d6-4bc0-82c0-f363a9aa9754#0:OK-t1. Peer's state: 65b54071-31d6-4bc0-82c0-f363a9aa9754@group-A653292F152E:t1, leader=null, voted=93c05b65-1d47-44de-af22-274bc9e484bb, raftlog=Memoized:65b54071-31d6-4bc0-82c0-f363a9aa9754@group-A653292F152E-SegmentedRaftLog:OPENED:c-1, conf=-1: peers:[93c05b65-1d47-44de-af22-274bc9e484bb|rpc:10.1.1.69:15067|admin:10.1.1.69:15066|client:10.1.1.69:15065|dataStream:10.1.1.69:15068|priority:1|startupRole:FOLLOWER, 65b54071-31d6-4bc0-82c0-f363a9aa9754|rpc:10.1.1.69:15076|admin:10.1.1.69:15075|client:10.1.1.69:15074|dataStream:10.1.1.69:15077|priority:0|startupRole:FOLLOWER, 599df4a6-6b73-4cda-a21a-cae0798e8b5d|rpc:10.1.1.69:15085|admin:10.1.1.69:15084|client:10.1.1.69:15083|dataStream:10.1.1.69:15086|priority:0|startupRole:FOLLOWER]|listeners:[], old=null
2023-06-22 21:37:04,407 [93c05b65-1d47-44de-af22-274bc9e484bb@group-A653292F152E-LeaderElection10] INFO  impl.LeaderElection (LeaderElection.java:logAndReturn(90)) - 93c05b65-1d47-44de-af22-274bc9e484bb@group-A653292F152E-LeaderElection10: ELECTION PASSED received 1 response(s) and 0 exception(s):
2023-06-22 21:37:04,408 [93c05b65-1d47-44de-af22-274bc9e484bb@group-A653292F152E-LeaderElection10] INFO  impl.LeaderElection (LeaderElection.java:logAndReturn(94)) -   Response 0: 93c05b65-1d47-44de-af22-274bc9e484bb<-65b54071-31d6-4bc0-82c0-f363a9aa9754#0:OK-t1
2023-06-22 21:37:04,408 [93c05b65-1d47-44de-af22-274bc9e484bb@group-A653292F152E-LeaderElection10] INFO  impl.LeaderElection (LeaderElection.java:askForVotes(323)) - 93c05b65-1d47-44de-af22-274bc9e484bb@group-A653292F152E-LeaderElection10 ELECTION round 0: result PASSED
2023-06-22 21:37:04,408 [93c05b65-1d47-44de-af22-274bc9e484bb@group-A653292F152E-LeaderElection10] INFO  impl.RoleInfo (RoleInfo.java:shutdownLeaderElection(130)) - 93c05b65-1d47-44de-af22-274bc9e484bb: shutdown 93c05b65-1d47-44de-af22-274bc9e484bb@group-A653292F152E-LeaderElection10
2023-06-22 21:37:04,408 [grpc-default-executor-4] INFO  server.RaftServer$Division (RaftServerImpl.java:requestVote(1302)) - 599df4a6-6b73-4cda-a21a-cae0798e8b5d@group-A653292F152E: receive requestVote(ELECTION, 93c05b65-1d47-44de-af22-274bc9e484bb, group-A653292F152E, 1, (t:0, i:0))
2023-06-22 21:37:04,408 [93c05b65-1d47-44de-af22-274bc9e484bb@group-A653292F152E-LeaderElection10] INFO  server.RaftServer$Division (RaftServerImpl.java:setRole(329)) - 93c05b65-1d47-44de-af22-274bc9e484bb@group-A653292F152E: changes role from CANDIDATE to LEADER at term 1 for changeToLeader
2023-06-22 21:37:04,411 [grpc-default-executor-4] INFO  impl.VoteContext (VoteContext.java:log(49)) - 599df4a6-6b73-4cda-a21a-cae0798e8b5d@group-A653292F152E-FOLLOWER: accept ELECTION from 93c05b65-1d47-44de-af22-274bc9e484bb: our priority 0 <= candidate's priority 1
2023-06-22 21:37:04,411 [93c05b65-1d47-44de-af22-274bc9e484bb@group-A653292F152E-LeaderElection10] INFO  ratis.XceiverServerRatis (XceiverServerRatis.java:handleLeaderChangedNotification(902)) - Leader change notification received for group: group-A653292F152E with new leaderId: 93c05b65-1d47-44de-af22-274bc9e484bb
2023-06-22 21:37:04,411 [grpc-default-executor-4] INFO  server.RaftServer$Division (RaftServerImpl.java:setRole(329)) - 599df4a6-6b73-4cda-a21a-cae0798e8b5d@group-A653292F152E: changes role from  FOLLOWER to FOLLOWER at term 1 for candidate:93c05b65-1d47-44de-af22-274bc9e484bb
2023-06-22 21:37:04,411 [grpc-default-executor-4] INFO  impl.RoleInfo (RoleInfo.java:shutdownFollowerState(110)) - 599df4a6-6b73-4cda-a21a-cae0798e8b5d: shutdown 599df4a6-6b73-4cda-a21a-cae0798e8b5d@group-A653292F152E-FollowerState
2023-06-22 21:37:04,412 [93c05b65-1d47-44de-af22-274bc9e484bb@group-A653292F152E-LeaderElection10] INFO  server.RaftServer$Division (ServerState.java:setLeader(317)) - 93c05b65-1d47-44de-af22-274bc9e484bb@group-A653292F152E: change Leader from null to 93c05b65-1d47-44de-af22-274bc9e484bb at term 1 for becomeLeader, leader elected after 5113ms
2023-06-22 21:37:04,412 [grpc-default-executor-4] INFO  impl.RoleInfo (RoleInfo.java:updateAndGet(139)) - 599df4a6-6b73-4cda-a21a-cae0798e8b5d: start 599df4a6-6b73-4cda-a21a-cae0798e8b5d@group-A653292F152E-FollowerState
2023-06-22 21:37:04,412 [93c05b65-1d47-44de-af22-274bc9e484bb@group-A653292F152E-LeaderElection10] INFO  server.RaftServerConfigKeys (ConfUtils.java:logGet(46)) - raft.server.staging.catchup.gap = 1000 (default)
2023-06-22 21:37:04,412 [599df4a6-6b73-4cda-a21a-cae0798e8b5d@group-A653292F152E-FollowerState] INFO  impl.FollowerState (FollowerState.java:run(152)) - 599df4a6-6b73-4cda-a21a-cae0798e8b5d@group-A653292F152E-FollowerState was interrupted
2023-06-22 21:37:04,417 [EventQueue-PipelineReportForPipelineReportHandler] INFO  pipeline.PipelineManagerImpl (PipelineManagerImpl.java:openPipeline(367)) - Pipeline Pipeline[ Id: c4c46cff-2612-4f86-abb0-a653292f152e, Nodes: 65b54071-31d6-4bc0-82c0-f363a9aa9754(fv-az504-135/10.1.1.69)599df4a6-6b73-4cda-a21a-cae0798e8b5d(fv-az504-135/10.1.1.69)93c05b65-1d47-44de-af22-274bc9e484bb(fv-az504-135/10.1.1.69), ReplicationConfig: RATIS/THREE, State:ALLOCATED, leaderId:93c05b65-1d47-44de-af22-274bc9e484bb, CreationTimestamp2023-06-22T21:36:57.064Z[Etc/UTC]] moved to OPEN state
2023-06-22 21:37:04,418 [EventQueue-OpenPipelineForHealthyPipelineSafeModeRule] INFO  safemode.SCMSafeModeManager (HealthyPipelineSafeModeRule.java:process(137)) - SCM in safe mode. Healthy pipelines reported count is 0, required healthy pipeline reported count is 1
2023-06-22 21:37:04,419 [EventQueue-OpenPipelineForHealthyPipelineSafeModeRule] INFO  safemode.SCMSafeModeManager (HealthyPipelineSafeModeRule.java:process(137)) - SCM in safe mode. Healthy pipelines reported count is 1, required healthy pipeline reported count is 1
2023-06-22 21:37:04,419 [EventQueue-OpenPipelineForHealthyPipelineSafeModeRule] INFO  safemode.SCMSafeModeManager (SCMSafeModeManager.java:validateSafeModeExitRules(200)) - HealthyPipelineSafeModeRule rule is successfully validated
2023-06-22 21:37:04,419 [EventQueue-OpenPipelineForHealthyPipelineSafeModeRule] INFO  safemode.SCMSafeModeManager (SCMSafeModeManager.java:validateSafeModeExitRules(215)) - ScmSafeModeManager, all rules are successfully validated
2023-06-22 21:37:04,419 [EventQueue-OpenPipelineForHealthyPipelineSafeModeRule] INFO  safemode.SCMSafeModeManager (SCMSafeModeManager.java:exitSafeMode(244)) - SCM exiting safe mode.
2023-06-22 21:37:04,419 [EventQueue-OpenPipelineForHealthyPipelineSafeModeRule] INFO  ha.SCMContext (SCMContext.java:updateSafeModeStatus(228)) - Update SafeModeStatus from SafeModeStatus{safeModeStatus=true, preCheckPassed=true} to SafeModeStatus{safeModeStatus=false, preCheckPassed=true}.
2023-06-22 21:37:04,419 [EventQueue-OpenPipelineForHealthyPipelineSafeModeRule] INFO  pipeline.BackgroundPipelineCreator (BackgroundPipelineCreator.java:notifyStatusChanged(254)) - Service BackgroundPipelineCreator transitions to RUNNING.
2023-06-22 21:37:04,419 [EventQueue-OpenPipelineForHealthyPipelineSafeModeRule] INFO  BackgroundPipelineScrubber (BackgroundSCMService.java:notifyStatusChanged(82)) - Service BackgroundPipelineScrubber transitions to RUNNING.
2023-06-22 21:37:04,419 [EventQueue-OpenPipelineForHealthyPipelineSafeModeRule] INFO  ExpiredContainerReplicaOpScrubber (BackgroundSCMService.java:notifyStatusChanged(82)) - Service ExpiredContainerReplicaOpScrubber transitions to RUNNING.
2023-06-22 21:37:04,419 [EventQueue-OpenPipelineForHealthyPipelineSafeModeRule] INFO  replication.ReplicationManager (ReplicationManager.java:notifyStatusChanged(1367)) - Service ReplicationManager transitions to RUNNING.
2023-06-22 21:37:04,419 [EventQueue-OpenPipelineForHealthyPipelineSafeModeRule] WARN  balancer.ContainerBalancer (ContainerBalancer.java:shouldRun(135)) - Could not find persisted configuration for ContainerBalancer when checking if ContainerBalancer should run. ContainerBalancer should not run now.
2023-06-22 21:37:04,422 [93c05b65-1d47-44de-af22-274bc9e484bb@group-A653292F152E-LeaderElection10] INFO  server.RaftServerConfigKeys (ConfUtils.java:logGet(46)) - raft.server.write.element-limit = 1024 (custom)
2023-06-22 21:37:04,423 [93c05b65-1d47-44de-af22-274bc9e484bb@group-A653292F152E-LeaderElection10] INFO  server.RaftServerConfigKeys (ConfUtils.java:logGet(46)) - raft.server.write.byte-limit = 1024 M (=1073741824) (custom)
2023-06-22 21:37:04,423 [93c05b65-1d47-44de-af22-274bc9e484bb@group-A653292F152E-LeaderElection10] INFO  server.RaftServerConfigKeys (ConfUtils.java:logGet(46)) - raft.server.watch.timeout = 180s (custom)
2023-06-22 21:37:04,423 [93c05b65-1d47-44de-af22-274bc9e484bb@group-A653292F152E-LeaderElection10] INFO  server.RaftServerConfigKeys (ConfUtils.java:logGet(46)) - raft.server.watch.timeout.denomination = 1s (default)
2023-06-22 21:37:04,423 [93c05b65-1d47-44de-af22-274bc9e484bb@group-A653292F152E-LeaderElection10] INFO  server.RaftServerConfigKeys (ConfUtils.java:logGet(46)) - raft.server.watch.element-limit = 65536 (default)
2023-06-22 21:37:04,423 [93c05b65-1d47-44de-af22-274bc9e484bb@group-A653292F152E-LeaderElection10] INFO  server.RaftServerConfigKeys (ConfUtils.java:logGet(46)) - raft.server.write.element-limit = 1024 (custom)
2023-06-22 21:37:04,423 [93c05b65-1d47-44de-af22-274bc9e484bb@group-A653292F152E-LeaderElection10] INFO  server.RaftServerConfigKeys (ConfUtils.java:logGet(46)) - raft.server.write.follower.gap.ratio.max = -1.0 (default)
2023-06-22 21:37:04,424 [93c05b65-1d47-44de-af22-274bc9e484bb@group-A653292F152E-LeaderElection10] INFO  server.RaftServerConfigKeys (ConfUtils.java:logGet(46)) - raft.server.log.appender.snapshot.chunk.size.max = 16MB (=16777216) (default)
2023-06-22 21:37:04,424 [93c05b65-1d47-44de-af22-274bc9e484bb@group-A653292F152E-LeaderElection10] INFO  server.RaftServerConfigKeys (ConfUtils.java:logGet(46)) - raft.server.log.appender.buffer.byte-limit = 33554432 (custom)
2023-06-22 21:37:04,424 [93c05b65-1d47-44de-af22-274bc9e484bb@group-A653292F152E-LeaderElection10] INFO  server.RaftServerConfigKeys (ConfUtils.java:logGet(46)) - raft.server.log.appender.buffer.element-limit = 1 (custom)
2023-06-22 21:37:04,424 [93c05b65-1d47-44de-af22-274bc9e484bb@group-A653292F152E-LeaderElection10] INFO  server.RaftServerConfigKeys (ConfUtils.java:logGet(46)) - raft.server.log.appender.wait-time.min = 10ms (default)
2023-06-22 21:37:04,424 [93c05b65-1d47-44de-af22-274bc9e484bb@group-A653292F152E-LeaderElection10] INFO  grpc.GrpcConfigKeys (ConfUtils.java:logGet(46)) - raft.grpc.server.leader.outstanding.appends.max = 128 (default)
2023-06-22 21:37:04,424 [93c05b65-1d47-44de-af22-274bc9e484bb@group-A653292F152E-LeaderElection10] INFO  server.RaftServerConfigKeys (ConfUtils.java:logGet(46)) - raft.server.rpc.request.timeout = 60s (custom)
2023-06-22 21:37:04,424 [93c05b65-1d47-44de-af22-274bc9e484bb@group-A653292F152E-LeaderElection10] INFO  grpc.GrpcConfigKeys (ConfUtils.java:logGet(46)) - raft.grpc.server.install_snapshot.request.element-limit = 8 (default)
2023-06-22 21:37:04,424 [93c05b65-1d47-44de-af22-274bc9e484bb@group-A653292F152E-LeaderElection10] INFO  grpc.GrpcConfigKeys (ConfUtils.java:logGet(46)) - raft.grpc.server.install_snapshot.request.timeout = 3000ms (default)
2023-06-22 21:37:04,424 [93c05b65-1d47-44de-af22-274bc9e484bb@group-A653292F152E-LeaderElection10] INFO  server.RaftServerConfigKeys (ConfUtils.java:logGet(46)) - raft.server.log.appender.install.snapshot.enabled = false (custom)
2023-06-22 21:37:04,424 [93c05b65-1d47-44de-af22-274bc9e484bb@group-A653292F152E-LeaderElection10] INFO  grpc.GrpcConfigKeys (ConfUtils.java:logGet(46)) - raft.grpc.server.heartbeat.channel = true (default)
2023-06-22 21:37:04,425 [93c05b65-1d47-44de-af22-274bc9e484bb@group-A653292F152E-LeaderElection10] INFO  server.RaftServerConfigKeys (ConfUtils.java:logGet(46)) - raft.server.log.appender.snapshot.chunk.size.max = 16MB (=16777216) (default)
2023-06-22 21:37:04,425 [93c05b65-1d47-44de-af22-274bc9e484bb@group-A653292F152E-LeaderElection10] INFO  server.RaftServerConfigKeys (ConfUtils.java:logGet(46)) - raft.server.log.appender.buffer.byte-limit = 33554432 (custom)
2023-06-22 21:37:04,425 [93c05b65-1d47-44de-af22-274bc9e484bb@group-A653292F152E-LeaderElection10] INFO  server.RaftServerConfigKeys (ConfUtils.java:logGet(46)) - raft.server.log.appender.buffer.element-limit = 1 (custom)
2023-06-22 21:37:04,425 [93c05b65-1d47-44de-af22-274bc9e484bb@group-A653292F152E-LeaderElection10] INFO  server.RaftServerConfigKeys (ConfUtils.java:logGet(46)) - raft.server.log.appender.wait-time.min = 10ms (default)
2023-06-22 21:37:04,425 [93c05b65-1d47-44de-af22-274bc9e484bb@group-A653292F152E-LeaderElection10] INFO  grpc.GrpcConfigKeys (ConfUtils.java:logGet(46)) - raft.grpc.server.leader.outstanding.appends.max = 128 (default)
2023-06-22 21:37:04,425 [93c05b65-1d47-44de-af22-274bc9e484bb@group-A653292F152E-LeaderElection10] INFO  server.RaftServerConfigKeys (ConfUtils.java:logGet(46)) - raft.server.rpc.request.timeout = 60s (custom)
2023-06-22 21:37:04,425 [93c05b65-1d47-44de-af22-274bc9e484bb@group-A653292F152E-LeaderElection10] INFO  grpc.GrpcConfigKeys (ConfUtils.java:logGet(46)) - raft.grpc.server.install_snapshot.request.element-limit = 8 (default)
2023-06-22 21:37:04,425 [93c05b65-1d47-44de-af22-274bc9e484bb@group-A653292F152E-LeaderElection10] INFO  grpc.GrpcConfigKeys (ConfUtils.java:logGet(46)) - raft.grpc.server.install_snapshot.request.timeout = 3000ms (default)
2023-06-22 21:37:04,425 [93c05b65-1d47-44de-af22-274bc9e484bb@group-A653292F152E-LeaderElection10] INFO  server.RaftServerConfigKeys (ConfUtils.java:logGet(46)) - raft.server.log.appender.install.snapshot.enabled = false (custom)
2023-06-22 21:37:04,426 [93c05b65-1d47-44de-af22-274bc9e484bb@group-A653292F152E-LeaderElection10] INFO  grpc.GrpcConfigKeys (ConfUtils.java:logGet(46)) - raft.grpc.server.heartbeat.channel = true (default)
2023-06-22 21:37:04,426 [93c05b65-1d47-44de-af22-274bc9e484bb@group-A653292F152E-LeaderElection10] INFO  impl.RoleInfo (RoleInfo.java:updateAndGet(139)) - 93c05b65-1d47-44de-af22-274bc9e484bb: start 93c05b65-1d47-44de-af22-274bc9e484bb@group-A653292F152E-LeaderStateImpl
2023-06-22 21:37:04,426 [93c05b65-1d47-44de-af22-274bc9e484bb@group-A653292F152E-LeaderElection10] INFO  segmented.SegmentedRaftLogWorker (SegmentedRaftLogWorker.java:startLogSegment(447)) - 93c05b65-1d47-44de-af22-274bc9e484bb@group-A653292F152E-SegmentedRaftLogWorker: Starting segment from index:0
2023-06-22 21:37:04,427 [grpc-default-executor-4] INFO  server.RaftServer$Division (RaftServerImpl.java:requestVote(1335)) - 599df4a6-6b73-4cda-a21a-cae0798e8b5d@group-A653292F152E replies to ELECTION vote request: 93c05b65-1d47-44de-af22-274bc9e484bb<-599df4a6-6b73-4cda-a21a-cae0798e8b5d#0:OK-t1. Peer's state: 599df4a6-6b73-4cda-a21a-cae0798e8b5d@group-A653292F152E:t1, leader=null, voted=93c05b65-1d47-44de-af22-274bc9e484bb, raftlog=Memoized:599df4a6-6b73-4cda-a21a-cae0798e8b5d@group-A653292F152E-SegmentedRaftLog:OPENED:c-1, conf=-1: peers:[93c05b65-1d47-44de-af22-274bc9e484bb|rpc:10.1.1.69:15067|admin:10.1.1.69:15066|client:10.1.1.69:15065|dataStream:10.1.1.69:15068|priority:1|startupRole:FOLLOWER, 65b54071-31d6-4bc0-82c0-f363a9aa9754|rpc:10.1.1.69:15076|admin:10.1.1.69:15075|client:10.1.1.69:15074|dataStream:10.1.1.69:15077|priority:0|startupRole:FOLLOWER, 599df4a6-6b73-4cda-a21a-cae0798e8b5d|rpc:10.1.1.69:15085|admin:10.1.1.69:15084|client:10.1.1.69:15083|dataStream:10.1.1.69:15086|priority:0|startupRole:FOLLOWER]|listeners:[], old=null
2023-06-22 21:37:04,428 [93c05b65-1d47-44de-af22-274bc9e484bb@group-A653292F152E-SegmentedRaftLogWorker] INFO  segmented.SegmentedRaftLogWorker (SegmentedRaftLogWorker.java:execute(651)) - 93c05b65-1d47-44de-af22-274bc9e484bb@group-A653292F152E-SegmentedRaftLogWorker: created new log segment /home/runner/work/ozone/ozone/hadoop-ozone/integration-test/target/test-dir/MiniOzoneClusterImpl-9e90c1de-1c56-491c-b259-3d04922b55fd/datanode-0/data/ratis/c4c46cff-2612-4f86-abb0-a653292f152e/current/log_inprogress_0
2023-06-22 21:37:04,438 [93c05b65-1d47-44de-af22-274bc9e484bb@group-A653292F152E-LeaderElection10] INFO  server.RaftServer$Division (ServerState.java:setRaftConf(434)) - 93c05b65-1d47-44de-af22-274bc9e484bb@group-A653292F152E: set configuration 0: peers:[93c05b65-1d47-44de-af22-274bc9e484bb|rpc:10.1.1.69:15067|admin:10.1.1.69:15066|client:10.1.1.69:15065|dataStream:10.1.1.69:15068|priority:1|startupRole:FOLLOWER, 65b54071-31d6-4bc0-82c0-f363a9aa9754|rpc:10.1.1.69:15076|admin:10.1.1.69:15075|client:10.1.1.69:15074|dataStream:10.1.1.69:15077|priority:0|startupRole:FOLLOWER, 599df4a6-6b73-4cda-a21a-cae0798e8b5d|rpc:10.1.1.69:15085|admin:10.1.1.69:15084|client:10.1.1.69:15083|dataStream:10.1.1.69:15086|priority:0|startupRole:FOLLOWER]|listeners:[], old=null
2023-06-22 21:37:04,461 [599df4a6-6b73-4cda-a21a-cae0798e8b5d-server-thread1] INFO  ratis.XceiverServerRatis (XceiverServerRatis.java:handleLeaderChangedNotification(902)) - Leader change notification received for group: group-A653292F152E with new leaderId: 93c05b65-1d47-44de-af22-274bc9e484bb
2023-06-22 21:37:04,461 [599df4a6-6b73-4cda-a21a-cae0798e8b5d-server-thread1] INFO  server.RaftServer$Division (ServerState.java:setLeader(317)) - 599df4a6-6b73-4cda-a21a-cae0798e8b5d@group-A653292F152E: change Leader from null to 93c05b65-1d47-44de-af22-274bc9e484bb at term 1 for appendEntries, leader elected after 5064ms
2023-06-22 21:37:04,466 [599df4a6-6b73-4cda-a21a-cae0798e8b5d-server-thread2] INFO  server.RaftServer$Division (ServerState.java:setRaftConf(434)) - 599df4a6-6b73-4cda-a21a-cae0798e8b5d@group-A653292F152E: set configuration 0: peers:[93c05b65-1d47-44de-af22-274bc9e484bb|rpc:10.1.1.69:15067|admin:10.1.1.69:15066|client:10.1.1.69:15065|dataStream:10.1.1.69:15068|priority:1|startupRole:FOLLOWER, 65b54071-31d6-4bc0-82c0-f363a9aa9754|rpc:10.1.1.69:15076|admin:10.1.1.69:15075|client:10.1.1.69:15074|dataStream:10.1.1.69:15077|priority:0|startupRole:FOLLOWER, 599df4a6-6b73-4cda-a21a-cae0798e8b5d|rpc:10.1.1.69:15085|admin:10.1.1.69:15084|client:10.1.1.69:15083|dataStream:10.1.1.69:15086|priority:0|startupRole:FOLLOWER]|listeners:[], old=null
2023-06-22 21:37:04,466 [599df4a6-6b73-4cda-a21a-cae0798e8b5d-server-thread2] INFO  segmented.SegmentedRaftLogWorker (SegmentedRaftLogWorker.java:startLogSegment(447)) - 599df4a6-6b73-4cda-a21a-cae0798e8b5d@group-A653292F152E-SegmentedRaftLogWorker: Starting segment from index:0
2023-06-22 21:37:04,470 [65b54071-31d6-4bc0-82c0-f363a9aa9754-server-thread1] INFO  ratis.XceiverServerRatis (XceiverServerRatis.java:handleLeaderChangedNotification(902)) - Leader change notification received for group: group-A653292F152E with new leaderId: 93c05b65-1d47-44de-af22-274bc9e484bb
2023-06-22 21:37:04,470 [65b54071-31d6-4bc0-82c0-f363a9aa9754-server-thread1] INFO  server.RaftServer$Division (ServerState.java:setLeader(317)) - 65b54071-31d6-4bc0-82c0-f363a9aa9754@group-A653292F152E: change Leader from null to 93c05b65-1d47-44de-af22-274bc9e484bb at term 1 for appendEntries, leader elected after 5131ms
2023-06-22 21:37:04,472 [65b54071-31d6-4bc0-82c0-f363a9aa9754-server-thread1] INFO  server.RaftServer$Division (ServerState.java:setRaftConf(434)) - 65b54071-31d6-4bc0-82c0-f363a9aa9754@group-A653292F152E: set configuration 0: peers:[93c05b65-1d47-44de-af22-274bc9e484bb|rpc:10.1.1.69:15067|admin:10.1.1.69:15066|client:10.1.1.69:15065|dataStream:10.1.1.69:15068|priority:1|startupRole:FOLLOWER, 65b54071-31d6-4bc0-82c0-f363a9aa9754|rpc:10.1.1.69:15076|admin:10.1.1.69:15075|client:10.1.1.69:15074|dataStream:10.1.1.69:15077|priority:0|startupRole:FOLLOWER, 599df4a6-6b73-4cda-a21a-cae0798e8b5d|rpc:10.1.1.69:15085|admin:10.1.1.69:15084|client:10.1.1.69:15083|dataStream:10.1.1.69:15086|priority:0|startupRole:FOLLOWER]|listeners:[], old=null
2023-06-22 21:37:04,472 [599df4a6-6b73-4cda-a21a-cae0798e8b5d@group-A653292F152E-SegmentedRaftLogWorker] INFO  segmented.SegmentedRaftLogWorker (SegmentedRaftLogWorker.java:execute(651)) - 599df4a6-6b73-4cda-a21a-cae0798e8b5d@group-A653292F152E-SegmentedRaftLogWorker: created new log segment /home/runner/work/ozone/ozone/hadoop-ozone/integration-test/target/test-dir/MiniOzoneClusterImpl-9e90c1de-1c56-491c-b259-3d04922b55fd/datanode-2/data/ratis/c4c46cff-2612-4f86-abb0-a653292f152e/current/log_inprogress_0
2023-06-22 21:37:04,473 [65b54071-31d6-4bc0-82c0-f363a9aa9754-server-thread1] INFO  segmented.SegmentedRaftLogWorker (SegmentedRaftLogWorker.java:startLogSegment(447)) - 65b54071-31d6-4bc0-82c0-f363a9aa9754@group-A653292F152E-SegmentedRaftLogWorker: Starting segment from index:0
2023-06-22 21:37:04,479 [65b54071-31d6-4bc0-82c0-f363a9aa9754@group-A653292F152E-SegmentedRaftLogWorker] INFO  segmented.SegmentedRaftLogWorker (SegmentedRaftLogWorker.java:execute(651)) - 65b54071-31d6-4bc0-82c0-f363a9aa9754@group-A653292F152E-SegmentedRaftLogWorker: created new log segment /home/runner/work/ozone/ozone/hadoop-ozone/integration-test/target/test-dir/MiniOzoneClusterImpl-9e90c1de-1c56-491c-b259-3d04922b55fd/datanode-1/data/ratis/c4c46cff-2612-4f86-abb0-a653292f152e/current/log_inprogress_0
2023-06-22 21:37:04,492 [93c05b65-1d47-44de-af22-274bc9e484bb@group-57D028C5577F-FollowerState] INFO  impl.FollowerState (FollowerState.java:run(143)) - 93c05b65-1d47-44de-af22-274bc9e484bb@group-57D028C5577F-FollowerState: change to CANDIDATE, lastRpcElapsedTime:5044533278ns, electionTimeout:5043ms
2023-06-22 21:37:04,492 [93c05b65-1d47-44de-af22-274bc9e484bb@group-57D028C5577F-FollowerState] INFO  impl.RoleInfo (RoleInfo.java:shutdownFollowerState(110)) - 93c05b65-1d47-44de-af22-274bc9e484bb: shutdown 93c05b65-1d47-44de-af22-274bc9e484bb@group-57D028C5577F-FollowerState
2023-06-22 21:37:04,493 [93c05b65-1d47-44de-af22-274bc9e484bb@group-57D028C5577F-FollowerState] INFO  server.RaftServer$Division (RaftServerImpl.java:setRole(329)) - 93c05b65-1d47-44de-af22-274bc9e484bb@group-57D028C5577F: changes role from  FOLLOWER to CANDIDATE at term 0 for changeToCandidate
2023-06-22 21:37:04,493 [93c05b65-1d47-44de-af22-274bc9e484bb@group-57D028C5577F-FollowerState] INFO  server.RaftServerConfigKeys (ConfUtils.java:logGet(46)) - raft.server.leaderelection.pre-vote = true (default)
2023-06-22 21:37:04,493 [93c05b65-1d47-44de-af22-274bc9e484bb@group-57D028C5577F-FollowerState] INFO  impl.RoleInfo (RoleInfo.java:updateAndGet(139)) - 93c05b65-1d47-44de-af22-274bc9e484bb: start 93c05b65-1d47-44de-af22-274bc9e484bb@group-57D028C5577F-LeaderElection11
2023-06-22 21:37:04,498 [93c05b65-1d47-44de-af22-274bc9e484bb@group-57D028C5577F-LeaderElection11] INFO  impl.LeaderElection (LeaderElection.java:askForVotes(321)) - 93c05b65-1d47-44de-af22-274bc9e484bb@group-57D028C5577F-LeaderElection11 PRE_VOTE round 0: submit vote requests at term 0 for -1: peers:[93c05b65-1d47-44de-af22-274bc9e484bb|rpc:10.1.1.69:15067|admin:10.1.1.69:15066|client:10.1.1.69:15065|dataStream:10.1.1.69:15068|priority:0|startupRole:FOLLOWER, 65b54071-31d6-4bc0-82c0-f363a9aa9754|rpc:10.1.1.69:15076|admin:10.1.1.69:15075|client:10.1.1.69:15074|dataStream:10.1.1.69:15077|priority:0|startupRole:FOLLOWER, 599df4a6-6b73-4cda-a21a-cae0798e8b5d|rpc:10.1.1.69:15085|admin:10.1.1.69:15084|client:10.1.1.69:15083|dataStream:10.1.1.69:15086|priority:1|startupRole:FOLLOWER]|listeners:[], old=null
2023-06-22 21:37:04,511 [grpc-default-executor-6] INFO  server.RaftServer$Division (RaftServerImpl.java:requestVote(1302)) - 65b54071-31d6-4bc0-82c0-f363a9aa9754@group-57D028C5577F: receive requestVote(PRE_VOTE, 93c05b65-1d47-44de-af22-274bc9e484bb, group-57D028C5577F, 0, (t:0, i:0))
2023-06-22 21:37:04,511 [grpc-default-executor-6] INFO  impl.VoteContext (VoteContext.java:log(49)) - 65b54071-31d6-4bc0-82c0-f363a9aa9754@group-57D028C5577F-FOLLOWER: accept PRE_VOTE from 93c05b65-1d47-44de-af22-274bc9e484bb: our priority 0 <= candidate's priority 0
2023-06-22 21:37:04,511 [grpc-default-executor-6] INFO  server.RaftServer$Division (RaftServerImpl.java:requestVote(1335)) - 65b54071-31d6-4bc0-82c0-f363a9aa9754@group-57D028C5577F replies to PRE_VOTE vote request: 93c05b65-1d47-44de-af22-274bc9e484bb<-65b54071-31d6-4bc0-82c0-f363a9aa9754#0:OK-t0. Peer's state: 65b54071-31d6-4bc0-82c0-f363a9aa9754@group-57D028C5577F:t0, leader=null, voted=, raftlog=Memoized:65b54071-31d6-4bc0-82c0-f363a9aa9754@group-57D028C5577F-SegmentedRaftLog:OPENED:c-1, conf=-1: peers:[93c05b65-1d47-44de-af22-274bc9e484bb|rpc:10.1.1.69:15067|admin:10.1.1.69:15066|client:10.1.1.69:15065|dataStream:10.1.1.69:15068|priority:0|startupRole:FOLLOWER, 65b54071-31d6-4bc0-82c0-f363a9aa9754|rpc:10.1.1.69:15076|admin:10.1.1.69:15075|client:10.1.1.69:15074|dataStream:10.1.1.69:15077|priority:0|startupRole:FOLLOWER, 599df4a6-6b73-4cda-a21a-cae0798e8b5d|rpc:10.1.1.69:15085|admin:10.1.1.69:15084|client:10.1.1.69:15083|dataStream:10.1.1.69:15086|priority:1|startupRole:FOLLOWER]|listeners:[], old=null
2023-06-22 21:37:04,514 [93c05b65-1d47-44de-af22-274bc9e484bb@group-57D028C5577F-LeaderElection11] INFO  server.RaftServerConfigKeys (ConfUtils.java:logFallback(53)) - raft.server.rpc.first-election.timeout.min = 5s (fallback to raft.server.rpc.timeout.min)
2023-06-22 21:37:04,515 [93c05b65-1d47-44de-af22-274bc9e484bb@group-57D028C5577F-LeaderElection11] INFO  server.RaftServerConfigKeys (ConfUtils.java:logFallback(53)) - raft.server.rpc.first-election.timeout.max = 5200ms (fallback to raft.server.rpc.timeout.max)
2023-06-22 21:37:04,516 [grpc-default-executor-6] INFO  server.RaftServer$Division (RaftServerImpl.java:requestVote(1302)) - 599df4a6-6b73-4cda-a21a-cae0798e8b5d@group-57D028C5577F: receive requestVote(PRE_VOTE, 93c05b65-1d47-44de-af22-274bc9e484bb, group-57D028C5577F, 0, (t:0, i:0))
2023-06-22 21:37:04,516 [grpc-default-executor-6] INFO  impl.VoteContext (VoteContext.java:log(49)) - 599df4a6-6b73-4cda-a21a-cae0798e8b5d@group-57D028C5577F-FOLLOWER: reject PRE_VOTE from 93c05b65-1d47-44de-af22-274bc9e484bb: our priority 1 > candidate's priority 0
2023-06-22 21:37:04,516 [grpc-default-executor-6] INFO  server.RaftServer$Division (RaftServerImpl.java:requestVote(1335)) - 599df4a6-6b73-4cda-a21a-cae0798e8b5d@group-57D028C5577F replies to PRE_VOTE vote request: 93c05b65-1d47-44de-af22-274bc9e484bb<-599df4a6-6b73-4cda-a21a-cae0798e8b5d#0:FAIL-t0. Peer's state: 599df4a6-6b73-4cda-a21a-cae0798e8b5d@group-57D028C5577F:t0, leader=null, voted=, raftlog=Memoized:599df4a6-6b73-4cda-a21a-cae0798e8b5d@group-57D028C5577F-SegmentedRaftLog:OPENED:c-1, conf=-1: peers:[93c05b65-1d47-44de-af22-274bc9e484bb|rpc:10.1.1.69:15067|admin:10.1.1.69:15066|client:10.1.1.69:15065|dataStream:10.1.1.69:15068|priority:0|startupRole:FOLLOWER, 65b54071-31d6-4bc0-82c0-f363a9aa9754|rpc:10.1.1.69:15076|admin:10.1.1.69:15075|client:10.1.1.69:15074|dataStream:10.1.1.69:15077|priority:0|startupRole:FOLLOWER, 599df4a6-6b73-4cda-a21a-cae0798e8b5d|rpc:10.1.1.69:15085|admin:10.1.1.69:15084|client:10.1.1.69:15083|dataStream:10.1.1.69:15086|priority:1|startupRole:FOLLOWER]|listeners:[], old=null
2023-06-22 21:37:04,518 [93c05b65-1d47-44de-af22-274bc9e484bb@group-57D028C5577F-LeaderElection11] INFO  impl.LeaderElection (LeaderElection.java:logAndReturn(90)) - 93c05b65-1d47-44de-af22-274bc9e484bb@group-57D028C5577F-LeaderElection11: PRE_VOTE REJECTED received 2 response(s) and 0 exception(s):
2023-06-22 21:37:04,518 [93c05b65-1d47-44de-af22-274bc9e484bb@group-57D028C5577F-LeaderElection11] INFO  impl.LeaderElection (LeaderElection.java:logAndReturn(94)) -   Response 0: 93c05b65-1d47-44de-af22-274bc9e484bb<-65b54071-31d6-4bc0-82c0-f363a9aa9754#0:OK-t0
2023-06-22 21:37:04,518 [93c05b65-1d47-44de-af22-274bc9e484bb@group-57D028C5577F-LeaderElection11] INFO  impl.LeaderElection (LeaderElection.java:logAndReturn(94)) -   Response 1: 93c05b65-1d47-44de-af22-274bc9e484bb<-599df4a6-6b73-4cda-a21a-cae0798e8b5d#0:FAIL-t0
2023-06-22 21:37:04,518 [93c05b65-1d47-44de-af22-274bc9e484bb@group-57D028C5577F-LeaderElection11] INFO  impl.LeaderElection (LeaderElection.java:askForVotes(323)) - 93c05b65-1d47-44de-af22-274bc9e484bb@group-57D028C5577F-LeaderElection11 PRE_VOTE round 0: result REJECTED
2023-06-22 21:37:04,518 [93c05b65-1d47-44de-af22-274bc9e484bb@group-57D028C5577F-LeaderElection11] INFO  server.RaftServer$Division (RaftServerImpl.java:setRole(329)) - 93c05b65-1d47-44de-af22-274bc9e484bb@group-57D028C5577F: changes role from CANDIDATE to FOLLOWER at term 0 for REJECTED
2023-06-22 21:37:04,518 [93c05b65-1d47-44de-af22-274bc9e484bb@group-57D028C5577F-LeaderElection11] INFO  impl.RoleInfo (RoleInfo.java:shutdownLeaderElection(130)) - 93c05b65-1d47-44de-af22-274bc9e484bb: shutdown 93c05b65-1d47-44de-af22-274bc9e484bb@group-57D028C5577F-LeaderElection11
2023-06-22 21:37:04,518 [93c05b65-1d47-44de-af22-274bc9e484bb@group-57D028C5577F-LeaderElection11] INFO  impl.RoleInfo (RoleInfo.java:updateAndGet(139)) - 93c05b65-1d47-44de-af22-274bc9e484bb: start 93c05b65-1d47-44de-af22-274bc9e484bb@group-57D028C5577F-FollowerState
2023-06-22 21:37:04,581 [599df4a6-6b73-4cda-a21a-cae0798e8b5d@group-57D028C5577F-FollowerState] INFO  impl.FollowerState (FollowerState.java:run(143)) - 599df4a6-6b73-4cda-a21a-cae0798e8b5d@group-57D028C5577F-FollowerState: change to CANDIDATE, lastRpcElapsedTime:5102752125ns, electionTimeout:5100ms
2023-06-22 21:37:04,582 [599df4a6-6b73-4cda-a21a-cae0798e8b5d@group-57D028C5577F-FollowerState] INFO  impl.RoleInfo (RoleInfo.java:shutdownFollowerState(110)) - 599df4a6-6b73-4cda-a21a-cae0798e8b5d: shutdown 599df4a6-6b73-4cda-a21a-cae0798e8b5d@group-57D028C5577F-FollowerState
2023-06-22 21:37:04,582 [599df4a6-6b73-4cda-a21a-cae0798e8b5d@group-57D028C5577F-FollowerState] INFO  server.RaftServer$Division (RaftServerImpl.java:setRole(329)) - 599df4a6-6b73-4cda-a21a-cae0798e8b5d@group-57D028C5577F: changes role from  FOLLOWER to CANDIDATE at term 0 for changeToCandidate
2023-06-22 21:37:04,582 [599df4a6-6b73-4cda-a21a-cae0798e8b5d@group-57D028C5577F-FollowerState] INFO  server.RaftServerConfigKeys (ConfUtils.java:logGet(46)) - raft.server.leaderelection.pre-vote = true (default)
2023-06-22 21:37:04,582 [599df4a6-6b73-4cda-a21a-cae0798e8b5d@group-57D028C5577F-FollowerState] INFO  impl.RoleInfo (RoleInfo.java:updateAndGet(139)) - 599df4a6-6b73-4cda-a21a-cae0798e8b5d: start 599df4a6-6b73-4cda-a21a-cae0798e8b5d@group-57D028C5577F-LeaderElection12
2023-06-22 21:37:04,582 [599df4a6-6b73-4cda-a21a-cae0798e8b5d@group-57D028C5577F-LeaderElection12] INFO  impl.LeaderElection (LeaderElection.java:askForVotes(321)) - 599df4a6-6b73-4cda-a21a-cae0798e8b5d@group-57D028C5577F-LeaderElection12 PRE_VOTE round 0: submit vote requests at term 0 for -1: peers:[93c05b65-1d47-44de-af22-274bc9e484bb|rpc:10.1.1.69:15067|admin:10.1.1.69:15066|client:10.1.1.69:15065|dataStream:10.1.1.69:15068|priority:0|startupRole:FOLLOWER, 65b54071-31d6-4bc0-82c0-f363a9aa9754|rpc:10.1.1.69:15076|admin:10.1.1.69:15075|client:10.1.1.69:15074|dataStream:10.1.1.69:15077|priority:0|startupRole:FOLLOWER, 599df4a6-6b73-4cda-a21a-cae0798e8b5d|rpc:10.1.1.69:15085|admin:10.1.1.69:15084|client:10.1.1.69:15083|dataStream:10.1.1.69:15086|priority:1|startupRole:FOLLOWER]|listeners:[], old=null
2023-06-22 21:37:04,583 [599df4a6-6b73-4cda-a21a-cae0798e8b5d@group-57D028C5577F-LeaderElection12-1] INFO  server.GrpcServerProtocolClient (GrpcServerProtocolClient.java:<init>(65)) - Build channel for 93c05b65-1d47-44de-af22-274bc9e484bb
2023-06-22 21:37:04,586 [599df4a6-6b73-4cda-a21a-cae0798e8b5d@group-57D028C5577F-LeaderElection12] INFO  server.RaftServerConfigKeys (ConfUtils.java:logFallback(53)) - raft.server.rpc.first-election.timeout.min = 5s (fallback to raft.server.rpc.timeout.min)
2023-06-22 21:37:04,586 [599df4a6-6b73-4cda-a21a-cae0798e8b5d@group-57D028C5577F-LeaderElection12] INFO  server.RaftServerConfigKeys (ConfUtils.java:logFallback(53)) - raft.server.rpc.first-election.timeout.max = 5200ms (fallback to raft.server.rpc.timeout.max)
2023-06-22 21:37:04,589 [599df4a6-6b73-4cda-a21a-cae0798e8b5d@group-57D028C5577F-LeaderElection12-2] INFO  server.GrpcServerProtocolClient (GrpcServerProtocolClient.java:<init>(65)) - Build channel for 65b54071-31d6-4bc0-82c0-f363a9aa9754
2023-06-22 21:37:04,595 [grpc-default-executor-6] INFO  server.RaftServer$Division (RaftServerImpl.java:requestVote(1302)) - 93c05b65-1d47-44de-af22-274bc9e484bb@group-57D028C5577F: receive requestVote(PRE_VOTE, 599df4a6-6b73-4cda-a21a-cae0798e8b5d, group-57D028C5577F, 0, (t:0, i:0))
2023-06-22 21:37:04,595 [grpc-default-executor-6] INFO  impl.VoteContext (VoteContext.java:log(49)) - 93c05b65-1d47-44de-af22-274bc9e484bb@group-57D028C5577F-FOLLOWER: accept PRE_VOTE from 599df4a6-6b73-4cda-a21a-cae0798e8b5d: our priority 0 <= candidate's priority 1
2023-06-22 21:37:04,595 [grpc-default-executor-6] INFO  server.RaftServer$Division (RaftServerImpl.java:requestVote(1335)) - 93c05b65-1d47-44de-af22-274bc9e484bb@group-57D028C5577F replies to PRE_VOTE vote request: 599df4a6-6b73-4cda-a21a-cae0798e8b5d<-93c05b65-1d47-44de-af22-274bc9e484bb#0:OK-t0. Peer's state: 93c05b65-1d47-44de-af22-274bc9e484bb@group-57D028C5577F:t0, leader=null, voted=, raftlog=Memoized:93c05b65-1d47-44de-af22-274bc9e484bb@group-57D028C5577F-SegmentedRaftLog:OPENED:c-1, conf=-1: peers:[93c05b65-1d47-44de-af22-274bc9e484bb|rpc:10.1.1.69:15067|admin:10.1.1.69:15066|client:10.1.1.69:15065|dataStream:10.1.1.69:15068|priority:0|startupRole:FOLLOWER, 65b54071-31d6-4bc0-82c0-f363a9aa9754|rpc:10.1.1.69:15076|admin:10.1.1.69:15075|client:10.1.1.69:15074|dataStream:10.1.1.69:15077|priority:0|startupRole:FOLLOWER, 599df4a6-6b73-4cda-a21a-cae0798e8b5d|rpc:10.1.1.69:15085|admin:10.1.1.69:15084|client:10.1.1.69:15083|dataStream:10.1.1.69:15086|priority:1|startupRole:FOLLOWER]|listeners:[], old=null
2023-06-22 21:37:04,598 [grpc-default-executor-6] INFO  server.RaftServer$Division (RaftServerImpl.java:requestVote(1302)) - 65b54071-31d6-4bc0-82c0-f363a9aa9754@group-57D028C5577F: receive requestVote(PRE_VOTE, 599df4a6-6b73-4cda-a21a-cae0798e8b5d, group-57D028C5577F, 0, (t:0, i:0))
2023-06-22 21:37:04,598 [grpc-default-executor-6] INFO  impl.VoteContext (VoteContext.java:log(49)) - 65b54071-31d6-4bc0-82c0-f363a9aa9754@group-57D028C5577F-FOLLOWER: accept PRE_VOTE from 599df4a6-6b73-4cda-a21a-cae0798e8b5d: our priority 0 <= candidate's priority 1
2023-06-22 21:37:04,599 [grpc-default-executor-6] INFO  server.RaftServer$Division (RaftServerImpl.java:requestVote(1335)) - 65b54071-31d6-4bc0-82c0-f363a9aa9754@group-57D028C5577F replies to PRE_VOTE vote request: 599df4a6-6b73-4cda-a21a-cae0798e8b5d<-65b54071-31d6-4bc0-82c0-f363a9aa9754#0:OK-t0. Peer's state: 65b54071-31d6-4bc0-82c0-f363a9aa9754@group-57D028C5577F:t0, leader=null, voted=, raftlog=Memoized:65b54071-31d6-4bc0-82c0-f363a9aa9754@group-57D028C5577F-SegmentedRaftLog:OPENED:c-1, conf=-1: peers:[93c05b65-1d47-44de-af22-274bc9e484bb|rpc:10.1.1.69:15067|admin:10.1.1.69:15066|client:10.1.1.69:15065|dataStream:10.1.1.69:15068|priority:0|startupRole:FOLLOWER, 65b54071-31d6-4bc0-82c0-f363a9aa9754|rpc:10.1.1.69:15076|admin:10.1.1.69:15075|client:10.1.1.69:15074|dataStream:10.1.1.69:15077|priority:0|startupRole:FOLLOWER, 599df4a6-6b73-4cda-a21a-cae0798e8b5d|rpc:10.1.1.69:15085|admin:10.1.1.69:15084|client:10.1.1.69:15083|dataStream:10.1.1.69:15086|priority:1|startupRole:FOLLOWER]|listeners:[], old=null
2023-06-22 21:37:04,603 [599df4a6-6b73-4cda-a21a-cae0798e8b5d@group-57D028C5577F-LeaderElection12] INFO  impl.LeaderElection (LeaderElection.java:logAndReturn(90)) - 599df4a6-6b73-4cda-a21a-cae0798e8b5d@group-57D028C5577F-LeaderElection12: PRE_VOTE PASSED received 1 response(s) and 0 exception(s):
2023-06-22 21:37:04,603 [599df4a6-6b73-4cda-a21a-cae0798e8b5d@group-57D028C5577F-LeaderElection12] INFO  impl.LeaderElection (LeaderElection.java:logAndReturn(94)) -   Response 0: 599df4a6-6b73-4cda-a21a-cae0798e8b5d<-93c05b65-1d47-44de-af22-274bc9e484bb#0:OK-t0
2023-06-22 21:37:04,603 [599df4a6-6b73-4cda-a21a-cae0798e8b5d@group-57D028C5577F-LeaderElection12] INFO  impl.LeaderElection (LeaderElection.java:askForVotes(323)) - 599df4a6-6b73-4cda-a21a-cae0798e8b5d@group-57D028C5577F-LeaderElection12 PRE_VOTE round 0: result PASSED
2023-06-22 21:37:04,605 [599df4a6-6b73-4cda-a21a-cae0798e8b5d@group-57D028C5577F-LeaderElection12] INFO  impl.LeaderElection (LeaderElection.java:askForVotes(321)) - 599df4a6-6b73-4cda-a21a-cae0798e8b5d@group-57D028C5577F-LeaderElection12 ELECTION round 0: submit vote requests at term 1 for -1: peers:[93c05b65-1d47-44de-af22-274bc9e484bb|rpc:10.1.1.69:15067|admin:10.1.1.69:15066|client:10.1.1.69:15065|dataStream:10.1.1.69:15068|priority:0|startupRole:FOLLOWER, 65b54071-31d6-4bc0-82c0-f363a9aa9754|rpc:10.1.1.69:15076|admin:10.1.1.69:15075|client:10.1.1.69:15074|dataStream:10.1.1.69:15077|priority:0|startupRole:FOLLOWER, 599df4a6-6b73-4cda-a21a-cae0798e8b5d|rpc:10.1.1.69:15085|admin:10.1.1.69:15084|client:10.1.1.69:15083|dataStream:10.1.1.69:15086|priority:1|startupRole:FOLLOWER]|listeners:[], old=null
2023-06-22 21:37:04,605 [599df4a6-6b73-4cda-a21a-cae0798e8b5d@group-57D028C5577F-LeaderElection12] INFO  server.RaftServerConfigKeys (ConfUtils.java:logFallback(53)) - raft.server.rpc.first-election.timeout.min = 5s (fallback to raft.server.rpc.timeout.min)
2023-06-22 21:37:04,606 [599df4a6-6b73-4cda-a21a-cae0798e8b5d@group-57D028C5577F-LeaderElection12] INFO  server.RaftServerConfigKeys (ConfUtils.java:logFallback(53)) - raft.server.rpc.first-election.timeout.max = 5200ms (fallback to raft.server.rpc.timeout.max)
2023-06-22 21:37:04,607 [grpc-default-executor-6] INFO  server.RaftServer$Division (RaftServerImpl.java:requestVote(1302)) - 93c05b65-1d47-44de-af22-274bc9e484bb@group-57D028C5577F: receive requestVote(ELECTION, 599df4a6-6b73-4cda-a21a-cae0798e8b5d, group-57D028C5577F, 1, (t:0, i:0))
2023-06-22 21:37:04,607 [grpc-default-executor-6] INFO  impl.VoteContext (VoteContext.java:log(49)) - 93c05b65-1d47-44de-af22-274bc9e484bb@group-57D028C5577F-FOLLOWER: accept ELECTION from 599df4a6-6b73-4cda-a21a-cae0798e8b5d: our priority 0 <= candidate's priority 1
2023-06-22 21:37:04,607 [grpc-default-executor-6] INFO  server.RaftServer$Division (RaftServerImpl.java:setRole(329)) - 93c05b65-1d47-44de-af22-274bc9e484bb@group-57D028C5577F: changes role from  FOLLOWER to FOLLOWER at term 1 for candidate:599df4a6-6b73-4cda-a21a-cae0798e8b5d
2023-06-22 21:37:04,607 [grpc-default-executor-6] INFO  impl.RoleInfo (RoleInfo.java:shutdownFollowerState(110)) - 93c05b65-1d47-44de-af22-274bc9e484bb: shutdown 93c05b65-1d47-44de-af22-274bc9e484bb@group-57D028C5577F-FollowerState
2023-06-22 21:37:04,607 [grpc-default-executor-6] INFO  impl.RoleInfo (RoleInfo.java:updateAndGet(139)) - 93c05b65-1d47-44de-af22-274bc9e484bb: start 93c05b65-1d47-44de-af22-274bc9e484bb@group-57D028C5577F-FollowerState
2023-06-22 21:37:04,607 [93c05b65-1d47-44de-af22-274bc9e484bb@group-57D028C5577F-FollowerState] INFO  impl.FollowerState (FollowerState.java:run(152)) - 93c05b65-1d47-44de-af22-274bc9e484bb@group-57D028C5577F-FollowerState was interrupted
2023-06-22 21:37:04,610 [grpc-default-executor-6] INFO  server.RaftServer$Division (RaftServerImpl.java:requestVote(1335)) - 93c05b65-1d47-44de-af22-274bc9e484bb@group-57D028C5577F replies to ELECTION vote request: 599df4a6-6b73-4cda-a21a-cae0798e8b5d<-93c05b65-1d47-44de-af22-274bc9e484bb#0:OK-t1. Peer's state: 93c05b65-1d47-44de-af22-274bc9e484bb@group-57D028C5577F:t1, leader=null, voted=599df4a6-6b73-4cda-a21a-cae0798e8b5d, raftlog=Memoized:93c05b65-1d47-44de-af22-274bc9e484bb@group-57D028C5577F-SegmentedRaftLog:OPENED:c-1, conf=-1: peers:[93c05b65-1d47-44de-af22-274bc9e484bb|rpc:10.1.1.69:15067|admin:10.1.1.69:15066|client:10.1.1.69:15065|dataStream:10.1.1.69:15068|priority:0|startupRole:FOLLOWER, 65b54071-31d6-4bc0-82c0-f363a9aa9754|rpc:10.1.1.69:15076|admin:10.1.1.69:15075|client:10.1.1.69:15074|dataStream:10.1.1.69:15077|priority:0|startupRole:FOLLOWER, 599df4a6-6b73-4cda-a21a-cae0798e8b5d|rpc:10.1.1.69:15085|admin:10.1.1.69:15084|client:10.1.1.69:15083|dataStream:10.1.1.69:15086|priority:1|startupRole:FOLLOWER]|listeners:[], old=null
2023-06-22 21:37:04,614 [599df4a6-6b73-4cda-a21a-cae0798e8b5d@group-57D028C5577F-LeaderElection12] INFO  impl.LeaderElection (LeaderElection.java:logAndReturn(90)) - 599df4a6-6b73-4cda-a21a-cae0798e8b5d@group-57D028C5577F-LeaderElection12: ELECTION PASSED received 1 response(s) and 0 exception(s):
2023-06-22 21:37:04,614 [599df4a6-6b73-4cda-a21a-cae0798e8b5d@group-57D028C5577F-LeaderElection12] INFO  impl.LeaderElection (LeaderElection.java:logAndReturn(94)) -   Response 0: 599df4a6-6b73-4cda-a21a-cae0798e8b5d<-93c05b65-1d47-44de-af22-274bc9e484bb#0:OK-t1
2023-06-22 21:37:04,615 [599df4a6-6b73-4cda-a21a-cae0798e8b5d@group-57D028C5577F-LeaderElection12] INFO  impl.LeaderElection (LeaderElection.java:askForVotes(323)) - 599df4a6-6b73-4cda-a21a-cae0798e8b5d@group-57D028C5577F-LeaderElection12 ELECTION round 0: result PASSED
2023-06-22 21:37:04,615 [599df4a6-6b73-4cda-a21a-cae0798e8b5d@group-57D028C5577F-LeaderElection12] INFO  impl.RoleInfo (RoleInfo.java:shutdownLeaderElection(130)) - 599df4a6-6b73-4cda-a21a-cae0798e8b5d: shutdown 599df4a6-6b73-4cda-a21a-cae0798e8b5d@group-57D028C5577F-LeaderElection12
2023-06-22 21:37:04,615 [599df4a6-6b73-4cda-a21a-cae0798e8b5d@group-57D028C5577F-LeaderElection12] INFO  server.RaftServer$Division (RaftServerImpl.java:setRole(329)) - 599df4a6-6b73-4cda-a21a-cae0798e8b5d@group-57D028C5577F: changes role from CANDIDATE to LEADER at term 1 for changeToLeader
2023-06-22 21:37:04,615 [599df4a6-6b73-4cda-a21a-cae0798e8b5d@group-57D028C5577F-LeaderElection12] INFO  ratis.XceiverServerRatis (XceiverServerRatis.java:handleLeaderChangedNotification(902)) - Leader change notification received for group: group-57D028C5577F with new leaderId: 599df4a6-6b73-4cda-a21a-cae0798e8b5d
2023-06-22 21:37:04,615 [599df4a6-6b73-4cda-a21a-cae0798e8b5d@group-57D028C5577F-LeaderElection12] INFO  server.RaftServer$Division (ServerState.java:setLeader(317)) - 599df4a6-6b73-4cda-a21a-cae0798e8b5d@group-57D028C5577F: change Leader from null to 599df4a6-6b73-4cda-a21a-cae0798e8b5d at term 1 for becomeLeader, leader elected after 5150ms
2023-06-22 21:37:04,615 [599df4a6-6b73-4cda-a21a-cae0798e8b5d@group-57D028C5577F-LeaderElection12] INFO  server.RaftServerConfigKeys (ConfUtils.java:logGet(46)) - raft.server.staging.catchup.gap = 1000 (default)
2023-06-22 21:37:04,615 [599df4a6-6b73-4cda-a21a-cae0798e8b5d@group-57D028C5577F-LeaderElection12] INFO  server.RaftServerConfigKeys (ConfUtils.java:logGet(46)) - raft.server.write.element-limit = 1024 (custom)
2023-06-22 21:37:04,615 [599df4a6-6b73-4cda-a21a-cae0798e8b5d@group-57D028C5577F-LeaderElection12] INFO  server.RaftServerConfigKeys (ConfUtils.java:logGet(46)) - raft.server.write.byte-limit = 1024 M (=1073741824) (custom)
2023-06-22 21:37:04,616 [599df4a6-6b73-4cda-a21a-cae0798e8b5d@group-57D028C5577F-LeaderElection12] INFO  server.RaftServerConfigKeys (ConfUtils.java:logGet(46)) - raft.server.watch.timeout = 180s (custom)
2023-06-22 21:37:04,616 [599df4a6-6b73-4cda-a21a-cae0798e8b5d@group-57D028C5577F-LeaderElection12] INFO  server.RaftServerConfigKeys (ConfUtils.java:logGet(46)) - raft.server.watch.timeout.denomination = 1s (default)
2023-06-22 21:37:04,616 [599df4a6-6b73-4cda-a21a-cae0798e8b5d@group-57D028C5577F-LeaderElection12] INFO  server.RaftServerConfigKeys (ConfUtils.java:logGet(46)) - raft.server.watch.element-limit = 65536 (default)
2023-06-22 21:37:04,616 [599df4a6-6b73-4cda-a21a-cae0798e8b5d@group-57D028C5577F-LeaderElection12] INFO  server.RaftServerConfigKeys (ConfUtils.java:logGet(46)) - raft.server.write.element-limit = 1024 (custom)
2023-06-22 21:37:04,616 [599df4a6-6b73-4cda-a21a-cae0798e8b5d@group-57D028C5577F-LeaderElection12] INFO  server.RaftServerConfigKeys (ConfUtils.java:logGet(46)) - raft.server.write.follower.gap.ratio.max = -1.0 (default)
2023-06-22 21:37:04,617 [599df4a6-6b73-4cda-a21a-cae0798e8b5d@group-57D028C5577F-LeaderElection12] INFO  server.RaftServerConfigKeys (ConfUtils.java:logGet(46)) - raft.server.log.appender.snapshot.chunk.size.max = 16MB (=16777216) (default)
2023-06-22 21:37:04,617 [599df4a6-6b73-4cda-a21a-cae0798e8b5d@group-57D028C5577F-LeaderElection12] INFO  server.RaftServerConfigKeys (ConfUtils.java:logGet(46)) - raft.server.log.appender.buffer.byte-limit = 33554432 (custom)
2023-06-22 21:37:04,617 [599df4a6-6b73-4cda-a21a-cae0798e8b5d@group-57D028C5577F-LeaderElection12] INFO  server.RaftServerConfigKeys (ConfUtils.java:logGet(46)) - raft.server.log.appender.buffer.element-limit = 1 (custom)
2023-06-22 21:37:04,617 [599df4a6-6b73-4cda-a21a-cae0798e8b5d@group-57D028C5577F-LeaderElection12] INFO  server.RaftServerConfigKeys (ConfUtils.java:logGet(46)) - raft.server.log.appender.wait-time.min = 10ms (default)
2023-06-22 21:37:04,617 [599df4a6-6b73-4cda-a21a-cae0798e8b5d@group-57D028C5577F-LeaderElection12] INFO  grpc.GrpcConfigKeys (ConfUtils.java:logGet(46)) - raft.grpc.server.leader.outstanding.appends.max = 128 (default)
2023-06-22 21:37:04,617 [599df4a6-6b73-4cda-a21a-cae0798e8b5d@group-57D028C5577F-LeaderElection12] INFO  server.RaftServerConfigKeys (ConfUtils.java:logGet(46)) - raft.server.rpc.request.timeout = 60s (custom)
2023-06-22 21:37:04,617 [599df4a6-6b73-4cda-a21a-cae0798e8b5d@group-57D028C5577F-LeaderElection12] INFO  grpc.GrpcConfigKeys (ConfUtils.java:logGet(46)) - raft.grpc.server.install_snapshot.request.element-limit = 8 (default)
2023-06-22 21:37:04,617 [599df4a6-6b73-4cda-a21a-cae0798e8b5d@group-57D028C5577F-LeaderElection12] INFO  grpc.GrpcConfigKeys (ConfUtils.java:logGet(46)) - raft.grpc.server.install_snapshot.request.timeout = 3000ms (default)
2023-06-22 21:37:04,617 [599df4a6-6b73-4cda-a21a-cae0798e8b5d@group-57D028C5577F-LeaderElection12] INFO  server.RaftServerConfigKeys (ConfUtils.java:logGet(46)) - raft.server.log.appender.install.snapshot.enabled = false (custom)
2023-06-22 21:37:04,617 [599df4a6-6b73-4cda-a21a-cae0798e8b5d@group-57D028C5577F-LeaderElection12] INFO  grpc.GrpcConfigKeys (ConfUtils.java:logGet(46)) - raft.grpc.server.heartbeat.channel = true (default)
2023-06-22 21:37:04,618 [599df4a6-6b73-4cda-a21a-cae0798e8b5d@group-57D028C5577F-LeaderElection12] INFO  server.RaftServerConfigKeys (ConfUtils.java:logGet(46)) - raft.server.log.appender.snapshot.chunk.size.max = 16MB (=16777216) (default)
2023-06-22 21:37:04,618 [599df4a6-6b73-4cda-a21a-cae0798e8b5d@group-57D028C5577F-LeaderElection12] INFO  server.RaftServerConfigKeys (ConfUtils.java:logGet(46)) - raft.server.log.appender.buffer.byte-limit = 33554432 (custom)
2023-06-22 21:37:04,618 [599df4a6-6b73-4cda-a21a-cae0798e8b5d@group-57D028C5577F-LeaderElection12] INFO  server.RaftServerConfigKeys (ConfUtils.java:logGet(46)) - raft.server.log.appender.buffer.element-limit = 1 (custom)
2023-06-22 21:37:04,618 [599df4a6-6b73-4cda-a21a-cae0798e8b5d@group-57D028C5577F-LeaderElection12] INFO  server.RaftServerConfigKeys (ConfUtils.java:logGet(46)) - raft.server.log.appender.wait-time.min = 10ms (default)
2023-06-22 21:37:04,618 [599df4a6-6b73-4cda-a21a-cae0798e8b5d@group-57D028C5577F-LeaderElection12] INFO  grpc.GrpcConfigKeys (ConfUtils.java:logGet(46)) - raft.grpc.server.leader.outstanding.appends.max = 128 (default)
2023-06-22 21:37:04,618 [599df4a6-6b73-4cda-a21a-cae0798e8b5d@group-57D028C5577F-LeaderElection12] INFO  server.RaftServerConfigKeys (ConfUtils.java:logGet(46)) - raft.server.rpc.request.timeout = 60s (custom)
2023-06-22 21:37:04,618 [599df4a6-6b73-4cda-a21a-cae0798e8b5d@group-57D028C5577F-LeaderElection12] INFO  grpc.GrpcConfigKeys (ConfUtils.java:logGet(46)) - raft.grpc.server.install_snapshot.request.element-limit = 8 (default)
2023-06-22 21:37:04,618 [599df4a6-6b73-4cda-a21a-cae0798e8b5d@group-57D028C5577F-LeaderElection12] INFO  grpc.GrpcConfigKeys (ConfUtils.java:logGet(46)) - raft.grpc.server.install_snapshot.request.timeout = 3000ms (default)
2023-06-22 21:37:04,618 [599df4a6-6b73-4cda-a21a-cae0798e8b5d@group-57D028C5577F-LeaderElection12] INFO  server.RaftServerConfigKeys (ConfUtils.java:logGet(46)) - raft.server.log.appender.install.snapshot.enabled = false (custom)
2023-06-22 21:37:04,618 [599df4a6-6b73-4cda-a21a-cae0798e8b5d@group-57D028C5577F-LeaderElection12] INFO  grpc.GrpcConfigKeys (ConfUtils.java:logGet(46)) - raft.grpc.server.heartbeat.channel = true (default)
2023-06-22 21:37:04,618 [599df4a6-6b73-4cda-a21a-cae0798e8b5d@group-57D028C5577F-LeaderElection12] INFO  impl.RoleInfo (RoleInfo.java:updateAndGet(139)) - 599df4a6-6b73-4cda-a21a-cae0798e8b5d: start 599df4a6-6b73-4cda-a21a-cae0798e8b5d@group-57D028C5577F-LeaderStateImpl
2023-06-22 21:37:04,619 [599df4a6-6b73-4cda-a21a-cae0798e8b5d@group-57D028C5577F-LeaderElection12] INFO  segmented.SegmentedRaftLogWorker (SegmentedRaftLogWorker.java:startLogSegment(447)) - 599df4a6-6b73-4cda-a21a-cae0798e8b5d@group-57D028C5577F-SegmentedRaftLogWorker: Starting segment from index:0
2023-06-22 21:37:04,619 [grpc-default-executor-6] INFO  server.RaftServer$Division (RaftServerImpl.java:requestVote(1302)) - 65b54071-31d6-4bc0-82c0-f363a9aa9754@group-57D028C5577F: receive requestVote(ELECTION, 599df4a6-6b73-4cda-a21a-cae0798e8b5d, group-57D028C5577F, 1, (t:0, i:0))
2023-06-22 21:37:04,619 [grpc-default-executor-6] INFO  impl.VoteContext (VoteContext.java:log(49)) - 65b54071-31d6-4bc0-82c0-f363a9aa9754@group-57D028C5577F-FOLLOWER: accept ELECTION from 599df4a6-6b73-4cda-a21a-cae0798e8b5d: our priority 0 <= candidate's priority 1
2023-06-22 21:37:04,619 [grpc-default-executor-6] INFO  server.RaftServer$Division (RaftServerImpl.java:setRole(329)) - 65b54071-31d6-4bc0-82c0-f363a9aa9754@group-57D028C5577F: changes role from  FOLLOWER to FOLLOWER at term 1 for candidate:599df4a6-6b73-4cda-a21a-cae0798e8b5d
2023-06-22 21:37:04,619 [EventQueue-PipelineReportForPipelineReportHandler] INFO  pipeline.PipelineManagerImpl (PipelineManagerImpl.java:openPipeline(367)) - Pipeline Pipeline[ Id: b947b371-6094-4926-906b-57d028c5577f, Nodes: 599df4a6-6b73-4cda-a21a-cae0798e8b5d(fv-az504-135/10.1.1.69)93c05b65-1d47-44de-af22-274bc9e484bb(fv-az504-135/10.1.1.69)65b54071-31d6-4bc0-82c0-f363a9aa9754(fv-az504-135/10.1.1.69), ReplicationConfig: RATIS/THREE, State:ALLOCATED, leaderId:599df4a6-6b73-4cda-a21a-cae0798e8b5d, CreationTimestamp2023-06-22T21:36:57.066Z[Etc/UTC]] moved to OPEN state
2023-06-22 21:37:04,619 [grpc-default-executor-6] INFO  impl.RoleInfo (RoleInfo.java:shutdownFollowerState(110)) - 65b54071-31d6-4bc0-82c0-f363a9aa9754: shutdown 65b54071-31d6-4bc0-82c0-f363a9aa9754@group-57D028C5577F-FollowerState
2023-06-22 21:37:04,620 [grpc-default-executor-6] INFO  impl.RoleInfo (RoleInfo.java:updateAndGet(139)) - 65b54071-31d6-4bc0-82c0-f363a9aa9754: start 65b54071-31d6-4bc0-82c0-f363a9aa9754@group-57D028C5577F-FollowerState
2023-06-22 21:37:04,620 [65b54071-31d6-4bc0-82c0-f363a9aa9754@group-57D028C5577F-FollowerState] INFO  impl.FollowerState (FollowerState.java:run(152)) - 65b54071-31d6-4bc0-82c0-f363a9aa9754@group-57D028C5577F-FollowerState was interrupted
2023-06-22 21:37:04,621 [599df4a6-6b73-4cda-a21a-cae0798e8b5d@group-57D028C5577F-SegmentedRaftLogWorker] INFO  segmented.SegmentedRaftLogWorker (SegmentedRaftLogWorker.java:execute(651)) - 599df4a6-6b73-4cda-a21a-cae0798e8b5d@group-57D028C5577F-SegmentedRaftLogWorker: created new log segment /home/runner/work/ozone/ozone/hadoop-ozone/integration-test/target/test-dir/MiniOzoneClusterImpl-9e90c1de-1c56-491c-b259-3d04922b55fd/datanode-2/data/ratis/b947b371-6094-4926-906b-57d028c5577f/current/log_inprogress_0
2023-06-22 21:37:04,622 [grpc-default-executor-6] INFO  server.RaftServer$Division (RaftServerImpl.java:requestVote(1335)) - 65b54071-31d6-4bc0-82c0-f363a9aa9754@group-57D028C5577F replies to ELECTION vote request: 599df4a6-6b73-4cda-a21a-cae0798e8b5d<-65b54071-31d6-4bc0-82c0-f363a9aa9754#0:OK-t1. Peer's state: 65b54071-31d6-4bc0-82c0-f363a9aa9754@group-57D028C5577F:t1, leader=null, voted=599df4a6-6b73-4cda-a21a-cae0798e8b5d, raftlog=Memoized:65b54071-31d6-4bc0-82c0-f363a9aa9754@group-57D028C5577F-SegmentedRaftLog:OPENED:c-1, conf=-1: peers:[93c05b65-1d47-44de-af22-274bc9e484bb|rpc:10.1.1.69:15067|admin:10.1.1.69:15066|client:10.1.1.69:15065|dataStream:10.1.1.69:15068|priority:0|startupRole:FOLLOWER, 65b54071-31d6-4bc0-82c0-f363a9aa9754|rpc:10.1.1.69:15076|admin:10.1.1.69:15075|client:10.1.1.69:15074|dataStream:10.1.1.69:15077|priority:0|startupRole:FOLLOWER, 599df4a6-6b73-4cda-a21a-cae0798e8b5d|rpc:10.1.1.69:15085|admin:10.1.1.69:15084|client:10.1.1.69:15083|dataStream:10.1.1.69:15086|priority:1|startupRole:FOLLOWER]|listeners:[], old=null
2023-06-22 21:37:04,633 [599df4a6-6b73-4cda-a21a-cae0798e8b5d@group-57D028C5577F-LeaderElection12] INFO  server.RaftServer$Division (ServerState.java:setRaftConf(434)) - 599df4a6-6b73-4cda-a21a-cae0798e8b5d@group-57D028C5577F: set configuration 0: peers:[93c05b65-1d47-44de-af22-274bc9e484bb|rpc:10.1.1.69:15067|admin:10.1.1.69:15066|client:10.1.1.69:15065|dataStream:10.1.1.69:15068|priority:0|startupRole:FOLLOWER, 65b54071-31d6-4bc0-82c0-f363a9aa9754|rpc:10.1.1.69:15076|admin:10.1.1.69:15075|client:10.1.1.69:15074|dataStream:10.1.1.69:15077|priority:0|startupRole:FOLLOWER, 599df4a6-6b73-4cda-a21a-cae0798e8b5d|rpc:10.1.1.69:15085|admin:10.1.1.69:15084|client:10.1.1.69:15083|dataStream:10.1.1.69:15086|priority:1|startupRole:FOLLOWER]|listeners:[], old=null
2023-06-22 21:37:04,648 [65b54071-31d6-4bc0-82c0-f363a9aa9754-server-thread1] INFO  ratis.XceiverServerRatis (XceiverServerRatis.java:handleLeaderChangedNotification(902)) - Leader change notification received for group: group-57D028C5577F with new leaderId: 599df4a6-6b73-4cda-a21a-cae0798e8b5d
2023-06-22 21:37:04,648 [65b54071-31d6-4bc0-82c0-f363a9aa9754-server-thread1] INFO  server.RaftServer$Division (ServerState.java:setLeader(317)) - 65b54071-31d6-4bc0-82c0-f363a9aa9754@group-57D028C5577F: change Leader from null to 599df4a6-6b73-4cda-a21a-cae0798e8b5d at term 1 for appendEntries, leader elected after 5149ms
2023-06-22 21:37:04,649 [93c05b65-1d47-44de-af22-274bc9e484bb-server-thread1] INFO  ratis.XceiverServerRatis (XceiverServerRatis.java:handleLeaderChangedNotification(902)) - Leader change notification received for group: group-57D028C5577F with new leaderId: 599df4a6-6b73-4cda-a21a-cae0798e8b5d
2023-06-22 21:37:04,649 [93c05b65-1d47-44de-af22-274bc9e484bb-server-thread1] INFO  server.RaftServer$Division (ServerState.java:setLeader(317)) - 93c05b65-1d47-44de-af22-274bc9e484bb@group-57D028C5577F: change Leader from null to 599df4a6-6b73-4cda-a21a-cae0798e8b5d at term 1 for appendEntries, leader elected after 5216ms
2023-06-22 21:37:04,657 [65b54071-31d6-4bc0-82c0-f363a9aa9754-server-thread1] INFO  server.RaftServer$Division (ServerState.java:setRaftConf(434)) - 65b54071-31d6-4bc0-82c0-f363a9aa9754@group-57D028C5577F: set configuration 0: peers:[93c05b65-1d47-44de-af22-274bc9e484bb|rpc:10.1.1.69:15067|admin:10.1.1.69:15066|client:10.1.1.69:15065|dataStream:10.1.1.69:15068|priority:0|startupRole:FOLLOWER, 65b54071-31d6-4bc0-82c0-f363a9aa9754|rpc:10.1.1.69:15076|admin:10.1.1.69:15075|client:10.1.1.69:15074|dataStream:10.1.1.69:15077|priority:0|startupRole:FOLLOWER, 599df4a6-6b73-4cda-a21a-cae0798e8b5d|rpc:10.1.1.69:15085|admin:10.1.1.69:15084|client:10.1.1.69:15083|dataStream:10.1.1.69:15086|priority:1|startupRole:FOLLOWER]|listeners:[], old=null
2023-06-22 21:37:04,657 [65b54071-31d6-4bc0-82c0-f363a9aa9754-server-thread1] INFO  segmented.SegmentedRaftLogWorker (SegmentedRaftLogWorker.java:startLogSegment(447)) - 65b54071-31d6-4bc0-82c0-f363a9aa9754@group-57D028C5577F-SegmentedRaftLogWorker: Starting segment from index:0
2023-06-22 21:37:04,659 [65b54071-31d6-4bc0-82c0-f363a9aa9754@group-57D028C5577F-SegmentedRaftLogWorker] INFO  segmented.SegmentedRaftLogWorker (SegmentedRaftLogWorker.java:execute(651)) - 65b54071-31d6-4bc0-82c0-f363a9aa9754@group-57D028C5577F-SegmentedRaftLogWorker: created new log segment /home/runner/work/ozone/ozone/hadoop-ozone/integration-test/target/test-dir/MiniOzoneClusterImpl-9e90c1de-1c56-491c-b259-3d04922b55fd/datanode-1/data/ratis/b947b371-6094-4926-906b-57d028c5577f/current/log_inprogress_0
2023-06-22 21:37:04,659 [93c05b65-1d47-44de-af22-274bc9e484bb-server-thread2] INFO  server.RaftServer$Division (ServerState.java:setRaftConf(434)) - 93c05b65-1d47-44de-af22-274bc9e484bb@group-57D028C5577F: set configuration 0: peers:[93c05b65-1d47-44de-af22-274bc9e484bb|rpc:10.1.1.69:15067|admin:10.1.1.69:15066|client:10.1.1.69:15065|dataStream:10.1.1.69:15068|priority:0|startupRole:FOLLOWER, 65b54071-31d6-4bc0-82c0-f363a9aa9754|rpc:10.1.1.69:15076|admin:10.1.1.69:15075|client:10.1.1.69:15074|dataStream:10.1.1.69:15077|priority:0|startupRole:FOLLOWER, 599df4a6-6b73-4cda-a21a-cae0798e8b5d|rpc:10.1.1.69:15085|admin:10.1.1.69:15084|client:10.1.1.69:15083|dataStream:10.1.1.69:15086|priority:1|startupRole:FOLLOWER]|listeners:[], old=null
2023-06-22 21:37:04,660 [93c05b65-1d47-44de-af22-274bc9e484bb-server-thread2] INFO  segmented.SegmentedRaftLogWorker (SegmentedRaftLogWorker.java:startLogSegment(447)) - 93c05b65-1d47-44de-af22-274bc9e484bb@group-57D028C5577F-SegmentedRaftLogWorker: Starting segment from index:0
2023-06-22 21:37:04,662 [93c05b65-1d47-44de-af22-274bc9e484bb@group-57D028C5577F-SegmentedRaftLogWorker] INFO  segmented.SegmentedRaftLogWorker (SegmentedRaftLogWorker.java:execute(651)) - 93c05b65-1d47-44de-af22-274bc9e484bb@group-57D028C5577F-SegmentedRaftLogWorker: created new log segment /home/runner/work/ozone/ozone/hadoop-ozone/integration-test/target/test-dir/MiniOzoneClusterImpl-9e90c1de-1c56-491c-b259-3d04922b55fd/datanode-0/data/ratis/b947b371-6094-4926-906b-57d028c5577f/current/log_inprogress_0
2023-06-22 21:37:04,861 [65b54071-31d6-4bc0-82c0-f363a9aa9754@group-615D030D2EFE-FollowerState] INFO  impl.FollowerState (FollowerState.java:run(143)) - 65b54071-31d6-4bc0-82c0-f363a9aa9754@group-615D030D2EFE-FollowerState: change to CANDIDATE, lastRpcElapsedTime:5197954351ns, electionTimeout:5192ms
2023-06-22 21:37:04,862 [65b54071-31d6-4bc0-82c0-f363a9aa9754@group-615D030D2EFE-FollowerState] INFO  impl.RoleInfo (RoleInfo.java:shutdownFollowerState(110)) - 65b54071-31d6-4bc0-82c0-f363a9aa9754: shutdown 65b54071-31d6-4bc0-82c0-f363a9aa9754@group-615D030D2EFE-FollowerState
2023-06-22 21:37:04,862 [65b54071-31d6-4bc0-82c0-f363a9aa9754@group-615D030D2EFE-FollowerState] INFO  server.RaftServer$Division (RaftServerImpl.java:setRole(329)) - 65b54071-31d6-4bc0-82c0-f363a9aa9754@group-615D030D2EFE: changes role from  FOLLOWER to CANDIDATE at term 0 for changeToCandidate
2023-06-22 21:37:04,862 [65b54071-31d6-4bc0-82c0-f363a9aa9754@group-615D030D2EFE-FollowerState] INFO  server.RaftServerConfigKeys (ConfUtils.java:logGet(46)) - raft.server.leaderelection.pre-vote = true (default)
2023-06-22 21:37:04,862 [65b54071-31d6-4bc0-82c0-f363a9aa9754@group-615D030D2EFE-FollowerState] INFO  impl.RoleInfo (RoleInfo.java:updateAndGet(139)) - 65b54071-31d6-4bc0-82c0-f363a9aa9754: start 65b54071-31d6-4bc0-82c0-f363a9aa9754@group-615D030D2EFE-LeaderElection13
2023-06-22 21:37:04,866 [65b54071-31d6-4bc0-82c0-f363a9aa9754@group-615D030D2EFE-LeaderElection13] INFO  impl.LeaderElection (LeaderElection.java:askForVotes(321)) - 65b54071-31d6-4bc0-82c0-f363a9aa9754@group-615D030D2EFE-LeaderElection13 PRE_VOTE round 0: submit vote requests at term 0 for -1: peers:[65b54071-31d6-4bc0-82c0-f363a9aa9754|rpc:10.1.1.69:15076|admin:10.1.1.69:15075|client:10.1.1.69:15074|dataStream:10.1.1.69:15077|priority:1|startupRole:FOLLOWER]|listeners:[], old=null
2023-06-22 21:37:04,866 [65b54071-31d6-4bc0-82c0-f363a9aa9754@group-615D030D2EFE-LeaderElection13] INFO  impl.LeaderElection (LeaderElection.java:askForVotes(323)) - 65b54071-31d6-4bc0-82c0-f363a9aa9754@group-615D030D2EFE-LeaderElection13 PRE_VOTE round 0: result PASSED (term=0)
2023-06-22 21:37:04,870 [65b54071-31d6-4bc0-82c0-f363a9aa9754@group-615D030D2EFE-LeaderElection13] INFO  impl.LeaderElection (LeaderElection.java:askForVotes(321)) - 65b54071-31d6-4bc0-82c0-f363a9aa9754@group-615D030D2EFE-LeaderElection13 ELECTION round 0: submit vote requests at term 1 for -1: peers:[65b54071-31d6-4bc0-82c0-f363a9aa9754|rpc:10.1.1.69:15076|admin:10.1.1.69:15075|client:10.1.1.69:15074|dataStream:10.1.1.69:15077|priority:1|startupRole:FOLLOWER]|listeners:[], old=null
2023-06-22 21:37:04,870 [65b54071-31d6-4bc0-82c0-f363a9aa9754@group-615D030D2EFE-LeaderElection13] INFO  impl.LeaderElection (LeaderElection.java:askForVotes(323)) - 65b54071-31d6-4bc0-82c0-f363a9aa9754@group-615D030D2EFE-LeaderElection13 ELECTION round 0: result PASSED (term=1)
2023-06-22 21:37:04,870 [65b54071-31d6-4bc0-82c0-f363a9aa9754@group-615D030D2EFE-LeaderElection13] INFO  impl.RoleInfo (RoleInfo.java:shutdownLeaderElection(130)) - 65b54071-31d6-4bc0-82c0-f363a9aa9754: shutdown 65b54071-31d6-4bc0-82c0-f363a9aa9754@group-615D030D2EFE-LeaderElection13
2023-06-22 21:37:04,870 [65b54071-31d6-4bc0-82c0-f363a9aa9754@group-615D030D2EFE-LeaderElection13] INFO  server.RaftServer$Division (RaftServerImpl.java:setRole(329)) - 65b54071-31d6-4bc0-82c0-f363a9aa9754@group-615D030D2EFE: changes role from CANDIDATE to LEADER at term 1 for changeToLeader
2023-06-22 21:37:04,870 [65b54071-31d6-4bc0-82c0-f363a9aa9754@group-615D030D2EFE-LeaderElection13] INFO  ratis.XceiverServerRatis (XceiverServerRatis.java:handleLeaderChangedNotification(902)) - Leader change notification received for group: group-615D030D2EFE with new leaderId: 65b54071-31d6-4bc0-82c0-f363a9aa9754
2023-06-22 21:37:04,870 [65b54071-31d6-4bc0-82c0-f363a9aa9754@group-615D030D2EFE-LeaderElection13] INFO  server.RaftServer$Division (ServerState.java:setLeader(317)) - 65b54071-31d6-4bc0-82c0-f363a9aa9754@group-615D030D2EFE: change Leader from null to 65b54071-31d6-4bc0-82c0-f363a9aa9754 at term 1 for becomeLeader, leader elected after 5226ms
2023-06-22 21:37:04,870 [65b54071-31d6-4bc0-82c0-f363a9aa9754@group-615D030D2EFE-LeaderElection13] INFO  server.RaftServerConfigKeys (ConfUtils.java:logGet(46)) - raft.server.staging.catchup.gap = 1000 (default)
2023-06-22 21:37:04,870 [65b54071-31d6-4bc0-82c0-f363a9aa9754@group-615D030D2EFE-LeaderElection13] INFO  server.RaftServerConfigKeys (ConfUtils.java:logGet(46)) - raft.server.write.element-limit = 1024 (custom)
2023-06-22 21:37:04,870 [65b54071-31d6-4bc0-82c0-f363a9aa9754@group-615D030D2EFE-LeaderElection13] INFO  server.RaftServerConfigKeys (ConfUtils.java:logGet(46)) - raft.server.write.byte-limit = 1024 M (=1073741824) (custom)
2023-06-22 21:37:04,871 [65b54071-31d6-4bc0-82c0-f363a9aa9754@group-615D030D2EFE-LeaderElection13] INFO  server.RaftServerConfigKeys (ConfUtils.java:logGet(46)) - raft.server.watch.timeout = 180s (custom)
2023-06-22 21:37:04,872 [65b54071-31d6-4bc0-82c0-f363a9aa9754@group-615D030D2EFE-LeaderElection13] INFO  server.RaftServerConfigKeys (ConfUtils.java:logGet(46)) - raft.server.watch.timeout.denomination = 1s (default)
2023-06-22 21:37:04,873 [65b54071-31d6-4bc0-82c0-f363a9aa9754@group-615D030D2EFE-LeaderElection13] INFO  server.RaftServerConfigKeys (ConfUtils.java:logGet(46)) - raft.server.watch.element-limit = 65536 (default)
2023-06-22 21:37:04,873 [65b54071-31d6-4bc0-82c0-f363a9aa9754@group-615D030D2EFE-LeaderElection13] INFO  server.RaftServerConfigKeys (ConfUtils.java:logGet(46)) - raft.server.write.element-limit = 1024 (custom)
2023-06-22 21:37:04,873 [65b54071-31d6-4bc0-82c0-f363a9aa9754@group-615D030D2EFE-LeaderElection13] INFO  server.RaftServerConfigKeys (ConfUtils.java:logGet(46)) - raft.server.write.follower.gap.ratio.max = -1.0 (default)
2023-06-22 21:37:04,874 [65b54071-31d6-4bc0-82c0-f363a9aa9754@group-615D030D2EFE-LeaderElection13] INFO  impl.RoleInfo (RoleInfo.java:updateAndGet(139)) - 65b54071-31d6-4bc0-82c0-f363a9aa9754: start 65b54071-31d6-4bc0-82c0-f363a9aa9754@group-615D030D2EFE-LeaderStateImpl
2023-06-22 21:37:04,874 [65b54071-31d6-4bc0-82c0-f363a9aa9754@group-615D030D2EFE-LeaderElection13] INFO  segmented.SegmentedRaftLogWorker (SegmentedRaftLogWorker.java:startLogSegment(447)) - 65b54071-31d6-4bc0-82c0-f363a9aa9754@group-615D030D2EFE-SegmentedRaftLogWorker: Starting segment from index:0
2023-06-22 21:37:04,878 [65b54071-31d6-4bc0-82c0-f363a9aa9754@group-615D030D2EFE-SegmentedRaftLogWorker] INFO  segmented.SegmentedRaftLogWorker (SegmentedRaftLogWorker.java:execute(651)) - 65b54071-31d6-4bc0-82c0-f363a9aa9754@group-615D030D2EFE-SegmentedRaftLogWorker: created new log segment /home/runner/work/ozone/ozone/hadoop-ozone/integration-test/target/test-dir/MiniOzoneClusterImpl-9e90c1de-1c56-491c-b259-3d04922b55fd/datanode-1/data/ratis/f2a4422f-2633-42eb-aa49-615d030d2efe/current/log_inprogress_0
2023-06-22 21:37:04,881 [65b54071-31d6-4bc0-82c0-f363a9aa9754@group-615D030D2EFE-LeaderElection13] INFO  server.RaftServer$Division (ServerState.java:setRaftConf(434)) - 65b54071-31d6-4bc0-82c0-f363a9aa9754@group-615D030D2EFE: set configuration 0: peers:[65b54071-31d6-4bc0-82c0-f363a9aa9754|rpc:10.1.1.69:15076|admin:10.1.1.69:15075|client:10.1.1.69:15074|dataStream:10.1.1.69:15077|priority:1|startupRole:FOLLOWER]|listeners:[], old=null
2023-06-22 21:37:05,092 [599df4a6-6b73-4cda-a21a-cae0798e8b5d@group-30E1E4A9C4D4-FollowerState] INFO  impl.FollowerState (FollowerState.java:run(143)) - 599df4a6-6b73-4cda-a21a-cae0798e8b5d@group-30E1E4A9C4D4-FollowerState: change to CANDIDATE, lastRpcElapsedTime:5015210993ns, electionTimeout:5010ms
2023-06-22 21:37:05,092 [599df4a6-6b73-4cda-a21a-cae0798e8b5d@group-30E1E4A9C4D4-FollowerState] INFO  impl.RoleInfo (RoleInfo.java:shutdownFollowerState(110)) - 599df4a6-6b73-4cda-a21a-cae0798e8b5d: shutdown 599df4a6-6b73-4cda-a21a-cae0798e8b5d@group-30E1E4A9C4D4-FollowerState
2023-06-22 21:37:05,092 [599df4a6-6b73-4cda-a21a-cae0798e8b5d@group-30E1E4A9C4D4-FollowerState] INFO  server.RaftServer$Division (RaftServerImpl.java:setRole(329)) - 599df4a6-6b73-4cda-a21a-cae0798e8b5d@group-30E1E4A9C4D4: changes role from  FOLLOWER to CANDIDATE at term 0 for changeToCandidate
2023-06-22 21:37:05,092 [599df4a6-6b73-4cda-a21a-cae0798e8b5d@group-30E1E4A9C4D4-FollowerState] INFO  server.RaftServerConfigKeys (ConfUtils.java:logGet(46)) - raft.server.leaderelection.pre-vote = true (default)
2023-06-22 21:37:05,092 [599df4a6-6b73-4cda-a21a-cae0798e8b5d@group-30E1E4A9C4D4-FollowerState] INFO  impl.RoleInfo (RoleInfo.java:updateAndGet(139)) - 599df4a6-6b73-4cda-a21a-cae0798e8b5d: start 599df4a6-6b73-4cda-a21a-cae0798e8b5d@group-30E1E4A9C4D4-LeaderElection14
2023-06-22 21:37:05,094 [599df4a6-6b73-4cda-a21a-cae0798e8b5d@group-30E1E4A9C4D4-LeaderElection14] INFO  impl.LeaderElection (LeaderElection.java:askForVotes(321)) - 599df4a6-6b73-4cda-a21a-cae0798e8b5d@group-30E1E4A9C4D4-LeaderElection14 PRE_VOTE round 0: submit vote requests at term 0 for -1: peers:[599df4a6-6b73-4cda-a21a-cae0798e8b5d|rpc:10.1.1.69:15085|admin:10.1.1.69:15084|client:10.1.1.69:15083|dataStream:10.1.1.69:15086|priority:1|startupRole:FOLLOWER]|listeners:[], old=null
2023-06-22 21:37:05,094 [599df4a6-6b73-4cda-a21a-cae0798e8b5d@group-30E1E4A9C4D4-LeaderElection14] INFO  impl.LeaderElection (LeaderElection.java:askForVotes(323)) - 599df4a6-6b73-4cda-a21a-cae0798e8b5d@group-30E1E4A9C4D4-LeaderElection14 PRE_VOTE round 0: result PASSED (term=0)
2023-06-22 21:37:05,096 [599df4a6-6b73-4cda-a21a-cae0798e8b5d@group-30E1E4A9C4D4-LeaderElection14] INFO  impl.LeaderElection (LeaderElection.java:askForVotes(321)) - 599df4a6-6b73-4cda-a21a-cae0798e8b5d@group-30E1E4A9C4D4-LeaderElection14 ELECTION round 0: submit vote requests at term 1 for -1: peers:[599df4a6-6b73-4cda-a21a-cae0798e8b5d|rpc:10.1.1.69:15085|admin:10.1.1.69:15084|client:10.1.1.69:15083|dataStream:10.1.1.69:15086|priority:1|startupRole:FOLLOWER]|listeners:[], old=null
2023-06-22 21:37:05,096 [599df4a6-6b73-4cda-a21a-cae0798e8b5d@group-30E1E4A9C4D4-LeaderElection14] INFO  impl.LeaderElection (LeaderElection.java:askForVotes(323)) - 599df4a6-6b73-4cda-a21a-cae0798e8b5d@group-30E1E4A9C4D4-LeaderElection14 ELECTION round 0: result PASSED (term=1)
2023-06-22 21:37:05,096 [599df4a6-6b73-4cda-a21a-cae0798e8b5d@group-30E1E4A9C4D4-LeaderElection14] INFO  impl.RoleInfo (RoleInfo.java:shutdownLeaderElection(130)) - 599df4a6-6b73-4cda-a21a-cae0798e8b5d: shutdown 599df4a6-6b73-4cda-a21a-cae0798e8b5d@group-30E1E4A9C4D4-LeaderElection14
2023-06-22 21:37:05,096 [599df4a6-6b73-4cda-a21a-cae0798e8b5d@group-30E1E4A9C4D4-LeaderElection14] INFO  server.RaftServer$Division (RaftServerImpl.java:setRole(329)) - 599df4a6-6b73-4cda-a21a-cae0798e8b5d@group-30E1E4A9C4D4: changes role from CANDIDATE to LEADER at term 1 for changeToLeader
2023-06-22 21:37:05,096 [599df4a6-6b73-4cda-a21a-cae0798e8b5d@group-30E1E4A9C4D4-LeaderElection14] INFO  ratis.XceiverServerRatis (XceiverServerRatis.java:handleLeaderChangedNotification(902)) - Leader change notification received for group: group-30E1E4A9C4D4 with new leaderId: 599df4a6-6b73-4cda-a21a-cae0798e8b5d
2023-06-22 21:37:05,096 [599df4a6-6b73-4cda-a21a-cae0798e8b5d@group-30E1E4A9C4D4-LeaderElection14] INFO  server.RaftServer$Division (ServerState.java:setLeader(317)) - 599df4a6-6b73-4cda-a21a-cae0798e8b5d@group-30E1E4A9C4D4: change Leader from null to 599df4a6-6b73-4cda-a21a-cae0798e8b5d at term 1 for becomeLeader, leader elected after 5036ms
2023-06-22 21:37:05,096 [599df4a6-6b73-4cda-a21a-cae0798e8b5d@group-30E1E4A9C4D4-LeaderElection14] INFO  server.RaftServerConfigKeys (ConfUtils.java:logGet(46)) - raft.server.staging.catchup.gap = 1000 (default)
2023-06-22 21:37:05,096 [599df4a6-6b73-4cda-a21a-cae0798e8b5d@group-30E1E4A9C4D4-LeaderElection14] INFO  server.RaftServerConfigKeys (ConfUtils.java:logGet(46)) - raft.server.write.element-limit = 1024 (custom)
2023-06-22 21:37:05,096 [599df4a6-6b73-4cda-a21a-cae0798e8b5d@group-30E1E4A9C4D4-LeaderElection14] INFO  server.RaftServerConfigKeys (ConfUtils.java:logGet(46)) - raft.server.write.byte-limit = 1024 M (=1073741824) (custom)
2023-06-22 21:37:05,102 [599df4a6-6b73-4cda-a21a-cae0798e8b5d@group-30E1E4A9C4D4-LeaderElection14] INFO  server.RaftServerConfigKeys (ConfUtils.java:logGet(46)) - raft.server.watch.timeout = 180s (custom)
2023-06-22 21:37:05,102 [599df4a6-6b73-4cda-a21a-cae0798e8b5d@group-30E1E4A9C4D4-LeaderElection14] INFO  server.RaftServerConfigKeys (ConfUtils.java:logGet(46)) - raft.server.watch.timeout.denomination = 1s (default)
2023-06-22 21:37:05,103 [599df4a6-6b73-4cda-a21a-cae0798e8b5d@group-30E1E4A9C4D4-LeaderElection14] INFO  server.RaftServerConfigKeys (ConfUtils.java:logGet(46)) - raft.server.watch.element-limit = 65536 (default)
2023-06-22 21:37:05,103 [599df4a6-6b73-4cda-a21a-cae0798e8b5d@group-30E1E4A9C4D4-LeaderElection14] INFO  server.RaftServerConfigKeys (ConfUtils.java:logGet(46)) - raft.server.write.element-limit = 1024 (custom)
2023-06-22 21:37:05,103 [599df4a6-6b73-4cda-a21a-cae0798e8b5d@group-30E1E4A9C4D4-LeaderElection14] INFO  server.RaftServerConfigKeys (ConfUtils.java:logGet(46)) - raft.server.write.follower.gap.ratio.max = -1.0 (default)
2023-06-22 21:37:05,103 [599df4a6-6b73-4cda-a21a-cae0798e8b5d@group-30E1E4A9C4D4-LeaderElection14] INFO  impl.RoleInfo (RoleInfo.java:updateAndGet(139)) - 599df4a6-6b73-4cda-a21a-cae0798e8b5d: start 599df4a6-6b73-4cda-a21a-cae0798e8b5d@group-30E1E4A9C4D4-LeaderStateImpl
2023-06-22 21:37:05,103 [599df4a6-6b73-4cda-a21a-cae0798e8b5d@group-30E1E4A9C4D4-LeaderElection14] INFO  segmented.SegmentedRaftLogWorker (SegmentedRaftLogWorker.java:startLogSegment(447)) - 599df4a6-6b73-4cda-a21a-cae0798e8b5d@group-30E1E4A9C4D4-SegmentedRaftLogWorker: Starting segment from index:0
2023-06-22 21:37:05,104 [599df4a6-6b73-4cda-a21a-cae0798e8b5d@group-30E1E4A9C4D4-SegmentedRaftLogWorker] INFO  segmented.SegmentedRaftLogWorker (SegmentedRaftLogWorker.java:execute(651)) - 599df4a6-6b73-4cda-a21a-cae0798e8b5d@group-30E1E4A9C4D4-SegmentedRaftLogWorker: created new log segment /home/runner/work/ozone/ozone/hadoop-ozone/integration-test/target/test-dir/MiniOzoneClusterImpl-9e90c1de-1c56-491c-b259-3d04922b55fd/datanode-2/data/ratis/9faf434a-cc99-42de-88e7-30e1e4a9c4d4/current/log_inprogress_0
2023-06-22 21:37:05,109 [599df4a6-6b73-4cda-a21a-cae0798e8b5d@group-30E1E4A9C4D4-LeaderElection14] INFO  server.RaftServer$Division (ServerState.java:setRaftConf(434)) - 599df4a6-6b73-4cda-a21a-cae0798e8b5d@group-30E1E4A9C4D4: set configuration 0: peers:[599df4a6-6b73-4cda-a21a-cae0798e8b5d|rpc:10.1.1.69:15085|admin:10.1.1.69:15084|client:10.1.1.69:15083|dataStream:10.1.1.69:15086|priority:1|startupRole:FOLLOWER]|listeners:[], old=null
2023-06-22 21:37:05,321 [main] INFO  ozone.MiniOzoneClusterImpl (MiniOzoneClusterImpl.java:lambda$waitForClusterToBeReady$0(224)) - Nodes are ready. Got 5 of 5 DN Heartbeats.
2023-06-22 21:37:05,322 [main] INFO  ozone.MiniOzoneClusterImpl (MiniOzoneClusterImpl.java:lambda$waitForClusterToBeReady$0(227)) - Cluster exits safe mode
2023-06-22 21:37:05,322 [main] INFO  ozone.MiniOzoneClusterImpl (MiniOzoneClusterImpl.java:lambda$waitForClusterToBeReady$0(229)) - SCM became leader
2023-06-22 21:37:05,373 [Time-limited test] INFO  rpc.RpcClient (RpcClient.java:createVolume(459)) - Creating Volume: volume58867, with user94422 as owner and space quota set to -1 bytes, counts quota set to -1
2023-06-22 21:37:05,377 [IPC Server handler 17 on default port 15057] INFO  volume.OMVolumeCreateRequest (OMVolumeCreateRequest.java:validateAndUpdateCache(196)) - created volume:volume58867 for user:user94422
2023-06-22 21:37:05,392 [Time-limited test] INFO  rpc.RpcClient (RpcClient.java:createBucket(686)) - Creating Bucket: volume58867/bucket00403, with bucket layout FILE_SYSTEM_OPTIMIZED, runner as owner, Versioning false, Storage Type set to DISK and Encryption set to false, Replication Type set to server-side default replication type, Namespace Quota set to -1, Space Quota set to -1 
2023-06-22 21:37:05,393 [IPC Server handler 8 on default port 15057] INFO  bucket.OMBucketCreateRequest (OMBucketCreateRequest.java:validateAndUpdateCache(270)) - created bucket: bucket00403 of layout FILE_SYSTEM_OPTIMIZED in volume: volume58867
2023-06-22 21:37:05,400 [Time-limited test] INFO  ozone.TestRootedOzoneFileSystemWithFSO (TestRootedOzoneFileSystemWithFSO.java:testRenameDir(163)) - Created dir /volume58867/bucket00403/dir1/sub_dir1
2023-06-22 21:37:05,401 [Time-limited test] INFO  ozone.TestRootedOzoneFileSystemWithFSO (TestRootedOzoneFileSystemWithFSO.java:testRenameDir(164)) - Will move /volume58867/bucket00403/dir1 to /volume58867/bucket00403/dir1.renamed
]]></system-out>
  </testcase>
  <testcase name="testTempMount" classname="TestRootedOzoneFileSystemWithFSO" time="0">
    <skipped message="HDDS-2939"/>
  </testcase>
  <testcase name="testTempMount" classname="TestRootedOzoneFileSystemWithFSO" time="0">
    <skipped message="HDDS-2939"/>
  </testcase>
  <testcase name="testDeleteVolumeAndBucket" classname="TestRootedOzoneFileSystemWithFSO" time="1.55">
    <error type="org.apache.hadoop.fs.PathIsNotEmptyDirectoryException"><![CDATA[org.apache.hadoop.fs.PathIsNotEmptyDirectoryException: `/volume-13413/bucket3': Directory is not empty
	at org.apache.hadoop.fs.ozone.BasicRootedOzoneFileSystem.deleteBucketFromVolume(BasicRootedOzoneFileSystem.java:773)
	at org.apache.hadoop.fs.ozone.BasicRootedOzoneFileSystem.deleteBucket(BasicRootedOzoneFileSystem.java:745)
	at org.apache.hadoop.fs.ozone.BasicRootedOzoneFileSystem.delete(BasicRootedOzoneFileSystem.java:673)
	at org.apache.hadoop.fs.ozone.BasicRootedOzoneFileSystem.deleteVolume(BasicRootedOzoneFileSystem.java:800)
	at org.apache.hadoop.fs.ozone.BasicRootedOzoneFileSystem.delete(BasicRootedOzoneFileSystem.java:668)
	at org.apache.hadoop.fs.ozone.TestRootedOzoneFileSystemWithFSO.testDeleteVolumeAndBucket(TestRootedOzoneFileSystemWithFSO.java:238)
	at sun.reflect.NativeMethodAccessorImpl.invoke0(Native Method)
	at sun.reflect.NativeMethodAccessorImpl.invoke(NativeMethodAccessorImpl.java:62)
	at sun.reflect.DelegatingMethodAccessorImpl.invoke(DelegatingMethodAccessorImpl.java:43)
	at java.lang.reflect.Method.invoke(Method.java:498)
	at org.junit.runners.model.FrameworkMethod$1.runReflectiveCall(FrameworkMethod.java:59)
	at org.junit.internal.runners.model.ReflectiveCallable.run(ReflectiveCallable.java:12)
	at org.junit.runners.model.FrameworkMethod.invokeExplosively(FrameworkMethod.java:56)
	at org.junit.internal.runners.statements.InvokeMethod.evaluate(InvokeMethod.java:17)
	at org.junit.internal.runners.statements.RunBefores.evaluate(RunBefores.java:26)
	at org.junit.internal.runners.statements.RunAfters.evaluate(RunAfters.java:27)
	at org.junit.internal.runners.statements.FailOnTimeout$CallableStatement.call(FailOnTimeout.java:288)
	at org.junit.internal.runners.statements.FailOnTimeout$CallableStatement.call(FailOnTimeout.java:282)
	at java.util.concurrent.FutureTask.run(FutureTask.java:266)
	at java.lang.Thread.run(Thread.java:750)
]]></error>
    <system-out><![CDATA[2023-06-22 21:35:21,480 [Time-limited test] INFO  rpc.RpcClient (RpcClient.java:createVolume(459)) - Creating Volume: volume91395, with user64577 as owner and space quota set to -1 bytes, counts quota set to -1
2023-06-22 21:35:21,486 [OM StateMachine ApplyTransaction Thread - 0] INFO  volume.OMVolumeCreateRequest (OMVolumeCreateRequest.java:validateAndUpdateCache(196)) - created volume:volume91395 for user:user64577
2023-06-22 21:35:21,489 [Time-limited test] INFO  rpc.RpcClient (RpcClient.java:createBucket(686)) - Creating Bucket: volume91395/bucket24955, with bucket layout FILE_SYSTEM_OPTIMIZED, runner as owner, Versioning false, Storage Type set to DISK and Encryption set to false, Replication Type set to server-side default replication type, Namespace Quota set to -1, Space Quota set to -1 
2023-06-22 21:35:21,492 [OM StateMachine ApplyTransaction Thread - 0] INFO  bucket.OMBucketCreateRequest (OMBucketCreateRequest.java:validateAndUpdateCache(270)) - created bucket: bucket24955 of layout FILE_SYSTEM_OPTIMIZED in volume: volume91395
21:35:21.506 [IPC Server handler 14 on default port 15004] ERROR OMAudit - user=runner | ip=127.0.0.1 | op=READ_BUCKET {volume=volume-13413, bucket=bucket3} | ret=FAILURE
org.apache.hadoop.ozone.om.exceptions.OMException: Volume not found when getting bucket info
	at org.apache.hadoop.ozone.om.BucketManagerImpl.getBucketInfo(BucketManagerImpl.java:81) ~[ozone-manager-1.4.0-SNAPSHOT.jar:?]
	at org.apache.hadoop.ozone.om.OzoneManager.getBucketInfo(OzoneManager.java:2777) ~[ozone-manager-1.4.0-SNAPSHOT.jar:?]
	at org.apache.hadoop.ozone.protocolPB.OzoneManagerRequestHandler.infoBucket(OzoneManagerRequestHandler.java:524) ~[ozone-manager-1.4.0-SNAPSHOT.jar:?]
	at org.apache.hadoop.ozone.protocolPB.OzoneManagerRequestHandler.handleReadRequest(OzoneManagerRequestHandler.java:195) ~[ozone-manager-1.4.0-SNAPSHOT.jar:?]
	at org.apache.hadoop.ozone.protocolPB.OzoneManagerProtocolServerSideTranslatorPB.submitReadRequestToOM(OzoneManagerProtocolServerSideTranslatorPB.java:223) ~[ozone-manager-1.4.0-SNAPSHOT.jar:?]
	at org.apache.hadoop.ozone.protocolPB.OzoneManagerProtocolServerSideTranslatorPB.processRequest(OzoneManagerProtocolServerSideTranslatorPB.java:177) ~[ozone-manager-1.4.0-SNAPSHOT.jar:?]
	at org.apache.hadoop.hdds.server.OzoneProtocolMessageDispatcher.processRequest(OzoneProtocolMessageDispatcher.java:87) [hdds-server-framework-1.4.0-SNAPSHOT.jar:?]
	at org.apache.hadoop.ozone.protocolPB.OzoneManagerProtocolServerSideTranslatorPB.submitRequest(OzoneManagerProtocolServerSideTranslatorPB.java:147) [ozone-manager-1.4.0-SNAPSHOT.jar:?]
	at org.apache.hadoop.ozone.protocol.proto.OzoneManagerProtocolProtos$OzoneManagerService$2.callBlockingMethod(OzoneManagerProtocolProtos.java) [ozone-interface-client-1.4.0-SNAPSHOT.jar:?]
	at org.apache.hadoop.ipc.ProtobufRpcEngine$Server.processCall(ProtobufRpcEngine.java:484) [hadoop-common-3.3.5.jar:?]
	at org.apache.hadoop.ipc.ProtobufRpcEngine2$Server$ProtoBufRpcInvoker.call(ProtobufRpcEngine2.java:595) [hadoop-common-3.3.5.jar:?]
	at org.apache.hadoop.ipc.ProtobufRpcEngine2$Server$ProtoBufRpcInvoker.call(ProtobufRpcEngine2.java:573) [hadoop-common-3.3.5.jar:?]
	at org.apache.hadoop.ipc.RPC$Server.call(RPC.java:1213) [hadoop-common-3.3.5.jar:?]
	at org.apache.hadoop.ipc.Server$RpcCall.run(Server.java:1089) [hadoop-common-3.3.5.jar:?]
	at org.apache.hadoop.ipc.Server$RpcCall.run(Server.java:1012) [hadoop-common-3.3.5.jar:?]
	at java.security.AccessController.doPrivileged(Native Method) ~[?:1.8.0_372]
	at javax.security.auth.Subject.doAs(Subject.java:422) [?:1.8.0_372]
	at org.apache.hadoop.security.UserGroupInformation.doAs(UserGroupInformation.java:1899) [hadoop-common-3.3.5.jar:?]
	at org.apache.hadoop.ipc.Server$Handler.run(Server.java:3026) [hadoop-common-3.3.5.jar:?]
2023-06-22 21:35:21,522 [Time-limited test] INFO  rpc.RpcClient (RpcClient.java:createVolume(459)) - Creating Volume: volume-13413, with runner as owner and space quota set to -1 bytes, counts quota set to -1
2023-06-22 21:35:21,527 [OM StateMachine ApplyTransaction Thread - 0] INFO  volume.OMVolumeCreateRequest (OMVolumeCreateRequest.java:validateAndUpdateCache(196)) - created volume:volume-13413 for user:runner
2023-06-22 21:35:21,530 [Time-limited test] INFO  rpc.RpcClient (RpcClient.java:createBucket(686)) - Creating Bucket: volume-13413/bucket3, with bucket layout FILE_SYSTEM_OPTIMIZED, runner as owner, Versioning false, Storage Type set to DISK and Encryption set to false, Replication Type set to server-side default replication type, Namespace Quota set to -1, Space Quota set to -1 
2023-06-22 21:35:21,534 [OM StateMachine ApplyTransaction Thread - 0] INFO  bucket.OMBucketCreateRequest (OMBucketCreateRequest.java:validateAndUpdateCache(270)) - created bucket: bucket3 of layout FILE_SYSTEM_OPTIMIZED in volume: volume-13413
2023-06-22 21:35:21,579 [IPC Server handler 0 on default port 15001] INFO  ha.SequenceIdGenerator (SequenceIdGenerator.java:getNextId(128)) - Allocate a batch for containerId, change lastId from 0 to 1000.
2023-06-22 21:35:21,590 [IPC Server handler 0 on default port 15001] WARN  ha.SequenceIdGenerator (SequenceIdGenerator.java:allocateBatch(237)) - Failed to allocate a batch for localId, expected lastId is 0, actual lastId is 111677748019200000.
2023-06-22 21:35:21,591 [IPC Server handler 0 on default port 15001] INFO  ha.SequenceIdGenerator (SequenceIdGenerator.java:getNextId(128)) - Allocate a batch for localId, change lastId from 111677748019200000 to 111677748019201000.
2023-06-22 21:35:21,664 [Time-limited test] INFO  impl.MetricsSystemImpl (MetricsSystemImpl.java:init(158)) - XceiverClientMetrics metrics system started (again)
2023-06-22 21:35:21,664 [Time-limited test] INFO  lib.Interns (Interns.java:removeEldestEntry(50)) - Metrics intern cache overflow at 2011 for MetricsSystem={MetricsSystem=MetricsInfoImpl{name=MetricsSystem, description=MetricsSystem}, MetricsSystem record=MetricsInfoImpl{name=MetricsSystem, description=MetricsSystem record}}
21:35:22.962 [OM StateMachine ApplyTransaction Thread - 0] ERROR OMAudit - user=runner | ip=127.0.0.1 | op=DELETE_BUCKET {volume=volume-13413, bucket=bucket3} | ret=FAILURE
org.apache.hadoop.ozone.om.exceptions.OMException: Bucket is not empty
	at org.apache.hadoop.ozone.om.request.bucket.OMBucketDeleteRequest.validateAndUpdateCache(OMBucketDeleteRequest.java:139) ~[ozone-manager-1.4.0-SNAPSHOT.jar:?]
	at org.apache.hadoop.ozone.protocolPB.OzoneManagerRequestHandler.handleWriteRequest(OzoneManagerRequestHandler.java:352) ~[ozone-manager-1.4.0-SNAPSHOT.jar:?]
	at org.apache.hadoop.ozone.om.ratis.OzoneManagerStateMachine.runCommand(OzoneManagerStateMachine.java:567) ~[ozone-manager-1.4.0-SNAPSHOT.jar:?]
	at org.apache.hadoop.ozone.om.ratis.OzoneManagerStateMachine.lambda$1(OzoneManagerStateMachine.java:358) ~[ozone-manager-1.4.0-SNAPSHOT.jar:?]
	at java.util.concurrent.CompletableFuture$AsyncSupply.run(CompletableFuture.java:1604) [?:1.8.0_372]
	at java.util.concurrent.ThreadPoolExecutor.runWorker(ThreadPoolExecutor.java:1149) [?:1.8.0_372]
	at java.util.concurrent.ThreadPoolExecutor$Worker.run(ThreadPoolExecutor.java:624) [?:1.8.0_372]
	at java.lang.Thread.run(Thread.java:750) [?:1.8.0_372]
2023-06-22 21:35:22,964 [OM StateMachine ApplyTransaction Thread - 0] ERROR bucket.OMBucketDeleteRequest (OMBucketDeleteRequest.java:validateAndUpdateCache(212)) - Delete bucket failed for bucket:bucket3 in volume:volume-13413
BUCKET_NOT_EMPTY org.apache.hadoop.ozone.om.exceptions.OMException: Bucket is not empty
	at org.apache.hadoop.ozone.om.request.bucket.OMBucketDeleteRequest.validateAndUpdateCache(OMBucketDeleteRequest.java:139)
	at org.apache.hadoop.ozone.protocolPB.OzoneManagerRequestHandler.handleWriteRequest(OzoneManagerRequestHandler.java:352)
	at org.apache.hadoop.ozone.om.ratis.OzoneManagerStateMachine.runCommand(OzoneManagerStateMachine.java:567)
	at org.apache.hadoop.ozone.om.ratis.OzoneManagerStateMachine.lambda$1(OzoneManagerStateMachine.java:358)
	at java.util.concurrent.CompletableFuture$AsyncSupply.run(CompletableFuture.java:1604)
	at java.util.concurrent.ThreadPoolExecutor.runWorker(ThreadPoolExecutor.java:1149)
	at java.util.concurrent.ThreadPoolExecutor$Worker.run(ThreadPoolExecutor.java:624)
	at java.lang.Thread.run(Thread.java:750)
]]></system-out>
  </testcase>
  <testcase name="testDeleteVolumeAndBucket" classname="TestRootedOzoneFileSystemWithFSO" time="0.526">
    <system-out><![CDATA[2023-06-22 21:37:05,474 [Time-limited test] INFO  rpc.RpcClient (RpcClient.java:createVolume(459)) - Creating Volume: volume14915, with user38956 as owner and space quota set to -1 bytes, counts quota set to -1
2023-06-22 21:37:05,475 [IPC Server handler 14 on default port 15057] INFO  volume.OMVolumeCreateRequest (OMVolumeCreateRequest.java:validateAndUpdateCache(196)) - created volume:volume14915 for user:user38956
2023-06-22 21:37:05,477 [f1abb7db-c3af-437a-bde0-e7e35204823b@group-37780319B5DD-FollowerState] INFO  impl.FollowerState (FollowerState.java:run(143)) - f1abb7db-c3af-437a-bde0-e7e35204823b@group-37780319B5DD-FollowerState: change to CANDIDATE, lastRpcElapsedTime:5034225392ns, electionTimeout:5022ms
2023-06-22 21:37:05,478 [f1abb7db-c3af-437a-bde0-e7e35204823b@group-37780319B5DD-FollowerState] INFO  impl.RoleInfo (RoleInfo.java:shutdownFollowerState(110)) - f1abb7db-c3af-437a-bde0-e7e35204823b: shutdown f1abb7db-c3af-437a-bde0-e7e35204823b@group-37780319B5DD-FollowerState
2023-06-22 21:37:05,478 [f1abb7db-c3af-437a-bde0-e7e35204823b@group-37780319B5DD-FollowerState] INFO  server.RaftServer$Division (RaftServerImpl.java:setRole(329)) - f1abb7db-c3af-437a-bde0-e7e35204823b@group-37780319B5DD: changes role from  FOLLOWER to CANDIDATE at term 0 for changeToCandidate
2023-06-22 21:37:05,478 [f1abb7db-c3af-437a-bde0-e7e35204823b@group-37780319B5DD-FollowerState] INFO  server.RaftServerConfigKeys (ConfUtils.java:logGet(46)) - raft.server.leaderelection.pre-vote = true (default)
2023-06-22 21:37:05,478 [f1abb7db-c3af-437a-bde0-e7e35204823b@group-37780319B5DD-FollowerState] INFO  impl.RoleInfo (RoleInfo.java:updateAndGet(139)) - f1abb7db-c3af-437a-bde0-e7e35204823b: start f1abb7db-c3af-437a-bde0-e7e35204823b@group-37780319B5DD-LeaderElection15
2023-06-22 21:37:05,479 [Time-limited test] INFO  rpc.RpcClient (RpcClient.java:createBucket(686)) - Creating Bucket: volume14915/bucket14589, with bucket layout FILE_SYSTEM_OPTIMIZED, runner as owner, Versioning false, Storage Type set to DISK and Encryption set to false, Replication Type set to server-side default replication type, Namespace Quota set to -1, Space Quota set to -1 
2023-06-22 21:37:05,480 [IPC Server handler 15 on default port 15057] INFO  bucket.OMBucketCreateRequest (OMBucketCreateRequest.java:validateAndUpdateCache(270)) - created bucket: bucket14589 of layout FILE_SYSTEM_OPTIMIZED in volume: volume14915
2023-06-22 21:37:05,489 [f1abb7db-c3af-437a-bde0-e7e35204823b@group-37780319B5DD-LeaderElection15] INFO  impl.LeaderElection (LeaderElection.java:askForVotes(321)) - f1abb7db-c3af-437a-bde0-e7e35204823b@group-37780319B5DD-LeaderElection15 PRE_VOTE round 0: submit vote requests at term 0 for -1: peers:[f1abb7db-c3af-437a-bde0-e7e35204823b|rpc:10.1.1.69:15094|admin:10.1.1.69:15093|client:10.1.1.69:15092|dataStream:10.1.1.69:15095|priority:1|startupRole:FOLLOWER]|listeners:[], old=null
2023-06-22 21:37:05,489 [f1abb7db-c3af-437a-bde0-e7e35204823b@group-37780319B5DD-LeaderElection15] INFO  impl.LeaderElection (LeaderElection.java:askForVotes(323)) - f1abb7db-c3af-437a-bde0-e7e35204823b@group-37780319B5DD-LeaderElection15 PRE_VOTE round 0: result PASSED (term=0)
21:37:05.491 [IPC Server handler 16 on default port 15057] ERROR OMAudit - user=runner | ip=127.0.0.1 | op=READ_BUCKET {volume=volume-16929, bucket=bucket3} | ret=FAILURE
org.apache.hadoop.ozone.om.exceptions.OMException: Volume not found when getting bucket info
	at org.apache.hadoop.ozone.om.BucketManagerImpl.getBucketInfo(BucketManagerImpl.java:81) ~[ozone-manager-1.4.0-SNAPSHOT.jar:?]
	at org.apache.hadoop.ozone.om.OzoneManager.getBucketInfo(OzoneManager.java:2777) ~[ozone-manager-1.4.0-SNAPSHOT.jar:?]
	at org.apache.hadoop.ozone.protocolPB.OzoneManagerRequestHandler.infoBucket(OzoneManagerRequestHandler.java:524) ~[ozone-manager-1.4.0-SNAPSHOT.jar:?]
	at org.apache.hadoop.ozone.protocolPB.OzoneManagerRequestHandler.handleReadRequest(OzoneManagerRequestHandler.java:195) ~[ozone-manager-1.4.0-SNAPSHOT.jar:?]
	at org.apache.hadoop.ozone.protocolPB.OzoneManagerProtocolServerSideTranslatorPB.submitRequestDirectlyToOM(OzoneManagerProtocolServerSideTranslatorPB.java:272) ~[ozone-manager-1.4.0-SNAPSHOT.jar:?]
	at org.apache.hadoop.ozone.protocolPB.OzoneManagerProtocolServerSideTranslatorPB.processRequest(OzoneManagerProtocolServerSideTranslatorPB.java:173) ~[ozone-manager-1.4.0-SNAPSHOT.jar:?]
	at org.apache.hadoop.hdds.server.OzoneProtocolMessageDispatcher.processRequest(OzoneProtocolMessageDispatcher.java:87) [hdds-server-framework-1.4.0-SNAPSHOT.jar:?]
	at org.apache.hadoop.ozone.protocolPB.OzoneManagerProtocolServerSideTranslatorPB.submitRequest(OzoneManagerProtocolServerSideTranslatorPB.java:147) [ozone-manager-1.4.0-SNAPSHOT.jar:?]
	at org.apache.hadoop.ozone.protocol.proto.OzoneManagerProtocolProtos$OzoneManagerService$2.callBlockingMethod(OzoneManagerProtocolProtos.java) [ozone-interface-client-1.4.0-SNAPSHOT.jar:?]
	at org.apache.hadoop.ipc.ProtobufRpcEngine$Server.processCall(ProtobufRpcEngine.java:484) [hadoop-common-3.3.5.jar:?]
	at org.apache.hadoop.ipc.ProtobufRpcEngine2$Server$ProtoBufRpcInvoker.call(ProtobufRpcEngine2.java:595) [hadoop-common-3.3.5.jar:?]
	at org.apache.hadoop.ipc.ProtobufRpcEngine2$Server$ProtoBufRpcInvoker.call(ProtobufRpcEngine2.java:573) [hadoop-common-3.3.5.jar:?]
	at org.apache.hadoop.ipc.RPC$Server.call(RPC.java:1213) [hadoop-common-3.3.5.jar:?]
	at org.apache.hadoop.ipc.Server$RpcCall.run(Server.java:1089) [hadoop-common-3.3.5.jar:?]
	at org.apache.hadoop.ipc.Server$RpcCall.run(Server.java:1012) [hadoop-common-3.3.5.jar:?]
	at java.security.AccessController.doPrivileged(Native Method) ~[?:1.8.0_372]
	at javax.security.auth.Subject.doAs(Subject.java:422) [?:1.8.0_372]
	at org.apache.hadoop.security.UserGroupInformation.doAs(UserGroupInformation.java:1899) [hadoop-common-3.3.5.jar:?]
	at org.apache.hadoop.ipc.Server$Handler.run(Server.java:3026) [hadoop-common-3.3.5.jar:?]
2023-06-22 21:37:05,491 [f1abb7db-c3af-437a-bde0-e7e35204823b@group-37780319B5DD-LeaderElection15] INFO  impl.LeaderElection (LeaderElection.java:askForVotes(321)) - f1abb7db-c3af-437a-bde0-e7e35204823b@group-37780319B5DD-LeaderElection15 ELECTION round 0: submit vote requests at term 1 for -1: peers:[f1abb7db-c3af-437a-bde0-e7e35204823b|rpc:10.1.1.69:15094|admin:10.1.1.69:15093|client:10.1.1.69:15092|dataStream:10.1.1.69:15095|priority:1|startupRole:FOLLOWER]|listeners:[], old=null
2023-06-22 21:37:05,492 [Time-limited test] INFO  rpc.RpcClient (RpcClient.java:createVolume(459)) - Creating Volume: volume-16929, with runner as owner and space quota set to -1 bytes, counts quota set to -1
2023-06-22 21:37:05,493 [IPC Server handler 17 on default port 15057] INFO  volume.OMVolumeCreateRequest (OMVolumeCreateRequest.java:validateAndUpdateCache(196)) - created volume:volume-16929 for user:runner
2023-06-22 21:37:05,494 [Time-limited test] INFO  rpc.RpcClient (RpcClient.java:createBucket(686)) - Creating Bucket: volume-16929/bucket3, with bucket layout FILE_SYSTEM_OPTIMIZED, runner as owner, Versioning false, Storage Type set to DISK and Encryption set to false, Replication Type set to server-side default replication type, Namespace Quota set to -1, Space Quota set to -1 
2023-06-22 21:37:05,494 [IPC Server handler 8 on default port 15057] INFO  bucket.OMBucketCreateRequest (OMBucketCreateRequest.java:validateAndUpdateCache(270)) - created bucket: bucket3 of layout FILE_SYSTEM_OPTIMIZED in volume: volume-16929
2023-06-22 21:37:05,496 [f1abb7db-c3af-437a-bde0-e7e35204823b@group-37780319B5DD-LeaderElection15] INFO  impl.LeaderElection (LeaderElection.java:askForVotes(323)) - f1abb7db-c3af-437a-bde0-e7e35204823b@group-37780319B5DD-LeaderElection15 ELECTION round 0: result PASSED (term=1)
2023-06-22 21:37:05,496 [f1abb7db-c3af-437a-bde0-e7e35204823b@group-37780319B5DD-LeaderElection15] INFO  impl.RoleInfo (RoleInfo.java:shutdownLeaderElection(130)) - f1abb7db-c3af-437a-bde0-e7e35204823b: shutdown f1abb7db-c3af-437a-bde0-e7e35204823b@group-37780319B5DD-LeaderElection15
2023-06-22 21:37:05,496 [f1abb7db-c3af-437a-bde0-e7e35204823b@group-37780319B5DD-LeaderElection15] INFO  server.RaftServer$Division (RaftServerImpl.java:setRole(329)) - f1abb7db-c3af-437a-bde0-e7e35204823b@group-37780319B5DD: changes role from CANDIDATE to LEADER at term 1 for changeToLeader
2023-06-22 21:37:05,496 [f1abb7db-c3af-437a-bde0-e7e35204823b@group-37780319B5DD-LeaderElection15] INFO  ratis.XceiverServerRatis (XceiverServerRatis.java:handleLeaderChangedNotification(902)) - Leader change notification received for group: group-37780319B5DD with new leaderId: f1abb7db-c3af-437a-bde0-e7e35204823b
2023-06-22 21:37:05,499 [f1abb7db-c3af-437a-bde0-e7e35204823b@group-37780319B5DD-LeaderElection15] INFO  server.RaftServer$Division (ServerState.java:setLeader(317)) - f1abb7db-c3af-437a-bde0-e7e35204823b@group-37780319B5DD: change Leader from null to f1abb7db-c3af-437a-bde0-e7e35204823b at term 1 for becomeLeader, leader elected after 5074ms
2023-06-22 21:37:05,499 [f1abb7db-c3af-437a-bde0-e7e35204823b@group-37780319B5DD-LeaderElection15] INFO  server.RaftServerConfigKeys (ConfUtils.java:logGet(46)) - raft.server.staging.catchup.gap = 1000 (default)
2023-06-22 21:37:05,499 [f1abb7db-c3af-437a-bde0-e7e35204823b@group-37780319B5DD-LeaderElection15] INFO  server.RaftServerConfigKeys (ConfUtils.java:logGet(46)) - raft.server.write.element-limit = 1024 (custom)
2023-06-22 21:37:05,499 [f1abb7db-c3af-437a-bde0-e7e35204823b@group-37780319B5DD-LeaderElection15] INFO  server.RaftServerConfigKeys (ConfUtils.java:logGet(46)) - raft.server.write.byte-limit = 1024 M (=1073741824) (custom)
2023-06-22 21:37:05,499 [f1abb7db-c3af-437a-bde0-e7e35204823b@group-37780319B5DD-LeaderElection15] INFO  server.RaftServerConfigKeys (ConfUtils.java:logGet(46)) - raft.server.watch.timeout = 180s (custom)
2023-06-22 21:37:05,499 [f1abb7db-c3af-437a-bde0-e7e35204823b@group-37780319B5DD-LeaderElection15] INFO  server.RaftServerConfigKeys (ConfUtils.java:logGet(46)) - raft.server.watch.timeout.denomination = 1s (default)
2023-06-22 21:37:05,499 [f1abb7db-c3af-437a-bde0-e7e35204823b@group-37780319B5DD-LeaderElection15] INFO  server.RaftServerConfigKeys (ConfUtils.java:logGet(46)) - raft.server.watch.element-limit = 65536 (default)
2023-06-22 21:37:05,507 [f1abb7db-c3af-437a-bde0-e7e35204823b@group-37780319B5DD-LeaderElection15] INFO  server.RaftServerConfigKeys (ConfUtils.java:logGet(46)) - raft.server.write.element-limit = 1024 (custom)
2023-06-22 21:37:05,513 [f1abb7db-c3af-437a-bde0-e7e35204823b@group-37780319B5DD-LeaderElection15] INFO  server.RaftServerConfigKeys (ConfUtils.java:logGet(46)) - raft.server.write.follower.gap.ratio.max = -1.0 (default)
2023-06-22 21:37:05,513 [f1abb7db-c3af-437a-bde0-e7e35204823b@group-37780319B5DD-LeaderElection15] INFO  impl.RoleInfo (RoleInfo.java:updateAndGet(139)) - f1abb7db-c3af-437a-bde0-e7e35204823b: start f1abb7db-c3af-437a-bde0-e7e35204823b@group-37780319B5DD-LeaderStateImpl
2023-06-22 21:37:05,514 [f1abb7db-c3af-437a-bde0-e7e35204823b@group-37780319B5DD-LeaderElection15] INFO  segmented.SegmentedRaftLogWorker (SegmentedRaftLogWorker.java:startLogSegment(447)) - f1abb7db-c3af-437a-bde0-e7e35204823b@group-37780319B5DD-SegmentedRaftLogWorker: Starting segment from index:0
2023-06-22 21:37:05,514 [f1abb7db-c3af-437a-bde0-e7e35204823b@group-37780319B5DD-LeaderElection15] INFO  server.RaftServer$Division (ServerState.java:setRaftConf(434)) - f1abb7db-c3af-437a-bde0-e7e35204823b@group-37780319B5DD: set configuration 0: peers:[f1abb7db-c3af-437a-bde0-e7e35204823b|rpc:10.1.1.69:15094|admin:10.1.1.69:15093|client:10.1.1.69:15092|dataStream:10.1.1.69:15095|priority:1|startupRole:FOLLOWER]|listeners:[], old=null
2023-06-22 21:37:05,521 [IPC Server handler 1 on default port 15054] INFO  ha.SequenceIdGenerator (SequenceIdGenerator.java:getNextId(128)) - Allocate a batch for containerId, change lastId from 0 to 1000.
2023-06-22 21:37:05,522 [IPC Server handler 1 on default port 15054] WARN  ha.SequenceIdGenerator (SequenceIdGenerator.java:allocateBatch(237)) - Failed to allocate a batch for localId, expected lastId is 0, actual lastId is 111677748019200000.
2023-06-22 21:37:05,523 [IPC Server handler 1 on default port 15054] INFO  ha.SequenceIdGenerator (SequenceIdGenerator.java:getNextId(128)) - Allocate a batch for localId, change lastId from 111677748019200000 to 111677748019201000.
2023-06-22 21:37:05,522 [f1abb7db-c3af-437a-bde0-e7e35204823b@group-37780319B5DD-SegmentedRaftLogWorker] INFO  segmented.SegmentedRaftLogWorker (SegmentedRaftLogWorker.java:execute(651)) - f1abb7db-c3af-437a-bde0-e7e35204823b@group-37780319B5DD-SegmentedRaftLogWorker: created new log segment /home/runner/work/ozone/ozone/hadoop-ozone/integration-test/target/test-dir/MiniOzoneClusterImpl-9e90c1de-1c56-491c-b259-3d04922b55fd/datanode-3/data/ratis/1e8147a8-a369-4cb1-8a00-37780319b5dd/current/log_inprogress_0
]]></system-out>
  </testcase>
  <testcase name="testRenameDirToItsOwnSubDir" classname="TestRootedOzoneFileSystemWithFSO" time="0.116">
    <system-out><![CDATA[2023-06-22 21:35:23,042 [Time-limited test] INFO  rpc.RpcClient (RpcClient.java:createVolume(459)) - Creating Volume: volume52825, with user99950 as owner and space quota set to -1 bytes, counts quota set to -1
2023-06-22 21:35:23,047 [OM StateMachine ApplyTransaction Thread - 0] INFO  volume.OMVolumeCreateRequest (OMVolumeCreateRequest.java:validateAndUpdateCache(196)) - created volume:volume52825 for user:user99950
2023-06-22 21:35:23,053 [Time-limited test] INFO  rpc.RpcClient (RpcClient.java:createBucket(686)) - Creating Bucket: volume52825/bucket92860, with bucket layout FILE_SYSTEM_OPTIMIZED, runner as owner, Versioning false, Storage Type set to DISK and Encryption set to false, Replication Type set to server-side default replication type, Namespace Quota set to -1, Space Quota set to -1 
2023-06-22 21:35:23,056 [OM StateMachine ApplyTransaction Thread - 0] INFO  bucket.OMBucketCreateRequest (OMBucketCreateRequest.java:validateAndUpdateCache(270)) - created bucket: bucket92860 of layout FILE_SYSTEM_OPTIMIZED in volume: volume52825
2023-06-22 21:35:23,073 [Time-limited test] INFO  ozone.TestRootedOzoneFileSystemWithFSO (TestRootedOzoneFileSystemWithFSO.java:testRenameDirToItsOwnSubDir(188)) - Created dir1 /volume52825/bucket92860/root/dir1/sub_dir1
2023-06-22 21:35:23,074 [Time-limited test] INFO  ozone.TestRootedOzoneFileSystemWithFSO (TestRootedOzoneFileSystemWithFSO.java:testRenameDirToItsOwnSubDir(189)) - Rename op-> source:/volume52825/bucket92860/root to destin:/volume52825/bucket92860/root/dir1/sub_dir1
21:35:23.081 [OM StateMachine ApplyTransaction Thread - 0] ERROR OMAudit - user=runner | ip=127.0.0.1 | op=RENAME_KEY {volume=volume52825, bucket=bucket92860, dataSize=0, replicationType=NONE, replicationFactor=ZERO, srcKey=root, dstKey=root/dir1/sub_dir1} | ret=FAILURE
org.apache.hadoop.ozone.om.exceptions.OMException: Cannot rename a directory to its own subdirectory
	at org.apache.hadoop.ozone.om.request.file.OMFileRequest.verifyToDirIsASubDirOfFromDirectory(OMFileRequest.java:783) ~[ozone-manager-1.4.0-SNAPSHOT.jar:?]
	at org.apache.hadoop.ozone.om.request.key.OMKeyRenameRequestWithFSO.validateAndUpdateCache(OMKeyRenameRequestWithFSO.java:159) ~[ozone-manager-1.4.0-SNAPSHOT.jar:?]
	at org.apache.hadoop.ozone.protocolPB.OzoneManagerRequestHandler.handleWriteRequest(OzoneManagerRequestHandler.java:352) ~[ozone-manager-1.4.0-SNAPSHOT.jar:?]
	at org.apache.hadoop.ozone.om.ratis.OzoneManagerStateMachine.runCommand(OzoneManagerStateMachine.java:567) ~[ozone-manager-1.4.0-SNAPSHOT.jar:?]
	at org.apache.hadoop.ozone.om.ratis.OzoneManagerStateMachine.lambda$1(OzoneManagerStateMachine.java:358) ~[ozone-manager-1.4.0-SNAPSHOT.jar:?]
	at java.util.concurrent.CompletableFuture$AsyncSupply.run(CompletableFuture.java:1604) [?:1.8.0_372]
	at java.util.concurrent.ThreadPoolExecutor.runWorker(ThreadPoolExecutor.java:1149) [?:1.8.0_372]
	at java.util.concurrent.ThreadPoolExecutor$Worker.run(ThreadPoolExecutor.java:624) [?:1.8.0_372]
	at java.lang.Thread.run(Thread.java:750) [?:1.8.0_372]
2023-06-22 21:35:23,082 [OM StateMachine ApplyTransaction Thread - 0] ERROR key.OMKeyRenameRequestWithFSO (OMKeyRenameRequestWithFSO.java:validateAndUpdateCache(250)) - Rename key failed for volume:volume52825 bucket:bucket92860 fromKey:root toKey:root/dir1/sub_dir1. Exception: Cannot rename a directory to its own subdirectory.
2023-06-22 21:35:23,083 [Time-limited test] ERROR ozone.BasicRootedOzoneFileSystem (BasicRootedOzoneFileSystem.java:renameFSO(471)) - rename key failed: Cannot rename a directory to its own subdirectory. source:volume52825/bucket92860/root, destin:volume52825/bucket92860/root/dir1/sub_dir1
]]></system-out>
  </testcase>
  <testcase name="testRenameDirToItsOwnSubDir" classname="TestRootedOzoneFileSystemWithFSO" time="0.034">
    <system-out><![CDATA[2023-06-22 21:37:05,973 [Time-limited test] INFO  rpc.RpcClient (RpcClient.java:createVolume(459)) - Creating Volume: volume88255, with user46971 as owner and space quota set to -1 bytes, counts quota set to -1
2023-06-22 21:37:05,976 [IPC Server handler 12 on default port 15057] INFO  volume.OMVolumeCreateRequest (OMVolumeCreateRequest.java:validateAndUpdateCache(196)) - created volume:volume88255 for user:user46971
2023-06-22 21:37:05,977 [Time-limited test] INFO  rpc.RpcClient (RpcClient.java:createBucket(686)) - Creating Bucket: volume88255/bucket17822, with bucket layout FILE_SYSTEM_OPTIMIZED, runner as owner, Versioning false, Storage Type set to DISK and Encryption set to false, Replication Type set to server-side default replication type, Namespace Quota set to -1, Space Quota set to -1 
2023-06-22 21:37:05,978 [IPC Server handler 10 on default port 15057] INFO  bucket.OMBucketCreateRequest (OMBucketCreateRequest.java:validateAndUpdateCache(270)) - created bucket: bucket17822 of layout FILE_SYSTEM_OPTIMIZED in volume: volume88255
2023-06-22 21:37:05,981 [Time-limited test] INFO  ozone.TestRootedOzoneFileSystemWithFSO (TestRootedOzoneFileSystemWithFSO.java:testRenameDirToItsOwnSubDir(188)) - Created dir1 /volume88255/bucket17822/root/dir1/sub_dir1
2023-06-22 21:37:05,981 [Time-limited test] INFO  ozone.TestRootedOzoneFileSystemWithFSO (TestRootedOzoneFileSystemWithFSO.java:testRenameDirToItsOwnSubDir(189)) - Rename op-> source:/volume88255/bucket17822/root to destin:/volume88255/bucket17822/root/dir1/sub_dir1
21:37:05.982 [IPC Server handler 14 on default port 15057] ERROR OMAudit - user=runner | ip=127.0.0.1 | op=RENAME_KEY {volume=volume88255, bucket=bucket17822, dataSize=0, replicationType=NONE, replicationFactor=ZERO, srcKey=root, dstKey=root/dir1/sub_dir1} | ret=FAILURE
org.apache.hadoop.ozone.om.exceptions.OMException: Cannot rename a directory to its own subdirectory
	at org.apache.hadoop.ozone.om.request.file.OMFileRequest.verifyToDirIsASubDirOfFromDirectory(OMFileRequest.java:783) ~[ozone-manager-1.4.0-SNAPSHOT.jar:?]
	at org.apache.hadoop.ozone.om.request.key.OMKeyRenameRequestWithFSO.validateAndUpdateCache(OMKeyRenameRequestWithFSO.java:159) ~[ozone-manager-1.4.0-SNAPSHOT.jar:?]
	at org.apache.hadoop.ozone.protocolPB.OzoneManagerRequestHandler.handleWriteRequest(OzoneManagerRequestHandler.java:352) ~[ozone-manager-1.4.0-SNAPSHOT.jar:?]
	at org.apache.hadoop.ozone.protocolPB.OzoneManagerProtocolServerSideTranslatorPB.submitRequestDirectlyToOM(OzoneManagerProtocolServerSideTranslatorPB.java:278) ~[ozone-manager-1.4.0-SNAPSHOT.jar:?]
	at org.apache.hadoop.ozone.protocolPB.OzoneManagerProtocolServerSideTranslatorPB.processRequest(OzoneManagerProtocolServerSideTranslatorPB.java:173) ~[ozone-manager-1.4.0-SNAPSHOT.jar:?]
	at org.apache.hadoop.hdds.server.OzoneProtocolMessageDispatcher.processRequest(OzoneProtocolMessageDispatcher.java:87) [hdds-server-framework-1.4.0-SNAPSHOT.jar:?]
	at org.apache.hadoop.ozone.protocolPB.OzoneManagerProtocolServerSideTranslatorPB.submitRequest(OzoneManagerProtocolServerSideTranslatorPB.java:147) [ozone-manager-1.4.0-SNAPSHOT.jar:?]
	at org.apache.hadoop.ozone.protocol.proto.OzoneManagerProtocolProtos$OzoneManagerService$2.callBlockingMethod(OzoneManagerProtocolProtos.java) [ozone-interface-client-1.4.0-SNAPSHOT.jar:?]
	at org.apache.hadoop.ipc.ProtobufRpcEngine$Server.processCall(ProtobufRpcEngine.java:484) [hadoop-common-3.3.5.jar:?]
	at org.apache.hadoop.ipc.ProtobufRpcEngine2$Server$ProtoBufRpcInvoker.call(ProtobufRpcEngine2.java:595) [hadoop-common-3.3.5.jar:?]
	at org.apache.hadoop.ipc.ProtobufRpcEngine2$Server$ProtoBufRpcInvoker.call(ProtobufRpcEngine2.java:573) [hadoop-common-3.3.5.jar:?]
	at org.apache.hadoop.ipc.RPC$Server.call(RPC.java:1213) [hadoop-common-3.3.5.jar:?]
	at org.apache.hadoop.ipc.Server$RpcCall.run(Server.java:1089) [hadoop-common-3.3.5.jar:?]
	at org.apache.hadoop.ipc.Server$RpcCall.run(Server.java:1012) [hadoop-common-3.3.5.jar:?]
	at java.security.AccessController.doPrivileged(Native Method) ~[?:1.8.0_372]
	at javax.security.auth.Subject.doAs(Subject.java:422) [?:1.8.0_372]
	at org.apache.hadoop.security.UserGroupInformation.doAs(UserGroupInformation.java:1899) [hadoop-common-3.3.5.jar:?]
	at org.apache.hadoop.ipc.Server$Handler.run(Server.java:3026) [hadoop-common-3.3.5.jar:?]
2023-06-22 21:37:05,983 [IPC Server handler 14 on default port 15057] ERROR key.OMKeyRenameRequestWithFSO (OMKeyRenameRequestWithFSO.java:validateAndUpdateCache(250)) - Rename key failed for volume:volume88255 bucket:bucket17822 fromKey:root toKey:root/dir1/sub_dir1. Exception: Cannot rename a directory to its own subdirectory.
2023-06-22 21:37:05,983 [Time-limited test] ERROR ozone.BasicRootedOzoneFileSystem (BasicRootedOzoneFileSystem.java:renameFSO(471)) - rename key failed: Cannot rename a directory to its own subdirectory. source:volume88255/bucket17822/root, destin:volume88255/bucket17822/root/dir1/sub_dir1
]]></system-out>
  </testcase>
  <testcase name="testKeyRenameToBucketLevel" classname="TestRootedOzoneFileSystemWithFSO" time="0.107">
    <system-out><![CDATA[2023-06-22 21:35:23,154 [Time-limited test] INFO  rpc.RpcClient (RpcClient.java:createVolume(459)) - Creating Volume: volume65061, with user75429 as owner and space quota set to -1 bytes, counts quota set to -1
2023-06-22 21:35:23,163 [OM StateMachine ApplyTransaction Thread - 0] INFO  volume.OMVolumeCreateRequest (OMVolumeCreateRequest.java:validateAndUpdateCache(196)) - created volume:volume65061 for user:user75429
2023-06-22 21:35:23,166 [Time-limited test] INFO  rpc.RpcClient (RpcClient.java:createBucket(686)) - Creating Bucket: volume65061/bucket63920, with bucket layout FILE_SYSTEM_OPTIMIZED, runner as owner, Versioning false, Storage Type set to DISK and Encryption set to false, Replication Type set to server-side default replication type, Namespace Quota set to -1, Space Quota set to -1 
2023-06-22 21:35:23,172 [OM StateMachine ApplyTransaction Thread - 0] INFO  bucket.OMBucketCreateRequest (OMBucketCreateRequest.java:validateAndUpdateCache(270)) - created bucket: bucket63920 of layout FILE_SYSTEM_OPTIMIZED in volume: volume65061
2023-06-22 21:35:23,182 [Time-limited test] INFO  ozone.TestRootedOzoneFileSystemWithFSO (TestRootedOzoneFileSystemWithFSO.java:testKeyRenameToBucketLevel(147)) - Will move /volume65061/bucket63920/dir1/key1 to /volume65061/bucket63920
]]></system-out>
  </testcase>
  <testcase name="testKeyRenameToBucketLevel" classname="TestRootedOzoneFileSystemWithFSO" time="0.044">
    <system-out><![CDATA[2023-06-22 21:37:06,014 [Time-limited test] INFO  rpc.RpcClient (RpcClient.java:createVolume(459)) - Creating Volume: volume22144, with user87185 as owner and space quota set to -1 bytes, counts quota set to -1
2023-06-22 21:37:06,017 [IPC Server handler 19 on default port 15057] INFO  volume.OMVolumeCreateRequest (OMVolumeCreateRequest.java:validateAndUpdateCache(196)) - created volume:volume22144 for user:user87185
2023-06-22 21:37:06,018 [Time-limited test] INFO  rpc.RpcClient (RpcClient.java:createBucket(686)) - Creating Bucket: volume22144/bucket33963, with bucket layout FILE_SYSTEM_OPTIMIZED, runner as owner, Versioning false, Storage Type set to DISK and Encryption set to false, Replication Type set to server-side default replication type, Namespace Quota set to -1, Space Quota set to -1 
2023-06-22 21:37:06,018 [IPC Server handler 16 on default port 15057] INFO  bucket.OMBucketCreateRequest (OMBucketCreateRequest.java:validateAndUpdateCache(270)) - created bucket: bucket33963 of layout FILE_SYSTEM_OPTIMIZED in volume: volume22144
2023-06-22 21:37:06,021 [Time-limited test] INFO  ozone.TestRootedOzoneFileSystemWithFSO (TestRootedOzoneFileSystemWithFSO.java:testKeyRenameToBucketLevel(147)) - Will move /volume22144/bucket33963/dir1/key1 to /volume22144/bucket33963
]]></system-out>
  </testcase>
  <testcase name="testOzoneFsServiceLoader" classname="TestRootedOzoneFileSystemWithFSO" time="0">
    <skipped message="HDDS-2939"/>
  </testcase>
  <testcase name="testOzoneFsServiceLoader" classname="TestRootedOzoneFileSystemWithFSO" time="0">
    <skipped message="HDDS-2939"/>
  </testcase>
  <testcase name="testRenameDestinationParentDoesntExist" classname="TestRootedOzoneFileSystemWithFSO" time="0.142">
    <system-out><![CDATA[2023-06-22 21:35:23,264 [Time-limited test] INFO  rpc.RpcClient (RpcClient.java:createVolume(459)) - Creating Volume: volume67120, with user06105 as owner and space quota set to -1 bytes, counts quota set to -1
2023-06-22 21:35:23,269 [OM StateMachine ApplyTransaction Thread - 0] INFO  volume.OMVolumeCreateRequest (OMVolumeCreateRequest.java:validateAndUpdateCache(196)) - created volume:volume67120 for user:user06105
2023-06-22 21:35:23,272 [Time-limited test] INFO  rpc.RpcClient (RpcClient.java:createBucket(686)) - Creating Bucket: volume67120/bucket58285, with bucket layout FILE_SYSTEM_OPTIMIZED, runner as owner, Versioning false, Storage Type set to DISK and Encryption set to false, Replication Type set to server-side default replication type, Namespace Quota set to -1, Space Quota set to -1 
2023-06-22 21:35:23,275 [OM StateMachine ApplyTransaction Thread - 0] INFO  bucket.OMBucketCreateRequest (OMBucketCreateRequest.java:validateAndUpdateCache(270)) - created bucket: bucket58285 of layout FILE_SYSTEM_OPTIMIZED in volume: volume67120
21:35:23.300 [OM StateMachine ApplyTransaction Thread - 0] ERROR OMAudit - user=runner | ip=127.0.0.1 | op=RENAME_KEY {volume=volume67120, bucket=bucket58285, dataSize=0, replicationType=NONE, replicationFactor=ZERO, srcKey=root_dir/dir1/dir2, dstKey=root_dir/b/c} | ret=FAILURE
org.apache.hadoop.ozone.om.exceptions.OMException: Failed to get parent dir root_dir/b/c, root_dir/b doesn't exist
	at org.apache.hadoop.ozone.om.request.file.OMFileRequest.getKeyParentDir(OMFileRequest.java:822) ~[ozone-manager-1.4.0-SNAPSHOT.jar:?]
	at org.apache.hadoop.ozone.om.request.key.OMKeyRenameRequestWithFSO.validateAndUpdateCache(OMKeyRenameRequestWithFSO.java:216) ~[ozone-manager-1.4.0-SNAPSHOT.jar:?]
	at org.apache.hadoop.ozone.protocolPB.OzoneManagerRequestHandler.handleWriteRequest(OzoneManagerRequestHandler.java:352) ~[ozone-manager-1.4.0-SNAPSHOT.jar:?]
	at org.apache.hadoop.ozone.om.ratis.OzoneManagerStateMachine.runCommand(OzoneManagerStateMachine.java:567) ~[ozone-manager-1.4.0-SNAPSHOT.jar:?]
	at org.apache.hadoop.ozone.om.ratis.OzoneManagerStateMachine.lambda$1(OzoneManagerStateMachine.java:358) ~[ozone-manager-1.4.0-SNAPSHOT.jar:?]
	at java.util.concurrent.CompletableFuture$AsyncSupply.run(CompletableFuture.java:1604) [?:1.8.0_372]
	at java.util.concurrent.ThreadPoolExecutor.runWorker(ThreadPoolExecutor.java:1149) [?:1.8.0_372]
	at java.util.concurrent.ThreadPoolExecutor$Worker.run(ThreadPoolExecutor.java:624) [?:1.8.0_372]
	at java.lang.Thread.run(Thread.java:750) [?:1.8.0_372]
2023-06-22 21:35:23,300 [OM StateMachine ApplyTransaction Thread - 0] ERROR key.OMKeyRenameRequestWithFSO (OMKeyRenameRequestWithFSO.java:validateAndUpdateCache(250)) - Rename key failed for volume:volume67120 bucket:bucket58285 fromKey:root_dir/dir1/dir2 toKey:root_dir/b/c. Exception: Failed to get parent dir root_dir/b/c, root_dir/b doesn't exist.
2023-06-22 21:35:23,301 [Time-limited test] ERROR ozone.BasicRootedOzoneFileSystem (BasicRootedOzoneFileSystem.java:renameFSO(471)) - rename key failed: Failed to get parent dir root_dir/b/c, root_dir/b doesn't exist. source:volume67120/bucket58285/root_dir/dir1/dir2, destin:volume67120/bucket58285/root_dir/b/c
21:35:23.340 [OM StateMachine ApplyTransaction Thread - 0] ERROR OMAudit - user=runner | ip=127.0.0.1 | op=RENAME_KEY {volume=volume67120, bucket=bucket58285, dataSize=0, replicationType=NONE, replicationFactor=ZERO, srcKey=root_dir/dir1/dir2, dstKey=root_dir/file1/c} | ret=FAILURE
org.apache.hadoop.ozone.om.exceptions.OMException: Failed to get parent dir root_dir/file1/c, root_dir/file1 is a file
	at org.apache.hadoop.ozone.om.request.file.OMFileRequest.getKeyParentDir(OMFileRequest.java:827) ~[ozone-manager-1.4.0-SNAPSHOT.jar:?]
	at org.apache.hadoop.ozone.om.request.key.OMKeyRenameRequestWithFSO.validateAndUpdateCache(OMKeyRenameRequestWithFSO.java:216) ~[ozone-manager-1.4.0-SNAPSHOT.jar:?]
	at org.apache.hadoop.ozone.protocolPB.OzoneManagerRequestHandler.handleWriteRequest(OzoneManagerRequestHandler.java:352) ~[ozone-manager-1.4.0-SNAPSHOT.jar:?]
	at org.apache.hadoop.ozone.om.ratis.OzoneManagerStateMachine.runCommand(OzoneManagerStateMachine.java:567) ~[ozone-manager-1.4.0-SNAPSHOT.jar:?]
	at org.apache.hadoop.ozone.om.ratis.OzoneManagerStateMachine.lambda$1(OzoneManagerStateMachine.java:358) ~[ozone-manager-1.4.0-SNAPSHOT.jar:?]
	at java.util.concurrent.CompletableFuture$AsyncSupply.run(CompletableFuture.java:1604) [?:1.8.0_372]
	at java.util.concurrent.ThreadPoolExecutor.runWorker(ThreadPoolExecutor.java:1149) [?:1.8.0_372]
	at java.util.concurrent.ThreadPoolExecutor$Worker.run(ThreadPoolExecutor.java:624) [?:1.8.0_372]
	at java.lang.Thread.run(Thread.java:750) [?:1.8.0_372]
2023-06-22 21:35:23,340 [OM StateMachine ApplyTransaction Thread - 0] ERROR key.OMKeyRenameRequestWithFSO (OMKeyRenameRequestWithFSO.java:validateAndUpdateCache(250)) - Rename key failed for volume:volume67120 bucket:bucket58285 fromKey:root_dir/dir1/dir2 toKey:root_dir/file1/c. Exception: Failed to get parent dir root_dir/file1/c, root_dir/file1 is a file.
2023-06-22 21:35:23,341 [Time-limited test] ERROR ozone.BasicRootedOzoneFileSystem (BasicRootedOzoneFileSystem.java:renameFSO(471)) - rename key failed: Failed to get parent dir root_dir/file1/c, root_dir/file1 is a file. source:volume67120/bucket58285/root_dir/dir1/dir2, destin:volume67120/bucket58285/root_dir/file1/c
]]></system-out>
  </testcase>
  <testcase name="testRenameDestinationParentDoesntExist" classname="TestRootedOzoneFileSystemWithFSO" time="0.056">
    <system-out><![CDATA[2023-06-22 21:37:06,060 [Time-limited test] INFO  rpc.RpcClient (RpcClient.java:createVolume(459)) - Creating Volume: volume93240, with user36823 as owner and space quota set to -1 bytes, counts quota set to -1
2023-06-22 21:37:06,062 [IPC Server handler 3 on default port 15057] INFO  volume.OMVolumeCreateRequest (OMVolumeCreateRequest.java:validateAndUpdateCache(196)) - created volume:volume93240 for user:user36823
2023-06-22 21:37:06,063 [Time-limited test] INFO  rpc.RpcClient (RpcClient.java:createBucket(686)) - Creating Bucket: volume93240/bucket68382, with bucket layout FILE_SYSTEM_OPTIMIZED, runner as owner, Versioning false, Storage Type set to DISK and Encryption set to false, Replication Type set to server-side default replication type, Namespace Quota set to -1, Space Quota set to -1 
2023-06-22 21:37:06,063 [IPC Server handler 12 on default port 15057] INFO  bucket.OMBucketCreateRequest (OMBucketCreateRequest.java:validateAndUpdateCache(270)) - created bucket: bucket68382 of layout FILE_SYSTEM_OPTIMIZED in volume: volume93240
21:37:06.069 [IPC Server handler 2 on default port 15057] ERROR OMAudit - user=runner | ip=127.0.0.1 | op=RENAME_KEY {volume=volume93240, bucket=bucket68382, dataSize=0, replicationType=NONE, replicationFactor=ZERO, srcKey=root_dir/dir1/dir2, dstKey=root_dir/b/c} | ret=FAILURE
org.apache.hadoop.ozone.om.exceptions.OMException: Failed to get parent dir root_dir/b/c, root_dir/b doesn't exist
	at org.apache.hadoop.ozone.om.request.file.OMFileRequest.getKeyParentDir(OMFileRequest.java:822) ~[ozone-manager-1.4.0-SNAPSHOT.jar:?]
	at org.apache.hadoop.ozone.om.request.key.OMKeyRenameRequestWithFSO.validateAndUpdateCache(OMKeyRenameRequestWithFSO.java:216) ~[ozone-manager-1.4.0-SNAPSHOT.jar:?]
	at org.apache.hadoop.ozone.protocolPB.OzoneManagerRequestHandler.handleWriteRequest(OzoneManagerRequestHandler.java:352) ~[ozone-manager-1.4.0-SNAPSHOT.jar:?]
	at org.apache.hadoop.ozone.protocolPB.OzoneManagerProtocolServerSideTranslatorPB.submitRequestDirectlyToOM(OzoneManagerProtocolServerSideTranslatorPB.java:278) ~[ozone-manager-1.4.0-SNAPSHOT.jar:?]
	at org.apache.hadoop.ozone.protocolPB.OzoneManagerProtocolServerSideTranslatorPB.processRequest(OzoneManagerProtocolServerSideTranslatorPB.java:173) ~[ozone-manager-1.4.0-SNAPSHOT.jar:?]
	at org.apache.hadoop.hdds.server.OzoneProtocolMessageDispatcher.processRequest(OzoneProtocolMessageDispatcher.java:87) [hdds-server-framework-1.4.0-SNAPSHOT.jar:?]
	at org.apache.hadoop.ozone.protocolPB.OzoneManagerProtocolServerSideTranslatorPB.submitRequest(OzoneManagerProtocolServerSideTranslatorPB.java:147) [ozone-manager-1.4.0-SNAPSHOT.jar:?]
	at org.apache.hadoop.ozone.protocol.proto.OzoneManagerProtocolProtos$OzoneManagerService$2.callBlockingMethod(OzoneManagerProtocolProtos.java) [ozone-interface-client-1.4.0-SNAPSHOT.jar:?]
	at org.apache.hadoop.ipc.ProtobufRpcEngine$Server.processCall(ProtobufRpcEngine.java:484) [hadoop-common-3.3.5.jar:?]
	at org.apache.hadoop.ipc.ProtobufRpcEngine2$Server$ProtoBufRpcInvoker.call(ProtobufRpcEngine2.java:595) [hadoop-common-3.3.5.jar:?]
	at org.apache.hadoop.ipc.ProtobufRpcEngine2$Server$ProtoBufRpcInvoker.call(ProtobufRpcEngine2.java:573) [hadoop-common-3.3.5.jar:?]
	at org.apache.hadoop.ipc.RPC$Server.call(RPC.java:1213) [hadoop-common-3.3.5.jar:?]
	at org.apache.hadoop.ipc.Server$RpcCall.run(Server.java:1089) [hadoop-common-3.3.5.jar:?]
	at org.apache.hadoop.ipc.Server$RpcCall.run(Server.java:1012) [hadoop-common-3.3.5.jar:?]
	at java.security.AccessController.doPrivileged(Native Method) ~[?:1.8.0_372]
	at javax.security.auth.Subject.doAs(Subject.java:422) [?:1.8.0_372]
	at org.apache.hadoop.security.UserGroupInformation.doAs(UserGroupInformation.java:1899) [hadoop-common-3.3.5.jar:?]
	at org.apache.hadoop.ipc.Server$Handler.run(Server.java:3026) [hadoop-common-3.3.5.jar:?]
2023-06-22 21:37:06,070 [IPC Server handler 2 on default port 15057] ERROR key.OMKeyRenameRequestWithFSO (OMKeyRenameRequestWithFSO.java:validateAndUpdateCache(250)) - Rename key failed for volume:volume93240 bucket:bucket68382 fromKey:root_dir/dir1/dir2 toKey:root_dir/b/c. Exception: Failed to get parent dir root_dir/b/c, root_dir/b doesn't exist.
2023-06-22 21:37:06,072 [Time-limited test] ERROR ozone.BasicRootedOzoneFileSystem (BasicRootedOzoneFileSystem.java:renameFSO(471)) - rename key failed: Failed to get parent dir root_dir/b/c, root_dir/b doesn't exist. source:volume93240/bucket68382/root_dir/dir1/dir2, destin:volume93240/bucket68382/root_dir/b/c
21:37:06.079 [IPC Server handler 19 on default port 15057] ERROR OMAudit - user=runner | ip=127.0.0.1 | op=RENAME_KEY {volume=volume93240, bucket=bucket68382, dataSize=0, replicationType=NONE, replicationFactor=ZERO, srcKey=root_dir/dir1/dir2, dstKey=root_dir/file1/c} | ret=FAILURE
org.apache.hadoop.ozone.om.exceptions.OMException: Failed to get parent dir root_dir/file1/c, root_dir/file1 is a file
	at org.apache.hadoop.ozone.om.request.file.OMFileRequest.getKeyParentDir(OMFileRequest.java:827) ~[ozone-manager-1.4.0-SNAPSHOT.jar:?]
	at org.apache.hadoop.ozone.om.request.key.OMKeyRenameRequestWithFSO.validateAndUpdateCache(OMKeyRenameRequestWithFSO.java:216) ~[ozone-manager-1.4.0-SNAPSHOT.jar:?]
	at org.apache.hadoop.ozone.protocolPB.OzoneManagerRequestHandler.handleWriteRequest(OzoneManagerRequestHandler.java:352) ~[ozone-manager-1.4.0-SNAPSHOT.jar:?]
	at org.apache.hadoop.ozone.protocolPB.OzoneManagerProtocolServerSideTranslatorPB.submitRequestDirectlyToOM(OzoneManagerProtocolServerSideTranslatorPB.java:278) ~[ozone-manager-1.4.0-SNAPSHOT.jar:?]
	at org.apache.hadoop.ozone.protocolPB.OzoneManagerProtocolServerSideTranslatorPB.processRequest(OzoneManagerProtocolServerSideTranslatorPB.java:173) ~[ozone-manager-1.4.0-SNAPSHOT.jar:?]
	at org.apache.hadoop.hdds.server.OzoneProtocolMessageDispatcher.processRequest(OzoneProtocolMessageDispatcher.java:87) [hdds-server-framework-1.4.0-SNAPSHOT.jar:?]
	at org.apache.hadoop.ozone.protocolPB.OzoneManagerProtocolServerSideTranslatorPB.submitRequest(OzoneManagerProtocolServerSideTranslatorPB.java:147) [ozone-manager-1.4.0-SNAPSHOT.jar:?]
	at org.apache.hadoop.ozone.protocol.proto.OzoneManagerProtocolProtos$OzoneManagerService$2.callBlockingMethod(OzoneManagerProtocolProtos.java) [ozone-interface-client-1.4.0-SNAPSHOT.jar:?]
	at org.apache.hadoop.ipc.ProtobufRpcEngine$Server.processCall(ProtobufRpcEngine.java:484) [hadoop-common-3.3.5.jar:?]
	at org.apache.hadoop.ipc.ProtobufRpcEngine2$Server$ProtoBufRpcInvoker.call(ProtobufRpcEngine2.java:595) [hadoop-common-3.3.5.jar:?]
	at org.apache.hadoop.ipc.ProtobufRpcEngine2$Server$ProtoBufRpcInvoker.call(ProtobufRpcEngine2.java:573) [hadoop-common-3.3.5.jar:?]
	at org.apache.hadoop.ipc.RPC$Server.call(RPC.java:1213) [hadoop-common-3.3.5.jar:?]
	at org.apache.hadoop.ipc.Server$RpcCall.run(Server.java:1089) [hadoop-common-3.3.5.jar:?]
	at org.apache.hadoop.ipc.Server$RpcCall.run(Server.java:1012) [hadoop-common-3.3.5.jar:?]
	at java.security.AccessController.doPrivileged(Native Method) ~[?:1.8.0_372]
	at javax.security.auth.Subject.doAs(Subject.java:422) [?:1.8.0_372]
	at org.apache.hadoop.security.UserGroupInformation.doAs(UserGroupInformation.java:1899) [hadoop-common-3.3.5.jar:?]
	at org.apache.hadoop.ipc.Server$Handler.run(Server.java:3026) [hadoop-common-3.3.5.jar:?]
2023-06-22 21:37:06,080 [IPC Server handler 19 on default port 15057] ERROR key.OMKeyRenameRequestWithFSO (OMKeyRenameRequestWithFSO.java:validateAndUpdateCache(250)) - Rename key failed for volume:volume93240 bucket:bucket68382 fromKey:root_dir/dir1/dir2 toKey:root_dir/file1/c. Exception: Failed to get parent dir root_dir/file1/c, root_dir/file1 is a file.
2023-06-22 21:37:06,080 [Time-limited test] ERROR ozone.BasicRootedOzoneFileSystem (BasicRootedOzoneFileSystem.java:renameFSO(471)) - rename key failed: Failed to get parent dir root_dir/file1/c, root_dir/file1 is a file. source:volume93240/bucket68382/root_dir/dir1/dir2, destin:volume93240/bucket68382/root_dir/file1/c
]]></system-out>
  </testcase>
  <testcase name="testCreateWithInvalidPaths" classname="TestRootedOzoneFileSystemWithFSO" time="0">
    <skipped message="HDDS-2939"/>
  </testcase>
  <testcase name="testCreateWithInvalidPaths" classname="TestRootedOzoneFileSystemWithFSO" time="0">
    <skipped message="HDDS-2939"/>
  </testcase>
  <testcase name="testListStatusFSO" classname="TestRootedOzoneFileSystemWithFSO" time="16.738">
    <system-out><![CDATA[2023-06-22 21:35:23,404 [Time-limited test] INFO  rpc.RpcClient (RpcClient.java:createVolume(459)) - Creating Volume: volume15660, with user24149 as owner and space quota set to -1 bytes, counts quota set to -1
2023-06-22 21:35:23,415 [OM StateMachine ApplyTransaction Thread - 0] INFO  volume.OMVolumeCreateRequest (OMVolumeCreateRequest.java:validateAndUpdateCache(196)) - created volume:volume15660 for user:user24149
2023-06-22 21:35:23,419 [Time-limited test] INFO  rpc.RpcClient (RpcClient.java:createBucket(686)) - Creating Bucket: volume15660/bucket03785, with bucket layout FILE_SYSTEM_OPTIMIZED, runner as owner, Versioning false, Storage Type set to DISK and Encryption set to false, Replication Type set to server-side default replication type, Namespace Quota set to -1, Space Quota set to -1 
2023-06-22 21:35:23,422 [OM StateMachine ApplyTransaction Thread - 0] INFO  bucket.OMBucketCreateRequest (OMBucketCreateRequest.java:validateAndUpdateCache(270)) - created bucket: bucket03785 of layout FILE_SYSTEM_OPTIMIZED in volume: volume15660
2023-06-22 21:35:26,108 [e93313c7-0cf0-4fbd-b335-d67d16700e0a@group-CEF5FDFD51FF-FollowerState] INFO  impl.FollowerState (FollowerState.java:run(143)) - e93313c7-0cf0-4fbd-b335-d67d16700e0a@group-CEF5FDFD51FF-FollowerState: change to CANDIDATE, lastRpcElapsedTime:10658558710ns, electionTimeout:5196ms
2023-06-22 21:35:26,109 [e93313c7-0cf0-4fbd-b335-d67d16700e0a@group-CEF5FDFD51FF-FollowerState] INFO  impl.RoleInfo (RoleInfo.java:shutdownFollowerState(110)) - e93313c7-0cf0-4fbd-b335-d67d16700e0a: shutdown e93313c7-0cf0-4fbd-b335-d67d16700e0a@group-CEF5FDFD51FF-FollowerState
2023-06-22 21:35:26,109 [e93313c7-0cf0-4fbd-b335-d67d16700e0a@group-CEF5FDFD51FF-FollowerState] INFO  server.RaftServer$Division (RaftServerImpl.java:setRole(329)) - e93313c7-0cf0-4fbd-b335-d67d16700e0a@group-CEF5FDFD51FF: changes role from  FOLLOWER to CANDIDATE at term 0 for changeToCandidate
2023-06-22 21:35:26,109 [e93313c7-0cf0-4fbd-b335-d67d16700e0a@group-CEF5FDFD51FF-FollowerState] INFO  server.RaftServerConfigKeys (ConfUtils.java:logGet(46)) - raft.server.leaderelection.pre-vote = true (default)
2023-06-22 21:35:26,109 [e93313c7-0cf0-4fbd-b335-d67d16700e0a@group-CEF5FDFD51FF-FollowerState] INFO  impl.RoleInfo (RoleInfo.java:updateAndGet(139)) - e93313c7-0cf0-4fbd-b335-d67d16700e0a: start e93313c7-0cf0-4fbd-b335-d67d16700e0a@group-CEF5FDFD51FF-LeaderElection8
2023-06-22 21:35:26,128 [e93313c7-0cf0-4fbd-b335-d67d16700e0a@group-CEF5FDFD51FF-LeaderElection8] INFO  impl.LeaderElection (LeaderElection.java:askForVotes(321)) - e93313c7-0cf0-4fbd-b335-d67d16700e0a@group-CEF5FDFD51FF-LeaderElection8 PRE_VOTE round 0: submit vote requests at term 0 for -1: peers:[e93313c7-0cf0-4fbd-b335-d67d16700e0a|rpc:10.1.1.69:15050|admin:10.1.1.69:15049|client:10.1.1.69:15048|dataStream:10.1.1.69:15051|priority:1|startupRole:FOLLOWER]|listeners:[], old=null
2023-06-22 21:35:26,128 [e93313c7-0cf0-4fbd-b335-d67d16700e0a@group-CEF5FDFD51FF-LeaderElection8] INFO  impl.LeaderElection (LeaderElection.java:askForVotes(323)) - e93313c7-0cf0-4fbd-b335-d67d16700e0a@group-CEF5FDFD51FF-LeaderElection8 PRE_VOTE round 0: result PASSED (term=0)
2023-06-22 21:35:26,132 [e93313c7-0cf0-4fbd-b335-d67d16700e0a@group-CEF5FDFD51FF-LeaderElection8] INFO  impl.LeaderElection (LeaderElection.java:askForVotes(321)) - e93313c7-0cf0-4fbd-b335-d67d16700e0a@group-CEF5FDFD51FF-LeaderElection8 ELECTION round 0: submit vote requests at term 1 for -1: peers:[e93313c7-0cf0-4fbd-b335-d67d16700e0a|rpc:10.1.1.69:15050|admin:10.1.1.69:15049|client:10.1.1.69:15048|dataStream:10.1.1.69:15051|priority:1|startupRole:FOLLOWER]|listeners:[], old=null
2023-06-22 21:35:26,133 [e93313c7-0cf0-4fbd-b335-d67d16700e0a@group-CEF5FDFD51FF-LeaderElection8] INFO  impl.LeaderElection (LeaderElection.java:askForVotes(323)) - e93313c7-0cf0-4fbd-b335-d67d16700e0a@group-CEF5FDFD51FF-LeaderElection8 ELECTION round 0: result PASSED (term=1)
2023-06-22 21:35:26,133 [e93313c7-0cf0-4fbd-b335-d67d16700e0a@group-CEF5FDFD51FF-LeaderElection8] INFO  impl.RoleInfo (RoleInfo.java:shutdownLeaderElection(130)) - e93313c7-0cf0-4fbd-b335-d67d16700e0a: shutdown e93313c7-0cf0-4fbd-b335-d67d16700e0a@group-CEF5FDFD51FF-LeaderElection8
2023-06-22 21:35:26,133 [e93313c7-0cf0-4fbd-b335-d67d16700e0a@group-CEF5FDFD51FF-LeaderElection8] INFO  server.RaftServer$Division (RaftServerImpl.java:setRole(329)) - e93313c7-0cf0-4fbd-b335-d67d16700e0a@group-CEF5FDFD51FF: changes role from CANDIDATE to LEADER at term 1 for changeToLeader
2023-06-22 21:35:26,133 [e93313c7-0cf0-4fbd-b335-d67d16700e0a@group-CEF5FDFD51FF-LeaderElection8] INFO  ratis.XceiverServerRatis (XceiverServerRatis.java:handleLeaderChangedNotification(902)) - Leader change notification received for group: group-CEF5FDFD51FF with new leaderId: e93313c7-0cf0-4fbd-b335-d67d16700e0a
2023-06-22 21:35:26,135 [e93313c7-0cf0-4fbd-b335-d67d16700e0a@group-CEF5FDFD51FF-LeaderElection8] INFO  server.RaftServer$Division (ServerState.java:setLeader(317)) - e93313c7-0cf0-4fbd-b335-d67d16700e0a@group-CEF5FDFD51FF: change Leader from null to e93313c7-0cf0-4fbd-b335-d67d16700e0a at term 1 for becomeLeader, leader elected after 10709ms
2023-06-22 21:35:26,136 [e93313c7-0cf0-4fbd-b335-d67d16700e0a@group-CEF5FDFD51FF-LeaderElection8] INFO  server.RaftServerConfigKeys (ConfUtils.java:logGet(46)) - raft.server.staging.catchup.gap = 1000 (default)
2023-06-22 21:35:26,142 [e93313c7-0cf0-4fbd-b335-d67d16700e0a@group-CEF5FDFD51FF-LeaderElection8] INFO  server.RaftServerConfigKeys (ConfUtils.java:logGet(46)) - raft.server.write.element-limit = 1024 (custom)
2023-06-22 21:35:26,142 [e93313c7-0cf0-4fbd-b335-d67d16700e0a@group-CEF5FDFD51FF-LeaderElection8] INFO  server.RaftServerConfigKeys (ConfUtils.java:logGet(46)) - raft.server.write.byte-limit = 1024 M (=1073741824) (custom)
2023-06-22 21:35:26,147 [e93313c7-0cf0-4fbd-b335-d67d16700e0a@group-CEF5FDFD51FF-LeaderElection8] INFO  server.RaftServerConfigKeys (ConfUtils.java:logGet(46)) - raft.server.watch.timeout = 180s (custom)
2023-06-22 21:35:26,148 [e93313c7-0cf0-4fbd-b335-d67d16700e0a@group-CEF5FDFD51FF-LeaderElection8] INFO  server.RaftServerConfigKeys (ConfUtils.java:logGet(46)) - raft.server.watch.timeout.denomination = 1s (default)
2023-06-22 21:35:26,148 [e93313c7-0cf0-4fbd-b335-d67d16700e0a@group-CEF5FDFD51FF-LeaderElection8] INFO  server.RaftServerConfigKeys (ConfUtils.java:logGet(46)) - raft.server.watch.element-limit = 65536 (default)
2023-06-22 21:35:26,151 [e93313c7-0cf0-4fbd-b335-d67d16700e0a@group-CEF5FDFD51FF-LeaderElection8] INFO  server.RaftServerConfigKeys (ConfUtils.java:logGet(46)) - raft.server.write.element-limit = 1024 (custom)
2023-06-22 21:35:26,152 [e93313c7-0cf0-4fbd-b335-d67d16700e0a@group-CEF5FDFD51FF-LeaderElection8] INFO  server.RaftServerConfigKeys (ConfUtils.java:logGet(46)) - raft.server.write.follower.gap.ratio.max = -1.0 (default)
2023-06-22 21:35:26,152 [e93313c7-0cf0-4fbd-b335-d67d16700e0a@group-CEF5FDFD51FF-LeaderElection8] INFO  impl.RoleInfo (RoleInfo.java:updateAndGet(139)) - e93313c7-0cf0-4fbd-b335-d67d16700e0a: start e93313c7-0cf0-4fbd-b335-d67d16700e0a@group-CEF5FDFD51FF-LeaderStateImpl
2023-06-22 21:35:26,152 [e93313c7-0cf0-4fbd-b335-d67d16700e0a@group-CEF5FDFD51FF-LeaderElection8] INFO  segmented.SegmentedRaftLogWorker (SegmentedRaftLogWorker.java:startLogSegment(447)) - e93313c7-0cf0-4fbd-b335-d67d16700e0a@group-CEF5FDFD51FF-SegmentedRaftLogWorker: Starting segment from index:0
2023-06-22 21:35:26,156 [e93313c7-0cf0-4fbd-b335-d67d16700e0a@group-CEF5FDFD51FF-SegmentedRaftLogWorker] INFO  segmented.SegmentedRaftLogWorker (SegmentedRaftLogWorker.java:execute(651)) - e93313c7-0cf0-4fbd-b335-d67d16700e0a@group-CEF5FDFD51FF-SegmentedRaftLogWorker: created new log segment /home/runner/work/ozone/ozone/hadoop-ozone/integration-test/target/test-dir/MiniOzoneClusterImpl-00f3567e-e140-4cd7-bd5a-f6438c2bd6c1/datanode-4/data/ratis/bedf5fc8-7e98-4a94-934c-cef5fdfd51ff/current/log_inprogress_0
2023-06-22 21:35:26,171 [e93313c7-0cf0-4fbd-b335-d67d16700e0a@group-CEF5FDFD51FF-LeaderElection8] INFO  server.RaftServer$Division (ServerState.java:setRaftConf(434)) - e93313c7-0cf0-4fbd-b335-d67d16700e0a@group-CEF5FDFD51FF: set configuration 0: peers:[e93313c7-0cf0-4fbd-b335-d67d16700e0a|rpc:10.1.1.69:15050|admin:10.1.1.69:15049|client:10.1.1.69:15048|dataStream:10.1.1.69:15051|priority:1|startupRole:FOLLOWER]|listeners:[], old=null
2023-06-22 21:35:29,015 [JvmPauseMonitor1] WARN  util.JvmPauseMonitor (JvmPauseMonitor.java:detectPause(124)) - JvmPauseMonitor-om1: Detected pause in JVM or host machine approximately 0.100s with 0.108s GC time.
GC pool 'PS Scavenge' had collection(s): count=1 time=108ms
2023-06-22 21:35:29,015 [JvmPauseMonitor2] WARN  util.JvmPauseMonitor (JvmPauseMonitor.java:detectPause(124)) - JvmPauseMonitor-45e724c1-f4a6-4405-a7cb-dfa9f2e55867: Detected pause in JVM or host machine approximately 0.101s with 0.108s GC time.
GC pool 'PS Scavenge' had collection(s): count=1 time=108ms
2023-06-22 21:35:29,015 [JvmPauseMonitor3] WARN  util.JvmPauseMonitor (JvmPauseMonitor.java:detectPause(124)) - JvmPauseMonitor-84a824f3-7f5d-4f33-8f93-63e849b7c227: Detected pause in JVM or host machine approximately 0.102s with 0.108s GC time.
GC pool 'PS Scavenge' had collection(s): count=1 time=108ms
2023-06-22 21:35:37,710 [IPC Server handler 17 on default port 15001] INFO  ha.SequenceIdGenerator (SequenceIdGenerator.java:getNextId(128)) - Allocate a batch for localId, change lastId from 111677748019201000 to 111677748019202000.
]]></system-out>
  </testcase>
  <testcase name="testListStatusFSO" classname="TestRootedOzoneFileSystemWithFSO" time="7.984">
    <system-out><![CDATA[2023-06-22 21:37:06,114 [Time-limited test] INFO  rpc.RpcClient (RpcClient.java:createVolume(459)) - Creating Volume: volume71944, with user68251 as owner and space quota set to -1 bytes, counts quota set to -1
2023-06-22 21:37:06,115 [IPC Server handler 19 on default port 15057] INFO  volume.OMVolumeCreateRequest (OMVolumeCreateRequest.java:validateAndUpdateCache(196)) - created volume:volume71944 for user:user68251
2023-06-22 21:37:06,118 [Time-limited test] INFO  rpc.RpcClient (RpcClient.java:createBucket(686)) - Creating Bucket: volume71944/bucket84290, with bucket layout FILE_SYSTEM_OPTIMIZED, runner as owner, Versioning false, Storage Type set to DISK and Encryption set to false, Replication Type set to server-side default replication type, Namespace Quota set to -1, Space Quota set to -1 
2023-06-22 21:37:06,118 [IPC Server handler 16 on default port 15057] INFO  bucket.OMBucketCreateRequest (OMBucketCreateRequest.java:validateAndUpdateCache(270)) - created bucket: bucket84290 of layout FILE_SYSTEM_OPTIMIZED in volume: volume71944
2023-06-22 21:37:06,524 [8f15a801-56b9-4d07-a63b-fddd9ee2c994@group-ED79DF350A77-FollowerState] INFO  impl.FollowerState (FollowerState.java:run(143)) - 8f15a801-56b9-4d07-a63b-fddd9ee2c994@group-ED79DF350A77-FollowerState: change to CANDIDATE, lastRpcElapsedTime:5143095470ns, electionTimeout:5140ms
2023-06-22 21:37:06,524 [8f15a801-56b9-4d07-a63b-fddd9ee2c994@group-ED79DF350A77-FollowerState] INFO  impl.RoleInfo (RoleInfo.java:shutdownFollowerState(110)) - 8f15a801-56b9-4d07-a63b-fddd9ee2c994: shutdown 8f15a801-56b9-4d07-a63b-fddd9ee2c994@group-ED79DF350A77-FollowerState
2023-06-22 21:37:06,524 [8f15a801-56b9-4d07-a63b-fddd9ee2c994@group-ED79DF350A77-FollowerState] INFO  server.RaftServer$Division (RaftServerImpl.java:setRole(329)) - 8f15a801-56b9-4d07-a63b-fddd9ee2c994@group-ED79DF350A77: changes role from  FOLLOWER to CANDIDATE at term 0 for changeToCandidate
2023-06-22 21:37:06,524 [8f15a801-56b9-4d07-a63b-fddd9ee2c994@group-ED79DF350A77-FollowerState] INFO  server.RaftServerConfigKeys (ConfUtils.java:logGet(46)) - raft.server.leaderelection.pre-vote = true (default)
2023-06-22 21:37:06,524 [8f15a801-56b9-4d07-a63b-fddd9ee2c994@group-ED79DF350A77-FollowerState] INFO  impl.RoleInfo (RoleInfo.java:updateAndGet(139)) - 8f15a801-56b9-4d07-a63b-fddd9ee2c994: start 8f15a801-56b9-4d07-a63b-fddd9ee2c994@group-ED79DF350A77-LeaderElection16
2023-06-22 21:37:06,526 [8f15a801-56b9-4d07-a63b-fddd9ee2c994@group-ED79DF350A77-LeaderElection16] INFO  impl.LeaderElection (LeaderElection.java:askForVotes(321)) - 8f15a801-56b9-4d07-a63b-fddd9ee2c994@group-ED79DF350A77-LeaderElection16 PRE_VOTE round 0: submit vote requests at term 0 for -1: peers:[8f15a801-56b9-4d07-a63b-fddd9ee2c994|rpc:10.1.1.69:15103|admin:10.1.1.69:15102|client:10.1.1.69:15101|dataStream:10.1.1.69:15104|priority:1|startupRole:FOLLOWER]|listeners:[], old=null
2023-06-22 21:37:06,526 [8f15a801-56b9-4d07-a63b-fddd9ee2c994@group-ED79DF350A77-LeaderElection16] INFO  impl.LeaderElection (LeaderElection.java:askForVotes(323)) - 8f15a801-56b9-4d07-a63b-fddd9ee2c994@group-ED79DF350A77-LeaderElection16 PRE_VOTE round 0: result PASSED (term=0)
2023-06-22 21:37:06,530 [8f15a801-56b9-4d07-a63b-fddd9ee2c994@group-ED79DF350A77-LeaderElection16] INFO  impl.LeaderElection (LeaderElection.java:askForVotes(321)) - 8f15a801-56b9-4d07-a63b-fddd9ee2c994@group-ED79DF350A77-LeaderElection16 ELECTION round 0: submit vote requests at term 1 for -1: peers:[8f15a801-56b9-4d07-a63b-fddd9ee2c994|rpc:10.1.1.69:15103|admin:10.1.1.69:15102|client:10.1.1.69:15101|dataStream:10.1.1.69:15104|priority:1|startupRole:FOLLOWER]|listeners:[], old=null
2023-06-22 21:37:06,530 [8f15a801-56b9-4d07-a63b-fddd9ee2c994@group-ED79DF350A77-LeaderElection16] INFO  impl.LeaderElection (LeaderElection.java:askForVotes(323)) - 8f15a801-56b9-4d07-a63b-fddd9ee2c994@group-ED79DF350A77-LeaderElection16 ELECTION round 0: result PASSED (term=1)
2023-06-22 21:37:06,530 [8f15a801-56b9-4d07-a63b-fddd9ee2c994@group-ED79DF350A77-LeaderElection16] INFO  impl.RoleInfo (RoleInfo.java:shutdownLeaderElection(130)) - 8f15a801-56b9-4d07-a63b-fddd9ee2c994: shutdown 8f15a801-56b9-4d07-a63b-fddd9ee2c994@group-ED79DF350A77-LeaderElection16
2023-06-22 21:37:06,530 [8f15a801-56b9-4d07-a63b-fddd9ee2c994@group-ED79DF350A77-LeaderElection16] INFO  server.RaftServer$Division (RaftServerImpl.java:setRole(329)) - 8f15a801-56b9-4d07-a63b-fddd9ee2c994@group-ED79DF350A77: changes role from CANDIDATE to LEADER at term 1 for changeToLeader
2023-06-22 21:37:06,530 [8f15a801-56b9-4d07-a63b-fddd9ee2c994@group-ED79DF350A77-LeaderElection16] INFO  ratis.XceiverServerRatis (XceiverServerRatis.java:handleLeaderChangedNotification(902)) - Leader change notification received for group: group-ED79DF350A77 with new leaderId: 8f15a801-56b9-4d07-a63b-fddd9ee2c994
2023-06-22 21:37:06,532 [8f15a801-56b9-4d07-a63b-fddd9ee2c994@group-ED79DF350A77-LeaderElection16] INFO  server.RaftServer$Division (ServerState.java:setLeader(317)) - 8f15a801-56b9-4d07-a63b-fddd9ee2c994@group-ED79DF350A77: change Leader from null to 8f15a801-56b9-4d07-a63b-fddd9ee2c994 at term 1 for becomeLeader, leader elected after 5177ms
2023-06-22 21:37:06,532 [8f15a801-56b9-4d07-a63b-fddd9ee2c994@group-ED79DF350A77-LeaderElection16] INFO  server.RaftServerConfigKeys (ConfUtils.java:logGet(46)) - raft.server.staging.catchup.gap = 1000 (default)
2023-06-22 21:37:06,532 [8f15a801-56b9-4d07-a63b-fddd9ee2c994@group-ED79DF350A77-LeaderElection16] INFO  server.RaftServerConfigKeys (ConfUtils.java:logGet(46)) - raft.server.write.element-limit = 1024 (custom)
2023-06-22 21:37:06,532 [8f15a801-56b9-4d07-a63b-fddd9ee2c994@group-ED79DF350A77-LeaderElection16] INFO  server.RaftServerConfigKeys (ConfUtils.java:logGet(46)) - raft.server.write.byte-limit = 1024 M (=1073741824) (custom)
2023-06-22 21:37:06,532 [8f15a801-56b9-4d07-a63b-fddd9ee2c994@group-ED79DF350A77-LeaderElection16] INFO  server.RaftServerConfigKeys (ConfUtils.java:logGet(46)) - raft.server.watch.timeout = 180s (custom)
2023-06-22 21:37:06,532 [8f15a801-56b9-4d07-a63b-fddd9ee2c994@group-ED79DF350A77-LeaderElection16] INFO  server.RaftServerConfigKeys (ConfUtils.java:logGet(46)) - raft.server.watch.timeout.denomination = 1s (default)
2023-06-22 21:37:06,532 [8f15a801-56b9-4d07-a63b-fddd9ee2c994@group-ED79DF350A77-LeaderElection16] INFO  server.RaftServerConfigKeys (ConfUtils.java:logGet(46)) - raft.server.watch.element-limit = 65536 (default)
2023-06-22 21:37:06,533 [8f15a801-56b9-4d07-a63b-fddd9ee2c994@group-ED79DF350A77-LeaderElection16] INFO  server.RaftServerConfigKeys (ConfUtils.java:logGet(46)) - raft.server.write.element-limit = 1024 (custom)
2023-06-22 21:37:06,533 [8f15a801-56b9-4d07-a63b-fddd9ee2c994@group-ED79DF350A77-LeaderElection16] INFO  server.RaftServerConfigKeys (ConfUtils.java:logGet(46)) - raft.server.write.follower.gap.ratio.max = -1.0 (default)
2023-06-22 21:37:06,533 [8f15a801-56b9-4d07-a63b-fddd9ee2c994@group-ED79DF350A77-LeaderElection16] INFO  impl.RoleInfo (RoleInfo.java:updateAndGet(139)) - 8f15a801-56b9-4d07-a63b-fddd9ee2c994: start 8f15a801-56b9-4d07-a63b-fddd9ee2c994@group-ED79DF350A77-LeaderStateImpl
2023-06-22 21:37:06,533 [8f15a801-56b9-4d07-a63b-fddd9ee2c994@group-ED79DF350A77-LeaderElection16] INFO  segmented.SegmentedRaftLogWorker (SegmentedRaftLogWorker.java:startLogSegment(447)) - 8f15a801-56b9-4d07-a63b-fddd9ee2c994@group-ED79DF350A77-SegmentedRaftLogWorker: Starting segment from index:0
2023-06-22 21:37:06,534 [8f15a801-56b9-4d07-a63b-fddd9ee2c994@group-ED79DF350A77-LeaderElection16] INFO  server.RaftServer$Division (ServerState.java:setRaftConf(434)) - 8f15a801-56b9-4d07-a63b-fddd9ee2c994@group-ED79DF350A77: set configuration 0: peers:[8f15a801-56b9-4d07-a63b-fddd9ee2c994|rpc:10.1.1.69:15103|admin:10.1.1.69:15102|client:10.1.1.69:15101|dataStream:10.1.1.69:15104|priority:1|startupRole:FOLLOWER]|listeners:[], old=null
2023-06-22 21:37:06,534 [8f15a801-56b9-4d07-a63b-fddd9ee2c994@group-ED79DF350A77-SegmentedRaftLogWorker] INFO  segmented.SegmentedRaftLogWorker (SegmentedRaftLogWorker.java:execute(651)) - 8f15a801-56b9-4d07-a63b-fddd9ee2c994@group-ED79DF350A77-SegmentedRaftLogWorker: created new log segment /home/runner/work/ozone/ozone/hadoop-ozone/integration-test/target/test-dir/MiniOzoneClusterImpl-9e90c1de-1c56-491c-b259-3d04922b55fd/datanode-4/data/ratis/61a0a910-0ab2-4313-820b-ed79df350a77/current/log_inprogress_0
2023-06-22 21:37:12,744 [IPC Server handler 17 on default port 15054] INFO  ha.SequenceIdGenerator (SequenceIdGenerator.java:getNextId(128)) - Allocate a batch for localId, change lastId from 111677748019201000 to 111677748019202000.
]]></system-out>
  </testcase>
  <testcase name="testDeleteEmptyVolume" classname="TestRootedOzoneFileSystemWithFSO" time="0">
    <skipped message="HDDS-2939"/>
  </testcase>
  <testcase name="testDeleteEmptyVolume" classname="TestRootedOzoneFileSystemWithFSO" time="0">
    <skipped message="HDDS-2939"/>
  </testcase>
  <testcase name="testMkdirNonExistentVolume" classname="TestRootedOzoneFileSystemWithFSO" time="0">
    <skipped message="HDDS-2939"/>
  </testcase>
  <testcase name="testMkdirNonExistentVolume" classname="TestRootedOzoneFileSystemWithFSO" time="0">
    <skipped message="HDDS-2939"/>
  </testcase>
  <testcase name="testRenameFile" classname="TestRootedOzoneFileSystemWithFSO" time="0.1">
    <system-out><![CDATA[2023-06-22 21:35:40,150 [Time-limited test] INFO  rpc.RpcClient (RpcClient.java:createVolume(459)) - Creating Volume: volume32318, with user33384 as owner and space quota set to -1 bytes, counts quota set to -1
2023-06-22 21:35:40,171 [OM StateMachine ApplyTransaction Thread - 0] INFO  volume.OMVolumeCreateRequest (OMVolumeCreateRequest.java:validateAndUpdateCache(196)) - created volume:volume32318 for user:user33384
2023-06-22 21:35:40,174 [Time-limited test] INFO  rpc.RpcClient (RpcClient.java:createBucket(686)) - Creating Bucket: volume32318/bucket30113, with bucket layout FILE_SYSTEM_OPTIMIZED, runner as owner, Versioning false, Storage Type set to DISK and Encryption set to false, Replication Type set to server-side default replication type, Namespace Quota set to -1, Space Quota set to -1 
2023-06-22 21:35:40,176 [OM StateMachine ApplyTransaction Thread - 0] INFO  bucket.OMBucketCreateRequest (OMBucketCreateRequest.java:validateAndUpdateCache(270)) - created bucket: bucket30113 of layout FILE_SYSTEM_OPTIMIZED in volume: volume32318
]]></system-out>
  </testcase>
  <testcase name="testRenameFile" classname="TestRootedOzoneFileSystemWithFSO" time="0.047">
    <system-out><![CDATA[2023-06-22 21:37:14,092 [Time-limited test] INFO  rpc.RpcClient (RpcClient.java:createVolume(459)) - Creating Volume: volume80572, with user23475 as owner and space quota set to -1 bytes, counts quota set to -1
2023-06-22 21:37:14,093 [IPC Server handler 9 on default port 15057] INFO  volume.OMVolumeCreateRequest (OMVolumeCreateRequest.java:validateAndUpdateCache(196)) - created volume:volume80572 for user:user23475
2023-06-22 21:37:14,095 [Time-limited test] INFO  rpc.RpcClient (RpcClient.java:createBucket(686)) - Creating Bucket: volume80572/bucket10659, with bucket layout FILE_SYSTEM_OPTIMIZED, runner as owner, Versioning false, Storage Type set to DISK and Encryption set to false, Replication Type set to server-side default replication type, Namespace Quota set to -1, Space Quota set to -1 
2023-06-22 21:37:14,095 [IPC Server handler 5 on default port 15057] INFO  bucket.OMBucketCreateRequest (OMBucketCreateRequest.java:validateAndUpdateCache(270)) - created bucket: bucket10659 of layout FILE_SYSTEM_OPTIMIZED in volume: volume80572
]]></system-out>
  </testcase>
  <testcase name="testListStatusRootAndVolumeRecursive" classname="TestRootedOzoneFileSystemWithFSO" time="0.06">
    <system-out><![CDATA[2023-06-22 21:35:40,251 [Time-limited test] INFO  rpc.RpcClient (RpcClient.java:createVolume(459)) - Creating Volume: volume86684, with user81866 as owner and space quota set to -1 bytes, counts quota set to -1
2023-06-22 21:35:40,260 [OM StateMachine ApplyTransaction Thread - 0] INFO  volume.OMVolumeCreateRequest (OMVolumeCreateRequest.java:validateAndUpdateCache(196)) - created volume:volume86684 for user:user81866
2023-06-22 21:35:40,266 [Time-limited test] INFO  rpc.RpcClient (RpcClient.java:createBucket(686)) - Creating Bucket: volume86684/bucket56142, with bucket layout FILE_SYSTEM_OPTIMIZED, runner as owner, Versioning false, Storage Type set to DISK and Encryption set to false, Replication Type set to server-side default replication type, Namespace Quota set to -1, Space Quota set to -1 
2023-06-22 21:35:40,268 [OM StateMachine ApplyTransaction Thread - 0] INFO  bucket.OMBucketCreateRequest (OMBucketCreateRequest.java:validateAndUpdateCache(270)) - created bucket: bucket56142 of layout FILE_SYSTEM_OPTIMIZED in volume: volume86684
]]></system-out>
  </testcase>
  <testcase name="testListStatusRootAndVolumeRecursive" classname="TestRootedOzoneFileSystemWithFSO" time="0.044">
    <system-out><![CDATA[2023-06-22 21:37:14,153 [Time-limited test] INFO  rpc.RpcClient (RpcClient.java:createVolume(459)) - Creating Volume: volume27398, with user75279 as owner and space quota set to -1 bytes, counts quota set to -1
2023-06-22 21:37:14,154 [IPC Server handler 6 on default port 15057] INFO  volume.OMVolumeCreateRequest (OMVolumeCreateRequest.java:validateAndUpdateCache(196)) - created volume:volume27398 for user:user75279
2023-06-22 21:37:14,155 [Time-limited test] INFO  rpc.RpcClient (RpcClient.java:createBucket(686)) - Creating Bucket: volume27398/bucket59328, with bucket layout FILE_SYSTEM_OPTIMIZED, runner as owner, Versioning false, Storage Type set to DISK and Encryption set to false, Replication Type set to server-side default replication type, Namespace Quota set to -1, Space Quota set to -1 
2023-06-22 21:37:14,156 [IPC Server handler 13 on default port 15057] INFO  bucket.OMBucketCreateRequest (OMBucketCreateRequest.java:validateAndUpdateCache(270)) - created bucket: bucket59328 of layout FILE_SYSTEM_OPTIMIZED in volume: volume27398
]]></system-out>
  </testcase>
  <testcase name="testListStatusIteratorOnSubDirs" classname="TestRootedOzoneFileSystemWithFSO" time="0.093">
    <system-out><![CDATA[2023-06-22 21:35:40,325 [Time-limited test] INFO  rpc.RpcClient (RpcClient.java:createVolume(459)) - Creating Volume: volume34917, with user21973 as owner and space quota set to -1 bytes, counts quota set to -1
2023-06-22 21:35:40,328 [OM StateMachine ApplyTransaction Thread - 0] INFO  volume.OMVolumeCreateRequest (OMVolumeCreateRequest.java:validateAndUpdateCache(196)) - created volume:volume34917 for user:user21973
2023-06-22 21:35:40,330 [Time-limited test] INFO  rpc.RpcClient (RpcClient.java:createBucket(686)) - Creating Bucket: volume34917/bucket72938, with bucket layout FILE_SYSTEM_OPTIMIZED, runner as owner, Versioning false, Storage Type set to DISK and Encryption set to false, Replication Type set to server-side default replication type, Namespace Quota set to -1, Space Quota set to -1 
2023-06-22 21:35:40,332 [OM StateMachine ApplyTransaction Thread - 0] INFO  bucket.OMBucketCreateRequest (OMBucketCreateRequest.java:validateAndUpdateCache(270)) - created bucket: bucket72938 of layout FILE_SYSTEM_OPTIMIZED in volume: volume34917
]]></system-out>
  </testcase>
  <testcase name="testListStatusIteratorOnSubDirs" classname="TestRootedOzoneFileSystemWithFSO" time="0.041">
    <system-out><![CDATA[2023-06-22 21:37:14,184 [Time-limited test] INFO  rpc.RpcClient (RpcClient.java:createVolume(459)) - Creating Volume: volume98532, with user79351 as owner and space quota set to -1 bytes, counts quota set to -1
2023-06-22 21:37:14,185 [IPC Server handler 8 on default port 15057] INFO  volume.OMVolumeCreateRequest (OMVolumeCreateRequest.java:validateAndUpdateCache(196)) - created volume:volume98532 for user:user79351
2023-06-22 21:37:14,187 [Time-limited test] INFO  rpc.RpcClient (RpcClient.java:createBucket(686)) - Creating Bucket: volume98532/bucket35236, with bucket layout FILE_SYSTEM_OPTIMIZED, runner as owner, Versioning false, Storage Type set to DISK and Encryption set to false, Replication Type set to server-side default replication type, Namespace Quota set to -1, Space Quota set to -1 
2023-06-22 21:37:14,188 [IPC Server handler 9 on default port 15057] INFO  bucket.OMBucketCreateRequest (OMBucketCreateRequest.java:validateAndUpdateCache(270)) - created bucket: bucket35236 of layout FILE_SYSTEM_OPTIMIZED in volume: volume98532
]]></system-out>
  </testcase>
  <testcase name="testSymlinkList" classname="TestRootedOzoneFileSystemWithFSO" time="0.42">
    <system-out><![CDATA[2023-06-22 21:35:40,403 [Time-limited test] INFO  rpc.RpcClient (RpcClient.java:createVolume(459)) - Creating Volume: volume61409, with user28838 as owner and space quota set to -1 bytes, counts quota set to -1
2023-06-22 21:35:40,406 [OM StateMachine ApplyTransaction Thread - 0] INFO  volume.OMVolumeCreateRequest (OMVolumeCreateRequest.java:validateAndUpdateCache(196)) - created volume:volume61409 for user:user28838
2023-06-22 21:35:40,408 [Time-limited test] INFO  rpc.RpcClient (RpcClient.java:createBucket(686)) - Creating Bucket: volume61409/bucket62593, with bucket layout FILE_SYSTEM_OPTIMIZED, runner as owner, Versioning false, Storage Type set to DISK and Encryption set to false, Replication Type set to server-side default replication type, Namespace Quota set to -1, Space Quota set to -1 
2023-06-22 21:35:40,409 [OM StateMachine ApplyTransaction Thread - 0] INFO  bucket.OMBucketCreateRequest (OMBucketCreateRequest.java:validateAndUpdateCache(270)) - created bucket: bucket62593 of layout FILE_SYSTEM_OPTIMIZED in volume: volume61409
2023-06-22 21:35:40,419 [Time-limited test] INFO  rpc.RpcClient (RpcClient.java:createVolume(459)) - Creating Volume: volume-01107, with runner as owner and space quota set to -1 bytes, counts quota set to -1
2023-06-22 21:35:40,421 [OM StateMachine ApplyTransaction Thread - 0] INFO  volume.OMVolumeCreateRequest (OMVolumeCreateRequest.java:validateAndUpdateCache(196)) - created volume:volume-01107 for user:runner
21:35:40.425 [IPC Server handler 2 on default port 15004] ERROR OMAudit - user=runner | ip=127.0.0.1 | op=READ_BUCKET {volume=volume-01107, bucket=bucket} | ret=FAILURE
org.apache.hadoop.ozone.om.exceptions.OMException: Bucket not found
	at org.apache.hadoop.ozone.om.BucketManagerImpl.getBucketInfo(BucketManagerImpl.java:85) ~[ozone-manager-1.4.0-SNAPSHOT.jar:?]
	at org.apache.hadoop.ozone.om.OzoneManager.getBucketInfo(OzoneManager.java:2777) ~[ozone-manager-1.4.0-SNAPSHOT.jar:?]
	at org.apache.hadoop.ozone.protocolPB.OzoneManagerRequestHandler.infoBucket(OzoneManagerRequestHandler.java:524) ~[ozone-manager-1.4.0-SNAPSHOT.jar:?]
	at org.apache.hadoop.ozone.protocolPB.OzoneManagerRequestHandler.handleReadRequest(OzoneManagerRequestHandler.java:195) ~[ozone-manager-1.4.0-SNAPSHOT.jar:?]
	at org.apache.hadoop.ozone.protocolPB.OzoneManagerProtocolServerSideTranslatorPB.submitReadRequestToOM(OzoneManagerProtocolServerSideTranslatorPB.java:223) ~[ozone-manager-1.4.0-SNAPSHOT.jar:?]
	at org.apache.hadoop.ozone.protocolPB.OzoneManagerProtocolServerSideTranslatorPB.processRequest(OzoneManagerProtocolServerSideTranslatorPB.java:177) ~[ozone-manager-1.4.0-SNAPSHOT.jar:?]
	at org.apache.hadoop.hdds.server.OzoneProtocolMessageDispatcher.processRequest(OzoneProtocolMessageDispatcher.java:87) [hdds-server-framework-1.4.0-SNAPSHOT.jar:?]
	at org.apache.hadoop.ozone.protocolPB.OzoneManagerProtocolServerSideTranslatorPB.submitRequest(OzoneManagerProtocolServerSideTranslatorPB.java:147) [ozone-manager-1.4.0-SNAPSHOT.jar:?]
	at org.apache.hadoop.ozone.protocol.proto.OzoneManagerProtocolProtos$OzoneManagerService$2.callBlockingMethod(OzoneManagerProtocolProtos.java) [ozone-interface-client-1.4.0-SNAPSHOT.jar:?]
	at org.apache.hadoop.ipc.ProtobufRpcEngine$Server.processCall(ProtobufRpcEngine.java:484) [hadoop-common-3.3.5.jar:?]
	at org.apache.hadoop.ipc.ProtobufRpcEngine2$Server$ProtoBufRpcInvoker.call(ProtobufRpcEngine2.java:595) [hadoop-common-3.3.5.jar:?]
	at org.apache.hadoop.ipc.ProtobufRpcEngine2$Server$ProtoBufRpcInvoker.call(ProtobufRpcEngine2.java:573) [hadoop-common-3.3.5.jar:?]
	at org.apache.hadoop.ipc.RPC$Server.call(RPC.java:1213) [hadoop-common-3.3.5.jar:?]
	at org.apache.hadoop.ipc.Server$RpcCall.run(Server.java:1089) [hadoop-common-3.3.5.jar:?]
	at org.apache.hadoop.ipc.Server$RpcCall.run(Server.java:1012) [hadoop-common-3.3.5.jar:?]
	at java.security.AccessController.doPrivileged(Native Method) ~[?:1.8.0_372]
	at javax.security.auth.Subject.doAs(Subject.java:422) [?:1.8.0_372]
	at org.apache.hadoop.security.UserGroupInformation.doAs(UserGroupInformation.java:1899) [hadoop-common-3.3.5.jar:?]
	at org.apache.hadoop.ipc.Server$Handler.run(Server.java:3026) [hadoop-common-3.3.5.jar:?]
2023-06-22 21:35:40,426 [Time-limited test] INFO  rpc.RpcClient (RpcClient.java:createBucket(686)) - Creating Bucket: volume-01107/bucket, with bucket layout FILE_SYSTEM_OPTIMIZED, runner as owner, Versioning false, Storage Type set to DISK and Encryption set to false, Replication Type set to server-side default replication type, Namespace Quota set to -1, Space Quota set to -1 
2023-06-22 21:35:40,428 [OM StateMachine ApplyTransaction Thread - 0] INFO  bucket.OMBucketCreateRequest (OMBucketCreateRequest.java:validateAndUpdateCache(270)) - created bucket: bucket of layout FILE_SYSTEM_OPTIMIZED in volume: volume-01107
2023-06-22 21:35:40,430 [Time-limited test] INFO  rpc.RpcClient (RpcClient.java:createVolume(459)) - Creating Volume: volume-91558, with runner as owner and space quota set to -1 bytes, counts quota set to -1
2023-06-22 21:35:40,432 [OM StateMachine ApplyTransaction Thread - 0] INFO  volume.OMVolumeCreateRequest (OMVolumeCreateRequest.java:validateAndUpdateCache(196)) - created volume:volume-91558 for user:runner
2023-06-22 21:35:40,436 [Time-limited test] INFO  rpc.RpcClient (RpcClient.java:createBucket(686)) - Creating Bucket: volume-91558/bucket, with server-side default bucket layout, runner as owner, Versioning false, Storage Type set to DISK and Encryption set to false, Replication Type set to server-side default replication type, Namespace Quota set to -1, Space Quota set to -1 
2023-06-22 21:35:40,438 [OM StateMachine ApplyTransaction Thread - 0] INFO  bucket.OMBucketCreateRequest (OMBucketCreateRequest.java:validateAndUpdateCache(270)) - created bucket: bucket of layout FILE_SYSTEM_OPTIMIZED in volume: volume-91558
drwxrwxrwx   - runner docker          0 2023-06-22 21:35 ofs://localhost:15004/volume-91558/bucket
2023-06-22 21:35:40,715 [IPC Server handler 15 on default port 15001] WARN  node.SCMNodeManager (SCMNodeManager.java:getNodesByAddress(1377)) - Cannot find node for address 127.0.0.1
drwxrwxrwx   - runner runner          0 2023-06-22 21:35 ofs://localhost:15004/volume-91558/bucket/object-dir
-rw-rw-rw-   3 runner runner          1 2023-06-22 21:35 ofs://localhost:15004/volume-91558/bucket/object-dir/object-name1
]]></system-out>
  </testcase>
  <testcase name="testSymlinkList" classname="TestRootedOzoneFileSystemWithFSO" time="0.135">
    <system-out><![CDATA[2023-06-22 21:37:14,225 [Time-limited test] INFO  rpc.RpcClient (RpcClient.java:createVolume(459)) - Creating Volume: volume67682, with user98558 as owner and space quota set to -1 bytes, counts quota set to -1
2023-06-22 21:37:14,225 [IPC Server handler 9 on default port 15057] INFO  volume.OMVolumeCreateRequest (OMVolumeCreateRequest.java:validateAndUpdateCache(196)) - created volume:volume67682 for user:user98558
2023-06-22 21:37:14,226 [Time-limited test] INFO  rpc.RpcClient (RpcClient.java:createBucket(686)) - Creating Bucket: volume67682/bucket00309, with bucket layout FILE_SYSTEM_OPTIMIZED, runner as owner, Versioning false, Storage Type set to DISK and Encryption set to false, Replication Type set to server-side default replication type, Namespace Quota set to -1, Space Quota set to -1 
2023-06-22 21:37:14,227 [IPC Server handler 5 on default port 15057] INFO  bucket.OMBucketCreateRequest (OMBucketCreateRequest.java:validateAndUpdateCache(270)) - created bucket: bucket00309 of layout FILE_SYSTEM_OPTIMIZED in volume: volume67682
2023-06-22 21:37:14,229 [Time-limited test] INFO  rpc.RpcClient (RpcClient.java:createVolume(459)) - Creating Volume: volume-60109, with runner as owner and space quota set to -1 bytes, counts quota set to -1
2023-06-22 21:37:14,230 [IPC Server handler 1 on default port 15057] INFO  volume.OMVolumeCreateRequest (OMVolumeCreateRequest.java:validateAndUpdateCache(196)) - created volume:volume-60109 for user:runner
21:37:14.232 [IPC Server handler 4 on default port 15057] ERROR OMAudit - user=runner | ip=127.0.0.1 | op=READ_BUCKET {volume=volume-60109, bucket=bucket} | ret=FAILURE
org.apache.hadoop.ozone.om.exceptions.OMException: Bucket not found
	at org.apache.hadoop.ozone.om.BucketManagerImpl.getBucketInfo(BucketManagerImpl.java:85) ~[ozone-manager-1.4.0-SNAPSHOT.jar:?]
	at org.apache.hadoop.ozone.om.OzoneManager.getBucketInfo(OzoneManager.java:2777) ~[ozone-manager-1.4.0-SNAPSHOT.jar:?]
	at org.apache.hadoop.ozone.protocolPB.OzoneManagerRequestHandler.infoBucket(OzoneManagerRequestHandler.java:524) ~[ozone-manager-1.4.0-SNAPSHOT.jar:?]
	at org.apache.hadoop.ozone.protocolPB.OzoneManagerRequestHandler.handleReadRequest(OzoneManagerRequestHandler.java:195) ~[ozone-manager-1.4.0-SNAPSHOT.jar:?]
	at org.apache.hadoop.ozone.protocolPB.OzoneManagerProtocolServerSideTranslatorPB.submitRequestDirectlyToOM(OzoneManagerProtocolServerSideTranslatorPB.java:272) ~[ozone-manager-1.4.0-SNAPSHOT.jar:?]
	at org.apache.hadoop.ozone.protocolPB.OzoneManagerProtocolServerSideTranslatorPB.processRequest(OzoneManagerProtocolServerSideTranslatorPB.java:173) ~[ozone-manager-1.4.0-SNAPSHOT.jar:?]
	at org.apache.hadoop.hdds.server.OzoneProtocolMessageDispatcher.processRequest(OzoneProtocolMessageDispatcher.java:87) [hdds-server-framework-1.4.0-SNAPSHOT.jar:?]
	at org.apache.hadoop.ozone.protocolPB.OzoneManagerProtocolServerSideTranslatorPB.submitRequest(OzoneManagerProtocolServerSideTranslatorPB.java:147) [ozone-manager-1.4.0-SNAPSHOT.jar:?]
	at org.apache.hadoop.ozone.protocol.proto.OzoneManagerProtocolProtos$OzoneManagerService$2.callBlockingMethod(OzoneManagerProtocolProtos.java) [ozone-interface-client-1.4.0-SNAPSHOT.jar:?]
	at org.apache.hadoop.ipc.ProtobufRpcEngine$Server.processCall(ProtobufRpcEngine.java:484) [hadoop-common-3.3.5.jar:?]
	at org.apache.hadoop.ipc.ProtobufRpcEngine2$Server$ProtoBufRpcInvoker.call(ProtobufRpcEngine2.java:595) [hadoop-common-3.3.5.jar:?]
	at org.apache.hadoop.ipc.ProtobufRpcEngine2$Server$ProtoBufRpcInvoker.call(ProtobufRpcEngine2.java:573) [hadoop-common-3.3.5.jar:?]
	at org.apache.hadoop.ipc.RPC$Server.call(RPC.java:1213) [hadoop-common-3.3.5.jar:?]
	at org.apache.hadoop.ipc.Server$RpcCall.run(Server.java:1089) [hadoop-common-3.3.5.jar:?]
	at org.apache.hadoop.ipc.Server$RpcCall.run(Server.java:1012) [hadoop-common-3.3.5.jar:?]
	at java.security.AccessController.doPrivileged(Native Method) ~[?:1.8.0_372]
	at javax.security.auth.Subject.doAs(Subject.java:422) [?:1.8.0_372]
	at org.apache.hadoop.security.UserGroupInformation.doAs(UserGroupInformation.java:1899) [hadoop-common-3.3.5.jar:?]
	at org.apache.hadoop.ipc.Server$Handler.run(Server.java:3026) [hadoop-common-3.3.5.jar:?]
2023-06-22 21:37:14,235 [Time-limited test] INFO  rpc.RpcClient (RpcClient.java:createBucket(686)) - Creating Bucket: volume-60109/bucket, with bucket layout FILE_SYSTEM_OPTIMIZED, runner as owner, Versioning false, Storage Type set to DISK and Encryption set to false, Replication Type set to server-side default replication type, Namespace Quota set to -1, Space Quota set to -1 
2023-06-22 21:37:14,237 [IPC Server handler 14 on default port 15057] INFO  bucket.OMBucketCreateRequest (OMBucketCreateRequest.java:validateAndUpdateCache(270)) - created bucket: bucket of layout FILE_SYSTEM_OPTIMIZED in volume: volume-60109
2023-06-22 21:37:14,239 [Time-limited test] INFO  rpc.RpcClient (RpcClient.java:createVolume(459)) - Creating Volume: volume-74346, with runner as owner and space quota set to -1 bytes, counts quota set to -1
2023-06-22 21:37:14,239 [IPC Server handler 19 on default port 15057] INFO  volume.OMVolumeCreateRequest (OMVolumeCreateRequest.java:validateAndUpdateCache(196)) - created volume:volume-74346 for user:runner
2023-06-22 21:37:14,240 [Time-limited test] INFO  rpc.RpcClient (RpcClient.java:createBucket(686)) - Creating Bucket: volume-74346/bucket, with server-side default bucket layout, runner as owner, Versioning false, Storage Type set to DISK and Encryption set to false, Replication Type set to server-side default replication type, Namespace Quota set to -1, Space Quota set to -1 
2023-06-22 21:37:14,241 [IPC Server handler 17 on default port 15057] INFO  bucket.OMBucketCreateRequest (OMBucketCreateRequest.java:validateAndUpdateCache(270)) - created bucket: bucket of layout FILE_SYSTEM_OPTIMIZED in volume: volume-74346
drwxrwxrwx   - runner docker          0 2023-06-22 21:37 ofs://localhost:15057/volume-74346/bucket
2023-06-22 21:37:14,313 [IPC Server handler 9 on default port 15054] WARN  node.SCMNodeManager (SCMNodeManager.java:getNodesByAddress(1377)) - Cannot find node for address 127.0.0.1
drwxrwxrwx   - runner runner          0 2023-06-22 21:37 ofs://localhost:15057/volume-74346/bucket/object-dir
-rw-rw-rw-   3 runner runner          1 2023-06-22 21:37 ofs://localhost:15057/volume-74346/bucket/object-dir/object-name1
]]></system-out>
  </testcase>
  <testcase name="testListStatusIteratorWithPathNotFound" classname="TestRootedOzoneFileSystemWithFSO" time="0.078">
    <system-out><![CDATA[2023-06-22 21:35:40,847 [Time-limited test] INFO  rpc.RpcClient (RpcClient.java:createVolume(459)) - Creating Volume: volume86091, with user21499 as owner and space quota set to -1 bytes, counts quota set to -1
2023-06-22 21:35:40,851 [OM StateMachine ApplyTransaction Thread - 0] INFO  volume.OMVolumeCreateRequest (OMVolumeCreateRequest.java:validateAndUpdateCache(196)) - created volume:volume86091 for user:user21499
2023-06-22 21:35:40,853 [Time-limited test] INFO  rpc.RpcClient (RpcClient.java:createBucket(686)) - Creating Bucket: volume86091/bucket88194, with bucket layout FILE_SYSTEM_OPTIMIZED, runner as owner, Versioning false, Storage Type set to DISK and Encryption set to false, Replication Type set to server-side default replication type, Namespace Quota set to -1, Space Quota set to -1 
2023-06-22 21:35:40,854 [OM StateMachine ApplyTransaction Thread - 0] INFO  bucket.OMBucketCreateRequest (OMBucketCreateRequest.java:validateAndUpdateCache(270)) - created bucket: bucket88194 of layout FILE_SYSTEM_OPTIMIZED in volume: volume86091
21:35:40.857 [IPC Server handler 14 on default port 15004] ERROR OMAudit - user=runner | ip=127.0.0.1 | op=READ_VOLUME {volume=test} | ret=FAILURE
org.apache.hadoop.ozone.om.exceptions.OMException: Volume test is not found
	at org.apache.hadoop.ozone.om.VolumeManagerImpl.getVolumeInfo(VolumeManagerImpl.java:61) ~[ozone-manager-1.4.0-SNAPSHOT.jar:?]
	at org.apache.hadoop.ozone.om.OzoneManager.getVolumeInfo(OzoneManager.java:2592) ~[ozone-manager-1.4.0-SNAPSHOT.jar:?]
	at org.apache.hadoop.ozone.protocolPB.OzoneManagerRequestHandler.infoVolume(OzoneManagerRequestHandler.java:450) ~[ozone-manager-1.4.0-SNAPSHOT.jar:?]
	at org.apache.hadoop.ozone.protocolPB.OzoneManagerRequestHandler.handleReadRequest(OzoneManagerRequestHandler.java:185) ~[ozone-manager-1.4.0-SNAPSHOT.jar:?]
	at org.apache.hadoop.ozone.protocolPB.OzoneManagerProtocolServerSideTranslatorPB.submitReadRequestToOM(OzoneManagerProtocolServerSideTranslatorPB.java:223) ~[ozone-manager-1.4.0-SNAPSHOT.jar:?]
	at org.apache.hadoop.ozone.protocolPB.OzoneManagerProtocolServerSideTranslatorPB.processRequest(OzoneManagerProtocolServerSideTranslatorPB.java:177) ~[ozone-manager-1.4.0-SNAPSHOT.jar:?]
	at org.apache.hadoop.hdds.server.OzoneProtocolMessageDispatcher.processRequest(OzoneProtocolMessageDispatcher.java:87) [hdds-server-framework-1.4.0-SNAPSHOT.jar:?]
	at org.apache.hadoop.ozone.protocolPB.OzoneManagerProtocolServerSideTranslatorPB.submitRequest(OzoneManagerProtocolServerSideTranslatorPB.java:147) [ozone-manager-1.4.0-SNAPSHOT.jar:?]
	at org.apache.hadoop.ozone.protocol.proto.OzoneManagerProtocolProtos$OzoneManagerService$2.callBlockingMethod(OzoneManagerProtocolProtos.java) [ozone-interface-client-1.4.0-SNAPSHOT.jar:?]
	at org.apache.hadoop.ipc.ProtobufRpcEngine$Server.processCall(ProtobufRpcEngine.java:484) [hadoop-common-3.3.5.jar:?]
	at org.apache.hadoop.ipc.ProtobufRpcEngine2$Server$ProtoBufRpcInvoker.call(ProtobufRpcEngine2.java:595) [hadoop-common-3.3.5.jar:?]
	at org.apache.hadoop.ipc.ProtobufRpcEngine2$Server$ProtoBufRpcInvoker.call(ProtobufRpcEngine2.java:573) [hadoop-common-3.3.5.jar:?]
	at org.apache.hadoop.ipc.RPC$Server.call(RPC.java:1213) [hadoop-common-3.3.5.jar:?]
	at org.apache.hadoop.ipc.Server$RpcCall.run(Server.java:1089) [hadoop-common-3.3.5.jar:?]
	at org.apache.hadoop.ipc.Server$RpcCall.run(Server.java:1012) [hadoop-common-3.3.5.jar:?]
	at java.security.AccessController.doPrivileged(Native Method) ~[?:1.8.0_372]
	at javax.security.auth.Subject.doAs(Subject.java:422) [?:1.8.0_372]
	at org.apache.hadoop.security.UserGroupInformation.doAs(UserGroupInformation.java:1899) [hadoop-common-3.3.5.jar:?]
	at org.apache.hadoop.ipc.Server$Handler.run(Server.java:3026) [hadoop-common-3.3.5.jar:?]
]]></system-out>
  </testcase>
  <testcase name="testListStatusIteratorWithPathNotFound" classname="TestRootedOzoneFileSystemWithFSO" time="0.024">
    <system-out><![CDATA[2023-06-22 21:37:14,360 [Time-limited test] INFO  rpc.RpcClient (RpcClient.java:createVolume(459)) - Creating Volume: volume06405, with user03422 as owner and space quota set to -1 bytes, counts quota set to -1
2023-06-22 21:37:14,361 [IPC Server handler 19 on default port 15057] INFO  volume.OMVolumeCreateRequest (OMVolumeCreateRequest.java:validateAndUpdateCache(196)) - created volume:volume06405 for user:user03422
2023-06-22 21:37:14,362 [Time-limited test] INFO  rpc.RpcClient (RpcClient.java:createBucket(686)) - Creating Bucket: volume06405/bucket37857, with bucket layout FILE_SYSTEM_OPTIMIZED, runner as owner, Versioning false, Storage Type set to DISK and Encryption set to false, Replication Type set to server-side default replication type, Namespace Quota set to -1, Space Quota set to -1 
2023-06-22 21:37:14,363 [IPC Server handler 16 on default port 15057] INFO  bucket.OMBucketCreateRequest (OMBucketCreateRequest.java:validateAndUpdateCache(270)) - created bucket: bucket37857 of layout FILE_SYSTEM_OPTIMIZED in volume: volume06405
21:37:14.364 [IPC Server handler 6 on default port 15057] ERROR OMAudit - user=runner | ip=127.0.0.1 | op=READ_VOLUME {volume=test} | ret=FAILURE
org.apache.hadoop.ozone.om.exceptions.OMException: Volume test is not found
	at org.apache.hadoop.ozone.om.VolumeManagerImpl.getVolumeInfo(VolumeManagerImpl.java:61) ~[ozone-manager-1.4.0-SNAPSHOT.jar:?]
	at org.apache.hadoop.ozone.om.OzoneManager.getVolumeInfo(OzoneManager.java:2592) ~[ozone-manager-1.4.0-SNAPSHOT.jar:?]
	at org.apache.hadoop.ozone.protocolPB.OzoneManagerRequestHandler.infoVolume(OzoneManagerRequestHandler.java:450) ~[ozone-manager-1.4.0-SNAPSHOT.jar:?]
	at org.apache.hadoop.ozone.protocolPB.OzoneManagerRequestHandler.handleReadRequest(OzoneManagerRequestHandler.java:185) ~[ozone-manager-1.4.0-SNAPSHOT.jar:?]
	at org.apache.hadoop.ozone.protocolPB.OzoneManagerProtocolServerSideTranslatorPB.submitRequestDirectlyToOM(OzoneManagerProtocolServerSideTranslatorPB.java:272) ~[ozone-manager-1.4.0-SNAPSHOT.jar:?]
	at org.apache.hadoop.ozone.protocolPB.OzoneManagerProtocolServerSideTranslatorPB.processRequest(OzoneManagerProtocolServerSideTranslatorPB.java:173) ~[ozone-manager-1.4.0-SNAPSHOT.jar:?]
	at org.apache.hadoop.hdds.server.OzoneProtocolMessageDispatcher.processRequest(OzoneProtocolMessageDispatcher.java:87) [hdds-server-framework-1.4.0-SNAPSHOT.jar:?]
	at org.apache.hadoop.ozone.protocolPB.OzoneManagerProtocolServerSideTranslatorPB.submitRequest(OzoneManagerProtocolServerSideTranslatorPB.java:147) [ozone-manager-1.4.0-SNAPSHOT.jar:?]
	at org.apache.hadoop.ozone.protocol.proto.OzoneManagerProtocolProtos$OzoneManagerService$2.callBlockingMethod(OzoneManagerProtocolProtos.java) [ozone-interface-client-1.4.0-SNAPSHOT.jar:?]
	at org.apache.hadoop.ipc.ProtobufRpcEngine$Server.processCall(ProtobufRpcEngine.java:484) [hadoop-common-3.3.5.jar:?]
	at org.apache.hadoop.ipc.ProtobufRpcEngine2$Server$ProtoBufRpcInvoker.call(ProtobufRpcEngine2.java:595) [hadoop-common-3.3.5.jar:?]
	at org.apache.hadoop.ipc.ProtobufRpcEngine2$Server$ProtoBufRpcInvoker.call(ProtobufRpcEngine2.java:573) [hadoop-common-3.3.5.jar:?]
	at org.apache.hadoop.ipc.RPC$Server.call(RPC.java:1213) [hadoop-common-3.3.5.jar:?]
	at org.apache.hadoop.ipc.Server$RpcCall.run(Server.java:1089) [hadoop-common-3.3.5.jar:?]
	at org.apache.hadoop.ipc.Server$RpcCall.run(Server.java:1012) [hadoop-common-3.3.5.jar:?]
	at java.security.AccessController.doPrivileged(Native Method) ~[?:1.8.0_372]
	at javax.security.auth.Subject.doAs(Subject.java:422) [?:1.8.0_372]
	at org.apache.hadoop.security.UserGroupInformation.doAs(UserGroupInformation.java:1899) [hadoop-common-3.3.5.jar:?]
	at org.apache.hadoop.ipc.Server$Handler.run(Server.java:3026) [hadoop-common-3.3.5.jar:?]
]]></system-out>
  </testcase>
  <testcase name="testListStatusRootAndVolumeNonRecursive" classname="TestRootedOzoneFileSystemWithFSO" time="0.321">
    <failure type="java.lang.AssertionError"><![CDATA[java.lang.AssertionError: expected:<3> but was:<4>
	at org.junit.Assert.fail(Assert.java:89)
	at org.junit.Assert.failNotEquals(Assert.java:835)
	at org.junit.Assert.assertEquals(Assert.java:647)
	at org.junit.Assert.assertEquals(Assert.java:633)
	at org.apache.hadoop.fs.ozone.TestRootedOzoneFileSystem.testListStatusRootAndVolumeNonRecursive(TestRootedOzoneFileSystem.java:1075)
	at sun.reflect.NativeMethodAccessorImpl.invoke0(Native Method)
	at sun.reflect.NativeMethodAccessorImpl.invoke(NativeMethodAccessorImpl.java:62)
	at sun.reflect.DelegatingMethodAccessorImpl.invoke(DelegatingMethodAccessorImpl.java:43)
	at java.lang.reflect.Method.invoke(Method.java:498)
	at org.junit.runners.model.FrameworkMethod$1.runReflectiveCall(FrameworkMethod.java:59)
	at org.junit.internal.runners.model.ReflectiveCallable.run(ReflectiveCallable.java:12)
	at org.junit.runners.model.FrameworkMethod.invokeExplosively(FrameworkMethod.java:56)
	at org.junit.internal.runners.statements.InvokeMethod.evaluate(InvokeMethod.java:17)
	at org.junit.internal.runners.statements.RunBefores.evaluate(RunBefores.java:26)
	at org.junit.internal.runners.statements.RunAfters.evaluate(RunAfters.java:27)
	at org.junit.internal.runners.statements.FailOnTimeout$CallableStatement.call(FailOnTimeout.java:288)
	at org.junit.internal.runners.statements.FailOnTimeout$CallableStatement.call(FailOnTimeout.java:282)
	at java.util.concurrent.FutureTask.run(FutureTask.java:266)
	at java.lang.Thread.run(Thread.java:750)
]]></failure>
    <system-out><![CDATA[2023-06-22 21:35:40,904 [Time-limited test] INFO  rpc.RpcClient (RpcClient.java:createVolume(459)) - Creating Volume: volume54413, with user30229 as owner and space quota set to -1 bytes, counts quota set to -1
2023-06-22 21:35:40,907 [OM StateMachine ApplyTransaction Thread - 0] INFO  volume.OMVolumeCreateRequest (OMVolumeCreateRequest.java:validateAndUpdateCache(196)) - created volume:volume54413 for user:user30229
2023-06-22 21:35:40,909 [Time-limited test] INFO  rpc.RpcClient (RpcClient.java:createBucket(686)) - Creating Bucket: volume54413/bucket97975, with bucket layout FILE_SYSTEM_OPTIMIZED, runner as owner, Versioning false, Storage Type set to DISK and Encryption set to false, Replication Type set to server-side default replication type, Namespace Quota set to -1, Space Quota set to -1 
2023-06-22 21:35:40,912 [OM StateMachine ApplyTransaction Thread - 0] INFO  bucket.OMBucketCreateRequest (OMBucketCreateRequest.java:validateAndUpdateCache(270)) - created bucket: bucket97975 of layout FILE_SYSTEM_OPTIMIZED in volume: volume54413
21:35:40.915 [IPC Server handler 19 on default port 15004] ERROR OMAudit - user=runner | ip=127.0.0.1 | op=READ_BUCKET {volume=volume-37019, bucket=bucket-46042} | ret=FAILURE
org.apache.hadoop.ozone.om.exceptions.OMException: Volume not found when getting bucket info
	at org.apache.hadoop.ozone.om.BucketManagerImpl.getBucketInfo(BucketManagerImpl.java:81) ~[ozone-manager-1.4.0-SNAPSHOT.jar:?]
	at org.apache.hadoop.ozone.om.OzoneManager.getBucketInfo(OzoneManager.java:2777) ~[ozone-manager-1.4.0-SNAPSHOT.jar:?]
	at org.apache.hadoop.ozone.protocolPB.OzoneManagerRequestHandler.infoBucket(OzoneManagerRequestHandler.java:524) ~[ozone-manager-1.4.0-SNAPSHOT.jar:?]
	at org.apache.hadoop.ozone.protocolPB.OzoneManagerRequestHandler.handleReadRequest(OzoneManagerRequestHandler.java:195) ~[ozone-manager-1.4.0-SNAPSHOT.jar:?]
	at org.apache.hadoop.ozone.protocolPB.OzoneManagerProtocolServerSideTranslatorPB.submitReadRequestToOM(OzoneManagerProtocolServerSideTranslatorPB.java:223) ~[ozone-manager-1.4.0-SNAPSHOT.jar:?]
	at org.apache.hadoop.ozone.protocolPB.OzoneManagerProtocolServerSideTranslatorPB.processRequest(OzoneManagerProtocolServerSideTranslatorPB.java:177) ~[ozone-manager-1.4.0-SNAPSHOT.jar:?]
	at org.apache.hadoop.hdds.server.OzoneProtocolMessageDispatcher.processRequest(OzoneProtocolMessageDispatcher.java:87) [hdds-server-framework-1.4.0-SNAPSHOT.jar:?]
	at org.apache.hadoop.ozone.protocolPB.OzoneManagerProtocolServerSideTranslatorPB.submitRequest(OzoneManagerProtocolServerSideTranslatorPB.java:147) [ozone-manager-1.4.0-SNAPSHOT.jar:?]
	at org.apache.hadoop.ozone.protocol.proto.OzoneManagerProtocolProtos$OzoneManagerService$2.callBlockingMethod(OzoneManagerProtocolProtos.java) [ozone-interface-client-1.4.0-SNAPSHOT.jar:?]
	at org.apache.hadoop.ipc.ProtobufRpcEngine$Server.processCall(ProtobufRpcEngine.java:484) [hadoop-common-3.3.5.jar:?]
	at org.apache.hadoop.ipc.ProtobufRpcEngine2$Server$ProtoBufRpcInvoker.call(ProtobufRpcEngine2.java:595) [hadoop-common-3.3.5.jar:?]
	at org.apache.hadoop.ipc.ProtobufRpcEngine2$Server$ProtoBufRpcInvoker.call(ProtobufRpcEngine2.java:573) [hadoop-common-3.3.5.jar:?]
	at org.apache.hadoop.ipc.RPC$Server.call(RPC.java:1213) [hadoop-common-3.3.5.jar:?]
	at org.apache.hadoop.ipc.Server$RpcCall.run(Server.java:1089) [hadoop-common-3.3.5.jar:?]
	at org.apache.hadoop.ipc.Server$RpcCall.run(Server.java:1012) [hadoop-common-3.3.5.jar:?]
	at java.security.AccessController.doPrivileged(Native Method) ~[?:1.8.0_372]
	at javax.security.auth.Subject.doAs(Subject.java:422) [?:1.8.0_372]
	at org.apache.hadoop.security.UserGroupInformation.doAs(UserGroupInformation.java:1899) [hadoop-common-3.3.5.jar:?]
	at org.apache.hadoop.ipc.Server$Handler.run(Server.java:3026) [hadoop-common-3.3.5.jar:?]
2023-06-22 21:35:40,916 [Time-limited test] INFO  rpc.RpcClient (RpcClient.java:createVolume(459)) - Creating Volume: volume-37019, with runner as owner and space quota set to -1 bytes, counts quota set to -1
2023-06-22 21:35:40,918 [OM StateMachine ApplyTransaction Thread - 0] INFO  volume.OMVolumeCreateRequest (OMVolumeCreateRequest.java:validateAndUpdateCache(196)) - created volume:volume-37019 for user:runner
2023-06-22 21:35:40,920 [Time-limited test] INFO  rpc.RpcClient (RpcClient.java:createBucket(686)) - Creating Bucket: volume-37019/bucket-46042, with bucket layout FILE_SYSTEM_OPTIMIZED, runner as owner, Versioning false, Storage Type set to DISK and Encryption set to false, Replication Type set to server-side default replication type, Namespace Quota set to -1, Space Quota set to -1 
2023-06-22 21:35:40,922 [OM StateMachine ApplyTransaction Thread - 0] INFO  bucket.OMBucketCreateRequest (OMBucketCreateRequest.java:validateAndUpdateCache(270)) - created bucket: bucket-46042 of layout FILE_SYSTEM_OPTIMIZED in volume: volume-37019
21:35:41.053 [IPC Server handler 12 on default port 15004] ERROR OMAudit - user=runner | ip=127.0.0.1 | op=READ_BUCKET {volume=volume-40960, bucket=bucket-06556} | ret=FAILURE
org.apache.hadoop.ozone.om.exceptions.OMException: Volume not found when getting bucket info
	at org.apache.hadoop.ozone.om.BucketManagerImpl.getBucketInfo(BucketManagerImpl.java:81) ~[ozone-manager-1.4.0-SNAPSHOT.jar:?]
	at org.apache.hadoop.ozone.om.OzoneManager.getBucketInfo(OzoneManager.java:2777) ~[ozone-manager-1.4.0-SNAPSHOT.jar:?]
	at org.apache.hadoop.ozone.protocolPB.OzoneManagerRequestHandler.infoBucket(OzoneManagerRequestHandler.java:524) ~[ozone-manager-1.4.0-SNAPSHOT.jar:?]
	at org.apache.hadoop.ozone.protocolPB.OzoneManagerRequestHandler.handleReadRequest(OzoneManagerRequestHandler.java:195) ~[ozone-manager-1.4.0-SNAPSHOT.jar:?]
	at org.apache.hadoop.ozone.protocolPB.OzoneManagerProtocolServerSideTranslatorPB.submitReadRequestToOM(OzoneManagerProtocolServerSideTranslatorPB.java:223) ~[ozone-manager-1.4.0-SNAPSHOT.jar:?]
	at org.apache.hadoop.ozone.protocolPB.OzoneManagerProtocolServerSideTranslatorPB.processRequest(OzoneManagerProtocolServerSideTranslatorPB.java:177) ~[ozone-manager-1.4.0-SNAPSHOT.jar:?]
	at org.apache.hadoop.hdds.server.OzoneProtocolMessageDispatcher.processRequest(OzoneProtocolMessageDispatcher.java:87) [hdds-server-framework-1.4.0-SNAPSHOT.jar:?]
	at org.apache.hadoop.ozone.protocolPB.OzoneManagerProtocolServerSideTranslatorPB.submitRequest(OzoneManagerProtocolServerSideTranslatorPB.java:147) [ozone-manager-1.4.0-SNAPSHOT.jar:?]
	at org.apache.hadoop.ozone.protocol.proto.OzoneManagerProtocolProtos$OzoneManagerService$2.callBlockingMethod(OzoneManagerProtocolProtos.java) [ozone-interface-client-1.4.0-SNAPSHOT.jar:?]
	at org.apache.hadoop.ipc.ProtobufRpcEngine$Server.processCall(ProtobufRpcEngine.java:484) [hadoop-common-3.3.5.jar:?]
	at org.apache.hadoop.ipc.ProtobufRpcEngine2$Server$ProtoBufRpcInvoker.call(ProtobufRpcEngine2.java:595) [hadoop-common-3.3.5.jar:?]
	at org.apache.hadoop.ipc.ProtobufRpcEngine2$Server$ProtoBufRpcInvoker.call(ProtobufRpcEngine2.java:573) [hadoop-common-3.3.5.jar:?]
	at org.apache.hadoop.ipc.RPC$Server.call(RPC.java:1213) [hadoop-common-3.3.5.jar:?]
	at org.apache.hadoop.ipc.Server$RpcCall.run(Server.java:1089) [hadoop-common-3.3.5.jar:?]
	at org.apache.hadoop.ipc.Server$RpcCall.run(Server.java:1012) [hadoop-common-3.3.5.jar:?]
	at java.security.AccessController.doPrivileged(Native Method) ~[?:1.8.0_372]
	at javax.security.auth.Subject.doAs(Subject.java:422) [?:1.8.0_372]
	at org.apache.hadoop.security.UserGroupInformation.doAs(UserGroupInformation.java:1899) [hadoop-common-3.3.5.jar:?]
	at org.apache.hadoop.ipc.Server$Handler.run(Server.java:3026) [hadoop-common-3.3.5.jar:?]
2023-06-22 21:35:41,054 [Time-limited test] INFO  rpc.RpcClient (RpcClient.java:createVolume(459)) - Creating Volume: volume-40960, with runner as owner and space quota set to -1 bytes, counts quota set to -1
2023-06-22 21:35:41,056 [OM StateMachine ApplyTransaction Thread - 0] INFO  volume.OMVolumeCreateRequest (OMVolumeCreateRequest.java:validateAndUpdateCache(196)) - created volume:volume-40960 for user:runner
2023-06-22 21:35:41,058 [Time-limited test] INFO  rpc.RpcClient (RpcClient.java:createBucket(686)) - Creating Bucket: volume-40960/bucket-06556, with bucket layout FILE_SYSTEM_OPTIMIZED, runner as owner, Versioning false, Storage Type set to DISK and Encryption set to false, Replication Type set to server-side default replication type, Namespace Quota set to -1, Space Quota set to -1 
2023-06-22 21:35:41,060 [OM StateMachine ApplyTransaction Thread - 0] INFO  bucket.OMBucketCreateRequest (OMBucketCreateRequest.java:validateAndUpdateCache(270)) - created bucket: bucket-06556 of layout FILE_SYSTEM_OPTIMIZED in volume: volume-40960
]]></system-out>
  </testcase>
  <testcase name="testListStatusRootAndVolumeNonRecursive" classname="TestRootedOzoneFileSystemWithFSO" time="0.153">
    <system-out><![CDATA[2023-06-22 21:37:14,385 [Time-limited test] INFO  rpc.RpcClient (RpcClient.java:createVolume(459)) - Creating Volume: volume19096, with user11109 as owner and space quota set to -1 bytes, counts quota set to -1
2023-06-22 21:37:14,386 [IPC Server handler 16 on default port 15057] INFO  volume.OMVolumeCreateRequest (OMVolumeCreateRequest.java:validateAndUpdateCache(196)) - created volume:volume19096 for user:user11109
2023-06-22 21:37:14,387 [Time-limited test] INFO  rpc.RpcClient (RpcClient.java:createBucket(686)) - Creating Bucket: volume19096/bucket55926, with bucket layout FILE_SYSTEM_OPTIMIZED, runner as owner, Versioning false, Storage Type set to DISK and Encryption set to false, Replication Type set to server-side default replication type, Namespace Quota set to -1, Space Quota set to -1 
2023-06-22 21:37:14,387 [IPC Server handler 6 on default port 15057] INFO  bucket.OMBucketCreateRequest (OMBucketCreateRequest.java:validateAndUpdateCache(270)) - created bucket: bucket55926 of layout FILE_SYSTEM_OPTIMIZED in volume: volume19096
21:37:14.389 [IPC Server handler 9 on default port 15057] ERROR OMAudit - user=runner | ip=127.0.0.1 | op=READ_BUCKET {volume=volume-80044, bucket=bucket-23355} | ret=FAILURE
org.apache.hadoop.ozone.om.exceptions.OMException: Volume not found when getting bucket info
	at org.apache.hadoop.ozone.om.BucketManagerImpl.getBucketInfo(BucketManagerImpl.java:81) ~[ozone-manager-1.4.0-SNAPSHOT.jar:?]
	at org.apache.hadoop.ozone.om.OzoneManager.getBucketInfo(OzoneManager.java:2777) ~[ozone-manager-1.4.0-SNAPSHOT.jar:?]
	at org.apache.hadoop.ozone.protocolPB.OzoneManagerRequestHandler.infoBucket(OzoneManagerRequestHandler.java:524) ~[ozone-manager-1.4.0-SNAPSHOT.jar:?]
	at org.apache.hadoop.ozone.protocolPB.OzoneManagerRequestHandler.handleReadRequest(OzoneManagerRequestHandler.java:195) ~[ozone-manager-1.4.0-SNAPSHOT.jar:?]
	at org.apache.hadoop.ozone.protocolPB.OzoneManagerProtocolServerSideTranslatorPB.submitRequestDirectlyToOM(OzoneManagerProtocolServerSideTranslatorPB.java:272) ~[ozone-manager-1.4.0-SNAPSHOT.jar:?]
	at org.apache.hadoop.ozone.protocolPB.OzoneManagerProtocolServerSideTranslatorPB.processRequest(OzoneManagerProtocolServerSideTranslatorPB.java:173) ~[ozone-manager-1.4.0-SNAPSHOT.jar:?]
	at org.apache.hadoop.hdds.server.OzoneProtocolMessageDispatcher.processRequest(OzoneProtocolMessageDispatcher.java:87) [hdds-server-framework-1.4.0-SNAPSHOT.jar:?]
	at org.apache.hadoop.ozone.protocolPB.OzoneManagerProtocolServerSideTranslatorPB.submitRequest(OzoneManagerProtocolServerSideTranslatorPB.java:147) [ozone-manager-1.4.0-SNAPSHOT.jar:?]
	at org.apache.hadoop.ozone.protocol.proto.OzoneManagerProtocolProtos$OzoneManagerService$2.callBlockingMethod(OzoneManagerProtocolProtos.java) [ozone-interface-client-1.4.0-SNAPSHOT.jar:?]
	at org.apache.hadoop.ipc.ProtobufRpcEngine$Server.processCall(ProtobufRpcEngine.java:484) [hadoop-common-3.3.5.jar:?]
	at org.apache.hadoop.ipc.ProtobufRpcEngine2$Server$ProtoBufRpcInvoker.call(ProtobufRpcEngine2.java:595) [hadoop-common-3.3.5.jar:?]
	at org.apache.hadoop.ipc.ProtobufRpcEngine2$Server$ProtoBufRpcInvoker.call(ProtobufRpcEngine2.java:573) [hadoop-common-3.3.5.jar:?]
	at org.apache.hadoop.ipc.RPC$Server.call(RPC.java:1213) [hadoop-common-3.3.5.jar:?]
	at org.apache.hadoop.ipc.Server$RpcCall.run(Server.java:1089) [hadoop-common-3.3.5.jar:?]
	at org.apache.hadoop.ipc.Server$RpcCall.run(Server.java:1012) [hadoop-common-3.3.5.jar:?]
	at java.security.AccessController.doPrivileged(Native Method) ~[?:1.8.0_372]
	at javax.security.auth.Subject.doAs(Subject.java:422) [?:1.8.0_372]
	at org.apache.hadoop.security.UserGroupInformation.doAs(UserGroupInformation.java:1899) [hadoop-common-3.3.5.jar:?]
	at org.apache.hadoop.ipc.Server$Handler.run(Server.java:3026) [hadoop-common-3.3.5.jar:?]
2023-06-22 21:37:14,389 [Time-limited test] INFO  rpc.RpcClient (RpcClient.java:createVolume(459)) - Creating Volume: volume-80044, with runner as owner and space quota set to -1 bytes, counts quota set to -1
2023-06-22 21:37:14,390 [IPC Server handler 3 on default port 15057] INFO  volume.OMVolumeCreateRequest (OMVolumeCreateRequest.java:validateAndUpdateCache(196)) - created volume:volume-80044 for user:runner
2023-06-22 21:37:14,391 [Time-limited test] INFO  rpc.RpcClient (RpcClient.java:createBucket(686)) - Creating Bucket: volume-80044/bucket-23355, with bucket layout FILE_SYSTEM_OPTIMIZED, runner as owner, Versioning false, Storage Type set to DISK and Encryption set to false, Replication Type set to server-side default replication type, Namespace Quota set to -1, Space Quota set to -1 
2023-06-22 21:37:14,391 [IPC Server handler 12 on default port 15057] INFO  bucket.OMBucketCreateRequest (OMBucketCreateRequest.java:validateAndUpdateCache(270)) - created bucket: bucket-23355 of layout FILE_SYSTEM_OPTIMIZED in volume: volume-80044
21:37:14.442 [IPC Server handler 18 on default port 15057] ERROR OMAudit - user=runner | ip=127.0.0.1 | op=READ_BUCKET {volume=volume-88720, bucket=bucket-95130} | ret=FAILURE
org.apache.hadoop.ozone.om.exceptions.OMException: Volume not found when getting bucket info
	at org.apache.hadoop.ozone.om.BucketManagerImpl.getBucketInfo(BucketManagerImpl.java:81) ~[ozone-manager-1.4.0-SNAPSHOT.jar:?]
	at org.apache.hadoop.ozone.om.OzoneManager.getBucketInfo(OzoneManager.java:2777) ~[ozone-manager-1.4.0-SNAPSHOT.jar:?]
	at org.apache.hadoop.ozone.protocolPB.OzoneManagerRequestHandler.infoBucket(OzoneManagerRequestHandler.java:524) ~[ozone-manager-1.4.0-SNAPSHOT.jar:?]
	at org.apache.hadoop.ozone.protocolPB.OzoneManagerRequestHandler.handleReadRequest(OzoneManagerRequestHandler.java:195) ~[ozone-manager-1.4.0-SNAPSHOT.jar:?]
	at org.apache.hadoop.ozone.protocolPB.OzoneManagerProtocolServerSideTranslatorPB.submitRequestDirectlyToOM(OzoneManagerProtocolServerSideTranslatorPB.java:272) ~[ozone-manager-1.4.0-SNAPSHOT.jar:?]
	at org.apache.hadoop.ozone.protocolPB.OzoneManagerProtocolServerSideTranslatorPB.processRequest(OzoneManagerProtocolServerSideTranslatorPB.java:173) ~[ozone-manager-1.4.0-SNAPSHOT.jar:?]
	at org.apache.hadoop.hdds.server.OzoneProtocolMessageDispatcher.processRequest(OzoneProtocolMessageDispatcher.java:87) [hdds-server-framework-1.4.0-SNAPSHOT.jar:?]
	at org.apache.hadoop.ozone.protocolPB.OzoneManagerProtocolServerSideTranslatorPB.submitRequest(OzoneManagerProtocolServerSideTranslatorPB.java:147) [ozone-manager-1.4.0-SNAPSHOT.jar:?]
	at org.apache.hadoop.ozone.protocol.proto.OzoneManagerProtocolProtos$OzoneManagerService$2.callBlockingMethod(OzoneManagerProtocolProtos.java) [ozone-interface-client-1.4.0-SNAPSHOT.jar:?]
	at org.apache.hadoop.ipc.ProtobufRpcEngine$Server.processCall(ProtobufRpcEngine.java:484) [hadoop-common-3.3.5.jar:?]
	at org.apache.hadoop.ipc.ProtobufRpcEngine2$Server$ProtoBufRpcInvoker.call(ProtobufRpcEngine2.java:595) [hadoop-common-3.3.5.jar:?]
	at org.apache.hadoop.ipc.ProtobufRpcEngine2$Server$ProtoBufRpcInvoker.call(ProtobufRpcEngine2.java:573) [hadoop-common-3.3.5.jar:?]
	at org.apache.hadoop.ipc.RPC$Server.call(RPC.java:1213) [hadoop-common-3.3.5.jar:?]
	at org.apache.hadoop.ipc.Server$RpcCall.run(Server.java:1089) [hadoop-common-3.3.5.jar:?]
	at org.apache.hadoop.ipc.Server$RpcCall.run(Server.java:1012) [hadoop-common-3.3.5.jar:?]
	at java.security.AccessController.doPrivileged(Native Method) ~[?:1.8.0_372]
	at javax.security.auth.Subject.doAs(Subject.java:422) [?:1.8.0_372]
	at org.apache.hadoop.security.UserGroupInformation.doAs(UserGroupInformation.java:1899) [hadoop-common-3.3.5.jar:?]
	at org.apache.hadoop.ipc.Server$Handler.run(Server.java:3026) [hadoop-common-3.3.5.jar:?]
2023-06-22 21:37:14,443 [Time-limited test] INFO  rpc.RpcClient (RpcClient.java:createVolume(459)) - Creating Volume: volume-88720, with runner as owner and space quota set to -1 bytes, counts quota set to -1
2023-06-22 21:37:14,444 [IPC Server handler 16 on default port 15057] INFO  volume.OMVolumeCreateRequest (OMVolumeCreateRequest.java:validateAndUpdateCache(196)) - created volume:volume-88720 for user:runner
2023-06-22 21:37:14,444 [Time-limited test] INFO  rpc.RpcClient (RpcClient.java:createBucket(686)) - Creating Bucket: volume-88720/bucket-95130, with bucket layout FILE_SYSTEM_OPTIMIZED, runner as owner, Versioning false, Storage Type set to DISK and Encryption set to false, Replication Type set to server-side default replication type, Namespace Quota set to -1, Space Quota set to -1 
2023-06-22 21:37:14,445 [IPC Server handler 6 on default port 15057] INFO  bucket.OMBucketCreateRequest (OMBucketCreateRequest.java:validateAndUpdateCache(270)) - created bucket: bucket-95130 of layout FILE_SYSTEM_OPTIMIZED in volume: volume-88720
]]></system-out>
  </testcase>
  <testcase name="testDeleteBucketLink" classname="TestRootedOzoneFileSystemWithFSO" time="0.16">
    <system-out><![CDATA[2023-06-22 21:35:41,242 [Time-limited test] INFO  rpc.RpcClient (RpcClient.java:createVolume(459)) - Creating Volume: volume65647, with user73517 as owner and space quota set to -1 bytes, counts quota set to -1
2023-06-22 21:35:41,245 [OM StateMachine ApplyTransaction Thread - 0] INFO  volume.OMVolumeCreateRequest (OMVolumeCreateRequest.java:validateAndUpdateCache(196)) - created volume:volume65647 for user:user73517
2023-06-22 21:35:41,251 [Time-limited test] INFO  rpc.RpcClient (RpcClient.java:createBucket(686)) - Creating Bucket: volume65647/bucket30494, with bucket layout FILE_SYSTEM_OPTIMIZED, runner as owner, Versioning false, Storage Type set to DISK and Encryption set to false, Replication Type set to server-side default replication type, Namespace Quota set to -1, Space Quota set to -1 
2023-06-22 21:35:41,253 [OM StateMachine ApplyTransaction Thread - 0] INFO  bucket.OMBucketCreateRequest (OMBucketCreateRequest.java:validateAndUpdateCache(270)) - created bucket: bucket30494 of layout FILE_SYSTEM_OPTIMIZED in volume: volume65647
21:35:41.256 [IPC Server handler 15 on default port 15004] ERROR OMAudit - user=runner | ip=127.0.0.1 | op=READ_BUCKET {volume=volume-52825, bucket=bucket} | ret=FAILURE
org.apache.hadoop.ozone.om.exceptions.OMException: Volume not found when getting bucket info
	at org.apache.hadoop.ozone.om.BucketManagerImpl.getBucketInfo(BucketManagerImpl.java:81) ~[ozone-manager-1.4.0-SNAPSHOT.jar:?]
	at org.apache.hadoop.ozone.om.OzoneManager.getBucketInfo(OzoneManager.java:2777) ~[ozone-manager-1.4.0-SNAPSHOT.jar:?]
	at org.apache.hadoop.ozone.protocolPB.OzoneManagerRequestHandler.infoBucket(OzoneManagerRequestHandler.java:524) ~[ozone-manager-1.4.0-SNAPSHOT.jar:?]
	at org.apache.hadoop.ozone.protocolPB.OzoneManagerRequestHandler.handleReadRequest(OzoneManagerRequestHandler.java:195) ~[ozone-manager-1.4.0-SNAPSHOT.jar:?]
	at org.apache.hadoop.ozone.protocolPB.OzoneManagerProtocolServerSideTranslatorPB.submitReadRequestToOM(OzoneManagerProtocolServerSideTranslatorPB.java:223) ~[ozone-manager-1.4.0-SNAPSHOT.jar:?]
	at org.apache.hadoop.ozone.protocolPB.OzoneManagerProtocolServerSideTranslatorPB.processRequest(OzoneManagerProtocolServerSideTranslatorPB.java:177) ~[ozone-manager-1.4.0-SNAPSHOT.jar:?]
	at org.apache.hadoop.hdds.server.OzoneProtocolMessageDispatcher.processRequest(OzoneProtocolMessageDispatcher.java:87) [hdds-server-framework-1.4.0-SNAPSHOT.jar:?]
	at org.apache.hadoop.ozone.protocolPB.OzoneManagerProtocolServerSideTranslatorPB.submitRequest(OzoneManagerProtocolServerSideTranslatorPB.java:147) [ozone-manager-1.4.0-SNAPSHOT.jar:?]
	at org.apache.hadoop.ozone.protocol.proto.OzoneManagerProtocolProtos$OzoneManagerService$2.callBlockingMethod(OzoneManagerProtocolProtos.java) [ozone-interface-client-1.4.0-SNAPSHOT.jar:?]
	at org.apache.hadoop.ipc.ProtobufRpcEngine$Server.processCall(ProtobufRpcEngine.java:484) [hadoop-common-3.3.5.jar:?]
	at org.apache.hadoop.ipc.ProtobufRpcEngine2$Server$ProtoBufRpcInvoker.call(ProtobufRpcEngine2.java:595) [hadoop-common-3.3.5.jar:?]
	at org.apache.hadoop.ipc.ProtobufRpcEngine2$Server$ProtoBufRpcInvoker.call(ProtobufRpcEngine2.java:573) [hadoop-common-3.3.5.jar:?]
	at org.apache.hadoop.ipc.RPC$Server.call(RPC.java:1213) [hadoop-common-3.3.5.jar:?]
	at org.apache.hadoop.ipc.Server$RpcCall.run(Server.java:1089) [hadoop-common-3.3.5.jar:?]
	at org.apache.hadoop.ipc.Server$RpcCall.run(Server.java:1012) [hadoop-common-3.3.5.jar:?]
	at java.security.AccessController.doPrivileged(Native Method) ~[?:1.8.0_372]
	at javax.security.auth.Subject.doAs(Subject.java:422) [?:1.8.0_372]
	at org.apache.hadoop.security.UserGroupInformation.doAs(UserGroupInformation.java:1899) [hadoop-common-3.3.5.jar:?]
	at org.apache.hadoop.ipc.Server$Handler.run(Server.java:3026) [hadoop-common-3.3.5.jar:?]
2023-06-22 21:35:41,257 [Time-limited test] INFO  rpc.RpcClient (RpcClient.java:createVolume(459)) - Creating Volume: volume-52825, with runner as owner and space quota set to -1 bytes, counts quota set to -1
2023-06-22 21:35:41,260 [OM StateMachine ApplyTransaction Thread - 0] INFO  volume.OMVolumeCreateRequest (OMVolumeCreateRequest.java:validateAndUpdateCache(196)) - created volume:volume-52825 for user:runner
2023-06-22 21:35:41,261 [Time-limited test] INFO  rpc.RpcClient (RpcClient.java:createBucket(686)) - Creating Bucket: volume-52825/bucket, with bucket layout FILE_SYSTEM_OPTIMIZED, runner as owner, Versioning false, Storage Type set to DISK and Encryption set to false, Replication Type set to server-side default replication type, Namespace Quota set to -1, Space Quota set to -1 
2023-06-22 21:35:41,263 [OM StateMachine ApplyTransaction Thread - 0] INFO  bucket.OMBucketCreateRequest (OMBucketCreateRequest.java:validateAndUpdateCache(270)) - created bucket: bucket of layout FILE_SYSTEM_OPTIMIZED in volume: volume-52825
2023-06-22 21:35:41,275 [Time-limited test] INFO  rpc.RpcClient (RpcClient.java:createVolume(459)) - Creating Volume: volume-89696, with runner as owner and space quota set to -1 bytes, counts quota set to -1
2023-06-22 21:35:41,297 [OM StateMachine ApplyTransaction Thread - 0] INFO  volume.OMVolumeCreateRequest (OMVolumeCreateRequest.java:validateAndUpdateCache(196)) - created volume:volume-89696 for user:runner
2023-06-22 21:35:41,299 [Time-limited test] INFO  rpc.RpcClient (RpcClient.java:createBucket(686)) - Creating Bucket: volume-89696/link, with server-side default bucket layout, runner as owner, Versioning false, Storage Type set to DISK and Encryption set to false, Replication Type set to server-side default replication type, Namespace Quota set to -1, Space Quota set to -1 
2023-06-22 21:35:41,301 [OM StateMachine ApplyTransaction Thread - 0] INFO  bucket.OMBucketCreateRequest (OMBucketCreateRequest.java:validateAndUpdateCache(270)) - created bucket: link of layout FILE_SYSTEM_OPTIMIZED in volume: volume-89696
21:35:41.307 [OM StateMachine ApplyTransaction Thread - 0] ERROR OMAudit - user=runner | ip=127.0.0.1 | op=DELETE_VOLUME {volume=volume-89696} | ret=FAILURE
org.apache.hadoop.ozone.om.exceptions.OMException: null
	at org.apache.hadoop.ozone.om.request.volume.OMVolumeDeleteRequest.validateAndUpdateCache(OMVolumeDeleteRequest.java:121) ~[ozone-manager-1.4.0-SNAPSHOT.jar:?]
	at org.apache.hadoop.ozone.protocolPB.OzoneManagerRequestHandler.handleWriteRequest(OzoneManagerRequestHandler.java:352) ~[ozone-manager-1.4.0-SNAPSHOT.jar:?]
	at org.apache.hadoop.ozone.om.ratis.OzoneManagerStateMachine.runCommand(OzoneManagerStateMachine.java:567) ~[ozone-manager-1.4.0-SNAPSHOT.jar:?]
	at org.apache.hadoop.ozone.om.ratis.OzoneManagerStateMachine.lambda$1(OzoneManagerStateMachine.java:358) ~[ozone-manager-1.4.0-SNAPSHOT.jar:?]
	at java.util.concurrent.CompletableFuture$AsyncSupply.run(CompletableFuture.java:1604) [?:1.8.0_372]
	at java.util.concurrent.ThreadPoolExecutor.runWorker(ThreadPoolExecutor.java:1149) [?:1.8.0_372]
	at java.util.concurrent.ThreadPoolExecutor$Worker.run(ThreadPoolExecutor.java:624) [?:1.8.0_372]
	at java.lang.Thread.run(Thread.java:750) [?:1.8.0_372]
2023-06-22 21:35:41,307 [OM StateMachine ApplyTransaction Thread - 0] ERROR volume.OMVolumeDeleteRequest (OMVolumeDeleteRequest.java:validateAndUpdateCache(168)) - Volume deletion failed for user:runner volume:volume-89696
VOLUME_NOT_EMPTY org.apache.hadoop.ozone.om.exceptions.OMException
	at org.apache.hadoop.ozone.om.request.volume.OMVolumeDeleteRequest.validateAndUpdateCache(OMVolumeDeleteRequest.java:121)
	at org.apache.hadoop.ozone.protocolPB.OzoneManagerRequestHandler.handleWriteRequest(OzoneManagerRequestHandler.java:352)
	at org.apache.hadoop.ozone.om.ratis.OzoneManagerStateMachine.runCommand(OzoneManagerStateMachine.java:567)
	at org.apache.hadoop.ozone.om.ratis.OzoneManagerStateMachine.lambda$1(OzoneManagerStateMachine.java:358)
	at java.util.concurrent.CompletableFuture$AsyncSupply.run(CompletableFuture.java:1604)
	at java.util.concurrent.ThreadPoolExecutor.runWorker(ThreadPoolExecutor.java:1149)
	at java.util.concurrent.ThreadPoolExecutor$Worker.run(ThreadPoolExecutor.java:624)
	at java.lang.Thread.run(Thread.java:750)
21:35:41.327 [IPC Server handler 17 on default port 15004] ERROR OMAudit - user=runner | ip=127.0.0.1 | op=READ_BUCKET {volume=volume-89696, bucket=link} | ret=FAILURE
org.apache.hadoop.ozone.om.exceptions.OMException: Volume not found when getting bucket info
	at org.apache.hadoop.ozone.om.BucketManagerImpl.getBucketInfo(BucketManagerImpl.java:81) ~[ozone-manager-1.4.0-SNAPSHOT.jar:?]
	at org.apache.hadoop.ozone.om.OzoneManager.getBucketInfo(OzoneManager.java:2777) ~[ozone-manager-1.4.0-SNAPSHOT.jar:?]
	at org.apache.hadoop.ozone.protocolPB.OzoneManagerRequestHandler.infoBucket(OzoneManagerRequestHandler.java:524) ~[ozone-manager-1.4.0-SNAPSHOT.jar:?]
	at org.apache.hadoop.ozone.protocolPB.OzoneManagerRequestHandler.handleReadRequest(OzoneManagerRequestHandler.java:195) ~[ozone-manager-1.4.0-SNAPSHOT.jar:?]
	at org.apache.hadoop.ozone.protocolPB.OzoneManagerProtocolServerSideTranslatorPB.submitReadRequestToOM(OzoneManagerProtocolServerSideTranslatorPB.java:223) ~[ozone-manager-1.4.0-SNAPSHOT.jar:?]
	at org.apache.hadoop.ozone.protocolPB.OzoneManagerProtocolServerSideTranslatorPB.processRequest(OzoneManagerProtocolServerSideTranslatorPB.java:177) ~[ozone-manager-1.4.0-SNAPSHOT.jar:?]
	at org.apache.hadoop.hdds.server.OzoneProtocolMessageDispatcher.processRequest(OzoneProtocolMessageDispatcher.java:87) [hdds-server-framework-1.4.0-SNAPSHOT.jar:?]
	at org.apache.hadoop.ozone.protocolPB.OzoneManagerProtocolServerSideTranslatorPB.submitRequest(OzoneManagerProtocolServerSideTranslatorPB.java:147) [ozone-manager-1.4.0-SNAPSHOT.jar:?]
	at org.apache.hadoop.ozone.protocol.proto.OzoneManagerProtocolProtos$OzoneManagerService$2.callBlockingMethod(OzoneManagerProtocolProtos.java) [ozone-interface-client-1.4.0-SNAPSHOT.jar:?]
	at org.apache.hadoop.ipc.ProtobufRpcEngine$Server.processCall(ProtobufRpcEngine.java:484) [hadoop-common-3.3.5.jar:?]
	at org.apache.hadoop.ipc.ProtobufRpcEngine2$Server$ProtoBufRpcInvoker.call(ProtobufRpcEngine2.java:595) [hadoop-common-3.3.5.jar:?]
	at org.apache.hadoop.ipc.ProtobufRpcEngine2$Server$ProtoBufRpcInvoker.call(ProtobufRpcEngine2.java:573) [hadoop-common-3.3.5.jar:?]
	at org.apache.hadoop.ipc.RPC$Server.call(RPC.java:1213) [hadoop-common-3.3.5.jar:?]
	at org.apache.hadoop.ipc.Server$RpcCall.run(Server.java:1089) [hadoop-common-3.3.5.jar:?]
	at org.apache.hadoop.ipc.Server$RpcCall.run(Server.java:1012) [hadoop-common-3.3.5.jar:?]
	at java.security.AccessController.doPrivileged(Native Method) ~[?:1.8.0_372]
	at javax.security.auth.Subject.doAs(Subject.java:422) [?:1.8.0_372]
	at org.apache.hadoop.security.UserGroupInformation.doAs(UserGroupInformation.java:1899) [hadoop-common-3.3.5.jar:?]
	at org.apache.hadoop.ipc.Server$Handler.run(Server.java:3026) [hadoop-common-3.3.5.jar:?]
]]></system-out>
  </testcase>
  <testcase name="testDeleteBucketLink" classname="TestRootedOzoneFileSystemWithFSO" time="0.063">
    <system-out><![CDATA[2023-06-22 21:37:14,544 [Time-limited test] INFO  rpc.RpcClient (RpcClient.java:createVolume(459)) - Creating Volume: volume80870, with user15726 as owner and space quota set to -1 bytes, counts quota set to -1
2023-06-22 21:37:14,545 [IPC Server handler 6 on default port 15057] INFO  volume.OMVolumeCreateRequest (OMVolumeCreateRequest.java:validateAndUpdateCache(196)) - created volume:volume80870 for user:user15726
2023-06-22 21:37:14,546 [Time-limited test] INFO  rpc.RpcClient (RpcClient.java:createBucket(686)) - Creating Bucket: volume80870/bucket99035, with bucket layout FILE_SYSTEM_OPTIMIZED, runner as owner, Versioning false, Storage Type set to DISK and Encryption set to false, Replication Type set to server-side default replication type, Namespace Quota set to -1, Space Quota set to -1 
2023-06-22 21:37:14,546 [IPC Server handler 13 on default port 15057] INFO  bucket.OMBucketCreateRequest (OMBucketCreateRequest.java:validateAndUpdateCache(270)) - created bucket: bucket99035 of layout FILE_SYSTEM_OPTIMIZED in volume: volume80870
21:37:14.548 [IPC Server handler 5 on default port 15057] ERROR OMAudit - user=runner | ip=127.0.0.1 | op=READ_BUCKET {volume=volume-78183, bucket=bucket} | ret=FAILURE
org.apache.hadoop.ozone.om.exceptions.OMException: Volume not found when getting bucket info
	at org.apache.hadoop.ozone.om.BucketManagerImpl.getBucketInfo(BucketManagerImpl.java:81) ~[ozone-manager-1.4.0-SNAPSHOT.jar:?]
	at org.apache.hadoop.ozone.om.OzoneManager.getBucketInfo(OzoneManager.java:2777) ~[ozone-manager-1.4.0-SNAPSHOT.jar:?]
	at org.apache.hadoop.ozone.protocolPB.OzoneManagerRequestHandler.infoBucket(OzoneManagerRequestHandler.java:524) ~[ozone-manager-1.4.0-SNAPSHOT.jar:?]
	at org.apache.hadoop.ozone.protocolPB.OzoneManagerRequestHandler.handleReadRequest(OzoneManagerRequestHandler.java:195) ~[ozone-manager-1.4.0-SNAPSHOT.jar:?]
	at org.apache.hadoop.ozone.protocolPB.OzoneManagerProtocolServerSideTranslatorPB.submitRequestDirectlyToOM(OzoneManagerProtocolServerSideTranslatorPB.java:272) ~[ozone-manager-1.4.0-SNAPSHOT.jar:?]
	at org.apache.hadoop.ozone.protocolPB.OzoneManagerProtocolServerSideTranslatorPB.processRequest(OzoneManagerProtocolServerSideTranslatorPB.java:173) ~[ozone-manager-1.4.0-SNAPSHOT.jar:?]
	at org.apache.hadoop.hdds.server.OzoneProtocolMessageDispatcher.processRequest(OzoneProtocolMessageDispatcher.java:87) [hdds-server-framework-1.4.0-SNAPSHOT.jar:?]
	at org.apache.hadoop.ozone.protocolPB.OzoneManagerProtocolServerSideTranslatorPB.submitRequest(OzoneManagerProtocolServerSideTranslatorPB.java:147) [ozone-manager-1.4.0-SNAPSHOT.jar:?]
	at org.apache.hadoop.ozone.protocol.proto.OzoneManagerProtocolProtos$OzoneManagerService$2.callBlockingMethod(OzoneManagerProtocolProtos.java) [ozone-interface-client-1.4.0-SNAPSHOT.jar:?]
	at org.apache.hadoop.ipc.ProtobufRpcEngine$Server.processCall(ProtobufRpcEngine.java:484) [hadoop-common-3.3.5.jar:?]
	at org.apache.hadoop.ipc.ProtobufRpcEngine2$Server$ProtoBufRpcInvoker.call(ProtobufRpcEngine2.java:595) [hadoop-common-3.3.5.jar:?]
	at org.apache.hadoop.ipc.ProtobufRpcEngine2$Server$ProtoBufRpcInvoker.call(ProtobufRpcEngine2.java:573) [hadoop-common-3.3.5.jar:?]
	at org.apache.hadoop.ipc.RPC$Server.call(RPC.java:1213) [hadoop-common-3.3.5.jar:?]
	at org.apache.hadoop.ipc.Server$RpcCall.run(Server.java:1089) [hadoop-common-3.3.5.jar:?]
	at org.apache.hadoop.ipc.Server$RpcCall.run(Server.java:1012) [hadoop-common-3.3.5.jar:?]
	at java.security.AccessController.doPrivileged(Native Method) ~[?:1.8.0_372]
	at javax.security.auth.Subject.doAs(Subject.java:422) [?:1.8.0_372]
	at org.apache.hadoop.security.UserGroupInformation.doAs(UserGroupInformation.java:1899) [hadoop-common-3.3.5.jar:?]
	at org.apache.hadoop.ipc.Server$Handler.run(Server.java:3026) [hadoop-common-3.3.5.jar:?]
2023-06-22 21:37:14,549 [Time-limited test] INFO  rpc.RpcClient (RpcClient.java:createVolume(459)) - Creating Volume: volume-78183, with runner as owner and space quota set to -1 bytes, counts quota set to -1
2023-06-22 21:37:14,551 [IPC Server handler 12 on default port 15057] INFO  volume.OMVolumeCreateRequest (OMVolumeCreateRequest.java:validateAndUpdateCache(196)) - created volume:volume-78183 for user:runner
2023-06-22 21:37:14,552 [Time-limited test] INFO  rpc.RpcClient (RpcClient.java:createBucket(686)) - Creating Bucket: volume-78183/bucket, with bucket layout FILE_SYSTEM_OPTIMIZED, runner as owner, Versioning false, Storage Type set to DISK and Encryption set to false, Replication Type set to server-side default replication type, Namespace Quota set to -1, Space Quota set to -1 
2023-06-22 21:37:14,552 [IPC Server handler 10 on default port 15057] INFO  bucket.OMBucketCreateRequest (OMBucketCreateRequest.java:validateAndUpdateCache(270)) - created bucket: bucket of layout FILE_SYSTEM_OPTIMIZED in volume: volume-78183
2023-06-22 21:37:14,556 [Time-limited test] INFO  rpc.RpcClient (RpcClient.java:createVolume(459)) - Creating Volume: volume-58770, with runner as owner and space quota set to -1 bytes, counts quota set to -1
2023-06-22 21:37:14,557 [IPC Server handler 7 on default port 15057] INFO  volume.OMVolumeCreateRequest (OMVolumeCreateRequest.java:validateAndUpdateCache(196)) - created volume:volume-58770 for user:runner
2023-06-22 21:37:14,558 [Time-limited test] INFO  rpc.RpcClient (RpcClient.java:createBucket(686)) - Creating Bucket: volume-58770/link, with server-side default bucket layout, runner as owner, Versioning false, Storage Type set to DISK and Encryption set to false, Replication Type set to server-side default replication type, Namespace Quota set to -1, Space Quota set to -1 
2023-06-22 21:37:14,559 [IPC Server handler 19 on default port 15057] INFO  bucket.OMBucketCreateRequest (OMBucketCreateRequest.java:validateAndUpdateCache(270)) - created bucket: link of layout FILE_SYSTEM_OPTIMIZED in volume: volume-58770
21:37:14.561 [IPC Server handler 13 on default port 15057] ERROR OMAudit - user=runner | ip=127.0.0.1 | op=DELETE_VOLUME {volume=volume-58770} | ret=FAILURE
org.apache.hadoop.ozone.om.exceptions.OMException: null
	at org.apache.hadoop.ozone.om.request.volume.OMVolumeDeleteRequest.validateAndUpdateCache(OMVolumeDeleteRequest.java:121) ~[ozone-manager-1.4.0-SNAPSHOT.jar:?]
	at org.apache.hadoop.ozone.protocolPB.OzoneManagerRequestHandler.handleWriteRequest(OzoneManagerRequestHandler.java:352) ~[ozone-manager-1.4.0-SNAPSHOT.jar:?]
	at org.apache.hadoop.ozone.protocolPB.OzoneManagerProtocolServerSideTranslatorPB.submitRequestDirectlyToOM(OzoneManagerProtocolServerSideTranslatorPB.java:278) ~[ozone-manager-1.4.0-SNAPSHOT.jar:?]
	at org.apache.hadoop.ozone.protocolPB.OzoneManagerProtocolServerSideTranslatorPB.processRequest(OzoneManagerProtocolServerSideTranslatorPB.java:173) ~[ozone-manager-1.4.0-SNAPSHOT.jar:?]
	at org.apache.hadoop.hdds.server.OzoneProtocolMessageDispatcher.processRequest(OzoneProtocolMessageDispatcher.java:87) [hdds-server-framework-1.4.0-SNAPSHOT.jar:?]
	at org.apache.hadoop.ozone.protocolPB.OzoneManagerProtocolServerSideTranslatorPB.submitRequest(OzoneManagerProtocolServerSideTranslatorPB.java:147) [ozone-manager-1.4.0-SNAPSHOT.jar:?]
	at org.apache.hadoop.ozone.protocol.proto.OzoneManagerProtocolProtos$OzoneManagerService$2.callBlockingMethod(OzoneManagerProtocolProtos.java) [ozone-interface-client-1.4.0-SNAPSHOT.jar:?]
	at org.apache.hadoop.ipc.ProtobufRpcEngine$Server.processCall(ProtobufRpcEngine.java:484) [hadoop-common-3.3.5.jar:?]
	at org.apache.hadoop.ipc.ProtobufRpcEngine2$Server$ProtoBufRpcInvoker.call(ProtobufRpcEngine2.java:595) [hadoop-common-3.3.5.jar:?]
	at org.apache.hadoop.ipc.ProtobufRpcEngine2$Server$ProtoBufRpcInvoker.call(ProtobufRpcEngine2.java:573) [hadoop-common-3.3.5.jar:?]
	at org.apache.hadoop.ipc.RPC$Server.call(RPC.java:1213) [hadoop-common-3.3.5.jar:?]
	at org.apache.hadoop.ipc.Server$RpcCall.run(Server.java:1089) [hadoop-common-3.3.5.jar:?]
	at org.apache.hadoop.ipc.Server$RpcCall.run(Server.java:1012) [hadoop-common-3.3.5.jar:?]
	at java.security.AccessController.doPrivileged(Native Method) ~[?:1.8.0_372]
	at javax.security.auth.Subject.doAs(Subject.java:422) [?:1.8.0_372]
	at org.apache.hadoop.security.UserGroupInformation.doAs(UserGroupInformation.java:1899) [hadoop-common-3.3.5.jar:?]
	at org.apache.hadoop.ipc.Server$Handler.run(Server.java:3026) [hadoop-common-3.3.5.jar:?]
2023-06-22 21:37:14,562 [IPC Server handler 13 on default port 15057] ERROR volume.OMVolumeDeleteRequest (OMVolumeDeleteRequest.java:validateAndUpdateCache(168)) - Volume deletion failed for user:runner volume:volume-58770
VOLUME_NOT_EMPTY org.apache.hadoop.ozone.om.exceptions.OMException
	at org.apache.hadoop.ozone.om.request.volume.OMVolumeDeleteRequest.validateAndUpdateCache(OMVolumeDeleteRequest.java:121)
	at org.apache.hadoop.ozone.protocolPB.OzoneManagerRequestHandler.handleWriteRequest(OzoneManagerRequestHandler.java:352)
	at org.apache.hadoop.ozone.protocolPB.OzoneManagerProtocolServerSideTranslatorPB.submitRequestDirectlyToOM(OzoneManagerProtocolServerSideTranslatorPB.java:278)
	at org.apache.hadoop.ozone.protocolPB.OzoneManagerProtocolServerSideTranslatorPB.processRequest(OzoneManagerProtocolServerSideTranslatorPB.java:173)
	at org.apache.hadoop.hdds.server.OzoneProtocolMessageDispatcher.processRequest(OzoneProtocolMessageDispatcher.java:87)
	at org.apache.hadoop.ozone.protocolPB.OzoneManagerProtocolServerSideTranslatorPB.submitRequest(OzoneManagerProtocolServerSideTranslatorPB.java:147)
	at org.apache.hadoop.ozone.protocol.proto.OzoneManagerProtocolProtos$OzoneManagerService$2.callBlockingMethod(OzoneManagerProtocolProtos.java)
	at org.apache.hadoop.ipc.ProtobufRpcEngine$Server.processCall(ProtobufRpcEngine.java:484)
	at org.apache.hadoop.ipc.ProtobufRpcEngine2$Server$ProtoBufRpcInvoker.call(ProtobufRpcEngine2.java:595)
	at org.apache.hadoop.ipc.ProtobufRpcEngine2$Server$ProtoBufRpcInvoker.call(ProtobufRpcEngine2.java:573)
	at org.apache.hadoop.ipc.RPC$Server.call(RPC.java:1213)
	at org.apache.hadoop.ipc.Server$RpcCall.run(Server.java:1089)
	at org.apache.hadoop.ipc.Server$RpcCall.run(Server.java:1012)
	at java.security.AccessController.doPrivileged(Native Method)
	at javax.security.auth.Subject.doAs(Subject.java:422)
	at org.apache.hadoop.security.UserGroupInformation.doAs(UserGroupInformation.java:1899)
	at org.apache.hadoop.ipc.Server$Handler.run(Server.java:3026)
21:37:14.570 [IPC Server handler 17 on default port 15057] ERROR OMAudit - user=runner | ip=127.0.0.1 | op=READ_BUCKET {volume=volume-58770, bucket=link} | ret=FAILURE
org.apache.hadoop.ozone.om.exceptions.OMException: Volume not found when getting bucket info
	at org.apache.hadoop.ozone.om.BucketManagerImpl.getBucketInfo(BucketManagerImpl.java:81) ~[ozone-manager-1.4.0-SNAPSHOT.jar:?]
	at org.apache.hadoop.ozone.om.OzoneManager.getBucketInfo(OzoneManager.java:2777) ~[ozone-manager-1.4.0-SNAPSHOT.jar:?]
	at org.apache.hadoop.ozone.protocolPB.OzoneManagerRequestHandler.infoBucket(OzoneManagerRequestHandler.java:524) ~[ozone-manager-1.4.0-SNAPSHOT.jar:?]
	at org.apache.hadoop.ozone.protocolPB.OzoneManagerRequestHandler.handleReadRequest(OzoneManagerRequestHandler.java:195) ~[ozone-manager-1.4.0-SNAPSHOT.jar:?]
	at org.apache.hadoop.ozone.protocolPB.OzoneManagerProtocolServerSideTranslatorPB.submitRequestDirectlyToOM(OzoneManagerProtocolServerSideTranslatorPB.java:272) ~[ozone-manager-1.4.0-SNAPSHOT.jar:?]
	at org.apache.hadoop.ozone.protocolPB.OzoneManagerProtocolServerSideTranslatorPB.processRequest(OzoneManagerProtocolServerSideTranslatorPB.java:173) ~[ozone-manager-1.4.0-SNAPSHOT.jar:?]
	at org.apache.hadoop.hdds.server.OzoneProtocolMessageDispatcher.processRequest(OzoneProtocolMessageDispatcher.java:87) [hdds-server-framework-1.4.0-SNAPSHOT.jar:?]
	at org.apache.hadoop.ozone.protocolPB.OzoneManagerProtocolServerSideTranslatorPB.submitRequest(OzoneManagerProtocolServerSideTranslatorPB.java:147) [ozone-manager-1.4.0-SNAPSHOT.jar:?]
	at org.apache.hadoop.ozone.protocol.proto.OzoneManagerProtocolProtos$OzoneManagerService$2.callBlockingMethod(OzoneManagerProtocolProtos.java) [ozone-interface-client-1.4.0-SNAPSHOT.jar:?]
	at org.apache.hadoop.ipc.ProtobufRpcEngine$Server.processCall(ProtobufRpcEngine.java:484) [hadoop-common-3.3.5.jar:?]
	at org.apache.hadoop.ipc.ProtobufRpcEngine2$Server$ProtoBufRpcInvoker.call(ProtobufRpcEngine2.java:595) [hadoop-common-3.3.5.jar:?]
	at org.apache.hadoop.ipc.ProtobufRpcEngine2$Server$ProtoBufRpcInvoker.call(ProtobufRpcEngine2.java:573) [hadoop-common-3.3.5.jar:?]
	at org.apache.hadoop.ipc.RPC$Server.call(RPC.java:1213) [hadoop-common-3.3.5.jar:?]
	at org.apache.hadoop.ipc.Server$RpcCall.run(Server.java:1089) [hadoop-common-3.3.5.jar:?]
	at org.apache.hadoop.ipc.Server$RpcCall.run(Server.java:1012) [hadoop-common-3.3.5.jar:?]
	at java.security.AccessController.doPrivileged(Native Method) ~[?:1.8.0_372]
	at javax.security.auth.Subject.doAs(Subject.java:422) [?:1.8.0_372]
	at org.apache.hadoop.security.UserGroupInformation.doAs(UserGroupInformation.java:1899) [hadoop-common-3.3.5.jar:?]
	at org.apache.hadoop.ipc.Server$Handler.run(Server.java:3026) [hadoop-common-3.3.5.jar:?]
]]></system-out>
  </testcase>
  <testcase name="testBucketDefaultsShouldNotBeInheritedToFileForNonEC" classname="TestRootedOzoneFileSystemWithFSO" time="0.187">
    <system-out><![CDATA[2023-06-22 21:35:41,414 [Time-limited test] INFO  rpc.RpcClient (RpcClient.java:createVolume(459)) - Creating Volume: volume64191, with user58983 as owner and space quota set to -1 bytes, counts quota set to -1
2023-06-22 21:35:41,416 [OM StateMachine ApplyTransaction Thread - 0] INFO  volume.OMVolumeCreateRequest (OMVolumeCreateRequest.java:validateAndUpdateCache(196)) - created volume:volume64191 for user:user58983
2023-06-22 21:35:41,420 [Time-limited test] INFO  rpc.RpcClient (RpcClient.java:createBucket(686)) - Creating Bucket: volume64191/bucket10682, with bucket layout FILE_SYSTEM_OPTIMIZED, runner as owner, Versioning false, Storage Type set to DISK and Encryption set to false, Replication Type set to server-side default replication type, Namespace Quota set to -1, Space Quota set to -1 
2023-06-22 21:35:41,422 [OM StateMachine ApplyTransaction Thread - 0] INFO  bucket.OMBucketCreateRequest (OMBucketCreateRequest.java:validateAndUpdateCache(270)) - created bucket: bucket10682 of layout FILE_SYSTEM_OPTIMIZED in volume: volume64191
2023-06-22 21:35:41,442 [Time-limited test] INFO  rpc.RpcClient (RpcClient.java:createVolume(459)) - Creating Volume: c5114827-810a-46d6-b873-cfac3b5f6917, with user61661 as owner and space quota set to -1 bytes, counts quota set to -1
2023-06-22 21:35:41,445 [OM StateMachine ApplyTransaction Thread - 0] INFO  volume.OMVolumeCreateRequest (OMVolumeCreateRequest.java:validateAndUpdateCache(196)) - created volume:c5114827-810a-46d6-b873-cfac3b5f6917 for user:user61661
2023-06-22 21:35:41,448 [Time-limited test] INFO  rpc.RpcClient (RpcClient.java:createBucket(686)) - Creating Bucket: c5114827-810a-46d6-b873-cfac3b5f6917/157b57d1-2b34-4b36-8944-9406453d8814, with bucket layout LEGACY, runner as owner, Versioning false, Storage Type set to DISK and Encryption set to false, Replication Type set to STAND_ALONE, Namespace Quota set to -1, Space Quota set to -1 
2023-06-22 21:35:41,453 [OM StateMachine ApplyTransaction Thread - 0] INFO  bucket.OMBucketCreateRequest (OMBucketCreateRequest.java:validateAndUpdateCache(270)) - created bucket: 157b57d1-2b34-4b36-8944-9406453d8814 of layout LEGACY in volume: c5114827-810a-46d6-b873-cfac3b5f6917
2023-06-22 21:35:41,535 [IPC Server handler 15 on default port 15001] WARN  node.SCMNodeManager (SCMNodeManager.java:getNodesByAddress(1377)) - Cannot find node for address 127.0.0.1
]]></system-out>
  </testcase>
  <testcase name="testBucketDefaultsShouldNotBeInheritedToFileForNonEC" classname="TestRootedOzoneFileSystemWithFSO" time="0.086">
    <system-out><![CDATA[2023-06-22 21:37:14,601 [Time-limited test] INFO  rpc.RpcClient (RpcClient.java:createVolume(459)) - Creating Volume: volume70714, with user96302 as owner and space quota set to -1 bytes, counts quota set to -1
2023-06-22 21:37:14,602 [IPC Server handler 19 on default port 15057] INFO  volume.OMVolumeCreateRequest (OMVolumeCreateRequest.java:validateAndUpdateCache(196)) - created volume:volume70714 for user:user96302
2023-06-22 21:37:14,603 [Time-limited test] INFO  rpc.RpcClient (RpcClient.java:createBucket(686)) - Creating Bucket: volume70714/bucket27156, with bucket layout FILE_SYSTEM_OPTIMIZED, runner as owner, Versioning false, Storage Type set to DISK and Encryption set to false, Replication Type set to server-side default replication type, Namespace Quota set to -1, Space Quota set to -1 
2023-06-22 21:37:14,603 [IPC Server handler 16 on default port 15057] INFO  bucket.OMBucketCreateRequest (OMBucketCreateRequest.java:validateAndUpdateCache(270)) - created bucket: bucket27156 of layout FILE_SYSTEM_OPTIMIZED in volume: volume70714
2023-06-22 21:37:14,615 [Time-limited test] INFO  rpc.RpcClient (RpcClient.java:createVolume(459)) - Creating Volume: e07bf019-e56e-407d-94df-7618b19160dc, with user01003 as owner and space quota set to -1 bytes, counts quota set to -1
2023-06-22 21:37:14,616 [IPC Server handler 6 on default port 15057] INFO  volume.OMVolumeCreateRequest (OMVolumeCreateRequest.java:validateAndUpdateCache(196)) - created volume:e07bf019-e56e-407d-94df-7618b19160dc for user:user01003
2023-06-22 21:37:14,617 [Time-limited test] INFO  rpc.RpcClient (RpcClient.java:createBucket(686)) - Creating Bucket: e07bf019-e56e-407d-94df-7618b19160dc/a2854073-ca70-4288-85d2-0c210b372e5b, with bucket layout LEGACY, runner as owner, Versioning false, Storage Type set to DISK and Encryption set to false, Replication Type set to STAND_ALONE, Namespace Quota set to -1, Space Quota set to -1 
2023-06-22 21:37:14,618 [IPC Server handler 13 on default port 15057] INFO  bucket.OMBucketCreateRequest (OMBucketCreateRequest.java:validateAndUpdateCache(270)) - created bucket: a2854073-ca70-4288-85d2-0c210b372e5b of layout LEGACY in volume: e07bf019-e56e-407d-94df-7618b19160dc
2023-06-22 21:37:14,666 [IPC Server handler 13 on default port 15054] WARN  node.SCMNodeManager (SCMNodeManager.java:getNodesByAddress(1377)) - Cannot find node for address 127.0.0.1
]]></system-out>
  </testcase>
  <testcase name="testTrash" classname="TestRootedOzoneFileSystemWithFSO" time="4.255">
    <system-out><![CDATA[2023-06-22 21:35:41,584 [Time-limited test] INFO  rpc.RpcClient (RpcClient.java:createVolume(459)) - Creating Volume: volume15452, with user29991 as owner and space quota set to -1 bytes, counts quota set to -1
2023-06-22 21:35:41,589 [OM StateMachine ApplyTransaction Thread - 0] INFO  volume.OMVolumeCreateRequest (OMVolumeCreateRequest.java:validateAndUpdateCache(196)) - created volume:volume15452 for user:user29991
2023-06-22 21:35:41,590 [Time-limited test] INFO  rpc.RpcClient (RpcClient.java:createBucket(686)) - Creating Bucket: volume15452/bucket17539, with bucket layout FILE_SYSTEM_OPTIMIZED, runner as owner, Versioning false, Storage Type set to DISK and Encryption set to false, Replication Type set to server-side default replication type, Namespace Quota set to -1, Space Quota set to -1 
2023-06-22 21:35:41,592 [OM StateMachine ApplyTransaction Thread - 0] INFO  bucket.OMBucketCreateRequest (OMBucketCreateRequest.java:validateAndUpdateCache(270)) - created bucket: bucket17539 of layout FILE_SYSTEM_OPTIMIZED in volume: volume15452
2023-06-22 21:35:41,662 [Time-limited test] INFO  rpc.RpcClient (RpcClient.java:createVolume(459)) - Creating Volume: volume67981, with user75297 as owner and space quota set to -1 bytes, counts quota set to -1
2023-06-22 21:35:41,664 [OM StateMachine ApplyTransaction Thread - 0] INFO  volume.OMVolumeCreateRequest (OMVolumeCreateRequest.java:validateAndUpdateCache(196)) - created volume:volume67981 for user:user75297
2023-06-22 21:35:41,666 [Time-limited test] INFO  rpc.RpcClient (RpcClient.java:createBucket(686)) - Creating Bucket: volume67981/bucket69491, with bucket layout FILE_SYSTEM_OPTIMIZED, runner as owner, Versioning false, Storage Type set to DISK and Encryption set to false, Replication Type set to server-side default replication type, Namespace Quota set to -1, Space Quota set to -1 
2023-06-22 21:35:41,668 [OM StateMachine ApplyTransaction Thread - 0] INFO  bucket.OMBucketCreateRequest (OMBucketCreateRequest.java:validateAndUpdateCache(270)) - created bucket: bucket69491 of layout FILE_SYSTEM_OPTIMIZED in volume: volume67981
21:35:41.729 [IPC Server handler 15 on default port 15004] ERROR OMAudit - user=runner | ip=127.0.0.1 | op=GET_FILE_STATUS {volume=volume15452, bucket=bucket17539, key=.Trash/runner/Current/keyToBeDeleted, dataSize=0, replicationConfig=null} | ret=FAILURE
org.apache.hadoop.ozone.om.exceptions.OMException: Unable to get file status: volume: volume15452 bucket: bucket17539 key: .Trash/runner/Current/keyToBeDeleted
	at org.apache.hadoop.ozone.om.KeyManagerImpl.getOzoneFileStatusFSO(KeyManagerImpl.java:1311) ~[ozone-manager-1.4.0-SNAPSHOT.jar:?]
	at org.apache.hadoop.ozone.om.KeyManagerImpl.getFileStatus(KeyManagerImpl.java:1102) ~[ozone-manager-1.4.0-SNAPSHOT.jar:?]
	at org.apache.hadoop.ozone.om.OmMetadataReader.getFileStatus(OmMetadataReader.java:286) ~[ozone-manager-1.4.0-SNAPSHOT.jar:?]
	at org.apache.hadoop.ozone.om.OzoneManager.getFileStatus(OzoneManager.java:3499) ~[ozone-manager-1.4.0-SNAPSHOT.jar:?]
	at org.apache.hadoop.ozone.protocolPB.OzoneManagerRequestHandler.getOzoneFileStatus(OzoneManagerRequestHandler.java:950) ~[ozone-manager-1.4.0-SNAPSHOT.jar:?]
	at org.apache.hadoop.ozone.protocolPB.OzoneManagerRequestHandler.handleReadRequest(OzoneManagerRequestHandler.java:245) ~[ozone-manager-1.4.0-SNAPSHOT.jar:?]
	at org.apache.hadoop.ozone.protocolPB.OzoneManagerProtocolServerSideTranslatorPB.submitReadRequestToOM(OzoneManagerProtocolServerSideTranslatorPB.java:223) ~[ozone-manager-1.4.0-SNAPSHOT.jar:?]
	at org.apache.hadoop.ozone.protocolPB.OzoneManagerProtocolServerSideTranslatorPB.processRequest(OzoneManagerProtocolServerSideTranslatorPB.java:177) ~[ozone-manager-1.4.0-SNAPSHOT.jar:?]
	at org.apache.hadoop.hdds.server.OzoneProtocolMessageDispatcher.processRequest(OzoneProtocolMessageDispatcher.java:87) [hdds-server-framework-1.4.0-SNAPSHOT.jar:?]
	at org.apache.hadoop.ozone.protocolPB.OzoneManagerProtocolServerSideTranslatorPB.submitRequest(OzoneManagerProtocolServerSideTranslatorPB.java:147) [ozone-manager-1.4.0-SNAPSHOT.jar:?]
	at org.apache.hadoop.ozone.protocol.proto.OzoneManagerProtocolProtos$OzoneManagerService$2.callBlockingMethod(OzoneManagerProtocolProtos.java) [ozone-interface-client-1.4.0-SNAPSHOT.jar:?]
	at org.apache.hadoop.ipc.ProtobufRpcEngine$Server.processCall(ProtobufRpcEngine.java:484) [hadoop-common-3.3.5.jar:?]
	at org.apache.hadoop.ipc.ProtobufRpcEngine2$Server$ProtoBufRpcInvoker.call(ProtobufRpcEngine2.java:595) [hadoop-common-3.3.5.jar:?]
	at org.apache.hadoop.ipc.ProtobufRpcEngine2$Server$ProtoBufRpcInvoker.call(ProtobufRpcEngine2.java:573) [hadoop-common-3.3.5.jar:?]
	at org.apache.hadoop.ipc.RPC$Server.call(RPC.java:1213) [hadoop-common-3.3.5.jar:?]
	at org.apache.hadoop.ipc.Server$RpcCall.run(Server.java:1089) [hadoop-common-3.3.5.jar:?]
	at org.apache.hadoop.ipc.Server$RpcCall.run(Server.java:1012) [hadoop-common-3.3.5.jar:?]
	at java.security.AccessController.doPrivileged(Native Method) ~[?:1.8.0_372]
	at javax.security.auth.Subject.doAs(Subject.java:422) [?:1.8.0_372]
	at org.apache.hadoop.security.UserGroupInformation.doAs(UserGroupInformation.java:1899) [hadoop-common-3.3.5.jar:?]
	at org.apache.hadoop.ipc.Server$Handler.run(Server.java:3026) [hadoop-common-3.3.5.jar:?]
2023-06-22 21:35:41,733 [Time-limited test] INFO  om.TrashPolicyOzone (TrashPolicyOzone.java:moveToTrash(209)) - Moved: '/volume15452/bucket17539/keyToBeDeleted' to trash at: ofs:/volume15452/bucket17539/.Trash/runner/Current/keyToBeDeleted
21:35:41.741 [IPC Server handler 3 on default port 15004] ERROR OMAudit - user=runner | ip=127.0.0.1 | op=GET_FILE_STATUS {volume=volume67981, bucket=bucket69491, key=.Trash/runner/Current/keyToBeDeleted1, dataSize=0, replicationConfig=null} | ret=FAILURE
org.apache.hadoop.ozone.om.exceptions.OMException: Unable to get file status: volume: volume67981 bucket: bucket69491 key: .Trash/runner/Current/keyToBeDeleted1
	at org.apache.hadoop.ozone.om.KeyManagerImpl.getOzoneFileStatusFSO(KeyManagerImpl.java:1311) ~[ozone-manager-1.4.0-SNAPSHOT.jar:?]
	at org.apache.hadoop.ozone.om.KeyManagerImpl.getFileStatus(KeyManagerImpl.java:1102) ~[ozone-manager-1.4.0-SNAPSHOT.jar:?]
	at org.apache.hadoop.ozone.om.OmMetadataReader.getFileStatus(OmMetadataReader.java:286) ~[ozone-manager-1.4.0-SNAPSHOT.jar:?]
	at org.apache.hadoop.ozone.om.OzoneManager.getFileStatus(OzoneManager.java:3499) ~[ozone-manager-1.4.0-SNAPSHOT.jar:?]
	at org.apache.hadoop.ozone.protocolPB.OzoneManagerRequestHandler.getOzoneFileStatus(OzoneManagerRequestHandler.java:950) ~[ozone-manager-1.4.0-SNAPSHOT.jar:?]
	at org.apache.hadoop.ozone.protocolPB.OzoneManagerRequestHandler.handleReadRequest(OzoneManagerRequestHandler.java:245) ~[ozone-manager-1.4.0-SNAPSHOT.jar:?]
	at org.apache.hadoop.ozone.protocolPB.OzoneManagerProtocolServerSideTranslatorPB.submitReadRequestToOM(OzoneManagerProtocolServerSideTranslatorPB.java:223) ~[ozone-manager-1.4.0-SNAPSHOT.jar:?]
	at org.apache.hadoop.ozone.protocolPB.OzoneManagerProtocolServerSideTranslatorPB.processRequest(OzoneManagerProtocolServerSideTranslatorPB.java:177) ~[ozone-manager-1.4.0-SNAPSHOT.jar:?]
	at org.apache.hadoop.hdds.server.OzoneProtocolMessageDispatcher.processRequest(OzoneProtocolMessageDispatcher.java:87) [hdds-server-framework-1.4.0-SNAPSHOT.jar:?]
	at org.apache.hadoop.ozone.protocolPB.OzoneManagerProtocolServerSideTranslatorPB.submitRequest(OzoneManagerProtocolServerSideTranslatorPB.java:147) [ozone-manager-1.4.0-SNAPSHOT.jar:?]
	at org.apache.hadoop.ozone.protocol.proto.OzoneManagerProtocolProtos$OzoneManagerService$2.callBlockingMethod(OzoneManagerProtocolProtos.java) [ozone-interface-client-1.4.0-SNAPSHOT.jar:?]
	at org.apache.hadoop.ipc.ProtobufRpcEngine$Server.processCall(ProtobufRpcEngine.java:484) [hadoop-common-3.3.5.jar:?]
	at org.apache.hadoop.ipc.ProtobufRpcEngine2$Server$ProtoBufRpcInvoker.call(ProtobufRpcEngine2.java:595) [hadoop-common-3.3.5.jar:?]
	at org.apache.hadoop.ipc.ProtobufRpcEngine2$Server$ProtoBufRpcInvoker.call(ProtobufRpcEngine2.java:573) [hadoop-common-3.3.5.jar:?]
	at org.apache.hadoop.ipc.RPC$Server.call(RPC.java:1213) [hadoop-common-3.3.5.jar:?]
	at org.apache.hadoop.ipc.Server$RpcCall.run(Server.java:1089) [hadoop-common-3.3.5.jar:?]
	at org.apache.hadoop.ipc.Server$RpcCall.run(Server.java:1012) [hadoop-common-3.3.5.jar:?]
	at java.security.AccessController.doPrivileged(Native Method) ~[?:1.8.0_372]
	at javax.security.auth.Subject.doAs(Subject.java:422) [?:1.8.0_372]
	at org.apache.hadoop.security.UserGroupInformation.doAs(UserGroupInformation.java:1899) [hadoop-common-3.3.5.jar:?]
	at org.apache.hadoop.ipc.Server$Handler.run(Server.java:3026) [hadoop-common-3.3.5.jar:?]
2023-06-22 21:35:41,745 [Time-limited test] INFO  om.TrashPolicyOzone (TrashPolicyOzone.java:moveToTrash(209)) - Moved: '/volume67981/bucket69491/keyToBeDeleted1' to trash at: ofs:/volume67981/bucket69491/.Trash/runner/Current/keyToBeDeleted1
21:35:42.755 [IPC Server handler 8 on default port 15004] ERROR OMAudit - user=runner | ip=127.0.0.1 | op=GET_FILE_STATUS {volume=volume15452, bucket=bucket17539, key=.Trash/runner/Current/keyToBeDeleted, dataSize=0, replicationConfig=null} | ret=FAILURE
org.apache.hadoop.ozone.om.exceptions.OMException: Unable to get file status: volume: volume15452 bucket: bucket17539 key: .Trash/runner/Current/keyToBeDeleted
	at org.apache.hadoop.ozone.om.KeyManagerImpl.getOzoneFileStatusFSO(KeyManagerImpl.java:1311) ~[ozone-manager-1.4.0-SNAPSHOT.jar:?]
	at org.apache.hadoop.ozone.om.KeyManagerImpl.getFileStatus(KeyManagerImpl.java:1102) ~[ozone-manager-1.4.0-SNAPSHOT.jar:?]
	at org.apache.hadoop.ozone.om.OmMetadataReader.getFileStatus(OmMetadataReader.java:286) ~[ozone-manager-1.4.0-SNAPSHOT.jar:?]
	at org.apache.hadoop.ozone.om.OzoneManager.getFileStatus(OzoneManager.java:3499) ~[ozone-manager-1.4.0-SNAPSHOT.jar:?]
	at org.apache.hadoop.ozone.protocolPB.OzoneManagerRequestHandler.getOzoneFileStatus(OzoneManagerRequestHandler.java:950) ~[ozone-manager-1.4.0-SNAPSHOT.jar:?]
	at org.apache.hadoop.ozone.protocolPB.OzoneManagerRequestHandler.handleReadRequest(OzoneManagerRequestHandler.java:245) ~[ozone-manager-1.4.0-SNAPSHOT.jar:?]
	at org.apache.hadoop.ozone.protocolPB.OzoneManagerProtocolServerSideTranslatorPB.submitReadRequestToOM(OzoneManagerProtocolServerSideTranslatorPB.java:223) ~[ozone-manager-1.4.0-SNAPSHOT.jar:?]
	at org.apache.hadoop.ozone.protocolPB.OzoneManagerProtocolServerSideTranslatorPB.processRequest(OzoneManagerProtocolServerSideTranslatorPB.java:177) ~[ozone-manager-1.4.0-SNAPSHOT.jar:?]
	at org.apache.hadoop.hdds.server.OzoneProtocolMessageDispatcher.processRequest(OzoneProtocolMessageDispatcher.java:87) [hdds-server-framework-1.4.0-SNAPSHOT.jar:?]
	at org.apache.hadoop.ozone.protocolPB.OzoneManagerProtocolServerSideTranslatorPB.submitRequest(OzoneManagerProtocolServerSideTranslatorPB.java:147) [ozone-manager-1.4.0-SNAPSHOT.jar:?]
	at org.apache.hadoop.ozone.protocol.proto.OzoneManagerProtocolProtos$OzoneManagerService$2.callBlockingMethod(OzoneManagerProtocolProtos.java) [ozone-interface-client-1.4.0-SNAPSHOT.jar:?]
	at org.apache.hadoop.ipc.ProtobufRpcEngine$Server.processCall(ProtobufRpcEngine.java:484) [hadoop-common-3.3.5.jar:?]
	at org.apache.hadoop.ipc.ProtobufRpcEngine2$Server$ProtoBufRpcInvoker.call(ProtobufRpcEngine2.java:595) [hadoop-common-3.3.5.jar:?]
	at org.apache.hadoop.ipc.ProtobufRpcEngine2$Server$ProtoBufRpcInvoker.call(ProtobufRpcEngine2.java:573) [hadoop-common-3.3.5.jar:?]
	at org.apache.hadoop.ipc.RPC$Server.call(RPC.java:1213) [hadoop-common-3.3.5.jar:?]
	at org.apache.hadoop.ipc.Server$RpcCall.run(Server.java:1089) [hadoop-common-3.3.5.jar:?]
	at org.apache.hadoop.ipc.Server$RpcCall.run(Server.java:1012) [hadoop-common-3.3.5.jar:?]
	at java.security.AccessController.doPrivileged(Native Method) ~[?:1.8.0_372]
	at javax.security.auth.Subject.doAs(Subject.java:422) [?:1.8.0_372]
	at org.apache.hadoop.security.UserGroupInformation.doAs(UserGroupInformation.java:1899) [hadoop-common-3.3.5.jar:?]
	at org.apache.hadoop.ipc.Server$Handler.run(Server.java:3026) [hadoop-common-3.3.5.jar:?]
21:35:42.758 [IPC Server handler 12 on default port 15004] ERROR OMAudit - user=runner | ip=127.0.0.1 | op=GET_FILE_STATUS {volume=volume15452, bucket=bucket17539, key=.Trash/runner/Current/keyToBeDeleted1, dataSize=0, replicationConfig=null} | ret=FAILURE
org.apache.hadoop.ozone.om.exceptions.OMException: Unable to get file status: volume: volume15452 bucket: bucket17539 key: .Trash/runner/Current/keyToBeDeleted1
	at org.apache.hadoop.ozone.om.KeyManagerImpl.getOzoneFileStatusFSO(KeyManagerImpl.java:1311) ~[ozone-manager-1.4.0-SNAPSHOT.jar:?]
	at org.apache.hadoop.ozone.om.KeyManagerImpl.getFileStatus(KeyManagerImpl.java:1102) ~[ozone-manager-1.4.0-SNAPSHOT.jar:?]
	at org.apache.hadoop.ozone.om.OmMetadataReader.getFileStatus(OmMetadataReader.java:286) ~[ozone-manager-1.4.0-SNAPSHOT.jar:?]
	at org.apache.hadoop.ozone.om.OzoneManager.getFileStatus(OzoneManager.java:3499) ~[ozone-manager-1.4.0-SNAPSHOT.jar:?]
	at org.apache.hadoop.ozone.protocolPB.OzoneManagerRequestHandler.getOzoneFileStatus(OzoneManagerRequestHandler.java:950) ~[ozone-manager-1.4.0-SNAPSHOT.jar:?]
	at org.apache.hadoop.ozone.protocolPB.OzoneManagerRequestHandler.handleReadRequest(OzoneManagerRequestHandler.java:245) ~[ozone-manager-1.4.0-SNAPSHOT.jar:?]
	at org.apache.hadoop.ozone.protocolPB.OzoneManagerProtocolServerSideTranslatorPB.submitReadRequestToOM(OzoneManagerProtocolServerSideTranslatorPB.java:223) ~[ozone-manager-1.4.0-SNAPSHOT.jar:?]
	at org.apache.hadoop.ozone.protocolPB.OzoneManagerProtocolServerSideTranslatorPB.processRequest(OzoneManagerProtocolServerSideTranslatorPB.java:177) ~[ozone-manager-1.4.0-SNAPSHOT.jar:?]
	at org.apache.hadoop.hdds.server.OzoneProtocolMessageDispatcher.processRequest(OzoneProtocolMessageDispatcher.java:87) [hdds-server-framework-1.4.0-SNAPSHOT.jar:?]
	at org.apache.hadoop.ozone.protocolPB.OzoneManagerProtocolServerSideTranslatorPB.submitRequest(OzoneManagerProtocolServerSideTranslatorPB.java:147) [ozone-manager-1.4.0-SNAPSHOT.jar:?]
	at org.apache.hadoop.ozone.protocol.proto.OzoneManagerProtocolProtos$OzoneManagerService$2.callBlockingMethod(OzoneManagerProtocolProtos.java) [ozone-interface-client-1.4.0-SNAPSHOT.jar:?]
	at org.apache.hadoop.ipc.ProtobufRpcEngine$Server.processCall(ProtobufRpcEngine.java:484) [hadoop-common-3.3.5.jar:?]
	at org.apache.hadoop.ipc.ProtobufRpcEngine2$Server$ProtoBufRpcInvoker.call(ProtobufRpcEngine2.java:595) [hadoop-common-3.3.5.jar:?]
	at org.apache.hadoop.ipc.ProtobufRpcEngine2$Server$ProtoBufRpcInvoker.call(ProtobufRpcEngine2.java:573) [hadoop-common-3.3.5.jar:?]
	at org.apache.hadoop.ipc.RPC$Server.call(RPC.java:1213) [hadoop-common-3.3.5.jar:?]
	at org.apache.hadoop.ipc.Server$RpcCall.run(Server.java:1089) [hadoop-common-3.3.5.jar:?]
	at org.apache.hadoop.ipc.Server$RpcCall.run(Server.java:1012) [hadoop-common-3.3.5.jar:?]
	at java.security.AccessController.doPrivileged(Native Method) ~[?:1.8.0_372]
	at javax.security.auth.Subject.doAs(Subject.java:422) [?:1.8.0_372]
	at org.apache.hadoop.security.UserGroupInformation.doAs(UserGroupInformation.java:1899) [hadoop-common-3.3.5.jar:?]
	at org.apache.hadoop.ipc.Server$Handler.run(Server.java:3026) [hadoop-common-3.3.5.jar:?]
]]></system-out>
  </testcase>
  <testcase name="testTrash" classname="TestRootedOzoneFileSystemWithFSO" time="4.176">
    <system-out><![CDATA[2023-06-22 21:37:14,686 [Time-limited test] INFO  rpc.RpcClient (RpcClient.java:createVolume(459)) - Creating Volume: volume23255, with user48282 as owner and space quota set to -1 bytes, counts quota set to -1
2023-06-22 21:37:14,687 [IPC Server handler 12 on default port 15057] INFO  volume.OMVolumeCreateRequest (OMVolumeCreateRequest.java:validateAndUpdateCache(196)) - created volume:volume23255 for user:user48282
2023-06-22 21:37:14,689 [Time-limited test] INFO  rpc.RpcClient (RpcClient.java:createBucket(686)) - Creating Bucket: volume23255/bucket37942, with bucket layout FILE_SYSTEM_OPTIMIZED, runner as owner, Versioning false, Storage Type set to DISK and Encryption set to false, Replication Type set to server-side default replication type, Namespace Quota set to -1, Space Quota set to -1 
2023-06-22 21:37:14,690 [IPC Server handler 10 on default port 15057] INFO  bucket.OMBucketCreateRequest (OMBucketCreateRequest.java:validateAndUpdateCache(270)) - created bucket: bucket37942 of layout FILE_SYSTEM_OPTIMIZED in volume: volume23255
2023-06-22 21:37:14,750 [Time-limited test] INFO  rpc.RpcClient (RpcClient.java:createVolume(459)) - Creating Volume: volume48889, with user90773 as owner and space quota set to -1 bytes, counts quota set to -1
2023-06-22 21:37:14,751 [IPC Server handler 14 on default port 15057] INFO  volume.OMVolumeCreateRequest (OMVolumeCreateRequest.java:validateAndUpdateCache(196)) - created volume:volume48889 for user:user90773
2023-06-22 21:37:14,752 [Time-limited test] INFO  rpc.RpcClient (RpcClient.java:createBucket(686)) - Creating Bucket: volume48889/bucket75164, with bucket layout FILE_SYSTEM_OPTIMIZED, runner as owner, Versioning false, Storage Type set to DISK and Encryption set to false, Replication Type set to server-side default replication type, Namespace Quota set to -1, Space Quota set to -1 
2023-06-22 21:37:14,752 [IPC Server handler 15 on default port 15057] INFO  bucket.OMBucketCreateRequest (OMBucketCreateRequest.java:validateAndUpdateCache(270)) - created bucket: bucket75164 of layout FILE_SYSTEM_OPTIMIZED in volume: volume48889
21:37:14.799 [IPC Server handler 5 on default port 15057] ERROR OMAudit - user=runner | ip=127.0.0.1 | op=GET_FILE_STATUS {volume=volume23255, bucket=bucket37942, key=.Trash/runner/Current/keyToBeDeleted, dataSize=0, replicationConfig=null} | ret=FAILURE
org.apache.hadoop.ozone.om.exceptions.OMException: Unable to get file status: volume: volume23255 bucket: bucket37942 key: .Trash/runner/Current/keyToBeDeleted
	at org.apache.hadoop.ozone.om.KeyManagerImpl.getOzoneFileStatusFSO(KeyManagerImpl.java:1311) ~[ozone-manager-1.4.0-SNAPSHOT.jar:?]
	at org.apache.hadoop.ozone.om.KeyManagerImpl.getFileStatus(KeyManagerImpl.java:1102) ~[ozone-manager-1.4.0-SNAPSHOT.jar:?]
	at org.apache.hadoop.ozone.om.OmMetadataReader.getFileStatus(OmMetadataReader.java:286) ~[ozone-manager-1.4.0-SNAPSHOT.jar:?]
	at org.apache.hadoop.ozone.om.OzoneManager.getFileStatus(OzoneManager.java:3499) ~[ozone-manager-1.4.0-SNAPSHOT.jar:?]
	at org.apache.hadoop.ozone.protocolPB.OzoneManagerRequestHandler.getOzoneFileStatus(OzoneManagerRequestHandler.java:950) ~[ozone-manager-1.4.0-SNAPSHOT.jar:?]
	at org.apache.hadoop.ozone.protocolPB.OzoneManagerRequestHandler.handleReadRequest(OzoneManagerRequestHandler.java:245) ~[ozone-manager-1.4.0-SNAPSHOT.jar:?]
	at org.apache.hadoop.ozone.protocolPB.OzoneManagerProtocolServerSideTranslatorPB.submitRequestDirectlyToOM(OzoneManagerProtocolServerSideTranslatorPB.java:272) ~[ozone-manager-1.4.0-SNAPSHOT.jar:?]
	at org.apache.hadoop.ozone.protocolPB.OzoneManagerProtocolServerSideTranslatorPB.processRequest(OzoneManagerProtocolServerSideTranslatorPB.java:173) ~[ozone-manager-1.4.0-SNAPSHOT.jar:?]
	at org.apache.hadoop.hdds.server.OzoneProtocolMessageDispatcher.processRequest(OzoneProtocolMessageDispatcher.java:87) [hdds-server-framework-1.4.0-SNAPSHOT.jar:?]
	at org.apache.hadoop.ozone.protocolPB.OzoneManagerProtocolServerSideTranslatorPB.submitRequest(OzoneManagerProtocolServerSideTranslatorPB.java:147) [ozone-manager-1.4.0-SNAPSHOT.jar:?]
	at org.apache.hadoop.ozone.protocol.proto.OzoneManagerProtocolProtos$OzoneManagerService$2.callBlockingMethod(OzoneManagerProtocolProtos.java) [ozone-interface-client-1.4.0-SNAPSHOT.jar:?]
	at org.apache.hadoop.ipc.ProtobufRpcEngine$Server.processCall(ProtobufRpcEngine.java:484) [hadoop-common-3.3.5.jar:?]
	at org.apache.hadoop.ipc.ProtobufRpcEngine2$Server$ProtoBufRpcInvoker.call(ProtobufRpcEngine2.java:595) [hadoop-common-3.3.5.jar:?]
	at org.apache.hadoop.ipc.ProtobufRpcEngine2$Server$ProtoBufRpcInvoker.call(ProtobufRpcEngine2.java:573) [hadoop-common-3.3.5.jar:?]
	at org.apache.hadoop.ipc.RPC$Server.call(RPC.java:1213) [hadoop-common-3.3.5.jar:?]
	at org.apache.hadoop.ipc.Server$RpcCall.run(Server.java:1089) [hadoop-common-3.3.5.jar:?]
	at org.apache.hadoop.ipc.Server$RpcCall.run(Server.java:1012) [hadoop-common-3.3.5.jar:?]
	at java.security.AccessController.doPrivileged(Native Method) ~[?:1.8.0_372]
	at javax.security.auth.Subject.doAs(Subject.java:422) [?:1.8.0_372]
	at org.apache.hadoop.security.UserGroupInformation.doAs(UserGroupInformation.java:1899) [hadoop-common-3.3.5.jar:?]
	at org.apache.hadoop.ipc.Server$Handler.run(Server.java:3026) [hadoop-common-3.3.5.jar:?]
2023-06-22 21:37:14,802 [Time-limited test] INFO  om.TrashPolicyOzone (TrashPolicyOzone.java:moveToTrash(209)) - Moved: '/volume23255/bucket37942/keyToBeDeleted' to trash at: ofs:/volume23255/bucket37942/.Trash/runner/Current/keyToBeDeleted
21:37:14.806 [IPC Server handler 14 on default port 15057] ERROR OMAudit - user=runner | ip=127.0.0.1 | op=GET_FILE_STATUS {volume=volume48889, bucket=bucket75164, key=.Trash/runner/Current/keyToBeDeleted1, dataSize=0, replicationConfig=null} | ret=FAILURE
org.apache.hadoop.ozone.om.exceptions.OMException: Unable to get file status: volume: volume48889 bucket: bucket75164 key: .Trash/runner/Current/keyToBeDeleted1
	at org.apache.hadoop.ozone.om.KeyManagerImpl.getOzoneFileStatusFSO(KeyManagerImpl.java:1311) ~[ozone-manager-1.4.0-SNAPSHOT.jar:?]
	at org.apache.hadoop.ozone.om.KeyManagerImpl.getFileStatus(KeyManagerImpl.java:1102) ~[ozone-manager-1.4.0-SNAPSHOT.jar:?]
	at org.apache.hadoop.ozone.om.OmMetadataReader.getFileStatus(OmMetadataReader.java:286) ~[ozone-manager-1.4.0-SNAPSHOT.jar:?]
	at org.apache.hadoop.ozone.om.OzoneManager.getFileStatus(OzoneManager.java:3499) ~[ozone-manager-1.4.0-SNAPSHOT.jar:?]
	at org.apache.hadoop.ozone.protocolPB.OzoneManagerRequestHandler.getOzoneFileStatus(OzoneManagerRequestHandler.java:950) ~[ozone-manager-1.4.0-SNAPSHOT.jar:?]
	at org.apache.hadoop.ozone.protocolPB.OzoneManagerRequestHandler.handleReadRequest(OzoneManagerRequestHandler.java:245) ~[ozone-manager-1.4.0-SNAPSHOT.jar:?]
	at org.apache.hadoop.ozone.protocolPB.OzoneManagerProtocolServerSideTranslatorPB.submitRequestDirectlyToOM(OzoneManagerProtocolServerSideTranslatorPB.java:272) ~[ozone-manager-1.4.0-SNAPSHOT.jar:?]
	at org.apache.hadoop.ozone.protocolPB.OzoneManagerProtocolServerSideTranslatorPB.processRequest(OzoneManagerProtocolServerSideTranslatorPB.java:173) ~[ozone-manager-1.4.0-SNAPSHOT.jar:?]
	at org.apache.hadoop.hdds.server.OzoneProtocolMessageDispatcher.processRequest(OzoneProtocolMessageDispatcher.java:87) [hdds-server-framework-1.4.0-SNAPSHOT.jar:?]
	at org.apache.hadoop.ozone.protocolPB.OzoneManagerProtocolServerSideTranslatorPB.submitRequest(OzoneManagerProtocolServerSideTranslatorPB.java:147) [ozone-manager-1.4.0-SNAPSHOT.jar:?]
	at org.apache.hadoop.ozone.protocol.proto.OzoneManagerProtocolProtos$OzoneManagerService$2.callBlockingMethod(OzoneManagerProtocolProtos.java) [ozone-interface-client-1.4.0-SNAPSHOT.jar:?]
	at org.apache.hadoop.ipc.ProtobufRpcEngine$Server.processCall(ProtobufRpcEngine.java:484) [hadoop-common-3.3.5.jar:?]
	at org.apache.hadoop.ipc.ProtobufRpcEngine2$Server$ProtoBufRpcInvoker.call(ProtobufRpcEngine2.java:595) [hadoop-common-3.3.5.jar:?]
	at org.apache.hadoop.ipc.ProtobufRpcEngine2$Server$ProtoBufRpcInvoker.call(ProtobufRpcEngine2.java:573) [hadoop-common-3.3.5.jar:?]
	at org.apache.hadoop.ipc.RPC$Server.call(RPC.java:1213) [hadoop-common-3.3.5.jar:?]
	at org.apache.hadoop.ipc.Server$RpcCall.run(Server.java:1089) [hadoop-common-3.3.5.jar:?]
	at org.apache.hadoop.ipc.Server$RpcCall.run(Server.java:1012) [hadoop-common-3.3.5.jar:?]
	at java.security.AccessController.doPrivileged(Native Method) ~[?:1.8.0_372]
	at javax.security.auth.Subject.doAs(Subject.java:422) [?:1.8.0_372]
	at org.apache.hadoop.security.UserGroupInformation.doAs(UserGroupInformation.java:1899) [hadoop-common-3.3.5.jar:?]
	at org.apache.hadoop.ipc.Server$Handler.run(Server.java:3026) [hadoop-common-3.3.5.jar:?]
2023-06-22 21:37:14,809 [Time-limited test] INFO  om.TrashPolicyOzone (TrashPolicyOzone.java:moveToTrash(209)) - Moved: '/volume48889/bucket75164/keyToBeDeleted1' to trash at: ofs:/volume48889/bucket75164/.Trash/runner/Current/keyToBeDeleted1
21:37:15.815 [IPC Server handler 8 on default port 15057] ERROR OMAudit - user=runner | ip=127.0.0.1 | op=GET_FILE_STATUS {volume=volume23255, bucket=bucket37942, key=.Trash/runner/Current/keyToBeDeleted, dataSize=0, replicationConfig=null} | ret=FAILURE
org.apache.hadoop.ozone.om.exceptions.OMException: Unable to get file status: volume: volume23255 bucket: bucket37942 key: .Trash/runner/Current/keyToBeDeleted
	at org.apache.hadoop.ozone.om.KeyManagerImpl.getOzoneFileStatusFSO(KeyManagerImpl.java:1311) ~[ozone-manager-1.4.0-SNAPSHOT.jar:?]
	at org.apache.hadoop.ozone.om.KeyManagerImpl.getFileStatus(KeyManagerImpl.java:1102) ~[ozone-manager-1.4.0-SNAPSHOT.jar:?]
	at org.apache.hadoop.ozone.om.OmMetadataReader.getFileStatus(OmMetadataReader.java:286) ~[ozone-manager-1.4.0-SNAPSHOT.jar:?]
	at org.apache.hadoop.ozone.om.OzoneManager.getFileStatus(OzoneManager.java:3499) ~[ozone-manager-1.4.0-SNAPSHOT.jar:?]
	at org.apache.hadoop.ozone.protocolPB.OzoneManagerRequestHandler.getOzoneFileStatus(OzoneManagerRequestHandler.java:950) ~[ozone-manager-1.4.0-SNAPSHOT.jar:?]
	at org.apache.hadoop.ozone.protocolPB.OzoneManagerRequestHandler.handleReadRequest(OzoneManagerRequestHandler.java:245) ~[ozone-manager-1.4.0-SNAPSHOT.jar:?]
	at org.apache.hadoop.ozone.protocolPB.OzoneManagerProtocolServerSideTranslatorPB.submitRequestDirectlyToOM(OzoneManagerProtocolServerSideTranslatorPB.java:272) ~[ozone-manager-1.4.0-SNAPSHOT.jar:?]
	at org.apache.hadoop.ozone.protocolPB.OzoneManagerProtocolServerSideTranslatorPB.processRequest(OzoneManagerProtocolServerSideTranslatorPB.java:173) ~[ozone-manager-1.4.0-SNAPSHOT.jar:?]
	at org.apache.hadoop.hdds.server.OzoneProtocolMessageDispatcher.processRequest(OzoneProtocolMessageDispatcher.java:87) [hdds-server-framework-1.4.0-SNAPSHOT.jar:?]
	at org.apache.hadoop.ozone.protocolPB.OzoneManagerProtocolServerSideTranslatorPB.submitRequest(OzoneManagerProtocolServerSideTranslatorPB.java:147) [ozone-manager-1.4.0-SNAPSHOT.jar:?]
	at org.apache.hadoop.ozone.protocol.proto.OzoneManagerProtocolProtos$OzoneManagerService$2.callBlockingMethod(OzoneManagerProtocolProtos.java) [ozone-interface-client-1.4.0-SNAPSHOT.jar:?]
	at org.apache.hadoop.ipc.ProtobufRpcEngine$Server.processCall(ProtobufRpcEngine.java:484) [hadoop-common-3.3.5.jar:?]
	at org.apache.hadoop.ipc.ProtobufRpcEngine2$Server$ProtoBufRpcInvoker.call(ProtobufRpcEngine2.java:595) [hadoop-common-3.3.5.jar:?]
	at org.apache.hadoop.ipc.ProtobufRpcEngine2$Server$ProtoBufRpcInvoker.call(ProtobufRpcEngine2.java:573) [hadoop-common-3.3.5.jar:?]
	at org.apache.hadoop.ipc.RPC$Server.call(RPC.java:1213) [hadoop-common-3.3.5.jar:?]
	at org.apache.hadoop.ipc.Server$RpcCall.run(Server.java:1089) [hadoop-common-3.3.5.jar:?]
	at org.apache.hadoop.ipc.Server$RpcCall.run(Server.java:1012) [hadoop-common-3.3.5.jar:?]
	at java.security.AccessController.doPrivileged(Native Method) ~[?:1.8.0_372]
	at javax.security.auth.Subject.doAs(Subject.java:422) [?:1.8.0_372]
	at org.apache.hadoop.security.UserGroupInformation.doAs(UserGroupInformation.java:1899) [hadoop-common-3.3.5.jar:?]
	at org.apache.hadoop.ipc.Server$Handler.run(Server.java:3026) [hadoop-common-3.3.5.jar:?]
21:37:15.817 [IPC Server handler 9 on default port 15057] ERROR OMAudit - user=runner | ip=127.0.0.1 | op=GET_FILE_STATUS {volume=volume23255, bucket=bucket37942, key=.Trash/runner/Current/keyToBeDeleted1, dataSize=0, replicationConfig=null} | ret=FAILURE
org.apache.hadoop.ozone.om.exceptions.OMException: Unable to get file status: volume: volume23255 bucket: bucket37942 key: .Trash/runner/Current/keyToBeDeleted1
	at org.apache.hadoop.ozone.om.KeyManagerImpl.getOzoneFileStatusFSO(KeyManagerImpl.java:1311) ~[ozone-manager-1.4.0-SNAPSHOT.jar:?]
	at org.apache.hadoop.ozone.om.KeyManagerImpl.getFileStatus(KeyManagerImpl.java:1102) ~[ozone-manager-1.4.0-SNAPSHOT.jar:?]
	at org.apache.hadoop.ozone.om.OmMetadataReader.getFileStatus(OmMetadataReader.java:286) ~[ozone-manager-1.4.0-SNAPSHOT.jar:?]
	at org.apache.hadoop.ozone.om.OzoneManager.getFileStatus(OzoneManager.java:3499) ~[ozone-manager-1.4.0-SNAPSHOT.jar:?]
	at org.apache.hadoop.ozone.protocolPB.OzoneManagerRequestHandler.getOzoneFileStatus(OzoneManagerRequestHandler.java:950) ~[ozone-manager-1.4.0-SNAPSHOT.jar:?]
	at org.apache.hadoop.ozone.protocolPB.OzoneManagerRequestHandler.handleReadRequest(OzoneManagerRequestHandler.java:245) ~[ozone-manager-1.4.0-SNAPSHOT.jar:?]
	at org.apache.hadoop.ozone.protocolPB.OzoneManagerProtocolServerSideTranslatorPB.submitRequestDirectlyToOM(OzoneManagerProtocolServerSideTranslatorPB.java:272) ~[ozone-manager-1.4.0-SNAPSHOT.jar:?]
	at org.apache.hadoop.ozone.protocolPB.OzoneManagerProtocolServerSideTranslatorPB.processRequest(OzoneManagerProtocolServerSideTranslatorPB.java:173) ~[ozone-manager-1.4.0-SNAPSHOT.jar:?]
	at org.apache.hadoop.hdds.server.OzoneProtocolMessageDispatcher.processRequest(OzoneProtocolMessageDispatcher.java:87) [hdds-server-framework-1.4.0-SNAPSHOT.jar:?]
	at org.apache.hadoop.ozone.protocolPB.OzoneManagerProtocolServerSideTranslatorPB.submitRequest(OzoneManagerProtocolServerSideTranslatorPB.java:147) [ozone-manager-1.4.0-SNAPSHOT.jar:?]
	at org.apache.hadoop.ozone.protocol.proto.OzoneManagerProtocolProtos$OzoneManagerService$2.callBlockingMethod(OzoneManagerProtocolProtos.java) [ozone-interface-client-1.4.0-SNAPSHOT.jar:?]
	at org.apache.hadoop.ipc.ProtobufRpcEngine$Server.processCall(ProtobufRpcEngine.java:484) [hadoop-common-3.3.5.jar:?]
	at org.apache.hadoop.ipc.ProtobufRpcEngine2$Server$ProtoBufRpcInvoker.call(ProtobufRpcEngine2.java:595) [hadoop-common-3.3.5.jar:?]
	at org.apache.hadoop.ipc.ProtobufRpcEngine2$Server$ProtoBufRpcInvoker.call(ProtobufRpcEngine2.java:573) [hadoop-common-3.3.5.jar:?]
	at org.apache.hadoop.ipc.RPC$Server.call(RPC.java:1213) [hadoop-common-3.3.5.jar:?]
	at org.apache.hadoop.ipc.Server$RpcCall.run(Server.java:1089) [hadoop-common-3.3.5.jar:?]
	at org.apache.hadoop.ipc.Server$RpcCall.run(Server.java:1012) [hadoop-common-3.3.5.jar:?]
	at java.security.AccessController.doPrivileged(Native Method) ~[?:1.8.0_372]
	at javax.security.auth.Subject.doAs(Subject.java:422) [?:1.8.0_372]
	at org.apache.hadoop.security.UserGroupInformation.doAs(UserGroupInformation.java:1899) [hadoop-common-3.3.5.jar:?]
	at org.apache.hadoop.ipc.Server$Handler.run(Server.java:3026) [hadoop-common-3.3.5.jar:?]
]]></system-out>
  </testcase>
  <testcase name="testCreateAndCheckRatisFileDiskUsage" classname="TestRootedOzoneFileSystemWithFSO" time="0.136">
    <system-out><![CDATA[2023-06-22 21:35:45,836 [Time-limited test] INFO  rpc.RpcClient (RpcClient.java:createVolume(459)) - Creating Volume: volume51547, with user59130 as owner and space quota set to -1 bytes, counts quota set to -1
2023-06-22 21:35:45,838 [OM StateMachine ApplyTransaction Thread - 0] INFO  volume.OMVolumeCreateRequest (OMVolumeCreateRequest.java:validateAndUpdateCache(196)) - created volume:volume51547 for user:user59130
2023-06-22 21:35:45,840 [Time-limited test] INFO  rpc.RpcClient (RpcClient.java:createBucket(686)) - Creating Bucket: volume51547/bucket66135, with bucket layout FILE_SYSTEM_OPTIMIZED, runner as owner, Versioning false, Storage Type set to DISK and Encryption set to false, Replication Type set to server-side default replication type, Namespace Quota set to -1, Space Quota set to -1 
2023-06-22 21:35:45,842 [OM StateMachine ApplyTransaction Thread - 0] INFO  bucket.OMBucketCreateRequest (OMBucketCreateRequest.java:validateAndUpdateCache(270)) - created bucket: bucket66135 of layout FILE_SYSTEM_OPTIMIZED in volume: volume51547
]]></system-out>
  </testcase>
  <testcase name="testCreateAndCheckRatisFileDiskUsage" classname="TestRootedOzoneFileSystemWithFSO" time="0.091">
    <system-out><![CDATA[2023-06-22 21:37:18,863 [Time-limited test] INFO  rpc.RpcClient (RpcClient.java:createVolume(459)) - Creating Volume: volume20707, with user98403 as owner and space quota set to -1 bytes, counts quota set to -1
2023-06-22 21:37:18,863 [IPC Server handler 8 on default port 15057] INFO  volume.OMVolumeCreateRequest (OMVolumeCreateRequest.java:validateAndUpdateCache(196)) - created volume:volume20707 for user:user98403
2023-06-22 21:37:18,864 [Time-limited test] INFO  rpc.RpcClient (RpcClient.java:createBucket(686)) - Creating Bucket: volume20707/bucket10610, with bucket layout FILE_SYSTEM_OPTIMIZED, runner as owner, Versioning false, Storage Type set to DISK and Encryption set to false, Replication Type set to server-side default replication type, Namespace Quota set to -1, Space Quota set to -1 
2023-06-22 21:37:18,865 [IPC Server handler 9 on default port 15057] INFO  bucket.OMBucketCreateRequest (OMBucketCreateRequest.java:validateAndUpdateCache(270)) - created bucket: bucket10610 of layout FILE_SYSTEM_OPTIMIZED in volume: volume20707
]]></system-out>
  </testcase>
  <testcase name="testGetFileStatusRoot" classname="TestRootedOzoneFileSystemWithFSO" time="0.053">
    <system-out><![CDATA[2023-06-22 21:35:45,967 [Time-limited test] INFO  rpc.RpcClient (RpcClient.java:createVolume(459)) - Creating Volume: volume79317, with user18647 as owner and space quota set to -1 bytes, counts quota set to -1
2023-06-22 21:35:45,972 [OM StateMachine ApplyTransaction Thread - 0] INFO  volume.OMVolumeCreateRequest (OMVolumeCreateRequest.java:validateAndUpdateCache(196)) - created volume:volume79317 for user:user18647
2023-06-22 21:35:45,974 [Time-limited test] INFO  rpc.RpcClient (RpcClient.java:createBucket(686)) - Creating Bucket: volume79317/bucket85229, with bucket layout FILE_SYSTEM_OPTIMIZED, runner as owner, Versioning false, Storage Type set to DISK and Encryption set to false, Replication Type set to server-side default replication type, Namespace Quota set to -1, Space Quota set to -1 
2023-06-22 21:35:45,978 [OM StateMachine ApplyTransaction Thread - 0] INFO  bucket.OMBucketCreateRequest (OMBucketCreateRequest.java:validateAndUpdateCache(270)) - created bucket: bucket85229 of layout FILE_SYSTEM_OPTIMIZED in volume: volume79317
]]></system-out>
  </testcase>
  <testcase name="testGetFileStatusRoot" classname="TestRootedOzoneFileSystemWithFSO" time="0.029">
    <system-out><![CDATA[2023-06-22 21:37:18,958 [Time-limited test] INFO  rpc.RpcClient (RpcClient.java:createVolume(459)) - Creating Volume: volume41785, with user31592 as owner and space quota set to -1 bytes, counts quota set to -1
2023-06-22 21:37:18,959 [IPC Server handler 7 on default port 15057] INFO  volume.OMVolumeCreateRequest (OMVolumeCreateRequest.java:validateAndUpdateCache(196)) - created volume:volume41785 for user:user31592
2023-06-22 21:37:18,960 [Time-limited test] INFO  rpc.RpcClient (RpcClient.java:createBucket(686)) - Creating Bucket: volume41785/bucket04666, with bucket layout FILE_SYSTEM_OPTIMIZED, runner as owner, Versioning false, Storage Type set to DISK and Encryption set to false, Replication Type set to server-side default replication type, Namespace Quota set to -1, Space Quota set to -1 
2023-06-22 21:37:18,961 [IPC Server handler 19 on default port 15057] INFO  bucket.OMBucketCreateRequest (OMBucketCreateRequest.java:validateAndUpdateCache(270)) - created bucket: bucket04666 of layout FILE_SYSTEM_OPTIMIZED in volume: volume41785
]]></system-out>
  </testcase>
  <testcase name="testGetFileStatus" classname="TestRootedOzoneFileSystemWithFSO" time="0.071">
    <system-out><![CDATA[2023-06-22 21:35:46,018 [Time-limited test] INFO  rpc.RpcClient (RpcClient.java:createVolume(459)) - Creating Volume: volume23767, with user16258 as owner and space quota set to -1 bytes, counts quota set to -1
2023-06-22 21:35:46,022 [OM StateMachine ApplyTransaction Thread - 0] INFO  volume.OMVolumeCreateRequest (OMVolumeCreateRequest.java:validateAndUpdateCache(196)) - created volume:volume23767 for user:user16258
2023-06-22 21:35:46,023 [Time-limited test] INFO  rpc.RpcClient (RpcClient.java:createBucket(686)) - Creating Bucket: volume23767/bucket05358, with bucket layout FILE_SYSTEM_OPTIMIZED, runner as owner, Versioning false, Storage Type set to DISK and Encryption set to false, Replication Type set to server-side default replication type, Namespace Quota set to -1, Space Quota set to -1 
2023-06-22 21:35:46,024 [OM StateMachine ApplyTransaction Thread - 0] INFO  bucket.OMBucketCreateRequest (OMBucketCreateRequest.java:validateAndUpdateCache(270)) - created bucket: bucket05358 of layout FILE_SYSTEM_OPTIMIZED in volume: volume23767
2023-06-22 21:35:46,027 [Time-limited test] INFO  rpc.RpcClient (RpcClient.java:createVolume(459)) - Creating Volume: volume-49835, with runner as owner and space quota set to -1 bytes, counts quota set to -1
2023-06-22 21:35:46,028 [OM StateMachine ApplyTransaction Thread - 0] INFO  volume.OMVolumeCreateRequest (OMVolumeCreateRequest.java:validateAndUpdateCache(196)) - created volume:volume-49835 for user:runner
]]></system-out>
  </testcase>
  <testcase name="testGetFileStatus" classname="TestRootedOzoneFileSystemWithFSO" time="0.029">
    <system-out><![CDATA[2023-06-22 21:37:18,982 [Time-limited test] INFO  rpc.RpcClient (RpcClient.java:createVolume(459)) - Creating Volume: volume73069, with user19836 as owner and space quota set to -1 bytes, counts quota set to -1
2023-06-22 21:37:18,983 [IPC Server handler 15 on default port 15057] INFO  volume.OMVolumeCreateRequest (OMVolumeCreateRequest.java:validateAndUpdateCache(196)) - created volume:volume73069 for user:user19836
2023-06-22 21:37:18,984 [Time-limited test] INFO  rpc.RpcClient (RpcClient.java:createBucket(686)) - Creating Bucket: volume73069/bucket08869, with bucket layout FILE_SYSTEM_OPTIMIZED, runner as owner, Versioning false, Storage Type set to DISK and Encryption set to false, Replication Type set to server-side default replication type, Namespace Quota set to -1, Space Quota set to -1 
2023-06-22 21:37:18,984 [IPC Server handler 18 on default port 15057] INFO  bucket.OMBucketCreateRequest (OMBucketCreateRequest.java:validateAndUpdateCache(270)) - created bucket: bucket08869 of layout FILE_SYSTEM_OPTIMIZED in volume: volume73069
2023-06-22 21:37:18,986 [Time-limited test] INFO  rpc.RpcClient (RpcClient.java:createVolume(459)) - Creating Volume: volume-89470, with runner as owner and space quota set to -1 bytes, counts quota set to -1
2023-06-22 21:37:18,986 [IPC Server handler 6 on default port 15057] INFO  volume.OMVolumeCreateRequest (OMVolumeCreateRequest.java:validateAndUpdateCache(196)) - created volume:volume-89470 for user:runner
]]></system-out>
  </testcase>
  <testcase name="testListStatusRootAndVolumeContinuation" classname="TestRootedOzoneFileSystemWithFSO" time="0">
    <skipped type="org.junit.AssumptionViolatedException"><![CDATA[org.junit.AssumptionViolatedException: FS Path is enabled. Skipping this test as it is not tuned for FS Path yet
	at org.junit.Assume.assumeTrue(Assume.java:68)
	at org.apache.hadoop.fs.ozone.TestRootedOzoneFileSystem.testListStatusRootAndVolumeContinuation(TestRootedOzoneFileSystem.java:1195)
	at sun.reflect.NativeMethodAccessorImpl.invoke0(Native Method)
	at sun.reflect.NativeMethodAccessorImpl.invoke(NativeMethodAccessorImpl.java:62)
	at sun.reflect.DelegatingMethodAccessorImpl.invoke(DelegatingMethodAccessorImpl.java:43)
	at java.lang.reflect.Method.invoke(Method.java:498)
	at org.junit.runners.model.FrameworkMethod$1.runReflectiveCall(FrameworkMethod.java:59)
	at org.junit.internal.runners.model.ReflectiveCallable.run(ReflectiveCallable.java:12)
	at org.junit.runners.model.FrameworkMethod.invokeExplosively(FrameworkMethod.java:56)
	at org.junit.internal.runners.statements.InvokeMethod.evaluate(InvokeMethod.java:17)
	at org.junit.internal.runners.statements.RunBefores.evaluate(RunBefores.java:26)
	at org.junit.internal.runners.statements.RunAfters.evaluate(RunAfters.java:27)
	at org.junit.internal.runners.statements.FailOnTimeout$CallableStatement.call(FailOnTimeout.java:288)
	at org.junit.internal.runners.statements.FailOnTimeout$CallableStatement.call(FailOnTimeout.java:282)
	at java.util.concurrent.FutureTask.run(FutureTask.java:266)
	at java.lang.Thread.run(Thread.java:750)
]]></skipped>
    <system-out><![CDATA[2023-06-22 21:35:46,115 [Time-limited test] INFO  rpc.RpcClient (RpcClient.java:createVolume(459)) - Creating Volume: volume54024, with user77830 as owner and space quota set to -1 bytes, counts quota set to -1
2023-06-22 21:35:46,118 [OM StateMachine ApplyTransaction Thread - 0] INFO  volume.OMVolumeCreateRequest (OMVolumeCreateRequest.java:validateAndUpdateCache(196)) - created volume:volume54024 for user:user77830
2023-06-22 21:35:46,119 [Time-limited test] INFO  rpc.RpcClient (RpcClient.java:createBucket(686)) - Creating Bucket: volume54024/bucket19447, with bucket layout FILE_SYSTEM_OPTIMIZED, runner as owner, Versioning false, Storage Type set to DISK and Encryption set to false, Replication Type set to server-side default replication type, Namespace Quota set to -1, Space Quota set to -1 
2023-06-22 21:35:46,120 [OM StateMachine ApplyTransaction Thread - 0] INFO  bucket.OMBucketCreateRequest (OMBucketCreateRequest.java:validateAndUpdateCache(270)) - created bucket: bucket19447 of layout FILE_SYSTEM_OPTIMIZED in volume: volume54024
]]></system-out>
  </testcase>
  <testcase name="testListStatusRootAndVolumeContinuation" classname="TestRootedOzoneFileSystemWithFSO" time="0">
    <skipped type="org.junit.AssumptionViolatedException"><![CDATA[org.junit.AssumptionViolatedException: FS Path is enabled. Skipping this test as it is not tuned for FS Path yet
	at org.junit.Assume.assumeTrue(Assume.java:68)
	at org.apache.hadoop.fs.ozone.TestRootedOzoneFileSystem.testListStatusRootAndVolumeContinuation(TestRootedOzoneFileSystem.java:1195)
	at sun.reflect.NativeMethodAccessorImpl.invoke0(Native Method)
	at sun.reflect.NativeMethodAccessorImpl.invoke(NativeMethodAccessorImpl.java:62)
	at sun.reflect.DelegatingMethodAccessorImpl.invoke(DelegatingMethodAccessorImpl.java:43)
	at java.lang.reflect.Method.invoke(Method.java:498)
	at org.junit.runners.model.FrameworkMethod$1.runReflectiveCall(FrameworkMethod.java:59)
	at org.junit.internal.runners.model.ReflectiveCallable.run(ReflectiveCallable.java:12)
	at org.junit.runners.model.FrameworkMethod.invokeExplosively(FrameworkMethod.java:56)
	at org.junit.internal.runners.statements.InvokeMethod.evaluate(InvokeMethod.java:17)
	at org.junit.internal.runners.statements.RunBefores.evaluate(RunBefores.java:26)
	at org.junit.internal.runners.statements.RunAfters.evaluate(RunAfters.java:27)
	at org.junit.internal.runners.statements.FailOnTimeout$CallableStatement.call(FailOnTimeout.java:288)
	at org.junit.internal.runners.statements.FailOnTimeout$CallableStatement.call(FailOnTimeout.java:282)
	at java.util.concurrent.FutureTask.run(FutureTask.java:266)
	at java.lang.Thread.run(Thread.java:750)
]]></skipped>
    <system-out><![CDATA[2023-06-22 21:37:19,011 [Time-limited test] INFO  rpc.RpcClient (RpcClient.java:createVolume(459)) - Creating Volume: volume28609, with user98416 as owner and space quota set to -1 bytes, counts quota set to -1
2023-06-22 21:37:19,012 [IPC Server handler 13 on default port 15057] INFO  volume.OMVolumeCreateRequest (OMVolumeCreateRequest.java:validateAndUpdateCache(196)) - created volume:volume28609 for user:user98416
2023-06-22 21:37:19,013 [Time-limited test] INFO  rpc.RpcClient (RpcClient.java:createBucket(686)) - Creating Bucket: volume28609/bucket50511, with bucket layout FILE_SYSTEM_OPTIMIZED, runner as owner, Versioning false, Storage Type set to DISK and Encryption set to false, Replication Type set to server-side default replication type, Namespace Quota set to -1, Space Quota set to -1 
2023-06-22 21:37:19,014 [IPC Server handler 3 on default port 15057] INFO  bucket.OMBucketCreateRequest (OMBucketCreateRequest.java:validateAndUpdateCache(270)) - created bucket: bucket50511 of layout FILE_SYSTEM_OPTIMIZED in volume: volume28609
]]></system-out>
  </testcase>
  <testcase name="testDeleteVolumeBucketAndKey" classname="TestRootedOzoneFileSystemWithFSO" time="0.149">
    <system-out><![CDATA[2023-06-22 21:35:46,197 [Time-limited test] INFO  rpc.RpcClient (RpcClient.java:createVolume(459)) - Creating Volume: volume78939, with user68670 as owner and space quota set to -1 bytes, counts quota set to -1
2023-06-22 21:35:46,200 [OM StateMachine ApplyTransaction Thread - 0] INFO  volume.OMVolumeCreateRequest (OMVolumeCreateRequest.java:validateAndUpdateCache(196)) - created volume:volume78939 for user:user68670
2023-06-22 21:35:46,202 [Time-limited test] INFO  rpc.RpcClient (RpcClient.java:createBucket(686)) - Creating Bucket: volume78939/bucket72477, with bucket layout FILE_SYSTEM_OPTIMIZED, runner as owner, Versioning false, Storage Type set to DISK and Encryption set to false, Replication Type set to server-side default replication type, Namespace Quota set to -1, Space Quota set to -1 
2023-06-22 21:35:46,204 [OM StateMachine ApplyTransaction Thread - 0] INFO  bucket.OMBucketCreateRequest (OMBucketCreateRequest.java:validateAndUpdateCache(270)) - created bucket: bucket72477 of layout FILE_SYSTEM_OPTIMIZED in volume: volume78939
21:35:46.207 [IPC Server handler 16 on default port 15004] ERROR OMAudit - user=runner | ip=127.0.0.1 | op=READ_BUCKET {volume=volume-07310, bucket=bucket3} | ret=FAILURE
org.apache.hadoop.ozone.om.exceptions.OMException: Volume not found when getting bucket info
	at org.apache.hadoop.ozone.om.BucketManagerImpl.getBucketInfo(BucketManagerImpl.java:81) ~[ozone-manager-1.4.0-SNAPSHOT.jar:?]
	at org.apache.hadoop.ozone.om.OzoneManager.getBucketInfo(OzoneManager.java:2777) ~[ozone-manager-1.4.0-SNAPSHOT.jar:?]
	at org.apache.hadoop.ozone.protocolPB.OzoneManagerRequestHandler.infoBucket(OzoneManagerRequestHandler.java:524) ~[ozone-manager-1.4.0-SNAPSHOT.jar:?]
	at org.apache.hadoop.ozone.protocolPB.OzoneManagerRequestHandler.handleReadRequest(OzoneManagerRequestHandler.java:195) ~[ozone-manager-1.4.0-SNAPSHOT.jar:?]
	at org.apache.hadoop.ozone.protocolPB.OzoneManagerProtocolServerSideTranslatorPB.submitReadRequestToOM(OzoneManagerProtocolServerSideTranslatorPB.java:223) ~[ozone-manager-1.4.0-SNAPSHOT.jar:?]
	at org.apache.hadoop.ozone.protocolPB.OzoneManagerProtocolServerSideTranslatorPB.processRequest(OzoneManagerProtocolServerSideTranslatorPB.java:177) ~[ozone-manager-1.4.0-SNAPSHOT.jar:?]
	at org.apache.hadoop.hdds.server.OzoneProtocolMessageDispatcher.processRequest(OzoneProtocolMessageDispatcher.java:87) [hdds-server-framework-1.4.0-SNAPSHOT.jar:?]
	at org.apache.hadoop.ozone.protocolPB.OzoneManagerProtocolServerSideTranslatorPB.submitRequest(OzoneManagerProtocolServerSideTranslatorPB.java:147) [ozone-manager-1.4.0-SNAPSHOT.jar:?]
	at org.apache.hadoop.ozone.protocol.proto.OzoneManagerProtocolProtos$OzoneManagerService$2.callBlockingMethod(OzoneManagerProtocolProtos.java) [ozone-interface-client-1.4.0-SNAPSHOT.jar:?]
	at org.apache.hadoop.ipc.ProtobufRpcEngine$Server.processCall(ProtobufRpcEngine.java:484) [hadoop-common-3.3.5.jar:?]
	at org.apache.hadoop.ipc.ProtobufRpcEngine2$Server$ProtoBufRpcInvoker.call(ProtobufRpcEngine2.java:595) [hadoop-common-3.3.5.jar:?]
	at org.apache.hadoop.ipc.ProtobufRpcEngine2$Server$ProtoBufRpcInvoker.call(ProtobufRpcEngine2.java:573) [hadoop-common-3.3.5.jar:?]
	at org.apache.hadoop.ipc.RPC$Server.call(RPC.java:1213) [hadoop-common-3.3.5.jar:?]
	at org.apache.hadoop.ipc.Server$RpcCall.run(Server.java:1089) [hadoop-common-3.3.5.jar:?]
	at org.apache.hadoop.ipc.Server$RpcCall.run(Server.java:1012) [hadoop-common-3.3.5.jar:?]
	at java.security.AccessController.doPrivileged(Native Method) ~[?:1.8.0_372]
	at javax.security.auth.Subject.doAs(Subject.java:422) [?:1.8.0_372]
	at org.apache.hadoop.security.UserGroupInformation.doAs(UserGroupInformation.java:1899) [hadoop-common-3.3.5.jar:?]
	at org.apache.hadoop.ipc.Server$Handler.run(Server.java:3026) [hadoop-common-3.3.5.jar:?]
2023-06-22 21:35:46,208 [Time-limited test] INFO  rpc.RpcClient (RpcClient.java:createVolume(459)) - Creating Volume: volume-07310, with runner as owner and space quota set to -1 bytes, counts quota set to -1
2023-06-22 21:35:46,210 [OM StateMachine ApplyTransaction Thread - 0] INFO  volume.OMVolumeCreateRequest (OMVolumeCreateRequest.java:validateAndUpdateCache(196)) - created volume:volume-07310 for user:runner
2023-06-22 21:35:46,211 [Time-limited test] INFO  rpc.RpcClient (RpcClient.java:createBucket(686)) - Creating Bucket: volume-07310/bucket3, with bucket layout FILE_SYSTEM_OPTIMIZED, runner as owner, Versioning false, Storage Type set to DISK and Encryption set to false, Replication Type set to server-side default replication type, Namespace Quota set to -1, Space Quota set to -1 
2023-06-22 21:35:46,214 [OM StateMachine ApplyTransaction Thread - 0] INFO  bucket.OMBucketCreateRequest (OMBucketCreateRequest.java:validateAndUpdateCache(270)) - created bucket: bucket3 of layout FILE_SYSTEM_OPTIMIZED in volume: volume-07310
21:35:46.219 [OM StateMachine ApplyTransaction Thread - 0] ERROR OMAudit - user=runner | ip=127.0.0.1 | op=DELETE_VOLUME {volume=volume-07310} | ret=FAILURE
org.apache.hadoop.ozone.om.exceptions.OMException: null
	at org.apache.hadoop.ozone.om.request.volume.OMVolumeDeleteRequest.validateAndUpdateCache(OMVolumeDeleteRequest.java:121) ~[ozone-manager-1.4.0-SNAPSHOT.jar:?]
	at org.apache.hadoop.ozone.protocolPB.OzoneManagerRequestHandler.handleWriteRequest(OzoneManagerRequestHandler.java:352) ~[ozone-manager-1.4.0-SNAPSHOT.jar:?]
	at org.apache.hadoop.ozone.om.ratis.OzoneManagerStateMachine.runCommand(OzoneManagerStateMachine.java:567) ~[ozone-manager-1.4.0-SNAPSHOT.jar:?]
	at org.apache.hadoop.ozone.om.ratis.OzoneManagerStateMachine.lambda$1(OzoneManagerStateMachine.java:358) ~[ozone-manager-1.4.0-SNAPSHOT.jar:?]
	at java.util.concurrent.CompletableFuture$AsyncSupply.run(CompletableFuture.java:1604) [?:1.8.0_372]
	at java.util.concurrent.ThreadPoolExecutor.runWorker(ThreadPoolExecutor.java:1149) [?:1.8.0_372]
	at java.util.concurrent.ThreadPoolExecutor$Worker.run(ThreadPoolExecutor.java:624) [?:1.8.0_372]
	at java.lang.Thread.run(Thread.java:750) [?:1.8.0_372]
2023-06-22 21:35:46,220 [OM StateMachine ApplyTransaction Thread - 0] ERROR volume.OMVolumeDeleteRequest (OMVolumeDeleteRequest.java:validateAndUpdateCache(168)) - Volume deletion failed for user:runner volume:volume-07310
VOLUME_NOT_EMPTY org.apache.hadoop.ozone.om.exceptions.OMException
	at org.apache.hadoop.ozone.om.request.volume.OMVolumeDeleteRequest.validateAndUpdateCache(OMVolumeDeleteRequest.java:121)
	at org.apache.hadoop.ozone.protocolPB.OzoneManagerRequestHandler.handleWriteRequest(OzoneManagerRequestHandler.java:352)
	at org.apache.hadoop.ozone.om.ratis.OzoneManagerStateMachine.runCommand(OzoneManagerStateMachine.java:567)
	at org.apache.hadoop.ozone.om.ratis.OzoneManagerStateMachine.lambda$1(OzoneManagerStateMachine.java:358)
	at java.util.concurrent.CompletableFuture$AsyncSupply.run(CompletableFuture.java:1604)
	at java.util.concurrent.ThreadPoolExecutor.runWorker(ThreadPoolExecutor.java:1149)
	at java.util.concurrent.ThreadPoolExecutor$Worker.run(ThreadPoolExecutor.java:624)
	at java.lang.Thread.run(Thread.java:750)
21:35:46.248 [IPC Server handler 15 on default port 15004] ERROR OMAudit - user=runner | ip=127.0.0.1 | op=READ_VOLUME {volume=volume-07310} | ret=FAILURE
org.apache.hadoop.ozone.om.exceptions.OMException: Volume volume-07310 is not found
	at org.apache.hadoop.ozone.om.VolumeManagerImpl.getVolumeInfo(VolumeManagerImpl.java:61) ~[ozone-manager-1.4.0-SNAPSHOT.jar:?]
	at org.apache.hadoop.ozone.om.OzoneManager.getVolumeInfo(OzoneManager.java:2592) ~[ozone-manager-1.4.0-SNAPSHOT.jar:?]
	at org.apache.hadoop.ozone.protocolPB.OzoneManagerRequestHandler.infoVolume(OzoneManagerRequestHandler.java:450) ~[ozone-manager-1.4.0-SNAPSHOT.jar:?]
	at org.apache.hadoop.ozone.protocolPB.OzoneManagerRequestHandler.handleReadRequest(OzoneManagerRequestHandler.java:185) ~[ozone-manager-1.4.0-SNAPSHOT.jar:?]
	at org.apache.hadoop.ozone.protocolPB.OzoneManagerProtocolServerSideTranslatorPB.submitReadRequestToOM(OzoneManagerProtocolServerSideTranslatorPB.java:223) ~[ozone-manager-1.4.0-SNAPSHOT.jar:?]
	at org.apache.hadoop.ozone.protocolPB.OzoneManagerProtocolServerSideTranslatorPB.processRequest(OzoneManagerProtocolServerSideTranslatorPB.java:177) ~[ozone-manager-1.4.0-SNAPSHOT.jar:?]
	at org.apache.hadoop.hdds.server.OzoneProtocolMessageDispatcher.processRequest(OzoneProtocolMessageDispatcher.java:87) [hdds-server-framework-1.4.0-SNAPSHOT.jar:?]
	at org.apache.hadoop.ozone.protocolPB.OzoneManagerProtocolServerSideTranslatorPB.submitRequest(OzoneManagerProtocolServerSideTranslatorPB.java:147) [ozone-manager-1.4.0-SNAPSHOT.jar:?]
	at org.apache.hadoop.ozone.protocol.proto.OzoneManagerProtocolProtos$OzoneManagerService$2.callBlockingMethod(OzoneManagerProtocolProtos.java) [ozone-interface-client-1.4.0-SNAPSHOT.jar:?]
	at org.apache.hadoop.ipc.ProtobufRpcEngine$Server.processCall(ProtobufRpcEngine.java:484) [hadoop-common-3.3.5.jar:?]
	at org.apache.hadoop.ipc.ProtobufRpcEngine2$Server$ProtoBufRpcInvoker.call(ProtobufRpcEngine2.java:595) [hadoop-common-3.3.5.jar:?]
	at org.apache.hadoop.ipc.ProtobufRpcEngine2$Server$ProtoBufRpcInvoker.call(ProtobufRpcEngine2.java:573) [hadoop-common-3.3.5.jar:?]
	at org.apache.hadoop.ipc.RPC$Server.call(RPC.java:1213) [hadoop-common-3.3.5.jar:?]
	at org.apache.hadoop.ipc.Server$RpcCall.run(Server.java:1089) [hadoop-common-3.3.5.jar:?]
	at org.apache.hadoop.ipc.Server$RpcCall.run(Server.java:1012) [hadoop-common-3.3.5.jar:?]
	at java.security.AccessController.doPrivileged(Native Method) ~[?:1.8.0_372]
	at javax.security.auth.Subject.doAs(Subject.java:422) [?:1.8.0_372]
	at org.apache.hadoop.security.UserGroupInformation.doAs(UserGroupInformation.java:1899) [hadoop-common-3.3.5.jar:?]
	at org.apache.hadoop.ipc.Server$Handler.run(Server.java:3026) [hadoop-common-3.3.5.jar:?]
21:35:46.251 [IPC Server handler 14 on default port 15004] ERROR OMAudit - user=runner | ip=127.0.0.1 | op=READ_BUCKET {volume=volume-07310, bucket=bucket3} | ret=FAILURE
org.apache.hadoop.ozone.om.exceptions.OMException: Volume not found when getting bucket info
	at org.apache.hadoop.ozone.om.BucketManagerImpl.getBucketInfo(BucketManagerImpl.java:81) ~[ozone-manager-1.4.0-SNAPSHOT.jar:?]
	at org.apache.hadoop.ozone.om.OzoneManager.getBucketInfo(OzoneManager.java:2777) ~[ozone-manager-1.4.0-SNAPSHOT.jar:?]
	at org.apache.hadoop.ozone.protocolPB.OzoneManagerRequestHandler.infoBucket(OzoneManagerRequestHandler.java:524) ~[ozone-manager-1.4.0-SNAPSHOT.jar:?]
	at org.apache.hadoop.ozone.protocolPB.OzoneManagerRequestHandler.handleReadRequest(OzoneManagerRequestHandler.java:195) ~[ozone-manager-1.4.0-SNAPSHOT.jar:?]
	at org.apache.hadoop.ozone.protocolPB.OzoneManagerProtocolServerSideTranslatorPB.submitReadRequestToOM(OzoneManagerProtocolServerSideTranslatorPB.java:223) ~[ozone-manager-1.4.0-SNAPSHOT.jar:?]
	at org.apache.hadoop.ozone.protocolPB.OzoneManagerProtocolServerSideTranslatorPB.processRequest(OzoneManagerProtocolServerSideTranslatorPB.java:177) ~[ozone-manager-1.4.0-SNAPSHOT.jar:?]
	at org.apache.hadoop.hdds.server.OzoneProtocolMessageDispatcher.processRequest(OzoneProtocolMessageDispatcher.java:87) [hdds-server-framework-1.4.0-SNAPSHOT.jar:?]
	at org.apache.hadoop.ozone.protocolPB.OzoneManagerProtocolServerSideTranslatorPB.submitRequest(OzoneManagerProtocolServerSideTranslatorPB.java:147) [ozone-manager-1.4.0-SNAPSHOT.jar:?]
	at org.apache.hadoop.ozone.protocol.proto.OzoneManagerProtocolProtos$OzoneManagerService$2.callBlockingMethod(OzoneManagerProtocolProtos.java) [ozone-interface-client-1.4.0-SNAPSHOT.jar:?]
	at org.apache.hadoop.ipc.ProtobufRpcEngine$Server.processCall(ProtobufRpcEngine.java:484) [hadoop-common-3.3.5.jar:?]
	at org.apache.hadoop.ipc.ProtobufRpcEngine2$Server$ProtoBufRpcInvoker.call(ProtobufRpcEngine2.java:595) [hadoop-common-3.3.5.jar:?]
	at org.apache.hadoop.ipc.ProtobufRpcEngine2$Server$ProtoBufRpcInvoker.call(ProtobufRpcEngine2.java:573) [hadoop-common-3.3.5.jar:?]
	at org.apache.hadoop.ipc.RPC$Server.call(RPC.java:1213) [hadoop-common-3.3.5.jar:?]
	at org.apache.hadoop.ipc.Server$RpcCall.run(Server.java:1089) [hadoop-common-3.3.5.jar:?]
	at org.apache.hadoop.ipc.Server$RpcCall.run(Server.java:1012) [hadoop-common-3.3.5.jar:?]
	at java.security.AccessController.doPrivileged(Native Method) ~[?:1.8.0_372]
	at javax.security.auth.Subject.doAs(Subject.java:422) [?:1.8.0_372]
	at org.apache.hadoop.security.UserGroupInformation.doAs(UserGroupInformation.java:1899) [hadoop-common-3.3.5.jar:?]
	at org.apache.hadoop.ipc.Server$Handler.run(Server.java:3026) [hadoop-common-3.3.5.jar:?]
2023-06-22 21:35:46,252 [Time-limited test] INFO  rpc.RpcClient (RpcClient.java:createVolume(459)) - Creating Volume: volume-07310, with runner as owner and space quota set to -1 bytes, counts quota set to -1
2023-06-22 21:35:46,254 [OM StateMachine ApplyTransaction Thread - 0] INFO  volume.OMVolumeCreateRequest (OMVolumeCreateRequest.java:validateAndUpdateCache(196)) - created volume:volume-07310 for user:runner
2023-06-22 21:35:46,256 [Time-limited test] INFO  rpc.RpcClient (RpcClient.java:createBucket(686)) - Creating Bucket: volume-07310/bucket3, with bucket layout FILE_SYSTEM_OPTIMIZED, runner as owner, Versioning false, Storage Type set to DISK and Encryption set to false, Replication Type set to server-side default replication type, Namespace Quota set to -1, Space Quota set to -1 
2023-06-22 21:35:46,258 [OM StateMachine ApplyTransaction Thread - 0] INFO  bucket.OMBucketCreateRequest (OMBucketCreateRequest.java:validateAndUpdateCache(270)) - created bucket: bucket3 of layout FILE_SYSTEM_OPTIMIZED in volume: volume-07310
21:35:46.281 [IPC Server handler 1 on default port 15004] ERROR OMAudit - user=runner | ip=127.0.0.1 | op=READ_VOLUME {volume=volume-07310} | ret=FAILURE
org.apache.hadoop.ozone.om.exceptions.OMException: Volume volume-07310 is not found
	at org.apache.hadoop.ozone.om.VolumeManagerImpl.getVolumeInfo(VolumeManagerImpl.java:61) ~[ozone-manager-1.4.0-SNAPSHOT.jar:?]
	at org.apache.hadoop.ozone.om.OzoneManager.getVolumeInfo(OzoneManager.java:2592) ~[ozone-manager-1.4.0-SNAPSHOT.jar:?]
	at org.apache.hadoop.ozone.protocolPB.OzoneManagerRequestHandler.infoVolume(OzoneManagerRequestHandler.java:450) ~[ozone-manager-1.4.0-SNAPSHOT.jar:?]
	at org.apache.hadoop.ozone.protocolPB.OzoneManagerRequestHandler.handleReadRequest(OzoneManagerRequestHandler.java:185) ~[ozone-manager-1.4.0-SNAPSHOT.jar:?]
	at org.apache.hadoop.ozone.protocolPB.OzoneManagerProtocolServerSideTranslatorPB.submitReadRequestToOM(OzoneManagerProtocolServerSideTranslatorPB.java:223) ~[ozone-manager-1.4.0-SNAPSHOT.jar:?]
	at org.apache.hadoop.ozone.protocolPB.OzoneManagerProtocolServerSideTranslatorPB.processRequest(OzoneManagerProtocolServerSideTranslatorPB.java:177) ~[ozone-manager-1.4.0-SNAPSHOT.jar:?]
	at org.apache.hadoop.hdds.server.OzoneProtocolMessageDispatcher.processRequest(OzoneProtocolMessageDispatcher.java:87) [hdds-server-framework-1.4.0-SNAPSHOT.jar:?]
	at org.apache.hadoop.ozone.protocolPB.OzoneManagerProtocolServerSideTranslatorPB.submitRequest(OzoneManagerProtocolServerSideTranslatorPB.java:147) [ozone-manager-1.4.0-SNAPSHOT.jar:?]
	at org.apache.hadoop.ozone.protocol.proto.OzoneManagerProtocolProtos$OzoneManagerService$2.callBlockingMethod(OzoneManagerProtocolProtos.java) [ozone-interface-client-1.4.0-SNAPSHOT.jar:?]
	at org.apache.hadoop.ipc.ProtobufRpcEngine$Server.processCall(ProtobufRpcEngine.java:484) [hadoop-common-3.3.5.jar:?]
	at org.apache.hadoop.ipc.ProtobufRpcEngine2$Server$ProtoBufRpcInvoker.call(ProtobufRpcEngine2.java:595) [hadoop-common-3.3.5.jar:?]
	at org.apache.hadoop.ipc.ProtobufRpcEngine2$Server$ProtoBufRpcInvoker.call(ProtobufRpcEngine2.java:573) [hadoop-common-3.3.5.jar:?]
	at org.apache.hadoop.ipc.RPC$Server.call(RPC.java:1213) [hadoop-common-3.3.5.jar:?]
	at org.apache.hadoop.ipc.Server$RpcCall.run(Server.java:1089) [hadoop-common-3.3.5.jar:?]
	at org.apache.hadoop.ipc.Server$RpcCall.run(Server.java:1012) [hadoop-common-3.3.5.jar:?]
	at java.security.AccessController.doPrivileged(Native Method) ~[?:1.8.0_372]
	at javax.security.auth.Subject.doAs(Subject.java:422) [?:1.8.0_372]
	at org.apache.hadoop.security.UserGroupInformation.doAs(UserGroupInformation.java:1899) [hadoop-common-3.3.5.jar:?]
	at org.apache.hadoop.ipc.Server$Handler.run(Server.java:3026) [hadoop-common-3.3.5.jar:?]
]]></system-out>
  </testcase>
  <testcase name="testDeleteVolumeBucketAndKey" classname="TestRootedOzoneFileSystemWithFSO" time="0.069">
    <system-out><![CDATA[2023-06-22 21:37:19,040 [Time-limited test] INFO  rpc.RpcClient (RpcClient.java:createVolume(459)) - Creating Volume: volume87902, with user24232 as owner and space quota set to -1 bytes, counts quota set to -1
2023-06-22 21:37:19,041 [IPC Server handler 9 on default port 15057] INFO  volume.OMVolumeCreateRequest (OMVolumeCreateRequest.java:validateAndUpdateCache(196)) - created volume:volume87902 for user:user24232
2023-06-22 21:37:19,042 [Time-limited test] INFO  rpc.RpcClient (RpcClient.java:createBucket(686)) - Creating Bucket: volume87902/bucket68926, with bucket layout FILE_SYSTEM_OPTIMIZED, runner as owner, Versioning false, Storage Type set to DISK and Encryption set to false, Replication Type set to server-side default replication type, Namespace Quota set to -1, Space Quota set to -1 
2023-06-22 21:37:19,043 [IPC Server handler 5 on default port 15057] INFO  bucket.OMBucketCreateRequest (OMBucketCreateRequest.java:validateAndUpdateCache(270)) - created bucket: bucket68926 of layout FILE_SYSTEM_OPTIMIZED in volume: volume87902
21:37:19.044 [IPC Server handler 10 on default port 15057] ERROR OMAudit - user=runner | ip=127.0.0.1 | op=READ_BUCKET {volume=volume-91969, bucket=bucket3} | ret=FAILURE
org.apache.hadoop.ozone.om.exceptions.OMException: Volume not found when getting bucket info
	at org.apache.hadoop.ozone.om.BucketManagerImpl.getBucketInfo(BucketManagerImpl.java:81) ~[ozone-manager-1.4.0-SNAPSHOT.jar:?]
	at org.apache.hadoop.ozone.om.OzoneManager.getBucketInfo(OzoneManager.java:2777) ~[ozone-manager-1.4.0-SNAPSHOT.jar:?]
	at org.apache.hadoop.ozone.protocolPB.OzoneManagerRequestHandler.infoBucket(OzoneManagerRequestHandler.java:524) ~[ozone-manager-1.4.0-SNAPSHOT.jar:?]
	at org.apache.hadoop.ozone.protocolPB.OzoneManagerRequestHandler.handleReadRequest(OzoneManagerRequestHandler.java:195) ~[ozone-manager-1.4.0-SNAPSHOT.jar:?]
	at org.apache.hadoop.ozone.protocolPB.OzoneManagerProtocolServerSideTranslatorPB.submitRequestDirectlyToOM(OzoneManagerProtocolServerSideTranslatorPB.java:272) ~[ozone-manager-1.4.0-SNAPSHOT.jar:?]
	at org.apache.hadoop.ozone.protocolPB.OzoneManagerProtocolServerSideTranslatorPB.processRequest(OzoneManagerProtocolServerSideTranslatorPB.java:173) ~[ozone-manager-1.4.0-SNAPSHOT.jar:?]
	at org.apache.hadoop.hdds.server.OzoneProtocolMessageDispatcher.processRequest(OzoneProtocolMessageDispatcher.java:87) [hdds-server-framework-1.4.0-SNAPSHOT.jar:?]
	at org.apache.hadoop.ozone.protocolPB.OzoneManagerProtocolServerSideTranslatorPB.submitRequest(OzoneManagerProtocolServerSideTranslatorPB.java:147) [ozone-manager-1.4.0-SNAPSHOT.jar:?]
	at org.apache.hadoop.ozone.protocol.proto.OzoneManagerProtocolProtos$OzoneManagerService$2.callBlockingMethod(OzoneManagerProtocolProtos.java) [ozone-interface-client-1.4.0-SNAPSHOT.jar:?]
	at org.apache.hadoop.ipc.ProtobufRpcEngine$Server.processCall(ProtobufRpcEngine.java:484) [hadoop-common-3.3.5.jar:?]
	at org.apache.hadoop.ipc.ProtobufRpcEngine2$Server$ProtoBufRpcInvoker.call(ProtobufRpcEngine2.java:595) [hadoop-common-3.3.5.jar:?]
	at org.apache.hadoop.ipc.ProtobufRpcEngine2$Server$ProtoBufRpcInvoker.call(ProtobufRpcEngine2.java:573) [hadoop-common-3.3.5.jar:?]
	at org.apache.hadoop.ipc.RPC$Server.call(RPC.java:1213) [hadoop-common-3.3.5.jar:?]
	at org.apache.hadoop.ipc.Server$RpcCall.run(Server.java:1089) [hadoop-common-3.3.5.jar:?]
	at org.apache.hadoop.ipc.Server$RpcCall.run(Server.java:1012) [hadoop-common-3.3.5.jar:?]
	at java.security.AccessController.doPrivileged(Native Method) ~[?:1.8.0_372]
	at javax.security.auth.Subject.doAs(Subject.java:422) [?:1.8.0_372]
	at org.apache.hadoop.security.UserGroupInformation.doAs(UserGroupInformation.java:1899) [hadoop-common-3.3.5.jar:?]
	at org.apache.hadoop.ipc.Server$Handler.run(Server.java:3026) [hadoop-common-3.3.5.jar:?]
2023-06-22 21:37:19,044 [Time-limited test] INFO  rpc.RpcClient (RpcClient.java:createVolume(459)) - Creating Volume: volume-91969, with runner as owner and space quota set to -1 bytes, counts quota set to -1
2023-06-22 21:37:19,045 [IPC Server handler 1 on default port 15057] INFO  volume.OMVolumeCreateRequest (OMVolumeCreateRequest.java:validateAndUpdateCache(196)) - created volume:volume-91969 for user:runner
2023-06-22 21:37:19,046 [Time-limited test] INFO  rpc.RpcClient (RpcClient.java:createBucket(686)) - Creating Bucket: volume-91969/bucket3, with bucket layout FILE_SYSTEM_OPTIMIZED, runner as owner, Versioning false, Storage Type set to DISK and Encryption set to false, Replication Type set to server-side default replication type, Namespace Quota set to -1, Space Quota set to -1 
2023-06-22 21:37:19,048 [IPC Server handler 4 on default port 15057] INFO  bucket.OMBucketCreateRequest (OMBucketCreateRequest.java:validateAndUpdateCache(270)) - created bucket: bucket3 of layout FILE_SYSTEM_OPTIMIZED in volume: volume-91969
21:37:19.051 [IPC Server handler 15 on default port 15057] ERROR OMAudit - user=runner | ip=127.0.0.1 | op=DELETE_VOLUME {volume=volume-91969} | ret=FAILURE
org.apache.hadoop.ozone.om.exceptions.OMException: null
	at org.apache.hadoop.ozone.om.request.volume.OMVolumeDeleteRequest.validateAndUpdateCache(OMVolumeDeleteRequest.java:121) ~[ozone-manager-1.4.0-SNAPSHOT.jar:?]
	at org.apache.hadoop.ozone.protocolPB.OzoneManagerRequestHandler.handleWriteRequest(OzoneManagerRequestHandler.java:352) ~[ozone-manager-1.4.0-SNAPSHOT.jar:?]
	at org.apache.hadoop.ozone.protocolPB.OzoneManagerProtocolServerSideTranslatorPB.submitRequestDirectlyToOM(OzoneManagerProtocolServerSideTranslatorPB.java:278) ~[ozone-manager-1.4.0-SNAPSHOT.jar:?]
	at org.apache.hadoop.ozone.protocolPB.OzoneManagerProtocolServerSideTranslatorPB.processRequest(OzoneManagerProtocolServerSideTranslatorPB.java:173) ~[ozone-manager-1.4.0-SNAPSHOT.jar:?]
	at org.apache.hadoop.hdds.server.OzoneProtocolMessageDispatcher.processRequest(OzoneProtocolMessageDispatcher.java:87) [hdds-server-framework-1.4.0-SNAPSHOT.jar:?]
	at org.apache.hadoop.ozone.protocolPB.OzoneManagerProtocolServerSideTranslatorPB.submitRequest(OzoneManagerProtocolServerSideTranslatorPB.java:147) [ozone-manager-1.4.0-SNAPSHOT.jar:?]
	at org.apache.hadoop.ozone.protocol.proto.OzoneManagerProtocolProtos$OzoneManagerService$2.callBlockingMethod(OzoneManagerProtocolProtos.java) [ozone-interface-client-1.4.0-SNAPSHOT.jar:?]
	at org.apache.hadoop.ipc.ProtobufRpcEngine$Server.processCall(ProtobufRpcEngine.java:484) [hadoop-common-3.3.5.jar:?]
	at org.apache.hadoop.ipc.ProtobufRpcEngine2$Server$ProtoBufRpcInvoker.call(ProtobufRpcEngine2.java:595) [hadoop-common-3.3.5.jar:?]
	at org.apache.hadoop.ipc.ProtobufRpcEngine2$Server$ProtoBufRpcInvoker.call(ProtobufRpcEngine2.java:573) [hadoop-common-3.3.5.jar:?]
	at org.apache.hadoop.ipc.RPC$Server.call(RPC.java:1213) [hadoop-common-3.3.5.jar:?]
	at org.apache.hadoop.ipc.Server$RpcCall.run(Server.java:1089) [hadoop-common-3.3.5.jar:?]
	at org.apache.hadoop.ipc.Server$RpcCall.run(Server.java:1012) [hadoop-common-3.3.5.jar:?]
	at java.security.AccessController.doPrivileged(Native Method) ~[?:1.8.0_372]
	at javax.security.auth.Subject.doAs(Subject.java:422) [?:1.8.0_372]
	at org.apache.hadoop.security.UserGroupInformation.doAs(UserGroupInformation.java:1899) [hadoop-common-3.3.5.jar:?]
	at org.apache.hadoop.ipc.Server$Handler.run(Server.java:3026) [hadoop-common-3.3.5.jar:?]
2023-06-22 21:37:19,051 [IPC Server handler 15 on default port 15057] ERROR volume.OMVolumeDeleteRequest (OMVolumeDeleteRequest.java:validateAndUpdateCache(168)) - Volume deletion failed for user:runner volume:volume-91969
VOLUME_NOT_EMPTY org.apache.hadoop.ozone.om.exceptions.OMException
	at org.apache.hadoop.ozone.om.request.volume.OMVolumeDeleteRequest.validateAndUpdateCache(OMVolumeDeleteRequest.java:121)
	at org.apache.hadoop.ozone.protocolPB.OzoneManagerRequestHandler.handleWriteRequest(OzoneManagerRequestHandler.java:352)
	at org.apache.hadoop.ozone.protocolPB.OzoneManagerProtocolServerSideTranslatorPB.submitRequestDirectlyToOM(OzoneManagerProtocolServerSideTranslatorPB.java:278)
	at org.apache.hadoop.ozone.protocolPB.OzoneManagerProtocolServerSideTranslatorPB.processRequest(OzoneManagerProtocolServerSideTranslatorPB.java:173)
	at org.apache.hadoop.hdds.server.OzoneProtocolMessageDispatcher.processRequest(OzoneProtocolMessageDispatcher.java:87)
	at org.apache.hadoop.ozone.protocolPB.OzoneManagerProtocolServerSideTranslatorPB.submitRequest(OzoneManagerProtocolServerSideTranslatorPB.java:147)
	at org.apache.hadoop.ozone.protocol.proto.OzoneManagerProtocolProtos$OzoneManagerService$2.callBlockingMethod(OzoneManagerProtocolProtos.java)
	at org.apache.hadoop.ipc.ProtobufRpcEngine$Server.processCall(ProtobufRpcEngine.java:484)
	at org.apache.hadoop.ipc.ProtobufRpcEngine2$Server$ProtoBufRpcInvoker.call(ProtobufRpcEngine2.java:595)
	at org.apache.hadoop.ipc.ProtobufRpcEngine2$Server$ProtoBufRpcInvoker.call(ProtobufRpcEngine2.java:573)
	at org.apache.hadoop.ipc.RPC$Server.call(RPC.java:1213)
	at org.apache.hadoop.ipc.Server$RpcCall.run(Server.java:1089)
	at org.apache.hadoop.ipc.Server$RpcCall.run(Server.java:1012)
	at java.security.AccessController.doPrivileged(Native Method)
	at javax.security.auth.Subject.doAs(Subject.java:422)
	at org.apache.hadoop.security.UserGroupInformation.doAs(UserGroupInformation.java:1899)
	at org.apache.hadoop.ipc.Server$Handler.run(Server.java:3026)
21:37:19.070 [IPC Server handler 5 on default port 15057] ERROR OMAudit - user=runner | ip=127.0.0.1 | op=READ_VOLUME {volume=volume-91969} | ret=FAILURE
org.apache.hadoop.ozone.om.exceptions.OMException: Volume volume-91969 is not found
	at org.apache.hadoop.ozone.om.VolumeManagerImpl.getVolumeInfo(VolumeManagerImpl.java:61) ~[ozone-manager-1.4.0-SNAPSHOT.jar:?]
	at org.apache.hadoop.ozone.om.OzoneManager.getVolumeInfo(OzoneManager.java:2592) ~[ozone-manager-1.4.0-SNAPSHOT.jar:?]
	at org.apache.hadoop.ozone.protocolPB.OzoneManagerRequestHandler.infoVolume(OzoneManagerRequestHandler.java:450) ~[ozone-manager-1.4.0-SNAPSHOT.jar:?]
	at org.apache.hadoop.ozone.protocolPB.OzoneManagerRequestHandler.handleReadRequest(OzoneManagerRequestHandler.java:185) ~[ozone-manager-1.4.0-SNAPSHOT.jar:?]
	at org.apache.hadoop.ozone.protocolPB.OzoneManagerProtocolServerSideTranslatorPB.submitRequestDirectlyToOM(OzoneManagerProtocolServerSideTranslatorPB.java:272) ~[ozone-manager-1.4.0-SNAPSHOT.jar:?]
	at org.apache.hadoop.ozone.protocolPB.OzoneManagerProtocolServerSideTranslatorPB.processRequest(OzoneManagerProtocolServerSideTranslatorPB.java:173) ~[ozone-manager-1.4.0-SNAPSHOT.jar:?]
	at org.apache.hadoop.hdds.server.OzoneProtocolMessageDispatcher.processRequest(OzoneProtocolMessageDispatcher.java:87) [hdds-server-framework-1.4.0-SNAPSHOT.jar:?]
	at org.apache.hadoop.ozone.protocolPB.OzoneManagerProtocolServerSideTranslatorPB.submitRequest(OzoneManagerProtocolServerSideTranslatorPB.java:147) [ozone-manager-1.4.0-SNAPSHOT.jar:?]
	at org.apache.hadoop.ozone.protocol.proto.OzoneManagerProtocolProtos$OzoneManagerService$2.callBlockingMethod(OzoneManagerProtocolProtos.java) [ozone-interface-client-1.4.0-SNAPSHOT.jar:?]
	at org.apache.hadoop.ipc.ProtobufRpcEngine$Server.processCall(ProtobufRpcEngine.java:484) [hadoop-common-3.3.5.jar:?]
	at org.apache.hadoop.ipc.ProtobufRpcEngine2$Server$ProtoBufRpcInvoker.call(ProtobufRpcEngine2.java:595) [hadoop-common-3.3.5.jar:?]
	at org.apache.hadoop.ipc.ProtobufRpcEngine2$Server$ProtoBufRpcInvoker.call(ProtobufRpcEngine2.java:573) [hadoop-common-3.3.5.jar:?]
	at org.apache.hadoop.ipc.RPC$Server.call(RPC.java:1213) [hadoop-common-3.3.5.jar:?]
	at org.apache.hadoop.ipc.Server$RpcCall.run(Server.java:1089) [hadoop-common-3.3.5.jar:?]
	at org.apache.hadoop.ipc.Server$RpcCall.run(Server.java:1012) [hadoop-common-3.3.5.jar:?]
	at java.security.AccessController.doPrivileged(Native Method) ~[?:1.8.0_372]
	at javax.security.auth.Subject.doAs(Subject.java:422) [?:1.8.0_372]
	at org.apache.hadoop.security.UserGroupInformation.doAs(UserGroupInformation.java:1899) [hadoop-common-3.3.5.jar:?]
	at org.apache.hadoop.ipc.Server$Handler.run(Server.java:3026) [hadoop-common-3.3.5.jar:?]
21:37:19.070 [IPC Server handler 12 on default port 15057] ERROR OMAudit - user=runner | ip=127.0.0.1 | op=READ_BUCKET {volume=volume-91969, bucket=bucket3} | ret=FAILURE
org.apache.hadoop.ozone.om.exceptions.OMException: Volume not found when getting bucket info
	at org.apache.hadoop.ozone.om.BucketManagerImpl.getBucketInfo(BucketManagerImpl.java:81) ~[ozone-manager-1.4.0-SNAPSHOT.jar:?]
	at org.apache.hadoop.ozone.om.OzoneManager.getBucketInfo(OzoneManager.java:2777) ~[ozone-manager-1.4.0-SNAPSHOT.jar:?]
	at org.apache.hadoop.ozone.protocolPB.OzoneManagerRequestHandler.infoBucket(OzoneManagerRequestHandler.java:524) ~[ozone-manager-1.4.0-SNAPSHOT.jar:?]
	at org.apache.hadoop.ozone.protocolPB.OzoneManagerRequestHandler.handleReadRequest(OzoneManagerRequestHandler.java:195) ~[ozone-manager-1.4.0-SNAPSHOT.jar:?]
	at org.apache.hadoop.ozone.protocolPB.OzoneManagerProtocolServerSideTranslatorPB.submitRequestDirectlyToOM(OzoneManagerProtocolServerSideTranslatorPB.java:272) ~[ozone-manager-1.4.0-SNAPSHOT.jar:?]
	at org.apache.hadoop.ozone.protocolPB.OzoneManagerProtocolServerSideTranslatorPB.processRequest(OzoneManagerProtocolServerSideTranslatorPB.java:173) ~[ozone-manager-1.4.0-SNAPSHOT.jar:?]
	at org.apache.hadoop.hdds.server.OzoneProtocolMessageDispatcher.processRequest(OzoneProtocolMessageDispatcher.java:87) [hdds-server-framework-1.4.0-SNAPSHOT.jar:?]
	at org.apache.hadoop.ozone.protocolPB.OzoneManagerProtocolServerSideTranslatorPB.submitRequest(OzoneManagerProtocolServerSideTranslatorPB.java:147) [ozone-manager-1.4.0-SNAPSHOT.jar:?]
	at org.apache.hadoop.ozone.protocol.proto.OzoneManagerProtocolProtos$OzoneManagerService$2.callBlockingMethod(OzoneManagerProtocolProtos.java) [ozone-interface-client-1.4.0-SNAPSHOT.jar:?]
	at org.apache.hadoop.ipc.ProtobufRpcEngine$Server.processCall(ProtobufRpcEngine.java:484) [hadoop-common-3.3.5.jar:?]
	at org.apache.hadoop.ipc.ProtobufRpcEngine2$Server$ProtoBufRpcInvoker.call(ProtobufRpcEngine2.java:595) [hadoop-common-3.3.5.jar:?]
	at org.apache.hadoop.ipc.ProtobufRpcEngine2$Server$ProtoBufRpcInvoker.call(ProtobufRpcEngine2.java:573) [hadoop-common-3.3.5.jar:?]
	at org.apache.hadoop.ipc.RPC$Server.call(RPC.java:1213) [hadoop-common-3.3.5.jar:?]
	at org.apache.hadoop.ipc.Server$RpcCall.run(Server.java:1089) [hadoop-common-3.3.5.jar:?]
	at org.apache.hadoop.ipc.Server$RpcCall.run(Server.java:1012) [hadoop-common-3.3.5.jar:?]
	at java.security.AccessController.doPrivileged(Native Method) ~[?:1.8.0_372]
	at javax.security.auth.Subject.doAs(Subject.java:422) [?:1.8.0_372]
	at org.apache.hadoop.security.UserGroupInformation.doAs(UserGroupInformation.java:1899) [hadoop-common-3.3.5.jar:?]
	at org.apache.hadoop.ipc.Server$Handler.run(Server.java:3026) [hadoop-common-3.3.5.jar:?]
2023-06-22 21:37:19,071 [Time-limited test] INFO  rpc.RpcClient (RpcClient.java:createVolume(459)) - Creating Volume: volume-91969, with runner as owner and space quota set to -1 bytes, counts quota set to -1
2023-06-22 21:37:19,071 [IPC Server handler 11 on default port 15057] INFO  volume.OMVolumeCreateRequest (OMVolumeCreateRequest.java:validateAndUpdateCache(196)) - created volume:volume-91969 for user:runner
2023-06-22 21:37:19,072 [Time-limited test] INFO  rpc.RpcClient (RpcClient.java:createBucket(686)) - Creating Bucket: volume-91969/bucket3, with bucket layout FILE_SYSTEM_OPTIMIZED, runner as owner, Versioning false, Storage Type set to DISK and Encryption set to false, Replication Type set to server-side default replication type, Namespace Quota set to -1, Space Quota set to -1 
2023-06-22 21:37:19,073 [IPC Server handler 1 on default port 15057] INFO  bucket.OMBucketCreateRequest (OMBucketCreateRequest.java:validateAndUpdateCache(270)) - created bucket: bucket3 of layout FILE_SYSTEM_OPTIMIZED in volume: volume-91969
21:37:19.091 [IPC Server handler 4 on default port 15057] ERROR OMAudit - user=runner | ip=127.0.0.1 | op=READ_VOLUME {volume=volume-91969} | ret=FAILURE
org.apache.hadoop.ozone.om.exceptions.OMException: Volume volume-91969 is not found
	at org.apache.hadoop.ozone.om.VolumeManagerImpl.getVolumeInfo(VolumeManagerImpl.java:61) ~[ozone-manager-1.4.0-SNAPSHOT.jar:?]
	at org.apache.hadoop.ozone.om.OzoneManager.getVolumeInfo(OzoneManager.java:2592) ~[ozone-manager-1.4.0-SNAPSHOT.jar:?]
	at org.apache.hadoop.ozone.protocolPB.OzoneManagerRequestHandler.infoVolume(OzoneManagerRequestHandler.java:450) ~[ozone-manager-1.4.0-SNAPSHOT.jar:?]
	at org.apache.hadoop.ozone.protocolPB.OzoneManagerRequestHandler.handleReadRequest(OzoneManagerRequestHandler.java:185) ~[ozone-manager-1.4.0-SNAPSHOT.jar:?]
	at org.apache.hadoop.ozone.protocolPB.OzoneManagerProtocolServerSideTranslatorPB.submitRequestDirectlyToOM(OzoneManagerProtocolServerSideTranslatorPB.java:272) ~[ozone-manager-1.4.0-SNAPSHOT.jar:?]
	at org.apache.hadoop.ozone.protocolPB.OzoneManagerProtocolServerSideTranslatorPB.processRequest(OzoneManagerProtocolServerSideTranslatorPB.java:173) ~[ozone-manager-1.4.0-SNAPSHOT.jar:?]
	at org.apache.hadoop.hdds.server.OzoneProtocolMessageDispatcher.processRequest(OzoneProtocolMessageDispatcher.java:87) [hdds-server-framework-1.4.0-SNAPSHOT.jar:?]
	at org.apache.hadoop.ozone.protocolPB.OzoneManagerProtocolServerSideTranslatorPB.submitRequest(OzoneManagerProtocolServerSideTranslatorPB.java:147) [ozone-manager-1.4.0-SNAPSHOT.jar:?]
	at org.apache.hadoop.ozone.protocol.proto.OzoneManagerProtocolProtos$OzoneManagerService$2.callBlockingMethod(OzoneManagerProtocolProtos.java) [ozone-interface-client-1.4.0-SNAPSHOT.jar:?]
	at org.apache.hadoop.ipc.ProtobufRpcEngine$Server.processCall(ProtobufRpcEngine.java:484) [hadoop-common-3.3.5.jar:?]
	at org.apache.hadoop.ipc.ProtobufRpcEngine2$Server$ProtoBufRpcInvoker.call(ProtobufRpcEngine2.java:595) [hadoop-common-3.3.5.jar:?]
	at org.apache.hadoop.ipc.ProtobufRpcEngine2$Server$ProtoBufRpcInvoker.call(ProtobufRpcEngine2.java:573) [hadoop-common-3.3.5.jar:?]
	at org.apache.hadoop.ipc.RPC$Server.call(RPC.java:1213) [hadoop-common-3.3.5.jar:?]
	at org.apache.hadoop.ipc.Server$RpcCall.run(Server.java:1089) [hadoop-common-3.3.5.jar:?]
	at org.apache.hadoop.ipc.Server$RpcCall.run(Server.java:1012) [hadoop-common-3.3.5.jar:?]
	at java.security.AccessController.doPrivileged(Native Method) ~[?:1.8.0_372]
	at javax.security.auth.Subject.doAs(Subject.java:422) [?:1.8.0_372]
	at org.apache.hadoop.security.UserGroupInformation.doAs(UserGroupInformation.java:1899) [hadoop-common-3.3.5.jar:?]
	at org.apache.hadoop.ipc.Server$Handler.run(Server.java:3026) [hadoop-common-3.3.5.jar:?]
]]></system-out>
  </testcase>
  <testcase name="testRenameToParentDir" classname="TestRootedOzoneFileSystemWithFSO" time="0.08">
    <system-out><![CDATA[2023-06-22 21:35:46,318 [Time-limited test] INFO  rpc.RpcClient (RpcClient.java:createVolume(459)) - Creating Volume: volume68905, with user02460 as owner and space quota set to -1 bytes, counts quota set to -1
2023-06-22 21:35:46,320 [OM StateMachine ApplyTransaction Thread - 0] INFO  volume.OMVolumeCreateRequest (OMVolumeCreateRequest.java:validateAndUpdateCache(196)) - created volume:volume68905 for user:user02460
2023-06-22 21:35:46,322 [Time-limited test] INFO  rpc.RpcClient (RpcClient.java:createBucket(686)) - Creating Bucket: volume68905/bucket98926, with bucket layout FILE_SYSTEM_OPTIMIZED, runner as owner, Versioning false, Storage Type set to DISK and Encryption set to false, Replication Type set to server-side default replication type, Namespace Quota set to -1, Space Quota set to -1 
2023-06-22 21:35:46,324 [OM StateMachine ApplyTransaction Thread - 0] INFO  bucket.OMBucketCreateRequest (OMBucketCreateRequest.java:validateAndUpdateCache(270)) - created bucket: bucket98926 of layout FILE_SYSTEM_OPTIMIZED in volume: volume68905
21:35:46.349 [IPC Server handler 18 on default port 15004] ERROR OMAudit - user=runner | ip=127.0.0.1 | op=GET_FILE_STATUS {volume=volume68905, bucket=bucket98926, key=root_dir/dir1/file2, dataSize=0, replicationConfig=null} | ret=FAILURE
org.apache.hadoop.ozone.om.exceptions.OMException: Unable to get file status: volume: volume68905 bucket: bucket98926 key: root_dir/dir1/file2
	at org.apache.hadoop.ozone.om.KeyManagerImpl.getOzoneFileStatusFSO(KeyManagerImpl.java:1311) ~[ozone-manager-1.4.0-SNAPSHOT.jar:?]
	at org.apache.hadoop.ozone.om.KeyManagerImpl.getFileStatus(KeyManagerImpl.java:1102) ~[ozone-manager-1.4.0-SNAPSHOT.jar:?]
	at org.apache.hadoop.ozone.om.OmMetadataReader.getFileStatus(OmMetadataReader.java:286) ~[ozone-manager-1.4.0-SNAPSHOT.jar:?]
	at org.apache.hadoop.ozone.om.OzoneManager.getFileStatus(OzoneManager.java:3499) ~[ozone-manager-1.4.0-SNAPSHOT.jar:?]
	at org.apache.hadoop.ozone.protocolPB.OzoneManagerRequestHandler.getOzoneFileStatus(OzoneManagerRequestHandler.java:950) ~[ozone-manager-1.4.0-SNAPSHOT.jar:?]
	at org.apache.hadoop.ozone.protocolPB.OzoneManagerRequestHandler.handleReadRequest(OzoneManagerRequestHandler.java:245) ~[ozone-manager-1.4.0-SNAPSHOT.jar:?]
	at org.apache.hadoop.ozone.protocolPB.OzoneManagerProtocolServerSideTranslatorPB.submitReadRequestToOM(OzoneManagerProtocolServerSideTranslatorPB.java:223) ~[ozone-manager-1.4.0-SNAPSHOT.jar:?]
	at org.apache.hadoop.ozone.protocolPB.OzoneManagerProtocolServerSideTranslatorPB.processRequest(OzoneManagerProtocolServerSideTranslatorPB.java:177) ~[ozone-manager-1.4.0-SNAPSHOT.jar:?]
	at org.apache.hadoop.hdds.server.OzoneProtocolMessageDispatcher.processRequest(OzoneProtocolMessageDispatcher.java:87) [hdds-server-framework-1.4.0-SNAPSHOT.jar:?]
	at org.apache.hadoop.ozone.protocolPB.OzoneManagerProtocolServerSideTranslatorPB.submitRequest(OzoneManagerProtocolServerSideTranslatorPB.java:147) [ozone-manager-1.4.0-SNAPSHOT.jar:?]
	at org.apache.hadoop.ozone.protocol.proto.OzoneManagerProtocolProtos$OzoneManagerService$2.callBlockingMethod(OzoneManagerProtocolProtos.java) [ozone-interface-client-1.4.0-SNAPSHOT.jar:?]
	at org.apache.hadoop.ipc.ProtobufRpcEngine$Server.processCall(ProtobufRpcEngine.java:484) [hadoop-common-3.3.5.jar:?]
	at org.apache.hadoop.ipc.ProtobufRpcEngine2$Server$ProtoBufRpcInvoker.call(ProtobufRpcEngine2.java:595) [hadoop-common-3.3.5.jar:?]
	at org.apache.hadoop.ipc.ProtobufRpcEngine2$Server$ProtoBufRpcInvoker.call(ProtobufRpcEngine2.java:573) [hadoop-common-3.3.5.jar:?]
	at org.apache.hadoop.ipc.RPC$Server.call(RPC.java:1213) [hadoop-common-3.3.5.jar:?]
	at org.apache.hadoop.ipc.Server$RpcCall.run(Server.java:1089) [hadoop-common-3.3.5.jar:?]
	at org.apache.hadoop.ipc.Server$RpcCall.run(Server.java:1012) [hadoop-common-3.3.5.jar:?]
	at java.security.AccessController.doPrivileged(Native Method) ~[?:1.8.0_372]
	at javax.security.auth.Subject.doAs(Subject.java:422) [?:1.8.0_372]
	at org.apache.hadoop.security.UserGroupInformation.doAs(UserGroupInformation.java:1899) [hadoop-common-3.3.5.jar:?]
	at org.apache.hadoop.ipc.Server$Handler.run(Server.java:3026) [hadoop-common-3.3.5.jar:?]
2023-06-22 21:35:46,350 [Time-limited test] WARN  ozone.BasicRootedOzoneFileSystem (BasicRootedOzoneFileSystem.java:delete(681)) - delete: Path does not exist: /volume68905/bucket98926/root_dir/dir1/file2
21:35:46.353 [IPC Server handler 19 on default port 15004] ERROR OMAudit - user=runner | ip=127.0.0.1 | op=GET_FILE_STATUS {volume=volume68905, bucket=bucket98926, key=root_dir/dir1/dir2, dataSize=0, replicationConfig=null} | ret=FAILURE
org.apache.hadoop.ozone.om.exceptions.OMException: Unable to get file status: volume: volume68905 bucket: bucket98926 key: root_dir/dir1/dir2
	at org.apache.hadoop.ozone.om.KeyManagerImpl.getOzoneFileStatusFSO(KeyManagerImpl.java:1311) ~[ozone-manager-1.4.0-SNAPSHOT.jar:?]
	at org.apache.hadoop.ozone.om.KeyManagerImpl.getFileStatus(KeyManagerImpl.java:1102) ~[ozone-manager-1.4.0-SNAPSHOT.jar:?]
	at org.apache.hadoop.ozone.om.OmMetadataReader.getFileStatus(OmMetadataReader.java:286) ~[ozone-manager-1.4.0-SNAPSHOT.jar:?]
	at org.apache.hadoop.ozone.om.OzoneManager.getFileStatus(OzoneManager.java:3499) ~[ozone-manager-1.4.0-SNAPSHOT.jar:?]
	at org.apache.hadoop.ozone.protocolPB.OzoneManagerRequestHandler.getOzoneFileStatus(OzoneManagerRequestHandler.java:950) ~[ozone-manager-1.4.0-SNAPSHOT.jar:?]
	at org.apache.hadoop.ozone.protocolPB.OzoneManagerRequestHandler.handleReadRequest(OzoneManagerRequestHandler.java:245) ~[ozone-manager-1.4.0-SNAPSHOT.jar:?]
	at org.apache.hadoop.ozone.protocolPB.OzoneManagerProtocolServerSideTranslatorPB.submitReadRequestToOM(OzoneManagerProtocolServerSideTranslatorPB.java:223) ~[ozone-manager-1.4.0-SNAPSHOT.jar:?]
	at org.apache.hadoop.ozone.protocolPB.OzoneManagerProtocolServerSideTranslatorPB.processRequest(OzoneManagerProtocolServerSideTranslatorPB.java:177) ~[ozone-manager-1.4.0-SNAPSHOT.jar:?]
	at org.apache.hadoop.hdds.server.OzoneProtocolMessageDispatcher.processRequest(OzoneProtocolMessageDispatcher.java:87) [hdds-server-framework-1.4.0-SNAPSHOT.jar:?]
	at org.apache.hadoop.ozone.protocolPB.OzoneManagerProtocolServerSideTranslatorPB.submitRequest(OzoneManagerProtocolServerSideTranslatorPB.java:147) [ozone-manager-1.4.0-SNAPSHOT.jar:?]
	at org.apache.hadoop.ozone.protocol.proto.OzoneManagerProtocolProtos$OzoneManagerService$2.callBlockingMethod(OzoneManagerProtocolProtos.java) [ozone-interface-client-1.4.0-SNAPSHOT.jar:?]
	at org.apache.hadoop.ipc.ProtobufRpcEngine$Server.processCall(ProtobufRpcEngine.java:484) [hadoop-common-3.3.5.jar:?]
	at org.apache.hadoop.ipc.ProtobufRpcEngine2$Server$ProtoBufRpcInvoker.call(ProtobufRpcEngine2.java:595) [hadoop-common-3.3.5.jar:?]
	at org.apache.hadoop.ipc.ProtobufRpcEngine2$Server$ProtoBufRpcInvoker.call(ProtobufRpcEngine2.java:573) [hadoop-common-3.3.5.jar:?]
	at org.apache.hadoop.ipc.RPC$Server.call(RPC.java:1213) [hadoop-common-3.3.5.jar:?]
	at org.apache.hadoop.ipc.Server$RpcCall.run(Server.java:1089) [hadoop-common-3.3.5.jar:?]
	at org.apache.hadoop.ipc.Server$RpcCall.run(Server.java:1012) [hadoop-common-3.3.5.jar:?]
	at java.security.AccessController.doPrivileged(Native Method) ~[?:1.8.0_372]
	at javax.security.auth.Subject.doAs(Subject.java:422) [?:1.8.0_372]
	at org.apache.hadoop.security.UserGroupInformation.doAs(UserGroupInformation.java:1899) [hadoop-common-3.3.5.jar:?]
	at org.apache.hadoop.ipc.Server$Handler.run(Server.java:3026) [hadoop-common-3.3.5.jar:?]
2023-06-22 21:35:46,354 [Time-limited test] WARN  ozone.BasicRootedOzoneFileSystem (BasicRootedOzoneFileSystem.java:delete(681)) - delete: Path does not exist: /volume68905/bucket98926/root_dir/dir1/dir2
]]></system-out>
  </testcase>
  <testcase name="testRenameToParentDir" classname="TestRootedOzoneFileSystemWithFSO" time="0.044">
    <system-out><![CDATA[2023-06-22 21:37:19,112 [Time-limited test] INFO  rpc.RpcClient (RpcClient.java:createVolume(459)) - Creating Volume: volume81911, with user08267 as owner and space quota set to -1 bytes, counts quota set to -1
2023-06-22 21:37:19,114 [IPC Server handler 1 on default port 15057] INFO  volume.OMVolumeCreateRequest (OMVolumeCreateRequest.java:validateAndUpdateCache(196)) - created volume:volume81911 for user:user08267
2023-06-22 21:37:19,115 [Time-limited test] INFO  rpc.RpcClient (RpcClient.java:createBucket(686)) - Creating Bucket: volume81911/bucket74511, with bucket layout FILE_SYSTEM_OPTIMIZED, runner as owner, Versioning false, Storage Type set to DISK and Encryption set to false, Replication Type set to server-side default replication type, Namespace Quota set to -1, Space Quota set to -1 
2023-06-22 21:37:19,115 [IPC Server handler 4 on default port 15057] INFO  bucket.OMBucketCreateRequest (OMBucketCreateRequest.java:validateAndUpdateCache(270)) - created bucket: bucket74511 of layout FILE_SYSTEM_OPTIMIZED in volume: volume81911
21:37:19.130 [IPC Server handler 11 on default port 15057] ERROR OMAudit - user=runner | ip=127.0.0.1 | op=GET_FILE_STATUS {volume=volume81911, bucket=bucket74511, key=root_dir/dir1/file2, dataSize=0, replicationConfig=null} | ret=FAILURE
org.apache.hadoop.ozone.om.exceptions.OMException: Unable to get file status: volume: volume81911 bucket: bucket74511 key: root_dir/dir1/file2
	at org.apache.hadoop.ozone.om.KeyManagerImpl.getOzoneFileStatusFSO(KeyManagerImpl.java:1311) ~[ozone-manager-1.4.0-SNAPSHOT.jar:?]
	at org.apache.hadoop.ozone.om.KeyManagerImpl.getFileStatus(KeyManagerImpl.java:1102) ~[ozone-manager-1.4.0-SNAPSHOT.jar:?]
	at org.apache.hadoop.ozone.om.OmMetadataReader.getFileStatus(OmMetadataReader.java:286) ~[ozone-manager-1.4.0-SNAPSHOT.jar:?]
	at org.apache.hadoop.ozone.om.OzoneManager.getFileStatus(OzoneManager.java:3499) ~[ozone-manager-1.4.0-SNAPSHOT.jar:?]
	at org.apache.hadoop.ozone.protocolPB.OzoneManagerRequestHandler.getOzoneFileStatus(OzoneManagerRequestHandler.java:950) ~[ozone-manager-1.4.0-SNAPSHOT.jar:?]
	at org.apache.hadoop.ozone.protocolPB.OzoneManagerRequestHandler.handleReadRequest(OzoneManagerRequestHandler.java:245) ~[ozone-manager-1.4.0-SNAPSHOT.jar:?]
	at org.apache.hadoop.ozone.protocolPB.OzoneManagerProtocolServerSideTranslatorPB.submitRequestDirectlyToOM(OzoneManagerProtocolServerSideTranslatorPB.java:272) ~[ozone-manager-1.4.0-SNAPSHOT.jar:?]
	at org.apache.hadoop.ozone.protocolPB.OzoneManagerProtocolServerSideTranslatorPB.processRequest(OzoneManagerProtocolServerSideTranslatorPB.java:173) ~[ozone-manager-1.4.0-SNAPSHOT.jar:?]
	at org.apache.hadoop.hdds.server.OzoneProtocolMessageDispatcher.processRequest(OzoneProtocolMessageDispatcher.java:87) [hdds-server-framework-1.4.0-SNAPSHOT.jar:?]
	at org.apache.hadoop.ozone.protocolPB.OzoneManagerProtocolServerSideTranslatorPB.submitRequest(OzoneManagerProtocolServerSideTranslatorPB.java:147) [ozone-manager-1.4.0-SNAPSHOT.jar:?]
	at org.apache.hadoop.ozone.protocol.proto.OzoneManagerProtocolProtos$OzoneManagerService$2.callBlockingMethod(OzoneManagerProtocolProtos.java) [ozone-interface-client-1.4.0-SNAPSHOT.jar:?]
	at org.apache.hadoop.ipc.ProtobufRpcEngine$Server.processCall(ProtobufRpcEngine.java:484) [hadoop-common-3.3.5.jar:?]
	at org.apache.hadoop.ipc.ProtobufRpcEngine2$Server$ProtoBufRpcInvoker.call(ProtobufRpcEngine2.java:595) [hadoop-common-3.3.5.jar:?]
	at org.apache.hadoop.ipc.ProtobufRpcEngine2$Server$ProtoBufRpcInvoker.call(ProtobufRpcEngine2.java:573) [hadoop-common-3.3.5.jar:?]
	at org.apache.hadoop.ipc.RPC$Server.call(RPC.java:1213) [hadoop-common-3.3.5.jar:?]
	at org.apache.hadoop.ipc.Server$RpcCall.run(Server.java:1089) [hadoop-common-3.3.5.jar:?]
	at org.apache.hadoop.ipc.Server$RpcCall.run(Server.java:1012) [hadoop-common-3.3.5.jar:?]
	at java.security.AccessController.doPrivileged(Native Method) ~[?:1.8.0_372]
	at javax.security.auth.Subject.doAs(Subject.java:422) [?:1.8.0_372]
	at org.apache.hadoop.security.UserGroupInformation.doAs(UserGroupInformation.java:1899) [hadoop-common-3.3.5.jar:?]
	at org.apache.hadoop.ipc.Server$Handler.run(Server.java:3026) [hadoop-common-3.3.5.jar:?]
2023-06-22 21:37:19,131 [Time-limited test] WARN  ozone.BasicRootedOzoneFileSystem (BasicRootedOzoneFileSystem.java:delete(681)) - delete: Path does not exist: /volume81911/bucket74511/root_dir/dir1/file2
21:37:19.132 [IPC Server handler 1 on default port 15057] ERROR OMAudit - user=runner | ip=127.0.0.1 | op=GET_FILE_STATUS {volume=volume81911, bucket=bucket74511, key=root_dir/dir1/dir2, dataSize=0, replicationConfig=null} | ret=FAILURE
org.apache.hadoop.ozone.om.exceptions.OMException: Unable to get file status: volume: volume81911 bucket: bucket74511 key: root_dir/dir1/dir2
	at org.apache.hadoop.ozone.om.KeyManagerImpl.getOzoneFileStatusFSO(KeyManagerImpl.java:1311) ~[ozone-manager-1.4.0-SNAPSHOT.jar:?]
	at org.apache.hadoop.ozone.om.KeyManagerImpl.getFileStatus(KeyManagerImpl.java:1102) ~[ozone-manager-1.4.0-SNAPSHOT.jar:?]
	at org.apache.hadoop.ozone.om.OmMetadataReader.getFileStatus(OmMetadataReader.java:286) ~[ozone-manager-1.4.0-SNAPSHOT.jar:?]
	at org.apache.hadoop.ozone.om.OzoneManager.getFileStatus(OzoneManager.java:3499) ~[ozone-manager-1.4.0-SNAPSHOT.jar:?]
	at org.apache.hadoop.ozone.protocolPB.OzoneManagerRequestHandler.getOzoneFileStatus(OzoneManagerRequestHandler.java:950) ~[ozone-manager-1.4.0-SNAPSHOT.jar:?]
	at org.apache.hadoop.ozone.protocolPB.OzoneManagerRequestHandler.handleReadRequest(OzoneManagerRequestHandler.java:245) ~[ozone-manager-1.4.0-SNAPSHOT.jar:?]
	at org.apache.hadoop.ozone.protocolPB.OzoneManagerProtocolServerSideTranslatorPB.submitRequestDirectlyToOM(OzoneManagerProtocolServerSideTranslatorPB.java:272) ~[ozone-manager-1.4.0-SNAPSHOT.jar:?]
	at org.apache.hadoop.ozone.protocolPB.OzoneManagerProtocolServerSideTranslatorPB.processRequest(OzoneManagerProtocolServerSideTranslatorPB.java:173) ~[ozone-manager-1.4.0-SNAPSHOT.jar:?]
	at org.apache.hadoop.hdds.server.OzoneProtocolMessageDispatcher.processRequest(OzoneProtocolMessageDispatcher.java:87) [hdds-server-framework-1.4.0-SNAPSHOT.jar:?]
	at org.apache.hadoop.ozone.protocolPB.OzoneManagerProtocolServerSideTranslatorPB.submitRequest(OzoneManagerProtocolServerSideTranslatorPB.java:147) [ozone-manager-1.4.0-SNAPSHOT.jar:?]
	at org.apache.hadoop.ozone.protocol.proto.OzoneManagerProtocolProtos$OzoneManagerService$2.callBlockingMethod(OzoneManagerProtocolProtos.java) [ozone-interface-client-1.4.0-SNAPSHOT.jar:?]
	at org.apache.hadoop.ipc.ProtobufRpcEngine$Server.processCall(ProtobufRpcEngine.java:484) [hadoop-common-3.3.5.jar:?]
	at org.apache.hadoop.ipc.ProtobufRpcEngine2$Server$ProtoBufRpcInvoker.call(ProtobufRpcEngine2.java:595) [hadoop-common-3.3.5.jar:?]
	at org.apache.hadoop.ipc.ProtobufRpcEngine2$Server$ProtoBufRpcInvoker.call(ProtobufRpcEngine2.java:573) [hadoop-common-3.3.5.jar:?]
	at org.apache.hadoop.ipc.RPC$Server.call(RPC.java:1213) [hadoop-common-3.3.5.jar:?]
	at org.apache.hadoop.ipc.Server$RpcCall.run(Server.java:1089) [hadoop-common-3.3.5.jar:?]
	at org.apache.hadoop.ipc.Server$RpcCall.run(Server.java:1012) [hadoop-common-3.3.5.jar:?]
	at java.security.AccessController.doPrivileged(Native Method) ~[?:1.8.0_372]
	at javax.security.auth.Subject.doAs(Subject.java:422) [?:1.8.0_372]
	at org.apache.hadoop.security.UserGroupInformation.doAs(UserGroupInformation.java:1899) [hadoop-common-3.3.5.jar:?]
	at org.apache.hadoop.ipc.Server$Handler.run(Server.java:3026) [hadoop-common-3.3.5.jar:?]
2023-06-22 21:37:19,133 [Time-limited test] WARN  ozone.BasicRootedOzoneFileSystem (BasicRootedOzoneFileSystem.java:delete(681)) - delete: Path does not exist: /volume81911/bucket74511/root_dir/dir1/dir2
]]></system-out>
  </testcase>
  <testcase name="testMkdirNonExistentVolumeBucket" classname="TestRootedOzoneFileSystemWithFSO" time="0.057">
    <system-out><![CDATA[2023-06-22 21:35:46,396 [Time-limited test] INFO  rpc.RpcClient (RpcClient.java:createVolume(459)) - Creating Volume: volume74501, with user24684 as owner and space quota set to -1 bytes, counts quota set to -1
2023-06-22 21:35:46,399 [OM StateMachine ApplyTransaction Thread - 0] INFO  volume.OMVolumeCreateRequest (OMVolumeCreateRequest.java:validateAndUpdateCache(196)) - created volume:volume74501 for user:user24684
2023-06-22 21:35:46,400 [Time-limited test] INFO  rpc.RpcClient (RpcClient.java:createBucket(686)) - Creating Bucket: volume74501/bucket66890, with bucket layout FILE_SYSTEM_OPTIMIZED, runner as owner, Versioning false, Storage Type set to DISK and Encryption set to false, Replication Type set to server-side default replication type, Namespace Quota set to -1, Space Quota set to -1 
2023-06-22 21:35:46,402 [OM StateMachine ApplyTransaction Thread - 0] INFO  bucket.OMBucketCreateRequest (OMBucketCreateRequest.java:validateAndUpdateCache(270)) - created bucket: bucket66890 of layout FILE_SYSTEM_OPTIMIZED in volume: volume74501
21:35:46.404 [IPC Server handler 2 on default port 15004] ERROR OMAudit - user=runner | ip=127.0.0.1 | op=READ_BUCKET {volume=volume-52921, bucket=bucket-66166} | ret=FAILURE
org.apache.hadoop.ozone.om.exceptions.OMException: Volume not found when getting bucket info
	at org.apache.hadoop.ozone.om.BucketManagerImpl.getBucketInfo(BucketManagerImpl.java:81) ~[ozone-manager-1.4.0-SNAPSHOT.jar:?]
	at org.apache.hadoop.ozone.om.OzoneManager.getBucketInfo(OzoneManager.java:2777) ~[ozone-manager-1.4.0-SNAPSHOT.jar:?]
	at org.apache.hadoop.ozone.protocolPB.OzoneManagerRequestHandler.infoBucket(OzoneManagerRequestHandler.java:524) ~[ozone-manager-1.4.0-SNAPSHOT.jar:?]
	at org.apache.hadoop.ozone.protocolPB.OzoneManagerRequestHandler.handleReadRequest(OzoneManagerRequestHandler.java:195) ~[ozone-manager-1.4.0-SNAPSHOT.jar:?]
	at org.apache.hadoop.ozone.protocolPB.OzoneManagerProtocolServerSideTranslatorPB.submitReadRequestToOM(OzoneManagerProtocolServerSideTranslatorPB.java:223) ~[ozone-manager-1.4.0-SNAPSHOT.jar:?]
	at org.apache.hadoop.ozone.protocolPB.OzoneManagerProtocolServerSideTranslatorPB.processRequest(OzoneManagerProtocolServerSideTranslatorPB.java:177) ~[ozone-manager-1.4.0-SNAPSHOT.jar:?]
	at org.apache.hadoop.hdds.server.OzoneProtocolMessageDispatcher.processRequest(OzoneProtocolMessageDispatcher.java:87) [hdds-server-framework-1.4.0-SNAPSHOT.jar:?]
	at org.apache.hadoop.ozone.protocolPB.OzoneManagerProtocolServerSideTranslatorPB.submitRequest(OzoneManagerProtocolServerSideTranslatorPB.java:147) [ozone-manager-1.4.0-SNAPSHOT.jar:?]
	at org.apache.hadoop.ozone.protocol.proto.OzoneManagerProtocolProtos$OzoneManagerService$2.callBlockingMethod(OzoneManagerProtocolProtos.java) [ozone-interface-client-1.4.0-SNAPSHOT.jar:?]
	at org.apache.hadoop.ipc.ProtobufRpcEngine$Server.processCall(ProtobufRpcEngine.java:484) [hadoop-common-3.3.5.jar:?]
	at org.apache.hadoop.ipc.ProtobufRpcEngine2$Server$ProtoBufRpcInvoker.call(ProtobufRpcEngine2.java:595) [hadoop-common-3.3.5.jar:?]
	at org.apache.hadoop.ipc.ProtobufRpcEngine2$Server$ProtoBufRpcInvoker.call(ProtobufRpcEngine2.java:573) [hadoop-common-3.3.5.jar:?]
	at org.apache.hadoop.ipc.RPC$Server.call(RPC.java:1213) [hadoop-common-3.3.5.jar:?]
	at org.apache.hadoop.ipc.Server$RpcCall.run(Server.java:1089) [hadoop-common-3.3.5.jar:?]
	at org.apache.hadoop.ipc.Server$RpcCall.run(Server.java:1012) [hadoop-common-3.3.5.jar:?]
	at java.security.AccessController.doPrivileged(Native Method) ~[?:1.8.0_372]
	at javax.security.auth.Subject.doAs(Subject.java:422) [?:1.8.0_372]
	at org.apache.hadoop.security.UserGroupInformation.doAs(UserGroupInformation.java:1899) [hadoop-common-3.3.5.jar:?]
	at org.apache.hadoop.ipc.Server$Handler.run(Server.java:3026) [hadoop-common-3.3.5.jar:?]
2023-06-22 21:35:46,405 [Time-limited test] INFO  rpc.RpcClient (RpcClient.java:createVolume(459)) - Creating Volume: volume-52921, with runner as owner and space quota set to -1 bytes, counts quota set to -1
2023-06-22 21:35:46,407 [OM StateMachine ApplyTransaction Thread - 0] INFO  volume.OMVolumeCreateRequest (OMVolumeCreateRequest.java:validateAndUpdateCache(196)) - created volume:volume-52921 for user:runner
2023-06-22 21:35:46,409 [Time-limited test] INFO  rpc.RpcClient (RpcClient.java:createBucket(686)) - Creating Bucket: volume-52921/bucket-66166, with bucket layout FILE_SYSTEM_OPTIMIZED, runner as owner, Versioning false, Storage Type set to DISK and Encryption set to false, Replication Type set to server-side default replication type, Namespace Quota set to -1, Space Quota set to -1 
2023-06-22 21:35:46,411 [OM StateMachine ApplyTransaction Thread - 0] INFO  bucket.OMBucketCreateRequest (OMBucketCreateRequest.java:validateAndUpdateCache(270)) - created bucket: bucket-66166 of layout FILE_SYSTEM_OPTIMIZED in volume: volume-52921
]]></system-out>
  </testcase>
  <testcase name="testMkdirNonExistentVolumeBucket" classname="TestRootedOzoneFileSystemWithFSO" time="0.032">
    <system-out><![CDATA[2023-06-22 21:37:19,156 [Time-limited test] INFO  rpc.RpcClient (RpcClient.java:createVolume(459)) - Creating Volume: volume10224, with user92628 as owner and space quota set to -1 bytes, counts quota set to -1
2023-06-22 21:37:19,156 [IPC Server handler 2 on default port 15057] INFO  volume.OMVolumeCreateRequest (OMVolumeCreateRequest.java:validateAndUpdateCache(196)) - created volume:volume10224 for user:user92628
2023-06-22 21:37:19,157 [Time-limited test] INFO  rpc.RpcClient (RpcClient.java:createBucket(686)) - Creating Bucket: volume10224/bucket53834, with bucket layout FILE_SYSTEM_OPTIMIZED, runner as owner, Versioning false, Storage Type set to DISK and Encryption set to false, Replication Type set to server-side default replication type, Namespace Quota set to -1, Space Quota set to -1 
2023-06-22 21:37:19,158 [IPC Server handler 7 on default port 15057] INFO  bucket.OMBucketCreateRequest (OMBucketCreateRequest.java:validateAndUpdateCache(270)) - created bucket: bucket53834 of layout FILE_SYSTEM_OPTIMIZED in volume: volume10224
21:37:19.159 [IPC Server handler 18 on default port 15057] ERROR OMAudit - user=runner | ip=127.0.0.1 | op=READ_BUCKET {volume=volume-83699, bucket=bucket-51430} | ret=FAILURE
org.apache.hadoop.ozone.om.exceptions.OMException: Volume not found when getting bucket info
	at org.apache.hadoop.ozone.om.BucketManagerImpl.getBucketInfo(BucketManagerImpl.java:81) ~[ozone-manager-1.4.0-SNAPSHOT.jar:?]
	at org.apache.hadoop.ozone.om.OzoneManager.getBucketInfo(OzoneManager.java:2777) ~[ozone-manager-1.4.0-SNAPSHOT.jar:?]
	at org.apache.hadoop.ozone.protocolPB.OzoneManagerRequestHandler.infoBucket(OzoneManagerRequestHandler.java:524) ~[ozone-manager-1.4.0-SNAPSHOT.jar:?]
	at org.apache.hadoop.ozone.protocolPB.OzoneManagerRequestHandler.handleReadRequest(OzoneManagerRequestHandler.java:195) ~[ozone-manager-1.4.0-SNAPSHOT.jar:?]
	at org.apache.hadoop.ozone.protocolPB.OzoneManagerProtocolServerSideTranslatorPB.submitRequestDirectlyToOM(OzoneManagerProtocolServerSideTranslatorPB.java:272) ~[ozone-manager-1.4.0-SNAPSHOT.jar:?]
	at org.apache.hadoop.ozone.protocolPB.OzoneManagerProtocolServerSideTranslatorPB.processRequest(OzoneManagerProtocolServerSideTranslatorPB.java:173) ~[ozone-manager-1.4.0-SNAPSHOT.jar:?]
	at org.apache.hadoop.hdds.server.OzoneProtocolMessageDispatcher.processRequest(OzoneProtocolMessageDispatcher.java:87) [hdds-server-framework-1.4.0-SNAPSHOT.jar:?]
	at org.apache.hadoop.ozone.protocolPB.OzoneManagerProtocolServerSideTranslatorPB.submitRequest(OzoneManagerProtocolServerSideTranslatorPB.java:147) [ozone-manager-1.4.0-SNAPSHOT.jar:?]
	at org.apache.hadoop.ozone.protocol.proto.OzoneManagerProtocolProtos$OzoneManagerService$2.callBlockingMethod(OzoneManagerProtocolProtos.java) [ozone-interface-client-1.4.0-SNAPSHOT.jar:?]
	at org.apache.hadoop.ipc.ProtobufRpcEngine$Server.processCall(ProtobufRpcEngine.java:484) [hadoop-common-3.3.5.jar:?]
	at org.apache.hadoop.ipc.ProtobufRpcEngine2$Server$ProtoBufRpcInvoker.call(ProtobufRpcEngine2.java:595) [hadoop-common-3.3.5.jar:?]
	at org.apache.hadoop.ipc.ProtobufRpcEngine2$Server$ProtoBufRpcInvoker.call(ProtobufRpcEngine2.java:573) [hadoop-common-3.3.5.jar:?]
	at org.apache.hadoop.ipc.RPC$Server.call(RPC.java:1213) [hadoop-common-3.3.5.jar:?]
	at org.apache.hadoop.ipc.Server$RpcCall.run(Server.java:1089) [hadoop-common-3.3.5.jar:?]
	at org.apache.hadoop.ipc.Server$RpcCall.run(Server.java:1012) [hadoop-common-3.3.5.jar:?]
	at java.security.AccessController.doPrivileged(Native Method) ~[?:1.8.0_372]
	at javax.security.auth.Subject.doAs(Subject.java:422) [?:1.8.0_372]
	at org.apache.hadoop.security.UserGroupInformation.doAs(UserGroupInformation.java:1899) [hadoop-common-3.3.5.jar:?]
	at org.apache.hadoop.ipc.Server$Handler.run(Server.java:3026) [hadoop-common-3.3.5.jar:?]
2023-06-22 21:37:19,160 [Time-limited test] INFO  rpc.RpcClient (RpcClient.java:createVolume(459)) - Creating Volume: volume-83699, with runner as owner and space quota set to -1 bytes, counts quota set to -1
2023-06-22 21:37:19,160 [IPC Server handler 16 on default port 15057] INFO  volume.OMVolumeCreateRequest (OMVolumeCreateRequest.java:validateAndUpdateCache(196)) - created volume:volume-83699 for user:runner
2023-06-22 21:37:19,161 [Time-limited test] INFO  rpc.RpcClient (RpcClient.java:createBucket(686)) - Creating Bucket: volume-83699/bucket-51430, with bucket layout FILE_SYSTEM_OPTIMIZED, runner as owner, Versioning false, Storage Type set to DISK and Encryption set to false, Replication Type set to server-side default replication type, Namespace Quota set to -1, Space Quota set to -1 
2023-06-22 21:37:19,164 [IPC Server handler 6 on default port 15057] INFO  bucket.OMBucketCreateRequest (OMBucketCreateRequest.java:validateAndUpdateCache(270)) - created bucket: bucket-51430 of layout FILE_SYSTEM_OPTIMIZED in volume: volume-83699
]]></system-out>
  </testcase>
  <testcase name="testFailToDeleteRoot" classname="TestRootedOzoneFileSystemWithFSO" time="0.047">
    <system-out><![CDATA[2023-06-22 21:35:46,454 [Time-limited test] INFO  rpc.RpcClient (RpcClient.java:createVolume(459)) - Creating Volume: volume68514, with user29639 as owner and space quota set to -1 bytes, counts quota set to -1
2023-06-22 21:35:46,459 [OM StateMachine ApplyTransaction Thread - 0] INFO  volume.OMVolumeCreateRequest (OMVolumeCreateRequest.java:validateAndUpdateCache(196)) - created volume:volume68514 for user:user29639
2023-06-22 21:35:46,462 [Time-limited test] INFO  rpc.RpcClient (RpcClient.java:createBucket(686)) - Creating Bucket: volume68514/bucket35831, with bucket layout FILE_SYSTEM_OPTIMIZED, runner as owner, Versioning false, Storage Type set to DISK and Encryption set to false, Replication Type set to server-side default replication type, Namespace Quota set to -1, Space Quota set to -1 
2023-06-22 21:35:46,463 [OM StateMachine ApplyTransaction Thread - 0] INFO  bucket.OMBucketCreateRequest (OMBucketCreateRequest.java:validateAndUpdateCache(270)) - created bucket: bucket35831 of layout FILE_SYSTEM_OPTIMIZED in volume: volume68514
2023-06-22 21:35:46,465 [Time-limited test] WARN  ozone.BasicRootedOzoneFileSystem (BasicRootedOzoneFileSystem.java:delete(661)) - delete: OFS does not support rm root. To wipe the cluster, please re-init OM instead.
2023-06-22 21:35:46,466 [Time-limited test] WARN  ozone.BasicRootedOzoneFileSystem (BasicRootedOzoneFileSystem.java:delete(661)) - delete: OFS does not support rm root. To wipe the cluster, please re-init OM instead.
]]></system-out>
  </testcase>
  <testcase name="testFailToDeleteRoot" classname="TestRootedOzoneFileSystemWithFSO" time="0.025">
    <system-out><![CDATA[2023-06-22 21:37:19,190 [Time-limited test] INFO  rpc.RpcClient (RpcClient.java:createVolume(459)) - Creating Volume: volume60670, with user18577 as owner and space quota set to -1 bytes, counts quota set to -1
2023-06-22 21:37:19,190 [IPC Server handler 9 on default port 15057] INFO  volume.OMVolumeCreateRequest (OMVolumeCreateRequest.java:validateAndUpdateCache(196)) - created volume:volume60670 for user:user18577
2023-06-22 21:37:19,191 [Time-limited test] INFO  rpc.RpcClient (RpcClient.java:createBucket(686)) - Creating Bucket: volume60670/bucket83375, with bucket layout FILE_SYSTEM_OPTIMIZED, runner as owner, Versioning false, Storage Type set to DISK and Encryption set to false, Replication Type set to server-side default replication type, Namespace Quota set to -1, Space Quota set to -1 
2023-06-22 21:37:19,192 [IPC Server handler 5 on default port 15057] INFO  bucket.OMBucketCreateRequest (OMBucketCreateRequest.java:validateAndUpdateCache(270)) - created bucket: bucket83375 of layout FILE_SYSTEM_OPTIMIZED in volume: volume60670
2023-06-22 21:37:19,193 [Time-limited test] WARN  ozone.BasicRootedOzoneFileSystem (BasicRootedOzoneFileSystem.java:delete(661)) - delete: OFS does not support rm root. To wipe the cluster, please re-init OM instead.
2023-06-22 21:37:19,193 [Time-limited test] WARN  ozone.BasicRootedOzoneFileSystem (BasicRootedOzoneFileSystem.java:delete(661)) - delete: OFS does not support rm root. To wipe the cluster, please re-init OM instead.
]]></system-out>
  </testcase>
  <testcase name="testListStatusOnSubDirs" classname="TestRootedOzoneFileSystemWithFSO" time="0.082">
    <system-out><![CDATA[2023-06-22 21:35:46,507 [Time-limited test] INFO  rpc.RpcClient (RpcClient.java:createVolume(459)) - Creating Volume: volume99141, with user64903 as owner and space quota set to -1 bytes, counts quota set to -1
2023-06-22 21:35:46,509 [OM StateMachine ApplyTransaction Thread - 0] INFO  volume.OMVolumeCreateRequest (OMVolumeCreateRequest.java:validateAndUpdateCache(196)) - created volume:volume99141 for user:user64903
2023-06-22 21:35:46,511 [Time-limited test] INFO  rpc.RpcClient (RpcClient.java:createBucket(686)) - Creating Bucket: volume99141/bucket67238, with bucket layout FILE_SYSTEM_OPTIMIZED, runner as owner, Versioning false, Storage Type set to DISK and Encryption set to false, Replication Type set to server-side default replication type, Namespace Quota set to -1, Space Quota set to -1 
2023-06-22 21:35:46,513 [OM StateMachine ApplyTransaction Thread - 0] INFO  bucket.OMBucketCreateRequest (OMBucketCreateRequest.java:validateAndUpdateCache(270)) - created bucket: bucket67238 of layout FILE_SYSTEM_OPTIMIZED in volume: volume99141
]]></system-out>
  </testcase>
  <testcase name="testListStatusOnSubDirs" classname="TestRootedOzoneFileSystemWithFSO" time="0.04">
    <system-out><![CDATA[2023-06-22 21:37:19,211 [Time-limited test] INFO  rpc.RpcClient (RpcClient.java:createVolume(459)) - Creating Volume: volume68798, with user51535 as owner and space quota set to -1 bytes, counts quota set to -1
2023-06-22 21:37:19,212 [IPC Server handler 3 on default port 15057] INFO  volume.OMVolumeCreateRequest (OMVolumeCreateRequest.java:validateAndUpdateCache(196)) - created volume:volume68798 for user:user51535
2023-06-22 21:37:19,213 [Time-limited test] INFO  rpc.RpcClient (RpcClient.java:createBucket(686)) - Creating Bucket: volume68798/bucket73024, with bucket layout FILE_SYSTEM_OPTIMIZED, runner as owner, Versioning false, Storage Type set to DISK and Encryption set to false, Replication Type set to server-side default replication type, Namespace Quota set to -1, Space Quota set to -1 
2023-06-22 21:37:19,214 [IPC Server handler 12 on default port 15057] INFO  bucket.OMBucketCreateRequest (OMBucketCreateRequest.java:validateAndUpdateCache(270)) - created bucket: bucket73024 of layout FILE_SYSTEM_OPTIMIZED in volume: volume68798
]]></system-out>
  </testcase>
  <testcase name="testListStatus" classname="TestRootedOzoneFileSystemWithFSO" time="0.096">
    <system-out><![CDATA[2023-06-22 21:35:46,591 [Time-limited test] INFO  rpc.RpcClient (RpcClient.java:createVolume(459)) - Creating Volume: volume52251, with user63128 as owner and space quota set to -1 bytes, counts quota set to -1
2023-06-22 21:35:46,597 [OM StateMachine ApplyTransaction Thread - 0] INFO  volume.OMVolumeCreateRequest (OMVolumeCreateRequest.java:validateAndUpdateCache(196)) - created volume:volume52251 for user:user63128
2023-06-22 21:35:46,598 [Time-limited test] INFO  rpc.RpcClient (RpcClient.java:createBucket(686)) - Creating Bucket: volume52251/bucket01587, with bucket layout FILE_SYSTEM_OPTIMIZED, runner as owner, Versioning false, Storage Type set to DISK and Encryption set to false, Replication Type set to server-side default replication type, Namespace Quota set to -1, Space Quota set to -1 
2023-06-22 21:35:46,600 [OM StateMachine ApplyTransaction Thread - 0] INFO  bucket.OMBucketCreateRequest (OMBucketCreateRequest.java:validateAndUpdateCache(270)) - created bucket: bucket01587 of layout FILE_SYSTEM_OPTIMIZED in volume: volume52251
]]></system-out>
  </testcase>
  <testcase name="testListStatus" classname="TestRootedOzoneFileSystemWithFSO" time="0.053">
    <system-out><![CDATA[2023-06-22 21:37:19,252 [Time-limited test] INFO  rpc.RpcClient (RpcClient.java:createVolume(459)) - Creating Volume: volume63338, with user67257 as owner and space quota set to -1 bytes, counts quota set to -1
2023-06-22 21:37:19,253 [IPC Server handler 12 on default port 15057] INFO  volume.OMVolumeCreateRequest (OMVolumeCreateRequest.java:validateAndUpdateCache(196)) - created volume:volume63338 for user:user67257
2023-06-22 21:37:19,254 [Time-limited test] INFO  rpc.RpcClient (RpcClient.java:createBucket(686)) - Creating Bucket: volume63338/bucket34713, with bucket layout FILE_SYSTEM_OPTIMIZED, runner as owner, Versioning false, Storage Type set to DISK and Encryption set to false, Replication Type set to server-side default replication type, Namespace Quota set to -1, Space Quota set to -1 
2023-06-22 21:37:19,255 [IPC Server handler 10 on default port 15057] INFO  bucket.OMBucketCreateRequest (OMBucketCreateRequest.java:validateAndUpdateCache(270)) - created bucket: bucket34713 of layout FILE_SYSTEM_OPTIMIZED in volume: volume63338
]]></system-out>
  </testcase>
  <testcase name="testGetTrashRoots" classname="TestRootedOzoneFileSystemWithFSO" time="0.793">
    <system-out><![CDATA[2023-06-22 21:35:46,684 [Time-limited test] INFO  rpc.RpcClient (RpcClient.java:createVolume(459)) - Creating Volume: volume89095, with user95658 as owner and space quota set to -1 bytes, counts quota set to -1
2023-06-22 21:35:46,687 [OM StateMachine ApplyTransaction Thread - 0] INFO  volume.OMVolumeCreateRequest (OMVolumeCreateRequest.java:validateAndUpdateCache(196)) - created volume:volume89095 for user:user95658
2023-06-22 21:35:46,689 [Time-limited test] INFO  rpc.RpcClient (RpcClient.java:createBucket(686)) - Creating Bucket: volume89095/bucket82568, with bucket layout FILE_SYSTEM_OPTIMIZED, runner as owner, Versioning false, Storage Type set to DISK and Encryption set to false, Replication Type set to server-side default replication type, Namespace Quota set to -1, Space Quota set to -1 
2023-06-22 21:35:46,690 [OM StateMachine ApplyTransaction Thread - 0] INFO  bucket.OMBucketCreateRequest (OMBucketCreateRequest.java:validateAndUpdateCache(270)) - created bucket: bucket82568 of layout FILE_SYSTEM_OPTIMIZED in volume: volume89095
21:35:46.708 [IPC Server handler 8 on default port 15004] ERROR OMAudit - user=runner | ip=127.0.0.1 | op=GET_FILE_STATUS {volume=volume-40960, bucket=bucket-06556, key=.Trash/runner, dataSize=0, replicationConfig=null} | ret=FAILURE
org.apache.hadoop.ozone.om.exceptions.OMException: Unable to get file status: volume: volume-40960 bucket: bucket-06556 key: .Trash/runner
	at org.apache.hadoop.ozone.om.KeyManagerImpl.getOzoneFileStatusFSO(KeyManagerImpl.java:1311) ~[ozone-manager-1.4.0-SNAPSHOT.jar:?]
	at org.apache.hadoop.ozone.om.KeyManagerImpl.getFileStatus(KeyManagerImpl.java:1102) ~[ozone-manager-1.4.0-SNAPSHOT.jar:?]
	at org.apache.hadoop.ozone.om.OmMetadataReader.getFileStatus(OmMetadataReader.java:286) ~[ozone-manager-1.4.0-SNAPSHOT.jar:?]
	at org.apache.hadoop.ozone.om.OzoneManager.getFileStatus(OzoneManager.java:3499) ~[ozone-manager-1.4.0-SNAPSHOT.jar:?]
	at org.apache.hadoop.ozone.protocolPB.OzoneManagerRequestHandler.getOzoneFileStatus(OzoneManagerRequestHandler.java:950) ~[ozone-manager-1.4.0-SNAPSHOT.jar:?]
	at org.apache.hadoop.ozone.protocolPB.OzoneManagerRequestHandler.handleReadRequest(OzoneManagerRequestHandler.java:245) ~[ozone-manager-1.4.0-SNAPSHOT.jar:?]
	at org.apache.hadoop.ozone.protocolPB.OzoneManagerProtocolServerSideTranslatorPB.submitReadRequestToOM(OzoneManagerProtocolServerSideTranslatorPB.java:223) ~[ozone-manager-1.4.0-SNAPSHOT.jar:?]
	at org.apache.hadoop.ozone.protocolPB.OzoneManagerProtocolServerSideTranslatorPB.processRequest(OzoneManagerProtocolServerSideTranslatorPB.java:177) ~[ozone-manager-1.4.0-SNAPSHOT.jar:?]
	at org.apache.hadoop.hdds.server.OzoneProtocolMessageDispatcher.processRequest(OzoneProtocolMessageDispatcher.java:87) [hdds-server-framework-1.4.0-SNAPSHOT.jar:?]
	at org.apache.hadoop.ozone.protocolPB.OzoneManagerProtocolServerSideTranslatorPB.submitRequest(OzoneManagerProtocolServerSideTranslatorPB.java:147) [ozone-manager-1.4.0-SNAPSHOT.jar:?]
	at org.apache.hadoop.ozone.protocol.proto.OzoneManagerProtocolProtos$OzoneManagerService$2.callBlockingMethod(OzoneManagerProtocolProtos.java) [ozone-interface-client-1.4.0-SNAPSHOT.jar:?]
	at org.apache.hadoop.ipc.ProtobufRpcEngine$Server.processCall(ProtobufRpcEngine.java:484) [hadoop-common-3.3.5.jar:?]
	at org.apache.hadoop.ipc.ProtobufRpcEngine2$Server$ProtoBufRpcInvoker.call(ProtobufRpcEngine2.java:595) [hadoop-common-3.3.5.jar:?]
	at org.apache.hadoop.ipc.ProtobufRpcEngine2$Server$ProtoBufRpcInvoker.call(ProtobufRpcEngine2.java:573) [hadoop-common-3.3.5.jar:?]
	at org.apache.hadoop.ipc.RPC$Server.call(RPC.java:1213) [hadoop-common-3.3.5.jar:?]
	at org.apache.hadoop.ipc.Server$RpcCall.run(Server.java:1089) [hadoop-common-3.3.5.jar:?]
	at org.apache.hadoop.ipc.Server$RpcCall.run(Server.java:1012) [hadoop-common-3.3.5.jar:?]
	at java.security.AccessController.doPrivileged(Native Method) ~[?:1.8.0_372]
	at javax.security.auth.Subject.doAs(Subject.java:422) [?:1.8.0_372]
	at org.apache.hadoop.security.UserGroupInformation.doAs(UserGroupInformation.java:1899) [hadoop-common-3.3.5.jar:?]
	at org.apache.hadoop.ipc.Server$Handler.run(Server.java:3026) [hadoop-common-3.3.5.jar:?]
21:35:46.711 [IPC Server handler 14 on default port 15004] ERROR OMAudit - user=runner | ip=127.0.0.1 | op=GET_FILE_STATUS {volume=volume-37019, bucket=bucket-46042, key=.Trash/runner, dataSize=0, replicationConfig=null} | ret=FAILURE
org.apache.hadoop.ozone.om.exceptions.OMException: Unable to get file status: volume: volume-37019 bucket: bucket-46042 key: .Trash/runner
	at org.apache.hadoop.ozone.om.KeyManagerImpl.getOzoneFileStatusFSO(KeyManagerImpl.java:1311) ~[ozone-manager-1.4.0-SNAPSHOT.jar:?]
	at org.apache.hadoop.ozone.om.KeyManagerImpl.getFileStatus(KeyManagerImpl.java:1102) ~[ozone-manager-1.4.0-SNAPSHOT.jar:?]
	at org.apache.hadoop.ozone.om.OmMetadataReader.getFileStatus(OmMetadataReader.java:286) ~[ozone-manager-1.4.0-SNAPSHOT.jar:?]
	at org.apache.hadoop.ozone.om.OzoneManager.getFileStatus(OzoneManager.java:3499) ~[ozone-manager-1.4.0-SNAPSHOT.jar:?]
	at org.apache.hadoop.ozone.protocolPB.OzoneManagerRequestHandler.getOzoneFileStatus(OzoneManagerRequestHandler.java:950) ~[ozone-manager-1.4.0-SNAPSHOT.jar:?]
	at org.apache.hadoop.ozone.protocolPB.OzoneManagerRequestHandler.handleReadRequest(OzoneManagerRequestHandler.java:245) ~[ozone-manager-1.4.0-SNAPSHOT.jar:?]
	at org.apache.hadoop.ozone.protocolPB.OzoneManagerProtocolServerSideTranslatorPB.submitReadRequestToOM(OzoneManagerProtocolServerSideTranslatorPB.java:223) ~[ozone-manager-1.4.0-SNAPSHOT.jar:?]
	at org.apache.hadoop.ozone.protocolPB.OzoneManagerProtocolServerSideTranslatorPB.processRequest(OzoneManagerProtocolServerSideTranslatorPB.java:177) ~[ozone-manager-1.4.0-SNAPSHOT.jar:?]
	at org.apache.hadoop.hdds.server.OzoneProtocolMessageDispatcher.processRequest(OzoneProtocolMessageDispatcher.java:87) [hdds-server-framework-1.4.0-SNAPSHOT.jar:?]
	at org.apache.hadoop.ozone.protocolPB.OzoneManagerProtocolServerSideTranslatorPB.submitRequest(OzoneManagerProtocolServerSideTranslatorPB.java:147) [ozone-manager-1.4.0-SNAPSHOT.jar:?]
	at org.apache.hadoop.ozone.protocol.proto.OzoneManagerProtocolProtos$OzoneManagerService$2.callBlockingMethod(OzoneManagerProtocolProtos.java) [ozone-interface-client-1.4.0-SNAPSHOT.jar:?]
	at org.apache.hadoop.ipc.ProtobufRpcEngine$Server.processCall(ProtobufRpcEngine.java:484) [hadoop-common-3.3.5.jar:?]
	at org.apache.hadoop.ipc.ProtobufRpcEngine2$Server$ProtoBufRpcInvoker.call(ProtobufRpcEngine2.java:595) [hadoop-common-3.3.5.jar:?]
	at org.apache.hadoop.ipc.ProtobufRpcEngine2$Server$ProtoBufRpcInvoker.call(ProtobufRpcEngine2.java:573) [hadoop-common-3.3.5.jar:?]
	at org.apache.hadoop.ipc.RPC$Server.call(RPC.java:1213) [hadoop-common-3.3.5.jar:?]
	at org.apache.hadoop.ipc.Server$RpcCall.run(Server.java:1089) [hadoop-common-3.3.5.jar:?]
	at org.apache.hadoop.ipc.Server$RpcCall.run(Server.java:1012) [hadoop-common-3.3.5.jar:?]
	at java.security.AccessController.doPrivileged(Native Method) ~[?:1.8.0_372]
	at javax.security.auth.Subject.doAs(Subject.java:422) [?:1.8.0_372]
	at org.apache.hadoop.security.UserGroupInformation.doAs(UserGroupInformation.java:1899) [hadoop-common-3.3.5.jar:?]
	at org.apache.hadoop.ipc.Server$Handler.run(Server.java:3026) [hadoop-common-3.3.5.jar:?]
21:35:46.715 [IPC Server handler 5 on default port 15004] ERROR OMAudit - user=runner | ip=127.0.0.1 | op=GET_FILE_STATUS {volume=volume-13413, bucket=bucket3, key=.Trash/runner, dataSize=0, replicationConfig=null} | ret=FAILURE
org.apache.hadoop.ozone.om.exceptions.OMException: Unable to get file status: volume: volume-13413 bucket: bucket3 key: .Trash/runner
	at org.apache.hadoop.ozone.om.KeyManagerImpl.getOzoneFileStatusFSO(KeyManagerImpl.java:1311) ~[ozone-manager-1.4.0-SNAPSHOT.jar:?]
	at org.apache.hadoop.ozone.om.KeyManagerImpl.getFileStatus(KeyManagerImpl.java:1102) ~[ozone-manager-1.4.0-SNAPSHOT.jar:?]
	at org.apache.hadoop.ozone.om.OmMetadataReader.getFileStatus(OmMetadataReader.java:286) ~[ozone-manager-1.4.0-SNAPSHOT.jar:?]
	at org.apache.hadoop.ozone.om.OzoneManager.getFileStatus(OzoneManager.java:3499) ~[ozone-manager-1.4.0-SNAPSHOT.jar:?]
	at org.apache.hadoop.ozone.protocolPB.OzoneManagerRequestHandler.getOzoneFileStatus(OzoneManagerRequestHandler.java:950) ~[ozone-manager-1.4.0-SNAPSHOT.jar:?]
	at org.apache.hadoop.ozone.protocolPB.OzoneManagerRequestHandler.handleReadRequest(OzoneManagerRequestHandler.java:245) ~[ozone-manager-1.4.0-SNAPSHOT.jar:?]
	at org.apache.hadoop.ozone.protocolPB.OzoneManagerProtocolServerSideTranslatorPB.submitReadRequestToOM(OzoneManagerProtocolServerSideTranslatorPB.java:223) ~[ozone-manager-1.4.0-SNAPSHOT.jar:?]
	at org.apache.hadoop.ozone.protocolPB.OzoneManagerProtocolServerSideTranslatorPB.processRequest(OzoneManagerProtocolServerSideTranslatorPB.java:177) ~[ozone-manager-1.4.0-SNAPSHOT.jar:?]
	at org.apache.hadoop.hdds.server.OzoneProtocolMessageDispatcher.processRequest(OzoneProtocolMessageDispatcher.java:87) [hdds-server-framework-1.4.0-SNAPSHOT.jar:?]
	at org.apache.hadoop.ozone.protocolPB.OzoneManagerProtocolServerSideTranslatorPB.submitRequest(OzoneManagerProtocolServerSideTranslatorPB.java:147) [ozone-manager-1.4.0-SNAPSHOT.jar:?]
	at org.apache.hadoop.ozone.protocol.proto.OzoneManagerProtocolProtos$OzoneManagerService$2.callBlockingMethod(OzoneManagerProtocolProtos.java) [ozone-interface-client-1.4.0-SNAPSHOT.jar:?]
	at org.apache.hadoop.ipc.ProtobufRpcEngine$Server.processCall(ProtobufRpcEngine.java:484) [hadoop-common-3.3.5.jar:?]
	at org.apache.hadoop.ipc.ProtobufRpcEngine2$Server$ProtoBufRpcInvoker.call(ProtobufRpcEngine2.java:595) [hadoop-common-3.3.5.jar:?]
	at org.apache.hadoop.ipc.ProtobufRpcEngine2$Server$ProtoBufRpcInvoker.call(ProtobufRpcEngine2.java:573) [hadoop-common-3.3.5.jar:?]
	at org.apache.hadoop.ipc.RPC$Server.call(RPC.java:1213) [hadoop-common-3.3.5.jar:?]
	at org.apache.hadoop.ipc.Server$RpcCall.run(Server.java:1089) [hadoop-common-3.3.5.jar:?]
	at org.apache.hadoop.ipc.Server$RpcCall.run(Server.java:1012) [hadoop-common-3.3.5.jar:?]
	at java.security.AccessController.doPrivileged(Native Method) ~[?:1.8.0_372]
	at javax.security.auth.Subject.doAs(Subject.java:422) [?:1.8.0_372]
	at org.apache.hadoop.security.UserGroupInformation.doAs(UserGroupInformation.java:1899) [hadoop-common-3.3.5.jar:?]
	at org.apache.hadoop.ipc.Server$Handler.run(Server.java:3026) [hadoop-common-3.3.5.jar:?]
21:35:46.718 [IPC Server handler 4 on default port 15004] ERROR OMAudit - user=runner | ip=127.0.0.1 | op=GET_FILE_STATUS {volume=volume89095, bucket=bucket82568, key=.Trash/runner, dataSize=0, replicationConfig=null} | ret=FAILURE
org.apache.hadoop.ozone.om.exceptions.OMException: Unable to get file status: volume: volume89095 bucket: bucket82568 key: .Trash/runner
	at org.apache.hadoop.ozone.om.KeyManagerImpl.getOzoneFileStatusFSO(KeyManagerImpl.java:1311) ~[ozone-manager-1.4.0-SNAPSHOT.jar:?]
	at org.apache.hadoop.ozone.om.KeyManagerImpl.getFileStatus(KeyManagerImpl.java:1102) ~[ozone-manager-1.4.0-SNAPSHOT.jar:?]
	at org.apache.hadoop.ozone.om.OmMetadataReader.getFileStatus(OmMetadataReader.java:286) ~[ozone-manager-1.4.0-SNAPSHOT.jar:?]
	at org.apache.hadoop.ozone.om.OzoneManager.getFileStatus(OzoneManager.java:3499) ~[ozone-manager-1.4.0-SNAPSHOT.jar:?]
	at org.apache.hadoop.ozone.protocolPB.OzoneManagerRequestHandler.getOzoneFileStatus(OzoneManagerRequestHandler.java:950) ~[ozone-manager-1.4.0-SNAPSHOT.jar:?]
	at org.apache.hadoop.ozone.protocolPB.OzoneManagerRequestHandler.handleReadRequest(OzoneManagerRequestHandler.java:245) ~[ozone-manager-1.4.0-SNAPSHOT.jar:?]
	at org.apache.hadoop.ozone.protocolPB.OzoneManagerProtocolServerSideTranslatorPB.submitReadRequestToOM(OzoneManagerProtocolServerSideTranslatorPB.java:223) ~[ozone-manager-1.4.0-SNAPSHOT.jar:?]
	at org.apache.hadoop.ozone.protocolPB.OzoneManagerProtocolServerSideTranslatorPB.processRequest(OzoneManagerProtocolServerSideTranslatorPB.java:177) ~[ozone-manager-1.4.0-SNAPSHOT.jar:?]
	at org.apache.hadoop.hdds.server.OzoneProtocolMessageDispatcher.processRequest(OzoneProtocolMessageDispatcher.java:87) [hdds-server-framework-1.4.0-SNAPSHOT.jar:?]
	at org.apache.hadoop.ozone.protocolPB.OzoneManagerProtocolServerSideTranslatorPB.submitRequest(OzoneManagerProtocolServerSideTranslatorPB.java:147) [ozone-manager-1.4.0-SNAPSHOT.jar:?]
	at org.apache.hadoop.ozone.protocol.proto.OzoneManagerProtocolProtos$OzoneManagerService$2.callBlockingMethod(OzoneManagerProtocolProtos.java) [ozone-interface-client-1.4.0-SNAPSHOT.jar:?]
	at org.apache.hadoop.ipc.ProtobufRpcEngine$Server.processCall(ProtobufRpcEngine.java:484) [hadoop-common-3.3.5.jar:?]
	at org.apache.hadoop.ipc.ProtobufRpcEngine2$Server$ProtoBufRpcInvoker.call(ProtobufRpcEngine2.java:595) [hadoop-common-3.3.5.jar:?]
	at org.apache.hadoop.ipc.ProtobufRpcEngine2$Server$ProtoBufRpcInvoker.call(ProtobufRpcEngine2.java:573) [hadoop-common-3.3.5.jar:?]
	at org.apache.hadoop.ipc.RPC$Server.call(RPC.java:1213) [hadoop-common-3.3.5.jar:?]
	at org.apache.hadoop.ipc.Server$RpcCall.run(Server.java:1089) [hadoop-common-3.3.5.jar:?]
	at org.apache.hadoop.ipc.Server$RpcCall.run(Server.java:1012) [hadoop-common-3.3.5.jar:?]
	at java.security.AccessController.doPrivileged(Native Method) ~[?:1.8.0_372]
	at javax.security.auth.Subject.doAs(Subject.java:422) [?:1.8.0_372]
	at org.apache.hadoop.security.UserGroupInformation.doAs(UserGroupInformation.java:1899) [hadoop-common-3.3.5.jar:?]
	at org.apache.hadoop.ipc.Server$Handler.run(Server.java:3026) [hadoop-common-3.3.5.jar:?]
21:35:46.723 [IPC Server handler 9 on default port 15004] ERROR OMAudit - user=runner | ip=127.0.0.1 | op=GET_FILE_STATUS {volume=c5114827-810a-46d6-b873-cfac3b5f6917, bucket=157b57d1-2b34-4b36-8944-9406453d8814, key=.Trash, dataSize=0, replicationConfig=null} | ret=FAILURE
org.apache.hadoop.ozone.om.exceptions.OMException: Unable to get file status: volume: c5114827-810a-46d6-b873-cfac3b5f6917 bucket: 157b57d1-2b34-4b36-8944-9406453d8814 key: .Trash
	at org.apache.hadoop.ozone.om.KeyManagerImpl.getOzoneFileStatus(KeyManagerImpl.java:1186) ~[ozone-manager-1.4.0-SNAPSHOT.jar:?]
	at org.apache.hadoop.ozone.om.KeyManagerImpl.getFileStatus(KeyManagerImpl.java:1104) ~[ozone-manager-1.4.0-SNAPSHOT.jar:?]
	at org.apache.hadoop.ozone.om.OmMetadataReader.getFileStatus(OmMetadataReader.java:286) ~[ozone-manager-1.4.0-SNAPSHOT.jar:?]
	at org.apache.hadoop.ozone.om.OzoneManager.getFileStatus(OzoneManager.java:3499) ~[ozone-manager-1.4.0-SNAPSHOT.jar:?]
	at org.apache.hadoop.ozone.protocolPB.OzoneManagerRequestHandler.getOzoneFileStatus(OzoneManagerRequestHandler.java:950) ~[ozone-manager-1.4.0-SNAPSHOT.jar:?]
	at org.apache.hadoop.ozone.protocolPB.OzoneManagerRequestHandler.handleReadRequest(OzoneManagerRequestHandler.java:245) ~[ozone-manager-1.4.0-SNAPSHOT.jar:?]
	at org.apache.hadoop.ozone.protocolPB.OzoneManagerProtocolServerSideTranslatorPB.submitReadRequestToOM(OzoneManagerProtocolServerSideTranslatorPB.java:223) ~[ozone-manager-1.4.0-SNAPSHOT.jar:?]
	at org.apache.hadoop.ozone.protocolPB.OzoneManagerProtocolServerSideTranslatorPB.processRequest(OzoneManagerProtocolServerSideTranslatorPB.java:177) ~[ozone-manager-1.4.0-SNAPSHOT.jar:?]
	at org.apache.hadoop.hdds.server.OzoneProtocolMessageDispatcher.processRequest(OzoneProtocolMessageDispatcher.java:87) [hdds-server-framework-1.4.0-SNAPSHOT.jar:?]
	at org.apache.hadoop.ozone.protocolPB.OzoneManagerProtocolServerSideTranslatorPB.submitRequest(OzoneManagerProtocolServerSideTranslatorPB.java:147) [ozone-manager-1.4.0-SNAPSHOT.jar:?]
	at org.apache.hadoop.ozone.protocol.proto.OzoneManagerProtocolProtos$OzoneManagerService$2.callBlockingMethod(OzoneManagerProtocolProtos.java) [ozone-interface-client-1.4.0-SNAPSHOT.jar:?]
	at org.apache.hadoop.ipc.ProtobufRpcEngine$Server.processCall(ProtobufRpcEngine.java:484) [hadoop-common-3.3.5.jar:?]
	at org.apache.hadoop.ipc.ProtobufRpcEngine2$Server$ProtoBufRpcInvoker.call(ProtobufRpcEngine2.java:595) [hadoop-common-3.3.5.jar:?]
	at org.apache.hadoop.ipc.ProtobufRpcEngine2$Server$ProtoBufRpcInvoker.call(ProtobufRpcEngine2.java:573) [hadoop-common-3.3.5.jar:?]
	at org.apache.hadoop.ipc.RPC$Server.call(RPC.java:1213) [hadoop-common-3.3.5.jar:?]
	at org.apache.hadoop.ipc.Server$RpcCall.run(Server.java:1089) [hadoop-common-3.3.5.jar:?]
	at org.apache.hadoop.ipc.Server$RpcCall.run(Server.java:1012) [hadoop-common-3.3.5.jar:?]
	at java.security.AccessController.doPrivileged(Native Method) ~[?:1.8.0_372]
	at javax.security.auth.Subject.doAs(Subject.java:422) [?:1.8.0_372]
	at org.apache.hadoop.security.UserGroupInformation.doAs(UserGroupInformation.java:1899) [hadoop-common-3.3.5.jar:?]
	at org.apache.hadoop.ipc.Server$Handler.run(Server.java:3026) [hadoop-common-3.3.5.jar:?]
21:35:46.726 [IPC Server handler 15 on default port 15004] ERROR OMAudit - user=runner | ip=127.0.0.1 | op=GET_FILE_STATUS {volume=volume-13413, bucket=bucket3, key=.Trash, dataSize=0, replicationConfig=null} | ret=FAILURE
org.apache.hadoop.ozone.om.exceptions.OMException: Unable to get file status: volume: volume-13413 bucket: bucket3 key: .Trash
	at org.apache.hadoop.ozone.om.KeyManagerImpl.getOzoneFileStatusFSO(KeyManagerImpl.java:1311) ~[ozone-manager-1.4.0-SNAPSHOT.jar:?]
	at org.apache.hadoop.ozone.om.KeyManagerImpl.getFileStatus(KeyManagerImpl.java:1102) ~[ozone-manager-1.4.0-SNAPSHOT.jar:?]
	at org.apache.hadoop.ozone.om.OmMetadataReader.getFileStatus(OmMetadataReader.java:286) ~[ozone-manager-1.4.0-SNAPSHOT.jar:?]
	at org.apache.hadoop.ozone.om.OzoneManager.getFileStatus(OzoneManager.java:3499) ~[ozone-manager-1.4.0-SNAPSHOT.jar:?]
	at org.apache.hadoop.ozone.protocolPB.OzoneManagerRequestHandler.getOzoneFileStatus(OzoneManagerRequestHandler.java:950) ~[ozone-manager-1.4.0-SNAPSHOT.jar:?]
	at org.apache.hadoop.ozone.protocolPB.OzoneManagerRequestHandler.handleReadRequest(OzoneManagerRequestHandler.java:245) ~[ozone-manager-1.4.0-SNAPSHOT.jar:?]
	at org.apache.hadoop.ozone.protocolPB.OzoneManagerProtocolServerSideTranslatorPB.submitReadRequestToOM(OzoneManagerProtocolServerSideTranslatorPB.java:223) ~[ozone-manager-1.4.0-SNAPSHOT.jar:?]
	at org.apache.hadoop.ozone.protocolPB.OzoneManagerProtocolServerSideTranslatorPB.processRequest(OzoneManagerProtocolServerSideTranslatorPB.java:177) ~[ozone-manager-1.4.0-SNAPSHOT.jar:?]
	at org.apache.hadoop.hdds.server.OzoneProtocolMessageDispatcher.processRequest(OzoneProtocolMessageDispatcher.java:87) [hdds-server-framework-1.4.0-SNAPSHOT.jar:?]
	at org.apache.hadoop.ozone.protocolPB.OzoneManagerProtocolServerSideTranslatorPB.submitRequest(OzoneManagerProtocolServerSideTranslatorPB.java:147) [ozone-manager-1.4.0-SNAPSHOT.jar:?]
	at org.apache.hadoop.ozone.protocol.proto.OzoneManagerProtocolProtos$OzoneManagerService$2.callBlockingMethod(OzoneManagerProtocolProtos.java) [ozone-interface-client-1.4.0-SNAPSHOT.jar:?]
	at org.apache.hadoop.ipc.ProtobufRpcEngine$Server.processCall(ProtobufRpcEngine.java:484) [hadoop-common-3.3.5.jar:?]
	at org.apache.hadoop.ipc.ProtobufRpcEngine2$Server$ProtoBufRpcInvoker.call(ProtobufRpcEngine2.java:595) [hadoop-common-3.3.5.jar:?]
	at org.apache.hadoop.ipc.ProtobufRpcEngine2$Server$ProtoBufRpcInvoker.call(ProtobufRpcEngine2.java:573) [hadoop-common-3.3.5.jar:?]
	at org.apache.hadoop.ipc.RPC$Server.call(RPC.java:1213) [hadoop-common-3.3.5.jar:?]
	at org.apache.hadoop.ipc.Server$RpcCall.run(Server.java:1089) [hadoop-common-3.3.5.jar:?]
	at org.apache.hadoop.ipc.Server$RpcCall.run(Server.java:1012) [hadoop-common-3.3.5.jar:?]
	at java.security.AccessController.doPrivileged(Native Method) ~[?:1.8.0_372]
	at javax.security.auth.Subject.doAs(Subject.java:422) [?:1.8.0_372]
	at org.apache.hadoop.security.UserGroupInformation.doAs(UserGroupInformation.java:1899) [hadoop-common-3.3.5.jar:?]
	at org.apache.hadoop.ipc.Server$Handler.run(Server.java:3026) [hadoop-common-3.3.5.jar:?]
21:35:46.730 [IPC Server handler 19 on default port 15004] ERROR OMAudit - user=runner | ip=127.0.0.1 | op=GET_FILE_STATUS {volume=volume-37019, bucket=bucket-46042, key=.Trash, dataSize=0, replicationConfig=null} | ret=FAILURE
org.apache.hadoop.ozone.om.exceptions.OMException: Unable to get file status: volume: volume-37019 bucket: bucket-46042 key: .Trash
	at org.apache.hadoop.ozone.om.KeyManagerImpl.getOzoneFileStatusFSO(KeyManagerImpl.java:1311) ~[ozone-manager-1.4.0-SNAPSHOT.jar:?]
	at org.apache.hadoop.ozone.om.KeyManagerImpl.getFileStatus(KeyManagerImpl.java:1102) ~[ozone-manager-1.4.0-SNAPSHOT.jar:?]
	at org.apache.hadoop.ozone.om.OmMetadataReader.getFileStatus(OmMetadataReader.java:286) ~[ozone-manager-1.4.0-SNAPSHOT.jar:?]
	at org.apache.hadoop.ozone.om.OzoneManager.getFileStatus(OzoneManager.java:3499) ~[ozone-manager-1.4.0-SNAPSHOT.jar:?]
	at org.apache.hadoop.ozone.protocolPB.OzoneManagerRequestHandler.getOzoneFileStatus(OzoneManagerRequestHandler.java:950) ~[ozone-manager-1.4.0-SNAPSHOT.jar:?]
	at org.apache.hadoop.ozone.protocolPB.OzoneManagerRequestHandler.handleReadRequest(OzoneManagerRequestHandler.java:245) ~[ozone-manager-1.4.0-SNAPSHOT.jar:?]
	at org.apache.hadoop.ozone.protocolPB.OzoneManagerProtocolServerSideTranslatorPB.submitReadRequestToOM(OzoneManagerProtocolServerSideTranslatorPB.java:223) ~[ozone-manager-1.4.0-SNAPSHOT.jar:?]
	at org.apache.hadoop.ozone.protocolPB.OzoneManagerProtocolServerSideTranslatorPB.processRequest(OzoneManagerProtocolServerSideTranslatorPB.java:177) ~[ozone-manager-1.4.0-SNAPSHOT.jar:?]
	at org.apache.hadoop.hdds.server.OzoneProtocolMessageDispatcher.processRequest(OzoneProtocolMessageDispatcher.java:87) [hdds-server-framework-1.4.0-SNAPSHOT.jar:?]
	at org.apache.hadoop.ozone.protocolPB.OzoneManagerProtocolServerSideTranslatorPB.submitRequest(OzoneManagerProtocolServerSideTranslatorPB.java:147) [ozone-manager-1.4.0-SNAPSHOT.jar:?]
	at org.apache.hadoop.ozone.protocol.proto.OzoneManagerProtocolProtos$OzoneManagerService$2.callBlockingMethod(OzoneManagerProtocolProtos.java) [ozone-interface-client-1.4.0-SNAPSHOT.jar:?]
	at org.apache.hadoop.ipc.ProtobufRpcEngine$Server.processCall(ProtobufRpcEngine.java:484) [hadoop-common-3.3.5.jar:?]
	at org.apache.hadoop.ipc.ProtobufRpcEngine2$Server$ProtoBufRpcInvoker.call(ProtobufRpcEngine2.java:595) [hadoop-common-3.3.5.jar:?]
	at org.apache.hadoop.ipc.ProtobufRpcEngine2$Server$ProtoBufRpcInvoker.call(ProtobufRpcEngine2.java:573) [hadoop-common-3.3.5.jar:?]
	at org.apache.hadoop.ipc.RPC$Server.call(RPC.java:1213) [hadoop-common-3.3.5.jar:?]
	at org.apache.hadoop.ipc.Server$RpcCall.run(Server.java:1089) [hadoop-common-3.3.5.jar:?]
	at org.apache.hadoop.ipc.Server$RpcCall.run(Server.java:1012) [hadoop-common-3.3.5.jar:?]
	at java.security.AccessController.doPrivileged(Native Method) ~[?:1.8.0_372]
	at javax.security.auth.Subject.doAs(Subject.java:422) [?:1.8.0_372]
	at org.apache.hadoop.security.UserGroupInformation.doAs(UserGroupInformation.java:1899) [hadoop-common-3.3.5.jar:?]
	at org.apache.hadoop.ipc.Server$Handler.run(Server.java:3026) [hadoop-common-3.3.5.jar:?]
21:35:46.733 [IPC Server handler 3 on default port 15004] ERROR OMAudit - user=runner | ip=127.0.0.1 | op=GET_FILE_STATUS {volume=volume-40960, bucket=bucket-06556, key=.Trash, dataSize=0, replicationConfig=null} | ret=FAILURE
org.apache.hadoop.ozone.om.exceptions.OMException: Unable to get file status: volume: volume-40960 bucket: bucket-06556 key: .Trash
	at org.apache.hadoop.ozone.om.KeyManagerImpl.getOzoneFileStatusFSO(KeyManagerImpl.java:1311) ~[ozone-manager-1.4.0-SNAPSHOT.jar:?]
	at org.apache.hadoop.ozone.om.KeyManagerImpl.getFileStatus(KeyManagerImpl.java:1102) ~[ozone-manager-1.4.0-SNAPSHOT.jar:?]
	at org.apache.hadoop.ozone.om.OmMetadataReader.getFileStatus(OmMetadataReader.java:286) ~[ozone-manager-1.4.0-SNAPSHOT.jar:?]
	at org.apache.hadoop.ozone.om.OzoneManager.getFileStatus(OzoneManager.java:3499) ~[ozone-manager-1.4.0-SNAPSHOT.jar:?]
	at org.apache.hadoop.ozone.protocolPB.OzoneManagerRequestHandler.getOzoneFileStatus(OzoneManagerRequestHandler.java:950) ~[ozone-manager-1.4.0-SNAPSHOT.jar:?]
	at org.apache.hadoop.ozone.protocolPB.OzoneManagerRequestHandler.handleReadRequest(OzoneManagerRequestHandler.java:245) ~[ozone-manager-1.4.0-SNAPSHOT.jar:?]
	at org.apache.hadoop.ozone.protocolPB.OzoneManagerProtocolServerSideTranslatorPB.submitReadRequestToOM(OzoneManagerProtocolServerSideTranslatorPB.java:223) ~[ozone-manager-1.4.0-SNAPSHOT.jar:?]
	at org.apache.hadoop.ozone.protocolPB.OzoneManagerProtocolServerSideTranslatorPB.processRequest(OzoneManagerProtocolServerSideTranslatorPB.java:177) ~[ozone-manager-1.4.0-SNAPSHOT.jar:?]
	at org.apache.hadoop.hdds.server.OzoneProtocolMessageDispatcher.processRequest(OzoneProtocolMessageDispatcher.java:87) [hdds-server-framework-1.4.0-SNAPSHOT.jar:?]
	at org.apache.hadoop.ozone.protocolPB.OzoneManagerProtocolServerSideTranslatorPB.submitRequest(OzoneManagerProtocolServerSideTranslatorPB.java:147) [ozone-manager-1.4.0-SNAPSHOT.jar:?]
	at org.apache.hadoop.ozone.protocol.proto.OzoneManagerProtocolProtos$OzoneManagerService$2.callBlockingMethod(OzoneManagerProtocolProtos.java) [ozone-interface-client-1.4.0-SNAPSHOT.jar:?]
	at org.apache.hadoop.ipc.ProtobufRpcEngine$Server.processCall(ProtobufRpcEngine.java:484) [hadoop-common-3.3.5.jar:?]
	at org.apache.hadoop.ipc.ProtobufRpcEngine2$Server$ProtoBufRpcInvoker.call(ProtobufRpcEngine2.java:595) [hadoop-common-3.3.5.jar:?]
	at org.apache.hadoop.ipc.ProtobufRpcEngine2$Server$ProtoBufRpcInvoker.call(ProtobufRpcEngine2.java:573) [hadoop-common-3.3.5.jar:?]
	at org.apache.hadoop.ipc.RPC$Server.call(RPC.java:1213) [hadoop-common-3.3.5.jar:?]
	at org.apache.hadoop.ipc.Server$RpcCall.run(Server.java:1089) [hadoop-common-3.3.5.jar:?]
	at org.apache.hadoop.ipc.Server$RpcCall.run(Server.java:1012) [hadoop-common-3.3.5.jar:?]
	at java.security.AccessController.doPrivileged(Native Method) ~[?:1.8.0_372]
	at javax.security.auth.Subject.doAs(Subject.java:422) [?:1.8.0_372]
	at org.apache.hadoop.security.UserGroupInformation.doAs(UserGroupInformation.java:1899) [hadoop-common-3.3.5.jar:?]
	at org.apache.hadoop.ipc.Server$Handler.run(Server.java:3026) [hadoop-common-3.3.5.jar:?]
21:35:46.736 [IPC Server handler 2 on default port 15004] ERROR OMAudit - user=runner | ip=127.0.0.1 | op=GET_FILE_STATUS {volume=volume67981, bucket=bucket69491, key=.Trash, dataSize=0, replicationConfig=null} | ret=FAILURE
org.apache.hadoop.ozone.om.exceptions.OMException: Unable to get file status: volume: volume67981 bucket: bucket69491 key: .Trash
	at org.apache.hadoop.ozone.om.KeyManagerImpl.getOzoneFileStatusFSO(KeyManagerImpl.java:1311) ~[ozone-manager-1.4.0-SNAPSHOT.jar:?]
	at org.apache.hadoop.ozone.om.KeyManagerImpl.getFileStatus(KeyManagerImpl.java:1102) ~[ozone-manager-1.4.0-SNAPSHOT.jar:?]
	at org.apache.hadoop.ozone.om.OmMetadataReader.getFileStatus(OmMetadataReader.java:286) ~[ozone-manager-1.4.0-SNAPSHOT.jar:?]
	at org.apache.hadoop.ozone.om.OzoneManager.getFileStatus(OzoneManager.java:3499) ~[ozone-manager-1.4.0-SNAPSHOT.jar:?]
	at org.apache.hadoop.ozone.protocolPB.OzoneManagerRequestHandler.getOzoneFileStatus(OzoneManagerRequestHandler.java:950) ~[ozone-manager-1.4.0-SNAPSHOT.jar:?]
	at org.apache.hadoop.ozone.protocolPB.OzoneManagerRequestHandler.handleReadRequest(OzoneManagerRequestHandler.java:245) ~[ozone-manager-1.4.0-SNAPSHOT.jar:?]
	at org.apache.hadoop.ozone.protocolPB.OzoneManagerProtocolServerSideTranslatorPB.submitReadRequestToOM(OzoneManagerProtocolServerSideTranslatorPB.java:223) ~[ozone-manager-1.4.0-SNAPSHOT.jar:?]
	at org.apache.hadoop.ozone.protocolPB.OzoneManagerProtocolServerSideTranslatorPB.processRequest(OzoneManagerProtocolServerSideTranslatorPB.java:177) ~[ozone-manager-1.4.0-SNAPSHOT.jar:?]
	at org.apache.hadoop.hdds.server.OzoneProtocolMessageDispatcher.processRequest(OzoneProtocolMessageDispatcher.java:87) [hdds-server-framework-1.4.0-SNAPSHOT.jar:?]
	at org.apache.hadoop.ozone.protocolPB.OzoneManagerProtocolServerSideTranslatorPB.submitRequest(OzoneManagerProtocolServerSideTranslatorPB.java:147) [ozone-manager-1.4.0-SNAPSHOT.jar:?]
	at org.apache.hadoop.ozone.protocol.proto.OzoneManagerProtocolProtos$OzoneManagerService$2.callBlockingMethod(OzoneManagerProtocolProtos.java) [ozone-interface-client-1.4.0-SNAPSHOT.jar:?]
	at org.apache.hadoop.ipc.ProtobufRpcEngine$Server.processCall(ProtobufRpcEngine.java:484) [hadoop-common-3.3.5.jar:?]
	at org.apache.hadoop.ipc.ProtobufRpcEngine2$Server$ProtoBufRpcInvoker.call(ProtobufRpcEngine2.java:595) [hadoop-common-3.3.5.jar:?]
	at org.apache.hadoop.ipc.ProtobufRpcEngine2$Server$ProtoBufRpcInvoker.call(ProtobufRpcEngine2.java:573) [hadoop-common-3.3.5.jar:?]
	at org.apache.hadoop.ipc.RPC$Server.call(RPC.java:1213) [hadoop-common-3.3.5.jar:?]
	at org.apache.hadoop.ipc.Server$RpcCall.run(Server.java:1089) [hadoop-common-3.3.5.jar:?]
	at org.apache.hadoop.ipc.Server$RpcCall.run(Server.java:1012) [hadoop-common-3.3.5.jar:?]
	at java.security.AccessController.doPrivileged(Native Method) ~[?:1.8.0_372]
	at javax.security.auth.Subject.doAs(Subject.java:422) [?:1.8.0_372]
	at org.apache.hadoop.security.UserGroupInformation.doAs(UserGroupInformation.java:1899) [hadoop-common-3.3.5.jar:?]
	at org.apache.hadoop.ipc.Server$Handler.run(Server.java:3026) [hadoop-common-3.3.5.jar:?]
21:35:46.739 [IPC Server handler 8 on default port 15004] ERROR OMAudit - user=runner | ip=127.0.0.1 | op=GET_FILE_STATUS {volume=volume89095, bucket=bucket82568, key=.Trash, dataSize=0, replicationConfig=null} | ret=FAILURE
org.apache.hadoop.ozone.om.exceptions.OMException: Unable to get file status: volume: volume89095 bucket: bucket82568 key: .Trash
	at org.apache.hadoop.ozone.om.KeyManagerImpl.getOzoneFileStatusFSO(KeyManagerImpl.java:1311) ~[ozone-manager-1.4.0-SNAPSHOT.jar:?]
	at org.apache.hadoop.ozone.om.KeyManagerImpl.getFileStatus(KeyManagerImpl.java:1102) ~[ozone-manager-1.4.0-SNAPSHOT.jar:?]
	at org.apache.hadoop.ozone.om.OmMetadataReader.getFileStatus(OmMetadataReader.java:286) ~[ozone-manager-1.4.0-SNAPSHOT.jar:?]
	at org.apache.hadoop.ozone.om.OzoneManager.getFileStatus(OzoneManager.java:3499) ~[ozone-manager-1.4.0-SNAPSHOT.jar:?]
	at org.apache.hadoop.ozone.protocolPB.OzoneManagerRequestHandler.getOzoneFileStatus(OzoneManagerRequestHandler.java:950) ~[ozone-manager-1.4.0-SNAPSHOT.jar:?]
	at org.apache.hadoop.ozone.protocolPB.OzoneManagerRequestHandler.handleReadRequest(OzoneManagerRequestHandler.java:245) ~[ozone-manager-1.4.0-SNAPSHOT.jar:?]
	at org.apache.hadoop.ozone.protocolPB.OzoneManagerProtocolServerSideTranslatorPB.submitReadRequestToOM(OzoneManagerProtocolServerSideTranslatorPB.java:223) ~[ozone-manager-1.4.0-SNAPSHOT.jar:?]
	at org.apache.hadoop.ozone.protocolPB.OzoneManagerProtocolServerSideTranslatorPB.processRequest(OzoneManagerProtocolServerSideTranslatorPB.java:177) ~[ozone-manager-1.4.0-SNAPSHOT.jar:?]
	at org.apache.hadoop.hdds.server.OzoneProtocolMessageDispatcher.processRequest(OzoneProtocolMessageDispatcher.java:87) [hdds-server-framework-1.4.0-SNAPSHOT.jar:?]
	at org.apache.hadoop.ozone.protocolPB.OzoneManagerProtocolServerSideTranslatorPB.submitRequest(OzoneManagerProtocolServerSideTranslatorPB.java:147) [ozone-manager-1.4.0-SNAPSHOT.jar:?]
	at org.apache.hadoop.ozone.protocol.proto.OzoneManagerProtocolProtos$OzoneManagerService$2.callBlockingMethod(OzoneManagerProtocolProtos.java) [ozone-interface-client-1.4.0-SNAPSHOT.jar:?]
	at org.apache.hadoop.ipc.ProtobufRpcEngine$Server.processCall(ProtobufRpcEngine.java:484) [hadoop-common-3.3.5.jar:?]
	at org.apache.hadoop.ipc.ProtobufRpcEngine2$Server$ProtoBufRpcInvoker.call(ProtobufRpcEngine2.java:595) [hadoop-common-3.3.5.jar:?]
	at org.apache.hadoop.ipc.ProtobufRpcEngine2$Server$ProtoBufRpcInvoker.call(ProtobufRpcEngine2.java:573) [hadoop-common-3.3.5.jar:?]
	at org.apache.hadoop.ipc.RPC$Server.call(RPC.java:1213) [hadoop-common-3.3.5.jar:?]
	at org.apache.hadoop.ipc.Server$RpcCall.run(Server.java:1089) [hadoop-common-3.3.5.jar:?]
	at org.apache.hadoop.ipc.Server$RpcCall.run(Server.java:1012) [hadoop-common-3.3.5.jar:?]
	at java.security.AccessController.doPrivileged(Native Method) ~[?:1.8.0_372]
	at javax.security.auth.Subject.doAs(Subject.java:422) [?:1.8.0_372]
	at org.apache.hadoop.security.UserGroupInformation.doAs(UserGroupInformation.java:1899) [hadoop-common-3.3.5.jar:?]
	at org.apache.hadoop.ipc.Server$Handler.run(Server.java:3026) [hadoop-common-3.3.5.jar:?]
21:35:46.746 [IPC Server handler 19 on default port 15004] ERROR OMAudit - user=runner | ip=127.0.0.1 | op=GET_FILE_STATUS {volume=volume-40960, bucket=bucket-06556, key=.Trash/runner, dataSize=0, replicationConfig=null} | ret=FAILURE
org.apache.hadoop.ozone.om.exceptions.OMException: Unable to get file status: volume: volume-40960 bucket: bucket-06556 key: .Trash/runner
	at org.apache.hadoop.ozone.om.KeyManagerImpl.getOzoneFileStatusFSO(KeyManagerImpl.java:1311) ~[ozone-manager-1.4.0-SNAPSHOT.jar:?]
	at org.apache.hadoop.ozone.om.KeyManagerImpl.getFileStatus(KeyManagerImpl.java:1102) ~[ozone-manager-1.4.0-SNAPSHOT.jar:?]
	at org.apache.hadoop.ozone.om.OmMetadataReader.getFileStatus(OmMetadataReader.java:286) ~[ozone-manager-1.4.0-SNAPSHOT.jar:?]
	at org.apache.hadoop.ozone.om.OzoneManager.getFileStatus(OzoneManager.java:3499) ~[ozone-manager-1.4.0-SNAPSHOT.jar:?]
	at org.apache.hadoop.ozone.protocolPB.OzoneManagerRequestHandler.getOzoneFileStatus(OzoneManagerRequestHandler.java:950) ~[ozone-manager-1.4.0-SNAPSHOT.jar:?]
	at org.apache.hadoop.ozone.protocolPB.OzoneManagerRequestHandler.handleReadRequest(OzoneManagerRequestHandler.java:245) ~[ozone-manager-1.4.0-SNAPSHOT.jar:?]
	at org.apache.hadoop.ozone.protocolPB.OzoneManagerProtocolServerSideTranslatorPB.submitReadRequestToOM(OzoneManagerProtocolServerSideTranslatorPB.java:223) ~[ozone-manager-1.4.0-SNAPSHOT.jar:?]
	at org.apache.hadoop.ozone.protocolPB.OzoneManagerProtocolServerSideTranslatorPB.processRequest(OzoneManagerProtocolServerSideTranslatorPB.java:177) ~[ozone-manager-1.4.0-SNAPSHOT.jar:?]
	at org.apache.hadoop.hdds.server.OzoneProtocolMessageDispatcher.processRequest(OzoneProtocolMessageDispatcher.java:87) [hdds-server-framework-1.4.0-SNAPSHOT.jar:?]
	at org.apache.hadoop.ozone.protocolPB.OzoneManagerProtocolServerSideTranslatorPB.submitRequest(OzoneManagerProtocolServerSideTranslatorPB.java:147) [ozone-manager-1.4.0-SNAPSHOT.jar:?]
	at org.apache.hadoop.ozone.protocol.proto.OzoneManagerProtocolProtos$OzoneManagerService$2.callBlockingMethod(OzoneManagerProtocolProtos.java) [ozone-interface-client-1.4.0-SNAPSHOT.jar:?]
	at org.apache.hadoop.ipc.ProtobufRpcEngine$Server.processCall(ProtobufRpcEngine.java:484) [hadoop-common-3.3.5.jar:?]
	at org.apache.hadoop.ipc.ProtobufRpcEngine2$Server$ProtoBufRpcInvoker.call(ProtobufRpcEngine2.java:595) [hadoop-common-3.3.5.jar:?]
	at org.apache.hadoop.ipc.ProtobufRpcEngine2$Server$ProtoBufRpcInvoker.call(ProtobufRpcEngine2.java:573) [hadoop-common-3.3.5.jar:?]
	at org.apache.hadoop.ipc.RPC$Server.call(RPC.java:1213) [hadoop-common-3.3.5.jar:?]
	at org.apache.hadoop.ipc.Server$RpcCall.run(Server.java:1089) [hadoop-common-3.3.5.jar:?]
	at org.apache.hadoop.ipc.Server$RpcCall.run(Server.java:1012) [hadoop-common-3.3.5.jar:?]
	at java.security.AccessController.doPrivileged(Native Method) ~[?:1.8.0_372]
	at javax.security.auth.Subject.doAs(Subject.java:422) [?:1.8.0_372]
	at org.apache.hadoop.security.UserGroupInformation.doAs(UserGroupInformation.java:1899) [hadoop-common-3.3.5.jar:?]
	at org.apache.hadoop.ipc.Server$Handler.run(Server.java:3026) [hadoop-common-3.3.5.jar:?]
21:35:46.750 [IPC Server handler 4 on default port 15004] ERROR OMAudit - user=runner | ip=127.0.0.1 | op=GET_FILE_STATUS {volume=volume-37019, bucket=bucket-46042, key=.Trash/runner, dataSize=0, replicationConfig=null} | ret=FAILURE
org.apache.hadoop.ozone.om.exceptions.OMException: Unable to get file status: volume: volume-37019 bucket: bucket-46042 key: .Trash/runner
	at org.apache.hadoop.ozone.om.KeyManagerImpl.getOzoneFileStatusFSO(KeyManagerImpl.java:1311) ~[ozone-manager-1.4.0-SNAPSHOT.jar:?]
	at org.apache.hadoop.ozone.om.KeyManagerImpl.getFileStatus(KeyManagerImpl.java:1102) ~[ozone-manager-1.4.0-SNAPSHOT.jar:?]
	at org.apache.hadoop.ozone.om.OmMetadataReader.getFileStatus(OmMetadataReader.java:286) ~[ozone-manager-1.4.0-SNAPSHOT.jar:?]
	at org.apache.hadoop.ozone.om.OzoneManager.getFileStatus(OzoneManager.java:3499) ~[ozone-manager-1.4.0-SNAPSHOT.jar:?]
	at org.apache.hadoop.ozone.protocolPB.OzoneManagerRequestHandler.getOzoneFileStatus(OzoneManagerRequestHandler.java:950) ~[ozone-manager-1.4.0-SNAPSHOT.jar:?]
	at org.apache.hadoop.ozone.protocolPB.OzoneManagerRequestHandler.handleReadRequest(OzoneManagerRequestHandler.java:245) ~[ozone-manager-1.4.0-SNAPSHOT.jar:?]
	at org.apache.hadoop.ozone.protocolPB.OzoneManagerProtocolServerSideTranslatorPB.submitReadRequestToOM(OzoneManagerProtocolServerSideTranslatorPB.java:223) ~[ozone-manager-1.4.0-SNAPSHOT.jar:?]
	at org.apache.hadoop.ozone.protocolPB.OzoneManagerProtocolServerSideTranslatorPB.processRequest(OzoneManagerProtocolServerSideTranslatorPB.java:177) ~[ozone-manager-1.4.0-SNAPSHOT.jar:?]
	at org.apache.hadoop.hdds.server.OzoneProtocolMessageDispatcher.processRequest(OzoneProtocolMessageDispatcher.java:87) [hdds-server-framework-1.4.0-SNAPSHOT.jar:?]
	at org.apache.hadoop.ozone.protocolPB.OzoneManagerProtocolServerSideTranslatorPB.submitRequest(OzoneManagerProtocolServerSideTranslatorPB.java:147) [ozone-manager-1.4.0-SNAPSHOT.jar:?]
	at org.apache.hadoop.ozone.protocol.proto.OzoneManagerProtocolProtos$OzoneManagerService$2.callBlockingMethod(OzoneManagerProtocolProtos.java) [ozone-interface-client-1.4.0-SNAPSHOT.jar:?]
	at org.apache.hadoop.ipc.ProtobufRpcEngine$Server.processCall(ProtobufRpcEngine.java:484) [hadoop-common-3.3.5.jar:?]
	at org.apache.hadoop.ipc.ProtobufRpcEngine2$Server$ProtoBufRpcInvoker.call(ProtobufRpcEngine2.java:595) [hadoop-common-3.3.5.jar:?]
	at org.apache.hadoop.ipc.ProtobufRpcEngine2$Server$ProtoBufRpcInvoker.call(ProtobufRpcEngine2.java:573) [hadoop-common-3.3.5.jar:?]
	at org.apache.hadoop.ipc.RPC$Server.call(RPC.java:1213) [hadoop-common-3.3.5.jar:?]
	at org.apache.hadoop.ipc.Server$RpcCall.run(Server.java:1089) [hadoop-common-3.3.5.jar:?]
	at org.apache.hadoop.ipc.Server$RpcCall.run(Server.java:1012) [hadoop-common-3.3.5.jar:?]
	at java.security.AccessController.doPrivileged(Native Method) ~[?:1.8.0_372]
	at javax.security.auth.Subject.doAs(Subject.java:422) [?:1.8.0_372]
	at org.apache.hadoop.security.UserGroupInformation.doAs(UserGroupInformation.java:1899) [hadoop-common-3.3.5.jar:?]
	at org.apache.hadoop.ipc.Server$Handler.run(Server.java:3026) [hadoop-common-3.3.5.jar:?]
21:35:46.756 [IPC Server handler 7 on default port 15004] ERROR OMAudit - user=runner | ip=127.0.0.1 | op=GET_FILE_STATUS {volume=volume-13413, bucket=bucket3, key=.Trash/runner, dataSize=0, replicationConfig=null} | ret=FAILURE
org.apache.hadoop.ozone.om.exceptions.OMException: Unable to get file status: volume: volume-13413 bucket: bucket3 key: .Trash/runner
	at org.apache.hadoop.ozone.om.KeyManagerImpl.getOzoneFileStatusFSO(KeyManagerImpl.java:1311) ~[ozone-manager-1.4.0-SNAPSHOT.jar:?]
	at org.apache.hadoop.ozone.om.KeyManagerImpl.getFileStatus(KeyManagerImpl.java:1102) ~[ozone-manager-1.4.0-SNAPSHOT.jar:?]
	at org.apache.hadoop.ozone.om.OmMetadataReader.getFileStatus(OmMetadataReader.java:286) ~[ozone-manager-1.4.0-SNAPSHOT.jar:?]
	at org.apache.hadoop.ozone.om.OzoneManager.getFileStatus(OzoneManager.java:3499) ~[ozone-manager-1.4.0-SNAPSHOT.jar:?]
	at org.apache.hadoop.ozone.protocolPB.OzoneManagerRequestHandler.getOzoneFileStatus(OzoneManagerRequestHandler.java:950) ~[ozone-manager-1.4.0-SNAPSHOT.jar:?]
	at org.apache.hadoop.ozone.protocolPB.OzoneManagerRequestHandler.handleReadRequest(OzoneManagerRequestHandler.java:245) ~[ozone-manager-1.4.0-SNAPSHOT.jar:?]
	at org.apache.hadoop.ozone.protocolPB.OzoneManagerProtocolServerSideTranslatorPB.submitReadRequestToOM(OzoneManagerProtocolServerSideTranslatorPB.java:223) ~[ozone-manager-1.4.0-SNAPSHOT.jar:?]
	at org.apache.hadoop.ozone.protocolPB.OzoneManagerProtocolServerSideTranslatorPB.processRequest(OzoneManagerProtocolServerSideTranslatorPB.java:177) ~[ozone-manager-1.4.0-SNAPSHOT.jar:?]
	at org.apache.hadoop.hdds.server.OzoneProtocolMessageDispatcher.processRequest(OzoneProtocolMessageDispatcher.java:87) [hdds-server-framework-1.4.0-SNAPSHOT.jar:?]
	at org.apache.hadoop.ozone.protocolPB.OzoneManagerProtocolServerSideTranslatorPB.submitRequest(OzoneManagerProtocolServerSideTranslatorPB.java:147) [ozone-manager-1.4.0-SNAPSHOT.jar:?]
	at org.apache.hadoop.ozone.protocol.proto.OzoneManagerProtocolProtos$OzoneManagerService$2.callBlockingMethod(OzoneManagerProtocolProtos.java) [ozone-interface-client-1.4.0-SNAPSHOT.jar:?]
	at org.apache.hadoop.ipc.ProtobufRpcEngine$Server.processCall(ProtobufRpcEngine.java:484) [hadoop-common-3.3.5.jar:?]
	at org.apache.hadoop.ipc.ProtobufRpcEngine2$Server$ProtoBufRpcInvoker.call(ProtobufRpcEngine2.java:595) [hadoop-common-3.3.5.jar:?]
	at org.apache.hadoop.ipc.ProtobufRpcEngine2$Server$ProtoBufRpcInvoker.call(ProtobufRpcEngine2.java:573) [hadoop-common-3.3.5.jar:?]
	at org.apache.hadoop.ipc.RPC$Server.call(RPC.java:1213) [hadoop-common-3.3.5.jar:?]
	at org.apache.hadoop.ipc.Server$RpcCall.run(Server.java:1089) [hadoop-common-3.3.5.jar:?]
	at org.apache.hadoop.ipc.Server$RpcCall.run(Server.java:1012) [hadoop-common-3.3.5.jar:?]
	at java.security.AccessController.doPrivileged(Native Method) ~[?:1.8.0_372]
	at javax.security.auth.Subject.doAs(Subject.java:422) [?:1.8.0_372]
	at org.apache.hadoop.security.UserGroupInformation.doAs(UserGroupInformation.java:1899) [hadoop-common-3.3.5.jar:?]
	at org.apache.hadoop.ipc.Server$Handler.run(Server.java:3026) [hadoop-common-3.3.5.jar:?]
21:35:46.770 [IPC Server handler 10 on default port 15004] ERROR OMAudit - user=runner | ip=127.0.0.1 | op=GET_FILE_STATUS {volume=c5114827-810a-46d6-b873-cfac3b5f6917, bucket=157b57d1-2b34-4b36-8944-9406453d8814, key=.Trash, dataSize=0, replicationConfig=null} | ret=FAILURE
org.apache.hadoop.ozone.om.exceptions.OMException: Unable to get file status: volume: c5114827-810a-46d6-b873-cfac3b5f6917 bucket: 157b57d1-2b34-4b36-8944-9406453d8814 key: .Trash
	at org.apache.hadoop.ozone.om.KeyManagerImpl.getOzoneFileStatus(KeyManagerImpl.java:1186) ~[ozone-manager-1.4.0-SNAPSHOT.jar:?]
	at org.apache.hadoop.ozone.om.KeyManagerImpl.getFileStatus(KeyManagerImpl.java:1104) ~[ozone-manager-1.4.0-SNAPSHOT.jar:?]
	at org.apache.hadoop.ozone.om.OmMetadataReader.getFileStatus(OmMetadataReader.java:286) ~[ozone-manager-1.4.0-SNAPSHOT.jar:?]
	at org.apache.hadoop.ozone.om.OzoneManager.getFileStatus(OzoneManager.java:3499) ~[ozone-manager-1.4.0-SNAPSHOT.jar:?]
	at org.apache.hadoop.ozone.protocolPB.OzoneManagerRequestHandler.getOzoneFileStatus(OzoneManagerRequestHandler.java:950) ~[ozone-manager-1.4.0-SNAPSHOT.jar:?]
	at org.apache.hadoop.ozone.protocolPB.OzoneManagerRequestHandler.handleReadRequest(OzoneManagerRequestHandler.java:245) ~[ozone-manager-1.4.0-SNAPSHOT.jar:?]
	at org.apache.hadoop.ozone.protocolPB.OzoneManagerProtocolServerSideTranslatorPB.submitReadRequestToOM(OzoneManagerProtocolServerSideTranslatorPB.java:223) ~[ozone-manager-1.4.0-SNAPSHOT.jar:?]
	at org.apache.hadoop.ozone.protocolPB.OzoneManagerProtocolServerSideTranslatorPB.processRequest(OzoneManagerProtocolServerSideTranslatorPB.java:177) ~[ozone-manager-1.4.0-SNAPSHOT.jar:?]
	at org.apache.hadoop.hdds.server.OzoneProtocolMessageDispatcher.processRequest(OzoneProtocolMessageDispatcher.java:87) [hdds-server-framework-1.4.0-SNAPSHOT.jar:?]
	at org.apache.hadoop.ozone.protocolPB.OzoneManagerProtocolServerSideTranslatorPB.submitRequest(OzoneManagerProtocolServerSideTranslatorPB.java:147) [ozone-manager-1.4.0-SNAPSHOT.jar:?]
	at org.apache.hadoop.ozone.protocol.proto.OzoneManagerProtocolProtos$OzoneManagerService$2.callBlockingMethod(OzoneManagerProtocolProtos.java) [ozone-interface-client-1.4.0-SNAPSHOT.jar:?]
	at org.apache.hadoop.ipc.ProtobufRpcEngine$Server.processCall(ProtobufRpcEngine.java:484) [hadoop-common-3.3.5.jar:?]
	at org.apache.hadoop.ipc.ProtobufRpcEngine2$Server$ProtoBufRpcInvoker.call(ProtobufRpcEngine2.java:595) [hadoop-common-3.3.5.jar:?]
	at org.apache.hadoop.ipc.ProtobufRpcEngine2$Server$ProtoBufRpcInvoker.call(ProtobufRpcEngine2.java:573) [hadoop-common-3.3.5.jar:?]
	at org.apache.hadoop.ipc.RPC$Server.call(RPC.java:1213) [hadoop-common-3.3.5.jar:?]
	at org.apache.hadoop.ipc.Server$RpcCall.run(Server.java:1089) [hadoop-common-3.3.5.jar:?]
	at org.apache.hadoop.ipc.Server$RpcCall.run(Server.java:1012) [hadoop-common-3.3.5.jar:?]
	at java.security.AccessController.doPrivileged(Native Method) ~[?:1.8.0_372]
	at javax.security.auth.Subject.doAs(Subject.java:422) [?:1.8.0_372]
	at org.apache.hadoop.security.UserGroupInformation.doAs(UserGroupInformation.java:1899) [hadoop-common-3.3.5.jar:?]
	at org.apache.hadoop.ipc.Server$Handler.run(Server.java:3026) [hadoop-common-3.3.5.jar:?]
21:35:46.774 [IPC Server handler 2 on default port 15004] ERROR OMAudit - user=runner | ip=127.0.0.1 | op=GET_FILE_STATUS {volume=volume-13413, bucket=bucket3, key=.Trash, dataSize=0, replicationConfig=null} | ret=FAILURE
org.apache.hadoop.ozone.om.exceptions.OMException: Unable to get file status: volume: volume-13413 bucket: bucket3 key: .Trash
	at org.apache.hadoop.ozone.om.KeyManagerImpl.getOzoneFileStatusFSO(KeyManagerImpl.java:1311) ~[ozone-manager-1.4.0-SNAPSHOT.jar:?]
	at org.apache.hadoop.ozone.om.KeyManagerImpl.getFileStatus(KeyManagerImpl.java:1102) ~[ozone-manager-1.4.0-SNAPSHOT.jar:?]
	at org.apache.hadoop.ozone.om.OmMetadataReader.getFileStatus(OmMetadataReader.java:286) ~[ozone-manager-1.4.0-SNAPSHOT.jar:?]
	at org.apache.hadoop.ozone.om.OzoneManager.getFileStatus(OzoneManager.java:3499) ~[ozone-manager-1.4.0-SNAPSHOT.jar:?]
	at org.apache.hadoop.ozone.protocolPB.OzoneManagerRequestHandler.getOzoneFileStatus(OzoneManagerRequestHandler.java:950) ~[ozone-manager-1.4.0-SNAPSHOT.jar:?]
	at org.apache.hadoop.ozone.protocolPB.OzoneManagerRequestHandler.handleReadRequest(OzoneManagerRequestHandler.java:245) ~[ozone-manager-1.4.0-SNAPSHOT.jar:?]
	at org.apache.hadoop.ozone.protocolPB.OzoneManagerProtocolServerSideTranslatorPB.submitReadRequestToOM(OzoneManagerProtocolServerSideTranslatorPB.java:223) ~[ozone-manager-1.4.0-SNAPSHOT.jar:?]
	at org.apache.hadoop.ozone.protocolPB.OzoneManagerProtocolServerSideTranslatorPB.processRequest(OzoneManagerProtocolServerSideTranslatorPB.java:177) ~[ozone-manager-1.4.0-SNAPSHOT.jar:?]
	at org.apache.hadoop.hdds.server.OzoneProtocolMessageDispatcher.processRequest(OzoneProtocolMessageDispatcher.java:87) [hdds-server-framework-1.4.0-SNAPSHOT.jar:?]
	at org.apache.hadoop.ozone.protocolPB.OzoneManagerProtocolServerSideTranslatorPB.submitRequest(OzoneManagerProtocolServerSideTranslatorPB.java:147) [ozone-manager-1.4.0-SNAPSHOT.jar:?]
	at org.apache.hadoop.ozone.protocol.proto.OzoneManagerProtocolProtos$OzoneManagerService$2.callBlockingMethod(OzoneManagerProtocolProtos.java) [ozone-interface-client-1.4.0-SNAPSHOT.jar:?]
	at org.apache.hadoop.ipc.ProtobufRpcEngine$Server.processCall(ProtobufRpcEngine.java:484) [hadoop-common-3.3.5.jar:?]
	at org.apache.hadoop.ipc.ProtobufRpcEngine2$Server$ProtoBufRpcInvoker.call(ProtobufRpcEngine2.java:595) [hadoop-common-3.3.5.jar:?]
	at org.apache.hadoop.ipc.ProtobufRpcEngine2$Server$ProtoBufRpcInvoker.call(ProtobufRpcEngine2.java:573) [hadoop-common-3.3.5.jar:?]
	at org.apache.hadoop.ipc.RPC$Server.call(RPC.java:1213) [hadoop-common-3.3.5.jar:?]
	at org.apache.hadoop.ipc.Server$RpcCall.run(Server.java:1089) [hadoop-common-3.3.5.jar:?]
	at org.apache.hadoop.ipc.Server$RpcCall.run(Server.java:1012) [hadoop-common-3.3.5.jar:?]
	at java.security.AccessController.doPrivileged(Native Method) ~[?:1.8.0_372]
	at javax.security.auth.Subject.doAs(Subject.java:422) [?:1.8.0_372]
	at org.apache.hadoop.security.UserGroupInformation.doAs(UserGroupInformation.java:1899) [hadoop-common-3.3.5.jar:?]
	at org.apache.hadoop.ipc.Server$Handler.run(Server.java:3026) [hadoop-common-3.3.5.jar:?]
21:35:46.777 [IPC Server handler 8 on default port 15004] ERROR OMAudit - user=runner | ip=127.0.0.1 | op=GET_FILE_STATUS {volume=volume-37019, bucket=bucket-46042, key=.Trash, dataSize=0, replicationConfig=null} | ret=FAILURE
org.apache.hadoop.ozone.om.exceptions.OMException: Unable to get file status: volume: volume-37019 bucket: bucket-46042 key: .Trash
	at org.apache.hadoop.ozone.om.KeyManagerImpl.getOzoneFileStatusFSO(KeyManagerImpl.java:1311) ~[ozone-manager-1.4.0-SNAPSHOT.jar:?]
	at org.apache.hadoop.ozone.om.KeyManagerImpl.getFileStatus(KeyManagerImpl.java:1102) ~[ozone-manager-1.4.0-SNAPSHOT.jar:?]
	at org.apache.hadoop.ozone.om.OmMetadataReader.getFileStatus(OmMetadataReader.java:286) ~[ozone-manager-1.4.0-SNAPSHOT.jar:?]
	at org.apache.hadoop.ozone.om.OzoneManager.getFileStatus(OzoneManager.java:3499) ~[ozone-manager-1.4.0-SNAPSHOT.jar:?]
	at org.apache.hadoop.ozone.protocolPB.OzoneManagerRequestHandler.getOzoneFileStatus(OzoneManagerRequestHandler.java:950) ~[ozone-manager-1.4.0-SNAPSHOT.jar:?]
	at org.apache.hadoop.ozone.protocolPB.OzoneManagerRequestHandler.handleReadRequest(OzoneManagerRequestHandler.java:245) ~[ozone-manager-1.4.0-SNAPSHOT.jar:?]
	at org.apache.hadoop.ozone.protocolPB.OzoneManagerProtocolServerSideTranslatorPB.submitReadRequestToOM(OzoneManagerProtocolServerSideTranslatorPB.java:223) ~[ozone-manager-1.4.0-SNAPSHOT.jar:?]
	at org.apache.hadoop.ozone.protocolPB.OzoneManagerProtocolServerSideTranslatorPB.processRequest(OzoneManagerProtocolServerSideTranslatorPB.java:177) ~[ozone-manager-1.4.0-SNAPSHOT.jar:?]
	at org.apache.hadoop.hdds.server.OzoneProtocolMessageDispatcher.processRequest(OzoneProtocolMessageDispatcher.java:87) [hdds-server-framework-1.4.0-SNAPSHOT.jar:?]
	at org.apache.hadoop.ozone.protocolPB.OzoneManagerProtocolServerSideTranslatorPB.submitRequest(OzoneManagerProtocolServerSideTranslatorPB.java:147) [ozone-manager-1.4.0-SNAPSHOT.jar:?]
	at org.apache.hadoop.ozone.protocol.proto.OzoneManagerProtocolProtos$OzoneManagerService$2.callBlockingMethod(OzoneManagerProtocolProtos.java) [ozone-interface-client-1.4.0-SNAPSHOT.jar:?]
	at org.apache.hadoop.ipc.ProtobufRpcEngine$Server.processCall(ProtobufRpcEngine.java:484) [hadoop-common-3.3.5.jar:?]
	at org.apache.hadoop.ipc.ProtobufRpcEngine2$Server$ProtoBufRpcInvoker.call(ProtobufRpcEngine2.java:595) [hadoop-common-3.3.5.jar:?]
	at org.apache.hadoop.ipc.ProtobufRpcEngine2$Server$ProtoBufRpcInvoker.call(ProtobufRpcEngine2.java:573) [hadoop-common-3.3.5.jar:?]
	at org.apache.hadoop.ipc.RPC$Server.call(RPC.java:1213) [hadoop-common-3.3.5.jar:?]
	at org.apache.hadoop.ipc.Server$RpcCall.run(Server.java:1089) [hadoop-common-3.3.5.jar:?]
	at org.apache.hadoop.ipc.Server$RpcCall.run(Server.java:1012) [hadoop-common-3.3.5.jar:?]
	at java.security.AccessController.doPrivileged(Native Method) ~[?:1.8.0_372]
	at javax.security.auth.Subject.doAs(Subject.java:422) [?:1.8.0_372]
	at org.apache.hadoop.security.UserGroupInformation.doAs(UserGroupInformation.java:1899) [hadoop-common-3.3.5.jar:?]
	at org.apache.hadoop.ipc.Server$Handler.run(Server.java:3026) [hadoop-common-3.3.5.jar:?]
21:35:46.782 [IPC Server handler 15 on default port 15004] ERROR OMAudit - user=runner | ip=127.0.0.1 | op=GET_FILE_STATUS {volume=volume-40960, bucket=bucket-06556, key=.Trash, dataSize=0, replicationConfig=null} | ret=FAILURE
org.apache.hadoop.ozone.om.exceptions.OMException: Unable to get file status: volume: volume-40960 bucket: bucket-06556 key: .Trash
	at org.apache.hadoop.ozone.om.KeyManagerImpl.getOzoneFileStatusFSO(KeyManagerImpl.java:1311) ~[ozone-manager-1.4.0-SNAPSHOT.jar:?]
	at org.apache.hadoop.ozone.om.KeyManagerImpl.getFileStatus(KeyManagerImpl.java:1102) ~[ozone-manager-1.4.0-SNAPSHOT.jar:?]
	at org.apache.hadoop.ozone.om.OmMetadataReader.getFileStatus(OmMetadataReader.java:286) ~[ozone-manager-1.4.0-SNAPSHOT.jar:?]
	at org.apache.hadoop.ozone.om.OzoneManager.getFileStatus(OzoneManager.java:3499) ~[ozone-manager-1.4.0-SNAPSHOT.jar:?]
	at org.apache.hadoop.ozone.protocolPB.OzoneManagerRequestHandler.getOzoneFileStatus(OzoneManagerRequestHandler.java:950) ~[ozone-manager-1.4.0-SNAPSHOT.jar:?]
	at org.apache.hadoop.ozone.protocolPB.OzoneManagerRequestHandler.handleReadRequest(OzoneManagerRequestHandler.java:245) ~[ozone-manager-1.4.0-SNAPSHOT.jar:?]
	at org.apache.hadoop.ozone.protocolPB.OzoneManagerProtocolServerSideTranslatorPB.submitReadRequestToOM(OzoneManagerProtocolServerSideTranslatorPB.java:223) ~[ozone-manager-1.4.0-SNAPSHOT.jar:?]
	at org.apache.hadoop.ozone.protocolPB.OzoneManagerProtocolServerSideTranslatorPB.processRequest(OzoneManagerProtocolServerSideTranslatorPB.java:177) ~[ozone-manager-1.4.0-SNAPSHOT.jar:?]
	at org.apache.hadoop.hdds.server.OzoneProtocolMessageDispatcher.processRequest(OzoneProtocolMessageDispatcher.java:87) [hdds-server-framework-1.4.0-SNAPSHOT.jar:?]
	at org.apache.hadoop.ozone.protocolPB.OzoneManagerProtocolServerSideTranslatorPB.submitRequest(OzoneManagerProtocolServerSideTranslatorPB.java:147) [ozone-manager-1.4.0-SNAPSHOT.jar:?]
	at org.apache.hadoop.ozone.protocol.proto.OzoneManagerProtocolProtos$OzoneManagerService$2.callBlockingMethod(OzoneManagerProtocolProtos.java) [ozone-interface-client-1.4.0-SNAPSHOT.jar:?]
	at org.apache.hadoop.ipc.ProtobufRpcEngine$Server.processCall(ProtobufRpcEngine.java:484) [hadoop-common-3.3.5.jar:?]
	at org.apache.hadoop.ipc.ProtobufRpcEngine2$Server$ProtoBufRpcInvoker.call(ProtobufRpcEngine2.java:595) [hadoop-common-3.3.5.jar:?]
	at org.apache.hadoop.ipc.ProtobufRpcEngine2$Server$ProtoBufRpcInvoker.call(ProtobufRpcEngine2.java:573) [hadoop-common-3.3.5.jar:?]
	at org.apache.hadoop.ipc.RPC$Server.call(RPC.java:1213) [hadoop-common-3.3.5.jar:?]
	at org.apache.hadoop.ipc.Server$RpcCall.run(Server.java:1089) [hadoop-common-3.3.5.jar:?]
	at org.apache.hadoop.ipc.Server$RpcCall.run(Server.java:1012) [hadoop-common-3.3.5.jar:?]
	at java.security.AccessController.doPrivileged(Native Method) ~[?:1.8.0_372]
	at javax.security.auth.Subject.doAs(Subject.java:422) [?:1.8.0_372]
	at org.apache.hadoop.security.UserGroupInformation.doAs(UserGroupInformation.java:1899) [hadoop-common-3.3.5.jar:?]
	at org.apache.hadoop.ipc.Server$Handler.run(Server.java:3026) [hadoop-common-3.3.5.jar:?]
21:35:46.785 [IPC Server handler 19 on default port 15004] ERROR OMAudit - user=runner | ip=127.0.0.1 | op=GET_FILE_STATUS {volume=volume67981, bucket=bucket69491, key=.Trash, dataSize=0, replicationConfig=null} | ret=FAILURE
org.apache.hadoop.ozone.om.exceptions.OMException: Unable to get file status: volume: volume67981 bucket: bucket69491 key: .Trash
	at org.apache.hadoop.ozone.om.KeyManagerImpl.getOzoneFileStatusFSO(KeyManagerImpl.java:1311) ~[ozone-manager-1.4.0-SNAPSHOT.jar:?]
	at org.apache.hadoop.ozone.om.KeyManagerImpl.getFileStatus(KeyManagerImpl.java:1102) ~[ozone-manager-1.4.0-SNAPSHOT.jar:?]
	at org.apache.hadoop.ozone.om.OmMetadataReader.getFileStatus(OmMetadataReader.java:286) ~[ozone-manager-1.4.0-SNAPSHOT.jar:?]
	at org.apache.hadoop.ozone.om.OzoneManager.getFileStatus(OzoneManager.java:3499) ~[ozone-manager-1.4.0-SNAPSHOT.jar:?]
	at org.apache.hadoop.ozone.protocolPB.OzoneManagerRequestHandler.getOzoneFileStatus(OzoneManagerRequestHandler.java:950) ~[ozone-manager-1.4.0-SNAPSHOT.jar:?]
	at org.apache.hadoop.ozone.protocolPB.OzoneManagerRequestHandler.handleReadRequest(OzoneManagerRequestHandler.java:245) ~[ozone-manager-1.4.0-SNAPSHOT.jar:?]
	at org.apache.hadoop.ozone.protocolPB.OzoneManagerProtocolServerSideTranslatorPB.submitReadRequestToOM(OzoneManagerProtocolServerSideTranslatorPB.java:223) ~[ozone-manager-1.4.0-SNAPSHOT.jar:?]
	at org.apache.hadoop.ozone.protocolPB.OzoneManagerProtocolServerSideTranslatorPB.processRequest(OzoneManagerProtocolServerSideTranslatorPB.java:177) ~[ozone-manager-1.4.0-SNAPSHOT.jar:?]
	at org.apache.hadoop.hdds.server.OzoneProtocolMessageDispatcher.processRequest(OzoneProtocolMessageDispatcher.java:87) [hdds-server-framework-1.4.0-SNAPSHOT.jar:?]
	at org.apache.hadoop.ozone.protocolPB.OzoneManagerProtocolServerSideTranslatorPB.submitRequest(OzoneManagerProtocolServerSideTranslatorPB.java:147) [ozone-manager-1.4.0-SNAPSHOT.jar:?]
	at org.apache.hadoop.ozone.protocol.proto.OzoneManagerProtocolProtos$OzoneManagerService$2.callBlockingMethod(OzoneManagerProtocolProtos.java) [ozone-interface-client-1.4.0-SNAPSHOT.jar:?]
	at org.apache.hadoop.ipc.ProtobufRpcEngine$Server.processCall(ProtobufRpcEngine.java:484) [hadoop-common-3.3.5.jar:?]
	at org.apache.hadoop.ipc.ProtobufRpcEngine2$Server$ProtoBufRpcInvoker.call(ProtobufRpcEngine2.java:595) [hadoop-common-3.3.5.jar:?]
	at org.apache.hadoop.ipc.ProtobufRpcEngine2$Server$ProtoBufRpcInvoker.call(ProtobufRpcEngine2.java:573) [hadoop-common-3.3.5.jar:?]
	at org.apache.hadoop.ipc.RPC$Server.call(RPC.java:1213) [hadoop-common-3.3.5.jar:?]
	at org.apache.hadoop.ipc.Server$RpcCall.run(Server.java:1089) [hadoop-common-3.3.5.jar:?]
	at org.apache.hadoop.ipc.Server$RpcCall.run(Server.java:1012) [hadoop-common-3.3.5.jar:?]
	at java.security.AccessController.doPrivileged(Native Method) ~[?:1.8.0_372]
	at javax.security.auth.Subject.doAs(Subject.java:422) [?:1.8.0_372]
	at org.apache.hadoop.security.UserGroupInformation.doAs(UserGroupInformation.java:1899) [hadoop-common-3.3.5.jar:?]
	at org.apache.hadoop.ipc.Server$Handler.run(Server.java:3026) [hadoop-common-3.3.5.jar:?]
21:35:46.800 [IPC Server handler 15 on default port 15004] ERROR OMAudit - user=runner | ip=127.0.0.1 | op=GET_FILE_STATUS {volume=volume-40960, bucket=bucket-06556, key=.Trash/runner, dataSize=0, replicationConfig=null} | ret=FAILURE
org.apache.hadoop.ozone.om.exceptions.OMException: Unable to get file status: volume: volume-40960 bucket: bucket-06556 key: .Trash/runner
	at org.apache.hadoop.ozone.om.KeyManagerImpl.getOzoneFileStatusFSO(KeyManagerImpl.java:1311) ~[ozone-manager-1.4.0-SNAPSHOT.jar:?]
	at org.apache.hadoop.ozone.om.KeyManagerImpl.getFileStatus(KeyManagerImpl.java:1102) ~[ozone-manager-1.4.0-SNAPSHOT.jar:?]
	at org.apache.hadoop.ozone.om.OmMetadataReader.getFileStatus(OmMetadataReader.java:286) ~[ozone-manager-1.4.0-SNAPSHOT.jar:?]
	at org.apache.hadoop.ozone.om.OzoneManager.getFileStatus(OzoneManager.java:3499) ~[ozone-manager-1.4.0-SNAPSHOT.jar:?]
	at org.apache.hadoop.ozone.protocolPB.OzoneManagerRequestHandler.getOzoneFileStatus(OzoneManagerRequestHandler.java:950) ~[ozone-manager-1.4.0-SNAPSHOT.jar:?]
	at org.apache.hadoop.ozone.protocolPB.OzoneManagerRequestHandler.handleReadRequest(OzoneManagerRequestHandler.java:245) ~[ozone-manager-1.4.0-SNAPSHOT.jar:?]
	at org.apache.hadoop.ozone.protocolPB.OzoneManagerProtocolServerSideTranslatorPB.submitReadRequestToOM(OzoneManagerProtocolServerSideTranslatorPB.java:223) ~[ozone-manager-1.4.0-SNAPSHOT.jar:?]
	at org.apache.hadoop.ozone.protocolPB.OzoneManagerProtocolServerSideTranslatorPB.processRequest(OzoneManagerProtocolServerSideTranslatorPB.java:177) ~[ozone-manager-1.4.0-SNAPSHOT.jar:?]
	at org.apache.hadoop.hdds.server.OzoneProtocolMessageDispatcher.processRequest(OzoneProtocolMessageDispatcher.java:87) [hdds-server-framework-1.4.0-SNAPSHOT.jar:?]
	at org.apache.hadoop.ozone.protocolPB.OzoneManagerProtocolServerSideTranslatorPB.submitRequest(OzoneManagerProtocolServerSideTranslatorPB.java:147) [ozone-manager-1.4.0-SNAPSHOT.jar:?]
	at org.apache.hadoop.ozone.protocol.proto.OzoneManagerProtocolProtos$OzoneManagerService$2.callBlockingMethod(OzoneManagerProtocolProtos.java) [ozone-interface-client-1.4.0-SNAPSHOT.jar:?]
	at org.apache.hadoop.ipc.ProtobufRpcEngine$Server.processCall(ProtobufRpcEngine.java:484) [hadoop-common-3.3.5.jar:?]
	at org.apache.hadoop.ipc.ProtobufRpcEngine2$Server$ProtoBufRpcInvoker.call(ProtobufRpcEngine2.java:595) [hadoop-common-3.3.5.jar:?]
	at org.apache.hadoop.ipc.ProtobufRpcEngine2$Server$ProtoBufRpcInvoker.call(ProtobufRpcEngine2.java:573) [hadoop-common-3.3.5.jar:?]
	at org.apache.hadoop.ipc.RPC$Server.call(RPC.java:1213) [hadoop-common-3.3.5.jar:?]
	at org.apache.hadoop.ipc.Server$RpcCall.run(Server.java:1089) [hadoop-common-3.3.5.jar:?]
	at org.apache.hadoop.ipc.Server$RpcCall.run(Server.java:1012) [hadoop-common-3.3.5.jar:?]
	at java.security.AccessController.doPrivileged(Native Method) ~[?:1.8.0_372]
	at javax.security.auth.Subject.doAs(Subject.java:422) [?:1.8.0_372]
	at org.apache.hadoop.security.UserGroupInformation.doAs(UserGroupInformation.java:1899) [hadoop-common-3.3.5.jar:?]
	at org.apache.hadoop.ipc.Server$Handler.run(Server.java:3026) [hadoop-common-3.3.5.jar:?]
21:35:46.803 [IPC Server handler 5 on default port 15004] ERROR OMAudit - user=runner | ip=127.0.0.1 | op=GET_FILE_STATUS {volume=volume-37019, bucket=bucket-46042, key=.Trash/runner, dataSize=0, replicationConfig=null} | ret=FAILURE
org.apache.hadoop.ozone.om.exceptions.OMException: Unable to get file status: volume: volume-37019 bucket: bucket-46042 key: .Trash/runner
	at org.apache.hadoop.ozone.om.KeyManagerImpl.getOzoneFileStatusFSO(KeyManagerImpl.java:1311) ~[ozone-manager-1.4.0-SNAPSHOT.jar:?]
	at org.apache.hadoop.ozone.om.KeyManagerImpl.getFileStatus(KeyManagerImpl.java:1102) ~[ozone-manager-1.4.0-SNAPSHOT.jar:?]
	at org.apache.hadoop.ozone.om.OmMetadataReader.getFileStatus(OmMetadataReader.java:286) ~[ozone-manager-1.4.0-SNAPSHOT.jar:?]
	at org.apache.hadoop.ozone.om.OzoneManager.getFileStatus(OzoneManager.java:3499) ~[ozone-manager-1.4.0-SNAPSHOT.jar:?]
	at org.apache.hadoop.ozone.protocolPB.OzoneManagerRequestHandler.getOzoneFileStatus(OzoneManagerRequestHandler.java:950) ~[ozone-manager-1.4.0-SNAPSHOT.jar:?]
	at org.apache.hadoop.ozone.protocolPB.OzoneManagerRequestHandler.handleReadRequest(OzoneManagerRequestHandler.java:245) ~[ozone-manager-1.4.0-SNAPSHOT.jar:?]
	at org.apache.hadoop.ozone.protocolPB.OzoneManagerProtocolServerSideTranslatorPB.submitReadRequestToOM(OzoneManagerProtocolServerSideTranslatorPB.java:223) ~[ozone-manager-1.4.0-SNAPSHOT.jar:?]
	at org.apache.hadoop.ozone.protocolPB.OzoneManagerProtocolServerSideTranslatorPB.processRequest(OzoneManagerProtocolServerSideTranslatorPB.java:177) ~[ozone-manager-1.4.0-SNAPSHOT.jar:?]
	at org.apache.hadoop.hdds.server.OzoneProtocolMessageDispatcher.processRequest(OzoneProtocolMessageDispatcher.java:87) [hdds-server-framework-1.4.0-SNAPSHOT.jar:?]
	at org.apache.hadoop.ozone.protocolPB.OzoneManagerProtocolServerSideTranslatorPB.submitRequest(OzoneManagerProtocolServerSideTranslatorPB.java:147) [ozone-manager-1.4.0-SNAPSHOT.jar:?]
	at org.apache.hadoop.ozone.protocol.proto.OzoneManagerProtocolProtos$OzoneManagerService$2.callBlockingMethod(OzoneManagerProtocolProtos.java) [ozone-interface-client-1.4.0-SNAPSHOT.jar:?]
	at org.apache.hadoop.ipc.ProtobufRpcEngine$Server.processCall(ProtobufRpcEngine.java:484) [hadoop-common-3.3.5.jar:?]
	at org.apache.hadoop.ipc.ProtobufRpcEngine2$Server$ProtoBufRpcInvoker.call(ProtobufRpcEngine2.java:595) [hadoop-common-3.3.5.jar:?]
	at org.apache.hadoop.ipc.ProtobufRpcEngine2$Server$ProtoBufRpcInvoker.call(ProtobufRpcEngine2.java:573) [hadoop-common-3.3.5.jar:?]
	at org.apache.hadoop.ipc.RPC$Server.call(RPC.java:1213) [hadoop-common-3.3.5.jar:?]
	at org.apache.hadoop.ipc.Server$RpcCall.run(Server.java:1089) [hadoop-common-3.3.5.jar:?]
	at org.apache.hadoop.ipc.Server$RpcCall.run(Server.java:1012) [hadoop-common-3.3.5.jar:?]
	at java.security.AccessController.doPrivileged(Native Method) ~[?:1.8.0_372]
	at javax.security.auth.Subject.doAs(Subject.java:422) [?:1.8.0_372]
	at org.apache.hadoop.security.UserGroupInformation.doAs(UserGroupInformation.java:1899) [hadoop-common-3.3.5.jar:?]
	at org.apache.hadoop.ipc.Server$Handler.run(Server.java:3026) [hadoop-common-3.3.5.jar:?]
21:35:46.806 [IPC Server handler 4 on default port 15004] ERROR OMAudit - user=runner | ip=127.0.0.1 | op=GET_FILE_STATUS {volume=volume-13413, bucket=bucket3, key=.Trash/runner, dataSize=0, replicationConfig=null} | ret=FAILURE
org.apache.hadoop.ozone.om.exceptions.OMException: Unable to get file status: volume: volume-13413 bucket: bucket3 key: .Trash/runner
	at org.apache.hadoop.ozone.om.KeyManagerImpl.getOzoneFileStatusFSO(KeyManagerImpl.java:1311) ~[ozone-manager-1.4.0-SNAPSHOT.jar:?]
	at org.apache.hadoop.ozone.om.KeyManagerImpl.getFileStatus(KeyManagerImpl.java:1102) ~[ozone-manager-1.4.0-SNAPSHOT.jar:?]
	at org.apache.hadoop.ozone.om.OmMetadataReader.getFileStatus(OmMetadataReader.java:286) ~[ozone-manager-1.4.0-SNAPSHOT.jar:?]
	at org.apache.hadoop.ozone.om.OzoneManager.getFileStatus(OzoneManager.java:3499) ~[ozone-manager-1.4.0-SNAPSHOT.jar:?]
	at org.apache.hadoop.ozone.protocolPB.OzoneManagerRequestHandler.getOzoneFileStatus(OzoneManagerRequestHandler.java:950) ~[ozone-manager-1.4.0-SNAPSHOT.jar:?]
	at org.apache.hadoop.ozone.protocolPB.OzoneManagerRequestHandler.handleReadRequest(OzoneManagerRequestHandler.java:245) ~[ozone-manager-1.4.0-SNAPSHOT.jar:?]
	at org.apache.hadoop.ozone.protocolPB.OzoneManagerProtocolServerSideTranslatorPB.submitReadRequestToOM(OzoneManagerProtocolServerSideTranslatorPB.java:223) ~[ozone-manager-1.4.0-SNAPSHOT.jar:?]
	at org.apache.hadoop.ozone.protocolPB.OzoneManagerProtocolServerSideTranslatorPB.processRequest(OzoneManagerProtocolServerSideTranslatorPB.java:177) ~[ozone-manager-1.4.0-SNAPSHOT.jar:?]
	at org.apache.hadoop.hdds.server.OzoneProtocolMessageDispatcher.processRequest(OzoneProtocolMessageDispatcher.java:87) [hdds-server-framework-1.4.0-SNAPSHOT.jar:?]
	at org.apache.hadoop.ozone.protocolPB.OzoneManagerProtocolServerSideTranslatorPB.submitRequest(OzoneManagerProtocolServerSideTranslatorPB.java:147) [ozone-manager-1.4.0-SNAPSHOT.jar:?]
	at org.apache.hadoop.ozone.protocol.proto.OzoneManagerProtocolProtos$OzoneManagerService$2.callBlockingMethod(OzoneManagerProtocolProtos.java) [ozone-interface-client-1.4.0-SNAPSHOT.jar:?]
	at org.apache.hadoop.ipc.ProtobufRpcEngine$Server.processCall(ProtobufRpcEngine.java:484) [hadoop-common-3.3.5.jar:?]
	at org.apache.hadoop.ipc.ProtobufRpcEngine2$Server$ProtoBufRpcInvoker.call(ProtobufRpcEngine2.java:595) [hadoop-common-3.3.5.jar:?]
	at org.apache.hadoop.ipc.ProtobufRpcEngine2$Server$ProtoBufRpcInvoker.call(ProtobufRpcEngine2.java:573) [hadoop-common-3.3.5.jar:?]
	at org.apache.hadoop.ipc.RPC$Server.call(RPC.java:1213) [hadoop-common-3.3.5.jar:?]
	at org.apache.hadoop.ipc.Server$RpcCall.run(Server.java:1089) [hadoop-common-3.3.5.jar:?]
	at org.apache.hadoop.ipc.Server$RpcCall.run(Server.java:1012) [hadoop-common-3.3.5.jar:?]
	at java.security.AccessController.doPrivileged(Native Method) ~[?:1.8.0_372]
	at javax.security.auth.Subject.doAs(Subject.java:422) [?:1.8.0_372]
	at org.apache.hadoop.security.UserGroupInformation.doAs(UserGroupInformation.java:1899) [hadoop-common-3.3.5.jar:?]
	at org.apache.hadoop.ipc.Server$Handler.run(Server.java:3026) [hadoop-common-3.3.5.jar:?]
21:35:46.818 [IPC Server handler 16 on default port 15004] ERROR OMAudit - user=runner | ip=127.0.0.1 | op=GET_FILE_STATUS {volume=c5114827-810a-46d6-b873-cfac3b5f6917, bucket=157b57d1-2b34-4b36-8944-9406453d8814, key=.Trash, dataSize=0, replicationConfig=null} | ret=FAILURE
org.apache.hadoop.ozone.om.exceptions.OMException: Unable to get file status: volume: c5114827-810a-46d6-b873-cfac3b5f6917 bucket: 157b57d1-2b34-4b36-8944-9406453d8814 key: .Trash
	at org.apache.hadoop.ozone.om.KeyManagerImpl.getOzoneFileStatus(KeyManagerImpl.java:1186) ~[ozone-manager-1.4.0-SNAPSHOT.jar:?]
	at org.apache.hadoop.ozone.om.KeyManagerImpl.getFileStatus(KeyManagerImpl.java:1104) ~[ozone-manager-1.4.0-SNAPSHOT.jar:?]
	at org.apache.hadoop.ozone.om.OmMetadataReader.getFileStatus(OmMetadataReader.java:286) ~[ozone-manager-1.4.0-SNAPSHOT.jar:?]
	at org.apache.hadoop.ozone.om.OzoneManager.getFileStatus(OzoneManager.java:3499) ~[ozone-manager-1.4.0-SNAPSHOT.jar:?]
	at org.apache.hadoop.ozone.protocolPB.OzoneManagerRequestHandler.getOzoneFileStatus(OzoneManagerRequestHandler.java:950) ~[ozone-manager-1.4.0-SNAPSHOT.jar:?]
	at org.apache.hadoop.ozone.protocolPB.OzoneManagerRequestHandler.handleReadRequest(OzoneManagerRequestHandler.java:245) ~[ozone-manager-1.4.0-SNAPSHOT.jar:?]
	at org.apache.hadoop.ozone.protocolPB.OzoneManagerProtocolServerSideTranslatorPB.submitReadRequestToOM(OzoneManagerProtocolServerSideTranslatorPB.java:223) ~[ozone-manager-1.4.0-SNAPSHOT.jar:?]
	at org.apache.hadoop.ozone.protocolPB.OzoneManagerProtocolServerSideTranslatorPB.processRequest(OzoneManagerProtocolServerSideTranslatorPB.java:177) ~[ozone-manager-1.4.0-SNAPSHOT.jar:?]
	at org.apache.hadoop.hdds.server.OzoneProtocolMessageDispatcher.processRequest(OzoneProtocolMessageDispatcher.java:87) [hdds-server-framework-1.4.0-SNAPSHOT.jar:?]
	at org.apache.hadoop.ozone.protocolPB.OzoneManagerProtocolServerSideTranslatorPB.submitRequest(OzoneManagerProtocolServerSideTranslatorPB.java:147) [ozone-manager-1.4.0-SNAPSHOT.jar:?]
	at org.apache.hadoop.ozone.protocol.proto.OzoneManagerProtocolProtos$OzoneManagerService$2.callBlockingMethod(OzoneManagerProtocolProtos.java) [ozone-interface-client-1.4.0-SNAPSHOT.jar:?]
	at org.apache.hadoop.ipc.ProtobufRpcEngine$Server.processCall(ProtobufRpcEngine.java:484) [hadoop-common-3.3.5.jar:?]
	at org.apache.hadoop.ipc.ProtobufRpcEngine2$Server$ProtoBufRpcInvoker.call(ProtobufRpcEngine2.java:595) [hadoop-common-3.3.5.jar:?]
	at org.apache.hadoop.ipc.ProtobufRpcEngine2$Server$ProtoBufRpcInvoker.call(ProtobufRpcEngine2.java:573) [hadoop-common-3.3.5.jar:?]
	at org.apache.hadoop.ipc.RPC$Server.call(RPC.java:1213) [hadoop-common-3.3.5.jar:?]
	at org.apache.hadoop.ipc.Server$RpcCall.run(Server.java:1089) [hadoop-common-3.3.5.jar:?]
	at org.apache.hadoop.ipc.Server$RpcCall.run(Server.java:1012) [hadoop-common-3.3.5.jar:?]
	at java.security.AccessController.doPrivileged(Native Method) ~[?:1.8.0_372]
	at javax.security.auth.Subject.doAs(Subject.java:422) [?:1.8.0_372]
	at org.apache.hadoop.security.UserGroupInformation.doAs(UserGroupInformation.java:1899) [hadoop-common-3.3.5.jar:?]
	at org.apache.hadoop.ipc.Server$Handler.run(Server.java:3026) [hadoop-common-3.3.5.jar:?]
21:35:46.822 [IPC Server handler 3 on default port 15004] ERROR OMAudit - user=runner | ip=127.0.0.1 | op=GET_FILE_STATUS {volume=volume-13413, bucket=bucket3, key=.Trash, dataSize=0, replicationConfig=null} | ret=FAILURE
org.apache.hadoop.ozone.om.exceptions.OMException: Unable to get file status: volume: volume-13413 bucket: bucket3 key: .Trash
	at org.apache.hadoop.ozone.om.KeyManagerImpl.getOzoneFileStatusFSO(KeyManagerImpl.java:1311) ~[ozone-manager-1.4.0-SNAPSHOT.jar:?]
	at org.apache.hadoop.ozone.om.KeyManagerImpl.getFileStatus(KeyManagerImpl.java:1102) ~[ozone-manager-1.4.0-SNAPSHOT.jar:?]
	at org.apache.hadoop.ozone.om.OmMetadataReader.getFileStatus(OmMetadataReader.java:286) ~[ozone-manager-1.4.0-SNAPSHOT.jar:?]
	at org.apache.hadoop.ozone.om.OzoneManager.getFileStatus(OzoneManager.java:3499) ~[ozone-manager-1.4.0-SNAPSHOT.jar:?]
	at org.apache.hadoop.ozone.protocolPB.OzoneManagerRequestHandler.getOzoneFileStatus(OzoneManagerRequestHandler.java:950) ~[ozone-manager-1.4.0-SNAPSHOT.jar:?]
	at org.apache.hadoop.ozone.protocolPB.OzoneManagerRequestHandler.handleReadRequest(OzoneManagerRequestHandler.java:245) ~[ozone-manager-1.4.0-SNAPSHOT.jar:?]
	at org.apache.hadoop.ozone.protocolPB.OzoneManagerProtocolServerSideTranslatorPB.submitReadRequestToOM(OzoneManagerProtocolServerSideTranslatorPB.java:223) ~[ozone-manager-1.4.0-SNAPSHOT.jar:?]
	at org.apache.hadoop.ozone.protocolPB.OzoneManagerProtocolServerSideTranslatorPB.processRequest(OzoneManagerProtocolServerSideTranslatorPB.java:177) ~[ozone-manager-1.4.0-SNAPSHOT.jar:?]
	at org.apache.hadoop.hdds.server.OzoneProtocolMessageDispatcher.processRequest(OzoneProtocolMessageDispatcher.java:87) [hdds-server-framework-1.4.0-SNAPSHOT.jar:?]
	at org.apache.hadoop.ozone.protocolPB.OzoneManagerProtocolServerSideTranslatorPB.submitRequest(OzoneManagerProtocolServerSideTranslatorPB.java:147) [ozone-manager-1.4.0-SNAPSHOT.jar:?]
	at org.apache.hadoop.ozone.protocol.proto.OzoneManagerProtocolProtos$OzoneManagerService$2.callBlockingMethod(OzoneManagerProtocolProtos.java) [ozone-interface-client-1.4.0-SNAPSHOT.jar:?]
	at org.apache.hadoop.ipc.ProtobufRpcEngine$Server.processCall(ProtobufRpcEngine.java:484) [hadoop-common-3.3.5.jar:?]
	at org.apache.hadoop.ipc.ProtobufRpcEngine2$Server$ProtoBufRpcInvoker.call(ProtobufRpcEngine2.java:595) [hadoop-common-3.3.5.jar:?]
	at org.apache.hadoop.ipc.ProtobufRpcEngine2$Server$ProtoBufRpcInvoker.call(ProtobufRpcEngine2.java:573) [hadoop-common-3.3.5.jar:?]
	at org.apache.hadoop.ipc.RPC$Server.call(RPC.java:1213) [hadoop-common-3.3.5.jar:?]
	at org.apache.hadoop.ipc.Server$RpcCall.run(Server.java:1089) [hadoop-common-3.3.5.jar:?]
	at org.apache.hadoop.ipc.Server$RpcCall.run(Server.java:1012) [hadoop-common-3.3.5.jar:?]
	at java.security.AccessController.doPrivileged(Native Method) ~[?:1.8.0_372]
	at javax.security.auth.Subject.doAs(Subject.java:422) [?:1.8.0_372]
	at org.apache.hadoop.security.UserGroupInformation.doAs(UserGroupInformation.java:1899) [hadoop-common-3.3.5.jar:?]
	at org.apache.hadoop.ipc.Server$Handler.run(Server.java:3026) [hadoop-common-3.3.5.jar:?]
21:35:46.825 [IPC Server handler 2 on default port 15004] ERROR OMAudit - user=runner | ip=127.0.0.1 | op=GET_FILE_STATUS {volume=volume-37019, bucket=bucket-46042, key=.Trash, dataSize=0, replicationConfig=null} | ret=FAILURE
org.apache.hadoop.ozone.om.exceptions.OMException: Unable to get file status: volume: volume-37019 bucket: bucket-46042 key: .Trash
	at org.apache.hadoop.ozone.om.KeyManagerImpl.getOzoneFileStatusFSO(KeyManagerImpl.java:1311) ~[ozone-manager-1.4.0-SNAPSHOT.jar:?]
	at org.apache.hadoop.ozone.om.KeyManagerImpl.getFileStatus(KeyManagerImpl.java:1102) ~[ozone-manager-1.4.0-SNAPSHOT.jar:?]
	at org.apache.hadoop.ozone.om.OmMetadataReader.getFileStatus(OmMetadataReader.java:286) ~[ozone-manager-1.4.0-SNAPSHOT.jar:?]
	at org.apache.hadoop.ozone.om.OzoneManager.getFileStatus(OzoneManager.java:3499) ~[ozone-manager-1.4.0-SNAPSHOT.jar:?]
	at org.apache.hadoop.ozone.protocolPB.OzoneManagerRequestHandler.getOzoneFileStatus(OzoneManagerRequestHandler.java:950) ~[ozone-manager-1.4.0-SNAPSHOT.jar:?]
	at org.apache.hadoop.ozone.protocolPB.OzoneManagerRequestHandler.handleReadRequest(OzoneManagerRequestHandler.java:245) ~[ozone-manager-1.4.0-SNAPSHOT.jar:?]
	at org.apache.hadoop.ozone.protocolPB.OzoneManagerProtocolServerSideTranslatorPB.submitReadRequestToOM(OzoneManagerProtocolServerSideTranslatorPB.java:223) ~[ozone-manager-1.4.0-SNAPSHOT.jar:?]
	at org.apache.hadoop.ozone.protocolPB.OzoneManagerProtocolServerSideTranslatorPB.processRequest(OzoneManagerProtocolServerSideTranslatorPB.java:177) ~[ozone-manager-1.4.0-SNAPSHOT.jar:?]
	at org.apache.hadoop.hdds.server.OzoneProtocolMessageDispatcher.processRequest(OzoneProtocolMessageDispatcher.java:87) [hdds-server-framework-1.4.0-SNAPSHOT.jar:?]
	at org.apache.hadoop.ozone.protocolPB.OzoneManagerProtocolServerSideTranslatorPB.submitRequest(OzoneManagerProtocolServerSideTranslatorPB.java:147) [ozone-manager-1.4.0-SNAPSHOT.jar:?]
	at org.apache.hadoop.ozone.protocol.proto.OzoneManagerProtocolProtos$OzoneManagerService$2.callBlockingMethod(OzoneManagerProtocolProtos.java) [ozone-interface-client-1.4.0-SNAPSHOT.jar:?]
	at org.apache.hadoop.ipc.ProtobufRpcEngine$Server.processCall(ProtobufRpcEngine.java:484) [hadoop-common-3.3.5.jar:?]
	at org.apache.hadoop.ipc.ProtobufRpcEngine2$Server$ProtoBufRpcInvoker.call(ProtobufRpcEngine2.java:595) [hadoop-common-3.3.5.jar:?]
	at org.apache.hadoop.ipc.ProtobufRpcEngine2$Server$ProtoBufRpcInvoker.call(ProtobufRpcEngine2.java:573) [hadoop-common-3.3.5.jar:?]
	at org.apache.hadoop.ipc.RPC$Server.call(RPC.java:1213) [hadoop-common-3.3.5.jar:?]
	at org.apache.hadoop.ipc.Server$RpcCall.run(Server.java:1089) [hadoop-common-3.3.5.jar:?]
	at org.apache.hadoop.ipc.Server$RpcCall.run(Server.java:1012) [hadoop-common-3.3.5.jar:?]
	at java.security.AccessController.doPrivileged(Native Method) ~[?:1.8.0_372]
	at javax.security.auth.Subject.doAs(Subject.java:422) [?:1.8.0_372]
	at org.apache.hadoop.security.UserGroupInformation.doAs(UserGroupInformation.java:1899) [hadoop-common-3.3.5.jar:?]
	at org.apache.hadoop.ipc.Server$Handler.run(Server.java:3026) [hadoop-common-3.3.5.jar:?]
21:35:46.828 [IPC Server handler 8 on default port 15004] ERROR OMAudit - user=runner | ip=127.0.0.1 | op=GET_FILE_STATUS {volume=volume-40960, bucket=bucket-06556, key=.Trash, dataSize=0, replicationConfig=null} | ret=FAILURE
org.apache.hadoop.ozone.om.exceptions.OMException: Unable to get file status: volume: volume-40960 bucket: bucket-06556 key: .Trash
	at org.apache.hadoop.ozone.om.KeyManagerImpl.getOzoneFileStatusFSO(KeyManagerImpl.java:1311) ~[ozone-manager-1.4.0-SNAPSHOT.jar:?]
	at org.apache.hadoop.ozone.om.KeyManagerImpl.getFileStatus(KeyManagerImpl.java:1102) ~[ozone-manager-1.4.0-SNAPSHOT.jar:?]
	at org.apache.hadoop.ozone.om.OmMetadataReader.getFileStatus(OmMetadataReader.java:286) ~[ozone-manager-1.4.0-SNAPSHOT.jar:?]
	at org.apache.hadoop.ozone.om.OzoneManager.getFileStatus(OzoneManager.java:3499) ~[ozone-manager-1.4.0-SNAPSHOT.jar:?]
	at org.apache.hadoop.ozone.protocolPB.OzoneManagerRequestHandler.getOzoneFileStatus(OzoneManagerRequestHandler.java:950) ~[ozone-manager-1.4.0-SNAPSHOT.jar:?]
	at org.apache.hadoop.ozone.protocolPB.OzoneManagerRequestHandler.handleReadRequest(OzoneManagerRequestHandler.java:245) ~[ozone-manager-1.4.0-SNAPSHOT.jar:?]
	at org.apache.hadoop.ozone.protocolPB.OzoneManagerProtocolServerSideTranslatorPB.submitReadRequestToOM(OzoneManagerProtocolServerSideTranslatorPB.java:223) ~[ozone-manager-1.4.0-SNAPSHOT.jar:?]
	at org.apache.hadoop.ozone.protocolPB.OzoneManagerProtocolServerSideTranslatorPB.processRequest(OzoneManagerProtocolServerSideTranslatorPB.java:177) ~[ozone-manager-1.4.0-SNAPSHOT.jar:?]
	at org.apache.hadoop.hdds.server.OzoneProtocolMessageDispatcher.processRequest(OzoneProtocolMessageDispatcher.java:87) [hdds-server-framework-1.4.0-SNAPSHOT.jar:?]
	at org.apache.hadoop.ozone.protocolPB.OzoneManagerProtocolServerSideTranslatorPB.submitRequest(OzoneManagerProtocolServerSideTranslatorPB.java:147) [ozone-manager-1.4.0-SNAPSHOT.jar:?]
	at org.apache.hadoop.ozone.protocol.proto.OzoneManagerProtocolProtos$OzoneManagerService$2.callBlockingMethod(OzoneManagerProtocolProtos.java) [ozone-interface-client-1.4.0-SNAPSHOT.jar:?]
	at org.apache.hadoop.ipc.ProtobufRpcEngine$Server.processCall(ProtobufRpcEngine.java:484) [hadoop-common-3.3.5.jar:?]
	at org.apache.hadoop.ipc.ProtobufRpcEngine2$Server$ProtoBufRpcInvoker.call(ProtobufRpcEngine2.java:595) [hadoop-common-3.3.5.jar:?]
	at org.apache.hadoop.ipc.ProtobufRpcEngine2$Server$ProtoBufRpcInvoker.call(ProtobufRpcEngine2.java:573) [hadoop-common-3.3.5.jar:?]
	at org.apache.hadoop.ipc.RPC$Server.call(RPC.java:1213) [hadoop-common-3.3.5.jar:?]
	at org.apache.hadoop.ipc.Server$RpcCall.run(Server.java:1089) [hadoop-common-3.3.5.jar:?]
	at org.apache.hadoop.ipc.Server$RpcCall.run(Server.java:1012) [hadoop-common-3.3.5.jar:?]
	at java.security.AccessController.doPrivileged(Native Method) ~[?:1.8.0_372]
	at javax.security.auth.Subject.doAs(Subject.java:422) [?:1.8.0_372]
	at org.apache.hadoop.security.UserGroupInformation.doAs(UserGroupInformation.java:1899) [hadoop-common-3.3.5.jar:?]
	at org.apache.hadoop.ipc.Server$Handler.run(Server.java:3026) [hadoop-common-3.3.5.jar:?]
21:35:46.831 [IPC Server handler 15 on default port 15004] ERROR OMAudit - user=runner | ip=127.0.0.1 | op=GET_FILE_STATUS {volume=volume67981, bucket=bucket69491, key=.Trash, dataSize=0, replicationConfig=null} | ret=FAILURE
org.apache.hadoop.ozone.om.exceptions.OMException: Unable to get file status: volume: volume67981 bucket: bucket69491 key: .Trash
	at org.apache.hadoop.ozone.om.KeyManagerImpl.getOzoneFileStatusFSO(KeyManagerImpl.java:1311) ~[ozone-manager-1.4.0-SNAPSHOT.jar:?]
	at org.apache.hadoop.ozone.om.KeyManagerImpl.getFileStatus(KeyManagerImpl.java:1102) ~[ozone-manager-1.4.0-SNAPSHOT.jar:?]
	at org.apache.hadoop.ozone.om.OmMetadataReader.getFileStatus(OmMetadataReader.java:286) ~[ozone-manager-1.4.0-SNAPSHOT.jar:?]
	at org.apache.hadoop.ozone.om.OzoneManager.getFileStatus(OzoneManager.java:3499) ~[ozone-manager-1.4.0-SNAPSHOT.jar:?]
	at org.apache.hadoop.ozone.protocolPB.OzoneManagerRequestHandler.getOzoneFileStatus(OzoneManagerRequestHandler.java:950) ~[ozone-manager-1.4.0-SNAPSHOT.jar:?]
	at org.apache.hadoop.ozone.protocolPB.OzoneManagerRequestHandler.handleReadRequest(OzoneManagerRequestHandler.java:245) ~[ozone-manager-1.4.0-SNAPSHOT.jar:?]
	at org.apache.hadoop.ozone.protocolPB.OzoneManagerProtocolServerSideTranslatorPB.submitReadRequestToOM(OzoneManagerProtocolServerSideTranslatorPB.java:223) ~[ozone-manager-1.4.0-SNAPSHOT.jar:?]
	at org.apache.hadoop.ozone.protocolPB.OzoneManagerProtocolServerSideTranslatorPB.processRequest(OzoneManagerProtocolServerSideTranslatorPB.java:177) ~[ozone-manager-1.4.0-SNAPSHOT.jar:?]
	at org.apache.hadoop.hdds.server.OzoneProtocolMessageDispatcher.processRequest(OzoneProtocolMessageDispatcher.java:87) [hdds-server-framework-1.4.0-SNAPSHOT.jar:?]
	at org.apache.hadoop.ozone.protocolPB.OzoneManagerProtocolServerSideTranslatorPB.submitRequest(OzoneManagerProtocolServerSideTranslatorPB.java:147) [ozone-manager-1.4.0-SNAPSHOT.jar:?]
	at org.apache.hadoop.ozone.protocol.proto.OzoneManagerProtocolProtos$OzoneManagerService$2.callBlockingMethod(OzoneManagerProtocolProtos.java) [ozone-interface-client-1.4.0-SNAPSHOT.jar:?]
	at org.apache.hadoop.ipc.ProtobufRpcEngine$Server.processCall(ProtobufRpcEngine.java:484) [hadoop-common-3.3.5.jar:?]
	at org.apache.hadoop.ipc.ProtobufRpcEngine2$Server$ProtoBufRpcInvoker.call(ProtobufRpcEngine2.java:595) [hadoop-common-3.3.5.jar:?]
	at org.apache.hadoop.ipc.ProtobufRpcEngine2$Server$ProtoBufRpcInvoker.call(ProtobufRpcEngine2.java:573) [hadoop-common-3.3.5.jar:?]
	at org.apache.hadoop.ipc.RPC$Server.call(RPC.java:1213) [hadoop-common-3.3.5.jar:?]
	at org.apache.hadoop.ipc.Server$RpcCall.run(Server.java:1089) [hadoop-common-3.3.5.jar:?]
	at org.apache.hadoop.ipc.Server$RpcCall.run(Server.java:1012) [hadoop-common-3.3.5.jar:?]
	at java.security.AccessController.doPrivileged(Native Method) ~[?:1.8.0_372]
	at javax.security.auth.Subject.doAs(Subject.java:422) [?:1.8.0_372]
	at org.apache.hadoop.security.UserGroupInformation.doAs(UserGroupInformation.java:1899) [hadoop-common-3.3.5.jar:?]
	at org.apache.hadoop.ipc.Server$Handler.run(Server.java:3026) [hadoop-common-3.3.5.jar:?]
2023-06-22 21:35:46,841 [Time-limited test] INFO  rpc.RpcClient (RpcClient.java:createBucket(686)) - Creating Bucket: volume89095/trashroottest2, with bucket layout FILE_SYSTEM_OPTIMIZED, runner as owner, Versioning false, Storage Type set to DISK and Encryption set to false, Replication Type set to server-side default replication type, Namespace Quota set to -1, Space Quota set to -1 
2023-06-22 21:35:46,843 [OM StateMachine ApplyTransaction Thread - 0] INFO  bucket.OMBucketCreateRequest (OMBucketCreateRequest.java:validateAndUpdateCache(270)) - created bucket: trashroottest2 of layout FILE_SYSTEM_OPTIMIZED in volume: volume89095
21:35:46.896 [IPC Server handler 15 on default port 15004] ERROR OMAudit - user=runner | ip=127.0.0.1 | op=GET_FILE_STATUS {volume=volume-40960, bucket=bucket-06556, key=.Trash/runner, dataSize=0, replicationConfig=null} | ret=FAILURE
org.apache.hadoop.ozone.om.exceptions.OMException: Unable to get file status: volume: volume-40960 bucket: bucket-06556 key: .Trash/runner
	at org.apache.hadoop.ozone.om.KeyManagerImpl.getOzoneFileStatusFSO(KeyManagerImpl.java:1311) ~[ozone-manager-1.4.0-SNAPSHOT.jar:?]
	at org.apache.hadoop.ozone.om.KeyManagerImpl.getFileStatus(KeyManagerImpl.java:1102) ~[ozone-manager-1.4.0-SNAPSHOT.jar:?]
	at org.apache.hadoop.ozone.om.OmMetadataReader.getFileStatus(OmMetadataReader.java:286) ~[ozone-manager-1.4.0-SNAPSHOT.jar:?]
	at org.apache.hadoop.ozone.om.OzoneManager.getFileStatus(OzoneManager.java:3499) ~[ozone-manager-1.4.0-SNAPSHOT.jar:?]
	at org.apache.hadoop.ozone.protocolPB.OzoneManagerRequestHandler.getOzoneFileStatus(OzoneManagerRequestHandler.java:950) ~[ozone-manager-1.4.0-SNAPSHOT.jar:?]
	at org.apache.hadoop.ozone.protocolPB.OzoneManagerRequestHandler.handleReadRequest(OzoneManagerRequestHandler.java:245) ~[ozone-manager-1.4.0-SNAPSHOT.jar:?]
	at org.apache.hadoop.ozone.protocolPB.OzoneManagerProtocolServerSideTranslatorPB.submitReadRequestToOM(OzoneManagerProtocolServerSideTranslatorPB.java:223) ~[ozone-manager-1.4.0-SNAPSHOT.jar:?]
	at org.apache.hadoop.ozone.protocolPB.OzoneManagerProtocolServerSideTranslatorPB.processRequest(OzoneManagerProtocolServerSideTranslatorPB.java:177) ~[ozone-manager-1.4.0-SNAPSHOT.jar:?]
	at org.apache.hadoop.hdds.server.OzoneProtocolMessageDispatcher.processRequest(OzoneProtocolMessageDispatcher.java:87) [hdds-server-framework-1.4.0-SNAPSHOT.jar:?]
	at org.apache.hadoop.ozone.protocolPB.OzoneManagerProtocolServerSideTranslatorPB.submitRequest(OzoneManagerProtocolServerSideTranslatorPB.java:147) [ozone-manager-1.4.0-SNAPSHOT.jar:?]
	at org.apache.hadoop.ozone.protocol.proto.OzoneManagerProtocolProtos$OzoneManagerService$2.callBlockingMethod(OzoneManagerProtocolProtos.java) [ozone-interface-client-1.4.0-SNAPSHOT.jar:?]
	at org.apache.hadoop.ipc.ProtobufRpcEngine$Server.processCall(ProtobufRpcEngine.java:484) [hadoop-common-3.3.5.jar:?]
	at org.apache.hadoop.ipc.ProtobufRpcEngine2$Server$ProtoBufRpcInvoker.call(ProtobufRpcEngine2.java:595) [hadoop-common-3.3.5.jar:?]
	at org.apache.hadoop.ipc.ProtobufRpcEngine2$Server$ProtoBufRpcInvoker.call(ProtobufRpcEngine2.java:573) [hadoop-common-3.3.5.jar:?]
	at org.apache.hadoop.ipc.RPC$Server.call(RPC.java:1213) [hadoop-common-3.3.5.jar:?]
	at org.apache.hadoop.ipc.Server$RpcCall.run(Server.java:1089) [hadoop-common-3.3.5.jar:?]
	at org.apache.hadoop.ipc.Server$RpcCall.run(Server.java:1012) [hadoop-common-3.3.5.jar:?]
	at java.security.AccessController.doPrivileged(Native Method) ~[?:1.8.0_372]
	at javax.security.auth.Subject.doAs(Subject.java:422) [?:1.8.0_372]
	at org.apache.hadoop.security.UserGroupInformation.doAs(UserGroupInformation.java:1899) [hadoop-common-3.3.5.jar:?]
	at org.apache.hadoop.ipc.Server$Handler.run(Server.java:3026) [hadoop-common-3.3.5.jar:?]
21:35:46.900 [IPC Server handler 5 on default port 15004] ERROR OMAudit - user=runner | ip=127.0.0.1 | op=GET_FILE_STATUS {volume=volume-37019, bucket=bucket-46042, key=.Trash/runner, dataSize=0, replicationConfig=null} | ret=FAILURE
org.apache.hadoop.ozone.om.exceptions.OMException: Unable to get file status: volume: volume-37019 bucket: bucket-46042 key: .Trash/runner
	at org.apache.hadoop.ozone.om.KeyManagerImpl.getOzoneFileStatusFSO(KeyManagerImpl.java:1311) ~[ozone-manager-1.4.0-SNAPSHOT.jar:?]
	at org.apache.hadoop.ozone.om.KeyManagerImpl.getFileStatus(KeyManagerImpl.java:1102) ~[ozone-manager-1.4.0-SNAPSHOT.jar:?]
	at org.apache.hadoop.ozone.om.OmMetadataReader.getFileStatus(OmMetadataReader.java:286) ~[ozone-manager-1.4.0-SNAPSHOT.jar:?]
	at org.apache.hadoop.ozone.om.OzoneManager.getFileStatus(OzoneManager.java:3499) ~[ozone-manager-1.4.0-SNAPSHOT.jar:?]
	at org.apache.hadoop.ozone.protocolPB.OzoneManagerRequestHandler.getOzoneFileStatus(OzoneManagerRequestHandler.java:950) ~[ozone-manager-1.4.0-SNAPSHOT.jar:?]
	at org.apache.hadoop.ozone.protocolPB.OzoneManagerRequestHandler.handleReadRequest(OzoneManagerRequestHandler.java:245) ~[ozone-manager-1.4.0-SNAPSHOT.jar:?]
	at org.apache.hadoop.ozone.protocolPB.OzoneManagerProtocolServerSideTranslatorPB.submitReadRequestToOM(OzoneManagerProtocolServerSideTranslatorPB.java:223) ~[ozone-manager-1.4.0-SNAPSHOT.jar:?]
	at org.apache.hadoop.ozone.protocolPB.OzoneManagerProtocolServerSideTranslatorPB.processRequest(OzoneManagerProtocolServerSideTranslatorPB.java:177) ~[ozone-manager-1.4.0-SNAPSHOT.jar:?]
	at org.apache.hadoop.hdds.server.OzoneProtocolMessageDispatcher.processRequest(OzoneProtocolMessageDispatcher.java:87) [hdds-server-framework-1.4.0-SNAPSHOT.jar:?]
	at org.apache.hadoop.ozone.protocolPB.OzoneManagerProtocolServerSideTranslatorPB.submitRequest(OzoneManagerProtocolServerSideTranslatorPB.java:147) [ozone-manager-1.4.0-SNAPSHOT.jar:?]
	at org.apache.hadoop.ozone.protocol.proto.OzoneManagerProtocolProtos$OzoneManagerService$2.callBlockingMethod(OzoneManagerProtocolProtos.java) [ozone-interface-client-1.4.0-SNAPSHOT.jar:?]
	at org.apache.hadoop.ipc.ProtobufRpcEngine$Server.processCall(ProtobufRpcEngine.java:484) [hadoop-common-3.3.5.jar:?]
	at org.apache.hadoop.ipc.ProtobufRpcEngine2$Server$ProtoBufRpcInvoker.call(ProtobufRpcEngine2.java:595) [hadoop-common-3.3.5.jar:?]
	at org.apache.hadoop.ipc.ProtobufRpcEngine2$Server$ProtoBufRpcInvoker.call(ProtobufRpcEngine2.java:573) [hadoop-common-3.3.5.jar:?]
	at org.apache.hadoop.ipc.RPC$Server.call(RPC.java:1213) [hadoop-common-3.3.5.jar:?]
	at org.apache.hadoop.ipc.Server$RpcCall.run(Server.java:1089) [hadoop-common-3.3.5.jar:?]
	at org.apache.hadoop.ipc.Server$RpcCall.run(Server.java:1012) [hadoop-common-3.3.5.jar:?]
	at java.security.AccessController.doPrivileged(Native Method) ~[?:1.8.0_372]
	at javax.security.auth.Subject.doAs(Subject.java:422) [?:1.8.0_372]
	at org.apache.hadoop.security.UserGroupInformation.doAs(UserGroupInformation.java:1899) [hadoop-common-3.3.5.jar:?]
	at org.apache.hadoop.ipc.Server$Handler.run(Server.java:3026) [hadoop-common-3.3.5.jar:?]
21:35:46.903 [IPC Server handler 4 on default port 15004] ERROR OMAudit - user=runner | ip=127.0.0.1 | op=GET_FILE_STATUS {volume=volume-13413, bucket=bucket3, key=.Trash/runner, dataSize=0, replicationConfig=null} | ret=FAILURE
org.apache.hadoop.ozone.om.exceptions.OMException: Unable to get file status: volume: volume-13413 bucket: bucket3 key: .Trash/runner
	at org.apache.hadoop.ozone.om.KeyManagerImpl.getOzoneFileStatusFSO(KeyManagerImpl.java:1311) ~[ozone-manager-1.4.0-SNAPSHOT.jar:?]
	at org.apache.hadoop.ozone.om.KeyManagerImpl.getFileStatus(KeyManagerImpl.java:1102) ~[ozone-manager-1.4.0-SNAPSHOT.jar:?]
	at org.apache.hadoop.ozone.om.OmMetadataReader.getFileStatus(OmMetadataReader.java:286) ~[ozone-manager-1.4.0-SNAPSHOT.jar:?]
	at org.apache.hadoop.ozone.om.OzoneManager.getFileStatus(OzoneManager.java:3499) ~[ozone-manager-1.4.0-SNAPSHOT.jar:?]
	at org.apache.hadoop.ozone.protocolPB.OzoneManagerRequestHandler.getOzoneFileStatus(OzoneManagerRequestHandler.java:950) ~[ozone-manager-1.4.0-SNAPSHOT.jar:?]
	at org.apache.hadoop.ozone.protocolPB.OzoneManagerRequestHandler.handleReadRequest(OzoneManagerRequestHandler.java:245) ~[ozone-manager-1.4.0-SNAPSHOT.jar:?]
	at org.apache.hadoop.ozone.protocolPB.OzoneManagerProtocolServerSideTranslatorPB.submitReadRequestToOM(OzoneManagerProtocolServerSideTranslatorPB.java:223) ~[ozone-manager-1.4.0-SNAPSHOT.jar:?]
	at org.apache.hadoop.ozone.protocolPB.OzoneManagerProtocolServerSideTranslatorPB.processRequest(OzoneManagerProtocolServerSideTranslatorPB.java:177) ~[ozone-manager-1.4.0-SNAPSHOT.jar:?]
	at org.apache.hadoop.hdds.server.OzoneProtocolMessageDispatcher.processRequest(OzoneProtocolMessageDispatcher.java:87) [hdds-server-framework-1.4.0-SNAPSHOT.jar:?]
	at org.apache.hadoop.ozone.protocolPB.OzoneManagerProtocolServerSideTranslatorPB.submitRequest(OzoneManagerProtocolServerSideTranslatorPB.java:147) [ozone-manager-1.4.0-SNAPSHOT.jar:?]
	at org.apache.hadoop.ozone.protocol.proto.OzoneManagerProtocolProtos$OzoneManagerService$2.callBlockingMethod(OzoneManagerProtocolProtos.java) [ozone-interface-client-1.4.0-SNAPSHOT.jar:?]
	at org.apache.hadoop.ipc.ProtobufRpcEngine$Server.processCall(ProtobufRpcEngine.java:484) [hadoop-common-3.3.5.jar:?]
	at org.apache.hadoop.ipc.ProtobufRpcEngine2$Server$ProtoBufRpcInvoker.call(ProtobufRpcEngine2.java:595) [hadoop-common-3.3.5.jar:?]
	at org.apache.hadoop.ipc.ProtobufRpcEngine2$Server$ProtoBufRpcInvoker.call(ProtobufRpcEngine2.java:573) [hadoop-common-3.3.5.jar:?]
	at org.apache.hadoop.ipc.RPC$Server.call(RPC.java:1213) [hadoop-common-3.3.5.jar:?]
	at org.apache.hadoop.ipc.Server$RpcCall.run(Server.java:1089) [hadoop-common-3.3.5.jar:?]
	at org.apache.hadoop.ipc.Server$RpcCall.run(Server.java:1012) [hadoop-common-3.3.5.jar:?]
	at java.security.AccessController.doPrivileged(Native Method) ~[?:1.8.0_372]
	at javax.security.auth.Subject.doAs(Subject.java:422) [?:1.8.0_372]
	at org.apache.hadoop.security.UserGroupInformation.doAs(UserGroupInformation.java:1899) [hadoop-common-3.3.5.jar:?]
	at org.apache.hadoop.ipc.Server$Handler.run(Server.java:3026) [hadoop-common-3.3.5.jar:?]
21:35:46.922 [IPC Server handler 10 on default port 15004] ERROR OMAudit - user=runner | ip=127.0.0.1 | op=GET_FILE_STATUS {volume=c5114827-810a-46d6-b873-cfac3b5f6917, bucket=157b57d1-2b34-4b36-8944-9406453d8814, key=.Trash, dataSize=0, replicationConfig=null} | ret=FAILURE
org.apache.hadoop.ozone.om.exceptions.OMException: Unable to get file status: volume: c5114827-810a-46d6-b873-cfac3b5f6917 bucket: 157b57d1-2b34-4b36-8944-9406453d8814 key: .Trash
	at org.apache.hadoop.ozone.om.KeyManagerImpl.getOzoneFileStatus(KeyManagerImpl.java:1186) ~[ozone-manager-1.4.0-SNAPSHOT.jar:?]
	at org.apache.hadoop.ozone.om.KeyManagerImpl.getFileStatus(KeyManagerImpl.java:1104) ~[ozone-manager-1.4.0-SNAPSHOT.jar:?]
	at org.apache.hadoop.ozone.om.OmMetadataReader.getFileStatus(OmMetadataReader.java:286) ~[ozone-manager-1.4.0-SNAPSHOT.jar:?]
	at org.apache.hadoop.ozone.om.OzoneManager.getFileStatus(OzoneManager.java:3499) ~[ozone-manager-1.4.0-SNAPSHOT.jar:?]
	at org.apache.hadoop.ozone.protocolPB.OzoneManagerRequestHandler.getOzoneFileStatus(OzoneManagerRequestHandler.java:950) ~[ozone-manager-1.4.0-SNAPSHOT.jar:?]
	at org.apache.hadoop.ozone.protocolPB.OzoneManagerRequestHandler.handleReadRequest(OzoneManagerRequestHandler.java:245) ~[ozone-manager-1.4.0-SNAPSHOT.jar:?]
	at org.apache.hadoop.ozone.protocolPB.OzoneManagerProtocolServerSideTranslatorPB.submitReadRequestToOM(OzoneManagerProtocolServerSideTranslatorPB.java:223) ~[ozone-manager-1.4.0-SNAPSHOT.jar:?]
	at org.apache.hadoop.ozone.protocolPB.OzoneManagerProtocolServerSideTranslatorPB.processRequest(OzoneManagerProtocolServerSideTranslatorPB.java:177) ~[ozone-manager-1.4.0-SNAPSHOT.jar:?]
	at org.apache.hadoop.hdds.server.OzoneProtocolMessageDispatcher.processRequest(OzoneProtocolMessageDispatcher.java:87) [hdds-server-framework-1.4.0-SNAPSHOT.jar:?]
	at org.apache.hadoop.ozone.protocolPB.OzoneManagerProtocolServerSideTranslatorPB.submitRequest(OzoneManagerProtocolServerSideTranslatorPB.java:147) [ozone-manager-1.4.0-SNAPSHOT.jar:?]
	at org.apache.hadoop.ozone.protocol.proto.OzoneManagerProtocolProtos$OzoneManagerService$2.callBlockingMethod(OzoneManagerProtocolProtos.java) [ozone-interface-client-1.4.0-SNAPSHOT.jar:?]
	at org.apache.hadoop.ipc.ProtobufRpcEngine$Server.processCall(ProtobufRpcEngine.java:484) [hadoop-common-3.3.5.jar:?]
	at org.apache.hadoop.ipc.ProtobufRpcEngine2$Server$ProtoBufRpcInvoker.call(ProtobufRpcEngine2.java:595) [hadoop-common-3.3.5.jar:?]
	at org.apache.hadoop.ipc.ProtobufRpcEngine2$Server$ProtoBufRpcInvoker.call(ProtobufRpcEngine2.java:573) [hadoop-common-3.3.5.jar:?]
	at org.apache.hadoop.ipc.RPC$Server.call(RPC.java:1213) [hadoop-common-3.3.5.jar:?]
	at org.apache.hadoop.ipc.Server$RpcCall.run(Server.java:1089) [hadoop-common-3.3.5.jar:?]
	at org.apache.hadoop.ipc.Server$RpcCall.run(Server.java:1012) [hadoop-common-3.3.5.jar:?]
	at java.security.AccessController.doPrivileged(Native Method) ~[?:1.8.0_372]
	at javax.security.auth.Subject.doAs(Subject.java:422) [?:1.8.0_372]
	at org.apache.hadoop.security.UserGroupInformation.doAs(UserGroupInformation.java:1899) [hadoop-common-3.3.5.jar:?]
	at org.apache.hadoop.ipc.Server$Handler.run(Server.java:3026) [hadoop-common-3.3.5.jar:?]
21:35:46.926 [IPC Server handler 2 on default port 15004] ERROR OMAudit - user=runner | ip=127.0.0.1 | op=GET_FILE_STATUS {volume=volume-13413, bucket=bucket3, key=.Trash, dataSize=0, replicationConfig=null} | ret=FAILURE
org.apache.hadoop.ozone.om.exceptions.OMException: Unable to get file status: volume: volume-13413 bucket: bucket3 key: .Trash
	at org.apache.hadoop.ozone.om.KeyManagerImpl.getOzoneFileStatusFSO(KeyManagerImpl.java:1311) ~[ozone-manager-1.4.0-SNAPSHOT.jar:?]
	at org.apache.hadoop.ozone.om.KeyManagerImpl.getFileStatus(KeyManagerImpl.java:1102) ~[ozone-manager-1.4.0-SNAPSHOT.jar:?]
	at org.apache.hadoop.ozone.om.OmMetadataReader.getFileStatus(OmMetadataReader.java:286) ~[ozone-manager-1.4.0-SNAPSHOT.jar:?]
	at org.apache.hadoop.ozone.om.OzoneManager.getFileStatus(OzoneManager.java:3499) ~[ozone-manager-1.4.0-SNAPSHOT.jar:?]
	at org.apache.hadoop.ozone.protocolPB.OzoneManagerRequestHandler.getOzoneFileStatus(OzoneManagerRequestHandler.java:950) ~[ozone-manager-1.4.0-SNAPSHOT.jar:?]
	at org.apache.hadoop.ozone.protocolPB.OzoneManagerRequestHandler.handleReadRequest(OzoneManagerRequestHandler.java:245) ~[ozone-manager-1.4.0-SNAPSHOT.jar:?]
	at org.apache.hadoop.ozone.protocolPB.OzoneManagerProtocolServerSideTranslatorPB.submitReadRequestToOM(OzoneManagerProtocolServerSideTranslatorPB.java:223) ~[ozone-manager-1.4.0-SNAPSHOT.jar:?]
	at org.apache.hadoop.ozone.protocolPB.OzoneManagerProtocolServerSideTranslatorPB.processRequest(OzoneManagerProtocolServerSideTranslatorPB.java:177) ~[ozone-manager-1.4.0-SNAPSHOT.jar:?]
	at org.apache.hadoop.hdds.server.OzoneProtocolMessageDispatcher.processRequest(OzoneProtocolMessageDispatcher.java:87) [hdds-server-framework-1.4.0-SNAPSHOT.jar:?]
	at org.apache.hadoop.ozone.protocolPB.OzoneManagerProtocolServerSideTranslatorPB.submitRequest(OzoneManagerProtocolServerSideTranslatorPB.java:147) [ozone-manager-1.4.0-SNAPSHOT.jar:?]
	at org.apache.hadoop.ozone.protocol.proto.OzoneManagerProtocolProtos$OzoneManagerService$2.callBlockingMethod(OzoneManagerProtocolProtos.java) [ozone-interface-client-1.4.0-SNAPSHOT.jar:?]
	at org.apache.hadoop.ipc.ProtobufRpcEngine$Server.processCall(ProtobufRpcEngine.java:484) [hadoop-common-3.3.5.jar:?]
	at org.apache.hadoop.ipc.ProtobufRpcEngine2$Server$ProtoBufRpcInvoker.call(ProtobufRpcEngine2.java:595) [hadoop-common-3.3.5.jar:?]
	at org.apache.hadoop.ipc.ProtobufRpcEngine2$Server$ProtoBufRpcInvoker.call(ProtobufRpcEngine2.java:573) [hadoop-common-3.3.5.jar:?]
	at org.apache.hadoop.ipc.RPC$Server.call(RPC.java:1213) [hadoop-common-3.3.5.jar:?]
	at org.apache.hadoop.ipc.Server$RpcCall.run(Server.java:1089) [hadoop-common-3.3.5.jar:?]
	at org.apache.hadoop.ipc.Server$RpcCall.run(Server.java:1012) [hadoop-common-3.3.5.jar:?]
	at java.security.AccessController.doPrivileged(Native Method) ~[?:1.8.0_372]
	at javax.security.auth.Subject.doAs(Subject.java:422) [?:1.8.0_372]
	at org.apache.hadoop.security.UserGroupInformation.doAs(UserGroupInformation.java:1899) [hadoop-common-3.3.5.jar:?]
	at org.apache.hadoop.ipc.Server$Handler.run(Server.java:3026) [hadoop-common-3.3.5.jar:?]
21:35:46.931 [IPC Server handler 8 on default port 15004] ERROR OMAudit - user=runner | ip=127.0.0.1 | op=GET_FILE_STATUS {volume=volume-37019, bucket=bucket-46042, key=.Trash, dataSize=0, replicationConfig=null} | ret=FAILURE
org.apache.hadoop.ozone.om.exceptions.OMException: Unable to get file status: volume: volume-37019 bucket: bucket-46042 key: .Trash
	at org.apache.hadoop.ozone.om.KeyManagerImpl.getOzoneFileStatusFSO(KeyManagerImpl.java:1311) ~[ozone-manager-1.4.0-SNAPSHOT.jar:?]
	at org.apache.hadoop.ozone.om.KeyManagerImpl.getFileStatus(KeyManagerImpl.java:1102) ~[ozone-manager-1.4.0-SNAPSHOT.jar:?]
	at org.apache.hadoop.ozone.om.OmMetadataReader.getFileStatus(OmMetadataReader.java:286) ~[ozone-manager-1.4.0-SNAPSHOT.jar:?]
	at org.apache.hadoop.ozone.om.OzoneManager.getFileStatus(OzoneManager.java:3499) ~[ozone-manager-1.4.0-SNAPSHOT.jar:?]
	at org.apache.hadoop.ozone.protocolPB.OzoneManagerRequestHandler.getOzoneFileStatus(OzoneManagerRequestHandler.java:950) ~[ozone-manager-1.4.0-SNAPSHOT.jar:?]
	at org.apache.hadoop.ozone.protocolPB.OzoneManagerRequestHandler.handleReadRequest(OzoneManagerRequestHandler.java:245) ~[ozone-manager-1.4.0-SNAPSHOT.jar:?]
	at org.apache.hadoop.ozone.protocolPB.OzoneManagerProtocolServerSideTranslatorPB.submitReadRequestToOM(OzoneManagerProtocolServerSideTranslatorPB.java:223) ~[ozone-manager-1.4.0-SNAPSHOT.jar:?]
	at org.apache.hadoop.ozone.protocolPB.OzoneManagerProtocolServerSideTranslatorPB.processRequest(OzoneManagerProtocolServerSideTranslatorPB.java:177) ~[ozone-manager-1.4.0-SNAPSHOT.jar:?]
	at org.apache.hadoop.hdds.server.OzoneProtocolMessageDispatcher.processRequest(OzoneProtocolMessageDispatcher.java:87) [hdds-server-framework-1.4.0-SNAPSHOT.jar:?]
	at org.apache.hadoop.ozone.protocolPB.OzoneManagerProtocolServerSideTranslatorPB.submitRequest(OzoneManagerProtocolServerSideTranslatorPB.java:147) [ozone-manager-1.4.0-SNAPSHOT.jar:?]
	at org.apache.hadoop.ozone.protocol.proto.OzoneManagerProtocolProtos$OzoneManagerService$2.callBlockingMethod(OzoneManagerProtocolProtos.java) [ozone-interface-client-1.4.0-SNAPSHOT.jar:?]
	at org.apache.hadoop.ipc.ProtobufRpcEngine$Server.processCall(ProtobufRpcEngine.java:484) [hadoop-common-3.3.5.jar:?]
	at org.apache.hadoop.ipc.ProtobufRpcEngine2$Server$ProtoBufRpcInvoker.call(ProtobufRpcEngine2.java:595) [hadoop-common-3.3.5.jar:?]
	at org.apache.hadoop.ipc.ProtobufRpcEngine2$Server$ProtoBufRpcInvoker.call(ProtobufRpcEngine2.java:573) [hadoop-common-3.3.5.jar:?]
	at org.apache.hadoop.ipc.RPC$Server.call(RPC.java:1213) [hadoop-common-3.3.5.jar:?]
	at org.apache.hadoop.ipc.Server$RpcCall.run(Server.java:1089) [hadoop-common-3.3.5.jar:?]
	at org.apache.hadoop.ipc.Server$RpcCall.run(Server.java:1012) [hadoop-common-3.3.5.jar:?]
	at java.security.AccessController.doPrivileged(Native Method) ~[?:1.8.0_372]
	at javax.security.auth.Subject.doAs(Subject.java:422) [?:1.8.0_372]
	at org.apache.hadoop.security.UserGroupInformation.doAs(UserGroupInformation.java:1899) [hadoop-common-3.3.5.jar:?]
	at org.apache.hadoop.ipc.Server$Handler.run(Server.java:3026) [hadoop-common-3.3.5.jar:?]
21:35:46.934 [IPC Server handler 15 on default port 15004] ERROR OMAudit - user=runner | ip=127.0.0.1 | op=GET_FILE_STATUS {volume=volume-40960, bucket=bucket-06556, key=.Trash, dataSize=0, replicationConfig=null} | ret=FAILURE
org.apache.hadoop.ozone.om.exceptions.OMException: Unable to get file status: volume: volume-40960 bucket: bucket-06556 key: .Trash
	at org.apache.hadoop.ozone.om.KeyManagerImpl.getOzoneFileStatusFSO(KeyManagerImpl.java:1311) ~[ozone-manager-1.4.0-SNAPSHOT.jar:?]
	at org.apache.hadoop.ozone.om.KeyManagerImpl.getFileStatus(KeyManagerImpl.java:1102) ~[ozone-manager-1.4.0-SNAPSHOT.jar:?]
	at org.apache.hadoop.ozone.om.OmMetadataReader.getFileStatus(OmMetadataReader.java:286) ~[ozone-manager-1.4.0-SNAPSHOT.jar:?]
	at org.apache.hadoop.ozone.om.OzoneManager.getFileStatus(OzoneManager.java:3499) ~[ozone-manager-1.4.0-SNAPSHOT.jar:?]
	at org.apache.hadoop.ozone.protocolPB.OzoneManagerRequestHandler.getOzoneFileStatus(OzoneManagerRequestHandler.java:950) ~[ozone-manager-1.4.0-SNAPSHOT.jar:?]
	at org.apache.hadoop.ozone.protocolPB.OzoneManagerRequestHandler.handleReadRequest(OzoneManagerRequestHandler.java:245) ~[ozone-manager-1.4.0-SNAPSHOT.jar:?]
	at org.apache.hadoop.ozone.protocolPB.OzoneManagerProtocolServerSideTranslatorPB.submitReadRequestToOM(OzoneManagerProtocolServerSideTranslatorPB.java:223) ~[ozone-manager-1.4.0-SNAPSHOT.jar:?]
	at org.apache.hadoop.ozone.protocolPB.OzoneManagerProtocolServerSideTranslatorPB.processRequest(OzoneManagerProtocolServerSideTranslatorPB.java:177) ~[ozone-manager-1.4.0-SNAPSHOT.jar:?]
	at org.apache.hadoop.hdds.server.OzoneProtocolMessageDispatcher.processRequest(OzoneProtocolMessageDispatcher.java:87) [hdds-server-framework-1.4.0-SNAPSHOT.jar:?]
	at org.apache.hadoop.ozone.protocolPB.OzoneManagerProtocolServerSideTranslatorPB.submitRequest(OzoneManagerProtocolServerSideTranslatorPB.java:147) [ozone-manager-1.4.0-SNAPSHOT.jar:?]
	at org.apache.hadoop.ozone.protocol.proto.OzoneManagerProtocolProtos$OzoneManagerService$2.callBlockingMethod(OzoneManagerProtocolProtos.java) [ozone-interface-client-1.4.0-SNAPSHOT.jar:?]
	at org.apache.hadoop.ipc.ProtobufRpcEngine$Server.processCall(ProtobufRpcEngine.java:484) [hadoop-common-3.3.5.jar:?]
	at org.apache.hadoop.ipc.ProtobufRpcEngine2$Server$ProtoBufRpcInvoker.call(ProtobufRpcEngine2.java:595) [hadoop-common-3.3.5.jar:?]
	at org.apache.hadoop.ipc.ProtobufRpcEngine2$Server$ProtoBufRpcInvoker.call(ProtobufRpcEngine2.java:573) [hadoop-common-3.3.5.jar:?]
	at org.apache.hadoop.ipc.RPC$Server.call(RPC.java:1213) [hadoop-common-3.3.5.jar:?]
	at org.apache.hadoop.ipc.Server$RpcCall.run(Server.java:1089) [hadoop-common-3.3.5.jar:?]
	at org.apache.hadoop.ipc.Server$RpcCall.run(Server.java:1012) [hadoop-common-3.3.5.jar:?]
	at java.security.AccessController.doPrivileged(Native Method) ~[?:1.8.0_372]
	at javax.security.auth.Subject.doAs(Subject.java:422) [?:1.8.0_372]
	at org.apache.hadoop.security.UserGroupInformation.doAs(UserGroupInformation.java:1899) [hadoop-common-3.3.5.jar:?]
	at org.apache.hadoop.ipc.Server$Handler.run(Server.java:3026) [hadoop-common-3.3.5.jar:?]
21:35:46.936 [IPC Server handler 19 on default port 15004] ERROR OMAudit - user=runner | ip=127.0.0.1 | op=GET_FILE_STATUS {volume=volume67981, bucket=bucket69491, key=.Trash, dataSize=0, replicationConfig=null} | ret=FAILURE
org.apache.hadoop.ozone.om.exceptions.OMException: Unable to get file status: volume: volume67981 bucket: bucket69491 key: .Trash
	at org.apache.hadoop.ozone.om.KeyManagerImpl.getOzoneFileStatusFSO(KeyManagerImpl.java:1311) ~[ozone-manager-1.4.0-SNAPSHOT.jar:?]
	at org.apache.hadoop.ozone.om.KeyManagerImpl.getFileStatus(KeyManagerImpl.java:1102) ~[ozone-manager-1.4.0-SNAPSHOT.jar:?]
	at org.apache.hadoop.ozone.om.OmMetadataReader.getFileStatus(OmMetadataReader.java:286) ~[ozone-manager-1.4.0-SNAPSHOT.jar:?]
	at org.apache.hadoop.ozone.om.OzoneManager.getFileStatus(OzoneManager.java:3499) ~[ozone-manager-1.4.0-SNAPSHOT.jar:?]
	at org.apache.hadoop.ozone.protocolPB.OzoneManagerRequestHandler.getOzoneFileStatus(OzoneManagerRequestHandler.java:950) ~[ozone-manager-1.4.0-SNAPSHOT.jar:?]
	at org.apache.hadoop.ozone.protocolPB.OzoneManagerRequestHandler.handleReadRequest(OzoneManagerRequestHandler.java:245) ~[ozone-manager-1.4.0-SNAPSHOT.jar:?]
	at org.apache.hadoop.ozone.protocolPB.OzoneManagerProtocolServerSideTranslatorPB.submitReadRequestToOM(OzoneManagerProtocolServerSideTranslatorPB.java:223) ~[ozone-manager-1.4.0-SNAPSHOT.jar:?]
	at org.apache.hadoop.ozone.protocolPB.OzoneManagerProtocolServerSideTranslatorPB.processRequest(OzoneManagerProtocolServerSideTranslatorPB.java:177) ~[ozone-manager-1.4.0-SNAPSHOT.jar:?]
	at org.apache.hadoop.hdds.server.OzoneProtocolMessageDispatcher.processRequest(OzoneProtocolMessageDispatcher.java:87) [hdds-server-framework-1.4.0-SNAPSHOT.jar:?]
	at org.apache.hadoop.ozone.protocolPB.OzoneManagerProtocolServerSideTranslatorPB.submitRequest(OzoneManagerProtocolServerSideTranslatorPB.java:147) [ozone-manager-1.4.0-SNAPSHOT.jar:?]
	at org.apache.hadoop.ozone.protocol.proto.OzoneManagerProtocolProtos$OzoneManagerService$2.callBlockingMethod(OzoneManagerProtocolProtos.java) [ozone-interface-client-1.4.0-SNAPSHOT.jar:?]
	at org.apache.hadoop.ipc.ProtobufRpcEngine$Server.processCall(ProtobufRpcEngine.java:484) [hadoop-common-3.3.5.jar:?]
	at org.apache.hadoop.ipc.ProtobufRpcEngine2$Server$ProtoBufRpcInvoker.call(ProtobufRpcEngine2.java:595) [hadoop-common-3.3.5.jar:?]
	at org.apache.hadoop.ipc.ProtobufRpcEngine2$Server$ProtoBufRpcInvoker.call(ProtobufRpcEngine2.java:573) [hadoop-common-3.3.5.jar:?]
	at org.apache.hadoop.ipc.RPC$Server.call(RPC.java:1213) [hadoop-common-3.3.5.jar:?]
	at org.apache.hadoop.ipc.Server$RpcCall.run(Server.java:1089) [hadoop-common-3.3.5.jar:?]
	at org.apache.hadoop.ipc.Server$RpcCall.run(Server.java:1012) [hadoop-common-3.3.5.jar:?]
	at java.security.AccessController.doPrivileged(Native Method) ~[?:1.8.0_372]
	at javax.security.auth.Subject.doAs(Subject.java:422) [?:1.8.0_372]
	at org.apache.hadoop.security.UserGroupInformation.doAs(UserGroupInformation.java:1899) [hadoop-common-3.3.5.jar:?]
	at org.apache.hadoop.ipc.Server$Handler.run(Server.java:3026) [hadoop-common-3.3.5.jar:?]
21:35:46.966 [IPC Server handler 17 on default port 15004] ERROR OMAudit - user=runner | ip=127.0.0.1 | op=GET_FILE_STATUS {volume=volume-40960, bucket=bucket-06556, key=.Trash/runner, dataSize=0, replicationConfig=null} | ret=FAILURE
org.apache.hadoop.ozone.om.exceptions.OMException: Unable to get file status: volume: volume-40960 bucket: bucket-06556 key: .Trash/runner
	at org.apache.hadoop.ozone.om.KeyManagerImpl.getOzoneFileStatusFSO(KeyManagerImpl.java:1311) ~[ozone-manager-1.4.0-SNAPSHOT.jar:?]
	at org.apache.hadoop.ozone.om.KeyManagerImpl.getFileStatus(KeyManagerImpl.java:1102) ~[ozone-manager-1.4.0-SNAPSHOT.jar:?]
	at org.apache.hadoop.ozone.om.OmMetadataReader.getFileStatus(OmMetadataReader.java:286) ~[ozone-manager-1.4.0-SNAPSHOT.jar:?]
	at org.apache.hadoop.ozone.om.OzoneManager.getFileStatus(OzoneManager.java:3499) ~[ozone-manager-1.4.0-SNAPSHOT.jar:?]
	at org.apache.hadoop.ozone.protocolPB.OzoneManagerRequestHandler.getOzoneFileStatus(OzoneManagerRequestHandler.java:950) ~[ozone-manager-1.4.0-SNAPSHOT.jar:?]
	at org.apache.hadoop.ozone.protocolPB.OzoneManagerRequestHandler.handleReadRequest(OzoneManagerRequestHandler.java:245) ~[ozone-manager-1.4.0-SNAPSHOT.jar:?]
	at org.apache.hadoop.ozone.protocolPB.OzoneManagerProtocolServerSideTranslatorPB.submitReadRequestToOM(OzoneManagerProtocolServerSideTranslatorPB.java:223) ~[ozone-manager-1.4.0-SNAPSHOT.jar:?]
	at org.apache.hadoop.ozone.protocolPB.OzoneManagerProtocolServerSideTranslatorPB.processRequest(OzoneManagerProtocolServerSideTranslatorPB.java:177) ~[ozone-manager-1.4.0-SNAPSHOT.jar:?]
	at org.apache.hadoop.hdds.server.OzoneProtocolMessageDispatcher.processRequest(OzoneProtocolMessageDispatcher.java:87) [hdds-server-framework-1.4.0-SNAPSHOT.jar:?]
	at org.apache.hadoop.ozone.protocolPB.OzoneManagerProtocolServerSideTranslatorPB.submitRequest(OzoneManagerProtocolServerSideTranslatorPB.java:147) [ozone-manager-1.4.0-SNAPSHOT.jar:?]
	at org.apache.hadoop.ozone.protocol.proto.OzoneManagerProtocolProtos$OzoneManagerService$2.callBlockingMethod(OzoneManagerProtocolProtos.java) [ozone-interface-client-1.4.0-SNAPSHOT.jar:?]
	at org.apache.hadoop.ipc.ProtobufRpcEngine$Server.processCall(ProtobufRpcEngine.java:484) [hadoop-common-3.3.5.jar:?]
	at org.apache.hadoop.ipc.ProtobufRpcEngine2$Server$ProtoBufRpcInvoker.call(ProtobufRpcEngine2.java:595) [hadoop-common-3.3.5.jar:?]
	at org.apache.hadoop.ipc.ProtobufRpcEngine2$Server$ProtoBufRpcInvoker.call(ProtobufRpcEngine2.java:573) [hadoop-common-3.3.5.jar:?]
	at org.apache.hadoop.ipc.RPC$Server.call(RPC.java:1213) [hadoop-common-3.3.5.jar:?]
	at org.apache.hadoop.ipc.Server$RpcCall.run(Server.java:1089) [hadoop-common-3.3.5.jar:?]
	at org.apache.hadoop.ipc.Server$RpcCall.run(Server.java:1012) [hadoop-common-3.3.5.jar:?]
	at java.security.AccessController.doPrivileged(Native Method) ~[?:1.8.0_372]
	at javax.security.auth.Subject.doAs(Subject.java:422) [?:1.8.0_372]
	at org.apache.hadoop.security.UserGroupInformation.doAs(UserGroupInformation.java:1899) [hadoop-common-3.3.5.jar:?]
	at org.apache.hadoop.ipc.Server$Handler.run(Server.java:3026) [hadoop-common-3.3.5.jar:?]
21:35:46.969 [IPC Server handler 11 on default port 15004] ERROR OMAudit - user=runner | ip=127.0.0.1 | op=GET_FILE_STATUS {volume=volume-37019, bucket=bucket-46042, key=.Trash/runner, dataSize=0, replicationConfig=null} | ret=FAILURE
org.apache.hadoop.ozone.om.exceptions.OMException: Unable to get file status: volume: volume-37019 bucket: bucket-46042 key: .Trash/runner
	at org.apache.hadoop.ozone.om.KeyManagerImpl.getOzoneFileStatusFSO(KeyManagerImpl.java:1311) ~[ozone-manager-1.4.0-SNAPSHOT.jar:?]
	at org.apache.hadoop.ozone.om.KeyManagerImpl.getFileStatus(KeyManagerImpl.java:1102) ~[ozone-manager-1.4.0-SNAPSHOT.jar:?]
	at org.apache.hadoop.ozone.om.OmMetadataReader.getFileStatus(OmMetadataReader.java:286) ~[ozone-manager-1.4.0-SNAPSHOT.jar:?]
	at org.apache.hadoop.ozone.om.OzoneManager.getFileStatus(OzoneManager.java:3499) ~[ozone-manager-1.4.0-SNAPSHOT.jar:?]
	at org.apache.hadoop.ozone.protocolPB.OzoneManagerRequestHandler.getOzoneFileStatus(OzoneManagerRequestHandler.java:950) ~[ozone-manager-1.4.0-SNAPSHOT.jar:?]
	at org.apache.hadoop.ozone.protocolPB.OzoneManagerRequestHandler.handleReadRequest(OzoneManagerRequestHandler.java:245) ~[ozone-manager-1.4.0-SNAPSHOT.jar:?]
	at org.apache.hadoop.ozone.protocolPB.OzoneManagerProtocolServerSideTranslatorPB.submitReadRequestToOM(OzoneManagerProtocolServerSideTranslatorPB.java:223) ~[ozone-manager-1.4.0-SNAPSHOT.jar:?]
	at org.apache.hadoop.ozone.protocolPB.OzoneManagerProtocolServerSideTranslatorPB.processRequest(OzoneManagerProtocolServerSideTranslatorPB.java:177) ~[ozone-manager-1.4.0-SNAPSHOT.jar:?]
	at org.apache.hadoop.hdds.server.OzoneProtocolMessageDispatcher.processRequest(OzoneProtocolMessageDispatcher.java:87) [hdds-server-framework-1.4.0-SNAPSHOT.jar:?]
	at org.apache.hadoop.ozone.protocolPB.OzoneManagerProtocolServerSideTranslatorPB.submitRequest(OzoneManagerProtocolServerSideTranslatorPB.java:147) [ozone-manager-1.4.0-SNAPSHOT.jar:?]
	at org.apache.hadoop.ozone.protocol.proto.OzoneManagerProtocolProtos$OzoneManagerService$2.callBlockingMethod(OzoneManagerProtocolProtos.java) [ozone-interface-client-1.4.0-SNAPSHOT.jar:?]
	at org.apache.hadoop.ipc.ProtobufRpcEngine$Server.processCall(ProtobufRpcEngine.java:484) [hadoop-common-3.3.5.jar:?]
	at org.apache.hadoop.ipc.ProtobufRpcEngine2$Server$ProtoBufRpcInvoker.call(ProtobufRpcEngine2.java:595) [hadoop-common-3.3.5.jar:?]
	at org.apache.hadoop.ipc.ProtobufRpcEngine2$Server$ProtoBufRpcInvoker.call(ProtobufRpcEngine2.java:573) [hadoop-common-3.3.5.jar:?]
	at org.apache.hadoop.ipc.RPC$Server.call(RPC.java:1213) [hadoop-common-3.3.5.jar:?]
	at org.apache.hadoop.ipc.Server$RpcCall.run(Server.java:1089) [hadoop-common-3.3.5.jar:?]
	at org.apache.hadoop.ipc.Server$RpcCall.run(Server.java:1012) [hadoop-common-3.3.5.jar:?]
	at java.security.AccessController.doPrivileged(Native Method) ~[?:1.8.0_372]
	at javax.security.auth.Subject.doAs(Subject.java:422) [?:1.8.0_372]
	at org.apache.hadoop.security.UserGroupInformation.doAs(UserGroupInformation.java:1899) [hadoop-common-3.3.5.jar:?]
	at org.apache.hadoop.ipc.Server$Handler.run(Server.java:3026) [hadoop-common-3.3.5.jar:?]
21:35:46.972 [IPC Server handler 16 on default port 15004] ERROR OMAudit - user=runner | ip=127.0.0.1 | op=GET_FILE_STATUS {volume=volume-13413, bucket=bucket3, key=.Trash/runner, dataSize=0, replicationConfig=null} | ret=FAILURE
org.apache.hadoop.ozone.om.exceptions.OMException: Unable to get file status: volume: volume-13413 bucket: bucket3 key: .Trash/runner
	at org.apache.hadoop.ozone.om.KeyManagerImpl.getOzoneFileStatusFSO(KeyManagerImpl.java:1311) ~[ozone-manager-1.4.0-SNAPSHOT.jar:?]
	at org.apache.hadoop.ozone.om.KeyManagerImpl.getFileStatus(KeyManagerImpl.java:1102) ~[ozone-manager-1.4.0-SNAPSHOT.jar:?]
	at org.apache.hadoop.ozone.om.OmMetadataReader.getFileStatus(OmMetadataReader.java:286) ~[ozone-manager-1.4.0-SNAPSHOT.jar:?]
	at org.apache.hadoop.ozone.om.OzoneManager.getFileStatus(OzoneManager.java:3499) ~[ozone-manager-1.4.0-SNAPSHOT.jar:?]
	at org.apache.hadoop.ozone.protocolPB.OzoneManagerRequestHandler.getOzoneFileStatus(OzoneManagerRequestHandler.java:950) ~[ozone-manager-1.4.0-SNAPSHOT.jar:?]
	at org.apache.hadoop.ozone.protocolPB.OzoneManagerRequestHandler.handleReadRequest(OzoneManagerRequestHandler.java:245) ~[ozone-manager-1.4.0-SNAPSHOT.jar:?]
	at org.apache.hadoop.ozone.protocolPB.OzoneManagerProtocolServerSideTranslatorPB.submitReadRequestToOM(OzoneManagerProtocolServerSideTranslatorPB.java:223) ~[ozone-manager-1.4.0-SNAPSHOT.jar:?]
	at org.apache.hadoop.ozone.protocolPB.OzoneManagerProtocolServerSideTranslatorPB.processRequest(OzoneManagerProtocolServerSideTranslatorPB.java:177) ~[ozone-manager-1.4.0-SNAPSHOT.jar:?]
	at org.apache.hadoop.hdds.server.OzoneProtocolMessageDispatcher.processRequest(OzoneProtocolMessageDispatcher.java:87) [hdds-server-framework-1.4.0-SNAPSHOT.jar:?]
	at org.apache.hadoop.ozone.protocolPB.OzoneManagerProtocolServerSideTranslatorPB.submitRequest(OzoneManagerProtocolServerSideTranslatorPB.java:147) [ozone-manager-1.4.0-SNAPSHOT.jar:?]
	at org.apache.hadoop.ozone.protocol.proto.OzoneManagerProtocolProtos$OzoneManagerService$2.callBlockingMethod(OzoneManagerProtocolProtos.java) [ozone-interface-client-1.4.0-SNAPSHOT.jar:?]
	at org.apache.hadoop.ipc.ProtobufRpcEngine$Server.processCall(ProtobufRpcEngine.java:484) [hadoop-common-3.3.5.jar:?]
	at org.apache.hadoop.ipc.ProtobufRpcEngine2$Server$ProtoBufRpcInvoker.call(ProtobufRpcEngine2.java:595) [hadoop-common-3.3.5.jar:?]
	at org.apache.hadoop.ipc.ProtobufRpcEngine2$Server$ProtoBufRpcInvoker.call(ProtobufRpcEngine2.java:573) [hadoop-common-3.3.5.jar:?]
	at org.apache.hadoop.ipc.RPC$Server.call(RPC.java:1213) [hadoop-common-3.3.5.jar:?]
	at org.apache.hadoop.ipc.Server$RpcCall.run(Server.java:1089) [hadoop-common-3.3.5.jar:?]
	at org.apache.hadoop.ipc.Server$RpcCall.run(Server.java:1012) [hadoop-common-3.3.5.jar:?]
	at java.security.AccessController.doPrivileged(Native Method) ~[?:1.8.0_372]
	at javax.security.auth.Subject.doAs(Subject.java:422) [?:1.8.0_372]
	at org.apache.hadoop.security.UserGroupInformation.doAs(UserGroupInformation.java:1899) [hadoop-common-3.3.5.jar:?]
	at org.apache.hadoop.ipc.Server$Handler.run(Server.java:3026) [hadoop-common-3.3.5.jar:?]
21:35:46.988 [IPC Server handler 16 on default port 15004] ERROR OMAudit - user=runner | ip=127.0.0.1 | op=GET_FILE_STATUS {volume=c5114827-810a-46d6-b873-cfac3b5f6917, bucket=157b57d1-2b34-4b36-8944-9406453d8814, key=.Trash, dataSize=0, replicationConfig=null} | ret=FAILURE
org.apache.hadoop.ozone.om.exceptions.OMException: Unable to get file status: volume: c5114827-810a-46d6-b873-cfac3b5f6917 bucket: 157b57d1-2b34-4b36-8944-9406453d8814 key: .Trash
	at org.apache.hadoop.ozone.om.KeyManagerImpl.getOzoneFileStatus(KeyManagerImpl.java:1186) ~[ozone-manager-1.4.0-SNAPSHOT.jar:?]
	at org.apache.hadoop.ozone.om.KeyManagerImpl.getFileStatus(KeyManagerImpl.java:1104) ~[ozone-manager-1.4.0-SNAPSHOT.jar:?]
	at org.apache.hadoop.ozone.om.OmMetadataReader.getFileStatus(OmMetadataReader.java:286) ~[ozone-manager-1.4.0-SNAPSHOT.jar:?]
	at org.apache.hadoop.ozone.om.OzoneManager.getFileStatus(OzoneManager.java:3499) ~[ozone-manager-1.4.0-SNAPSHOT.jar:?]
	at org.apache.hadoop.ozone.protocolPB.OzoneManagerRequestHandler.getOzoneFileStatus(OzoneManagerRequestHandler.java:950) ~[ozone-manager-1.4.0-SNAPSHOT.jar:?]
	at org.apache.hadoop.ozone.protocolPB.OzoneManagerRequestHandler.handleReadRequest(OzoneManagerRequestHandler.java:245) ~[ozone-manager-1.4.0-SNAPSHOT.jar:?]
	at org.apache.hadoop.ozone.protocolPB.OzoneManagerProtocolServerSideTranslatorPB.submitReadRequestToOM(OzoneManagerProtocolServerSideTranslatorPB.java:223) ~[ozone-manager-1.4.0-SNAPSHOT.jar:?]
	at org.apache.hadoop.ozone.protocolPB.OzoneManagerProtocolServerSideTranslatorPB.processRequest(OzoneManagerProtocolServerSideTranslatorPB.java:177) ~[ozone-manager-1.4.0-SNAPSHOT.jar:?]
	at org.apache.hadoop.hdds.server.OzoneProtocolMessageDispatcher.processRequest(OzoneProtocolMessageDispatcher.java:87) [hdds-server-framework-1.4.0-SNAPSHOT.jar:?]
	at org.apache.hadoop.ozone.protocolPB.OzoneManagerProtocolServerSideTranslatorPB.submitRequest(OzoneManagerProtocolServerSideTranslatorPB.java:147) [ozone-manager-1.4.0-SNAPSHOT.jar:?]
	at org.apache.hadoop.ozone.protocol.proto.OzoneManagerProtocolProtos$OzoneManagerService$2.callBlockingMethod(OzoneManagerProtocolProtos.java) [ozone-interface-client-1.4.0-SNAPSHOT.jar:?]
	at org.apache.hadoop.ipc.ProtobufRpcEngine$Server.processCall(ProtobufRpcEngine.java:484) [hadoop-common-3.3.5.jar:?]
	at org.apache.hadoop.ipc.ProtobufRpcEngine2$Server$ProtoBufRpcInvoker.call(ProtobufRpcEngine2.java:595) [hadoop-common-3.3.5.jar:?]
	at org.apache.hadoop.ipc.ProtobufRpcEngine2$Server$ProtoBufRpcInvoker.call(ProtobufRpcEngine2.java:573) [hadoop-common-3.3.5.jar:?]
	at org.apache.hadoop.ipc.RPC$Server.call(RPC.java:1213) [hadoop-common-3.3.5.jar:?]
	at org.apache.hadoop.ipc.Server$RpcCall.run(Server.java:1089) [hadoop-common-3.3.5.jar:?]
	at org.apache.hadoop.ipc.Server$RpcCall.run(Server.java:1012) [hadoop-common-3.3.5.jar:?]
	at java.security.AccessController.doPrivileged(Native Method) ~[?:1.8.0_372]
	at javax.security.auth.Subject.doAs(Subject.java:422) [?:1.8.0_372]
	at org.apache.hadoop.security.UserGroupInformation.doAs(UserGroupInformation.java:1899) [hadoop-common-3.3.5.jar:?]
	at org.apache.hadoop.ipc.Server$Handler.run(Server.java:3026) [hadoop-common-3.3.5.jar:?]
21:35:46.991 [IPC Server handler 3 on default port 15004] ERROR OMAudit - user=runner | ip=127.0.0.1 | op=GET_FILE_STATUS {volume=volume-13413, bucket=bucket3, key=.Trash, dataSize=0, replicationConfig=null} | ret=FAILURE
org.apache.hadoop.ozone.om.exceptions.OMException: Unable to get file status: volume: volume-13413 bucket: bucket3 key: .Trash
	at org.apache.hadoop.ozone.om.KeyManagerImpl.getOzoneFileStatusFSO(KeyManagerImpl.java:1311) ~[ozone-manager-1.4.0-SNAPSHOT.jar:?]
	at org.apache.hadoop.ozone.om.KeyManagerImpl.getFileStatus(KeyManagerImpl.java:1102) ~[ozone-manager-1.4.0-SNAPSHOT.jar:?]
	at org.apache.hadoop.ozone.om.OmMetadataReader.getFileStatus(OmMetadataReader.java:286) ~[ozone-manager-1.4.0-SNAPSHOT.jar:?]
	at org.apache.hadoop.ozone.om.OzoneManager.getFileStatus(OzoneManager.java:3499) ~[ozone-manager-1.4.0-SNAPSHOT.jar:?]
	at org.apache.hadoop.ozone.protocolPB.OzoneManagerRequestHandler.getOzoneFileStatus(OzoneManagerRequestHandler.java:950) ~[ozone-manager-1.4.0-SNAPSHOT.jar:?]
	at org.apache.hadoop.ozone.protocolPB.OzoneManagerRequestHandler.handleReadRequest(OzoneManagerRequestHandler.java:245) ~[ozone-manager-1.4.0-SNAPSHOT.jar:?]
	at org.apache.hadoop.ozone.protocolPB.OzoneManagerProtocolServerSideTranslatorPB.submitReadRequestToOM(OzoneManagerProtocolServerSideTranslatorPB.java:223) ~[ozone-manager-1.4.0-SNAPSHOT.jar:?]
	at org.apache.hadoop.ozone.protocolPB.OzoneManagerProtocolServerSideTranslatorPB.processRequest(OzoneManagerProtocolServerSideTranslatorPB.java:177) ~[ozone-manager-1.4.0-SNAPSHOT.jar:?]
	at org.apache.hadoop.hdds.server.OzoneProtocolMessageDispatcher.processRequest(OzoneProtocolMessageDispatcher.java:87) [hdds-server-framework-1.4.0-SNAPSHOT.jar:?]
	at org.apache.hadoop.ozone.protocolPB.OzoneManagerProtocolServerSideTranslatorPB.submitRequest(OzoneManagerProtocolServerSideTranslatorPB.java:147) [ozone-manager-1.4.0-SNAPSHOT.jar:?]
	at org.apache.hadoop.ozone.protocol.proto.OzoneManagerProtocolProtos$OzoneManagerService$2.callBlockingMethod(OzoneManagerProtocolProtos.java) [ozone-interface-client-1.4.0-SNAPSHOT.jar:?]
	at org.apache.hadoop.ipc.ProtobufRpcEngine$Server.processCall(ProtobufRpcEngine.java:484) [hadoop-common-3.3.5.jar:?]
	at org.apache.hadoop.ipc.ProtobufRpcEngine2$Server$ProtoBufRpcInvoker.call(ProtobufRpcEngine2.java:595) [hadoop-common-3.3.5.jar:?]
	at org.apache.hadoop.ipc.ProtobufRpcEngine2$Server$ProtoBufRpcInvoker.call(ProtobufRpcEngine2.java:573) [hadoop-common-3.3.5.jar:?]
	at org.apache.hadoop.ipc.RPC$Server.call(RPC.java:1213) [hadoop-common-3.3.5.jar:?]
	at org.apache.hadoop.ipc.Server$RpcCall.run(Server.java:1089) [hadoop-common-3.3.5.jar:?]
	at org.apache.hadoop.ipc.Server$RpcCall.run(Server.java:1012) [hadoop-common-3.3.5.jar:?]
	at java.security.AccessController.doPrivileged(Native Method) ~[?:1.8.0_372]
	at javax.security.auth.Subject.doAs(Subject.java:422) [?:1.8.0_372]
	at org.apache.hadoop.security.UserGroupInformation.doAs(UserGroupInformation.java:1899) [hadoop-common-3.3.5.jar:?]
	at org.apache.hadoop.ipc.Server$Handler.run(Server.java:3026) [hadoop-common-3.3.5.jar:?]
21:35:46.994 [IPC Server handler 2 on default port 15004] ERROR OMAudit - user=runner | ip=127.0.0.1 | op=GET_FILE_STATUS {volume=volume-37019, bucket=bucket-46042, key=.Trash, dataSize=0, replicationConfig=null} | ret=FAILURE
org.apache.hadoop.ozone.om.exceptions.OMException: Unable to get file status: volume: volume-37019 bucket: bucket-46042 key: .Trash
	at org.apache.hadoop.ozone.om.KeyManagerImpl.getOzoneFileStatusFSO(KeyManagerImpl.java:1311) ~[ozone-manager-1.4.0-SNAPSHOT.jar:?]
	at org.apache.hadoop.ozone.om.KeyManagerImpl.getFileStatus(KeyManagerImpl.java:1102) ~[ozone-manager-1.4.0-SNAPSHOT.jar:?]
	at org.apache.hadoop.ozone.om.OmMetadataReader.getFileStatus(OmMetadataReader.java:286) ~[ozone-manager-1.4.0-SNAPSHOT.jar:?]
	at org.apache.hadoop.ozone.om.OzoneManager.getFileStatus(OzoneManager.java:3499) ~[ozone-manager-1.4.0-SNAPSHOT.jar:?]
	at org.apache.hadoop.ozone.protocolPB.OzoneManagerRequestHandler.getOzoneFileStatus(OzoneManagerRequestHandler.java:950) ~[ozone-manager-1.4.0-SNAPSHOT.jar:?]
	at org.apache.hadoop.ozone.protocolPB.OzoneManagerRequestHandler.handleReadRequest(OzoneManagerRequestHandler.java:245) ~[ozone-manager-1.4.0-SNAPSHOT.jar:?]
	at org.apache.hadoop.ozone.protocolPB.OzoneManagerProtocolServerSideTranslatorPB.submitReadRequestToOM(OzoneManagerProtocolServerSideTranslatorPB.java:223) ~[ozone-manager-1.4.0-SNAPSHOT.jar:?]
	at org.apache.hadoop.ozone.protocolPB.OzoneManagerProtocolServerSideTranslatorPB.processRequest(OzoneManagerProtocolServerSideTranslatorPB.java:177) ~[ozone-manager-1.4.0-SNAPSHOT.jar:?]
	at org.apache.hadoop.hdds.server.OzoneProtocolMessageDispatcher.processRequest(OzoneProtocolMessageDispatcher.java:87) [hdds-server-framework-1.4.0-SNAPSHOT.jar:?]
	at org.apache.hadoop.ozone.protocolPB.OzoneManagerProtocolServerSideTranslatorPB.submitRequest(OzoneManagerProtocolServerSideTranslatorPB.java:147) [ozone-manager-1.4.0-SNAPSHOT.jar:?]
	at org.apache.hadoop.ozone.protocol.proto.OzoneManagerProtocolProtos$OzoneManagerService$2.callBlockingMethod(OzoneManagerProtocolProtos.java) [ozone-interface-client-1.4.0-SNAPSHOT.jar:?]
	at org.apache.hadoop.ipc.ProtobufRpcEngine$Server.processCall(ProtobufRpcEngine.java:484) [hadoop-common-3.3.5.jar:?]
	at org.apache.hadoop.ipc.ProtobufRpcEngine2$Server$ProtoBufRpcInvoker.call(ProtobufRpcEngine2.java:595) [hadoop-common-3.3.5.jar:?]
	at org.apache.hadoop.ipc.ProtobufRpcEngine2$Server$ProtoBufRpcInvoker.call(ProtobufRpcEngine2.java:573) [hadoop-common-3.3.5.jar:?]
	at org.apache.hadoop.ipc.RPC$Server.call(RPC.java:1213) [hadoop-common-3.3.5.jar:?]
	at org.apache.hadoop.ipc.Server$RpcCall.run(Server.java:1089) [hadoop-common-3.3.5.jar:?]
	at org.apache.hadoop.ipc.Server$RpcCall.run(Server.java:1012) [hadoop-common-3.3.5.jar:?]
	at java.security.AccessController.doPrivileged(Native Method) ~[?:1.8.0_372]
	at javax.security.auth.Subject.doAs(Subject.java:422) [?:1.8.0_372]
	at org.apache.hadoop.security.UserGroupInformation.doAs(UserGroupInformation.java:1899) [hadoop-common-3.3.5.jar:?]
	at org.apache.hadoop.ipc.Server$Handler.run(Server.java:3026) [hadoop-common-3.3.5.jar:?]
21:35:46.998 [IPC Server handler 8 on default port 15004] ERROR OMAudit - user=runner | ip=127.0.0.1 | op=GET_FILE_STATUS {volume=volume-40960, bucket=bucket-06556, key=.Trash, dataSize=0, replicationConfig=null} | ret=FAILURE
org.apache.hadoop.ozone.om.exceptions.OMException: Unable to get file status: volume: volume-40960 bucket: bucket-06556 key: .Trash
	at org.apache.hadoop.ozone.om.KeyManagerImpl.getOzoneFileStatusFSO(KeyManagerImpl.java:1311) ~[ozone-manager-1.4.0-SNAPSHOT.jar:?]
	at org.apache.hadoop.ozone.om.KeyManagerImpl.getFileStatus(KeyManagerImpl.java:1102) ~[ozone-manager-1.4.0-SNAPSHOT.jar:?]
	at org.apache.hadoop.ozone.om.OmMetadataReader.getFileStatus(OmMetadataReader.java:286) ~[ozone-manager-1.4.0-SNAPSHOT.jar:?]
	at org.apache.hadoop.ozone.om.OzoneManager.getFileStatus(OzoneManager.java:3499) ~[ozone-manager-1.4.0-SNAPSHOT.jar:?]
	at org.apache.hadoop.ozone.protocolPB.OzoneManagerRequestHandler.getOzoneFileStatus(OzoneManagerRequestHandler.java:950) ~[ozone-manager-1.4.0-SNAPSHOT.jar:?]
	at org.apache.hadoop.ozone.protocolPB.OzoneManagerRequestHandler.handleReadRequest(OzoneManagerRequestHandler.java:245) ~[ozone-manager-1.4.0-SNAPSHOT.jar:?]
	at org.apache.hadoop.ozone.protocolPB.OzoneManagerProtocolServerSideTranslatorPB.submitReadRequestToOM(OzoneManagerProtocolServerSideTranslatorPB.java:223) ~[ozone-manager-1.4.0-SNAPSHOT.jar:?]
	at org.apache.hadoop.ozone.protocolPB.OzoneManagerProtocolServerSideTranslatorPB.processRequest(OzoneManagerProtocolServerSideTranslatorPB.java:177) ~[ozone-manager-1.4.0-SNAPSHOT.jar:?]
	at org.apache.hadoop.hdds.server.OzoneProtocolMessageDispatcher.processRequest(OzoneProtocolMessageDispatcher.java:87) [hdds-server-framework-1.4.0-SNAPSHOT.jar:?]
	at org.apache.hadoop.ozone.protocolPB.OzoneManagerProtocolServerSideTranslatorPB.submitRequest(OzoneManagerProtocolServerSideTranslatorPB.java:147) [ozone-manager-1.4.0-SNAPSHOT.jar:?]
	at org.apache.hadoop.ozone.protocol.proto.OzoneManagerProtocolProtos$OzoneManagerService$2.callBlockingMethod(OzoneManagerProtocolProtos.java) [ozone-interface-client-1.4.0-SNAPSHOT.jar:?]
	at org.apache.hadoop.ipc.ProtobufRpcEngine$Server.processCall(ProtobufRpcEngine.java:484) [hadoop-common-3.3.5.jar:?]
	at org.apache.hadoop.ipc.ProtobufRpcEngine2$Server$ProtoBufRpcInvoker.call(ProtobufRpcEngine2.java:595) [hadoop-common-3.3.5.jar:?]
	at org.apache.hadoop.ipc.ProtobufRpcEngine2$Server$ProtoBufRpcInvoker.call(ProtobufRpcEngine2.java:573) [hadoop-common-3.3.5.jar:?]
	at org.apache.hadoop.ipc.RPC$Server.call(RPC.java:1213) [hadoop-common-3.3.5.jar:?]
	at org.apache.hadoop.ipc.Server$RpcCall.run(Server.java:1089) [hadoop-common-3.3.5.jar:?]
	at org.apache.hadoop.ipc.Server$RpcCall.run(Server.java:1012) [hadoop-common-3.3.5.jar:?]
	at java.security.AccessController.doPrivileged(Native Method) ~[?:1.8.0_372]
	at javax.security.auth.Subject.doAs(Subject.java:422) [?:1.8.0_372]
	at org.apache.hadoop.security.UserGroupInformation.doAs(UserGroupInformation.java:1899) [hadoop-common-3.3.5.jar:?]
	at org.apache.hadoop.ipc.Server$Handler.run(Server.java:3026) [hadoop-common-3.3.5.jar:?]
21:35:47.001 [IPC Server handler 15 on default port 15004] ERROR OMAudit - user=runner | ip=127.0.0.1 | op=GET_FILE_STATUS {volume=volume67981, bucket=bucket69491, key=.Trash, dataSize=0, replicationConfig=null} | ret=FAILURE
org.apache.hadoop.ozone.om.exceptions.OMException: Unable to get file status: volume: volume67981 bucket: bucket69491 key: .Trash
	at org.apache.hadoop.ozone.om.KeyManagerImpl.getOzoneFileStatusFSO(KeyManagerImpl.java:1311) ~[ozone-manager-1.4.0-SNAPSHOT.jar:?]
	at org.apache.hadoop.ozone.om.KeyManagerImpl.getFileStatus(KeyManagerImpl.java:1102) ~[ozone-manager-1.4.0-SNAPSHOT.jar:?]
	at org.apache.hadoop.ozone.om.OmMetadataReader.getFileStatus(OmMetadataReader.java:286) ~[ozone-manager-1.4.0-SNAPSHOT.jar:?]
	at org.apache.hadoop.ozone.om.OzoneManager.getFileStatus(OzoneManager.java:3499) ~[ozone-manager-1.4.0-SNAPSHOT.jar:?]
	at org.apache.hadoop.ozone.protocolPB.OzoneManagerRequestHandler.getOzoneFileStatus(OzoneManagerRequestHandler.java:950) ~[ozone-manager-1.4.0-SNAPSHOT.jar:?]
	at org.apache.hadoop.ozone.protocolPB.OzoneManagerRequestHandler.handleReadRequest(OzoneManagerRequestHandler.java:245) ~[ozone-manager-1.4.0-SNAPSHOT.jar:?]
	at org.apache.hadoop.ozone.protocolPB.OzoneManagerProtocolServerSideTranslatorPB.submitReadRequestToOM(OzoneManagerProtocolServerSideTranslatorPB.java:223) ~[ozone-manager-1.4.0-SNAPSHOT.jar:?]
	at org.apache.hadoop.ozone.protocolPB.OzoneManagerProtocolServerSideTranslatorPB.processRequest(OzoneManagerProtocolServerSideTranslatorPB.java:177) ~[ozone-manager-1.4.0-SNAPSHOT.jar:?]
	at org.apache.hadoop.hdds.server.OzoneProtocolMessageDispatcher.processRequest(OzoneProtocolMessageDispatcher.java:87) [hdds-server-framework-1.4.0-SNAPSHOT.jar:?]
	at org.apache.hadoop.ozone.protocolPB.OzoneManagerProtocolServerSideTranslatorPB.submitRequest(OzoneManagerProtocolServerSideTranslatorPB.java:147) [ozone-manager-1.4.0-SNAPSHOT.jar:?]
	at org.apache.hadoop.ozone.protocol.proto.OzoneManagerProtocolProtos$OzoneManagerService$2.callBlockingMethod(OzoneManagerProtocolProtos.java) [ozone-interface-client-1.4.0-SNAPSHOT.jar:?]
	at org.apache.hadoop.ipc.ProtobufRpcEngine$Server.processCall(ProtobufRpcEngine.java:484) [hadoop-common-3.3.5.jar:?]
	at org.apache.hadoop.ipc.ProtobufRpcEngine2$Server$ProtoBufRpcInvoker.call(ProtobufRpcEngine2.java:595) [hadoop-common-3.3.5.jar:?]
	at org.apache.hadoop.ipc.ProtobufRpcEngine2$Server$ProtoBufRpcInvoker.call(ProtobufRpcEngine2.java:573) [hadoop-common-3.3.5.jar:?]
	at org.apache.hadoop.ipc.RPC$Server.call(RPC.java:1213) [hadoop-common-3.3.5.jar:?]
	at org.apache.hadoop.ipc.Server$RpcCall.run(Server.java:1089) [hadoop-common-3.3.5.jar:?]
	at org.apache.hadoop.ipc.Server$RpcCall.run(Server.java:1012) [hadoop-common-3.3.5.jar:?]
	at java.security.AccessController.doPrivileged(Native Method) ~[?:1.8.0_372]
	at javax.security.auth.Subject.doAs(Subject.java:422) [?:1.8.0_372]
	at org.apache.hadoop.security.UserGroupInformation.doAs(UserGroupInformation.java:1899) [hadoop-common-3.3.5.jar:?]
	at org.apache.hadoop.ipc.Server$Handler.run(Server.java:3026) [hadoop-common-3.3.5.jar:?]
2023-06-22 21:35:47,036 [Time-limited test] INFO  rpc.RpcClient (RpcClient.java:createVolume(459)) - Creating Volume: volume26500, with user69745 as owner and space quota set to -1 bytes, counts quota set to -1
2023-06-22 21:35:47,038 [OM StateMachine ApplyTransaction Thread - 0] INFO  volume.OMVolumeCreateRequest (OMVolumeCreateRequest.java:validateAndUpdateCache(196)) - created volume:volume26500 for user:user69745
2023-06-22 21:35:47,040 [Time-limited test] INFO  rpc.RpcClient (RpcClient.java:createBucket(686)) - Creating Bucket: volume26500/bucket42741, with bucket layout FILE_SYSTEM_OPTIMIZED, runner as owner, Versioning false, Storage Type set to DISK and Encryption set to false, Replication Type set to server-side default replication type, Namespace Quota set to -1, Space Quota set to -1 
2023-06-22 21:35:47,042 [OM StateMachine ApplyTransaction Thread - 0] INFO  bucket.OMBucketCreateRequest (OMBucketCreateRequest.java:validateAndUpdateCache(270)) - created bucket: bucket42741 of layout FILE_SYSTEM_OPTIMIZED in volume: volume26500
21:35:47.060 [IPC Server handler 12 on default port 15004] ERROR OMAudit - user=runner | ip=127.0.0.1 | op=GET_FILE_STATUS {volume=volume-40960, bucket=bucket-06556, key=.Trash/runner, dataSize=0, replicationConfig=null} | ret=FAILURE
org.apache.hadoop.ozone.om.exceptions.OMException: Unable to get file status: volume: volume-40960 bucket: bucket-06556 key: .Trash/runner
	at org.apache.hadoop.ozone.om.KeyManagerImpl.getOzoneFileStatusFSO(KeyManagerImpl.java:1311) ~[ozone-manager-1.4.0-SNAPSHOT.jar:?]
	at org.apache.hadoop.ozone.om.KeyManagerImpl.getFileStatus(KeyManagerImpl.java:1102) ~[ozone-manager-1.4.0-SNAPSHOT.jar:?]
	at org.apache.hadoop.ozone.om.OmMetadataReader.getFileStatus(OmMetadataReader.java:286) ~[ozone-manager-1.4.0-SNAPSHOT.jar:?]
	at org.apache.hadoop.ozone.om.OzoneManager.getFileStatus(OzoneManager.java:3499) ~[ozone-manager-1.4.0-SNAPSHOT.jar:?]
	at org.apache.hadoop.ozone.protocolPB.OzoneManagerRequestHandler.getOzoneFileStatus(OzoneManagerRequestHandler.java:950) ~[ozone-manager-1.4.0-SNAPSHOT.jar:?]
	at org.apache.hadoop.ozone.protocolPB.OzoneManagerRequestHandler.handleReadRequest(OzoneManagerRequestHandler.java:245) ~[ozone-manager-1.4.0-SNAPSHOT.jar:?]
	at org.apache.hadoop.ozone.protocolPB.OzoneManagerProtocolServerSideTranslatorPB.submitReadRequestToOM(OzoneManagerProtocolServerSideTranslatorPB.java:223) ~[ozone-manager-1.4.0-SNAPSHOT.jar:?]
	at org.apache.hadoop.ozone.protocolPB.OzoneManagerProtocolServerSideTranslatorPB.processRequest(OzoneManagerProtocolServerSideTranslatorPB.java:177) ~[ozone-manager-1.4.0-SNAPSHOT.jar:?]
	at org.apache.hadoop.hdds.server.OzoneProtocolMessageDispatcher.processRequest(OzoneProtocolMessageDispatcher.java:87) [hdds-server-framework-1.4.0-SNAPSHOT.jar:?]
	at org.apache.hadoop.ozone.protocolPB.OzoneManagerProtocolServerSideTranslatorPB.submitRequest(OzoneManagerProtocolServerSideTranslatorPB.java:147) [ozone-manager-1.4.0-SNAPSHOT.jar:?]
	at org.apache.hadoop.ozone.protocol.proto.OzoneManagerProtocolProtos$OzoneManagerService$2.callBlockingMethod(OzoneManagerProtocolProtos.java) [ozone-interface-client-1.4.0-SNAPSHOT.jar:?]
	at org.apache.hadoop.ipc.ProtobufRpcEngine$Server.processCall(ProtobufRpcEngine.java:484) [hadoop-common-3.3.5.jar:?]
	at org.apache.hadoop.ipc.ProtobufRpcEngine2$Server$ProtoBufRpcInvoker.call(ProtobufRpcEngine2.java:595) [hadoop-common-3.3.5.jar:?]
	at org.apache.hadoop.ipc.ProtobufRpcEngine2$Server$ProtoBufRpcInvoker.call(ProtobufRpcEngine2.java:573) [hadoop-common-3.3.5.jar:?]
	at org.apache.hadoop.ipc.RPC$Server.call(RPC.java:1213) [hadoop-common-3.3.5.jar:?]
	at org.apache.hadoop.ipc.Server$RpcCall.run(Server.java:1089) [hadoop-common-3.3.5.jar:?]
	at org.apache.hadoop.ipc.Server$RpcCall.run(Server.java:1012) [hadoop-common-3.3.5.jar:?]
	at java.security.AccessController.doPrivileged(Native Method) ~[?:1.8.0_372]
	at javax.security.auth.Subject.doAs(Subject.java:422) [?:1.8.0_372]
	at org.apache.hadoop.security.UserGroupInformation.doAs(UserGroupInformation.java:1899) [hadoop-common-3.3.5.jar:?]
	at org.apache.hadoop.ipc.Server$Handler.run(Server.java:3026) [hadoop-common-3.3.5.jar:?]
21:35:47.063 [IPC Server handler 16 on default port 15004] ERROR OMAudit - user=runner | ip=127.0.0.1 | op=GET_FILE_STATUS {volume=volume-37019, bucket=bucket-46042, key=.Trash/runner, dataSize=0, replicationConfig=null} | ret=FAILURE
org.apache.hadoop.ozone.om.exceptions.OMException: Unable to get file status: volume: volume-37019 bucket: bucket-46042 key: .Trash/runner
	at org.apache.hadoop.ozone.om.KeyManagerImpl.getOzoneFileStatusFSO(KeyManagerImpl.java:1311) ~[ozone-manager-1.4.0-SNAPSHOT.jar:?]
	at org.apache.hadoop.ozone.om.KeyManagerImpl.getFileStatus(KeyManagerImpl.java:1102) ~[ozone-manager-1.4.0-SNAPSHOT.jar:?]
	at org.apache.hadoop.ozone.om.OmMetadataReader.getFileStatus(OmMetadataReader.java:286) ~[ozone-manager-1.4.0-SNAPSHOT.jar:?]
	at org.apache.hadoop.ozone.om.OzoneManager.getFileStatus(OzoneManager.java:3499) ~[ozone-manager-1.4.0-SNAPSHOT.jar:?]
	at org.apache.hadoop.ozone.protocolPB.OzoneManagerRequestHandler.getOzoneFileStatus(OzoneManagerRequestHandler.java:950) ~[ozone-manager-1.4.0-SNAPSHOT.jar:?]
	at org.apache.hadoop.ozone.protocolPB.OzoneManagerRequestHandler.handleReadRequest(OzoneManagerRequestHandler.java:245) ~[ozone-manager-1.4.0-SNAPSHOT.jar:?]
	at org.apache.hadoop.ozone.protocolPB.OzoneManagerProtocolServerSideTranslatorPB.submitReadRequestToOM(OzoneManagerProtocolServerSideTranslatorPB.java:223) ~[ozone-manager-1.4.0-SNAPSHOT.jar:?]
	at org.apache.hadoop.ozone.protocolPB.OzoneManagerProtocolServerSideTranslatorPB.processRequest(OzoneManagerProtocolServerSideTranslatorPB.java:177) ~[ozone-manager-1.4.0-SNAPSHOT.jar:?]
	at org.apache.hadoop.hdds.server.OzoneProtocolMessageDispatcher.processRequest(OzoneProtocolMessageDispatcher.java:87) [hdds-server-framework-1.4.0-SNAPSHOT.jar:?]
	at org.apache.hadoop.ozone.protocolPB.OzoneManagerProtocolServerSideTranslatorPB.submitRequest(OzoneManagerProtocolServerSideTranslatorPB.java:147) [ozone-manager-1.4.0-SNAPSHOT.jar:?]
	at org.apache.hadoop.ozone.protocol.proto.OzoneManagerProtocolProtos$OzoneManagerService$2.callBlockingMethod(OzoneManagerProtocolProtos.java) [ozone-interface-client-1.4.0-SNAPSHOT.jar:?]
	at org.apache.hadoop.ipc.ProtobufRpcEngine$Server.processCall(ProtobufRpcEngine.java:484) [hadoop-common-3.3.5.jar:?]
	at org.apache.hadoop.ipc.ProtobufRpcEngine2$Server$ProtoBufRpcInvoker.call(ProtobufRpcEngine2.java:595) [hadoop-common-3.3.5.jar:?]
	at org.apache.hadoop.ipc.ProtobufRpcEngine2$Server$ProtoBufRpcInvoker.call(ProtobufRpcEngine2.java:573) [hadoop-common-3.3.5.jar:?]
	at org.apache.hadoop.ipc.RPC$Server.call(RPC.java:1213) [hadoop-common-3.3.5.jar:?]
	at org.apache.hadoop.ipc.Server$RpcCall.run(Server.java:1089) [hadoop-common-3.3.5.jar:?]
	at org.apache.hadoop.ipc.Server$RpcCall.run(Server.java:1012) [hadoop-common-3.3.5.jar:?]
	at java.security.AccessController.doPrivileged(Native Method) ~[?:1.8.0_372]
	at javax.security.auth.Subject.doAs(Subject.java:422) [?:1.8.0_372]
	at org.apache.hadoop.security.UserGroupInformation.doAs(UserGroupInformation.java:1899) [hadoop-common-3.3.5.jar:?]
	at org.apache.hadoop.ipc.Server$Handler.run(Server.java:3026) [hadoop-common-3.3.5.jar:?]
21:35:47.066 [IPC Server handler 10 on default port 15004] ERROR OMAudit - user=runner | ip=127.0.0.1 | op=GET_FILE_STATUS {volume=volume-13413, bucket=bucket3, key=.Trash/runner, dataSize=0, replicationConfig=null} | ret=FAILURE
org.apache.hadoop.ozone.om.exceptions.OMException: Unable to get file status: volume: volume-13413 bucket: bucket3 key: .Trash/runner
	at org.apache.hadoop.ozone.om.KeyManagerImpl.getOzoneFileStatusFSO(KeyManagerImpl.java:1311) ~[ozone-manager-1.4.0-SNAPSHOT.jar:?]
	at org.apache.hadoop.ozone.om.KeyManagerImpl.getFileStatus(KeyManagerImpl.java:1102) ~[ozone-manager-1.4.0-SNAPSHOT.jar:?]
	at org.apache.hadoop.ozone.om.OmMetadataReader.getFileStatus(OmMetadataReader.java:286) ~[ozone-manager-1.4.0-SNAPSHOT.jar:?]
	at org.apache.hadoop.ozone.om.OzoneManager.getFileStatus(OzoneManager.java:3499) ~[ozone-manager-1.4.0-SNAPSHOT.jar:?]
	at org.apache.hadoop.ozone.protocolPB.OzoneManagerRequestHandler.getOzoneFileStatus(OzoneManagerRequestHandler.java:950) ~[ozone-manager-1.4.0-SNAPSHOT.jar:?]
	at org.apache.hadoop.ozone.protocolPB.OzoneManagerRequestHandler.handleReadRequest(OzoneManagerRequestHandler.java:245) ~[ozone-manager-1.4.0-SNAPSHOT.jar:?]
	at org.apache.hadoop.ozone.protocolPB.OzoneManagerProtocolServerSideTranslatorPB.submitReadRequestToOM(OzoneManagerProtocolServerSideTranslatorPB.java:223) ~[ozone-manager-1.4.0-SNAPSHOT.jar:?]
	at org.apache.hadoop.ozone.protocolPB.OzoneManagerProtocolServerSideTranslatorPB.processRequest(OzoneManagerProtocolServerSideTranslatorPB.java:177) ~[ozone-manager-1.4.0-SNAPSHOT.jar:?]
	at org.apache.hadoop.hdds.server.OzoneProtocolMessageDispatcher.processRequest(OzoneProtocolMessageDispatcher.java:87) [hdds-server-framework-1.4.0-SNAPSHOT.jar:?]
	at org.apache.hadoop.ozone.protocolPB.OzoneManagerProtocolServerSideTranslatorPB.submitRequest(OzoneManagerProtocolServerSideTranslatorPB.java:147) [ozone-manager-1.4.0-SNAPSHOT.jar:?]
	at org.apache.hadoop.ozone.protocol.proto.OzoneManagerProtocolProtos$OzoneManagerService$2.callBlockingMethod(OzoneManagerProtocolProtos.java) [ozone-interface-client-1.4.0-SNAPSHOT.jar:?]
	at org.apache.hadoop.ipc.ProtobufRpcEngine$Server.processCall(ProtobufRpcEngine.java:484) [hadoop-common-3.3.5.jar:?]
	at org.apache.hadoop.ipc.ProtobufRpcEngine2$Server$ProtoBufRpcInvoker.call(ProtobufRpcEngine2.java:595) [hadoop-common-3.3.5.jar:?]
	at org.apache.hadoop.ipc.ProtobufRpcEngine2$Server$ProtoBufRpcInvoker.call(ProtobufRpcEngine2.java:573) [hadoop-common-3.3.5.jar:?]
	at org.apache.hadoop.ipc.RPC$Server.call(RPC.java:1213) [hadoop-common-3.3.5.jar:?]
	at org.apache.hadoop.ipc.Server$RpcCall.run(Server.java:1089) [hadoop-common-3.3.5.jar:?]
	at org.apache.hadoop.ipc.Server$RpcCall.run(Server.java:1012) [hadoop-common-3.3.5.jar:?]
	at java.security.AccessController.doPrivileged(Native Method) ~[?:1.8.0_372]
	at javax.security.auth.Subject.doAs(Subject.java:422) [?:1.8.0_372]
	at org.apache.hadoop.security.UserGroupInformation.doAs(UserGroupInformation.java:1899) [hadoop-common-3.3.5.jar:?]
	at org.apache.hadoop.ipc.Server$Handler.run(Server.java:3026) [hadoop-common-3.3.5.jar:?]
21:35:47.081 [IPC Server handler 10 on default port 15004] ERROR OMAudit - user=runner | ip=127.0.0.1 | op=GET_FILE_STATUS {volume=c5114827-810a-46d6-b873-cfac3b5f6917, bucket=157b57d1-2b34-4b36-8944-9406453d8814, key=.Trash, dataSize=0, replicationConfig=null} | ret=FAILURE
org.apache.hadoop.ozone.om.exceptions.OMException: Unable to get file status: volume: c5114827-810a-46d6-b873-cfac3b5f6917 bucket: 157b57d1-2b34-4b36-8944-9406453d8814 key: .Trash
	at org.apache.hadoop.ozone.om.KeyManagerImpl.getOzoneFileStatus(KeyManagerImpl.java:1186) ~[ozone-manager-1.4.0-SNAPSHOT.jar:?]
	at org.apache.hadoop.ozone.om.KeyManagerImpl.getFileStatus(KeyManagerImpl.java:1104) ~[ozone-manager-1.4.0-SNAPSHOT.jar:?]
	at org.apache.hadoop.ozone.om.OmMetadataReader.getFileStatus(OmMetadataReader.java:286) ~[ozone-manager-1.4.0-SNAPSHOT.jar:?]
	at org.apache.hadoop.ozone.om.OzoneManager.getFileStatus(OzoneManager.java:3499) ~[ozone-manager-1.4.0-SNAPSHOT.jar:?]
	at org.apache.hadoop.ozone.protocolPB.OzoneManagerRequestHandler.getOzoneFileStatus(OzoneManagerRequestHandler.java:950) ~[ozone-manager-1.4.0-SNAPSHOT.jar:?]
	at org.apache.hadoop.ozone.protocolPB.OzoneManagerRequestHandler.handleReadRequest(OzoneManagerRequestHandler.java:245) ~[ozone-manager-1.4.0-SNAPSHOT.jar:?]
	at org.apache.hadoop.ozone.protocolPB.OzoneManagerProtocolServerSideTranslatorPB.submitReadRequestToOM(OzoneManagerProtocolServerSideTranslatorPB.java:223) ~[ozone-manager-1.4.0-SNAPSHOT.jar:?]
	at org.apache.hadoop.ozone.protocolPB.OzoneManagerProtocolServerSideTranslatorPB.processRequest(OzoneManagerProtocolServerSideTranslatorPB.java:177) ~[ozone-manager-1.4.0-SNAPSHOT.jar:?]
	at org.apache.hadoop.hdds.server.OzoneProtocolMessageDispatcher.processRequest(OzoneProtocolMessageDispatcher.java:87) [hdds-server-framework-1.4.0-SNAPSHOT.jar:?]
	at org.apache.hadoop.ozone.protocolPB.OzoneManagerProtocolServerSideTranslatorPB.submitRequest(OzoneManagerProtocolServerSideTranslatorPB.java:147) [ozone-manager-1.4.0-SNAPSHOT.jar:?]
	at org.apache.hadoop.ozone.protocol.proto.OzoneManagerProtocolProtos$OzoneManagerService$2.callBlockingMethod(OzoneManagerProtocolProtos.java) [ozone-interface-client-1.4.0-SNAPSHOT.jar:?]
	at org.apache.hadoop.ipc.ProtobufRpcEngine$Server.processCall(ProtobufRpcEngine.java:484) [hadoop-common-3.3.5.jar:?]
	at org.apache.hadoop.ipc.ProtobufRpcEngine2$Server$ProtoBufRpcInvoker.call(ProtobufRpcEngine2.java:595) [hadoop-common-3.3.5.jar:?]
	at org.apache.hadoop.ipc.ProtobufRpcEngine2$Server$ProtoBufRpcInvoker.call(ProtobufRpcEngine2.java:573) [hadoop-common-3.3.5.jar:?]
	at org.apache.hadoop.ipc.RPC$Server.call(RPC.java:1213) [hadoop-common-3.3.5.jar:?]
	at org.apache.hadoop.ipc.Server$RpcCall.run(Server.java:1089) [hadoop-common-3.3.5.jar:?]
	at org.apache.hadoop.ipc.Server$RpcCall.run(Server.java:1012) [hadoop-common-3.3.5.jar:?]
	at java.security.AccessController.doPrivileged(Native Method) ~[?:1.8.0_372]
	at javax.security.auth.Subject.doAs(Subject.java:422) [?:1.8.0_372]
	at org.apache.hadoop.security.UserGroupInformation.doAs(UserGroupInformation.java:1899) [hadoop-common-3.3.5.jar:?]
	at org.apache.hadoop.ipc.Server$Handler.run(Server.java:3026) [hadoop-common-3.3.5.jar:?]
21:35:47.086 [IPC Server handler 2 on default port 15004] ERROR OMAudit - user=runner | ip=127.0.0.1 | op=GET_FILE_STATUS {volume=volume-13413, bucket=bucket3, key=.Trash, dataSize=0, replicationConfig=null} | ret=FAILURE
org.apache.hadoop.ozone.om.exceptions.OMException: Unable to get file status: volume: volume-13413 bucket: bucket3 key: .Trash
	at org.apache.hadoop.ozone.om.KeyManagerImpl.getOzoneFileStatusFSO(KeyManagerImpl.java:1311) ~[ozone-manager-1.4.0-SNAPSHOT.jar:?]
	at org.apache.hadoop.ozone.om.KeyManagerImpl.getFileStatus(KeyManagerImpl.java:1102) ~[ozone-manager-1.4.0-SNAPSHOT.jar:?]
	at org.apache.hadoop.ozone.om.OmMetadataReader.getFileStatus(OmMetadataReader.java:286) ~[ozone-manager-1.4.0-SNAPSHOT.jar:?]
	at org.apache.hadoop.ozone.om.OzoneManager.getFileStatus(OzoneManager.java:3499) ~[ozone-manager-1.4.0-SNAPSHOT.jar:?]
	at org.apache.hadoop.ozone.protocolPB.OzoneManagerRequestHandler.getOzoneFileStatus(OzoneManagerRequestHandler.java:950) ~[ozone-manager-1.4.0-SNAPSHOT.jar:?]
	at org.apache.hadoop.ozone.protocolPB.OzoneManagerRequestHandler.handleReadRequest(OzoneManagerRequestHandler.java:245) ~[ozone-manager-1.4.0-SNAPSHOT.jar:?]
	at org.apache.hadoop.ozone.protocolPB.OzoneManagerProtocolServerSideTranslatorPB.submitReadRequestToOM(OzoneManagerProtocolServerSideTranslatorPB.java:223) ~[ozone-manager-1.4.0-SNAPSHOT.jar:?]
	at org.apache.hadoop.ozone.protocolPB.OzoneManagerProtocolServerSideTranslatorPB.processRequest(OzoneManagerProtocolServerSideTranslatorPB.java:177) ~[ozone-manager-1.4.0-SNAPSHOT.jar:?]
	at org.apache.hadoop.hdds.server.OzoneProtocolMessageDispatcher.processRequest(OzoneProtocolMessageDispatcher.java:87) [hdds-server-framework-1.4.0-SNAPSHOT.jar:?]
	at org.apache.hadoop.ozone.protocolPB.OzoneManagerProtocolServerSideTranslatorPB.submitRequest(OzoneManagerProtocolServerSideTranslatorPB.java:147) [ozone-manager-1.4.0-SNAPSHOT.jar:?]
	at org.apache.hadoop.ozone.protocol.proto.OzoneManagerProtocolProtos$OzoneManagerService$2.callBlockingMethod(OzoneManagerProtocolProtos.java) [ozone-interface-client-1.4.0-SNAPSHOT.jar:?]
	at org.apache.hadoop.ipc.ProtobufRpcEngine$Server.processCall(ProtobufRpcEngine.java:484) [hadoop-common-3.3.5.jar:?]
	at org.apache.hadoop.ipc.ProtobufRpcEngine2$Server$ProtoBufRpcInvoker.call(ProtobufRpcEngine2.java:595) [hadoop-common-3.3.5.jar:?]
	at org.apache.hadoop.ipc.ProtobufRpcEngine2$Server$ProtoBufRpcInvoker.call(ProtobufRpcEngine2.java:573) [hadoop-common-3.3.5.jar:?]
	at org.apache.hadoop.ipc.RPC$Server.call(RPC.java:1213) [hadoop-common-3.3.5.jar:?]
	at org.apache.hadoop.ipc.Server$RpcCall.run(Server.java:1089) [hadoop-common-3.3.5.jar:?]
	at org.apache.hadoop.ipc.Server$RpcCall.run(Server.java:1012) [hadoop-common-3.3.5.jar:?]
	at java.security.AccessController.doPrivileged(Native Method) ~[?:1.8.0_372]
	at javax.security.auth.Subject.doAs(Subject.java:422) [?:1.8.0_372]
	at org.apache.hadoop.security.UserGroupInformation.doAs(UserGroupInformation.java:1899) [hadoop-common-3.3.5.jar:?]
	at org.apache.hadoop.ipc.Server$Handler.run(Server.java:3026) [hadoop-common-3.3.5.jar:?]
21:35:47.089 [IPC Server handler 8 on default port 15004] ERROR OMAudit - user=runner | ip=127.0.0.1 | op=GET_FILE_STATUS {volume=volume-37019, bucket=bucket-46042, key=.Trash, dataSize=0, replicationConfig=null} | ret=FAILURE
org.apache.hadoop.ozone.om.exceptions.OMException: Unable to get file status: volume: volume-37019 bucket: bucket-46042 key: .Trash
	at org.apache.hadoop.ozone.om.KeyManagerImpl.getOzoneFileStatusFSO(KeyManagerImpl.java:1311) ~[ozone-manager-1.4.0-SNAPSHOT.jar:?]
	at org.apache.hadoop.ozone.om.KeyManagerImpl.getFileStatus(KeyManagerImpl.java:1102) ~[ozone-manager-1.4.0-SNAPSHOT.jar:?]
	at org.apache.hadoop.ozone.om.OmMetadataReader.getFileStatus(OmMetadataReader.java:286) ~[ozone-manager-1.4.0-SNAPSHOT.jar:?]
	at org.apache.hadoop.ozone.om.OzoneManager.getFileStatus(OzoneManager.java:3499) ~[ozone-manager-1.4.0-SNAPSHOT.jar:?]
	at org.apache.hadoop.ozone.protocolPB.OzoneManagerRequestHandler.getOzoneFileStatus(OzoneManagerRequestHandler.java:950) ~[ozone-manager-1.4.0-SNAPSHOT.jar:?]
	at org.apache.hadoop.ozone.protocolPB.OzoneManagerRequestHandler.handleReadRequest(OzoneManagerRequestHandler.java:245) ~[ozone-manager-1.4.0-SNAPSHOT.jar:?]
	at org.apache.hadoop.ozone.protocolPB.OzoneManagerProtocolServerSideTranslatorPB.submitReadRequestToOM(OzoneManagerProtocolServerSideTranslatorPB.java:223) ~[ozone-manager-1.4.0-SNAPSHOT.jar:?]
	at org.apache.hadoop.ozone.protocolPB.OzoneManagerProtocolServerSideTranslatorPB.processRequest(OzoneManagerProtocolServerSideTranslatorPB.java:177) ~[ozone-manager-1.4.0-SNAPSHOT.jar:?]
	at org.apache.hadoop.hdds.server.OzoneProtocolMessageDispatcher.processRequest(OzoneProtocolMessageDispatcher.java:87) [hdds-server-framework-1.4.0-SNAPSHOT.jar:?]
	at org.apache.hadoop.ozone.protocolPB.OzoneManagerProtocolServerSideTranslatorPB.submitRequest(OzoneManagerProtocolServerSideTranslatorPB.java:147) [ozone-manager-1.4.0-SNAPSHOT.jar:?]
	at org.apache.hadoop.ozone.protocol.proto.OzoneManagerProtocolProtos$OzoneManagerService$2.callBlockingMethod(OzoneManagerProtocolProtos.java) [ozone-interface-client-1.4.0-SNAPSHOT.jar:?]
	at org.apache.hadoop.ipc.ProtobufRpcEngine$Server.processCall(ProtobufRpcEngine.java:484) [hadoop-common-3.3.5.jar:?]
	at org.apache.hadoop.ipc.ProtobufRpcEngine2$Server$ProtoBufRpcInvoker.call(ProtobufRpcEngine2.java:595) [hadoop-common-3.3.5.jar:?]
	at org.apache.hadoop.ipc.ProtobufRpcEngine2$Server$ProtoBufRpcInvoker.call(ProtobufRpcEngine2.java:573) [hadoop-common-3.3.5.jar:?]
	at org.apache.hadoop.ipc.RPC$Server.call(RPC.java:1213) [hadoop-common-3.3.5.jar:?]
	at org.apache.hadoop.ipc.Server$RpcCall.run(Server.java:1089) [hadoop-common-3.3.5.jar:?]
	at org.apache.hadoop.ipc.Server$RpcCall.run(Server.java:1012) [hadoop-common-3.3.5.jar:?]
	at java.security.AccessController.doPrivileged(Native Method) ~[?:1.8.0_372]
	at javax.security.auth.Subject.doAs(Subject.java:422) [?:1.8.0_372]
	at org.apache.hadoop.security.UserGroupInformation.doAs(UserGroupInformation.java:1899) [hadoop-common-3.3.5.jar:?]
	at org.apache.hadoop.ipc.Server$Handler.run(Server.java:3026) [hadoop-common-3.3.5.jar:?]
21:35:47.092 [IPC Server handler 15 on default port 15004] ERROR OMAudit - user=runner | ip=127.0.0.1 | op=GET_FILE_STATUS {volume=volume-40960, bucket=bucket-06556, key=.Trash, dataSize=0, replicationConfig=null} | ret=FAILURE
org.apache.hadoop.ozone.om.exceptions.OMException: Unable to get file status: volume: volume-40960 bucket: bucket-06556 key: .Trash
	at org.apache.hadoop.ozone.om.KeyManagerImpl.getOzoneFileStatusFSO(KeyManagerImpl.java:1311) ~[ozone-manager-1.4.0-SNAPSHOT.jar:?]
	at org.apache.hadoop.ozone.om.KeyManagerImpl.getFileStatus(KeyManagerImpl.java:1102) ~[ozone-manager-1.4.0-SNAPSHOT.jar:?]
	at org.apache.hadoop.ozone.om.OmMetadataReader.getFileStatus(OmMetadataReader.java:286) ~[ozone-manager-1.4.0-SNAPSHOT.jar:?]
	at org.apache.hadoop.ozone.om.OzoneManager.getFileStatus(OzoneManager.java:3499) ~[ozone-manager-1.4.0-SNAPSHOT.jar:?]
	at org.apache.hadoop.ozone.protocolPB.OzoneManagerRequestHandler.getOzoneFileStatus(OzoneManagerRequestHandler.java:950) ~[ozone-manager-1.4.0-SNAPSHOT.jar:?]
	at org.apache.hadoop.ozone.protocolPB.OzoneManagerRequestHandler.handleReadRequest(OzoneManagerRequestHandler.java:245) ~[ozone-manager-1.4.0-SNAPSHOT.jar:?]
	at org.apache.hadoop.ozone.protocolPB.OzoneManagerProtocolServerSideTranslatorPB.submitReadRequestToOM(OzoneManagerProtocolServerSideTranslatorPB.java:223) ~[ozone-manager-1.4.0-SNAPSHOT.jar:?]
	at org.apache.hadoop.ozone.protocolPB.OzoneManagerProtocolServerSideTranslatorPB.processRequest(OzoneManagerProtocolServerSideTranslatorPB.java:177) ~[ozone-manager-1.4.0-SNAPSHOT.jar:?]
	at org.apache.hadoop.hdds.server.OzoneProtocolMessageDispatcher.processRequest(OzoneProtocolMessageDispatcher.java:87) [hdds-server-framework-1.4.0-SNAPSHOT.jar:?]
	at org.apache.hadoop.ozone.protocolPB.OzoneManagerProtocolServerSideTranslatorPB.submitRequest(OzoneManagerProtocolServerSideTranslatorPB.java:147) [ozone-manager-1.4.0-SNAPSHOT.jar:?]
	at org.apache.hadoop.ozone.protocol.proto.OzoneManagerProtocolProtos$OzoneManagerService$2.callBlockingMethod(OzoneManagerProtocolProtos.java) [ozone-interface-client-1.4.0-SNAPSHOT.jar:?]
	at org.apache.hadoop.ipc.ProtobufRpcEngine$Server.processCall(ProtobufRpcEngine.java:484) [hadoop-common-3.3.5.jar:?]
	at org.apache.hadoop.ipc.ProtobufRpcEngine2$Server$ProtoBufRpcInvoker.call(ProtobufRpcEngine2.java:595) [hadoop-common-3.3.5.jar:?]
	at org.apache.hadoop.ipc.ProtobufRpcEngine2$Server$ProtoBufRpcInvoker.call(ProtobufRpcEngine2.java:573) [hadoop-common-3.3.5.jar:?]
	at org.apache.hadoop.ipc.RPC$Server.call(RPC.java:1213) [hadoop-common-3.3.5.jar:?]
	at org.apache.hadoop.ipc.Server$RpcCall.run(Server.java:1089) [hadoop-common-3.3.5.jar:?]
	at org.apache.hadoop.ipc.Server$RpcCall.run(Server.java:1012) [hadoop-common-3.3.5.jar:?]
	at java.security.AccessController.doPrivileged(Native Method) ~[?:1.8.0_372]
	at javax.security.auth.Subject.doAs(Subject.java:422) [?:1.8.0_372]
	at org.apache.hadoop.security.UserGroupInformation.doAs(UserGroupInformation.java:1899) [hadoop-common-3.3.5.jar:?]
	at org.apache.hadoop.ipc.Server$Handler.run(Server.java:3026) [hadoop-common-3.3.5.jar:?]
21:35:47.101 [IPC Server handler 2 on default port 15004] ERROR OMAudit - user=runner | ip=127.0.0.1 | op=GET_FILE_STATUS {volume=volume67981, bucket=bucket69491, key=.Trash, dataSize=0, replicationConfig=null} | ret=FAILURE
org.apache.hadoop.ozone.om.exceptions.OMException: Unable to get file status: volume: volume67981 bucket: bucket69491 key: .Trash
	at org.apache.hadoop.ozone.om.KeyManagerImpl.getOzoneFileStatusFSO(KeyManagerImpl.java:1311) ~[ozone-manager-1.4.0-SNAPSHOT.jar:?]
	at org.apache.hadoop.ozone.om.KeyManagerImpl.getFileStatus(KeyManagerImpl.java:1102) ~[ozone-manager-1.4.0-SNAPSHOT.jar:?]
	at org.apache.hadoop.ozone.om.OmMetadataReader.getFileStatus(OmMetadataReader.java:286) ~[ozone-manager-1.4.0-SNAPSHOT.jar:?]
	at org.apache.hadoop.ozone.om.OzoneManager.getFileStatus(OzoneManager.java:3499) ~[ozone-manager-1.4.0-SNAPSHOT.jar:?]
	at org.apache.hadoop.ozone.protocolPB.OzoneManagerRequestHandler.getOzoneFileStatus(OzoneManagerRequestHandler.java:950) ~[ozone-manager-1.4.0-SNAPSHOT.jar:?]
	at org.apache.hadoop.ozone.protocolPB.OzoneManagerRequestHandler.handleReadRequest(OzoneManagerRequestHandler.java:245) ~[ozone-manager-1.4.0-SNAPSHOT.jar:?]
	at org.apache.hadoop.ozone.protocolPB.OzoneManagerProtocolServerSideTranslatorPB.submitReadRequestToOM(OzoneManagerProtocolServerSideTranslatorPB.java:223) ~[ozone-manager-1.4.0-SNAPSHOT.jar:?]
	at org.apache.hadoop.ozone.protocolPB.OzoneManagerProtocolServerSideTranslatorPB.processRequest(OzoneManagerProtocolServerSideTranslatorPB.java:177) ~[ozone-manager-1.4.0-SNAPSHOT.jar:?]
	at org.apache.hadoop.hdds.server.OzoneProtocolMessageDispatcher.processRequest(OzoneProtocolMessageDispatcher.java:87) [hdds-server-framework-1.4.0-SNAPSHOT.jar:?]
	at org.apache.hadoop.ozone.protocolPB.OzoneManagerProtocolServerSideTranslatorPB.submitRequest(OzoneManagerProtocolServerSideTranslatorPB.java:147) [ozone-manager-1.4.0-SNAPSHOT.jar:?]
	at org.apache.hadoop.ozone.protocol.proto.OzoneManagerProtocolProtos$OzoneManagerService$2.callBlockingMethod(OzoneManagerProtocolProtos.java) [ozone-interface-client-1.4.0-SNAPSHOT.jar:?]
	at org.apache.hadoop.ipc.ProtobufRpcEngine$Server.processCall(ProtobufRpcEngine.java:484) [hadoop-common-3.3.5.jar:?]
	at org.apache.hadoop.ipc.ProtobufRpcEngine2$Server$ProtoBufRpcInvoker.call(ProtobufRpcEngine2.java:595) [hadoop-common-3.3.5.jar:?]
	at org.apache.hadoop.ipc.ProtobufRpcEngine2$Server$ProtoBufRpcInvoker.call(ProtobufRpcEngine2.java:573) [hadoop-common-3.3.5.jar:?]
	at org.apache.hadoop.ipc.RPC$Server.call(RPC.java:1213) [hadoop-common-3.3.5.jar:?]
	at org.apache.hadoop.ipc.Server$RpcCall.run(Server.java:1089) [hadoop-common-3.3.5.jar:?]
	at org.apache.hadoop.ipc.Server$RpcCall.run(Server.java:1012) [hadoop-common-3.3.5.jar:?]
	at java.security.AccessController.doPrivileged(Native Method) ~[?:1.8.0_372]
	at javax.security.auth.Subject.doAs(Subject.java:422) [?:1.8.0_372]
	at org.apache.hadoop.security.UserGroupInformation.doAs(UserGroupInformation.java:1899) [hadoop-common-3.3.5.jar:?]
	at org.apache.hadoop.ipc.Server$Handler.run(Server.java:3026) [hadoop-common-3.3.5.jar:?]
21:35:47.129 [IPC Server handler 19 on default port 15004] ERROR OMAudit - user=runner | ip=127.0.0.1 | op=GET_FILE_STATUS {volume=volume-40960, bucket=bucket-06556, key=.Trash/runner, dataSize=0, replicationConfig=null} | ret=FAILURE
org.apache.hadoop.ozone.om.exceptions.OMException: Unable to get file status: volume: volume-40960 bucket: bucket-06556 key: .Trash/runner
	at org.apache.hadoop.ozone.om.KeyManagerImpl.getOzoneFileStatusFSO(KeyManagerImpl.java:1311) ~[ozone-manager-1.4.0-SNAPSHOT.jar:?]
	at org.apache.hadoop.ozone.om.KeyManagerImpl.getFileStatus(KeyManagerImpl.java:1102) ~[ozone-manager-1.4.0-SNAPSHOT.jar:?]
	at org.apache.hadoop.ozone.om.OmMetadataReader.getFileStatus(OmMetadataReader.java:286) ~[ozone-manager-1.4.0-SNAPSHOT.jar:?]
	at org.apache.hadoop.ozone.om.OzoneManager.getFileStatus(OzoneManager.java:3499) ~[ozone-manager-1.4.0-SNAPSHOT.jar:?]
	at org.apache.hadoop.ozone.protocolPB.OzoneManagerRequestHandler.getOzoneFileStatus(OzoneManagerRequestHandler.java:950) ~[ozone-manager-1.4.0-SNAPSHOT.jar:?]
	at org.apache.hadoop.ozone.protocolPB.OzoneManagerRequestHandler.handleReadRequest(OzoneManagerRequestHandler.java:245) ~[ozone-manager-1.4.0-SNAPSHOT.jar:?]
	at org.apache.hadoop.ozone.protocolPB.OzoneManagerProtocolServerSideTranslatorPB.submitReadRequestToOM(OzoneManagerProtocolServerSideTranslatorPB.java:223) ~[ozone-manager-1.4.0-SNAPSHOT.jar:?]
	at org.apache.hadoop.ozone.protocolPB.OzoneManagerProtocolServerSideTranslatorPB.processRequest(OzoneManagerProtocolServerSideTranslatorPB.java:177) ~[ozone-manager-1.4.0-SNAPSHOT.jar:?]
	at org.apache.hadoop.hdds.server.OzoneProtocolMessageDispatcher.processRequest(OzoneProtocolMessageDispatcher.java:87) [hdds-server-framework-1.4.0-SNAPSHOT.jar:?]
	at org.apache.hadoop.ozone.protocolPB.OzoneManagerProtocolServerSideTranslatorPB.submitRequest(OzoneManagerProtocolServerSideTranslatorPB.java:147) [ozone-manager-1.4.0-SNAPSHOT.jar:?]
	at org.apache.hadoop.ozone.protocol.proto.OzoneManagerProtocolProtos$OzoneManagerService$2.callBlockingMethod(OzoneManagerProtocolProtos.java) [ozone-interface-client-1.4.0-SNAPSHOT.jar:?]
	at org.apache.hadoop.ipc.ProtobufRpcEngine$Server.processCall(ProtobufRpcEngine.java:484) [hadoop-common-3.3.5.jar:?]
	at org.apache.hadoop.ipc.ProtobufRpcEngine2$Server$ProtoBufRpcInvoker.call(ProtobufRpcEngine2.java:595) [hadoop-common-3.3.5.jar:?]
	at org.apache.hadoop.ipc.ProtobufRpcEngine2$Server$ProtoBufRpcInvoker.call(ProtobufRpcEngine2.java:573) [hadoop-common-3.3.5.jar:?]
	at org.apache.hadoop.ipc.RPC$Server.call(RPC.java:1213) [hadoop-common-3.3.5.jar:?]
	at org.apache.hadoop.ipc.Server$RpcCall.run(Server.java:1089) [hadoop-common-3.3.5.jar:?]
	at org.apache.hadoop.ipc.Server$RpcCall.run(Server.java:1012) [hadoop-common-3.3.5.jar:?]
	at java.security.AccessController.doPrivileged(Native Method) ~[?:1.8.0_372]
	at javax.security.auth.Subject.doAs(Subject.java:422) [?:1.8.0_372]
	at org.apache.hadoop.security.UserGroupInformation.doAs(UserGroupInformation.java:1899) [hadoop-common-3.3.5.jar:?]
	at org.apache.hadoop.ipc.Server$Handler.run(Server.java:3026) [hadoop-common-3.3.5.jar:?]
21:35:47.133 [IPC Server handler 4 on default port 15004] ERROR OMAudit - user=runner | ip=127.0.0.1 | op=GET_FILE_STATUS {volume=volume-37019, bucket=bucket-46042, key=.Trash/runner, dataSize=0, replicationConfig=null} | ret=FAILURE
org.apache.hadoop.ozone.om.exceptions.OMException: Unable to get file status: volume: volume-37019 bucket: bucket-46042 key: .Trash/runner
	at org.apache.hadoop.ozone.om.KeyManagerImpl.getOzoneFileStatusFSO(KeyManagerImpl.java:1311) ~[ozone-manager-1.4.0-SNAPSHOT.jar:?]
	at org.apache.hadoop.ozone.om.KeyManagerImpl.getFileStatus(KeyManagerImpl.java:1102) ~[ozone-manager-1.4.0-SNAPSHOT.jar:?]
	at org.apache.hadoop.ozone.om.OmMetadataReader.getFileStatus(OmMetadataReader.java:286) ~[ozone-manager-1.4.0-SNAPSHOT.jar:?]
	at org.apache.hadoop.ozone.om.OzoneManager.getFileStatus(OzoneManager.java:3499) ~[ozone-manager-1.4.0-SNAPSHOT.jar:?]
	at org.apache.hadoop.ozone.protocolPB.OzoneManagerRequestHandler.getOzoneFileStatus(OzoneManagerRequestHandler.java:950) ~[ozone-manager-1.4.0-SNAPSHOT.jar:?]
	at org.apache.hadoop.ozone.protocolPB.OzoneManagerRequestHandler.handleReadRequest(OzoneManagerRequestHandler.java:245) ~[ozone-manager-1.4.0-SNAPSHOT.jar:?]
	at org.apache.hadoop.ozone.protocolPB.OzoneManagerProtocolServerSideTranslatorPB.submitReadRequestToOM(OzoneManagerProtocolServerSideTranslatorPB.java:223) ~[ozone-manager-1.4.0-SNAPSHOT.jar:?]
	at org.apache.hadoop.ozone.protocolPB.OzoneManagerProtocolServerSideTranslatorPB.processRequest(OzoneManagerProtocolServerSideTranslatorPB.java:177) ~[ozone-manager-1.4.0-SNAPSHOT.jar:?]
	at org.apache.hadoop.hdds.server.OzoneProtocolMessageDispatcher.processRequest(OzoneProtocolMessageDispatcher.java:87) [hdds-server-framework-1.4.0-SNAPSHOT.jar:?]
	at org.apache.hadoop.ozone.protocolPB.OzoneManagerProtocolServerSideTranslatorPB.submitRequest(OzoneManagerProtocolServerSideTranslatorPB.java:147) [ozone-manager-1.4.0-SNAPSHOT.jar:?]
	at org.apache.hadoop.ozone.protocol.proto.OzoneManagerProtocolProtos$OzoneManagerService$2.callBlockingMethod(OzoneManagerProtocolProtos.java) [ozone-interface-client-1.4.0-SNAPSHOT.jar:?]
	at org.apache.hadoop.ipc.ProtobufRpcEngine$Server.processCall(ProtobufRpcEngine.java:484) [hadoop-common-3.3.5.jar:?]
	at org.apache.hadoop.ipc.ProtobufRpcEngine2$Server$ProtoBufRpcInvoker.call(ProtobufRpcEngine2.java:595) [hadoop-common-3.3.5.jar:?]
	at org.apache.hadoop.ipc.ProtobufRpcEngine2$Server$ProtoBufRpcInvoker.call(ProtobufRpcEngine2.java:573) [hadoop-common-3.3.5.jar:?]
	at org.apache.hadoop.ipc.RPC$Server.call(RPC.java:1213) [hadoop-common-3.3.5.jar:?]
	at org.apache.hadoop.ipc.Server$RpcCall.run(Server.java:1089) [hadoop-common-3.3.5.jar:?]
	at org.apache.hadoop.ipc.Server$RpcCall.run(Server.java:1012) [hadoop-common-3.3.5.jar:?]
	at java.security.AccessController.doPrivileged(Native Method) ~[?:1.8.0_372]
	at javax.security.auth.Subject.doAs(Subject.java:422) [?:1.8.0_372]
	at org.apache.hadoop.security.UserGroupInformation.doAs(UserGroupInformation.java:1899) [hadoop-common-3.3.5.jar:?]
	at org.apache.hadoop.ipc.Server$Handler.run(Server.java:3026) [hadoop-common-3.3.5.jar:?]
21:35:47.135 [IPC Server handler 7 on default port 15004] ERROR OMAudit - user=runner | ip=127.0.0.1 | op=GET_FILE_STATUS {volume=volume-13413, bucket=bucket3, key=.Trash/runner, dataSize=0, replicationConfig=null} | ret=FAILURE
org.apache.hadoop.ozone.om.exceptions.OMException: Unable to get file status: volume: volume-13413 bucket: bucket3 key: .Trash/runner
	at org.apache.hadoop.ozone.om.KeyManagerImpl.getOzoneFileStatusFSO(KeyManagerImpl.java:1311) ~[ozone-manager-1.4.0-SNAPSHOT.jar:?]
	at org.apache.hadoop.ozone.om.KeyManagerImpl.getFileStatus(KeyManagerImpl.java:1102) ~[ozone-manager-1.4.0-SNAPSHOT.jar:?]
	at org.apache.hadoop.ozone.om.OmMetadataReader.getFileStatus(OmMetadataReader.java:286) ~[ozone-manager-1.4.0-SNAPSHOT.jar:?]
	at org.apache.hadoop.ozone.om.OzoneManager.getFileStatus(OzoneManager.java:3499) ~[ozone-manager-1.4.0-SNAPSHOT.jar:?]
	at org.apache.hadoop.ozone.protocolPB.OzoneManagerRequestHandler.getOzoneFileStatus(OzoneManagerRequestHandler.java:950) ~[ozone-manager-1.4.0-SNAPSHOT.jar:?]
	at org.apache.hadoop.ozone.protocolPB.OzoneManagerRequestHandler.handleReadRequest(OzoneManagerRequestHandler.java:245) ~[ozone-manager-1.4.0-SNAPSHOT.jar:?]
	at org.apache.hadoop.ozone.protocolPB.OzoneManagerProtocolServerSideTranslatorPB.submitReadRequestToOM(OzoneManagerProtocolServerSideTranslatorPB.java:223) ~[ozone-manager-1.4.0-SNAPSHOT.jar:?]
	at org.apache.hadoop.ozone.protocolPB.OzoneManagerProtocolServerSideTranslatorPB.processRequest(OzoneManagerProtocolServerSideTranslatorPB.java:177) ~[ozone-manager-1.4.0-SNAPSHOT.jar:?]
	at org.apache.hadoop.hdds.server.OzoneProtocolMessageDispatcher.processRequest(OzoneProtocolMessageDispatcher.java:87) [hdds-server-framework-1.4.0-SNAPSHOT.jar:?]
	at org.apache.hadoop.ozone.protocolPB.OzoneManagerProtocolServerSideTranslatorPB.submitRequest(OzoneManagerProtocolServerSideTranslatorPB.java:147) [ozone-manager-1.4.0-SNAPSHOT.jar:?]
	at org.apache.hadoop.ozone.protocol.proto.OzoneManagerProtocolProtos$OzoneManagerService$2.callBlockingMethod(OzoneManagerProtocolProtos.java) [ozone-interface-client-1.4.0-SNAPSHOT.jar:?]
	at org.apache.hadoop.ipc.ProtobufRpcEngine$Server.processCall(ProtobufRpcEngine.java:484) [hadoop-common-3.3.5.jar:?]
	at org.apache.hadoop.ipc.ProtobufRpcEngine2$Server$ProtoBufRpcInvoker.call(ProtobufRpcEngine2.java:595) [hadoop-common-3.3.5.jar:?]
	at org.apache.hadoop.ipc.ProtobufRpcEngine2$Server$ProtoBufRpcInvoker.call(ProtobufRpcEngine2.java:573) [hadoop-common-3.3.5.jar:?]
	at org.apache.hadoop.ipc.RPC$Server.call(RPC.java:1213) [hadoop-common-3.3.5.jar:?]
	at org.apache.hadoop.ipc.Server$RpcCall.run(Server.java:1089) [hadoop-common-3.3.5.jar:?]
	at org.apache.hadoop.ipc.Server$RpcCall.run(Server.java:1012) [hadoop-common-3.3.5.jar:?]
	at java.security.AccessController.doPrivileged(Native Method) ~[?:1.8.0_372]
	at javax.security.auth.Subject.doAs(Subject.java:422) [?:1.8.0_372]
	at org.apache.hadoop.security.UserGroupInformation.doAs(UserGroupInformation.java:1899) [hadoop-common-3.3.5.jar:?]
	at org.apache.hadoop.ipc.Server$Handler.run(Server.java:3026) [hadoop-common-3.3.5.jar:?]
21:35:47.153 [IPC Server handler 7 on default port 15004] ERROR OMAudit - user=runner | ip=127.0.0.1 | op=GET_FILE_STATUS {volume=c5114827-810a-46d6-b873-cfac3b5f6917, bucket=157b57d1-2b34-4b36-8944-9406453d8814, key=.Trash, dataSize=0, replicationConfig=null} | ret=FAILURE
org.apache.hadoop.ozone.om.exceptions.OMException: Unable to get file status: volume: c5114827-810a-46d6-b873-cfac3b5f6917 bucket: 157b57d1-2b34-4b36-8944-9406453d8814 key: .Trash
	at org.apache.hadoop.ozone.om.KeyManagerImpl.getOzoneFileStatus(KeyManagerImpl.java:1186) ~[ozone-manager-1.4.0-SNAPSHOT.jar:?]
	at org.apache.hadoop.ozone.om.KeyManagerImpl.getFileStatus(KeyManagerImpl.java:1104) ~[ozone-manager-1.4.0-SNAPSHOT.jar:?]
	at org.apache.hadoop.ozone.om.OmMetadataReader.getFileStatus(OmMetadataReader.java:286) ~[ozone-manager-1.4.0-SNAPSHOT.jar:?]
	at org.apache.hadoop.ozone.om.OzoneManager.getFileStatus(OzoneManager.java:3499) ~[ozone-manager-1.4.0-SNAPSHOT.jar:?]
	at org.apache.hadoop.ozone.protocolPB.OzoneManagerRequestHandler.getOzoneFileStatus(OzoneManagerRequestHandler.java:950) ~[ozone-manager-1.4.0-SNAPSHOT.jar:?]
	at org.apache.hadoop.ozone.protocolPB.OzoneManagerRequestHandler.handleReadRequest(OzoneManagerRequestHandler.java:245) ~[ozone-manager-1.4.0-SNAPSHOT.jar:?]
	at org.apache.hadoop.ozone.protocolPB.OzoneManagerProtocolServerSideTranslatorPB.submitReadRequestToOM(OzoneManagerProtocolServerSideTranslatorPB.java:223) ~[ozone-manager-1.4.0-SNAPSHOT.jar:?]
	at org.apache.hadoop.ozone.protocolPB.OzoneManagerProtocolServerSideTranslatorPB.processRequest(OzoneManagerProtocolServerSideTranslatorPB.java:177) ~[ozone-manager-1.4.0-SNAPSHOT.jar:?]
	at org.apache.hadoop.hdds.server.OzoneProtocolMessageDispatcher.processRequest(OzoneProtocolMessageDispatcher.java:87) [hdds-server-framework-1.4.0-SNAPSHOT.jar:?]
	at org.apache.hadoop.ozone.protocolPB.OzoneManagerProtocolServerSideTranslatorPB.submitRequest(OzoneManagerProtocolServerSideTranslatorPB.java:147) [ozone-manager-1.4.0-SNAPSHOT.jar:?]
	at org.apache.hadoop.ozone.protocol.proto.OzoneManagerProtocolProtos$OzoneManagerService$2.callBlockingMethod(OzoneManagerProtocolProtos.java) [ozone-interface-client-1.4.0-SNAPSHOT.jar:?]
	at org.apache.hadoop.ipc.ProtobufRpcEngine$Server.processCall(ProtobufRpcEngine.java:484) [hadoop-common-3.3.5.jar:?]
	at org.apache.hadoop.ipc.ProtobufRpcEngine2$Server$ProtoBufRpcInvoker.call(ProtobufRpcEngine2.java:595) [hadoop-common-3.3.5.jar:?]
	at org.apache.hadoop.ipc.ProtobufRpcEngine2$Server$ProtoBufRpcInvoker.call(ProtobufRpcEngine2.java:573) [hadoop-common-3.3.5.jar:?]
	at org.apache.hadoop.ipc.RPC$Server.call(RPC.java:1213) [hadoop-common-3.3.5.jar:?]
	at org.apache.hadoop.ipc.Server$RpcCall.run(Server.java:1089) [hadoop-common-3.3.5.jar:?]
	at org.apache.hadoop.ipc.Server$RpcCall.run(Server.java:1012) [hadoop-common-3.3.5.jar:?]
	at java.security.AccessController.doPrivileged(Native Method) ~[?:1.8.0_372]
	at javax.security.auth.Subject.doAs(Subject.java:422) [?:1.8.0_372]
	at org.apache.hadoop.security.UserGroupInformation.doAs(UserGroupInformation.java:1899) [hadoop-common-3.3.5.jar:?]
	at org.apache.hadoop.ipc.Server$Handler.run(Server.java:3026) [hadoop-common-3.3.5.jar:?]
21:35:47.157 [IPC Server handler 12 on default port 15004] ERROR OMAudit - user=runner | ip=127.0.0.1 | op=GET_FILE_STATUS {volume=volume-13413, bucket=bucket3, key=.Trash, dataSize=0, replicationConfig=null} | ret=FAILURE
org.apache.hadoop.ozone.om.exceptions.OMException: Unable to get file status: volume: volume-13413 bucket: bucket3 key: .Trash
	at org.apache.hadoop.ozone.om.KeyManagerImpl.getOzoneFileStatusFSO(KeyManagerImpl.java:1311) ~[ozone-manager-1.4.0-SNAPSHOT.jar:?]
	at org.apache.hadoop.ozone.om.KeyManagerImpl.getFileStatus(KeyManagerImpl.java:1102) ~[ozone-manager-1.4.0-SNAPSHOT.jar:?]
	at org.apache.hadoop.ozone.om.OmMetadataReader.getFileStatus(OmMetadataReader.java:286) ~[ozone-manager-1.4.0-SNAPSHOT.jar:?]
	at org.apache.hadoop.ozone.om.OzoneManager.getFileStatus(OzoneManager.java:3499) ~[ozone-manager-1.4.0-SNAPSHOT.jar:?]
	at org.apache.hadoop.ozone.protocolPB.OzoneManagerRequestHandler.getOzoneFileStatus(OzoneManagerRequestHandler.java:950) ~[ozone-manager-1.4.0-SNAPSHOT.jar:?]
	at org.apache.hadoop.ozone.protocolPB.OzoneManagerRequestHandler.handleReadRequest(OzoneManagerRequestHandler.java:245) ~[ozone-manager-1.4.0-SNAPSHOT.jar:?]
	at org.apache.hadoop.ozone.protocolPB.OzoneManagerProtocolServerSideTranslatorPB.submitReadRequestToOM(OzoneManagerProtocolServerSideTranslatorPB.java:223) ~[ozone-manager-1.4.0-SNAPSHOT.jar:?]
	at org.apache.hadoop.ozone.protocolPB.OzoneManagerProtocolServerSideTranslatorPB.processRequest(OzoneManagerProtocolServerSideTranslatorPB.java:177) ~[ozone-manager-1.4.0-SNAPSHOT.jar:?]
	at org.apache.hadoop.hdds.server.OzoneProtocolMessageDispatcher.processRequest(OzoneProtocolMessageDispatcher.java:87) [hdds-server-framework-1.4.0-SNAPSHOT.jar:?]
	at org.apache.hadoop.ozone.protocolPB.OzoneManagerProtocolServerSideTranslatorPB.submitRequest(OzoneManagerProtocolServerSideTranslatorPB.java:147) [ozone-manager-1.4.0-SNAPSHOT.jar:?]
	at org.apache.hadoop.ozone.protocol.proto.OzoneManagerProtocolProtos$OzoneManagerService$2.callBlockingMethod(OzoneManagerProtocolProtos.java) [ozone-interface-client-1.4.0-SNAPSHOT.jar:?]
	at org.apache.hadoop.ipc.ProtobufRpcEngine$Server.processCall(ProtobufRpcEngine.java:484) [hadoop-common-3.3.5.jar:?]
	at org.apache.hadoop.ipc.ProtobufRpcEngine2$Server$ProtoBufRpcInvoker.call(ProtobufRpcEngine2.java:595) [hadoop-common-3.3.5.jar:?]
	at org.apache.hadoop.ipc.ProtobufRpcEngine2$Server$ProtoBufRpcInvoker.call(ProtobufRpcEngine2.java:573) [hadoop-common-3.3.5.jar:?]
	at org.apache.hadoop.ipc.RPC$Server.call(RPC.java:1213) [hadoop-common-3.3.5.jar:?]
	at org.apache.hadoop.ipc.Server$RpcCall.run(Server.java:1089) [hadoop-common-3.3.5.jar:?]
	at org.apache.hadoop.ipc.Server$RpcCall.run(Server.java:1012) [hadoop-common-3.3.5.jar:?]
	at java.security.AccessController.doPrivileged(Native Method) ~[?:1.8.0_372]
	at javax.security.auth.Subject.doAs(Subject.java:422) [?:1.8.0_372]
	at org.apache.hadoop.security.UserGroupInformation.doAs(UserGroupInformation.java:1899) [hadoop-common-3.3.5.jar:?]
	at org.apache.hadoop.ipc.Server$Handler.run(Server.java:3026) [hadoop-common-3.3.5.jar:?]
21:35:47.159 [IPC Server handler 18 on default port 15004] ERROR OMAudit - user=runner | ip=127.0.0.1 | op=GET_FILE_STATUS {volume=volume-37019, bucket=bucket-46042, key=.Trash, dataSize=0, replicationConfig=null} | ret=FAILURE
org.apache.hadoop.ozone.om.exceptions.OMException: Unable to get file status: volume: volume-37019 bucket: bucket-46042 key: .Trash
	at org.apache.hadoop.ozone.om.KeyManagerImpl.getOzoneFileStatusFSO(KeyManagerImpl.java:1311) ~[ozone-manager-1.4.0-SNAPSHOT.jar:?]
	at org.apache.hadoop.ozone.om.KeyManagerImpl.getFileStatus(KeyManagerImpl.java:1102) ~[ozone-manager-1.4.0-SNAPSHOT.jar:?]
	at org.apache.hadoop.ozone.om.OmMetadataReader.getFileStatus(OmMetadataReader.java:286) ~[ozone-manager-1.4.0-SNAPSHOT.jar:?]
	at org.apache.hadoop.ozone.om.OzoneManager.getFileStatus(OzoneManager.java:3499) ~[ozone-manager-1.4.0-SNAPSHOT.jar:?]
	at org.apache.hadoop.ozone.protocolPB.OzoneManagerRequestHandler.getOzoneFileStatus(OzoneManagerRequestHandler.java:950) ~[ozone-manager-1.4.0-SNAPSHOT.jar:?]
	at org.apache.hadoop.ozone.protocolPB.OzoneManagerRequestHandler.handleReadRequest(OzoneManagerRequestHandler.java:245) ~[ozone-manager-1.4.0-SNAPSHOT.jar:?]
	at org.apache.hadoop.ozone.protocolPB.OzoneManagerProtocolServerSideTranslatorPB.submitReadRequestToOM(OzoneManagerProtocolServerSideTranslatorPB.java:223) ~[ozone-manager-1.4.0-SNAPSHOT.jar:?]
	at org.apache.hadoop.ozone.protocolPB.OzoneManagerProtocolServerSideTranslatorPB.processRequest(OzoneManagerProtocolServerSideTranslatorPB.java:177) ~[ozone-manager-1.4.0-SNAPSHOT.jar:?]
	at org.apache.hadoop.hdds.server.OzoneProtocolMessageDispatcher.processRequest(OzoneProtocolMessageDispatcher.java:87) [hdds-server-framework-1.4.0-SNAPSHOT.jar:?]
	at org.apache.hadoop.ozone.protocolPB.OzoneManagerProtocolServerSideTranslatorPB.submitRequest(OzoneManagerProtocolServerSideTranslatorPB.java:147) [ozone-manager-1.4.0-SNAPSHOT.jar:?]
	at org.apache.hadoop.ozone.protocol.proto.OzoneManagerProtocolProtos$OzoneManagerService$2.callBlockingMethod(OzoneManagerProtocolProtos.java) [ozone-interface-client-1.4.0-SNAPSHOT.jar:?]
	at org.apache.hadoop.ipc.ProtobufRpcEngine$Server.processCall(ProtobufRpcEngine.java:484) [hadoop-common-3.3.5.jar:?]
	at org.apache.hadoop.ipc.ProtobufRpcEngine2$Server$ProtoBufRpcInvoker.call(ProtobufRpcEngine2.java:595) [hadoop-common-3.3.5.jar:?]
	at org.apache.hadoop.ipc.ProtobufRpcEngine2$Server$ProtoBufRpcInvoker.call(ProtobufRpcEngine2.java:573) [hadoop-common-3.3.5.jar:?]
	at org.apache.hadoop.ipc.RPC$Server.call(RPC.java:1213) [hadoop-common-3.3.5.jar:?]
	at org.apache.hadoop.ipc.Server$RpcCall.run(Server.java:1089) [hadoop-common-3.3.5.jar:?]
	at org.apache.hadoop.ipc.Server$RpcCall.run(Server.java:1012) [hadoop-common-3.3.5.jar:?]
	at java.security.AccessController.doPrivileged(Native Method) ~[?:1.8.0_372]
	at javax.security.auth.Subject.doAs(Subject.java:422) [?:1.8.0_372]
	at org.apache.hadoop.security.UserGroupInformation.doAs(UserGroupInformation.java:1899) [hadoop-common-3.3.5.jar:?]
	at org.apache.hadoop.ipc.Server$Handler.run(Server.java:3026) [hadoop-common-3.3.5.jar:?]
21:35:47.162 [IPC Server handler 1 on default port 15004] ERROR OMAudit - user=runner | ip=127.0.0.1 | op=GET_FILE_STATUS {volume=volume-40960, bucket=bucket-06556, key=.Trash, dataSize=0, replicationConfig=null} | ret=FAILURE
org.apache.hadoop.ozone.om.exceptions.OMException: Unable to get file status: volume: volume-40960 bucket: bucket-06556 key: .Trash
	at org.apache.hadoop.ozone.om.KeyManagerImpl.getOzoneFileStatusFSO(KeyManagerImpl.java:1311) ~[ozone-manager-1.4.0-SNAPSHOT.jar:?]
	at org.apache.hadoop.ozone.om.KeyManagerImpl.getFileStatus(KeyManagerImpl.java:1102) ~[ozone-manager-1.4.0-SNAPSHOT.jar:?]
	at org.apache.hadoop.ozone.om.OmMetadataReader.getFileStatus(OmMetadataReader.java:286) ~[ozone-manager-1.4.0-SNAPSHOT.jar:?]
	at org.apache.hadoop.ozone.om.OzoneManager.getFileStatus(OzoneManager.java:3499) ~[ozone-manager-1.4.0-SNAPSHOT.jar:?]
	at org.apache.hadoop.ozone.protocolPB.OzoneManagerRequestHandler.getOzoneFileStatus(OzoneManagerRequestHandler.java:950) ~[ozone-manager-1.4.0-SNAPSHOT.jar:?]
	at org.apache.hadoop.ozone.protocolPB.OzoneManagerRequestHandler.handleReadRequest(OzoneManagerRequestHandler.java:245) ~[ozone-manager-1.4.0-SNAPSHOT.jar:?]
	at org.apache.hadoop.ozone.protocolPB.OzoneManagerProtocolServerSideTranslatorPB.submitReadRequestToOM(OzoneManagerProtocolServerSideTranslatorPB.java:223) ~[ozone-manager-1.4.0-SNAPSHOT.jar:?]
	at org.apache.hadoop.ozone.protocolPB.OzoneManagerProtocolServerSideTranslatorPB.processRequest(OzoneManagerProtocolServerSideTranslatorPB.java:177) ~[ozone-manager-1.4.0-SNAPSHOT.jar:?]
	at org.apache.hadoop.hdds.server.OzoneProtocolMessageDispatcher.processRequest(OzoneProtocolMessageDispatcher.java:87) [hdds-server-framework-1.4.0-SNAPSHOT.jar:?]
	at org.apache.hadoop.ozone.protocolPB.OzoneManagerProtocolServerSideTranslatorPB.submitRequest(OzoneManagerProtocolServerSideTranslatorPB.java:147) [ozone-manager-1.4.0-SNAPSHOT.jar:?]
	at org.apache.hadoop.ozone.protocol.proto.OzoneManagerProtocolProtos$OzoneManagerService$2.callBlockingMethod(OzoneManagerProtocolProtos.java) [ozone-interface-client-1.4.0-SNAPSHOT.jar:?]
	at org.apache.hadoop.ipc.ProtobufRpcEngine$Server.processCall(ProtobufRpcEngine.java:484) [hadoop-common-3.3.5.jar:?]
	at org.apache.hadoop.ipc.ProtobufRpcEngine2$Server$ProtoBufRpcInvoker.call(ProtobufRpcEngine2.java:595) [hadoop-common-3.3.5.jar:?]
	at org.apache.hadoop.ipc.ProtobufRpcEngine2$Server$ProtoBufRpcInvoker.call(ProtobufRpcEngine2.java:573) [hadoop-common-3.3.5.jar:?]
	at org.apache.hadoop.ipc.RPC$Server.call(RPC.java:1213) [hadoop-common-3.3.5.jar:?]
	at org.apache.hadoop.ipc.Server$RpcCall.run(Server.java:1089) [hadoop-common-3.3.5.jar:?]
	at org.apache.hadoop.ipc.Server$RpcCall.run(Server.java:1012) [hadoop-common-3.3.5.jar:?]
	at java.security.AccessController.doPrivileged(Native Method) ~[?:1.8.0_372]
	at javax.security.auth.Subject.doAs(Subject.java:422) [?:1.8.0_372]
	at org.apache.hadoop.security.UserGroupInformation.doAs(UserGroupInformation.java:1899) [hadoop-common-3.3.5.jar:?]
	at org.apache.hadoop.ipc.Server$Handler.run(Server.java:3026) [hadoop-common-3.3.5.jar:?]
21:35:47.173 [IPC Server handler 15 on default port 15004] ERROR OMAudit - user=runner | ip=127.0.0.1 | op=GET_FILE_STATUS {volume=volume67981, bucket=bucket69491, key=.Trash, dataSize=0, replicationConfig=null} | ret=FAILURE
org.apache.hadoop.ozone.om.exceptions.OMException: Unable to get file status: volume: volume67981 bucket: bucket69491 key: .Trash
	at org.apache.hadoop.ozone.om.KeyManagerImpl.getOzoneFileStatusFSO(KeyManagerImpl.java:1311) ~[ozone-manager-1.4.0-SNAPSHOT.jar:?]
	at org.apache.hadoop.ozone.om.KeyManagerImpl.getFileStatus(KeyManagerImpl.java:1102) ~[ozone-manager-1.4.0-SNAPSHOT.jar:?]
	at org.apache.hadoop.ozone.om.OmMetadataReader.getFileStatus(OmMetadataReader.java:286) ~[ozone-manager-1.4.0-SNAPSHOT.jar:?]
	at org.apache.hadoop.ozone.om.OzoneManager.getFileStatus(OzoneManager.java:3499) ~[ozone-manager-1.4.0-SNAPSHOT.jar:?]
	at org.apache.hadoop.ozone.protocolPB.OzoneManagerRequestHandler.getOzoneFileStatus(OzoneManagerRequestHandler.java:950) ~[ozone-manager-1.4.0-SNAPSHOT.jar:?]
	at org.apache.hadoop.ozone.protocolPB.OzoneManagerRequestHandler.handleReadRequest(OzoneManagerRequestHandler.java:245) ~[ozone-manager-1.4.0-SNAPSHOT.jar:?]
	at org.apache.hadoop.ozone.protocolPB.OzoneManagerProtocolServerSideTranslatorPB.submitReadRequestToOM(OzoneManagerProtocolServerSideTranslatorPB.java:223) ~[ozone-manager-1.4.0-SNAPSHOT.jar:?]
	at org.apache.hadoop.ozone.protocolPB.OzoneManagerProtocolServerSideTranslatorPB.processRequest(OzoneManagerProtocolServerSideTranslatorPB.java:177) ~[ozone-manager-1.4.0-SNAPSHOT.jar:?]
	at org.apache.hadoop.hdds.server.OzoneProtocolMessageDispatcher.processRequest(OzoneProtocolMessageDispatcher.java:87) [hdds-server-framework-1.4.0-SNAPSHOT.jar:?]
	at org.apache.hadoop.ozone.protocolPB.OzoneManagerProtocolServerSideTranslatorPB.submitRequest(OzoneManagerProtocolServerSideTranslatorPB.java:147) [ozone-manager-1.4.0-SNAPSHOT.jar:?]
	at org.apache.hadoop.ozone.protocol.proto.OzoneManagerProtocolProtos$OzoneManagerService$2.callBlockingMethod(OzoneManagerProtocolProtos.java) [ozone-interface-client-1.4.0-SNAPSHOT.jar:?]
	at org.apache.hadoop.ipc.ProtobufRpcEngine$Server.processCall(ProtobufRpcEngine.java:484) [hadoop-common-3.3.5.jar:?]
	at org.apache.hadoop.ipc.ProtobufRpcEngine2$Server$ProtoBufRpcInvoker.call(ProtobufRpcEngine2.java:595) [hadoop-common-3.3.5.jar:?]
	at org.apache.hadoop.ipc.ProtobufRpcEngine2$Server$ProtoBufRpcInvoker.call(ProtobufRpcEngine2.java:573) [hadoop-common-3.3.5.jar:?]
	at org.apache.hadoop.ipc.RPC$Server.call(RPC.java:1213) [hadoop-common-3.3.5.jar:?]
	at org.apache.hadoop.ipc.Server$RpcCall.run(Server.java:1089) [hadoop-common-3.3.5.jar:?]
	at org.apache.hadoop.ipc.Server$RpcCall.run(Server.java:1012) [hadoop-common-3.3.5.jar:?]
	at java.security.AccessController.doPrivileged(Native Method) ~[?:1.8.0_372]
	at javax.security.auth.Subject.doAs(Subject.java:422) [?:1.8.0_372]
	at org.apache.hadoop.security.UserGroupInformation.doAs(UserGroupInformation.java:1899) [hadoop-common-3.3.5.jar:?]
	at org.apache.hadoop.ipc.Server$Handler.run(Server.java:3026) [hadoop-common-3.3.5.jar:?]
21:35:47.195 [IPC Server handler 10 on default port 15004] ERROR OMAudit - user=runner | ip=127.0.0.1 | op=GET_FILE_STATUS {volume=volume26500, bucket=bucket42741, key=.Trash/runner, dataSize=0, replicationConfig=null} | ret=FAILURE
org.apache.hadoop.ozone.om.exceptions.OMException: Unable to get file status: volume: volume26500 bucket: bucket42741 key: .Trash/runner
	at org.apache.hadoop.ozone.om.KeyManagerImpl.getOzoneFileStatusFSO(KeyManagerImpl.java:1311) ~[ozone-manager-1.4.0-SNAPSHOT.jar:?]
	at org.apache.hadoop.ozone.om.KeyManagerImpl.getFileStatus(KeyManagerImpl.java:1102) ~[ozone-manager-1.4.0-SNAPSHOT.jar:?]
	at org.apache.hadoop.ozone.om.OmMetadataReader.getFileStatus(OmMetadataReader.java:286) ~[ozone-manager-1.4.0-SNAPSHOT.jar:?]
	at org.apache.hadoop.ozone.om.OzoneManager.getFileStatus(OzoneManager.java:3499) ~[ozone-manager-1.4.0-SNAPSHOT.jar:?]
	at org.apache.hadoop.ozone.protocolPB.OzoneManagerRequestHandler.getOzoneFileStatus(OzoneManagerRequestHandler.java:950) ~[ozone-manager-1.4.0-SNAPSHOT.jar:?]
	at org.apache.hadoop.ozone.protocolPB.OzoneManagerRequestHandler.handleReadRequest(OzoneManagerRequestHandler.java:245) ~[ozone-manager-1.4.0-SNAPSHOT.jar:?]
	at org.apache.hadoop.ozone.protocolPB.OzoneManagerProtocolServerSideTranslatorPB.submitReadRequestToOM(OzoneManagerProtocolServerSideTranslatorPB.java:223) ~[ozone-manager-1.4.0-SNAPSHOT.jar:?]
	at org.apache.hadoop.ozone.protocolPB.OzoneManagerProtocolServerSideTranslatorPB.processRequest(OzoneManagerProtocolServerSideTranslatorPB.java:177) ~[ozone-manager-1.4.0-SNAPSHOT.jar:?]
	at org.apache.hadoop.hdds.server.OzoneProtocolMessageDispatcher.processRequest(OzoneProtocolMessageDispatcher.java:87) [hdds-server-framework-1.4.0-SNAPSHOT.jar:?]
	at org.apache.hadoop.ozone.protocolPB.OzoneManagerProtocolServerSideTranslatorPB.submitRequest(OzoneManagerProtocolServerSideTranslatorPB.java:147) [ozone-manager-1.4.0-SNAPSHOT.jar:?]
	at org.apache.hadoop.ozone.protocol.proto.OzoneManagerProtocolProtos$OzoneManagerService$2.callBlockingMethod(OzoneManagerProtocolProtos.java) [ozone-interface-client-1.4.0-SNAPSHOT.jar:?]
	at org.apache.hadoop.ipc.ProtobufRpcEngine$Server.processCall(ProtobufRpcEngine.java:484) [hadoop-common-3.3.5.jar:?]
	at org.apache.hadoop.ipc.ProtobufRpcEngine2$Server$ProtoBufRpcInvoker.call(ProtobufRpcEngine2.java:595) [hadoop-common-3.3.5.jar:?]
	at org.apache.hadoop.ipc.ProtobufRpcEngine2$Server$ProtoBufRpcInvoker.call(ProtobufRpcEngine2.java:573) [hadoop-common-3.3.5.jar:?]
	at org.apache.hadoop.ipc.RPC$Server.call(RPC.java:1213) [hadoop-common-3.3.5.jar:?]
	at org.apache.hadoop.ipc.Server$RpcCall.run(Server.java:1089) [hadoop-common-3.3.5.jar:?]
	at org.apache.hadoop.ipc.Server$RpcCall.run(Server.java:1012) [hadoop-common-3.3.5.jar:?]
	at java.security.AccessController.doPrivileged(Native Method) ~[?:1.8.0_372]
	at javax.security.auth.Subject.doAs(Subject.java:422) [?:1.8.0_372]
	at org.apache.hadoop.security.UserGroupInformation.doAs(UserGroupInformation.java:1899) [hadoop-common-3.3.5.jar:?]
	at org.apache.hadoop.ipc.Server$Handler.run(Server.java:3026) [hadoop-common-3.3.5.jar:?]
21:35:47.198 [IPC Server handler 6 on default port 15004] ERROR OMAudit - user=runner | ip=127.0.0.1 | op=GET_FILE_STATUS {volume=volume-40960, bucket=bucket-06556, key=.Trash/runner, dataSize=0, replicationConfig=null} | ret=FAILURE
org.apache.hadoop.ozone.om.exceptions.OMException: Unable to get file status: volume: volume-40960 bucket: bucket-06556 key: .Trash/runner
	at org.apache.hadoop.ozone.om.KeyManagerImpl.getOzoneFileStatusFSO(KeyManagerImpl.java:1311) ~[ozone-manager-1.4.0-SNAPSHOT.jar:?]
	at org.apache.hadoop.ozone.om.KeyManagerImpl.getFileStatus(KeyManagerImpl.java:1102) ~[ozone-manager-1.4.0-SNAPSHOT.jar:?]
	at org.apache.hadoop.ozone.om.OmMetadataReader.getFileStatus(OmMetadataReader.java:286) ~[ozone-manager-1.4.0-SNAPSHOT.jar:?]
	at org.apache.hadoop.ozone.om.OzoneManager.getFileStatus(OzoneManager.java:3499) ~[ozone-manager-1.4.0-SNAPSHOT.jar:?]
	at org.apache.hadoop.ozone.protocolPB.OzoneManagerRequestHandler.getOzoneFileStatus(OzoneManagerRequestHandler.java:950) ~[ozone-manager-1.4.0-SNAPSHOT.jar:?]
	at org.apache.hadoop.ozone.protocolPB.OzoneManagerRequestHandler.handleReadRequest(OzoneManagerRequestHandler.java:245) ~[ozone-manager-1.4.0-SNAPSHOT.jar:?]
	at org.apache.hadoop.ozone.protocolPB.OzoneManagerProtocolServerSideTranslatorPB.submitReadRequestToOM(OzoneManagerProtocolServerSideTranslatorPB.java:223) ~[ozone-manager-1.4.0-SNAPSHOT.jar:?]
	at org.apache.hadoop.ozone.protocolPB.OzoneManagerProtocolServerSideTranslatorPB.processRequest(OzoneManagerProtocolServerSideTranslatorPB.java:177) ~[ozone-manager-1.4.0-SNAPSHOT.jar:?]
	at org.apache.hadoop.hdds.server.OzoneProtocolMessageDispatcher.processRequest(OzoneProtocolMessageDispatcher.java:87) [hdds-server-framework-1.4.0-SNAPSHOT.jar:?]
	at org.apache.hadoop.ozone.protocolPB.OzoneManagerProtocolServerSideTranslatorPB.submitRequest(OzoneManagerProtocolServerSideTranslatorPB.java:147) [ozone-manager-1.4.0-SNAPSHOT.jar:?]
	at org.apache.hadoop.ozone.protocol.proto.OzoneManagerProtocolProtos$OzoneManagerService$2.callBlockingMethod(OzoneManagerProtocolProtos.java) [ozone-interface-client-1.4.0-SNAPSHOT.jar:?]
	at org.apache.hadoop.ipc.ProtobufRpcEngine$Server.processCall(ProtobufRpcEngine.java:484) [hadoop-common-3.3.5.jar:?]
	at org.apache.hadoop.ipc.ProtobufRpcEngine2$Server$ProtoBufRpcInvoker.call(ProtobufRpcEngine2.java:595) [hadoop-common-3.3.5.jar:?]
	at org.apache.hadoop.ipc.ProtobufRpcEngine2$Server$ProtoBufRpcInvoker.call(ProtobufRpcEngine2.java:573) [hadoop-common-3.3.5.jar:?]
	at org.apache.hadoop.ipc.RPC$Server.call(RPC.java:1213) [hadoop-common-3.3.5.jar:?]
	at org.apache.hadoop.ipc.Server$RpcCall.run(Server.java:1089) [hadoop-common-3.3.5.jar:?]
	at org.apache.hadoop.ipc.Server$RpcCall.run(Server.java:1012) [hadoop-common-3.3.5.jar:?]
	at java.security.AccessController.doPrivileged(Native Method) ~[?:1.8.0_372]
	at javax.security.auth.Subject.doAs(Subject.java:422) [?:1.8.0_372]
	at org.apache.hadoop.security.UserGroupInformation.doAs(UserGroupInformation.java:1899) [hadoop-common-3.3.5.jar:?]
	at org.apache.hadoop.ipc.Server$Handler.run(Server.java:3026) [hadoop-common-3.3.5.jar:?]
21:35:47.201 [IPC Server handler 8 on default port 15004] ERROR OMAudit - user=runner | ip=127.0.0.1 | op=GET_FILE_STATUS {volume=volume-37019, bucket=bucket-46042, key=.Trash/runner, dataSize=0, replicationConfig=null} | ret=FAILURE
org.apache.hadoop.ozone.om.exceptions.OMException: Unable to get file status: volume: volume-37019 bucket: bucket-46042 key: .Trash/runner
	at org.apache.hadoop.ozone.om.KeyManagerImpl.getOzoneFileStatusFSO(KeyManagerImpl.java:1311) ~[ozone-manager-1.4.0-SNAPSHOT.jar:?]
	at org.apache.hadoop.ozone.om.KeyManagerImpl.getFileStatus(KeyManagerImpl.java:1102) ~[ozone-manager-1.4.0-SNAPSHOT.jar:?]
	at org.apache.hadoop.ozone.om.OmMetadataReader.getFileStatus(OmMetadataReader.java:286) ~[ozone-manager-1.4.0-SNAPSHOT.jar:?]
	at org.apache.hadoop.ozone.om.OzoneManager.getFileStatus(OzoneManager.java:3499) ~[ozone-manager-1.4.0-SNAPSHOT.jar:?]
	at org.apache.hadoop.ozone.protocolPB.OzoneManagerRequestHandler.getOzoneFileStatus(OzoneManagerRequestHandler.java:950) ~[ozone-manager-1.4.0-SNAPSHOT.jar:?]
	at org.apache.hadoop.ozone.protocolPB.OzoneManagerRequestHandler.handleReadRequest(OzoneManagerRequestHandler.java:245) ~[ozone-manager-1.4.0-SNAPSHOT.jar:?]
	at org.apache.hadoop.ozone.protocolPB.OzoneManagerProtocolServerSideTranslatorPB.submitReadRequestToOM(OzoneManagerProtocolServerSideTranslatorPB.java:223) ~[ozone-manager-1.4.0-SNAPSHOT.jar:?]
	at org.apache.hadoop.ozone.protocolPB.OzoneManagerProtocolServerSideTranslatorPB.processRequest(OzoneManagerProtocolServerSideTranslatorPB.java:177) ~[ozone-manager-1.4.0-SNAPSHOT.jar:?]
	at org.apache.hadoop.hdds.server.OzoneProtocolMessageDispatcher.processRequest(OzoneProtocolMessageDispatcher.java:87) [hdds-server-framework-1.4.0-SNAPSHOT.jar:?]
	at org.apache.hadoop.ozone.protocolPB.OzoneManagerProtocolServerSideTranslatorPB.submitRequest(OzoneManagerProtocolServerSideTranslatorPB.java:147) [ozone-manager-1.4.0-SNAPSHOT.jar:?]
	at org.apache.hadoop.ozone.protocol.proto.OzoneManagerProtocolProtos$OzoneManagerService$2.callBlockingMethod(OzoneManagerProtocolProtos.java) [ozone-interface-client-1.4.0-SNAPSHOT.jar:?]
	at org.apache.hadoop.ipc.ProtobufRpcEngine$Server.processCall(ProtobufRpcEngine.java:484) [hadoop-common-3.3.5.jar:?]
	at org.apache.hadoop.ipc.ProtobufRpcEngine2$Server$ProtoBufRpcInvoker.call(ProtobufRpcEngine2.java:595) [hadoop-common-3.3.5.jar:?]
	at org.apache.hadoop.ipc.ProtobufRpcEngine2$Server$ProtoBufRpcInvoker.call(ProtobufRpcEngine2.java:573) [hadoop-common-3.3.5.jar:?]
	at org.apache.hadoop.ipc.RPC$Server.call(RPC.java:1213) [hadoop-common-3.3.5.jar:?]
	at org.apache.hadoop.ipc.Server$RpcCall.run(Server.java:1089) [hadoop-common-3.3.5.jar:?]
	at org.apache.hadoop.ipc.Server$RpcCall.run(Server.java:1012) [hadoop-common-3.3.5.jar:?]
	at java.security.AccessController.doPrivileged(Native Method) ~[?:1.8.0_372]
	at javax.security.auth.Subject.doAs(Subject.java:422) [?:1.8.0_372]
	at org.apache.hadoop.security.UserGroupInformation.doAs(UserGroupInformation.java:1899) [hadoop-common-3.3.5.jar:?]
	at org.apache.hadoop.ipc.Server$Handler.run(Server.java:3026) [hadoop-common-3.3.5.jar:?]
21:35:47.206 [IPC Server handler 15 on default port 15004] ERROR OMAudit - user=runner | ip=127.0.0.1 | op=GET_FILE_STATUS {volume=volume-13413, bucket=bucket3, key=.Trash/runner, dataSize=0, replicationConfig=null} | ret=FAILURE
org.apache.hadoop.ozone.om.exceptions.OMException: Unable to get file status: volume: volume-13413 bucket: bucket3 key: .Trash/runner
	at org.apache.hadoop.ozone.om.KeyManagerImpl.getOzoneFileStatusFSO(KeyManagerImpl.java:1311) ~[ozone-manager-1.4.0-SNAPSHOT.jar:?]
	at org.apache.hadoop.ozone.om.KeyManagerImpl.getFileStatus(KeyManagerImpl.java:1102) ~[ozone-manager-1.4.0-SNAPSHOT.jar:?]
	at org.apache.hadoop.ozone.om.OmMetadataReader.getFileStatus(OmMetadataReader.java:286) ~[ozone-manager-1.4.0-SNAPSHOT.jar:?]
	at org.apache.hadoop.ozone.om.OzoneManager.getFileStatus(OzoneManager.java:3499) ~[ozone-manager-1.4.0-SNAPSHOT.jar:?]
	at org.apache.hadoop.ozone.protocolPB.OzoneManagerRequestHandler.getOzoneFileStatus(OzoneManagerRequestHandler.java:950) ~[ozone-manager-1.4.0-SNAPSHOT.jar:?]
	at org.apache.hadoop.ozone.protocolPB.OzoneManagerRequestHandler.handleReadRequest(OzoneManagerRequestHandler.java:245) ~[ozone-manager-1.4.0-SNAPSHOT.jar:?]
	at org.apache.hadoop.ozone.protocolPB.OzoneManagerProtocolServerSideTranslatorPB.submitReadRequestToOM(OzoneManagerProtocolServerSideTranslatorPB.java:223) ~[ozone-manager-1.4.0-SNAPSHOT.jar:?]
	at org.apache.hadoop.ozone.protocolPB.OzoneManagerProtocolServerSideTranslatorPB.processRequest(OzoneManagerProtocolServerSideTranslatorPB.java:177) ~[ozone-manager-1.4.0-SNAPSHOT.jar:?]
	at org.apache.hadoop.hdds.server.OzoneProtocolMessageDispatcher.processRequest(OzoneProtocolMessageDispatcher.java:87) [hdds-server-framework-1.4.0-SNAPSHOT.jar:?]
	at org.apache.hadoop.ozone.protocolPB.OzoneManagerProtocolServerSideTranslatorPB.submitRequest(OzoneManagerProtocolServerSideTranslatorPB.java:147) [ozone-manager-1.4.0-SNAPSHOT.jar:?]
	at org.apache.hadoop.ozone.protocol.proto.OzoneManagerProtocolProtos$OzoneManagerService$2.callBlockingMethod(OzoneManagerProtocolProtos.java) [ozone-interface-client-1.4.0-SNAPSHOT.jar:?]
	at org.apache.hadoop.ipc.ProtobufRpcEngine$Server.processCall(ProtobufRpcEngine.java:484) [hadoop-common-3.3.5.jar:?]
	at org.apache.hadoop.ipc.ProtobufRpcEngine2$Server$ProtoBufRpcInvoker.call(ProtobufRpcEngine2.java:595) [hadoop-common-3.3.5.jar:?]
	at org.apache.hadoop.ipc.ProtobufRpcEngine2$Server$ProtoBufRpcInvoker.call(ProtobufRpcEngine2.java:573) [hadoop-common-3.3.5.jar:?]
	at org.apache.hadoop.ipc.RPC$Server.call(RPC.java:1213) [hadoop-common-3.3.5.jar:?]
	at org.apache.hadoop.ipc.Server$RpcCall.run(Server.java:1089) [hadoop-common-3.3.5.jar:?]
	at org.apache.hadoop.ipc.Server$RpcCall.run(Server.java:1012) [hadoop-common-3.3.5.jar:?]
	at java.security.AccessController.doPrivileged(Native Method) ~[?:1.8.0_372]
	at javax.security.auth.Subject.doAs(Subject.java:422) [?:1.8.0_372]
	at org.apache.hadoop.security.UserGroupInformation.doAs(UserGroupInformation.java:1899) [hadoop-common-3.3.5.jar:?]
	at org.apache.hadoop.ipc.Server$Handler.run(Server.java:3026) [hadoop-common-3.3.5.jar:?]
21:35:47.221 [IPC Server handler 15 on default port 15004] ERROR OMAudit - user=runner | ip=127.0.0.1 | op=GET_FILE_STATUS {volume=c5114827-810a-46d6-b873-cfac3b5f6917, bucket=157b57d1-2b34-4b36-8944-9406453d8814, key=.Trash, dataSize=0, replicationConfig=null} | ret=FAILURE
org.apache.hadoop.ozone.om.exceptions.OMException: Unable to get file status: volume: c5114827-810a-46d6-b873-cfac3b5f6917 bucket: 157b57d1-2b34-4b36-8944-9406453d8814 key: .Trash
	at org.apache.hadoop.ozone.om.KeyManagerImpl.getOzoneFileStatus(KeyManagerImpl.java:1186) ~[ozone-manager-1.4.0-SNAPSHOT.jar:?]
	at org.apache.hadoop.ozone.om.KeyManagerImpl.getFileStatus(KeyManagerImpl.java:1104) ~[ozone-manager-1.4.0-SNAPSHOT.jar:?]
	at org.apache.hadoop.ozone.om.OmMetadataReader.getFileStatus(OmMetadataReader.java:286) ~[ozone-manager-1.4.0-SNAPSHOT.jar:?]
	at org.apache.hadoop.ozone.om.OzoneManager.getFileStatus(OzoneManager.java:3499) ~[ozone-manager-1.4.0-SNAPSHOT.jar:?]
	at org.apache.hadoop.ozone.protocolPB.OzoneManagerRequestHandler.getOzoneFileStatus(OzoneManagerRequestHandler.java:950) ~[ozone-manager-1.4.0-SNAPSHOT.jar:?]
	at org.apache.hadoop.ozone.protocolPB.OzoneManagerRequestHandler.handleReadRequest(OzoneManagerRequestHandler.java:245) ~[ozone-manager-1.4.0-SNAPSHOT.jar:?]
	at org.apache.hadoop.ozone.protocolPB.OzoneManagerProtocolServerSideTranslatorPB.submitReadRequestToOM(OzoneManagerProtocolServerSideTranslatorPB.java:223) ~[ozone-manager-1.4.0-SNAPSHOT.jar:?]
	at org.apache.hadoop.ozone.protocolPB.OzoneManagerProtocolServerSideTranslatorPB.processRequest(OzoneManagerProtocolServerSideTranslatorPB.java:177) ~[ozone-manager-1.4.0-SNAPSHOT.jar:?]
	at org.apache.hadoop.hdds.server.OzoneProtocolMessageDispatcher.processRequest(OzoneProtocolMessageDispatcher.java:87) [hdds-server-framework-1.4.0-SNAPSHOT.jar:?]
	at org.apache.hadoop.ozone.protocolPB.OzoneManagerProtocolServerSideTranslatorPB.submitRequest(OzoneManagerProtocolServerSideTranslatorPB.java:147) [ozone-manager-1.4.0-SNAPSHOT.jar:?]
	at org.apache.hadoop.ozone.protocol.proto.OzoneManagerProtocolProtos$OzoneManagerService$2.callBlockingMethod(OzoneManagerProtocolProtos.java) [ozone-interface-client-1.4.0-SNAPSHOT.jar:?]
	at org.apache.hadoop.ipc.ProtobufRpcEngine$Server.processCall(ProtobufRpcEngine.java:484) [hadoop-common-3.3.5.jar:?]
	at org.apache.hadoop.ipc.ProtobufRpcEngine2$Server$ProtoBufRpcInvoker.call(ProtobufRpcEngine2.java:595) [hadoop-common-3.3.5.jar:?]
	at org.apache.hadoop.ipc.ProtobufRpcEngine2$Server$ProtoBufRpcInvoker.call(ProtobufRpcEngine2.java:573) [hadoop-common-3.3.5.jar:?]
	at org.apache.hadoop.ipc.RPC$Server.call(RPC.java:1213) [hadoop-common-3.3.5.jar:?]
	at org.apache.hadoop.ipc.Server$RpcCall.run(Server.java:1089) [hadoop-common-3.3.5.jar:?]
	at org.apache.hadoop.ipc.Server$RpcCall.run(Server.java:1012) [hadoop-common-3.3.5.jar:?]
	at java.security.AccessController.doPrivileged(Native Method) ~[?:1.8.0_372]
	at javax.security.auth.Subject.doAs(Subject.java:422) [?:1.8.0_372]
	at org.apache.hadoop.security.UserGroupInformation.doAs(UserGroupInformation.java:1899) [hadoop-common-3.3.5.jar:?]
	at org.apache.hadoop.ipc.Server$Handler.run(Server.java:3026) [hadoop-common-3.3.5.jar:?]
21:35:47.225 [IPC Server handler 5 on default port 15004] ERROR OMAudit - user=runner | ip=127.0.0.1 | op=GET_FILE_STATUS {volume=volume-13413, bucket=bucket3, key=.Trash, dataSize=0, replicationConfig=null} | ret=FAILURE
org.apache.hadoop.ozone.om.exceptions.OMException: Unable to get file status: volume: volume-13413 bucket: bucket3 key: .Trash
	at org.apache.hadoop.ozone.om.KeyManagerImpl.getOzoneFileStatusFSO(KeyManagerImpl.java:1311) ~[ozone-manager-1.4.0-SNAPSHOT.jar:?]
	at org.apache.hadoop.ozone.om.KeyManagerImpl.getFileStatus(KeyManagerImpl.java:1102) ~[ozone-manager-1.4.0-SNAPSHOT.jar:?]
	at org.apache.hadoop.ozone.om.OmMetadataReader.getFileStatus(OmMetadataReader.java:286) ~[ozone-manager-1.4.0-SNAPSHOT.jar:?]
	at org.apache.hadoop.ozone.om.OzoneManager.getFileStatus(OzoneManager.java:3499) ~[ozone-manager-1.4.0-SNAPSHOT.jar:?]
	at org.apache.hadoop.ozone.protocolPB.OzoneManagerRequestHandler.getOzoneFileStatus(OzoneManagerRequestHandler.java:950) ~[ozone-manager-1.4.0-SNAPSHOT.jar:?]
	at org.apache.hadoop.ozone.protocolPB.OzoneManagerRequestHandler.handleReadRequest(OzoneManagerRequestHandler.java:245) ~[ozone-manager-1.4.0-SNAPSHOT.jar:?]
	at org.apache.hadoop.ozone.protocolPB.OzoneManagerProtocolServerSideTranslatorPB.submitReadRequestToOM(OzoneManagerProtocolServerSideTranslatorPB.java:223) ~[ozone-manager-1.4.0-SNAPSHOT.jar:?]
	at org.apache.hadoop.ozone.protocolPB.OzoneManagerProtocolServerSideTranslatorPB.processRequest(OzoneManagerProtocolServerSideTranslatorPB.java:177) ~[ozone-manager-1.4.0-SNAPSHOT.jar:?]
	at org.apache.hadoop.hdds.server.OzoneProtocolMessageDispatcher.processRequest(OzoneProtocolMessageDispatcher.java:87) [hdds-server-framework-1.4.0-SNAPSHOT.jar:?]
	at org.apache.hadoop.ozone.protocolPB.OzoneManagerProtocolServerSideTranslatorPB.submitRequest(OzoneManagerProtocolServerSideTranslatorPB.java:147) [ozone-manager-1.4.0-SNAPSHOT.jar:?]
	at org.apache.hadoop.ozone.protocol.proto.OzoneManagerProtocolProtos$OzoneManagerService$2.callBlockingMethod(OzoneManagerProtocolProtos.java) [ozone-interface-client-1.4.0-SNAPSHOT.jar:?]
	at org.apache.hadoop.ipc.ProtobufRpcEngine$Server.processCall(ProtobufRpcEngine.java:484) [hadoop-common-3.3.5.jar:?]
	at org.apache.hadoop.ipc.ProtobufRpcEngine2$Server$ProtoBufRpcInvoker.call(ProtobufRpcEngine2.java:595) [hadoop-common-3.3.5.jar:?]
	at org.apache.hadoop.ipc.ProtobufRpcEngine2$Server$ProtoBufRpcInvoker.call(ProtobufRpcEngine2.java:573) [hadoop-common-3.3.5.jar:?]
	at org.apache.hadoop.ipc.RPC$Server.call(RPC.java:1213) [hadoop-common-3.3.5.jar:?]
	at org.apache.hadoop.ipc.Server$RpcCall.run(Server.java:1089) [hadoop-common-3.3.5.jar:?]
	at org.apache.hadoop.ipc.Server$RpcCall.run(Server.java:1012) [hadoop-common-3.3.5.jar:?]
	at java.security.AccessController.doPrivileged(Native Method) ~[?:1.8.0_372]
	at javax.security.auth.Subject.doAs(Subject.java:422) [?:1.8.0_372]
	at org.apache.hadoop.security.UserGroupInformation.doAs(UserGroupInformation.java:1899) [hadoop-common-3.3.5.jar:?]
	at org.apache.hadoop.ipc.Server$Handler.run(Server.java:3026) [hadoop-common-3.3.5.jar:?]
21:35:47.228 [IPC Server handler 4 on default port 15004] ERROR OMAudit - user=runner | ip=127.0.0.1 | op=GET_FILE_STATUS {volume=volume-37019, bucket=bucket-46042, key=.Trash, dataSize=0, replicationConfig=null} | ret=FAILURE
org.apache.hadoop.ozone.om.exceptions.OMException: Unable to get file status: volume: volume-37019 bucket: bucket-46042 key: .Trash
	at org.apache.hadoop.ozone.om.KeyManagerImpl.getOzoneFileStatusFSO(KeyManagerImpl.java:1311) ~[ozone-manager-1.4.0-SNAPSHOT.jar:?]
	at org.apache.hadoop.ozone.om.KeyManagerImpl.getFileStatus(KeyManagerImpl.java:1102) ~[ozone-manager-1.4.0-SNAPSHOT.jar:?]
	at org.apache.hadoop.ozone.om.OmMetadataReader.getFileStatus(OmMetadataReader.java:286) ~[ozone-manager-1.4.0-SNAPSHOT.jar:?]
	at org.apache.hadoop.ozone.om.OzoneManager.getFileStatus(OzoneManager.java:3499) ~[ozone-manager-1.4.0-SNAPSHOT.jar:?]
	at org.apache.hadoop.ozone.protocolPB.OzoneManagerRequestHandler.getOzoneFileStatus(OzoneManagerRequestHandler.java:950) ~[ozone-manager-1.4.0-SNAPSHOT.jar:?]
	at org.apache.hadoop.ozone.protocolPB.OzoneManagerRequestHandler.handleReadRequest(OzoneManagerRequestHandler.java:245) ~[ozone-manager-1.4.0-SNAPSHOT.jar:?]
	at org.apache.hadoop.ozone.protocolPB.OzoneManagerProtocolServerSideTranslatorPB.submitReadRequestToOM(OzoneManagerProtocolServerSideTranslatorPB.java:223) ~[ozone-manager-1.4.0-SNAPSHOT.jar:?]
	at org.apache.hadoop.ozone.protocolPB.OzoneManagerProtocolServerSideTranslatorPB.processRequest(OzoneManagerProtocolServerSideTranslatorPB.java:177) ~[ozone-manager-1.4.0-SNAPSHOT.jar:?]
	at org.apache.hadoop.hdds.server.OzoneProtocolMessageDispatcher.processRequest(OzoneProtocolMessageDispatcher.java:87) [hdds-server-framework-1.4.0-SNAPSHOT.jar:?]
	at org.apache.hadoop.ozone.protocolPB.OzoneManagerProtocolServerSideTranslatorPB.submitRequest(OzoneManagerProtocolServerSideTranslatorPB.java:147) [ozone-manager-1.4.0-SNAPSHOT.jar:?]
	at org.apache.hadoop.ozone.protocol.proto.OzoneManagerProtocolProtos$OzoneManagerService$2.callBlockingMethod(OzoneManagerProtocolProtos.java) [ozone-interface-client-1.4.0-SNAPSHOT.jar:?]
	at org.apache.hadoop.ipc.ProtobufRpcEngine$Server.processCall(ProtobufRpcEngine.java:484) [hadoop-common-3.3.5.jar:?]
	at org.apache.hadoop.ipc.ProtobufRpcEngine2$Server$ProtoBufRpcInvoker.call(ProtobufRpcEngine2.java:595) [hadoop-common-3.3.5.jar:?]
	at org.apache.hadoop.ipc.ProtobufRpcEngine2$Server$ProtoBufRpcInvoker.call(ProtobufRpcEngine2.java:573) [hadoop-common-3.3.5.jar:?]
	at org.apache.hadoop.ipc.RPC$Server.call(RPC.java:1213) [hadoop-common-3.3.5.jar:?]
	at org.apache.hadoop.ipc.Server$RpcCall.run(Server.java:1089) [hadoop-common-3.3.5.jar:?]
	at org.apache.hadoop.ipc.Server$RpcCall.run(Server.java:1012) [hadoop-common-3.3.5.jar:?]
	at java.security.AccessController.doPrivileged(Native Method) ~[?:1.8.0_372]
	at javax.security.auth.Subject.doAs(Subject.java:422) [?:1.8.0_372]
	at org.apache.hadoop.security.UserGroupInformation.doAs(UserGroupInformation.java:1899) [hadoop-common-3.3.5.jar:?]
	at org.apache.hadoop.ipc.Server$Handler.run(Server.java:3026) [hadoop-common-3.3.5.jar:?]
21:35:47.231 [IPC Server handler 7 on default port 15004] ERROR OMAudit - user=runner | ip=127.0.0.1 | op=GET_FILE_STATUS {volume=volume-40960, bucket=bucket-06556, key=.Trash, dataSize=0, replicationConfig=null} | ret=FAILURE
org.apache.hadoop.ozone.om.exceptions.OMException: Unable to get file status: volume: volume-40960 bucket: bucket-06556 key: .Trash
	at org.apache.hadoop.ozone.om.KeyManagerImpl.getOzoneFileStatusFSO(KeyManagerImpl.java:1311) ~[ozone-manager-1.4.0-SNAPSHOT.jar:?]
	at org.apache.hadoop.ozone.om.KeyManagerImpl.getFileStatus(KeyManagerImpl.java:1102) ~[ozone-manager-1.4.0-SNAPSHOT.jar:?]
	at org.apache.hadoop.ozone.om.OmMetadataReader.getFileStatus(OmMetadataReader.java:286) ~[ozone-manager-1.4.0-SNAPSHOT.jar:?]
	at org.apache.hadoop.ozone.om.OzoneManager.getFileStatus(OzoneManager.java:3499) ~[ozone-manager-1.4.0-SNAPSHOT.jar:?]
	at org.apache.hadoop.ozone.protocolPB.OzoneManagerRequestHandler.getOzoneFileStatus(OzoneManagerRequestHandler.java:950) ~[ozone-manager-1.4.0-SNAPSHOT.jar:?]
	at org.apache.hadoop.ozone.protocolPB.OzoneManagerRequestHandler.handleReadRequest(OzoneManagerRequestHandler.java:245) ~[ozone-manager-1.4.0-SNAPSHOT.jar:?]
	at org.apache.hadoop.ozone.protocolPB.OzoneManagerProtocolServerSideTranslatorPB.submitReadRequestToOM(OzoneManagerProtocolServerSideTranslatorPB.java:223) ~[ozone-manager-1.4.0-SNAPSHOT.jar:?]
	at org.apache.hadoop.ozone.protocolPB.OzoneManagerProtocolServerSideTranslatorPB.processRequest(OzoneManagerProtocolServerSideTranslatorPB.java:177) ~[ozone-manager-1.4.0-SNAPSHOT.jar:?]
	at org.apache.hadoop.hdds.server.OzoneProtocolMessageDispatcher.processRequest(OzoneProtocolMessageDispatcher.java:87) [hdds-server-framework-1.4.0-SNAPSHOT.jar:?]
	at org.apache.hadoop.ozone.protocolPB.OzoneManagerProtocolServerSideTranslatorPB.submitRequest(OzoneManagerProtocolServerSideTranslatorPB.java:147) [ozone-manager-1.4.0-SNAPSHOT.jar:?]
	at org.apache.hadoop.ozone.protocol.proto.OzoneManagerProtocolProtos$OzoneManagerService$2.callBlockingMethod(OzoneManagerProtocolProtos.java) [ozone-interface-client-1.4.0-SNAPSHOT.jar:?]
	at org.apache.hadoop.ipc.ProtobufRpcEngine$Server.processCall(ProtobufRpcEngine.java:484) [hadoop-common-3.3.5.jar:?]
	at org.apache.hadoop.ipc.ProtobufRpcEngine2$Server$ProtoBufRpcInvoker.call(ProtobufRpcEngine2.java:595) [hadoop-common-3.3.5.jar:?]
	at org.apache.hadoop.ipc.ProtobufRpcEngine2$Server$ProtoBufRpcInvoker.call(ProtobufRpcEngine2.java:573) [hadoop-common-3.3.5.jar:?]
	at org.apache.hadoop.ipc.RPC$Server.call(RPC.java:1213) [hadoop-common-3.3.5.jar:?]
	at org.apache.hadoop.ipc.Server$RpcCall.run(Server.java:1089) [hadoop-common-3.3.5.jar:?]
	at org.apache.hadoop.ipc.Server$RpcCall.run(Server.java:1012) [hadoop-common-3.3.5.jar:?]
	at java.security.AccessController.doPrivileged(Native Method) ~[?:1.8.0_372]
	at javax.security.auth.Subject.doAs(Subject.java:422) [?:1.8.0_372]
	at org.apache.hadoop.security.UserGroupInformation.doAs(UserGroupInformation.java:1899) [hadoop-common-3.3.5.jar:?]
	at org.apache.hadoop.ipc.Server$Handler.run(Server.java:3026) [hadoop-common-3.3.5.jar:?]
21:35:47.236 [IPC Server handler 13 on default port 15004] ERROR OMAudit - user=runner | ip=127.0.0.1 | op=GET_FILE_STATUS {volume=volume26500, bucket=bucket42741, key=.Trash, dataSize=0, replicationConfig=null} | ret=FAILURE
org.apache.hadoop.ozone.om.exceptions.OMException: Unable to get file status: volume: volume26500 bucket: bucket42741 key: .Trash
	at org.apache.hadoop.ozone.om.KeyManagerImpl.getOzoneFileStatusFSO(KeyManagerImpl.java:1311) ~[ozone-manager-1.4.0-SNAPSHOT.jar:?]
	at org.apache.hadoop.ozone.om.KeyManagerImpl.getFileStatus(KeyManagerImpl.java:1102) ~[ozone-manager-1.4.0-SNAPSHOT.jar:?]
	at org.apache.hadoop.ozone.om.OmMetadataReader.getFileStatus(OmMetadataReader.java:286) ~[ozone-manager-1.4.0-SNAPSHOT.jar:?]
	at org.apache.hadoop.ozone.om.OzoneManager.getFileStatus(OzoneManager.java:3499) ~[ozone-manager-1.4.0-SNAPSHOT.jar:?]
	at org.apache.hadoop.ozone.protocolPB.OzoneManagerRequestHandler.getOzoneFileStatus(OzoneManagerRequestHandler.java:950) ~[ozone-manager-1.4.0-SNAPSHOT.jar:?]
	at org.apache.hadoop.ozone.protocolPB.OzoneManagerRequestHandler.handleReadRequest(OzoneManagerRequestHandler.java:245) ~[ozone-manager-1.4.0-SNAPSHOT.jar:?]
	at org.apache.hadoop.ozone.protocolPB.OzoneManagerProtocolServerSideTranslatorPB.submitReadRequestToOM(OzoneManagerProtocolServerSideTranslatorPB.java:223) ~[ozone-manager-1.4.0-SNAPSHOT.jar:?]
	at org.apache.hadoop.ozone.protocolPB.OzoneManagerProtocolServerSideTranslatorPB.processRequest(OzoneManagerProtocolServerSideTranslatorPB.java:177) ~[ozone-manager-1.4.0-SNAPSHOT.jar:?]
	at org.apache.hadoop.hdds.server.OzoneProtocolMessageDispatcher.processRequest(OzoneProtocolMessageDispatcher.java:87) [hdds-server-framework-1.4.0-SNAPSHOT.jar:?]
	at org.apache.hadoop.ozone.protocolPB.OzoneManagerProtocolServerSideTranslatorPB.submitRequest(OzoneManagerProtocolServerSideTranslatorPB.java:147) [ozone-manager-1.4.0-SNAPSHOT.jar:?]
	at org.apache.hadoop.ozone.protocol.proto.OzoneManagerProtocolProtos$OzoneManagerService$2.callBlockingMethod(OzoneManagerProtocolProtos.java) [ozone-interface-client-1.4.0-SNAPSHOT.jar:?]
	at org.apache.hadoop.ipc.ProtobufRpcEngine$Server.processCall(ProtobufRpcEngine.java:484) [hadoop-common-3.3.5.jar:?]
	at org.apache.hadoop.ipc.ProtobufRpcEngine2$Server$ProtoBufRpcInvoker.call(ProtobufRpcEngine2.java:595) [hadoop-common-3.3.5.jar:?]
	at org.apache.hadoop.ipc.ProtobufRpcEngine2$Server$ProtoBufRpcInvoker.call(ProtobufRpcEngine2.java:573) [hadoop-common-3.3.5.jar:?]
	at org.apache.hadoop.ipc.RPC$Server.call(RPC.java:1213) [hadoop-common-3.3.5.jar:?]
	at org.apache.hadoop.ipc.Server$RpcCall.run(Server.java:1089) [hadoop-common-3.3.5.jar:?]
	at org.apache.hadoop.ipc.Server$RpcCall.run(Server.java:1012) [hadoop-common-3.3.5.jar:?]
	at java.security.AccessController.doPrivileged(Native Method) ~[?:1.8.0_372]
	at javax.security.auth.Subject.doAs(Subject.java:422) [?:1.8.0_372]
	at org.apache.hadoop.security.UserGroupInformation.doAs(UserGroupInformation.java:1899) [hadoop-common-3.3.5.jar:?]
	at org.apache.hadoop.ipc.Server$Handler.run(Server.java:3026) [hadoop-common-3.3.5.jar:?]
21:35:47.239 [IPC Server handler 14 on default port 15004] ERROR OMAudit - user=runner | ip=127.0.0.1 | op=GET_FILE_STATUS {volume=volume67981, bucket=bucket69491, key=.Trash, dataSize=0, replicationConfig=null} | ret=FAILURE
org.apache.hadoop.ozone.om.exceptions.OMException: Unable to get file status: volume: volume67981 bucket: bucket69491 key: .Trash
	at org.apache.hadoop.ozone.om.KeyManagerImpl.getOzoneFileStatusFSO(KeyManagerImpl.java:1311) ~[ozone-manager-1.4.0-SNAPSHOT.jar:?]
	at org.apache.hadoop.ozone.om.KeyManagerImpl.getFileStatus(KeyManagerImpl.java:1102) ~[ozone-manager-1.4.0-SNAPSHOT.jar:?]
	at org.apache.hadoop.ozone.om.OmMetadataReader.getFileStatus(OmMetadataReader.java:286) ~[ozone-manager-1.4.0-SNAPSHOT.jar:?]
	at org.apache.hadoop.ozone.om.OzoneManager.getFileStatus(OzoneManager.java:3499) ~[ozone-manager-1.4.0-SNAPSHOT.jar:?]
	at org.apache.hadoop.ozone.protocolPB.OzoneManagerRequestHandler.getOzoneFileStatus(OzoneManagerRequestHandler.java:950) ~[ozone-manager-1.4.0-SNAPSHOT.jar:?]
	at org.apache.hadoop.ozone.protocolPB.OzoneManagerRequestHandler.handleReadRequest(OzoneManagerRequestHandler.java:245) ~[ozone-manager-1.4.0-SNAPSHOT.jar:?]
	at org.apache.hadoop.ozone.protocolPB.OzoneManagerProtocolServerSideTranslatorPB.submitReadRequestToOM(OzoneManagerProtocolServerSideTranslatorPB.java:223) ~[ozone-manager-1.4.0-SNAPSHOT.jar:?]
	at org.apache.hadoop.ozone.protocolPB.OzoneManagerProtocolServerSideTranslatorPB.processRequest(OzoneManagerProtocolServerSideTranslatorPB.java:177) ~[ozone-manager-1.4.0-SNAPSHOT.jar:?]
	at org.apache.hadoop.hdds.server.OzoneProtocolMessageDispatcher.processRequest(OzoneProtocolMessageDispatcher.java:87) [hdds-server-framework-1.4.0-SNAPSHOT.jar:?]
	at org.apache.hadoop.ozone.protocolPB.OzoneManagerProtocolServerSideTranslatorPB.submitRequest(OzoneManagerProtocolServerSideTranslatorPB.java:147) [ozone-manager-1.4.0-SNAPSHOT.jar:?]
	at org.apache.hadoop.ozone.protocol.proto.OzoneManagerProtocolProtos$OzoneManagerService$2.callBlockingMethod(OzoneManagerProtocolProtos.java) [ozone-interface-client-1.4.0-SNAPSHOT.jar:?]
	at org.apache.hadoop.ipc.ProtobufRpcEngine$Server.processCall(ProtobufRpcEngine.java:484) [hadoop-common-3.3.5.jar:?]
	at org.apache.hadoop.ipc.ProtobufRpcEngine2$Server$ProtoBufRpcInvoker.call(ProtobufRpcEngine2.java:595) [hadoop-common-3.3.5.jar:?]
	at org.apache.hadoop.ipc.ProtobufRpcEngine2$Server$ProtoBufRpcInvoker.call(ProtobufRpcEngine2.java:573) [hadoop-common-3.3.5.jar:?]
	at org.apache.hadoop.ipc.RPC$Server.call(RPC.java:1213) [hadoop-common-3.3.5.jar:?]
	at org.apache.hadoop.ipc.Server$RpcCall.run(Server.java:1089) [hadoop-common-3.3.5.jar:?]
	at org.apache.hadoop.ipc.Server$RpcCall.run(Server.java:1012) [hadoop-common-3.3.5.jar:?]
	at java.security.AccessController.doPrivileged(Native Method) ~[?:1.8.0_372]
	at javax.security.auth.Subject.doAs(Subject.java:422) [?:1.8.0_372]
	at org.apache.hadoop.security.UserGroupInformation.doAs(UserGroupInformation.java:1899) [hadoop-common-3.3.5.jar:?]
	at org.apache.hadoop.ipc.Server$Handler.run(Server.java:3026) [hadoop-common-3.3.5.jar:?]
21:35:47.263 [IPC Server handler 3 on default port 15004] ERROR OMAudit - user=runner | ip=127.0.0.1 | op=GET_FILE_STATUS {volume=volume26500, bucket=bucket42741, key=.Trash/runner, dataSize=0, replicationConfig=null} | ret=FAILURE
org.apache.hadoop.ozone.om.exceptions.OMException: Unable to get file status: volume: volume26500 bucket: bucket42741 key: .Trash/runner
	at org.apache.hadoop.ozone.om.KeyManagerImpl.getOzoneFileStatusFSO(KeyManagerImpl.java:1311) ~[ozone-manager-1.4.0-SNAPSHOT.jar:?]
	at org.apache.hadoop.ozone.om.KeyManagerImpl.getFileStatus(KeyManagerImpl.java:1102) ~[ozone-manager-1.4.0-SNAPSHOT.jar:?]
	at org.apache.hadoop.ozone.om.OmMetadataReader.getFileStatus(OmMetadataReader.java:286) ~[ozone-manager-1.4.0-SNAPSHOT.jar:?]
	at org.apache.hadoop.ozone.om.OzoneManager.getFileStatus(OzoneManager.java:3499) ~[ozone-manager-1.4.0-SNAPSHOT.jar:?]
	at org.apache.hadoop.ozone.protocolPB.OzoneManagerRequestHandler.getOzoneFileStatus(OzoneManagerRequestHandler.java:950) ~[ozone-manager-1.4.0-SNAPSHOT.jar:?]
	at org.apache.hadoop.ozone.protocolPB.OzoneManagerRequestHandler.handleReadRequest(OzoneManagerRequestHandler.java:245) ~[ozone-manager-1.4.0-SNAPSHOT.jar:?]
	at org.apache.hadoop.ozone.protocolPB.OzoneManagerProtocolServerSideTranslatorPB.submitReadRequestToOM(OzoneManagerProtocolServerSideTranslatorPB.java:223) ~[ozone-manager-1.4.0-SNAPSHOT.jar:?]
	at org.apache.hadoop.ozone.protocolPB.OzoneManagerProtocolServerSideTranslatorPB.processRequest(OzoneManagerProtocolServerSideTranslatorPB.java:177) ~[ozone-manager-1.4.0-SNAPSHOT.jar:?]
	at org.apache.hadoop.hdds.server.OzoneProtocolMessageDispatcher.processRequest(OzoneProtocolMessageDispatcher.java:87) [hdds-server-framework-1.4.0-SNAPSHOT.jar:?]
	at org.apache.hadoop.ozone.protocolPB.OzoneManagerProtocolServerSideTranslatorPB.submitRequest(OzoneManagerProtocolServerSideTranslatorPB.java:147) [ozone-manager-1.4.0-SNAPSHOT.jar:?]
	at org.apache.hadoop.ozone.protocol.proto.OzoneManagerProtocolProtos$OzoneManagerService$2.callBlockingMethod(OzoneManagerProtocolProtos.java) [ozone-interface-client-1.4.0-SNAPSHOT.jar:?]
	at org.apache.hadoop.ipc.ProtobufRpcEngine$Server.processCall(ProtobufRpcEngine.java:484) [hadoop-common-3.3.5.jar:?]
	at org.apache.hadoop.ipc.ProtobufRpcEngine2$Server$ProtoBufRpcInvoker.call(ProtobufRpcEngine2.java:595) [hadoop-common-3.3.5.jar:?]
	at org.apache.hadoop.ipc.ProtobufRpcEngine2$Server$ProtoBufRpcInvoker.call(ProtobufRpcEngine2.java:573) [hadoop-common-3.3.5.jar:?]
	at org.apache.hadoop.ipc.RPC$Server.call(RPC.java:1213) [hadoop-common-3.3.5.jar:?]
	at org.apache.hadoop.ipc.Server$RpcCall.run(Server.java:1089) [hadoop-common-3.3.5.jar:?]
	at org.apache.hadoop.ipc.Server$RpcCall.run(Server.java:1012) [hadoop-common-3.3.5.jar:?]
	at java.security.AccessController.doPrivileged(Native Method) ~[?:1.8.0_372]
	at javax.security.auth.Subject.doAs(Subject.java:422) [?:1.8.0_372]
	at org.apache.hadoop.security.UserGroupInformation.doAs(UserGroupInformation.java:1899) [hadoop-common-3.3.5.jar:?]
	at org.apache.hadoop.ipc.Server$Handler.run(Server.java:3026) [hadoop-common-3.3.5.jar:?]
21:35:47.267 [IPC Server handler 2 on default port 15004] ERROR OMAudit - user=runner | ip=127.0.0.1 | op=GET_FILE_STATUS {volume=volume-40960, bucket=bucket-06556, key=.Trash/runner, dataSize=0, replicationConfig=null} | ret=FAILURE
org.apache.hadoop.ozone.om.exceptions.OMException: Unable to get file status: volume: volume-40960 bucket: bucket-06556 key: .Trash/runner
	at org.apache.hadoop.ozone.om.KeyManagerImpl.getOzoneFileStatusFSO(KeyManagerImpl.java:1311) ~[ozone-manager-1.4.0-SNAPSHOT.jar:?]
	at org.apache.hadoop.ozone.om.KeyManagerImpl.getFileStatus(KeyManagerImpl.java:1102) ~[ozone-manager-1.4.0-SNAPSHOT.jar:?]
	at org.apache.hadoop.ozone.om.OmMetadataReader.getFileStatus(OmMetadataReader.java:286) ~[ozone-manager-1.4.0-SNAPSHOT.jar:?]
	at org.apache.hadoop.ozone.om.OzoneManager.getFileStatus(OzoneManager.java:3499) ~[ozone-manager-1.4.0-SNAPSHOT.jar:?]
	at org.apache.hadoop.ozone.protocolPB.OzoneManagerRequestHandler.getOzoneFileStatus(OzoneManagerRequestHandler.java:950) ~[ozone-manager-1.4.0-SNAPSHOT.jar:?]
	at org.apache.hadoop.ozone.protocolPB.OzoneManagerRequestHandler.handleReadRequest(OzoneManagerRequestHandler.java:245) ~[ozone-manager-1.4.0-SNAPSHOT.jar:?]
	at org.apache.hadoop.ozone.protocolPB.OzoneManagerProtocolServerSideTranslatorPB.submitReadRequestToOM(OzoneManagerProtocolServerSideTranslatorPB.java:223) ~[ozone-manager-1.4.0-SNAPSHOT.jar:?]
	at org.apache.hadoop.ozone.protocolPB.OzoneManagerProtocolServerSideTranslatorPB.processRequest(OzoneManagerProtocolServerSideTranslatorPB.java:177) ~[ozone-manager-1.4.0-SNAPSHOT.jar:?]
	at org.apache.hadoop.hdds.server.OzoneProtocolMessageDispatcher.processRequest(OzoneProtocolMessageDispatcher.java:87) [hdds-server-framework-1.4.0-SNAPSHOT.jar:?]
	at org.apache.hadoop.ozone.protocolPB.OzoneManagerProtocolServerSideTranslatorPB.submitRequest(OzoneManagerProtocolServerSideTranslatorPB.java:147) [ozone-manager-1.4.0-SNAPSHOT.jar:?]
	at org.apache.hadoop.ozone.protocol.proto.OzoneManagerProtocolProtos$OzoneManagerService$2.callBlockingMethod(OzoneManagerProtocolProtos.java) [ozone-interface-client-1.4.0-SNAPSHOT.jar:?]
	at org.apache.hadoop.ipc.ProtobufRpcEngine$Server.processCall(ProtobufRpcEngine.java:484) [hadoop-common-3.3.5.jar:?]
	at org.apache.hadoop.ipc.ProtobufRpcEngine2$Server$ProtoBufRpcInvoker.call(ProtobufRpcEngine2.java:595) [hadoop-common-3.3.5.jar:?]
	at org.apache.hadoop.ipc.ProtobufRpcEngine2$Server$ProtoBufRpcInvoker.call(ProtobufRpcEngine2.java:573) [hadoop-common-3.3.5.jar:?]
	at org.apache.hadoop.ipc.RPC$Server.call(RPC.java:1213) [hadoop-common-3.3.5.jar:?]
	at org.apache.hadoop.ipc.Server$RpcCall.run(Server.java:1089) [hadoop-common-3.3.5.jar:?]
	at org.apache.hadoop.ipc.Server$RpcCall.run(Server.java:1012) [hadoop-common-3.3.5.jar:?]
	at java.security.AccessController.doPrivileged(Native Method) ~[?:1.8.0_372]
	at javax.security.auth.Subject.doAs(Subject.java:422) [?:1.8.0_372]
	at org.apache.hadoop.security.UserGroupInformation.doAs(UserGroupInformation.java:1899) [hadoop-common-3.3.5.jar:?]
	at org.apache.hadoop.ipc.Server$Handler.run(Server.java:3026) [hadoop-common-3.3.5.jar:?]
21:35:47.270 [IPC Server handler 13 on default port 15004] ERROR OMAudit - user=runner | ip=127.0.0.1 | op=GET_FILE_STATUS {volume=volume-37019, bucket=bucket-46042, key=.Trash/runner, dataSize=0, replicationConfig=null} | ret=FAILURE
org.apache.hadoop.ozone.om.exceptions.OMException: Unable to get file status: volume: volume-37019 bucket: bucket-46042 key: .Trash/runner
	at org.apache.hadoop.ozone.om.KeyManagerImpl.getOzoneFileStatusFSO(KeyManagerImpl.java:1311) ~[ozone-manager-1.4.0-SNAPSHOT.jar:?]
	at org.apache.hadoop.ozone.om.KeyManagerImpl.getFileStatus(KeyManagerImpl.java:1102) ~[ozone-manager-1.4.0-SNAPSHOT.jar:?]
	at org.apache.hadoop.ozone.om.OmMetadataReader.getFileStatus(OmMetadataReader.java:286) ~[ozone-manager-1.4.0-SNAPSHOT.jar:?]
	at org.apache.hadoop.ozone.om.OzoneManager.getFileStatus(OzoneManager.java:3499) ~[ozone-manager-1.4.0-SNAPSHOT.jar:?]
	at org.apache.hadoop.ozone.protocolPB.OzoneManagerRequestHandler.getOzoneFileStatus(OzoneManagerRequestHandler.java:950) ~[ozone-manager-1.4.0-SNAPSHOT.jar:?]
	at org.apache.hadoop.ozone.protocolPB.OzoneManagerRequestHandler.handleReadRequest(OzoneManagerRequestHandler.java:245) ~[ozone-manager-1.4.0-SNAPSHOT.jar:?]
	at org.apache.hadoop.ozone.protocolPB.OzoneManagerProtocolServerSideTranslatorPB.submitReadRequestToOM(OzoneManagerProtocolServerSideTranslatorPB.java:223) ~[ozone-manager-1.4.0-SNAPSHOT.jar:?]
	at org.apache.hadoop.ozone.protocolPB.OzoneManagerProtocolServerSideTranslatorPB.processRequest(OzoneManagerProtocolServerSideTranslatorPB.java:177) ~[ozone-manager-1.4.0-SNAPSHOT.jar:?]
	at org.apache.hadoop.hdds.server.OzoneProtocolMessageDispatcher.processRequest(OzoneProtocolMessageDispatcher.java:87) [hdds-server-framework-1.4.0-SNAPSHOT.jar:?]
	at org.apache.hadoop.ozone.protocolPB.OzoneManagerProtocolServerSideTranslatorPB.submitRequest(OzoneManagerProtocolServerSideTranslatorPB.java:147) [ozone-manager-1.4.0-SNAPSHOT.jar:?]
	at org.apache.hadoop.ozone.protocol.proto.OzoneManagerProtocolProtos$OzoneManagerService$2.callBlockingMethod(OzoneManagerProtocolProtos.java) [ozone-interface-client-1.4.0-SNAPSHOT.jar:?]
	at org.apache.hadoop.ipc.ProtobufRpcEngine$Server.processCall(ProtobufRpcEngine.java:484) [hadoop-common-3.3.5.jar:?]
	at org.apache.hadoop.ipc.ProtobufRpcEngine2$Server$ProtoBufRpcInvoker.call(ProtobufRpcEngine2.java:595) [hadoop-common-3.3.5.jar:?]
	at org.apache.hadoop.ipc.ProtobufRpcEngine2$Server$ProtoBufRpcInvoker.call(ProtobufRpcEngine2.java:573) [hadoop-common-3.3.5.jar:?]
	at org.apache.hadoop.ipc.RPC$Server.call(RPC.java:1213) [hadoop-common-3.3.5.jar:?]
	at org.apache.hadoop.ipc.Server$RpcCall.run(Server.java:1089) [hadoop-common-3.3.5.jar:?]
	at org.apache.hadoop.ipc.Server$RpcCall.run(Server.java:1012) [hadoop-common-3.3.5.jar:?]
	at java.security.AccessController.doPrivileged(Native Method) ~[?:1.8.0_372]
	at javax.security.auth.Subject.doAs(Subject.java:422) [?:1.8.0_372]
	at org.apache.hadoop.security.UserGroupInformation.doAs(UserGroupInformation.java:1899) [hadoop-common-3.3.5.jar:?]
	at org.apache.hadoop.ipc.Server$Handler.run(Server.java:3026) [hadoop-common-3.3.5.jar:?]
21:35:47.274 [IPC Server handler 14 on default port 15004] ERROR OMAudit - user=runner | ip=127.0.0.1 | op=GET_FILE_STATUS {volume=volume-13413, bucket=bucket3, key=.Trash/runner, dataSize=0, replicationConfig=null} | ret=FAILURE
org.apache.hadoop.ozone.om.exceptions.OMException: Unable to get file status: volume: volume-13413 bucket: bucket3 key: .Trash/runner
	at org.apache.hadoop.ozone.om.KeyManagerImpl.getOzoneFileStatusFSO(KeyManagerImpl.java:1311) ~[ozone-manager-1.4.0-SNAPSHOT.jar:?]
	at org.apache.hadoop.ozone.om.KeyManagerImpl.getFileStatus(KeyManagerImpl.java:1102) ~[ozone-manager-1.4.0-SNAPSHOT.jar:?]
	at org.apache.hadoop.ozone.om.OmMetadataReader.getFileStatus(OmMetadataReader.java:286) ~[ozone-manager-1.4.0-SNAPSHOT.jar:?]
	at org.apache.hadoop.ozone.om.OzoneManager.getFileStatus(OzoneManager.java:3499) ~[ozone-manager-1.4.0-SNAPSHOT.jar:?]
	at org.apache.hadoop.ozone.protocolPB.OzoneManagerRequestHandler.getOzoneFileStatus(OzoneManagerRequestHandler.java:950) ~[ozone-manager-1.4.0-SNAPSHOT.jar:?]
	at org.apache.hadoop.ozone.protocolPB.OzoneManagerRequestHandler.handleReadRequest(OzoneManagerRequestHandler.java:245) ~[ozone-manager-1.4.0-SNAPSHOT.jar:?]
	at org.apache.hadoop.ozone.protocolPB.OzoneManagerProtocolServerSideTranslatorPB.submitReadRequestToOM(OzoneManagerProtocolServerSideTranslatorPB.java:223) ~[ozone-manager-1.4.0-SNAPSHOT.jar:?]
	at org.apache.hadoop.ozone.protocolPB.OzoneManagerProtocolServerSideTranslatorPB.processRequest(OzoneManagerProtocolServerSideTranslatorPB.java:177) ~[ozone-manager-1.4.0-SNAPSHOT.jar:?]
	at org.apache.hadoop.hdds.server.OzoneProtocolMessageDispatcher.processRequest(OzoneProtocolMessageDispatcher.java:87) [hdds-server-framework-1.4.0-SNAPSHOT.jar:?]
	at org.apache.hadoop.ozone.protocolPB.OzoneManagerProtocolServerSideTranslatorPB.submitRequest(OzoneManagerProtocolServerSideTranslatorPB.java:147) [ozone-manager-1.4.0-SNAPSHOT.jar:?]
	at org.apache.hadoop.ozone.protocol.proto.OzoneManagerProtocolProtos$OzoneManagerService$2.callBlockingMethod(OzoneManagerProtocolProtos.java) [ozone-interface-client-1.4.0-SNAPSHOT.jar:?]
	at org.apache.hadoop.ipc.ProtobufRpcEngine$Server.processCall(ProtobufRpcEngine.java:484) [hadoop-common-3.3.5.jar:?]
	at org.apache.hadoop.ipc.ProtobufRpcEngine2$Server$ProtoBufRpcInvoker.call(ProtobufRpcEngine2.java:595) [hadoop-common-3.3.5.jar:?]
	at org.apache.hadoop.ipc.ProtobufRpcEngine2$Server$ProtoBufRpcInvoker.call(ProtobufRpcEngine2.java:573) [hadoop-common-3.3.5.jar:?]
	at org.apache.hadoop.ipc.RPC$Server.call(RPC.java:1213) [hadoop-common-3.3.5.jar:?]
	at org.apache.hadoop.ipc.Server$RpcCall.run(Server.java:1089) [hadoop-common-3.3.5.jar:?]
	at org.apache.hadoop.ipc.Server$RpcCall.run(Server.java:1012) [hadoop-common-3.3.5.jar:?]
	at java.security.AccessController.doPrivileged(Native Method) ~[?:1.8.0_372]
	at javax.security.auth.Subject.doAs(Subject.java:422) [?:1.8.0_372]
	at org.apache.hadoop.security.UserGroupInformation.doAs(UserGroupInformation.java:1899) [hadoop-common-3.3.5.jar:?]
	at org.apache.hadoop.ipc.Server$Handler.run(Server.java:3026) [hadoop-common-3.3.5.jar:?]
21:35:47.283 [IPC Server handler 6 on default port 15004] ERROR OMAudit - user=runner | ip=127.0.0.1 | op=GET_FILE_STATUS {volume=volume89095, bucket=trashroottest2, key=.Trash/runner, dataSize=0, replicationConfig=null} | ret=FAILURE
org.apache.hadoop.ozone.om.exceptions.OMException: Unable to get file status: volume: volume89095 bucket: trashroottest2 key: .Trash/runner
	at org.apache.hadoop.ozone.om.KeyManagerImpl.getOzoneFileStatusFSO(KeyManagerImpl.java:1311) ~[ozone-manager-1.4.0-SNAPSHOT.jar:?]
	at org.apache.hadoop.ozone.om.KeyManagerImpl.getFileStatus(KeyManagerImpl.java:1102) ~[ozone-manager-1.4.0-SNAPSHOT.jar:?]
	at org.apache.hadoop.ozone.om.OmMetadataReader.getFileStatus(OmMetadataReader.java:286) ~[ozone-manager-1.4.0-SNAPSHOT.jar:?]
	at org.apache.hadoop.ozone.om.OzoneManager.getFileStatus(OzoneManager.java:3499) ~[ozone-manager-1.4.0-SNAPSHOT.jar:?]
	at org.apache.hadoop.ozone.protocolPB.OzoneManagerRequestHandler.getOzoneFileStatus(OzoneManagerRequestHandler.java:950) ~[ozone-manager-1.4.0-SNAPSHOT.jar:?]
	at org.apache.hadoop.ozone.protocolPB.OzoneManagerRequestHandler.handleReadRequest(OzoneManagerRequestHandler.java:245) ~[ozone-manager-1.4.0-SNAPSHOT.jar:?]
	at org.apache.hadoop.ozone.protocolPB.OzoneManagerProtocolServerSideTranslatorPB.submitReadRequestToOM(OzoneManagerProtocolServerSideTranslatorPB.java:223) ~[ozone-manager-1.4.0-SNAPSHOT.jar:?]
	at org.apache.hadoop.ozone.protocolPB.OzoneManagerProtocolServerSideTranslatorPB.processRequest(OzoneManagerProtocolServerSideTranslatorPB.java:177) ~[ozone-manager-1.4.0-SNAPSHOT.jar:?]
	at org.apache.hadoop.hdds.server.OzoneProtocolMessageDispatcher.processRequest(OzoneProtocolMessageDispatcher.java:87) [hdds-server-framework-1.4.0-SNAPSHOT.jar:?]
	at org.apache.hadoop.ozone.protocolPB.OzoneManagerProtocolServerSideTranslatorPB.submitRequest(OzoneManagerProtocolServerSideTranslatorPB.java:147) [ozone-manager-1.4.0-SNAPSHOT.jar:?]
	at org.apache.hadoop.ozone.protocol.proto.OzoneManagerProtocolProtos$OzoneManagerService$2.callBlockingMethod(OzoneManagerProtocolProtos.java) [ozone-interface-client-1.4.0-SNAPSHOT.jar:?]
	at org.apache.hadoop.ipc.ProtobufRpcEngine$Server.processCall(ProtobufRpcEngine.java:484) [hadoop-common-3.3.5.jar:?]
	at org.apache.hadoop.ipc.ProtobufRpcEngine2$Server$ProtoBufRpcInvoker.call(ProtobufRpcEngine2.java:595) [hadoop-common-3.3.5.jar:?]
	at org.apache.hadoop.ipc.ProtobufRpcEngine2$Server$ProtoBufRpcInvoker.call(ProtobufRpcEngine2.java:573) [hadoop-common-3.3.5.jar:?]
	at org.apache.hadoop.ipc.RPC$Server.call(RPC.java:1213) [hadoop-common-3.3.5.jar:?]
	at org.apache.hadoop.ipc.Server$RpcCall.run(Server.java:1089) [hadoop-common-3.3.5.jar:?]
	at org.apache.hadoop.ipc.Server$RpcCall.run(Server.java:1012) [hadoop-common-3.3.5.jar:?]
	at java.security.AccessController.doPrivileged(Native Method) ~[?:1.8.0_372]
	at javax.security.auth.Subject.doAs(Subject.java:422) [?:1.8.0_372]
	at org.apache.hadoop.security.UserGroupInformation.doAs(UserGroupInformation.java:1899) [hadoop-common-3.3.5.jar:?]
	at org.apache.hadoop.ipc.Server$Handler.run(Server.java:3026) [hadoop-common-3.3.5.jar:?]
21:35:47.289 [IPC Server handler 13 on default port 15004] ERROR OMAudit - user=runner | ip=127.0.0.1 | op=GET_FILE_STATUS {volume=c5114827-810a-46d6-b873-cfac3b5f6917, bucket=157b57d1-2b34-4b36-8944-9406453d8814, key=.Trash, dataSize=0, replicationConfig=null} | ret=FAILURE
org.apache.hadoop.ozone.om.exceptions.OMException: Unable to get file status: volume: c5114827-810a-46d6-b873-cfac3b5f6917 bucket: 157b57d1-2b34-4b36-8944-9406453d8814 key: .Trash
	at org.apache.hadoop.ozone.om.KeyManagerImpl.getOzoneFileStatus(KeyManagerImpl.java:1186) ~[ozone-manager-1.4.0-SNAPSHOT.jar:?]
	at org.apache.hadoop.ozone.om.KeyManagerImpl.getFileStatus(KeyManagerImpl.java:1104) ~[ozone-manager-1.4.0-SNAPSHOT.jar:?]
	at org.apache.hadoop.ozone.om.OmMetadataReader.getFileStatus(OmMetadataReader.java:286) ~[ozone-manager-1.4.0-SNAPSHOT.jar:?]
	at org.apache.hadoop.ozone.om.OzoneManager.getFileStatus(OzoneManager.java:3499) ~[ozone-manager-1.4.0-SNAPSHOT.jar:?]
	at org.apache.hadoop.ozone.protocolPB.OzoneManagerRequestHandler.getOzoneFileStatus(OzoneManagerRequestHandler.java:950) ~[ozone-manager-1.4.0-SNAPSHOT.jar:?]
	at org.apache.hadoop.ozone.protocolPB.OzoneManagerRequestHandler.handleReadRequest(OzoneManagerRequestHandler.java:245) ~[ozone-manager-1.4.0-SNAPSHOT.jar:?]
	at org.apache.hadoop.ozone.protocolPB.OzoneManagerProtocolServerSideTranslatorPB.submitReadRequestToOM(OzoneManagerProtocolServerSideTranslatorPB.java:223) ~[ozone-manager-1.4.0-SNAPSHOT.jar:?]
	at org.apache.hadoop.ozone.protocolPB.OzoneManagerProtocolServerSideTranslatorPB.processRequest(OzoneManagerProtocolServerSideTranslatorPB.java:177) ~[ozone-manager-1.4.0-SNAPSHOT.jar:?]
	at org.apache.hadoop.hdds.server.OzoneProtocolMessageDispatcher.processRequest(OzoneProtocolMessageDispatcher.java:87) [hdds-server-framework-1.4.0-SNAPSHOT.jar:?]
	at org.apache.hadoop.ozone.protocolPB.OzoneManagerProtocolServerSideTranslatorPB.submitRequest(OzoneManagerProtocolServerSideTranslatorPB.java:147) [ozone-manager-1.4.0-SNAPSHOT.jar:?]
	at org.apache.hadoop.ozone.protocol.proto.OzoneManagerProtocolProtos$OzoneManagerService$2.callBlockingMethod(OzoneManagerProtocolProtos.java) [ozone-interface-client-1.4.0-SNAPSHOT.jar:?]
	at org.apache.hadoop.ipc.ProtobufRpcEngine$Server.processCall(ProtobufRpcEngine.java:484) [hadoop-common-3.3.5.jar:?]
	at org.apache.hadoop.ipc.ProtobufRpcEngine2$Server$ProtoBufRpcInvoker.call(ProtobufRpcEngine2.java:595) [hadoop-common-3.3.5.jar:?]
	at org.apache.hadoop.ipc.ProtobufRpcEngine2$Server$ProtoBufRpcInvoker.call(ProtobufRpcEngine2.java:573) [hadoop-common-3.3.5.jar:?]
	at org.apache.hadoop.ipc.RPC$Server.call(RPC.java:1213) [hadoop-common-3.3.5.jar:?]
	at org.apache.hadoop.ipc.Server$RpcCall.run(Server.java:1089) [hadoop-common-3.3.5.jar:?]
	at org.apache.hadoop.ipc.Server$RpcCall.run(Server.java:1012) [hadoop-common-3.3.5.jar:?]
	at java.security.AccessController.doPrivileged(Native Method) ~[?:1.8.0_372]
	at javax.security.auth.Subject.doAs(Subject.java:422) [?:1.8.0_372]
	at org.apache.hadoop.security.UserGroupInformation.doAs(UserGroupInformation.java:1899) [hadoop-common-3.3.5.jar:?]
	at org.apache.hadoop.ipc.Server$Handler.run(Server.java:3026) [hadoop-common-3.3.5.jar:?]
21:35:47.293 [IPC Server handler 18 on default port 15004] ERROR OMAudit - user=runner | ip=127.0.0.1 | op=GET_FILE_STATUS {volume=volume-13413, bucket=bucket3, key=.Trash, dataSize=0, replicationConfig=null} | ret=FAILURE
org.apache.hadoop.ozone.om.exceptions.OMException: Unable to get file status: volume: volume-13413 bucket: bucket3 key: .Trash
	at org.apache.hadoop.ozone.om.KeyManagerImpl.getOzoneFileStatusFSO(KeyManagerImpl.java:1311) ~[ozone-manager-1.4.0-SNAPSHOT.jar:?]
	at org.apache.hadoop.ozone.om.KeyManagerImpl.getFileStatus(KeyManagerImpl.java:1102) ~[ozone-manager-1.4.0-SNAPSHOT.jar:?]
	at org.apache.hadoop.ozone.om.OmMetadataReader.getFileStatus(OmMetadataReader.java:286) ~[ozone-manager-1.4.0-SNAPSHOT.jar:?]
	at org.apache.hadoop.ozone.om.OzoneManager.getFileStatus(OzoneManager.java:3499) ~[ozone-manager-1.4.0-SNAPSHOT.jar:?]
	at org.apache.hadoop.ozone.protocolPB.OzoneManagerRequestHandler.getOzoneFileStatus(OzoneManagerRequestHandler.java:950) ~[ozone-manager-1.4.0-SNAPSHOT.jar:?]
	at org.apache.hadoop.ozone.protocolPB.OzoneManagerRequestHandler.handleReadRequest(OzoneManagerRequestHandler.java:245) ~[ozone-manager-1.4.0-SNAPSHOT.jar:?]
	at org.apache.hadoop.ozone.protocolPB.OzoneManagerProtocolServerSideTranslatorPB.submitReadRequestToOM(OzoneManagerProtocolServerSideTranslatorPB.java:223) ~[ozone-manager-1.4.0-SNAPSHOT.jar:?]
	at org.apache.hadoop.ozone.protocolPB.OzoneManagerProtocolServerSideTranslatorPB.processRequest(OzoneManagerProtocolServerSideTranslatorPB.java:177) ~[ozone-manager-1.4.0-SNAPSHOT.jar:?]
	at org.apache.hadoop.hdds.server.OzoneProtocolMessageDispatcher.processRequest(OzoneProtocolMessageDispatcher.java:87) [hdds-server-framework-1.4.0-SNAPSHOT.jar:?]
	at org.apache.hadoop.ozone.protocolPB.OzoneManagerProtocolServerSideTranslatorPB.submitRequest(OzoneManagerProtocolServerSideTranslatorPB.java:147) [ozone-manager-1.4.0-SNAPSHOT.jar:?]
	at org.apache.hadoop.ozone.protocol.proto.OzoneManagerProtocolProtos$OzoneManagerService$2.callBlockingMethod(OzoneManagerProtocolProtos.java) [ozone-interface-client-1.4.0-SNAPSHOT.jar:?]
	at org.apache.hadoop.ipc.ProtobufRpcEngine$Server.processCall(ProtobufRpcEngine.java:484) [hadoop-common-3.3.5.jar:?]
	at org.apache.hadoop.ipc.ProtobufRpcEngine2$Server$ProtoBufRpcInvoker.call(ProtobufRpcEngine2.java:595) [hadoop-common-3.3.5.jar:?]
	at org.apache.hadoop.ipc.ProtobufRpcEngine2$Server$ProtoBufRpcInvoker.call(ProtobufRpcEngine2.java:573) [hadoop-common-3.3.5.jar:?]
	at org.apache.hadoop.ipc.RPC$Server.call(RPC.java:1213) [hadoop-common-3.3.5.jar:?]
	at org.apache.hadoop.ipc.Server$RpcCall.run(Server.java:1089) [hadoop-common-3.3.5.jar:?]
	at org.apache.hadoop.ipc.Server$RpcCall.run(Server.java:1012) [hadoop-common-3.3.5.jar:?]
	at java.security.AccessController.doPrivileged(Native Method) ~[?:1.8.0_372]
	at javax.security.auth.Subject.doAs(Subject.java:422) [?:1.8.0_372]
	at org.apache.hadoop.security.UserGroupInformation.doAs(UserGroupInformation.java:1899) [hadoop-common-3.3.5.jar:?]
	at org.apache.hadoop.ipc.Server$Handler.run(Server.java:3026) [hadoop-common-3.3.5.jar:?]
21:35:47.296 [IPC Server handler 1 on default port 15004] ERROR OMAudit - user=runner | ip=127.0.0.1 | op=GET_FILE_STATUS {volume=volume-37019, bucket=bucket-46042, key=.Trash, dataSize=0, replicationConfig=null} | ret=FAILURE
org.apache.hadoop.ozone.om.exceptions.OMException: Unable to get file status: volume: volume-37019 bucket: bucket-46042 key: .Trash
	at org.apache.hadoop.ozone.om.KeyManagerImpl.getOzoneFileStatusFSO(KeyManagerImpl.java:1311) ~[ozone-manager-1.4.0-SNAPSHOT.jar:?]
	at org.apache.hadoop.ozone.om.KeyManagerImpl.getFileStatus(KeyManagerImpl.java:1102) ~[ozone-manager-1.4.0-SNAPSHOT.jar:?]
	at org.apache.hadoop.ozone.om.OmMetadataReader.getFileStatus(OmMetadataReader.java:286) ~[ozone-manager-1.4.0-SNAPSHOT.jar:?]
	at org.apache.hadoop.ozone.om.OzoneManager.getFileStatus(OzoneManager.java:3499) ~[ozone-manager-1.4.0-SNAPSHOT.jar:?]
	at org.apache.hadoop.ozone.protocolPB.OzoneManagerRequestHandler.getOzoneFileStatus(OzoneManagerRequestHandler.java:950) ~[ozone-manager-1.4.0-SNAPSHOT.jar:?]
	at org.apache.hadoop.ozone.protocolPB.OzoneManagerRequestHandler.handleReadRequest(OzoneManagerRequestHandler.java:245) ~[ozone-manager-1.4.0-SNAPSHOT.jar:?]
	at org.apache.hadoop.ozone.protocolPB.OzoneManagerProtocolServerSideTranslatorPB.submitReadRequestToOM(OzoneManagerProtocolServerSideTranslatorPB.java:223) ~[ozone-manager-1.4.0-SNAPSHOT.jar:?]
	at org.apache.hadoop.ozone.protocolPB.OzoneManagerProtocolServerSideTranslatorPB.processRequest(OzoneManagerProtocolServerSideTranslatorPB.java:177) ~[ozone-manager-1.4.0-SNAPSHOT.jar:?]
	at org.apache.hadoop.hdds.server.OzoneProtocolMessageDispatcher.processRequest(OzoneProtocolMessageDispatcher.java:87) [hdds-server-framework-1.4.0-SNAPSHOT.jar:?]
	at org.apache.hadoop.ozone.protocolPB.OzoneManagerProtocolServerSideTranslatorPB.submitRequest(OzoneManagerProtocolServerSideTranslatorPB.java:147) [ozone-manager-1.4.0-SNAPSHOT.jar:?]
	at org.apache.hadoop.ozone.protocol.proto.OzoneManagerProtocolProtos$OzoneManagerService$2.callBlockingMethod(OzoneManagerProtocolProtos.java) [ozone-interface-client-1.4.0-SNAPSHOT.jar:?]
	at org.apache.hadoop.ipc.ProtobufRpcEngine$Server.processCall(ProtobufRpcEngine.java:484) [hadoop-common-3.3.5.jar:?]
	at org.apache.hadoop.ipc.ProtobufRpcEngine2$Server$ProtoBufRpcInvoker.call(ProtobufRpcEngine2.java:595) [hadoop-common-3.3.5.jar:?]
	at org.apache.hadoop.ipc.ProtobufRpcEngine2$Server$ProtoBufRpcInvoker.call(ProtobufRpcEngine2.java:573) [hadoop-common-3.3.5.jar:?]
	at org.apache.hadoop.ipc.RPC$Server.call(RPC.java:1213) [hadoop-common-3.3.5.jar:?]
	at org.apache.hadoop.ipc.Server$RpcCall.run(Server.java:1089) [hadoop-common-3.3.5.jar:?]
	at org.apache.hadoop.ipc.Server$RpcCall.run(Server.java:1012) [hadoop-common-3.3.5.jar:?]
	at java.security.AccessController.doPrivileged(Native Method) ~[?:1.8.0_372]
	at javax.security.auth.Subject.doAs(Subject.java:422) [?:1.8.0_372]
	at org.apache.hadoop.security.UserGroupInformation.doAs(UserGroupInformation.java:1899) [hadoop-common-3.3.5.jar:?]
	at org.apache.hadoop.ipc.Server$Handler.run(Server.java:3026) [hadoop-common-3.3.5.jar:?]
21:35:47.300 [IPC Server handler 0 on default port 15004] ERROR OMAudit - user=runner | ip=127.0.0.1 | op=GET_FILE_STATUS {volume=volume-40960, bucket=bucket-06556, key=.Trash, dataSize=0, replicationConfig=null} | ret=FAILURE
org.apache.hadoop.ozone.om.exceptions.OMException: Unable to get file status: volume: volume-40960 bucket: bucket-06556 key: .Trash
	at org.apache.hadoop.ozone.om.KeyManagerImpl.getOzoneFileStatusFSO(KeyManagerImpl.java:1311) ~[ozone-manager-1.4.0-SNAPSHOT.jar:?]
	at org.apache.hadoop.ozone.om.KeyManagerImpl.getFileStatus(KeyManagerImpl.java:1102) ~[ozone-manager-1.4.0-SNAPSHOT.jar:?]
	at org.apache.hadoop.ozone.om.OmMetadataReader.getFileStatus(OmMetadataReader.java:286) ~[ozone-manager-1.4.0-SNAPSHOT.jar:?]
	at org.apache.hadoop.ozone.om.OzoneManager.getFileStatus(OzoneManager.java:3499) ~[ozone-manager-1.4.0-SNAPSHOT.jar:?]
	at org.apache.hadoop.ozone.protocolPB.OzoneManagerRequestHandler.getOzoneFileStatus(OzoneManagerRequestHandler.java:950) ~[ozone-manager-1.4.0-SNAPSHOT.jar:?]
	at org.apache.hadoop.ozone.protocolPB.OzoneManagerRequestHandler.handleReadRequest(OzoneManagerRequestHandler.java:245) ~[ozone-manager-1.4.0-SNAPSHOT.jar:?]
	at org.apache.hadoop.ozone.protocolPB.OzoneManagerProtocolServerSideTranslatorPB.submitReadRequestToOM(OzoneManagerProtocolServerSideTranslatorPB.java:223) ~[ozone-manager-1.4.0-SNAPSHOT.jar:?]
	at org.apache.hadoop.ozone.protocolPB.OzoneManagerProtocolServerSideTranslatorPB.processRequest(OzoneManagerProtocolServerSideTranslatorPB.java:177) ~[ozone-manager-1.4.0-SNAPSHOT.jar:?]
	at org.apache.hadoop.hdds.server.OzoneProtocolMessageDispatcher.processRequest(OzoneProtocolMessageDispatcher.java:87) [hdds-server-framework-1.4.0-SNAPSHOT.jar:?]
	at org.apache.hadoop.ozone.protocolPB.OzoneManagerProtocolServerSideTranslatorPB.submitRequest(OzoneManagerProtocolServerSideTranslatorPB.java:147) [ozone-manager-1.4.0-SNAPSHOT.jar:?]
	at org.apache.hadoop.ozone.protocol.proto.OzoneManagerProtocolProtos$OzoneManagerService$2.callBlockingMethod(OzoneManagerProtocolProtos.java) [ozone-interface-client-1.4.0-SNAPSHOT.jar:?]
	at org.apache.hadoop.ipc.ProtobufRpcEngine$Server.processCall(ProtobufRpcEngine.java:484) [hadoop-common-3.3.5.jar:?]
	at org.apache.hadoop.ipc.ProtobufRpcEngine2$Server$ProtoBufRpcInvoker.call(ProtobufRpcEngine2.java:595) [hadoop-common-3.3.5.jar:?]
	at org.apache.hadoop.ipc.ProtobufRpcEngine2$Server$ProtoBufRpcInvoker.call(ProtobufRpcEngine2.java:573) [hadoop-common-3.3.5.jar:?]
	at org.apache.hadoop.ipc.RPC$Server.call(RPC.java:1213) [hadoop-common-3.3.5.jar:?]
	at org.apache.hadoop.ipc.Server$RpcCall.run(Server.java:1089) [hadoop-common-3.3.5.jar:?]
	at org.apache.hadoop.ipc.Server$RpcCall.run(Server.java:1012) [hadoop-common-3.3.5.jar:?]
	at java.security.AccessController.doPrivileged(Native Method) ~[?:1.8.0_372]
	at javax.security.auth.Subject.doAs(Subject.java:422) [?:1.8.0_372]
	at org.apache.hadoop.security.UserGroupInformation.doAs(UserGroupInformation.java:1899) [hadoop-common-3.3.5.jar:?]
	at org.apache.hadoop.ipc.Server$Handler.run(Server.java:3026) [hadoop-common-3.3.5.jar:?]
21:35:47.304 [IPC Server handler 17 on default port 15004] ERROR OMAudit - user=runner | ip=127.0.0.1 | op=GET_FILE_STATUS {volume=volume26500, bucket=bucket42741, key=.Trash, dataSize=0, replicationConfig=null} | ret=FAILURE
org.apache.hadoop.ozone.om.exceptions.OMException: Unable to get file status: volume: volume26500 bucket: bucket42741 key: .Trash
	at org.apache.hadoop.ozone.om.KeyManagerImpl.getOzoneFileStatusFSO(KeyManagerImpl.java:1311) ~[ozone-manager-1.4.0-SNAPSHOT.jar:?]
	at org.apache.hadoop.ozone.om.KeyManagerImpl.getFileStatus(KeyManagerImpl.java:1102) ~[ozone-manager-1.4.0-SNAPSHOT.jar:?]
	at org.apache.hadoop.ozone.om.OmMetadataReader.getFileStatus(OmMetadataReader.java:286) ~[ozone-manager-1.4.0-SNAPSHOT.jar:?]
	at org.apache.hadoop.ozone.om.OzoneManager.getFileStatus(OzoneManager.java:3499) ~[ozone-manager-1.4.0-SNAPSHOT.jar:?]
	at org.apache.hadoop.ozone.protocolPB.OzoneManagerRequestHandler.getOzoneFileStatus(OzoneManagerRequestHandler.java:950) ~[ozone-manager-1.4.0-SNAPSHOT.jar:?]
	at org.apache.hadoop.ozone.protocolPB.OzoneManagerRequestHandler.handleReadRequest(OzoneManagerRequestHandler.java:245) ~[ozone-manager-1.4.0-SNAPSHOT.jar:?]
	at org.apache.hadoop.ozone.protocolPB.OzoneManagerProtocolServerSideTranslatorPB.submitReadRequestToOM(OzoneManagerProtocolServerSideTranslatorPB.java:223) ~[ozone-manager-1.4.0-SNAPSHOT.jar:?]
	at org.apache.hadoop.ozone.protocolPB.OzoneManagerProtocolServerSideTranslatorPB.processRequest(OzoneManagerProtocolServerSideTranslatorPB.java:177) ~[ozone-manager-1.4.0-SNAPSHOT.jar:?]
	at org.apache.hadoop.hdds.server.OzoneProtocolMessageDispatcher.processRequest(OzoneProtocolMessageDispatcher.java:87) [hdds-server-framework-1.4.0-SNAPSHOT.jar:?]
	at org.apache.hadoop.ozone.protocolPB.OzoneManagerProtocolServerSideTranslatorPB.submitRequest(OzoneManagerProtocolServerSideTranslatorPB.java:147) [ozone-manager-1.4.0-SNAPSHOT.jar:?]
	at org.apache.hadoop.ozone.protocol.proto.OzoneManagerProtocolProtos$OzoneManagerService$2.callBlockingMethod(OzoneManagerProtocolProtos.java) [ozone-interface-client-1.4.0-SNAPSHOT.jar:?]
	at org.apache.hadoop.ipc.ProtobufRpcEngine$Server.processCall(ProtobufRpcEngine.java:484) [hadoop-common-3.3.5.jar:?]
	at org.apache.hadoop.ipc.ProtobufRpcEngine2$Server$ProtoBufRpcInvoker.call(ProtobufRpcEngine2.java:595) [hadoop-common-3.3.5.jar:?]
	at org.apache.hadoop.ipc.ProtobufRpcEngine2$Server$ProtoBufRpcInvoker.call(ProtobufRpcEngine2.java:573) [hadoop-common-3.3.5.jar:?]
	at org.apache.hadoop.ipc.RPC$Server.call(RPC.java:1213) [hadoop-common-3.3.5.jar:?]
	at org.apache.hadoop.ipc.Server$RpcCall.run(Server.java:1089) [hadoop-common-3.3.5.jar:?]
	at org.apache.hadoop.ipc.Server$RpcCall.run(Server.java:1012) [hadoop-common-3.3.5.jar:?]
	at java.security.AccessController.doPrivileged(Native Method) ~[?:1.8.0_372]
	at javax.security.auth.Subject.doAs(Subject.java:422) [?:1.8.0_372]
	at org.apache.hadoop.security.UserGroupInformation.doAs(UserGroupInformation.java:1899) [hadoop-common-3.3.5.jar:?]
	at org.apache.hadoop.ipc.Server$Handler.run(Server.java:3026) [hadoop-common-3.3.5.jar:?]
21:35:47.306 [IPC Server handler 12 on default port 15004] ERROR OMAudit - user=runner | ip=127.0.0.1 | op=GET_FILE_STATUS {volume=volume67981, bucket=bucket69491, key=.Trash, dataSize=0, replicationConfig=null} | ret=FAILURE
org.apache.hadoop.ozone.om.exceptions.OMException: Unable to get file status: volume: volume67981 bucket: bucket69491 key: .Trash
	at org.apache.hadoop.ozone.om.KeyManagerImpl.getOzoneFileStatusFSO(KeyManagerImpl.java:1311) ~[ozone-manager-1.4.0-SNAPSHOT.jar:?]
	at org.apache.hadoop.ozone.om.KeyManagerImpl.getFileStatus(KeyManagerImpl.java:1102) ~[ozone-manager-1.4.0-SNAPSHOT.jar:?]
	at org.apache.hadoop.ozone.om.OmMetadataReader.getFileStatus(OmMetadataReader.java:286) ~[ozone-manager-1.4.0-SNAPSHOT.jar:?]
	at org.apache.hadoop.ozone.om.OzoneManager.getFileStatus(OzoneManager.java:3499) ~[ozone-manager-1.4.0-SNAPSHOT.jar:?]
	at org.apache.hadoop.ozone.protocolPB.OzoneManagerRequestHandler.getOzoneFileStatus(OzoneManagerRequestHandler.java:950) ~[ozone-manager-1.4.0-SNAPSHOT.jar:?]
	at org.apache.hadoop.ozone.protocolPB.OzoneManagerRequestHandler.handleReadRequest(OzoneManagerRequestHandler.java:245) ~[ozone-manager-1.4.0-SNAPSHOT.jar:?]
	at org.apache.hadoop.ozone.protocolPB.OzoneManagerProtocolServerSideTranslatorPB.submitReadRequestToOM(OzoneManagerProtocolServerSideTranslatorPB.java:223) ~[ozone-manager-1.4.0-SNAPSHOT.jar:?]
	at org.apache.hadoop.ozone.protocolPB.OzoneManagerProtocolServerSideTranslatorPB.processRequest(OzoneManagerProtocolServerSideTranslatorPB.java:177) ~[ozone-manager-1.4.0-SNAPSHOT.jar:?]
	at org.apache.hadoop.hdds.server.OzoneProtocolMessageDispatcher.processRequest(OzoneProtocolMessageDispatcher.java:87) [hdds-server-framework-1.4.0-SNAPSHOT.jar:?]
	at org.apache.hadoop.ozone.protocolPB.OzoneManagerProtocolServerSideTranslatorPB.submitRequest(OzoneManagerProtocolServerSideTranslatorPB.java:147) [ozone-manager-1.4.0-SNAPSHOT.jar:?]
	at org.apache.hadoop.ozone.protocol.proto.OzoneManagerProtocolProtos$OzoneManagerService$2.callBlockingMethod(OzoneManagerProtocolProtos.java) [ozone-interface-client-1.4.0-SNAPSHOT.jar:?]
	at org.apache.hadoop.ipc.ProtobufRpcEngine$Server.processCall(ProtobufRpcEngine.java:484) [hadoop-common-3.3.5.jar:?]
	at org.apache.hadoop.ipc.ProtobufRpcEngine2$Server$ProtoBufRpcInvoker.call(ProtobufRpcEngine2.java:595) [hadoop-common-3.3.5.jar:?]
	at org.apache.hadoop.ipc.ProtobufRpcEngine2$Server$ProtoBufRpcInvoker.call(ProtobufRpcEngine2.java:573) [hadoop-common-3.3.5.jar:?]
	at org.apache.hadoop.ipc.RPC$Server.call(RPC.java:1213) [hadoop-common-3.3.5.jar:?]
	at org.apache.hadoop.ipc.Server$RpcCall.run(Server.java:1089) [hadoop-common-3.3.5.jar:?]
	at org.apache.hadoop.ipc.Server$RpcCall.run(Server.java:1012) [hadoop-common-3.3.5.jar:?]
	at java.security.AccessController.doPrivileged(Native Method) ~[?:1.8.0_372]
	at javax.security.auth.Subject.doAs(Subject.java:422) [?:1.8.0_372]
	at org.apache.hadoop.security.UserGroupInformation.doAs(UserGroupInformation.java:1899) [hadoop-common-3.3.5.jar:?]
	at org.apache.hadoop.ipc.Server$Handler.run(Server.java:3026) [hadoop-common-3.3.5.jar:?]
21:35:47.321 [IPC Server handler 0 on default port 15004] ERROR OMAudit - user=runner | ip=127.0.0.1 | op=GET_FILE_STATUS {volume=volume89095, bucket=trashroottest2, key=.Trash, dataSize=0, replicationConfig=null} | ret=FAILURE
org.apache.hadoop.ozone.om.exceptions.OMException: Unable to get file status: volume: volume89095 bucket: trashroottest2 key: .Trash
	at org.apache.hadoop.ozone.om.KeyManagerImpl.getOzoneFileStatusFSO(KeyManagerImpl.java:1311) ~[ozone-manager-1.4.0-SNAPSHOT.jar:?]
	at org.apache.hadoop.ozone.om.KeyManagerImpl.getFileStatus(KeyManagerImpl.java:1102) ~[ozone-manager-1.4.0-SNAPSHOT.jar:?]
	at org.apache.hadoop.ozone.om.OmMetadataReader.getFileStatus(OmMetadataReader.java:286) ~[ozone-manager-1.4.0-SNAPSHOT.jar:?]
	at org.apache.hadoop.ozone.om.OzoneManager.getFileStatus(OzoneManager.java:3499) ~[ozone-manager-1.4.0-SNAPSHOT.jar:?]
	at org.apache.hadoop.ozone.protocolPB.OzoneManagerRequestHandler.getOzoneFileStatus(OzoneManagerRequestHandler.java:950) ~[ozone-manager-1.4.0-SNAPSHOT.jar:?]
	at org.apache.hadoop.ozone.protocolPB.OzoneManagerRequestHandler.handleReadRequest(OzoneManagerRequestHandler.java:245) ~[ozone-manager-1.4.0-SNAPSHOT.jar:?]
	at org.apache.hadoop.ozone.protocolPB.OzoneManagerProtocolServerSideTranslatorPB.submitReadRequestToOM(OzoneManagerProtocolServerSideTranslatorPB.java:223) ~[ozone-manager-1.4.0-SNAPSHOT.jar:?]
	at org.apache.hadoop.ozone.protocolPB.OzoneManagerProtocolServerSideTranslatorPB.processRequest(OzoneManagerProtocolServerSideTranslatorPB.java:177) ~[ozone-manager-1.4.0-SNAPSHOT.jar:?]
	at org.apache.hadoop.hdds.server.OzoneProtocolMessageDispatcher.processRequest(OzoneProtocolMessageDispatcher.java:87) [hdds-server-framework-1.4.0-SNAPSHOT.jar:?]
	at org.apache.hadoop.ozone.protocolPB.OzoneManagerProtocolServerSideTranslatorPB.submitRequest(OzoneManagerProtocolServerSideTranslatorPB.java:147) [ozone-manager-1.4.0-SNAPSHOT.jar:?]
	at org.apache.hadoop.ozone.protocol.proto.OzoneManagerProtocolProtos$OzoneManagerService$2.callBlockingMethod(OzoneManagerProtocolProtos.java) [ozone-interface-client-1.4.0-SNAPSHOT.jar:?]
	at org.apache.hadoop.ipc.ProtobufRpcEngine$Server.processCall(ProtobufRpcEngine.java:484) [hadoop-common-3.3.5.jar:?]
	at org.apache.hadoop.ipc.ProtobufRpcEngine2$Server$ProtoBufRpcInvoker.call(ProtobufRpcEngine2.java:595) [hadoop-common-3.3.5.jar:?]
	at org.apache.hadoop.ipc.ProtobufRpcEngine2$Server$ProtoBufRpcInvoker.call(ProtobufRpcEngine2.java:573) [hadoop-common-3.3.5.jar:?]
	at org.apache.hadoop.ipc.RPC$Server.call(RPC.java:1213) [hadoop-common-3.3.5.jar:?]
	at org.apache.hadoop.ipc.Server$RpcCall.run(Server.java:1089) [hadoop-common-3.3.5.jar:?]
	at org.apache.hadoop.ipc.Server$RpcCall.run(Server.java:1012) [hadoop-common-3.3.5.jar:?]
	at java.security.AccessController.doPrivileged(Native Method) ~[?:1.8.0_372]
	at javax.security.auth.Subject.doAs(Subject.java:422) [?:1.8.0_372]
	at org.apache.hadoop.security.UserGroupInformation.doAs(UserGroupInformation.java:1899) [hadoop-common-3.3.5.jar:?]
	at org.apache.hadoop.ipc.Server$Handler.run(Server.java:3026) [hadoop-common-3.3.5.jar:?]
21:35:47.333 [IPC Server handler 14 on default port 15004] ERROR OMAudit - user=runner | ip=127.0.0.1 | op=GET_FILE_STATUS {volume=volume26500, bucket=bucket42741, key=.Trash/runner, dataSize=0, replicationConfig=null} | ret=FAILURE
org.apache.hadoop.ozone.om.exceptions.OMException: Unable to get file status: volume: volume26500 bucket: bucket42741 key: .Trash/runner
	at org.apache.hadoop.ozone.om.KeyManagerImpl.getOzoneFileStatusFSO(KeyManagerImpl.java:1311) ~[ozone-manager-1.4.0-SNAPSHOT.jar:?]
	at org.apache.hadoop.ozone.om.KeyManagerImpl.getFileStatus(KeyManagerImpl.java:1102) ~[ozone-manager-1.4.0-SNAPSHOT.jar:?]
	at org.apache.hadoop.ozone.om.OmMetadataReader.getFileStatus(OmMetadataReader.java:286) ~[ozone-manager-1.4.0-SNAPSHOT.jar:?]
	at org.apache.hadoop.ozone.om.OzoneManager.getFileStatus(OzoneManager.java:3499) ~[ozone-manager-1.4.0-SNAPSHOT.jar:?]
	at org.apache.hadoop.ozone.protocolPB.OzoneManagerRequestHandler.getOzoneFileStatus(OzoneManagerRequestHandler.java:950) ~[ozone-manager-1.4.0-SNAPSHOT.jar:?]
	at org.apache.hadoop.ozone.protocolPB.OzoneManagerRequestHandler.handleReadRequest(OzoneManagerRequestHandler.java:245) ~[ozone-manager-1.4.0-SNAPSHOT.jar:?]
	at org.apache.hadoop.ozone.protocolPB.OzoneManagerProtocolServerSideTranslatorPB.submitReadRequestToOM(OzoneManagerProtocolServerSideTranslatorPB.java:223) ~[ozone-manager-1.4.0-SNAPSHOT.jar:?]
	at org.apache.hadoop.ozone.protocolPB.OzoneManagerProtocolServerSideTranslatorPB.processRequest(OzoneManagerProtocolServerSideTranslatorPB.java:177) ~[ozone-manager-1.4.0-SNAPSHOT.jar:?]
	at org.apache.hadoop.hdds.server.OzoneProtocolMessageDispatcher.processRequest(OzoneProtocolMessageDispatcher.java:87) [hdds-server-framework-1.4.0-SNAPSHOT.jar:?]
	at org.apache.hadoop.ozone.protocolPB.OzoneManagerProtocolServerSideTranslatorPB.submitRequest(OzoneManagerProtocolServerSideTranslatorPB.java:147) [ozone-manager-1.4.0-SNAPSHOT.jar:?]
	at org.apache.hadoop.ozone.protocol.proto.OzoneManagerProtocolProtos$OzoneManagerService$2.callBlockingMethod(OzoneManagerProtocolProtos.java) [ozone-interface-client-1.4.0-SNAPSHOT.jar:?]
	at org.apache.hadoop.ipc.ProtobufRpcEngine$Server.processCall(ProtobufRpcEngine.java:484) [hadoop-common-3.3.5.jar:?]
	at org.apache.hadoop.ipc.ProtobufRpcEngine2$Server$ProtoBufRpcInvoker.call(ProtobufRpcEngine2.java:595) [hadoop-common-3.3.5.jar:?]
	at org.apache.hadoop.ipc.ProtobufRpcEngine2$Server$ProtoBufRpcInvoker.call(ProtobufRpcEngine2.java:573) [hadoop-common-3.3.5.jar:?]
	at org.apache.hadoop.ipc.RPC$Server.call(RPC.java:1213) [hadoop-common-3.3.5.jar:?]
	at org.apache.hadoop.ipc.Server$RpcCall.run(Server.java:1089) [hadoop-common-3.3.5.jar:?]
	at org.apache.hadoop.ipc.Server$RpcCall.run(Server.java:1012) [hadoop-common-3.3.5.jar:?]
	at java.security.AccessController.doPrivileged(Native Method) ~[?:1.8.0_372]
	at javax.security.auth.Subject.doAs(Subject.java:422) [?:1.8.0_372]
	at org.apache.hadoop.security.UserGroupInformation.doAs(UserGroupInformation.java:1899) [hadoop-common-3.3.5.jar:?]
	at org.apache.hadoop.ipc.Server$Handler.run(Server.java:3026) [hadoop-common-3.3.5.jar:?]
21:35:47.336 [IPC Server handler 5 on default port 15004] ERROR OMAudit - user=runner | ip=127.0.0.1 | op=GET_FILE_STATUS {volume=volume-40960, bucket=bucket-06556, key=.Trash/runner, dataSize=0, replicationConfig=null} | ret=FAILURE
org.apache.hadoop.ozone.om.exceptions.OMException: Unable to get file status: volume: volume-40960 bucket: bucket-06556 key: .Trash/runner
	at org.apache.hadoop.ozone.om.KeyManagerImpl.getOzoneFileStatusFSO(KeyManagerImpl.java:1311) ~[ozone-manager-1.4.0-SNAPSHOT.jar:?]
	at org.apache.hadoop.ozone.om.KeyManagerImpl.getFileStatus(KeyManagerImpl.java:1102) ~[ozone-manager-1.4.0-SNAPSHOT.jar:?]
	at org.apache.hadoop.ozone.om.OmMetadataReader.getFileStatus(OmMetadataReader.java:286) ~[ozone-manager-1.4.0-SNAPSHOT.jar:?]
	at org.apache.hadoop.ozone.om.OzoneManager.getFileStatus(OzoneManager.java:3499) ~[ozone-manager-1.4.0-SNAPSHOT.jar:?]
	at org.apache.hadoop.ozone.protocolPB.OzoneManagerRequestHandler.getOzoneFileStatus(OzoneManagerRequestHandler.java:950) ~[ozone-manager-1.4.0-SNAPSHOT.jar:?]
	at org.apache.hadoop.ozone.protocolPB.OzoneManagerRequestHandler.handleReadRequest(OzoneManagerRequestHandler.java:245) ~[ozone-manager-1.4.0-SNAPSHOT.jar:?]
	at org.apache.hadoop.ozone.protocolPB.OzoneManagerProtocolServerSideTranslatorPB.submitReadRequestToOM(OzoneManagerProtocolServerSideTranslatorPB.java:223) ~[ozone-manager-1.4.0-SNAPSHOT.jar:?]
	at org.apache.hadoop.ozone.protocolPB.OzoneManagerProtocolServerSideTranslatorPB.processRequest(OzoneManagerProtocolServerSideTranslatorPB.java:177) ~[ozone-manager-1.4.0-SNAPSHOT.jar:?]
	at org.apache.hadoop.hdds.server.OzoneProtocolMessageDispatcher.processRequest(OzoneProtocolMessageDispatcher.java:87) [hdds-server-framework-1.4.0-SNAPSHOT.jar:?]
	at org.apache.hadoop.ozone.protocolPB.OzoneManagerProtocolServerSideTranslatorPB.submitRequest(OzoneManagerProtocolServerSideTranslatorPB.java:147) [ozone-manager-1.4.0-SNAPSHOT.jar:?]
	at org.apache.hadoop.ozone.protocol.proto.OzoneManagerProtocolProtos$OzoneManagerService$2.callBlockingMethod(OzoneManagerProtocolProtos.java) [ozone-interface-client-1.4.0-SNAPSHOT.jar:?]
	at org.apache.hadoop.ipc.ProtobufRpcEngine$Server.processCall(ProtobufRpcEngine.java:484) [hadoop-common-3.3.5.jar:?]
	at org.apache.hadoop.ipc.ProtobufRpcEngine2$Server$ProtoBufRpcInvoker.call(ProtobufRpcEngine2.java:595) [hadoop-common-3.3.5.jar:?]
	at org.apache.hadoop.ipc.ProtobufRpcEngine2$Server$ProtoBufRpcInvoker.call(ProtobufRpcEngine2.java:573) [hadoop-common-3.3.5.jar:?]
	at org.apache.hadoop.ipc.RPC$Server.call(RPC.java:1213) [hadoop-common-3.3.5.jar:?]
	at org.apache.hadoop.ipc.Server$RpcCall.run(Server.java:1089) [hadoop-common-3.3.5.jar:?]
	at org.apache.hadoop.ipc.Server$RpcCall.run(Server.java:1012) [hadoop-common-3.3.5.jar:?]
	at java.security.AccessController.doPrivileged(Native Method) ~[?:1.8.0_372]
	at javax.security.auth.Subject.doAs(Subject.java:422) [?:1.8.0_372]
	at org.apache.hadoop.security.UserGroupInformation.doAs(UserGroupInformation.java:1899) [hadoop-common-3.3.5.jar:?]
	at org.apache.hadoop.ipc.Server$Handler.run(Server.java:3026) [hadoop-common-3.3.5.jar:?]
21:35:47.339 [IPC Server handler 0 on default port 15004] ERROR OMAudit - user=runner | ip=127.0.0.1 | op=GET_FILE_STATUS {volume=volume-37019, bucket=bucket-46042, key=.Trash/runner, dataSize=0, replicationConfig=null} | ret=FAILURE
org.apache.hadoop.ozone.om.exceptions.OMException: Unable to get file status: volume: volume-37019 bucket: bucket-46042 key: .Trash/runner
	at org.apache.hadoop.ozone.om.KeyManagerImpl.getOzoneFileStatusFSO(KeyManagerImpl.java:1311) ~[ozone-manager-1.4.0-SNAPSHOT.jar:?]
	at org.apache.hadoop.ozone.om.KeyManagerImpl.getFileStatus(KeyManagerImpl.java:1102) ~[ozone-manager-1.4.0-SNAPSHOT.jar:?]
	at org.apache.hadoop.ozone.om.OmMetadataReader.getFileStatus(OmMetadataReader.java:286) ~[ozone-manager-1.4.0-SNAPSHOT.jar:?]
	at org.apache.hadoop.ozone.om.OzoneManager.getFileStatus(OzoneManager.java:3499) ~[ozone-manager-1.4.0-SNAPSHOT.jar:?]
	at org.apache.hadoop.ozone.protocolPB.OzoneManagerRequestHandler.getOzoneFileStatus(OzoneManagerRequestHandler.java:950) ~[ozone-manager-1.4.0-SNAPSHOT.jar:?]
	at org.apache.hadoop.ozone.protocolPB.OzoneManagerRequestHandler.handleReadRequest(OzoneManagerRequestHandler.java:245) ~[ozone-manager-1.4.0-SNAPSHOT.jar:?]
	at org.apache.hadoop.ozone.protocolPB.OzoneManagerProtocolServerSideTranslatorPB.submitReadRequestToOM(OzoneManagerProtocolServerSideTranslatorPB.java:223) ~[ozone-manager-1.4.0-SNAPSHOT.jar:?]
	at org.apache.hadoop.ozone.protocolPB.OzoneManagerProtocolServerSideTranslatorPB.processRequest(OzoneManagerProtocolServerSideTranslatorPB.java:177) ~[ozone-manager-1.4.0-SNAPSHOT.jar:?]
	at org.apache.hadoop.hdds.server.OzoneProtocolMessageDispatcher.processRequest(OzoneProtocolMessageDispatcher.java:87) [hdds-server-framework-1.4.0-SNAPSHOT.jar:?]
	at org.apache.hadoop.ozone.protocolPB.OzoneManagerProtocolServerSideTranslatorPB.submitRequest(OzoneManagerProtocolServerSideTranslatorPB.java:147) [ozone-manager-1.4.0-SNAPSHOT.jar:?]
	at org.apache.hadoop.ozone.protocol.proto.OzoneManagerProtocolProtos$OzoneManagerService$2.callBlockingMethod(OzoneManagerProtocolProtos.java) [ozone-interface-client-1.4.0-SNAPSHOT.jar:?]
	at org.apache.hadoop.ipc.ProtobufRpcEngine$Server.processCall(ProtobufRpcEngine.java:484) [hadoop-common-3.3.5.jar:?]
	at org.apache.hadoop.ipc.ProtobufRpcEngine2$Server$ProtoBufRpcInvoker.call(ProtobufRpcEngine2.java:595) [hadoop-common-3.3.5.jar:?]
	at org.apache.hadoop.ipc.ProtobufRpcEngine2$Server$ProtoBufRpcInvoker.call(ProtobufRpcEngine2.java:573) [hadoop-common-3.3.5.jar:?]
	at org.apache.hadoop.ipc.RPC$Server.call(RPC.java:1213) [hadoop-common-3.3.5.jar:?]
	at org.apache.hadoop.ipc.Server$RpcCall.run(Server.java:1089) [hadoop-common-3.3.5.jar:?]
	at org.apache.hadoop.ipc.Server$RpcCall.run(Server.java:1012) [hadoop-common-3.3.5.jar:?]
	at java.security.AccessController.doPrivileged(Native Method) ~[?:1.8.0_372]
	at javax.security.auth.Subject.doAs(Subject.java:422) [?:1.8.0_372]
	at org.apache.hadoop.security.UserGroupInformation.doAs(UserGroupInformation.java:1899) [hadoop-common-3.3.5.jar:?]
	at org.apache.hadoop.ipc.Server$Handler.run(Server.java:3026) [hadoop-common-3.3.5.jar:?]
21:35:47.342 [IPC Server handler 17 on default port 15004] ERROR OMAudit - user=runner | ip=127.0.0.1 | op=GET_FILE_STATUS {volume=volume-13413, bucket=bucket3, key=.Trash/runner, dataSize=0, replicationConfig=null} | ret=FAILURE
org.apache.hadoop.ozone.om.exceptions.OMException: Unable to get file status: volume: volume-13413 bucket: bucket3 key: .Trash/runner
	at org.apache.hadoop.ozone.om.KeyManagerImpl.getOzoneFileStatusFSO(KeyManagerImpl.java:1311) ~[ozone-manager-1.4.0-SNAPSHOT.jar:?]
	at org.apache.hadoop.ozone.om.KeyManagerImpl.getFileStatus(KeyManagerImpl.java:1102) ~[ozone-manager-1.4.0-SNAPSHOT.jar:?]
	at org.apache.hadoop.ozone.om.OmMetadataReader.getFileStatus(OmMetadataReader.java:286) ~[ozone-manager-1.4.0-SNAPSHOT.jar:?]
	at org.apache.hadoop.ozone.om.OzoneManager.getFileStatus(OzoneManager.java:3499) ~[ozone-manager-1.4.0-SNAPSHOT.jar:?]
	at org.apache.hadoop.ozone.protocolPB.OzoneManagerRequestHandler.getOzoneFileStatus(OzoneManagerRequestHandler.java:950) ~[ozone-manager-1.4.0-SNAPSHOT.jar:?]
	at org.apache.hadoop.ozone.protocolPB.OzoneManagerRequestHandler.handleReadRequest(OzoneManagerRequestHandler.java:245) ~[ozone-manager-1.4.0-SNAPSHOT.jar:?]
	at org.apache.hadoop.ozone.protocolPB.OzoneManagerProtocolServerSideTranslatorPB.submitReadRequestToOM(OzoneManagerProtocolServerSideTranslatorPB.java:223) ~[ozone-manager-1.4.0-SNAPSHOT.jar:?]
	at org.apache.hadoop.ozone.protocolPB.OzoneManagerProtocolServerSideTranslatorPB.processRequest(OzoneManagerProtocolServerSideTranslatorPB.java:177) ~[ozone-manager-1.4.0-SNAPSHOT.jar:?]
	at org.apache.hadoop.hdds.server.OzoneProtocolMessageDispatcher.processRequest(OzoneProtocolMessageDispatcher.java:87) [hdds-server-framework-1.4.0-SNAPSHOT.jar:?]
	at org.apache.hadoop.ozone.protocolPB.OzoneManagerProtocolServerSideTranslatorPB.submitRequest(OzoneManagerProtocolServerSideTranslatorPB.java:147) [ozone-manager-1.4.0-SNAPSHOT.jar:?]
	at org.apache.hadoop.ozone.protocol.proto.OzoneManagerProtocolProtos$OzoneManagerService$2.callBlockingMethod(OzoneManagerProtocolProtos.java) [ozone-interface-client-1.4.0-SNAPSHOT.jar:?]
	at org.apache.hadoop.ipc.ProtobufRpcEngine$Server.processCall(ProtobufRpcEngine.java:484) [hadoop-common-3.3.5.jar:?]
	at org.apache.hadoop.ipc.ProtobufRpcEngine2$Server$ProtoBufRpcInvoker.call(ProtobufRpcEngine2.java:595) [hadoop-common-3.3.5.jar:?]
	at org.apache.hadoop.ipc.ProtobufRpcEngine2$Server$ProtoBufRpcInvoker.call(ProtobufRpcEngine2.java:573) [hadoop-common-3.3.5.jar:?]
	at org.apache.hadoop.ipc.RPC$Server.call(RPC.java:1213) [hadoop-common-3.3.5.jar:?]
	at org.apache.hadoop.ipc.Server$RpcCall.run(Server.java:1089) [hadoop-common-3.3.5.jar:?]
	at org.apache.hadoop.ipc.Server$RpcCall.run(Server.java:1012) [hadoop-common-3.3.5.jar:?]
	at java.security.AccessController.doPrivileged(Native Method) ~[?:1.8.0_372]
	at javax.security.auth.Subject.doAs(Subject.java:422) [?:1.8.0_372]
	at org.apache.hadoop.security.UserGroupInformation.doAs(UserGroupInformation.java:1899) [hadoop-common-3.3.5.jar:?]
	at org.apache.hadoop.ipc.Server$Handler.run(Server.java:3026) [hadoop-common-3.3.5.jar:?]
21:35:47.352 [IPC Server handler 19 on default port 15004] ERROR OMAudit - user=runner | ip=127.0.0.1 | op=GET_FILE_STATUS {volume=volume89095, bucket=trashroottest2, key=.Trash/runner, dataSize=0, replicationConfig=null} | ret=FAILURE
org.apache.hadoop.ozone.om.exceptions.OMException: Unable to get file status: volume: volume89095 bucket: trashroottest2 key: .Trash/runner
	at org.apache.hadoop.ozone.om.KeyManagerImpl.getOzoneFileStatusFSO(KeyManagerImpl.java:1311) ~[ozone-manager-1.4.0-SNAPSHOT.jar:?]
	at org.apache.hadoop.ozone.om.KeyManagerImpl.getFileStatus(KeyManagerImpl.java:1102) ~[ozone-manager-1.4.0-SNAPSHOT.jar:?]
	at org.apache.hadoop.ozone.om.OmMetadataReader.getFileStatus(OmMetadataReader.java:286) ~[ozone-manager-1.4.0-SNAPSHOT.jar:?]
	at org.apache.hadoop.ozone.om.OzoneManager.getFileStatus(OzoneManager.java:3499) ~[ozone-manager-1.4.0-SNAPSHOT.jar:?]
	at org.apache.hadoop.ozone.protocolPB.OzoneManagerRequestHandler.getOzoneFileStatus(OzoneManagerRequestHandler.java:950) ~[ozone-manager-1.4.0-SNAPSHOT.jar:?]
	at org.apache.hadoop.ozone.protocolPB.OzoneManagerRequestHandler.handleReadRequest(OzoneManagerRequestHandler.java:245) ~[ozone-manager-1.4.0-SNAPSHOT.jar:?]
	at org.apache.hadoop.ozone.protocolPB.OzoneManagerProtocolServerSideTranslatorPB.submitReadRequestToOM(OzoneManagerProtocolServerSideTranslatorPB.java:223) ~[ozone-manager-1.4.0-SNAPSHOT.jar:?]
	at org.apache.hadoop.ozone.protocolPB.OzoneManagerProtocolServerSideTranslatorPB.processRequest(OzoneManagerProtocolServerSideTranslatorPB.java:177) ~[ozone-manager-1.4.0-SNAPSHOT.jar:?]
	at org.apache.hadoop.hdds.server.OzoneProtocolMessageDispatcher.processRequest(OzoneProtocolMessageDispatcher.java:87) [hdds-server-framework-1.4.0-SNAPSHOT.jar:?]
	at org.apache.hadoop.ozone.protocolPB.OzoneManagerProtocolServerSideTranslatorPB.submitRequest(OzoneManagerProtocolServerSideTranslatorPB.java:147) [ozone-manager-1.4.0-SNAPSHOT.jar:?]
	at org.apache.hadoop.ozone.protocol.proto.OzoneManagerProtocolProtos$OzoneManagerService$2.callBlockingMethod(OzoneManagerProtocolProtos.java) [ozone-interface-client-1.4.0-SNAPSHOT.jar:?]
	at org.apache.hadoop.ipc.ProtobufRpcEngine$Server.processCall(ProtobufRpcEngine.java:484) [hadoop-common-3.3.5.jar:?]
	at org.apache.hadoop.ipc.ProtobufRpcEngine2$Server$ProtoBufRpcInvoker.call(ProtobufRpcEngine2.java:595) [hadoop-common-3.3.5.jar:?]
	at org.apache.hadoop.ipc.ProtobufRpcEngine2$Server$ProtoBufRpcInvoker.call(ProtobufRpcEngine2.java:573) [hadoop-common-3.3.5.jar:?]
	at org.apache.hadoop.ipc.RPC$Server.call(RPC.java:1213) [hadoop-common-3.3.5.jar:?]
	at org.apache.hadoop.ipc.Server$RpcCall.run(Server.java:1089) [hadoop-common-3.3.5.jar:?]
	at org.apache.hadoop.ipc.Server$RpcCall.run(Server.java:1012) [hadoop-common-3.3.5.jar:?]
	at java.security.AccessController.doPrivileged(Native Method) ~[?:1.8.0_372]
	at javax.security.auth.Subject.doAs(Subject.java:422) [?:1.8.0_372]
	at org.apache.hadoop.security.UserGroupInformation.doAs(UserGroupInformation.java:1899) [hadoop-common-3.3.5.jar:?]
	at org.apache.hadoop.ipc.Server$Handler.run(Server.java:3026) [hadoop-common-3.3.5.jar:?]
21:35:47.357 [IPC Server handler 0 on default port 15004] ERROR OMAudit - user=runner | ip=127.0.0.1 | op=GET_FILE_STATUS {volume=c5114827-810a-46d6-b873-cfac3b5f6917, bucket=157b57d1-2b34-4b36-8944-9406453d8814, key=.Trash, dataSize=0, replicationConfig=null} | ret=FAILURE
org.apache.hadoop.ozone.om.exceptions.OMException: Unable to get file status: volume: c5114827-810a-46d6-b873-cfac3b5f6917 bucket: 157b57d1-2b34-4b36-8944-9406453d8814 key: .Trash
	at org.apache.hadoop.ozone.om.KeyManagerImpl.getOzoneFileStatus(KeyManagerImpl.java:1186) ~[ozone-manager-1.4.0-SNAPSHOT.jar:?]
	at org.apache.hadoop.ozone.om.KeyManagerImpl.getFileStatus(KeyManagerImpl.java:1104) ~[ozone-manager-1.4.0-SNAPSHOT.jar:?]
	at org.apache.hadoop.ozone.om.OmMetadataReader.getFileStatus(OmMetadataReader.java:286) ~[ozone-manager-1.4.0-SNAPSHOT.jar:?]
	at org.apache.hadoop.ozone.om.OzoneManager.getFileStatus(OzoneManager.java:3499) ~[ozone-manager-1.4.0-SNAPSHOT.jar:?]
	at org.apache.hadoop.ozone.protocolPB.OzoneManagerRequestHandler.getOzoneFileStatus(OzoneManagerRequestHandler.java:950) ~[ozone-manager-1.4.0-SNAPSHOT.jar:?]
	at org.apache.hadoop.ozone.protocolPB.OzoneManagerRequestHandler.handleReadRequest(OzoneManagerRequestHandler.java:245) ~[ozone-manager-1.4.0-SNAPSHOT.jar:?]
	at org.apache.hadoop.ozone.protocolPB.OzoneManagerProtocolServerSideTranslatorPB.submitReadRequestToOM(OzoneManagerProtocolServerSideTranslatorPB.java:223) ~[ozone-manager-1.4.0-SNAPSHOT.jar:?]
	at org.apache.hadoop.ozone.protocolPB.OzoneManagerProtocolServerSideTranslatorPB.processRequest(OzoneManagerProtocolServerSideTranslatorPB.java:177) ~[ozone-manager-1.4.0-SNAPSHOT.jar:?]
	at org.apache.hadoop.hdds.server.OzoneProtocolMessageDispatcher.processRequest(OzoneProtocolMessageDispatcher.java:87) [hdds-server-framework-1.4.0-SNAPSHOT.jar:?]
	at org.apache.hadoop.ozone.protocolPB.OzoneManagerProtocolServerSideTranslatorPB.submitRequest(OzoneManagerProtocolServerSideTranslatorPB.java:147) [ozone-manager-1.4.0-SNAPSHOT.jar:?]
	at org.apache.hadoop.ozone.protocol.proto.OzoneManagerProtocolProtos$OzoneManagerService$2.callBlockingMethod(OzoneManagerProtocolProtos.java) [ozone-interface-client-1.4.0-SNAPSHOT.jar:?]
	at org.apache.hadoop.ipc.ProtobufRpcEngine$Server.processCall(ProtobufRpcEngine.java:484) [hadoop-common-3.3.5.jar:?]
	at org.apache.hadoop.ipc.ProtobufRpcEngine2$Server$ProtoBufRpcInvoker.call(ProtobufRpcEngine2.java:595) [hadoop-common-3.3.5.jar:?]
	at org.apache.hadoop.ipc.ProtobufRpcEngine2$Server$ProtoBufRpcInvoker.call(ProtobufRpcEngine2.java:573) [hadoop-common-3.3.5.jar:?]
	at org.apache.hadoop.ipc.RPC$Server.call(RPC.java:1213) [hadoop-common-3.3.5.jar:?]
	at org.apache.hadoop.ipc.Server$RpcCall.run(Server.java:1089) [hadoop-common-3.3.5.jar:?]
	at org.apache.hadoop.ipc.Server$RpcCall.run(Server.java:1012) [hadoop-common-3.3.5.jar:?]
	at java.security.AccessController.doPrivileged(Native Method) ~[?:1.8.0_372]
	at javax.security.auth.Subject.doAs(Subject.java:422) [?:1.8.0_372]
	at org.apache.hadoop.security.UserGroupInformation.doAs(UserGroupInformation.java:1899) [hadoop-common-3.3.5.jar:?]
	at org.apache.hadoop.ipc.Server$Handler.run(Server.java:3026) [hadoop-common-3.3.5.jar:?]
21:35:47.360 [IPC Server handler 9 on default port 15004] ERROR OMAudit - user=runner | ip=127.0.0.1 | op=GET_FILE_STATUS {volume=volume-13413, bucket=bucket3, key=.Trash, dataSize=0, replicationConfig=null} | ret=FAILURE
org.apache.hadoop.ozone.om.exceptions.OMException: Unable to get file status: volume: volume-13413 bucket: bucket3 key: .Trash
	at org.apache.hadoop.ozone.om.KeyManagerImpl.getOzoneFileStatusFSO(KeyManagerImpl.java:1311) ~[ozone-manager-1.4.0-SNAPSHOT.jar:?]
	at org.apache.hadoop.ozone.om.KeyManagerImpl.getFileStatus(KeyManagerImpl.java:1102) ~[ozone-manager-1.4.0-SNAPSHOT.jar:?]
	at org.apache.hadoop.ozone.om.OmMetadataReader.getFileStatus(OmMetadataReader.java:286) ~[ozone-manager-1.4.0-SNAPSHOT.jar:?]
	at org.apache.hadoop.ozone.om.OzoneManager.getFileStatus(OzoneManager.java:3499) ~[ozone-manager-1.4.0-SNAPSHOT.jar:?]
	at org.apache.hadoop.ozone.protocolPB.OzoneManagerRequestHandler.getOzoneFileStatus(OzoneManagerRequestHandler.java:950) ~[ozone-manager-1.4.0-SNAPSHOT.jar:?]
	at org.apache.hadoop.ozone.protocolPB.OzoneManagerRequestHandler.handleReadRequest(OzoneManagerRequestHandler.java:245) ~[ozone-manager-1.4.0-SNAPSHOT.jar:?]
	at org.apache.hadoop.ozone.protocolPB.OzoneManagerProtocolServerSideTranslatorPB.submitReadRequestToOM(OzoneManagerProtocolServerSideTranslatorPB.java:223) ~[ozone-manager-1.4.0-SNAPSHOT.jar:?]
	at org.apache.hadoop.ozone.protocolPB.OzoneManagerProtocolServerSideTranslatorPB.processRequest(OzoneManagerProtocolServerSideTranslatorPB.java:177) ~[ozone-manager-1.4.0-SNAPSHOT.jar:?]
	at org.apache.hadoop.hdds.server.OzoneProtocolMessageDispatcher.processRequest(OzoneProtocolMessageDispatcher.java:87) [hdds-server-framework-1.4.0-SNAPSHOT.jar:?]
	at org.apache.hadoop.ozone.protocolPB.OzoneManagerProtocolServerSideTranslatorPB.submitRequest(OzoneManagerProtocolServerSideTranslatorPB.java:147) [ozone-manager-1.4.0-SNAPSHOT.jar:?]
	at org.apache.hadoop.ozone.protocol.proto.OzoneManagerProtocolProtos$OzoneManagerService$2.callBlockingMethod(OzoneManagerProtocolProtos.java) [ozone-interface-client-1.4.0-SNAPSHOT.jar:?]
	at org.apache.hadoop.ipc.ProtobufRpcEngine$Server.processCall(ProtobufRpcEngine.java:484) [hadoop-common-3.3.5.jar:?]
	at org.apache.hadoop.ipc.ProtobufRpcEngine2$Server$ProtoBufRpcInvoker.call(ProtobufRpcEngine2.java:595) [hadoop-common-3.3.5.jar:?]
	at org.apache.hadoop.ipc.ProtobufRpcEngine2$Server$ProtoBufRpcInvoker.call(ProtobufRpcEngine2.java:573) [hadoop-common-3.3.5.jar:?]
	at org.apache.hadoop.ipc.RPC$Server.call(RPC.java:1213) [hadoop-common-3.3.5.jar:?]
	at org.apache.hadoop.ipc.Server$RpcCall.run(Server.java:1089) [hadoop-common-3.3.5.jar:?]
	at org.apache.hadoop.ipc.Server$RpcCall.run(Server.java:1012) [hadoop-common-3.3.5.jar:?]
	at java.security.AccessController.doPrivileged(Native Method) ~[?:1.8.0_372]
	at javax.security.auth.Subject.doAs(Subject.java:422) [?:1.8.0_372]
	at org.apache.hadoop.security.UserGroupInformation.doAs(UserGroupInformation.java:1899) [hadoop-common-3.3.5.jar:?]
	at org.apache.hadoop.ipc.Server$Handler.run(Server.java:3026) [hadoop-common-3.3.5.jar:?]
21:35:47.363 [IPC Server handler 11 on default port 15004] ERROR OMAudit - user=runner | ip=127.0.0.1 | op=GET_FILE_STATUS {volume=volume-37019, bucket=bucket-46042, key=.Trash, dataSize=0, replicationConfig=null} | ret=FAILURE
org.apache.hadoop.ozone.om.exceptions.OMException: Unable to get file status: volume: volume-37019 bucket: bucket-46042 key: .Trash
	at org.apache.hadoop.ozone.om.KeyManagerImpl.getOzoneFileStatusFSO(KeyManagerImpl.java:1311) ~[ozone-manager-1.4.0-SNAPSHOT.jar:?]
	at org.apache.hadoop.ozone.om.KeyManagerImpl.getFileStatus(KeyManagerImpl.java:1102) ~[ozone-manager-1.4.0-SNAPSHOT.jar:?]
	at org.apache.hadoop.ozone.om.OmMetadataReader.getFileStatus(OmMetadataReader.java:286) ~[ozone-manager-1.4.0-SNAPSHOT.jar:?]
	at org.apache.hadoop.ozone.om.OzoneManager.getFileStatus(OzoneManager.java:3499) ~[ozone-manager-1.4.0-SNAPSHOT.jar:?]
	at org.apache.hadoop.ozone.protocolPB.OzoneManagerRequestHandler.getOzoneFileStatus(OzoneManagerRequestHandler.java:950) ~[ozone-manager-1.4.0-SNAPSHOT.jar:?]
	at org.apache.hadoop.ozone.protocolPB.OzoneManagerRequestHandler.handleReadRequest(OzoneManagerRequestHandler.java:245) ~[ozone-manager-1.4.0-SNAPSHOT.jar:?]
	at org.apache.hadoop.ozone.protocolPB.OzoneManagerProtocolServerSideTranslatorPB.submitReadRequestToOM(OzoneManagerProtocolServerSideTranslatorPB.java:223) ~[ozone-manager-1.4.0-SNAPSHOT.jar:?]
	at org.apache.hadoop.ozone.protocolPB.OzoneManagerProtocolServerSideTranslatorPB.processRequest(OzoneManagerProtocolServerSideTranslatorPB.java:177) ~[ozone-manager-1.4.0-SNAPSHOT.jar:?]
	at org.apache.hadoop.hdds.server.OzoneProtocolMessageDispatcher.processRequest(OzoneProtocolMessageDispatcher.java:87) [hdds-server-framework-1.4.0-SNAPSHOT.jar:?]
	at org.apache.hadoop.ozone.protocolPB.OzoneManagerProtocolServerSideTranslatorPB.submitRequest(OzoneManagerProtocolServerSideTranslatorPB.java:147) [ozone-manager-1.4.0-SNAPSHOT.jar:?]
	at org.apache.hadoop.ozone.protocol.proto.OzoneManagerProtocolProtos$OzoneManagerService$2.callBlockingMethod(OzoneManagerProtocolProtos.java) [ozone-interface-client-1.4.0-SNAPSHOT.jar:?]
	at org.apache.hadoop.ipc.ProtobufRpcEngine$Server.processCall(ProtobufRpcEngine.java:484) [hadoop-common-3.3.5.jar:?]
	at org.apache.hadoop.ipc.ProtobufRpcEngine2$Server$ProtoBufRpcInvoker.call(ProtobufRpcEngine2.java:595) [hadoop-common-3.3.5.jar:?]
	at org.apache.hadoop.ipc.ProtobufRpcEngine2$Server$ProtoBufRpcInvoker.call(ProtobufRpcEngine2.java:573) [hadoop-common-3.3.5.jar:?]
	at org.apache.hadoop.ipc.RPC$Server.call(RPC.java:1213) [hadoop-common-3.3.5.jar:?]
	at org.apache.hadoop.ipc.Server$RpcCall.run(Server.java:1089) [hadoop-common-3.3.5.jar:?]
	at org.apache.hadoop.ipc.Server$RpcCall.run(Server.java:1012) [hadoop-common-3.3.5.jar:?]
	at java.security.AccessController.doPrivileged(Native Method) ~[?:1.8.0_372]
	at javax.security.auth.Subject.doAs(Subject.java:422) [?:1.8.0_372]
	at org.apache.hadoop.security.UserGroupInformation.doAs(UserGroupInformation.java:1899) [hadoop-common-3.3.5.jar:?]
	at org.apache.hadoop.ipc.Server$Handler.run(Server.java:3026) [hadoop-common-3.3.5.jar:?]
21:35:47.368 [IPC Server handler 16 on default port 15004] ERROR OMAudit - user=runner | ip=127.0.0.1 | op=GET_FILE_STATUS {volume=volume-40960, bucket=bucket-06556, key=.Trash, dataSize=0, replicationConfig=null} | ret=FAILURE
org.apache.hadoop.ozone.om.exceptions.OMException: Unable to get file status: volume: volume-40960 bucket: bucket-06556 key: .Trash
	at org.apache.hadoop.ozone.om.KeyManagerImpl.getOzoneFileStatusFSO(KeyManagerImpl.java:1311) ~[ozone-manager-1.4.0-SNAPSHOT.jar:?]
	at org.apache.hadoop.ozone.om.KeyManagerImpl.getFileStatus(KeyManagerImpl.java:1102) ~[ozone-manager-1.4.0-SNAPSHOT.jar:?]
	at org.apache.hadoop.ozone.om.OmMetadataReader.getFileStatus(OmMetadataReader.java:286) ~[ozone-manager-1.4.0-SNAPSHOT.jar:?]
	at org.apache.hadoop.ozone.om.OzoneManager.getFileStatus(OzoneManager.java:3499) ~[ozone-manager-1.4.0-SNAPSHOT.jar:?]
	at org.apache.hadoop.ozone.protocolPB.OzoneManagerRequestHandler.getOzoneFileStatus(OzoneManagerRequestHandler.java:950) ~[ozone-manager-1.4.0-SNAPSHOT.jar:?]
	at org.apache.hadoop.ozone.protocolPB.OzoneManagerRequestHandler.handleReadRequest(OzoneManagerRequestHandler.java:245) ~[ozone-manager-1.4.0-SNAPSHOT.jar:?]
	at org.apache.hadoop.ozone.protocolPB.OzoneManagerProtocolServerSideTranslatorPB.submitReadRequestToOM(OzoneManagerProtocolServerSideTranslatorPB.java:223) ~[ozone-manager-1.4.0-SNAPSHOT.jar:?]
	at org.apache.hadoop.ozone.protocolPB.OzoneManagerProtocolServerSideTranslatorPB.processRequest(OzoneManagerProtocolServerSideTranslatorPB.java:177) ~[ozone-manager-1.4.0-SNAPSHOT.jar:?]
	at org.apache.hadoop.hdds.server.OzoneProtocolMessageDispatcher.processRequest(OzoneProtocolMessageDispatcher.java:87) [hdds-server-framework-1.4.0-SNAPSHOT.jar:?]
	at org.apache.hadoop.ozone.protocolPB.OzoneManagerProtocolServerSideTranslatorPB.submitRequest(OzoneManagerProtocolServerSideTranslatorPB.java:147) [ozone-manager-1.4.0-SNAPSHOT.jar:?]
	at org.apache.hadoop.ozone.protocol.proto.OzoneManagerProtocolProtos$OzoneManagerService$2.callBlockingMethod(OzoneManagerProtocolProtos.java) [ozone-interface-client-1.4.0-SNAPSHOT.jar:?]
	at org.apache.hadoop.ipc.ProtobufRpcEngine$Server.processCall(ProtobufRpcEngine.java:484) [hadoop-common-3.3.5.jar:?]
	at org.apache.hadoop.ipc.ProtobufRpcEngine2$Server$ProtoBufRpcInvoker.call(ProtobufRpcEngine2.java:595) [hadoop-common-3.3.5.jar:?]
	at org.apache.hadoop.ipc.ProtobufRpcEngine2$Server$ProtoBufRpcInvoker.call(ProtobufRpcEngine2.java:573) [hadoop-common-3.3.5.jar:?]
	at org.apache.hadoop.ipc.RPC$Server.call(RPC.java:1213) [hadoop-common-3.3.5.jar:?]
	at org.apache.hadoop.ipc.Server$RpcCall.run(Server.java:1089) [hadoop-common-3.3.5.jar:?]
	at org.apache.hadoop.ipc.Server$RpcCall.run(Server.java:1012) [hadoop-common-3.3.5.jar:?]
	at java.security.AccessController.doPrivileged(Native Method) ~[?:1.8.0_372]
	at javax.security.auth.Subject.doAs(Subject.java:422) [?:1.8.0_372]
	at org.apache.hadoop.security.UserGroupInformation.doAs(UserGroupInformation.java:1899) [hadoop-common-3.3.5.jar:?]
	at org.apache.hadoop.ipc.Server$Handler.run(Server.java:3026) [hadoop-common-3.3.5.jar:?]
21:35:47.370 [IPC Server handler 10 on default port 15004] ERROR OMAudit - user=runner | ip=127.0.0.1 | op=GET_FILE_STATUS {volume=volume26500, bucket=bucket42741, key=.Trash, dataSize=0, replicationConfig=null} | ret=FAILURE
org.apache.hadoop.ozone.om.exceptions.OMException: Unable to get file status: volume: volume26500 bucket: bucket42741 key: .Trash
	at org.apache.hadoop.ozone.om.KeyManagerImpl.getOzoneFileStatusFSO(KeyManagerImpl.java:1311) ~[ozone-manager-1.4.0-SNAPSHOT.jar:?]
	at org.apache.hadoop.ozone.om.KeyManagerImpl.getFileStatus(KeyManagerImpl.java:1102) ~[ozone-manager-1.4.0-SNAPSHOT.jar:?]
	at org.apache.hadoop.ozone.om.OmMetadataReader.getFileStatus(OmMetadataReader.java:286) ~[ozone-manager-1.4.0-SNAPSHOT.jar:?]
	at org.apache.hadoop.ozone.om.OzoneManager.getFileStatus(OzoneManager.java:3499) ~[ozone-manager-1.4.0-SNAPSHOT.jar:?]
	at org.apache.hadoop.ozone.protocolPB.OzoneManagerRequestHandler.getOzoneFileStatus(OzoneManagerRequestHandler.java:950) ~[ozone-manager-1.4.0-SNAPSHOT.jar:?]
	at org.apache.hadoop.ozone.protocolPB.OzoneManagerRequestHandler.handleReadRequest(OzoneManagerRequestHandler.java:245) ~[ozone-manager-1.4.0-SNAPSHOT.jar:?]
	at org.apache.hadoop.ozone.protocolPB.OzoneManagerProtocolServerSideTranslatorPB.submitReadRequestToOM(OzoneManagerProtocolServerSideTranslatorPB.java:223) ~[ozone-manager-1.4.0-SNAPSHOT.jar:?]
	at org.apache.hadoop.ozone.protocolPB.OzoneManagerProtocolServerSideTranslatorPB.processRequest(OzoneManagerProtocolServerSideTranslatorPB.java:177) ~[ozone-manager-1.4.0-SNAPSHOT.jar:?]
	at org.apache.hadoop.hdds.server.OzoneProtocolMessageDispatcher.processRequest(OzoneProtocolMessageDispatcher.java:87) [hdds-server-framework-1.4.0-SNAPSHOT.jar:?]
	at org.apache.hadoop.ozone.protocolPB.OzoneManagerProtocolServerSideTranslatorPB.submitRequest(OzoneManagerProtocolServerSideTranslatorPB.java:147) [ozone-manager-1.4.0-SNAPSHOT.jar:?]
	at org.apache.hadoop.ozone.protocol.proto.OzoneManagerProtocolProtos$OzoneManagerService$2.callBlockingMethod(OzoneManagerProtocolProtos.java) [ozone-interface-client-1.4.0-SNAPSHOT.jar:?]
	at org.apache.hadoop.ipc.ProtobufRpcEngine$Server.processCall(ProtobufRpcEngine.java:484) [hadoop-common-3.3.5.jar:?]
	at org.apache.hadoop.ipc.ProtobufRpcEngine2$Server$ProtoBufRpcInvoker.call(ProtobufRpcEngine2.java:595) [hadoop-common-3.3.5.jar:?]
	at org.apache.hadoop.ipc.ProtobufRpcEngine2$Server$ProtoBufRpcInvoker.call(ProtobufRpcEngine2.java:573) [hadoop-common-3.3.5.jar:?]
	at org.apache.hadoop.ipc.RPC$Server.call(RPC.java:1213) [hadoop-common-3.3.5.jar:?]
	at org.apache.hadoop.ipc.Server$RpcCall.run(Server.java:1089) [hadoop-common-3.3.5.jar:?]
	at org.apache.hadoop.ipc.Server$RpcCall.run(Server.java:1012) [hadoop-common-3.3.5.jar:?]
	at java.security.AccessController.doPrivileged(Native Method) ~[?:1.8.0_372]
	at javax.security.auth.Subject.doAs(Subject.java:422) [?:1.8.0_372]
	at org.apache.hadoop.security.UserGroupInformation.doAs(UserGroupInformation.java:1899) [hadoop-common-3.3.5.jar:?]
	at org.apache.hadoop.ipc.Server$Handler.run(Server.java:3026) [hadoop-common-3.3.5.jar:?]
21:35:47.373 [IPC Server handler 6 on default port 15004] ERROR OMAudit - user=runner | ip=127.0.0.1 | op=GET_FILE_STATUS {volume=volume67981, bucket=bucket69491, key=.Trash, dataSize=0, replicationConfig=null} | ret=FAILURE
org.apache.hadoop.ozone.om.exceptions.OMException: Unable to get file status: volume: volume67981 bucket: bucket69491 key: .Trash
	at org.apache.hadoop.ozone.om.KeyManagerImpl.getOzoneFileStatusFSO(KeyManagerImpl.java:1311) ~[ozone-manager-1.4.0-SNAPSHOT.jar:?]
	at org.apache.hadoop.ozone.om.KeyManagerImpl.getFileStatus(KeyManagerImpl.java:1102) ~[ozone-manager-1.4.0-SNAPSHOT.jar:?]
	at org.apache.hadoop.ozone.om.OmMetadataReader.getFileStatus(OmMetadataReader.java:286) ~[ozone-manager-1.4.0-SNAPSHOT.jar:?]
	at org.apache.hadoop.ozone.om.OzoneManager.getFileStatus(OzoneManager.java:3499) ~[ozone-manager-1.4.0-SNAPSHOT.jar:?]
	at org.apache.hadoop.ozone.protocolPB.OzoneManagerRequestHandler.getOzoneFileStatus(OzoneManagerRequestHandler.java:950) ~[ozone-manager-1.4.0-SNAPSHOT.jar:?]
	at org.apache.hadoop.ozone.protocolPB.OzoneManagerRequestHandler.handleReadRequest(OzoneManagerRequestHandler.java:245) ~[ozone-manager-1.4.0-SNAPSHOT.jar:?]
	at org.apache.hadoop.ozone.protocolPB.OzoneManagerProtocolServerSideTranslatorPB.submitReadRequestToOM(OzoneManagerProtocolServerSideTranslatorPB.java:223) ~[ozone-manager-1.4.0-SNAPSHOT.jar:?]
	at org.apache.hadoop.ozone.protocolPB.OzoneManagerProtocolServerSideTranslatorPB.processRequest(OzoneManagerProtocolServerSideTranslatorPB.java:177) ~[ozone-manager-1.4.0-SNAPSHOT.jar:?]
	at org.apache.hadoop.hdds.server.OzoneProtocolMessageDispatcher.processRequest(OzoneProtocolMessageDispatcher.java:87) [hdds-server-framework-1.4.0-SNAPSHOT.jar:?]
	at org.apache.hadoop.ozone.protocolPB.OzoneManagerProtocolServerSideTranslatorPB.submitRequest(OzoneManagerProtocolServerSideTranslatorPB.java:147) [ozone-manager-1.4.0-SNAPSHOT.jar:?]
	at org.apache.hadoop.ozone.protocol.proto.OzoneManagerProtocolProtos$OzoneManagerService$2.callBlockingMethod(OzoneManagerProtocolProtos.java) [ozone-interface-client-1.4.0-SNAPSHOT.jar:?]
	at org.apache.hadoop.ipc.ProtobufRpcEngine$Server.processCall(ProtobufRpcEngine.java:484) [hadoop-common-3.3.5.jar:?]
	at org.apache.hadoop.ipc.ProtobufRpcEngine2$Server$ProtoBufRpcInvoker.call(ProtobufRpcEngine2.java:595) [hadoop-common-3.3.5.jar:?]
	at org.apache.hadoop.ipc.ProtobufRpcEngine2$Server$ProtoBufRpcInvoker.call(ProtobufRpcEngine2.java:573) [hadoop-common-3.3.5.jar:?]
	at org.apache.hadoop.ipc.RPC$Server.call(RPC.java:1213) [hadoop-common-3.3.5.jar:?]
	at org.apache.hadoop.ipc.Server$RpcCall.run(Server.java:1089) [hadoop-common-3.3.5.jar:?]
	at org.apache.hadoop.ipc.Server$RpcCall.run(Server.java:1012) [hadoop-common-3.3.5.jar:?]
	at java.security.AccessController.doPrivileged(Native Method) ~[?:1.8.0_372]
	at javax.security.auth.Subject.doAs(Subject.java:422) [?:1.8.0_372]
	at org.apache.hadoop.security.UserGroupInformation.doAs(UserGroupInformation.java:1899) [hadoop-common-3.3.5.jar:?]
	at org.apache.hadoop.ipc.Server$Handler.run(Server.java:3026) [hadoop-common-3.3.5.jar:?]
21:35:47.382 [IPC Server handler 14 on default port 15004] ERROR OMAudit - user=runner | ip=127.0.0.1 | op=GET_FILE_STATUS {volume=volume89095, bucket=trashroottest2, key=.Trash, dataSize=0, replicationConfig=null} | ret=FAILURE
org.apache.hadoop.ozone.om.exceptions.OMException: Unable to get file status: volume: volume89095 bucket: trashroottest2 key: .Trash
	at org.apache.hadoop.ozone.om.KeyManagerImpl.getOzoneFileStatusFSO(KeyManagerImpl.java:1311) ~[ozone-manager-1.4.0-SNAPSHOT.jar:?]
	at org.apache.hadoop.ozone.om.KeyManagerImpl.getFileStatus(KeyManagerImpl.java:1102) ~[ozone-manager-1.4.0-SNAPSHOT.jar:?]
	at org.apache.hadoop.ozone.om.OmMetadataReader.getFileStatus(OmMetadataReader.java:286) ~[ozone-manager-1.4.0-SNAPSHOT.jar:?]
	at org.apache.hadoop.ozone.om.OzoneManager.getFileStatus(OzoneManager.java:3499) ~[ozone-manager-1.4.0-SNAPSHOT.jar:?]
	at org.apache.hadoop.ozone.protocolPB.OzoneManagerRequestHandler.getOzoneFileStatus(OzoneManagerRequestHandler.java:950) ~[ozone-manager-1.4.0-SNAPSHOT.jar:?]
	at org.apache.hadoop.ozone.protocolPB.OzoneManagerRequestHandler.handleReadRequest(OzoneManagerRequestHandler.java:245) ~[ozone-manager-1.4.0-SNAPSHOT.jar:?]
	at org.apache.hadoop.ozone.protocolPB.OzoneManagerProtocolServerSideTranslatorPB.submitReadRequestToOM(OzoneManagerProtocolServerSideTranslatorPB.java:223) ~[ozone-manager-1.4.0-SNAPSHOT.jar:?]
	at org.apache.hadoop.ozone.protocolPB.OzoneManagerProtocolServerSideTranslatorPB.processRequest(OzoneManagerProtocolServerSideTranslatorPB.java:177) ~[ozone-manager-1.4.0-SNAPSHOT.jar:?]
	at org.apache.hadoop.hdds.server.OzoneProtocolMessageDispatcher.processRequest(OzoneProtocolMessageDispatcher.java:87) [hdds-server-framework-1.4.0-SNAPSHOT.jar:?]
	at org.apache.hadoop.ozone.protocolPB.OzoneManagerProtocolServerSideTranslatorPB.submitRequest(OzoneManagerProtocolServerSideTranslatorPB.java:147) [ozone-manager-1.4.0-SNAPSHOT.jar:?]
	at org.apache.hadoop.ozone.protocol.proto.OzoneManagerProtocolProtos$OzoneManagerService$2.callBlockingMethod(OzoneManagerProtocolProtos.java) [ozone-interface-client-1.4.0-SNAPSHOT.jar:?]
	at org.apache.hadoop.ipc.ProtobufRpcEngine$Server.processCall(ProtobufRpcEngine.java:484) [hadoop-common-3.3.5.jar:?]
	at org.apache.hadoop.ipc.ProtobufRpcEngine2$Server$ProtoBufRpcInvoker.call(ProtobufRpcEngine2.java:595) [hadoop-common-3.3.5.jar:?]
	at org.apache.hadoop.ipc.ProtobufRpcEngine2$Server$ProtoBufRpcInvoker.call(ProtobufRpcEngine2.java:573) [hadoop-common-3.3.5.jar:?]
	at org.apache.hadoop.ipc.RPC$Server.call(RPC.java:1213) [hadoop-common-3.3.5.jar:?]
	at org.apache.hadoop.ipc.Server$RpcCall.run(Server.java:1089) [hadoop-common-3.3.5.jar:?]
	at org.apache.hadoop.ipc.Server$RpcCall.run(Server.java:1012) [hadoop-common-3.3.5.jar:?]
	at java.security.AccessController.doPrivileged(Native Method) ~[?:1.8.0_372]
	at javax.security.auth.Subject.doAs(Subject.java:422) [?:1.8.0_372]
	at org.apache.hadoop.security.UserGroupInformation.doAs(UserGroupInformation.java:1899) [hadoop-common-3.3.5.jar:?]
	at org.apache.hadoop.ipc.Server$Handler.run(Server.java:3026) [hadoop-common-3.3.5.jar:?]
21:35:47.400 [IPC Server handler 9 on default port 15004] ERROR OMAudit - user=runner | ip=127.0.0.1 | op=GET_FILE_STATUS {volume=volume-40960, bucket=bucket-06556, key=.Trash/runner, dataSize=0, replicationConfig=null} | ret=FAILURE
org.apache.hadoop.ozone.om.exceptions.OMException: Unable to get file status: volume: volume-40960 bucket: bucket-06556 key: .Trash/runner
	at org.apache.hadoop.ozone.om.KeyManagerImpl.getOzoneFileStatusFSO(KeyManagerImpl.java:1311) ~[ozone-manager-1.4.0-SNAPSHOT.jar:?]
	at org.apache.hadoop.ozone.om.KeyManagerImpl.getFileStatus(KeyManagerImpl.java:1102) ~[ozone-manager-1.4.0-SNAPSHOT.jar:?]
	at org.apache.hadoop.ozone.om.OmMetadataReader.getFileStatus(OmMetadataReader.java:286) ~[ozone-manager-1.4.0-SNAPSHOT.jar:?]
	at org.apache.hadoop.ozone.om.OzoneManager.getFileStatus(OzoneManager.java:3499) ~[ozone-manager-1.4.0-SNAPSHOT.jar:?]
	at org.apache.hadoop.ozone.protocolPB.OzoneManagerRequestHandler.getOzoneFileStatus(OzoneManagerRequestHandler.java:950) ~[ozone-manager-1.4.0-SNAPSHOT.jar:?]
	at org.apache.hadoop.ozone.protocolPB.OzoneManagerRequestHandler.handleReadRequest(OzoneManagerRequestHandler.java:245) ~[ozone-manager-1.4.0-SNAPSHOT.jar:?]
	at org.apache.hadoop.ozone.protocolPB.OzoneManagerProtocolServerSideTranslatorPB.submitReadRequestToOM(OzoneManagerProtocolServerSideTranslatorPB.java:223) ~[ozone-manager-1.4.0-SNAPSHOT.jar:?]
	at org.apache.hadoop.ozone.protocolPB.OzoneManagerProtocolServerSideTranslatorPB.processRequest(OzoneManagerProtocolServerSideTranslatorPB.java:177) ~[ozone-manager-1.4.0-SNAPSHOT.jar:?]
	at org.apache.hadoop.hdds.server.OzoneProtocolMessageDispatcher.processRequest(OzoneProtocolMessageDispatcher.java:87) [hdds-server-framework-1.4.0-SNAPSHOT.jar:?]
	at org.apache.hadoop.ozone.protocolPB.OzoneManagerProtocolServerSideTranslatorPB.submitRequest(OzoneManagerProtocolServerSideTranslatorPB.java:147) [ozone-manager-1.4.0-SNAPSHOT.jar:?]
	at org.apache.hadoop.ozone.protocol.proto.OzoneManagerProtocolProtos$OzoneManagerService$2.callBlockingMethod(OzoneManagerProtocolProtos.java) [ozone-interface-client-1.4.0-SNAPSHOT.jar:?]
	at org.apache.hadoop.ipc.ProtobufRpcEngine$Server.processCall(ProtobufRpcEngine.java:484) [hadoop-common-3.3.5.jar:?]
	at org.apache.hadoop.ipc.ProtobufRpcEngine2$Server$ProtoBufRpcInvoker.call(ProtobufRpcEngine2.java:595) [hadoop-common-3.3.5.jar:?]
	at org.apache.hadoop.ipc.ProtobufRpcEngine2$Server$ProtoBufRpcInvoker.call(ProtobufRpcEngine2.java:573) [hadoop-common-3.3.5.jar:?]
	at org.apache.hadoop.ipc.RPC$Server.call(RPC.java:1213) [hadoop-common-3.3.5.jar:?]
	at org.apache.hadoop.ipc.Server$RpcCall.run(Server.java:1089) [hadoop-common-3.3.5.jar:?]
	at org.apache.hadoop.ipc.Server$RpcCall.run(Server.java:1012) [hadoop-common-3.3.5.jar:?]
	at java.security.AccessController.doPrivileged(Native Method) ~[?:1.8.0_372]
	at javax.security.auth.Subject.doAs(Subject.java:422) [?:1.8.0_372]
	at org.apache.hadoop.security.UserGroupInformation.doAs(UserGroupInformation.java:1899) [hadoop-common-3.3.5.jar:?]
	at org.apache.hadoop.ipc.Server$Handler.run(Server.java:3026) [hadoop-common-3.3.5.jar:?]
21:35:47.403 [IPC Server handler 15 on default port 15004] ERROR OMAudit - user=runner | ip=127.0.0.1 | op=GET_FILE_STATUS {volume=volume-37019, bucket=bucket-46042, key=.Trash/runner, dataSize=0, replicationConfig=null} | ret=FAILURE
org.apache.hadoop.ozone.om.exceptions.OMException: Unable to get file status: volume: volume-37019 bucket: bucket-46042 key: .Trash/runner
	at org.apache.hadoop.ozone.om.KeyManagerImpl.getOzoneFileStatusFSO(KeyManagerImpl.java:1311) ~[ozone-manager-1.4.0-SNAPSHOT.jar:?]
	at org.apache.hadoop.ozone.om.KeyManagerImpl.getFileStatus(KeyManagerImpl.java:1102) ~[ozone-manager-1.4.0-SNAPSHOT.jar:?]
	at org.apache.hadoop.ozone.om.OmMetadataReader.getFileStatus(OmMetadataReader.java:286) ~[ozone-manager-1.4.0-SNAPSHOT.jar:?]
	at org.apache.hadoop.ozone.om.OzoneManager.getFileStatus(OzoneManager.java:3499) ~[ozone-manager-1.4.0-SNAPSHOT.jar:?]
	at org.apache.hadoop.ozone.protocolPB.OzoneManagerRequestHandler.getOzoneFileStatus(OzoneManagerRequestHandler.java:950) ~[ozone-manager-1.4.0-SNAPSHOT.jar:?]
	at org.apache.hadoop.ozone.protocolPB.OzoneManagerRequestHandler.handleReadRequest(OzoneManagerRequestHandler.java:245) ~[ozone-manager-1.4.0-SNAPSHOT.jar:?]
	at org.apache.hadoop.ozone.protocolPB.OzoneManagerProtocolServerSideTranslatorPB.submitReadRequestToOM(OzoneManagerProtocolServerSideTranslatorPB.java:223) ~[ozone-manager-1.4.0-SNAPSHOT.jar:?]
	at org.apache.hadoop.ozone.protocolPB.OzoneManagerProtocolServerSideTranslatorPB.processRequest(OzoneManagerProtocolServerSideTranslatorPB.java:177) ~[ozone-manager-1.4.0-SNAPSHOT.jar:?]
	at org.apache.hadoop.hdds.server.OzoneProtocolMessageDispatcher.processRequest(OzoneProtocolMessageDispatcher.java:87) [hdds-server-framework-1.4.0-SNAPSHOT.jar:?]
	at org.apache.hadoop.ozone.protocolPB.OzoneManagerProtocolServerSideTranslatorPB.submitRequest(OzoneManagerProtocolServerSideTranslatorPB.java:147) [ozone-manager-1.4.0-SNAPSHOT.jar:?]
	at org.apache.hadoop.ozone.protocol.proto.OzoneManagerProtocolProtos$OzoneManagerService$2.callBlockingMethod(OzoneManagerProtocolProtos.java) [ozone-interface-client-1.4.0-SNAPSHOT.jar:?]
	at org.apache.hadoop.ipc.ProtobufRpcEngine$Server.processCall(ProtobufRpcEngine.java:484) [hadoop-common-3.3.5.jar:?]
	at org.apache.hadoop.ipc.ProtobufRpcEngine2$Server$ProtoBufRpcInvoker.call(ProtobufRpcEngine2.java:595) [hadoop-common-3.3.5.jar:?]
	at org.apache.hadoop.ipc.ProtobufRpcEngine2$Server$ProtoBufRpcInvoker.call(ProtobufRpcEngine2.java:573) [hadoop-common-3.3.5.jar:?]
	at org.apache.hadoop.ipc.RPC$Server.call(RPC.java:1213) [hadoop-common-3.3.5.jar:?]
	at org.apache.hadoop.ipc.Server$RpcCall.run(Server.java:1089) [hadoop-common-3.3.5.jar:?]
	at org.apache.hadoop.ipc.Server$RpcCall.run(Server.java:1012) [hadoop-common-3.3.5.jar:?]
	at java.security.AccessController.doPrivileged(Native Method) ~[?:1.8.0_372]
	at javax.security.auth.Subject.doAs(Subject.java:422) [?:1.8.0_372]
	at org.apache.hadoop.security.UserGroupInformation.doAs(UserGroupInformation.java:1899) [hadoop-common-3.3.5.jar:?]
	at org.apache.hadoop.ipc.Server$Handler.run(Server.java:3026) [hadoop-common-3.3.5.jar:?]
21:35:47.405 [IPC Server handler 19 on default port 15004] ERROR OMAudit - user=runner | ip=127.0.0.1 | op=GET_FILE_STATUS {volume=volume-13413, bucket=bucket3, key=.Trash/runner, dataSize=0, replicationConfig=null} | ret=FAILURE
org.apache.hadoop.ozone.om.exceptions.OMException: Unable to get file status: volume: volume-13413 bucket: bucket3 key: .Trash/runner
	at org.apache.hadoop.ozone.om.KeyManagerImpl.getOzoneFileStatusFSO(KeyManagerImpl.java:1311) ~[ozone-manager-1.4.0-SNAPSHOT.jar:?]
	at org.apache.hadoop.ozone.om.KeyManagerImpl.getFileStatus(KeyManagerImpl.java:1102) ~[ozone-manager-1.4.0-SNAPSHOT.jar:?]
	at org.apache.hadoop.ozone.om.OmMetadataReader.getFileStatus(OmMetadataReader.java:286) ~[ozone-manager-1.4.0-SNAPSHOT.jar:?]
	at org.apache.hadoop.ozone.om.OzoneManager.getFileStatus(OzoneManager.java:3499) ~[ozone-manager-1.4.0-SNAPSHOT.jar:?]
	at org.apache.hadoop.ozone.protocolPB.OzoneManagerRequestHandler.getOzoneFileStatus(OzoneManagerRequestHandler.java:950) ~[ozone-manager-1.4.0-SNAPSHOT.jar:?]
	at org.apache.hadoop.ozone.protocolPB.OzoneManagerRequestHandler.handleReadRequest(OzoneManagerRequestHandler.java:245) ~[ozone-manager-1.4.0-SNAPSHOT.jar:?]
	at org.apache.hadoop.ozone.protocolPB.OzoneManagerProtocolServerSideTranslatorPB.submitReadRequestToOM(OzoneManagerProtocolServerSideTranslatorPB.java:223) ~[ozone-manager-1.4.0-SNAPSHOT.jar:?]
	at org.apache.hadoop.ozone.protocolPB.OzoneManagerProtocolServerSideTranslatorPB.processRequest(OzoneManagerProtocolServerSideTranslatorPB.java:177) ~[ozone-manager-1.4.0-SNAPSHOT.jar:?]
	at org.apache.hadoop.hdds.server.OzoneProtocolMessageDispatcher.processRequest(OzoneProtocolMessageDispatcher.java:87) [hdds-server-framework-1.4.0-SNAPSHOT.jar:?]
	at org.apache.hadoop.ozone.protocolPB.OzoneManagerProtocolServerSideTranslatorPB.submitRequest(OzoneManagerProtocolServerSideTranslatorPB.java:147) [ozone-manager-1.4.0-SNAPSHOT.jar:?]
	at org.apache.hadoop.ozone.protocol.proto.OzoneManagerProtocolProtos$OzoneManagerService$2.callBlockingMethod(OzoneManagerProtocolProtos.java) [ozone-interface-client-1.4.0-SNAPSHOT.jar:?]
	at org.apache.hadoop.ipc.ProtobufRpcEngine$Server.processCall(ProtobufRpcEngine.java:484) [hadoop-common-3.3.5.jar:?]
	at org.apache.hadoop.ipc.ProtobufRpcEngine2$Server$ProtoBufRpcInvoker.call(ProtobufRpcEngine2.java:595) [hadoop-common-3.3.5.jar:?]
	at org.apache.hadoop.ipc.ProtobufRpcEngine2$Server$ProtoBufRpcInvoker.call(ProtobufRpcEngine2.java:573) [hadoop-common-3.3.5.jar:?]
	at org.apache.hadoop.ipc.RPC$Server.call(RPC.java:1213) [hadoop-common-3.3.5.jar:?]
	at org.apache.hadoop.ipc.Server$RpcCall.run(Server.java:1089) [hadoop-common-3.3.5.jar:?]
	at org.apache.hadoop.ipc.Server$RpcCall.run(Server.java:1012) [hadoop-common-3.3.5.jar:?]
	at java.security.AccessController.doPrivileged(Native Method) ~[?:1.8.0_372]
	at javax.security.auth.Subject.doAs(Subject.java:422) [?:1.8.0_372]
	at org.apache.hadoop.security.UserGroupInformation.doAs(UserGroupInformation.java:1899) [hadoop-common-3.3.5.jar:?]
	at org.apache.hadoop.ipc.Server$Handler.run(Server.java:3026) [hadoop-common-3.3.5.jar:?]
21:35:47.408 [IPC Server handler 3 on default port 15004] ERROR OMAudit - user=runner | ip=127.0.0.1 | op=GET_FILE_STATUS {volume=volume89095, bucket=bucket82568, key=.Trash/runner, dataSize=0, replicationConfig=null} | ret=FAILURE
org.apache.hadoop.ozone.om.exceptions.OMException: Unable to get file status: volume: volume89095 bucket: bucket82568 key: .Trash/runner
	at org.apache.hadoop.ozone.om.KeyManagerImpl.getOzoneFileStatusFSO(KeyManagerImpl.java:1311) ~[ozone-manager-1.4.0-SNAPSHOT.jar:?]
	at org.apache.hadoop.ozone.om.KeyManagerImpl.getFileStatus(KeyManagerImpl.java:1102) ~[ozone-manager-1.4.0-SNAPSHOT.jar:?]
	at org.apache.hadoop.ozone.om.OmMetadataReader.getFileStatus(OmMetadataReader.java:286) ~[ozone-manager-1.4.0-SNAPSHOT.jar:?]
	at org.apache.hadoop.ozone.om.OzoneManager.getFileStatus(OzoneManager.java:3499) ~[ozone-manager-1.4.0-SNAPSHOT.jar:?]
	at org.apache.hadoop.ozone.protocolPB.OzoneManagerRequestHandler.getOzoneFileStatus(OzoneManagerRequestHandler.java:950) ~[ozone-manager-1.4.0-SNAPSHOT.jar:?]
	at org.apache.hadoop.ozone.protocolPB.OzoneManagerRequestHandler.handleReadRequest(OzoneManagerRequestHandler.java:245) ~[ozone-manager-1.4.0-SNAPSHOT.jar:?]
	at org.apache.hadoop.ozone.protocolPB.OzoneManagerProtocolServerSideTranslatorPB.submitReadRequestToOM(OzoneManagerProtocolServerSideTranslatorPB.java:223) ~[ozone-manager-1.4.0-SNAPSHOT.jar:?]
	at org.apache.hadoop.ozone.protocolPB.OzoneManagerProtocolServerSideTranslatorPB.processRequest(OzoneManagerProtocolServerSideTranslatorPB.java:177) ~[ozone-manager-1.4.0-SNAPSHOT.jar:?]
	at org.apache.hadoop.hdds.server.OzoneProtocolMessageDispatcher.processRequest(OzoneProtocolMessageDispatcher.java:87) [hdds-server-framework-1.4.0-SNAPSHOT.jar:?]
	at org.apache.hadoop.ozone.protocolPB.OzoneManagerProtocolServerSideTranslatorPB.submitRequest(OzoneManagerProtocolServerSideTranslatorPB.java:147) [ozone-manager-1.4.0-SNAPSHOT.jar:?]
	at org.apache.hadoop.ozone.protocol.proto.OzoneManagerProtocolProtos$OzoneManagerService$2.callBlockingMethod(OzoneManagerProtocolProtos.java) [ozone-interface-client-1.4.0-SNAPSHOT.jar:?]
	at org.apache.hadoop.ipc.ProtobufRpcEngine$Server.processCall(ProtobufRpcEngine.java:484) [hadoop-common-3.3.5.jar:?]
	at org.apache.hadoop.ipc.ProtobufRpcEngine2$Server$ProtoBufRpcInvoker.call(ProtobufRpcEngine2.java:595) [hadoop-common-3.3.5.jar:?]
	at org.apache.hadoop.ipc.ProtobufRpcEngine2$Server$ProtoBufRpcInvoker.call(ProtobufRpcEngine2.java:573) [hadoop-common-3.3.5.jar:?]
	at org.apache.hadoop.ipc.RPC$Server.call(RPC.java:1213) [hadoop-common-3.3.5.jar:?]
	at org.apache.hadoop.ipc.Server$RpcCall.run(Server.java:1089) [hadoop-common-3.3.5.jar:?]
	at org.apache.hadoop.ipc.Server$RpcCall.run(Server.java:1012) [hadoop-common-3.3.5.jar:?]
	at java.security.AccessController.doPrivileged(Native Method) ~[?:1.8.0_372]
	at javax.security.auth.Subject.doAs(Subject.java:422) [?:1.8.0_372]
	at org.apache.hadoop.security.UserGroupInformation.doAs(UserGroupInformation.java:1899) [hadoop-common-3.3.5.jar:?]
	at org.apache.hadoop.ipc.Server$Handler.run(Server.java:3026) [hadoop-common-3.3.5.jar:?]
21:35:47.415 [IPC Server handler 17 on default port 15004] ERROR OMAudit - user=runner | ip=127.0.0.1 | op=GET_FILE_STATUS {volume=c5114827-810a-46d6-b873-cfac3b5f6917, bucket=157b57d1-2b34-4b36-8944-9406453d8814, key=.Trash, dataSize=0, replicationConfig=null} | ret=FAILURE
org.apache.hadoop.ozone.om.exceptions.OMException: Unable to get file status: volume: c5114827-810a-46d6-b873-cfac3b5f6917 bucket: 157b57d1-2b34-4b36-8944-9406453d8814 key: .Trash
	at org.apache.hadoop.ozone.om.KeyManagerImpl.getOzoneFileStatus(KeyManagerImpl.java:1186) ~[ozone-manager-1.4.0-SNAPSHOT.jar:?]
	at org.apache.hadoop.ozone.om.KeyManagerImpl.getFileStatus(KeyManagerImpl.java:1104) ~[ozone-manager-1.4.0-SNAPSHOT.jar:?]
	at org.apache.hadoop.ozone.om.OmMetadataReader.getFileStatus(OmMetadataReader.java:286) ~[ozone-manager-1.4.0-SNAPSHOT.jar:?]
	at org.apache.hadoop.ozone.om.OzoneManager.getFileStatus(OzoneManager.java:3499) ~[ozone-manager-1.4.0-SNAPSHOT.jar:?]
	at org.apache.hadoop.ozone.protocolPB.OzoneManagerRequestHandler.getOzoneFileStatus(OzoneManagerRequestHandler.java:950) ~[ozone-manager-1.4.0-SNAPSHOT.jar:?]
	at org.apache.hadoop.ozone.protocolPB.OzoneManagerRequestHandler.handleReadRequest(OzoneManagerRequestHandler.java:245) ~[ozone-manager-1.4.0-SNAPSHOT.jar:?]
	at org.apache.hadoop.ozone.protocolPB.OzoneManagerProtocolServerSideTranslatorPB.submitReadRequestToOM(OzoneManagerProtocolServerSideTranslatorPB.java:223) ~[ozone-manager-1.4.0-SNAPSHOT.jar:?]
	at org.apache.hadoop.ozone.protocolPB.OzoneManagerProtocolServerSideTranslatorPB.processRequest(OzoneManagerProtocolServerSideTranslatorPB.java:177) ~[ozone-manager-1.4.0-SNAPSHOT.jar:?]
	at org.apache.hadoop.hdds.server.OzoneProtocolMessageDispatcher.processRequest(OzoneProtocolMessageDispatcher.java:87) [hdds-server-framework-1.4.0-SNAPSHOT.jar:?]
	at org.apache.hadoop.ozone.protocolPB.OzoneManagerProtocolServerSideTranslatorPB.submitRequest(OzoneManagerProtocolServerSideTranslatorPB.java:147) [ozone-manager-1.4.0-SNAPSHOT.jar:?]
	at org.apache.hadoop.ozone.protocol.proto.OzoneManagerProtocolProtos$OzoneManagerService$2.callBlockingMethod(OzoneManagerProtocolProtos.java) [ozone-interface-client-1.4.0-SNAPSHOT.jar:?]
	at org.apache.hadoop.ipc.ProtobufRpcEngine$Server.processCall(ProtobufRpcEngine.java:484) [hadoop-common-3.3.5.jar:?]
	at org.apache.hadoop.ipc.ProtobufRpcEngine2$Server$ProtoBufRpcInvoker.call(ProtobufRpcEngine2.java:595) [hadoop-common-3.3.5.jar:?]
	at org.apache.hadoop.ipc.ProtobufRpcEngine2$Server$ProtoBufRpcInvoker.call(ProtobufRpcEngine2.java:573) [hadoop-common-3.3.5.jar:?]
	at org.apache.hadoop.ipc.RPC$Server.call(RPC.java:1213) [hadoop-common-3.3.5.jar:?]
	at org.apache.hadoop.ipc.Server$RpcCall.run(Server.java:1089) [hadoop-common-3.3.5.jar:?]
	at org.apache.hadoop.ipc.Server$RpcCall.run(Server.java:1012) [hadoop-common-3.3.5.jar:?]
	at java.security.AccessController.doPrivileged(Native Method) ~[?:1.8.0_372]
	at javax.security.auth.Subject.doAs(Subject.java:422) [?:1.8.0_372]
	at org.apache.hadoop.security.UserGroupInformation.doAs(UserGroupInformation.java:1899) [hadoop-common-3.3.5.jar:?]
	at org.apache.hadoop.ipc.Server$Handler.run(Server.java:3026) [hadoop-common-3.3.5.jar:?]
21:35:47.418 [IPC Server handler 11 on default port 15004] ERROR OMAudit - user=runner | ip=127.0.0.1 | op=GET_FILE_STATUS {volume=volume-13413, bucket=bucket3, key=.Trash, dataSize=0, replicationConfig=null} | ret=FAILURE
org.apache.hadoop.ozone.om.exceptions.OMException: Unable to get file status: volume: volume-13413 bucket: bucket3 key: .Trash
	at org.apache.hadoop.ozone.om.KeyManagerImpl.getOzoneFileStatusFSO(KeyManagerImpl.java:1311) ~[ozone-manager-1.4.0-SNAPSHOT.jar:?]
	at org.apache.hadoop.ozone.om.KeyManagerImpl.getFileStatus(KeyManagerImpl.java:1102) ~[ozone-manager-1.4.0-SNAPSHOT.jar:?]
	at org.apache.hadoop.ozone.om.OmMetadataReader.getFileStatus(OmMetadataReader.java:286) ~[ozone-manager-1.4.0-SNAPSHOT.jar:?]
	at org.apache.hadoop.ozone.om.OzoneManager.getFileStatus(OzoneManager.java:3499) ~[ozone-manager-1.4.0-SNAPSHOT.jar:?]
	at org.apache.hadoop.ozone.protocolPB.OzoneManagerRequestHandler.getOzoneFileStatus(OzoneManagerRequestHandler.java:950) ~[ozone-manager-1.4.0-SNAPSHOT.jar:?]
	at org.apache.hadoop.ozone.protocolPB.OzoneManagerRequestHandler.handleReadRequest(OzoneManagerRequestHandler.java:245) ~[ozone-manager-1.4.0-SNAPSHOT.jar:?]
	at org.apache.hadoop.ozone.protocolPB.OzoneManagerProtocolServerSideTranslatorPB.submitReadRequestToOM(OzoneManagerProtocolServerSideTranslatorPB.java:223) ~[ozone-manager-1.4.0-SNAPSHOT.jar:?]
	at org.apache.hadoop.ozone.protocolPB.OzoneManagerProtocolServerSideTranslatorPB.processRequest(OzoneManagerProtocolServerSideTranslatorPB.java:177) ~[ozone-manager-1.4.0-SNAPSHOT.jar:?]
	at org.apache.hadoop.hdds.server.OzoneProtocolMessageDispatcher.processRequest(OzoneProtocolMessageDispatcher.java:87) [hdds-server-framework-1.4.0-SNAPSHOT.jar:?]
	at org.apache.hadoop.ozone.protocolPB.OzoneManagerProtocolServerSideTranslatorPB.submitRequest(OzoneManagerProtocolServerSideTranslatorPB.java:147) [ozone-manager-1.4.0-SNAPSHOT.jar:?]
	at org.apache.hadoop.ozone.protocol.proto.OzoneManagerProtocolProtos$OzoneManagerService$2.callBlockingMethod(OzoneManagerProtocolProtos.java) [ozone-interface-client-1.4.0-SNAPSHOT.jar:?]
	at org.apache.hadoop.ipc.ProtobufRpcEngine$Server.processCall(ProtobufRpcEngine.java:484) [hadoop-common-3.3.5.jar:?]
	at org.apache.hadoop.ipc.ProtobufRpcEngine2$Server$ProtoBufRpcInvoker.call(ProtobufRpcEngine2.java:595) [hadoop-common-3.3.5.jar:?]
	at org.apache.hadoop.ipc.ProtobufRpcEngine2$Server$ProtoBufRpcInvoker.call(ProtobufRpcEngine2.java:573) [hadoop-common-3.3.5.jar:?]
	at org.apache.hadoop.ipc.RPC$Server.call(RPC.java:1213) [hadoop-common-3.3.5.jar:?]
	at org.apache.hadoop.ipc.Server$RpcCall.run(Server.java:1089) [hadoop-common-3.3.5.jar:?]
	at org.apache.hadoop.ipc.Server$RpcCall.run(Server.java:1012) [hadoop-common-3.3.5.jar:?]
	at java.security.AccessController.doPrivileged(Native Method) ~[?:1.8.0_372]
	at javax.security.auth.Subject.doAs(Subject.java:422) [?:1.8.0_372]
	at org.apache.hadoop.security.UserGroupInformation.doAs(UserGroupInformation.java:1899) [hadoop-common-3.3.5.jar:?]
	at org.apache.hadoop.ipc.Server$Handler.run(Server.java:3026) [hadoop-common-3.3.5.jar:?]
21:35:47.421 [IPC Server handler 16 on default port 15004] ERROR OMAudit - user=runner | ip=127.0.0.1 | op=GET_FILE_STATUS {volume=volume-37019, bucket=bucket-46042, key=.Trash, dataSize=0, replicationConfig=null} | ret=FAILURE
org.apache.hadoop.ozone.om.exceptions.OMException: Unable to get file status: volume: volume-37019 bucket: bucket-46042 key: .Trash
	at org.apache.hadoop.ozone.om.KeyManagerImpl.getOzoneFileStatusFSO(KeyManagerImpl.java:1311) ~[ozone-manager-1.4.0-SNAPSHOT.jar:?]
	at org.apache.hadoop.ozone.om.KeyManagerImpl.getFileStatus(KeyManagerImpl.java:1102) ~[ozone-manager-1.4.0-SNAPSHOT.jar:?]
	at org.apache.hadoop.ozone.om.OmMetadataReader.getFileStatus(OmMetadataReader.java:286) ~[ozone-manager-1.4.0-SNAPSHOT.jar:?]
	at org.apache.hadoop.ozone.om.OzoneManager.getFileStatus(OzoneManager.java:3499) ~[ozone-manager-1.4.0-SNAPSHOT.jar:?]
	at org.apache.hadoop.ozone.protocolPB.OzoneManagerRequestHandler.getOzoneFileStatus(OzoneManagerRequestHandler.java:950) ~[ozone-manager-1.4.0-SNAPSHOT.jar:?]
	at org.apache.hadoop.ozone.protocolPB.OzoneManagerRequestHandler.handleReadRequest(OzoneManagerRequestHandler.java:245) ~[ozone-manager-1.4.0-SNAPSHOT.jar:?]
	at org.apache.hadoop.ozone.protocolPB.OzoneManagerProtocolServerSideTranslatorPB.submitReadRequestToOM(OzoneManagerProtocolServerSideTranslatorPB.java:223) ~[ozone-manager-1.4.0-SNAPSHOT.jar:?]
	at org.apache.hadoop.ozone.protocolPB.OzoneManagerProtocolServerSideTranslatorPB.processRequest(OzoneManagerProtocolServerSideTranslatorPB.java:177) ~[ozone-manager-1.4.0-SNAPSHOT.jar:?]
	at org.apache.hadoop.hdds.server.OzoneProtocolMessageDispatcher.processRequest(OzoneProtocolMessageDispatcher.java:87) [hdds-server-framework-1.4.0-SNAPSHOT.jar:?]
	at org.apache.hadoop.ozone.protocolPB.OzoneManagerProtocolServerSideTranslatorPB.submitRequest(OzoneManagerProtocolServerSideTranslatorPB.java:147) [ozone-manager-1.4.0-SNAPSHOT.jar:?]
	at org.apache.hadoop.ozone.protocol.proto.OzoneManagerProtocolProtos$OzoneManagerService$2.callBlockingMethod(OzoneManagerProtocolProtos.java) [ozone-interface-client-1.4.0-SNAPSHOT.jar:?]
	at org.apache.hadoop.ipc.ProtobufRpcEngine$Server.processCall(ProtobufRpcEngine.java:484) [hadoop-common-3.3.5.jar:?]
	at org.apache.hadoop.ipc.ProtobufRpcEngine2$Server$ProtoBufRpcInvoker.call(ProtobufRpcEngine2.java:595) [hadoop-common-3.3.5.jar:?]
	at org.apache.hadoop.ipc.ProtobufRpcEngine2$Server$ProtoBufRpcInvoker.call(ProtobufRpcEngine2.java:573) [hadoop-common-3.3.5.jar:?]
	at org.apache.hadoop.ipc.RPC$Server.call(RPC.java:1213) [hadoop-common-3.3.5.jar:?]
	at org.apache.hadoop.ipc.Server$RpcCall.run(Server.java:1089) [hadoop-common-3.3.5.jar:?]
	at org.apache.hadoop.ipc.Server$RpcCall.run(Server.java:1012) [hadoop-common-3.3.5.jar:?]
	at java.security.AccessController.doPrivileged(Native Method) ~[?:1.8.0_372]
	at javax.security.auth.Subject.doAs(Subject.java:422) [?:1.8.0_372]
	at org.apache.hadoop.security.UserGroupInformation.doAs(UserGroupInformation.java:1899) [hadoop-common-3.3.5.jar:?]
	at org.apache.hadoop.ipc.Server$Handler.run(Server.java:3026) [hadoop-common-3.3.5.jar:?]
21:35:47.423 [IPC Server handler 10 on default port 15004] ERROR OMAudit - user=runner | ip=127.0.0.1 | op=GET_FILE_STATUS {volume=volume-40960, bucket=bucket-06556, key=.Trash, dataSize=0, replicationConfig=null} | ret=FAILURE
org.apache.hadoop.ozone.om.exceptions.OMException: Unable to get file status: volume: volume-40960 bucket: bucket-06556 key: .Trash
	at org.apache.hadoop.ozone.om.KeyManagerImpl.getOzoneFileStatusFSO(KeyManagerImpl.java:1311) ~[ozone-manager-1.4.0-SNAPSHOT.jar:?]
	at org.apache.hadoop.ozone.om.KeyManagerImpl.getFileStatus(KeyManagerImpl.java:1102) ~[ozone-manager-1.4.0-SNAPSHOT.jar:?]
	at org.apache.hadoop.ozone.om.OmMetadataReader.getFileStatus(OmMetadataReader.java:286) ~[ozone-manager-1.4.0-SNAPSHOT.jar:?]
	at org.apache.hadoop.ozone.om.OzoneManager.getFileStatus(OzoneManager.java:3499) ~[ozone-manager-1.4.0-SNAPSHOT.jar:?]
	at org.apache.hadoop.ozone.protocolPB.OzoneManagerRequestHandler.getOzoneFileStatus(OzoneManagerRequestHandler.java:950) ~[ozone-manager-1.4.0-SNAPSHOT.jar:?]
	at org.apache.hadoop.ozone.protocolPB.OzoneManagerRequestHandler.handleReadRequest(OzoneManagerRequestHandler.java:245) ~[ozone-manager-1.4.0-SNAPSHOT.jar:?]
	at org.apache.hadoop.ozone.protocolPB.OzoneManagerProtocolServerSideTranslatorPB.submitReadRequestToOM(OzoneManagerProtocolServerSideTranslatorPB.java:223) ~[ozone-manager-1.4.0-SNAPSHOT.jar:?]
	at org.apache.hadoop.ozone.protocolPB.OzoneManagerProtocolServerSideTranslatorPB.processRequest(OzoneManagerProtocolServerSideTranslatorPB.java:177) ~[ozone-manager-1.4.0-SNAPSHOT.jar:?]
	at org.apache.hadoop.hdds.server.OzoneProtocolMessageDispatcher.processRequest(OzoneProtocolMessageDispatcher.java:87) [hdds-server-framework-1.4.0-SNAPSHOT.jar:?]
	at org.apache.hadoop.ozone.protocolPB.OzoneManagerProtocolServerSideTranslatorPB.submitRequest(OzoneManagerProtocolServerSideTranslatorPB.java:147) [ozone-manager-1.4.0-SNAPSHOT.jar:?]
	at org.apache.hadoop.ozone.protocol.proto.OzoneManagerProtocolProtos$OzoneManagerService$2.callBlockingMethod(OzoneManagerProtocolProtos.java) [ozone-interface-client-1.4.0-SNAPSHOT.jar:?]
	at org.apache.hadoop.ipc.ProtobufRpcEngine$Server.processCall(ProtobufRpcEngine.java:484) [hadoop-common-3.3.5.jar:?]
	at org.apache.hadoop.ipc.ProtobufRpcEngine2$Server$ProtoBufRpcInvoker.call(ProtobufRpcEngine2.java:595) [hadoop-common-3.3.5.jar:?]
	at org.apache.hadoop.ipc.ProtobufRpcEngine2$Server$ProtoBufRpcInvoker.call(ProtobufRpcEngine2.java:573) [hadoop-common-3.3.5.jar:?]
	at org.apache.hadoop.ipc.RPC$Server.call(RPC.java:1213) [hadoop-common-3.3.5.jar:?]
	at org.apache.hadoop.ipc.Server$RpcCall.run(Server.java:1089) [hadoop-common-3.3.5.jar:?]
	at org.apache.hadoop.ipc.Server$RpcCall.run(Server.java:1012) [hadoop-common-3.3.5.jar:?]
	at java.security.AccessController.doPrivileged(Native Method) ~[?:1.8.0_372]
	at javax.security.auth.Subject.doAs(Subject.java:422) [?:1.8.0_372]
	at org.apache.hadoop.security.UserGroupInformation.doAs(UserGroupInformation.java:1899) [hadoop-common-3.3.5.jar:?]
	at org.apache.hadoop.ipc.Server$Handler.run(Server.java:3026) [hadoop-common-3.3.5.jar:?]
21:35:47.426 [IPC Server handler 6 on default port 15004] ERROR OMAudit - user=runner | ip=127.0.0.1 | op=GET_FILE_STATUS {volume=volume67981, bucket=bucket69491, key=.Trash, dataSize=0, replicationConfig=null} | ret=FAILURE
org.apache.hadoop.ozone.om.exceptions.OMException: Unable to get file status: volume: volume67981 bucket: bucket69491 key: .Trash
	at org.apache.hadoop.ozone.om.KeyManagerImpl.getOzoneFileStatusFSO(KeyManagerImpl.java:1311) ~[ozone-manager-1.4.0-SNAPSHOT.jar:?]
	at org.apache.hadoop.ozone.om.KeyManagerImpl.getFileStatus(KeyManagerImpl.java:1102) ~[ozone-manager-1.4.0-SNAPSHOT.jar:?]
	at org.apache.hadoop.ozone.om.OmMetadataReader.getFileStatus(OmMetadataReader.java:286) ~[ozone-manager-1.4.0-SNAPSHOT.jar:?]
	at org.apache.hadoop.ozone.om.OzoneManager.getFileStatus(OzoneManager.java:3499) ~[ozone-manager-1.4.0-SNAPSHOT.jar:?]
	at org.apache.hadoop.ozone.protocolPB.OzoneManagerRequestHandler.getOzoneFileStatus(OzoneManagerRequestHandler.java:950) ~[ozone-manager-1.4.0-SNAPSHOT.jar:?]
	at org.apache.hadoop.ozone.protocolPB.OzoneManagerRequestHandler.handleReadRequest(OzoneManagerRequestHandler.java:245) ~[ozone-manager-1.4.0-SNAPSHOT.jar:?]
	at org.apache.hadoop.ozone.protocolPB.OzoneManagerProtocolServerSideTranslatorPB.submitReadRequestToOM(OzoneManagerProtocolServerSideTranslatorPB.java:223) ~[ozone-manager-1.4.0-SNAPSHOT.jar:?]
	at org.apache.hadoop.ozone.protocolPB.OzoneManagerProtocolServerSideTranslatorPB.processRequest(OzoneManagerProtocolServerSideTranslatorPB.java:177) ~[ozone-manager-1.4.0-SNAPSHOT.jar:?]
	at org.apache.hadoop.hdds.server.OzoneProtocolMessageDispatcher.processRequest(OzoneProtocolMessageDispatcher.java:87) [hdds-server-framework-1.4.0-SNAPSHOT.jar:?]
	at org.apache.hadoop.ozone.protocolPB.OzoneManagerProtocolServerSideTranslatorPB.submitRequest(OzoneManagerProtocolServerSideTranslatorPB.java:147) [ozone-manager-1.4.0-SNAPSHOT.jar:?]
	at org.apache.hadoop.ozone.protocol.proto.OzoneManagerProtocolProtos$OzoneManagerService$2.callBlockingMethod(OzoneManagerProtocolProtos.java) [ozone-interface-client-1.4.0-SNAPSHOT.jar:?]
	at org.apache.hadoop.ipc.ProtobufRpcEngine$Server.processCall(ProtobufRpcEngine.java:484) [hadoop-common-3.3.5.jar:?]
	at org.apache.hadoop.ipc.ProtobufRpcEngine2$Server$ProtoBufRpcInvoker.call(ProtobufRpcEngine2.java:595) [hadoop-common-3.3.5.jar:?]
	at org.apache.hadoop.ipc.ProtobufRpcEngine2$Server$ProtoBufRpcInvoker.call(ProtobufRpcEngine2.java:573) [hadoop-common-3.3.5.jar:?]
	at org.apache.hadoop.ipc.RPC$Server.call(RPC.java:1213) [hadoop-common-3.3.5.jar:?]
	at org.apache.hadoop.ipc.Server$RpcCall.run(Server.java:1089) [hadoop-common-3.3.5.jar:?]
	at org.apache.hadoop.ipc.Server$RpcCall.run(Server.java:1012) [hadoop-common-3.3.5.jar:?]
	at java.security.AccessController.doPrivileged(Native Method) ~[?:1.8.0_372]
	at javax.security.auth.Subject.doAs(Subject.java:422) [?:1.8.0_372]
	at org.apache.hadoop.security.UserGroupInformation.doAs(UserGroupInformation.java:1899) [hadoop-common-3.3.5.jar:?]
	at org.apache.hadoop.ipc.Server$Handler.run(Server.java:3026) [hadoop-common-3.3.5.jar:?]
]]></system-out>
  </testcase>
  <testcase name="testGetTrashRoots" classname="TestRootedOzoneFileSystemWithFSO" time="0.638">
    <system-out><![CDATA[2023-06-22 21:37:19,317 [Time-limited test] INFO  rpc.RpcClient (RpcClient.java:createVolume(459)) - Creating Volume: volume44500, with user69762 as owner and space quota set to -1 bytes, counts quota set to -1
2023-06-22 21:37:19,318 [IPC Server handler 2 on default port 15057] INFO  volume.OMVolumeCreateRequest (OMVolumeCreateRequest.java:validateAndUpdateCache(196)) - created volume:volume44500 for user:user69762
2023-06-22 21:37:19,319 [Time-limited test] INFO  rpc.RpcClient (RpcClient.java:createBucket(686)) - Creating Bucket: volume44500/bucket49274, with bucket layout FILE_SYSTEM_OPTIMIZED, runner as owner, Versioning false, Storage Type set to DISK and Encryption set to false, Replication Type set to server-side default replication type, Namespace Quota set to -1, Space Quota set to -1 
2023-06-22 21:37:19,319 [IPC Server handler 7 on default port 15057] INFO  bucket.OMBucketCreateRequest (OMBucketCreateRequest.java:validateAndUpdateCache(270)) - created bucket: bucket49274 of layout FILE_SYSTEM_OPTIMIZED in volume: volume44500
21:37:19.325 [IPC Server handler 13 on default port 15057] ERROR OMAudit - user=runner | ip=127.0.0.1 | op=GET_FILE_STATUS {volume=volume44500, bucket=bucket49274, key=.Trash/runner, dataSize=0, replicationConfig=null} | ret=FAILURE
org.apache.hadoop.ozone.om.exceptions.OMException: Unable to get file status: volume: volume44500 bucket: bucket49274 key: .Trash/runner
	at org.apache.hadoop.ozone.om.KeyManagerImpl.getOzoneFileStatusFSO(KeyManagerImpl.java:1311) ~[ozone-manager-1.4.0-SNAPSHOT.jar:?]
	at org.apache.hadoop.ozone.om.KeyManagerImpl.getFileStatus(KeyManagerImpl.java:1102) ~[ozone-manager-1.4.0-SNAPSHOT.jar:?]
	at org.apache.hadoop.ozone.om.OmMetadataReader.getFileStatus(OmMetadataReader.java:286) ~[ozone-manager-1.4.0-SNAPSHOT.jar:?]
	at org.apache.hadoop.ozone.om.OzoneManager.getFileStatus(OzoneManager.java:3499) ~[ozone-manager-1.4.0-SNAPSHOT.jar:?]
	at org.apache.hadoop.ozone.protocolPB.OzoneManagerRequestHandler.getOzoneFileStatus(OzoneManagerRequestHandler.java:950) ~[ozone-manager-1.4.0-SNAPSHOT.jar:?]
	at org.apache.hadoop.ozone.protocolPB.OzoneManagerRequestHandler.handleReadRequest(OzoneManagerRequestHandler.java:245) ~[ozone-manager-1.4.0-SNAPSHOT.jar:?]
	at org.apache.hadoop.ozone.protocolPB.OzoneManagerProtocolServerSideTranslatorPB.submitRequestDirectlyToOM(OzoneManagerProtocolServerSideTranslatorPB.java:272) ~[ozone-manager-1.4.0-SNAPSHOT.jar:?]
	at org.apache.hadoop.ozone.protocolPB.OzoneManagerProtocolServerSideTranslatorPB.processRequest(OzoneManagerProtocolServerSideTranslatorPB.java:173) ~[ozone-manager-1.4.0-SNAPSHOT.jar:?]
	at org.apache.hadoop.hdds.server.OzoneProtocolMessageDispatcher.processRequest(OzoneProtocolMessageDispatcher.java:87) [hdds-server-framework-1.4.0-SNAPSHOT.jar:?]
	at org.apache.hadoop.ozone.protocolPB.OzoneManagerProtocolServerSideTranslatorPB.submitRequest(OzoneManagerProtocolServerSideTranslatorPB.java:147) [ozone-manager-1.4.0-SNAPSHOT.jar:?]
	at org.apache.hadoop.ozone.protocol.proto.OzoneManagerProtocolProtos$OzoneManagerService$2.callBlockingMethod(OzoneManagerProtocolProtos.java) [ozone-interface-client-1.4.0-SNAPSHOT.jar:?]
	at org.apache.hadoop.ipc.ProtobufRpcEngine$Server.processCall(ProtobufRpcEngine.java:484) [hadoop-common-3.3.5.jar:?]
	at org.apache.hadoop.ipc.ProtobufRpcEngine2$Server$ProtoBufRpcInvoker.call(ProtobufRpcEngine2.java:595) [hadoop-common-3.3.5.jar:?]
	at org.apache.hadoop.ipc.ProtobufRpcEngine2$Server$ProtoBufRpcInvoker.call(ProtobufRpcEngine2.java:573) [hadoop-common-3.3.5.jar:?]
	at org.apache.hadoop.ipc.RPC$Server.call(RPC.java:1213) [hadoop-common-3.3.5.jar:?]
	at org.apache.hadoop.ipc.Server$RpcCall.run(Server.java:1089) [hadoop-common-3.3.5.jar:?]
	at org.apache.hadoop.ipc.Server$RpcCall.run(Server.java:1012) [hadoop-common-3.3.5.jar:?]
	at java.security.AccessController.doPrivileged(Native Method) ~[?:1.8.0_372]
	at javax.security.auth.Subject.doAs(Subject.java:422) [?:1.8.0_372]
	at org.apache.hadoop.security.UserGroupInformation.doAs(UserGroupInformation.java:1899) [hadoop-common-3.3.5.jar:?]
	at org.apache.hadoop.ipc.Server$Handler.run(Server.java:3026) [hadoop-common-3.3.5.jar:?]
21:37:19.331 [IPC Server handler 10 on default port 15057] ERROR OMAudit - user=runner | ip=127.0.0.1 | op=GET_FILE_STATUS {volume=e07bf019-e56e-407d-94df-7618b19160dc, bucket=a2854073-ca70-4288-85d2-0c210b372e5b, key=.Trash, dataSize=0, replicationConfig=null} | ret=FAILURE
org.apache.hadoop.ozone.om.exceptions.OMException: Unable to get file status: volume: e07bf019-e56e-407d-94df-7618b19160dc bucket: a2854073-ca70-4288-85d2-0c210b372e5b key: .Trash
	at org.apache.hadoop.ozone.om.KeyManagerImpl.getOzoneFileStatus(KeyManagerImpl.java:1186) ~[ozone-manager-1.4.0-SNAPSHOT.jar:?]
	at org.apache.hadoop.ozone.om.KeyManagerImpl.getFileStatus(KeyManagerImpl.java:1104) ~[ozone-manager-1.4.0-SNAPSHOT.jar:?]
	at org.apache.hadoop.ozone.om.OmMetadataReader.getFileStatus(OmMetadataReader.java:286) ~[ozone-manager-1.4.0-SNAPSHOT.jar:?]
	at org.apache.hadoop.ozone.om.OzoneManager.getFileStatus(OzoneManager.java:3499) ~[ozone-manager-1.4.0-SNAPSHOT.jar:?]
	at org.apache.hadoop.ozone.protocolPB.OzoneManagerRequestHandler.getOzoneFileStatus(OzoneManagerRequestHandler.java:950) ~[ozone-manager-1.4.0-SNAPSHOT.jar:?]
	at org.apache.hadoop.ozone.protocolPB.OzoneManagerRequestHandler.handleReadRequest(OzoneManagerRequestHandler.java:245) ~[ozone-manager-1.4.0-SNAPSHOT.jar:?]
	at org.apache.hadoop.ozone.protocolPB.OzoneManagerProtocolServerSideTranslatorPB.submitRequestDirectlyToOM(OzoneManagerProtocolServerSideTranslatorPB.java:272) ~[ozone-manager-1.4.0-SNAPSHOT.jar:?]
	at org.apache.hadoop.ozone.protocolPB.OzoneManagerProtocolServerSideTranslatorPB.processRequest(OzoneManagerProtocolServerSideTranslatorPB.java:173) ~[ozone-manager-1.4.0-SNAPSHOT.jar:?]
	at org.apache.hadoop.hdds.server.OzoneProtocolMessageDispatcher.processRequest(OzoneProtocolMessageDispatcher.java:87) [hdds-server-framework-1.4.0-SNAPSHOT.jar:?]
	at org.apache.hadoop.ozone.protocolPB.OzoneManagerProtocolServerSideTranslatorPB.submitRequest(OzoneManagerProtocolServerSideTranslatorPB.java:147) [ozone-manager-1.4.0-SNAPSHOT.jar:?]
	at org.apache.hadoop.ozone.protocol.proto.OzoneManagerProtocolProtos$OzoneManagerService$2.callBlockingMethod(OzoneManagerProtocolProtos.java) [ozone-interface-client-1.4.0-SNAPSHOT.jar:?]
	at org.apache.hadoop.ipc.ProtobufRpcEngine$Server.processCall(ProtobufRpcEngine.java:484) [hadoop-common-3.3.5.jar:?]
	at org.apache.hadoop.ipc.ProtobufRpcEngine2$Server$ProtoBufRpcInvoker.call(ProtobufRpcEngine2.java:595) [hadoop-common-3.3.5.jar:?]
	at org.apache.hadoop.ipc.ProtobufRpcEngine2$Server$ProtoBufRpcInvoker.call(ProtobufRpcEngine2.java:573) [hadoop-common-3.3.5.jar:?]
	at org.apache.hadoop.ipc.RPC$Server.call(RPC.java:1213) [hadoop-common-3.3.5.jar:?]
	at org.apache.hadoop.ipc.Server$RpcCall.run(Server.java:1089) [hadoop-common-3.3.5.jar:?]
	at org.apache.hadoop.ipc.Server$RpcCall.run(Server.java:1012) [hadoop-common-3.3.5.jar:?]
	at java.security.AccessController.doPrivileged(Native Method) ~[?:1.8.0_372]
	at javax.security.auth.Subject.doAs(Subject.java:422) [?:1.8.0_372]
	at org.apache.hadoop.security.UserGroupInformation.doAs(UserGroupInformation.java:1899) [hadoop-common-3.3.5.jar:?]
	at org.apache.hadoop.ipc.Server$Handler.run(Server.java:3026) [hadoop-common-3.3.5.jar:?]
21:37:19.334 [IPC Server handler 14 on default port 15057] ERROR OMAudit - user=runner | ip=127.0.0.1 | op=GET_FILE_STATUS {volume=volume44500, bucket=bucket49274, key=.Trash, dataSize=0, replicationConfig=null} | ret=FAILURE
org.apache.hadoop.ozone.om.exceptions.OMException: Unable to get file status: volume: volume44500 bucket: bucket49274 key: .Trash
	at org.apache.hadoop.ozone.om.KeyManagerImpl.getOzoneFileStatusFSO(KeyManagerImpl.java:1311) ~[ozone-manager-1.4.0-SNAPSHOT.jar:?]
	at org.apache.hadoop.ozone.om.KeyManagerImpl.getFileStatus(KeyManagerImpl.java:1102) ~[ozone-manager-1.4.0-SNAPSHOT.jar:?]
	at org.apache.hadoop.ozone.om.OmMetadataReader.getFileStatus(OmMetadataReader.java:286) ~[ozone-manager-1.4.0-SNAPSHOT.jar:?]
	at org.apache.hadoop.ozone.om.OzoneManager.getFileStatus(OzoneManager.java:3499) ~[ozone-manager-1.4.0-SNAPSHOT.jar:?]
	at org.apache.hadoop.ozone.protocolPB.OzoneManagerRequestHandler.getOzoneFileStatus(OzoneManagerRequestHandler.java:950) ~[ozone-manager-1.4.0-SNAPSHOT.jar:?]
	at org.apache.hadoop.ozone.protocolPB.OzoneManagerRequestHandler.handleReadRequest(OzoneManagerRequestHandler.java:245) ~[ozone-manager-1.4.0-SNAPSHOT.jar:?]
	at org.apache.hadoop.ozone.protocolPB.OzoneManagerProtocolServerSideTranslatorPB.submitRequestDirectlyToOM(OzoneManagerProtocolServerSideTranslatorPB.java:272) ~[ozone-manager-1.4.0-SNAPSHOT.jar:?]
	at org.apache.hadoop.ozone.protocolPB.OzoneManagerProtocolServerSideTranslatorPB.processRequest(OzoneManagerProtocolServerSideTranslatorPB.java:173) ~[ozone-manager-1.4.0-SNAPSHOT.jar:?]
	at org.apache.hadoop.hdds.server.OzoneProtocolMessageDispatcher.processRequest(OzoneProtocolMessageDispatcher.java:87) [hdds-server-framework-1.4.0-SNAPSHOT.jar:?]
	at org.apache.hadoop.ozone.protocolPB.OzoneManagerProtocolServerSideTranslatorPB.submitRequest(OzoneManagerProtocolServerSideTranslatorPB.java:147) [ozone-manager-1.4.0-SNAPSHOT.jar:?]
	at org.apache.hadoop.ozone.protocol.proto.OzoneManagerProtocolProtos$OzoneManagerService$2.callBlockingMethod(OzoneManagerProtocolProtos.java) [ozone-interface-client-1.4.0-SNAPSHOT.jar:?]
	at org.apache.hadoop.ipc.ProtobufRpcEngine$Server.processCall(ProtobufRpcEngine.java:484) [hadoop-common-3.3.5.jar:?]
	at org.apache.hadoop.ipc.ProtobufRpcEngine2$Server$ProtoBufRpcInvoker.call(ProtobufRpcEngine2.java:595) [hadoop-common-3.3.5.jar:?]
	at org.apache.hadoop.ipc.ProtobufRpcEngine2$Server$ProtoBufRpcInvoker.call(ProtobufRpcEngine2.java:573) [hadoop-common-3.3.5.jar:?]
	at org.apache.hadoop.ipc.RPC$Server.call(RPC.java:1213) [hadoop-common-3.3.5.jar:?]
	at org.apache.hadoop.ipc.Server$RpcCall.run(Server.java:1089) [hadoop-common-3.3.5.jar:?]
	at org.apache.hadoop.ipc.Server$RpcCall.run(Server.java:1012) [hadoop-common-3.3.5.jar:?]
	at java.security.AccessController.doPrivileged(Native Method) ~[?:1.8.0_372]
	at javax.security.auth.Subject.doAs(Subject.java:422) [?:1.8.0_372]
	at org.apache.hadoop.security.UserGroupInformation.doAs(UserGroupInformation.java:1899) [hadoop-common-3.3.5.jar:?]
	at org.apache.hadoop.ipc.Server$Handler.run(Server.java:3026) [hadoop-common-3.3.5.jar:?]
21:37:19.336 [IPC Server handler 18 on default port 15057] ERROR OMAudit - user=runner | ip=127.0.0.1 | op=GET_FILE_STATUS {volume=volume48889, bucket=bucket75164, key=.Trash, dataSize=0, replicationConfig=null} | ret=FAILURE
org.apache.hadoop.ozone.om.exceptions.OMException: Unable to get file status: volume: volume48889 bucket: bucket75164 key: .Trash
	at org.apache.hadoop.ozone.om.KeyManagerImpl.getOzoneFileStatusFSO(KeyManagerImpl.java:1311) ~[ozone-manager-1.4.0-SNAPSHOT.jar:?]
	at org.apache.hadoop.ozone.om.KeyManagerImpl.getFileStatus(KeyManagerImpl.java:1102) ~[ozone-manager-1.4.0-SNAPSHOT.jar:?]
	at org.apache.hadoop.ozone.om.OmMetadataReader.getFileStatus(OmMetadataReader.java:286) ~[ozone-manager-1.4.0-SNAPSHOT.jar:?]
	at org.apache.hadoop.ozone.om.OzoneManager.getFileStatus(OzoneManager.java:3499) ~[ozone-manager-1.4.0-SNAPSHOT.jar:?]
	at org.apache.hadoop.ozone.protocolPB.OzoneManagerRequestHandler.getOzoneFileStatus(OzoneManagerRequestHandler.java:950) ~[ozone-manager-1.4.0-SNAPSHOT.jar:?]
	at org.apache.hadoop.ozone.protocolPB.OzoneManagerRequestHandler.handleReadRequest(OzoneManagerRequestHandler.java:245) ~[ozone-manager-1.4.0-SNAPSHOT.jar:?]
	at org.apache.hadoop.ozone.protocolPB.OzoneManagerProtocolServerSideTranslatorPB.submitRequestDirectlyToOM(OzoneManagerProtocolServerSideTranslatorPB.java:272) ~[ozone-manager-1.4.0-SNAPSHOT.jar:?]
	at org.apache.hadoop.ozone.protocolPB.OzoneManagerProtocolServerSideTranslatorPB.processRequest(OzoneManagerProtocolServerSideTranslatorPB.java:173) ~[ozone-manager-1.4.0-SNAPSHOT.jar:?]
	at org.apache.hadoop.hdds.server.OzoneProtocolMessageDispatcher.processRequest(OzoneProtocolMessageDispatcher.java:87) [hdds-server-framework-1.4.0-SNAPSHOT.jar:?]
	at org.apache.hadoop.ozone.protocolPB.OzoneManagerProtocolServerSideTranslatorPB.submitRequest(OzoneManagerProtocolServerSideTranslatorPB.java:147) [ozone-manager-1.4.0-SNAPSHOT.jar:?]
	at org.apache.hadoop.ozone.protocol.proto.OzoneManagerProtocolProtos$OzoneManagerService$2.callBlockingMethod(OzoneManagerProtocolProtos.java) [ozone-interface-client-1.4.0-SNAPSHOT.jar:?]
	at org.apache.hadoop.ipc.ProtobufRpcEngine$Server.processCall(ProtobufRpcEngine.java:484) [hadoop-common-3.3.5.jar:?]
	at org.apache.hadoop.ipc.ProtobufRpcEngine2$Server$ProtoBufRpcInvoker.call(ProtobufRpcEngine2.java:595) [hadoop-common-3.3.5.jar:?]
	at org.apache.hadoop.ipc.ProtobufRpcEngine2$Server$ProtoBufRpcInvoker.call(ProtobufRpcEngine2.java:573) [hadoop-common-3.3.5.jar:?]
	at org.apache.hadoop.ipc.RPC$Server.call(RPC.java:1213) [hadoop-common-3.3.5.jar:?]
	at org.apache.hadoop.ipc.Server$RpcCall.run(Server.java:1089) [hadoop-common-3.3.5.jar:?]
	at org.apache.hadoop.ipc.Server$RpcCall.run(Server.java:1012) [hadoop-common-3.3.5.jar:?]
	at java.security.AccessController.doPrivileged(Native Method) ~[?:1.8.0_372]
	at javax.security.auth.Subject.doAs(Subject.java:422) [?:1.8.0_372]
	at org.apache.hadoop.security.UserGroupInformation.doAs(UserGroupInformation.java:1899) [hadoop-common-3.3.5.jar:?]
	at org.apache.hadoop.ipc.Server$Handler.run(Server.java:3026) [hadoop-common-3.3.5.jar:?]
21:37:19.348 [IPC Server handler 19 on default port 15057] ERROR OMAudit - user=runner | ip=127.0.0.1 | op=GET_FILE_STATUS {volume=e07bf019-e56e-407d-94df-7618b19160dc, bucket=a2854073-ca70-4288-85d2-0c210b372e5b, key=.Trash, dataSize=0, replicationConfig=null} | ret=FAILURE
org.apache.hadoop.ozone.om.exceptions.OMException: Unable to get file status: volume: e07bf019-e56e-407d-94df-7618b19160dc bucket: a2854073-ca70-4288-85d2-0c210b372e5b key: .Trash
	at org.apache.hadoop.ozone.om.KeyManagerImpl.getOzoneFileStatus(KeyManagerImpl.java:1186) ~[ozone-manager-1.4.0-SNAPSHOT.jar:?]
	at org.apache.hadoop.ozone.om.KeyManagerImpl.getFileStatus(KeyManagerImpl.java:1104) ~[ozone-manager-1.4.0-SNAPSHOT.jar:?]
	at org.apache.hadoop.ozone.om.OmMetadataReader.getFileStatus(OmMetadataReader.java:286) ~[ozone-manager-1.4.0-SNAPSHOT.jar:?]
	at org.apache.hadoop.ozone.om.OzoneManager.getFileStatus(OzoneManager.java:3499) ~[ozone-manager-1.4.0-SNAPSHOT.jar:?]
	at org.apache.hadoop.ozone.protocolPB.OzoneManagerRequestHandler.getOzoneFileStatus(OzoneManagerRequestHandler.java:950) ~[ozone-manager-1.4.0-SNAPSHOT.jar:?]
	at org.apache.hadoop.ozone.protocolPB.OzoneManagerRequestHandler.handleReadRequest(OzoneManagerRequestHandler.java:245) ~[ozone-manager-1.4.0-SNAPSHOT.jar:?]
	at org.apache.hadoop.ozone.protocolPB.OzoneManagerProtocolServerSideTranslatorPB.submitRequestDirectlyToOM(OzoneManagerProtocolServerSideTranslatorPB.java:272) ~[ozone-manager-1.4.0-SNAPSHOT.jar:?]
	at org.apache.hadoop.ozone.protocolPB.OzoneManagerProtocolServerSideTranslatorPB.processRequest(OzoneManagerProtocolServerSideTranslatorPB.java:173) ~[ozone-manager-1.4.0-SNAPSHOT.jar:?]
	at org.apache.hadoop.hdds.server.OzoneProtocolMessageDispatcher.processRequest(OzoneProtocolMessageDispatcher.java:87) [hdds-server-framework-1.4.0-SNAPSHOT.jar:?]
	at org.apache.hadoop.ozone.protocolPB.OzoneManagerProtocolServerSideTranslatorPB.submitRequest(OzoneManagerProtocolServerSideTranslatorPB.java:147) [ozone-manager-1.4.0-SNAPSHOT.jar:?]
	at org.apache.hadoop.ozone.protocol.proto.OzoneManagerProtocolProtos$OzoneManagerService$2.callBlockingMethod(OzoneManagerProtocolProtos.java) [ozone-interface-client-1.4.0-SNAPSHOT.jar:?]
	at org.apache.hadoop.ipc.ProtobufRpcEngine$Server.processCall(ProtobufRpcEngine.java:484) [hadoop-common-3.3.5.jar:?]
	at org.apache.hadoop.ipc.ProtobufRpcEngine2$Server$ProtoBufRpcInvoker.call(ProtobufRpcEngine2.java:595) [hadoop-common-3.3.5.jar:?]
	at org.apache.hadoop.ipc.ProtobufRpcEngine2$Server$ProtoBufRpcInvoker.call(ProtobufRpcEngine2.java:573) [hadoop-common-3.3.5.jar:?]
	at org.apache.hadoop.ipc.RPC$Server.call(RPC.java:1213) [hadoop-common-3.3.5.jar:?]
	at org.apache.hadoop.ipc.Server$RpcCall.run(Server.java:1089) [hadoop-common-3.3.5.jar:?]
	at org.apache.hadoop.ipc.Server$RpcCall.run(Server.java:1012) [hadoop-common-3.3.5.jar:?]
	at java.security.AccessController.doPrivileged(Native Method) ~[?:1.8.0_372]
	at javax.security.auth.Subject.doAs(Subject.java:422) [?:1.8.0_372]
	at org.apache.hadoop.security.UserGroupInformation.doAs(UserGroupInformation.java:1899) [hadoop-common-3.3.5.jar:?]
	at org.apache.hadoop.ipc.Server$Handler.run(Server.java:3026) [hadoop-common-3.3.5.jar:?]
21:37:19.355 [IPC Server handler 1 on default port 15057] ERROR OMAudit - user=runner | ip=127.0.0.1 | op=GET_FILE_STATUS {volume=volume48889, bucket=bucket75164, key=.Trash, dataSize=0, replicationConfig=null} | ret=FAILURE
org.apache.hadoop.ozone.om.exceptions.OMException: Unable to get file status: volume: volume48889 bucket: bucket75164 key: .Trash
	at org.apache.hadoop.ozone.om.KeyManagerImpl.getOzoneFileStatusFSO(KeyManagerImpl.java:1311) ~[ozone-manager-1.4.0-SNAPSHOT.jar:?]
	at org.apache.hadoop.ozone.om.KeyManagerImpl.getFileStatus(KeyManagerImpl.java:1102) ~[ozone-manager-1.4.0-SNAPSHOT.jar:?]
	at org.apache.hadoop.ozone.om.OmMetadataReader.getFileStatus(OmMetadataReader.java:286) ~[ozone-manager-1.4.0-SNAPSHOT.jar:?]
	at org.apache.hadoop.ozone.om.OzoneManager.getFileStatus(OzoneManager.java:3499) ~[ozone-manager-1.4.0-SNAPSHOT.jar:?]
	at org.apache.hadoop.ozone.protocolPB.OzoneManagerRequestHandler.getOzoneFileStatus(OzoneManagerRequestHandler.java:950) ~[ozone-manager-1.4.0-SNAPSHOT.jar:?]
	at org.apache.hadoop.ozone.protocolPB.OzoneManagerRequestHandler.handleReadRequest(OzoneManagerRequestHandler.java:245) ~[ozone-manager-1.4.0-SNAPSHOT.jar:?]
	at org.apache.hadoop.ozone.protocolPB.OzoneManagerProtocolServerSideTranslatorPB.submitRequestDirectlyToOM(OzoneManagerProtocolServerSideTranslatorPB.java:272) ~[ozone-manager-1.4.0-SNAPSHOT.jar:?]
	at org.apache.hadoop.ozone.protocolPB.OzoneManagerProtocolServerSideTranslatorPB.processRequest(OzoneManagerProtocolServerSideTranslatorPB.java:173) ~[ozone-manager-1.4.0-SNAPSHOT.jar:?]
	at org.apache.hadoop.hdds.server.OzoneProtocolMessageDispatcher.processRequest(OzoneProtocolMessageDispatcher.java:87) [hdds-server-framework-1.4.0-SNAPSHOT.jar:?]
	at org.apache.hadoop.ozone.protocolPB.OzoneManagerProtocolServerSideTranslatorPB.submitRequest(OzoneManagerProtocolServerSideTranslatorPB.java:147) [ozone-manager-1.4.0-SNAPSHOT.jar:?]
	at org.apache.hadoop.ozone.protocol.proto.OzoneManagerProtocolProtos$OzoneManagerService$2.callBlockingMethod(OzoneManagerProtocolProtos.java) [ozone-interface-client-1.4.0-SNAPSHOT.jar:?]
	at org.apache.hadoop.ipc.ProtobufRpcEngine$Server.processCall(ProtobufRpcEngine.java:484) [hadoop-common-3.3.5.jar:?]
	at org.apache.hadoop.ipc.ProtobufRpcEngine2$Server$ProtoBufRpcInvoker.call(ProtobufRpcEngine2.java:595) [hadoop-common-3.3.5.jar:?]
	at org.apache.hadoop.ipc.ProtobufRpcEngine2$Server$ProtoBufRpcInvoker.call(ProtobufRpcEngine2.java:573) [hadoop-common-3.3.5.jar:?]
	at org.apache.hadoop.ipc.RPC$Server.call(RPC.java:1213) [hadoop-common-3.3.5.jar:?]
	at org.apache.hadoop.ipc.Server$RpcCall.run(Server.java:1089) [hadoop-common-3.3.5.jar:?]
	at org.apache.hadoop.ipc.Server$RpcCall.run(Server.java:1012) [hadoop-common-3.3.5.jar:?]
	at java.security.AccessController.doPrivileged(Native Method) ~[?:1.8.0_372]
	at javax.security.auth.Subject.doAs(Subject.java:422) [?:1.8.0_372]
	at org.apache.hadoop.security.UserGroupInformation.doAs(UserGroupInformation.java:1899) [hadoop-common-3.3.5.jar:?]
	at org.apache.hadoop.ipc.Server$Handler.run(Server.java:3026) [hadoop-common-3.3.5.jar:?]
21:37:19.366 [IPC Server handler 10 on default port 15057] ERROR OMAudit - user=runner | ip=127.0.0.1 | op=GET_FILE_STATUS {volume=e07bf019-e56e-407d-94df-7618b19160dc, bucket=a2854073-ca70-4288-85d2-0c210b372e5b, key=.Trash, dataSize=0, replicationConfig=null} | ret=FAILURE
org.apache.hadoop.ozone.om.exceptions.OMException: Unable to get file status: volume: e07bf019-e56e-407d-94df-7618b19160dc bucket: a2854073-ca70-4288-85d2-0c210b372e5b key: .Trash
	at org.apache.hadoop.ozone.om.KeyManagerImpl.getOzoneFileStatus(KeyManagerImpl.java:1186) ~[ozone-manager-1.4.0-SNAPSHOT.jar:?]
	at org.apache.hadoop.ozone.om.KeyManagerImpl.getFileStatus(KeyManagerImpl.java:1104) ~[ozone-manager-1.4.0-SNAPSHOT.jar:?]
	at org.apache.hadoop.ozone.om.OmMetadataReader.getFileStatus(OmMetadataReader.java:286) ~[ozone-manager-1.4.0-SNAPSHOT.jar:?]
	at org.apache.hadoop.ozone.om.OzoneManager.getFileStatus(OzoneManager.java:3499) ~[ozone-manager-1.4.0-SNAPSHOT.jar:?]
	at org.apache.hadoop.ozone.protocolPB.OzoneManagerRequestHandler.getOzoneFileStatus(OzoneManagerRequestHandler.java:950) ~[ozone-manager-1.4.0-SNAPSHOT.jar:?]
	at org.apache.hadoop.ozone.protocolPB.OzoneManagerRequestHandler.handleReadRequest(OzoneManagerRequestHandler.java:245) ~[ozone-manager-1.4.0-SNAPSHOT.jar:?]
	at org.apache.hadoop.ozone.protocolPB.OzoneManagerProtocolServerSideTranslatorPB.submitRequestDirectlyToOM(OzoneManagerProtocolServerSideTranslatorPB.java:272) ~[ozone-manager-1.4.0-SNAPSHOT.jar:?]
	at org.apache.hadoop.ozone.protocolPB.OzoneManagerProtocolServerSideTranslatorPB.processRequest(OzoneManagerProtocolServerSideTranslatorPB.java:173) ~[ozone-manager-1.4.0-SNAPSHOT.jar:?]
	at org.apache.hadoop.hdds.server.OzoneProtocolMessageDispatcher.processRequest(OzoneProtocolMessageDispatcher.java:87) [hdds-server-framework-1.4.0-SNAPSHOT.jar:?]
	at org.apache.hadoop.ozone.protocolPB.OzoneManagerProtocolServerSideTranslatorPB.submitRequest(OzoneManagerProtocolServerSideTranslatorPB.java:147) [ozone-manager-1.4.0-SNAPSHOT.jar:?]
	at org.apache.hadoop.ozone.protocol.proto.OzoneManagerProtocolProtos$OzoneManagerService$2.callBlockingMethod(OzoneManagerProtocolProtos.java) [ozone-interface-client-1.4.0-SNAPSHOT.jar:?]
	at org.apache.hadoop.ipc.ProtobufRpcEngine$Server.processCall(ProtobufRpcEngine.java:484) [hadoop-common-3.3.5.jar:?]
	at org.apache.hadoop.ipc.ProtobufRpcEngine2$Server$ProtoBufRpcInvoker.call(ProtobufRpcEngine2.java:595) [hadoop-common-3.3.5.jar:?]
	at org.apache.hadoop.ipc.ProtobufRpcEngine2$Server$ProtoBufRpcInvoker.call(ProtobufRpcEngine2.java:573) [hadoop-common-3.3.5.jar:?]
	at org.apache.hadoop.ipc.RPC$Server.call(RPC.java:1213) [hadoop-common-3.3.5.jar:?]
	at org.apache.hadoop.ipc.Server$RpcCall.run(Server.java:1089) [hadoop-common-3.3.5.jar:?]
	at org.apache.hadoop.ipc.Server$RpcCall.run(Server.java:1012) [hadoop-common-3.3.5.jar:?]
	at java.security.AccessController.doPrivileged(Native Method) ~[?:1.8.0_372]
	at javax.security.auth.Subject.doAs(Subject.java:422) [?:1.8.0_372]
	at org.apache.hadoop.security.UserGroupInformation.doAs(UserGroupInformation.java:1899) [hadoop-common-3.3.5.jar:?]
	at org.apache.hadoop.ipc.Server$Handler.run(Server.java:3026) [hadoop-common-3.3.5.jar:?]
21:37:19.381 [IPC Server handler 9 on default port 15057] ERROR OMAudit - user=runner | ip=127.0.0.1 | op=GET_FILE_STATUS {volume=volume48889, bucket=bucket75164, key=.Trash, dataSize=0, replicationConfig=null} | ret=FAILURE
org.apache.hadoop.ozone.om.exceptions.OMException: Unable to get file status: volume: volume48889 bucket: bucket75164 key: .Trash
	at org.apache.hadoop.ozone.om.KeyManagerImpl.getOzoneFileStatusFSO(KeyManagerImpl.java:1311) ~[ozone-manager-1.4.0-SNAPSHOT.jar:?]
	at org.apache.hadoop.ozone.om.KeyManagerImpl.getFileStatus(KeyManagerImpl.java:1102) ~[ozone-manager-1.4.0-SNAPSHOT.jar:?]
	at org.apache.hadoop.ozone.om.OmMetadataReader.getFileStatus(OmMetadataReader.java:286) ~[ozone-manager-1.4.0-SNAPSHOT.jar:?]
	at org.apache.hadoop.ozone.om.OzoneManager.getFileStatus(OzoneManager.java:3499) ~[ozone-manager-1.4.0-SNAPSHOT.jar:?]
	at org.apache.hadoop.ozone.protocolPB.OzoneManagerRequestHandler.getOzoneFileStatus(OzoneManagerRequestHandler.java:950) ~[ozone-manager-1.4.0-SNAPSHOT.jar:?]
	at org.apache.hadoop.ozone.protocolPB.OzoneManagerRequestHandler.handleReadRequest(OzoneManagerRequestHandler.java:245) ~[ozone-manager-1.4.0-SNAPSHOT.jar:?]
	at org.apache.hadoop.ozone.protocolPB.OzoneManagerProtocolServerSideTranslatorPB.submitRequestDirectlyToOM(OzoneManagerProtocolServerSideTranslatorPB.java:272) ~[ozone-manager-1.4.0-SNAPSHOT.jar:?]
	at org.apache.hadoop.ozone.protocolPB.OzoneManagerProtocolServerSideTranslatorPB.processRequest(OzoneManagerProtocolServerSideTranslatorPB.java:173) ~[ozone-manager-1.4.0-SNAPSHOT.jar:?]
	at org.apache.hadoop.hdds.server.OzoneProtocolMessageDispatcher.processRequest(OzoneProtocolMessageDispatcher.java:87) [hdds-server-framework-1.4.0-SNAPSHOT.jar:?]
	at org.apache.hadoop.ozone.protocolPB.OzoneManagerProtocolServerSideTranslatorPB.submitRequest(OzoneManagerProtocolServerSideTranslatorPB.java:147) [ozone-manager-1.4.0-SNAPSHOT.jar:?]
	at org.apache.hadoop.ozone.protocol.proto.OzoneManagerProtocolProtos$OzoneManagerService$2.callBlockingMethod(OzoneManagerProtocolProtos.java) [ozone-interface-client-1.4.0-SNAPSHOT.jar:?]
	at org.apache.hadoop.ipc.ProtobufRpcEngine$Server.processCall(ProtobufRpcEngine.java:484) [hadoop-common-3.3.5.jar:?]
	at org.apache.hadoop.ipc.ProtobufRpcEngine2$Server$ProtoBufRpcInvoker.call(ProtobufRpcEngine2.java:595) [hadoop-common-3.3.5.jar:?]
	at org.apache.hadoop.ipc.ProtobufRpcEngine2$Server$ProtoBufRpcInvoker.call(ProtobufRpcEngine2.java:573) [hadoop-common-3.3.5.jar:?]
	at org.apache.hadoop.ipc.RPC$Server.call(RPC.java:1213) [hadoop-common-3.3.5.jar:?]
	at org.apache.hadoop.ipc.Server$RpcCall.run(Server.java:1089) [hadoop-common-3.3.5.jar:?]
	at org.apache.hadoop.ipc.Server$RpcCall.run(Server.java:1012) [hadoop-common-3.3.5.jar:?]
	at java.security.AccessController.doPrivileged(Native Method) ~[?:1.8.0_372]
	at javax.security.auth.Subject.doAs(Subject.java:422) [?:1.8.0_372]
	at org.apache.hadoop.security.UserGroupInformation.doAs(UserGroupInformation.java:1899) [hadoop-common-3.3.5.jar:?]
	at org.apache.hadoop.ipc.Server$Handler.run(Server.java:3026) [hadoop-common-3.3.5.jar:?]
2023-06-22 21:37:19,382 [Time-limited test] INFO  rpc.RpcClient (RpcClient.java:createBucket(686)) - Creating Bucket: volume44500/trashroottest2, with bucket layout FILE_SYSTEM_OPTIMIZED, runner as owner, Versioning false, Storage Type set to DISK and Encryption set to false, Replication Type set to server-side default replication type, Namespace Quota set to -1, Space Quota set to -1 
2023-06-22 21:37:19,384 [IPC Server handler 12 on default port 15057] INFO  bucket.OMBucketCreateRequest (OMBucketCreateRequest.java:validateAndUpdateCache(270)) - created bucket: trashroottest2 of layout FILE_SYSTEM_OPTIMIZED in volume: volume44500
21:37:19.475 [IPC Server handler 10 on default port 15057] ERROR OMAudit - user=runner | ip=127.0.0.1 | op=GET_FILE_STATUS {volume=e07bf019-e56e-407d-94df-7618b19160dc, bucket=a2854073-ca70-4288-85d2-0c210b372e5b, key=.Trash, dataSize=0, replicationConfig=null} | ret=FAILURE
org.apache.hadoop.ozone.om.exceptions.OMException: Unable to get file status: volume: e07bf019-e56e-407d-94df-7618b19160dc bucket: a2854073-ca70-4288-85d2-0c210b372e5b key: .Trash
	at org.apache.hadoop.ozone.om.KeyManagerImpl.getOzoneFileStatus(KeyManagerImpl.java:1186) ~[ozone-manager-1.4.0-SNAPSHOT.jar:?]
	at org.apache.hadoop.ozone.om.KeyManagerImpl.getFileStatus(KeyManagerImpl.java:1104) ~[ozone-manager-1.4.0-SNAPSHOT.jar:?]
	at org.apache.hadoop.ozone.om.OmMetadataReader.getFileStatus(OmMetadataReader.java:286) ~[ozone-manager-1.4.0-SNAPSHOT.jar:?]
	at org.apache.hadoop.ozone.om.OzoneManager.getFileStatus(OzoneManager.java:3499) ~[ozone-manager-1.4.0-SNAPSHOT.jar:?]
	at org.apache.hadoop.ozone.protocolPB.OzoneManagerRequestHandler.getOzoneFileStatus(OzoneManagerRequestHandler.java:950) ~[ozone-manager-1.4.0-SNAPSHOT.jar:?]
	at org.apache.hadoop.ozone.protocolPB.OzoneManagerRequestHandler.handleReadRequest(OzoneManagerRequestHandler.java:245) ~[ozone-manager-1.4.0-SNAPSHOT.jar:?]
	at org.apache.hadoop.ozone.protocolPB.OzoneManagerProtocolServerSideTranslatorPB.submitRequestDirectlyToOM(OzoneManagerProtocolServerSideTranslatorPB.java:272) ~[ozone-manager-1.4.0-SNAPSHOT.jar:?]
	at org.apache.hadoop.ozone.protocolPB.OzoneManagerProtocolServerSideTranslatorPB.processRequest(OzoneManagerProtocolServerSideTranslatorPB.java:173) ~[ozone-manager-1.4.0-SNAPSHOT.jar:?]
	at org.apache.hadoop.hdds.server.OzoneProtocolMessageDispatcher.processRequest(OzoneProtocolMessageDispatcher.java:87) [hdds-server-framework-1.4.0-SNAPSHOT.jar:?]
	at org.apache.hadoop.ozone.protocolPB.OzoneManagerProtocolServerSideTranslatorPB.submitRequest(OzoneManagerProtocolServerSideTranslatorPB.java:147) [ozone-manager-1.4.0-SNAPSHOT.jar:?]
	at org.apache.hadoop.ozone.protocol.proto.OzoneManagerProtocolProtos$OzoneManagerService$2.callBlockingMethod(OzoneManagerProtocolProtos.java) [ozone-interface-client-1.4.0-SNAPSHOT.jar:?]
	at org.apache.hadoop.ipc.ProtobufRpcEngine$Server.processCall(ProtobufRpcEngine.java:484) [hadoop-common-3.3.5.jar:?]
	at org.apache.hadoop.ipc.ProtobufRpcEngine2$Server$ProtoBufRpcInvoker.call(ProtobufRpcEngine2.java:595) [hadoop-common-3.3.5.jar:?]
	at org.apache.hadoop.ipc.ProtobufRpcEngine2$Server$ProtoBufRpcInvoker.call(ProtobufRpcEngine2.java:573) [hadoop-common-3.3.5.jar:?]
	at org.apache.hadoop.ipc.RPC$Server.call(RPC.java:1213) [hadoop-common-3.3.5.jar:?]
	at org.apache.hadoop.ipc.Server$RpcCall.run(Server.java:1089) [hadoop-common-3.3.5.jar:?]
	at org.apache.hadoop.ipc.Server$RpcCall.run(Server.java:1012) [hadoop-common-3.3.5.jar:?]
	at java.security.AccessController.doPrivileged(Native Method) ~[?:1.8.0_372]
	at javax.security.auth.Subject.doAs(Subject.java:422) [?:1.8.0_372]
	at org.apache.hadoop.security.UserGroupInformation.doAs(UserGroupInformation.java:1899) [hadoop-common-3.3.5.jar:?]
	at org.apache.hadoop.ipc.Server$Handler.run(Server.java:3026) [hadoop-common-3.3.5.jar:?]
21:37:19.490 [IPC Server handler 1 on default port 15057] ERROR OMAudit - user=runner | ip=127.0.0.1 | op=GET_FILE_STATUS {volume=volume48889, bucket=bucket75164, key=.Trash, dataSize=0, replicationConfig=null} | ret=FAILURE
org.apache.hadoop.ozone.om.exceptions.OMException: Unable to get file status: volume: volume48889 bucket: bucket75164 key: .Trash
	at org.apache.hadoop.ozone.om.KeyManagerImpl.getOzoneFileStatusFSO(KeyManagerImpl.java:1311) ~[ozone-manager-1.4.0-SNAPSHOT.jar:?]
	at org.apache.hadoop.ozone.om.KeyManagerImpl.getFileStatus(KeyManagerImpl.java:1102) ~[ozone-manager-1.4.0-SNAPSHOT.jar:?]
	at org.apache.hadoop.ozone.om.OmMetadataReader.getFileStatus(OmMetadataReader.java:286) ~[ozone-manager-1.4.0-SNAPSHOT.jar:?]
	at org.apache.hadoop.ozone.om.OzoneManager.getFileStatus(OzoneManager.java:3499) ~[ozone-manager-1.4.0-SNAPSHOT.jar:?]
	at org.apache.hadoop.ozone.protocolPB.OzoneManagerRequestHandler.getOzoneFileStatus(OzoneManagerRequestHandler.java:950) ~[ozone-manager-1.4.0-SNAPSHOT.jar:?]
	at org.apache.hadoop.ozone.protocolPB.OzoneManagerRequestHandler.handleReadRequest(OzoneManagerRequestHandler.java:245) ~[ozone-manager-1.4.0-SNAPSHOT.jar:?]
	at org.apache.hadoop.ozone.protocolPB.OzoneManagerProtocolServerSideTranslatorPB.submitRequestDirectlyToOM(OzoneManagerProtocolServerSideTranslatorPB.java:272) ~[ozone-manager-1.4.0-SNAPSHOT.jar:?]
	at org.apache.hadoop.ozone.protocolPB.OzoneManagerProtocolServerSideTranslatorPB.processRequest(OzoneManagerProtocolServerSideTranslatorPB.java:173) ~[ozone-manager-1.4.0-SNAPSHOT.jar:?]
	at org.apache.hadoop.hdds.server.OzoneProtocolMessageDispatcher.processRequest(OzoneProtocolMessageDispatcher.java:87) [hdds-server-framework-1.4.0-SNAPSHOT.jar:?]
	at org.apache.hadoop.ozone.protocolPB.OzoneManagerProtocolServerSideTranslatorPB.submitRequest(OzoneManagerProtocolServerSideTranslatorPB.java:147) [ozone-manager-1.4.0-SNAPSHOT.jar:?]
	at org.apache.hadoop.ozone.protocol.proto.OzoneManagerProtocolProtos$OzoneManagerService$2.callBlockingMethod(OzoneManagerProtocolProtos.java) [ozone-interface-client-1.4.0-SNAPSHOT.jar:?]
	at org.apache.hadoop.ipc.ProtobufRpcEngine$Server.processCall(ProtobufRpcEngine.java:484) [hadoop-common-3.3.5.jar:?]
	at org.apache.hadoop.ipc.ProtobufRpcEngine2$Server$ProtoBufRpcInvoker.call(ProtobufRpcEngine2.java:595) [hadoop-common-3.3.5.jar:?]
	at org.apache.hadoop.ipc.ProtobufRpcEngine2$Server$ProtoBufRpcInvoker.call(ProtobufRpcEngine2.java:573) [hadoop-common-3.3.5.jar:?]
	at org.apache.hadoop.ipc.RPC$Server.call(RPC.java:1213) [hadoop-common-3.3.5.jar:?]
	at org.apache.hadoop.ipc.Server$RpcCall.run(Server.java:1089) [hadoop-common-3.3.5.jar:?]
	at org.apache.hadoop.ipc.Server$RpcCall.run(Server.java:1012) [hadoop-common-3.3.5.jar:?]
	at java.security.AccessController.doPrivileged(Native Method) ~[?:1.8.0_372]
	at javax.security.auth.Subject.doAs(Subject.java:422) [?:1.8.0_372]
	at org.apache.hadoop.security.UserGroupInformation.doAs(UserGroupInformation.java:1899) [hadoop-common-3.3.5.jar:?]
	at org.apache.hadoop.ipc.Server$Handler.run(Server.java:3026) [hadoop-common-3.3.5.jar:?]
21:37:19.513 [IPC Server handler 6 on default port 15057] ERROR OMAudit - user=runner | ip=127.0.0.1 | op=GET_FILE_STATUS {volume=e07bf019-e56e-407d-94df-7618b19160dc, bucket=a2854073-ca70-4288-85d2-0c210b372e5b, key=.Trash, dataSize=0, replicationConfig=null} | ret=FAILURE
org.apache.hadoop.ozone.om.exceptions.OMException: Unable to get file status: volume: e07bf019-e56e-407d-94df-7618b19160dc bucket: a2854073-ca70-4288-85d2-0c210b372e5b key: .Trash
	at org.apache.hadoop.ozone.om.KeyManagerImpl.getOzoneFileStatus(KeyManagerImpl.java:1186) ~[ozone-manager-1.4.0-SNAPSHOT.jar:?]
	at org.apache.hadoop.ozone.om.KeyManagerImpl.getFileStatus(KeyManagerImpl.java:1104) ~[ozone-manager-1.4.0-SNAPSHOT.jar:?]
	at org.apache.hadoop.ozone.om.OmMetadataReader.getFileStatus(OmMetadataReader.java:286) ~[ozone-manager-1.4.0-SNAPSHOT.jar:?]
	at org.apache.hadoop.ozone.om.OzoneManager.getFileStatus(OzoneManager.java:3499) ~[ozone-manager-1.4.0-SNAPSHOT.jar:?]
	at org.apache.hadoop.ozone.protocolPB.OzoneManagerRequestHandler.getOzoneFileStatus(OzoneManagerRequestHandler.java:950) ~[ozone-manager-1.4.0-SNAPSHOT.jar:?]
	at org.apache.hadoop.ozone.protocolPB.OzoneManagerRequestHandler.handleReadRequest(OzoneManagerRequestHandler.java:245) ~[ozone-manager-1.4.0-SNAPSHOT.jar:?]
	at org.apache.hadoop.ozone.protocolPB.OzoneManagerProtocolServerSideTranslatorPB.submitRequestDirectlyToOM(OzoneManagerProtocolServerSideTranslatorPB.java:272) ~[ozone-manager-1.4.0-SNAPSHOT.jar:?]
	at org.apache.hadoop.ozone.protocolPB.OzoneManagerProtocolServerSideTranslatorPB.processRequest(OzoneManagerProtocolServerSideTranslatorPB.java:173) ~[ozone-manager-1.4.0-SNAPSHOT.jar:?]
	at org.apache.hadoop.hdds.server.OzoneProtocolMessageDispatcher.processRequest(OzoneProtocolMessageDispatcher.java:87) [hdds-server-framework-1.4.0-SNAPSHOT.jar:?]
	at org.apache.hadoop.ozone.protocolPB.OzoneManagerProtocolServerSideTranslatorPB.submitRequest(OzoneManagerProtocolServerSideTranslatorPB.java:147) [ozone-manager-1.4.0-SNAPSHOT.jar:?]
	at org.apache.hadoop.ozone.protocol.proto.OzoneManagerProtocolProtos$OzoneManagerService$2.callBlockingMethod(OzoneManagerProtocolProtos.java) [ozone-interface-client-1.4.0-SNAPSHOT.jar:?]
	at org.apache.hadoop.ipc.ProtobufRpcEngine$Server.processCall(ProtobufRpcEngine.java:484) [hadoop-common-3.3.5.jar:?]
	at org.apache.hadoop.ipc.ProtobufRpcEngine2$Server$ProtoBufRpcInvoker.call(ProtobufRpcEngine2.java:595) [hadoop-common-3.3.5.jar:?]
	at org.apache.hadoop.ipc.ProtobufRpcEngine2$Server$ProtoBufRpcInvoker.call(ProtobufRpcEngine2.java:573) [hadoop-common-3.3.5.jar:?]
	at org.apache.hadoop.ipc.RPC$Server.call(RPC.java:1213) [hadoop-common-3.3.5.jar:?]
	at org.apache.hadoop.ipc.Server$RpcCall.run(Server.java:1089) [hadoop-common-3.3.5.jar:?]
	at org.apache.hadoop.ipc.Server$RpcCall.run(Server.java:1012) [hadoop-common-3.3.5.jar:?]
	at java.security.AccessController.doPrivileged(Native Method) ~[?:1.8.0_372]
	at javax.security.auth.Subject.doAs(Subject.java:422) [?:1.8.0_372]
	at org.apache.hadoop.security.UserGroupInformation.doAs(UserGroupInformation.java:1899) [hadoop-common-3.3.5.jar:?]
	at org.apache.hadoop.ipc.Server$Handler.run(Server.java:3026) [hadoop-common-3.3.5.jar:?]
21:37:19.524 [IPC Server handler 8 on default port 15057] ERROR OMAudit - user=runner | ip=127.0.0.1 | op=GET_FILE_STATUS {volume=volume48889, bucket=bucket75164, key=.Trash, dataSize=0, replicationConfig=null} | ret=FAILURE
org.apache.hadoop.ozone.om.exceptions.OMException: Unable to get file status: volume: volume48889 bucket: bucket75164 key: .Trash
	at org.apache.hadoop.ozone.om.KeyManagerImpl.getOzoneFileStatusFSO(KeyManagerImpl.java:1311) ~[ozone-manager-1.4.0-SNAPSHOT.jar:?]
	at org.apache.hadoop.ozone.om.KeyManagerImpl.getFileStatus(KeyManagerImpl.java:1102) ~[ozone-manager-1.4.0-SNAPSHOT.jar:?]
	at org.apache.hadoop.ozone.om.OmMetadataReader.getFileStatus(OmMetadataReader.java:286) ~[ozone-manager-1.4.0-SNAPSHOT.jar:?]
	at org.apache.hadoop.ozone.om.OzoneManager.getFileStatus(OzoneManager.java:3499) ~[ozone-manager-1.4.0-SNAPSHOT.jar:?]
	at org.apache.hadoop.ozone.protocolPB.OzoneManagerRequestHandler.getOzoneFileStatus(OzoneManagerRequestHandler.java:950) ~[ozone-manager-1.4.0-SNAPSHOT.jar:?]
	at org.apache.hadoop.ozone.protocolPB.OzoneManagerRequestHandler.handleReadRequest(OzoneManagerRequestHandler.java:245) ~[ozone-manager-1.4.0-SNAPSHOT.jar:?]
	at org.apache.hadoop.ozone.protocolPB.OzoneManagerProtocolServerSideTranslatorPB.submitRequestDirectlyToOM(OzoneManagerProtocolServerSideTranslatorPB.java:272) ~[ozone-manager-1.4.0-SNAPSHOT.jar:?]
	at org.apache.hadoop.ozone.protocolPB.OzoneManagerProtocolServerSideTranslatorPB.processRequest(OzoneManagerProtocolServerSideTranslatorPB.java:173) ~[ozone-manager-1.4.0-SNAPSHOT.jar:?]
	at org.apache.hadoop.hdds.server.OzoneProtocolMessageDispatcher.processRequest(OzoneProtocolMessageDispatcher.java:87) [hdds-server-framework-1.4.0-SNAPSHOT.jar:?]
	at org.apache.hadoop.ozone.protocolPB.OzoneManagerProtocolServerSideTranslatorPB.submitRequest(OzoneManagerProtocolServerSideTranslatorPB.java:147) [ozone-manager-1.4.0-SNAPSHOT.jar:?]
	at org.apache.hadoop.ozone.protocol.proto.OzoneManagerProtocolProtos$OzoneManagerService$2.callBlockingMethod(OzoneManagerProtocolProtos.java) [ozone-interface-client-1.4.0-SNAPSHOT.jar:?]
	at org.apache.hadoop.ipc.ProtobufRpcEngine$Server.processCall(ProtobufRpcEngine.java:484) [hadoop-common-3.3.5.jar:?]
	at org.apache.hadoop.ipc.ProtobufRpcEngine2$Server$ProtoBufRpcInvoker.call(ProtobufRpcEngine2.java:595) [hadoop-common-3.3.5.jar:?]
	at org.apache.hadoop.ipc.ProtobufRpcEngine2$Server$ProtoBufRpcInvoker.call(ProtobufRpcEngine2.java:573) [hadoop-common-3.3.5.jar:?]
	at org.apache.hadoop.ipc.RPC$Server.call(RPC.java:1213) [hadoop-common-3.3.5.jar:?]
	at org.apache.hadoop.ipc.Server$RpcCall.run(Server.java:1089) [hadoop-common-3.3.5.jar:?]
	at org.apache.hadoop.ipc.Server$RpcCall.run(Server.java:1012) [hadoop-common-3.3.5.jar:?]
	at java.security.AccessController.doPrivileged(Native Method) ~[?:1.8.0_372]
	at javax.security.auth.Subject.doAs(Subject.java:422) [?:1.8.0_372]
	at org.apache.hadoop.security.UserGroupInformation.doAs(UserGroupInformation.java:1899) [hadoop-common-3.3.5.jar:?]
	at org.apache.hadoop.ipc.Server$Handler.run(Server.java:3026) [hadoop-common-3.3.5.jar:?]
2023-06-22 21:37:19,536 [Time-limited test] INFO  rpc.RpcClient (RpcClient.java:createVolume(459)) - Creating Volume: volume14840, with user65341 as owner and space quota set to -1 bytes, counts quota set to -1
2023-06-22 21:37:19,537 [IPC Server handler 3 on default port 15057] INFO  volume.OMVolumeCreateRequest (OMVolumeCreateRequest.java:validateAndUpdateCache(196)) - created volume:volume14840 for user:user65341
2023-06-22 21:37:19,539 [Time-limited test] INFO  rpc.RpcClient (RpcClient.java:createBucket(686)) - Creating Bucket: volume14840/bucket68410, with bucket layout FILE_SYSTEM_OPTIMIZED, runner as owner, Versioning false, Storage Type set to DISK and Encryption set to false, Replication Type set to server-side default replication type, Namespace Quota set to -1, Space Quota set to -1 
2023-06-22 21:37:19,540 [IPC Server handler 12 on default port 15057] INFO  bucket.OMBucketCreateRequest (OMBucketCreateRequest.java:validateAndUpdateCache(270)) - created bucket: bucket68410 of layout FILE_SYSTEM_OPTIMIZED in volume: volume14840
21:37:19.558 [IPC Server handler 6 on default port 15057] ERROR OMAudit - user=runner | ip=127.0.0.1 | op=GET_FILE_STATUS {volume=e07bf019-e56e-407d-94df-7618b19160dc, bucket=a2854073-ca70-4288-85d2-0c210b372e5b, key=.Trash, dataSize=0, replicationConfig=null} | ret=FAILURE
org.apache.hadoop.ozone.om.exceptions.OMException: Unable to get file status: volume: e07bf019-e56e-407d-94df-7618b19160dc bucket: a2854073-ca70-4288-85d2-0c210b372e5b key: .Trash
	at org.apache.hadoop.ozone.om.KeyManagerImpl.getOzoneFileStatus(KeyManagerImpl.java:1186) ~[ozone-manager-1.4.0-SNAPSHOT.jar:?]
	at org.apache.hadoop.ozone.om.KeyManagerImpl.getFileStatus(KeyManagerImpl.java:1104) ~[ozone-manager-1.4.0-SNAPSHOT.jar:?]
	at org.apache.hadoop.ozone.om.OmMetadataReader.getFileStatus(OmMetadataReader.java:286) ~[ozone-manager-1.4.0-SNAPSHOT.jar:?]
	at org.apache.hadoop.ozone.om.OzoneManager.getFileStatus(OzoneManager.java:3499) ~[ozone-manager-1.4.0-SNAPSHOT.jar:?]
	at org.apache.hadoop.ozone.protocolPB.OzoneManagerRequestHandler.getOzoneFileStatus(OzoneManagerRequestHandler.java:950) ~[ozone-manager-1.4.0-SNAPSHOT.jar:?]
	at org.apache.hadoop.ozone.protocolPB.OzoneManagerRequestHandler.handleReadRequest(OzoneManagerRequestHandler.java:245) ~[ozone-manager-1.4.0-SNAPSHOT.jar:?]
	at org.apache.hadoop.ozone.protocolPB.OzoneManagerProtocolServerSideTranslatorPB.submitRequestDirectlyToOM(OzoneManagerProtocolServerSideTranslatorPB.java:272) ~[ozone-manager-1.4.0-SNAPSHOT.jar:?]
	at org.apache.hadoop.ozone.protocolPB.OzoneManagerProtocolServerSideTranslatorPB.processRequest(OzoneManagerProtocolServerSideTranslatorPB.java:173) ~[ozone-manager-1.4.0-SNAPSHOT.jar:?]
	at org.apache.hadoop.hdds.server.OzoneProtocolMessageDispatcher.processRequest(OzoneProtocolMessageDispatcher.java:87) [hdds-server-framework-1.4.0-SNAPSHOT.jar:?]
	at org.apache.hadoop.ozone.protocolPB.OzoneManagerProtocolServerSideTranslatorPB.submitRequest(OzoneManagerProtocolServerSideTranslatorPB.java:147) [ozone-manager-1.4.0-SNAPSHOT.jar:?]
	at org.apache.hadoop.ozone.protocol.proto.OzoneManagerProtocolProtos$OzoneManagerService$2.callBlockingMethod(OzoneManagerProtocolProtos.java) [ozone-interface-client-1.4.0-SNAPSHOT.jar:?]
	at org.apache.hadoop.ipc.ProtobufRpcEngine$Server.processCall(ProtobufRpcEngine.java:484) [hadoop-common-3.3.5.jar:?]
	at org.apache.hadoop.ipc.ProtobufRpcEngine2$Server$ProtoBufRpcInvoker.call(ProtobufRpcEngine2.java:595) [hadoop-common-3.3.5.jar:?]
	at org.apache.hadoop.ipc.ProtobufRpcEngine2$Server$ProtoBufRpcInvoker.call(ProtobufRpcEngine2.java:573) [hadoop-common-3.3.5.jar:?]
	at org.apache.hadoop.ipc.RPC$Server.call(RPC.java:1213) [hadoop-common-3.3.5.jar:?]
	at org.apache.hadoop.ipc.Server$RpcCall.run(Server.java:1089) [hadoop-common-3.3.5.jar:?]
	at org.apache.hadoop.ipc.Server$RpcCall.run(Server.java:1012) [hadoop-common-3.3.5.jar:?]
	at java.security.AccessController.doPrivileged(Native Method) ~[?:1.8.0_372]
	at javax.security.auth.Subject.doAs(Subject.java:422) [?:1.8.0_372]
	at org.apache.hadoop.security.UserGroupInformation.doAs(UserGroupInformation.java:1899) [hadoop-common-3.3.5.jar:?]
	at org.apache.hadoop.ipc.Server$Handler.run(Server.java:3026) [hadoop-common-3.3.5.jar:?]
21:37:19.576 [IPC Server handler 1 on default port 15057] ERROR OMAudit - user=runner | ip=127.0.0.1 | op=GET_FILE_STATUS {volume=volume48889, bucket=bucket75164, key=.Trash, dataSize=0, replicationConfig=null} | ret=FAILURE
org.apache.hadoop.ozone.om.exceptions.OMException: Unable to get file status: volume: volume48889 bucket: bucket75164 key: .Trash
	at org.apache.hadoop.ozone.om.KeyManagerImpl.getOzoneFileStatusFSO(KeyManagerImpl.java:1311) ~[ozone-manager-1.4.0-SNAPSHOT.jar:?]
	at org.apache.hadoop.ozone.om.KeyManagerImpl.getFileStatus(KeyManagerImpl.java:1102) ~[ozone-manager-1.4.0-SNAPSHOT.jar:?]
	at org.apache.hadoop.ozone.om.OmMetadataReader.getFileStatus(OmMetadataReader.java:286) ~[ozone-manager-1.4.0-SNAPSHOT.jar:?]
	at org.apache.hadoop.ozone.om.OzoneManager.getFileStatus(OzoneManager.java:3499) ~[ozone-manager-1.4.0-SNAPSHOT.jar:?]
	at org.apache.hadoop.ozone.protocolPB.OzoneManagerRequestHandler.getOzoneFileStatus(OzoneManagerRequestHandler.java:950) ~[ozone-manager-1.4.0-SNAPSHOT.jar:?]
	at org.apache.hadoop.ozone.protocolPB.OzoneManagerRequestHandler.handleReadRequest(OzoneManagerRequestHandler.java:245) ~[ozone-manager-1.4.0-SNAPSHOT.jar:?]
	at org.apache.hadoop.ozone.protocolPB.OzoneManagerProtocolServerSideTranslatorPB.submitRequestDirectlyToOM(OzoneManagerProtocolServerSideTranslatorPB.java:272) ~[ozone-manager-1.4.0-SNAPSHOT.jar:?]
	at org.apache.hadoop.ozone.protocolPB.OzoneManagerProtocolServerSideTranslatorPB.processRequest(OzoneManagerProtocolServerSideTranslatorPB.java:173) ~[ozone-manager-1.4.0-SNAPSHOT.jar:?]
	at org.apache.hadoop.hdds.server.OzoneProtocolMessageDispatcher.processRequest(OzoneProtocolMessageDispatcher.java:87) [hdds-server-framework-1.4.0-SNAPSHOT.jar:?]
	at org.apache.hadoop.ozone.protocolPB.OzoneManagerProtocolServerSideTranslatorPB.submitRequest(OzoneManagerProtocolServerSideTranslatorPB.java:147) [ozone-manager-1.4.0-SNAPSHOT.jar:?]
	at org.apache.hadoop.ozone.protocol.proto.OzoneManagerProtocolProtos$OzoneManagerService$2.callBlockingMethod(OzoneManagerProtocolProtos.java) [ozone-interface-client-1.4.0-SNAPSHOT.jar:?]
	at org.apache.hadoop.ipc.ProtobufRpcEngine$Server.processCall(ProtobufRpcEngine.java:484) [hadoop-common-3.3.5.jar:?]
	at org.apache.hadoop.ipc.ProtobufRpcEngine2$Server$ProtoBufRpcInvoker.call(ProtobufRpcEngine2.java:595) [hadoop-common-3.3.5.jar:?]
	at org.apache.hadoop.ipc.ProtobufRpcEngine2$Server$ProtoBufRpcInvoker.call(ProtobufRpcEngine2.java:573) [hadoop-common-3.3.5.jar:?]
	at org.apache.hadoop.ipc.RPC$Server.call(RPC.java:1213) [hadoop-common-3.3.5.jar:?]
	at org.apache.hadoop.ipc.Server$RpcCall.run(Server.java:1089) [hadoop-common-3.3.5.jar:?]
	at org.apache.hadoop.ipc.Server$RpcCall.run(Server.java:1012) [hadoop-common-3.3.5.jar:?]
	at java.security.AccessController.doPrivileged(Native Method) ~[?:1.8.0_372]
	at javax.security.auth.Subject.doAs(Subject.java:422) [?:1.8.0_372]
	at org.apache.hadoop.security.UserGroupInformation.doAs(UserGroupInformation.java:1899) [hadoop-common-3.3.5.jar:?]
	at org.apache.hadoop.ipc.Server$Handler.run(Server.java:3026) [hadoop-common-3.3.5.jar:?]
21:37:19.793 [IPC Server handler 13 on default port 15057] ERROR OMAudit - user=runner | ip=127.0.0.1 | op=GET_FILE_STATUS {volume=e07bf019-e56e-407d-94df-7618b19160dc, bucket=a2854073-ca70-4288-85d2-0c210b372e5b, key=.Trash, dataSize=0, replicationConfig=null} | ret=FAILURE
org.apache.hadoop.ozone.om.exceptions.OMException: Unable to get file status: volume: e07bf019-e56e-407d-94df-7618b19160dc bucket: a2854073-ca70-4288-85d2-0c210b372e5b key: .Trash
	at org.apache.hadoop.ozone.om.KeyManagerImpl.getOzoneFileStatus(KeyManagerImpl.java:1186) ~[ozone-manager-1.4.0-SNAPSHOT.jar:?]
	at org.apache.hadoop.ozone.om.KeyManagerImpl.getFileStatus(KeyManagerImpl.java:1104) ~[ozone-manager-1.4.0-SNAPSHOT.jar:?]
	at org.apache.hadoop.ozone.om.OmMetadataReader.getFileStatus(OmMetadataReader.java:286) ~[ozone-manager-1.4.0-SNAPSHOT.jar:?]
	at org.apache.hadoop.ozone.om.OzoneManager.getFileStatus(OzoneManager.java:3499) ~[ozone-manager-1.4.0-SNAPSHOT.jar:?]
	at org.apache.hadoop.ozone.protocolPB.OzoneManagerRequestHandler.getOzoneFileStatus(OzoneManagerRequestHandler.java:950) ~[ozone-manager-1.4.0-SNAPSHOT.jar:?]
	at org.apache.hadoop.ozone.protocolPB.OzoneManagerRequestHandler.handleReadRequest(OzoneManagerRequestHandler.java:245) ~[ozone-manager-1.4.0-SNAPSHOT.jar:?]
	at org.apache.hadoop.ozone.protocolPB.OzoneManagerProtocolServerSideTranslatorPB.submitRequestDirectlyToOM(OzoneManagerProtocolServerSideTranslatorPB.java:272) ~[ozone-manager-1.4.0-SNAPSHOT.jar:?]
	at org.apache.hadoop.ozone.protocolPB.OzoneManagerProtocolServerSideTranslatorPB.processRequest(OzoneManagerProtocolServerSideTranslatorPB.java:173) ~[ozone-manager-1.4.0-SNAPSHOT.jar:?]
	at org.apache.hadoop.hdds.server.OzoneProtocolMessageDispatcher.processRequest(OzoneProtocolMessageDispatcher.java:87) [hdds-server-framework-1.4.0-SNAPSHOT.jar:?]
	at org.apache.hadoop.ozone.protocolPB.OzoneManagerProtocolServerSideTranslatorPB.submitRequest(OzoneManagerProtocolServerSideTranslatorPB.java:147) [ozone-manager-1.4.0-SNAPSHOT.jar:?]
	at org.apache.hadoop.ozone.protocol.proto.OzoneManagerProtocolProtos$OzoneManagerService$2.callBlockingMethod(OzoneManagerProtocolProtos.java) [ozone-interface-client-1.4.0-SNAPSHOT.jar:?]
	at org.apache.hadoop.ipc.ProtobufRpcEngine$Server.processCall(ProtobufRpcEngine.java:484) [hadoop-common-3.3.5.jar:?]
	at org.apache.hadoop.ipc.ProtobufRpcEngine2$Server$ProtoBufRpcInvoker.call(ProtobufRpcEngine2.java:595) [hadoop-common-3.3.5.jar:?]
	at org.apache.hadoop.ipc.ProtobufRpcEngine2$Server$ProtoBufRpcInvoker.call(ProtobufRpcEngine2.java:573) [hadoop-common-3.3.5.jar:?]
	at org.apache.hadoop.ipc.RPC$Server.call(RPC.java:1213) [hadoop-common-3.3.5.jar:?]
	at org.apache.hadoop.ipc.Server$RpcCall.run(Server.java:1089) [hadoop-common-3.3.5.jar:?]
	at org.apache.hadoop.ipc.Server$RpcCall.run(Server.java:1012) [hadoop-common-3.3.5.jar:?]
	at java.security.AccessController.doPrivileged(Native Method) ~[?:1.8.0_372]
	at javax.security.auth.Subject.doAs(Subject.java:422) [?:1.8.0_372]
	at org.apache.hadoop.security.UserGroupInformation.doAs(UserGroupInformation.java:1899) [hadoop-common-3.3.5.jar:?]
	at org.apache.hadoop.ipc.Server$Handler.run(Server.java:3026) [hadoop-common-3.3.5.jar:?]
21:37:19.819 [IPC Server handler 14 on default port 15057] ERROR OMAudit - user=runner | ip=127.0.0.1 | op=GET_FILE_STATUS {volume=volume48889, bucket=bucket75164, key=.Trash, dataSize=0, replicationConfig=null} | ret=FAILURE
org.apache.hadoop.ozone.om.exceptions.OMException: Unable to get file status: volume: volume48889 bucket: bucket75164 key: .Trash
	at org.apache.hadoop.ozone.om.KeyManagerImpl.getOzoneFileStatusFSO(KeyManagerImpl.java:1311) ~[ozone-manager-1.4.0-SNAPSHOT.jar:?]
	at org.apache.hadoop.ozone.om.KeyManagerImpl.getFileStatus(KeyManagerImpl.java:1102) ~[ozone-manager-1.4.0-SNAPSHOT.jar:?]
	at org.apache.hadoop.ozone.om.OmMetadataReader.getFileStatus(OmMetadataReader.java:286) ~[ozone-manager-1.4.0-SNAPSHOT.jar:?]
	at org.apache.hadoop.ozone.om.OzoneManager.getFileStatus(OzoneManager.java:3499) ~[ozone-manager-1.4.0-SNAPSHOT.jar:?]
	at org.apache.hadoop.ozone.protocolPB.OzoneManagerRequestHandler.getOzoneFileStatus(OzoneManagerRequestHandler.java:950) ~[ozone-manager-1.4.0-SNAPSHOT.jar:?]
	at org.apache.hadoop.ozone.protocolPB.OzoneManagerRequestHandler.handleReadRequest(OzoneManagerRequestHandler.java:245) ~[ozone-manager-1.4.0-SNAPSHOT.jar:?]
	at org.apache.hadoop.ozone.protocolPB.OzoneManagerProtocolServerSideTranslatorPB.submitRequestDirectlyToOM(OzoneManagerProtocolServerSideTranslatorPB.java:272) ~[ozone-manager-1.4.0-SNAPSHOT.jar:?]
	at org.apache.hadoop.ozone.protocolPB.OzoneManagerProtocolServerSideTranslatorPB.processRequest(OzoneManagerProtocolServerSideTranslatorPB.java:173) ~[ozone-manager-1.4.0-SNAPSHOT.jar:?]
	at org.apache.hadoop.hdds.server.OzoneProtocolMessageDispatcher.processRequest(OzoneProtocolMessageDispatcher.java:87) [hdds-server-framework-1.4.0-SNAPSHOT.jar:?]
	at org.apache.hadoop.ozone.protocolPB.OzoneManagerProtocolServerSideTranslatorPB.submitRequest(OzoneManagerProtocolServerSideTranslatorPB.java:147) [ozone-manager-1.4.0-SNAPSHOT.jar:?]
	at org.apache.hadoop.ozone.protocol.proto.OzoneManagerProtocolProtos$OzoneManagerService$2.callBlockingMethod(OzoneManagerProtocolProtos.java) [ozone-interface-client-1.4.0-SNAPSHOT.jar:?]
	at org.apache.hadoop.ipc.ProtobufRpcEngine$Server.processCall(ProtobufRpcEngine.java:484) [hadoop-common-3.3.5.jar:?]
	at org.apache.hadoop.ipc.ProtobufRpcEngine2$Server$ProtoBufRpcInvoker.call(ProtobufRpcEngine2.java:595) [hadoop-common-3.3.5.jar:?]
	at org.apache.hadoop.ipc.ProtobufRpcEngine2$Server$ProtoBufRpcInvoker.call(ProtobufRpcEngine2.java:573) [hadoop-common-3.3.5.jar:?]
	at org.apache.hadoop.ipc.RPC$Server.call(RPC.java:1213) [hadoop-common-3.3.5.jar:?]
	at org.apache.hadoop.ipc.Server$RpcCall.run(Server.java:1089) [hadoop-common-3.3.5.jar:?]
	at org.apache.hadoop.ipc.Server$RpcCall.run(Server.java:1012) [hadoop-common-3.3.5.jar:?]
	at java.security.AccessController.doPrivileged(Native Method) ~[?:1.8.0_372]
	at javax.security.auth.Subject.doAs(Subject.java:422) [?:1.8.0_372]
	at org.apache.hadoop.security.UserGroupInformation.doAs(UserGroupInformation.java:1899) [hadoop-common-3.3.5.jar:?]
	at org.apache.hadoop.ipc.Server$Handler.run(Server.java:3026) [hadoop-common-3.3.5.jar:?]
21:37:19.825 [IPC Server handler 3 on default port 15057] ERROR OMAudit - user=runner | ip=127.0.0.1 | op=GET_FILE_STATUS {volume=volume14840, bucket=bucket68410, key=.Trash/runner, dataSize=0, replicationConfig=null} | ret=FAILURE
org.apache.hadoop.ozone.om.exceptions.OMException: Unable to get file status: volume: volume14840 bucket: bucket68410 key: .Trash/runner
	at org.apache.hadoop.ozone.om.KeyManagerImpl.getOzoneFileStatusFSO(KeyManagerImpl.java:1311) ~[ozone-manager-1.4.0-SNAPSHOT.jar:?]
	at org.apache.hadoop.ozone.om.KeyManagerImpl.getFileStatus(KeyManagerImpl.java:1102) ~[ozone-manager-1.4.0-SNAPSHOT.jar:?]
	at org.apache.hadoop.ozone.om.OmMetadataReader.getFileStatus(OmMetadataReader.java:286) ~[ozone-manager-1.4.0-SNAPSHOT.jar:?]
	at org.apache.hadoop.ozone.om.OzoneManager.getFileStatus(OzoneManager.java:3499) ~[ozone-manager-1.4.0-SNAPSHOT.jar:?]
	at org.apache.hadoop.ozone.protocolPB.OzoneManagerRequestHandler.getOzoneFileStatus(OzoneManagerRequestHandler.java:950) ~[ozone-manager-1.4.0-SNAPSHOT.jar:?]
	at org.apache.hadoop.ozone.protocolPB.OzoneManagerRequestHandler.handleReadRequest(OzoneManagerRequestHandler.java:245) ~[ozone-manager-1.4.0-SNAPSHOT.jar:?]
	at org.apache.hadoop.ozone.protocolPB.OzoneManagerProtocolServerSideTranslatorPB.submitRequestDirectlyToOM(OzoneManagerProtocolServerSideTranslatorPB.java:272) ~[ozone-manager-1.4.0-SNAPSHOT.jar:?]
	at org.apache.hadoop.ozone.protocolPB.OzoneManagerProtocolServerSideTranslatorPB.processRequest(OzoneManagerProtocolServerSideTranslatorPB.java:173) ~[ozone-manager-1.4.0-SNAPSHOT.jar:?]
	at org.apache.hadoop.hdds.server.OzoneProtocolMessageDispatcher.processRequest(OzoneProtocolMessageDispatcher.java:87) [hdds-server-framework-1.4.0-SNAPSHOT.jar:?]
	at org.apache.hadoop.ozone.protocolPB.OzoneManagerProtocolServerSideTranslatorPB.submitRequest(OzoneManagerProtocolServerSideTranslatorPB.java:147) [ozone-manager-1.4.0-SNAPSHOT.jar:?]
	at org.apache.hadoop.ozone.protocol.proto.OzoneManagerProtocolProtos$OzoneManagerService$2.callBlockingMethod(OzoneManagerProtocolProtos.java) [ozone-interface-client-1.4.0-SNAPSHOT.jar:?]
	at org.apache.hadoop.ipc.ProtobufRpcEngine$Server.processCall(ProtobufRpcEngine.java:484) [hadoop-common-3.3.5.jar:?]
	at org.apache.hadoop.ipc.ProtobufRpcEngine2$Server$ProtoBufRpcInvoker.call(ProtobufRpcEngine2.java:595) [hadoop-common-3.3.5.jar:?]
	at org.apache.hadoop.ipc.ProtobufRpcEngine2$Server$ProtoBufRpcInvoker.call(ProtobufRpcEngine2.java:573) [hadoop-common-3.3.5.jar:?]
	at org.apache.hadoop.ipc.RPC$Server.call(RPC.java:1213) [hadoop-common-3.3.5.jar:?]
	at org.apache.hadoop.ipc.Server$RpcCall.run(Server.java:1089) [hadoop-common-3.3.5.jar:?]
	at org.apache.hadoop.ipc.Server$RpcCall.run(Server.java:1012) [hadoop-common-3.3.5.jar:?]
	at java.security.AccessController.doPrivileged(Native Method) ~[?:1.8.0_372]
	at javax.security.auth.Subject.doAs(Subject.java:422) [?:1.8.0_372]
	at org.apache.hadoop.security.UserGroupInformation.doAs(UserGroupInformation.java:1899) [hadoop-common-3.3.5.jar:?]
	at org.apache.hadoop.ipc.Server$Handler.run(Server.java:3026) [hadoop-common-3.3.5.jar:?]
21:37:19.836 [IPC Server handler 5 on default port 15057] ERROR OMAudit - user=runner | ip=127.0.0.1 | op=GET_FILE_STATUS {volume=e07bf019-e56e-407d-94df-7618b19160dc, bucket=a2854073-ca70-4288-85d2-0c210b372e5b, key=.Trash, dataSize=0, replicationConfig=null} | ret=FAILURE
org.apache.hadoop.ozone.om.exceptions.OMException: Unable to get file status: volume: e07bf019-e56e-407d-94df-7618b19160dc bucket: a2854073-ca70-4288-85d2-0c210b372e5b key: .Trash
	at org.apache.hadoop.ozone.om.KeyManagerImpl.getOzoneFileStatus(KeyManagerImpl.java:1186) ~[ozone-manager-1.4.0-SNAPSHOT.jar:?]
	at org.apache.hadoop.ozone.om.KeyManagerImpl.getFileStatus(KeyManagerImpl.java:1104) ~[ozone-manager-1.4.0-SNAPSHOT.jar:?]
	at org.apache.hadoop.ozone.om.OmMetadataReader.getFileStatus(OmMetadataReader.java:286) ~[ozone-manager-1.4.0-SNAPSHOT.jar:?]
	at org.apache.hadoop.ozone.om.OzoneManager.getFileStatus(OzoneManager.java:3499) ~[ozone-manager-1.4.0-SNAPSHOT.jar:?]
	at org.apache.hadoop.ozone.protocolPB.OzoneManagerRequestHandler.getOzoneFileStatus(OzoneManagerRequestHandler.java:950) ~[ozone-manager-1.4.0-SNAPSHOT.jar:?]
	at org.apache.hadoop.ozone.protocolPB.OzoneManagerRequestHandler.handleReadRequest(OzoneManagerRequestHandler.java:245) ~[ozone-manager-1.4.0-SNAPSHOT.jar:?]
	at org.apache.hadoop.ozone.protocolPB.OzoneManagerProtocolServerSideTranslatorPB.submitRequestDirectlyToOM(OzoneManagerProtocolServerSideTranslatorPB.java:272) ~[ozone-manager-1.4.0-SNAPSHOT.jar:?]
	at org.apache.hadoop.ozone.protocolPB.OzoneManagerProtocolServerSideTranslatorPB.processRequest(OzoneManagerProtocolServerSideTranslatorPB.java:173) ~[ozone-manager-1.4.0-SNAPSHOT.jar:?]
	at org.apache.hadoop.hdds.server.OzoneProtocolMessageDispatcher.processRequest(OzoneProtocolMessageDispatcher.java:87) [hdds-server-framework-1.4.0-SNAPSHOT.jar:?]
	at org.apache.hadoop.ozone.protocolPB.OzoneManagerProtocolServerSideTranslatorPB.submitRequest(OzoneManagerProtocolServerSideTranslatorPB.java:147) [ozone-manager-1.4.0-SNAPSHOT.jar:?]
	at org.apache.hadoop.ozone.protocol.proto.OzoneManagerProtocolProtos$OzoneManagerService$2.callBlockingMethod(OzoneManagerProtocolProtos.java) [ozone-interface-client-1.4.0-SNAPSHOT.jar:?]
	at org.apache.hadoop.ipc.ProtobufRpcEngine$Server.processCall(ProtobufRpcEngine.java:484) [hadoop-common-3.3.5.jar:?]
	at org.apache.hadoop.ipc.ProtobufRpcEngine2$Server$ProtoBufRpcInvoker.call(ProtobufRpcEngine2.java:595) [hadoop-common-3.3.5.jar:?]
	at org.apache.hadoop.ipc.ProtobufRpcEngine2$Server$ProtoBufRpcInvoker.call(ProtobufRpcEngine2.java:573) [hadoop-common-3.3.5.jar:?]
	at org.apache.hadoop.ipc.RPC$Server.call(RPC.java:1213) [hadoop-common-3.3.5.jar:?]
	at org.apache.hadoop.ipc.Server$RpcCall.run(Server.java:1089) [hadoop-common-3.3.5.jar:?]
	at org.apache.hadoop.ipc.Server$RpcCall.run(Server.java:1012) [hadoop-common-3.3.5.jar:?]
	at java.security.AccessController.doPrivileged(Native Method) ~[?:1.8.0_372]
	at javax.security.auth.Subject.doAs(Subject.java:422) [?:1.8.0_372]
	at org.apache.hadoop.security.UserGroupInformation.doAs(UserGroupInformation.java:1899) [hadoop-common-3.3.5.jar:?]
	at org.apache.hadoop.ipc.Server$Handler.run(Server.java:3026) [hadoop-common-3.3.5.jar:?]
21:37:19.838 [IPC Server handler 0 on default port 15057] ERROR OMAudit - user=runner | ip=127.0.0.1 | op=GET_FILE_STATUS {volume=volume14840, bucket=bucket68410, key=.Trash, dataSize=0, replicationConfig=null} | ret=FAILURE
org.apache.hadoop.ozone.om.exceptions.OMException: Unable to get file status: volume: volume14840 bucket: bucket68410 key: .Trash
	at org.apache.hadoop.ozone.om.KeyManagerImpl.getOzoneFileStatusFSO(KeyManagerImpl.java:1311) ~[ozone-manager-1.4.0-SNAPSHOT.jar:?]
	at org.apache.hadoop.ozone.om.KeyManagerImpl.getFileStatus(KeyManagerImpl.java:1102) ~[ozone-manager-1.4.0-SNAPSHOT.jar:?]
	at org.apache.hadoop.ozone.om.OmMetadataReader.getFileStatus(OmMetadataReader.java:286) ~[ozone-manager-1.4.0-SNAPSHOT.jar:?]
	at org.apache.hadoop.ozone.om.OzoneManager.getFileStatus(OzoneManager.java:3499) ~[ozone-manager-1.4.0-SNAPSHOT.jar:?]
	at org.apache.hadoop.ozone.protocolPB.OzoneManagerRequestHandler.getOzoneFileStatus(OzoneManagerRequestHandler.java:950) ~[ozone-manager-1.4.0-SNAPSHOT.jar:?]
	at org.apache.hadoop.ozone.protocolPB.OzoneManagerRequestHandler.handleReadRequest(OzoneManagerRequestHandler.java:245) ~[ozone-manager-1.4.0-SNAPSHOT.jar:?]
	at org.apache.hadoop.ozone.protocolPB.OzoneManagerProtocolServerSideTranslatorPB.submitRequestDirectlyToOM(OzoneManagerProtocolServerSideTranslatorPB.java:272) ~[ozone-manager-1.4.0-SNAPSHOT.jar:?]
	at org.apache.hadoop.ozone.protocolPB.OzoneManagerProtocolServerSideTranslatorPB.processRequest(OzoneManagerProtocolServerSideTranslatorPB.java:173) ~[ozone-manager-1.4.0-SNAPSHOT.jar:?]
	at org.apache.hadoop.hdds.server.OzoneProtocolMessageDispatcher.processRequest(OzoneProtocolMessageDispatcher.java:87) [hdds-server-framework-1.4.0-SNAPSHOT.jar:?]
	at org.apache.hadoop.ozone.protocolPB.OzoneManagerProtocolServerSideTranslatorPB.submitRequest(OzoneManagerProtocolServerSideTranslatorPB.java:147) [ozone-manager-1.4.0-SNAPSHOT.jar:?]
	at org.apache.hadoop.ozone.protocol.proto.OzoneManagerProtocolProtos$OzoneManagerService$2.callBlockingMethod(OzoneManagerProtocolProtos.java) [ozone-interface-client-1.4.0-SNAPSHOT.jar:?]
	at org.apache.hadoop.ipc.ProtobufRpcEngine$Server.processCall(ProtobufRpcEngine.java:484) [hadoop-common-3.3.5.jar:?]
	at org.apache.hadoop.ipc.ProtobufRpcEngine2$Server$ProtoBufRpcInvoker.call(ProtobufRpcEngine2.java:595) [hadoop-common-3.3.5.jar:?]
	at org.apache.hadoop.ipc.ProtobufRpcEngine2$Server$ProtoBufRpcInvoker.call(ProtobufRpcEngine2.java:573) [hadoop-common-3.3.5.jar:?]
	at org.apache.hadoop.ipc.RPC$Server.call(RPC.java:1213) [hadoop-common-3.3.5.jar:?]
	at org.apache.hadoop.ipc.Server$RpcCall.run(Server.java:1089) [hadoop-common-3.3.5.jar:?]
	at org.apache.hadoop.ipc.Server$RpcCall.run(Server.java:1012) [hadoop-common-3.3.5.jar:?]
	at java.security.AccessController.doPrivileged(Native Method) ~[?:1.8.0_372]
	at javax.security.auth.Subject.doAs(Subject.java:422) [?:1.8.0_372]
	at org.apache.hadoop.security.UserGroupInformation.doAs(UserGroupInformation.java:1899) [hadoop-common-3.3.5.jar:?]
	at org.apache.hadoop.ipc.Server$Handler.run(Server.java:3026) [hadoop-common-3.3.5.jar:?]
21:37:19.849 [IPC Server handler 0 on default port 15057] ERROR OMAudit - user=runner | ip=127.0.0.1 | op=GET_FILE_STATUS {volume=volume48889, bucket=bucket75164, key=.Trash, dataSize=0, replicationConfig=null} | ret=FAILURE
org.apache.hadoop.ozone.om.exceptions.OMException: Unable to get file status: volume: volume48889 bucket: bucket75164 key: .Trash
	at org.apache.hadoop.ozone.om.KeyManagerImpl.getOzoneFileStatusFSO(KeyManagerImpl.java:1311) ~[ozone-manager-1.4.0-SNAPSHOT.jar:?]
	at org.apache.hadoop.ozone.om.KeyManagerImpl.getFileStatus(KeyManagerImpl.java:1102) ~[ozone-manager-1.4.0-SNAPSHOT.jar:?]
	at org.apache.hadoop.ozone.om.OmMetadataReader.getFileStatus(OmMetadataReader.java:286) ~[ozone-manager-1.4.0-SNAPSHOT.jar:?]
	at org.apache.hadoop.ozone.om.OzoneManager.getFileStatus(OzoneManager.java:3499) ~[ozone-manager-1.4.0-SNAPSHOT.jar:?]
	at org.apache.hadoop.ozone.protocolPB.OzoneManagerRequestHandler.getOzoneFileStatus(OzoneManagerRequestHandler.java:950) ~[ozone-manager-1.4.0-SNAPSHOT.jar:?]
	at org.apache.hadoop.ozone.protocolPB.OzoneManagerRequestHandler.handleReadRequest(OzoneManagerRequestHandler.java:245) ~[ozone-manager-1.4.0-SNAPSHOT.jar:?]
	at org.apache.hadoop.ozone.protocolPB.OzoneManagerProtocolServerSideTranslatorPB.submitRequestDirectlyToOM(OzoneManagerProtocolServerSideTranslatorPB.java:272) ~[ozone-manager-1.4.0-SNAPSHOT.jar:?]
	at org.apache.hadoop.ozone.protocolPB.OzoneManagerProtocolServerSideTranslatorPB.processRequest(OzoneManagerProtocolServerSideTranslatorPB.java:173) ~[ozone-manager-1.4.0-SNAPSHOT.jar:?]
	at org.apache.hadoop.hdds.server.OzoneProtocolMessageDispatcher.processRequest(OzoneProtocolMessageDispatcher.java:87) [hdds-server-framework-1.4.0-SNAPSHOT.jar:?]
	at org.apache.hadoop.ozone.protocolPB.OzoneManagerProtocolServerSideTranslatorPB.submitRequest(OzoneManagerProtocolServerSideTranslatorPB.java:147) [ozone-manager-1.4.0-SNAPSHOT.jar:?]
	at org.apache.hadoop.ozone.protocol.proto.OzoneManagerProtocolProtos$OzoneManagerService$2.callBlockingMethod(OzoneManagerProtocolProtos.java) [ozone-interface-client-1.4.0-SNAPSHOT.jar:?]
	at org.apache.hadoop.ipc.ProtobufRpcEngine$Server.processCall(ProtobufRpcEngine.java:484) [hadoop-common-3.3.5.jar:?]
	at org.apache.hadoop.ipc.ProtobufRpcEngine2$Server$ProtoBufRpcInvoker.call(ProtobufRpcEngine2.java:595) [hadoop-common-3.3.5.jar:?]
	at org.apache.hadoop.ipc.ProtobufRpcEngine2$Server$ProtoBufRpcInvoker.call(ProtobufRpcEngine2.java:573) [hadoop-common-3.3.5.jar:?]
	at org.apache.hadoop.ipc.RPC$Server.call(RPC.java:1213) [hadoop-common-3.3.5.jar:?]
	at org.apache.hadoop.ipc.Server$RpcCall.run(Server.java:1089) [hadoop-common-3.3.5.jar:?]
	at org.apache.hadoop.ipc.Server$RpcCall.run(Server.java:1012) [hadoop-common-3.3.5.jar:?]
	at java.security.AccessController.doPrivileged(Native Method) ~[?:1.8.0_372]
	at javax.security.auth.Subject.doAs(Subject.java:422) [?:1.8.0_372]
	at org.apache.hadoop.security.UserGroupInformation.doAs(UserGroupInformation.java:1899) [hadoop-common-3.3.5.jar:?]
	at org.apache.hadoop.ipc.Server$Handler.run(Server.java:3026) [hadoop-common-3.3.5.jar:?]
21:37:19.854 [IPC Server handler 8 on default port 15057] ERROR OMAudit - user=runner | ip=127.0.0.1 | op=GET_FILE_STATUS {volume=volume14840, bucket=bucket68410, key=.Trash/runner, dataSize=0, replicationConfig=null} | ret=FAILURE
org.apache.hadoop.ozone.om.exceptions.OMException: Unable to get file status: volume: volume14840 bucket: bucket68410 key: .Trash/runner
	at org.apache.hadoop.ozone.om.KeyManagerImpl.getOzoneFileStatusFSO(KeyManagerImpl.java:1311) ~[ozone-manager-1.4.0-SNAPSHOT.jar:?]
	at org.apache.hadoop.ozone.om.KeyManagerImpl.getFileStatus(KeyManagerImpl.java:1102) ~[ozone-manager-1.4.0-SNAPSHOT.jar:?]
	at org.apache.hadoop.ozone.om.OmMetadataReader.getFileStatus(OmMetadataReader.java:286) ~[ozone-manager-1.4.0-SNAPSHOT.jar:?]
	at org.apache.hadoop.ozone.om.OzoneManager.getFileStatus(OzoneManager.java:3499) ~[ozone-manager-1.4.0-SNAPSHOT.jar:?]
	at org.apache.hadoop.ozone.protocolPB.OzoneManagerRequestHandler.getOzoneFileStatus(OzoneManagerRequestHandler.java:950) ~[ozone-manager-1.4.0-SNAPSHOT.jar:?]
	at org.apache.hadoop.ozone.protocolPB.OzoneManagerRequestHandler.handleReadRequest(OzoneManagerRequestHandler.java:245) ~[ozone-manager-1.4.0-SNAPSHOT.jar:?]
	at org.apache.hadoop.ozone.protocolPB.OzoneManagerProtocolServerSideTranslatorPB.submitRequestDirectlyToOM(OzoneManagerProtocolServerSideTranslatorPB.java:272) ~[ozone-manager-1.4.0-SNAPSHOT.jar:?]
	at org.apache.hadoop.ozone.protocolPB.OzoneManagerProtocolServerSideTranslatorPB.processRequest(OzoneManagerProtocolServerSideTranslatorPB.java:173) ~[ozone-manager-1.4.0-SNAPSHOT.jar:?]
	at org.apache.hadoop.hdds.server.OzoneProtocolMessageDispatcher.processRequest(OzoneProtocolMessageDispatcher.java:87) [hdds-server-framework-1.4.0-SNAPSHOT.jar:?]
	at org.apache.hadoop.ozone.protocolPB.OzoneManagerProtocolServerSideTranslatorPB.submitRequest(OzoneManagerProtocolServerSideTranslatorPB.java:147) [ozone-manager-1.4.0-SNAPSHOT.jar:?]
	at org.apache.hadoop.ozone.protocol.proto.OzoneManagerProtocolProtos$OzoneManagerService$2.callBlockingMethod(OzoneManagerProtocolProtos.java) [ozone-interface-client-1.4.0-SNAPSHOT.jar:?]
	at org.apache.hadoop.ipc.ProtobufRpcEngine$Server.processCall(ProtobufRpcEngine.java:484) [hadoop-common-3.3.5.jar:?]
	at org.apache.hadoop.ipc.ProtobufRpcEngine2$Server$ProtoBufRpcInvoker.call(ProtobufRpcEngine2.java:595) [hadoop-common-3.3.5.jar:?]
	at org.apache.hadoop.ipc.ProtobufRpcEngine2$Server$ProtoBufRpcInvoker.call(ProtobufRpcEngine2.java:573) [hadoop-common-3.3.5.jar:?]
	at org.apache.hadoop.ipc.RPC$Server.call(RPC.java:1213) [hadoop-common-3.3.5.jar:?]
	at org.apache.hadoop.ipc.Server$RpcCall.run(Server.java:1089) [hadoop-common-3.3.5.jar:?]
	at org.apache.hadoop.ipc.Server$RpcCall.run(Server.java:1012) [hadoop-common-3.3.5.jar:?]
	at java.security.AccessController.doPrivileged(Native Method) ~[?:1.8.0_372]
	at javax.security.auth.Subject.doAs(Subject.java:422) [?:1.8.0_372]
	at org.apache.hadoop.security.UserGroupInformation.doAs(UserGroupInformation.java:1899) [hadoop-common-3.3.5.jar:?]
	at org.apache.hadoop.ipc.Server$Handler.run(Server.java:3026) [hadoop-common-3.3.5.jar:?]
21:37:19.859 [IPC Server handler 2 on default port 15057] ERROR OMAudit - user=runner | ip=127.0.0.1 | op=GET_FILE_STATUS {volume=volume44500, bucket=trashroottest2, key=.Trash/runner, dataSize=0, replicationConfig=null} | ret=FAILURE
org.apache.hadoop.ozone.om.exceptions.OMException: Unable to get file status: volume: volume44500 bucket: trashroottest2 key: .Trash/runner
	at org.apache.hadoop.ozone.om.KeyManagerImpl.getOzoneFileStatusFSO(KeyManagerImpl.java:1311) ~[ozone-manager-1.4.0-SNAPSHOT.jar:?]
	at org.apache.hadoop.ozone.om.KeyManagerImpl.getFileStatus(KeyManagerImpl.java:1102) ~[ozone-manager-1.4.0-SNAPSHOT.jar:?]
	at org.apache.hadoop.ozone.om.OmMetadataReader.getFileStatus(OmMetadataReader.java:286) ~[ozone-manager-1.4.0-SNAPSHOT.jar:?]
	at org.apache.hadoop.ozone.om.OzoneManager.getFileStatus(OzoneManager.java:3499) ~[ozone-manager-1.4.0-SNAPSHOT.jar:?]
	at org.apache.hadoop.ozone.protocolPB.OzoneManagerRequestHandler.getOzoneFileStatus(OzoneManagerRequestHandler.java:950) ~[ozone-manager-1.4.0-SNAPSHOT.jar:?]
	at org.apache.hadoop.ozone.protocolPB.OzoneManagerRequestHandler.handleReadRequest(OzoneManagerRequestHandler.java:245) ~[ozone-manager-1.4.0-SNAPSHOT.jar:?]
	at org.apache.hadoop.ozone.protocolPB.OzoneManagerProtocolServerSideTranslatorPB.submitRequestDirectlyToOM(OzoneManagerProtocolServerSideTranslatorPB.java:272) ~[ozone-manager-1.4.0-SNAPSHOT.jar:?]
	at org.apache.hadoop.ozone.protocolPB.OzoneManagerProtocolServerSideTranslatorPB.processRequest(OzoneManagerProtocolServerSideTranslatorPB.java:173) ~[ozone-manager-1.4.0-SNAPSHOT.jar:?]
	at org.apache.hadoop.hdds.server.OzoneProtocolMessageDispatcher.processRequest(OzoneProtocolMessageDispatcher.java:87) [hdds-server-framework-1.4.0-SNAPSHOT.jar:?]
	at org.apache.hadoop.ozone.protocolPB.OzoneManagerProtocolServerSideTranslatorPB.submitRequest(OzoneManagerProtocolServerSideTranslatorPB.java:147) [ozone-manager-1.4.0-SNAPSHOT.jar:?]
	at org.apache.hadoop.ozone.protocol.proto.OzoneManagerProtocolProtos$OzoneManagerService$2.callBlockingMethod(OzoneManagerProtocolProtos.java) [ozone-interface-client-1.4.0-SNAPSHOT.jar:?]
	at org.apache.hadoop.ipc.ProtobufRpcEngine$Server.processCall(ProtobufRpcEngine.java:484) [hadoop-common-3.3.5.jar:?]
	at org.apache.hadoop.ipc.ProtobufRpcEngine2$Server$ProtoBufRpcInvoker.call(ProtobufRpcEngine2.java:595) [hadoop-common-3.3.5.jar:?]
	at org.apache.hadoop.ipc.ProtobufRpcEngine2$Server$ProtoBufRpcInvoker.call(ProtobufRpcEngine2.java:573) [hadoop-common-3.3.5.jar:?]
	at org.apache.hadoop.ipc.RPC$Server.call(RPC.java:1213) [hadoop-common-3.3.5.jar:?]
	at org.apache.hadoop.ipc.Server$RpcCall.run(Server.java:1089) [hadoop-common-3.3.5.jar:?]
	at org.apache.hadoop.ipc.Server$RpcCall.run(Server.java:1012) [hadoop-common-3.3.5.jar:?]
	at java.security.AccessController.doPrivileged(Native Method) ~[?:1.8.0_372]
	at javax.security.auth.Subject.doAs(Subject.java:422) [?:1.8.0_372]
	at org.apache.hadoop.security.UserGroupInformation.doAs(UserGroupInformation.java:1899) [hadoop-common-3.3.5.jar:?]
	at org.apache.hadoop.ipc.Server$Handler.run(Server.java:3026) [hadoop-common-3.3.5.jar:?]
21:37:19.862 [IPC Server handler 16 on default port 15057] ERROR OMAudit - user=runner | ip=127.0.0.1 | op=GET_FILE_STATUS {volume=e07bf019-e56e-407d-94df-7618b19160dc, bucket=a2854073-ca70-4288-85d2-0c210b372e5b, key=.Trash, dataSize=0, replicationConfig=null} | ret=FAILURE
org.apache.hadoop.ozone.om.exceptions.OMException: Unable to get file status: volume: e07bf019-e56e-407d-94df-7618b19160dc bucket: a2854073-ca70-4288-85d2-0c210b372e5b key: .Trash
	at org.apache.hadoop.ozone.om.KeyManagerImpl.getOzoneFileStatus(KeyManagerImpl.java:1186) ~[ozone-manager-1.4.0-SNAPSHOT.jar:?]
	at org.apache.hadoop.ozone.om.KeyManagerImpl.getFileStatus(KeyManagerImpl.java:1104) ~[ozone-manager-1.4.0-SNAPSHOT.jar:?]
	at org.apache.hadoop.ozone.om.OmMetadataReader.getFileStatus(OmMetadataReader.java:286) ~[ozone-manager-1.4.0-SNAPSHOT.jar:?]
	at org.apache.hadoop.ozone.om.OzoneManager.getFileStatus(OzoneManager.java:3499) ~[ozone-manager-1.4.0-SNAPSHOT.jar:?]
	at org.apache.hadoop.ozone.protocolPB.OzoneManagerRequestHandler.getOzoneFileStatus(OzoneManagerRequestHandler.java:950) ~[ozone-manager-1.4.0-SNAPSHOT.jar:?]
	at org.apache.hadoop.ozone.protocolPB.OzoneManagerRequestHandler.handleReadRequest(OzoneManagerRequestHandler.java:245) ~[ozone-manager-1.4.0-SNAPSHOT.jar:?]
	at org.apache.hadoop.ozone.protocolPB.OzoneManagerProtocolServerSideTranslatorPB.submitRequestDirectlyToOM(OzoneManagerProtocolServerSideTranslatorPB.java:272) ~[ozone-manager-1.4.0-SNAPSHOT.jar:?]
	at org.apache.hadoop.ozone.protocolPB.OzoneManagerProtocolServerSideTranslatorPB.processRequest(OzoneManagerProtocolServerSideTranslatorPB.java:173) ~[ozone-manager-1.4.0-SNAPSHOT.jar:?]
	at org.apache.hadoop.hdds.server.OzoneProtocolMessageDispatcher.processRequest(OzoneProtocolMessageDispatcher.java:87) [hdds-server-framework-1.4.0-SNAPSHOT.jar:?]
	at org.apache.hadoop.ozone.protocolPB.OzoneManagerProtocolServerSideTranslatorPB.submitRequest(OzoneManagerProtocolServerSideTranslatorPB.java:147) [ozone-manager-1.4.0-SNAPSHOT.jar:?]
	at org.apache.hadoop.ozone.protocol.proto.OzoneManagerProtocolProtos$OzoneManagerService$2.callBlockingMethod(OzoneManagerProtocolProtos.java) [ozone-interface-client-1.4.0-SNAPSHOT.jar:?]
	at org.apache.hadoop.ipc.ProtobufRpcEngine$Server.processCall(ProtobufRpcEngine.java:484) [hadoop-common-3.3.5.jar:?]
	at org.apache.hadoop.ipc.ProtobufRpcEngine2$Server$ProtoBufRpcInvoker.call(ProtobufRpcEngine2.java:595) [hadoop-common-3.3.5.jar:?]
	at org.apache.hadoop.ipc.ProtobufRpcEngine2$Server$ProtoBufRpcInvoker.call(ProtobufRpcEngine2.java:573) [hadoop-common-3.3.5.jar:?]
	at org.apache.hadoop.ipc.RPC$Server.call(RPC.java:1213) [hadoop-common-3.3.5.jar:?]
	at org.apache.hadoop.ipc.Server$RpcCall.run(Server.java:1089) [hadoop-common-3.3.5.jar:?]
	at org.apache.hadoop.ipc.Server$RpcCall.run(Server.java:1012) [hadoop-common-3.3.5.jar:?]
	at java.security.AccessController.doPrivileged(Native Method) ~[?:1.8.0_372]
	at javax.security.auth.Subject.doAs(Subject.java:422) [?:1.8.0_372]
	at org.apache.hadoop.security.UserGroupInformation.doAs(UserGroupInformation.java:1899) [hadoop-common-3.3.5.jar:?]
	at org.apache.hadoop.ipc.Server$Handler.run(Server.java:3026) [hadoop-common-3.3.5.jar:?]
21:37:19.864 [IPC Server handler 9 on default port 15057] ERROR OMAudit - user=runner | ip=127.0.0.1 | op=GET_FILE_STATUS {volume=volume14840, bucket=bucket68410, key=.Trash, dataSize=0, replicationConfig=null} | ret=FAILURE
org.apache.hadoop.ozone.om.exceptions.OMException: Unable to get file status: volume: volume14840 bucket: bucket68410 key: .Trash
	at org.apache.hadoop.ozone.om.KeyManagerImpl.getOzoneFileStatusFSO(KeyManagerImpl.java:1311) ~[ozone-manager-1.4.0-SNAPSHOT.jar:?]
	at org.apache.hadoop.ozone.om.KeyManagerImpl.getFileStatus(KeyManagerImpl.java:1102) ~[ozone-manager-1.4.0-SNAPSHOT.jar:?]
	at org.apache.hadoop.ozone.om.OmMetadataReader.getFileStatus(OmMetadataReader.java:286) ~[ozone-manager-1.4.0-SNAPSHOT.jar:?]
	at org.apache.hadoop.ozone.om.OzoneManager.getFileStatus(OzoneManager.java:3499) ~[ozone-manager-1.4.0-SNAPSHOT.jar:?]
	at org.apache.hadoop.ozone.protocolPB.OzoneManagerRequestHandler.getOzoneFileStatus(OzoneManagerRequestHandler.java:950) ~[ozone-manager-1.4.0-SNAPSHOT.jar:?]
	at org.apache.hadoop.ozone.protocolPB.OzoneManagerRequestHandler.handleReadRequest(OzoneManagerRequestHandler.java:245) ~[ozone-manager-1.4.0-SNAPSHOT.jar:?]
	at org.apache.hadoop.ozone.protocolPB.OzoneManagerProtocolServerSideTranslatorPB.submitRequestDirectlyToOM(OzoneManagerProtocolServerSideTranslatorPB.java:272) ~[ozone-manager-1.4.0-SNAPSHOT.jar:?]
	at org.apache.hadoop.ozone.protocolPB.OzoneManagerProtocolServerSideTranslatorPB.processRequest(OzoneManagerProtocolServerSideTranslatorPB.java:173) ~[ozone-manager-1.4.0-SNAPSHOT.jar:?]
	at org.apache.hadoop.hdds.server.OzoneProtocolMessageDispatcher.processRequest(OzoneProtocolMessageDispatcher.java:87) [hdds-server-framework-1.4.0-SNAPSHOT.jar:?]
	at org.apache.hadoop.ozone.protocolPB.OzoneManagerProtocolServerSideTranslatorPB.submitRequest(OzoneManagerProtocolServerSideTranslatorPB.java:147) [ozone-manager-1.4.0-SNAPSHOT.jar:?]
	at org.apache.hadoop.ozone.protocol.proto.OzoneManagerProtocolProtos$OzoneManagerService$2.callBlockingMethod(OzoneManagerProtocolProtos.java) [ozone-interface-client-1.4.0-SNAPSHOT.jar:?]
	at org.apache.hadoop.ipc.ProtobufRpcEngine$Server.processCall(ProtobufRpcEngine.java:484) [hadoop-common-3.3.5.jar:?]
	at org.apache.hadoop.ipc.ProtobufRpcEngine2$Server$ProtoBufRpcInvoker.call(ProtobufRpcEngine2.java:595) [hadoop-common-3.3.5.jar:?]
	at org.apache.hadoop.ipc.ProtobufRpcEngine2$Server$ProtoBufRpcInvoker.call(ProtobufRpcEngine2.java:573) [hadoop-common-3.3.5.jar:?]
	at org.apache.hadoop.ipc.RPC$Server.call(RPC.java:1213) [hadoop-common-3.3.5.jar:?]
	at org.apache.hadoop.ipc.Server$RpcCall.run(Server.java:1089) [hadoop-common-3.3.5.jar:?]
	at org.apache.hadoop.ipc.Server$RpcCall.run(Server.java:1012) [hadoop-common-3.3.5.jar:?]
	at java.security.AccessController.doPrivileged(Native Method) ~[?:1.8.0_372]
	at javax.security.auth.Subject.doAs(Subject.java:422) [?:1.8.0_372]
	at org.apache.hadoop.security.UserGroupInformation.doAs(UserGroupInformation.java:1899) [hadoop-common-3.3.5.jar:?]
	at org.apache.hadoop.ipc.Server$Handler.run(Server.java:3026) [hadoop-common-3.3.5.jar:?]
21:37:19.870 [IPC Server handler 15 on default port 15057] ERROR OMAudit - user=runner | ip=127.0.0.1 | op=GET_FILE_STATUS {volume=volume44500, bucket=trashroottest2, key=.Trash, dataSize=0, replicationConfig=null} | ret=FAILURE
org.apache.hadoop.ozone.om.exceptions.OMException: Unable to get file status: volume: volume44500 bucket: trashroottest2 key: .Trash
	at org.apache.hadoop.ozone.om.KeyManagerImpl.getOzoneFileStatusFSO(KeyManagerImpl.java:1311) ~[ozone-manager-1.4.0-SNAPSHOT.jar:?]
	at org.apache.hadoop.ozone.om.KeyManagerImpl.getFileStatus(KeyManagerImpl.java:1102) ~[ozone-manager-1.4.0-SNAPSHOT.jar:?]
	at org.apache.hadoop.ozone.om.OmMetadataReader.getFileStatus(OmMetadataReader.java:286) ~[ozone-manager-1.4.0-SNAPSHOT.jar:?]
	at org.apache.hadoop.ozone.om.OzoneManager.getFileStatus(OzoneManager.java:3499) ~[ozone-manager-1.4.0-SNAPSHOT.jar:?]
	at org.apache.hadoop.ozone.protocolPB.OzoneManagerRequestHandler.getOzoneFileStatus(OzoneManagerRequestHandler.java:950) ~[ozone-manager-1.4.0-SNAPSHOT.jar:?]
	at org.apache.hadoop.ozone.protocolPB.OzoneManagerRequestHandler.handleReadRequest(OzoneManagerRequestHandler.java:245) ~[ozone-manager-1.4.0-SNAPSHOT.jar:?]
	at org.apache.hadoop.ozone.protocolPB.OzoneManagerProtocolServerSideTranslatorPB.submitRequestDirectlyToOM(OzoneManagerProtocolServerSideTranslatorPB.java:272) ~[ozone-manager-1.4.0-SNAPSHOT.jar:?]
	at org.apache.hadoop.ozone.protocolPB.OzoneManagerProtocolServerSideTranslatorPB.processRequest(OzoneManagerProtocolServerSideTranslatorPB.java:173) ~[ozone-manager-1.4.0-SNAPSHOT.jar:?]
	at org.apache.hadoop.hdds.server.OzoneProtocolMessageDispatcher.processRequest(OzoneProtocolMessageDispatcher.java:87) [hdds-server-framework-1.4.0-SNAPSHOT.jar:?]
	at org.apache.hadoop.ozone.protocolPB.OzoneManagerProtocolServerSideTranslatorPB.submitRequest(OzoneManagerProtocolServerSideTranslatorPB.java:147) [ozone-manager-1.4.0-SNAPSHOT.jar:?]
	at org.apache.hadoop.ozone.protocol.proto.OzoneManagerProtocolProtos$OzoneManagerService$2.callBlockingMethod(OzoneManagerProtocolProtos.java) [ozone-interface-client-1.4.0-SNAPSHOT.jar:?]
	at org.apache.hadoop.ipc.ProtobufRpcEngine$Server.processCall(ProtobufRpcEngine.java:484) [hadoop-common-3.3.5.jar:?]
	at org.apache.hadoop.ipc.ProtobufRpcEngine2$Server$ProtoBufRpcInvoker.call(ProtobufRpcEngine2.java:595) [hadoop-common-3.3.5.jar:?]
	at org.apache.hadoop.ipc.ProtobufRpcEngine2$Server$ProtoBufRpcInvoker.call(ProtobufRpcEngine2.java:573) [hadoop-common-3.3.5.jar:?]
	at org.apache.hadoop.ipc.RPC$Server.call(RPC.java:1213) [hadoop-common-3.3.5.jar:?]
	at org.apache.hadoop.ipc.Server$RpcCall.run(Server.java:1089) [hadoop-common-3.3.5.jar:?]
	at org.apache.hadoop.ipc.Server$RpcCall.run(Server.java:1012) [hadoop-common-3.3.5.jar:?]
	at java.security.AccessController.doPrivileged(Native Method) ~[?:1.8.0_372]
	at javax.security.auth.Subject.doAs(Subject.java:422) [?:1.8.0_372]
	at org.apache.hadoop.security.UserGroupInformation.doAs(UserGroupInformation.java:1899) [hadoop-common-3.3.5.jar:?]
	at org.apache.hadoop.ipc.Server$Handler.run(Server.java:3026) [hadoop-common-3.3.5.jar:?]
21:37:19.872 [IPC Server handler 17 on default port 15057] ERROR OMAudit - user=runner | ip=127.0.0.1 | op=GET_FILE_STATUS {volume=volume48889, bucket=bucket75164, key=.Trash, dataSize=0, replicationConfig=null} | ret=FAILURE
org.apache.hadoop.ozone.om.exceptions.OMException: Unable to get file status: volume: volume48889 bucket: bucket75164 key: .Trash
	at org.apache.hadoop.ozone.om.KeyManagerImpl.getOzoneFileStatusFSO(KeyManagerImpl.java:1311) ~[ozone-manager-1.4.0-SNAPSHOT.jar:?]
	at org.apache.hadoop.ozone.om.KeyManagerImpl.getFileStatus(KeyManagerImpl.java:1102) ~[ozone-manager-1.4.0-SNAPSHOT.jar:?]
	at org.apache.hadoop.ozone.om.OmMetadataReader.getFileStatus(OmMetadataReader.java:286) ~[ozone-manager-1.4.0-SNAPSHOT.jar:?]
	at org.apache.hadoop.ozone.om.OzoneManager.getFileStatus(OzoneManager.java:3499) ~[ozone-manager-1.4.0-SNAPSHOT.jar:?]
	at org.apache.hadoop.ozone.protocolPB.OzoneManagerRequestHandler.getOzoneFileStatus(OzoneManagerRequestHandler.java:950) ~[ozone-manager-1.4.0-SNAPSHOT.jar:?]
	at org.apache.hadoop.ozone.protocolPB.OzoneManagerRequestHandler.handleReadRequest(OzoneManagerRequestHandler.java:245) ~[ozone-manager-1.4.0-SNAPSHOT.jar:?]
	at org.apache.hadoop.ozone.protocolPB.OzoneManagerProtocolServerSideTranslatorPB.submitRequestDirectlyToOM(OzoneManagerProtocolServerSideTranslatorPB.java:272) ~[ozone-manager-1.4.0-SNAPSHOT.jar:?]
	at org.apache.hadoop.ozone.protocolPB.OzoneManagerProtocolServerSideTranslatorPB.processRequest(OzoneManagerProtocolServerSideTranslatorPB.java:173) ~[ozone-manager-1.4.0-SNAPSHOT.jar:?]
	at org.apache.hadoop.hdds.server.OzoneProtocolMessageDispatcher.processRequest(OzoneProtocolMessageDispatcher.java:87) [hdds-server-framework-1.4.0-SNAPSHOT.jar:?]
	at org.apache.hadoop.ozone.protocolPB.OzoneManagerProtocolServerSideTranslatorPB.submitRequest(OzoneManagerProtocolServerSideTranslatorPB.java:147) [ozone-manager-1.4.0-SNAPSHOT.jar:?]
	at org.apache.hadoop.ozone.protocol.proto.OzoneManagerProtocolProtos$OzoneManagerService$2.callBlockingMethod(OzoneManagerProtocolProtos.java) [ozone-interface-client-1.4.0-SNAPSHOT.jar:?]
	at org.apache.hadoop.ipc.ProtobufRpcEngine$Server.processCall(ProtobufRpcEngine.java:484) [hadoop-common-3.3.5.jar:?]
	at org.apache.hadoop.ipc.ProtobufRpcEngine2$Server$ProtoBufRpcInvoker.call(ProtobufRpcEngine2.java:595) [hadoop-common-3.3.5.jar:?]
	at org.apache.hadoop.ipc.ProtobufRpcEngine2$Server$ProtoBufRpcInvoker.call(ProtobufRpcEngine2.java:573) [hadoop-common-3.3.5.jar:?]
	at org.apache.hadoop.ipc.RPC$Server.call(RPC.java:1213) [hadoop-common-3.3.5.jar:?]
	at org.apache.hadoop.ipc.Server$RpcCall.run(Server.java:1089) [hadoop-common-3.3.5.jar:?]
	at org.apache.hadoop.ipc.Server$RpcCall.run(Server.java:1012) [hadoop-common-3.3.5.jar:?]
	at java.security.AccessController.doPrivileged(Native Method) ~[?:1.8.0_372]
	at javax.security.auth.Subject.doAs(Subject.java:422) [?:1.8.0_372]
	at org.apache.hadoop.security.UserGroupInformation.doAs(UserGroupInformation.java:1899) [hadoop-common-3.3.5.jar:?]
	at org.apache.hadoop.ipc.Server$Handler.run(Server.java:3026) [hadoop-common-3.3.5.jar:?]
21:37:19.880 [IPC Server handler 0 on default port 15057] ERROR OMAudit - user=runner | ip=127.0.0.1 | op=GET_FILE_STATUS {volume=volume14840, bucket=bucket68410, key=.Trash/runner, dataSize=0, replicationConfig=null} | ret=FAILURE
org.apache.hadoop.ozone.om.exceptions.OMException: Unable to get file status: volume: volume14840 bucket: bucket68410 key: .Trash/runner
	at org.apache.hadoop.ozone.om.KeyManagerImpl.getOzoneFileStatusFSO(KeyManagerImpl.java:1311) ~[ozone-manager-1.4.0-SNAPSHOT.jar:?]
	at org.apache.hadoop.ozone.om.KeyManagerImpl.getFileStatus(KeyManagerImpl.java:1102) ~[ozone-manager-1.4.0-SNAPSHOT.jar:?]
	at org.apache.hadoop.ozone.om.OmMetadataReader.getFileStatus(OmMetadataReader.java:286) ~[ozone-manager-1.4.0-SNAPSHOT.jar:?]
	at org.apache.hadoop.ozone.om.OzoneManager.getFileStatus(OzoneManager.java:3499) ~[ozone-manager-1.4.0-SNAPSHOT.jar:?]
	at org.apache.hadoop.ozone.protocolPB.OzoneManagerRequestHandler.getOzoneFileStatus(OzoneManagerRequestHandler.java:950) ~[ozone-manager-1.4.0-SNAPSHOT.jar:?]
	at org.apache.hadoop.ozone.protocolPB.OzoneManagerRequestHandler.handleReadRequest(OzoneManagerRequestHandler.java:245) ~[ozone-manager-1.4.0-SNAPSHOT.jar:?]
	at org.apache.hadoop.ozone.protocolPB.OzoneManagerProtocolServerSideTranslatorPB.submitRequestDirectlyToOM(OzoneManagerProtocolServerSideTranslatorPB.java:272) ~[ozone-manager-1.4.0-SNAPSHOT.jar:?]
	at org.apache.hadoop.ozone.protocolPB.OzoneManagerProtocolServerSideTranslatorPB.processRequest(OzoneManagerProtocolServerSideTranslatorPB.java:173) ~[ozone-manager-1.4.0-SNAPSHOT.jar:?]
	at org.apache.hadoop.hdds.server.OzoneProtocolMessageDispatcher.processRequest(OzoneProtocolMessageDispatcher.java:87) [hdds-server-framework-1.4.0-SNAPSHOT.jar:?]
	at org.apache.hadoop.ozone.protocolPB.OzoneManagerProtocolServerSideTranslatorPB.submitRequest(OzoneManagerProtocolServerSideTranslatorPB.java:147) [ozone-manager-1.4.0-SNAPSHOT.jar:?]
	at org.apache.hadoop.ozone.protocol.proto.OzoneManagerProtocolProtos$OzoneManagerService$2.callBlockingMethod(OzoneManagerProtocolProtos.java) [ozone-interface-client-1.4.0-SNAPSHOT.jar:?]
	at org.apache.hadoop.ipc.ProtobufRpcEngine$Server.processCall(ProtobufRpcEngine.java:484) [hadoop-common-3.3.5.jar:?]
	at org.apache.hadoop.ipc.ProtobufRpcEngine2$Server$ProtoBufRpcInvoker.call(ProtobufRpcEngine2.java:595) [hadoop-common-3.3.5.jar:?]
	at org.apache.hadoop.ipc.ProtobufRpcEngine2$Server$ProtoBufRpcInvoker.call(ProtobufRpcEngine2.java:573) [hadoop-common-3.3.5.jar:?]
	at org.apache.hadoop.ipc.RPC$Server.call(RPC.java:1213) [hadoop-common-3.3.5.jar:?]
	at org.apache.hadoop.ipc.Server$RpcCall.run(Server.java:1089) [hadoop-common-3.3.5.jar:?]
	at org.apache.hadoop.ipc.Server$RpcCall.run(Server.java:1012) [hadoop-common-3.3.5.jar:?]
	at java.security.AccessController.doPrivileged(Native Method) ~[?:1.8.0_372]
	at javax.security.auth.Subject.doAs(Subject.java:422) [?:1.8.0_372]
	at org.apache.hadoop.security.UserGroupInformation.doAs(UserGroupInformation.java:1899) [hadoop-common-3.3.5.jar:?]
	at org.apache.hadoop.ipc.Server$Handler.run(Server.java:3026) [hadoop-common-3.3.5.jar:?]
21:37:19.886 [IPC Server handler 8 on default port 15057] ERROR OMAudit - user=runner | ip=127.0.0.1 | op=GET_FILE_STATUS {volume=volume44500, bucket=trashroottest2, key=.Trash/runner, dataSize=0, replicationConfig=null} | ret=FAILURE
org.apache.hadoop.ozone.om.exceptions.OMException: Unable to get file status: volume: volume44500 bucket: trashroottest2 key: .Trash/runner
	at org.apache.hadoop.ozone.om.KeyManagerImpl.getOzoneFileStatusFSO(KeyManagerImpl.java:1311) ~[ozone-manager-1.4.0-SNAPSHOT.jar:?]
	at org.apache.hadoop.ozone.om.KeyManagerImpl.getFileStatus(KeyManagerImpl.java:1102) ~[ozone-manager-1.4.0-SNAPSHOT.jar:?]
	at org.apache.hadoop.ozone.om.OmMetadataReader.getFileStatus(OmMetadataReader.java:286) ~[ozone-manager-1.4.0-SNAPSHOT.jar:?]
	at org.apache.hadoop.ozone.om.OzoneManager.getFileStatus(OzoneManager.java:3499) ~[ozone-manager-1.4.0-SNAPSHOT.jar:?]
	at org.apache.hadoop.ozone.protocolPB.OzoneManagerRequestHandler.getOzoneFileStatus(OzoneManagerRequestHandler.java:950) ~[ozone-manager-1.4.0-SNAPSHOT.jar:?]
	at org.apache.hadoop.ozone.protocolPB.OzoneManagerRequestHandler.handleReadRequest(OzoneManagerRequestHandler.java:245) ~[ozone-manager-1.4.0-SNAPSHOT.jar:?]
	at org.apache.hadoop.ozone.protocolPB.OzoneManagerProtocolServerSideTranslatorPB.submitRequestDirectlyToOM(OzoneManagerProtocolServerSideTranslatorPB.java:272) ~[ozone-manager-1.4.0-SNAPSHOT.jar:?]
	at org.apache.hadoop.ozone.protocolPB.OzoneManagerProtocolServerSideTranslatorPB.processRequest(OzoneManagerProtocolServerSideTranslatorPB.java:173) ~[ozone-manager-1.4.0-SNAPSHOT.jar:?]
	at org.apache.hadoop.hdds.server.OzoneProtocolMessageDispatcher.processRequest(OzoneProtocolMessageDispatcher.java:87) [hdds-server-framework-1.4.0-SNAPSHOT.jar:?]
	at org.apache.hadoop.ozone.protocolPB.OzoneManagerProtocolServerSideTranslatorPB.submitRequest(OzoneManagerProtocolServerSideTranslatorPB.java:147) [ozone-manager-1.4.0-SNAPSHOT.jar:?]
	at org.apache.hadoop.ozone.protocol.proto.OzoneManagerProtocolProtos$OzoneManagerService$2.callBlockingMethod(OzoneManagerProtocolProtos.java) [ozone-interface-client-1.4.0-SNAPSHOT.jar:?]
	at org.apache.hadoop.ipc.ProtobufRpcEngine$Server.processCall(ProtobufRpcEngine.java:484) [hadoop-common-3.3.5.jar:?]
	at org.apache.hadoop.ipc.ProtobufRpcEngine2$Server$ProtoBufRpcInvoker.call(ProtobufRpcEngine2.java:595) [hadoop-common-3.3.5.jar:?]
	at org.apache.hadoop.ipc.ProtobufRpcEngine2$Server$ProtoBufRpcInvoker.call(ProtobufRpcEngine2.java:573) [hadoop-common-3.3.5.jar:?]
	at org.apache.hadoop.ipc.RPC$Server.call(RPC.java:1213) [hadoop-common-3.3.5.jar:?]
	at org.apache.hadoop.ipc.Server$RpcCall.run(Server.java:1089) [hadoop-common-3.3.5.jar:?]
	at org.apache.hadoop.ipc.Server$RpcCall.run(Server.java:1012) [hadoop-common-3.3.5.jar:?]
	at java.security.AccessController.doPrivileged(Native Method) ~[?:1.8.0_372]
	at javax.security.auth.Subject.doAs(Subject.java:422) [?:1.8.0_372]
	at org.apache.hadoop.security.UserGroupInformation.doAs(UserGroupInformation.java:1899) [hadoop-common-3.3.5.jar:?]
	at org.apache.hadoop.ipc.Server$Handler.run(Server.java:3026) [hadoop-common-3.3.5.jar:?]
21:37:19.889 [IPC Server handler 11 on default port 15057] ERROR OMAudit - user=runner | ip=127.0.0.1 | op=GET_FILE_STATUS {volume=e07bf019-e56e-407d-94df-7618b19160dc, bucket=a2854073-ca70-4288-85d2-0c210b372e5b, key=.Trash, dataSize=0, replicationConfig=null} | ret=FAILURE
org.apache.hadoop.ozone.om.exceptions.OMException: Unable to get file status: volume: e07bf019-e56e-407d-94df-7618b19160dc bucket: a2854073-ca70-4288-85d2-0c210b372e5b key: .Trash
	at org.apache.hadoop.ozone.om.KeyManagerImpl.getOzoneFileStatus(KeyManagerImpl.java:1186) ~[ozone-manager-1.4.0-SNAPSHOT.jar:?]
	at org.apache.hadoop.ozone.om.KeyManagerImpl.getFileStatus(KeyManagerImpl.java:1104) ~[ozone-manager-1.4.0-SNAPSHOT.jar:?]
	at org.apache.hadoop.ozone.om.OmMetadataReader.getFileStatus(OmMetadataReader.java:286) ~[ozone-manager-1.4.0-SNAPSHOT.jar:?]
	at org.apache.hadoop.ozone.om.OzoneManager.getFileStatus(OzoneManager.java:3499) ~[ozone-manager-1.4.0-SNAPSHOT.jar:?]
	at org.apache.hadoop.ozone.protocolPB.OzoneManagerRequestHandler.getOzoneFileStatus(OzoneManagerRequestHandler.java:950) ~[ozone-manager-1.4.0-SNAPSHOT.jar:?]
	at org.apache.hadoop.ozone.protocolPB.OzoneManagerRequestHandler.handleReadRequest(OzoneManagerRequestHandler.java:245) ~[ozone-manager-1.4.0-SNAPSHOT.jar:?]
	at org.apache.hadoop.ozone.protocolPB.OzoneManagerProtocolServerSideTranslatorPB.submitRequestDirectlyToOM(OzoneManagerProtocolServerSideTranslatorPB.java:272) ~[ozone-manager-1.4.0-SNAPSHOT.jar:?]
	at org.apache.hadoop.ozone.protocolPB.OzoneManagerProtocolServerSideTranslatorPB.processRequest(OzoneManagerProtocolServerSideTranslatorPB.java:173) ~[ozone-manager-1.4.0-SNAPSHOT.jar:?]
	at org.apache.hadoop.hdds.server.OzoneProtocolMessageDispatcher.processRequest(OzoneProtocolMessageDispatcher.java:87) [hdds-server-framework-1.4.0-SNAPSHOT.jar:?]
	at org.apache.hadoop.ozone.protocolPB.OzoneManagerProtocolServerSideTranslatorPB.submitRequest(OzoneManagerProtocolServerSideTranslatorPB.java:147) [ozone-manager-1.4.0-SNAPSHOT.jar:?]
	at org.apache.hadoop.ozone.protocol.proto.OzoneManagerProtocolProtos$OzoneManagerService$2.callBlockingMethod(OzoneManagerProtocolProtos.java) [ozone-interface-client-1.4.0-SNAPSHOT.jar:?]
	at org.apache.hadoop.ipc.ProtobufRpcEngine$Server.processCall(ProtobufRpcEngine.java:484) [hadoop-common-3.3.5.jar:?]
	at org.apache.hadoop.ipc.ProtobufRpcEngine2$Server$ProtoBufRpcInvoker.call(ProtobufRpcEngine2.java:595) [hadoop-common-3.3.5.jar:?]
	at org.apache.hadoop.ipc.ProtobufRpcEngine2$Server$ProtoBufRpcInvoker.call(ProtobufRpcEngine2.java:573) [hadoop-common-3.3.5.jar:?]
	at org.apache.hadoop.ipc.RPC$Server.call(RPC.java:1213) [hadoop-common-3.3.5.jar:?]
	at org.apache.hadoop.ipc.Server$RpcCall.run(Server.java:1089) [hadoop-common-3.3.5.jar:?]
	at org.apache.hadoop.ipc.Server$RpcCall.run(Server.java:1012) [hadoop-common-3.3.5.jar:?]
	at java.security.AccessController.doPrivileged(Native Method) ~[?:1.8.0_372]
	at javax.security.auth.Subject.doAs(Subject.java:422) [?:1.8.0_372]
	at org.apache.hadoop.security.UserGroupInformation.doAs(UserGroupInformation.java:1899) [hadoop-common-3.3.5.jar:?]
	at org.apache.hadoop.ipc.Server$Handler.run(Server.java:3026) [hadoop-common-3.3.5.jar:?]
21:37:19.891 [IPC Server handler 2 on default port 15057] ERROR OMAudit - user=runner | ip=127.0.0.1 | op=GET_FILE_STATUS {volume=volume14840, bucket=bucket68410, key=.Trash, dataSize=0, replicationConfig=null} | ret=FAILURE
org.apache.hadoop.ozone.om.exceptions.OMException: Unable to get file status: volume: volume14840 bucket: bucket68410 key: .Trash
	at org.apache.hadoop.ozone.om.KeyManagerImpl.getOzoneFileStatusFSO(KeyManagerImpl.java:1311) ~[ozone-manager-1.4.0-SNAPSHOT.jar:?]
	at org.apache.hadoop.ozone.om.KeyManagerImpl.getFileStatus(KeyManagerImpl.java:1102) ~[ozone-manager-1.4.0-SNAPSHOT.jar:?]
	at org.apache.hadoop.ozone.om.OmMetadataReader.getFileStatus(OmMetadataReader.java:286) ~[ozone-manager-1.4.0-SNAPSHOT.jar:?]
	at org.apache.hadoop.ozone.om.OzoneManager.getFileStatus(OzoneManager.java:3499) ~[ozone-manager-1.4.0-SNAPSHOT.jar:?]
	at org.apache.hadoop.ozone.protocolPB.OzoneManagerRequestHandler.getOzoneFileStatus(OzoneManagerRequestHandler.java:950) ~[ozone-manager-1.4.0-SNAPSHOT.jar:?]
	at org.apache.hadoop.ozone.protocolPB.OzoneManagerRequestHandler.handleReadRequest(OzoneManagerRequestHandler.java:245) ~[ozone-manager-1.4.0-SNAPSHOT.jar:?]
	at org.apache.hadoop.ozone.protocolPB.OzoneManagerProtocolServerSideTranslatorPB.submitRequestDirectlyToOM(OzoneManagerProtocolServerSideTranslatorPB.java:272) ~[ozone-manager-1.4.0-SNAPSHOT.jar:?]
	at org.apache.hadoop.ozone.protocolPB.OzoneManagerProtocolServerSideTranslatorPB.processRequest(OzoneManagerProtocolServerSideTranslatorPB.java:173) ~[ozone-manager-1.4.0-SNAPSHOT.jar:?]
	at org.apache.hadoop.hdds.server.OzoneProtocolMessageDispatcher.processRequest(OzoneProtocolMessageDispatcher.java:87) [hdds-server-framework-1.4.0-SNAPSHOT.jar:?]
	at org.apache.hadoop.ozone.protocolPB.OzoneManagerProtocolServerSideTranslatorPB.submitRequest(OzoneManagerProtocolServerSideTranslatorPB.java:147) [ozone-manager-1.4.0-SNAPSHOT.jar:?]
	at org.apache.hadoop.ozone.protocol.proto.OzoneManagerProtocolProtos$OzoneManagerService$2.callBlockingMethod(OzoneManagerProtocolProtos.java) [ozone-interface-client-1.4.0-SNAPSHOT.jar:?]
	at org.apache.hadoop.ipc.ProtobufRpcEngine$Server.processCall(ProtobufRpcEngine.java:484) [hadoop-common-3.3.5.jar:?]
	at org.apache.hadoop.ipc.ProtobufRpcEngine2$Server$ProtoBufRpcInvoker.call(ProtobufRpcEngine2.java:595) [hadoop-common-3.3.5.jar:?]
	at org.apache.hadoop.ipc.ProtobufRpcEngine2$Server$ProtoBufRpcInvoker.call(ProtobufRpcEngine2.java:573) [hadoop-common-3.3.5.jar:?]
	at org.apache.hadoop.ipc.RPC$Server.call(RPC.java:1213) [hadoop-common-3.3.5.jar:?]
	at org.apache.hadoop.ipc.Server$RpcCall.run(Server.java:1089) [hadoop-common-3.3.5.jar:?]
	at org.apache.hadoop.ipc.Server$RpcCall.run(Server.java:1012) [hadoop-common-3.3.5.jar:?]
	at java.security.AccessController.doPrivileged(Native Method) ~[?:1.8.0_372]
	at javax.security.auth.Subject.doAs(Subject.java:422) [?:1.8.0_372]
	at org.apache.hadoop.security.UserGroupInformation.doAs(UserGroupInformation.java:1899) [hadoop-common-3.3.5.jar:?]
	at org.apache.hadoop.ipc.Server$Handler.run(Server.java:3026) [hadoop-common-3.3.5.jar:?]
21:37:19.898 [IPC Server handler 13 on default port 15057] ERROR OMAudit - user=runner | ip=127.0.0.1 | op=GET_FILE_STATUS {volume=volume44500, bucket=trashroottest2, key=.Trash, dataSize=0, replicationConfig=null} | ret=FAILURE
org.apache.hadoop.ozone.om.exceptions.OMException: Unable to get file status: volume: volume44500 bucket: trashroottest2 key: .Trash
	at org.apache.hadoop.ozone.om.KeyManagerImpl.getOzoneFileStatusFSO(KeyManagerImpl.java:1311) ~[ozone-manager-1.4.0-SNAPSHOT.jar:?]
	at org.apache.hadoop.ozone.om.KeyManagerImpl.getFileStatus(KeyManagerImpl.java:1102) ~[ozone-manager-1.4.0-SNAPSHOT.jar:?]
	at org.apache.hadoop.ozone.om.OmMetadataReader.getFileStatus(OmMetadataReader.java:286) ~[ozone-manager-1.4.0-SNAPSHOT.jar:?]
	at org.apache.hadoop.ozone.om.OzoneManager.getFileStatus(OzoneManager.java:3499) ~[ozone-manager-1.4.0-SNAPSHOT.jar:?]
	at org.apache.hadoop.ozone.protocolPB.OzoneManagerRequestHandler.getOzoneFileStatus(OzoneManagerRequestHandler.java:950) ~[ozone-manager-1.4.0-SNAPSHOT.jar:?]
	at org.apache.hadoop.ozone.protocolPB.OzoneManagerRequestHandler.handleReadRequest(OzoneManagerRequestHandler.java:245) ~[ozone-manager-1.4.0-SNAPSHOT.jar:?]
	at org.apache.hadoop.ozone.protocolPB.OzoneManagerProtocolServerSideTranslatorPB.submitRequestDirectlyToOM(OzoneManagerProtocolServerSideTranslatorPB.java:272) ~[ozone-manager-1.4.0-SNAPSHOT.jar:?]
	at org.apache.hadoop.ozone.protocolPB.OzoneManagerProtocolServerSideTranslatorPB.processRequest(OzoneManagerProtocolServerSideTranslatorPB.java:173) ~[ozone-manager-1.4.0-SNAPSHOT.jar:?]
	at org.apache.hadoop.hdds.server.OzoneProtocolMessageDispatcher.processRequest(OzoneProtocolMessageDispatcher.java:87) [hdds-server-framework-1.4.0-SNAPSHOT.jar:?]
	at org.apache.hadoop.ozone.protocolPB.OzoneManagerProtocolServerSideTranslatorPB.submitRequest(OzoneManagerProtocolServerSideTranslatorPB.java:147) [ozone-manager-1.4.0-SNAPSHOT.jar:?]
	at org.apache.hadoop.ozone.protocol.proto.OzoneManagerProtocolProtos$OzoneManagerService$2.callBlockingMethod(OzoneManagerProtocolProtos.java) [ozone-interface-client-1.4.0-SNAPSHOT.jar:?]
	at org.apache.hadoop.ipc.ProtobufRpcEngine$Server.processCall(ProtobufRpcEngine.java:484) [hadoop-common-3.3.5.jar:?]
	at org.apache.hadoop.ipc.ProtobufRpcEngine2$Server$ProtoBufRpcInvoker.call(ProtobufRpcEngine2.java:595) [hadoop-common-3.3.5.jar:?]
	at org.apache.hadoop.ipc.ProtobufRpcEngine2$Server$ProtoBufRpcInvoker.call(ProtobufRpcEngine2.java:573) [hadoop-common-3.3.5.jar:?]
	at org.apache.hadoop.ipc.RPC$Server.call(RPC.java:1213) [hadoop-common-3.3.5.jar:?]
	at org.apache.hadoop.ipc.Server$RpcCall.run(Server.java:1089) [hadoop-common-3.3.5.jar:?]
	at org.apache.hadoop.ipc.Server$RpcCall.run(Server.java:1012) [hadoop-common-3.3.5.jar:?]
	at java.security.AccessController.doPrivileged(Native Method) ~[?:1.8.0_372]
	at javax.security.auth.Subject.doAs(Subject.java:422) [?:1.8.0_372]
	at org.apache.hadoop.security.UserGroupInformation.doAs(UserGroupInformation.java:1899) [hadoop-common-3.3.5.jar:?]
	at org.apache.hadoop.ipc.Server$Handler.run(Server.java:3026) [hadoop-common-3.3.5.jar:?]
21:37:19.900 [IPC Server handler 12 on default port 15057] ERROR OMAudit - user=runner | ip=127.0.0.1 | op=GET_FILE_STATUS {volume=volume48889, bucket=bucket75164, key=.Trash, dataSize=0, replicationConfig=null} | ret=FAILURE
org.apache.hadoop.ozone.om.exceptions.OMException: Unable to get file status: volume: volume48889 bucket: bucket75164 key: .Trash
	at org.apache.hadoop.ozone.om.KeyManagerImpl.getOzoneFileStatusFSO(KeyManagerImpl.java:1311) ~[ozone-manager-1.4.0-SNAPSHOT.jar:?]
	at org.apache.hadoop.ozone.om.KeyManagerImpl.getFileStatus(KeyManagerImpl.java:1102) ~[ozone-manager-1.4.0-SNAPSHOT.jar:?]
	at org.apache.hadoop.ozone.om.OmMetadataReader.getFileStatus(OmMetadataReader.java:286) ~[ozone-manager-1.4.0-SNAPSHOT.jar:?]
	at org.apache.hadoop.ozone.om.OzoneManager.getFileStatus(OzoneManager.java:3499) ~[ozone-manager-1.4.0-SNAPSHOT.jar:?]
	at org.apache.hadoop.ozone.protocolPB.OzoneManagerRequestHandler.getOzoneFileStatus(OzoneManagerRequestHandler.java:950) ~[ozone-manager-1.4.0-SNAPSHOT.jar:?]
	at org.apache.hadoop.ozone.protocolPB.OzoneManagerRequestHandler.handleReadRequest(OzoneManagerRequestHandler.java:245) ~[ozone-manager-1.4.0-SNAPSHOT.jar:?]
	at org.apache.hadoop.ozone.protocolPB.OzoneManagerProtocolServerSideTranslatorPB.submitRequestDirectlyToOM(OzoneManagerProtocolServerSideTranslatorPB.java:272) ~[ozone-manager-1.4.0-SNAPSHOT.jar:?]
	at org.apache.hadoop.ozone.protocolPB.OzoneManagerProtocolServerSideTranslatorPB.processRequest(OzoneManagerProtocolServerSideTranslatorPB.java:173) ~[ozone-manager-1.4.0-SNAPSHOT.jar:?]
	at org.apache.hadoop.hdds.server.OzoneProtocolMessageDispatcher.processRequest(OzoneProtocolMessageDispatcher.java:87) [hdds-server-framework-1.4.0-SNAPSHOT.jar:?]
	at org.apache.hadoop.ozone.protocolPB.OzoneManagerProtocolServerSideTranslatorPB.submitRequest(OzoneManagerProtocolServerSideTranslatorPB.java:147) [ozone-manager-1.4.0-SNAPSHOT.jar:?]
	at org.apache.hadoop.ozone.protocol.proto.OzoneManagerProtocolProtos$OzoneManagerService$2.callBlockingMethod(OzoneManagerProtocolProtos.java) [ozone-interface-client-1.4.0-SNAPSHOT.jar:?]
	at org.apache.hadoop.ipc.ProtobufRpcEngine$Server.processCall(ProtobufRpcEngine.java:484) [hadoop-common-3.3.5.jar:?]
	at org.apache.hadoop.ipc.ProtobufRpcEngine2$Server$ProtoBufRpcInvoker.call(ProtobufRpcEngine2.java:595) [hadoop-common-3.3.5.jar:?]
	at org.apache.hadoop.ipc.ProtobufRpcEngine2$Server$ProtoBufRpcInvoker.call(ProtobufRpcEngine2.java:573) [hadoop-common-3.3.5.jar:?]
	at org.apache.hadoop.ipc.RPC$Server.call(RPC.java:1213) [hadoop-common-3.3.5.jar:?]
	at org.apache.hadoop.ipc.Server$RpcCall.run(Server.java:1089) [hadoop-common-3.3.5.jar:?]
	at org.apache.hadoop.ipc.Server$RpcCall.run(Server.java:1012) [hadoop-common-3.3.5.jar:?]
	at java.security.AccessController.doPrivileged(Native Method) ~[?:1.8.0_372]
	at javax.security.auth.Subject.doAs(Subject.java:422) [?:1.8.0_372]
	at org.apache.hadoop.security.UserGroupInformation.doAs(UserGroupInformation.java:1899) [hadoop-common-3.3.5.jar:?]
	at org.apache.hadoop.ipc.Server$Handler.run(Server.java:3026) [hadoop-common-3.3.5.jar:?]
21:37:19.909 [IPC Server handler 8 on default port 15057] ERROR OMAudit - user=runner | ip=127.0.0.1 | op=GET_FILE_STATUS {volume=volume44500, bucket=bucket49274, key=.Trash/runner, dataSize=0, replicationConfig=null} | ret=FAILURE
org.apache.hadoop.ozone.om.exceptions.OMException: Unable to get file status: volume: volume44500 bucket: bucket49274 key: .Trash/runner
	at org.apache.hadoop.ozone.om.KeyManagerImpl.getOzoneFileStatusFSO(KeyManagerImpl.java:1311) ~[ozone-manager-1.4.0-SNAPSHOT.jar:?]
	at org.apache.hadoop.ozone.om.KeyManagerImpl.getFileStatus(KeyManagerImpl.java:1102) ~[ozone-manager-1.4.0-SNAPSHOT.jar:?]
	at org.apache.hadoop.ozone.om.OmMetadataReader.getFileStatus(OmMetadataReader.java:286) ~[ozone-manager-1.4.0-SNAPSHOT.jar:?]
	at org.apache.hadoop.ozone.om.OzoneManager.getFileStatus(OzoneManager.java:3499) ~[ozone-manager-1.4.0-SNAPSHOT.jar:?]
	at org.apache.hadoop.ozone.protocolPB.OzoneManagerRequestHandler.getOzoneFileStatus(OzoneManagerRequestHandler.java:950) ~[ozone-manager-1.4.0-SNAPSHOT.jar:?]
	at org.apache.hadoop.ozone.protocolPB.OzoneManagerRequestHandler.handleReadRequest(OzoneManagerRequestHandler.java:245) ~[ozone-manager-1.4.0-SNAPSHOT.jar:?]
	at org.apache.hadoop.ozone.protocolPB.OzoneManagerProtocolServerSideTranslatorPB.submitRequestDirectlyToOM(OzoneManagerProtocolServerSideTranslatorPB.java:272) ~[ozone-manager-1.4.0-SNAPSHOT.jar:?]
	at org.apache.hadoop.ozone.protocolPB.OzoneManagerProtocolServerSideTranslatorPB.processRequest(OzoneManagerProtocolServerSideTranslatorPB.java:173) ~[ozone-manager-1.4.0-SNAPSHOT.jar:?]
	at org.apache.hadoop.hdds.server.OzoneProtocolMessageDispatcher.processRequest(OzoneProtocolMessageDispatcher.java:87) [hdds-server-framework-1.4.0-SNAPSHOT.jar:?]
	at org.apache.hadoop.ozone.protocolPB.OzoneManagerProtocolServerSideTranslatorPB.submitRequest(OzoneManagerProtocolServerSideTranslatorPB.java:147) [ozone-manager-1.4.0-SNAPSHOT.jar:?]
	at org.apache.hadoop.ozone.protocol.proto.OzoneManagerProtocolProtos$OzoneManagerService$2.callBlockingMethod(OzoneManagerProtocolProtos.java) [ozone-interface-client-1.4.0-SNAPSHOT.jar:?]
	at org.apache.hadoop.ipc.ProtobufRpcEngine$Server.processCall(ProtobufRpcEngine.java:484) [hadoop-common-3.3.5.jar:?]
	at org.apache.hadoop.ipc.ProtobufRpcEngine2$Server$ProtoBufRpcInvoker.call(ProtobufRpcEngine2.java:595) [hadoop-common-3.3.5.jar:?]
	at org.apache.hadoop.ipc.ProtobufRpcEngine2$Server$ProtoBufRpcInvoker.call(ProtobufRpcEngine2.java:573) [hadoop-common-3.3.5.jar:?]
	at org.apache.hadoop.ipc.RPC$Server.call(RPC.java:1213) [hadoop-common-3.3.5.jar:?]
	at org.apache.hadoop.ipc.Server$RpcCall.run(Server.java:1089) [hadoop-common-3.3.5.jar:?]
	at org.apache.hadoop.ipc.Server$RpcCall.run(Server.java:1012) [hadoop-common-3.3.5.jar:?]
	at java.security.AccessController.doPrivileged(Native Method) ~[?:1.8.0_372]
	at javax.security.auth.Subject.doAs(Subject.java:422) [?:1.8.0_372]
	at org.apache.hadoop.security.UserGroupInformation.doAs(UserGroupInformation.java:1899) [hadoop-common-3.3.5.jar:?]
	at org.apache.hadoop.ipc.Server$Handler.run(Server.java:3026) [hadoop-common-3.3.5.jar:?]
21:37:19.913 [IPC Server handler 11 on default port 15057] ERROR OMAudit - user=runner | ip=127.0.0.1 | op=GET_FILE_STATUS {volume=e07bf019-e56e-407d-94df-7618b19160dc, bucket=a2854073-ca70-4288-85d2-0c210b372e5b, key=.Trash, dataSize=0, replicationConfig=null} | ret=FAILURE
org.apache.hadoop.ozone.om.exceptions.OMException: Unable to get file status: volume: e07bf019-e56e-407d-94df-7618b19160dc bucket: a2854073-ca70-4288-85d2-0c210b372e5b key: .Trash
	at org.apache.hadoop.ozone.om.KeyManagerImpl.getOzoneFileStatus(KeyManagerImpl.java:1186) ~[ozone-manager-1.4.0-SNAPSHOT.jar:?]
	at org.apache.hadoop.ozone.om.KeyManagerImpl.getFileStatus(KeyManagerImpl.java:1104) ~[ozone-manager-1.4.0-SNAPSHOT.jar:?]
	at org.apache.hadoop.ozone.om.OmMetadataReader.getFileStatus(OmMetadataReader.java:286) ~[ozone-manager-1.4.0-SNAPSHOT.jar:?]
	at org.apache.hadoop.ozone.om.OzoneManager.getFileStatus(OzoneManager.java:3499) ~[ozone-manager-1.4.0-SNAPSHOT.jar:?]
	at org.apache.hadoop.ozone.protocolPB.OzoneManagerRequestHandler.getOzoneFileStatus(OzoneManagerRequestHandler.java:950) ~[ozone-manager-1.4.0-SNAPSHOT.jar:?]
	at org.apache.hadoop.ozone.protocolPB.OzoneManagerRequestHandler.handleReadRequest(OzoneManagerRequestHandler.java:245) ~[ozone-manager-1.4.0-SNAPSHOT.jar:?]
	at org.apache.hadoop.ozone.protocolPB.OzoneManagerProtocolServerSideTranslatorPB.submitRequestDirectlyToOM(OzoneManagerProtocolServerSideTranslatorPB.java:272) ~[ozone-manager-1.4.0-SNAPSHOT.jar:?]
	at org.apache.hadoop.ozone.protocolPB.OzoneManagerProtocolServerSideTranslatorPB.processRequest(OzoneManagerProtocolServerSideTranslatorPB.java:173) ~[ozone-manager-1.4.0-SNAPSHOT.jar:?]
	at org.apache.hadoop.hdds.server.OzoneProtocolMessageDispatcher.processRequest(OzoneProtocolMessageDispatcher.java:87) [hdds-server-framework-1.4.0-SNAPSHOT.jar:?]
	at org.apache.hadoop.ozone.protocolPB.OzoneManagerProtocolServerSideTranslatorPB.submitRequest(OzoneManagerProtocolServerSideTranslatorPB.java:147) [ozone-manager-1.4.0-SNAPSHOT.jar:?]
	at org.apache.hadoop.ozone.protocol.proto.OzoneManagerProtocolProtos$OzoneManagerService$2.callBlockingMethod(OzoneManagerProtocolProtos.java) [ozone-interface-client-1.4.0-SNAPSHOT.jar:?]
	at org.apache.hadoop.ipc.ProtobufRpcEngine$Server.processCall(ProtobufRpcEngine.java:484) [hadoop-common-3.3.5.jar:?]
	at org.apache.hadoop.ipc.ProtobufRpcEngine2$Server$ProtoBufRpcInvoker.call(ProtobufRpcEngine2.java:595) [hadoop-common-3.3.5.jar:?]
	at org.apache.hadoop.ipc.ProtobufRpcEngine2$Server$ProtoBufRpcInvoker.call(ProtobufRpcEngine2.java:573) [hadoop-common-3.3.5.jar:?]
	at org.apache.hadoop.ipc.RPC$Server.call(RPC.java:1213) [hadoop-common-3.3.5.jar:?]
	at org.apache.hadoop.ipc.Server$RpcCall.run(Server.java:1089) [hadoop-common-3.3.5.jar:?]
	at org.apache.hadoop.ipc.Server$RpcCall.run(Server.java:1012) [hadoop-common-3.3.5.jar:?]
	at java.security.AccessController.doPrivileged(Native Method) ~[?:1.8.0_372]
	at javax.security.auth.Subject.doAs(Subject.java:422) [?:1.8.0_372]
	at org.apache.hadoop.security.UserGroupInformation.doAs(UserGroupInformation.java:1899) [hadoop-common-3.3.5.jar:?]
	at org.apache.hadoop.ipc.Server$Handler.run(Server.java:3026) [hadoop-common-3.3.5.jar:?]
21:37:19.919 [IPC Server handler 16 on default port 15057] ERROR OMAudit - user=runner | ip=127.0.0.1 | op=GET_FILE_STATUS {volume=volume48889, bucket=bucket75164, key=.Trash, dataSize=0, replicationConfig=null} | ret=FAILURE
org.apache.hadoop.ozone.om.exceptions.OMException: Unable to get file status: volume: volume48889 bucket: bucket75164 key: .Trash
	at org.apache.hadoop.ozone.om.KeyManagerImpl.getOzoneFileStatusFSO(KeyManagerImpl.java:1311) ~[ozone-manager-1.4.0-SNAPSHOT.jar:?]
	at org.apache.hadoop.ozone.om.KeyManagerImpl.getFileStatus(KeyManagerImpl.java:1102) ~[ozone-manager-1.4.0-SNAPSHOT.jar:?]
	at org.apache.hadoop.ozone.om.OmMetadataReader.getFileStatus(OmMetadataReader.java:286) ~[ozone-manager-1.4.0-SNAPSHOT.jar:?]
	at org.apache.hadoop.ozone.om.OzoneManager.getFileStatus(OzoneManager.java:3499) ~[ozone-manager-1.4.0-SNAPSHOT.jar:?]
	at org.apache.hadoop.ozone.protocolPB.OzoneManagerRequestHandler.getOzoneFileStatus(OzoneManagerRequestHandler.java:950) ~[ozone-manager-1.4.0-SNAPSHOT.jar:?]
	at org.apache.hadoop.ozone.protocolPB.OzoneManagerRequestHandler.handleReadRequest(OzoneManagerRequestHandler.java:245) ~[ozone-manager-1.4.0-SNAPSHOT.jar:?]
	at org.apache.hadoop.ozone.protocolPB.OzoneManagerProtocolServerSideTranslatorPB.submitRequestDirectlyToOM(OzoneManagerProtocolServerSideTranslatorPB.java:272) ~[ozone-manager-1.4.0-SNAPSHOT.jar:?]
	at org.apache.hadoop.ozone.protocolPB.OzoneManagerProtocolServerSideTranslatorPB.processRequest(OzoneManagerProtocolServerSideTranslatorPB.java:173) ~[ozone-manager-1.4.0-SNAPSHOT.jar:?]
	at org.apache.hadoop.hdds.server.OzoneProtocolMessageDispatcher.processRequest(OzoneProtocolMessageDispatcher.java:87) [hdds-server-framework-1.4.0-SNAPSHOT.jar:?]
	at org.apache.hadoop.ozone.protocolPB.OzoneManagerProtocolServerSideTranslatorPB.submitRequest(OzoneManagerProtocolServerSideTranslatorPB.java:147) [ozone-manager-1.4.0-SNAPSHOT.jar:?]
	at org.apache.hadoop.ozone.protocol.proto.OzoneManagerProtocolProtos$OzoneManagerService$2.callBlockingMethod(OzoneManagerProtocolProtos.java) [ozone-interface-client-1.4.0-SNAPSHOT.jar:?]
	at org.apache.hadoop.ipc.ProtobufRpcEngine$Server.processCall(ProtobufRpcEngine.java:484) [hadoop-common-3.3.5.jar:?]
	at org.apache.hadoop.ipc.ProtobufRpcEngine2$Server$ProtoBufRpcInvoker.call(ProtobufRpcEngine2.java:595) [hadoop-common-3.3.5.jar:?]
	at org.apache.hadoop.ipc.ProtobufRpcEngine2$Server$ProtoBufRpcInvoker.call(ProtobufRpcEngine2.java:573) [hadoop-common-3.3.5.jar:?]
	at org.apache.hadoop.ipc.RPC$Server.call(RPC.java:1213) [hadoop-common-3.3.5.jar:?]
	at org.apache.hadoop.ipc.Server$RpcCall.run(Server.java:1089) [hadoop-common-3.3.5.jar:?]
	at org.apache.hadoop.ipc.Server$RpcCall.run(Server.java:1012) [hadoop-common-3.3.5.jar:?]
	at java.security.AccessController.doPrivileged(Native Method) ~[?:1.8.0_372]
	at javax.security.auth.Subject.doAs(Subject.java:422) [?:1.8.0_372]
	at org.apache.hadoop.security.UserGroupInformation.doAs(UserGroupInformation.java:1899) [hadoop-common-3.3.5.jar:?]
	at org.apache.hadoop.ipc.Server$Handler.run(Server.java:3026) [hadoop-common-3.3.5.jar:?]
]]></system-out>
  </testcase>
  <testcase name="testCreateDoesNotAddParentDirKeys" classname="TestRootedOzoneFileSystemWithFSO" time="0.066">
    <system-out><![CDATA[2023-06-22 21:35:47,478 [Time-limited test] INFO  rpc.RpcClient (RpcClient.java:createVolume(459)) - Creating Volume: volume40639, with user66283 as owner and space quota set to -1 bytes, counts quota set to -1
2023-06-22 21:35:47,480 [OM StateMachine ApplyTransaction Thread - 0] INFO  volume.OMVolumeCreateRequest (OMVolumeCreateRequest.java:validateAndUpdateCache(196)) - created volume:volume40639 for user:user66283
2023-06-22 21:35:47,483 [Time-limited test] INFO  rpc.RpcClient (RpcClient.java:createBucket(686)) - Creating Bucket: volume40639/bucket44763, with bucket layout FILE_SYSTEM_OPTIMIZED, runner as owner, Versioning false, Storage Type set to DISK and Encryption set to false, Replication Type set to server-side default replication type, Namespace Quota set to -1, Space Quota set to -1 
2023-06-22 21:35:47,485 [OM StateMachine ApplyTransaction Thread - 0] INFO  bucket.OMBucketCreateRequest (OMBucketCreateRequest.java:validateAndUpdateCache(270)) - created bucket: bucket44763 of layout FILE_SYSTEM_OPTIMIZED in volume: volume40639
]]></system-out>
  </testcase>
  <testcase name="testCreateDoesNotAddParentDirKeys" classname="TestRootedOzoneFileSystemWithFSO" time="0.037">
    <system-out><![CDATA[2023-06-22 21:37:19,944 [Time-limited test] INFO  rpc.RpcClient (RpcClient.java:createVolume(459)) - Creating Volume: volume27993, with user93147 as owner and space quota set to -1 bytes, counts quota set to -1
2023-06-22 21:37:19,945 [IPC Server handler 3 on default port 15057] INFO  volume.OMVolumeCreateRequest (OMVolumeCreateRequest.java:validateAndUpdateCache(196)) - created volume:volume27993 for user:user93147
2023-06-22 21:37:19,946 [Time-limited test] INFO  rpc.RpcClient (RpcClient.java:createBucket(686)) - Creating Bucket: volume27993/bucket69861, with bucket layout FILE_SYSTEM_OPTIMIZED, runner as owner, Versioning false, Storage Type set to DISK and Encryption set to false, Replication Type set to server-side default replication type, Namespace Quota set to -1, Space Quota set to -1 
2023-06-22 21:37:19,946 [IPC Server handler 12 on default port 15057] INFO  bucket.OMBucketCreateRequest (OMBucketCreateRequest.java:validateAndUpdateCache(270)) - created bucket: bucket69861 of layout FILE_SYSTEM_OPTIMIZED in volume: volume27993
]]></system-out>
  </testcase>
  <testcase name="testSharedTmpDir" classname="TestRootedOzoneFileSystemWithFSO" time="0.177">
    <system-out><![CDATA[2023-06-22 21:35:47,541 [Time-limited test] INFO  rpc.RpcClient (RpcClient.java:createVolume(459)) - Creating Volume: volume54844, with user94032 as owner and space quota set to -1 bytes, counts quota set to -1
2023-06-22 21:35:47,543 [OM StateMachine ApplyTransaction Thread - 0] INFO  volume.OMVolumeCreateRequest (OMVolumeCreateRequest.java:validateAndUpdateCache(196)) - created volume:volume54844 for user:user94032
2023-06-22 21:35:47,545 [Time-limited test] INFO  rpc.RpcClient (RpcClient.java:createBucket(686)) - Creating Bucket: volume54844/bucket29397, with bucket layout FILE_SYSTEM_OPTIMIZED, runner as owner, Versioning false, Storage Type set to DISK and Encryption set to false, Replication Type set to server-side default replication type, Namespace Quota set to -1, Space Quota set to -1 
2023-06-22 21:35:47,546 [OM StateMachine ApplyTransaction Thread - 0] INFO  bucket.OMBucketCreateRequest (OMBucketCreateRequest.java:validateAndUpdateCache(270)) - created bucket: bucket29397 of layout FILE_SYSTEM_OPTIMIZED in volume: volume54844
2023-06-22 21:35:47,562 [Time-limited test] INFO  rpc.RpcClient (RpcClient.java:createVolume(459)) - Creating Volume: tmp, with admin as owner and space quota set to 9223372036854775807 bytes, counts quota set to 1000
2023-06-22 21:35:47,565 [OM StateMachine ApplyTransaction Thread - 0] INFO  volume.OMVolumeCreateRequest (OMVolumeCreateRequest.java:validateAndUpdateCache(196)) - created volume:tmp for user:admin
21:35:47.568 [IPC Server handler 3 on default port 15004] ERROR OMAudit - user=runner | ip=127.0.0.1 | op=READ_BUCKET {volume=tmp, bucket=4bad0b8dd3074cd43f641c2ac22a3571} | ret=FAILURE
org.apache.hadoop.ozone.om.exceptions.OMException: Bucket not found
	at org.apache.hadoop.ozone.om.BucketManagerImpl.getBucketInfo(BucketManagerImpl.java:85) ~[ozone-manager-1.4.0-SNAPSHOT.jar:?]
	at org.apache.hadoop.ozone.om.OzoneManager.getBucketInfo(OzoneManager.java:2777) ~[ozone-manager-1.4.0-SNAPSHOT.jar:?]
	at org.apache.hadoop.ozone.protocolPB.OzoneManagerRequestHandler.infoBucket(OzoneManagerRequestHandler.java:524) ~[ozone-manager-1.4.0-SNAPSHOT.jar:?]
	at org.apache.hadoop.ozone.protocolPB.OzoneManagerRequestHandler.handleReadRequest(OzoneManagerRequestHandler.java:195) ~[ozone-manager-1.4.0-SNAPSHOT.jar:?]
	at org.apache.hadoop.ozone.protocolPB.OzoneManagerProtocolServerSideTranslatorPB.submitReadRequestToOM(OzoneManagerProtocolServerSideTranslatorPB.java:223) ~[ozone-manager-1.4.0-SNAPSHOT.jar:?]
	at org.apache.hadoop.ozone.protocolPB.OzoneManagerProtocolServerSideTranslatorPB.processRequest(OzoneManagerProtocolServerSideTranslatorPB.java:177) ~[ozone-manager-1.4.0-SNAPSHOT.jar:?]
	at org.apache.hadoop.hdds.server.OzoneProtocolMessageDispatcher.processRequest(OzoneProtocolMessageDispatcher.java:87) [hdds-server-framework-1.4.0-SNAPSHOT.jar:?]
	at org.apache.hadoop.ozone.protocolPB.OzoneManagerProtocolServerSideTranslatorPB.submitRequest(OzoneManagerProtocolServerSideTranslatorPB.java:147) [ozone-manager-1.4.0-SNAPSHOT.jar:?]
	at org.apache.hadoop.ozone.protocol.proto.OzoneManagerProtocolProtos$OzoneManagerService$2.callBlockingMethod(OzoneManagerProtocolProtos.java) [ozone-interface-client-1.4.0-SNAPSHOT.jar:?]
	at org.apache.hadoop.ipc.ProtobufRpcEngine$Server.processCall(ProtobufRpcEngine.java:484) [hadoop-common-3.3.5.jar:?]
	at org.apache.hadoop.ipc.ProtobufRpcEngine2$Server$ProtoBufRpcInvoker.call(ProtobufRpcEngine2.java:595) [hadoop-common-3.3.5.jar:?]
	at org.apache.hadoop.ipc.ProtobufRpcEngine2$Server$ProtoBufRpcInvoker.call(ProtobufRpcEngine2.java:573) [hadoop-common-3.3.5.jar:?]
	at org.apache.hadoop.ipc.RPC$Server.call(RPC.java:1213) [hadoop-common-3.3.5.jar:?]
	at org.apache.hadoop.ipc.Server$RpcCall.run(Server.java:1089) [hadoop-common-3.3.5.jar:?]
	at org.apache.hadoop.ipc.Server$RpcCall.run(Server.java:1012) [hadoop-common-3.3.5.jar:?]
	at java.security.AccessController.doPrivileged(Native Method) ~[?:1.8.0_372]
	at javax.security.auth.Subject.doAs(Subject.java:422) [?:1.8.0_372]
	at org.apache.hadoop.security.UserGroupInformation.doAs(UserGroupInformation.java:1899) [hadoop-common-3.3.5.jar:?]
	at org.apache.hadoop.ipc.Server$Handler.run(Server.java:3026) [hadoop-common-3.3.5.jar:?]
2023-06-22 21:35:47,569 [Time-limited test] INFO  rpc.RpcClient (RpcClient.java:createBucket(686)) - Creating Bucket: tmp/tmp, with server-side default bucket layout, admin as owner, Versioning false, Storage Type set to DISK and Encryption set to false, Replication Type set to server-side default replication type, Namespace Quota set to 1000, Space Quota set to 9223372036854775807 
2023-06-22 21:35:47,570 [OM StateMachine ApplyTransaction Thread - 0] INFO  bucket.OMBucketCreateRequest (OMBucketCreateRequest.java:validateAndUpdateCache(270)) - created bucket: tmp of layout FILE_SYSTEM_OPTIMIZED in volume: tmp
21:35:47.675 [IPC Server handler 13 on default port 15004] ERROR OMAudit - user=runner | ip=127.0.0.1 | op=READ_BUCKET {volume=tmp, bucket=tmp} | ret=FAILURE
org.apache.hadoop.ozone.om.exceptions.OMException: Bucket not found
	at org.apache.hadoop.ozone.om.BucketManagerImpl.getBucketInfo(BucketManagerImpl.java:85) ~[ozone-manager-1.4.0-SNAPSHOT.jar:?]
	at org.apache.hadoop.ozone.om.OzoneManager.getBucketInfo(OzoneManager.java:2777) ~[ozone-manager-1.4.0-SNAPSHOT.jar:?]
	at org.apache.hadoop.ozone.protocolPB.OzoneManagerRequestHandler.infoBucket(OzoneManagerRequestHandler.java:524) ~[ozone-manager-1.4.0-SNAPSHOT.jar:?]
	at org.apache.hadoop.ozone.protocolPB.OzoneManagerRequestHandler.handleReadRequest(OzoneManagerRequestHandler.java:195) ~[ozone-manager-1.4.0-SNAPSHOT.jar:?]
	at org.apache.hadoop.ozone.protocolPB.OzoneManagerProtocolServerSideTranslatorPB.submitReadRequestToOM(OzoneManagerProtocolServerSideTranslatorPB.java:223) ~[ozone-manager-1.4.0-SNAPSHOT.jar:?]
	at org.apache.hadoop.ozone.protocolPB.OzoneManagerProtocolServerSideTranslatorPB.processRequest(OzoneManagerProtocolServerSideTranslatorPB.java:177) ~[ozone-manager-1.4.0-SNAPSHOT.jar:?]
	at org.apache.hadoop.hdds.server.OzoneProtocolMessageDispatcher.processRequest(OzoneProtocolMessageDispatcher.java:87) [hdds-server-framework-1.4.0-SNAPSHOT.jar:?]
	at org.apache.hadoop.ozone.protocolPB.OzoneManagerProtocolServerSideTranslatorPB.submitRequest(OzoneManagerProtocolServerSideTranslatorPB.java:147) [ozone-manager-1.4.0-SNAPSHOT.jar:?]
	at org.apache.hadoop.ozone.protocol.proto.OzoneManagerProtocolProtos$OzoneManagerService$2.callBlockingMethod(OzoneManagerProtocolProtos.java) [ozone-interface-client-1.4.0-SNAPSHOT.jar:?]
	at org.apache.hadoop.ipc.ProtobufRpcEngine$Server.processCall(ProtobufRpcEngine.java:484) [hadoop-common-3.3.5.jar:?]
	at org.apache.hadoop.ipc.ProtobufRpcEngine2$Server$ProtoBufRpcInvoker.call(ProtobufRpcEngine2.java:595) [hadoop-common-3.3.5.jar:?]
	at org.apache.hadoop.ipc.ProtobufRpcEngine2$Server$ProtoBufRpcInvoker.call(ProtobufRpcEngine2.java:573) [hadoop-common-3.3.5.jar:?]
	at org.apache.hadoop.ipc.RPC$Server.call(RPC.java:1213) [hadoop-common-3.3.5.jar:?]
	at org.apache.hadoop.ipc.Server$RpcCall.run(Server.java:1089) [hadoop-common-3.3.5.jar:?]
	at org.apache.hadoop.ipc.Server$RpcCall.run(Server.java:1012) [hadoop-common-3.3.5.jar:?]
	at java.security.AccessController.doPrivileged(Native Method) ~[?:1.8.0_372]
	at javax.security.auth.Subject.doAs(Subject.java:422) [?:1.8.0_372]
	at org.apache.hadoop.security.UserGroupInformation.doAs(UserGroupInformation.java:1899) [hadoop-common-3.3.5.jar:?]
	at org.apache.hadoop.ipc.Server$Handler.run(Server.java:3026) [hadoop-common-3.3.5.jar:?]
21:35:47.676 [IPC Server handler 12 on default port 15004] ERROR OMAudit - user=runner | ip=127.0.0.1 | op=READ_BUCKET {volume=tmp, bucket=tmp} | ret=FAILURE
org.apache.hadoop.ozone.om.exceptions.OMException: Bucket not found
	at org.apache.hadoop.ozone.om.BucketManagerImpl.getBucketInfo(BucketManagerImpl.java:85) ~[ozone-manager-1.4.0-SNAPSHOT.jar:?]
	at org.apache.hadoop.ozone.om.OzoneManager.getBucketInfo(OzoneManager.java:2777) ~[ozone-manager-1.4.0-SNAPSHOT.jar:?]
	at org.apache.hadoop.ozone.protocolPB.OzoneManagerRequestHandler.infoBucket(OzoneManagerRequestHandler.java:524) ~[ozone-manager-1.4.0-SNAPSHOT.jar:?]
	at org.apache.hadoop.ozone.protocolPB.OzoneManagerRequestHandler.handleReadRequest(OzoneManagerRequestHandler.java:195) ~[ozone-manager-1.4.0-SNAPSHOT.jar:?]
	at org.apache.hadoop.ozone.protocolPB.OzoneManagerProtocolServerSideTranslatorPB.submitReadRequestToOM(OzoneManagerProtocolServerSideTranslatorPB.java:223) ~[ozone-manager-1.4.0-SNAPSHOT.jar:?]
	at org.apache.hadoop.ozone.protocolPB.OzoneManagerProtocolServerSideTranslatorPB.processRequest(OzoneManagerProtocolServerSideTranslatorPB.java:177) ~[ozone-manager-1.4.0-SNAPSHOT.jar:?]
	at org.apache.hadoop.hdds.server.OzoneProtocolMessageDispatcher.processRequest(OzoneProtocolMessageDispatcher.java:87) [hdds-server-framework-1.4.0-SNAPSHOT.jar:?]
	at org.apache.hadoop.ozone.protocolPB.OzoneManagerProtocolServerSideTranslatorPB.submitRequest(OzoneManagerProtocolServerSideTranslatorPB.java:147) [ozone-manager-1.4.0-SNAPSHOT.jar:?]
	at org.apache.hadoop.ozone.protocol.proto.OzoneManagerProtocolProtos$OzoneManagerService$2.callBlockingMethod(OzoneManagerProtocolProtos.java) [ozone-interface-client-1.4.0-SNAPSHOT.jar:?]
	at org.apache.hadoop.ipc.ProtobufRpcEngine$Server.processCall(ProtobufRpcEngine.java:484) [hadoop-common-3.3.5.jar:?]
	at org.apache.hadoop.ipc.ProtobufRpcEngine2$Server$ProtoBufRpcInvoker.call(ProtobufRpcEngine2.java:595) [hadoop-common-3.3.5.jar:?]
	at org.apache.hadoop.ipc.ProtobufRpcEngine2$Server$ProtoBufRpcInvoker.call(ProtobufRpcEngine2.java:573) [hadoop-common-3.3.5.jar:?]
	at org.apache.hadoop.ipc.RPC$Server.call(RPC.java:1213) [hadoop-common-3.3.5.jar:?]
	at org.apache.hadoop.ipc.Server$RpcCall.run(Server.java:1089) [hadoop-common-3.3.5.jar:?]
	at org.apache.hadoop.ipc.Server$RpcCall.run(Server.java:1012) [hadoop-common-3.3.5.jar:?]
	at java.security.AccessController.doPrivileged(Native Method) ~[?:1.8.0_372]
	at javax.security.auth.Subject.doAs(Subject.java:422) [?:1.8.0_372]
	at org.apache.hadoop.security.UserGroupInformation.doAs(UserGroupInformation.java:1899) [hadoop-common-3.3.5.jar:?]
	at org.apache.hadoop.ipc.Server$Handler.run(Server.java:3026) [hadoop-common-3.3.5.jar:?]
2023-06-22 21:35:47,677 [Time-limited test] ERROR ozone.BasicRootedOzoneFileSystem (BasicRootedOzoneFileSystem.java:isLinkBucket(757)) - Exception while getting bucket link information, considered it as false
BUCKET_NOT_FOUND org.apache.hadoop.ozone.om.exceptions.OMException: Bucket not found
	at org.apache.hadoop.ozone.om.protocolPB.OzoneManagerProtocolClientSideTranslatorPB.handleError(OzoneManagerProtocolClientSideTranslatorPB.java:713)
	at org.apache.hadoop.ozone.om.protocolPB.OzoneManagerProtocolClientSideTranslatorPB.getBucketInfo(OzoneManagerProtocolClientSideTranslatorPB.java:562)
	at org.apache.hadoop.ozone.client.rpc.RpcClient.getBucketDetails(RpcClient.java:1201)
	at org.apache.hadoop.fs.ozone.BasicRootedOzoneClientAdapterImpl.getBucket(BasicRootedOzoneClientAdapterImpl.java:277)
	at org.apache.hadoop.fs.ozone.BasicRootedOzoneClientAdapterImpl.getBucket(BasicRootedOzoneClientAdapterImpl.java:251)
	at org.apache.hadoop.fs.ozone.BasicRootedOzoneFileSystem.isLinkBucket(BasicRootedOzoneFileSystem.java:752)
	at org.apache.hadoop.fs.ozone.BasicRootedOzoneFileSystem.deleteBucket(BasicRootedOzoneFileSystem.java:719)
	at org.apache.hadoop.fs.ozone.BasicRootedOzoneFileSystem.delete(BasicRootedOzoneFileSystem.java:673)
	at org.apache.hadoop.fs.ozone.TestRootedOzoneFileSystem.testSharedTmpDir(TestRootedOzoneFileSystem.java:1352)
	at sun.reflect.NativeMethodAccessorImpl.invoke0(Native Method)
	at sun.reflect.NativeMethodAccessorImpl.invoke(NativeMethodAccessorImpl.java:62)
	at sun.reflect.DelegatingMethodAccessorImpl.invoke(DelegatingMethodAccessorImpl.java:43)
	at java.lang.reflect.Method.invoke(Method.java:498)
	at org.junit.runners.model.FrameworkMethod$1.runReflectiveCall(FrameworkMethod.java:59)
	at org.junit.internal.runners.model.ReflectiveCallable.run(ReflectiveCallable.java:12)
	at org.junit.runners.model.FrameworkMethod.invokeExplosively(FrameworkMethod.java:56)
	at org.junit.internal.runners.statements.InvokeMethod.evaluate(InvokeMethod.java:17)
	at org.junit.internal.runners.statements.RunBefores.evaluate(RunBefores.java:26)
	at org.junit.internal.runners.statements.RunAfters.evaluate(RunAfters.java:27)
	at org.junit.internal.runners.statements.FailOnTimeout$CallableStatement.call(FailOnTimeout.java:288)
	at org.junit.internal.runners.statements.FailOnTimeout$CallableStatement.call(FailOnTimeout.java:282)
	at java.util.concurrent.FutureTask.run(FutureTask.java:266)
	at java.lang.Thread.run(Thread.java:750)
2023-06-22 21:35:47,677 [Time-limited test] WARN  ozone.BasicRootedOzoneFileSystem (BasicRootedOzoneFileSystem.java:deleteBucket(723)) - delete: Path does not exist: /tmp
]]></system-out>
  </testcase>
  <testcase name="testSharedTmpDir" classname="TestRootedOzoneFileSystemWithFSO" time="0.138">
    <system-out><![CDATA[2023-06-22 21:37:19,981 [Time-limited test] INFO  rpc.RpcClient (RpcClient.java:createVolume(459)) - Creating Volume: volume01006, with user80217 as owner and space quota set to -1 bytes, counts quota set to -1
2023-06-22 21:37:19,982 [IPC Server handler 9 on default port 15057] INFO  volume.OMVolumeCreateRequest (OMVolumeCreateRequest.java:validateAndUpdateCache(196)) - created volume:volume01006 for user:user80217
2023-06-22 21:37:19,983 [Time-limited test] INFO  rpc.RpcClient (RpcClient.java:createBucket(686)) - Creating Bucket: volume01006/bucket61989, with bucket layout FILE_SYSTEM_OPTIMIZED, runner as owner, Versioning false, Storage Type set to DISK and Encryption set to false, Replication Type set to server-side default replication type, Namespace Quota set to -1, Space Quota set to -1 
2023-06-22 21:37:19,983 [IPC Server handler 5 on default port 15057] INFO  bucket.OMBucketCreateRequest (OMBucketCreateRequest.java:validateAndUpdateCache(270)) - created bucket: bucket61989 of layout FILE_SYSTEM_OPTIMIZED in volume: volume01006
2023-06-22 21:37:19,994 [Time-limited test] INFO  rpc.RpcClient (RpcClient.java:createVolume(459)) - Creating Volume: tmp, with admin as owner and space quota set to 9223372036854775807 bytes, counts quota set to 1000
2023-06-22 21:37:19,995 [IPC Server handler 11 on default port 15057] INFO  volume.OMVolumeCreateRequest (OMVolumeCreateRequest.java:validateAndUpdateCache(196)) - created volume:tmp for user:admin
21:37:19.999 [IPC Server handler 1 on default port 15057] ERROR OMAudit - user=runner | ip=127.0.0.1 | op=READ_BUCKET {volume=tmp, bucket=4bad0b8dd3074cd43f641c2ac22a3571} | ret=FAILURE
org.apache.hadoop.ozone.om.exceptions.OMException: Bucket not found
	at org.apache.hadoop.ozone.om.BucketManagerImpl.getBucketInfo(BucketManagerImpl.java:85) ~[ozone-manager-1.4.0-SNAPSHOT.jar:?]
	at org.apache.hadoop.ozone.om.OzoneManager.getBucketInfo(OzoneManager.java:2777) ~[ozone-manager-1.4.0-SNAPSHOT.jar:?]
	at org.apache.hadoop.ozone.protocolPB.OzoneManagerRequestHandler.infoBucket(OzoneManagerRequestHandler.java:524) ~[ozone-manager-1.4.0-SNAPSHOT.jar:?]
	at org.apache.hadoop.ozone.protocolPB.OzoneManagerRequestHandler.handleReadRequest(OzoneManagerRequestHandler.java:195) ~[ozone-manager-1.4.0-SNAPSHOT.jar:?]
	at org.apache.hadoop.ozone.protocolPB.OzoneManagerProtocolServerSideTranslatorPB.submitRequestDirectlyToOM(OzoneManagerProtocolServerSideTranslatorPB.java:272) ~[ozone-manager-1.4.0-SNAPSHOT.jar:?]
	at org.apache.hadoop.ozone.protocolPB.OzoneManagerProtocolServerSideTranslatorPB.processRequest(OzoneManagerProtocolServerSideTranslatorPB.java:173) ~[ozone-manager-1.4.0-SNAPSHOT.jar:?]
	at org.apache.hadoop.hdds.server.OzoneProtocolMessageDispatcher.processRequest(OzoneProtocolMessageDispatcher.java:87) [hdds-server-framework-1.4.0-SNAPSHOT.jar:?]
	at org.apache.hadoop.ozone.protocolPB.OzoneManagerProtocolServerSideTranslatorPB.submitRequest(OzoneManagerProtocolServerSideTranslatorPB.java:147) [ozone-manager-1.4.0-SNAPSHOT.jar:?]
	at org.apache.hadoop.ozone.protocol.proto.OzoneManagerProtocolProtos$OzoneManagerService$2.callBlockingMethod(OzoneManagerProtocolProtos.java) [ozone-interface-client-1.4.0-SNAPSHOT.jar:?]
	at org.apache.hadoop.ipc.ProtobufRpcEngine$Server.processCall(ProtobufRpcEngine.java:484) [hadoop-common-3.3.5.jar:?]
	at org.apache.hadoop.ipc.ProtobufRpcEngine2$Server$ProtoBufRpcInvoker.call(ProtobufRpcEngine2.java:595) [hadoop-common-3.3.5.jar:?]
	at org.apache.hadoop.ipc.ProtobufRpcEngine2$Server$ProtoBufRpcInvoker.call(ProtobufRpcEngine2.java:573) [hadoop-common-3.3.5.jar:?]
	at org.apache.hadoop.ipc.RPC$Server.call(RPC.java:1213) [hadoop-common-3.3.5.jar:?]
	at org.apache.hadoop.ipc.Server$RpcCall.run(Server.java:1089) [hadoop-common-3.3.5.jar:?]
	at org.apache.hadoop.ipc.Server$RpcCall.run(Server.java:1012) [hadoop-common-3.3.5.jar:?]
	at java.security.AccessController.doPrivileged(Native Method) ~[?:1.8.0_372]
	at javax.security.auth.Subject.doAs(Subject.java:422) [?:1.8.0_372]
	at org.apache.hadoop.security.UserGroupInformation.doAs(UserGroupInformation.java:1899) [hadoop-common-3.3.5.jar:?]
	at org.apache.hadoop.ipc.Server$Handler.run(Server.java:3026) [hadoop-common-3.3.5.jar:?]
2023-06-22 21:37:19,999 [Time-limited test] INFO  rpc.RpcClient (RpcClient.java:createBucket(686)) - Creating Bucket: tmp/tmp, with server-side default bucket layout, admin as owner, Versioning false, Storage Type set to DISK and Encryption set to false, Replication Type set to server-side default replication type, Namespace Quota set to 1000, Space Quota set to 9223372036854775807 
2023-06-22 21:37:20,000 [IPC Server handler 0 on default port 15057] INFO  bucket.OMBucketCreateRequest (OMBucketCreateRequest.java:validateAndUpdateCache(270)) - created bucket: tmp of layout FILE_SYSTEM_OPTIMIZED in volume: tmp
21:37:20.097 [IPC Server handler 16 on default port 15057] ERROR OMAudit - user=runner | ip=127.0.0.1 | op=READ_BUCKET {volume=tmp, bucket=tmp} | ret=FAILURE
org.apache.hadoop.ozone.om.exceptions.OMException: Bucket not found
	at org.apache.hadoop.ozone.om.BucketManagerImpl.getBucketInfo(BucketManagerImpl.java:85) ~[ozone-manager-1.4.0-SNAPSHOT.jar:?]
	at org.apache.hadoop.ozone.om.OzoneManager.getBucketInfo(OzoneManager.java:2777) ~[ozone-manager-1.4.0-SNAPSHOT.jar:?]
	at org.apache.hadoop.ozone.protocolPB.OzoneManagerRequestHandler.infoBucket(OzoneManagerRequestHandler.java:524) ~[ozone-manager-1.4.0-SNAPSHOT.jar:?]
	at org.apache.hadoop.ozone.protocolPB.OzoneManagerRequestHandler.handleReadRequest(OzoneManagerRequestHandler.java:195) ~[ozone-manager-1.4.0-SNAPSHOT.jar:?]
	at org.apache.hadoop.ozone.protocolPB.OzoneManagerProtocolServerSideTranslatorPB.submitRequestDirectlyToOM(OzoneManagerProtocolServerSideTranslatorPB.java:272) ~[ozone-manager-1.4.0-SNAPSHOT.jar:?]
	at org.apache.hadoop.ozone.protocolPB.OzoneManagerProtocolServerSideTranslatorPB.processRequest(OzoneManagerProtocolServerSideTranslatorPB.java:173) ~[ozone-manager-1.4.0-SNAPSHOT.jar:?]
	at org.apache.hadoop.hdds.server.OzoneProtocolMessageDispatcher.processRequest(OzoneProtocolMessageDispatcher.java:87) [hdds-server-framework-1.4.0-SNAPSHOT.jar:?]
	at org.apache.hadoop.ozone.protocolPB.OzoneManagerProtocolServerSideTranslatorPB.submitRequest(OzoneManagerProtocolServerSideTranslatorPB.java:147) [ozone-manager-1.4.0-SNAPSHOT.jar:?]
	at org.apache.hadoop.ozone.protocol.proto.OzoneManagerProtocolProtos$OzoneManagerService$2.callBlockingMethod(OzoneManagerProtocolProtos.java) [ozone-interface-client-1.4.0-SNAPSHOT.jar:?]
	at org.apache.hadoop.ipc.ProtobufRpcEngine$Server.processCall(ProtobufRpcEngine.java:484) [hadoop-common-3.3.5.jar:?]
	at org.apache.hadoop.ipc.ProtobufRpcEngine2$Server$ProtoBufRpcInvoker.call(ProtobufRpcEngine2.java:595) [hadoop-common-3.3.5.jar:?]
	at org.apache.hadoop.ipc.ProtobufRpcEngine2$Server$ProtoBufRpcInvoker.call(ProtobufRpcEngine2.java:573) [hadoop-common-3.3.5.jar:?]
	at org.apache.hadoop.ipc.RPC$Server.call(RPC.java:1213) [hadoop-common-3.3.5.jar:?]
	at org.apache.hadoop.ipc.Server$RpcCall.run(Server.java:1089) [hadoop-common-3.3.5.jar:?]
	at org.apache.hadoop.ipc.Server$RpcCall.run(Server.java:1012) [hadoop-common-3.3.5.jar:?]
	at java.security.AccessController.doPrivileged(Native Method) ~[?:1.8.0_372]
	at javax.security.auth.Subject.doAs(Subject.java:422) [?:1.8.0_372]
	at org.apache.hadoop.security.UserGroupInformation.doAs(UserGroupInformation.java:1899) [hadoop-common-3.3.5.jar:?]
	at org.apache.hadoop.ipc.Server$Handler.run(Server.java:3026) [hadoop-common-3.3.5.jar:?]
21:37:20.098 [IPC Server handler 17 on default port 15057] ERROR OMAudit - user=runner | ip=127.0.0.1 | op=READ_BUCKET {volume=tmp, bucket=tmp} | ret=FAILURE
org.apache.hadoop.ozone.om.exceptions.OMException: Bucket not found
	at org.apache.hadoop.ozone.om.BucketManagerImpl.getBucketInfo(BucketManagerImpl.java:85) ~[ozone-manager-1.4.0-SNAPSHOT.jar:?]
	at org.apache.hadoop.ozone.om.OzoneManager.getBucketInfo(OzoneManager.java:2777) ~[ozone-manager-1.4.0-SNAPSHOT.jar:?]
	at org.apache.hadoop.ozone.protocolPB.OzoneManagerRequestHandler.infoBucket(OzoneManagerRequestHandler.java:524) ~[ozone-manager-1.4.0-SNAPSHOT.jar:?]
	at org.apache.hadoop.ozone.protocolPB.OzoneManagerRequestHandler.handleReadRequest(OzoneManagerRequestHandler.java:195) ~[ozone-manager-1.4.0-SNAPSHOT.jar:?]
	at org.apache.hadoop.ozone.protocolPB.OzoneManagerProtocolServerSideTranslatorPB.submitRequestDirectlyToOM(OzoneManagerProtocolServerSideTranslatorPB.java:272) ~[ozone-manager-1.4.0-SNAPSHOT.jar:?]
	at org.apache.hadoop.ozone.protocolPB.OzoneManagerProtocolServerSideTranslatorPB.processRequest(OzoneManagerProtocolServerSideTranslatorPB.java:173) ~[ozone-manager-1.4.0-SNAPSHOT.jar:?]
	at org.apache.hadoop.hdds.server.OzoneProtocolMessageDispatcher.processRequest(OzoneProtocolMessageDispatcher.java:87) [hdds-server-framework-1.4.0-SNAPSHOT.jar:?]
	at org.apache.hadoop.ozone.protocolPB.OzoneManagerProtocolServerSideTranslatorPB.submitRequest(OzoneManagerProtocolServerSideTranslatorPB.java:147) [ozone-manager-1.4.0-SNAPSHOT.jar:?]
	at org.apache.hadoop.ozone.protocol.proto.OzoneManagerProtocolProtos$OzoneManagerService$2.callBlockingMethod(OzoneManagerProtocolProtos.java) [ozone-interface-client-1.4.0-SNAPSHOT.jar:?]
	at org.apache.hadoop.ipc.ProtobufRpcEngine$Server.processCall(ProtobufRpcEngine.java:484) [hadoop-common-3.3.5.jar:?]
	at org.apache.hadoop.ipc.ProtobufRpcEngine2$Server$ProtoBufRpcInvoker.call(ProtobufRpcEngine2.java:595) [hadoop-common-3.3.5.jar:?]
	at org.apache.hadoop.ipc.ProtobufRpcEngine2$Server$ProtoBufRpcInvoker.call(ProtobufRpcEngine2.java:573) [hadoop-common-3.3.5.jar:?]
	at org.apache.hadoop.ipc.RPC$Server.call(RPC.java:1213) [hadoop-common-3.3.5.jar:?]
	at org.apache.hadoop.ipc.Server$RpcCall.run(Server.java:1089) [hadoop-common-3.3.5.jar:?]
	at org.apache.hadoop.ipc.Server$RpcCall.run(Server.java:1012) [hadoop-common-3.3.5.jar:?]
	at java.security.AccessController.doPrivileged(Native Method) ~[?:1.8.0_372]
	at javax.security.auth.Subject.doAs(Subject.java:422) [?:1.8.0_372]
	at org.apache.hadoop.security.UserGroupInformation.doAs(UserGroupInformation.java:1899) [hadoop-common-3.3.5.jar:?]
	at org.apache.hadoop.ipc.Server$Handler.run(Server.java:3026) [hadoop-common-3.3.5.jar:?]
2023-06-22 21:37:20,098 [Time-limited test] ERROR ozone.BasicRootedOzoneFileSystem (BasicRootedOzoneFileSystem.java:isLinkBucket(757)) - Exception while getting bucket link information, considered it as false
BUCKET_NOT_FOUND org.apache.hadoop.ozone.om.exceptions.OMException: Bucket not found
	at org.apache.hadoop.ozone.om.protocolPB.OzoneManagerProtocolClientSideTranslatorPB.handleError(OzoneManagerProtocolClientSideTranslatorPB.java:713)
	at org.apache.hadoop.ozone.om.protocolPB.OzoneManagerProtocolClientSideTranslatorPB.getBucketInfo(OzoneManagerProtocolClientSideTranslatorPB.java:562)
	at org.apache.hadoop.ozone.client.rpc.RpcClient.getBucketDetails(RpcClient.java:1201)
	at org.apache.hadoop.fs.ozone.BasicRootedOzoneClientAdapterImpl.getBucket(BasicRootedOzoneClientAdapterImpl.java:277)
	at org.apache.hadoop.fs.ozone.BasicRootedOzoneClientAdapterImpl.getBucket(BasicRootedOzoneClientAdapterImpl.java:251)
	at org.apache.hadoop.fs.ozone.BasicRootedOzoneFileSystem.isLinkBucket(BasicRootedOzoneFileSystem.java:752)
	at org.apache.hadoop.fs.ozone.BasicRootedOzoneFileSystem.deleteBucket(BasicRootedOzoneFileSystem.java:719)
	at org.apache.hadoop.fs.ozone.BasicRootedOzoneFileSystem.delete(BasicRootedOzoneFileSystem.java:673)
	at org.apache.hadoop.fs.ozone.TestRootedOzoneFileSystem.testSharedTmpDir(TestRootedOzoneFileSystem.java:1352)
	at sun.reflect.NativeMethodAccessorImpl.invoke0(Native Method)
	at sun.reflect.NativeMethodAccessorImpl.invoke(NativeMethodAccessorImpl.java:62)
	at sun.reflect.DelegatingMethodAccessorImpl.invoke(DelegatingMethodAccessorImpl.java:43)
	at java.lang.reflect.Method.invoke(Method.java:498)
	at org.junit.runners.model.FrameworkMethod$1.runReflectiveCall(FrameworkMethod.java:59)
	at org.junit.internal.runners.model.ReflectiveCallable.run(ReflectiveCallable.java:12)
	at org.junit.runners.model.FrameworkMethod.invokeExplosively(FrameworkMethod.java:56)
	at org.junit.internal.runners.statements.InvokeMethod.evaluate(InvokeMethod.java:17)
	at org.junit.internal.runners.statements.RunBefores.evaluate(RunBefores.java:26)
	at org.junit.internal.runners.statements.RunAfters.evaluate(RunAfters.java:27)
	at org.junit.internal.runners.statements.FailOnTimeout$CallableStatement.call(FailOnTimeout.java:288)
	at org.junit.internal.runners.statements.FailOnTimeout$CallableStatement.call(FailOnTimeout.java:282)
	at java.util.concurrent.FutureTask.run(FutureTask.java:266)
	at java.lang.Thread.run(Thread.java:750)
2023-06-22 21:37:20,099 [Time-limited test] WARN  ozone.BasicRootedOzoneFileSystem (BasicRootedOzoneFileSystem.java:deleteBucket(723)) - delete: Path does not exist: /tmp
]]></system-out>
  </testcase>
  <testcase name="testSnapshotDiff" classname="TestRootedOzoneFileSystemWithFSO" time="3.376">
    <system-out><![CDATA[2023-06-22 21:35:47,715 [Time-limited test] INFO  rpc.RpcClient (RpcClient.java:createVolume(459)) - Creating Volume: volume99211, with user77607 as owner and space quota set to -1 bytes, counts quota set to -1
2023-06-22 21:35:47,717 [OM StateMachine ApplyTransaction Thread - 0] INFO  volume.OMVolumeCreateRequest (OMVolumeCreateRequest.java:validateAndUpdateCache(196)) - created volume:volume99211 for user:user77607
2023-06-22 21:35:47,719 [Time-limited test] INFO  rpc.RpcClient (RpcClient.java:createBucket(686)) - Creating Bucket: volume99211/bucket15438, with bucket layout FILE_SYSTEM_OPTIMIZED, runner as owner, Versioning false, Storage Type set to DISK and Encryption set to false, Replication Type set to server-side default replication type, Namespace Quota set to -1, Space Quota set to -1 
2023-06-22 21:35:47,720 [OM StateMachine ApplyTransaction Thread - 0] INFO  bucket.OMBucketCreateRequest (OMBucketCreateRequest.java:validateAndUpdateCache(270)) - created bucket: bucket15438 of layout FILE_SYSTEM_OPTIMIZED in volume: volume99211
2023-06-22 21:35:47,740 [Time-limited test] INFO  rpc.RpcClient (RpcClient.java:createVolume(459)) - Creating Volume: volume78641, with user34197 as owner and space quota set to -1 bytes, counts quota set to -1
2023-06-22 21:35:47,742 [OM StateMachine ApplyTransaction Thread - 0] INFO  volume.OMVolumeCreateRequest (OMVolumeCreateRequest.java:validateAndUpdateCache(196)) - created volume:volume78641 for user:user34197
2023-06-22 21:35:47,744 [Time-limited test] INFO  rpc.RpcClient (RpcClient.java:createBucket(686)) - Creating Bucket: volume78641/bucket88431, with bucket layout FILE_SYSTEM_OPTIMIZED, runner as owner, Versioning false, Storage Type set to DISK and Encryption set to false, Replication Type set to server-side default replication type, Namespace Quota set to -1, Space Quota set to -1 
2023-06-22 21:35:47,745 [OM StateMachine ApplyTransaction Thread - 0] INFO  bucket.OMBucketCreateRequest (OMBucketCreateRequest.java:validateAndUpdateCache(270)) - created bucket: bucket88431 of layout FILE_SYSTEM_OPTIMIZED in volume: volume78641
2023-06-22 21:35:47,772 [OM StateMachine ApplyTransaction Thread - 0] INFO  snapshot.OMSnapshotCreateRequest (OMSnapshotCreateRequest.java:validateAndUpdateCache(193)) - Created snapshot: 's20230622-213547.761' with snapshotId: '016244f2-5529-4c28-b228-4d320482206a' under path 'volume78641/bucket88431'
2023-06-22 21:35:47,799 [OM StateMachine ApplyTransaction Thread - 0] INFO  snapshot.OMSnapshotCreateRequest (OMSnapshotCreateRequest.java:validateAndUpdateCache(193)) - Created snapshot: 's20230622-213547.797' with snapshotId: '495cfb0c-e2be-438e-87bc-d79f4bc14d29' under path 'volume78641/bucket88431'
2023-06-22 21:35:47,838 [OMDoubleBufferFlushThread] INFO  db.RDBCheckpointManager (RDBCheckpointManager.java:createCheckpoint(89)) - Created checkpoint in rocksDB at /home/runner/work/ozone/ozone/hadoop-ozone/integration-test/target/test-dir/MiniOzoneClusterImpl-00f3567e-e140-4cd7-bd5a-f6438c2bd6c1/ozone-meta/db.snapshots/checkpointState/om.db-016244f2-5529-4c28-b228-4d320482206a in 63 milliseconds
2023-06-22 21:35:47,870 [OMDoubleBufferFlushThread] INFO  db.RDBCheckpointUtils (RDBCheckpointUtils.java:waitForCheckpointDirectoryExist(59)) - Waited for 30 milliseconds for checkpoint directory /home/runner/work/ozone/ozone/hadoop-ozone/integration-test/target/test-dir/MiniOzoneClusterImpl-00f3567e-e140-4cd7-bd5a-f6438c2bd6c1/ozone-meta/db.snapshots/checkpointState/om.db-016244f2-5529-4c28-b228-4d320482206a availability.
2023-06-22 21:35:47,875 [OMDoubleBufferFlushThread] WARN  om.OmSnapshotManager (OmSnapshotManager.java:findEndKeyGivenPrefix(566)) - Took 413425 ns to find endKey. Caller is deleteKeysFromDelDirTableInSnapshotScope
2023-06-22 21:35:47,875 [OMDoubleBufferFlushThread] INFO  om.OmSnapshotManager (OmSnapshotManager.java:createOmSnapshotCheckpoint(436)) - Created checkpoint : /home/runner/work/ozone/ozone/hadoop-ozone/integration-test/target/test-dir/MiniOzoneClusterImpl-00f3567e-e140-4cd7-bd5a-f6438c2bd6c1/ozone-meta/db.snapshots/checkpointState/om.db-016244f2-5529-4c28-b228-4d320482206a for snapshot s20230622-213547.761
2023-06-22 21:35:47,882 [IPC Server handler 7 on default port 15004] INFO  snapshot.SnapshotDiffManager (SnapshotDiffManager.java:submitSnapDiffJob(688)) - Submitting snap diff report generation request for volume: volume78641, bucket: bucket88431, fromSnapshot: s20230622-213547.761 and toSnapshot: s20230622-213547.797
2023-06-22 21:35:47,891 [snapshot-diff-job-thread-id-0] INFO  snapshot.SnapshotDiffManager (SnapshotDiffManager.java:generateSnapshotDiffReport(790)) - Started snap diff report generation for volume: volume78641 bucket: bucket88431, fromSnapshot: s20230622-213547.761 and toSnapshot: s20230622-213547.797
2023-06-22 21:35:47,902 [snapshot-diff-job-thread-id-0] WARN  server.ServerUtils (ServerUtils.java:getDBPath(311)) - ozone.om.db.dirs is not configured. We recommend adding this setting. Falling back to ozone.metadata.dirs instead.
2023-06-22 21:35:47,903 [snapshot-diff-job-thread-id-0] INFO  helpers.OmKeyInfo (OmKeyInfo.java:getCodec(71)) - OmKeyInfo.getCodec ignorePipeline = true
2023-06-22 21:35:47,917 [OMDoubleBufferFlushThread] INFO  db.RDBCheckpointManager (RDBCheckpointManager.java:createCheckpoint(89)) - Created checkpoint in rocksDB at /home/runner/work/ozone/ozone/hadoop-ozone/integration-test/target/test-dir/MiniOzoneClusterImpl-00f3567e-e140-4cd7-bd5a-f6438c2bd6c1/ozone-meta/db.snapshots/checkpointState/om.db-495cfb0c-e2be-438e-87bc-d79f4bc14d29 in 33 milliseconds
2023-06-22 21:35:47,922 [OMDoubleBufferFlushThread] INFO  db.RDBCheckpointUtils (RDBCheckpointUtils.java:waitForCheckpointDirectoryExist(59)) - Waited for 5 milliseconds for checkpoint directory /home/runner/work/ozone/ozone/hadoop-ozone/integration-test/target/test-dir/MiniOzoneClusterImpl-00f3567e-e140-4cd7-bd5a-f6438c2bd6c1/ozone-meta/db.snapshots/checkpointState/om.db-495cfb0c-e2be-438e-87bc-d79f4bc14d29 availability.
2023-06-22 21:35:47,924 [OMDoubleBufferFlushThread] WARN  om.OmSnapshotManager (OmSnapshotManager.java:findEndKeyGivenPrefix(566)) - Took 349021 ns to find endKey. Caller is deleteKeysFromDelDirTableInSnapshotScope
2023-06-22 21:35:47,924 [OMDoubleBufferFlushThread] INFO  om.OmSnapshotManager (OmSnapshotManager.java:createOmSnapshotCheckpoint(436)) - Created checkpoint : /home/runner/work/ozone/ozone/hadoop-ozone/integration-test/target/test-dir/MiniOzoneClusterImpl-00f3567e-e140-4cd7-bd5a-f6438c2bd6c1/ozone-meta/db.snapshots/checkpointState/om.db-495cfb0c-e2be-438e-87bc-d79f4bc14d29 for snapshot s20230622-213547.797
2023-06-22 21:35:47,925 [OMDoubleBufferFlushThread] WARN  rocksdiff.RocksDBCheckpointDiffer (RocksDBCheckpointDiffer.java:setCurrentCompactionLog(312)) - Compaction log exists: /home/runner/work/ozone/ozone/hadoop-ozone/integration-test/target/test-dir/MiniOzoneClusterImpl-00f3567e-e140-4cd7-bd5a-f6438c2bd6c1/ozone-meta/db.snapshots/diffState/compaction-log/0000000000000015397.log. Will append
2023-06-22 21:35:47,981 [snapshot-diff-job-thread-id-0] INFO  audit.AuditLogger (AuditLogger.java:refreshDebugCmdSet(126)) - Refresh DebugCmdSet for OMAudit to [].
2023-06-22 21:35:47,986 [snapshot-diff-job-thread-id-0] WARN  server.ServerUtils (ServerUtils.java:getDBPath(311)) - ozone.om.db.dirs is not configured. We recommend adding this setting. Falling back to ozone.metadata.dirs instead.
2023-06-22 21:35:47,986 [snapshot-diff-job-thread-id-0] INFO  helpers.OmKeyInfo (OmKeyInfo.java:getCodec(71)) - OmKeyInfo.getCodec ignorePipeline = true
2023-06-22 21:35:48,326 [snapshot-diff-job-thread-id-0] INFO  snapshot.SnapshotDiffManager (SnapshotDiffManager.java:generateDiffReport(1251)) - Starting diff report generation for jobId: a024df7a-e600-4bed-ba91-82bdc619ae3d.
2023-06-22 21:35:49,000 [OM StateMachine ApplyTransaction Thread - 0] INFO  snapshot.OMSnapshotCreateRequest (OMSnapshotCreateRequest.java:validateAndUpdateCache(193)) - Created snapshot: 's20230622-213548.999' with snapshotId: '433de1d6-c4aa-47ec-af9e-a41aefbe3b56' under path 'volume78641/bucket88431'
2023-06-22 21:35:49,005 [IPC Server handler 1 on default port 15004] INFO  snapshot.SnapshotDiffManager (SnapshotDiffManager.java:submitSnapDiffJob(688)) - Submitting snap diff report generation request for volume: volume78641, bucket: bucket88431, fromSnapshot: s20230622-213547.797 and toSnapshot: s20230622-213548.999
2023-06-22 21:35:49,009 [snapshot-diff-job-thread-id-1] INFO  snapshot.SnapshotDiffManager (SnapshotDiffManager.java:generateSnapshotDiffReport(790)) - Started snap diff report generation for volume: volume78641 bucket: bucket88431, fromSnapshot: s20230622-213547.797 and toSnapshot: s20230622-213548.999
2023-06-22 21:35:49,010 [snapshot-diff-job-thread-id-1] WARN  server.ServerUtils (ServerUtils.java:getDBPath(311)) - ozone.om.db.dirs is not configured. We recommend adding this setting. Falling back to ozone.metadata.dirs instead.
2023-06-22 21:35:49,031 [OMDoubleBufferFlushThread] INFO  db.RDBCheckpointManager (RDBCheckpointManager.java:createCheckpoint(89)) - Created checkpoint in rocksDB at /home/runner/work/ozone/ozone/hadoop-ozone/integration-test/target/test-dir/MiniOzoneClusterImpl-00f3567e-e140-4cd7-bd5a-f6438c2bd6c1/ozone-meta/db.snapshots/checkpointState/om.db-433de1d6-c4aa-47ec-af9e-a41aefbe3b56 in 29 milliseconds
2023-06-22 21:35:49,032 [OMDoubleBufferFlushThread] INFO  db.RDBCheckpointUtils (RDBCheckpointUtils.java:waitForCheckpointDirectoryExist(59)) - Waited for 1 milliseconds for checkpoint directory /home/runner/work/ozone/ozone/hadoop-ozone/integration-test/target/test-dir/MiniOzoneClusterImpl-00f3567e-e140-4cd7-bd5a-f6438c2bd6c1/ozone-meta/db.snapshots/checkpointState/om.db-433de1d6-c4aa-47ec-af9e-a41aefbe3b56 availability.
2023-06-22 21:35:49,033 [OMDoubleBufferFlushThread] WARN  om.OmSnapshotManager (OmSnapshotManager.java:findEndKeyGivenPrefix(566)) - Took 184311 ns to find endKey. Caller is deleteKeysFromDelKeyTableInSnapshotScope
2023-06-22 21:35:49,034 [OMDoubleBufferFlushThread] WARN  om.OmSnapshotManager (OmSnapshotManager.java:findEndKeyGivenPrefix(566)) - Took 367021 ns to find endKey. Caller is deleteKeysFromDelDirTableInSnapshotScope
2023-06-22 21:35:49,035 [OMDoubleBufferFlushThread] INFO  om.OmSnapshotManager (OmSnapshotManager.java:createOmSnapshotCheckpoint(436)) - Created checkpoint : /home/runner/work/ozone/ozone/hadoop-ozone/integration-test/target/test-dir/MiniOzoneClusterImpl-00f3567e-e140-4cd7-bd5a-f6438c2bd6c1/ozone-meta/db.snapshots/checkpointState/om.db-433de1d6-c4aa-47ec-af9e-a41aefbe3b56 for snapshot s20230622-213548.999
2023-06-22 21:35:49,113 [snapshot-diff-job-thread-id-1] INFO  db.RDBCheckpointUtils (RDBCheckpointUtils.java:waitForCheckpointDirectoryExist(59)) - Waited for 103 milliseconds for checkpoint directory /home/runner/work/ozone/ozone/hadoop-ozone/integration-test/target/test-dir/MiniOzoneClusterImpl-00f3567e-e140-4cd7-bd5a-f6438c2bd6c1/ozone-meta/db.snapshots/checkpointState/om.db-433de1d6-c4aa-47ec-af9e-a41aefbe3b56 availability.
2023-06-22 21:35:49,116 [snapshot-diff-job-thread-id-1] INFO  helpers.OmKeyInfo (OmKeyInfo.java:getCodec(71)) - OmKeyInfo.getCodec ignorePipeline = true
2023-06-22 21:35:49,404 [snapshot-diff-job-thread-id-1] INFO  snapshot.SnapshotDiffManager (SnapshotDiffManager.java:generateDiffReport(1251)) - Starting diff report generation for jobId: a7611026-f975-433f-861d-d77b34ff569d.
2023-06-22 21:35:50,030 [OM StateMachine ApplyTransaction Thread - 0] INFO  snapshot.OMSnapshotCreateRequest (OMSnapshotCreateRequest.java:validateAndUpdateCache(193)) - Created snapshot: 'temps20230622-213550.028' with snapshotId: '42545214-535b-4011-9fee-73abfbb6a047' under path 'volume78641/bucket88431'
2023-06-22 21:35:50,033 [IPC Server handler 2 on default port 15004] INFO  snapshot.SnapshotDiffManager (SnapshotDiffManager.java:submitSnapDiffJob(688)) - Submitting snap diff report generation request for volume: volume78641, bucket: bucket88431, fromSnapshot: s20230622-213548.999 and toSnapshot: temps20230622-213550.028
2023-06-22 21:35:50,036 [snapshot-diff-job-thread-id-2] INFO  snapshot.SnapshotDiffManager (SnapshotDiffManager.java:generateSnapshotDiffReport(790)) - Started snap diff report generation for volume: volume78641 bucket: bucket88431, fromSnapshot: s20230622-213548.999 and toSnapshot: temps20230622-213550.028
2023-06-22 21:35:50,042 [snapshot-diff-job-thread-id-2] WARN  server.ServerUtils (ServerUtils.java:getDBPath(311)) - ozone.om.db.dirs is not configured. We recommend adding this setting. Falling back to ozone.metadata.dirs instead.
2023-06-22 21:35:50,063 [OMDoubleBufferFlushThread] INFO  db.RDBCheckpointManager (RDBCheckpointManager.java:createCheckpoint(89)) - Created checkpoint in rocksDB at /home/runner/work/ozone/ozone/hadoop-ozone/integration-test/target/test-dir/MiniOzoneClusterImpl-00f3567e-e140-4cd7-bd5a-f6438c2bd6c1/ozone-meta/db.snapshots/checkpointState/om.db-42545214-535b-4011-9fee-73abfbb6a047 in 31 milliseconds
2023-06-22 21:35:50,067 [OMDoubleBufferFlushThread] INFO  db.RDBCheckpointUtils (RDBCheckpointUtils.java:waitForCheckpointDirectoryExist(59)) - Waited for 4 milliseconds for checkpoint directory /home/runner/work/ozone/ozone/hadoop-ozone/integration-test/target/test-dir/MiniOzoneClusterImpl-00f3567e-e140-4cd7-bd5a-f6438c2bd6c1/ozone-meta/db.snapshots/checkpointState/om.db-42545214-535b-4011-9fee-73abfbb6a047 availability.
2023-06-22 21:35:50,069 [OMDoubleBufferFlushThread] WARN  om.OmSnapshotManager (OmSnapshotManager.java:findEndKeyGivenPrefix(566)) - Took 316719 ns to find endKey. Caller is deleteKeysFromDelDirTableInSnapshotScope
2023-06-22 21:35:50,069 [OMDoubleBufferFlushThread] INFO  om.OmSnapshotManager (OmSnapshotManager.java:createOmSnapshotCheckpoint(436)) - Created checkpoint : /home/runner/work/ozone/ozone/hadoop-ozone/integration-test/target/test-dir/MiniOzoneClusterImpl-00f3567e-e140-4cd7-bd5a-f6438c2bd6c1/ozone-meta/db.snapshots/checkpointState/om.db-42545214-535b-4011-9fee-73abfbb6a047 for snapshot temps20230622-213550.028
2023-06-22 21:35:50,084 [Thread-885] INFO  rocksdiff.RocksDBCheckpointDiffer (RocksDBCheckpointDiffer.java:onCompactionCompleted(527)) - Skipped the compaction entry. Compaction input files: [/home/runner/work/ozone/ozone/hadoop-ozone/integration-test/target/test-dir/MiniOzoneClusterImpl-00f3567e-e140-4cd7-bd5a-f6438c2bd6c1/ozone-meta/om.db/000084.sst, /home/runner/work/ozone/ozone/hadoop-ozone/integration-test/target/test-dir/MiniOzoneClusterImpl-00f3567e-e140-4cd7-bd5a-f6438c2bd6c1/ozone-meta/om.db/000075.sst, /home/runner/work/ozone/ozone/hadoop-ozone/integration-test/target/test-dir/MiniOzoneClusterImpl-00f3567e-e140-4cd7-bd5a-f6438c2bd6c1/ozone-meta/om.db/000067.sst, /home/runner/work/ozone/ozone/hadoop-ozone/integration-test/target/test-dir/MiniOzoneClusterImpl-00f3567e-e140-4cd7-bd5a-f6438c2bd6c1/ozone-meta/om.db/000055.sst] and output files: [/home/runner/work/ozone/ozone/hadoop-ozone/integration-test/target/test-dir/MiniOzoneClusterImpl-00f3567e-e140-4cd7-bd5a-f6438c2bd6c1/ozone-meta/om.db/000084.sst, /home/runner/work/ozone/ozone/hadoop-ozone/integration-test/target/test-dir/MiniOzoneClusterImpl-00f3567e-e140-4cd7-bd5a-f6438c2bd6c1/ozone-meta/om.db/000075.sst, /home/runner/work/ozone/ozone/hadoop-ozone/integration-test/target/test-dir/MiniOzoneClusterImpl-00f3567e-e140-4cd7-bd5a-f6438c2bd6c1/ozone-meta/om.db/000067.sst, /home/runner/work/ozone/ozone/hadoop-ozone/integration-test/target/test-dir/MiniOzoneClusterImpl-00f3567e-e140-4cd7-bd5a-f6438c2bd6c1/ozone-meta/om.db/000055.sst] are same.
2023-06-22 21:35:50,152 [snapshot-diff-job-thread-id-2] INFO  db.RDBCheckpointUtils (RDBCheckpointUtils.java:waitForCheckpointDirectoryExist(59)) - Waited for 110 milliseconds for checkpoint directory /home/runner/work/ozone/ozone/hadoop-ozone/integration-test/target/test-dir/MiniOzoneClusterImpl-00f3567e-e140-4cd7-bd5a-f6438c2bd6c1/ozone-meta/db.snapshots/checkpointState/om.db-42545214-535b-4011-9fee-73abfbb6a047 availability.
2023-06-22 21:35:50,152 [snapshot-diff-job-thread-id-2] INFO  helpers.OmKeyInfo (OmKeyInfo.java:getCodec(71)) - OmKeyInfo.getCodec ignorePipeline = true
2023-06-22 21:35:50,581 [snapshot-diff-job-thread-id-2] INFO  snapshot.SnapshotDiffManager (SnapshotDiffManager.java:generateDiffReport(1251)) - Starting diff report generation for jobId: 55ac8931-cce0-49b0-bb22-6092e93e8aca.
2023-06-22 21:35:51,051 [OM StateMachine ApplyTransaction Thread - 0] INFO  snapshot.OMSnapshotDeleteRequest (OMSnapshotDeleteRequest.java:validateAndUpdateCache(225)) - Deleted snapshot 'temps20230622-213550.028' under path 'volume78641/bucket88431'
]]></system-out>
  </testcase>
  <testcase name="testSnapshotDiff" classname="TestRootedOzoneFileSystemWithFSO" time="3.314">
    <system-out><![CDATA[2023-06-22 21:37:20,123 [Time-limited test] INFO  rpc.RpcClient (RpcClient.java:createVolume(459)) - Creating Volume: volume38862, with user50703 as owner and space quota set to -1 bytes, counts quota set to -1
2023-06-22 21:37:20,124 [IPC Server handler 16 on default port 15057] INFO  volume.OMVolumeCreateRequest (OMVolumeCreateRequest.java:validateAndUpdateCache(196)) - created volume:volume38862 for user:user50703
2023-06-22 21:37:20,125 [Time-limited test] INFO  rpc.RpcClient (RpcClient.java:createBucket(686)) - Creating Bucket: volume38862/bucket38943, with bucket layout FILE_SYSTEM_OPTIMIZED, runner as owner, Versioning false, Storage Type set to DISK and Encryption set to false, Replication Type set to server-side default replication type, Namespace Quota set to -1, Space Quota set to -1 
2023-06-22 21:37:20,126 [IPC Server handler 6 on default port 15057] INFO  bucket.OMBucketCreateRequest (OMBucketCreateRequest.java:validateAndUpdateCache(270)) - created bucket: bucket38943 of layout FILE_SYSTEM_OPTIMIZED in volume: volume38862
2023-06-22 21:37:20,137 [Time-limited test] INFO  rpc.RpcClient (RpcClient.java:createVolume(459)) - Creating Volume: volume94765, with user25096 as owner and space quota set to -1 bytes, counts quota set to -1
2023-06-22 21:37:20,138 [IPC Server handler 13 on default port 15057] INFO  volume.OMVolumeCreateRequest (OMVolumeCreateRequest.java:validateAndUpdateCache(196)) - created volume:volume94765 for user:user25096
2023-06-22 21:37:20,139 [Time-limited test] INFO  rpc.RpcClient (RpcClient.java:createBucket(686)) - Creating Bucket: volume94765/bucket42546, with bucket layout FILE_SYSTEM_OPTIMIZED, runner as owner, Versioning false, Storage Type set to DISK and Encryption set to false, Replication Type set to server-side default replication type, Namespace Quota set to -1, Space Quota set to -1 
2023-06-22 21:37:20,139 [IPC Server handler 3 on default port 15057] INFO  bucket.OMBucketCreateRequest (OMBucketCreateRequest.java:validateAndUpdateCache(270)) - created bucket: bucket42546 of layout FILE_SYSTEM_OPTIMIZED in volume: volume94765
2023-06-22 21:37:20,144 [IPC Server handler 12 on default port 15057] INFO  snapshot.OMSnapshotCreateRequest (OMSnapshotCreateRequest.java:validateAndUpdateCache(193)) - Created snapshot: 's20230622-213720.141' with snapshotId: '2b0da051-5065-42a9-8470-5167e5ed99c8' under path 'volume94765/bucket42546'
2023-06-22 21:37:20,199 [OMDoubleBufferFlushThread] INFO  db.RDBCheckpointManager (RDBCheckpointManager.java:createCheckpoint(89)) - Created checkpoint in rocksDB at /home/runner/work/ozone/ozone/hadoop-ozone/integration-test/target/test-dir/MiniOzoneClusterImpl-9e90c1de-1c56-491c-b259-3d04922b55fd/ozone-meta/db.snapshots/checkpointState/om.db-2b0da051-5065-42a9-8470-5167e5ed99c8 in 48 milliseconds
2023-06-22 21:37:20,199 [OMDoubleBufferFlushThread] INFO  db.RDBCheckpointUtils (RDBCheckpointUtils.java:waitForCheckpointDirectoryExist(59)) - Waited for 0 milliseconds for checkpoint directory /home/runner/work/ozone/ozone/hadoop-ozone/integration-test/target/test-dir/MiniOzoneClusterImpl-9e90c1de-1c56-491c-b259-3d04922b55fd/ozone-meta/db.snapshots/checkpointState/om.db-2b0da051-5065-42a9-8470-5167e5ed99c8 availability.
2023-06-22 21:37:20,201 [OMDoubleBufferFlushThread] INFO  om.OmSnapshotManager (OmSnapshotManager.java:createOmSnapshotCheckpoint(436)) - Created checkpoint : /home/runner/work/ozone/ozone/hadoop-ozone/integration-test/target/test-dir/MiniOzoneClusterImpl-9e90c1de-1c56-491c-b259-3d04922b55fd/ozone-meta/db.snapshots/checkpointState/om.db-2b0da051-5065-42a9-8470-5167e5ed99c8 for snapshot s20230622-213720.141
2023-06-22 21:37:20,214 [IPC Server handler 14 on default port 15057] INFO  snapshot.OMSnapshotCreateRequest (OMSnapshotCreateRequest.java:validateAndUpdateCache(193)) - Created snapshot: 's20230622-213720.213' with snapshotId: '08dc36d5-4682-4354-a5e3-f519531e1865' under path 'volume94765/bucket42546'
2023-06-22 21:37:20,239 [OMDoubleBufferFlushThread] INFO  db.RDBCheckpointManager (RDBCheckpointManager.java:createCheckpoint(89)) - Created checkpoint in rocksDB at /home/runner/work/ozone/ozone/hadoop-ozone/integration-test/target/test-dir/MiniOzoneClusterImpl-9e90c1de-1c56-491c-b259-3d04922b55fd/ozone-meta/db.snapshots/checkpointState/om.db-08dc36d5-4682-4354-a5e3-f519531e1865 in 23 milliseconds
2023-06-22 21:37:20,239 [OMDoubleBufferFlushThread] INFO  db.RDBCheckpointUtils (RDBCheckpointUtils.java:waitForCheckpointDirectoryExist(59)) - Waited for 0 milliseconds for checkpoint directory /home/runner/work/ozone/ozone/hadoop-ozone/integration-test/target/test-dir/MiniOzoneClusterImpl-9e90c1de-1c56-491c-b259-3d04922b55fd/ozone-meta/db.snapshots/checkpointState/om.db-08dc36d5-4682-4354-a5e3-f519531e1865 availability.
2023-06-22 21:37:20,241 [OMDoubleBufferFlushThread] INFO  om.OmSnapshotManager (OmSnapshotManager.java:createOmSnapshotCheckpoint(436)) - Created checkpoint : /home/runner/work/ozone/ozone/hadoop-ozone/integration-test/target/test-dir/MiniOzoneClusterImpl-9e90c1de-1c56-491c-b259-3d04922b55fd/ozone-meta/db.snapshots/checkpointState/om.db-08dc36d5-4682-4354-a5e3-f519531e1865 for snapshot s20230622-213720.213
2023-06-22 21:37:20,247 [IPC Server handler 7 on default port 15057] INFO  snapshot.SnapshotDiffManager (SnapshotDiffManager.java:submitSnapDiffJob(688)) - Submitting snap diff report generation request for volume: volume94765, bucket: bucket42546, fromSnapshot: s20230622-213720.141 and toSnapshot: s20230622-213720.213
2023-06-22 21:37:20,249 [snapshot-diff-job-thread-id-0] INFO  snapshot.SnapshotDiffManager (SnapshotDiffManager.java:generateSnapshotDiffReport(790)) - Started snap diff report generation for volume: volume94765 bucket: bucket42546, fromSnapshot: s20230622-213720.141 and toSnapshot: s20230622-213720.213
2023-06-22 21:37:20,250 [snapshot-diff-job-thread-id-0] WARN  server.ServerUtils (ServerUtils.java:getDBPath(311)) - ozone.om.db.dirs is not configured. We recommend adding this setting. Falling back to ozone.metadata.dirs instead.
2023-06-22 21:37:20,250 [snapshot-diff-job-thread-id-0] INFO  helpers.OmKeyInfo (OmKeyInfo.java:getCodec(71)) - OmKeyInfo.getCodec ignorePipeline = true
2023-06-22 21:37:20,296 [snapshot-diff-job-thread-id-0] WARN  server.ServerUtils (ServerUtils.java:getDBPath(311)) - ozone.om.db.dirs is not configured. We recommend adding this setting. Falling back to ozone.metadata.dirs instead.
2023-06-22 21:37:20,298 [snapshot-diff-job-thread-id-0] INFO  helpers.OmKeyInfo (OmKeyInfo.java:getCodec(71)) - OmKeyInfo.getCodec ignorePipeline = true
2023-06-22 21:37:20,532 [snapshot-diff-job-thread-id-0] INFO  snapshot.SnapshotDiffManager (SnapshotDiffManager.java:generateDiffReport(1251)) - Starting diff report generation for jobId: 2a11e34e-26be-4338-96c6-67080cef314f.
2023-06-22 21:37:21,291 [IPC Server handler 12 on default port 15057] INFO  snapshot.OMSnapshotCreateRequest (OMSnapshotCreateRequest.java:validateAndUpdateCache(193)) - Created snapshot: 's20230622-213721.290' with snapshotId: '5c59f74e-681c-4d84-9c8e-b9ee413fbb6d' under path 'volume94765/bucket42546'
2023-06-22 21:37:21,335 [OMDoubleBufferFlushThread] INFO  db.RDBCheckpointManager (RDBCheckpointManager.java:createCheckpoint(89)) - Created checkpoint in rocksDB at /home/runner/work/ozone/ozone/hadoop-ozone/integration-test/target/test-dir/MiniOzoneClusterImpl-9e90c1de-1c56-491c-b259-3d04922b55fd/ozone-meta/db.snapshots/checkpointState/om.db-5c59f74e-681c-4d84-9c8e-b9ee413fbb6d in 43 milliseconds
2023-06-22 21:37:21,335 [OMDoubleBufferFlushThread] INFO  db.RDBCheckpointUtils (RDBCheckpointUtils.java:waitForCheckpointDirectoryExist(59)) - Waited for 0 milliseconds for checkpoint directory /home/runner/work/ozone/ozone/hadoop-ozone/integration-test/target/test-dir/MiniOzoneClusterImpl-9e90c1de-1c56-491c-b259-3d04922b55fd/ozone-meta/db.snapshots/checkpointState/om.db-5c59f74e-681c-4d84-9c8e-b9ee413fbb6d availability.
2023-06-22 21:37:21,337 [OMDoubleBufferFlushThread] INFO  om.OmSnapshotManager (OmSnapshotManager.java:createOmSnapshotCheckpoint(436)) - Created checkpoint : /home/runner/work/ozone/ozone/hadoop-ozone/integration-test/target/test-dir/MiniOzoneClusterImpl-9e90c1de-1c56-491c-b259-3d04922b55fd/ozone-meta/db.snapshots/checkpointState/om.db-5c59f74e-681c-4d84-9c8e-b9ee413fbb6d for snapshot s20230622-213721.290
2023-06-22 21:37:21,341 [IPC Server handler 11 on default port 15057] INFO  snapshot.SnapshotDiffManager (SnapshotDiffManager.java:submitSnapDiffJob(688)) - Submitting snap diff report generation request for volume: volume94765, bucket: bucket42546, fromSnapshot: s20230622-213720.213 and toSnapshot: s20230622-213721.290
2023-06-22 21:37:21,343 [snapshot-diff-job-thread-id-1] INFO  snapshot.SnapshotDiffManager (SnapshotDiffManager.java:generateSnapshotDiffReport(790)) - Started snap diff report generation for volume: volume94765 bucket: bucket42546, fromSnapshot: s20230622-213720.213 and toSnapshot: s20230622-213721.290
2023-06-22 21:37:21,344 [snapshot-diff-job-thread-id-1] WARN  server.ServerUtils (ServerUtils.java:getDBPath(311)) - ozone.om.db.dirs is not configured. We recommend adding this setting. Falling back to ozone.metadata.dirs instead.
2023-06-22 21:37:21,344 [snapshot-diff-job-thread-id-1] INFO  helpers.OmKeyInfo (OmKeyInfo.java:getCodec(71)) - OmKeyInfo.getCodec ignorePipeline = true
2023-06-22 21:37:21,573 [snapshot-diff-job-thread-id-1] INFO  snapshot.SnapshotDiffManager (SnapshotDiffManager.java:generateDiffReport(1251)) - Starting diff report generation for jobId: a7c9413e-3366-4c6a-bc6a-d762cb583084.
2023-06-22 21:37:22,355 [IPC Server handler 2 on default port 15057] INFO  snapshot.OMSnapshotCreateRequest (OMSnapshotCreateRequest.java:validateAndUpdateCache(193)) - Created snapshot: 'temps20230622-213722.354' with snapshotId: '7fece66e-595b-4a8a-ba46-f520bc3f79a9' under path 'volume94765/bucket42546'
2023-06-22 21:37:22,378 [Thread-2360] INFO  rocksdiff.RocksDBCheckpointDiffer (RocksDBCheckpointDiffer.java:onCompactionCompleted(527)) - Skipped the compaction entry. Compaction input files: [/home/runner/work/ozone/ozone/hadoop-ozone/integration-test/target/test-dir/MiniOzoneClusterImpl-9e90c1de-1c56-491c-b259-3d04922b55fd/ozone-meta/om.db/000081.sst, /home/runner/work/ozone/ozone/hadoop-ozone/integration-test/target/test-dir/MiniOzoneClusterImpl-9e90c1de-1c56-491c-b259-3d04922b55fd/ozone-meta/om.db/000073.sst, /home/runner/work/ozone/ozone/hadoop-ozone/integration-test/target/test-dir/MiniOzoneClusterImpl-9e90c1de-1c56-491c-b259-3d04922b55fd/ozone-meta/om.db/000066.sst, /home/runner/work/ozone/ozone/hadoop-ozone/integration-test/target/test-dir/MiniOzoneClusterImpl-9e90c1de-1c56-491c-b259-3d04922b55fd/ozone-meta/om.db/000055.sst] and output files: [/home/runner/work/ozone/ozone/hadoop-ozone/integration-test/target/test-dir/MiniOzoneClusterImpl-9e90c1de-1c56-491c-b259-3d04922b55fd/ozone-meta/om.db/000081.sst, /home/runner/work/ozone/ozone/hadoop-ozone/integration-test/target/test-dir/MiniOzoneClusterImpl-9e90c1de-1c56-491c-b259-3d04922b55fd/ozone-meta/om.db/000073.sst, /home/runner/work/ozone/ozone/hadoop-ozone/integration-test/target/test-dir/MiniOzoneClusterImpl-9e90c1de-1c56-491c-b259-3d04922b55fd/ozone-meta/om.db/000066.sst, /home/runner/work/ozone/ozone/hadoop-ozone/integration-test/target/test-dir/MiniOzoneClusterImpl-9e90c1de-1c56-491c-b259-3d04922b55fd/ozone-meta/om.db/000055.sst] are same.
2023-06-22 21:37:22,392 [OMDoubleBufferFlushThread] INFO  db.RDBCheckpointManager (RDBCheckpointManager.java:createCheckpoint(89)) - Created checkpoint in rocksDB at /home/runner/work/ozone/ozone/hadoop-ozone/integration-test/target/test-dir/MiniOzoneClusterImpl-9e90c1de-1c56-491c-b259-3d04922b55fd/ozone-meta/db.snapshots/checkpointState/om.db-7fece66e-595b-4a8a-ba46-f520bc3f79a9 in 36 milliseconds
2023-06-22 21:37:22,393 [OMDoubleBufferFlushThread] INFO  db.RDBCheckpointUtils (RDBCheckpointUtils.java:waitForCheckpointDirectoryExist(59)) - Waited for 1 milliseconds for checkpoint directory /home/runner/work/ozone/ozone/hadoop-ozone/integration-test/target/test-dir/MiniOzoneClusterImpl-9e90c1de-1c56-491c-b259-3d04922b55fd/ozone-meta/db.snapshots/checkpointState/om.db-7fece66e-595b-4a8a-ba46-f520bc3f79a9 availability.
2023-06-22 21:37:22,395 [OMDoubleBufferFlushThread] INFO  om.OmSnapshotManager (OmSnapshotManager.java:createOmSnapshotCheckpoint(436)) - Created checkpoint : /home/runner/work/ozone/ozone/hadoop-ozone/integration-test/target/test-dir/MiniOzoneClusterImpl-9e90c1de-1c56-491c-b259-3d04922b55fd/ozone-meta/db.snapshots/checkpointState/om.db-7fece66e-595b-4a8a-ba46-f520bc3f79a9 for snapshot temps20230622-213722.354
2023-06-22 21:37:22,402 [IPC Server handler 14 on default port 15057] INFO  snapshot.SnapshotDiffManager (SnapshotDiffManager.java:submitSnapDiffJob(688)) - Submitting snap diff report generation request for volume: volume94765, bucket: bucket42546, fromSnapshot: s20230622-213721.290 and toSnapshot: temps20230622-213722.354
2023-06-22 21:37:22,403 [snapshot-diff-job-thread-id-2] INFO  snapshot.SnapshotDiffManager (SnapshotDiffManager.java:generateSnapshotDiffReport(790)) - Started snap diff report generation for volume: volume94765 bucket: bucket42546, fromSnapshot: s20230622-213721.290 and toSnapshot: temps20230622-213722.354
2023-06-22 21:37:22,404 [snapshot-diff-job-thread-id-2] WARN  server.ServerUtils (ServerUtils.java:getDBPath(311)) - ozone.om.db.dirs is not configured. We recommend adding this setting. Falling back to ozone.metadata.dirs instead.
2023-06-22 21:37:22,404 [snapshot-diff-job-thread-id-2] INFO  helpers.OmKeyInfo (OmKeyInfo.java:getCodec(71)) - OmKeyInfo.getCodec ignorePipeline = true
2023-06-22 21:37:22,640 [snapshot-diff-job-thread-id-2] INFO  snapshot.SnapshotDiffManager (SnapshotDiffManager.java:generateDiffReport(1251)) - Starting diff report generation for jobId: a12932c4-2fc6-4c25-a8ce-dba477596763.
2023-06-22 21:37:23,412 [IPC Server handler 7 on default port 15057] INFO  snapshot.OMSnapshotDeleteRequest (OMSnapshotDeleteRequest.java:validateAndUpdateCache(225)) - Deleted snapshot 'temps20230622-213722.354' under path 'volume94765/bucket42546'
]]></system-out>
  </testcase>
  <testcase name="testSnapshotRead" classname="TestRootedOzoneFileSystemWithFSO" time="0.481">
    <system-out><![CDATA[2023-06-22 21:35:51,120 [Time-limited test] INFO  rpc.RpcClient (RpcClient.java:createVolume(459)) - Creating Volume: volume00117, with user63269 as owner and space quota set to -1 bytes, counts quota set to -1
2023-06-22 21:35:51,123 [OM StateMachine ApplyTransaction Thread - 0] INFO  volume.OMVolumeCreateRequest (OMVolumeCreateRequest.java:validateAndUpdateCache(196)) - created volume:volume00117 for user:user63269
2023-06-22 21:35:51,125 [Time-limited test] INFO  rpc.RpcClient (RpcClient.java:createBucket(686)) - Creating Bucket: volume00117/bucket72423, with bucket layout FILE_SYSTEM_OPTIMIZED, runner as owner, Versioning false, Storage Type set to DISK and Encryption set to false, Replication Type set to server-side default replication type, Namespace Quota set to -1, Space Quota set to -1 
2023-06-22 21:35:51,127 [OM StateMachine ApplyTransaction Thread - 0] INFO  bucket.OMBucketCreateRequest (OMBucketCreateRequest.java:validateAndUpdateCache(270)) - created bucket: bucket72423 of layout FILE_SYSTEM_OPTIMIZED in volume: volume00117
2023-06-22 21:35:51,158 [Time-limited test] INFO  rpc.RpcClient (RpcClient.java:createVolume(459)) - Creating Volume: volume22319, with user94645 as owner and space quota set to -1 bytes, counts quota set to -1
2023-06-22 21:35:51,160 [OM StateMachine ApplyTransaction Thread - 0] INFO  volume.OMVolumeCreateRequest (OMVolumeCreateRequest.java:validateAndUpdateCache(196)) - created volume:volume22319 for user:user94645
2023-06-22 21:35:51,162 [Time-limited test] INFO  rpc.RpcClient (RpcClient.java:createBucket(686)) - Creating Bucket: volume22319/bucket52441, with bucket layout FILE_SYSTEM_OPTIMIZED, runner as owner, Versioning false, Storage Type set to DISK and Encryption set to false, Replication Type set to server-side default replication type, Namespace Quota set to -1, Space Quota set to -1 
2023-06-22 21:35:51,164 [OM StateMachine ApplyTransaction Thread - 0] INFO  bucket.OMBucketCreateRequest (OMBucketCreateRequest.java:validateAndUpdateCache(270)) - created bucket: bucket52441 of layout FILE_SYSTEM_OPTIMIZED in volume: volume22319
2023-06-22 21:35:51,235 [Time-limited test] INFO  rpc.RpcClient (RpcClient.java:createVolume(459)) - Creating Volume: volume57485, with user59563 as owner and space quota set to -1 bytes, counts quota set to -1
2023-06-22 21:35:51,239 [OM StateMachine ApplyTransaction Thread - 0] INFO  volume.OMVolumeCreateRequest (OMVolumeCreateRequest.java:validateAndUpdateCache(196)) - created volume:volume57485 for user:user59563
2023-06-22 21:35:51,241 [Time-limited test] INFO  rpc.RpcClient (RpcClient.java:createBucket(686)) - Creating Bucket: volume57485/bucket67441, with bucket layout FILE_SYSTEM_OPTIMIZED, runner as owner, Versioning false, Storage Type set to DISK and Encryption set to false, Replication Type set to server-side default replication type, Namespace Quota set to -1, Space Quota set to -1 
2023-06-22 21:35:51,243 [OM StateMachine ApplyTransaction Thread - 0] INFO  bucket.OMBucketCreateRequest (OMBucketCreateRequest.java:validateAndUpdateCache(270)) - created bucket: bucket67441 of layout FILE_SYSTEM_OPTIMIZED in volume: volume57485
2023-06-22 21:35:51,247 [OM StateMachine ApplyTransaction Thread - 0] INFO  snapshot.OMSnapshotCreateRequest (OMSnapshotCreateRequest.java:validateAndUpdateCache(193)) - Created snapshot: 'snap1' with snapshotId: 'deacf08a-5c3c-45e1-b5e4-842766baaf25' under path 'volume22319/bucket52441'
2023-06-22 21:35:51,250 [OM StateMachine ApplyTransaction Thread - 0] INFO  snapshot.OMSnapshotCreateRequest (OMSnapshotCreateRequest.java:validateAndUpdateCache(193)) - Created snapshot: 'snap1' with snapshotId: '0abaaba4-6d93-45a5-adf0-05b76411998f' under path 'volume57485/bucket67441'
2023-06-22 21:35:51,262 [OM StateMachine ApplyTransaction Thread - 0] INFO  snapshot.OMSnapshotCreateRequest (OMSnapshotCreateRequest.java:validateAndUpdateCache(193)) - Created snapshot: 'snap2' with snapshotId: '5632b727-0e1a-440d-ab84-022f41ecf6c3' under path 'volume22319/bucket52441'
2023-06-22 21:35:51,266 [IPC Server handler 12 on default port 15004] WARN  server.ServerUtils (ServerUtils.java:getDBPath(311)) - ozone.om.db.dirs is not configured. We recommend adding this setting. Falling back to ozone.metadata.dirs instead.
2023-06-22 21:35:51,267 [Thread-990] INFO  rocksdiff.RocksDBCheckpointDiffer (RocksDBCheckpointDiffer.java:onCompactionCompleted(527)) - Skipped the compaction entry. Compaction input files: [/home/runner/work/ozone/ozone/hadoop-ozone/integration-test/target/test-dir/MiniOzoneClusterImpl-00f3567e-e140-4cd7-bd5a-f6438c2bd6c1/ozone-meta/om.db/000066.sst] and output files: [/home/runner/work/ozone/ozone/hadoop-ozone/integration-test/target/test-dir/MiniOzoneClusterImpl-00f3567e-e140-4cd7-bd5a-f6438c2bd6c1/ozone-meta/om.db/000066.sst] are same.
2023-06-22 21:35:51,292 [OMDoubleBufferFlushThread] INFO  db.RDBCheckpointManager (RDBCheckpointManager.java:createCheckpoint(89)) - Created checkpoint in rocksDB at /home/runner/work/ozone/ozone/hadoop-ozone/integration-test/target/test-dir/MiniOzoneClusterImpl-00f3567e-e140-4cd7-bd5a-f6438c2bd6c1/ozone-meta/db.snapshots/checkpointState/om.db-deacf08a-5c3c-45e1-b5e4-842766baaf25 in 43 milliseconds
2023-06-22 21:35:51,293 [OMDoubleBufferFlushThread] INFO  db.RDBCheckpointUtils (RDBCheckpointUtils.java:waitForCheckpointDirectoryExist(59)) - Waited for 1 milliseconds for checkpoint directory /home/runner/work/ozone/ozone/hadoop-ozone/integration-test/target/test-dir/MiniOzoneClusterImpl-00f3567e-e140-4cd7-bd5a-f6438c2bd6c1/ozone-meta/db.snapshots/checkpointState/om.db-deacf08a-5c3c-45e1-b5e4-842766baaf25 availability.
2023-06-22 21:35:51,299 [OMDoubleBufferFlushThread] WARN  om.OmSnapshotManager (OmSnapshotManager.java:findEndKeyGivenPrefix(566)) - Took 183211 ns to find endKey. Caller is deleteKeysFromDelKeyTableInSnapshotScope
2023-06-22 21:35:51,300 [OMDoubleBufferFlushThread] WARN  om.OmSnapshotManager (OmSnapshotManager.java:findEndKeyGivenPrefix(566)) - Took 284017 ns to find endKey. Caller is deleteKeysFromDelDirTableInSnapshotScope
2023-06-22 21:35:51,300 [OMDoubleBufferFlushThread] INFO  om.OmSnapshotManager (OmSnapshotManager.java:createOmSnapshotCheckpoint(436)) - Created checkpoint : /home/runner/work/ozone/ozone/hadoop-ozone/integration-test/target/test-dir/MiniOzoneClusterImpl-00f3567e-e140-4cd7-bd5a-f6438c2bd6c1/ozone-meta/db.snapshots/checkpointState/om.db-deacf08a-5c3c-45e1-b5e4-842766baaf25 for snapshot snap1
2023-06-22 21:35:51,310 [Thread-1072] INFO  rocksdiff.RocksDBCheckpointDiffer (RocksDBCheckpointDiffer.java:onCompactionCompleted(527)) - Skipped the compaction entry. Compaction input files: [/home/runner/work/ozone/ozone/hadoop-ozone/integration-test/target/test-dir/MiniOzoneClusterImpl-00f3567e-e140-4cd7-bd5a-f6438c2bd6c1/ozone-meta/om.db/000074.sst, /home/runner/work/ozone/ozone/hadoop-ozone/integration-test/target/test-dir/MiniOzoneClusterImpl-00f3567e-e140-4cd7-bd5a-f6438c2bd6c1/ozone-meta/om.db/000083.sst, /home/runner/work/ozone/ozone/hadoop-ozone/integration-test/target/test-dir/MiniOzoneClusterImpl-00f3567e-e140-4cd7-bd5a-f6438c2bd6c1/ozone-meta/om.db/000094.sst] and output files: [/home/runner/work/ozone/ozone/hadoop-ozone/integration-test/target/test-dir/MiniOzoneClusterImpl-00f3567e-e140-4cd7-bd5a-f6438c2bd6c1/ozone-meta/om.db/000074.sst, /home/runner/work/ozone/ozone/hadoop-ozone/integration-test/target/test-dir/MiniOzoneClusterImpl-00f3567e-e140-4cd7-bd5a-f6438c2bd6c1/ozone-meta/om.db/000083.sst, /home/runner/work/ozone/ozone/hadoop-ozone/integration-test/target/test-dir/MiniOzoneClusterImpl-00f3567e-e140-4cd7-bd5a-f6438c2bd6c1/ozone-meta/om.db/000094.sst] are same.
2023-06-22 21:35:51,338 [OMDoubleBufferFlushThread] INFO  db.RDBCheckpointManager (RDBCheckpointManager.java:createCheckpoint(89)) - Created checkpoint in rocksDB at /home/runner/work/ozone/ozone/hadoop-ozone/integration-test/target/test-dir/MiniOzoneClusterImpl-00f3567e-e140-4cd7-bd5a-f6438c2bd6c1/ozone-meta/db.snapshots/checkpointState/om.db-0abaaba4-6d93-45a5-adf0-05b76411998f in 35 milliseconds
2023-06-22 21:35:51,345 [OMDoubleBufferFlushThread] INFO  db.RDBCheckpointUtils (RDBCheckpointUtils.java:waitForCheckpointDirectoryExist(59)) - Waited for 7 milliseconds for checkpoint directory /home/runner/work/ozone/ozone/hadoop-ozone/integration-test/target/test-dir/MiniOzoneClusterImpl-00f3567e-e140-4cd7-bd5a-f6438c2bd6c1/ozone-meta/db.snapshots/checkpointState/om.db-0abaaba4-6d93-45a5-adf0-05b76411998f availability.
2023-06-22 21:35:51,347 [OMDoubleBufferFlushThread] WARN  om.OmSnapshotManager (OmSnapshotManager.java:findEndKeyGivenPrefix(566)) - Took 314018 ns to find endKey. Caller is deleteKeysFromDelDirTableInSnapshotScope
2023-06-22 21:35:51,348 [OMDoubleBufferFlushThread] INFO  om.OmSnapshotManager (OmSnapshotManager.java:createOmSnapshotCheckpoint(436)) - Created checkpoint : /home/runner/work/ozone/ozone/hadoop-ozone/integration-test/target/test-dir/MiniOzoneClusterImpl-00f3567e-e140-4cd7-bd5a-f6438c2bd6c1/ozone-meta/db.snapshots/checkpointState/om.db-0abaaba4-6d93-45a5-adf0-05b76411998f for snapshot snap1
2023-06-22 21:35:51,348 [OMDoubleBufferFlushThread] WARN  rocksdiff.RocksDBCheckpointDiffer (RocksDBCheckpointDiffer.java:setCurrentCompactionLog(312)) - Compaction log exists: /home/runner/work/ozone/ozone/hadoop-ozone/integration-test/target/test-dir/MiniOzoneClusterImpl-00f3567e-e140-4cd7-bd5a-f6438c2bd6c1/ozone-meta/db.snapshots/diffState/compaction-log/0000000000000015559.log. Will append
2023-06-22 21:35:51,376 [IPC Server handler 12 on default port 15004] INFO  db.RDBCheckpointUtils (RDBCheckpointUtils.java:waitForCheckpointDirectoryExist(59)) - Waited for 110 milliseconds for checkpoint directory /home/runner/work/ozone/ozone/hadoop-ozone/integration-test/target/test-dir/MiniOzoneClusterImpl-00f3567e-e140-4cd7-bd5a-f6438c2bd6c1/ozone-meta/db.snapshots/checkpointState/om.db-deacf08a-5c3c-45e1-b5e4-842766baaf25 availability.
2023-06-22 21:35:51,377 [IPC Server handler 12 on default port 15004] INFO  helpers.OmKeyInfo (OmKeyInfo.java:getCodec(71)) - OmKeyInfo.getCodec ignorePipeline = true
2023-06-22 21:35:51,392 [OMDoubleBufferFlushThread] INFO  db.RDBCheckpointManager (RDBCheckpointManager.java:createCheckpoint(89)) - Created checkpoint in rocksDB at /home/runner/work/ozone/ozone/hadoop-ozone/integration-test/target/test-dir/MiniOzoneClusterImpl-00f3567e-e140-4cd7-bd5a-f6438c2bd6c1/ozone-meta/db.snapshots/checkpointState/om.db-5632b727-0e1a-440d-ab84-022f41ecf6c3 in 41 milliseconds
2023-06-22 21:35:51,395 [OMDoubleBufferFlushThread] INFO  db.RDBCheckpointUtils (RDBCheckpointUtils.java:waitForCheckpointDirectoryExist(59)) - Waited for 3 milliseconds for checkpoint directory /home/runner/work/ozone/ozone/hadoop-ozone/integration-test/target/test-dir/MiniOzoneClusterImpl-00f3567e-e140-4cd7-bd5a-f6438c2bd6c1/ozone-meta/db.snapshots/checkpointState/om.db-5632b727-0e1a-440d-ab84-022f41ecf6c3 availability.
2023-06-22 21:35:51,396 [OMDoubleBufferFlushThread] WARN  om.OmSnapshotManager (OmSnapshotManager.java:findEndKeyGivenPrefix(566)) - Took 159809 ns to find endKey. Caller is deleteKeysFromDelKeyTableInSnapshotScope
2023-06-22 21:35:51,397 [OMDoubleBufferFlushThread] WARN  om.OmSnapshotManager (OmSnapshotManager.java:findEndKeyGivenPrefix(566)) - Took 273116 ns to find endKey. Caller is deleteKeysFromDelDirTableInSnapshotScope
2023-06-22 21:35:51,398 [OMDoubleBufferFlushThread] INFO  om.OmSnapshotManager (OmSnapshotManager.java:createOmSnapshotCheckpoint(436)) - Created checkpoint : /home/runner/work/ozone/ozone/hadoop-ozone/integration-test/target/test-dir/MiniOzoneClusterImpl-00f3567e-e140-4cd7-bd5a-f6438c2bd6c1/ozone-meta/db.snapshots/checkpointState/om.db-5632b727-0e1a-440d-ab84-022f41ecf6c3 for snapshot snap2
2023-06-22 21:35:51,398 [OMDoubleBufferFlushThread] WARN  rocksdiff.RocksDBCheckpointDiffer (RocksDBCheckpointDiffer.java:setCurrentCompactionLog(312)) - Compaction log exists: /home/runner/work/ozone/ozone/hadoop-ozone/integration-test/target/test-dir/MiniOzoneClusterImpl-00f3567e-e140-4cd7-bd5a-f6438c2bd6c1/ozone-meta/db.snapshots/diffState/compaction-log/0000000000000015559.log. Will append
2023-06-22 21:35:51,438 [IPC Server handler 15 on default port 15004] WARN  server.ServerUtils (ServerUtils.java:getDBPath(311)) - ozone.om.db.dirs is not configured. We recommend adding this setting. Falling back to ozone.metadata.dirs instead.
2023-06-22 21:35:51,439 [IPC Server handler 15 on default port 15004] INFO  helpers.OmKeyInfo (OmKeyInfo.java:getCodec(71)) - OmKeyInfo.getCodec ignorePipeline = true
2023-06-22 21:35:51,483 [IPC Server handler 18 on default port 15004] WARN  server.ServerUtils (ServerUtils.java:getDBPath(311)) - ozone.om.db.dirs is not configured. We recommend adding this setting. Falling back to ozone.metadata.dirs instead.
2023-06-22 21:35:51,484 [IPC Server handler 18 on default port 15004] INFO  helpers.OmKeyInfo (OmKeyInfo.java:getCodec(71)) - OmKeyInfo.getCodec ignorePipeline = true
]]></system-out>
  </testcase>
  <testcase name="testSnapshotRead" classname="TestRootedOzoneFileSystemWithFSO" time="0.325">
    <system-out><![CDATA[2023-06-22 21:37:23,445 [Time-limited test] INFO  rpc.RpcClient (RpcClient.java:createVolume(459)) - Creating Volume: volume46290, with user33418 as owner and space quota set to -1 bytes, counts quota set to -1
2023-06-22 21:37:23,446 [IPC Server handler 2 on default port 15057] INFO  volume.OMVolumeCreateRequest (OMVolumeCreateRequest.java:validateAndUpdateCache(196)) - created volume:volume46290 for user:user33418
2023-06-22 21:37:23,448 [Time-limited test] INFO  rpc.RpcClient (RpcClient.java:createBucket(686)) - Creating Bucket: volume46290/bucket71958, with bucket layout FILE_SYSTEM_OPTIMIZED, runner as owner, Versioning false, Storage Type set to DISK and Encryption set to false, Replication Type set to server-side default replication type, Namespace Quota set to -1, Space Quota set to -1 
2023-06-22 21:37:23,448 [IPC Server handler 7 on default port 15057] INFO  bucket.OMBucketCreateRequest (OMBucketCreateRequest.java:validateAndUpdateCache(270)) - created bucket: bucket71958 of layout FILE_SYSTEM_OPTIMIZED in volume: volume46290
2023-06-22 21:37:23,462 [Time-limited test] INFO  rpc.RpcClient (RpcClient.java:createVolume(459)) - Creating Volume: volume70147, with user60845 as owner and space quota set to -1 bytes, counts quota set to -1
2023-06-22 21:37:23,463 [IPC Server handler 19 on default port 15057] INFO  volume.OMVolumeCreateRequest (OMVolumeCreateRequest.java:validateAndUpdateCache(196)) - created volume:volume70147 for user:user60845
2023-06-22 21:37:23,465 [Time-limited test] INFO  rpc.RpcClient (RpcClient.java:createBucket(686)) - Creating Bucket: volume70147/bucket99484, with bucket layout FILE_SYSTEM_OPTIMIZED, runner as owner, Versioning false, Storage Type set to DISK and Encryption set to false, Replication Type set to server-side default replication type, Namespace Quota set to -1, Space Quota set to -1 
2023-06-22 21:37:23,465 [IPC Server handler 16 on default port 15057] INFO  bucket.OMBucketCreateRequest (OMBucketCreateRequest.java:validateAndUpdateCache(270)) - created bucket: bucket99484 of layout FILE_SYSTEM_OPTIMIZED in volume: volume70147
2023-06-22 21:37:23,492 [Time-limited test] INFO  rpc.RpcClient (RpcClient.java:createVolume(459)) - Creating Volume: volume97249, with user55504 as owner and space quota set to -1 bytes, counts quota set to -1
2023-06-22 21:37:23,493 [IPC Server handler 12 on default port 15057] INFO  volume.OMVolumeCreateRequest (OMVolumeCreateRequest.java:validateAndUpdateCache(196)) - created volume:volume97249 for user:user55504
2023-06-22 21:37:23,493 [Time-limited test] INFO  rpc.RpcClient (RpcClient.java:createBucket(686)) - Creating Bucket: volume97249/bucket90051, with bucket layout FILE_SYSTEM_OPTIMIZED, runner as owner, Versioning false, Storage Type set to DISK and Encryption set to false, Replication Type set to server-side default replication type, Namespace Quota set to -1, Space Quota set to -1 
2023-06-22 21:37:23,494 [IPC Server handler 10 on default port 15057] INFO  bucket.OMBucketCreateRequest (OMBucketCreateRequest.java:validateAndUpdateCache(270)) - created bucket: bucket90051 of layout FILE_SYSTEM_OPTIMIZED in volume: volume97249
2023-06-22 21:37:23,497 [IPC Server handler 4 on default port 15057] INFO  snapshot.OMSnapshotCreateRequest (OMSnapshotCreateRequest.java:validateAndUpdateCache(193)) - Created snapshot: 'snap1' with snapshotId: '4a20a883-e952-41af-9ed1-123cfdaea737' under path 'volume70147/bucket99484'
2023-06-22 21:37:23,511 [Thread-2465] INFO  rocksdiff.RocksDBCheckpointDiffer (RocksDBCheckpointDiffer.java:onCompactionCompleted(527)) - Skipped the compaction entry. Compaction input files: [/home/runner/work/ozone/ozone/hadoop-ozone/integration-test/target/test-dir/MiniOzoneClusterImpl-9e90c1de-1c56-491c-b259-3d04922b55fd/ozone-meta/om.db/000065.sst] and output files: [/home/runner/work/ozone/ozone/hadoop-ozone/integration-test/target/test-dir/MiniOzoneClusterImpl-9e90c1de-1c56-491c-b259-3d04922b55fd/ozone-meta/om.db/000065.sst] are same.
2023-06-22 21:37:23,521 [Thread-2505] INFO  rocksdiff.RocksDBCheckpointDiffer (RocksDBCheckpointDiffer.java:onCompactionCompleted(527)) - Skipped the compaction entry. Compaction input files: [/home/runner/work/ozone/ozone/hadoop-ozone/integration-test/target/test-dir/MiniOzoneClusterImpl-9e90c1de-1c56-491c-b259-3d04922b55fd/ozone-meta/om.db/000067.sst, /home/runner/work/ozone/ozone/hadoop-ozone/integration-test/target/test-dir/MiniOzoneClusterImpl-9e90c1de-1c56-491c-b259-3d04922b55fd/ozone-meta/om.db/000074.sst] and output files: [/home/runner/work/ozone/ozone/hadoop-ozone/integration-test/target/test-dir/MiniOzoneClusterImpl-9e90c1de-1c56-491c-b259-3d04922b55fd/ozone-meta/om.db/000067.sst, /home/runner/work/ozone/ozone/hadoop-ozone/integration-test/target/test-dir/MiniOzoneClusterImpl-9e90c1de-1c56-491c-b259-3d04922b55fd/ozone-meta/om.db/000074.sst] are same.
2023-06-22 21:37:23,529 [OMDoubleBufferFlushThread] INFO  db.RDBCheckpointManager (RDBCheckpointManager.java:createCheckpoint(89)) - Created checkpoint in rocksDB at /home/runner/work/ozone/ozone/hadoop-ozone/integration-test/target/test-dir/MiniOzoneClusterImpl-9e90c1de-1c56-491c-b259-3d04922b55fd/ozone-meta/db.snapshots/checkpointState/om.db-4a20a883-e952-41af-9ed1-123cfdaea737 in 31 milliseconds
2023-06-22 21:37:23,529 [OMDoubleBufferFlushThread] INFO  db.RDBCheckpointUtils (RDBCheckpointUtils.java:waitForCheckpointDirectoryExist(59)) - Waited for 0 milliseconds for checkpoint directory /home/runner/work/ozone/ozone/hadoop-ozone/integration-test/target/test-dir/MiniOzoneClusterImpl-9e90c1de-1c56-491c-b259-3d04922b55fd/ozone-meta/db.snapshots/checkpointState/om.db-4a20a883-e952-41af-9ed1-123cfdaea737 availability.
2023-06-22 21:37:23,542 [OMDoubleBufferFlushThread] WARN  om.OmSnapshotManager (OmSnapshotManager.java:findEndKeyGivenPrefix(566)) - Took 11618689 ns to find endKey. Caller is deleteKeysFromDelKeyTableInSnapshotScope
2023-06-22 21:37:23,543 [OMDoubleBufferFlushThread] INFO  om.OmSnapshotManager (OmSnapshotManager.java:createOmSnapshotCheckpoint(436)) - Created checkpoint : /home/runner/work/ozone/ozone/hadoop-ozone/integration-test/target/test-dir/MiniOzoneClusterImpl-9e90c1de-1c56-491c-b259-3d04922b55fd/ozone-meta/db.snapshots/checkpointState/om.db-4a20a883-e952-41af-9ed1-123cfdaea737 for snapshot snap1
2023-06-22 21:37:23,545 [IPC Server handler 2 on default port 15057] INFO  snapshot.OMSnapshotCreateRequest (OMSnapshotCreateRequest.java:validateAndUpdateCache(193)) - Created snapshot: 'snap1' with snapshotId: '103f2e15-4bce-422e-8620-79ed487fd73d' under path 'volume97249/bucket90051'
2023-06-22 21:37:23,552 [Thread-2545] INFO  rocksdiff.RocksDBCheckpointDiffer (RocksDBCheckpointDiffer.java:onCompactionCompleted(527)) - Skipped the compaction entry. Compaction input files: [/home/runner/work/ozone/ozone/hadoop-ozone/integration-test/target/test-dir/MiniOzoneClusterImpl-9e90c1de-1c56-491c-b259-3d04922b55fd/ozone-meta/om.db/000072.sst, /home/runner/work/ozone/ozone/hadoop-ozone/integration-test/target/test-dir/MiniOzoneClusterImpl-9e90c1de-1c56-491c-b259-3d04922b55fd/ozone-meta/om.db/000080.sst, /home/runner/work/ozone/ozone/hadoop-ozone/integration-test/target/test-dir/MiniOzoneClusterImpl-9e90c1de-1c56-491c-b259-3d04922b55fd/ozone-meta/om.db/000089.sst] and output files: [/home/runner/work/ozone/ozone/hadoop-ozone/integration-test/target/test-dir/MiniOzoneClusterImpl-9e90c1de-1c56-491c-b259-3d04922b55fd/ozone-meta/om.db/000072.sst, /home/runner/work/ozone/ozone/hadoop-ozone/integration-test/target/test-dir/MiniOzoneClusterImpl-9e90c1de-1c56-491c-b259-3d04922b55fd/ozone-meta/om.db/000080.sst, /home/runner/work/ozone/ozone/hadoop-ozone/integration-test/target/test-dir/MiniOzoneClusterImpl-9e90c1de-1c56-491c-b259-3d04922b55fd/ozone-meta/om.db/000089.sst] are same.
2023-06-22 21:37:23,561 [OMDoubleBufferFlushThread] INFO  db.RDBCheckpointManager (RDBCheckpointManager.java:createCheckpoint(89)) - Created checkpoint in rocksDB at /home/runner/work/ozone/ozone/hadoop-ozone/integration-test/target/test-dir/MiniOzoneClusterImpl-9e90c1de-1c56-491c-b259-3d04922b55fd/ozone-meta/db.snapshots/checkpointState/om.db-103f2e15-4bce-422e-8620-79ed487fd73d in 15 milliseconds
2023-06-22 21:37:23,562 [OMDoubleBufferFlushThread] INFO  db.RDBCheckpointUtils (RDBCheckpointUtils.java:waitForCheckpointDirectoryExist(59)) - Waited for 1 milliseconds for checkpoint directory /home/runner/work/ozone/ozone/hadoop-ozone/integration-test/target/test-dir/MiniOzoneClusterImpl-9e90c1de-1c56-491c-b259-3d04922b55fd/ozone-meta/db.snapshots/checkpointState/om.db-103f2e15-4bce-422e-8620-79ed487fd73d availability.
2023-06-22 21:37:23,562 [OMDoubleBufferFlushThread] INFO  om.OmSnapshotManager (OmSnapshotManager.java:createOmSnapshotCheckpoint(436)) - Created checkpoint : /home/runner/work/ozone/ozone/hadoop-ozone/integration-test/target/test-dir/MiniOzoneClusterImpl-9e90c1de-1c56-491c-b259-3d04922b55fd/ozone-meta/db.snapshots/checkpointState/om.db-103f2e15-4bce-422e-8620-79ed487fd73d for snapshot snap1
2023-06-22 21:37:23,575 [IPC Server handler 19 on default port 15057] INFO  snapshot.OMSnapshotCreateRequest (OMSnapshotCreateRequest.java:validateAndUpdateCache(193)) - Created snapshot: 'snap2' with snapshotId: '5d92dfae-0a63-4f67-8d3d-b0bde82ab31b' under path 'volume70147/bucket99484'
2023-06-22 21:37:23,604 [OMDoubleBufferFlushThread] INFO  db.RDBCheckpointManager (RDBCheckpointManager.java:createCheckpoint(89)) - Created checkpoint in rocksDB at /home/runner/work/ozone/ozone/hadoop-ozone/integration-test/target/test-dir/MiniOzoneClusterImpl-9e90c1de-1c56-491c-b259-3d04922b55fd/ozone-meta/db.snapshots/checkpointState/om.db-5d92dfae-0a63-4f67-8d3d-b0bde82ab31b in 27 milliseconds
2023-06-22 21:37:23,605 [OMDoubleBufferFlushThread] INFO  db.RDBCheckpointUtils (RDBCheckpointUtils.java:waitForCheckpointDirectoryExist(59)) - Waited for 1 milliseconds for checkpoint directory /home/runner/work/ozone/ozone/hadoop-ozone/integration-test/target/test-dir/MiniOzoneClusterImpl-9e90c1de-1c56-491c-b259-3d04922b55fd/ozone-meta/db.snapshots/checkpointState/om.db-5d92dfae-0a63-4f67-8d3d-b0bde82ab31b availability.
2023-06-22 21:37:23,621 [OMDoubleBufferFlushThread] WARN  om.OmSnapshotManager (OmSnapshotManager.java:findEndKeyGivenPrefix(566)) - Took 13802919 ns to find endKey. Caller is deleteKeysFromDelKeyTableInSnapshotScope
2023-06-22 21:37:23,622 [OMDoubleBufferFlushThread] INFO  om.OmSnapshotManager (OmSnapshotManager.java:createOmSnapshotCheckpoint(436)) - Created checkpoint : /home/runner/work/ozone/ozone/hadoop-ozone/integration-test/target/test-dir/MiniOzoneClusterImpl-9e90c1de-1c56-491c-b259-3d04922b55fd/ozone-meta/db.snapshots/checkpointState/om.db-5d92dfae-0a63-4f67-8d3d-b0bde82ab31b for snapshot snap2
2023-06-22 21:37:23,624 [IPC Server handler 16 on default port 15057] WARN  server.ServerUtils (ServerUtils.java:getDBPath(311)) - ozone.om.db.dirs is not configured. We recommend adding this setting. Falling back to ozone.metadata.dirs instead.
2023-06-22 21:37:23,625 [IPC Server handler 16 on default port 15057] INFO  helpers.OmKeyInfo (OmKeyInfo.java:getCodec(71)) - OmKeyInfo.getCodec ignorePipeline = true
2023-06-22 21:37:23,669 [IPC Server handler 6 on default port 15057] WARN  server.ServerUtils (ServerUtils.java:getDBPath(311)) - ozone.om.db.dirs is not configured. We recommend adding this setting. Falling back to ozone.metadata.dirs instead.
2023-06-22 21:37:23,670 [IPC Server handler 6 on default port 15057] INFO  helpers.OmKeyInfo (OmKeyInfo.java:getCodec(71)) - OmKeyInfo.getCodec ignorePipeline = true
2023-06-22 21:37:23,703 [IPC Server handler 13 on default port 15057] WARN  server.ServerUtils (ServerUtils.java:getDBPath(311)) - ozone.om.db.dirs is not configured. We recommend adding this setting. Falling back to ozone.metadata.dirs instead.
2023-06-22 21:37:23,704 [IPC Server handler 13 on default port 15057] INFO  helpers.OmKeyInfo (OmKeyInfo.java:getCodec(71)) - OmKeyInfo.getCodec ignorePipeline = true
]]></system-out>
  </testcase>
  <testcase name="testUnbuffer" classname="TestRootedOzoneFileSystemWithFSO" time="0.102">
    <system-out><![CDATA[2023-06-22 21:35:51,570 [Time-limited test] INFO  rpc.RpcClient (RpcClient.java:createVolume(459)) - Creating Volume: volume55531, with user36340 as owner and space quota set to -1 bytes, counts quota set to -1
2023-06-22 21:35:51,575 [OM StateMachine ApplyTransaction Thread - 0] INFO  volume.OMVolumeCreateRequest (OMVolumeCreateRequest.java:validateAndUpdateCache(196)) - created volume:volume55531 for user:user36340
2023-06-22 21:35:51,577 [Time-limited test] INFO  rpc.RpcClient (RpcClient.java:createBucket(686)) - Creating Bucket: volume55531/bucket13170, with bucket layout FILE_SYSTEM_OPTIMIZED, runner as owner, Versioning false, Storage Type set to DISK and Encryption set to false, Replication Type set to server-side default replication type, Namespace Quota set to -1, Space Quota set to -1 
2023-06-22 21:35:51,578 [OM StateMachine ApplyTransaction Thread - 0] INFO  bucket.OMBucketCreateRequest (OMBucketCreateRequest.java:validateAndUpdateCache(270)) - created bucket: bucket13170 of layout FILE_SYSTEM_OPTIMIZED in volume: volume55531
2023-06-22 21:35:51,624 [IPC Server handler 12 on default port 15001] WARN  node.SCMNodeManager (SCMNodeManager.java:getNodesByAddress(1377)) - Cannot find node for address 127.0.0.1
]]></system-out>
  </testcase>
  <testcase name="testUnbuffer" classname="TestRootedOzoneFileSystemWithFSO" time="0.077">
    <system-out><![CDATA[2023-06-22 21:37:23,759 [Time-limited test] INFO  rpc.RpcClient (RpcClient.java:createVolume(459)) - Creating Volume: volume88022, with user56301 as owner and space quota set to -1 bytes, counts quota set to -1
2023-06-22 21:37:23,760 [IPC Server handler 6 on default port 15057] INFO  volume.OMVolumeCreateRequest (OMVolumeCreateRequest.java:validateAndUpdateCache(196)) - created volume:volume88022 for user:user56301
2023-06-22 21:37:23,766 [Time-limited test] INFO  rpc.RpcClient (RpcClient.java:createBucket(686)) - Creating Bucket: volume88022/bucket19853, with bucket layout FILE_SYSTEM_OPTIMIZED, runner as owner, Versioning false, Storage Type set to DISK and Encryption set to false, Replication Type set to server-side default replication type, Namespace Quota set to -1, Space Quota set to -1 
2023-06-22 21:37:23,766 [IPC Server handler 13 on default port 15057] INFO  bucket.OMBucketCreateRequest (OMBucketCreateRequest.java:validateAndUpdateCache(270)) - created bucket: bucket19853 of layout FILE_SYSTEM_OPTIMIZED in volume: volume88022
2023-06-22 21:37:23,812 [IPC Server handler 2 on default port 15054] WARN  node.SCMNodeManager (SCMNodeManager.java:getNodesByAddress(1377)) - Cannot find node for address 127.0.0.1
]]></system-out>
  </testcase>
  <testcase name="testDeleteCreatesFakeParentDir" classname="TestRootedOzoneFileSystemWithFSO" time="0">
    <skipped type="org.junit.AssumptionViolatedException"><![CDATA[org.junit.AssumptionViolatedException: FS Path is enabled. Skipping this test as it is not tuned for FS Path yet
	at org.junit.Assume.assumeTrue(Assume.java:68)
	at org.apache.hadoop.fs.ozone.TestRootedOzoneFileSystem.testDeleteCreatesFakeParentDir(TestRootedOzoneFileSystem.java:384)
	at sun.reflect.NativeMethodAccessorImpl.invoke0(Native Method)
	at sun.reflect.NativeMethodAccessorImpl.invoke(NativeMethodAccessorImpl.java:62)
	at sun.reflect.DelegatingMethodAccessorImpl.invoke(DelegatingMethodAccessorImpl.java:43)
	at java.lang.reflect.Method.invoke(Method.java:498)
	at org.junit.runners.model.FrameworkMethod$1.runReflectiveCall(FrameworkMethod.java:59)
	at org.junit.internal.runners.model.ReflectiveCallable.run(ReflectiveCallable.java:12)
	at org.junit.runners.model.FrameworkMethod.invokeExplosively(FrameworkMethod.java:56)
	at org.junit.internal.runners.statements.InvokeMethod.evaluate(InvokeMethod.java:17)
	at org.junit.internal.runners.statements.RunBefores.evaluate(RunBefores.java:26)
	at org.junit.internal.runners.statements.RunAfters.evaluate(RunAfters.java:27)
	at org.junit.internal.runners.statements.FailOnTimeout$CallableStatement.call(FailOnTimeout.java:288)
	at org.junit.internal.runners.statements.FailOnTimeout$CallableStatement.call(FailOnTimeout.java:282)
	at java.util.concurrent.FutureTask.run(FutureTask.java:266)
	at java.lang.Thread.run(Thread.java:750)
]]></skipped>
    <system-out><![CDATA[2023-06-22 21:35:51,682 [Time-limited test] INFO  rpc.RpcClient (RpcClient.java:createVolume(459)) - Creating Volume: volume97426, with user30026 as owner and space quota set to -1 bytes, counts quota set to -1
2023-06-22 21:35:51,684 [OM StateMachine ApplyTransaction Thread - 0] INFO  volume.OMVolumeCreateRequest (OMVolumeCreateRequest.java:validateAndUpdateCache(196)) - created volume:volume97426 for user:user30026
2023-06-22 21:35:51,686 [Time-limited test] INFO  rpc.RpcClient (RpcClient.java:createBucket(686)) - Creating Bucket: volume97426/bucket16169, with bucket layout FILE_SYSTEM_OPTIMIZED, runner as owner, Versioning false, Storage Type set to DISK and Encryption set to false, Replication Type set to server-side default replication type, Namespace Quota set to -1, Space Quota set to -1 
2023-06-22 21:35:51,688 [OM StateMachine ApplyTransaction Thread - 0] INFO  bucket.OMBucketCreateRequest (OMBucketCreateRequest.java:validateAndUpdateCache(270)) - created bucket: bucket16169 of layout FILE_SYSTEM_OPTIMIZED in volume: volume97426
]]></system-out>
  </testcase>
  <testcase name="testDeleteCreatesFakeParentDir" classname="TestRootedOzoneFileSystemWithFSO" time="0">
    <skipped type="org.junit.AssumptionViolatedException"><![CDATA[org.junit.AssumptionViolatedException: FS Path is enabled. Skipping this test as it is not tuned for FS Path yet
	at org.junit.Assume.assumeTrue(Assume.java:68)
	at org.apache.hadoop.fs.ozone.TestRootedOzoneFileSystem.testDeleteCreatesFakeParentDir(TestRootedOzoneFileSystem.java:384)
	at sun.reflect.NativeMethodAccessorImpl.invoke0(Native Method)
	at sun.reflect.NativeMethodAccessorImpl.invoke(NativeMethodAccessorImpl.java:62)
	at sun.reflect.DelegatingMethodAccessorImpl.invoke(DelegatingMethodAccessorImpl.java:43)
	at java.lang.reflect.Method.invoke(Method.java:498)
	at org.junit.runners.model.FrameworkMethod$1.runReflectiveCall(FrameworkMethod.java:59)
	at org.junit.internal.runners.model.ReflectiveCallable.run(ReflectiveCallable.java:12)
	at org.junit.runners.model.FrameworkMethod.invokeExplosively(FrameworkMethod.java:56)
	at org.junit.internal.runners.statements.InvokeMethod.evaluate(InvokeMethod.java:17)
	at org.junit.internal.runners.statements.RunBefores.evaluate(RunBefores.java:26)
	at org.junit.internal.runners.statements.RunAfters.evaluate(RunAfters.java:27)
	at org.junit.internal.runners.statements.FailOnTimeout$CallableStatement.call(FailOnTimeout.java:288)
	at org.junit.internal.runners.statements.FailOnTimeout$CallableStatement.call(FailOnTimeout.java:282)
	at java.util.concurrent.FutureTask.run(FutureTask.java:266)
	at java.lang.Thread.run(Thread.java:750)
]]></skipped>
    <system-out><![CDATA[2023-06-22 21:37:23,837 [Time-limited test] INFO  rpc.RpcClient (RpcClient.java:createVolume(459)) - Creating Volume: volume92305, with user49466 as owner and space quota set to -1 bytes, counts quota set to -1
2023-06-22 21:37:23,838 [IPC Server handler 10 on default port 15057] INFO  volume.OMVolumeCreateRequest (OMVolumeCreateRequest.java:validateAndUpdateCache(196)) - created volume:volume92305 for user:user49466
2023-06-22 21:37:23,839 [Time-limited test] INFO  rpc.RpcClient (RpcClient.java:createBucket(686)) - Creating Bucket: volume92305/bucket93129, with bucket layout FILE_SYSTEM_OPTIMIZED, runner as owner, Versioning false, Storage Type set to DISK and Encryption set to false, Replication Type set to server-side default replication type, Namespace Quota set to -1, Space Quota set to -1 
2023-06-22 21:37:23,840 [IPC Server handler 0 on default port 15057] INFO  bucket.OMBucketCreateRequest (OMBucketCreateRequest.java:validateAndUpdateCache(270)) - created bucket: bucket93129 of layout FILE_SYSTEM_OPTIMIZED in volume: volume92305
]]></system-out>
  </testcase>
  <testcase name="testNonExplicitlyCreatedPathExistsAfterItsLeafsWereRemoved" classname="TestRootedOzoneFileSystemWithFSO" time="0.063">
    <system-out><![CDATA[2023-06-22 21:35:51,720 [Time-limited test] INFO  rpc.RpcClient (RpcClient.java:createVolume(459)) - Creating Volume: volume39952, with user48228 as owner and space quota set to -1 bytes, counts quota set to -1
2023-06-22 21:35:51,722 [OM StateMachine ApplyTransaction Thread - 0] INFO  volume.OMVolumeCreateRequest (OMVolumeCreateRequest.java:validateAndUpdateCache(196)) - created volume:volume39952 for user:user48228
2023-06-22 21:35:51,724 [Time-limited test] INFO  rpc.RpcClient (RpcClient.java:createBucket(686)) - Creating Bucket: volume39952/bucket84800, with bucket layout FILE_SYSTEM_OPTIMIZED, runner as owner, Versioning false, Storage Type set to DISK and Encryption set to false, Replication Type set to server-side default replication type, Namespace Quota set to -1, Space Quota set to -1 
2023-06-22 21:35:51,725 [OM StateMachine ApplyTransaction Thread - 0] INFO  bucket.OMBucketCreateRequest (OMBucketCreateRequest.java:validateAndUpdateCache(270)) - created bucket: bucket84800 of layout FILE_SYSTEM_OPTIMIZED in volume: volume39952
]]></system-out>
  </testcase>
  <testcase name="testNonExplicitlyCreatedPathExistsAfterItsLeafsWereRemoved" classname="TestRootedOzoneFileSystemWithFSO" time="0.048">
    <system-out><![CDATA[2023-06-22 21:37:23,867 [Time-limited test] INFO  rpc.RpcClient (RpcClient.java:createVolume(459)) - Creating Volume: volume56791, with user39385 as owner and space quota set to -1 bytes, counts quota set to -1
2023-06-22 21:37:23,868 [IPC Server handler 1 on default port 15057] INFO  volume.OMVolumeCreateRequest (OMVolumeCreateRequest.java:validateAndUpdateCache(196)) - created volume:volume56791 for user:user39385
2023-06-22 21:37:23,870 [Time-limited test] INFO  rpc.RpcClient (RpcClient.java:createBucket(686)) - Creating Bucket: volume56791/bucket41615, with bucket layout FILE_SYSTEM_OPTIMIZED, runner as owner, Versioning false, Storage Type set to DISK and Encryption set to false, Replication Type set to server-side default replication type, Namespace Quota set to -1, Space Quota set to -1 
2023-06-22 21:37:23,870 [IPC Server handler 4 on default port 15057] INFO  bucket.OMBucketCreateRequest (OMBucketCreateRequest.java:validateAndUpdateCache(270)) - created bucket: bucket41615 of layout FILE_SYSTEM_OPTIMIZED in volume: volume56791
]]></system-out>
  </testcase>
  <testcase name="testFileDelete" classname="TestRootedOzoneFileSystemWithFSO" time="0.223">
    <system-out><![CDATA[2023-06-22 21:35:51,784 [Time-limited test] INFO  rpc.RpcClient (RpcClient.java:createVolume(459)) - Creating Volume: volume60538, with user13556 as owner and space quota set to -1 bytes, counts quota set to -1
2023-06-22 21:35:51,786 [OM StateMachine ApplyTransaction Thread - 0] INFO  volume.OMVolumeCreateRequest (OMVolumeCreateRequest.java:validateAndUpdateCache(196)) - created volume:volume60538 for user:user13556
2023-06-22 21:35:51,788 [Time-limited test] INFO  rpc.RpcClient (RpcClient.java:createBucket(686)) - Creating Bucket: volume60538/bucket94253, with bucket layout FILE_SYSTEM_OPTIMIZED, runner as owner, Versioning false, Storage Type set to DISK and Encryption set to false, Replication Type set to server-side default replication type, Namespace Quota set to -1, Space Quota set to -1 
2023-06-22 21:35:51,790 [OM StateMachine ApplyTransaction Thread - 0] INFO  bucket.OMBucketCreateRequest (OMBucketCreateRequest.java:validateAndUpdateCache(270)) - created bucket: bucket94253 of layout FILE_SYSTEM_OPTIMIZED in volume: volume60538
21:35:51.938 [IPC Server handler 8 on default port 15004] ERROR OMAudit - user=runner | ip=127.0.0.1 | op=GET_FILE_STATUS {volume=volume60538, bucket=bucket94253, key=testBatchDelete, dataSize=0, replicationConfig=null} | ret=FAILURE
org.apache.hadoop.ozone.om.exceptions.OMException: Unable to get file status: volume: volume60538 bucket: bucket94253 key: testBatchDelete
	at org.apache.hadoop.ozone.om.KeyManagerImpl.getOzoneFileStatusFSO(KeyManagerImpl.java:1311) ~[ozone-manager-1.4.0-SNAPSHOT.jar:?]
	at org.apache.hadoop.ozone.om.KeyManagerImpl.getFileStatus(KeyManagerImpl.java:1102) ~[ozone-manager-1.4.0-SNAPSHOT.jar:?]
	at org.apache.hadoop.ozone.om.OmMetadataReader.getFileStatus(OmMetadataReader.java:286) ~[ozone-manager-1.4.0-SNAPSHOT.jar:?]
	at org.apache.hadoop.ozone.om.OzoneManager.getFileStatus(OzoneManager.java:3499) ~[ozone-manager-1.4.0-SNAPSHOT.jar:?]
	at org.apache.hadoop.ozone.protocolPB.OzoneManagerRequestHandler.getOzoneFileStatus(OzoneManagerRequestHandler.java:950) ~[ozone-manager-1.4.0-SNAPSHOT.jar:?]
	at org.apache.hadoop.ozone.protocolPB.OzoneManagerRequestHandler.handleReadRequest(OzoneManagerRequestHandler.java:245) ~[ozone-manager-1.4.0-SNAPSHOT.jar:?]
	at org.apache.hadoop.ozone.protocolPB.OzoneManagerProtocolServerSideTranslatorPB.submitReadRequestToOM(OzoneManagerProtocolServerSideTranslatorPB.java:223) ~[ozone-manager-1.4.0-SNAPSHOT.jar:?]
	at org.apache.hadoop.ozone.protocolPB.OzoneManagerProtocolServerSideTranslatorPB.processRequest(OzoneManagerProtocolServerSideTranslatorPB.java:177) ~[ozone-manager-1.4.0-SNAPSHOT.jar:?]
	at org.apache.hadoop.hdds.server.OzoneProtocolMessageDispatcher.processRequest(OzoneProtocolMessageDispatcher.java:87) [hdds-server-framework-1.4.0-SNAPSHOT.jar:?]
	at org.apache.hadoop.ozone.protocolPB.OzoneManagerProtocolServerSideTranslatorPB.submitRequest(OzoneManagerProtocolServerSideTranslatorPB.java:147) [ozone-manager-1.4.0-SNAPSHOT.jar:?]
	at org.apache.hadoop.ozone.protocol.proto.OzoneManagerProtocolProtos$OzoneManagerService$2.callBlockingMethod(OzoneManagerProtocolProtos.java) [ozone-interface-client-1.4.0-SNAPSHOT.jar:?]
	at org.apache.hadoop.ipc.ProtobufRpcEngine$Server.processCall(ProtobufRpcEngine.java:484) [hadoop-common-3.3.5.jar:?]
	at org.apache.hadoop.ipc.ProtobufRpcEngine2$Server$ProtoBufRpcInvoker.call(ProtobufRpcEngine2.java:595) [hadoop-common-3.3.5.jar:?]
	at org.apache.hadoop.ipc.ProtobufRpcEngine2$Server$ProtoBufRpcInvoker.call(ProtobufRpcEngine2.java:573) [hadoop-common-3.3.5.jar:?]
	at org.apache.hadoop.ipc.RPC$Server.call(RPC.java:1213) [hadoop-common-3.3.5.jar:?]
	at org.apache.hadoop.ipc.Server$RpcCall.run(Server.java:1089) [hadoop-common-3.3.5.jar:?]
	at org.apache.hadoop.ipc.Server$RpcCall.run(Server.java:1012) [hadoop-common-3.3.5.jar:?]
	at java.security.AccessController.doPrivileged(Native Method) ~[?:1.8.0_372]
	at javax.security.auth.Subject.doAs(Subject.java:422) [?:1.8.0_372]
	at org.apache.hadoop.security.UserGroupInformation.doAs(UserGroupInformation.java:1899) [hadoop-common-3.3.5.jar:?]
	at org.apache.hadoop.ipc.Server$Handler.run(Server.java:3026) [hadoop-common-3.3.5.jar:?]
21:35:51.940 [IPC Server handler 12 on default port 15004] ERROR OMAudit - user=runner | ip=127.0.0.1 | op=GET_FILE_STATUS {volume=volume60538, bucket=bucket94253, key=testBatchDelete/parent/child0, dataSize=0, replicationConfig=null} | ret=FAILURE
org.apache.hadoop.ozone.om.exceptions.OMException: Unable to get file status: volume: volume60538 bucket: bucket94253 key: testBatchDelete/parent/child0
	at org.apache.hadoop.ozone.om.KeyManagerImpl.getOzoneFileStatusFSO(KeyManagerImpl.java:1311) ~[ozone-manager-1.4.0-SNAPSHOT.jar:?]
	at org.apache.hadoop.ozone.om.KeyManagerImpl.getFileStatus(KeyManagerImpl.java:1102) ~[ozone-manager-1.4.0-SNAPSHOT.jar:?]
	at org.apache.hadoop.ozone.om.OmMetadataReader.getFileStatus(OmMetadataReader.java:286) ~[ozone-manager-1.4.0-SNAPSHOT.jar:?]
	at org.apache.hadoop.ozone.om.OzoneManager.getFileStatus(OzoneManager.java:3499) ~[ozone-manager-1.4.0-SNAPSHOT.jar:?]
	at org.apache.hadoop.ozone.protocolPB.OzoneManagerRequestHandler.getOzoneFileStatus(OzoneManagerRequestHandler.java:950) ~[ozone-manager-1.4.0-SNAPSHOT.jar:?]
	at org.apache.hadoop.ozone.protocolPB.OzoneManagerRequestHandler.handleReadRequest(OzoneManagerRequestHandler.java:245) ~[ozone-manager-1.4.0-SNAPSHOT.jar:?]
	at org.apache.hadoop.ozone.protocolPB.OzoneManagerProtocolServerSideTranslatorPB.submitReadRequestToOM(OzoneManagerProtocolServerSideTranslatorPB.java:223) ~[ozone-manager-1.4.0-SNAPSHOT.jar:?]
	at org.apache.hadoop.ozone.protocolPB.OzoneManagerProtocolServerSideTranslatorPB.processRequest(OzoneManagerProtocolServerSideTranslatorPB.java:177) ~[ozone-manager-1.4.0-SNAPSHOT.jar:?]
	at org.apache.hadoop.hdds.server.OzoneProtocolMessageDispatcher.processRequest(OzoneProtocolMessageDispatcher.java:87) [hdds-server-framework-1.4.0-SNAPSHOT.jar:?]
	at org.apache.hadoop.ozone.protocolPB.OzoneManagerProtocolServerSideTranslatorPB.submitRequest(OzoneManagerProtocolServerSideTranslatorPB.java:147) [ozone-manager-1.4.0-SNAPSHOT.jar:?]
	at org.apache.hadoop.ozone.protocol.proto.OzoneManagerProtocolProtos$OzoneManagerService$2.callBlockingMethod(OzoneManagerProtocolProtos.java) [ozone-interface-client-1.4.0-SNAPSHOT.jar:?]
	at org.apache.hadoop.ipc.ProtobufRpcEngine$Server.processCall(ProtobufRpcEngine.java:484) [hadoop-common-3.3.5.jar:?]
	at org.apache.hadoop.ipc.ProtobufRpcEngine2$Server$ProtoBufRpcInvoker.call(ProtobufRpcEngine2.java:595) [hadoop-common-3.3.5.jar:?]
	at org.apache.hadoop.ipc.ProtobufRpcEngine2$Server$ProtoBufRpcInvoker.call(ProtobufRpcEngine2.java:573) [hadoop-common-3.3.5.jar:?]
	at org.apache.hadoop.ipc.RPC$Server.call(RPC.java:1213) [hadoop-common-3.3.5.jar:?]
	at org.apache.hadoop.ipc.Server$RpcCall.run(Server.java:1089) [hadoop-common-3.3.5.jar:?]
	at org.apache.hadoop.ipc.Server$RpcCall.run(Server.java:1012) [hadoop-common-3.3.5.jar:?]
	at java.security.AccessController.doPrivileged(Native Method) ~[?:1.8.0_372]
	at javax.security.auth.Subject.doAs(Subject.java:422) [?:1.8.0_372]
	at org.apache.hadoop.security.UserGroupInformation.doAs(UserGroupInformation.java:1899) [hadoop-common-3.3.5.jar:?]
	at org.apache.hadoop.ipc.Server$Handler.run(Server.java:3026) [hadoop-common-3.3.5.jar:?]
21:35:51.941 [IPC Server handler 15 on default port 15004] ERROR OMAudit - user=runner | ip=127.0.0.1 | op=GET_FILE_STATUS {volume=volume60538, bucket=bucket94253, key=testBatchDelete/parent/childFolder/child0, dataSize=0, replicationConfig=null} | ret=FAILURE
org.apache.hadoop.ozone.om.exceptions.OMException: Unable to get file status: volume: volume60538 bucket: bucket94253 key: testBatchDelete/parent/childFolder/child0
	at org.apache.hadoop.ozone.om.KeyManagerImpl.getOzoneFileStatusFSO(KeyManagerImpl.java:1311) ~[ozone-manager-1.4.0-SNAPSHOT.jar:?]
	at org.apache.hadoop.ozone.om.KeyManagerImpl.getFileStatus(KeyManagerImpl.java:1102) ~[ozone-manager-1.4.0-SNAPSHOT.jar:?]
	at org.apache.hadoop.ozone.om.OmMetadataReader.getFileStatus(OmMetadataReader.java:286) ~[ozone-manager-1.4.0-SNAPSHOT.jar:?]
	at org.apache.hadoop.ozone.om.OzoneManager.getFileStatus(OzoneManager.java:3499) ~[ozone-manager-1.4.0-SNAPSHOT.jar:?]
	at org.apache.hadoop.ozone.protocolPB.OzoneManagerRequestHandler.getOzoneFileStatus(OzoneManagerRequestHandler.java:950) ~[ozone-manager-1.4.0-SNAPSHOT.jar:?]
	at org.apache.hadoop.ozone.protocolPB.OzoneManagerRequestHandler.handleReadRequest(OzoneManagerRequestHandler.java:245) ~[ozone-manager-1.4.0-SNAPSHOT.jar:?]
	at org.apache.hadoop.ozone.protocolPB.OzoneManagerProtocolServerSideTranslatorPB.submitReadRequestToOM(OzoneManagerProtocolServerSideTranslatorPB.java:223) ~[ozone-manager-1.4.0-SNAPSHOT.jar:?]
	at org.apache.hadoop.ozone.protocolPB.OzoneManagerProtocolServerSideTranslatorPB.processRequest(OzoneManagerProtocolServerSideTranslatorPB.java:177) ~[ozone-manager-1.4.0-SNAPSHOT.jar:?]
	at org.apache.hadoop.hdds.server.OzoneProtocolMessageDispatcher.processRequest(OzoneProtocolMessageDispatcher.java:87) [hdds-server-framework-1.4.0-SNAPSHOT.jar:?]
	at org.apache.hadoop.ozone.protocolPB.OzoneManagerProtocolServerSideTranslatorPB.submitRequest(OzoneManagerProtocolServerSideTranslatorPB.java:147) [ozone-manager-1.4.0-SNAPSHOT.jar:?]
	at org.apache.hadoop.ozone.protocol.proto.OzoneManagerProtocolProtos$OzoneManagerService$2.callBlockingMethod(OzoneManagerProtocolProtos.java) [ozone-interface-client-1.4.0-SNAPSHOT.jar:?]
	at org.apache.hadoop.ipc.ProtobufRpcEngine$Server.processCall(ProtobufRpcEngine.java:484) [hadoop-common-3.3.5.jar:?]
	at org.apache.hadoop.ipc.ProtobufRpcEngine2$Server$ProtoBufRpcInvoker.call(ProtobufRpcEngine2.java:595) [hadoop-common-3.3.5.jar:?]
	at org.apache.hadoop.ipc.ProtobufRpcEngine2$Server$ProtoBufRpcInvoker.call(ProtobufRpcEngine2.java:573) [hadoop-common-3.3.5.jar:?]
	at org.apache.hadoop.ipc.RPC$Server.call(RPC.java:1213) [hadoop-common-3.3.5.jar:?]
	at org.apache.hadoop.ipc.Server$RpcCall.run(Server.java:1089) [hadoop-common-3.3.5.jar:?]
	at org.apache.hadoop.ipc.Server$RpcCall.run(Server.java:1012) [hadoop-common-3.3.5.jar:?]
	at java.security.AccessController.doPrivileged(Native Method) ~[?:1.8.0_372]
	at javax.security.auth.Subject.doAs(Subject.java:422) [?:1.8.0_372]
	at org.apache.hadoop.security.UserGroupInformation.doAs(UserGroupInformation.java:1899) [hadoop-common-3.3.5.jar:?]
	at org.apache.hadoop.ipc.Server$Handler.run(Server.java:3026) [hadoop-common-3.3.5.jar:?]
21:35:51.943 [IPC Server handler 19 on default port 15004] ERROR OMAudit - user=runner | ip=127.0.0.1 | op=GET_FILE_STATUS {volume=volume60538, bucket=bucket94253, key=testBatchDelete/parent/child1, dataSize=0, replicationConfig=null} | ret=FAILURE
org.apache.hadoop.ozone.om.exceptions.OMException: Unable to get file status: volume: volume60538 bucket: bucket94253 key: testBatchDelete/parent/child1
	at org.apache.hadoop.ozone.om.KeyManagerImpl.getOzoneFileStatusFSO(KeyManagerImpl.java:1311) ~[ozone-manager-1.4.0-SNAPSHOT.jar:?]
	at org.apache.hadoop.ozone.om.KeyManagerImpl.getFileStatus(KeyManagerImpl.java:1102) ~[ozone-manager-1.4.0-SNAPSHOT.jar:?]
	at org.apache.hadoop.ozone.om.OmMetadataReader.getFileStatus(OmMetadataReader.java:286) ~[ozone-manager-1.4.0-SNAPSHOT.jar:?]
	at org.apache.hadoop.ozone.om.OzoneManager.getFileStatus(OzoneManager.java:3499) ~[ozone-manager-1.4.0-SNAPSHOT.jar:?]
	at org.apache.hadoop.ozone.protocolPB.OzoneManagerRequestHandler.getOzoneFileStatus(OzoneManagerRequestHandler.java:950) ~[ozone-manager-1.4.0-SNAPSHOT.jar:?]
	at org.apache.hadoop.ozone.protocolPB.OzoneManagerRequestHandler.handleReadRequest(OzoneManagerRequestHandler.java:245) ~[ozone-manager-1.4.0-SNAPSHOT.jar:?]
	at org.apache.hadoop.ozone.protocolPB.OzoneManagerProtocolServerSideTranslatorPB.submitReadRequestToOM(OzoneManagerProtocolServerSideTranslatorPB.java:223) ~[ozone-manager-1.4.0-SNAPSHOT.jar:?]
	at org.apache.hadoop.ozone.protocolPB.OzoneManagerProtocolServerSideTranslatorPB.processRequest(OzoneManagerProtocolServerSideTranslatorPB.java:177) ~[ozone-manager-1.4.0-SNAPSHOT.jar:?]
	at org.apache.hadoop.hdds.server.OzoneProtocolMessageDispatcher.processRequest(OzoneProtocolMessageDispatcher.java:87) [hdds-server-framework-1.4.0-SNAPSHOT.jar:?]
	at org.apache.hadoop.ozone.protocolPB.OzoneManagerProtocolServerSideTranslatorPB.submitRequest(OzoneManagerProtocolServerSideTranslatorPB.java:147) [ozone-manager-1.4.0-SNAPSHOT.jar:?]
	at org.apache.hadoop.ozone.protocol.proto.OzoneManagerProtocolProtos$OzoneManagerService$2.callBlockingMethod(OzoneManagerProtocolProtos.java) [ozone-interface-client-1.4.0-SNAPSHOT.jar:?]
	at org.apache.hadoop.ipc.ProtobufRpcEngine$Server.processCall(ProtobufRpcEngine.java:484) [hadoop-common-3.3.5.jar:?]
	at org.apache.hadoop.ipc.ProtobufRpcEngine2$Server$ProtoBufRpcInvoker.call(ProtobufRpcEngine2.java:595) [hadoop-common-3.3.5.jar:?]
	at org.apache.hadoop.ipc.ProtobufRpcEngine2$Server$ProtoBufRpcInvoker.call(ProtobufRpcEngine2.java:573) [hadoop-common-3.3.5.jar:?]
	at org.apache.hadoop.ipc.RPC$Server.call(RPC.java:1213) [hadoop-common-3.3.5.jar:?]
	at org.apache.hadoop.ipc.Server$RpcCall.run(Server.java:1089) [hadoop-common-3.3.5.jar:?]
	at org.apache.hadoop.ipc.Server$RpcCall.run(Server.java:1012) [hadoop-common-3.3.5.jar:?]
	at java.security.AccessController.doPrivileged(Native Method) ~[?:1.8.0_372]
	at javax.security.auth.Subject.doAs(Subject.java:422) [?:1.8.0_372]
	at org.apache.hadoop.security.UserGroupInformation.doAs(UserGroupInformation.java:1899) [hadoop-common-3.3.5.jar:?]
	at org.apache.hadoop.ipc.Server$Handler.run(Server.java:3026) [hadoop-common-3.3.5.jar:?]
21:35:51.945 [IPC Server handler 5 on default port 15004] ERROR OMAudit - user=runner | ip=127.0.0.1 | op=GET_FILE_STATUS {volume=volume60538, bucket=bucket94253, key=testBatchDelete/parent/childFolder/child1, dataSize=0, replicationConfig=null} | ret=FAILURE
org.apache.hadoop.ozone.om.exceptions.OMException: Unable to get file status: volume: volume60538 bucket: bucket94253 key: testBatchDelete/parent/childFolder/child1
	at org.apache.hadoop.ozone.om.KeyManagerImpl.getOzoneFileStatusFSO(KeyManagerImpl.java:1311) ~[ozone-manager-1.4.0-SNAPSHOT.jar:?]
	at org.apache.hadoop.ozone.om.KeyManagerImpl.getFileStatus(KeyManagerImpl.java:1102) ~[ozone-manager-1.4.0-SNAPSHOT.jar:?]
	at org.apache.hadoop.ozone.om.OmMetadataReader.getFileStatus(OmMetadataReader.java:286) ~[ozone-manager-1.4.0-SNAPSHOT.jar:?]
	at org.apache.hadoop.ozone.om.OzoneManager.getFileStatus(OzoneManager.java:3499) ~[ozone-manager-1.4.0-SNAPSHOT.jar:?]
	at org.apache.hadoop.ozone.protocolPB.OzoneManagerRequestHandler.getOzoneFileStatus(OzoneManagerRequestHandler.java:950) ~[ozone-manager-1.4.0-SNAPSHOT.jar:?]
	at org.apache.hadoop.ozone.protocolPB.OzoneManagerRequestHandler.handleReadRequest(OzoneManagerRequestHandler.java:245) ~[ozone-manager-1.4.0-SNAPSHOT.jar:?]
	at org.apache.hadoop.ozone.protocolPB.OzoneManagerProtocolServerSideTranslatorPB.submitReadRequestToOM(OzoneManagerProtocolServerSideTranslatorPB.java:223) ~[ozone-manager-1.4.0-SNAPSHOT.jar:?]
	at org.apache.hadoop.ozone.protocolPB.OzoneManagerProtocolServerSideTranslatorPB.processRequest(OzoneManagerProtocolServerSideTranslatorPB.java:177) ~[ozone-manager-1.4.0-SNAPSHOT.jar:?]
	at org.apache.hadoop.hdds.server.OzoneProtocolMessageDispatcher.processRequest(OzoneProtocolMessageDispatcher.java:87) [hdds-server-framework-1.4.0-SNAPSHOT.jar:?]
	at org.apache.hadoop.ozone.protocolPB.OzoneManagerProtocolServerSideTranslatorPB.submitRequest(OzoneManagerProtocolServerSideTranslatorPB.java:147) [ozone-manager-1.4.0-SNAPSHOT.jar:?]
	at org.apache.hadoop.ozone.protocol.proto.OzoneManagerProtocolProtos$OzoneManagerService$2.callBlockingMethod(OzoneManagerProtocolProtos.java) [ozone-interface-client-1.4.0-SNAPSHOT.jar:?]
	at org.apache.hadoop.ipc.ProtobufRpcEngine$Server.processCall(ProtobufRpcEngine.java:484) [hadoop-common-3.3.5.jar:?]
	at org.apache.hadoop.ipc.ProtobufRpcEngine2$Server$ProtoBufRpcInvoker.call(ProtobufRpcEngine2.java:595) [hadoop-common-3.3.5.jar:?]
	at org.apache.hadoop.ipc.ProtobufRpcEngine2$Server$ProtoBufRpcInvoker.call(ProtobufRpcEngine2.java:573) [hadoop-common-3.3.5.jar:?]
	at org.apache.hadoop.ipc.RPC$Server.call(RPC.java:1213) [hadoop-common-3.3.5.jar:?]
	at org.apache.hadoop.ipc.Server$RpcCall.run(Server.java:1089) [hadoop-common-3.3.5.jar:?]
	at org.apache.hadoop.ipc.Server$RpcCall.run(Server.java:1012) [hadoop-common-3.3.5.jar:?]
	at java.security.AccessController.doPrivileged(Native Method) ~[?:1.8.0_372]
	at javax.security.auth.Subject.doAs(Subject.java:422) [?:1.8.0_372]
	at org.apache.hadoop.security.UserGroupInformation.doAs(UserGroupInformation.java:1899) [hadoop-common-3.3.5.jar:?]
	at org.apache.hadoop.ipc.Server$Handler.run(Server.java:3026) [hadoop-common-3.3.5.jar:?]
21:35:51.947 [IPC Server handler 18 on default port 15004] ERROR OMAudit - user=runner | ip=127.0.0.1 | op=GET_FILE_STATUS {volume=volume60538, bucket=bucket94253, key=testBatchDelete/parent/child2, dataSize=0, replicationConfig=null} | ret=FAILURE
org.apache.hadoop.ozone.om.exceptions.OMException: Unable to get file status: volume: volume60538 bucket: bucket94253 key: testBatchDelete/parent/child2
	at org.apache.hadoop.ozone.om.KeyManagerImpl.getOzoneFileStatusFSO(KeyManagerImpl.java:1311) ~[ozone-manager-1.4.0-SNAPSHOT.jar:?]
	at org.apache.hadoop.ozone.om.KeyManagerImpl.getFileStatus(KeyManagerImpl.java:1102) ~[ozone-manager-1.4.0-SNAPSHOT.jar:?]
	at org.apache.hadoop.ozone.om.OmMetadataReader.getFileStatus(OmMetadataReader.java:286) ~[ozone-manager-1.4.0-SNAPSHOT.jar:?]
	at org.apache.hadoop.ozone.om.OzoneManager.getFileStatus(OzoneManager.java:3499) ~[ozone-manager-1.4.0-SNAPSHOT.jar:?]
	at org.apache.hadoop.ozone.protocolPB.OzoneManagerRequestHandler.getOzoneFileStatus(OzoneManagerRequestHandler.java:950) ~[ozone-manager-1.4.0-SNAPSHOT.jar:?]
	at org.apache.hadoop.ozone.protocolPB.OzoneManagerRequestHandler.handleReadRequest(OzoneManagerRequestHandler.java:245) ~[ozone-manager-1.4.0-SNAPSHOT.jar:?]
	at org.apache.hadoop.ozone.protocolPB.OzoneManagerProtocolServerSideTranslatorPB.submitReadRequestToOM(OzoneManagerProtocolServerSideTranslatorPB.java:223) ~[ozone-manager-1.4.0-SNAPSHOT.jar:?]
	at org.apache.hadoop.ozone.protocolPB.OzoneManagerProtocolServerSideTranslatorPB.processRequest(OzoneManagerProtocolServerSideTranslatorPB.java:177) ~[ozone-manager-1.4.0-SNAPSHOT.jar:?]
	at org.apache.hadoop.hdds.server.OzoneProtocolMessageDispatcher.processRequest(OzoneProtocolMessageDispatcher.java:87) [hdds-server-framework-1.4.0-SNAPSHOT.jar:?]
	at org.apache.hadoop.ozone.protocolPB.OzoneManagerProtocolServerSideTranslatorPB.submitRequest(OzoneManagerProtocolServerSideTranslatorPB.java:147) [ozone-manager-1.4.0-SNAPSHOT.jar:?]
	at org.apache.hadoop.ozone.protocol.proto.OzoneManagerProtocolProtos$OzoneManagerService$2.callBlockingMethod(OzoneManagerProtocolProtos.java) [ozone-interface-client-1.4.0-SNAPSHOT.jar:?]
	at org.apache.hadoop.ipc.ProtobufRpcEngine$Server.processCall(ProtobufRpcEngine.java:484) [hadoop-common-3.3.5.jar:?]
	at org.apache.hadoop.ipc.ProtobufRpcEngine2$Server$ProtoBufRpcInvoker.call(ProtobufRpcEngine2.java:595) [hadoop-common-3.3.5.jar:?]
	at org.apache.hadoop.ipc.ProtobufRpcEngine2$Server$ProtoBufRpcInvoker.call(ProtobufRpcEngine2.java:573) [hadoop-common-3.3.5.jar:?]
	at org.apache.hadoop.ipc.RPC$Server.call(RPC.java:1213) [hadoop-common-3.3.5.jar:?]
	at org.apache.hadoop.ipc.Server$RpcCall.run(Server.java:1089) [hadoop-common-3.3.5.jar:?]
	at org.apache.hadoop.ipc.Server$RpcCall.run(Server.java:1012) [hadoop-common-3.3.5.jar:?]
	at java.security.AccessController.doPrivileged(Native Method) ~[?:1.8.0_372]
	at javax.security.auth.Subject.doAs(Subject.java:422) [?:1.8.0_372]
	at org.apache.hadoop.security.UserGroupInformation.doAs(UserGroupInformation.java:1899) [hadoop-common-3.3.5.jar:?]
	at org.apache.hadoop.ipc.Server$Handler.run(Server.java:3026) [hadoop-common-3.3.5.jar:?]
21:35:51.950 [IPC Server handler 3 on default port 15004] ERROR OMAudit - user=runner | ip=127.0.0.1 | op=GET_FILE_STATUS {volume=volume60538, bucket=bucket94253, key=testBatchDelete/parent/childFolder/child2, dataSize=0, replicationConfig=null} | ret=FAILURE
org.apache.hadoop.ozone.om.exceptions.OMException: Unable to get file status: volume: volume60538 bucket: bucket94253 key: testBatchDelete/parent/childFolder/child2
	at org.apache.hadoop.ozone.om.KeyManagerImpl.getOzoneFileStatusFSO(KeyManagerImpl.java:1311) ~[ozone-manager-1.4.0-SNAPSHOT.jar:?]
	at org.apache.hadoop.ozone.om.KeyManagerImpl.getFileStatus(KeyManagerImpl.java:1102) ~[ozone-manager-1.4.0-SNAPSHOT.jar:?]
	at org.apache.hadoop.ozone.om.OmMetadataReader.getFileStatus(OmMetadataReader.java:286) ~[ozone-manager-1.4.0-SNAPSHOT.jar:?]
	at org.apache.hadoop.ozone.om.OzoneManager.getFileStatus(OzoneManager.java:3499) ~[ozone-manager-1.4.0-SNAPSHOT.jar:?]
	at org.apache.hadoop.ozone.protocolPB.OzoneManagerRequestHandler.getOzoneFileStatus(OzoneManagerRequestHandler.java:950) ~[ozone-manager-1.4.0-SNAPSHOT.jar:?]
	at org.apache.hadoop.ozone.protocolPB.OzoneManagerRequestHandler.handleReadRequest(OzoneManagerRequestHandler.java:245) ~[ozone-manager-1.4.0-SNAPSHOT.jar:?]
	at org.apache.hadoop.ozone.protocolPB.OzoneManagerProtocolServerSideTranslatorPB.submitReadRequestToOM(OzoneManagerProtocolServerSideTranslatorPB.java:223) ~[ozone-manager-1.4.0-SNAPSHOT.jar:?]
	at org.apache.hadoop.ozone.protocolPB.OzoneManagerProtocolServerSideTranslatorPB.processRequest(OzoneManagerProtocolServerSideTranslatorPB.java:177) ~[ozone-manager-1.4.0-SNAPSHOT.jar:?]
	at org.apache.hadoop.hdds.server.OzoneProtocolMessageDispatcher.processRequest(OzoneProtocolMessageDispatcher.java:87) [hdds-server-framework-1.4.0-SNAPSHOT.jar:?]
	at org.apache.hadoop.ozone.protocolPB.OzoneManagerProtocolServerSideTranslatorPB.submitRequest(OzoneManagerProtocolServerSideTranslatorPB.java:147) [ozone-manager-1.4.0-SNAPSHOT.jar:?]
	at org.apache.hadoop.ozone.protocol.proto.OzoneManagerProtocolProtos$OzoneManagerService$2.callBlockingMethod(OzoneManagerProtocolProtos.java) [ozone-interface-client-1.4.0-SNAPSHOT.jar:?]
	at org.apache.hadoop.ipc.ProtobufRpcEngine$Server.processCall(ProtobufRpcEngine.java:484) [hadoop-common-3.3.5.jar:?]
	at org.apache.hadoop.ipc.ProtobufRpcEngine2$Server$ProtoBufRpcInvoker.call(ProtobufRpcEngine2.java:595) [hadoop-common-3.3.5.jar:?]
	at org.apache.hadoop.ipc.ProtobufRpcEngine2$Server$ProtoBufRpcInvoker.call(ProtobufRpcEngine2.java:573) [hadoop-common-3.3.5.jar:?]
	at org.apache.hadoop.ipc.RPC$Server.call(RPC.java:1213) [hadoop-common-3.3.5.jar:?]
	at org.apache.hadoop.ipc.Server$RpcCall.run(Server.java:1089) [hadoop-common-3.3.5.jar:?]
	at org.apache.hadoop.ipc.Server$RpcCall.run(Server.java:1012) [hadoop-common-3.3.5.jar:?]
	at java.security.AccessController.doPrivileged(Native Method) ~[?:1.8.0_372]
	at javax.security.auth.Subject.doAs(Subject.java:422) [?:1.8.0_372]
	at org.apache.hadoop.security.UserGroupInformation.doAs(UserGroupInformation.java:1899) [hadoop-common-3.3.5.jar:?]
	at org.apache.hadoop.ipc.Server$Handler.run(Server.java:3026) [hadoop-common-3.3.5.jar:?]
21:35:51.952 [IPC Server handler 0 on default port 15004] ERROR OMAudit - user=runner | ip=127.0.0.1 | op=GET_FILE_STATUS {volume=volume60538, bucket=bucket94253, key=testBatchDelete/parent/child3, dataSize=0, replicationConfig=null} | ret=FAILURE
org.apache.hadoop.ozone.om.exceptions.OMException: Unable to get file status: volume: volume60538 bucket: bucket94253 key: testBatchDelete/parent/child3
	at org.apache.hadoop.ozone.om.KeyManagerImpl.getOzoneFileStatusFSO(KeyManagerImpl.java:1311) ~[ozone-manager-1.4.0-SNAPSHOT.jar:?]
	at org.apache.hadoop.ozone.om.KeyManagerImpl.getFileStatus(KeyManagerImpl.java:1102) ~[ozone-manager-1.4.0-SNAPSHOT.jar:?]
	at org.apache.hadoop.ozone.om.OmMetadataReader.getFileStatus(OmMetadataReader.java:286) ~[ozone-manager-1.4.0-SNAPSHOT.jar:?]
	at org.apache.hadoop.ozone.om.OzoneManager.getFileStatus(OzoneManager.java:3499) ~[ozone-manager-1.4.0-SNAPSHOT.jar:?]
	at org.apache.hadoop.ozone.protocolPB.OzoneManagerRequestHandler.getOzoneFileStatus(OzoneManagerRequestHandler.java:950) ~[ozone-manager-1.4.0-SNAPSHOT.jar:?]
	at org.apache.hadoop.ozone.protocolPB.OzoneManagerRequestHandler.handleReadRequest(OzoneManagerRequestHandler.java:245) ~[ozone-manager-1.4.0-SNAPSHOT.jar:?]
	at org.apache.hadoop.ozone.protocolPB.OzoneManagerProtocolServerSideTranslatorPB.submitReadRequestToOM(OzoneManagerProtocolServerSideTranslatorPB.java:223) ~[ozone-manager-1.4.0-SNAPSHOT.jar:?]
	at org.apache.hadoop.ozone.protocolPB.OzoneManagerProtocolServerSideTranslatorPB.processRequest(OzoneManagerProtocolServerSideTranslatorPB.java:177) ~[ozone-manager-1.4.0-SNAPSHOT.jar:?]
	at org.apache.hadoop.hdds.server.OzoneProtocolMessageDispatcher.processRequest(OzoneProtocolMessageDispatcher.java:87) [hdds-server-framework-1.4.0-SNAPSHOT.jar:?]
	at org.apache.hadoop.ozone.protocolPB.OzoneManagerProtocolServerSideTranslatorPB.submitRequest(OzoneManagerProtocolServerSideTranslatorPB.java:147) [ozone-manager-1.4.0-SNAPSHOT.jar:?]
	at org.apache.hadoop.ozone.protocol.proto.OzoneManagerProtocolProtos$OzoneManagerService$2.callBlockingMethod(OzoneManagerProtocolProtos.java) [ozone-interface-client-1.4.0-SNAPSHOT.jar:?]
	at org.apache.hadoop.ipc.ProtobufRpcEngine$Server.processCall(ProtobufRpcEngine.java:484) [hadoop-common-3.3.5.jar:?]
	at org.apache.hadoop.ipc.ProtobufRpcEngine2$Server$ProtoBufRpcInvoker.call(ProtobufRpcEngine2.java:595) [hadoop-common-3.3.5.jar:?]
	at org.apache.hadoop.ipc.ProtobufRpcEngine2$Server$ProtoBufRpcInvoker.call(ProtobufRpcEngine2.java:573) [hadoop-common-3.3.5.jar:?]
	at org.apache.hadoop.ipc.RPC$Server.call(RPC.java:1213) [hadoop-common-3.3.5.jar:?]
	at org.apache.hadoop.ipc.Server$RpcCall.run(Server.java:1089) [hadoop-common-3.3.5.jar:?]
	at org.apache.hadoop.ipc.Server$RpcCall.run(Server.java:1012) [hadoop-common-3.3.5.jar:?]
	at java.security.AccessController.doPrivileged(Native Method) ~[?:1.8.0_372]
	at javax.security.auth.Subject.doAs(Subject.java:422) [?:1.8.0_372]
	at org.apache.hadoop.security.UserGroupInformation.doAs(UserGroupInformation.java:1899) [hadoop-common-3.3.5.jar:?]
	at org.apache.hadoop.ipc.Server$Handler.run(Server.java:3026) [hadoop-common-3.3.5.jar:?]
21:35:51.954 [IPC Server handler 2 on default port 15004] ERROR OMAudit - user=runner | ip=127.0.0.1 | op=GET_FILE_STATUS {volume=volume60538, bucket=bucket94253, key=testBatchDelete/parent/childFolder/child3, dataSize=0, replicationConfig=null} | ret=FAILURE
org.apache.hadoop.ozone.om.exceptions.OMException: Unable to get file status: volume: volume60538 bucket: bucket94253 key: testBatchDelete/parent/childFolder/child3
	at org.apache.hadoop.ozone.om.KeyManagerImpl.getOzoneFileStatusFSO(KeyManagerImpl.java:1311) ~[ozone-manager-1.4.0-SNAPSHOT.jar:?]
	at org.apache.hadoop.ozone.om.KeyManagerImpl.getFileStatus(KeyManagerImpl.java:1102) ~[ozone-manager-1.4.0-SNAPSHOT.jar:?]
	at org.apache.hadoop.ozone.om.OmMetadataReader.getFileStatus(OmMetadataReader.java:286) ~[ozone-manager-1.4.0-SNAPSHOT.jar:?]
	at org.apache.hadoop.ozone.om.OzoneManager.getFileStatus(OzoneManager.java:3499) ~[ozone-manager-1.4.0-SNAPSHOT.jar:?]
	at org.apache.hadoop.ozone.protocolPB.OzoneManagerRequestHandler.getOzoneFileStatus(OzoneManagerRequestHandler.java:950) ~[ozone-manager-1.4.0-SNAPSHOT.jar:?]
	at org.apache.hadoop.ozone.protocolPB.OzoneManagerRequestHandler.handleReadRequest(OzoneManagerRequestHandler.java:245) ~[ozone-manager-1.4.0-SNAPSHOT.jar:?]
	at org.apache.hadoop.ozone.protocolPB.OzoneManagerProtocolServerSideTranslatorPB.submitReadRequestToOM(OzoneManagerProtocolServerSideTranslatorPB.java:223) ~[ozone-manager-1.4.0-SNAPSHOT.jar:?]
	at org.apache.hadoop.ozone.protocolPB.OzoneManagerProtocolServerSideTranslatorPB.processRequest(OzoneManagerProtocolServerSideTranslatorPB.java:177) ~[ozone-manager-1.4.0-SNAPSHOT.jar:?]
	at org.apache.hadoop.hdds.server.OzoneProtocolMessageDispatcher.processRequest(OzoneProtocolMessageDispatcher.java:87) [hdds-server-framework-1.4.0-SNAPSHOT.jar:?]
	at org.apache.hadoop.ozone.protocolPB.OzoneManagerProtocolServerSideTranslatorPB.submitRequest(OzoneManagerProtocolServerSideTranslatorPB.java:147) [ozone-manager-1.4.0-SNAPSHOT.jar:?]
	at org.apache.hadoop.ozone.protocol.proto.OzoneManagerProtocolProtos$OzoneManagerService$2.callBlockingMethod(OzoneManagerProtocolProtos.java) [ozone-interface-client-1.4.0-SNAPSHOT.jar:?]
	at org.apache.hadoop.ipc.ProtobufRpcEngine$Server.processCall(ProtobufRpcEngine.java:484) [hadoop-common-3.3.5.jar:?]
	at org.apache.hadoop.ipc.ProtobufRpcEngine2$Server$ProtoBufRpcInvoker.call(ProtobufRpcEngine2.java:595) [hadoop-common-3.3.5.jar:?]
	at org.apache.hadoop.ipc.ProtobufRpcEngine2$Server$ProtoBufRpcInvoker.call(ProtobufRpcEngine2.java:573) [hadoop-common-3.3.5.jar:?]
	at org.apache.hadoop.ipc.RPC$Server.call(RPC.java:1213) [hadoop-common-3.3.5.jar:?]
	at org.apache.hadoop.ipc.Server$RpcCall.run(Server.java:1089) [hadoop-common-3.3.5.jar:?]
	at org.apache.hadoop.ipc.Server$RpcCall.run(Server.java:1012) [hadoop-common-3.3.5.jar:?]
	at java.security.AccessController.doPrivileged(Native Method) ~[?:1.8.0_372]
	at javax.security.auth.Subject.doAs(Subject.java:422) [?:1.8.0_372]
	at org.apache.hadoop.security.UserGroupInformation.doAs(UserGroupInformation.java:1899) [hadoop-common-3.3.5.jar:?]
	at org.apache.hadoop.ipc.Server$Handler.run(Server.java:3026) [hadoop-common-3.3.5.jar:?]
21:35:51.956 [IPC Server handler 17 on default port 15004] ERROR OMAudit - user=runner | ip=127.0.0.1 | op=GET_FILE_STATUS {volume=volume60538, bucket=bucket94253, key=testBatchDelete/parent/child4, dataSize=0, replicationConfig=null} | ret=FAILURE
org.apache.hadoop.ozone.om.exceptions.OMException: Unable to get file status: volume: volume60538 bucket: bucket94253 key: testBatchDelete/parent/child4
	at org.apache.hadoop.ozone.om.KeyManagerImpl.getOzoneFileStatusFSO(KeyManagerImpl.java:1311) ~[ozone-manager-1.4.0-SNAPSHOT.jar:?]
	at org.apache.hadoop.ozone.om.KeyManagerImpl.getFileStatus(KeyManagerImpl.java:1102) ~[ozone-manager-1.4.0-SNAPSHOT.jar:?]
	at org.apache.hadoop.ozone.om.OmMetadataReader.getFileStatus(OmMetadataReader.java:286) ~[ozone-manager-1.4.0-SNAPSHOT.jar:?]
	at org.apache.hadoop.ozone.om.OzoneManager.getFileStatus(OzoneManager.java:3499) ~[ozone-manager-1.4.0-SNAPSHOT.jar:?]
	at org.apache.hadoop.ozone.protocolPB.OzoneManagerRequestHandler.getOzoneFileStatus(OzoneManagerRequestHandler.java:950) ~[ozone-manager-1.4.0-SNAPSHOT.jar:?]
	at org.apache.hadoop.ozone.protocolPB.OzoneManagerRequestHandler.handleReadRequest(OzoneManagerRequestHandler.java:245) ~[ozone-manager-1.4.0-SNAPSHOT.jar:?]
	at org.apache.hadoop.ozone.protocolPB.OzoneManagerProtocolServerSideTranslatorPB.submitReadRequestToOM(OzoneManagerProtocolServerSideTranslatorPB.java:223) ~[ozone-manager-1.4.0-SNAPSHOT.jar:?]
	at org.apache.hadoop.ozone.protocolPB.OzoneManagerProtocolServerSideTranslatorPB.processRequest(OzoneManagerProtocolServerSideTranslatorPB.java:177) ~[ozone-manager-1.4.0-SNAPSHOT.jar:?]
	at org.apache.hadoop.hdds.server.OzoneProtocolMessageDispatcher.processRequest(OzoneProtocolMessageDispatcher.java:87) [hdds-server-framework-1.4.0-SNAPSHOT.jar:?]
	at org.apache.hadoop.ozone.protocolPB.OzoneManagerProtocolServerSideTranslatorPB.submitRequest(OzoneManagerProtocolServerSideTranslatorPB.java:147) [ozone-manager-1.4.0-SNAPSHOT.jar:?]
	at org.apache.hadoop.ozone.protocol.proto.OzoneManagerProtocolProtos$OzoneManagerService$2.callBlockingMethod(OzoneManagerProtocolProtos.java) [ozone-interface-client-1.4.0-SNAPSHOT.jar:?]
	at org.apache.hadoop.ipc.ProtobufRpcEngine$Server.processCall(ProtobufRpcEngine.java:484) [hadoop-common-3.3.5.jar:?]
	at org.apache.hadoop.ipc.ProtobufRpcEngine2$Server$ProtoBufRpcInvoker.call(ProtobufRpcEngine2.java:595) [hadoop-common-3.3.5.jar:?]
	at org.apache.hadoop.ipc.ProtobufRpcEngine2$Server$ProtoBufRpcInvoker.call(ProtobufRpcEngine2.java:573) [hadoop-common-3.3.5.jar:?]
	at org.apache.hadoop.ipc.RPC$Server.call(RPC.java:1213) [hadoop-common-3.3.5.jar:?]
	at org.apache.hadoop.ipc.Server$RpcCall.run(Server.java:1089) [hadoop-common-3.3.5.jar:?]
	at org.apache.hadoop.ipc.Server$RpcCall.run(Server.java:1012) [hadoop-common-3.3.5.jar:?]
	at java.security.AccessController.doPrivileged(Native Method) ~[?:1.8.0_372]
	at javax.security.auth.Subject.doAs(Subject.java:422) [?:1.8.0_372]
	at org.apache.hadoop.security.UserGroupInformation.doAs(UserGroupInformation.java:1899) [hadoop-common-3.3.5.jar:?]
	at org.apache.hadoop.ipc.Server$Handler.run(Server.java:3026) [hadoop-common-3.3.5.jar:?]
21:35:51.961 [IPC Server handler 8 on default port 15004] ERROR OMAudit - user=runner | ip=127.0.0.1 | op=GET_FILE_STATUS {volume=volume60538, bucket=bucket94253, key=testBatchDelete/parent/childFolder/child4, dataSize=0, replicationConfig=null} | ret=FAILURE
org.apache.hadoop.ozone.om.exceptions.OMException: Unable to get file status: volume: volume60538 bucket: bucket94253 key: testBatchDelete/parent/childFolder/child4
	at org.apache.hadoop.ozone.om.KeyManagerImpl.getOzoneFileStatusFSO(KeyManagerImpl.java:1311) ~[ozone-manager-1.4.0-SNAPSHOT.jar:?]
	at org.apache.hadoop.ozone.om.KeyManagerImpl.getFileStatus(KeyManagerImpl.java:1102) ~[ozone-manager-1.4.0-SNAPSHOT.jar:?]
	at org.apache.hadoop.ozone.om.OmMetadataReader.getFileStatus(OmMetadataReader.java:286) ~[ozone-manager-1.4.0-SNAPSHOT.jar:?]
	at org.apache.hadoop.ozone.om.OzoneManager.getFileStatus(OzoneManager.java:3499) ~[ozone-manager-1.4.0-SNAPSHOT.jar:?]
	at org.apache.hadoop.ozone.protocolPB.OzoneManagerRequestHandler.getOzoneFileStatus(OzoneManagerRequestHandler.java:950) ~[ozone-manager-1.4.0-SNAPSHOT.jar:?]
	at org.apache.hadoop.ozone.protocolPB.OzoneManagerRequestHandler.handleReadRequest(OzoneManagerRequestHandler.java:245) ~[ozone-manager-1.4.0-SNAPSHOT.jar:?]
	at org.apache.hadoop.ozone.protocolPB.OzoneManagerProtocolServerSideTranslatorPB.submitReadRequestToOM(OzoneManagerProtocolServerSideTranslatorPB.java:223) ~[ozone-manager-1.4.0-SNAPSHOT.jar:?]
	at org.apache.hadoop.ozone.protocolPB.OzoneManagerProtocolServerSideTranslatorPB.processRequest(OzoneManagerProtocolServerSideTranslatorPB.java:177) ~[ozone-manager-1.4.0-SNAPSHOT.jar:?]
	at org.apache.hadoop.hdds.server.OzoneProtocolMessageDispatcher.processRequest(OzoneProtocolMessageDispatcher.java:87) [hdds-server-framework-1.4.0-SNAPSHOT.jar:?]
	at org.apache.hadoop.ozone.protocolPB.OzoneManagerProtocolServerSideTranslatorPB.submitRequest(OzoneManagerProtocolServerSideTranslatorPB.java:147) [ozone-manager-1.4.0-SNAPSHOT.jar:?]
	at org.apache.hadoop.ozone.protocol.proto.OzoneManagerProtocolProtos$OzoneManagerService$2.callBlockingMethod(OzoneManagerProtocolProtos.java) [ozone-interface-client-1.4.0-SNAPSHOT.jar:?]
	at org.apache.hadoop.ipc.ProtobufRpcEngine$Server.processCall(ProtobufRpcEngine.java:484) [hadoop-common-3.3.5.jar:?]
	at org.apache.hadoop.ipc.ProtobufRpcEngine2$Server$ProtoBufRpcInvoker.call(ProtobufRpcEngine2.java:595) [hadoop-common-3.3.5.jar:?]
	at org.apache.hadoop.ipc.ProtobufRpcEngine2$Server$ProtoBufRpcInvoker.call(ProtobufRpcEngine2.java:573) [hadoop-common-3.3.5.jar:?]
	at org.apache.hadoop.ipc.RPC$Server.call(RPC.java:1213) [hadoop-common-3.3.5.jar:?]
	at org.apache.hadoop.ipc.Server$RpcCall.run(Server.java:1089) [hadoop-common-3.3.5.jar:?]
	at org.apache.hadoop.ipc.Server$RpcCall.run(Server.java:1012) [hadoop-common-3.3.5.jar:?]
	at java.security.AccessController.doPrivileged(Native Method) ~[?:1.8.0_372]
	at javax.security.auth.Subject.doAs(Subject.java:422) [?:1.8.0_372]
	at org.apache.hadoop.security.UserGroupInformation.doAs(UserGroupInformation.java:1899) [hadoop-common-3.3.5.jar:?]
	at org.apache.hadoop.ipc.Server$Handler.run(Server.java:3026) [hadoop-common-3.3.5.jar:?]
21:35:51.963 [IPC Server handler 12 on default port 15004] ERROR OMAudit - user=runner | ip=127.0.0.1 | op=GET_FILE_STATUS {volume=volume60538, bucket=bucket94253, key=testBatchDelete/parent/child5, dataSize=0, replicationConfig=null} | ret=FAILURE
org.apache.hadoop.ozone.om.exceptions.OMException: Unable to get file status: volume: volume60538 bucket: bucket94253 key: testBatchDelete/parent/child5
	at org.apache.hadoop.ozone.om.KeyManagerImpl.getOzoneFileStatusFSO(KeyManagerImpl.java:1311) ~[ozone-manager-1.4.0-SNAPSHOT.jar:?]
	at org.apache.hadoop.ozone.om.KeyManagerImpl.getFileStatus(KeyManagerImpl.java:1102) ~[ozone-manager-1.4.0-SNAPSHOT.jar:?]
	at org.apache.hadoop.ozone.om.OmMetadataReader.getFileStatus(OmMetadataReader.java:286) ~[ozone-manager-1.4.0-SNAPSHOT.jar:?]
	at org.apache.hadoop.ozone.om.OzoneManager.getFileStatus(OzoneManager.java:3499) ~[ozone-manager-1.4.0-SNAPSHOT.jar:?]
	at org.apache.hadoop.ozone.protocolPB.OzoneManagerRequestHandler.getOzoneFileStatus(OzoneManagerRequestHandler.java:950) ~[ozone-manager-1.4.0-SNAPSHOT.jar:?]
	at org.apache.hadoop.ozone.protocolPB.OzoneManagerRequestHandler.handleReadRequest(OzoneManagerRequestHandler.java:245) ~[ozone-manager-1.4.0-SNAPSHOT.jar:?]
	at org.apache.hadoop.ozone.protocolPB.OzoneManagerProtocolServerSideTranslatorPB.submitReadRequestToOM(OzoneManagerProtocolServerSideTranslatorPB.java:223) ~[ozone-manager-1.4.0-SNAPSHOT.jar:?]
	at org.apache.hadoop.ozone.protocolPB.OzoneManagerProtocolServerSideTranslatorPB.processRequest(OzoneManagerProtocolServerSideTranslatorPB.java:177) ~[ozone-manager-1.4.0-SNAPSHOT.jar:?]
	at org.apache.hadoop.hdds.server.OzoneProtocolMessageDispatcher.processRequest(OzoneProtocolMessageDispatcher.java:87) [hdds-server-framework-1.4.0-SNAPSHOT.jar:?]
	at org.apache.hadoop.ozone.protocolPB.OzoneManagerProtocolServerSideTranslatorPB.submitRequest(OzoneManagerProtocolServerSideTranslatorPB.java:147) [ozone-manager-1.4.0-SNAPSHOT.jar:?]
	at org.apache.hadoop.ozone.protocol.proto.OzoneManagerProtocolProtos$OzoneManagerService$2.callBlockingMethod(OzoneManagerProtocolProtos.java) [ozone-interface-client-1.4.0-SNAPSHOT.jar:?]
	at org.apache.hadoop.ipc.ProtobufRpcEngine$Server.processCall(ProtobufRpcEngine.java:484) [hadoop-common-3.3.5.jar:?]
	at org.apache.hadoop.ipc.ProtobufRpcEngine2$Server$ProtoBufRpcInvoker.call(ProtobufRpcEngine2.java:595) [hadoop-common-3.3.5.jar:?]
	at org.apache.hadoop.ipc.ProtobufRpcEngine2$Server$ProtoBufRpcInvoker.call(ProtobufRpcEngine2.java:573) [hadoop-common-3.3.5.jar:?]
	at org.apache.hadoop.ipc.RPC$Server.call(RPC.java:1213) [hadoop-common-3.3.5.jar:?]
	at org.apache.hadoop.ipc.Server$RpcCall.run(Server.java:1089) [hadoop-common-3.3.5.jar:?]
	at org.apache.hadoop.ipc.Server$RpcCall.run(Server.java:1012) [hadoop-common-3.3.5.jar:?]
	at java.security.AccessController.doPrivileged(Native Method) ~[?:1.8.0_372]
	at javax.security.auth.Subject.doAs(Subject.java:422) [?:1.8.0_372]
	at org.apache.hadoop.security.UserGroupInformation.doAs(UserGroupInformation.java:1899) [hadoop-common-3.3.5.jar:?]
	at org.apache.hadoop.ipc.Server$Handler.run(Server.java:3026) [hadoop-common-3.3.5.jar:?]
21:35:51.964 [IPC Server handler 15 on default port 15004] ERROR OMAudit - user=runner | ip=127.0.0.1 | op=GET_FILE_STATUS {volume=volume60538, bucket=bucket94253, key=testBatchDelete/parent/childFolder/child5, dataSize=0, replicationConfig=null} | ret=FAILURE
org.apache.hadoop.ozone.om.exceptions.OMException: Unable to get file status: volume: volume60538 bucket: bucket94253 key: testBatchDelete/parent/childFolder/child5
	at org.apache.hadoop.ozone.om.KeyManagerImpl.getOzoneFileStatusFSO(KeyManagerImpl.java:1311) ~[ozone-manager-1.4.0-SNAPSHOT.jar:?]
	at org.apache.hadoop.ozone.om.KeyManagerImpl.getFileStatus(KeyManagerImpl.java:1102) ~[ozone-manager-1.4.0-SNAPSHOT.jar:?]
	at org.apache.hadoop.ozone.om.OmMetadataReader.getFileStatus(OmMetadataReader.java:286) ~[ozone-manager-1.4.0-SNAPSHOT.jar:?]
	at org.apache.hadoop.ozone.om.OzoneManager.getFileStatus(OzoneManager.java:3499) ~[ozone-manager-1.4.0-SNAPSHOT.jar:?]
	at org.apache.hadoop.ozone.protocolPB.OzoneManagerRequestHandler.getOzoneFileStatus(OzoneManagerRequestHandler.java:950) ~[ozone-manager-1.4.0-SNAPSHOT.jar:?]
	at org.apache.hadoop.ozone.protocolPB.OzoneManagerRequestHandler.handleReadRequest(OzoneManagerRequestHandler.java:245) ~[ozone-manager-1.4.0-SNAPSHOT.jar:?]
	at org.apache.hadoop.ozone.protocolPB.OzoneManagerProtocolServerSideTranslatorPB.submitReadRequestToOM(OzoneManagerProtocolServerSideTranslatorPB.java:223) ~[ozone-manager-1.4.0-SNAPSHOT.jar:?]
	at org.apache.hadoop.ozone.protocolPB.OzoneManagerProtocolServerSideTranslatorPB.processRequest(OzoneManagerProtocolServerSideTranslatorPB.java:177) ~[ozone-manager-1.4.0-SNAPSHOT.jar:?]
	at org.apache.hadoop.hdds.server.OzoneProtocolMessageDispatcher.processRequest(OzoneProtocolMessageDispatcher.java:87) [hdds-server-framework-1.4.0-SNAPSHOT.jar:?]
	at org.apache.hadoop.ozone.protocolPB.OzoneManagerProtocolServerSideTranslatorPB.submitRequest(OzoneManagerProtocolServerSideTranslatorPB.java:147) [ozone-manager-1.4.0-SNAPSHOT.jar:?]
	at org.apache.hadoop.ozone.protocol.proto.OzoneManagerProtocolProtos$OzoneManagerService$2.callBlockingMethod(OzoneManagerProtocolProtos.java) [ozone-interface-client-1.4.0-SNAPSHOT.jar:?]
	at org.apache.hadoop.ipc.ProtobufRpcEngine$Server.processCall(ProtobufRpcEngine.java:484) [hadoop-common-3.3.5.jar:?]
	at org.apache.hadoop.ipc.ProtobufRpcEngine2$Server$ProtoBufRpcInvoker.call(ProtobufRpcEngine2.java:595) [hadoop-common-3.3.5.jar:?]
	at org.apache.hadoop.ipc.ProtobufRpcEngine2$Server$ProtoBufRpcInvoker.call(ProtobufRpcEngine2.java:573) [hadoop-common-3.3.5.jar:?]
	at org.apache.hadoop.ipc.RPC$Server.call(RPC.java:1213) [hadoop-common-3.3.5.jar:?]
	at org.apache.hadoop.ipc.Server$RpcCall.run(Server.java:1089) [hadoop-common-3.3.5.jar:?]
	at org.apache.hadoop.ipc.Server$RpcCall.run(Server.java:1012) [hadoop-common-3.3.5.jar:?]
	at java.security.AccessController.doPrivileged(Native Method) ~[?:1.8.0_372]
	at javax.security.auth.Subject.doAs(Subject.java:422) [?:1.8.0_372]
	at org.apache.hadoop.security.UserGroupInformation.doAs(UserGroupInformation.java:1899) [hadoop-common-3.3.5.jar:?]
	at org.apache.hadoop.ipc.Server$Handler.run(Server.java:3026) [hadoop-common-3.3.5.jar:?]
21:35:51.966 [IPC Server handler 19 on default port 15004] ERROR OMAudit - user=runner | ip=127.0.0.1 | op=GET_FILE_STATUS {volume=volume60538, bucket=bucket94253, key=testBatchDelete/parent/child6, dataSize=0, replicationConfig=null} | ret=FAILURE
org.apache.hadoop.ozone.om.exceptions.OMException: Unable to get file status: volume: volume60538 bucket: bucket94253 key: testBatchDelete/parent/child6
	at org.apache.hadoop.ozone.om.KeyManagerImpl.getOzoneFileStatusFSO(KeyManagerImpl.java:1311) ~[ozone-manager-1.4.0-SNAPSHOT.jar:?]
	at org.apache.hadoop.ozone.om.KeyManagerImpl.getFileStatus(KeyManagerImpl.java:1102) ~[ozone-manager-1.4.0-SNAPSHOT.jar:?]
	at org.apache.hadoop.ozone.om.OmMetadataReader.getFileStatus(OmMetadataReader.java:286) ~[ozone-manager-1.4.0-SNAPSHOT.jar:?]
	at org.apache.hadoop.ozone.om.OzoneManager.getFileStatus(OzoneManager.java:3499) ~[ozone-manager-1.4.0-SNAPSHOT.jar:?]
	at org.apache.hadoop.ozone.protocolPB.OzoneManagerRequestHandler.getOzoneFileStatus(OzoneManagerRequestHandler.java:950) ~[ozone-manager-1.4.0-SNAPSHOT.jar:?]
	at org.apache.hadoop.ozone.protocolPB.OzoneManagerRequestHandler.handleReadRequest(OzoneManagerRequestHandler.java:245) ~[ozone-manager-1.4.0-SNAPSHOT.jar:?]
	at org.apache.hadoop.ozone.protocolPB.OzoneManagerProtocolServerSideTranslatorPB.submitReadRequestToOM(OzoneManagerProtocolServerSideTranslatorPB.java:223) ~[ozone-manager-1.4.0-SNAPSHOT.jar:?]
	at org.apache.hadoop.ozone.protocolPB.OzoneManagerProtocolServerSideTranslatorPB.processRequest(OzoneManagerProtocolServerSideTranslatorPB.java:177) ~[ozone-manager-1.4.0-SNAPSHOT.jar:?]
	at org.apache.hadoop.hdds.server.OzoneProtocolMessageDispatcher.processRequest(OzoneProtocolMessageDispatcher.java:87) [hdds-server-framework-1.4.0-SNAPSHOT.jar:?]
	at org.apache.hadoop.ozone.protocolPB.OzoneManagerProtocolServerSideTranslatorPB.submitRequest(OzoneManagerProtocolServerSideTranslatorPB.java:147) [ozone-manager-1.4.0-SNAPSHOT.jar:?]
	at org.apache.hadoop.ozone.protocol.proto.OzoneManagerProtocolProtos$OzoneManagerService$2.callBlockingMethod(OzoneManagerProtocolProtos.java) [ozone-interface-client-1.4.0-SNAPSHOT.jar:?]
	at org.apache.hadoop.ipc.ProtobufRpcEngine$Server.processCall(ProtobufRpcEngine.java:484) [hadoop-common-3.3.5.jar:?]
	at org.apache.hadoop.ipc.ProtobufRpcEngine2$Server$ProtoBufRpcInvoker.call(ProtobufRpcEngine2.java:595) [hadoop-common-3.3.5.jar:?]
	at org.apache.hadoop.ipc.ProtobufRpcEngine2$Server$ProtoBufRpcInvoker.call(ProtobufRpcEngine2.java:573) [hadoop-common-3.3.5.jar:?]
	at org.apache.hadoop.ipc.RPC$Server.call(RPC.java:1213) [hadoop-common-3.3.5.jar:?]
	at org.apache.hadoop.ipc.Server$RpcCall.run(Server.java:1089) [hadoop-common-3.3.5.jar:?]
	at org.apache.hadoop.ipc.Server$RpcCall.run(Server.java:1012) [hadoop-common-3.3.5.jar:?]
	at java.security.AccessController.doPrivileged(Native Method) ~[?:1.8.0_372]
	at javax.security.auth.Subject.doAs(Subject.java:422) [?:1.8.0_372]
	at org.apache.hadoop.security.UserGroupInformation.doAs(UserGroupInformation.java:1899) [hadoop-common-3.3.5.jar:?]
	at org.apache.hadoop.ipc.Server$Handler.run(Server.java:3026) [hadoop-common-3.3.5.jar:?]
21:35:51.968 [IPC Server handler 5 on default port 15004] ERROR OMAudit - user=runner | ip=127.0.0.1 | op=GET_FILE_STATUS {volume=volume60538, bucket=bucket94253, key=testBatchDelete/parent/childFolder/child6, dataSize=0, replicationConfig=null} | ret=FAILURE
org.apache.hadoop.ozone.om.exceptions.OMException: Unable to get file status: volume: volume60538 bucket: bucket94253 key: testBatchDelete/parent/childFolder/child6
	at org.apache.hadoop.ozone.om.KeyManagerImpl.getOzoneFileStatusFSO(KeyManagerImpl.java:1311) ~[ozone-manager-1.4.0-SNAPSHOT.jar:?]
	at org.apache.hadoop.ozone.om.KeyManagerImpl.getFileStatus(KeyManagerImpl.java:1102) ~[ozone-manager-1.4.0-SNAPSHOT.jar:?]
	at org.apache.hadoop.ozone.om.OmMetadataReader.getFileStatus(OmMetadataReader.java:286) ~[ozone-manager-1.4.0-SNAPSHOT.jar:?]
	at org.apache.hadoop.ozone.om.OzoneManager.getFileStatus(OzoneManager.java:3499) ~[ozone-manager-1.4.0-SNAPSHOT.jar:?]
	at org.apache.hadoop.ozone.protocolPB.OzoneManagerRequestHandler.getOzoneFileStatus(OzoneManagerRequestHandler.java:950) ~[ozone-manager-1.4.0-SNAPSHOT.jar:?]
	at org.apache.hadoop.ozone.protocolPB.OzoneManagerRequestHandler.handleReadRequest(OzoneManagerRequestHandler.java:245) ~[ozone-manager-1.4.0-SNAPSHOT.jar:?]
	at org.apache.hadoop.ozone.protocolPB.OzoneManagerProtocolServerSideTranslatorPB.submitReadRequestToOM(OzoneManagerProtocolServerSideTranslatorPB.java:223) ~[ozone-manager-1.4.0-SNAPSHOT.jar:?]
	at org.apache.hadoop.ozone.protocolPB.OzoneManagerProtocolServerSideTranslatorPB.processRequest(OzoneManagerProtocolServerSideTranslatorPB.java:177) ~[ozone-manager-1.4.0-SNAPSHOT.jar:?]
	at org.apache.hadoop.hdds.server.OzoneProtocolMessageDispatcher.processRequest(OzoneProtocolMessageDispatcher.java:87) [hdds-server-framework-1.4.0-SNAPSHOT.jar:?]
	at org.apache.hadoop.ozone.protocolPB.OzoneManagerProtocolServerSideTranslatorPB.submitRequest(OzoneManagerProtocolServerSideTranslatorPB.java:147) [ozone-manager-1.4.0-SNAPSHOT.jar:?]
	at org.apache.hadoop.ozone.protocol.proto.OzoneManagerProtocolProtos$OzoneManagerService$2.callBlockingMethod(OzoneManagerProtocolProtos.java) [ozone-interface-client-1.4.0-SNAPSHOT.jar:?]
	at org.apache.hadoop.ipc.ProtobufRpcEngine$Server.processCall(ProtobufRpcEngine.java:484) [hadoop-common-3.3.5.jar:?]
	at org.apache.hadoop.ipc.ProtobufRpcEngine2$Server$ProtoBufRpcInvoker.call(ProtobufRpcEngine2.java:595) [hadoop-common-3.3.5.jar:?]
	at org.apache.hadoop.ipc.ProtobufRpcEngine2$Server$ProtoBufRpcInvoker.call(ProtobufRpcEngine2.java:573) [hadoop-common-3.3.5.jar:?]
	at org.apache.hadoop.ipc.RPC$Server.call(RPC.java:1213) [hadoop-common-3.3.5.jar:?]
	at org.apache.hadoop.ipc.Server$RpcCall.run(Server.java:1089) [hadoop-common-3.3.5.jar:?]
	at org.apache.hadoop.ipc.Server$RpcCall.run(Server.java:1012) [hadoop-common-3.3.5.jar:?]
	at java.security.AccessController.doPrivileged(Native Method) ~[?:1.8.0_372]
	at javax.security.auth.Subject.doAs(Subject.java:422) [?:1.8.0_372]
	at org.apache.hadoop.security.UserGroupInformation.doAs(UserGroupInformation.java:1899) [hadoop-common-3.3.5.jar:?]
	at org.apache.hadoop.ipc.Server$Handler.run(Server.java:3026) [hadoop-common-3.3.5.jar:?]
21:35:51.971 [IPC Server handler 18 on default port 15004] ERROR OMAudit - user=runner | ip=127.0.0.1 | op=GET_FILE_STATUS {volume=volume60538, bucket=bucket94253, key=testBatchDelete/parent/child7, dataSize=0, replicationConfig=null} | ret=FAILURE
org.apache.hadoop.ozone.om.exceptions.OMException: Unable to get file status: volume: volume60538 bucket: bucket94253 key: testBatchDelete/parent/child7
	at org.apache.hadoop.ozone.om.KeyManagerImpl.getOzoneFileStatusFSO(KeyManagerImpl.java:1311) ~[ozone-manager-1.4.0-SNAPSHOT.jar:?]
	at org.apache.hadoop.ozone.om.KeyManagerImpl.getFileStatus(KeyManagerImpl.java:1102) ~[ozone-manager-1.4.0-SNAPSHOT.jar:?]
	at org.apache.hadoop.ozone.om.OmMetadataReader.getFileStatus(OmMetadataReader.java:286) ~[ozone-manager-1.4.0-SNAPSHOT.jar:?]
	at org.apache.hadoop.ozone.om.OzoneManager.getFileStatus(OzoneManager.java:3499) ~[ozone-manager-1.4.0-SNAPSHOT.jar:?]
	at org.apache.hadoop.ozone.protocolPB.OzoneManagerRequestHandler.getOzoneFileStatus(OzoneManagerRequestHandler.java:950) ~[ozone-manager-1.4.0-SNAPSHOT.jar:?]
	at org.apache.hadoop.ozone.protocolPB.OzoneManagerRequestHandler.handleReadRequest(OzoneManagerRequestHandler.java:245) ~[ozone-manager-1.4.0-SNAPSHOT.jar:?]
	at org.apache.hadoop.ozone.protocolPB.OzoneManagerProtocolServerSideTranslatorPB.submitReadRequestToOM(OzoneManagerProtocolServerSideTranslatorPB.java:223) ~[ozone-manager-1.4.0-SNAPSHOT.jar:?]
	at org.apache.hadoop.ozone.protocolPB.OzoneManagerProtocolServerSideTranslatorPB.processRequest(OzoneManagerProtocolServerSideTranslatorPB.java:177) ~[ozone-manager-1.4.0-SNAPSHOT.jar:?]
	at org.apache.hadoop.hdds.server.OzoneProtocolMessageDispatcher.processRequest(OzoneProtocolMessageDispatcher.java:87) [hdds-server-framework-1.4.0-SNAPSHOT.jar:?]
	at org.apache.hadoop.ozone.protocolPB.OzoneManagerProtocolServerSideTranslatorPB.submitRequest(OzoneManagerProtocolServerSideTranslatorPB.java:147) [ozone-manager-1.4.0-SNAPSHOT.jar:?]
	at org.apache.hadoop.ozone.protocol.proto.OzoneManagerProtocolProtos$OzoneManagerService$2.callBlockingMethod(OzoneManagerProtocolProtos.java) [ozone-interface-client-1.4.0-SNAPSHOT.jar:?]
	at org.apache.hadoop.ipc.ProtobufRpcEngine$Server.processCall(ProtobufRpcEngine.java:484) [hadoop-common-3.3.5.jar:?]
	at org.apache.hadoop.ipc.ProtobufRpcEngine2$Server$ProtoBufRpcInvoker.call(ProtobufRpcEngine2.java:595) [hadoop-common-3.3.5.jar:?]
	at org.apache.hadoop.ipc.ProtobufRpcEngine2$Server$ProtoBufRpcInvoker.call(ProtobufRpcEngine2.java:573) [hadoop-common-3.3.5.jar:?]
	at org.apache.hadoop.ipc.RPC$Server.call(RPC.java:1213) [hadoop-common-3.3.5.jar:?]
	at org.apache.hadoop.ipc.Server$RpcCall.run(Server.java:1089) [hadoop-common-3.3.5.jar:?]
	at org.apache.hadoop.ipc.Server$RpcCall.run(Server.java:1012) [hadoop-common-3.3.5.jar:?]
	at java.security.AccessController.doPrivileged(Native Method) ~[?:1.8.0_372]
	at javax.security.auth.Subject.doAs(Subject.java:422) [?:1.8.0_372]
	at org.apache.hadoop.security.UserGroupInformation.doAs(UserGroupInformation.java:1899) [hadoop-common-3.3.5.jar:?]
	at org.apache.hadoop.ipc.Server$Handler.run(Server.java:3026) [hadoop-common-3.3.5.jar:?]
21:35:51.973 [IPC Server handler 3 on default port 15004] ERROR OMAudit - user=runner | ip=127.0.0.1 | op=GET_FILE_STATUS {volume=volume60538, bucket=bucket94253, key=testBatchDelete/parent/childFolder/child7, dataSize=0, replicationConfig=null} | ret=FAILURE
org.apache.hadoop.ozone.om.exceptions.OMException: Unable to get file status: volume: volume60538 bucket: bucket94253 key: testBatchDelete/parent/childFolder/child7
	at org.apache.hadoop.ozone.om.KeyManagerImpl.getOzoneFileStatusFSO(KeyManagerImpl.java:1311) ~[ozone-manager-1.4.0-SNAPSHOT.jar:?]
	at org.apache.hadoop.ozone.om.KeyManagerImpl.getFileStatus(KeyManagerImpl.java:1102) ~[ozone-manager-1.4.0-SNAPSHOT.jar:?]
	at org.apache.hadoop.ozone.om.OmMetadataReader.getFileStatus(OmMetadataReader.java:286) ~[ozone-manager-1.4.0-SNAPSHOT.jar:?]
	at org.apache.hadoop.ozone.om.OzoneManager.getFileStatus(OzoneManager.java:3499) ~[ozone-manager-1.4.0-SNAPSHOT.jar:?]
	at org.apache.hadoop.ozone.protocolPB.OzoneManagerRequestHandler.getOzoneFileStatus(OzoneManagerRequestHandler.java:950) ~[ozone-manager-1.4.0-SNAPSHOT.jar:?]
	at org.apache.hadoop.ozone.protocolPB.OzoneManagerRequestHandler.handleReadRequest(OzoneManagerRequestHandler.java:245) ~[ozone-manager-1.4.0-SNAPSHOT.jar:?]
	at org.apache.hadoop.ozone.protocolPB.OzoneManagerProtocolServerSideTranslatorPB.submitReadRequestToOM(OzoneManagerProtocolServerSideTranslatorPB.java:223) ~[ozone-manager-1.4.0-SNAPSHOT.jar:?]
	at org.apache.hadoop.ozone.protocolPB.OzoneManagerProtocolServerSideTranslatorPB.processRequest(OzoneManagerProtocolServerSideTranslatorPB.java:177) ~[ozone-manager-1.4.0-SNAPSHOT.jar:?]
	at org.apache.hadoop.hdds.server.OzoneProtocolMessageDispatcher.processRequest(OzoneProtocolMessageDispatcher.java:87) [hdds-server-framework-1.4.0-SNAPSHOT.jar:?]
	at org.apache.hadoop.ozone.protocolPB.OzoneManagerProtocolServerSideTranslatorPB.submitRequest(OzoneManagerProtocolServerSideTranslatorPB.java:147) [ozone-manager-1.4.0-SNAPSHOT.jar:?]
	at org.apache.hadoop.ozone.protocol.proto.OzoneManagerProtocolProtos$OzoneManagerService$2.callBlockingMethod(OzoneManagerProtocolProtos.java) [ozone-interface-client-1.4.0-SNAPSHOT.jar:?]
	at org.apache.hadoop.ipc.ProtobufRpcEngine$Server.processCall(ProtobufRpcEngine.java:484) [hadoop-common-3.3.5.jar:?]
	at org.apache.hadoop.ipc.ProtobufRpcEngine2$Server$ProtoBufRpcInvoker.call(ProtobufRpcEngine2.java:595) [hadoop-common-3.3.5.jar:?]
	at org.apache.hadoop.ipc.ProtobufRpcEngine2$Server$ProtoBufRpcInvoker.call(ProtobufRpcEngine2.java:573) [hadoop-common-3.3.5.jar:?]
	at org.apache.hadoop.ipc.RPC$Server.call(RPC.java:1213) [hadoop-common-3.3.5.jar:?]
	at org.apache.hadoop.ipc.Server$RpcCall.run(Server.java:1089) [hadoop-common-3.3.5.jar:?]
	at org.apache.hadoop.ipc.Server$RpcCall.run(Server.java:1012) [hadoop-common-3.3.5.jar:?]
	at java.security.AccessController.doPrivileged(Native Method) ~[?:1.8.0_372]
	at javax.security.auth.Subject.doAs(Subject.java:422) [?:1.8.0_372]
	at org.apache.hadoop.security.UserGroupInformation.doAs(UserGroupInformation.java:1899) [hadoop-common-3.3.5.jar:?]
	at org.apache.hadoop.ipc.Server$Handler.run(Server.java:3026) [hadoop-common-3.3.5.jar:?]
21:35:51.975 [IPC Server handler 0 on default port 15004] ERROR OMAudit - user=runner | ip=127.0.0.1 | op=GET_FILE_STATUS {volume=volume60538, bucket=bucket94253, key=testBatchDelete/parent, dataSize=0, replicationConfig=null} | ret=FAILURE
org.apache.hadoop.ozone.om.exceptions.OMException: Unable to get file status: volume: volume60538 bucket: bucket94253 key: testBatchDelete/parent
	at org.apache.hadoop.ozone.om.KeyManagerImpl.getOzoneFileStatusFSO(KeyManagerImpl.java:1311) ~[ozone-manager-1.4.0-SNAPSHOT.jar:?]
	at org.apache.hadoop.ozone.om.KeyManagerImpl.getFileStatus(KeyManagerImpl.java:1102) ~[ozone-manager-1.4.0-SNAPSHOT.jar:?]
	at org.apache.hadoop.ozone.om.OmMetadataReader.getFileStatus(OmMetadataReader.java:286) ~[ozone-manager-1.4.0-SNAPSHOT.jar:?]
	at org.apache.hadoop.ozone.om.OzoneManager.getFileStatus(OzoneManager.java:3499) ~[ozone-manager-1.4.0-SNAPSHOT.jar:?]
	at org.apache.hadoop.ozone.protocolPB.OzoneManagerRequestHandler.getOzoneFileStatus(OzoneManagerRequestHandler.java:950) ~[ozone-manager-1.4.0-SNAPSHOT.jar:?]
	at org.apache.hadoop.ozone.protocolPB.OzoneManagerRequestHandler.handleReadRequest(OzoneManagerRequestHandler.java:245) ~[ozone-manager-1.4.0-SNAPSHOT.jar:?]
	at org.apache.hadoop.ozone.protocolPB.OzoneManagerProtocolServerSideTranslatorPB.submitReadRequestToOM(OzoneManagerProtocolServerSideTranslatorPB.java:223) ~[ozone-manager-1.4.0-SNAPSHOT.jar:?]
	at org.apache.hadoop.ozone.protocolPB.OzoneManagerProtocolServerSideTranslatorPB.processRequest(OzoneManagerProtocolServerSideTranslatorPB.java:177) ~[ozone-manager-1.4.0-SNAPSHOT.jar:?]
	at org.apache.hadoop.hdds.server.OzoneProtocolMessageDispatcher.processRequest(OzoneProtocolMessageDispatcher.java:87) [hdds-server-framework-1.4.0-SNAPSHOT.jar:?]
	at org.apache.hadoop.ozone.protocolPB.OzoneManagerProtocolServerSideTranslatorPB.submitRequest(OzoneManagerProtocolServerSideTranslatorPB.java:147) [ozone-manager-1.4.0-SNAPSHOT.jar:?]
	at org.apache.hadoop.ozone.protocol.proto.OzoneManagerProtocolProtos$OzoneManagerService$2.callBlockingMethod(OzoneManagerProtocolProtos.java) [ozone-interface-client-1.4.0-SNAPSHOT.jar:?]
	at org.apache.hadoop.ipc.ProtobufRpcEngine$Server.processCall(ProtobufRpcEngine.java:484) [hadoop-common-3.3.5.jar:?]
	at org.apache.hadoop.ipc.ProtobufRpcEngine2$Server$ProtoBufRpcInvoker.call(ProtobufRpcEngine2.java:595) [hadoop-common-3.3.5.jar:?]
	at org.apache.hadoop.ipc.ProtobufRpcEngine2$Server$ProtoBufRpcInvoker.call(ProtobufRpcEngine2.java:573) [hadoop-common-3.3.5.jar:?]
	at org.apache.hadoop.ipc.RPC$Server.call(RPC.java:1213) [hadoop-common-3.3.5.jar:?]
	at org.apache.hadoop.ipc.Server$RpcCall.run(Server.java:1089) [hadoop-common-3.3.5.jar:?]
	at org.apache.hadoop.ipc.Server$RpcCall.run(Server.java:1012) [hadoop-common-3.3.5.jar:?]
	at java.security.AccessController.doPrivileged(Native Method) ~[?:1.8.0_372]
	at javax.security.auth.Subject.doAs(Subject.java:422) [?:1.8.0_372]
	at org.apache.hadoop.security.UserGroupInformation.doAs(UserGroupInformation.java:1899) [hadoop-common-3.3.5.jar:?]
	at org.apache.hadoop.ipc.Server$Handler.run(Server.java:3026) [hadoop-common-3.3.5.jar:?]
2023-06-22 21:35:51,975 [Time-limited test] WARN  ozone.BasicRootedOzoneFileSystem (BasicRootedOzoneFileSystem.java:delete(681)) - delete: Path does not exist: /volume60538/bucket94253/testBatchDelete/parent
]]></system-out>
  </testcase>
  <testcase name="testFileDelete" classname="TestRootedOzoneFileSystemWithFSO" time="0.14">
    <system-out><![CDATA[2023-06-22 21:37:23,915 [Time-limited test] INFO  rpc.RpcClient (RpcClient.java:createVolume(459)) - Creating Volume: volume98728, with user80080 as owner and space quota set to -1 bytes, counts quota set to -1
2023-06-22 21:37:23,916 [IPC Server handler 2 on default port 15057] INFO  volume.OMVolumeCreateRequest (OMVolumeCreateRequest.java:validateAndUpdateCache(196)) - created volume:volume98728 for user:user80080
2023-06-22 21:37:23,918 [Time-limited test] INFO  rpc.RpcClient (RpcClient.java:createBucket(686)) - Creating Bucket: volume98728/bucket37020, with bucket layout FILE_SYSTEM_OPTIMIZED, runner as owner, Versioning false, Storage Type set to DISK and Encryption set to false, Replication Type set to server-side default replication type, Namespace Quota set to -1, Space Quota set to -1 
2023-06-22 21:37:23,918 [IPC Server handler 7 on default port 15057] INFO  bucket.OMBucketCreateRequest (OMBucketCreateRequest.java:validateAndUpdateCache(270)) - created bucket: bucket37020 of layout FILE_SYSTEM_OPTIMIZED in volume: volume98728
21:37:24.005 [IPC Server handler 19 on default port 15057] ERROR OMAudit - user=runner | ip=127.0.0.1 | op=GET_FILE_STATUS {volume=volume98728, bucket=bucket37020, key=testBatchDelete, dataSize=0, replicationConfig=null} | ret=FAILURE
org.apache.hadoop.ozone.om.exceptions.OMException: Unable to get file status: volume: volume98728 bucket: bucket37020 key: testBatchDelete
	at org.apache.hadoop.ozone.om.KeyManagerImpl.getOzoneFileStatusFSO(KeyManagerImpl.java:1311) ~[ozone-manager-1.4.0-SNAPSHOT.jar:?]
	at org.apache.hadoop.ozone.om.KeyManagerImpl.getFileStatus(KeyManagerImpl.java:1102) ~[ozone-manager-1.4.0-SNAPSHOT.jar:?]
	at org.apache.hadoop.ozone.om.OmMetadataReader.getFileStatus(OmMetadataReader.java:286) ~[ozone-manager-1.4.0-SNAPSHOT.jar:?]
	at org.apache.hadoop.ozone.om.OzoneManager.getFileStatus(OzoneManager.java:3499) ~[ozone-manager-1.4.0-SNAPSHOT.jar:?]
	at org.apache.hadoop.ozone.protocolPB.OzoneManagerRequestHandler.getOzoneFileStatus(OzoneManagerRequestHandler.java:950) ~[ozone-manager-1.4.0-SNAPSHOT.jar:?]
	at org.apache.hadoop.ozone.protocolPB.OzoneManagerRequestHandler.handleReadRequest(OzoneManagerRequestHandler.java:245) ~[ozone-manager-1.4.0-SNAPSHOT.jar:?]
	at org.apache.hadoop.ozone.protocolPB.OzoneManagerProtocolServerSideTranslatorPB.submitRequestDirectlyToOM(OzoneManagerProtocolServerSideTranslatorPB.java:272) ~[ozone-manager-1.4.0-SNAPSHOT.jar:?]
	at org.apache.hadoop.ozone.protocolPB.OzoneManagerProtocolServerSideTranslatorPB.processRequest(OzoneManagerProtocolServerSideTranslatorPB.java:173) ~[ozone-manager-1.4.0-SNAPSHOT.jar:?]
	at org.apache.hadoop.hdds.server.OzoneProtocolMessageDispatcher.processRequest(OzoneProtocolMessageDispatcher.java:87) [hdds-server-framework-1.4.0-SNAPSHOT.jar:?]
	at org.apache.hadoop.ozone.protocolPB.OzoneManagerProtocolServerSideTranslatorPB.submitRequest(OzoneManagerProtocolServerSideTranslatorPB.java:147) [ozone-manager-1.4.0-SNAPSHOT.jar:?]
	at org.apache.hadoop.ozone.protocol.proto.OzoneManagerProtocolProtos$OzoneManagerService$2.callBlockingMethod(OzoneManagerProtocolProtos.java) [ozone-interface-client-1.4.0-SNAPSHOT.jar:?]
	at org.apache.hadoop.ipc.ProtobufRpcEngine$Server.processCall(ProtobufRpcEngine.java:484) [hadoop-common-3.3.5.jar:?]
	at org.apache.hadoop.ipc.ProtobufRpcEngine2$Server$ProtoBufRpcInvoker.call(ProtobufRpcEngine2.java:595) [hadoop-common-3.3.5.jar:?]
	at org.apache.hadoop.ipc.ProtobufRpcEngine2$Server$ProtoBufRpcInvoker.call(ProtobufRpcEngine2.java:573) [hadoop-common-3.3.5.jar:?]
	at org.apache.hadoop.ipc.RPC$Server.call(RPC.java:1213) [hadoop-common-3.3.5.jar:?]
	at org.apache.hadoop.ipc.Server$RpcCall.run(Server.java:1089) [hadoop-common-3.3.5.jar:?]
	at org.apache.hadoop.ipc.Server$RpcCall.run(Server.java:1012) [hadoop-common-3.3.5.jar:?]
	at java.security.AccessController.doPrivileged(Native Method) ~[?:1.8.0_372]
	at javax.security.auth.Subject.doAs(Subject.java:422) [?:1.8.0_372]
	at org.apache.hadoop.security.UserGroupInformation.doAs(UserGroupInformation.java:1899) [hadoop-common-3.3.5.jar:?]
	at org.apache.hadoop.ipc.Server$Handler.run(Server.java:3026) [hadoop-common-3.3.5.jar:?]
21:37:24.006 [IPC Server handler 16 on default port 15057] ERROR OMAudit - user=runner | ip=127.0.0.1 | op=GET_FILE_STATUS {volume=volume98728, bucket=bucket37020, key=testBatchDelete/parent/child0, dataSize=0, replicationConfig=null} | ret=FAILURE
org.apache.hadoop.ozone.om.exceptions.OMException: Unable to get file status: volume: volume98728 bucket: bucket37020 key: testBatchDelete/parent/child0
	at org.apache.hadoop.ozone.om.KeyManagerImpl.getOzoneFileStatusFSO(KeyManagerImpl.java:1311) ~[ozone-manager-1.4.0-SNAPSHOT.jar:?]
	at org.apache.hadoop.ozone.om.KeyManagerImpl.getFileStatus(KeyManagerImpl.java:1102) ~[ozone-manager-1.4.0-SNAPSHOT.jar:?]
	at org.apache.hadoop.ozone.om.OmMetadataReader.getFileStatus(OmMetadataReader.java:286) ~[ozone-manager-1.4.0-SNAPSHOT.jar:?]
	at org.apache.hadoop.ozone.om.OzoneManager.getFileStatus(OzoneManager.java:3499) ~[ozone-manager-1.4.0-SNAPSHOT.jar:?]
	at org.apache.hadoop.ozone.protocolPB.OzoneManagerRequestHandler.getOzoneFileStatus(OzoneManagerRequestHandler.java:950) ~[ozone-manager-1.4.0-SNAPSHOT.jar:?]
	at org.apache.hadoop.ozone.protocolPB.OzoneManagerRequestHandler.handleReadRequest(OzoneManagerRequestHandler.java:245) ~[ozone-manager-1.4.0-SNAPSHOT.jar:?]
	at org.apache.hadoop.ozone.protocolPB.OzoneManagerProtocolServerSideTranslatorPB.submitRequestDirectlyToOM(OzoneManagerProtocolServerSideTranslatorPB.java:272) ~[ozone-manager-1.4.0-SNAPSHOT.jar:?]
	at org.apache.hadoop.ozone.protocolPB.OzoneManagerProtocolServerSideTranslatorPB.processRequest(OzoneManagerProtocolServerSideTranslatorPB.java:173) ~[ozone-manager-1.4.0-SNAPSHOT.jar:?]
	at org.apache.hadoop.hdds.server.OzoneProtocolMessageDispatcher.processRequest(OzoneProtocolMessageDispatcher.java:87) [hdds-server-framework-1.4.0-SNAPSHOT.jar:?]
	at org.apache.hadoop.ozone.protocolPB.OzoneManagerProtocolServerSideTranslatorPB.submitRequest(OzoneManagerProtocolServerSideTranslatorPB.java:147) [ozone-manager-1.4.0-SNAPSHOT.jar:?]
	at org.apache.hadoop.ozone.protocol.proto.OzoneManagerProtocolProtos$OzoneManagerService$2.callBlockingMethod(OzoneManagerProtocolProtos.java) [ozone-interface-client-1.4.0-SNAPSHOT.jar:?]
	at org.apache.hadoop.ipc.ProtobufRpcEngine$Server.processCall(ProtobufRpcEngine.java:484) [hadoop-common-3.3.5.jar:?]
	at org.apache.hadoop.ipc.ProtobufRpcEngine2$Server$ProtoBufRpcInvoker.call(ProtobufRpcEngine2.java:595) [hadoop-common-3.3.5.jar:?]
	at org.apache.hadoop.ipc.ProtobufRpcEngine2$Server$ProtoBufRpcInvoker.call(ProtobufRpcEngine2.java:573) [hadoop-common-3.3.5.jar:?]
	at org.apache.hadoop.ipc.RPC$Server.call(RPC.java:1213) [hadoop-common-3.3.5.jar:?]
	at org.apache.hadoop.ipc.Server$RpcCall.run(Server.java:1089) [hadoop-common-3.3.5.jar:?]
	at org.apache.hadoop.ipc.Server$RpcCall.run(Server.java:1012) [hadoop-common-3.3.5.jar:?]
	at java.security.AccessController.doPrivileged(Native Method) ~[?:1.8.0_372]
	at javax.security.auth.Subject.doAs(Subject.java:422) [?:1.8.0_372]
	at org.apache.hadoop.security.UserGroupInformation.doAs(UserGroupInformation.java:1899) [hadoop-common-3.3.5.jar:?]
	at org.apache.hadoop.ipc.Server$Handler.run(Server.java:3026) [hadoop-common-3.3.5.jar:?]
21:37:24.008 [IPC Server handler 6 on default port 15057] ERROR OMAudit - user=runner | ip=127.0.0.1 | op=GET_FILE_STATUS {volume=volume98728, bucket=bucket37020, key=testBatchDelete/parent/childFolder/child0, dataSize=0, replicationConfig=null} | ret=FAILURE
org.apache.hadoop.ozone.om.exceptions.OMException: Unable to get file status: volume: volume98728 bucket: bucket37020 key: testBatchDelete/parent/childFolder/child0
	at org.apache.hadoop.ozone.om.KeyManagerImpl.getOzoneFileStatusFSO(KeyManagerImpl.java:1311) ~[ozone-manager-1.4.0-SNAPSHOT.jar:?]
	at org.apache.hadoop.ozone.om.KeyManagerImpl.getFileStatus(KeyManagerImpl.java:1102) ~[ozone-manager-1.4.0-SNAPSHOT.jar:?]
	at org.apache.hadoop.ozone.om.OmMetadataReader.getFileStatus(OmMetadataReader.java:286) ~[ozone-manager-1.4.0-SNAPSHOT.jar:?]
	at org.apache.hadoop.ozone.om.OzoneManager.getFileStatus(OzoneManager.java:3499) ~[ozone-manager-1.4.0-SNAPSHOT.jar:?]
	at org.apache.hadoop.ozone.protocolPB.OzoneManagerRequestHandler.getOzoneFileStatus(OzoneManagerRequestHandler.java:950) ~[ozone-manager-1.4.0-SNAPSHOT.jar:?]
	at org.apache.hadoop.ozone.protocolPB.OzoneManagerRequestHandler.handleReadRequest(OzoneManagerRequestHandler.java:245) ~[ozone-manager-1.4.0-SNAPSHOT.jar:?]
	at org.apache.hadoop.ozone.protocolPB.OzoneManagerProtocolServerSideTranslatorPB.submitRequestDirectlyToOM(OzoneManagerProtocolServerSideTranslatorPB.java:272) ~[ozone-manager-1.4.0-SNAPSHOT.jar:?]
	at org.apache.hadoop.ozone.protocolPB.OzoneManagerProtocolServerSideTranslatorPB.processRequest(OzoneManagerProtocolServerSideTranslatorPB.java:173) ~[ozone-manager-1.4.0-SNAPSHOT.jar:?]
	at org.apache.hadoop.hdds.server.OzoneProtocolMessageDispatcher.processRequest(OzoneProtocolMessageDispatcher.java:87) [hdds-server-framework-1.4.0-SNAPSHOT.jar:?]
	at org.apache.hadoop.ozone.protocolPB.OzoneManagerProtocolServerSideTranslatorPB.submitRequest(OzoneManagerProtocolServerSideTranslatorPB.java:147) [ozone-manager-1.4.0-SNAPSHOT.jar:?]
	at org.apache.hadoop.ozone.protocol.proto.OzoneManagerProtocolProtos$OzoneManagerService$2.callBlockingMethod(OzoneManagerProtocolProtos.java) [ozone-interface-client-1.4.0-SNAPSHOT.jar:?]
	at org.apache.hadoop.ipc.ProtobufRpcEngine$Server.processCall(ProtobufRpcEngine.java:484) [hadoop-common-3.3.5.jar:?]
	at org.apache.hadoop.ipc.ProtobufRpcEngine2$Server$ProtoBufRpcInvoker.call(ProtobufRpcEngine2.java:595) [hadoop-common-3.3.5.jar:?]
	at org.apache.hadoop.ipc.ProtobufRpcEngine2$Server$ProtoBufRpcInvoker.call(ProtobufRpcEngine2.java:573) [hadoop-common-3.3.5.jar:?]
	at org.apache.hadoop.ipc.RPC$Server.call(RPC.java:1213) [hadoop-common-3.3.5.jar:?]
	at org.apache.hadoop.ipc.Server$RpcCall.run(Server.java:1089) [hadoop-common-3.3.5.jar:?]
	at org.apache.hadoop.ipc.Server$RpcCall.run(Server.java:1012) [hadoop-common-3.3.5.jar:?]
	at java.security.AccessController.doPrivileged(Native Method) ~[?:1.8.0_372]
	at javax.security.auth.Subject.doAs(Subject.java:422) [?:1.8.0_372]
	at org.apache.hadoop.security.UserGroupInformation.doAs(UserGroupInformation.java:1899) [hadoop-common-3.3.5.jar:?]
	at org.apache.hadoop.ipc.Server$Handler.run(Server.java:3026) [hadoop-common-3.3.5.jar:?]
21:37:24.009 [IPC Server handler 13 on default port 15057] ERROR OMAudit - user=runner | ip=127.0.0.1 | op=GET_FILE_STATUS {volume=volume98728, bucket=bucket37020, key=testBatchDelete/parent/child1, dataSize=0, replicationConfig=null} | ret=FAILURE
org.apache.hadoop.ozone.om.exceptions.OMException: Unable to get file status: volume: volume98728 bucket: bucket37020 key: testBatchDelete/parent/child1
	at org.apache.hadoop.ozone.om.KeyManagerImpl.getOzoneFileStatusFSO(KeyManagerImpl.java:1311) ~[ozone-manager-1.4.0-SNAPSHOT.jar:?]
	at org.apache.hadoop.ozone.om.KeyManagerImpl.getFileStatus(KeyManagerImpl.java:1102) ~[ozone-manager-1.4.0-SNAPSHOT.jar:?]
	at org.apache.hadoop.ozone.om.OmMetadataReader.getFileStatus(OmMetadataReader.java:286) ~[ozone-manager-1.4.0-SNAPSHOT.jar:?]
	at org.apache.hadoop.ozone.om.OzoneManager.getFileStatus(OzoneManager.java:3499) ~[ozone-manager-1.4.0-SNAPSHOT.jar:?]
	at org.apache.hadoop.ozone.protocolPB.OzoneManagerRequestHandler.getOzoneFileStatus(OzoneManagerRequestHandler.java:950) ~[ozone-manager-1.4.0-SNAPSHOT.jar:?]
	at org.apache.hadoop.ozone.protocolPB.OzoneManagerRequestHandler.handleReadRequest(OzoneManagerRequestHandler.java:245) ~[ozone-manager-1.4.0-SNAPSHOT.jar:?]
	at org.apache.hadoop.ozone.protocolPB.OzoneManagerProtocolServerSideTranslatorPB.submitRequestDirectlyToOM(OzoneManagerProtocolServerSideTranslatorPB.java:272) ~[ozone-manager-1.4.0-SNAPSHOT.jar:?]
	at org.apache.hadoop.ozone.protocolPB.OzoneManagerProtocolServerSideTranslatorPB.processRequest(OzoneManagerProtocolServerSideTranslatorPB.java:173) ~[ozone-manager-1.4.0-SNAPSHOT.jar:?]
	at org.apache.hadoop.hdds.server.OzoneProtocolMessageDispatcher.processRequest(OzoneProtocolMessageDispatcher.java:87) [hdds-server-framework-1.4.0-SNAPSHOT.jar:?]
	at org.apache.hadoop.ozone.protocolPB.OzoneManagerProtocolServerSideTranslatorPB.submitRequest(OzoneManagerProtocolServerSideTranslatorPB.java:147) [ozone-manager-1.4.0-SNAPSHOT.jar:?]
	at org.apache.hadoop.ozone.protocol.proto.OzoneManagerProtocolProtos$OzoneManagerService$2.callBlockingMethod(OzoneManagerProtocolProtos.java) [ozone-interface-client-1.4.0-SNAPSHOT.jar:?]
	at org.apache.hadoop.ipc.ProtobufRpcEngine$Server.processCall(ProtobufRpcEngine.java:484) [hadoop-common-3.3.5.jar:?]
	at org.apache.hadoop.ipc.ProtobufRpcEngine2$Server$ProtoBufRpcInvoker.call(ProtobufRpcEngine2.java:595) [hadoop-common-3.3.5.jar:?]
	at org.apache.hadoop.ipc.ProtobufRpcEngine2$Server$ProtoBufRpcInvoker.call(ProtobufRpcEngine2.java:573) [hadoop-common-3.3.5.jar:?]
	at org.apache.hadoop.ipc.RPC$Server.call(RPC.java:1213) [hadoop-common-3.3.5.jar:?]
	at org.apache.hadoop.ipc.Server$RpcCall.run(Server.java:1089) [hadoop-common-3.3.5.jar:?]
	at org.apache.hadoop.ipc.Server$RpcCall.run(Server.java:1012) [hadoop-common-3.3.5.jar:?]
	at java.security.AccessController.doPrivileged(Native Method) ~[?:1.8.0_372]
	at javax.security.auth.Subject.doAs(Subject.java:422) [?:1.8.0_372]
	at org.apache.hadoop.security.UserGroupInformation.doAs(UserGroupInformation.java:1899) [hadoop-common-3.3.5.jar:?]
	at org.apache.hadoop.ipc.Server$Handler.run(Server.java:3026) [hadoop-common-3.3.5.jar:?]
21:37:24.010 [IPC Server handler 3 on default port 15057] ERROR OMAudit - user=runner | ip=127.0.0.1 | op=GET_FILE_STATUS {volume=volume98728, bucket=bucket37020, key=testBatchDelete/parent/childFolder/child1, dataSize=0, replicationConfig=null} | ret=FAILURE
org.apache.hadoop.ozone.om.exceptions.OMException: Unable to get file status: volume: volume98728 bucket: bucket37020 key: testBatchDelete/parent/childFolder/child1
	at org.apache.hadoop.ozone.om.KeyManagerImpl.getOzoneFileStatusFSO(KeyManagerImpl.java:1311) ~[ozone-manager-1.4.0-SNAPSHOT.jar:?]
	at org.apache.hadoop.ozone.om.KeyManagerImpl.getFileStatus(KeyManagerImpl.java:1102) ~[ozone-manager-1.4.0-SNAPSHOT.jar:?]
	at org.apache.hadoop.ozone.om.OmMetadataReader.getFileStatus(OmMetadataReader.java:286) ~[ozone-manager-1.4.0-SNAPSHOT.jar:?]
	at org.apache.hadoop.ozone.om.OzoneManager.getFileStatus(OzoneManager.java:3499) ~[ozone-manager-1.4.0-SNAPSHOT.jar:?]
	at org.apache.hadoop.ozone.protocolPB.OzoneManagerRequestHandler.getOzoneFileStatus(OzoneManagerRequestHandler.java:950) ~[ozone-manager-1.4.0-SNAPSHOT.jar:?]
	at org.apache.hadoop.ozone.protocolPB.OzoneManagerRequestHandler.handleReadRequest(OzoneManagerRequestHandler.java:245) ~[ozone-manager-1.4.0-SNAPSHOT.jar:?]
	at org.apache.hadoop.ozone.protocolPB.OzoneManagerProtocolServerSideTranslatorPB.submitRequestDirectlyToOM(OzoneManagerProtocolServerSideTranslatorPB.java:272) ~[ozone-manager-1.4.0-SNAPSHOT.jar:?]
	at org.apache.hadoop.ozone.protocolPB.OzoneManagerProtocolServerSideTranslatorPB.processRequest(OzoneManagerProtocolServerSideTranslatorPB.java:173) ~[ozone-manager-1.4.0-SNAPSHOT.jar:?]
	at org.apache.hadoop.hdds.server.OzoneProtocolMessageDispatcher.processRequest(OzoneProtocolMessageDispatcher.java:87) [hdds-server-framework-1.4.0-SNAPSHOT.jar:?]
	at org.apache.hadoop.ozone.protocolPB.OzoneManagerProtocolServerSideTranslatorPB.submitRequest(OzoneManagerProtocolServerSideTranslatorPB.java:147) [ozone-manager-1.4.0-SNAPSHOT.jar:?]
	at org.apache.hadoop.ozone.protocol.proto.OzoneManagerProtocolProtos$OzoneManagerService$2.callBlockingMethod(OzoneManagerProtocolProtos.java) [ozone-interface-client-1.4.0-SNAPSHOT.jar:?]
	at org.apache.hadoop.ipc.ProtobufRpcEngine$Server.processCall(ProtobufRpcEngine.java:484) [hadoop-common-3.3.5.jar:?]
	at org.apache.hadoop.ipc.ProtobufRpcEngine2$Server$ProtoBufRpcInvoker.call(ProtobufRpcEngine2.java:595) [hadoop-common-3.3.5.jar:?]
	at org.apache.hadoop.ipc.ProtobufRpcEngine2$Server$ProtoBufRpcInvoker.call(ProtobufRpcEngine2.java:573) [hadoop-common-3.3.5.jar:?]
	at org.apache.hadoop.ipc.RPC$Server.call(RPC.java:1213) [hadoop-common-3.3.5.jar:?]
	at org.apache.hadoop.ipc.Server$RpcCall.run(Server.java:1089) [hadoop-common-3.3.5.jar:?]
	at org.apache.hadoop.ipc.Server$RpcCall.run(Server.java:1012) [hadoop-common-3.3.5.jar:?]
	at java.security.AccessController.doPrivileged(Native Method) ~[?:1.8.0_372]
	at javax.security.auth.Subject.doAs(Subject.java:422) [?:1.8.0_372]
	at org.apache.hadoop.security.UserGroupInformation.doAs(UserGroupInformation.java:1899) [hadoop-common-3.3.5.jar:?]
	at org.apache.hadoop.ipc.Server$Handler.run(Server.java:3026) [hadoop-common-3.3.5.jar:?]
21:37:24.011 [IPC Server handler 12 on default port 15057] ERROR OMAudit - user=runner | ip=127.0.0.1 | op=GET_FILE_STATUS {volume=volume98728, bucket=bucket37020, key=testBatchDelete/parent/child2, dataSize=0, replicationConfig=null} | ret=FAILURE
org.apache.hadoop.ozone.om.exceptions.OMException: Unable to get file status: volume: volume98728 bucket: bucket37020 key: testBatchDelete/parent/child2
	at org.apache.hadoop.ozone.om.KeyManagerImpl.getOzoneFileStatusFSO(KeyManagerImpl.java:1311) ~[ozone-manager-1.4.0-SNAPSHOT.jar:?]
	at org.apache.hadoop.ozone.om.KeyManagerImpl.getFileStatus(KeyManagerImpl.java:1102) ~[ozone-manager-1.4.0-SNAPSHOT.jar:?]
	at org.apache.hadoop.ozone.om.OmMetadataReader.getFileStatus(OmMetadataReader.java:286) ~[ozone-manager-1.4.0-SNAPSHOT.jar:?]
	at org.apache.hadoop.ozone.om.OzoneManager.getFileStatus(OzoneManager.java:3499) ~[ozone-manager-1.4.0-SNAPSHOT.jar:?]
	at org.apache.hadoop.ozone.protocolPB.OzoneManagerRequestHandler.getOzoneFileStatus(OzoneManagerRequestHandler.java:950) ~[ozone-manager-1.4.0-SNAPSHOT.jar:?]
	at org.apache.hadoop.ozone.protocolPB.OzoneManagerRequestHandler.handleReadRequest(OzoneManagerRequestHandler.java:245) ~[ozone-manager-1.4.0-SNAPSHOT.jar:?]
	at org.apache.hadoop.ozone.protocolPB.OzoneManagerProtocolServerSideTranslatorPB.submitRequestDirectlyToOM(OzoneManagerProtocolServerSideTranslatorPB.java:272) ~[ozone-manager-1.4.0-SNAPSHOT.jar:?]
	at org.apache.hadoop.ozone.protocolPB.OzoneManagerProtocolServerSideTranslatorPB.processRequest(OzoneManagerProtocolServerSideTranslatorPB.java:173) ~[ozone-manager-1.4.0-SNAPSHOT.jar:?]
	at org.apache.hadoop.hdds.server.OzoneProtocolMessageDispatcher.processRequest(OzoneProtocolMessageDispatcher.java:87) [hdds-server-framework-1.4.0-SNAPSHOT.jar:?]
	at org.apache.hadoop.ozone.protocolPB.OzoneManagerProtocolServerSideTranslatorPB.submitRequest(OzoneManagerProtocolServerSideTranslatorPB.java:147) [ozone-manager-1.4.0-SNAPSHOT.jar:?]
	at org.apache.hadoop.ozone.protocol.proto.OzoneManagerProtocolProtos$OzoneManagerService$2.callBlockingMethod(OzoneManagerProtocolProtos.java) [ozone-interface-client-1.4.0-SNAPSHOT.jar:?]
	at org.apache.hadoop.ipc.ProtobufRpcEngine$Server.processCall(ProtobufRpcEngine.java:484) [hadoop-common-3.3.5.jar:?]
	at org.apache.hadoop.ipc.ProtobufRpcEngine2$Server$ProtoBufRpcInvoker.call(ProtobufRpcEngine2.java:595) [hadoop-common-3.3.5.jar:?]
	at org.apache.hadoop.ipc.ProtobufRpcEngine2$Server$ProtoBufRpcInvoker.call(ProtobufRpcEngine2.java:573) [hadoop-common-3.3.5.jar:?]
	at org.apache.hadoop.ipc.RPC$Server.call(RPC.java:1213) [hadoop-common-3.3.5.jar:?]
	at org.apache.hadoop.ipc.Server$RpcCall.run(Server.java:1089) [hadoop-common-3.3.5.jar:?]
	at org.apache.hadoop.ipc.Server$RpcCall.run(Server.java:1012) [hadoop-common-3.3.5.jar:?]
	at java.security.AccessController.doPrivileged(Native Method) ~[?:1.8.0_372]
	at javax.security.auth.Subject.doAs(Subject.java:422) [?:1.8.0_372]
	at org.apache.hadoop.security.UserGroupInformation.doAs(UserGroupInformation.java:1899) [hadoop-common-3.3.5.jar:?]
	at org.apache.hadoop.ipc.Server$Handler.run(Server.java:3026) [hadoop-common-3.3.5.jar:?]
21:37:24.012 [IPC Server handler 10 on default port 15057] ERROR OMAudit - user=runner | ip=127.0.0.1 | op=GET_FILE_STATUS {volume=volume98728, bucket=bucket37020, key=testBatchDelete/parent/childFolder/child2, dataSize=0, replicationConfig=null} | ret=FAILURE
org.apache.hadoop.ozone.om.exceptions.OMException: Unable to get file status: volume: volume98728 bucket: bucket37020 key: testBatchDelete/parent/childFolder/child2
	at org.apache.hadoop.ozone.om.KeyManagerImpl.getOzoneFileStatusFSO(KeyManagerImpl.java:1311) ~[ozone-manager-1.4.0-SNAPSHOT.jar:?]
	at org.apache.hadoop.ozone.om.KeyManagerImpl.getFileStatus(KeyManagerImpl.java:1102) ~[ozone-manager-1.4.0-SNAPSHOT.jar:?]
	at org.apache.hadoop.ozone.om.OmMetadataReader.getFileStatus(OmMetadataReader.java:286) ~[ozone-manager-1.4.0-SNAPSHOT.jar:?]
	at org.apache.hadoop.ozone.om.OzoneManager.getFileStatus(OzoneManager.java:3499) ~[ozone-manager-1.4.0-SNAPSHOT.jar:?]
	at org.apache.hadoop.ozone.protocolPB.OzoneManagerRequestHandler.getOzoneFileStatus(OzoneManagerRequestHandler.java:950) ~[ozone-manager-1.4.0-SNAPSHOT.jar:?]
	at org.apache.hadoop.ozone.protocolPB.OzoneManagerRequestHandler.handleReadRequest(OzoneManagerRequestHandler.java:245) ~[ozone-manager-1.4.0-SNAPSHOT.jar:?]
	at org.apache.hadoop.ozone.protocolPB.OzoneManagerProtocolServerSideTranslatorPB.submitRequestDirectlyToOM(OzoneManagerProtocolServerSideTranslatorPB.java:272) ~[ozone-manager-1.4.0-SNAPSHOT.jar:?]
	at org.apache.hadoop.ozone.protocolPB.OzoneManagerProtocolServerSideTranslatorPB.processRequest(OzoneManagerProtocolServerSideTranslatorPB.java:173) ~[ozone-manager-1.4.0-SNAPSHOT.jar:?]
	at org.apache.hadoop.hdds.server.OzoneProtocolMessageDispatcher.processRequest(OzoneProtocolMessageDispatcher.java:87) [hdds-server-framework-1.4.0-SNAPSHOT.jar:?]
	at org.apache.hadoop.ozone.protocolPB.OzoneManagerProtocolServerSideTranslatorPB.submitRequest(OzoneManagerProtocolServerSideTranslatorPB.java:147) [ozone-manager-1.4.0-SNAPSHOT.jar:?]
	at org.apache.hadoop.ozone.protocol.proto.OzoneManagerProtocolProtos$OzoneManagerService$2.callBlockingMethod(OzoneManagerProtocolProtos.java) [ozone-interface-client-1.4.0-SNAPSHOT.jar:?]
	at org.apache.hadoop.ipc.ProtobufRpcEngine$Server.processCall(ProtobufRpcEngine.java:484) [hadoop-common-3.3.5.jar:?]
	at org.apache.hadoop.ipc.ProtobufRpcEngine2$Server$ProtoBufRpcInvoker.call(ProtobufRpcEngine2.java:595) [hadoop-common-3.3.5.jar:?]
	at org.apache.hadoop.ipc.ProtobufRpcEngine2$Server$ProtoBufRpcInvoker.call(ProtobufRpcEngine2.java:573) [hadoop-common-3.3.5.jar:?]
	at org.apache.hadoop.ipc.RPC$Server.call(RPC.java:1213) [hadoop-common-3.3.5.jar:?]
	at org.apache.hadoop.ipc.Server$RpcCall.run(Server.java:1089) [hadoop-common-3.3.5.jar:?]
	at org.apache.hadoop.ipc.Server$RpcCall.run(Server.java:1012) [hadoop-common-3.3.5.jar:?]
	at java.security.AccessController.doPrivileged(Native Method) ~[?:1.8.0_372]
	at javax.security.auth.Subject.doAs(Subject.java:422) [?:1.8.0_372]
	at org.apache.hadoop.security.UserGroupInformation.doAs(UserGroupInformation.java:1899) [hadoop-common-3.3.5.jar:?]
	at org.apache.hadoop.ipc.Server$Handler.run(Server.java:3026) [hadoop-common-3.3.5.jar:?]
21:37:24.014 [IPC Server handler 0 on default port 15057] ERROR OMAudit - user=runner | ip=127.0.0.1 | op=GET_FILE_STATUS {volume=volume98728, bucket=bucket37020, key=testBatchDelete/parent/child3, dataSize=0, replicationConfig=null} | ret=FAILURE
org.apache.hadoop.ozone.om.exceptions.OMException: Unable to get file status: volume: volume98728 bucket: bucket37020 key: testBatchDelete/parent/child3
	at org.apache.hadoop.ozone.om.KeyManagerImpl.getOzoneFileStatusFSO(KeyManagerImpl.java:1311) ~[ozone-manager-1.4.0-SNAPSHOT.jar:?]
	at org.apache.hadoop.ozone.om.KeyManagerImpl.getFileStatus(KeyManagerImpl.java:1102) ~[ozone-manager-1.4.0-SNAPSHOT.jar:?]
	at org.apache.hadoop.ozone.om.OmMetadataReader.getFileStatus(OmMetadataReader.java:286) ~[ozone-manager-1.4.0-SNAPSHOT.jar:?]
	at org.apache.hadoop.ozone.om.OzoneManager.getFileStatus(OzoneManager.java:3499) ~[ozone-manager-1.4.0-SNAPSHOT.jar:?]
	at org.apache.hadoop.ozone.protocolPB.OzoneManagerRequestHandler.getOzoneFileStatus(OzoneManagerRequestHandler.java:950) ~[ozone-manager-1.4.0-SNAPSHOT.jar:?]
	at org.apache.hadoop.ozone.protocolPB.OzoneManagerRequestHandler.handleReadRequest(OzoneManagerRequestHandler.java:245) ~[ozone-manager-1.4.0-SNAPSHOT.jar:?]
	at org.apache.hadoop.ozone.protocolPB.OzoneManagerProtocolServerSideTranslatorPB.submitRequestDirectlyToOM(OzoneManagerProtocolServerSideTranslatorPB.java:272) ~[ozone-manager-1.4.0-SNAPSHOT.jar:?]
	at org.apache.hadoop.ozone.protocolPB.OzoneManagerProtocolServerSideTranslatorPB.processRequest(OzoneManagerProtocolServerSideTranslatorPB.java:173) ~[ozone-manager-1.4.0-SNAPSHOT.jar:?]
	at org.apache.hadoop.hdds.server.OzoneProtocolMessageDispatcher.processRequest(OzoneProtocolMessageDispatcher.java:87) [hdds-server-framework-1.4.0-SNAPSHOT.jar:?]
	at org.apache.hadoop.ozone.protocolPB.OzoneManagerProtocolServerSideTranslatorPB.submitRequest(OzoneManagerProtocolServerSideTranslatorPB.java:147) [ozone-manager-1.4.0-SNAPSHOT.jar:?]
	at org.apache.hadoop.ozone.protocol.proto.OzoneManagerProtocolProtos$OzoneManagerService$2.callBlockingMethod(OzoneManagerProtocolProtos.java) [ozone-interface-client-1.4.0-SNAPSHOT.jar:?]
	at org.apache.hadoop.ipc.ProtobufRpcEngine$Server.processCall(ProtobufRpcEngine.java:484) [hadoop-common-3.3.5.jar:?]
	at org.apache.hadoop.ipc.ProtobufRpcEngine2$Server$ProtoBufRpcInvoker.call(ProtobufRpcEngine2.java:595) [hadoop-common-3.3.5.jar:?]
	at org.apache.hadoop.ipc.ProtobufRpcEngine2$Server$ProtoBufRpcInvoker.call(ProtobufRpcEngine2.java:573) [hadoop-common-3.3.5.jar:?]
	at org.apache.hadoop.ipc.RPC$Server.call(RPC.java:1213) [hadoop-common-3.3.5.jar:?]
	at org.apache.hadoop.ipc.Server$RpcCall.run(Server.java:1089) [hadoop-common-3.3.5.jar:?]
	at org.apache.hadoop.ipc.Server$RpcCall.run(Server.java:1012) [hadoop-common-3.3.5.jar:?]
	at java.security.AccessController.doPrivileged(Native Method) ~[?:1.8.0_372]
	at javax.security.auth.Subject.doAs(Subject.java:422) [?:1.8.0_372]
	at org.apache.hadoop.security.UserGroupInformation.doAs(UserGroupInformation.java:1899) [hadoop-common-3.3.5.jar:?]
	at org.apache.hadoop.ipc.Server$Handler.run(Server.java:3026) [hadoop-common-3.3.5.jar:?]
21:37:24.018 [IPC Server handler 2 on default port 15057] ERROR OMAudit - user=runner | ip=127.0.0.1 | op=GET_FILE_STATUS {volume=volume98728, bucket=bucket37020, key=testBatchDelete/parent/childFolder/child3, dataSize=0, replicationConfig=null} | ret=FAILURE
org.apache.hadoop.ozone.om.exceptions.OMException: Unable to get file status: volume: volume98728 bucket: bucket37020 key: testBatchDelete/parent/childFolder/child3
	at org.apache.hadoop.ozone.om.KeyManagerImpl.getOzoneFileStatusFSO(KeyManagerImpl.java:1311) ~[ozone-manager-1.4.0-SNAPSHOT.jar:?]
	at org.apache.hadoop.ozone.om.KeyManagerImpl.getFileStatus(KeyManagerImpl.java:1102) ~[ozone-manager-1.4.0-SNAPSHOT.jar:?]
	at org.apache.hadoop.ozone.om.OmMetadataReader.getFileStatus(OmMetadataReader.java:286) ~[ozone-manager-1.4.0-SNAPSHOT.jar:?]
	at org.apache.hadoop.ozone.om.OzoneManager.getFileStatus(OzoneManager.java:3499) ~[ozone-manager-1.4.0-SNAPSHOT.jar:?]
	at org.apache.hadoop.ozone.protocolPB.OzoneManagerRequestHandler.getOzoneFileStatus(OzoneManagerRequestHandler.java:950) ~[ozone-manager-1.4.0-SNAPSHOT.jar:?]
	at org.apache.hadoop.ozone.protocolPB.OzoneManagerRequestHandler.handleReadRequest(OzoneManagerRequestHandler.java:245) ~[ozone-manager-1.4.0-SNAPSHOT.jar:?]
	at org.apache.hadoop.ozone.protocolPB.OzoneManagerProtocolServerSideTranslatorPB.submitRequestDirectlyToOM(OzoneManagerProtocolServerSideTranslatorPB.java:272) ~[ozone-manager-1.4.0-SNAPSHOT.jar:?]
	at org.apache.hadoop.ozone.protocolPB.OzoneManagerProtocolServerSideTranslatorPB.processRequest(OzoneManagerProtocolServerSideTranslatorPB.java:173) ~[ozone-manager-1.4.0-SNAPSHOT.jar:?]
	at org.apache.hadoop.hdds.server.OzoneProtocolMessageDispatcher.processRequest(OzoneProtocolMessageDispatcher.java:87) [hdds-server-framework-1.4.0-SNAPSHOT.jar:?]
	at org.apache.hadoop.ozone.protocolPB.OzoneManagerProtocolServerSideTranslatorPB.submitRequest(OzoneManagerProtocolServerSideTranslatorPB.java:147) [ozone-manager-1.4.0-SNAPSHOT.jar:?]
	at org.apache.hadoop.ozone.protocol.proto.OzoneManagerProtocolProtos$OzoneManagerService$2.callBlockingMethod(OzoneManagerProtocolProtos.java) [ozone-interface-client-1.4.0-SNAPSHOT.jar:?]
	at org.apache.hadoop.ipc.ProtobufRpcEngine$Server.processCall(ProtobufRpcEngine.java:484) [hadoop-common-3.3.5.jar:?]
	at org.apache.hadoop.ipc.ProtobufRpcEngine2$Server$ProtoBufRpcInvoker.call(ProtobufRpcEngine2.java:595) [hadoop-common-3.3.5.jar:?]
	at org.apache.hadoop.ipc.ProtobufRpcEngine2$Server$ProtoBufRpcInvoker.call(ProtobufRpcEngine2.java:573) [hadoop-common-3.3.5.jar:?]
	at org.apache.hadoop.ipc.RPC$Server.call(RPC.java:1213) [hadoop-common-3.3.5.jar:?]
	at org.apache.hadoop.ipc.Server$RpcCall.run(Server.java:1089) [hadoop-common-3.3.5.jar:?]
	at org.apache.hadoop.ipc.Server$RpcCall.run(Server.java:1012) [hadoop-common-3.3.5.jar:?]
	at java.security.AccessController.doPrivileged(Native Method) ~[?:1.8.0_372]
	at javax.security.auth.Subject.doAs(Subject.java:422) [?:1.8.0_372]
	at org.apache.hadoop.security.UserGroupInformation.doAs(UserGroupInformation.java:1899) [hadoop-common-3.3.5.jar:?]
	at org.apache.hadoop.ipc.Server$Handler.run(Server.java:3026) [hadoop-common-3.3.5.jar:?]
21:37:24.020 [IPC Server handler 7 on default port 15057] ERROR OMAudit - user=runner | ip=127.0.0.1 | op=GET_FILE_STATUS {volume=volume98728, bucket=bucket37020, key=testBatchDelete/parent/child4, dataSize=0, replicationConfig=null} | ret=FAILURE
org.apache.hadoop.ozone.om.exceptions.OMException: Unable to get file status: volume: volume98728 bucket: bucket37020 key: testBatchDelete/parent/child4
	at org.apache.hadoop.ozone.om.KeyManagerImpl.getOzoneFileStatusFSO(KeyManagerImpl.java:1311) ~[ozone-manager-1.4.0-SNAPSHOT.jar:?]
	at org.apache.hadoop.ozone.om.KeyManagerImpl.getFileStatus(KeyManagerImpl.java:1102) ~[ozone-manager-1.4.0-SNAPSHOT.jar:?]
	at org.apache.hadoop.ozone.om.OmMetadataReader.getFileStatus(OmMetadataReader.java:286) ~[ozone-manager-1.4.0-SNAPSHOT.jar:?]
	at org.apache.hadoop.ozone.om.OzoneManager.getFileStatus(OzoneManager.java:3499) ~[ozone-manager-1.4.0-SNAPSHOT.jar:?]
	at org.apache.hadoop.ozone.protocolPB.OzoneManagerRequestHandler.getOzoneFileStatus(OzoneManagerRequestHandler.java:950) ~[ozone-manager-1.4.0-SNAPSHOT.jar:?]
	at org.apache.hadoop.ozone.protocolPB.OzoneManagerRequestHandler.handleReadRequest(OzoneManagerRequestHandler.java:245) ~[ozone-manager-1.4.0-SNAPSHOT.jar:?]
	at org.apache.hadoop.ozone.protocolPB.OzoneManagerProtocolServerSideTranslatorPB.submitRequestDirectlyToOM(OzoneManagerProtocolServerSideTranslatorPB.java:272) ~[ozone-manager-1.4.0-SNAPSHOT.jar:?]
	at org.apache.hadoop.ozone.protocolPB.OzoneManagerProtocolServerSideTranslatorPB.processRequest(OzoneManagerProtocolServerSideTranslatorPB.java:173) ~[ozone-manager-1.4.0-SNAPSHOT.jar:?]
	at org.apache.hadoop.hdds.server.OzoneProtocolMessageDispatcher.processRequest(OzoneProtocolMessageDispatcher.java:87) [hdds-server-framework-1.4.0-SNAPSHOT.jar:?]
	at org.apache.hadoop.ozone.protocolPB.OzoneManagerProtocolServerSideTranslatorPB.submitRequest(OzoneManagerProtocolServerSideTranslatorPB.java:147) [ozone-manager-1.4.0-SNAPSHOT.jar:?]
	at org.apache.hadoop.ozone.protocol.proto.OzoneManagerProtocolProtos$OzoneManagerService$2.callBlockingMethod(OzoneManagerProtocolProtos.java) [ozone-interface-client-1.4.0-SNAPSHOT.jar:?]
	at org.apache.hadoop.ipc.ProtobufRpcEngine$Server.processCall(ProtobufRpcEngine.java:484) [hadoop-common-3.3.5.jar:?]
	at org.apache.hadoop.ipc.ProtobufRpcEngine2$Server$ProtoBufRpcInvoker.call(ProtobufRpcEngine2.java:595) [hadoop-common-3.3.5.jar:?]
	at org.apache.hadoop.ipc.ProtobufRpcEngine2$Server$ProtoBufRpcInvoker.call(ProtobufRpcEngine2.java:573) [hadoop-common-3.3.5.jar:?]
	at org.apache.hadoop.ipc.RPC$Server.call(RPC.java:1213) [hadoop-common-3.3.5.jar:?]
	at org.apache.hadoop.ipc.Server$RpcCall.run(Server.java:1089) [hadoop-common-3.3.5.jar:?]
	at org.apache.hadoop.ipc.Server$RpcCall.run(Server.java:1012) [hadoop-common-3.3.5.jar:?]
	at java.security.AccessController.doPrivileged(Native Method) ~[?:1.8.0_372]
	at javax.security.auth.Subject.doAs(Subject.java:422) [?:1.8.0_372]
	at org.apache.hadoop.security.UserGroupInformation.doAs(UserGroupInformation.java:1899) [hadoop-common-3.3.5.jar:?]
	at org.apache.hadoop.ipc.Server$Handler.run(Server.java:3026) [hadoop-common-3.3.5.jar:?]
21:37:24.021 [IPC Server handler 19 on default port 15057] ERROR OMAudit - user=runner | ip=127.0.0.1 | op=GET_FILE_STATUS {volume=volume98728, bucket=bucket37020, key=testBatchDelete/parent/childFolder/child4, dataSize=0, replicationConfig=null} | ret=FAILURE
org.apache.hadoop.ozone.om.exceptions.OMException: Unable to get file status: volume: volume98728 bucket: bucket37020 key: testBatchDelete/parent/childFolder/child4
	at org.apache.hadoop.ozone.om.KeyManagerImpl.getOzoneFileStatusFSO(KeyManagerImpl.java:1311) ~[ozone-manager-1.4.0-SNAPSHOT.jar:?]
	at org.apache.hadoop.ozone.om.KeyManagerImpl.getFileStatus(KeyManagerImpl.java:1102) ~[ozone-manager-1.4.0-SNAPSHOT.jar:?]
	at org.apache.hadoop.ozone.om.OmMetadataReader.getFileStatus(OmMetadataReader.java:286) ~[ozone-manager-1.4.0-SNAPSHOT.jar:?]
	at org.apache.hadoop.ozone.om.OzoneManager.getFileStatus(OzoneManager.java:3499) ~[ozone-manager-1.4.0-SNAPSHOT.jar:?]
	at org.apache.hadoop.ozone.protocolPB.OzoneManagerRequestHandler.getOzoneFileStatus(OzoneManagerRequestHandler.java:950) ~[ozone-manager-1.4.0-SNAPSHOT.jar:?]
	at org.apache.hadoop.ozone.protocolPB.OzoneManagerRequestHandler.handleReadRequest(OzoneManagerRequestHandler.java:245) ~[ozone-manager-1.4.0-SNAPSHOT.jar:?]
	at org.apache.hadoop.ozone.protocolPB.OzoneManagerProtocolServerSideTranslatorPB.submitRequestDirectlyToOM(OzoneManagerProtocolServerSideTranslatorPB.java:272) ~[ozone-manager-1.4.0-SNAPSHOT.jar:?]
	at org.apache.hadoop.ozone.protocolPB.OzoneManagerProtocolServerSideTranslatorPB.processRequest(OzoneManagerProtocolServerSideTranslatorPB.java:173) ~[ozone-manager-1.4.0-SNAPSHOT.jar:?]
	at org.apache.hadoop.hdds.server.OzoneProtocolMessageDispatcher.processRequest(OzoneProtocolMessageDispatcher.java:87) [hdds-server-framework-1.4.0-SNAPSHOT.jar:?]
	at org.apache.hadoop.ozone.protocolPB.OzoneManagerProtocolServerSideTranslatorPB.submitRequest(OzoneManagerProtocolServerSideTranslatorPB.java:147) [ozone-manager-1.4.0-SNAPSHOT.jar:?]
	at org.apache.hadoop.ozone.protocol.proto.OzoneManagerProtocolProtos$OzoneManagerService$2.callBlockingMethod(OzoneManagerProtocolProtos.java) [ozone-interface-client-1.4.0-SNAPSHOT.jar:?]
	at org.apache.hadoop.ipc.ProtobufRpcEngine$Server.processCall(ProtobufRpcEngine.java:484) [hadoop-common-3.3.5.jar:?]
	at org.apache.hadoop.ipc.ProtobufRpcEngine2$Server$ProtoBufRpcInvoker.call(ProtobufRpcEngine2.java:595) [hadoop-common-3.3.5.jar:?]
	at org.apache.hadoop.ipc.ProtobufRpcEngine2$Server$ProtoBufRpcInvoker.call(ProtobufRpcEngine2.java:573) [hadoop-common-3.3.5.jar:?]
	at org.apache.hadoop.ipc.RPC$Server.call(RPC.java:1213) [hadoop-common-3.3.5.jar:?]
	at org.apache.hadoop.ipc.Server$RpcCall.run(Server.java:1089) [hadoop-common-3.3.5.jar:?]
	at org.apache.hadoop.ipc.Server$RpcCall.run(Server.java:1012) [hadoop-common-3.3.5.jar:?]
	at java.security.AccessController.doPrivileged(Native Method) ~[?:1.8.0_372]
	at javax.security.auth.Subject.doAs(Subject.java:422) [?:1.8.0_372]
	at org.apache.hadoop.security.UserGroupInformation.doAs(UserGroupInformation.java:1899) [hadoop-common-3.3.5.jar:?]
	at org.apache.hadoop.ipc.Server$Handler.run(Server.java:3026) [hadoop-common-3.3.5.jar:?]
21:37:24.022 [IPC Server handler 16 on default port 15057] ERROR OMAudit - user=runner | ip=127.0.0.1 | op=GET_FILE_STATUS {volume=volume98728, bucket=bucket37020, key=testBatchDelete/parent/child5, dataSize=0, replicationConfig=null} | ret=FAILURE
org.apache.hadoop.ozone.om.exceptions.OMException: Unable to get file status: volume: volume98728 bucket: bucket37020 key: testBatchDelete/parent/child5
	at org.apache.hadoop.ozone.om.KeyManagerImpl.getOzoneFileStatusFSO(KeyManagerImpl.java:1311) ~[ozone-manager-1.4.0-SNAPSHOT.jar:?]
	at org.apache.hadoop.ozone.om.KeyManagerImpl.getFileStatus(KeyManagerImpl.java:1102) ~[ozone-manager-1.4.0-SNAPSHOT.jar:?]
	at org.apache.hadoop.ozone.om.OmMetadataReader.getFileStatus(OmMetadataReader.java:286) ~[ozone-manager-1.4.0-SNAPSHOT.jar:?]
	at org.apache.hadoop.ozone.om.OzoneManager.getFileStatus(OzoneManager.java:3499) ~[ozone-manager-1.4.0-SNAPSHOT.jar:?]
	at org.apache.hadoop.ozone.protocolPB.OzoneManagerRequestHandler.getOzoneFileStatus(OzoneManagerRequestHandler.java:950) ~[ozone-manager-1.4.0-SNAPSHOT.jar:?]
	at org.apache.hadoop.ozone.protocolPB.OzoneManagerRequestHandler.handleReadRequest(OzoneManagerRequestHandler.java:245) ~[ozone-manager-1.4.0-SNAPSHOT.jar:?]
	at org.apache.hadoop.ozone.protocolPB.OzoneManagerProtocolServerSideTranslatorPB.submitRequestDirectlyToOM(OzoneManagerProtocolServerSideTranslatorPB.java:272) ~[ozone-manager-1.4.0-SNAPSHOT.jar:?]
	at org.apache.hadoop.ozone.protocolPB.OzoneManagerProtocolServerSideTranslatorPB.processRequest(OzoneManagerProtocolServerSideTranslatorPB.java:173) ~[ozone-manager-1.4.0-SNAPSHOT.jar:?]
	at org.apache.hadoop.hdds.server.OzoneProtocolMessageDispatcher.processRequest(OzoneProtocolMessageDispatcher.java:87) [hdds-server-framework-1.4.0-SNAPSHOT.jar:?]
	at org.apache.hadoop.ozone.protocolPB.OzoneManagerProtocolServerSideTranslatorPB.submitRequest(OzoneManagerProtocolServerSideTranslatorPB.java:147) [ozone-manager-1.4.0-SNAPSHOT.jar:?]
	at org.apache.hadoop.ozone.protocol.proto.OzoneManagerProtocolProtos$OzoneManagerService$2.callBlockingMethod(OzoneManagerProtocolProtos.java) [ozone-interface-client-1.4.0-SNAPSHOT.jar:?]
	at org.apache.hadoop.ipc.ProtobufRpcEngine$Server.processCall(ProtobufRpcEngine.java:484) [hadoop-common-3.3.5.jar:?]
	at org.apache.hadoop.ipc.ProtobufRpcEngine2$Server$ProtoBufRpcInvoker.call(ProtobufRpcEngine2.java:595) [hadoop-common-3.3.5.jar:?]
	at org.apache.hadoop.ipc.ProtobufRpcEngine2$Server$ProtoBufRpcInvoker.call(ProtobufRpcEngine2.java:573) [hadoop-common-3.3.5.jar:?]
	at org.apache.hadoop.ipc.RPC$Server.call(RPC.java:1213) [hadoop-common-3.3.5.jar:?]
	at org.apache.hadoop.ipc.Server$RpcCall.run(Server.java:1089) [hadoop-common-3.3.5.jar:?]
	at org.apache.hadoop.ipc.Server$RpcCall.run(Server.java:1012) [hadoop-common-3.3.5.jar:?]
	at java.security.AccessController.doPrivileged(Native Method) ~[?:1.8.0_372]
	at javax.security.auth.Subject.doAs(Subject.java:422) [?:1.8.0_372]
	at org.apache.hadoop.security.UserGroupInformation.doAs(UserGroupInformation.java:1899) [hadoop-common-3.3.5.jar:?]
	at org.apache.hadoop.ipc.Server$Handler.run(Server.java:3026) [hadoop-common-3.3.5.jar:?]
21:37:24.024 [IPC Server handler 6 on default port 15057] ERROR OMAudit - user=runner | ip=127.0.0.1 | op=GET_FILE_STATUS {volume=volume98728, bucket=bucket37020, key=testBatchDelete/parent/childFolder/child5, dataSize=0, replicationConfig=null} | ret=FAILURE
org.apache.hadoop.ozone.om.exceptions.OMException: Unable to get file status: volume: volume98728 bucket: bucket37020 key: testBatchDelete/parent/childFolder/child5
	at org.apache.hadoop.ozone.om.KeyManagerImpl.getOzoneFileStatusFSO(KeyManagerImpl.java:1311) ~[ozone-manager-1.4.0-SNAPSHOT.jar:?]
	at org.apache.hadoop.ozone.om.KeyManagerImpl.getFileStatus(KeyManagerImpl.java:1102) ~[ozone-manager-1.4.0-SNAPSHOT.jar:?]
	at org.apache.hadoop.ozone.om.OmMetadataReader.getFileStatus(OmMetadataReader.java:286) ~[ozone-manager-1.4.0-SNAPSHOT.jar:?]
	at org.apache.hadoop.ozone.om.OzoneManager.getFileStatus(OzoneManager.java:3499) ~[ozone-manager-1.4.0-SNAPSHOT.jar:?]
	at org.apache.hadoop.ozone.protocolPB.OzoneManagerRequestHandler.getOzoneFileStatus(OzoneManagerRequestHandler.java:950) ~[ozone-manager-1.4.0-SNAPSHOT.jar:?]
	at org.apache.hadoop.ozone.protocolPB.OzoneManagerRequestHandler.handleReadRequest(OzoneManagerRequestHandler.java:245) ~[ozone-manager-1.4.0-SNAPSHOT.jar:?]
	at org.apache.hadoop.ozone.protocolPB.OzoneManagerProtocolServerSideTranslatorPB.submitRequestDirectlyToOM(OzoneManagerProtocolServerSideTranslatorPB.java:272) ~[ozone-manager-1.4.0-SNAPSHOT.jar:?]
	at org.apache.hadoop.ozone.protocolPB.OzoneManagerProtocolServerSideTranslatorPB.processRequest(OzoneManagerProtocolServerSideTranslatorPB.java:173) ~[ozone-manager-1.4.0-SNAPSHOT.jar:?]
	at org.apache.hadoop.hdds.server.OzoneProtocolMessageDispatcher.processRequest(OzoneProtocolMessageDispatcher.java:87) [hdds-server-framework-1.4.0-SNAPSHOT.jar:?]
	at org.apache.hadoop.ozone.protocolPB.OzoneManagerProtocolServerSideTranslatorPB.submitRequest(OzoneManagerProtocolServerSideTranslatorPB.java:147) [ozone-manager-1.4.0-SNAPSHOT.jar:?]
	at org.apache.hadoop.ozone.protocol.proto.OzoneManagerProtocolProtos$OzoneManagerService$2.callBlockingMethod(OzoneManagerProtocolProtos.java) [ozone-interface-client-1.4.0-SNAPSHOT.jar:?]
	at org.apache.hadoop.ipc.ProtobufRpcEngine$Server.processCall(ProtobufRpcEngine.java:484) [hadoop-common-3.3.5.jar:?]
	at org.apache.hadoop.ipc.ProtobufRpcEngine2$Server$ProtoBufRpcInvoker.call(ProtobufRpcEngine2.java:595) [hadoop-common-3.3.5.jar:?]
	at org.apache.hadoop.ipc.ProtobufRpcEngine2$Server$ProtoBufRpcInvoker.call(ProtobufRpcEngine2.java:573) [hadoop-common-3.3.5.jar:?]
	at org.apache.hadoop.ipc.RPC$Server.call(RPC.java:1213) [hadoop-common-3.3.5.jar:?]
	at org.apache.hadoop.ipc.Server$RpcCall.run(Server.java:1089) [hadoop-common-3.3.5.jar:?]
	at org.apache.hadoop.ipc.Server$RpcCall.run(Server.java:1012) [hadoop-common-3.3.5.jar:?]
	at java.security.AccessController.doPrivileged(Native Method) ~[?:1.8.0_372]
	at javax.security.auth.Subject.doAs(Subject.java:422) [?:1.8.0_372]
	at org.apache.hadoop.security.UserGroupInformation.doAs(UserGroupInformation.java:1899) [hadoop-common-3.3.5.jar:?]
	at org.apache.hadoop.ipc.Server$Handler.run(Server.java:3026) [hadoop-common-3.3.5.jar:?]
21:37:24.025 [IPC Server handler 13 on default port 15057] ERROR OMAudit - user=runner | ip=127.0.0.1 | op=GET_FILE_STATUS {volume=volume98728, bucket=bucket37020, key=testBatchDelete/parent/child6, dataSize=0, replicationConfig=null} | ret=FAILURE
org.apache.hadoop.ozone.om.exceptions.OMException: Unable to get file status: volume: volume98728 bucket: bucket37020 key: testBatchDelete/parent/child6
	at org.apache.hadoop.ozone.om.KeyManagerImpl.getOzoneFileStatusFSO(KeyManagerImpl.java:1311) ~[ozone-manager-1.4.0-SNAPSHOT.jar:?]
	at org.apache.hadoop.ozone.om.KeyManagerImpl.getFileStatus(KeyManagerImpl.java:1102) ~[ozone-manager-1.4.0-SNAPSHOT.jar:?]
	at org.apache.hadoop.ozone.om.OmMetadataReader.getFileStatus(OmMetadataReader.java:286) ~[ozone-manager-1.4.0-SNAPSHOT.jar:?]
	at org.apache.hadoop.ozone.om.OzoneManager.getFileStatus(OzoneManager.java:3499) ~[ozone-manager-1.4.0-SNAPSHOT.jar:?]
	at org.apache.hadoop.ozone.protocolPB.OzoneManagerRequestHandler.getOzoneFileStatus(OzoneManagerRequestHandler.java:950) ~[ozone-manager-1.4.0-SNAPSHOT.jar:?]
	at org.apache.hadoop.ozone.protocolPB.OzoneManagerRequestHandler.handleReadRequest(OzoneManagerRequestHandler.java:245) ~[ozone-manager-1.4.0-SNAPSHOT.jar:?]
	at org.apache.hadoop.ozone.protocolPB.OzoneManagerProtocolServerSideTranslatorPB.submitRequestDirectlyToOM(OzoneManagerProtocolServerSideTranslatorPB.java:272) ~[ozone-manager-1.4.0-SNAPSHOT.jar:?]
	at org.apache.hadoop.ozone.protocolPB.OzoneManagerProtocolServerSideTranslatorPB.processRequest(OzoneManagerProtocolServerSideTranslatorPB.java:173) ~[ozone-manager-1.4.0-SNAPSHOT.jar:?]
	at org.apache.hadoop.hdds.server.OzoneProtocolMessageDispatcher.processRequest(OzoneProtocolMessageDispatcher.java:87) [hdds-server-framework-1.4.0-SNAPSHOT.jar:?]
	at org.apache.hadoop.ozone.protocolPB.OzoneManagerProtocolServerSideTranslatorPB.submitRequest(OzoneManagerProtocolServerSideTranslatorPB.java:147) [ozone-manager-1.4.0-SNAPSHOT.jar:?]
	at org.apache.hadoop.ozone.protocol.proto.OzoneManagerProtocolProtos$OzoneManagerService$2.callBlockingMethod(OzoneManagerProtocolProtos.java) [ozone-interface-client-1.4.0-SNAPSHOT.jar:?]
	at org.apache.hadoop.ipc.ProtobufRpcEngine$Server.processCall(ProtobufRpcEngine.java:484) [hadoop-common-3.3.5.jar:?]
	at org.apache.hadoop.ipc.ProtobufRpcEngine2$Server$ProtoBufRpcInvoker.call(ProtobufRpcEngine2.java:595) [hadoop-common-3.3.5.jar:?]
	at org.apache.hadoop.ipc.ProtobufRpcEngine2$Server$ProtoBufRpcInvoker.call(ProtobufRpcEngine2.java:573) [hadoop-common-3.3.5.jar:?]
	at org.apache.hadoop.ipc.RPC$Server.call(RPC.java:1213) [hadoop-common-3.3.5.jar:?]
	at org.apache.hadoop.ipc.Server$RpcCall.run(Server.java:1089) [hadoop-common-3.3.5.jar:?]
	at org.apache.hadoop.ipc.Server$RpcCall.run(Server.java:1012) [hadoop-common-3.3.5.jar:?]
	at java.security.AccessController.doPrivileged(Native Method) ~[?:1.8.0_372]
	at javax.security.auth.Subject.doAs(Subject.java:422) [?:1.8.0_372]
	at org.apache.hadoop.security.UserGroupInformation.doAs(UserGroupInformation.java:1899) [hadoop-common-3.3.5.jar:?]
	at org.apache.hadoop.ipc.Server$Handler.run(Server.java:3026) [hadoop-common-3.3.5.jar:?]
21:37:24.026 [IPC Server handler 3 on default port 15057] ERROR OMAudit - user=runner | ip=127.0.0.1 | op=GET_FILE_STATUS {volume=volume98728, bucket=bucket37020, key=testBatchDelete/parent/childFolder/child6, dataSize=0, replicationConfig=null} | ret=FAILURE
org.apache.hadoop.ozone.om.exceptions.OMException: Unable to get file status: volume: volume98728 bucket: bucket37020 key: testBatchDelete/parent/childFolder/child6
	at org.apache.hadoop.ozone.om.KeyManagerImpl.getOzoneFileStatusFSO(KeyManagerImpl.java:1311) ~[ozone-manager-1.4.0-SNAPSHOT.jar:?]
	at org.apache.hadoop.ozone.om.KeyManagerImpl.getFileStatus(KeyManagerImpl.java:1102) ~[ozone-manager-1.4.0-SNAPSHOT.jar:?]
	at org.apache.hadoop.ozone.om.OmMetadataReader.getFileStatus(OmMetadataReader.java:286) ~[ozone-manager-1.4.0-SNAPSHOT.jar:?]
	at org.apache.hadoop.ozone.om.OzoneManager.getFileStatus(OzoneManager.java:3499) ~[ozone-manager-1.4.0-SNAPSHOT.jar:?]
	at org.apache.hadoop.ozone.protocolPB.OzoneManagerRequestHandler.getOzoneFileStatus(OzoneManagerRequestHandler.java:950) ~[ozone-manager-1.4.0-SNAPSHOT.jar:?]
	at org.apache.hadoop.ozone.protocolPB.OzoneManagerRequestHandler.handleReadRequest(OzoneManagerRequestHandler.java:245) ~[ozone-manager-1.4.0-SNAPSHOT.jar:?]
	at org.apache.hadoop.ozone.protocolPB.OzoneManagerProtocolServerSideTranslatorPB.submitRequestDirectlyToOM(OzoneManagerProtocolServerSideTranslatorPB.java:272) ~[ozone-manager-1.4.0-SNAPSHOT.jar:?]
	at org.apache.hadoop.ozone.protocolPB.OzoneManagerProtocolServerSideTranslatorPB.processRequest(OzoneManagerProtocolServerSideTranslatorPB.java:173) ~[ozone-manager-1.4.0-SNAPSHOT.jar:?]
	at org.apache.hadoop.hdds.server.OzoneProtocolMessageDispatcher.processRequest(OzoneProtocolMessageDispatcher.java:87) [hdds-server-framework-1.4.0-SNAPSHOT.jar:?]
	at org.apache.hadoop.ozone.protocolPB.OzoneManagerProtocolServerSideTranslatorPB.submitRequest(OzoneManagerProtocolServerSideTranslatorPB.java:147) [ozone-manager-1.4.0-SNAPSHOT.jar:?]
	at org.apache.hadoop.ozone.protocol.proto.OzoneManagerProtocolProtos$OzoneManagerService$2.callBlockingMethod(OzoneManagerProtocolProtos.java) [ozone-interface-client-1.4.0-SNAPSHOT.jar:?]
	at org.apache.hadoop.ipc.ProtobufRpcEngine$Server.processCall(ProtobufRpcEngine.java:484) [hadoop-common-3.3.5.jar:?]
	at org.apache.hadoop.ipc.ProtobufRpcEngine2$Server$ProtoBufRpcInvoker.call(ProtobufRpcEngine2.java:595) [hadoop-common-3.3.5.jar:?]
	at org.apache.hadoop.ipc.ProtobufRpcEngine2$Server$ProtoBufRpcInvoker.call(ProtobufRpcEngine2.java:573) [hadoop-common-3.3.5.jar:?]
	at org.apache.hadoop.ipc.RPC$Server.call(RPC.java:1213) [hadoop-common-3.3.5.jar:?]
	at org.apache.hadoop.ipc.Server$RpcCall.run(Server.java:1089) [hadoop-common-3.3.5.jar:?]
	at org.apache.hadoop.ipc.Server$RpcCall.run(Server.java:1012) [hadoop-common-3.3.5.jar:?]
	at java.security.AccessController.doPrivileged(Native Method) ~[?:1.8.0_372]
	at javax.security.auth.Subject.doAs(Subject.java:422) [?:1.8.0_372]
	at org.apache.hadoop.security.UserGroupInformation.doAs(UserGroupInformation.java:1899) [hadoop-common-3.3.5.jar:?]
	at org.apache.hadoop.ipc.Server$Handler.run(Server.java:3026) [hadoop-common-3.3.5.jar:?]
21:37:24.029 [IPC Server handler 12 on default port 15057] ERROR OMAudit - user=runner | ip=127.0.0.1 | op=GET_FILE_STATUS {volume=volume98728, bucket=bucket37020, key=testBatchDelete/parent/child7, dataSize=0, replicationConfig=null} | ret=FAILURE
org.apache.hadoop.ozone.om.exceptions.OMException: Unable to get file status: volume: volume98728 bucket: bucket37020 key: testBatchDelete/parent/child7
	at org.apache.hadoop.ozone.om.KeyManagerImpl.getOzoneFileStatusFSO(KeyManagerImpl.java:1311) ~[ozone-manager-1.4.0-SNAPSHOT.jar:?]
	at org.apache.hadoop.ozone.om.KeyManagerImpl.getFileStatus(KeyManagerImpl.java:1102) ~[ozone-manager-1.4.0-SNAPSHOT.jar:?]
	at org.apache.hadoop.ozone.om.OmMetadataReader.getFileStatus(OmMetadataReader.java:286) ~[ozone-manager-1.4.0-SNAPSHOT.jar:?]
	at org.apache.hadoop.ozone.om.OzoneManager.getFileStatus(OzoneManager.java:3499) ~[ozone-manager-1.4.0-SNAPSHOT.jar:?]
	at org.apache.hadoop.ozone.protocolPB.OzoneManagerRequestHandler.getOzoneFileStatus(OzoneManagerRequestHandler.java:950) ~[ozone-manager-1.4.0-SNAPSHOT.jar:?]
	at org.apache.hadoop.ozone.protocolPB.OzoneManagerRequestHandler.handleReadRequest(OzoneManagerRequestHandler.java:245) ~[ozone-manager-1.4.0-SNAPSHOT.jar:?]
	at org.apache.hadoop.ozone.protocolPB.OzoneManagerProtocolServerSideTranslatorPB.submitRequestDirectlyToOM(OzoneManagerProtocolServerSideTranslatorPB.java:272) ~[ozone-manager-1.4.0-SNAPSHOT.jar:?]
	at org.apache.hadoop.ozone.protocolPB.OzoneManagerProtocolServerSideTranslatorPB.processRequest(OzoneManagerProtocolServerSideTranslatorPB.java:173) ~[ozone-manager-1.4.0-SNAPSHOT.jar:?]
	at org.apache.hadoop.hdds.server.OzoneProtocolMessageDispatcher.processRequest(OzoneProtocolMessageDispatcher.java:87) [hdds-server-framework-1.4.0-SNAPSHOT.jar:?]
	at org.apache.hadoop.ozone.protocolPB.OzoneManagerProtocolServerSideTranslatorPB.submitRequest(OzoneManagerProtocolServerSideTranslatorPB.java:147) [ozone-manager-1.4.0-SNAPSHOT.jar:?]
	at org.apache.hadoop.ozone.protocol.proto.OzoneManagerProtocolProtos$OzoneManagerService$2.callBlockingMethod(OzoneManagerProtocolProtos.java) [ozone-interface-client-1.4.0-SNAPSHOT.jar:?]
	at org.apache.hadoop.ipc.ProtobufRpcEngine$Server.processCall(ProtobufRpcEngine.java:484) [hadoop-common-3.3.5.jar:?]
	at org.apache.hadoop.ipc.ProtobufRpcEngine2$Server$ProtoBufRpcInvoker.call(ProtobufRpcEngine2.java:595) [hadoop-common-3.3.5.jar:?]
	at org.apache.hadoop.ipc.ProtobufRpcEngine2$Server$ProtoBufRpcInvoker.call(ProtobufRpcEngine2.java:573) [hadoop-common-3.3.5.jar:?]
	at org.apache.hadoop.ipc.RPC$Server.call(RPC.java:1213) [hadoop-common-3.3.5.jar:?]
	at org.apache.hadoop.ipc.Server$RpcCall.run(Server.java:1089) [hadoop-common-3.3.5.jar:?]
	at org.apache.hadoop.ipc.Server$RpcCall.run(Server.java:1012) [hadoop-common-3.3.5.jar:?]
	at java.security.AccessController.doPrivileged(Native Method) ~[?:1.8.0_372]
	at javax.security.auth.Subject.doAs(Subject.java:422) [?:1.8.0_372]
	at org.apache.hadoop.security.UserGroupInformation.doAs(UserGroupInformation.java:1899) [hadoop-common-3.3.5.jar:?]
	at org.apache.hadoop.ipc.Server$Handler.run(Server.java:3026) [hadoop-common-3.3.5.jar:?]
21:37:24.030 [IPC Server handler 10 on default port 15057] ERROR OMAudit - user=runner | ip=127.0.0.1 | op=GET_FILE_STATUS {volume=volume98728, bucket=bucket37020, key=testBatchDelete/parent/childFolder/child7, dataSize=0, replicationConfig=null} | ret=FAILURE
org.apache.hadoop.ozone.om.exceptions.OMException: Unable to get file status: volume: volume98728 bucket: bucket37020 key: testBatchDelete/parent/childFolder/child7
	at org.apache.hadoop.ozone.om.KeyManagerImpl.getOzoneFileStatusFSO(KeyManagerImpl.java:1311) ~[ozone-manager-1.4.0-SNAPSHOT.jar:?]
	at org.apache.hadoop.ozone.om.KeyManagerImpl.getFileStatus(KeyManagerImpl.java:1102) ~[ozone-manager-1.4.0-SNAPSHOT.jar:?]
	at org.apache.hadoop.ozone.om.OmMetadataReader.getFileStatus(OmMetadataReader.java:286) ~[ozone-manager-1.4.0-SNAPSHOT.jar:?]
	at org.apache.hadoop.ozone.om.OzoneManager.getFileStatus(OzoneManager.java:3499) ~[ozone-manager-1.4.0-SNAPSHOT.jar:?]
	at org.apache.hadoop.ozone.protocolPB.OzoneManagerRequestHandler.getOzoneFileStatus(OzoneManagerRequestHandler.java:950) ~[ozone-manager-1.4.0-SNAPSHOT.jar:?]
	at org.apache.hadoop.ozone.protocolPB.OzoneManagerRequestHandler.handleReadRequest(OzoneManagerRequestHandler.java:245) ~[ozone-manager-1.4.0-SNAPSHOT.jar:?]
	at org.apache.hadoop.ozone.protocolPB.OzoneManagerProtocolServerSideTranslatorPB.submitRequestDirectlyToOM(OzoneManagerProtocolServerSideTranslatorPB.java:272) ~[ozone-manager-1.4.0-SNAPSHOT.jar:?]
	at org.apache.hadoop.ozone.protocolPB.OzoneManagerProtocolServerSideTranslatorPB.processRequest(OzoneManagerProtocolServerSideTranslatorPB.java:173) ~[ozone-manager-1.4.0-SNAPSHOT.jar:?]
	at org.apache.hadoop.hdds.server.OzoneProtocolMessageDispatcher.processRequest(OzoneProtocolMessageDispatcher.java:87) [hdds-server-framework-1.4.0-SNAPSHOT.jar:?]
	at org.apache.hadoop.ozone.protocolPB.OzoneManagerProtocolServerSideTranslatorPB.submitRequest(OzoneManagerProtocolServerSideTranslatorPB.java:147) [ozone-manager-1.4.0-SNAPSHOT.jar:?]
	at org.apache.hadoop.ozone.protocol.proto.OzoneManagerProtocolProtos$OzoneManagerService$2.callBlockingMethod(OzoneManagerProtocolProtos.java) [ozone-interface-client-1.4.0-SNAPSHOT.jar:?]
	at org.apache.hadoop.ipc.ProtobufRpcEngine$Server.processCall(ProtobufRpcEngine.java:484) [hadoop-common-3.3.5.jar:?]
	at org.apache.hadoop.ipc.ProtobufRpcEngine2$Server$ProtoBufRpcInvoker.call(ProtobufRpcEngine2.java:595) [hadoop-common-3.3.5.jar:?]
	at org.apache.hadoop.ipc.ProtobufRpcEngine2$Server$ProtoBufRpcInvoker.call(ProtobufRpcEngine2.java:573) [hadoop-common-3.3.5.jar:?]
	at org.apache.hadoop.ipc.RPC$Server.call(RPC.java:1213) [hadoop-common-3.3.5.jar:?]
	at org.apache.hadoop.ipc.Server$RpcCall.run(Server.java:1089) [hadoop-common-3.3.5.jar:?]
	at org.apache.hadoop.ipc.Server$RpcCall.run(Server.java:1012) [hadoop-common-3.3.5.jar:?]
	at java.security.AccessController.doPrivileged(Native Method) ~[?:1.8.0_372]
	at javax.security.auth.Subject.doAs(Subject.java:422) [?:1.8.0_372]
	at org.apache.hadoop.security.UserGroupInformation.doAs(UserGroupInformation.java:1899) [hadoop-common-3.3.5.jar:?]
	at org.apache.hadoop.ipc.Server$Handler.run(Server.java:3026) [hadoop-common-3.3.5.jar:?]
21:37:24.031 [IPC Server handler 0 on default port 15057] ERROR OMAudit - user=runner | ip=127.0.0.1 | op=GET_FILE_STATUS {volume=volume98728, bucket=bucket37020, key=testBatchDelete/parent, dataSize=0, replicationConfig=null} | ret=FAILURE
org.apache.hadoop.ozone.om.exceptions.OMException: Unable to get file status: volume: volume98728 bucket: bucket37020 key: testBatchDelete/parent
	at org.apache.hadoop.ozone.om.KeyManagerImpl.getOzoneFileStatusFSO(KeyManagerImpl.java:1311) ~[ozone-manager-1.4.0-SNAPSHOT.jar:?]
	at org.apache.hadoop.ozone.om.KeyManagerImpl.getFileStatus(KeyManagerImpl.java:1102) ~[ozone-manager-1.4.0-SNAPSHOT.jar:?]
	at org.apache.hadoop.ozone.om.OmMetadataReader.getFileStatus(OmMetadataReader.java:286) ~[ozone-manager-1.4.0-SNAPSHOT.jar:?]
	at org.apache.hadoop.ozone.om.OzoneManager.getFileStatus(OzoneManager.java:3499) ~[ozone-manager-1.4.0-SNAPSHOT.jar:?]
	at org.apache.hadoop.ozone.protocolPB.OzoneManagerRequestHandler.getOzoneFileStatus(OzoneManagerRequestHandler.java:950) ~[ozone-manager-1.4.0-SNAPSHOT.jar:?]
	at org.apache.hadoop.ozone.protocolPB.OzoneManagerRequestHandler.handleReadRequest(OzoneManagerRequestHandler.java:245) ~[ozone-manager-1.4.0-SNAPSHOT.jar:?]
	at org.apache.hadoop.ozone.protocolPB.OzoneManagerProtocolServerSideTranslatorPB.submitRequestDirectlyToOM(OzoneManagerProtocolServerSideTranslatorPB.java:272) ~[ozone-manager-1.4.0-SNAPSHOT.jar:?]
	at org.apache.hadoop.ozone.protocolPB.OzoneManagerProtocolServerSideTranslatorPB.processRequest(OzoneManagerProtocolServerSideTranslatorPB.java:173) ~[ozone-manager-1.4.0-SNAPSHOT.jar:?]
	at org.apache.hadoop.hdds.server.OzoneProtocolMessageDispatcher.processRequest(OzoneProtocolMessageDispatcher.java:87) [hdds-server-framework-1.4.0-SNAPSHOT.jar:?]
	at org.apache.hadoop.ozone.protocolPB.OzoneManagerProtocolServerSideTranslatorPB.submitRequest(OzoneManagerProtocolServerSideTranslatorPB.java:147) [ozone-manager-1.4.0-SNAPSHOT.jar:?]
	at org.apache.hadoop.ozone.protocol.proto.OzoneManagerProtocolProtos$OzoneManagerService$2.callBlockingMethod(OzoneManagerProtocolProtos.java) [ozone-interface-client-1.4.0-SNAPSHOT.jar:?]
	at org.apache.hadoop.ipc.ProtobufRpcEngine$Server.processCall(ProtobufRpcEngine.java:484) [hadoop-common-3.3.5.jar:?]
	at org.apache.hadoop.ipc.ProtobufRpcEngine2$Server$ProtoBufRpcInvoker.call(ProtobufRpcEngine2.java:595) [hadoop-common-3.3.5.jar:?]
	at org.apache.hadoop.ipc.ProtobufRpcEngine2$Server$ProtoBufRpcInvoker.call(ProtobufRpcEngine2.java:573) [hadoop-common-3.3.5.jar:?]
	at org.apache.hadoop.ipc.RPC$Server.call(RPC.java:1213) [hadoop-common-3.3.5.jar:?]
	at org.apache.hadoop.ipc.Server$RpcCall.run(Server.java:1089) [hadoop-common-3.3.5.jar:?]
	at org.apache.hadoop.ipc.Server$RpcCall.run(Server.java:1012) [hadoop-common-3.3.5.jar:?]
	at java.security.AccessController.doPrivileged(Native Method) ~[?:1.8.0_372]
	at javax.security.auth.Subject.doAs(Subject.java:422) [?:1.8.0_372]
	at org.apache.hadoop.security.UserGroupInformation.doAs(UserGroupInformation.java:1899) [hadoop-common-3.3.5.jar:?]
	at org.apache.hadoop.ipc.Server$Handler.run(Server.java:3026) [hadoop-common-3.3.5.jar:?]
2023-06-22 21:37:24,032 [Time-limited test] WARN  ozone.BasicRootedOzoneFileSystem (BasicRootedOzoneFileSystem.java:delete(681)) - delete: Path does not exist: /volume98728/bucket37020/testBatchDelete/parent
]]></system-out>
  </testcase>
  <testcase name="testListStatusIteratorOnPageSize" classname="TestRootedOzoneFileSystemWithFSO" time="43.278">
    <system-out><![CDATA[2023-06-22 21:35:52,012 [Time-limited test] INFO  rpc.RpcClient (RpcClient.java:createVolume(459)) - Creating Volume: volume49575, with user69056 as owner and space quota set to -1 bytes, counts quota set to -1
2023-06-22 21:35:52,015 [OM StateMachine ApplyTransaction Thread - 0] INFO  volume.OMVolumeCreateRequest (OMVolumeCreateRequest.java:validateAndUpdateCache(196)) - created volume:volume49575 for user:user69056
2023-06-22 21:35:52,017 [Time-limited test] INFO  rpc.RpcClient (RpcClient.java:createBucket(686)) - Creating Bucket: volume49575/bucket82325, with bucket layout FILE_SYSTEM_OPTIMIZED, runner as owner, Versioning false, Storage Type set to DISK and Encryption set to false, Replication Type set to server-side default replication type, Namespace Quota set to -1, Space Quota set to -1 
2023-06-22 21:35:52,018 [OM StateMachine ApplyTransaction Thread - 0] INFO  bucket.OMBucketCreateRequest (OMBucketCreateRequest.java:validateAndUpdateCache(270)) - created bucket: bucket82325 of layout FILE_SYSTEM_OPTIMIZED in volume: volume49575
2023-06-22 21:36:05,526 [SstFilteringService#0] WARN  server.ServerUtils (ServerUtils.java:getDBPath(311)) - ozone.om.db.dirs is not configured. We recommend adding this setting. Falling back to ozone.metadata.dirs instead.
2023-06-22 21:36:05,527 [SstFilteringService#0] INFO  helpers.OmKeyInfo (OmKeyInfo.java:getCodec(71)) - OmKeyInfo.getCodec ignorePipeline = true
2023-06-22 21:36:05,751 [SstFilteringService#0] INFO  db.RocksDatabase (RocksDatabase.java:deleteFilesNotMatchingPrefix(978)) - Deleting sst file /000088.sst corresponding to column family [102, 105, 108, 101, 84, 97, 98, 108, 101] from db: /home/runner/work/ozone/ozone/hadoop-ozone/integration-test/target/test-dir/MiniOzoneClusterImpl-00f3567e-e140-4cd7-bd5a-f6438c2bd6c1/ozone-meta/db.snapshots/checkpointState/om.db-deacf08a-5c3c-45e1-b5e4-842766baaf25
2023-06-22 21:36:05,812 [IPC Server handler 14 on default port 15001] INFO  ha.SequenceIdGenerator (SequenceIdGenerator.java:getNextId(128)) - Allocate a batch for delTxnId, change lastId from 0 to 1000.
2023-06-22 21:36:05,825 [SstFilteringService#0] WARN  server.ServerUtils (ServerUtils.java:getDBPath(311)) - ozone.om.db.dirs is not configured. We recommend adding this setting. Falling back to ozone.metadata.dirs instead.
2023-06-22 21:36:05,829 [SstFilteringService#0] INFO  helpers.OmKeyInfo (OmKeyInfo.java:getCodec(71)) - OmKeyInfo.getCodec ignorePipeline = true
2023-06-22 21:36:05,915 [SnapshotDeletingService#0] INFO  utils.BackgroundService (AbstractKeyDeletingService.java:optimizeDirDeletesAndSubmitRequest(429)) - Number of dirs deleted: 30, Number of sub-dir deleted: 22, Number of sub-files moved: 1217 to DeletedTable, Number of sub-dirs moved 0 to DeletedDirectoryTable, iteration elapsed: 359ms, totalRunCount: 2
2023-06-22 21:36:06,003 [SstFilteringService#0] INFO  db.RocksDatabase (RocksDatabase.java:deleteFilesNotMatchingPrefix(978)) - Deleting sst file /000088.sst corresponding to column family [102, 105, 108, 101, 84, 97, 98, 108, 101] from db: /home/runner/work/ozone/ozone/hadoop-ozone/integration-test/target/test-dir/MiniOzoneClusterImpl-00f3567e-e140-4cd7-bd5a-f6438c2bd6c1/ozone-meta/db.snapshots/checkpointState/om.db-5632b727-0e1a-440d-ab84-022f41ecf6c3
2023-06-22 21:36:06,074 [OM StateMachine ApplyTransaction Thread - 0] INFO  upgrade.AbstractLayoutVersionManager (AbstractLayoutVersionManager.java:init(83)) - Initializing Layout version manager with metadata layout = QUOTA (version = 6), software layout = QUOTA (version = 6)
2023-06-22 21:36:08,052 [KeyDeletingService#0] INFO  utils.BackgroundService (AbstractKeyDeletingService.java:optimizeDirDeletesAndSubmitRequest(429)) - Number of dirs deleted: 1856, Number of sub-dir deleted: 25, Number of sub-files moved: 1233 to DeletedTable, Number of sub-dirs moved 0 to DeletedDirectoryTable, iteration elapsed: 2542ms, totalRunCount: 1
2023-06-22 21:36:08,869 [BlockDeletingService#0] INFO  interfaces.ContainerDeletionChoosingPolicyTemplate (ContainerDeletionChoosingPolicyTemplate.java:chooseContainerForBlockDeletion(83)) - Chosen 0/5000 blocks from 0 candidate containers.
2023-06-22 21:36:09,318 [BlockDeletingService#0] INFO  interfaces.ContainerDeletionChoosingPolicyTemplate (ContainerDeletionChoosingPolicyTemplate.java:chooseContainerForBlockDeletion(83)) - Chosen 0/5000 blocks from 0 candidate containers.
2023-06-22 21:36:09,695 [BlockDeletingService#0] INFO  interfaces.ContainerDeletionChoosingPolicyTemplate (ContainerDeletionChoosingPolicyTemplate.java:chooseContainerForBlockDeletion(83)) - Chosen 0/5000 blocks from 0 candidate containers.
2023-06-22 21:36:10,113 [BlockDeletingService#0] INFO  interfaces.ContainerDeletionChoosingPolicyTemplate (ContainerDeletionChoosingPolicyTemplate.java:chooseContainerForBlockDeletion(83)) - Chosen 0/5000 blocks from 0 candidate containers.
2023-06-22 21:36:10,482 [BlockDeletingService#0] INFO  interfaces.ContainerDeletionChoosingPolicyTemplate (ContainerDeletionChoosingPolicyTemplate.java:chooseContainerForBlockDeletion(83)) - Chosen 0/5000 blocks from 0 candidate containers.
2023-06-22 21:36:18,176 [om1-client-thread2] INFO  segmented.SegmentedRaftLogWorker (SegmentedRaftLogWorker.java:rollLogSegment(452)) - om1@group-C5BA1605619E-SegmentedRaftLogWorker: Rolling segment log-0_24401 to index:24401
2023-06-22 21:36:18,178 [om1@group-C5BA1605619E-SegmentedRaftLogWorker] INFO  segmented.SegmentedRaftLogWorker (SegmentedRaftLogWorker.java:execute(608)) - om1@group-C5BA1605619E-SegmentedRaftLogWorker: Rolled log segment from /home/runner/work/ozone/ozone/hadoop-ozone/integration-test/target/test-dir/MiniOzoneClusterImpl-00f3567e-e140-4cd7-bd5a-f6438c2bd6c1/ozone-meta/ratis/bf265839-605b-3f16-9796-c5ba1605619e/current/log_inprogress_0 to /home/runner/work/ozone/ozone/hadoop-ozone/integration-test/target/test-dir/MiniOzoneClusterImpl-00f3567e-e140-4cd7-bd5a-f6438c2bd6c1/ozone-meta/ratis/bf265839-605b-3f16-9796-c5ba1605619e/current/log_0-24401
2023-06-22 21:36:18,191 [om1@group-C5BA1605619E-SegmentedRaftLogWorker] INFO  segmented.SegmentedRaftLogWorker (SegmentedRaftLogWorker.java:execute(651)) - om1@group-C5BA1605619E-SegmentedRaftLogWorker: created new log segment /home/runner/work/ozone/ozone/hadoop-ozone/integration-test/target/test-dir/MiniOzoneClusterImpl-00f3567e-e140-4cd7-bd5a-f6438c2bd6c1/ozone-meta/ratis/bf265839-605b-3f16-9796-c5ba1605619e/current/log_inprogress_24402
2023-06-22 21:36:28,182 [JvmPauseMonitor6] WARN  util.JvmPauseMonitor (JvmPauseMonitor.java:detectPause(124)) - JvmPauseMonitor-e93313c7-0cf0-4fbd-b335-d67d16700e0a: Detected pause in JVM or host machine approximately 0.148s with 0.149s GC time.
GC pool 'PS Scavenge' had collection(s): count=1 time=149ms
2023-06-22 21:36:28,183 [JvmPauseMonitor3] WARN  util.JvmPauseMonitor (JvmPauseMonitor.java:detectPause(124)) - JvmPauseMonitor-84a824f3-7f5d-4f33-8f93-63e849b7c227: Detected pause in JVM or host machine approximately 0.149s with 0.149s GC time.
GC pool 'PS Scavenge' had collection(s): count=1 time=149ms
2023-06-22 21:36:28,183 [JvmPauseMonitor1] WARN  util.JvmPauseMonitor (JvmPauseMonitor.java:detectPause(124)) - JvmPauseMonitor-om1: Detected pause in JVM or host machine approximately 0.149s with 0.149s GC time.
GC pool 'PS Scavenge' had collection(s): count=1 time=149ms
2023-06-22 21:36:28,183 [JvmPauseMonitor4] WARN  util.JvmPauseMonitor (JvmPauseMonitor.java:detectPause(124)) - JvmPauseMonitor-470642db-8038-41e5-a5f3-81d987be2f99: Detected pause in JVM or host machine approximately 0.149s with 0.149s GC time.
GC pool 'PS Scavenge' had collection(s): count=1 time=149ms
2023-06-22 21:36:28,183 [JvmPauseMonitor0] WARN  util.JvmPauseMonitor (JvmPauseMonitor.java:detectPause(124)) - JvmPauseMonitor-13e6dace-4d66-4e4d-afbb-49ba390a29b5: Detected pause in JVM or host machine approximately 0.149s with 0.149s GC time.
GC pool 'PS Scavenge' had collection(s): count=1 time=149ms
2023-06-22 21:36:28,183 [JvmPauseMonitor2] WARN  util.JvmPauseMonitor (JvmPauseMonitor.java:detectPause(124)) - JvmPauseMonitor-45e724c1-f4a6-4405-a7cb-dfa9f2e55867: Detected pause in JVM or host machine approximately 0.150s with 0.149s GC time.
GC pool 'PS Scavenge' had collection(s): count=1 time=149ms
2023-06-22 21:36:28,183 [JvmPauseMonitor5] WARN  util.JvmPauseMonitor (JvmPauseMonitor.java:detectPause(124)) - JvmPauseMonitor-4917f783-1696-4d8b-b9da-38da8f9791cf: Detected pause in JVM or host machine approximately 0.150s with 0.149s GC time.
GC pool 'PS Scavenge' had collection(s): count=1 time=149ms
]]></system-out>
  </testcase>
  <testcase name="testListStatusIteratorOnPageSize" classname="TestRootedOzoneFileSystemWithFSO" time="29.215">
    <system-out><![CDATA[2023-06-22 21:37:24,055 [Time-limited test] INFO  rpc.RpcClient (RpcClient.java:createVolume(459)) - Creating Volume: volume48675, with user01389 as owner and space quota set to -1 bytes, counts quota set to -1
2023-06-22 21:37:24,056 [IPC Server handler 10 on default port 15057] INFO  volume.OMVolumeCreateRequest (OMVolumeCreateRequest.java:validateAndUpdateCache(196)) - created volume:volume48675 for user:user01389
2023-06-22 21:37:24,058 [Time-limited test] INFO  rpc.RpcClient (RpcClient.java:createBucket(686)) - Creating Bucket: volume48675/bucket16944, with bucket layout FILE_SYSTEM_OPTIMIZED, runner as owner, Versioning false, Storage Type set to DISK and Encryption set to false, Replication Type set to server-side default replication type, Namespace Quota set to -1, Space Quota set to -1 
2023-06-22 21:37:24,058 [IPC Server handler 0 on default port 15057] INFO  bucket.OMBucketCreateRequest (OMBucketCreateRequest.java:validateAndUpdateCache(270)) - created bucket: bucket16944 of layout FILE_SYSTEM_OPTIMIZED in volume: volume48675
2023-06-22 21:37:42,962 [JvmPauseMonitor8] WARN  util.JvmPauseMonitor (JvmPauseMonitor.java:detectPause(124)) - JvmPauseMonitor-aacb5279-47aa-4f16-b23f-cbd92f0ae364: Detected pause in JVM or host machine approximately 0.128s with 0.128s GC time.
GC pool 'PS Scavenge' had collection(s): count=1 time=128ms
2023-06-22 21:37:42,965 [JvmPauseMonitor12] WARN  util.JvmPauseMonitor (JvmPauseMonitor.java:detectPause(124)) - JvmPauseMonitor-f1abb7db-c3af-437a-bde0-e7e35204823b: Detected pause in JVM or host machine approximately 0.133s with 0.128s GC time.
GC pool 'PS Scavenge' had collection(s): count=1 time=128ms
2023-06-22 21:37:42,965 [JvmPauseMonitor7] WARN  util.JvmPauseMonitor (JvmPauseMonitor.java:detectPause(124)) - JvmPauseMonitor-3a551b25-74ed-4f89-9f62-606118ce075a: Detected pause in JVM or host machine approximately 0.130s with 0.128s GC time.
GC pool 'PS Scavenge' had collection(s): count=1 time=128ms
2023-06-22 21:37:42,966 [JvmPauseMonitor13] WARN  util.JvmPauseMonitor (JvmPauseMonitor.java:detectPause(124)) - JvmPauseMonitor-8f15a801-56b9-4d07-a63b-fddd9ee2c994: Detected pause in JVM or host machine approximately 0.137s with 0.128s GC time.
GC pool 'PS Scavenge' had collection(s): count=1 time=128ms
2023-06-22 21:37:42,966 [JvmPauseMonitor10] WARN  util.JvmPauseMonitor (JvmPauseMonitor.java:detectPause(124)) - JvmPauseMonitor-65b54071-31d6-4bc0-82c0-f363a9aa9754: Detected pause in JVM or host machine approximately 0.128s with 0.128s GC time.
GC pool 'PS Scavenge' had collection(s): count=1 time=128ms
2023-06-22 21:37:51,798 [SstFilteringService#0] WARN  server.ServerUtils (ServerUtils.java:getDBPath(311)) - ozone.om.db.dirs is not configured. We recommend adding this setting. Falling back to ozone.metadata.dirs instead.
2023-06-22 21:37:51,799 [SstFilteringService#0] INFO  helpers.OmKeyInfo (OmKeyInfo.java:getCodec(71)) - OmKeyInfo.getCodec ignorePipeline = true
2023-06-22 21:37:51,856 [IPC Server handler 13 on default port 15054] INFO  ha.SequenceIdGenerator (SequenceIdGenerator.java:getNextId(128)) - Allocate a batch for delTxnId, change lastId from 0 to 1000.
2023-06-22 21:37:51,858 [SnapshotDeletingService#0] INFO  upgrade.AbstractLayoutVersionManager (AbstractLayoutVersionManager.java:init(83)) - Initializing Layout version manager with metadata layout = QUOTA (version = 6), software layout = QUOTA (version = 6)
2023-06-22 21:37:51,967 [SstFilteringService#0] INFO  db.RocksDatabase (RocksDatabase.java:deleteFilesNotMatchingPrefix(978)) - Deleting sst file /000083.sst corresponding to column family [102, 105, 108, 101, 84, 97, 98, 108, 101] from db: /home/runner/work/ozone/ozone/hadoop-ozone/integration-test/target/test-dir/MiniOzoneClusterImpl-9e90c1de-1c56-491c-b259-3d04922b55fd/ozone-meta/db.snapshots/checkpointState/om.db-4a20a883-e952-41af-9ed1-123cfdaea737
2023-06-22 21:37:51,982 [SstFilteringService#0] INFO  db.RocksDatabase (RocksDatabase.java:deleteFilesNotMatchingPrefix(978)) - Deleting sst file /000067.sst corresponding to column family [102, 105, 108, 101, 84, 97, 98, 108, 101] from db: /home/runner/work/ozone/ozone/hadoop-ozone/integration-test/target/test-dir/MiniOzoneClusterImpl-9e90c1de-1c56-491c-b259-3d04922b55fd/ozone-meta/db.snapshots/checkpointState/om.db-4a20a883-e952-41af-9ed1-123cfdaea737
2023-06-22 21:37:51,985 [SstFilteringService#0] INFO  db.RocksDatabase (RocksDatabase.java:deleteFilesNotMatchingPrefix(978)) - Deleting sst file /000074.sst corresponding to column family [102, 105, 108, 101, 84, 97, 98, 108, 101] from db: /home/runner/work/ozone/ozone/hadoop-ozone/integration-test/target/test-dir/MiniOzoneClusterImpl-9e90c1de-1c56-491c-b259-3d04922b55fd/ozone-meta/db.snapshots/checkpointState/om.db-4a20a883-e952-41af-9ed1-123cfdaea737
2023-06-22 21:37:52,007 [SstFilteringService#0] WARN  server.ServerUtils (ServerUtils.java:getDBPath(311)) - ozone.om.db.dirs is not configured. We recommend adding this setting. Falling back to ozone.metadata.dirs instead.
2023-06-22 21:37:52,007 [SstFilteringService#0] INFO  helpers.OmKeyInfo (OmKeyInfo.java:getCodec(71)) - OmKeyInfo.getCodec ignorePipeline = true
2023-06-22 21:37:52,152 [SstFilteringService#0] INFO  db.RocksDatabase (RocksDatabase.java:deleteFilesNotMatchingPrefix(978)) - Deleting sst file /000083.sst corresponding to column family [102, 105, 108, 101, 84, 97, 98, 108, 101] from db: /home/runner/work/ozone/ozone/hadoop-ozone/integration-test/target/test-dir/MiniOzoneClusterImpl-9e90c1de-1c56-491c-b259-3d04922b55fd/ozone-meta/db.snapshots/checkpointState/om.db-5d92dfae-0a63-4f67-8d3d-b0bde82ab31b
2023-06-22 21:37:52,162 [SstFilteringService#0] INFO  db.RocksDatabase (RocksDatabase.java:deleteFilesNotMatchingPrefix(978)) - Deleting sst file /000067.sst corresponding to column family [102, 105, 108, 101, 84, 97, 98, 108, 101] from db: /home/runner/work/ozone/ozone/hadoop-ozone/integration-test/target/test-dir/MiniOzoneClusterImpl-9e90c1de-1c56-491c-b259-3d04922b55fd/ozone-meta/db.snapshots/checkpointState/om.db-5d92dfae-0a63-4f67-8d3d-b0bde82ab31b
2023-06-22 21:37:52,165 [SstFilteringService#0] INFO  db.RocksDatabase (RocksDatabase.java:deleteFilesNotMatchingPrefix(978)) - Deleting sst file /000074.sst corresponding to column family [102, 105, 108, 101, 84, 97, 98, 108, 101] from db: /home/runner/work/ozone/ozone/hadoop-ozone/integration-test/target/test-dir/MiniOzoneClusterImpl-9e90c1de-1c56-491c-b259-3d04922b55fd/ozone-meta/db.snapshots/checkpointState/om.db-5d92dfae-0a63-4f67-8d3d-b0bde82ab31b
]]></system-out>
  </testcase>
  <testcase name="testMkdirOnNonExistentVolumeBucketDir" classname="TestRootedOzoneFileSystemWithFSO" time="0">
    <skipped type="org.junit.AssumptionViolatedException"><![CDATA[org.junit.AssumptionViolatedException: FS Path is enabled. Skipping this test as it is not tuned for FS Path yet
	at org.junit.Assume.assumeTrue(Assume.java:68)
	at org.apache.hadoop.fs.ozone.TestRootedOzoneFileSystem.testMkdirOnNonExistentVolumeBucketDir(TestRootedOzoneFileSystem.java:704)
	at sun.reflect.NativeMethodAccessorImpl.invoke0(Native Method)
	at sun.reflect.NativeMethodAccessorImpl.invoke(NativeMethodAccessorImpl.java:62)
	at sun.reflect.DelegatingMethodAccessorImpl.invoke(DelegatingMethodAccessorImpl.java:43)
	at java.lang.reflect.Method.invoke(Method.java:498)
	at org.junit.runners.model.FrameworkMethod$1.runReflectiveCall(FrameworkMethod.java:59)
	at org.junit.internal.runners.model.ReflectiveCallable.run(ReflectiveCallable.java:12)
	at org.junit.runners.model.FrameworkMethod.invokeExplosively(FrameworkMethod.java:56)
	at org.junit.internal.runners.statements.InvokeMethod.evaluate(InvokeMethod.java:17)
	at org.junit.internal.runners.statements.RunBefores.evaluate(RunBefores.java:26)
	at org.junit.internal.runners.statements.RunAfters.evaluate(RunAfters.java:27)
	at org.junit.internal.runners.statements.FailOnTimeout$CallableStatement.call(FailOnTimeout.java:288)
	at org.junit.internal.runners.statements.FailOnTimeout$CallableStatement.call(FailOnTimeout.java:282)
	at java.util.concurrent.FutureTask.run(FutureTask.java:266)
	at java.lang.Thread.run(Thread.java:750)
]]></skipped>
    <system-out><![CDATA[2023-06-22 21:36:35,283 [Time-limited test] INFO  rpc.RpcClient (RpcClient.java:createVolume(459)) - Creating Volume: volume95318, with user76078 as owner and space quota set to -1 bytes, counts quota set to -1
2023-06-22 21:36:35,290 [OM StateMachine ApplyTransaction Thread - 0] INFO  volume.OMVolumeCreateRequest (OMVolumeCreateRequest.java:validateAndUpdateCache(196)) - created volume:volume95318 for user:user76078
2023-06-22 21:36:35,293 [Time-limited test] INFO  rpc.RpcClient (RpcClient.java:createBucket(686)) - Creating Bucket: volume95318/bucket63427, with bucket layout FILE_SYSTEM_OPTIMIZED, runner as owner, Versioning false, Storage Type set to DISK and Encryption set to false, Replication Type set to server-side default replication type, Namespace Quota set to -1, Space Quota set to -1 
2023-06-22 21:36:35,295 [OM StateMachine ApplyTransaction Thread - 0] INFO  bucket.OMBucketCreateRequest (OMBucketCreateRequest.java:validateAndUpdateCache(270)) - created bucket: bucket63427 of layout FILE_SYSTEM_OPTIMIZED in volume: volume95318
]]></system-out>
  </testcase>
  <testcase name="testMkdirOnNonExistentVolumeBucketDir" classname="TestRootedOzoneFileSystemWithFSO" time="0">
    <skipped type="org.junit.AssumptionViolatedException"><![CDATA[org.junit.AssumptionViolatedException: FS Path is enabled. Skipping this test as it is not tuned for FS Path yet
	at org.junit.Assume.assumeTrue(Assume.java:68)
	at org.apache.hadoop.fs.ozone.TestRootedOzoneFileSystem.testMkdirOnNonExistentVolumeBucketDir(TestRootedOzoneFileSystem.java:704)
	at sun.reflect.NativeMethodAccessorImpl.invoke0(Native Method)
	at sun.reflect.NativeMethodAccessorImpl.invoke(NativeMethodAccessorImpl.java:62)
	at sun.reflect.DelegatingMethodAccessorImpl.invoke(DelegatingMethodAccessorImpl.java:43)
	at java.lang.reflect.Method.invoke(Method.java:498)
	at org.junit.runners.model.FrameworkMethod$1.runReflectiveCall(FrameworkMethod.java:59)
	at org.junit.internal.runners.model.ReflectiveCallable.run(ReflectiveCallable.java:12)
	at org.junit.runners.model.FrameworkMethod.invokeExplosively(FrameworkMethod.java:56)
	at org.junit.internal.runners.statements.InvokeMethod.evaluate(InvokeMethod.java:17)
	at org.junit.internal.runners.statements.RunBefores.evaluate(RunBefores.java:26)
	at org.junit.internal.runners.statements.RunAfters.evaluate(RunAfters.java:27)
	at org.junit.internal.runners.statements.FailOnTimeout$CallableStatement.call(FailOnTimeout.java:288)
	at org.junit.internal.runners.statements.FailOnTimeout$CallableStatement.call(FailOnTimeout.java:282)
	at java.util.concurrent.FutureTask.run(FutureTask.java:266)
	at java.lang.Thread.run(Thread.java:750)
]]></skipped>
    <system-out><![CDATA[2023-06-22 21:37:53,296 [Time-limited test] INFO  rpc.RpcClient (RpcClient.java:createVolume(459)) - Creating Volume: volume84256, with user59509 as owner and space quota set to -1 bytes, counts quota set to -1
2023-06-22 21:37:53,312 [IPC Server handler 2 on default port 15057] INFO  volume.OMVolumeCreateRequest (OMVolumeCreateRequest.java:validateAndUpdateCache(196)) - created volume:volume84256 for user:user59509
2023-06-22 21:37:53,315 [Time-limited test] INFO  rpc.RpcClient (RpcClient.java:createBucket(686)) - Creating Bucket: volume84256/bucket39151, with bucket layout FILE_SYSTEM_OPTIMIZED, runner as owner, Versioning false, Storage Type set to DISK and Encryption set to false, Replication Type set to server-side default replication type, Namespace Quota set to -1, Space Quota set to -1 
2023-06-22 21:37:53,315 [IPC Server handler 7 on default port 15057] INFO  bucket.OMBucketCreateRequest (OMBucketCreateRequest.java:validateAndUpdateCache(270)) - created bucket: bucket39151 of layout FILE_SYSTEM_OPTIMIZED in volume: volume84256
]]></system-out>
  </testcase>
  <testcase name="testListStatusIteratorInBucket" classname="TestRootedOzoneFileSystemWithFSO" time="0.064">
    <system-out><![CDATA[2023-06-22 21:36:35,335 [Time-limited test] INFO  rpc.RpcClient (RpcClient.java:createVolume(459)) - Creating Volume: volume70883, with user18960 as owner and space quota set to -1 bytes, counts quota set to -1
2023-06-22 21:36:35,337 [OM StateMachine ApplyTransaction Thread - 0] INFO  volume.OMVolumeCreateRequest (OMVolumeCreateRequest.java:validateAndUpdateCache(196)) - created volume:volume70883 for user:user18960
2023-06-22 21:36:35,338 [Time-limited test] INFO  rpc.RpcClient (RpcClient.java:createBucket(686)) - Creating Bucket: volume70883/bucket47329, with bucket layout FILE_SYSTEM_OPTIMIZED, runner as owner, Versioning false, Storage Type set to DISK and Encryption set to false, Replication Type set to server-side default replication type, Namespace Quota set to -1, Space Quota set to -1 
2023-06-22 21:36:35,340 [OM StateMachine ApplyTransaction Thread - 0] INFO  bucket.OMBucketCreateRequest (OMBucketCreateRequest.java:validateAndUpdateCache(270)) - created bucket: bucket47329 of layout FILE_SYSTEM_OPTIMIZED in volume: volume70883
]]></system-out>
  </testcase>
  <testcase name="testListStatusIteratorInBucket" classname="TestRootedOzoneFileSystemWithFSO" time="0.063">
    <system-out><![CDATA[2023-06-22 21:37:53,359 [Time-limited test] INFO  rpc.RpcClient (RpcClient.java:createVolume(459)) - Creating Volume: volume14309, with user11976 as owner and space quota set to -1 bytes, counts quota set to -1
2023-06-22 21:37:53,363 [IPC Server handler 14 on default port 15057] INFO  volume.OMVolumeCreateRequest (OMVolumeCreateRequest.java:validateAndUpdateCache(196)) - created volume:volume14309 for user:user11976
2023-06-22 21:37:53,369 [Time-limited test] INFO  rpc.RpcClient (RpcClient.java:createBucket(686)) - Creating Bucket: volume14309/bucket74528, with bucket layout FILE_SYSTEM_OPTIMIZED, runner as owner, Versioning false, Storage Type set to DISK and Encryption set to false, Replication Type set to server-side default replication type, Namespace Quota set to -1, Space Quota set to -1 
2023-06-22 21:37:53,369 [IPC Server handler 15 on default port 15057] INFO  bucket.OMBucketCreateRequest (OMBucketCreateRequest.java:validateAndUpdateCache(270)) - created bucket: bucket74528 of layout FILE_SYSTEM_OPTIMIZED in volume: volume14309
]]></system-out>
  </testcase>
  <testcase name="testSymlinkPosixDelete" classname="TestRootedOzoneFileSystemWithFSO" time="0.241">
    <system-out><![CDATA[2023-06-22 21:36:35,397 [Time-limited test] INFO  rpc.RpcClient (RpcClient.java:createVolume(459)) - Creating Volume: volume99454, with user60376 as owner and space quota set to -1 bytes, counts quota set to -1
2023-06-22 21:36:35,399 [OM StateMachine ApplyTransaction Thread - 0] INFO  volume.OMVolumeCreateRequest (OMVolumeCreateRequest.java:validateAndUpdateCache(196)) - created volume:volume99454 for user:user60376
2023-06-22 21:36:35,401 [Time-limited test] INFO  rpc.RpcClient (RpcClient.java:createBucket(686)) - Creating Bucket: volume99454/bucket04961, with bucket layout FILE_SYSTEM_OPTIMIZED, runner as owner, Versioning false, Storage Type set to DISK and Encryption set to false, Replication Type set to server-side default replication type, Namespace Quota set to -1, Space Quota set to -1 
2023-06-22 21:36:35,403 [OM StateMachine ApplyTransaction Thread - 0] INFO  bucket.OMBucketCreateRequest (OMBucketCreateRequest.java:validateAndUpdateCache(270)) - created bucket: bucket04961 of layout FILE_SYSTEM_OPTIMIZED in volume: volume99454
2023-06-22 21:36:35,405 [Time-limited test] INFO  rpc.RpcClient (RpcClient.java:createVolume(459)) - Creating Volume: volume-24596, with runner as owner and space quota set to -1 bytes, counts quota set to -1
2023-06-22 21:36:35,407 [OM StateMachine ApplyTransaction Thread - 0] INFO  volume.OMVolumeCreateRequest (OMVolumeCreateRequest.java:validateAndUpdateCache(196)) - created volume:volume-24596 for user:runner
21:36:35.408 [IPC Server handler 15 on default port 15004] ERROR OMAudit - user=runner | ip=127.0.0.1 | op=READ_BUCKET {volume=volume-24596, bucket=bucket} | ret=FAILURE
org.apache.hadoop.ozone.om.exceptions.OMException: Bucket not found
	at org.apache.hadoop.ozone.om.BucketManagerImpl.getBucketInfo(BucketManagerImpl.java:85) ~[ozone-manager-1.4.0-SNAPSHOT.jar:?]
	at org.apache.hadoop.ozone.om.OzoneManager.getBucketInfo(OzoneManager.java:2777) ~[ozone-manager-1.4.0-SNAPSHOT.jar:?]
	at org.apache.hadoop.ozone.protocolPB.OzoneManagerRequestHandler.infoBucket(OzoneManagerRequestHandler.java:524) ~[ozone-manager-1.4.0-SNAPSHOT.jar:?]
	at org.apache.hadoop.ozone.protocolPB.OzoneManagerRequestHandler.handleReadRequest(OzoneManagerRequestHandler.java:195) ~[ozone-manager-1.4.0-SNAPSHOT.jar:?]
	at org.apache.hadoop.ozone.protocolPB.OzoneManagerProtocolServerSideTranslatorPB.submitReadRequestToOM(OzoneManagerProtocolServerSideTranslatorPB.java:223) ~[ozone-manager-1.4.0-SNAPSHOT.jar:?]
	at org.apache.hadoop.ozone.protocolPB.OzoneManagerProtocolServerSideTranslatorPB.processRequest(OzoneManagerProtocolServerSideTranslatorPB.java:177) ~[ozone-manager-1.4.0-SNAPSHOT.jar:?]
	at org.apache.hadoop.hdds.server.OzoneProtocolMessageDispatcher.processRequest(OzoneProtocolMessageDispatcher.java:87) [hdds-server-framework-1.4.0-SNAPSHOT.jar:?]
	at org.apache.hadoop.ozone.protocolPB.OzoneManagerProtocolServerSideTranslatorPB.submitRequest(OzoneManagerProtocolServerSideTranslatorPB.java:147) [ozone-manager-1.4.0-SNAPSHOT.jar:?]
	at org.apache.hadoop.ozone.protocol.proto.OzoneManagerProtocolProtos$OzoneManagerService$2.callBlockingMethod(OzoneManagerProtocolProtos.java) [ozone-interface-client-1.4.0-SNAPSHOT.jar:?]
	at org.apache.hadoop.ipc.ProtobufRpcEngine$Server.processCall(ProtobufRpcEngine.java:484) [hadoop-common-3.3.5.jar:?]
	at org.apache.hadoop.ipc.ProtobufRpcEngine2$Server$ProtoBufRpcInvoker.call(ProtobufRpcEngine2.java:595) [hadoop-common-3.3.5.jar:?]
	at org.apache.hadoop.ipc.ProtobufRpcEngine2$Server$ProtoBufRpcInvoker.call(ProtobufRpcEngine2.java:573) [hadoop-common-3.3.5.jar:?]
	at org.apache.hadoop.ipc.RPC$Server.call(RPC.java:1213) [hadoop-common-3.3.5.jar:?]
	at org.apache.hadoop.ipc.Server$RpcCall.run(Server.java:1089) [hadoop-common-3.3.5.jar:?]
	at org.apache.hadoop.ipc.Server$RpcCall.run(Server.java:1012) [hadoop-common-3.3.5.jar:?]
	at java.security.AccessController.doPrivileged(Native Method) ~[?:1.8.0_372]
	at javax.security.auth.Subject.doAs(Subject.java:422) [?:1.8.0_372]
	at org.apache.hadoop.security.UserGroupInformation.doAs(UserGroupInformation.java:1899) [hadoop-common-3.3.5.jar:?]
	at org.apache.hadoop.ipc.Server$Handler.run(Server.java:3026) [hadoop-common-3.3.5.jar:?]
2023-06-22 21:36:35,409 [Time-limited test] INFO  rpc.RpcClient (RpcClient.java:createBucket(686)) - Creating Bucket: volume-24596/bucket, with bucket layout FILE_SYSTEM_OPTIMIZED, runner as owner, Versioning false, Storage Type set to DISK and Encryption set to false, Replication Type set to server-side default replication type, Namespace Quota set to -1, Space Quota set to -1 
2023-06-22 21:36:35,410 [OM StateMachine ApplyTransaction Thread - 0] INFO  bucket.OMBucketCreateRequest (OMBucketCreateRequest.java:validateAndUpdateCache(270)) - created bucket: bucket of layout FILE_SYSTEM_OPTIMIZED in volume: volume-24596
2023-06-22 21:36:35,412 [Time-limited test] INFO  rpc.RpcClient (RpcClient.java:createVolume(459)) - Creating Volume: volume-81005, with runner as owner and space quota set to -1 bytes, counts quota set to -1
2023-06-22 21:36:35,413 [OM StateMachine ApplyTransaction Thread - 0] INFO  volume.OMVolumeCreateRequest (OMVolumeCreateRequest.java:validateAndUpdateCache(196)) - created volume:volume-81005 for user:runner
2023-06-22 21:36:35,415 [Time-limited test] INFO  rpc.RpcClient (RpcClient.java:createBucket(686)) - Creating Bucket: volume-81005/bucket, with server-side default bucket layout, runner as owner, Versioning false, Storage Type set to DISK and Encryption set to false, Replication Type set to server-side default replication type, Namespace Quota set to -1, Space Quota set to -1 
2023-06-22 21:36:35,416 [OM StateMachine ApplyTransaction Thread - 0] INFO  bucket.OMBucketCreateRequest (OMBucketCreateRequest.java:validateAndUpdateCache(270)) - created bucket: bucket of layout FILE_SYSTEM_OPTIMIZED in volume: volume-81005
2023-06-22 21:36:35,515 [IPC Server handler 2 on default port 15001] WARN  node.SCMNodeManager (SCMNodeManager.java:getNodesByAddress(1377)) - Cannot find node for address 127.0.0.1
Deleted ofs://localhost:15004/volume-81005/bucket
21:36:35.533 [IPC Server handler 17 on default port 15004] ERROR OMAudit - user=runner | ip=127.0.0.1 | op=READ_BUCKET {volume=volume-81005, bucket=bucket} | ret=FAILURE
org.apache.hadoop.ozone.om.exceptions.OMException: Bucket not found
	at org.apache.hadoop.ozone.om.BucketManagerImpl.getBucketInfo(BucketManagerImpl.java:85) ~[ozone-manager-1.4.0-SNAPSHOT.jar:?]
	at org.apache.hadoop.ozone.om.OzoneManager.getBucketInfo(OzoneManager.java:2777) ~[ozone-manager-1.4.0-SNAPSHOT.jar:?]
	at org.apache.hadoop.ozone.protocolPB.OzoneManagerRequestHandler.infoBucket(OzoneManagerRequestHandler.java:524) ~[ozone-manager-1.4.0-SNAPSHOT.jar:?]
	at org.apache.hadoop.ozone.protocolPB.OzoneManagerRequestHandler.handleReadRequest(OzoneManagerRequestHandler.java:195) ~[ozone-manager-1.4.0-SNAPSHOT.jar:?]
	at org.apache.hadoop.ozone.protocolPB.OzoneManagerProtocolServerSideTranslatorPB.submitReadRequestToOM(OzoneManagerProtocolServerSideTranslatorPB.java:223) ~[ozone-manager-1.4.0-SNAPSHOT.jar:?]
	at org.apache.hadoop.ozone.protocolPB.OzoneManagerProtocolServerSideTranslatorPB.processRequest(OzoneManagerProtocolServerSideTranslatorPB.java:177) ~[ozone-manager-1.4.0-SNAPSHOT.jar:?]
	at org.apache.hadoop.hdds.server.OzoneProtocolMessageDispatcher.processRequest(OzoneProtocolMessageDispatcher.java:87) [hdds-server-framework-1.4.0-SNAPSHOT.jar:?]
	at org.apache.hadoop.ozone.protocolPB.OzoneManagerProtocolServerSideTranslatorPB.submitRequest(OzoneManagerProtocolServerSideTranslatorPB.java:147) [ozone-manager-1.4.0-SNAPSHOT.jar:?]
	at org.apache.hadoop.ozone.protocol.proto.OzoneManagerProtocolProtos$OzoneManagerService$2.callBlockingMethod(OzoneManagerProtocolProtos.java) [ozone-interface-client-1.4.0-SNAPSHOT.jar:?]
	at org.apache.hadoop.ipc.ProtobufRpcEngine$Server.processCall(ProtobufRpcEngine.java:484) [hadoop-common-3.3.5.jar:?]
	at org.apache.hadoop.ipc.ProtobufRpcEngine2$Server$ProtoBufRpcInvoker.call(ProtobufRpcEngine2.java:595) [hadoop-common-3.3.5.jar:?]
	at org.apache.hadoop.ipc.ProtobufRpcEngine2$Server$ProtoBufRpcInvoker.call(ProtobufRpcEngine2.java:573) [hadoop-common-3.3.5.jar:?]
	at org.apache.hadoop.ipc.RPC$Server.call(RPC.java:1213) [hadoop-common-3.3.5.jar:?]
	at org.apache.hadoop.ipc.Server$RpcCall.run(Server.java:1089) [hadoop-common-3.3.5.jar:?]
	at org.apache.hadoop.ipc.Server$RpcCall.run(Server.java:1012) [hadoop-common-3.3.5.jar:?]
	at java.security.AccessController.doPrivileged(Native Method) ~[?:1.8.0_372]
	at javax.security.auth.Subject.doAs(Subject.java:422) [?:1.8.0_372]
	at org.apache.hadoop.security.UserGroupInformation.doAs(UserGroupInformation.java:1899) [hadoop-common-3.3.5.jar:?]
	at org.apache.hadoop.ipc.Server$Handler.run(Server.java:3026) [hadoop-common-3.3.5.jar:?]
2023-06-22 21:36:35,537 [IPC Server handler 17 on default port 15001] WARN  node.SCMNodeManager (SCMNodeManager.java:getNodesByAddress(1377)) - Cannot find node for address 127.0.0.1
2023-06-22 21:36:35,542 [Time-limited test] INFO  rpc.RpcClient (RpcClient.java:createBucket(686)) - Creating Bucket: volume-81005/bucket, with server-side default bucket layout, runner as owner, Versioning false, Storage Type set to DISK and Encryption set to false, Replication Type set to server-side default replication type, Namespace Quota set to -1, Space Quota set to -1 
2023-06-22 21:36:35,544 [OM StateMachine ApplyTransaction Thread - 0] INFO  bucket.OMBucketCreateRequest (OMBucketCreateRequest.java:validateAndUpdateCache(270)) - created bucket: bucket of layout FILE_SYSTEM_OPTIMIZED in volume: volume-81005
2023-06-22 21:36:35,545 [OM StateMachine ApplyTransaction Thread - 0] INFO  upgrade.AbstractLayoutVersionManager (AbstractLayoutVersionManager.java:init(83)) - Initializing Layout version manager with metadata layout = QUOTA (version = 6), software layout = QUOTA (version = 6)
Deleted ofs://localhost:15004/volume-81005/bucket/
21:36:35.578 [IPC Server handler 18 on default port 15004] ERROR OMAudit - user=runner | ip=127.0.0.1 | op=READ_KEY {volume=volume-24596, bucket=bucket, key=object-dir/object-name1, dataSize=0, replicationConfig=null} | ret=FAILURE
org.apache.hadoop.ozone.om.exceptions.OMException: Key:object-dir/object-name1 not found
	at org.apache.hadoop.ozone.om.KeyManagerImpl.readKeyInfo(KeyManagerImpl.java:427) ~[ozone-manager-1.4.0-SNAPSHOT.jar:?]
	at org.apache.hadoop.ozone.om.KeyManagerImpl.lambda$9(KeyManagerImpl.java:1922) ~[ozone-manager-1.4.0-SNAPSHOT.jar:?]
	at org.apache.hadoop.util.MetricUtil.captureLatencyNs(MetricUtil.java:39) ~[hdds-common-1.4.0-SNAPSHOT.jar:?]
	at org.apache.hadoop.ozone.om.KeyManagerImpl.getKeyInfo(KeyManagerImpl.java:1920) ~[ozone-manager-1.4.0-SNAPSHOT.jar:?]
	at org.apache.hadoop.ozone.om.OmMetadataReader.getKeyInfo(OmMetadataReader.java:209) ~[ozone-manager-1.4.0-SNAPSHOT.jar:?]
	at org.apache.hadoop.ozone.om.OzoneManager.getKeyInfo(OzoneManager.java:2807) ~[ozone-manager-1.4.0-SNAPSHOT.jar:?]
	at org.apache.hadoop.ozone.protocolPB.OzoneManagerRequestHandler.getKeyInfo(OzoneManagerRequestHandler.java:564) ~[ozone-manager-1.4.0-SNAPSHOT.jar:?]
	at org.apache.hadoop.ozone.protocolPB.OzoneManagerRequestHandler.handleReadRequest(OzoneManagerRequestHandler.java:299) ~[ozone-manager-1.4.0-SNAPSHOT.jar:?]
	at org.apache.hadoop.ozone.protocolPB.OzoneManagerProtocolServerSideTranslatorPB.submitReadRequestToOM(OzoneManagerProtocolServerSideTranslatorPB.java:223) ~[ozone-manager-1.4.0-SNAPSHOT.jar:?]
	at org.apache.hadoop.ozone.protocolPB.OzoneManagerProtocolServerSideTranslatorPB.processRequest(OzoneManagerProtocolServerSideTranslatorPB.java:177) ~[ozone-manager-1.4.0-SNAPSHOT.jar:?]
	at org.apache.hadoop.hdds.server.OzoneProtocolMessageDispatcher.processRequest(OzoneProtocolMessageDispatcher.java:87) [hdds-server-framework-1.4.0-SNAPSHOT.jar:?]
	at org.apache.hadoop.ozone.protocolPB.OzoneManagerProtocolServerSideTranslatorPB.submitRequest(OzoneManagerProtocolServerSideTranslatorPB.java:147) [ozone-manager-1.4.0-SNAPSHOT.jar:?]
	at org.apache.hadoop.ozone.protocol.proto.OzoneManagerProtocolProtos$OzoneManagerService$2.callBlockingMethod(OzoneManagerProtocolProtos.java) [ozone-interface-client-1.4.0-SNAPSHOT.jar:?]
	at org.apache.hadoop.ipc.ProtobufRpcEngine$Server.processCall(ProtobufRpcEngine.java:484) [hadoop-common-3.3.5.jar:?]
	at org.apache.hadoop.ipc.ProtobufRpcEngine2$Server$ProtoBufRpcInvoker.call(ProtobufRpcEngine2.java:595) [hadoop-common-3.3.5.jar:?]
	at org.apache.hadoop.ipc.ProtobufRpcEngine2$Server$ProtoBufRpcInvoker.call(ProtobufRpcEngine2.java:573) [hadoop-common-3.3.5.jar:?]
	at org.apache.hadoop.ipc.RPC$Server.call(RPC.java:1213) [hadoop-common-3.3.5.jar:?]
	at org.apache.hadoop.ipc.Server$RpcCall.run(Server.java:1089) [hadoop-common-3.3.5.jar:?]
	at org.apache.hadoop.ipc.Server$RpcCall.run(Server.java:1012) [hadoop-common-3.3.5.jar:?]
	at java.security.AccessController.doPrivileged(Native Method) ~[?:1.8.0_372]
	at javax.security.auth.Subject.doAs(Subject.java:422) [?:1.8.0_372]
	at org.apache.hadoop.security.UserGroupInformation.doAs(UserGroupInformation.java:1899) [hadoop-common-3.3.5.jar:?]
	at org.apache.hadoop.ipc.Server$Handler.run(Server.java:3026) [hadoop-common-3.3.5.jar:?]
Deleted ofs://localhost:15004/volume-81005/bucket
21:36:35.590 [IPC Server handler 18 on default port 15004] ERROR OMAudit - user=runner | ip=127.0.0.1 | op=READ_BUCKET {volume=volume-81005, bucket=bucket} | ret=FAILURE
org.apache.hadoop.ozone.om.exceptions.OMException: Bucket not found
	at org.apache.hadoop.ozone.om.BucketManagerImpl.getBucketInfo(BucketManagerImpl.java:85) ~[ozone-manager-1.4.0-SNAPSHOT.jar:?]
	at org.apache.hadoop.ozone.om.OzoneManager.getBucketInfo(OzoneManager.java:2777) ~[ozone-manager-1.4.0-SNAPSHOT.jar:?]
	at org.apache.hadoop.ozone.protocolPB.OzoneManagerRequestHandler.infoBucket(OzoneManagerRequestHandler.java:524) ~[ozone-manager-1.4.0-SNAPSHOT.jar:?]
	at org.apache.hadoop.ozone.protocolPB.OzoneManagerRequestHandler.handleReadRequest(OzoneManagerRequestHandler.java:195) ~[ozone-manager-1.4.0-SNAPSHOT.jar:?]
	at org.apache.hadoop.ozone.protocolPB.OzoneManagerProtocolServerSideTranslatorPB.submitReadRequestToOM(OzoneManagerProtocolServerSideTranslatorPB.java:223) ~[ozone-manager-1.4.0-SNAPSHOT.jar:?]
	at org.apache.hadoop.ozone.protocolPB.OzoneManagerProtocolServerSideTranslatorPB.processRequest(OzoneManagerProtocolServerSideTranslatorPB.java:177) ~[ozone-manager-1.4.0-SNAPSHOT.jar:?]
	at org.apache.hadoop.hdds.server.OzoneProtocolMessageDispatcher.processRequest(OzoneProtocolMessageDispatcher.java:87) [hdds-server-framework-1.4.0-SNAPSHOT.jar:?]
	at org.apache.hadoop.ozone.protocolPB.OzoneManagerProtocolServerSideTranslatorPB.submitRequest(OzoneManagerProtocolServerSideTranslatorPB.java:147) [ozone-manager-1.4.0-SNAPSHOT.jar:?]
	at org.apache.hadoop.ozone.protocol.proto.OzoneManagerProtocolProtos$OzoneManagerService$2.callBlockingMethod(OzoneManagerProtocolProtos.java) [ozone-interface-client-1.4.0-SNAPSHOT.jar:?]
	at org.apache.hadoop.ipc.ProtobufRpcEngine$Server.processCall(ProtobufRpcEngine.java:484) [hadoop-common-3.3.5.jar:?]
	at org.apache.hadoop.ipc.ProtobufRpcEngine2$Server$ProtoBufRpcInvoker.call(ProtobufRpcEngine2.java:595) [hadoop-common-3.3.5.jar:?]
	at org.apache.hadoop.ipc.ProtobufRpcEngine2$Server$ProtoBufRpcInvoker.call(ProtobufRpcEngine2.java:573) [hadoop-common-3.3.5.jar:?]
	at org.apache.hadoop.ipc.RPC$Server.call(RPC.java:1213) [hadoop-common-3.3.5.jar:?]
	at org.apache.hadoop.ipc.Server$RpcCall.run(Server.java:1089) [hadoop-common-3.3.5.jar:?]
	at org.apache.hadoop.ipc.Server$RpcCall.run(Server.java:1012) [hadoop-common-3.3.5.jar:?]
	at java.security.AccessController.doPrivileged(Native Method) ~[?:1.8.0_372]
	at javax.security.auth.Subject.doAs(Subject.java:422) [?:1.8.0_372]
	at org.apache.hadoop.security.UserGroupInformation.doAs(UserGroupInformation.java:1899) [hadoop-common-3.3.5.jar:?]
	at org.apache.hadoop.ipc.Server$Handler.run(Server.java:3026) [hadoop-common-3.3.5.jar:?]
21:36:35.591 [IPC Server handler 4 on default port 15004] ERROR OMAudit - user=runner | ip=127.0.0.1 | op=READ_BUCKET {volume=volume-81005, bucket=bucket} | ret=FAILURE
org.apache.hadoop.ozone.om.exceptions.OMException: Bucket not found
	at org.apache.hadoop.ozone.om.BucketManagerImpl.getBucketInfo(BucketManagerImpl.java:85) ~[ozone-manager-1.4.0-SNAPSHOT.jar:?]
	at org.apache.hadoop.ozone.om.OzoneManager.getBucketInfo(OzoneManager.java:2777) ~[ozone-manager-1.4.0-SNAPSHOT.jar:?]
	at org.apache.hadoop.ozone.protocolPB.OzoneManagerRequestHandler.infoBucket(OzoneManagerRequestHandler.java:524) ~[ozone-manager-1.4.0-SNAPSHOT.jar:?]
	at org.apache.hadoop.ozone.protocolPB.OzoneManagerRequestHandler.handleReadRequest(OzoneManagerRequestHandler.java:195) ~[ozone-manager-1.4.0-SNAPSHOT.jar:?]
	at org.apache.hadoop.ozone.protocolPB.OzoneManagerProtocolServerSideTranslatorPB.submitReadRequestToOM(OzoneManagerProtocolServerSideTranslatorPB.java:223) ~[ozone-manager-1.4.0-SNAPSHOT.jar:?]
	at org.apache.hadoop.ozone.protocolPB.OzoneManagerProtocolServerSideTranslatorPB.processRequest(OzoneManagerProtocolServerSideTranslatorPB.java:177) ~[ozone-manager-1.4.0-SNAPSHOT.jar:?]
	at org.apache.hadoop.hdds.server.OzoneProtocolMessageDispatcher.processRequest(OzoneProtocolMessageDispatcher.java:87) [hdds-server-framework-1.4.0-SNAPSHOT.jar:?]
	at org.apache.hadoop.ozone.protocolPB.OzoneManagerProtocolServerSideTranslatorPB.submitRequest(OzoneManagerProtocolServerSideTranslatorPB.java:147) [ozone-manager-1.4.0-SNAPSHOT.jar:?]
	at org.apache.hadoop.ozone.protocol.proto.OzoneManagerProtocolProtos$OzoneManagerService$2.callBlockingMethod(OzoneManagerProtocolProtos.java) [ozone-interface-client-1.4.0-SNAPSHOT.jar:?]
	at org.apache.hadoop.ipc.ProtobufRpcEngine$Server.processCall(ProtobufRpcEngine.java:484) [hadoop-common-3.3.5.jar:?]
	at org.apache.hadoop.ipc.ProtobufRpcEngine2$Server$ProtoBufRpcInvoker.call(ProtobufRpcEngine2.java:595) [hadoop-common-3.3.5.jar:?]
	at org.apache.hadoop.ipc.ProtobufRpcEngine2$Server$ProtoBufRpcInvoker.call(ProtobufRpcEngine2.java:573) [hadoop-common-3.3.5.jar:?]
	at org.apache.hadoop.ipc.RPC$Server.call(RPC.java:1213) [hadoop-common-3.3.5.jar:?]
	at org.apache.hadoop.ipc.Server$RpcCall.run(Server.java:1089) [hadoop-common-3.3.5.jar:?]
	at org.apache.hadoop.ipc.Server$RpcCall.run(Server.java:1012) [hadoop-common-3.3.5.jar:?]
	at java.security.AccessController.doPrivileged(Native Method) ~[?:1.8.0_372]
	at javax.security.auth.Subject.doAs(Subject.java:422) [?:1.8.0_372]
	at org.apache.hadoop.security.UserGroupInformation.doAs(UserGroupInformation.java:1899) [hadoop-common-3.3.5.jar:?]
	at org.apache.hadoop.ipc.Server$Handler.run(Server.java:3026) [hadoop-common-3.3.5.jar:?]
21:36:35.592 [IPC Server handler 0 on default port 15004] ERROR OMAudit - user=runner | ip=127.0.0.1 | op=READ_BUCKET {volume=volume-81005, bucket=bucket} | ret=FAILURE
org.apache.hadoop.ozone.om.exceptions.OMException: Bucket not found
	at org.apache.hadoop.ozone.om.BucketManagerImpl.getBucketInfo(BucketManagerImpl.java:85) ~[ozone-manager-1.4.0-SNAPSHOT.jar:?]
	at org.apache.hadoop.ozone.om.OzoneManager.getBucketInfo(OzoneManager.java:2777) ~[ozone-manager-1.4.0-SNAPSHOT.jar:?]
	at org.apache.hadoop.ozone.protocolPB.OzoneManagerRequestHandler.infoBucket(OzoneManagerRequestHandler.java:524) ~[ozone-manager-1.4.0-SNAPSHOT.jar:?]
	at org.apache.hadoop.ozone.protocolPB.OzoneManagerRequestHandler.handleReadRequest(OzoneManagerRequestHandler.java:195) ~[ozone-manager-1.4.0-SNAPSHOT.jar:?]
	at org.apache.hadoop.ozone.protocolPB.OzoneManagerProtocolServerSideTranslatorPB.submitReadRequestToOM(OzoneManagerProtocolServerSideTranslatorPB.java:223) ~[ozone-manager-1.4.0-SNAPSHOT.jar:?]
	at org.apache.hadoop.ozone.protocolPB.OzoneManagerProtocolServerSideTranslatorPB.processRequest(OzoneManagerProtocolServerSideTranslatorPB.java:177) ~[ozone-manager-1.4.0-SNAPSHOT.jar:?]
	at org.apache.hadoop.hdds.server.OzoneProtocolMessageDispatcher.processRequest(OzoneProtocolMessageDispatcher.java:87) [hdds-server-framework-1.4.0-SNAPSHOT.jar:?]
	at org.apache.hadoop.ozone.protocolPB.OzoneManagerProtocolServerSideTranslatorPB.submitRequest(OzoneManagerProtocolServerSideTranslatorPB.java:147) [ozone-manager-1.4.0-SNAPSHOT.jar:?]
	at org.apache.hadoop.ozone.protocol.proto.OzoneManagerProtocolProtos$OzoneManagerService$2.callBlockingMethod(OzoneManagerProtocolProtos.java) [ozone-interface-client-1.4.0-SNAPSHOT.jar:?]
	at org.apache.hadoop.ipc.ProtobufRpcEngine$Server.processCall(ProtobufRpcEngine.java:484) [hadoop-common-3.3.5.jar:?]
	at org.apache.hadoop.ipc.ProtobufRpcEngine2$Server$ProtoBufRpcInvoker.call(ProtobufRpcEngine2.java:595) [hadoop-common-3.3.5.jar:?]
	at org.apache.hadoop.ipc.ProtobufRpcEngine2$Server$ProtoBufRpcInvoker.call(ProtobufRpcEngine2.java:573) [hadoop-common-3.3.5.jar:?]
	at org.apache.hadoop.ipc.RPC$Server.call(RPC.java:1213) [hadoop-common-3.3.5.jar:?]
	at org.apache.hadoop.ipc.Server$RpcCall.run(Server.java:1089) [hadoop-common-3.3.5.jar:?]
	at org.apache.hadoop.ipc.Server$RpcCall.run(Server.java:1012) [hadoop-common-3.3.5.jar:?]
	at java.security.AccessController.doPrivileged(Native Method) ~[?:1.8.0_372]
	at javax.security.auth.Subject.doAs(Subject.java:422) [?:1.8.0_372]
	at org.apache.hadoop.security.UserGroupInformation.doAs(UserGroupInformation.java:1899) [hadoop-common-3.3.5.jar:?]
	at org.apache.hadoop.ipc.Server$Handler.run(Server.java:3026) [hadoop-common-3.3.5.jar:?]
2023-06-22 21:36:35,592 [Time-limited test] ERROR ozone.BasicRootedOzoneFileSystem (BasicRootedOzoneFileSystem.java:isLinkBucket(757)) - Exception while getting bucket link information, considered it as false
BUCKET_NOT_FOUND org.apache.hadoop.ozone.om.exceptions.OMException: Bucket not found
	at org.apache.hadoop.ozone.om.protocolPB.OzoneManagerProtocolClientSideTranslatorPB.handleError(OzoneManagerProtocolClientSideTranslatorPB.java:713)
	at org.apache.hadoop.ozone.om.protocolPB.OzoneManagerProtocolClientSideTranslatorPB.getBucketInfo(OzoneManagerProtocolClientSideTranslatorPB.java:562)
	at org.apache.hadoop.ozone.client.rpc.RpcClient.getBucketDetails(RpcClient.java:1201)
	at org.apache.hadoop.fs.ozone.BasicRootedOzoneClientAdapterImpl.getBucket(BasicRootedOzoneClientAdapterImpl.java:277)
	at org.apache.hadoop.fs.ozone.BasicRootedOzoneClientAdapterImpl.getBucket(BasicRootedOzoneClientAdapterImpl.java:251)
	at org.apache.hadoop.fs.ozone.BasicRootedOzoneFileSystem.isLinkBucket(BasicRootedOzoneFileSystem.java:752)
	at org.apache.hadoop.fs.ozone.BasicRootedOzoneFileSystem.deleteBucket(BasicRootedOzoneFileSystem.java:719)
	at org.apache.hadoop.fs.ozone.BasicRootedOzoneFileSystem.delete(BasicRootedOzoneFileSystem.java:673)
	at org.apache.hadoop.fs.FileSystem.delete(FileSystem.java:1730)
	at org.apache.hadoop.fs.ozone.TestRootedOzoneFileSystem.testSymlinkPosixDelete(TestRootedOzoneFileSystem.java:1707)
	at sun.reflect.NativeMethodAccessorImpl.invoke0(Native Method)
	at sun.reflect.NativeMethodAccessorImpl.invoke(NativeMethodAccessorImpl.java:62)
	at sun.reflect.DelegatingMethodAccessorImpl.invoke(DelegatingMethodAccessorImpl.java:43)
	at java.lang.reflect.Method.invoke(Method.java:498)
	at org.junit.runners.model.FrameworkMethod$1.runReflectiveCall(FrameworkMethod.java:59)
	at org.junit.internal.runners.model.ReflectiveCallable.run(ReflectiveCallable.java:12)
	at org.junit.runners.model.FrameworkMethod.invokeExplosively(FrameworkMethod.java:56)
	at org.junit.internal.runners.statements.InvokeMethod.evaluate(InvokeMethod.java:17)
	at org.junit.internal.runners.statements.RunBefores.evaluate(RunBefores.java:26)
	at org.junit.internal.runners.statements.RunAfters.evaluate(RunAfters.java:27)
	at org.junit.internal.runners.statements.FailOnTimeout$CallableStatement.call(FailOnTimeout.java:288)
	at org.junit.internal.runners.statements.FailOnTimeout$CallableStatement.call(FailOnTimeout.java:282)
	at java.util.concurrent.FutureTask.run(FutureTask.java:266)
	at java.lang.Thread.run(Thread.java:750)
2023-06-22 21:36:35,593 [Time-limited test] WARN  ozone.BasicRootedOzoneFileSystem (BasicRootedOzoneFileSystem.java:deleteBucket(723)) - delete: Path does not exist: /volume-81005/bucket
]]></system-out>
  </testcase>
  <testcase name="testSymlinkPosixDelete" classname="TestRootedOzoneFileSystemWithFSO" time="0.185">
    <system-out><![CDATA[2023-06-22 21:37:53,405 [Time-limited test] INFO  rpc.RpcClient (RpcClient.java:createVolume(459)) - Creating Volume: volume07455, with user43194 as owner and space quota set to -1 bytes, counts quota set to -1
2023-06-22 21:37:53,406 [IPC Server handler 0 on default port 15057] INFO  volume.OMVolumeCreateRequest (OMVolumeCreateRequest.java:validateAndUpdateCache(196)) - created volume:volume07455 for user:user43194
2023-06-22 21:37:53,407 [Time-limited test] INFO  rpc.RpcClient (RpcClient.java:createBucket(686)) - Creating Bucket: volume07455/bucket01413, with bucket layout FILE_SYSTEM_OPTIMIZED, runner as owner, Versioning false, Storage Type set to DISK and Encryption set to false, Replication Type set to server-side default replication type, Namespace Quota set to -1, Space Quota set to -1 
2023-06-22 21:37:53,408 [IPC Server handler 2 on default port 15057] INFO  bucket.OMBucketCreateRequest (OMBucketCreateRequest.java:validateAndUpdateCache(270)) - created bucket: bucket01413 of layout FILE_SYSTEM_OPTIMIZED in volume: volume07455
2023-06-22 21:37:53,410 [Time-limited test] INFO  rpc.RpcClient (RpcClient.java:createVolume(459)) - Creating Volume: volume-31085, with runner as owner and space quota set to -1 bytes, counts quota set to -1
2023-06-22 21:37:53,411 [IPC Server handler 19 on default port 15057] INFO  volume.OMVolumeCreateRequest (OMVolumeCreateRequest.java:validateAndUpdateCache(196)) - created volume:volume-31085 for user:runner
21:37:53.412 [IPC Server handler 18 on default port 15057] ERROR OMAudit - user=runner | ip=127.0.0.1 | op=READ_BUCKET {volume=volume-31085, bucket=bucket} | ret=FAILURE
org.apache.hadoop.ozone.om.exceptions.OMException: Bucket not found
	at org.apache.hadoop.ozone.om.BucketManagerImpl.getBucketInfo(BucketManagerImpl.java:85) ~[ozone-manager-1.4.0-SNAPSHOT.jar:?]
	at org.apache.hadoop.ozone.om.OzoneManager.getBucketInfo(OzoneManager.java:2777) ~[ozone-manager-1.4.0-SNAPSHOT.jar:?]
	at org.apache.hadoop.ozone.protocolPB.OzoneManagerRequestHandler.infoBucket(OzoneManagerRequestHandler.java:524) ~[ozone-manager-1.4.0-SNAPSHOT.jar:?]
	at org.apache.hadoop.ozone.protocolPB.OzoneManagerRequestHandler.handleReadRequest(OzoneManagerRequestHandler.java:195) ~[ozone-manager-1.4.0-SNAPSHOT.jar:?]
	at org.apache.hadoop.ozone.protocolPB.OzoneManagerProtocolServerSideTranslatorPB.submitRequestDirectlyToOM(OzoneManagerProtocolServerSideTranslatorPB.java:272) ~[ozone-manager-1.4.0-SNAPSHOT.jar:?]
	at org.apache.hadoop.ozone.protocolPB.OzoneManagerProtocolServerSideTranslatorPB.processRequest(OzoneManagerProtocolServerSideTranslatorPB.java:173) ~[ozone-manager-1.4.0-SNAPSHOT.jar:?]
	at org.apache.hadoop.hdds.server.OzoneProtocolMessageDispatcher.processRequest(OzoneProtocolMessageDispatcher.java:87) [hdds-server-framework-1.4.0-SNAPSHOT.jar:?]
	at org.apache.hadoop.ozone.protocolPB.OzoneManagerProtocolServerSideTranslatorPB.submitRequest(OzoneManagerProtocolServerSideTranslatorPB.java:147) [ozone-manager-1.4.0-SNAPSHOT.jar:?]
	at org.apache.hadoop.ozone.protocol.proto.OzoneManagerProtocolProtos$OzoneManagerService$2.callBlockingMethod(OzoneManagerProtocolProtos.java) [ozone-interface-client-1.4.0-SNAPSHOT.jar:?]
	at org.apache.hadoop.ipc.ProtobufRpcEngine$Server.processCall(ProtobufRpcEngine.java:484) [hadoop-common-3.3.5.jar:?]
	at org.apache.hadoop.ipc.ProtobufRpcEngine2$Server$ProtoBufRpcInvoker.call(ProtobufRpcEngine2.java:595) [hadoop-common-3.3.5.jar:?]
	at org.apache.hadoop.ipc.ProtobufRpcEngine2$Server$ProtoBufRpcInvoker.call(ProtobufRpcEngine2.java:573) [hadoop-common-3.3.5.jar:?]
	at org.apache.hadoop.ipc.RPC$Server.call(RPC.java:1213) [hadoop-common-3.3.5.jar:?]
	at org.apache.hadoop.ipc.Server$RpcCall.run(Server.java:1089) [hadoop-common-3.3.5.jar:?]
	at org.apache.hadoop.ipc.Server$RpcCall.run(Server.java:1012) [hadoop-common-3.3.5.jar:?]
	at java.security.AccessController.doPrivileged(Native Method) ~[?:1.8.0_372]
	at javax.security.auth.Subject.doAs(Subject.java:422) [?:1.8.0_372]
	at org.apache.hadoop.security.UserGroupInformation.doAs(UserGroupInformation.java:1899) [hadoop-common-3.3.5.jar:?]
	at org.apache.hadoop.ipc.Server$Handler.run(Server.java:3026) [hadoop-common-3.3.5.jar:?]
2023-06-22 21:37:53,413 [Time-limited test] INFO  rpc.RpcClient (RpcClient.java:createBucket(686)) - Creating Bucket: volume-31085/bucket, with bucket layout FILE_SYSTEM_OPTIMIZED, runner as owner, Versioning false, Storage Type set to DISK and Encryption set to false, Replication Type set to server-side default replication type, Namespace Quota set to -1, Space Quota set to -1 
2023-06-22 21:37:53,414 [IPC Server handler 6 on default port 15057] INFO  bucket.OMBucketCreateRequest (OMBucketCreateRequest.java:validateAndUpdateCache(270)) - created bucket: bucket of layout FILE_SYSTEM_OPTIMIZED in volume: volume-31085
2023-06-22 21:37:53,416 [Time-limited test] INFO  rpc.RpcClient (RpcClient.java:createVolume(459)) - Creating Volume: volume-12769, with runner as owner and space quota set to -1 bytes, counts quota set to -1
2023-06-22 21:37:53,416 [IPC Server handler 9 on default port 15057] INFO  volume.OMVolumeCreateRequest (OMVolumeCreateRequest.java:validateAndUpdateCache(196)) - created volume:volume-12769 for user:runner
2023-06-22 21:37:53,417 [Time-limited test] INFO  rpc.RpcClient (RpcClient.java:createBucket(686)) - Creating Bucket: volume-12769/bucket, with server-side default bucket layout, runner as owner, Versioning false, Storage Type set to DISK and Encryption set to false, Replication Type set to server-side default replication type, Namespace Quota set to -1, Space Quota set to -1 
2023-06-22 21:37:53,418 [IPC Server handler 10 on default port 15057] INFO  bucket.OMBucketCreateRequest (OMBucketCreateRequest.java:validateAndUpdateCache(270)) - created bucket: bucket of layout FILE_SYSTEM_OPTIMIZED in volume: volume-12769
2023-06-22 21:37:53,507 [IPC Server handler 3 on default port 15054] WARN  node.SCMNodeManager (SCMNodeManager.java:getNodesByAddress(1377)) - Cannot find node for address 127.0.0.1
Deleted ofs://localhost:15057/volume-12769/bucket
21:37:53.516 [IPC Server handler 15 on default port 15057] ERROR OMAudit - user=runner | ip=127.0.0.1 | op=READ_BUCKET {volume=volume-12769, bucket=bucket} | ret=FAILURE
org.apache.hadoop.ozone.om.exceptions.OMException: Bucket not found
	at org.apache.hadoop.ozone.om.BucketManagerImpl.getBucketInfo(BucketManagerImpl.java:85) ~[ozone-manager-1.4.0-SNAPSHOT.jar:?]
	at org.apache.hadoop.ozone.om.OzoneManager.getBucketInfo(OzoneManager.java:2777) ~[ozone-manager-1.4.0-SNAPSHOT.jar:?]
	at org.apache.hadoop.ozone.protocolPB.OzoneManagerRequestHandler.infoBucket(OzoneManagerRequestHandler.java:524) ~[ozone-manager-1.4.0-SNAPSHOT.jar:?]
	at org.apache.hadoop.ozone.protocolPB.OzoneManagerRequestHandler.handleReadRequest(OzoneManagerRequestHandler.java:195) ~[ozone-manager-1.4.0-SNAPSHOT.jar:?]
	at org.apache.hadoop.ozone.protocolPB.OzoneManagerProtocolServerSideTranslatorPB.submitRequestDirectlyToOM(OzoneManagerProtocolServerSideTranslatorPB.java:272) ~[ozone-manager-1.4.0-SNAPSHOT.jar:?]
	at org.apache.hadoop.ozone.protocolPB.OzoneManagerProtocolServerSideTranslatorPB.processRequest(OzoneManagerProtocolServerSideTranslatorPB.java:173) ~[ozone-manager-1.4.0-SNAPSHOT.jar:?]
	at org.apache.hadoop.hdds.server.OzoneProtocolMessageDispatcher.processRequest(OzoneProtocolMessageDispatcher.java:87) [hdds-server-framework-1.4.0-SNAPSHOT.jar:?]
	at org.apache.hadoop.ozone.protocolPB.OzoneManagerProtocolServerSideTranslatorPB.submitRequest(OzoneManagerProtocolServerSideTranslatorPB.java:147) [ozone-manager-1.4.0-SNAPSHOT.jar:?]
	at org.apache.hadoop.ozone.protocol.proto.OzoneManagerProtocolProtos$OzoneManagerService$2.callBlockingMethod(OzoneManagerProtocolProtos.java) [ozone-interface-client-1.4.0-SNAPSHOT.jar:?]
	at org.apache.hadoop.ipc.ProtobufRpcEngine$Server.processCall(ProtobufRpcEngine.java:484) [hadoop-common-3.3.5.jar:?]
	at org.apache.hadoop.ipc.ProtobufRpcEngine2$Server$ProtoBufRpcInvoker.call(ProtobufRpcEngine2.java:595) [hadoop-common-3.3.5.jar:?]
	at org.apache.hadoop.ipc.ProtobufRpcEngine2$Server$ProtoBufRpcInvoker.call(ProtobufRpcEngine2.java:573) [hadoop-common-3.3.5.jar:?]
	at org.apache.hadoop.ipc.RPC$Server.call(RPC.java:1213) [hadoop-common-3.3.5.jar:?]
	at org.apache.hadoop.ipc.Server$RpcCall.run(Server.java:1089) [hadoop-common-3.3.5.jar:?]
	at org.apache.hadoop.ipc.Server$RpcCall.run(Server.java:1012) [hadoop-common-3.3.5.jar:?]
	at java.security.AccessController.doPrivileged(Native Method) ~[?:1.8.0_372]
	at javax.security.auth.Subject.doAs(Subject.java:422) [?:1.8.0_372]
	at org.apache.hadoop.security.UserGroupInformation.doAs(UserGroupInformation.java:1899) [hadoop-common-3.3.5.jar:?]
	at org.apache.hadoop.ipc.Server$Handler.run(Server.java:3026) [hadoop-common-3.3.5.jar:?]
2023-06-22 21:37:53,519 [IPC Server handler 4 on default port 15054] WARN  node.SCMNodeManager (SCMNodeManager.java:getNodesByAddress(1377)) - Cannot find node for address 127.0.0.1
2023-06-22 21:37:53,520 [Time-limited test] INFO  rpc.RpcClient (RpcClient.java:createBucket(686)) - Creating Bucket: volume-12769/bucket, with server-side default bucket layout, runner as owner, Versioning false, Storage Type set to DISK and Encryption set to false, Replication Type set to server-side default replication type, Namespace Quota set to -1, Space Quota set to -1 
2023-06-22 21:37:53,521 [IPC Server handler 13 on default port 15057] INFO  bucket.OMBucketCreateRequest (OMBucketCreateRequest.java:validateAndUpdateCache(270)) - created bucket: bucket of layout FILE_SYSTEM_OPTIMIZED in volume: volume-12769
Deleted ofs://localhost:15057/volume-12769/bucket/
21:37:53.541 [IPC Server handler 10 on default port 15057] ERROR OMAudit - user=runner | ip=127.0.0.1 | op=READ_KEY {volume=volume-31085, bucket=bucket, key=object-dir/object-name1, dataSize=0, replicationConfig=null} | ret=FAILURE
org.apache.hadoop.ozone.om.exceptions.OMException: Key:object-dir/object-name1 not found
	at org.apache.hadoop.ozone.om.KeyManagerImpl.readKeyInfo(KeyManagerImpl.java:427) ~[ozone-manager-1.4.0-SNAPSHOT.jar:?]
	at org.apache.hadoop.ozone.om.KeyManagerImpl.lambda$9(KeyManagerImpl.java:1922) ~[ozone-manager-1.4.0-SNAPSHOT.jar:?]
	at org.apache.hadoop.util.MetricUtil.captureLatencyNs(MetricUtil.java:39) ~[hdds-common-1.4.0-SNAPSHOT.jar:?]
	at org.apache.hadoop.ozone.om.KeyManagerImpl.getKeyInfo(KeyManagerImpl.java:1920) ~[ozone-manager-1.4.0-SNAPSHOT.jar:?]
	at org.apache.hadoop.ozone.om.OmMetadataReader.getKeyInfo(OmMetadataReader.java:209) ~[ozone-manager-1.4.0-SNAPSHOT.jar:?]
	at org.apache.hadoop.ozone.om.OzoneManager.getKeyInfo(OzoneManager.java:2807) ~[ozone-manager-1.4.0-SNAPSHOT.jar:?]
	at org.apache.hadoop.ozone.protocolPB.OzoneManagerRequestHandler.getKeyInfo(OzoneManagerRequestHandler.java:564) ~[ozone-manager-1.4.0-SNAPSHOT.jar:?]
	at org.apache.hadoop.ozone.protocolPB.OzoneManagerRequestHandler.handleReadRequest(OzoneManagerRequestHandler.java:299) ~[ozone-manager-1.4.0-SNAPSHOT.jar:?]
	at org.apache.hadoop.ozone.protocolPB.OzoneManagerProtocolServerSideTranslatorPB.submitRequestDirectlyToOM(OzoneManagerProtocolServerSideTranslatorPB.java:272) ~[ozone-manager-1.4.0-SNAPSHOT.jar:?]
	at org.apache.hadoop.ozone.protocolPB.OzoneManagerProtocolServerSideTranslatorPB.processRequest(OzoneManagerProtocolServerSideTranslatorPB.java:173) ~[ozone-manager-1.4.0-SNAPSHOT.jar:?]
	at org.apache.hadoop.hdds.server.OzoneProtocolMessageDispatcher.processRequest(OzoneProtocolMessageDispatcher.java:87) [hdds-server-framework-1.4.0-SNAPSHOT.jar:?]
	at org.apache.hadoop.ozone.protocolPB.OzoneManagerProtocolServerSideTranslatorPB.submitRequest(OzoneManagerProtocolServerSideTranslatorPB.java:147) [ozone-manager-1.4.0-SNAPSHOT.jar:?]
	at org.apache.hadoop.ozone.protocol.proto.OzoneManagerProtocolProtos$OzoneManagerService$2.callBlockingMethod(OzoneManagerProtocolProtos.java) [ozone-interface-client-1.4.0-SNAPSHOT.jar:?]
	at org.apache.hadoop.ipc.ProtobufRpcEngine$Server.processCall(ProtobufRpcEngine.java:484) [hadoop-common-3.3.5.jar:?]
	at org.apache.hadoop.ipc.ProtobufRpcEngine2$Server$ProtoBufRpcInvoker.call(ProtobufRpcEngine2.java:595) [hadoop-common-3.3.5.jar:?]
	at org.apache.hadoop.ipc.ProtobufRpcEngine2$Server$ProtoBufRpcInvoker.call(ProtobufRpcEngine2.java:573) [hadoop-common-3.3.5.jar:?]
	at org.apache.hadoop.ipc.RPC$Server.call(RPC.java:1213) [hadoop-common-3.3.5.jar:?]
	at org.apache.hadoop.ipc.Server$RpcCall.run(Server.java:1089) [hadoop-common-3.3.5.jar:?]
	at org.apache.hadoop.ipc.Server$RpcCall.run(Server.java:1012) [hadoop-common-3.3.5.jar:?]
	at java.security.AccessController.doPrivileged(Native Method) ~[?:1.8.0_372]
	at javax.security.auth.Subject.doAs(Subject.java:422) [?:1.8.0_372]
	at org.apache.hadoop.security.UserGroupInformation.doAs(UserGroupInformation.java:1899) [hadoop-common-3.3.5.jar:?]
	at org.apache.hadoop.ipc.Server$Handler.run(Server.java:3026) [hadoop-common-3.3.5.jar:?]
Deleted ofs://localhost:15057/volume-12769/bucket
21:37:53.553 [IPC Server handler 10 on default port 15057] ERROR OMAudit - user=runner | ip=127.0.0.1 | op=READ_BUCKET {volume=volume-12769, bucket=bucket} | ret=FAILURE
org.apache.hadoop.ozone.om.exceptions.OMException: Bucket not found
	at org.apache.hadoop.ozone.om.BucketManagerImpl.getBucketInfo(BucketManagerImpl.java:85) ~[ozone-manager-1.4.0-SNAPSHOT.jar:?]
	at org.apache.hadoop.ozone.om.OzoneManager.getBucketInfo(OzoneManager.java:2777) ~[ozone-manager-1.4.0-SNAPSHOT.jar:?]
	at org.apache.hadoop.ozone.protocolPB.OzoneManagerRequestHandler.infoBucket(OzoneManagerRequestHandler.java:524) ~[ozone-manager-1.4.0-SNAPSHOT.jar:?]
	at org.apache.hadoop.ozone.protocolPB.OzoneManagerRequestHandler.handleReadRequest(OzoneManagerRequestHandler.java:195) ~[ozone-manager-1.4.0-SNAPSHOT.jar:?]
	at org.apache.hadoop.ozone.protocolPB.OzoneManagerProtocolServerSideTranslatorPB.submitRequestDirectlyToOM(OzoneManagerProtocolServerSideTranslatorPB.java:272) ~[ozone-manager-1.4.0-SNAPSHOT.jar:?]
	at org.apache.hadoop.ozone.protocolPB.OzoneManagerProtocolServerSideTranslatorPB.processRequest(OzoneManagerProtocolServerSideTranslatorPB.java:173) ~[ozone-manager-1.4.0-SNAPSHOT.jar:?]
	at org.apache.hadoop.hdds.server.OzoneProtocolMessageDispatcher.processRequest(OzoneProtocolMessageDispatcher.java:87) [hdds-server-framework-1.4.0-SNAPSHOT.jar:?]
	at org.apache.hadoop.ozone.protocolPB.OzoneManagerProtocolServerSideTranslatorPB.submitRequest(OzoneManagerProtocolServerSideTranslatorPB.java:147) [ozone-manager-1.4.0-SNAPSHOT.jar:?]
	at org.apache.hadoop.ozone.protocol.proto.OzoneManagerProtocolProtos$OzoneManagerService$2.callBlockingMethod(OzoneManagerProtocolProtos.java) [ozone-interface-client-1.4.0-SNAPSHOT.jar:?]
	at org.apache.hadoop.ipc.ProtobufRpcEngine$Server.processCall(ProtobufRpcEngine.java:484) [hadoop-common-3.3.5.jar:?]
	at org.apache.hadoop.ipc.ProtobufRpcEngine2$Server$ProtoBufRpcInvoker.call(ProtobufRpcEngine2.java:595) [hadoop-common-3.3.5.jar:?]
	at org.apache.hadoop.ipc.ProtobufRpcEngine2$Server$ProtoBufRpcInvoker.call(ProtobufRpcEngine2.java:573) [hadoop-common-3.3.5.jar:?]
	at org.apache.hadoop.ipc.RPC$Server.call(RPC.java:1213) [hadoop-common-3.3.5.jar:?]
	at org.apache.hadoop.ipc.Server$RpcCall.run(Server.java:1089) [hadoop-common-3.3.5.jar:?]
	at org.apache.hadoop.ipc.Server$RpcCall.run(Server.java:1012) [hadoop-common-3.3.5.jar:?]
	at java.security.AccessController.doPrivileged(Native Method) ~[?:1.8.0_372]
	at javax.security.auth.Subject.doAs(Subject.java:422) [?:1.8.0_372]
	at org.apache.hadoop.security.UserGroupInformation.doAs(UserGroupInformation.java:1899) [hadoop-common-3.3.5.jar:?]
	at org.apache.hadoop.ipc.Server$Handler.run(Server.java:3026) [hadoop-common-3.3.5.jar:?]
21:37:53.554 [IPC Server handler 4 on default port 15057] ERROR OMAudit - user=runner | ip=127.0.0.1 | op=READ_BUCKET {volume=volume-12769, bucket=bucket} | ret=FAILURE
org.apache.hadoop.ozone.om.exceptions.OMException: Bucket not found
	at org.apache.hadoop.ozone.om.BucketManagerImpl.getBucketInfo(BucketManagerImpl.java:85) ~[ozone-manager-1.4.0-SNAPSHOT.jar:?]
	at org.apache.hadoop.ozone.om.OzoneManager.getBucketInfo(OzoneManager.java:2777) ~[ozone-manager-1.4.0-SNAPSHOT.jar:?]
	at org.apache.hadoop.ozone.protocolPB.OzoneManagerRequestHandler.infoBucket(OzoneManagerRequestHandler.java:524) ~[ozone-manager-1.4.0-SNAPSHOT.jar:?]
	at org.apache.hadoop.ozone.protocolPB.OzoneManagerRequestHandler.handleReadRequest(OzoneManagerRequestHandler.java:195) ~[ozone-manager-1.4.0-SNAPSHOT.jar:?]
	at org.apache.hadoop.ozone.protocolPB.OzoneManagerProtocolServerSideTranslatorPB.submitRequestDirectlyToOM(OzoneManagerProtocolServerSideTranslatorPB.java:272) ~[ozone-manager-1.4.0-SNAPSHOT.jar:?]
	at org.apache.hadoop.ozone.protocolPB.OzoneManagerProtocolServerSideTranslatorPB.processRequest(OzoneManagerProtocolServerSideTranslatorPB.java:173) ~[ozone-manager-1.4.0-SNAPSHOT.jar:?]
	at org.apache.hadoop.hdds.server.OzoneProtocolMessageDispatcher.processRequest(OzoneProtocolMessageDispatcher.java:87) [hdds-server-framework-1.4.0-SNAPSHOT.jar:?]
	at org.apache.hadoop.ozone.protocolPB.OzoneManagerProtocolServerSideTranslatorPB.submitRequest(OzoneManagerProtocolServerSideTranslatorPB.java:147) [ozone-manager-1.4.0-SNAPSHOT.jar:?]
	at org.apache.hadoop.ozone.protocol.proto.OzoneManagerProtocolProtos$OzoneManagerService$2.callBlockingMethod(OzoneManagerProtocolProtos.java) [ozone-interface-client-1.4.0-SNAPSHOT.jar:?]
	at org.apache.hadoop.ipc.ProtobufRpcEngine$Server.processCall(ProtobufRpcEngine.java:484) [hadoop-common-3.3.5.jar:?]
	at org.apache.hadoop.ipc.ProtobufRpcEngine2$Server$ProtoBufRpcInvoker.call(ProtobufRpcEngine2.java:595) [hadoop-common-3.3.5.jar:?]
	at org.apache.hadoop.ipc.ProtobufRpcEngine2$Server$ProtoBufRpcInvoker.call(ProtobufRpcEngine2.java:573) [hadoop-common-3.3.5.jar:?]
	at org.apache.hadoop.ipc.RPC$Server.call(RPC.java:1213) [hadoop-common-3.3.5.jar:?]
	at org.apache.hadoop.ipc.Server$RpcCall.run(Server.java:1089) [hadoop-common-3.3.5.jar:?]
	at org.apache.hadoop.ipc.Server$RpcCall.run(Server.java:1012) [hadoop-common-3.3.5.jar:?]
	at java.security.AccessController.doPrivileged(Native Method) ~[?:1.8.0_372]
	at javax.security.auth.Subject.doAs(Subject.java:422) [?:1.8.0_372]
	at org.apache.hadoop.security.UserGroupInformation.doAs(UserGroupInformation.java:1899) [hadoop-common-3.3.5.jar:?]
	at org.apache.hadoop.ipc.Server$Handler.run(Server.java:3026) [hadoop-common-3.3.5.jar:?]
21:37:53.555 [IPC Server handler 0 on default port 15057] ERROR OMAudit - user=runner | ip=127.0.0.1 | op=READ_BUCKET {volume=volume-12769, bucket=bucket} | ret=FAILURE
org.apache.hadoop.ozone.om.exceptions.OMException: Bucket not found
	at org.apache.hadoop.ozone.om.BucketManagerImpl.getBucketInfo(BucketManagerImpl.java:85) ~[ozone-manager-1.4.0-SNAPSHOT.jar:?]
	at org.apache.hadoop.ozone.om.OzoneManager.getBucketInfo(OzoneManager.java:2777) ~[ozone-manager-1.4.0-SNAPSHOT.jar:?]
	at org.apache.hadoop.ozone.protocolPB.OzoneManagerRequestHandler.infoBucket(OzoneManagerRequestHandler.java:524) ~[ozone-manager-1.4.0-SNAPSHOT.jar:?]
	at org.apache.hadoop.ozone.protocolPB.OzoneManagerRequestHandler.handleReadRequest(OzoneManagerRequestHandler.java:195) ~[ozone-manager-1.4.0-SNAPSHOT.jar:?]
	at org.apache.hadoop.ozone.protocolPB.OzoneManagerProtocolServerSideTranslatorPB.submitRequestDirectlyToOM(OzoneManagerProtocolServerSideTranslatorPB.java:272) ~[ozone-manager-1.4.0-SNAPSHOT.jar:?]
	at org.apache.hadoop.ozone.protocolPB.OzoneManagerProtocolServerSideTranslatorPB.processRequest(OzoneManagerProtocolServerSideTranslatorPB.java:173) ~[ozone-manager-1.4.0-SNAPSHOT.jar:?]
	at org.apache.hadoop.hdds.server.OzoneProtocolMessageDispatcher.processRequest(OzoneProtocolMessageDispatcher.java:87) [hdds-server-framework-1.4.0-SNAPSHOT.jar:?]
	at org.apache.hadoop.ozone.protocolPB.OzoneManagerProtocolServerSideTranslatorPB.submitRequest(OzoneManagerProtocolServerSideTranslatorPB.java:147) [ozone-manager-1.4.0-SNAPSHOT.jar:?]
	at org.apache.hadoop.ozone.protocol.proto.OzoneManagerProtocolProtos$OzoneManagerService$2.callBlockingMethod(OzoneManagerProtocolProtos.java) [ozone-interface-client-1.4.0-SNAPSHOT.jar:?]
	at org.apache.hadoop.ipc.ProtobufRpcEngine$Server.processCall(ProtobufRpcEngine.java:484) [hadoop-common-3.3.5.jar:?]
	at org.apache.hadoop.ipc.ProtobufRpcEngine2$Server$ProtoBufRpcInvoker.call(ProtobufRpcEngine2.java:595) [hadoop-common-3.3.5.jar:?]
	at org.apache.hadoop.ipc.ProtobufRpcEngine2$Server$ProtoBufRpcInvoker.call(ProtobufRpcEngine2.java:573) [hadoop-common-3.3.5.jar:?]
	at org.apache.hadoop.ipc.RPC$Server.call(RPC.java:1213) [hadoop-common-3.3.5.jar:?]
	at org.apache.hadoop.ipc.Server$RpcCall.run(Server.java:1089) [hadoop-common-3.3.5.jar:?]
	at org.apache.hadoop.ipc.Server$RpcCall.run(Server.java:1012) [hadoop-common-3.3.5.jar:?]
	at java.security.AccessController.doPrivileged(Native Method) ~[?:1.8.0_372]
	at javax.security.auth.Subject.doAs(Subject.java:422) [?:1.8.0_372]
	at org.apache.hadoop.security.UserGroupInformation.doAs(UserGroupInformation.java:1899) [hadoop-common-3.3.5.jar:?]
	at org.apache.hadoop.ipc.Server$Handler.run(Server.java:3026) [hadoop-common-3.3.5.jar:?]
2023-06-22 21:37:53,556 [Time-limited test] ERROR ozone.BasicRootedOzoneFileSystem (BasicRootedOzoneFileSystem.java:isLinkBucket(757)) - Exception while getting bucket link information, considered it as false
BUCKET_NOT_FOUND org.apache.hadoop.ozone.om.exceptions.OMException: Bucket not found
	at org.apache.hadoop.ozone.om.protocolPB.OzoneManagerProtocolClientSideTranslatorPB.handleError(OzoneManagerProtocolClientSideTranslatorPB.java:713)
	at org.apache.hadoop.ozone.om.protocolPB.OzoneManagerProtocolClientSideTranslatorPB.getBucketInfo(OzoneManagerProtocolClientSideTranslatorPB.java:562)
	at org.apache.hadoop.ozone.client.rpc.RpcClient.getBucketDetails(RpcClient.java:1201)
	at org.apache.hadoop.fs.ozone.BasicRootedOzoneClientAdapterImpl.getBucket(BasicRootedOzoneClientAdapterImpl.java:277)
	at org.apache.hadoop.fs.ozone.BasicRootedOzoneClientAdapterImpl.getBucket(BasicRootedOzoneClientAdapterImpl.java:251)
	at org.apache.hadoop.fs.ozone.BasicRootedOzoneFileSystem.isLinkBucket(BasicRootedOzoneFileSystem.java:752)
	at org.apache.hadoop.fs.ozone.BasicRootedOzoneFileSystem.deleteBucket(BasicRootedOzoneFileSystem.java:719)
	at org.apache.hadoop.fs.ozone.BasicRootedOzoneFileSystem.delete(BasicRootedOzoneFileSystem.java:673)
	at org.apache.hadoop.fs.FileSystem.delete(FileSystem.java:1730)
	at org.apache.hadoop.fs.ozone.TestRootedOzoneFileSystem.testSymlinkPosixDelete(TestRootedOzoneFileSystem.java:1707)
	at sun.reflect.NativeMethodAccessorImpl.invoke0(Native Method)
	at sun.reflect.NativeMethodAccessorImpl.invoke(NativeMethodAccessorImpl.java:62)
	at sun.reflect.DelegatingMethodAccessorImpl.invoke(DelegatingMethodAccessorImpl.java:43)
	at java.lang.reflect.Method.invoke(Method.java:498)
	at org.junit.runners.model.FrameworkMethod$1.runReflectiveCall(FrameworkMethod.java:59)
	at org.junit.internal.runners.model.ReflectiveCallable.run(ReflectiveCallable.java:12)
	at org.junit.runners.model.FrameworkMethod.invokeExplosively(FrameworkMethod.java:56)
	at org.junit.internal.runners.statements.InvokeMethod.evaluate(InvokeMethod.java:17)
	at org.junit.internal.runners.statements.RunBefores.evaluate(RunBefores.java:26)
	at org.junit.internal.runners.statements.RunAfters.evaluate(RunAfters.java:27)
	at org.junit.internal.runners.statements.FailOnTimeout$CallableStatement.call(FailOnTimeout.java:288)
	at org.junit.internal.runners.statements.FailOnTimeout$CallableStatement.call(FailOnTimeout.java:282)
	at java.util.concurrent.FutureTask.run(FutureTask.java:266)
	at java.lang.Thread.run(Thread.java:750)
2023-06-22 21:37:53,556 [Time-limited test] WARN  ozone.BasicRootedOzoneFileSystem (BasicRootedOzoneFileSystem.java:deleteBucket(723)) - delete: Path does not exist: /volume-12769/bucket
]]></system-out>
  </testcase>
  <testcase name="testCreateAndCheckECFileDiskUsage" classname="TestRootedOzoneFileSystemWithFSO" time="0.419">
    <system-out><![CDATA[2023-06-22 21:36:35,640 [Time-limited test] INFO  rpc.RpcClient (RpcClient.java:createVolume(459)) - Creating Volume: volume52628, with user44784 as owner and space quota set to -1 bytes, counts quota set to -1
2023-06-22 21:36:35,642 [OM StateMachine ApplyTransaction Thread - 0] INFO  volume.OMVolumeCreateRequest (OMVolumeCreateRequest.java:validateAndUpdateCache(196)) - created volume:volume52628 for user:user44784
2023-06-22 21:36:35,642 [Time-limited test] INFO  rpc.RpcClient (RpcClient.java:createBucket(686)) - Creating Bucket: volume52628/bucket16022, with bucket layout FILE_SYSTEM_OPTIMIZED, runner as owner, Versioning false, Storage Type set to DISK and Encryption set to false, Replication Type set to server-side default replication type, Namespace Quota set to -1, Space Quota set to -1 
2023-06-22 21:36:35,644 [OM StateMachine ApplyTransaction Thread - 0] INFO  bucket.OMBucketCreateRequest (OMBucketCreateRequest.java:validateAndUpdateCache(270)) - created bucket: bucket16022 of layout FILE_SYSTEM_OPTIMIZED in volume: volume52628
2023-06-22 21:36:35,656 [IPC Server handler 10 on default port 15001] INFO  pipeline.PipelineStateManagerImpl (PipelineStateManagerImpl.java:addPipeline(103)) - Created pipeline Pipeline[ Id: a0549f68-8be2-4334-b29f-2fdea74b3d4f, Nodes: 84a824f3-7f5d-4f33-8f93-63e849b7c227(fv-az504-135/10.1.1.69)470642db-8038-41e5-a5f3-81d987be2f99(fv-az504-135/10.1.1.69)4917f783-1696-4d8b-b9da-38da8f9791cf(fv-az504-135/10.1.1.69)45e724c1-f4a6-4405-a7cb-dfa9f2e55867(fv-az504-135/10.1.1.69)e93313c7-0cf0-4fbd-b335-d67d16700e0a(fv-az504-135/10.1.1.69), ReplicationConfig: EC{rs-3-2-1024k}, State:ALLOCATED, leaderId:, CreationTimestamp2023-06-22T21:36:35.655Z[Etc/UTC]].
2023-06-22 21:36:35,658 [IPC Server handler 10 on default port 15001] INFO  pipeline.PipelineManagerImpl (PipelineManagerImpl.java:openPipeline(367)) - Pipeline Pipeline[ Id: a0549f68-8be2-4334-b29f-2fdea74b3d4f, Nodes: 84a824f3-7f5d-4f33-8f93-63e849b7c227(fv-az504-135/10.1.1.69)470642db-8038-41e5-a5f3-81d987be2f99(fv-az504-135/10.1.1.69)4917f783-1696-4d8b-b9da-38da8f9791cf(fv-az504-135/10.1.1.69)45e724c1-f4a6-4405-a7cb-dfa9f2e55867(fv-az504-135/10.1.1.69)e93313c7-0cf0-4fbd-b335-d67d16700e0a(fv-az504-135/10.1.1.69), ReplicationConfig: EC{rs-3-2-1024k}, State:ALLOCATED, leaderId:, CreationTimestamp2023-06-22T21:36:35.655Z[Etc/UTC]] moved to OPEN state
2023-06-22 21:36:35,722 [Time-limited test] WARN  erasurecode.ErasureCodeNative (ErasureCodeNative.java:<clinit>(55)) - ISA-L support is not available in your platform... using builtin-java codec where applicable
]]></system-out>
  </testcase>
  <testcase name="testCreateAndCheckECFileDiskUsage" classname="TestRootedOzoneFileSystemWithFSO" time="0.199">
    <system-out><![CDATA[2023-06-22 21:37:53,593 [Time-limited test] INFO  rpc.RpcClient (RpcClient.java:createVolume(459)) - Creating Volume: volume44423, with user17826 as owner and space quota set to -1 bytes, counts quota set to -1
2023-06-22 21:37:53,594 [IPC Server handler 4 on default port 15057] INFO  volume.OMVolumeCreateRequest (OMVolumeCreateRequest.java:validateAndUpdateCache(196)) - created volume:volume44423 for user:user17826
2023-06-22 21:37:53,597 [Time-limited test] INFO  rpc.RpcClient (RpcClient.java:createBucket(686)) - Creating Bucket: volume44423/bucket44722, with bucket layout FILE_SYSTEM_OPTIMIZED, runner as owner, Versioning false, Storage Type set to DISK and Encryption set to false, Replication Type set to server-side default replication type, Namespace Quota set to -1, Space Quota set to -1 
2023-06-22 21:37:53,597 [IPC Server handler 12 on default port 15057] INFO  bucket.OMBucketCreateRequest (OMBucketCreateRequest.java:validateAndUpdateCache(270)) - created bucket: bucket44722 of layout FILE_SYSTEM_OPTIMIZED in volume: volume44423
2023-06-22 21:37:53,603 [IPC Server handler 2 on default port 15054] INFO  pipeline.PipelineStateManagerImpl (PipelineStateManagerImpl.java:addPipeline(103)) - Created pipeline Pipeline[ Id: df9a7158-d627-4bf5-a9c6-33c88f2a8f25, Nodes: f1abb7db-c3af-437a-bde0-e7e35204823b(fv-az504-135/10.1.1.69)65b54071-31d6-4bc0-82c0-f363a9aa9754(fv-az504-135/10.1.1.69)599df4a6-6b73-4cda-a21a-cae0798e8b5d(fv-az504-135/10.1.1.69)93c05b65-1d47-44de-af22-274bc9e484bb(fv-az504-135/10.1.1.69)8f15a801-56b9-4d07-a63b-fddd9ee2c994(fv-az504-135/10.1.1.69), ReplicationConfig: EC{rs-3-2-1024k}, State:ALLOCATED, leaderId:, CreationTimestamp2023-06-22T21:37:53.600Z[Etc/UTC]].
2023-06-22 21:37:53,603 [IPC Server handler 2 on default port 15054] INFO  pipeline.PipelineManagerImpl (PipelineManagerImpl.java:openPipeline(367)) - Pipeline Pipeline[ Id: df9a7158-d627-4bf5-a9c6-33c88f2a8f25, Nodes: f1abb7db-c3af-437a-bde0-e7e35204823b(fv-az504-135/10.1.1.69)65b54071-31d6-4bc0-82c0-f363a9aa9754(fv-az504-135/10.1.1.69)599df4a6-6b73-4cda-a21a-cae0798e8b5d(fv-az504-135/10.1.1.69)93c05b65-1d47-44de-af22-274bc9e484bb(fv-az504-135/10.1.1.69)8f15a801-56b9-4d07-a63b-fddd9ee2c994(fv-az504-135/10.1.1.69), ReplicationConfig: EC{rs-3-2-1024k}, State:ALLOCATED, leaderId:, CreationTimestamp2023-06-22T21:37:53.600Z[Etc/UTC]] moved to OPEN state
]]></system-out>
  </testcase>
  <testcase name="testListStatusIteratorWithDir" classname="TestRootedOzoneFileSystemWithFSO" time="0.067">
    <system-out><![CDATA[2023-06-22 21:36:36,060 [Time-limited test] INFO  rpc.RpcClient (RpcClient.java:createVolume(459)) - Creating Volume: volume46066, with user49033 as owner and space quota set to -1 bytes, counts quota set to -1
2023-06-22 21:36:36,061 [OM StateMachine ApplyTransaction Thread - 0] INFO  volume.OMVolumeCreateRequest (OMVolumeCreateRequest.java:validateAndUpdateCache(196)) - created volume:volume46066 for user:user49033
2023-06-22 21:36:36,063 [Time-limited test] INFO  rpc.RpcClient (RpcClient.java:createBucket(686)) - Creating Bucket: volume46066/bucket09938, with bucket layout FILE_SYSTEM_OPTIMIZED, runner as owner, Versioning false, Storage Type set to DISK and Encryption set to false, Replication Type set to server-side default replication type, Namespace Quota set to -1, Space Quota set to -1 
2023-06-22 21:36:36,064 [OM StateMachine ApplyTransaction Thread - 0] INFO  bucket.OMBucketCreateRequest (OMBucketCreateRequest.java:validateAndUpdateCache(270)) - created bucket: bucket09938 of layout FILE_SYSTEM_OPTIMIZED in volume: volume46066
]]></system-out>
  </testcase>
  <testcase name="testListStatusIteratorWithDir" classname="TestRootedOzoneFileSystemWithFSO" time="0.05">
    <system-out><![CDATA[2023-06-22 21:37:53,788 [Time-limited test] INFO  rpc.RpcClient (RpcClient.java:createVolume(459)) - Creating Volume: volume77607, with user01777 as owner and space quota set to -1 bytes, counts quota set to -1
2023-06-22 21:37:53,789 [IPC Server handler 13 on default port 15057] INFO  volume.OMVolumeCreateRequest (OMVolumeCreateRequest.java:validateAndUpdateCache(196)) - created volume:volume77607 for user:user01777
2023-06-22 21:37:53,791 [Time-limited test] INFO  rpc.RpcClient (RpcClient.java:createBucket(686)) - Creating Bucket: volume77607/bucket54988, with bucket layout FILE_SYSTEM_OPTIMIZED, runner as owner, Versioning false, Storage Type set to DISK and Encryption set to false, Replication Type set to server-side default replication type, Namespace Quota set to -1, Space Quota set to -1 
2023-06-22 21:37:53,791 [IPC Server handler 3 on default port 15057] INFO  bucket.OMBucketCreateRequest (OMBucketCreateRequest.java:validateAndUpdateCache(270)) - created bucket: bucket54988 of layout FILE_SYSTEM_OPTIMIZED in volume: volume77607
]]></system-out>
  </testcase>
  <testcase name="testListStatusOnLargeDirectory" classname="TestRootedOzoneFileSystemWithFSO" time="9.108">
    <system-out><![CDATA[2023-06-22 21:36:36,133 [Time-limited test] INFO  rpc.RpcClient (RpcClient.java:createVolume(459)) - Creating Volume: volume23525, with user24249 as owner and space quota set to -1 bytes, counts quota set to -1
2023-06-22 21:36:36,135 [OM StateMachine ApplyTransaction Thread - 0] INFO  volume.OMVolumeCreateRequest (OMVolumeCreateRequest.java:validateAndUpdateCache(196)) - created volume:volume23525 for user:user24249
2023-06-22 21:36:36,137 [Time-limited test] INFO  rpc.RpcClient (RpcClient.java:createBucket(686)) - Creating Bucket: volume23525/bucket37542, with bucket layout FILE_SYSTEM_OPTIMIZED, runner as owner, Versioning false, Storage Type set to DISK and Encryption set to false, Replication Type set to server-side default replication type, Namespace Quota set to -1, Space Quota set to -1 
2023-06-22 21:36:36,140 [OM StateMachine ApplyTransaction Thread - 0] INFO  bucket.OMBucketCreateRequest (OMBucketCreateRequest.java:validateAndUpdateCache(270)) - created bucket: bucket37542 of layout FILE_SYSTEM_OPTIMIZED in volume: volume23525
]]></system-out>
  </testcase>
  <testcase name="testListStatusOnLargeDirectory" classname="TestRootedOzoneFileSystemWithFSO" time="6.945">
    <system-out><![CDATA[2023-06-22 21:37:53,838 [Time-limited test] INFO  rpc.RpcClient (RpcClient.java:createVolume(459)) - Creating Volume: volume72801, with user48112 as owner and space quota set to -1 bytes, counts quota set to -1
2023-06-22 21:37:53,839 [IPC Server handler 1 on default port 15057] INFO  volume.OMVolumeCreateRequest (OMVolumeCreateRequest.java:validateAndUpdateCache(196)) - created volume:volume72801 for user:user48112
2023-06-22 21:37:53,840 [Time-limited test] INFO  rpc.RpcClient (RpcClient.java:createBucket(686)) - Creating Bucket: volume72801/bucket44772, with bucket layout FILE_SYSTEM_OPTIMIZED, runner as owner, Versioning false, Storage Type set to DISK and Encryption set to false, Replication Type set to server-side default replication type, Namespace Quota set to -1, Space Quota set to -1 
2023-06-22 21:37:53,841 [IPC Server handler 0 on default port 15057] INFO  bucket.OMBucketCreateRequest (OMBucketCreateRequest.java:validateAndUpdateCache(270)) - created bucket: bucket44772 of layout FILE_SYSTEM_OPTIMIZED in volume: volume72801
2023-06-22 21:37:54,330 [BlockDeletingService#0] INFO  interfaces.ContainerDeletionChoosingPolicyTemplate (ContainerDeletionChoosingPolicyTemplate.java:chooseContainerForBlockDeletion(83)) - Chosen 0/5000 blocks from 0 candidate containers.
2023-06-22 21:37:54,697 [BlockDeletingService#0] INFO  interfaces.ContainerDeletionChoosingPolicyTemplate (ContainerDeletionChoosingPolicyTemplate.java:chooseContainerForBlockDeletion(83)) - Chosen 0/5000 blocks from 0 candidate containers.
2023-06-22 21:37:55,134 [BlockDeletingService#0] INFO  interfaces.ContainerDeletionChoosingPolicyTemplate (ContainerDeletionChoosingPolicyTemplate.java:chooseContainerForBlockDeletion(83)) - Chosen 0/5000 blocks from 0 candidate containers.
2023-06-22 21:37:55,482 [BlockDeletingService#0] INFO  interfaces.ContainerDeletionChoosingPolicyTemplate (ContainerDeletionChoosingPolicyTemplate.java:chooseContainerForBlockDeletion(83)) - Chosen 0/5000 blocks from 0 candidate containers.
2023-06-22 21:37:55,803 [BlockDeletingService#0] INFO  interfaces.ContainerDeletionChoosingPolicyTemplate (ContainerDeletionChoosingPolicyTemplate.java:chooseContainerForBlockDeletion(83)) - Chosen 0/5000 blocks from 0 candidate containers.
2023-06-22 21:37:57,595 [KeyDeletingService#0] INFO  utils.BackgroundService (AbstractKeyDeletingService.java:optimizeDirDeletesAndSubmitRequest(429)) - Number of dirs deleted: 6295, Number of sub-dir deleted: 31, Number of sub-files moved: 1237 to DeletedTable, Number of sub-dirs moved 0 to DeletedDirectoryTable, iteration elapsed: 5801ms, totalRunCount: 2
]]></system-out>
  </testcase>
  <testcase name="testFileSystemDeclaresCapability" classname="TestRootedOzoneFileSystemWithFSO" time="0.034">
    <system-out><![CDATA[2023-06-22 21:36:45,236 [Time-limited test] INFO  rpc.RpcClient (RpcClient.java:createVolume(459)) - Creating Volume: volume28562, with user33556 as owner and space quota set to -1 bytes, counts quota set to -1
2023-06-22 21:36:45,238 [OM StateMachine ApplyTransaction Thread - 0] INFO  volume.OMVolumeCreateRequest (OMVolumeCreateRequest.java:validateAndUpdateCache(196)) - created volume:volume28562 for user:user33556
2023-06-22 21:36:45,239 [Time-limited test] INFO  rpc.RpcClient (RpcClient.java:createBucket(686)) - Creating Bucket: volume28562/bucket47868, with bucket layout FILE_SYSTEM_OPTIMIZED, runner as owner, Versioning false, Storage Type set to DISK and Encryption set to false, Replication Type set to server-side default replication type, Namespace Quota set to -1, Space Quota set to -1 
2023-06-22 21:36:45,240 [OM StateMachine ApplyTransaction Thread - 0] INFO  bucket.OMBucketCreateRequest (OMBucketCreateRequest.java:validateAndUpdateCache(270)) - created bucket: bucket47868 of layout FILE_SYSTEM_OPTIMIZED in volume: volume28562
]]></system-out>
  </testcase>
  <testcase name="testFileSystemDeclaresCapability" classname="TestRootedOzoneFileSystemWithFSO" time="0.026">
    <system-out><![CDATA[2023-06-22 21:38:00,784 [Time-limited test] INFO  rpc.RpcClient (RpcClient.java:createVolume(459)) - Creating Volume: volume05299, with user19557 as owner and space quota set to -1 bytes, counts quota set to -1
2023-06-22 21:38:00,786 [IPC Server handler 5 on default port 15057] INFO  volume.OMVolumeCreateRequest (OMVolumeCreateRequest.java:validateAndUpdateCache(196)) - created volume:volume05299 for user:user19557
2023-06-22 21:38:00,787 [Time-limited test] INFO  rpc.RpcClient (RpcClient.java:createBucket(686)) - Creating Bucket: volume05299/bucket52099, with bucket layout FILE_SYSTEM_OPTIMIZED, runner as owner, Versioning false, Storage Type set to DISK and Encryption set to false, Replication Type set to server-side default replication type, Namespace Quota set to -1, Space Quota set to -1 
2023-06-22 21:38:00,787 [IPC Server handler 11 on default port 15057] INFO  bucket.OMBucketCreateRequest (OMBucketCreateRequest.java:validateAndUpdateCache(270)) - created bucket: bucket52099 of layout FILE_SYSTEM_OPTIMIZED in volume: volume05299
]]></system-out>
  </testcase>
  <testcase name="testRenameToDifferentBucket" classname="TestRootedOzoneFileSystemWithFSO" time="0.047">
    <system-out><![CDATA[2023-06-22 21:36:45,269 [Time-limited test] INFO  rpc.RpcClient (RpcClient.java:createVolume(459)) - Creating Volume: volume77223, with user10083 as owner and space quota set to -1 bytes, counts quota set to -1
2023-06-22 21:36:45,270 [OM StateMachine ApplyTransaction Thread - 0] INFO  volume.OMVolumeCreateRequest (OMVolumeCreateRequest.java:validateAndUpdateCache(196)) - created volume:volume77223 for user:user10083
2023-06-22 21:36:45,271 [Time-limited test] INFO  rpc.RpcClient (RpcClient.java:createBucket(686)) - Creating Bucket: volume77223/bucket94942, with bucket layout FILE_SYSTEM_OPTIMIZED, runner as owner, Versioning false, Storage Type set to DISK and Encryption set to false, Replication Type set to server-side default replication type, Namespace Quota set to -1, Space Quota set to -1 
2023-06-22 21:36:45,273 [OM StateMachine ApplyTransaction Thread - 0] INFO  bucket.OMBucketCreateRequest (OMBucketCreateRequest.java:validateAndUpdateCache(270)) - created bucket: bucket94942 of layout FILE_SYSTEM_OPTIMIZED in volume: volume77223
]]></system-out>
  </testcase>
  <testcase name="testRenameToDifferentBucket" classname="TestRootedOzoneFileSystemWithFSO" time="0.036">
    <system-out><![CDATA[2023-06-22 21:38:00,812 [Time-limited test] INFO  rpc.RpcClient (RpcClient.java:createVolume(459)) - Creating Volume: volume74916, with user60542 as owner and space quota set to -1 bytes, counts quota set to -1
2023-06-22 21:38:00,813 [IPC Server handler 10 on default port 15057] INFO  volume.OMVolumeCreateRequest (OMVolumeCreateRequest.java:validateAndUpdateCache(196)) - created volume:volume74916 for user:user60542
2023-06-22 21:38:00,814 [Time-limited test] INFO  rpc.RpcClient (RpcClient.java:createBucket(686)) - Creating Bucket: volume74916/bucket93767, with bucket layout FILE_SYSTEM_OPTIMIZED, runner as owner, Versioning false, Storage Type set to DISK and Encryption set to false, Replication Type set to server-side default replication type, Namespace Quota set to -1, Space Quota set to -1 
2023-06-22 21:38:00,814 [IPC Server handler 1 on default port 15057] INFO  bucket.OMBucketCreateRequest (OMBucketCreateRequest.java:validateAndUpdateCache(270)) - created bucket: bucket93767 of layout FILE_SYSTEM_OPTIMIZED in volume: volume74916
]]></system-out>
  </testcase>
  <testcase name="testBucketDefaultsShouldBeInheritedToFileForEC" classname="TestRootedOzoneFileSystemWithFSO" time="0.234">
    <system-out><![CDATA[2023-06-22 21:36:45,316 [Time-limited test] INFO  rpc.RpcClient (RpcClient.java:createVolume(459)) - Creating Volume: volume83899, with user39626 as owner and space quota set to -1 bytes, counts quota set to -1
2023-06-22 21:36:45,319 [OM StateMachine ApplyTransaction Thread - 0] INFO  volume.OMVolumeCreateRequest (OMVolumeCreateRequest.java:validateAndUpdateCache(196)) - created volume:volume83899 for user:user39626
2023-06-22 21:36:45,321 [Time-limited test] INFO  rpc.RpcClient (RpcClient.java:createBucket(686)) - Creating Bucket: volume83899/bucket84280, with bucket layout FILE_SYSTEM_OPTIMIZED, runner as owner, Versioning false, Storage Type set to DISK and Encryption set to false, Replication Type set to server-side default replication type, Namespace Quota set to -1, Space Quota set to -1 
2023-06-22 21:36:45,322 [OM StateMachine ApplyTransaction Thread - 0] INFO  bucket.OMBucketCreateRequest (OMBucketCreateRequest.java:validateAndUpdateCache(270)) - created bucket: bucket84280 of layout FILE_SYSTEM_OPTIMIZED in volume: volume83899
2023-06-22 21:36:45,334 [Time-limited test] INFO  rpc.RpcClient (RpcClient.java:createVolume(459)) - Creating Volume: 6779c0d1-aaea-48bf-8bc8-112d9bcf1ad2, with user55756 as owner and space quota set to -1 bytes, counts quota set to -1
2023-06-22 21:36:45,336 [OM StateMachine ApplyTransaction Thread - 0] INFO  volume.OMVolumeCreateRequest (OMVolumeCreateRequest.java:validateAndUpdateCache(196)) - created volume:6779c0d1-aaea-48bf-8bc8-112d9bcf1ad2 for user:user55756
2023-06-22 21:36:45,337 [Time-limited test] INFO  rpc.RpcClient (RpcClient.java:createBucket(686)) - Creating Bucket: 6779c0d1-aaea-48bf-8bc8-112d9bcf1ad2/8734dfb4-a226-4905-9cec-168a58c65384, with bucket layout LEGACY, runner as owner, Versioning false, Storage Type set to DISK and Encryption set to false, Replication Type set to EC, Namespace Quota set to -1, Space Quota set to -1 
2023-06-22 21:36:45,339 [OM StateMachine ApplyTransaction Thread - 0] INFO  bucket.OMBucketCreateRequest (OMBucketCreateRequest.java:validateAndUpdateCache(270)) - created bucket: 8734dfb4-a226-4905-9cec-168a58c65384 of layout LEGACY in volume: 6779c0d1-aaea-48bf-8bc8-112d9bcf1ad2
2023-06-22 21:36:45,344 [IPC Server handler 16 on default port 15001] INFO  pipeline.PipelineStateManagerImpl (PipelineStateManagerImpl.java:addPipeline(103)) - Created pipeline Pipeline[ Id: dcfdfa5b-10bd-48ea-97b7-01540949d1cf, Nodes: 470642db-8038-41e5-a5f3-81d987be2f99(fv-az504-135/10.1.1.69)4917f783-1696-4d8b-b9da-38da8f9791cf(fv-az504-135/10.1.1.69)45e724c1-f4a6-4405-a7cb-dfa9f2e55867(fv-az504-135/10.1.1.69)84a824f3-7f5d-4f33-8f93-63e849b7c227(fv-az504-135/10.1.1.69)e93313c7-0cf0-4fbd-b335-d67d16700e0a(fv-az504-135/10.1.1.69), ReplicationConfig: EC{rs-3-2-1024k}, State:ALLOCATED, leaderId:, CreationTimestamp2023-06-22T21:36:45.344Z[Etc/UTC]].
2023-06-22 21:36:45,345 [IPC Server handler 16 on default port 15001] INFO  pipeline.PipelineManagerImpl (PipelineManagerImpl.java:openPipeline(367)) - Pipeline Pipeline[ Id: dcfdfa5b-10bd-48ea-97b7-01540949d1cf, Nodes: 470642db-8038-41e5-a5f3-81d987be2f99(fv-az504-135/10.1.1.69)4917f783-1696-4d8b-b9da-38da8f9791cf(fv-az504-135/10.1.1.69)45e724c1-f4a6-4405-a7cb-dfa9f2e55867(fv-az504-135/10.1.1.69)84a824f3-7f5d-4f33-8f93-63e849b7c227(fv-az504-135/10.1.1.69)e93313c7-0cf0-4fbd-b335-d67d16700e0a(fv-az504-135/10.1.1.69), ReplicationConfig: EC{rs-3-2-1024k}, State:ALLOCATED, leaderId:, CreationTimestamp2023-06-22T21:36:45.344Z[Etc/UTC]] moved to OPEN state
2023-06-22 21:36:45,528 [IPC Server handler 10 on default port 15001] WARN  node.SCMNodeManager (SCMNodeManager.java:getNodesByAddress(1377)) - Cannot find node for address 127.0.0.1
]]></system-out>
  </testcase>
  <testcase name="testBucketDefaultsShouldBeInheritedToFileForEC" classname="TestRootedOzoneFileSystemWithFSO" time="0.21">
    <system-out><![CDATA[2023-06-22 21:38:00,847 [Time-limited test] INFO  rpc.RpcClient (RpcClient.java:createVolume(459)) - Creating Volume: volume31377, with user78053 as owner and space quota set to -1 bytes, counts quota set to -1
2023-06-22 21:38:00,848 [IPC Server handler 9 on default port 15057] INFO  volume.OMVolumeCreateRequest (OMVolumeCreateRequest.java:validateAndUpdateCache(196)) - created volume:volume31377 for user:user78053
2023-06-22 21:38:00,849 [Time-limited test] INFO  rpc.RpcClient (RpcClient.java:createBucket(686)) - Creating Bucket: volume31377/bucket95532, with bucket layout FILE_SYSTEM_OPTIMIZED, runner as owner, Versioning false, Storage Type set to DISK and Encryption set to false, Replication Type set to server-side default replication type, Namespace Quota set to -1, Space Quota set to -1 
2023-06-22 21:38:00,850 [IPC Server handler 5 on default port 15057] INFO  bucket.OMBucketCreateRequest (OMBucketCreateRequest.java:validateAndUpdateCache(270)) - created bucket: bucket95532 of layout FILE_SYSTEM_OPTIMIZED in volume: volume31377
2023-06-22 21:38:00,864 [Time-limited test] INFO  rpc.RpcClient (RpcClient.java:createVolume(459)) - Creating Volume: f1d48caa-333a-4b28-9d9e-93516ce35dfa, with user37055 as owner and space quota set to -1 bytes, counts quota set to -1
2023-06-22 21:38:00,865 [IPC Server handler 11 on default port 15057] INFO  volume.OMVolumeCreateRequest (OMVolumeCreateRequest.java:validateAndUpdateCache(196)) - created volume:f1d48caa-333a-4b28-9d9e-93516ce35dfa for user:user37055
2023-06-22 21:38:00,867 [Time-limited test] INFO  rpc.RpcClient (RpcClient.java:createBucket(686)) - Creating Bucket: f1d48caa-333a-4b28-9d9e-93516ce35dfa/5ee5f0cd-22bd-4f7f-b068-97072c4cbbb7, with bucket layout LEGACY, runner as owner, Versioning false, Storage Type set to DISK and Encryption set to false, Replication Type set to EC, Namespace Quota set to -1, Space Quota set to -1 
2023-06-22 21:38:00,868 [IPC Server handler 4 on default port 15057] INFO  bucket.OMBucketCreateRequest (OMBucketCreateRequest.java:validateAndUpdateCache(270)) - created bucket: 5ee5f0cd-22bd-4f7f-b068-97072c4cbbb7 of layout LEGACY in volume: f1d48caa-333a-4b28-9d9e-93516ce35dfa
2023-06-22 21:38:00,880 [IPC Server handler 5 on default port 15054] INFO  pipeline.PipelineStateManagerImpl (PipelineStateManagerImpl.java:addPipeline(103)) - Created pipeline Pipeline[ Id: 4cb62a85-765b-4f93-b1ed-bdbeff1a7aa5, Nodes: 93c05b65-1d47-44de-af22-274bc9e484bb(fv-az504-135/10.1.1.69)f1abb7db-c3af-437a-bde0-e7e35204823b(fv-az504-135/10.1.1.69)65b54071-31d6-4bc0-82c0-f363a9aa9754(fv-az504-135/10.1.1.69)599df4a6-6b73-4cda-a21a-cae0798e8b5d(fv-az504-135/10.1.1.69)8f15a801-56b9-4d07-a63b-fddd9ee2c994(fv-az504-135/10.1.1.69), ReplicationConfig: EC{rs-3-2-1024k}, State:ALLOCATED, leaderId:, CreationTimestamp2023-06-22T21:38:00.879Z[Etc/UTC]].
2023-06-22 21:38:00,880 [IPC Server handler 5 on default port 15054] INFO  pipeline.PipelineManagerImpl (PipelineManagerImpl.java:openPipeline(367)) - Pipeline Pipeline[ Id: 4cb62a85-765b-4f93-b1ed-bdbeff1a7aa5, Nodes: 93c05b65-1d47-44de-af22-274bc9e484bb(fv-az504-135/10.1.1.69)f1abb7db-c3af-437a-bde0-e7e35204823b(fv-az504-135/10.1.1.69)65b54071-31d6-4bc0-82c0-f363a9aa9754(fv-az504-135/10.1.1.69)599df4a6-6b73-4cda-a21a-cae0798e8b5d(fv-az504-135/10.1.1.69)8f15a801-56b9-4d07-a63b-fddd9ee2c994(fv-az504-135/10.1.1.69), ReplicationConfig: EC{rs-3-2-1024k}, State:ALLOCATED, leaderId:, CreationTimestamp2023-06-22T21:38:00.879Z[Etc/UTC]] moved to OPEN state
2023-06-22 21:38:01,036 [IPC Server handler 1 on default port 15054] WARN  node.SCMNodeManager (SCMNodeManager.java:getNodesByAddress(1377)) - Cannot find node for address 127.0.0.1
]]></system-out>
  </testcase>
  <testcase name="testListStatusInBucket" classname="TestRootedOzoneFileSystemWithFSO" time="0.045">
    <system-out><![CDATA[2023-06-22 21:36:45,552 [Time-limited test] INFO  rpc.RpcClient (RpcClient.java:createVolume(459)) - Creating Volume: volume26590, with user62581 as owner and space quota set to -1 bytes, counts quota set to -1
2023-06-22 21:36:45,554 [OM StateMachine ApplyTransaction Thread - 0] INFO  volume.OMVolumeCreateRequest (OMVolumeCreateRequest.java:validateAndUpdateCache(196)) - created volume:volume26590 for user:user62581
2023-06-22 21:36:45,558 [Time-limited test] INFO  rpc.RpcClient (RpcClient.java:createBucket(686)) - Creating Bucket: volume26590/bucket73425, with bucket layout FILE_SYSTEM_OPTIMIZED, runner as owner, Versioning false, Storage Type set to DISK and Encryption set to false, Replication Type set to server-side default replication type, Namespace Quota set to -1, Space Quota set to -1 
2023-06-22 21:36:45,560 [OM StateMachine ApplyTransaction Thread - 0] INFO  bucket.OMBucketCreateRequest (OMBucketCreateRequest.java:validateAndUpdateCache(270)) - created bucket: bucket73425 of layout FILE_SYSTEM_OPTIMIZED in volume: volume26590
]]></system-out>
  </testcase>
  <testcase name="testListStatusInBucket" classname="TestRootedOzoneFileSystemWithFSO" time="0.049">
    <system-out><![CDATA[2023-06-22 21:38:01,061 [Time-limited test] INFO  rpc.RpcClient (RpcClient.java:createVolume(459)) - Creating Volume: volume50350, with user30355 as owner and space quota set to -1 bytes, counts quota set to -1
2023-06-22 21:38:01,062 [IPC Server handler 14 on default port 15057] INFO  volume.OMVolumeCreateRequest (OMVolumeCreateRequest.java:validateAndUpdateCache(196)) - created volume:volume50350 for user:user30355
2023-06-22 21:38:01,064 [Time-limited test] INFO  rpc.RpcClient (RpcClient.java:createBucket(686)) - Creating Bucket: volume50350/bucket52471, with bucket layout FILE_SYSTEM_OPTIMIZED, runner as owner, Versioning false, Storage Type set to DISK and Encryption set to false, Replication Type set to server-side default replication type, Namespace Quota set to -1, Space Quota set to -1 
2023-06-22 21:38:01,065 [IPC Server handler 15 on default port 15057] INFO  bucket.OMBucketCreateRequest (OMBucketCreateRequest.java:validateAndUpdateCache(270)) - created bucket: bucket52471 of layout FILE_SYSTEM_OPTIMIZED in volume: volume50350
]]></system-out>
  </testcase>
  <testcase name="testRenameFileToDir" classname="TestRootedOzoneFileSystemWithFSO" time="0.053">
    <system-out><![CDATA[2023-06-22 21:36:45,604 [Time-limited test] INFO  rpc.RpcClient (RpcClient.java:createVolume(459)) - Creating Volume: volume24225, with user94435 as owner and space quota set to -1 bytes, counts quota set to -1
2023-06-22 21:36:45,606 [OM StateMachine ApplyTransaction Thread - 0] INFO  volume.OMVolumeCreateRequest (OMVolumeCreateRequest.java:validateAndUpdateCache(196)) - created volume:volume24225 for user:user94435
2023-06-22 21:36:45,607 [Time-limited test] INFO  rpc.RpcClient (RpcClient.java:createBucket(686)) - Creating Bucket: volume24225/bucket17635, with bucket layout FILE_SYSTEM_OPTIMIZED, runner as owner, Versioning false, Storage Type set to DISK and Encryption set to false, Replication Type set to server-side default replication type, Namespace Quota set to -1, Space Quota set to -1 
2023-06-22 21:36:45,608 [OM StateMachine ApplyTransaction Thread - 0] INFO  bucket.OMBucketCreateRequest (OMBucketCreateRequest.java:validateAndUpdateCache(270)) - created bucket: bucket17635 of layout FILE_SYSTEM_OPTIMIZED in volume: volume24225
]]></system-out>
  </testcase>
  <testcase name="testRenameFileToDir" classname="TestRootedOzoneFileSystemWithFSO" time="0.042">
    <system-out><![CDATA[2023-06-22 21:38:01,109 [Time-limited test] INFO  rpc.RpcClient (RpcClient.java:createVolume(459)) - Creating Volume: volume15710, with user71960 as owner and space quota set to -1 bytes, counts quota set to -1
2023-06-22 21:38:01,112 [IPC Server handler 0 on default port 15057] INFO  volume.OMVolumeCreateRequest (OMVolumeCreateRequest.java:validateAndUpdateCache(196)) - created volume:volume15710 for user:user71960
2023-06-22 21:38:01,113 [Time-limited test] INFO  rpc.RpcClient (RpcClient.java:createBucket(686)) - Creating Bucket: volume15710/bucket40179, with bucket layout FILE_SYSTEM_OPTIMIZED, runner as owner, Versioning false, Storage Type set to DISK and Encryption set to false, Replication Type set to server-side default replication type, Namespace Quota set to -1, Space Quota set to -1 
2023-06-22 21:38:01,113 [IPC Server handler 2 on default port 15057] INFO  bucket.OMBucketCreateRequest (OMBucketCreateRequest.java:validateAndUpdateCache(270)) - created bucket: bucket40179 of layout FILE_SYSTEM_OPTIMIZED in volume: volume15710
]]></system-out>
  </testcase>
  <testcase name="testListStatusWithIntermediateDirWithECEnabled" classname="TestRootedOzoneFileSystemWithFSO" time="0.206">
    <system-out><![CDATA[2023-06-22 21:36:45,653 [Time-limited test] INFO  rpc.RpcClient (RpcClient.java:createVolume(459)) - Creating Volume: volume04771, with user03017 as owner and space quota set to -1 bytes, counts quota set to -1
2023-06-22 21:36:45,654 [OM StateMachine ApplyTransaction Thread - 0] INFO  volume.OMVolumeCreateRequest (OMVolumeCreateRequest.java:validateAndUpdateCache(196)) - created volume:volume04771 for user:user03017
2023-06-22 21:36:45,655 [Time-limited test] INFO  rpc.RpcClient (RpcClient.java:createBucket(686)) - Creating Bucket: volume04771/bucket74482, with bucket layout FILE_SYSTEM_OPTIMIZED, runner as owner, Versioning false, Storage Type set to DISK and Encryption set to false, Replication Type set to server-side default replication type, Namespace Quota set to -1, Space Quota set to -1 
2023-06-22 21:36:45,657 [OM StateMachine ApplyTransaction Thread - 0] INFO  bucket.OMBucketCreateRequest (OMBucketCreateRequest.java:validateAndUpdateCache(270)) - created bucket: bucket74482 of layout FILE_SYSTEM_OPTIMIZED in volume: volume04771
2023-06-22 21:36:45,661 [IPC Server handler 0 on default port 15001] INFO  pipeline.PipelineStateManagerImpl (PipelineStateManagerImpl.java:addPipeline(103)) - Created pipeline Pipeline[ Id: cb4c68bf-c530-48d2-8a73-64fa7fdf3842, Nodes: e93313c7-0cf0-4fbd-b335-d67d16700e0a(fv-az504-135/10.1.1.69)84a824f3-7f5d-4f33-8f93-63e849b7c227(fv-az504-135/10.1.1.69)45e724c1-f4a6-4405-a7cb-dfa9f2e55867(fv-az504-135/10.1.1.69)4917f783-1696-4d8b-b9da-38da8f9791cf(fv-az504-135/10.1.1.69)470642db-8038-41e5-a5f3-81d987be2f99(fv-az504-135/10.1.1.69), ReplicationConfig: EC{rs-3-2-1024k}, State:ALLOCATED, leaderId:, CreationTimestamp2023-06-22T21:36:45.661Z[Etc/UTC]].
2023-06-22 21:36:45,662 [IPC Server handler 0 on default port 15001] INFO  pipeline.PipelineManagerImpl (PipelineManagerImpl.java:openPipeline(367)) - Pipeline Pipeline[ Id: cb4c68bf-c530-48d2-8a73-64fa7fdf3842, Nodes: e93313c7-0cf0-4fbd-b335-d67d16700e0a(fv-az504-135/10.1.1.69)84a824f3-7f5d-4f33-8f93-63e849b7c227(fv-az504-135/10.1.1.69)45e724c1-f4a6-4405-a7cb-dfa9f2e55867(fv-az504-135/10.1.1.69)4917f783-1696-4d8b-b9da-38da8f9791cf(fv-az504-135/10.1.1.69)470642db-8038-41e5-a5f3-81d987be2f99(fv-az504-135/10.1.1.69), ReplicationConfig: EC{rs-3-2-1024k}, State:ALLOCATED, leaderId:, CreationTimestamp2023-06-22T21:36:45.661Z[Etc/UTC]] moved to OPEN state
]]></system-out>
  </testcase>
  <testcase name="testListStatusWithIntermediateDirWithECEnabled" classname="TestRootedOzoneFileSystemWithFSO" time="0.165">
    <system-out><![CDATA[2023-06-22 21:38:01,157 [Time-limited test] INFO  rpc.RpcClient (RpcClient.java:createVolume(459)) - Creating Volume: volume71499, with user74099 as owner and space quota set to -1 bytes, counts quota set to -1
2023-06-22 21:38:01,158 [IPC Server handler 9 on default port 15057] INFO  volume.OMVolumeCreateRequest (OMVolumeCreateRequest.java:validateAndUpdateCache(196)) - created volume:volume71499 for user:user74099
2023-06-22 21:38:01,160 [Time-limited test] INFO  rpc.RpcClient (RpcClient.java:createBucket(686)) - Creating Bucket: volume71499/bucket76970, with bucket layout FILE_SYSTEM_OPTIMIZED, runner as owner, Versioning false, Storage Type set to DISK and Encryption set to false, Replication Type set to server-side default replication type, Namespace Quota set to -1, Space Quota set to -1 
2023-06-22 21:38:01,160 [IPC Server handler 5 on default port 15057] INFO  bucket.OMBucketCreateRequest (OMBucketCreateRequest.java:validateAndUpdateCache(270)) - created bucket: bucket76970 of layout FILE_SYSTEM_OPTIMIZED in volume: volume71499
2023-06-22 21:38:01,164 [IPC Server handler 4 on default port 15054] INFO  pipeline.PipelineStateManagerImpl (PipelineStateManagerImpl.java:addPipeline(103)) - Created pipeline Pipeline[ Id: f1fa0f7e-1ac4-41fd-b04b-e58c07d13b53, Nodes: 8f15a801-56b9-4d07-a63b-fddd9ee2c994(fv-az504-135/10.1.1.69)f1abb7db-c3af-437a-bde0-e7e35204823b(fv-az504-135/10.1.1.69)65b54071-31d6-4bc0-82c0-f363a9aa9754(fv-az504-135/10.1.1.69)93c05b65-1d47-44de-af22-274bc9e484bb(fv-az504-135/10.1.1.69)599df4a6-6b73-4cda-a21a-cae0798e8b5d(fv-az504-135/10.1.1.69), ReplicationConfig: EC{rs-3-2-1024k}, State:ALLOCATED, leaderId:, CreationTimestamp2023-06-22T21:38:01.163Z[Etc/UTC]].
2023-06-22 21:38:01,164 [IPC Server handler 4 on default port 15054] INFO  pipeline.PipelineManagerImpl (PipelineManagerImpl.java:openPipeline(367)) - Pipeline Pipeline[ Id: f1fa0f7e-1ac4-41fd-b04b-e58c07d13b53, Nodes: 8f15a801-56b9-4d07-a63b-fddd9ee2c994(fv-az504-135/10.1.1.69)f1abb7db-c3af-437a-bde0-e7e35204823b(fv-az504-135/10.1.1.69)65b54071-31d6-4bc0-82c0-f363a9aa9754(fv-az504-135/10.1.1.69)93c05b65-1d47-44de-af22-274bc9e484bb(fv-az504-135/10.1.1.69)599df4a6-6b73-4cda-a21a-cae0798e8b5d(fv-az504-135/10.1.1.69), ReplicationConfig: EC{rs-3-2-1024k}, State:ALLOCATED, leaderId:, CreationTimestamp2023-06-22T21:38:01.163Z[Etc/UTC]] moved to OPEN state
]]></system-out>
  </testcase>
  <testcase name="testSetTimes" classname="TestRootedOzoneFileSystemWithFSO" time="0.157">
    <system-out><![CDATA[2023-06-22 21:36:45,855 [Time-limited test] INFO  rpc.RpcClient (RpcClient.java:createVolume(459)) - Creating Volume: volume93672, with user49757 as owner and space quota set to -1 bytes, counts quota set to -1
2023-06-22 21:36:45,856 [OM StateMachine ApplyTransaction Thread - 0] INFO  volume.OMVolumeCreateRequest (OMVolumeCreateRequest.java:validateAndUpdateCache(196)) - created volume:volume93672 for user:user49757
2023-06-22 21:36:45,857 [Time-limited test] INFO  rpc.RpcClient (RpcClient.java:createBucket(686)) - Creating Bucket: volume93672/bucket50281, with bucket layout FILE_SYSTEM_OPTIMIZED, runner as owner, Versioning false, Storage Type set to DISK and Encryption set to false, Replication Type set to server-side default replication type, Namespace Quota set to -1, Space Quota set to -1 
2023-06-22 21:36:45,858 [OM StateMachine ApplyTransaction Thread - 0] INFO  bucket.OMBucketCreateRequest (OMBucketCreateRequest.java:validateAndUpdateCache(270)) - created bucket: bucket50281 of layout FILE_SYSTEM_OPTIMIZED in volume: volume93672
2023-06-22 21:36:45,871 [Time-limited test] INFO  rpc.RpcClient (RpcClient.java:createVolume(459)) - Creating Volume: volume66606, with user62127 as owner and space quota set to -1 bytes, counts quota set to -1
2023-06-22 21:36:45,873 [OM StateMachine ApplyTransaction Thread - 0] INFO  volume.OMVolumeCreateRequest (OMVolumeCreateRequest.java:validateAndUpdateCache(196)) - created volume:volume66606 for user:user62127
2023-06-22 21:36:45,875 [Time-limited test] INFO  rpc.RpcClient (RpcClient.java:createBucket(686)) - Creating Bucket: volume66606/bucket89946, with bucket layout FILE_SYSTEM_OPTIMIZED, runner as owner, Versioning false, Storage Type set to DISK and Encryption set to false, Replication Type set to server-side default replication type, Namespace Quota set to -1, Space Quota set to -1 
2023-06-22 21:36:45,900 [OM StateMachine ApplyTransaction Thread - 0] INFO  bucket.OMBucketCreateRequest (OMBucketCreateRequest.java:validateAndUpdateCache(270)) - created bucket: bucket89946 of layout FILE_SYSTEM_OPTIMIZED in volume: volume66606
]]></system-out>
  </testcase>
  <testcase name="testSetTimes" classname="TestRootedOzoneFileSystemWithFSO" time="0.12">
    <system-out><![CDATA[2023-06-22 21:38:01,315 [Time-limited test] INFO  rpc.RpcClient (RpcClient.java:createVolume(459)) - Creating Volume: volume03337, with user65196 as owner and space quota set to -1 bytes, counts quota set to -1
2023-06-22 21:38:01,316 [IPC Server handler 18 on default port 15057] INFO  volume.OMVolumeCreateRequest (OMVolumeCreateRequest.java:validateAndUpdateCache(196)) - created volume:volume03337 for user:user65196
2023-06-22 21:38:01,317 [Time-limited test] INFO  rpc.RpcClient (RpcClient.java:createBucket(686)) - Creating Bucket: volume03337/bucket92125, with bucket layout FILE_SYSTEM_OPTIMIZED, runner as owner, Versioning false, Storage Type set to DISK and Encryption set to false, Replication Type set to server-side default replication type, Namespace Quota set to -1, Space Quota set to -1 
2023-06-22 21:38:01,318 [IPC Server handler 17 on default port 15057] INFO  bucket.OMBucketCreateRequest (OMBucketCreateRequest.java:validateAndUpdateCache(270)) - created bucket: bucket92125 of layout FILE_SYSTEM_OPTIMIZED in volume: volume03337
2023-06-22 21:38:01,336 [Time-limited test] INFO  rpc.RpcClient (RpcClient.java:createVolume(459)) - Creating Volume: volume31976, with user63775 as owner and space quota set to -1 bytes, counts quota set to -1
2023-06-22 21:38:01,337 [IPC Server handler 8 on default port 15057] INFO  volume.OMVolumeCreateRequest (OMVolumeCreateRequest.java:validateAndUpdateCache(196)) - created volume:volume31976 for user:user63775
2023-06-22 21:38:01,338 [Time-limited test] INFO  rpc.RpcClient (RpcClient.java:createBucket(686)) - Creating Bucket: volume31976/bucket02944, with bucket layout FILE_SYSTEM_OPTIMIZED, runner as owner, Versioning false, Storage Type set to DISK and Encryption set to false, Replication Type set to server-side default replication type, Namespace Quota set to -1, Space Quota set to -1 
2023-06-22 21:38:01,338 [IPC Server handler 9 on default port 15057] INFO  bucket.OMBucketCreateRequest (OMBucketCreateRequest.java:validateAndUpdateCache(270)) - created bucket: bucket02944 of layout FILE_SYSTEM_OPTIMIZED in volume: volume31976
]]></system-out>
  </testcase>
</testsuite>